{"target": 0.44493563459713714, "params": {"max_depth": 4.383214995674795, "n_estimators": 106.87449354207565}, "datetime": {"datetime": "2021-09-24 10:56:15", "elapsed": 133.865247, "delta": 0.989865}}
{"target": 0.4511530760652155, "params": {"max_depth": 3.154842503350573, "n_estimators": 105.3808579468265}, "datetime": {"datetime": "2021-09-24 10:56:16", "elapsed": 134.748294, "delta": 0.883047}}
{"target": 0.4505344875465138, "params": {"max_depth": 3.1757429464515585, "n_estimators": 153.2365462075192}, "datetime": {"datetime": "2021-09-24 10:56:18", "elapsed": 135.976807, "delta": 1.228513}}
{"target": 0.43985093036510503, "params": {"max_depth": 2.0707026478681856, "n_estimators": 153.51561844850596}, "datetime": {"datetime": "2021-09-24 10:56:19", "elapsed": 137.020805, "delta": 1.043998}}
{"target": 0.4507926476729339, "params": {"max_depth": 3.9084372750672385, "n_estimators": 152.4718694919211}, "datetime": {"datetime": "2021-09-24 10:56:20", "elapsed": 138.289066, "delta": 1.268261}}
{"target": 0.4456972647536417, "params": {"max_depth": 4.206709322107324, "n_estimators": 108.91140774432941}, "datetime": {"datetime": "2021-09-24 10:56:21", "elapsed": 139.411066, "delta": 1.122}}
{"target": 0.4458239673238581, "params": {"max_depth": 4.567233819963496, "n_estimators": 173.53470452980258}, "datetime": {"datetime": "2021-09-24 10:56:22", "elapsed": 140.786224, "delta": 1.375158}}
{"target": 0.44326352629059584, "params": {"max_depth": 4.3013559521075155, "n_estimators": 195.09069229683274}, "datetime": {"datetime": "2021-09-24 10:56:24", "elapsed": 142.105186, "delta": 1.318962}}
{"target": 0.43987646738171693, "params": {"max_depth": 2.088454834895934, "n_estimators": 135.1175317496948}, "datetime": {"datetime": "2021-09-24 10:56:25", "elapsed": 143.170053, "delta": 1.064867}}
{"target": 0.4407116034381404, "params": {"max_depth": 2.152476894988875, "n_estimators": 102.45128256815259}, "datetime": {"datetime": "2021-09-24 10:56:26", "elapsed": 144.228173, "delta": 1.05812}}
{"target": 0.4502095477687349, "params": {"max_depth": 3.279467337138881, "n_estimators": 185.08094618850362}, "datetime": {"datetime": "2021-09-24 10:56:27", "elapsed": 145.336178, "delta": 1.108005}}
{"target": 0.4515328552667447, "params": {"max_depth": 3.137400991938699, "n_estimators": 106.71005743936271}, "datetime": {"datetime": "2021-09-24 10:56:28", "elapsed": 146.482649, "delta": 1.146471}}
{"target": 0.43944442968420394, "params": {"max_depth": 5.3049112861057415, "n_estimators": 100.0}, "datetime": {"datetime": "2021-09-24 10:56:29", "elapsed": 147.486629, "delta": 1.00398}}
{"target": 0.44326445443980456, "params": {"max_depth": 4.641961530508633, "n_estimators": 121.1601572059727}, "datetime": {"datetime": "2021-09-24 10:56:30", "elapsed": 148.740339, "delta": 1.25371}}
{"target": 0.4513388212409515, "params": {"max_depth": 3.716948309220394, "n_estimators": 159.41309179055006}, "datetime": {"datetime": "2021-09-24 10:56:32", "elapsed": 149.94759, "delta": 1.207251}}
{"target": 0.44994475113854604, "params": {"max_depth": 3.291026322310445, "n_estimators": 148.6135167087105}, "datetime": {"datetime": "2021-09-24 10:56:32", "elapsed": 150.86359, "delta": 0.916}}
{"target": 0.4530841257439192, "params": {"max_depth": 3.9612377239840564, "n_estimators": 165.6257519333152}, "datetime": {"datetime": "2021-09-24 10:56:34", "elapsed": 152.150713, "delta": 1.287123}}
{"target": 0.4519432631999132, "params": {"max_depth": 3.2103618752500402, "n_estimators": 103.89134351365753}, "datetime": {"datetime": "2021-09-24 10:56:35", "elapsed": 153.232121, "delta": 1.081408}}
{"target": 0.45096760147344184, "params": {"max_depth": 3.5625476395788436, "n_estimators": 176.66409112724193}, "datetime": {"datetime": "2021-09-24 10:56:36", "elapsed": 154.339344, "delta": 1.107223}}
{"target": 0.4510297452031633, "params": {"max_depth": 3.5522558246452207, "n_estimators": 112.16018293889057}, "datetime": {"datetime": "2021-09-24 10:56:37", "elapsed": 155.388337, "delta": 1.048993}}
{"target": 0.45042031049091, "params": {"max_depth": 3.2230168777079955, "n_estimators": 180.0057772352654}, "datetime": {"datetime": "2021-09-24 10:56:38", "elapsed": 156.90186, "delta": 1.513523}}
{"target": 0.4490575210837682, "params": {"max_depth": 3.3558475725759456, "n_estimators": 119.27514852795292}, "datetime": {"datetime": "2021-09-24 10:56:39", "elapsed": 157.830042, "delta": 0.928182}}
{"target": 0.4440650258320976, "params": {"max_depth": 4.387599844453294, "n_estimators": 193.70452522052682}, "datetime": {"datetime": "2021-09-24 10:56:41", "elapsed": 159.189207, "delta": 1.359165}}
{"target": 0.45202667099082683, "params": {"max_depth": 3.5162860987888633, "n_estimators": 101.10436088240314}, "datetime": {"datetime": "2021-09-24 10:56:42", "elapsed": 160.240739, "delta": 1.051532}}
{"target": 0.45202667099082683, "params": {"max_depth": 3.3657249090778576, "n_estimators": 101.98650053006719}, "datetime": {"datetime": "2021-09-24 10:56:43", "elapsed": 161.165741, "delta": 0.925002}}
{"target": 0.450945711990261, "params": {"max_depth": 3.0753179451025927, "n_estimators": 177.41304179881445}, "datetime": {"datetime": "2021-09-24 10:56:44", "elapsed": 162.511388, "delta": 1.345647}}
{"target": 0.45239951037077886, "params": {"max_depth": 3.1261525525678984, "n_estimators": 167.19032780811648}, "datetime": {"datetime": "2021-09-24 10:56:45", "elapsed": 163.673835, "delta": 1.162447}}
{"target": 0.4481168282830962, "params": {"max_depth": 3.307789800931575, "n_estimators": 126.00766905480859}, "datetime": {"datetime": "2021-09-24 10:56:46", "elapsed": 164.812041, "delta": 1.138206}}
{"target": 0.40216105220374954, "params": {"max_depth": 8.0, "n_estimators": 181.36133806150488}, "datetime": {"datetime": "2021-09-24 10:56:48", "elapsed": 166.217182, "delta": 1.405141}}
{"target": 0.45025697689917066, "params": {"max_depth": 3.326492156217845, "n_estimators": 149.9268822821533}, "datetime": {"datetime": "2021-09-24 10:56:49", "elapsed": 167.333619, "delta": 1.116437}}
{"target": 0.44464932293955517, "params": {"max_depth": 4.559638074678239, "n_estimators": 115.7886597540051}, "datetime": {"datetime": "2021-09-24 10:56:51", "elapsed": 169.050332, "delta": 1.716713}}
{"target": 0.4527583449116386, "params": {"max_depth": 3.8682721907365667, "n_estimators": 164.38613414925396}, "datetime": {"datetime": "2021-09-24 10:56:53", "elapsed": 171.003717, "delta": 1.953385}}
{"target": 0.4496723213957786, "params": {"max_depth": 3.5440224976613655, "n_estimators": 131.1522477812816}, "datetime": {"datetime": "2021-09-24 10:56:54", "elapsed": 172.881472, "delta": 1.877755}}
{"target": 0.4485513353101279, "params": {"max_depth": 3.6303930652893053, "n_estimators": 130.11021433326192}, "datetime": {"datetime": "2021-09-24 10:56:56", "elapsed": 174.008783, "delta": 1.127311}}
{"target": 0.4517337870379029, "params": {"max_depth": 3.4348657986003044, "n_estimators": 135.16444555499083}, "datetime": {"datetime": "2021-09-24 10:56:57", "elapsed": 175.39506, "delta": 1.386277}}
{"target": 0.4508144595216431, "params": {"max_depth": 3.4592741582854902, "n_estimators": 184.1089734328319}, "datetime": {"datetime": "2021-09-24 10:56:59", "elapsed": 176.967292, "delta": 1.572232}}
{"target": 0.451603563895288, "params": {"max_depth": 3.147393941096448, "n_estimators": 111.38150247856187}, "datetime": {"datetime": "2021-09-24 10:57:00", "elapsed": 178.006282, "delta": 1.03899}}
{"target": 0.4492633359346204, "params": {"max_depth": 3.487585139229358, "n_estimators": 120.30793504165304}, "datetime": {"datetime": "2021-09-24 10:57:01", "elapsed": 179.416282, "delta": 1.41}}
{"target": 0.45020293924517296, "params": {"max_depth": 3.8800684139891786, "n_estimators": 187.28640911997923}, "datetime": {"datetime": "2021-09-24 10:57:03", "elapsed": 181.392284, "delta": 1.976002}}
{"target": 0.4530841257439192, "params": {"max_depth": 3.838807341394496, "n_estimators": 165.11722405155686}, "datetime": {"datetime": "2021-09-24 10:57:05", "elapsed": 183.014338, "delta": 1.622054}}
{"target": 0.4518841400045197, "params": {"max_depth": 3.7911620359188314, "n_estimators": 139.27274221102675}, "datetime": {"datetime": "2021-09-24 10:57:06", "elapsed": 184.416341, "delta": 1.402003}}
{"target": 0.4496058621402973, "params": {"max_depth": 3.2452733626017043, "n_estimators": 117.00334776284828}, "datetime": {"datetime": "2021-09-24 10:57:07", "elapsed": 185.597339, "delta": 1.180998}}
{"target": 0.4510991044085314, "params": {"max_depth": 3.1517308413924776, "n_estimators": 158.9757210338435}, "datetime": {"datetime": "2021-09-24 10:57:09", "elapsed": 186.939074, "delta": 1.341735}}
{"target": 0.45042031049091, "params": {"max_depth": 3.3535495475773884, "n_estimators": 180.99939581440893}, "datetime": {"datetime": "2021-09-24 10:57:10", "elapsed": 188.532803, "delta": 1.593729}}
{"target": 0.45053988122236555, "params": {"max_depth": 3.309234909875005, "n_estimators": 178.377691148496}, "datetime": {"datetime": "2021-09-24 10:57:12", "elapsed": 190.007917, "delta": 1.475114}}
{"target": 0.4521054354666896, "params": {"max_depth": 3.3834086208741256, "n_estimators": 169.0964092398935}, "datetime": {"datetime": "2021-09-24 10:57:13", "elapsed": 191.588323, "delta": 1.580406}}
{"target": 0.4511530760652155, "params": {"max_depth": 3.707198367669962, "n_estimators": 105.55567781933694}, "datetime": {"datetime": "2021-09-24 10:57:14", "elapsed": 192.887359, "delta": 1.299036}}
{"target": 0.4519432631999132, "params": {"max_depth": 3.5907262047809967, "n_estimators": 103.3989543769001}, "datetime": {"datetime": "2021-09-24 10:57:16", "elapsed": 194.221383, "delta": 1.334024}}
{"target": 0.4403241240905925, "params": {"max_depth": 2.999161365962959, "n_estimators": 100.0}, "datetime": {"datetime": "2021-09-24 10:57:17", "elapsed": 195.368387, "delta": 1.147004}}
{"target": 0.4462860686108254, "params": {"max_depth": 4.148249134584487, "n_estimators": 101.03559808717303}, "datetime": {"datetime": "2021-09-24 10:57:18", "elapsed": 196.566229, "delta": 1.197842}}
{"target": 0.445186606402153, "params": {"max_depth": 4.991936542111741, "n_estimators": 103.62907309330666}, "datetime": {"datetime": "2021-09-24 10:57:19", "elapsed": 197.807145, "delta": 1.240916}}
{"target": 0.4403579311606137, "params": {"max_depth": 2.948870367740371, "n_estimators": 101.34674903171411}, "datetime": {"datetime": "2021-09-24 10:57:21", "elapsed": 199.236627, "delta": 1.429482}}
{"target": 0.4227104124602006, "params": {"max_depth": 7.796663213488463, "n_estimators": 171.0744588656332}, "datetime": {"datetime": "2021-09-24 10:57:23", "elapsed": 201.371808, "delta": 2.135181}}
{"target": 0.420585964635281, "params": {"max_depth": 7.809452245756501, "n_estimators": 150.48255440972787}, "datetime": {"datetime": "2021-09-24 10:57:25", "elapsed": 203.605076, "delta": 2.233268}}
{"target": 0.4381076789823086, "params": {"max_depth": 2.4834960078673256, "n_estimators": 190.64458222254473}, "datetime": {"datetime": "2021-09-24 10:57:27", "elapsed": 205.29293, "delta": 1.687854}}
{"target": 0.4439999799510286, "params": {"max_depth": 4.437558505021933, "n_estimators": 190.79041214179173}, "datetime": {"datetime": "2021-09-24 10:57:29", "elapsed": 207.092557, "delta": 1.799627}}
{"target": 0.449959235711635, "params": {"max_depth": 3.296143012063146, "n_estimators": 193.30272485017272}, "datetime": {"datetime": "2021-09-24 10:57:30", "elapsed": 208.471887, "delta": 1.37933}}
{"target": 0.44277089782440593, "params": {"max_depth": 4.545243257657111, "n_estimators": 145.72415026150426}, "datetime": {"datetime": "2021-09-24 10:57:31", "elapsed": 209.670887, "delta": 1.199}}
{"target": 0.4039469772362948, "params": {"max_depth": 8.0, "n_estimators": 161.81140209827308}, "datetime": {"datetime": "2021-09-24 10:57:33", "elapsed": 211.879046, "delta": 2.208159}}
{"target": 0.44455907942264195, "params": {"max_depth": 4.4485120423590265, "n_estimators": 183.49863729879294}, "datetime": {"datetime": "2021-09-24 10:57:36", "elapsed": 213.938304, "delta": 2.059258}}
{"target": 0.4387052078598631, "params": {"max_depth": 2.9477022366047976, "n_estimators": 187.6538848812424}, "datetime": {"datetime": "2021-09-24 10:57:37", "elapsed": 215.831183, "delta": 1.892879}}
{"target": 0.444149240372678, "params": {"max_depth": 4.613736031865715, "n_estimators": 188.5836869987118}, "datetime": {"datetime": "2021-09-24 10:57:39", "elapsed": 217.410822, "delta": 1.579639}}
{"target": 0.44412106969171106, "params": {"max_depth": 4.165131247602022, "n_estimators": 186.28877463639816}, "datetime": {"datetime": "2021-09-24 10:57:41", "elapsed": 219.172131, "delta": 1.761309}}
{"target": 0.45089119260424937, "params": {"max_depth": 3.3608497486945845, "n_estimators": 175.22144819505195}, "datetime": {"datetime": "2021-09-24 10:57:42", "elapsed": 220.761063, "delta": 1.588932}}
{"target": 0.400174713691712, "params": {"max_depth": 8.0, "n_estimators": 143.81283246978572}, "datetime": {"datetime": "2021-09-24 10:57:44", "elapsed": 222.454823, "delta": 1.69376}}
{"target": 0.44928976661071895, "params": {"max_depth": 3.843107718393859, "n_estimators": 143.59789720718777}, "datetime": {"datetime": "2021-09-24 10:57:46", "elapsed": 224.268474, "delta": 1.813651}}
{"target": 0.45116219585186035, "params": {"max_depth": 3.486453999422149, "n_estimators": 113.28362913398884}, "datetime": {"datetime": "2021-09-24 10:57:48", "elapsed": 225.987474, "delta": 1.719}}
{"target": 0.4506611117116067, "params": {"max_depth": 3.0184180991087928, "n_estimators": 182.75385712933098}, "datetime": {"datetime": "2021-09-24 10:57:49", "elapsed": 227.71196, "delta": 1.724486}}
{"target": 0.44516346295473397, "params": {"max_depth": 4.344493352853316, "n_estimators": 113.57870158683774}, "datetime": {"datetime": "2021-09-24 10:57:51", "elapsed": 229.130304, "delta": 1.418344}}
{"target": 0.45002979177079117, "params": {"max_depth": 3.2409956178315857, "n_estimators": 121.75804646814076}, "datetime": {"datetime": "2021-09-24 10:57:52", "elapsed": 230.641082, "delta": 1.510778}}
{"target": 0.4508986371249888, "params": {"max_depth": 3.843223099822104, "n_estimators": 174.39259797275423}, "datetime": {"datetime": "2021-09-24 10:57:54", "elapsed": 232.267688, "delta": 1.626606}}
{"target": 0.44287721629551, "params": {"max_depth": 4.764020860551266, "n_estimators": 199.90594449729278}, "datetime": {"datetime": "2021-09-24 10:57:56", "elapsed": 234.012799, "delta": 1.745111}}
{"target": 0.45333852580905853, "params": {"max_depth": 3.5906853965558465, "n_estimators": 102.5246096667654}, "datetime": {"datetime": "2021-09-24 10:57:57", "elapsed": 235.154153, "delta": 1.141354}}
{"target": 0.44980729865379654, "params": {"max_depth": 3.4064930561826667, "n_estimators": 147.12350745407514}, "datetime": {"datetime": "2021-09-24 10:57:58", "elapsed": 236.415445, "delta": 1.261292}}
{"target": 0.43786678866588635, "params": {"max_depth": 2.7458264228993805, "n_estimators": 113.66300080493087}, "datetime": {"datetime": "2021-09-24 10:58:00", "elapsed": 238.268553, "delta": 1.853108}}
{"target": 0.4388324115169435, "params": {"max_depth": 2.221213413434352, "n_estimators": 110.9017108713655}, "datetime": {"datetime": "2021-09-24 10:58:01", "elapsed": 239.780804, "delta": 1.512251}}
{"target": 0.4387585239404367, "params": {"max_depth": 2.991855030295892, "n_estimators": 146.11638117497188}, "datetime": {"datetime": "2021-09-24 10:58:03", "elapsed": 241.338751, "delta": 1.557947}}
{"target": 0.4452671547154621, "params": {"max_depth": 4.938591021963805, "n_estimators": 158.14729856578293}, "datetime": {"datetime": "2021-09-24 10:58:05", "elapsed": 243.104939, "delta": 1.766188}}
{"target": 0.44928976661071895, "params": {"max_depth": 3.1528772897215003, "n_estimators": 143.95904508876393}, "datetime": {"datetime": "2021-09-24 10:58:06", "elapsed": 244.463687, "delta": 1.358748}}
{"target": 0.43843083555302265, "params": {"max_depth": 5.011650695559814, "n_estimators": 140.67915399494245}, "datetime": {"datetime": "2021-09-24 10:58:08", "elapsed": 246.141548, "delta": 1.677861}}
{"target": 0.4507926476729339, "params": {"max_depth": 3.3448968408442683, "n_estimators": 152.28034096035933}, "datetime": {"datetime": "2021-09-24 10:58:09", "elapsed": 247.781615, "delta": 1.640067}}
{"target": 0.4495927730717064, "params": {"max_depth": 3.2587367647011822, "n_estimators": 123.57303153489197}, "datetime": {"datetime": "2021-09-24 10:58:11", "elapsed": 249.046607, "delta": 1.264992}}
{"target": 0.4401049139030837, "params": {"max_depth": 5.458998797982389, "n_estimators": 171.6738960058399}, "datetime": {"datetime": "2021-09-24 10:58:12", "elapsed": 250.652699, "delta": 1.606092}}
{"target": 0.451528308064188, "params": {"max_depth": 3.6734624652218772, "n_estimators": 110.43271150305858}, "datetime": {"datetime": "2021-09-24 10:58:14", "elapsed": 251.959701, "delta": 1.307002}}
{"target": 0.4499493114494656, "params": {"max_depth": 3.1723460437457836, "n_estimators": 122.81477951168922}, "datetime": {"datetime": "2021-09-24 10:58:15", "elapsed": 253.274121, "delta": 1.31442}}
{"target": 0.45083538119664757, "params": {"max_depth": 3.990336222235772, "n_estimators": 155.60362718216282}, "datetime": {"datetime": "2021-09-24 10:58:16", "elapsed": 254.811397, "delta": 1.537276}}
{"target": 0.4512047461248413, "params": {"max_depth": 3.6453611366991563, "n_estimators": 154.59966165860436}, "datetime": {"datetime": "2021-09-24 10:58:19", "elapsed": 256.936603, "delta": 2.125206}}
{"target": 0.44458839748511936, "params": {"max_depth": 4.622342973420143, "n_estimators": 155.25842876915289}, "datetime": {"datetime": "2021-09-24 10:58:20", "elapsed": 258.556203, "delta": 1.6196}}
{"target": 0.4492022968916911, "params": {"max_depth": 3.674739298351888, "n_estimators": 197.51600496927216}, "datetime": {"datetime": "2021-09-24 10:58:22", "elapsed": 260.183262, "delta": 1.627059}}
{"target": 0.4446443189780951, "params": {"max_depth": 4.011158671663637, "n_estimators": 156.70299346965945}, "datetime": {"datetime": "2021-09-24 10:58:23", "elapsed": 261.86449, "delta": 1.681228}}
{"target": 0.4515328552667447, "params": {"max_depth": 3.153269624576464, "n_estimators": 106.10167166338724}, "datetime": {"datetime": "2021-09-24 10:58:25", "elapsed": 263.238459, "delta": 1.373969}}
{"target": 0.45202667099082683, "params": {"max_depth": 3.6883740087127324, "n_estimators": 101.63262497182724}, "datetime": {"datetime": "2021-09-24 10:58:26", "elapsed": 264.831814, "delta": 1.593355}}
{"target": 0.4519535434693793, "params": {"max_depth": 3.452931046258093, "n_estimators": 161.99233226387176}, "datetime": {"datetime": "2021-09-24 10:58:29", "elapsed": 267.159342, "delta": 2.327528}}
{"target": 0.4530841257439192, "params": {"max_depth": 3.5860641309398065, "n_estimators": 165.45642893642952}, "datetime": {"datetime": "2021-09-24 10:58:30", "elapsed": 268.680152, "delta": 1.52081}}
{"target": 0.45239951037077886, "params": {"max_depth": 3.181535038776339, "n_estimators": 167.6933132222315}, "datetime": {"datetime": "2021-09-24 10:58:33", "elapsed": 270.973515, "delta": 2.293363}}
{"target": 0.44874057170117154, "params": {"max_depth": 3.0552932235573813, "n_estimators": 128.7958964873617}, "datetime": {"datetime": "2021-09-24 10:58:35", "elapsed": 272.952454, "delta": 1.978939}}
{"target": 0.4486976100433726, "params": {"max_depth": 3.3692833409531717, "n_estimators": 127.69235272957471}, "datetime": {"datetime": "2021-09-24 10:58:37", "elapsed": 275.168929, "delta": 2.216475}}
{"target": 0.45225019514312825, "params": {"max_depth": 3.430491527504891, "n_estimators": 136.35050486170408}, "datetime": {"datetime": "2021-09-24 10:58:38", "elapsed": 276.713326, "delta": 1.544397}}
{"target": 0.44273179094517645, "params": {"max_depth": 4.028739686383208, "n_estimators": 131.67143189449382}, "datetime": {"datetime": "2021-09-24 10:58:40", "elapsed": 278.529736, "delta": 1.81641}}
{"target": 0.44325675851078494, "params": {"max_depth": 4.407957972058993, "n_estimators": 133.97510312899348}, "datetime": {"datetime": "2021-09-24 10:58:42", "elapsed": 280.294736, "delta": 1.765}}
{"target": 0.4501164151205722, "params": {"max_depth": 3.1580794828027363, "n_estimators": 115.96719149614358}, "datetime": {"datetime": "2021-09-24 10:58:43", "elapsed": 281.874734, "delta": 1.579998}}
{"target": 0.4510297452031633, "params": {"max_depth": 3.7501239277949114, "n_estimators": 112.79476801213394}, "datetime": {"datetime": "2021-09-24 10:58:45", "elapsed": 283.395734, "delta": 1.521}}
{"target": 0.4380662864250102, "params": {"max_depth": 2.7764399251876206, "n_estimators": 131.33004071105202}, "datetime": {"datetime": "2021-09-24 10:58:47", "elapsed": 285.554795, "delta": 2.159061}}
{"target": 0.4392386301492155, "params": {"max_depth": 2.059909630508028, "n_estimators": 174.69626080933875}, "datetime": {"datetime": "2021-09-24 10:58:49", "elapsed": 287.706002, "delta": 2.151207}}
{"target": 0.45186770688842437, "params": {"max_depth": 3.1580627215010004, "n_estimators": 107.53974525161894}, "datetime": {"datetime": "2021-09-24 10:58:51", "elapsed": 289.389705, "delta": 1.683703}}
{"target": 0.45026680411269593, "params": {"max_depth": 3.51809977894967, "n_estimators": 151.3081236221118}, "datetime": {"datetime": "2021-09-24 10:58:53", "elapsed": 291.526146, "delta": 2.136441}}
{"target": 0.44279621498286015, "params": {"max_depth": 4.107565808846516, "n_estimators": 146.7562074814171}, "datetime": {"datetime": "2021-09-24 10:58:55", "elapsed": 293.685287, "delta": 2.159141}}
{"target": 0.44980729865379654, "params": {"max_depth": 3.3613360068244034, "n_estimators": 147.8463625075966}, "datetime": {"datetime": "2021-09-24 10:58:58", "elapsed": 295.958657, "delta": 2.27337}}
{"target": 0.4521054354666896, "params": {"max_depth": 3.2255250568331952, "n_estimators": 169.94770073213107}, "datetime": {"datetime": "2021-09-24 10:59:00", "elapsed": 298.087327, "delta": 2.12867}}
