{"target": 0.44398924973412734, "params": {"max_depth": 4.18128537674853, "n_estimators": 538.9437678979549}, "datetime": {"datetime": "2021-09-24 11:48:12", "elapsed": 493.906192, "delta": 2.830589}}
{"target": 0.43546875566022747, "params": {"max_depth": 5.941452831105575, "n_estimators": 474.5918775774187}, "datetime": {"datetime": "2021-09-24 11:48:15", "elapsed": 496.936084, "delta": 3.029892}}
{"target": 0.44381745277541873, "params": {"max_depth": 4.650237044918525, "n_estimators": 475.73969592114094}, "datetime": {"datetime": "2021-09-24 11:48:18", "elapsed": 499.457695, "delta": 2.521611}}
{"target": 0.44391239633002666, "params": {"max_depth": 4.832030999139729, "n_estimators": 557.0749113337736}, "datetime": {"datetime": "2021-09-24 11:48:21", "elapsed": 502.511168, "delta": 3.053473}}
{"target": 0.44414389224189177, "params": {"max_depth": 4.7880882494910555, "n_estimators": 437.46682312109914}, "datetime": {"datetime": "2021-09-24 11:48:24", "elapsed": 505.300842, "delta": 2.789674}}
{"target": 0.42747745900914236, "params": {"max_depth": 6.0, "n_estimators": 579.3780124038219}, "datetime": {"datetime": "2021-09-24 11:48:27", "elapsed": 508.91142, "delta": 3.610578}}
{"target": 0.42830777483330174, "params": {"max_depth": 6.0, "n_estimators": 549.5974898256135}, "datetime": {"datetime": "2021-09-24 11:48:31", "elapsed": 512.287623, "delta": 3.376203}}
{"target": 0.4439023557694689, "params": {"max_depth": 4.401337121133906, "n_estimators": 546.9578720332871}, "datetime": {"datetime": "2021-09-24 11:48:34", "elapsed": 515.308718, "delta": 3.021095}}
{"target": 0.4440082328966406, "params": {"max_depth": 4.3205050315074445, "n_estimators": 536.5174357264127}, "datetime": {"datetime": "2021-09-24 11:48:36", "elapsed": 518.104029, "delta": 2.795311}}
{"target": 0.4436757538687067, "params": {"max_depth": 4.4277829214981965, "n_estimators": 564.4211488516279}, "datetime": {"datetime": "2021-09-24 11:48:39", "elapsed": 520.81739, "delta": 2.713361}}
{"target": 0.4245567808868066, "params": {"max_depth": 2.0683705200605744, "n_estimators": 415.6316285714688}, "datetime": {"datetime": "2021-09-24 11:48:41", "elapsed": 522.927551, "delta": 2.110161}}
{"target": 0.4444792511984179, "params": {"max_depth": 4.463757246685756, "n_estimators": 412.9174755901497}, "datetime": {"datetime": "2021-09-24 11:48:43", "elapsed": 525.066594, "delta": 2.139043}}
{"target": 0.4445445147827718, "params": {"max_depth": 4.190414110478873, "n_estimators": 411.70910780730907}, "datetime": {"datetime": "2021-09-24 11:48:46", "elapsed": 527.626069, "delta": 2.559475}}
{"target": 0.442364344267151, "params": {"max_depth": 3.235986546740415, "n_estimators": 410.6438380079008}, "datetime": {"datetime": "2021-09-24 11:48:48", "elapsed": 529.568545, "delta": 1.942476}}
{"target": 0.4242722632093753, "params": {"max_depth": 2.0825213213954425, "n_estimators": 410.2070404996314}, "datetime": {"datetime": "2021-09-24 11:48:50", "elapsed": 531.338247, "delta": 1.769702}}
{"target": 0.4447198865948263, "params": {"max_depth": 4.154988422126772, "n_estimators": 410.4261599665058}, "datetime": {"datetime": "2021-09-24 11:48:52", "elapsed": 533.557612, "delta": 2.219365}}
{"target": 0.44168831851670476, "params": {"max_depth": 3.9399929990436715, "n_estimators": 432.36543771721654}, "datetime": {"datetime": "2021-09-24 11:48:54", "elapsed": 535.754786, "delta": 2.197174}}
{"target": 0.42463590891208114, "params": {"max_depth": 2.2224380236407093, "n_estimators": 431.8377529418606}, "datetime": {"datetime": "2021-09-24 11:48:56", "elapsed": 538.04278, "delta": 2.287994}}
{"target": 0.4441975717673968, "params": {"max_depth": 4.609653885574232, "n_estimators": 433.34447481322627}, "datetime": {"datetime": "2021-09-24 11:48:59", "elapsed": 540.48804, "delta": 2.44526}}
{"target": 0.4441976233194863, "params": {"max_depth": 4.944694388691094, "n_estimators": 432.5059739830302}, "datetime": {"datetime": "2021-09-24 11:49:02", "elapsed": 543.310593, "delta": 2.822553}}
{"target": 0.44431606697460624, "params": {"max_depth": 4.560059589443659, "n_estimators": 435.8214472814057}, "datetime": {"datetime": "2021-09-24 11:49:04", "elapsed": 545.816712, "delta": 2.506119}}
{"target": 0.44408824852051576, "params": {"max_depth": 4.600331047956702, "n_estimators": 434.71291026103347}, "datetime": {"datetime": "2021-09-24 11:49:06", "elapsed": 548.212725, "delta": 2.396013}}
{"target": 0.4422810740342037, "params": {"max_depth": 3.8084368585875166, "n_estimators": 539.9764481104307}, "datetime": {"datetime": "2021-09-24 11:49:09", "elapsed": 550.659974, "delta": 2.447249}}
{"target": 0.44234871091172023, "params": {"max_depth": 3.751104307463717, "n_estimators": 537.9990216059269}, "datetime": {"datetime": "2021-09-24 11:49:12", "elapsed": 553.236464, "delta": 2.57649}}
{"target": 0.44383515278043806, "params": {"max_depth": 4.637053899807307, "n_estimators": 507.0613206076668}, "datetime": {"datetime": "2021-09-24 11:49:14", "elapsed": 555.748949, "delta": 2.512485}}
{"target": 0.42451177932686013, "params": {"max_depth": 2.0, "n_estimators": 426.4733225237752}, "datetime": {"datetime": "2021-09-24 11:49:16", "elapsed": 557.606156, "delta": 1.857207}}
{"target": 0.4442696416126616, "params": {"max_depth": 4.837342074609298, "n_estimators": 528.1090177541146}, "datetime": {"datetime": "2021-09-24 11:49:19", "elapsed": 560.350896, "delta": 2.74474}}
{"target": 0.4446947742783267, "params": {"max_depth": 4.387297637109825, "n_estimators": 448.2338753716201}, "datetime": {"datetime": "2021-09-24 11:49:21", "elapsed": 562.872842, "delta": 2.521946}}
{"target": 0.4445903151726477, "params": {"max_depth": 4.538734974787226, "n_estimators": 461.99200116348715}, "datetime": {"datetime": "2021-09-24 11:49:24", "elapsed": 565.299981, "delta": 2.427139}}
{"target": 0.44218674668675473, "params": {"max_depth": 3.928482897903332, "n_estimators": 553.4961724254141}, "datetime": {"datetime": "2021-09-24 11:49:26", "elapsed": 567.877095, "delta": 2.577114}}
{"target": 0.4437133296555107, "params": {"max_depth": 4.055648947808129, "n_estimators": 561.495620016362}, "datetime": {"datetime": "2021-09-24 11:49:29", "elapsed": 570.801401, "delta": 2.924306}}
{"target": 0.4439165577313229, "params": {"max_depth": 4.691300013084414, "n_estimators": 562.8678914233236}, "datetime": {"datetime": "2021-09-24 11:49:32", "elapsed": 573.45978, "delta": 2.658379}}
{"target": 0.4438687032260047, "params": {"max_depth": 4.528372610521346, "n_estimators": 545.0314372572593}, "datetime": {"datetime": "2021-09-24 11:49:34", "elapsed": 576.206598, "delta": 2.746818}}
{"target": 0.4440401641175741, "params": {"max_depth": 4.432917728517758, "n_estimators": 441.2340784048304}, "datetime": {"datetime": "2021-09-24 11:49:37", "elapsed": 578.70721, "delta": 2.500612}}
{"target": 0.42616644734905196, "params": {"max_depth": 6.0, "n_estimators": 498.75840877235123}, "datetime": {"datetime": "2021-09-24 11:49:40", "elapsed": 581.786122, "delta": 3.078912}}
{"target": 0.4257027465395674, "params": {"max_depth": 2.0, "n_estimators": 588.8300428782551}, "datetime": {"datetime": "2021-09-24 11:49:43", "elapsed": 584.568149, "delta": 2.782027}}
{"target": 0.44482944915216216, "params": {"max_depth": 4.638104386759979, "n_estimators": 458.84025479769787}, "datetime": {"datetime": "2021-09-24 11:49:45", "elapsed": 587.000711, "delta": 2.432562}}
{"target": 0.43484472715876055, "params": {"max_depth": 5.13906210457573, "n_estimators": 484.228441636036}, "datetime": {"datetime": "2021-09-24 11:49:48", "elapsed": 590.085739, "delta": 3.085028}}
{"target": 0.4243285065265546, "params": {"max_depth": 2.9766320491392046, "n_estimators": 484.73908303695066}, "datetime": {"datetime": "2021-09-24 11:49:51", "elapsed": 592.657342, "delta": 2.571603}}
{"target": 0.4401967309692677, "params": {"max_depth": 3.421832174380708, "n_estimators": 487.74404682771603}, "datetime": {"datetime": "2021-09-24 11:49:53", "elapsed": 595.168657, "delta": 2.511315}}
{"target": 0.42669595451936604, "params": {"max_depth": 6.0, "n_estimators": 586.8420058064289}, "datetime": {"datetime": "2021-09-24 11:49:57", "elapsed": 598.837657, "delta": 3.669}}
{"target": 0.444356635813392, "params": {"max_depth": 4.555003941177887, "n_estimators": 431.1792476902607}, "datetime": {"datetime": "2021-09-24 11:50:00", "elapsed": 601.786696, "delta": 2.949039}}
{"target": 0.4357428780382012, "params": {"max_depth": 5.999816346857443, "n_estimators": 417.86223321067473}, "datetime": {"datetime": "2021-09-24 11:50:03", "elapsed": 604.769339, "delta": 2.982643}}
{"target": 0.425388069179756, "params": {"max_depth": 2.026994891011023, "n_estimators": 547.1059798389296}, "datetime": {"datetime": "2021-09-24 11:50:07", "elapsed": 608.438614, "delta": 3.669275}}
{"target": 0.4441457345846347, "params": {"max_depth": 4.79420994761751, "n_estimators": 439.47313845661097}, "datetime": {"datetime": "2021-09-24 11:50:09", "elapsed": 610.965457, "delta": 2.526843}}
{"target": 0.4432983425764424, "params": {"max_depth": 4.522718647627151, "n_estimators": 599.9786958657792}, "datetime": {"datetime": "2021-09-24 11:50:12", "elapsed": 614.07853, "delta": 3.113073}}
{"target": 0.4434922930169518, "params": {"max_depth": 4.2717393686498415, "n_estimators": 598.338515145118}, "datetime": {"datetime": "2021-09-24 11:50:16", "elapsed": 617.662266, "delta": 3.583736}}
{"target": 0.4364579607811323, "params": {"max_depth": 5.078476445135059, "n_estimators": 597.4919874086468}, "datetime": {"datetime": "2021-09-24 11:50:20", "elapsed": 621.265688, "delta": 3.603422}}
{"target": 0.4425392882612904, "params": {"max_depth": 3.6069920829361752, "n_estimators": 599.017047126692}, "datetime": {"datetime": "2021-09-24 11:50:23", "elapsed": 624.620685, "delta": 3.354997}}
{"target": 0.4432983425764424, "params": {"max_depth": 4.415828200128104, "n_estimators": 599.1473074335297}, "datetime": {"datetime": "2021-09-24 11:50:26", "elapsed": 627.867557, "delta": 3.246872}}
{"target": 0.44450839265241215, "params": {"max_depth": 4.435552167268167, "n_estimators": 445.0621139568191}, "datetime": {"datetime": "2021-09-24 11:50:29", "elapsed": 630.614616, "delta": 2.747059}}
{"target": 0.4287970925266764, "params": {"max_depth": 6.0, "n_estimators": 558.0229233514253}, "datetime": {"datetime": "2021-09-24 11:50:32", "elapsed": 633.830693, "delta": 3.216077}}
{"target": 0.4259456047509479, "params": {"max_depth": 6.0, "n_estimators": 467.24694955524126}, "datetime": {"datetime": "2021-09-24 11:50:35", "elapsed": 636.91165, "delta": 3.080957}}
{"target": 0.4422013937183308, "params": {"max_depth": 3.8716791870677354, "n_estimators": 411.0149524184661}, "datetime": {"datetime": "2021-09-24 11:50:38", "elapsed": 639.712159, "delta": 2.800509}}
{"target": 0.4428530864264333, "params": {"max_depth": 3.84826272866312, "n_estimators": 409.44354652257505}, "datetime": {"datetime": "2021-09-24 11:50:40", "elapsed": 641.905593, "delta": 2.193434}}
{"target": 0.4448693846390771, "params": {"max_depth": 4.29815191987479, "n_estimators": 406.22284299639}, "datetime": {"datetime": "2021-09-24 11:50:42", "elapsed": 644.202037, "delta": 2.296444}}
{"target": 0.4445445147827718, "params": {"max_depth": 4.897594770400646, "n_estimators": 411.91928600328595}, "datetime": {"datetime": "2021-09-24 11:50:45", "elapsed": 646.83867, "delta": 2.636633}}
{"target": 0.4362263058094531, "params": {"max_depth": 5.419540211666363, "n_estimators": 435.26388597901735}, "datetime": {"datetime": "2021-09-24 11:50:48", "elapsed": 649.768524, "delta": 2.929854}}
{"target": 0.44508884910876956, "params": {"max_depth": 4.7509952962951125, "n_estimators": 455.06116769619973}, "datetime": {"datetime": "2021-09-24 11:50:51", "elapsed": 652.635357, "delta": 2.866833}}
{"target": 0.44422981910330905, "params": {"max_depth": 4.526052126666553, "n_estimators": 416.68399802352025}, "datetime": {"datetime": "2021-09-24 11:50:53", "elapsed": 655.090297, "delta": 2.45494}}
{"target": 0.4443638284075858, "params": {"max_depth": 4.744014461670604, "n_estimators": 415.3829570650015}, "datetime": {"datetime": "2021-09-24 11:50:56", "elapsed": 657.919178, "delta": 2.828881}}
{"target": 0.424152347465641, "params": {"max_depth": 2.030034085036022, "n_estimators": 479.52051123079406}, "datetime": {"datetime": "2021-09-24 11:50:59", "elapsed": 660.56987, "delta": 2.650692}}
{"target": 0.43726089880720964, "params": {"max_depth": 5.066975044803522, "n_estimators": 530.4159428496023}, "datetime": {"datetime": "2021-09-24 11:51:02", "elapsed": 664.117191, "delta": 3.547321}}
{"target": 0.4419278097890311, "params": {"max_depth": 3.6118070935462847, "n_estimators": 529.4083178877734}, "datetime": {"datetime": "2021-09-24 11:51:05", "elapsed": 667.161156, "delta": 3.043965}}
{"target": 0.44344199733038137, "params": {"max_depth": 4.56141614263666, "n_estimators": 581.7434298744812}, "datetime": {"datetime": "2021-09-24 11:51:09", "elapsed": 670.712208, "delta": 3.551052}}
{"target": 0.4435090370027748, "params": {"max_depth": 4.242421836930495, "n_estimators": 580.6802480203409}, "datetime": {"datetime": "2021-09-24 11:51:12", "elapsed": 673.985197, "delta": 3.272989}}
