{"target": -40.11846870607137, "params": {"max_depth": 6.462307658564678, "n_estimators": 69.77455850720216, "random_state": 10.788115252388991}, "datetime": {"datetime": "2021-09-28 13:33:32", "elapsed": 311.929813, "delta": 1.831154}}
{"target": -38.812468105816755, "params": {"max_depth": 11.35043825054083, "n_estimators": 31.150300480151206, "random_state": 2.969052731548906}, "datetime": {"datetime": "2021-09-28 13:33:34", "elapsed": 313.614676, "delta": 1.684863}}
{"target": -39.08324811767205, "params": {"max_depth": 5.635999973156121, "n_estimators": 68.0638779469143, "random_state": 2.691626673445119}, "datetime": {"datetime": "2021-09-28 13:33:36", "elapsed": 315.692942, "delta": 2.078266}}
{"target": -39.92471892869158, "params": {"max_depth": 5.228808139918094, "n_estimators": 67.45793817655158, "random_state": 1.2324510550639147}, "datetime": {"datetime": "2021-09-28 13:33:38", "elapsed": 317.785598, "delta": 2.092656}}
{"target": -38.88023720247023, "params": {"max_depth": 6.518758026023876, "n_estimators": 67.07173696496707, "random_state": 2.8311978944717424}, "datetime": {"datetime": "2021-09-28 13:33:40", "elapsed": 319.414517, "delta": 1.628919}}
{"target": -39.4711752507369, "params": {"max_depth": 6.206450901521224, "n_estimators": 67.48190287204363, "random_state": 3.9119499661313117}, "datetime": {"datetime": "2021-09-28 13:33:43", "elapsed": 322.232656, "delta": 2.818139}}
{"target": -39.86578754782007, "params": {"max_depth": 7.335431103707452, "n_estimators": 67.59044531987666, "random_state": 1.7073061628314181}, "datetime": {"datetime": "2021-09-28 13:33:44", "elapsed": 324.034807, "delta": 1.802151}}
{"target": -39.49683534891896, "params": {"max_depth": 6.518815788954943, "n_estimators": 65.45144658399403, "random_state": 3.5931226059909838}, "datetime": {"datetime": "2021-09-28 13:33:47", "elapsed": 326.234842, "delta": 2.200035}}
{"target": -39.174694831165425, "params": {"max_depth": 5.2143191228125305, "n_estimators": 65.80319582177194, "random_state": 2.4268973336843938}, "datetime": {"datetime": "2021-09-28 13:33:48", "elapsed": 327.775305, "delta": 1.540463}}
{"target": -39.09649808428249, "params": {"max_depth": 5.152883005570155, "n_estimators": 63.90477447991909, "random_state": 2.0169539219502655}, "datetime": {"datetime": "2021-09-28 13:33:50", "elapsed": 329.420999, "delta": 1.645694}}
{"target": -38.768605591705445, "params": {"max_depth": 4.670830361667947, "n_estimators": 64.45050151260092, "random_state": 3.1005913574709267}, "datetime": {"datetime": "2021-09-28 13:33:51", "elapsed": 331.086294, "delta": 1.665295}}
{"target": -39.923497089994875, "params": {"max_depth": 3.8792411640562854, "n_estimators": 64.95437528636404, "random_state": 1.772608004123797}, "datetime": {"datetime": "2021-09-28 13:33:53", "elapsed": 333.214822, "delta": 2.128528}}
{"target": -39.19155997079642, "params": {"max_depth": 5.6223901697708065, "n_estimators": 63.95787115888115, "random_state": 3.2958470920361904}, "datetime": {"datetime": "2021-09-28 13:33:55", "elapsed": 334.915022, "delta": 1.7002}}
{"target": -38.792394900805185, "params": {"max_depth": 4.22799501512826, "n_estimators": 63.2471721100832, "random_state": 3.1998242148554086}, "datetime": {"datetime": "2021-09-28 13:33:57", "elapsed": 337.129312, "delta": 2.21429}}
{"target": -39.139790126958616, "params": {"max_depth": 3.95309058086639, "n_estimators": 63.23745279161032, "random_state": 4.432639387273866}, "datetime": {"datetime": "2021-09-28 13:33:59", "elapsed": 339.174035, "delta": 2.044723}}
{"target": -39.10738713901408, "params": {"max_depth": 3.8993932749764335, "n_estimators": 64.62458359673946, "random_state": 4.161733547734066}, "datetime": {"datetime": "2021-09-28 13:34:01", "elapsed": 340.956519, "delta": 1.782484}}
{"target": -39.09150408776419, "params": {"max_depth": 5.0901777251091245, "n_estimators": 62.30261879038789, "random_state": 2.6597405391367346}, "datetime": {"datetime": "2021-09-28 13:34:03", "elapsed": 342.987485, "delta": 2.030966}}
{"target": -39.879773408586736, "params": {"max_depth": 3.871067543018765, "n_estimators": 62.64195351099296, "random_state": 1.4662974223233207}, "datetime": {"datetime": "2021-09-28 13:34:05", "elapsed": 344.693867, "delta": 1.706382}}
{"target": -39.35592097525191, "params": {"max_depth": 4.873004353432059, "n_estimators": 64.50249261901776, "random_state": 5.23351519269095}, "datetime": {"datetime": "2021-09-28 13:34:07", "elapsed": 346.620583, "delta": 1.926716}}
{"target": -39.55681157959207, "params": {"max_depth": 5.159743863141834, "n_estimators": 61.72904920165865, "random_state": 4.39789235857573}, "datetime": {"datetime": "2021-09-28 13:34:08", "elapsed": 348.084746, "delta": 1.464163}}
{"target": -38.74996478984635, "params": {"max_depth": 4.740508321555205, "n_estimators": 65.92904667105881, "random_state": 3.842042881947856}, "datetime": {"datetime": "2021-09-28 13:34:10", "elapsed": 349.911171, "delta": 1.826425}}
{"target": -39.204944851776425, "params": {"max_depth": 5.097936951260563, "n_estimators": 67.1592781639983, "random_state": 3.4142964306470063}, "datetime": {"datetime": "2021-09-28 13:34:12", "elapsed": 351.455171, "delta": 1.544}}
{"target": -39.98709795285419, "params": {"max_depth": 3.797584473253567, "n_estimators": 66.10975777534945, "random_state": 5.077620863462812}, "datetime": {"datetime": "2021-09-28 13:34:14", "elapsed": 353.599914, "delta": 2.144743}}
{"target": -39.64949976439166, "params": {"max_depth": 6.594311099448415, "n_estimators": 63.71660846150606, "random_state": 1.2910157263769442}, "datetime": {"datetime": "2021-09-28 13:34:15", "elapsed": 355.012047, "delta": 1.412133}}
{"target": -39.78559935048139, "params": {"max_depth": 3.162008858646817, "n_estimators": 63.8479482222154, "random_state": 2.9711292481411444}, "datetime": {"datetime": "2021-09-28 13:34:17", "elapsed": 357.054483, "delta": 2.042436}}
{"target": -39.44447210988693, "params": {"max_depth": 6.894196663917697, "n_estimators": 61.26558678063192, "random_state": 3.1224520838896166}, "datetime": {"datetime": "2021-09-28 13:34:19", "elapsed": 358.550468, "delta": 1.495985}}
{"target": -39.23832205247827, "params": {"max_depth": 4.7332464965949566, "n_estimators": 60.192909760621916, "random_state": 2.626719543298587}, "datetime": {"datetime": "2021-09-28 13:34:20", "elapsed": 360.181741, "delta": 1.631273}}
{"target": -40.95231439247923, "params": {"max_depth": 2.8310952781246517, "n_estimators": 60.688569570922525, "random_state": 3.1218491432163598}, "datetime": {"datetime": "2021-09-28 13:34:23", "elapsed": 362.292457, "delta": 2.110716}}
{"target": -39.08243318417809, "params": {"max_depth": 5.829758112059464, "n_estimators": 58.88516504563615, "random_state": 2.321335777041025}, "datetime": {"datetime": "2021-09-28 13:34:24", "elapsed": 363.889106, "delta": 1.596649}}
{"target": -39.87453409108757, "params": {"max_depth": 5.470513244615728, "n_estimators": 60.370385578058034, "random_state": 1.286909943461784}, "datetime": {"datetime": "2021-09-28 13:34:26", "elapsed": 365.632635, "delta": 1.743529}}
{"target": -39.266778004929535, "params": {"max_depth": 4.515610780112166, "n_estimators": 58.19249636375185, "random_state": 2.6167293015362496}, "datetime": {"datetime": "2021-09-28 13:34:28", "elapsed": 367.486204, "delta": 1.853569}}
{"target": -40.033852354581754, "params": {"max_depth": 6.4894478948226375, "n_estimators": 59.28706633475571, "random_state": 4.093522292778019}, "datetime": {"datetime": "2021-09-28 13:34:29", "elapsed": 369.175553, "delta": 1.689349}}
{"target": -39.79755391190166, "params": {"max_depth": 5.782674428186063, "n_estimators": 57.52445025176553, "random_state": 1.5860991333045424}, "datetime": {"datetime": "2021-09-28 13:34:31", "elapsed": 371.053885, "delta": 1.878332}}
{"target": -39.28602467819477, "params": {"max_depth": 4.032941977130111, "n_estimators": 78.10866720784826, "random_state": 5.8893397418984845}, "datetime": {"datetime": "2021-09-28 13:34:34", "elapsed": 373.575787, "delta": 2.521902}}
{"target": -39.474167754153996, "params": {"max_depth": 3.3851241059520936, "n_estimators": 66.702552100769, "random_state": 3.0483638183160635}, "datetime": {"datetime": "2021-09-28 13:34:36", "elapsed": 375.503077, "delta": 1.92729}}
{"target": -39.49242579792836, "params": {"max_depth": 4.955172212838599, "n_estimators": 64.76070932633527, "random_state": 4.147734917053232}, "datetime": {"datetime": "2021-09-28 13:34:38", "elapsed": 377.406569, "delta": 1.903492}}
{"target": -39.639743948999055, "params": {"max_depth": 5.034458694926681, "n_estimators": 62.888410170390614, "random_state": 6.150721060957158}, "datetime": {"datetime": "2021-09-28 13:34:40", "elapsed": 379.720788, "delta": 2.314219}}
{"target": -39.19155997079642, "params": {"max_depth": 5.1536272953580475, "n_estimators": 63.177925395710915, "random_state": 3.8795979153406472}, "datetime": {"datetime": "2021-09-28 13:34:42", "elapsed": 381.385232, "delta": 1.664444}}
{"target": -39.394165264923686, "params": {"max_depth": 4.67594761464013, "n_estimators": 57.02858383867962, "random_state": 4.0927610872599995}, "datetime": {"datetime": "2021-09-28 13:34:43", "elapsed": 383.08253, "delta": 1.697298}}
{"target": -40.58978259346084, "params": {"max_depth": 11.538044609041854, "n_estimators": 31.39855955999509, "random_state": 1.8345749210863462}, "datetime": {"datetime": "2021-09-28 13:34:45", "elapsed": 384.983759, "delta": 1.901229}}
{"target": -39.98729932553008, "params": {"max_depth": 3.026668826957991, "n_estimators": 56.77229990896509, "random_state": 2.783612825830655}, "datetime": {"datetime": "2021-09-28 13:34:48", "elapsed": 387.256289, "delta": 2.27253}}
{"target": -40.710922095219665, "params": {"max_depth": 12.426880764507104, "n_estimators": 32.740512724828726, "random_state": 3.2858088007533572}, "datetime": {"datetime": "2021-09-28 13:34:51", "elapsed": 390.349332, "delta": 3.093043}}
{"target": -39.44786562034362, "params": {"max_depth": 13.054380643662212, "n_estimators": 32.81549940825266, "random_state": 2.0411254117718816}, "datetime": {"datetime": "2021-09-28 13:34:54", "elapsed": 393.792023, "delta": 3.442691}}
{"target": -39.04703068376637, "params": {"max_depth": 5.186894489137957, "n_estimators": 98.86839640611493, "random_state": 3.278699641074522}, "datetime": {"datetime": "2021-09-28 13:34:56", "elapsed": 395.596419, "delta": 1.804396}}
{"target": -38.96914395623497, "params": {"max_depth": 5.063996737602642, "n_estimators": 80.65024496948716, "random_state": 3.890199913498143}, "datetime": {"datetime": "2021-09-28 13:34:58", "elapsed": 397.510565, "delta": 1.914146}}
{"target": -38.90711859374857, "params": {"max_depth": 6.418507817533049, "n_estimators": 81.58584190109941, "random_state": 2.851291725316332}, "datetime": {"datetime": "2021-09-28 13:35:00", "elapsed": 399.433645, "delta": 1.92308}}
{"target": -39.44764006751265, "params": {"max_depth": 4.632412047422458, "n_estimators": 79.08331439766758, "random_state": 2.46638989951457}, "datetime": {"datetime": "2021-09-28 13:35:02", "elapsed": 401.690218, "delta": 2.256573}}
{"target": -39.116552565851286, "params": {"max_depth": 11.672965906628704, "n_estimators": 29.91618977874146, "random_state": 2.775396743485318}, "datetime": {"datetime": "2021-09-28 13:35:04", "elapsed": 403.891986, "delta": 2.201768}}
{"target": -39.51296912060482, "params": {"max_depth": 5.350793601956515, "n_estimators": 66.25239244010709, "random_state": 4.889523807468748}, "datetime": {"datetime": "2021-09-28 13:35:06", "elapsed": 405.964384, "delta": 2.072398}}
{"target": -39.26257981680203, "params": {"max_depth": 5.4132777407854284, "n_estimators": 80.38116561272125, "random_state": 2.579048767710094}, "datetime": {"datetime": "2021-09-28 13:35:09", "elapsed": 408.459691, "delta": 2.495307}}
{"target": -39.362580951440904, "params": {"max_depth": 4.7386260610750375, "n_estimators": 75.16327474744593, "random_state": 4.532913255255238}, "datetime": {"datetime": "2021-09-28 13:35:12", "elapsed": 411.255766, "delta": 2.796075}}
{"target": -38.74996478984635, "params": {"max_depth": 4.194976990669762, "n_estimators": 65.4900339640356, "random_state": 3.2151913254193194}, "datetime": {"datetime": "2021-09-28 13:35:15", "elapsed": 414.67657, "delta": 3.420804}}
{"target": -38.84439571439935, "params": {"max_depth": 4.906996873743152, "n_estimators": 92.80336407692971, "random_state": 3.2735733530205335}, "datetime": {"datetime": "2021-09-28 13:35:17", "elapsed": 416.845849, "delta": 2.169279}}
{"target": -40.78703528615233, "params": {"max_depth": 12.200490503115168, "n_estimators": 36.735613115655084, "random_state": 1.5260931699645999}, "datetime": {"datetime": "2021-09-28 13:35:19", "elapsed": 418.77782, "delta": 1.931971}}
{"target": -38.358264643288976, "params": {"max_depth": 12.777870326096433, "n_estimators": 33.68967700193951, "random_state": 2.599317944420926}, "datetime": {"datetime": "2021-09-28 13:35:23", "elapsed": 422.343293, "delta": 3.565473}}
{"target": -39.25303959647509, "params": {"max_depth": 5.4141871014885785, "n_estimators": 65.78702069289743, "random_state": 3.6113919989235344}, "datetime": {"datetime": "2021-09-28 13:35:25", "elapsed": 424.509127, "delta": 2.165834}}
{"target": -40.90003168034983, "params": {"max_depth": 12.061537324592525, "n_estimators": 32.56740322393659, "random_state": 1.9150734230960167}, "datetime": {"datetime": "2021-09-28 13:35:27", "elapsed": 426.490992, "delta": 1.981865}}
{"target": -38.546207922586554, "params": {"max_depth": 4.451636019009278, "n_estimators": 80.88187411228834, "random_state": 3.1359750799734387}, "datetime": {"datetime": "2021-09-28 13:35:31", "elapsed": 430.246109, "delta": 3.755117}}
{"target": -38.91875034534608, "params": {"max_depth": 5.635401695642771, "n_estimators": 85.98285787818911, "random_state": 3.0217373450291163}, "datetime": {"datetime": "2021-09-28 13:35:33", "elapsed": 432.646222, "delta": 2.400113}}
{"target": -39.22129409836556, "params": {"max_depth": 5.520165511181362, "n_estimators": 97.99941775934049, "random_state": 2.870372649941414}, "datetime": {"datetime": "2021-09-28 13:35:35", "elapsed": 435.13749, "delta": 2.491268}}
{"target": -39.38853288023546, "params": {"max_depth": 4.154152836827184, "n_estimators": 81.12080864602045, "random_state": 4.603649231892558}, "datetime": {"datetime": "2021-09-28 13:35:38", "elapsed": 437.711232, "delta": 2.573742}}
{"target": -38.55752665216113, "params": {"max_depth": 12.338448757781457, "n_estimators": 30.07050335053083, "random_state": 2.6804240890989153}, "datetime": {"datetime": "2021-09-28 13:35:40", "elapsed": 439.936904, "delta": 2.225672}}
{"target": -38.91107080356851, "params": {"max_depth": 7.195103347461047, "n_estimators": 83.46816328456896, "random_state": 2.985877537761276}, "datetime": {"datetime": "2021-09-28 13:35:43", "elapsed": 442.378158, "delta": 2.441254}}
{"target": -39.00892929523449, "params": {"max_depth": 5.132806410997793, "n_estimators": 79.11652132889448, "random_state": 3.538138821342115}, "datetime": {"datetime": "2021-09-28 13:35:45", "elapsed": 444.692065, "delta": 2.313907}}
{"target": -39.12760723393979, "params": {"max_depth": 6.182072933041553, "n_estimators": 82.34690979747648, "random_state": 3.553880529976793}, "datetime": {"datetime": "2021-09-28 13:35:48", "elapsed": 448.099356, "delta": 3.407291}}
{"target": -39.17353411678876, "params": {"max_depth": 10.783429741210972, "n_estimators": 36.12543134348104, "random_state": 2.943250443753514}, "datetime": {"datetime": "2021-09-28 13:35:51", "elapsed": 450.371013, "delta": 2.271657}}
{"target": -39.28015600237598, "params": {"max_depth": 4.939432791523701, "n_estimators": 63.381449364600506, "random_state": 2.79153849803712}, "datetime": {"datetime": "2021-09-28 13:35:53", "elapsed": 452.50212, "delta": 2.131107}}
{"target": -39.08055246510564, "params": {"max_depth": 5.310521349689474, "n_estimators": 93.82400093621952, "random_state": 3.127403800855019}, "datetime": {"datetime": "2021-09-28 13:35:55", "elapsed": 454.420248, "delta": 1.918128}}
{"target": -38.45030416649922, "params": {"max_depth": 12.263864997479821, "n_estimators": 31.26769381247121, "random_state": 2.797081603377737}, "datetime": {"datetime": "2021-09-28 13:35:57", "elapsed": 456.815762, "delta": 2.395514}}
{"target": -38.358264643288976, "params": {"max_depth": 12.302516650947291, "n_estimators": 33.743828283994084, "random_state": 2.6742843191341352}, "datetime": {"datetime": "2021-09-28 13:35:59", "elapsed": 458.942655, "delta": 2.126893}}
{"target": -38.558078147330136, "params": {"max_depth": 4.965466151366111, "n_estimators": 82.87999450522643, "random_state": 3.190321979890192}, "datetime": {"datetime": "2021-09-28 13:36:02", "elapsed": 461.354369, "delta": 2.411714}}
{"target": -39.1902308054057, "params": {"max_depth": 5.420955753079099, "n_estimators": 64.86392872080434, "random_state": 2.7982675003666424}, "datetime": {"datetime": "2021-09-28 13:36:05", "elapsed": 464.39117, "delta": 3.036801}}
{"target": -39.37861421373561, "params": {"max_depth": 4.599693926678319, "n_estimators": 88.44242300476066, "random_state": 4.2749471869660605}, "datetime": {"datetime": "2021-09-28 13:36:07", "elapsed": 466.859844, "delta": 2.468674}}
{"target": -39.022923826026435, "params": {"max_depth": 5.443181933018236, "n_estimators": 77.90027717465621, "random_state": 3.651904173096237}, "datetime": {"datetime": "2021-09-28 13:36:11", "elapsed": 470.415278, "delta": 3.555434}}
{"target": -38.820861769102116, "params": {"max_depth": 4.004285542948628, "n_estimators": 62.18289490522705, "random_state": 3.0606119861203123}, "datetime": {"datetime": "2021-09-28 13:36:14", "elapsed": 473.339528, "delta": 2.92425}}
{"target": -39.244776400129126, "params": {"max_depth": 5.67369865801908, "n_estimators": 73.27746224730569, "random_state": 2.2561279049502874}, "datetime": {"datetime": "2021-09-28 13:36:16", "elapsed": 475.869827, "delta": 2.530299}}
{"target": -38.1922635648466, "params": {"max_depth": 12.455603764624238, "n_estimators": 34.3640607062637, "random_state": 2.5515317032244944}, "datetime": {"datetime": "2021-09-28 13:36:18", "elapsed": 478.096805, "delta": 2.226978}}
{"target": -39.32907651192451, "params": {"max_depth": 4.642887987472543, "n_estimators": 89.7974364017971, "random_state": 2.781684608456664}, "datetime": {"datetime": "2021-09-28 13:36:21", "elapsed": 480.643629, "delta": 2.546824}}
{"target": -38.91875034534608, "params": {"max_depth": 5.626320405881528, "n_estimators": 85.37479783428635, "random_state": 3.519198018887492}, "datetime": {"datetime": "2021-09-28 13:36:24", "elapsed": 484.130729, "delta": 3.4871}}
{"target": -40.56552110308298, "params": {"max_depth": 2.975323548188477, "n_estimators": 78.54773024585673, "random_state": 4.927084746665926}, "datetime": {"datetime": "2021-09-28 13:36:27", "elapsed": 486.765926, "delta": 2.635197}}
{"target": -38.88204961623635, "params": {"max_depth": 11.274441143683788, "n_estimators": 35.19094314526365, "random_state": 2.7489198894898217}, "datetime": {"datetime": "2021-09-28 13:36:29", "elapsed": 488.965011, "delta": 2.199085}}
{"target": -38.90699512194482, "params": {"max_depth": 4.845579561085275, "n_estimators": 59.0834169941276, "random_state": 3.497949103004885}, "datetime": {"datetime": "2021-09-28 13:36:31", "elapsed": 491.109582, "delta": 2.144571}}
{"target": -40.932518484912386, "params": {"max_depth": 10.034568965587559, "n_estimators": 29.350183136810564, "random_state": 1.9420843159282166}, "datetime": {"datetime": "2021-09-28 13:36:34", "elapsed": 493.688494, "delta": 2.578912}}
{"target": -39.316602374912954, "params": {"max_depth": 3.7162767022810312, "n_estimators": 81.13109553334786, "random_state": 3.5721800039349567}, "datetime": {"datetime": "2021-09-28 13:36:36", "elapsed": 495.485105, "delta": 1.796611}}
{"target": -39.69061415950977, "params": {"max_depth": 6.210681064210817, "n_estimators": 78.67395192423267, "random_state": 4.048291859124318}, "datetime": {"datetime": "2021-09-28 13:36:38", "elapsed": 498.127548, "delta": 2.642443}}
{"target": -38.892845220167516, "params": {"max_depth": 4.94733939784953, "n_estimators": 60.083690936871186, "random_state": 3.8100918900304563}, "datetime": {"datetime": "2021-09-28 13:36:41", "elapsed": 500.472321, "delta": 2.344773}}
{"target": -41.137002494280615, "params": {"max_depth": 2.5967362302289105, "n_estimators": 63.97234213227543, "random_state": 5.405546662687837}, "datetime": {"datetime": "2021-09-28 13:36:43", "elapsed": 502.64465, "delta": 2.172329}}
{"target": -39.30739270918182, "params": {"max_depth": 4.4113658579911075, "n_estimators": 59.467565339524825, "random_state": 4.52465970962843}, "datetime": {"datetime": "2021-09-28 13:36:45", "elapsed": 505.065435, "delta": 2.420785}}
{"target": -39.586144519091484, "params": {"max_depth": 3.9409233236793204, "n_estimators": 62.73829932605723, "random_state": 3.6897692343261728}, "datetime": {"datetime": "2021-09-28 13:36:48", "elapsed": 507.732662, "delta": 2.667227}}
{"target": -39.388751981698064, "params": {"max_depth": 5.314410317424594, "n_estimators": 99.42838147601206, "random_state": 4.270178171660157}, "datetime": {"datetime": "2021-09-28 13:36:50", "elapsed": 509.968056, "delta": 2.235394}}
{"target": -39.13028614053061, "params": {"max_depth": 5.357443003651808, "n_estimators": 69.63095941354773, "random_state": 3.2418206676432293}, "datetime": {"datetime": "2021-09-28 13:36:52", "elapsed": 512.154033, "delta": 2.185977}}
{"target": -39.356078252249006, "params": {"max_depth": 8.135023576569864, "n_estimators": 80.82340607633364, "random_state": 2.4948185981547724}, "datetime": {"datetime": "2021-09-28 13:36:57", "elapsed": 516.30178, "delta": 4.147747}}
