{"target": 0.4441421235534122, "params": {"max_depth": 4.3570225513331735, "n_estimators": 288.54692751331424}, "datetime": {"datetime": "2021-09-24 11:24:16", "elapsed": 246.165972, "delta": 2.017284}}
{"target": 0.4139961253687209, "params": {"max_depth": 7.0, "n_estimators": 255.85186853820755}, "datetime": {"datetime": "2021-09-24 11:24:18", "elapsed": 248.257372, "delta": 2.0914}}
{"target": 0.44345243316234295, "params": {"max_depth": 4.151747283447452, "n_estimators": 282.56160230862616}, "datetime": {"datetime": "2021-09-24 11:24:20", "elapsed": 250.261953, "delta": 2.004581}}
{"target": 0.4472217951106815, "params": {"max_depth": 3.8266252115299437, "n_estimators": 231.5918857600347}, "datetime": {"datetime": "2021-09-24 11:24:22", "elapsed": 251.790944, "delta": 1.528991}}
{"target": 0.4473595323537948, "params": {"max_depth": 3.5124474452287884, "n_estimators": 229.96354037934412}, "datetime": {"datetime": "2021-09-24 11:24:24", "elapsed": 253.5928, "delta": 1.801856}}
{"target": 0.44713751400955426, "params": {"max_depth": 3.1406151647587217, "n_estimators": 247.91433575524263}, "datetime": {"datetime": "2021-09-24 11:24:26", "elapsed": 255.61073, "delta": 2.01793}}
{"target": 0.44713751400955426, "params": {"max_depth": 3.4399760777317523, "n_estimators": 247.00711243719635}, "datetime": {"datetime": "2021-09-24 11:24:28", "elapsed": 257.35559, "delta": 1.74486}}
{"target": 0.441422267340816, "params": {"max_depth": 4.066467874046232, "n_estimators": 210.6833500968371}, "datetime": {"datetime": "2021-09-24 11:24:29", "elapsed": 259.157039, "delta": 1.801449}}
{"target": 0.4414366271049973, "params": {"max_depth": 4.232979533174593, "n_estimators": 212.16337833364102}, "datetime": {"datetime": "2021-09-24 11:24:31", "elapsed": 260.866688, "delta": 1.709649}}
{"target": 0.447981515314549, "params": {"max_depth": 3.625963393340423, "n_estimators": 202.36041942381385}, "datetime": {"datetime": "2021-09-24 11:24:33", "elapsed": 262.415391, "delta": 1.548703}}
{"target": 0.43239796693066557, "params": {"max_depth": 2.0071950080627046, "n_estimators": 279.36887882220367}, "datetime": {"datetime": "2021-09-24 11:24:35", "elapsed": 264.476764, "delta": 2.061373}}
{"target": 0.44724118180288075, "params": {"max_depth": 3.5045704187439513, "n_estimators": 239.6687478475352}, "datetime": {"datetime": "2021-09-24 11:24:36", "elapsed": 266.051687, "delta": 1.574923}}
{"target": 0.4472011223451441, "params": {"max_depth": 3.635411107913451, "n_estimators": 238.5353684856737}, "datetime": {"datetime": "2021-09-24 11:24:38", "elapsed": 267.496312, "delta": 1.444625}}
{"target": 0.4474487853324369, "params": {"max_depth": 3.200402517124773, "n_estimators": 222.97138447734898}, "datetime": {"datetime": "2021-09-24 11:24:39", "elapsed": 268.66093, "delta": 1.164618}}
{"target": 0.44770583984605816, "params": {"max_depth": 3.5107421412214066, "n_estimators": 281.9314254910854}, "datetime": {"datetime": "2021-09-24 11:24:40", "elapsed": 270.181645, "delta": 1.520715}}
{"target": 0.4476821240780796, "params": {"max_depth": 3.698061282541107, "n_estimators": 252.48774422018656}, "datetime": {"datetime": "2021-09-24 11:24:42", "elapsed": 271.696456, "delta": 1.514811}}
{"target": 0.44689625586307924, "params": {"max_depth": 3.3505042647601484, "n_estimators": 295.19255632785786}, "datetime": {"datetime": "2021-09-24 11:24:44", "elapsed": 273.322302, "delta": 1.625846}}
{"target": 0.4137828273217784, "params": {"max_depth": 7.0, "n_estimators": 273.238089433419}, "datetime": {"datetime": "2021-09-24 11:24:46", "elapsed": 275.662562, "delta": 2.34026}}
{"target": 0.44722051649263994, "params": {"max_depth": 3.5105273957858416, "n_estimators": 219.1184186130454}, "datetime": {"datetime": "2021-09-24 11:24:47", "elapsed": 276.940165, "delta": 1.277603}}
{"target": 0.44736653059992315, "params": {"max_depth": 3.3030919147392, "n_estimators": 244.06976947535404}, "datetime": {"datetime": "2021-09-24 11:24:49", "elapsed": 278.390021, "delta": 1.449856}}
{"target": 0.4469491280779171, "params": {"max_depth": 3.350754956267677, "n_estimators": 296.37065386867846}, "datetime": {"datetime": "2021-09-24 11:24:50", "elapsed": 279.776468, "delta": 1.386447}}
{"target": 0.44339697588123406, "params": {"max_depth": 4.66640450160555, "n_estimators": 259.41494984874345}, "datetime": {"datetime": "2021-09-24 11:24:52", "elapsed": 281.567111, "delta": 1.790643}}
{"target": 0.44815054337066895, "params": {"max_depth": 3.80110939239506, "n_estimators": 200.8569953159982}, "datetime": {"datetime": "2021-09-24 11:24:53", "elapsed": 282.889547, "delta": 1.322436}}
{"target": 0.44338172507806517, "params": {"max_depth": 4.546637264082195, "n_estimators": 255.25288716790436}, "datetime": {"datetime": "2021-09-24 11:24:55", "elapsed": 284.342418, "delta": 1.452871}}
{"target": 0.4425562338724902, "params": {"max_depth": 4.470510102182542, "n_estimators": 264.66051612461547}, "datetime": {"datetime": "2021-09-24 11:24:56", "elapsed": 285.771986, "delta": 1.429568}}
{"target": 0.433613108368343, "params": {"max_depth": 2.865148025419874, "n_estimators": 238.97347091258075}, "datetime": {"datetime": "2021-09-24 11:24:57", "elapsed": 287.061552, "delta": 1.289566}}
{"target": 0.4430441757799227, "params": {"max_depth": 4.207683924588483, "n_estimators": 238.11238520087983}, "datetime": {"datetime": "2021-09-24 11:24:59", "elapsed": 288.54579, "delta": 1.484238}}
{"target": 0.44724118180288075, "params": {"max_depth": 3.970252697659665, "n_estimators": 239.18076418941553}, "datetime": {"datetime": "2021-09-24 11:25:00", "elapsed": 289.908097, "delta": 1.362307}}
{"target": 0.4428328168727128, "params": {"max_depth": 4.007662869073271, "n_estimators": 250.8137674077816}, "datetime": {"datetime": "2021-09-24 11:25:02", "elapsed": 291.466888, "delta": 1.558791}}
{"target": 0.4478035960001332, "params": {"max_depth": 3.570503800594075, "n_estimators": 254.51476498083815}, "datetime": {"datetime": "2021-09-24 11:25:03", "elapsed": 293.018623, "delta": 1.551735}}
{"target": 0.44716657425167916, "params": {"max_depth": 3.4395478084026, "n_estimators": 242.62078137689429}, "datetime": {"datetime": "2021-09-24 11:25:05", "elapsed": 294.633089, "delta": 1.614466}}
{"target": 0.44384572530555, "params": {"max_depth": 4.253001859505072, "n_estimators": 285.2413032984178}, "datetime": {"datetime": "2021-09-24 11:25:06", "elapsed": 296.143916, "delta": 1.510827}}
{"target": 0.4476072733153018, "params": {"max_depth": 3.04257163961457, "n_estimators": 228.80675280906127}, "datetime": {"datetime": "2021-09-24 11:25:08", "elapsed": 297.457913, "delta": 1.313997}}
{"target": 0.44761460035802914, "params": {"max_depth": 3.5815947112691413, "n_estimators": 284.44572121006036}, "datetime": {"datetime": "2021-09-24 11:25:09", "elapsed": 298.974435, "delta": 1.516522}}
{"target": 0.4476072733153018, "params": {"max_depth": 3.5585705359407864, "n_estimators": 228.02074062023718}, "datetime": {"datetime": "2021-09-24 11:25:11", "elapsed": 300.335649, "delta": 1.361214}}
{"target": 0.4211361844707425, "params": {"max_depth": 6.971265661278207, "n_estimators": 214.2348938901985}, "datetime": {"datetime": "2021-09-24 11:25:12", "elapsed": 301.811535, "delta": 1.475886}}
{"target": 0.4470619488606651, "params": {"max_depth": 3.3682502603397633, "n_estimators": 240.5712479442363}, "datetime": {"datetime": "2021-09-24 11:25:13", "elapsed": 303.247506, "delta": 1.435971}}
{"target": 0.4466513743238042, "params": {"max_depth": 3.373093785381368, "n_estimators": 268.63886092903095}, "datetime": {"datetime": "2021-09-24 11:25:15", "elapsed": 304.721889, "delta": 1.474383}}
{"target": 0.44216286952260775, "params": {"max_depth": 4.83548690023383, "n_estimators": 209.47016549317573}, "datetime": {"datetime": "2021-09-24 11:25:16", "elapsed": 305.976862, "delta": 1.254973}}
{"target": 0.4433609942062754, "params": {"max_depth": 4.032269468868234, "n_estimators": 296.87677949250894}, "datetime": {"datetime": "2021-09-24 11:25:18", "elapsed": 307.442108, "delta": 1.465246}}
{"target": 0.4474447386043101, "params": {"max_depth": 3.2433759899200147, "n_estimators": 280.5227515090215}, "datetime": {"datetime": "2021-09-24 11:25:19", "elapsed": 308.991733, "delta": 1.549625}}
{"target": 0.4135318096717725, "params": {"max_depth": 7.0, "n_estimators": 252.63382230249496}, "datetime": {"datetime": "2021-09-24 11:25:21", "elapsed": 310.615865, "delta": 1.624132}}
{"target": 0.4418330409491241, "params": {"max_depth": 4.221014927199858, "n_estimators": 216.81748122474343}, "datetime": {"datetime": "2021-09-24 11:25:22", "elapsed": 311.926148, "delta": 1.310283}}
{"target": 0.44115399090060736, "params": {"max_depth": 4.322928239691624, "n_estimators": 213.70813635170634}, "datetime": {"datetime": "2021-09-24 11:25:24", "elapsed": 313.408701, "delta": 1.482553}}
{"target": 0.42267514886246915, "params": {"max_depth": 6.076632648089088, "n_estimators": 208.57819538896558}, "datetime": {"datetime": "2021-09-24 11:25:25", "elapsed": 314.864784, "delta": 1.456083}}
{"target": 0.4473352611505237, "params": {"max_depth": 3.975846020927002, "n_estimators": 209.04436362688207}, "datetime": {"datetime": "2021-09-24 11:25:27", "elapsed": 316.765184, "delta": 1.9004}}
{"target": 0.4470334430225724, "params": {"max_depth": 3.6538407726987314, "n_estimators": 208.29530335172439}, "datetime": {"datetime": "2021-09-24 11:25:28", "elapsed": 318.207633, "delta": 1.442449}}
{"target": 0.44687542326955965, "params": {"max_depth": 3.480926176217316, "n_estimators": 216.41114959251087}, "datetime": {"datetime": "2021-09-24 11:25:30", "elapsed": 319.42584, "delta": 1.218207}}
{"target": 0.44743103538182405, "params": {"max_depth": 3.2493319574734945, "n_estimators": 221.72190006906612}, "datetime": {"datetime": "2021-09-24 11:25:31", "elapsed": 320.984845, "delta": 1.559005}}
{"target": 0.44310647308833184, "params": {"max_depth": 4.055410676542886, "n_estimators": 291.507674759176}, "datetime": {"datetime": "2021-09-24 11:25:33", "elapsed": 322.738626, "delta": 1.753781}}
{"target": 0.43172529657688963, "params": {"max_depth": 2.9588737315781555, "n_estimators": 292.53665636974836}, "datetime": {"datetime": "2021-09-24 11:25:34", "elapsed": 324.144085, "delta": 1.405459}}
{"target": 0.443626729264339, "params": {"max_depth": 4.961786613453206, "n_estimators": 290.1133522556456}, "datetime": {"datetime": "2021-09-24 11:25:36", "elapsed": 325.851898, "delta": 1.707813}}
{"target": 0.44694433544966994, "params": {"max_depth": 3.937654674501408, "n_estimators": 293.58382065835826}, "datetime": {"datetime": "2021-09-24 11:25:38", "elapsed": 327.538978, "delta": 1.68708}}
{"target": 0.44678656286120977, "params": {"max_depth": 3.293174387202003, "n_estimators": 294.0284425863979}, "datetime": {"datetime": "2021-09-24 11:25:40", "elapsed": 329.325641, "delta": 1.786663}}
{"target": 0.42404584592445815, "params": {"max_depth": 6.950391813166069, "n_estimators": 276.1380010495843}, "datetime": {"datetime": "2021-09-24 11:25:41", "elapsed": 331.050313, "delta": 1.724672}}
{"target": 0.43275524976527824, "params": {"max_depth": 5.06717567407599, "n_estimators": 246.60368737190277}, "datetime": {"datetime": "2021-09-24 11:25:43", "elapsed": 332.868819, "delta": 1.818506}}
{"target": 0.4339022472446611, "params": {"max_depth": 2.0092198377204427, "n_estimators": 235.51951645090267}, "datetime": {"datetime": "2021-09-24 11:25:44", "elapsed": 334.27023, "delta": 1.401411}}
{"target": 0.44729127826432613, "params": {"max_depth": 3.1583670051937864, "n_estimators": 226.3602030675232}, "datetime": {"datetime": "2021-09-24 11:25:46", "elapsed": 335.668528, "delta": 1.398298}}
{"target": 0.4468716281577976, "params": {"max_depth": 3.1374974258978834, "n_estimators": 227.24007941551582}, "datetime": {"datetime": "2021-09-24 11:25:47", "elapsed": 337.252319, "delta": 1.583791}}
{"target": 0.4470515163987242, "params": {"max_depth": 3.2034211476397405, "n_estimators": 224.86530612853647}, "datetime": {"datetime": "2021-09-24 11:25:49", "elapsed": 338.75374, "delta": 1.501421}}
{"target": 0.43133570198484006, "params": {"max_depth": 2.640464260349989, "n_estimators": 295.8768515309443}, "datetime": {"datetime": "2021-09-24 11:25:50", "elapsed": 340.232147, "delta": 1.478407}}
{"target": 0.4469304092375238, "params": {"max_depth": 3.8762319703885884, "n_estimators": 274.9496921964545}, "datetime": {"datetime": "2021-09-24 11:25:52", "elapsed": 341.846874, "delta": 1.614727}}
{"target": 0.4470515163987242, "params": {"max_depth": 3.5950000137690723, "n_estimators": 224.15427598071452}, "datetime": {"datetime": "2021-09-24 11:25:54", "elapsed": 343.419541, "delta": 1.572667}}
{"target": 0.443464493009577, "params": {"max_depth": 4.880947039140143, "n_estimators": 298.56186441734974}, "datetime": {"datetime": "2021-09-24 11:25:56", "elapsed": 345.352034, "delta": 1.932493}}
{"target": 0.43428491624372245, "params": {"max_depth": 2.6829019289090033, "n_estimators": 220.9799557561156}, "datetime": {"datetime": "2021-09-24 11:25:57", "elapsed": 346.795765, "delta": 1.443731}}
{"target": 0.44743103538182405, "params": {"max_depth": 3.9133739909307224, "n_estimators": 221.59119254105553}, "datetime": {"datetime": "2021-09-24 11:25:59", "elapsed": 348.379993, "delta": 1.584228}}
{"target": 0.4415825678163299, "params": {"max_depth": 4.017663328499761, "n_estimators": 220.37201811283919}, "datetime": {"datetime": "2021-09-24 11:26:00", "elapsed": 350.150293, "delta": 1.7703}}
{"target": 0.41496539282941325, "params": {"max_depth": 7.0, "n_estimators": 285.75395195807454}, "datetime": {"datetime": "2021-09-24 11:26:02", "elapsed": 352.088734, "delta": 1.938441}}
{"target": 0.443464493009577, "params": {"max_depth": 4.02460395601587, "n_estimators": 298.18493097300296}, "datetime": {"datetime": "2021-09-24 11:26:04", "elapsed": 354.040765, "delta": 1.952031}}
{"target": 0.4471282899647062, "params": {"max_depth": 3.602575489096989, "n_estimators": 299.50316995282355}, "datetime": {"datetime": "2021-09-24 11:26:06", "elapsed": 355.896689, "delta": 1.855924}}
{"target": 0.44314814744508846, "params": {"max_depth": 4.005912377182598, "n_estimators": 240.03380352383664}, "datetime": {"datetime": "2021-09-24 11:26:08", "elapsed": 357.751747, "delta": 1.855058}}
{"target": 0.44815054337066895, "params": {"max_depth": 3.0553493619164516, "n_estimators": 200.639743536993}, "datetime": {"datetime": "2021-09-24 11:26:10", "elapsed": 359.510155, "delta": 1.758408}}
{"target": 0.4471630856925092, "params": {"max_depth": 3.4718711209931326, "n_estimators": 249.84190426808286}, "datetime": {"datetime": "2021-09-24 11:26:12", "elapsed": 361.280832, "delta": 1.770677}}
{"target": 0.443626729264339, "params": {"max_depth": 4.158807207918233, "n_estimators": 290.53517239192036}, "datetime": {"datetime": "2021-09-24 11:26:13", "elapsed": 363.036814, "delta": 1.755982}}
{"target": 0.44714582739093656, "params": {"max_depth": 3.1134015931968584, "n_estimators": 291.24612060365}, "datetime": {"datetime": "2021-09-24 11:26:15", "elapsed": 365.009316, "delta": 1.972502}}
{"target": 0.44689625586307924, "params": {"max_depth": 3.9344478553232096, "n_estimators": 295.0993680234177}, "datetime": {"datetime": "2021-09-24 11:26:17", "elapsed": 367.023248, "delta": 2.013932}}
{"target": 0.4476964876487436, "params": {"max_depth": 3.7167632363217122, "n_estimators": 253.0976535682349}, "datetime": {"datetime": "2021-09-24 11:26:19", "elapsed": 368.806155, "delta": 1.782907}}
{"target": 0.42149851808647354, "params": {"max_depth": 6.928900531590063, "n_estimators": 234.19106415913592}, "datetime": {"datetime": "2021-09-24 11:26:21", "elapsed": 370.507152, "delta": 1.700997}}
{"target": 0.44710612901178126, "params": {"max_depth": 3.3657425052654775, "n_estimators": 225.67399651195635}, "datetime": {"datetime": "2021-09-24 11:26:22", "elapsed": 372.025256, "delta": 1.518104}}
{"target": 0.44251318759261693, "params": {"max_depth": 4.468462724304464, "n_estimators": 266.17256780979596}, "datetime": {"datetime": "2021-09-24 11:26:24", "elapsed": 373.99386, "delta": 1.968604}}
{"target": 0.4465297446084505, "params": {"max_depth": 3.9415866667890533, "n_estimators": 215.24817724780334}, "datetime": {"datetime": "2021-09-24 11:26:26", "elapsed": 375.600859, "delta": 1.606999}}
{"target": 0.4470757336961756, "params": {"max_depth": 3.492064173941392, "n_estimators": 232.80839069709558}, "datetime": {"datetime": "2021-09-24 11:26:28", "elapsed": 377.910648, "delta": 2.309789}}
{"target": 0.4426673533319594, "params": {"max_depth": 4.06508098344363, "n_estimators": 233.52994074554954}, "datetime": {"datetime": "2021-09-24 11:26:30", "elapsed": 379.96426, "delta": 2.053612}}
{"target": 0.44701364981429714, "params": {"max_depth": 3.231511175198479, "n_estimators": 206.48962351436344}, "datetime": {"datetime": "2021-09-24 11:26:32", "elapsed": 381.644978, "delta": 1.680718}}
{"target": 0.44368845246365185, "params": {"max_depth": 4.028139868015061, "n_estimators": 284.606520433951}, "datetime": {"datetime": "2021-09-24 11:26:34", "elapsed": 383.393684, "delta": 1.748706}}
{"target": 0.44815054337066895, "params": {"max_depth": 3.1471989130293747, "n_estimators": 200.00500318576522}, "datetime": {"datetime": "2021-09-24 11:26:36", "elapsed": 385.764648, "delta": 2.370964}}
{"target": 0.44688244910445585, "params": {"max_depth": 3.643634297653818, "n_estimators": 271.22370522181916}, "datetime": {"datetime": "2021-09-24 11:26:38", "elapsed": 387.659707, "delta": 1.895059}}
{"target": 0.44781282506106423, "params": {"max_depth": 3.524169490230553, "n_estimators": 259.2273360835416}, "datetime": {"datetime": "2021-09-24 11:26:40", "elapsed": 389.309495, "delta": 1.649788}}
{"target": 0.4419972891030297, "params": {"max_depth": 4.578916370555764, "n_estimators": 271.17385876023}, "datetime": {"datetime": "2021-09-24 11:26:42", "elapsed": 392.099743, "delta": 2.790248}}
{"target": 0.4476964876487436, "params": {"max_depth": 3.2318043852377105, "n_estimators": 253.77505751812225}, "datetime": {"datetime": "2021-09-24 11:26:44", "elapsed": 393.97774, "delta": 1.877997}}
{"target": 0.44784137705589366, "params": {"max_depth": 3.75390394560905, "n_estimators": 286.12073289746064}, "datetime": {"datetime": "2021-09-24 11:26:47", "elapsed": 396.300739, "delta": 2.322999}}
{"target": 0.44788496028595637, "params": {"max_depth": 3.6880841486540015, "n_estimators": 287.9432501576761}, "datetime": {"datetime": "2021-09-24 11:26:48", "elapsed": 398.269351, "delta": 1.968612}}
{"target": 0.44699323582386186, "params": {"max_depth": 3.85968260764266, "n_estimators": 207.05599049309194}, "datetime": {"datetime": "2021-09-24 11:26:51", "elapsed": 400.326344, "delta": 2.056993}}
{"target": 0.44336643349828986, "params": {"max_depth": 4.003583099858902, "n_estimators": 261.79158495143764}, "datetime": {"datetime": "2021-09-24 11:26:53", "elapsed": 402.609344, "delta": 2.283}}
{"target": 0.4478200307391449, "params": {"max_depth": 3.1257289464843794, "n_estimators": 261.7907191550797}, "datetime": {"datetime": "2021-09-24 11:26:54", "elapsed": 404.235416, "delta": 1.626072}}
{"target": 0.43401661672970204, "params": {"max_depth": 5.458122608636113, "n_estimators": 262.7667324152146}, "datetime": {"datetime": "2021-09-24 11:26:57", "elapsed": 406.351376, "delta": 2.11596}}
{"target": 0.44757358974751815, "params": {"max_depth": 3.1332904522620098, "n_estimators": 262.4205750763555}, "datetime": {"datetime": "2021-09-24 11:26:59", "elapsed": 408.662413, "delta": 2.311037}}
{"target": 0.44743258951245624, "params": {"max_depth": 3.4179554634340836, "n_estimators": 245.60870929170747}, "datetime": {"datetime": "2021-09-24 11:27:01", "elapsed": 410.340409, "delta": 1.677996}}
{"target": 0.44344137871547895, "params": {"max_depth": 4.568110222332961, "n_estimators": 243.73590886670442}, "datetime": {"datetime": "2021-09-24 11:27:03", "elapsed": 412.47845, "delta": 2.138041}}
{"target": 0.4433580719794019, "params": {"max_depth": 4.616674925377726, "n_estimators": 280.6883870021657}, "datetime": {"datetime": "2021-09-24 11:27:05", "elapsed": 414.819411, "delta": 2.340961}}
{"target": 0.4475719208824843, "params": {"max_depth": 3.8271546867730355, "n_estimators": 260.638780030495}, "datetime": {"datetime": "2021-09-24 11:27:07", "elapsed": 416.956411, "delta": 2.137}}
{"target": 0.43452125437998546, "params": {"max_depth": 2.984573980745929, "n_estimators": 229.51969701094063}, "datetime": {"datetime": "2021-09-24 11:27:09", "elapsed": 418.656418, "delta": 1.700007}}
{"target": 0.4476072733153018, "params": {"max_depth": 3.054234608123625, "n_estimators": 228.19491053864488}, "datetime": {"datetime": "2021-09-24 11:27:11", "elapsed": 420.689409, "delta": 2.032991}}
{"target": 0.44243535893750263, "params": {"max_depth": 4.064614064494833, "n_estimators": 230.04595045777984}, "datetime": {"datetime": "2021-09-24 11:27:13", "elapsed": 422.494708, "delta": 1.805299}}
{"target": 0.41206949867886977, "params": {"max_depth": 7.0, "n_estimators": 221.01777338447576}, "datetime": {"datetime": "2021-09-24 11:27:15", "elapsed": 424.531213, "delta": 2.036505}}
{"target": 0.4476072733153018, "params": {"max_depth": 3.374812674702362, "n_estimators": 228.60999868806465}, "datetime": {"datetime": "2021-09-24 11:27:17", "elapsed": 426.748529, "delta": 2.217316}}
{"target": 0.44706231766328597, "params": {"max_depth": 3.6400352564718053, "n_estimators": 230.4417766063612}, "datetime": {"datetime": "2021-09-24 11:27:19", "elapsed": 428.815718, "delta": 2.067189}}
{"target": 0.4462396311145871, "params": {"max_depth": 3.3069679298282875, "n_estimators": 211.73826931788327}, "datetime": {"datetime": "2021-09-24 11:27:21", "elapsed": 430.437329, "delta": 1.621611}}
{"target": 0.446321068907247, "params": {"max_depth": 3.0023448457917024, "n_estimators": 212.4304941848615}, "datetime": {"datetime": "2021-09-24 11:27:22", "elapsed": 432.012992, "delta": 1.575663}}
