{"target": -39.42026869214551, "params": {"max_depth": 22.903326920605704, "n_estimators": 26.33270692216879, "random_state": 5.0}, "datetime": {"datetime": "2021-09-30 08:51:39", "elapsed": 30.318982, "delta": 0.484375}}
{"target": -39.40043293135588, "params": {"max_depth": 10.611488831165198, "n_estimators": 56.71010577584153, "random_state": 6.0}, "datetime": {"datetime": "2021-09-30 08:51:39", "elapsed": 30.930034, "delta": 0.611052}}
{"target": -39.41651717164003, "params": {"max_depth": 15.997278929306917, "n_estimators": 26.395245108507616, "random_state": 5.180049251002521}, "datetime": {"datetime": "2021-09-30 08:51:40", "elapsed": 31.445626, "delta": 0.515592}}
{"target": -39.18006474351472, "params": {"max_depth": 25.42779181279344, "n_estimators": 20.06187247286406, "random_state": 5.601769334566265}, "datetime": {"datetime": "2021-09-30 08:51:40", "elapsed": 31.914983, "delta": 0.469357}}
{"target": -39.01299484920996, "params": {"max_depth": 29.903416767754347, "n_estimators": 34.084307545015356, "random_state": 5.131181576357644}, "datetime": {"datetime": "2021-09-30 08:51:41", "elapsed": 32.565272, "delta": 0.650289}}
{"target": -39.83753024279342, "params": {"max_depth": 10.14371536719394, "n_estimators": 34.97190851649014, "random_state": 5.0}, "datetime": {"datetime": "2021-09-30 08:51:42", "elapsed": 33.228946, "delta": 0.663674}}
{"target": -38.86778084773073, "params": {"max_depth": 12.764019839665824, "n_estimators": 43.31903176740306, "random_state": 5.384819402738506}, "datetime": {"datetime": "2021-09-30 08:51:42", "elapsed": 33.938527, "delta": 0.709581}}
{"target": -39.25227134771896, "params": {"max_depth": 29.9562042309846, "n_estimators": 55.23406677780115, "random_state": 5.106967548378481}, "datetime": {"datetime": "2021-09-30 08:51:43", "elapsed": 34.658106, "delta": 0.719579}}
{"target": -38.6722519998828, "params": {"max_depth": 30.0, "n_estimators": 38.02818416492776, "random_state": 5.0}, "datetime": {"datetime": "2021-09-30 08:51:44", "elapsed": 35.304836, "delta": 0.64673}}
{"target": -38.85045566121626, "params": {"max_depth": 16.95779304057711, "n_estimators": 33.17078642517296, "random_state": 5.0}, "datetime": {"datetime": "2021-09-30 08:51:44", "elapsed": 35.816583, "delta": 0.511747}}
{"target": -39.039449545698865, "params": {"max_depth": 20.958563362064634, "n_estimators": 33.216316343921605, "random_state": 5.040504456361456}, "datetime": {"datetime": "2021-09-30 08:51:45", "elapsed": 36.402661, "delta": 0.586078}}
{"target": -39.01741061331791, "params": {"max_depth": 24.856235425602723, "n_estimators": 30.96364460293703, "random_state": 6.0}, "datetime": {"datetime": "2021-09-30 08:51:45", "elapsed": 37.017281, "delta": 0.61462}}
{"target": -38.74442344457692, "params": {"max_depth": 30.0, "n_estimators": 39.11038623248649, "random_state": 6.0}, "datetime": {"datetime": "2021-09-30 08:51:46", "elapsed": 37.642017, "delta": 0.624736}}
{"target": -38.64773486791704, "params": {"max_depth": 17.126206363984885, "n_estimators": 39.78760681230932, "random_state": 6.0}, "datetime": {"datetime": "2021-09-30 08:51:47", "elapsed": 38.281463, "delta": 0.639446}}
{"target": -39.01540786577573, "params": {"max_depth": 29.97599727972162, "n_estimators": 36.10007441906246, "random_state": 5.896690132958307}, "datetime": {"datetime": "2021-09-30 08:51:47", "elapsed": 38.888611, "delta": 0.607148}}
{"target": -38.60237413040725, "params": {"max_depth": 17.920157653361564, "n_estimators": 39.055659638616824, "random_state": 5.0}, "datetime": {"datetime": "2021-09-30 08:51:48", "elapsed": 39.535904, "delta": 0.647293}}
{"target": -38.582560579114215, "params": {"max_depth": 16.62347093207388, "n_estimators": 39.6221630752865, "random_state": 5.036048035283562}, "datetime": {"datetime": "2021-09-30 08:51:49", "elapsed": 40.129654, "delta": 0.59375}}
{"target": -37.93303426084822, "params": {"max_depth": 8.932801289582118, "n_estimators": 20.050655322318327, "random_state": 5.63788377897019}, "datetime": {"datetime": "2021-09-30 08:51:49", "elapsed": 40.630317, "delta": 0.500663}}
{"target": -38.09378915195394, "params": {"max_depth": 8.386905615984734, "n_estimators": 21.021936867781772, "random_state": 5.0}, "datetime": {"datetime": "2021-09-30 08:51:50", "elapsed": 41.255906, "delta": 0.625589}}
{"target": -39.55714314497553, "params": {"max_depth": 9.123633260420995, "n_estimators": 21.05800254767718, "random_state": 6.0}, "datetime": {"datetime": "2021-09-30 08:51:50", "elapsed": 41.787852, "delta": 0.531946}}
{"target": -37.93303426084822, "params": {"max_depth": 8.334430616876148, "n_estimators": 20.0, "random_state": 5.0}, "datetime": {"datetime": "2021-09-30 08:51:51", "elapsed": 42.350347, "delta": 0.562495}}
{"target": -37.93303426084822, "params": {"max_depth": 8.036997823562377, "n_estimators": 20.068229874420705, "random_state": 5.694731380173115}, "datetime": {"datetime": "2021-09-30 08:51:51", "elapsed": 42.867222, "delta": 0.516875}}
{"target": -39.58535469238409, "params": {"max_depth": 7.528773582126671, "n_estimators": 20.420765185426877, "random_state": 5.196636380525281}, "datetime": {"datetime": "2021-09-30 08:51:52", "elapsed": 43.367852, "delta": 0.50063}}
{"target": -38.83195241115864, "params": {"max_depth": 17.455933672041002, "n_estimators": 51.49143818179804, "random_state": 5.16246758988181}, "datetime": {"datetime": "2021-09-30 08:51:52", "elapsed": 43.852225, "delta": 0.484373}}
{"target": -37.93303426084822, "params": {"max_depth": 8.576352220464472, "n_estimators": 20.357321752083067, "random_state": 5.074648046942827}, "datetime": {"datetime": "2021-09-30 08:51:53", "elapsed": 44.430349, "delta": 0.578124}}
{"target": -37.93303426084822, "params": {"max_depth": 8.466105274342866, "n_estimators": 20.232324494442796, "random_state": 5.463188804843252}, "datetime": {"datetime": "2021-09-30 08:51:54", "elapsed": 45.041862, "delta": 0.611513}}
{"target": -37.93303426084822, "params": {"max_depth": 8.82737927546912, "n_estimators": 20.0306708540503, "random_state": 5.2843691401896375}, "datetime": {"datetime": "2021-09-30 08:51:54", "elapsed": 45.666862, "delta": 0.625}}
{"target": -37.93303426084822, "params": {"max_depth": 8.901813072698124, "n_estimators": 20.786446653173314, "random_state": 5.0}, "datetime": {"datetime": "2021-09-30 08:51:55", "elapsed": 46.244987, "delta": 0.578125}}
{"target": -39.19337590843747, "params": {"max_depth": 9.760668656270367, "n_estimators": 20.161835231615896, "random_state": 5.042709883298465}, "datetime": {"datetime": "2021-09-30 08:51:55", "elapsed": 46.762659, "delta": 0.517672}}
{"target": -38.09378915195394, "params": {"max_depth": 8.814127791726445, "n_estimators": 21.349480691310273, "random_state": 5.0}, "datetime": {"datetime": "2021-09-30 08:51:56", "elapsed": 47.387674, "delta": 0.625015}}
{"target": -37.93303426084822, "params": {"max_depth": 8.48161617100695, "n_estimators": 20.15502312251353, "random_state": 5.788349188157887}, "datetime": {"datetime": "2021-09-30 08:51:57", "elapsed": 48.060268, "delta": 0.672594}}
{"target": -37.93303426084822, "params": {"max_depth": 8.313245819035938, "n_estimators": 20.08065424128084, "random_state": 5.9740159269535935}, "datetime": {"datetime": "2021-09-30 08:51:57", "elapsed": 48.607143, "delta": 0.546875}}
{"target": -38.09378915195394, "params": {"max_depth": 8.107635806509949, "n_estimators": 21.969293705403466, "random_state": 5.059396193305725}, "datetime": {"datetime": "2021-09-30 08:51:58", "elapsed": 49.296237, "delta": 0.689094}}
{"target": -37.90466411223512, "params": {"max_depth": 8.589332064417825, "n_estimators": 22.73851169136268, "random_state": 5.165249319728488}, "datetime": {"datetime": "2021-09-30 08:51:58", "elapsed": 50.030662, "delta": 0.734425}}
{"target": -39.407796893119034, "params": {"max_depth": 7.871499844123442, "n_estimators": 23.126014352900192, "random_state": 5.149103668119053}, "datetime": {"datetime": "2021-09-30 08:51:59", "elapsed": 50.530613, "delta": 0.499951}}
{"target": -37.90466411223512, "params": {"max_depth": 8.709688464072599, "n_estimators": 22.302226571140974, "random_state": 5.140864309550973}, "datetime": {"datetime": "2021-09-30 08:52:00", "elapsed": 51.109999, "delta": 0.579386}}
{"target": -38.88057145082238, "params": {"max_depth": 9.281877713800446, "n_estimators": 22.78181202969272, "random_state": 5.183848078057459}, "datetime": {"datetime": "2021-09-30 08:52:00", "elapsed": 51.641816, "delta": 0.531817}}
{"target": -37.90466411223512, "params": {"max_depth": 8.732135008642388, "n_estimators": 22.628974285182736, "random_state": 5.471758930275135}, "datetime": {"datetime": "2021-09-30 08:52:01", "elapsed": 52.20432, "delta": 0.562504}}
{"target": -38.09378915195394, "params": {"max_depth": 8.133695117317403, "n_estimators": 21.89984916461199, "random_state": 5.617203740283931}, "datetime": {"datetime": "2021-09-30 08:52:01", "elapsed": 52.799962, "delta": 0.595642}}
{"target": -38.61027513086835, "params": {"max_depth": 17.612963172227577, "n_estimators": 40.196625260060806, "random_state": 5.0}, "datetime": {"datetime": "2021-09-30 08:52:02", "elapsed": 53.645849, "delta": 0.845887}}
{"target": -37.90466411223512, "params": {"max_depth": 8.42264476861341, "n_estimators": 22.39937863959367, "random_state": 5.189326090867309}, "datetime": {"datetime": "2021-09-30 08:52:03", "elapsed": 54.286472, "delta": 0.640623}}
{"target": -37.90466411223512, "params": {"max_depth": 8.413244238395098, "n_estimators": 22.676536999088405, "random_state": 5.872163289549365}, "datetime": {"datetime": "2021-09-30 08:52:03", "elapsed": 54.938582, "delta": 0.65211}}
{"target": -37.90466411223512, "params": {"max_depth": 8.628204291501348, "n_estimators": 22.307216256694797, "random_state": 5.842098017056224}, "datetime": {"datetime": "2021-09-30 08:52:04", "elapsed": 55.542345, "delta": 0.603763}}
{"target": -39.23043454028327, "params": {"max_depth": 7.969380612628943, "n_estimators": 22.293811866999317, "random_state": 5.990271171609337}, "datetime": {"datetime": "2021-09-30 08:52:05", "elapsed": 56.137632, "delta": 0.595287}}
{"target": -38.09378915195394, "params": {"max_depth": 8.374687927003784, "n_estimators": 21.995417127366803, "random_state": 5.320204697401293}, "datetime": {"datetime": "2021-09-30 08:52:05", "elapsed": 56.679164, "delta": 0.541532}}
{"target": -38.09378915195394, "params": {"max_depth": 8.157004525080394, "n_estimators": 21.4515776864182, "random_state": 5.379824412738937}, "datetime": {"datetime": "2021-09-30 08:52:06", "elapsed": 57.18375, "delta": 0.504586}}
{"target": -38.290269438807705, "params": {"max_depth": 8.73860259862004, "n_estimators": 23.37345039228813, "random_state": 5.802576518757521}, "datetime": {"datetime": "2021-09-30 08:52:06", "elapsed": 57.73059, "delta": 0.54684}}
{"target": -37.90466411223512, "params": {"max_depth": 8.867294222287816, "n_estimators": 22.94438464315522, "random_state": 5.923672420935394}, "datetime": {"datetime": "2021-09-30 08:52:07", "elapsed": 58.334512, "delta": 0.603922}}
{"target": -37.90466411223512, "params": {"max_depth": 8.766088865680857, "n_estimators": 22.59416874168202, "random_state": 5.921102970638973}, "datetime": {"datetime": "2021-09-30 08:52:07", "elapsed": 58.839355, "delta": 0.504843}}
{"target": -38.59634586234708, "params": {"max_depth": 16.088030748362, "n_estimators": 40.74599882702919, "random_state": 5.164996820142663}, "datetime": {"datetime": "2021-09-30 08:52:08", "elapsed": 59.52686, "delta": 0.687505}}
{"target": -38.92322933570049, "params": {"max_depth": 15.67629704356373, "n_estimators": 39.677173532623044, "random_state": 5.996687413923817}, "datetime": {"datetime": "2021-09-30 08:52:09", "elapsed": 60.22998, "delta": 0.70312}}
{"target": -38.848400083384405, "params": {"max_depth": 18.34092184511196, "n_estimators": 39.6906546040013, "random_state": 5.869017717237335}, "datetime": {"datetime": "2021-09-30 08:52:09", "elapsed": 60.922168, "delta": 0.692188}}
{"target": -38.7328491007853, "params": {"max_depth": 16.945434459524176, "n_estimators": 41.47233842183487, "random_state": 5.0}, "datetime": {"datetime": "2021-09-30 08:52:10", "elapsed": 61.697869, "delta": 0.775701}}
{"target": -38.57411297591987, "params": {"max_depth": 17.049298293875946, "n_estimators": 38.525887090498685, "random_state": 5.573218506531152}, "datetime": {"datetime": "2021-09-30 08:52:11", "elapsed": 62.369784, "delta": 0.671915}}
{"target": -38.854455845320864, "params": {"max_depth": 17.649365450996754, "n_estimators": 37.687761460166584, "random_state": 5.183718564645127}, "datetime": {"datetime": "2021-09-30 08:52:12", "elapsed": 63.136019, "delta": 0.766235}}
{"target": -38.97087513460853, "params": {"max_depth": 12.499409307696864, "n_estimators": 44.67092536229556, "random_state": 5.951339144729381}, "datetime": {"datetime": "2021-09-30 08:52:12", "elapsed": 63.807856, "delta": 0.671837}}
{"target": -38.7328491007853, "params": {"max_depth": 16.148793136401565, "n_estimators": 41.84757565129995, "random_state": 5.9729148570750255}, "datetime": {"datetime": "2021-09-30 08:52:13", "elapsed": 64.557897, "delta": 0.750041}}
{"target": -38.6722519998828, "params": {"max_depth": 28.363757551640706, "n_estimators": 38.706899850546286, "random_state": 5.0352244603880125}, "datetime": {"datetime": "2021-09-30 08:52:14", "elapsed": 65.250071, "delta": 0.692174}}
{"target": -39.27187346747707, "params": {"max_depth": 11.302163911122335, "n_estimators": 43.41622903833501, "random_state": 5.967247593498586}, "datetime": {"datetime": "2021-09-30 08:52:14", "elapsed": 65.937571, "delta": 0.6875}}
{"target": -39.11464221064448, "params": {"max_depth": 14.980651686261957, "n_estimators": 41.09401562594097, "random_state": 5.068116752791514}, "datetime": {"datetime": "2021-09-30 08:52:15", "elapsed": 66.570208, "delta": 0.632637}}
{"target": -38.70720637770514, "params": {"max_depth": 27.6084295147741, "n_estimators": 39.89526866762726, "random_state": 5.079434121353433}, "datetime": {"datetime": "2021-09-30 08:52:16", "elapsed": 67.309278, "delta": 0.73907}}
{"target": -38.59634586234708, "params": {"max_depth": 16.76933970736004, "n_estimators": 40.845737287977784, "random_state": 5.9419087132937065}, "datetime": {"datetime": "2021-09-30 08:52:17", "elapsed": 68.058344, "delta": 0.749066}}
{"target": -38.70720637770514, "params": {"max_depth": 29.027518825382028, "n_estimators": 39.857442174436976, "random_state": 5.029781785851583}, "datetime": {"datetime": "2021-09-30 08:52:17", "elapsed": 68.771647, "delta": 0.713303}}
{"target": -37.90466411223512, "params": {"max_depth": 8.572842530407613, "n_estimators": 22.943074028877597, "random_state": 5.834024741878816}, "datetime": {"datetime": "2021-09-30 08:52:18", "elapsed": 69.36006, "delta": 0.588413}}
{"target": -39.058719926267415, "params": {"max_depth": 23.67480499664475, "n_estimators": 37.52951833492071, "random_state": 5.773577195321878}, "datetime": {"datetime": "2021-09-30 08:52:19", "elapsed": 70.141309, "delta": 0.781249}}
{"target": -39.12701317262904, "params": {"max_depth": 9.572767436982978, "n_estimators": 23.930755477528773, "random_state": 5.995208581887138}, "datetime": {"datetime": "2021-09-30 08:52:19", "elapsed": 70.75077, "delta": 0.609461}}
{"target": -38.70720637770514, "params": {"max_depth": 28.570802995207718, "n_estimators": 39.230424336949746, "random_state": 5.967743793600787}, "datetime": {"datetime": "2021-09-30 08:52:20", "elapsed": 71.427181, "delta": 0.676411}}
{"target": -38.72833847473088, "params": {"max_depth": 20.743582571454404, "n_estimators": 40.02699888054653, "random_state": 5.025100285509074}, "datetime": {"datetime": "2021-09-30 08:52:21", "elapsed": 72.171735, "delta": 0.744554}}
{"target": -38.82307237065719, "params": {"max_depth": 22.89576408326748, "n_estimators": 40.42084457576192, "random_state": 5.077525966062594}, "datetime": {"datetime": "2021-09-30 08:52:21", "elapsed": 73.004572, "delta": 0.832837}}
{"target": -38.77065079373028, "params": {"max_depth": 17.014156770875587, "n_estimators": 43.420526833924484, "random_state": 5.9515450732423805}, "datetime": {"datetime": "2021-09-30 08:52:22", "elapsed": 73.712493, "delta": 0.707921}}
{"target": -37.93303426084822, "params": {"max_depth": 8.437927335531262, "n_estimators": 20.032770059029623, "random_state": 5.419797797373866}, "datetime": {"datetime": "2021-09-30 08:52:23", "elapsed": 74.353121, "delta": 0.640628}}
{"target": -39.58535469238409, "params": {"max_depth": 7.983213577957103, "n_estimators": 20.826252368475377, "random_state": 5.933294727436888}, "datetime": {"datetime": "2021-09-30 08:52:23", "elapsed": 74.90477, "delta": 0.551649}}
{"target": -38.09378915195394, "params": {"max_depth": 8.309098011896516, "n_estimators": 21.5487980699603, "random_state": 5.058100984447959}, "datetime": {"datetime": "2021-09-30 08:52:24", "elapsed": 75.492232, "delta": 0.587462}}
{"target": -38.863646119463056, "params": {"max_depth": 17.553593825950095, "n_estimators": 45.38975988370669, "random_state": 5.719368936923269}, "datetime": {"datetime": "2021-09-30 08:52:25", "elapsed": 76.242237, "delta": 0.750005}}
{"target": -39.55067687457536, "params": {"max_depth": 7.501348625780047, "n_estimators": 21.62288912033113, "random_state": 5.094094600505769}, "datetime": {"datetime": "2021-09-30 08:52:25", "elapsed": 76.913436, "delta": 0.671199}}
{"target": -39.058719926267415, "params": {"max_depth": 29.393674578503514, "n_estimators": 37.99299172026221, "random_state": 5.997461345583272}, "datetime": {"datetime": "2021-09-30 08:52:26", "elapsed": 77.663442, "delta": 0.750006}}
{"target": -37.93303426084822, "params": {"max_depth": 8.762459413686962, "n_estimators": 20.61967836156237, "random_state": 5.384510088751702}, "datetime": {"datetime": "2021-09-30 08:52:27", "elapsed": 78.350268, "delta": 0.686826}}
{"target": -38.6722519998828, "params": {"max_depth": 25.6713558276654, "n_estimators": 38.096565797717176, "random_state": 5.009761857352647}, "datetime": {"datetime": "2021-09-30 08:52:28", "elapsed": 79.198706, "delta": 0.848438}}
{"target": -38.562841277194906, "params": {"max_depth": 16.152407398804108, "n_estimators": 38.60335000906472, "random_state": 5.0}, "datetime": {"datetime": "2021-09-30 08:52:28", "elapsed": 80.011238, "delta": 0.812532}}
{"target": -38.812933291014, "params": {"max_depth": 8.378703060479221, "n_estimators": 51.24141166116588, "random_state": 5.3227906430016585}, "datetime": {"datetime": "2021-09-30 08:52:29", "elapsed": 80.849499, "delta": 0.838261}}
{"target": -38.825632735503326, "params": {"max_depth": 8.164551310801915, "n_estimators": 48.9737569234612, "random_state": 5.206187510395587}, "datetime": {"datetime": "2021-09-30 08:52:30", "elapsed": 81.760496, "delta": 0.910997}}
{"target": -39.058719926267415, "params": {"max_depth": 26.963606322789595, "n_estimators": 37.34916274263877, "random_state": 5.0894278762247}, "datetime": {"datetime": "2021-09-30 08:52:31", "elapsed": 82.415132, "delta": 0.654636}}
{"target": -38.72770050416515, "params": {"max_depth": 21.16021242996342, "n_estimators": 39.36828784825717, "random_state": 5.977040273457034}, "datetime": {"datetime": "2021-09-30 08:52:32", "elapsed": 83.223168, "delta": 0.808036}}
{"target": -38.87995718576363, "params": {"max_depth": 14.934106487578234, "n_estimators": 38.645967761112516, "random_state": 5.085940401824757}, "datetime": {"datetime": "2021-09-30 08:52:32", "elapsed": 84.027884, "delta": 0.804716}}
{"target": -39.41876234367193, "params": {"max_depth": 7.140114009455047, "n_estimators": 53.01971646520938, "random_state": 5.947466013611147}, "datetime": {"datetime": "2021-09-30 08:52:33", "elapsed": 84.984235, "delta": 0.956351}}
{"target": -37.90466411223512, "params": {"max_depth": 8.529318647406992, "n_estimators": 22.623046936310864, "random_state": 5.584332702387768}, "datetime": {"datetime": "2021-09-30 08:52:34", "elapsed": 85.669953, "delta": 0.685718}}
{"target": -38.86033786995017, "params": {"max_depth": 5.415762949970204, "n_estimators": 45.802469873493294, "random_state": 5.732239997839611}, "datetime": {"datetime": "2021-09-30 08:52:35", "elapsed": 86.472755, "delta": 0.802802}}
{"target": -39.13337796051064, "params": {"max_depth": 10.139733966475895, "n_estimators": 50.25200869031657, "random_state": 6.0}, "datetime": {"datetime": "2021-09-30 08:52:36", "elapsed": 87.43237, "delta": 0.959615}}
{"target": -40.157136180610856, "params": {"max_depth": 3.1515848173175787, "n_estimators": 25.813928927222744, "random_state": 5.908687526192926}, "datetime": {"datetime": "2021-09-30 08:52:37", "elapsed": 88.117399, "delta": 0.685029}}
{"target": -38.78343672383237, "params": {"max_depth": 22.310604957143145, "n_estimators": 42.8077560464195, "random_state": 6.0}, "datetime": {"datetime": "2021-09-30 08:52:38", "elapsed": 89.187968, "delta": 1.070569}}
{"target": -38.837839492158345, "params": {"max_depth": 20.969928057118416, "n_estimators": 42.09444542615317, "random_state": 5.12181681787899}, "datetime": {"datetime": "2021-09-30 08:52:39", "elapsed": 90.274664, "delta": 1.086696}}
{"target": -39.26695714805439, "params": {"max_depth": 21.892645625937238, "n_estimators": 55.22238595645418, "random_state": 5.651221163602085}, "datetime": {"datetime": "2021-09-30 08:52:40", "elapsed": 91.31694, "delta": 1.042276}}
{"target": -38.70720637770514, "params": {"max_depth": 24.026081206865246, "n_estimators": 39.425421541173925, "random_state": 5.019620748445993}, "datetime": {"datetime": "2021-09-30 08:52:41", "elapsed": 92.051964, "delta": 0.735024}}
{"target": -38.85872622778066, "params": {"max_depth": 5.091897158838128, "n_estimators": 36.47779106981115, "random_state": 5.905929290120117}, "datetime": {"datetime": "2021-09-30 08:52:41", "elapsed": 92.700007, "delta": 0.648043}}
