{"target": 0.3743831432705007, "params": {"max_depth": 4.517199825186667, "n_estimators": 9.22317299422247}, "datetime": {"datetime": "2021-09-24 10:24:11", "elapsed": 722.07138, "delta": 2.42773}}
{"target": 0.3780156746265354, "params": {"max_depth": 4.301835103994885, "n_estimators": 7.157167585201755}, "datetime": {"datetime": "2021-09-24 10:24:14", "elapsed": 725.155398, "delta": 3.084018}}
{"target": 0.4060118300111887, "params": {"max_depth": 6.294408730013446, "n_estimators": 71.1967566489049}, "datetime": {"datetime": "2021-09-24 10:24:17", "elapsed": 727.803756, "delta": 2.648358}}
{"target": 0.3483943336285741, "params": {"max_depth": 8.364926682405619, "n_estimators": 27.675034159660267}, "datetime": {"datetime": "2021-09-24 10:24:19", "elapsed": 729.857107, "delta": 2.053351}}
{"target": 0.4082558346403813, "params": {"max_depth": 6.470290973879383, "n_estimators": 82.7636011047128}, "datetime": {"datetime": "2021-09-24 10:24:22", "elapsed": 732.319718, "delta": 2.462611}}
{"target": 0.3849395398849874, "params": {"max_depth": 8.733749270665257, "n_estimators": 49.22230445655105}, "datetime": {"datetime": "2021-09-24 10:24:24", "elapsed": 735.001664, "delta": 2.681946}}
{"target": 0.42135001094664737, "params": {"max_depth": 5.477135295260716, "n_estimators": 88.49472801428008}, "datetime": {"datetime": "2021-09-24 10:24:27", "elapsed": 737.785588, "delta": 2.783924}}
{"target": 0.3922954067536072, "params": {"max_depth": 8.866577067588366, "n_estimators": 96.01687206320415}, "datetime": {"datetime": "2021-09-24 10:24:29", "elapsed": 740.244768, "delta": 2.45918}}
{"target": 0.39039399772113204, "params": {"max_depth": 8.822027833038355, "n_estimators": 72.19587897678994}, "datetime": {"datetime": "2021-09-24 10:24:32", "elapsed": 742.517943, "delta": 2.273175}}
{"target": 0.3818111624559849, "params": {"max_depth": 11.963729407273885, "n_estimators": 49.39769709925323}, "datetime": {"datetime": "2021-09-24 10:24:34", "elapsed": 745.127526, "delta": 2.609583}}
{"target": 0.4212526352756055, "params": {"max_depth": 5.168951722606676, "n_estimators": 98.62231434715613}, "datetime": {"datetime": "2021-09-24 10:24:37", "elapsed": 747.323305, "delta": 2.195779}}
{"target": 0.4413242198694831, "params": {"max_depth": 2.208957077421616, "n_estimators": 11.225153755352755}, "datetime": {"datetime": "2021-09-24 10:24:38", "elapsed": 749.208787, "delta": 1.885482}}
{"target": 0.4426029669610759, "params": {"max_depth": 2.422007068764182, "n_estimators": 8.148779964355782}, "datetime": {"datetime": "2021-09-24 10:24:41", "elapsed": 752.086105, "delta": 2.877318}}
{"target": 0.3522325725995602, "params": {"max_depth": 6.121680036820345, "n_estimators": 22.208728236467614}, "datetime": {"datetime": "2021-09-24 10:24:44", "elapsed": 755.227352, "delta": 3.141247}}
{"target": 0.3837055124015232, "params": {"max_depth": 11.975798561732802, "n_estimators": 95.10263277431858}, "datetime": {"datetime": "2021-09-24 10:24:47", "elapsed": 758.017925, "delta": 2.790573}}
{"target": 0.42336805188994364, "params": {"max_depth": 5.823901206322136, "n_estimators": 59.96670946307525}, "datetime": {"datetime": "2021-09-24 10:24:50", "elapsed": 760.900317, "delta": 2.882392}}
{"target": 0.4210560529419164, "params": {"max_depth": 5.457401399826042, "n_estimators": 100.0}, "datetime": {"datetime": "2021-09-24 10:24:53", "elapsed": 763.336556, "delta": 2.436239}}
{"target": 0.43875072477818944, "params": {"max_depth": 3.5195157908332595, "n_estimators": 21.983058317752903}, "datetime": {"datetime": "2021-09-24 10:24:57", "elapsed": 767.528218, "delta": 4.191662}}
{"target": 0.4223537371245222, "params": {"max_depth": 5.015832858901181, "n_estimators": 80.53008735057887}, "datetime": {"datetime": "2021-09-24 10:24:59", "elapsed": 769.777244, "delta": 2.249026}}
{"target": 0.4236900655447312, "params": {"max_depth": 4.23525842509804, "n_estimators": 52.23866777119975}, "datetime": {"datetime": "2021-09-24 10:25:03", "elapsed": 773.843745, "delta": 4.066501}}
{"target": 0.4337264952354656, "params": {"max_depth": 2.5449030147547895, "n_estimators": 17.40595858096148}, "datetime": {"datetime": "2021-09-24 10:25:05", "elapsed": 775.753782, "delta": 1.910037}}
{"target": 0.3950729716379875, "params": {"max_depth": 10.691614876962483, "n_estimators": 80.87968062222023}, "datetime": {"datetime": "2021-09-24 10:25:08", "elapsed": 778.368052, "delta": 2.61427}}
{"target": 0.39424955499491054, "params": {"max_depth": 10.55101133539432, "n_estimators": 64.70301079822474}, "datetime": {"datetime": "2021-09-24 10:25:10", "elapsed": 781.288446, "delta": 2.920394}}
{"target": 0.42164632544455394, "params": {"max_depth": 5.4787651048480495, "n_estimators": 61.286259951154584}, "datetime": {"datetime": "2021-09-24 10:25:13", "elapsed": 783.718359, "delta": 2.429913}}
{"target": 0.43933804691094014, "params": {"max_depth": 3.8390529837776115, "n_estimators": 49.07137040517942}, "datetime": {"datetime": "2021-09-24 10:25:15", "elapsed": 786.040624, "delta": 2.322265}}
{"target": 0.4285213932042736, "params": {"max_depth": 3.075852057966798, "n_estimators": 30.605460793915732}, "datetime": {"datetime": "2021-09-24 10:25:17", "elapsed": 788.115142, "delta": 2.074518}}
{"target": 0.438349535995074, "params": {"max_depth": 2.0933244680448015, "n_estimators": 32.159615066645046}, "datetime": {"datetime": "2021-09-24 10:25:19", "elapsed": 790.234417, "delta": 2.119275}}
{"target": 0.4402965240213851, "params": {"max_depth": 2.5167363839989556, "n_estimators": 85.71170913642099}, "datetime": {"datetime": "2021-09-24 10:25:22", "elapsed": 792.65323, "delta": 2.418813}}
{"target": 0.4349477286750367, "params": {"max_depth": 3.099824444013872, "n_estimators": 40.63839068519086}, "datetime": {"datetime": "2021-09-24 10:25:24", "elapsed": 794.775738, "delta": 2.122508}}
{"target": 0.44138553107605183, "params": {"max_depth": 2.0463404095262043, "n_estimators": 41.59614474256484}, "datetime": {"datetime": "2021-09-24 10:25:26", "elapsed": 797.090972, "delta": 2.315234}}
{"target": 0.4027048750015575, "params": {"max_depth": 6.728769292452946, "n_estimators": 63.76341598790599}, "datetime": {"datetime": "2021-09-24 10:25:29", "elapsed": 799.542579, "delta": 2.451607}}
{"target": 0.43326456510890077, "params": {"max_depth": 3.029427424238275, "n_estimators": 36.25941902451117}, "datetime": {"datetime": "2021-09-24 10:25:31", "elapsed": 801.903879, "delta": 2.3613}}
{"target": 0.44390491892758355, "params": {"max_depth": 2.796200974640337, "n_estimators": 38.31546488823669}, "datetime": {"datetime": "2021-09-24 10:25:33", "elapsed": 803.981112, "delta": 2.077233}}
{"target": 0.4459527094815423, "params": {"max_depth": 2.9527192614501385, "n_estimators": 48.604258515408056}, "datetime": {"datetime": "2021-09-24 10:25:36", "elapsed": 806.841852, "delta": 2.86074}}
{"target": 0.44049887014168454, "params": {"max_depth": 3.375685892684305, "n_estimators": 76.00935135531402}, "datetime": {"datetime": "2021-09-24 10:25:39", "elapsed": 809.573717, "delta": 2.731865}}
{"target": 0.44511630613768594, "params": {"max_depth": 3.9015163085040028, "n_estimators": 85.43010372096083}, "datetime": {"datetime": "2021-09-24 10:25:41", "elapsed": 812.008984, "delta": 2.435267}}
{"target": 0.436096828076489, "params": {"max_depth": 2.831379267938808, "n_estimators": 74.57861225680158}, "datetime": {"datetime": "2021-09-24 10:25:44", "elapsed": 815.017808, "delta": 3.008824}}
{"target": 0.3891914854445033, "params": {"max_depth": 6.449945140669815, "n_estimators": 48.02448014066501}, "datetime": {"datetime": "2021-09-24 10:25:47", "elapsed": 818.211518, "delta": 3.19371}}
{"target": 0.4087815123555274, "params": {"max_depth": 4.905437629634841, "n_estimators": 19.560102696338088}, "datetime": {"datetime": "2021-09-24 10:25:50", "elapsed": 820.731895, "delta": 2.520377}}
{"target": 0.42093676580577766, "params": {"max_depth": 5.700171232298371, "n_estimators": 65.01381544720127}, "datetime": {"datetime": "2021-09-24 10:25:52", "elapsed": 823.220003, "delta": 2.488108}}
{"target": 0.44496044743594687, "params": {"max_depth": 3.4440295649629755, "n_estimators": 86.98225462133757}, "datetime": {"datetime": "2021-09-24 10:25:55", "elapsed": 825.441279, "delta": 2.221276}}
{"target": 0.4412312097166722, "params": {"max_depth": 3.613397430376755, "n_estimators": 99.49129176423244}, "datetime": {"datetime": "2021-09-24 10:25:58", "elapsed": 828.894359, "delta": 3.45308}}
{"target": 0.4316236685941359, "params": {"max_depth": 4.041497330965189, "n_estimators": 80.46005403748218}, "datetime": {"datetime": "2021-09-24 10:26:01", "elapsed": 831.336695, "delta": 2.442336}}
{"target": 0.43285732688328826, "params": {"max_depth": 4.268966567166087, "n_estimators": 99.99202271790982}, "datetime": {"datetime": "2021-09-24 10:26:03", "elapsed": 834.024179, "delta": 2.687484}}
{"target": 0.4421858826643523, "params": {"max_depth": 3.4575002309620637, "n_estimators": 57.775191641702804}, "datetime": {"datetime": "2021-09-24 10:26:05", "elapsed": 836.167442, "delta": 2.143263}}
{"target": 0.4404691323287512, "params": {"max_depth": 3.562870722355416, "n_estimators": 69.77285493943324}, "datetime": {"datetime": "2021-09-24 10:26:09", "elapsed": 839.484169, "delta": 3.316727}}
{"target": 0.44060717602539323, "params": {"max_depth": 3.0026964072335143, "n_estimators": 100.0}, "datetime": {"datetime": "2021-09-24 10:26:11", "elapsed": 842.131646, "delta": 2.647477}}
{"target": 0.3908127260302321, "params": {"max_depth": 8.903765465945426, "n_estimators": 62.02883383310003}, "datetime": {"datetime": "2021-09-24 10:26:14", "elapsed": 845.113343, "delta": 2.981697}}
{"target": 0.44447924402469596, "params": {"max_depth": 2.5116178594885157, "n_estimators": 46.731591132049324}, "datetime": {"datetime": "2021-09-24 10:26:17", "elapsed": 847.701367, "delta": 2.588024}}
{"target": 0.341164628932217, "params": {"max_depth": 1.0459400744972704, "n_estimators": 90.10756487385949}, "datetime": {"datetime": "2021-09-24 10:26:21", "elapsed": 851.627262, "delta": 3.925895}}
{"target": 0.4451933261833856, "params": {"max_depth": 3.416222631045574, "n_estimators": 82.55241674335085}, "datetime": {"datetime": "2021-09-24 10:26:24", "elapsed": 854.594552, "delta": 2.96729}}
{"target": 0.43318014075982225, "params": {"max_depth": 4.4744071611877425, "n_estimators": 83.34975611245532}, "datetime": {"datetime": "2021-09-24 10:26:27", "elapsed": 857.331934, "delta": 2.737382}}
{"target": 0.4364750296729568, "params": {"max_depth": 2.6976609184360267, "n_estimators": 93.16672603743415}, "datetime": {"datetime": "2021-09-24 10:26:29", "elapsed": 859.72718, "delta": 2.395246}}
{"target": 0.43587848248653027, "params": {"max_depth": 3.5334865432261933, "n_estimators": 38.33877907165395}, "datetime": {"datetime": "2021-09-24 10:26:32", "elapsed": 862.325679, "delta": 2.598499}}
{"target": 0.44138553107605183, "params": {"max_depth": 2.459776633228066, "n_estimators": 41.54875117912031}, "datetime": {"datetime": "2021-09-24 10:26:34", "elapsed": 865.269475, "delta": 2.943796}}
{"target": 0.43611124531814915, "params": {"max_depth": 3.4013385312566786, "n_estimators": 42.18847066134327}, "datetime": {"datetime": "2021-09-24 10:26:39", "elapsed": 869.735394, "delta": 4.465919}}
{"target": 0.441434615549384, "params": {"max_depth": 3.6979495627581027, "n_estimators": 67.28841094765389}, "datetime": {"datetime": "2021-09-24 10:26:42", "elapsed": 872.683452, "delta": 2.948058}}
{"target": 0.4402623917865752, "params": {"max_depth": 2.3483552020913168, "n_estimators": 86.84312997776598}, "datetime": {"datetime": "2021-09-24 10:26:45", "elapsed": 875.418049, "delta": 2.734597}}
{"target": 0.43722276884370026, "params": {"max_depth": 2.5493244488619524, "n_estimators": 31.838512579739575}, "datetime": {"datetime": "2021-09-24 10:26:49", "elapsed": 879.841283, "delta": 4.423234}}
{"target": 0.438349535995074, "params": {"max_depth": 2.4760145626471344, "n_estimators": 32.80352844964614}, "datetime": {"datetime": "2021-09-24 10:26:52", "elapsed": 882.891023, "delta": 3.04974}}
{"target": 0.43473687200828826, "params": {"max_depth": 2.3083671612442918, "n_estimators": 29.381159866480367}, "datetime": {"datetime": "2021-09-24 10:26:56", "elapsed": 886.493434, "delta": 3.602411}}
{"target": 0.44535968079071087, "params": {"max_depth": 3.7958565771141948, "n_estimators": 84.19469371414858}, "datetime": {"datetime": "2021-09-24 10:26:59", "elapsed": 889.423458, "delta": 2.930024}}
{"target": 0.43373533160461897, "params": {"max_depth": 2.5869907652490243, "n_estimators": 18.52898922671846}, "datetime": {"datetime": "2021-09-24 10:27:02", "elapsed": 892.348871, "delta": 2.925413}}
{"target": 0.4421281163553038, "params": {"max_depth": 2.571993545520453, "n_estimators": 45.59981125157658}, "datetime": {"datetime": "2021-09-24 10:27:05", "elapsed": 895.595645, "delta": 3.246774}}
{"target": 0.4422530954852111, "params": {"max_depth": 2.894125306598504, "n_estimators": 14.418759788138727}, "datetime": {"datetime": "2021-09-24 10:27:07", "elapsed": 898.134927, "delta": 2.539282}}
{"target": 0.437155011698637, "params": {"max_depth": 2.5097867101037887, "n_estimators": 24.362296142855392}, "datetime": {"datetime": "2021-09-24 10:27:10", "elapsed": 900.682026, "delta": 2.547099}}
{"target": 0.44422665881393486, "params": {"max_depth": 3.1463351677908027, "n_estimators": 90.01612005217869}, "datetime": {"datetime": "2021-09-24 10:27:13", "elapsed": 903.720125, "delta": 3.038099}}
{"target": 0.4443553155913089, "params": {"max_depth": 3.668088018810296, "n_estimators": 172.03244934421582}, "datetime": {"datetime": "2021-09-24 10:57:32", "elapsed": 0.0, "delta": 0.0}}
{"target": 0.43224244764983477, "params": {"max_depth": 2.0004574992693795, "n_estimators": 130.233257263184}, "datetime": {"datetime": "2021-09-24 10:57:33", "elapsed": 0.644005, "delta": 0.644005}}
{"target": 0.4338348030591771, "params": {"max_depth": 2.587023563268452, "n_estimators": 109.23385947687979}, "datetime": {"datetime": "2021-09-24 10:57:34", "elapsed": 1.168429, "delta": 0.524424}}
{"target": 0.43404766170842735, "params": {"max_depth": 2.7450408455106836, "n_estimators": 134.55607270430477}, "datetime": {"datetime": "2021-09-24 10:57:34", "elapsed": 1.876292, "delta": 0.707863}}
{"target": 0.4427417860113123, "params": {"max_depth": 3.5870698969226797, "n_estimators": 153.8816734003357}, "datetime": {"datetime": "2021-09-24 10:57:35", "elapsed": 2.925291, "delta": 1.048999}}
{"target": 0.42097091970829625, "params": {"max_depth": 6.0, "n_estimators": 200.0}, "datetime": {"datetime": "2021-09-24 10:57:37", "elapsed": 4.640406, "delta": 1.715115}}
{"target": 0.42303887288068887, "params": {"max_depth": 6.0, "n_estimators": 163.94119393706166}, "datetime": {"datetime": "2021-09-24 10:57:38", "elapsed": 5.873412, "delta": 1.233006}}
{"target": 0.4343670933326569, "params": {"max_depth": 2.5972268526949183, "n_estimators": 162.88117640027627}, "datetime": {"datetime": "2021-09-24 10:57:39", "elapsed": 6.670048, "delta": 0.796636}}
{"target": 0.43265567029425944, "params": {"max_depth": 2.344288392124413, "n_estimators": 175.8691337562565}, "datetime": {"datetime": "2021-09-24 10:57:40", "elapsed": 7.384346, "delta": 0.714298}}
{"target": 0.43950358884663254, "params": {"max_depth": 3.5825096486390455, "n_estimators": 116.14581718546205}, "datetime": {"datetime": "2021-09-24 10:57:40", "elapsed": 7.966353, "delta": 0.582007}}
{"target": 0.42658647430915175, "params": {"max_depth": 5.550788124226035, "n_estimators": 144.7200249612971}, "datetime": {"datetime": "2021-09-24 10:57:41", "elapsed": 8.841345, "delta": 0.874992}}
{"target": 0.4436925772912831, "params": {"max_depth": 3.7291766759636125, "n_estimators": 135.20196209863354}, "datetime": {"datetime": "2021-09-24 10:57:42", "elapsed": 9.57228, "delta": 0.730935}}
{"target": 0.4401577055923016, "params": {"max_depth": 4.037410947604483, "n_estimators": 172.01501359100996}, "datetime": {"datetime": "2021-09-24 10:57:43", "elapsed": 10.413282, "delta": 0.841002}}
{"target": 0.44367424454264204, "params": {"max_depth": 3.0642472497672957, "n_estimators": 171.53688426144947}, "datetime": {"datetime": "2021-09-24 10:57:44", "elapsed": 11.498053, "delta": 1.084771}}
{"target": 0.4344823160686039, "params": {"max_depth": 2.7961005474162364, "n_estimators": 172.63063632987613}, "datetime": {"datetime": "2021-09-24 10:57:45", "elapsed": 12.562048, "delta": 1.063995}}
{"target": 0.43762743024284767, "params": {"max_depth": 4.468171157798475, "n_estimators": 135.6875894429691}, "datetime": {"datetime": "2021-09-24 10:57:46", "elapsed": 13.755694, "delta": 1.193646}}
{"target": 0.44367424454264204, "params": {"max_depth": 3.6414973586938206, "n_estimators": 171.07531444983525}, "datetime": {"datetime": "2021-09-24 10:57:47", "elapsed": 14.822696, "delta": 1.067002}}
{"target": 0.43367815976406643, "params": {"max_depth": 2.7394355715148833, "n_estimators": 153.17752053449857}, "datetime": {"datetime": "2021-09-24 10:57:48", "elapsed": 15.86491, "delta": 1.042214}}
{"target": 0.4387383273989579, "params": {"max_depth": 4.344499930841122, "n_estimators": 154.51659727083296}, "datetime": {"datetime": "2021-09-24 10:57:49", "elapsed": 16.983194, "delta": 1.118284}}
{"target": 0.4374297641927887, "params": {"max_depth": 4.322561108344626, "n_estimators": 134.29986337585416}, "datetime": {"datetime": "2021-09-24 10:57:50", "elapsed": 18.001502, "delta": 1.018308}}
{"target": 0.4442105943646849, "params": {"max_depth": 3.2206740523115913, "n_estimators": 136.0278546021363}, "datetime": {"datetime": "2021-09-24 10:57:51", "elapsed": 18.943499, "delta": 0.941997}}
{"target": 0.4346213488498015, "params": {"max_depth": 2.964584111046579, "n_estimators": 137.05162883311291}, "datetime": {"datetime": "2021-09-24 10:57:52", "elapsed": 19.656264, "delta": 0.712765}}
{"target": 0.4345180445420438, "params": {"max_depth": 2.85185708580098, "n_estimators": 170.35017565421938}, "datetime": {"datetime": "2021-09-24 10:57:53", "elapsed": 20.451262, "delta": 0.794998}}
{"target": 0.4435410213381791, "params": {"max_depth": 3.0209551331749944, "n_estimators": 154.7918668075777}, "datetime": {"datetime": "2021-09-24 10:57:54", "elapsed": 21.465214, "delta": 1.013952}}
{"target": 0.43456332962692523, "params": {"max_depth": 2.9591373280001143, "n_estimators": 155.80415314004796}, "datetime": {"datetime": "2021-09-24 10:57:55", "elapsed": 22.284318, "delta": 0.819104}}
{"target": 0.4347247807066371, "params": {"max_depth": 2.1183006386024297, "n_estimators": 154.54011453123087}, "datetime": {"datetime": "2021-09-24 10:57:55", "elapsed": 23.012323, "delta": 0.728005}}
{"target": 0.4349296500803713, "params": {"max_depth": 2.440183973776686, "n_estimators": 135.82032561152954}, "datetime": {"datetime": "2021-09-24 10:57:56", "elapsed": 23.567412, "delta": 0.555089}}
{"target": 0.4436925772912831, "params": {"max_depth": 3.737994921590738, "n_estimators": 135.99416911785002}, "datetime": {"datetime": "2021-09-24 10:57:57", "elapsed": 24.269377, "delta": 0.701965}}
{"target": 0.43836548616865245, "params": {"max_depth": 4.517968486722346, "n_estimators": 153.15801122638914}, "datetime": {"datetime": "2021-09-24 10:57:57", "elapsed": 25.046374, "delta": 0.776997}}
{"target": 0.4393316102939817, "params": {"max_depth": 4.644320022280584, "n_estimators": 170.39985996117534}, "datetime": {"datetime": "2021-09-24 10:57:58", "elapsed": 25.852666, "delta": 0.806292}}
{"target": 0.4328859287985607, "params": {"max_depth": 4.511480606228455, "n_estimators": 117.223949067734}, "datetime": {"datetime": "2021-09-24 10:57:59", "elapsed": 26.762008, "delta": 0.909342}}
{"target": 0.4311589587491992, "params": {"max_depth": 2.877549801863427, "n_estimators": 115.07303716231074}, "datetime": {"datetime": "2021-09-24 10:58:00", "elapsed": 27.430774, "delta": 0.668766}}
{"target": 0.4435410213381791, "params": {"max_depth": 3.5303696271888954, "n_estimators": 154.73736895261482}, "datetime": {"datetime": "2021-09-24 10:58:01", "elapsed": 28.377026, "delta": 0.946252}}
{"target": 0.4325033261263289, "params": {"max_depth": 5.912091497828365, "n_estimators": 169.2284345427362}, "datetime": {"datetime": "2021-09-24 10:58:02", "elapsed": 29.53097, "delta": 1.153944}}
{"target": 0.4317244697317191, "params": {"max_depth": 2.3830181468909717, "n_estimators": 117.06219371566834}, "datetime": {"datetime": "2021-09-24 10:58:03", "elapsed": 30.145971, "delta": 0.615001}}
{"target": 0.433148086045578, "params": {"max_depth": 4.893942315337394, "n_estimators": 115.36228671602443}, "datetime": {"datetime": "2021-09-24 10:58:03", "elapsed": 30.718969, "delta": 0.572998}}
{"target": 0.4289202748754536, "params": {"max_depth": 5.631499997653749, "n_estimators": 151.54355470287436}, "datetime": {"datetime": "2021-09-24 10:58:04", "elapsed": 31.931165, "delta": 1.212196}}
{"target": 0.4328468375153498, "params": {"max_depth": 2.088272070622367, "n_estimators": 187.89978518926625}, "datetime": {"datetime": "2021-09-24 10:58:05", "elapsed": 32.767159, "delta": 0.835994}}
{"target": 0.4210560529419164, "params": {"max_depth": 5.567418011827334, "n_estimators": 100.03052359978271}, "datetime": {"datetime": "2021-09-24 10:58:06", "elapsed": 33.3897, "delta": 0.622541}}
{"target": 0.43148537358958416, "params": {"max_depth": 5.998852621604911, "n_estimators": 182.03363284427954}, "datetime": {"datetime": "2021-09-24 10:58:07", "elapsed": 34.608911, "delta": 1.219211}}
{"target": 0.42573470427101134, "params": {"max_depth": 5.924100418561609, "n_estimators": 124.25811694723181}, "datetime": {"datetime": "2021-09-24 10:58:08", "elapsed": 35.546671, "delta": 0.93776}}
{"target": 0.4304863285921462, "params": {"max_depth": 5.8803107909212535, "n_estimators": 192.82016434354722}, "datetime": {"datetime": "2021-09-24 10:58:09", "elapsed": 37.010831, "delta": 1.46416}}
