{"target": 0.354590475843128, "params": {"max_depth": 1.9950457263830599, "n_estimators": 67.22236173912405}, "datetime": {"datetime": "2021-09-24 10:13:27", "elapsed": 77.573325, "delta": 0.937242}}
{"target": 0.4407983029641388, "params": {"max_depth": 2.9323349401195595, "n_estimators": 59.487730946838006}, "datetime": {"datetime": "2021-09-24 10:13:27", "elapsed": 78.151221, "delta": 0.577896}}
{"target": 0.42876335361804674, "params": {"max_depth": 4.105453062756298, "n_estimators": 58.13084558942089}, "datetime": {"datetime": "2021-09-24 10:13:28", "elapsed": 79.095752, "delta": 0.944531}}
{"target": 0.4394874515661905, "params": {"max_depth": 2.0143808637191083, "n_estimators": 60.418713608845096}, "datetime": {"datetime": "2021-09-24 10:13:29", "elapsed": 80.003907, "delta": 0.908155}}
{"target": 0.35413925563430537, "params": {"max_depth": 1.6079884421156112, "n_estimators": 59.08359861400348}, "datetime": {"datetime": "2021-09-24 10:13:30", "elapsed": 80.722454, "delta": 0.718547}}
{"target": 0.419521399123874, "params": {"max_depth": 5.509109361823948, "n_estimators": 63.868829741263454}, "datetime": {"datetime": "2021-09-24 10:13:31", "elapsed": 81.37774, "delta": 0.655286}}
{"target": 0.4425714694670031, "params": {"max_depth": 2.7351251034769497, "n_estimators": 53.53211524969708}, "datetime": {"datetime": "2021-09-24 10:13:31", "elapsed": 82.205882, "delta": 0.828142}}
{"target": 0.42806671128019724, "params": {"max_depth": 4.431385786884737, "n_estimators": 67.40128670786885}, "datetime": {"datetime": "2021-09-24 10:13:32", "elapsed": 82.968223, "delta": 0.762341}}
{"target": 0.4049434026497879, "params": {"max_depth": 6.661977286450906, "n_estimators": 61.013317923299745}, "datetime": {"datetime": "2021-09-24 10:13:33", "elapsed": 83.721167, "delta": 0.752944}}
{"target": 0.4429753478799481, "params": {"max_depth": 2.3769046083632768, "n_estimators": 43.57636783882252}, "datetime": {"datetime": "2021-09-24 10:13:33", "elapsed": 84.260113, "delta": 0.538946}}
{"target": 0.44417107691035895, "params": {"max_depth": 2.5121203644700776, "n_estimators": 42.18554080833756}, "datetime": {"datetime": "2021-09-24 10:13:34", "elapsed": 84.983151, "delta": 0.723038}}
{"target": 0.43611124531814915, "params": {"max_depth": 3.839802328606832, "n_estimators": 42.95382857233164}, "datetime": {"datetime": "2021-09-24 10:13:35", "elapsed": 85.69823, "delta": 0.715079}}
{"target": 0.35838736065030397, "params": {"max_depth": 1.0383576053736292, "n_estimators": 42.87056242688908}, "datetime": {"datetime": "2021-09-24 10:13:36", "elapsed": 86.587242, "delta": 0.889012}}
{"target": 0.4355490902680845, "params": {"max_depth": 3.6680566981725162, "n_estimators": 41.51021885757177}, "datetime": {"datetime": "2021-09-24 10:13:36", "elapsed": 87.283844, "delta": 0.696602}}
{"target": 0.44327984568699264, "params": {"max_depth": 2.4130601173918396, "n_estimators": 40.78473629972053}, "datetime": {"datetime": "2021-09-24 10:13:37", "elapsed": 87.982449, "delta": 0.698605}}
{"target": 0.44205721155808586, "params": {"max_depth": 2.588860562132604, "n_estimators": 44.83447001551339}, "datetime": {"datetime": "2021-09-24 10:13:38", "elapsed": 88.601595, "delta": 0.619146}}
{"target": 0.4349477286750367, "params": {"max_depth": 3.626588119619487, "n_estimators": 40.08435339338443}, "datetime": {"datetime": "2021-09-24 10:13:39", "elapsed": 89.438062, "delta": 0.836467}}
{"target": 0.3986432605363408, "params": {"max_depth": 5.450321200472884, "n_estimators": 40.58723410774465}, "datetime": {"datetime": "2021-09-24 10:13:40", "elapsed": 90.464122, "delta": 1.02606}}
{"target": 0.4449676596023293, "params": {"max_depth": 2.0866312708290518, "n_estimators": 39.444557385533955}, "datetime": {"datetime": "2021-09-24 10:13:40", "elapsed": 91.015922, "delta": 0.5518}}
{"target": 0.3568988538620891, "params": {"max_depth": 1.3006189970479647, "n_estimators": 40.18273960880249}, "datetime": {"datetime": "2021-09-24 10:13:41", "elapsed": 91.590873, "delta": 0.574951}}
{"target": 0.44390491892758355, "params": {"max_depth": 2.982344851187788, "n_estimators": 38.85500140642934}, "datetime": {"datetime": "2021-09-24 10:13:42", "elapsed": 92.327971, "delta": 0.737098}}
{"target": 0.43438831555853796, "params": {"max_depth": 3.279951426270305, "n_estimators": 44.05201584383034}, "datetime": {"datetime": "2021-09-24 10:13:42", "elapsed": 93.0451, "delta": 0.717129}}
{"target": 0.44442315726421866, "params": {"max_depth": 3.2318218630553557, "n_estimators": 93.72715949703996}, "datetime": {"datetime": "2021-09-24 10:13:43", "elapsed": 94.127635, "delta": 1.082535}}
{"target": 0.35197124223906684, "params": {"max_depth": 11.543936746729543, "n_estimators": 22.4349589312066}, "datetime": {"datetime": "2021-09-24 10:13:44", "elapsed": 95.248943, "delta": 1.121308}}
{"target": -0.4065714390927526, "params": {"max_depth": 11.943422790948151, "n_estimators": 1.241517342905344}, "datetime": {"datetime": "2021-09-24 10:13:45", "elapsed": 95.944958, "delta": 0.696015}}
{"target": 0.320749148745592, "params": {"max_depth": 1.0, "n_estimators": 21.441218178769617}, "datetime": {"datetime": "2021-09-24 10:13:46", "elapsed": 96.879394, "delta": 0.934436}}
{"target": 0.36362077835416096, "params": {"max_depth": 11.97252808320756, "n_estimators": 43.69697548659655}, "datetime": {"datetime": "2021-09-24 10:13:47", "elapsed": 98.025856, "delta": 1.146462}}
{"target": 0.38689993773004827, "params": {"max_depth": 11.96021236869825, "n_estimators": 79.99676902688411}, "datetime": {"datetime": "2021-09-24 10:13:49", "elapsed": 99.732506, "delta": 1.70665}}
{"target": 0.3547880646417112, "params": {"max_depth": 12.0, "n_estimators": 31.264651725906162}, "datetime": {"datetime": "2021-09-24 10:13:50", "elapsed": 100.798011, "delta": 1.065505}}
{"target": 0.38245350686489676, "params": {"max_depth": 11.982046355106798, "n_estimators": 99.95508873642801}, "datetime": {"datetime": "2021-09-24 10:13:52", "elapsed": 102.473477, "delta": 1.675466}}
{"target": 0.38962119353946667, "params": {"max_depth": 12.0, "n_estimators": 58.25901269191602}, "datetime": {"datetime": "2021-09-24 10:13:53", "elapsed": 103.904671, "delta": 1.431194}}
{"target": 0.38242474983196006, "params": {"max_depth": 12.0, "n_estimators": 87.55952604020894}, "datetime": {"datetime": "2021-09-24 10:13:55", "elapsed": 105.479139, "delta": 1.574468}}
{"target": 0.3929516051124635, "params": {"max_depth": 12.0, "n_estimators": 51.09638231215125}, "datetime": {"datetime": "2021-09-24 10:13:56", "elapsed": 106.478175, "delta": 0.999036}}
{"target": 0.38470567497819697, "params": {"max_depth": 12.0, "n_estimators": 74.10217876345331}, "datetime": {"datetime": "2021-09-24 10:13:57", "elapsed": 108.048822, "delta": 1.570647}}
{"target": 0.3243915713456855, "params": {"max_depth": 12.0, "n_estimators": 15.70257086185312}, "datetime": {"datetime": "2021-09-24 10:13:58", "elapsed": 108.805022, "delta": 0.7562}}
{"target": 0.3845876029962413, "params": {"max_depth": 11.945340142054288, "n_estimators": 63.958383546258716}, "datetime": {"datetime": "2021-09-24 10:13:59", "elapsed": 109.936001, "delta": 1.130979}}
{"target": 0.2185515793872599, "params": {"max_depth": 1.0, "n_estimators": 1.0}, "datetime": {"datetime": "2021-09-24 10:14:00", "elapsed": 110.802872, "delta": 0.866871}}
{"target": 0.36884999378037786, "params": {"max_depth": 12.0, "n_estimators": 37.68581658420336}, "datetime": {"datetime": "2021-09-24 10:14:01", "elapsed": 111.827005, "delta": 1.024133}}
{"target": 0.35248781916276406, "params": {"max_depth": 6.351116672003443, "n_estimators": 26.252983062290504}, "datetime": {"datetime": "2021-09-24 10:14:02", "elapsed": 112.792464, "delta": 0.965459}}
{"target": 0.38634913106021473, "params": {"max_depth": 12.0, "n_estimators": 93.60313550817689}, "datetime": {"datetime": "2021-09-24 10:14:04", "elapsed": 114.695973, "delta": 1.903509}}
{"target": 0.40849520654765614, "params": {"max_depth": 4.7356665508358375, "n_estimators": 16.609265208020123}, "datetime": {"datetime": "2021-09-24 10:14:05", "elapsed": 115.707403, "delta": 1.01143}}
{"target": 0.381235825573493, "params": {"max_depth": 11.98166465780737, "n_estimators": 69.08395258417346}, "datetime": {"datetime": "2021-09-24 10:14:06", "elapsed": 117.256885, "delta": 1.549482}}
{"target": 0.34510237866899096, "params": {"max_depth": 6.911648739598047, "n_estimators": 20.04254578950975}, "datetime": {"datetime": "2021-09-24 10:14:07", "elapsed": 118.047571, "delta": 0.790686}}
{"target": 0.32316766663962204, "params": {"max_depth": 1.0, "n_estimators": 16.09392194030274}, "datetime": {"datetime": "2021-09-24 10:14:08", "elapsed": 119.128861, "delta": 1.08129}}
{"target": 0.3798303869713743, "params": {"max_depth": 9.52184377231764, "n_estimators": 47.709323135393575}, "datetime": {"datetime": "2021-09-24 10:14:10", "elapsed": 120.529745, "delta": 1.400884}}
{"target": 0.3964460897285187, "params": {"max_depth": 10.591786753000264, "n_estimators": 83.80999945306608}, "datetime": {"datetime": "2021-09-24 10:14:11", "elapsed": 122.055539, "delta": 1.525794}}
{"target": 0.39805135878912734, "params": {"max_depth": 10.73159834463008, "n_estimators": 54.634903501972275}, "datetime": {"datetime": "2021-09-24 10:14:13", "elapsed": 123.426615, "delta": 1.371076}}
{"target": 0.34785870247892225, "params": {"max_depth": 11.959578758851558, "n_estimators": 26.98286835244161}, "datetime": {"datetime": "2021-09-24 10:14:14", "elapsed": 124.817687, "delta": 1.391072}}
{"target": 0.3377467513029596, "params": {"max_depth": 1.266742945259736, "n_estimators": 26.108747627938566}, "datetime": {"datetime": "2021-09-24 10:14:15", "elapsed": 125.827662, "delta": 1.009975}}
{"target": 0.3905744888796725, "params": {"max_depth": 9.431969785865254, "n_estimators": 76.63582457614545}, "datetime": {"datetime": "2021-09-24 10:14:17", "elapsed": 127.460782, "delta": 1.63312}}
{"target": 0.3686605512958775, "params": {"max_depth": 9.068314913589235, "n_estimators": 40.410747098189496}, "datetime": {"datetime": "2021-09-24 10:14:18", "elapsed": 128.469172, "delta": 1.00839}}
{"target": 0.2685797732160381, "params": {"max_depth": 12.0, "n_estimators": 10.389903701145201}, "datetime": {"datetime": "2021-09-24 10:14:19", "elapsed": 129.425738, "delta": 0.956566}}
{"target": 0.367866941739887, "params": {"max_depth": 9.46559650710339, "n_estimators": 34.696874582214974}, "datetime": {"datetime": "2021-09-24 10:14:20", "elapsed": 130.502364, "delta": 1.076626}}
{"target": 0.34513884924590876, "params": {"max_depth": 7.37970524540854, "n_estimators": 15.42303399871755}, "datetime": {"datetime": "2021-09-24 10:14:21", "elapsed": 131.453437, "delta": 0.951073}}
{"target": 0.39613059889813096, "params": {"max_depth": 9.999534850273932, "n_estimators": 61.08951586319871}, "datetime": {"datetime": "2021-09-24 10:14:22", "elapsed": 132.629459, "delta": 1.176022}}
{"target": 0.38149757905167514, "params": {"max_depth": 12.0, "n_estimators": 96.75861258311443}, "datetime": {"datetime": "2021-09-24 10:14:23", "elapsed": 134.220758, "delta": 1.591299}}
{"target": 0.3898181399966424, "params": {"max_depth": 10.154810884912035, "n_estimators": 90.51108777172792}, "datetime": {"datetime": "2021-09-24 10:14:25", "elapsed": 135.745898, "delta": 1.52514}}
{"target": 0.3890228840785299, "params": {"max_depth": 9.07734483618157, "n_estimators": 99.96872983295324}, "datetime": {"datetime": "2021-09-24 10:14:27", "elapsed": 137.684739, "delta": 1.938841}}
{"target": 0.3712676196673458, "params": {"max_depth": 7.659067814522322, "n_estimators": 43.93841450306751}, "datetime": {"datetime": "2021-09-24 10:14:28", "elapsed": 139.060869, "delta": 1.37613}}
{"target": 0.3919940685903832, "params": {"max_depth": 8.895052141968563, "n_estimators": 58.100196825273365}, "datetime": {"datetime": "2021-09-24 10:14:30", "elapsed": 140.522594, "delta": 1.461725}}
{"target": 0.3512903471653366, "params": {"max_depth": 8.042439177806152, "n_estimators": 29.906710956103446}, "datetime": {"datetime": "2021-09-24 10:14:31", "elapsed": 141.595863, "delta": 1.073269}}
{"target": 0.43697224457830397, "params": {"max_depth": 3.939760013889334, "n_estimators": 13.730809707455427}, "datetime": {"datetime": "2021-09-24 10:14:32", "elapsed": 142.494346, "delta": 0.898483}}
{"target": 0.39432921699138646, "params": {"max_depth": 9.053628745628906, "n_estimators": 80.38371793869518}, "datetime": {"datetime": "2021-09-24 10:14:33", "elapsed": 144.105843, "delta": 1.611497}}
{"target": 0.3882570215884479, "params": {"max_depth": 8.69517129571065, "n_estimators": 63.902237182579455}, "datetime": {"datetime": "2021-09-24 10:14:35", "elapsed": 145.333183, "delta": 1.22734}}
{"target": 0.39456564224669344, "params": {"max_depth": 9.023323285492808, "n_estimators": 50.92121665756182}, "datetime": {"datetime": "2021-09-24 10:14:36", "elapsed": 146.768234, "delta": 1.435051}}
{"target": 0.3799149453883075, "params": {"max_depth": 4.75424030300608, "n_estimators": 6.093994089011655}, "datetime": {"datetime": "2021-09-24 10:14:37", "elapsed": 147.698523, "delta": 0.930289}}
{"target": 0.388160416982816, "params": {"max_depth": 9.34949327504544, "n_estimators": 86.66492382238337}, "datetime": {"datetime": "2021-09-24 10:14:38", "elapsed": 149.162171, "delta": 1.463648}}
{"target": 0.37805278524356, "params": {"max_depth": 12.0, "n_estimators": 47.617367621335525}, "datetime": {"datetime": "2021-09-24 10:14:40", "elapsed": 150.526427, "delta": 1.364256}}
{"target": 0.390343146220939, "params": {"max_depth": 8.871170782756135, "n_estimators": 73.82017767260103}, "datetime": {"datetime": "2021-09-24 10:14:41", "elapsed": 151.699305, "delta": 1.172878}}
{"target": 0.37287302903456665, "params": {"max_depth": 7.633736363901533, "n_estimators": 37.56112404863967}, "datetime": {"datetime": "2021-09-24 10:14:42", "elapsed": 153.053679, "delta": 1.354374}}
{"target": 0.34694096650613604, "params": {"max_depth": 11.992850218920225, "n_estimators": 19.312371441806615}, "datetime": {"datetime": "2021-09-24 10:14:43", "elapsed": 154.040976, "delta": 0.987297}}
{"target": 0.38365264098166785, "params": {"max_depth": 12.0, "n_estimators": 77.10878724866232}, "datetime": {"datetime": "2021-09-24 10:14:45", "elapsed": 155.63713, "delta": 1.596154}}
{"target": 0.4053437416557082, "params": {"max_depth": 4.002878729948211, "n_estimators": 29.169158923225776}, "datetime": {"datetime": "2021-09-24 10:14:46", "elapsed": 157.125027, "delta": 1.487897}}
{"target": 0.3935779102169743, "params": {"max_depth": 8.094481523294844, "n_estimators": 83.555684184692}, "datetime": {"datetime": "2021-09-24 10:14:48", "elapsed": 158.763051, "delta": 1.638024}}
{"target": 0.38479308652953337, "params": {"max_depth": 11.807198115332065, "n_estimators": 66.61402618566231}, "datetime": {"datetime": "2021-09-24 10:14:50", "elapsed": 160.365929, "delta": 1.602878}}
{"target": 0.3948308646522757, "params": {"max_depth": 8.369386878736668, "n_estimators": 54.34478310929488}, "datetime": {"datetime": "2021-09-24 10:14:51", "elapsed": 161.540352, "delta": 1.174423}}
{"target": 0.4049478522283242, "params": {"max_depth": 4.69941860830028, "n_estimators": 22.930427449846434}, "datetime": {"datetime": "2021-09-24 10:14:52", "elapsed": 163.064967, "delta": 1.524615}}
{"target": 0.35771102236957464, "params": {"max_depth": 7.873941891814456, "n_estimators": 23.3641695889471}, "datetime": {"datetime": "2021-09-24 10:14:54", "elapsed": 164.337042, "delta": 1.272075}}
{"target": 0.4377249404106548, "params": {"max_depth": 3.911599363796128, "n_estimators": 19.505221742221902}, "datetime": {"datetime": "2021-09-24 10:14:54", "elapsed": 165.291994, "delta": 0.954952}}
{"target": 0.36685283077943953, "params": {"max_depth": 11.998290687578917, "n_estimators": 34.869347593714544}, "datetime": {"datetime": "2021-09-24 10:14:56", "elapsed": 166.504286, "delta": 1.212292}}
{"target": 0.39179910438542465, "params": {"max_depth": 10.81422363546825, "n_estimators": 71.39198417064357}, "datetime": {"datetime": "2021-09-24 10:14:58", "elapsed": 168.604449, "delta": 2.100163}}
{"target": 0.3916199793614191, "params": {"max_depth": 11.95176284814958, "n_estimators": 60.76399298203297}, "datetime": {"datetime": "2021-09-24 10:15:00", "elapsed": 170.508523, "delta": 1.904074}}
{"target": 0.36099379793048325, "params": {"max_depth": 11.979270133848969, "n_estimators": 40.48152203477432}, "datetime": {"datetime": "2021-09-24 10:15:01", "elapsed": 172.136236, "delta": 1.627713}}
{"target": 0.38617820582964313, "params": {"max_depth": 12.0, "n_estimators": 82.49978284618949}, "datetime": {"datetime": "2021-09-24 10:15:04", "elapsed": 174.34668, "delta": 2.210444}}
{"target": 0.39251776413920714, "params": {"max_depth": 9.29518884339574, "n_estimators": 68.75762579479165}, "datetime": {"datetime": "2021-09-24 10:15:05", "elapsed": 176.266811, "delta": 1.920131}}
{"target": 0.4449402978093191, "params": {"max_depth": 2.8430650514482587, "n_estimators": 12.608721117021014}, "datetime": {"datetime": "2021-09-24 10:15:06", "elapsed": 177.19755, "delta": 0.930739}}
{"target": 0.40451064427568817, "params": {"max_depth": 4.038822663872273, "n_estimators": 20.947338866257216}, "datetime": {"datetime": "2021-09-24 10:15:08", "elapsed": 178.591385, "delta": 1.393835}}
{"target": 0.4370693290248743, "params": {"max_depth": 3.07326864895452, "n_estimators": 18.23138855699994}, "datetime": {"datetime": "2021-09-24 10:15:09", "elapsed": 180.004968, "delta": 1.413583}}
{"target": 0.3921914676232089, "params": {"max_depth": 9.697922540162882, "n_estimators": 94.4849676179485}, "datetime": {"datetime": "2021-09-24 10:15:12", "elapsed": 182.682252, "delta": 2.677284}}
{"target": 0.41987974764684155, "params": {"max_depth": 3.6547023930842664, "n_estimators": 8.288053705982772}, "datetime": {"datetime": "2021-09-24 10:15:14", "elapsed": 184.305564, "delta": 1.623312}}
{"target": 0.40531675135891976, "params": {"max_depth": 6.441661052513069, "n_estimators": 58.70343825867462}, "datetime": {"datetime": "2021-09-24 10:15:16", "elapsed": 186.878036, "delta": 2.572472}}
{"target": 0.38369222967711625, "params": {"max_depth": 12.0, "n_estimators": 90.69987289174868}, "datetime": {"datetime": "2021-09-24 10:15:18", "elapsed": 189.268962, "delta": 2.390926}}
{"target": 0.38739878701308517, "params": {"max_depth": 9.384720905553293, "n_estimators": 97.60355374361359}, "datetime": {"datetime": "2021-09-24 10:15:21", "elapsed": 191.639866, "delta": 2.370904}}
{"target": 0.3934344630665709, "params": {"max_depth": 11.942512445545107, "n_estimators": 53.320493003916575}, "datetime": {"datetime": "2021-09-24 10:15:23", "elapsed": 193.779007, "delta": 2.139141}}
{"target": 0.43955699444937824, "params": {"max_depth": 3.8430358869051164, "n_estimators": 12.256823469940782}, "datetime": {"datetime": "2021-09-24 10:15:24", "elapsed": 195.153378, "delta": 1.374371}}
{"target": 0.39135637512849875, "params": {"max_depth": 7.183021591892135, "n_estimators": 49.477367254045085}, "datetime": {"datetime": "2021-09-24 10:15:27", "elapsed": 197.383183, "delta": 2.229805}}
{"target": 0.4083790279444275, "params": {"max_depth": 4.42799846522158, "n_estimators": 18.286517302507754}, "datetime": {"datetime": "2021-09-24 10:15:28", "elapsed": 199.029109, "delta": 1.645926}}
{"target": 0.43592026818023843, "params": {"max_depth": 2.4886445879365824, "n_estimators": 19.381408336954305}, "datetime": {"datetime": "2021-09-24 10:15:30", "elapsed": 200.75038, "delta": 1.721271}}
{"target": 0.4080209782651697, "params": {"max_depth": 6.664397346299823, "n_estimators": 100.0}, "datetime": {"datetime": "2021-09-24 10:15:33", "elapsed": 203.429575, "delta": 2.679195}}
{"target": 0.3837853941236883, "params": {"max_depth": 12.0, "n_estimators": 85.170671447854}, "datetime": {"datetime": "2021-09-24 10:15:35", "elapsed": 205.412406, "delta": 1.982831}}
{"target": 0.42684617395396107, "params": {"max_depth": 3.9574635682283437, "n_estimators": 25.265154399713673}, "datetime": {"datetime": "2021-09-24 10:15:36", "elapsed": 206.974017, "delta": 1.561611}}
{"target": 0.4271794022177432, "params": {"max_depth": 3.71904856566017, "n_estimators": 27.428500144279937}, "datetime": {"datetime": "2021-09-24 10:15:37", "elapsed": 208.190128, "delta": 1.216111}}
{"target": 0.3791660694397867, "params": {"max_depth": 6.907510356019772, "n_estimators": 46.533616657812054}, "datetime": {"datetime": "2021-09-24 10:15:39", "elapsed": 210.178595, "delta": 1.988467}}
{"target": 0.3963591440114763, "params": {"max_depth": 7.292757011453077, "n_estimators": 75.86478943247653}, "datetime": {"datetime": "2021-09-24 10:15:41", "elapsed": 211.999174, "delta": 1.820579}}
{"target": 0.3957057205789699, "params": {"max_depth": 12.0, "n_estimators": 55.967748723604785}, "datetime": {"datetime": "2021-09-24 10:15:43", "elapsed": 213.949098, "delta": 1.949924}}
{"target": 0.4329834473107288, "params": {"max_depth": 3.436266601959223, "n_estimators": 15.389499774432814}, "datetime": {"datetime": "2021-09-24 10:15:44", "elapsed": 215.212767, "delta": 1.263669}}
{"target": 0.3894431251097532, "params": {"max_depth": 8.830831842314684, "n_estimators": 88.56816922124005}, "datetime": {"datetime": "2021-09-24 10:15:46", "elapsed": 217.264534, "delta": 2.051767}}
{"target": 0.44327984568699264, "params": {"max_depth": 2.6971751651216933, "n_estimators": 40.06182655705953}, "datetime": {"datetime": "2021-09-24 10:15:48", "elapsed": 218.644182, "delta": 1.379648}}
{"target": 0.34670697386743554, "params": {"max_depth": 1.0495994784131648, "n_estimators": 73.37258126296075}, "datetime": {"datetime": "2021-09-24 10:15:50", "elapsed": 220.310104, "delta": 1.665922}}
{"target": 0.35319801952413366, "params": {"max_depth": 1.0, "n_estimators": 53.744676052535574}, "datetime": {"datetime": "2021-09-24 10:15:51", "elapsed": 221.515154, "delta": 1.20505}}
