{"target": -39.91510174361822, "params": {"max_depth": 9.947148003559057, "n_estimators": 49.66028742397242, "random_state": 10.93225809430303}, "datetime": {"datetime": "2021-09-30 08:34:57", "elapsed": 19.515432, "delta": 0.421877}}
{"target": -39.50742186302243, "params": {"max_depth": 3.4592847458905447, "n_estimators": 31.732892202117142, "random_state": 6.7391969416200155}, "datetime": {"datetime": "2021-09-30 08:34:57", "elapsed": 19.765431, "delta": 0.249999}}
{"target": -39.24405022069492, "params": {"max_depth": 5.3286997814748265, "n_estimators": 41.88823535937567, "random_state": 4.740377998382966}, "datetime": {"datetime": "2021-09-30 08:34:58", "elapsed": 20.108345, "delta": 0.342914}}
{"target": -39.32170149200708, "params": {"max_depth": 11.894999557596226, "n_estimators": 48.53378117601913, "random_state": 11.171182148924562}, "datetime": {"datetime": "2021-09-30 08:34:58", "elapsed": 20.546421, "delta": 0.438076}}
{"target": -40.06282923695606, "params": {"max_depth": 29.40510539588179, "n_estimators": 26.048827947406757, "random_state": 4.43455271906147}, "datetime": {"datetime": "2021-09-30 08:34:58", "elapsed": 20.879626, "delta": 0.333205}}
{"target": -39.56739851456412, "params": {"max_depth": 13.965483246495864, "n_estimators": 23.98658219794029, "random_state": 5.111401642240644}, "datetime": {"datetime": "2021-09-30 08:34:59", "elapsed": 21.223413, "delta": 0.343787}}
{"target": -38.86596254218807, "params": {"max_depth": 7.985868078715283, "n_estimators": 55.85489720231894, "random_state": 9.261831839933894}, "datetime": {"datetime": "2021-09-30 08:34:59", "elapsed": 21.688339, "delta": 0.464926}}
{"target": -39.08445847629192, "params": {"max_depth": 8.867872324838864, "n_estimators": 31.269452911501688, "random_state": 6.485598786902669}, "datetime": {"datetime": "2021-09-30 08:34:59", "elapsed": 22.012198, "delta": 0.323859}}
{"target": -40.78930608932204, "params": {"max_depth": 7.139573042549304, "n_estimators": 20.608503793693377, "random_state": 14.51831653170922}, "datetime": {"datetime": "2021-09-30 08:35:00", "elapsed": 22.32938, "delta": 0.317182}}
{"target": -40.82284198896305, "params": {"max_depth": 16.654506545426138, "n_estimators": 59.59795215901537, "random_state": 7.829375488681729}, "datetime": {"datetime": "2021-09-30 08:35:00", "elapsed": 22.87941, "delta": 0.55003}}
{"target": -38.77403368330781, "params": {"max_depth": 25.200222301512806, "n_estimators": 39.062989468803956, "random_state": 11.717427981252493}, "datetime": {"datetime": "2021-09-30 08:35:01", "elapsed": 23.336702, "delta": 0.457292}}
{"target": -39.76309452860851, "params": {"max_depth": 15.375121939743876, "n_estimators": 58.77126353235676, "random_state": 9.828528787795193}, "datetime": {"datetime": "2021-09-30 08:35:01", "elapsed": 23.88279, "delta": 0.546088}}
{"target": -40.945312662087744, "params": {"max_depth": 13.616482245552666, "n_estimators": 47.328435875465175, "random_state": 4.658339987732942}, "datetime": {"datetime": "2021-09-30 08:35:02", "elapsed": 24.370768, "delta": 0.487978}}
{"target": -39.46224540330197, "params": {"max_depth": 6.63062561318537, "n_estimators": 57.54550370278794, "random_state": 3.1136547863221145}, "datetime": {"datetime": "2021-09-30 08:35:02", "elapsed": 24.8254, "delta": 0.454632}}
{"target": -40.033105380412756, "params": {"max_depth": 11.587045843489811, "n_estimators": 52.243593750423216, "random_state": 10.529961210130072}, "datetime": {"datetime": "2021-09-30 08:35:03", "elapsed": 25.281215, "delta": 0.455815}}
{"target": -38.99523119639726, "params": {"max_depth": 7.7728913196120875, "n_estimators": 28.368534649264703, "random_state": 9.36720513292895}, "datetime": {"datetime": "2021-09-30 08:35:03", "elapsed": 25.660559, "delta": 0.379344}}
{"target": -39.44718963789447, "params": {"max_depth": 25.286150055858013, "n_estimators": 24.79567543991051, "random_state": 9.69970627604475}, "datetime": {"datetime": "2021-09-30 08:35:03", "elapsed": 26.009058, "delta": 0.348499}}
{"target": -41.36486428507594, "params": {"max_depth": 22.174743505376625, "n_estimators": 38.25197747537671, "random_state": 13.98860480734271}, "datetime": {"datetime": "2021-09-30 08:35:04", "elapsed": 26.438322, "delta": 0.429264}}
{"target": -40.52735891369616, "params": {"max_depth": 16.807476081036164, "n_estimators": 48.43025551002459, "random_state": 14.196457118339017}, "datetime": {"datetime": "2021-09-30 08:35:04", "elapsed": 26.981487, "delta": 0.543165}}
{"target": -40.14002759204959, "params": {"max_depth": 19.085057680302146, "n_estimators": 58.01657585170288, "random_state": 10.129340746540617}, "datetime": {"datetime": "2021-09-30 08:35:05", "elapsed": 27.492636, "delta": 0.511149}}
{"target": -39.70647834733336, "params": {"max_depth": 25.439575887403027, "n_estimators": 53.613202373584286, "random_state": 9.449867610723757}, "datetime": {"datetime": "2021-09-30 08:35:05", "elapsed": 28.029818, "delta": 0.537182}}
{"target": -38.73859456709571, "params": {"max_depth": 3.8149769782844114, "n_estimators": 29.713142685855228, "random_state": 4.346295613197125}, "datetime": {"datetime": "2021-09-30 08:35:06", "elapsed": 28.420978, "delta": 0.39116}}
{"target": -42.06147573375344, "params": {"max_depth": 24.40079531625076, "n_estimators": 25.63612508052525, "random_state": 12.507139208872687}, "datetime": {"datetime": "2021-09-30 08:35:06", "elapsed": 28.791519, "delta": 0.370541}}
{"target": -40.74832235259004, "params": {"max_depth": 21.207274854169476, "n_estimators": 49.52800420495001, "random_state": 7.777843913603688}, "datetime": {"datetime": "2021-09-30 08:35:07", "elapsed": 29.302129, "delta": 0.51061}}
{"target": -40.72049416170289, "params": {"max_depth": 13.530289770323739, "n_estimators": 21.41161329879235, "random_state": 4.858203916175458}, "datetime": {"datetime": "2021-09-30 08:35:07", "elapsed": 29.645638, "delta": 0.343509}}
{"target": -39.881975961314495, "params": {"max_depth": 3.68631719174504, "n_estimators": 21.4445224752916, "random_state": 3.357899182509699}, "datetime": {"datetime": "2021-09-30 08:35:07", "elapsed": 29.930125, "delta": 0.284487}}
{"target": -40.84969721415519, "params": {"max_depth": 13.551527736236004, "n_estimators": 27.388889791128204, "random_state": 4.003866568608388}, "datetime": {"datetime": "2021-09-30 08:35:08", "elapsed": 30.310642, "delta": 0.380517}}
{"target": -40.72033928423882, "params": {"max_depth": 15.895675069444732, "n_estimators": 28.437422783834716, "random_state": 12.7870225677746}, "datetime": {"datetime": "2021-09-30 08:35:08", "elapsed": 30.716795, "delta": 0.406153}}
{"target": -41.298771719017665, "params": {"max_depth": 24.310995090020363, "n_estimators": 48.646427269724654, "random_state": 13.622893780082062}, "datetime": {"datetime": "2021-09-30 08:35:09", "elapsed": 31.195932, "delta": 0.479137}}
{"target": -38.97592171977066, "params": {"max_depth": 7.095967820334927, "n_estimators": 57.75854049951085, "random_state": 9.411080661446343}, "datetime": {"datetime": "2021-09-30 08:35:09", "elapsed": 31.729495, "delta": 0.533563}}
{"target": -40.87606560198992, "params": {"max_depth": 16.070919806304182, "n_estimators": 36.618418243795844, "random_state": 12.369367568981797}, "datetime": {"datetime": "2021-09-30 08:35:10", "elapsed": 32.179488, "delta": 0.449993}}
{"target": -40.86026714653937, "params": {"max_depth": 27.060427594810722, "n_estimators": 52.77734195172775, "random_state": 7.412432951726879}, "datetime": {"datetime": "2021-09-30 08:35:10", "elapsed": 32.690924, "delta": 0.511436}}
{"target": -39.46358938461156, "params": {"max_depth": 10.515272236653916, "n_estimators": 51.24695165328599, "random_state": 9.102425269236264}, "datetime": {"datetime": "2021-09-30 08:35:11", "elapsed": 33.238258, "delta": 0.547334}}
{"target": -39.8863356441003, "params": {"max_depth": 20.25583666463531, "n_estimators": 23.965601545797675, "random_state": 4.721995839082082}, "datetime": {"datetime": "2021-09-30 08:35:11", "elapsed": 33.685267, "delta": 0.447009}}
{"target": -39.659646270248416, "params": {"max_depth": 20.877501963069616, "n_estimators": 54.48517814310965, "random_state": 9.541047356053518}, "datetime": {"datetime": "2021-09-30 08:35:12", "elapsed": 34.277155, "delta": 0.591888}}
{"target": -41.274207300856176, "params": {"max_depth": 25.02199264522846, "n_estimators": 37.170407585710244, "random_state": 13.54163063380843}, "datetime": {"datetime": "2021-09-30 08:35:12", "elapsed": 34.695756, "delta": 0.418601}}
{"target": -38.80907333414359, "params": {"max_depth": 13.761411483900302, "n_estimators": 46.239580763636, "random_state": 6.410209285133643}, "datetime": {"datetime": "2021-09-30 08:35:13", "elapsed": 35.257991, "delta": 0.562235}}
{"target": -39.21286514614735, "params": {"max_depth": 4.694507152324178, "n_estimators": 54.70465425176684, "random_state": 6.835499156811528}, "datetime": {"datetime": "2021-09-30 08:35:13", "elapsed": 35.694756, "delta": 0.436765}}
{"target": -40.21076568637534, "params": {"max_depth": 13.969311147466351, "n_estimators": 40.936057650974725, "random_state": 14.41967087653981}, "datetime": {"datetime": "2021-09-30 08:35:14", "elapsed": 36.165058, "delta": 0.470302}}
{"target": -40.23211991714038, "params": {"max_depth": 25.61819013389252, "n_estimators": 32.95685614711837, "random_state": 10.334916185539464}, "datetime": {"datetime": "2021-09-30 08:35:14", "elapsed": 36.642519, "delta": 0.477461}}
{"target": -41.20192713994321, "params": {"max_depth": 10.963738642415773, "n_estimators": 20.340226659521722, "random_state": 4.869061732059667}, "datetime": {"datetime": "2021-09-30 08:35:14", "elapsed": 37.031602, "delta": 0.389083}}
{"target": -38.74209822528833, "params": {"max_depth": 27.3083749020803, "n_estimators": 52.59596578426519, "random_state": 11.02927749772136}, "datetime": {"datetime": "2021-09-30 08:35:15", "elapsed": 37.652152, "delta": 0.62055}}
{"target": -39.734071830517195, "params": {"max_depth": 4.520037241017659, "n_estimators": 46.93386138585616, "random_state": 13.414843222985418}, "datetime": {"datetime": "2021-09-30 08:35:15", "elapsed": 38.06901, "delta": 0.416858}}
{"target": -39.72008712758814, "params": {"max_depth": 5.086821021337026, "n_estimators": 53.75008174234174, "random_state": 13.58095023041189}, "datetime": {"datetime": "2021-09-30 08:35:16", "elapsed": 38.690018, "delta": 0.621008}}
{"target": -40.48204747962209, "params": {"max_depth": 25.09964201686911, "n_estimators": 54.68245662801758, "random_state": 14.413723750265667}, "datetime": {"datetime": "2021-09-30 08:35:17", "elapsed": 39.270054, "delta": 0.580036}}
{"target": -40.35897164100214, "params": {"max_depth": 21.588686061384728, "n_estimators": 43.24391793534025, "random_state": 7.880562855658928}, "datetime": {"datetime": "2021-09-30 08:35:17", "elapsed": 39.935677, "delta": 0.665623}}
{"target": -39.039449545698865, "params": {"max_depth": 28.739710707838434, "n_estimators": 33.57072373947593, "random_state": 5.590259051416923}, "datetime": {"datetime": "2021-09-30 08:35:18", "elapsed": 40.386276, "delta": 0.450599}}
{"target": -40.54871943862587, "params": {"max_depth": 13.500726327397706, "n_estimators": 39.13848056902694, "random_state": 4.916376322324859}, "datetime": {"datetime": "2021-09-30 08:35:18", "elapsed": 40.879825, "delta": 0.493549}}
{"target": -38.92657559962266, "params": {"max_depth": 24.02809343724757, "n_estimators": 57.80422475558728, "random_state": 11.030422756579402}, "datetime": {"datetime": "2021-09-30 08:35:19", "elapsed": 41.528643, "delta": 0.648818}}
{"target": -40.53315340976321, "params": {"max_depth": 20.424093733380573, "n_estimators": 28.183175873660737, "random_state": 10.902328377253829}, "datetime": {"datetime": "2021-09-30 08:35:19", "elapsed": 42.033818, "delta": 0.505175}}
{"target": -39.72605568077813, "params": {"max_depth": 27.947057034044562, "n_estimators": 20.879113427638366, "random_state": 4.747977944122592}, "datetime": {"datetime": "2021-09-30 08:35:20", "elapsed": 42.416198, "delta": 0.38238}}
{"target": -39.73074419881649, "params": {"max_depth": 7.755555274556666, "n_estimators": 27.826108517366386, "random_state": 4.659664869334361}, "datetime": {"datetime": "2021-09-30 08:35:20", "elapsed": 42.805685, "delta": 0.389487}}
{"target": -39.74735213179011, "params": {"max_depth": 27.413512498419262, "n_estimators": 22.148191728720427, "random_state": 4.606567675973212}, "datetime": {"datetime": "2021-09-30 08:35:21", "elapsed": 43.293795, "delta": 0.48811}}
{"target": -41.15547917831343, "params": {"max_depth": 22.34674067754508, "n_estimators": 42.60476269287429, "random_state": 13.404169009809333}, "datetime": {"datetime": "2021-09-30 08:35:21", "elapsed": 43.846572, "delta": 0.552777}}
{"target": -38.89086507383686, "params": {"max_depth": 28.451811545136078, "n_estimators": 40.942087285658005, "random_state": 11.17469929953769}, "datetime": {"datetime": "2021-09-30 08:35:22", "elapsed": 44.385903, "delta": 0.539331}}
{"target": -39.34554002927956, "params": {"max_depth": 21.14483940576721, "n_estimators": 28.085020776313453, "random_state": 11.98696069101818}, "datetime": {"datetime": "2021-09-30 08:35:22", "elapsed": 44.853882, "delta": 0.467979}}
{"target": -39.9403149564799, "params": {"max_depth": 29.77348542240951, "n_estimators": 36.045193485758716, "random_state": 10.426828541955798}, "datetime": {"datetime": "2021-09-30 08:35:23", "elapsed": 45.482429, "delta": 0.628547}}
{"target": -40.229952001812215, "params": {"max_depth": 18.30846989285355, "n_estimators": 32.029361766083404, "random_state": 8.30270212015676}, "datetime": {"datetime": "2021-09-30 08:35:23", "elapsed": 45.95204, "delta": 0.469611}}
{"target": -39.34330361871156, "params": {"max_depth": 11.607673225042706, "n_estimators": 51.98045524952406, "random_state": 11.247567867063676}, "datetime": {"datetime": "2021-09-30 08:35:24", "elapsed": 46.667205, "delta": 0.715165}}
{"target": -39.666119009426296, "params": {"max_depth": 9.550760323189953, "n_estimators": 55.441903417432, "random_state": 6.94384007344672}, "datetime": {"datetime": "2021-09-30 08:35:25", "elapsed": 47.243773, "delta": 0.576568}}
{"target": -41.02801572008666, "params": {"max_depth": 22.148194806463373, "n_estimators": 26.42131388083571, "random_state": 14.122757746649025}, "datetime": {"datetime": "2021-09-30 08:35:25", "elapsed": 47.782515, "delta": 0.538742}}
{"target": -39.306518873043785, "params": {"max_depth": 24.963367339149084, "n_estimators": 23.571357971146796, "random_state": 5.46183676271686}, "datetime": {"datetime": "2021-09-30 08:35:26", "elapsed": 48.228185, "delta": 0.44567}}
{"target": -40.046076844985684, "params": {"max_depth": 16.48283313298291, "n_estimators": 26.424583364641435, "random_state": 4.641125333470981}, "datetime": {"datetime": "2021-09-30 08:35:26", "elapsed": 48.67542, "delta": 0.447235}}
{"target": -40.16758701950597, "params": {"max_depth": 29.42284260199415, "n_estimators": 44.67979269431211, "random_state": 4.085509522961441}, "datetime": {"datetime": "2021-09-30 08:35:27", "elapsed": 49.255242, "delta": 0.579822}}
{"target": -39.30788620576979, "params": {"max_depth": 4.092868527327937, "n_estimators": 41.30968433762202, "random_state": 8.2682027213374}, "datetime": {"datetime": "2021-09-30 08:35:27", "elapsed": 49.715575, "delta": 0.460333}}
{"target": -40.416947558004594, "params": {"max_depth": 15.888228528354066, "n_estimators": 59.03438519645553, "random_state": 13.914135830175761}, "datetime": {"datetime": "2021-09-30 08:35:28", "elapsed": 50.365243, "delta": 0.649668}}
{"target": -38.903969710797696, "params": {"max_depth": 8.878168364220898, "n_estimators": 54.874867435355576, "random_state": 5.607841447383077}, "datetime": {"datetime": "2021-09-30 08:35:28", "elapsed": 51.026312, "delta": 0.661069}}
{"target": -41.15547917831343, "params": {"max_depth": 24.027245317109553, "n_estimators": 42.179910497466736, "random_state": 13.178540412758526}, "datetime": {"datetime": "2021-09-30 08:35:29", "elapsed": 51.651721, "delta": 0.625409}}
{"target": -38.70209715534661, "params": {"max_depth": 6.2332262336242845, "n_estimators": 54.393743410210455, "random_state": 5.455266993016414}, "datetime": {"datetime": "2021-09-30 08:35:30", "elapsed": 52.2496, "delta": 0.597879}}
{"target": -38.62700127612673, "params": {"max_depth": 8.395485396332816, "n_estimators": 32.00123723745318, "random_state": 11.879063946795322}, "datetime": {"datetime": "2021-09-30 08:35:30", "elapsed": 52.720861, "delta": 0.471261}}
{"target": -39.90630577310661, "params": {"max_depth": 3.560265339842008, "n_estimators": 41.996676518708036, "random_state": 13.161908356350528}, "datetime": {"datetime": "2021-09-30 08:35:31", "elapsed": 53.197855, "delta": 0.476994}}
{"target": -40.80402746153712, "params": {"max_depth": 13.984414203178016, "n_estimators": 49.36325517095251, "random_state": 4.253565383632873}, "datetime": {"datetime": "2021-09-30 08:35:31", "elapsed": 53.844348, "delta": 0.646493}}
{"target": -39.19337590843747, "params": {"max_depth": 9.478600099879916, "n_estimators": 20.71839935248018, "random_state": 5.414249660079427}, "datetime": {"datetime": "2021-09-30 08:35:32", "elapsed": 54.269836, "delta": 0.425488}}
{"target": -39.22658461785175, "params": {"max_depth": 10.134538211978551, "n_estimators": 39.72329109242114, "random_state": 10.308048930302947}, "datetime": {"datetime": "2021-09-30 08:35:32", "elapsed": 54.833414, "delta": 0.563578}}
{"target": -40.32854601893071, "params": {"max_depth": 21.085049144563957, "n_estimators": 46.797185033537914, "random_state": 8.86812678986293}, "datetime": {"datetime": "2021-09-30 08:35:33", "elapsed": 55.533464, "delta": 0.70005}}
{"target": -39.14770306552373, "params": {"max_depth": 14.056283065212048, "n_estimators": 53.89686471810784, "random_state": 9.411814609554934}, "datetime": {"datetime": "2021-09-30 08:35:34", "elapsed": 56.248182, "delta": 0.714718}}
{"target": -39.303221867138774, "params": {"max_depth": 5.262838885718935, "n_estimators": 56.72735173531688, "random_state": 3.849367137041015}, "datetime": {"datetime": "2021-09-30 08:35:34", "elapsed": 56.880342, "delta": 0.63216}}
{"target": -41.04341837358197, "params": {"max_depth": 17.285896292184344, "n_estimators": 25.659516533296056, "random_state": 14.149842059448542}, "datetime": {"datetime": "2021-09-30 08:35:35", "elapsed": 57.383416, "delta": 0.503074}}
{"target": -39.75927755483258, "params": {"max_depth": 24.46422253475537, "n_estimators": 40.96620043455652, "random_state": 10.411165522235661}, "datetime": {"datetime": "2021-09-30 08:35:35", "elapsed": 58.015084, "delta": 0.631668}}
{"target": -38.98572082435939, "params": {"max_depth": 18.7572096154868, "n_estimators": 41.525014853034236, "random_state": 5.530039327112366}, "datetime": {"datetime": "2021-09-30 08:35:36", "elapsed": 58.57391, "delta": 0.558826}}
{"target": -38.77530655061599, "params": {"max_depth": 21.35600762715752, "n_estimators": 37.79424865716206, "random_state": 6.978491716389547}, "datetime": {"datetime": "2021-09-30 08:35:37", "elapsed": 59.124847, "delta": 0.550937}}
{"target": -39.527016411533786, "params": {"max_depth": 3.823968215199537, "n_estimators": 50.220298244643374, "random_state": 3.9827155001831627}, "datetime": {"datetime": "2021-09-30 08:35:37", "elapsed": 59.642889, "delta": 0.518042}}
{"target": -39.09946196042299, "params": {"max_depth": 29.906881495973646, "n_estimators": 58.218900458592714, "random_state": 6.982753554706671}, "datetime": {"datetime": "2021-09-30 08:35:38", "elapsed": 60.331109, "delta": 0.68822}}
{"target": -39.837302035155865, "params": {"max_depth": 4.416132370927351, "n_estimators": 51.50898383750881, "random_state": 7.058986565370093}, "datetime": {"datetime": "2021-09-30 08:35:38", "elapsed": 61.017513, "delta": 0.686404}}
{"target": -38.834521172477146, "params": {"max_depth": 8.771296902047522, "n_estimators": 25.806073367930367, "random_state": 8.174817726908355}, "datetime": {"datetime": "2021-09-30 08:35:39", "elapsed": 61.547665, "delta": 0.530152}}
{"target": -40.775359915278955, "params": {"max_depth": 18.549201506404422, "n_estimators": 53.27703459865194, "random_state": 13.190063015240325}, "datetime": {"datetime": "2021-09-30 08:35:40", "elapsed": 62.353925, "delta": 0.80626}}
{"target": -40.35183408614197, "params": {"max_depth": 10.020393151772758, "n_estimators": 54.996001945173795, "random_state": 14.570585984894302}, "datetime": {"datetime": "2021-09-30 08:35:41", "elapsed": 63.079006, "delta": 0.725081}}
{"target": -39.50328983775342, "params": {"max_depth": 28.357882824786522, "n_estimators": 27.06203910193325, "random_state": 5.848362415360393}, "datetime": {"datetime": "2021-09-30 08:35:41", "elapsed": 63.641973, "delta": 0.562967}}
{"target": -39.349631678765654, "params": {"max_depth": 15.375018203886777, "n_estimators": 52.84132394857318, "random_state": 6.584596392405379}, "datetime": {"datetime": "2021-09-30 08:35:42", "elapsed": 64.307151, "delta": 0.665178}}
{"target": -41.22724627888995, "params": {"max_depth": 14.575837815445277, "n_estimators": 49.675246825738625, "random_state": 13.709765736700607}, "datetime": {"datetime": "2021-09-30 08:35:42", "elapsed": 64.960056, "delta": 0.652905}}
{"target": -39.93398658169171, "params": {"max_depth": 25.962764855792194, "n_estimators": 54.85432381507922, "random_state": 12.073825067705734}, "datetime": {"datetime": "2021-09-30 08:35:43", "elapsed": 65.793376, "delta": 0.83332}}
{"target": -39.7464901933917, "params": {"max_depth": 17.132376390785367, "n_estimators": 20.536498780118425, "random_state": 4.460003010322389}, "datetime": {"datetime": "2021-09-30 08:35:44", "elapsed": 66.328751, "delta": 0.535375}}
{"target": -40.4353868189264, "params": {"max_depth": 17.395340385258137, "n_estimators": 44.78215215114484, "random_state": 10.595124966478235}, "datetime": {"datetime": "2021-09-30 08:35:44", "elapsed": 67.069019, "delta": 0.740268}}
