{"target": -37.90466411223512, "params": {"max_depth": 8.676568045952312, "n_estimators": 22.506742858676, "random_state": 5.001925681315758}, "datetime": {"datetime": "2021-09-30 08:52:42", "elapsed": 93.392579, "delta": 0.692572}}
{"target": -39.879038762793996, "params": {"max_depth": 7.778065180495073, "n_estimators": 30.722883417816032, "random_state": 6.0}, "datetime": {"datetime": "2021-09-30 08:52:43", "elapsed": 94.283236, "delta": 0.890657}}
{"target": -39.306518873043785, "params": {"max_depth": 27.424383150083425, "n_estimators": 23.902746332597648, "random_state": 5.99208492730948}, "datetime": {"datetime": "2021-09-30 08:52:43", "elapsed": 94.987891, "delta": 0.704655}}
{"target": -39.101150073100726, "params": {"max_depth": 7.720189469304902, "n_estimators": 39.19377615529277, "random_state": 5.906241926560446}, "datetime": {"datetime": "2021-09-30 08:52:44", "elapsed": 95.737889, "delta": 0.749998}}
{"target": -40.10575389792775, "params": {"max_depth": 3.0686092253701727, "n_estimators": 55.2476542125095, "random_state": 5.959037583756798}, "datetime": {"datetime": "2021-09-30 08:52:45", "elapsed": 96.61362, "delta": 0.875731}}
{"target": -38.605064252975566, "params": {"max_depth": 6.194236306749218, "n_estimators": 48.32731198045373, "random_state": 5.763945963726634}, "datetime": {"datetime": "2021-09-30 08:52:46", "elapsed": 97.568786, "delta": 0.955166}}
{"target": -38.65983414609978, "params": {"max_depth": 5.9441544464310825, "n_estimators": 49.26444028508328, "random_state": 5.073231928239232}, "datetime": {"datetime": "2021-09-30 08:52:47", "elapsed": 98.504204, "delta": 0.935418}}
{"target": -38.57688851630837, "params": {"max_depth": 5.191986162047224, "n_estimators": 48.057637144047156, "random_state": 5.125945005785416}, "datetime": {"datetime": "2021-09-30 08:52:48", "elapsed": 99.377594, "delta": 0.87339}}
{"target": -38.57688851630837, "params": {"max_depth": 5.03906896434095, "n_estimators": 48.99664805618946, "random_state": 5.844695157371798}, "datetime": {"datetime": "2021-09-30 08:52:49", "elapsed": 100.246698, "delta": 0.869104}}
{"target": -39.1897243442129, "params": {"max_depth": 4.524026680607398, "n_estimators": 47.918683752345515, "random_state": 6.0}, "datetime": {"datetime": "2021-09-30 08:52:50", "elapsed": 101.284184, "delta": 1.037486}}
{"target": -39.07503093328038, "params": {"max_depth": 4.702659577113898, "n_estimators": 49.36953894144889, "random_state": 5.0}, "datetime": {"datetime": "2021-09-30 08:52:51", "elapsed": 102.088195, "delta": 0.804011}}
{"target": -38.65020202394679, "params": {"max_depth": 5.786448469168005, "n_estimators": 47.30023364335685, "random_state": 5.050556942772513}, "datetime": {"datetime": "2021-09-30 08:52:51", "elapsed": 102.963205, "delta": 0.87501}}
{"target": -39.29778124309749, "params": {"max_depth": 7.252498889345696, "n_estimators": 47.50489972236883, "random_state": 5.1466321024503925}, "datetime": {"datetime": "2021-09-30 08:52:52", "elapsed": 103.982785, "delta": 1.01958}}
{"target": -38.636736378815314, "params": {"max_depth": 6.918414013144243, "n_estimators": 49.944495438386014, "random_state": 5.67004403877207}, "datetime": {"datetime": "2021-09-30 08:52:53", "elapsed": 104.976008, "delta": 0.993223}}
{"target": -38.66056869203403, "params": {"max_depth": 5.808697190368356, "n_estimators": 50.50350341961128, "random_state": 5.840596522381837}, "datetime": {"datetime": "2021-09-30 08:52:54", "elapsed": 105.758675, "delta": 0.782667}}
{"target": -38.65983414609978, "params": {"max_depth": 5.81173819170256, "n_estimators": 49.28455934746633, "random_state": 5.984785917037104}, "datetime": {"datetime": "2021-09-30 08:52:55", "elapsed": 106.720851, "delta": 0.962176}}
{"target": -38.61892117259632, "params": {"max_depth": 6.787921158088188, "n_estimators": 51.06887063310789, "random_state": 5.302269364191251}, "datetime": {"datetime": "2021-09-30 08:52:56", "elapsed": 107.719305, "delta": 0.998454}}
{"target": -38.66763997543472, "params": {"max_depth": 5.6566624857923795, "n_estimators": 51.84241517177024, "random_state": 5.266279759727884}, "datetime": {"datetime": "2021-09-30 08:52:57", "elapsed": 108.774185, "delta": 1.05488}}
{"target": -39.21104913907092, "params": {"max_depth": 4.698362567149752, "n_estimators": 52.53460735686817, "random_state": 5.855509396335464}, "datetime": {"datetime": "2021-09-30 08:52:58", "elapsed": 109.731205, "delta": 0.95702}}
{"target": -38.09378915195394, "params": {"max_depth": 8.49036372807328, "n_estimators": 21.651803107667913, "random_state": 5.628459977813685}, "datetime": {"datetime": "2021-09-30 08:52:59", "elapsed": 110.498375, "delta": 0.76717}}
{"target": -39.58379408223675, "params": {"max_depth": 7.901895131078065, "n_estimators": 60.0, "random_state": 5.0}, "datetime": {"datetime": "2021-09-30 08:53:00", "elapsed": 111.490881, "delta": 0.992506}}
{"target": -39.78651760425607, "params": {"max_depth": 15.195892087048293, "n_estimators": 22.189463642228016, "random_state": 6.0}, "datetime": {"datetime": "2021-09-30 08:53:01", "elapsed": 112.40071, "delta": 0.909829}}
{"target": -39.284913596814064, "params": {"max_depth": 25.87905326018087, "n_estimators": 56.64421359521245, "random_state": 5.949537828129546}, "datetime": {"datetime": "2021-09-30 08:53:02", "elapsed": 113.40609, "delta": 1.00538}}
{"target": -39.41786500116672, "params": {"max_depth": 18.327889908597342, "n_estimators": 57.019566499209446, "random_state": 5.978555580353452}, "datetime": {"datetime": "2021-09-30 08:53:03", "elapsed": 114.557836, "delta": 1.151746}}
{"target": -38.71006103595297, "params": {"max_depth": 26.40017467062222, "n_estimators": 40.723113308853215, "random_state": 5.007544650311857}, "datetime": {"datetime": "2021-09-30 08:53:04", "elapsed": 115.685245, "delta": 1.127409}}
{"target": -38.718988742740265, "params": {"max_depth": 20.24211381363326, "n_estimators": 40.98461698000075, "random_state": 6.0}, "datetime": {"datetime": "2021-09-30 08:53:05", "elapsed": 116.756551, "delta": 1.071306}}
{"target": -38.8694878505686, "params": {"max_depth": 6.667017426763255, "n_estimators": 43.16356875850752, "random_state": 5.095726403348073}, "datetime": {"datetime": "2021-09-30 08:53:06", "elapsed": 117.995453, "delta": 1.238902}}
{"target": -39.329728698351154, "params": {"max_depth": 7.663783255418369, "n_estimators": 50.2661942688107, "random_state": 5.0}, "datetime": {"datetime": "2021-09-30 08:53:08", "elapsed": 119.137464, "delta": 1.142011}}
{"target": -38.74442344457692, "params": {"max_depth": 23.274836963272644, "n_estimators": 39.339679720979696, "random_state": 6.0}, "datetime": {"datetime": "2021-09-30 08:53:09", "elapsed": 120.23947, "delta": 1.102006}}
{"target": -39.14977461065116, "params": {"max_depth": 19.48860016988573, "n_estimators": 24.08802898890099, "random_state": 5.0}, "datetime": {"datetime": "2021-09-30 08:53:10", "elapsed": 121.17601, "delta": 0.93654}}
{"target": -38.66056869203403, "params": {"max_depth": 5.864063374685551, "n_estimators": 50.85389109275417, "random_state": 5.0}, "datetime": {"datetime": "2021-09-30 08:53:11", "elapsed": 122.188687, "delta": 1.012677}}
{"target": -38.962356792918115, "params": {"max_depth": 12.559363617817167, "n_estimators": 53.60407866797973, "random_state": 5.0}, "datetime": {"datetime": "2021-09-30 08:53:12", "elapsed": 123.366942, "delta": 1.178255}}
{"target": -38.71006103595297, "params": {"max_depth": 29.904143944803483, "n_estimators": 40.489758644533524, "random_state": 5.7938316993521894}, "datetime": {"datetime": "2021-09-30 08:53:13", "elapsed": 124.432937, "delta": 1.065995}}
{"target": -38.73890312989266, "params": {"max_depth": 19.26361545322753, "n_estimators": 39.00566791289359, "random_state": 5.0}, "datetime": {"datetime": "2021-09-30 08:53:14", "elapsed": 125.801631, "delta": 1.368694}}
{"target": -38.929427207846906, "params": {"max_depth": 5.937870454427224, "n_estimators": 34.361167277728974, "random_state": 5.0}, "datetime": {"datetime": "2021-09-30 08:53:15", "elapsed": 126.765955, "delta": 0.964324}}
{"target": -38.65937118560871, "params": {"max_depth": 17.61498384195763, "n_estimators": 42.07666036053111, "random_state": 5.98824877292416}, "datetime": {"datetime": "2021-09-30 08:53:16", "elapsed": 127.810953, "delta": 1.044998}}
{"target": -39.09181359318809, "params": {"max_depth": 18.372616111372825, "n_estimators": 43.454885013681164, "random_state": 5.551937901951209}, "datetime": {"datetime": "2021-09-30 08:53:17", "elapsed": 128.992367, "delta": 1.181414}}
{"target": -39.194598624011036, "params": {"max_depth": 28.261669657251957, "n_estimators": 31.411016379950244, "random_state": 5.923842978530589}, "datetime": {"datetime": "2021-09-30 08:53:18", "elapsed": 130.027083, "delta": 1.034716}}
{"target": -40.1271505459726, "params": {"max_depth": 3.027379959220032, "n_estimators": 36.44582565812494, "random_state": 5.178756440282317}, "datetime": {"datetime": "2021-09-30 08:53:20", "elapsed": 131.042223, "delta": 1.01514}}
{"target": -38.70720637770514, "params": {"max_depth": 30.0, "n_estimators": 39.27968917096604, "random_state": 5.0}, "datetime": {"datetime": "2021-09-30 08:53:20", "elapsed": 131.989395, "delta": 0.947172}}
{"target": -38.734611518347364, "params": {"max_depth": 16.13374439691482, "n_estimators": 42.934259128335604, "random_state": 5.0}, "datetime": {"datetime": "2021-09-30 08:53:22", "elapsed": 133.035288, "delta": 1.045893}}
{"target": -39.282607108946024, "params": {"max_depth": 7.08511002351287, "n_estimators": 48.81297973768632, "random_state": 5.0}, "datetime": {"datetime": "2021-09-30 08:55:23", "elapsed": 0.0, "delta": 0.0}}
{"target": -39.3154095258296, "params": {"max_depth": 6.511662863159199, "n_estimators": 25.870235632684523, "random_state": 5.0}, "datetime": {"datetime": "2021-09-30 08:55:23", "elapsed": 0.093752, "delta": 0.093752}}
{"target": -38.635137537970834, "params": {"max_depth": 6.900068643181757, "n_estimators": 47.50888002757486, "random_state": 5.0}, "datetime": {"datetime": "2021-09-30 08:55:24", "elapsed": 0.338045, "delta": 0.244293}}
{"target": -39.07669277150121, "params": {"max_depth": 9.777535468063354, "n_estimators": 41.07257236376503, "random_state": 5.0}, "datetime": {"datetime": "2021-09-30 08:55:24", "elapsed": 0.607696, "delta": 0.269651}}
{"target": -38.770365361136676, "params": {"max_depth": 8.840238000615884, "n_estimators": 26.048543648467565, "random_state": 5.0}, "datetime": {"datetime": "2021-09-30 08:55:24", "elapsed": 0.768055, "delta": 0.160359}}
{"target": -38.91927680896969, "params": {"max_depth": 9.9110673449234, "n_estimators": 48.37129365496471, "random_state": 5.0}, "datetime": {"datetime": "2021-09-30 08:55:25", "elapsed": 1.122833, "delta": 0.354778}}
{"target": -38.947399926381735, "params": {"max_depth": 8.188769838619903, "n_estimators": 53.522172233712325, "random_state": 5.0}, "datetime": {"datetime": "2021-09-30 08:55:25", "elapsed": 1.447048, "delta": 0.324215}}
{"target": -38.770365361136676, "params": {"max_depth": 8.779161907476709, "n_estimators": 26.019877644369696, "random_state": 5.0}, "datetime": {"datetime": "2021-09-30 08:55:25", "elapsed": 1.659719, "delta": 0.212671}}
{"target": -38.68778409493426, "params": {"max_depth": 6.718060624450109, "n_estimators": 46.88569827167597, "random_state": 5.0}, "datetime": {"datetime": "2021-09-30 08:55:25", "elapsed": 1.956008, "delta": 0.296289}}
{"target": -39.29778124309749, "params": {"max_depth": 7.713668025615616, "n_estimators": 47.08756480531665, "random_state": 5.0}, "datetime": {"datetime": "2021-09-30 08:55:26", "elapsed": 2.233708, "delta": 0.2777}}
{"target": -38.635137537970834, "params": {"max_depth": 6.320715495541665, "n_estimators": 47.384078991457585, "random_state": 5.0}, "datetime": {"datetime": "2021-09-30 08:55:26", "elapsed": 2.516667, "delta": 0.282959}}
{"target": -38.78814125760433, "params": {"max_depth": 5.934845881097122, "n_estimators": 46.592308955786876, "random_state": 5.0}, "datetime": {"datetime": "2021-09-30 08:55:26", "elapsed": 2.765458, "delta": 0.248791}}
{"target": -38.65020202394679, "params": {"max_depth": 5.305327062342991, "n_estimators": 47.67461304166386, "random_state": 5.0}, "datetime": {"datetime": "2021-09-30 08:55:26", "elapsed": 3.041783, "delta": 0.276325}}
{"target": -38.57688851630837, "params": {"max_depth": 5.080096342850871, "n_estimators": 48.57548792510006, "random_state": 5.0}, "datetime": {"datetime": "2021-09-30 08:55:27", "elapsed": 3.292035, "delta": 0.250252}}
{"target": -38.65983414609978, "params": {"max_depth": 5.071835748540406, "n_estimators": 49.499175838472226, "random_state": 5.0}, "datetime": {"datetime": "2021-09-30 08:55:27", "elapsed": 3.548637, "delta": 0.256602}}
{"target": -38.66056869203403, "params": {"max_depth": 5.0689623266242245, "n_estimators": 50.66114429170914, "random_state": 5.0}, "datetime": {"datetime": "2021-09-30 08:55:27", "elapsed": 3.817259, "delta": 0.268622}}
{"target": -38.66763997543472, "params": {"max_depth": 5.104792566969487, "n_estimators": 51.80755933209595, "random_state": 5.0}, "datetime": {"datetime": "2021-09-30 08:55:27", "elapsed": 4.078575, "delta": 0.261316}}
{"target": -38.61892117259632, "params": {"max_depth": 6.154814963985646, "n_estimators": 51.26691462801088, "random_state": 5.0}, "datetime": {"datetime": "2021-09-30 08:55:28", "elapsed": 4.358528, "delta": 0.279953}}
{"target": -38.74867268250392, "params": {"max_depth": 6.156935732027748, "n_estimators": 52.303386435484455, "random_state": 5.0}, "datetime": {"datetime": "2021-09-30 08:55:28", "elapsed": 4.645899, "delta": 0.287371}}
{"target": -39.310416266766026, "params": {"max_depth": 7.259854303765697, "n_estimators": 51.33225401708482, "random_state": 5.0}, "datetime": {"datetime": "2021-09-30 08:55:28", "elapsed": 4.960331, "delta": 0.314432}}
{"target": -38.66056869203403, "params": {"max_depth": 5.8633285078515565, "n_estimators": 50.341738028230466, "random_state": 5.0}, "datetime": {"datetime": "2021-09-30 08:55:29", "elapsed": 5.234273, "delta": 0.273942}}
{"target": -38.754738327514325, "params": {"max_depth": 5.059236033937699, "n_estimators": 53.20339117284975, "random_state": 5.0}, "datetime": {"datetime": "2021-09-30 08:55:29", "elapsed": 5.525948, "delta": 0.291675}}
{"target": -39.10267981430773, "params": {"max_depth": 9.627203660463817, "n_estimators": 24.602041804436755, "random_state": 5.0}, "datetime": {"datetime": "2021-09-30 08:55:29", "elapsed": 5.730837, "delta": 0.204889}}
{"target": -38.74185447745608, "params": {"max_depth": 5.1464704209281615, "n_estimators": 54.81918430726981, "random_state": 5.0}, "datetime": {"datetime": "2021-09-30 08:55:29", "elapsed": 6.016879, "delta": 0.286042}}
{"target": -38.84889117427247, "params": {"max_depth": 5.778088777255915, "n_estimators": 56.102270410488224, "random_state": 5.0}, "datetime": {"datetime": "2021-09-30 08:55:30", "elapsed": 6.319548, "delta": 0.302669}}
{"target": -38.66763997543472, "params": {"max_depth": 5.551829415316082, "n_estimators": 51.20311977052573, "random_state": 5.0}, "datetime": {"datetime": "2021-09-30 08:55:30", "elapsed": 6.595656, "delta": 0.276108}}
{"target": -38.726755582882085, "params": {"max_depth": 6.146743363195792, "n_estimators": 53.96096944760537, "random_state": 5.0}, "datetime": {"datetime": "2021-09-30 08:55:30", "elapsed": 6.895606, "delta": 0.29995}}
{"target": -38.78068473185067, "params": {"max_depth": 8.946711615105897, "n_estimators": 27.704242382517847, "random_state": 5.0}, "datetime": {"datetime": "2021-09-30 08:55:31", "elapsed": 7.130173, "delta": 0.234567}}
{"target": -39.51081144976875, "params": {"max_depth": 9.876124524358723, "n_estimators": 29.067692449786556, "random_state": 5.0}, "datetime": {"datetime": "2021-09-30 08:55:31", "elapsed": 7.375961, "delta": 0.245788}}
{"target": -38.979058599872864, "params": {"max_depth": 5.064775876862506, "n_estimators": 35.43701054004841, "random_state": 5.0}, "datetime": {"datetime": "2021-09-30 08:55:31", "elapsed": 7.617494, "delta": 0.241533}}
{"target": -39.437420930871134, "params": {"max_depth": 7.1178668709980215, "n_estimators": 55.08378728422643, "random_state": 5.0}, "datetime": {"datetime": "2021-09-30 08:55:31", "elapsed": 8.003489, "delta": 0.385995}}
{"target": -38.89168973317091, "params": {"max_depth": 5.040810499019612, "n_estimators": 57.97429800451551, "random_state": 5.0}, "datetime": {"datetime": "2021-09-30 08:55:32", "elapsed": 8.352714, "delta": 0.349225}}
{"target": -38.840354122197, "params": {"max_depth": 5.001408021340585, "n_estimators": 44.16580381828102, "random_state": 5.0}, "datetime": {"datetime": "2021-09-30 08:55:32", "elapsed": 8.651904, "delta": 0.29919}}
{"target": -38.79648043567375, "params": {"max_depth": 5.061966324358294, "n_estimators": 42.099358972558576, "random_state": 5.0}, "datetime": {"datetime": "2021-09-30 08:55:32", "elapsed": 8.926031, "delta": 0.274127}}
{"target": -38.66510461759481, "params": {"max_depth": 6.4655262270715195, "n_estimators": 42.91939686406569, "random_state": 5.0}, "datetime": {"datetime": "2021-09-30 08:55:33", "elapsed": 9.247466, "delta": 0.321435}}
{"target": -38.645712184522026, "params": {"max_depth": 6.56223513635458, "n_estimators": 41.75200759519103, "random_state": 5.0}, "datetime": {"datetime": "2021-09-30 08:55:33", "elapsed": 9.540835, "delta": 0.293369}}
{"target": -39.121775803340036, "params": {"max_depth": 7.539629796773696, "n_estimators": 42.42844037795297, "random_state": 5.0}, "datetime": {"datetime": "2021-09-30 08:55:33", "elapsed": 9.85804, "delta": 0.317205}}
{"target": -38.58658563143641, "params": {"max_depth": 5.956321008314937, "n_estimators": 40.94176156874386, "random_state": 5.0}, "datetime": {"datetime": "2021-09-30 08:55:34", "elapsed": 10.15492, "delta": 0.29688}}
{"target": -38.61621455700946, "params": {"max_depth": 6.826818682876559, "n_estimators": 40.447753564509284, "random_state": 5.0}, "datetime": {"datetime": "2021-09-30 08:55:34", "elapsed": 10.491893, "delta": 0.336973}}
{"target": -38.614039339797415, "params": {"max_depth": 6.062468608164035, "n_estimators": 39.73147444448156, "random_state": 5.0}, "datetime": {"datetime": "2021-09-30 08:55:34", "elapsed": 10.799673, "delta": 0.30778}}
{"target": -38.58658563143641, "params": {"max_depth": 5.0704332696216206, "n_estimators": 40.256819630038024, "random_state": 5.0}, "datetime": {"datetime": "2021-09-30 08:55:35", "elapsed": 11.120637, "delta": 0.320964}}
{"target": -38.546835966268546, "params": {"max_depth": 5.0008876879287, "n_estimators": 38.9001535595294, "random_state": 5.0}, "datetime": {"datetime": "2021-09-30 08:55:35", "elapsed": 11.424105, "delta": 0.303468}}
{"target": -38.546835966268546, "params": {"max_depth": 5.883930272556649, "n_estimators": 38.30297960572149, "random_state": 5.0}, "datetime": {"datetime": "2021-09-30 08:55:35", "elapsed": 11.684955, "delta": 0.26085}}
{"target": -38.76840952435015, "params": {"max_depth": 5.020753797086547, "n_estimators": 37.77480598426424, "random_state": 5.0}, "datetime": {"datetime": "2021-09-30 08:55:35", "elapsed": 11.975594, "delta": 0.290639}}
{"target": -38.95081661055551, "params": {"max_depth": 7.073264998373989, "n_estimators": 38.57942208541024, "random_state": 5.0}, "datetime": {"datetime": "2021-09-30 08:55:36", "elapsed": 12.289016, "delta": 0.313422}}
{"target": -38.62969085771145, "params": {"max_depth": 5.621016171617372, "n_estimators": 39.04251337948966, "random_state": 5.0}, "datetime": {"datetime": "2021-09-30 08:55:36", "elapsed": 12.570313, "delta": 0.281297}}
{"target": -38.77148716472, "params": {"max_depth": 6.347502039157514, "n_estimators": 37.11297839199035, "random_state": 5.0}, "datetime": {"datetime": "2021-09-30 08:55:36", "elapsed": 12.908773, "delta": 0.33846}}
{"target": -38.74214835850508, "params": {"max_depth": 5.048198184846973, "n_estimators": 20.051067550957036, "random_state": 5.0}, "datetime": {"datetime": "2021-09-30 08:55:37", "elapsed": 13.121312, "delta": 0.212539}}
{"target": -38.93776678191052, "params": {"max_depth": 6.647330036460878, "n_estimators": 20.62324749836567, "random_state": 5.0}, "datetime": {"datetime": "2021-09-30 08:55:37", "elapsed": 13.333192, "delta": 0.21188}}
{"target": -38.77216478402186, "params": {"max_depth": 6.58694036415058, "n_estimators": 44.27075223337418, "random_state": 5.0}, "datetime": {"datetime": "2021-09-30 08:55:37", "elapsed": 13.660162, "delta": 0.32697}}
{"target": -39.31319488009663, "params": {"max_depth": 9.991865905534445, "n_estimators": 59.832217748102124, "random_state": 5.0}, "datetime": {"datetime": "2021-09-30 08:55:37", "elapsed": 14.076779, "delta": 0.416617}}
{"target": -38.990177005112635, "params": {"max_depth": 9.961271888610522, "n_estimators": 34.66886151359569, "random_state": 5.0}, "datetime": {"datetime": "2021-09-30 08:55:38", "elapsed": 14.389276, "delta": 0.312497}}
{"target": -38.94383877423833, "params": {"max_depth": 5.067027727604273, "n_estimators": 30.716131482596467, "random_state": 5.0}, "datetime": {"datetime": "2021-09-30 08:55:38", "elapsed": 14.682378, "delta": 0.293102}}
{"target": -39.19337590843747, "params": {"max_depth": 9.910982249820517, "n_estimators": 20.285827194423764, "random_state": 5.0}, "datetime": {"datetime": "2021-09-30 08:55:38", "elapsed": 14.942922, "delta": 0.260544}}
{"target": -38.67225088910262, "params": {"max_depth": 5.059714619595537, "n_estimators": 22.210068735383732, "random_state": 5.0}, "datetime": {"datetime": "2021-09-30 08:55:39", "elapsed": 15.226448, "delta": 0.283526}}
{"target": -38.65639534000832, "params": {"max_depth": 5.041847294674612, "n_estimators": 23.52397367986171, "random_state": 5.0}, "datetime": {"datetime": "2021-09-30 08:55:39", "elapsed": 15.468289, "delta": 0.241841}}
