{"target": -39.64149774054416, "params": {"max_depth": 9.510443723035877, "n_estimators": 61.87330365681139, "random_state": 2.4233080334274755}, "datetime": {"datetime": "2021-09-30 08:23:15", "elapsed": 435.634289, "delta": 2.195942}}
{"target": -38.92769584368985, "params": {"max_depth": 12.242076503761082, "n_estimators": 34.316213260787336, "random_state": 6.3288134880727345}, "datetime": {"datetime": "2021-09-30 08:23:17", "elapsed": 437.463312, "delta": 1.829023}}
{"target": -39.144801545436835, "params": {"max_depth": 13.428348177610864, "n_estimators": 52.694304210734835, "random_state": 11.0}, "datetime": {"datetime": "2021-09-30 08:23:19", "elapsed": 439.278801, "delta": 1.815489}}
{"target": -39.78337196654131, "params": {"max_depth": 9.387910050705372, "n_estimators": 71.52343490204024, "random_state": 11.0}, "datetime": {"datetime": "2021-09-30 08:23:21", "elapsed": 441.255026, "delta": 1.976225}}
{"target": -40.00888900031454, "params": {"max_depth": 24.55936373860626, "n_estimators": 98.80925776910944, "random_state": 4.354503737292408}, "datetime": {"datetime": "2021-09-30 08:23:24", "elapsed": 444.58207, "delta": 3.327044}}
{"target": -39.15933626915072, "params": {"max_depth": 24.572142098333913, "n_estimators": 100.0, "random_state": 8.490937032384021}, "datetime": {"datetime": "2021-09-30 08:23:26", "elapsed": 447.02588, "delta": 2.44381}}
{"target": -47.67548074887716, "params": {"max_depth": 1.0, "n_estimators": 1.0, "random_state": 1.0}, "datetime": {"datetime": "2021-09-30 08:23:29", "elapsed": 449.319387, "delta": 2.293507}}
{"target": -39.797678446709625, "params": {"max_depth": 14.780545877605292, "n_estimators": 42.11068512531394, "random_state": 10.774852632462766}, "datetime": {"datetime": "2021-09-30 08:23:31", "elapsed": 451.924066, "delta": 2.604679}}
{"target": -39.942813836591895, "params": {"max_depth": 20.42075228978957, "n_estimators": 62.77159086320065, "random_state": 10.970541449154325}, "datetime": {"datetime": "2021-09-30 08:23:34", "elapsed": 454.452515, "delta": 2.528449}}
{"target": -39.83977254221879, "params": {"max_depth": 20.34954431494523, "n_estimators": 68.05327671439862, "random_state": 10.831298446779765}, "datetime": {"datetime": "2021-09-30 08:23:36", "elapsed": 456.673879, "delta": 2.221364}}
{"target": -41.483211915053, "params": {"max_depth": 24.413759373351702, "n_estimators": 39.43149705846012, "random_state": 1.2299509391176835}, "datetime": {"datetime": "2021-09-30 08:23:39", "elapsed": 459.222257, "delta": 2.548378}}
{"target": -39.19629339158932, "params": {"max_depth": 5.7810896043124185, "n_estimators": 91.21226774643038, "random_state": 8.951839781801553}, "datetime": {"datetime": "2021-09-30 08:23:41", "elapsed": 461.841031, "delta": 2.618774}}
{"target": -39.81703838024849, "params": {"max_depth": 25.81766202399124, "n_estimators": 46.978917781323524, "random_state": 9.526359913841329}, "datetime": {"datetime": "2021-09-30 08:23:44", "elapsed": 464.225914, "delta": 2.384883}}
{"target": -39.24615158411795, "params": {"max_depth": 23.79176330510187, "n_estimators": 53.657766871204, "random_state": 6.6611139289632755}, "datetime": {"datetime": "2021-09-30 08:23:46", "elapsed": 466.605566, "delta": 2.379652}}
{"target": -39.88974003680863, "params": {"max_depth": 26.149145301965245, "n_estimators": 54.92487474498621, "random_state": 8.549901721187354}, "datetime": {"datetime": "2021-09-30 08:23:48", "elapsed": 468.738516, "delta": 2.13295}}
{"target": -40.20005906952604, "params": {"max_depth": 8.233156048405775, "n_estimators": 29.574701426379566, "random_state": 10.977496939576545}, "datetime": {"datetime": "2021-09-30 08:23:51", "elapsed": 471.270495, "delta": 2.531979}}
{"target": -40.68459684517992, "params": {"max_depth": 19.106278486034086, "n_estimators": 8.693099175985363, "random_state": 11.0}, "datetime": {"datetime": "2021-09-30 08:23:52", "elapsed": 473.081485, "delta": 1.81099}}
{"target": -39.89206221348377, "params": {"max_depth": 12.48163160202307, "n_estimators": 26.044604005639258, "random_state": 10.873076566914072}, "datetime": {"datetime": "2021-09-30 08:23:55", "elapsed": 475.369865, "delta": 2.28838}}
{"target": -38.60520834133384, "params": {"max_depth": 11.602250211197132, "n_estimators": 39.24727216680069, "random_state": 6.536952323636571}, "datetime": {"datetime": "2021-09-30 08:23:57", "elapsed": 477.283645, "delta": 1.91378}}
{"target": -38.88794536465364, "params": {"max_depth": 10.463543375865074, "n_estimators": 42.90360354219694, "random_state": 6.450150348523106}, "datetime": {"datetime": "2021-09-30 08:23:58", "elapsed": 479.169456, "delta": 1.885811}}
{"target": -40.63434860068705, "params": {"max_depth": 13.29812493779864, "n_estimators": 42.188854730833256, "random_state": 4.813505571708264}, "datetime": {"datetime": "2021-09-30 08:24:01", "elapsed": 481.250767, "delta": 2.081311}}
{"target": -39.02231919566575, "params": {"max_depth": 9.255577075840137, "n_estimators": 46.23773104169956, "random_state": 5.667149164697884}, "datetime": {"datetime": "2021-09-30 08:24:03", "elapsed": 483.69042, "delta": 2.439653}}
{"target": -38.97555988471406, "params": {"max_depth": 9.487339168865418, "n_estimators": 40.10335567695142, "random_state": 5.013406924062586}, "datetime": {"datetime": "2021-09-30 08:24:05", "elapsed": 485.976562, "delta": 2.286142}}
{"target": -39.21591131522341, "params": {"max_depth": 11.074213192367186, "n_estimators": 37.620003438829016, "random_state": 5.5939116731917675}, "datetime": {"datetime": "2021-09-30 08:24:08", "elapsed": 488.358755, "delta": 2.382193}}
{"target": -38.95706819221227, "params": {"max_depth": 6.1349363573767155, "n_estimators": 34.523029811859075, "random_state": 10.935217618216063}, "datetime": {"datetime": "2021-09-30 08:24:10", "elapsed": 490.787977, "delta": 2.429222}}
{"target": -39.88507769350261, "params": {"max_depth": 9.177771568446948, "n_estimators": 45.4136196101702, "random_state": 8.015478084308155}, "datetime": {"datetime": "2021-09-30 08:24:12", "elapsed": 492.839618, "delta": 2.051641}}
{"target": -38.86023472471379, "params": {"max_depth": 8.318607588134146, "n_estimators": 61.54098514043306, "random_state": 11.0}, "datetime": {"datetime": "2021-09-30 08:24:14", "elapsed": 495.022342, "delta": 2.182724}}
{"target": -39.829748190629, "params": {"max_depth": 7.734236870230518, "n_estimators": 43.039894503755, "random_state": 4.208729185954832}, "datetime": {"datetime": "2021-09-30 08:24:17", "elapsed": 497.344556, "delta": 2.322214}}
{"target": -40.86026714653937, "params": {"max_depth": 20.76177402576642, "n_estimators": 52.508377725345674, "random_state": 7.655422590967505}, "datetime": {"datetime": "2021-09-30 08:24:19", "elapsed": 499.567369, "delta": 2.222813}}
{"target": -40.41452649777371, "params": {"max_depth": 15.890576235126451, "n_estimators": 51.50206512038011, "random_state": 4.396861397741983}, "datetime": {"datetime": "2021-09-30 08:24:21", "elapsed": 502.013262, "delta": 2.445893}}
{"target": -39.59510604553905, "params": {"max_depth": 6.689653584053182, "n_estimators": 48.07159358292977, "random_state": 4.77212027876167}, "datetime": {"datetime": "2021-09-30 08:24:24", "elapsed": 504.18136, "delta": 2.168098}}
{"target": -40.140206593795284, "params": {"max_depth": 21.86597240312845, "n_estimators": 54.38157547270493, "random_state": 3.694737452050852}, "datetime": {"datetime": "2021-09-30 08:24:26", "elapsed": 506.981501, "delta": 2.800141}}
{"target": -39.6052784131105, "params": {"max_depth": 10.13610222211111, "n_estimators": 19.260981971347906, "random_state": 11.0}, "datetime": {"datetime": "2021-09-30 08:24:28", "elapsed": 508.861146, "delta": 1.879645}}
{"target": -40.364514098805536, "params": {"max_depth": 21.13736091586469, "n_estimators": 32.03766351818709, "random_state": 8.404266047054145}, "datetime": {"datetime": "2021-09-30 08:24:30", "elapsed": 511.127891, "delta": 2.266745}}
{"target": -40.12366570797113, "params": {"max_depth": 22.897699539500035, "n_estimators": 30.972323552209662, "random_state": 4.6740828150222615}, "datetime": {"datetime": "2021-09-30 08:24:32", "elapsed": 513.045472, "delta": 1.917581}}
{"target": -39.22517358184595, "params": {"max_depth": 19.010298068206083, "n_estimators": 100.0, "random_state": 11.0}, "datetime": {"datetime": "2021-09-30 08:24:35", "elapsed": 515.542717, "delta": 2.497245}}
{"target": -40.71486692109305, "params": {"max_depth": 24.715748031548618, "n_estimators": 29.52724715194981, "random_state": 7.494433431728146}, "datetime": {"datetime": "2021-09-30 08:24:37", "elapsed": 518.07542, "delta": 2.532703}}
{"target": -40.04894963681018, "params": {"max_depth": 21.339646820557892, "n_estimators": 24.513861977327156, "random_state": 4.806981995106926}, "datetime": {"datetime": "2021-09-30 08:24:40", "elapsed": 521.142037, "delta": 3.066617}}
{"target": -38.87134019627295, "params": {"max_depth": 28.418635564611016, "n_estimators": 34.697835662375354, "random_state": 11.0}, "datetime": {"datetime": "2021-09-30 08:24:43", "elapsed": 523.745138, "delta": 2.603101}}
{"target": -40.28951662987178, "params": {"max_depth": 14.935816377969314, "n_estimators": 95.11323473606168, "random_state": 7.12619466747317}, "datetime": {"datetime": "2021-09-30 08:24:46", "elapsed": 526.623412, "delta": 2.878274}}
{"target": -39.93637851592836, "params": {"max_depth": 17.36816754981386, "n_estimators": 96.88210245496083, "random_state": 9.006358779366462}, "datetime": {"datetime": "2021-09-30 08:24:49", "elapsed": 529.531112, "delta": 2.9077}}
{"target": -40.0646036133525, "params": {"max_depth": 10.659225635524667, "n_estimators": 97.60683159504069, "random_state": 5.264440913547961}, "datetime": {"datetime": "2021-09-30 08:24:51", "elapsed": 532.12949, "delta": 2.598378}}
{"target": -38.82372197294104, "params": {"max_depth": 11.969365340580858, "n_estimators": 98.07594281330216, "random_state": 8.950296485750899}, "datetime": {"datetime": "2021-09-30 08:24:54", "elapsed": 534.531745, "delta": 2.402255}}
{"target": -39.72662981079423, "params": {"max_depth": 13.022825430135793, "n_estimators": 93.03718121292565, "random_state": 9.741967673086961}, "datetime": {"datetime": "2021-09-30 08:24:57", "elapsed": 538.016571, "delta": 3.484826}}
{"target": -39.99065756636182, "params": {"max_depth": 17.55048843534926, "n_estimators": 74.75146785108994, "random_state": 4.071554608089212}, "datetime": {"datetime": "2021-09-30 08:25:01", "elapsed": 541.203576, "delta": 3.187005}}
{"target": -47.14791661692313, "params": {"max_depth": 16.450309050063797, "n_estimators": 1.0, "random_state": 11.0}, "datetime": {"datetime": "2021-09-30 08:25:03", "elapsed": 543.796272, "delta": 2.592696}}
{"target": -39.16485425745527, "params": {"max_depth": 15.464827341482597, "n_estimators": 78.3227764484755, "random_state": 6.068425497624931}, "datetime": {"datetime": "2021-09-30 08:25:05", "elapsed": 546.036951, "delta": 2.240679}}
{"target": -39.18923476577423, "params": {"max_depth": 17.054643570394134, "n_estimators": 76.83407295679855, "random_state": 8.490435773093807}, "datetime": {"datetime": "2021-09-30 08:25:08", "elapsed": 549.077987, "delta": 3.041036}}
{"target": -40.00586911492088, "params": {"max_depth": 26.95439897031706, "n_estimators": 32.72631383670681, "random_state": 3.791574299405225}, "datetime": {"datetime": "2021-09-30 08:25:11", "elapsed": 551.675179, "delta": 2.597192}}
{"target": -41.18070944110588, "params": {"max_depth": 18.538699699188776, "n_estimators": 71.7128946823975, "random_state": 1.0}, "datetime": {"datetime": "2021-09-30 08:25:14", "elapsed": 554.333133, "delta": 2.657954}}
{"target": -40.57279546754208, "params": {"max_depth": 10.148906164344616, "n_estimators": 40.4935625008038, "random_state": 7.884425357437153}, "datetime": {"datetime": "2021-09-30 08:25:16", "elapsed": 556.452676, "delta": 2.119543}}
{"target": -40.20337857604279, "params": {"max_depth": 12.910319199750274, "n_estimators": 36.5750176900187, "random_state": 7.746234676033174}, "datetime": {"datetime": "2021-09-30 08:25:18", "elapsed": 558.977907, "delta": 2.525231}}
{"target": -39.20258428600466, "params": {"max_depth": 17.80882421140821, "n_estimators": 83.2008886264284, "random_state": 8.787275633975351}, "datetime": {"datetime": "2021-09-30 08:25:21", "elapsed": 561.749908, "delta": 2.772001}}
{"target": -38.84257055300752, "params": {"max_depth": 19.11801122483785, "n_estimators": 56.23229846888531, "random_state": 11.0}, "datetime": {"datetime": "2021-09-30 08:25:24", "elapsed": 564.595176, "delta": 2.845268}}
{"target": -38.94616383031243, "params": {"max_depth": 12.250722564720284, "n_estimators": 95.75109447605313, "random_state": 8.127694757099833}, "datetime": {"datetime": "2021-09-30 08:25:27", "elapsed": 567.457363, "delta": 2.862187}}
{"target": -40.29851656284112, "params": {"max_depth": 24.185263377097318, "n_estimators": 45.73361745518126, "random_state": 4.9926185749859116}, "datetime": {"datetime": "2021-09-30 08:25:30", "elapsed": 571.04137, "delta": 3.584007}}
{"target": -38.64720649043911, "params": {"max_depth": 26.134890545980408, "n_estimators": 43.22655806257862, "random_state": 6.76825243750691}, "datetime": {"datetime": "2021-09-30 08:25:33", "elapsed": 573.404476, "delta": 2.363106}}
{"target": -40.25776022895275, "params": {"max_depth": 23.019167453831603, "n_estimators": 89.32082892606032, "random_state": 3.85759304159552}, "datetime": {"datetime": "2021-09-30 08:25:36", "elapsed": 576.197833, "delta": 2.793357}}
{"target": -44.76349947536624, "params": {"max_depth": 1.0, "n_estimators": 45.56546730510882, "random_state": 11.0}, "datetime": {"datetime": "2021-09-30 08:25:38", "elapsed": 578.245948, "delta": 2.048115}}
{"target": -39.053672341899784, "params": {"max_depth": 11.48557246466075, "n_estimators": 63.06662634839337, "random_state": 6.337581202768031}, "datetime": {"datetime": "2021-09-30 08:25:40", "elapsed": 580.554418, "delta": 2.30847}}
{"target": -40.89240615470946, "params": {"max_depth": 16.01533158435069, "n_estimators": 90.81028141025071, "random_state": 1.0323488345879352}, "datetime": {"datetime": "2021-09-30 08:25:42", "elapsed": 582.951983, "delta": 2.397565}}
{"target": -40.81073950863336, "params": {"max_depth": 8.250987284270089, "n_estimators": 72.48235995040365, "random_state": 1.0}, "datetime": {"datetime": "2021-09-30 08:25:45", "elapsed": 585.877998, "delta": 2.926015}}
{"target": -39.13341849371742, "params": {"max_depth": 9.634171415215258, "n_estimators": 57.482875103015864, "random_state": 5.096306103629921}, "datetime": {"datetime": "2021-09-30 08:25:48", "elapsed": 588.783345, "delta": 2.905347}}
{"target": -39.28917850423177, "params": {"max_depth": 7.383294918248743, "n_estimators": 54.615354149712864, "random_state": 3.6884536808717496}, "datetime": {"datetime": "2021-09-30 08:25:50", "elapsed": 591.085766, "delta": 2.302421}}
{"target": -40.29672206705593, "params": {"max_depth": 11.087464289278277, "n_estimators": 55.14940682607687, "random_state": 4.688115658546025}, "datetime": {"datetime": "2021-09-30 08:25:53", "elapsed": 593.338455, "delta": 2.252689}}
{"target": -39.34991503901557, "params": {"max_depth": 7.043186047659757, "n_estimators": 57.71948751693584, "random_state": 3.3426889675166196}, "datetime": {"datetime": "2021-09-30 08:25:55", "elapsed": 596.020924, "delta": 2.682469}}
{"target": -40.718448219983, "params": {"max_depth": 21.61971447259865, "n_estimators": 62.47894268041916, "random_state": 1.192926112040227}, "datetime": {"datetime": "2021-09-30 08:25:58", "elapsed": 598.756663, "delta": 2.735739}}
{"target": -39.29125668272002, "params": {"max_depth": 12.838125315171743, "n_estimators": 66.13608229886934, "random_state": 9.128807353231334}, "datetime": {"datetime": "2021-09-30 08:26:01", "elapsed": 602.082283, "delta": 3.32562}}
{"target": -38.734331328251024, "params": {"max_depth": 12.043433997852176, "n_estimators": 39.790303686964926, "random_state": 5.128665239631185}, "datetime": {"datetime": "2021-09-30 08:26:04", "elapsed": 604.568355, "delta": 2.486072}}
{"target": -40.82069144568665, "params": {"max_depth": 30.0, "n_estimators": 11.104536053056522, "random_state": 11.0}, "datetime": {"datetime": "2021-09-30 08:26:06", "elapsed": 606.728042, "delta": 2.159687}}
{"target": -39.797291665470716, "params": {"max_depth": 23.695503736055443, "n_estimators": 97.27625743994733, "random_state": 10.982004919274845}, "datetime": {"datetime": "2021-09-30 08:26:09", "elapsed": 609.854463, "delta": 3.126421}}
{"target": -39.256767965225876, "params": {"max_depth": 26.801214857521963, "n_estimators": 79.41106883742862, "random_state": 8.724216776036826}, "datetime": {"datetime": "2021-09-30 08:26:12", "elapsed": 612.82254, "delta": 2.968077}}
{"target": -39.28482171687067, "params": {"max_depth": 4.3778160122662495, "n_estimators": 83.83593329756738, "random_state": 3.5483789960065795}, "datetime": {"datetime": "2021-09-30 08:26:15", "elapsed": 615.704607, "delta": 2.882067}}
{"target": -39.937613528771436, "params": {"max_depth": 25.58462992277221, "n_estimators": 76.51409068056668, "random_state": 10.815307460226684}, "datetime": {"datetime": "2021-09-30 08:26:18", "elapsed": 618.683823, "delta": 2.979216}}
{"target": -39.23135238408627, "params": {"max_depth": 5.145061459650475, "n_estimators": 52.11288574437107, "random_state": 4.448919291236291}, "datetime": {"datetime": "2021-09-30 08:26:21", "elapsed": 621.939437, "delta": 3.255614}}
{"target": -38.863930070858814, "params": {"max_depth": 6.841560725411732, "n_estimators": 90.72303698202191, "random_state": 10.983846439273654}, "datetime": {"datetime": "2021-09-30 08:26:24", "elapsed": 625.062606, "delta": 3.123169}}
{"target": -39.098707391030885, "params": {"max_depth": 26.23043647683351, "n_estimators": 89.63143417031974, "random_state": 11.0}, "datetime": {"datetime": "2021-09-30 08:26:27", "elapsed": 628.074351, "delta": 3.011745}}
{"target": -39.29628462647115, "params": {"max_depth": 14.003614953387972, "n_estimators": 33.187675504220046, "random_state": 5.067359308119829}, "datetime": {"datetime": "2021-09-30 08:26:31", "elapsed": 631.441314, "delta": 3.366963}}
{"target": -40.60737845077125, "params": {"max_depth": 9.503710682792198, "n_estimators": 60.01293528464951, "random_state": 4.422095450475519}, "datetime": {"datetime": "2021-09-30 08:26:33", "elapsed": 633.728444, "delta": 2.28713}}
{"target": -39.87605054723621, "params": {"max_depth": 12.373995761992266, "n_estimators": 30.514686280365044, "random_state": 10.912040643185554}, "datetime": {"datetime": "2021-09-30 08:26:36", "elapsed": 636.660226, "delta": 2.931782}}
{"target": -39.059480168194334, "params": {"max_depth": 6.738813876935184, "n_estimators": 78.98472573900527, "random_state": 5.434143394036949}, "datetime": {"datetime": "2021-09-30 08:26:38", "elapsed": 639.152421, "delta": 2.492195}}
{"target": -40.20941227192035, "params": {"max_depth": 6.509672633268529, "n_estimators": 77.94308836206461, "random_state": 7.735868399839049}, "datetime": {"datetime": "2021-09-30 08:26:41", "elapsed": 642.037444, "delta": 2.885023}}
{"target": -40.01867656367331, "params": {"max_depth": 8.707547895621644, "n_estimators": 77.88151300070983, "random_state": 4.257577339789445}, "datetime": {"datetime": "2021-09-30 08:26:45", "elapsed": 645.406198, "delta": 3.368754}}
{"target": -40.773190177989136, "params": {"max_depth": 17.54698803534425, "n_estimators": 29.99450392487707, "random_state": 7.197068743105324}, "datetime": {"datetime": "2021-09-30 08:26:47", "elapsed": 648.039113, "delta": 2.632915}}
{"target": -40.413710177124706, "params": {"max_depth": 8.475107247347587, "n_estimators": 57.21852062269802, "random_state": 7.87016467677425}, "datetime": {"datetime": "2021-09-30 08:26:50", "elapsed": 650.970934, "delta": 2.931821}}
{"target": -40.214773813574176, "params": {"max_depth": 13.000019183383206, "n_estimators": 59.62874228791924, "random_state": 10.944556836377563}, "datetime": {"datetime": "2021-09-30 08:26:53", "elapsed": 653.385725, "delta": 2.414791}}
{"target": -39.00534298834836, "params": {"max_depth": 5.402480178391501, "n_estimators": 80.52755078629629, "random_state": 3.9027358566173245}, "datetime": {"datetime": "2021-09-30 08:26:55", "elapsed": 655.829443, "delta": 2.443718}}
{"target": -40.55096748910918, "params": {"max_depth": 9.928167671314679, "n_estimators": 43.912352788512585, "random_state": 4.490745950404325}, "datetime": {"datetime": "2021-09-30 08:26:58", "elapsed": 658.853468, "delta": 3.024025}}
{"target": -38.99706426746153, "params": {"max_depth": 10.691128164881928, "n_estimators": 48.544193306766005, "random_state": 6.407177341105527}, "datetime": {"datetime": "2021-09-30 08:27:01", "elapsed": 661.737015, "delta": 2.883547}}
{"target": -39.46795431029936, "params": {"max_depth": 8.657253036704336, "n_estimators": 49.730899099982786, "random_state": 6.842194877670794}, "datetime": {"datetime": "2021-09-30 08:27:03", "elapsed": 663.994973, "delta": 2.257958}}
{"target": -39.25852514803644, "params": {"max_depth": 16.412490220180704, "n_estimators": 68.79193963497882, "random_state": 11.0}, "datetime": {"datetime": "2021-09-30 08:27:06", "elapsed": 666.799678, "delta": 2.804705}}
{"target": -39.187163688520116, "params": {"max_depth": 6.763702106882837, "n_estimators": 25.65865001680485, "random_state": 11.0}, "datetime": {"datetime": "2021-09-30 08:27:09", "elapsed": 669.226828, "delta": 2.42715}}
{"target": -40.74841681745009, "params": {"max_depth": 19.86538765952747, "n_estimators": 50.87759370244067, "random_state": 1.0}, "datetime": {"datetime": "2021-09-30 08:27:12", "elapsed": 672.27238, "delta": 3.045552}}
{"target": -39.09393105348395, "params": {"max_depth": 29.918181535655172, "n_estimators": 78.19790194608967, "random_state": 8.063651493642888}, "datetime": {"datetime": "2021-09-30 08:27:15", "elapsed": 675.370828, "delta": 3.098448}}
