{"target": 0.4409092177125281, "params": {"max_depth": 3.563085604010187, "n_estimators": 198.22777433668148}, "datetime": {"datetime": "2021-09-24 11:00:35", "elapsed": 182.355794, "delta": 1.216677}}
{"target": 0.4377418575403962, "params": {"max_depth": 4.623130717657226, "n_estimators": 197.93427824391784}, "datetime": {"datetime": "2021-09-24 11:00:36", "elapsed": 183.737796, "delta": 1.382002}}
{"target": 0.430581687326536, "params": {"max_depth": 2.6304732661570376, "n_estimators": 197.74335132318123}, "datetime": {"datetime": "2021-09-24 11:00:37", "elapsed": 184.955878, "delta": 1.218082}}
{"target": 0.44146453483890913, "params": {"max_depth": 3.2159908697471655, "n_estimators": 147.49428758769122}, "datetime": {"datetime": "2021-09-24 11:00:38", "elapsed": 185.947485, "delta": 0.991607}}
{"target": 0.43022182165743716, "params": {"max_depth": 5.996511224350571, "n_estimators": 179.9705632768451}, "datetime": {"datetime": "2021-09-24 11:00:40", "elapsed": 187.297204, "delta": 1.349719}}
{"target": 0.4393533167511017, "params": {"max_depth": 4.353035418419902, "n_estimators": 163.35365427650763}, "datetime": {"datetime": "2021-09-24 11:00:41", "elapsed": 188.631429, "delta": 1.334225}}
{"target": 0.4421267107115533, "params": {"max_depth": 3.6131433413401695, "n_estimators": 151.23501825067038}, "datetime": {"datetime": "2021-09-24 11:00:42", "elapsed": 189.780392, "delta": 1.148963}}
{"target": 0.44157584004175343, "params": {"max_depth": 3.9129680556451123, "n_estimators": 196.11563173855401}, "datetime": {"datetime": "2021-09-24 11:00:43", "elapsed": 191.0394, "delta": 1.259008}}
{"target": 0.44494789027382164, "params": {"max_depth": 3.146682007185582, "n_estimators": 165.84310299174246}, "datetime": {"datetime": "2021-09-24 11:00:45", "elapsed": 192.143394, "delta": 1.103994}}
{"target": 0.4431496353172584, "params": {"max_depth": 3.6284274194812056, "n_estimators": 184.0031562560501}, "datetime": {"datetime": "2021-09-24 11:00:46", "elapsed": 193.339395, "delta": 1.196001}}
{"target": 0.4323039659766351, "params": {"max_depth": 5.956898438448191, "n_estimators": 167.41128373402984}, "datetime": {"datetime": "2021-09-24 11:00:47", "elapsed": 194.650399, "delta": 1.311004}}
{"target": 0.44261094965510184, "params": {"max_depth": 3.633595345086231, "n_estimators": 187.00814728554195}, "datetime": {"datetime": "2021-09-24 11:00:48", "elapsed": 196.006398, "delta": 1.355999}}
{"target": 0.42111766614152235, "params": {"max_depth": 6.0, "n_estimators": 183.98285370305}, "datetime": {"datetime": "2021-09-24 11:00:50", "elapsed": 197.435914, "delta": 1.429516}}
{"target": 0.4086473446018306, "params": {"max_depth": 6.0, "n_estimators": 113.86599039221086}, "datetime": {"datetime": "2021-09-24 11:00:51", "elapsed": 198.593951, "delta": 1.158037}}
{"target": 0.4401548740995266, "params": {"max_depth": 3.8738586062041978, "n_estimators": 199.37500734588548}, "datetime": {"datetime": "2021-09-24 11:00:52", "elapsed": 199.988942, "delta": 1.394991}}
{"target": 0.44197659098819875, "params": {"max_depth": 3.0597266560541034, "n_estimators": 149.57983918380373}, "datetime": {"datetime": "2021-09-24 11:00:54", "elapsed": 201.120946, "delta": 1.132004}}
{"target": 0.4417614030148832, "params": {"max_depth": 3.474664622715535, "n_estimators": 144.8308385440504}, "datetime": {"datetime": "2021-09-24 11:00:55", "elapsed": 202.3055, "delta": 1.184554}}
{"target": 0.44494789027382164, "params": {"max_depth": 3.179036194931347, "n_estimators": 165.23833415884826}, "datetime": {"datetime": "2021-09-24 11:00:56", "elapsed": 203.715492, "delta": 1.409992}}
{"target": 0.4419597790901397, "params": {"max_depth": 3.11308374557143, "n_estimators": 143.82481836053583}, "datetime": {"datetime": "2021-09-24 11:00:57", "elapsed": 204.749529, "delta": 1.034037}}
{"target": 0.4426894667449285, "params": {"max_depth": 3.755541446756218, "n_estimators": 174.77450832359568}, "datetime": {"datetime": "2021-09-24 11:00:59", "elapsed": 206.102245, "delta": 1.352716}}
{"target": 0.44016978574099763, "params": {"max_depth": 3.74348745540376, "n_estimators": 122.81780026996496}, "datetime": {"datetime": "2021-09-24 11:01:00", "elapsed": 207.410244, "delta": 1.307999}}
{"target": 0.43984881997299985, "params": {"max_depth": 3.701183475117088, "n_estimators": 124.30848192109627}, "datetime": {"datetime": "2021-09-24 11:01:01", "elapsed": 208.609242, "delta": 1.198998}}
{"target": 0.4398046599683354, "params": {"max_depth": 3.9005482216474667, "n_estimators": 125.79386467068214}, "datetime": {"datetime": "2021-09-24 11:01:02", "elapsed": 209.939243, "delta": 1.330001}}
{"target": 0.4399582292308911, "params": {"max_depth": 3.6745204327288197, "n_estimators": 127.25653175354128}, "datetime": {"datetime": "2021-09-24 11:01:04", "elapsed": 211.089787, "delta": 1.150544}}
{"target": 0.4401902475986621, "params": {"max_depth": 3.7032815691592744, "n_estimators": 129.02438246095682}, "datetime": {"datetime": "2021-09-24 11:01:05", "elapsed": 212.252779, "delta": 1.162992}}
{"target": 0.44023076365039815, "params": {"max_depth": 3.809342999403086, "n_estimators": 130.37018780938553}, "datetime": {"datetime": "2021-09-24 11:01:06", "elapsed": 213.434779, "delta": 1.182}}
{"target": 0.4417062064227528, "params": {"max_depth": 3.553710547476092, "n_estimators": 131.93122964282233}, "datetime": {"datetime": "2021-09-24 11:01:07", "elapsed": 214.554822, "delta": 1.120043}}
{"target": 0.4424873825278379, "params": {"max_depth": 3.7366863810287905, "n_estimators": 133.03811497961283}, "datetime": {"datetime": "2021-09-24 11:01:08", "elapsed": 215.713781, "delta": 1.158959}}
{"target": 0.4426894667449285, "params": {"max_depth": 3.0138433396138424, "n_estimators": 174.40205591362678}, "datetime": {"datetime": "2021-09-24 11:01:09", "elapsed": 217.059777, "delta": 1.345996}}
{"target": 0.4349693129163914, "params": {"max_depth": 2.976523278296054, "n_estimators": 103.75986195295454}, "datetime": {"datetime": "2021-09-24 11:01:11", "elapsed": 218.115412, "delta": 1.055635}}
{"target": 0.4431762876904446, "params": {"max_depth": 3.227846517450753, "n_estimators": 182.9435313212499}, "datetime": {"datetime": "2021-09-24 11:01:12", "elapsed": 219.632892, "delta": 1.51748}}
{"target": 0.4446006789777368, "params": {"max_depth": 3.4521096231360278, "n_estimators": 164.21829126958147}, "datetime": {"datetime": "2021-09-24 11:01:13", "elapsed": 221.000771, "delta": 1.367879}}
{"target": 0.4343340355479245, "params": {"max_depth": 2.1359314257382125, "n_estimators": 164.6184501216108}, "datetime": {"datetime": "2021-09-24 11:01:15", "elapsed": 222.266859, "delta": 1.266088}}
{"target": 0.4386267180271717, "params": {"max_depth": 4.240892734877182, "n_estimators": 178.1064609921278}, "datetime": {"datetime": "2021-09-24 11:01:16", "elapsed": 223.584493, "delta": 1.317634}}
{"target": 0.44257979446619844, "params": {"max_depth": 3.2428161021464987, "n_estimators": 179.6167539272831}, "datetime": {"datetime": "2021-09-24 11:01:18", "elapsed": 225.14387, "delta": 1.559377}}
{"target": 0.44301673867874747, "params": {"max_depth": 3.4032296688872434, "n_estimators": 141.90773443930635}, "datetime": {"datetime": "2021-09-24 11:01:19", "elapsed": 226.63401, "delta": 1.49014}}
{"target": 0.4446006789777368, "params": {"max_depth": 3.5363597867081875, "n_estimators": 164.84324078855227}, "datetime": {"datetime": "2021-09-24 11:01:21", "elapsed": 228.0971, "delta": 1.46309}}
{"target": 0.43662437083299066, "params": {"max_depth": 4.253265966267259, "n_estimators": 132.4987687583203}, "datetime": {"datetime": "2021-09-24 11:01:22", "elapsed": 229.572695, "delta": 1.475595}}
{"target": 0.44458677948021696, "params": {"max_depth": 3.8585006634211094, "n_estimators": 166.07917247499154}, "datetime": {"datetime": "2021-09-24 11:01:24", "elapsed": 231.48934, "delta": 1.916645}}
{"target": 0.44247303613511424, "params": {"max_depth": 3.1322434273597572, "n_estimators": 132.7477249637966}, "datetime": {"datetime": "2021-09-24 11:01:26", "elapsed": 233.087099, "delta": 1.597759}}
{"target": 0.42262025367095535, "params": {"max_depth": 6.0, "n_estimators": 171.19503181898472}, "datetime": {"datetime": "2021-09-24 11:01:27", "elapsed": 234.851356, "delta": 1.764257}}
{"target": 0.4434655416847918, "params": {"max_depth": 3.983263880088471, "n_estimators": 170.03255989831166}, "datetime": {"datetime": "2021-09-24 11:01:29", "elapsed": 236.408204, "delta": 1.556848}}
{"target": 0.4351715390587376, "params": {"max_depth": 2.9483962566745827, "n_estimators": 105.58807333454462}, "datetime": {"datetime": "2021-09-24 11:01:30", "elapsed": 237.564009, "delta": 1.155805}}
{"target": 0.43184784316268254, "params": {"max_depth": 4.503946118891278, "n_estimators": 104.36912572720762}, "datetime": {"datetime": "2021-09-24 11:01:31", "elapsed": 238.939071, "delta": 1.375062}}
{"target": 0.44039533438218703, "params": {"max_depth": 3.9853987616277604, "n_estimators": 107.02406549372617}, "datetime": {"datetime": "2021-09-24 11:01:33", "elapsed": 240.098063, "delta": 1.158992}}
{"target": 0.4382549076343927, "params": {"max_depth": 4.311828197792754, "n_estimators": 158.8568398816646}, "datetime": {"datetime": "2021-09-24 11:01:34", "elapsed": 241.487724, "delta": 1.389661}}
{"target": 0.442845265658806, "params": {"max_depth": 3.333130530338933, "n_estimators": 177.06747379480345}, "datetime": {"datetime": "2021-09-24 11:01:35", "elapsed": 243.04128, "delta": 1.553556}}
{"target": 0.4415378759836146, "params": {"max_depth": 3.2236366826488725, "n_estimators": 150.44974974841932}, "datetime": {"datetime": "2021-09-24 11:01:37", "elapsed": 244.755283, "delta": 1.714003}}
{"target": 0.4352840332070097, "params": {"max_depth": 4.671192309926439, "n_estimators": 129.70747014167011}, "datetime": {"datetime": "2021-09-24 11:01:38", "elapsed": 246.065276, "delta": 1.309993}}
{"target": 0.44024229377468904, "params": {"max_depth": 3.6809450516423166, "n_estimators": 121.58601206856497}, "datetime": {"datetime": "2021-09-24 11:01:40", "elapsed": 247.51252, "delta": 1.447244}}
{"target": 0.43506846951273426, "params": {"max_depth": 4.639751446341992, "n_estimators": 122.32536090616928}, "datetime": {"datetime": "2021-09-24 11:01:41", "elapsed": 248.971725, "delta": 1.459205}}
{"target": 0.442810996225777, "params": {"max_depth": 3.1965350782849904, "n_estimators": 180.76630658327144}, "datetime": {"datetime": "2021-09-24 11:01:43", "elapsed": 250.682379, "delta": 1.710654}}
{"target": 0.4431602555435499, "params": {"max_depth": 3.84781232215045, "n_estimators": 161.9274995692688}, "datetime": {"datetime": "2021-09-24 11:01:45", "elapsed": 252.345752, "delta": 1.663373}}
{"target": 0.44314117026736033, "params": {"max_depth": 3.981794319225771, "n_estimators": 160.12428446415407}, "datetime": {"datetime": "2021-09-24 11:01:46", "elapsed": 254.054007, "delta": 1.708255}}
{"target": 0.4438894833697802, "params": {"max_depth": 3.617061634620467, "n_estimators": 162.99704670200407}, "datetime": {"datetime": "2021-09-24 11:01:48", "elapsed": 255.512057, "delta": 1.45805}}
{"target": 0.43806092850077016, "params": {"max_depth": 4.058542020839685, "n_estimators": 185.19476093544108}, "datetime": {"datetime": "2021-09-24 11:01:50", "elapsed": 257.448337, "delta": 1.93628}}
{"target": 0.4426894667449285, "params": {"max_depth": 3.650535114594048, "n_estimators": 174.1091517232224}, "datetime": {"datetime": "2021-09-24 11:01:52", "elapsed": 259.547921, "delta": 2.099584}}
{"target": 0.4428372643502042, "params": {"max_depth": 3.711964904517696, "n_estimators": 186.49358256703226}, "datetime": {"datetime": "2021-09-24 11:01:54", "elapsed": 261.213534, "delta": 1.665613}}
{"target": 0.4380047984234873, "params": {"max_depth": 4.393901192516394, "n_estimators": 187.26472912721943}, "datetime": {"datetime": "2021-09-24 11:01:55", "elapsed": 262.92553, "delta": 1.711996}}
{"target": 0.4428984477718133, "params": {"max_depth": 3.867180986447697, "n_estimators": 152.262638646651}, "datetime": {"datetime": "2021-09-24 11:01:57", "elapsed": 264.343526, "delta": 1.417996}}
{"target": 0.442845265658806, "params": {"max_depth": 3.244265929912623, "n_estimators": 177.74343660685702}, "datetime": {"datetime": "2021-09-24 11:01:59", "elapsed": 266.112993, "delta": 1.769467}}
{"target": 0.44268218859919917, "params": {"max_depth": 3.9795138023824164, "n_estimators": 189.93410996666182}, "datetime": {"datetime": "2021-09-24 11:02:00", "elapsed": 267.92933, "delta": 1.816337}}
{"target": 0.4421267107115533, "params": {"max_depth": 3.183428347460956, "n_estimators": 151.8149277281779}, "datetime": {"datetime": "2021-09-24 11:02:02", "elapsed": 269.829509, "delta": 1.900179}}
{"target": 0.4417062064227528, "params": {"max_depth": 3.061546540020054, "n_estimators": 131.2540548753571}, "datetime": {"datetime": "2021-09-24 11:02:04", "elapsed": 271.535102, "delta": 1.705593}}
{"target": 0.42171511559807096, "params": {"max_depth": 5.992247751772478, "n_estimators": 116.78896289396197}, "datetime": {"datetime": "2021-09-24 11:02:05", "elapsed": 272.943642, "delta": 1.40854}}
{"target": 0.443089670874402, "params": {"max_depth": 3.45791233789722, "n_estimators": 140.32573587616642}, "datetime": {"datetime": "2021-09-24 11:02:07", "elapsed": 274.194641, "delta": 1.250999}}
{"target": 0.4441233375919026, "params": {"max_depth": 3.203544849714828, "n_estimators": 139.20141408900298}, "datetime": {"datetime": "2021-09-24 11:02:08", "elapsed": 275.584116, "delta": 1.389475}}
{"target": 0.43315650604465616, "params": {"max_depth": 2.3898558029361285, "n_estimators": 142.87166075221455}, "datetime": {"datetime": "2021-09-24 11:02:09", "elapsed": 276.724363, "delta": 1.140247}}
{"target": 0.43493044616655974, "params": {"max_depth": 4.6474939588808875, "n_estimators": 126.52843015437199}, "datetime": {"datetime": "2021-09-24 11:02:11", "elapsed": 278.104448, "delta": 1.380085}}
{"target": 0.44060717602539323, "params": {"max_depth": 3.3177528686380002, "n_estimators": 100.0}, "datetime": {"datetime": "2021-09-24 11:02:12", "elapsed": 279.69691, "delta": 1.592462}}
{"target": 0.43984881997299985, "params": {"max_depth": 3.071356910057044, "n_estimators": 124.93640584520594}, "datetime": {"datetime": "2021-09-24 11:02:14", "elapsed": 281.212982, "delta": 1.516072}}
{"target": 0.4428189804865609, "params": {"max_depth": 3.8174951165227484, "n_estimators": 142.7615373888423}, "datetime": {"datetime": "2021-09-24 11:02:15", "elapsed": 282.746018, "delta": 1.533036}}
{"target": 0.44226405143118686, "params": {"max_depth": 3.7090481560414137, "n_estimators": 193.3933527442084}, "datetime": {"datetime": "2021-09-24 11:02:17", "elapsed": 284.285478, "delta": 1.53946}}
{"target": 0.44016978574099763, "params": {"max_depth": 3.036750901093779, "n_estimators": 122.3129986430976}, "datetime": {"datetime": "2021-09-24 11:02:18", "elapsed": 285.67574, "delta": 1.390262}}
{"target": 0.4399531114937263, "params": {"max_depth": 4.34959110848903, "n_estimators": 167.5937820558285}, "datetime": {"datetime": "2021-09-24 11:02:20", "elapsed": 287.218367, "delta": 1.542627}}
{"target": 0.4399817028181021, "params": {"max_depth": 4.469851060734145, "n_estimators": 169.48020517646773}, "datetime": {"datetime": "2021-09-24 11:02:21", "elapsed": 288.92775, "delta": 1.709383}}
{"target": 0.44432739162983503, "params": {"max_depth": 3.5540441046391353, "n_estimators": 167.0824652154047}, "datetime": {"datetime": "2021-09-24 11:02:23", "elapsed": 290.819242, "delta": 1.891492}}
{"target": 0.4435410213381791, "params": {"max_depth": 3.2383619638619914, "n_estimators": 154.3500164585292}, "datetime": {"datetime": "2021-09-24 11:02:25", "elapsed": 292.56294, "delta": 1.743698}}
{"target": 0.44301673867874747, "params": {"max_depth": 3.7731027699814463, "n_estimators": 141.23743626571294}, "datetime": {"datetime": "2021-09-24 11:02:27", "elapsed": 294.098972, "delta": 1.536032}}
{"target": 0.4431496353172584, "params": {"max_depth": 3.0902432185418163, "n_estimators": 184.69587368670938}, "datetime": {"datetime": "2021-09-24 11:02:28", "elapsed": 295.647119, "delta": 1.548147}}
{"target": 0.4438894833697802, "params": {"max_depth": 3.495629368642283, "n_estimators": 162.3492623798833}, "datetime": {"datetime": "2021-09-24 11:02:30", "elapsed": 297.199098, "delta": 1.551979}}
{"target": 0.44458677948021696, "params": {"max_depth": 3.499467233700613, "n_estimators": 166.09200012322364}, "datetime": {"datetime": "2021-09-24 11:02:31", "elapsed": 298.796561, "delta": 1.597463}}
{"target": 0.44241424642497296, "params": {"max_depth": 3.3881452569529067, "n_estimators": 192.25711321182717}, "datetime": {"datetime": "2021-09-24 11:02:33", "elapsed": 300.961596, "delta": 2.165035}}
{"target": 0.4434655416847918, "params": {"max_depth": 3.928324626418878, "n_estimators": 170.5401447082932}, "datetime": {"datetime": "2021-09-24 11:02:35", "elapsed": 302.836979, "delta": 1.875383}}
{"target": 0.44458677948021696, "params": {"max_depth": 3.919413437200734, "n_estimators": 166.98104168435177}, "datetime": {"datetime": "2021-09-24 11:02:37", "elapsed": 304.257629, "delta": 1.42065}}
{"target": 0.4382544200017028, "params": {"max_depth": 4.4194103804182445, "n_estimators": 195.08483869533282}, "datetime": {"datetime": "2021-09-24 11:02:38", "elapsed": 305.81663, "delta": 1.559001}}
{"target": 0.4443553155913089, "params": {"max_depth": 3.637230601370625, "n_estimators": 172.4807716224168}, "datetime": {"datetime": "2021-09-24 11:02:40", "elapsed": 307.497094, "delta": 1.680464}}
{"target": 0.4441233375919026, "params": {"max_depth": 3.485404766691963, "n_estimators": 139.58813081298675}, "datetime": {"datetime": "2021-09-24 11:02:41", "elapsed": 308.828869, "delta": 1.331775}}
{"target": 0.44010503850843063, "params": {"max_depth": 3.3973116322204064, "n_estimators": 128.1825527110454}, "datetime": {"datetime": "2021-09-24 11:02:43", "elapsed": 310.208166, "delta": 1.379297}}
{"target": 0.4436925772912831, "params": {"max_depth": 3.5885232080013947, "n_estimators": 135.68007934315213}, "datetime": {"datetime": "2021-09-24 11:02:44", "elapsed": 311.706196, "delta": 1.49803}}
{"target": 0.44146453483890913, "params": {"max_depth": 3.8331301055671116, "n_estimators": 147.89940872910623}, "datetime": {"datetime": "2021-09-24 11:02:46", "elapsed": 313.367057, "delta": 1.660861}}
{"target": 0.44269851380708924, "params": {"max_depth": 3.3410707430996043, "n_estimators": 175.22836115392474}, "datetime": {"datetime": "2021-09-24 11:02:47", "elapsed": 314.879947, "delta": 1.51289}}
{"target": 0.442810996225777, "params": {"max_depth": 3.5064720710038397, "n_estimators": 180.18627176600364}, "datetime": {"datetime": "2021-09-24 11:02:49", "elapsed": 316.413027, "delta": 1.53308}}
{"target": 0.44494789027382164, "params": {"max_depth": 3.3172731937153173, "n_estimators": 165.62798527275044}, "datetime": {"datetime": "2021-09-24 11:02:51", "elapsed": 318.418902, "delta": 2.005875}}
{"target": 0.4431762876904446, "params": {"max_depth": 3.509230016463745, "n_estimators": 182.59572921159088}, "datetime": {"datetime": "2021-09-24 11:02:53", "elapsed": 320.329936, "delta": 1.911034}}
{"target": 0.4320668537683412, "params": {"max_depth": 2.0, "n_estimators": 113.41477949318734}, "datetime": {"datetime": "2021-09-24 11:02:54", "elapsed": 321.777788, "delta": 1.447852}}
{"target": 0.4443553155913089, "params": {"max_depth": 3.343338720685135, "n_estimators": 172.03816698912618}, "datetime": {"datetime": "2021-09-24 11:02:56", "elapsed": 323.60318, "delta": 1.825392}}
{"target": 0.43382654837457013, "params": {"max_depth": 2.632976657111437, "n_estimators": 161.21047607729912}, "datetime": {"datetime": "2021-09-24 11:02:58", "elapsed": 325.33272, "delta": 1.72954}}
{"target": 0.4431602555435499, "params": {"max_depth": 3.616326129921081, "n_estimators": 161.11673109685123}, "datetime": {"datetime": "2021-09-24 11:03:00", "elapsed": 327.082795, "delta": 1.750075}}
{"target": 0.44314117026736033, "params": {"max_depth": 3.4677633389003124, "n_estimators": 160.0974576089829}, "datetime": {"datetime": "2021-09-24 11:03:01", "elapsed": 328.982117, "delta": 1.899322}}
{"target": 0.4424873825278379, "params": {"max_depth": 3.355343565858468, "n_estimators": 133.45368918633415}, "datetime": {"datetime": "2021-09-24 11:03:03", "elapsed": 330.719842, "delta": 1.737725}}
{"target": 0.4393298936363682, "params": {"max_depth": 3.5427511026040426, "n_estimators": 120.3132261029613}, "datetime": {"datetime": "2021-09-24 11:03:05", "elapsed": 332.411575, "delta": 1.691733}}
{"target": 0.4386721528853089, "params": {"max_depth": 3.6045833284972972, "n_estimators": 118.90958068345711}, "datetime": {"datetime": "2021-09-24 11:03:06", "elapsed": 333.893032, "delta": 1.481457}}
{"target": 0.4389287128836371, "params": {"max_depth": 4.206273869305123, "n_estimators": 183.9054151345199}, "datetime": {"datetime": "2021-09-24 11:03:08", "elapsed": 335.574879, "delta": 1.681847}}
{"target": 0.44302596764893454, "params": {"max_depth": 3.1180557212636217, "n_estimators": 183.777609108548}, "datetime": {"datetime": "2021-09-24 11:03:10", "elapsed": 337.233756, "delta": 1.658877}}
{"target": 0.4418081072473762, "params": {"max_depth": 3.2569348347191003, "n_estimators": 195.8845161530918}, "datetime": {"datetime": "2021-09-24 11:03:12", "elapsed": 339.106233, "delta": 1.872477}}
{"target": 0.4442105943646849, "params": {"max_depth": 3.7447736001422363, "n_estimators": 136.55678984860404}, "datetime": {"datetime": "2021-09-24 11:03:13", "elapsed": 340.785729, "delta": 1.679496}}
{"target": 0.43818743372755753, "params": {"max_depth": 4.06051977028328, "n_estimators": 137.35617497498188}, "datetime": {"datetime": "2021-09-24 11:03:15", "elapsed": 342.513778, "delta": 1.728049}}
{"target": 0.4446006789777368, "params": {"max_depth": 3.8589333768273852, "n_estimators": 164.09772543071094}, "datetime": {"datetime": "2021-09-24 11:03:17", "elapsed": 344.277015, "delta": 1.763237}}
