{"target": -39.53668188851838, "params": {"max_depth": 23.34334177750694, "n_estimators": 50.155360013613354, "random_state": 11.0}, "datetime": {"datetime": "2021-09-28 13:51:31", "elapsed": 1390.324539, "delta": 4.872191}}
{"target": -39.95863474510622, "params": {"max_depth": 22.793937865981075, "n_estimators": 48.36420125872083, "random_state": 7.678733870846014}, "datetime": {"datetime": "2021-09-28 13:51:36", "elapsed": 1396.049065, "delta": 5.724526}}
{"target": -40.083563215960176, "params": {"max_depth": 24.242604806300623, "n_estimators": 27.571667492945004, "random_state": 7.8872083141195155}, "datetime": {"datetime": "2021-09-28 13:51:41", "elapsed": 1401.080806, "delta": 5.031741}}
{"target": -41.04883115323229, "params": {"max_depth": 8.359443015314275, "n_estimators": 22.598525478888064, "random_state": 1.2673718400384928}, "datetime": {"datetime": "2021-09-28 13:51:48", "elapsed": 1407.58747, "delta": 6.506664}}
{"target": -40.323629568613526, "params": {"max_depth": 30.0, "n_estimators": 70.88187687837535, "random_state": 1.0}, "datetime": {"datetime": "2021-09-28 13:51:54", "elapsed": 1413.561289, "delta": 5.973819}}
{"target": -39.36968553054229, "params": {"max_depth": 16.477752937712374, "n_estimators": 56.564949156545545, "random_state": 2.2758064172397265}, "datetime": {"datetime": "2021-09-28 13:51:59", "elapsed": 1418.398248, "delta": 4.836959}}
{"target": -40.62491015123878, "params": {"max_depth": 15.652107069640648, "n_estimators": 59.704741608062086, "random_state": 3.0548689046720057}, "datetime": {"datetime": "2021-09-28 13:52:03", "elapsed": 1423.127561, "delta": 4.729313}}
{"target": -40.47915014783705, "params": {"max_depth": 17.552468087759877, "n_estimators": 53.96423601602703, "random_state": 1.269700416075942}, "datetime": {"datetime": "2021-09-28 13:52:09", "elapsed": 1428.725291, "delta": 5.59773}}
{"target": -40.39682233228717, "params": {"max_depth": 18.964153299013443, "n_estimators": 71.31373623072886, "random_state": 1.0}, "datetime": {"datetime": "2021-09-28 13:52:16", "elapsed": 1436.179476, "delta": 7.454185}}
{"target": -40.97271980638431, "params": {"max_depth": 30.0, "n_estimators": 73.50356985307909, "random_state": 7.797289748921105}, "datetime": {"datetime": "2021-09-28 13:52:23", "elapsed": 1442.414221, "delta": 6.234745}}
{"target": -41.00366398867285, "params": {"max_depth": 20.907220339683978, "n_estimators": 52.00709042596023, "random_state": 8.959044603535151}, "datetime": {"datetime": "2021-09-28 13:52:28", "elapsed": 1447.933383, "delta": 5.519162}}
{"target": -40.91113417013761, "params": {"max_depth": 22.581302610569946, "n_estimators": 22.914165642648417, "random_state": 10.853172295655028}, "datetime": {"datetime": "2021-09-28 13:52:35", "elapsed": 1454.719591, "delta": 6.786208}}
{"target": -40.85682202945106, "params": {"max_depth": 10.380839993544093, "n_estimators": 78.9160569660428, "random_state": 10.969600721850739}, "datetime": {"datetime": "2021-09-28 13:52:42", "elapsed": 1461.297211, "delta": 6.57762}}
{"target": -40.671992188625495, "params": {"max_depth": 15.599971648377862, "n_estimators": 54.94634896871776, "random_state": 5.159216489498515}, "datetime": {"datetime": "2021-09-28 13:52:47", "elapsed": 1466.340884, "delta": 5.043673}}
{"target": -40.742087210254866, "params": {"max_depth": 23.730257624312006, "n_estimators": 46.226799661223104, "random_state": 10.806253342829883}, "datetime": {"datetime": "2021-09-28 13:52:52", "elapsed": 1471.256172, "delta": 4.915288}}
{"target": -39.82816976274337, "params": {"max_depth": 23.484456046223844, "n_estimators": 81.09846188231604, "random_state": 11.0}, "datetime": {"datetime": "2021-09-28 13:52:59", "elapsed": 1478.633292, "delta": 7.37712}}
{"target": -39.777755811624786, "params": {"max_depth": 23.713360974513563, "n_estimators": 85.61370338160309, "random_state": 11.0}, "datetime": {"datetime": "2021-09-28 13:53:07", "elapsed": 1487.025417, "delta": 8.392125}}
{"target": -41.757304971191104, "params": {"max_depth": 26.968448856898895, "n_estimators": 37.94184822880156, "random_state": 8.118225079920368}, "datetime": {"datetime": "2021-09-28 13:53:13", "elapsed": 1492.387455, "delta": 5.362038}}
{"target": -40.159553753211426, "params": {"max_depth": 22.868224332933245, "n_estimators": 16.060763259049857, "random_state": 6.5797205234871905}, "datetime": {"datetime": "2021-09-28 13:53:17", "elapsed": 1496.244797, "delta": 3.857342}}
{"target": -40.67637782765567, "params": {"max_depth": 11.735739857839292, "n_estimators": 89.35885238584238, "random_state": 7.6273122086261536}, "datetime": {"datetime": "2021-09-28 13:53:21", "elapsed": 1500.877374, "delta": 4.632577}}
{"target": -40.30245985177381, "params": {"max_depth": 30.0, "n_estimators": 87.06016845062832, "random_state": 4.322016549649966}, "datetime": {"datetime": "2021-09-28 13:53:28", "elapsed": 1507.576245, "delta": 6.698871}}
{"target": -40.762219171856714, "params": {"max_depth": 26.4119904010793, "n_estimators": 48.64347184186422, "random_state": 4.66277095022782}, "datetime": {"datetime": "2021-09-28 13:53:34", "elapsed": 1513.66967, "delta": 6.093425}}
{"target": -40.434388853573275, "params": {"max_depth": 30.0, "n_estimators": 41.01783641929881, "random_state": 1.0}, "datetime": {"datetime": "2021-09-28 13:53:40", "elapsed": 1519.288628, "delta": 5.618958}}
{"target": -39.956940070213584, "params": {"max_depth": 20.38304413185073, "n_estimators": 58.67117006426104, "random_state": 6.40624138418452}, "datetime": {"datetime": "2021-09-28 13:53:44", "elapsed": 1523.981802, "delta": 4.693174}}
{"target": -40.34451070828304, "params": {"max_depth": 20.062968238257483, "n_estimators": 79.66679444301259, "random_state": 4.857177334747195}, "datetime": {"datetime": "2021-09-28 13:53:51", "elapsed": 1530.469051, "delta": 6.487249}}
{"target": -41.20557585264588, "params": {"max_depth": 30.0, "n_estimators": 22.799694496647152, "random_state": 5.232126870657949}, "datetime": {"datetime": "2021-09-28 13:53:57", "elapsed": 1536.470141, "delta": 6.00109}}
{"target": -41.279665151810775, "params": {"max_depth": 23.162308723058953, "n_estimators": 26.868559392144867, "random_state": 1.0}, "datetime": {"datetime": "2021-09-28 13:54:05", "elapsed": 1544.614614, "delta": 8.144473}}
{"target": -39.47366122160542, "params": {"max_depth": 10.612071406502647, "n_estimators": 61.91914268132076, "random_state": 11.0}, "datetime": {"datetime": "2021-09-28 13:54:12", "elapsed": 1551.403283, "delta": 6.788669}}
{"target": -40.70563076752795, "params": {"max_depth": 15.884425855251646, "n_estimators": 46.73453279400868, "random_state": 1.0382210535063499}, "datetime": {"datetime": "2021-09-28 13:54:18", "elapsed": 1557.738028, "delta": 6.334745}}
{"target": -41.183960010244576, "params": {"max_depth": 23.37168504684294, "n_estimators": 18.071580534092373, "random_state": 1.0}, "datetime": {"datetime": "2021-09-28 13:54:27", "elapsed": 1566.498768, "delta": 8.76074}}
{"target": -40.85666561923668, "params": {"max_depth": 20.833979589366926, "n_estimators": 91.60342712515055, "random_state": 10.985361146112465}, "datetime": {"datetime": "2021-09-28 13:54:31", "elapsed": 1571.166832, "delta": 4.668064}}
{"target": -40.08476622867557, "params": {"max_depth": 16.075814315989003, "n_estimators": 12.818399845827072, "random_state": 6.687890176045421}, "datetime": {"datetime": "2021-09-28 13:54:39", "elapsed": 1579.189135, "delta": 8.022303}}
{"target": -39.98712357495073, "params": {"max_depth": 21.71168806405933, "n_estimators": 87.26839351727233, "random_state": 5.923348209002076}, "datetime": {"datetime": "2021-09-28 13:54:49", "elapsed": 1588.792726, "delta": 9.603591}}
{"target": -40.29316423619721, "params": {"max_depth": 16.289497808127784, "n_estimators": 78.17365083276542, "random_state": 1.0}, "datetime": {"datetime": "2021-09-28 13:54:55", "elapsed": 1594.912328, "delta": 6.119602}}
{"target": -40.23649909522058, "params": {"max_depth": 16.308899963333207, "n_estimators": 96.7963944349417, "random_state": 6.403050491725106}, "datetime": {"datetime": "2021-09-28 13:55:02", "elapsed": 1601.71874, "delta": 6.806412}}
{"target": -40.4197853890237, "params": {"max_depth": 25.598432437500122, "n_estimators": 96.27908927927585, "random_state": 6.398005379657577}, "datetime": {"datetime": "2021-09-28 13:55:11", "elapsed": 1610.424454, "delta": 8.705714}}
{"target": -39.492102798343204, "params": {"max_depth": 20.9056801427714, "n_estimators": 38.377619591218625, "random_state": 7.916778164755823}, "datetime": {"datetime": "2021-09-28 13:55:16", "elapsed": 1615.677275, "delta": 5.252821}}
{"target": -40.30177134071079, "params": {"max_depth": 26.094790488572663, "n_estimators": 78.78661690177611, "random_state": 1.0281532201482548}, "datetime": {"datetime": "2021-09-28 13:55:21", "elapsed": 1620.52032, "delta": 4.843045}}
{"target": -39.12014486984043, "params": {"max_depth": 6.306081553225203, "n_estimators": 89.00005078633565, "random_state": 11.0}, "datetime": {"datetime": "2021-09-28 13:55:26", "elapsed": 1625.84338, "delta": 5.32306}}
{"target": -39.215690063944756, "params": {"max_depth": 4.09616435576779, "n_estimators": 87.17963309685497, "random_state": 11.0}, "datetime": {"datetime": "2021-09-28 13:55:34", "elapsed": 1633.685722, "delta": 7.842342}}
{"target": -39.78407521894622, "params": {"max_depth": 6.592946665161179, "n_estimators": 86.39099613108893, "random_state": 10.190926287090706}, "datetime": {"datetime": "2021-09-28 13:55:42", "elapsed": 1642.122785, "delta": 8.437063}}
{"target": -39.016580619563385, "params": {"max_depth": 5.949585976959433, "n_estimators": 91.75718885582054, "random_state": 11.0}, "datetime": {"datetime": "2021-09-28 13:55:52", "elapsed": 1651.483063, "delta": 9.360278}}
{"target": -39.56032320776243, "params": {"max_depth": 3.734190080893499, "n_estimators": 90.01217701448932, "random_state": 10.95945861469832}, "datetime": {"datetime": "2021-09-28 13:55:59", "elapsed": 1658.948133, "delta": 7.46507}}
{"target": -45.379744792631996, "params": {"max_depth": 1.0249892935899365, "n_estimators": 86.28958718356311, "random_state": 10.103000950962082}, "datetime": {"datetime": "2021-09-28 13:56:09", "elapsed": 1668.67253, "delta": 9.724397}}
{"target": -39.612092864512015, "params": {"max_depth": 6.924196940954289, "n_estimators": 91.07206739667936, "random_state": 8.839279768846898}, "datetime": {"datetime": "2021-09-28 13:56:17", "elapsed": 1676.614168, "delta": 7.941638}}
{"target": -40.5676540884714, "params": {"max_depth": 25.925296733518067, "n_estimators": 58.32382822750555, "random_state": 1.2169114639769676}, "datetime": {"datetime": "2021-09-28 13:56:25", "elapsed": 1684.457747, "delta": 7.843579}}
