{"target": -46.7652415236606, "params": {"max_depth": 11.008528112861775, "n_estimators": 36.29590017866575}, "datetime": {"datetime": "2021-09-24 13:53:44", "elapsed": 0.0, "delta": 0.0}}
{"target": -49.03719727237361, "params": {"max_depth": 1.0027449956162773, "n_estimators": 15.81429605896015}, "datetime": {"datetime": "2021-09-24 13:53:44", "elapsed": 0.063005, "delta": 0.063005}}
{"target": -45.88264854026119, "params": {"max_depth": 4.522141379610713, "n_estimators": 5.524591143671092}, "datetime": {"datetime": "2021-09-24 13:53:44", "elapsed": 0.097004, "delta": 0.033999}}
{"target": -46.211538883133024, "params": {"max_depth": 5.470245073064102, "n_estimators": 17.93247562510934}, "datetime": {"datetime": "2021-09-24 13:53:44", "elapsed": 0.266003, "delta": 0.168999}}
{"target": -46.75176506579383, "params": {"max_depth": 10.522419381536078, "n_estimators": 27.40201996616449}, "datetime": {"datetime": "2021-09-24 13:53:44", "elapsed": 0.566662, "delta": 0.300659}}
{"target": -45.88264854026119, "params": {"max_depth": 4.601576437261717, "n_estimators": 5.73516693211031}, "datetime": {"datetime": "2021-09-24 13:53:45", "elapsed": 0.778664, "delta": 0.212002}}
{"target": -50.51207452074495, "params": {"max_depth": 8.319993850169894, "n_estimators": 4.463022022693554}, "datetime": {"datetime": "2021-09-24 13:53:45", "elapsed": 0.960662, "delta": 0.181998}}
{"target": -44.25856603452984, "params": {"max_depth": 2.1885989269055717, "n_estimators": 6.523426259050366}, "datetime": {"datetime": "2021-09-24 13:53:45", "elapsed": 1.298662, "delta": 0.338}}
{"target": -50.49553105180468, "params": {"max_depth": 1.0, "n_estimators": 3.87094054405725}, "datetime": {"datetime": "2021-09-24 13:53:46", "elapsed": 1.857437, "delta": 0.558775}}
{"target": -44.09083881553406, "params": {"max_depth": 2.6734500866388213, "n_estimators": 7.896814678866884}, "datetime": {"datetime": "2021-09-24 13:53:46", "elapsed": 2.611717, "delta": 0.75428}}
{"target": -47.62489032776292, "params": {"max_depth": 1.0, "n_estimators": 8.312174648344627}, "datetime": {"datetime": "2021-09-24 13:53:47", "elapsed": 2.932718, "delta": 0.321001}}
{"target": -44.93170386192605, "params": {"max_depth": 3.4287957244153846, "n_estimators": 7.055962996990036}, "datetime": {"datetime": "2021-09-24 13:53:47", "elapsed": 3.281718, "delta": 0.349}}
{"target": -44.22505702435707, "params": {"max_depth": 3.595583237061823, "n_estimators": 9.62141788472227}, "datetime": {"datetime": "2021-09-24 13:53:47", "elapsed": 3.566724, "delta": 0.285006}}
{"target": -46.52406987073499, "params": {"max_depth": 5.75703547228606, "n_estimators": 9.765684237139013}, "datetime": {"datetime": "2021-09-24 13:53:48", "elapsed": 3.887316, "delta": 0.320592}}
{"target": -44.6330139447252, "params": {"max_depth": 3.307283097991892, "n_estimators": 11.46979641483921}, "datetime": {"datetime": "2021-09-24 13:53:49", "elapsed": 4.839719, "delta": 0.952403}}
{"target": -46.50501724577854, "params": {"max_depth": 5.174763996518482, "n_estimators": 13.339206540972146}, "datetime": {"datetime": "2021-09-24 13:53:49", "elapsed": 5.414838, "delta": 0.575119}}
{"target": -48.42658739363727, "params": {"max_depth": 1.4621435576710917, "n_estimators": 11.401187625704237}, "datetime": {"datetime": "2021-09-24 13:53:50", "elapsed": 5.681835, "delta": 0.266997}}
{"target": -47.70438514135353, "params": {"max_depth": 8.271747466124516, "n_estimators": 19.924341567585163}, "datetime": {"datetime": "2021-09-24 13:53:50", "elapsed": 6.071133, "delta": 0.389298}}
{"target": -45.845539184232415, "params": {"max_depth": 4.471416829969401, "n_estimators": 11.054335552096692}, "datetime": {"datetime": "2021-09-24 13:53:50", "elapsed": 6.402796, "delta": 0.331663}}
{"target": -44.815070925225406, "params": {"max_depth": 3.9705460061759608, "n_estimators": 8.355716291717213}, "datetime": {"datetime": "2021-09-24 13:53:50", "elapsed": 6.608956, "delta": 0.20616}}
{"target": -46.53230013810036, "params": {"max_depth": 24.22862938471211, "n_estimators": 49.93686721747231}, "datetime": {"datetime": "2021-09-24 13:53:51", "elapsed": 7.554399, "delta": 0.945443}}
{"target": -47.0202832663053, "params": {"max_depth": 24.891532601230725, "n_estimators": 43.9384707355305}, "datetime": {"datetime": "2021-09-24 13:53:52", "elapsed": 8.054561, "delta": 0.500162}}
{"target": -46.50598434862667, "params": {"max_depth": 18.472431326231444, "n_estimators": 49.79788928370631}, "datetime": {"datetime": "2021-09-24 13:53:53", "elapsed": 8.795493, "delta": 0.740932}}
{"target": -46.374453588355244, "params": {"max_depth": 13.605244421070058, "n_estimators": 49.8290195133708}, "datetime": {"datetime": "2021-09-24 13:53:53", "elapsed": 9.474495, "delta": 0.679002}}
{"target": -46.58587540279269, "params": {"max_depth": 15.140166189461155, "n_estimators": 46.2660313409975}, "datetime": {"datetime": "2021-09-24 13:53:54", "elapsed": 10.102492, "delta": 0.627997}}
{"target": -43.435921213374904, "params": {"max_depth": 2.8035756964268574, "n_estimators": 9.048940287292595}, "datetime": {"datetime": "2021-09-24 13:53:54", "elapsed": 10.519495, "delta": 0.417003}}
{"target": -45.92530716371174, "params": {"max_depth": 8.83513283650869, "n_estimators": 50.0}, "datetime": {"datetime": "2021-09-24 13:53:55", "elapsed": 11.152494, "delta": 0.632999}}
{"target": -46.27122075671718, "params": {"max_depth": 6.698366611411342, "n_estimators": 47.85995715202483}, "datetime": {"datetime": "2021-09-24 13:53:56", "elapsed": 11.771494, "delta": 0.619}}
{"target": -46.216544712921866, "params": {"max_depth": 10.516885306122656, "n_estimators": 47.47943456635067}, "datetime": {"datetime": "2021-09-24 13:53:56", "elapsed": 12.420663, "delta": 0.649169}}
{"target": -46.762161166194225, "params": {"max_depth": 8.274769442651792, "n_estimators": 44.15446570490988}, "datetime": {"datetime": "2021-09-24 13:53:57", "elapsed": 13.574071, "delta": 1.153408}}
{"target": -43.88418705703161, "params": {"max_depth": 2.7157426250364933, "n_estimators": 10.079868149979262}, "datetime": {"datetime": "2021-09-24 13:53:58", "elapsed": 14.201778, "delta": 0.627707}}
{"target": -44.516437872497846, "params": {"max_depth": 2.6474202931556907, "n_estimators": 50.0}, "datetime": {"datetime": "2021-09-24 13:53:59", "elapsed": 15.030335, "delta": 0.828557}}
{"target": -48.06272156529875, "params": {"max_depth": 1.1735482236261392, "n_estimators": 48.93449583932569}, "datetime": {"datetime": "2021-09-24 13:53:59", "elapsed": 15.556334, "delta": 0.525999}}
{"target": -44.81674555717913, "params": {"max_depth": 4.390664500534797, "n_estimators": 49.86460605207442}, "datetime": {"datetime": "2021-09-24 13:54:00", "elapsed": 16.286652, "delta": 0.730318}}
{"target": -44.37644328880696, "params": {"max_depth": 3.9061639193249773, "n_estimators": 48.05883856085971}, "datetime": {"datetime": "2021-09-24 13:54:01", "elapsed": 16.829789, "delta": 0.543137}}
{"target": -44.995528528454486, "params": {"max_depth": 4.025348958418157, "n_estimators": 46.096371343323334}, "datetime": {"datetime": "2021-09-24 13:54:01", "elapsed": 17.332013, "delta": 0.502224}}
{"target": -44.326811114601355, "params": {"max_depth": 2.840574697040204, "n_estimators": 43.905649233521046}, "datetime": {"datetime": "2021-09-24 13:54:02", "elapsed": 17.836163, "delta": 0.50415}}
{"target": -45.040247716586784, "params": {"max_depth": 4.491343129076864, "n_estimators": 43.28895775940628}, "datetime": {"datetime": "2021-09-24 13:54:02", "elapsed": 18.387826, "delta": 0.551663}}
{"target": -44.31158441334666, "params": {"max_depth": 2.597670170844154, "n_estimators": 42.036335759593186}, "datetime": {"datetime": "2021-09-24 13:54:03", "elapsed": 18.849972, "delta": 0.462146}}
{"target": -48.15344360383106, "params": {"max_depth": 1.0, "n_estimators": 43.087599302842506}, "datetime": {"datetime": "2021-09-24 13:54:03", "elapsed": 19.32197, "delta": 0.471998}}
{"target": -44.42943875288393, "params": {"max_depth": 3.8897540934064576, "n_estimators": 41.11422266545851}, "datetime": {"datetime": "2021-09-24 13:54:04", "elapsed": 19.92095, "delta": 0.59898}}
{"target": -44.32133457321979, "params": {"max_depth": 2.4843320462803264, "n_estimators": 40.17027348297372}, "datetime": {"datetime": "2021-09-24 13:54:04", "elapsed": 20.349892, "delta": 0.428942}}
{"target": -44.495901484641315, "params": {"max_depth": 3.798379426100041, "n_estimators": 38.854405675635206}, "datetime": {"datetime": "2021-09-24 13:54:05", "elapsed": 20.762059, "delta": 0.412167}}
{"target": -47.896760825928666, "params": {"max_depth": 1.9582208752385988, "n_estimators": 37.74778890132612}, "datetime": {"datetime": "2021-09-24 13:54:05", "elapsed": 21.238054, "delta": 0.475995}}
{"target": -45.671223057222235, "params": {"max_depth": 5.615983113313685, "n_estimators": 39.393152043397244}, "datetime": {"datetime": "2021-09-24 13:54:06", "elapsed": 21.717053, "delta": 0.478999}}
{"target": -45.60605511717923, "params": {"max_depth": 5.403111950007543, "n_estimators": 36.51160458618001}, "datetime": {"datetime": "2021-09-24 13:54:06", "elapsed": 22.28696, "delta": 0.569907}}
{"target": -45.65528741218409, "params": {"max_depth": 5.994688603737166, "n_estimators": 33.24347849464069}, "datetime": {"datetime": "2021-09-24 13:54:07", "elapsed": 22.823187, "delta": 0.536227}}
{"target": -44.43893697535941, "params": {"max_depth": 2.353505710911061, "n_estimators": 45.840974286488795}, "datetime": {"datetime": "2021-09-24 13:54:07", "elapsed": 23.431196, "delta": 0.608009}}
{"target": -45.54952481567082, "params": {"max_depth": 4.00312127202424, "n_estimators": 30.614722528022185}, "datetime": {"datetime": "2021-09-24 13:54:08", "elapsed": 23.854189, "delta": 0.422993}}
{"target": -48.21830495940515, "params": {"max_depth": 1.248393243145514, "n_estimators": 29.35759906427221}, "datetime": {"datetime": "2021-09-24 13:54:08", "elapsed": 24.430864, "delta": 0.576675}}
{"target": -46.94284994266779, "params": {"max_depth": 6.876566962901289, "n_estimators": 29.937134018037344}, "datetime": {"datetime": "2021-09-24 13:54:09", "elapsed": 24.889236, "delta": 0.458372}}
{"target": -44.625935283916164, "params": {"max_depth": 3.4608586029304, "n_estimators": 33.35437503953033}, "datetime": {"datetime": "2021-09-24 13:54:09", "elapsed": 25.346237, "delta": 0.457001}}
{"target": -47.84214316780464, "params": {"max_depth": 1.5440298077345427, "n_estimators": 33.44080699034404}, "datetime": {"datetime": "2021-09-24 13:54:10", "elapsed": 25.684234, "delta": 0.337997}}
{"target": -45.365354956936784, "params": {"max_depth": 4.407419995575157, "n_estimators": 34.51941147296292}, "datetime": {"datetime": "2021-09-24 13:54:10", "elapsed": 26.329633, "delta": 0.645399}}
{"target": -45.5149307166732, "params": {"max_depth": 4.511845222083511, "n_estimators": 32.27274278311869}, "datetime": {"datetime": "2021-09-24 13:54:11", "elapsed": 26.926462, "delta": 0.596829}}
{"target": -48.47055137844611, "params": {"max_depth": 24.967153995463757, "n_estimators": 12.986247872238922}, "datetime": {"datetime": "2021-09-24 13:54:11", "elapsed": 27.302807, "delta": 0.376345}}
{"target": -47.43018259935553, "params": {"max_depth": 24.886364683302258, "n_estimators": 28.981515942639533}, "datetime": {"datetime": "2021-09-24 13:54:12", "elapsed": 27.919805, "delta": 0.616998}}
{"target": -67.36842105263158, "params": {"max_depth": 21.94128589282538, "n_estimators": 1.1043162574251824}, "datetime": {"datetime": "2021-09-24 13:54:12", "elapsed": 28.408207, "delta": 0.488402}}
{"target": -47.92517006802722, "params": {"max_depth": 18.409437127193442, "n_estimators": 21.898559998340858}, "datetime": {"datetime": "2021-09-24 13:54:13", "elapsed": 29.034096, "delta": 0.625889}}
{"target": -46.91569200779728, "params": {"max_depth": 19.506096413829475, "n_estimators": 36.87425074285741}, "datetime": {"datetime": "2021-09-24 13:54:14", "elapsed": 29.768098, "delta": 0.734002}}
{"target": -48.58406042578975, "params": {"max_depth": 14.645081445086138, "n_estimators": 13.206532185171454}, "datetime": {"datetime": "2021-09-24 13:54:14", "elapsed": 30.299245, "delta": 0.531147}}
{"target": -47.34973863229502, "params": {"max_depth": 16.541562252106367, "n_estimators": 30.44806014531014}, "datetime": {"datetime": "2021-09-24 13:54:15", "elapsed": 30.894171, "delta": 0.594926}}
{"target": -47.07080200501253, "params": {"max_depth": 25.0, "n_estimators": 36.60976661487216}, "datetime": {"datetime": "2021-09-24 13:54:16", "elapsed": 31.680167, "delta": 0.785996}}
{"target": -47.971715001790194, "params": {"max_depth": 24.9281862881497, "n_estimators": 21.912007458648652}, "datetime": {"datetime": "2021-09-24 13:54:16", "elapsed": 32.179307, "delta": 0.49914}}
{"target": -46.756133190118156, "params": {"max_depth": 15.016098470739921, "n_estimators": 40.76379976546028}, "datetime": {"datetime": "2021-09-24 13:54:17", "elapsed": 32.946409, "delta": 0.767102}}
{"target": -48.78480055705103, "params": {"max_depth": 1.8282492694208612, "n_estimators": 22.644850440062513}, "datetime": {"datetime": "2021-09-24 13:54:17", "elapsed": 33.469408, "delta": 0.522999}}
{"target": -46.8827300810165, "params": {"max_depth": 19.746817644590955, "n_estimators": 43.30875637019777}, "datetime": {"datetime": "2021-09-24 13:54:18", "elapsed": 34.287832, "delta": 0.818424}}
{"target": -47.08280728698109, "params": {"max_depth": 13.231223807259962, "n_estimators": 23.336652969969567}, "datetime": {"datetime": "2021-09-24 13:54:19", "elapsed": 34.947924, "delta": 0.660092}}
{"target": -48.62922932330827, "params": {"max_depth": 20.29776066178737, "n_estimators": 16.480001671446345}, "datetime": {"datetime": "2021-09-24 13:54:19", "elapsed": 35.460925, "delta": 0.513001}}
{"target": -47.132873591709426, "params": {"max_depth": 11.726597493391669, "n_estimators": 31.965623105830804}, "datetime": {"datetime": "2021-09-24 13:54:20", "elapsed": 36.180291, "delta": 0.719366}}
{"target": -47.22626879699248, "params": {"max_depth": 21.37032059414598, "n_estimators": 32.40050241229193}, "datetime": {"datetime": "2021-09-24 13:54:21", "elapsed": 36.988392, "delta": 0.808101}}
{"target": -47.722961249277034, "params": {"max_depth": 20.090846127517427, "n_estimators": 26.76697261479365}, "datetime": {"datetime": "2021-09-24 13:54:21", "elapsed": 37.569668, "delta": 0.581276}}
{"target": -49.825565188481406, "params": {"max_depth": 14.81603322772019, "n_estimators": 7.46742703632453}, "datetime": {"datetime": "2021-09-24 13:54:22", "elapsed": 38.096916, "delta": 0.527248}}
{"target": -48.13006262822575, "params": {"max_depth": 9.65303706674647, "n_estimators": 15.14065881168374}, "datetime": {"datetime": "2021-09-24 13:54:22", "elapsed": 38.61588, "delta": 0.518964}}
{"target": -46.39764666768963, "params": {"max_depth": 15.394315788420023, "n_estimators": 35.57056230873742}, "datetime": {"datetime": "2021-09-24 13:54:23", "elapsed": 39.528878, "delta": 0.912998}}
{"target": -47.01735397404161, "params": {"max_depth": 6.623581200001723, "n_estimators": 25.13081872072976}, "datetime": {"datetime": "2021-09-24 13:54:24", "elapsed": 40.102378, "delta": 0.5735}}
{"target": -46.58407885830831, "params": {"max_depth": 10.881162853027753, "n_estimators": 40.86259918018852}, "datetime": {"datetime": "2021-09-24 13:54:25", "elapsed": 40.791542, "delta": 0.689164}}
{"target": -46.788353863381865, "params": {"max_depth": 21.451931055620236, "n_estimators": 47.05954228511965}, "datetime": {"datetime": "2021-09-24 13:54:26", "elapsed": 41.782539, "delta": 0.990997}}
{"target": -47.24887218045113, "params": {"max_depth": 22.487812961172448, "n_estimators": 40.154841423484925}, "datetime": {"datetime": "2021-09-24 13:54:26", "elapsed": 42.577603, "delta": 0.795064}}
{"target": -48.02502727477665, "params": {"max_depth": 14.194548595801828, "n_estimators": 18.702009165629086}, "datetime": {"datetime": "2021-09-24 13:54:27", "elapsed": 43.171561, "delta": 0.593958}}
{"target": -49.9233082706767, "params": {"max_depth": 20.362591901458206, "n_estimators": 10.424793312959551}, "datetime": {"datetime": "2021-09-24 13:54:28", "elapsed": 43.754561, "delta": 0.583}}
{"target": -69.0187969924812, "params": {"max_depth": 12.872274648193493, "n_estimators": 1.0}, "datetime": {"datetime": "2021-09-24 13:54:28", "elapsed": 44.196409, "delta": 0.441848}}
{"target": -48.28132408036212, "params": {"max_depth": 10.531915462009046, "n_estimators": 9.888535081524333}, "datetime": {"datetime": "2021-09-24 13:54:29", "elapsed": 44.694204, "delta": 0.497795}}
{"target": -47.26695103142472, "params": {"max_depth": 15.145713873552733, "n_estimators": 26.62971651125285}, "datetime": {"datetime": "2021-09-24 13:54:29", "elapsed": 45.353929, "delta": 0.659725}}
{"target": -48.38429406850459, "params": {"max_depth": 24.935291316194967, "n_estimators": 18.026851332770196}, "datetime": {"datetime": "2021-09-24 13:54:30", "elapsed": 45.964927, "delta": 0.610998}}
{"target": -47.0248348143085, "params": {"max_depth": 24.93603481387113, "n_estimators": 33.047803964925144}, "datetime": {"datetime": "2021-09-24 13:54:31", "elapsed": 46.773853, "delta": 0.808926}}
{"target": -46.56951056650949, "params": {"max_depth": 12.289496477228012, "n_estimators": 44.10154055326085}, "datetime": {"datetime": "2021-09-24 13:54:31", "elapsed": 47.555468, "delta": 0.781615}}
{"target": -46.940993788819874, "params": {"max_depth": 24.99977167366148, "n_estimators": 46.81422954261587}, "datetime": {"datetime": "2021-09-24 13:54:32", "elapsed": 48.485943, "delta": 0.930475}}
{"target": -45.562040835820675, "params": {"max_depth": 4.033374387725283, "n_estimators": 27.179705286776482}, "datetime": {"datetime": "2021-09-24 13:54:33", "elapsed": 49.125956, "delta": 0.640013}}
{"target": -47.39969924812031, "params": {"max_depth": 25.0, "n_estimators": 25.498687514949026}, "datetime": {"datetime": "2021-09-24 13:54:34", "elapsed": 49.802954, "delta": 0.676998}}
{"target": -47.04752265278581, "params": {"max_depth": 18.087902491303524, "n_estimators": 39.80590904920717}, "datetime": {"datetime": "2021-09-24 13:54:35", "elapsed": 50.710976, "delta": 0.908022}}
{"target": -46.56635573146723, "params": {"max_depth": 8.394516811285559, "n_estimators": 35.0188396235924}, "datetime": {"datetime": "2021-09-24 13:54:35", "elapsed": 51.38798, "delta": 0.677004}}
{"target": -47.01127819548872, "params": {"max_depth": 18.051940306882763, "n_estimators": 33.73298030333065}, "datetime": {"datetime": "2021-09-24 13:54:36", "elapsed": 52.036596, "delta": 0.648616}}
{"target": -46.34345864661655, "params": {"max_depth": 21.347185853910972, "n_estimators": 50.0}, "datetime": {"datetime": "2021-09-24 13:54:37", "elapsed": 53.073797, "delta": 1.037201}}
{"target": -46.867162592393626, "params": {"max_depth": 13.776215060744832, "n_estimators": 38.21812913531613}, "datetime": {"datetime": "2021-09-24 13:54:38", "elapsed": 53.9368, "delta": 0.863003}}
{"target": -49.20112781954887, "params": {"max_depth": 25.0, "n_estimators": 8.78998917141352}, "datetime": {"datetime": "2021-09-24 13:54:38", "elapsed": 54.56685, "delta": 0.63005}}
{"target": -46.920638324419095, "params": {"max_depth": 10.024166078838158, "n_estimators": 23.833477640538245}, "datetime": {"datetime": "2021-09-24 13:54:39", "elapsed": 55.230659, "delta": 0.663809}}
{"target": -46.9129617522066, "params": {"max_depth": 18.263992499180254, "n_estimators": 46.3754954756025}, "datetime": {"datetime": "2021-09-24 13:54:40", "elapsed": 56.25959, "delta": 1.028931}}
{"target": -46.15486916700209, "params": {"max_depth": 5.001554690140212, "n_estimators": 20.93102527390861}, "datetime": {"datetime": "2021-09-24 13:54:41", "elapsed": 56.845369, "delta": 0.585779}}
{"target": -44.28561955165738, "params": {"max_depth": 2.7590743944123552, "n_estimators": 19.091551111232437}, "datetime": {"datetime": "2021-09-24 13:54:41", "elapsed": 57.468677, "delta": 0.623308}}
{"target": -49.34565366778149, "params": {"max_depth": 1.1874001512636436, "n_estimators": 18.941611603883732}, "datetime": {"datetime": "2021-09-24 13:54:42", "elapsed": 58.164549, "delta": 0.695872}}
{"target": -44.61295660550857, "params": {"max_depth": 3.596947356933854, "n_estimators": 17.58706424720475}, "datetime": {"datetime": "2021-09-24 13:54:43", "elapsed": 58.889763, "delta": 0.725214}}
{"target": -45.21627749367138, "params": {"max_depth": 4.087196972169175, "n_estimators": 19.080003202474668}, "datetime": {"datetime": "2021-09-24 13:54:44", "elapsed": 59.651761, "delta": 0.761998}}
{"target": -47.71918927754168, "params": {"max_depth": 21.746824095120648, "n_estimators": 23.29907797458141}, "datetime": {"datetime": "2021-09-24 13:54:44", "elapsed": 60.408701, "delta": 0.75694}}
{"target": -47.24887218045113, "params": {"max_depth": 24.963887135401716, "n_estimators": 40.27408659959895}, "datetime": {"datetime": "2021-09-24 13:54:45", "elapsed": 61.275714, "delta": 0.867013}}
{"target": -47.152422471158275, "params": {"max_depth": 16.190717664830927, "n_estimators": 43.47632495091085}, "datetime": {"datetime": "2021-09-24 13:54:46", "elapsed": 62.087587, "delta": 0.811873}}
{"target": -46.73652419652293, "params": {"max_depth": 8.789048935278988, "n_estimators": 38.53246785182583}, "datetime": {"datetime": "2021-09-24 13:54:47", "elapsed": 62.952256, "delta": 0.864669}}
{"target": -44.59811509943643, "params": {"max_depth": 3.8064914887731858, "n_estimators": 15.326574018534696}, "datetime": {"datetime": "2021-09-24 13:54:47", "elapsed": 63.436256, "delta": 0.484}}
{"target": -46.95071582061852, "params": {"max_depth": 13.158056571932255, "n_estimators": 28.926365026856896}, "datetime": {"datetime": "2021-09-24 13:54:48", "elapsed": 64.293481, "delta": 0.857225}}
{"target": -46.33561587412732, "params": {"max_depth": 11.199926595148202, "n_estimators": 49.951409671967724}, "datetime": {"datetime": "2021-09-24 13:54:49", "elapsed": 65.087321, "delta": 0.79384}}
