{"target": -46.95553168635876, "params": {"max_depth": 22.312635482133434, "n_estimators": 35.424625601421155}, "datetime": {"datetime": "2021-09-24 13:54:50", "elapsed": 66.09391, "delta": 1.006589}}
{"target": -46.800083501091706, "params": {"max_depth": 14.469227220858361, "n_estimators": 33.04413999379054}, "datetime": {"datetime": "2021-09-24 13:54:51", "elapsed": 66.917533, "delta": 0.823623}}
{"target": -53.130933639558144, "params": {"max_depth": 4.718946133645581, "n_estimators": 1.0}, "datetime": {"datetime": "2021-09-24 13:54:52", "elapsed": 67.65776, "delta": 0.740227}}
{"target": -49.25965895973443, "params": {"max_depth": 7.694790572799988, "n_estimators": 7.553162060643588}, "datetime": {"datetime": "2021-09-24 13:54:52", "elapsed": 68.214337, "delta": 0.556577}}
{"target": -46.59517386323202, "params": {"max_depth": 5.374382959732605, "n_estimators": 15.80537864237186}, "datetime": {"datetime": "2021-09-24 13:54:53", "elapsed": 68.947114, "delta": 0.732777}}
{"target": -44.35183872898556, "params": {"max_depth": 3.3146667933081426, "n_estimators": 13.812701087030984}, "datetime": {"datetime": "2021-09-24 13:54:53", "elapsed": 69.553116, "delta": 0.606002}}
{"target": -46.363188588354, "params": {"max_depth": 16.033431345106123, "n_estimators": 50.0}, "datetime": {"datetime": "2021-09-24 13:54:54", "elapsed": 70.474783, "delta": 0.921667}}
{"target": -46.18712296227576, "params": {"max_depth": 5.68658751834497, "n_estimators": 27.91385504186018}, "datetime": {"datetime": "2021-09-24 13:54:55", "elapsed": 71.253234, "delta": 0.778451}}
{"target": -44.41630818790852, "params": {"max_depth": 3.3131410609357186, "n_estimators": 49.08792637151232}, "datetime": {"datetime": "2021-09-24 13:54:56", "elapsed": 72.221463, "delta": 0.968229}}
{"target": -47.488976731574276, "params": {"max_depth": 11.495355321381815, "n_estimators": 20.63695929739779}, "datetime": {"datetime": "2021-09-24 13:54:57", "elapsed": 72.814461, "delta": 0.592998}}
{"target": -44.37762021465264, "params": {"max_depth": 2.893175391689618, "n_estimators": 47.16376647756329}, "datetime": {"datetime": "2021-09-24 13:54:57", "elapsed": 73.408462, "delta": 0.594001}}
{"target": -43.435921213374904, "params": {"max_depth": 2.85352483076468, "n_estimators": 9.38606265046462}, "datetime": {"datetime": "2021-09-24 13:54:58", "elapsed": 74.048462, "delta": 0.64}}
{"target": -44.467347203224975, "params": {"max_depth": 3.117704964656959, "n_estimators": 20.271216887496667}, "datetime": {"datetime": "2021-09-24 13:54:59", "elapsed": 74.763168, "delta": 0.714706}}
{"target": -44.4671689086187, "params": {"max_depth": 3.341118180000353, "n_estimators": 40.19313418857131}, "datetime": {"datetime": "2021-09-24 13:55:00", "elapsed": 75.714867, "delta": 0.951699}}
{"target": -44.41656877545545, "params": {"max_depth": 3.573366178894295, "n_estimators": 42.57923339761762}, "datetime": {"datetime": "2021-09-24 13:55:00", "elapsed": 76.639839, "delta": 0.924972}}
{"target": -47.105927551341786, "params": {"max_depth": 7.742894094606377, "n_estimators": 41.55341866403927}, "datetime": {"datetime": "2021-09-24 13:55:01", "elapsed": 77.545426, "delta": 0.905587}}
{"target": -43.435921213374904, "params": {"max_depth": 2.5629796298867635, "n_estimators": 9.263698699001507}, "datetime": {"datetime": "2021-09-24 13:55:02", "elapsed": 78.223929, "delta": 0.678503}}
{"target": -48.0799366838148, "params": {"max_depth": 21.475248690325074, "n_estimators": 19.7182298089567}, "datetime": {"datetime": "2021-09-24 13:55:03", "elapsed": 79.064597, "delta": 0.840668}}
{"target": -44.49054014220964, "params": {"max_depth": 3.1951514011796833, "n_estimators": 44.95634320336326}, "datetime": {"datetime": "2021-09-24 13:55:04", "elapsed": 79.969766, "delta": 0.905169}}
{"target": -43.435921213374904, "params": {"max_depth": 2.7183064335756373, "n_estimators": 9.233888137573004}, "datetime": {"datetime": "2021-09-24 13:55:05", "elapsed": 80.693061, "delta": 0.723295}}
{"target": -47.319937775473164, "params": {"max_depth": 21.649961323416907, "n_estimators": 29.370671401023966}, "datetime": {"datetime": "2021-09-24 13:55:06", "elapsed": 81.796296, "delta": 1.103235}}
{"target": -48.459799051199425, "params": {"max_depth": 16.847063606602944, "n_estimators": 16.71183059664138}, "datetime": {"datetime": "2021-09-24 13:55:07", "elapsed": 82.738508, "delta": 0.942212}}
{"target": -47.0202832663053, "params": {"max_depth": 22.316878441794294, "n_estimators": 43.97437353702511}, "datetime": {"datetime": "2021-09-24 13:55:08", "elapsed": 83.892226, "delta": 1.153718}}
{"target": -46.93429644730088, "params": {"max_depth": 8.873334910565504, "n_estimators": 32.263557083209776}, "datetime": {"datetime": "2021-09-24 13:55:09", "elapsed": 84.812713, "delta": 0.920487}}
{"target": -46.247336750230325, "params": {"max_depth": 12.96513792502894, "n_estimators": 47.406828164698794}, "datetime": {"datetime": "2021-09-24 13:55:10", "elapsed": 85.912408, "delta": 1.099695}}
{"target": -45.31574918880091, "params": {"max_depth": 4.3023331960787985, "n_estimators": 24.247598349032653}, "datetime": {"datetime": "2021-09-24 13:55:11", "elapsed": 86.737475, "delta": 0.825067}}
{"target": -46.67337611162086, "params": {"max_depth": 12.37331105402146, "n_estimators": 25.9168002118049}, "datetime": {"datetime": "2021-09-24 13:55:12", "elapsed": 87.79141, "delta": 1.053935}}
{"target": -44.60942901659287, "params": {"max_depth": 2.1508270460724255, "n_estimators": 26.04154656666991}, "datetime": {"datetime": "2021-09-24 13:55:12", "elapsed": 88.555705, "delta": 0.764295}}
{"target": -48.66698320089257, "params": {"max_depth": 1.0310489990808813, "n_estimators": 26.569519719759793}, "datetime": {"datetime": "2021-09-24 13:55:13", "elapsed": 89.477182, "delta": 0.921477}}
{"target": -44.806080837578094, "params": {"max_depth": 3.3577596830351055, "n_estimators": 25.628533959444823}, "datetime": {"datetime": "2021-09-24 13:55:14", "elapsed": 90.294516, "delta": 0.817334}}
{"target": -47.12455207868742, "params": {"max_depth": 16.582851434377936, "n_estimators": 37.831515126951885}, "datetime": {"datetime": "2021-09-24 13:55:15", "elapsed": 91.434702, "delta": 1.140186}}
{"target": -47.5140843179377, "params": {"max_depth": 16.971273474546887, "n_estimators": 24.43203391965834}, "datetime": {"datetime": "2021-09-24 13:55:16", "elapsed": 92.406797, "delta": 0.972095}}
{"target": -47.96916189810525, "params": {"max_depth": 12.427133749740161, "n_estimators": 16.252999466793433}, "datetime": {"datetime": "2021-09-24 13:55:17", "elapsed": 93.399737, "delta": 0.99294}}
{"target": -45.96111471641827, "params": {"max_depth": 6.463325187736143, "n_estimators": 49.91717504754855}, "datetime": {"datetime": "2021-09-24 13:55:18", "elapsed": 94.507716, "delta": 1.107979}}
{"target": -46.28665243168534, "params": {"max_depth": 12.919716682087186, "n_estimators": 34.88669784230573}, "datetime": {"datetime": "2021-09-24 13:55:19", "elapsed": 95.551301, "delta": 1.043585}}
{"target": -47.35648217545255, "params": {"max_depth": 6.63822781400944, "n_estimators": 22.760704078377362}, "datetime": {"datetime": "2021-09-24 13:55:20", "elapsed": 96.608081, "delta": 1.05678}}
{"target": -44.39969547777801, "params": {"max_depth": 2.7315784300813553, "n_estimators": 31.739143918623153}, "datetime": {"datetime": "2021-09-24 13:55:21", "elapsed": 97.563112, "delta": 0.955031}}
{"target": -48.13042707956676, "params": {"max_depth": 1.0528644147862005, "n_estimators": 40.22164399941391}, "datetime": {"datetime": "2021-09-24 13:55:22", "elapsed": 98.379406, "delta": 0.816294}}
{"target": -44.35843601126054, "params": {"max_depth": 2.8845028163270965, "n_estimators": 41.14586327392393}, "datetime": {"datetime": "2021-09-24 13:55:23", "elapsed": 99.339216, "delta": 0.95981}}
{"target": -47.35739348370927, "params": {"max_depth": 19.078822075043263, "n_estimators": 30.11672372163192}, "datetime": {"datetime": "2021-09-24 13:55:24", "elapsed": 100.590025, "delta": 1.250809}}
{"target": -44.89248667751124, "params": {"max_depth": 2.7707189144327513, "n_estimators": 5.742547165759392}, "datetime": {"datetime": "2021-09-24 13:55:25", "elapsed": 101.253931, "delta": 0.663906}}
{"target": -49.47518477447947, "params": {"max_depth": 8.440810104510959, "n_estimators": 11.844517807971975}, "datetime": {"datetime": "2021-09-24 13:55:26", "elapsed": 102.148189, "delta": 0.894258}}
{"target": -50.24181883279627, "params": {"max_depth": 16.4316782708488, "n_estimators": 10.461089884226423}, "datetime": {"datetime": "2021-09-24 13:55:27", "elapsed": 103.164003, "delta": 1.015814}}
{"target": -44.375673580608094, "params": {"max_depth": 2.466759687498688, "n_estimators": 24.941796465785085}, "datetime": {"datetime": "2021-09-24 13:55:28", "elapsed": 103.994003, "delta": 0.83}}
{"target": -46.657575493956884, "params": {"max_depth": 12.911025988716792, "n_estimators": 41.846464750552734}, "datetime": {"datetime": "2021-09-24 13:55:29", "elapsed": 105.324003, "delta": 1.33}}
{"target": -43.77573171686056, "params": {"max_depth": 2.5420671833073962, "n_estimators": 8.815555095110371}, "datetime": {"datetime": "2021-09-24 13:55:30", "elapsed": 106.332653, "delta": 1.00865}}
{"target": -47.2999880654016, "params": {"max_depth": 15.4713684888895, "n_estimators": 21.46252929536592}, "datetime": {"datetime": "2021-09-24 13:55:31", "elapsed": 107.30029, "delta": 0.967637}}
{"target": -46.8711478431754, "params": {"max_depth": 9.571065966522767, "n_estimators": 29.549568615715934}, "datetime": {"datetime": "2021-09-24 13:55:32", "elapsed": 108.501264, "delta": 1.200974}}
{"target": -45.69595982542636, "params": {"max_depth": 5.531504902903439, "n_estimators": 41.567343923845385}, "datetime": {"datetime": "2021-09-24 13:55:33", "elapsed": 109.613103, "delta": 1.111839}}
{"target": -46.52786303132059, "params": {"max_depth": 6.2948123198907, "n_estimators": 45.35007277160133}, "datetime": {"datetime": "2021-09-24 13:55:35", "elapsed": 110.828464, "delta": 1.215361}}
{"target": -44.26019076820082, "params": {"max_depth": 3.6003155632042514, "n_estimators": 12.653665177189081}, "datetime": {"datetime": "2021-09-24 13:55:36", "elapsed": 111.867257, "delta": 1.038793}}
{"target": -43.435921213374904, "params": {"max_depth": 2.2528240435454645, "n_estimators": 9.639980748025668}, "datetime": {"datetime": "2021-09-24 13:55:37", "elapsed": 112.84868, "delta": 0.981423}}
{"target": -44.815070925225406, "params": {"max_depth": 3.3133064450901752, "n_estimators": 8.7646611520019}, "datetime": {"datetime": "2021-09-24 13:55:37", "elapsed": 113.607375, "delta": 0.758695}}
{"target": -50.186716791979954, "params": {"max_depth": 19.090592371596582, "n_estimators": 6.40149872535287}, "datetime": {"datetime": "2021-09-24 13:55:38", "elapsed": 114.598604, "delta": 0.991229}}
{"target": -50.909774436090224, "params": {"max_depth": 25.0, "n_estimators": 5.530572824813154}, "datetime": {"datetime": "2021-09-24 13:55:39", "elapsed": 115.42054, "delta": 0.821936}}
{"target": -48.51474840948526, "params": {"max_depth": 21.939991028642137, "n_estimators": 13.865205148009096}, "datetime": {"datetime": "2021-09-24 13:55:40", "elapsed": 116.582516, "delta": 1.161976}}
{"target": -46.38576732246752, "params": {"max_depth": 10.297628866493227, "n_estimators": 45.277187706133205}, "datetime": {"datetime": "2021-09-24 13:55:42", "elapsed": 117.836934, "delta": 1.254418}}
{"target": -47.27028544133817, "params": {"max_depth": 8.149649107107013, "n_estimators": 27.203331955179245}, "datetime": {"datetime": "2021-09-24 13:55:43", "elapsed": 118.764934, "delta": 0.928}}
{"target": -47.007722007722016, "params": {"max_depth": 21.768710859985745, "n_estimators": 37.82636617394429}, "datetime": {"datetime": "2021-09-24 13:55:44", "elapsed": 119.807031, "delta": 1.042097}}
{"target": -46.34111293233452, "params": {"max_depth": 5.328437477185364, "n_estimators": 7.897463513471377}, "datetime": {"datetime": "2021-09-24 13:55:45", "elapsed": 121.008184, "delta": 1.201153}}
{"target": -47.722961249277034, "params": {"max_depth": 22.805730842341724, "n_estimators": 26.51840619108931}, "datetime": {"datetime": "2021-09-24 13:55:46", "elapsed": 122.171872, "delta": 1.163688}}
{"target": -47.40998329156224, "params": {"max_depth": 17.56681377745735, "n_estimators": 27.761193355052495}, "datetime": {"datetime": "2021-09-24 13:55:47", "elapsed": 123.54157, "delta": 1.369698}}
{"target": -47.718450135053125, "params": {"max_depth": 9.994522630652979, "n_estimators": 17.91375821047041}, "datetime": {"datetime": "2021-09-24 13:55:48", "elapsed": 124.456335, "delta": 0.914765}}
{"target": -46.82985372177609, "params": {"max_depth": 7.1888367665023685, "n_estimators": 37.135812687277756}, "datetime": {"datetime": "2021-09-24 13:55:49", "elapsed": 125.536946, "delta": 1.080611}}
{"target": -46.829412551084516, "params": {"max_depth": 11.316397952939745, "n_estimators": 38.73844263854428}, "datetime": {"datetime": "2021-09-24 13:55:51", "elapsed": 126.793274, "delta": 1.256328}}
{"target": -46.908847242449866, "params": {"max_depth": 16.35649124356719, "n_estimators": 47.822598468843324}, "datetime": {"datetime": "2021-09-24 13:55:52", "elapsed": 128.114549, "delta": 1.321275}}
{"target": -47.100678525582246, "params": {"max_depth": 20.33411964611477, "n_estimators": 41.053890893986704}, "datetime": {"datetime": "2021-09-24 13:55:53", "elapsed": 129.219813, "delta": 1.105264}}
{"target": -46.57217580953459, "params": {"max_depth": 8.611711033110446, "n_estimators": 46.91222240534241}, "datetime": {"datetime": "2021-09-24 13:55:54", "elapsed": 130.395628, "delta": 1.175815}}
{"target": -47.76947710380387, "params": {"max_depth": 11.809651329615212, "n_estimators": 12.89306395261723}, "datetime": {"datetime": "2021-09-24 13:55:55", "elapsed": 131.243775, "delta": 0.848147}}
{"target": -48.14064116833508, "params": {"max_depth": 1.0, "n_estimators": 46.22532540799199}, "datetime": {"datetime": "2021-09-24 13:55:56", "elapsed": 132.336704, "delta": 1.092929}}
{"target": -48.51474840948526, "params": {"max_depth": 18.189834953109724, "n_estimators": 13.730444852283666}, "datetime": {"datetime": "2021-09-24 13:55:57", "elapsed": 133.205657, "delta": 0.868953}}
{"target": -48.05065294815987, "params": {"max_depth": 18.16222682279123, "n_estimators": 19.273847934138573}, "datetime": {"datetime": "2021-09-24 13:55:58", "elapsed": 134.240655, "delta": 1.034998}}
{"target": -46.298835290332015, "params": {"max_depth": 10.480205243181357, "n_estimators": 42.93293703437776}, "datetime": {"datetime": "2021-09-24 13:55:59", "elapsed": 135.642551, "delta": 1.401896}}
{"target": -46.0478524589491, "params": {"max_depth": 10.651940417288175, "n_estimators": 34.06749168941832}, "datetime": {"datetime": "2021-09-24 13:56:01", "elapsed": 136.867876, "delta": 1.225325}}
{"target": -45.16305295127578, "params": {"max_depth": 4.026503625472539, "n_estimators": 37.14663766392375}, "datetime": {"datetime": "2021-09-24 13:56:02", "elapsed": 138.256185, "delta": 1.388309}}
{"target": -47.29929662866844, "params": {"max_depth": 23.327427075799616, "n_estimators": 31.192138811854264}, "datetime": {"datetime": "2021-09-24 13:56:03", "elapsed": 139.370881, "delta": 1.114696}}
{"target": -46.71647869674185, "params": {"max_depth": 23.24514302054632, "n_estimators": 48.23899615639569}, "datetime": {"datetime": "2021-09-24 13:56:05", "elapsed": 140.778298, "delta": 1.407417}}
{"target": -45.33518445110363, "params": {"max_depth": 4.126538345295816, "n_estimators": 22.398472585999897}, "datetime": {"datetime": "2021-09-24 13:56:06", "elapsed": 141.950138, "delta": 1.17184}}
{"target": -46.95422379478107, "params": {"max_depth": 20.105791616180124, "n_estimators": 34.65622074551214}, "datetime": {"datetime": "2021-09-24 13:56:07", "elapsed": 143.272946, "delta": 1.322808}}
{"target": -46.59576023391813, "params": {"max_depth": 19.74884437521523, "n_estimators": 48.25685769188729}, "datetime": {"datetime": "2021-09-24 13:56:08", "elapsed": 144.576687, "delta": 1.303741}}
{"target": -44.81914494406836, "params": {"max_depth": 3.7352856887649155, "n_estimators": 28.908346642979097}, "datetime": {"datetime": "2021-09-24 13:56:10", "elapsed": 145.92242, "delta": 1.345733}}
{"target": -49.43853297565703, "params": {"max_depth": 11.374545899535015, "n_estimators": 6.954740247442941}, "datetime": {"datetime": "2021-09-24 13:56:11", "elapsed": 147.002768, "delta": 1.080348}}
{"target": -47.071044990525095, "params": {"max_depth": 17.800895506387413, "n_estimators": 41.88295006944452}, "datetime": {"datetime": "2021-09-24 13:56:12", "elapsed": 148.264999, "delta": 1.262231}}
{"target": -48.89022556390977, "params": {"max_depth": 24.975655516574644, "n_estimators": 15.352026504482732}, "datetime": {"datetime": "2021-09-24 13:56:13", "elapsed": 149.335889, "delta": 1.07089}}
{"target": -45.137342622257215, "params": {"max_depth": 4.951595338587924, "n_estimators": 38.08022625059736}, "datetime": {"datetime": "2021-09-24 13:56:15", "elapsed": 150.895512, "delta": 1.559623}}
{"target": -46.24221900201392, "params": {"max_depth": 6.339782463493439, "n_estimators": 34.86441342149549}, "datetime": {"datetime": "2021-09-24 13:56:16", "elapsed": 152.292349, "delta": 1.396837}}
{"target": -46.924749373433585, "params": {"max_depth": 17.538429624218505, "n_estimators": 35.708102038808455}, "datetime": {"datetime": "2021-09-24 13:56:17", "elapsed": 153.506598, "delta": 1.214249}}
{"target": -47.63094757355634, "params": {"max_depth": 7.674922674752671, "n_estimators": 16.97343264344781}, "datetime": {"datetime": "2021-09-24 13:56:18", "elapsed": 154.491595, "delta": 0.984997}}
{"target": -46.91060985797827, "params": {"max_depth": 20.287912344255304, "n_estimators": 45.32834237893264}, "datetime": {"datetime": "2021-09-24 13:56:20", "elapsed": 156.173936, "delta": 1.682341}}
{"target": -47.25365790920303, "params": {"max_depth": 14.152686197850514, "n_estimators": 30.82967106428982}, "datetime": {"datetime": "2021-09-24 13:56:22", "elapsed": 157.665801, "delta": 1.491865}}
{"target": -44.544981481975825, "params": {"max_depth": 3.0769295050171745, "n_estimators": 16.433630218721806}, "datetime": {"datetime": "2021-09-24 13:56:23", "elapsed": 159.066287, "delta": 1.400486}}
{"target": -46.979504753240235, "params": {"max_depth": 14.197328891115907, "n_estimators": 44.528987979600124}, "datetime": {"datetime": "2021-09-24 13:56:24", "elapsed": 160.506675, "delta": 1.440388}}
{"target": -44.520345247275536, "params": {"max_depth": 2.7586313690938367, "n_estimators": 30.286385272717993}, "datetime": {"datetime": "2021-09-24 13:56:25", "elapsed": 161.521989, "delta": 1.015314}}
{"target": -48.10813907845668, "params": {"max_depth": 1.4264376446758416, "n_estimators": 31.24618370331896}, "datetime": {"datetime": "2021-09-24 13:56:26", "elapsed": 162.536796, "delta": 1.014807}}
{"target": -44.509017293450505, "params": {"max_depth": 3.0384424779891948, "n_estimators": 35.47080813628465}, "datetime": {"datetime": "2021-09-24 13:56:28", "elapsed": 163.665761, "delta": 1.128965}}
{"target": -44.5418335106223, "params": {"max_depth": 2.559141755130642, "n_estimators": 27.766352786089534}, "datetime": {"datetime": "2021-09-24 13:56:29", "elapsed": 165.276668, "delta": 1.610907}}
{"target": -45.213993052961015, "params": {"max_depth": 5.217634967338954, "n_estimators": 48.41631620490973}, "datetime": {"datetime": "2021-09-24 13:56:31", "elapsed": 166.94752, "delta": 1.670852}}
{"target": -46.893483709273184, "params": {"max_depth": 23.825535343212625, "n_estimators": 42.20177790279155}, "datetime": {"datetime": "2021-09-24 13:56:32", "elapsed": 168.379137, "delta": 1.431617}}
{"target": -47.56954887218045, "params": {"max_depth": 19.477134158622192, "n_estimators": 24.391769808210686}, "datetime": {"datetime": "2021-09-24 13:56:34", "elapsed": 169.79175, "delta": 1.412613}}
{"target": -49.886270068694884, "params": {"max_depth": 12.882055064958085, "n_estimators": 10.437201460637295}, "datetime": {"datetime": "2021-09-24 13:56:35", "elapsed": 170.970628, "delta": 1.178878}}
{"target": -44.134699801897966, "params": {"max_depth": 2.786938165066572, "n_estimators": 14.910066376907038}, "datetime": {"datetime": "2021-09-24 13:56:36", "elapsed": 172.266211, "delta": 1.295583}}
{"target": -44.22288533903513, "params": {"max_depth": 2.254624907659344, "n_estimators": 13.663082575516047}, "datetime": {"datetime": "2021-09-24 13:56:37", "elapsed": 173.436036, "delta": 1.169825}}
{"target": -46.656300120364136, "params": {"max_depth": 6.475595578593052, "n_estimators": 43.2177867165648}, "datetime": {"datetime": "2021-09-24 13:56:39", "elapsed": 175.107037, "delta": 1.671001}}
{"target": -44.13984307436249, "params": {"max_depth": 2.7515566066537387, "n_estimators": 12.729792882486908}, "datetime": {"datetime": "2021-09-24 13:56:40", "elapsed": 176.206968, "delta": 1.099931}}
{"target": -44.596827810476775, "params": {"max_depth": 3.0651843872778732, "n_estimators": 34.47353442757791}, "datetime": {"datetime": "2021-09-24 13:56:42", "elapsed": 177.89556, "delta": 1.688592}}
{"target": -46.44835296606186, "params": {"max_depth": 12.113980874287433, "n_estimators": 45.974792626290316}, "datetime": {"datetime": "2021-09-24 13:56:43", "elapsed": 179.647933, "delta": 1.752373}}
{"target": -44.50191275009014, "params": {"max_depth": 2.8378610730238636, "n_estimators": 28.929071857324253}, "datetime": {"datetime": "2021-09-24 13:56:45", "elapsed": 181.033368, "delta": 1.385435}}
{"target": -46.91060985797827, "params": {"max_depth": 23.32133229383511, "n_estimators": 45.83243573116923}, "datetime": {"datetime": "2021-09-24 13:56:46", "elapsed": 182.485831, "delta": 1.452463}}
{"target": -47.9425258133579, "params": {"max_depth": 1.0765072680881396, "n_estimators": 35.639093882640054}, "datetime": {"datetime": "2021-09-24 13:56:48", "elapsed": 183.936792, "delta": 1.450961}}
