{"target": -39.06354490543609, "params": {"max_depth": 7.751439385146409, "n_estimators": 44.17804148851224, "random_state": 9.386661578283707}, "datetime": {"datetime": "2021-09-30 08:35:45", "elapsed": 67.748179, "delta": 0.67916}}
{"target": -40.47180454074702, "params": {"max_depth": 29.397753811079856, "n_estimators": 29.601919997651706, "random_state": 10.9952795925996}, "datetime": {"datetime": "2021-09-30 08:35:46", "elapsed": 68.479874, "delta": 0.731695}}
{"target": -40.59983546948886, "params": {"max_depth": 29.813580999070222, "n_estimators": 29.817851034898556, "random_state": 8.319306049514804}, "datetime": {"datetime": "2021-09-30 08:35:47", "elapsed": 69.085592, "delta": 0.605718}}
{"target": -39.58762848458604, "params": {"max_depth": 3.018937666951175, "n_estimators": 24.877140837227103, "random_state": 8.890606219285194}, "datetime": {"datetime": "2021-09-30 08:35:47", "elapsed": 69.620552, "delta": 0.53496}}
{"target": -40.00458509488703, "params": {"max_depth": 6.648793112290372, "n_estimators": 32.238820352966584, "random_state": 14.102293760579181}, "datetime": {"datetime": "2021-09-30 08:35:48", "elapsed": 70.373579, "delta": 0.753027}}
{"target": -38.918679159109956, "params": {"max_depth": 22.335582039587642, "n_estimators": 36.02804012568085, "random_state": 6.611299525300235}, "datetime": {"datetime": "2021-09-30 08:35:48", "elapsed": 71.041686, "delta": 0.668107}}
{"target": -40.73818806727111, "params": {"max_depth": 16.211247647563262, "n_estimators": 21.686368382109396, "random_state": 10.145313219410356}, "datetime": {"datetime": "2021-09-30 08:35:49", "elapsed": 71.551636, "delta": 0.50995}}
{"target": -39.827543608556624, "params": {"max_depth": 21.866999871965692, "n_estimators": 32.279460045644235, "random_state": 4.568252115629707}, "datetime": {"datetime": "2021-09-30 08:35:50", "elapsed": 72.133912, "delta": 0.582276}}
{"target": -38.892146390501736, "params": {"max_depth": 16.478192708295285, "n_estimators": 28.71013678395593, "random_state": 6.0436565578354235}, "datetime": {"datetime": "2021-09-30 08:35:50", "elapsed": 72.758004, "delta": 0.624092}}
{"target": -38.79805617895502, "params": {"max_depth": 13.969586562575017, "n_estimators": 44.673879129687585, "random_state": 6.358411703355291}, "datetime": {"datetime": "2021-09-30 08:35:51", "elapsed": 73.41321, "delta": 0.655206}}
{"target": -39.542681438312016, "params": {"max_depth": 9.929143452622107, "n_estimators": 47.67754426304031, "random_state": 11.826805485227686}, "datetime": {"datetime": "2021-09-30 08:35:52", "elapsed": 74.090854, "delta": 0.677644}}
{"target": -39.52960468018265, "params": {"max_depth": 9.32638222210199, "n_estimators": 29.373317553110965, "random_state": 10.718815944946394}, "datetime": {"datetime": "2021-09-30 08:35:52", "elapsed": 74.946268, "delta": 0.855414}}
{"target": -39.71879658109177, "params": {"max_depth": 29.794381124544394, "n_estimators": 27.70069840123444, "random_state": 9.327969668864187}, "datetime": {"datetime": "2021-09-30 08:35:53", "elapsed": 75.690543, "delta": 0.744275}}
{"target": -40.854501388343515, "params": {"max_depth": 19.002698240311396, "n_estimators": 53.076651878910404, "random_state": 7.000191365494911}, "datetime": {"datetime": "2021-09-30 08:35:54", "elapsed": 76.479453, "delta": 0.78891}}
{"target": -40.17997807128296, "params": {"max_depth": 19.577149162631137, "n_estimators": 29.337726256393598, "random_state": 4.639409056150013}, "datetime": {"datetime": "2021-09-30 08:35:55", "elapsed": 77.122065, "delta": 0.642612}}
{"target": -39.27237091139709, "params": {"max_depth": 13.38504960363447, "n_estimators": 32.35964305898493, "random_state": 6.06421810239817}, "datetime": {"datetime": "2021-09-30 08:35:55", "elapsed": 77.763248, "delta": 0.641183}}
{"target": -41.80781944595376, "params": {"max_depth": 14.43713428455695, "n_estimators": 25.785868451385966, "random_state": 13.055886347934234}, "datetime": {"datetime": "2021-09-30 08:35:56", "elapsed": 78.500536, "delta": 0.737288}}
{"target": -40.2847243190472, "params": {"max_depth": 16.141011454722314, "n_estimators": 53.33787111659993, "random_state": 14.732396727298234}, "datetime": {"datetime": "2021-09-30 08:35:57", "elapsed": 79.203661, "delta": 0.703125}}
{"target": -40.63929617699306, "params": {"max_depth": 25.910629244642955, "n_estimators": 25.90530971667652, "random_state": 8.70103910967062}, "datetime": {"datetime": "2021-09-30 08:35:57", "elapsed": 79.810796, "delta": 0.607135}}
{"target": -38.77530655061599, "params": {"max_depth": 21.825435929939673, "n_estimators": 37.016594097714936, "random_state": 6.793062945685195}, "datetime": {"datetime": "2021-09-30 08:35:58", "elapsed": 80.922275, "delta": 1.111479}}
{"target": -38.77530655061599, "params": {"max_depth": 22.22595945126671, "n_estimators": 37.837232737002005, "random_state": 6.408338603761895}, "datetime": {"datetime": "2021-09-30 08:36:00", "elapsed": 82.638289, "delta": 1.716014}}
{"target": -39.058719926267415, "params": {"max_depth": 23.475621885690813, "n_estimators": 37.67234208566458, "random_state": 5.700659088626882}, "datetime": {"datetime": "2021-09-30 08:36:01", "elapsed": 83.829308, "delta": 1.191019}}
{"target": -38.75763831133251, "params": {"max_depth": 13.92295554408631, "n_estimators": 45.45967618852639, "random_state": 6.969391278045835}, "datetime": {"datetime": "2021-09-30 08:36:03", "elapsed": 85.326691, "delta": 1.497383}}
{"target": -38.60160802979482, "params": {"max_depth": 23.07303258785513, "n_estimators": 38.75527996193592, "random_state": 6.182650104466156}, "datetime": {"datetime": "2021-09-30 08:36:04", "elapsed": 86.982228, "delta": 1.655537}}
{"target": -38.79121129957145, "params": {"max_depth": 22.557465034889752, "n_estimators": 38.59759131184412, "random_state": 5.3871538227122135}, "datetime": {"datetime": "2021-09-30 08:36:06", "elapsed": 88.189826, "delta": 1.207598}}
{"target": -38.81040188047898, "params": {"max_depth": 14.612176389778833, "n_estimators": 45.54467526330137, "random_state": 6.228559046108986}, "datetime": {"datetime": "2021-09-30 08:36:07", "elapsed": 89.407556, "delta": 1.21773}}
{"target": -39.412033000759635, "params": {"max_depth": 7.3196832716662525, "n_estimators": 54.65766675371539, "random_state": 5.422080517505417}, "datetime": {"datetime": "2021-09-30 08:36:08", "elapsed": 90.714063, "delta": 1.306507}}
{"target": -38.75763831133251, "params": {"max_depth": 13.380748776640853, "n_estimators": 45.3796408504958, "random_state": 6.0391046428532995}, "datetime": {"datetime": "2021-09-30 08:36:10", "elapsed": 92.163582, "delta": 1.449519}}
{"target": -38.70720637770514, "params": {"max_depth": 23.086360499746018, "n_estimators": 39.66103963369975, "random_state": 5.615342548848463}, "datetime": {"datetime": "2021-09-30 08:36:11", "elapsed": 93.410702, "delta": 1.24712}}
{"target": -41.113109876798575, "params": {"max_depth": 7.712158112347258, "n_estimators": 26.5207515350759, "random_state": 7.9605431174817705}, "datetime": {"datetime": "2021-09-30 08:36:12", "elapsed": 94.430371, "delta": 1.019669}}
{"target": -38.59255283757991, "params": {"max_depth": 8.514209144128335, "n_estimators": 31.226608982755604, "random_state": 11.388822443475323}, "datetime": {"datetime": "2021-09-30 08:36:13", "elapsed": 95.503485, "delta": 1.073114}}
{"target": -39.859562941846455, "params": {"max_depth": 8.324232330255773, "n_estimators": 32.02585289979094, "random_state": 10.901892998147561}, "datetime": {"datetime": "2021-09-30 08:36:14", "elapsed": 96.646631, "delta": 1.143146}}
{"target": -39.87573416909985, "params": {"max_depth": 8.439617880012934, "n_estimators": 30.698206455605078, "random_state": 12.328947145809813}, "datetime": {"datetime": "2021-09-30 08:36:15", "elapsed": 97.877503, "delta": 1.230872}}
{"target": -39.534385371675214, "params": {"max_depth": 9.202205485987943, "n_estimators": 31.639681110002115, "random_state": 11.759457597478727}, "datetime": {"datetime": "2021-09-30 08:36:17", "elapsed": 99.180483, "delta": 1.30298}}
{"target": -40.255868787964836, "params": {"max_depth": 22.349396685838762, "n_estimators": 37.688118250983706, "random_state": 7.406719060614873}, "datetime": {"datetime": "2021-09-30 08:36:18", "elapsed": 100.458798, "delta": 1.278315}}
{"target": -38.918679159109956, "params": {"max_depth": 21.57778126372079, "n_estimators": 36.7751066014217, "random_state": 6.102044097613314}, "datetime": {"datetime": "2021-09-30 08:36:19", "elapsed": 101.925827, "delta": 1.467029}}
{"target": -38.74442344457692, "params": {"max_depth": 23.852045922859084, "n_estimators": 39.291616901853416, "random_state": 6.065317437030303}, "datetime": {"datetime": "2021-09-30 08:36:21", "elapsed": 103.502868, "delta": 1.577041}}
{"target": -38.60160802979482, "params": {"max_depth": 21.755298356497367, "n_estimators": 38.526558887526924, "random_state": 6.1420053840462066}, "datetime": {"datetime": "2021-09-30 08:36:22", "elapsed": 104.977462, "delta": 1.474594}}
{"target": -38.77530655061599, "params": {"max_depth": 20.990257930593256, "n_estimators": 37.82065140278417, "random_state": 6.0506197416070755}, "datetime": {"datetime": "2021-09-30 08:36:24", "elapsed": 106.208693, "delta": 1.231231}}
{"target": -38.7667051413339, "params": {"max_depth": 5.529016257651952, "n_estimators": 55.04845355465423, "random_state": 5.675969080776513}, "datetime": {"datetime": "2021-09-30 08:36:25", "elapsed": 107.769521, "delta": 1.560828}}
{"target": -39.058719926267415, "params": {"max_depth": 21.894919750085695, "n_estimators": 37.72754192978257, "random_state": 5.537465247824768}, "datetime": {"datetime": "2021-09-30 08:36:27", "elapsed": 109.284984, "delta": 1.515463}}
{"target": -38.74185447745608, "params": {"max_depth": 5.095519746760551, "n_estimators": 54.11718568046121, "random_state": 5.1906064459057}, "datetime": {"datetime": "2021-09-30 08:36:28", "elapsed": 110.796952, "delta": 1.511968}}
{"target": -39.35433054695002, "params": {"max_depth": 5.9527581963033045, "n_estimators": 54.52652078489662, "random_state": 4.395944209600145}, "datetime": {"datetime": "2021-09-30 08:36:29", "elapsed": 111.993787, "delta": 1.196835}}
{"target": -39.140389693699774, "params": {"max_depth": 5.361874600492308, "n_estimators": 53.799341567065106, "random_state": 6.20065550329118}, "datetime": {"datetime": "2021-09-30 08:36:31", "elapsed": 113.416375, "delta": 1.422588}}
{"target": -39.3310460209626, "params": {"max_depth": 4.318975414162983, "n_estimators": 29.418798891941336, "random_state": 5.005222651562906}, "datetime": {"datetime": "2021-09-30 08:36:32", "elapsed": 115.041415, "delta": 1.62504}}
{"target": -39.42889603855789, "params": {"max_depth": 7.185878204693512, "n_estimators": 56.71616307455225, "random_state": 8.895064432652145}, "datetime": {"datetime": "2021-09-30 08:36:34", "elapsed": 116.315711, "delta": 1.274296}}
{"target": -39.92341862996857, "params": {"max_depth": 9.41698523080577, "n_estimators": 25.067787552632915, "random_state": 8.638929743344175}, "datetime": {"datetime": "2021-09-30 08:36:35", "elapsed": 117.645565, "delta": 1.329854}}
{"target": -38.60160802979482, "params": {"max_depth": 24.717921641309317, "n_estimators": 38.13132955441068, "random_state": 6.119044132665327}, "datetime": {"datetime": "2021-09-30 08:36:37", "elapsed": 119.15589, "delta": 1.510325}}
{"target": -39.058719926267415, "params": {"max_depth": 25.000469934799472, "n_estimators": 37.525141737930014, "random_state": 5.582643615894787}, "datetime": {"datetime": "2021-09-30 08:36:38", "elapsed": 120.48599, "delta": 1.3301}}
{"target": -38.77530655061599, "params": {"max_depth": 25.366839581817754, "n_estimators": 37.82002643348018, "random_state": 6.740345032396029}, "datetime": {"datetime": "2021-09-30 08:36:39", "elapsed": 121.832873, "delta": 1.346883}}
{"target": -38.74442344457692, "params": {"max_depth": 22.21524913282916, "n_estimators": 39.542278103735484, "random_state": 6.276489275222644}, "datetime": {"datetime": "2021-09-30 08:36:41", "elapsed": 123.170773, "delta": 1.3379}}
{"target": -38.918679159109956, "params": {"max_depth": 20.648837125914035, "n_estimators": 36.87241972154351, "random_state": 6.931615213778167}, "datetime": {"datetime": "2021-09-30 08:36:42", "elapsed": 124.94535, "delta": 1.774577}}
{"target": -38.77530655061599, "params": {"max_depth": 24.49349587813689, "n_estimators": 37.18177940585034, "random_state": 6.719588670440218}, "datetime": {"datetime": "2021-09-30 08:36:44", "elapsed": 126.292868, "delta": 1.347518}}
{"target": -38.70720637770514, "params": {"max_depth": 24.96076418093486, "n_estimators": 39.0682080873396, "random_state": 5.418804241887523}, "datetime": {"datetime": "2021-09-30 08:36:45", "elapsed": 127.659338, "delta": 1.36647}}
{"target": -38.74442344457692, "params": {"max_depth": 25.0341304710929, "n_estimators": 39.455245456467054, "random_state": 6.637142665090853}, "datetime": {"datetime": "2021-09-30 08:36:46", "elapsed": 128.910723, "delta": 1.251385}}
{"target": -38.74442344457692, "params": {"max_depth": 26.317932308440167, "n_estimators": 39.08141828092958, "random_state": 6.387211812335086}, "datetime": {"datetime": "2021-09-30 08:36:48", "elapsed": 130.721359, "delta": 1.810636}}
{"target": -38.6722519998828, "params": {"max_depth": 25.933166101803565, "n_estimators": 38.42446060298647, "random_state": 5.700980850529194}, "datetime": {"datetime": "2021-09-30 08:36:50", "elapsed": 132.38021, "delta": 1.658851}}
{"target": -38.77403368330781, "params": {"max_depth": 26.299443317247047, "n_estimators": 39.602420660488555, "random_state": 11.35654939816964}, "datetime": {"datetime": "2021-09-30 08:36:51", "elapsed": 133.521598, "delta": 1.141388}}
{"target": -38.77403368330781, "params": {"max_depth": 27.88594766399904, "n_estimators": 39.62431601512334, "random_state": 11.281517704728723}, "datetime": {"datetime": "2021-09-30 08:36:52", "elapsed": 134.738632, "delta": 1.217034}}
{"target": -39.75927755483258, "params": {"max_depth": 27.21374870625992, "n_estimators": 40.39755528617849, "random_state": 10.730315306918595}, "datetime": {"datetime": "2021-09-30 08:36:53", "elapsed": 135.920448, "delta": 1.181816}}
{"target": -40.91921221384586, "params": {"max_depth": 27.247475876936342, "n_estimators": 38.78466961974433, "random_state": 12.327737917500928}, "datetime": {"datetime": "2021-09-30 08:36:55", "elapsed": 137.423081, "delta": 1.502633}}
{"target": -40.31185310585185, "params": {"max_depth": 24.37168341570193, "n_estimators": 38.50353946968421, "random_state": 7.0350864893591964}, "datetime": {"datetime": "2021-09-30 08:36:56", "elapsed": 138.776083, "delta": 1.353002}}
{"target": -38.70720637770514, "params": {"max_depth": 25.637643188790623, "n_estimators": 39.93681094795684, "random_state": 5.908049001110713}, "datetime": {"datetime": "2021-09-30 08:36:57", "elapsed": 139.934733, "delta": 1.15865}}
{"target": -38.70720637770514, "params": {"max_depth": 24.49962844658851, "n_estimators": 39.965274918125985, "random_state": 5.605802404826279}, "datetime": {"datetime": "2021-09-30 08:36:59", "elapsed": 141.440306, "delta": 1.505573}}
{"target": -38.77403368330781, "params": {"max_depth": 28.979721410830344, "n_estimators": 39.83585105559338, "random_state": 11.012301723743748}, "datetime": {"datetime": "2021-09-30 08:37:00", "elapsed": 142.976113, "delta": 1.535807}}
{"target": -39.80793287305123, "params": {"max_depth": 25.534490872058885, "n_estimators": 39.13156727740727, "random_state": 10.655083962417855}, "datetime": {"datetime": "2021-09-30 08:37:02", "elapsed": 144.561444, "delta": 1.585331}}
{"target": -38.89086507383686, "params": {"max_depth": 28.738916538637884, "n_estimators": 40.26136827009913, "random_state": 11.996267212667162}, "datetime": {"datetime": "2021-09-30 08:37:04", "elapsed": 146.101028, "delta": 1.539584}}
{"target": -38.89086507383686, "params": {"max_depth": 25.263317440867223, "n_estimators": 40.09861339685511, "random_state": 11.882017837838285}, "datetime": {"datetime": "2021-09-30 08:37:05", "elapsed": 147.398829, "delta": 1.297801}}
{"target": -38.78558901830054, "params": {"max_depth": 18.264993999709873, "n_estimators": 37.381848504380486, "random_state": 11.341680396578418}, "datetime": {"datetime": "2021-09-30 08:37:07", "elapsed": 149.275505, "delta": 1.876676}}
{"target": -39.727224622107684, "params": {"max_depth": 8.190533000701025, "n_estimators": 56.90252825717729, "random_state": 10.1174165755244}, "datetime": {"datetime": "2021-09-30 08:37:08", "elapsed": 150.823897, "delta": 1.548392}}
{"target": -39.65316550005096, "params": {"max_depth": 3.0102634503720616, "n_estimators": 30.43283478070545, "random_state": 3.893697152167202}, "datetime": {"datetime": "2021-09-30 08:37:10", "elapsed": 152.697489, "delta": 1.873592}}
{"target": -39.27396534222597, "params": {"max_depth": 24.146437184250964, "n_estimators": 35.99467958996774, "random_state": 6.415058108615673}, "datetime": {"datetime": "2021-09-30 08:37:11", "elapsed": 153.938872, "delta": 1.241383}}
{"target": -38.69248155737857, "params": {"max_depth": 7.414596396972846, "n_estimators": 31.606528911036648, "random_state": 11.991162864805414}, "datetime": {"datetime": "2021-09-30 08:37:13", "elapsed": 155.112667, "delta": 1.173795}}
{"target": -38.60160802979482, "params": {"max_depth": 20.598939131130287, "n_estimators": 38.919433009988964, "random_state": 6.660133503514973}, "datetime": {"datetime": "2021-09-30 08:37:14", "elapsed": 156.69245, "delta": 1.579783}}
{"target": -38.72595246875941, "params": {"max_depth": 20.871679458060147, "n_estimators": 39.48006636409893, "random_state": 5.627861768651026}, "datetime": {"datetime": "2021-09-30 08:37:15", "elapsed": 157.918037, "delta": 1.225587}}
{"target": -39.83254473227079, "params": {"max_depth": 7.578637579560434, "n_estimators": 30.56337385693842, "random_state": 10.963035439191303}, "datetime": {"datetime": "2021-09-30 08:37:17", "elapsed": 159.422869, "delta": 1.504832}}
{"target": -38.74442344457692, "params": {"max_depth": 19.597890509796947, "n_estimators": 39.72669627276298, "random_state": 6.0502447049463655}, "datetime": {"datetime": "2021-09-30 08:37:18", "elapsed": 160.93297, "delta": 1.510101}}
{"target": -38.7047828771279, "params": {"max_depth": 19.7187321418222, "n_estimators": 38.53623141064023, "random_state": 5.434478624668902}, "datetime": {"datetime": "2021-09-30 08:37:20", "elapsed": 162.526933, "delta": 1.593963}}
{"target": -38.60160802979482, "params": {"max_depth": 19.535659373602208, "n_estimators": 38.30460210193227, "random_state": 6.649400813076527}, "datetime": {"datetime": "2021-09-30 08:37:21", "elapsed": 164.060064, "delta": 1.533131}}
{"target": -38.722312439376005, "params": {"max_depth": 18.382483863423435, "n_estimators": 39.27112386782459, "random_state": 6.48539749571894}, "datetime": {"datetime": "2021-09-30 08:37:23", "elapsed": 165.603046, "delta": 1.542982}}
{"target": -38.61027513086835, "params": {"max_depth": 17.590193225405287, "n_estimators": 40.137341979239864, "random_state": 5.707084832484217}, "datetime": {"datetime": "2021-09-30 08:37:24", "elapsed": 166.873556, "delta": 1.27051}}
{"target": -39.89329988390974, "params": {"max_depth": 18.355160874917075, "n_estimators": 39.81776989226155, "random_state": 4.776289934227949}, "datetime": {"datetime": "2021-09-30 08:37:26", "elapsed": 168.221959, "delta": 1.348403}}
{"target": -38.69743051266937, "params": {"max_depth": 18.063799598968338, "n_estimators": 40.45216355859918, "random_state": 6.768177085847531}, "datetime": {"datetime": "2021-09-30 08:37:27", "elapsed": 169.693579, "delta": 1.47162}}
{"target": -38.57519590772228, "params": {"max_depth": 16.717155649758872, "n_estimators": 40.09297842464852, "random_state": 6.526321831574771}, "datetime": {"datetime": "2021-09-30 08:37:28", "elapsed": 170.919823, "delta": 1.226244}}
{"target": -38.64715979862818, "params": {"max_depth": 16.943601054892664, "n_estimators": 41.19270320621115, "random_state": 6.006965115581971}, "datetime": {"datetime": "2021-09-30 08:37:30", "elapsed": 172.528509, "delta": 1.608686}}
{"target": -38.59634586234708, "params": {"max_depth": 16.42967626893896, "n_estimators": 40.28944664246153, "random_state": 5.340902396214479}, "datetime": {"datetime": "2021-09-30 08:37:31", "elapsed": 173.908311, "delta": 1.379802}}
{"target": -38.48537075433195, "params": {"max_depth": 16.925335102083608, "n_estimators": 38.83086048016848, "random_state": 6.377880314488321}, "datetime": {"datetime": "2021-09-30 08:37:33", "elapsed": 175.428699, "delta": 1.520388}}
{"target": -38.587190458741965, "params": {"max_depth": 18.031383272388666, "n_estimators": 38.06934175916309, "random_state": 6.42026338490298}, "datetime": {"datetime": "2021-09-30 08:37:34", "elapsed": 176.699152, "delta": 1.270453}}
{"target": -39.058719926267415, "params": {"max_depth": 19.021543658825912, "n_estimators": 37.268890517747785, "random_state": 5.817154616142765}, "datetime": {"datetime": "2021-09-30 08:37:36", "elapsed": 178.253768, "delta": 1.554616}}
{"target": -38.89257866483053, "params": {"max_depth": 16.822955196249936, "n_estimators": 37.93990626919825, "random_state": 5.341321166659169}, "datetime": {"datetime": "2021-09-30 08:37:37", "elapsed": 179.661218, "delta": 1.40745}}
{"target": -38.72120900813443, "params": {"max_depth": 15.993084559174788, "n_estimators": 38.234983538600716, "random_state": 6.675387233468567}, "datetime": {"datetime": "2021-09-30 08:37:39", "elapsed": 181.136468, "delta": 1.47525}}
{"target": -38.78524543354701, "params": {"max_depth": 16.796814501685567, "n_estimators": 36.858248385914315, "random_state": 6.3033978863178515}, "datetime": {"datetime": "2021-09-30 08:37:40", "elapsed": 182.645845, "delta": 1.509377}}
