{"target": -46.75572502685284, "params": {"max_depth": 15.118533635775258, "n_estimators": 25.309589146422702}, "datetime": {"datetime": "2021-09-24 13:54:41", "elapsed": 58.420644, "delta": 0.620782}}
{"target": -45.83971291866028, "params": {"max_depth": 25.0, "n_estimators": 44.85869483361298}, "datetime": {"datetime": "2021-09-24 13:54:42", "elapsed": 59.317942, "delta": 0.897298}}
{"target": -47.84294068504595, "params": {"max_depth": 24.869043328805276, "n_estimators": 9.533220880335515}, "datetime": {"datetime": "2021-09-24 13:54:42", "elapsed": 60.015047, "delta": 0.697105}}
{"target": -47.732522054737466, "params": {"max_depth": 8.461600966767156, "n_estimators": 14.728484016322414}, "datetime": {"datetime": "2021-09-24 13:54:43", "elapsed": 60.578032, "delta": 0.562985}}
{"target": -45.45400265369306, "params": {"max_depth": 22.549733931359363, "n_estimators": 34.454448154368}, "datetime": {"datetime": "2021-09-24 13:54:44", "elapsed": 61.494682, "delta": 0.91665}}
{"target": -47.755102040816325, "params": {"max_depth": 20.133986409323136, "n_estimators": 14.03506969226708}, "datetime": {"datetime": "2021-09-24 13:54:44", "elapsed": 62.069731, "delta": 0.575049}}
{"target": -45.508146416644344, "params": {"max_depth": 11.772307370950523, "n_estimators": 42.143641571302425}, "datetime": {"datetime": "2021-09-24 13:54:45", "elapsed": 62.885987, "delta": 0.816256}}
{"target": -45.5374865735768, "params": {"max_depth": 18.737622596752885, "n_estimators": 35.70046049158213}, "datetime": {"datetime": "2021-09-24 13:54:46", "elapsed": 63.463995, "delta": 0.578008}}
{"target": -47.713843432109684, "params": {"max_depth": 25.0, "n_estimators": 17.61435892079682}, "datetime": {"datetime": "2021-09-24 13:54:47", "elapsed": 64.213525, "delta": 0.74953}}
{"target": -47.68613905455231, "params": {"max_depth": 14.796919921246225, "n_estimators": 17.96436238162701}, "datetime": {"datetime": "2021-09-24 13:54:47", "elapsed": 64.762524, "delta": 0.548999}}
{"target": -45.70205889291284, "params": {"max_depth": 11.062387042177324, "n_estimators": 46.91602557107404}, "datetime": {"datetime": "2021-09-24 13:54:48", "elapsed": 65.562522, "delta": 0.799998}}
{"target": -46.15153003476433, "params": {"max_depth": 16.934620969505165, "n_estimators": 31.486033730784666}, "datetime": {"datetime": "2021-09-24 13:54:49", "elapsed": 66.288915, "delta": 0.726393}}
{"target": -46.2713069608257, "params": {"max_depth": 12.4598903815941, "n_estimators": 30.390703783154404}, "datetime": {"datetime": "2021-09-24 13:54:49", "elapsed": 66.892589, "delta": 0.603674}}
{"target": -46.525230067399335, "params": {"max_depth": 8.619982019559764, "n_estimators": 29.74572862531066}, "datetime": {"datetime": "2021-09-24 13:54:50", "elapsed": 67.703176, "delta": 0.810587}}
{"target": -47.68385543915967, "params": {"max_depth": 8.00618173007894, "n_estimators": 20.757278918691572}, "datetime": {"datetime": "2021-09-24 13:54:51", "elapsed": 68.3788, "delta": 0.675624}}
{"target": -45.827279612199554, "params": {"max_depth": 13.332062318751232, "n_estimators": 44.026735569049244}, "datetime": {"datetime": "2021-09-24 13:54:52", "elapsed": 69.224027, "delta": 0.845227}}
{"target": -47.73682770796003, "params": {"max_depth": 6.945723712907396, "n_estimators": 7.276601411738333}, "datetime": {"datetime": "2021-09-24 13:54:52", "elapsed": 69.717605, "delta": 0.493578}}
{"target": -45.86498160294353, "params": {"max_depth": 24.99676307920411, "n_estimators": 47.695317676893644}, "datetime": {"datetime": "2021-09-24 13:54:53", "elapsed": 70.658385, "delta": 0.94078}}
{"target": -45.95178544027708, "params": {"max_depth": 15.792224761403741, "n_estimators": 49.94348962937014}, "datetime": {"datetime": "2021-09-24 13:54:54", "elapsed": 71.525295, "delta": 0.86691}}
{"target": -44.831558301918896, "params": {"max_depth": 3.9642784438112524, "n_estimators": 13.153112000189477}, "datetime": {"datetime": "2021-09-24 13:54:54", "elapsed": 72.094682, "delta": 0.569387}}
{"target": -46.00461123393773, "params": {"max_depth": 5.095103113298809, "n_estimators": 14.779299490563803}, "datetime": {"datetime": "2021-09-24 13:54:55", "elapsed": 72.762504, "delta": 0.667822}}
{"target": -45.26408795470084, "params": {"max_depth": 3.8056642979527116, "n_estimators": 10.689649409901133}, "datetime": {"datetime": "2021-09-24 13:54:56", "elapsed": 73.516502, "delta": 0.753998}}
{"target": -48.64221016155921, "params": {"max_depth": 1.4431973745528248, "n_estimators": 12.316899548792728}, "datetime": {"datetime": "2021-09-24 13:54:57", "elapsed": 74.173734, "delta": 0.657232}}
{"target": -45.91787160208213, "params": {"max_depth": 23.45862027787822, "n_estimators": 39.45423080559183}, "datetime": {"datetime": "2021-09-24 13:54:57", "elapsed": 74.91473, "delta": 0.740996}}
{"target": -49.8796992481203, "params": {"max_depth": 16.757639362340626, "n_estimators": 6.589308732805754}, "datetime": {"datetime": "2021-09-24 13:54:58", "elapsed": 75.524733, "delta": 0.610003}}
{"target": -45.754707479126324, "params": {"max_depth": 9.299386256943032, "n_estimators": 40.665946064562824}, "datetime": {"datetime": "2021-09-24 13:54:59", "elapsed": 76.312435, "delta": 0.787702}}
{"target": -46.20171117448795, "params": {"max_depth": 25.0, "n_estimators": 29.76274734409412}, "datetime": {"datetime": "2021-09-24 13:55:00", "elapsed": 77.21014, "delta": 0.897705}}
{"target": -45.954631370091896, "params": {"max_depth": 16.31932849080395, "n_estimators": 44.555351317181675}, "datetime": {"datetime": "2021-09-24 13:55:00", "elapsed": 78.032151, "delta": 0.822011}}
{"target": -46.00543092509474, "params": {"max_depth": 4.054818588949832, "n_estimators": 8.194581358289149}, "datetime": {"datetime": "2021-09-24 13:55:01", "elapsed": 78.702694, "delta": 0.670543}}
{"target": -45.85259720471335, "params": {"max_depth": 13.890935020712867, "n_estimators": 39.07685032606013}, "datetime": {"datetime": "2021-09-24 13:55:02", "elapsed": 79.6952, "delta": 0.992506}}
{"target": -46.30165859134443, "params": {"max_depth": 8.193110348677363, "n_estimators": 47.24384019900849}, "datetime": {"datetime": "2021-09-24 13:55:03", "elapsed": 80.580867, "delta": 0.885667}}
{"target": -46.834041625803636, "params": {"max_depth": 17.808151457020966, "n_estimators": 23.62423276302232}, "datetime": {"datetime": "2021-09-24 13:55:04", "elapsed": 81.404034, "delta": 0.823167}}
{"target": -46.81347599768652, "params": {"max_depth": 22.060575652622468, "n_estimators": 26.47084826953645}, "datetime": {"datetime": "2021-09-24 13:55:05", "elapsed": 82.408569, "delta": 1.004535}}
{"target": -45.83971291866028, "params": {"max_depth": 21.157977771466893, "n_estimators": 44.31723950110619}, "datetime": {"datetime": "2021-09-24 13:55:06", "elapsed": 83.275567, "delta": 0.866998}}
{"target": -46.10792496592358, "params": {"max_depth": 16.609886539966556, "n_estimators": 38.98009070129615}, "datetime": {"datetime": "2021-09-24 13:55:07", "elapsed": 84.237776, "delta": 0.962209}}
{"target": -45.73192583032189, "params": {"max_depth": 10.95861920927868, "n_estimators": 49.97502814896698}, "datetime": {"datetime": "2021-09-24 13:55:08", "elapsed": 85.306488, "delta": 1.068712}}
{"target": -46.68483709273183, "params": {"max_depth": 24.57114575102219, "n_estimators": 24.01858820338483}, "datetime": {"datetime": "2021-09-24 13:55:09", "elapsed": 86.157492, "delta": 0.851004}}
{"target": -45.54094795813062, "params": {"max_depth": 17.01339417165433, "n_estimators": 34.04497462806352}, "datetime": {"datetime": "2021-09-24 13:55:09", "elapsed": 87.115677, "delta": 0.958185}}
{"target": -48.569281596224826, "params": {"max_depth": 1.1578420142300043, "n_estimators": 5.880226378742119}, "datetime": {"datetime": "2021-09-24 13:55:10", "elapsed": 87.950591, "delta": 0.834914}}
{"target": -46.88660382044736, "params": {"max_depth": 12.375898363647234, "n_estimators": 25.398867538934443}, "datetime": {"datetime": "2021-09-24 13:55:11", "elapsed": 88.844684, "delta": 0.894093}}
{"target": -45.45400265369306, "params": {"max_depth": 24.847407942133234, "n_estimators": 34.76356894248275}, "datetime": {"datetime": "2021-09-24 13:55:12", "elapsed": 89.743373, "delta": 0.898689}}
{"target": -46.20171117448795, "params": {"max_depth": 19.303653559788575, "n_estimators": 29.883434306113376}, "datetime": {"datetime": "2021-09-24 13:55:13", "elapsed": 90.674453, "delta": 0.93108}}
{"target": -45.86498160294353, "params": {"max_depth": 21.5083734720863, "n_estimators": 47.92150827128345}, "datetime": {"datetime": "2021-09-24 13:55:14", "elapsed": 91.621126, "delta": 0.946673}}
{"target": -47.485458626922636, "params": {"max_depth": 12.43584501971051, "n_estimators": 20.305308196544537}, "datetime": {"datetime": "2021-09-24 13:55:15", "elapsed": 92.627968, "delta": 1.006842}}
{"target": -44.847228577414384, "params": {"max_depth": 4.97284532764189, "n_estimators": 12.442127317859832}, "datetime": {"datetime": "2021-09-24 13:55:16", "elapsed": 93.453971, "delta": 0.826003}}
{"target": -46.964793971438525, "params": {"max_depth": 8.797397400628675, "n_estimators": 25.63984672716302}, "datetime": {"datetime": "2021-09-24 13:55:17", "elapsed": 94.374004, "delta": 0.920033}}
{"target": -47.2830860828362, "params": {"max_depth": 11.965917267254259, "n_estimators": 15.15916224908087}, "datetime": {"datetime": "2021-09-24 13:55:18", "elapsed": 95.179003, "delta": 0.804999}}
{"target": -46.00647940773921, "params": {"max_depth": 16.838101589069794, "n_estimators": 47.844194605781674}, "datetime": {"datetime": "2021-09-24 13:55:19", "elapsed": 96.372641, "delta": 1.193638}}
{"target": -45.76433461703038, "params": {"max_depth": 17.547770647373255, "n_estimators": 41.813330027677864}, "datetime": {"datetime": "2021-09-24 13:55:20", "elapsed": 97.351566, "delta": 0.978925}}
{"target": -47.275939849624066, "params": {"max_depth": 18.052538878498254, "n_estimators": 20.544954495778477}, "datetime": {"datetime": "2021-09-24 13:55:21", "elapsed": 98.204347, "delta": 0.852781}}
{"target": -45.817275747508305, "params": {"max_depth": 23.450817778297488, "n_estimators": 43.36687797678432}, "datetime": {"datetime": "2021-09-24 13:55:22", "elapsed": 99.364982, "delta": 1.160635}}
{"target": -46.01033834586466, "params": {"max_depth": 22.72019370513164, "n_estimators": 32.34774257884014}, "datetime": {"datetime": "2021-09-24 13:55:23", "elapsed": 100.515489, "delta": 1.150507}}
{"target": -45.55338345864662, "params": {"max_depth": 23.276254751558653, "n_estimators": 50.0}, "datetime": {"datetime": "2021-09-24 13:55:24", "elapsed": 101.605488, "delta": 1.089999}}
{"target": -47.275939849624066, "params": {"max_depth": 22.22164541548793, "n_estimators": 20.9530187143512}, "datetime": {"datetime": "2021-09-24 13:55:25", "elapsed": 102.620196, "delta": 1.014708}}
{"target": -45.45400265369306, "params": {"max_depth": 20.755240180228853, "n_estimators": 34.89991575049219}, "datetime": {"datetime": "2021-09-24 13:55:26", "elapsed": 103.4872, "delta": 0.867004}}
{"target": -45.78082130149278, "params": {"max_depth": 11.16797108531145, "n_estimators": 44.3178364946758}, "datetime": {"datetime": "2021-09-24 13:55:27", "elapsed": 104.568277, "delta": 1.081077}}
{"target": -44.34217557542647, "params": {"max_depth": 2.6618058886364206, "n_estimators": 48.55589315161106}, "datetime": {"datetime": "2021-09-24 13:55:28", "elapsed": 105.705273, "delta": 1.136996}}
{"target": -48.86534518113466, "params": {"max_depth": 22.0319816164537, "n_estimators": 11.1082248465634}, "datetime": {"datetime": "2021-09-24 13:55:29", "elapsed": 106.542275, "delta": 0.837002}}
{"target": -45.74289891395155, "params": {"max_depth": 23.181878373430493, "n_estimators": 36.383903551765925}, "datetime": {"datetime": "2021-09-24 13:55:30", "elapsed": 107.669276, "delta": 1.127001}}
{"target": -44.40375374330509, "params": {"max_depth": 2.929511127923665, "n_estimators": 45.165651071380395}, "datetime": {"datetime": "2021-09-24 13:55:31", "elapsed": 108.915567, "delta": 1.246291}}
{"target": -45.4752609970987, "params": {"max_depth": 7.503310969429704, "n_estimators": 32.041002969854205}, "datetime": {"datetime": "2021-09-24 13:55:32", "elapsed": 109.942558, "delta": 1.026991}}
{"target": -45.98603286283499, "params": {"max_depth": 12.496179626671925, "n_estimators": 48.36196079199269}, "datetime": {"datetime": "2021-09-24 13:55:33", "elapsed": 111.074374, "delta": 1.131816}}
{"target": -44.24334276499552, "params": {"max_depth": 3.1026145096991744, "n_estimators": 43.8439681056539}, "datetime": {"datetime": "2021-09-24 13:55:34", "elapsed": 112.123134, "delta": 1.04876}}
{"target": -44.14889614221289, "params": {"max_depth": 3.8633839408691966, "n_estimators": 42.32620944981568}, "datetime": {"datetime": "2021-09-24 13:55:35", "elapsed": 113.086519, "delta": 0.963385}}
{"target": -45.91787160208213, "params": {"max_depth": 21.075071244834557, "n_estimators": 39.87145984340646}, "datetime": {"datetime": "2021-09-24 13:55:37", "elapsed": 114.261955, "delta": 1.175436}}
{"target": -44.49361566621735, "params": {"max_depth": 3.280019747570461, "n_estimators": 30.320211038664574}, "datetime": {"datetime": "2021-09-24 13:55:38", "elapsed": 115.434646, "delta": 1.172691}}
{"target": -45.81853281853282, "params": {"max_depth": 18.918412682402654, "n_estimators": 37.69280248595244}, "datetime": {"datetime": "2021-09-24 13:55:39", "elapsed": 116.467805, "delta": 1.033159}}
{"target": -46.59040889260188, "params": {"max_depth": 16.911010644017985, "n_estimators": 27.623513084362205}, "datetime": {"datetime": "2021-09-24 13:55:40", "elapsed": 117.716808, "delta": 1.249003}}
{"target": -47.76127819548872, "params": {"max_depth": 17.8251180877252, "n_estimators": 16.397483603367547}, "datetime": {"datetime": "2021-09-24 13:55:41", "elapsed": 118.620548, "delta": 0.90374}}
{"target": -44.413270639338194, "params": {"max_depth": 3.7987426588477025, "n_estimators": 24.92461900663009}, "datetime": {"datetime": "2021-09-24 13:55:42", "elapsed": 119.496206, "delta": 0.875658}}
{"target": -44.27752113010146, "params": {"max_depth": 3.170817726017092, "n_estimators": 36.021673512737834}, "datetime": {"datetime": "2021-09-24 13:55:43", "elapsed": 120.453089, "delta": 0.956883}}
{"target": -45.56751674147609, "params": {"max_depth": 7.589265363408045, "n_estimators": 39.538699750660925}, "datetime": {"datetime": "2021-09-24 13:55:44", "elapsed": 121.440087, "delta": 0.986998}}
{"target": -45.6154672395274, "params": {"max_depth": 19.532172442897384, "n_estimators": 49.3678052031196}, "datetime": {"datetime": "2021-09-24 13:55:45", "elapsed": 123.010457, "delta": 1.57037}}
{"target": -46.51772934208411, "params": {"max_depth": 14.546026797366974, "n_estimators": 31.44949295048236}, "datetime": {"datetime": "2021-09-24 13:55:46", "elapsed": 124.13556, "delta": 1.125103}}
{"target": -44.26422556781263, "params": {"max_depth": 3.663843413026002, "n_estimators": 19.598013385024405}, "datetime": {"datetime": "2021-09-24 13:55:48", "elapsed": 125.221837, "delta": 1.086277}}
{"target": -44.61020949768879, "params": {"max_depth": 3.641648310587192, "n_estimators": 17.785458927673375}, "datetime": {"datetime": "2021-09-24 13:55:49", "elapsed": 126.260469, "delta": 1.038632}}
{"target": -44.252568113855006, "params": {"max_depth": 3.5313890690697987, "n_estimators": 20.584910449784548}, "datetime": {"datetime": "2021-09-24 13:55:50", "elapsed": 127.410211, "delta": 1.149742}}
{"target": -46.09189910541035, "params": {"max_depth": 12.067942798559985, "n_estimators": 40.336850434829344}, "datetime": {"datetime": "2021-09-24 13:55:51", "elapsed": 128.518158, "delta": 1.107947}}
{"target": -45.73977626994315, "params": {"max_depth": 19.666507718833984, "n_estimators": 41.84013811822728}, "datetime": {"datetime": "2021-09-24 13:55:52", "elapsed": 129.65182, "delta": 1.133662}}
{"target": -46.52058655767833, "params": {"max_depth": 12.973305701188565, "n_estimators": 28.02512488118818}, "datetime": {"datetime": "2021-09-24 13:55:53", "elapsed": 130.722081, "delta": 1.070261}}
{"target": -44.48421986996711, "params": {"max_depth": 4.276511420405152, "n_estimators": 46.003016376928116}, "datetime": {"datetime": "2021-09-24 13:55:54", "elapsed": 131.843828, "delta": 1.121747}}
{"target": -44.48819510814761, "params": {"max_depth": 3.0452206014136083, "n_estimators": 29.043434505106482}, "datetime": {"datetime": "2021-09-24 13:55:55", "elapsed": 132.751044, "delta": 0.907216}}
{"target": -44.558919016817214, "params": {"max_depth": 4.445512011433942, "n_estimators": 44.57554592075557}, "datetime": {"datetime": "2021-09-24 13:55:56", "elapsed": 133.905972, "delta": 1.154928}}
{"target": -44.4084603579498, "params": {"max_depth": 3.9649315400937466, "n_estimators": 18.703699341493717}, "datetime": {"datetime": "2021-09-24 13:55:57", "elapsed": 134.876926, "delta": 0.970954}}
{"target": -44.44618315110684, "params": {"max_depth": 2.6926835705444954, "n_estimators": 50.0}, "datetime": {"datetime": "2021-09-24 13:55:59", "elapsed": 136.378583, "delta": 1.501657}}
{"target": -45.91787160208213, "params": {"max_depth": 24.9806183085213, "n_estimators": 39.169574898822404}, "datetime": {"datetime": "2021-09-24 13:56:00", "elapsed": 137.568818, "delta": 1.190235}}
{"target": -44.59004405787518, "params": {"max_depth": 3.7032092034414203, "n_estimators": 16.049480289943155}, "datetime": {"datetime": "2021-09-24 13:56:01", "elapsed": 138.407145, "delta": 0.838327}}
{"target": -48.57368421052632, "params": {"max_depth": 16.2934452922329, "n_estimators": 10.839311813367896}, "datetime": {"datetime": "2021-09-24 13:56:02", "elapsed": 139.317451, "delta": 0.910306}}
{"target": -44.413270639338194, "params": {"max_depth": 3.6959247101127994, "n_estimators": 24.023112541960284}, "datetime": {"datetime": "2021-09-24 13:56:03", "elapsed": 140.421927, "delta": 1.104476}}
{"target": -44.42733621989146, "params": {"max_depth": 3.4173303623608584, "n_estimators": 32.597783229292645}, "datetime": {"datetime": "2021-09-24 13:56:04", "elapsed": 141.6788, "delta": 1.256873}}
{"target": -44.4146201428624, "params": {"max_depth": 3.541199247430473, "n_estimators": 14.71184972315437}, "datetime": {"datetime": "2021-09-24 13:56:05", "elapsed": 142.934404, "delta": 1.255604}}
{"target": -47.76127819548872, "params": {"max_depth": 22.17106202647053, "n_estimators": 16.492208264755554}, "datetime": {"datetime": "2021-09-24 13:56:06", "elapsed": 144.026768, "delta": 1.092364}}
{"target": -45.45724369674165, "params": {"max_depth": 9.756936157785116, "n_estimators": 42.28515197804906}, "datetime": {"datetime": "2021-09-24 13:56:08", "elapsed": 145.172212, "delta": 1.145444}}
{"target": -45.69271190145689, "params": {"max_depth": 8.007890601255562, "n_estimators": 35.717736291950764}, "datetime": {"datetime": "2021-09-24 13:56:09", "elapsed": 146.317988, "delta": 1.145776}}
{"target": -44.26163794009688, "params": {"max_depth": 3.1465977638057483, "n_estimators": 35.018072819365024}, "datetime": {"datetime": "2021-09-24 13:56:10", "elapsed": 147.46669, "delta": 1.148702}}
{"target": -45.27968447246919, "params": {"max_depth": 4.955215779859091, "n_estimators": 10.192104946346976}, "datetime": {"datetime": "2021-09-24 13:56:11", "elapsed": 148.806261, "delta": 1.339571}}
{"target": -46.090240189953484, "params": {"max_depth": 12.095610328183657, "n_estimators": 32.6865767544871}, "datetime": {"datetime": "2021-09-24 13:56:12", "elapsed": 149.833269, "delta": 1.027008}}
{"target": -44.50736391936177, "params": {"max_depth": 4.1861860632186945, "n_estimators": 47.44496635233172}, "datetime": {"datetime": "2021-09-24 13:56:13", "elapsed": 151.057156, "delta": 1.223887}}
{"target": -44.110890380024536, "params": {"max_depth": 3.8648930396507826, "n_estimators": 49.41599530521525}, "datetime": {"datetime": "2021-09-24 13:56:15", "elapsed": 152.472781, "delta": 1.415625}}
{"target": -45.303066569851495, "params": {"max_depth": 4.5074927515454455, "n_estimators": 11.704852285482717}, "datetime": {"datetime": "2021-09-24 13:56:16", "elapsed": 153.614352, "delta": 1.141571}}
{"target": -48.541471587292534, "params": {"max_depth": 5.380969558905761, "n_estimators": 2.8786504069661842}, "datetime": {"datetime": "2021-09-24 13:56:17", "elapsed": 154.834863, "delta": 1.220511}}
{"target": -44.98909280412943, "params": {"max_depth": 5.51770600762781, "n_estimators": 49.620007889365816}, "datetime": {"datetime": "2021-09-24 13:56:18", "elapsed": 156.013862, "delta": 1.178999}}
{"target": -45.12711867262777, "params": {"max_depth": 5.2678808678747115, "n_estimators": 29.318419591908324}, "datetime": {"datetime": "2021-09-24 13:56:20", "elapsed": 157.382202, "delta": 1.36834}}
{"target": -44.14889614221289, "params": {"max_depth": 3.494662730410459, "n_estimators": 42.8594977327504}, "datetime": {"datetime": "2021-09-24 13:56:21", "elapsed": 158.498605, "delta": 1.116403}}
{"target": -44.61909044482008, "params": {"max_depth": 4.497592491958727, "n_estimators": 39.25840443928771}, "datetime": {"datetime": "2021-09-24 13:56:22", "elapsed": 159.951068, "delta": 1.452463}}
{"target": -45.761222500696185, "params": {"max_depth": 17.843185937088677, "n_estimators": 45.77485018430769}, "datetime": {"datetime": "2021-09-24 13:56:24", "elapsed": 161.238941, "delta": 1.287873}}
{"target": -44.19691647198961, "params": {"max_depth": 3.5237205030474383, "n_estimators": 39.26389746175836}, "datetime": {"datetime": "2021-09-24 13:56:25", "elapsed": 162.717257, "delta": 1.478316}}
{"target": -44.245363032849035, "params": {"max_depth": 3.428837696721242, "n_estimators": 40.12878669169124}, "datetime": {"datetime": "2021-09-24 13:56:26", "elapsed": 163.705257, "delta": 0.988}}
{"target": -44.54766167259763, "params": {"max_depth": 4.764183089118566, "n_estimators": 43.11196578972425}, "datetime": {"datetime": "2021-09-24 13:56:27", "elapsed": 164.86503, "delta": 1.159773}}
