{"target": 0.42484801659220395, "params": {"max_depth": 6.0, "n_estimators": 366.6787392813549}, "datetime": {"datetime": "2021-09-24 11:24:00", "elapsed": 162.794334, "delta": 2.932081}}
{"target": 0.44218923079141925, "params": {"max_depth": 4.041001935276654, "n_estimators": 319.66290675771654}, "datetime": {"datetime": "2021-09-24 11:24:02", "elapsed": 164.900337, "delta": 2.106003}}
{"target": 0.44187522098325516, "params": {"max_depth": 4.557553271450711, "n_estimators": 318.4486492210638}, "datetime": {"datetime": "2021-09-24 11:24:04", "elapsed": 167.05434, "delta": 2.154003}}
{"target": 0.42462279119498336, "params": {"max_depth": 2.0, "n_estimators": 361.213009963337}, "datetime": {"datetime": "2021-09-24 11:24:07", "elapsed": 169.41989, "delta": 2.36555}}
{"target": 0.42611457404694897, "params": {"max_depth": 6.0, "n_estimators": 382.85835444665855}, "datetime": {"datetime": "2021-09-24 11:24:10", "elapsed": 172.594442, "delta": 3.174552}}
{"target": 0.4238430115691769, "params": {"max_depth": 6.0, "n_estimators": 348.8876553993213}, "datetime": {"datetime": "2021-09-24 11:24:13", "elapsed": 175.304487, "delta": 2.710045}}
{"target": 0.4447453912956155, "params": {"max_depth": 4.008811137114224, "n_estimators": 394.971096329689}, "datetime": {"datetime": "2021-09-24 11:24:15", "elapsed": 177.81529, "delta": 2.510803}}
{"target": 0.4444781187173017, "params": {"max_depth": 4.156413250032079, "n_estimators": 399.96675674186713}, "datetime": {"datetime": "2021-09-24 11:24:18", "elapsed": 180.342695, "delta": 2.527405}}
{"target": 0.44410201104463276, "params": {"max_depth": 4.163223327247541, "n_estimators": 389.5601090677102}, "datetime": {"datetime": "2021-09-24 11:24:20", "elapsed": 182.474265, "delta": 2.13157}}
{"target": 0.4442217214392332, "params": {"max_depth": 4.537124579874115, "n_estimators": 391.50619396340994}, "datetime": {"datetime": "2021-09-24 11:24:22", "elapsed": 184.905268, "delta": 2.431003}}
{"target": 0.4246627602476253, "params": {"max_depth": 2.0, "n_estimators": 327.1396450213209}, "datetime": {"datetime": "2021-09-24 11:24:24", "elapsed": 186.863125, "delta": 1.957857}}
{"target": 0.4443661939379582, "params": {"max_depth": 4.624051101206115, "n_estimators": 390.8198030309306}, "datetime": {"datetime": "2021-09-24 11:24:27", "elapsed": 189.318753, "delta": 2.455628}}
{"target": 0.42486113556681737, "params": {"max_depth": 6.0, "n_estimators": 330.4816061012485}, "datetime": {"datetime": "2021-09-24 11:24:29", "elapsed": 192.033358, "delta": 2.714605}}
{"target": 0.4338840338781984, "params": {"max_depth": 5.899446583755794, "n_estimators": 334.34977692121464}, "datetime": {"datetime": "2021-09-24 11:24:32", "elapsed": 194.56675, "delta": 2.533392}}
{"target": 0.4415046404110752, "params": {"max_depth": 4.56497430858125, "n_estimators": 306.11734665732166}, "datetime": {"datetime": "2021-09-24 11:24:34", "elapsed": 196.568124, "delta": 2.001374}}
{"target": 0.4416210674308685, "params": {"max_depth": 4.305389037938355, "n_estimators": 304.85068171660845}, "datetime": {"datetime": "2021-09-24 11:24:36", "elapsed": 198.685014, "delta": 2.11689}}
{"target": 0.44176737539697764, "params": {"max_depth": 4.136423453367025, "n_estimators": 303.09932179301256}, "datetime": {"datetime": "2021-09-24 11:24:38", "elapsed": 200.257593, "delta": 1.572579}}
{"target": 0.4415829358546308, "params": {"max_depth": 4.18038321038199, "n_estimators": 301.8037560422096}, "datetime": {"datetime": "2021-09-24 11:24:39", "elapsed": 201.700686, "delta": 1.443093}}
{"target": 0.44007968263139263, "params": {"max_depth": 3.159907308168586, "n_estimators": 302.4890439328439}, "datetime": {"datetime": "2021-09-24 11:24:41", "elapsed": 203.153927, "delta": 1.453241}}
{"target": 0.4399748827054516, "params": {"max_depth": 3.460111508618696, "n_estimators": 306.6924668407345}, "datetime": {"datetime": "2021-09-24 11:24:42", "elapsed": 204.870776, "delta": 1.716849}}
{"target": 0.4417712785671024, "params": {"max_depth": 4.203995510200371, "n_estimators": 316.6126731915551}, "datetime": {"datetime": "2021-09-24 11:24:44", "elapsed": 206.526284, "delta": 1.655508}}
{"target": 0.4397961784167381, "params": {"max_depth": 3.755045861301542, "n_estimators": 315.41449860126744}, "datetime": {"datetime": "2021-09-24 11:24:46", "elapsed": 208.540886, "delta": 2.014602}}
{"target": 0.44160174375810113, "params": {"max_depth": 4.931369114956966, "n_estimators": 315.7906747335345}, "datetime": {"datetime": "2021-09-24 11:24:47", "elapsed": 210.037307, "delta": 1.496421}}
{"target": 0.44291598541058186, "params": {"max_depth": 4.401284254947651, "n_estimators": 371.94777006902456}, "datetime": {"datetime": "2021-09-24 11:24:49", "elapsed": 211.84241, "delta": 1.805103}}
{"target": 0.44437712373612903, "params": {"max_depth": 4.565431128778513, "n_estimators": 387.69997191090033}, "datetime": {"datetime": "2021-09-24 11:24:51", "elapsed": 213.653786, "delta": 1.811376}}
{"target": 0.441424083561753, "params": {"max_depth": 4.168274380995626, "n_estimators": 345.8757206516584}, "datetime": {"datetime": "2021-09-24 11:24:53", "elapsed": 215.343468, "delta": 1.689682}}
{"target": 0.4247262585509858, "params": {"max_depth": 2.8144002812992435, "n_estimators": 345.96220279327605}, "datetime": {"datetime": "2021-09-24 11:24:54", "elapsed": 216.765741, "delta": 1.422273}}
{"target": 0.4345748394916248, "params": {"max_depth": 5.053556037330539, "n_estimators": 345.38224210295147}, "datetime": {"datetime": "2021-09-24 11:24:56", "elapsed": 218.537305, "delta": 1.771564}}
{"target": 0.44147795688306846, "params": {"max_depth": 4.443877765573861, "n_estimators": 346.9208182914048}, "datetime": {"datetime": "2021-09-24 11:24:58", "elapsed": 220.304456, "delta": 1.767151}}
{"target": 0.44089781837501796, "params": {"max_depth": 4.405338192821268, "n_estimators": 341.0293837846356}, "datetime": {"datetime": "2021-09-24 11:24:59", "elapsed": 221.983412, "delta": 1.678956}}
{"target": 0.4337393960500946, "params": {"max_depth": 5.90159955290002, "n_estimators": 341.1663094899234}, "datetime": {"datetime": "2021-09-24 11:25:01", "elapsed": 223.874771, "delta": 1.891359}}
{"target": 0.43967725046266093, "params": {"max_depth": 3.142162248121962, "n_estimators": 341.35556048619645}, "datetime": {"datetime": "2021-09-24 11:25:03", "elapsed": 225.360208, "delta": 1.485437}}
{"target": 0.44040269725678194, "params": {"max_depth": 4.05460309715053, "n_estimators": 339.75335279922774}, "datetime": {"datetime": "2021-09-24 11:25:04", "elapsed": 227.062409, "delta": 1.702201}}
{"target": 0.44088523502961185, "params": {"max_depth": 4.394198449046433, "n_estimators": 338.02634925388213}, "datetime": {"datetime": "2021-09-24 11:25:06", "elapsed": 228.678238, "delta": 1.615829}}
{"target": 0.43890890972804175, "params": {"max_depth": 3.790293334590801, "n_estimators": 336.82256507405157}, "datetime": {"datetime": "2021-09-24 11:25:07", "elapsed": 230.105238, "delta": 1.427}}
{"target": 0.4419248992269831, "params": {"max_depth": 3.9083258679045594, "n_estimators": 369.3188455276834}, "datetime": {"datetime": "2021-09-24 11:25:09", "elapsed": 231.685023, "delta": 1.579785}}
{"target": 0.4420267589714181, "params": {"max_depth": 3.3413995163941457, "n_estimators": 367.6933523940214}, "datetime": {"datetime": "2021-09-24 11:25:11", "elapsed": 233.250934, "delta": 1.565911}}
{"target": 0.42439632677235906, "params": {"max_depth": 2.1263253181545534, "n_estimators": 367.34051108596276}, "datetime": {"datetime": "2021-09-24 11:25:12", "elapsed": 234.653815, "delta": 1.402881}}
{"target": 0.44319234349013426, "params": {"max_depth": 4.2187197116211985, "n_estimators": 367.958981073336}, "datetime": {"datetime": "2021-09-24 11:25:14", "elapsed": 236.420214, "delta": 1.766399}}
{"target": 0.4419477298331703, "params": {"max_depth": 3.9699570046001265, "n_estimators": 366.96648689973995}, "datetime": {"datetime": "2021-09-24 11:25:15", "elapsed": 238.036003, "delta": 1.615789}}
{"target": 0.424031391460687, "params": {"max_depth": 2.016743083826972, "n_estimators": 399.911101036006}, "datetime": {"datetime": "2021-09-24 11:25:17", "elapsed": 239.592986, "delta": 1.556983}}
{"target": 0.44214238760900626, "params": {"max_depth": 3.5548537805446894, "n_estimators": 399.5302331889545}, "datetime": {"datetime": "2021-09-24 11:25:19", "elapsed": 241.227395, "delta": 1.634409}}
{"target": 0.43556780316209665, "params": {"max_depth": 5.853092227450796, "n_estimators": 376.2280027279124}, "datetime": {"datetime": "2021-09-24 11:25:20", "elapsed": 243.109184, "delta": 1.881789}}
{"target": 0.44194085123279336, "params": {"max_depth": 3.5999159607904785, "n_estimators": 391.5439277310319}, "datetime": {"datetime": "2021-09-24 11:25:22", "elapsed": 244.760465, "delta": 1.651281}}
{"target": 0.44150874235344273, "params": {"max_depth": 4.345005821077193, "n_estimators": 307.42758196720496}, "datetime": {"datetime": "2021-09-24 11:25:24", "elapsed": 246.355015, "delta": 1.59455}}
{"target": 0.44289530561008905, "params": {"max_depth": 4.367928493902413, "n_estimators": 374.69439378462545}, "datetime": {"datetime": "2021-09-24 11:25:26", "elapsed": 248.147826, "delta": 1.792811}}
{"target": 0.4431495966387512, "params": {"max_depth": 4.404244394616606, "n_estimators": 375.9860666071329}, "datetime": {"datetime": "2021-09-24 11:25:27", "elapsed": 250.049729, "delta": 1.901903}}
{"target": 0.4433977125777966, "params": {"max_depth": 4.087470085587842, "n_estimators": 377.353077354822}, "datetime": {"datetime": "2021-09-24 11:25:29", "elapsed": 251.960849, "delta": 1.91112}}
{"target": 0.44244833538425854, "params": {"max_depth": 3.225660885302919, "n_estimators": 378.3359810456136}, "datetime": {"datetime": "2021-09-24 11:25:31", "elapsed": 253.801165, "delta": 1.840316}}
{"target": 0.4437138822838137, "params": {"max_depth": 4.005692081668815, "n_estimators": 379.05755559664175}, "datetime": {"datetime": "2021-09-24 11:25:33", "elapsed": 255.664946, "delta": 1.863781}}
{"target": 0.444004019663534, "params": {"max_depth": 4.3166614108249135, "n_estimators": 380.4356119024461}, "datetime": {"datetime": "2021-09-24 11:25:35", "elapsed": 257.520405, "delta": 1.855459}}
{"target": 0.4441079970923909, "params": {"max_depth": 4.195720343941597, "n_estimators": 381.55652048213375}, "datetime": {"datetime": "2021-09-24 11:25:37", "elapsed": 259.350993, "delta": 1.830588}}
{"target": 0.4441079970923909, "params": {"max_depth": 4.7869846082179155, "n_estimators": 381.07387707329553}, "datetime": {"datetime": "2021-09-24 11:25:39", "elapsed": 261.335263, "delta": 1.98427}}
{"target": 0.44378555662008845, "params": {"max_depth": 4.101038070653438, "n_estimators": 378.0654208157373}, "datetime": {"datetime": "2021-09-24 11:25:40", "elapsed": 263.108675, "delta": 1.773412}}
{"target": 0.44190259520756736, "params": {"max_depth": 3.851790306831731, "n_estimators": 373.5958139531094}, "datetime": {"datetime": "2021-09-24 11:25:42", "elapsed": 264.814169, "delta": 1.705494}}
{"target": 0.4418031226424175, "params": {"max_depth": 4.562287120153873, "n_estimators": 320.4008559438918}, "datetime": {"datetime": "2021-09-24 11:25:44", "elapsed": 266.516509, "delta": 1.70234}}
{"target": 0.44246446908756143, "params": {"max_depth": 3.703279110701892, "n_estimators": 382.5355832813355}, "datetime": {"datetime": "2021-09-24 11:25:46", "elapsed": 268.264849, "delta": 1.74834}}
{"target": 0.444004019663534, "params": {"max_depth": 4.971444567881591, "n_estimators": 380.0670582546767}, "datetime": {"datetime": "2021-09-24 11:25:48", "elapsed": 270.164642, "delta": 1.899793}}
{"target": 0.44130341536391904, "params": {"max_depth": 4.035867169094523, "n_estimators": 342.26237855451575}, "datetime": {"datetime": "2021-09-24 11:25:49", "elapsed": 271.923057, "delta": 1.758415}}
{"target": 0.4409886158032458, "params": {"max_depth": 4.704776319516779, "n_estimators": 355.7430594266442}, "datetime": {"datetime": "2021-09-24 11:25:51", "elapsed": 273.683467, "delta": 1.76041}}
{"target": 0.4442174683105825, "params": {"max_depth": 4.245198309194974, "n_estimators": 392.38248757592373}, "datetime": {"datetime": "2021-09-24 11:25:53", "elapsed": 275.623204, "delta": 1.939737}}
{"target": 0.4416973831043193, "params": {"max_depth": 4.593051283696915, "n_estimators": 325.195103345482}, "datetime": {"datetime": "2021-09-24 11:25:55", "elapsed": 277.3765, "delta": 1.753296}}
{"target": 0.4342472919797914, "params": {"max_depth": 5.932872492547787, "n_estimators": 325.39980844837936}, "datetime": {"datetime": "2021-09-24 11:25:56", "elapsed": 279.145399, "delta": 1.768899}}
{"target": 0.4412973824061577, "params": {"max_depth": 4.348120764334146, "n_estimators": 324.1089977353432}, "datetime": {"datetime": "2021-09-24 11:25:58", "elapsed": 280.852306, "delta": 1.706907}}
{"target": 0.43984117124155964, "params": {"max_depth": 3.6206439160715522, "n_estimators": 325.2394187475121}, "datetime": {"datetime": "2021-09-24 11:26:00", "elapsed": 282.406649, "delta": 1.554343}}
{"target": 0.4418801550183068, "params": {"max_depth": 4.481762461632996, "n_estimators": 300.0}, "datetime": {"datetime": "2021-09-24 11:26:01", "elapsed": 283.991649, "delta": 1.585}}
{"target": 0.4418801550183068, "params": {"max_depth": 4.701530271639859, "n_estimators": 300.8566419486621}, "datetime": {"datetime": "2021-09-24 11:26:03", "elapsed": 285.514055, "delta": 1.522406}}
{"target": 0.4439275747619714, "params": {"max_depth": 4.44493542591571, "n_estimators": 382.3210770102127}, "datetime": {"datetime": "2021-09-24 11:26:05", "elapsed": 287.570092, "delta": 2.056037}}
{"target": 0.4446613358239949, "params": {"max_depth": 4.175006134254763, "n_estimators": 395.60866558948896}, "datetime": {"datetime": "2021-09-24 11:26:07", "elapsed": 289.524274, "delta": 1.954182}}
{"target": 0.4431495966387512, "params": {"max_depth": 4.95969333894693, "n_estimators": 375.3840216460193}, "datetime": {"datetime": "2021-09-24 11:26:09", "elapsed": 291.430711, "delta": 1.906437}}
{"target": 0.443665669470783, "params": {"max_depth": 4.319928935620262, "n_estimators": 383.411675579238}, "datetime": {"datetime": "2021-09-24 11:26:11", "elapsed": 293.459467, "delta": 2.028756}}
{"target": 0.4446879630541579, "params": {"max_depth": 4.028873429465719, "n_estimators": 396.4140921447605}, "datetime": {"datetime": "2021-09-24 11:26:13", "elapsed": 295.435129, "delta": 1.975662}}
{"target": 0.4244248627398488, "params": {"max_depth": 2.0, "n_estimators": 336.68561940095395}, "datetime": {"datetime": "2021-09-24 11:26:14", "elapsed": 296.869643, "delta": 1.434514}}
{"target": 0.44382621848406356, "params": {"max_depth": 4.6206986318671985, "n_estimators": 384.31681626572487}, "datetime": {"datetime": "2021-09-24 11:26:16", "elapsed": 298.869792, "delta": 2.000149}}
{"target": 0.43577687936921994, "params": {"max_depth": 5.701825635377807, "n_estimators": 389.38842991442704}, "datetime": {"datetime": "2021-09-24 11:26:18", "elapsed": 300.964468, "delta": 2.094676}}
{"target": 0.44024124102100304, "params": {"max_depth": 3.5599233904460195, "n_estimators": 303.9042779283298}, "datetime": {"datetime": "2021-09-24 11:26:20", "elapsed": 302.555471, "delta": 1.591003}}
{"target": 0.44218923079141925, "params": {"max_depth": 4.834727240782896, "n_estimators": 319.23651225640464}, "datetime": {"datetime": "2021-09-24 11:26:22", "elapsed": 304.287516, "delta": 1.732045}}
{"target": 0.44345965086296424, "params": {"max_depth": 4.755326651896781, "n_estimators": 376.8093092186552}, "datetime": {"datetime": "2021-09-24 11:26:24", "elapsed": 306.218119, "delta": 1.930603}}
{"target": 0.42469914482873194, "params": {"max_depth": 2.0508177843707136, "n_estimators": 378.21432737710836}, "datetime": {"datetime": "2021-09-24 11:26:25", "elapsed": 307.818146, "delta": 1.600027}}
{"target": 0.43940402775605814, "params": {"max_depth": 3.8736389947923846, "n_estimators": 332.31143270292307}, "datetime": {"datetime": "2021-09-24 11:26:27", "elapsed": 309.536675, "delta": 1.718529}}
{"target": 0.4246692607518612, "params": {"max_depth": 2.1683533605030942, "n_estimators": 332.3178309739988}, "datetime": {"datetime": "2021-09-24 11:26:28", "elapsed": 311.011961, "delta": 1.475286}}
{"target": 0.4409058502279656, "params": {"max_depth": 4.606308989308272, "n_estimators": 333.22742288287833}, "datetime": {"datetime": "2021-09-24 11:26:30", "elapsed": 312.72958, "delta": 1.717619}}
{"target": 0.4407865785647279, "params": {"max_depth": 4.80819642179049, "n_estimators": 337.1635225690686}, "datetime": {"datetime": "2021-09-24 11:26:32", "elapsed": 314.558336, "delta": 1.828756}}
{"target": 0.4419943614482339, "params": {"max_depth": 3.6743514930166077, "n_estimators": 368.4203582683251}, "datetime": {"datetime": "2021-09-24 11:26:34", "elapsed": 316.284963, "delta": 1.726627}}
{"target": 0.4356057549795027, "params": {"max_depth": 5.086455600675629, "n_estimators": 392.21010151627183}, "datetime": {"datetime": "2021-09-24 11:26:36", "elapsed": 318.610964, "delta": 2.326001}}
{"target": 0.44047381047255074, "params": {"max_depth": 4.518955674515646, "n_estimators": 335.5665690598719}, "datetime": {"datetime": "2021-09-24 11:26:38", "elapsed": 320.540027, "delta": 1.929063}}
{"target": 0.4421469143418685, "params": {"max_depth": 3.7927227237373384, "n_estimators": 398.02934818642495}, "datetime": {"datetime": "2021-09-24 11:26:40", "elapsed": 322.393643, "delta": 1.853616}}
{"target": 0.44176737539697764, "params": {"max_depth": 4.743547360811573, "n_estimators": 303.985811647481}, "datetime": {"datetime": "2021-09-24 11:26:41", "elapsed": 324.137039, "delta": 1.743396}}
{"target": 0.4415674102573389, "params": {"max_depth": 4.155339203509435, "n_estimators": 326.32003446915655}, "datetime": {"datetime": "2021-09-24 11:26:43", "elapsed": 326.03406, "delta": 1.897021}}
{"target": 0.4398385614071194, "params": {"max_depth": 3.7481321150524067, "n_estimators": 322.84793110684484}, "datetime": {"datetime": "2021-09-24 11:26:45", "elapsed": 327.68606, "delta": 1.652}}
{"target": 0.4437138822838137, "params": {"max_depth": 4.474520006757459, "n_estimators": 379.75069128014684}, "datetime": {"datetime": "2021-09-24 11:26:47", "elapsed": 329.703061, "delta": 2.017001}}
{"target": 0.4447453912956155, "params": {"max_depth": 4.537600847213968, "n_estimators": 394.44174336723694}, "datetime": {"datetime": "2021-09-24 11:26:49", "elapsed": 331.782669, "delta": 2.079608}}
{"target": 0.4446879630541579, "params": {"max_depth": 4.483467773714155, "n_estimators": 396.89868584743067}, "datetime": {"datetime": "2021-09-24 11:26:51", "elapsed": 333.939662, "delta": 2.156993}}
{"target": 0.4443770962585648, "params": {"max_depth": 4.7115826874207265, "n_estimators": 398.7007531476524}, "datetime": {"datetime": "2021-09-24 11:26:53", "elapsed": 336.088701, "delta": 2.149039}}
{"target": 0.4442217214392332, "params": {"max_depth": 4.1295798513473745, "n_estimators": 391.7661823969665}, "datetime": {"datetime": "2021-09-24 11:26:55", "elapsed": 338.136688, "delta": 2.047987}}
{"target": 0.44432891501925176, "params": {"max_depth": 4.231217686712576, "n_estimators": 393.5232946140496}, "datetime": {"datetime": "2021-09-24 11:26:58", "elapsed": 340.156713, "delta": 2.020025}}
{"target": 0.440911669100567, "params": {"max_depth": 4.059088846010661, "n_estimators": 353.1612968386571}, "datetime": {"datetime": "2021-09-24 11:26:59", "elapsed": 342.064727, "delta": 1.908014}}
{"target": 0.4402510976433788, "params": {"max_depth": 3.382203047841337, "n_estimators": 350.9307583280047}, "datetime": {"datetime": "2021-09-24 11:27:01", "elapsed": 343.835767, "delta": 1.77104}}
{"target": 0.4240831312899891, "params": {"max_depth": 2.1605843425301665, "n_estimators": 350.79597912798704}, "datetime": {"datetime": "2021-09-24 11:27:03", "elapsed": 345.673731, "delta": 1.837964}}
{"target": 0.42401813039285285, "params": {"max_depth": 2.056182012494241, "n_estimators": 355.32586850672027}, "datetime": {"datetime": "2021-09-24 11:27:05", "elapsed": 347.310737, "delta": 1.637006}}
{"target": 0.4249148930498088, "params": {"max_depth": 2.0, "n_estimators": 315.4308568575511}, "datetime": {"datetime": "2021-09-24 11:27:06", "elapsed": 348.947737, "delta": 1.637}}
{"target": 0.4425728355384494, "params": {"max_depth": 4.098000375179592, "n_estimators": 372.74668316748796}, "datetime": {"datetime": "2021-09-24 11:27:08", "elapsed": 350.918731, "delta": 1.970994}}
{"target": 0.44133558764772474, "params": {"max_depth": 4.273153862060788, "n_estimators": 357.2517574448799}, "datetime": {"datetime": "2021-09-24 11:27:10", "elapsed": 352.940738, "delta": 2.022007}}
{"target": 0.4409462623045929, "params": {"max_depth": 3.961916986671043, "n_estimators": 358.7798792526741}, "datetime": {"datetime": "2021-09-24 11:27:12", "elapsed": 354.766027, "delta": 1.825289}}
{"target": 0.4410870213489957, "params": {"max_depth": 3.7808557973412493, "n_estimators": 360.0949205757494}, "datetime": {"datetime": "2021-09-24 11:27:14", "elapsed": 356.552537, "delta": 1.78651}}
{"target": 0.424840949658162, "params": {"max_depth": 2.966088649212125, "n_estimators": 359.38689911342374}, "datetime": {"datetime": "2021-09-24 11:27:16", "elapsed": 358.162544, "delta": 1.610007}}
{"target": 0.44201315670839336, "params": {"max_depth": 4.2789399841145315, "n_estimators": 361.2080761238769}, "datetime": {"datetime": "2021-09-24 11:27:18", "elapsed": 360.18884, "delta": 2.026296}}
{"target": 0.441718616932702, "params": {"max_depth": 4.5701307659053025, "n_estimators": 360.12871789183714}, "datetime": {"datetime": "2021-09-24 11:27:20", "elapsed": 362.227031, "delta": 2.038191}}
{"target": 0.4414008424903034, "params": {"max_depth": 4.698364779031145, "n_estimators": 358.3004371992544}, "datetime": {"datetime": "2021-09-24 11:27:22", "elapsed": 364.188654, "delta": 1.961623}}
