{"target": 0.4412825578427447, "params": {"max_depth": 3.799243788501031, "n_estimators": 362.68475624119907}, "datetime": {"datetime": "2021-09-24 11:27:23", "elapsed": 366.034314, "delta": 1.84566}}
{"target": 0.44265425723485796, "params": {"max_depth": 4.046055272992888, "n_estimators": 364.2487341735354}, "datetime": {"datetime": "2021-09-24 11:27:26", "elapsed": 368.239916, "delta": 2.205602}}
{"target": 0.4426245909770198, "params": {"max_depth": 4.167868114204603, "n_estimators": 365.3507925517736}, "datetime": {"datetime": "2021-09-24 11:27:28", "elapsed": 370.212233, "delta": 1.972317}}
{"target": 0.44265425723485796, "params": {"max_depth": 4.83213113914352, "n_estimators": 364.9867026058848}, "datetime": {"datetime": "2021-09-24 11:27:30", "elapsed": 372.279028, "delta": 2.066795}}
{"target": 0.4415561377928625, "params": {"max_depth": 3.139021574625128, "n_estimators": 363.29059663473237}, "datetime": {"datetime": "2021-09-24 11:27:31", "elapsed": 374.032586, "delta": 1.753558}}
{"target": 0.44229310810690947, "params": {"max_depth": 3.6745556902406253, "n_estimators": 386.66534110629027}, "datetime": {"datetime": "2021-09-24 11:27:33", "elapsed": 376.098609, "delta": 2.066023}}
{"target": 0.44415663364327485, "params": {"max_depth": 4.567071859107794, "n_estimators": 385.23792646283204}, "datetime": {"datetime": "2021-09-24 11:27:36", "elapsed": 378.325974, "delta": 2.227365}}
{"target": 0.44382621848406356, "params": {"max_depth": 4.897322192441487, "n_estimators": 384.9207847259287}, "datetime": {"datetime": "2021-09-24 11:27:38", "elapsed": 380.563434, "delta": 2.23746}}
{"target": 0.4412972554434813, "params": {"max_depth": 3.5193285727886647, "n_estimators": 361.78897256045144}, "datetime": {"datetime": "2021-09-24 11:27:40", "elapsed": 382.474459, "delta": 1.911025}}
{"target": 0.42485486727986566, "params": {"max_depth": 2.028784809700325, "n_estimators": 307.27213092014796}, "datetime": {"datetime": "2021-09-24 11:27:41", "elapsed": 384.066604, "delta": 1.592145}}
{"target": 0.44099659136616465, "params": {"max_depth": 4.699517296356439, "n_estimators": 332.12320270494814}, "datetime": {"datetime": "2021-09-24 11:27:43", "elapsed": 386.021793, "delta": 1.955189}}
{"target": 0.4409530928302794, "params": {"max_depth": 4.391868176199501, "n_estimators": 354.0001743814166}, "datetime": {"datetime": "2021-09-24 11:27:45", "elapsed": 388.090232, "delta": 2.068439}}
{"target": 0.44289530561008905, "params": {"max_depth": 4.606678660545865, "n_estimators": 374.0314244471166}, "datetime": {"datetime": "2021-09-24 11:27:48", "elapsed": 390.25843, "delta": 2.168198}}
{"target": 0.44147795688306846, "params": {"max_depth": 4.669981825445934, "n_estimators": 346.30123574726645}, "datetime": {"datetime": "2021-09-24 11:27:50", "elapsed": 392.285717, "delta": 2.027287}}
{"target": 0.4420343951288871, "params": {"max_depth": 4.41477136760883, "n_estimators": 359.307397308032}, "datetime": {"datetime": "2021-09-24 11:27:52", "elapsed": 394.336475, "delta": 2.050758}}
{"target": 0.4411486685171183, "params": {"max_depth": 4.048927492680949, "n_estimators": 350.2898642827846}, "datetime": {"datetime": "2021-09-24 11:27:54", "elapsed": 396.333605, "delta": 1.99713}}
{"target": 0.44244833538425854, "params": {"max_depth": 3.698727707468195, "n_estimators": 378.4834258818131}, "datetime": {"datetime": "2021-09-24 11:27:56", "elapsed": 398.185016, "delta": 1.851411}}
{"target": 0.44249359460793614, "params": {"max_depth": 3.6356033523618785, "n_estimators": 379.6687360885243}, "datetime": {"datetime": "2021-09-24 11:27:57", "elapsed": 400.119148, "delta": 1.934132}}
{"target": 0.4433977125777966, "params": {"max_depth": 4.696651422861873, "n_estimators": 377.648440178683}, "datetime": {"datetime": "2021-09-24 11:27:59", "elapsed": 402.010749, "delta": 1.891601}}
{"target": 0.44067829920354407, "params": {"max_depth": 4.0991047001560315, "n_estimators": 351.1929894546949}, "datetime": {"datetime": "2021-09-24 11:28:01", "elapsed": 403.966638, "delta": 1.955889}}
{"target": 0.4400397941863582, "params": {"max_depth": 3.790522955804843, "n_estimators": 305.68793755194656}, "datetime": {"datetime": "2021-09-24 11:28:03", "elapsed": 405.484773, "delta": 1.518135}}
{"target": 0.4443770962585648, "params": {"max_depth": 4.181608697726849, "n_estimators": 398.649245068199}, "datetime": {"datetime": "2021-09-24 11:28:05", "elapsed": 407.692999, "delta": 2.208226}}
{"target": 0.4442217214392332, "params": {"max_depth": 4.180881091821877, "n_estimators": 391.11230107684673}, "datetime": {"datetime": "2021-09-24 11:28:07", "elapsed": 409.681728, "delta": 1.988729}}
{"target": 0.44174700769239394, "params": {"max_depth": 4.650266427325052, "n_estimators": 317.40148720124574}, "datetime": {"datetime": "2021-09-24 11:28:09", "elapsed": 411.424923, "delta": 1.743195}}
{"target": 0.4399206354975338, "params": {"max_depth": 3.8903120068279495, "n_estimators": 317.8826487529492}, "datetime": {"datetime": "2021-09-24 11:28:10", "elapsed": 413.027734, "delta": 1.602811}}
{"target": 0.44054267363460864, "params": {"max_depth": 3.9905093178815543, "n_estimators": 300.87480030180205}, "datetime": {"datetime": "2021-09-24 11:28:12", "elapsed": 414.750245, "delta": 1.722511}}
{"target": 0.44382621848406356, "params": {"max_depth": 4.321837517540114, "n_estimators": 384.77559802205934}, "datetime": {"datetime": "2021-09-24 11:28:14", "elapsed": 416.738776, "delta": 1.988531}}
{"target": 0.44422937990213296, "params": {"max_depth": 4.095250320375415, "n_estimators": 388.6806801404026}, "datetime": {"datetime": "2021-09-24 11:28:16", "elapsed": 418.77042, "delta": 2.031644}}
{"target": 0.4418998416606498, "params": {"max_depth": 3.9950929948037883, "n_estimators": 392.8328292248786}, "datetime": {"datetime": "2021-09-24 11:28:18", "elapsed": 420.845712, "delta": 2.075292}}
{"target": 0.4416129225481594, "params": {"max_depth": 4.454385999599183, "n_estimators": 314.82746510932674}, "datetime": {"datetime": "2021-09-24 11:28:20", "elapsed": 422.567326, "delta": 1.721614}}
{"target": 0.4361023078589229, "params": {"max_depth": 5.002198112549559, "n_estimators": 380.600151916022}, "datetime": {"datetime": "2021-09-24 11:28:22", "elapsed": 424.838013, "delta": 2.270687}}
{"target": 0.4441079970923909, "params": {"max_depth": 4.9251152597662395, "n_estimators": 381.7230859828902}, "datetime": {"datetime": "2021-09-24 11:28:24", "elapsed": 426.782913, "delta": 1.9449}}
{"target": 0.42430936308607314, "params": {"max_depth": 2.0, "n_estimators": 391.31900434241686}, "datetime": {"datetime": "2021-09-24 11:28:26", "elapsed": 428.562949, "delta": 1.780036}}
{"target": 0.4357994532505238, "params": {"max_depth": 5.175755866505074, "n_estimators": 379.5861896052275}, "datetime": {"datetime": "2021-09-24 11:28:29", "elapsed": 431.217568, "delta": 2.654619}}
{"target": 0.4246312089495683, "params": {"max_depth": 2.0122479052469844, "n_estimators": 386.7574506585652}, "datetime": {"datetime": "2021-09-24 11:28:31", "elapsed": 433.374325, "delta": 2.156757}}
{"target": 0.44141298657030525, "params": {"max_depth": 4.110636642475355, "n_estimators": 311.7829446350043}, "datetime": {"datetime": "2021-09-24 11:28:33", "elapsed": 435.662692, "delta": 2.288367}}
{"target": 0.4416522926766627, "params": {"max_depth": 4.122687486454936, "n_estimators": 312.97223259345606}, "datetime": {"datetime": "2021-09-24 11:28:35", "elapsed": 437.70509, "delta": 2.042398}}
{"target": 0.4340716347296403, "params": {"max_depth": 5.066054165001818, "n_estimators": 312.0514967545329}, "datetime": {"datetime": "2021-09-24 11:28:37", "elapsed": 439.801103, "delta": 2.096013}}
{"target": 0.42445046391262853, "params": {"max_depth": 2.946678950920142, "n_estimators": 311.2707234880109}, "datetime": {"datetime": "2021-09-24 11:28:39", "elapsed": 441.648889, "delta": 1.847786}}
{"target": 0.4397107362170355, "params": {"max_depth": 3.8739779010209614, "n_estimators": 328.5602019509334}, "datetime": {"datetime": "2021-09-24 11:28:41", "elapsed": 443.848579, "delta": 2.19969}}
{"target": 0.4417054911112732, "params": {"max_depth": 4.026587880863552, "n_estimators": 330.09197835458525}, "datetime": {"datetime": "2021-09-24 11:28:44", "elapsed": 446.670167, "delta": 2.821588}}
{"target": 0.43959002888463894, "params": {"max_depth": 3.9871819284761596, "n_estimators": 331.17707797452175}, "datetime": {"datetime": "2021-09-24 11:28:46", "elapsed": 448.657935, "delta": 1.987768}}
{"target": 0.4399884574097619, "params": {"max_depth": 3.8311888553550064, "n_estimators": 314.06387665764106}, "datetime": {"datetime": "2021-09-24 11:28:48", "elapsed": 450.556367, "delta": 1.898432}}
{"target": 0.4249570465430361, "params": {"max_depth": 2.0, "n_estimators": 382.81678821548286}, "datetime": {"datetime": "2021-09-24 11:28:50", "elapsed": 452.329942, "delta": 1.773575}}
{"target": 0.42537225536529844, "params": {"max_depth": 2.00769559923969, "n_estimators": 302.5634627132261}, "datetime": {"datetime": "2021-09-24 11:28:51", "elapsed": 453.821282, "delta": 1.49134}}
{"target": 0.4344608762571428, "params": {"max_depth": 5.950418741707738, "n_estimators": 305.85895790211055}, "datetime": {"datetime": "2021-09-24 11:28:53", "elapsed": 455.804521, "delta": 1.983239}}
{"target": 0.43332080908404647, "params": {"max_depth": 5.902436790238406, "n_estimators": 337.9969923679521}, "datetime": {"datetime": "2021-09-24 11:28:55", "elapsed": 457.765069, "delta": 1.960548}}
{"target": 0.4245525931202304, "params": {"max_depth": 2.035437701624886, "n_estimators": 341.3040814403075}, "datetime": {"datetime": "2021-09-24 11:28:57", "elapsed": 459.452777, "delta": 1.687708}}
{"target": 0.4415612508889848, "params": {"max_depth": 4.626898633846631, "n_estimators": 329.37273539876935}, "datetime": {"datetime": "2021-09-24 11:28:59", "elapsed": 461.200635, "delta": 1.747858}}
{"target": 0.4334430904970803, "params": {"max_depth": 5.944226295856454, "n_estimators": 355.30573695893474}, "datetime": {"datetime": "2021-09-24 11:29:01", "elapsed": 463.346923, "delta": 2.146288}}
{"target": 0.44084343386728075, "params": {"max_depth": 4.554930777093887, "n_estimators": 334.4668028647224}, "datetime": {"datetime": "2021-09-24 11:29:03", "elapsed": 465.658412, "delta": 2.311489}}
{"target": 0.43587702223124813, "params": {"max_depth": 5.940442883351608, "n_estimators": 398.7662964753748}, "datetime": {"datetime": "2021-09-24 11:29:08", "elapsed": 470.5264, "delta": 4.867988}}
{"target": 0.4413591487571803, "params": {"max_depth": 4.085252784881851, "n_estimators": 327.38322110844564}, "datetime": {"datetime": "2021-09-24 11:29:10", "elapsed": 473.03023, "delta": 2.50383}}
{"target": 0.43945214847546044, "params": {"max_depth": 3.7833866358613903, "n_estimators": 340.58778919782355}, "datetime": {"datetime": "2021-09-24 11:29:12", "elapsed": 475.032071, "delta": 2.001841}}
{"target": 0.43442880459520505, "params": {"max_depth": 5.965273276028196, "n_estimators": 315.69710944959485}, "datetime": {"datetime": "2021-09-24 11:29:14", "elapsed": 477.045182, "delta": 2.013111}}
{"target": 0.4342672743105829, "params": {"max_depth": 5.9667602222348615, "n_estimators": 318.67343857964255}, "datetime": {"datetime": "2021-09-24 11:29:17", "elapsed": 479.477064, "delta": 2.431882}}
{"target": 0.44040269725678194, "params": {"max_depth": 4.739436324415955, "n_estimators": 339.15363116654527}, "datetime": {"datetime": "2021-09-24 11:29:19", "elapsed": 481.502316, "delta": 2.025252}}
{"target": 0.440185253400716, "params": {"max_depth": 3.950260637447185, "n_estimators": 344.05036065225204}, "datetime": {"datetime": "2021-09-24 11:29:21", "elapsed": 483.749109, "delta": 2.246793}}
{"target": 0.44132315022267654, "params": {"max_depth": 4.501968641630999, "n_estimators": 308.50510880544084}, "datetime": {"datetime": "2021-09-24 11:29:23", "elapsed": 485.831271, "delta": 2.082162}}
{"target": 0.44192798820060697, "params": {"max_depth": 3.716941906519392, "n_estimators": 370.1286533595804}, "datetime": {"datetime": "2021-09-24 11:29:25", "elapsed": 487.835253, "delta": 2.003982}}
{"target": 0.4395067499514035, "params": {"max_depth": 3.7466594709351964, "n_estimators": 338.8439776690108}, "datetime": {"datetime": "2021-09-24 11:29:27", "elapsed": 489.596451, "delta": 1.761198}}
{"target": 0.44040301896377454, "params": {"max_depth": 3.6873442914215206, "n_estimators": 343.1024374896884}, "datetime": {"datetime": "2021-09-24 11:29:29", "elapsed": 491.61212, "delta": 2.015669}}
{"target": 0.4398698926235778, "params": {"max_depth": 3.76827952105622, "n_estimators": 307.9123278597321}, "datetime": {"datetime": "2021-09-24 11:29:31", "elapsed": 494.038265, "delta": 2.426145}}
{"target": 0.4422637678770279, "params": {"max_depth": 3.943599165837734, "n_estimators": 385.83980211971425}, "datetime": {"datetime": "2021-09-24 11:29:34", "elapsed": 496.263876, "delta": 2.225611}}
{"target": 0.4426245909770198, "params": {"max_depth": 4.648469694711656, "n_estimators": 365.9852841004474}, "datetime": {"datetime": "2021-09-24 11:29:36", "elapsed": 498.787355, "delta": 2.523479}}
{"target": 0.442623345401265, "params": {"max_depth": 4.1523647995152215, "n_estimators": 363.51033618384656}, "datetime": {"datetime": "2021-09-24 11:29:39", "elapsed": 501.417633, "delta": 2.630278}}
{"target": 0.4345007991050195, "params": {"max_depth": 5.892397033432523, "n_estimators": 372.9370681763438}, "datetime": {"datetime": "2021-09-24 11:29:42", "elapsed": 504.295247, "delta": 2.877614}}
{"target": 0.4419477298331703, "params": {"max_depth": 3.776032460258672, "n_estimators": 366.1368569994063}, "datetime": {"datetime": "2021-09-24 11:29:44", "elapsed": 506.436026, "delta": 2.140779}}
{"target": 0.4441079970923909, "params": {"max_depth": 4.413787714848846, "n_estimators": 381.1861618757409}, "datetime": {"datetime": "2021-09-24 11:29:46", "elapsed": 508.774024, "delta": 2.337998}}
{"target": 0.44015136161218194, "params": {"max_depth": 3.706026467018226, "n_estimators": 318.8660254878669}, "datetime": {"datetime": "2021-09-24 11:29:49", "elapsed": 511.576155, "delta": 2.802131}}
{"target": 0.4348820380553504, "params": {"max_depth": 5.947389143887803, "n_estimators": 370.26045459736986}, "datetime": {"datetime": "2021-09-24 11:29:52", "elapsed": 514.396953, "delta": 2.820798}}
{"target": 0.43456812172320125, "params": {"max_depth": 5.033141591699422, "n_estimators": 302.97211942180206}, "datetime": {"datetime": "2021-09-24 11:29:54", "elapsed": 516.821286, "delta": 2.424333}}
{"target": 0.4424020831347327, "params": {"max_depth": 3.3444277785846936, "n_estimators": 377.57202954806917}, "datetime": {"datetime": "2021-09-24 11:29:56", "elapsed": 519.054005, "delta": 2.232719}}
{"target": 0.43613474509222694, "params": {"max_depth": 5.218521205618894, "n_estimators": 396.071253840989}, "datetime": {"datetime": "2021-09-24 11:29:59", "elapsed": 521.676603, "delta": 2.622598}}
{"target": 0.4417642088830003, "params": {"max_depth": 4.599918447146619, "n_estimators": 323.21349132938127}, "datetime": {"datetime": "2021-09-24 11:30:02", "elapsed": 524.403146, "delta": 2.726543}}
{"target": 0.4400579099950964, "params": {"max_depth": 3.714514931929726, "n_estimators": 329.42105677636965}, "datetime": {"datetime": "2021-09-24 11:30:04", "elapsed": 526.679355, "delta": 2.276209}}
{"target": 0.441501378435574, "params": {"max_depth": 4.476045183273668, "n_estimators": 343.21026502088745}, "datetime": {"datetime": "2021-09-24 11:30:06", "elapsed": 528.903914, "delta": 2.224559}}
{"target": 0.4410870213489957, "params": {"max_depth": 3.7915439238386233, "n_estimators": 360.8279487395945}, "datetime": {"datetime": "2021-09-24 11:30:09", "elapsed": 531.377407, "delta": 2.473493}}
{"target": 0.4244817165343061, "params": {"max_depth": 2.1318094731249007, "n_estimators": 362.89147398589705}, "datetime": {"datetime": "2021-09-24 11:30:11", "elapsed": 533.179378, "delta": 1.801971}}
{"target": 0.4415561377928625, "params": {"max_depth": 3.501170719990802, "n_estimators": 363.94740665016377}, "datetime": {"datetime": "2021-09-24 11:30:13", "elapsed": 535.610069, "delta": 2.430691}}
{"target": 0.44208661824044293, "params": {"max_depth": 3.876267042684601, "n_estimators": 383.68255700019455}, "datetime": {"datetime": "2021-09-24 11:30:15", "elapsed": 538.028909, "delta": 2.41884}}
{"target": 0.4398976435564751, "params": {"max_depth": 3.483636783902338, "n_estimators": 326.65602990655606}, "datetime": {"datetime": "2021-09-24 11:30:18", "elapsed": 540.496132, "delta": 2.467223}}
{"target": 0.4443661939379582, "params": {"max_depth": 4.297774096253879, "n_estimators": 390.23020821750214}, "datetime": {"datetime": "2021-09-24 11:30:21", "elapsed": 543.222919, "delta": 2.726787}}
{"target": 0.44130341536391904, "params": {"max_depth": 4.890864613583749, "n_estimators": 342.06646128476467}, "datetime": {"datetime": "2021-09-24 11:30:23", "elapsed": 545.302665, "delta": 2.079746}}
{"target": 0.4344608762571428, "params": {"max_depth": 5.0470125538355735, "n_estimators": 305.0906798161231}, "datetime": {"datetime": "2021-09-24 11:30:25", "elapsed": 547.523876, "delta": 2.221211}}
{"target": 0.4417712785671024, "params": {"max_depth": 4.93728179340189, "n_estimators": 316.5674296409581}, "datetime": {"datetime": "2021-09-24 11:30:27", "elapsed": 549.88394, "delta": 2.360064}}
{"target": 0.4416210674308685, "params": {"max_depth": 4.198051335452243, "n_estimators": 304.05897189620225}, "datetime": {"datetime": "2021-09-24 11:30:30", "elapsed": 552.363739, "delta": 2.479799}}
{"target": 0.43407263554887243, "params": {"max_depth": 5.283282177045672, "n_estimators": 361.43959511090367}, "datetime": {"datetime": "2021-09-24 11:30:33", "elapsed": 555.222757, "delta": 2.859018}}
{"target": 0.4415046404110752, "params": {"max_depth": 4.223802895357807, "n_estimators": 306.6607251124058}, "datetime": {"datetime": "2021-09-24 11:30:35", "elapsed": 558.087873, "delta": 2.865116}}
{"target": 0.44422937990213296, "params": {"max_depth": 4.3579940625873945, "n_estimators": 388.1641214045046}, "datetime": {"datetime": "2021-09-24 11:30:38", "elapsed": 560.709539, "delta": 2.621666}}
{"target": 0.4442925582814895, "params": {"max_depth": 4.220637106235373, "n_estimators": 386.67575661485296}, "datetime": {"datetime": "2021-09-24 11:30:41", "elapsed": 563.341514, "delta": 2.631975}}
{"target": 0.44291598541058186, "params": {"max_depth": 4.437696216441671, "n_estimators": 371.0623014102432}, "datetime": {"datetime": "2021-09-24 11:30:43", "elapsed": 565.808654, "delta": 2.46714}}
{"target": 0.4444781187173017, "params": {"max_depth": 4.652444556873096, "n_estimators": 399.32891344789834}, "datetime": {"datetime": "2021-09-24 11:30:46", "elapsed": 569.050401, "delta": 3.241747}}
{"target": 0.44458544138798795, "params": {"max_depth": 4.429270354088442, "n_estimators": 397.52149104357227}, "datetime": {"datetime": "2021-09-24 11:30:50", "elapsed": 572.197961, "delta": 3.14756}}
{"target": 0.4397176667231225, "params": {"max_depth": 3.791112057303086, "n_estimators": 312.4217741831242}, "datetime": {"datetime": "2021-09-24 11:30:52", "elapsed": 574.385797, "delta": 2.187836}}
{"target": 0.4411735645381287, "params": {"max_depth": 4.42265915326435, "n_estimators": 310.56801815485613}, "datetime": {"datetime": "2021-09-24 11:30:54", "elapsed": 576.717197, "delta": 2.3314}}
{"target": 0.4409924285911434, "params": {"max_depth": 4.215561309802141, "n_estimators": 309.555348266048}, "datetime": {"datetime": "2021-09-24 11:30:56", "elapsed": 579.070666, "delta": 2.353469}}
{"target": 0.4441079970923909, "params": {"max_depth": 4.67296902444361, "n_estimators": 381.4891994687516}, "datetime": {"datetime": "2021-09-24 11:30:59", "elapsed": 581.894831, "delta": 2.824165}}
{"target": 0.4426701178843905, "params": {"max_depth": 3.5174854230375137, "n_estimators": 381.61105675123974}, "datetime": {"datetime": "2021-09-24 11:31:02", "elapsed": 585.112184, "delta": 3.217353}}
{"target": 0.44267562392175464, "params": {"max_depth": 3.576007645888642, "n_estimators": 380.7317847889712}, "datetime": {"datetime": "2021-09-24 11:31:05", "elapsed": 587.916184, "delta": 2.804}}
{"target": 0.44214238760900626, "params": {"max_depth": 3.717418369956842, "n_estimators": 399.9987563130046}, "datetime": {"datetime": "2021-09-24 11:31:08", "elapsed": 590.63919, "delta": 2.723006}}
{"target": 0.4335297995413242, "params": {"max_depth": 5.965767193611673, "n_estimators": 352.3796556274919}, "datetime": {"datetime": "2021-09-24 11:31:11", "elapsed": 593.452233, "delta": 2.813043}}
{"target": 0.4424364326007909, "params": {"max_depth": 3.8379179277244595, "n_estimators": 376.5811512198323}, "datetime": {"datetime": "2021-09-24 11:31:14", "elapsed": 596.812793, "delta": 3.36056}}
{"target": 0.44007968263139263, "params": {"max_depth": 3.802525984615239, "n_estimators": 302.46547945448486}, "datetime": {"datetime": "2021-09-24 11:31:17", "elapsed": 599.349747, "delta": 2.536954}}
{"target": 0.4422128749186902, "params": {"max_depth": 3.668088018810296, "n_estimators": 544.0648986884316}, "datetime": {"datetime": "2021-09-24 11:39:58", "elapsed": 0.0, "delta": 0.0}}
{"target": 0.42501073757924146, "params": {"max_depth": 2.0004574992693795, "n_estimators": 460.466514526368}, "datetime": {"datetime": "2021-09-24 11:40:00", "elapsed": 1.478322, "delta": 1.478322}}
{"target": 0.4243653162604899, "params": {"max_depth": 2.587023563268452, "n_estimators": 418.4677189537596}, "datetime": {"datetime": "2021-09-24 11:40:01", "elapsed": 2.676281, "delta": 1.197959}}
{"target": 0.4246102263559929, "params": {"max_depth": 2.7450408455106836, "n_estimators": 469.11214540860954}, "datetime": {"datetime": "2021-09-24 11:40:03", "elapsed": 4.548818, "delta": 1.872537}}
{"target": 0.44077590733172134, "params": {"max_depth": 3.5870698969226797, "n_estimators": 507.7633468006714}, "datetime": {"datetime": "2021-09-24 11:40:05", "elapsed": 6.431334, "delta": 1.882516}}
