{"target": -46.53230013810036, "params": {"max_depth": 22.72191252318413, "n_estimators": 49.85454992061107}, "datetime": {"datetime": "2021-09-24 14:00:05", "elapsed": 381.036074, "delta": 2.508601}}
{"target": -47.08790581738616, "params": {"max_depth": 11.561583045493, "n_estimators": 22.596109397914926}, "datetime": {"datetime": "2021-09-24 14:00:08", "elapsed": 383.763645, "delta": 2.727571}}
{"target": -47.36340852130325, "params": {"max_depth": 24.951755063119524, "n_estimators": 27.271744535811155}, "datetime": {"datetime": "2021-09-24 14:00:11", "elapsed": 386.998477, "delta": 3.234832}}
{"target": -46.4669695846134, "params": {"max_depth": 10.161723932230428, "n_estimators": 31.18783541172002}, "datetime": {"datetime": "2021-09-24 14:00:14", "elapsed": 389.754749, "delta": 2.756272}}
{"target": -44.553660186308726, "params": {"max_depth": 3.154280332610754, "n_estimators": 36.46041125492671}, "datetime": {"datetime": "2021-09-24 14:00:16", "elapsed": 392.633964, "delta": 2.879215}}
{"target": -46.71647869674185, "params": {"max_depth": 21.448297479699455, "n_estimators": 48.619890675754455}, "datetime": {"datetime": "2021-09-24 14:00:20", "elapsed": 396.361285, "delta": 3.727321}}
{"target": -47.38105263157895, "params": {"max_depth": 18.056702669796422, "n_estimators": 25.887271045956037}, "datetime": {"datetime": "2021-09-24 14:00:23", "elapsed": 399.411224, "delta": 3.049939}}
{"target": -46.72593300539452, "params": {"max_depth": 14.354276797724802, "n_estimators": 34.43777276768332}, "datetime": {"datetime": "2021-09-24 14:00:26", "elapsed": 401.878865, "delta": 2.467641}}
{"target": -46.53555413630602, "params": {"max_depth": 15.087942575635886, "n_estimators": 37.028535591392384}, "datetime": {"datetime": "2021-09-24 14:00:29", "elapsed": 404.809251, "delta": 2.930386}}
{"target": -46.90848832607835, "params": {"max_depth": 18.230639378171933, "n_estimators": 38.05860421569642}, "datetime": {"datetime": "2021-09-24 14:00:33", "elapsed": 408.709861, "delta": 3.90061}}
{"target": -46.871921434130826, "params": {"max_depth": 13.646604553414491, "n_estimators": 46.141344742653395}, "datetime": {"datetime": "2021-09-24 14:00:36", "elapsed": 412.212961, "delta": 3.5031}}
{"target": -46.89241945582061, "params": {"max_depth": 16.303582229379604, "n_estimators": 34.28129134775736}, "datetime": {"datetime": "2021-09-24 14:00:40", "elapsed": 416.13758, "delta": 3.924619}}
{"target": -46.81024501582215, "params": {"max_depth": 7.688784301700482, "n_estimators": 45.77158788482092}, "datetime": {"datetime": "2021-09-24 14:00:44", "elapsed": 420.217191, "delta": 4.079611}}
{"target": -49.24455778909754, "params": {"max_depth": 7.671291938172169, "n_estimators": 9.777894324239707}, "datetime": {"datetime": "2021-09-24 14:00:47", "elapsed": 423.377758, "delta": 3.160567}}
{"target": -46.51413216623729, "params": {"max_depth": 9.42527787327422, "n_estimators": 33.84180806934459}, "datetime": {"datetime": "2021-09-24 14:00:50", "elapsed": 426.459115, "delta": 3.081357}}
{"target": -51.714590461383914, "params": {"max_depth": 10.740686389765706, "n_estimators": 3.95885111208563}, "datetime": {"datetime": "2021-09-24 14:00:53", "elapsed": 429.20059, "delta": 2.741475}}
{"target": -45.585369297691834, "params": {"max_depth": 4.662850972729857, "n_estimators": 9.244497400578538}, "datetime": {"datetime": "2021-09-24 14:00:55", "elapsed": 431.539824, "delta": 2.339234}}
{"target": -46.51472706255552, "params": {"max_depth": 12.198642600986988, "n_estimators": 37.5317239657828}, "datetime": {"datetime": "2021-09-24 14:00:58", "elapsed": 434.110517, "delta": 2.570693}}
{"target": -47.22997577033728, "params": {"max_depth": 8.429384400834728, "n_estimators": 30.683346045099466}, "datetime": {"datetime": "2021-09-24 14:01:01", "elapsed": 437.006732, "delta": 2.896215}}
{"target": -47.43018259935553, "params": {"max_depth": 19.836619275761542, "n_estimators": 28.54920112373168}, "datetime": {"datetime": "2021-09-24 14:01:04", "elapsed": 440.634811, "delta": 3.628079}}
{"target": -47.43018259935553, "params": {"max_depth": 23.09068331615061, "n_estimators": 28.40639522242424}, "datetime": {"datetime": "2021-09-24 14:01:08", "elapsed": 443.918066, "delta": 3.283255}}
{"target": -47.39969924812031, "params": {"max_depth": 21.388359707957093, "n_estimators": 25.194979666205402}, "datetime": {"datetime": "2021-09-24 14:01:11", "elapsed": 447.08064, "delta": 3.162574}}
{"target": -48.47055137844611, "params": {"max_depth": 19.974463819280647, "n_estimators": 12.828375489249417}, "datetime": {"datetime": "2021-09-24 14:01:15", "elapsed": 450.748004, "delta": 3.667364}}
{"target": -47.35739348370927, "params": {"max_depth": 20.64922294373008, "n_estimators": 30.89634729525942}, "datetime": {"datetime": "2021-09-24 14:01:18", "elapsed": 453.923281, "delta": 3.175277}}
{"target": -47.19142145890748, "params": {"max_depth": 7.207717002725046, "n_estimators": 28.48575985569897}, "datetime": {"datetime": "2021-09-24 14:01:21", "elapsed": 456.870092, "delta": 2.946811}}
{"target": -46.679019332508744, "params": {"max_depth": 6.2492153119361395, "n_estimators": 40.540910345207685}, "datetime": {"datetime": "2021-09-24 14:01:24", "elapsed": 460.451505, "delta": 3.581413}}
{"target": -47.07080200501253, "params": {"max_depth": 23.41015139387911, "n_estimators": 36.565940152914266}, "datetime": {"datetime": "2021-09-24 14:01:29", "elapsed": 465.22078, "delta": 4.769275}}
{"target": -47.653437164339415, "params": {"max_depth": 16.42501380676069, "n_estimators": 22.6633262626739}, "datetime": {"datetime": "2021-09-24 14:01:37", "elapsed": 472.771457, "delta": 7.550677}}
{"target": -44.495901484641315, "params": {"max_depth": 3.2977083130643208, "n_estimators": 38.01153816775003}, "datetime": {"datetime": "2021-09-24 14:01:41", "elapsed": 477.444224, "delta": 4.672767}}
{"target": -47.07080200501253, "params": {"max_depth": 20.980762841900308, "n_estimators": 36.33579485667726}, "datetime": {"datetime": "2021-09-24 14:01:46", "elapsed": 481.795921, "delta": 4.351697}}
{"target": -46.19292784192428, "params": {"max_depth": 10.250427207211253, "n_estimators": 37.799659766582536}, "datetime": {"datetime": "2021-09-24 14:01:49", "elapsed": 484.686677, "delta": 2.890756}}
{"target": -47.25503468046106, "params": {"max_depth": 16.227277314966273, "n_estimators": 41.68206054790324}, "datetime": {"datetime": "2021-09-24 14:01:52", "elapsed": 487.967932, "delta": 3.281255}}
{"target": -46.73142062722219, "params": {"max_depth": 11.74003703150241, "n_estimators": 42.54117590552259}, "datetime": {"datetime": "2021-09-24 14:01:56", "elapsed": 492.014321, "delta": 4.046389}}
{"target": -44.84376137442328, "params": {"max_depth": 4.33431712695058, "n_estimators": 48.97536458763502}, "datetime": {"datetime": "2021-09-24 14:02:00", "elapsed": 496.17891, "delta": 4.164589}}
{"target": -45.91524952591974, "params": {"max_depth": 9.988238321174721, "n_estimators": 49.95911308200536}, "datetime": {"datetime": "2021-09-24 14:02:05", "elapsed": 500.977349, "delta": 4.798439}}
{"target": -46.346950254453304, "params": {"max_depth": 10.428372196373656, "n_estimators": 32.727345417768205}, "datetime": {"datetime": "2021-09-24 14:02:07", "elapsed": 503.420131, "delta": 2.442782}}
{"target": -46.624477083384676, "params": {"max_depth": 11.6897722545151, "n_estimators": 34.95446517970873}, "datetime": {"datetime": "2021-09-24 14:02:10", "elapsed": 506.606181, "delta": 3.18605}}
{"target": -45.70131589163441, "params": {"max_depth": 5.524886190635439, "n_estimators": 44.06776699728883}, "datetime": {"datetime": "2021-09-24 14:02:16", "elapsed": 511.829931, "delta": 5.22375}}
{"target": -46.540998579097256, "params": {"max_depth": 9.80120145895923, "n_estimators": 44.05450142309693}, "datetime": {"datetime": "2021-09-24 14:02:19", "elapsed": 515.314472, "delta": 3.484541}}
{"target": -45.11667626623177, "params": {"max_depth": 5.405498641608626, "n_estimators": 49.50555093351773}, "datetime": {"datetime": "2021-09-24 14:02:22", "elapsed": 518.096876, "delta": 2.782404}}
{"target": -45.560288152985876, "params": {"max_depth": 5.13127527786468, "n_estimators": 35.41212990435698}, "datetime": {"datetime": "2021-09-24 14:02:25", "elapsed": 520.87019, "delta": 2.773314}}
{"target": -47.46340948350764, "params": {"max_depth": 6.927613413381843, "n_estimators": 21.158335578906346}, "datetime": {"datetime": "2021-09-24 14:02:27", "elapsed": 523.347359, "delta": 2.477169}}
{"target": -48.38429406850459, "params": {"max_depth": 19.906033998315213, "n_estimators": 18.51606207190947}, "datetime": {"datetime": "2021-09-24 14:02:31", "elapsed": 527.143716, "delta": 3.796357}}
{"target": -48.189232833609005, "params": {"max_depth": 1.8615179400862063, "n_estimators": 41.459931165930755}, "datetime": {"datetime": "2021-09-24 14:02:34", "elapsed": 529.955211, "delta": 2.811495}}
{"target": -48.13820306649972, "params": {"max_depth": 1.0294047209275723, "n_estimators": 44.67129352120192}, "datetime": {"datetime": "2021-09-24 14:02:37", "elapsed": 533.251237, "delta": 3.296026}}
{"target": -47.57131699534252, "params": {"max_depth": 11.872293865843663, "n_estimators": 14.64970263569329}, "datetime": {"datetime": "2021-09-24 14:02:40", "elapsed": 536.040725, "delta": 2.789488}}
{"target": -46.84018589381526, "params": {"max_depth": 13.834395792902459, "n_estimators": 25.796143806060787}, "datetime": {"datetime": "2021-09-24 14:02:43", "elapsed": 539.231648, "delta": 3.190923}}
{"target": -47.28869767387096, "params": {"max_depth": 6.390405456510391, "n_estimators": 26.720834160805847}, "datetime": {"datetime": "2021-09-24 14:02:46", "elapsed": 542.46306, "delta": 3.231412}}
{"target": -46.81502669717773, "params": {"max_depth": 19.6540275932162, "n_estimators": 46.70517652478299}, "datetime": {"datetime": "2021-09-24 14:02:49", "elapsed": 545.256378, "delta": 2.793318}}
{"target": -46.91060985797827, "params": {"max_depth": 21.72014666281261, "n_estimators": 45.46412410415632}, "datetime": {"datetime": "2021-09-24 14:02:52", "elapsed": 547.891906, "delta": 2.635528}}
{"target": -46.96735259200633, "params": {"max_depth": 25.0, "n_estimators": 38.6601388931347}, "datetime": {"datetime": "2021-09-24 14:02:55", "elapsed": 550.839669, "delta": 2.947763}}
{"target": -45.132234384454975, "params": {"max_depth": 4.465954187750533, "n_estimators": 12.197759355072737}, "datetime": {"datetime": "2021-09-24 14:02:57", "elapsed": 553.555653, "delta": 2.715984}}
{"target": -47.144138544566495, "params": {"max_depth": 10.172002545423378, "n_estimators": 19.686903726476753}, "datetime": {"datetime": "2021-09-24 14:03:01", "elapsed": 556.821179, "delta": 3.265526}}
{"target": -48.19601760068969, "params": {"max_depth": 1.9432412426778463, "n_estimators": 47.502828524114484}, "datetime": {"datetime": "2021-09-24 14:03:04", "elapsed": 559.788183, "delta": 2.967004}}
{"target": -44.72798173524294, "params": {"max_depth": 3.428998835183176, "n_estimators": 29.75138498074436}, "datetime": {"datetime": "2021-09-24 14:03:06", "elapsed": 562.21118, "delta": 2.422997}}
{"target": -47.353807906863935, "params": {"max_depth": 17.578728249866405, "n_estimators": 31.771057066087888}, "datetime": {"datetime": "2021-09-24 14:03:11", "elapsed": 566.716181, "delta": 4.505001}}
{"target": -44.42943875288393, "params": {"max_depth": 3.375538079400357, "n_estimators": 41.79619385934084}, "datetime": {"datetime": "2021-09-24 14:03:13", "elapsed": 568.86518, "delta": 2.148999}}
{"target": -46.95422379478107, "params": {"max_depth": 21.531073040199644, "n_estimators": 34.0075938153786}, "datetime": {"datetime": "2021-09-24 14:03:15", "elapsed": 571.270184, "delta": 2.405004}}
{"target": -47.25705384326932, "params": {"max_depth": 10.051863075698446, "n_estimators": 13.221120882059514}, "datetime": {"datetime": "2021-09-24 14:03:18", "elapsed": 573.677708, "delta": 2.407524}}
{"target": -48.79498746867168, "params": {"max_depth": 18.56191932414327, "n_estimators": 15.698258859900681}, "datetime": {"datetime": "2021-09-24 14:03:20", "elapsed": 576.410726, "delta": 2.733018}}
{"target": -46.91060985797827, "params": {"max_depth": 24.984655536729623, "n_estimators": 45.38094120308978}, "datetime": {"datetime": "2021-09-24 14:03:23", "elapsed": 579.2343, "delta": 2.823574}}
{"target": -46.47117666615519, "params": {"max_depth": 17.138255301312423, "n_estimators": 49.38757517444535}, "datetime": {"datetime": "2021-09-24 14:03:26", "elapsed": 582.031906, "delta": 2.797606}}
{"target": -44.94880002706087, "params": {"max_depth": 2.5158240886479053, "n_estimators": 4.37093323951623}, "datetime": {"datetime": "2021-09-24 14:03:28", "elapsed": 583.954724, "delta": 1.922818}}
{"target": -46.364032947484404, "params": {"max_depth": 9.858444244277432, "n_estimators": 35.19667135451639}, "datetime": {"datetime": "2021-09-24 14:03:30", "elapsed": 586.42628, "delta": 2.471556}}
{"target": -46.6094948465333, "params": {"max_depth": 10.975918050238972, "n_estimators": 25.90579086510045}, "datetime": {"datetime": "2021-09-24 14:03:33", "elapsed": 589.641382, "delta": 3.215102}}
{"target": -47.03159522556573, "params": {"max_depth": 14.49924313017842, "n_estimators": 39.418348490170175}, "datetime": {"datetime": "2021-09-24 14:03:36", "elapsed": 592.14938, "delta": 2.507998}}
{"target": -46.91757882977753, "params": {"max_depth": 13.264533936311764, "n_estimators": 32.16153317257635}, "datetime": {"datetime": "2021-09-24 14:03:39", "elapsed": 595.625839, "delta": 3.476459}}
{"target": -47.971715001790194, "params": {"max_depth": 22.814082733753146, "n_estimators": 21.902587746920418}, "datetime": {"datetime": "2021-09-24 14:03:41", "elapsed": 597.634791, "delta": 2.008952}}
{"target": -48.37296046238044, "params": {"max_depth": 16.363972575694785, "n_estimators": 14.272477139393434}, "datetime": {"datetime": "2021-09-24 14:03:44", "elapsed": 600.056203, "delta": 2.421412}}
{"target": -46.893483709273184, "params": {"max_depth": 25.0, "n_estimators": 42.03539065271471}, "datetime": {"datetime": "2021-09-24 14:03:47", "elapsed": 602.704093, "delta": 2.64789}}
{"target": -46.08672984853584, "params": {"max_depth": 5.3785900733170395, "n_estimators": 24.618918526912296}, "datetime": {"datetime": "2021-09-24 14:03:49", "elapsed": 605.569377, "delta": 2.865284}}
{"target": -44.35220691784264, "params": {"max_depth": 3.2792333604308492, "n_estimators": 21.923388745940997}, "datetime": {"datetime": "2021-09-24 14:03:52", "elapsed": 607.930013, "delta": 2.360636}}
{"target": -45.59939494808718, "params": {"max_depth": 5.052409532226436, "n_estimators": 45.65083226857946}, "datetime": {"datetime": "2021-09-24 14:03:54", "elapsed": 610.550512, "delta": 2.620499}}
{"target": -44.69358665519011, "params": {"max_depth": 3.4119386158619562, "n_estimators": 22.969190315208873}, "datetime": {"datetime": "2021-09-24 14:03:56", "elapsed": 612.586758, "delta": 2.036246}}
{"target": -46.08687176908891, "params": {"max_depth": 10.412936164937161, "n_estimators": 48.72670427571305}, "datetime": {"datetime": "2021-09-24 14:03:59", "elapsed": 615.207459, "delta": 2.620701}}
{"target": -47.37470832253047, "params": {"max_depth": 17.60785915926169, "n_estimators": 29.337545845437663}, "datetime": {"datetime": "2021-09-24 14:04:03", "elapsed": 618.710061, "delta": 3.502602}}
{"target": -45.739234555270336, "params": {"max_depth": 4.501068835826033, "n_estimators": 7.112197227536782}, "datetime": {"datetime": "2021-09-24 14:04:05", "elapsed": 621.136466, "delta": 2.426405}}
{"target": -49.40601503759398, "params": {"max_depth": 18.21834091213657, "n_estimators": 11.691129543112066}, "datetime": {"datetime": "2021-09-24 14:04:09", "elapsed": 624.699271, "delta": 3.562805}}
{"target": -45.6207405032507, "params": {"max_depth": 4.6786535069896935, "n_estimators": 28.271788960657762}, "datetime": {"datetime": "2021-09-24 14:04:10", "elapsed": 626.625045, "delta": 1.925774}}
{"target": -46.72856808747038, "params": {"max_depth": 7.3004770166419615, "n_estimators": 35.811759813836254}, "datetime": {"datetime": "2021-09-24 14:04:13", "elapsed": 628.917972, "delta": 2.292927}}
{"target": -46.38831689275148, "params": {"max_depth": 9.091160653876507, "n_estimators": 45.60522441747676}, "datetime": {"datetime": "2021-09-24 14:04:16", "elapsed": 631.958821, "delta": 3.040849}}
{"target": -46.47611227876687, "params": {"max_depth": 14.920508033112313, "n_estimators": 49.97705483980954}, "datetime": {"datetime": "2021-09-24 14:04:18", "elapsed": 634.579001, "delta": 2.62018}}
{"target": -44.34988243894183, "params": {"max_depth": 2.643483873349366, "n_estimators": 32.80638010791717}, "datetime": {"datetime": "2021-09-24 14:04:20", "elapsed": 636.361828, "delta": 1.782827}}
{"target": -46.850155692260955, "params": {"max_depth": 19.851272935594395, "n_estimators": 33.28586419680563}, "datetime": {"datetime": "2021-09-24 14:04:23", "elapsed": 639.370657, "delta": 3.008829}}
{"target": -47.71918927754168, "params": {"max_depth": 25.0, "n_estimators": 23.637255354518448}, "datetime": {"datetime": "2021-09-24 14:04:26", "elapsed": 641.959059, "delta": 2.588402}}
{"target": -46.89462943071966, "params": {"max_depth": 18.928797451229872, "n_estimators": 35.381469164189475}, "datetime": {"datetime": "2021-09-24 14:04:30", "elapsed": 646.494542, "delta": 4.535483}}
{"target": -46.93681420567188, "params": {"max_depth": 13.348492454654652, "n_estimators": 43.226264227460135}, "datetime": {"datetime": "2021-09-24 14:04:34", "elapsed": 649.70466, "delta": 3.210118}}
{"target": -47.474535709600644, "params": {"max_depth": 14.470034508150077, "n_estimators": 22.6946042296342}, "datetime": {"datetime": "2021-09-24 14:04:36", "elapsed": 652.18311, "delta": 2.47845}}
{"target": -45.41009072608025, "params": {"max_depth": 4.279845600091817, "n_estimators": 25.317409465665037}, "datetime": {"datetime": "2021-09-24 14:04:38", "elapsed": 654.117654, "delta": 1.934544}}
{"target": -44.68813169067963, "params": {"max_depth": 3.665474777517203, "n_estimators": 10.516716314066578}, "datetime": {"datetime": "2021-09-24 14:04:41", "elapsed": 657.011934, "delta": 2.89428}}
{"target": -47.67465504420392, "params": {"max_depth": 16.54088902975454, "n_estimators": 26.165133275496764}, "datetime": {"datetime": "2021-09-24 14:04:44", "elapsed": 659.753543, "delta": 2.741609}}
{"target": -47.04689583432212, "params": {"max_depth": 9.236828079166733, "n_estimators": 28.18304566794326}, "datetime": {"datetime": "2021-09-24 14:04:47", "elapsed": 662.769326, "delta": 3.015783}}
{"target": -49.05300180420754, "params": {"max_depth": 9.6656516274807, "n_estimators": 8.215000059589713}, "datetime": {"datetime": "2021-09-24 14:04:49", "elapsed": 664.787989, "delta": 2.018663}}
{"target": -44.24425154722661, "params": {"max_depth": 2.4457147212746646, "n_estimators": 15.770616642824574}, "datetime": {"datetime": "2021-09-24 14:04:51", "elapsed": 667.008691, "delta": 2.220702}}
{"target": -48.89022556390977, "params": {"max_depth": 22.883793076685027, "n_estimators": 15.428938748615462}, "datetime": {"datetime": "2021-09-24 14:04:53", "elapsed": 669.424735, "delta": 2.416044}}
{"target": -47.36340852130325, "params": {"max_depth": 21.556898611767554, "n_estimators": 27.62043565318361}, "datetime": {"datetime": "2021-09-24 14:04:55", "elapsed": 671.440849, "delta": 2.016114}}
{"target": -46.95934959349593, "params": {"max_depth": 19.10308560411545, "n_estimators": 41.67501540532464}, "datetime": {"datetime": "2021-09-24 14:04:59", "elapsed": 674.947914, "delta": 3.507065}}
{"target": -46.438916632190825, "params": {"max_depth": 10.016707202941312, "n_estimators": 39.27957169829719}, "datetime": {"datetime": "2021-09-24 14:05:02", "elapsed": 677.988454, "delta": 3.04054}}
{"target": -44.44855352774376, "params": {"max_depth": 3.390751472016353, "n_estimators": 19.5554592424191}, "datetime": {"datetime": "2021-09-24 14:05:05", "elapsed": 681.410508, "delta": 3.422054}}
{"target": -46.566723814060445, "params": {"max_depth": 13.285802890226432, "n_estimators": 48.698998646485066}, "datetime": {"datetime": "2021-09-24 14:05:08", "elapsed": 684.391152, "delta": 2.980644}}
{"target": -47.0202832663053, "params": {"max_depth": 21.05179589282612, "n_estimators": 43.663552881857356}, "datetime": {"datetime": "2021-09-24 14:05:13", "elapsed": 689.385084, "delta": 4.993932}}
{"target": -46.835323070006986, "params": {"max_depth": 12.74235995332482, "n_estimators": 30.51206734300484}, "datetime": {"datetime": "2021-09-24 14:05:17", "elapsed": 692.868231, "delta": 3.483147}}
{"target": -45.87466547227752, "params": {"max_depth": 12.410020087970032, "n_estimators": 49.9861429121352}, "datetime": {"datetime": "2021-09-24 14:05:21", "elapsed": 697.596013, "delta": 4.727782}}
{"target": -45.08995342129578, "params": {"max_depth": 4.740126522756377, "n_estimators": 39.0055929199957}, "datetime": {"datetime": "2021-09-24 14:05:24", "elapsed": 700.280217, "delta": 2.684204}}
{"target": -48.1451610361926, "params": {"max_depth": 1.602476303688083, "n_estimators": 49.99492833602816}, "datetime": {"datetime": "2021-09-24 14:05:27", "elapsed": 702.807591, "delta": 2.527374}}
{"target": -48.0799366838148, "params": {"max_depth": 25.0, "n_estimators": 19.836426920047312}, "datetime": {"datetime": "2021-09-24 14:05:29", "elapsed": 704.761738, "delta": 1.954147}}
{"target": -45.60002442580274, "params": {"max_depth": 5.385215043208335, "n_estimators": 42.6865223988062}, "datetime": {"datetime": "2021-09-24 14:05:32", "elapsed": 707.799863, "delta": 3.038125}}
{"target": -46.58728057578672, "params": {"max_depth": 11.723633923684549, "n_estimators": 47.10694156635372}, "datetime": {"datetime": "2021-09-24 14:05:34", "elapsed": 710.010725, "delta": 2.210862}}
{"target": -47.20931589837188, "params": {"max_depth": 14.097454352427453, "n_estimators": 27.6487382532514}, "datetime": {"datetime": "2021-09-24 14:05:36", "elapsed": 711.994403, "delta": 1.983678}}
