{"target": -39.90071477439807, "params": {"max_depth": 9.403629559730462, "n_estimators": 51.185933447872166, "random_state": 3.718587838614268}, "datetime": {"datetime": "2021-09-30 08:18:19", "elapsed": 139.690041, "delta": 1.031217}}
{"target": -39.20070043826935, "params": {"max_depth": 26.85416286841997, "n_estimators": 100.0, "random_state": 11.0}, "datetime": {"datetime": "2021-09-30 08:18:20", "elapsed": 140.865796, "delta": 1.175755}}
{"target": -39.9403149564799, "params": {"max_depth": 21.473148975420212, "n_estimators": 36.54015113413364, "random_state": 10.856349771618312}, "datetime": {"datetime": "2021-09-30 08:18:21", "elapsed": 141.772047, "delta": 0.906251}}
{"target": -40.23211991714038, "params": {"max_depth": 26.274023894045744, "n_estimators": 32.01972989808523, "random_state": 10.843183983347748}, "datetime": {"datetime": "2021-09-30 08:18:22", "elapsed": 142.609772, "delta": 0.837725}}
{"target": -39.5873852747507, "params": {"max_depth": 14.453224759928542, "n_estimators": 37.95632993869916, "random_state": 10.554366762882337}, "datetime": {"datetime": "2021-09-30 08:18:23", "elapsed": 143.577571, "delta": 0.967799}}
{"target": -40.53315340976321, "params": {"max_depth": 20.565678028158807, "n_estimators": 28.938508800874644, "random_state": 10.862992535882366}, "datetime": {"datetime": "2021-09-30 08:18:24", "elapsed": 144.446277, "delta": 0.868706}}
{"target": -38.649915970278066, "params": {"max_depth": 15.98235982858308, "n_estimators": 92.9310217547971, "random_state": 8.94226749049054}, "datetime": {"datetime": "2021-09-30 08:18:25", "elapsed": 145.571271, "delta": 1.124994}}
{"target": -40.603395716940916, "params": {"max_depth": 29.912238514631643, "n_estimators": 92.67605729272918, "random_state": 2.804646158973886}, "datetime": {"datetime": "2021-09-30 08:18:26", "elapsed": 146.856525, "delta": 1.285254}}
{"target": -40.752760413145914, "params": {"max_depth": 25.635766155169605, "n_estimators": 90.06371304538627, "random_state": 7.5610494613118036}, "datetime": {"datetime": "2021-09-30 08:18:28", "elapsed": 148.256549, "delta": 1.400024}}
{"target": -38.823656897808874, "params": {"max_depth": 30.0, "n_estimators": 36.13957620402297, "random_state": 11.0}, "datetime": {"datetime": "2021-09-30 08:18:28", "elapsed": 149.114994, "delta": 0.858445}}
{"target": -39.94269065374023, "params": {"max_depth": 19.515731589444073, "n_estimators": 89.43386750147728, "random_state": 5.70460586214688}, "datetime": {"datetime": "2021-09-30 08:18:30", "elapsed": 150.291702, "delta": 1.176708}}
{"target": -40.718448219983, "params": {"max_depth": 25.78636930276769, "n_estimators": 62.71560294495039, "random_state": 1.0}, "datetime": {"datetime": "2021-09-30 08:18:31", "elapsed": 151.509785, "delta": 1.218083}}
{"target": -41.45355726061567, "params": {"max_depth": 24.368638587128377, "n_estimators": 12.106785668255496, "random_state": 11.0}, "datetime": {"datetime": "2021-09-30 08:18:32", "elapsed": 152.472249, "delta": 0.962464}}
{"target": -39.4981497544554, "params": {"max_depth": 10.098972292225765, "n_estimators": 27.987611232785458, "random_state": 11.0}, "datetime": {"datetime": "2021-09-30 08:18:33", "elapsed": 153.25362, "delta": 0.781371}}
{"target": -40.67200997773584, "params": {"max_depth": 24.369061478913192, "n_estimators": 100.0, "random_state": 1.0}, "datetime": {"datetime": "2021-09-30 08:18:34", "elapsed": 154.481317, "delta": 1.227697}}
{"target": -40.61678203890465, "params": {"max_depth": 26.91632205119051, "n_estimators": 96.5904260485519, "random_state": 7.313143556112219}, "datetime": {"datetime": "2021-09-30 08:18:35", "elapsed": 155.81421, "delta": 1.332893}}
{"target": -41.31367104715728, "params": {"max_depth": 10.567597352559991, "n_estimators": 29.47642334652987, "random_state": 1.0}, "datetime": {"datetime": "2021-09-30 08:18:36", "elapsed": 156.917367, "delta": 1.103157}}
{"target": -41.10756521073233, "params": {"max_depth": 13.989725613342411, "n_estimators": 60.10460885299251, "random_state": 4.898724021462579}, "datetime": {"datetime": "2021-09-30 08:18:37", "elapsed": 158.068139, "delta": 1.150772}}
{"target": -40.293292435700465, "params": {"max_depth": 21.478559850357666, "n_estimators": 94.3842485059602, "random_state": 3.487191644381573}, "datetime": {"datetime": "2021-09-30 08:18:39", "elapsed": 159.238487, "delta": 1.170348}}
{"target": -40.610519489674125, "params": {"max_depth": 14.935772418005838, "n_estimators": 50.59268912519365, "random_state": 7.699184760924526}, "datetime": {"datetime": "2021-09-30 08:18:40", "elapsed": 160.337098, "delta": 1.098611}}
{"target": -40.62828844886858, "params": {"max_depth": 16.701380469962594, "n_estimators": 54.2066710089368, "random_state": 1.8728158601873504}, "datetime": {"datetime": "2021-09-30 08:18:41", "elapsed": 161.320749, "delta": 0.983651}}
{"target": -38.9098740568674, "params": {"max_depth": 26.833806169750815, "n_estimators": 58.44729442286313, "random_state": 11.0}, "datetime": {"datetime": "2021-09-30 08:18:42", "elapsed": 162.325594, "delta": 1.004845}}
{"target": -40.73090510181348, "params": {"max_depth": 30.0, "n_estimators": 64.51840244127716, "random_state": 7.088430878862426}, "datetime": {"datetime": "2021-09-30 08:18:43", "elapsed": 163.595038, "delta": 1.269444}}
{"target": -43.26500351919246, "params": {"max_depth": 30.0, "n_estimators": 10.44484779623429, "random_state": 1.0}, "datetime": {"datetime": "2021-09-30 08:18:44", "elapsed": 164.463784, "delta": 0.868746}}
{"target": -39.138537151851, "params": {"max_depth": 22.868966985061313, "n_estimators": 100.0, "random_state": 6.2236317237295635}, "datetime": {"datetime": "2021-09-30 08:18:45", "elapsed": 165.692703, "delta": 1.228919}}
{"target": -40.22821587006165, "params": {"max_depth": 24.085492814186594, "n_estimators": 85.55700699166216, "random_state": 4.555921850960459}, "datetime": {"datetime": "2021-09-30 08:18:46", "elapsed": 166.827244, "delta": 1.134541}}
{"target": -39.71393013151266, "params": {"max_depth": 14.115403266899856, "n_estimators": 83.23791713817916, "random_state": 5.273690489288971}, "datetime": {"datetime": "2021-09-30 08:18:47", "elapsed": 168.124086, "delta": 1.296842}}
{"target": -40.345599842426445, "params": {"max_depth": 13.566625605367147, "n_estimators": 89.46019102847491, "random_state": 7.730509401961087}, "datetime": {"datetime": "2021-09-30 08:18:49", "elapsed": 169.398449, "delta": 1.274363}}
{"target": -39.10131888687237, "params": {"max_depth": 15.600986575166678, "n_estimators": 33.51401418596863, "random_state": 6.957938736044402}, "datetime": {"datetime": "2021-09-30 08:18:50", "elapsed": 170.429191, "delta": 1.030742}}
{"target": -39.495813313675086, "params": {"max_depth": 30.0, "n_estimators": 27.711455041146763, "random_state": 11.0}, "datetime": {"datetime": "2021-09-30 08:18:51", "elapsed": 171.449512, "delta": 1.020321}}
{"target": -38.95054512705967, "params": {"max_depth": 11.855481617864355, "n_estimators": 66.38788590024076, "random_state": 6.628547928245751}, "datetime": {"datetime": "2021-09-30 08:18:52", "elapsed": 172.740192, "delta": 1.29068}}
{"target": -44.043580331970276, "params": {"max_depth": 1.0, "n_estimators": 10.908395383175629, "random_state": 1.0}, "datetime": {"datetime": "2021-09-30 08:18:53", "elapsed": 173.692435, "delta": 0.952243}}
{"target": -39.85427021433134, "params": {"max_depth": 9.818668264973077, "n_estimators": 100.0, "random_state": 9.815919754202492}, "datetime": {"datetime": "2021-09-30 08:18:54", "elapsed": 175.061263, "delta": 1.368828}}
{"target": -40.081370911114554, "params": {"max_depth": 13.820220678809966, "n_estimators": 15.064345989210832, "random_state": 6.905504825833349}, "datetime": {"datetime": "2021-09-30 08:18:55", "elapsed": 175.930847, "delta": 0.869584}}
{"target": -41.50029059094956, "params": {"max_depth": 11.219526958220658, "n_estimators": 40.95378669059472, "random_state": 1.0}, "datetime": {"datetime": "2021-09-30 08:18:56", "elapsed": 177.018407, "delta": 1.08756}}
{"target": -40.339191705038616, "params": {"max_depth": 26.59372964454953, "n_estimators": 43.341279301508976, "random_state": 3.735861711185586}, "datetime": {"datetime": "2021-09-30 08:18:58", "elapsed": 178.190281, "delta": 1.171874}}
{"target": -40.34302915925032, "params": {"max_depth": 27.107428861960944, "n_estimators": 45.05839056897867, "random_state": 10.96968501835928}, "datetime": {"datetime": "2021-09-30 08:18:59", "elapsed": 179.214625, "delta": 1.024344}}
{"target": -39.93445136700781, "params": {"max_depth": 21.77485399291656, "n_estimators": 42.11214915093877, "random_state": 10.9272215175006}, "datetime": {"datetime": "2021-09-30 08:19:00", "elapsed": 180.277124, "delta": 1.062499}}
{"target": -38.86553830646839, "params": {"max_depth": 6.5638673986651535, "n_estimators": 88.59462940474037, "random_state": 10.816006475376097}, "datetime": {"datetime": "2021-09-30 08:19:01", "elapsed": 181.468679, "delta": 1.191555}}
{"target": -45.3606222610034, "params": {"max_depth": 1.4605768264381516, "n_estimators": 88.00322738617774, "random_state": 10.943751120098987}, "datetime": {"datetime": "2021-09-30 08:19:02", "elapsed": 182.540605, "delta": 1.071926}}
{"target": -45.45950356621026, "params": {"max_depth": 1.0, "n_estimators": 69.63189070548226, "random_state": 11.0}, "datetime": {"datetime": "2021-09-30 08:19:03", "elapsed": 183.492884, "delta": 0.952279}}
{"target": -38.80719283766601, "params": {"max_depth": 8.284273001862978, "n_estimators": 86.63303587622882, "random_state": 8.59421332116787}, "datetime": {"datetime": "2021-09-30 08:19:04", "elapsed": 184.893104, "delta": 1.40022}}
{"target": -39.537256641511085, "params": {"max_depth": 9.664085843852215, "n_estimators": 88.5858861419349, "random_state": 10.935301869110777}, "datetime": {"datetime": "2021-09-30 08:19:06", "elapsed": 186.262752, "delta": 1.369648}}
{"target": -40.65613969160511, "params": {"max_depth": 8.191580120701445, "n_estimators": 73.52955035867616, "random_state": 7.7673499289715275}, "datetime": {"datetime": "2021-09-30 08:19:07", "elapsed": 187.428477, "delta": 1.165725}}
{"target": -40.96290215194029, "params": {"max_depth": 13.462012261019183, "n_estimators": 68.09812786751057, "random_state": 4.118140004014864}, "datetime": {"datetime": "2021-09-30 08:19:08", "elapsed": 188.785465, "delta": 1.356988}}
{"target": -39.68593334507382, "params": {"max_depth": 9.276477245735908, "n_estimators": 68.22199658419447, "random_state": 8.87649627473514}, "datetime": {"datetime": "2021-09-30 08:19:09", "elapsed": 190.05109, "delta": 1.265625}}
{"target": -40.77694144807249, "params": {"max_depth": 8.518941240435975, "n_estimators": 66.1883920828046, "random_state": 1.4892366479188048}, "datetime": {"datetime": "2021-09-30 08:19:11", "elapsed": 191.352062, "delta": 1.300972}}
{"target": -40.54539607083685, "params": {"max_depth": 12.723129468676904, "n_estimators": 29.998865874455337, "random_state": 7.56522960337291}, "datetime": {"datetime": "2021-09-30 08:19:12", "elapsed": 192.352063, "delta": 1.000001}}
{"target": -41.8449735886238, "params": {"max_depth": 17.498467747032894, "n_estimators": 14.670534814636483, "random_state": 1.291138288838199}, "datetime": {"datetime": "2021-09-30 08:19:13", "elapsed": 193.491217, "delta": 1.139154}}
{"target": -39.81579480814603, "params": {"max_depth": 20.40410960926892, "n_estimators": 15.164424393593917, "random_state": 6.364130249426804}, "datetime": {"datetime": "2021-09-30 08:19:14", "elapsed": 194.423251, "delta": 0.932034}}
{"target": -39.930341383610106, "params": {"max_depth": 17.045055467547748, "n_estimators": 17.80436883307385, "random_state": 6.883759589158085}, "datetime": {"datetime": "2021-09-30 08:19:15", "elapsed": 195.625558, "delta": 1.202307}}
{"target": -41.77360151414452, "params": {"max_depth": 21.771198020238586, "n_estimators": 20.893341029471888, "random_state": 1.0}, "datetime": {"datetime": "2021-09-30 08:19:16", "elapsed": 196.541228, "delta": 0.91567}}
{"target": -43.29880552562759, "params": {"max_depth": 12.180269582513946, "n_estimators": 11.266722798525482, "random_state": 10.883094637919044}, "datetime": {"datetime": "2021-09-30 08:19:17", "elapsed": 197.910694, "delta": 1.369466}}
{"target": -40.65857562057234, "params": {"max_depth": 30.0, "n_estimators": 92.37603579965769, "random_state": 7.227344492463742}, "datetime": {"datetime": "2021-09-30 08:19:19", "elapsed": 199.346838, "delta": 1.436144}}
{"target": -39.50361218637694, "params": {"max_depth": 16.06506907401822, "n_estimators": 94.4019327610806, "random_state": 10.799989400572958}, "datetime": {"datetime": "2021-09-30 08:19:20", "elapsed": 200.960336, "delta": 1.613498}}
{"target": -40.96770961111308, "params": {"max_depth": 22.550336334828724, "n_estimators": 79.42817976099192, "random_state": 7.340868507431372}, "datetime": {"datetime": "2021-09-30 08:19:22", "elapsed": 202.319704, "delta": 1.359368}}
{"target": -40.89418522568551, "params": {"max_depth": 17.281984111979117, "n_estimators": 79.52943065950382, "random_state": 1.0649921010024956}, "datetime": {"datetime": "2021-09-30 08:19:23", "elapsed": 203.875258, "delta": 1.555554}}
{"target": -39.097320629385656, "params": {"max_depth": 26.36143270682613, "n_estimators": 72.83437065986818, "random_state": 11.0}, "datetime": {"datetime": "2021-09-30 08:19:25", "elapsed": 205.3621, "delta": 1.486842}}
{"target": -39.88769874650414, "params": {"max_depth": 5.432716508413054, "n_estimators": 100.0, "random_state": 1.0}, "datetime": {"datetime": "2021-09-30 08:19:26", "elapsed": 206.8038, "delta": 1.4417}}
{"target": -40.11469683001531, "params": {"max_depth": 17.935408280633148, "n_estimators": 39.40222430671222, "random_state": 10.676099674505359}, "datetime": {"datetime": "2021-09-30 08:19:27", "elapsed": 207.96005, "delta": 1.15625}}
{"target": -40.57877933531581, "params": {"max_depth": 6.345934388206006, "n_estimators": 77.78039887177698, "random_state": 1.0}, "datetime": {"datetime": "2021-09-30 08:19:29", "elapsed": 209.322224, "delta": 1.362174}}
{"target": -39.70291000605691, "params": {"max_depth": 19.494436451359004, "n_estimators": 86.55266599109471, "random_state": 10.7571482547616}, "datetime": {"datetime": "2021-09-30 08:19:30", "elapsed": 210.637552, "delta": 1.315328}}
{"target": -41.15639062839478, "params": {"max_depth": 30.0, "n_estimators": 71.93112829645519, "random_state": 7.180615153669929}, "datetime": {"datetime": "2021-09-30 08:19:31", "elapsed": 211.981324, "delta": 1.343772}}
{"target": -40.095153964357685, "params": {"max_depth": 25.849661136269095, "n_estimators": 93.36866447434318, "random_state": 4.7766225538115314}, "datetime": {"datetime": "2021-09-30 08:19:33", "elapsed": 213.515596, "delta": 1.534272}}
{"target": -38.915395713892124, "params": {"max_depth": 17.059020193186626, "n_estimators": 95.46978303366508, "random_state": 6.878858232135439}, "datetime": {"datetime": "2021-09-30 08:19:35", "elapsed": 215.237221, "delta": 1.721625}}
{"target": -39.73207142530908, "params": {"max_depth": 8.017404573170872, "n_estimators": 99.06648935594436, "random_state": 5.0045506368764325}, "datetime": {"datetime": "2021-09-30 08:19:36", "elapsed": 216.708488, "delta": 1.471267}}
{"target": -39.451818183109644, "params": {"max_depth": 15.953498338866483, "n_estimators": 65.6428312864725, "random_state": 11.0}, "datetime": {"datetime": "2021-09-30 08:19:37", "elapsed": 218.156127, "delta": 1.447639}}
{"target": -39.17757630277555, "params": {"max_depth": 19.41221781075405, "n_estimators": 76.40006451258, "random_state": 11.0}, "datetime": {"datetime": "2021-09-30 08:19:39", "elapsed": 219.580899, "delta": 1.424772}}
{"target": -40.17437355564413, "params": {"max_depth": 30.0, "n_estimators": 100.0, "random_state": 5.931735581828783}, "datetime": {"datetime": "2021-09-30 08:19:40", "elapsed": 221.048973, "delta": 1.468074}}
{"target": -40.05617322348436, "params": {"max_depth": 21.681500204329573, "n_estimators": 91.48009928123147, "random_state": 9.367515817772547}, "datetime": {"datetime": "2021-09-30 08:19:42", "elapsed": 222.642062, "delta": 1.593089}}
{"target": -38.78615173216925, "params": {"max_depth": 25.18271083520899, "n_estimators": 38.54691499460951, "random_state": 11.0}, "datetime": {"datetime": "2021-09-30 08:19:43", "elapsed": 223.834142, "delta": 1.19208}}
{"target": -40.17842309406898, "params": {"max_depth": 27.57177918380767, "n_estimators": 55.117297823249416, "random_state": 3.9897370049524734}, "datetime": {"datetime": "2021-09-30 08:19:45", "elapsed": 225.484227, "delta": 1.650085}}
{"target": -40.61678203890465, "params": {"max_depth": 21.16476574971234, "n_estimators": 96.25699030010122, "random_state": 7.2776060278202666}, "datetime": {"datetime": "2021-09-30 08:19:46", "elapsed": 227.00367, "delta": 1.519443}}
{"target": -40.07995577951344, "params": {"max_depth": 23.086104433702562, "n_estimators": 73.66919057428885, "random_state": 10.880625633937457}, "datetime": {"datetime": "2021-09-30 08:19:48", "elapsed": 228.471687, "delta": 1.468017}}
{"target": -44.49211252553572, "params": {"max_depth": 1.0, "n_estimators": 31.5274773169237, "random_state": 1.0}, "datetime": {"datetime": "2021-09-30 08:19:49", "elapsed": 229.575134, "delta": 1.103447}}
{"target": -39.75221967864883, "params": {"max_depth": 27.943821870442942, "n_estimators": 59.28566447610037, "random_state": 8.17578560604715}, "datetime": {"datetime": "2021-09-30 08:19:50", "elapsed": 230.938321, "delta": 1.363187}}
{"target": -41.17219223970099, "params": {"max_depth": 24.159607131130617, "n_estimators": 69.00799716084202, "random_state": 1.0}, "datetime": {"datetime": "2021-09-30 08:19:52", "elapsed": 232.188322, "delta": 1.250001}}
{"target": -40.09307425772249, "params": {"max_depth": 9.738536702033995, "n_estimators": 23.72469490816936, "random_state": 11.0}, "datetime": {"datetime": "2021-09-30 08:19:53", "elapsed": 233.598432, "delta": 1.41011}}
{"target": -40.253223061192266, "params": {"max_depth": 10.34419224173746, "n_estimators": 83.82725396015174, "random_state": 7.653972715650362}, "datetime": {"datetime": "2021-09-30 08:19:55", "elapsed": 235.276057, "delta": 1.677625}}
{"target": -39.68765231113885, "params": {"max_depth": 9.968605906400024, "n_estimators": 86.76565710207882, "random_state": 5.26161440394006}, "datetime": {"datetime": "2021-09-30 08:19:56", "elapsed": 236.85821, "delta": 1.582153}}
{"target": -40.536418896604054, "params": {"max_depth": 15.762757353508961, "n_estimators": 94.68470911756562, "random_state": 1.0}, "datetime": {"datetime": "2021-09-30 08:19:58", "elapsed": 238.373826, "delta": 1.515616}}
{"target": -41.33813347470092, "params": {"max_depth": 13.231188181291369, "n_estimators": 34.31693816094716, "random_state": 1.6830085214178205}, "datetime": {"datetime": "2021-09-30 08:19:59", "elapsed": 239.923629, "delta": 1.549803}}
{"target": -38.67802824910353, "params": {"max_depth": 19.562476094205632, "n_estimators": 31.827209367005555, "random_state": 6.800369973089884}, "datetime": {"datetime": "2021-09-30 08:20:01", "elapsed": 241.172505, "delta": 1.248876}}
{"target": -39.95208171747777, "params": {"max_depth": 17.721735816441093, "n_estimators": 31.62840028077831, "random_state": 4.393229539869294}, "datetime": {"datetime": "2021-09-30 08:20:02", "elapsed": 242.53188, "delta": 1.359375}}
{"target": -39.43130387510031, "params": {"max_depth": 5.712760773466169, "n_estimators": 28.751275439589854, "random_state": 10.962370684950196}, "datetime": {"datetime": "2021-09-30 08:20:03", "elapsed": 243.598533, "delta": 1.066653}}
{"target": -38.67802824910353, "params": {"max_depth": 23.041428154574152, "n_estimators": 31.473838500545654, "random_state": 6.742946766897104}, "datetime": {"datetime": "2021-09-30 08:20:04", "elapsed": 245.045462, "delta": 1.446929}}
{"target": -39.10666021917686, "params": {"max_depth": 30.0, "n_estimators": 27.94176965051918, "random_state": 6.898121576026242}, "datetime": {"datetime": "2021-09-30 08:20:06", "elapsed": 246.508814, "delta": 1.463352}}
{"target": -39.42026869214551, "params": {"max_depth": 24.541673331795792, "n_estimators": 26.66475722414397, "random_state": 5.634458353217114}, "datetime": {"datetime": "2021-09-30 08:20:07", "elapsed": 247.768356, "delta": 1.259542}}
{"target": -39.14977461065116, "params": {"max_depth": 30.0, "n_estimators": 24.51807673141566, "random_state": 5.3092416160138205}, "datetime": {"datetime": "2021-09-30 08:20:09", "elapsed": 249.236059, "delta": 1.467703}}
{"target": -39.20070043826935, "params": {"max_depth": 30.0, "n_estimators": 100.0, "random_state": 11.0}, "datetime": {"datetime": "2021-09-30 08:20:10", "elapsed": 251.089254, "delta": 1.853195}}
{"target": -41.51554480044674, "params": {"max_depth": 27.44108380847261, "n_estimators": 25.729040415765134, "random_state": 7.619768084583759}, "datetime": {"datetime": "2021-09-30 08:20:12", "elapsed": 252.198629, "delta": 1.109375}}
{"target": -39.65268205825529, "params": {"max_depth": 21.618850432418732, "n_estimators": 28.750863421580355, "random_state": 5.491277459399809}, "datetime": {"datetime": "2021-09-30 08:20:13", "elapsed": 253.333195, "delta": 1.134566}}
{"target": -40.90919959477551, "params": {"max_depth": 30.0, "n_estimators": 64.36010815991227, "random_state": 1.0}, "datetime": {"datetime": "2021-09-30 08:20:14", "elapsed": 255.045083, "delta": 1.711888}}
{"target": -38.99085786997993, "params": {"max_depth": 7.390625989514495, "n_estimators": 93.01495863106554, "random_state": 11.0}, "datetime": {"datetime": "2021-09-30 08:20:16", "elapsed": 256.924181, "delta": 1.879098}}
{"target": -44.87265614813935, "params": {"max_depth": 1.0406111548222508, "n_estimators": 79.67507808986052, "random_state": 1.1074633082798537}, "datetime": {"datetime": "2021-09-30 08:20:18", "elapsed": 258.236678, "delta": 1.312497}}
