{"target": -39.116552565851286, "params": {"max_depth": 11.255307809381687, "n_estimators": 29.223530540694746, "random_state": 2.2742292472810837}, "datetime": {"datetime": "2021-09-28 13:29:31", "elapsed": 70.86476, "delta": 0.735003}}
{"target": -41.018001173291864, "params": {"max_depth": 12.376707578938445, "n_estimators": 29.594054383553534, "random_state": 1.4511822963954593}, "datetime": {"datetime": "2021-09-28 13:29:32", "elapsed": 71.832467, "delta": 0.967707}}
{"target": -40.625069851816306, "params": {"max_depth": 15.290348858270809, "n_estimators": 37.99830463950411, "random_state": 1.7389830757091773}, "datetime": {"datetime": "2021-09-28 13:29:34", "elapsed": 73.431466, "delta": 1.598999}}
{"target": -39.48294118914363, "params": {"max_depth": 8.022629032103783, "n_estimators": 52.52535475911381, "random_state": 11.0}, "datetime": {"datetime": "2021-09-28 13:29:35", "elapsed": 74.413853, "delta": 0.982387}}
{"target": -38.99936202400339, "params": {"max_depth": 10.638620721564559, "n_estimators": 29.775927741800047, "random_state": 2.9559085903964455}, "datetime": {"datetime": "2021-09-28 13:29:35", "elapsed": 74.893843, "delta": 0.47999}}
{"target": -38.789032589408315, "params": {"max_depth": 4.526978768921087, "n_estimators": 99.06974195694865, "random_state": 3.714383560584115}, "datetime": {"datetime": "2021-09-28 13:29:36", "elapsed": 75.68185, "delta": 0.788007}}
{"target": -38.784583967776044, "params": {"max_depth": 4.84244600890154, "n_estimators": 97.96781288014967, "random_state": 3.220962146331844}, "datetime": {"datetime": "2021-09-28 13:29:37", "elapsed": 76.944902, "delta": 1.263052}}
{"target": -39.33696647050344, "params": {"max_depth": 4.178224193786354, "n_estimators": 99.10001661661191, "random_state": 2.4534604362771786}, "datetime": {"datetime": "2021-09-28 13:29:38", "elapsed": 77.846113, "delta": 0.901211}}
{"target": -39.35897545202418, "params": {"max_depth": 4.452028800243605, "n_estimators": 98.0585471050235, "random_state": 4.585178033565537}, "datetime": {"datetime": "2021-09-28 13:29:39", "elapsed": 78.727056, "delta": 0.880943}}
{"target": -40.05776900335398, "params": {"max_depth": 10.632550137857418, "n_estimators": 28.32302228587271, "random_state": 3.3244577335379155}, "datetime": {"datetime": "2021-09-28 13:29:39", "elapsed": 79.205061, "delta": 0.478005}}
{"target": -40.14650228796541, "params": {"max_depth": 11.310658190674916, "n_estimators": 33.36432928857664, "random_state": 3.5705156014749253}, "datetime": {"datetime": "2021-09-28 13:29:40", "elapsed": 80.212247, "delta": 1.007186}}
{"target": -39.04375709838984, "params": {"max_depth": 5.610125337367236, "n_estimators": 97.13153749998287, "random_state": 3.660907772667703}, "datetime": {"datetime": "2021-09-28 13:29:41", "elapsed": 81.025247, "delta": 0.813}}
{"target": -41.118376271152535, "params": {"max_depth": 2.9595122747937794, "n_estimators": 97.792992989526, "random_state": 2.858176841987623}, "datetime": {"datetime": "2021-09-28 13:29:42", "elapsed": 81.999897, "delta": 0.97465}}
{"target": -39.066410823713355, "params": {"max_depth": 6.4512943223736645, "n_estimators": 97.11640325356159, "random_state": 2.6608297810117536}, "datetime": {"datetime": "2021-09-28 13:29:43", "elapsed": 83.136896, "delta": 1.136999}}
{"target": -39.30185859383007, "params": {"max_depth": 4.886950325182562, "n_estimators": 97.47985505074577, "random_state": 1.969321574543599}, "datetime": {"datetime": "2021-09-28 13:29:44", "elapsed": 84.097739, "delta": 0.960843}}
{"target": -39.10806308403335, "params": {"max_depth": 6.370399892337282, "n_estimators": 95.95145922958615, "random_state": 2.212865963764348}, "datetime": {"datetime": "2021-09-28 13:29:46", "elapsed": 85.404437, "delta": 1.306698}}
{"target": -39.33900637878621, "params": {"max_depth": 4.585185234179008, "n_estimators": 99.8309317047164, "random_state": 4.986517061168696}, "datetime": {"datetime": "2021-09-28 13:29:47", "elapsed": 86.586879, "delta": 1.182442}}
{"target": -38.69421234105028, "params": {"max_depth": 4.270102837799811, "n_estimators": 57.558690496658805, "random_state": 11.0}, "datetime": {"datetime": "2021-09-28 13:29:48", "elapsed": 87.325876, "delta": 0.738997}}
{"target": -39.808166595739195, "params": {"max_depth": 7.424639574674406, "n_estimators": 97.20004540134832, "random_state": 1.4181511953346673}, "datetime": {"datetime": "2021-09-28 13:29:49", "elapsed": 88.399795, "delta": 1.073919}}
{"target": -39.21894893841038, "params": {"max_depth": 6.477988436239673, "n_estimators": 95.49515141162725, "random_state": 3.333229777360856}, "datetime": {"datetime": "2021-09-28 13:29:50", "elapsed": 89.645441, "delta": 1.245646}}
{"target": -39.24759599443437, "params": {"max_depth": 5.32307966521115, "n_estimators": 95.03273101235968, "random_state": 2.7472623573006887}, "datetime": {"datetime": "2021-09-28 13:29:51", "elapsed": 90.877815, "delta": 1.232374}}
{"target": -40.5714515607869, "params": {"max_depth": 11.338391521670191, "n_estimators": 52.509282023710995, "random_state": 10.957709773188334}, "datetime": {"datetime": "2021-09-28 13:29:52", "elapsed": 91.936523, "delta": 1.058708}}
{"target": -39.55363355518064, "params": {"max_depth": 3.0990074410673984, "n_estimators": 57.73389873338048, "random_state": 10.9389764381861}, "datetime": {"datetime": "2021-09-28 13:29:53", "elapsed": 93.142519, "delta": 1.205996}}
{"target": -39.48018821433102, "params": {"max_depth": 5.016541143650642, "n_estimators": 58.428880033414245, "random_state": 10.957792517997067}, "datetime": {"datetime": "2021-09-28 13:29:55", "elapsed": 94.40896, "delta": 1.266441}}
{"target": -39.29626400090987, "params": {"max_depth": 4.733761651960554, "n_estimators": 96.22760512302635, "random_state": 2.803056746580518}, "datetime": {"datetime": "2021-09-28 13:29:56", "elapsed": 95.399955, "delta": 0.990995}}
{"target": -39.264963656771265, "params": {"max_depth": 4.9583016117757746, "n_estimators": 95.34930615156041, "random_state": 1.3409081984067874}, "datetime": {"datetime": "2021-09-28 13:29:57", "elapsed": 96.299224, "delta": 0.899269}}
{"target": -39.256227353844885, "params": {"max_depth": 7.959164350916255, "n_estimators": 94.85432894778947, "random_state": 2.176264020776625}, "datetime": {"datetime": "2021-09-28 13:29:58", "elapsed": 97.617223, "delta": 1.317999}}
{"target": -39.62872428425639, "params": {"max_depth": 6.453334509452624, "n_estimators": 94.37115926135048, "random_state": 1.6718996958802408}, "datetime": {"datetime": "2021-09-28 13:29:59", "elapsed": 98.767168, "delta": 1.149945}}
{"target": -39.26785595624004, "params": {"max_depth": 6.444625298520585, "n_estimators": 93.94959960079453, "random_state": 3.703055023605697}, "datetime": {"datetime": "2021-09-28 13:30:00", "elapsed": 99.633828, "delta": 0.86666}}
{"target": -39.65401978726263, "params": {"max_depth": 7.9504201069927705, "n_estimators": 94.51175755800492, "random_state": 3.5188928941083044}, "datetime": {"datetime": "2021-09-28 13:30:01", "elapsed": 100.684068, "delta": 1.05024}}
{"target": -39.39395723181408, "params": {"max_depth": 5.120119052946507, "n_estimators": 93.40944507083806, "random_state": 4.372432100509823}, "datetime": {"datetime": "2021-09-28 13:30:02", "elapsed": 101.61307, "delta": 0.929002}}
{"target": -39.38578662289338, "params": {"max_depth": 4.9274209251410594, "n_estimators": 94.96332503347996, "random_state": 4.373696616213806}, "datetime": {"datetime": "2021-09-28 13:30:03", "elapsed": 102.529363, "delta": 0.916293}}
{"target": -39.63295669450672, "params": {"max_depth": 6.08358605906041, "n_estimators": 94.4180946353874, "random_state": 5.503020738548781}, "datetime": {"datetime": "2021-09-28 13:30:04", "elapsed": 103.630608, "delta": 1.101245}}
{"target": -39.40198169380555, "params": {"max_depth": 4.171261791348027, "n_estimators": 93.73812787259655, "random_state": 2.7242011934616164}, "datetime": {"datetime": "2021-09-28 13:30:05", "elapsed": 104.642538, "delta": 1.01193}}
{"target": -39.2796264401173, "params": {"max_depth": 5.626175361513014, "n_estimators": 92.52660085229478, "random_state": 2.0987664111625604}, "datetime": {"datetime": "2021-09-28 13:30:06", "elapsed": 105.652535, "delta": 1.009997}}
{"target": -39.0973196901652, "params": {"max_depth": 5.952183246099332, "n_estimators": 92.29315158985962, "random_state": 3.6295176300484444}, "datetime": {"datetime": "2021-09-28 13:30:07", "elapsed": 106.469278, "delta": 0.816743}}
{"target": -38.82059822777862, "params": {"max_depth": 4.795727561982428, "n_estimators": 91.93385388485636, "random_state": 3.4818908045102948}, "datetime": {"datetime": "2021-09-28 13:30:08", "elapsed": 107.513276, "delta": 1.043998}}
{"target": -39.39024201687495, "params": {"max_depth": 5.1360788980918555, "n_estimators": 91.27983306974683, "random_state": 4.632368759674087}, "datetime": {"datetime": "2021-09-28 13:30:09", "elapsed": 108.382796, "delta": 0.86952}}
{"target": -39.356689828026575, "params": {"max_depth": 4.247176965900428, "n_estimators": 91.71983315999348, "random_state": 2.114767170675064}, "datetime": {"datetime": "2021-09-28 13:30:10", "elapsed": 109.436749, "delta": 1.053953}}
{"target": -39.352216835397755, "params": {"max_depth": 3.293370832611849, "n_estimators": 92.08999122574669, "random_state": 4.380653190444186}, "datetime": {"datetime": "2021-09-28 13:30:11", "elapsed": 110.5456, "delta": 1.108851}}
{"target": -39.23218650462869, "params": {"max_depth": 5.321430704150309, "n_estimators": 91.06531924195477, "random_state": 2.8862594610994607}, "datetime": {"datetime": "2021-09-28 13:30:12", "elapsed": 111.409596, "delta": 0.863996}}
{"target": -39.167127938010495, "params": {"max_depth": 7.815328467014513, "n_estimators": 92.0712408020475, "random_state": 2.344801909413084}, "datetime": {"datetime": "2021-09-28 13:30:13", "elapsed": 112.559634, "delta": 1.150038}}
{"target": -39.475823956296225, "params": {"max_depth": 3.790041838699592, "n_estimators": 90.73044201409166, "random_state": 3.51487900830328}, "datetime": {"datetime": "2021-09-28 13:30:14", "elapsed": 113.885626, "delta": 1.325992}}
{"target": -39.78085737457129, "params": {"max_depth": 7.658158852032916, "n_estimators": 90.76643185673258, "random_state": 1.4239149551133237}, "datetime": {"datetime": "2021-09-28 13:30:15", "elapsed": 114.911938, "delta": 1.026312}}
{"target": -40.303442349103676, "params": {"max_depth": 8.633455666124073, "n_estimators": 93.30605381788658, "random_state": 1.6417959088139573}, "datetime": {"datetime": "2021-09-28 13:30:16", "elapsed": 116.093286, "delta": 1.181348}}
{"target": -40.11197471715945, "params": {"max_depth": 7.591599740101759, "n_estimators": 92.0158591055431, "random_state": 4.119951407255153}, "datetime": {"datetime": "2021-09-28 13:30:18", "elapsed": 117.224293, "delta": 1.131007}}
{"target": -38.917609636710885, "params": {"max_depth": 7.7855029280694685, "n_estimators": 49.33998006930594, "random_state": 11.0}, "datetime": {"datetime": "2021-09-28 13:30:18", "elapsed": 118.155466, "delta": 0.931173}}
{"target": -41.156263885806204, "params": {"max_depth": 2.774596028521002, "n_estimators": 92.48746633082067, "random_state": 2.814603977582374}, "datetime": {"datetime": "2021-09-28 13:30:19", "elapsed": 119.195336, "delta": 1.03987}}
{"target": -39.46107824434512, "params": {"max_depth": 5.491284023256922, "n_estimators": 96.61701717318107, "random_state": 5.455995153682727}, "datetime": {"datetime": "2021-09-28 13:30:21", "elapsed": 120.44602, "delta": 1.250684}}
{"target": -39.68793708590149, "params": {"max_depth": 6.794735922362501, "n_estimators": 100.0, "random_state": 1.8143334299201033}, "datetime": {"datetime": "2021-09-28 13:30:22", "elapsed": 121.91102, "delta": 1.465}}
{"target": -41.171058040898444, "params": {"max_depth": 2.878721930907266, "n_estimators": 92.93287804380111, "random_state": 5.87746249520907}, "datetime": {"datetime": "2021-09-28 13:30:23", "elapsed": 122.751621, "delta": 0.840601}}
{"target": -39.52203132180628, "params": {"max_depth": 5.27858550170955, "n_estimators": 90.79179334821507, "random_state": 1.2521899970669872}, "datetime": {"datetime": "2021-09-28 13:30:24", "elapsed": 124.172707, "delta": 1.421086}}
{"target": -39.51066366049914, "params": {"max_depth": 3.76567900505642, "n_estimators": 100.0, "random_state": 3.687013084592411}, "datetime": {"datetime": "2021-09-28 13:30:25", "elapsed": 125.134587, "delta": 0.96188}}
{"target": -39.6026100920128, "params": {"max_depth": 8.71579426473601, "n_estimators": 96.27420923300804, "random_state": 2.396066636666057}, "datetime": {"datetime": "2021-09-28 13:30:27", "elapsed": 126.245456, "delta": 1.110869}}
{"target": -41.082561372378514, "params": {"max_depth": 9.958153320558207, "n_estimators": 50.479293650484664, "random_state": 10.075039684739592}, "datetime": {"datetime": "2021-09-28 13:30:28", "elapsed": 127.313454, "delta": 1.067998}}
{"target": -39.848982568404736, "params": {"max_depth": 6.218478355599679, "n_estimators": 41.86968770781569, "random_state": 10.660805587471287}, "datetime": {"datetime": "2021-09-28 13:30:29", "elapsed": 128.379645, "delta": 1.066191}}
{"target": -39.17752008086928, "params": {"max_depth": 7.314003060884475, "n_estimators": 47.94006212589737, "random_state": 11.0}, "datetime": {"datetime": "2021-09-28 13:30:30", "elapsed": 129.415368, "delta": 1.035723}}
{"target": -40.2977925723808, "params": {"max_depth": 6.329504504269312, "n_estimators": 46.56470474563803, "random_state": 10.479911832338416}, "datetime": {"datetime": "2021-09-28 13:30:31", "elapsed": 130.402346, "delta": 0.986978}}
{"target": -40.29655691486959, "params": {"max_depth": 14.38757526179996, "n_estimators": 38.41010089466168, "random_state": 3.670839519194954}, "datetime": {"datetime": "2021-09-28 13:30:31", "elapsed": 131.193348, "delta": 0.791002}}
{"target": -39.25758487137912, "params": {"max_depth": 4.593220627272, "n_estimators": 93.17556569595465, "random_state": 1.108660246773249}, "datetime": {"datetime": "2021-09-28 13:30:33", "elapsed": 132.442012, "delta": 1.248664}}
{"target": -39.61738039481622, "params": {"max_depth": 5.1492255008702745, "n_estimators": 98.60144248311984, "random_state": 6.548914338260583}, "datetime": {"datetime": "2021-09-28 13:30:34", "elapsed": 133.522769, "delta": 1.080757}}
{"target": -39.06019217853931, "params": {"max_depth": 5.157506897941026, "n_estimators": 89.12784023103788, "random_state": 3.559470144313166}, "datetime": {"datetime": "2021-09-28 13:30:35", "elapsed": 134.708753, "delta": 1.185984}}
{"target": -39.21496644061095, "params": {"max_depth": 5.138999226960121, "n_estimators": 88.78178339248569, "random_state": 2.0826275018942866}, "datetime": {"datetime": "2021-09-28 13:30:36", "elapsed": 135.689756, "delta": 0.981003}}
{"target": -39.377157111338576, "params": {"max_depth": 3.894139305449092, "n_estimators": 88.65062847831926, "random_state": 3.0485313724066394}, "datetime": {"datetime": "2021-09-28 13:30:37", "elapsed": 137.014617, "delta": 1.324861}}
{"target": -38.99877404978629, "params": {"max_depth": 5.269117609206704, "n_estimators": 87.50304704291578, "random_state": 3.0688375425689456}, "datetime": {"datetime": "2021-09-28 13:30:38", "elapsed": 138.038615, "delta": 1.023998}}
{"target": -39.37156236602142, "params": {"max_depth": 5.9036081430711285, "n_estimators": 88.05450747841057, "random_state": 4.35357164846478}, "datetime": {"datetime": "2021-09-28 13:30:39", "elapsed": 138.865491, "delta": 0.826876}}
{"target": -39.36396752090414, "params": {"max_depth": 4.120646492309794, "n_estimators": 87.22199577383716, "random_state": 4.11488098559775}, "datetime": {"datetime": "2021-09-28 13:30:40", "elapsed": 140.202145, "delta": 1.336654}}
{"target": -39.16438440348621, "params": {"max_depth": 6.217085353211526, "n_estimators": 86.3416184618267, "random_state": 3.639524781649932}, "datetime": {"datetime": "2021-09-28 13:30:42", "elapsed": 141.456186, "delta": 1.254041}}
{"target": -39.55366949719412, "params": {"max_depth": 7.016354229014973, "n_estimators": 88.4813019264903, "random_state": 3.270691553592475}, "datetime": {"datetime": "2021-09-28 13:30:43", "elapsed": 142.882424, "delta": 1.426238}}
{"target": -39.20163155810567, "params": {"max_depth": 4.24050082285437, "n_estimators": 88.82995183635916, "random_state": 5.45500461161501}, "datetime": {"datetime": "2021-09-28 13:30:44", "elapsed": 143.890095, "delta": 1.007671}}
{"target": -39.327811153804674, "params": {"max_depth": 4.763825685896849, "n_estimators": 86.6806488247571, "random_state": 2.382352513147641}, "datetime": {"datetime": "2021-09-28 13:30:45", "elapsed": 144.780821, "delta": 0.890726}}
{"target": -39.35072339094978, "params": {"max_depth": 5.369289467433639, "n_estimators": 86.32308919894328, "random_state": 4.9662124748463645}, "datetime": {"datetime": "2021-09-28 13:30:46", "elapsed": 145.974827, "delta": 1.194006}}
{"target": -38.595605689288504, "params": {"max_depth": 4.641066045907032, "n_estimators": 85.42480607931674, "random_state": 3.659037516413143}, "datetime": {"datetime": "2021-09-28 13:30:47", "elapsed": 146.965074, "delta": 0.990247}}
{"target": -39.31033498334234, "params": {"max_depth": 5.7183027264660815, "n_estimators": 84.64853196527869, "random_state": 4.43650079010157}, "datetime": {"datetime": "2021-09-28 13:30:48", "elapsed": 148.036073, "delta": 1.070999}}
{"target": -39.21176496676601, "params": {"max_depth": 5.1955910531684095, "n_estimators": 85.00551159879727, "random_state": 2.7666011503187695}, "datetime": {"datetime": "2021-09-28 13:30:50", "elapsed": 149.308597, "delta": 1.272524}}
{"target": -39.142590264699, "params": {"max_depth": 3.3722981080860066, "n_estimators": 84.77392141341707, "random_state": 4.036509068142749}, "datetime": {"datetime": "2021-09-28 13:30:51", "elapsed": 150.67396, "delta": 1.365363}}
{"target": -39.122181809421654, "params": {"max_depth": 4.229893667263415, "n_estimators": 85.48216098031543, "random_state": 5.399337166953822}, "datetime": {"datetime": "2021-09-28 13:30:52", "elapsed": 151.978957, "delta": 1.304997}}
{"target": -38.58146753582343, "params": {"max_depth": 4.488588812735916, "n_estimators": 83.73119190956419, "random_state": 3.5780295466338963}, "datetime": {"datetime": "2021-09-28 13:30:53", "elapsed": 152.826706, "delta": 0.847749}}
{"target": -39.7373579074582, "params": {"max_depth": 3.991720366258022, "n_estimators": 83.97154961648461, "random_state": 2.842375336920079}, "datetime": {"datetime": "2021-09-28 13:30:54", "elapsed": 153.832706, "delta": 1.006}}
{"target": -39.342936112705985, "params": {"max_depth": 4.3703333093704675, "n_estimators": 83.95317967445108, "random_state": 4.682679429339563}, "datetime": {"datetime": "2021-09-28 13:30:56", "elapsed": 155.454311, "delta": 1.621605}}
{"target": -39.36920451464496, "params": {"max_depth": 4.442809831265992, "n_estimators": 82.39550283003273, "random_state": 4.016216070181978}, "datetime": {"datetime": "2021-09-28 13:30:57", "elapsed": 156.390802, "delta": 0.936491}}
{"target": -39.76636118584487, "params": {"max_depth": 3.031460581176101, "n_estimators": 87.56558960914535, "random_state": 5.58007258205795}, "datetime": {"datetime": "2021-09-28 13:30:58", "elapsed": 157.42579, "delta": 1.034988}}
{"target": -38.900382386764775, "params": {"max_depth": 5.471096964414194, "n_estimators": 83.53433633270926, "random_state": 3.636523731696121}, "datetime": {"datetime": "2021-09-28 13:30:59", "elapsed": 158.545158, "delta": 1.119368}}
{"target": -40.69838235147664, "params": {"max_depth": 2.7654644465975173, "n_estimators": 86.04591473782128, "random_state": 3.1978895378113483}, "datetime": {"datetime": "2021-09-28 13:31:00", "elapsed": 159.520592, "delta": 0.975434}}
{"target": -39.6981462787308, "params": {"max_depth": 5.366949755647433, "n_estimators": 88.55424887057082, "random_state": 6.270138898001493}, "datetime": {"datetime": "2021-09-28 13:31:01", "elapsed": 160.864801, "delta": 1.344209}}
{"target": -39.246231233597754, "params": {"max_depth": 5.951395156072215, "n_estimators": 82.79086508649016, "random_state": 2.5983606790290206}, "datetime": {"datetime": "2021-09-28 13:31:02", "elapsed": 161.967799, "delta": 1.102998}}
{"target": -39.1187105653798, "params": {"max_depth": 6.805006302227343, "n_estimators": 84.39499359849144, "random_state": 3.249208750111542}, "datetime": {"datetime": "2021-09-28 13:31:03", "elapsed": 163.178015, "delta": 1.210216}}
{"target": -38.91107080356851, "params": {"max_depth": 7.891217583047565, "n_estimators": 83.26084115762409, "random_state": 2.7234456265953133}, "datetime": {"datetime": "2021-09-28 13:31:05", "elapsed": 164.444548, "delta": 1.266533}}
{"target": -39.57053337906138, "params": {"max_depth": 6.654051799470963, "n_estimators": 84.00796164889668, "random_state": 1.8735904256984173}, "datetime": {"datetime": "2021-09-28 13:31:06", "elapsed": 165.518545, "delta": 1.073997}}
{"target": -40.29416783440404, "params": {"max_depth": 9.091940881614704, "n_estimators": 83.18640222023095, "random_state": 1.774800915140842}, "datetime": {"datetime": "2021-09-28 13:31:08", "elapsed": 167.406033, "delta": 1.887488}}
{"target": -39.69790619693199, "params": {"max_depth": 6.802314169854812, "n_estimators": 83.15092881086724, "random_state": 4.804757803058009}, "datetime": {"datetime": "2021-09-28 13:31:09", "elapsed": 168.410037, "delta": 1.004004}}
{"target": -39.76790862745825, "params": {"max_depth": 8.438067086302626, "n_estimators": 84.26179709788101, "random_state": 3.780610961196033}, "datetime": {"datetime": "2021-09-28 13:31:10", "elapsed": 169.795972, "delta": 1.385935}}
{"target": -39.420397122116455, "params": {"max_depth": 7.468782245216575, "n_estimators": 81.77418470744675, "random_state": 3.5743579061195265}, "datetime": {"datetime": "2021-09-28 13:31:11", "elapsed": 170.728318, "delta": 0.932346}}
