{"target": -45.891272798998976, "params": {"max_depth": 3.952193908253199, "n_estimators": 6.802224806954865}, "datetime": {"datetime": "2021-09-24 14:46:09", "elapsed": 10.031359, "delta": 0.271498}}
{"target": -44.4084603579498, "params": {"max_depth": 3.4731704592479846, "n_estimators": 18.232646037327687}, "datetime": {"datetime": "2021-09-24 14:46:09", "elapsed": 10.317848, "delta": 0.286489}}
{"target": -44.59004405787518, "params": {"max_depth": 3.026350433447355, "n_estimators": 16.876614167003666}, "datetime": {"datetime": "2021-09-24 14:46:09", "elapsed": 10.644059, "delta": 0.326211}}
{"target": -44.58077931562533, "params": {"max_depth": 2.9681117514047255, "n_estimators": 19.997675125634874}, "datetime": {"datetime": "2021-09-24 14:46:10", "elapsed": 10.932227, "delta": 0.288168}}
{"target": -43.797045030968164, "params": {"max_depth": 2.5330582355236335, "n_estimators": 9.98283507877878}, "datetime": {"datetime": "2021-09-24 14:46:10", "elapsed": 11.253628, "delta": 0.321401}}
{"target": -45.29377249818773, "params": {"max_depth": 3.0643432855854367, "n_estimators": 11.336542431629775}, "datetime": {"datetime": "2021-09-24 14:46:10", "elapsed": 11.52441, "delta": 0.270782}}
{"target": -44.56621786132018, "params": {"max_depth": 2.622152235815741, "n_estimators": 12.603096320174656}, "datetime": {"datetime": "2021-09-24 14:46:11", "elapsed": 11.828691, "delta": 0.304281}}
{"target": -45.27968447246919, "params": {"max_depth": 4.0, "n_estimators": 10.284045251047317}, "datetime": {"datetime": "2021-09-24 14:46:11", "elapsed": 12.054837, "delta": 0.226146}}
{"target": -44.61020949768879, "params": {"max_depth": 3.9998457441452824, "n_estimators": 17.857773914452135}, "datetime": {"datetime": "2021-09-24 14:46:11", "elapsed": 12.381769, "delta": 0.326932}}
{"target": -44.49758942560119, "params": {"max_depth": 2.6120925876997774, "n_estimators": 14.850783448373372}, "datetime": {"datetime": "2021-09-24 14:46:11", "elapsed": 12.636489, "delta": 0.25472}}
{"target": -44.65455601357253, "params": {"max_depth": 4.0, "n_estimators": 16.611750604719774}, "datetime": {"datetime": "2021-09-24 14:46:12", "elapsed": 12.943444, "delta": 0.306955}}
{"target": -45.180919037761264, "params": {"max_depth": 4.0, "n_estimators": 9.11031843658655}, "datetime": {"datetime": "2021-09-24 14:46:12", "elapsed": 13.227383, "delta": 0.283939}}
{"target": -44.77880032938091, "params": {"max_depth": 2.70578937647049, "n_estimators": 7.549388759091304}, "datetime": {"datetime": "2021-09-24 14:46:12", "elapsed": 13.539949, "delta": 0.312566}}
{"target": -43.797045030968164, "params": {"max_depth": 2.383720084565349, "n_estimators": 9.258271300820098}, "datetime": {"datetime": "2021-09-24 14:46:13", "elapsed": 13.843463, "delta": 0.303514}}
{"target": -44.31364488186112, "params": {"max_depth": 2.199467753027264, "n_estimators": 8.364510519233129}, "datetime": {"datetime": "2021-09-24 14:46:13", "elapsed": 14.092008, "delta": 0.248545}}
{"target": -44.59238380134577, "params": {"max_depth": 2.4280633376205945, "n_estimators": 16.375945196575046}, "datetime": {"datetime": "2021-09-24 14:46:13", "elapsed": 14.388795, "delta": 0.296787}}
{"target": -44.30477884027204, "params": {"max_depth": 2.4196579340073523, "n_estimators": 10.594187418779436}, "datetime": {"datetime": "2021-09-24 14:46:14", "elapsed": 14.700618, "delta": 0.311823}}
{"target": -44.4084603579498, "params": {"max_depth": 3.1435253641346566, "n_estimators": 18.927844035452583}, "datetime": {"datetime": "2021-09-24 14:46:14", "elapsed": 15.065596, "delta": 0.364978}}
{"target": -44.4146201428624, "params": {"max_depth": 3.7018039339646935, "n_estimators": 14.303249340579622}, "datetime": {"datetime": "2021-09-24 14:46:14", "elapsed": 15.371688, "delta": 0.306092}}
{"target": -43.797045030968164, "params": {"max_depth": 2.5006869628931847, "n_estimators": 9.488360461017928}, "datetime": {"datetime": "2021-09-24 14:46:15", "elapsed": 15.684272, "delta": 0.312584}}
{"target": -44.31364488186112, "params": {"max_depth": 2.3454714912792074, "n_estimators": 8.831607605387017}, "datetime": {"datetime": "2021-09-24 14:46:15", "elapsed": 16.085235, "delta": 0.400963}}
{"target": -44.77880032938091, "params": {"max_depth": 2.0244154970427983, "n_estimators": 7.6781317680540395}, "datetime": {"datetime": "2021-09-24 14:46:15", "elapsed": 16.527036, "delta": 0.441801}}
{"target": -48.186955115693856, "params": {"max_depth": 1.0, "n_estimators": 4.908481032373449}, "datetime": {"datetime": "2021-09-24 14:46:16", "elapsed": 16.865718, "delta": 0.338682}}
{"target": -44.5298015218777, "params": {"max_depth": 2.310333735517542, "n_estimators": 11.935924374676757}, "datetime": {"datetime": "2021-09-24 14:46:16", "elapsed": 17.332927, "delta": 0.467209}}
{"target": -44.891241471662994, "params": {"max_depth": 4.0, "n_estimators": 19.2876437895023}, "datetime": {"datetime": "2021-09-24 14:46:17", "elapsed": 17.694646, "delta": 0.361719}}
{"target": -44.252568113855006, "params": {"max_depth": 3.424226270643164, "n_estimators": 20.0}, "datetime": {"datetime": "2021-09-24 14:46:17", "elapsed": 18.089374, "delta": 0.394728}}
{"target": -43.797045030968164, "params": {"max_depth": 2.1695671336552946, "n_estimators": 9.328640373671108}, "datetime": {"datetime": "2021-09-24 14:46:17", "elapsed": 18.416126, "delta": 0.326752}}
{"target": -44.71121261295027, "params": {"max_depth": 3.4099295391149265, "n_estimators": 15.344611858577082}, "datetime": {"datetime": "2021-09-24 14:46:18", "elapsed": 18.742852, "delta": 0.326726}}
{"target": -43.797045030968164, "params": {"max_depth": 2.6391252909224328, "n_estimators": 9.817370922147342}, "datetime": {"datetime": "2021-09-24 14:46:18", "elapsed": 19.08852, "delta": 0.345668}}
{"target": -43.797045030968164, "params": {"max_depth": 2.28841479855255, "n_estimators": 9.49123983829713}, "datetime": {"datetime": "2021-09-24 14:46:18", "elapsed": 19.47964, "delta": 0.39112}}
{"target": -43.797045030968164, "params": {"max_depth": 2.205574071646278, "n_estimators": 9.169783363281303}, "datetime": {"datetime": "2021-09-24 14:46:19", "elapsed": 19.843703, "delta": 0.364063}}
{"target": -43.797045030968164, "params": {"max_depth": 2.5222930788152804, "n_estimators": 9.729861587292115}, "datetime": {"datetime": "2021-09-24 14:46:19", "elapsed": 20.148831, "delta": 0.305128}}
{"target": -45.000293070483465, "params": {"max_depth": 2.3915290857921976, "n_estimators": 6.083198876155772}, "datetime": {"datetime": "2021-09-24 14:46:19", "elapsed": 20.507353, "delta": 0.358522}}
{"target": -43.797045030968164, "params": {"max_depth": 2.2827286998854404, "n_estimators": 9.314984407032263}, "datetime": {"datetime": "2021-09-24 14:46:20", "elapsed": 20.970747, "delta": 0.463394}}
{"target": -47.90612112239686, "params": {"max_depth": 1.8265812271059474, "n_estimators": 8.444769139431752}, "datetime": {"datetime": "2021-09-24 14:46:20", "elapsed": 21.307747, "delta": 0.337}}
{"target": -52.57442336268094, "params": {"max_depth": 1.049738565671149, "n_estimators": 1.0160199025579066}, "datetime": {"datetime": "2021-09-24 14:46:20", "elapsed": 21.600032, "delta": 0.292285}}
{"target": -44.31364488186112, "params": {"max_depth": 2.565341644447051, "n_estimators": 8.128602872779435}, "datetime": {"datetime": "2021-09-24 14:46:21", "elapsed": 22.022536, "delta": 0.422504}}
{"target": -48.48281982316658, "params": {"max_depth": 1.0, "n_estimators": 10.57998316970507}, "datetime": {"datetime": "2021-09-24 14:46:21", "elapsed": 22.355269, "delta": 0.332733}}
{"target": -45.000293070483465, "params": {"max_depth": 2.240139789564289, "n_estimators": 6.953403372561703}, "datetime": {"datetime": "2021-09-24 14:46:22", "elapsed": 22.68611, "delta": 0.330841}}
{"target": -46.97174341593831, "params": {"max_depth": 4.0, "n_estimators": 2.9512642664098268}, "datetime": {"datetime": "2021-09-24 14:46:22", "elapsed": 23.011979, "delta": 0.325869}}
{"target": -45.188558540046486, "params": {"max_depth": 2.900505697560061, "n_estimators": 4.096127854798743}, "datetime": {"datetime": "2021-09-24 14:46:22", "elapsed": 23.455723, "delta": 0.443744}}
{"target": -45.18431482758651, "params": {"max_depth": 3.2827342308108904, "n_estimators": 4.782736090795398}, "datetime": {"datetime": "2021-09-24 14:46:23", "elapsed": 23.843258, "delta": 0.387535}}
{"target": -45.92930570061106, "params": {"max_depth": 3.071464599456815, "n_estimators": 5.809466296808425}, "datetime": {"datetime": "2021-09-24 14:46:23", "elapsed": 24.180247, "delta": 0.336989}}
{"target": -45.29377249818773, "params": {"max_depth": 3.9520471357293774, "n_estimators": 11.959155325094494}, "datetime": {"datetime": "2021-09-24 14:46:23", "elapsed": 24.59903, "delta": 0.418783}}
{"target": -44.9170434250269, "params": {"max_depth": 3.3010717917046426, "n_estimators": 12.530424491748658}, "datetime": {"datetime": "2021-09-24 14:46:24", "elapsed": 24.964465, "delta": 0.365435}}
{"target": -44.77880032938091, "params": {"max_depth": 2.321260100279827, "n_estimators": 7.920127549135799}, "datetime": {"datetime": "2021-09-24 14:46:24", "elapsed": 25.387282, "delta": 0.422817}}
{"target": -45.47517188391817, "params": {"max_depth": 3.3637684373194703, "n_estimators": 7.382070537064501}, "datetime": {"datetime": "2021-09-24 14:46:25", "elapsed": 25.737078, "delta": 0.349796}}
{"target": -44.58077931562533, "params": {"max_depth": 2.5057139838088407, "n_estimators": 19.251366907818277}, "datetime": {"datetime": "2021-09-24 14:46:25", "elapsed": 26.059793, "delta": 0.322715}}
{"target": -44.50867064564788, "params": {"max_depth": 4.0, "n_estimators": 13.228703076691165}, "datetime": {"datetime": "2021-09-24 14:46:25", "elapsed": 26.454811, "delta": 0.395018}}
{"target": -44.59004405787518, "params": {"max_depth": 3.5411591931776685, "n_estimators": 16.36606504646872}, "datetime": {"datetime": "2021-09-24 14:46:26", "elapsed": 26.889946, "delta": 0.435135}}
{"target": -49.26051546122638, "params": {"max_depth": 1.972091653427866, "n_estimators": 15.160537354773414}, "datetime": {"datetime": "2021-09-24 14:46:26", "elapsed": 27.229033, "delta": 0.339087}}
{"target": -44.49758942560119, "params": {"max_depth": 2.4418082389800104, "n_estimators": 14.271596783940204}, "datetime": {"datetime": "2021-09-24 14:46:26", "elapsed": 27.628061, "delta": 0.399028}}
{"target": -44.59709042614768, "params": {"max_depth": 2.8267625704884494, "n_estimators": 15.548988035816032}, "datetime": {"datetime": "2021-09-24 14:46:27", "elapsed": 28.065106, "delta": 0.437045}}
{"target": -44.58077931562533, "params": {"max_depth": 2.200200502309573, "n_estimators": 19.994698342326803}, "datetime": {"datetime": "2021-09-24 14:46:27", "elapsed": 28.460107, "delta": 0.395001}}
{"target": -45.188558540046486, "params": {"max_depth": 2.185372505801018, "n_estimators": 4.333162925643697}, "datetime": {"datetime": "2021-09-24 14:46:28", "elapsed": 28.89631, "delta": 0.436203}}
{"target": -45.964165571095684, "params": {"max_depth": 2.952382525496242, "n_estimators": 3.197514507673802}, "datetime": {"datetime": "2021-09-24 14:46:28", "elapsed": 29.312654, "delta": 0.416344}}
{"target": -44.831558301918896, "params": {"max_depth": 3.409049918809706, "n_estimators": 13.794903498475811}, "datetime": {"datetime": "2021-09-24 14:46:29", "elapsed": 29.709046, "delta": 0.396392}}
{"target": -44.56621786132018, "params": {"max_depth": 2.0779578630378657, "n_estimators": 12.686846174260548}, "datetime": {"datetime": "2021-09-24 14:46:29", "elapsed": 30.119007, "delta": 0.409961}}
{"target": -48.101207711849405, "params": {"max_depth": 1.9328328010644464, "n_estimators": 9.801523784628776}, "datetime": {"datetime": "2021-09-24 14:46:29", "elapsed": 30.585912, "delta": 0.466905}}
{"target": -48.48281982316658, "params": {"max_depth": 1.5943298258116787, "n_estimators": 10.932602726907124}, "datetime": {"datetime": "2021-09-24 14:46:30", "elapsed": 30.855219, "delta": 0.269307}}
{"target": -48.07367386386816, "params": {"max_depth": 2.8834172583877145, "n_estimators": 2.0804266697119633}, "datetime": {"datetime": "2021-09-24 14:46:30", "elapsed": 31.288887, "delta": 0.433668}}
{"target": -48.569281596224826, "params": {"max_depth": 1.7705050911267737, "n_estimators": 5.663948220650465}, "datetime": {"datetime": "2021-09-24 14:46:30", "elapsed": 31.621616, "delta": 0.332729}}
{"target": -48.86481402235586, "params": {"max_depth": 1.814413491874058, "n_estimators": 7.165775542711005}, "datetime": {"datetime": "2021-09-24 14:46:31", "elapsed": 31.886675, "delta": 0.265059}}
{"target": -49.11467832107047, "params": {"max_depth": 1.8884380351860912, "n_estimators": 19.324756088369547}, "datetime": {"datetime": "2021-09-24 14:46:31", "elapsed": 32.327795, "delta": 0.44112}}
{"target": -43.797045030968164, "params": {"max_depth": 2.364393150669941, "n_estimators": 9.779160033594389}, "datetime": {"datetime": "2021-09-24 14:46:31", "elapsed": 32.607484, "delta": 0.279689}}
{"target": -45.16475805010989, "params": {"max_depth": 3.2516356874489363, "n_estimators": 8.238120396824842}, "datetime": {"datetime": "2021-09-24 14:46:32", "elapsed": 33.0811, "delta": 0.473616}}
{"target": -44.5298015218777, "params": {"max_depth": 2.8699757479779637, "n_estimators": 11.99051028741732}, "datetime": {"datetime": "2021-09-24 14:46:32", "elapsed": 33.372171, "delta": 0.291071}}
{"target": -45.26408795470084, "params": {"max_depth": 3.441835983677747, "n_estimators": 10.669920657511048}, "datetime": {"datetime": "2021-09-24 14:46:33", "elapsed": 33.966467, "delta": 0.594296}}
{"target": -49.40605374623697, "params": {"max_depth": 1.7757427932271643, "n_estimators": 16.779741754713648}, "datetime": {"datetime": "2021-09-24 14:46:33", "elapsed": 34.463584, "delta": 0.497117}}
{"target": -44.72519987375203, "params": {"max_depth": 2.4676534073497516, "n_estimators": 17.642799209017603}, "datetime": {"datetime": "2021-09-24 14:46:34", "elapsed": 34.858786, "delta": 0.395202}}
{"target": -44.77880032938091, "params": {"max_depth": 2.6446298519920326, "n_estimators": 7.079653051802632}, "datetime": {"datetime": "2021-09-24 14:46:34", "elapsed": 35.335577, "delta": 0.476791}}
{"target": -44.58077931562533, "params": {"max_depth": 2.604322391484195, "n_estimators": 19.6949013906854}, "datetime": {"datetime": "2021-09-24 14:46:35", "elapsed": 35.952893, "delta": 0.617316}}
{"target": -46.29408956724943, "params": {"max_depth": 4.0, "n_estimators": 4.786565885231776}, "datetime": {"datetime": "2021-09-24 14:46:35", "elapsed": 36.412993, "delta": 0.4601}}
{"target": -45.964165571095684, "params": {"max_depth": 2.2665730862733255, "n_estimators": 3.6763928117080003}, "datetime": {"datetime": "2021-09-24 14:46:36", "elapsed": 36.803465, "delta": 0.390472}}
{"target": -44.866401548820214, "params": {"max_depth": 4.0, "n_estimators": 15.248281817254469}, "datetime": {"datetime": "2021-09-24 14:46:36", "elapsed": 37.233204, "delta": 0.429739}}
{"target": -45.000293070483465, "params": {"max_depth": 2.4611936999810347, "n_estimators": 6.551669204606505}, "datetime": {"datetime": "2021-09-24 14:46:36", "elapsed": 37.682668, "delta": 0.449464}}
{"target": -44.60706946778233, "params": {"max_depth": 2.3784178300108465, "n_estimators": 13.081655533663396}, "datetime": {"datetime": "2021-09-24 14:46:37", "elapsed": 38.092086, "delta": 0.409418}}
{"target": -44.58077931562533, "params": {"max_depth": 2.0763249575145455, "n_estimators": 19.479931082885827}, "datetime": {"datetime": "2021-09-24 14:46:37", "elapsed": 38.424131, "delta": 0.332045}}
{"target": -50.412887667588215, "params": {"max_depth": 2.5007807816385057, "n_estimators": 1.0}, "datetime": {"datetime": "2021-09-24 14:46:38", "elapsed": 38.892148, "delta": 0.468017}}
{"target": -50.74475505940788, "params": {"max_depth": 1.0526010570968636, "n_estimators": 3.9426946743490516}, "datetime": {"datetime": "2021-09-24 14:46:38", "elapsed": 39.380335, "delta": 0.488187}}
{"target": -45.188558540046486, "params": {"max_depth": 2.7187548070630165, "n_estimators": 4.624382704945325}, "datetime": {"datetime": "2021-09-24 14:46:39", "elapsed": 39.869333, "delta": 0.488998}}
{"target": -45.188558540046486, "params": {"max_depth": 2.186606207185493, "n_estimators": 4.334780913095583}, "datetime": {"datetime": "2021-09-24 14:46:39", "elapsed": 40.172146, "delta": 0.302813}}
{"target": -48.90064024192485, "params": {"max_depth": 1.0, "n_estimators": 13.06955516094704}, "datetime": {"datetime": "2021-09-24 14:46:39", "elapsed": 40.67771, "delta": 0.505564}}
{"target": -44.59709042614768, "params": {"max_depth": 2.4734032495102096, "n_estimators": 15.893493268017139}, "datetime": {"datetime": "2021-09-24 14:46:40", "elapsed": 41.197012, "delta": 0.519302}}
{"target": -44.540653154119084, "params": {"max_depth": 3.406587158161865, "n_estimators": 9.44077985308866}, "datetime": {"datetime": "2021-09-24 14:46:41", "elapsed": 41.73452, "delta": 0.537508}}
{"target": -44.72519987375203, "params": {"max_depth": 2.7089511621223115, "n_estimators": 17.255839212743084}, "datetime": {"datetime": "2021-09-24 14:46:41", "elapsed": 42.204668, "delta": 0.470148}}
{"target": -44.58077931562533, "params": {"max_depth": 2.2614848572657706, "n_estimators": 19.638490764470333}, "datetime": {"datetime": "2021-09-24 14:46:41", "elapsed": 42.640797, "delta": 0.436129}}
{"target": -44.31364488186112, "params": {"max_depth": 2.6780712715671235, "n_estimators": 8.491224213209616}, "datetime": {"datetime": "2021-09-24 14:46:42", "elapsed": 43.139221, "delta": 0.498424}}
{"target": -44.61020949768879, "params": {"max_depth": 3.542310327089032, "n_estimators": 17.701512223662924}, "datetime": {"datetime": "2021-09-24 14:46:43", "elapsed": 43.817775, "delta": 0.678554}}
{"target": -44.26422556781263, "params": {"max_depth": 3.6025874129471775, "n_estimators": 19.584170075518653}, "datetime": {"datetime": "2021-09-24 14:46:43", "elapsed": 44.268776, "delta": 0.451001}}
{"target": -44.60706946778233, "params": {"max_depth": 2.867673708704553, "n_estimators": 13.077729256873079}, "datetime": {"datetime": "2021-09-24 14:46:44", "elapsed": 44.817814, "delta": 0.549038}}
{"target": -44.59238380134577, "params": {"max_depth": 2.7370739566672184, "n_estimators": 16.59910067990671}, "datetime": {"datetime": "2021-09-24 14:46:44", "elapsed": 45.359429, "delta": 0.541615}}
{"target": -44.31364488186112, "params": {"max_depth": 2.4759654767701162, "n_estimators": 8.384423512718328}, "datetime": {"datetime": "2021-09-24 14:46:45", "elapsed": 45.703429, "delta": 0.344}}
{"target": -44.4084603579498, "params": {"max_depth": 3.554196637519349, "n_estimators": 18.66432627795036}, "datetime": {"datetime": "2021-09-24 14:46:45", "elapsed": 46.433438, "delta": 0.730009}}
{"target": -45.29377249818773, "params": {"max_depth": 3.4074652140547306, "n_estimators": 11.863387471632777}, "datetime": {"datetime": "2021-09-24 14:46:46", "elapsed": 47.013276, "delta": 0.579838}}
{"target": -44.4146201428624, "params": {"max_depth": 3.6231425616185975, "n_estimators": 14.880212730455677}, "datetime": {"datetime": "2021-09-24 14:46:46", "elapsed": 47.524641, "delta": 0.511365}}
{"target": -44.59004405787518, "params": {"max_depth": 3.5204564365357234, "n_estimators": 16.863487456712964}, "datetime": {"datetime": "2021-09-24 14:46:47", "elapsed": 48.063216, "delta": 0.538575}}
{"target": -44.61607775172433, "params": {"max_depth": 2.908766013297253, "n_estimators": 18.023934949571835}, "datetime": {"datetime": "2021-09-24 14:46:47", "elapsed": 48.674888, "delta": 0.611672}}
{"target": -44.72519987375203, "params": {"max_depth": 2.1579374450062434, "n_estimators": 17.431820440264538}, "datetime": {"datetime": "2021-09-24 14:46:48", "elapsed": 49.070493, "delta": 0.395605}}
{"target": -44.71121261295027, "params": {"max_depth": 3.472826030281787, "n_estimators": 15.860788214093287}, "datetime": {"datetime": "2021-09-24 14:46:48", "elapsed": 49.608439, "delta": 0.537946}}
{"target": -46.03025684823953, "params": {"max_depth": 3.39071435068337, "n_estimators": 3.698073008738566}, "datetime": {"datetime": "2021-09-24 14:46:49", "elapsed": 50.131886, "delta": 0.523447}}
{"target": -45.891272798998976, "params": {"max_depth": 3.510817756370759, "n_estimators": 6.363551889673565}, "datetime": {"datetime": "2021-09-24 14:46:49", "elapsed": 50.670405, "delta": 0.538519}}
{"target": -50.412887667588215, "params": {"max_depth": 2.942651053124245, "n_estimators": 1.3332880344429605}, "datetime": {"datetime": "2021-09-24 14:46:50", "elapsed": 51.038039, "delta": 0.367634}}
{"target": -48.64221016155921, "params": {"max_depth": 1.8941167087130935, "n_estimators": 12.19038995622369}, "datetime": {"datetime": "2021-09-24 14:46:50", "elapsed": 51.532954, "delta": 0.494915}}
{"target": -44.5298015218777, "params": {"max_depth": 2.5623123327921977, "n_estimators": 11.55383752868797}, "datetime": {"datetime": "2021-09-24 14:46:51", "elapsed": 52.008179, "delta": 0.475225}}
{"target": -44.77880032938091, "params": {"max_depth": 2.322841856547289, "n_estimators": 7.918830641870412}, "datetime": {"datetime": "2021-09-24 14:46:51", "elapsed": 52.39222, "delta": 0.384041}}
{"target": -46.353135044568695, "params": {"max_depth": 4.0, "n_estimators": 7.438936073452503}, "datetime": {"datetime": "2021-09-24 14:46:52", "elapsed": 52.8556, "delta": 0.46338}}
{"target": -44.30477884027204, "params": {"max_depth": 2.7512337184099867, "n_estimators": 10.982427310992364}, "datetime": {"datetime": "2021-09-24 14:46:52", "elapsed": 53.422377, "delta": 0.566777}}
{"target": -44.56621786132018, "params": {"max_depth": 2.5656763903521123, "n_estimators": 12.177782002924062}, "datetime": {"datetime": "2021-09-24 14:46:53", "elapsed": 54.005098, "delta": 0.582721}}
{"target": -44.4146201428624, "params": {"max_depth": 3.9978192878937535, "n_estimators": 14.301129931791662}, "datetime": {"datetime": "2021-09-24 14:46:53", "elapsed": 54.497049, "delta": 0.491951}}
