{"target": 0.43313134667724396, "params": {"max_depth": 5.587242051728314, "n_estimators": 72.31212485077366}, "datetime": {"datetime": "2021-09-24 10:12:12", "elapsed": 0.0, "delta": 0.0}}
{"target": 0.3502765549579915, "params": {"max_depth": 1.0012581229907938, "n_estimators": 30.930924690552136}, "datetime": {"datetime": "2021-09-24 10:12:12", "elapsed": 0.08116, "delta": 0.08116}}
{"target": 0.4366925345676672, "params": {"max_depth": 2.6143147989882434, "n_estimators": 10.141520882110981}, "datetime": {"datetime": "2021-09-24 10:12:12", "elapsed": 0.129852, "delta": 0.048692}}
{"target": 0.43641046318947063, "params": {"max_depth": 3.04886232515438, "n_estimators": 35.210511977261724}, "datetime": {"datetime": "2021-09-24 10:12:12", "elapsed": 0.273988, "delta": 0.144136}}
{"target": 0.436092944868089, "params": {"max_depth": 5.36444221653737, "n_estimators": 54.34285666633234}, "datetime": {"datetime": "2021-09-24 10:12:12", "elapsed": 0.554623, "delta": 0.280635}}
{"target": 0.43641046318947063, "params": {"max_depth": 3.316909962606827, "n_estimators": 35.16647556322804}, "datetime": {"datetime": "2021-09-24 10:12:13", "elapsed": 0.917915, "delta": 0.363292}}
{"target": 0.4410841693674047, "params": {"max_depth": 3.487717556269103, "n_estimators": 39.23104418135166}, "datetime": {"datetime": "2021-09-24 10:12:13", "elapsed": 1.376545, "delta": 0.45863}}
{"target": 0.38189434940828093, "params": {"max_depth": 8.699625181806681, "n_estimators": 38.57461599362863}, "datetime": {"datetime": "2021-09-24 10:12:14", "elapsed": 1.85215, "delta": 0.475605}}
{"target": 0.3585075595302858, "params": {"max_depth": 1.0, "n_estimators": 42.21561974740786}, "datetime": {"datetime": "2021-09-24 10:12:14", "elapsed": 2.186017, "delta": 0.333867}}
{"target": 0.39905554736230564, "params": {"max_depth": 3.6539036997643377, "n_estimators": 7.212710069423091}, "datetime": {"datetime": "2021-09-24 10:12:14", "elapsed": 2.519685, "delta": 0.333668}}
{"target": 0.4327586677069606, "params": {"max_depth": 4.031581304143694, "n_estimators": 37.199018811246326}, "datetime": {"datetime": "2021-09-24 10:12:15", "elapsed": 2.851868, "delta": 0.332183}}
{"target": 0.33607485468992204, "params": {"max_depth": 1.6048441318903397, "n_estimators": 13.001827857452241}, "datetime": {"datetime": "2021-09-24 10:12:15", "elapsed": 3.291049, "delta": 0.439181}}
{"target": 0.36429694650020716, "params": {"max_depth": 1.7010728404574655, "n_estimators": 37.72212434844561}, "datetime": {"datetime": "2021-09-24 10:12:15", "elapsed": 3.601447, "delta": 0.310398}}
{"target": 0.43084040054960704, "params": {"max_depth": 4.9613879990756535, "n_estimators": 38.856223170873896}, "datetime": {"datetime": "2021-09-24 10:12:16", "elapsed": 4.06953, "delta": 0.468083}}
{"target": 0.4301251120381133, "params": {"max_depth": 4.432998661643598, "n_estimators": 40.77457157850936}, "datetime": {"datetime": "2021-09-24 10:12:16", "elapsed": 4.511639, "delta": 0.442109}}
{"target": 0.44596327308622574, "params": {"max_depth": 4.813223449861539, "n_estimators": 56.387542331861084}, "datetime": {"datetime": "2021-09-24 10:12:17", "elapsed": 4.970279, "delta": 0.45864}}
{"target": 0.4298595381911676, "params": {"max_depth": 6.844550910381166, "n_estimators": 56.23626480479014}, "datetime": {"datetime": "2021-09-24 10:12:17", "elapsed": 5.414882, "delta": 0.444603}}
{"target": 0.4496791430133531, "params": {"max_depth": 3.0617260878672914, "n_estimators": 55.14901900581537}, "datetime": {"datetime": "2021-09-24 10:12:18", "elapsed": 5.778292, "delta": 0.36341}}
{"target": 0.44440733412791444, "params": {"max_depth": 2.4619331172686483, "n_estimators": 57.36192172816435}, "datetime": {"datetime": "2021-09-24 10:12:18", "elapsed": 6.555894, "delta": 0.777602}}
{"target": 0.44437420988515564, "params": {"max_depth": 4.551218583890964, "n_estimators": 59.21285512031148}, "datetime": {"datetime": "2021-09-24 10:12:19", "elapsed": 6.980425, "delta": 0.424531}}
{"target": 0.4446303630512337, "params": {"max_depth": 2.0383826588031804, "n_estimators": 60.459596359019024}, "datetime": {"datetime": "2021-09-24 10:12:19", "elapsed": 7.406068, "delta": 0.425643}}
{"target": 0.4464461100941505, "params": {"max_depth": 4.266395268358332, "n_estimators": 62.2679474653083}, "datetime": {"datetime": "2021-09-24 10:12:20", "elapsed": 8.116203, "delta": 0.710135}}
{"target": 0.36195852369466897, "params": {"max_depth": 1.6753699432766203, "n_estimators": 63.582721029792154}, "datetime": {"datetime": "2021-09-24 10:12:20", "elapsed": 8.55908, "delta": 0.442877}}
{"target": 0.43129236770058654, "params": {"max_depth": 6.447582327813858, "n_estimators": 61.382991556761894}, "datetime": {"datetime": "2021-09-24 10:12:21", "elapsed": 9.055561, "delta": 0.496481}}
{"target": 0.35288705546874666, "params": {"max_depth": 1.0, "n_estimators": 53.60072720388265}, "datetime": {"datetime": "2021-09-24 10:12:21", "elapsed": 9.483975, "delta": 0.428414}}
{"target": 0.4344004550746289, "params": {"max_depth": 5.9450209460896355, "n_estimators": 64.09824412265687}, "datetime": {"datetime": "2021-09-24 10:12:22", "elapsed": 10.139585, "delta": 0.65561}}
{"target": 0.35355900018987807, "params": {"max_depth": 1.0, "n_estimators": 58.829077555564844}, "datetime": {"datetime": "2021-09-24 10:12:23", "elapsed": 10.777135, "delta": 0.63755}}
{"target": 0.44933436252318704, "params": {"max_depth": 3.4649194878255045, "n_estimators": 60.72610925981411}, "datetime": {"datetime": "2021-09-24 10:12:23", "elapsed": 11.241646, "delta": 0.464511}}
{"target": 0.4484243575618302, "params": {"max_depth": 3.8626196774522787, "n_estimators": 57.61742099809831}, "datetime": {"datetime": "2021-09-24 10:12:24", "elapsed": 11.769776, "delta": 0.52813}}
{"target": 0.42838330395246793, "params": {"max_depth": 6.590274729023974, "n_estimators": 58.71312512282182}, "datetime": {"datetime": "2021-09-24 10:12:24", "elapsed": 12.274378, "delta": 0.504602}}
{"target": 0.4278262593960346, "params": {"max_depth": 6.11770450422977, "n_estimators": 69.70869572630019}, "datetime": {"datetime": "2021-09-24 10:12:25", "elapsed": 12.797171, "delta": 0.522793}}
{"target": 0.39608076550819515, "params": {"max_depth": 8.213495552868064, "n_estimators": 71.64879091463347}, "datetime": {"datetime": "2021-09-24 10:12:25", "elapsed": 13.503954, "delta": 0.706783}}
{"target": 0.4507485532664036, "params": {"max_depth": 3.52103104369853, "n_estimators": 71.10212683662283}, "datetime": {"datetime": "2021-09-24 10:12:26", "elapsed": 13.972999, "delta": 0.469045}}
{"target": 0.44169082707109164, "params": {"max_depth": 2.9898934597674645, "n_estimators": 73.0101242934595}, "datetime": {"datetime": "2021-09-24 10:12:26", "elapsed": 14.573792, "delta": 0.600793}}
{"target": 0.35430473162895826, "params": {"max_depth": 1.4068136009367322, "n_estimators": 71.1942603231717}, "datetime": {"datetime": "2021-09-24 10:12:27", "elapsed": 15.176848, "delta": 0.603056}}
{"target": 0.44533749495793884, "params": {"max_depth": 4.138548911630121, "n_estimators": 74.54059082239728}, "datetime": {"datetime": "2021-09-24 10:12:28", "elapsed": 15.766807, "delta": 0.589959}}
{"target": 0.44638842700814685, "params": {"max_depth": 4.097769626435207, "n_estimators": 69.35133312423453}, "datetime": {"datetime": "2021-09-24 10:12:28", "elapsed": 16.30624, "delta": 0.539433}}
{"target": 0.44279440696254446, "params": {"max_depth": 2.2671618681556738, "n_estimators": 75.27576376486252}, "datetime": {"datetime": "2021-09-24 10:12:29", "elapsed": 16.901651, "delta": 0.595411}}
{"target": 0.44691968620527955, "params": {"max_depth": 4.148071854245817, "n_estimators": 76.81663982735812}, "datetime": {"datetime": "2021-09-24 10:12:29", "elapsed": 17.518743, "delta": 0.617092}}
{"target": 0.4433111978922266, "params": {"max_depth": 2.3540508248890912, "n_estimators": 77.80143716067901}, "datetime": {"datetime": "2021-09-24 10:12:30", "elapsed": 18.118047, "delta": 0.599304}}
{"target": 0.448208467542488, "params": {"max_depth": 4.071836073351811, "n_estimators": 79.49661226373709}, "datetime": {"datetime": "2021-09-24 10:12:31", "elapsed": 18.884251, "delta": 0.766204}}
{"target": 0.4305141487396317, "params": {"max_depth": 6.114276520409234, "n_estimators": 78.1809060968029}, "datetime": {"datetime": "2021-09-24 10:12:31", "elapsed": 19.718227, "delta": 0.833976}}
{"target": 0.34981062264313656, "params": {"max_depth": 1.9718582019003348, "n_estimators": 80.30448770799143}, "datetime": {"datetime": "2021-09-24 10:12:32", "elapsed": 20.496734, "delta": 0.778507}}
{"target": 0.4375770877348547, "params": {"max_depth": 5.704575117015469, "n_estimators": 80.56619419073242}, "datetime": {"datetime": "2021-09-24 10:12:33", "elapsed": 21.301577, "delta": 0.804843}}
{"target": 0.43224316351878767, "params": {"max_depth": 5.0423407738335335, "n_estimators": 67.00528015039308}, "datetime": {"datetime": "2021-09-24 10:12:34", "elapsed": 22.041914, "delta": 0.740337}}
{"target": 0.4275313398451539, "params": {"max_depth": 6.322391072499878, "n_estimators": 75.42724426461825}, "datetime": {"datetime": "2021-09-24 10:12:35", "elapsed": 22.76853, "delta": 0.726616}}
{"target": 0.42125765099631607, "params": {"max_depth": 7.829657705161696, "n_estimators": 66.12890428691398}, "datetime": {"datetime": "2021-09-24 10:12:35", "elapsed": 23.328552, "delta": 0.560022}}
{"target": 0.3498698470933891, "params": {"max_depth": 1.0321164500828501, "n_estimators": 76.79235491976507}, "datetime": {"datetime": "2021-09-24 10:12:36", "elapsed": 24.021784, "delta": 0.693232}}
{"target": 0.45301830423028866, "params": {"max_depth": 3.7445676434034714, "n_estimators": 78.10589094129433}, "datetime": {"datetime": "2021-09-24 10:12:36", "elapsed": 24.669398, "delta": 0.647614}}
{"target": 0.44861913053553104, "params": {"max_depth": 3.3699882093295477, "n_estimators": 56.33220397056525}, "datetime": {"datetime": "2021-09-24 10:12:37", "elapsed": 25.204882, "delta": 0.535484}}
{"target": 0.4457646931259164, "params": {"max_depth": 4.703315637411228, "n_estimators": 70.98132104785236}, "datetime": {"datetime": "2021-09-24 10:12:37", "elapsed": 25.65613, "delta": 0.451248}}
{"target": 0.40429892608330276, "params": {"max_depth": 8.198787501840595, "n_estimators": 80.55763091712792}, "datetime": {"datetime": "2021-09-24 10:12:38", "elapsed": 26.332005, "delta": 0.675875}}
{"target": 0.41725844523782507, "params": {"max_depth": 7.873875298179049, "n_estimators": 53.33542921744244}, "datetime": {"datetime": "2021-09-24 10:12:39", "elapsed": 27.015864, "delta": 0.683859}}
{"target": 0.3972021716997105, "params": {"max_depth": 8.88994825751686, "n_estimators": 62.89201575972324}, "datetime": {"datetime": "2021-09-24 10:12:40", "elapsed": 27.978589, "delta": 0.962725}}
{"target": 0.44536733442087284, "params": {"max_depth": 2.9756736816047016, "n_estimators": 67.65110985225172}, "datetime": {"datetime": "2021-09-24 10:12:40", "elapsed": 28.727352, "delta": 0.748763}}
{"target": 0.42667433793389664, "params": {"max_depth": 5.956727440935022, "n_estimators": 35.37151838216547}, "datetime": {"datetime": "2021-09-24 10:12:41", "elapsed": 29.424744, "delta": 0.697392}}
{"target": 0.36698058536397227, "params": {"max_depth": 5.026334649757627, "n_estimators": 10.50635513144337}, "datetime": {"datetime": "2021-09-24 10:12:42", "elapsed": 29.854823, "delta": 0.430079}}
{"target": 0.3543151894251133, "params": {"max_depth": 1.1613770992072614, "n_estimators": 9.025222885201362}, "datetime": {"datetime": "2021-09-24 10:12:42", "elapsed": 30.541424, "delta": 0.686601}}
{"target": 0.4455335551790176, "params": {"max_depth": 4.936579529142216, "n_estimators": 60.83486058463107}, "datetime": {"datetime": "2021-09-24 10:12:43", "elapsed": 31.363748, "delta": 0.822324}}
{"target": 0.43908465155750964, "params": {"max_depth": 5.282036081742323, "n_estimators": 82.97497286327025}, "datetime": {"datetime": "2021-09-24 10:12:44", "elapsed": 32.340964, "delta": 0.977216}}
{"target": 0.4385153229290546, "params": {"max_depth": 5.9734156994610395, "n_estimators": 85.01494887373723}, "datetime": {"datetime": "2021-09-24 10:12:45", "elapsed": 33.246138, "delta": 0.905174}}
{"target": 0.44987457647793816, "params": {"max_depth": 4.037074339496995, "n_estimators": 84.68684292835331}, "datetime": {"datetime": "2021-09-24 10:12:46", "elapsed": 34.16107, "delta": 0.914932}}
{"target": 0.44884166596150876, "params": {"max_depth": 4.247786380601793, "n_estimators": 86.50611413956102}, "datetime": {"datetime": "2021-09-24 10:12:47", "elapsed": 35.033914, "delta": 0.872844}}
{"target": 0.4461251436711965, "params": {"max_depth": 2.387200910745154, "n_estimators": 86.01545874076074}, "datetime": {"datetime": "2021-09-24 10:12:48", "elapsed": 35.781362, "delta": 0.747448}}
{"target": 0.4450300969712898, "params": {"max_depth": 2.824909718014661, "n_estimators": 88.07332382177003}, "datetime": {"datetime": "2021-09-24 10:12:48", "elapsed": 36.637483, "delta": 0.856121}}
{"target": 0.4486955089304213, "params": {"max_depth": 4.967167853921875, "n_estimators": 88.50816642871246}, "datetime": {"datetime": "2021-09-24 10:12:49", "elapsed": 37.475638, "delta": 0.838155}}
{"target": 0.42754102483341827, "params": {"max_depth": 6.470638437913298, "n_estimators": 87.35306984032563}, "datetime": {"datetime": "2021-09-24 10:12:50", "elapsed": 38.569209, "delta": 1.093571}}
{"target": 0.4543603987437018, "params": {"max_depth": 3.8241974053300103, "n_estimators": 90.03684350628623}, "datetime": {"datetime": "2021-09-24 10:12:51", "elapsed": 39.354942, "delta": 0.785733}}
{"target": 0.4391674145661144, "params": {"max_depth": 5.600124633503413, "n_estimators": 90.58207382087552}, "datetime": {"datetime": "2021-09-24 10:12:52", "elapsed": 40.487085, "delta": 1.132143}}
{"target": 0.34512973717105044, "params": {"max_depth": 1.9107808958423207, "n_estimators": 90.21709040030143}, "datetime": {"datetime": "2021-09-24 10:12:53", "elapsed": 41.266387, "delta": 0.779302}}
{"target": 0.446822415136089, "params": {"max_depth": 2.1980605789182546, "n_estimators": 83.9148458856955}, "datetime": {"datetime": "2021-09-24 10:12:54", "elapsed": 42.207502, "delta": 0.941115}}
{"target": 0.3511922254765031, "params": {"max_depth": 1.0947951644008191, "n_estimators": 84.89116132827863}, "datetime": {"datetime": "2021-09-24 10:12:55", "elapsed": 42.950478, "delta": 0.742976}}
{"target": 0.4566827839001304, "params": {"max_depth": 3.4541002744296923, "n_estimators": 83.29464723425409}, "datetime": {"datetime": "2021-09-24 10:12:55", "elapsed": 43.654278, "delta": 0.7038}}
{"target": 0.44936918847300844, "params": {"max_depth": 4.263742070414775, "n_estimators": 91.67454030634377}, "datetime": {"datetime": "2021-09-24 10:12:56", "elapsed": 44.391768, "delta": 0.73749}}
{"target": 0.4393732671622531, "params": {"max_depth": 5.554758935567183, "n_estimators": 92.90902094729186}, "datetime": {"datetime": "2021-09-24 10:12:57", "elapsed": 45.252248, "delta": 0.86048}}
{"target": 0.45467964490463286, "params": {"max_depth": 3.9052947333658254, "n_estimators": 93.93475512366305}, "datetime": {"datetime": "2021-09-24 10:12:58", "elapsed": 46.024722, "delta": 0.772474}}
{"target": 0.44856441473402164, "params": {"max_depth": 4.927376996188515, "n_estimators": 95.08707330045225}, "datetime": {"datetime": "2021-09-24 10:12:59", "elapsed": 46.993203, "delta": 0.968481}}
{"target": 0.4545791527872364, "params": {"max_depth": 3.1953595195738544, "n_estimators": 95.42513339915904}, "datetime": {"datetime": "2021-09-24 10:12:59", "elapsed": 47.641964, "delta": 0.648761}}
{"target": 0.3483325143412179, "params": {"max_depth": 1.9524781627620964, "n_estimators": 94.39672360224753}, "datetime": {"datetime": "2021-09-24 10:13:00", "elapsed": 48.490348, "delta": 0.848384}}
{"target": 0.45384987435053104, "params": {"max_depth": 3.8417253520786447, "n_estimators": 96.39678637452904}, "datetime": {"datetime": "2021-09-24 10:13:01", "elapsed": 49.30462, "delta": 0.814272}}
{"target": 0.4409365098687741, "params": {"max_depth": 2.5218637802362585, "n_estimators": 97.37025854349662}, "datetime": {"datetime": "2021-09-24 10:13:02", "elapsed": 50.140486, "delta": 0.835866}}
{"target": 0.44637096059002324, "params": {"max_depth": 4.288188290516901, "n_estimators": 98.17166602615566}, "datetime": {"datetime": "2021-09-24 10:13:03", "elapsed": 50.99541, "delta": 0.854924}}
{"target": 0.4386108499410146, "params": {"max_depth": 5.75458114830746, "n_estimators": 97.05499535687281}, "datetime": {"datetime": "2021-09-24 10:13:04", "elapsed": 51.761217, "delta": 0.765807}}
{"target": 0.4405576418958965, "params": {"max_depth": 2.923334609222786, "n_estimators": 99.5363494866268}, "datetime": {"datetime": "2021-09-24 10:13:04", "elapsed": 52.580885, "delta": 0.819668}}
{"target": 0.43850368181225596, "params": {"max_depth": 5.057404091915048, "n_estimators": 99.94450573017373}, "datetime": {"datetime": "2021-09-24 10:13:05", "elapsed": 53.341146, "delta": 0.760261}}
{"target": 0.42821616249997985, "params": {"max_depth": 6.812504867411597, "n_estimators": 99.03678823480827}, "datetime": {"datetime": "2021-09-24 10:13:06", "elapsed": 54.363556, "delta": 1.02241}}
{"target": 0.43074505784006145, "params": {"max_depth": 6.977725036183113, "n_estimators": 95.01204135369012}, "datetime": {"datetime": "2021-09-24 10:13:07", "elapsed": 55.201267, "delta": 0.837711}}
{"target": 0.3462609778394753, "params": {"max_depth": 1.0, "n_estimators": 99.02928005595582}, "datetime": {"datetime": "2021-09-24 10:13:08", "elapsed": 56.00199, "delta": 0.800723}}
{"target": 0.4013859417371113, "params": {"max_depth": 8.1295904000567, "n_estimators": 84.39423801285434}, "datetime": {"datetime": "2021-09-24 10:13:09", "elapsed": 56.784766, "delta": 0.782776}}
{"target": 0.44467210760101805, "params": {"max_depth": 4.2675179382361, "n_estimators": 72.46739954323341}, "datetime": {"datetime": "2021-09-24 10:13:09", "elapsed": 57.6354, "delta": 0.850634}}
{"target": 0.4240564763939164, "params": {"max_depth": 7.894688952093928, "n_estimators": 92.24804049643178}, "datetime": {"datetime": "2021-09-24 10:13:10", "elapsed": 58.528469, "delta": 0.893069}}
{"target": 0.35950659114224137, "params": {"max_depth": 1.0412536538737307, "n_estimators": 67.49531924147483}, "datetime": {"datetime": "2021-09-24 10:13:11", "elapsed": 59.226237, "delta": 0.697768}}
{"target": 0.4027277001658295, "params": {"max_depth": 8.620987570788031, "n_estimators": 96.98912415916809}, "datetime": {"datetime": "2021-09-24 10:13:12", "elapsed": 60.206317, "delta": 0.98008}}
{"target": 0.45541314895881013, "params": {"max_depth": 3.0751710778520307, "n_estimators": 86.97683900550697}, "datetime": {"datetime": "2021-09-24 10:13:13", "elapsed": 61.035406, "delta": 0.829089}}
{"target": 0.39138832151891334, "params": {"max_depth": 7.203318431552538, "n_estimators": 32.21798505603041}, "datetime": {"datetime": "2021-09-24 10:13:13", "elapsed": 61.691449, "delta": 0.656043}}
{"target": 0.43912026820747485, "params": {"max_depth": 4.980040101136164, "n_estimators": 51.77912373463112}, "datetime": {"datetime": "2021-09-24 10:13:14", "elapsed": 62.299264, "delta": 0.607815}}
{"target": 0.43008679446403164, "params": {"max_depth": 5.475525383941383, "n_estimators": 49.65203429271484}, "datetime": {"datetime": "2021-09-24 10:13:15", "elapsed": 63.012298, "delta": 0.713034}}
{"target": 0.44438712484451903, "params": {"max_depth": 3.3135340602883963, "n_estimators": 50.12527755711772}, "datetime": {"datetime": "2021-09-24 10:13:16", "elapsed": 63.834429, "delta": 0.822131}}
{"target": 0.4426561448451931, "params": {"max_depth": 3.040182486179851, "n_estimators": 48.09278673472804}, "datetime": {"datetime": "2021-09-24 10:13:16", "elapsed": 64.525411, "delta": 0.690982}}
{"target": 0.3594186686173937, "params": {"max_depth": 1.3951786900427632, "n_estimators": 49.186194635429345}, "datetime": {"datetime": "2021-09-24 10:13:17", "elapsed": 65.15252, "delta": 0.627109}}
{"target": 0.4324605331697696, "params": {"max_depth": 4.568079014939303, "n_estimators": 47.371090529589424}, "datetime": {"datetime": "2021-09-24 10:13:18", "elapsed": 66.054131, "delta": 0.901611}}
{"target": 0.44558885994630826, "params": {"max_depth": 2.7165782412690906, "n_estimators": 46.00140076302928}, "datetime": {"datetime": "2021-09-24 10:13:18", "elapsed": 66.656591, "delta": 0.60246}}
{"target": 0.43152052060135615, "params": {"max_depth": 4.455738304259856, "n_estimators": 45.040912544016756}, "datetime": {"datetime": "2021-09-24 10:13:19", "elapsed": 67.49585, "delta": 0.839259}}
{"target": 0.4463256479492259, "params": {"max_depth": 3.964993590039841, "n_estimators": 53.55597718314758}, "datetime": {"datetime": "2021-09-24 10:13:20", "elapsed": 68.463452, "delta": 0.967602}}
{"target": 0.4071113623796846, "params": {"max_depth": 7.383810407018021, "n_estimators": 45.286659161327805}, "datetime": {"datetime": "2021-09-24 10:13:21", "elapsed": 69.354445, "delta": 0.890993}}
{"target": 0.4031775502928757, "params": {"max_depth": 9.984198797320383, "n_estimators": 57.04539416078297}, "datetime": {"datetime": "2021-09-24 10:13:22", "elapsed": 70.215325, "delta": 0.86088}}
{"target": 0.443614291860411, "params": {"max_depth": 3.417501582469147, "n_estimators": 51.7432559991087}, "datetime": {"datetime": "2021-09-24 10:13:23", "elapsed": 71.033518, "delta": 0.818193}}
{"target": 0.3672762132663202, "params": {"max_depth": 11.953415920243222, "n_estimators": 21.028449518587212}, "datetime": {"datetime": "2021-09-24 10:13:23", "elapsed": 71.483303, "delta": 0.449785}}
{"target": 0.40229907641532536, "params": {"max_depth": 12.0, "n_estimators": 90.17260901897062}, "datetime": {"datetime": "2021-09-24 10:13:24", "elapsed": 72.655226, "delta": 1.171923}}
{"target": -0.27322011522305, "params": {"max_depth": 11.748439307671447, "n_estimators": 1.0210169595771612}, "datetime": {"datetime": "2021-09-24 10:13:25", "elapsed": 73.306532, "delta": 0.651306}}
