{"target": -48.86481402235586, "params": {"max_depth": 1.7422598406599556, "n_estimators": 7.4961343328880155}, "datetime": {"datetime": "2021-09-24 14:05:20", "elapsed": 697.687537, "delta": 3.626031}}
{"target": -50.74475505940788, "params": {"max_depth": 1.4686599332474906, "n_estimators": 3.9200916383921163}, "datetime": {"datetime": "2021-09-24 14:05:23", "elapsed": 700.937388, "delta": 3.249851}}
{"target": -46.29408956724943, "params": {"max_depth": 4.730814249000238, "n_estimators": 4.002265676431559}, "datetime": {"datetime": "2021-09-24 14:05:26", "elapsed": 703.239389, "delta": 2.302001}}
{"target": -45.97744360902256, "params": {"max_depth": 18.031083229955996, "n_estimators": 38.987367550684134}, "datetime": {"datetime": "2021-09-24 14:05:28", "elapsed": 705.473008, "delta": 2.233619}}
{"target": -44.60706946778233, "params": {"max_depth": 2.9528555087998507, "n_estimators": 13.111191590941804}, "datetime": {"datetime": "2021-09-24 14:05:30", "elapsed": 708.143874, "delta": 2.670866}}
{"target": -45.47517188391817, "params": {"max_depth": 3.0614672826782403, "n_estimators": 7.646452836007097}, "datetime": {"datetime": "2021-09-24 14:05:33", "elapsed": 710.907179, "delta": 2.763305}}
{"target": -46.20171117448795, "params": {"max_depth": 20.85437315179466, "n_estimators": 29.72486723469973}, "datetime": {"datetime": "2021-09-24 14:05:36", "elapsed": 713.559706, "delta": 2.652527}}
{"target": -47.22708931958408, "params": {"max_depth": 8.813669514004102, "n_estimators": 19.07148850918831}, "datetime": {"datetime": "2021-09-24 14:05:38", "elapsed": 715.995864, "delta": 2.436158}}
{"target": -45.0778470143216, "params": {"max_depth": 5.190807757514607, "n_estimators": 38.402579103155304}, "datetime": {"datetime": "2021-09-24 14:05:43", "elapsed": 720.51754, "delta": 4.521676}}
{"target": -44.59004405787518, "params": {"max_depth": 3.8931073442967286, "n_estimators": 16.912721841409905}, "datetime": {"datetime": "2021-09-24 14:05:46", "elapsed": 723.252119, "delta": 2.734579}}
{"target": -47.05739284908964, "params": {"max_depth": 12.422822330899942, "n_estimators": 22.01189408965703}, "datetime": {"datetime": "2021-09-24 14:05:48", "elapsed": 725.370675, "delta": 2.118556}}
{"target": -45.6154672395274, "params": {"max_depth": 20.461820846568976, "n_estimators": 49.957836260396945}, "datetime": {"datetime": "2021-09-24 14:05:50", "elapsed": 727.620252, "delta": 2.249577}}
{"target": -44.56224131231298, "params": {"max_depth": 4.466342207433578, "n_estimators": 35.21500483100074}, "datetime": {"datetime": "2021-09-24 14:05:53", "elapsed": 730.428943, "delta": 2.808691}}
{"target": -44.855141330607324, "params": {"max_depth": 4.495038603806472, "n_estimators": 32.45238433639764}, "datetime": {"datetime": "2021-09-24 14:05:56", "elapsed": 733.653101, "delta": 3.224158}}
{"target": -44.50867064564788, "params": {"max_depth": 4.942404539595689, "n_estimators": 13.368194944314917}, "datetime": {"datetime": "2021-09-24 14:05:59", "elapsed": 737.127414, "delta": 3.474313}}
{"target": -48.90064024192485, "params": {"max_depth": 1.7196031576183568, "n_estimators": 13.78888629046559}, "datetime": {"datetime": "2021-09-24 14:06:03", "elapsed": 740.717534, "delta": 3.59012}}
{"target": -45.93404650926468, "params": {"max_depth": 5.345608357366325, "n_estimators": 21.499930509927257}, "datetime": {"datetime": "2021-09-24 14:06:07", "elapsed": 744.260789, "delta": 3.543255}}
{"target": -44.245363032849035, "params": {"max_depth": 3.857496399301641, "n_estimators": 40.621948466699465}, "datetime": {"datetime": "2021-09-24 14:06:10", "elapsed": 747.972862, "delta": 3.712073}}
{"target": -44.25780325823444, "params": {"max_depth": 2.868481734905844, "n_estimators": 39.67084202688725}, "datetime": {"datetime": "2021-09-24 14:06:13", "elapsed": 750.356205, "delta": 2.383343}}
{"target": -44.26422556781263, "params": {"max_depth": 3.131894682057819, "n_estimators": 19.90206144904474}, "datetime": {"datetime": "2021-09-24 14:06:17", "elapsed": 754.756037, "delta": 4.399832}}
{"target": -46.09725927722532, "params": {"max_depth": 25.0, "n_estimators": 31.229256315745328}, "datetime": {"datetime": "2021-09-24 14:06:21", "elapsed": 758.275254, "delta": 3.519217}}
{"target": -44.36173724188147, "params": {"max_depth": 2.8245848203995196, "n_estimators": 32.96362409164654}, "datetime": {"datetime": "2021-09-24 14:06:24", "elapsed": 761.597889, "delta": 3.322635}}
{"target": -46.10666024242092, "params": {"max_depth": 8.310935770816952, "n_estimators": 38.50618222275277}, "datetime": {"datetime": "2021-09-24 14:06:27", "elapsed": 764.222827, "delta": 2.624938}}
{"target": -46.217881778841615, "params": {"max_depth": 9.949748430514855, "n_estimators": 28.941162972006204}, "datetime": {"datetime": "2021-09-24 14:06:29", "elapsed": 766.653452, "delta": 2.430625}}
{"target": -49.53518859867966, "params": {"max_depth": 1.098109429131985, "n_estimators": 17.781161653857804}, "datetime": {"datetime": "2021-09-24 14:06:31", "elapsed": 769.03811, "delta": 2.384658}}
{"target": -44.4084603579498, "params": {"max_depth": 3.1243381839383897, "n_estimators": 18.275524554199876}, "datetime": {"datetime": "2021-09-24 14:06:34", "elapsed": 771.34031, "delta": 2.3022}}
{"target": -46.210172086751825, "params": {"max_depth": 15.562754295687853, "n_estimators": 47.87665039064518}, "datetime": {"datetime": "2021-09-24 14:06:36", "elapsed": 774.00693, "delta": 2.66662}}
{"target": -44.7466306714223, "params": {"max_depth": 5.18736977822956, "n_estimators": 33.483761634674465}, "datetime": {"datetime": "2021-09-24 14:06:39", "elapsed": 776.525049, "delta": 2.518119}}
{"target": -45.316331752823245, "params": {"max_depth": 5.145958678322069, "n_estimators": 28.295735247899053}, "datetime": {"datetime": "2021-09-24 14:06:42", "elapsed": 779.842281, "delta": 3.317232}}
{"target": -44.186003965813434, "params": {"max_depth": 3.854531374508645, "n_estimators": 37.83567935530424}, "datetime": {"datetime": "2021-09-24 14:06:45", "elapsed": 782.206361, "delta": 2.36408}}
{"target": -44.545495082383695, "params": {"max_depth": 3.1178443717611932, "n_estimators": 22.323529395348757}, "datetime": {"datetime": "2021-09-24 14:06:49", "elapsed": 786.950688, "delta": 4.744327}}
{"target": -45.23924446743817, "params": {"max_depth": 6.7407153017960395, "n_estimators": 46.029704543732635}, "datetime": {"datetime": "2021-09-24 14:06:52", "elapsed": 789.332792, "delta": 2.382104}}
{"target": -45.74341123059958, "params": {"max_depth": 10.30987350060805, "n_estimators": 35.699126207493}, "datetime": {"datetime": "2021-09-24 14:06:54", "elapsed": 791.678163, "delta": 2.345371}}
{"target": -44.26163794009688, "params": {"max_depth": 3.186668357370924, "n_estimators": 35.5451839518406}, "datetime": {"datetime": "2021-09-24 14:06:57", "elapsed": 794.655421, "delta": 2.977258}}
{"target": -44.19691647198961, "params": {"max_depth": 3.1030325545365667, "n_estimators": 39.19000948811277}, "datetime": {"datetime": "2021-09-24 14:07:00", "elapsed": 797.590157, "delta": 2.934736}}
{"target": -44.25492125737303, "params": {"max_depth": 2.0850205166034383, "n_estimators": 43.503479735894786}, "datetime": {"datetime": "2021-09-24 14:07:03", "elapsed": 800.271693, "delta": 2.681536}}
{"target": -46.99692412850307, "params": {"max_depth": 19.056998809370683, "n_estimators": 22.770541987095143}, "datetime": {"datetime": "2021-09-24 14:07:06", "elapsed": 803.780143, "delta": 3.50845}}
{"target": -45.75552555906336, "params": {"max_depth": 9.996702067493136, "n_estimators": 44.663329645043824}, "datetime": {"datetime": "2021-09-24 14:07:09", "elapsed": 806.847662, "delta": 3.067519}}
{"target": -46.19441082711621, "params": {"max_depth": 10.84352486345026, "n_estimators": 32.02341010552858}, "datetime": {"datetime": "2021-09-24 14:07:13", "elapsed": 810.179555, "delta": 3.331893}}
{"target": -44.46396572975045, "params": {"max_depth": 4.176225210941125, "n_estimators": 42.819435372027804}, "datetime": {"datetime": "2021-09-24 14:07:15", "elapsed": 812.819721, "delta": 2.640166}}
{"target": -44.54766167259763, "params": {"max_depth": 4.423205305394514, "n_estimators": 43.78641179615564}, "datetime": {"datetime": "2021-09-24 14:07:18", "elapsed": 815.314113, "delta": 2.494392}}
{"target": -45.05435182454075, "params": {"max_depth": 5.629773643773287, "n_estimators": 43.013779683904545}, "datetime": {"datetime": "2021-09-24 14:07:21", "elapsed": 818.52074, "delta": 3.206627}}
{"target": -44.71121261295027, "params": {"max_depth": 3.450588510465069, "n_estimators": 15.24450305853122}, "datetime": {"datetime": "2021-09-24 14:07:23", "elapsed": 820.925901, "delta": 2.405161}}
{"target": -45.68149642398679, "params": {"max_depth": 18.597360969008907, "n_estimators": 41.11316406940614}, "datetime": {"datetime": "2021-09-24 14:07:26", "elapsed": 823.654218, "delta": 2.728317}}
{"target": -48.86534518113466, "params": {"max_depth": 19.761351615142928, "n_estimators": 11.690467048621455}, "datetime": {"datetime": "2021-09-24 14:07:28", "elapsed": 825.922111, "delta": 2.267893}}
{"target": -44.4146201428624, "params": {"max_depth": 3.0282244532771863, "n_estimators": 14.585213369706436}, "datetime": {"datetime": "2021-09-24 14:07:31", "elapsed": 828.992115, "delta": 3.070004}}
{"target": -45.33360162734794, "params": {"max_depth": 6.449353455702454, "n_estimators": 31.614934491706858}, "datetime": {"datetime": "2021-09-24 14:07:35", "elapsed": 832.719765, "delta": 3.72765}}
{"target": -44.413270639338194, "params": {"max_depth": 3.056862416416995, "n_estimators": 24.04706245628069}, "datetime": {"datetime": "2021-09-24 14:07:37", "elapsed": 835.093988, "delta": 2.374223}}
{"target": -44.245363032849035, "params": {"max_depth": 3.130482179870879, "n_estimators": 40.78907866077394}, "datetime": {"datetime": "2021-09-24 14:07:40", "elapsed": 837.882698, "delta": 2.78871}}
{"target": -44.48819510814761, "params": {"max_depth": 3.093225577170223, "n_estimators": 29.74985045235762}, "datetime": {"datetime": "2021-09-24 14:07:45", "elapsed": 842.58542, "delta": 4.702722}}
{"target": -44.619340448781365, "params": {"max_depth": 4.643607484457348, "n_estimators": 40.137137310777426}, "datetime": {"datetime": "2021-09-24 14:07:49", "elapsed": 846.317713, "delta": 3.732293}}
{"target": -44.821397404448454, "params": {"max_depth": 4.274975488470813, "n_estimators": 28.862420656053335}, "datetime": {"datetime": "2021-09-24 14:07:52", "elapsed": 849.656049, "delta": 3.338336}}
{"target": -44.236922872642644, "params": {"max_depth": 2.558799531775742, "n_estimators": 35.74709385856452}, "datetime": {"datetime": "2021-09-24 14:07:55", "elapsed": 852.618932, "delta": 2.962883}}
{"target": -44.110890380024536, "params": {"max_depth": 3.4540686058913774, "n_estimators": 49.37583958992012}, "datetime": {"datetime": "2021-09-24 14:07:58", "elapsed": 856.057141, "delta": 3.438209}}
{"target": -44.25492125737303, "params": {"max_depth": 2.4112323266310938, "n_estimators": 43.75740914391484}, "datetime": {"datetime": "2021-09-24 14:08:02", "elapsed": 859.739719, "delta": 3.682578}}
{"target": -45.09426920651813, "params": {"max_depth": 5.330086184832664, "n_estimators": 47.036438788173776}, "datetime": {"datetime": "2021-09-24 14:08:07", "elapsed": 864.50494, "delta": 4.765221}}
{"target": -45.61049051199427, "params": {"max_depth": 18.568366111995687, "n_estimators": 42.50729552458857}, "datetime": {"datetime": "2021-09-24 14:08:11", "elapsed": 868.391098, "delta": 3.886158}}
{"target": -44.23157333948485, "params": {"max_depth": 2.4102707664569936, "n_estimators": 42.96341643830168}, "datetime": {"datetime": "2021-09-24 14:08:13", "elapsed": 870.896421, "delta": 2.505323}}
{"target": -43.797045030968164, "params": {"max_depth": 2.4384761797245087, "n_estimators": 9.569445425926993}, "datetime": {"datetime": "2021-09-24 14:08:17", "elapsed": 875.054653, "delta": 4.158232}}
{"target": -44.13768888961451, "params": {"max_depth": 3.5838958092651847, "n_estimators": 47.88766389416273}, "datetime": {"datetime": "2021-09-24 14:08:22", "elapsed": 880.098935, "delta": 5.044282}}
{"target": -44.54882224556778, "params": {"max_depth": 2.6484759538134792, "n_estimators": 30.516535248238416}, "datetime": {"datetime": "2021-09-24 14:08:28", "elapsed": 885.269788, "delta": 5.170853}}
{"target": -44.22147831876444, "params": {"max_depth": 3.2659133859640974, "n_estimators": 44.37149522353244}, "datetime": {"datetime": "2021-09-24 14:08:31", "elapsed": 888.231778, "delta": 2.96199}}
{"target": -44.59238380134577, "params": {"max_depth": 2.753407317986265, "n_estimators": 16.059553342839656}, "datetime": {"datetime": "2021-09-24 14:08:34", "elapsed": 892.145828, "delta": 3.91405}}
{"target": -44.311009698722636, "params": {"max_depth": 2.322179395928894, "n_estimators": 47.96383959816332}, "datetime": {"datetime": "2021-09-24 14:08:38", "elapsed": 895.65626, "delta": 3.510432}}
{"target": -44.973050123821885, "params": {"max_depth": 5.194820719626067, "n_estimators": 41.417490872782054}, "datetime": {"datetime": "2021-09-24 14:08:41", "elapsed": 898.641751, "delta": 2.985491}}
{"target": -45.4014513783359, "params": {"max_depth": 6.56752919447805, "n_estimators": 39.755131761955525}, "datetime": {"datetime": "2021-09-24 14:08:46", "elapsed": 903.275816, "delta": 4.634065}}
{"target": -44.13768888961451, "params": {"max_depth": 3.045045224964144, "n_estimators": 47.159317233033505}, "datetime": {"datetime": "2021-09-24 14:08:51", "elapsed": 908.271283, "delta": 4.995467}}
{"target": -44.49758942560119, "params": {"max_depth": 2.251066014107722, "n_estimators": 14.686165375401004}, "datetime": {"datetime": "2021-09-24 14:45:59", "elapsed": 0.0, "delta": 0.0}}
{"target": -48.74971485214035, "params": {"max_depth": 1.0003431244520347, "n_estimators": 6.744318880004956}, "datetime": {"datetime": "2021-09-24 14:45:59", "elapsed": 0.015007, "delta": 0.015007}}
{"target": -51.88091165969202, "params": {"max_depth": 1.440267672451339, "n_estimators": 2.7544333006071584}, "datetime": {"datetime": "2021-09-24 14:45:59", "elapsed": 0.023041, "delta": 0.008034}}
{"target": -49.237888702034006, "params": {"max_depth": 1.0, "n_estimators": 20.0}, "datetime": {"datetime": "2021-09-24 14:45:59", "elapsed": 0.170046, "delta": 0.147005}}
{"target": -44.60706946778233, "params": {"max_depth": 2.638212053738803, "n_estimators": 13.512455031677813}, "datetime": {"datetime": "2021-09-24 14:46:00", "elapsed": 0.691007, "delta": 0.520961}}
{"target": -44.866401548820214, "params": {"max_depth": 4.0, "n_estimators": 15.773708614832156}, "datetime": {"datetime": "2021-09-24 14:46:00", "elapsed": 0.853009, "delta": 0.162002}}
{"target": -48.64221016155921, "params": {"max_depth": 1.0, "n_estimators": 12.04706502755603}, "datetime": {"datetime": "2021-09-24 14:46:00", "elapsed": 1.00101, "delta": 0.148001}}
{"target": -45.303066569851495, "params": {"max_depth": 4.0, "n_estimators": 11.239738053760119}, "datetime": {"datetime": "2021-09-24 14:46:00", "elapsed": 1.165127, "delta": 0.164117}}
{"target": -44.50867064564788, "params": {"max_depth": 4.0, "n_estimators": 13.810596636222193}, "datetime": {"datetime": "2021-09-24 14:46:00", "elapsed": 1.339152, "delta": 0.174025}}
{"target": -46.00543092509474, "params": {"max_depth": 4.0, "n_estimators": 8.084701699703217}, "datetime": {"datetime": "2021-09-24 14:46:00", "elapsed": 1.50215, "delta": 0.162998}}
{"target": -44.4084603579498, "params": {"max_depth": 3.9980032350382984, "n_estimators": 18.589115403309908}, "datetime": {"datetime": "2021-09-24 14:46:00", "elapsed": 1.670151, "delta": 0.168001}}
{"target": -44.72519987375203, "params": {"max_depth": 2.3687500717883565, "n_estimators": 17.04256009159879}, "datetime": {"datetime": "2021-09-24 14:46:01", "elapsed": 1.850228, "delta": 0.180077}}
{"target": -45.007792506074324, "params": {"max_depth": 4.0, "n_estimators": 20.0}, "datetime": {"datetime": "2021-09-24 14:46:01", "elapsed": 2.025191, "delta": 0.174963}}
{"target": -49.26051546122638, "params": {"max_depth": 1.0, "n_estimators": 15.962741073442562}, "datetime": {"datetime": "2021-09-24 14:46:01", "elapsed": 2.195285, "delta": 0.170094}}
{"target": -44.61020949768879, "params": {"max_depth": 3.7532042196922983, "n_estimators": 17.241675038613252}, "datetime": {"datetime": "2021-09-24 14:46:01", "elapsed": 2.39525, "delta": 0.199965}}
{"target": -46.44509540057821, "params": {"max_depth": 4.0, "n_estimators": 5.572540835504126}, "datetime": {"datetime": "2021-09-24 14:46:02", "elapsed": 2.684248, "delta": 0.288998}}
{"target": -52.06446147984406, "params": {"max_depth": 4.0, "n_estimators": 1.0}, "datetime": {"datetime": "2021-09-24 14:46:02", "elapsed": 2.976297, "delta": 0.292049}}
{"target": -44.4146201428624, "params": {"max_depth": 3.1869345825246658, "n_estimators": 14.751921438179933}, "datetime": {"datetime": "2021-09-24 14:46:02", "elapsed": 3.245285, "delta": 0.268988}}
{"target": -44.61607775172433, "params": {"max_depth": 2.8442932570247916, "n_estimators": 18.44510598834761}, "datetime": {"datetime": "2021-09-24 14:46:02", "elapsed": 3.427242, "delta": 0.181957}}
{"target": -44.847228577414384, "params": {"max_depth": 4.0, "n_estimators": 12.600624473680375}, "datetime": {"datetime": "2021-09-24 14:46:03", "elapsed": 3.799796, "delta": 0.372554}}
{"target": -44.59238380134577, "params": {"max_depth": 2.960557032272774, "n_estimators": 16.12187646350901}, "datetime": {"datetime": "2021-09-24 14:46:03", "elapsed": 4.059831, "delta": 0.260035}}
{"target": -43.797045030968164, "params": {"max_depth": 2.696205463822496, "n_estimators": 9.602693155819297}, "datetime": {"datetime": "2021-09-24 14:46:03", "elapsed": 4.268831, "delta": 0.209}}
{"target": -48.101207711849405, "params": {"max_depth": 1.1868431285429366, "n_estimators": 9.29435129102058}, "datetime": {"datetime": "2021-09-24 14:46:03", "elapsed": 4.46279, "delta": 0.193959}}
{"target": -44.540653154119084, "params": {"max_depth": 3.8547675855327763, "n_estimators": 9.6661701521669}, "datetime": {"datetime": "2021-09-24 14:46:04", "elapsed": 4.691789, "delta": 0.228999}}
{"target": -44.30477884027204, "params": {"max_depth": 2.8400690880840864, "n_estimators": 10.520793479540096}, "datetime": {"datetime": "2021-09-24 14:46:04", "elapsed": 4.893796, "delta": 0.202007}}
{"target": -45.16475805010989, "params": {"max_depth": 3.022223318155655, "n_estimators": 8.991463711621055}, "datetime": {"datetime": "2021-09-24 14:46:04", "elapsed": 5.076789, "delta": 0.182993}}
{"target": -44.540653154119084, "params": {"max_depth": 3.1309168359511386, "n_estimators": 9.93798032735032}, "datetime": {"datetime": "2021-09-24 14:46:04", "elapsed": 5.273797, "delta": 0.197008}}
{"target": -44.5298015218777, "params": {"max_depth": 2.8681031642409307, "n_estimators": 11.9874474635582}, "datetime": {"datetime": "2021-09-24 14:46:04", "elapsed": 5.440788, "delta": 0.166991}}
{"target": -44.30477884027204, "params": {"max_depth": 2.1307975136693607, "n_estimators": 10.259422783995083}, "datetime": {"datetime": "2021-09-24 14:46:04", "elapsed": 5.682789, "delta": 0.242001}}
{"target": -44.61020949768879, "params": {"max_depth": 3.0399799289946317, "n_estimators": 17.616537379649856}, "datetime": {"datetime": "2021-09-24 14:46:05", "elapsed": 5.893847, "delta": 0.211058}}
{"target": -44.26422556781263, "params": {"max_depth": 3.1253272835617154, "n_estimators": 19.503438077453264}, "datetime": {"datetime": "2021-09-24 14:46:05", "elapsed": 6.302887, "delta": 0.40904}}
{"target": -44.831558301918896, "params": {"max_depth": 3.3568003116919836, "n_estimators": 13.175772999711539}, "datetime": {"datetime": "2021-09-24 14:46:05", "elapsed": 6.590897, "delta": 0.28801}}
{"target": -44.26422556781263, "params": {"max_depth": 3.5556969444959186, "n_estimators": 19.107461769997965}, "datetime": {"datetime": "2021-09-24 14:46:06", "elapsed": 6.876004, "delta": 0.285107}}
{"target": -44.4146201428624, "params": {"max_depth": 3.9917513854158244, "n_estimators": 14.773255192468449}, "datetime": {"datetime": "2021-09-24 14:46:06", "elapsed": 7.365244, "delta": 0.48924}}
{"target": -43.797045030968164, "params": {"max_depth": 2.3743615771729574, "n_estimators": 9.77478548286378}, "datetime": {"datetime": "2021-09-24 14:46:07", "elapsed": 7.726869, "delta": 0.361625}}
{"target": -48.90064024192485, "params": {"max_depth": 1.6338805076598228, "n_estimators": 13.89277672279881}, "datetime": {"datetime": "2021-09-24 14:46:07", "elapsed": 7.958056, "delta": 0.231187}}
{"target": -46.29408956724943, "params": {"max_depth": 4.0, "n_estimators": 4.030418257408376}, "datetime": {"datetime": "2021-09-24 14:46:07", "elapsed": 8.161046, "delta": 0.20299}}
{"target": -49.56978338413313, "params": {"max_depth": 1.5621087466013743, "n_estimators": 18.031976833734547}, "datetime": {"datetime": "2021-09-24 14:46:07", "elapsed": 8.452295, "delta": 0.291249}}
{"target": -44.49758942560119, "params": {"max_depth": 2.9542300867438303, "n_estimators": 14.109400101515886}, "datetime": {"datetime": "2021-09-24 14:46:08", "elapsed": 8.739494, "delta": 0.287199}}
{"target": -44.59709042614768, "params": {"max_depth": 2.46881964820981, "n_estimators": 15.40545815953332}, "datetime": {"datetime": "2021-09-24 14:46:08", "elapsed": 8.983794, "delta": 0.2443}}
{"target": -44.5298015218777, "params": {"max_depth": 2.3631414086036253, "n_estimators": 11.243292440984096}, "datetime": {"datetime": "2021-09-24 14:46:08", "elapsed": 9.225965, "delta": 0.242171}}
{"target": -45.611374515022774, "params": {"max_depth": 2.521862565474111, "n_estimators": 5.175308242367494}, "datetime": {"datetime": "2021-09-24 14:46:08", "elapsed": 9.503816, "delta": 0.277851}}
{"target": -45.000293070483465, "params": {"max_depth": 2.9357143035106072, "n_estimators": 6.617073655534342}, "datetime": {"datetime": "2021-09-24 14:46:09", "elapsed": 9.759861, "delta": 0.256045}}
