{"target": -39.02089579069051, "params": {"max_depth": 6.806893646293673, "n_estimators": 43.34488190322153, "random_state": 11.741512305334181}, "datetime": {"datetime": "2021-09-30 08:44:09", "elapsed": 571.561621, "delta": 3.256396}}
{"target": -39.09773580001209, "params": {"max_depth": 5.778264845216375, "n_estimators": 42.75567421031957, "random_state": 10.589069911058395}, "datetime": {"datetime": "2021-09-30 08:44:12", "elapsed": 574.327617, "delta": 2.765996}}
{"target": -38.79534835806918, "params": {"max_depth": 8.263059034744927, "n_estimators": 42.76737371520448, "random_state": 11.5350269527582}, "datetime": {"datetime": "2021-09-30 08:44:15", "elapsed": 577.135556, "delta": 2.807939}}
{"target": -39.86909772038088, "params": {"max_depth": 8.142878287203724, "n_estimators": 44.06379995976249, "random_state": 10.99130091640205}, "datetime": {"datetime": "2021-09-30 08:44:18", "elapsed": 580.287571, "delta": 3.152015}}
{"target": -39.58058965685943, "params": {"max_depth": 8.022570393363612, "n_estimators": 41.34304653701908, "random_state": 10.577679385967542}, "datetime": {"datetime": "2021-09-30 08:44:20", "elapsed": 582.992464, "delta": 2.704893}}
{"target": -39.31139421874024, "params": {"max_depth": 8.416730428106735, "n_estimators": 42.236982393961696, "random_state": 12.536998484138515}, "datetime": {"datetime": "2021-09-30 08:44:23", "elapsed": 585.945526, "delta": 2.953062}}
{"target": -39.17267109992855, "params": {"max_depth": 4.4648004346095895, "n_estimators": 40.61091263452329, "random_state": 5.914678338145335}, "datetime": {"datetime": "2021-09-30 08:44:25", "elapsed": 587.984103, "delta": 2.038577}}
{"target": -39.01920993271595, "params": {"max_depth": 6.330750829679165, "n_estimators": 41.3468081792942, "random_state": 11.036663665166994}, "datetime": {"datetime": "2021-09-30 08:44:27", "elapsed": 590.056303, "delta": 2.0722}}
{"target": -40.00929170992943, "params": {"max_depth": 15.803818678212206, "n_estimators": 39.52808175195493, "random_state": 4.605204259907017}, "datetime": {"datetime": "2021-09-30 08:44:29", "elapsed": 592.029909, "delta": 1.973606}}
{"target": -39.52854343182872, "params": {"max_depth": 4.292209451754796, "n_estimators": 41.44756047925898, "random_state": 10.971176554870748}, "datetime": {"datetime": "2021-09-30 08:44:32", "elapsed": 594.672284, "delta": 2.642375}}
{"target": -39.039449545698865, "params": {"max_depth": 24.14702609293071, "n_estimators": 33.43900527765191, "random_state": 5.640554230866818}, "datetime": {"datetime": "2021-09-30 08:44:35", "elapsed": 597.466544, "delta": 2.79426}}
{"target": -38.61621455700946, "params": {"max_depth": 6.091273769640965, "n_estimators": 40.179393667638074, "random_state": 5.275203977508419}, "datetime": {"datetime": "2021-09-30 08:44:37", "elapsed": 599.875643, "delta": 2.409099}}
{"target": -38.61280414506506, "params": {"max_depth": 6.235264792262056, "n_estimators": 40.865774250674825, "random_state": 6.233299930504235}, "datetime": {"datetime": "2021-09-30 08:44:40", "elapsed": 602.419925, "delta": 2.544282}}
{"target": -38.645712184522026, "params": {"max_depth": 6.984819128347711, "n_estimators": 41.00054411364523, "random_state": 5.2966417238021}, "datetime": {"datetime": "2021-09-30 08:44:42", "elapsed": 604.956065, "delta": 2.53614}}
{"target": -39.101150073100726, "params": {"max_depth": 7.410021057589542, "n_estimators": 39.77609363993198, "random_state": 5.719622280809501}, "datetime": {"datetime": "2021-09-30 08:44:45", "elapsed": 607.426388, "delta": 2.470323}}
{"target": -39.30372289412622, "params": {"max_depth": 6.771862558828465, "n_estimators": 39.768079599225175, "random_state": 4.1604471654264685}, "datetime": {"datetime": "2021-09-30 08:44:48", "elapsed": 610.857783, "delta": 3.431395}}
{"target": -39.627999401635435, "params": {"max_depth": 7.3448620741570805, "n_estimators": 41.42017575559187, "random_state": 6.457373754136677}, "datetime": {"datetime": "2021-09-30 08:44:51", "elapsed": 613.094323, "delta": 2.23654}}
{"target": -39.026036088108754, "params": {"max_depth": 5.485096594853873, "n_estimators": 39.93145854580344, "random_state": 6.559030181832469}, "datetime": {"datetime": "2021-09-30 08:44:53", "elapsed": 615.660074, "delta": 2.565751}}
{"target": -39.56664308146705, "params": {"max_depth": 6.501937562280698, "n_estimators": 41.04063944773472, "random_state": 4.400018262996387}, "datetime": {"datetime": "2021-09-30 08:44:56", "elapsed": 618.130807, "delta": 2.470733}}
{"target": -38.94512809714177, "params": {"max_depth": 4.645926969095463, "n_estimators": 38.94947427502565, "random_state": 4.9430182380765215}, "datetime": {"datetime": "2021-09-30 08:44:58", "elapsed": 620.996348, "delta": 2.865541}}
{"target": -40.54142370896188, "params": {"max_depth": 5.368942419734562, "n_estimators": 41.62262720249797, "random_state": 7.040340957095693}, "datetime": {"datetime": "2021-09-30 08:45:01", "elapsed": 623.483394, "delta": 2.487046}}
{"target": -39.07466727339381, "params": {"max_depth": 3.32221737546944, "n_estimators": 39.67356076684382, "random_state": 4.877319862782142}, "datetime": {"datetime": "2021-09-30 08:45:04", "elapsed": 626.300281, "delta": 2.816887}}
{"target": -38.55967878501605, "params": {"max_depth": 6.241199711872688, "n_estimators": 38.54746876442835, "random_state": 6.151731399415036}, "datetime": {"datetime": "2021-09-30 08:45:07", "elapsed": 629.552058, "delta": 3.251777}}
{"target": -38.55224256344478, "params": {"max_depth": 6.026150142356914, "n_estimators": 38.74773911131166, "random_state": 5.150168902692844}, "datetime": {"datetime": "2021-09-30 08:45:10", "elapsed": 632.100934, "delta": 2.548876}}
{"target": -38.76840952435015, "params": {"max_depth": 5.452999492381712, "n_estimators": 37.80737446676914, "random_state": 5.710452075302196}, "datetime": {"datetime": "2021-09-30 08:45:12", "elapsed": 634.759025, "delta": 2.658091}}
{"target": -38.77148716472, "params": {"max_depth": 6.780057240717105, "n_estimators": 37.7819973703307, "random_state": 5.383817123966274}, "datetime": {"datetime": "2021-09-30 08:45:16", "elapsed": 638.349855, "delta": 3.59083}}
{"target": -39.22154451272102, "params": {"max_depth": 5.810303858942176, "n_estimators": 37.781680214012795, "random_state": 4.30314279095749}, "datetime": {"datetime": "2021-09-30 08:45:18", "elapsed": 640.481124, "delta": 2.131269}}
{"target": -39.58255954169767, "params": {"max_depth": 7.37077816825514, "n_estimators": 37.60403963702929, "random_state": 6.482373685833233}, "datetime": {"datetime": "2021-09-30 08:45:21", "elapsed": 643.119823, "delta": 2.638699}}
{"target": -39.057545765241656, "params": {"max_depth": 4.084620800187304, "n_estimators": 38.343445656354646, "random_state": 6.502672718950652}, "datetime": {"datetime": "2021-09-30 08:45:24", "elapsed": 646.218185, "delta": 3.098362}}
{"target": -40.47216697334271, "params": {"max_depth": 5.526703070374169, "n_estimators": 38.12076253680482, "random_state": 7.423298384855489}, "datetime": {"datetime": "2021-09-30 08:45:27", "elapsed": 649.341357, "delta": 3.123172}}
{"target": -38.649582089934434, "params": {"max_depth": 6.635033507241721, "n_estimators": 39.716950667052714, "random_state": 6.30340627849395}, "datetime": {"datetime": "2021-09-30 08:45:31", "elapsed": 653.384246, "delta": 4.042889}}
{"target": -39.24845712836185, "params": {"max_depth": 4.133931706659617, "n_estimators": 37.20179176979536, "random_state": 5.021263233907961}, "datetime": {"datetime": "2021-09-30 08:45:34", "elapsed": 656.158055, "delta": 2.773809}}
{"target": -39.577243227798235, "params": {"max_depth": 3.275426922313516, "n_estimators": 39.39332087363478, "random_state": 6.174887189097432}, "datetime": {"datetime": "2021-09-30 08:45:36", "elapsed": 658.743494, "delta": 2.585439}}
{"target": -39.16694480499399, "params": {"max_depth": 3.552517176984267, "n_estimators": 41.135150279053654, "random_state": 4.250706420663726}, "datetime": {"datetime": "2021-09-30 08:45:39", "elapsed": 661.174616, "delta": 2.431122}}
{"target": -38.62969085771145, "params": {"max_depth": 5.870301643004848, "n_estimators": 39.28734018239228, "random_state": 5.965132315331254}, "datetime": {"datetime": "2021-09-30 08:45:41", "elapsed": 663.870723, "delta": 2.696107}}
{"target": -37.93303426084822, "params": {"max_depth": 8.064374943259427, "n_estimators": 20.65459289055003, "random_state": 5.653498566044017}, "datetime": {"datetime": "2021-09-30 08:45:45", "elapsed": 667.362731, "delta": 3.492008}}
{"target": -39.58535469238409, "params": {"max_depth": 7.257355499474614, "n_estimators": 20.383002966469085, "random_state": 5.472122770706603}, "datetime": {"datetime": "2021-09-30 08:45:47", "elapsed": 670.077199, "delta": 2.714468}}
{"target": -39.55067687457536, "params": {"max_depth": 7.9488902497925045, "n_estimators": 21.67863610049794, "random_state": 5.135851608172781}, "datetime": {"datetime": "2021-09-30 08:45:50", "elapsed": 672.285898, "delta": 2.208699}}
{"target": -37.93303426084822, "params": {"max_depth": 8.461036920364862, "n_estimators": 20.559175479636433, "random_state": 5.388785174223722}, "datetime": {"datetime": "2021-09-30 08:45:53", "elapsed": 675.278772, "delta": 2.992874}}
{"target": -37.93303426084822, "params": {"max_depth": 8.067171681360477, "n_estimators": 20.070537672330882, "random_state": 5.901022825014118}, "datetime": {"datetime": "2021-09-30 08:45:55", "elapsed": 677.599532, "delta": 2.32076}}
{"target": -39.46416472387227, "params": {"max_depth": 8.34635950180689, "n_estimators": 20.252137404978345, "random_state": 6.409566986488798}, "datetime": {"datetime": "2021-09-30 08:45:57", "elapsed": 679.870418, "delta": 2.270886}}
{"target": -39.24269400495864, "params": {"max_depth": 3.524044124494284, "n_estimators": 39.300135754115075, "random_state": 3.5793614614982703}, "datetime": {"datetime": "2021-09-30 08:46:00", "elapsed": 682.740871, "delta": 2.870453}}
{"target": -39.838389741307076, "params": {"max_depth": 8.823400873092018, "n_estimators": 20.08054934748213, "random_state": 3.8819825280166067}, "datetime": {"datetime": "2021-09-30 08:46:03", "elapsed": 686.030337, "delta": 3.289466}}
{"target": -39.584316283444494, "params": {"max_depth": 7.52951970511654, "n_estimators": 32.54175741053555, "random_state": 12.226543326905267}, "datetime": {"datetime": "2021-09-30 08:46:08", "elapsed": 690.120478, "delta": 4.090141}}
{"target": -40.10175829900977, "params": {"max_depth": 3.7440026975940577, "n_estimators": 56.92417936253176, "random_state": 5.830350382916873}, "datetime": {"datetime": "2021-09-30 08:46:12", "elapsed": 694.279665, "delta": 4.159187}}
{"target": -38.60160802979482, "params": {"max_depth": 19.116807849021196, "n_estimators": 38.531775595123705, "random_state": 6.004819118670106}, "datetime": {"datetime": "2021-09-30 08:46:15", "elapsed": 697.166886, "delta": 2.887221}}
{"target": -39.58535469238409, "params": {"max_depth": 7.892238102160727, "n_estimators": 20.004215185621035, "random_state": 5.1509979368494125}, "datetime": {"datetime": "2021-09-30 08:46:17", "elapsed": 700.036568, "delta": 2.869682}}
{"target": -40.25990597448747, "params": {"max_depth": 19.143442120965936, "n_estimators": 37.23158374892649, "random_state": 7.1202446176985}, "datetime": {"datetime": "2021-09-30 08:46:22", "elapsed": 704.865735, "delta": 4.829167}}
{"target": -38.727230041980334, "params": {"max_depth": 25.427416896074917, "n_estimators": 50.9271130675926, "random_state": 11.438849091982158}, "datetime": {"datetime": "2021-09-30 08:46:26", "elapsed": 708.878498, "delta": 4.012763}}
{"target": -38.55224256344478, "params": {"max_depth": 6.813649759683096, "n_estimators": 38.825542790480036, "random_state": 5.527693271106744}, "datetime": {"datetime": "2021-09-30 08:46:29", "elapsed": 711.737061, "delta": 2.858563}}
{"target": -39.842568655800356, "params": {"max_depth": 19.97167738677285, "n_estimators": 37.3171064310109, "random_state": 4.709432275762644}, "datetime": {"datetime": "2021-09-30 08:46:33", "elapsed": 715.356064, "delta": 3.619003}}
{"target": -39.80793287305123, "params": {"max_depth": 30.0, "n_estimators": 39.37420011703416, "random_state": 10.963963602288262}, "datetime": {"datetime": "2021-09-30 08:46:36", "elapsed": 718.354885, "delta": 2.998821}}
{"target": -38.854455845320864, "params": {"max_depth": 17.78023748973697, "n_estimators": 37.30806926036576, "random_state": 5.658288939544594}, "datetime": {"datetime": "2021-09-30 08:46:39", "elapsed": 721.886973, "delta": 3.532088}}
{"target": -38.49236048507292, "params": {"max_depth": 11.462219519543627, "n_estimators": 44.35790665612146, "random_state": 6.017072993184707}, "datetime": {"datetime": "2021-09-30 08:46:42", "elapsed": 725.00805, "delta": 3.121077}}
{"target": -40.18637664839627, "params": {"max_depth": 10.601196763633855, "n_estimators": 43.74690730121906, "random_state": 7.176458360915296}, "datetime": {"datetime": "2021-09-30 08:46:45", "elapsed": 727.979341, "delta": 2.971291}}
{"target": -38.09378915195394, "params": {"max_depth": 8.794263974187443, "n_estimators": 21.22363748327526, "random_state": 5.8278195256899}, "datetime": {"datetime": "2021-09-30 08:46:48", "elapsed": 730.635864, "delta": 2.656523}}
{"target": -37.93303426084822, "params": {"max_depth": 8.732486247805676, "n_estimators": 20.902929155183184, "random_state": 5.264335209419087}, "datetime": {"datetime": "2021-09-30 08:46:51", "elapsed": 733.2785, "delta": 2.642636}}
{"target": -38.770551039446616, "params": {"max_depth": 6.297496112114329, "n_estimators": 39.73423457800763, "random_state": 10.84660748019738}, "datetime": {"datetime": "2021-09-30 08:46:54", "elapsed": 736.165309, "delta": 2.886809}}
{"target": -37.93303426084822, "params": {"max_depth": 8.246194169513233, "n_estimators": 20.998677922426893, "random_state": 5.509078172978148}, "datetime": {"datetime": "2021-09-30 08:46:57", "elapsed": 740.054408, "delta": 3.889099}}
{"target": -38.9418452947533, "params": {"max_depth": 12.163478225569987, "n_estimators": 45.16363508521333, "random_state": 5.834420409789731}, "datetime": {"datetime": "2021-09-30 08:47:01", "elapsed": 743.092466, "delta": 3.038058}}
{"target": -37.93303426084822, "params": {"max_depth": 8.744848032344976, "n_estimators": 20.7191186761159, "random_state": 5.839384161865578}, "datetime": {"datetime": "2021-09-30 08:47:05", "elapsed": 747.090882, "delta": 3.998416}}
{"target": -39.423204668107886, "params": {"max_depth": 7.562784907562666, "n_estimators": 38.24729789246274, "random_state": 4.412966413080215}, "datetime": {"datetime": "2021-09-30 08:47:07", "elapsed": 749.587007, "delta": 2.496125}}
{"target": -39.410272970395745, "params": {"max_depth": 10.986268996595566, "n_estimators": 45.09949469634478, "random_state": 5.434267283720061}, "datetime": {"datetime": "2021-09-30 08:47:10", "elapsed": 752.366917, "delta": 2.77991}}
{"target": -39.47066312872458, "params": {"max_depth": 29.69297431763181, "n_estimators": 58.784507200630316, "random_state": 5.451621377331571}, "datetime": {"datetime": "2021-09-30 08:47:14", "elapsed": 756.341467, "delta": 3.97455}}
{"target": -38.77065079373028, "params": {"max_depth": 17.287254034802153, "n_estimators": 43.60627612279306, "random_state": 5.4643493383488515}, "datetime": {"datetime": "2021-09-30 08:47:17", "elapsed": 759.10549, "delta": 2.764023}}
{"target": -40.25089611768434, "params": {"max_depth": 17.102658851243113, "n_estimators": 44.764766335375924, "random_state": 4.782649255334812}, "datetime": {"datetime": "2021-09-30 08:47:21", "elapsed": 763.327128, "delta": 4.221638}}
{"target": -38.529044355589996, "params": {"max_depth": 16.897521731029506, "n_estimators": 43.00679587649221, "random_state": 6.490412695226489}, "datetime": {"datetime": "2021-09-30 08:47:24", "elapsed": 766.601144, "delta": 3.274016}}
{"target": -38.78468418584411, "params": {"max_depth": 15.351744796784592, "n_estimators": 43.65264779443945, "random_state": 6.548222484541515}, "datetime": {"datetime": "2021-09-30 08:47:27", "elapsed": 769.738407, "delta": 3.137263}}
{"target": -38.529044355589996, "params": {"max_depth": 16.8386800507458, "n_estimators": 43.95136028287766, "random_state": 6.56914445495125}, "datetime": {"datetime": "2021-09-30 08:47:30", "elapsed": 772.916795, "delta": 3.178388}}
{"target": -40.51951412053017, "params": {"max_depth": 16.122124233432324, "n_estimators": 44.50282235369616, "random_state": 7.618333405385183}, "datetime": {"datetime": "2021-09-30 08:47:33", "elapsed": 775.72465, "delta": 2.807855}}
{"target": -38.529044355589996, "params": {"max_depth": 16.280596588360464, "n_estimators": 43.81383682692373, "random_state": 6.191357259296616}, "datetime": {"datetime": "2021-09-30 08:47:36", "elapsed": 778.821532, "delta": 3.096882}}
{"target": -39.11470254654232, "params": {"max_depth": 14.259594126969498, "n_estimators": 48.81297973768632, "random_state": 5.0}, "datetime": {"datetime": "2021-09-30 08:50:48", "elapsed": 0.0, "delta": 0.0}}
{"target": -39.23449711088152, "params": {"max_depth": 11.162979461059674, "n_estimators": 25.870235632684523, "random_state": 5.0}, "datetime": {"datetime": "2021-09-30 08:50:48", "elapsed": 0.111856, "delta": 0.111856}}
{"target": -39.07751950914828, "params": {"max_depth": 14.84626237330507, "n_estimators": 49.9840176261239, "random_state": 5.0}, "datetime": {"datetime": "2021-09-30 08:50:48", "elapsed": 0.418234, "delta": 0.306378}}
{"target": -39.03899948202479, "params": {"max_depth": 16.7534866695593, "n_estimators": 53.02072114187953, "random_state": 5.0}, "datetime": {"datetime": "2021-09-30 08:50:49", "elapsed": 0.844878, "delta": 0.426644}}
{"target": -39.15146398563017, "params": {"max_depth": 12.047358233414709, "n_estimators": 56.91860604861402, "random_state": 5.0}, "datetime": {"datetime": "2021-09-30 08:50:49", "elapsed": 1.224602, "delta": 0.379724}}
{"target": -38.96073152238651, "params": {"max_depth": 20.520514545965074, "n_estimators": 50.83617317615941, "random_state": 5.0}, "datetime": {"datetime": "2021-09-30 08:50:50", "elapsed": 1.567379, "delta": 0.342777}}
{"target": -39.00339985608073, "params": {"max_depth": 26.13635295700075, "n_estimators": 51.59023831762163, "random_state": 5.0}, "datetime": {"datetime": "2021-09-30 08:50:50", "elapsed": 1.948428, "delta": 0.381049}}
{"target": -39.04015510522347, "params": {"max_depth": 23.99426445735727, "n_estimators": 45.070008727925405, "random_state": 5.0}, "datetime": {"datetime": "2021-09-30 08:50:50", "elapsed": 2.330109, "delta": 0.381681}}
{"target": -39.47066312872458, "params": {"max_depth": 24.950175735861485, "n_estimators": 58.97199388252834, "random_state": 5.0}, "datetime": {"datetime": "2021-09-30 08:50:51", "elapsed": 2.781435, "delta": 0.451326}}
{"target": -38.99406111573017, "params": {"max_depth": 29.96909172315593, "n_estimators": 47.12729178085401, "random_state": 5.0}, "datetime": {"datetime": "2021-09-30 08:50:51", "elapsed": 3.099453, "delta": 0.318018}}
{"target": -39.01299484920996, "params": {"max_depth": 29.901740280750914, "n_estimators": 34.77778905433309, "random_state": 5.0}, "datetime": {"datetime": "2021-09-30 08:50:51", "elapsed": 3.35747, "delta": 0.258017}}
{"target": -39.35021594489441, "params": {"max_depth": 29.960111386977253, "n_estimators": 25.84757407144391, "random_state": 5.0}, "datetime": {"datetime": "2021-09-30 08:50:52", "elapsed": 3.570974, "delta": 0.213504}}
{"target": -38.71006103595297, "params": {"max_depth": 29.9591130036672, "n_estimators": 40.587610470590384, "random_state": 5.0}, "datetime": {"datetime": "2021-09-30 08:50:52", "elapsed": 3.900525, "delta": 0.329551}}
{"target": -38.70720637770514, "params": {"max_depth": 26.900771281753403, "n_estimators": 39.359232365225765, "random_state": 5.0}, "datetime": {"datetime": "2021-09-30 08:50:52", "elapsed": 4.24439, "delta": 0.343865}}
{"target": -39.01540786577573, "params": {"max_depth": 21.936545166416764, "n_estimators": 36.570540542131326, "random_state": 5.0}, "datetime": {"datetime": "2021-09-30 08:50:53", "elapsed": 4.540483, "delta": 0.296093}}
{"target": -40.02790271822086, "params": {"max_depth": 3.005974084894289, "n_estimators": 39.35122620816535, "random_state": 5.0}, "datetime": {"datetime": "2021-09-30 08:50:53", "elapsed": 4.73957, "delta": 0.199087}}
{"target": -40.25748417998263, "params": {"max_depth": 3.097310471644999, "n_estimators": 20.43221645542114, "random_state": 5.0}, "datetime": {"datetime": "2021-09-30 08:50:53", "elapsed": 4.889288, "delta": 0.149718}}
{"target": -39.18006474351472, "params": {"max_depth": 19.907035604634725, "n_estimators": 20.007574812110644, "random_state": 5.0}, "datetime": {"datetime": "2021-09-30 08:50:53", "elapsed": 5.077941, "delta": 0.188653}}
{"target": -40.10174422068893, "params": {"max_depth": 3.10750545522811, "n_estimators": 59.86258619874122, "random_state": 5.0}, "datetime": {"datetime": "2021-09-30 08:50:53", "elapsed": 5.35564, "delta": 0.277699}}
{"target": -39.63713598322983, "params": {"max_depth": 18.397838249431523, "n_estimators": 28.260198687500797, "random_state": 5.0}, "datetime": {"datetime": "2021-09-30 08:50:54", "elapsed": 5.594316, "delta": 0.238676}}
{"target": -39.18006474351472, "params": {"max_depth": 29.5154211627207, "n_estimators": 20.0646456872645, "random_state": 5.0}, "datetime": {"datetime": "2021-09-30 08:50:54", "elapsed": 5.823772, "delta": 0.229456}}
{"target": -38.744318829907236, "params": {"max_depth": 17.791881433232767, "n_estimators": 41.09380360848796, "random_state": 5.0}, "datetime": {"datetime": "2021-09-30 08:50:54", "elapsed": 6.156987, "delta": 0.333215}}
{"target": -39.2743452343529, "params": {"max_depth": 14.371800675425376, "n_estimators": 37.77391934944749, "random_state": 5.0}, "datetime": {"datetime": "2021-09-30 08:50:54", "elapsed": 6.469813, "delta": 0.312826}}
