{"target": -38.837558210700635, "params": {"max_depth": 21.593970471988307, "n_estimators": 42.02746922640644, "random_state": 5.284398667738979}, "datetime": {"datetime": "2021-09-30 08:40:34", "elapsed": 356.58167, "delta": 2.408766}}
{"target": -38.718988742740265, "params": {"max_depth": 20.828443629154968, "n_estimators": 40.4039003318777, "random_state": 6.351809971579807}, "datetime": {"datetime": "2021-09-30 08:40:36", "elapsed": 358.855559, "delta": 2.273889}}
{"target": -39.172180029929, "params": {"max_depth": 5.273007260037383, "n_estimators": 25.871864083736575, "random_state": 4.746526989160067}, "datetime": {"datetime": "2021-09-30 08:40:39", "elapsed": 361.258951, "delta": 2.403392}}
{"target": -39.649327814021035, "params": {"max_depth": 8.982807517501632, "n_estimators": 25.342328516841444, "random_state": 6.966329468760297}, "datetime": {"datetime": "2021-09-30 08:40:41", "elapsed": 363.507218, "delta": 2.248267}}
{"target": -38.95253321671922, "params": {"max_depth": 6.360320597065751, "n_estimators": 55.04181254843006, "random_state": 6.748781849220117}, "datetime": {"datetime": "2021-09-30 08:40:43", "elapsed": 365.45434, "delta": 1.947122}}
{"target": -40.437595251488965, "params": {"max_depth": 28.99551563738602, "n_estimators": 41.83137375540424, "random_state": 12.272133356711812}, "datetime": {"datetime": "2021-09-30 08:40:45", "elapsed": 367.62509, "delta": 2.17075}}
{"target": -40.19117906872147, "params": {"max_depth": 21.219086082500755, "n_estimators": 35.44063563596749, "random_state": 7.200778353186746}, "datetime": {"datetime": "2021-09-30 08:40:47", "elapsed": 369.833114, "delta": 2.208024}}
{"target": -38.78797321878907, "params": {"max_depth": 25.415005128913183, "n_estimators": 41.695913718213475, "random_state": 6.270565213090408}, "datetime": {"datetime": "2021-09-30 08:40:50", "elapsed": 372.325638, "delta": 2.492524}}
{"target": -39.8310473442884, "params": {"max_depth": 29.685413485170024, "n_estimators": 40.23013186819233, "random_state": 9.801872700345383}, "datetime": {"datetime": "2021-09-30 08:40:52", "elapsed": 375.04817, "delta": 2.722532}}
{"target": -38.60160802979482, "params": {"max_depth": 25.337198641515663, "n_estimators": 38.91022545308612, "random_state": 6.215168944999542}, "datetime": {"datetime": "2021-09-30 08:40:55", "elapsed": 377.288655, "delta": 2.240485}}
{"target": -38.85699540840693, "params": {"max_depth": 6.257748864959002, "n_estimators": 56.376284062797026, "random_state": 5.938441474810222}, "datetime": {"datetime": "2021-09-30 08:40:57", "elapsed": 379.146828, "delta": 1.858173}}
{"target": -39.088680305578585, "params": {"max_depth": 5.25222147056822, "n_estimators": 56.34412851784247, "random_state": 6.807506144971306}, "datetime": {"datetime": "2021-09-30 08:40:59", "elapsed": 381.448743, "delta": 2.301915}}
{"target": -39.49241654161866, "params": {"max_depth": 7.946908324131379, "n_estimators": 56.040624332573714, "random_state": 5.733932090065258}, "datetime": {"datetime": "2021-09-30 08:41:01", "elapsed": 383.900576, "delta": 2.451833}}
{"target": -39.389928625878966, "params": {"max_depth": 15.25831440774561, "n_estimators": 35.65052401223288, "random_state": 6.292035120621151}, "datetime": {"datetime": "2021-09-30 08:41:03", "elapsed": 385.714606, "delta": 1.81403}}
{"target": -38.5141132464065, "params": {"max_depth": 5.10820590145709, "n_estimators": 38.91089617604694, "random_state": 11.962047337502865}, "datetime": {"datetime": "2021-09-30 08:41:05", "elapsed": 387.512099, "delta": 1.797493}}
{"target": -39.46023274511786, "params": {"max_depth": 7.502015520947307, "n_estimators": 36.62838410009353, "random_state": 10.344372274990429}, "datetime": {"datetime": "2021-09-30 08:41:07", "elapsed": 389.121522, "delta": 1.609423}}
{"target": -39.02721539031121, "params": {"max_depth": 6.307654607878923, "n_estimators": 58.91574146376296, "random_state": 9.10136585421154}, "datetime": {"datetime": "2021-09-30 08:41:09", "elapsed": 391.295653, "delta": 2.174131}}
{"target": -38.89168973317091, "params": {"max_depth": 5.415929000509531, "n_estimators": 57.520934424866056, "random_state": 5.589636807404889}, "datetime": {"datetime": "2021-09-30 08:41:11", "elapsed": 393.166166, "delta": 1.870513}}
{"target": -38.86581930063243, "params": {"max_depth": 6.011816902945989, "n_estimators": 58.343726176249135, "random_state": 6.825364688942968}, "datetime": {"datetime": "2021-09-30 08:41:13", "elapsed": 395.748777, "delta": 2.582611}}
{"target": -39.036841151442694, "params": {"max_depth": 6.479201996094388, "n_estimators": 58.118359867703006, "random_state": 5.661072971054427}, "datetime": {"datetime": "2021-09-30 08:41:15", "elapsed": 397.605152, "delta": 1.856375}}
{"target": -40.382840670777036, "params": {"max_depth": 7.191407737602446, "n_estimators": 58.95659410647152, "random_state": 7.612602487924601}, "datetime": {"datetime": "2021-09-30 08:41:18", "elapsed": 400.473962, "delta": 2.86881}}
{"target": -39.132993787028845, "params": {"max_depth": 4.583100085165441, "n_estimators": 58.12920326003955, "random_state": 6.793523701525938}, "datetime": {"datetime": "2021-09-30 08:41:20", "elapsed": 402.268835, "delta": 1.794873}}
{"target": -38.718988742740265, "params": {"max_depth": 21.66413266642416, "n_estimators": 40.76308779628832, "random_state": 6.026916408696211}, "datetime": {"datetime": "2021-09-30 08:41:22", "elapsed": 404.600319, "delta": 2.331484}}
{"target": -39.26719554881074, "params": {"max_depth": 5.801449972699499, "n_estimators": 57.97464039880018, "random_state": 10.062225461809755}, "datetime": {"datetime": "2021-09-30 08:41:24", "elapsed": 406.664356, "delta": 2.064037}}
{"target": -38.65155059473966, "params": {"max_depth": 3.0, "n_estimators": 28.724126664204476, "random_state": 4.567995759084803}, "datetime": {"datetime": "2021-09-30 08:41:26", "elapsed": 408.463501, "delta": 1.799145}}
{"target": -38.69271552554339, "params": {"max_depth": 3.0, "n_estimators": 27.44997657205093, "random_state": 4.335306512439039}, "datetime": {"datetime": "2021-09-30 08:41:28", "elapsed": 410.308733, "delta": 1.845232}}
{"target": -39.447835725523966, "params": {"max_depth": 5.502532856085459, "n_estimators": 57.33473652086159, "random_state": 8.152240926471993}, "datetime": {"datetime": "2021-09-30 08:41:30", "elapsed": 412.654851, "delta": 2.346118}}
{"target": -38.94726612694135, "params": {"max_depth": 5.551093516164066, "n_estimators": 58.92123577575825, "random_state": 5.4739167472167285}, "datetime": {"datetime": "2021-09-30 08:41:32", "elapsed": 414.422596, "delta": 1.767745}}
{"target": -39.690809284143796, "params": {"max_depth": 3.495063353353536, "n_estimators": 26.358155865896272, "random_state": 3.7737166265993474}, "datetime": {"datetime": "2021-09-30 08:41:33", "elapsed": 415.954789, "delta": 1.532193}}
{"target": -40.85773369851214, "params": {"max_depth": 11.627431402937619, "n_estimators": 41.504680084426816, "random_state": 7.211619994735471}, "datetime": {"datetime": "2021-09-30 08:41:36", "elapsed": 418.675225, "delta": 2.720436}}
{"target": -38.65155059473966, "params": {"max_depth": 3.505596049439832, "n_estimators": 28.08621546235845, "random_state": 4.742333176556418}, "datetime": {"datetime": "2021-09-30 08:41:38", "elapsed": 420.780882, "delta": 2.105657}}
{"target": -39.485788938687946, "params": {"max_depth": 7.1087979137616415, "n_estimators": 59.06873440558131, "random_state": 10.340864079970908}, "datetime": {"datetime": "2021-09-30 08:41:41", "elapsed": 423.31488, "delta": 2.533998}}
{"target": -39.65438683744854, "params": {"max_depth": 3.063016981477765, "n_estimators": 28.252413397946544, "random_state": 6.715427428243137}, "datetime": {"datetime": "2021-09-30 08:41:42", "elapsed": 424.989125, "delta": 1.674245}}
{"target": -39.768442239835856, "params": {"max_depth": 17.159090472004497, "n_estimators": 35.339537481390366, "random_state": 4.382840723560004}, "datetime": {"datetime": "2021-09-30 08:41:44", "elapsed": 426.881432, "delta": 1.892307}}
{"target": -40.12740175406545, "params": {"max_depth": 24.690671287840708, "n_estimators": 58.888581492750475, "random_state": 10.39165507390612}, "datetime": {"datetime": "2021-09-30 08:41:47", "elapsed": 429.098281, "delta": 2.216849}}
{"target": -39.54739089083411, "params": {"max_depth": 3.0, "n_estimators": 28.249858148131292, "random_state": 3.58776752912656}, "datetime": {"datetime": "2021-09-30 08:41:49", "elapsed": 431.490946, "delta": 2.392665}}
{"target": -39.781989906527066, "params": {"max_depth": 23.12974478266149, "n_estimators": 57.60189380772762, "random_state": 12.234300757257394}, "datetime": {"datetime": "2021-09-30 08:41:51", "elapsed": 433.260222, "delta": 1.769276}}
{"target": -40.027619089113706, "params": {"max_depth": 23.785854707945354, "n_estimators": 56.334215571481906, "random_state": 10.510832022856675}, "datetime": {"datetime": "2021-09-30 08:41:52", "elapsed": 435.027993, "delta": 1.767771}}
{"target": -38.754738327514325, "params": {"max_depth": 5.989028082306435, "n_estimators": 53.002825401221635, "random_state": 5.024795290098051}, "datetime": {"datetime": "2021-09-30 08:41:54", "elapsed": 436.758541, "delta": 1.730548}}
{"target": -39.06222462735552, "params": {"max_depth": 5.072899783243507, "n_estimators": 59.62705168776278, "random_state": 6.740290311310658}, "datetime": {"datetime": "2021-09-30 08:41:57", "elapsed": 439.167826, "delta": 2.409285}}
{"target": -39.16485335370953, "params": {"max_depth": 4.584846060561528, "n_estimators": 52.4166564801104, "random_state": 4.7610470890868}, "datetime": {"datetime": "2021-09-30 08:41:59", "elapsed": 441.958456, "delta": 2.79063}}
{"target": -39.34043499132169, "params": {"max_depth": 4.771235989595496, "n_estimators": 59.30286204687843, "random_state": 8.521868029088525}, "datetime": {"datetime": "2021-09-30 08:42:02", "elapsed": 444.761798, "delta": 2.803342}}
{"target": -39.77170440749219, "params": {"max_depth": 19.803261168787873, "n_estimators": 37.20414754730314, "random_state": 10.711836673978993}, "datetime": {"datetime": "2021-09-30 08:42:04", "elapsed": 446.44115, "delta": 1.679352}}
{"target": -39.48313269162957, "params": {"max_depth": 6.267975418832364, "n_estimators": 51.899501167649404, "random_state": 4.691653131720921}, "datetime": {"datetime": "2021-09-30 08:42:06", "elapsed": 448.830576, "delta": 2.389426}}
{"target": -38.95066979199498, "params": {"max_depth": 6.837596695370672, "n_estimators": 53.1866978209904, "random_state": 6.070854285794874}, "datetime": {"datetime": "2021-09-30 08:42:09", "elapsed": 451.439031, "delta": 2.608455}}
{"target": -39.039449545698865, "params": {"max_depth": 27.161179753381447, "n_estimators": 33.97223204781802, "random_state": 5.3989031156827485}, "datetime": {"datetime": "2021-09-30 08:42:12", "elapsed": 454.225828, "delta": 2.786797}}
{"target": -39.887745585496255, "params": {"max_depth": 27.880580221292654, "n_estimators": 34.19624658277975, "random_state": 3.938836850650688}, "datetime": {"datetime": "2021-09-30 08:42:13", "elapsed": 456.070945, "delta": 1.845117}}
{"target": -38.931166116173586, "params": {"max_depth": 27.396622998189258, "n_estimators": 32.92807376734189, "random_state": 6.382617883731996}, "datetime": {"datetime": "2021-09-30 08:42:15", "elapsed": 458.010865, "delta": 1.93992}}
{"target": -39.168852977946, "params": {"max_depth": 27.834119622421394, "n_estimators": 34.17473866342211, "random_state": 6.825073871066285}, "datetime": {"datetime": "2021-09-30 08:42:18", "elapsed": 460.404291, "delta": 2.393426}}
{"target": -40.08138933762446, "params": {"max_depth": 3.0, "n_estimators": 27.41978343369914, "random_state": 5.309522154846814}, "datetime": {"datetime": "2021-09-30 08:42:20", "elapsed": 462.937383, "delta": 2.533092}}
{"target": -38.744318829907236, "params": {"max_depth": 17.725433927504714, "n_estimators": 41.845061079639656, "random_state": 5.8985223252966685}, "datetime": {"datetime": "2021-09-30 08:42:22", "elapsed": 464.924177, "delta": 1.986794}}
{"target": -39.039449545698865, "params": {"max_depth": 25.748141611166478, "n_estimators": 33.9198388707176, "random_state": 5.973880765260946}, "datetime": {"datetime": "2021-09-30 08:42:25", "elapsed": 467.348647, "delta": 2.42447}}
{"target": -38.931166116173586, "params": {"max_depth": 26.021422278086412, "n_estimators": 32.31987796639835, "random_state": 6.772605832846956}, "datetime": {"datetime": "2021-09-30 08:42:27", "elapsed": 469.585338, "delta": 2.236691}}
{"target": -39.27396534222597, "params": {"max_depth": 26.292163432362127, "n_estimators": 35.29829635829508, "random_state": 6.662980657654954}, "datetime": {"datetime": "2021-09-30 08:42:30", "elapsed": 472.292786, "delta": 2.707448}}
{"target": -39.194598624011036, "params": {"max_depth": 26.935830493355493, "n_estimators": 31.836448634479005, "random_state": 5.414152399443903}, "datetime": {"datetime": "2021-09-30 08:42:32", "elapsed": 474.357822, "delta": 2.065036}}
{"target": -39.10708569136568, "params": {"max_depth": 25.401695640990695, "n_estimators": 32.51450520494573, "random_state": 5.445026281397029}, "datetime": {"datetime": "2021-09-30 08:42:34", "elapsed": 476.187461, "delta": 1.829639}}
{"target": -38.64773486791704, "params": {"max_depth": 17.411786320330613, "n_estimators": 39.36332947558747, "random_state": 6.789002950149282}, "datetime": {"datetime": "2021-09-30 08:42:36", "elapsed": 478.691279, "delta": 2.503818}}
{"target": -39.33540461894252, "params": {"max_depth": 4.47510657133069, "n_estimators": 58.352131066166784, "random_state": 4.543415089018934}, "datetime": {"datetime": "2021-09-30 08:42:38", "elapsed": 480.750182, "delta": 2.058903}}
{"target": -38.978960420791964, "params": {"max_depth": 24.687619416436345, "n_estimators": 33.07713241537338, "random_state": 6.911388447247623}, "datetime": {"datetime": "2021-09-30 08:42:41", "elapsed": 483.617394, "delta": 2.867212}}
{"target": -40.49992561632449, "params": {"max_depth": 24.758280176322888, "n_estimators": 31.689446089174673, "random_state": 7.182931469652911}, "datetime": {"datetime": "2021-09-30 08:42:43", "elapsed": 485.650799, "delta": 2.033405}}
{"target": -38.978960420791964, "params": {"max_depth": 26.263967364508144, "n_estimators": 33.835642947726214, "random_state": 6.9807312008621}, "datetime": {"datetime": "2021-09-30 08:42:45", "elapsed": 487.640191, "delta": 1.989392}}
{"target": -40.41323583930076, "params": {"max_depth": 24.625726825422127, "n_estimators": 34.27506406074582, "random_state": 7.6417200002767665}, "datetime": {"datetime": "2021-09-30 08:42:47", "elapsed": 489.681454, "delta": 2.041263}}
{"target": -39.332520214518915, "params": {"max_depth": 7.349430011801216, "n_estimators": 42.63601283645713, "random_state": 9.827031394107834}, "datetime": {"datetime": "2021-09-30 08:42:49", "elapsed": 491.872523, "delta": 2.191069}}
{"target": -39.075748658678656, "params": {"max_depth": 17.369958233524322, "n_estimators": 27.79850060534439, "random_state": 6.459246766815713}, "datetime": {"datetime": "2021-09-30 08:42:51", "elapsed": 494.047829, "delta": 2.175306}}
{"target": -40.4601903517689, "params": {"max_depth": 27.106228917777756, "n_estimators": 32.687752628877725, "random_state": 7.745599852212936}, "datetime": {"datetime": "2021-09-30 08:42:54", "elapsed": 496.12695, "delta": 2.079121}}
{"target": -38.77403368330781, "params": {"max_depth": 30.0, "n_estimators": 39.598228595782494, "random_state": 11.908556470128634}, "datetime": {"datetime": "2021-09-30 08:42:56", "elapsed": 498.551343, "delta": 2.424393}}
{"target": -39.113201589602994, "params": {"max_depth": 15.151482969119115, "n_estimators": 44.42743510561777, "random_state": 5.589944614536741}, "datetime": {"datetime": "2021-09-30 08:42:58", "elapsed": 500.724869, "delta": 2.173526}}
{"target": -39.72822678210913, "params": {"max_depth": 4.023502197736899, "n_estimators": 38.787814126276054, "random_state": 13.079572367372444}, "datetime": {"datetime": "2021-09-30 08:43:00", "elapsed": 502.550248, "delta": 1.825379}}
{"target": -38.837839492158345, "params": {"max_depth": 20.048635845349843, "n_estimators": 42.482526930717476, "random_state": 5.435140747801831}, "datetime": {"datetime": "2021-09-30 08:43:03", "elapsed": 505.380757, "delta": 2.830509}}
{"target": -38.78615173216925, "params": {"max_depth": 29.75289785792608, "n_estimators": 38.47948075017329, "random_state": 11.201306518117008}, "datetime": {"datetime": "2021-09-30 08:43:05", "elapsed": 507.916364, "delta": 2.535607}}
{"target": -40.91921221384586, "params": {"max_depth": 30.0, "n_estimators": 38.36393565484931, "random_state": 12.479597360979596}, "datetime": {"datetime": "2021-09-30 08:43:08", "elapsed": 510.309722, "delta": 2.393358}}
{"target": -38.950357817518366, "params": {"max_depth": 20.11043979365009, "n_estimators": 43.94808671965147, "random_state": 5.364208901889549}, "datetime": {"datetime": "2021-09-30 08:43:10", "elapsed": 512.740819, "delta": 2.431097}}
{"target": -40.18776597138155, "params": {"max_depth": 20.669436486453463, "n_estimators": 43.08850203035744, "random_state": 4.374906012767274}, "datetime": {"datetime": "2021-09-30 08:43:13", "elapsed": 515.11927, "delta": 2.378451}}
{"target": -38.589176548089576, "params": {"max_depth": 16.28215605822161, "n_estimators": 39.293897225229074, "random_state": 6.478034899324086}, "datetime": {"datetime": "2021-09-30 08:43:15", "elapsed": 517.495233, "delta": 2.375963}}
{"target": -39.8519375924615, "params": {"max_depth": 28.558302482532255, "n_estimators": 38.69259657854875, "random_state": 10.963245761987032}, "datetime": {"datetime": "2021-09-30 08:43:18", "elapsed": 520.125238, "delta": 2.630005}}
{"target": -38.870482569449045, "params": {"max_depth": 20.055670663559162, "n_estimators": 41.15147277033989, "random_state": 5.958646689843809}, "datetime": {"datetime": "2021-09-30 08:43:20", "elapsed": 522.611774, "delta": 2.486536}}
{"target": -40.53126851922418, "params": {"max_depth": 23.603367612616896, "n_estimators": 44.30672438952876, "random_state": 7.154219291331607}, "datetime": {"datetime": "2021-09-30 08:43:23", "elapsed": 525.348931, "delta": 2.737157}}
{"target": -39.10708569136568, "params": {"max_depth": 26.622629477132445, "n_estimators": 32.90165592371111, "random_state": 5.651917826892753}, "datetime": {"datetime": "2021-09-30 08:43:26", "elapsed": 528.66614, "delta": 3.317209}}
{"target": -39.19701361692624, "params": {"max_depth": 18.792585169331243, "n_estimators": 44.57607772917101, "random_state": 5.193980112226427}, "datetime": {"datetime": "2021-09-30 08:43:29", "elapsed": 531.386876, "delta": 2.720736}}
{"target": -39.058719926267415, "params": {"max_depth": 26.34110748269905, "n_estimators": 37.450840154876865, "random_state": 5.68160645025373}, "datetime": {"datetime": "2021-09-30 08:43:31", "elapsed": 533.374111, "delta": 1.987235}}
{"target": -38.77530655061599, "params": {"max_depth": 20.19074435008225, "n_estimators": 37.85831900795386, "random_state": 6.640418290428899}, "datetime": {"datetime": "2021-09-30 08:43:33", "elapsed": 535.479583, "delta": 2.105472}}
{"target": -39.732962337727706, "params": {"max_depth": 9.295115069850919, "n_estimators": 43.02211477503455, "random_state": 7.796287440508744}, "datetime": {"datetime": "2021-09-30 08:43:36", "elapsed": 538.229845, "delta": 2.750262}}
{"target": -40.14614425952432, "params": {"max_depth": 27.578529525898986, "n_estimators": 52.72726699016291, "random_state": 12.046783005065022}, "datetime": {"datetime": "2021-09-30 08:43:38", "elapsed": 540.437575, "delta": 2.20773}}
{"target": -39.539210089411995, "params": {"max_depth": 4.375140022562147, "n_estimators": 53.680312303433396, "random_state": 3.960511919617742}, "datetime": {"datetime": "2021-09-30 08:43:40", "elapsed": 542.719467, "delta": 2.281892}}
{"target": -38.84889117427247, "params": {"max_depth": 5.001127465715373, "n_estimators": 56.38522157004423, "random_state": 5.327831303788096}, "datetime": {"datetime": "2021-09-30 08:43:43", "elapsed": 545.400307, "delta": 2.68084}}
{"target": -39.0548273661921, "params": {"max_depth": 20.210666235683654, "n_estimators": 45.38854906271378, "random_state": 5.603769686168157}, "datetime": {"datetime": "2021-09-30 08:43:45", "elapsed": 547.991341, "delta": 2.591034}}
{"target": -39.06320217761529, "params": {"max_depth": 21.597337757240467, "n_estimators": 44.650980861677255, "random_state": 5.809566697319156}, "datetime": {"datetime": "2021-09-30 08:43:48", "elapsed": 550.651643, "delta": 2.660302}}
{"target": -39.08744865538177, "params": {"max_depth": 22.24995617599438, "n_estimators": 46.06663377952003, "random_state": 5.547314430940079}, "datetime": {"datetime": "2021-09-30 08:43:51", "elapsed": 553.14369, "delta": 2.492047}}
{"target": -38.60160802979482, "params": {"max_depth": 20.082321695079884, "n_estimators": 38.84357391632667, "random_state": 6.076572374483687}, "datetime": {"datetime": "2021-09-30 08:43:54", "elapsed": 556.542899, "delta": 3.399209}}
{"target": -38.66002887245364, "params": {"max_depth": 5.763646873974523, "n_estimators": 40.5538931708538, "random_state": 11.649974276640227}, "datetime": {"datetime": "2021-09-30 08:43:57", "elapsed": 559.302054, "delta": 2.759155}}
{"target": -38.77536953527226, "params": {"max_depth": 5.5347833834928775, "n_estimators": 41.87564724477441, "random_state": 11.34438794066186}, "datetime": {"datetime": "2021-09-30 08:43:59", "elapsed": 561.866519, "delta": 2.564465}}
{"target": -38.90599544008682, "params": {"max_depth": 7.1056655696244295, "n_estimators": 41.724133794208214, "random_state": 11.793085734046011}, "datetime": {"datetime": "2021-09-30 08:44:02", "elapsed": 564.309325, "delta": 2.442806}}
{"target": -39.423549519057474, "params": {"max_depth": 5.96028955804885, "n_estimators": 41.5458535234609, "random_state": 12.537476520060435}, "datetime": {"datetime": "2021-09-30 08:44:06", "elapsed": 568.305225, "delta": 3.9959}}
