{"target": -38.72804312920029, "params": {"max_depth": 21.344429659310038, "n_estimators": 40.91038369115567, "random_state": 5.0}, "datetime": {"datetime": "2021-09-30 08:50:55", "elapsed": 6.780983, "delta": 0.31117}}
{"target": -39.19701361692624, "params": {"max_depth": 18.550589316723634, "n_estimators": 44.601105525898404, "random_state": 5.0}, "datetime": {"datetime": "2021-09-30 08:50:55", "elapsed": 7.112156, "delta": 0.331173}}
{"target": -38.82043240760794, "params": {"max_depth": 27.56734407033449, "n_estimators": 42.4743648941729, "random_state": 5.0}, "datetime": {"datetime": "2021-09-30 08:50:55", "elapsed": 7.429711, "delta": 0.317555}}
{"target": -39.39419670655757, "params": {"max_depth": 16.815996100147938, "n_estimators": 59.88487897843677, "random_state": 5.0}, "datetime": {"datetime": "2021-09-30 08:50:56", "elapsed": 7.823304, "delta": 0.393593}}
{"target": -38.83621009407839, "params": {"max_depth": 8.437708505623672, "n_estimators": 50.70704059890659, "random_state": 5.0}, "datetime": {"datetime": "2021-09-30 08:50:56", "elapsed": 8.167096, "delta": 0.343792}}
{"target": -40.06870401230324, "params": {"max_depth": 3.03678831253208, "n_estimators": 49.319393157883326, "random_state": 5.0}, "datetime": {"datetime": "2021-09-30 08:50:56", "elapsed": 8.409265, "delta": 0.242169}}
{"target": -39.54967784171804, "params": {"max_depth": 10.944280313058956, "n_estimators": 52.28993490383375, "random_state": 5.0}, "datetime": {"datetime": "2021-09-30 08:50:57", "elapsed": 8.777885, "delta": 0.36862}}
{"target": -39.02231919566575, "params": {"max_depth": 9.44583928812466, "n_estimators": 46.96738830314307, "random_state": 5.0}, "datetime": {"datetime": "2021-09-30 08:50:57", "elapsed": 9.111339, "delta": 0.333454}}
{"target": -38.7047828771279, "params": {"max_depth": 19.158628908491906, "n_estimators": 38.65100922218794, "random_state": 5.0}, "datetime": {"datetime": "2021-09-30 08:50:57", "elapsed": 9.433753, "delta": 0.322414}}
{"target": -39.1026427112656, "params": {"max_depth": 29.942196044068787, "n_estimators": 53.87402311385137, "random_state": 5.0}, "datetime": {"datetime": "2021-09-30 08:50:58", "elapsed": 9.89198, "delta": 0.458227}}
{"target": -39.47911380694638, "params": {"max_depth": 13.69836253098693, "n_estimators": 20.00617176038275, "random_state": 5.0}, "datetime": {"datetime": "2021-09-30 08:50:58", "elapsed": 10.141983, "delta": 0.250003}}
{"target": -38.71006103595297, "params": {"max_depth": 24.190239126679938, "n_estimators": 40.22351213607844, "random_state": 5.0}, "datetime": {"datetime": "2021-09-30 08:50:59", "elapsed": 10.516988, "delta": 0.375005}}
{"target": -38.97875349827197, "params": {"max_depth": 6.8009561271409265, "n_estimators": 30.616049120981224, "random_state": 5.0}, "datetime": {"datetime": "2021-09-30 08:50:59", "elapsed": 10.766979, "delta": 0.249991}}
{"target": -40.10753927711746, "params": {"max_depth": 3.0857315891891375, "n_estimators": 29.890560545271548, "random_state": 5.0}, "datetime": {"datetime": "2021-09-30 08:50:59", "elapsed": 10.988203, "delta": 0.221224}}
{"target": -39.89357089513375, "params": {"max_depth": 10.23105269931652, "n_estimators": 31.88798700897641, "random_state": 5.0}, "datetime": {"datetime": "2021-09-30 08:50:59", "elapsed": 11.285424, "delta": 0.297221}}
{"target": -39.01540786577573, "params": {"max_depth": 26.06375864312989, "n_estimators": 36.18442311401904, "random_state": 5.0}, "datetime": {"datetime": "2021-09-30 08:51:00", "elapsed": 11.619365, "delta": 0.333941}}
{"target": -38.6722519998828, "params": {"max_depth": 29.80214950602869, "n_estimators": 38.140967427843506, "random_state": 5.0}, "datetime": {"datetime": "2021-09-30 08:51:00", "elapsed": 11.955806, "delta": 0.336441}}
{"target": -39.26153958949488, "params": {"max_depth": 13.438990448676728, "n_estimators": 42.807820446798004, "random_state": 5.0}, "datetime": {"datetime": "2021-09-30 08:51:00", "elapsed": 12.327194, "delta": 0.371388}}
{"target": -39.18006474351472, "params": {"max_depth": 24.482257644687518, "n_estimators": 20.126392489595712, "random_state": 5.0}, "datetime": {"datetime": "2021-09-30 08:51:01", "elapsed": 12.624119, "delta": 0.296925}}
{"target": -39.2192926176629, "params": {"max_depth": 21.738653586337982, "n_estimators": 54.38912889568741, "random_state": 5.0}, "datetime": {"datetime": "2021-09-30 08:51:01", "elapsed": 13.07303, "delta": 0.448911}}
{"target": -39.13408129722282, "params": {"max_depth": 26.016111783166888, "n_estimators": 30.43090682124037, "random_state": 5.0}, "datetime": {"datetime": "2021-09-30 08:51:01", "elapsed": 13.417063, "delta": 0.344033}}
{"target": -38.9495498835943, "params": {"max_depth": 26.21599626547488, "n_estimators": 48.11467690249438, "random_state": 5.0}, "datetime": {"datetime": "2021-09-30 08:51:02", "elapsed": 13.858355, "delta": 0.441292}}
{"target": -39.47908386157368, "params": {"max_depth": 29.865734353781665, "n_estimators": 59.64178996670066, "random_state": 5.0}, "datetime": {"datetime": "2021-09-30 08:51:02", "elapsed": 14.303656, "delta": 0.445301}}
{"target": -39.35021594489441, "params": {"max_depth": 24.265474221304824, "n_estimators": 25.179231184877217, "random_state": 5.0}, "datetime": {"datetime": "2021-09-30 08:51:03", "elapsed": 14.596371, "delta": 0.292715}}
{"target": -38.947526487514736, "params": {"max_depth": 29.87236194931667, "n_estimators": 50.48246833516365, "random_state": 5.0}, "datetime": {"datetime": "2021-09-30 08:51:03", "elapsed": 15.009121, "delta": 0.41275}}
{"target": -38.93335554888775, "params": {"max_depth": 29.965949568392524, "n_estimators": 43.41391270238002, "random_state": 5.0}, "datetime": {"datetime": "2021-09-30 08:51:03", "elapsed": 15.41797, "delta": 0.408849}}
{"target": -39.75840096496613, "params": {"max_depth": 10.629945458270353, "n_estimators": 59.96229182806619, "random_state": 5.0}, "datetime": {"datetime": "2021-09-30 08:51:04", "elapsed": 15.948521, "delta": 0.530551}}
{"target": -39.19433699336831, "params": {"max_depth": 18.196871139435615, "n_estimators": 35.812519293330894, "random_state": 5.0}, "datetime": {"datetime": "2021-09-30 08:51:04", "elapsed": 16.301923, "delta": 0.353402}}
{"target": -38.72770050416515, "params": {"max_depth": 21.91760830805797, "n_estimators": 39.01771344832149, "random_state": 5.0}, "datetime": {"datetime": "2021-09-30 08:51:05", "elapsed": 16.688836, "delta": 0.386913}}
{"target": -39.62249977416777, "params": {"max_depth": 7.699114529677655, "n_estimators": 27.835284081557646, "random_state": 5.0}, "datetime": {"datetime": "2021-09-30 08:51:05", "elapsed": 16.968075, "delta": 0.279239}}
{"target": -39.11470254654232, "params": {"max_depth": 14.259594126969498, "n_estimators": 48.81297973768632, "random_state": 5.000114374817345}, "datetime": {"datetime": "2021-09-30 08:51:08", "elapsed": 0.0, "delta": 0.0}}
{"target": -39.23449711088152, "params": {"max_depth": 11.162979461059674, "n_estimators": 25.870235632684523, "random_state": 5.092338594768798}, "datetime": {"datetime": "2021-09-30 08:51:09", "elapsed": 0.125047, "delta": 0.125047}}
{"target": -39.32274050255021, "params": {"max_depth": 13.787870865484308, "n_estimators": 49.99247614124306, "random_state": 5.328216253488222}, "datetime": {"datetime": "2021-09-30 08:51:09", "elapsed": 0.437539, "delta": 0.312492}}
{"target": -38.83195241115864, "params": {"max_depth": 17.372043848570264, "n_estimators": 51.49536035211672, "random_state": 5.174899774780748}, "datetime": {"datetime": "2021-09-30 08:51:09", "elapsed": 0.785884, "delta": 0.348345}}
{"target": -39.13408129722282, "params": {"max_depth": 19.087800016691606, "n_estimators": 30.440996332026735, "random_state": 5.746728956017087}, "datetime": {"datetime": "2021-09-30 08:51:09", "elapsed": 1.003876, "delta": 0.217992}}
{"target": -39.35672669838337, "params": {"max_depth": 9.142901436126076, "n_estimators": 26.223599895528697, "random_state": 5.947303451077167}, "datetime": {"datetime": "2021-09-30 08:51:10", "elapsed": 1.194884, "delta": 0.191008}}
{"target": -39.00534473902669, "params": {"max_depth": 22.608913400792947, "n_estimators": 49.14448055402768, "random_state": 5.194688031582276}, "datetime": {"datetime": "2021-09-30 08:51:10", "elapsed": 1.570794, "delta": 0.37591}}
{"target": -39.16647681318182, "params": {"max_depth": 15.696660648254014, "n_estimators": 36.93970845460533, "random_state": 5.471912670306933}, "datetime": {"datetime": "2021-09-30 08:51:10", "elapsed": 1.843118, "delta": 0.272324}}
{"target": -38.98917792955202, "params": {"max_depth": 28.797030539612276, "n_estimators": 46.5628566336819, "random_state": 5.470720639929183}, "datetime": {"datetime": "2021-09-30 08:51:11", "elapsed": 2.16209, "delta": 0.318972}}
{"target": -39.03899948202479, "params": {"max_depth": 16.195783517621038, "n_estimators": 53.647146949290956, "random_state": 5.979068438364577}, "datetime": {"datetime": "2021-09-30 08:51:11", "elapsed": 2.522455, "delta": 0.360365}}
{"target": -38.95611184251858, "params": {"max_depth": 17.91545884274585, "n_estimators": 52.360279877193925, "random_state": 5.376982007256234}, "datetime": {"datetime": "2021-09-30 08:51:11", "elapsed": 3.001864, "delta": 0.479409}}
{"target": -39.08143493447735, "params": {"max_depth": 18.109054385122363, "n_estimators": 50.53468189349023, "random_state": 5.0}, "datetime": {"datetime": "2021-09-30 08:51:12", "elapsed": 3.499623, "delta": 0.497759}}
{"target": -38.93726081392852, "params": {"max_depth": 16.45135034025077, "n_estimators": 51.82108996807201, "random_state": 5.623566630196422}, "datetime": {"datetime": "2021-09-30 08:51:12", "elapsed": 3.8902, "delta": 0.390577}}
{"target": -38.88006466451948, "params": {"max_depth": 16.802807387934102, "n_estimators": 50.987464795248584, "random_state": 5.0745422855620745}, "datetime": {"datetime": "2021-09-30 08:51:13", "elapsed": 4.296418, "delta": 0.406218}}
{"target": -38.99406111573017, "params": {"max_depth": 26.88189512828282, "n_estimators": 47.72847360776727, "random_state": 5.4217298770611935}, "datetime": {"datetime": "2021-09-30 08:51:13", "elapsed": 4.78785, "delta": 0.491432}}
{"target": -38.9495498835943, "params": {"max_depth": 29.085025499096947, "n_estimators": 48.84364176886386, "random_state": 5.55839653865225}, "datetime": {"datetime": "2021-09-30 08:51:14", "elapsed": 5.174046, "delta": 0.386196}}
{"target": -38.947526487514736, "params": {"max_depth": 27.737467300609612, "n_estimators": 50.17821725520116, "random_state": 5.533026234982868}, "datetime": {"datetime": "2021-09-30 08:51:14", "elapsed": 5.517761, "delta": 0.343715}}
{"target": -38.947526487514736, "params": {"max_depth": 29.92217072507468, "n_estimators": 50.9462761780279, "random_state": 5.71253399706066}, "datetime": {"datetime": "2021-09-30 08:51:14", "elapsed": 5.963726, "delta": 0.445965}}
{"target": -39.12426222119216, "params": {"max_depth": 28.338174346696565, "n_estimators": 52.43655309212967, "random_state": 5.700697368783418}, "datetime": {"datetime": "2021-09-30 08:51:15", "elapsed": 6.385602, "delta": 0.421876}}
{"target": -38.91309058824774, "params": {"max_depth": 25.614079891980396, "n_estimators": 49.79205151998712, "random_state": 5.0}, "datetime": {"datetime": "2021-09-30 08:51:15", "elapsed": 6.822237, "delta": 0.436635}}
{"target": -39.13971567612995, "params": {"max_depth": 24.6259782874819, "n_estimators": 50.908537373106036, "random_state": 6.0}, "datetime": {"datetime": "2021-09-30 08:51:16", "elapsed": 7.325517, "delta": 0.50328}}
{"target": -38.9495498835943, "params": {"max_depth": 25.029730268826494, "n_estimators": 48.22741951041878, "random_state": 5.250648396629556}, "datetime": {"datetime": "2021-09-30 08:51:16", "elapsed": 7.727751, "delta": 0.402234}}
{"target": -38.91309058824774, "params": {"max_depth": 26.45457475429761, "n_estimators": 49.1568036779058, "random_state": 5.833125453324376}, "datetime": {"datetime": "2021-09-30 08:51:17", "elapsed": 8.127904, "delta": 0.400153}}
{"target": -38.98917792955202, "params": {"max_depth": 23.042705327348493, "n_estimators": 46.46204511405742, "random_state": 5.660566091828332}, "datetime": {"datetime": "2021-09-30 08:51:17", "elapsed": 8.533257, "delta": 0.405353}}
{"target": -39.044844927195996, "params": {"max_depth": 25.082712451869302, "n_estimators": 44.84789070182997, "random_state": 5.07907675470163}, "datetime": {"datetime": "2021-09-30 08:51:17", "elapsed": 9.026718, "delta": 0.493461}}
{"target": -39.0548273661921, "params": {"max_depth": 20.64725224911371, "n_estimators": 45.2659496087671, "random_state": 5.304975215666175}, "datetime": {"datetime": "2021-09-30 08:51:18", "elapsed": 9.459579, "delta": 0.432861}}
{"target": -38.93335554888775, "params": {"max_depth": 29.76895925473807, "n_estimators": 43.93562539459829, "random_state": 5.900570022541299}, "datetime": {"datetime": "2021-09-30 08:51:18", "elapsed": 9.850157, "delta": 0.390578}}
{"target": -38.85265092186083, "params": {"max_depth": 29.537476513366084, "n_estimators": 41.99364801714742, "random_state": 5.564893127102861}, "datetime": {"datetime": "2021-09-30 08:51:19", "elapsed": 10.225149, "delta": 0.374992}}
{"target": -38.78343672383237, "params": {"max_depth": 28.169190604031044, "n_estimators": 42.44408030726804, "random_state": 6.0}, "datetime": {"datetime": "2021-09-30 08:51:19", "elapsed": 10.704705, "delta": 0.479556}}
{"target": -38.85265092186083, "params": {"max_depth": 27.856371071589525, "n_estimators": 41.54879030245191, "random_state": 5.0}, "datetime": {"datetime": "2021-09-30 08:51:20", "elapsed": 11.135854, "delta": 0.431149}}
{"target": -38.93335554888775, "params": {"max_depth": 28.225381841979146, "n_estimators": 43.41981302931573, "random_state": 5.2381576146006195}, "datetime": {"datetime": "2021-09-30 08:51:20", "elapsed": 11.591008, "delta": 0.455154}}
{"target": -38.85265092186083, "params": {"max_depth": 28.5808616828591, "n_estimators": 41.14812275491289, "random_state": 5.950961357669574}, "datetime": {"datetime": "2021-09-30 08:51:20", "elapsed": 11.962509, "delta": 0.371501}}
{"target": -38.78797321878907, "params": {"max_depth": 26.60829200995539, "n_estimators": 41.891264971158826, "random_state": 6.0}, "datetime": {"datetime": "2021-09-30 08:51:21", "elapsed": 12.415627, "delta": 0.453118}}
{"target": -38.71006103595297, "params": {"max_depth": 25.7031797708691, "n_estimators": 40.34801533960177, "random_state": 5.817387358954671}, "datetime": {"datetime": "2021-09-30 08:51:21", "elapsed": 12.853982, "delta": 0.438355}}
{"target": -38.71006103595297, "params": {"max_depth": 24.190239126679938, "n_estimators": 40.22351213607844, "random_state": 5.809257868860531}, "datetime": {"datetime": "2021-09-30 08:51:22", "elapsed": 13.396683, "delta": 0.542701}}
{"target": -38.6722519998828, "params": {"max_depth": 24.59931179055895, "n_estimators": 38.54293810964195, "random_state": 5.558691547668905}, "datetime": {"datetime": "2021-09-30 08:51:22", "elapsed": 13.869499, "delta": 0.472816}}
{"target": -38.60160802979482, "params": {"max_depth": 26.22650392571124, "n_estimators": 38.155587648344465, "random_state": 6.0}, "datetime": {"datetime": "2021-09-30 08:51:23", "elapsed": 14.44721, "delta": 0.577711}}
{"target": -39.01540786577573, "params": {"max_depth": 25.734340983004017, "n_estimators": 36.487166323477986, "random_state": 5.840252532546377}, "datetime": {"datetime": "2021-09-30 08:51:23", "elapsed": 14.955703, "delta": 0.508493}}
{"target": -38.6722519998828, "params": {"max_depth": 26.638116777627513, "n_estimators": 38.45160410386682, "random_state": 5.048466556808661}, "datetime": {"datetime": "2021-09-30 08:51:24", "elapsed": 15.390311, "delta": 0.434608}}
{"target": -38.74442344457692, "params": {"max_depth": 26.70433724296442, "n_estimators": 39.10630876316521, "random_state": 6.0}, "datetime": {"datetime": "2021-09-30 08:51:24", "elapsed": 15.916679, "delta": 0.526368}}
{"target": -38.70720637770514, "params": {"max_depth": 25.38650025619793, "n_estimators": 39.551899989559516, "random_state": 5.011675572284284}, "datetime": {"datetime": "2021-09-30 08:51:25", "elapsed": 16.455415, "delta": 0.538736}}
{"target": -38.6722519998828, "params": {"max_depth": 25.42389359007106, "n_estimators": 38.49416942995515, "random_state": 5.955399891748493}, "datetime": {"datetime": "2021-09-30 08:51:25", "elapsed": 16.978563, "delta": 0.523148}}
{"target": -38.79121129957145, "params": {"max_depth": 22.554520382039076, "n_estimators": 38.87422719844391, "random_state": 5.0}, "datetime": {"datetime": "2021-09-30 08:51:26", "elapsed": 17.486827, "delta": 0.508264}}
{"target": -38.77530655061599, "params": {"max_depth": 27.91958631682902, "n_estimators": 37.55021617958725, "random_state": 6.0}, "datetime": {"datetime": "2021-09-30 08:51:26", "elapsed": 17.962785, "delta": 0.475958}}
{"target": -38.78797321878907, "params": {"max_depth": 21.68916060203419, "n_estimators": 41.09277448022257, "random_state": 6.0}, "datetime": {"datetime": "2021-09-30 08:51:27", "elapsed": 18.483013, "delta": 0.520228}}
{"target": -38.85265092186083, "params": {"max_depth": 24.203017815817464, "n_estimators": 41.729682080957744, "random_state": 5.035225883076782}, "datetime": {"datetime": "2021-09-30 08:51:27", "elapsed": 18.996699, "delta": 0.513686}}
{"target": -38.74442344457692, "params": {"max_depth": 19.649731399379874, "n_estimators": 39.77836837111239, "random_state": 6.0}, "datetime": {"datetime": "2021-09-30 08:51:28", "elapsed": 19.54652, "delta": 0.549821}}
{"target": -38.98572082435939, "params": {"max_depth": 18.66649676690939, "n_estimators": 41.481441984428805, "random_state": 5.0}, "datetime": {"datetime": "2021-09-30 08:51:29", "elapsed": 20.088386, "delta": 0.541866}}
{"target": -39.058719926267415, "params": {"max_depth": 19.96167163752709, "n_estimators": 37.60577008691521, "random_state": 5.861248828366989}, "datetime": {"datetime": "2021-09-30 08:51:29", "elapsed": 20.546132, "delta": 0.457746}}
{"target": -39.18006474351472, "params": {"max_depth": 30.0, "n_estimators": 20.0, "random_state": 5.0}, "datetime": {"datetime": "2021-09-30 08:51:29", "elapsed": 20.974414, "delta": 0.428282}}
{"target": -40.10174422068893, "params": {"max_depth": 3.1609104161385764, "n_estimators": 59.868545891350244, "random_state": 5.215511919096998}, "datetime": {"datetime": "2021-09-30 08:51:30", "elapsed": 21.438684, "delta": 0.46427}}
{"target": -40.04787755714396, "params": {"max_depth": 3.0, "n_estimators": 40.95397867862823, "random_state": 5.0}, "datetime": {"datetime": "2021-09-30 08:51:30", "elapsed": 21.842676, "delta": 0.403992}}
{"target": -39.578846658945835, "params": {"max_depth": 19.21284000986346, "n_estimators": 20.0, "random_state": 6.0}, "datetime": {"datetime": "2021-09-30 08:51:31", "elapsed": 22.233304, "delta": 0.390628}}
{"target": -40.1494895292093, "params": {"max_depth": 3.0, "n_estimators": 20.0, "random_state": 6.0}, "datetime": {"datetime": "2021-09-30 08:51:31", "elapsed": 22.634073, "delta": 0.400769}}
{"target": -39.21519047275815, "params": {"max_depth": 30.0, "n_estimators": 60.0, "random_state": 6.0}, "datetime": {"datetime": "2021-09-30 08:51:32", "elapsed": 23.285163, "delta": 0.65109}}
{"target": -39.35150106725636, "params": {"max_depth": 15.704648812070014, "n_estimators": 60.0, "random_state": 5.0}, "datetime": {"datetime": "2021-09-30 08:51:32", "elapsed": 23.898203, "delta": 0.61304}}
{"target": -39.50328983775342, "params": {"max_depth": 30.0, "n_estimators": 27.877354298159908, "random_state": 5.0}, "datetime": {"datetime": "2021-09-30 08:51:33", "elapsed": 24.382585, "delta": 0.484382}}
{"target": -38.48447375568645, "params": {"max_depth": 12.44267527595836, "n_estimators": 43.578717037230646, "random_state": 6.0}, "datetime": {"datetime": "2021-09-30 08:51:33", "elapsed": 24.885926, "delta": 0.503341}}
{"target": -39.48625637629472, "params": {"max_depth": 10.68850669861273, "n_estimators": 44.89444237230799, "random_state": 5.002895031923173}, "datetime": {"datetime": "2021-09-30 08:51:34", "elapsed": 25.466213, "delta": 0.580287}}
{"target": -38.89316401822948, "params": {"max_depth": 14.056048821564943, "n_estimators": 42.12968075861432, "random_state": 6.0}, "datetime": {"datetime": "2021-09-30 08:51:34", "elapsed": 26.013082, "delta": 0.546869}}
{"target": -39.27026986807806, "params": {"max_depth": 14.406197722314763, "n_estimators": 44.92838540241688, "random_state": 5.81471499184702}, "datetime": {"datetime": "2021-09-30 08:51:35", "elapsed": 26.655089, "delta": 0.642007}}
{"target": -39.09280531684523, "params": {"max_depth": 11.464665657254585, "n_estimators": 41.47261539694201, "random_state": 5.913171091009266}, "datetime": {"datetime": "2021-09-30 08:51:36", "elapsed": 27.227727, "delta": 0.572638}}
{"target": -40.20345081944174, "params": {"max_depth": 3.0, "n_estimators": 31.22526975031379, "random_state": 5.0}, "datetime": {"datetime": "2021-09-30 08:51:36", "elapsed": 27.633981, "delta": 0.406254}}
{"target": -39.56721839916966, "params": {"max_depth": 23.261309358055485, "n_estimators": 60.0, "random_state": 5.0}, "datetime": {"datetime": "2021-09-30 08:51:37", "elapsed": 28.259761, "delta": 0.62578}}
{"target": -39.584184924108825, "params": {"max_depth": 3.0, "n_estimators": 50.72268824770709, "random_state": 6.0}, "datetime": {"datetime": "2021-09-30 08:51:37", "elapsed": 28.730636, "delta": 0.470875}}
{"target": -39.14750237031656, "params": {"max_depth": 13.218742198830142, "n_estimators": 31.620802306951, "random_state": 6.0}, "datetime": {"datetime": "2021-09-30 08:51:38", "elapsed": 29.308762, "delta": 0.578126}}
{"target": -39.07405738376674, "params": {"max_depth": 11.977364826629293, "n_estimators": 20.0, "random_state": 5.0}, "datetime": {"datetime": "2021-09-30 08:51:38", "elapsed": 29.834607, "delta": 0.525845}}
