{"target": 0.4555913493903303, "params": {"max_depth": 3.484350027851705, "n_estimators": 89.1166692757365}, "datetime": {"datetime": "2021-09-24 10:24:03", "elapsed": 710.786876, "delta": 2.366609}}
{"target": 0.4096017005706891, "params": {"max_depth": 11.986612426703289, "n_estimators": 98.4260559143556}, "datetime": {"datetime": "2021-09-24 10:24:06", "elapsed": 713.877101, "delta": 3.090225}}
{"target": 0.4426561448451931, "params": {"max_depth": 3.8434056744118603, "n_estimators": 48.05576384493189}, "datetime": {"datetime": "2021-09-24 10:24:08", "elapsed": 716.178244, "delta": 2.301143}}
{"target": 0.43948924021024216, "params": {"max_depth": 2.7544199689617246, "n_estimators": 32.437242159252996}, "datetime": {"datetime": "2021-09-24 10:24:10", "elapsed": 718.172449, "delta": 1.994205}}
{"target": 0.40239431126871894, "params": {"max_depth": 9.071893649136834, "n_estimators": 66.99255326006737}, "datetime": {"datetime": "2021-09-24 10:24:12", "elapsed": 720.554681, "delta": 2.382232}}
{"target": 0.42960015702668886, "params": {"max_depth": 4.449436636906391, "n_estimators": 29.661329189776996}, "datetime": {"datetime": "2021-09-24 10:24:15", "elapsed": 722.830994, "delta": 2.276313}}
{"target": 0.4304558307946884, "params": {"max_depth": 5.6498640765897115, "n_estimators": 50.71322180561668}, "datetime": {"datetime": "2021-09-24 10:24:17", "elapsed": 725.293953, "delta": 2.462959}}
{"target": 0.3980346853120792, "params": {"max_depth": 8.13930193293351, "n_estimators": 61.413317633122766}, "datetime": {"datetime": "2021-09-24 10:24:19", "elapsed": 727.206102, "delta": 1.912149}}
{"target": 0.4444242917296677, "params": {"max_depth": 2.5705229937587237, "n_estimators": 68.66421997753251}, "datetime": {"datetime": "2021-09-24 10:24:21", "elapsed": 729.069449, "delta": 1.863347}}
{"target": 0.45301830423028866, "params": {"max_depth": 3.5718914762404568, "n_estimators": 78.78824857510408}, "datetime": {"datetime": "2021-09-24 10:24:23", "elapsed": 731.384747, "delta": 2.315298}}
{"target": 0.4543276789299503, "params": {"max_depth": 3.71696874260939, "n_estimators": 92.18581039285388}, "datetime": {"datetime": "2021-09-24 10:24:25", "elapsed": 733.447226, "delta": 2.062479}}
{"target": 0.44279440696254446, "params": {"max_depth": 2.886374442611868, "n_estimators": 75.33163761726414}, "datetime": {"datetime": "2021-09-24 10:24:27", "elapsed": 735.369778, "delta": 1.922552}}
{"target": 0.44675498609573505, "params": {"max_depth": 4.205401387113151, "n_estimators": 75.77636973597107}, "datetime": {"datetime": "2021-09-24 10:24:30", "elapsed": 738.31084, "delta": 2.941062}}
{"target": 0.43385679139782163, "params": {"max_depth": 5.364620338776241, "n_estimators": 74.8640285667571}, "datetime": {"datetime": "2021-09-24 10:24:33", "elapsed": 741.482563, "delta": 3.171723}}
{"target": 0.43731336551310607, "params": {"max_depth": 5.157518395500336, "n_estimators": 61.687492920724125}, "datetime": {"datetime": "2021-09-24 10:24:36", "elapsed": 743.871518, "delta": 2.388955}}
{"target": 0.45548403072427623, "params": {"max_depth": 3.1168051480056627, "n_estimators": 82.77228803250946}, "datetime": {"datetime": "2021-09-24 10:24:38", "elapsed": 746.615404, "delta": 2.743886}}
{"target": 0.45238229187027623, "params": {"max_depth": 3.265042483995096, "n_estimators": 100.0}, "datetime": {"datetime": "2021-09-24 10:24:41", "elapsed": 748.774222, "delta": 2.158818}}
{"target": 0.4210769304361477, "params": {"max_depth": 3.3020281304132775, "n_estimators": 17.689468948558975}, "datetime": {"datetime": "2021-09-24 10:24:44", "elapsed": 752.646202, "delta": 3.87198}}
{"target": 0.45245571759201597, "params": {"max_depth": 3.5446527667809478, "n_estimators": 99.6241431677014}, "datetime": {"datetime": "2021-09-24 10:24:47", "elapsed": 755.16001, "delta": 2.513808}}
{"target": 0.4381669806444758, "params": {"max_depth": 5.7730267340836585, "n_estimators": 56.464966825016916}, "datetime": {"datetime": "2021-09-24 10:24:51", "elapsed": 759.662696, "delta": 4.502686}}
{"target": 0.44941344903656044, "params": {"max_depth": 3.3588935464978396, "n_estimators": 73.84356480654064}, "datetime": {"datetime": "2021-09-24 10:24:53", "elapsed": 761.722665, "delta": 2.059969}}
{"target": 0.4555913493903303, "params": {"max_depth": 3.3528818980088455, "n_estimators": 89.67039155523088}, "datetime": {"datetime": "2021-09-24 10:24:56", "elapsed": 763.964631, "delta": 2.241966}}
{"target": 0.4566827839001304, "params": {"max_depth": 3.59761313811943, "n_estimators": 83.65556922877346}, "datetime": {"datetime": "2021-09-24 10:24:58", "elapsed": 766.521488, "delta": 2.556857}}
{"target": 0.4531050914364866, "params": {"max_depth": 3.0007047628926857, "n_estimators": 79.05392851115704}, "datetime": {"datetime": "2021-09-24 10:25:01", "elapsed": 769.343793, "delta": 2.822305}}
{"target": 0.4461251436711965, "params": {"max_depth": 2.385183781709919, "n_estimators": 86.86296210149845}, "datetime": {"datetime": "2021-09-24 10:25:03", "elapsed": 771.58849, "delta": 2.244697}}
{"target": 0.45054460423950415, "params": {"max_depth": 4.303946621722428, "n_estimators": 81.0574618159525}, "datetime": {"datetime": "2021-09-24 10:25:06", "elapsed": 773.772857, "delta": 2.184367}}
{"target": 0.43963201633247817, "params": {"max_depth": 3.114269468601025, "n_estimators": 42.865580790192865}, "datetime": {"datetime": "2021-09-24 10:25:08", "elapsed": 775.807324, "delta": 2.034467}}
{"target": 0.4373911132049383, "params": {"max_depth": 3.5287330014263167, "n_estimators": 44.36344708346669}, "datetime": {"datetime": "2021-09-24 10:25:10", "elapsed": 777.837893, "delta": 2.030569}}
{"target": 0.4545698412588426, "params": {"max_depth": 3.356400828366103, "n_estimators": 87.06893760596206}, "datetime": {"datetime": "2021-09-24 10:25:12", "elapsed": 780.039112, "delta": 2.201219}}
{"target": 0.4432432545668099, "params": {"max_depth": 2.6588901219634344, "n_estimators": 41.65306894014261}, "datetime": {"datetime": "2021-09-24 10:25:14", "elapsed": 782.13861, "delta": 2.099498}}
{"target": 0.4545698412588426, "params": {"max_depth": 3.477787772150675, "n_estimators": 87.93122949831297}, "datetime": {"datetime": "2021-09-24 10:25:16", "elapsed": 784.364587, "delta": 2.225977}}
{"target": 0.4288272184725349, "params": {"max_depth": 6.55549093565453, "n_estimators": 66.8326123374263}, "datetime": {"datetime": "2021-09-24 10:25:18", "elapsed": 786.55831, "delta": 2.193723}}
{"target": 0.42883065743136184, "params": {"max_depth": 4.751786389722799, "n_estimators": 43.851217843951254}, "datetime": {"datetime": "2021-09-24 10:25:21", "elapsed": 788.749832, "delta": 2.191522}}
{"target": 0.40573330154468423, "params": {"max_depth": 10.241886932439662, "n_estimators": 64.02682305751782}, "datetime": {"datetime": "2021-09-24 10:25:23", "elapsed": 791.623711, "delta": 2.873879}}
{"target": 0.42688649156304237, "params": {"max_depth": 6.679939660792815, "n_estimators": 72.62214962141785}, "datetime": {"datetime": "2021-09-24 10:25:26", "elapsed": 794.283075, "delta": 2.659364}}
{"target": 0.4467271784234066, "params": {"max_depth": 2.360536750890109, "n_estimators": 84.3604233344377}, "datetime": {"datetime": "2021-09-24 10:25:28", "elapsed": 796.645518, "delta": 2.362443}}
{"target": 0.44459761661420105, "params": {"max_depth": 2.4909019658575513, "n_estimators": 44.16087113800368}, "datetime": {"datetime": "2021-09-24 10:25:31", "elapsed": 799.433293, "delta": 2.787775}}
{"target": 0.4027008049763887, "params": {"max_depth": 7.284920952219588, "n_estimators": 43.63581271710619}, "datetime": {"datetime": "2021-09-24 10:25:34", "elapsed": 802.133866, "delta": 2.700573}}
{"target": 0.44646910203682477, "params": {"max_depth": 4.954228076504283, "n_estimators": 64.4440304022076}, "datetime": {"datetime": "2021-09-24 10:25:36", "elapsed": 804.700503, "delta": 2.566637}}
{"target": 0.4244286571060728, "params": {"max_depth": 5.113314348199286, "n_estimators": 34.83030076674207}, "datetime": {"datetime": "2021-09-24 10:25:39", "elapsed": 806.881834, "delta": 2.181331}}
{"target": 0.4409365098687741, "params": {"max_depth": 2.990592300759385, "n_estimators": 97.08592330415053}, "datetime": {"datetime": "2021-09-24 10:25:41", "elapsed": 809.043071, "delta": 2.161237}}
{"target": 0.4525867907323462, "params": {"max_depth": 3.962134775709682, "n_estimators": 97.59619387339107}, "datetime": {"datetime": "2021-09-24 10:25:44", "elapsed": 812.058945, "delta": 3.015874}}
{"target": 0.43999466706080603, "params": {"max_depth": 2.67683380538237, "n_estimators": 98.2327988951188}, "datetime": {"datetime": "2021-09-24 10:25:46", "elapsed": 814.478181, "delta": 2.419236}}
{"target": 0.3463347642502381, "params": {"max_depth": 1.3098765597089628, "n_estimators": 96.87324392160684}, "datetime": {"datetime": "2021-09-24 10:25:49", "elapsed": 817.085384, "delta": 2.607203}}
{"target": 0.37365456719841905, "params": {"max_depth": 10.053680497848424, "n_estimators": 30.189111202782335}, "datetime": {"datetime": "2021-09-24 10:25:51", "elapsed": 819.125182, "delta": 2.039798}}
{"target": 0.44856441473402164, "params": {"max_depth": 4.211499523633854, "n_estimators": 95.4484082414606}, "datetime": {"datetime": "2021-09-24 10:25:54", "elapsed": 822.223127, "delta": 3.097945}}
{"target": 0.42880413324889455, "params": {"max_depth": 4.627931542877281, "n_estimators": 14.10149141050107}, "datetime": {"datetime": "2021-09-24 10:25:56", "elapsed": 824.22583, "delta": 2.002703}}
{"target": 0.3984933656469475, "params": {"max_depth": 7.567084501176061, "n_estimators": 36.34840683986709}, "datetime": {"datetime": "2021-09-24 10:25:58", "elapsed": 826.425525, "delta": 2.199695}}
{"target": 0.4052725388270153, "params": {"max_depth": 10.389599847706393, "n_estimators": 72.4673310477549}, "datetime": {"datetime": "2021-09-24 10:26:01", "elapsed": 828.796469, "delta": 2.370944}}
{"target": 0.42821616249997985, "params": {"max_depth": 6.020344531141639, "n_estimators": 99.94471857476435}, "datetime": {"datetime": "2021-09-24 10:26:05", "elapsed": 833.404874, "delta": 4.608405}}
{"target": 0.42835566899686106, "params": {"max_depth": 6.337153705487317, "n_estimators": 98.10478212992496}, "datetime": {"datetime": "2021-09-24 10:26:08", "elapsed": 836.554293, "delta": 3.149419}}
{"target": 0.40876688760985636, "params": {"max_depth": 6.455420681008817, "n_estimators": 38.90016016081247}, "datetime": {"datetime": "2021-09-24 10:26:11", "elapsed": 839.027661, "delta": 2.473368}}
{"target": 0.45489415492667973, "params": {"max_depth": 3.7486482580561513, "n_estimators": 81.46369327364671}, "datetime": {"datetime": "2021-09-24 10:26:13", "elapsed": 841.351446, "delta": 2.323785}}
{"target": 0.4531050914364866, "params": {"max_depth": 3.3507451213681216, "n_estimators": 79.88521010001901}, "datetime": {"datetime": "2021-09-24 10:26:16", "elapsed": 843.938061, "delta": 2.586615}}
{"target": 0.42923671120950757, "params": {"max_depth": 6.642626599952939, "n_estimators": 57.37104057717432}, "datetime": {"datetime": "2021-09-24 10:26:19", "elapsed": 846.768602, "delta": 2.830541}}
{"target": 0.44527471282165376, "params": {"max_depth": 4.627069400254235, "n_estimators": 57.33445726815021}, "datetime": {"datetime": "2021-09-24 10:26:23", "elapsed": 850.808002, "delta": 4.0394}}
{"target": 0.44466148952504647, "params": {"max_depth": 3.2089004289338465, "n_estimators": 49.08544251571545}, "datetime": {"datetime": "2021-09-24 10:26:25", "elapsed": 853.715923, "delta": 2.907921}}
{"target": 0.4519051221901561, "params": {"max_depth": 4.041010624851739, "n_estimators": 83.87893219340592}, "datetime": {"datetime": "2021-09-24 10:26:28", "elapsed": 856.017488, "delta": 2.301565}}
{"target": 0.4519051221901561, "params": {"max_depth": 4.6224721136364355, "n_estimators": 83.37847377633027}, "datetime": {"datetime": "2021-09-24 10:26:32", "elapsed": 860.010919, "delta": 3.993431}}
{"target": 0.4560429369703941, "params": {"max_depth": 3.5419822588189525, "n_estimators": 84.46825695779538}, "datetime": {"datetime": "2021-09-24 10:26:35", "elapsed": 863.199191, "delta": 3.188272}}
{"target": 0.4095009743370842, "params": {"max_depth": 10.420221690841835, "n_estimators": 92.94017763529371}, "datetime": {"datetime": "2021-09-24 10:26:39", "elapsed": 866.962354, "delta": 3.763163}}
{"target": 0.40640477124567587, "params": {"max_depth": 11.978527160193853, "n_estimators": 84.30109245348403}, "datetime": {"datetime": "2021-09-24 10:26:42", "elapsed": 869.755512, "delta": 2.793158}}
{"target": 0.43859656950082926, "params": {"max_depth": 5.95611491622486, "n_estimators": 86.33402106687511}, "datetime": {"datetime": "2021-09-24 10:26:45", "elapsed": 873.082709, "delta": 3.327197}}
{"target": 0.4053998345727302, "params": {"max_depth": 10.468951173829714, "n_estimators": 58.53124758132396}, "datetime": {"datetime": "2021-09-24 10:26:49", "elapsed": 876.775042, "delta": 3.692333}}
{"target": 0.4566827839001304, "params": {"max_depth": 3.7501516779487623, "n_estimators": 83.13495539300676}, "datetime": {"datetime": "2021-09-24 10:26:52", "elapsed": 880.185554, "delta": 3.410512}}
{"target": 0.4384540464380171, "params": {"max_depth": 2.936406948929274, "n_estimators": 31.52557922121553}, "datetime": {"datetime": "2021-09-24 10:26:55", "elapsed": 882.970717, "delta": 2.785163}}
{"target": 0.4560429369703941, "params": {"max_depth": 3.4577686003998918, "n_estimators": 84.06954868256344}, "datetime": {"datetime": "2021-09-24 10:26:58", "elapsed": 885.937188, "delta": 2.966471}}
{"target": 0.4468806072865288, "params": {"max_depth": 4.502132028215444, "n_estimators": 172.03244934421582}, "datetime": {"datetime": "2021-09-24 10:54:02", "elapsed": 0.0, "delta": 0.0}}
{"target": 0.4375324428982924, "params": {"max_depth": 2.0006862489040693, "n_estimators": 130.233257263184}, "datetime": {"datetime": "2021-09-24 10:54:02", "elapsed": 0.428958, "delta": 0.428958}}
{"target": 0.4387109240320858, "params": {"max_depth": 2.880535344902678, "n_estimators": 109.23385947687979}, "datetime": {"datetime": "2021-09-24 10:54:02", "elapsed": 0.736959, "delta": 0.308001}}
{"target": 0.4512341993446387, "params": {"max_depth": 3.1175612682660256, "n_estimators": 134.55607270430477}, "datetime": {"datetime": "2021-09-24 10:54:03", "elapsed": 1.174956, "delta": 0.437997}}
{"target": 0.44429019548937587, "params": {"max_depth": 4.38060484538402, "n_estimators": 153.8816734003357}, "datetime": {"datetime": "2021-09-24 10:54:03", "elapsed": 1.691957, "delta": 0.517001}}
{"target": 0.4512341993446387, "params": {"max_depth": 3.2637690705128146, "n_estimators": 134.5115914780081}, "datetime": {"datetime": "2021-09-24 10:54:04", "elapsed": 2.193956, "delta": 0.501999}}
{"target": 0.445428897386173, "params": {"max_depth": 4.0054742709394935, "n_estimators": 137.1762170222738}, "datetime": {"datetime": "2021-09-24 10:54:04", "elapsed": 2.851959, "delta": 0.658003}}
{"target": 0.42529361322837955, "params": {"max_depth": 6.698764747951683, "n_estimators": 133.91625125683464}, "datetime": {"datetime": "2021-09-24 10:54:05", "elapsed": 3.424794, "delta": 0.572835}}
{"target": 0.428253899211686, "params": {"max_depth": 6.783055724039306, "n_estimators": 173.48730702143888}, "datetime": {"datetime": "2021-09-24 10:54:06", "elapsed": 4.202793, "delta": 0.777999}}
{"target": 0.4393299124461477, "params": {"max_depth": 2.6115168862517866, "n_estimators": 133.12719411596723}, "datetime": {"datetime": "2021-09-24 10:54:06", "elapsed": 4.618788, "delta": 0.415995}}
{"target": 0.4517337870379029, "params": {"max_depth": 3.3034541715529704, "n_estimators": 135.6929008720537}, "datetime": {"datetime": "2021-09-24 10:54:07", "elapsed": 5.216131, "delta": 0.597343}}
{"target": 0.44078764398544246, "params": {"max_depth": 2.4511950973364223, "n_estimators": 170.74907344715936}, "datetime": {"datetime": "2021-09-24 10:54:07", "elapsed": 5.819126, "delta": 0.602995}}
{"target": 0.44002820212338223, "params": {"max_depth": 2.1079530330729064, "n_estimators": 136.61909346167272}, "datetime": {"datetime": "2021-09-24 10:54:08", "elapsed": 6.293122, "delta": 0.473996}}
{"target": 0.43979359453273814, "params": {"max_depth": 5.225136909855813, "n_estimators": 169.84077307560761}, "datetime": {"datetime": "2021-09-24 10:54:09", "elapsed": 6.965804, "delta": 0.672682}}
{"target": 0.4398515729840101, "params": {"max_depth": 2.9394954170278567, "n_estimators": 173.49606255137093}, "datetime": {"datetime": "2021-09-24 10:54:09", "elapsed": 7.596496, "delta": 0.630692}}
{"target": 0.44412774489185847, "params": {"max_depth": 4.4878620318489775, "n_estimators": 135.68489587541666}, "datetime": {"datetime": "2021-09-24 10:54:10", "elapsed": 8.2295, "delta": 0.633004}}
{"target": 0.42766447722399537, "params": {"max_depth": 6.538238230927414, "n_estimators": 152.51494162773065}, "datetime": {"datetime": "2021-09-24 10:54:11", "elapsed": 8.937166, "delta": 0.707666}}
{"target": 0.4406085613886269, "params": {"max_depth": 2.566961853342971, "n_estimators": 155.04066950842332}, "datetime": {"datetime": "2021-09-24 10:54:11", "elapsed": 9.56865, "delta": 0.631484}}
{"target": 0.44489722537786247, "params": {"max_depth": 4.976431972131942, "n_estimators": 139.47951614819914}, "datetime": {"datetime": "2021-09-24 10:54:12", "elapsed": 10.128651, "delta": 0.560001}}
{"target": 0.45052685035756235, "params": {"max_depth": 3.162137913961791, "n_estimators": 140.81464752693682}, "datetime": {"datetime": "2021-09-24 10:54:12", "elapsed": 10.683653, "delta": 0.555002}}
{"target": 0.44332522402345986, "params": {"max_depth": 4.238376326958817, "n_estimators": 141.9373283165959}, "datetime": {"datetime": "2021-09-24 10:54:13", "elapsed": 11.286442, "delta": 0.602789}}
{"target": 0.4396141760680845, "params": {"max_depth": 2.0463540801079416, "n_estimators": 140.0669202525319}, "datetime": {"datetime": "2021-09-24 10:54:14", "elapsed": 11.930439, "delta": 0.643997}}
{"target": 0.4393427214191571, "params": {"max_depth": 2.476057183840619, "n_estimators": 142.00539147379723}, "datetime": {"datetime": "2021-09-24 10:54:14", "elapsed": 12.577066, "delta": 0.646627}}
{"target": 0.45052685035756235, "params": {"max_depth": 3.8354493370318363, "n_estimators": 140.14941260208352}, "datetime": {"datetime": "2021-09-24 10:54:15", "elapsed": 13.223509, "delta": 0.646443}}
{"target": 0.42080580673718004, "params": {"max_depth": 7.363809935014555, "n_estimators": 140.97532480569413}, "datetime": {"datetime": "2021-09-24 10:54:16", "elapsed": 14.00173, "delta": 0.778221}}
{"target": 0.43925819263901855, "params": {"max_depth": 5.200824120729531, "n_estimators": 156.73707463037144}, "datetime": {"datetime": "2021-09-24 10:54:16", "elapsed": 14.590728, "delta": 0.588998}}
{"target": 0.43923911184228914, "params": {"max_depth": 2.320450951556526, "n_estimators": 151.69984483970273}, "datetime": {"datetime": "2021-09-24 10:54:17", "elapsed": 15.19574, "delta": 0.605012}}
{"target": 0.44889132031744305, "params": {"max_depth": 3.1145042159689007, "n_estimators": 198.08054895488334}, "datetime": {"datetime": "2021-09-24 10:54:17", "elapsed": 15.886602, "delta": 0.690862}}
{"target": 0.44361053462251643, "params": {"max_depth": 4.375426249357656, "n_estimators": 196.82082385924673}, "datetime": {"datetime": "2021-09-24 10:54:18", "elapsed": 16.543607, "delta": 0.657005}}
{"target": 0.4481112740005204, "params": {"max_depth": 3.8897631885061665, "n_estimators": 199.72539103310055}, "datetime": {"datetime": "2021-09-24 10:54:19", "elapsed": 17.287349, "delta": 0.743742}}
{"target": 0.43579312217809285, "params": {"max_depth": 2.0653909192483217, "n_estimators": 199.35538817027452}, "datetime": {"datetime": "2021-09-24 10:54:20", "elapsed": 18.014345, "delta": 0.726996}}
{"target": 0.4435258568451391, "params": {"max_depth": 4.897720849445008, "n_estimators": 198.62005998645049}, "datetime": {"datetime": "2021-09-24 10:54:20", "elapsed": 18.729341, "delta": 0.714996}}
{"target": 0.4366743968815652, "params": {"max_depth": 2.296838729700479, "n_estimators": 196.768237061403}, "datetime": {"datetime": "2021-09-24 10:54:21", "elapsed": 19.717921, "delta": 0.98858}}
{"target": 0.45273031696073596, "params": {"max_depth": 3.598773535731156, "n_estimators": 138.84690844139686}, "datetime": {"datetime": "2021-09-24 10:54:22", "elapsed": 20.23096, "delta": 0.513039}}
{"target": 0.41638499868591416, "params": {"max_depth": 7.107024516933635, "n_estimators": 194.85901000577104}, "datetime": {"datetime": "2021-09-24 10:54:23", "elapsed": 21.074606, "delta": 0.843646}}
{"target": 0.4200940576822364, "params": {"max_depth": 7.971788482324017, "n_estimators": 119.76010329073108}, "datetime": {"datetime": "2021-09-24 10:54:23", "elapsed": 21.615146, "delta": 0.54054}}
{"target": 0.4267029221767942, "params": {"max_depth": 7.685347447353376, "n_estimators": 100.0379352300607}, "datetime": {"datetime": "2021-09-24 10:54:24", "elapsed": 22.182997, "delta": 0.567851}}
{"target": 0.438776084707203, "params": {"max_depth": 2.0194366948138995, "n_estimators": 183.91903454845388}, "datetime": {"datetime": "2021-09-24 10:54:25", "elapsed": 23.042543, "delta": 0.859546}}
{"target": 0.4409659814904463, "params": {"max_depth": 2.0453521308648144, "n_estimators": 162.85740779012173}, "datetime": {"datetime": "2021-09-24 10:54:25", "elapsed": 23.74634, "delta": 0.703797}}
{"target": 0.4286885126799892, "params": {"max_depth": 6.170721681781919, "n_estimators": 163.1461012875503}, "datetime": {"datetime": "2021-09-24 10:54:26", "elapsed": 24.589302, "delta": 0.842962}}
{"target": 0.4181619332357118, "params": {"max_depth": 7.997917795411819, "n_estimators": 185.08899166556216}, "datetime": {"datetime": "2021-09-24 10:54:27", "elapsed": 25.389668, "delta": 0.800366}}
{"target": 0.42355008861891963, "params": {"max_depth": 7.853494223041643, "n_estimators": 110.6249597732749}, "datetime": {"datetime": "2021-09-24 10:54:28", "elapsed": 26.037663, "delta": 0.647995}}
