{"target": -44.93310282576721, "params": {"max_depth": 1.0, "n_estimators": 21.97776527622204, "random_state": 1.0}, "datetime": {"datetime": "2021-09-30 08:16:52", "elapsed": 52.543262, "delta": 0.52408}}
{"target": -38.73014392278633, "params": {"max_depth": 17.00976813196948, "n_estimators": 36.21790163944972, "random_state": 11.0}, "datetime": {"datetime": "2021-09-30 08:16:52", "elapsed": 53.166914, "delta": 0.623652}}
{"target": -39.59176459673252, "params": {"max_depth": 22.941972115604482, "n_estimators": 16.51775012686822, "random_state": 11.0}, "datetime": {"datetime": "2021-09-30 08:16:53", "elapsed": 53.681491, "delta": 0.514577}}
{"target": -41.483211915053, "params": {"max_depth": 29.90341672023792, "n_estimators": 39.858895061339894, "random_state": 1.9815726221636523}, "datetime": {"datetime": "2021-09-30 08:16:54", "elapsed": 54.37136, "delta": 0.689869}}
{"target": -41.26788556451421, "params": {"max_depth": 18.557704888286892, "n_estimators": 37.326159457116056, "random_state": 1.0}, "datetime": {"datetime": "2021-09-30 08:16:54", "elapsed": 54.998216, "delta": 0.626856}}
{"target": -39.437857421319094, "params": {"max_depth": 19.857165511327175, "n_estimators": 19.418625101842714, "random_state": 5.627930041502144}, "datetime": {"datetime": "2021-09-30 08:16:55", "elapsed": 55.51566, "delta": 0.517444}}
{"target": -40.9449731307031, "params": {"max_depth": 19.165771090545807, "n_estimators": 66.03416673438642, "random_state": 1.0}, "datetime": {"datetime": "2021-09-30 08:16:56", "elapsed": 56.319017, "delta": 0.803357}}
{"target": -38.77104586609793, "params": {"max_depth": 11.73502119027164, "n_estimators": 86.0258436294083, "random_state": 6.94983767690503}, "datetime": {"datetime": "2021-09-30 08:16:56", "elapsed": 57.130474, "delta": 0.811457}}
{"target": -40.75715855647191, "params": {"max_depth": 25.249058321821536, "n_estimators": 91.77155486087213, "random_state": 1.0}, "datetime": {"datetime": "2021-09-30 08:16:57", "elapsed": 58.046526, "delta": 0.916052}}
{"target": -40.68617883043077, "params": {"max_depth": 18.0485417496238, "n_estimators": 99.89905184081078, "random_state": 7.984304407710555}, "datetime": {"datetime": "2021-09-30 08:16:58", "elapsed": 59.072142, "delta": 1.025616}}
{"target": -38.64687866432353, "params": {"max_depth": 26.04211433076284, "n_estimators": 35.869589049212806, "random_state": 11.0}, "datetime": {"datetime": "2021-09-30 08:16:59", "elapsed": 59.685082, "delta": 0.61294}}
{"target": -39.10307319303763, "params": {"max_depth": 17.019290679536226, "n_estimators": 86.40736456293055, "random_state": 8.392494995790338}, "datetime": {"datetime": "2021-09-30 08:17:00", "elapsed": 60.607855, "delta": 0.922773}}
{"target": -40.44020333160878, "params": {"max_depth": 10.446437847673867, "n_estimators": 57.3229233347678, "random_state": 1.0}, "datetime": {"datetime": "2021-09-30 08:17:01", "elapsed": 61.455, "delta": 0.847145}}
{"target": -40.19117906872147, "params": {"max_depth": 20.875081455465207, "n_estimators": 35.77596133709212, "random_state": 7.676679362512557}, "datetime": {"datetime": "2021-09-30 08:17:02", "elapsed": 62.185301, "delta": 0.730301}}
{"target": -38.677447764798366, "params": {"max_depth": 18.873652809860804, "n_estimators": 47.47465011679489, "random_state": 11.0}, "datetime": {"datetime": "2021-09-30 08:17:02", "elapsed": 62.913574, "delta": 0.728273}}
{"target": -38.71142522341212, "params": {"max_depth": 19.747768185801846, "n_estimators": 53.89707944772296, "random_state": 11.0}, "datetime": {"datetime": "2021-09-30 08:17:03", "elapsed": 63.759774, "delta": 0.8462}}
{"target": -40.777988648453515, "params": {"max_depth": 12.543360302768809, "n_estimators": 87.76676727103397, "random_state": 1.0}, "datetime": {"datetime": "2021-09-30 08:17:04", "elapsed": 64.699075, "delta": 0.939301}}
{"target": -38.95624877888926, "params": {"max_depth": 24.33628443460711, "n_estimators": 81.74883442755622, "random_state": 6.17676789540923}, "datetime": {"datetime": "2021-09-30 08:17:05", "elapsed": 65.601339, "delta": 0.902264}}
{"target": -40.6786435991814, "params": {"max_depth": 30.0, "n_estimators": 83.45108517768318, "random_state": 1.0}, "datetime": {"datetime": "2021-09-30 08:17:06", "elapsed": 66.627064, "delta": 1.025725}}
{"target": -39.375207506085246, "params": {"max_depth": 10.635608005590083, "n_estimators": 85.25249034505732, "random_state": 11.0}, "datetime": {"datetime": "2021-09-30 08:17:07", "elapsed": 67.606189, "delta": 0.979125}}
{"target": -40.6306715175282, "params": {"max_depth": 29.91207215397665, "n_estimators": 57.382633365214055, "random_state": 1.0979425258923805}, "datetime": {"datetime": "2021-09-30 08:17:08", "elapsed": 68.495806, "delta": 0.889617}}
{"target": -38.807756086819126, "params": {"max_depth": 25.467721005969768, "n_estimators": 54.89373521419279, "random_state": 11.0}, "datetime": {"datetime": "2021-09-30 08:17:09", "elapsed": 69.285126, "delta": 0.78932}}
{"target": -41.106905287941935, "params": {"max_depth": 15.389056232595411, "n_estimators": 19.242472430165904, "random_state": 1.0}, "datetime": {"datetime": "2021-09-30 08:17:09", "elapsed": 69.941761, "delta": 0.656635}}
{"target": -38.800104130877465, "params": {"max_depth": 24.24625174689187, "n_estimators": 45.268828599861955, "random_state": 11.0}, "datetime": {"datetime": "2021-09-30 08:17:10", "elapsed": 70.693199, "delta": 0.751438}}
{"target": -40.05682885198543, "params": {"max_depth": 18.583564655984134, "n_estimators": 79.23295865984359, "random_state": 5.479170140723743}, "datetime": {"datetime": "2021-09-30 08:17:11", "elapsed": 71.751057, "delta": 1.057858}}
{"target": -40.1108462886497, "params": {"max_depth": 8.954240819229184, "n_estimators": 90.58699173791133, "random_state": 7.793448506645272}, "datetime": {"datetime": "2021-09-30 08:17:12", "elapsed": 72.665968, "delta": 0.914911}}
{"target": -41.13085371202555, "params": {"max_depth": 25.01141990052365, "n_estimators": 74.26045168189296, "random_state": 7.716431796014874}, "datetime": {"datetime": "2021-09-30 08:17:13", "elapsed": 73.698212, "delta": 1.032244}}
{"target": -40.41323583930076, "params": {"max_depth": 29.878987135776306, "n_estimators": 34.89437921401331, "random_state": 7.831153939606645}, "datetime": {"datetime": "2021-09-30 08:17:14", "elapsed": 74.450429, "delta": 0.752217}}
{"target": -38.93335554888775, "params": {"max_depth": 24.24648879940432, "n_estimators": 43.45300590703313, "random_state": 5.836399670600583}, "datetime": {"datetime": "2021-09-30 08:17:15", "elapsed": 75.184839, "delta": 0.73441}}
{"target": -39.625411825198505, "params": {"max_depth": 25.44273271434803, "n_estimators": 94.07717408572651, "random_state": 10.898734036059219}, "datetime": {"datetime": "2021-09-30 08:17:16", "elapsed": 76.1903, "delta": 1.005461}}
{"target": -41.354389087946906, "params": {"max_depth": 21.674603672234696, "n_estimators": 44.19869926036767, "random_state": 1.0}, "datetime": {"datetime": "2021-09-30 08:17:16", "elapsed": 76.909017, "delta": 0.718717}}
{"target": -40.08106747173839, "params": {"max_depth": 5.755927298155211, "n_estimators": 50.77055429752191, "random_state": 1.0}, "datetime": {"datetime": "2021-09-30 08:17:17", "elapsed": 77.674641, "delta": 0.765624}}
{"target": -39.906101277906345, "params": {"max_depth": 30.0, "n_estimators": 15.122041641905003, "random_state": 11.0}, "datetime": {"datetime": "2021-09-30 08:17:18", "elapsed": 78.223708, "delta": 0.549067}}
{"target": -42.54115305980732, "params": {"max_depth": 25.17840786168898, "n_estimators": 19.115236037063426, "random_state": 7.112927995241991}, "datetime": {"datetime": "2021-09-30 08:17:18", "elapsed": 78.817457, "delta": 0.593749}}
{"target": -40.2928664756887, "params": {"max_depth": 18.107944128620655, "n_estimators": 14.817778423082181, "random_state": 11.0}, "datetime": {"datetime": "2021-09-30 08:17:19", "elapsed": 79.458082, "delta": 0.640625}}
{"target": -39.816892324917866, "params": {"max_depth": 24.95771624816449, "n_estimators": 81.69233812804669, "random_state": 10.914587688199818}, "datetime": {"datetime": "2021-09-30 08:17:20", "elapsed": 80.444036, "delta": 0.985954}}
{"target": -38.67471234576258, "params": {"max_depth": 30.0, "n_estimators": 46.82513132775788, "random_state": 11.0}, "datetime": {"datetime": "2021-09-30 08:17:20", "elapsed": 81.163459, "delta": 0.719423}}
{"target": -39.028764404945726, "params": {"max_depth": 22.76093355724285, "n_estimators": 89.2329339409273, "random_state": 6.274202458460104}, "datetime": {"datetime": "2021-09-30 08:17:22", "elapsed": 82.180762, "delta": 1.017303}}
{"target": -38.861996755623785, "params": {"max_depth": 16.542416111734518, "n_estimators": 50.975867361144445, "random_state": 11.0}, "datetime": {"datetime": "2021-09-30 08:17:22", "elapsed": 82.993263, "delta": 0.812501}}
{"target": -39.10732749798799, "params": {"max_depth": 19.43902685376478, "n_estimators": 65.46880244036481, "random_state": 11.0}, "datetime": {"datetime": "2021-09-30 08:17:23", "elapsed": 83.868888, "delta": 0.875625}}
{"target": -40.253118666301795, "params": {"max_depth": 17.736867783368268, "n_estimators": 60.116672158195954, "random_state": 10.936473341903117}, "datetime": {"datetime": "2021-09-30 08:17:24", "elapsed": 84.824693, "delta": 0.955805}}
{"target": -41.22531958369862, "params": {"max_depth": 30.0, "n_estimators": 70.93272352433648, "random_state": 1.0}, "datetime": {"datetime": "2021-09-30 08:17:25", "elapsed": 85.743073, "delta": 0.91838}}
{"target": -39.03012384840189, "params": {"max_depth": 26.09963983868973, "n_estimators": 99.92513700374963, "random_state": 6.2915761676865145}, "datetime": {"datetime": "2021-09-30 08:17:26", "elapsed": 86.745786, "delta": 1.002713}}
{"target": -39.02513384342738, "params": {"max_depth": 23.794239328250285, "n_estimators": 95.58736417322491, "random_state": 6.19458491894413}, "datetime": {"datetime": "2021-09-30 08:17:27", "elapsed": 87.761376, "delta": 1.01559}}
{"target": -38.959086051228994, "params": {"max_depth": 18.92706371897216, "n_estimators": 42.799562802741114, "random_state": 11.0}, "datetime": {"datetime": "2021-09-30 08:17:28", "elapsed": 88.53178, "delta": 0.770404}}
{"target": -39.65316689977354, "params": {"max_depth": 12.053520547020762, "n_estimators": 95.62972702398704, "random_state": 11.0}, "datetime": {"datetime": "2021-09-30 08:17:29", "elapsed": 89.563036, "delta": 1.031256}}
{"target": -40.92651318054561, "params": {"max_depth": 29.924447651655715, "n_estimators": 82.71723574469047, "random_state": 7.121548019185248}, "datetime": {"datetime": "2021-09-30 08:17:30", "elapsed": 90.529676, "delta": 0.96664}}
{"target": -38.919469981854405, "params": {"max_depth": 27.97570733204286, "n_estimators": 93.36410241211188, "random_state": 6.184769836144925}, "datetime": {"datetime": "2021-09-30 08:17:31", "elapsed": 91.758594, "delta": 1.228918}}
{"target": -40.831361494918205, "params": {"max_depth": 23.747798936446852, "n_estimators": 80.98388208740394, "random_state": 1.3511627415307583}, "datetime": {"datetime": "2021-09-30 08:17:32", "elapsed": 92.819566, "delta": 1.060972}}
{"target": -39.0841088574695, "params": {"max_depth": 21.123497955766037, "n_estimators": 84.01256219002043, "random_state": 6.74445643654271}, "datetime": {"datetime": "2021-09-30 08:17:33", "elapsed": 93.876626, "delta": 1.05706}}
{"target": -39.86232903826765, "params": {"max_depth": 29.221523255375644, "n_estimators": 77.31147573733111, "random_state": 10.99482164645519}, "datetime": {"datetime": "2021-09-30 08:17:34", "elapsed": 94.856941, "delta": 0.980315}}
{"target": -39.140966691935645, "params": {"max_depth": 30.0, "n_estimators": 69.72641714724172, "random_state": 11.0}, "datetime": {"datetime": "2021-09-30 08:17:35", "elapsed": 95.820168, "delta": 0.963227}}
{"target": -39.95549305707762, "params": {"max_depth": 24.838426966488434, "n_estimators": 66.40178122075471, "random_state": 10.919437615925863}, "datetime": {"datetime": "2021-09-30 08:17:36", "elapsed": 96.722117, "delta": 0.901949}}
{"target": -39.22039820806084, "params": {"max_depth": 26.097698550103843, "n_estimators": 56.72547239155529, "random_state": 6.684296927910103}, "datetime": {"datetime": "2021-09-30 08:17:37", "elapsed": 97.706486, "delta": 0.984369}}
{"target": -39.19270294449179, "params": {"max_depth": 18.17884059465081, "n_estimators": 52.927954892747366, "random_state": 6.694355674986911}, "datetime": {"datetime": "2021-09-30 08:17:38", "elapsed": 98.512242, "delta": 0.805756}}
{"target": -39.88974003680863, "params": {"max_depth": 30.0, "n_estimators": 54.96311557632664, "random_state": 8.964186984909356}, "datetime": {"datetime": "2021-09-30 08:17:39", "elapsed": 99.434118, "delta": 0.921876}}
{"target": -39.14096876489236, "params": {"max_depth": 30.0, "n_estimators": 61.62059534926715, "random_state": 11.0}, "datetime": {"datetime": "2021-09-30 08:17:40", "elapsed": 100.302853, "delta": 0.868735}}
{"target": -39.97095895435737, "params": {"max_depth": 25.370393174861075, "n_estimators": 40.900430637874365, "random_state": 8.212768902779825}, "datetime": {"datetime": "2021-09-30 08:17:40", "elapsed": 101.063, "delta": 0.760147}}
{"target": -39.957108099895436, "params": {"max_depth": 19.345608684968205, "n_estimators": 19.244973985672512, "random_state": 11.0}, "datetime": {"datetime": "2021-09-30 08:17:41", "elapsed": 101.750492, "delta": 0.687492}}
{"target": -40.463281068901935, "params": {"max_depth": 21.014740755755334, "n_estimators": 50.37929901446515, "random_state": 10.964212630435593}, "datetime": {"datetime": "2021-09-30 08:17:42", "elapsed": 102.541238, "delta": 0.790746}}
{"target": -40.481781299402115, "params": {"max_depth": 13.905321233086129, "n_estimators": 45.56761368111183, "random_state": 10.98283593421363}, "datetime": {"datetime": "2021-09-30 08:17:43", "elapsed": 103.353077, "delta": 0.811839}}
{"target": -40.604638645534905, "params": {"max_depth": 20.887971622750268, "n_estimators": 45.81545856199903, "random_state": 7.990051811782222}, "datetime": {"datetime": "2021-09-30 08:17:43", "elapsed": 104.13918, "delta": 0.786103}}
{"target": -41.07273631794314, "params": {"max_depth": 20.80891814378171, "n_estimators": 56.50285884610591, "random_state": 7.483219270742666}, "datetime": {"datetime": "2021-09-30 08:17:44", "elapsed": 104.987548, "delta": 0.848368}}
{"target": -44.87893319770428, "params": {"max_depth": 1.610900019875877, "n_estimators": 58.097361692045965, "random_state": 1.0305792093499702}, "datetime": {"datetime": "2021-09-30 08:17:45", "elapsed": 105.794707, "delta": 0.807159}}
{"target": -39.356205685862264, "params": {"max_depth": 13.146464214744611, "n_estimators": 53.31964280329778, "random_state": 5.207914233391269}, "datetime": {"datetime": "2021-09-30 08:17:46", "elapsed": 106.741851, "delta": 0.947144}}
{"target": -44.55233284949915, "params": {"max_depth": 1.0, "n_estimators": 44.90279332705292, "random_state": 1.0}, "datetime": {"datetime": "2021-09-30 08:17:47", "elapsed": 107.491881, "delta": 0.75003}}
{"target": -38.97717212494749, "params": {"max_depth": 11.180926602906219, "n_estimators": 100.0, "random_state": 6.070954421295048}, "datetime": {"datetime": "2021-09-30 08:17:48", "elapsed": 108.599732, "delta": 1.107851}}
{"target": -41.89778114802247, "params": {"max_depth": 17.12450803800777, "n_estimators": 23.716518509436675, "random_state": 7.109869469180438}, "datetime": {"datetime": "2021-09-30 08:17:49", "elapsed": 109.334107, "delta": 0.734375}}
{"target": -39.338972307208806, "params": {"max_depth": 13.350898811446603, "n_estimators": 33.68967071936497, "random_state": 11.0}, "datetime": {"datetime": "2021-09-30 08:17:50", "elapsed": 110.249724, "delta": 0.915617}}
{"target": -40.562107101152655, "params": {"max_depth": 24.131004274055886, "n_estimators": 53.057963834024484, "random_state": 1.0}, "datetime": {"datetime": "2021-09-30 08:17:50", "elapsed": 111.134862, "delta": 0.885138}}
{"target": -40.75951824680079, "params": {"max_depth": 13.453075624623914, "n_estimators": 100.0, "random_state": 1.0}, "datetime": {"datetime": "2021-09-30 08:17:52", "elapsed": 112.347397, "delta": 1.212535}}
{"target": -40.74832235259004, "params": {"max_depth": 30.0, "n_estimators": 49.70513563340615, "random_state": 7.419221351812133}, "datetime": {"datetime": "2021-09-30 08:17:53", "elapsed": 113.549658, "delta": 1.202261}}
{"target": -38.65378177106254, "params": {"max_depth": 27.43022679145669, "n_estimators": 45.39437541905037, "random_state": 6.439710266081129}, "datetime": {"datetime": "2021-09-30 08:17:54", "elapsed": 114.496622, "delta": 0.946964}}
{"target": -39.47822539974745, "params": {"max_depth": 11.136337557325389, "n_estimators": 74.0003834499368, "random_state": 11.0}, "datetime": {"datetime": "2021-09-30 08:17:55", "elapsed": 115.46541, "delta": 0.968788}}
{"target": -40.40384616868886, "params": {"max_depth": 10.777919835187847, "n_estimators": 79.64392426592867, "random_state": 7.727946463260699}, "datetime": {"datetime": "2021-09-30 08:17:56", "elapsed": 116.656959, "delta": 1.191549}}
{"target": -39.132900020308355, "params": {"max_depth": 13.84570669462869, "n_estimators": 68.93532798820898, "random_state": 8.08280289926061}, "datetime": {"datetime": "2021-09-30 08:17:57", "elapsed": 117.610083, "delta": 0.953124}}
{"target": -39.802183769806604, "params": {"max_depth": 12.878717544968433, "n_estimators": 69.01132272014503, "random_state": 11.0}, "datetime": {"datetime": "2021-09-30 08:17:58", "elapsed": 118.769274, "delta": 1.159191}}
{"target": -41.07321691644359, "params": {"max_depth": 18.915300325532, "n_estimators": 68.08741986834205, "random_state": 7.194175030967436}, "datetime": {"datetime": "2021-09-30 08:17:59", "elapsed": 119.746928, "delta": 0.977654}}
{"target": -39.61348185910216, "params": {"max_depth": 11.970055609507526, "n_estimators": 64.70042839833093, "random_state": 2.9511535645506983}, "datetime": {"datetime": "2021-09-30 08:18:00", "elapsed": 120.750772, "delta": 1.003844}}
{"target": -39.01045683631062, "params": {"max_depth": 10.641804291329663, "n_estimators": 69.61233375141074, "random_state": 6.285154384056304}, "datetime": {"datetime": "2021-09-30 08:18:01", "elapsed": 121.860179, "delta": 1.109407}}
{"target": -39.07166746364118, "params": {"max_depth": 18.68151615053814, "n_estimators": 90.21612448714271, "random_state": 11.0}, "datetime": {"datetime": "2021-09-30 08:18:02", "elapsed": 123.104014, "delta": 1.243835}}
{"target": -38.7647877754721, "params": {"max_depth": 17.711762172455234, "n_estimators": 15.789291334890123, "random_state": 5.484107469056018}, "datetime": {"datetime": "2021-09-30 08:18:03", "elapsed": 123.790579, "delta": 0.686565}}
{"target": -40.765644951752876, "params": {"max_depth": 13.867227372256647, "n_estimators": 74.21241756530299, "random_state": 7.683372736196121}, "datetime": {"datetime": "2021-09-30 08:18:04", "elapsed": 124.987434, "delta": 1.196855}}
{"target": -38.66054248238207, "params": {"max_depth": 27.21645077696034, "n_estimators": 48.70325099035332, "random_state": 11.0}, "datetime": {"datetime": "2021-09-30 08:18:05", "elapsed": 125.935101, "delta": 0.947667}}
{"target": -39.650988500096716, "params": {"max_depth": 4.060829088459201, "n_estimators": 82.09188842680295, "random_state": 1.0}, "datetime": {"datetime": "2021-09-30 08:18:06", "elapsed": 127.022575, "delta": 1.087474}}
{"target": -39.791493975389365, "params": {"max_depth": 7.108713632878174, "n_estimators": 83.82693591963115, "random_state": 4.993205334742428}, "datetime": {"datetime": "2021-09-30 08:18:08", "elapsed": 128.213837, "delta": 1.191262}}
{"target": -39.448281442814086, "params": {"max_depth": 6.797310137565637, "n_estimators": 71.39390421518837, "random_state": 11.0}, "datetime": {"datetime": "2021-09-30 08:18:08", "elapsed": 129.093498, "delta": 0.879661}}
{"target": -39.45585707207254, "params": {"max_depth": 14.7378128203183, "n_estimators": 85.97884522444981, "random_state": 11.0}, "datetime": {"datetime": "2021-09-30 08:18:10", "elapsed": 130.191911, "delta": 1.098413}}
{"target": -38.94705373877995, "params": {"max_depth": 19.978456340497324, "n_estimators": 92.58211910268069, "random_state": 6.803467129298319}, "datetime": {"datetime": "2021-09-30 08:18:11", "elapsed": 131.347428, "delta": 1.155517}}
{"target": -38.64720649043911, "params": {"max_depth": 29.630900571901762, "n_estimators": 43.453918455394536, "random_state": 6.591466675422839}, "datetime": {"datetime": "2021-09-30 08:18:12", "elapsed": 132.268472, "delta": 0.921044}}
{"target": -38.87556147430579, "params": {"max_depth": 17.775531279501035, "n_estimators": 32.717060919123966, "random_state": 11.0}, "datetime": {"datetime": "2021-09-30 08:18:13", "elapsed": 133.246489, "delta": 0.978017}}
{"target": -41.727131716240436, "params": {"max_depth": 23.69700420055205, "n_estimators": 32.603860985294595, "random_state": 1.0}, "datetime": {"datetime": "2021-09-30 08:18:13", "elapsed": 133.996529, "delta": 0.75004}}
{"target": -38.898460276795944, "params": {"max_depth": 16.76702019398847, "n_estimators": 54.68203137062978, "random_state": 11.0}, "datetime": {"datetime": "2021-09-30 08:18:14", "elapsed": 135.052643, "delta": 1.056114}}
{"target": -39.69582969954666, "params": {"max_depth": 29.09427818076345, "n_estimators": 86.71028221085919, "random_state": 10.985346126788599}, "datetime": {"datetime": "2021-09-30 08:18:16", "elapsed": 136.254986, "delta": 1.202343}}
{"target": -39.06164717408005, "params": {"max_depth": 12.694076412945076, "n_estimators": 96.56360624009366, "random_state": 6.456913322107986}, "datetime": {"datetime": "2021-09-30 08:18:17", "elapsed": 137.525486, "delta": 1.2705}}
{"target": -39.82485290658867, "params": {"max_depth": 19.95470958279021, "n_estimators": 81.0724990710257, "random_state": 10.62109756473405}, "datetime": {"datetime": "2021-09-30 08:18:18", "elapsed": 138.658824, "delta": 1.133338}}
