{"target": 0.43500155332904133, "params": {"max_depth": 5.996142241586302, "n_estimators": 485.78751945816197}, "datetime": {"datetime": "2021-09-24 11:43:48", "elapsed": 229.515206, "delta": 2.493168}}
{"target": 0.4285911893914848, "params": {"max_depth": 6.0, "n_estimators": 517.0445178897301}, "datetime": {"datetime": "2021-09-24 11:43:51", "elapsed": 232.347594, "delta": 2.832388}}
{"target": 0.4245581182122562, "params": {"max_depth": 2.131461290288427, "n_estimators": 498.96678473581886}, "datetime": {"datetime": "2021-09-24 11:43:52", "elapsed": 234.020553, "delta": 1.672959}}
{"target": 0.4257060992485874, "params": {"max_depth": 2.0409659505958095, "n_estimators": 586.0211659222607}, "datetime": {"datetime": "2021-09-24 11:43:54", "elapsed": 235.910603, "delta": 1.89005}}
{"target": 0.4360804986848539, "params": {"max_depth": 5.94201984506242, "n_estimators": 599.0120093236687}, "datetime": {"datetime": "2021-09-24 11:43:57", "elapsed": 238.633948, "delta": 2.723345}}
{"target": 0.43609050338476596, "params": {"max_depth": 5.942903658012556, "n_estimators": 472.81148282884726}, "datetime": {"datetime": "2021-09-24 11:43:59", "elapsed": 241.060364, "delta": 2.426416}}
{"target": 0.436114589666054, "params": {"max_depth": 5.973808324600763, "n_estimators": 593.190489146093}, "datetime": {"datetime": "2021-09-24 11:44:02", "elapsed": 243.961346, "delta": 2.900982}}
{"target": 0.4374592501941936, "params": {"max_depth": 5.9726178538284795, "n_estimators": 551.1903077483444}, "datetime": {"datetime": "2021-09-24 11:44:05", "elapsed": 246.481378, "delta": 2.520032}}
{"target": 0.42689242559090945, "params": {"max_depth": 6.0, "n_estimators": 589.628913689947}, "datetime": {"datetime": "2021-09-24 11:44:08", "elapsed": 249.243282, "delta": 2.761904}}
{"target": 0.42419778509721595, "params": {"max_depth": 2.008535710296144, "n_estimators": 423.4856080737474}, "datetime": {"datetime": "2021-09-24 11:44:09", "elapsed": 250.936923, "delta": 1.693641}}
{"target": 0.42634240879440355, "params": {"max_depth": 2.9904267306131964, "n_estimators": 595.9127578521702}, "datetime": {"datetime": "2021-09-24 11:44:11", "elapsed": 253.075543, "delta": 2.13862}}
{"target": 0.44201458921811276, "params": {"max_depth": 3.64612084231206, "n_estimators": 559.094056096871}, "datetime": {"datetime": "2021-09-24 11:44:14", "elapsed": 255.450909, "delta": 2.375366}}
{"target": 0.42531573899155684, "params": {"max_depth": 2.0613909859338766, "n_estimators": 559.4230054432337}, "datetime": {"datetime": "2021-09-24 11:44:16", "elapsed": 257.447458, "delta": 1.996549}}
{"target": 0.4437163882176218, "params": {"max_depth": 4.688458659440057, "n_estimators": 558.1745361531595}, "datetime": {"datetime": "2021-09-24 11:44:18", "elapsed": 259.966863, "delta": 2.519405}}
{"target": 0.4266997050806606, "params": {"max_depth": 6.0, "n_estimators": 501.5836154705505}, "datetime": {"datetime": "2021-09-24 11:44:21", "elapsed": 262.540106, "delta": 2.573243}}
{"target": 0.43572108061468384, "params": {"max_depth": 5.878386747825822, "n_estimators": 415.91496375543886}, "datetime": {"datetime": "2021-09-24 11:44:23", "elapsed": 264.928015, "delta": 2.387909}}
{"target": 0.4436853590466665, "params": {"max_depth": 4.413515419644758, "n_estimators": 560.2662637960814}, "datetime": {"datetime": "2021-09-24 11:44:26", "elapsed": 267.240748, "delta": 2.312733}}
{"target": 0.43772563418839316, "params": {"max_depth": 5.647975560786026, "n_estimators": 561.9075691337207}, "datetime": {"datetime": "2021-09-24 11:44:28", "elapsed": 269.815005, "delta": 2.574257}}
{"target": 0.42660658018943076, "params": {"max_depth": 6.0, "n_estimators": 409.941922980933}, "datetime": {"datetime": "2021-09-24 11:44:30", "elapsed": 272.028746, "delta": 2.213741}}
{"target": 0.4375153037640016, "params": {"max_depth": 5.839272475315748, "n_estimators": 528.979051287844}, "datetime": {"datetime": "2021-09-24 11:44:33", "elapsed": 274.379903, "delta": 2.351157}}
{"target": 0.4254570136488026, "params": {"max_depth": 2.0, "n_estimators": 525.4326184701292}, "datetime": {"datetime": "2021-09-24 11:44:34", "elapsed": 276.213543, "delta": 1.83364}}
{"target": 0.4351111750378027, "params": {"max_depth": 5.99803231034006, "n_estimators": 489.33126202310945}, "datetime": {"datetime": "2021-09-24 11:44:37", "elapsed": 278.637038, "delta": 2.423495}}
{"target": 0.425872110537868, "params": {"max_depth": 6.0, "n_estimators": 420.62404025505487}, "datetime": {"datetime": "2021-09-24 11:44:39", "elapsed": 280.984421, "delta": 2.347383}}
{"target": 0.43614825806387614, "params": {"max_depth": 5.9906298336404245, "n_estimators": 431.4896334906819}, "datetime": {"datetime": "2021-09-24 11:44:42", "elapsed": 283.461434, "delta": 2.477013}}
{"target": 0.437834200872965, "params": {"max_depth": 5.99377303738164, "n_estimators": 536.000263974518}, "datetime": {"datetime": "2021-09-24 11:44:44", "elapsed": 285.976696, "delta": 2.515262}}
{"target": 0.43467153346063614, "params": {"max_depth": 5.961162103136788, "n_estimators": 482.8270540434605}, "datetime": {"datetime": "2021-09-24 11:44:46", "elapsed": 288.199813, "delta": 2.223117}}
{"target": 0.4422233749402015, "params": {"max_depth": 3.8119938221030893, "n_estimators": 533.6761976260518}, "datetime": {"datetime": "2021-09-24 11:44:49", "elapsed": 290.304885, "delta": 2.105072}}
{"target": 0.4440929633593622, "params": {"max_depth": 4.332337456428128, "n_estimators": 535.259775013444}, "datetime": {"datetime": "2021-09-24 11:44:51", "elapsed": 292.980482, "delta": 2.675597}}
{"target": 0.42533052824336426, "params": {"max_depth": 2.2651024161884914, "n_estimators": 534.1481419486172}, "datetime": {"datetime": "2021-09-24 11:44:53", "elapsed": 294.78743, "delta": 1.806948}}
{"target": 0.44411981316368954, "params": {"max_depth": 4.59344265034765, "n_estimators": 532.5451125892855}, "datetime": {"datetime": "2021-09-24 11:44:56", "elapsed": 297.407442, "delta": 2.620012}}
{"target": 0.44404387691074854, "params": {"max_depth": 4.7722941461297665, "n_estimators": 534.2724905215942}, "datetime": {"datetime": "2021-09-24 11:44:58", "elapsed": 299.923447, "delta": 2.516005}}
{"target": 0.4243776317939769, "params": {"max_depth": 2.0690325603967468, "n_estimators": 494.20204965650186}, "datetime": {"datetime": "2021-09-24 11:45:00", "elapsed": 301.597723, "delta": 1.674276}}
{"target": 0.4257181537218139, "params": {"max_depth": 2.0, "n_estimators": 581.806168571442}, "datetime": {"datetime": "2021-09-24 11:45:02", "elapsed": 303.755831, "delta": 2.158108}}
{"target": 0.4361101649357825, "params": {"max_depth": 5.880731160254617, "n_estimators": 436.7935567994041}, "datetime": {"datetime": "2021-09-24 11:45:04", "elapsed": 306.111136, "delta": 2.355305}}
{"target": 0.4251733520971569, "params": {"max_depth": 2.0, "n_estimators": 464.913930058298}, "datetime": {"datetime": "2021-09-24 11:45:06", "elapsed": 307.796052, "delta": 1.684916}}
{"target": 0.4284930354989207, "params": {"max_depth": 6.0, "n_estimators": 521.0693788644685}, "datetime": {"datetime": "2021-09-24 11:45:09", "elapsed": 310.670907, "delta": 2.874855}}
{"target": 0.42575961185113065, "params": {"max_depth": 6.0, "n_estimators": 470.13858646613636}, "datetime": {"datetime": "2021-09-24 11:45:11", "elapsed": 313.214107, "delta": 2.5432}}
{"target": 0.43706948068216733, "params": {"max_depth": 5.911792728156041, "n_estimators": 512.5268170173056}, "datetime": {"datetime": "2021-09-24 11:45:14", "elapsed": 315.689863, "delta": 2.475756}}
{"target": 0.44464559003004633, "params": {"max_depth": 4.486634902751247, "n_estimators": 446.2364400027649}, "datetime": {"datetime": "2021-09-24 11:45:16", "elapsed": 317.867664, "delta": 2.177801}}
{"target": 0.4370854870184231, "params": {"max_depth": 5.855095851776527, "n_estimators": 445.44983368521014}, "datetime": {"datetime": "2021-09-24 11:45:18", "elapsed": 320.113428, "delta": 2.245764}}
{"target": 0.43576039631243424, "params": {"max_depth": 5.880725698676038, "n_estimators": 492.02889022944015}, "datetime": {"datetime": "2021-09-24 11:45:21", "elapsed": 322.4335, "delta": 2.320072}}
{"target": 0.44391503190564796, "params": {"max_depth": 4.232436749101167, "n_estimators": 552.6920963630289}, "datetime": {"datetime": "2021-09-24 11:45:23", "elapsed": 324.769449, "delta": 2.335949}}
{"target": 0.42568131893475336, "params": {"max_depth": 2.4975995318383055, "n_estimators": 552.6388545803554}, "datetime": {"datetime": "2021-09-24 11:45:25", "elapsed": 326.824524, "delta": 2.055075}}
{"target": 0.4377889976162923, "params": {"max_depth": 5.096901117434709, "n_estimators": 552.4760110749592}, "datetime": {"datetime": "2021-09-24 11:45:28", "elapsed": 329.685874, "delta": 2.86135}}
{"target": 0.44357477470409057, "params": {"max_depth": 4.394679953462961, "n_estimators": 554.1674346967804}, "datetime": {"datetime": "2021-09-24 11:45:31", "elapsed": 332.423796, "delta": 2.737922}}
{"target": 0.4438960685407157, "params": {"max_depth": 4.3814253114822, "n_estimators": 556.2401874871972}, "datetime": {"datetime": "2021-09-24 11:45:33", "elapsed": 334.883114, "delta": 2.459318}}
{"target": 0.442085572038152, "params": {"max_depth": 3.708831356399091, "n_estimators": 557.3450982567267}, "datetime": {"datetime": "2021-09-24 11:45:35", "elapsed": 337.211543, "delta": 2.328429}}
{"target": 0.44065619582106863, "params": {"max_depth": 3.0243420073048854, "n_estimators": 506.6501200566024}, "datetime": {"datetime": "2021-09-24 11:45:38", "elapsed": 339.336223, "delta": 2.12468}}
{"target": 0.4376313988533077, "params": {"max_depth": 5.102587593068858, "n_estimators": 555.1913767881966}, "datetime": {"datetime": "2021-09-24 11:45:40", "elapsed": 342.102628, "delta": 2.766405}}
{"target": 0.4407336978002423, "params": {"max_depth": 3.3121453224568116, "n_estimators": 479.16792459430326}, "datetime": {"datetime": "2021-09-24 11:45:43", "elapsed": 344.280023, "delta": 2.177395}}
{"target": 0.4434938137026646, "params": {"max_depth": 4.354440342333399, "n_estimators": 478.05105128577134}, "datetime": {"datetime": "2021-09-24 11:45:45", "elapsed": 346.988693, "delta": 2.70867}}
{"target": 0.44089471769732214, "params": {"max_depth": 3.013653047463052, "n_estimators": 477.85092237401966}, "datetime": {"datetime": "2021-09-24 11:45:47", "elapsed": 349.124694, "delta": 2.136001}}
{"target": 0.4401412724169368, "params": {"max_depth": 3.1798205623130418, "n_estimators": 486.3724137074084}, "datetime": {"datetime": "2021-09-24 11:45:50", "elapsed": 351.39837, "delta": 2.273676}}
{"target": 0.4429864940949555, "params": {"max_depth": 4.496739655756791, "n_estimators": 487.4704274489908}, "datetime": {"datetime": "2021-09-24 11:45:53", "elapsed": 354.942373, "delta": 3.544003}}
{"target": 0.44208829711997266, "params": {"max_depth": 3.5132864669965955, "n_estimators": 446.0935264759251}, "datetime": {"datetime": "2021-09-24 11:45:56", "elapsed": 357.606418, "delta": 2.664045}}
{"target": 0.4422200746695938, "params": {"max_depth": 3.9184291566145393, "n_estimators": 402.6618091750137}, "datetime": {"datetime": "2021-09-24 11:45:58", "elapsed": 359.596922, "delta": 1.990504}}
{"target": 0.4433254093836615, "params": {"max_depth": 4.020136112180181, "n_estimators": 569.9263775918985}, "datetime": {"datetime": "2021-09-24 11:46:01", "elapsed": 362.417403, "delta": 2.820481}}
{"target": 0.4429654889058977, "params": {"max_depth": 4.436070299895819, "n_estimators": 486.17888979927915}, "datetime": {"datetime": "2021-09-24 11:46:03", "elapsed": 364.849768, "delta": 2.432365}}
{"target": 0.42510080950500806, "params": {"max_depth": 6.0, "n_estimators": 478.1205448081595}, "datetime": {"datetime": "2021-09-24 11:46:06", "elapsed": 367.626626, "delta": 2.776858}}
{"target": 0.44422367374593297, "params": {"max_depth": 4.923685307949021, "n_estimators": 474.62515643783877}, "datetime": {"datetime": "2021-09-24 11:46:08", "elapsed": 370.154332, "delta": 2.527706}}
{"target": 0.4442834165902563, "params": {"max_depth": 4.090651692737196, "n_estimators": 473.4850432252819}, "datetime": {"datetime": "2021-09-24 11:46:11", "elapsed": 372.855147, "delta": 2.700815}}
{"target": 0.42492341056754035, "params": {"max_depth": 2.6774856209691356, "n_estimators": 472.3964737692448}, "datetime": {"datetime": "2021-09-24 11:46:13", "elapsed": 374.778344, "delta": 1.923197}}
{"target": 0.44393633459407755, "params": {"max_depth": 4.014872728472698, "n_estimators": 476.5833669056637}, "datetime": {"datetime": "2021-09-24 11:46:16", "elapsed": 377.230147, "delta": 2.451803}}
{"target": 0.441556096254613, "params": {"max_depth": 3.964103969122006, "n_estimators": 474.5736452783443}, "datetime": {"datetime": "2021-09-24 11:46:18", "elapsed": 379.397802, "delta": 2.167655}}
{"target": 0.4431851309612942, "params": {"max_depth": 4.35522885292941, "n_estimators": 480.8029173233104}, "datetime": {"datetime": "2021-09-24 11:46:20", "elapsed": 381.64678, "delta": 2.248978}}
{"target": 0.44415018950427587, "params": {"max_depth": 4.348614863939936, "n_estimators": 531.2032627332511}, "datetime": {"datetime": "2021-09-24 11:46:22", "elapsed": 384.09189, "delta": 2.44511}}
{"target": 0.44218710510777337, "params": {"max_depth": 3.5827900858111446, "n_estimators": 532.1046630443481}, "datetime": {"datetime": "2021-09-24 11:46:25", "elapsed": 386.229498, "delta": 2.137608}}
{"target": 0.4247965962489043, "params": {"max_depth": 2.0, "n_estimators": 517.0018113233259}, "datetime": {"datetime": "2021-09-24 11:46:27", "elapsed": 388.279461, "delta": 2.049963}}
{"target": 0.43667711328752423, "params": {"max_depth": 5.874726477559987, "n_estimators": 461.3361804278091}, "datetime": {"datetime": "2021-09-24 11:46:29", "elapsed": 390.566749, "delta": 2.287288}}
{"target": 0.44298783836745104, "params": {"max_depth": 4.174332059839515, "n_estimators": 484.5485848935125}, "datetime": {"datetime": "2021-09-24 11:46:31", "elapsed": 392.880872, "delta": 2.314123}}
{"target": 0.4430286545825106, "params": {"max_depth": 4.31996924951074, "n_estimators": 482.2913225576531}, "datetime": {"datetime": "2021-09-24 11:46:33", "elapsed": 395.105262, "delta": 2.22439}}
{"target": 0.42778576366290244, "params": {"max_depth": 6.0, "n_estimators": 514.3857494285908}, "datetime": {"datetime": "2021-09-24 11:46:36", "elapsed": 397.848668, "delta": 2.743406}}
{"target": 0.42667363586626694, "params": {"max_depth": 6.0, "n_estimators": 441.4382043922027}, "datetime": {"datetime": "2021-09-24 11:46:39", "elapsed": 400.240811, "delta": 2.392143}}
{"target": 0.4442834165902563, "params": {"max_depth": 4.93940449348746, "n_estimators": 473.68888269012643}, "datetime": {"datetime": "2021-09-24 11:46:41", "elapsed": 402.471093, "delta": 2.230282}}
{"target": 0.43696618441879576, "params": {"max_depth": 5.9894976462548914, "n_estimators": 453.85806268046105}, "datetime": {"datetime": "2021-09-24 11:46:43", "elapsed": 404.714435, "delta": 2.243342}}
{"target": 0.44212507465634643, "params": {"max_depth": 3.279587644132028, "n_estimators": 450.7967648757161}, "datetime": {"datetime": "2021-09-24 11:46:45", "elapsed": 406.855668, "delta": 2.141233}}
{"target": 0.4449367825026531, "params": {"max_depth": 4.146646884685193, "n_estimators": 451.70164314592887}, "datetime": {"datetime": "2021-09-24 11:46:47", "elapsed": 409.046207, "delta": 2.190539}}
{"target": 0.4440916997472977, "params": {"max_depth": 4.451237407420268, "n_estimators": 529.7748161339529}, "datetime": {"datetime": "2021-09-24 11:46:50", "elapsed": 411.767174, "delta": 2.720967}}
{"target": 0.4442696416126616, "params": {"max_depth": 4.1224888600318, "n_estimators": 528.3000646505691}, "datetime": {"datetime": "2021-09-24 11:46:53", "elapsed": 414.667172, "delta": 2.899998}}
{"target": 0.4442289289903981, "params": {"max_depth": 4.872037491304058, "n_estimators": 527.1250950254887}, "datetime": {"datetime": "2021-09-24 11:46:56", "elapsed": 417.364519, "delta": 2.697347}}
{"target": 0.44202595517492604, "params": {"max_depth": 3.8536944116077256, "n_estimators": 527.2118265896798}, "datetime": {"datetime": "2021-09-24 11:46:58", "elapsed": 419.660183, "delta": 2.295664}}
{"target": 0.4260194640640528, "params": {"max_depth": 2.0, "n_estimators": 574.9070202701508}, "datetime": {"datetime": "2021-09-24 11:47:00", "elapsed": 421.727161, "delta": 2.066978}}
{"target": 0.44389762148340794, "params": {"max_depth": 4.49659018733572, "n_estimators": 511.1342396979676}, "datetime": {"datetime": "2021-09-24 11:47:02", "elapsed": 424.071884, "delta": 2.344723}}
{"target": 0.4369267619364431, "params": {"max_depth": 5.874498767161231, "n_estimators": 510.9520223954846}, "datetime": {"datetime": "2021-09-24 11:47:05", "elapsed": 426.776808, "delta": 2.704924}}
{"target": 0.44403303411243267, "params": {"max_depth": 4.309916579558506, "n_estimators": 512.1254498943575}, "datetime": {"datetime": "2021-09-24 11:47:08", "elapsed": 429.385073, "delta": 2.608265}}
{"target": 0.44096107630492487, "params": {"max_depth": 3.4167310026469497, "n_estimators": 511.260547137068}, "datetime": {"datetime": "2021-09-24 11:47:10", "elapsed": 431.539642, "delta": 2.154569}}
{"target": 0.44429674026885246, "params": {"max_depth": 4.524660017702734, "n_estimators": 440.4849165318048}, "datetime": {"datetime": "2021-09-24 11:47:12", "elapsed": 433.924948, "delta": 2.385306}}
{"target": 0.4442694764919968, "params": {"max_depth": 4.728820488315589, "n_estimators": 438.39464163549724}, "datetime": {"datetime": "2021-09-24 11:47:14", "elapsed": 436.084083, "delta": 2.159135}}
{"target": 0.441852420855534, "params": {"max_depth": 3.7949630018796294, "n_estimators": 437.2569706777935}, "datetime": {"datetime": "2021-09-24 11:47:17", "elapsed": 438.336966, "delta": 2.252883}}
{"target": 0.4350734950850146, "params": {"max_depth": 5.976838009552452, "n_estimators": 487.5455003409434}, "datetime": {"datetime": "2021-09-24 11:47:19", "elapsed": 441.072879, "delta": 2.735913}}
{"target": 0.42456703953989716, "params": {"max_depth": 2.0, "n_estimators": 437.4852256331916}, "datetime": {"datetime": "2021-09-24 11:47:21", "elapsed": 443.076231, "delta": 2.003352}}
{"target": 0.4448419500428842, "params": {"max_depth": 4.49799953517059, "n_estimators": 447.28120504269737}, "datetime": {"datetime": "2021-09-24 11:47:23", "elapsed": 445.192352, "delta": 2.116121}}
{"target": 0.4436877170459158, "params": {"max_depth": 4.610959415365338, "n_estimators": 559.2602259478399}, "datetime": {"datetime": "2021-09-24 11:47:26", "elapsed": 447.872293, "delta": 2.679941}}
{"target": 0.4443697901643948, "params": {"max_depth": 4.643808103804576, "n_estimators": 414.38869156398846}, "datetime": {"datetime": "2021-09-24 11:47:28", "elapsed": 450.020784, "delta": 2.148491}}
{"target": 0.4417113662318629, "params": {"max_depth": 3.8492766441881656, "n_estimators": 415.50437189298}, "datetime": {"datetime": "2021-09-24 11:47:31", "elapsed": 452.259877, "delta": 2.239093}}
{"target": 0.43555796015248227, "params": {"max_depth": 5.926992527751825, "n_estimators": 414.35353043708193}, "datetime": {"datetime": "2021-09-24 11:47:33", "elapsed": 454.721859, "delta": 2.461982}}
{"target": 0.44176940189988645, "params": {"max_depth": 3.7929748484486434, "n_estimators": 414.25417596504474}, "datetime": {"datetime": "2021-09-24 11:47:35", "elapsed": 456.943214, "delta": 2.221355}}
{"target": 0.44337503766111164, "params": {"max_depth": 4.068474435720468, "n_estimators": 567.6671111572327}, "datetime": {"datetime": "2021-09-24 11:47:38", "elapsed": 459.849768, "delta": 2.906554}}
{"target": 0.425840924744577, "params": {"max_depth": 2.000265780519012, "n_estimators": 565.7587681283641}, "datetime": {"datetime": "2021-09-24 11:47:41", "elapsed": 462.467522, "delta": 2.617754}}
{"target": 0.4347794980062747, "params": {"max_depth": 5.155198362521442, "n_estimators": 481.3987736500192}, "datetime": {"datetime": "2021-09-24 11:47:44", "elapsed": 465.258542, "delta": 2.79102}}
{"target": 0.4406172943264518, "params": {"max_depth": 3.2236470907411254, "n_estimators": 480.8993443159485}, "datetime": {"datetime": "2021-09-24 11:47:46", "elapsed": 467.586047, "delta": 2.327505}}
{"target": 0.44296118837009546, "params": {"max_depth": 4.320073559203452, "n_estimators": 483.26140642891744}, "datetime": {"datetime": "2021-09-24 11:47:49", "elapsed": 470.263969, "delta": 2.677922}}
{"target": 0.4433559693592315, "params": {"max_depth": 4.398878403285981, "n_estimators": 479.59602021630315}, "datetime": {"datetime": "2021-09-24 11:47:51", "elapsed": 472.894596, "delta": 2.630627}}
{"target": 0.4375055905345705, "params": {"max_depth": 5.953424112242313, "n_estimators": 527.1701993005641}, "datetime": {"datetime": "2021-09-24 11:47:54", "elapsed": 475.908297, "delta": 3.013701}}
{"target": 0.4449883886076774, "params": {"max_depth": 4.211809879850049, "n_estimators": 457.4358016678241}, "datetime": {"datetime": "2021-09-24 11:47:57", "elapsed": 478.33959, "delta": 2.431293}}
{"target": 0.4447029382413673, "params": {"max_depth": 4.5407794860678745, "n_estimators": 459.7525650253078}, "datetime": {"datetime": "2021-09-24 11:47:59", "elapsed": 480.8694, "delta": 2.52981}}
{"target": 0.4445903151726477, "params": {"max_depth": 4.21225059814728, "n_estimators": 461.23521428568216}, "datetime": {"datetime": "2021-09-24 11:48:02", "elapsed": 483.433353, "delta": 2.563953}}
{"target": 0.44454697526340725, "params": {"max_depth": 4.158218556252265, "n_estimators": 462.67714597058375}, "datetime": {"datetime": "2021-09-24 11:48:04", "elapsed": 486.042748, "delta": 2.609395}}
{"target": 0.4423481903346208, "params": {"max_depth": 3.246312568586324, "n_estimators": 462.3292714803376}, "datetime": {"datetime": "2021-09-24 11:48:07", "elapsed": 488.532378, "delta": 2.48963}}
{"target": 0.444947950145278, "params": {"max_depth": 4.18223139171601, "n_estimators": 453.82110060696414}, "datetime": {"datetime": "2021-09-24 11:48:09", "elapsed": 491.075603, "delta": 2.543225}}
