{"target": -44.49758942560119, "params": {"max_depth": 2.811229001207409, "n_estimators": 14.48620150925567}, "datetime": {"datetime": "2021-09-24 14:46:54", "elapsed": 55.277271, "delta": 0.780222}}
{"target": -44.59004405787518, "params": {"max_depth": 3.9973834182629284, "n_estimators": 16.194407022600572}, "datetime": {"datetime": "2021-09-24 14:46:55", "elapsed": 56.0301, "delta": 0.752829}}
{"target": -45.16475805010989, "params": {"max_depth": 3.653637149093928, "n_estimators": 8.686763634718286}, "datetime": {"datetime": "2021-09-24 14:46:55", "elapsed": 56.547789, "delta": 0.517689}}
{"target": -44.30477884027204, "params": {"max_depth": 2.434889861097597, "n_estimators": 10.27776010629834}, "datetime": {"datetime": "2021-09-24 14:46:56", "elapsed": 57.248523, "delta": 0.700734}}
{"target": -45.26408795470084, "params": {"max_depth": 3.5406487278257455, "n_estimators": 10.086954227139877}, "datetime": {"datetime": "2021-09-24 14:46:57", "elapsed": 57.832532, "delta": 0.584009}}
{"target": -44.831558301918896, "params": {"max_depth": 3.01647891491673, "n_estimators": 13.57429210049113}, "datetime": {"datetime": "2021-09-24 14:46:57", "elapsed": 58.373205, "delta": 0.540673}}
{"target": -44.4084603579498, "params": {"max_depth": 3.8903385735517952, "n_estimators": 18.231489340499614}, "datetime": {"datetime": "2021-09-24 14:46:58", "elapsed": 59.004283, "delta": 0.631078}}
{"target": -48.186955115693856, "params": {"max_depth": 1.305283682924176, "n_estimators": 4.650442680195701}, "datetime": {"datetime": "2021-09-24 14:46:58", "elapsed": 59.415766, "delta": 0.411483}}
{"target": -44.61020949768879, "params": {"max_depth": 3.308424030930537, "n_estimators": 17.259977478881183}, "datetime": {"datetime": "2021-09-24 14:46:59", "elapsed": 60.106402, "delta": 0.690636}}
{"target": -49.11467832107047, "params": {"max_depth": 1.8603693242243529, "n_estimators": 19.99881939761063}, "datetime": {"datetime": "2021-09-24 14:47:00", "elapsed": 60.684959, "delta": 0.578557}}
{"target": -44.58077931562533, "params": {"max_depth": 2.492826359108439, "n_estimators": 19.988019409125613}, "datetime": {"datetime": "2021-09-24 14:47:00", "elapsed": 61.546712, "delta": 0.861753}}
{"target": -48.86481402235586, "params": {"max_depth": 1.0, "n_estimators": 7.907126934280071}, "datetime": {"datetime": "2021-09-24 14:47:01", "elapsed": 62.396781, "delta": 0.850069}}
{"target": -49.09911709385739, "params": {"max_depth": 1.0, "n_estimators": 14.629088767127643}, "datetime": {"datetime": "2021-09-24 14:47:02", "elapsed": 62.973969, "delta": 0.577188}}
{"target": -48.90064024192485, "params": {"max_depth": 1.9613831769389811, "n_estimators": 13.049789094672443}, "datetime": {"datetime": "2021-09-24 14:47:02", "elapsed": 63.500966, "delta": 0.526997}}
{"target": -44.56621786132018, "params": {"max_depth": 2.3326273155665485, "n_estimators": 12.66220414666466}, "datetime": {"datetime": "2021-09-24 14:47:03", "elapsed": 64.108974, "delta": 0.608008}}
{"target": -47.47448058831045, "params": {"max_depth": 3.985182897514331, "n_estimators": 2.1314987254164377}, "datetime": {"datetime": "2021-09-24 14:47:04", "elapsed": 64.701967, "delta": 0.592993}}
{"target": -44.59709042614768, "params": {"max_depth": 2.9527761423993795, "n_estimators": 15.13542004975971}, "datetime": {"datetime": "2021-09-24 14:47:04", "elapsed": 65.476007, "delta": 0.77404}}
{"target": -45.92930570061106, "params": {"max_depth": 3.1001420878310735, "n_estimators": 5.220334266318753}, "datetime": {"datetime": "2021-09-24 14:47:05", "elapsed": 66.15997, "delta": 0.683963}}
{"target": -44.9170434250269, "params": {"max_depth": 3.72617400111328, "n_estimators": 12.94300843899308}, "datetime": {"datetime": "2021-09-24 14:47:06", "elapsed": 66.998423, "delta": 0.838453}}
{"target": -44.77880032938091, "params": {"max_depth": 2.9808795702913375, "n_estimators": 7.888141399337174}, "datetime": {"datetime": "2021-09-24 14:47:06", "elapsed": 67.660476, "delta": 0.662053}}
{"target": -45.18431482758651, "params": {"max_depth": 3.3937859749886976, "n_estimators": 4.300583745456803}, "datetime": {"datetime": "2021-09-24 14:47:07", "elapsed": 68.233495, "delta": 0.573019}}
{"target": -44.4146201428624, "params": {"max_depth": 3.3276076447246323, "n_estimators": 14.320826452370127}, "datetime": {"datetime": "2021-09-24 14:47:08", "elapsed": 68.857528, "delta": 0.624033}}
{"target": -44.831558301918896, "params": {"max_depth": 3.7416381992666174, "n_estimators": 13.506773643336745}, "datetime": {"datetime": "2021-09-24 14:47:08", "elapsed": 69.66463, "delta": 0.807102}}
{"target": -44.540653154119084, "params": {"max_depth": 3.0093623727457324, "n_estimators": 9.513051153354589}, "datetime": {"datetime": "2021-09-24 14:47:09", "elapsed": 70.23464, "delta": 0.57001}}
{"target": -44.4084603579498, "params": {"max_depth": 3.177845394999994, "n_estimators": 18.485085034977054}, "datetime": {"datetime": "2021-09-24 14:47:10", "elapsed": 70.897633, "delta": 0.662993}}
{"target": -45.26408795470084, "params": {"max_depth": 3.99861759163198, "n_estimators": 10.73292118828554}, "datetime": {"datetime": "2021-09-24 14:47:10", "elapsed": 71.559639, "delta": 0.662006}}
{"target": -44.77880032938091, "params": {"max_depth": 2.338342703455281, "n_estimators": 7.390449888980318}, "datetime": {"datetime": "2021-09-24 14:47:11", "elapsed": 72.144715, "delta": 0.585076}}
{"target": -44.59238380134577, "params": {"max_depth": 2.133714320155528, "n_estimators": 16.23873711282972}, "datetime": {"datetime": "2021-09-24 14:47:11", "elapsed": 72.650668, "delta": 0.505953}}
{"target": -44.83706128788081, "params": {"max_depth": 4.0, "n_estimators": 17.051940982073166}, "datetime": {"datetime": "2021-09-24 14:47:12", "elapsed": 73.239702, "delta": 0.589034}}
{"target": -44.59004405787518, "params": {"max_depth": 3.159754669667246, "n_estimators": 16.468533882524326}, "datetime": {"datetime": "2021-09-24 14:47:13", "elapsed": 74.029335, "delta": 0.789633}}
{"target": -46.03025684823953, "params": {"max_depth": 3.7182338568729145, "n_estimators": 3.334055209075049}, "datetime": {"datetime": "2021-09-24 14:47:13", "elapsed": 74.518326, "delta": 0.488991}}
{"target": -44.58077931562533, "params": {"max_depth": 2.8965527805254334, "n_estimators": 19.207386069099645}, "datetime": {"datetime": "2021-09-24 14:47:14", "elapsed": 75.464301, "delta": 0.945975}}
{"target": -45.891272798998976, "params": {"max_depth": 3.2831788065428835, "n_estimators": 6.894194521603059}, "datetime": {"datetime": "2021-09-24 14:47:15", "elapsed": 76.101357, "delta": 0.637056}}
{"target": -46.69367663928549, "params": {"max_depth": 4.0, "n_estimators": 6.20797557835065}, "datetime": {"datetime": "2021-09-24 14:47:15", "elapsed": 76.656356, "delta": 0.554999}}
{"target": -45.000293070483465, "params": {"max_depth": 2.739662082004166, "n_estimators": 6.212331481822934}, "datetime": {"datetime": "2021-09-24 14:47:16", "elapsed": 77.287313, "delta": 0.630957}}
{"target": -43.797045030968164, "params": {"max_depth": 2.6293007756768056, "n_estimators": 9.01782239077661}, "datetime": {"datetime": "2021-09-24 14:47:17", "elapsed": 78.082822, "delta": 0.795509}}
{"target": -44.30477884027204, "params": {"max_depth": 2.901163864693048, "n_estimators": 10.184419335556713}, "datetime": {"datetime": "2021-09-24 14:47:18", "elapsed": 78.684815, "delta": 0.601993}}
{"target": -44.61607775172433, "params": {"max_depth": 2.4275679962264336, "n_estimators": 18.147592024844133}, "datetime": {"datetime": "2021-09-24 14:47:18", "elapsed": 79.309815, "delta": 0.625}}
{"target": -45.964165571095684, "params": {"max_depth": 2.7265732273561936, "n_estimators": 3.9745613691072967}, "datetime": {"datetime": "2021-09-24 14:47:19", "elapsed": 79.815569, "delta": 0.505754}}
{"target": -44.61607775172433, "params": {"max_depth": 2.501821989466135, "n_estimators": 18.774389513993746}, "datetime": {"datetime": "2021-09-24 14:47:19", "elapsed": 80.675573, "delta": 0.860004}}
{"target": -44.26422556781263, "params": {"max_depth": 3.311826817464284, "n_estimators": 19.734838288313018}, "datetime": {"datetime": "2021-09-24 14:47:20", "elapsed": 81.67854, "delta": 1.002967}}
{"target": -43.797045030968164, "params": {"max_depth": 2.681477872119292, "n_estimators": 9.224013975157611}, "datetime": {"datetime": "2021-09-24 14:47:21", "elapsed": 82.294574, "delta": 0.616034}}
{"target": -44.83706128788081, "params": {"max_depth": 4.0, "n_estimators": 17.481659396066547}, "datetime": {"datetime": "2021-09-24 14:47:22", "elapsed": 82.975573, "delta": 0.680999}}
{"target": -44.30477884027204, "params": {"max_depth": 2.340624240404333, "n_estimators": 10.903124359037967}, "datetime": {"datetime": "2021-09-24 14:47:23", "elapsed": 83.708569, "delta": 0.732996}}
{"target": -47.47448058831045, "params": {"max_depth": 3.3159909794679856, "n_estimators": 2.7421105689543186}, "datetime": {"datetime": "2021-09-24 14:47:23", "elapsed": 84.473573, "delta": 0.765004}}
{"target": -45.29377249818773, "params": {"max_depth": 3.5211601201965483, "n_estimators": 11.18547239382}, "datetime": {"datetime": "2021-09-24 14:47:24", "elapsed": 85.145744, "delta": 0.672171}}
{"target": -44.49758942560119, "params": {"max_depth": 2.4668409209158297, "n_estimators": 14.555966152183952}, "datetime": {"datetime": "2021-09-24 14:47:25", "elapsed": 85.752733, "delta": 0.606989}}
{"target": -44.60706946778233, "params": {"max_depth": 2.632012022595514, "n_estimators": 13.922344625299099}, "datetime": {"datetime": "2021-09-24 14:47:25", "elapsed": 86.479735, "delta": 0.727002}}
{"target": -44.4084603579498, "params": {"max_depth": 3.8560965718971953, "n_estimators": 18.89737226268002}, "datetime": {"datetime": "2021-09-24 14:47:26", "elapsed": 87.29547, "delta": 0.815735}}
{"target": -45.26408795470084, "params": {"max_depth": 3.0758731433521036, "n_estimators": 10.786110021484829}, "datetime": {"datetime": "2021-09-24 14:47:27", "elapsed": 88.132089, "delta": 0.836619}}
