{"target": 0.42017156877164097, "params": {"max_depth": 5.587242051728314, "n_estimators": 72.31212485077366}, "datetime": {"datetime": "2021-09-24 10:12:09", "elapsed": 0.0, "delta": 0.0}}
{"target": 0.35035728298746915, "params": {"max_depth": 1.0012581229907938, "n_estimators": 30.930924690552136}, "datetime": {"datetime": "2021-09-24 10:12:09", "elapsed": 0.106457, "delta": 0.106457}}
{"target": 0.4434635002149533, "params": {"max_depth": 2.6143147989882434, "n_estimators": 10.141520882110981}, "datetime": {"datetime": "2021-09-24 10:12:09", "elapsed": 0.136931, "delta": 0.030474}}
{"target": 0.4325124366225178, "params": {"max_depth": 3.04886232515438, "n_estimators": 35.210511977261724}, "datetime": {"datetime": "2021-09-24 10:12:09", "elapsed": 0.295373, "delta": 0.158442}}
{"target": 0.421238359581257, "params": {"max_depth": 5.36444221653737, "n_estimators": 54.34285666633234}, "datetime": {"datetime": "2021-09-24 10:12:10", "elapsed": 0.565444, "delta": 0.270071}}
{"target": 0.4434635002149533, "params": {"max_depth": 2.613210638454547, "n_estimators": 10.448718260629253}, "datetime": {"datetime": "2021-09-24 10:12:10", "elapsed": 0.670443, "delta": 0.104999}}
{"target": 0.29027954337528616, "params": {"max_depth": 6.687827107632919, "n_estimators": 10.309113874784947}, "datetime": {"datetime": "2021-09-24 10:12:10", "elapsed": 1.112996, "delta": 0.442553}}
{"target": 0.4154505654584536, "params": {"max_depth": 4.408876943091436, "n_estimators": 37.99760155442209}, "datetime": {"datetime": "2021-09-24 10:12:11", "elapsed": 1.621636, "delta": 0.50864}}
{"target": 0.3371706528714269, "params": {"max_depth": 1.0, "n_estimators": 7.422574181126992}, "datetime": {"datetime": "2021-09-24 10:12:11", "elapsed": 1.75377, "delta": 0.132134}}
{"target": 0.3999597492664684, "params": {"max_depth": 5.439222812158142, "n_estimators": 35.18350003599416}, "datetime": {"datetime": "2021-09-24 10:12:11", "elapsed": 2.122917, "delta": 0.369147}}
{"target": 0.3621114941312028, "params": {"max_depth": 1.4930618884705185, "n_estimators": 36.964834220476334}, "datetime": {"datetime": "2021-09-24 10:12:12", "elapsed": 2.406731, "delta": 0.283814}}
{"target": 0.34650162220688385, "params": {"max_depth": 1.0, "n_estimators": 10.870100216288233}, "datetime": {"datetime": "2021-09-24 10:12:12", "elapsed": 2.591157, "delta": 0.184426}}
{"target": 0.42549205563445336, "params": {"max_depth": 3.7720384491766987, "n_estimators": 10.535882406243735}, "datetime": {"datetime": "2021-09-24 10:12:12", "elapsed": 2.854419, "delta": 0.263262}}
{"target": 0.42932693416329193, "params": {"max_depth": 3.5335439614563704, "n_estimators": 33.72753869682516}, "datetime": {"datetime": "2021-09-24 10:12:13", "elapsed": 3.3286, "delta": 0.474181}}
{"target": 0.3630612579392639, "params": {"max_depth": 1.6848980991142388, "n_estimators": 34.08349353796026}, "datetime": {"datetime": "2021-09-24 10:12:13", "elapsed": 3.845275, "delta": 0.516675}}
{"target": 0.39123728833032045, "params": {"max_depth": 5.097229854014637, "n_estimators": 32.817346853464784}, "datetime": {"datetime": "2021-09-24 10:12:13", "elapsed": 4.277077, "delta": 0.431802}}
{"target": 0.4129315075642306, "params": {"max_depth": 4.025198379554007, "n_estimators": 36.24359132080938}, "datetime": {"datetime": "2021-09-24 10:12:14", "elapsed": 4.610449, "delta": 0.333372}}
{"target": 0.4287324218112255, "params": {"max_depth": 4.271342607303082, "n_estimators": 56.06531777112164}, "datetime": {"datetime": "2021-09-24 10:12:14", "elapsed": 5.096036, "delta": 0.485587}}
{"target": 0.4084426910690693, "params": {"max_depth": 6.200188635029532, "n_estimators": 56.374731197715064}, "datetime": {"datetime": "2021-09-24 10:12:15", "elapsed": 5.792775, "delta": 0.696739}}
{"target": 0.4435710453366859, "params": {"max_depth": 3.1377631518710576, "n_estimators": 54.43392150878266}, "datetime": {"datetime": "2021-09-24 10:12:15", "elapsed": 6.259939, "delta": 0.467164}}
{"target": 0.35432774317924176, "params": {"max_depth": 1.9434832284937347, "n_estimators": 55.84159218066124}, "datetime": {"datetime": "2021-09-24 10:12:16", "elapsed": 6.782515, "delta": 0.522576}}
{"target": 0.44023492233304795, "params": {"max_depth": 3.7707321346488865, "n_estimators": 53.24079302520031}, "datetime": {"datetime": "2021-09-24 10:12:17", "elapsed": 7.409871, "delta": 0.627356}}
{"target": 0.44259163103556476, "params": {"max_depth": 2.1135278028614675, "n_estimators": 52.95586730369476}, "datetime": {"datetime": "2021-09-24 10:12:17", "elapsed": 7.932598, "delta": 0.522727}}
{"target": 0.44199170909876095, "params": {"max_depth": 2.7867662452761994, "n_estimators": 51.11697816738507}, "datetime": {"datetime": "2021-09-24 10:12:17", "elapsed": 8.243757, "delta": 0.311159}}
{"target": 0.3552745660730747, "params": {"max_depth": 1.044246035123221, "n_estimators": 51.3709505718173}, "datetime": {"datetime": "2021-09-24 10:12:18", "elapsed": 8.845621, "delta": 0.601864}}
{"target": 0.4245105476208495, "params": {"max_depth": 4.381731307564769, "n_estimators": 51.219969736006576}, "datetime": {"datetime": "2021-09-24 10:12:18", "elapsed": 9.263625, "delta": 0.418004}}
{"target": 0.43933804691094014, "params": {"max_depth": 3.3373139555472426, "n_estimators": 49.54394286587289}, "datetime": {"datetime": "2021-09-24 10:12:19", "elapsed": 9.665943, "delta": 0.402318}}
{"target": 0.41178892219943664, "params": {"max_depth": 5.001652339676931, "n_estimators": 48.61114678678183}, "datetime": {"datetime": "2021-09-24 10:12:19", "elapsed": 10.140432, "delta": 0.474489}}
{"target": 0.44622783939418587, "params": {"max_depth": 2.4680554264727266, "n_estimators": 47.85264569489352}, "datetime": {"datetime": "2021-09-24 10:12:20", "elapsed": 10.606594, "delta": 0.466162}}
{"target": 0.44447924402469596, "params": {"max_depth": 2.833702789863024, "n_estimators": 46.15755921585058}, "datetime": {"datetime": "2021-09-24 10:12:20", "elapsed": 11.01681, "delta": 0.410216}}
{"target": 0.3592918846985552, "params": {"max_depth": 1.2584819870421202, "n_estimators": 46.64799858570694}, "datetime": {"datetime": "2021-09-24 10:12:21", "elapsed": 11.385967, "delta": 0.369157}}
{"target": 0.43731373550180097, "params": {"max_depth": 3.66724470909923, "n_estimators": 47.20187674575659}, "datetime": {"datetime": "2021-09-24 10:12:21", "elapsed": 11.799473, "delta": 0.413506}}
{"target": 0.41694647180780475, "params": {"max_depth": 4.028137361500247, "n_estimators": 45.29186558286403}, "datetime": {"datetime": "2021-09-24 10:12:21", "elapsed": 12.194314, "delta": 0.394841}}
{"target": 0.3593326946180052, "params": {"max_depth": 1.9486380598637052, "n_estimators": 49.19804102759959}, "datetime": {"datetime": "2021-09-24 10:12:22", "elapsed": 12.788327, "delta": 0.594013}}
{"target": 0.43853938648849045, "params": {"max_depth": 3.209016626835746, "n_estimators": 52.19336482742224}, "datetime": {"datetime": "2021-09-24 10:12:23", "elapsed": 13.402841, "delta": 0.614514}}
{"target": 0.4379628432229302, "params": {"max_depth": 3.571988046039942, "n_estimators": 48.255299591222496}, "datetime": {"datetime": "2021-09-24 10:12:23", "elapsed": 13.774109, "delta": 0.371268}}
{"target": 0.3960723348261219, "params": {"max_depth": 7.581407608584659, "n_estimators": 71.24104345250112}, "datetime": {"datetime": "2021-09-24 10:12:24", "elapsed": 14.631105, "delta": 0.856996}}
{"target": 0.438432086654725, "params": {"max_depth": 3.7491014908428513, "n_estimators": 73.47219052128898}, "datetime": {"datetime": "2021-09-24 10:12:24", "elapsed": 15.119997, "delta": 0.488892}}
{"target": 0.4391117045471783, "params": {"max_depth": 3.398669158752035, "n_estimators": 71.90505644523536}, "datetime": {"datetime": "2021-09-24 10:12:25", "elapsed": 15.655328, "delta": 0.535331}}
{"target": 0.43597823158070037, "params": {"max_depth": 2.0531633029541645, "n_estimators": 72.68804980675881}, "datetime": {"datetime": "2021-09-24 10:12:26", "elapsed": 16.329727, "delta": 0.674399}}
{"target": 0.436096828076489, "params": {"max_depth": 2.272003913631047, "n_estimators": 74.60452913416485}, "datetime": {"datetime": "2021-09-24 10:12:26", "elapsed": 16.805727, "delta": 0.476}}
{"target": 0.43987702948344043, "params": {"max_depth": 3.868205084087454, "n_estimators": 75.38988946451839}, "datetime": {"datetime": "2021-09-24 10:12:27", "elapsed": 17.626064, "delta": 0.820337}}
{"target": 0.43667782672236244, "params": {"max_depth": 2.6806350430726065, "n_estimators": 76.76586638364498}, "datetime": {"datetime": "2021-09-24 10:12:27", "elapsed": 18.230937, "delta": 0.604873}}
{"target": 0.42994989431231834, "params": {"max_depth": 4.3813749982916885, "n_estimators": 77.26491764838984}, "datetime": {"datetime": "2021-09-24 10:12:28", "elapsed": 18.915969, "delta": 0.685032}}
{"target": 0.35090273542320893, "params": {"max_depth": 1.987475562958021, "n_estimators": 70.63316189211237}, "datetime": {"datetime": "2021-09-24 10:12:29", "elapsed": 19.561905, "delta": 0.645936}}
{"target": 0.42007664938049927, "params": {"max_depth": 5.57307970923318, "n_estimators": 74.99189559388724}, "datetime": {"datetime": "2021-09-24 10:12:30", "elapsed": 20.332277, "delta": 0.770372}}
{"target": 0.3464111209684758, "params": {"max_depth": 1.0745466436566842, "n_estimators": 75.735125737017}, "datetime": {"datetime": "2021-09-24 10:12:30", "elapsed": 20.886779, "delta": 0.554502}}
{"target": 0.44243788875967316, "params": {"max_depth": 3.1370231203318624, "n_estimators": 78.40259115635342}, "datetime": {"datetime": "2021-09-24 10:12:31", "elapsed": 21.677688, "delta": 0.790909}}
{"target": 0.43048019933868253, "params": {"max_depth": 4.377980544436779, "n_estimators": 79.42868841042359}, "datetime": {"datetime": "2021-09-24 10:12:32", "elapsed": 22.404919, "delta": 0.727231}}
{"target": 0.43768837458258425, "params": {"max_depth": 2.2888381482705933, "n_estimators": 79.67639064449855}, "datetime": {"datetime": "2021-09-24 10:12:32", "elapsed": 23.131473, "delta": 0.726554}}
{"target": 0.4445088257419405, "params": {"max_depth": 3.0949224581914647, "n_estimators": 81.24456576553008}, "datetime": {"datetime": "2021-09-24 10:12:33", "elapsed": 23.684178, "delta": 0.552705}}
{"target": 0.3459222313369186, "params": {"max_depth": 1.5044687940105292, "n_estimators": 81.47644614997407}, "datetime": {"datetime": "2021-09-24 10:12:34", "elapsed": 24.350949, "delta": 0.666771}}
{"target": 0.4324048845418743, "params": {"max_depth": 4.315628510825377, "n_estimators": 81.20306561881642}, "datetime": {"datetime": "2021-09-24 10:12:34", "elapsed": 25.23126, "delta": 0.880311}}
{"target": 0.4430943081984108, "params": {"max_depth": 3.36284077266844, "n_estimators": 80.14382692151416}, "datetime": {"datetime": "2021-09-24 10:12:35", "elapsed": 25.934279, "delta": 0.703019}}
{"target": 0.4451933261833856, "params": {"max_depth": 3.9199994594979355, "n_estimators": 82.76657750599885}, "datetime": {"datetime": "2021-09-24 10:12:36", "elapsed": 26.657509, "delta": 0.72323}}
{"target": 0.42393244464096647, "params": {"max_depth": 5.2791374824551776, "n_estimators": 83.59961936724636}, "datetime": {"datetime": "2021-09-24 10:12:37", "elapsed": 27.400993, "delta": 0.743484}}
{"target": 0.44535968079071087, "params": {"max_depth": 3.3974978837093035, "n_estimators": 84.39893934331533}, "datetime": {"datetime": "2021-09-24 10:12:37", "elapsed": 28.107859, "delta": 0.706866}}
{"target": 0.44496044743594687, "params": {"max_depth": 3.7556983801385475, "n_estimators": 86.03954124779906}, "datetime": {"datetime": "2021-09-24 10:12:38", "elapsed": 28.840738, "delta": 0.732879}}
{"target": 0.4402623917865752, "params": {"max_depth": 2.0486083657271985, "n_estimators": 86.14629239794259}, "datetime": {"datetime": "2021-09-24 10:12:39", "elapsed": 29.747649, "delta": 0.906911}}
{"target": 0.44429085212502883, "params": {"max_depth": 3.0692762227006503, "n_estimators": 87.46072909785512}, "datetime": {"datetime": "2021-09-24 10:12:40", "elapsed": 30.686319, "delta": 0.93867}}
{"target": 0.43151113958615506, "params": {"max_depth": 4.886331701783811, "n_estimators": 87.56066070091302}, "datetime": {"datetime": "2021-09-24 10:12:41", "elapsed": 31.756118, "delta": 1.069799}}
{"target": 0.3441232185104275, "params": {"max_depth": 1.3305848666825733, "n_estimators": 87.920435233295}, "datetime": {"datetime": "2021-09-24 10:12:42", "elapsed": 32.426561, "delta": 0.670443}}
{"target": 0.34713506288207385, "params": {"max_depth": 1.5631391611423382, "n_estimators": 84.55746250005214}, "datetime": {"datetime": "2021-09-24 10:12:43", "elapsed": 33.450149, "delta": 1.023588}}
{"target": 0.43248512179548615, "params": {"max_depth": 4.551972628681297, "n_estimators": 84.949663792585}, "datetime": {"datetime": "2021-09-24 10:12:44", "elapsed": 34.581709, "delta": 1.13156}}
{"target": 0.4334250431557489, "params": {"max_depth": 4.480386689983345, "n_estimators": 89.21437422405454}, "datetime": {"datetime": "2021-09-24 10:12:45", "elapsed": 35.556928, "delta": 0.975219}}
{"target": 0.4107950135685936, "params": {"max_depth": 6.457692277895088, "n_estimators": 89.24529592954164}, "datetime": {"datetime": "2021-09-24 10:12:46", "elapsed": 36.877801, "delta": 1.320873}}
{"target": 0.3437031361791858, "params": {"max_depth": 1.583247338880874, "n_estimators": 78.39763532021206}, "datetime": {"datetime": "2021-09-24 10:12:47", "elapsed": 37.617644, "delta": 0.739843}}
{"target": 0.4362129071689219, "params": {"max_depth": 2.705642202836807, "n_estimators": 73.69918042965696}, "datetime": {"datetime": "2021-09-24 10:12:47", "elapsed": 38.099467, "delta": 0.481823}}
{"target": 0.44422665881393486, "params": {"max_depth": 3.9789290302331617, "n_estimators": 90.93524775418797}, "datetime": {"datetime": "2021-09-24 10:12:48", "elapsed": 39.231213, "delta": 1.131746}}
{"target": 0.423582155467888, "params": {"max_depth": 5.38471404812751, "n_estimators": 91.39099532092231}, "datetime": {"datetime": "2021-09-24 10:12:49", "elapsed": 40.171383, "delta": 0.94017}}
{"target": 0.44376786516960753, "params": {"max_depth": 3.0904816391330017, "n_estimators": 92.07175369998008}, "datetime": {"datetime": "2021-09-24 10:12:50", "elapsed": 41.254023, "delta": 1.08264}}
{"target": 0.4376207326168631, "params": {"max_depth": 2.410687853882185, "n_estimators": 90.64472654487503}, "datetime": {"datetime": "2021-09-24 10:12:51", "elapsed": 42.151667, "delta": 0.897644}}
{"target": 0.43527475692820794, "params": {"max_depth": 4.289624766394779, "n_estimators": 93.01344040189207}, "datetime": {"datetime": "2021-09-24 10:12:52", "elapsed": 43.219812, "delta": 1.068145}}
{"target": 0.33922646470282825, "params": {"max_depth": 1.5062041930451966, "n_estimators": 92.11903276731412}, "datetime": {"datetime": "2021-09-24 10:12:53", "elapsed": 43.994495, "delta": 0.774683}}
{"target": 0.4453434475853456, "params": {"max_depth": 3.2711292403642274, "n_estimators": 89.49574795304704}, "datetime": {"datetime": "2021-09-24 10:12:54", "elapsed": 45.007202, "delta": 1.012707}}
{"target": 0.435152687210257, "params": {"max_depth": 4.0929166892439515, "n_estimators": 94.88368312988632}, "datetime": {"datetime": "2021-09-24 10:12:55", "elapsed": 46.104736, "delta": 1.097534}}
{"target": 0.4236066882473669, "params": {"max_depth": 5.68348431799045, "n_estimators": 94.30519837386912}, "datetime": {"datetime": "2021-09-24 10:12:56", "elapsed": 46.889316, "delta": 0.78458}}
{"target": 0.43288683766692404, "params": {"max_depth": 4.887744346896746, "n_estimators": 96.39812391578994}, "datetime": {"datetime": "2021-09-24 10:12:57", "elapsed": 47.825971, "delta": 0.936655}}
{"target": 0.4426737163663105, "params": {"max_depth": 3.1405489280665653, "n_estimators": 96.3564557173561}, "datetime": {"datetime": "2021-09-24 10:12:58", "elapsed": 48.734462, "delta": 0.908491}}
{"target": 0.4326214620176927, "params": {"max_depth": 4.17837132983301, "n_estimators": 97.80551842229863}, "datetime": {"datetime": "2021-09-24 10:12:59", "elapsed": 49.810203, "delta": 1.075741}}
{"target": 0.4357021926665411, "params": {"max_depth": 2.320930764642793, "n_estimators": 97.7010050545397}, "datetime": {"datetime": "2021-09-24 10:13:00", "elapsed": 50.511516, "delta": 0.701313}}
{"target": 0.3389885489804174, "params": {"max_depth": 1.379345529030251, "n_estimators": 96.23774122841851}, "datetime": {"datetime": "2021-09-24 10:13:01", "elapsed": 51.400084, "delta": 0.888568}}
{"target": 0.4412312097166722, "params": {"max_depth": 3.124996448749603, "n_estimators": 99.10311452002885}, "datetime": {"datetime": "2021-09-24 10:13:02", "elapsed": 52.322418, "delta": 0.922334}}
{"target": 0.3391892673016964, "params": {"max_depth": 1.651095322558051, "n_estimators": 99.31886854450299}, "datetime": {"datetime": "2021-09-24 10:13:02", "elapsed": 53.144922, "delta": 0.822504}}
{"target": 0.43285732688328826, "params": {"max_depth": 4.646786651982357, "n_estimators": 99.59372368692807}, "datetime": {"datetime": "2021-09-24 10:13:03", "elapsed": 53.871945, "delta": 0.727023}}
{"target": 0.44495286028776493, "params": {"max_depth": 3.8360008004442774, "n_estimators": 88.20529495774093}, "datetime": {"datetime": "2021-09-24 10:13:04", "elapsed": 54.856617, "delta": 0.984672}}
{"target": 0.4082572544150116, "params": {"max_depth": 6.316867744126698, "n_estimators": 98.33128312687022}, "datetime": {"datetime": "2021-09-24 10:13:05", "elapsed": 55.775591, "delta": 0.918974}}
{"target": 0.40728265853688217, "params": {"max_depth": 6.1603880433018565, "n_estimators": 86.23651233435037}, "datetime": {"datetime": "2021-09-24 10:13:06", "elapsed": 56.708284, "delta": 0.932693}}
{"target": 0.4061652042316841, "params": {"max_depth": 6.212064037826435, "n_estimators": 78.10872555299913}, "datetime": {"datetime": "2021-09-24 10:13:07", "elapsed": 57.545289, "delta": 0.837005}}
{"target": 0.4081068076497819, "params": {"max_depth": 6.322371781767303, "n_estimators": 81.5736471725366}, "datetime": {"datetime": "2021-09-24 10:13:08", "elapsed": 58.468719, "delta": 0.92343}}
{"target": 0.4258336092157716, "params": {"max_depth": 4.743330034047338, "n_estimators": 70.71353885994115}, "datetime": {"datetime": "2021-09-24 10:13:08", "elapsed": 59.197521, "delta": 0.728802}}
{"target": 0.44157692291289086, "params": {"max_depth": 3.268724019649272, "n_estimators": 97.56358457434123}, "datetime": {"datetime": "2021-09-24 10:13:10", "elapsed": 60.324375, "delta": 1.126854}}
{"target": 0.3996624771700352, "params": {"max_depth": 7.265240962624975, "n_estimators": 95.74440822580331}, "datetime": {"datetime": "2021-09-24 10:13:11", "elapsed": 61.388958, "delta": 1.064583}}
{"target": 0.40030760216229566, "params": {"max_depth": 6.606014395214981, "n_estimators": 52.34603747676653}, "datetime": {"datetime": "2021-09-24 10:13:11", "elapsed": 62.158973, "delta": 0.770015}}
{"target": 0.40096798391847144, "params": {"max_depth": 7.266149375853392, "n_estimators": 92.58214623507105}, "datetime": {"datetime": "2021-09-24 10:13:12", "elapsed": 63.236504, "delta": 1.077531}}
{"target": 0.43382801282017636, "params": {"max_depth": 4.060025611144212, "n_estimators": 91.93198091181547}, "datetime": {"datetime": "2021-09-24 10:13:13", "elapsed": 64.214182, "delta": 0.977678}}
{"target": 0.4207775493338157, "params": {"max_depth": 5.58947560075257, "n_estimators": 68.4788721894685}, "datetime": {"datetime": "2021-09-24 10:13:14", "elapsed": 64.910775, "delta": 0.696593}}
{"target": 0.4402623917865752, "params": {"max_depth": 2.89826248747673, "n_estimators": 86.41133259308029}, "datetime": {"datetime": "2021-09-24 10:13:15", "elapsed": 65.76796, "delta": 0.857185}}
{"target": 0.4191504839833171, "params": {"max_depth": 5.606773780770117, "n_estimators": 66.0753309331175}, "datetime": {"datetime": "2021-09-24 10:13:16", "elapsed": 66.89053, "delta": 1.12257}}
{"target": 0.3972120608514389, "params": {"max_depth": 7.698738343006093, "n_estimators": 66.94283742714936}, "datetime": {"datetime": "2021-09-24 10:13:17", "elapsed": 67.726246, "delta": 0.835716}}
{"target": 0.4404869026050512, "params": {"max_depth": 3.4690188652459026, "n_estimators": 66.60974519463686}, "datetime": {"datetime": "2021-09-24 10:13:18", "elapsed": 68.641866, "delta": 0.91562}}
{"target": 0.4407545179064851, "params": {"max_depth": 3.621591360635253, "n_estimators": 65.1582003992902}, "datetime": {"datetime": "2021-09-24 10:13:19", "elapsed": 69.363322, "delta": 0.721456}}
{"target": 0.43871734322351763, "params": {"max_depth": 2.187948525847853, "n_estimators": 65.68661857233286}, "datetime": {"datetime": "2021-09-24 10:13:19", "elapsed": 70.264756, "delta": 0.901434}}
{"target": 0.43854547908703023, "params": {"max_depth": 2.4457596715008365, "n_estimators": 64.07017232362641}, "datetime": {"datetime": "2021-09-24 10:13:21", "elapsed": 71.324172, "delta": 1.059416}}
{"target": 0.4413430118140139, "params": {"max_depth": 3.9939460510295146, "n_estimators": 63.50703837144757}, "datetime": {"datetime": "2021-09-24 10:13:22", "elapsed": 72.314797, "delta": 0.990625}}
{"target": 0.44068881092481915, "params": {"max_depth": 2.893857109908266, "n_estimators": 62.38990592739734}, "datetime": {"datetime": "2021-09-24 10:13:22", "elapsed": 73.261064, "delta": 0.946267}}
{"target": 0.42841466554302743, "params": {"max_depth": 4.655389081189629, "n_estimators": 62.1321900620509}, "datetime": {"datetime": "2021-09-24 10:13:23", "elapsed": 74.019784, "delta": 0.75872}}
{"target": 0.35609650656084313, "params": {"max_depth": 1.3107483937603295, "n_estimators": 62.80259941203509}, "datetime": {"datetime": "2021-09-24 10:13:24", "elapsed": 74.749891, "delta": 0.730107}}
{"target": 0.44164391042896844, "params": {"max_depth": 3.451009978300041, "n_estimators": 60.903364003850236}, "datetime": {"datetime": "2021-09-24 10:13:25", "elapsed": 75.727877, "delta": 0.977986}}
{"target": 0.42813271282800136, "params": {"max_depth": 4.607333811535859, "n_estimators": 59.954955293236466}, "datetime": {"datetime": "2021-09-24 10:13:26", "elapsed": 76.636083, "delta": 0.908206}}
