{"target": -40.32443995722299, "params": {"max_depth": 17.134454412015963, "n_estimators": 37.74690773109867, "random_state": 7.062318117086496}, "datetime": {"datetime": "2021-09-30 08:37:41", "elapsed": 183.978864, "delta": 1.333019}}
{"target": -38.582560579114215, "params": {"max_depth": 16.150427620205466, "n_estimators": 39.11666140675716, "random_state": 5.6964417768725015}, "datetime": {"datetime": "2021-09-30 08:37:43", "elapsed": 185.801525, "delta": 1.822661}}
{"target": -38.8921469726031, "params": {"max_depth": 15.479730157486024, "n_estimators": 37.07319173351001, "random_state": 6.471476428024774}, "datetime": {"datetime": "2021-09-30 08:37:45", "elapsed": 187.209428, "delta": 1.407903}}
{"target": -38.83051491236068, "params": {"max_depth": 18.184004352724923, "n_estimators": 38.32674231865539, "random_state": 5.65635961233143}, "datetime": {"datetime": "2021-09-30 08:37:46", "elapsed": 188.646599, "delta": 1.437171}}
{"target": -38.84180574121586, "params": {"max_depth": 16.230107868861218, "n_estimators": 36.200355813890916, "random_state": 5.341067027348071}, "datetime": {"datetime": "2021-09-30 08:37:48", "elapsed": 190.399333, "delta": 1.752734}}
{"target": -40.14787294673549, "params": {"max_depth": 16.483921825817404, "n_estimators": 41.78032349875492, "random_state": 4.9045089380537386}, "datetime": {"datetime": "2021-09-30 08:37:49", "elapsed": 191.915904, "delta": 1.516571}}
{"target": -38.85848727150103, "params": {"max_depth": 15.528540649991392, "n_estimators": 39.35186551034719, "random_state": 6.916156841551413}, "datetime": {"datetime": "2021-09-30 08:37:51", "elapsed": 193.294074, "delta": 1.37817}}
{"target": -38.69600115806382, "params": {"max_depth": 17.634025250895352, "n_estimators": 41.872998754755244, "random_state": 6.831339743166735}, "datetime": {"datetime": "2021-09-30 08:37:52", "elapsed": 194.856159, "delta": 1.562085}}
{"target": -38.718988742740265, "params": {"max_depth": 24.9388116910529, "n_estimators": 40.909203854748704, "random_state": 6.707509138009779}, "datetime": {"datetime": "2021-09-30 08:37:54", "elapsed": 196.789347, "delta": 1.933188}}
{"target": -40.53111400987252, "params": {"max_depth": 16.439537641309844, "n_estimators": 41.34288195931093, "random_state": 7.3711191592963115}, "datetime": {"datetime": "2021-09-30 08:37:56", "elapsed": 198.335994, "delta": 1.546647}}
{"target": -38.8050503740306, "params": {"max_depth": 17.571562070296014, "n_estimators": 36.39657283335372, "random_state": 5.393843863365807}, "datetime": {"datetime": "2021-09-30 08:37:57", "elapsed": 199.727248, "delta": 1.391254}}
{"target": -39.149392222518124, "params": {"max_depth": 16.856323065292862, "n_estimators": 35.436976719296055, "random_state": 6.3044516730773665}, "datetime": {"datetime": "2021-09-30 08:37:59", "elapsed": 201.1785, "delta": 1.451252}}
{"target": -40.57270592125724, "params": {"max_depth": 26.11798638366769, "n_estimators": 40.437730478614874, "random_state": 7.178262775841796}, "datetime": {"datetime": "2021-09-30 08:38:00", "elapsed": 202.606853, "delta": 1.428353}}
{"target": -38.76694079920772, "params": {"max_depth": 18.649578789477737, "n_estimators": 41.9730438304928, "random_state": 6.52201814976792}, "datetime": {"datetime": "2021-09-30 08:38:02", "elapsed": 204.21468, "delta": 1.607827}}
{"target": -38.78797321878907, "params": {"max_depth": 23.89633112230453, "n_estimators": 41.238112129253835, "random_state": 6.195673444574842}, "datetime": {"datetime": "2021-09-30 08:38:03", "elapsed": 205.493339, "delta": 1.278659}}
{"target": -38.85265092186083, "params": {"max_depth": 25.00349756906802, "n_estimators": 41.454136562011605, "random_state": 5.481263292003082}, "datetime": {"datetime": "2021-09-30 08:38:05", "elapsed": 207.306474, "delta": 1.813135}}
{"target": -39.452232208127164, "params": {"max_depth": 7.837484431630863, "n_estimators": 38.34904802059286, "random_state": 10.924923157554412}, "datetime": {"datetime": "2021-09-30 08:38:07", "elapsed": 209.102791, "delta": 1.796317}}
{"target": -39.406884268290845, "params": {"max_depth": 4.26266892249586, "n_estimators": 28.738509601186763, "random_state": 3.32322161600705}, "datetime": {"datetime": "2021-09-30 08:38:08", "elapsed": 210.673551, "delta": 1.57076}}
{"target": -38.77530655061599, "params": {"max_depth": 27.17088267602158, "n_estimators": 37.62916461472507, "random_state": 6.254353292654798}, "datetime": {"datetime": "2021-09-30 08:38:09", "elapsed": 212.021961, "delta": 1.34841}}
{"target": -39.7873571775477, "params": {"max_depth": 27.162398608208758, "n_estimators": 39.090475576895756, "random_state": 4.935855467884167}, "datetime": {"datetime": "2021-09-30 08:38:11", "elapsed": 213.658326, "delta": 1.636365}}
{"target": -40.255868787964836, "params": {"max_depth": 26.983875840268087, "n_estimators": 37.52168986451238, "random_state": 7.474712646402324}, "datetime": {"datetime": "2021-09-30 08:38:13", "elapsed": 215.493145, "delta": 1.834819}}
{"target": -39.01540786577573, "params": {"max_depth": 27.13543650129663, "n_estimators": 36.67972608184673, "random_state": 5.332044284469643}, "datetime": {"datetime": "2021-09-30 08:38:15", "elapsed": 217.149867, "delta": 1.656722}}
{"target": -40.34315684582913, "params": {"max_depth": 19.41436578660869, "n_estimators": 39.45451398079077, "random_state": 7.748998940325523}, "datetime": {"datetime": "2021-09-30 08:38:16", "elapsed": 218.929515, "delta": 1.779648}}
{"target": -38.78343672383237, "params": {"max_depth": 24.664880543734668, "n_estimators": 42.32354310452629, "random_state": 6.607329755500583}, "datetime": {"datetime": "2021-09-30 08:38:18", "elapsed": 220.942659, "delta": 2.013144}}
{"target": -40.29677968436816, "params": {"max_depth": 28.24556557805501, "n_estimators": 51.67950431085011, "random_state": 10.948075081019962}, "datetime": {"datetime": "2021-09-30 08:38:20", "elapsed": 222.70927, "delta": 1.766611}}
{"target": -39.60475625643939, "params": {"max_depth": 7.76522383738799, "n_estimators": 54.528570383293605, "random_state": 8.878704083192654}, "datetime": {"datetime": "2021-09-30 08:38:22", "elapsed": 224.552721, "delta": 1.843451}}
{"target": -40.16196789688571, "params": {"max_depth": 27.356412932415605, "n_estimators": 53.722852303814925, "random_state": 10.685425017935511}, "datetime": {"datetime": "2021-09-30 08:38:24", "elapsed": 226.602081, "delta": 2.04936}}
{"target": -38.74209822528833, "params": {"max_depth": 25.78019453498934, "n_estimators": 52.06118444003544, "random_state": 11.142576227172007}, "datetime": {"datetime": "2021-09-30 08:38:26", "elapsed": 228.429289, "delta": 1.827208}}
{"target": -38.74209822528833, "params": {"max_depth": 26.654633371053198, "n_estimators": 52.425383464285595, "random_state": 11.570516031715577}, "datetime": {"datetime": "2021-09-30 08:38:27", "elapsed": 230.037131, "delta": 1.607842}}
{"target": -38.60237413040725, "params": {"max_depth": 17.002894570747134, "n_estimators": 39.43280681000023, "random_state": 5.778452137585031}, "datetime": {"datetime": "2021-09-30 08:38:29", "elapsed": 231.872571, "delta": 1.83544}}
{"target": -38.5141132464065, "params": {"max_depth": 5.730910976222312, "n_estimators": 38.30262357478924, "random_state": 11.772224835677601}, "datetime": {"datetime": "2021-09-30 08:38:31", "elapsed": 233.492772, "delta": 1.620201}}
{"target": -39.690729210657445, "params": {"max_depth": 5.489537691183825, "n_estimators": 37.00463189118368, "random_state": 12.295775866636742}, "datetime": {"datetime": "2021-09-30 08:38:33", "elapsed": 235.343757, "delta": 1.850985}}
{"target": -40.11080433571864, "params": {"max_depth": 6.627661874244167, "n_estimators": 38.7512326228183, "random_state": 12.280645785904142}, "datetime": {"datetime": "2021-09-30 08:38:35", "elapsed": 237.256086, "delta": 1.912329}}
{"target": -38.998234742693825, "params": {"max_depth": 4.869922553202165, "n_estimators": 38.04549955244233, "random_state": 11.40768991679882}, "datetime": {"datetime": "2021-09-30 08:38:37", "elapsed": 239.377119, "delta": 2.121033}}
{"target": -38.543297257678624, "params": {"max_depth": 5.475716961338819, "n_estimators": 39.35896032128987, "random_state": 11.062858566802284}, "datetime": {"datetime": "2021-09-30 08:38:38", "elapsed": 240.991285, "delta": 1.614166}}
{"target": -38.98736296204066, "params": {"max_depth": 5.936709933651981, "n_estimators": 38.31428905952617, "random_state": 10.595916528529886}, "datetime": {"datetime": "2021-09-30 08:38:40", "elapsed": 242.730348, "delta": 1.739063}}
{"target": -39.06818214805329, "params": {"max_depth": 4.624280765794202, "n_estimators": 39.893947245069114, "random_state": 11.899514920496708}, "datetime": {"datetime": "2021-09-30 08:38:42", "elapsed": 244.664222, "delta": 1.933874}}
{"target": -39.135056713014734, "params": {"max_depth": 5.754188304297729, "n_estimators": 40.61357569246516, "random_state": 10.167733115219866}, "datetime": {"datetime": "2021-09-30 08:38:44", "elapsed": 246.868428, "delta": 2.204206}}
{"target": -39.57959126186354, "params": {"max_depth": 3.9167473062913465, "n_estimators": 39.647472212520974, "random_state": 10.292287574014967}, "datetime": {"datetime": "2021-09-30 08:38:46", "elapsed": 248.538591, "delta": 1.670163}}
{"target": -40.29677968436816, "params": {"max_depth": 26.5418009774806, "n_estimators": 51.97376516721213, "random_state": 10.389814913507367}, "datetime": {"datetime": "2021-09-30 08:38:48", "elapsed": 250.726459, "delta": 2.187868}}
{"target": -38.74209822528833, "params": {"max_depth": 24.846042471007237, "n_estimators": 52.550093976639666, "random_state": 11.230718378116691}, "datetime": {"datetime": "2021-09-30 08:38:50", "elapsed": 252.188818, "delta": 1.462359}}
{"target": -38.709803713301426, "params": {"max_depth": 25.37343518285196, "n_estimators": 51.827785515323825, "random_state": 11.959959181955213}, "datetime": {"datetime": "2021-09-30 08:38:51", "elapsed": 254.045994, "delta": 1.857176}}
{"target": -38.8639129139979, "params": {"max_depth": 15.430057696700292, "n_estimators": 38.10718712523848, "random_state": 5.729807996151186}, "datetime": {"datetime": "2021-09-30 08:38:53", "elapsed": 255.823342, "delta": 1.777348}}
{"target": -38.48447375568645, "params": {"max_depth": 12.534566501072018, "n_estimators": 43.82237654443843, "random_state": 6.15713202553451}, "datetime": {"datetime": "2021-09-30 08:38:55", "elapsed": 257.825435, "delta": 2.002093}}
{"target": -40.73210313626241, "params": {"max_depth": 12.503184867482771, "n_estimators": 43.909865879934856, "random_state": 4.781244617799734}, "datetime": {"datetime": "2021-09-30 08:38:57", "elapsed": 259.707361, "delta": 1.881926}}
{"target": -40.478684849387506, "params": {"max_depth": 12.68006036899942, "n_estimators": 44.027944851099654, "random_state": 7.17696748115413}, "datetime": {"datetime": "2021-09-30 08:38:59", "elapsed": 261.134279, "delta": 1.426918}}
{"target": -39.27955298246676, "params": {"max_depth": 4.099976365408583, "n_estimators": 55.14625380522052, "random_state": 5.162062681562901}, "datetime": {"datetime": "2021-09-30 08:39:00", "elapsed": 262.984756, "delta": 1.850477}}
{"target": -38.96904220766348, "params": {"max_depth": 13.333433802591188, "n_estimators": 42.53832732993928, "random_state": 6.167089771911208}, "datetime": {"datetime": "2021-09-30 08:39:02", "elapsed": 264.481066, "delta": 1.49631}}
{"target": -38.69365447407676, "params": {"max_depth": 17.91677734795662, "n_estimators": 42.84172747570465, "random_state": 6.118378333648942}, "datetime": {"datetime": "2021-09-30 08:39:04", "elapsed": 266.20994, "delta": 1.728874}}
{"target": -38.709803713301426, "params": {"max_depth": 24.552866388837813, "n_estimators": 51.383652763570375, "random_state": 11.067653604528438}, "datetime": {"datetime": "2021-09-30 08:39:06", "elapsed": 268.269782, "delta": 2.059842}}
{"target": -38.76694079920772, "params": {"max_depth": 18.16832364116062, "n_estimators": 41.262910528304815, "random_state": 6.179389317713635}, "datetime": {"datetime": "2021-09-30 08:39:07", "elapsed": 269.85569, "delta": 1.585908}}
{"target": -38.449618411930395, "params": {"max_depth": 11.549513077109093, "n_estimators": 43.34461028457683, "random_state": 6.0907536430868925}, "datetime": {"datetime": "2021-09-30 08:39:09", "elapsed": 271.420651, "delta": 1.564961}}
{"target": -38.88794536465364, "params": {"max_depth": 10.721964865197137, "n_estimators": 42.65794144497943, "random_state": 6.8546743206005765}, "datetime": {"datetime": "2021-09-30 08:39:11", "elapsed": 273.145699, "delta": 1.725048}}
{"target": -38.59409118514152, "params": {"max_depth": 12.184412956664849, "n_estimators": 42.85130040890952, "random_state": 6.407967710310539}, "datetime": {"datetime": "2021-09-30 08:39:13", "elapsed": 275.119296, "delta": 1.973597}}
{"target": -40.346305951170685, "params": {"max_depth": 18.370078632624825, "n_estimators": 43.1817945926886, "random_state": 7.1369255965183}, "datetime": {"datetime": "2021-09-30 08:39:14", "elapsed": 276.768177, "delta": 1.648881}}
{"target": -38.82043240760794, "params": {"max_depth": 24.037651877638613, "n_estimators": 42.66438464495602, "random_state": 5.3633263550625605}, "datetime": {"datetime": "2021-09-30 08:39:16", "elapsed": 278.352742, "delta": 1.584565}}
{"target": -38.98082588103471, "params": {"max_depth": 18.61924194138969, "n_estimators": 42.959681154208695, "random_state": 5.063809353781144}, "datetime": {"datetime": "2021-09-30 08:39:18", "elapsed": 280.278841, "delta": 1.926099}}
{"target": -40.008976308797436, "params": {"max_depth": 24.073033479388364, "n_estimators": 41.36293116017453, "random_state": 4.54491189567827}, "datetime": {"datetime": "2021-09-30 08:39:20", "elapsed": 282.516494, "delta": 2.237653}}
{"target": -38.82043240760794, "params": {"max_depth": 25.821606406521674, "n_estimators": 42.687942521324054, "random_state": 5.889606497068956}, "datetime": {"datetime": "2021-09-30 08:39:22", "elapsed": 284.573039, "delta": 2.056545}}
{"target": -38.93335554888775, "params": {"max_depth": 24.81327810476946, "n_estimators": 43.69564827548304, "random_state": 5.825433494867823}, "datetime": {"datetime": "2021-09-30 08:39:24", "elapsed": 286.267494, "delta": 1.694455}}
{"target": -39.44048031322029, "params": {"max_depth": 10.174715833440695, "n_estimators": 43.258413534223806, "random_state": 5.748092579647415}, "datetime": {"datetime": "2021-09-30 08:39:25", "elapsed": 287.972649, "delta": 1.705155}}
{"target": -39.01936873321829, "params": {"max_depth": 29.92538284658199, "n_estimators": 41.04299688975517, "random_state": 11.315264381769055}, "datetime": {"datetime": "2021-09-30 08:39:27", "elapsed": 289.655545, "delta": 1.682896}}
{"target": -39.945883437565065, "params": {"max_depth": 25.41312186531152, "n_estimators": 42.94717238481238, "random_state": 4.402545665941222}, "datetime": {"datetime": "2021-09-30 08:39:29", "elapsed": 291.569115, "delta": 1.91357}}
{"target": -40.35897164100214, "params": {"max_depth": 25.725892222503354, "n_estimators": 43.545328481391685, "random_state": 7.0554886693744985}, "datetime": {"datetime": "2021-09-30 08:39:32", "elapsed": 294.156726, "delta": 2.587611}}
{"target": -38.88544093784872, "params": {"max_depth": 5.644876440698175, "n_estimators": 26.14951830974818, "random_state": 5.9737222837526165}, "datetime": {"datetime": "2021-09-30 08:39:34", "elapsed": 296.508693, "delta": 2.351967}}
{"target": -39.3154095258296, "params": {"max_depth": 6.828434857612695, "n_estimators": 25.632192518586727, "random_state": 5.399702269727689}, "datetime": {"datetime": "2021-09-30 08:39:36", "elapsed": 298.58464, "delta": 2.075947}}
{"target": -38.74209822528833, "params": {"max_depth": 23.630158744010025, "n_estimators": 52.024754702496956, "random_state": 11.777404091096102}, "datetime": {"datetime": "2021-09-30 08:39:38", "elapsed": 300.315343, "delta": 1.730703}}
{"target": -40.29677968436816, "params": {"max_depth": 23.1838107436857, "n_estimators": 51.0598146937203, "random_state": 10.97579632807281}, "datetime": {"datetime": "2021-09-30 08:39:40", "elapsed": 302.458622, "delta": 2.143279}}
{"target": -40.14614425952432, "params": {"max_depth": 24.188382284437726, "n_estimators": 52.61673390685829, "random_state": 12.508034012862266}, "datetime": {"datetime": "2021-09-30 08:39:42", "elapsed": 304.272299, "delta": 1.813677}}
{"target": -40.18720916843513, "params": {"max_depth": 23.622670246511813, "n_estimators": 52.789804090011174, "random_state": 10.747022063653633}, "datetime": {"datetime": "2021-09-30 08:39:44", "elapsed": 306.497223, "delta": 2.224924}}
{"target": -39.34402404881894, "params": {"max_depth": 4.271694875435692, "n_estimators": 26.724933486712207, "random_state": 5.832875602581197}, "datetime": {"datetime": "2021-09-30 08:39:46", "elapsed": 308.399719, "delta": 1.902496}}
{"target": -40.81013210298924, "params": {"max_depth": 15.033837980779701, "n_estimators": 46.55578090604145, "random_state": 7.236316244923266}, "datetime": {"datetime": "2021-09-30 08:39:48", "elapsed": 311.008839, "delta": 2.60912}}
{"target": -40.57270592125724, "params": {"max_depth": 23.800273322521104, "n_estimators": 40.612615668015806, "random_state": 7.078938203563083}, "datetime": {"datetime": "2021-09-30 08:39:50", "elapsed": 312.75651, "delta": 1.747671}}
{"target": -39.058719926267415, "params": {"max_depth": 28.419864464426084, "n_estimators": 37.390300422115004, "random_state": 5.770971720746971}, "datetime": {"datetime": "2021-09-30 08:39:52", "elapsed": 314.705719, "delta": 1.949209}}
{"target": -38.64720649043911, "params": {"max_depth": 23.57300365515746, "n_estimators": 43.22024180619716, "random_state": 6.238740849895682}, "datetime": {"datetime": "2021-09-30 08:39:54", "elapsed": 316.375357, "delta": 1.669638}}
{"target": -39.044844927195996, "params": {"max_depth": 23.3234748990663, "n_estimators": 44.7016848317216, "random_state": 5.9199991338709665}, "datetime": {"datetime": "2021-09-30 08:39:56", "elapsed": 318.685338, "delta": 2.309981}}
{"target": -38.928062250183395, "params": {"max_depth": 22.88712449404952, "n_estimators": 42.86563974697451, "random_state": 5.276141985112291}, "datetime": {"datetime": "2021-09-30 08:39:58", "elapsed": 320.832426, "delta": 2.147088}}
{"target": -40.16758701950597, "params": {"max_depth": 23.387716131877134, "n_estimators": 44.08971622203576, "random_state": 4.437131723523255}, "datetime": {"datetime": "2021-09-30 08:40:01", "elapsed": 323.343025, "delta": 2.510599}}
{"target": -38.80182032579301, "params": {"max_depth": 18.74079348634787, "n_estimators": 36.33005237603531, "random_state": 11.382649912669232}, "datetime": {"datetime": "2021-09-30 08:40:03", "elapsed": 325.854636, "delta": 2.511611}}
{"target": -38.72804312920029, "params": {"max_depth": 21.848746823741983, "n_estimators": 40.38365719947374, "random_state": 5.096028227986821}, "datetime": {"datetime": "2021-09-30 08:40:06", "elapsed": 328.147932, "delta": 2.293296}}
{"target": -39.95311216253919, "params": {"max_depth": 20.433215335959577, "n_estimators": 40.357919896448806, "random_state": 4.68883691604443}, "datetime": {"datetime": "2021-09-30 08:40:08", "elapsed": 330.928839, "delta": 2.780907}}
{"target": -39.20174400795051, "params": {"max_depth": 28.36726943618741, "n_estimators": 35.29797173757554, "random_state": 5.66532914142425}, "datetime": {"datetime": "2021-09-30 08:40:11", "elapsed": 333.358432, "delta": 2.429593}}
{"target": -39.7873571775477, "params": {"max_depth": 22.272245004564592, "n_estimators": 39.545908015126514, "random_state": 4.586379078294863}, "datetime": {"datetime": "2021-09-30 08:40:13", "elapsed": 335.343521, "delta": 1.985089}}
{"target": -38.78343672383237, "params": {"max_depth": 22.763082735902405, "n_estimators": 42.12930645794653, "random_state": 6.192087063242889}, "datetime": {"datetime": "2021-09-30 08:40:14", "elapsed": 336.963108, "delta": 1.619587}}
{"target": -38.82307237065719, "params": {"max_depth": 22.38966717884274, "n_estimators": 40.97333463902356, "random_state": 5.337386031498392}, "datetime": {"datetime": "2021-09-30 08:40:16", "elapsed": 338.998295, "delta": 2.035187}}
{"target": -40.62987802679171, "params": {"max_depth": 15.882232005937118, "n_estimators": 29.353821977190236, "random_state": 7.102743941570356}, "datetime": {"datetime": "2021-09-30 08:40:18", "elapsed": 340.915127, "delta": 1.916832}}
{"target": -40.19211118143856, "params": {"max_depth": 14.695526038894478, "n_estimators": 38.17654511614468, "random_state": 7.030675486096012}, "datetime": {"datetime": "2021-09-30 08:40:20", "elapsed": 342.592079, "delta": 1.676952}}
{"target": -39.367899100365406, "params": {"max_depth": 17.064704330174386, "n_estimators": 28.960156739056096, "random_state": 5.055760469068371}, "datetime": {"datetime": "2021-09-30 08:40:22", "elapsed": 344.789885, "delta": 2.197806}}
{"target": -41.01449172891844, "params": {"max_depth": 5.256615477771891, "n_estimators": 25.619971334307486, "random_state": 7.138074443342017}, "datetime": {"datetime": "2021-09-30 08:40:25", "elapsed": 347.375612, "delta": 2.585727}}
{"target": -39.191100747152, "params": {"max_depth": 5.738490035133009, "n_estimators": 27.21915776674458, "random_state": 4.834298420439634}, "datetime": {"datetime": "2021-09-30 08:40:27", "elapsed": 349.374895, "delta": 1.999283}}
{"target": -38.78343672383237, "params": {"max_depth": 23.71558551364719, "n_estimators": 42.24890334560405, "random_state": 6.080973787067068}, "datetime": {"datetime": "2021-09-30 08:40:29", "elapsed": 351.709092, "delta": 2.334197}}
{"target": -39.185432966921645, "params": {"max_depth": 15.720181101919593, "n_estimators": 37.17568141315655, "random_state": 5.17708860358854}, "datetime": {"datetime": "2021-09-30 08:40:32", "elapsed": 354.172904, "delta": 2.463812}}
