{"target": -45.02941534498575, "params": {"max_depth": 4.034272331921077, "n_estimators": 16.714235237257448}, "datetime": {"datetime": "2021-09-24 13:56:49", "elapsed": 185.271028, "delta": 1.334236}}
{"target": -47.44240645854193, "params": {"max_depth": 9.500540016062569, "n_estimators": 21.991578504677673}, "datetime": {"datetime": "2021-09-24 13:56:50", "elapsed": 186.553288, "delta": 1.28226}}
{"target": -44.60942901659287, "params": {"max_depth": 2.865477630821074, "n_estimators": 26.668166621541513}, "datetime": {"datetime": "2021-09-24 13:56:52", "elapsed": 187.733546, "delta": 1.180258}}
{"target": -46.11426749027592, "params": {"max_depth": 9.20562924710686, "n_estimators": 48.65942455411532}, "datetime": {"datetime": "2021-09-24 13:56:53", "elapsed": 189.041649, "delta": 1.308103}}
{"target": -44.509017293450505, "params": {"max_depth": 3.9543609968265194, "n_estimators": 35.75976219807726}, "datetime": {"datetime": "2021-09-24 13:56:54", "elapsed": 190.536019, "delta": 1.49437}}
{"target": -44.434095572333845, "params": {"max_depth": 3.0531743929939514, "n_estimators": 46.264295590695504}, "datetime": {"datetime": "2021-09-24 13:56:56", "elapsed": 192.132168, "delta": 1.596149}}
{"target": -44.95627516101664, "params": {"max_depth": 4.671827858560879, "n_estimators": 47.16397286514953}, "datetime": {"datetime": "2021-09-24 13:56:57", "elapsed": 193.353954, "delta": 1.221786}}
{"target": -44.332709217616625, "params": {"max_depth": 2.2834180971206486, "n_estimators": 44.954510103790604}, "datetime": {"datetime": "2021-09-24 13:56:59", "elapsed": 194.83295, "delta": 1.478996}}
{"target": -44.68874099773111, "params": {"max_depth": 3.306365141125255, "n_estimators": 32.12142071241763}, "datetime": {"datetime": "2021-09-24 13:57:00", "elapsed": 196.294955, "delta": 1.462005}}
{"target": -47.127824431207884, "params": {"max_depth": 16.273573562762223, "n_estimators": 32.73288994467471}, "datetime": {"datetime": "2021-09-24 13:57:02", "elapsed": 197.685953, "delta": 1.390998}}
{"target": -46.84472140978787, "params": {"max_depth": 6.884829967577275, "n_estimators": 31.932231877864687}, "datetime": {"datetime": "2021-09-24 13:57:03", "elapsed": 199.064108, "delta": 1.378155}}
{"target": -46.62464866134978, "params": {"max_depth": 14.676675441207921, "n_estimators": 48.453783531383934}, "datetime": {"datetime": "2021-09-24 13:57:04", "elapsed": 200.437073, "delta": 1.372965}}
{"target": -44.28791242123746, "params": {"max_depth": 2.825244907174114, "n_estimators": 39.34604867527251}, "datetime": {"datetime": "2021-09-24 13:57:06", "elapsed": 201.697815, "delta": 1.260742}}
{"target": -46.96735259200633, "params": {"max_depth": 23.8307112566204, "n_estimators": 38.14683194979616}, "datetime": {"datetime": "2021-09-24 13:57:07", "elapsed": 202.902625, "delta": 1.20481}}
{"target": -44.41630818790852, "params": {"max_depth": 3.443176278124491, "n_estimators": 49.87129508603633}, "datetime": {"datetime": "2021-09-24 13:57:08", "elapsed": 204.350598, "delta": 1.447973}}
{"target": -46.79630459662157, "params": {"max_depth": 13.551629738917342, "n_estimators": 36.457632973103976}, "datetime": {"datetime": "2021-09-24 13:57:09", "elapsed": 205.629441, "delta": 1.278843}}
{"target": -44.26311221976929, "params": {"max_depth": 2.8775115312119834, "n_estimators": 18.159019903656784}, "datetime": {"datetime": "2021-09-24 13:57:11", "elapsed": 206.793984, "delta": 1.164543}}
{"target": -44.09083881553406, "params": {"max_depth": 2.3965768017752023, "n_estimators": 7.2770602777081885}, "datetime": {"datetime": "2021-09-24 13:57:12", "elapsed": 208.140526, "delta": 1.346542}}
{"target": -44.9093362007291, "params": {"max_depth": 3.1755578305337373, "n_estimators": 23.948326740989014}, "datetime": {"datetime": "2021-09-24 13:57:13", "elapsed": 209.312246, "delta": 1.17172}}
{"target": -47.42337596787785, "params": {"max_depth": 14.79706310242407, "n_estimators": 24.404450007971267}, "datetime": {"datetime": "2021-09-24 13:57:15", "elapsed": 211.138244, "delta": 1.825998}}
{"target": -46.98434865573024, "params": {"max_depth": 17.905236174231874, "n_estimators": 44.43511558711751}, "datetime": {"datetime": "2021-09-24 13:57:17", "elapsed": 212.676914, "delta": 1.53867}}
{"target": -43.435921213374904, "params": {"max_depth": 2.4503675176214346, "n_estimators": 9.489736907940717}, "datetime": {"datetime": "2021-09-24 13:57:18", "elapsed": 213.741716, "delta": 1.064802}}
{"target": -43.435921213374904, "params": {"max_depth": 2.0280963130776426, "n_estimators": 9.361922173551893}, "datetime": {"datetime": "2021-09-24 13:57:19", "elapsed": 215.096714, "delta": 1.354998}}
{"target": -47.836194538942145, "params": {"max_depth": 1.506659108676267, "n_estimators": 9.781161103631053}, "datetime": {"datetime": "2021-09-24 13:57:20", "elapsed": 216.199719, "delta": 1.103005}}
{"target": -52.59326888650197, "params": {"max_depth": 16.800415466435062, "n_estimators": 4.234241620318267}, "datetime": {"datetime": "2021-09-24 13:57:21", "elapsed": 217.335241, "delta": 1.135522}}
{"target": -46.929295526047554, "params": {"max_depth": 9.570191200398959, "n_estimators": 25.611521511372107}, "datetime": {"datetime": "2021-09-24 13:57:23", "elapsed": 218.74548, "delta": 1.410239}}
{"target": -52.20989595200122, "params": {"max_depth": 1.0, "n_estimators": 1.0}, "datetime": {"datetime": "2021-09-24 13:57:24", "elapsed": 220.056948, "delta": 1.311468}}
{"target": -46.74844624924772, "params": {"max_depth": 12.917779937294311, "n_estimators": 40.08741924148523}, "datetime": {"datetime": "2021-09-24 13:57:26", "elapsed": 221.673045, "delta": 1.616097}}
{"target": -46.96735259200633, "params": {"max_depth": 20.0915708547794, "n_estimators": 38.81747411262174}, "datetime": {"datetime": "2021-09-24 13:57:27", "elapsed": 223.02685, "delta": 1.353805}}
{"target": -48.50695651723597, "params": {"max_depth": 1.017623224472194, "n_estimators": 6.310083258306332}, "datetime": {"datetime": "2021-09-24 13:57:29", "elapsed": 224.696652, "delta": 1.669802}}
{"target": -49.31041890440387, "params": {"max_depth": 22.0554812444204, "n_estimators": 7.691033732856871}, "datetime": {"datetime": "2021-09-24 13:57:30", "elapsed": 226.317721, "delta": 1.621069}}
{"target": -47.123856526380365, "params": {"max_depth": 11.439087530257224, "n_estimators": 29.69069035765853}, "datetime": {"datetime": "2021-09-24 13:57:31", "elapsed": 227.626524, "delta": 1.308803}}
{"target": -47.01685016111707, "params": {"max_depth": 15.253493830467704, "n_estimators": 28.584318779091088}, "datetime": {"datetime": "2021-09-24 13:57:33", "elapsed": 229.315053, "delta": 1.688529}}
{"target": -47.0248348143085, "params": {"max_depth": 23.093480104990913, "n_estimators": 33.708372662882724}, "datetime": {"datetime": "2021-09-24 13:57:35", "elapsed": 230.975312, "delta": 1.660259}}
{"target": -47.0296835839599, "params": {"max_depth": 19.018599526036958, "n_estimators": 32.11314586971543}, "datetime": {"datetime": "2021-09-24 13:57:36", "elapsed": 232.402399, "delta": 1.427087}}
{"target": -48.657942341227695, "params": {"max_depth": 1.0092645646872143, "n_estimators": 13.529811170209385}, "datetime": {"datetime": "2021-09-24 13:57:38", "elapsed": 233.802442, "delta": 1.400043}}
{"target": -46.999156559319296, "params": {"max_depth": 7.473302536845895, "n_estimators": 39.57683786868243}, "datetime": {"datetime": "2021-09-24 13:57:39", "elapsed": 235.414987, "delta": 1.612545}}
{"target": -46.71647869674185, "params": {"max_depth": 24.979581757836492, "n_estimators": 48.48478340546779}, "datetime": {"datetime": "2021-09-24 13:57:41", "elapsed": 236.991998, "delta": 1.577011}}
{"target": -47.316184341360156, "params": {"max_depth": 13.561095002762093, "n_estimators": 20.970422517798657}, "datetime": {"datetime": "2021-09-24 13:57:43", "elapsed": 238.839476, "delta": 1.847478}}
{"target": -45.075096322397904, "params": {"max_depth": 4.513105466266665, "n_estimators": 44.71026094459994}, "datetime": {"datetime": "2021-09-24 13:57:44", "elapsed": 240.334334, "delta": 1.494858}}
{"target": -49.40601503759398, "params": {"max_depth": 23.299287847338267, "n_estimators": 11.052382019902726}, "datetime": {"datetime": "2021-09-24 13:57:46", "elapsed": 242.072275, "delta": 1.737941}}
{"target": -47.29929662866844, "params": {"max_depth": 24.996959491509806, "n_estimators": 31.171206795489514}, "datetime": {"datetime": "2021-09-24 13:57:47", "elapsed": 243.605201, "delta": 1.532926}}
{"target": -48.637236344830335, "params": {"max_depth": 14.666355909498849, "n_estimators": 15.641480876143161}, "datetime": {"datetime": "2021-09-24 13:57:49", "elapsed": 245.466339, "delta": 1.861138}}
{"target": -45.08972019205661, "params": {"max_depth": 4.525070245130997, "n_estimators": 40.13501975448801}, "datetime": {"datetime": "2021-09-24 13:57:51", "elapsed": 247.209938, "delta": 1.743599}}
{"target": -46.52024487158446, "params": {"max_depth": 11.834191552918277, "n_estimators": 48.555242724105625}, "datetime": {"datetime": "2021-09-24 13:57:53", "elapsed": 249.094947, "delta": 1.885009}}
{"target": -46.95422379478107, "params": {"max_depth": 25.0, "n_estimators": 34.825808942162304}, "datetime": {"datetime": "2021-09-24 13:57:55", "elapsed": 250.811286, "delta": 1.716339}}
{"target": -44.35220691784264, "params": {"max_depth": 3.71870772261323, "n_estimators": 21.04368086390912}, "datetime": {"datetime": "2021-09-24 13:57:56", "elapsed": 252.02616, "delta": 1.214874}}
{"target": -48.575851393188856, "params": {"max_depth": 22.65208573636136, "n_estimators": 17.3173081888243}, "datetime": {"datetime": "2021-09-24 13:57:58", "elapsed": 253.768149, "delta": 1.741989}}
{"target": -47.10964688009159, "params": {"max_depth": 11.708164601554127, "n_estimators": 24.311921686275973}, "datetime": {"datetime": "2021-09-24 13:58:00", "elapsed": 255.723366, "delta": 1.955217}}
{"target": -46.523206916040174, "params": {"max_depth": 9.477186506941301, "n_estimators": 36.4901077855067}, "datetime": {"datetime": "2021-09-24 13:58:02", "elapsed": 257.988554, "delta": 2.265188}}
{"target": -44.40890090712779, "params": {"max_depth": 2.8846605022326006, "n_estimators": 48.17212052387741}, "datetime": {"datetime": "2021-09-24 13:58:04", "elapsed": 260.063513, "delta": 2.074959}}
{"target": -47.56954887218045, "params": {"max_depth": 23.68992739253665, "n_estimators": 24.09963990202344}, "datetime": {"datetime": "2021-09-24 13:58:06", "elapsed": 261.903164, "delta": 1.839651}}
{"target": -44.81914494406836, "params": {"max_depth": 3.3431297019943678, "n_estimators": 28.02970376650162}, "datetime": {"datetime": "2021-09-24 13:58:07", "elapsed": 263.39874, "delta": 1.495576}}
{"target": -44.45428732809235, "params": {"max_depth": 3.3027940690490625, "n_estimators": 18.685032021629087}, "datetime": {"datetime": "2021-09-24 13:58:09", "elapsed": 265.548861, "delta": 2.150121}}
{"target": -44.467347203224975, "params": {"max_depth": 3.9043334506684424, "n_estimators": 20.296782243146875}, "datetime": {"datetime": "2021-09-24 13:58:11", "elapsed": 267.181962, "delta": 1.633101}}
{"target": -46.29979688309933, "params": {"max_depth": 5.2405732864641, "n_estimators": 26.018589297945045}, "datetime": {"datetime": "2021-09-24 13:58:13", "elapsed": 269.606102, "delta": 2.42414}}
{"target": -44.39969547777801, "params": {"max_depth": 2.974862351136367, "n_estimators": 31.144854016937348}, "datetime": {"datetime": "2021-09-24 13:58:15", "elapsed": 271.255351, "delta": 1.649249}}
{"target": -44.134699801897966, "params": {"max_depth": 2.611163451522282, "n_estimators": 14.314594401899953}, "datetime": {"datetime": "2021-09-24 13:58:16", "elapsed": 272.478761, "delta": 1.22341}}
{"target": -44.31158441334666, "params": {"max_depth": 2.5468772327267555, "n_estimators": 42.972298055378296}, "datetime": {"datetime": "2021-09-24 13:58:18", "elapsed": 274.036306, "delta": 1.557545}}
{"target": -45.04161235849012, "params": {"max_depth": 4.464889803637832, "n_estimators": 41.95377197566926}, "datetime": {"datetime": "2021-09-24 13:58:20", "elapsed": 276.520032, "delta": 2.483726}}
{"target": -44.3825285063182, "params": {"max_depth": 3.5870772436542957, "n_estimators": 47.207106109398744}, "datetime": {"datetime": "2021-09-24 13:58:22", "elapsed": 277.996128, "delta": 1.476096}}
{"target": -44.22288533903513, "params": {"max_depth": 2.933988969593095, "n_estimators": 13.265874702040627}, "datetime": {"datetime": "2021-09-24 13:58:23", "elapsed": 279.274284, "delta": 1.278156}}
{"target": -43.435921213374904, "params": {"max_depth": 2.204067775066469, "n_estimators": 9.187652357663705}, "datetime": {"datetime": "2021-09-24 13:58:25", "elapsed": 281.089209, "delta": 1.814925}}
{"target": -46.39032199782685, "params": {"max_depth": 12.39815133818558, "n_estimators": 33.49468522258366}, "datetime": {"datetime": "2021-09-24 13:58:27", "elapsed": 283.030771, "delta": 1.941562}}
{"target": -48.113157894736844, "params": {"max_depth": 23.629776222449735, "n_estimators": 20.352038622605086}, "datetime": {"datetime": "2021-09-24 13:58:29", "elapsed": 284.9656, "delta": 1.934829}}
{"target": -46.893483709273184, "params": {"max_depth": 21.883588662647483, "n_estimators": 42.11834065404616}, "datetime": {"datetime": "2021-09-24 13:58:31", "elapsed": 286.740174, "delta": 1.774574}}
{"target": -46.692615755019816, "params": {"max_depth": 7.592104190456373, "n_estimators": 33.43695143611253}, "datetime": {"datetime": "2021-09-24 13:58:33", "elapsed": 288.936832, "delta": 2.196658}}
{"target": -43.435921213374904, "params": {"max_depth": 2.1908521305631723, "n_estimators": 9.337000200872284}, "datetime": {"datetime": "2021-09-24 13:58:35", "elapsed": 291.284471, "delta": 2.347639}}
{"target": -47.897479116364764, "params": {"max_depth": 7.348731936235657, "n_estimators": 14.54399267656602}, "datetime": {"datetime": "2021-09-24 13:58:37", "elapsed": 293.14746, "delta": 1.862989}}
{"target": -46.734582015564335, "params": {"max_depth": 9.371564300840294, "n_estimators": 40.37097041080624}, "datetime": {"datetime": "2021-09-24 13:58:39", "elapsed": 294.92044, "delta": 1.77298}}
{"target": -47.231910695820474, "params": {"max_depth": 16.130221377898692, "n_estimators": 39.59257610271914}, "datetime": {"datetime": "2021-09-24 13:58:41", "elapsed": 297.154034, "delta": 2.233594}}
{"target": -46.8752646764462, "params": {"max_depth": 14.61989577317657, "n_estimators": 42.51984256289492}, "datetime": {"datetime": "2021-09-24 13:58:43", "elapsed": 298.995644, "delta": 1.84161}}
{"target": -45.99731908740444, "params": {"max_depth": 5.218678300880228, "n_estimators": 29.491705415136973}, "datetime": {"datetime": "2021-09-24 13:58:45", "elapsed": 301.12161, "delta": 2.125966}}
{"target": -47.52297831849796, "params": {"max_depth": 6.295108184857331, "n_estimators": 19.37544366491366}, "datetime": {"datetime": "2021-09-24 13:58:47", "elapsed": 303.140971, "delta": 2.019361}}
{"target": -46.41404531737508, "params": {"max_depth": 19.953974547185346, "n_estimators": 49.933468171400996}, "datetime": {"datetime": "2021-09-24 13:58:49", "elapsed": 304.90373, "delta": 1.762759}}
{"target": -47.55953947710065, "params": {"max_depth": 12.013410919756538, "n_estimators": 18.59835477066594}, "datetime": {"datetime": "2021-09-24 13:58:51", "elapsed": 306.704554, "delta": 1.800824}}
{"target": -47.36066612753037, "params": {"max_depth": 8.233841140727574, "n_estimators": 24.059985987757088}, "datetime": {"datetime": "2021-09-24 13:58:53", "elapsed": 309.463108, "delta": 2.758554}}
{"target": -44.47493647002063, "params": {"max_depth": 3.664183064936183, "n_estimators": 43.77422540678542}, "datetime": {"datetime": "2021-09-24 13:58:56", "elapsed": 311.832048, "delta": 2.36894}}
{"target": -46.7812825960943, "params": {"max_depth": 12.753070825868264, "n_estimators": 27.475286690027477}, "datetime": {"datetime": "2021-09-24 13:58:58", "elapsed": 314.417588, "delta": 2.58554}}
{"target": -46.2724990217635, "params": {"max_depth": 7.633659598927715, "n_estimators": 49.01119517468166}, "datetime": {"datetime": "2021-09-24 13:59:00", "elapsed": 316.452814, "delta": 2.035226}}
{"target": -44.36084353003089, "params": {"max_depth": 2.4719301411128374, "n_estimators": 17.27678919865836}, "datetime": {"datetime": "2021-09-24 13:59:03", "elapsed": 318.876369, "delta": 2.423555}}
{"target": -47.971715001790194, "params": {"max_depth": 20.512604090902634, "n_estimators": 21.602308962649346}, "datetime": {"datetime": "2021-09-24 13:59:04", "elapsed": 320.408235, "delta": 1.531866}}
{"target": -48.80392045738634, "params": {"max_depth": 1.3593064594788835, "n_estimators": 24.72872906164286}, "datetime": {"datetime": "2021-09-24 13:59:06", "elapsed": 321.983832, "delta": 1.575597}}
{"target": -44.643103329475736, "params": {"max_depth": 3.119449035841222, "n_estimators": 24.84242227771699}, "datetime": {"datetime": "2021-09-24 13:59:08", "elapsed": 323.688276, "delta": 1.704444}}
{"target": -44.25856603452984, "params": {"max_depth": 2.6907945856107753, "n_estimators": 6.621682813760315}, "datetime": {"datetime": "2021-09-24 13:59:09", "elapsed": 325.58545, "delta": 1.897174}}
{"target": -44.62084168400235, "params": {"max_depth": 2.6769324342861394, "n_estimators": 25.78088628127269}, "datetime": {"datetime": "2021-09-24 13:59:11", "elapsed": 327.334751, "delta": 1.749301}}
{"target": -47.0364584983382, "params": {"max_depth": 16.501847990793053, "n_estimators": 45.482733670603686}, "datetime": {"datetime": "2021-09-24 13:59:14", "elapsed": 330.18891, "delta": 2.854159}}
{"target": -66.6109401769776, "params": {"max_depth": 7.9777724404986685, "n_estimators": 1.0306554910867005}, "datetime": {"datetime": "2021-09-24 13:59:16", "elapsed": 331.827552, "delta": 1.638642}}
{"target": -48.00671038498502, "params": {"max_depth": 16.014599541158354, "n_estimators": 19.383201624475696}, "datetime": {"datetime": "2021-09-24 13:59:18", "elapsed": 334.097718, "delta": 2.270166}}
{"target": -49.469600283825265, "params": {"max_depth": 6.06849124185402, "n_estimators": 5.397291516948932}, "datetime": {"datetime": "2021-09-24 13:59:20", "elapsed": 336.171949, "delta": 2.074231}}
{"target": -47.62489032776292, "params": {"max_depth": 1.961283853447509, "n_estimators": 8.991273059741888}, "datetime": {"datetime": "2021-09-24 13:59:22", "elapsed": 338.180429, "delta": 2.00848}}
{"target": -44.959911696491226, "params": {"max_depth": 4.291278960899675, "n_estimators": 14.314955876805332}, "datetime": {"datetime": "2021-09-24 13:59:24", "elapsed": 340.357546, "delta": 2.177117}}
{"target": -45.40687683429156, "params": {"max_depth": 4.589120193028536, "n_estimators": 33.46711329775338}, "datetime": {"datetime": "2021-09-24 13:59:26", "elapsed": 342.442525, "delta": 2.084979}}
{"target": -44.6807648914385, "params": {"max_depth": 3.4330158467540492, "n_estimators": 4.321475991636985}, "datetime": {"datetime": "2021-09-24 13:59:28", "elapsed": 344.316628, "delta": 1.874103}}
{"target": -46.801612174490586, "params": {"max_depth": 4.533782300507796, "n_estimators": 3.761002376371436}, "datetime": {"datetime": "2021-09-24 13:59:31", "elapsed": 346.715881, "delta": 2.399253}}
{"target": -67.36842105263158, "params": {"max_depth": 17.71859379879782, "n_estimators": 1.119073434812222}, "datetime": {"datetime": "2021-09-24 13:59:32", "elapsed": 348.333567, "delta": 1.617686}}
{"target": -49.99076858813701, "params": {"max_depth": 13.140312527779312, "n_estimators": 4.66175521502179}, "datetime": {"datetime": "2021-09-24 13:59:34", "elapsed": 350.50781, "delta": 2.174243}}
{"target": -51.37218045112782, "params": {"max_depth": 21.954976916059433, "n_estimators": 4.716407120847057}, "datetime": {"datetime": "2021-09-24 13:59:36", "elapsed": 352.487627, "delta": 1.979817}}
{"target": -57.22932330827068, "params": {"max_depth": 24.984824227685074, "n_estimators": 2.7294200320850424}, "datetime": {"datetime": "2021-09-24 13:59:38", "elapsed": 354.101678, "delta": 1.614051}}
{"target": -47.053854781383656, "params": {"max_depth": 5.877142587006018, "n_estimators": 11.539905683618704}, "datetime": {"datetime": "2021-09-24 13:59:40", "elapsed": 355.680185, "delta": 1.578507}}
{"target": -46.656901368003346, "params": {"max_depth": 17.979778292232893, "n_estimators": 48.215611362947506}, "datetime": {"datetime": "2021-09-24 13:59:42", "elapsed": 358.197764, "delta": 2.517579}}
{"target": -45.924070916041366, "params": {"max_depth": 5.466734768374963, "n_estimators": 31.219224382614897}, "datetime": {"datetime": "2021-09-24 13:59:45", "elapsed": 361.15478, "delta": 2.957016}}
{"target": -45.538699624409595, "params": {"max_depth": 5.662598550593301, "n_estimators": 46.5080764170209}, "datetime": {"datetime": "2021-09-24 13:59:47", "elapsed": 363.31708, "delta": 2.1623}}
{"target": -46.29554988045891, "params": {"max_depth": 5.133924047418664, "n_estimators": 23.210050553885196}, "datetime": {"datetime": "2021-09-24 13:59:50", "elapsed": 365.987951, "delta": 2.670871}}
{"target": -46.34152609482233, "params": {"max_depth": 9.163317353007802, "n_estimators": 42.42461596799027}, "datetime": {"datetime": "2021-09-24 13:59:52", "elapsed": 368.343748, "delta": 2.355797}}
{"target": -49.03084708374097, "params": {"max_depth": 1.796553993056837, "n_estimators": 20.737853365262595}, "datetime": {"datetime": "2021-09-24 13:59:54", "elapsed": 370.593182, "delta": 2.249434}}
{"target": -45.45598330087921, "params": {"max_depth": 3.164558051644968, "n_estimators": 3.2369820647357543}, "datetime": {"datetime": "2021-09-24 13:59:56", "elapsed": 372.434284, "delta": 1.841102}}
{"target": -49.20112781954887, "params": {"max_depth": 18.062262691759106, "n_estimators": 8.577478876836954}, "datetime": {"datetime": "2021-09-24 13:59:59", "elapsed": 375.635553, "delta": 3.201269}}
{"target": -46.44697479206902, "params": {"max_depth": 6.160805598087641, "n_estimators": 38.23661803447824}, "datetime": {"datetime": "2021-09-24 14:00:02", "elapsed": 378.527473, "delta": 2.89192}}
