{"target": -44.110890380024536, "params": {"max_depth": 3.064811329854358, "n_estimators": 49.12415225674223}, "datetime": {"datetime": "2021-09-24 13:56:28", "elapsed": 166.104028, "delta": 1.238998}}
{"target": -44.275067887759775, "params": {"max_depth": 3.936389624543721, "n_estimators": 34.13920220654178}, "datetime": {"datetime": "2021-09-24 13:56:30", "elapsed": 167.351936, "delta": 1.247908}}
{"target": -44.207221210422375, "params": {"max_depth": 3.4105595573804743, "n_estimators": 41.979721740722226}, "datetime": {"datetime": "2021-09-24 13:56:31", "elapsed": 168.813404, "delta": 1.461468}}
{"target": -44.20387073320553, "params": {"max_depth": 3.396769183003035, "n_estimators": 45.931783640207875}, "datetime": {"datetime": "2021-09-24 13:56:33", "elapsed": 170.258955, "delta": 1.445551}}
{"target": -44.85531942805333, "params": {"max_depth": 5.262831457235957, "n_estimators": 35.90449399684419}, "datetime": {"datetime": "2021-09-24 13:56:34", "elapsed": 171.745986, "delta": 1.487031}}
{"target": -44.26422556781263, "params": {"max_depth": 3.3249286419356476, "n_estimators": 19.012707540019065}, "datetime": {"datetime": "2021-09-24 13:56:36", "elapsed": 173.295252, "delta": 1.549266}}
{"target": -44.25492125737303, "params": {"max_depth": 2.827673249564045, "n_estimators": 43.33700009997655}, "datetime": {"datetime": "2021-09-24 13:56:37", "elapsed": 174.924306, "delta": 1.629054}}
{"target": -44.311009698722636, "params": {"max_depth": 2.610802426727135, "n_estimators": 47.67022833366938}, "datetime": {"datetime": "2021-09-24 13:56:39", "elapsed": 176.412977, "delta": 1.488671}}
{"target": -46.573471912381684, "params": {"max_depth": 13.437627592153707, "n_estimators": 23.175095823275008}, "datetime": {"datetime": "2021-09-24 13:56:40", "elapsed": 177.812241, "delta": 1.399264}}
{"target": -45.74122807017544, "params": {"max_depth": 23.372779469952352, "n_estimators": 48.2315445918295}, "datetime": {"datetime": "2021-09-24 13:56:42", "elapsed": 179.435829, "delta": 1.623588}}
{"target": -48.292398480403875, "params": {"max_depth": 1.935964389559122, "n_estimators": 46.97378174990895}, "datetime": {"datetime": "2021-09-24 13:56:43", "elapsed": 180.843203, "delta": 1.407374}}
{"target": -62.86466165413534, "params": {"max_depth": 17.742732200408035, "n_estimators": 1.0}, "datetime": {"datetime": "2021-09-24 13:56:44", "elapsed": 182.053875, "delta": 1.210672}}
{"target": -48.96025778732546, "params": {"max_depth": 21.725010655873408, "n_estimators": 7.183510017431404}, "datetime": {"datetime": "2021-09-24 13:56:45", "elapsed": 183.152188, "delta": 1.098313}}
{"target": -49.348926246468814, "params": {"max_depth": 10.423091381943992, "n_estimators": 6.596831056288231}, "datetime": {"datetime": "2021-09-24 13:56:47", "elapsed": 184.308705, "delta": 1.156517}}
{"target": -48.279516562738856, "params": {"max_depth": 10.565679437021704, "n_estimators": 12.631543467423594}, "datetime": {"datetime": "2021-09-24 13:56:48", "elapsed": 185.474062, "delta": 1.165357}}
{"target": -49.8796992481203, "params": {"max_depth": 25.0, "n_estimators": 6.789739097953983}, "datetime": {"datetime": "2021-09-24 13:56:49", "elapsed": 186.729291, "delta": 1.255229}}
{"target": -47.12727736222467, "params": {"max_depth": 8.500968898440338, "n_estimators": 23.244942411665022}, "datetime": {"datetime": "2021-09-24 13:56:50", "elapsed": 187.945557, "delta": 1.216266}}
{"target": -47.18666781815735, "params": {"max_depth": 7.912841990085956, "n_estimators": 17.49296814153487}, "datetime": {"datetime": "2021-09-24 13:56:52", "elapsed": 189.280817, "delta": 1.33526}}
{"target": -45.71627650901202, "params": {"max_depth": 13.004120693438614, "n_estimators": 37.46597846650998}, "datetime": {"datetime": "2021-09-24 13:56:53", "elapsed": 190.428917, "delta": 1.1481}}
{"target": -46.17040814007864, "params": {"max_depth": 10.54821476229581, "n_estimators": 30.65005487045516}, "datetime": {"datetime": "2021-09-24 13:56:55", "elapsed": 192.16929, "delta": 1.740373}}
{"target": -46.35230934479055, "params": {"max_depth": 21.296981789372218, "n_estimators": 28.366612907807536}, "datetime": {"datetime": "2021-09-24 13:56:56", "elapsed": 193.415435, "delta": 1.246145}}
{"target": -45.733667502088544, "params": {"max_depth": 20.526216104652725, "n_estimators": 45.981655673819915}, "datetime": {"datetime": "2021-09-24 13:56:57", "elapsed": 194.633223, "delta": 1.217788}}
{"target": -46.796992481203006, "params": {"max_depth": 19.35831549592758, "n_estimators": 25.268669039445392}, "datetime": {"datetime": "2021-09-24 13:56:58", "elapsed": 195.938225, "delta": 1.305002}}
{"target": -48.27009635445089, "params": {"max_depth": 1.0, "n_estimators": 31.264865429668667}, "datetime": {"datetime": "2021-09-24 13:56:59", "elapsed": 197.054218, "delta": 1.115993}}
{"target": -46.03202193093668, "params": {"max_depth": 12.573121678323961, "n_estimators": 45.817293979593885}, "datetime": {"datetime": "2021-09-24 13:57:01", "elapsed": 198.326222, "delta": 1.272004}}
{"target": -45.71989421377858, "params": {"max_depth": 13.44069777294628, "n_estimators": 41.9599963201992}, "datetime": {"datetime": "2021-09-24 13:57:02", "elapsed": 199.918218, "delta": 1.591996}}
{"target": -45.345308965294485, "params": {"max_depth": 7.114829910704066, "n_estimators": 45.16409776230748}, "datetime": {"datetime": "2021-09-24 13:57:04", "elapsed": 201.294692, "delta": 1.376474}}
{"target": -45.79514759120022, "params": {"max_depth": 17.26531825543889, "n_estimators": 36.314684296665504}, "datetime": {"datetime": "2021-09-24 13:57:05", "elapsed": 202.76687, "delta": 1.472178}}
{"target": -45.88299387834332, "params": {"max_depth": 6.751619032901418, "n_estimators": 26.50569150288043}, "datetime": {"datetime": "2021-09-24 13:57:06", "elapsed": 203.835082, "delta": 1.068212}}
{"target": -46.09725927722532, "params": {"max_depth": 20.920014035865627, "n_estimators": 31.077307352498448}, "datetime": {"datetime": "2021-09-24 13:57:08", "elapsed": 205.272869, "delta": 1.437787}}
{"target": -45.403260376836776, "params": {"max_depth": 7.079952085456765, "n_estimators": 43.418707177783446}, "datetime": {"datetime": "2021-09-24 13:57:09", "elapsed": 206.696439, "delta": 1.42357}}
{"target": -46.289544900230155, "params": {"max_depth": 14.435685141683273, "n_estimators": 48.71127512852773}, "datetime": {"datetime": "2021-09-24 13:57:11", "elapsed": 208.331254, "delta": 1.634815}}
{"target": -45.55160628844839, "params": {"max_depth": 18.593762835551143, "n_estimators": 33.94580670151424}, "datetime": {"datetime": "2021-09-24 13:57:13", "elapsed": 210.259446, "delta": 1.928192}}
{"target": -46.21329185031545, "params": {"max_depth": 17.21642340254243, "n_estimators": 29.582988898926704}, "datetime": {"datetime": "2021-09-24 13:57:14", "elapsed": 211.799705, "delta": 1.540259}}
{"target": -46.35230934479055, "params": {"max_depth": 23.50786303612916, "n_estimators": 28.39388413709052}, "datetime": {"datetime": "2021-09-24 13:57:16", "elapsed": 213.18363, "delta": 1.383925}}
{"target": -45.07092897986962, "params": {"max_depth": 6.91807614153944, "n_estimators": 48.50928772246557}, "datetime": {"datetime": "2021-09-24 13:57:17", "elapsed": 214.653135, "delta": 1.469505}}
{"target": -46.04239419145872, "params": {"max_depth": 15.06602613399332, "n_estimators": 43.21116348064215}, "datetime": {"datetime": "2021-09-24 13:57:19", "elapsed": 216.284985, "delta": 1.63185}}
{"target": -46.29610930417739, "params": {"max_depth": 6.169106635374562, "n_estimators": 22.57672543828929}, "datetime": {"datetime": "2021-09-24 13:57:20", "elapsed": 217.613983, "delta": 1.328998}}
{"target": -45.71506273802123, "params": {"max_depth": 9.457473531339485, "n_estimators": 38.712854749102426}, "datetime": {"datetime": "2021-09-24 13:57:22", "elapsed": 219.284749, "delta": 1.670766}}
{"target": -45.73977626994315, "params": {"max_depth": 23.346243837273562, "n_estimators": 41.28856182844128}, "datetime": {"datetime": "2021-09-24 13:57:23", "elapsed": 220.834251, "delta": 1.549502}}
{"target": -45.686978671167715, "params": {"max_depth": 15.540197310589303, "n_estimators": 35.054698814560936}, "datetime": {"datetime": "2021-09-24 13:57:25", "elapsed": 222.374855, "delta": 1.540604}}
{"target": -46.862703874420944, "params": {"max_depth": 8.232839388130913, "n_estimators": 27.680347318339173}, "datetime": {"datetime": "2021-09-24 13:57:26", "elapsed": 223.927205, "delta": 1.55235}}
{"target": -45.83955892637708, "params": {"max_depth": 10.037452139794063, "n_estimators": 48.225095475364}, "datetime": {"datetime": "2021-09-24 13:57:28", "elapsed": 225.356922, "delta": 1.429717}}
{"target": -46.86564236678653, "params": {"max_depth": 22.754835719227078, "n_estimators": 23.862452860302625}, "datetime": {"datetime": "2021-09-24 13:57:29", "elapsed": 226.995724, "delta": 1.638802}}
{"target": -45.72339581568268, "params": {"max_depth": 8.574129777493578, "n_estimators": 33.77352042571869}, "datetime": {"datetime": "2021-09-24 13:57:31", "elapsed": 228.64499, "delta": 1.649266}}
{"target": -48.08285814713101, "params": {"max_depth": 12.362949617818284, "n_estimators": 17.27076122739651}, "datetime": {"datetime": "2021-09-24 13:57:32", "elapsed": 229.918797, "delta": 1.273807}}
{"target": -47.95363408521304, "params": {"max_depth": 18.168703843228194, "n_estimators": 12.969869543416978}, "datetime": {"datetime": "2021-09-24 13:57:34", "elapsed": 231.16533, "delta": 1.246533}}
{"target": -45.817275747508305, "params": {"max_depth": 24.979890984331426, "n_estimators": 43.12314948716489}, "datetime": {"datetime": "2021-09-24 13:57:35", "elapsed": 232.748935, "delta": 1.583605}}
{"target": -45.588061061745265, "params": {"max_depth": 21.276432940074884, "n_estimators": 33.318905290323066}, "datetime": {"datetime": "2021-09-24 13:57:37", "elapsed": 234.641539, "delta": 1.892604}}
{"target": -48.58011231712794, "params": {"max_depth": 7.156757799478892, "n_estimators": 4.812796615516312}, "datetime": {"datetime": "2021-09-24 13:57:39", "elapsed": 236.188714, "delta": 1.547175}}
{"target": -45.658479906149616, "params": {"max_depth": 9.724318927141292, "n_estimators": 45.93324388142281}, "datetime": {"datetime": "2021-09-24 13:57:40", "elapsed": 237.822482, "delta": 1.633768}}
{"target": -48.84718873323394, "params": {"max_depth": 1.8581259864575985, "n_estimators": 26.36737992832104}, "datetime": {"datetime": "2021-09-24 13:57:42", "elapsed": 239.265749, "delta": 1.443267}}
{"target": -45.09939403130332, "params": {"max_depth": 4.084864609493616, "n_estimators": 26.80927153266846}, "datetime": {"datetime": "2021-09-24 13:57:43", "elapsed": 240.645556, "delta": 1.379807}}
{"target": -45.74289891395155, "params": {"max_depth": 20.23501771898552, "n_estimators": 36.42663742237715}, "datetime": {"datetime": "2021-09-24 13:57:45", "elapsed": 242.583241, "delta": 1.937685}}
{"target": -45.149684479527586, "params": {"max_depth": 7.870031288939141, "n_estimators": 49.98264289726506}, "datetime": {"datetime": "2021-09-24 13:57:47", "elapsed": 244.352971, "delta": 1.76973}}
{"target": -46.970785410994765, "params": {"max_depth": 6.39648422138043, "n_estimators": 13.351686343984989}, "datetime": {"datetime": "2021-09-24 13:57:48", "elapsed": 246.105466, "delta": 1.752495}}
{"target": -45.280325567128244, "params": {"max_depth": 6.789368590397556, "n_estimators": 29.543371432272874}, "datetime": {"datetime": "2021-09-24 13:57:50", "elapsed": 247.707219, "delta": 1.601753}}
{"target": -45.266992328511364, "params": {"max_depth": 6.217451716943743, "n_estimators": 38.526089703280164}, "datetime": {"datetime": "2021-09-24 13:57:51", "elapsed": 249.103098, "delta": 1.395879}}
{"target": -48.86025480367586, "params": {"max_depth": 13.53196787815302, "n_estimators": 6.798973579633145}, "datetime": {"datetime": "2021-09-24 13:57:53", "elapsed": 250.455092, "delta": 1.351994}}
{"target": -46.70897243107769, "params": {"max_depth": 17.35058619746732, "n_estimators": 25.643183312378852}, "datetime": {"datetime": "2021-09-24 13:57:55", "elapsed": 252.255554, "delta": 1.800462}}
{"target": -47.03940074187835, "params": {"max_depth": 10.224586412626596, "n_estimators": 20.649437465143034}, "datetime": {"datetime": "2021-09-24 13:57:56", "elapsed": 253.629431, "delta": 1.373877}}
{"target": -45.95163373100556, "params": {"max_depth": 8.30928395267458, "n_estimators": 42.02772271286411}, "datetime": {"datetime": "2021-09-24 13:57:58", "elapsed": 255.416418, "delta": 1.786987}}
{"target": -44.65455601357253, "params": {"max_depth": 4.629368210812873, "n_estimators": 16.59254590962248}, "datetime": {"datetime": "2021-09-24 13:58:00", "elapsed": 257.346631, "delta": 1.930213}}
{"target": -45.82985078976511, "params": {"max_depth": 17.192114152648053, "n_estimators": 43.26740077479451}, "datetime": {"datetime": "2021-09-24 13:58:02", "elapsed": 259.589823, "delta": 2.243192}}
{"target": -45.23924446743817, "params": {"max_depth": 6.476670151187603, "n_estimators": 46.943046388979134}, "datetime": {"datetime": "2021-09-24 13:58:05", "elapsed": 262.186747, "delta": 2.596924}}
{"target": -44.87041694577518, "params": {"max_depth": 5.870600133993262, "n_estimators": 42.231121744916926}, "datetime": {"datetime": "2021-09-24 13:58:06", "elapsed": 263.924436, "delta": 1.737689}}
{"target": -46.171293476656146, "params": {"max_depth": 14.462085795839823, "n_estimators": 37.62353162236575}, "datetime": {"datetime": "2021-09-24 13:58:09", "elapsed": 266.48308, "delta": 2.558644}}
{"target": -46.02779269602578, "params": {"max_depth": 15.875650349834155, "n_estimators": 32.95579499342177}, "datetime": {"datetime": "2021-09-24 13:58:12", "elapsed": 270.153867, "delta": 1.65523}}
{"target": -46.95846759756534, "params": {"max_depth": 19.989066117802942, "n_estimators": 21.470966547164274}, "datetime": {"datetime": "2021-09-24 13:58:14", "elapsed": 271.693799, "delta": 1.539932}}
{"target": -45.89579973484436, "params": {"max_depth": 16.122503138505795, "n_estimators": 46.28009562693808}, "datetime": {"datetime": "2021-09-24 13:58:16", "elapsed": 273.642427, "delta": 1.948628}}
{"target": -45.588061061745265, "params": {"max_depth": 23.771064215948353, "n_estimators": 33.781695762623976}, "datetime": {"datetime": "2021-09-24 13:58:18", "elapsed": 275.385574, "delta": 1.743147}}
{"target": -47.47410192147034, "params": {"max_depth": 22.962736651783388, "n_estimators": 18.91565593808668}, "datetime": {"datetime": "2021-09-24 13:58:19", "elapsed": 277.05301, "delta": 1.667436}}
{"target": -47.59535992759677, "params": {"max_depth": 16.83764064217602, "n_estimators": 18.749541643323653}, "datetime": {"datetime": "2021-09-24 13:58:21", "elapsed": 279.094113, "delta": 2.041103}}
{"target": -47.396259315772994, "params": {"max_depth": 5.546329600046529, "n_estimators": 8.769056493834018}, "datetime": {"datetime": "2021-09-24 13:58:23", "elapsed": 280.653394, "delta": 1.559281}}
{"target": -44.540653154119084, "params": {"max_depth": 3.2543721575423223, "n_estimators": 9.390263243402481}, "datetime": {"datetime": "2021-09-24 13:58:25", "elapsed": 282.561477, "delta": 1.908083}}
{"target": -46.859034231541585, "params": {"max_depth": 15.67655725582245, "n_estimators": 23.464362050131385}, "datetime": {"datetime": "2021-09-24 13:58:28", "elapsed": 285.303255, "delta": 2.741778}}
{"target": -58.3034017400656, "params": {"max_depth": 6.404450712704393, "n_estimators": 1.0}, "datetime": {"datetime": "2021-09-24 13:58:29", "elapsed": 286.808786, "delta": 1.505531}}
{"target": -46.03025684823953, "params": {"max_depth": 3.4787564522429064, "n_estimators": 3.88526445741082}, "datetime": {"datetime": "2021-09-24 13:58:31", "elapsed": 288.688089, "delta": 1.879303}}
{"target": -47.40967000835422, "params": {"max_depth": 13.273233349704668, "n_estimators": 12.653155904929493}, "datetime": {"datetime": "2021-09-24 13:58:33", "elapsed": 290.415102, "delta": 1.727013}}
{"target": -45.84373094899411, "params": {"max_depth": 23.5561026258908, "n_estimators": 37.92670347376275}, "datetime": {"datetime": "2021-09-24 13:58:34", "elapsed": 292.115453, "delta": 1.700351}}
{"target": -46.09725927722532, "params": {"max_depth": 23.902465424746133, "n_estimators": 31.09354615162586}, "datetime": {"datetime": "2021-09-24 13:58:36", "elapsed": 293.85644, "delta": 1.740987}}
{"target": -46.05297458778985, "params": {"max_depth": 10.89650069779367, "n_estimators": 39.24505828360584}, "datetime": {"datetime": "2021-09-24 13:58:38", "elapsed": 295.842968, "delta": 1.986528}}
{"target": -45.563131293401035, "params": {"max_depth": 12.892976358465427, "n_estimators": 34.42934052840188}, "datetime": {"datetime": "2021-09-24 13:58:40", "elapsed": 297.822306, "delta": 1.979338}}
{"target": -46.8231897153687, "params": {"max_depth": 14.694556826523359, "n_estimators": 27.13529735984283}, "datetime": {"datetime": "2021-09-24 13:58:42", "elapsed": 299.719911, "delta": 1.897605}}
{"target": -44.77880032938091, "params": {"max_depth": 2.5908788790632524, "n_estimators": 7.98069329647263}, "datetime": {"datetime": "2021-09-24 13:58:44", "elapsed": 301.587883, "delta": 1.867972}}
{"target": -45.000293070483465, "params": {"max_depth": 2.9461695528516456, "n_estimators": 6.743915008826943}, "datetime": {"datetime": "2021-09-24 13:58:46", "elapsed": 303.85956, "delta": 2.271677}}
{"target": -46.027528717627405, "params": {"max_depth": 16.546075654613375, "n_estimators": 40.53978948883502}, "datetime": {"datetime": "2021-09-24 13:58:48", "elapsed": 305.538317, "delta": 1.678757}}
{"target": -46.13586809954015, "params": {"max_depth": 11.336962274324254, "n_estimators": 28.94422234742343}, "datetime": {"datetime": "2021-09-24 13:58:50", "elapsed": 307.373422, "delta": 1.835105}}
{"target": -45.69520676691729, "params": {"max_depth": 18.270325718461752, "n_estimators": 48.497037858046205}, "datetime": {"datetime": "2021-09-24 13:58:52", "elapsed": 309.290203, "delta": 1.916781}}
{"target": -44.40375374330509, "params": {"max_depth": 2.1887414542504637, "n_estimators": 45.261790610164645}, "datetime": {"datetime": "2021-09-24 13:58:54", "elapsed": 311.769341, "delta": 2.479138}}
{"target": -44.60706946778233, "params": {"max_depth": 2.785168456046759, "n_estimators": 13.988501256314024}, "datetime": {"datetime": "2021-09-24 13:58:56", "elapsed": 313.665585, "delta": 1.896244}}
{"target": -45.76332134684537, "params": {"max_depth": 24.588940431579474, "n_estimators": 46.2012388131349}, "datetime": {"datetime": "2021-09-24 13:58:58", "elapsed": 315.845851, "delta": 2.180266}}
{"target": -47.54257399758332, "params": {"max_depth": 9.010657073951858, "n_estimators": 9.223802589549368}, "datetime": {"datetime": "2021-09-24 13:59:00", "elapsed": 317.784084, "delta": 1.938233}}
{"target": -44.186003965813434, "params": {"max_depth": 3.516195939851414, "n_estimators": 37.55036416298966}, "datetime": {"datetime": "2021-09-24 13:59:02", "elapsed": 319.737643, "delta": 1.953559}}
{"target": -46.057482415716706, "params": {"max_depth": 18.581909666492546, "n_estimators": 31.61434009285978}, "datetime": {"datetime": "2021-09-24 13:59:04", "elapsed": 321.415506, "delta": 1.677863}}
{"target": -45.76748367304867, "params": {"max_depth": 10.68175658652882, "n_estimators": 41.15584721130933}, "datetime": {"datetime": "2021-09-24 13:59:06", "elapsed": 323.560098, "delta": 2.144592}}
{"target": -45.74729260471893, "params": {"max_depth": 10.525065825971636, "n_estimators": 33.61551755303089}, "datetime": {"datetime": "2021-09-24 13:59:08", "elapsed": 325.604508, "delta": 2.04441}}
{"target": -45.83971291866028, "params": {"max_depth": 22.91998192578088, "n_estimators": 44.7869871444779}, "datetime": {"datetime": "2021-09-24 13:59:10", "elapsed": 327.573018, "delta": 1.96851}}
{"target": -46.00197863078749, "params": {"max_depth": 20.109860428560886, "n_estimators": 38.580431199992354}, "datetime": {"datetime": "2021-09-24 13:59:12", "elapsed": 329.614437, "delta": 2.041419}}
{"target": -44.22176986627202, "params": {"max_depth": 3.211183252350745, "n_estimators": 38.42673952835647}, "datetime": {"datetime": "2021-09-24 13:59:14", "elapsed": 332.07217, "delta": 2.457733}}
{"target": -44.59709042614768, "params": {"max_depth": 2.8772228291172643, "n_estimators": 15.094294119315776}, "datetime": {"datetime": "2021-09-24 13:59:17", "elapsed": 334.769617, "delta": 2.697447}}
{"target": -44.55752391453179, "params": {"max_depth": 3.3986065917667707, "n_estimators": 25.72634122892807}, "datetime": {"datetime": "2021-09-24 13:59:20", "elapsed": 337.178426, "delta": 2.408809}}
{"target": -44.34217557542647, "params": {"max_depth": 2.152861281822002, "n_estimators": 48.279937319067656}, "datetime": {"datetime": "2021-09-24 13:59:22", "elapsed": 339.442394, "delta": 2.263968}}
{"target": -46.44452213464768, "params": {"max_depth": 14.655830701943248, "n_estimators": 44.90592217335236}, "datetime": {"datetime": "2021-09-24 13:59:24", "elapsed": 341.706815, "delta": 2.264421}}
{"target": -46.51318976251486, "params": {"max_depth": 6.26587683116738, "n_estimators": 16.17345555607313}, "datetime": {"datetime": "2021-09-24 13:59:26", "elapsed": 343.831794, "delta": 2.124979}}
{"target": -45.733667502088544, "params": {"max_depth": 19.34165423206587, "n_estimators": 45.09044136840006}, "datetime": {"datetime": "2021-09-24 13:59:29", "elapsed": 346.373896, "delta": 2.542102}}
{"target": -45.70547453969147, "params": {"max_depth": 12.256047186183427, "n_estimators": 35.87800728479968}, "datetime": {"datetime": "2021-09-24 13:59:31", "elapsed": 348.408153, "delta": 2.034257}}
{"target": -45.5795918367347, "params": {"max_depth": 21.753421801704736, "n_estimators": 35.766052289134265}, "datetime": {"datetime": "2021-09-24 13:59:33", "elapsed": 351.10096, "delta": 2.692807}}
{"target": -45.61376552410429, "params": {"max_depth": 9.232971340741914, "n_estimators": 36.705767369892186}, "datetime": {"datetime": "2021-09-24 13:59:35", "elapsed": 352.955078, "delta": 1.854118}}
