{"target": -40.02516397165739, "params": {"max_depth": 18.481460504255782, "n_estimators": 96.34946918743246, "random_state": 4.952355618847865}, "datetime": {"datetime": "2021-09-30 08:27:18", "elapsed": 678.570332, "delta": 3.199504}}
{"target": -39.039449545698865, "params": {"max_depth": 19.565697218356004, "n_estimators": 33.153390529704645, "random_state": 5.703298624186318}, "datetime": {"datetime": "2021-09-30 08:27:20", "elapsed": 681.124644, "delta": 2.554312}}
{"target": -39.433739491395706, "params": {"max_depth": 9.893032910689668, "n_estimators": 53.23807736062919, "random_state": 11.0}, "datetime": {"datetime": "2021-09-30 08:27:24", "elapsed": 684.961524, "delta": 3.83688}}
{"target": -39.05125663752705, "params": {"max_depth": 18.204688276295425, "n_estimators": 37.73759089988957, "random_state": 5.349447580341787}, "datetime": {"datetime": "2021-09-30 08:27:27", "elapsed": 687.768394, "delta": 2.80687}}
{"target": -39.59081285254097, "params": {"max_depth": 7.652462004344859, "n_estimators": 69.11061120405881, "random_state": 5.170288680207919}, "datetime": {"datetime": "2021-09-30 08:27:30", "elapsed": 690.772214, "delta": 3.00382}}
{"target": -39.94210837199508, "params": {"max_depth": 14.92283543760789, "n_estimators": 72.23163280240236, "random_state": 10.963890541268263}, "datetime": {"datetime": "2021-09-30 08:27:33", "elapsed": 693.849597, "delta": 3.077383}}
{"target": -39.65432975849533, "params": {"max_depth": 21.181620166467507, "n_estimators": 36.45672930702938, "random_state": 4.44168947680238}, "datetime": {"datetime": "2021-09-30 08:27:36", "elapsed": 696.41305, "delta": 2.563453}}
{"target": -39.967055930394515, "params": {"max_depth": 6.7247347925586585, "n_estimators": 88.71129861317964, "random_state": 7.642910898168567}, "datetime": {"datetime": "2021-09-30 08:27:38", "elapsed": 699.037762, "delta": 2.624712}}
{"target": -39.22690545224388, "params": {"max_depth": 6.054152463075085, "n_estimators": 93.06568237927644, "random_state": 5.880189458346942}, "datetime": {"datetime": "2021-09-30 08:27:41", "elapsed": 701.873736, "delta": 2.835974}}
{"target": -39.53568433806882, "params": {"max_depth": 3.3527271101563976, "n_estimators": 88.20696831377582, "random_state": 4.515423229669485}, "datetime": {"datetime": "2021-09-30 08:27:44", "elapsed": 704.583082, "delta": 2.709346}}
{"target": -40.25527250027919, "params": {"max_depth": 6.931008433750495, "n_estimators": 96.33926434117203, "random_state": 1.1996642914760016}, "datetime": {"datetime": "2021-09-30 08:27:47", "elapsed": 707.280233, "delta": 2.697151}}
{"target": -39.204427200887906, "params": {"max_depth": 5.130902050802661, "n_estimators": 94.29421733150379, "random_state": 8.552849226046824}, "datetime": {"datetime": "2021-09-30 08:27:50", "elapsed": 710.577275, "delta": 3.297042}}
{"target": -39.22809232289021, "params": {"max_depth": 6.503062745049718, "n_estimators": 53.773989580878535, "random_state": 10.97721019394819}, "datetime": {"datetime": "2021-09-30 08:27:53", "elapsed": 713.894441, "delta": 3.317166}}
{"target": -38.93916126042561, "params": {"max_depth": 20.594684162933444, "n_estimators": 10.499074889504284, "random_state": 6.593689070462424}, "datetime": {"datetime": "2021-09-30 08:27:55", "elapsed": 716.166977, "delta": 2.272536}}
{"target": -42.00378652081719, "params": {"max_depth": 19.605372693540037, "n_estimators": 10.242287959272641, "random_state": 3.280098325555995}, "datetime": {"datetime": "2021-09-30 08:27:58", "elapsed": 718.533843, "delta": 2.366866}}
{"target": -42.03388908384166, "params": {"max_depth": 20.36522939931034, "n_estimators": 12.504972916102787, "random_state": 8.692116945716872}, "datetime": {"datetime": "2021-09-30 08:28:01", "elapsed": 721.229013, "delta": 2.69517}}
{"target": -44.04702463537703, "params": {"max_depth": 22.19177298267986, "n_estimators": 8.139132896902161, "random_state": 7.241747525122977}, "datetime": {"datetime": "2021-09-30 08:28:03", "elapsed": 723.955049, "delta": 2.726036}}
{"target": -43.55442558945413, "params": {"max_depth": 19.0997691476607, "n_estimators": 9.901333525074683, "random_state": 7.122430038512098}, "datetime": {"datetime": "2021-09-30 08:28:06", "elapsed": 726.729775, "delta": 2.774726}}
{"target": -39.085833716238334, "params": {"max_depth": 22.10543632895123, "n_estimators": 11.83989540288725, "random_state": 5.300506140060095}, "datetime": {"datetime": "2021-09-30 08:28:10", "elapsed": 730.286892, "delta": 3.557117}}
{"target": -40.363411012503484, "params": {"max_depth": 19.878151980540963, "n_estimators": 13.375795582584757, "random_state": 4.344248048259535}, "datetime": {"datetime": "2021-09-30 08:28:12", "elapsed": 732.610322, "delta": 2.32343}}
{"target": -39.01828330044397, "params": {"max_depth": 15.852496933440943, "n_estimators": 13.619268357847265, "random_state": 5.257112790572166}, "datetime": {"datetime": "2021-09-30 08:28:14", "elapsed": 734.990474, "delta": 2.380152}}
{"target": -41.02615776324401, "params": {"max_depth": 19.327604432277894, "n_estimators": 74.35362724164618, "random_state": 7.425189428791209}, "datetime": {"datetime": "2021-09-30 08:28:17", "elapsed": 737.888172, "delta": 2.897698}}
{"target": -39.60057872428596, "params": {"max_depth": 26.221447987048364, "n_estimators": 63.09334786601079, "random_state": 5.699342969304209}, "datetime": {"datetime": "2021-09-30 08:28:20", "elapsed": 740.632531, "delta": 2.744359}}
{"target": -43.02648097572933, "params": {"max_depth": 8.41915167659894, "n_estimators": 9.606093138181395, "random_state": 1.4841950068932543}, "datetime": {"datetime": "2021-09-30 08:28:22", "elapsed": 743.169821, "delta": 2.53729}}
{"target": -40.57270592125724, "params": {"max_depth": 20.635856461084764, "n_estimators": 40.24548005936741, "random_state": 7.852493356432793}, "datetime": {"datetime": "2021-09-30 08:28:26", "elapsed": 746.226596, "delta": 3.056775}}
{"target": -38.538515438793894, "params": {"max_depth": 5.636367484244289, "n_estimators": 55.935634250446114, "random_state": 11.0}, "datetime": {"datetime": "2021-09-30 08:28:28", "elapsed": 748.743175, "delta": 2.516579}}
{"target": -41.00930524671758, "params": {"max_depth": 17.596320668764648, "n_estimators": 25.207801858609475, "random_state": 10.982061296466076}, "datetime": {"datetime": "2021-09-30 08:28:31", "elapsed": 751.256432, "delta": 2.513257}}
{"target": -39.123155247360074, "params": {"max_depth": 10.446832335065107, "n_estimators": 16.066343062164353, "random_state": 11.0}, "datetime": {"datetime": "2021-09-30 08:28:33", "elapsed": 753.76345, "delta": 2.507018}}
{"target": -39.44194321153197, "params": {"max_depth": 4.374118052812197, "n_estimators": 64.29431041574078, "random_state": 5.845474671329183}, "datetime": {"datetime": "2021-09-30 08:28:36", "elapsed": 756.286903, "delta": 2.523453}}
{"target": -40.64936180817077, "params": {"max_depth": 14.259594126969498, "n_estimators": 48.81297973768632, "random_state": 3.0013724978081386}, "datetime": {"datetime": "2021-09-30 08:34:37", "elapsed": 0.0, "delta": 0.0}}
{"target": -40.346858045174564, "params": {"max_depth": 11.162979461059674, "n_estimators": 25.870235632684523, "random_state": 4.108063137225574}, "datetime": {"datetime": "2021-09-30 08:34:38", "elapsed": 0.124962, "delta": 0.124962}}
{"target": -39.67545133013938, "params": {"max_depth": 8.029025707197114, "n_estimators": 33.82242908172191, "random_state": 7.761209690768039}, "datetime": {"datetime": "2021-09-30 08:34:38", "elapsed": 0.275835, "delta": 0.150873}}
{"target": -38.73014392278633, "params": {"max_depth": 17.548051818090638, "n_estimators": 36.76778057613179, "random_state": 11.222634004761114}, "datetime": {"datetime": "2021-09-30 08:34:38", "elapsed": 0.463329, "delta": 0.187494}}
{"target": -39.568688793597495, "params": {"max_depth": 8.52021074275097, "n_estimators": 55.124697455637815, "random_state": 3.328651118375114}, "datetime": {"datetime": "2021-09-30 08:34:38", "elapsed": 0.754285, "delta": 0.290956}}
{"target": -38.88638641318004, "params": {"max_depth": 16.67725726265614, "n_estimators": 36.54323904378936, "random_state": 11.289081453635227}, "datetime": {"datetime": "2021-09-30 08:34:38", "elapsed": 0.988291, "delta": 0.234006}}
{"target": -40.79995246911195, "params": {"max_depth": 21.311798786267122, "n_estimators": 36.41742358803501, "random_state": 14.445421946842318}, "datetime": {"datetime": "2021-09-30 08:34:39", "elapsed": 1.562263, "delta": 0.573972}}
{"target": -40.24572245226147, "params": {"max_depth": 17.48219732388199, "n_estimators": 37.552595727569894, "random_state": 9.06012563056253}, "datetime": {"datetime": "2021-09-30 08:34:40", "elapsed": 2.247632, "delta": 0.685369}}
{"target": -40.97398238375135, "params": {"max_depth": 17.416553594886786, "n_estimators": 36.91936062226427, "random_state": 12.59029247990656}, "datetime": {"datetime": "2021-09-30 08:34:40", "elapsed": 2.662318, "delta": 0.414686}}
{"target": -40.25447207675211, "params": {"max_depth": 17.167528370770455, "n_estimators": 36.53339271902876, "random_state": 10.797848027893167}, "datetime": {"datetime": "2021-09-30 08:34:40", "elapsed": 2.972929, "delta": 0.310611}}
{"target": -39.736080731017054, "params": {"max_depth": 15.696660648254014, "n_estimators": 36.93970845460533, "random_state": 8.662952043683198}, "datetime": {"datetime": "2021-09-30 08:34:41", "elapsed": 3.22415, "delta": 0.251221}}
{"target": -40.32854601893071, "params": {"max_depth": 28.797030539612276, "n_estimators": 46.5628566336819, "random_state": 8.648647679150187}, "datetime": {"datetime": "2021-09-30 08:34:41", "elapsed": 3.528897, "delta": 0.304747}}
{"target": -40.2847243190472, "params": {"max_depth": 16.195783517621038, "n_estimators": 53.647146949290956, "random_state": 14.748821260374925}, "datetime": {"datetime": "2021-09-30 08:34:41", "elapsed": 3.86151, "delta": 0.332613}}
{"target": -40.679756021020566, "params": {"max_depth": 11.706764504795045, "n_estimators": 50.54141795109241, "random_state": 13.283539986921776}, "datetime": {"datetime": "2021-09-30 08:34:42", "elapsed": 4.186127, "delta": 0.324617}}
{"target": -41.298771719017665, "params": {"max_depth": 26.08357908131768, "n_estimators": 48.77408220640862, "random_state": 13.943651083319281}, "datetime": {"datetime": "2021-09-30 08:34:42", "elapsed": 4.555217, "delta": 0.36909}}
{"target": -40.55736665198426, "params": {"max_depth": 21.28201120922678, "n_estimators": 41.91644170814957, "random_state": 7.5985100056644574}, "datetime": {"datetime": "2021-09-30 08:34:42", "elapsed": 4.836435, "delta": 0.281218}}
{"target": -39.097687248081044, "params": {"max_depth": 6.800414727083304, "n_estimators": 25.575182275931105, "random_state": 6.801987742214571}, "datetime": {"datetime": "2021-09-30 08:34:43", "elapsed": 5.0827, "delta": 0.246265}}
{"target": -39.73185693409327, "params": {"max_depth": 10.398012627471722, "n_estimators": 50.57393615302817, "random_state": 3.8024465479237803}, "datetime": {"datetime": "2021-09-30 08:34:43", "elapsed": 5.420664, "delta": 0.337964}}
{"target": -39.17651802892372, "params": {"max_depth": 28.361898102682787, "n_estimators": 57.997962206975096, "random_state": 6.349577084889676}, "datetime": {"datetime": "2021-09-30 08:34:43", "elapsed": 5.784899, "delta": 0.364235}}
{"target": -40.01516114246081, "params": {"max_depth": 19.15145449665847, "n_estimators": 24.508082292380017, "random_state": 4.401330116213133}, "datetime": {"datetime": "2021-09-30 08:34:43", "elapsed": 5.976989, "delta": 0.19209}}
{"target": -39.91479445762133, "params": {"max_depth": 19.567865839382858, "n_estimators": 42.295675825646384, "random_state": 10.843283043621359}, "datetime": {"datetime": "2021-09-30 08:34:44", "elapsed": 6.25603, "delta": 0.279041}}
{"target": -39.934538641818605, "params": {"max_depth": 3.453941955790084, "n_estimators": 30.3342734799074, "random_state": 12.607016468331148}, "datetime": {"datetime": "2021-09-30 08:34:44", "elapsed": 6.433221, "delta": 0.177191}}
{"target": -39.927177547904755, "params": {"max_depth": 11.432803032190359, "n_estimators": 41.85033442928142, "random_state": 12.92109915561426}, "datetime": {"datetime": "2021-09-30 08:34:44", "elapsed": 6.717726, "delta": 0.284505}}
{"target": -39.58683710378699, "params": {"max_depth": 15.52696398681403, "n_estimators": 25.433932304448327, "random_state": 9.807999660323249}, "datetime": {"datetime": "2021-09-30 08:34:44", "elapsed": 6.910154, "delta": 0.192428}}
{"target": -40.60200594786221, "params": {"max_depth": 27.60783909564975, "n_estimators": 44.906982342222264, "random_state": 14.631381139572566}, "datetime": {"datetime": "2021-09-30 08:34:45", "elapsed": 7.222134, "delta": 0.31198}}
{"target": -40.23211991714038, "params": {"max_depth": 24.709236723970523, "n_estimators": 32.71837991126746, "random_state": 10.278353029055797}, "datetime": {"datetime": "2021-09-30 08:34:45", "elapsed": 7.467438, "delta": 0.245304}}
{"target": -40.11236291690314, "params": {"max_depth": 9.2111299098564, "n_estimators": 22.59147270136131, "random_state": 11.446147769014663}, "datetime": {"datetime": "2021-09-30 08:34:45", "elapsed": 7.64949, "delta": 0.182052}}
{"target": -40.75332415987693, "params": {"max_depth": 26.168359426171392, "n_estimators": 54.13543356948463, "random_state": 13.586222825713751}, "datetime": {"datetime": "2021-09-30 08:34:45", "elapsed": 7.997997, "delta": 0.348507}}
{"target": -41.52683409644886, "params": {"max_depth": 19.158605432665905, "n_estimators": 24.60525223587878, "random_state": 7.910055017311365}, "datetime": {"datetime": "2021-09-30 08:34:46", "elapsed": 8.216751, "delta": 0.218754}}
{"target": -38.918679159109956, "params": {"max_depth": 25.658507366385287, "n_estimators": 36.74041914820762, "random_state": 6.553073008487774}, "datetime": {"datetime": "2021-09-30 08:34:46", "elapsed": 8.482343, "delta": 0.265592}}
{"target": -39.54327368750342, "params": {"max_depth": 11.319488122787156, "n_estimators": 54.293619719144544, "random_state": 12.176396447323253}, "datetime": {"datetime": "2021-09-30 08:34:46", "elapsed": 8.826123, "delta": 0.34378}}
{"target": -39.088780805678525, "params": {"max_depth": 11.841308686575381, "n_estimators": 42.05585421070914, "random_state": 5.676815174800356}, "datetime": {"datetime": "2021-09-30 08:34:47", "elapsed": 9.122966, "delta": 0.296843}}
{"target": -39.47179441917575, "params": {"max_depth": 4.160783926703979, "n_estimators": 36.594518204287525, "random_state": 3.0634988761328104}, "datetime": {"datetime": "2021-09-30 08:34:47", "elapsed": 9.34175, "delta": 0.218784}}
{"target": -40.127940773290284, "params": {"max_depth": 6.096917902249878, "n_estimators": 45.29928464205486, "random_state": 7.919419865321283}, "datetime": {"datetime": "2021-09-30 08:34:47", "elapsed": 9.638625, "delta": 0.296875}}
{"target": -38.791857301312376, "params": {"max_depth": 6.738231245669695, "n_estimators": 37.5074987054247, "random_state": 11.340874677160976}, "datetime": {"datetime": "2021-09-30 08:34:47", "elapsed": 9.88319, "delta": 0.244565}}
{"target": -39.24296091406373, "params": {"max_depth": 8.893154736116543, "n_estimators": 49.654978851190606, "random_state": 9.424535214547593}, "datetime": {"datetime": "2021-09-30 08:34:48", "elapsed": 10.205841, "delta": 0.322651}}
{"target": -41.11091915138515, "params": {"max_depth": 5.786434236292544, "n_estimators": 22.285954716205083, "random_state": 7.4357529385323815}, "datetime": {"datetime": "2021-09-30 08:34:48", "elapsed": 10.408969, "delta": 0.203128}}
{"target": -40.529621569752734, "params": {"max_depth": 14.79672138873502, "n_estimators": 27.738900200361734, "random_state": 3.9091909821839312}, "datetime": {"datetime": "2021-09-30 08:34:48", "elapsed": 10.690221, "delta": 0.281252}}
{"target": -39.583880276894234, "params": {"max_depth": 4.138642559249925, "n_estimators": 24.673528276457798, "random_state": 9.021167224051297}, "datetime": {"datetime": "2021-09-30 08:34:48", "elapsed": 10.877716, "delta": 0.187495}}
{"target": -39.99032663485778, "params": {"max_depth": 17.05273165792183, "n_estimators": 53.06520570423393, "random_state": 12.4725590389556}, "datetime": {"datetime": "2021-09-30 08:34:49", "elapsed": 11.305926, "delta": 0.42821}}
{"target": -40.768821427524074, "params": {"max_depth": 8.348678007311701, "n_estimators": 34.14893081056185, "random_state": 13.560440708404872}, "datetime": {"datetime": "2021-09-30 08:34:49", "elapsed": 11.621152, "delta": 0.315226}}
{"target": -38.6722519998828, "params": {"max_depth": 23.596890294416287, "n_estimators": 38.72962180418584, "random_state": 5.352004530046166}, "datetime": {"datetime": "2021-09-30 08:34:49", "elapsed": 11.979603, "delta": 0.358451}}
{"target": -40.3562151768115, "params": {"max_depth": 25.514806909768673, "n_estimators": 24.961092344470313, "random_state": 3.434379172144396}, "datetime": {"datetime": "2021-09-30 08:34:50", "elapsed": 12.227457, "delta": 0.247854}}
{"target": -39.9743462377551, "params": {"max_depth": 16.35791716503745, "n_estimators": 54.13006947050891, "random_state": 3.4690805922319776}, "datetime": {"datetime": "2021-09-30 08:34:50", "elapsed": 12.649436, "delta": 0.421979}}
{"target": -40.5803916484689, "params": {"max_depth": 9.877629288762787, "n_estimators": 53.81960414680401, "random_state": 4.5678817426784875}, "datetime": {"datetime": "2021-09-30 08:34:50", "elapsed": 13.064216, "delta": 0.41478}}
{"target": -41.327143825842654, "params": {"max_depth": 23.376976606277815, "n_estimators": 29.455061169455806, "random_state": 13.502286069371987}, "datetime": {"datetime": "2021-09-30 08:34:51", "elapsed": 13.429223, "delta": 0.365007}}
{"target": -40.043293385389845, "params": {"max_depth": 3.419257021993067, "n_estimators": 51.02458176378903, "random_state": 14.05365496798856}, "datetime": {"datetime": "2021-09-30 08:34:51", "elapsed": 13.680552, "delta": 0.251329}}
{"target": -41.185476149878994, "params": {"max_depth": 24.89348245160247, "n_estimators": 49.88984263548902, "random_state": 13.674347968155697}, "datetime": {"datetime": "2021-09-30 08:34:52", "elapsed": 14.112901, "delta": 0.432349}}
{"target": -40.57008817033571, "params": {"max_depth": 19.102770512301166, "n_estimators": 38.63560552387432, "random_state": 14.864034888931602}, "datetime": {"datetime": "2021-09-30 08:34:52", "elapsed": 14.481554, "delta": 0.368653}}
{"target": -40.70350821090754, "params": {"max_depth": 10.2542992264746, "n_estimators": 46.52663862054075, "random_state": 7.916791474111449}, "datetime": {"datetime": "2021-09-30 08:34:52", "elapsed": 14.859545, "delta": 0.377991}}
{"target": -39.04321388440259, "params": {"max_depth": 5.2548630006939625, "n_estimators": 28.09074700400227, "random_state": 6.5738734607053875}, "datetime": {"datetime": "2021-09-30 08:34:53", "elapsed": 15.128547, "delta": 0.269002}}
{"target": -39.07180986586832, "params": {"max_depth": 4.798031444755017, "n_estimators": 40.34466648103154, "random_state": 4.298626345411581}, "datetime": {"datetime": "2021-09-30 08:34:53", "elapsed": 15.398211, "delta": 0.269664}}
{"target": -40.18979319986799, "params": {"max_depth": 12.68930888568274, "n_estimators": 25.290718900747112, "random_state": 8.328387083962221}, "datetime": {"datetime": "2021-09-30 08:34:53", "elapsed": 15.68673, "delta": 0.288519}}
{"target": -40.47180454074702, "params": {"max_depth": 20.69340010032325, "n_estimators": 29.972154216706866, "random_state": 10.71420586180314}, "datetime": {"datetime": "2021-09-30 08:34:53", "elapsed": 15.972648, "delta": 0.285918}}
{"target": -40.75332415987693, "params": {"max_depth": 29.783017677934065, "n_estimators": 54.31153226278503, "random_state": 13.856185641497785}, "datetime": {"datetime": "2021-09-30 08:34:54", "elapsed": 16.394578, "delta": 0.42193}}
{"target": -38.923707362156925, "params": {"max_depth": 15.290344440699775, "n_estimators": 40.342461984134125, "random_state": 5.910664298936526}, "datetime": {"datetime": "2021-09-30 08:34:54", "elapsed": 16.738333, "delta": 0.343755}}
{"target": -39.47771324945321, "params": {"max_depth": 4.139505735227823, "n_estimators": 46.305617183104296, "random_state": 14.89404053588591}, "datetime": {"datetime": "2021-09-30 08:34:54", "elapsed": 17.035204, "delta": 0.296871}}
{"target": -39.97380730370112, "params": {"max_depth": 4.584487551028349, "n_estimators": 20.544004384817683, "random_state": 13.395119548150861}, "datetime": {"datetime": "2021-09-30 08:34:55", "elapsed": 17.253069, "delta": 0.217865}}
{"target": -39.759186810597456, "params": {"max_depth": 5.933267585786936, "n_estimators": 52.616506120684804, "random_state": 14.695555124145148}, "datetime": {"datetime": "2021-09-30 08:34:55", "elapsed": 17.591409, "delta": 0.33834}}
{"target": -40.46028513711839, "params": {"max_depth": 26.53716904935516, "n_estimators": 27.143806878119623, "random_state": 8.025434422743274}, "datetime": {"datetime": "2021-09-30 08:34:55", "elapsed": 17.910763, "delta": 0.319354}}
{"target": -39.57702114988839, "params": {"max_depth": 4.941628171339625, "n_estimators": 26.2442897647269, "random_state": 11.129793862781293}, "datetime": {"datetime": "2021-09-30 08:34:56", "elapsed": 18.156011, "delta": 0.245248}}
{"target": -40.38389494904969, "params": {"max_depth": 19.940917925772396, "n_estimators": 31.677607839319407, "random_state": 10.00653577301244}, "datetime": {"datetime": "2021-09-30 08:34:56", "elapsed": 18.468557, "delta": 0.312546}}
{"target": -39.95943589971208, "params": {"max_depth": 18.323908337499308, "n_estimators": 31.01301496781998, "random_state": 9.149293440140841}, "datetime": {"datetime": "2021-09-30 08:34:56", "elapsed": 18.796678, "delta": 0.328121}}
{"target": -40.14479770562535, "params": {"max_depth": 28.71842964546041, "n_estimators": 29.943371209676222, "random_state": 3.6555504725334305}, "datetime": {"datetime": "2021-09-30 08:34:57", "elapsed": 19.093555, "delta": 0.296877}}
