{"target": -38.909916304781774, "params": {"max_depth": 4.111070891599947, "n_estimators": 58.404115154830095, "random_state": 3.996484516962652}, "datetime": {"datetime": "2021-09-28 13:36:59", "elapsed": 518.772529, "delta": 2.470749}}
{"target": -38.7863001112378, "params": {"max_depth": 4.384894583919498, "n_estimators": 61.30413973798566, "random_state": 3.306740642713838}, "datetime": {"datetime": "2021-09-28 13:37:01", "elapsed": 521.112078, "delta": 2.339549}}
{"target": -39.99589146756922, "params": {"max_depth": 3.835402320133621, "n_estimators": 57.963987220215635, "random_state": 5.13149449085125}, "datetime": {"datetime": "2021-09-28 13:37:03", "elapsed": 523.159291, "delta": 2.047213}}
{"target": -39.43362607806993, "params": {"max_depth": 5.813585620787044, "n_estimators": 57.671407113511826, "random_state": 3.1833721541295272}, "datetime": {"datetime": "2021-09-28 13:37:06", "elapsed": 525.811512, "delta": 2.652221}}
{"target": -38.755087455182306, "params": {"max_depth": 4.923891825559058, "n_estimators": 68.39190620131893, "random_state": 3.7120952974744172}, "datetime": {"datetime": "2021-09-28 13:37:09", "elapsed": 528.245318, "delta": 2.433806}}
{"target": -39.394881038662014, "params": {"max_depth": 4.4498121392628, "n_estimators": 67.92392033374296, "random_state": 4.506268563900902}, "datetime": {"datetime": "2021-09-28 13:37:11", "elapsed": 530.469487, "delta": 2.224169}}
{"target": -38.8292690710237, "params": {"max_depth": 6.8443363865234605, "n_estimators": 66.14959723234405, "random_state": 2.1176322924802564}, "datetime": {"datetime": "2021-09-28 13:37:13", "elapsed": 532.718665, "delta": 2.249178}}
{"target": -39.623440890208286, "params": {"max_depth": 6.17887435065523, "n_estimators": 65.20333276605832, "random_state": 1.1665677978409874}, "datetime": {"datetime": "2021-09-28 13:37:15", "elapsed": 534.925493, "delta": 2.206828}}
{"target": -38.80023228333052, "params": {"max_depth": 7.246479025084516, "n_estimators": 66.49675679049248, "random_state": 2.997975226887646}, "datetime": {"datetime": "2021-09-28 13:37:17", "elapsed": 536.942584, "delta": 2.017091}}
{"target": -39.01154529361144, "params": {"max_depth": 8.096714215314924, "n_estimators": 65.45486697422102, "random_state": 2.669499618006266}, "datetime": {"datetime": "2021-09-28 13:37:20", "elapsed": 539.403036, "delta": 2.460452}}
{"target": -38.80023228333052, "params": {"max_depth": 7.871186094351414, "n_estimators": 66.42684549967493, "random_state": 2.404547367746755}, "datetime": {"datetime": "2021-09-28 13:37:24", "elapsed": 543.834766, "delta": 4.43173}}
{"target": -40.44403735354216, "params": {"max_depth": 8.382837377502597, "n_estimators": 65.64149340254694, "random_state": 1.4883203858262841}, "datetime": {"datetime": "2021-09-28 13:37:27", "elapsed": 546.761725, "delta": 2.926959}}
{"target": -40.2070878566915, "params": {"max_depth": 8.86456988847976, "n_estimators": 65.98454502800702, "random_state": 3.179858864860207}, "datetime": {"datetime": "2021-09-28 13:37:29", "elapsed": 548.925549, "delta": 2.163824}}
{"target": -39.160548795775846, "params": {"max_depth": 5.431250512050397, "n_estimators": 61.49755625653447, "random_state": 3.3059442072143463}, "datetime": {"datetime": "2021-09-28 13:37:32", "elapsed": 552.144234, "delta": 3.218685}}
{"target": -38.86258261718808, "params": {"max_depth": 7.008665088369287, "n_estimators": 64.76599609956241, "random_state": 2.2545940352583154}, "datetime": {"datetime": "2021-09-28 13:37:36", "elapsed": 555.46908, "delta": 3.324846}}
{"target": -40.10600359493213, "params": {"max_depth": 8.018145947517493, "n_estimators": 63.88363722201453, "random_state": 3.1353313367925795}, "datetime": {"datetime": "2021-09-28 13:37:39", "elapsed": 558.539552, "delta": 3.070472}}
{"target": -39.209892853025856, "params": {"max_depth": 5.064028355098331, "n_estimators": 83.45465955046899, "random_state": 2.7745025822194815}, "datetime": {"datetime": "2021-09-28 13:37:41", "elapsed": 561.036662, "delta": 2.49711}}
{"target": -38.6938329233688, "params": {"max_depth": 4.304409862732491, "n_estimators": 67.98308799326063, "random_state": 3.3132722556599052}, "datetime": {"datetime": "2021-09-28 13:37:44", "elapsed": 563.688528, "delta": 2.651866}}
{"target": -39.349525379942705, "params": {"max_depth": 4.3642585298765795, "n_estimators": 68.63859477477531, "random_state": 2.4800970622140563}, "datetime": {"datetime": "2021-09-28 13:37:47", "elapsed": 566.508087, "delta": 2.819559}}
{"target": -39.864096038468396, "params": {"max_depth": 7.5917035317929695, "n_estimators": 67.59776465065082, "random_state": 3.323482119545035}, "datetime": {"datetime": "2021-09-28 13:37:50", "elapsed": 569.670713, "delta": 3.162626}}
{"target": -39.16743764566398, "params": {"max_depth": 3.197627002357216, "n_estimators": 83.48202806458049, "random_state": 4.005869414485128}, "datetime": {"datetime": "2021-09-28 13:37:53", "elapsed": 572.278882, "delta": 2.608169}}
{"target": -39.170028635680225, "params": {"max_depth": 9.215222335525054, "n_estimators": 35.79431676903553, "random_state": 2.4349444905736455}, "datetime": {"datetime": "2021-09-28 13:37:55", "elapsed": 575.016801, "delta": 2.737919}}
{"target": -40.4011895965342, "params": {"max_depth": 8.029615427162199, "n_estimators": 36.579074545958825, "random_state": 1.4044838379820082}, "datetime": {"datetime": "2021-09-28 13:37:58", "elapsed": 577.480833, "delta": 2.464032}}
{"target": -39.62192181111598, "params": {"max_depth": 3.8624203111585866, "n_estimators": 59.32687770680697, "random_state": 3.370311776986905}, "datetime": {"datetime": "2021-09-28 13:38:00", "elapsed": 580.129076, "delta": 2.648243}}
{"target": -39.22881758150545, "params": {"max_depth": 4.202500702619622, "n_estimators": 61.67183785144978, "random_state": 2.559094379877217}, "datetime": {"datetime": "2021-09-28 13:38:03", "elapsed": 582.506385, "delta": 2.377309}}
{"target": -39.39384344860909, "params": {"max_depth": 4.581044618682824, "n_estimators": 96.59007871811745, "random_state": 4.159210940894954}, "datetime": {"datetime": "2021-09-28 13:38:05", "elapsed": 584.915976, "delta": 2.409591}}
{"target": -40.465781318314384, "params": {"max_depth": 8.707160319494912, "n_estimators": 34.768253547079006, "random_state": 3.186429578682282}, "datetime": {"datetime": "2021-09-28 13:38:08", "elapsed": 587.361992, "delta": 2.446016}}
{"target": -38.358264643288976, "params": {"max_depth": 12.560445499139705, "n_estimators": 33.18837945283186, "random_state": 2.465844259011263}, "datetime": {"datetime": "2021-09-28 13:38:10", "elapsed": 589.375233, "delta": 2.013241}}
{"target": -40.37776112406361, "params": {"max_depth": 9.226300152718037, "n_estimators": 36.75772179454681, "random_state": 3.3079109118691985}, "datetime": {"datetime": "2021-09-28 13:38:14", "elapsed": 593.850355, "delta": 4.475122}}
{"target": -39.55356100555878, "params": {"max_depth": 9.409509564937245, "n_estimators": 79.40717462719307, "random_state": 2.4282852551066445}, "datetime": {"datetime": "2021-09-28 13:38:16", "elapsed": 596.220226, "delta": 2.369871}}
{"target": -38.815668228604075, "params": {"max_depth": 7.444549506592237, "n_estimators": 65.3479539723332, "random_state": 2.7845131791275968}, "datetime": {"datetime": "2021-09-28 13:38:19", "elapsed": 598.513604, "delta": 2.293378}}
{"target": -38.809111459436146, "params": {"max_depth": 7.8727598772901946, "n_estimators": 59.2710208324674, "random_state": 2.096813933085956}, "datetime": {"datetime": "2021-09-28 13:38:21", "elapsed": 600.809417, "delta": 2.295813}}
{"target": -40.86989320540651, "params": {"max_depth": 9.022234754034791, "n_estimators": 59.3246665348376, "random_state": 1.6963886361685145}, "datetime": {"datetime": "2021-09-28 13:38:27", "elapsed": 606.269697, "delta": 5.46028}}
{"target": -38.809111459436146, "params": {"max_depth": 7.514187320495775, "n_estimators": 59.689433472179665, "random_state": 2.5281931757846925}, "datetime": {"datetime": "2021-09-28 13:38:31", "elapsed": 610.74588, "delta": 4.476183}}
{"target": -39.98183454112649, "params": {"max_depth": 7.366714656536042, "n_estimators": 58.4632383945925, "random_state": 1.8773118559371207}, "datetime": {"datetime": "2021-09-28 13:38:34", "elapsed": 613.583095, "delta": 2.837215}}
{"target": -40.089941485972695, "params": {"max_depth": 8.008110425476737, "n_estimators": 58.85456641944567, "random_state": 3.0339245252587554}, "datetime": {"datetime": "2021-09-28 13:38:37", "elapsed": 616.841916, "delta": 3.258821}}
{"target": -39.96230933471418, "params": {"max_depth": 7.0488797059854145, "n_estimators": 60.802588246891986, "random_state": 1.2996696636587393}, "datetime": {"datetime": "2021-09-28 13:38:39", "elapsed": 619.202639, "delta": 2.360723}}
{"target": -44.95106924665916, "params": {"max_depth": 1.4507000623310544, "n_estimators": 83.23838425281585, "random_state": 3.6164913346011778}, "datetime": {"datetime": "2021-09-28 13:38:42", "elapsed": 621.821531, "delta": 2.618892}}
{"target": -39.3676621156934, "params": {"max_depth": 12.163797789090378, "n_estimators": 79.01531741097844, "random_state": 2.551693132329296}, "datetime": {"datetime": "2021-09-28 13:38:45", "elapsed": 624.859311, "delta": 3.03778}}
{"target": -40.12700079982269, "params": {"max_depth": 13.226899504775968, "n_estimators": 77.79844431630455, "random_state": 3.7184572037912536}, "datetime": {"datetime": "2021-09-28 13:38:48", "elapsed": 627.632461, "delta": 2.77315}}
{"target": -40.41569784126212, "params": {"max_depth": 12.282538313405478, "n_estimators": 80.5169247070512, "random_state": 1.5372198310589993}, "datetime": {"datetime": "2021-09-28 13:38:51", "elapsed": 630.324536, "delta": 2.692075}}
{"target": -40.29637519802323, "params": {"max_depth": 11.094115754264637, "n_estimators": 77.94224761467645, "random_state": 1.545941898965605}, "datetime": {"datetime": "2021-09-28 13:38:54", "elapsed": 634.119324, "delta": 3.794788}}
{"target": -39.54256874726608, "params": {"max_depth": 6.200359868706405, "n_estimators": 96.4911584828823, "random_state": 8.360005072415316}, "datetime": {"datetime": "2021-09-28 13:38:58", "elapsed": 637.365424, "delta": 3.2461}}
{"target": -39.42955085741083, "params": {"max_depth": 6.155765916515354, "n_estimators": 64.80508204130527, "random_state": 6.868886682196524}, "datetime": {"datetime": "2021-09-28 13:39:02", "elapsed": 641.339719, "delta": 3.974295}}
{"target": -39.38151379427855, "params": {"max_depth": 5.387641067708738, "n_estimators": 65.23095788985913, "random_state": 8.826119158533377}, "datetime": {"datetime": "2021-09-28 13:39:05", "elapsed": 644.300656, "delta": 2.960937}}
{"target": -40.57940721851965, "params": {"max_depth": 9.954528109597746, "n_estimators": 35.7509737337559, "random_state": 1.5394734174141358}, "datetime": {"datetime": "2021-09-28 13:39:08", "elapsed": 648.081368, "delta": 3.780712}}
{"target": -40.069664539349965, "params": {"max_depth": 7.159686254400772, "n_estimators": 64.62649638194719, "random_state": 9.225156344734058}, "datetime": {"datetime": "2021-09-28 13:39:11", "elapsed": 651.012607, "delta": 2.931239}}
{"target": -39.91705459609832, "params": {"max_depth": 4.289101471359313, "n_estimators": 63.95417804607582, "random_state": 9.764940510546364}, "datetime": {"datetime": "2021-09-28 13:39:15", "elapsed": 654.904166, "delta": 3.891559}}
{"target": -39.25641414667049, "params": {"max_depth": 5.8950966986955535, "n_estimators": 60.34872105313176, "random_state": 3.1252481278905333}, "datetime": {"datetime": "2021-09-28 13:39:18", "elapsed": 657.912141, "delta": 3.007975}}
{"target": -39.54819531018423, "params": {"max_depth": 3.5918606141859004, "n_estimators": 66.2151674907209, "random_state": 8.822961593737334}, "datetime": {"datetime": "2021-09-28 13:39:21", "elapsed": 660.978424, "delta": 3.066283}}
{"target": -39.584736114084656, "params": {"max_depth": 5.650972259715868, "n_estimators": 55.26432464474262, "random_state": 4.715365660145626}, "datetime": {"datetime": "2021-09-28 13:39:24", "elapsed": 663.494958, "delta": 2.516534}}
{"target": -40.175190630068165, "params": {"max_depth": 5.129262081601523, "n_estimators": 78.93342218570909, "random_state": 7.120120247333234}, "datetime": {"datetime": "2021-09-28 13:39:27", "elapsed": 666.768865, "delta": 3.273907}}
{"target": -39.56646721870215, "params": {"max_depth": 5.307516457743061, "n_estimators": 99.98066160465766, "random_state": 1.8399386996428215}, "datetime": {"datetime": "2021-09-28 13:39:30", "elapsed": 669.372657, "delta": 2.603792}}
{"target": -40.36187619258313, "params": {"max_depth": 11.49918737014557, "n_estimators": 79.62135139376119, "random_state": 4.28076424765268}, "datetime": {"datetime": "2021-09-28 13:39:32", "elapsed": 672.213594, "delta": 2.840937}}
{"target": -40.00135074250405, "params": {"max_depth": 8.248062795610574, "n_estimators": 95.97661847780701, "random_state": 9.472865024476048}, "datetime": {"datetime": "2021-09-28 13:39:35", "elapsed": 675.180289, "delta": 2.966695}}
{"target": -40.14891367754827, "params": {"max_depth": 3.7430746177191807, "n_estimators": 89.18936016615486, "random_state": 7.305503039493489}, "datetime": {"datetime": "2021-09-28 13:39:39", "elapsed": 679.124164, "delta": 3.943875}}
{"target": -41.101420687400086, "params": {"max_depth": 15.301330614050439, "n_estimators": 51.038735609312425, "random_state": 10.672512402029302}, "datetime": {"datetime": "2021-09-28 13:39:43", "elapsed": 682.240856, "delta": 3.116692}}
{"target": -44.74303821765652, "params": {"max_depth": 1.2264499639562954, "n_estimators": 67.25109955709117, "random_state": 8.895681271405874}, "datetime": {"datetime": "2021-09-28 13:39:48", "elapsed": 687.231134, "delta": 4.990278}}
{"target": -40.778529835138315, "params": {"max_depth": 29.83237889537195, "n_estimators": 59.908783424861966, "random_state": 4.388845090989324}, "datetime": {"datetime": "2021-09-28 13:39:51", "elapsed": 691.201868, "delta": 3.970734}}
{"target": -42.69468451927565, "params": {"max_depth": 28.211654233627243, "n_estimators": 11.093096642517382, "random_state": 8.03164628220469}, "datetime": {"datetime": "2021-09-28 13:39:56", "elapsed": 695.301964, "delta": 4.100096}}
{"target": -39.987832566185986, "params": {"max_depth": 12.758137970644503, "n_estimators": 44.04906456108395, "random_state": 5.923360242803891}, "datetime": {"datetime": "2021-09-28 13:39:59", "elapsed": 698.281253, "delta": 2.979289}}
{"target": -45.71485809015926, "params": {"max_depth": 1.0156628256596967, "n_estimators": 2.5892267937970685, "random_state": 8.9574547984842}, "datetime": {"datetime": "2021-09-28 13:40:01", "elapsed": 700.503228, "delta": 2.221975}}
{"target": -40.168344672317104, "params": {"max_depth": 27.429804653376397, "n_estimators": 99.69974318420782, "random_state": 1.522379950856029}, "datetime": {"datetime": "2021-09-28 13:40:07", "elapsed": 706.593577, "delta": 6.090349}}
{"target": -49.224273489069674, "params": {"max_depth": 16.560312022040286, "n_estimators": 1.5192195348728026, "random_state": 3.884618808523892}, "datetime": {"datetime": "2021-09-28 13:40:10", "elapsed": 709.730034, "delta": 3.136457}}
{"target": -40.459060784373534, "params": {"max_depth": 29.966298451495753, "n_estimators": 46.20910174948121, "random_state": 1.4393782374616673}, "datetime": {"datetime": "2021-09-28 13:40:13", "elapsed": 712.89575, "delta": 3.165716}}
{"target": -41.12512362505645, "params": {"max_depth": 29.20201122451566, "n_estimators": 25.76009335481449, "random_state": 10.942517025343072}, "datetime": {"datetime": "2021-09-28 13:40:17", "elapsed": 716.919695, "delta": 4.023945}}
{"target": -40.99853196874648, "params": {"max_depth": 19.7993574139781, "n_estimators": 98.15442557450008, "random_state": 10.8312150912304}, "datetime": {"datetime": "2021-09-28 13:40:23", "elapsed": 722.382358, "delta": 5.462663}}
{"target": -41.1067881248522, "params": {"max_depth": 20.09641019022501, "n_estimators": 63.26839046872117, "random_state": 10.763113621625813}, "datetime": {"datetime": "2021-09-28 13:40:28", "elapsed": 727.714864, "delta": 5.332506}}
{"target": -39.768489687774704, "params": {"max_depth": 29.968124052535327, "n_estimators": 37.209150389393386, "random_state": 9.049432138398664}, "datetime": {"datetime": "2021-09-28 13:40:32", "elapsed": 731.238647, "delta": 3.523783}}
{"target": -41.11651164224669, "params": {"max_depth": 17.867250533866876, "n_estimators": 17.54031496379332, "random_state": 10.856430663132102}, "datetime": {"datetime": "2021-09-28 13:40:34", "elapsed": 734.118177, "delta": 2.87953}}
{"target": -45.62195888287485, "params": {"max_depth": 1.2015867047312376, "n_estimators": 35.84424913871341, "random_state": 10.756366485896534}, "datetime": {"datetime": "2021-09-28 13:40:38", "elapsed": 737.248237, "delta": 3.13006}}
{"target": -40.99298883483315, "params": {"max_depth": 17.638327325411186, "n_estimators": 86.95508389862482, "random_state": 10.980628153200968}, "datetime": {"datetime": "2021-09-28 13:40:41", "elapsed": 740.69494, "delta": 3.446703}}
{"target": -41.20557585264588, "params": {"max_depth": 23.155777399533353, "n_estimators": 22.569635672323063, "random_state": 5.052432507853932}, "datetime": {"datetime": "2021-09-28 13:40:44", "elapsed": 744.172201, "delta": 3.477261}}
{"target": -39.97691339392359, "params": {"max_depth": 23.484213296356074, "n_estimators": 82.4085452944696, "random_state": 1.0831268836556875}, "datetime": {"datetime": "2021-09-28 13:40:48", "elapsed": 747.642397, "delta": 3.470196}}
{"target": -53.43351296516381, "params": {"max_depth": 28.878685799590905, "n_estimators": 1.5613348637732134, "random_state": 1.2578269146036338}, "datetime": {"datetime": "2021-09-28 13:40:52", "elapsed": 751.506315, "delta": 3.863918}}
{"target": -46.69400565153829, "params": {"max_depth": 1.483128894887816, "n_estimators": 14.828892007538046, "random_state": 10.850687606136148}, "datetime": {"datetime": "2021-09-28 13:40:55", "elapsed": 754.523348, "delta": 3.017033}}
{"target": -39.50662486317697, "params": {"max_depth": 25.465315858945036, "n_estimators": 41.73189734079437, "random_state": 7.199624063552209}, "datetime": {"datetime": "2021-09-28 13:40:59", "elapsed": 758.336123, "delta": 3.812775}}
{"target": -41.50408667926201, "params": {"max_depth": 28.431206267223043, "n_estimators": 43.02641287186678, "random_state": 8.880737145922083}, "datetime": {"datetime": "2021-09-28 13:41:03", "elapsed": 762.982394, "delta": 4.646271}}
{"target": -40.609355112375766, "params": {"max_depth": 24.278036303547232, "n_estimators": 40.040684089048284, "random_state": 4.645224894079772}, "datetime": {"datetime": "2021-09-28 13:41:08", "elapsed": 767.669353, "delta": 4.686959}}
{"target": -40.30287260950016, "params": {"max_depth": 24.525477806990345, "n_estimators": 68.88082241373922, "random_state": 1.0}, "datetime": {"datetime": "2021-09-28 13:41:14", "elapsed": 773.26661, "delta": 5.597257}}
{"target": -40.17827375854415, "params": {"max_depth": 28.71871521179317, "n_estimators": 90.10336100201698, "random_state": 1.0221894214237062}, "datetime": {"datetime": "2021-09-28 13:41:18", "elapsed": 777.983356, "delta": 4.716746}}
{"target": -40.374390398072514, "params": {"max_depth": 30.0, "n_estimators": 76.75008033263954, "random_state": 1.0}, "datetime": {"datetime": "2021-09-28 13:41:24", "elapsed": 783.611152, "delta": 5.627796}}
{"target": -40.94931917752021, "params": {"max_depth": 29.730003900463387, "n_estimators": 98.7361054994865, "random_state": 10.102982763560938}, "datetime": {"datetime": "2021-09-28 13:41:30", "elapsed": 789.423709, "delta": 5.812557}}
{"target": -40.54062406883442, "params": {"max_depth": 20.26196697062335, "n_estimators": 59.27405035641314, "random_state": 1.0}, "datetime": {"datetime": "2021-09-28 13:41:34", "elapsed": 793.372516, "delta": 3.948807}}
{"target": -39.51052057091863, "params": {"max_depth": 30.0, "n_estimators": 67.47633450781302, "random_state": 11.0}, "datetime": {"datetime": "2021-09-28 13:41:38", "elapsed": 797.798614, "delta": 4.426098}}
{"target": -40.61097045349586, "params": {"max_depth": 29.27447671300567, "n_estimators": 68.45516641501041, "random_state": 7.688215230930851}, "datetime": {"datetime": "2021-09-28 13:41:45", "elapsed": 804.670311, "delta": 6.871697}}
{"target": -41.1067881248522, "params": {"max_depth": 29.317236516136436, "n_estimators": 63.385786234859225, "random_state": 10.674579686021135}, "datetime": {"datetime": "2021-09-28 13:41:49", "elapsed": 808.877523, "delta": 4.207212}}
{"target": -40.07342825691997, "params": {"max_depth": 23.103924781741018, "n_estimators": 41.76104016960133, "random_state": 9.941249765466594}, "datetime": {"datetime": "2021-09-28 13:41:54", "elapsed": 813.532408, "delta": 4.654885}}
{"target": -39.5076486441968, "params": {"max_depth": 26.7651062743474, "n_estimators": 53.06805646361786, "random_state": 11.0}, "datetime": {"datetime": "2021-09-28 13:42:00", "elapsed": 820.075454, "delta": 6.543046}}
{"target": -40.08993236352841, "params": {"max_depth": 25.389706510065672, "n_estimators": 52.685555127573814, "random_state": 7.811587696227299}, "datetime": {"datetime": "2021-09-28 13:42:04", "elapsed": 823.875006, "delta": 3.799552}}
{"target": -39.49659903574984, "params": {"max_depth": 30.0, "n_estimators": 54.22246389948156, "random_state": 11.0}, "datetime": {"datetime": "2021-09-28 13:42:09", "elapsed": 828.390699, "delta": 4.515693}}
{"target": -40.905428705215684, "params": {"max_depth": 28.912125677407072, "n_estimators": 49.660985902446484, "random_state": 10.523202665256616}, "datetime": {"datetime": "2021-09-28 13:42:15", "elapsed": 834.609454, "delta": 6.218755}}
{"target": -39.842112351568495, "params": {"max_depth": 28.063719286357635, "n_estimators": 56.42474757011866, "random_state": 9.40701540542124}, "datetime": {"datetime": "2021-09-28 13:42:20", "elapsed": 839.814449, "delta": 5.204995}}
