{"target": 0.4376040321498206, "params": {"max_depth": 2.932483174534051, "n_estimators": 75.46553735898173}, "datetime": {"datetime": "2021-09-24 10:15:53", "elapsed": 223.320852, "delta": 1.805698}}
{"target": 0.2172738055010569, "params": {"max_depth": 5.107854684670496, "n_estimators": 2.946564647981622}, "datetime": {"datetime": "2021-09-24 10:15:54", "elapsed": 224.810477, "delta": 1.489625}}
{"target": 0.40405661766624146, "params": {"max_depth": 6.896985405161708, "n_estimators": 69.49089539598047}, "datetime": {"datetime": "2021-09-24 10:15:56", "elapsed": 226.309927, "delta": 1.49945}}
{"target": 0.43424424889748614, "params": {"max_depth": 2.5243478876568055, "n_estimators": 28.547359598674287}, "datetime": {"datetime": "2021-09-24 10:15:57", "elapsed": 228.022942, "delta": 1.713015}}
{"target": 0.3891667561260709, "params": {"max_depth": 8.39168568527597, "n_estimators": 78.52086943430083}, "datetime": {"datetime": "2021-09-24 10:15:59", "elapsed": 230.015586, "delta": 1.992644}}
{"target": 0.42691857967191793, "params": {"max_depth": 4.105830358685126, "n_estimators": 54.5961409215781}, "datetime": {"datetime": "2021-09-24 10:16:01", "elapsed": 231.934927, "delta": 1.919341}}
{"target": 0.4027066630108602, "params": {"max_depth": 4.8463580921919664, "n_estimators": 14.875623760908406}, "datetime": {"datetime": "2021-09-24 10:16:03", "elapsed": 233.413202, "delta": 1.478275}}
{"target": 0.44295744873471754, "params": {"max_depth": 2.6896373894842904, "n_estimators": 13.999957116994185}, "datetime": {"datetime": "2021-09-24 10:16:04", "elapsed": 234.584265, "delta": 1.171063}}
{"target": 0.4004673869574118, "params": {"max_depth": 7.7945822199639645, "n_estimators": 90.86812184610721}, "datetime": {"datetime": "2021-09-24 10:16:06", "elapsed": 236.450846, "delta": 1.866581}}
{"target": 0.36972786448533, "params": {"max_depth": 7.994247479525223, "n_estimators": 32.615260063713684}, "datetime": {"datetime": "2021-09-24 10:16:07", "elapsed": 237.833567, "delta": 1.382721}}
{"target": 0.4412312097166722, "params": {"max_depth": 3.663056556690715, "n_estimators": 99.97912089550695}, "datetime": {"datetime": "2021-09-24 10:16:09", "elapsed": 239.373996, "delta": 1.540429}}
{"target": 0.44422665881393486, "params": {"max_depth": 3.0888562561347266, "n_estimators": 90.61971460028977}, "datetime": {"datetime": "2021-09-24 10:16:10", "elapsed": 241.245355, "delta": 1.871359}}
{"target": 0.3764367246320218, "params": {"max_depth": 9.899699772283647, "n_estimators": 45.285572306995746}, "datetime": {"datetime": "2021-09-24 10:16:12", "elapsed": 242.543164, "delta": 1.297809}}
{"target": 0.39319927113007347, "params": {"max_depth": 9.781795193437361, "n_estimators": 66.00017971531656}, "datetime": {"datetime": "2021-09-24 10:16:13", "elapsed": 244.251393, "delta": 1.708229}}
{"target": 0.3449708802237502, "params": {"max_depth": 1.0887372046875856, "n_estimators": 28.581126978077478}, "datetime": {"datetime": "2021-09-24 10:16:15", "elapsed": 245.732233, "delta": 1.48084}}
{"target": 0.4287764042346067, "params": {"max_depth": 3.3888766962104286, "n_estimators": 31.383458956175875}, "datetime": {"datetime": "2021-09-24 10:16:16", "elapsed": 246.994656, "delta": 1.262423}}
{"target": 0.4270001538237944, "params": {"max_depth": 3.2345563860116293, "n_estimators": 23.903711103214977}, "datetime": {"datetime": "2021-09-24 10:16:18", "elapsed": 248.5814, "delta": 1.586744}}
{"target": 0.43473687200828826, "params": {"max_depth": 2.848470798181885, "n_estimators": 29.898039126073183}, "datetime": {"datetime": "2021-09-24 10:16:19", "elapsed": 250.056513, "delta": 1.475113}}
{"target": 0.44622783939418587, "params": {"max_depth": 2.7922727148487603, "n_estimators": 47.17036779447995}, "datetime": {"datetime": "2021-09-24 10:16:21", "elapsed": 251.838217, "delta": 1.781704}}
{"target": 0.3951701010670974, "params": {"max_depth": 10.05130023813759, "n_estimators": 52.547532711523}, "datetime": {"datetime": "2021-09-24 10:16:23", "elapsed": 253.864011, "delta": 2.025794}}
{"target": 0.3915167745448652, "params": {"max_depth": 9.760783154584178, "n_estimators": 92.4963918057557}, "datetime": {"datetime": "2021-09-24 10:16:25", "elapsed": 255.815615, "delta": 1.951604}}
{"target": 0.2785578802743387, "params": {"max_depth": 6.808929369232661, "n_estimators": 6.983244358465828}, "datetime": {"datetime": "2021-09-24 10:16:27", "elapsed": 257.393906, "delta": 1.578291}}
{"target": 0.4183257796807083, "params": {"max_depth": 3.2307151986312173, "n_estimators": 6.543951439025572}, "datetime": {"datetime": "2021-09-24 10:16:28", "elapsed": 258.788736, "delta": 1.39483}}
{"target": 0.4394874515661905, "params": {"max_depth": 2.690050884511953, "n_estimators": 60.97454563800473}, "datetime": {"datetime": "2021-09-24 10:16:29", "elapsed": 260.143823, "delta": 1.355087}}
{"target": 0.44049887014168454, "params": {"max_depth": 3.4632859347715432, "n_estimators": 76.74527115305295}, "datetime": {"datetime": "2021-09-24 10:16:32", "elapsed": 262.363677, "delta": 2.219854}}
{"target": 0.40169897763599605, "params": {"max_depth": 9.648690126944024, "n_estimators": 56.27381364575142}, "datetime": {"datetime": "2021-09-24 10:16:34", "elapsed": 264.603587, "delta": 2.23991}}
{"target": 0.4254035601597007, "params": {"max_depth": 4.28831760619834, "n_estimators": 49.97702972701903}, "datetime": {"datetime": "2021-09-24 10:16:35", "elapsed": 266.189361, "delta": 1.585774}}
{"target": 0.4459198734513451, "params": {"max_depth": 3.972471750922862, "n_estimators": 83.74108882192427}, "datetime": {"datetime": "2021-09-24 10:16:37", "elapsed": 268.229108, "delta": 2.039747}}
{"target": 0.43871734322351763, "params": {"max_depth": 2.733022259340698, "n_estimators": 65.03893463155525}, "datetime": {"datetime": "2021-09-24 10:16:40", "elapsed": 270.819571, "delta": 2.590463}}
{"target": 0.35395328352614097, "params": {"max_depth": 1.2250238260142075, "n_estimators": 65.33574912228944}, "datetime": {"datetime": "2021-09-24 10:16:42", "elapsed": 272.862722, "delta": 2.043151}}
{"target": 0.4413430118140139, "params": {"max_depth": 3.1982172261772277, "n_estimators": 63.42292770833959}, "datetime": {"datetime": "2021-09-24 10:16:44", "elapsed": 275.165302, "delta": 2.30258}}
{"target": 0.35093072977989614, "params": {"max_depth": 9.465275222700395, "n_estimators": 25.700830628402702}, "datetime": {"datetime": "2021-09-24 10:16:47", "elapsed": 277.490198, "delta": 2.324896}}
{"target": 0.43015711069609786, "params": {"max_depth": 3.900983641828659, "n_estimators": 34.66714090364134}, "datetime": {"datetime": "2021-09-24 10:16:49", "elapsed": 279.602294, "delta": 2.112096}}
{"target": 0.42682559057481495, "params": {"max_depth": 4.286325762095802, "n_estimators": 66.07238815530296}, "datetime": {"datetime": "2021-09-24 10:16:51", "elapsed": 281.437274, "delta": 1.83498}}
{"target": 0.40626791221367853, "params": {"max_depth": 6.825094642731112, "n_estimators": 73.45593036030529}, "datetime": {"datetime": "2021-09-24 10:16:53", "elapsed": 283.864897, "delta": 2.427623}}
{"target": 0.44390491892758355, "params": {"max_depth": 2.187299886157474, "n_estimators": 38.60993186064192}, "datetime": {"datetime": "2021-09-24 10:16:55", "elapsed": 285.752366, "delta": 1.887469}}
{"target": 0.44429085212502883, "params": {"max_depth": 3.925931081276096, "n_estimators": 87.10436929979193}, "datetime": {"datetime": "2021-09-24 10:16:57", "elapsed": 287.469303, "delta": 1.716937}}
{"target": 0.4376443596853712, "params": {"max_depth": 3.044995614770836, "n_estimators": 72.69812149624792}, "datetime": {"datetime": "2021-09-24 10:16:59", "elapsed": 289.708234, "delta": 2.238931}}
{"target": 0.4266247257127347, "params": {"max_depth": 4.867571178263457, "n_estimators": 73.77458394303532}, "datetime": {"datetime": "2021-09-24 10:17:01", "elapsed": 292.08948, "delta": 2.381246}}
{"target": 0.40198126937685275, "params": {"max_depth": 5.587667710176522, "n_estimators": 42.823738302291666}, "datetime": {"datetime": "2021-09-24 10:17:03", "elapsed": 294.221316, "delta": 2.131836}}
{"target": 0.44511630613768594, "params": {"max_depth": 3.1214262647765696, "n_estimators": 85.35151000066962}, "datetime": {"datetime": "2021-09-24 10:17:06", "elapsed": 296.431454, "delta": 2.210138}}
{"target": 0.42743076700130633, "params": {"max_depth": 3.122081489926904, "n_estimators": 11.37239224745895}, "datetime": {"datetime": "2021-09-24 10:17:07", "elapsed": 297.771103, "delta": 1.339649}}
{"target": 0.43697224457830397, "params": {"max_depth": 3.269300443726523, "n_estimators": 13.28065658033963}, "datetime": {"datetime": "2021-09-24 10:17:09", "elapsed": 300.218692, "delta": 2.447589}}
{"target": 0.338796426454815, "params": {"max_depth": 1.4251660747418375, "n_estimators": 13.457716869484068}, "datetime": {"datetime": "2021-09-24 10:17:11", "elapsed": 301.949139, "delta": 1.730447}}
{"target": 0.36124672388399925, "params": {"max_depth": 5.080472797458813, "n_estimators": 12.770978075826726}, "datetime": {"datetime": "2021-09-24 10:17:13", "elapsed": 303.868697, "delta": 1.919558}}
{"target": 0.34370474374066684, "params": {"max_depth": 9.121006560517078, "n_estimators": 18.050339812242186}, "datetime": {"datetime": "2021-09-24 10:17:15", "elapsed": 305.764606, "delta": 1.895909}}
{"target": 0.39271677712228936, "params": {"max_depth": 9.781774749670127, "n_estimators": 82.06707982824179}, "datetime": {"datetime": "2021-09-24 10:17:17", "elapsed": 307.984639, "delta": 2.220033}}
{"target": 0.39140227117947, "params": {"max_depth": 8.380327708553661, "n_estimators": 60.21923046980281}, "datetime": {"datetime": "2021-09-24 10:17:20", "elapsed": 310.719482, "delta": 2.734843}}
{"target": 0.4400055688887047, "params": {"max_depth": 3.3430327974264618, "n_estimators": 14.516588912988713}, "datetime": {"datetime": "2021-09-24 10:17:22", "elapsed": 312.546386, "delta": 1.826904}}
{"target": 0.40645447442746907, "params": {"max_depth": 6.315875548667913, "n_estimators": 79.84794949442461}, "datetime": {"datetime": "2021-09-24 10:17:24", "elapsed": 314.581334, "delta": 2.034948}}
{"target": 0.3896808901595451, "params": {"max_depth": 10.690092828251922, "n_estimators": 49.565036011621146}, "datetime": {"datetime": "2021-09-24 10:17:26", "elapsed": 316.545603, "delta": 1.964269}}
{"target": 0.4059705556654529, "params": {"max_depth": 6.9864820965512955, "n_estimators": 64.98842397719167}, "datetime": {"datetime": "2021-09-24 10:17:28", "elapsed": 318.522553, "delta": 1.97695}}
{"target": 0.4239069090252914, "params": {"max_depth": 5.04977798816631, "n_estimators": 57.29403177518569}, "datetime": {"datetime": "2021-09-24 10:17:30", "elapsed": 320.994093, "delta": 2.47154}}
{"target": 0.31448092582643583, "params": {"max_depth": 1.0, "n_estimators": 18.678790210126202}, "datetime": {"datetime": "2021-09-24 10:17:32", "elapsed": 322.632988, "delta": 1.638895}}
{"target": 0.4377249404106548, "params": {"max_depth": 3.2600656540774917, "n_estimators": 19.121440633482205}, "datetime": {"datetime": "2021-09-24 10:17:34", "elapsed": 324.976691, "delta": 2.343703}}
{"target": 0.4349052223684974, "params": {"max_depth": 3.182266941175216, "n_estimators": 16.87032432798886}, "datetime": {"datetime": "2021-09-24 10:17:36", "elapsed": 326.489926, "delta": 1.513235}}
{"target": 0.43871734322351763, "params": {"max_depth": 2.9758336414388213, "n_estimators": 65.93662565759537}, "datetime": {"datetime": "2021-09-24 10:17:37", "elapsed": 327.934205, "delta": 1.444279}}
{"target": 0.4048533970209981, "params": {"max_depth": 4.733810954827566, "n_estimators": 24.315545763136342}, "datetime": {"datetime": "2021-09-24 10:17:39", "elapsed": 329.304253, "delta": 1.370048}}
{"target": 0.4271317656428919, "params": {"max_depth": 4.400831516441436, "n_estimators": 69.29014526055192}, "datetime": {"datetime": "2021-09-24 10:17:41", "elapsed": 331.588922, "delta": 2.284669}}
{"target": 0.42730209931566154, "params": {"max_depth": 3.0921209244320287, "n_estimators": 26.371291895004507}, "datetime": {"datetime": "2021-09-24 10:17:42", "elapsed": 332.988618, "delta": 1.399696}}
{"target": 0.39741321287627773, "params": {"max_depth": 7.390500914644807, "n_estimators": 62.46875085388619}, "datetime": {"datetime": "2021-09-24 10:17:44", "elapsed": 335.02474, "delta": 2.036122}}
{"target": 0.4180251449721015, "params": {"max_depth": 5.0401537297841195, "n_estimators": 52.875952055239324}, "datetime": {"datetime": "2021-09-24 10:17:46", "elapsed": 336.900823, "delta": 1.876083}}
{"target": 0.43885229348664223, "params": {"max_depth": 3.4502298311120185, "n_estimators": 74.53198405248365}, "datetime": {"datetime": "2021-09-24 10:17:48", "elapsed": 338.847139, "delta": 1.946316}}
{"target": 0.38349575710798456, "params": {"max_depth": 12.0, "n_estimators": 72.02730799570523}, "datetime": {"datetime": "2021-09-24 10:17:51", "elapsed": 341.410506, "delta": 2.563367}}
{"target": 0.4426913612981416, "params": {"max_depth": 3.2209822227879616, "n_estimators": 79.22331089582342}, "datetime": {"datetime": "2021-09-24 10:17:53", "elapsed": 343.428937, "delta": 2.018431}}
{"target": 0.4337057605512812, "params": {"max_depth": 2.9678171771419106, "n_estimators": 20.225633312478596}, "datetime": {"datetime": "2021-09-24 10:17:55", "elapsed": 345.797722, "delta": 2.368785}}
{"target": 0.42703371237293486, "params": {"max_depth": 4.494510808163633, "n_estimators": 64.59654781560442}, "datetime": {"datetime": "2021-09-24 10:17:57", "elapsed": 347.925743, "delta": 2.128021}}
{"target": 0.44239618068210995, "params": {"max_depth": 3.5450899767845487, "n_estimators": 59.8878189065083}, "datetime": {"datetime": "2021-09-24 10:17:59", "elapsed": 350.088917, "delta": 2.163174}}
{"target": 0.44079710876008504, "params": {"max_depth": 3.8577974183287864, "n_estimators": 98.9689315048636}, "datetime": {"datetime": "2021-09-24 10:18:02", "elapsed": 352.385312, "delta": 2.296395}}
{"target": 0.44138553107605183, "params": {"max_depth": 2.9083151120010156, "n_estimators": 41.27539304841599}, "datetime": {"datetime": "2021-09-24 10:18:03", "elapsed": 354.204719, "delta": 1.819407}}
{"target": 0.43611124531814915, "params": {"max_depth": 3.032323977964608, "n_estimators": 42.90028260794185}, "datetime": {"datetime": "2021-09-24 10:18:05", "elapsed": 356.080173, "delta": 1.875454}}
{"target": 0.39196504271587895, "params": {"max_depth": 10.493737552322726, "n_estimators": 78.58859006525095}, "datetime": {"datetime": "2021-09-24 10:18:08", "elapsed": 358.490708, "delta": 2.410535}}
{"target": 0.42606533857667306, "params": {"max_depth": 4.30317671379948, "n_estimators": 72.34328131443645}, "datetime": {"datetime": "2021-09-24 10:18:10", "elapsed": 360.87057, "delta": 2.379862}}
{"target": 0.44243788875967316, "params": {"max_depth": 3.999255132555395, "n_estimators": 78.21537784531742}, "datetime": {"datetime": "2021-09-24 10:18:12", "elapsed": 362.94526, "delta": 2.07469}}
{"target": 0.4391710089708075, "params": {"max_depth": 3.4242598558316955, "n_estimators": 50.74877032557532}, "datetime": {"datetime": "2021-09-24 10:18:14", "elapsed": 365.16069, "delta": 2.21543}}
{"target": 0.44259163103556476, "params": {"max_depth": 2.3578863335207165, "n_estimators": 52.15649422681924}, "datetime": {"datetime": "2021-09-24 10:18:17", "elapsed": 367.878027, "delta": 2.717337}}
{"target": 0.44400767174868927, "params": {"max_depth": 3.8288159525475125, "n_estimators": 95.97038066001156}, "datetime": {"datetime": "2021-09-24 10:18:19", "elapsed": 369.8848, "delta": 2.006773}}
{"target": 0.44376786516960753, "params": {"max_depth": 3.341561915220241, "n_estimators": 92.8868627505557}, "datetime": {"datetime": "2021-09-24 10:18:22", "elapsed": 372.493283, "delta": 2.608483}}
{"target": 0.4327198826264833, "params": {"max_depth": 4.6997732281375715, "n_estimators": 82.25582883858304}, "datetime": {"datetime": "2021-09-24 10:18:24", "elapsed": 374.480353, "delta": 1.98707}}
{"target": 0.442223340940743, "params": {"max_depth": 3.715709586385769, "n_estimators": 62.39486137704586}, "datetime": {"datetime": "2021-09-24 10:18:25", "elapsed": 376.254143, "delta": 1.77379}}
{"target": 0.3742022005693093, "params": {"max_depth": 9.73643698310733, "n_estimators": 42.65831496402657}, "datetime": {"datetime": "2021-09-24 10:18:27", "elapsed": 378.143434, "delta": 1.889291}}
{"target": 0.44484457635689234, "params": {"max_depth": 3.1899278975613505, "n_estimators": 94.94726151282082}, "datetime": {"datetime": "2021-09-24 10:18:29", "elapsed": 380.110378, "delta": 1.966944}}
{"target": 0.3968433361109288, "params": {"max_depth": 7.1219928574664815, "n_estimators": 87.62596608197317}, "datetime": {"datetime": "2021-09-24 10:18:32", "elapsed": 382.53089, "delta": 2.420512}}
{"target": 0.4394874515661905, "params": {"max_depth": 2.7827452448121015, "n_estimators": 60.104619010842505}, "datetime": {"datetime": "2021-09-24 10:18:34", "elapsed": 384.527209, "delta": 1.996319}}
{"target": 0.4329677714114717, "params": {"max_depth": 4.932178709421757, "n_estimators": 90.32484873960614}, "datetime": {"datetime": "2021-09-24 10:18:36", "elapsed": 386.89075, "delta": 2.363541}}
{"target": 0.4385396052354147, "params": {"max_depth": 2.691848038775135, "n_estimators": 80.53414831409285}, "datetime": {"datetime": "2021-09-24 10:18:39", "elapsed": 389.429648, "delta": 2.538898}}
{"target": 0.4445088257419405, "params": {"max_depth": 3.6078633576391304, "n_estimators": 81.92406658895578}, "datetime": {"datetime": "2021-09-24 10:18:40", "elapsed": 391.170741, "delta": 1.741093}}
{"target": 0.44495286028776493, "params": {"max_depth": 3.181602719960022, "n_estimators": 88.62475010559965}, "datetime": {"datetime": "2021-09-24 10:18:42", "elapsed": 393.269213, "delta": 2.098472}}
{"target": 0.4350250131034188, "params": {"max_depth": 3.417159100458905, "n_estimators": 9.52025051669835}, "datetime": {"datetime": "2021-09-24 10:18:44", "elapsed": 395.005255, "delta": 1.736042}}
{"target": 0.44622783939418587, "params": {"max_depth": 2.9538087729442184, "n_estimators": 47.86447699794929}, "datetime": {"datetime": "2021-09-24 10:18:46", "elapsed": 397.269874, "delta": 2.264619}}
{"target": 0.4449676596023293, "params": {"max_depth": 2.550893407046126, "n_estimators": 39.203194536835994}, "datetime": {"datetime": "2021-09-24 10:18:49", "elapsed": 399.408161, "delta": 2.138287}}
{"target": 0.4357756625169352, "params": {"max_depth": 3.1403856540239263, "n_estimators": 37.74776105468484}, "datetime": {"datetime": "2021-09-24 10:18:51", "elapsed": 401.533387, "delta": 2.125226}}
{"target": 0.37034932555708255, "params": {"max_depth": 9.873635051328272, "n_estimators": 37.49100714390171}, "datetime": {"datetime": "2021-09-24 10:18:53", "elapsed": 403.899467, "delta": 2.36608}}
{"target": 0.3974184750537382, "params": {"max_depth": 10.410232634181561, "n_estimators": 59.47314004520072}, "datetime": {"datetime": "2021-09-24 10:18:55", "elapsed": 406.022852, "delta": 2.123385}}
{"target": 0.438349535995074, "params": {"max_depth": 2.8896800893239116, "n_estimators": 32.39350048268598}, "datetime": {"datetime": "2021-09-24 10:18:57", "elapsed": 408.071728, "delta": 2.048876}}
{"target": 0.440501775616122, "params": {"max_depth": 3.3544540128715252, "n_estimators": 64.26416022108407}, "datetime": {"datetime": "2021-09-24 10:19:00", "elapsed": 410.586954, "delta": 2.515226}}
{"target": 0.3758545109915664, "params": {"max_depth": 7.4362322247207455, "n_estimators": 35.03792014461213}, "datetime": {"datetime": "2021-09-24 10:19:02", "elapsed": 412.521419, "delta": 1.934465}}
{"target": 0.43226595166097115, "params": {"max_depth": 4.595361159571471, "n_estimators": 86.2526760939015}, "datetime": {"datetime": "2021-09-24 10:19:04", "elapsed": 414.798111, "delta": 2.276692}}
{"target": 0.44079710876008504, "params": {"max_depth": 3.0788962082846956, "n_estimators": 98.3006860889884}, "datetime": {"datetime": "2021-09-24 10:19:06", "elapsed": 417.04683, "delta": 2.248719}}
{"target": 0.39889913943017274, "params": {"max_depth": 7.880286756323963, "n_estimators": 85.35021523262768}, "datetime": {"datetime": "2021-09-24 10:19:10", "elapsed": 420.337436, "delta": 3.290606}}
{"target": 0.43095789726666356, "params": {"max_depth": 3.0126186169474902, "n_estimators": 24.947409238372547}, "datetime": {"datetime": "2021-09-24 10:19:12", "elapsed": 423.041695, "delta": 2.704259}}
{"target": 0.44535968079071087, "params": {"max_depth": 3.7513900223944994, "n_estimators": 84.7926280008486}, "datetime": {"datetime": "2021-09-24 10:19:15", "elapsed": 425.456874, "delta": 2.415179}}
{"target": 0.4416350758172506, "params": {"max_depth": 3.358455297901286, "n_estimators": 77.65311445965769}, "datetime": {"datetime": "2021-09-24 10:19:17", "elapsed": 427.68464, "delta": 2.227766}}
{"target": 0.44239618068210995, "params": {"max_depth": 3.7875258705906876, "n_estimators": 59.15119077750205}, "datetime": {"datetime": "2021-09-24 10:19:19", "elapsed": 430.118056, "delta": 2.433416}}
{"target": 0.4459198734513451, "params": {"max_depth": 3.3091204518382185, "n_estimators": 83.08567866646463}, "datetime": {"datetime": "2021-09-24 10:19:22", "elapsed": 432.665769, "delta": 2.547713}}
{"target": 0.44442315726421866, "params": {"max_depth": 3.851931243487976, "n_estimators": 93.90141145447643}, "datetime": {"datetime": "2021-09-24 10:19:25", "elapsed": 435.328256, "delta": 2.662487}}
{"target": 0.4422530954852111, "params": {"max_depth": 2.584003879340789, "n_estimators": 14.933587374036454}, "datetime": {"datetime": "2021-09-24 10:19:26", "elapsed": 437.112981, "delta": 1.784725}}
{"target": 0.41893720898175646, "params": {"max_depth": 5.545984917067151, "n_estimators": 69.89093367815876}, "datetime": {"datetime": "2021-09-24 10:19:29", "elapsed": 439.765185, "delta": 2.652204}}
{"target": 0.41995480528813467, "params": {"max_depth": 5.4141809545345145, "n_estimators": 76.30461938046861}, "datetime": {"datetime": "2021-09-24 10:19:31", "elapsed": 442.171148, "delta": 2.405963}}
