{"target": -40.43449982505834, "params": {"max_depth": 13.093638136374645, "n_estimators": 72.31212485077366, "random_state": 1.0011437481734489}, "datetime": {"datetime": "2021-09-28 13:28:20", "elapsed": 0.0, "delta": 0.0}}
{"target": -41.62256668684303, "params": {"max_depth": 9.767644606323353, "n_estimators": 15.528833190894192, "random_state": 1.923385947687978}, "datetime": {"datetime": "2021-09-28 13:28:20", "elapsed": 0.08, "delta": 0.08}}
{"target": -39.97703903423516, "params": {"max_depth": 6.4015461299524565, "n_estimators": 35.210511977261724, "random_state": 4.967674742306699}, "datetime": {"datetime": "2021-09-28 13:28:21", "elapsed": 0.284001, "delta": 0.204001}}
{"target": -39.4414637663272, "params": {"max_depth": 16.62568528609735, "n_estimators": 42.50025692592619, "random_state": 7.852195003967595}, "datetime": {"datetime": "2021-09-28 13:28:21", "elapsed": 0.526003, "delta": 0.242002}}
{"target": -39.673934934045505, "params": {"max_depth": 6.929115242214006, "n_estimators": 87.93362620270359, "random_state": 1.2738759319792616}, "datetime": {"datetime": "2021-09-28 13:28:21", "elapsed": 1.015137, "delta": 0.489134}}
{"target": -39.744721690475515, "params": {"max_depth": 20.443557795173664, "n_estimators": 42.31317543434557, "random_state": 6.586898284457517}, "datetime": {"datetime": "2021-09-28 13:28:22", "elapsed": 1.45514, "delta": 0.440003}}
{"target": -38.76523421545869, "params": {"max_depth": 7.107949360263552, "n_estimators": 50.421903805300296, "random_state": 11.0}, "datetime": {"datetime": "2021-09-28 13:28:23", "elapsed": 2.599134, "delta": 1.143994}}
{"target": -45.00124657280924, "params": {"max_depth": 1.0, "n_estimators": 52.297077313446906, "random_state": 1.0}, "datetime": {"datetime": "2021-09-28 13:28:24", "elapsed": 3.331173, "delta": 0.732039}}
{"target": -39.53530892991161, "params": {"max_depth": 13.219068022268058, "n_estimators": 49.372934640229914, "random_state": 11.0}, "datetime": {"datetime": "2021-09-28 13:28:25", "elapsed": 4.626638, "delta": 1.295465}}
{"target": -39.375719342072266, "params": {"max_depth": 7.386339429535786, "n_estimators": 43.165896610407835, "random_state": 11.0}, "datetime": {"datetime": "2021-09-28 13:28:26", "elapsed": 5.313889, "delta": 0.687251}}
{"target": -39.92489790503343, "params": {"max_depth": 17.28947568368222, "n_estimators": 32.334193278575896, "random_state": 11.0}, "datetime": {"datetime": "2021-09-28 13:28:27", "elapsed": 6.247897, "delta": 0.934008}}
{"target": -38.99964205734594, "params": {"max_depth": 5.586657927851649, "n_estimators": 100.0, "random_state": 3.396752406895798}, "datetime": {"datetime": "2021-09-28 13:28:27", "elapsed": 7.215714, "delta": 0.967817}}
{"target": -45.3436903771935, "params": {"max_depth": 1.0, "n_estimators": 95.34614694505184, "random_state": 10.507451700817134}, "datetime": {"datetime": "2021-09-28 13:28:28", "elapsed": 7.94473, "delta": 0.729016}}
{"target": -40.03480987094378, "params": {"max_depth": 11.47284137483699, "n_estimators": 99.08627173540374, "random_state": 1.0}, "datetime": {"datetime": "2021-09-28 13:28:30", "elapsed": 9.248117, "delta": 1.303387}}
{"target": -40.432888878265175, "params": {"max_depth": 9.898013564961124, "n_estimators": 57.114474526742846, "random_state": 10.718739876763717}, "datetime": {"datetime": "2021-09-28 13:28:30", "elapsed": 10.02212, "delta": 0.774003}}
{"target": -38.96262775674133, "params": {"max_depth": 15.483125684907776, "n_estimators": 36.600950650410255, "random_state": 2.015489499888069}, "datetime": {"datetime": "2021-09-28 13:28:31", "elapsed": 10.969122, "delta": 0.947002}}
{"target": -40.87065712048488, "params": {"max_depth": 22.17980555545596, "n_estimators": 32.820165668388796, "random_state": 1.0}, "datetime": {"datetime": "2021-09-28 13:28:32", "elapsed": 11.580385, "delta": 0.611263}}
{"target": -40.618358609036385, "params": {"max_depth": 13.00642830905685, "n_estimators": 42.76389313107341, "random_state": 1.0}, "datetime": {"datetime": "2021-09-28 13:28:33", "elapsed": 12.299383, "delta": 0.718998}}
{"target": -38.55752665216113, "params": {"max_depth": 12.98968884716306, "n_estimators": 30.399163905707073, "random_state": 2.850576555016242}, "datetime": {"datetime": "2021-09-28 13:28:33", "elapsed": 13.084389, "delta": 0.785006}}
{"target": -41.478519452532424, "params": {"max_depth": 10.393490821646871, "n_estimators": 27.100494037918704, "random_state": 8.275747347531523}, "datetime": {"datetime": "2021-09-28 13:28:34", "elapsed": 13.882132, "delta": 0.797743}}
{"target": -40.0587073511581, "params": {"max_depth": 13.111635303774412, "n_estimators": 35.919467204476625, "random_state": 6.903671688746022}, "datetime": {"datetime": "2021-09-28 13:28:35", "elapsed": 14.688982, "delta": 0.80685}}
{"target": -41.1450828552784, "params": {"max_depth": 16.23950229622678, "n_estimators": 26.40890163954861, "random_state": 1.0}, "datetime": {"datetime": "2021-09-28 13:28:36", "elapsed": 15.292983, "delta": 0.604001}}
{"target": -40.88816235146982, "params": {"max_depth": 9.553733717770463, "n_estimators": 31.80166763341597, "random_state": 1.3609165115854351}, "datetime": {"datetime": "2021-09-28 13:28:36", "elapsed": 15.863182, "delta": 0.570199}}
{"target": -39.8945103133651, "params": {"max_depth": 10.057455108648902, "n_estimators": 55.07957771247151, "random_state": 9.26758262967855}, "datetime": {"datetime": "2021-09-28 13:28:37", "elapsed": 16.250182, "delta": 0.387}}
{"target": -40.67029490926702, "params": {"max_depth": 15.497927375369677, "n_estimators": 32.71141311363283, "random_state": 3.983014736242805}, "datetime": {"datetime": "2021-09-28 13:28:37", "elapsed": 17.057179, "delta": 0.806997}}
{"target": -40.147381128681054, "params": {"max_depth": 9.001825136752693, "n_estimators": 48.09256091118176, "random_state": 9.20650343323183}, "datetime": {"datetime": "2021-09-28 13:28:38", "elapsed": 17.698119, "delta": 0.64094}}
{"target": -39.197516044340894, "params": {"max_depth": 9.710029161255884, "n_estimators": 51.608040847152985, "random_state": 11.0}, "datetime": {"datetime": "2021-09-28 13:28:39", "elapsed": 18.512806, "delta": 0.814687}}
{"target": -40.574330363311454, "params": {"max_depth": 17.190372145127174, "n_estimators": 39.34516368650688, "random_state": 4.096216257333331}, "datetime": {"datetime": "2021-09-28 13:28:40", "elapsed": 19.316565, "delta": 0.803759}}
{"target": -38.427851902421075, "params": {"max_depth": 5.656969629125993, "n_estimators": 53.30769948760824, "random_state": 11.0}, "datetime": {"datetime": "2021-09-28 13:28:40", "elapsed": 19.999183, "delta": 0.682618}}
{"target": -41.02769253884011, "params": {"max_depth": 2.0699686855100277, "n_estimators": 51.59313362749199, "random_state": 10.623973038325717}, "datetime": {"datetime": "2021-09-28 13:28:41", "elapsed": 20.681182, "delta": 0.681999}}
{"target": -40.12814502431027, "params": {"max_depth": 6.227281711735083, "n_estimators": 52.85818102428061, "random_state": 7.665107962774002}, "datetime": {"datetime": "2021-09-28 13:28:42", "elapsed": 21.50944, "delta": 0.828258}}
{"target": -39.50980763033296, "params": {"max_depth": 5.904792989966209, "n_estimators": 97.11173961017631, "random_state": 1.0}, "datetime": {"datetime": "2021-09-28 13:28:43", "elapsed": 22.764428, "delta": 1.254988}}
{"target": -40.67925315910367, "params": {"max_depth": 2.359293735707766, "n_estimators": 100.0, "random_state": 1.0}, "datetime": {"datetime": "2021-09-28 13:28:44", "elapsed": 23.668725, "delta": 0.904297}}
{"target": -40.02829557318094, "params": {"max_depth": 7.918053532152308, "n_estimators": 97.27665142177183, "random_state": 4.814739999802995}, "datetime": {"datetime": "2021-09-28 13:28:45", "elapsed": 24.957668, "delta": 1.288943}}
{"target": -38.7186659668646, "params": {"max_depth": 4.839044000010438, "n_estimators": 56.513732686558974, "random_state": 11.0}, "datetime": {"datetime": "2021-09-28 13:28:46", "elapsed": 25.543603, "delta": 0.585935}}
{"target": -40.4677511399391, "params": {"max_depth": 12.535700899615149, "n_estimators": 42.34083029757094, "random_state": 11.0}, "datetime": {"datetime": "2021-09-28 13:28:47", "elapsed": 26.612599, "delta": 1.068996}}
{"target": -40.329596508903926, "params": {"max_depth": 18.235675494610636, "n_estimators": 46.868955868837595, "random_state": 9.064183396543468}, "datetime": {"datetime": "2021-09-28 13:28:48", "elapsed": 27.544892, "delta": 0.932293}}
{"target": -40.52086919973094, "params": {"max_depth": 2.65036415573781, "n_estimators": 59.87818898191538, "random_state": 11.0}, "datetime": {"datetime": "2021-09-28 13:28:49", "elapsed": 28.296894, "delta": 0.752002}}
{"target": -38.64957912907247, "params": {"max_depth": 12.290564393212499, "n_estimators": 37.32609061387117, "random_state": 2.0459648860093163}, "datetime": {"datetime": "2021-09-28 13:28:49", "elapsed": 29.057489, "delta": 0.760595}}
{"target": -39.711063975454834, "params": {"max_depth": 4.216869856340734, "n_estimators": 39.599578650666075, "random_state": 10.05630775674817}, "datetime": {"datetime": "2021-09-28 13:28:50", "elapsed": 29.562871, "delta": 0.505382}}
{"target": -40.94339709288376, "params": {"max_depth": 9.270278782179027, "n_estimators": 39.60387761224868, "random_state": 4.7344013143288874}, "datetime": {"datetime": "2021-09-28 13:28:51", "elapsed": 30.355862, "delta": 0.792991}}
{"target": -38.1922635648466, "params": {"max_depth": 12.529012105308551, "n_estimators": 34.52896903306881, "random_state": 2.0352126935365114}, "datetime": {"datetime": "2021-09-28 13:28:51", "elapsed": 31.190863, "delta": 0.835001}}
{"target": -39.83327435969392, "params": {"max_depth": 19.929003697736704, "n_estimators": 39.46614721237375, "random_state": 11.0}, "datetime": {"datetime": "2021-09-28 13:28:52", "elapsed": 32.065068, "delta": 0.874205}}
{"target": -40.37474668659467, "params": {"max_depth": 12.944419572346783, "n_estimators": 89.2273344433758, "random_state": 1.0}, "datetime": {"datetime": "2021-09-28 13:28:53", "elapsed": 33.044069, "delta": 0.979001}}
{"target": -39.53248528374433, "params": {"max_depth": 3.9755514595211587, "n_estimators": 82.69788356589663, "random_state": 1.0}, "datetime": {"datetime": "2021-09-28 13:28:54", "elapsed": 33.86523, "delta": 0.821161}}
{"target": -40.42007013783189, "params": {"max_depth": 13.600362087354926, "n_estimators": 35.528921196264555, "random_state": 1.0}, "datetime": {"datetime": "2021-09-28 13:28:55", "elapsed": 34.642996, "delta": 0.777766}}
{"target": -40.6304489855357, "params": {"max_depth": 12.901729682984096, "n_estimators": 34.77528678935692, "random_state": 3.378395217355671}, "datetime": {"datetime": "2021-09-28 13:28:56", "elapsed": 35.249995, "delta": 0.606999}}
{"target": -45.43311005074635, "params": {"max_depth": 1.4503130976962568, "n_estimators": 77.78583986537787, "random_state": 10.211379139990468}, "datetime": {"datetime": "2021-09-28 13:28:56", "elapsed": 35.653685, "delta": 0.40369}}
{"target": -40.3293137298252, "params": {"max_depth": 24.515221892461913, "n_estimators": 74.97736052283533, "random_state": 9.89528997346308}, "datetime": {"datetime": "2021-09-28 13:28:57", "elapsed": 36.318688, "delta": 0.665003}}
{"target": -40.84913508946767, "params": {"max_depth": 18.29556832802718, "n_estimators": 47.12312367158894, "random_state": 10.886695740776336}, "datetime": {"datetime": "2021-09-28 13:28:57", "elapsed": 36.880685, "delta": 0.561997}}
{"target": -40.03944836234562, "params": {"max_depth": 8.791654724731979, "n_estimators": 66.65343058583836, "random_state": 5.097326228426207}, "datetime": {"datetime": "2021-09-28 13:28:58", "elapsed": 37.425687, "delta": 0.545002}}
{"target": -39.810290194553694, "params": {"max_depth": 3.4218898896342558, "n_estimators": 21.024598834905618, "random_state": 3.9782278839211562}, "datetime": {"datetime": "2021-09-28 13:28:58", "elapsed": 37.746008, "delta": 0.320321}}
{"target": -41.139045330962595, "params": {"max_depth": 2.931218959181314, "n_estimators": 51.35304954055305, "random_state": 2.082188621176318}, "datetime": {"datetime": "2021-09-28 13:28:59", "elapsed": 38.248006, "delta": 0.501998}}
{"target": -40.332282124008664, "params": {"max_depth": 6.280704022243942, "n_estimators": 51.781270418481284, "random_state": 10.230230801512716}, "datetime": {"datetime": "2021-09-28 13:28:59", "elapsed": 38.883658, "delta": 0.635652}}
{"target": -39.70642229038055, "params": {"max_depth": 20.004022329976824, "n_estimators": 25.681081686349494, "random_state": 7.4285048848359505}, "datetime": {"datetime": "2021-09-28 13:29:00", "elapsed": 39.304717, "delta": 0.421059}}
{"target": -40.934645331404255, "params": {"max_depth": 29.76694491333659, "n_estimators": 85.92104235039295, "random_state": 10.04682136791482}, "datetime": {"datetime": "2021-09-28 13:29:00", "elapsed": 40.15831, "delta": 0.853593}}
{"target": -40.560757189173685, "params": {"max_depth": 14.200740325196055, "n_estimators": 51.34759341073195, "random_state": 3.4255535824471055}, "datetime": {"datetime": "2021-09-28 13:29:01", "elapsed": 40.671309, "delta": 0.512999}}
{"target": -39.8945103133651, "params": {"max_depth": 10.054445888978591, "n_estimators": 55.14671436082219, "random_state": 9.14408518600157}, "datetime": {"datetime": "2021-09-28 13:29:02", "elapsed": 41.22831, "delta": 0.557001}}
{"target": -40.10676993145122, "params": {"max_depth": 11.563428802216787, "n_estimators": 34.575773928360356, "random_state": 1.702443640398056}, "datetime": {"datetime": "2021-09-28 13:29:02", "elapsed": 41.94208, "delta": 0.71377}}
{"target": -39.56314450245774, "params": {"max_depth": 8.304147878873632, "n_estimators": 50.797570863583054, "random_state": 11.0}, "datetime": {"datetime": "2021-09-28 13:29:04", "elapsed": 43.343081, "delta": 1.401001}}
{"target": -40.107465704787515, "params": {"max_depth": 6.190280005457814, "n_estimators": 54.430458595361245, "random_state": 10.869761289263414}, "datetime": {"datetime": "2021-09-28 13:29:05", "elapsed": 44.315569, "delta": 0.972488}}
{"target": -40.59471585302172, "params": {"max_depth": 13.59182217021922, "n_estimators": 30.63952266552107, "random_state": 1.9307556327109912}, "datetime": {"datetime": "2021-09-28 13:29:05", "elapsed": 44.768572, "delta": 0.453003}}
{"target": -40.60004294442781, "params": {"max_depth": 12.826337626083518, "n_estimators": 33.76534791160343, "random_state": 1.313279143380879}, "datetime": {"datetime": "2021-09-28 13:29:06", "elapsed": 45.312571, "delta": 0.543999}}
{"target": -39.441213366094054, "params": {"max_depth": 13.082981253057811, "n_estimators": 37.27621950126153, "random_state": 2.5888949264796026}, "datetime": {"datetime": "2021-09-28 13:29:06", "elapsed": 46.070738, "delta": 0.758167}}
{"target": -40.99448559027189, "params": {"max_depth": 12.193476919809079, "n_estimators": 38.16289015861745, "random_state": 1.465452812381395}, "datetime": {"datetime": "2021-09-28 13:29:07", "elapsed": 46.760736, "delta": 0.689998}}
{"target": -39.67505850252767, "params": {"max_depth": 4.603494407695119, "n_estimators": 56.39085174835098, "random_state": 10.22294457499126}, "datetime": {"datetime": "2021-09-28 13:29:08", "elapsed": 47.354742, "delta": 0.594006}}
{"target": -40.28777296260086, "params": {"max_depth": 12.657353232747983, "n_estimators": 29.914495435601783, "random_state": 3.5576521481438697}, "datetime": {"datetime": "2021-09-28 13:29:08", "elapsed": 47.856623, "delta": 0.501881}}
{"target": -38.62407581792317, "params": {"max_depth": 12.615223465892685, "n_estimators": 36.68301390329771, "random_state": 2.0239095068214055}, "datetime": {"datetime": "2021-09-28 13:29:09", "elapsed": 48.452616, "delta": 0.595993}}
{"target": -40.36179216319279, "params": {"max_depth": 13.148251547723808, "n_estimators": 34.97729507218979, "random_state": 1.952084381792061}, "datetime": {"datetime": "2021-09-28 13:29:09", "elapsed": 49.200442, "delta": 0.747826}}
{"target": -39.72684656223916, "params": {"max_depth": 5.812604102744978, "n_estimators": 53.675373680420364, "random_state": 10.563204945479873}, "datetime": {"datetime": "2021-09-28 13:29:10", "elapsed": 49.859306, "delta": 0.658864}}
{"target": -39.68472286416013, "params": {"max_depth": 4.924662817583909, "n_estimators": 53.37393071813894, "random_state": 10.71546324987535}, "datetime": {"datetime": "2021-09-28 13:29:11", "elapsed": 50.608305, "delta": 0.748999}}
{"target": -38.55354297205479, "params": {"max_depth": 11.810496567914624, "n_estimators": 34.35282901419203, "random_state": 2.538357752107573}, "datetime": {"datetime": "2021-09-28 13:29:11", "elapsed": 51.181305, "delta": 0.573}}
{"target": -38.54056442593095, "params": {"max_depth": 12.235940745641132, "n_estimators": 35.20162410939643, "random_state": 2.2704930339980782}, "datetime": {"datetime": "2021-09-28 13:29:12", "elapsed": 51.888505, "delta": 0.7072}}
{"target": -38.918391282170376, "params": {"max_depth": 11.730876192846475, "n_estimators": 36.1832244796521, "random_state": 2.7118562058691356}, "datetime": {"datetime": "2021-09-28 13:29:13", "elapsed": 52.564507, "delta": 0.676002}}
{"target": -40.42942338448617, "params": {"max_depth": 13.125240244037538, "n_estimators": 31.25212320315841, "random_state": 3.2888340774492812}, "datetime": {"datetime": "2021-09-28 13:29:14", "elapsed": 53.543202, "delta": 0.978695}}
{"target": -40.40627366273245, "params": {"max_depth": 12.127018979033187, "n_estimators": 36.88980440930083, "random_state": 3.139271715833555}, "datetime": {"datetime": "2021-09-28 13:29:15", "elapsed": 54.288269, "delta": 0.745067}}
{"target": -39.45870381067904, "params": {"max_depth": 5.644084719931079, "n_estimators": 57.00644779390066, "random_state": 10.649975019481634}, "datetime": {"datetime": "2021-09-28 13:29:16", "elapsed": 55.261275, "delta": 0.973006}}
{"target": -40.385759566184134, "params": {"max_depth": 6.520164770544435, "n_estimators": 50.15651575753911, "random_state": 10.405801403731328}, "datetime": {"datetime": "2021-09-28 13:29:16", "elapsed": 55.976342, "delta": 0.715067}}
{"target": -38.918391282170376, "params": {"max_depth": 11.452810508541647, "n_estimators": 36.25379544002344, "random_state": 2.094918700459868}, "datetime": {"datetime": "2021-09-28 13:29:18", "elapsed": 57.230343, "delta": 1.254001}}
{"target": -38.1922635648466, "params": {"max_depth": 12.682546960660414, "n_estimators": 34.02774732711978, "random_state": 2.4149945598005287}, "datetime": {"datetime": "2021-09-28 13:29:19", "elapsed": 58.403346, "delta": 1.173003}}
{"target": -40.41699219145106, "params": {"max_depth": 16.250089094714575, "n_estimators": 36.59106526714069, "random_state": 1.0226947891442142}, "datetime": {"datetime": "2021-09-28 13:29:19", "elapsed": 59.115322, "delta": 0.711976}}
{"target": -39.04671270463649, "params": {"max_depth": 14.493407031050495, "n_estimators": 37.066554443827165, "random_state": 2.0793393103023075}, "datetime": {"datetime": "2021-09-28 13:29:20", "elapsed": 59.651905, "delta": 0.536583}}
{"target": -38.358264643288976, "params": {"max_depth": 12.096004821352896, "n_estimators": 33.42311480798553, "random_state": 2.726652890813611}, "datetime": {"datetime": "2021-09-28 13:29:21", "elapsed": 60.347885, "delta": 0.69598}}
{"target": -39.11438127412601, "params": {"max_depth": 15.40643833290243, "n_estimators": 37.74615412260421, "random_state": 2.951841862918673}, "datetime": {"datetime": "2021-09-28 13:29:21", "elapsed": 61.013886, "delta": 0.666001}}
{"target": -38.460513077269916, "params": {"max_depth": 12.728208531141954, "n_estimators": 29.79653774686706, "random_state": 2.3135389664771404}, "datetime": {"datetime": "2021-09-28 13:29:22", "elapsed": 61.479888, "delta": 0.466002}}
{"target": -39.627957666145534, "params": {"max_depth": 13.291123624946653, "n_estimators": 29.275774625234195, "random_state": 2.6675219296223744}, "datetime": {"datetime": "2021-09-28 13:29:22", "elapsed": 61.981343, "delta": 0.501455}}
{"target": -38.73698657889009, "params": {"max_depth": 6.5120987722322035, "n_estimators": 52.88156732270782, "random_state": 11.0}, "datetime": {"datetime": "2021-09-28 13:29:23", "elapsed": 62.767341, "delta": 0.785998}}
{"target": -38.55752665216113, "params": {"max_depth": 12.07008863973644, "n_estimators": 30.53663735278095, "random_state": 2.441901246864875}, "datetime": {"datetime": "2021-09-28 13:29:24", "elapsed": 63.464995, "delta": 0.697654}}
{"target": -39.176990070654696, "params": {"max_depth": 5.804381810072131, "n_estimators": 98.88028011952194, "random_state": 2.5350575430470492}, "datetime": {"datetime": "2021-09-28 13:29:25", "elapsed": 64.647484, "delta": 1.182489}}
{"target": -39.17921979470572, "params": {"max_depth": 6.9235593715768635, "n_estimators": 99.96116278765467, "random_state": 3.4461463602296085}, "datetime": {"datetime": "2021-09-28 13:29:26", "elapsed": 65.896893, "delta": 1.249409}}
{"target": -39.04703068376637, "params": {"max_depth": 5.912785899485884, "n_estimators": 98.64462264078354, "random_state": 3.9451553017438705}, "datetime": {"datetime": "2021-09-28 13:29:27", "elapsed": 66.691894, "delta": 0.795001}}
{"target": -39.7293792001614, "params": {"max_depth": 6.715558820404104, "n_estimators": 99.65928760688224, "random_state": 5.129545560915652}, "datetime": {"datetime": "2021-09-28 13:29:28", "elapsed": 67.93944, "delta": 1.247546}}
{"target": -39.65212737540105, "params": {"max_depth": 7.339288217419978, "n_estimators": 98.25818551910754, "random_state": 3.303613465907227}, "datetime": {"datetime": "2021-09-28 13:29:29", "elapsed": 68.984085, "delta": 1.044645}}
{"target": -40.533821200230506, "params": {"max_depth": 15.441533795325919, "n_estimators": 36.413502044049444, "random_state": 3.3233916467891276}, "datetime": {"datetime": "2021-09-28 13:29:30", "elapsed": 70.129757, "delta": 1.145672}}
