{"target": 0.4545791527872364, "params": {"max_depth": 3.6778095045665484, "n_estimators": 95.73252569785099}, "datetime": {"datetime": "2021-09-24 10:15:46", "elapsed": 213.760362, "delta": 1.65377}}
{"target": 0.43648443828039274, "params": {"max_depth": 5.839110828310763, "n_estimators": 59.98872446602549}, "datetime": {"datetime": "2021-09-24 10:15:47", "elapsed": 215.43361, "delta": 1.673248}}
{"target": 0.45548403072427623, "params": {"max_depth": 3.494311152412288, "n_estimators": 82.75105606504975}, "datetime": {"datetime": "2021-09-24 10:15:49", "elapsed": 216.991226, "delta": 1.557616}}
{"target": 0.4385153229290546, "params": {"max_depth": 5.035481412913795, "n_estimators": 85.61407765476719}, "datetime": {"datetime": "2021-09-24 10:15:51", "elapsed": 218.815968, "delta": 1.824742}}
{"target": 0.43448043530044367, "params": {"max_depth": 5.428573092218315, "n_estimators": 76.82479516185892}, "datetime": {"datetime": "2021-09-24 10:15:53", "elapsed": 220.769121, "delta": 1.953153}}
{"target": 0.4566827839001304, "params": {"max_depth": 3.9123919315054025, "n_estimators": 83.41482640185814}, "datetime": {"datetime": "2021-09-24 10:15:54", "elapsed": 222.357918, "delta": 1.588797}}
{"target": 0.4543603987437018, "params": {"max_depth": 3.9941169562713554, "n_estimators": 90.6998671521028}, "datetime": {"datetime": "2021-09-24 10:15:56", "elapsed": 224.171842, "delta": 1.813924}}
{"target": 0.4525867907323462, "params": {"max_depth": 3.5583437057071077, "n_estimators": 97.02518062897249}, "datetime": {"datetime": "2021-09-24 10:15:58", "elapsed": 225.897638, "delta": 1.725796}}
{"target": 0.42795019388939115, "params": {"max_depth": 3.6193420988113325, "n_estimators": 27.625013501432562}, "datetime": {"datetime": "2021-09-24 10:15:59", "elapsed": 227.362859, "delta": 1.465221}}
{"target": 0.45301830423028866, "params": {"max_depth": 3.232763191876208, "n_estimators": 78.60734613395354}, "datetime": {"datetime": "2021-09-24 10:16:01", "elapsed": 229.309943, "delta": 1.947084}}
{"target": 0.4446303630512337, "params": {"max_depth": 2.7408290983265036, "n_estimators": 60.54525548953969}, "datetime": {"datetime": "2021-09-24 10:16:02", "elapsed": 230.69186, "delta": 1.381917}}
{"target": 0.362321536531354, "params": {"max_depth": 1.4967429912220376, "n_estimators": 61.2825153456284}, "datetime": {"datetime": "2021-09-24 10:16:04", "elapsed": 231.983538, "delta": 1.291678}}
{"target": 0.3913685916150528, "params": {"max_depth": 10.054478950175907, "n_estimators": 41.03445694548325}, "datetime": {"datetime": "2021-09-24 10:16:05", "elapsed": 233.407157, "delta": 1.423619}}
{"target": 0.40418952544392184, "params": {"max_depth": 9.288454803654645, "n_estimators": 86.36779446543169}, "datetime": {"datetime": "2021-09-24 10:16:07", "elapsed": 235.150662, "delta": 1.743505}}
{"target": 0.42122087544362385, "params": {"max_depth": 7.1844191209576245, "n_estimators": 68.01426214147273}, "datetime": {"datetime": "2021-09-24 10:16:09", "elapsed": 236.751773, "delta": 1.601111}}
{"target": 0.3264072573828226, "params": {"max_depth": 8.092995691940937, "n_estimators": 13.376203593018902}, "datetime": {"datetime": "2021-09-24 10:16:10", "elapsed": 237.870207, "delta": 1.118434}}
{"target": 0.40640477124567587, "params": {"max_depth": 11.019446283244658, "n_estimators": 84.2535903806063}, "datetime": {"datetime": "2021-09-24 10:16:11", "elapsed": 239.640368, "delta": 1.770161}}
{"target": 0.4501147052248059, "params": {"max_depth": 3.598731999447613, "n_estimators": 61.72450392065056}, "datetime": {"datetime": "2021-09-24 10:16:13", "elapsed": 240.981803, "delta": 1.341435}}
{"target": 0.40603293789475536, "params": {"max_depth": 9.87889757938338, "n_estimators": 82.11546727253749}, "datetime": {"datetime": "2021-09-24 10:16:15", "elapsed": 243.09025, "delta": 2.108447}}
{"target": 0.4091610750696093, "params": {"max_depth": 6.628464409309663, "n_estimators": 40.43789155278005}, "datetime": {"datetime": "2021-09-24 10:16:16", "elapsed": 244.626753, "delta": 1.536503}}
{"target": 0.4314634575052142, "params": {"max_depth": 3.968625731348703, "n_estimators": 20.39723603544647}, "datetime": {"datetime": "2021-09-24 10:16:18", "elapsed": 245.959209, "delta": 1.332456}}
{"target": 0.419698185125162, "params": {"max_depth": 4.285914978042952, "n_estimators": 18.179591721854788}, "datetime": {"datetime": "2021-09-24 10:16:19", "elapsed": 247.212766, "delta": 1.253557}}
{"target": 0.4498876784905679, "params": {"max_depth": 3.4470454048377066, "n_estimators": 63.11886822687953}, "datetime": {"datetime": "2021-09-24 10:16:21", "elapsed": 248.826549, "delta": 1.613783}}
{"target": 0.40560537933634255, "params": {"max_depth": 9.857407572118497, "n_estimators": 79.06316152723787}, "datetime": {"datetime": "2021-09-24 10:16:22", "elapsed": 250.623677, "delta": 1.797128}}
{"target": 0.4334380451349633, "params": {"max_depth": 5.872913229673912, "n_estimators": 52.9407942963374}, "datetime": {"datetime": "2021-09-24 10:16:25", "elapsed": 252.847608, "delta": 2.223931}}
{"target": 0.4494273089969818, "params": {"max_depth": 3.1754147864383855, "n_estimators": 64.77025791384821}, "datetime": {"datetime": "2021-09-24 10:16:27", "elapsed": 254.942642, "delta": 2.095034}}
{"target": 0.4306994225329629, "params": {"max_depth": 6.164562514796553, "n_estimators": 65.52309465886744}, "datetime": {"datetime": "2021-09-24 10:16:28", "elapsed": 256.606182, "delta": 1.66354}}
{"target": 0.4110455614445666, "params": {"max_depth": 3.271972902317485, "n_estimators": 11.040771790162552}, "datetime": {"datetime": "2021-09-24 10:16:30", "elapsed": 257.759646, "delta": 1.153464}}
{"target": 0.4335916038436699, "params": {"max_depth": 3.155761377060102, "n_estimators": 33.732663780471476}, "datetime": {"datetime": "2021-09-24 10:16:32", "elapsed": 260.310747, "delta": 2.551101}}
{"target": 0.44381598585247506, "params": {"max_depth": 2.8795390876057025, "n_estimators": 66.03463028292235}, "datetime": {"datetime": "2021-09-24 10:16:34", "elapsed": 262.013455, "delta": 1.702708}}
{"target": 0.42465103601583987, "params": {"max_depth": 7.06409327322291, "n_estimators": 99.98593581921662}, "datetime": {"datetime": "2021-09-24 10:16:36", "elapsed": 264.25048, "delta": 2.237025}}
{"target": 0.4396567157495591, "params": {"max_depth": 5.781464548438741, "n_estimators": 95.8736057733835}, "datetime": {"datetime": "2021-09-24 10:16:39", "elapsed": 267.089118, "delta": 2.838638}}
{"target": 0.42117670427890497, "params": {"max_depth": 7.294342815043251, "n_estimators": 73.79287634827243}, "datetime": {"datetime": "2021-09-24 10:16:41", "elapsed": 269.637996, "delta": 2.548878}}
{"target": 0.4413906525643424, "params": {"max_depth": 4.301609686775956, "n_estimators": 52.43534327486454}, "datetime": {"datetime": "2021-09-24 10:16:43", "elapsed": 271.588573, "delta": 1.950577}}
{"target": 0.43963201633247817, "params": {"max_depth": 3.5317305705709923, "n_estimators": 42.082187660936924}, "datetime": {"datetime": "2021-09-24 10:16:46", "elapsed": 273.880764, "delta": 2.292191}}
{"target": 0.43938624364555035, "params": {"max_depth": 3.3788423119430653, "n_estimators": 45.7033218047114}, "datetime": {"datetime": "2021-09-24 10:16:48", "elapsed": 275.96377, "delta": 2.083006}}
{"target": 0.4332786775247103, "params": {"max_depth": 3.767111149360191, "n_estimators": 21.858190761376}, "datetime": {"datetime": "2021-09-24 10:16:49", "elapsed": 277.370602, "delta": 1.406832}}
{"target": 0.4181380587977399, "params": {"max_depth": 7.305634307279528, "n_estimators": 54.77205815612047}, "datetime": {"datetime": "2021-09-24 10:16:52", "elapsed": 279.831051, "delta": 2.460449}}
{"target": 0.4285542905592251, "params": {"max_depth": 6.0272011643076855, "n_estimators": 88.7715440426272}, "datetime": {"datetime": "2021-09-24 10:16:54", "elapsed": 281.969682, "delta": 2.138631}}
{"target": 0.43030873661604885, "params": {"max_depth": 6.576559219461567, "n_estimators": 91.61415916177172}, "datetime": {"datetime": "2021-09-24 10:16:56", "elapsed": 283.931504, "delta": 1.961822}}
{"target": 0.43729250011708976, "params": {"max_depth": 5.113784718939743, "n_estimators": 87.51583322151333}, "datetime": {"datetime": "2021-09-24 10:16:58", "elapsed": 286.269399, "delta": 2.337895}}
{"target": 0.4086369869517015, "params": {"max_depth": 10.801588233739556, "n_estimators": 98.24896349279703}, "datetime": {"datetime": "2021-09-24 10:17:00", "elapsed": 288.555416, "delta": 2.286017}}
{"target": 0.4463256479492259, "params": {"max_depth": 3.056697493316378, "n_estimators": 53.90227715472995}, "datetime": {"datetime": "2021-09-24 10:17:02", "elapsed": 290.524899, "delta": 1.969483}}
{"target": 0.43928986244554713, "params": {"max_depth": 5.0211910734351175, "n_estimators": 81.5864611908639}, "datetime": {"datetime": "2021-09-24 10:17:05", "elapsed": 292.794367, "delta": 2.269468}}
{"target": 0.44936918847300844, "params": {"max_depth": 4.992286793482288, "n_estimators": 91.36461222398229}, "datetime": {"datetime": "2021-09-24 10:17:06", "elapsed": 294.562809, "delta": 1.768442}}
{"target": 0.4461251436711965, "params": {"max_depth": 2.9881978014332486, "n_estimators": 86.36560427018347}, "datetime": {"datetime": "2021-09-24 10:17:09", "elapsed": 296.842694, "delta": 2.279885}}
{"target": 0.4453063386607006, "params": {"max_depth": 2.3951049644709985, "n_estimators": 87.39863691681262}, "datetime": {"datetime": "2021-09-24 10:17:11", "elapsed": 298.860852, "delta": 2.018158}}
{"target": 0.45574823165232947, "params": {"max_depth": 3.366842289624125, "n_estimators": 85.39259738856894}, "datetime": {"datetime": "2021-09-24 10:17:14", "elapsed": 301.830174, "delta": 2.969322}}
{"target": 0.4100488128684142, "params": {"max_depth": 2.0274416746509747, "n_estimators": 5.46866477902725}, "datetime": {"datetime": "2021-09-24 10:17:16", "elapsed": 303.874451, "delta": 2.044277}}
{"target": 0.4126312356862277, "params": {"max_depth": 3.9516611653184657, "n_estimators": 4.507629309102928}, "datetime": {"datetime": "2021-09-24 10:17:17", "elapsed": 305.640085, "delta": 1.765634}}
{"target": 0.4191449291708128, "params": {"max_depth": 7.981737137067472, "n_estimators": 57.542606404709794}, "datetime": {"datetime": "2021-09-24 10:17:20", "elapsed": 307.915159, "delta": 2.275074}}
{"target": 0.4307132336705277, "params": {"max_depth": 6.958556999308934, "n_estimators": 93.59337668443315}, "datetime": {"datetime": "2021-09-24 10:17:22", "elapsed": 309.85572, "delta": 1.940561}}
{"target": 0.402281847581772, "params": {"max_depth": 12.0, "n_estimators": 92.09683276954303}, "datetime": {"datetime": "2021-09-24 10:17:24", "elapsed": 312.136529, "delta": 2.280809}}
{"target": 0.45574823165232947, "params": {"max_depth": 3.9227442431993884, "n_estimators": 85.71794763288949}, "datetime": {"datetime": "2021-09-24 10:17:26", "elapsed": 314.350313, "delta": 2.213784}}
{"target": 0.3950532365500926, "params": {"max_depth": 12.0, "n_estimators": 55.31749023628641}, "datetime": {"datetime": "2021-09-24 10:17:28", "elapsed": 316.659627, "delta": 2.309314}}
{"target": 0.4545698412588426, "params": {"max_depth": 3.3426242207739367, "n_estimators": 87.5005672690784}, "datetime": {"datetime": "2021-09-24 10:17:31", "elapsed": 318.872346, "delta": 2.212719}}
{"target": 0.3515824462283307, "params": {"max_depth": 1.5455576251137444, "n_estimators": 73.98387915406882}, "datetime": {"datetime": "2021-09-24 10:17:32", "elapsed": 320.360242, "delta": 1.487896}}
{"target": 0.44279440696254446, "params": {"max_depth": 2.601281460504494, "n_estimators": 75.79075705302573}, "datetime": {"datetime": "2021-09-24 10:17:34", "elapsed": 322.223527, "delta": 1.863285}}
{"target": 0.3886912449931599, "params": {"max_depth": 11.996188240737707, "n_estimators": 45.72532861729665}, "datetime": {"datetime": "2021-09-24 10:17:36", "elapsed": 324.402252, "delta": 2.178725}}
{"target": 0.4507485532664036, "params": {"max_depth": 3.3429589718137667, "n_estimators": 71.9476203724195}, "datetime": {"datetime": "2021-09-24 10:17:38", "elapsed": 325.822299, "delta": 1.420047}}
{"target": 0.4245983598670401, "params": {"max_depth": 7.019960113705994, "n_estimators": 82.43504103589328}, "datetime": {"datetime": "2021-09-24 10:17:40", "elapsed": 327.794381, "delta": 1.972082}}
{"target": 0.43271274947523075, "params": {"max_depth": 6.2043477850266, "n_estimators": 83.9200178891817}, "datetime": {"datetime": "2021-09-24 10:17:42", "elapsed": 329.855952, "delta": 2.061571}}
{"target": 0.39741542000984575, "params": {"max_depth": 9.656901720230518, "n_estimators": 52.241786441427145}, "datetime": {"datetime": "2021-09-24 10:17:44", "elapsed": 331.931668, "delta": 2.075716}}
{"target": 0.44741056281328495, "params": {"max_depth": 4.5845501672020745, "n_estimators": 96.79096489121645}, "datetime": {"datetime": "2021-09-24 10:17:46", "elapsed": 334.146651, "delta": 2.214983}}
{"target": 0.4202644342780004, "params": {"max_depth": 7.7037360259182766, "n_estimators": 64.34538296517935}, "datetime": {"datetime": "2021-09-24 10:17:48", "elapsed": 335.88547, "delta": 1.738819}}
{"target": 0.44941344903656044, "params": {"max_depth": 3.7418873732497326, "n_estimators": 73.29952809260217}, "datetime": {"datetime": "2021-09-24 10:17:50", "elapsed": 338.565983, "delta": 2.680513}}
{"target": 0.43793445198715675, "params": {"max_depth": 5.57002826248795, "n_estimators": 55.592541037726264}, "datetime": {"datetime": "2021-09-24 10:17:52", "elapsed": 340.698856, "delta": 2.132873}}
{"target": 0.40094010175932193, "params": {"max_depth": 12.0, "n_estimators": 88.22681413662129}, "datetime": {"datetime": "2021-09-24 10:17:55", "elapsed": 343.112936, "delta": 2.41408}}
{"target": 0.4455335551790176, "params": {"max_depth": 4.274802136277333, "n_estimators": 60.09801017715273}, "datetime": {"datetime": "2021-09-24 10:17:57", "elapsed": 345.050941, "delta": 1.938005}}
{"target": 0.42761092245341015, "params": {"max_depth": 5.818618123115672, "n_estimators": 46.04065129284208}, "datetime": {"datetime": "2021-09-24 10:17:59", "elapsed": 346.87154, "delta": 1.820599}}
{"target": 0.404481633791811, "params": {"max_depth": 5.192272106782989, "n_estimators": 26.707782049284585}, "datetime": {"datetime": "2021-09-24 10:18:00", "elapsed": 348.54186, "delta": 1.67032}}
{"target": 0.4311319684394078, "params": {"max_depth": 4.780306666665758, "n_estimators": 36.0295854076412}, "datetime": {"datetime": "2021-09-24 10:18:02", "elapsed": 350.442085, "delta": 1.900225}}
{"target": 0.4512052294705061, "params": {"max_depth": 3.4237589983899883, "n_estimators": 68.48835703767077}, "datetime": {"datetime": "2021-09-24 10:18:04", "elapsed": 352.535119, "delta": 2.093034}}
{"target": 0.44489451575868777, "params": {"max_depth": 2.6212418648317963, "n_estimators": 56.56168445027124}, "datetime": {"datetime": "2021-09-24 10:18:06", "elapsed": 354.210732, "delta": 1.675613}}
{"target": 0.4481560678709138, "params": {"max_depth": 3.141687816293807, "n_estimators": 58.080189291136826}, "datetime": {"datetime": "2021-09-24 10:18:08", "elapsed": 356.435791, "delta": 2.225059}}
{"target": 0.41999704401954463, "params": {"max_depth": 7.060221474082968, "n_estimators": 86.0506931558211}, "datetime": {"datetime": "2021-09-24 10:18:12", "elapsed": 360.211242, "delta": 3.775451}}
{"target": 0.4463085685885527, "params": {"max_depth": 2.6965568280591916, "n_estimators": 85.35825720411033}, "datetime": {"datetime": "2021-09-24 10:18:14", "elapsed": 362.076905, "delta": 1.865663}}
{"target": 0.29582874455450525, "params": {"max_depth": 5.122170220143489, "n_estimators": 2.666778025028283}, "datetime": {"datetime": "2021-09-24 10:18:16", "elapsed": 364.167062, "delta": 2.090157}}
{"target": 0.4494273089969818, "params": {"max_depth": 3.439445141637686, "n_estimators": 64.0842872368818}, "datetime": {"datetime": "2021-09-24 10:18:18", "elapsed": 365.893743, "delta": 1.726681}}
{"target": 0.43914837415406605, "params": {"max_depth": 5.862184103554586, "n_estimators": 94.57851311198748}, "datetime": {"datetime": "2021-09-24 10:18:20", "elapsed": 367.881085, "delta": 1.987342}}
{"target": 0.4361913063315547, "params": {"max_depth": 5.06608462234007, "n_estimators": 79.78458844998359}, "datetime": {"datetime": "2021-09-24 10:18:22", "elapsed": 369.810166, "delta": 1.929081}}
{"target": 0.44736754920330546, "params": {"max_depth": 4.584303868233269, "n_estimators": 77.90771855833756}, "datetime": {"datetime": "2021-09-24 10:18:23", "elapsed": 371.67213, "delta": 1.861964}}
{"target": 0.4485031779739036, "params": {"max_depth": 4.136130120600862, "n_estimators": 78.70090035578167}, "datetime": {"datetime": "2021-09-24 10:18:25", "elapsed": 373.58104, "delta": 1.90891}}
{"target": 0.45489415492667973, "params": {"max_depth": 3.759267518590195, "n_estimators": 81.01648231812408}, "datetime": {"datetime": "2021-09-24 10:18:28", "elapsed": 375.814599, "delta": 2.233559}}
{"target": 0.44897683676918276, "params": {"max_depth": 4.07349188393708, "n_estimators": 80.48793197298372}, "datetime": {"datetime": "2021-09-24 10:18:30", "elapsed": 378.241969, "delta": 2.42737}}
{"target": 0.45489415492667973, "params": {"max_depth": 3.4066919948238428, "n_estimators": 81.75596652169375}, "datetime": {"datetime": "2021-09-24 10:18:32", "elapsed": 380.443504, "delta": 2.201535}}
{"target": 0.38837423751419864, "params": {"max_depth": 9.657337234343242, "n_estimators": 43.449844394272375}, "datetime": {"datetime": "2021-09-24 10:18:34", "elapsed": 382.074899, "delta": 1.631395}}
{"target": 0.444129572059874, "params": {"max_depth": 3.2884525261577187, "n_estimators": 52.79882899954408}, "datetime": {"datetime": "2021-09-24 10:18:36", "elapsed": 383.810225, "delta": 1.735326}}
{"target": 0.43297478982230897, "params": {"max_depth": 5.117062815990734, "n_estimators": 68.56335277420094}, "datetime": {"datetime": "2021-09-24 10:18:38", "elapsed": 385.855825, "delta": 2.0456}}
{"target": 0.44801635550223107, "params": {"max_depth": 4.211646998179287, "n_estimators": 94.3745007394059}, "datetime": {"datetime": "2021-09-24 10:18:40", "elapsed": 388.440695, "delta": 2.58487}}
{"target": 0.33721953838945185, "params": {"max_depth": 12.0, "n_estimators": 18.11023919440667}, "datetime": {"datetime": "2021-09-24 10:18:42", "elapsed": 390.558105, "delta": 2.11741}}
{"target": 0.45500136814645975, "params": {"max_depth": 3.4695191840573054, "n_estimators": 94.71945878709704}, "datetime": {"datetime": "2021-09-24 10:18:45", "elapsed": 393.014807, "delta": 2.456702}}
{"target": 0.43849882238629423, "params": {"max_depth": 5.4499797695037735, "n_estimators": 98.58223786855979}, "datetime": {"datetime": "2021-09-24 10:18:47", "elapsed": 395.299965, "delta": 2.285158}}
{"target": 0.44856441473402164, "params": {"max_depth": 4.688738199279215, "n_estimators": 95.87052200250139}, "datetime": {"datetime": "2021-09-24 10:18:49", "elapsed": 397.438491, "delta": 2.138526}}
{"target": 0.42228140598360653, "params": {"max_depth": 3.713154123239069, "n_estimators": 16.377614783372355}, "datetime": {"datetime": "2021-09-24 10:18:51", "elapsed": 399.209574, "delta": 1.771083}}
{"target": 0.3801965685407853, "params": {"max_depth": 5.051225699576515, "n_estimators": 17.08600734754203}, "datetime": {"datetime": "2021-09-24 10:18:53", "elapsed": 401.660177, "delta": 2.450603}}
{"target": 0.42904194922925176, "params": {"max_depth": 3.832303514062555, "n_estimators": 14.622711697728441}, "datetime": {"datetime": "2021-09-24 10:18:55", "elapsed": 403.425327, "delta": 1.76515}}
{"target": 0.4345193224428091, "params": {"max_depth": 2.4688176218724687, "n_estimators": 15.654483945833444}, "datetime": {"datetime": "2021-09-24 10:18:57", "elapsed": 405.242779, "delta": 1.817452}}
{"target": 0.42359731199804707, "params": {"max_depth": 5.971259295012929, "n_estimators": 44.50139293472312}, "datetime": {"datetime": "2021-09-24 10:18:59", "elapsed": 406.949068, "delta": 1.706289}}
{"target": 0.4473545041202789, "params": {"max_depth": 2.4965098996314627, "n_estimators": 47.093041313580635}, "datetime": {"datetime": "2021-09-24 10:19:02", "elapsed": 409.766017, "delta": 2.816949}}
{"target": 0.42110981407015835, "params": {"max_depth": 4.867445673067599, "n_estimators": 19.70623688156982}, "datetime": {"datetime": "2021-09-24 10:19:04", "elapsed": 412.110916, "delta": 2.344899}}
{"target": 0.39946461870745487, "params": {"max_depth": 3.288205908246983, "n_estimators": 5.701393756233705}, "datetime": {"datetime": "2021-09-24 10:19:06", "elapsed": 414.594404, "delta": 2.483488}}
{"target": 0.45541314895881013, "params": {"max_depth": 3.6065934306713667, "n_estimators": 86.92782878715519}, "datetime": {"datetime": "2021-09-24 10:19:09", "elapsed": 417.035717, "delta": 2.441313}}
{"target": 0.40014629570822013, "params": {"max_depth": 8.552524463248675, "n_estimators": 90.7463112431961}, "datetime": {"datetime": "2021-09-24 10:19:11", "elapsed": 419.416071, "delta": 2.380354}}
{"target": 0.42707203967863716, "params": {"max_depth": 6.273885745102707, "n_estimators": 71.18962546935192}, "datetime": {"datetime": "2021-09-24 10:19:14", "elapsed": 421.8709, "delta": 2.454829}}
{"target": 0.4520179831004071, "params": {"max_depth": 3.500954662071817, "n_estimators": 98.51668099094002}, "datetime": {"datetime": "2021-09-24 10:19:16", "elapsed": 424.295092, "delta": 2.424192}}
{"target": 0.451866678097271, "params": {"max_depth": 3.9832136170691212, "n_estimators": 70.5522294267979}, "datetime": {"datetime": "2021-09-24 10:19:19", "elapsed": 427.024643, "delta": 2.729551}}
{"target": 0.4490850408731165, "params": {"max_depth": 3.5358638232522868, "n_estimators": 72.7152884621941}, "datetime": {"datetime": "2021-09-24 10:19:22", "elapsed": 429.935519, "delta": 2.910876}}
{"target": 0.4507485532664036, "params": {"max_depth": 3.9546300418757023, "n_estimators": 71.76592626752435}, "datetime": {"datetime": "2021-09-24 10:19:24", "elapsed": 431.765391, "delta": 1.829872}}
