{"target": -45.547830022878564, "params": {"max_depth": 11.008528112861775, "n_estimators": 36.29590017866575}, "datetime": {"datetime": "2021-09-24 13:53:42", "elapsed": 0.0, "delta": 0.0}}
{"target": -49.26051546122638, "params": {"max_depth": 1.0027449956162773, "n_estimators": 15.81429605896015}, "datetime": {"datetime": "2021-09-24 13:53:42", "elapsed": 0.108986, "delta": 0.108986}}
{"target": -46.44509540057821, "params": {"max_depth": 4.522141379610713, "n_estimators": 5.524591143671092}, "datetime": {"datetime": "2021-09-24 13:53:42", "elapsed": 0.14499, "delta": 0.036004}}
{"target": -46.34237872881193, "params": {"max_depth": 5.470245073064102, "n_estimators": 17.93247562510934}, "datetime": {"datetime": "2021-09-24 13:53:43", "elapsed": 0.286989, "delta": 0.141999}}
{"target": -46.606916539215426, "params": {"max_depth": 10.522419381536078, "n_estimators": 27.40201996616449}, "datetime": {"datetime": "2021-09-24 13:53:43", "elapsed": 0.490989, "delta": 0.204}}
{"target": -45.90779333087953, "params": {"max_depth": 10.960168873235082, "n_estimators": 36.5254843315504}, "datetime": {"datetime": "2021-09-24 13:53:43", "elapsed": 0.911989, "delta": 0.421}}
{"target": -45.326427251170664, "params": {"max_depth": 11.431169312999142, "n_estimators": 34.979158849385385}, "datetime": {"datetime": "2021-09-24 13:53:44", "elapsed": 1.442273, "delta": 0.530284}}
{"target": -45.473787447155225, "params": {"max_depth": 9.708704267660679, "n_estimators": 35.00573262294032}, "datetime": {"datetime": "2021-09-24 13:53:45", "elapsed": 2.162931, "delta": 0.720658}}
{"target": -45.38636064920737, "params": {"max_depth": 13.391506740451298, "n_estimators": 35.87872777518735}, "datetime": {"datetime": "2021-09-24 13:53:45", "elapsed": 2.569931, "delta": 0.407}}
{"target": -45.90318935461672, "params": {"max_depth": 14.387963792982681, "n_estimators": 33.80896403153409}, "datetime": {"datetime": "2021-09-24 13:53:45", "elapsed": 3.038935, "delta": 0.469004}}
{"target": -45.84032700799618, "params": {"max_depth": 15.637915726456391, "n_estimators": 36.63711061226349}, "datetime": {"datetime": "2021-09-24 13:53:46", "elapsed": 3.981988, "delta": 0.943053}}
{"target": -45.86333152690798, "params": {"max_depth": 9.583535478848384, "n_estimators": 32.46265202579906}, "datetime": {"datetime": "2021-09-24 13:53:47", "elapsed": 4.542988, "delta": 0.561}}
{"target": -45.067955638364786, "params": {"max_depth": 7.129395396360344, "n_estimators": 34.1544135062387}, "datetime": {"datetime": "2021-09-24 13:53:47", "elapsed": 4.874987, "delta": 0.331999}}
{"target": -44.91206126128542, "params": {"max_depth": 6.479677109721904, "n_estimators": 35.8716325810939}, "datetime": {"datetime": "2021-09-24 13:53:48", "elapsed": 5.327586, "delta": 0.452599}}
{"target": -44.81387707487276, "params": {"max_depth": 5.075704991706745, "n_estimators": 34.60056613717623}, "datetime": {"datetime": "2021-09-24 13:53:49", "elapsed": 6.342991, "delta": 1.015405}}
{"target": -44.609883671725875, "params": {"max_depth": 4.311034998950206, "n_estimators": 36.55965287568842}, "datetime": {"datetime": "2021-09-24 13:53:49", "elapsed": 7.122109, "delta": 0.779118}}
{"target": -44.236922872642644, "params": {"max_depth": 2.622403293643037, "n_estimators": 35.29653960044857}, "datetime": {"datetime": "2021-09-24 13:53:50", "elapsed": 7.551401, "delta": 0.429292}}
{"target": -48.052322069366916, "params": {"max_depth": 1.753443003885405, "n_estimators": 37.11202877705433}, "datetime": {"datetime": "2021-09-24 13:53:50", "elapsed": 8.051223, "delta": 0.499822}}
{"target": -44.309667879248565, "params": {"max_depth": 3.290113041437545, "n_estimators": 33.99990663446082}, "datetime": {"datetime": "2021-09-24 13:53:51", "elapsed": 8.674669, "delta": 0.623446}}
{"target": -47.99253592946083, "params": {"max_depth": 1.6550058153013876, "n_estimators": 33.90321064582743}, "datetime": {"datetime": "2021-09-24 13:53:51", "elapsed": 9.120669, "delta": 0.446}}
{"target": -44.26163794009688, "params": {"max_depth": 3.6659897930348784, "n_estimators": 35.094322833345444}, "datetime": {"datetime": "2021-09-24 13:53:52", "elapsed": 9.388825, "delta": 0.268156}}
{"target": -44.59349055195483, "params": {"max_depth": 4.319613177343189, "n_estimators": 33.329484781094344}, "datetime": {"datetime": "2021-09-24 13:53:52", "elapsed": 9.804827, "delta": 0.416002}}
{"target": -45.003904173156265, "params": {"max_depth": 5.718786760211814, "n_estimators": 37.38852749633597}, "datetime": {"datetime": "2021-09-24 13:53:53", "elapsed": 10.269761, "delta": 0.464934}}
{"target": -45.070955347185134, "params": {"max_depth": 5.894094706879567, "n_estimators": 32.74974943119852}, "datetime": {"datetime": "2021-09-24 13:53:53", "elapsed": 10.585758, "delta": 0.315997}}
{"target": -44.935026863452094, "params": {"max_depth": 4.1433614010136, "n_estimators": 31.444472393649633}, "datetime": {"datetime": "2021-09-24 13:53:53", "elapsed": 10.963764, "delta": 0.378006}}
{"target": -45.20909945399393, "params": {"max_depth": 5.803001681098464, "n_estimators": 30.540687219074194}, "datetime": {"datetime": "2021-09-24 13:53:54", "elapsed": 11.258769, "delta": 0.295005}}
{"target": -44.48819510814761, "params": {"max_depth": 3.840931581491544, "n_estimators": 29.494378051904622}, "datetime": {"datetime": "2021-09-24 13:53:54", "elapsed": 11.641766, "delta": 0.382997}}
{"target": -44.52184092566212, "params": {"max_depth": 2.436171747261536, "n_estimators": 29.956509849825572}, "datetime": {"datetime": "2021-09-24 13:53:54", "elapsed": 12.148764, "delta": 0.506998}}
{"target": -44.531646015730615, "params": {"max_depth": 2.75764432990871, "n_estimators": 28.175696711560832}, "datetime": {"datetime": "2021-09-24 13:53:55", "elapsed": 12.388764, "delta": 0.24}}
{"target": -48.63348163038308, "params": {"max_depth": 1.1154682267432208, "n_estimators": 28.730804893127036}, "datetime": {"datetime": "2021-09-24 13:53:55", "elapsed": 12.74176, "delta": 0.352996}}
{"target": -44.821397404448454, "params": {"max_depth": 4.027524022436756, "n_estimators": 28.053185801633024}, "datetime": {"datetime": "2021-09-24 13:53:55", "elapsed": 13.024763, "delta": 0.283003}}
{"target": -44.41272108308924, "params": {"max_depth": 2.713595508237127, "n_estimators": 31.17037449207599}, "datetime": {"datetime": "2021-09-24 13:53:56", "elapsed": 13.332546, "delta": 0.307783}}
{"target": -44.62941743948776, "params": {"max_depth": 3.1289091468687675, "n_estimators": 26.62720147426962}, "datetime": {"datetime": "2021-09-24 13:53:56", "elapsed": 13.637167, "delta": 0.304621}}
{"target": -44.927224198965014, "params": {"max_depth": 4.661089474921169, "n_estimators": 25.782882485969207}, "datetime": {"datetime": "2021-09-24 13:53:56", "elapsed": 14.03614, "delta": 0.398973}}
{"target": -44.57601840249689, "params": {"max_depth": 2.9883693287483637, "n_estimators": 24.80609140680278}, "datetime": {"datetime": "2021-09-24 13:53:57", "elapsed": 14.788335, "delta": 0.752195}}
{"target": -44.782103169162774, "params": {"max_depth": 4.618118253997198, "n_estimators": 24.038042871677025}, "datetime": {"datetime": "2021-09-24 13:53:57", "elapsed": 15.109336, "delta": 0.321001}}
{"target": -44.71166052691233, "params": {"max_depth": 2.9843383945213637, "n_estimators": 23.065385655756195}, "datetime": {"datetime": "2021-09-24 13:53:58", "elapsed": 15.83972, "delta": 0.730384}}
{"target": -49.08653654089884, "params": {"max_depth": 1.315414795520959, "n_estimators": 23.959997230045502}, "datetime": {"datetime": "2021-09-24 13:53:59", "elapsed": 16.18461, "delta": 0.34489}}
{"target": -44.9029224530764, "params": {"max_depth": 4.229005306514571, "n_estimators": 22.249272328140517}, "datetime": {"datetime": "2021-09-24 13:53:59", "elapsed": 16.710609, "delta": 0.525999}}
{"target": -44.61470143810173, "params": {"max_depth": 2.771446065624441, "n_estimators": 20.951358947569656}, "datetime": {"datetime": "2021-09-24 13:53:59", "elapsed": 17.065602, "delta": 0.354993}}
{"target": -49.237888702034006, "params": {"max_depth": 1.3931730420273212, "n_estimators": 20.017612267531973}, "datetime": {"datetime": "2021-09-24 13:54:00", "elapsed": 17.506108, "delta": 0.440506}}
{"target": -45.007792506074324, "params": {"max_depth": 4.386142346787038, "n_estimators": 20.58394851333853}, "datetime": {"datetime": "2021-09-24 13:54:00", "elapsed": 17.796921, "delta": 0.290813}}
{"target": -46.06037711483468, "params": {"max_depth": 6.6089583782225265, "n_estimators": 24.59597988005385}, "datetime": {"datetime": "2021-09-24 13:54:00", "elapsed": 18.111059, "delta": 0.314138}}
{"target": -45.42568147809384, "params": {"max_depth": 7.655820388574246, "n_estimators": 37.5326268153828}, "datetime": {"datetime": "2021-09-24 13:54:01", "elapsed": 18.468057, "delta": 0.356998}}
{"target": -45.42522419687878, "params": {"max_depth": 6.246760679977898, "n_estimators": 28.076406262148083}, "datetime": {"datetime": "2021-09-24 13:54:01", "elapsed": 18.85328, "delta": 0.385223}}
{"target": -44.229669351038815, "params": {"max_depth": 3.2031955341753005, "n_estimators": 21.76373977360508}, "datetime": {"datetime": "2021-09-24 13:54:01", "elapsed": 19.148282, "delta": 0.295002}}
{"target": -45.12296573826417, "params": {"max_depth": 5.565545159421368, "n_estimators": 39.826550937462336}, "datetime": {"datetime": "2021-09-24 13:54:02", "elapsed": 19.556641, "delta": 0.408359}}
{"target": -45.19224121407809, "params": {"max_depth": 6.990331508111003, "n_estimators": 41.71798113008266}, "datetime": {"datetime": "2021-09-24 13:54:02", "elapsed": 20.097235, "delta": 0.540594}}
{"target": -44.46396572975045, "params": {"max_depth": 4.773684798744115, "n_estimators": 42.176608916872546}, "datetime": {"datetime": "2021-09-24 13:54:03", "elapsed": 20.485238, "delta": 0.388003}}
{"target": -44.207221210422375, "params": {"max_depth": 3.5753105211448215, "n_estimators": 41.15989107599236}, "datetime": {"datetime": "2021-09-24 13:54:03", "elapsed": 20.840241, "delta": 0.355003}}
{"target": -44.14889614221289, "params": {"max_depth": 3.1374549209387657, "n_estimators": 42.5800251433812}, "datetime": {"datetime": "2021-09-24 13:54:04", "elapsed": 21.398225, "delta": 0.557984}}
{"target": -48.362784784382185, "params": {"max_depth": 1.887985042118057, "n_estimators": 41.54243224580023}, "datetime": {"datetime": "2021-09-24 13:54:04", "elapsed": 21.751523, "delta": 0.353298}}
{"target": -44.24334276499552, "params": {"max_depth": 3.948220884517687, "n_estimators": 43.45768901303707}, "datetime": {"datetime": "2021-09-24 13:54:05", "elapsed": 22.241324, "delta": 0.489801}}
{"target": -44.26290944524208, "params": {"max_depth": 2.5861622826530315, "n_estimators": 44.214298596099574}, "datetime": {"datetime": "2021-09-24 13:54:05", "elapsed": 22.865322, "delta": 0.623998}}
{"target": -44.20387073320553, "params": {"max_depth": 3.7096039091260535, "n_estimators": 45.207748193397556}, "datetime": {"datetime": "2021-09-24 13:54:06", "elapsed": 23.320322, "delta": 0.455}}
{"target": -44.40375374330509, "params": {"max_depth": 2.2417848315935656, "n_estimators": 45.97725885124744}, "datetime": {"datetime": "2021-09-24 13:54:06", "elapsed": 23.729233, "delta": 0.408911}}
{"target": -44.18069973291282, "params": {"max_depth": 3.7070520974652608, "n_estimators": 46.86422130711063}, "datetime": {"datetime": "2021-09-24 13:54:07", "elapsed": 24.366459, "delta": 0.637226}}
{"target": -44.311009698722636, "params": {"max_depth": 2.2056475841314276, "n_estimators": 47.65149403188074}, "datetime": {"datetime": "2021-09-24 13:54:07", "elapsed": 24.779457, "delta": 0.412998}}
{"target": -45.10076320250861, "params": {"max_depth": 5.319207073416566, "n_estimators": 45.96482961329056}, "datetime": {"datetime": "2021-09-24 13:54:08", "elapsed": 25.283459, "delta": 0.504002}}
{"target": -44.091538165944755, "params": {"max_depth": 3.6680880443651205, "n_estimators": 48.8239896152547}, "datetime": {"datetime": "2021-09-24 13:54:08", "elapsed": 25.879135, "delta": 0.595676}}
{"target": -44.364321444669876, "params": {"max_depth": 2.165891487919388, "n_estimators": 49.75312343401011}, "datetime": {"datetime": "2021-09-24 13:54:09", "elapsed": 26.377845, "delta": 0.49871}}
{"target": -45.02122924045311, "params": {"max_depth": 5.0477776947920585, "n_estimators": 48.16766357022409}, "datetime": {"datetime": "2021-09-24 13:54:09", "elapsed": 26.80651, "delta": 0.428665}}
{"target": -44.462096369107485, "params": {"max_depth": 4.563698615296643, "n_estimators": 49.94911113736863}, "datetime": {"datetime": "2021-09-24 13:54:10", "elapsed": 27.285505, "delta": 0.478995}}
{"target": -48.20815565603133, "params": {"max_depth": 1.074122106617052, "n_estimators": 48.60978029762727}, "datetime": {"datetime": "2021-09-24 13:54:10", "elapsed": 27.922584, "delta": 0.637079}}
{"target": -44.110890380024536, "params": {"max_depth": 3.1007609677183376, "n_estimators": 49.63980654364612}, "datetime": {"datetime": "2021-09-24 13:54:11", "elapsed": 28.455735, "delta": 0.533151}}
{"target": -44.13768888961451, "params": {"max_depth": 3.1821336319010136, "n_estimators": 47.82110401400191}, "datetime": {"datetime": "2021-09-24 13:54:11", "elapsed": 29.015075, "delta": 0.55934}}
{"target": -44.90455087039245, "params": {"max_depth": 6.764903647684616, "n_estimators": 49.87180807501623}, "datetime": {"datetime": "2021-09-24 13:54:12", "elapsed": 29.676075, "delta": 0.661}}
{"target": -45.05435182454075, "params": {"max_depth": 5.678157514818673, "n_estimators": 43.89608248819502}, "datetime": {"datetime": "2021-09-24 13:54:13", "elapsed": 30.233365, "delta": 0.55729}}
{"target": -45.56262056951841, "params": {"max_depth": 9.131850583008834, "n_estimators": 49.608656794608784}, "datetime": {"datetime": "2021-09-24 13:54:13", "elapsed": 30.845365, "delta": 0.612}}
{"target": -48.29992192972018, "params": {"max_depth": 1.0530221468330696, "n_estimators": 44.889657649220396}, "datetime": {"datetime": "2021-09-24 13:54:14", "elapsed": 31.429341, "delta": 0.583976}}
{"target": -44.19691647198961, "params": {"max_depth": 3.9506144049162693, "n_estimators": 39.94773969525086}, "datetime": {"datetime": "2021-09-24 13:54:14", "elapsed": 32.013867, "delta": 0.584526}}
{"target": -44.619340448781365, "params": {"max_depth": 4.4573355896601505, "n_estimators": 40.83056789707052}, "datetime": {"datetime": "2021-09-24 13:54:15", "elapsed": 32.428435, "delta": 0.414568}}
{"target": -44.612164901701, "params": {"max_depth": 4.24422701268384, "n_estimators": 38.48411070465811}, "datetime": {"datetime": "2021-09-24 13:54:15", "elapsed": 32.970439, "delta": 0.542004}}
{"target": -46.27767919863066, "params": {"max_depth": 8.86281155208114, "n_estimators": 44.057794647711425}, "datetime": {"datetime": "2021-09-24 13:54:16", "elapsed": 33.507214, "delta": 0.536775}}
{"target": -44.3327957174445, "params": {"max_depth": 2.7539699251194207, "n_estimators": 46.779356415659876}, "datetime": {"datetime": "2021-09-24 13:54:16", "elapsed": 33.968421, "delta": 0.461207}}
{"target": -62.86466165413534, "params": {"max_depth": 23.795893348398963, "n_estimators": 1.8785626159784714}, "datetime": {"datetime": "2021-09-24 13:54:17", "elapsed": 34.363678, "delta": 0.395257}}
{"target": -45.55338345864662, "params": {"max_depth": 25.0, "n_estimators": 50.0}, "datetime": {"datetime": "2021-09-24 13:54:17", "elapsed": 35.130676, "delta": 0.766998}}
{"target": -46.95846759756534, "params": {"max_depth": 25.0, "n_estimators": 21.152560511203298}, "datetime": {"datetime": "2021-09-24 13:54:18", "elapsed": 35.583097, "delta": 0.452421}}
{"target": -45.73977626994315, "params": {"max_depth": 25.0, "n_estimators": 41.63112925343476}, "datetime": {"datetime": "2021-09-24 13:54:19", "elapsed": 36.508201, "delta": 0.925104}}
{"target": -48.11881351730975, "params": {"max_depth": 15.273353194880295, "n_estimators": 13.910604178801531}, "datetime": {"datetime": "2021-09-24 13:54:19", "elapsed": 36.958201, "delta": 0.45}}
{"target": -46.01033834586466, "params": {"max_depth": 25.0, "n_estimators": 32.60220830633929}, "datetime": {"datetime": "2021-09-24 13:54:20", "elapsed": 37.670562, "delta": 0.712361}}
{"target": -45.571867167919805, "params": {"max_depth": 17.974673493125923, "n_estimators": 50.0}, "datetime": {"datetime": "2021-09-24 13:54:21", "elapsed": 38.57594, "delta": 0.905378}}
{"target": -64.27105263157894, "params": {"max_depth": 11.47513237298572, "n_estimators": 1.1050977912921787}, "datetime": {"datetime": "2021-09-24 13:54:21", "elapsed": 39.065938, "delta": 0.489998}}
{"target": -45.79422976044763, "params": {"max_depth": 18.86821247539847, "n_estimators": 43.76170292776042}, "datetime": {"datetime": "2021-09-24 13:54:22", "elapsed": 39.824188, "delta": 0.75825}}
{"target": -46.57532720690616, "params": {"max_depth": 19.300502932230426, "n_estimators": 27.344196677903728}, "datetime": {"datetime": "2021-09-24 13:54:23", "elapsed": 40.482147, "delta": 0.657959}}
{"target": -48.114517061885486, "params": {"max_depth": 25.0, "n_estimators": 13.61919081614767}, "datetime": {"datetime": "2021-09-24 13:54:24", "elapsed": 41.197145, "delta": 0.714998}}
{"target": -52.57442336268094, "params": {"max_depth": 1.0, "n_estimators": 1.0}, "datetime": {"datetime": "2021-09-24 13:54:24", "elapsed": 41.680648, "delta": 0.483503}}
{"target": -45.84373094899411, "params": {"max_depth": 21.37285805147138, "n_estimators": 37.497767664225876}, "datetime": {"datetime": "2021-09-24 13:54:25", "elapsed": 42.381809, "delta": 0.701161}}
{"target": -46.930066094942575, "params": {"max_depth": 15.23801173512894, "n_estimators": 21.638135366494268}, "datetime": {"datetime": "2021-09-24 13:54:25", "elapsed": 42.99081, "delta": 0.609001}}
{"target": -47.810345678131675, "params": {"max_depth": 6.879561551855451, "n_estimators": 11.021758784533535}, "datetime": {"datetime": "2021-09-24 13:54:26", "elapsed": 43.529033, "delta": 0.538223}}
{"target": -46.38226166480738, "params": {"max_depth": 14.306225972831001, "n_estimators": 46.68199849001178}, "datetime": {"datetime": "2021-09-24 13:54:27", "elapsed": 44.263832, "delta": 0.734799}}
{"target": -46.81347599768652, "params": {"max_depth": 24.921028443511155, "n_estimators": 26.76327645173759}, "datetime": {"datetime": "2021-09-24 13:54:27", "elapsed": 44.927828, "delta": 0.663996}}
{"target": -45.76332134684537, "params": {"max_depth": 22.87977473651147, "n_estimators": 46.173261019333175}, "datetime": {"datetime": "2021-09-24 13:54:28", "elapsed": 45.713676, "delta": 0.785848}}
{"target": -46.01033834586466, "params": {"max_depth": 19.70547989965236, "n_estimators": 32.671768327317885}, "datetime": {"datetime": "2021-09-24 13:54:29", "elapsed": 46.412203, "delta": 0.698527}}
{"target": -48.101207711849405, "params": {"max_depth": 1.0, "n_estimators": 9.077047925916068}, "datetime": {"datetime": "2021-09-24 13:54:29", "elapsed": 47.065196, "delta": 0.652993}}
{"target": -47.057140699659676, "params": {"max_depth": 10.349608751088285, "n_estimators": 18.17711543852562}, "datetime": {"datetime": "2021-09-24 13:54:30", "elapsed": 47.625795, "delta": 0.560599}}
{"target": -47.47410192147034, "params": {"max_depth": 20.078452214431216, "n_estimators": 18.55619249625496}, "datetime": {"datetime": "2021-09-24 13:54:31", "elapsed": 48.433122, "delta": 0.807327}}
{"target": -45.84373094899411, "params": {"max_depth": 25.0, "n_estimators": 37.072043344289064}, "datetime": {"datetime": "2021-09-24 13:54:32", "elapsed": 49.206735, "delta": 0.773613}}
{"target": -45.95781265009214, "params": {"max_depth": 15.107513272285543, "n_estimators": 41.5123889368086}, "datetime": {"datetime": "2021-09-24 13:54:32", "elapsed": 50.034878, "delta": 0.828143}}
{"target": -47.84294068504595, "params": {"max_depth": 19.100227373978118, "n_estimators": 9.696783300094552}, "datetime": {"datetime": "2021-09-24 13:54:33", "elapsed": 50.707224, "delta": 0.672346}}
{"target": -46.29838627180195, "params": {"max_depth": 15.11014032369709, "n_estimators": 28.938435661775035}, "datetime": {"datetime": "2021-09-24 13:54:34", "elapsed": 51.386933, "delta": 0.679709}}
{"target": -45.55338345864662, "params": {"max_depth": 21.451241439516036, "n_estimators": 50.0}, "datetime": {"datetime": "2021-09-24 13:54:35", "elapsed": 52.241242, "delta": 0.854309}}
{"target": -45.4667046340518, "params": {"max_depth": 13.208116601915108, "n_estimators": 49.998089357240175}, "datetime": {"datetime": "2021-09-24 13:54:35", "elapsed": 52.960244, "delta": 0.719002}}
{"target": -45.88972431077695, "params": {"max_depth": 18.847614407360066, "n_estimators": 39.91383967705989}, "datetime": {"datetime": "2021-09-24 13:54:36", "elapsed": 53.726301, "delta": 0.766057}}
{"target": -46.86564236678653, "params": {"max_depth": 20.692461957293656, "n_estimators": 23.37331126902835}, "datetime": {"datetime": "2021-09-24 13:54:37", "elapsed": 54.377067, "delta": 0.650766}}
{"target": -49.15633278755228, "params": {"max_depth": 12.157166534589342, "n_estimators": 9.758822496828998}, "datetime": {"datetime": "2021-09-24 13:54:37", "elapsed": 54.961062, "delta": 0.583995}}
{"target": -46.63600601202326, "params": {"max_depth": 11.001229856706184, "n_estimators": 22.908145420171873}, "datetime": {"datetime": "2021-09-24 13:54:38", "elapsed": 55.572676, "delta": 0.611614}}
{"target": -45.73977626994315, "params": {"max_depth": 21.831048838309282, "n_estimators": 41.90914981556079}, "datetime": {"datetime": "2021-09-24 13:54:39", "elapsed": 56.351273, "delta": 0.778597}}
{"target": -45.86498160294353, "params": {"max_depth": 19.15562155004748, "n_estimators": 47.07458168978125}, "datetime": {"datetime": "2021-09-24 13:54:39", "elapsed": 57.058923, "delta": 0.70765}}
{"target": -46.08220551378445, "params": {"max_depth": 22.38085397472594, "n_estimators": 30.083108199507322}, "datetime": {"datetime": "2021-09-24 13:54:40", "elapsed": 57.799862, "delta": 0.740939}}
