{"target": -38.95491722866266, "params": {"max_depth": 7.219734327198533, "n_estimators": 85.84882181595827, "random_state": 2.0262399811714804}, "datetime": {"datetime": "2021-09-28 13:31:12", "elapsed": 172.024317, "delta": 1.295999}}
{"target": -39.664740298636005, "params": {"max_depth": 6.170718653691731, "n_estimators": 85.9366198949255, "random_state": 1.2340391408601872}, "datetime": {"datetime": "2021-09-28 13:31:14", "elapsed": 173.322317, "delta": 1.298}}
{"target": -40.46277697910602, "params": {"max_depth": 8.263550306056914, "n_estimators": 86.54954590551905, "random_state": 1.4149796838504394}, "datetime": {"datetime": "2021-09-28 13:31:15", "elapsed": 175.005519, "delta": 1.683202}}
{"target": -39.46113481112704, "params": {"max_depth": 7.977154345486333, "n_estimators": 86.25179193850606, "random_state": 3.6579455246419617}, "datetime": {"datetime": "2021-09-28 13:31:17", "elapsed": 176.372513, "delta": 1.366994}}
{"target": -39.79558186453323, "params": {"max_depth": 3.4447576829705966, "n_estimators": 89.91384387056125, "random_state": 5.04739301796263}, "datetime": {"datetime": "2021-09-28 13:31:18", "elapsed": 177.547379, "delta": 1.174866}}
{"target": -39.473213633851195, "params": {"max_depth": 6.3079129489882835, "n_estimators": 81.36651011518006, "random_state": 1.2852165782485727}, "datetime": {"datetime": "2021-09-28 13:31:19", "elapsed": 179.077063, "delta": 1.529684}}
{"target": -39.30245091231296, "params": {"max_depth": 8.063070941735207, "n_estimators": 84.94742033278716, "random_state": 2.5374987678184526}, "datetime": {"datetime": "2021-09-28 13:31:21", "elapsed": 180.294708, "delta": 1.217645}}
{"target": -39.606356821807054, "params": {"max_depth": 7.429593424397003, "n_estimators": 82.39343779352228, "random_state": 1.883056806739021}, "datetime": {"datetime": "2021-09-28 13:31:22", "elapsed": 181.50207, "delta": 1.207362}}
{"target": -39.03470399968327, "params": {"max_depth": 6.32509525509506, "n_estimators": 87.09546886408991, "random_state": 2.505830432645352}, "datetime": {"datetime": "2021-09-28 13:31:23", "elapsed": 182.87639, "delta": 1.37432}}
{"target": -39.904683689748666, "params": {"max_depth": 4.688066202724457, "n_estimators": 85.77290789651406, "random_state": 7.019553738788172}, "datetime": {"datetime": "2021-09-28 13:31:25", "elapsed": 184.239977, "delta": 1.363587}}
{"target": -38.358264643288976, "params": {"max_depth": 12.290665538162358, "n_estimators": 33.94682211383039, "random_state": 2.15066302378244}, "datetime": {"datetime": "2021-09-28 13:31:25", "elapsed": 185.144475, "delta": 0.904498}}
{"target": -41.07031448473622, "params": {"max_depth": 2.250879791214048, "n_estimators": 85.04780718031819, "random_state": 5.845099768287309}, "datetime": {"datetime": "2021-09-28 13:31:27", "elapsed": 186.409472, "delta": 1.264997}}
{"target": -38.96398993154867, "params": {"max_depth": 6.530311117544311, "n_estimators": 85.65370124418864, "random_state": 2.720912470529219}, "datetime": {"datetime": "2021-09-28 13:31:28", "elapsed": 187.537106, "delta": 1.127634}}
{"target": -38.96914395623497, "params": {"max_depth": 5.720165970845814, "n_estimators": 80.13681133680457, "random_state": 3.589969708675317}, "datetime": {"datetime": "2021-09-28 13:31:29", "elapsed": 188.8256, "delta": 1.288494}}
{"target": -39.4617194421641, "params": {"max_depth": 4.61489681043963, "n_estimators": 80.40324911618013, "random_state": 2.0901112944161726}, "datetime": {"datetime": "2021-09-28 13:31:31", "elapsed": 191.17653, "delta": 2.35093}}
{"target": -38.90309454336272, "params": {"max_depth": 5.502106696553148, "n_estimators": 81.4854532366793, "random_state": 3.0659126696347085}, "datetime": {"datetime": "2021-09-28 13:31:32", "elapsed": 192.209525, "delta": 1.032995}}
{"target": -39.3977534270674, "params": {"max_depth": 5.140011199013398, "n_estimators": 81.09558741546593, "random_state": 5.118739688216083}, "datetime": {"datetime": "2021-09-28 13:31:34", "elapsed": 193.530513, "delta": 1.320988}}
{"target": -38.546207922586554, "params": {"max_depth": 4.166636953981527, "n_estimators": 80.28060882744336, "random_state": 3.7363630908603565}, "datetime": {"datetime": "2021-09-28 13:31:35", "elapsed": 194.448105, "delta": 0.917592}}
{"target": -39.420346291808954, "params": {"max_depth": 3.998654722778845, "n_estimators": 78.81310642063173, "random_state": 3.8586954667226525}, "datetime": {"datetime": "2021-09-28 13:31:36", "elapsed": 195.778804, "delta": 1.330699}}
{"target": -39.17805052796331, "params": {"max_depth": 3.1255284269611647, "n_estimators": 80.5647799742087, "random_state": 4.314984033709902}, "datetime": {"datetime": "2021-09-28 13:31:37", "elapsed": 196.837315, "delta": 1.058511}}
{"target": -39.36714192440612, "params": {"max_depth": 4.669857234860578, "n_estimators": 79.800373621357, "random_state": 4.682210267153486}, "datetime": {"datetime": "2021-09-28 13:31:38", "elapsed": 198.084315, "delta": 1.247}}
{"target": -41.1434077193102, "params": {"max_depth": 2.7200749172067513, "n_estimators": 80.2977637478072, "random_state": 2.4401913240367548}, "datetime": {"datetime": "2021-09-28 13:31:40", "elapsed": 199.248868, "delta": 1.164553}}
{"target": -38.95212045018084, "params": {"max_depth": 6.663981047750319, "n_estimators": 80.31433254753547, "random_state": 2.5928762838850377}, "datetime": {"datetime": "2021-09-28 13:31:41", "elapsed": 200.531864, "delta": 1.282996}}
{"target": -39.27698077971922, "params": {"max_depth": 5.866784827729147, "n_estimators": 78.9945099881301, "random_state": 2.4846415313241055}, "datetime": {"datetime": "2021-09-28 13:31:42", "elapsed": 202.189372, "delta": 1.657508}}
{"target": -39.48359403528227, "params": {"max_depth": 7.459565105400674, "n_estimators": 79.09767791922737, "random_state": 3.2070992955434954}, "datetime": {"datetime": "2021-09-28 13:31:44", "elapsed": 203.230127, "delta": 1.040755}}
{"target": -39.59997858399503, "params": {"max_depth": 7.3860090487652785, "n_estimators": 80.11465685750042, "random_state": 1.1162824065418189}, "datetime": {"datetime": "2021-09-28 13:31:45", "elapsed": 204.436467, "delta": 1.20634}}
{"target": -38.554205419119576, "params": {"max_depth": 4.488512080085302, "n_estimators": 81.04464561579582, "random_state": 3.78297724741958}, "datetime": {"datetime": "2021-09-28 13:31:46", "elapsed": 206.087629, "delta": 1.651162}}
{"target": -40.06424521146548, "params": {"max_depth": 7.097075981504608, "n_estimators": 80.23739483997407, "random_state": 4.832059078055416}, "datetime": {"datetime": "2021-09-28 13:31:48", "elapsed": 207.562713, "delta": 1.475084}}
{"target": -40.97257215429131, "params": {"max_depth": 2.8991449638819384, "n_estimators": 80.93019289808902, "random_state": 6.205504971788903}, "datetime": {"datetime": "2021-09-28 13:31:49", "elapsed": 208.663358, "delta": 1.100645}}
{"target": -39.34023721885585, "params": {"max_depth": 6.478055296101713, "n_estimators": 76.95435283312919, "random_state": 3.6142254883409697}, "datetime": {"datetime": "2021-09-28 13:31:51", "elapsed": 210.641765, "delta": 1.978407}}
{"target": -39.70148805239228, "params": {"max_depth": 6.2709362175136345, "n_estimators": 77.05526158262442, "random_state": 1.6899789818560598}, "datetime": {"datetime": "2021-09-28 13:31:52", "elapsed": 211.622087, "delta": 0.980322}}
{"target": -39.455082744172145, "params": {"max_depth": 5.866771895348111, "n_estimators": 75.86521214443071, "random_state": 5.04524058873812}, "datetime": {"datetime": "2021-09-28 13:31:53", "elapsed": 212.690084, "delta": 1.067997}}
{"target": -39.965603317928185, "params": {"max_depth": 8.003588848866409, "n_estimators": 75.90923988532913, "random_state": 4.522569229573891}, "datetime": {"datetime": "2021-09-28 13:31:54", "elapsed": 213.714962, "delta": 1.024878}}
{"target": -39.36486233934264, "params": {"max_depth": 3.9279288096702936, "n_estimators": 75.75030183990047, "random_state": 3.8357831272096212}, "datetime": {"datetime": "2021-09-28 13:31:55", "elapsed": 214.78517, "delta": 1.070208}}
{"target": -39.34850112702047, "params": {"max_depth": 5.272940553684408, "n_estimators": 77.62060111584321, "random_state": 4.985251061345604}, "datetime": {"datetime": "2021-09-28 13:31:57", "elapsed": 216.549492, "delta": 1.764322}}
{"target": -39.32355794503745, "params": {"max_depth": 4.100790026241945, "n_estimators": 76.01795159050852, "random_state": 5.724600977842998}, "datetime": {"datetime": "2021-09-28 13:31:58", "elapsed": 217.850581, "delta": 1.301089}}
{"target": -39.13427502158553, "params": {"max_depth": 3.2951283035691734, "n_estimators": 77.34469326173485, "random_state": 4.966883158660748}, "datetime": {"datetime": "2021-09-28 13:32:00", "elapsed": 219.22336, "delta": 1.372779}}
{"target": -41.176409155398545, "params": {"max_depth": 2.2606226684759223, "n_estimators": 76.49803183183342, "random_state": 5.7210056877600595}, "datetime": {"datetime": "2021-09-28 13:32:01", "elapsed": 220.931296, "delta": 1.707936}}
{"target": -39.492084105068336, "params": {"max_depth": 4.004231084608463, "n_estimators": 77.49294288803594, "random_state": 2.946047744919034}, "datetime": {"datetime": "2021-09-28 13:32:03", "elapsed": 222.698292, "delta": 1.766996}}
{"target": -39.349956699564274, "params": {"max_depth": 4.623921812338757, "n_estimators": 73.59705465193356, "random_state": 4.9443965596540025}, "datetime": {"datetime": "2021-09-28 13:32:04", "elapsed": 224.204477, "delta": 1.506185}}
{"target": -39.666617338755636, "params": {"max_depth": 5.770204664772957, "n_estimators": 74.25658657046175, "random_state": 6.318728791439497}, "datetime": {"datetime": "2021-09-28 13:32:06", "elapsed": 225.503078, "delta": 1.298601}}
{"target": -39.50040470491741, "params": {"max_depth": 4.522389561529406, "n_estimators": 73.8023198209778, "random_state": 2.570012439031585}, "datetime": {"datetime": "2021-09-28 13:32:07", "elapsed": 226.97008, "delta": 1.467002}}
{"target": -38.55661654557456, "params": {"max_depth": 4.8830432312184815, "n_estimators": 84.34240433678175, "random_state": 3.8525370339018776}, "datetime": {"datetime": "2021-09-28 13:32:09", "elapsed": 228.859176, "delta": 1.889096}}
{"target": -39.35795495890629, "params": {"max_depth": 6.0229075101832565, "n_estimators": 74.48646169881306, "random_state": 3.5562163931591}, "datetime": {"datetime": "2021-09-28 13:32:11", "elapsed": 230.725808, "delta": 1.866632}}
{"target": -39.357800786173556, "params": {"max_depth": 5.4599221787876315, "n_estimators": 72.06821663478843, "random_state": 4.513995145943473}, "datetime": {"datetime": "2021-09-28 13:32:12", "elapsed": 231.725474, "delta": 0.999666}}
{"target": -39.55488543888121, "params": {"max_depth": 3.780361088354889, "n_estimators": 71.82080638652612, "random_state": 3.4564548418549146}, "datetime": {"datetime": "2021-09-28 13:32:13", "elapsed": 232.844477, "delta": 1.119003}}
{"target": -39.705793152963025, "params": {"max_depth": 5.2954033824526, "n_estimators": 76.56078015798685, "random_state": 6.853696922831743}, "datetime": {"datetime": "2021-09-28 13:32:14", "elapsed": 234.089302, "delta": 1.244825}}
{"target": -38.95610097140573, "params": {"max_depth": 6.37764820308959, "n_estimators": 72.60960517138506, "random_state": 2.8821769060428464}, "datetime": {"datetime": "2021-09-28 13:32:16", "elapsed": 235.407106, "delta": 1.317804}}
{"target": -39.685317473453395, "params": {"max_depth": 7.313628635939557, "n_estimators": 72.32103616276444, "random_state": 3.8343962811529897}, "datetime": {"datetime": "2021-09-28 13:32:17", "elapsed": 236.945108, "delta": 1.538002}}
{"target": -38.95969946397207, "params": {"max_depth": 7.436710819598124, "n_estimators": 73.04357441457228, "random_state": 2.240357150758512}, "datetime": {"datetime": "2021-09-28 13:32:19", "elapsed": 238.622921, "delta": 1.677813}}
{"target": -39.96098142052879, "params": {"max_depth": 5.923176627575092, "n_estimators": 71.1999676912875, "random_state": 1.8815494405066049}, "datetime": {"datetime": "2021-09-28 13:32:20", "elapsed": 239.912354, "delta": 1.289433}}
{"target": -39.73875486570819, "params": {"max_depth": 6.679148677720452, "n_estimators": 72.91365040863442, "random_state": 1.2236542153958998}, "datetime": {"datetime": "2021-09-28 13:32:22", "elapsed": 241.407514, "delta": 1.49516}}
{"target": -39.775978167831624, "params": {"max_depth": 7.781683390331434, "n_estimators": 74.6760397615288, "random_state": 1.6659347032114848}, "datetime": {"datetime": "2021-09-28 13:32:24", "elapsed": 243.917025, "delta": 2.509511}}
{"target": -40.629326663439, "params": {"max_depth": 8.703501700415885, "n_estimators": 71.63180715408524, "random_state": 1.603430507867837}, "datetime": {"datetime": "2021-09-28 13:32:26", "elapsed": 245.945218, "delta": 2.028193}}
{"target": -39.85345132419461, "params": {"max_depth": 3.2285386112729046, "n_estimators": 72.39259968748395, "random_state": 5.606307020273186}, "datetime": {"datetime": "2021-09-28 13:32:28", "elapsed": 247.389659, "delta": 1.444441}}
{"target": -38.99811306474906, "params": {"max_depth": 6.638592929248036, "n_estimators": 73.57592399415151, "random_state": 2.5072507096865593}, "datetime": {"datetime": "2021-09-28 13:32:29", "elapsed": 249.01065, "delta": 1.620991}}
{"target": -39.52011591260269, "params": {"max_depth": 3.7659016854059755, "n_estimators": 89.72230392893255, "random_state": 1.171749439723895}, "datetime": {"datetime": "2021-09-28 13:32:31", "elapsed": 250.34283, "delta": 1.33218}}
{"target": -40.80001189763516, "params": {"max_depth": 9.013784182965628, "n_estimators": 44.14855641234144, "random_state": 10.709660417950651}, "datetime": {"datetime": "2021-09-28 13:32:32", "elapsed": 251.664013, "delta": 1.321183}}
{"target": -40.30764751145261, "params": {"max_depth": 16.805711285380873, "n_estimators": 41.11192178575327, "random_state": 9.600700269995796}, "datetime": {"datetime": "2021-09-28 13:32:33", "elapsed": 252.944013, "delta": 1.28}}
{"target": -39.89282660979884, "params": {"max_depth": 17.267633658538863, "n_estimators": 43.46543752002364, "random_state": 6.207097242976852}, "datetime": {"datetime": "2021-09-28 13:32:35", "elapsed": 254.650012, "delta": 1.705999}}
{"target": -40.71167292593081, "params": {"max_depth": 2.182025497465914, "n_estimators": 75.44438230890354, "random_state": 1.9029626017358061}, "datetime": {"datetime": "2021-09-28 13:32:36", "elapsed": 256.114527, "delta": 1.464515}}
{"target": -39.75293344173683, "params": {"max_depth": 6.138355311931614, "n_estimators": 89.64975002923474, "random_state": 4.54660130593354}, "datetime": {"datetime": "2021-09-28 13:32:38", "elapsed": 257.345948, "delta": 1.231421}}
{"target": -41.124201287640076, "params": {"max_depth": 9.2711966768019, "n_estimators": 30.562271902171428, "random_state": 4.304952265497645}, "datetime": {"datetime": "2021-09-28 13:32:39", "elapsed": 258.453944, "delta": 1.107996}}
{"target": -39.3927726801013, "params": {"max_depth": 4.431567052474691, "n_estimators": 69.68948976631276, "random_state": 4.575023462897534}, "datetime": {"datetime": "2021-09-28 13:32:41", "elapsed": 260.332715, "delta": 1.878771}}
{"target": -39.73294466570896, "params": {"max_depth": 5.570362634726564, "n_estimators": 52.66394976708795, "random_state": 10.944706796794879}, "datetime": {"datetime": "2021-09-28 13:32:42", "elapsed": 261.956827, "delta": 1.624112}}
{"target": -39.652266556153684, "params": {"max_depth": 7.82379578471984, "n_estimators": 73.75832845098962, "random_state": 3.178430540048538}, "datetime": {"datetime": "2021-09-28 13:32:44", "elapsed": 263.391091, "delta": 1.434264}}
{"target": -39.10380367318604, "params": {"max_depth": 5.782804630343454, "n_estimators": 73.20002288185482, "random_state": 3.5177805203208115}, "datetime": {"datetime": "2021-09-28 13:32:45", "elapsed": 264.766725, "delta": 1.375634}}
{"target": -40.77979318968581, "params": {"max_depth": 2.8717804636398268, "n_estimators": 69.46702051467054, "random_state": 3.529668846472383}, "datetime": {"datetime": "2021-09-28 13:32:47", "elapsed": 266.376968, "delta": 1.610243}}
{"target": -39.282375589621886, "params": {"max_depth": 3.6863068508987813, "n_estimators": 56.46772169616865, "random_state": 11.0}, "datetime": {"datetime": "2021-09-28 13:32:48", "elapsed": 267.913011, "delta": 1.536043}}
{"target": -39.36048047477051, "params": {"max_depth": 4.174780949772192, "n_estimators": 85.09769252443888, "random_state": 4.367483325367324}, "datetime": {"datetime": "2021-09-28 13:32:50", "elapsed": 269.419734, "delta": 1.506723}}
{"target": -39.05604057930812, "params": {"max_depth": 5.14360436821621, "n_estimators": 76.19292053712756, "random_state": 3.2788484659218575}, "datetime": {"datetime": "2021-09-28 13:32:51", "elapsed": 271.084981, "delta": 1.665247}}
{"target": -39.344547906111146, "params": {"max_depth": 4.275974300702233, "n_estimators": 77.33274025180998, "random_state": 4.333836420836387}, "datetime": {"datetime": "2021-09-28 13:32:53", "elapsed": 272.949165, "delta": 1.864184}}
{"target": -39.41479166000855, "params": {"max_depth": 4.3249627761648135, "n_estimators": 81.7824774396375, "random_state": 2.5520673428797105}, "datetime": {"datetime": "2021-09-28 13:32:55", "elapsed": 274.523735, "delta": 1.57457}}
{"target": -39.59502641532801, "params": {"max_depth": 5.920054903560471, "n_estimators": 68.67495732806597, "random_state": 5.098377493416124}, "datetime": {"datetime": "2021-09-28 13:32:56", "elapsed": 275.887, "delta": 1.363265}}
{"target": -39.53470433721215, "params": {"max_depth": 5.215141080641979, "n_estimators": 70.69594283082182, "random_state": 6.856319341605934}, "datetime": {"datetime": "2021-09-28 13:32:58", "elapsed": 277.427659, "delta": 1.540659}}
{"target": -39.29528123754791, "params": {"max_depth": 5.246597523929356, "n_estimators": 75.20507280985449, "random_state": 2.3860382323237053}, "datetime": {"datetime": "2021-09-28 13:32:59", "elapsed": 278.810661, "delta": 1.383002}}
{"target": -38.546207922586554, "params": {"max_depth": 4.847895118189743, "n_estimators": 80.18193799784115, "random_state": 3.229936677266211}, "datetime": {"datetime": "2021-09-28 13:33:01", "elapsed": 280.545909, "delta": 1.735248}}
{"target": -39.51563621812673, "params": {"max_depth": 3.4785485930658218, "n_estimators": 94.79829980654516, "random_state": 1.3297070104201338}, "datetime": {"datetime": "2021-09-28 13:33:02", "elapsed": 281.949526, "delta": 1.403617}}
{"target": -39.77487061383966, "params": {"max_depth": 3.584446677403408, "n_estimators": 69.24732231404917, "random_state": 6.391913463936099}, "datetime": {"datetime": "2021-09-28 13:33:05", "elapsed": 284.568109, "delta": 2.618583}}
{"target": -39.190418445553114, "params": {"max_depth": 5.951074517952817, "n_estimators": 70.49121384777958, "random_state": 3.9574702114856724}, "datetime": {"datetime": "2021-09-28 13:33:07", "elapsed": 286.292397, "delta": 1.724288}}
{"target": -39.474026419596434, "params": {"max_depth": 6.927780716280707, "n_estimators": 69.28990888789669, "random_state": 3.440414994073219}, "datetime": {"datetime": "2021-09-28 13:33:08", "elapsed": 288.105678, "delta": 1.813281}}
{"target": -38.95001250827484, "params": {"max_depth": 5.033669974481773, "n_estimators": 86.34124431395657, "random_state": 3.42197563480691}, "datetime": {"datetime": "2021-09-28 13:33:10", "elapsed": 289.755471, "delta": 1.649793}}
{"target": -39.84455127207174, "params": {"max_depth": 6.620191169173801, "n_estimators": 70.58033233438222, "random_state": 5.4245089769233035}, "datetime": {"datetime": "2021-09-28 13:33:12", "elapsed": 291.492796, "delta": 1.737325}}
{"target": -39.55769588537098, "params": {"max_depth": 14.774720523248437, "n_estimators": 43.206415009142844, "random_state": 7.613792753389395}, "datetime": {"datetime": "2021-09-28 13:33:14", "elapsed": 293.354295, "delta": 1.861499}}
{"target": -41.16223840031996, "params": {"max_depth": 13.708202946621697, "n_estimators": 47.1312879063581, "random_state": 10.18012640551307}, "datetime": {"datetime": "2021-09-28 13:33:16", "elapsed": 295.393755, "delta": 2.03946}}
{"target": -41.04418883394376, "params": {"max_depth": 2.9581499365457002, "n_estimators": 99.97409714012387, "random_state": 6.636500141680968}, "datetime": {"datetime": "2021-09-28 13:33:18", "elapsed": 297.405295, "delta": 2.01154}}
{"target": -38.358264643288976, "params": {"max_depth": 12.803165639835047, "n_estimators": 33.18637343822178, "random_state": 2.8221034938032727}, "datetime": {"datetime": "2021-09-28 13:33:20", "elapsed": 299.226815, "delta": 1.82152}}
{"target": -39.66391006000893, "params": {"max_depth": 5.29235079796044, "n_estimators": 71.8074845742078, "random_state": 9.167450937758062}, "datetime": {"datetime": "2021-09-28 13:33:21", "elapsed": 300.631195, "delta": 1.40438}}
{"target": -39.35501734370543, "params": {"max_depth": 6.662805758065334, "n_estimators": 69.09072511411097, "random_state": 9.152222141396031}, "datetime": {"datetime": "2021-09-28 13:33:23", "elapsed": 302.991915, "delta": 2.36072}}
{"target": -40.07424980425565, "params": {"max_depth": 8.426846764046648, "n_estimators": 68.85128716953183, "random_state": 9.59163774532503}, "datetime": {"datetime": "2021-09-28 13:33:25", "elapsed": 305.040912, "delta": 2.048997}}
{"target": -39.59912018040837, "params": {"max_depth": 5.239881932192615, "n_estimators": 68.08831252225096, "random_state": 9.631041406221748}, "datetime": {"datetime": "2021-09-28 13:33:27", "elapsed": 306.340607, "delta": 1.299695}}
{"target": -40.03496089127852, "params": {"max_depth": 5.94214523420026, "n_estimators": 68.61250111920977, "random_state": 7.595932632997181}, "datetime": {"datetime": "2021-09-28 13:33:29", "elapsed": 308.281993, "delta": 1.941386}}
{"target": -38.52764211594999, "params": {"max_depth": 12.246864467801986, "n_estimators": 32.36091261490694, "random_state": 2.5809768316635084}, "datetime": {"datetime": "2021-09-28 13:33:30", "elapsed": 310.098659, "delta": 1.816666}}
