{"target": -45.04457925022425, "params": {"max_depth": 3.6314520945463213, "n_estimators": 5.944594373504748}, "datetime": {"datetime": "2021-09-24 14:05:38", "elapsed": 714.372594, "delta": 2.378191}}
{"target": -48.185557644110276, "params": {"max_depth": 17.007387583839353, "n_estimators": 20.673785416522804}, "datetime": {"datetime": "2021-09-24 14:05:41", "elapsed": 716.845593, "delta": 2.472999}}
{"target": -46.9498738927516, "params": {"max_depth": 11.08741537776098, "n_estimators": 44.29309650869165}, "datetime": {"datetime": "2021-09-24 14:05:44", "elapsed": 720.47486, "delta": 3.629267}}
{"target": -48.04838948477669, "params": {"max_depth": 1.918953148088467, "n_estimators": 39.24433327300058}, "datetime": {"datetime": "2021-09-24 14:05:47", "elapsed": 722.749379, "delta": 2.274519}}
{"target": -47.10025062656642, "params": {"max_depth": 21.270887709172406, "n_estimators": 39.48215038043411}, "datetime": {"datetime": "2021-09-24 14:05:49", "elapsed": 724.84027, "delta": 2.090891}}
{"target": -47.15258546373194, "params": {"max_depth": 11.6098467943972, "n_estimators": 28.101528666180993}, "datetime": {"datetime": "2021-09-24 14:05:51", "elapsed": 727.55318, "delta": 2.71291}}
{"target": -49.29787478136617, "params": {"max_depth": 1.4893243321203027, "n_estimators": 17.285677795402748}, "datetime": {"datetime": "2021-09-24 14:05:54", "elapsed": 729.915305, "delta": 2.362125}}
{"target": -48.859847605800844, "params": {"max_depth": 1.948670964582755, "n_estimators": 14.805668140145611}, "datetime": {"datetime": "2021-09-24 14:05:56", "elapsed": 732.15183, "delta": 2.236525}}
{"target": -44.59811509943643, "params": {"max_depth": 3.1346093163975874, "n_estimators": 15.573521995953417}, "datetime": {"datetime": "2021-09-24 14:05:58", "elapsed": 734.062439, "delta": 1.910609}}
{"target": -46.17705621145529, "params": {"max_depth": 5.419092937614489, "n_estimators": 14.585479761664516}, "datetime": {"datetime": "2021-09-24 14:06:02", "elapsed": 738.442264, "delta": 4.379825}}
{"target": -44.21908110816448, "params": {"max_depth": 3.510923883219302, "n_estimators": 14.494430842602409}, "datetime": {"datetime": "2021-09-24 14:06:05", "elapsed": 740.870079, "delta": 2.427815}}
{"target": -46.86033228231871, "params": {"max_depth": 15.446333129851674, "n_estimators": 31.583040794846656}, "datetime": {"datetime": "2021-09-24 14:06:07", "elapsed": 742.928516, "delta": 2.058437}}
{"target": -48.20804001411973, "params": {"max_depth": 6.7122184694273646, "n_estimators": 13.029472044070765}, "datetime": {"datetime": "2021-09-24 14:06:09", "elapsed": 744.834716, "delta": 1.9062}}
{"target": -48.03808002925677, "params": {"max_depth": 10.703383598280745, "n_estimators": 11.609981177269251}, "datetime": {"datetime": "2021-09-24 14:06:11", "elapsed": 747.318594, "delta": 2.483878}}
{"target": -45.184139422014375, "params": {"max_depth": 4.433779435622124, "n_estimators": 17.850739367606003}, "datetime": {"datetime": "2021-09-24 14:06:14", "elapsed": 750.392464, "delta": 3.07387}}
{"target": -47.82865553477007, "params": {"max_depth": 8.24806251457452, "n_estimators": 18.38826309989481}, "datetime": {"datetime": "2021-09-24 14:06:17", "elapsed": 753.090766, "delta": 2.698302}}
{"target": -47.02120317026332, "params": {"max_depth": 16.348681931808933, "n_estimators": 36.35578755906535}, "datetime": {"datetime": "2021-09-24 14:06:20", "elapsed": 756.539994, "delta": 3.449228}}
{"target": -51.37218045112782, "params": {"max_depth": 19.611406651218047, "n_estimators": 4.063429496856019}, "datetime": {"datetime": "2021-09-24 14:06:23", "elapsed": 759.115182, "delta": 2.575188}}
{"target": -47.12900309358347, "params": {"max_depth": 8.066058111546619, "n_estimators": 25.67021338166569}, "datetime": {"datetime": "2021-09-24 14:06:26", "elapsed": 762.196687, "delta": 3.081505}}
{"target": -47.51616581511921, "params": {"max_depth": 10.727077164472341, "n_estimators": 16.421622377177798}, "datetime": {"datetime": "2021-09-24 14:06:28", "elapsed": 764.295556, "delta": 2.098869}}
{"target": -44.37821553574361, "params": {"max_depth": 2.2199963455587852, "n_estimators": 34.789387105309956}, "datetime": {"datetime": "2021-09-24 14:06:32", "elapsed": 767.994637, "delta": 3.699081}}
{"target": -44.322371060797956, "params": {"max_depth": 2.331205534809019, "n_estimators": 36.206343852350145}, "datetime": {"datetime": "2021-09-24 14:06:34", "elapsed": 770.050149, "delta": 2.055512}}
{"target": -46.48995244081264, "params": {"max_depth": 9.969463814089098, "n_estimators": 46.50145409424704}, "datetime": {"datetime": "2021-09-24 14:06:38", "elapsed": 773.66266, "delta": 3.612511}}
{"target": -44.31425644223776, "params": {"max_depth": 2.4803869443405713, "n_estimators": 33.77802472804763}, "datetime": {"datetime": "2021-09-24 14:06:40", "elapsed": 776.512025, "delta": 2.849365}}
{"target": -44.93170386192605, "params": {"max_depth": 3.321679651201565, "n_estimators": 7.791991683021474}, "datetime": {"datetime": "2021-09-24 14:06:43", "elapsed": 778.693326, "delta": 2.181301}}
{"target": -46.987497814303204, "params": {"max_depth": 18.387893590280807, "n_estimators": 43.142133621900534}, "datetime": {"datetime": "2021-09-24 14:06:45", "elapsed": 781.10409, "delta": 2.410764}}
{"target": -49.40601503759398, "params": {"max_depth": 24.982305482330386, "n_estimators": 11.15267146974568}, "datetime": {"datetime": "2021-09-24 14:06:47", "elapsed": 783.158409, "delta": 2.054319}}
{"target": -46.99350649350648, "params": {"max_depth": 23.624049735467874, "n_estimators": 44.335288366471445}, "datetime": {"datetime": "2021-09-24 14:06:49", "elapsed": 785.365429, "delta": 2.20702}}
{"target": -49.67543205280517, "params": {"max_depth": 12.71079065071853, "n_estimators": 8.357827577234758}, "datetime": {"datetime": "2021-09-24 14:06:51", "elapsed": 787.435903, "delta": 2.070474}}
{"target": -45.21627749367138, "params": {"max_depth": 4.97288181159137, "n_estimators": 19.699908578637952}, "datetime": {"datetime": "2021-09-24 14:06:54", "elapsed": 790.199855, "delta": 2.763952}}
{"target": -46.12763961022706, "params": {"max_depth": 6.224878093055838, "n_estimators": 48.8441512532602}, "datetime": {"datetime": "2021-09-24 14:06:57", "elapsed": 792.821149, "delta": 2.621294}}
{"target": -50.79024943310658, "params": {"max_depth": 16.834505781617334, "n_estimators": 6.87392498141012}, "datetime": {"datetime": "2021-09-24 14:07:00", "elapsed": 796.212884, "delta": 3.391735}}
{"target": -45.54777563283219, "params": {"max_depth": 5.535648617656062, "n_estimators": 34.08140478816261}, "datetime": {"datetime": "2021-09-24 14:07:02", "elapsed": 798.507422, "delta": 2.294538}}
{"target": -46.95553168635876, "params": {"max_depth": 23.611019190302788, "n_estimators": 35.021895666863394}, "datetime": {"datetime": "2021-09-24 14:07:05", "elapsed": 800.872289, "delta": 2.364867}}
{"target": -47.516176361255255, "params": {"max_depth": 8.144688381749194, "n_estimators": 22.47254975992805}, "datetime": {"datetime": "2021-09-24 14:07:07", "elapsed": 803.461317, "delta": 2.589028}}
{"target": -46.76022349289027, "params": {"max_depth": 14.337937664747527, "n_estimators": 47.29524700784946}, "datetime": {"datetime": "2021-09-24 14:07:10", "elapsed": 806.239257, "delta": 2.77794}}
{"target": -47.704151683556724, "params": {"max_depth": 18.294082009370076, "n_estimators": 23.46657402560718}, "datetime": {"datetime": "2021-09-24 14:07:12", "elapsed": 808.567111, "delta": 2.327854}}
{"target": -45.137342622257215, "params": {"max_depth": 4.105562062616415, "n_estimators": 38.05685237107982}, "datetime": {"datetime": "2021-09-24 14:07:15", "elapsed": 811.223448, "delta": 2.656337}}
{"target": -48.07586613592806, "params": {"max_depth": 15.172699765550252, "n_estimators": 17.34338408291872}, "datetime": {"datetime": "2021-09-24 14:07:18", "elapsed": 814.284629, "delta": 3.061181}}
{"target": -44.458043155518304, "params": {"max_depth": 2.597013329534704, "n_estimators": 49.0544736984125}, "datetime": {"datetime": "2021-09-24 14:07:21", "elapsed": 817.159469, "delta": 2.87484}}
{"target": -46.86181362497152, "params": {"max_depth": 19.168419036416697, "n_estimators": 44.775014734039026}, "datetime": {"datetime": "2021-09-24 14:07:24", "elapsed": 819.705631, "delta": 2.546162}}
{"target": -47.319937775473164, "params": {"max_depth": 23.467770128192818, "n_estimators": 29.82103263675746}, "datetime": {"datetime": "2021-09-24 14:07:26", "elapsed": 822.009339, "delta": 2.303708}}
{"target": -46.940993788819874, "params": {"max_depth": 22.79989137661981, "n_estimators": 46.94036533110007}, "datetime": {"datetime": "2021-09-24 14:07:29", "elapsed": 825.339029, "delta": 3.32969}}
{"target": -46.46526876920252, "params": {"max_depth": 10.079651056883739, "n_estimators": 41.64824017799869}, "datetime": {"datetime": "2021-09-24 14:07:32", "elapsed": 827.900846, "delta": 2.561817}}
{"target": -46.69171361344366, "params": {"max_depth": 8.485321578577386, "n_estimators": 37.196833751522725}, "datetime": {"datetime": "2021-09-24 14:07:34", "elapsed": 830.329497, "delta": 2.428651}}
{"target": -45.831421409420365, "params": {"max_depth": 5.508001711874308, "n_estimators": 32.28918326088313}, "datetime": {"datetime": "2021-09-24 14:07:36", "elapsed": 832.555066, "delta": 2.225569}}
{"target": -48.37928743580395, "params": {"max_depth": 1.9337960013058613, "n_estimators": 12.700866555504279}, "datetime": {"datetime": "2021-09-24 14:07:39", "elapsed": 835.496339, "delta": 2.941273}}
{"target": -47.86324158347984, "params": {"max_depth": 6.331220836033372, "n_estimators": 16.80520151442666}, "datetime": {"datetime": "2021-09-24 14:07:42", "elapsed": 838.18033, "delta": 2.683991}}
{"target": -48.48170853656895, "params": {"max_depth": 1.6608642051772573, "n_estimators": 28.008895655532058}, "datetime": {"datetime": "2021-09-24 14:07:46", "elapsed": 841.687152, "delta": 3.506822}}
{"target": -44.26019076820082, "params": {"max_depth": 3.0324139161144767, "n_estimators": 12.244412689209653}, "datetime": {"datetime": "2021-09-24 14:07:49", "elapsed": 844.734442, "delta": 3.04729}}
{"target": -45.04457925022425, "params": {"max_depth": 3.3394107658554733, "n_estimators": 5.105063711661554}, "datetime": {"datetime": "2021-09-24 14:07:53", "elapsed": 849.148623, "delta": 4.414181}}
{"target": -46.92661140029561, "params": {"max_depth": 19.329902106497993, "n_estimators": 39.95403078901271}, "datetime": {"datetime": "2021-09-24 14:07:57", "elapsed": 852.95001, "delta": 3.801387}}
{"target": -45.08972019205661, "params": {"max_depth": 4.821075511942075, "n_estimators": 40.968027950403915}, "datetime": {"datetime": "2021-09-24 14:08:00", "elapsed": 856.246396, "delta": 3.296386}}
{"target": -46.2724990217635, "params": {"max_depth": 7.6970881355946, "n_estimators": 49.978444499443164}, "datetime": {"datetime": "2021-09-24 14:08:03", "elapsed": 859.244577, "delta": 2.998181}}
{"target": -46.580391572899195, "params": {"max_depth": 6.911361527191083, "n_estimators": 46.64783316604817}, "datetime": {"datetime": "2021-09-24 14:08:06", "elapsed": 862.517443, "delta": 3.272866}}
{"target": -47.10025062656642, "params": {"max_depth": 23.684155789872744, "n_estimators": 39.48779351013434}, "datetime": {"datetime": "2021-09-24 14:08:10", "elapsed": 866.339165, "delta": 3.821722}}
{"target": -45.3771701370063, "params": {"max_depth": 5.6214385217805045, "n_estimators": 47.502447605651035}, "datetime": {"datetime": "2021-09-24 14:08:13", "elapsed": 869.634148, "delta": 3.294983}}
{"target": -44.47493647002063, "params": {"max_depth": 3.1705904195484553, "n_estimators": 43.30633562562354}, "datetime": {"datetime": "2021-09-24 14:08:17", "elapsed": 873.073847, "delta": 3.439699}}
{"target": -44.24118733794636, "params": {"max_depth": 2.415003489195221, "n_estimators": 16.463444175606824}, "datetime": {"datetime": "2021-09-24 14:08:20", "elapsed": 875.656665, "delta": 2.582818}}
{"target": -48.113157894736844, "params": {"max_depth": 19.453919881563547, "n_estimators": 20.355116391691368}, "datetime": {"datetime": "2021-09-24 14:08:23", "elapsed": 879.361586, "delta": 3.704921}}
{"target": -48.515037593984964, "params": {"max_depth": 20.26487875682398, "n_estimators": 14.629880030857533}, "datetime": {"datetime": "2021-09-24 14:08:28", "elapsed": 884.497701, "delta": 5.136115}}
{"target": -46.91223062383837, "params": {"max_depth": 7.866387692158095, "n_estimators": 42.938457683492985}, "datetime": {"datetime": "2021-09-24 14:08:34", "elapsed": 889.939284, "delta": 5.441583}}
{"target": -49.20112781954887, "params": {"max_depth": 20.24708868058947, "n_estimators": 8.297270163870824}, "datetime": {"datetime": "2021-09-24 14:08:36", "elapsed": 892.306991, "delta": 2.367707}}
{"target": -47.104846037298486, "params": {"max_depth": 13.884699226306038, "n_estimators": 40.973735718160164}, "datetime": {"datetime": "2021-09-24 14:08:39", "elapsed": 895.138775, "delta": 2.831784}}
{"target": -45.27798553828267, "params": {"max_depth": 4.547689897393133, "n_estimators": 36.219462589994926}, "datetime": {"datetime": "2021-09-24 14:08:42", "elapsed": 898.495393, "delta": 3.356618}}
{"target": -47.58181823994123, "params": {"max_depth": 13.380934078578523, "n_estimators": 14.311514929424034}, "datetime": {"datetime": "2021-09-24 14:08:46", "elapsed": 901.991549, "delta": 3.496156}}
{"target": -44.19893955282522, "params": {"max_depth": 2.9491326911201474, "n_estimators": 37.22471540120549}, "datetime": {"datetime": "2021-09-24 14:08:49", "elapsed": 904.871837, "delta": 2.880288}}
{"target": -46.92811770806326, "params": {"max_depth": 15.218968761792834, "n_estimators": 29.807703407158424}, "datetime": {"datetime": "2021-09-24 14:08:54", "elapsed": 909.713796, "delta": 4.841959}}
