{"target": 0.4426878047350241, "params": {"max_depth": 4.23573071533805, "n_estimators": 127.61281221196478}, "datetime": {"datetime": "2021-09-24 11:03:12", "elapsed": 550.321972, "delta": 2.553045}}
{"target": 0.4352305659284994, "params": {"max_depth": 5.746407537740065, "n_estimators": 120.28482139459061}, "datetime": {"datetime": "2021-09-24 11:03:14", "elapsed": 552.751757, "delta": 2.429785}}
{"target": 0.4481168282830962, "params": {"max_depth": 3.095421584926572, "n_estimators": 126.92560074891723}, "datetime": {"datetime": "2021-09-24 11:03:17", "elapsed": 555.390797, "delta": 2.63904}}
{"target": 0.4495357620435082, "params": {"max_depth": 3.409417335473388, "n_estimators": 191.39155502906308}, "datetime": {"datetime": "2021-09-24 11:03:20", "elapsed": 558.062906, "delta": 2.672109}}
{"target": 0.4496641035236182, "params": {"max_depth": 3.1562327078307204, "n_estimators": 192.41632850866702}, "datetime": {"datetime": "2021-09-24 11:03:23", "elapsed": 561.056316, "delta": 2.99341}}
{"target": 0.43922258777386836, "params": {"max_depth": 2.4228133961593286, "n_estimators": 180.313007788525}, "datetime": {"datetime": "2021-09-24 11:03:26", "elapsed": 564.05248, "delta": 2.996164}}
{"target": 0.4374713682234299, "params": {"max_depth": 5.7442560582789906, "n_estimators": 112.95165859685412}, "datetime": {"datetime": "2021-09-24 11:03:28", "elapsed": 565.962345, "delta": 1.909865}}
{"target": 0.4390410939409847, "params": {"max_depth": 2.182549812873039, "n_estimators": 182.7164281231394}, "datetime": {"datetime": "2021-09-24 11:03:30", "elapsed": 567.95628, "delta": 1.993935}}
{"target": 0.44271001944141175, "params": {"max_depth": 4.002721199149446, "n_estimators": 117.08773771625518}, "datetime": {"datetime": "2021-09-24 11:03:32", "elapsed": 570.488246, "delta": 2.531966}}
{"target": 0.4496058621402973, "params": {"max_depth": 3.1094302588827194, "n_estimators": 117.7120223966814}, "datetime": {"datetime": "2021-09-24 11:03:34", "elapsed": 572.504949, "delta": 2.016703}}
{"target": 0.44868504068907267, "params": {"max_depth": 3.7163649928183746, "n_estimators": 129.33732475722144}, "datetime": {"datetime": "2021-09-24 11:03:37", "elapsed": 574.941854, "delta": 2.436905}}
{"target": 0.44249597812498853, "params": {"max_depth": 4.152215750102407, "n_estimators": 120.2702106378679}, "datetime": {"datetime": "2021-09-24 11:03:39", "elapsed": 576.97143, "delta": 2.029576}}
{"target": 0.4408374406917406, "params": {"max_depth": 2.001322374935026, "n_estimators": 158.1616641015119}, "datetime": {"datetime": "2021-09-24 11:03:40", "elapsed": 578.871432, "delta": 1.900002}}
{"target": 0.4451436977112154, "params": {"max_depth": 4.102430098470508, "n_estimators": 107.9698208626573}, "datetime": {"datetime": "2021-09-24 11:03:43", "elapsed": 581.699426, "delta": 2.827994}}
{"target": 0.45125971698861755, "params": {"max_depth": 3.8753100970276444, "n_estimators": 109.74605101206465}, "datetime": {"datetime": "2021-09-24 11:03:45", "elapsed": 583.646487, "delta": 1.947061}}
{"target": 0.4390990408592358, "params": {"max_depth": 5.8041446374417704, "n_estimators": 160.2320670064176}, "datetime": {"datetime": "2021-09-24 11:03:47", "elapsed": 585.78249, "delta": 2.136003}}
{"target": 0.4273636308876544, "params": {"max_depth": 6.0383785923244595, "n_estimators": 158.54882964840857}, "datetime": {"datetime": "2021-09-24 11:03:50", "elapsed": 587.996487, "delta": 2.213997}}
{"target": 0.44482398512780263, "params": {"max_depth": 4.775290322953349, "n_estimators": 152.57500923927256}, "datetime": {"datetime": "2021-09-24 11:03:52", "elapsed": 590.847491, "delta": 2.851004}}
{"target": 0.43846018908893025, "params": {"max_depth": 2.151043299194922, "n_estimators": 148.4935485579311}, "datetime": {"datetime": "2021-09-24 11:03:55", "elapsed": 593.897908, "delta": 3.050417}}
{"target": 0.45002979177079117, "params": {"max_depth": 3.8039425989372093, "n_estimators": 121.88336578054499}, "datetime": {"datetime": "2021-09-24 11:03:58", "elapsed": 596.786181, "delta": 2.888273}}
{"target": 0.44083402899243485, "params": {"max_depth": 2.0, "n_estimators": 156.31621059287096}, "datetime": {"datetime": "2021-09-24 11:04:01", "elapsed": 598.990401, "delta": 2.20422}}
{"target": 0.44452840128366544, "params": {"max_depth": 4.370445849073201, "n_estimators": 157.64240417911026}, "datetime": {"datetime": "2021-09-24 11:04:03", "elapsed": 601.883852, "delta": 2.893451}}
{"target": 0.4512635576826295, "params": {"max_depth": 3.5178112985730356, "n_estimators": 104.92151060318452}, "datetime": {"datetime": "2021-09-24 11:04:07", "elapsed": 605.172918, "delta": 3.289066}}
{"target": 0.4401846063027588, "params": {"max_depth": 2.190846941336087, "n_estimators": 105.71212928003749}, "datetime": {"datetime": "2021-09-24 11:04:10", "elapsed": 608.851604, "delta": 3.678686}}
{"target": 0.4506118173630449, "params": {"max_depth": 3.081083877710578, "n_estimators": 133.8778473294296}, "datetime": {"datetime": "2021-09-24 11:04:14", "elapsed": 612.005451, "delta": 3.153847}}
{"target": 0.44014438848042126, "params": {"max_depth": 2.57887124731713, "n_estimators": 103.52153057714644}, "datetime": {"datetime": "2021-09-24 11:04:16", "elapsed": 614.035183, "delta": 2.029732}}
{"target": 0.4360683449826326, "params": {"max_depth": 5.820987936288097, "n_estimators": 125.38575529514293}, "datetime": {"datetime": "2021-09-24 11:04:19", "elapsed": 617.505377, "delta": 3.470194}}
{"target": 0.4519790789196515, "params": {"max_depth": 3.359700224519231, "n_estimators": 170.9824517404437}, "datetime": {"datetime": "2021-09-24 11:04:22", "elapsed": 620.239837, "delta": 2.73446}}
{"target": 0.4519790789196515, "params": {"max_depth": 3.50523473091192, "n_estimators": 170.2096336106785}, "datetime": {"datetime": "2021-09-24 11:04:24", "elapsed": 622.595564, "delta": 2.355727}}
{"target": 0.4508986371249888, "params": {"max_depth": 3.7784182772548482, "n_estimators": 174.96257963639715}, "datetime": {"datetime": "2021-09-24 11:04:27", "elapsed": 624.977199, "delta": 2.381635}}
{"target": 0.45151178546854087, "params": {"max_depth": 3.8349143843644966, "n_estimators": 173.4581424865907}, "datetime": {"datetime": "2021-09-24 11:04:29", "elapsed": 627.82755, "delta": 2.850351}}
{"target": 0.45036341494249454, "params": {"max_depth": 3.381598785012173, "n_estimators": 141.73020069198037}, "datetime": {"datetime": "2021-09-24 11:04:32", "elapsed": 630.247423, "delta": 2.419873}}
{"target": 0.4521228104901911, "params": {"max_depth": 3.6191757200622465, "n_estimators": 171.43361814116685}, "datetime": {"datetime": "2021-09-24 11:04:34", "elapsed": 632.389521, "delta": 2.142098}}
{"target": 0.4433964032276061, "params": {"max_depth": 4.029551014383495, "n_estimators": 150.09704415945475}, "datetime": {"datetime": "2021-09-24 11:04:36", "elapsed": 634.251527, "delta": 1.862006}}
{"target": 0.4200649666212498, "params": {"max_depth": 7.997914303013709, "n_estimators": 178.36395652104557}, "datetime": {"datetime": "2021-09-24 11:04:38", "elapsed": 636.452581, "delta": 2.201054}}
{"target": 0.4372944198474402, "params": {"max_depth": 5.846822474791803, "n_estimators": 148.17632944882956}, "datetime": {"datetime": "2021-09-24 11:04:42", "elapsed": 640.020431, "delta": 3.56785}}
{"target": 0.4502095477687349, "params": {"max_depth": 3.604033618361326, "n_estimators": 185.54848338170984}, "datetime": {"datetime": "2021-09-24 11:04:44", "elapsed": 642.223031, "delta": 2.2026}}
{"target": 0.450623079906488, "params": {"max_depth": 3.3910654663635333, "n_estimators": 156.0408392833023}, "datetime": {"datetime": "2021-09-24 11:04:47", "elapsed": 645.437104, "delta": 3.214073}}
{"target": 0.44247670966516495, "params": {"max_depth": 4.071015068741769, "n_estimators": 144.36115734887636}, "datetime": {"datetime": "2021-09-24 11:04:51", "elapsed": 648.997462, "delta": 3.560358}}
{"target": 0.439357807205247, "params": {"max_depth": 5.580270940978016, "n_estimators": 168.37434829855846}, "datetime": {"datetime": "2021-09-24 11:04:53", "elapsed": 651.574376, "delta": 2.576914}}
{"target": 0.436478211036912, "params": {"max_depth": 5.558747475152215, "n_estimators": 197.62558419456502}, "datetime": {"datetime": "2021-09-24 11:04:55", "elapsed": 653.834794, "delta": 2.260418}}
{"target": 0.4519535434693793, "params": {"max_depth": 3.405330269177706, "n_estimators": 161.26500369336978}, "datetime": {"datetime": "2021-09-24 11:04:59", "elapsed": 657.835125, "delta": 4.000331}}
{"target": 0.4492972240680321, "params": {"max_depth": 3.6695106079874122, "n_estimators": 145.4862182192962}, "datetime": {"datetime": "2021-09-24 11:05:02", "elapsed": 660.892378, "delta": 3.057253}}
{"target": 0.4450190273208767, "params": {"max_depth": 4.507786174973678, "n_estimators": 109.62189139994025}, "datetime": {"datetime": "2021-09-24 11:05:06", "elapsed": 664.334911, "delta": 3.442533}}
{"target": 0.4493984064738541, "params": {"max_depth": 3.2858186724093796, "n_estimators": 194.72671145238468}, "datetime": {"datetime": "2021-09-24 11:05:09", "elapsed": 667.555327, "delta": 3.220416}}
{"target": 0.451528308064188, "params": {"max_depth": 3.2552179254638487, "n_estimators": 110.07343962734244}, "datetime": {"datetime": "2021-09-24 11:05:12", "elapsed": 670.173763, "delta": 2.618436}}
{"target": 0.4398137224696679, "params": {"max_depth": 2.796294289840909, "n_estimators": 152.6234237237441}, "datetime": {"datetime": "2021-09-24 11:05:15", "elapsed": 673.118796, "delta": 2.945033}}
{"target": 0.4508144595216431, "params": {"max_depth": 3.7458854078730206, "n_estimators": 184.63087617923244}, "datetime": {"datetime": "2021-09-24 11:05:18", "elapsed": 676.356491, "delta": 3.237695}}
{"target": 0.451603563895288, "params": {"max_depth": 3.0700384023755256, "n_estimators": 111.96934981261705}, "datetime": {"datetime": "2021-09-24 11:05:22", "elapsed": 680.69434, "delta": 4.337849}}
{"target": 0.449959235711635, "params": {"max_depth": 3.1511388855426317, "n_estimators": 193.94058113737466}, "datetime": {"datetime": "2021-09-24 11:05:26", "elapsed": 684.722047, "delta": 4.027707}}
{"target": 0.4468806072865288, "params": {"max_depth": 4.0939659912338975, "n_estimators": 172.94890461327446}, "datetime": {"datetime": "2021-09-24 11:05:30", "elapsed": 688.220269, "delta": 3.498222}}
{"target": 0.45151178546854087, "params": {"max_depth": 3.7788139457918826, "n_estimators": 173.89088692934158}, "datetime": {"datetime": "2021-09-24 11:05:33", "elapsed": 691.347286, "delta": 3.127017}}
{"target": 0.45239951037077886, "params": {"max_depth": 3.4716191135311165, "n_estimators": 167.40463502188845}, "datetime": {"datetime": "2021-09-24 11:05:35", "elapsed": 693.7889, "delta": 2.441614}}
{"target": 0.43820242987382485, "params": {"max_depth": 5.51737836549251, "n_estimators": 106.85845645917358}, "datetime": {"datetime": "2021-09-24 11:05:39", "elapsed": 697.099557, "delta": 3.310657}}
{"target": 0.43989622686533925, "params": {"max_depth": 5.87834409322324, "n_estimators": 154.3115573912218}, "datetime": {"datetime": "2021-09-24 11:05:44", "elapsed": 702.176492, "delta": 5.076935}}
{"target": 0.45238229187027623, "params": {"max_depth": 3.6356009376812377, "n_estimators": 100.69387179915802}, "datetime": {"datetime": "2021-09-24 11:05:47", "elapsed": 705.279335, "delta": 3.102843}}
{"target": 0.44490936341904663, "params": {"max_depth": 4.074148538539831, "n_estimators": 136.5095330951382}, "datetime": {"datetime": "2021-09-24 11:05:50", "elapsed": 708.588831, "delta": 3.309496}}
{"target": 0.45304066984150015, "params": {"max_depth": 3.2568982501404333, "n_estimators": 137.0514625049328}, "datetime": {"datetime": "2021-09-24 11:05:53", "elapsed": 711.812799, "delta": 3.223968}}
{"target": 0.45304066984150015, "params": {"max_depth": 3.608386716839738, "n_estimators": 137.87953636978668}, "datetime": {"datetime": "2021-09-24 11:05:59", "elapsed": 717.690729, "delta": 5.87793}}
{"target": 0.45304066984150015, "params": {"max_depth": 3.1968970776807044, "n_estimators": 137.41822480536825}, "datetime": {"datetime": "2021-09-24 11:06:04", "elapsed": 722.124832, "delta": 4.434103}}
{"target": 0.4517337870379029, "params": {"max_depth": 3.781720524969665, "n_estimators": 135.54285135842645}, "datetime": {"datetime": "2021-09-24 11:06:08", "elapsed": 726.885868, "delta": 4.761036}}
{"target": 0.4391178150909424, "params": {"max_depth": 2.0, "n_estimators": 134.03237277565773}, "datetime": {"datetime": "2021-09-24 11:06:12", "elapsed": 730.255959, "delta": 3.370091}}
{"target": 0.45304066984150015, "params": {"max_depth": 3.486574695705907, "n_estimators": 137.35303968456344}, "datetime": {"datetime": "2021-09-24 11:06:15", "elapsed": 733.132196, "delta": 2.876237}}
{"target": 0.44352052078017834, "params": {"max_depth": 4.257839967211791, "n_estimators": 197.9117868426117}, "datetime": {"datetime": "2021-09-24 11:06:17", "elapsed": 735.61243, "delta": 2.480234}}
{"target": 0.4492022968916911, "params": {"max_depth": 3.3669793189077692, "n_estimators": 197.04090152331298}, "datetime": {"datetime": "2021-09-24 11:06:20", "elapsed": 738.863328, "delta": 3.250898}}
{"target": 0.4377316723534299, "params": {"max_depth": 2.7326635917522273, "n_estimators": 193.13353655718987}, "datetime": {"datetime": "2021-09-24 11:06:23", "elapsed": 741.601691, "delta": 2.738363}}
{"target": 0.449959235711635, "params": {"max_depth": 3.8154754136897786, "n_estimators": 193.208871492607}, "datetime": {"datetime": "2021-09-24 11:06:26", "elapsed": 744.470487, "delta": 2.868796}}
{"target": 0.4372281174634193, "params": {"max_depth": 2.5705225547319905, "n_estimators": 195.46708182809624}, "datetime": {"datetime": "2021-09-24 11:06:29", "elapsed": 747.770576, "delta": 3.300089}}
{"target": 0.4010982090389422, "params": {"max_depth": 8.0, "n_estimators": 106.10414804344501}, "datetime": {"datetime": "2021-09-24 11:06:33", "elapsed": 750.954765, "delta": 3.184189}}
{"target": 0.4495357620435082, "params": {"max_depth": 3.040649351094606, "n_estimators": 191.79294407262125}, "datetime": {"datetime": "2021-09-24 11:06:37", "elapsed": 755.093982, "delta": 4.139217}}
{"target": 0.42549749350576127, "params": {"max_depth": 7.994357061286557, "n_estimators": 102.10108477618417}, "datetime": {"datetime": "2021-09-24 11:06:40", "elapsed": 758.590551, "delta": 3.496569}}
{"target": 0.45273031696073596, "params": {"max_depth": 3.54828976886085, "n_estimators": 138.31056616355752}, "datetime": {"datetime": "2021-09-24 11:06:43", "elapsed": 761.79545, "delta": 3.204899}}
{"target": 0.45186770688842437, "params": {"max_depth": 3.1770317020575187, "n_estimators": 107.95309430462558}, "datetime": {"datetime": "2021-09-24 11:06:46", "elapsed": 764.596445, "delta": 2.800995}}
{"target": 0.4495927730717064, "params": {"max_depth": 3.659313810465169, "n_estimators": 123.15962070253526}, "datetime": {"datetime": "2021-09-24 11:06:49", "elapsed": 767.658833, "delta": 3.062388}}
{"target": 0.4521228104901911, "params": {"max_depth": 3.055013993674191, "n_estimators": 171.40014194757353}, "datetime": {"datetime": "2021-09-24 11:06:52", "elapsed": 770.826507, "delta": 3.167674}}
{"target": 0.4527107863251494, "params": {"max_depth": 3.2358442351635883, "n_estimators": 166.8690237177305}, "datetime": {"datetime": "2021-09-24 11:06:55", "elapsed": 773.620782, "delta": 2.794275}}
{"target": 0.44086176871252025, "params": {"max_depth": 2.9951072233410736, "n_estimators": 163.35463138833458}, "datetime": {"datetime": "2021-09-24 11:07:00", "elapsed": 778.372262, "delta": 4.75148}}
{"target": 0.4527107863251494, "params": {"max_depth": 3.656865206161488, "n_estimators": 166.26717211434774}, "datetime": {"datetime": "2021-09-24 11:07:04", "elapsed": 782.240892, "delta": 3.86863}}
{"target": 0.439094271811423, "params": {"max_depth": 5.702001516102804, "n_estimators": 174.82375476063964}, "datetime": {"datetime": "2021-09-24 11:07:07", "elapsed": 785.556674, "delta": 3.315782}}
{"target": 0.4433134723372064, "params": {"max_depth": 4.589518524493669, "n_estimators": 148.85436029421825}, "datetime": {"datetime": "2021-09-24 11:07:10", "elapsed": 788.252227, "delta": 2.695553}}
{"target": 0.4485513353101279, "params": {"max_depth": 3.2199960533321654, "n_estimators": 130.55146838601226}, "datetime": {"datetime": "2021-09-24 11:07:13", "elapsed": 791.746389, "delta": 3.494162}}
{"target": 0.45042031049091, "params": {"max_depth": 3.3960864718905173, "n_estimators": 180.4899148114663}, "datetime": {"datetime": "2021-09-24 11:07:17", "elapsed": 795.595444, "delta": 3.849055}}
{"target": 0.42717250381225247, "params": {"max_depth": 6.048456565264684, "n_estimators": 155.68599868973575}, "datetime": {"datetime": "2021-09-24 11:07:22", "elapsed": 800.129037, "delta": 4.533593}}
{"target": 0.42142918789469597, "params": {"max_depth": 7.99251666673371, "n_estimators": 153.07041751863989}, "datetime": {"datetime": "2021-09-24 11:07:27", "elapsed": 805.616097, "delta": 5.48706}}
{"target": 0.449959235711635, "params": {"max_depth": 3.5784430575273154, "n_estimators": 193.75196595866478}, "datetime": {"datetime": "2021-09-24 11:07:31", "elapsed": 809.641524, "delta": 4.025427}}
{"target": 0.4518841400045197, "params": {"max_depth": 3.548059779774047, "n_estimators": 139.73956417013554}, "datetime": {"datetime": "2021-09-24 11:07:35", "elapsed": 813.112501, "delta": 3.470977}}
{"target": 0.45083538119664757, "params": {"max_depth": 3.9275172950300847, "n_estimators": 155.02623898220628}, "datetime": {"datetime": "2021-09-24 11:07:38", "elapsed": 816.306845, "delta": 3.194344}}
{"target": 0.43834006778978096, "params": {"max_depth": 2.2323130696231326, "n_estimators": 121.42933250099884}, "datetime": {"datetime": "2021-09-24 11:07:44", "elapsed": 822.227784, "delta": 5.920939}}
{"target": 0.44541633797513336, "params": {"max_depth": 4.297692133036117, "n_estimators": 159.68244788945506}, "datetime": {"datetime": "2021-09-24 11:07:47", "elapsed": 825.093424, "delta": 2.86564}}
{"target": 0.4488759649460765, "params": {"max_depth": 3.3307761178321167, "n_estimators": 125.29006371356613}, "datetime": {"datetime": "2021-09-24 11:07:50", "elapsed": 828.892939, "delta": 3.799515}}
{"target": 0.44002820212338223, "params": {"max_depth": 2.961425383444566, "n_estimators": 136.4447161280314}, "datetime": {"datetime": "2021-09-24 11:07:54", "elapsed": 832.001916, "delta": 3.108977}}
{"target": 0.43717140877821303, "params": {"max_depth": 5.868556158871673, "n_estimators": 135.76699553200564}, "datetime": {"datetime": "2021-09-24 11:07:56", "elapsed": 834.752187, "delta": 2.750271}}
{"target": 0.40369456569139606, "params": {"max_depth": 8.0, "n_estimators": 174.34537489820673}, "datetime": {"datetime": "2021-09-24 11:07:59", "elapsed": 837.543699, "delta": 2.791512}}
{"target": 0.4377579778291488, "params": {"max_depth": 5.636775523362206, "n_estimators": 185.5649864412287}, "datetime": {"datetime": "2021-09-24 11:08:02", "elapsed": 840.442436, "delta": 2.898737}}
{"target": 0.4442097422940875, "params": {"max_depth": 4.149419428781377, "n_estimators": 189.95066316882628}, "datetime": {"datetime": "2021-09-24 11:08:06", "elapsed": 844.050746, "delta": 3.60831}}
{"target": 0.43607444105896087, "params": {"max_depth": 5.762907639385416, "n_estimators": 127.91161158444764}, "datetime": {"datetime": "2021-09-24 11:08:08", "elapsed": 846.893797, "delta": 2.843051}}
{"target": 0.43651645115783033, "params": {"max_depth": 2.0605577606362, "n_estimators": 197.94847122992968}, "datetime": {"datetime": "2021-09-24 11:08:13", "elapsed": 851.441874, "delta": 4.548077}}
{"target": 0.4500060909978004, "params": {"max_depth": 3.3176216915689016, "n_estimators": 189.8973898394165}, "datetime": {"datetime": "2021-09-24 11:08:16", "elapsed": 854.878417, "delta": 3.436543}}
{"target": 0.44082994953962074, "params": {"max_depth": 2.9085598994945143, "n_estimators": 154.06551113780426}, "datetime": {"datetime": "2021-09-24 11:08:21", "elapsed": 858.999657, "delta": 4.12124}}
{"target": 0.44218133359791534, "params": {"max_depth": 4.567736675181428, "n_estimators": 129.60760335044415}, "datetime": {"datetime": "2021-09-24 11:08:23", "elapsed": 861.440549, "delta": 2.440892}}
{"target": 0.4501164151205722, "params": {"max_depth": 3.6330521590420934, "n_estimators": 115.91556654266498}, "datetime": {"datetime": "2021-09-24 11:08:25", "elapsed": 863.717593, "delta": 2.277044}}
{"target": 0.45085802594980084, "params": {"max_depth": 3.168573020382637, "n_estimators": 114.98245203880796}, "datetime": {"datetime": "2021-09-24 11:08:29", "elapsed": 867.021471, "delta": 3.303878}}
{"target": 0.4442346073973612, "params": {"max_depth": 4.370418887377907, "n_estimators": 105.90480075347453}, "datetime": {"datetime": "2021-09-24 11:08:31", "elapsed": 869.763722, "delta": 2.742251}}
{"target": 0.42917367341044743, "params": {"max_depth": 6.091852146083155, "n_estimators": 103.9037566151338}, "datetime": {"datetime": "2021-09-24 11:08:34", "elapsed": 872.353299, "delta": 2.589577}}
{"target": 0.449223373961793, "params": {"max_depth": 3.1702086576222435, "n_estimators": 144.70647184849747}, "datetime": {"datetime": "2021-09-24 11:08:37", "elapsed": 875.663796, "delta": 3.310497}}
{"target": 0.4499493114494656, "params": {"max_depth": 3.5144008832185403, "n_estimators": 122.48364042420252}, "datetime": {"datetime": "2021-09-24 11:08:40", "elapsed": 878.739639, "delta": 3.075843}}
{"target": 0.4202559056801386, "params": {"max_depth": 7.998461822762268, "n_estimators": 134.85146977406993}, "datetime": {"datetime": "2021-09-24 11:08:43", "elapsed": 881.656489, "delta": 2.91685}}
{"target": 0.4505344875465138, "params": {"max_depth": 3.6101638078664204, "n_estimators": 153.51516691682383}, "datetime": {"datetime": "2021-09-24 11:08:46", "elapsed": 884.314482, "delta": 2.657993}}
{"target": 0.4429435910488122, "params": {"max_depth": 4.002862400588468, "n_estimators": 142.8060979609143}, "datetime": {"datetime": "2021-09-24 11:08:48", "elapsed": 886.771489, "delta": 2.457007}}
