{"target": 0.42886353999116833, "params": {"max_depth": 5.728350083984793, "n_estimators": 48.20590531776575}, "datetime": {"datetime": "2021-09-24 10:19:25", "elapsed": 433.485147, "delta": 1.719756}}
{"target": 0.4483132671827723, "params": {"max_depth": 4.466183995251905, "n_estimators": 90.88342250336719}, "datetime": {"datetime": "2021-09-24 10:19:28", "elapsed": 436.123898, "delta": 2.638751}}
{"target": 0.44849483717138316, "params": {"max_depth": 4.812325711344378, "n_estimators": 92.30743522649594}, "datetime": {"datetime": "2021-09-24 10:19:30", "elapsed": 438.565088, "delta": 2.44119}}
{"target": 0.442952738040708, "params": {"max_depth": 2.26188231256702, "n_estimators": 59.71317478962888}, "datetime": {"datetime": "2021-09-24 10:19:32", "elapsed": 440.360818, "delta": 1.79573}}
{"target": 0.4388642725118488, "params": {"max_depth": 5.1109336668749545, "n_estimators": 84.47600553756983}, "datetime": {"datetime": "2021-09-24 10:19:35", "elapsed": 443.123994, "delta": 2.763176}}
{"target": 0.44646910203682477, "params": {"max_depth": 4.050527021092395, "n_estimators": 64.77177244537151}, "datetime": {"datetime": "2021-09-24 10:19:38", "elapsed": 445.776499, "delta": 2.652505}}
{"target": 0.44609110915437045, "params": {"max_depth": 4.2310831152700015, "n_estimators": 63.03298619471746}, "datetime": {"datetime": "2021-09-24 10:19:40", "elapsed": 448.089889, "delta": 2.31339}}
{"target": 0.4481560678709138, "params": {"max_depth": 3.8942523524940773, "n_estimators": 58.56132040915604}, "datetime": {"datetime": "2021-09-24 10:19:42", "elapsed": 450.113577, "delta": 2.023688}}
{"target": 0.443515806767507, "params": {"max_depth": 2.950347016373994, "n_estimators": 78.16522222901935}, "datetime": {"datetime": "2021-09-24 10:19:45", "elapsed": 452.802458, "delta": 2.688881}}
{"target": 0.3782130650453329, "params": {"max_depth": 9.633554202637761, "n_estimators": 32.423047513755094}, "datetime": {"datetime": "2021-09-24 10:19:47", "elapsed": 455.528018, "delta": 2.72556}}
{"target": 0.4531050914364866, "params": {"max_depth": 3.524469989054004, "n_estimators": 79.25666790640616}, "datetime": {"datetime": "2021-09-24 10:19:50", "elapsed": 458.041441, "delta": 2.513423}}
{"target": 0.4433111978922266, "params": {"max_depth": 2.70398197647301, "n_estimators": 77.1885038255757}, "datetime": {"datetime": "2021-09-24 10:19:53", "elapsed": 460.994625, "delta": 2.953184}}
{"target": 0.45262583566478876, "params": {"max_depth": 3.518812124681987, "n_estimators": 77.43855317394838}, "datetime": {"datetime": "2021-09-24 10:19:55", "elapsed": 463.132099, "delta": 2.137474}}
{"target": 0.35226895820577997, "params": {"max_depth": 1.021707587706401, "n_estimators": 56.049530210868824}, "datetime": {"datetime": "2021-09-24 10:19:57", "elapsed": 465.068276, "delta": 1.936177}}
{"target": 0.44497950702158406, "params": {"max_depth": 2.45377215178376, "n_estimators": 51.359572849771034}, "datetime": {"datetime": "2021-09-24 10:19:59", "elapsed": 467.095643, "delta": 2.027367}}
{"target": 0.42176349702400806, "params": {"max_depth": 7.433208443285978, "n_estimators": 60.12742992962994}, "datetime": {"datetime": "2021-09-24 10:20:02", "elapsed": 470.416245, "delta": 3.320602}}
{"target": 0.4458112810554409, "params": {"max_depth": 2.3412081811137466, "n_estimators": 55.11542765569978}, "datetime": {"datetime": "2021-09-24 10:20:04", "elapsed": 472.62002, "delta": 2.203775}}
{"target": 0.4458112810554409, "params": {"max_depth": 2.5987019491679577, "n_estimators": 55.68475174696829}, "datetime": {"datetime": "2021-09-24 10:20:06", "elapsed": 474.727338, "delta": 2.107318}}
{"target": 0.40511973826181724, "params": {"max_depth": 11.965145062531358, "n_estimators": 58.68343643405585}, "datetime": {"datetime": "2021-09-24 10:20:09", "elapsed": 477.682536, "delta": 2.955198}}
{"target": 0.4113530409752212, "params": {"max_depth": 10.362009957035006, "n_estimators": 95.90575662176175}, "datetime": {"datetime": "2021-09-24 10:20:13", "elapsed": 481.086758, "delta": 3.404222}}
{"target": 0.43083206122139317, "params": {"max_depth": 6.96191369167923, "n_estimators": 62.822160359531715}, "datetime": {"datetime": "2021-09-24 10:20:16", "elapsed": 483.977777, "delta": 2.891019}}
{"target": 0.4077629574337448, "params": {"max_depth": 10.26873446887754, "n_estimators": 70.65236106345105}, "datetime": {"datetime": "2021-09-24 10:20:19", "elapsed": 486.928081, "delta": 2.950304}}
{"target": 0.4196385202027949, "params": {"max_depth": 7.878295210234833, "n_estimators": 87.87581363286134}, "datetime": {"datetime": "2021-09-24 10:20:22", "elapsed": 490.078533, "delta": 3.150452}}
{"target": 0.44596327308622574, "params": {"max_depth": 4.045956258014067, "n_estimators": 56.579246053467884}, "datetime": {"datetime": "2021-09-24 10:20:24", "elapsed": 492.697564, "delta": 2.619031}}
{"target": 0.4458029385711243, "params": {"max_depth": 2.9280803091396645, "n_estimators": 50.85290238440809}, "datetime": {"datetime": "2021-09-24 10:20:27", "elapsed": 494.985728, "delta": 2.288164}}
{"target": 0.43123116273632445, "params": {"max_depth": 4.499040130231039, "n_estimators": 42.23705145245292}, "datetime": {"datetime": "2021-09-24 10:20:30", "elapsed": 498.183249, "delta": 3.197521}}
{"target": 0.4225873770834715, "params": {"max_depth": 7.792181332362242, "n_estimators": 69.64215023090209}, "datetime": {"datetime": "2021-09-24 10:20:33", "elapsed": 500.752114, "delta": 2.568865}}
{"target": 0.42965823072760123, "params": {"max_depth": 4.139648262506412, "n_estimators": 34.15613368905759}, "datetime": {"datetime": "2021-09-24 10:20:36", "elapsed": 503.862967, "delta": 3.110853}}
{"target": 0.41005354216026446, "params": {"max_depth": 6.989761687558608, "n_estimators": 34.18228082142982}, "datetime": {"datetime": "2021-09-24 10:20:38", "elapsed": 506.274356, "delta": 2.411389}}
{"target": 0.4484243575618302, "params": {"max_depth": 3.2593080294609127, "n_estimators": 57.28071649228396}, "datetime": {"datetime": "2021-09-24 10:20:41", "elapsed": 508.782934, "delta": 2.508578}}
{"target": 0.44705042917462245, "params": {"max_depth": 4.216469145682849, "n_estimators": 61.091012738322576}, "datetime": {"datetime": "2021-09-24 10:20:43", "elapsed": 511.135235, "delta": 2.352301}}
{"target": 0.4566827839001304, "params": {"max_depth": 3.8109909422562414, "n_estimators": 83.9935234958203}, "datetime": {"datetime": "2021-09-24 10:20:46", "elapsed": 513.99428, "delta": 2.859045}}
{"target": 0.41972872052826915, "params": {"max_depth": 3.221602412833537, "n_estimators": 15.270699088166587}, "datetime": {"datetime": "2021-09-24 10:20:48", "elapsed": 516.424484, "delta": 2.430204}}
{"target": 0.4275205803388191, "params": {"max_depth": 4.862875253427779, "n_estimators": 13.303019102333872}, "datetime": {"datetime": "2021-09-24 10:20:50", "elapsed": 518.632988, "delta": 2.208504}}
{"target": 0.3253740175426345, "params": {"max_depth": 1.0104769196784618, "n_estimators": 15.74861614849188}, "datetime": {"datetime": "2021-09-24 10:20:52", "elapsed": 520.421813, "delta": 1.788825}}
{"target": 0.4336026666507584, "params": {"max_depth": 2.6206713481912525, "n_estimators": 16.885365497914712}, "datetime": {"datetime": "2021-09-24 10:20:55", "elapsed": 523.174125, "delta": 2.752312}}
{"target": 0.42337809031256335, "params": {"max_depth": 3.78796487350344, "n_estimators": 13.38635620482895}, "datetime": {"datetime": "2021-09-24 10:20:59", "elapsed": 527.680022, "delta": 4.505897}}
{"target": 0.3956741201504598, "params": {"max_depth": 8.060764972996605, "n_estimators": 75.01511597773778}, "datetime": {"datetime": "2021-09-24 10:21:03", "elapsed": 531.225637, "delta": 3.545615}}
{"target": 0.38898859365696803, "params": {"max_depth": 9.612845922878178, "n_estimators": 47.580044349328794}, "datetime": {"datetime": "2021-09-24 10:21:05", "elapsed": 533.609187, "delta": 2.38355}}
{"target": 0.4394280539434575, "params": {"max_depth": 3.9223670521187035, "n_estimators": 38.35309497263416}, "datetime": {"datetime": "2021-09-24 10:21:08", "elapsed": 536.726831, "delta": 3.117644}}
{"target": 0.4299477520352739, "params": {"max_depth": 3.1141566041122726, "n_estimators": 24.67215440960386}, "datetime": {"datetime": "2021-09-24 10:21:11", "elapsed": 539.178619, "delta": 2.451788}}
{"target": 0.42487460495441676, "params": {"max_depth": 3.29881871726337, "n_estimators": 26.119838353572405}, "datetime": {"datetime": "2021-09-24 10:21:13", "elapsed": 541.718985, "delta": 2.540366}}
{"target": 0.4493798687295859, "params": {"max_depth": 3.44164985910058, "n_estimators": 54.469223085018136}, "datetime": {"datetime": "2021-09-24 10:21:16", "elapsed": 544.032588, "delta": 2.313603}}
{"target": 0.4517212625591266, "params": {"max_depth": 3.7033159221943697, "n_estimators": 76.32169502806488}, "datetime": {"datetime": "2021-09-24 10:21:20", "elapsed": 547.955694, "delta": 3.923106}}
{"target": 0.38465913327436585, "params": {"max_depth": 12.0, "n_estimators": 40.63791737395549}, "datetime": {"datetime": "2021-09-24 10:21:23", "elapsed": 551.000738, "delta": 3.045044}}
{"target": 0.42348677432287174, "params": {"max_depth": 7.898554037734846, "n_estimators": 78.50367173514205}, "datetime": {"datetime": "2021-09-24 10:21:28", "elapsed": 555.990524, "delta": 4.989786}}
{"target": 0.42883462932171257, "params": {"max_depth": 3.7186830924948455, "n_estimators": 30.85354718459531}, "datetime": {"datetime": "2021-09-24 10:21:31", "elapsed": 558.967973, "delta": 2.977449}}
{"target": 0.4456608225729314, "params": {"max_depth": 4.212084181117827, "n_estimators": 66.2322450483611}, "datetime": {"datetime": "2021-09-24 10:21:33", "elapsed": 561.652743, "delta": 2.68477}}
{"target": 0.4489403730939806, "params": {"max_depth": 4.700606510942036, "n_estimators": 89.22624140850166}, "datetime": {"datetime": "2021-09-24 10:21:36", "elapsed": 563.85711, "delta": 2.204367}}
{"target": 0.44875366726713806, "params": {"max_depth": 4.306974360103772, "n_estimators": 93.4057655497343}, "datetime": {"datetime": "2021-09-24 10:21:39", "elapsed": 567.039234, "delta": 3.182124}}
{"target": 0.45467964490463286, "params": {"max_depth": 3.4949629088996157, "n_estimators": 93.5106969530385}, "datetime": {"datetime": "2021-09-24 10:21:41", "elapsed": 569.562722, "delta": 2.523488}}
{"target": 0.4543276789299503, "params": {"max_depth": 3.3356907670064433, "n_estimators": 92.02538717333405}, "datetime": {"datetime": "2021-09-24 10:21:44", "elapsed": 572.046894, "delta": 2.484172}}
{"target": 0.4548111848884764, "params": {"max_depth": 3.5079426707244843, "n_estimators": 91.17649882042052}, "datetime": {"datetime": "2021-09-24 10:21:46", "elapsed": 574.545413, "delta": 2.498519}}
{"target": 0.4548111848884764, "params": {"max_depth": 3.625797707236001, "n_estimators": 91.70313164069175}, "datetime": {"datetime": "2021-09-24 10:21:49", "elapsed": 576.957183, "delta": 2.41177}}
{"target": 0.45574823165232947, "params": {"max_depth": 3.697841266811783, "n_estimators": 85.99679121520221}, "datetime": {"datetime": "2021-09-24 10:21:52", "elapsed": 580.634512, "delta": 3.677329}}
{"target": 0.4445947238623674, "params": {"max_depth": 4.824049937491675, "n_estimators": 58.353135351101145}, "datetime": {"datetime": "2021-09-24 10:21:55", "elapsed": 582.912343, "delta": 2.277831}}
{"target": 0.4545791527872364, "params": {"max_depth": 3.472628365060623, "n_estimators": 95.20796997127542}, "datetime": {"datetime": "2021-09-24 10:21:57", "elapsed": 585.373272, "delta": 2.460929}}
{"target": 0.42846858578811464, "params": {"max_depth": 6.921365273798739, "n_estimators": 97.10603756921444}, "datetime": {"datetime": "2021-09-24 10:21:59", "elapsed": 587.6878, "delta": 2.314528}}
{"target": 0.4545791527872364, "params": {"max_depth": 3.2467645663391895, "n_estimators": 95.96640842662016}, "datetime": {"datetime": "2021-09-24 10:22:02", "elapsed": 590.293527, "delta": 2.605727}}
{"target": 0.3683773610715293, "params": {"max_depth": 1.0093184658084544, "n_estimators": 4.538480996859278}, "datetime": {"datetime": "2021-09-24 10:22:05", "elapsed": 592.895179, "delta": 2.601652}}
{"target": 0.4543276789299503, "params": {"max_depth": 3.420222616335306, "n_estimators": 92.77381580178817}, "datetime": {"datetime": "2021-09-24 10:22:07", "elapsed": 595.29047, "delta": 2.395291}}
{"target": 0.4502245114467489, "params": {"max_depth": 3.4341890172224567, "n_estimators": 62.36206179166373}, "datetime": {"datetime": "2021-09-24 10:22:09", "elapsed": 597.219626, "delta": 1.929156}}
{"target": 0.45500136814645975, "params": {"max_depth": 3.5057538938653043, "n_estimators": 94.09629344688592}, "datetime": {"datetime": "2021-09-24 10:22:11", "elapsed": 599.655505, "delta": 2.435879}}
{"target": 0.4461026802820065, "params": {"max_depth": 4.376427857635049, "n_estimators": 99.49298575542436}, "datetime": {"datetime": "2021-09-24 10:22:14", "elapsed": 602.645781, "delta": 2.990276}}
{"target": 0.43007233163567526, "params": {"max_depth": 6.674686822190992, "n_estimators": 79.46276061593404}, "datetime": {"datetime": "2021-09-24 10:22:17", "elapsed": 604.946012, "delta": 2.300231}}
{"target": 0.4506032735066917, "params": {"max_depth": 3.638329680710748, "n_estimators": 67.46565972446741}, "datetime": {"datetime": "2021-09-24 10:22:19", "elapsed": 607.441273, "delta": 2.495261}}
{"target": 0.45548403072427623, "params": {"max_depth": 3.7044582758794067, "n_estimators": 82.20657461551181}, "datetime": {"datetime": "2021-09-24 10:22:21", "elapsed": 609.595247, "delta": 2.153974}}
{"target": 0.45574823165232947, "params": {"max_depth": 3.4906763950658095, "n_estimators": 85.70712007421025}, "datetime": {"datetime": "2021-09-24 10:22:24", "elapsed": 612.147771, "delta": 2.552524}}
{"target": 0.352110739861493, "params": {"max_depth": 1.6684635461104196, "n_estimators": 83.16114232390372}, "datetime": {"datetime": "2021-09-24 10:22:27", "elapsed": 614.982557, "delta": 2.834786}}
{"target": 0.3861036070919519, "params": {"max_depth": 10.789476752399281, "n_estimators": 36.53334223707655}, "datetime": {"datetime": "2021-09-24 10:22:29", "elapsed": 617.007409, "delta": 2.024852}}
{"target": 0.396623358972063, "params": {"max_depth": 8.353398204347773, "n_estimators": 56.01822398012677}, "datetime": {"datetime": "2021-09-24 10:22:31", "elapsed": 618.988087, "delta": 1.980678}}
{"target": 0.4072781726092882, "params": {"max_depth": 11.955524356437225, "n_estimators": 65.48941738956863}, "datetime": {"datetime": "2021-09-24 10:22:33", "elapsed": 621.227135, "delta": 2.239048}}
{"target": 0.43293837406339464, "params": {"max_depth": 3.3894966804435023, "n_estimators": 19.14172452598129}, "datetime": {"datetime": "2021-09-24 10:22:35", "elapsed": 622.764951, "delta": 1.537816}}
{"target": 0.44518713478907235, "params": {"max_depth": 2.6824404675700517, "n_estimators": 43.378807224826595}, "datetime": {"datetime": "2021-09-24 10:22:36", "elapsed": 624.516519, "delta": 1.751568}}
{"target": 0.42054349370852195, "params": {"max_depth": 6.9002432889001595, "n_estimators": 49.622105716832536}, "datetime": {"datetime": "2021-09-24 10:22:38", "elapsed": 626.168823, "delta": 1.652304}}
{"target": 0.431878488322727, "params": {"max_depth": 4.148435812343095, "n_estimators": 39.74984003768225}, "datetime": {"datetime": "2021-09-24 10:22:40", "elapsed": 627.749653, "delta": 1.58083}}
{"target": 0.44675918544436677, "params": {"max_depth": 2.4256640437776915, "n_estimators": 39.72075452703246}, "datetime": {"datetime": "2021-09-24 10:22:42", "elapsed": 630.459378, "delta": 2.709725}}
{"target": 0.3595552850790261, "params": {"max_depth": 1.0803404505800809, "n_estimators": 39.70375072682788}, "datetime": {"datetime": "2021-09-24 10:22:44", "elapsed": 632.08021, "delta": 1.620832}}
{"target": 0.4410841693674047, "params": {"max_depth": 3.141395687120953, "n_estimators": 39.91224837668237}, "datetime": {"datetime": "2021-09-24 10:22:46", "elapsed": 634.284506, "delta": 2.204296}}
{"target": 0.41345117584292157, "params": {"max_depth": 6.022901196649347, "n_estimators": 41.7863345219661}, "datetime": {"datetime": "2021-09-24 10:22:49", "elapsed": 636.805508, "delta": 2.521002}}
{"target": 0.3598897386720098, "params": {"max_depth": 9.496156450634867, "n_estimators": 26.050286073574718}, "datetime": {"datetime": "2021-09-24 10:22:51", "elapsed": 638.746791, "delta": 1.941283}}
{"target": 0.4457444388959034, "params": {"max_depth": 2.762837966498437, "n_estimators": 38.9538464608125}, "datetime": {"datetime": "2021-09-24 10:22:52", "elapsed": 640.52457, "delta": 1.777779}}
{"target": 0.42454610244419444, "params": {"max_depth": 3.3107487556765722, "n_estimators": 23.09579755371053}, "datetime": {"datetime": "2021-09-24 10:22:55", "elapsed": 643.023988, "delta": 2.499418}}
{"target": 0.4402215711044284, "params": {"max_depth": 5.569303294786241, "n_estimators": 91.84473983383937}, "datetime": {"datetime": "2021-09-24 10:22:57", "elapsed": 645.720233, "delta": 2.696245}}
{"target": 0.4462282671400214, "params": {"max_depth": 2.7067283762033094, "n_estimators": 42.400597747854015}, "datetime": {"datetime": "2021-09-24 10:23:00", "elapsed": 648.108196, "delta": 2.387963}}
{"target": 0.45548403072427623, "params": {"max_depth": 3.068539933818458, "n_estimators": 82.32388402840047}, "datetime": {"datetime": "2021-09-24 10:23:02", "elapsed": 650.126653, "delta": 2.018457}}
{"target": 0.4453279420603753, "params": {"max_depth": 2.5443508957405427, "n_estimators": 52.22138662588344}, "datetime": {"datetime": "2021-09-24 10:23:04", "elapsed": 652.438137, "delta": 2.311484}}
{"target": 0.4543603987437018, "params": {"max_depth": 3.566304622100799, "n_estimators": 90.55010737966721}, "datetime": {"datetime": "2021-09-24 10:23:06", "elapsed": 654.407896, "delta": 1.969759}}
{"target": 0.4442740156714864, "params": {"max_depth": 2.6303726725308447, "n_estimators": 69.63227093674007}, "datetime": {"datetime": "2021-09-24 10:23:09", "elapsed": 656.935485, "delta": 2.527589}}
{"target": 0.4417454942427451, "params": {"max_depth": 2.5465626251150244, "n_estimators": 96.15699758666983}, "datetime": {"datetime": "2021-09-24 10:23:11", "elapsed": 659.737186, "delta": 2.801701}}
{"target": 0.4457646931259164, "params": {"max_depth": 4.986591041620348, "n_estimators": 70.05272125590578}, "datetime": {"datetime": "2021-09-24 10:23:14", "elapsed": 661.796923, "delta": 2.059737}}
{"target": 0.4434063924192111, "params": {"max_depth": 4.810294559829509, "n_estimators": 53.3395429208541}, "datetime": {"datetime": "2021-09-24 10:23:16", "elapsed": 663.968438, "delta": 2.171515}}
{"target": 0.4461611676580821, "params": {"max_depth": 4.151462171763363, "n_estimators": 55.8380025034541}, "datetime": {"datetime": "2021-09-24 10:23:18", "elapsed": 666.404956, "delta": 2.436518}}
{"target": 0.4501025893444973, "params": {"max_depth": 3.406652391129328, "n_estimators": 65.72357613974846}, "datetime": {"datetime": "2021-09-24 10:23:20", "elapsed": 668.26727, "delta": 1.862314}}
{"target": 0.4453063386607006, "params": {"max_depth": 2.9500033998139723, "n_estimators": 87.35762750054802}, "datetime": {"datetime": "2021-09-24 10:23:22", "elapsed": 670.435598, "delta": 2.168328}}
{"target": 0.34806464811499205, "params": {"max_depth": 1.2797046529114529, "n_estimators": 87.53135876075198}, "datetime": {"datetime": "2021-09-24 10:23:25", "elapsed": 672.773082, "delta": 2.337484}}
{"target": 0.25602084791600976, "params": {"max_depth": 9.87755635384121, "n_estimators": 6.975504159051953}, "datetime": {"datetime": "2021-09-24 10:23:27", "elapsed": 675.722905, "delta": 2.949823}}
{"target": 0.4079579674406688, "params": {"max_depth": 11.11563949357392, "n_estimators": 62.29047919497106}, "datetime": {"datetime": "2021-09-24 10:23:30", "elapsed": 678.293533, "delta": 2.570628}}
{"target": 0.4554071925491201, "params": {"max_depth": 3.1646057284918103, "n_estimators": 88.76984506217156}, "datetime": {"datetime": "2021-09-24 10:23:33", "elapsed": 680.965897, "delta": 2.672364}}
{"target": 0.4554071925491201, "params": {"max_depth": 3.5065588302857496, "n_estimators": 88.38389668182162}, "datetime": {"datetime": "2021-09-24 10:23:36", "elapsed": 684.055382, "delta": 3.089485}}
{"target": 0.43051194608106313, "params": {"max_depth": 2.8251092487867417, "n_estimators": 20.790531180153142}, "datetime": {"datetime": "2021-09-24 10:23:38", "elapsed": 686.064642, "delta": 2.00926}}
{"target": 0.4032048713864621, "params": {"max_depth": 8.275218303641527, "n_estimators": 94.97858636750055}, "datetime": {"datetime": "2021-09-24 10:23:42", "elapsed": 690.640459, "delta": 4.575817}}
{"target": 0.40178047285023477, "params": {"max_depth": 8.270564292991983, "n_estimators": 98.65015365130861}, "datetime": {"datetime": "2021-09-24 10:23:47", "elapsed": 694.880507, "delta": 4.240048}}
{"target": 0.43691933942592276, "params": {"max_depth": 3.3791286936531826, "n_estimators": 36.29741869088423}, "datetime": {"datetime": "2021-09-24 10:23:49", "elapsed": 697.181067, "delta": 2.30056}}
{"target": 0.4104440585780108, "params": {"max_depth": 10.796977467505362, "n_estimators": 80.7942113879001}, "datetime": {"datetime": "2021-09-24 10:23:51", "elapsed": 699.557334, "delta": 2.376267}}
{"target": 0.3437079618324652, "params": {"max_depth": 1.0180308713374973, "n_estimators": 6.449317673513814}, "datetime": {"datetime": "2021-09-24 10:23:54", "elapsed": 702.150071, "delta": 2.592737}}
{"target": 0.41462658783784956, "params": {"max_depth": 2.742392396134682, "n_estimators": 4.01331420566356}, "datetime": {"datetime": "2021-09-24 10:23:56", "elapsed": 703.94137, "delta": 1.791299}}
{"target": 0.42089639682812197, "params": {"max_depth": 7.08572680034981, "n_estimators": 76.96170726473893}, "datetime": {"datetime": "2021-09-24 10:23:58", "elapsed": 705.940896, "delta": 1.999526}}
{"target": 0.43291087405588646, "params": {"max_depth": 6.544445805226418, "n_estimators": 81.33683072856307}, "datetime": {"datetime": "2021-09-24 10:24:00", "elapsed": 708.420267, "delta": 2.479371}}
