{"target": 0.4330781414627318, "params": {"max_depth": 5.126833951079311, "n_estimators": 165.32475870663762}, "datetime": {"datetime": "2021-09-24 11:12:22", "elapsed": 889.115636, "delta": 3.346942}}
{"target": 0.44367424454264204, "params": {"max_depth": 3.164073268198654, "n_estimators": 171.10452586140954}, "datetime": {"datetime": "2021-09-24 11:12:24", "elapsed": 891.669666, "delta": 2.55403}}
{"target": 0.43692770072078835, "params": {"max_depth": 4.206549304337548, "n_estimators": 143.2441141305781}, "datetime": {"datetime": "2021-09-24 11:12:27", "elapsed": 894.347463, "delta": 2.677797}}
{"target": 0.44329403698057734, "params": {"max_depth": 3.455400501617571, "n_estimators": 134.92214778231101}, "datetime": {"datetime": "2021-09-24 11:12:29", "elapsed": 896.509245, "delta": 2.161782}}
{"target": 0.4389287128836371, "params": {"max_depth": 4.706926135024461, "n_estimators": 183.0245669467015}, "datetime": {"datetime": "2021-09-24 11:12:32", "elapsed": 899.734895, "delta": 3.22565}}
{"target": 0.4426894667449285, "params": {"max_depth": 3.350322165006204, "n_estimators": 174.67530883976102}, "datetime": {"datetime": "2021-09-24 11:12:35", "elapsed": 902.1456, "delta": 2.410705}}
{"target": 0.44176369854874387, "params": {"max_depth": 3.7127672278467476, "n_estimators": 146.54963325228735}, "datetime": {"datetime": "2021-09-24 11:12:37", "elapsed": 904.648791, "delta": 2.503191}}
{"target": 0.44397620506992874, "params": {"max_depth": 3.560787061347518, "n_estimators": 137.53183851999296}, "datetime": {"datetime": "2021-09-24 11:12:39", "elapsed": 906.980205, "delta": 2.331414}}
{"target": 0.44060717602539323, "params": {"max_depth": 3.546706475297519, "n_estimators": 100.82873724603432}, "datetime": {"datetime": "2021-09-24 11:12:43", "elapsed": 910.590865, "delta": 3.61066}}
{"target": 0.4427822344570992, "params": {"max_depth": 3.6783444107076093, "n_estimators": 158.86478757561198}, "datetime": {"datetime": "2021-09-24 11:12:46", "elapsed": 913.728929, "delta": 3.138064}}
{"target": 0.44327130738834997, "params": {"max_depth": 3.269188665122139, "n_estimators": 155.14258110069073}, "datetime": {"datetime": "2021-09-24 11:12:49", "elapsed": 916.270239, "delta": 2.54131}}
{"target": 0.4438894833697802, "params": {"max_depth": 3.9566903658850037, "n_estimators": 162.99382139616353}, "datetime": {"datetime": "2021-09-24 11:12:51", "elapsed": 918.697932, "delta": 2.427693}}
{"target": 0.43186779993221025, "params": {"max_depth": 4.786586224630339, "n_estimators": 107.23755302241071}, "datetime": {"datetime": "2021-09-24 11:12:53", "elapsed": 921.0712, "delta": 2.373268}}
{"target": 0.434691703664116, "params": {"max_depth": 2.932808672100603, "n_estimators": 169.22610090858026}, "datetime": {"datetime": "2021-09-24 11:12:57", "elapsed": 924.140375, "delta": 3.069175}}
{"target": 0.4435982768688157, "params": {"max_depth": 3.4285066443138468, "n_estimators": 168.63552483713767}, "datetime": {"datetime": "2021-09-24 11:13:00", "elapsed": 927.877775, "delta": 3.7374}}
{"target": 0.4415378759836146, "params": {"max_depth": 3.6983967763554326, "n_estimators": 150.7044431137801}, "datetime": {"datetime": "2021-09-24 11:13:04", "elapsed": 931.412174, "delta": 3.534399}}
{"target": 0.44257979446619844, "params": {"max_depth": 3.597322091557644, "n_estimators": 179.72336255101865}, "datetime": {"datetime": "2021-09-24 11:13:07", "elapsed": 934.245005, "delta": 2.832831}}
{"target": 0.4323198610195753, "params": {"max_depth": 2.7782090421885783, "n_estimators": 190.92258267344113}, "datetime": {"datetime": "2021-09-24 11:13:10", "elapsed": 937.804033, "delta": 3.559028}}
{"target": 0.4421955030645077, "params": {"max_depth": 3.669559118700025, "n_estimators": 191.62264828005183}, "datetime": {"datetime": "2021-09-24 11:13:14", "elapsed": 941.554899, "delta": 3.750866}}
{"target": 0.432917511944816, "params": {"max_depth": 2.887185594928135, "n_estimators": 189.94320885614283}, "datetime": {"datetime": "2021-09-24 11:13:18", "elapsed": 945.557773, "delta": 4.002874}}
{"target": 0.44221566662590905, "params": {"max_depth": 3.4629766838839675, "n_estimators": 190.9390501624096}, "datetime": {"datetime": "2021-09-24 11:13:21", "elapsed": 948.38823, "delta": 2.830457}}
{"target": 0.44016978574099763, "params": {"max_depth": 3.6398379287162554, "n_estimators": 122.1684889770567}, "datetime": {"datetime": "2021-09-24 11:13:23", "elapsed": 951.015816, "delta": 2.627586}}
{"target": 0.4426200172454585, "params": {"max_depth": 3.0195884894755203, "n_estimators": 157.5330695790999}, "datetime": {"datetime": "2021-09-24 11:13:27", "elapsed": 954.292837, "delta": 3.277021}}
{"target": 0.42210599834813545, "params": {"max_depth": 5.9736838498426845, "n_estimators": 118.45491077471965}, "datetime": {"datetime": "2021-09-24 11:13:30", "elapsed": 957.425891, "delta": 3.133054}}
{"target": 0.4386721528853089, "params": {"max_depth": 3.966098529353279, "n_estimators": 118.076070484541}, "datetime": {"datetime": "2021-09-24 11:13:32", "elapsed": 959.89774, "delta": 2.471849}}
{"target": 0.4385012570510345, "params": {"max_depth": 4.519972667514909, "n_estimators": 193.18170607347236}, "datetime": {"datetime": "2021-09-24 11:13:37", "elapsed": 964.242105, "delta": 4.344365}}
{"target": 0.4417874942617125, "params": {"max_depth": 3.668088018810296, "n_estimators": 372.0324493442158}, "datetime": {"datetime": "2021-09-24 11:21:17", "elapsed": 0.0, "delta": 0.0}}
{"target": 0.4250288776945965, "params": {"max_depth": 2.0004574992693795, "n_estimators": 330.233257263184}, "datetime": {"datetime": "2021-09-24 11:21:18", "elapsed": 1.091901, "delta": 1.091901}}
{"target": 0.4245453006643941, "params": {"max_depth": 2.587023563268452, "n_estimators": 309.2338594768798}, "datetime": {"datetime": "2021-09-24 11:21:19", "elapsed": 2.1066, "delta": 1.014699}}
{"target": 0.4247552876893733, "params": {"max_depth": 2.7450408455106836, "n_estimators": 334.55607270430477}, "datetime": {"datetime": "2021-09-24 11:21:20", "elapsed": 3.073877, "delta": 0.967277}}
{"target": 0.44006625687924006, "params": {"max_depth": 3.5870698969226797, "n_estimators": 353.88167340033567}, "datetime": {"datetime": "2021-09-24 11:21:22", "elapsed": 4.252516, "delta": 1.178639}}
{"target": 0.4362516109397413, "params": {"max_depth": 5.933887264408869, "n_estimators": 395.18297300140466}, "datetime": {"datetime": "2021-09-24 11:21:24", "elapsed": 6.426858, "delta": 2.174342}}
{"target": 0.4241603593973653, "params": {"max_depth": 6.0, "n_estimators": 363.21344048520604}, "datetime": {"datetime": "2021-09-24 11:21:26", "elapsed": 8.800494, "delta": 2.373636}}
{"target": 0.42462096466456023, "params": {"max_depth": 2.4389500498437084, "n_estimators": 375.26346044297577}, "datetime": {"datetime": "2021-09-24 11:21:28", "elapsed": 10.814471, "delta": 2.013977}}
{"target": 0.42462096466456023, "params": {"max_depth": 2.344288392124413, "n_estimators": 375.8691337562565}, "datetime": {"datetime": "2021-09-24 11:21:30", "elapsed": 12.159824, "delta": 1.345353}}
{"target": 0.44299960092929636, "params": {"max_depth": 4.399808007162169, "n_estimators": 370.39993398130747}, "datetime": {"datetime": "2021-09-24 11:21:32", "elapsed": 14.266004, "delta": 2.10618}}
{"target": 0.4246484920399679, "params": {"max_depth": 2.0, "n_estimators": 369.78724339284395}, "datetime": {"datetime": "2021-09-24 11:21:33", "elapsed": 15.66243, "delta": 1.396426}}
{"target": 0.4346725090075536, "params": {"max_depth": 5.465701869006923, "n_estimators": 371.63222856384857}, "datetime": {"datetime": "2021-09-24 11:21:35", "elapsed": 17.868166, "delta": 2.205736}}
{"target": 0.43497382357184755, "params": {"max_depth": 5.300434977917219, "n_estimators": 369.22898238097264}, "datetime": {"datetime": "2021-09-24 11:21:37", "elapsed": 19.574224, "delta": 1.706058}}
{"target": 0.44017111460774416, "params": {"max_depth": 3.7008798934883873, "n_estimators": 352.22676283951336}, "datetime": {"datetime": "2021-09-24 11:21:38", "elapsed": 21.003882, "delta": 1.429658}}
{"target": 0.42425528041909966, "params": {"max_depth": 2.0, "n_estimators": 352.9123150285972}, "datetime": {"datetime": "2021-09-24 11:21:40", "elapsed": 22.358806, "delta": 1.354924}}
{"target": 0.440911669100567, "params": {"max_depth": 4.800584100117421, "n_estimators": 353.11985412386537}, "datetime": {"datetime": "2021-09-24 11:21:41", "elapsed": 24.095432, "delta": 1.736626}}
{"target": 0.43352653475014746, "params": {"max_depth": 5.097029252048411, "n_estimators": 351.32195264709463}, "datetime": {"datetime": "2021-09-24 11:21:44", "elapsed": 26.163798, "delta": 2.068366}}
{"target": 0.4409530928302794, "params": {"max_depth": 4.881448308138948, "n_estimators": 354.6336866200321}, "datetime": {"datetime": "2021-09-24 11:21:45", "elapsed": 27.951688, "delta": 1.78789}}
{"target": 0.4404181070794343, "params": {"max_depth": 3.7727496729455217, "n_estimators": 356.09262453471365}, "datetime": {"datetime": "2021-09-24 11:21:47", "elapsed": 29.542529, "delta": 1.590841}}
{"target": 0.43366278824923643, "params": {"max_depth": 5.640044063530187, "n_estimators": 356.7233827971992}, "datetime": {"datetime": "2021-09-24 11:21:49", "elapsed": 31.343401, "delta": 1.800872}}
{"target": 0.42432746271026045, "params": {"max_depth": 2.253072728359286, "n_estimators": 357.46080516130957}, "datetime": {"datetime": "2021-09-24 11:21:50", "elapsed": 32.718574, "delta": 1.375173}}
{"target": 0.44261920995933846, "params": {"max_depth": 3.5803752210382553, "n_estimators": 395.62580562189817}, "datetime": {"datetime": "2021-09-24 11:21:52", "elapsed": 34.268911, "delta": 1.550337}}
{"target": 0.44458544138798795, "params": {"max_depth": 4.102608274697888, "n_estimators": 397.09631230218963}, "datetime": {"datetime": "2021-09-24 11:21:53", "elapsed": 35.970804, "delta": 1.701893}}
{"target": 0.42402090665718717, "params": {"max_depth": 2.5096462350039936, "n_estimators": 397.12995998930523}, "datetime": {"datetime": "2021-09-24 11:21:55", "elapsed": 37.584368, "delta": 1.613564}}
{"target": 0.4446879630541579, "params": {"max_depth": 4.503768435861635, "n_estimators": 396.1545326279787}, "datetime": {"datetime": "2021-09-24 11:21:57", "elapsed": 39.865388, "delta": 2.28102}}
{"target": 0.4359141963704577, "params": {"max_depth": 5.331279802535732, "n_estimators": 397.47369066478893}, "datetime": {"datetime": "2021-09-24 11:21:59", "elapsed": 41.911827, "delta": 2.046439}}
{"target": 0.4447453912956155, "params": {"max_depth": 4.176724146594738, "n_estimators": 394.27017267100547}, "datetime": {"datetime": "2021-09-24 11:22:01", "elapsed": 43.885309, "delta": 1.973482}}
{"target": 0.4243286254838564, "params": {"max_depth": 2.920485373959432, "n_estimators": 393.70822496054643}, "datetime": {"datetime": "2021-09-24 11:22:03", "elapsed": 45.870869, "delta": 1.98556}}
{"target": 0.4447453912956155, "params": {"max_depth": 4.630706487827514, "n_estimators": 394.9687696436069}, "datetime": {"datetime": "2021-09-24 11:22:05", "elapsed": 47.788899, "delta": 1.91803}}
{"target": 0.4358117072364457, "params": {"max_depth": 5.255800448549254, "n_estimators": 393.6124583915746}, "datetime": {"datetime": "2021-09-24 11:22:07", "elapsed": 49.547285, "delta": 1.758386}}
{"target": 0.4333958308893143, "params": {"max_depth": 5.981193393305343, "n_estimators": 353.6913723955269}, "datetime": {"datetime": "2021-09-24 11:22:09", "elapsed": 51.22529, "delta": 1.678005}}
{"target": 0.44008400218313715, "params": {"max_depth": 3.732925023385887, "n_estimators": 355.0310823172333}, "datetime": {"datetime": "2021-09-24 11:22:10", "elapsed": 52.554053, "delta": 1.328763}}
{"target": 0.4243655637825279, "params": {"max_depth": 2.2627452779917054, "n_estimators": 372.44594710765244}, "datetime": {"datetime": "2021-09-24 11:22:11", "elapsed": 53.775284, "delta": 1.221231}}
{"target": 0.44180725378443897, "params": {"max_depth": 3.7788001861063925, "n_estimators": 371.0753445038966}, "datetime": {"datetime": "2021-09-24 11:22:13", "elapsed": 55.554285, "delta": 1.779001}}
{"target": 0.4343406527419351, "params": {"max_depth": 5.859506405241643, "n_estimators": 319.93974302979143}, "datetime": {"datetime": "2021-09-24 11:22:14", "elapsed": 56.972286, "delta": 1.418001}}
{"target": 0.4425943564422221, "params": {"max_depth": 4.513942955123702, "n_estimators": 373.17509517676535}, "datetime": {"datetime": "2021-09-24 11:22:16", "elapsed": 58.463286, "delta": 1.491}}
{"target": 0.4351231240761019, "params": {"max_depth": 5.800874444224588, "n_estimators": 374.2677049668268}, "datetime": {"datetime": "2021-09-24 11:22:18", "elapsed": 60.168863, "delta": 1.705577}}
{"target": 0.4349077706962998, "params": {"max_depth": 5.9802651991803835, "n_estimators": 300.1654591715344}, "datetime": {"datetime": "2021-09-24 11:22:19", "elapsed": 61.526825, "delta": 1.357962}}
{"target": 0.42587815241329297, "params": {"max_depth": 2.452009858781068, "n_estimators": 300.38221568747326}, "datetime": {"datetime": "2021-09-24 11:22:20", "elapsed": 62.633823, "delta": 1.106998}}
{"target": 0.42500281364068937, "params": {"max_depth": 2.0740521161745726, "n_estimators": 317.63185671903733}, "datetime": {"datetime": "2021-09-24 11:22:22", "elapsed": 64.254862, "delta": 1.621039}}
{"target": 0.4339025045263839, "params": {"max_depth": 5.931259876717338, "n_estimators": 323.79591309013597}, "datetime": {"datetime": "2021-09-24 11:22:23", "elapsed": 65.765496, "delta": 1.510634}}
{"target": 0.4444781187173017, "params": {"max_depth": 4.184009970148249, "n_estimators": 399.065383548998}, "datetime": {"datetime": "2021-09-24 11:22:26", "elapsed": 68.182481, "delta": 2.416985}}
{"target": 0.43600316173857445, "params": {"max_depth": 5.340499930262686, "n_estimators": 399.9287397048846}, "datetime": {"datetime": "2021-09-24 11:22:28", "elapsed": 70.425486, "delta": 2.243005}}
{"target": 0.44214238760900626, "params": {"max_depth": 3.059367761647917, "n_estimators": 399.99926762202773}, "datetime": {"datetime": "2021-09-24 11:22:30", "elapsed": 72.436491, "delta": 2.011005}}
{"target": 0.4421469143418685, "params": {"max_depth": 3.370629250509664, "n_estimators": 398.73774716366154}, "datetime": {"datetime": "2021-09-24 11:22:32", "elapsed": 74.259487, "delta": 1.822996}}
{"target": 0.43571841657409205, "params": {"max_depth": 5.912913865109636, "n_estimators": 384.5213769836969}, "datetime": {"datetime": "2021-09-24 11:22:34", "elapsed": 76.323484, "delta": 2.063997}}
{"target": 0.4244896678094874, "params": {"max_depth": 2.8297665411455193, "n_estimators": 384.7715248731652}, "datetime": {"datetime": "2021-09-24 11:22:35", "elapsed": 77.659486, "delta": 1.336002}}
{"target": 0.42484516829572205, "params": {"max_depth": 2.0983446562593806, "n_estimators": 343.5507478722639}, "datetime": {"datetime": "2021-09-24 11:22:36", "elapsed": 78.820481, "delta": 1.160995}}
{"target": 0.43609335762371415, "params": {"max_depth": 5.888344773882901, "n_estimators": 381.2756424647665}, "datetime": {"datetime": "2021-09-24 11:22:39", "elapsed": 81.17148, "delta": 2.350999}}
{"target": 0.42636021792610435, "params": {"max_depth": 6.0, "n_estimators": 378.67774647714043}, "datetime": {"datetime": "2021-09-24 11:22:41", "elapsed": 83.84506, "delta": 2.67358}}
{"target": 0.4247042050382248, "params": {"max_depth": 2.0099251098837714, "n_estimators": 324.06475689517714}, "datetime": {"datetime": "2021-09-24 11:22:43", "elapsed": 86.033331, "delta": 2.188271}}
{"target": 0.43461655316423664, "params": {"max_depth": 5.992470801313149, "n_estimators": 304.3512819315413}, "datetime": {"datetime": "2021-09-24 11:22:45", "elapsed": 88.024332, "delta": 1.991001}}
{"target": 0.435981411726158, "params": {"max_depth": 5.985041754966552, "n_estimators": 388.04162462398267}, "datetime": {"datetime": "2021-09-24 11:22:47", "elapsed": 90.122478, "delta": 2.098146}}
{"target": 0.43327210228223667, "params": {"max_depth": 5.971540368082314, "n_estimators": 339.36077914361164}, "datetime": {"datetime": "2021-09-24 11:22:49", "elapsed": 92.133468, "delta": 2.01099}}
{"target": 0.4443770962585648, "params": {"max_depth": 4.259454933451649, "n_estimators": 398.11713446989086}, "datetime": {"datetime": "2021-09-24 11:22:53", "elapsed": 95.682711, "delta": 3.549243}}
{"target": 0.4245558030580443, "params": {"max_depth": 6.0, "n_estimators": 313.76555503982735}, "datetime": {"datetime": "2021-09-24 11:22:56", "elapsed": 98.756126, "delta": 3.073415}}
{"target": 0.43464455944843594, "params": {"max_depth": 5.976019649044905, "n_estimators": 346.7779827906175}, "datetime": {"datetime": "2021-09-24 11:22:59", "elapsed": 101.730436, "delta": 2.97431}}
{"target": 0.4240153827981149, "params": {"max_depth": 2.676803242758182, "n_estimators": 348.5362863546781}, "datetime": {"datetime": "2021-09-24 11:23:01", "elapsed": 104.059364, "delta": 2.328928}}
{"target": 0.42435820471218566, "params": {"max_depth": 6.0, "n_estimators": 327.57552709414483}, "datetime": {"datetime": "2021-09-24 11:23:04", "elapsed": 106.796898, "delta": 2.737534}}
{"target": 0.4419988908622571, "params": {"max_depth": 3.5300433287282575, "n_estimators": 389.07901740745547}, "datetime": {"datetime": "2021-09-24 11:23:08", "elapsed": 110.453323, "delta": 3.656425}}
{"target": 0.4242960046167076, "params": {"max_depth": 2.0, "n_estimators": 388.96661056542644}, "datetime": {"datetime": "2021-09-24 11:23:10", "elapsed": 112.576911, "delta": 2.123588}}
{"target": 0.44410201104463276, "params": {"max_depth": 4.7573415820412635, "n_estimators": 389.8778225675174}, "datetime": {"datetime": "2021-09-24 11:23:12", "elapsed": 114.945262, "delta": 2.368351}}
{"target": 0.44422937990213296, "params": {"max_depth": 4.552180593570659, "n_estimators": 388.67973237860593}, "datetime": {"datetime": "2021-09-24 11:23:15", "elapsed": 117.531445, "delta": 2.586183}}
{"target": 0.43587232558123046, "params": {"max_depth": 5.962092386288352, "n_estimators": 390.87132707508545}, "datetime": {"datetime": "2021-09-24 11:23:17", "elapsed": 119.604625, "delta": 2.07318}}
{"target": 0.44208547776917684, "params": {"max_depth": 3.769335545719888, "n_estimators": 390.4598537779473}, "datetime": {"datetime": "2021-09-24 11:23:19", "elapsed": 121.415961, "delta": 1.811336}}
{"target": 0.4244793798787547, "params": {"max_depth": 2.0, "n_estimators": 364.7653472847087}, "datetime": {"datetime": "2021-09-24 11:23:21", "elapsed": 123.608291, "delta": 2.19233}}
{"target": 0.425411201729174, "params": {"max_depth": 2.0, "n_estimators": 304.7569838608327}, "datetime": {"datetime": "2021-09-24 11:23:23", "elapsed": 125.255497, "delta": 1.647206}}
{"target": 0.42481033909491805, "params": {"max_depth": 2.0, "n_estimators": 339.0083998265508}, "datetime": {"datetime": "2021-09-24 11:23:24", "elapsed": 127.098298, "delta": 1.842801}}
{"target": 0.42508527343296276, "params": {"max_depth": 6.0, "n_estimators": 343.51172954086644}, "datetime": {"datetime": "2021-09-24 11:23:27", "elapsed": 129.545694, "delta": 2.447396}}
{"target": 0.42464159594671, "params": {"max_depth": 2.0385218204613134, "n_estimators": 380.6513079390379}, "datetime": {"datetime": "2021-09-24 11:23:28", "elapsed": 131.087653, "delta": 1.541959}}
{"target": 0.43407703647209006, "params": {"max_depth": 5.987602248014792, "n_estimators": 307.2732481885439}, "datetime": {"datetime": "2021-09-24 11:23:30", "elapsed": 132.949367, "delta": 1.861714}}
{"target": 0.43389708240620806, "params": {"max_depth": 5.940295347591294, "n_estimators": 332.51259022588204}, "datetime": {"datetime": "2021-09-24 11:23:33", "elapsed": 135.358722, "delta": 2.409355}}
{"target": 0.4333494306769352, "params": {"max_depth": 5.89109507642425, "n_estimators": 336.32735063551235}, "datetime": {"datetime": "2021-09-24 11:23:35", "elapsed": 137.412307, "delta": 2.053585}}
{"target": 0.44437712373612903, "params": {"max_depth": 4.119339091862816, "n_estimators": 387.3892715819803}, "datetime": {"datetime": "2021-09-24 11:23:37", "elapsed": 139.600198, "delta": 2.187891}}
{"target": 0.43596910020864055, "params": {"max_depth": 5.047197059358884, "n_estimators": 386.46244453876625}, "datetime": {"datetime": "2021-09-24 11:23:40", "elapsed": 142.896442, "delta": 3.296244}}
{"target": 0.4245452855286952, "params": {"max_depth": 2.1312589482329716, "n_estimators": 313.17059223798555}, "datetime": {"datetime": "2021-09-24 11:23:42", "elapsed": 144.478873, "delta": 1.582431}}
{"target": 0.43448212406681674, "params": {"max_depth": 5.941084315874533, "n_estimators": 317.248169786389}, "datetime": {"datetime": "2021-09-24 11:23:44", "elapsed": 146.253744, "delta": 1.774871}}
{"target": 0.42419639328963665, "params": {"max_depth": 6.0, "n_estimators": 359.5658619958826}, "datetime": {"datetime": "2021-09-24 11:23:46", "elapsed": 148.414016, "delta": 2.160272}}
{"target": 0.43456812172320125, "params": {"max_depth": 5.968847974869107, "n_estimators": 302.21548957259586}, "datetime": {"datetime": "2021-09-24 11:23:47", "elapsed": 150.120108, "delta": 1.706092}}
{"target": 0.42378447760701365, "params": {"max_depth": 6.0, "n_estimators": 309.9206877494954}, "datetime": {"datetime": "2021-09-24 11:23:49", "elapsed": 151.816465, "delta": 1.696357}}
{"target": 0.4399321842417331, "params": {"max_depth": 3.7739057554007482, "n_estimators": 321.1557580817784}, "datetime": {"datetime": "2021-09-24 11:23:51", "elapsed": 153.410468, "delta": 1.594003}}
{"target": 0.42513786577186086, "params": {"max_depth": 2.0, "n_estimators": 320.81384490574675}, "datetime": {"datetime": "2021-09-24 11:23:53", "elapsed": 155.453284, "delta": 2.042816}}
{"target": 0.43410381625085703, "params": {"max_depth": 5.002939905480359, "n_estimators": 321.9066138963368}, "datetime": {"datetime": "2021-09-24 11:23:55", "elapsed": 157.995367, "delta": 2.542083}}
{"target": 0.442078983649434, "params": {"max_depth": 3.7443993383395613, "n_estimators": 388.0663112951026}, "datetime": {"datetime": "2021-09-24 11:23:57", "elapsed": 159.862253, "delta": 1.866886}}
