{"target": 0.33129608638292996, "params": {"max_depth": 1.1333493525365217, "n_estimators": 22.688596978813543}, "datetime": {"datetime": "2021-09-24 10:13:26", "elapsed": 74.188355, "delta": 0.881823}}
{"target": 0.3909698940225018, "params": {"max_depth": 11.945590069718293, "n_estimators": 48.28635311460345}, "datetime": {"datetime": "2021-09-24 10:13:27", "elapsed": 75.182028, "delta": 0.993673}}
{"target": 0.36617497080989636, "params": {"max_depth": 12.0, "n_estimators": 28.42605376909257}, "datetime": {"datetime": "2021-09-24 10:13:28", "elapsed": 76.103562, "delta": 0.921534}}
{"target": 0.3952668169839305, "params": {"max_depth": 12.0, "n_estimators": 76.40793809493816}, "datetime": {"datetime": "2021-09-24 10:13:29", "elapsed": 77.283531, "delta": 1.179969}}
{"target": 0.21274797860989658, "params": {"max_depth": 1.0, "n_estimators": 1.0}, "datetime": {"datetime": "2021-09-24 10:13:30", "elapsed": 77.806117, "delta": 0.522586}}
{"target": 0.32397832868717014, "params": {"max_depth": 12.0, "n_estimators": 14.381091642603003}, "datetime": {"datetime": "2021-09-24 10:13:30", "elapsed": 78.404296, "delta": 0.598179}}
{"target": 0.4060396723002794, "params": {"max_depth": 11.976541304276788, "n_estimators": 67.2898879899206}, "datetime": {"datetime": "2021-09-24 10:13:31", "elapsed": 79.350847, "delta": 0.946551}}
{"target": 0.4025780627980815, "params": {"max_depth": 12.0, "n_estimators": 100.0}, "datetime": {"datetime": "2021-09-24 10:13:32", "elapsed": 80.277067, "delta": 0.92622}}
{"target": 0.3860430849275255, "params": {"max_depth": 12.0, "n_estimators": 34.693986613776765}, "datetime": {"datetime": "2021-09-24 10:13:33", "elapsed": 80.958317, "delta": 0.68125}}
{"target": 0.39293133796330826, "params": {"max_depth": 11.96642958263146, "n_estimators": 42.634402750451265}, "datetime": {"datetime": "2021-09-24 10:13:33", "elapsed": 81.677418, "delta": 0.719101}}
{"target": 0.39012667988244365, "params": {"max_depth": 12.0, "n_estimators": 53.16007954693997}, "datetime": {"datetime": "2021-09-24 10:13:34", "elapsed": 82.542137, "delta": 0.864719}}
{"target": 0.3705104232968248, "params": {"max_depth": 7.1429161659519, "n_estimators": 24.874879073443342}, "datetime": {"datetime": "2021-09-24 10:13:35", "elapsed": 83.404763, "delta": 0.862626}}
{"target": 0.411225368820772, "params": {"max_depth": 11.928212717724158, "n_estimators": 93.85257697072763}, "datetime": {"datetime": "2021-09-24 10:13:36", "elapsed": 84.713007, "delta": 1.308244}}
{"target": 0.403597141023077, "params": {"max_depth": 12.0, "n_estimators": 82.32084633119155}, "datetime": {"datetime": "2021-09-24 10:13:38", "elapsed": 85.762627, "delta": 1.04962}}
{"target": 0.3848782396904685, "params": {"max_depth": 6.405575158136163, "n_estimators": 18.898868426810882}, "datetime": {"datetime": "2021-09-24 10:13:38", "elapsed": 86.485686, "delta": 0.723059}}
{"target": 0.39620335007478225, "params": {"max_depth": 12.0, "n_estimators": 60.57904123305201}, "datetime": {"datetime": "2021-09-24 10:13:39", "elapsed": 87.410039, "delta": 0.924353}}
{"target": 0.4015196231449183, "params": {"max_depth": 12.0, "n_estimators": 86.30337827887135}, "datetime": {"datetime": "2021-09-24 10:13:40", "elapsed": 88.524244, "delta": 1.114205}}
{"target": 0.3985878875020398, "params": {"max_depth": 12.0, "n_estimators": 71.72029471973765}, "datetime": {"datetime": "2021-09-24 10:13:41", "elapsed": 89.475088, "delta": 0.950844}}
{"target": 0.4148143894561669, "params": {"max_depth": 5.046432877851277, "n_estimators": 28.470034453675467}, "datetime": {"datetime": "2021-09-24 10:13:42", "elapsed": 90.214701, "delta": 0.739613}}
{"target": 0.38517233219623614, "params": {"max_depth": 11.94482365928338, "n_estimators": 38.58513727896149}, "datetime": {"datetime": "2021-09-24 10:13:43", "elapsed": 90.916809, "delta": 0.702108}}
{"target": 0.31185154261880976, "params": {"max_depth": 1.091427657413963, "n_estimators": 18.3284453953914}, "datetime": {"datetime": "2021-09-24 10:13:44", "elapsed": 91.874529, "delta": 0.95772}}
{"target": 0.4056354114550532, "params": {"max_depth": 11.93299459474262, "n_estimators": 64.06754226736595}, "datetime": {"datetime": "2021-09-24 10:13:45", "elapsed": 93.507485, "delta": 1.632956}}
{"target": 0.38879177687336064, "params": {"max_depth": 8.996532323317814, "n_estimators": 49.939500486271925}, "datetime": {"datetime": "2021-09-24 10:13:46", "elapsed": 94.665661, "delta": 1.158176}}
{"target": 0.3365411382529626, "params": {"max_depth": 1.0276023772396456, "n_estimators": 26.73369131343477}, "datetime": {"datetime": "2021-09-24 10:13:47", "elapsed": 95.598127, "delta": 0.932466}}
{"target": 0.36037700670027173, "params": {"max_depth": 8.022177718617101, "n_estimators": 28.595602776487894}, "datetime": {"datetime": "2021-09-24 10:13:48", "elapsed": 96.645256, "delta": 1.047129}}
{"target": 0.4053268184630128, "params": {"max_depth": 7.938076529148872, "n_estimators": 42.27653714789409}, "datetime": {"datetime": "2021-09-24 10:13:49", "elapsed": 97.472464, "delta": 0.827208}}
{"target": 0.3964624018539473, "params": {"max_depth": 8.981413577377356, "n_estimators": 76.68107723944419}, "datetime": {"datetime": "2021-09-24 10:13:51", "elapsed": 98.898321, "delta": 1.425857}}
{"target": 0.42518471256435686, "params": {"max_depth": 4.037013345310509, "n_estimators": 32.186450974765236}, "datetime": {"datetime": "2021-09-24 10:13:51", "elapsed": 99.634389, "delta": 0.736068}}
{"target": 0.358852490158422, "params": {"max_depth": 12.0, "n_estimators": 24.683122004766243}, "datetime": {"datetime": "2021-09-24 10:13:52", "elapsed": 100.539672, "delta": 0.905283}}
{"target": 0.40112462927494896, "params": {"max_depth": 12.0, "n_estimators": 79.4126686058125}, "datetime": {"datetime": "2021-09-24 10:13:54", "elapsed": 101.767874, "delta": 1.228202}}
{"target": 0.4050044606989871, "params": {"max_depth": 9.319787309500684, "n_estimators": 88.71970731277372}, "datetime": {"datetime": "2021-09-24 10:13:55", "elapsed": 103.226235, "delta": 1.458361}}
{"target": 0.4098654016306422, "params": {"max_depth": 11.904387374543266, "n_estimators": 96.46222279211113}, "datetime": {"datetime": "2021-09-24 10:13:56", "elapsed": 104.497923, "delta": 1.271688}}
{"target": 0.38770287751094024, "params": {"max_depth": 10.518887012474146, "n_estimators": 45.541419552421345}, "datetime": {"datetime": "2021-09-24 10:13:57", "elapsed": 105.525424, "delta": 1.027501}}
{"target": 0.4041314592323906, "params": {"max_depth": 9.3700194292786, "n_estimators": 68.57660665156712}, "datetime": {"datetime": "2021-09-24 10:13:59", "elapsed": 106.76586, "delta": 1.240436}}
{"target": 0.40841231672489675, "params": {"max_depth": 9.106538428670294, "n_estimators": 100.0}, "datetime": {"datetime": "2021-09-24 10:14:00", "elapsed": 107.956187, "delta": 1.190327}}
{"target": 0.30464538897641336, "params": {"max_depth": 12.0, "n_estimators": 9.787602084186195}, "datetime": {"datetime": "2021-09-24 10:14:01", "elapsed": 108.821964, "delta": 0.865777}}
{"target": 0.33993452981488304, "params": {"max_depth": 9.445911925395496, "n_estimators": 17.966828330758553}, "datetime": {"datetime": "2021-09-24 10:14:01", "elapsed": 109.5743, "delta": 0.752336}}
{"target": 0.39612415784036525, "params": {"max_depth": 5.663769542014874, "n_estimators": 21.73990599851594}, "datetime": {"datetime": "2021-09-24 10:14:02", "elapsed": 110.444857, "delta": 0.870557}}
{"target": 0.4087085775316419, "params": {"max_depth": 9.529536105502764, "n_estimators": 93.96757529293436}, "datetime": {"datetime": "2021-09-24 10:14:04", "elapsed": 111.923375, "delta": 1.478518}}
{"target": 0.4053075928970742, "params": {"max_depth": 11.991477209895505, "n_estimators": 57.13251929531993}, "datetime": {"datetime": "2021-09-24 10:14:05", "elapsed": 113.35588, "delta": 1.432505}}
{"target": 0.37740444621284075, "params": {"max_depth": 11.975447650776015, "n_estimators": 31.930701898111497}, "datetime": {"datetime": "2021-09-24 10:14:06", "elapsed": 114.31346, "delta": 0.95758}}
{"target": 0.38558769149615335, "params": {"max_depth": 8.81287917845146, "n_estimators": 35.13851386886958}, "datetime": {"datetime": "2021-09-24 10:14:07", "elapsed": 115.416005, "delta": 1.102545}}
{"target": 0.3633541589285796, "params": {"max_depth": 1.0, "n_estimators": 34.04125274962011}, "datetime": {"datetime": "2021-09-24 10:14:08", "elapsed": 116.394947, "delta": 0.978942}}
{"target": 0.34949866362554205, "params": {"max_depth": 8.455652891849725, "n_estimators": 21.638035140783984}, "datetime": {"datetime": "2021-09-24 10:14:09", "elapsed": 117.466908, "delta": 1.071961}}
{"target": 0.4517212625591266, "params": {"max_depth": 3.1329801530740924, "n_estimators": 76.65533509823024}, "datetime": {"datetime": "2021-09-24 10:14:10", "elapsed": 118.671868, "delta": 1.20496}}
{"target": 0.4501025893444973, "params": {"max_depth": 3.9078421872459046, "n_estimators": 65.45683444834998}, "datetime": {"datetime": "2021-09-24 10:14:11", "elapsed": 119.667983, "delta": 0.996115}}
{"target": 0.4467271784234066, "params": {"max_depth": 2.9349123596399345, "n_estimators": 84.50274256933176}, "datetime": {"datetime": "2021-09-24 10:14:13", "elapsed": 120.946884, "delta": 1.278901}}
{"target": 0.42031192662811134, "params": {"max_depth": 4.346275318645518, "n_estimators": 25.472830318610082}, "datetime": {"datetime": "2021-09-24 10:14:14", "elapsed": 122.179957, "delta": 1.233073}}
{"target": 0.37780152544360157, "params": {"max_depth": 5.749332237806227, "n_estimators": 15.266809332910242}, "datetime": {"datetime": "2021-09-24 10:14:15", "elapsed": 123.148935, "delta": 0.968978}}
{"target": 0.4240503845901612, "params": {"max_depth": 5.595333646982118, "n_estimators": 43.05258178619657}, "datetime": {"datetime": "2021-09-24 10:14:16", "elapsed": 124.372694, "delta": 1.223759}}
{"target": 0.3553405162251324, "params": {"max_depth": 1.0337669213057938, "n_estimators": 45.510710275247845}, "datetime": {"datetime": "2021-09-24 10:14:17", "elapsed": 125.379986, "delta": 1.007292}}
{"target": 0.442952738040708, "params": {"max_depth": 2.949145569114801, "n_estimators": 59.19165357865807}, "datetime": {"datetime": "2021-09-24 10:14:18", "elapsed": 126.519682, "delta": 1.139696}}
{"target": 0.4070910554024927, "params": {"max_depth": 10.144355254991726, "n_estimators": 65.63533485848541}, "datetime": {"datetime": "2021-09-24 10:14:19", "elapsed": 127.704745, "delta": 1.185063}}
{"target": 0.40196508686963073, "params": {"max_depth": 9.079188329474269, "n_estimators": 59.66820743575566}, "datetime": {"datetime": "2021-09-24 10:14:21", "elapsed": 129.01529, "delta": 1.310545}}
{"target": 0.43803576707733605, "params": {"max_depth": 3.6425078109432034, "n_estimators": 43.474363629782125}, "datetime": {"datetime": "2021-09-24 10:14:22", "elapsed": 129.824854, "delta": 0.809564}}
{"target": 0.401858192928371, "params": {"max_depth": 9.870771662160461, "n_estimators": 73.95421419681529}, "datetime": {"datetime": "2021-09-24 10:14:23", "elapsed": 130.957038, "delta": 1.132184}}
{"target": 0.45054460423950415, "params": {"max_depth": 4.201169840978569, "n_estimators": 81.61400281559757}, "datetime": {"datetime": "2021-09-24 10:14:24", "elapsed": 132.520143, "delta": 1.563105}}
{"target": 0.410443962031936, "params": {"max_depth": 10.168108355198283, "n_estimators": 91.60866818527973}, "datetime": {"datetime": "2021-09-24 10:14:26", "elapsed": 134.005925, "delta": 1.485782}}
{"target": 0.4486955089304213, "params": {"max_depth": 4.059623830001296, "n_estimators": 88.87516742466974}, "datetime": {"datetime": "2021-09-24 10:14:27", "elapsed": 135.695168, "delta": 1.689243}}
{"target": 0.44646910203682477, "params": {"max_depth": 4.307831884516897, "n_estimators": 64.05373318429557}, "datetime": {"datetime": "2021-09-24 10:14:29", "elapsed": 137.03981, "delta": 1.344642}}
{"target": 0.44627509877353944, "params": {"max_depth": 2.704136085654396, "n_estimators": 82.83552230139004}, "datetime": {"datetime": "2021-09-24 10:14:30", "elapsed": 138.274601, "delta": 1.234791}}
{"target": 0.42526612229748484, "params": {"max_depth": 5.2122960066589945, "n_estimators": 33.575041907159495}, "datetime": {"datetime": "2021-09-24 10:14:31", "elapsed": 139.322659, "delta": 1.048058}}
{"target": 0.40090095112365287, "params": {"max_depth": 9.892364501324106, "n_estimators": 54.62435441004875}, "datetime": {"datetime": "2021-09-24 10:14:32", "elapsed": 140.478133, "delta": 1.155474}}
{"target": 0.43726989015252105, "params": {"max_depth": 4.105730465102294, "n_estimators": 49.25282984422297}, "datetime": {"datetime": "2021-09-24 10:14:33", "elapsed": 141.452116, "delta": 0.973983}}
{"target": 0.43915514884191054, "params": {"max_depth": 3.4548118045060026, "n_estimators": 46.87547021985351}, "datetime": {"datetime": "2021-09-24 10:14:34", "elapsed": 142.640916, "delta": 1.1888}}
{"target": 0.40610371768572795, "params": {"max_depth": 7.177912129201095, "n_estimators": 47.78675862561656}, "datetime": {"datetime": "2021-09-24 10:14:36", "elapsed": 143.761974, "delta": 1.121058}}
{"target": 0.41710507656005125, "params": {"max_depth": 5.217460373553598, "n_estimators": 30.68789406741596}, "datetime": {"datetime": "2021-09-24 10:14:37", "elapsed": 144.846834, "delta": 1.08486}}
{"target": 0.4545791527872364, "params": {"max_depth": 3.9483962373956594, "n_estimators": 95.02965698268133}, "datetime": {"datetime": "2021-09-24 10:14:38", "elapsed": 146.167341, "delta": 1.320507}}
{"target": 0.4414487538185271, "params": {"max_depth": 2.939505145577419, "n_estimators": 74.5729214731519}, "datetime": {"datetime": "2021-09-24 10:14:39", "elapsed": 147.211653, "delta": 1.044312}}
{"target": 0.4483132671827723, "params": {"max_depth": 4.60688428553126, "n_estimators": 90.05474960204072}, "datetime": {"datetime": "2021-09-24 10:14:40", "elapsed": 148.489973, "delta": 1.27832}}
{"target": 0.42054186649014214, "params": {"max_depth": 7.32483890926476, "n_estimators": 89.73629483494605}, "datetime": {"datetime": "2021-09-24 10:14:41", "elapsed": 149.733648, "delta": 1.243675}}
{"target": 0.4497410988355567, "params": {"max_depth": 3.613515017266953, "n_estimators": 66.73441240876976}, "datetime": {"datetime": "2021-09-24 10:14:43", "elapsed": 150.79366, "delta": 1.060012}}
{"target": 0.4461611676580821, "params": {"max_depth": 4.041554448350403, "n_estimators": 55.01340358622644}, "datetime": {"datetime": "2021-09-24 10:14:44", "elapsed": 152.047087, "delta": 1.253427}}
{"target": 0.42000673669331523, "params": {"max_depth": 3.45962357151134, "n_estimators": 9.129076623342513}, "datetime": {"datetime": "2021-09-24 10:14:45", "elapsed": 152.970718, "delta": 0.923631}}
{"target": 0.45238229187027623, "params": {"max_depth": 3.809652095072688, "n_estimators": 100.0}, "datetime": {"datetime": "2021-09-24 10:14:47", "elapsed": 154.753298, "delta": 1.78258}}
{"target": 0.4468792130775341, "params": {"max_depth": 4.945666778821829, "n_estimators": 65.30253767811028}, "datetime": {"datetime": "2021-09-24 10:14:48", "elapsed": 155.867419, "delta": 1.114121}}
{"target": 0.44875366726713806, "params": {"max_depth": 4.684500131293001, "n_estimators": 93.83441160048825}, "datetime": {"datetime": "2021-09-24 10:14:49", "elapsed": 157.504662, "delta": 1.637243}}
{"target": 0.44459761661420105, "params": {"max_depth": 2.9204469652413154, "n_estimators": 44.776395876005154}, "datetime": {"datetime": "2021-09-24 10:14:50", "elapsed": 158.557632, "delta": 1.05297}}
{"target": 0.45574823165232947, "params": {"max_depth": 3.316609914553734, "n_estimators": 85.92905658635063}, "datetime": {"datetime": "2021-09-24 10:14:52", "elapsed": 159.830901, "delta": 1.273269}}
{"target": 0.44639458445226776, "params": {"max_depth": 2.781319804464577, "n_estimators": 61.50890061694584}, "datetime": {"datetime": "2021-09-24 10:14:53", "elapsed": 160.839176, "delta": 1.008275}}
{"target": 0.4200740924377475, "params": {"max_depth": 6.851084621648675, "n_estimators": 51.35939438944865}, "datetime": {"datetime": "2021-09-24 10:14:54", "elapsed": 162.27854, "delta": 1.439364}}
{"target": 0.4371877408907209, "params": {"max_depth": 5.471263352077724, "n_estimators": 57.47327204230812}, "datetime": {"datetime": "2021-09-24 10:14:55", "elapsed": 163.476401, "delta": 1.197861}}
{"target": 0.45384987435053104, "params": {"max_depth": 3.060315924060771, "n_estimators": 96.43695204006207}, "datetime": {"datetime": "2021-09-24 10:14:57", "elapsed": 165.036796, "delta": 1.560395}}
{"target": 0.4485031779739036, "params": {"max_depth": 4.832286482190382, "n_estimators": 78.95074806484165}, "datetime": {"datetime": "2021-09-24 10:14:59", "elapsed": 166.982738, "delta": 1.945942}}
{"target": 0.45245571759201597, "params": {"max_depth": 3.7737318683800494, "n_estimators": 99.10739304926958}, "datetime": {"datetime": "2021-09-24 10:15:01", "elapsed": 168.876964, "delta": 1.894226}}
{"target": 0.4512052294705061, "params": {"max_depth": 3.888258285523628, "n_estimators": 68.00361561211152}, "datetime": {"datetime": "2021-09-24 10:15:02", "elapsed": 170.399138, "delta": 1.522174}}
{"target": 0.43234324096323873, "params": {"max_depth": 5.314032069092916, "n_estimators": 73.8211852247752}, "datetime": {"datetime": "2021-09-24 10:15:03", "elapsed": 171.638762, "delta": 1.239624}}
{"target": 0.4525867907323462, "params": {"max_depth": 3.355090996607712, "n_estimators": 97.8238847279222}, "datetime": {"datetime": "2021-09-24 10:15:05", "elapsed": 173.069198, "delta": 1.430436}}
{"target": 0.44849483717138316, "params": {"max_depth": 4.063477929344208, "n_estimators": 92.90624138177607}, "datetime": {"datetime": "2021-09-24 10:15:06", "elapsed": 174.555742, "delta": 1.486544}}
{"target": 0.4367091129834274, "params": {"max_depth": 5.356975109324014, "n_estimators": 62.600654898619666}, "datetime": {"datetime": "2021-09-24 10:15:08", "elapsed": 176.568508, "delta": 2.012766}}
{"target": 0.45151168711890544, "params": {"max_depth": 3.5884319770127124, "n_estimators": 75.66346238112055}, "datetime": {"datetime": "2021-09-24 10:15:10", "elapsed": 178.503099, "delta": 1.934591}}
{"target": 0.4381607200565941, "params": {"max_depth": 4.21371888213473, "n_estimators": 50.812467539214886}, "datetime": {"datetime": "2021-09-24 10:15:12", "elapsed": 179.930526, "delta": 1.427427}}
{"target": 0.4288156093677936, "params": {"max_depth": 3.4932652815852148, "n_estimators": 29.550580231539268}, "datetime": {"datetime": "2021-09-24 10:15:13", "elapsed": 181.534835, "delta": 1.604309}}
{"target": 0.4203559455787622, "params": {"max_depth": 4.311182577156124, "n_estimators": 23.582687733454183}, "datetime": {"datetime": "2021-09-24 10:15:15", "elapsed": 183.56111, "delta": 2.026275}}
{"target": 0.45117307934627593, "params": {"max_depth": 4.196561206621716, "n_estimators": 82.61390118420442}, "datetime": {"datetime": "2021-09-24 10:15:17", "elapsed": 185.626718, "delta": 2.065608}}
{"target": 0.45262583566478876, "params": {"max_depth": 3.1573677379414873, "n_estimators": 77.61688754438016}, "datetime": {"datetime": "2021-09-24 10:15:19", "elapsed": 187.73632, "delta": 2.109602}}
{"target": 0.448053638089309, "params": {"max_depth": 4.019123725401337, "n_estimators": 87.68900354937038}, "datetime": {"datetime": "2021-09-24 10:15:21", "elapsed": 189.440669, "delta": 1.704349}}
{"target": 0.3955907715477077, "params": {"max_depth": 12.0, "n_estimators": 74.00093194047749}, "datetime": {"datetime": "2021-09-24 10:15:23", "elapsed": 191.489281, "delta": 2.048612}}
{"target": 0.4458112810554409, "params": {"max_depth": 2.10044369911391, "n_estimators": 55.907356243749334}, "datetime": {"datetime": "2021-09-24 10:15:25", "elapsed": 193.46797, "delta": 1.978689}}
{"target": 0.4378782809779348, "params": {"max_depth": 3.0462681967986858, "n_estimators": 40.80908501966407}, "datetime": {"datetime": "2021-09-24 10:15:27", "elapsed": 195.231458, "delta": 1.763488}}
{"target": 0.41154744321320813, "params": {"max_depth": 6.180066698783091, "n_estimators": 37.13169045709725}, "datetime": {"datetime": "2021-09-24 10:15:29", "elapsed": 197.10128, "delta": 1.869822}}
{"target": 0.446822415136089, "params": {"max_depth": 2.8476694607113586, "n_estimators": 83.54981079776267}, "datetime": {"datetime": "2021-09-24 10:15:31", "elapsed": 199.341502, "delta": 2.240222}}
{"target": 0.30803435875615814, "params": {"max_depth": 6.221416836573755, "n_estimators": 6.820893421730707}, "datetime": {"datetime": "2021-09-24 10:15:33", "elapsed": 200.84685, "delta": 1.505348}}
{"target": 0.4519051221901561, "params": {"max_depth": 4.527245068581909, "n_estimators": 83.84717741891323}, "datetime": {"datetime": "2021-09-24 10:15:34", "elapsed": 202.429812, "delta": 1.582962}}
{"target": 0.4080655843228488, "params": {"max_depth": 11.896990124937362, "n_estimators": 69.27061278174043}, "datetime": {"datetime": "2021-09-24 10:15:36", "elapsed": 204.444283, "delta": 2.014471}}
{"target": 0.4517612435740359, "params": {"max_depth": 3.1188078946126843, "n_estimators": 69.12270684437716}, "datetime": {"datetime": "2021-09-24 10:15:38", "elapsed": 205.788143, "delta": 1.34386}}
{"target": 0.38467701997814974, "params": {"max_depth": 12.0, "n_estimators": 50.70320827538447}, "datetime": {"datetime": "2021-09-24 10:15:39", "elapsed": 207.555302, "delta": 1.767159}}
{"target": 0.44897683676918276, "params": {"max_depth": 4.633894344808903, "n_estimators": 80.56217011773175}, "datetime": {"datetime": "2021-09-24 10:15:41", "elapsed": 209.033417, "delta": 1.478115}}
{"target": 0.44675498609573505, "params": {"max_depth": 4.7824559810942455, "n_estimators": 75.46570707112537}, "datetime": {"datetime": "2021-09-24 10:15:43", "elapsed": 210.75491, "delta": 1.721493}}
{"target": 0.451866678097271, "params": {"max_depth": 3.4335133137982106, "n_estimators": 70.04463875608579}, "datetime": {"datetime": "2021-09-24 10:15:44", "elapsed": 212.106592, "delta": 1.351682}}
