{"target": -41.92668093977311, "params": {"max_depth": 19.541364213943325, "n_estimators": 12.39718081989852, "random_state": 1.099823168266423}, "datetime": {"datetime": "2021-09-28 13:42:27", "elapsed": 846.365129, "delta": 6.55068}}
{"target": -40.65481614518575, "params": {"max_depth": 23.904345048975163, "n_estimators": 55.852646812135305, "random_state": 10.91163251644141}, "datetime": {"datetime": "2021-09-28 13:42:32", "elapsed": 851.492443, "delta": 5.127314}}
{"target": -44.95162814365997, "params": {"max_depth": 10.636674541704979, "n_estimators": 8.769685571607639, "random_state": 10.92597556299745}, "datetime": {"datetime": "2021-09-28 13:42:36", "elapsed": 856.11029, "delta": 4.617847}}
{"target": -39.99089549333251, "params": {"max_depth": 21.08897385197458, "n_estimators": 27.72106294510977, "random_state": 11.0}, "datetime": {"datetime": "2021-09-28 13:42:42", "elapsed": 861.726037, "delta": 5.615747}}
{"target": -40.11160780170558, "params": {"max_depth": 19.925838687957107, "n_estimators": 95.11927372345338, "random_state": 1.0}, "datetime": {"datetime": "2021-09-28 13:42:47", "elapsed": 866.64114, "delta": 4.915103}}
{"target": -41.110045859665654, "params": {"max_depth": 30.0, "n_estimators": 27.95624492717972, "random_state": 1.0}, "datetime": {"datetime": "2021-09-28 13:42:52", "elapsed": 872.039802, "delta": 5.398662}}
{"target": -39.872022709756564, "params": {"max_depth": 26.324990237572507, "n_estimators": 34.295364327768574, "random_state": 11.0}, "datetime": {"datetime": "2021-09-28 13:42:57", "elapsed": 876.81239, "delta": 4.772588}}
{"target": -44.89142060944492, "params": {"max_depth": 1.0, "n_estimators": 25.523775336733696, "random_state": 1.0}, "datetime": {"datetime": "2021-09-28 13:43:01", "elapsed": 880.652935, "delta": 3.840545}}
{"target": -44.01764834652304, "params": {"max_depth": 1.0, "n_estimators": 9.906004237937584, "random_state": 1.0}, "datetime": {"datetime": "2021-09-28 13:43:07", "elapsed": 887.199227, "delta": 6.546292}}
{"target": -39.7436260767809, "params": {"max_depth": 16.067157857077124, "n_estimators": 73.12277967515664, "random_state": 11.0}, "datetime": {"datetime": "2021-09-28 13:43:12", "elapsed": 891.463811, "delta": 4.264584}}
{"target": -40.14811291776972, "params": {"max_depth": 17.78844362572616, "n_estimators": 70.66400197997399, "random_state": 6.924346452801411}, "datetime": {"datetime": "2021-09-28 13:43:17", "elapsed": 897.090839, "delta": 5.627028}}
{"target": -41.19080204106502, "params": {"max_depth": 17.382451982368025, "n_estimators": 77.79859513649316, "random_state": 10.075774958309239}, "datetime": {"datetime": "2021-09-28 13:43:22", "elapsed": 902.200973, "delta": 5.110134}}
{"target": -44.64353226563939, "params": {"max_depth": 1.0, "n_estimators": 41.90735543848648, "random_state": 1.0}, "datetime": {"datetime": "2021-09-28 13:43:27", "elapsed": 906.331135, "delta": 4.130162}}
{"target": -50.94623334777254, "params": {"max_depth": 23.684905149883104, "n_estimators": 1.4915289760836141, "random_state": 10.999738740267823}, "datetime": {"datetime": "2021-09-28 13:43:32", "elapsed": 911.341314, "delta": 5.010179}}
{"target": -40.35792320498352, "params": {"max_depth": 12.6444472715984, "n_estimators": 35.6732490490431, "random_state": 11.0}, "datetime": {"datetime": "2021-09-28 13:43:38", "elapsed": 917.29993, "delta": 5.958616}}
{"target": -40.38224855385865, "params": {"max_depth": 22.053247415315813, "n_estimators": 49.027526509076864, "random_state": 1.0}, "datetime": {"datetime": "2021-09-28 13:43:41", "elapsed": 921.219366, "delta": 3.919436}}
{"target": -39.77763336049598, "params": {"max_depth": 29.923314371179135, "n_estimators": 33.252266871289876, "random_state": 7.063169743173155}, "datetime": {"datetime": "2021-09-28 13:43:46", "elapsed": 925.658497, "delta": 4.439131}}
{"target": -41.39063743384961, "params": {"max_depth": 30.0, "n_estimators": 17.707656839165626, "random_state": 1.0}, "datetime": {"datetime": "2021-09-28 13:43:53", "elapsed": 933.08508, "delta": 7.426583}}
{"target": -40.374390398072514, "params": {"max_depth": 20.948525516065704, "n_estimators": 76.19259246018262, "random_state": 1.0}, "datetime": {"datetime": "2021-09-28 13:44:00", "elapsed": 939.574783, "delta": 6.489703}}
{"target": -39.85560358880739, "params": {"max_depth": 23.626327359644854, "n_estimators": 45.12806387381648, "random_state": 6.082322245746994}, "datetime": {"datetime": "2021-09-28 13:44:04", "elapsed": 943.843376, "delta": 4.268593}}
{"target": -40.38502293788288, "params": {"max_depth": 29.96566676371516, "n_estimators": 36.51501220216704, "random_state": 3.260409356810195}, "datetime": {"datetime": "2021-09-28 13:44:09", "elapsed": 948.593433, "delta": 4.750057}}
{"target": -46.03548488715135, "params": {"max_depth": 1.3549702442204712, "n_estimators": 25.627456910063298, "random_state": 10.393884015823703}, "datetime": {"datetime": "2021-09-28 13:44:15", "elapsed": 955.068602, "delta": 6.475169}}
{"target": -48.822098193921235, "params": {"max_depth": 6.521069041201004, "n_estimators": 1.0, "random_state": 1.0}, "datetime": {"datetime": "2021-09-28 13:44:20", "elapsed": 959.907112, "delta": 4.83851}}
{"target": -40.00911209339883, "params": {"max_depth": 7.41828332144484, "n_estimators": 51.73594875959497, "random_state": 3.6577903300410743}, "datetime": {"datetime": "2021-09-28 13:44:25", "elapsed": 965.0993, "delta": 5.192188}}
{"target": -40.205775251653186, "params": {"max_depth": 20.337811285498184, "n_estimators": 88.11773583787893, "random_state": 1.2703958969204379}, "datetime": {"datetime": "2021-09-28 13:44:30", "elapsed": 970.029274, "delta": 4.929974}}
{"target": -40.51326288112332, "params": {"max_depth": 24.50605862269075, "n_estimators": 91.37879486119371, "random_state": 7.450663535001131}, "datetime": {"datetime": "2021-09-28 13:44:36", "elapsed": 975.235377, "delta": 5.206103}}
{"target": -39.9549880917983, "params": {"max_depth": 30.0, "n_estimators": 83.74095671602753, "random_state": 1.0}, "datetime": {"datetime": "2021-09-28 13:44:40", "elapsed": 979.674812, "delta": 4.439435}}
{"target": -40.08267484372058, "params": {"max_depth": 16.852607139781142, "n_estimators": 100.0, "random_state": 3.6106049498251407}, "datetime": {"datetime": "2021-09-28 13:44:44", "elapsed": 984.123316, "delta": 4.448504}}
{"target": -39.98482501104325, "params": {"max_depth": 12.171110103249884, "n_estimators": 100.0, "random_state": 11.0}, "datetime": {"datetime": "2021-09-28 13:44:51", "elapsed": 990.902964, "delta": 6.779648}}
{"target": -40.43793736406492, "params": {"max_depth": 29.17171722619295, "n_estimators": 53.68469529014675, "random_state": 1.2790364504506304}, "datetime": {"datetime": "2021-09-28 13:44:56", "elapsed": 995.817891, "delta": 4.914927}}
{"target": -39.57260341573387, "params": {"max_depth": 21.950733963743694, "n_estimators": 34.27282308467163, "random_state": 9.364792505945234}, "datetime": {"datetime": "2021-09-28 13:45:01", "elapsed": 1001.07647, "delta": 5.258579}}
{"target": -39.64634260164492, "params": {"max_depth": 24.010283562637763, "n_estimators": 31.124236131411624, "random_state": 7.202627860684634}, "datetime": {"datetime": "2021-09-28 13:45:06", "elapsed": 1005.477015, "delta": 4.400545}}
{"target": -39.58162119897531, "params": {"max_depth": 25.39897198718274, "n_estimators": 34.84516385199015, "random_state": 7.02475325261282}, "datetime": {"datetime": "2021-09-28 13:45:10", "elapsed": 1009.504641, "delta": 4.027626}}
{"target": -39.768489687774704, "params": {"max_depth": 24.00469476239978, "n_estimators": 37.42986593558733, "random_state": 9.520264858501463}, "datetime": {"datetime": "2021-09-28 13:45:16", "elapsed": 1015.651357, "delta": 6.146716}}
{"target": -40.08476590701785, "params": {"max_depth": 20.361576346702236, "n_estimators": 29.77512583385, "random_state": 6.33942624316332}, "datetime": {"datetime": "2021-09-28 13:45:21", "elapsed": 1020.658981, "delta": 5.007624}}
{"target": -39.674109617372025, "params": {"max_depth": 14.516237055130945, "n_estimators": 68.9085961944109, "random_state": 11.0}, "datetime": {"datetime": "2021-09-28 13:45:27", "elapsed": 1026.744838, "delta": 6.085857}}
{"target": -41.186740507173404, "params": {"max_depth": 29.834898187305694, "n_estimators": 78.23005931444884, "random_state": 10.991774882904373}, "datetime": {"datetime": "2021-09-28 13:45:33", "elapsed": 1032.933765, "delta": 6.188927}}
{"target": -39.80810949972372, "params": {"max_depth": 13.290146874892066, "n_estimators": 64.76803972686241, "random_state": 11.0}, "datetime": {"datetime": "2021-09-28 13:45:38", "elapsed": 1037.53573, "delta": 4.601965}}
{"target": -40.83620049150788, "params": {"max_depth": 12.207824258571671, "n_estimators": 72.51288130576239, "random_state": 10.781706818943581}, "datetime": {"datetime": "2021-09-28 13:45:43", "elapsed": 1042.233756, "delta": 4.698026}}
{"target": -39.90429629198895, "params": {"max_depth": 23.535312013063045, "n_estimators": 31.327582560113232, "random_state": 11.0}, "datetime": {"datetime": "2021-09-28 13:45:47", "elapsed": 1046.995349, "delta": 4.761593}}
{"target": -40.46375675137306, "params": {"max_depth": 17.6619752207272, "n_estimators": 65.96903221910729, "random_state": 1.4131141739887023}, "datetime": {"datetime": "2021-09-28 13:45:52", "elapsed": 1051.2508, "delta": 4.255451}}
{"target": -41.199329460322375, "params": {"max_depth": 16.53398264678737, "n_estimators": 24.918687488182147, "random_state": 10.507094514730008}, "datetime": {"datetime": "2021-09-28 13:45:57", "elapsed": 1056.33099, "delta": 5.08019}}
{"target": -40.224428324240975, "params": {"max_depth": 23.073673781405514, "n_estimators": 82.86225925682223, "random_state": 6.661018475796896}, "datetime": {"datetime": "2021-09-28 13:46:01", "elapsed": 1060.927854, "delta": 4.596864}}
{"target": -39.22159557790465, "params": {"max_depth": 9.89550885936541, "n_estimators": 19.063764437771137, "random_state": 11.0}, "datetime": {"datetime": "2021-09-28 13:46:08", "elapsed": 1067.288601, "delta": 6.360747}}
{"target": -41.88303062642438, "params": {"max_depth": 10.765666446403062, "n_estimators": 17.487427659369068, "random_state": 8.447160566461235}, "datetime": {"datetime": "2021-09-28 13:46:13", "elapsed": 1072.28535, "delta": 4.996749}}
{"target": -40.60230143918749, "params": {"max_depth": 7.2009424103951565, "n_estimators": 20.7623737713001, "random_state": 10.71110979106186}, "datetime": {"datetime": "2021-09-28 13:46:18", "elapsed": 1077.521998, "delta": 5.236648}}
{"target": -40.16822273110841, "params": {"max_depth": 13.774214491983487, "n_estimators": 93.29183921120345, "random_state": 9.235000950919018}, "datetime": {"datetime": "2021-09-28 13:46:24", "elapsed": 1084.073912, "delta": 6.551914}}
{"target": -40.99045904139571, "params": {"max_depth": 29.326201936965074, "n_estimators": 18.364075731783263, "random_state": 10.92010769924027}, "datetime": {"datetime": "2021-09-28 13:46:29", "elapsed": 1089.179207, "delta": 5.105295}}
{"target": -40.68524415306769, "params": {"max_depth": 10.284180589117888, "n_estimators": 85.10117891398579, "random_state": 10.922160981886408}, "datetime": {"datetime": "2021-09-28 13:46:34", "elapsed": 1093.983446, "delta": 4.804239}}
{"target": -40.41883051586589, "params": {"max_depth": 26.609253036229944, "n_estimators": 31.91697568961523, "random_state": 4.684651878845329}, "datetime": {"datetime": "2021-09-28 13:46:41", "elapsed": 1100.413425, "delta": 6.429979}}
{"target": -40.8350746691727, "params": {"max_depth": 19.8454399508965, "n_estimators": 10.276882072920879, "random_state": 11.0}, "datetime": {"datetime": "2021-09-28 13:46:45", "elapsed": 1104.668351, "delta": 4.254926}}
{"target": -40.3819204238389, "params": {"max_depth": 14.409193229654564, "n_estimators": 66.62532776481751, "random_state": 7.416086353341063}, "datetime": {"datetime": "2021-09-28 13:46:53", "elapsed": 1112.696867, "delta": 8.028516}}
{"target": -40.77308660733273, "params": {"max_depth": 19.552738518924148, "n_estimators": 70.66722646106302, "random_state": 10.992318581471029}, "datetime": {"datetime": "2021-09-28 13:47:00", "elapsed": 1119.749067, "delta": 7.0522}}
{"target": -40.66308355514636, "params": {"max_depth": 11.3937408761866, "n_estimators": 21.947506058749244, "random_state": 10.759323215747992}, "datetime": {"datetime": "2021-09-28 13:47:07", "elapsed": 1126.941737, "delta": 7.19267}}
{"target": -45.189350630685446, "params": {"max_depth": 1.0, "n_estimators": 43.639874603348076, "random_state": 11.0}, "datetime": {"datetime": "2021-09-28 13:47:13", "elapsed": 1132.321641, "delta": 5.379904}}
{"target": -40.363145946404906, "params": {"max_depth": 22.065345461466396, "n_estimators": 34.7903833688982, "random_state": 5.9870571970820885}, "datetime": {"datetime": "2021-09-28 13:47:20", "elapsed": 1140.071694, "delta": 7.750053}}
{"target": -39.83765719745235, "params": {"max_depth": 16.114145028202724, "n_estimators": 58.216427204054334, "random_state": 6.87188952284653}, "datetime": {"datetime": "2021-09-28 13:47:27", "elapsed": 1146.829539, "delta": 6.757845}}
{"target": -40.786305607625366, "params": {"max_depth": 8.042014141690917, "n_estimators": 47.23712900766172, "random_state": 1.0}, "datetime": {"datetime": "2021-09-28 13:47:32", "elapsed": 1151.789373, "delta": 4.959834}}
{"target": -39.93602367807013, "params": {"max_depth": 19.328033800643023, "n_estimators": 35.77001706729816, "random_state": 11.0}, "datetime": {"datetime": "2021-09-28 13:47:40", "elapsed": 1159.309143, "delta": 7.51977}}
{"target": -40.624503560859246, "params": {"max_depth": 2.2824694080285117, "n_estimators": 17.722329277026166, "random_state": 1.13636473933577}, "datetime": {"datetime": "2021-09-28 13:47:45", "elapsed": 1164.526956, "delta": 5.217813}}
{"target": -40.114826714083435, "params": {"max_depth": 30.0, "n_estimators": 94.90683233367312, "random_state": 3.9216214611468985}, "datetime": {"datetime": "2021-09-28 13:47:52", "elapsed": 1171.825055, "delta": 7.298099}}
{"target": -40.840068766281924, "params": {"max_depth": 16.6940205921213, "n_estimators": 19.457677805157605, "random_state": 1.0}, "datetime": {"datetime": "2021-09-28 13:47:57", "elapsed": 1176.569696, "delta": 4.744641}}
{"target": -40.39212009319769, "params": {"max_depth": 22.61340770780039, "n_estimators": 100.0, "random_state": 4.439413366975531}, "datetime": {"datetime": "2021-09-28 13:48:01", "elapsed": 1181.157652, "delta": 4.587956}}
{"target": -40.09724598614565, "params": {"max_depth": 7.620002209773161, "n_estimators": 99.78953025265564, "random_state": 9.740578215633484}, "datetime": {"datetime": "2021-09-28 13:48:07", "elapsed": 1186.719313, "delta": 5.561661}}
{"target": -40.01221543106992, "params": {"max_depth": 18.319706099311155, "n_estimators": 82.39818110730145, "random_state": 1.0}, "datetime": {"datetime": "2021-09-28 13:48:16", "elapsed": 1195.456636, "delta": 8.737323}}
{"target": -44.59324023126214, "params": {"max_depth": 1.0, "n_estimators": 33.72274713248305, "random_state": 1.0}, "datetime": {"datetime": "2021-09-28 13:48:21", "elapsed": 1200.344236, "delta": 4.8876}}
{"target": -40.08698791026828, "params": {"max_depth": 30.0, "n_estimators": 53.84221445865556, "random_state": 7.2819715045430735}, "datetime": {"datetime": "2021-09-28 13:48:26", "elapsed": 1205.253824, "delta": 4.909588}}
{"target": -39.53749170381949, "params": {"max_depth": 30.0, "n_estimators": 71.33589331014429, "random_state": 11.0}, "datetime": {"datetime": "2021-09-28 13:48:31", "elapsed": 1210.480412, "delta": 5.226588}}
{"target": -40.289406366192296, "params": {"max_depth": 29.88956501323707, "n_estimators": 65.17206233544441, "random_state": 1.2653447126590147}, "datetime": {"datetime": "2021-09-28 13:48:38", "elapsed": 1217.797549, "delta": 7.317137}}
{"target": -39.831190857231846, "params": {"max_depth": 19.55494962741392, "n_estimators": 54.884674092495686, "random_state": 6.117584669127037}, "datetime": {"datetime": "2021-09-28 13:48:45", "elapsed": 1224.94523, "delta": 7.147681}}
{"target": -40.96498235659425, "params": {"max_depth": 26.32541232328386, "n_estimators": 69.08506940178229, "random_state": 10.827151623586383}, "datetime": {"datetime": "2021-09-28 13:48:50", "elapsed": 1230.179568, "delta": 5.234338}}
{"target": -52.75413584783545, "params": {"max_depth": 9.941205361349901, "n_estimators": 1.0, "random_state": 11.0}, "datetime": {"datetime": "2021-09-28 13:48:56", "elapsed": 1235.92172, "delta": 5.742152}}
{"target": -40.0907633743177, "params": {"max_depth": 17.448133692237437, "n_estimators": 92.29037577345241, "random_state": 5.065242849042915}, "datetime": {"datetime": "2021-09-28 13:49:02", "elapsed": 1241.497147, "delta": 5.575427}}
{"target": -42.74197526117945, "params": {"max_depth": 12.514050413578241, "n_estimators": 8.563848217034602, "random_state": 1.1363050663944665}, "datetime": {"datetime": "2021-09-28 13:49:09", "elapsed": 1248.993437, "delta": 7.49629}}
{"target": -39.60963833296275, "params": {"max_depth": 14.458456642584807, "n_estimators": 60.263655483857136, "random_state": 11.0}, "datetime": {"datetime": "2021-09-28 13:49:17", "elapsed": 1257.099404, "delta": 8.105967}}
{"target": -40.44587091210906, "params": {"max_depth": 17.04259983703057, "n_estimators": 57.60979904637285, "random_state": 10.777696057671909}, "datetime": {"datetime": "2021-09-28 13:49:22", "elapsed": 1261.859398, "delta": 4.759994}}
{"target": -40.45579949852105, "params": {"max_depth": 22.867632724541515, "n_estimators": 54.2302430431589, "random_state": 3.2301153483452705}, "datetime": {"datetime": "2021-09-28 13:49:28", "elapsed": 1268.091274, "delta": 6.231876}}
{"target": -40.20070925605498, "params": {"max_depth": 13.118098128233884, "n_estimators": 61.65896357715376, "random_state": 7.929748775896114}, "datetime": {"datetime": "2021-09-28 13:49:36", "elapsed": 1275.342615, "delta": 7.251341}}
{"target": -38.99316896035687, "params": {"max_depth": 7.934405571751101, "n_estimators": 38.17853019732423, "random_state": 11.0}, "datetime": {"datetime": "2021-09-28 13:49:41", "elapsed": 1280.301347, "delta": 4.958732}}
{"target": -39.91245487155083, "params": {"max_depth": 6.8366362903709685, "n_estimators": 37.839087996387896, "random_state": 8.54314545486447}, "datetime": {"datetime": "2021-09-28 13:49:46", "elapsed": 1285.822948, "delta": 5.521601}}
{"target": -40.296846027172585, "params": {"max_depth": 8.605439849818747, "n_estimators": 34.24668522008847, "random_state": 10.697984220995796}, "datetime": {"datetime": "2021-09-28 13:49:52", "elapsed": 1291.711858, "delta": 5.88891}}
{"target": -40.95502425760431, "params": {"max_depth": 10.11448164888708, "n_estimators": 39.25410724814775, "random_state": 10.10157961477235}, "datetime": {"datetime": "2021-09-28 13:49:58", "elapsed": 1298.006685, "delta": 6.294827}}
{"target": -40.829922023322396, "params": {"max_depth": 29.476013703451507, "n_estimators": 32.04244238882657, "random_state": 10.727729268587424}, "datetime": {"datetime": "2021-09-28 13:50:05", "elapsed": 1305.2164, "delta": 7.209715}}
{"target": -40.274698314118126, "params": {"max_depth": 28.198463740008663, "n_estimators": 81.69173889596573, "random_state": 4.588745796805085}, "datetime": {"datetime": "2021-09-28 13:50:12", "elapsed": 1311.587443, "delta": 6.371043}}
{"target": -40.8484152052554, "params": {"max_depth": 23.698891463364262, "n_estimators": 63.68756306664633, "random_state": 4.419157764653906}, "datetime": {"datetime": "2021-09-28 13:50:19", "elapsed": 1318.58147, "delta": 6.994027}}
{"target": -40.34393496588518, "params": {"max_depth": 25.887576196377417, "n_estimators": 73.88821280904821, "random_state": 4.206723883415456}, "datetime": {"datetime": "2021-09-28 13:50:26", "elapsed": 1325.480986, "delta": 6.899516}}
{"target": -40.150869078866556, "params": {"max_depth": 25.339609310489315, "n_estimators": 94.85082007261668, "random_state": 1.2351629536744237}, "datetime": {"datetime": "2021-09-28 13:50:32", "elapsed": 1331.311269, "delta": 5.830283}}
{"target": -40.542775684298995, "params": {"max_depth": 21.340469248543197, "n_estimators": 43.69671568445501, "random_state": 1.0}, "datetime": {"datetime": "2021-09-28 13:50:38", "elapsed": 1338.08994, "delta": 6.778671}}
{"target": -40.16954022946311, "params": {"max_depth": 12.862984344085223, "n_estimators": 100.0, "random_state": 6.344083711899815}, "datetime": {"datetime": "2021-09-28 13:50:48", "elapsed": 1347.867361, "delta": 9.777421}}
{"target": -40.29983458621507, "params": {"max_depth": 16.587303424259726, "n_estimators": 85.21234853399369, "random_state": 4.827329526167106}, "datetime": {"datetime": "2021-09-28 13:50:53", "elapsed": 1353.020854, "delta": 5.153493}}
{"target": -40.31030911576888, "params": {"max_depth": 14.899239594679727, "n_estimators": 95.50994203550941, "random_state": 1.0}, "datetime": {"datetime": "2021-09-28 13:50:59", "elapsed": 1358.827754, "delta": 5.8069}}
{"target": -39.69985893252206, "params": {"max_depth": 9.124458899127756, "n_estimators": 91.19602406525581, "random_state": 11.0}, "datetime": {"datetime": "2021-09-28 13:51:06", "elapsed": 1365.63178, "delta": 6.804026}}
{"target": -42.73981141874387, "params": {"max_depth": 27.001359594429886, "n_estimators": 10.534340775936613, "random_state": 1.1075411882147348}, "datetime": {"datetime": "2021-09-28 13:51:13", "elapsed": 1372.247462, "delta": 6.615682}}
{"target": -40.17923437628532, "params": {"max_depth": 25.330566390406904, "n_estimators": 86.68676494603822, "random_state": 1.399385259557935}, "datetime": {"datetime": "2021-09-28 13:51:18", "elapsed": 1377.733787, "delta": 5.486325}}
{"target": -40.94632501931949, "params": {"max_depth": 29.7806869520671, "n_estimators": 92.3955624607304, "random_state": 10.518498421344356}, "datetime": {"datetime": "2021-09-28 13:51:26", "elapsed": 1385.452348, "delta": 7.718561}}
