{"target": -45.37920468715581, "params": {"max_depth": 6.087208903428766, "n_estimators": 40.97611630194831}, "datetime": {"datetime": "2021-09-24 13:59:38", "elapsed": 355.196752, "delta": 2.241674}}
{"target": -46.550401652156964, "params": {"max_depth": 10.580131028127024, "n_estimators": 24.62596537645673}, "datetime": {"datetime": "2021-09-24 13:59:40", "elapsed": 357.271452, "delta": 2.0747}}
{"target": -44.84765510271259, "params": {"max_depth": 6.135910395403334, "n_estimators": 34.75832316079391}, "datetime": {"datetime": "2021-09-24 13:59:42", "elapsed": 359.406297, "delta": 2.134845}}
{"target": -47.41037978689773, "params": {"max_depth": 9.986136934386385, "n_estimators": 16.195700180357118}, "datetime": {"datetime": "2021-09-24 13:59:44", "elapsed": 361.389237, "delta": 1.98294}}
{"target": -45.817275747508305, "params": {"max_depth": 20.522239799155017, "n_estimators": 43.024232754444384}, "datetime": {"datetime": "2021-09-24 13:59:46", "elapsed": 363.941947, "delta": 2.55271}}
{"target": -44.43520738837626, "params": {"max_depth": 3.275756482282297, "n_estimators": 27.602832540770248}, "datetime": {"datetime": "2021-09-24 13:59:49", "elapsed": 366.561586, "delta": 2.619639}}
{"target": -45.67925749069515, "params": {"max_depth": 7.341028802475214, "n_estimators": 30.911485863468574}, "datetime": {"datetime": "2021-09-24 13:59:51", "elapsed": 368.599396, "delta": 2.03781}}
{"target": -44.25780325823444, "params": {"max_depth": 2.682206534095787, "n_estimators": 39.120293928077686}, "datetime": {"datetime": "2021-09-24 13:59:53", "elapsed": 370.606019, "delta": 2.006623}}
{"target": -45.180919037761264, "params": {"max_depth": 4.028510565950304, "n_estimators": 9.620218607271687}, "datetime": {"datetime": "2021-09-24 13:59:55", "elapsed": 373.02344, "delta": 2.417421}}
{"target": -44.538801822016715, "params": {"max_depth": 4.474069783560198, "n_estimators": 37.4197740641662}, "datetime": {"datetime": "2021-09-24 13:59:59", "elapsed": 376.710231, "delta": 3.686791}}
{"target": -46.07744406804557, "params": {"max_depth": 15.089333872668243, "n_estimators": 39.90233815986557}, "datetime": {"datetime": "2021-09-24 14:00:02", "elapsed": 379.7349, "delta": 3.024669}}
{"target": -44.72519987375203, "params": {"max_depth": 2.948677165749726, "n_estimators": 17.03133341349017}, "datetime": {"datetime": "2021-09-24 14:00:05", "elapsed": 382.851341, "delta": 3.116441}}
{"target": -44.72519987375203, "params": {"max_depth": 2.578554050062154, "n_estimators": 17.911437440574623}, "datetime": {"datetime": "2021-09-24 14:00:08", "elapsed": 385.76309, "delta": 2.911749}}
{"target": -48.114517061885486, "params": {"max_depth": 22.60365457987632, "n_estimators": 13.945275785077207}, "datetime": {"datetime": "2021-09-24 14:00:11", "elapsed": 388.668749, "delta": 2.905659}}
{"target": -44.091538165944755, "params": {"max_depth": 3.971818234574327, "n_estimators": 48.07467994775746}, "datetime": {"datetime": "2021-09-24 14:00:14", "elapsed": 391.58791, "delta": 2.919161}}
{"target": -44.4238128191718, "params": {"max_depth": 3.259717376304189, "n_estimators": 31.708146147990888}, "datetime": {"datetime": "2021-09-24 14:00:17", "elapsed": 394.497063, "delta": 2.909153}}
{"target": -44.545495082383695, "params": {"max_depth": 3.7656023605145563, "n_estimators": 22.97013090729067}, "datetime": {"datetime": "2021-09-24 14:00:20", "elapsed": 397.416695, "delta": 2.919632}}
{"target": -44.110890380024536, "params": {"max_depth": 3.6018385872321, "n_estimators": 49.936988272181445}, "datetime": {"datetime": "2021-09-24 14:00:22", "elapsed": 400.051493, "delta": 2.634798}}
{"target": -45.95752044760105, "params": {"max_depth": 10.79513206995936, "n_estimators": 43.01968981448053}, "datetime": {"datetime": "2021-09-24 14:00:26", "elapsed": 403.575129, "delta": 3.523636}}
{"target": -45.92930570061106, "params": {"max_depth": 3.181112800702742, "n_estimators": 5.330833209787322}, "datetime": {"datetime": "2021-09-24 14:00:30", "elapsed": 407.659917, "delta": 4.084788}}
{"target": -48.28762708425718, "params": {"max_depth": 1.5192683903823587, "n_estimators": 49.990776900760864}, "datetime": {"datetime": "2021-09-24 14:00:33", "elapsed": 410.703103, "delta": 3.043186}}
{"target": -46.10412504147884, "params": {"max_depth": 5.855228673913925, "n_estimators": 19.851259199612997}, "datetime": {"datetime": "2021-09-24 14:00:37", "elapsed": 414.219083, "delta": 3.51598}}
{"target": -45.72993863261071, "params": {"max_depth": 5.375041043995737, "n_estimators": 24.932256961839684}, "datetime": {"datetime": "2021-09-24 14:00:41", "elapsed": 418.581897, "delta": 4.362814}}
{"target": -44.364321444669876, "params": {"max_depth": 2.444625223272979, "n_estimators": 49.325417315757406}, "datetime": {"datetime": "2021-09-24 14:00:45", "elapsed": 422.251209, "delta": 3.669312}}
{"target": -48.204676336044386, "params": {"max_depth": 1.1338972116801163, "n_estimators": 39.39213918509313}, "datetime": {"datetime": "2021-09-24 14:00:47", "elapsed": 424.570027, "delta": 2.318818}}
{"target": -46.15442866798226, "params": {"max_depth": 8.00544159334204, "n_estimators": 48.92061595540477}, "datetime": {"datetime": "2021-09-24 14:00:51", "elapsed": 429.150996, "delta": 4.580969}}
{"target": -44.30477884027204, "params": {"max_depth": 2.5552216425041134, "n_estimators": 10.019497827274337}, "datetime": {"datetime": "2021-09-24 14:00:55", "elapsed": 432.597096, "delta": 3.4461}}
{"target": -43.797045030968164, "params": {"max_depth": 2.669116050999393, "n_estimators": 9.19809895353605}, "datetime": {"datetime": "2021-09-24 14:00:58", "elapsed": 436.033231, "delta": 3.436135}}
{"target": -46.09472901002506, "params": {"max_depth": 17.71532518122206, "n_estimators": 32.940610429744495}, "datetime": {"datetime": "2021-09-24 14:01:01", "elapsed": 438.820997, "delta": 2.787766}}
{"target": -48.86534518113466, "params": {"max_depth": 24.98107586718939, "n_estimators": 11.424764632007797}, "datetime": {"datetime": "2021-09-24 14:01:04", "elapsed": 441.997647, "delta": 3.17665}}
{"target": -43.797045030968164, "params": {"max_depth": 2.3182118473744917, "n_estimators": 9.416662324645925}, "datetime": {"datetime": "2021-09-24 14:01:07", "elapsed": 444.40759, "delta": 2.409943}}
{"target": -44.56163200432965, "params": {"max_depth": 2.4338778754836516, "n_estimators": 22.07064096649023}, "datetime": {"datetime": "2021-09-24 14:01:10", "elapsed": 447.712691, "delta": 3.305101}}
{"target": -47.840601503759395, "params": {"max_depth": 25.0, "n_estimators": 15.631771638083336}, "datetime": {"datetime": "2021-09-24 14:01:13", "elapsed": 450.880164, "delta": 3.167473}}
{"target": -44.929030065311885, "params": {"max_depth": 6.151563780871706, "n_estimators": 33.689866669738}, "datetime": {"datetime": "2021-09-24 14:01:16", "elapsed": 454.099981, "delta": 3.219817}}
{"target": -44.31364488186112, "params": {"max_depth": 2.2882175273255996, "n_estimators": 8.89570917684289}, "datetime": {"datetime": "2021-09-24 14:01:19", "elapsed": 456.418118, "delta": 2.318137}}
{"target": -46.00197863078749, "params": {"max_depth": 22.248632383137906, "n_estimators": 38.7959711519003}, "datetime": {"datetime": "2021-09-24 14:01:24", "elapsed": 461.311757, "delta": 4.893639}}
{"target": -45.5795918367347, "params": {"max_depth": 23.562273445553796, "n_estimators": 35.12090483791654}, "datetime": {"datetime": "2021-09-24 14:01:28", "elapsed": 465.736324, "delta": 4.424567}}
{"target": -44.18069973291282, "params": {"max_depth": 3.223728311014491, "n_estimators": 46.58720771432782}, "datetime": {"datetime": "2021-09-24 14:01:31", "elapsed": 468.734547, "delta": 2.998223}}
{"target": -45.65337686487938, "params": {"max_depth": 5.480588201485289, "n_estimators": 26.975101774832574}, "datetime": {"datetime": "2021-09-24 14:01:35", "elapsed": 472.388843, "delta": 3.654296}}
{"target": -46.213254215742374, "params": {"max_depth": 12.337955042159876, "n_estimators": 43.29878331199034}, "datetime": {"datetime": "2021-09-24 14:01:38", "elapsed": 476.076401, "delta": 3.687558}}
{"target": -43.797045030968164, "params": {"max_depth": 2.6128020199237145, "n_estimators": 9.577207090814213}, "datetime": {"datetime": "2021-09-24 14:01:41", "elapsed": 478.939495, "delta": 2.863094}}
{"target": -44.85029477405494, "params": {"max_depth": 4.521203806608138, "n_estimators": 30.265646204911665}, "datetime": {"datetime": "2021-09-24 14:01:45", "elapsed": 482.263196, "delta": 3.323701}}
{"target": -45.8985271725547, "params": {"max_depth": 13.556721644767418, "n_estimators": 40.63749321653944}, "datetime": {"datetime": "2021-09-24 14:01:48", "elapsed": 485.805946, "delta": 3.54275}}
{"target": -45.74122807017544, "params": {"max_depth": 20.152495340514044, "n_estimators": 48.153686514983406}, "datetime": {"datetime": "2021-09-24 14:01:53", "elapsed": 490.22883, "delta": 4.422884}}
{"target": -44.54427766225148, "params": {"max_depth": 4.003723277712611, "n_estimators": 41.62471287147037}, "datetime": {"datetime": "2021-09-24 14:01:57", "elapsed": 494.628086, "delta": 4.399256}}
{"target": -45.10076320250861, "params": {"max_depth": 5.943648245298302, "n_estimators": 45.164100119467626}, "datetime": {"datetime": "2021-09-24 14:02:02", "elapsed": 499.518894, "delta": 4.890808}}
{"target": -45.886845492108655, "params": {"max_depth": 17.435846123414372, "n_estimators": 37.77677984510143}, "datetime": {"datetime": "2021-09-24 14:02:06", "elapsed": 503.500618, "delta": 3.981724}}
{"target": -44.27752113010146, "params": {"max_depth": 3.5881060244274563, "n_estimators": 36.8345752566509}, "datetime": {"datetime": "2021-09-24 14:02:08", "elapsed": 505.939032, "delta": 2.438414}}
{"target": -45.66818567357321, "params": {"max_depth": 11.007213613742197, "n_estimators": 45.58848976382341}, "datetime": {"datetime": "2021-09-24 14:02:11", "elapsed": 508.717718, "delta": 2.778686}}
{"target": -44.831558301918896, "params": {"max_depth": 3.576660035241029, "n_estimators": 13.976374379463657}, "datetime": {"datetime": "2021-09-24 14:02:15", "elapsed": 512.540214, "delta": 3.822496}}
{"target": -47.88305548694757, "params": {"max_depth": 14.2956667150982, "n_estimators": 15.766220705445512}, "datetime": {"datetime": "2021-09-24 14:02:18", "elapsed": 515.287395, "delta": 2.747181}}
{"target": -45.45400265369306, "params": {"max_depth": 19.707716150607062, "n_estimators": 34.32247198642281}, "datetime": {"datetime": "2021-09-24 14:02:20", "elapsed": 517.958737, "delta": 2.671342}}
{"target": -44.309667879248565, "params": {"max_depth": 3.53070290570375, "n_estimators": 33.42689895596208}, "datetime": {"datetime": "2021-09-24 14:02:23", "elapsed": 520.325575, "delta": 2.366838}}
{"target": -44.13768888961451, "params": {"max_depth": 3.4270731919332933, "n_estimators": 47.27677662233123}, "datetime": {"datetime": "2021-09-24 14:02:25", "elapsed": 522.693376, "delta": 2.367801}}
{"target": -45.74122807017544, "params": {"max_depth": 24.4924540240021, "n_estimators": 48.99525450770654}, "datetime": {"datetime": "2021-09-24 14:02:29", "elapsed": 527.050051, "delta": 4.356675}}
{"target": -44.866401548820214, "params": {"max_depth": 4.395928221306144, "n_estimators": 15.62081611746819}, "datetime": {"datetime": "2021-09-24 14:02:32", "elapsed": 529.637355, "delta": 2.587304}}
{"target": -44.091538165944755, "params": {"max_depth": 3.4467847397121316, "n_estimators": 48.329398457977376}, "datetime": {"datetime": "2021-09-24 14:02:35", "elapsed": 532.406242, "delta": 2.768887}}
{"target": -44.22147831876444, "params": {"max_depth": 3.731115800973095, "n_estimators": 44.2765643175305}, "datetime": {"datetime": "2021-09-24 14:02:37", "elapsed": 535.061503, "delta": 2.655261}}
{"target": -44.9170434250269, "params": {"max_depth": 3.3355840503302217, "n_estimators": 12.388294843235743}, "datetime": {"datetime": "2021-09-24 14:02:40", "elapsed": 537.593997, "delta": 2.532494}}
{"target": -44.891241471662994, "params": {"max_depth": 4.508009928248701, "n_estimators": 19.429410760750034}, "datetime": {"datetime": "2021-09-24 14:02:43", "elapsed": 540.664666, "delta": 3.070669}}
{"target": -44.50095564487059, "params": {"max_depth": 3.3147857596146206, "n_estimators": 28.44361884819903}, "datetime": {"datetime": "2021-09-24 14:02:46", "elapsed": 543.282494, "delta": 2.617828}}
{"target": -44.26163794009688, "params": {"max_depth": 3.9347150653568885, "n_estimators": 35.73048580596554}, "datetime": {"datetime": "2021-09-24 14:02:48", "elapsed": 545.777024, "delta": 2.49453}}
{"target": -44.36173724188147, "params": {"max_depth": 2.6690117052786757, "n_estimators": 32.243832287298886}, "datetime": {"datetime": "2021-09-24 14:02:52", "elapsed": 549.169173, "delta": 3.392149}}
{"target": -45.23419331436573, "params": {"max_depth": 5.460292781186166, "n_estimators": 31.73047836182594}, "datetime": {"datetime": "2021-09-24 14:02:54", "elapsed": 551.880996, "delta": 2.711823}}
{"target": -45.5795918367347, "params": {"max_depth": 25.0, "n_estimators": 35.84889890485692}, "datetime": {"datetime": "2021-09-24 14:02:57", "elapsed": 554.823375, "delta": 2.942379}}
{"target": -45.898813504896154, "params": {"max_depth": 14.323626627576303, "n_estimators": 35.26846460978436}, "datetime": {"datetime": "2021-09-24 14:03:01", "elapsed": 558.708452, "delta": 3.885077}}
{"target": -46.131930025533634, "params": {"max_depth": 14.388140937528194, "n_estimators": 49.98472851524314}, "datetime": {"datetime": "2021-09-24 14:03:04", "elapsed": 561.95945, "delta": 3.250998}}
{"target": -44.229669351038815, "params": {"max_depth": 3.6174302641537253, "n_estimators": 21.204956765912}, "datetime": {"datetime": "2021-09-24 14:03:08", "elapsed": 565.728445, "delta": 3.768995}}
{"target": -43.797045030968164, "params": {"max_depth": 2.4369374815597356, "n_estimators": 9.3853770392848}, "datetime": {"datetime": "2021-09-24 14:03:11", "elapsed": 568.570445, "delta": 2.842}}
{"target": -44.31364488186112, "params": {"max_depth": 2.9549092920498694, "n_estimators": 8.772197740370213}, "datetime": {"datetime": "2021-09-24 14:03:14", "elapsed": 571.180449, "delta": 2.610004}}
{"target": -48.101207711849405, "params": {"max_depth": 1.8595205589698498, "n_estimators": 9.964724800817526}, "datetime": {"datetime": "2021-09-24 14:03:16", "elapsed": 574.020446, "delta": 2.839997}}
{"target": -50.37142857142857, "params": {"max_depth": 19.684427551289538, "n_estimators": 5.424539098155027}, "datetime": {"datetime": "2021-09-24 14:03:19", "elapsed": 576.687982, "delta": 2.667536}}
{"target": -47.76127819548872, "params": {"max_depth": 19.999048503696056, "n_estimators": 16.400729795796025}, "datetime": {"datetime": "2021-09-24 14:03:22", "elapsed": 579.19047, "delta": 2.502488}}
{"target": -46.18424823420466, "params": {"max_depth": 12.374697407649954, "n_estimators": 38.73665308197713}, "datetime": {"datetime": "2021-09-24 14:03:24", "elapsed": 581.395192, "delta": 2.204722}}
{"target": -46.796992481203006, "params": {"max_depth": 23.69316799658811, "n_estimators": 25.547024255129273}, "datetime": {"datetime": "2021-09-24 14:03:27", "elapsed": 584.385952, "delta": 2.99076}}
{"target": -45.73382303111405, "params": {"max_depth": 13.917339560364649, "n_estimators": 29.77957121460864}, "datetime": {"datetime": "2021-09-24 14:03:29", "elapsed": 586.594372, "delta": 2.20842}}
{"target": -45.6154672395274, "params": {"max_depth": 22.326985457660367, "n_estimators": 49.06561796362332}, "datetime": {"datetime": "2021-09-24 14:03:33", "elapsed": 590.861655, "delta": 4.267283}}
{"target": -46.05529299439074, "params": {"max_depth": 15.967276496526416, "n_estimators": 30.43106703120752}, "datetime": {"datetime": "2021-09-24 14:03:36", "elapsed": 593.389651, "delta": 2.527996}}
{"target": -46.274028927926324, "params": {"max_depth": 8.913671081290257, "n_estimators": 31.322670482546133}, "datetime": {"datetime": "2021-09-24 14:03:39", "elapsed": 596.190647, "delta": 2.800996}}
{"target": -45.817275747508305, "params": {"max_depth": 21.9553755810077, "n_estimators": 43.32918801235625}, "datetime": {"datetime": "2021-09-24 14:03:42", "elapsed": 599.780676, "delta": 3.590029}}
{"target": -45.91484962406015, "params": {"max_depth": 24.96536101799527, "n_estimators": 40.330330348687255}, "datetime": {"datetime": "2021-09-24 14:03:45", "elapsed": 602.570251, "delta": 2.789575}}
{"target": -47.58350462673107, "params": {"max_depth": 14.585247232771152, "n_estimators": 20.016609598482326}, "datetime": {"datetime": "2021-09-24 14:03:47", "elapsed": 604.90368, "delta": 2.333429}}
{"target": -45.633333333333326, "params": {"max_depth": 17.57774943493329, "n_estimators": 35.05119616748186}, "datetime": {"datetime": "2021-09-24 14:03:51", "elapsed": 608.661287, "delta": 3.757607}}
{"target": -45.870970233128844, "params": {"max_depth": 12.121206452690119, "n_estimators": 50.0}, "datetime": {"datetime": "2021-09-24 14:03:54", "elapsed": 611.916777, "delta": 3.25549}}
{"target": -46.99692412850307, "params": {"max_depth": 23.694951344101632, "n_estimators": 22.3431845945505}, "datetime": {"datetime": "2021-09-24 14:03:58", "elapsed": 615.925971, "delta": 4.009194}}
{"target": -45.891272798998976, "params": {"max_depth": 3.8506800928945255, "n_estimators": 6.893906759599522}, "datetime": {"datetime": "2021-09-24 14:04:02", "elapsed": 619.300505, "delta": 3.374534}}
{"target": -46.20455561713972, "params": {"max_depth": 8.316729682002212, "n_estimators": 45.60105342986804}, "datetime": {"datetime": "2021-09-24 14:04:05", "elapsed": 622.826734, "delta": 3.526229}}
{"target": -45.75118962371916, "params": {"max_depth": 16.915703651888254, "n_estimators": 49.30352197647072}, "datetime": {"datetime": "2021-09-24 14:04:08", "elapsed": 625.611535, "delta": 2.784801}}
{"target": -45.09115615912793, "params": {"max_depth": 7.188905338527848, "n_estimators": 33.0277437017306}, "datetime": {"datetime": "2021-09-24 14:04:11", "elapsed": 628.48304, "delta": 2.871505}}
{"target": -45.91484962406015, "params": {"max_depth": 22.09279710164237, "n_estimators": 40.53313328824259}, "datetime": {"datetime": "2021-09-24 14:04:14", "elapsed": 632.004525, "delta": 3.521485}}
{"target": -47.08508112386229, "params": {"max_depth": 25.0, "n_estimators": 19.48782450978192}, "datetime": {"datetime": "2021-09-24 14:04:18", "elapsed": 635.216965, "delta": 3.21244}}
{"target": -45.140338285036975, "params": {"max_depth": 6.724375731814993, "n_estimators": 37.00598563099566}, "datetime": {"datetime": "2021-09-24 14:04:20", "elapsed": 637.8191, "delta": 2.602135}}
{"target": -45.00323548108938, "params": {"max_depth": 4.921653049319194, "n_estimators": 23.129439656094068}, "datetime": {"datetime": "2021-09-24 14:04:23", "elapsed": 640.436432, "delta": 2.617332}}
{"target": -45.26408795470084, "params": {"max_depth": 3.0738759142729926, "n_estimators": 10.15907250747726}, "datetime": {"datetime": "2021-09-24 14:04:25", "elapsed": 642.791042, "delta": 2.35461}}
{"target": -46.796992481203006, "params": {"max_depth": 21.145783255889032, "n_estimators": 25.050049038201742}, "datetime": {"datetime": "2021-09-24 14:04:28", "elapsed": 645.545996, "delta": 2.754954}}
{"target": -46.96388699020278, "params": {"max_depth": 17.13339814379071, "n_estimators": 22.127895086268477}, "datetime": {"datetime": "2021-09-24 14:04:32", "elapsed": 650.07598, "delta": 4.529984}}
{"target": -45.73977626994315, "params": {"max_depth": 20.553212289809046, "n_estimators": 41.15285587090535}, "datetime": {"datetime": "2021-09-24 14:04:36", "elapsed": 653.583379, "delta": 3.507399}}
{"target": -45.47826436885135, "params": {"max_depth": 7.490627800982165, "n_estimators": 40.632736123696006}, "datetime": {"datetime": "2021-09-24 14:04:41", "elapsed": 658.486203, "delta": 4.902824}}
{"target": -45.75156691331503, "params": {"max_depth": 16.360108767193374, "n_estimators": 42.18529514022982}, "datetime": {"datetime": "2021-09-24 14:04:44", "elapsed": 661.221807, "delta": 2.735604}}
{"target": -44.48810716222419, "params": {"max_depth": 4.506758122351518, "n_estimators": 48.94367293476548}, "datetime": {"datetime": "2021-09-24 14:04:48", "elapsed": 665.837259, "delta": 4.615452}}
{"target": -50.08944235588972, "params": {"max_depth": 14.536668145086729, "n_estimators": 4.536714919773479}, "datetime": {"datetime": "2021-09-24 14:04:52", "elapsed": 669.177924, "delta": 3.340665}}
{"target": -47.918796992481205, "params": {"max_depth": 14.852602235423918, "n_estimators": 9.01203881794762}, "datetime": {"datetime": "2021-09-24 14:04:56", "elapsed": 673.315711, "delta": 4.137787}}
{"target": -46.35230934479055, "params": {"max_depth": 24.977518234235372, "n_estimators": 28.30025934057325}, "datetime": {"datetime": "2021-09-24 14:04:59", "elapsed": 676.325227, "delta": 3.009516}}
{"target": -45.57893169953703, "params": {"max_depth": 11.251934043594503, "n_estimators": 48.69469138404692}, "datetime": {"datetime": "2021-09-24 14:05:02", "elapsed": 679.660725, "delta": 3.335498}}
{"target": -45.75788450214002, "params": {"max_depth": 13.368931085858309, "n_estimators": 32.779471884182584}, "datetime": {"datetime": "2021-09-24 14:05:04", "elapsed": 682.152533, "delta": 2.491808}}
{"target": -45.733667502088544, "params": {"max_depth": 21.7392386960005, "n_estimators": 45.77179915437535}, "datetime": {"datetime": "2021-09-24 14:05:08", "elapsed": 685.771416, "delta": 3.618883}}
{"target": -45.856957735247214, "params": {"max_depth": 17.745945635806255, "n_estimators": 44.5603874634686}, "datetime": {"datetime": "2021-09-24 14:05:11", "elapsed": 688.421996, "delta": 2.65058}}
{"target": -46.29967776584318, "params": {"max_depth": 18.297096382323275, "n_estimators": 28.483791181776766}, "datetime": {"datetime": "2021-09-24 14:05:13", "elapsed": 690.759577, "delta": 2.337581}}
{"target": -45.07092897986962, "params": {"max_depth": 6.134305460728796, "n_estimators": 48.61638920305544}, "datetime": {"datetime": "2021-09-24 14:05:16", "elapsed": 694.061506, "delta": 3.301929}}
