{"target": 0.4346368508046673, "params": {"max_depth": 2.9369502897876876, "n_estimators": 165.49006179528422}, "datetime": {"datetime": "2021-09-24 11:03:18", "elapsed": 345.79962, "delta": 1.522605}}
{"target": 0.4341973129809983, "params": {"max_depth": 2.7708978187583035, "n_estimators": 166.58430224125243}, "datetime": {"datetime": "2021-09-24 11:03:20", "elapsed": 347.478129, "delta": 1.678509}}
{"target": 0.4261984897052994, "params": {"max_depth": 5.910750985701871, "n_estimators": 134.46913242306815}, "datetime": {"datetime": "2021-09-24 11:03:22", "elapsed": 349.305573, "delta": 1.827444}}
{"target": 0.4407218061218078, "params": {"max_depth": 3.5381505480744098, "n_estimators": 111.10686748269}, "datetime": {"datetime": "2021-09-24 11:03:23", "elapsed": 350.804215, "delta": 1.498642}}
{"target": 0.44033033371158825, "params": {"max_depth": 3.783372410969123, "n_estimators": 112.29875608663889}, "datetime": {"datetime": "2021-09-24 11:03:25", "elapsed": 352.249133, "delta": 1.444918}}
{"target": 0.4343750847688601, "params": {"max_depth": 2.045895049812018, "n_estimators": 157.3322891865229}, "datetime": {"datetime": "2021-09-24 11:03:26", "elapsed": 353.936699, "delta": 1.687566}}
{"target": 0.4329627430767733, "params": {"max_depth": 2.0269275957969017, "n_estimators": 174.27195969626445}, "datetime": {"datetime": "2021-09-24 11:03:28", "elapsed": 355.741855, "delta": 1.805156}}
{"target": 0.43097161127879047, "params": {"max_depth": 5.994693119007097, "n_estimators": 153.50789576401905}, "datetime": {"datetime": "2021-09-24 11:03:30", "elapsed": 357.675455, "delta": 1.9336}}
{"target": 0.4289046494291392, "params": {"max_depth": 5.970598010126054, "n_estimators": 175.6732285672991}, "datetime": {"datetime": "2021-09-24 11:03:32", "elapsed": 359.469465, "delta": 1.79401}}
{"target": 0.44380967819974604, "params": {"max_depth": 3.410044121131623, "n_estimators": 169.0770366114235}, "datetime": {"datetime": "2021-09-24 11:03:34", "elapsed": 361.120345, "delta": 1.65088}}
{"target": 0.4344256219874715, "params": {"max_depth": 2.021288372983311, "n_estimators": 171.46712858757246}, "datetime": {"datetime": "2021-09-24 11:03:35", "elapsed": 362.840548, "delta": 1.720203}}
{"target": 0.4337576769371855, "params": {"max_depth": 2.072884534269351, "n_estimators": 168.90913482867956}, "datetime": {"datetime": "2021-09-24 11:03:37", "elapsed": 364.655035, "delta": 1.814487}}
{"target": 0.43864464655981306, "params": {"max_depth": 4.189563443469603, "n_estimators": 157.21237171295317}, "datetime": {"datetime": "2021-09-24 11:03:39", "elapsed": 366.510658, "delta": 1.855623}}
{"target": 0.43738394279674475, "params": {"max_depth": 4.904221946460005, "n_estimators": 149.7478172674614}, "datetime": {"datetime": "2021-09-24 11:03:41", "elapsed": 368.422651, "delta": 1.911993}}
{"target": 0.44060717602539323, "params": {"max_depth": 3.9956356589521462, "n_estimators": 100.85189303837471}, "datetime": {"datetime": "2021-09-24 11:03:42", "elapsed": 369.905651, "delta": 1.483}}
{"target": 0.43259251319362, "params": {"max_depth": 5.8572829096122945, "n_estimators": 166.02556332778903}, "datetime": {"datetime": "2021-09-24 11:03:44", "elapsed": 371.934712, "delta": 2.029061}}
{"target": 0.44037075697550776, "params": {"max_depth": 3.756858527534403, "n_estimators": 113.40483437562771}, "datetime": {"datetime": "2021-09-24 11:03:46", "elapsed": 373.574748, "delta": 1.640036}}
{"target": 0.4417062064227528, "params": {"max_depth": 3.9818094581104484, "n_estimators": 131.15789318553368}, "datetime": {"datetime": "2021-09-24 11:03:48", "elapsed": 375.49171, "delta": 1.916962}}
{"target": 0.40793221876833297, "params": {"max_depth": 6.0, "n_estimators": 102.1596075122268}, "datetime": {"datetime": "2021-09-24 11:03:49", "elapsed": 376.912711, "delta": 1.421001}}
{"target": 0.43336995796169, "params": {"max_depth": 2.0043473040238116, "n_estimators": 110.33472915842691}, "datetime": {"datetime": "2021-09-24 11:03:51", "elapsed": 378.32471, "delta": 1.411999}}
{"target": 0.43064078814119466, "params": {"max_depth": 5.994067322802728, "n_estimators": 197.74091785056112}, "datetime": {"datetime": "2021-09-24 11:03:54", "elapsed": 381.385163, "delta": 3.060453}}
{"target": 0.4269399046852873, "params": {"max_depth": 5.986149225755392, "n_estimators": 146.53065438778327}, "datetime": {"datetime": "2021-09-24 11:03:56", "elapsed": 383.292444, "delta": 1.907281}}
{"target": 0.43442636436193016, "params": {"max_depth": 2.0, "n_estimators": 108.11755857292886}, "datetime": {"datetime": "2021-09-24 11:03:57", "elapsed": 384.843444, "delta": 1.551}}
{"target": 0.4437463108979317, "params": {"max_depth": 3.2200229308054085, "n_estimators": 138.40501112535048}, "datetime": {"datetime": "2021-09-24 11:03:59", "elapsed": 386.425493, "delta": 1.582049}}
{"target": 0.4343120973614769, "params": {"max_depth": 2.00750367852659, "n_estimators": 138.17177471462557}, "datetime": {"datetime": "2021-09-24 11:04:01", "elapsed": 388.620618, "delta": 2.195125}}
{"target": 0.4315923585757456, "params": {"max_depth": 4.0899291960657, "n_estimators": 105.7420415557181}, "datetime": {"datetime": "2021-09-24 11:04:03", "elapsed": 390.657918, "delta": 2.0373}}
{"target": 0.4406423339157781, "params": {"max_depth": 3.7914507095439407, "n_estimators": 110.20407775058791}, "datetime": {"datetime": "2021-09-24 11:04:05", "elapsed": 392.231655, "delta": 1.573737}}
{"target": 0.44033033371158825, "params": {"max_depth": 3.053442185073249, "n_estimators": 112.78790317270517}, "datetime": {"datetime": "2021-09-24 11:04:06", "elapsed": 393.774134, "delta": 1.542479}}
{"target": 0.42999013677897546, "params": {"max_depth": 5.936735786083988, "n_estimators": 194.29147232168333}, "datetime": {"datetime": "2021-09-24 11:04:09", "elapsed": 396.157934, "delta": 2.3838}}
{"target": 0.4354305030055676, "params": {"max_depth": 4.20742107156511, "n_estimators": 128.0800614669998}, "datetime": {"datetime": "2021-09-24 11:04:11", "elapsed": 398.273823, "delta": 2.115889}}
{"target": 0.44002617039621905, "params": {"max_depth": 3.128073449890256, "n_estimators": 123.46034085068183}, "datetime": {"datetime": "2021-09-24 11:04:13", "elapsed": 400.205316, "delta": 1.931493}}
{"target": 0.4392355830596981, "params": {"max_depth": 3.2435367968113975, "n_estimators": 126.38087163084808}, "datetime": {"datetime": "2021-09-24 11:04:14", "elapsed": 402.039119, "delta": 1.833803}}
{"target": 0.43151952437065244, "params": {"max_depth": 2.9342477842746266, "n_estimators": 194.94009984596119}, "datetime": {"datetime": "2021-09-24 11:04:16", "elapsed": 403.753453, "delta": 1.714334}}
{"target": 0.4401902475986621, "params": {"max_depth": 3.0045925110178175, "n_estimators": 129.42519580341974}, "datetime": {"datetime": "2021-09-24 11:04:18", "elapsed": 405.579975, "delta": 1.826522}}
{"target": 0.4435982768688157, "params": {"max_depth": 3.5343403772756066, "n_estimators": 168.34359008034045}, "datetime": {"datetime": "2021-09-24 11:04:20", "elapsed": 407.753003, "delta": 2.173028}}
{"target": 0.44261094965510184, "params": {"max_depth": 3.3687564373483583, "n_estimators": 187.86173999877957}, "datetime": {"datetime": "2021-09-24 11:04:22", "elapsed": 409.441095, "delta": 1.688092}}
{"target": 0.4326537076807062, "params": {"max_depth": 2.9581712521223205, "n_estimators": 188.77066602737693}, "datetime": {"datetime": "2021-09-24 11:04:24", "elapsed": 411.383179, "delta": 1.942084}}
{"target": 0.44221566662590905, "params": {"max_depth": 3.0213849661220764, "n_estimators": 190.45669939034525}, "datetime": {"datetime": "2021-09-24 11:04:26", "elapsed": 413.085054, "delta": 1.701875}}
{"target": 0.4328468375153498, "params": {"max_depth": 2.915264527066969, "n_estimators": 187.12477827427864}, "datetime": {"datetime": "2021-09-24 11:04:27", "elapsed": 414.647382, "delta": 1.562328}}
{"target": 0.441473857531519, "params": {"max_depth": 3.1302238538317755, "n_estimators": 145.5224693034675}, "datetime": {"datetime": "2021-09-24 11:04:29", "elapsed": 416.514769, "delta": 1.867387}}
{"target": 0.4387358980324768, "params": {"max_depth": 4.222617996181211, "n_estimators": 155.91693877413093}, "datetime": {"datetime": "2021-09-24 11:04:31", "elapsed": 418.447355, "delta": 1.932586}}
{"target": 0.438173147460034, "params": {"max_depth": 4.285081661361122, "n_estimators": 151.6400345026347}, "datetime": {"datetime": "2021-09-24 11:04:33", "elapsed": 420.171031, "delta": 1.723676}}
{"target": 0.4297175257577518, "params": {"max_depth": 5.448495420098299, "n_estimators": 188.7743795553154}, "datetime": {"datetime": "2021-09-24 11:04:35", "elapsed": 422.601125, "delta": 2.430094}}
{"target": 0.4428984477718133, "params": {"max_depth": 3.713000401647656, "n_estimators": 152.9688330149517}, "datetime": {"datetime": "2021-09-24 11:04:37", "elapsed": 424.432953, "delta": 1.831828}}
{"target": 0.4372227591315887, "params": {"max_depth": 4.21913784056879, "n_estimators": 198.7216671787927}, "datetime": {"datetime": "2021-09-24 11:04:39", "elapsed": 426.77658, "delta": 2.343627}}
{"target": 0.4401548740995266, "params": {"max_depth": 3.434516753597177, "n_estimators": 199.9886625226076}, "datetime": {"datetime": "2021-09-24 11:04:41", "elapsed": 428.597564, "delta": 1.820984}}
{"target": 0.43692770072078835, "params": {"max_depth": 4.841898401759026, "n_estimators": 143.18974996924055}, "datetime": {"datetime": "2021-09-24 11:04:43", "elapsed": 430.228761, "delta": 1.631197}}
{"target": 0.4371500066170084, "params": {"max_depth": 4.418913911840825, "n_estimators": 148.928324996545}, "datetime": {"datetime": "2021-09-24 11:04:45", "elapsed": 432.184587, "delta": 1.955826}}
{"target": 0.4334470988899771, "params": {"max_depth": 4.300082641518827, "n_estimators": 110.85917068557296}, "datetime": {"datetime": "2021-09-24 11:04:47", "elapsed": 435.025289, "delta": 2.840702}}
{"target": 0.43206087945310856, "params": {"max_depth": 2.9866806814866584, "n_estimators": 148.66964281627946}, "datetime": {"datetime": "2021-09-24 11:04:50", "elapsed": 437.529677, "delta": 2.504388}}
{"target": 0.4406423339157781, "params": {"max_depth": 3.1657458043128135, "n_estimators": 110.48860162578762}, "datetime": {"datetime": "2021-09-24 11:04:52", "elapsed": 439.481955, "delta": 1.952278}}
{"target": 0.4401548740995266, "params": {"max_depth": 3.233118479915397, "n_estimators": 199.02961150160405}, "datetime": {"datetime": "2021-09-24 11:04:54", "elapsed": 441.436213, "delta": 1.954258}}
{"target": 0.4437463108979317, "params": {"max_depth": 3.782243720055683, "n_estimators": 138.38498248681222}, "datetime": {"datetime": "2021-09-24 11:04:56", "elapsed": 443.110009, "delta": 1.673796}}
{"target": 0.4343259136902605, "params": {"max_depth": 2.9884873795464113, "n_estimators": 163.85175518170206}, "datetime": {"datetime": "2021-09-24 11:04:58", "elapsed": 445.210259, "delta": 2.10025}}
{"target": 0.4335505889737812, "params": {"max_depth": 2.013580103502514, "n_estimators": 152.02678010344925}, "datetime": {"datetime": "2021-09-24 11:05:01", "elapsed": 448.345672, "delta": 3.135413}}
{"target": 0.44006228255847557, "params": {"max_depth": 4.4668107946159985, "n_estimators": 166.09632350140234}, "datetime": {"datetime": "2021-09-24 11:05:03", "elapsed": 450.073609, "delta": 1.727937}}
{"target": 0.4328235528175127, "params": {"max_depth": 4.619806572107441, "n_estimators": 118.73837931184882}, "datetime": {"datetime": "2021-09-24 11:05:04", "elapsed": 451.967268, "delta": 1.893659}}
{"target": 0.4356226531982127, "params": {"max_depth": 4.411824935484319, "n_estimators": 124.97356026607748}, "datetime": {"datetime": "2021-09-24 11:05:06", "elapsed": 453.481138, "delta": 1.51387}}
{"target": 0.4407218061218078, "params": {"max_depth": 3.0623015286177586, "n_estimators": 111.78089493099907}, "datetime": {"datetime": "2021-09-24 11:05:08", "elapsed": 455.862881, "delta": 2.381743}}
{"target": 0.44261094965510184, "params": {"max_depth": 3.830831362851733, "n_estimators": 187.7120127617544}, "datetime": {"datetime": "2021-09-24 11:05:11", "elapsed": 458.421524, "delta": 2.558643}}
{"target": 0.4330473068190659, "params": {"max_depth": 2.707131583630314, "n_estimators": 179.03277904207846}, "datetime": {"datetime": "2021-09-24 11:05:13", "elapsed": 460.786519, "delta": 2.364995}}
{"target": 0.4428305057031471, "params": {"max_depth": 3.431739822114044, "n_estimators": 176.19059921947846}, "datetime": {"datetime": "2021-09-24 11:05:16", "elapsed": 463.156055, "delta": 2.369536}}
{"target": 0.4408299641834258, "params": {"max_depth": 3.518509579639083, "n_estimators": 108.72045806624185}, "datetime": {"datetime": "2021-09-24 11:05:18", "elapsed": 465.078749, "delta": 1.922694}}
{"target": 0.4421955030645077, "params": {"max_depth": 3.27073230556924, "n_estimators": 191.28876458502253}, "datetime": {"datetime": "2021-09-24 11:05:20", "elapsed": 467.331884, "delta": 2.253135}}
{"target": 0.44182061498407543, "params": {"max_depth": 3.8312287214101373, "n_estimators": 194.37186001312665}, "datetime": {"datetime": "2021-09-24 11:05:23", "elapsed": 470.606562, "delta": 3.274678}}
{"target": 0.44197659098819875, "params": {"max_depth": 3.6918655644960063, "n_estimators": 149.37567771232105}, "datetime": {"datetime": "2021-09-24 11:05:26", "elapsed": 473.789304, "delta": 3.182742}}
{"target": 0.4386721528853089, "params": {"max_depth": 3.3134000377204367, "n_estimators": 118.02733827799446}, "datetime": {"datetime": "2021-09-24 11:05:29", "elapsed": 476.41273, "delta": 2.623426}}
{"target": 0.4281708821847703, "params": {"max_depth": 5.952519079454477, "n_estimators": 149.83069096826475}, "datetime": {"datetime": "2021-09-24 11:05:31", "elapsed": 478.824967, "delta": 2.412237}}
{"target": 0.44311173214547306, "params": {"max_depth": 3.3541806838166415, "n_estimators": 173.49047127814478}, "datetime": {"datetime": "2021-09-24 11:05:33", "elapsed": 480.838509, "delta": 2.013542}}
{"target": 0.43831631472517785, "params": {"max_depth": 4.003079694961491, "n_estimators": 175.4045951595902}, "datetime": {"datetime": "2021-09-24 11:05:36", "elapsed": 483.084078, "delta": 2.245569}}
{"target": 0.4236632861111217, "params": {"max_depth": 5.992293683551823, "n_estimators": 130.0047922318344}, "datetime": {"datetime": "2021-09-24 11:05:39", "elapsed": 486.230821, "delta": 3.146743}}
{"target": 0.44380967819974604, "params": {"max_depth": 3.8720001032788383, "n_estimators": 169.4202977776307}, "datetime": {"datetime": "2021-09-24 11:05:42", "elapsed": 489.119021, "delta": 2.8882}}
{"target": 0.4380496114410233, "params": {"max_depth": 4.613879096490121, "n_estimators": 159.67948442540398}, "datetime": {"datetime": "2021-09-24 11:05:44", "elapsed": 491.799239, "delta": 2.680218}}
{"target": 0.43766690506901285, "params": {"max_depth": 4.638552522370462, "n_estimators": 196.8495961819297}, "datetime": {"datetime": "2021-09-24 11:05:47", "elapsed": 494.682558, "delta": 2.883319}}
{"target": 0.44272801702904263, "params": {"max_depth": 3.539597260295651, "n_estimators": 181.33824757329356}, "datetime": {"datetime": "2021-09-24 11:05:50", "elapsed": 497.190044, "delta": 2.507486}}
{"target": 0.43041516826965676, "params": {"max_depth": 5.110601295017252, "n_estimators": 157.3403249228261}, "datetime": {"datetime": "2021-09-24 11:05:52", "elapsed": 499.538612, "delta": 2.348568}}
{"target": 0.4426200172454585, "params": {"max_depth": 3.3631235059038187, "n_estimators": 157.08005000237856}, "datetime": {"datetime": "2021-09-24 11:05:54", "elapsed": 501.643354, "delta": 2.104742}}
{"target": 0.4426200172454585, "params": {"max_depth": 3.5655242499285205, "n_estimators": 157.61572435928315}, "datetime": {"datetime": "2021-09-24 11:05:57", "elapsed": 504.542932, "delta": 2.899578}}
{"target": 0.41611434834351313, "params": {"max_depth": 6.0, "n_estimators": 126.04412348334006}, "datetime": {"datetime": "2021-09-24 11:06:00", "elapsed": 507.54094, "delta": 2.998008}}
{"target": 0.4357463396316118, "params": {"max_depth": 4.241182024549859, "n_estimators": 123.60407950516918}, "datetime": {"datetime": "2021-09-24 11:06:04", "elapsed": 511.351836, "delta": 3.810896}}
{"target": 0.44024229377468904, "params": {"max_depth": 3.039447642606919, "n_estimators": 121.0041041650648}, "datetime": {"datetime": "2021-09-24 11:06:06", "elapsed": 513.470299, "delta": 2.118463}}
{"target": 0.42064642897135296, "params": {"max_depth": 6.0, "n_estimators": 185.73098439621444}, "datetime": {"datetime": "2021-09-24 11:06:08", "elapsed": 515.959089, "delta": 2.48879}}
{"target": 0.4437463108979317, "params": {"max_depth": 3.515556951058693, "n_estimators": 138.78776136202714}, "datetime": {"datetime": "2021-09-24 11:06:11", "elapsed": 518.367177, "delta": 2.408088}}
{"target": 0.43312454846596804, "params": {"max_depth": 4.02541126735216, "n_estimators": 100.01226747003685}, "datetime": {"datetime": "2021-09-24 11:06:13", "elapsed": 520.298213, "delta": 1.931036}}
{"target": 0.4428305057031471, "params": {"max_depth": 3.89589218595675, "n_estimators": 176.8462317464528}, "datetime": {"datetime": "2021-09-24 11:06:15", "elapsed": 522.356415, "delta": 2.058202}}
{"target": 0.42475807943545363, "params": {"max_depth": 5.96244017895501, "n_estimators": 122.4783293077484}, "datetime": {"datetime": "2021-09-24 11:06:17", "elapsed": 524.172656, "delta": 1.816241}}
{"target": 0.43797305381864315, "params": {"max_depth": 4.667742626314924, "n_estimators": 140.78471528889537}, "datetime": {"datetime": "2021-09-24 11:06:19", "elapsed": 526.598969, "delta": 2.426313}}
{"target": 0.44157584004175343, "params": {"max_depth": 3.2839924138844583, "n_estimators": 196.5064319039112}, "datetime": {"datetime": "2021-09-24 11:06:22", "elapsed": 529.697219, "delta": 3.09825}}
{"target": 0.4397406814270729, "params": {"max_depth": 4.536195398165635, "n_estimators": 164.5684712900911}, "datetime": {"datetime": "2021-09-24 11:06:24", "elapsed": 532.040086, "delta": 2.342867}}
{"target": 0.44329403698057734, "params": {"max_depth": 3.609106380196131, "n_estimators": 134.47586971966115}, "datetime": {"datetime": "2021-09-24 11:06:27", "elapsed": 534.585021, "delta": 2.544935}}
{"target": 0.43265694262480947, "params": {"max_depth": 2.868381405681098, "n_estimators": 127.35769537334804}, "datetime": {"datetime": "2021-09-24 11:06:29", "elapsed": 536.792805, "delta": 2.207784}}
{"target": 0.44060717602539323, "params": {"max_depth": 3.115160869301974, "n_estimators": 100.5600645375508}, "datetime": {"datetime": "2021-09-24 11:06:31", "elapsed": 538.986063, "delta": 2.193258}}
{"target": 0.44494789027382164, "params": {"max_depth": 3.395205511613125, "n_estimators": 165.1186720787892}, "datetime": {"datetime": "2021-09-24 11:06:33", "elapsed": 540.955983, "delta": 1.96992}}
{"target": 0.4366959850378237, "params": {"max_depth": 4.115343090758689, "n_estimators": 144.41814983592772}, "datetime": {"datetime": "2021-09-24 11:06:37", "elapsed": 544.561208, "delta": 3.605225}}
{"target": 0.4368725130221681, "params": {"max_depth": 4.307929577516482, "n_estimators": 150.57434620682997}, "datetime": {"datetime": "2021-09-24 11:06:40", "elapsed": 547.893928, "delta": 3.33272}}
{"target": 0.440299032485607, "params": {"max_depth": 3.9834687986094957, "n_estimators": 114.37077679456462}, "datetime": {"datetime": "2021-09-24 11:06:44", "elapsed": 551.379707, "delta": 3.485779}}
{"target": 0.43956516995825445, "params": {"max_depth": 3.9572616911713165, "n_estimators": 115.34633712775185}, "datetime": {"datetime": "2021-09-24 11:06:46", "elapsed": 553.567671, "delta": 2.187964}}
{"target": 0.4405181119570851, "params": {"max_depth": 3.585598142047328, "n_estimators": 109.57582078479257}, "datetime": {"datetime": "2021-09-24 11:06:48", "elapsed": 555.52071, "delta": 1.953039}}
{"target": 0.4333537349720775, "params": {"max_depth": 2.5882653237106013, "n_estimators": 140.42039755648167}, "datetime": {"datetime": "2021-09-24 11:06:50", "elapsed": 557.735659, "delta": 2.214949}}
{"target": 0.44023076365039815, "params": {"max_depth": 3.0972613308804644, "n_estimators": 130.50543985331888}, "datetime": {"datetime": "2021-09-24 11:06:52", "elapsed": 559.865772, "delta": 2.130113}}
{"target": 0.43300266398320086, "params": {"max_depth": 2.964013687824473, "n_estimators": 181.3677874871114}, "datetime": {"datetime": "2021-09-24 11:06:55", "elapsed": 562.399293, "delta": 2.533521}}
{"target": 0.4331675960073895, "params": {"max_depth": 2.939805462189352, "n_estimators": 180.1221886068116}, "datetime": {"datetime": "2021-09-24 11:06:57", "elapsed": 564.627989, "delta": 2.228696}}
{"target": 0.44257979446619844, "params": {"max_depth": 3.549505620359129, "n_estimators": 179.2920526637796}, "datetime": {"datetime": "2021-09-24 11:06:59", "elapsed": 566.797917, "delta": 2.169928}}
{"target": 0.4427243990527847, "params": {"max_depth": 3.285811829029299, "n_estimators": 185.335952290392}, "datetime": {"datetime": "2021-09-24 11:07:03", "elapsed": 570.171479, "delta": 3.373562}}
{"target": 0.4369011242678571, "params": {"max_depth": 4.298921695953971, "n_estimators": 199.98569261845563}, "datetime": {"datetime": "2021-09-24 11:07:06", "elapsed": 574.057645, "delta": 3.886166}}
{"target": 0.44037075697550776, "params": {"max_depth": 3.2757884910643593, "n_estimators": 113.84630936722647}, "datetime": {"datetime": "2021-09-24 11:07:08", "elapsed": 575.938655, "delta": 1.88101}}
{"target": 0.4385916884360028, "params": {"max_depth": 4.628346429050161, "n_estimators": 192.41704369380477}, "datetime": {"datetime": "2021-09-24 11:07:12", "elapsed": 579.298075, "delta": 3.35942}}
{"target": 0.442810996225777, "params": {"max_depth": 3.5535404934986823, "n_estimators": 180.79189080200257}, "datetime": {"datetime": "2021-09-24 11:07:14", "elapsed": 581.549378, "delta": 2.251303}}
{"target": 0.44257979446619844, "params": {"max_depth": 3.980479881149235, "n_estimators": 179.87160477181055}, "datetime": {"datetime": "2021-09-24 11:07:17", "elapsed": 584.108546, "delta": 2.559168}}
