{"target": 0.4365970853402297, "params": {"max_depth": 5.777579448135264, "n_estimators": 142.47933078798383}, "datetime": {"datetime": "2021-09-24 11:08:52", "elapsed": 890.411361, "delta": 3.639872}}
{"target": 0.4493383798478715, "params": {"max_depth": 3.93562518209448, "n_estimators": 195.78628948495134}, "datetime": {"datetime": "2021-09-24 11:08:55", "elapsed": 893.2919, "delta": 2.880539}}
{"target": 0.44021333842470123, "params": {"max_depth": 2.8094031554931203, "n_estimators": 168.9052402336449}, "datetime": {"datetime": "2021-09-24 11:08:58", "elapsed": 896.085906, "delta": 2.794006}}
{"target": 0.4521054354666896, "params": {"max_depth": 3.2566709011228157, "n_estimators": 169.60691301972668}, "datetime": {"datetime": "2021-09-24 11:09:00", "elapsed": 898.655901, "delta": 2.569995}}
{"target": 0.4458961301896641, "params": {"max_depth": 4.254192468897042, "n_estimators": 169.7145358049892}, "datetime": {"datetime": "2021-09-24 11:09:04", "elapsed": 901.974012, "delta": 3.318111}}
{"target": 0.428949599116466, "params": {"max_depth": 6.465345068984401, "n_estimators": 169.36999158193717}, "datetime": {"datetime": "2021-09-24 11:09:06", "elapsed": 904.813049, "delta": 2.839037}}
{"target": 0.4516053823823598, "params": {"max_depth": 3.441809972028545, "n_estimators": 168.38163369852532}, "datetime": {"datetime": "2021-09-24 11:09:09", "elapsed": 907.686328, "delta": 2.873279}}
{"target": 0.4353128682751424, "params": {"max_depth": 5.8854250398617705, "n_estimators": 118.66777608587417}, "datetime": {"datetime": "2021-09-24 11:09:12", "elapsed": 910.283295, "delta": 2.596967}}
{"target": 0.41961772447357726, "params": {"max_depth": 7.929078268782044, "n_estimators": 129.49429326756177}, "datetime": {"datetime": "2021-09-24 11:09:16", "elapsed": 914.295868, "delta": 4.012573}}
{"target": 0.43854694991945686, "params": {"max_depth": 5.216365120540628, "n_estimators": 151.6382055770702}, "datetime": {"datetime": "2021-09-24 11:09:19", "elapsed": 917.516948, "delta": 3.22108}}
{"target": 0.44058042059772984, "params": {"max_depth": 5.595931476708825, "n_estimators": 172.90269992471647}, "datetime": {"datetime": "2021-09-24 11:09:22", "elapsed": 920.319052, "delta": 2.802104}}
{"target": 0.45061147371955146, "params": {"max_depth": 3.599652999841643, "n_estimators": 132.81108068490775}, "datetime": {"datetime": "2021-09-24 11:09:24", "elapsed": 922.900221, "delta": 2.581169}}
{"target": 0.44928976661071895, "params": {"max_depth": 3.019879507401404, "n_estimators": 143.3092187867546}, "datetime": {"datetime": "2021-09-24 11:09:27", "elapsed": 925.546611, "delta": 2.64639}}
{"target": 0.45225019514312825, "params": {"max_depth": 3.5545968433632766, "n_estimators": 136.84775911943075}, "datetime": {"datetime": "2021-09-24 11:09:31", "elapsed": 929.091529, "delta": 3.544918}}
{"target": 0.4447879108887516, "params": {"max_depth": 4.077105618171856, "n_estimators": 184.07286448277296}, "datetime": {"datetime": "2021-09-24 11:09:36", "elapsed": 934.177132, "delta": 5.085603}}
{"target": 0.4409191551304489, "params": {"max_depth": 2.0463247566018845, "n_estimators": 137.41566383353293}, "datetime": {"datetime": "2021-09-24 11:09:40", "elapsed": 938.053406, "delta": 3.876274}}
{"target": 0.44475706300669604, "params": {"max_depth": 4.264393465018042, "n_estimators": 182.68066925589034}, "datetime": {"datetime": "2021-09-24 11:09:43", "elapsed": 941.779099, "delta": 3.725693}}
{"target": 0.42411722802987173, "params": {"max_depth": 6.010080023398229, "n_estimators": 116.18396172690481}, "datetime": {"datetime": "2021-09-24 11:09:49", "elapsed": 947.016355, "delta": 5.237256}}
{"target": 0.44608353679685186, "params": {"max_depth": 4.565380479050792, "n_estimators": 111.49330260107216}, "datetime": {"datetime": "2021-09-24 11:09:53", "elapsed": 951.865467, "delta": 4.849112}}
{"target": 0.4452671547154621, "params": {"max_depth": 4.591057489939026, "n_estimators": 158.6736698943841}, "datetime": {"datetime": "2021-09-24 11:09:59", "elapsed": 957.090609, "delta": 5.225142}}
{"target": 0.4510991044085314, "params": {"max_depth": 3.546015947556358, "n_estimators": 158.93061209176844}, "datetime": {"datetime": "2021-09-24 11:10:02", "elapsed": 959.92636, "delta": 2.835751}}
{"target": 0.4508144595216431, "params": {"max_depth": 3.1447866492476617, "n_estimators": 184.43967509197978}, "datetime": {"datetime": "2021-09-24 11:10:04", "elapsed": 962.86337, "delta": 2.93701}}
{"target": 0.45035285852870344, "params": {"max_depth": 3.7407308971673197, "n_estimators": 181.16182639184123}, "datetime": {"datetime": "2021-09-24 11:10:09", "elapsed": 967.028901, "delta": 4.165531}}
{"target": 0.4382125768686925, "params": {"max_depth": 5.286699528697573, "n_estimators": 180.62171801185485}, "datetime": {"datetime": "2021-09-24 11:10:12", "elapsed": 970.151506, "delta": 3.122605}}
{"target": 0.4350873652775805, "params": {"max_depth": 5.805484879522084, "n_estimators": 199.23889588236403}, "datetime": {"datetime": "2021-09-24 11:10:15", "elapsed": 973.625466, "delta": 3.47396}}
{"target": 0.44670802182492153, "params": {"max_depth": 4.404486007659278, "n_estimators": 165.79636114540426}, "datetime": {"datetime": "2021-09-24 11:10:20", "elapsed": 978.244551, "delta": 4.619085}}
{"target": 0.4418909597890355, "params": {"max_depth": 4.08511002351287, "n_estimators": 272.0324493442158}, "datetime": {"datetime": "2021-09-24 11:20:10", "elapsed": 0.0, "delta": 0.0}}
{"target": 0.4341922497828946, "params": {"max_depth": 2.0005718740867247, "n_estimators": 230.233257263184}, "datetime": {"datetime": "2021-09-24 11:20:11", "elapsed": 0.550001, "delta": 0.550001}}
{"target": 0.4357680955037142, "params": {"max_depth": 2.7337794540855653, "n_estimators": 209.2338594768798}, "datetime": {"datetime": "2021-09-24 11:20:11", "elapsed": 1.054714, "delta": 0.504713}}
{"target": 0.43421472505110714, "params": {"max_depth": 2.9313010568883544, "n_estimators": 234.55607270430477}, "datetime": {"datetime": "2021-09-24 11:20:12", "elapsed": 1.582711, "delta": 0.527997}}
{"target": 0.4476964876487436, "params": {"max_depth": 3.9838373711533497, "n_estimators": 253.8816734003357}, "datetime": {"datetime": "2021-09-24 11:20:13", "elapsed": 2.364758, "delta": 0.782047}}
{"target": 0.4145692691698113, "params": {"max_depth": 7.0, "n_estimators": 260.50470318637093}, "datetime": {"datetime": "2021-09-24 11:20:14", "elapsed": 3.394721, "delta": 1.029963}}
{"target": 0.4232002760757688, "params": {"max_depth": 6.150009539436586, "n_estimators": 266.0137917158752}, "datetime": {"datetime": "2021-09-24 11:20:14", "elapsed": 4.262621, "delta": 0.8679}}
{"target": 0.4338435301175668, "params": {"max_depth": 2.6267347437086097, "n_estimators": 251.45087741042198}, "datetime": {"datetime": "2021-09-24 11:20:15", "elapsed": 5.028581, "delta": 0.76596}}
{"target": 0.433054388698799, "params": {"max_depth": 5.484686460595002, "n_estimators": 254.28754436618493}, "datetime": {"datetime": "2021-09-24 11:20:16", "elapsed": 5.989617, "delta": 0.961036}}
{"target": 0.44687542326955965, "params": {"max_depth": 3.978137060798807, "n_estimators": 216.14581718546205}, "datetime": {"datetime": "2021-09-24 11:20:17", "elapsed": 6.595663, "delta": 0.606046}}
{"target": 0.4217543918090635, "params": {"max_depth": 6.438485155282544, "n_estimators": 244.7200249612971}, "datetime": {"datetime": "2021-09-24 11:20:18", "elapsed": 7.419622, "delta": 0.823959}}
{"target": 0.4424974304514956, "params": {"max_depth": 4.161470844954516, "n_estimators": 235.20196209863354}, "datetime": {"datetime": "2021-09-24 11:20:18", "elapsed": 8.158932, "delta": 0.73931}}
{"target": 0.4318328818072559, "params": {"max_depth": 5.049497558281634, "n_estimators": 239.28756964719122}, "datetime": {"datetime": "2021-09-24 11:20:19", "elapsed": 8.969582, "delta": 0.81065}}
{"target": 0.4418947348292135, "params": {"max_depth": 4.766006556452804, "n_estimators": 270.20481994531946}, "datetime": {"datetime": "2021-09-24 11:20:20", "elapsed": 9.794188, "delta": 0.824606}}
{"target": 0.4476964876487436, "params": {"max_depth": 3.995602491752884, "n_estimators": 253.91998393149186}, "datetime": {"datetime": "2021-09-24 11:20:21", "elapsed": 10.4904, "delta": 0.696212}}
{"target": 0.43379230702822313, "params": {"max_depth": 2.417140010530447, "n_estimators": 254.66195649389292}, "datetime": {"datetime": "2021-09-24 11:20:21", "elapsed": 11.184053, "delta": 0.693653}}
{"target": 0.446252643408684, "params": {"max_depth": 3.562917295290828, "n_estimators": 214.79823277595392}, "datetime": {"datetime": "2021-09-24 11:20:22", "elapsed": 11.852947, "delta": 0.668894}}
{"target": 0.43512973808029554, "params": {"max_depth": 2.2949673183884327, "n_estimators": 216.01201585953294}, "datetime": {"datetime": "2021-09-24 11:20:23", "elapsed": 12.58998, "delta": 0.737033}}
{"target": 0.43172862668931444, "params": {"max_depth": 5.062113059391921, "n_estimators": 215.14331841319424}, "datetime": {"datetime": "2021-09-24 11:20:24", "elapsed": 13.581967, "delta": 0.991987}}
{"target": 0.44689585294548895, "params": {"max_depth": 3.7493036117322798, "n_estimators": 217.18461099733878}, "datetime": {"datetime": "2021-09-24 11:20:25", "elapsed": 14.47146, "delta": 0.889493}}
{"target": 0.4415845614970556, "params": {"max_depth": 4.93181780630806, "n_estimators": 217.42857835858575}, "datetime": {"datetime": "2021-09-24 11:20:26", "elapsed": 15.321462, "delta": 0.850002}}
{"target": 0.43419588314922186, "params": {"max_depth": 2.8207156401789355, "n_estimators": 213.7020647942782}, "datetime": {"datetime": "2021-09-24 11:20:26", "elapsed": 16.13185, "delta": 0.810388}}
{"target": 0.4472532383447504, "params": {"max_depth": 3.299573283146465, "n_estimators": 218.43309557362443}, "datetime": {"datetime": "2021-09-24 11:20:27", "elapsed": 16.89689, "delta": 0.76504}}
{"target": 0.4415648616855322, "params": {"max_depth": 4.393471314279186, "n_estimators": 219.15783363753303}, "datetime": {"datetime": "2021-09-24 11:20:28", "elapsed": 17.652853, "delta": 0.755963}}
{"target": 0.43464469772235537, "params": {"max_depth": 2.357641973201306, "n_estimators": 219.49184577493537}, "datetime": {"datetime": "2021-09-24 11:20:29", "elapsed": 18.27511, "delta": 0.622257}}
{"target": 0.4331217078152846, "params": {"max_depth": 5.857493111566699, "n_estimators": 271.64034463854813}, "datetime": {"datetime": "2021-09-24 11:20:30", "elapsed": 19.352702, "delta": 1.077592}}
{"target": 0.4466106993616886, "params": {"max_depth": 3.1826840727741805, "n_estimators": 270.65452614399777}, "datetime": {"datetime": "2021-09-24 11:20:31", "elapsed": 20.426116, "delta": 1.073414}}
{"target": 0.4318315229282168, "params": {"max_depth": 2.3212059976320636, "n_estimators": 271.708683656278}, "datetime": {"datetime": "2021-09-24 11:20:31", "elapsed": 21.252759, "delta": 0.826643}}
{"target": 0.4468994706436106, "params": {"max_depth": 3.466457153927076, "n_estimators": 269.5707107278953}, "datetime": {"datetime": "2021-09-24 11:20:32", "elapsed": 22.219763, "delta": 0.967004}}
{"target": 0.43201845784895176, "params": {"max_depth": 2.1721416041105894, "n_estimators": 269.5534641256497}, "datetime": {"datetime": "2021-09-24 11:20:33", "elapsed": 23.074799, "delta": 0.855036}}
{"target": 0.44224030769638334, "params": {"max_depth": 4.319291930983037, "n_estimators": 268.7645276608791}, "datetime": {"datetime": "2021-09-24 11:20:34", "elapsed": 24.111762, "delta": 1.036963}}
{"target": 0.43507067947147504, "params": {"max_depth": 2.781612904442283, "n_estimators": 217.66843738550094}, "datetime": {"datetime": "2021-09-24 11:20:35", "elapsed": 24.801762, "delta": 0.69}}
{"target": 0.4418201898088806, "params": {"max_depth": 4.04393965719529, "n_estimators": 218.1040336613713}, "datetime": {"datetime": "2021-09-24 11:20:36", "elapsed": 25.605805, "delta": 0.804043}}
{"target": 0.4466106993616886, "params": {"max_depth": 3.822029214677419, "n_estimators": 270.45671362659357}, "datetime": {"datetime": "2021-09-24 11:20:37", "elapsed": 26.510767, "delta": 0.904962}}
{"target": 0.4430382368016458, "params": {"max_depth": 4.491520859768527, "n_estimators": 252.75755641951935}, "datetime": {"datetime": "2021-09-24 11:20:38", "elapsed": 27.348171, "delta": 0.837404}}
{"target": 0.4307543318382385, "params": {"max_depth": 5.442008593352744, "n_estimators": 235.3821341043654}, "datetime": {"datetime": "2021-09-24 11:20:38", "elapsed": 28.195224, "delta": 0.847053}}
{"target": 0.4465297446084505, "params": {"max_depth": 3.31842158145242, "n_estimators": 215.57545059172858}, "datetime": {"datetime": "2021-09-24 11:20:39", "elapsed": 29.083263, "delta": 0.888039}}
{"target": 0.44747238919993104, "params": {"max_depth": 3.5368408780086473, "n_estimators": 236.5131467190488}, "datetime": {"datetime": "2021-09-24 11:20:40", "elapsed": 29.852261, "delta": 0.768998}}
{"target": 0.4340084403604032, "params": {"max_depth": 2.609291606593244, "n_estimators": 237.12005275994463}, "datetime": {"datetime": "2021-09-24 11:20:41", "elapsed": 30.648886, "delta": 0.796625}}
{"target": 0.44279291435325807, "params": {"max_depth": 4.35081022072384, "n_estimators": 236.8549979093849}, "datetime": {"datetime": "2021-09-24 11:20:42", "elapsed": 31.467928, "delta": 0.819042}}
{"target": 0.43265791855740565, "params": {"max_depth": 5.598886588020074, "n_estimators": 251.44391099952992}, "datetime": {"datetime": "2021-09-24 11:20:43", "elapsed": 32.290926, "delta": 0.822998}}
{"target": 0.4314100290208218, "params": {"max_depth": 5.113553021703935, "n_estimators": 220.8124079382909}, "datetime": {"datetime": "2021-09-24 11:20:43", "elapsed": 33.253311, "delta": 0.962385}}
{"target": 0.44742414899022975, "params": {"max_depth": 3.2694376218941135, "n_estimators": 235.70183815647937}, "datetime": {"datetime": "2021-09-24 11:20:44", "elapsed": 34.102201, "delta": 0.84889}}
{"target": 0.44257950925112044, "params": {"max_depth": 4.21718362653637, "n_estimators": 274.049751582593}, "datetime": {"datetime": "2021-09-24 11:20:45", "elapsed": 35.128931, "delta": 1.02673}}
{"target": 0.4424595917668104, "params": {"max_depth": 4.520354856382344, "n_estimators": 275.5626044051929}, "datetime": {"datetime": "2021-09-24 11:20:46", "elapsed": 36.194033, "delta": 1.065102}}
{"target": 0.43376362699689297, "params": {"max_depth": 5.703123092298008, "n_estimators": 274.65334695625927}, "datetime": {"datetime": "2021-09-24 11:20:47", "elapsed": 37.222037, "delta": 1.028004}}
{"target": 0.4468489144572454, "params": {"max_depth": 3.2173365548361543, "n_estimators": 275.27780945359734}, "datetime": {"datetime": "2021-09-24 11:20:48", "elapsed": 38.10527, "delta": 0.883233}}
{"target": 0.44698127800438947, "params": {"max_depth": 3.2466222456854914, "n_estimators": 276.39141909045804}, "datetime": {"datetime": "2021-09-24 11:20:49", "elapsed": 39.107229, "delta": 1.001959}}
{"target": 0.43228382079672567, "params": {"max_depth": 2.146416245167078, "n_estimators": 275.96043142022324}, "datetime": {"datetime": "2021-09-24 11:20:50", "elapsed": 40.06623, "delta": 0.959001}}
{"target": 0.4427158842176676, "params": {"max_depth": 4.110236502466867, "n_estimators": 276.94203129241663}, "datetime": {"datetime": "2021-09-24 11:20:51", "elapsed": 41.175273, "delta": 1.109043}}
{"target": 0.43213455485855823, "params": {"max_depth": 2.769801244229686, "n_estimators": 274.07769146439927}, "datetime": {"datetime": "2021-09-24 11:20:52", "elapsed": 42.106378, "delta": 0.931105}}
{"target": 0.4468489144572454, "params": {"max_depth": 3.7390095757610964, "n_estimators": 275.9173936258576}, "datetime": {"datetime": "2021-09-24 11:20:53", "elapsed": 43.124651, "delta": 1.018273}}
{"target": 0.43256845319929893, "params": {"max_depth": 2.935967408539049, "n_estimators": 277.7250740821472}, "datetime": {"datetime": "2021-09-24 11:20:54", "elapsed": 44.055853, "delta": 0.931202}}
{"target": 0.44747238919993104, "params": {"max_depth": 3.988139585749118, "n_estimators": 236.0668182312275}, "datetime": {"datetime": "2021-09-24 11:20:55", "elapsed": 44.828179, "delta": 0.772326}}
{"target": 0.42442990230677224, "params": {"max_depth": 6.054221026136034, "n_estimators": 278.0799645883833}, "datetime": {"datetime": "2021-09-24 11:20:56", "elapsed": 45.846049, "delta": 1.01787}}
{"target": 0.43158254311304534, "params": {"max_depth": 2.2194709401594004, "n_estimators": 297.45296312845664}, "datetime": {"datetime": "2021-09-24 11:20:57", "elapsed": 46.739479, "delta": 0.89343}}
{"target": 0.4245289490702391, "params": {"max_depth": 6.7632208517265155, "n_estimators": 200.0663760043791}, "datetime": {"datetime": "2021-09-24 11:20:58", "elapsed": 47.567809, "delta": 0.82833}}
{"target": 0.42475918780351984, "params": {"max_depth": 6.8120356251061285, "n_estimators": 288.72013647828}, "datetime": {"datetime": "2021-09-24 11:20:59", "elapsed": 48.665817, "delta": 1.098008}}
{"target": 0.42245430481058277, "params": {"max_depth": 6.867306741518952, "n_estimators": 227.10715871640508}, "datetime": {"datetime": "2021-09-24 11:21:00", "elapsed": 49.564111, "delta": 0.898294}}
{"target": 0.4323039311883816, "params": {"max_depth": 2.033244522165818, "n_estimators": 284.4472313910678}, "datetime": {"datetime": "2021-09-24 11:21:01", "elapsed": 50.730118, "delta": 1.166007}}
{"target": 0.4218840665938296, "params": {"max_depth": 6.990437538671522, "n_estimators": 206.35483367705518}, "datetime": {"datetime": "2021-09-24 11:21:02", "elapsed": 51.707791, "delta": 0.977673}}
{"target": 0.4242382892949058, "params": {"max_depth": 6.904513802426519, "n_estimators": 299.957870140785}, "datetime": {"datetime": "2021-09-24 11:21:03", "elapsed": 53.211757, "delta": 1.503966}}
{"target": 0.4321050108822273, "params": {"max_depth": 2.0, "n_estimators": 291.5284451885256}, "datetime": {"datetime": "2021-09-24 11:21:05", "elapsed": 54.357903, "delta": 1.146146}}
{"target": 0.43646420256532437, "params": {"max_depth": 2.0046212379177013, "n_estimators": 203.49302416736145}, "datetime": {"datetime": "2021-09-24 11:21:05", "elapsed": 55.071944, "delta": 0.714041}}
{"target": 0.41463241091921577, "params": {"max_depth": 7.0, "n_estimators": 294.45551182958286}, "datetime": {"datetime": "2021-09-24 11:21:07", "elapsed": 56.381905, "delta": 1.309961}}
{"target": 0.43391806605811845, "params": {"max_depth": 2.0, "n_estimators": 225.05697452810156}, "datetime": {"datetime": "2021-09-24 11:21:07", "elapsed": 57.231904, "delta": 0.849999}}
{"target": 0.42382739579091855, "params": {"max_depth": 6.873866687751482, "n_estimators": 283.5534725807498}, "datetime": {"datetime": "2021-09-24 11:21:09", "elapsed": 58.720047, "delta": 1.488143}}
{"target": 0.4336054432590072, "params": {"max_depth": 2.0, "n_estimators": 262.32186913893315}, "datetime": {"datetime": "2021-09-24 11:21:10", "elapsed": 59.61805, "delta": 0.898003}}
{"target": 0.4362997991422619, "params": {"max_depth": 2.0576914650208993, "n_estimators": 200.01683279916884}, "datetime": {"datetime": "2021-09-24 11:21:11", "elapsed": 60.408177, "delta": 0.790127}}
{"target": 0.4346257665786464, "params": {"max_depth": 2.0, "n_estimators": 247.00886154380692}, "datetime": {"datetime": "2021-09-24 11:21:12", "elapsed": 61.290741, "delta": 0.882564}}
{"target": 0.43409567076469335, "params": {"max_depth": 2.078122080441967, "n_estimators": 242.73119478896834}, "datetime": {"datetime": "2021-09-24 11:21:12", "elapsed": 62.134778, "delta": 0.844037}}
{"target": 0.41169950086468565, "params": {"max_depth": 7.0, "n_estimators": 211.14690071988062}, "datetime": {"datetime": "2021-09-24 11:21:14", "elapsed": 63.416818, "delta": 1.28204}}
{"target": 0.43595615827115053, "params": {"max_depth": 2.0, "n_estimators": 206.35266332432008}, "datetime": {"datetime": "2021-09-24 11:21:15", "elapsed": 64.42817, "delta": 1.011352}}
{"target": 0.43385200255150547, "params": {"max_depth": 2.118014417454029, "n_estimators": 258.6518686351194}, "datetime": {"datetime": "2021-09-24 11:21:16", "elapsed": 65.432203, "delta": 1.004033}}
{"target": 0.4127112377720584, "params": {"max_depth": 7.0, "n_estimators": 218.19681691701157}, "datetime": {"datetime": "2021-09-24 11:21:17", "elapsed": 66.895687, "delta": 1.463484}}
{"target": 0.41306693783055937, "params": {"max_depth": 7.0, "n_estimators": 231.59422596835935}, "datetime": {"datetime": "2021-09-24 11:21:18", "elapsed": 68.221588, "delta": 1.325901}}
{"target": 0.43228198488275205, "params": {"max_depth": 2.0, "n_estimators": 287.9539603765214}, "datetime": {"datetime": "2021-09-24 11:21:20", "elapsed": 69.411321, "delta": 1.189733}}
{"target": 0.4329183538462249, "params": {"max_depth": 2.1938285498825514, "n_estimators": 265.8464101911261}, "datetime": {"datetime": "2021-09-24 11:21:21", "elapsed": 70.346557, "delta": 0.935236}}
{"target": 0.44339459539251025, "params": {"max_depth": 4.153669572449651, "n_estimators": 256.359561103656}, "datetime": {"datetime": "2021-09-24 11:21:22", "elapsed": 71.440203, "delta": 1.093646}}
{"target": 0.4341721958831337, "params": {"max_depth": 5.551509738491589, "n_estimators": 257.18591619148344}, "datetime": {"datetime": "2021-09-24 11:21:23", "elapsed": 72.909265, "delta": 1.469062}}
{"target": 0.43258691111574676, "params": {"max_depth": 2.1219836098134683, "n_estimators": 281.3404541689747}, "datetime": {"datetime": "2021-09-24 11:21:24", "elapsed": 73.865502, "delta": 0.956237}}
{"target": 0.4418928982801821, "params": {"max_depth": 4.392991285389504, "n_estimators": 203.0395536728775}, "datetime": {"datetime": "2021-09-24 11:21:26", "elapsed": 75.319226, "delta": 1.453724}}
{"target": 0.44783905629134735, "params": {"max_depth": 3.472665074499116, "n_estimators": 201.5762272579805}, "datetime": {"datetime": "2021-09-24 11:21:27", "elapsed": 76.506716, "delta": 1.18749}}
{"target": 0.4426081187166613, "params": {"max_depth": 4.538804073406429, "n_estimators": 201.38957615352825}, "datetime": {"datetime": "2021-09-24 11:21:28", "elapsed": 77.717158, "delta": 1.210442}}
