{"target": 0.4502095477687349, "params": {"max_depth": 3.096117170646642, "n_estimators": 185.83133987953454}, "datetime": {"datetime": "2021-09-24 10:59:02", "elapsed": 300.638406, "delta": 2.551079}}
{"target": 0.4505344875465138, "params": {"max_depth": 3.416186863300169, "n_estimators": 153.9661267275497}, "datetime": {"datetime": "2021-09-24 10:59:05", "elapsed": 303.260426, "delta": 2.62202}}
{"target": 0.4442725555795658, "params": {"max_depth": 4.036822280453997, "n_estimators": 179.68377312772742}, "datetime": {"datetime": "2021-09-24 10:59:07", "elapsed": 305.51819, "delta": 2.257764}}
{"target": 0.44436201874782955, "params": {"max_depth": 4.305711354903856, "n_estimators": 181.45405117832343}, "datetime": {"datetime": "2021-09-24 10:59:09", "elapsed": 307.583601, "delta": 2.065411}}
{"target": 0.4446087176270338, "params": {"max_depth": 4.309241130631248, "n_estimators": 178.3405815832965}, "datetime": {"datetime": "2021-09-24 10:59:11", "elapsed": 309.510682, "delta": 1.927081}}
{"target": 0.45028495281570746, "params": {"max_depth": 3.288660814594142, "n_estimators": 179.14721556610664}, "datetime": {"datetime": "2021-09-24 10:59:14", "elapsed": 311.916041, "delta": 2.405359}}
{"target": 0.4506611117116067, "params": {"max_depth": 3.5547869469990108, "n_estimators": 182.4778152587184}, "datetime": {"datetime": "2021-09-24 10:59:16", "elapsed": 314.685308, "delta": 2.769267}}
{"target": 0.45225019514312825, "params": {"max_depth": 3.7974354720757333, "n_estimators": 136.0464949368703}, "datetime": {"datetime": "2021-09-24 10:59:19", "elapsed": 317.101414, "delta": 2.416106}}
{"target": 0.4500060909978004, "params": {"max_depth": 3.1512473565160253, "n_estimators": 189.39043477599984}, "datetime": {"datetime": "2021-09-24 10:59:21", "elapsed": 319.537331, "delta": 2.435917}}
{"target": 0.4489147156879659, "params": {"max_depth": 3.4272026031950418, "n_estimators": 124.67522049571491}, "datetime": {"datetime": "2021-09-24 10:59:23", "elapsed": 321.54262, "delta": 2.005289}}
{"target": 0.4389619454021616, "params": {"max_depth": 2.0, "n_estimators": 143.4788945764092}, "datetime": {"datetime": "2021-09-24 10:59:25", "elapsed": 323.361143, "delta": 1.818523}}
{"target": 0.44893846008749994, "params": {"max_depth": 3.336010589075364, "n_estimators": 118.4613300810367}, "datetime": {"datetime": "2021-09-24 10:59:27", "elapsed": 325.724337, "delta": 2.363194}}
{"target": 0.45052685035756235, "params": {"max_depth": 3.162052710928659, "n_estimators": 140.1598963748922}, "datetime": {"datetime": "2021-09-24 10:59:29", "elapsed": 327.631303, "delta": 1.906966}}
{"target": 0.4527107863251494, "params": {"max_depth": 3.463908360810344, "n_estimators": 166.61679654158004}, "datetime": {"datetime": "2021-09-24 10:59:32", "elapsed": 330.298356, "delta": 2.667053}}
{"target": 0.4527107863251494, "params": {"max_depth": 3.944687348479782, "n_estimators": 166.1020908167476}, "datetime": {"datetime": "2021-09-24 10:59:34", "elapsed": 332.510379, "delta": 2.212023}}
{"target": 0.4505344875465138, "params": {"max_depth": 3.711104223623122, "n_estimators": 153.06810700861547}, "datetime": {"datetime": "2021-09-24 10:59:36", "elapsed": 334.181077, "delta": 1.670698}}
{"target": 0.44994475113854604, "params": {"max_depth": 3.931006543338717, "n_estimators": 148.72655007422856}, "datetime": {"datetime": "2021-09-24 10:59:38", "elapsed": 336.123699, "delta": 1.942622}}
{"target": 0.4512635576826295, "params": {"max_depth": 3.1146992785581, "n_estimators": 104.53769447431112}, "datetime": {"datetime": "2021-09-24 10:59:41", "elapsed": 339.275586, "delta": 3.151887}}
{"target": 0.4485513353101279, "params": {"max_depth": 3.8548112447258798, "n_estimators": 130.7282452517281}, "datetime": {"datetime": "2021-09-24 10:59:43", "elapsed": 341.734733, "delta": 2.459147}}
{"target": 0.45083538119664757, "params": {"max_depth": 3.5719097674086946, "n_estimators": 155.38655283643374}, "datetime": {"datetime": "2021-09-24 10:59:45", "elapsed": 343.720744, "delta": 1.986011}}
{"target": 0.4506066295853294, "params": {"max_depth": 3.17337120566041, "n_estimators": 183.47737982212783}, "datetime": {"datetime": "2021-09-24 10:59:48", "elapsed": 346.855845, "delta": 3.135101}}
{"target": 0.4510297452031633, "params": {"max_depth": 3.2003206831409643, "n_estimators": 112.6335754923604}, "datetime": {"datetime": "2021-09-24 10:59:51", "elapsed": 348.963671, "delta": 2.107826}}
{"target": 0.45186770688842437, "params": {"max_depth": 3.4593130756322656, "n_estimators": 107.12668606022993}, "datetime": {"datetime": "2021-09-24 10:59:53", "elapsed": 351.298647, "delta": 2.334976}}
{"target": 0.451810311429954, "params": {"max_depth": 3.5643493769137455, "n_estimators": 108.04769903834682}, "datetime": {"datetime": "2021-09-24 10:59:55", "elapsed": 352.951813, "delta": 1.653166}}
{"target": 0.451528308064188, "params": {"max_depth": 3.351711495768749, "n_estimators": 110.84067303370861}, "datetime": {"datetime": "2021-09-24 10:59:57", "elapsed": 355.361126, "delta": 2.409313}}
{"target": 0.4449679023840363, "params": {"max_depth": 4.380847219683748, "n_estimators": 174.64894472161876}, "datetime": {"datetime": "2021-09-24 10:59:59", "elapsed": 357.760659, "delta": 2.399533}}
{"target": 0.4508986371249888, "params": {"max_depth": 3.178649285676207, "n_estimators": 174.4929323527806}, "datetime": {"datetime": "2021-09-24 11:00:02", "elapsed": 359.919501, "delta": 2.158842}}
{"target": 0.45333852580905853, "params": {"max_depth": 3.303347790951745, "n_estimators": 102.48897553164173}, "datetime": {"datetime": "2021-09-24 11:00:03", "elapsed": 361.755312, "delta": 1.835811}}
{"target": 0.450945711990261, "params": {"max_depth": 3.6121048500087465, "n_estimators": 177.18372964285493}, "datetime": {"datetime": "2021-09-24 11:00:06", "elapsed": 364.503934, "delta": 2.748622}}
{"target": 0.4527583449116386, "params": {"max_depth": 3.6128317496624085, "n_estimators": 164.04078073124919}, "datetime": {"datetime": "2021-09-24 11:00:08", "elapsed": 366.368448, "delta": 1.864514}}
{"target": 0.4513388212409515, "params": {"max_depth": 3.077651243897206, "n_estimators": 159.7666909625086}, "datetime": {"datetime": "2021-09-24 11:00:11", "elapsed": 369.048124, "delta": 2.679676}}
{"target": 0.45035285852870344, "params": {"max_depth": 3.1405050770859217, "n_estimators": 181.96210669413207}, "datetime": {"datetime": "2021-09-24 11:00:13", "elapsed": 371.214855, "delta": 2.166731}}
{"target": 0.44928976661071895, "params": {"max_depth": 3.475664910660387, "n_estimators": 143.0195611762266}, "datetime": {"datetime": "2021-09-24 11:00:15", "elapsed": 373.105997, "delta": 1.891142}}
{"target": 0.45333852580905853, "params": {"max_depth": 3.544413903945807, "n_estimators": 102.16640068292222}, "datetime": {"datetime": "2021-09-24 11:00:17", "elapsed": 375.344284, "delta": 2.238287}}
{"target": 0.45096760147344184, "params": {"max_depth": 3.1603750815411127, "n_estimators": 176.07296331430476}, "datetime": {"datetime": "2021-09-24 11:00:20", "elapsed": 377.964601, "delta": 2.620317}}
{"target": 0.45226844189805726, "params": {"max_depth": 3.3406840395124844, "n_estimators": 162.42004136574846}, "datetime": {"datetime": "2021-09-24 11:00:22", "elapsed": 379.912557, "delta": 1.947956}}
{"target": 0.45025697689917066, "params": {"max_depth": 3.503891321841169, "n_estimators": 149.260705157204}, "datetime": {"datetime": "2021-09-24 11:00:23", "elapsed": 381.877311, "delta": 1.964754}}
{"target": 0.4512635576826295, "params": {"max_depth": 3.647221796996959, "n_estimators": 104.02152823929636}, "datetime": {"datetime": "2021-09-24 11:00:25", "elapsed": 383.25795, "delta": 1.380639}}
{"target": 0.4456661632266482, "params": {"max_depth": 4.159489571311589, "n_estimators": 161.84152173689148}, "datetime": {"datetime": "2021-09-24 11:00:27", "elapsed": 384.926002, "delta": 1.668052}}
{"target": 0.45241715816030503, "params": {"max_depth": 3.6890008998965125, "n_estimators": 163.0150802538442}, "datetime": {"datetime": "2021-09-24 11:00:28", "elapsed": 386.548001, "delta": 1.621999}}
{"target": 0.45241715816030503, "params": {"max_depth": 3.9223022832956804, "n_estimators": 163.91998501163226}, "datetime": {"datetime": "2021-09-24 11:00:30", "elapsed": 388.157997, "delta": 1.609996}}
{"target": 0.4456158568951456, "params": {"max_depth": 4.129330580258465, "n_estimators": 110.67348116825805}, "datetime": {"datetime": "2021-09-24 11:00:31", "elapsed": 389.555997, "delta": 1.398}}
{"target": 0.43788132927080026, "params": {"max_depth": 5.710772745317338, "n_estimators": 109.42484031352876}, "datetime": {"datetime": "2021-09-24 11:00:33", "elapsed": 391.508898, "delta": 1.952901}}
{"target": 0.451603563895288, "params": {"max_depth": 3.5768651535496683, "n_estimators": 111.4970462890422}, "datetime": {"datetime": "2021-09-24 11:00:35", "elapsed": 393.148566, "delta": 1.639668}}
{"target": 0.4500159408283081, "params": {"max_depth": 3.570244849078125, "n_estimators": 150.5361615476196}, "datetime": {"datetime": "2021-09-24 11:00:37", "elapsed": 395.236692, "delta": 2.088126}}
{"target": 0.4493383798478715, "params": {"max_depth": 3.348311050680356, "n_estimators": 195.45328215664074}, "datetime": {"datetime": "2021-09-24 11:00:38", "elapsed": 396.854262, "delta": 1.61757}}
{"target": 0.44928893656262825, "params": {"max_depth": 3.631985871853109, "n_estimators": 196.27612681650282}, "datetime": {"datetime": "2021-09-24 11:00:40", "elapsed": 398.63598, "delta": 1.781718}}
{"target": 0.45052685035756235, "params": {"max_depth": 3.6896133890364102, "n_estimators": 140.94679148096347}, "datetime": {"datetime": "2021-09-24 11:00:42", "elapsed": 400.469167, "delta": 1.833187}}
{"target": 0.4387249657780199, "params": {"max_depth": 2.076194666217187, "n_estimators": 128.85523211504335}, "datetime": {"datetime": "2021-09-24 11:00:44", "elapsed": 402.30621, "delta": 1.837043}}
{"target": 0.4527107863251494, "params": {"max_depth": 3.0235373849251475, "n_estimators": 166.72346838543652}, "datetime": {"datetime": "2021-09-24 11:00:46", "elapsed": 404.134176, "delta": 1.827966}}
{"target": 0.440342719422132, "params": {"max_depth": 2.7014029695693624, "n_estimators": 167.59644143683644}, "datetime": {"datetime": "2021-09-24 11:00:47", "elapsed": 405.859177, "delta": 1.725001}}
{"target": 0.4407248220012556, "params": {"max_depth": 2.0, "n_estimators": 169.60851089832755}, "datetime": {"datetime": "2021-09-24 11:00:49", "elapsed": 407.671691, "delta": 1.812514}}
{"target": 0.45239951037077886, "params": {"max_depth": 3.424701809623121, "n_estimators": 167.8875400668942}, "datetime": {"datetime": "2021-09-24 11:00:51", "elapsed": 409.748725, "delta": 2.077034}}
{"target": 0.44075284602539766, "params": {"max_depth": 2.987422309358857, "n_estimators": 166.1449078699792}, "datetime": {"datetime": "2021-09-24 11:00:53", "elapsed": 411.223732, "delta": 1.475007}}
{"target": 0.43895782079223866, "params": {"max_depth": 5.843412197944705, "n_estimators": 111.39356091467877}, "datetime": {"datetime": "2021-09-24 11:00:55", "elapsed": 413.472272, "delta": 2.24854}}
{"target": 0.4221386096465045, "params": {"max_depth": 7.983893133793492, "n_estimators": 123.4955792709474}, "datetime": {"datetime": "2021-09-24 11:00:57", "elapsed": 415.476299, "delta": 2.004027}}
{"target": 0.4354780972589636, "params": {"max_depth": 5.905738537090704, "n_estimators": 129.5910774982277}, "datetime": {"datetime": "2021-09-24 11:00:59", "elapsed": 417.031026, "delta": 1.554727}}
{"target": 0.41952738567619197, "params": {"max_depth": 7.959869437631756, "n_estimators": 117.3817294291487}, "datetime": {"datetime": "2021-09-24 11:01:00", "elapsed": 418.826021, "delta": 1.794995}}
{"target": 0.4052441348744281, "params": {"max_depth": 8.0, "n_estimators": 164.7272737165952}, "datetime": {"datetime": "2021-09-24 11:01:03", "elapsed": 421.5696, "delta": 2.743579}}
{"target": 0.4430318753121457, "params": {"max_depth": 4.13077538953615, "n_estimators": 123.90513592106925}, "datetime": {"datetime": "2021-09-24 11:01:06", "elapsed": 424.462565, "delta": 2.892965}}
{"target": 0.4481112740005204, "params": {"max_depth": 3.016285453922835, "n_estimators": 199.9875357935654}, "datetime": {"datetime": "2021-09-24 11:01:08", "elapsed": 426.266566, "delta": 1.804001}}
{"target": 0.4425051651910318, "params": {"max_depth": 4.979027781691752, "n_estimators": 126.80390259741878}, "datetime": {"datetime": "2021-09-24 11:01:10", "elapsed": 428.67857, "delta": 2.412004}}
{"target": 0.4372896988657313, "params": {"max_depth": 5.797343963910969, "n_estimators": 192.2906760482088}, "datetime": {"datetime": "2021-09-24 11:01:13", "elapsed": 431.09734, "delta": 2.41877}}
{"target": 0.43737282817258993, "params": {"max_depth": 2.1388435414483578, "n_estimators": 116.4936316260079}, "datetime": {"datetime": "2021-09-24 11:01:15", "elapsed": 432.987643, "delta": 1.890303}}
{"target": 0.4521228104901911, "params": {"max_depth": 3.3272424290866436, "n_estimators": 171.91166493078788}, "datetime": {"datetime": "2021-09-24 11:01:17", "elapsed": 435.281088, "delta": 2.293445}}
{"target": 0.45280703120057, "params": {"max_depth": 3.8417089288902235, "n_estimators": 172.5251527281765}, "datetime": {"datetime": "2021-09-24 11:01:21", "elapsed": 438.942877, "delta": 3.661789}}
{"target": 0.45280703120057, "params": {"max_depth": 3.840829397543211, "n_estimators": 172.04682692840464}, "datetime": {"datetime": "2021-09-24 11:01:23", "elapsed": 441.864977, "delta": 2.9221}}
{"target": 0.4501164151205722, "params": {"max_depth": 3.581165555658961, "n_estimators": 115.48233725594645}, "datetime": {"datetime": "2021-09-24 11:01:26", "elapsed": 443.951879, "delta": 2.086902}}
{"target": 0.42662683694359105, "params": {"max_depth": 6.545885969365987, "n_estimators": 187.22892009362812}, "datetime": {"datetime": "2021-09-24 11:01:28", "elapsed": 445.942133, "delta": 1.990254}}
{"target": 0.4163399366781372, "params": {"max_depth": 7.993885616958897, "n_estimators": 196.99184621457914}, "datetime": {"datetime": "2021-09-24 11:01:30", "elapsed": 448.602788, "delta": 2.660655}}
{"target": 0.4516955647360371, "params": {"max_depth": 3.2580208479034503, "n_estimators": 160.4798325202055}, "datetime": {"datetime": "2021-09-24 11:01:33", "elapsed": 451.076838, "delta": 2.47405}}
{"target": 0.45280703120057, "params": {"max_depth": 3.5095915817091967, "n_estimators": 172.33999623634122}, "datetime": {"datetime": "2021-09-24 11:01:35", "elapsed": 453.584067, "delta": 2.507229}}
{"target": 0.4481112740005204, "params": {"max_depth": 3.2428407896642746, "n_estimators": 199.08686595323542}, "datetime": {"datetime": "2021-09-24 11:01:38", "elapsed": 456.241054, "delta": 2.656987}}
{"target": 0.4384196704367842, "params": {"max_depth": 2.3860153781784375, "n_estimators": 185.0833755232939}, "datetime": {"datetime": "2021-09-24 11:01:40", "elapsed": 458.903292, "delta": 2.662238}}
{"target": 0.4492633359346204, "params": {"max_depth": 3.110694670097876, "n_estimators": 120.98000972072647}, "datetime": {"datetime": "2021-09-24 11:01:42", "elapsed": 460.888508, "delta": 1.985216}}
{"target": 0.4444049608811431, "params": {"max_depth": 4.443674476872804, "n_estimators": 104.33755769225408}, "datetime": {"datetime": "2021-09-24 11:01:44", "elapsed": 462.863874, "delta": 1.975366}}
{"target": 0.4293569373210204, "params": {"max_depth": 6.419602677136584, "n_estimators": 102.40899221995619}, "datetime": {"datetime": "2021-09-24 11:01:47", "elapsed": 465.632873, "delta": 2.768999}}
{"target": 0.4530841257439192, "params": {"max_depth": 3.74713622925944, "n_estimators": 165.83020161876772}, "datetime": {"datetime": "2021-09-24 11:01:50", "elapsed": 468.410114, "delta": 2.777241}}
{"target": 0.44051570198242873, "params": {"max_depth": 5.092380654650655, "n_estimators": 166.1984254040266}, "datetime": {"datetime": "2021-09-24 11:01:53", "elapsed": 471.223908, "delta": 2.813794}}
{"target": 0.44072604124876613, "params": {"max_depth": 2.0, "n_estimators": 172.15329823424204}, "datetime": {"datetime": "2021-09-24 11:01:55", "elapsed": 473.872302, "delta": 2.648394}}
{"target": 0.437323524426408, "params": {"max_depth": 5.672242299822981, "n_estimators": 132.00942406687906}, "datetime": {"datetime": "2021-09-24 11:01:59", "elapsed": 476.981771, "delta": 3.109469}}
{"target": 0.445186606402153, "params": {"max_depth": 4.155963962796095, "n_estimators": 103.13453890683626}, "datetime": {"datetime": "2021-09-24 11:02:01", "elapsed": 479.109105, "delta": 2.127334}}
{"target": 0.43903618972822456, "params": {"max_depth": 5.675477463573671, "n_estimators": 176.2083449528385}, "datetime": {"datetime": "2021-09-24 11:02:03", "elapsed": 481.893234, "delta": 2.784129}}
{"target": 0.4510991044085314, "params": {"max_depth": 3.72521514738371, "n_estimators": 158.0032220827176}, "datetime": {"datetime": "2021-09-24 11:02:05", "elapsed": 483.864423, "delta": 1.971189}}
{"target": 0.4513388212409515, "params": {"max_depth": 3.626191216306225, "n_estimators": 159.958268338396}, "datetime": {"datetime": "2021-09-24 11:02:07", "elapsed": 485.6349, "delta": 1.770477}}
{"target": 0.44868504068907267, "params": {"max_depth": 3.019817828888661, "n_estimators": 129.55333782200933}, "datetime": {"datetime": "2021-09-24 11:02:09", "elapsed": 487.283621, "delta": 1.648721}}
{"target": 0.40031981238524184, "params": {"max_depth": 8.0, "n_estimators": 192.82069456173966}, "datetime": {"datetime": "2021-09-24 11:02:12", "elapsed": 490.45469, "delta": 3.171069}}
{"target": 0.4506118173630449, "params": {"max_depth": 3.571118584003939, "n_estimators": 133.5413304043013}, "datetime": {"datetime": "2021-09-24 11:02:15", "elapsed": 493.394834, "delta": 2.940144}}
{"target": 0.4389952596666373, "params": {"max_depth": 2.102988186874387, "n_estimators": 177.6115976493811}, "datetime": {"datetime": "2021-09-24 11:02:17", "elapsed": 495.674515, "delta": 2.279681}}
{"target": 0.44444755737632435, "params": {"max_depth": 4.177414429252311, "n_estimators": 187.87889176844982}, "datetime": {"datetime": "2021-09-24 11:02:20", "elapsed": 497.955185, "delta": 2.28067}}
{"target": 0.44982005630158606, "params": {"max_depth": 3.483298289861152, "n_estimators": 188.73075203768983}, "datetime": {"datetime": "2021-09-24 11:02:22", "elapsed": 500.848529, "delta": 2.893344}}
{"target": 0.44260316050462145, "params": {"max_depth": 4.056091509161073, "n_estimators": 118.49682526538275}, "datetime": {"datetime": "2021-09-24 11:02:25", "elapsed": 503.045815, "delta": 2.197286}}
{"target": 0.4368051397551539, "params": {"max_depth": 2.570319242726754, "n_estimators": 119.20426466028923}, "datetime": {"datetime": "2021-09-24 11:02:27", "elapsed": 505.594893, "delta": 2.549078}}
{"target": 0.4391356577456965, "params": {"max_depth": 2.889739821785842, "n_estimators": 150.58566589014183}, "datetime": {"datetime": "2021-09-24 11:02:30", "elapsed": 508.439915, "delta": 2.845022}}
{"target": 0.45026680411269593, "params": {"max_depth": 3.7677564029237685, "n_estimators": 151.83169903489218}, "datetime": {"datetime": "2021-09-24 11:02:34", "elapsed": 512.383625, "delta": 3.94371}}
{"target": 0.4510991044085314, "params": {"max_depth": 3.3547494201306525, "n_estimators": 158.43655265207505}, "datetime": {"datetime": "2021-09-24 11:02:37", "elapsed": 515.502112, "delta": 3.118487}}
{"target": 0.4390276865607412, "params": {"max_depth": 2.9371519747218056, "n_estimators": 176.6543734237081}, "datetime": {"datetime": "2021-09-24 11:02:40", "elapsed": 518.161828, "delta": 2.659716}}
{"target": 0.45096760147344184, "params": {"max_depth": 3.6765276152848454, "n_estimators": 176.00919013017204}, "datetime": {"datetime": "2021-09-24 11:02:42", "elapsed": 520.263935, "delta": 2.102107}}
{"target": 0.4450852250317301, "params": {"max_depth": 4.239585432198374, "n_estimators": 176.65502756114375}, "datetime": {"datetime": "2021-09-24 11:02:44", "elapsed": 522.394979, "delta": 2.131044}}
{"target": 0.43891254256484125, "params": {"max_depth": 2.6794343966946577, "n_estimators": 175.30526799049593}, "datetime": {"datetime": "2021-09-24 11:02:47", "elapsed": 525.109826, "delta": 2.714847}}
{"target": 0.4389120119114973, "params": {"max_depth": 5.875920385221509, "n_estimators": 184.06595290687133}, "datetime": {"datetime": "2021-09-24 11:02:49", "elapsed": 527.429798, "delta": 2.319972}}
{"target": 0.450945711990261, "params": {"max_depth": 3.300508409459607, "n_estimators": 177.77898551808414}, "datetime": {"datetime": "2021-09-24 11:02:52", "elapsed": 530.25272, "delta": 2.822922}}
{"target": 0.43896607336380455, "params": {"max_depth": 5.380102060277622, "n_estimators": 137.04187271917274}, "datetime": {"datetime": "2021-09-24 11:02:54", "elapsed": 532.552603, "delta": 2.299883}}
{"target": 0.4426551863303999, "params": {"max_depth": 4.777021027506925, "n_estimators": 143.0060460483628}, "datetime": {"datetime": "2021-09-24 11:02:56", "elapsed": 534.880923, "delta": 2.32832}}
{"target": 0.43994835190206727, "params": {"max_depth": 5.969775860785424, "n_estimators": 138.88518015555474}, "datetime": {"datetime": "2021-09-24 11:03:00", "elapsed": 538.060568, "delta": 3.179645}}
{"target": 0.4425051651910318, "params": {"max_depth": 4.1206886340582916, "n_estimators": 126.02891859965497}, "datetime": {"datetime": "2021-09-24 11:03:03", "elapsed": 541.06604, "delta": 3.005472}}
{"target": 0.4373395766069471, "params": {"max_depth": 2.3965862345359046, "n_estimators": 126.08669980067471}, "datetime": {"datetime": "2021-09-24 11:03:06", "elapsed": 543.951818, "delta": 2.885778}}
{"target": 0.4386764186030261, "params": {"max_depth": 2.575240219164197, "n_estimators": 123.57084639904748}, "datetime": {"datetime": "2021-09-24 11:03:08", "elapsed": 545.912657, "delta": 1.960839}}
{"target": 0.439272541832199, "params": {"max_depth": 2.003764198485716, "n_estimators": 108.18250054332526}, "datetime": {"datetime": "2021-09-24 11:03:09", "elapsed": 547.768927, "delta": 1.85627}}
