{"target": 0.440846770372342, "params": {"max_depth": 3.229466909487674, "n_estimators": 106.91480797650792}, "datetime": {"datetime": "2021-09-24 11:07:19", "elapsed": 586.274504, "delta": 2.165958}}
{"target": 0.4419597790901397, "params": {"max_depth": 3.4464239685408593, "n_estimators": 143.2759273433469}, "datetime": {"datetime": "2021-09-24 11:07:21", "elapsed": 588.822221, "delta": 2.547717}}
{"target": 0.44176369854874387, "params": {"max_depth": 3.3658261964059584, "n_estimators": 146.99136642018962}, "datetime": {"datetime": "2021-09-24 11:07:25", "elapsed": 592.102694, "delta": 3.280473}}
{"target": 0.4424873825278379, "params": {"max_depth": 3.847719097766218, "n_estimators": 133.72061535455015}, "datetime": {"datetime": "2021-09-24 11:07:27", "elapsed": 595.067303, "delta": 2.964609}}
{"target": 0.4180082069015145, "params": {"max_depth": 6.0, "n_estimators": 143.20795583337735}, "datetime": {"datetime": "2021-09-24 11:07:30", "elapsed": 598.071065, "delta": 3.003762}}
{"target": 0.4408299641834258, "params": {"max_depth": 3.307059983757675, "n_estimators": 108.09837522723427}, "datetime": {"datetime": "2021-09-24 11:07:33", "elapsed": 601.066721, "delta": 2.995656}}
{"target": 0.4337619784349077, "params": {"max_depth": 4.24133835302159, "n_estimators": 120.93655031657323}, "datetime": {"datetime": "2021-09-24 11:07:35", "elapsed": 603.003182, "delta": 1.936461}}
{"target": 0.44162159843282, "params": {"max_depth": 3.700870301152423, "n_estimators": 102.66019424625044}, "datetime": {"datetime": "2021-09-24 11:07:38", "elapsed": 605.143843, "delta": 2.140661}}
{"target": 0.43075962376949484, "params": {"max_depth": 5.996032044792905, "n_estimators": 191.53976529054938}, "datetime": {"datetime": "2021-09-24 11:07:41", "elapsed": 608.694737, "delta": 3.550894}}
{"target": 0.44380967819974604, "params": {"max_depth": 3.3937391479222705, "n_estimators": 169.66844254952605}, "datetime": {"datetime": "2021-09-24 11:07:44", "elapsed": 611.740007, "delta": 3.04527}}
{"target": 0.4391583296284034, "params": {"max_depth": 4.710094563140612, "n_estimators": 162.28085009664431}, "datetime": {"datetime": "2021-09-24 11:07:47", "elapsed": 614.214015, "delta": 2.474008}}
{"target": 0.4427934095678503, "params": {"max_depth": 3.6533979071074643, "n_estimators": 178.08574507890393}, "datetime": {"datetime": "2021-09-24 11:07:49", "elapsed": 616.641694, "delta": 2.427679}}
{"target": 0.43196098161011065, "params": {"max_depth": 2.3934160159570936, "n_estimators": 192.90978351293342}, "datetime": {"datetime": "2021-09-24 11:07:51", "elapsed": 618.617991, "delta": 1.976297}}
{"target": 0.4417614030148832, "params": {"max_depth": 3.0532326534691014, "n_estimators": 144.50641453545575}, "datetime": {"datetime": "2021-09-24 11:07:54", "elapsed": 621.516828, "delta": 2.898837}}
{"target": 0.4428984477718133, "params": {"max_depth": 3.3501594933267804, "n_estimators": 152.4061572272663}, "datetime": {"datetime": "2021-09-24 11:07:56", "elapsed": 623.620417, "delta": 2.103589}}
{"target": 0.4328426393382554, "params": {"max_depth": 2.9004633437401472, "n_estimators": 131.97654447687302}, "datetime": {"datetime": "2021-09-24 11:07:58", "elapsed": 625.473854, "delta": 1.853437}}
{"target": 0.43420783619550773, "params": {"max_depth": 2.037631705578001, "n_estimators": 133.66030862255832}, "datetime": {"datetime": "2021-09-24 11:08:00", "elapsed": 627.401922, "delta": 1.928068}}
{"target": 0.4417062064227528, "params": {"max_depth": 3.5398956056266955, "n_estimators": 131.07288389567657}, "datetime": {"datetime": "2021-09-24 11:08:02", "elapsed": 629.794615, "delta": 2.392693}}
{"target": 0.44272801702904263, "params": {"max_depth": 3.8495936304565053, "n_estimators": 181.75730456088837}, "datetime": {"datetime": "2021-09-24 11:08:06", "elapsed": 633.264967, "delta": 3.470352}}
{"target": 0.4383467508640111, "params": {"max_depth": 4.659380987409589, "n_estimators": 177.19376072001938}, "datetime": {"datetime": "2021-09-24 11:08:08", "elapsed": 635.79502, "delta": 2.530053}}
{"target": 0.4387611094672491, "params": {"max_depth": 4.57401413514024, "n_estimators": 138.31458506300632}, "datetime": {"datetime": "2021-09-24 11:08:11", "elapsed": 638.635587, "delta": 2.840567}}
{"target": 0.43145044140861355, "params": {"max_depth": 2.785091225121047, "n_estimators": 120.11179242685114}, "datetime": {"datetime": "2021-09-24 11:08:14", "elapsed": 641.282069, "delta": 2.646482}}
{"target": 0.43220451433204365, "params": {"max_depth": 2.023545984232275, "n_estimators": 125.06371447001204}, "datetime": {"datetime": "2021-09-24 11:08:16", "elapsed": 643.953635, "delta": 2.671566}}
{"target": 0.43805018675629326, "params": {"max_depth": 4.255149842857369, "n_estimators": 136.50875038252676}, "datetime": {"datetime": "2021-09-24 11:08:19", "elapsed": 647.033091, "delta": 3.079456}}
{"target": 0.44221566662590905, "params": {"max_depth": 3.48331837355596, "n_estimators": 190.188491859414}, "datetime": {"datetime": "2021-09-24 11:08:23", "elapsed": 650.271472, "delta": 3.238381}}
{"target": 0.43091012441055543, "params": {"max_depth": 2.0, "n_estimators": 118.19526071796638}, "datetime": {"datetime": "2021-09-24 11:08:25", "elapsed": 652.141419, "delta": 1.869947}}
{"target": 0.4401339840944647, "params": {"max_depth": 3.9937771562785405, "n_estimators": 101.47779739827399}, "datetime": {"datetime": "2021-09-24 11:08:27", "elapsed": 654.264815, "delta": 2.123396}}
{"target": 0.44302596764893454, "params": {"max_depth": 3.4457070081483203, "n_estimators": 183.46038321087423}, "datetime": {"datetime": "2021-09-24 11:08:29", "elapsed": 656.808471, "delta": 2.543656}}
{"target": 0.44301673867874747, "params": {"max_depth": 3.0383411959675093, "n_estimators": 141.53984423244475}, "datetime": {"datetime": "2021-09-24 11:08:32", "elapsed": 659.090937, "delta": 2.282466}}
{"target": 0.4332458775742545, "params": {"max_depth": 2.9288138172902967, "n_estimators": 128.7839454119179}, "datetime": {"datetime": "2021-09-24 11:08:34", "elapsed": 661.151453, "delta": 2.060516}}
{"target": 0.4401902475986621, "params": {"max_depth": 3.420123436263523, "n_estimators": 129.7737626975547}, "datetime": {"datetime": "2021-09-24 11:08:36", "elapsed": 663.327796, "delta": 2.176343}}
{"target": 0.43866907021667034, "params": {"max_depth": 4.431592930577308, "n_estimators": 190.54886440211578}, "datetime": {"datetime": "2021-09-24 11:08:38", "elapsed": 665.480016, "delta": 2.15222}}
{"target": 0.44241424642497296, "params": {"max_depth": 3.845851741737979, "n_estimators": 192.1757827820485}, "datetime": {"datetime": "2021-09-24 11:08:40", "elapsed": 667.612557, "delta": 2.132541}}
{"target": 0.4343120973614769, "params": {"max_depth": 2.8793809131865458, "n_estimators": 138.8278147836097}, "datetime": {"datetime": "2021-09-24 11:08:42", "elapsed": 669.479154, "delta": 1.866597}}
{"target": 0.44397620506992874, "params": {"max_depth": 3.4355347266101632, "n_estimators": 137.87717041022051}, "datetime": {"datetime": "2021-09-24 11:08:44", "elapsed": 671.394704, "delta": 1.91555}}
{"target": 0.4332551139765385, "params": {"max_depth": 2.0, "n_estimators": 122.67328928580399}, "datetime": {"datetime": "2021-09-24 11:08:46", "elapsed": 674.069702, "delta": 2.674998}}
{"target": 0.4397123928797698, "params": {"max_depth": 4.21230211374024, "n_estimators": 171.02488158150715}, "datetime": {"datetime": "2021-09-24 11:08:49", "elapsed": 676.22774, "delta": 2.158038}}
{"target": 0.4351123609876534, "params": {"max_depth": 2.680668953260959, "n_estimators": 100.0}, "datetime": {"datetime": "2021-09-24 11:08:51", "elapsed": 678.33858, "delta": 2.11084}}
{"target": 0.43522806342359377, "params": {"max_depth": 2.051479744464483, "n_estimators": 101.37016898745323}, "datetime": {"datetime": "2021-09-24 11:08:53", "elapsed": 680.829581, "delta": 2.491001}}
{"target": 0.44140738982929495, "params": {"max_depth": 3.9199719468008953, "n_estimators": 197.6626224912896}, "datetime": {"datetime": "2021-09-24 11:08:56", "elapsed": 683.163129, "delta": 2.333548}}
{"target": 0.43315650604465616, "params": {"max_depth": 2.928107028627542, "n_estimators": 142.13262051868605}, "datetime": {"datetime": "2021-09-24 11:08:58", "elapsed": 685.097124, "delta": 1.933995}}
{"target": 0.44301673867874747, "params": {"max_depth": 3.358175936984564, "n_estimators": 141.49975688606105}, "datetime": {"datetime": "2021-09-24 11:09:01", "elapsed": 688.126131, "delta": 3.029007}}
{"target": 0.4431954059874723, "params": {"max_depth": 3.7931038086849336, "n_estimators": 156.5224144908155}, "datetime": {"datetime": "2021-09-24 11:09:03", "elapsed": 690.929231, "delta": 2.8031}}
{"target": 0.4392982289878914, "params": {"max_depth": 3.4983120360619595, "n_estimators": 117.04858437259074}, "datetime": {"datetime": "2021-09-24 11:09:06", "elapsed": 693.574272, "delta": 2.645041}}
{"target": 0.4365424579499313, "params": {"max_depth": 4.539583221162224, "n_estimators": 147.66796223435108}, "datetime": {"datetime": "2021-09-24 11:09:08", "elapsed": 695.775972, "delta": 2.2017}}
{"target": 0.44311173214547306, "params": {"max_depth": 3.0188493586338034, "n_estimators": 173.84425304796787}, "datetime": {"datetime": "2021-09-24 11:09:11", "elapsed": 698.509955, "delta": 2.733983}}
{"target": 0.43889093170346494, "params": {"max_depth": 4.02005560333064, "n_estimators": 189.4225873496724}, "datetime": {"datetime": "2021-09-24 11:09:13", "elapsed": 700.918951, "delta": 2.408996}}
{"target": 0.4428189804865609, "params": {"max_depth": 3.736300811558888, "n_estimators": 142.2116184182041}, "datetime": {"datetime": "2021-09-24 11:09:16", "elapsed": 703.549089, "delta": 2.630138}}
{"target": 0.43287985377416816, "params": {"max_depth": 2.9749387731160644, "n_estimators": 151.1440441093893}, "datetime": {"datetime": "2021-09-24 11:09:19", "elapsed": 706.54749, "delta": 2.998401}}
{"target": 0.4421267107115533, "params": {"max_depth": 3.6937742532313314, "n_estimators": 151.9450713625067}, "datetime": {"datetime": "2021-09-24 11:09:21", "elapsed": 708.871281, "delta": 2.323791}}
{"target": 0.43303878868789936, "params": {"max_depth": 2.0119593979375114, "n_estimators": 149.47049547511074}, "datetime": {"datetime": "2021-09-24 11:09:24", "elapsed": 711.375445, "delta": 2.504164}}
{"target": 0.4342379431456319, "params": {"max_depth": 2.994749387601702, "n_estimators": 159.60738354837332}, "datetime": {"datetime": "2021-09-24 11:09:27", "elapsed": 714.110216, "delta": 2.734771}}
{"target": 0.44314117026736033, "params": {"max_depth": 3.7371024512503377, "n_estimators": 160.53101003988837}, "datetime": {"datetime": "2021-09-24 11:09:29", "elapsed": 716.403826, "delta": 2.29361}}
{"target": 0.4442105943646849, "params": {"max_depth": 3.4494836835682574, "n_estimators": 136.35228307475546}, "datetime": {"datetime": "2021-09-24 11:09:31", "elapsed": 718.719028, "delta": 2.315202}}
{"target": 0.44197659098819875, "params": {"max_depth": 3.391136235082585, "n_estimators": 149.91547063491197}, "datetime": {"datetime": "2021-09-24 11:09:34", "elapsed": 721.99061, "delta": 3.271582}}
{"target": 0.4398046599683354, "params": {"max_depth": 3.3417919909962075, "n_estimators": 125.59555698290248}, "datetime": {"datetime": "2021-09-24 11:09:38", "elapsed": 725.611077, "delta": 3.620467}}
{"target": 0.441473857531519, "params": {"max_depth": 3.685931126534773, "n_estimators": 145.55422163544247}, "datetime": {"datetime": "2021-09-24 11:09:41", "elapsed": 729.038359, "delta": 3.427282}}
{"target": 0.43282857652975537, "params": {"max_depth": 2.7354113818085315, "n_estimators": 176.90761481641107}, "datetime": {"datetime": "2021-09-24 11:09:45", "elapsed": 732.530319, "delta": 3.49196}}
{"target": 0.4431496353172584, "params": {"max_depth": 3.204306689642889, "n_estimators": 184.25654668456065}, "datetime": {"datetime": "2021-09-24 11:09:50", "elapsed": 737.240189, "delta": 4.70987}}
{"target": 0.4327903332244373, "params": {"max_depth": 2.685093992138381, "n_estimators": 183.16634887927535}, "datetime": {"datetime": "2021-09-24 11:09:54", "elapsed": 741.147692, "delta": 3.907503}}
{"target": 0.4427822344570992, "params": {"max_depth": 3.806505766405746, "n_estimators": 158.23190295711538}, "datetime": {"datetime": "2021-09-24 11:09:58", "elapsed": 745.91582, "delta": 4.768128}}
{"target": 0.4404563685011752, "params": {"max_depth": 4.027512104344816, "n_estimators": 165.66124620694168}, "datetime": {"datetime": "2021-09-24 11:10:01", "elapsed": 748.856593, "delta": 2.940773}}
{"target": 0.44327130738834997, "params": {"max_depth": 3.717073965610791, "n_estimators": 155.3731273167569}, "datetime": {"datetime": "2021-09-24 11:10:04", "elapsed": 751.275587, "delta": 2.418994}}
{"target": 0.44006228255847557, "params": {"max_depth": 4.0605779758983, "n_estimators": 166.60228373760302}, "datetime": {"datetime": "2021-09-24 11:10:06", "elapsed": 753.788123, "delta": 2.512536}}
{"target": 0.4204659205682385, "params": {"max_depth": 5.991872641588271, "n_estimators": 104.24235857476314}, "datetime": {"datetime": "2021-09-24 11:10:09", "elapsed": 756.98069, "delta": 3.192567}}
{"target": 0.4435982768688157, "params": {"max_depth": 3.8189668038447295, "n_estimators": 168.82879638346844}, "datetime": {"datetime": "2021-09-24 11:10:12", "elapsed": 759.370688, "delta": 2.389998}}
{"target": 0.43836548616865245, "params": {"max_depth": 4.034328914974534, "n_estimators": 153.69936623358322}, "datetime": {"datetime": "2021-09-24 11:10:14", "elapsed": 761.709685, "delta": 2.338997}}
{"target": 0.4437463108979317, "params": {"max_depth": 3.497463949152127, "n_estimators": 138.20996722785273}, "datetime": {"datetime": "2021-09-24 11:10:17", "elapsed": 764.443693, "delta": 2.734008}}
{"target": 0.4346213488498015, "params": {"max_depth": 2.9964396822654247, "n_estimators": 137.95709475399715}, "datetime": {"datetime": "2021-09-24 11:10:20", "elapsed": 767.39477, "delta": 2.951077}}
{"target": 0.4392355830596981, "params": {"max_depth": 3.9051036197473756, "n_estimators": 126.60616234622371}, "datetime": {"datetime": "2021-09-24 11:10:22", "elapsed": 770.014073, "delta": 2.619303}}
{"target": 0.43352552584145165, "params": {"max_depth": 4.025271834137419, "n_estimators": 119.67117956328548}, "datetime": {"datetime": "2021-09-24 11:10:25", "elapsed": 772.577768, "delta": 2.563695}}
{"target": 0.4311589587491992, "params": {"max_depth": 2.008400309665471, "n_estimators": 115.93170903946171}, "datetime": {"datetime": "2021-09-24 11:10:27", "elapsed": 774.683586, "delta": 2.105818}}
{"target": 0.4333457315225524, "params": {"max_depth": 4.545096503251832, "n_estimators": 112.76146390901951}, "datetime": {"datetime": "2021-09-24 11:10:29", "elapsed": 776.900122, "delta": 2.216536}}
{"target": 0.43984881997299985, "params": {"max_depth": 3.053867217559384, "n_estimators": 124.15484446582498}, "datetime": {"datetime": "2021-09-24 11:10:32", "elapsed": 779.50916, "delta": 2.609038}}
{"target": 0.43883906834361686, "params": {"max_depth": 4.575812334269617, "n_estimators": 152.46247702892077}, "datetime": {"datetime": "2021-09-24 11:10:35", "elapsed": 782.49858, "delta": 2.98942}}
{"target": 0.4324838724829869, "params": {"max_depth": 2.6842029317371274, "n_estimators": 146.95452195430283}, "datetime": {"datetime": "2021-09-24 11:10:37", "elapsed": 784.560257, "delta": 2.061677}}
{"target": 0.4387358980324768, "params": {"max_depth": 4.181426910735265, "n_estimators": 155.17894412926933}, "datetime": {"datetime": "2021-09-24 11:10:39", "elapsed": 786.905218, "delta": 2.344961}}
{"target": 0.44397620506992874, "params": {"max_depth": 3.8747839474031665, "n_estimators": 137.9615867357005}, "datetime": {"datetime": "2021-09-24 11:10:42", "elapsed": 789.340803, "delta": 2.435585}}
{"target": 0.4313425007115034, "params": {"max_depth": 5.986262305350309, "n_estimators": 172.8729390983139}, "datetime": {"datetime": "2021-09-24 11:10:44", "elapsed": 792.047305, "delta": 2.706502}}
{"target": 0.4418081072473762, "params": {"max_depth": 3.7879676075740747, "n_estimators": 195.63197672667837}, "datetime": {"datetime": "2021-09-24 11:10:47", "elapsed": 794.571045, "delta": 2.52374}}
{"target": 0.43522806342359377, "params": {"max_depth": 2.9535094298606794, "n_estimators": 101.97858527409576}, "datetime": {"datetime": "2021-09-24 11:10:50", "elapsed": 797.501237, "delta": 2.930192}}
{"target": 0.4349693129163914, "params": {"max_depth": 2.0029245344079385, "n_estimators": 103.59677449547645}, "datetime": {"datetime": "2021-09-24 11:10:53", "elapsed": 800.948698, "delta": 3.447461}}
{"target": 0.4434655416847918, "params": {"max_depth": 3.568140351482778, "n_estimators": 170.24730869551306}, "datetime": {"datetime": "2021-09-24 11:10:57", "elapsed": 804.640304, "delta": 3.691606}}
{"target": 0.4381855842789041, "params": {"max_depth": 4.370042559478656, "n_estimators": 174.4427937392703}, "datetime": {"datetime": "2021-09-24 11:11:00", "elapsed": 807.874777, "delta": 3.234473}}
{"target": 0.4386517601008435, "params": {"max_depth": 4.972827753458027, "n_estimators": 181.34378360592706}, "datetime": {"datetime": "2021-09-24 11:11:05", "elapsed": 812.276881, "delta": 4.402104}}
{"target": 0.4441233375919026, "params": {"max_depth": 3.114418346214759, "n_estimators": 139.57372941882818}, "datetime": {"datetime": "2021-09-24 11:11:08", "elapsed": 815.687643, "delta": 3.410762}}
{"target": 0.4328998791202089, "params": {"max_depth": 2.845573765083263, "n_estimators": 111.12053473452517}, "datetime": {"datetime": "2021-09-24 11:11:10", "elapsed": 818.060785, "delta": 2.373142}}
{"target": 0.4407218061218078, "params": {"max_depth": 3.847244381304109, "n_estimators": 111.6658547246407}, "datetime": {"datetime": "2021-09-24 11:11:15", "elapsed": 822.915106, "delta": 4.854321}}
{"target": 0.43862556497619487, "params": {"max_depth": 4.7597156517934005, "n_estimators": 180.04292803719665}, "datetime": {"datetime": "2021-09-24 11:11:18", "elapsed": 825.90953, "delta": 2.994424}}
{"target": 0.42991117637412657, "params": {"max_depth": 5.450076058824063, "n_estimators": 178.81476214199586}, "datetime": {"datetime": "2021-09-24 11:11:22", "elapsed": 829.258331, "delta": 3.348801}}
{"target": 0.4358661115030943, "params": {"max_depth": 4.12343562750095, "n_estimators": 131.68397420098773}, "datetime": {"datetime": "2021-09-24 11:11:25", "elapsed": 833.043445, "delta": 3.785114}}
{"target": 0.43561099466112985, "params": {"max_depth": 4.367504174811339, "n_estimators": 130.70206525647097}, "datetime": {"datetime": "2021-09-24 11:11:29", "elapsed": 836.187822, "delta": 3.144377}}
{"target": 0.43301050693478804, "params": {"max_depth": 4.224535177884327, "n_estimators": 116.14631188038169}, "datetime": {"datetime": "2021-09-24 11:11:31", "elapsed": 838.908093, "delta": 2.720271}}
{"target": 0.44247303613511424, "params": {"max_depth": 3.539905846696969, "n_estimators": 132.54946419377808}, "datetime": {"datetime": "2021-09-24 11:11:34", "elapsed": 841.642431, "delta": 2.734338}}
{"target": 0.43797305381864315, "params": {"max_depth": 4.253024172344176, "n_estimators": 140.04568593244122}, "datetime": {"datetime": "2021-09-24 11:11:37", "elapsed": 844.359661, "delta": 2.71723}}
{"target": 0.4446006789777368, "params": {"max_depth": 3.523785989142194, "n_estimators": 164.50748126933652}, "datetime": {"datetime": "2021-09-24 11:11:40", "elapsed": 847.392613, "delta": 3.032952}}
{"target": 0.4417614030148832, "params": {"max_depth": 3.470203110167913, "n_estimators": 144.1441994282993}, "datetime": {"datetime": "2021-09-24 11:11:43", "elapsed": 850.085135, "delta": 2.692522}}
{"target": 0.4443553155913089, "params": {"max_depth": 3.671222743589295, "n_estimators": 172.9723912717358}, "datetime": {"datetime": "2021-09-24 11:11:45", "elapsed": 852.774324, "delta": 2.689189}}
{"target": 0.4401577055923016, "params": {"max_depth": 4.030985766171671, "n_estimators": 172.6549020182539}, "datetime": {"datetime": "2021-09-24 11:11:48", "elapsed": 855.732563, "delta": 2.958239}}
{"target": 0.44024229377468904, "params": {"max_depth": 3.074662407816416, "n_estimators": 121.61384906086158}, "datetime": {"datetime": "2021-09-24 11:11:51", "elapsed": 858.214376, "delta": 2.481813}}
{"target": 0.43864464655981306, "params": {"max_depth": 4.13191633810764, "n_estimators": 157.9415505738098}, "datetime": {"datetime": "2021-09-24 11:11:53", "elapsed": 860.735505, "delta": 2.521129}}
{"target": 0.44039533438218703, "params": {"max_depth": 3.577547582881183, "n_estimators": 107.51917849585541}, "datetime": {"datetime": "2021-09-24 11:11:57", "elapsed": 864.112458, "delta": 3.376953}}
{"target": 0.4446006789777368, "params": {"max_depth": 3.1456124353576644, "n_estimators": 164.91036556231364}, "datetime": {"datetime": "2021-09-24 11:12:00", "elapsed": 867.280264, "delta": 3.167806}}
{"target": 0.43817741360189355, "params": {"max_depth": 4.162898915195203, "n_estimators": 186.63253600053707}, "datetime": {"datetime": "2021-09-24 11:12:03", "elapsed": 870.307083, "delta": 3.026819}}
{"target": 0.4363794506922386, "params": {"max_depth": 4.608450572428932, "n_estimators": 133.3188171231509}, "datetime": {"datetime": "2021-09-24 11:12:06", "elapsed": 873.581964, "delta": 3.274881}}
{"target": 0.4435982768688157, "params": {"max_depth": 3.0853269646211605, "n_estimators": 168.66597385822922}, "datetime": {"datetime": "2021-09-24 11:12:10", "elapsed": 877.161458, "delta": 3.579494}}
{"target": 0.4343670933326569, "params": {"max_depth": 2.0051045333527573, "n_estimators": 162.1914905158002}, "datetime": {"datetime": "2021-09-24 11:12:13", "elapsed": 880.11509, "delta": 2.953632}}
{"target": 0.4428372643502042, "params": {"max_depth": 3.2937727631854647, "n_estimators": 186.12774651613447}, "datetime": {"datetime": "2021-09-24 11:12:15", "elapsed": 882.863228, "delta": 2.748138}}
{"target": 0.4397406814270729, "params": {"max_depth": 4.087802038847833, "n_estimators": 164.93356457864644}, "datetime": {"datetime": "2021-09-24 11:12:18", "elapsed": 885.768694, "delta": 2.905466}}
