{"target": 0.4428693958255001, "params": {"max_depth": 4.203041830191383, "n_estimators": 251.82103599384823}, "datetime": {"datetime": "2021-09-24 11:27:24", "elapsed": 433.787604, "delta": 1.774612}}
{"target": 0.43464898810532226, "params": {"max_depth": 2.0158863326252217, "n_estimators": 212.5342664512306}, "datetime": {"datetime": "2021-09-24 11:27:26", "elapsed": 435.853634, "delta": 2.06603}}
{"target": 0.446321068907247, "params": {"max_depth": 3.5996960801262032, "n_estimators": 212.75576817746622}, "datetime": {"datetime": "2021-09-24 11:27:28", "elapsed": 437.592663, "delta": 1.739029}}
{"target": 0.4473352611505237, "params": {"max_depth": 3.9560771908183687, "n_estimators": 209.7185800508039}, "datetime": {"datetime": "2021-09-24 11:27:30", "elapsed": 439.691964, "delta": 2.099301}}
{"target": 0.4238909417851252, "params": {"max_depth": 6.971156951168029, "n_estimators": 279.6950303868918}, "datetime": {"datetime": "2021-09-24 11:27:32", "elapsed": 441.642645, "delta": 1.950681}}
{"target": 0.4365441075538006, "params": {"max_depth": 2.9727265889974963, "n_estimators": 202.59464149813658}, "datetime": {"datetime": "2021-09-24 11:27:34", "elapsed": 443.768228, "delta": 2.125583}}
{"target": 0.4428180124118767, "params": {"max_depth": 4.063668693534632, "n_estimators": 202.03080019704942}, "datetime": {"datetime": "2021-09-24 11:27:36", "elapsed": 445.895171, "delta": 2.126943}}
{"target": 0.44778265178563814, "params": {"max_depth": 3.768351507531822, "n_estimators": 203.18563354328967}, "datetime": {"datetime": "2021-09-24 11:27:38", "elapsed": 447.948266, "delta": 2.053095}}
{"target": 0.44304435486301896, "params": {"max_depth": 4.581132021200992, "n_estimators": 241.364939501254}, "datetime": {"datetime": "2021-09-24 11:27:40", "elapsed": 450.006315, "delta": 2.058049}}
{"target": 0.44134982628715436, "params": {"max_depth": 4.875998559067928, "n_estimators": 224.06635375331737}, "datetime": {"datetime": "2021-09-24 11:27:42", "elapsed": 451.985469, "delta": 1.979154}}
{"target": 0.4470285410316668, "params": {"max_depth": 3.5175167629406823, "n_estimators": 265.1537897882887}, "datetime": {"datetime": "2021-09-24 11:27:45", "elapsed": 454.467947, "delta": 2.482478}}
{"target": 0.4468919588185868, "params": {"max_depth": 3.329605867891214, "n_estimators": 297.13643188923356}, "datetime": {"datetime": "2021-09-24 11:27:47", "elapsed": 456.73411, "delta": 2.266163}}
{"target": 0.44798928081062717, "params": {"max_depth": 3.4927101077447635, "n_estimators": 258.0919138510877}, "datetime": {"datetime": "2021-09-24 11:27:49", "elapsed": 458.481703, "delta": 1.747593}}
