{"target": 0.42950686980356834, "params": {"max_depth": 3.527927922901666, "n_estimators": 32.407680508102956}, "datetime": {"datetime": "2021-09-24 10:19:33", "elapsed": 444.150624, "delta": 1.979476}}
{"target": 0.4386735660100962, "params": {"max_depth": 2.5527630213259025, "n_estimators": 89.79639457581855}, "datetime": {"datetime": "2021-09-24 10:19:36", "elapsed": 446.434941, "delta": 2.284317}}
{"target": 0.43423100354309907, "params": {"max_depth": 2.8494210476801958, "n_estimators": 27.61133903097045}, "datetime": {"datetime": "2021-09-24 10:19:38", "elapsed": 448.765618, "delta": 2.330677}}
{"target": 0.4426737163663105, "params": {"max_depth": 3.871980510997407, "n_estimators": 96.75361576855437}, "datetime": {"datetime": "2021-09-24 10:19:40", "elapsed": 451.239576, "delta": 2.473958}}
{"target": 0.44422665881393486, "params": {"max_depth": 3.9003651186049346, "n_estimators": 90.12068230383963}, "datetime": {"datetime": "2021-09-24 10:19:43", "elapsed": 454.133601, "delta": 2.894025}}
{"target": 0.404724446478808, "params": {"max_depth": 6.733241165115516, "n_estimators": 54.43524379805076}, "datetime": {"datetime": "2021-09-24 10:19:46", "elapsed": 456.756412, "delta": 2.622811}}
{"target": 0.43955699444937824, "params": {"max_depth": 3.275360962941362, "n_estimators": 12.422798032435065}, "datetime": {"datetime": "2021-09-24 10:19:48", "elapsed": 458.515197, "delta": 1.758785}}
{"target": 0.43722276884370026, "params": {"max_depth": 2.565893794492632, "n_estimators": 31.322799492199163}, "datetime": {"datetime": "2021-09-24 10:19:50", "elapsed": 460.373722, "delta": 1.858525}}
{"target": 0.4009510819288792, "params": {"max_depth": 7.562204862747284, "n_estimators": 94.25022129600052}, "datetime": {"datetime": "2021-09-24 10:19:52", "elapsed": 463.022785, "delta": 2.649063}}
{"target": 0.44259163103556476, "params": {"max_depth": 2.6204996479730935, "n_estimators": 52.77357759808662}, "datetime": {"datetime": "2021-09-24 10:19:56", "elapsed": 466.342056, "delta": 3.319271}}
{"target": 0.43597823158070037, "params": {"max_depth": 2.547212048957225, "n_estimators": 72.09824226961611}, "datetime": {"datetime": "2021-09-24 10:19:58", "elapsed": 468.794529, "delta": 2.452473}}
{"target": 0.41787034117141864, "params": {"max_depth": 4.216776566835666, "n_estimators": 39.19292112345497}, "datetime": {"datetime": "2021-09-24 10:20:01", "elapsed": 471.820861, "delta": 3.026332}}
{"target": 0.43618515985348405, "params": {"max_depth": 3.4098285578420295, "n_estimators": 46.298855746098084}, "datetime": {"datetime": "2021-09-24 10:20:03", "elapsed": 473.811143, "delta": 1.990282}}
{"target": 0.42381624164259535, "params": {"max_depth": 5.598258944469058, "n_estimators": 92.98366200847946}, "datetime": {"datetime": "2021-09-24 10:20:05", "elapsed": 476.280737, "delta": 2.469594}}
{"target": 0.4183146403862704, "params": {"max_depth": 4.445028106975714, "n_estimators": 42.01355307674791}, "datetime": {"datetime": "2021-09-24 10:20:08", "elapsed": 478.361064, "delta": 2.080327}}
{"target": 0.4169125396239528, "params": {"max_depth": 4.599014713344809, "n_estimators": 43.77473712635377}, "datetime": {"datetime": "2021-09-24 10:20:10", "elapsed": 480.706848, "delta": 2.345784}}
{"target": 0.4439427219565043, "params": {"max_depth": 3.2590655701956717, "n_estimators": 91.3167409829138}, "datetime": {"datetime": "2021-09-24 10:20:12", "elapsed": 482.937323, "delta": 2.230475}}
{"target": 0.42565234548695585, "params": {"max_depth": 3.1712990196288557, "n_estimators": 28.657269881688105}, "datetime": {"datetime": "2021-09-24 10:20:14", "elapsed": 485.1019, "delta": 2.164577}}
{"target": 0.34799505155566346, "params": {"max_depth": 12.0, "n_estimators": 24.603604865930578}, "datetime": {"datetime": "2021-09-24 10:20:17", "elapsed": 487.925236, "delta": 2.823336}}
{"target": 0.4424902081157931, "params": {"max_depth": 3.36068139687921, "n_estimators": 61.70479831839176}, "datetime": {"datetime": "2021-09-24 10:20:21", "elapsed": 491.381239, "delta": 3.456003}}
{"target": 0.44023492233304795, "params": {"max_depth": 3.3781236930221015, "n_estimators": 53.928997032894934}, "datetime": {"datetime": "2021-09-24 10:20:23", "elapsed": 494.267349, "delta": 2.88611}}
{"target": 0.35508019743013, "params": {"max_depth": 1.9227688422029043, "n_estimators": 5.149968432802959}, "datetime": {"datetime": "2021-09-24 10:20:26", "elapsed": 496.670775, "delta": 2.403426}}
{"target": 0.4188485371570454, "params": {"max_depth": 4.973301171940745, "n_estimators": 46.889153494271284}, "datetime": {"datetime": "2021-09-24 10:20:29", "elapsed": 499.440592, "delta": 2.769817}}
{"target": 0.3565054978193857, "params": {"max_depth": 1.9800516451460952, "n_estimators": 44.487782284208826}, "datetime": {"datetime": "2021-09-24 10:20:31", "elapsed": 501.746207, "delta": 2.305615}}
{"target": 0.4357679782142778, "params": {"max_depth": 3.069154457243488, "n_estimators": 45.23001017673986}, "datetime": {"datetime": "2021-09-24 10:20:33", "elapsed": 503.84074, "delta": 2.094533}}
{"target": 0.4028155984463735, "params": {"max_depth": 5.693997751167183, "n_estimators": 45.07542468648643}, "datetime": {"datetime": "2021-09-24 10:20:37", "elapsed": 507.3983, "delta": 3.55756}}
{"target": 0.3596948790557255, "params": {"max_depth": 10.456861585758398, "n_estimators": 29.07401930292194}, "datetime": {"datetime": "2021-09-24 10:20:39", "elapsed": 509.735462, "delta": 2.337162}}
{"target": 0.4036865048728945, "params": {"max_depth": 7.9734988209543705, "n_estimators": 56.43315344164778}, "datetime": {"datetime": "2021-09-24 10:20:43", "elapsed": 513.383164, "delta": 3.647702}}
{"target": 0.2864465871954649, "params": {"max_depth": 11.89098180750273, "n_estimators": 7.141505759870395}, "datetime": {"datetime": "2021-09-24 10:20:45", "elapsed": 515.355552, "delta": 1.972388}}
{"target": 0.39687578665399115, "params": {"max_depth": 10.41749998338699, "n_estimators": 62.86031275284924}, "datetime": {"datetime": "2021-09-24 10:20:47", "elapsed": 518.18407, "delta": 2.828518}}
{"target": 0.39127198309258027, "params": {"max_depth": 10.498244517643231, "n_estimators": 75.30721254270397}, "datetime": {"datetime": "2021-09-24 10:20:50", "elapsed": 520.642083, "delta": 2.458013}}
{"target": 0.3873822247118798, "params": {"max_depth": 5.638451793604907, "n_estimators": 30.549799155200354}, "datetime": {"datetime": "2021-09-24 10:20:52", "elapsed": 523.267812, "delta": 2.625729}}
{"target": 0.35278595652520306, "params": {"max_depth": 1.0314564968956705, "n_estimators": 60.82252619698247}, "datetime": {"datetime": "2021-09-24 10:20:55", "elapsed": 525.927359, "delta": 2.659547}}
{"target": 0.3208408895102933, "params": {"max_depth": 9.78988829794875, "n_estimators": 13.433758373017342}, "datetime": {"datetime": "2021-09-24 10:20:59", "elapsed": 529.304559, "delta": 3.3772}}
{"target": 0.37211779505045506, "params": {"max_depth": 7.398153327603024, "n_estimators": 41.466252091555745}, "datetime": {"datetime": "2021-09-24 10:21:01", "elapsed": 532.019452, "delta": 2.714893}}
{"target": 0.3892362777804127, "params": {"max_depth": 9.296304129727444, "n_estimators": 70.6007965057321}, "datetime": {"datetime": "2021-09-24 10:21:05", "elapsed": 536.021535, "delta": 4.002083}}
{"target": 0.40666210151729576, "params": {"max_depth": 6.025756203040391, "n_estimators": 96.90161032746539}, "datetime": {"datetime": "2021-09-24 10:21:09", "elapsed": 540.165595, "delta": 4.14406}}
{"target": 0.399157711887287, "params": {"max_depth": 7.874080654020594, "n_estimators": 98.42895474617005}, "datetime": {"datetime": "2021-09-24 10:21:13", "elapsed": 543.319954, "delta": 3.154359}}
{"target": 0.4088164141656644, "params": {"max_depth": 6.445164634283822, "n_estimators": 84.35656200804489}, "datetime": {"datetime": "2021-09-24 10:21:15", "elapsed": 545.975789, "delta": 2.655835}}
{"target": 0.39827379797014384, "params": {"max_depth": 6.048091906414103, "n_estimators": 50.75808075388309}, "datetime": {"datetime": "2021-09-24 10:21:18", "elapsed": 548.47413, "delta": 2.498341}}
{"target": 0.4426029669610759, "params": {"max_depth": 2.713784254822801, "n_estimators": 8.762533050655863}, "datetime": {"datetime": "2021-09-24 10:21:20", "elapsed": 550.465637, "delta": 1.991507}}
{"target": 0.4382973303864971, "params": {"max_depth": 2.7903136397102943, "n_estimators": 7.749468784371742}, "datetime": {"datetime": "2021-09-24 10:21:22", "elapsed": 552.624091, "delta": 2.158454}}
{"target": 0.3471061465670525, "params": {"max_depth": 9.53296282270163, "n_estimators": 20.945275826324202}, "datetime": {"datetime": "2021-09-24 10:21:25", "elapsed": 555.546151, "delta": 2.92206}}
{"target": 0.44417107691035895, "params": {"max_depth": 2.261716785920488, "n_estimators": 42.84727734395866}, "datetime": {"datetime": "2021-09-24 10:21:28", "elapsed": 558.912151, "delta": 3.366}}
{"target": 0.42876335361804674, "params": {"max_depth": 4.971954914668643, "n_estimators": 58.72600823068503}, "datetime": {"datetime": "2021-09-24 10:21:31", "elapsed": 562.088674, "delta": 3.176523}}
{"target": 0.43956429506158134, "params": {"max_depth": 3.798198414999416, "n_estimators": 70.51309560417603}, "datetime": {"datetime": "2021-09-24 10:21:35", "elapsed": 565.611935, "delta": 3.523261}}
{"target": 0.4048847039991399, "params": {"max_depth": 6.244748005563099, "n_estimators": 67.3736698591501}, "datetime": {"datetime": "2021-09-24 10:21:39", "elapsed": 569.320602, "delta": 3.708667}}
{"target": 0.3790268861126259, "params": {"max_depth": 6.484077724319371, "n_estimators": 38.97644297193306}, "datetime": {"datetime": "2021-09-24 10:21:41", "elapsed": 571.592141, "delta": 2.271539}}
{"target": 0.3922768174032656, "params": {"max_depth": 10.227897945021287, "n_estimators": 72.99634262854713}, "datetime": {"datetime": "2021-09-24 10:21:43", "elapsed": 573.91352, "delta": 2.321379}}
{"target": 0.368214686437611, "params": {"max_depth": 11.952833001860075, "n_estimators": 45.64950298902776}, "datetime": {"datetime": "2021-09-24 10:21:46", "elapsed": 576.97142, "delta": 3.0579}}
{"target": 0.3996312816753137, "params": {"max_depth": 7.809315031548069, "n_estimators": 81.39535230415908}, "datetime": {"datetime": "2021-09-24 10:21:49", "elapsed": 579.641649, "delta": 2.670229}}
{"target": 0.4432502616333608, "params": {"max_depth": 3.3623475406719283, "n_estimators": 55.30501479185112}, "datetime": {"datetime": "2021-09-24 10:21:52", "elapsed": 582.314584, "delta": 2.672935}}
{"target": 0.4419430147930362, "params": {"max_depth": 3.519781195637864, "n_estimators": 56.92062864592383}, "datetime": {"datetime": "2021-09-24 10:21:53", "elapsed": 584.254308, "delta": 1.939724}}
{"target": 0.4419430147930362, "params": {"max_depth": 3.3632087664546413, "n_estimators": 56.165911014855965}, "datetime": {"datetime": "2021-09-24 10:21:56", "elapsed": 586.449678, "delta": 2.19537}}
{"target": 0.39157077324814527, "params": {"max_depth": 8.277046535651964, "n_estimators": 52.4880899945972}, "datetime": {"datetime": "2021-09-24 10:21:59", "elapsed": 589.793627, "delta": 3.343949}}
{"target": 0.43343861870870826, "params": {"max_depth": 2.041117372830998, "n_estimators": 23.813938778586206}, "datetime": {"datetime": "2021-09-24 10:22:01", "elapsed": 591.620724, "delta": 1.827097}}
{"target": 0.4371745510641404, "params": {"max_depth": 2.9072699340802988, "n_estimators": 22.68038071007069}, "datetime": {"datetime": "2021-09-24 10:22:03", "elapsed": 593.413198, "delta": 1.792474}}
{"target": 0.43343861870870826, "params": {"max_depth": 2.2132298986327354, "n_estimators": 23.050262229098585}, "datetime": {"datetime": "2021-09-24 10:22:04", "elapsed": 595.217773, "delta": 1.804575}}
{"target": 0.4391117045471783, "params": {"max_depth": 3.8129947348583473, "n_estimators": 71.19746744173865}, "datetime": {"datetime": "2021-09-24 10:22:07", "elapsed": 597.640687, "delta": 2.422914}}
{"target": 0.42715069343542056, "params": {"max_depth": 4.464661532022585, "n_estimators": 74.79725503312173}, "datetime": {"datetime": "2021-09-24 10:22:10", "elapsed": 600.419689, "delta": 2.779002}}
{"target": 0.43004702254900085, "params": {"max_depth": 4.966355198355679, "n_estimators": 78.4885978894319}, "datetime": {"datetime": "2021-09-24 10:22:12", "elapsed": 603.203563, "delta": 2.783874}}
{"target": 0.4294222675209931, "params": {"max_depth": 4.277857590467155, "n_estimators": 61.04456897920631}, "datetime": {"datetime": "2021-09-24 10:22:15", "elapsed": 605.444656, "delta": 2.241093}}
{"target": 0.4445088257419405, "params": {"max_depth": 3.54324560503572, "n_estimators": 81.09641635515324}, "datetime": {"datetime": "2021-09-24 10:22:17", "elapsed": 607.91835, "delta": 2.473694}}
{"target": 0.4414417600230919, "params": {"max_depth": 3.6744503330936262, "n_estimators": 68.01925041144347}, "datetime": {"datetime": "2021-09-24 10:22:20", "elapsed": 610.969031, "delta": 3.050681}}
{"target": 0.4404691323287512, "params": {"max_depth": 3.448852986601407, "n_estimators": 69.0745134052439}, "datetime": {"datetime": "2021-09-24 10:22:22", "elapsed": 613.14299, "delta": 2.173959}}
{"target": 0.43738651699088116, "params": {"max_depth": 2.6484331714338905, "n_estimators": 16.006167823074243}, "datetime": {"datetime": "2021-09-24 10:22:25", "elapsed": 615.463582, "delta": 2.320592}}
{"target": 0.38816759632970144, "params": {"max_depth": 10.837746816280536, "n_estimators": 88.91768577443972}, "datetime": {"datetime": "2021-09-24 10:22:27", "elapsed": 617.851261, "delta": 2.387679}}
{"target": 0.44205721155808586, "params": {"max_depth": 2.794456604911312, "n_estimators": 44.52162689651875}, "datetime": {"datetime": "2021-09-24 10:22:29", "elapsed": 619.984614, "delta": 2.133353}}
{"target": 0.44484457635689234, "params": {"max_depth": 3.390134056914721, "n_estimators": 94.34141178936358}, "datetime": {"datetime": "2021-09-24 10:22:32", "elapsed": 622.390508, "delta": 2.405894}}
{"target": 0.4205834959933835, "params": {"max_depth": 5.861737056958134, "n_estimators": 62.48949973513134}, "datetime": {"datetime": "2021-09-24 10:22:34", "elapsed": 624.559091, "delta": 2.168583}}
{"target": 0.4429753478799481, "params": {"max_depth": 2.7646479911424287, "n_estimators": 43.52225677433326}, "datetime": {"datetime": "2021-09-24 10:22:36", "elapsed": 626.677216, "delta": 2.118125}}
{"target": 0.36811410349800355, "params": {"max_depth": 10.328994048138595, "n_estimators": 32.62041527453722}, "datetime": {"datetime": "2021-09-24 10:22:38", "elapsed": 628.680617, "delta": 2.003401}}
{"target": 0.39783669529848675, "params": {"max_depth": 4.3023122943409415, "n_estimators": 26.406982128612498}, "datetime": {"datetime": "2021-09-24 10:22:40", "elapsed": 630.363734, "delta": 1.683117}}
{"target": 0.44217230326023993, "params": {"max_depth": 3.0871114634018837, "n_estimators": 58.186339450438616}, "datetime": {"datetime": "2021-09-24 10:22:41", "elapsed": 632.260256, "delta": 1.896522}}
{"target": 0.39193852735780565, "params": {"max_depth": 9.594714913451366, "n_estimators": 84.90434403823974}, "datetime": {"datetime": "2021-09-24 10:22:44", "elapsed": 634.376649, "delta": 2.116393}}
{"target": 0.4459198734513451, "params": {"max_depth": 3.5223401473814335, "n_estimators": 83.63581799032251}, "datetime": {"datetime": "2021-09-24 10:22:46", "elapsed": 636.42134, "delta": 2.044691}}
{"target": 0.44429085212502883, "params": {"max_depth": 3.4085449421615204, "n_estimators": 87.85502375626777}, "datetime": {"datetime": "2021-09-24 10:22:49", "elapsed": 639.396912, "delta": 2.975572}}
{"target": 0.3901814637418832, "params": {"max_depth": 11.993125159905194, "n_estimators": 62.330370493635115}, "datetime": {"datetime": "2021-09-24 10:22:51", "elapsed": 641.452566, "delta": 2.055654}}
{"target": 0.3296149805723374, "params": {"max_depth": 1.0269437656059677, "n_estimators": 23.824896385442315}, "datetime": {"datetime": "2021-09-24 10:22:53", "elapsed": 643.954596, "delta": 2.50203}}
{"target": 0.43343861870870826, "params": {"max_depth": 2.5193194924323423, "n_estimators": 23.495577783221833}, "datetime": {"datetime": "2021-09-24 10:22:56", "elapsed": 646.40184, "delta": 2.447244}}
{"target": 0.4367977538840886, "params": {"max_depth": 2.7329887925312946, "n_estimators": 21.737405416374454}, "datetime": {"datetime": "2021-09-24 10:22:57", "elapsed": 648.178909, "delta": 1.777069}}
{"target": 0.41067700471896607, "params": {"max_depth": 6.259266567889246, "n_estimators": 90.55346252837069}, "datetime": {"datetime": "2021-09-24 10:22:59", "elapsed": 650.186792, "delta": 2.007883}}
{"target": 0.3816996733333272, "params": {"max_depth": 5.849760074834723, "n_estimators": 28.529750255154344}, "datetime": {"datetime": "2021-09-24 10:23:02", "elapsed": 652.889984, "delta": 2.703192}}
{"target": 0.42866080249239547, "params": {"max_depth": 4.2993324044909365, "n_estimators": 76.07299412711764}, "datetime": {"datetime": "2021-09-24 10:23:05", "elapsed": 655.740667, "delta": 2.850683}}
{"target": 0.44495286028776493, "params": {"max_depth": 3.646073273322536, "n_estimators": 88.92739520544768}, "datetime": {"datetime": "2021-09-24 10:23:08", "elapsed": 658.387632, "delta": 2.646965}}
{"target": 0.422835683810983, "params": {"max_depth": 5.595156734012074, "n_estimators": 95.46854686630972}, "datetime": {"datetime": "2021-09-24 10:23:10", "elapsed": 660.630857, "delta": 2.243225}}
{"target": 0.43768837458258425, "params": {"max_depth": 2.8325735316006764, "n_estimators": 79.75634877541592}, "datetime": {"datetime": "2021-09-24 10:23:12", "elapsed": 663.163766, "delta": 2.532909}}
{"target": 0.3885808440675568, "params": {"max_depth": 10.442082502001027, "n_estimators": 95.87387441046252}, "datetime": {"datetime": "2021-09-24 10:23:15", "elapsed": 665.41577, "delta": 2.252004}}
{"target": 0.396760191827501, "params": {"max_depth": 10.704588896012876, "n_estimators": 57.39162325206028}, "datetime": {"datetime": "2021-09-24 10:23:17", "elapsed": 668.143694, "delta": 2.727924}}
{"target": 0.4451933261833856, "params": {"max_depth": 3.1178566437330444, "n_estimators": 82.35951469001527}, "datetime": {"datetime": "2021-09-24 10:23:21", "elapsed": 671.399943, "delta": 3.256249}}
{"target": 0.44400767174868927, "params": {"max_depth": 3.3041771755788916, "n_estimators": 95.51637275250594}, "datetime": {"datetime": "2021-09-24 10:23:23", "elapsed": 673.781501, "delta": 2.381558}}
{"target": 0.43806784543958466, "params": {"max_depth": 3.1833032625444897, "n_estimators": 51.396170631633}, "datetime": {"datetime": "2021-09-24 10:23:25", "elapsed": 676.013104, "delta": 2.231603}}
{"target": 0.44217230326023993, "params": {"max_depth": 3.275651983089067, "n_estimators": 58.77645249225021}, "datetime": {"datetime": "2021-09-24 10:23:28", "elapsed": 678.489113, "delta": 2.476009}}
{"target": 0.42695848559967764, "params": {"max_depth": 4.634508040211957, "n_estimators": 63.0084372526738}, "datetime": {"datetime": "2021-09-24 10:23:30", "elapsed": 680.610095, "delta": 2.120982}}
{"target": 0.4421858826643523, "params": {"max_depth": 3.0851879347477187, "n_estimators": 57.323096525396195}, "datetime": {"datetime": "2021-09-24 10:23:32", "elapsed": 682.971727, "delta": 2.361632}}
{"target": 0.4357021926665411, "params": {"max_depth": 2.7854666829890524, "n_estimators": 97.1289687581733}, "datetime": {"datetime": "2021-09-24 10:23:35", "elapsed": 685.771851, "delta": 2.800124}}
{"target": 0.4374128090038427, "params": {"max_depth": 2.627019287994597, "n_estimators": 94.35881579110728}, "datetime": {"datetime": "2021-09-24 10:23:38", "elapsed": 688.912427, "delta": 3.140576}}
{"target": 0.4414417600230919, "params": {"max_depth": 3.9861565763192517, "n_estimators": 68.52185397637446}, "datetime": {"datetime": "2021-09-24 10:23:41", "elapsed": 691.450519, "delta": 2.538092}}
{"target": 0.44243788875967316, "params": {"max_depth": 3.6866105875591573, "n_estimators": 78.78173134605568}, "datetime": {"datetime": "2021-09-24 10:23:43", "elapsed": 694.194, "delta": 2.743481}}
{"target": 0.435152687210257, "params": {"max_depth": 4.827888363128439, "n_estimators": 94.01192382191775}, "datetime": {"datetime": "2021-09-24 10:23:47", "elapsed": 697.392618, "delta": 3.198618}}
{"target": 0.42549205563445336, "params": {"max_depth": 3.1347606265091583, "n_estimators": 10.173752887821452}, "datetime": {"datetime": "2021-09-24 10:23:49", "elapsed": 699.439955, "delta": 2.047337}}
{"target": 0.3566836223437526, "params": {"max_depth": 1.9668687529709854, "n_estimators": 9.496372564775015}, "datetime": {"datetime": "2021-09-24 10:23:52", "elapsed": 702.606509, "delta": 3.166554}}
{"target": 0.3738296288691685, "params": {"max_depth": 4.517121709902158, "n_estimators": 11.263163391236823}, "datetime": {"datetime": "2021-09-24 10:23:55", "elapsed": 705.867201, "delta": 3.260692}}
{"target": 0.4449402978093191, "params": {"max_depth": 2.422208119364594, "n_estimators": 12.018439954254841}, "datetime": {"datetime": "2021-09-24 10:23:57", "elapsed": 708.032522, "delta": 2.165321}}
{"target": 0.3892440465353708, "params": {"max_depth": 10.864607050109347, "n_estimators": 98.70581513343134}, "datetime": {"datetime": "2021-09-24 10:24:00", "elapsed": 710.513203, "delta": 2.480681}}
{"target": 0.4011619637335829, "params": {"max_depth": 5.981910602045923, "n_estimators": 36.885995927679026}, "datetime": {"datetime": "2021-09-24 10:24:02", "elapsed": 713.082056, "delta": 2.568853}}
{"target": 0.3416919213042374, "params": {"max_depth": 6.43255774683005, "n_estimators": 17.56900142914177}, "datetime": {"datetime": "2021-09-24 10:24:04", "elapsed": 714.992355, "delta": 1.910299}}
{"target": 0.39309598728133177, "params": {"max_depth": 10.35537290166729, "n_estimators": 67.58367492888937}, "datetime": {"datetime": "2021-09-24 10:24:06", "elapsed": 717.186261, "delta": 2.193906}}
{"target": 0.41987974764684155, "params": {"max_depth": 3.126482395899328, "n_estimators": 8.790284292126806}, "datetime": {"datetime": "2021-09-24 10:24:09", "elapsed": 719.64365, "delta": 2.457389}}
