{"target": 0.4362649502800703, "params": {"max_depth": 2.2886505934736294, "n_estimators": 201.7148220430839}, "datetime": {"datetime": "2021-09-24 11:21:29", "elapsed": 78.660466, "delta": 0.943308}}
{"target": 0.44815054337066895, "params": {"max_depth": 3.702437258884297, "n_estimators": 200.22322187154842}, "datetime": {"datetime": "2021-09-24 11:21:30", "elapsed": 79.988664, "delta": 1.328198}}
{"target": 0.4472097237311343, "params": {"max_depth": 3.8507451760950184, "n_estimators": 204.88684167712438}, "datetime": {"datetime": "2021-09-24 11:21:31", "elapsed": 81.077718, "delta": 1.089054}}
{"target": 0.44097119922383066, "params": {"max_depth": 4.175349233018666, "n_estimators": 206.17105465352253}, "datetime": {"datetime": "2021-09-24 11:21:32", "elapsed": 82.00426, "delta": 0.926542}}
{"target": 0.4331890691072877, "params": {"max_depth": 5.053747819159952, "n_estimators": 204.5049191533957}, "datetime": {"datetime": "2021-09-24 11:21:34", "elapsed": 83.316109, "delta": 1.311849}}
{"target": 0.43562829191555796, "params": {"max_depth": 2.8288675372429855, "n_estimators": 204.94159236349736}, "datetime": {"datetime": "2021-09-24 11:21:35", "elapsed": 84.395841, "delta": 1.079732}}
{"target": 0.422247733358481, "params": {"max_depth": 6.975504294075276, "n_estimators": 248.75536107534208}, "datetime": {"datetime": "2021-09-24 11:21:36", "elapsed": 85.781885, "delta": 1.386044}}
{"target": 0.4312824737169668, "params": {"max_depth": 2.0, "n_estimators": 294.46233212906253}, "datetime": {"datetime": "2021-09-24 11:21:37", "elapsed": 86.894896, "delta": 1.113011}}
{"target": 0.4340699824474664, "params": {"max_depth": 2.0, "n_estimators": 227.6674751852924}, "datetime": {"datetime": "2021-09-24 11:21:38", "elapsed": 87.719947, "delta": 0.825051}}
{"target": 0.42151115248674953, "params": {"max_depth": 6.913656257938564, "n_estimators": 223.3937476033465}, "datetime": {"datetime": "2021-09-24 11:21:39", "elapsed": 88.899485, "delta": 1.179538}}
{"target": 0.4471282899647062, "params": {"max_depth": 3.2917007049683438, "n_estimators": 299.98440240170544}, "datetime": {"datetime": "2021-09-24 11:21:41", "elapsed": 90.357495, "delta": 1.45801}}
{"target": 0.447013242689677, "params": {"max_depth": 3.9821871582662154, "n_estimators": 298.9193841631557}, "datetime": {"datetime": "2021-09-24 11:21:42", "elapsed": 91.577111, "delta": 1.219616}}
{"target": 0.4434753169384922, "params": {"max_depth": 4.2231512671183875, "n_estimators": 299.9441276810415}, "datetime": {"datetime": "2021-09-24 11:21:43", "elapsed": 93.168481, "delta": 1.59137}}
{"target": 0.4316465934290591, "params": {"max_depth": 2.0096536464450554, "n_estimators": 299.9525454839007}, "datetime": {"datetime": "2021-09-24 11:21:45", "elapsed": 94.415412, "delta": 1.246931}}
{"target": 0.44335771492613785, "params": {"max_depth": 4.726146832295048, "n_estimators": 297.5814295734993}, "datetime": {"datetime": "2021-09-24 11:21:46", "elapsed": 96.048057, "delta": 1.632645}}
{"target": 0.4233508100991531, "params": {"max_depth": 6.910999586964232, "n_estimators": 269.25958415289034}, "datetime": {"datetime": "2021-09-24 11:21:48", "elapsed": 97.511208, "delta": 1.463151}}
{"target": 0.43413661043567353, "params": {"max_depth": 2.022289158507821, "n_estimators": 222.32314630589946}, "datetime": {"datetime": "2021-09-24 11:21:49", "elapsed": 98.476086, "delta": 0.964878}}
{"target": 0.4125211965795167, "params": {"max_depth": 7.0, "n_estimators": 241.12448921833516}, "datetime": {"datetime": "2021-09-24 11:21:50", "elapsed": 99.861263, "delta": 1.385177}}
{"target": 0.43356823877612416, "params": {"max_depth": 2.003835049442288, "n_estimators": 240.1796513604413}, "datetime": {"datetime": "2021-09-24 11:21:51", "elapsed": 100.896259, "delta": 1.034996}}
{"target": 0.4336696853770251, "params": {"max_depth": 2.82841083563054, "n_estimators": 256.7961012683892}, "datetime": {"datetime": "2021-09-24 11:21:52", "elapsed": 101.909629, "delta": 1.01337}}
{"target": 0.44389966954471827, "params": {"max_depth": 4.43049589384306, "n_estimators": 286.16177995434055}, "datetime": {"datetime": "2021-09-24 11:21:53", "elapsed": 103.156522, "delta": 1.246893}}
{"target": 0.44394565321372725, "params": {"max_depth": 4.255201383582358, "n_estimators": 287.5168732476356}, "datetime": {"datetime": "2021-09-24 11:21:55", "elapsed": 104.566051, "delta": 1.409529}}
{"target": 0.43486848560608526, "params": {"max_depth": 5.589190686773135, "n_estimators": 286.55432808636283}, "datetime": {"datetime": "2021-09-24 11:21:56", "elapsed": 106.258069, "delta": 1.692018}}
{"target": 0.44784137705589366, "params": {"max_depth": 3.2960223212993705, "n_estimators": 286.4035266938569}, "datetime": {"datetime": "2021-09-24 11:21:58", "elapsed": 107.682077, "delta": 1.424008}}
{"target": 0.4478329727085514, "params": {"max_depth": 3.710408204120974, "n_estimators": 285.1100913148752}, "datetime": {"datetime": "2021-09-24 11:21:59", "elapsed": 108.95855, "delta": 1.276473}}
{"target": 0.4434113059649756, "params": {"max_depth": 4.142250389429011, "n_estimators": 283.7179236821968}, "datetime": {"datetime": "2021-09-24 11:22:01", "elapsed": 110.359987, "delta": 1.401437}}
{"target": 0.44366448626746535, "params": {"max_depth": 4.031712512426292, "n_estimators": 289.5889013495226}, "datetime": {"datetime": "2021-09-24 11:22:03", "elapsed": 112.274545, "delta": 1.914558}}
{"target": 0.44310647308833184, "params": {"max_depth": 4.741063645348909, "n_estimators": 291.1170871617806}, "datetime": {"datetime": "2021-09-24 11:22:04", "elapsed": 113.646218, "delta": 1.371673}}
{"target": 0.4435467374303951, "params": {"max_depth": 4.542361034493714, "n_estimators": 281.724605605954}, "datetime": {"datetime": "2021-09-24 11:22:05", "elapsed": 115.031542, "delta": 1.385324}}
{"target": 0.43421423987965824, "params": {"max_depth": 5.975782473699808, "n_estimators": 280.83485641289633}, "datetime": {"datetime": "2021-09-24 11:22:07", "elapsed": 116.334931, "delta": 1.303389}}
{"target": 0.4428936713995435, "params": {"max_depth": 4.253919540419438, "n_estimators": 292.71657287904293}, "datetime": {"datetime": "2021-09-24 11:22:08", "elapsed": 117.694966, "delta": 1.360035}}
{"target": 0.44346960481099607, "params": {"max_depth": 4.1702269686963955, "n_estimators": 295.9128213325082}, "datetime": {"datetime": "2021-09-24 11:22:09", "elapsed": 118.860693, "delta": 1.165727}}
{"target": 0.44678656286120977, "params": {"max_depth": 3.93809468664322, "n_estimators": 294.3043089500974}, "datetime": {"datetime": "2021-09-24 11:22:10", "elapsed": 120.232951, "delta": 1.372258}}
{"target": 0.44728093317588025, "params": {"max_depth": 3.380901438229387, "n_estimators": 248.92581260000804}, "datetime": {"datetime": "2021-09-24 11:22:12", "elapsed": 121.383922, "delta": 1.150971}}
{"target": 0.4341536793052272, "params": {"max_depth": 2.1186887265777017, "n_estimators": 249.4429694476806}, "datetime": {"datetime": "2021-09-24 11:22:13", "elapsed": 122.879965, "delta": 1.496043}}
{"target": 0.44312349390254613, "params": {"max_depth": 4.090682330754785, "n_estimators": 247.85458512697048}, "datetime": {"datetime": "2021-09-24 11:22:14", "elapsed": 124.034926, "delta": 1.154961}}
{"target": 0.4425776189636905, "params": {"max_depth": 4.338093470710721, "n_estimators": 249.44894224998146}, "datetime": {"datetime": "2021-09-24 11:22:15", "elapsed": 125.134931, "delta": 1.100005}}
{"target": 0.4345512394537068, "params": {"max_depth": 2.0029593681162616, "n_estimators": 211.25106962452665}, "datetime": {"datetime": "2021-09-24 11:22:16", "elapsed": 126.129025, "delta": 0.994094}}
{"target": 0.44743258951245624, "params": {"max_depth": 3.2026077833667554, "n_estimators": 245.03579511542833}, "datetime": {"datetime": "2021-09-24 11:22:18", "elapsed": 127.597538, "delta": 1.468513}}
{"target": 0.43490691931764347, "params": {"max_depth": 2.067442392791511, "n_estimators": 244.8580198319908}, "datetime": {"datetime": "2021-09-24 11:22:19", "elapsed": 128.767508, "delta": 1.16997}}
{"target": 0.4475165746131575, "params": {"max_depth": 3.7866215863988693, "n_estimators": 246.01607362005856}, "datetime": {"datetime": "2021-09-24 11:22:20", "elapsed": 129.996505, "delta": 1.228997}}
{"target": 0.44333457797134235, "params": {"max_depth": 4.18616875488452, "n_estimators": 244.8009301722464}, "datetime": {"datetime": "2021-09-24 11:22:22", "elapsed": 131.458503, "delta": 1.461998}}
{"target": 0.4245817632992329, "params": {"max_depth": 6.27146802465665, "n_estimators": 291.56247590220187}, "datetime": {"datetime": "2021-09-24 11:22:23", "elapsed": 132.859163, "delta": 1.40066}}
{"target": 0.4476345328935927, "params": {"max_depth": 3.7302981422177375, "n_estimators": 290.9443190505511}, "datetime": {"datetime": "2021-09-24 11:22:25", "elapsed": 134.755163, "delta": 1.896}}
{"target": 0.44271680234575306, "params": {"max_depth": 4.253574368763691, "n_estimators": 263.00926771661693}, "datetime": {"datetime": "2021-09-24 11:22:26", "elapsed": 136.112166, "delta": 1.357003}}
{"target": 0.4478200307391449, "params": {"max_depth": 3.8736605952964016, "n_estimators": 261.1965985515827}, "datetime": {"datetime": "2021-09-24 11:22:28", "elapsed": 137.666165, "delta": 1.553999}}
{"target": 0.44781282506106423, "params": {"max_depth": 3.894994438698423, "n_estimators": 259.84068021047443}, "datetime": {"datetime": "2021-09-24 11:22:29", "elapsed": 139.210169, "delta": 1.544004}}
{"target": 0.4337949014383532, "params": {"max_depth": 2.7747391328762934, "n_estimators": 260.48058834645195}, "datetime": {"datetime": "2021-09-24 11:22:31", "elapsed": 140.417206, "delta": 1.207037}}
{"target": 0.44324210537083497, "params": {"max_depth": 4.590406467270698, "n_estimators": 260.5575845578596}, "datetime": {"datetime": "2021-09-24 11:22:32", "elapsed": 142.060178, "delta": 1.642972}}
{"target": 0.4434800534534107, "params": {"max_depth": 4.188659242710087, "n_estimators": 258.6415691806081}, "datetime": {"datetime": "2021-09-24 11:22:33", "elapsed": 143.183163, "delta": 1.122985}}
{"target": 0.44336643349828986, "params": {"max_depth": 4.64955431792491, "n_estimators": 261.9972158904132}, "datetime": {"datetime": "2021-09-24 11:22:35", "elapsed": 144.384163, "delta": 1.201}}
{"target": 0.41309477403405026, "params": {"max_depth": 7.0, "n_estimators": 237.46250618309668}, "datetime": {"datetime": "2021-09-24 11:22:36", "elapsed": 145.596204, "delta": 1.212041}}
{"target": 0.44227119793499825, "params": {"max_depth": 4.031341466546056, "n_estimators": 228.9498326396066}, "datetime": {"datetime": "2021-09-24 11:22:37", "elapsed": 147.143187, "delta": 1.546983}}
{"target": 0.4417986480701387, "params": {"max_depth": 4.052804563110125, "n_estimators": 227.07929802825714}, "datetime": {"datetime": "2021-09-24 11:22:39", "elapsed": 148.498204, "delta": 1.355017}}
{"target": 0.44173220872104046, "params": {"max_depth": 4.081442764856222, "n_estimators": 225.07903426490066}, "datetime": {"datetime": "2021-09-24 11:22:40", "elapsed": 149.985165, "delta": 1.486961}}
{"target": 0.44706231766328597, "params": {"max_depth": 3.945161690707311, "n_estimators": 230.86832101239096}, "datetime": {"datetime": "2021-09-24 11:22:43", "elapsed": 152.431018, "delta": 2.445853}}
{"target": 0.4472217951106815, "params": {"max_depth": 3.248067350243058, "n_estimators": 231.96159385910917}, "datetime": {"datetime": "2021-09-24 11:22:44", "elapsed": 153.782014, "delta": 1.350996}}
{"target": 0.4423512606911091, "params": {"max_depth": 4.273731326605066, "n_estimators": 232.45324975173426}, "datetime": {"datetime": "2021-09-24 11:22:46", "elapsed": 155.521013, "delta": 1.738999}}
{"target": 0.434078693893186, "params": {"max_depth": 2.027923482059942, "n_estimators": 232.38036466660014}, "datetime": {"datetime": "2021-09-24 11:22:47", "elapsed": 156.646151, "delta": 1.125138}}
{"target": 0.4471154957294873, "params": {"max_depth": 3.8814596650843933, "n_estimators": 223.4138589150528}, "datetime": {"datetime": "2021-09-24 11:22:48", "elapsed": 157.827186, "delta": 1.181035}}
{"target": 0.4474487853324369, "params": {"max_depth": 3.757675534245645, "n_estimators": 222.33386519105593}, "datetime": {"datetime": "2021-09-24 11:22:49", "elapsed": 159.08515, "delta": 1.257964}}
{"target": 0.4413404504983435, "params": {"max_depth": 4.612142450027758, "n_estimators": 222.84832817704756}, "datetime": {"datetime": "2021-09-24 11:22:52", "elapsed": 161.568846, "delta": 2.483696}}
{"target": 0.44368845246365185, "params": {"max_depth": 4.727285390063062, "n_estimators": 284.7596501410493}, "datetime": {"datetime": "2021-09-24 11:22:54", "elapsed": 163.993701, "delta": 2.424855}}
{"target": 0.4474447386043101, "params": {"max_depth": 3.917539664725287, "n_estimators": 280.2926077380751}, "datetime": {"datetime": "2021-09-24 11:22:56", "elapsed": 166.008807, "delta": 2.015106}}
{"target": 0.44189434238439007, "params": {"max_depth": 4.455761979752043, "n_estimators": 208.18055507076005}, "datetime": {"datetime": "2021-09-24 11:22:58", "elapsed": 167.580411, "delta": 1.571604}}
{"target": 0.4471979694218836, "params": {"max_depth": 3.8177034360005706, "n_estimators": 243.35230051320053}, "datetime": {"datetime": "2021-09-24 11:23:00", "elapsed": 169.890115, "delta": 2.309704}}
{"target": 0.4470186363315817, "params": {"max_depth": 3.9710634878744635, "n_estimators": 241.98936620566067}, "datetime": {"datetime": "2021-09-24 11:23:02", "elapsed": 171.799048, "delta": 1.908933}}
{"target": 0.4433223362823163, "params": {"max_depth": 4.73296507400438, "n_estimators": 242.60557392848523}, "datetime": {"datetime": "2021-09-24 11:23:04", "elapsed": 173.559577, "delta": 1.760529}}
{"target": 0.4247502181822388, "params": {"max_depth": 6.20696186191273, "n_estimators": 297.24543051777647}, "datetime": {"datetime": "2021-09-24 11:23:07", "elapsed": 176.748003, "delta": 3.188426}}
{"target": 0.4468919588185868, "params": {"max_depth": 3.737646117383065, "n_estimators": 297.6460954903814}, "datetime": {"datetime": "2021-09-24 11:23:09", "elapsed": 178.961573, "delta": 2.21357}}
{"target": 0.44770583984605816, "params": {"max_depth": 3.6515925911441247, "n_estimators": 281.15857989601056}, "datetime": {"datetime": "2021-09-24 11:23:11", "elapsed": 180.534362, "delta": 1.572789}}
{"target": 0.4470619488606651, "params": {"max_depth": 3.896631642179808, "n_estimators": 240.8062991487381}, "datetime": {"datetime": "2021-09-24 11:23:12", "elapsed": 182.25695, "delta": 1.722588}}
{"target": 0.44743103538182405, "params": {"max_depth": 3.4445943087063235, "n_estimators": 221.0213966715036}, "datetime": {"datetime": "2021-09-24 11:23:14", "elapsed": 183.699178, "delta": 1.442228}}
{"target": 0.44722051649263994, "params": {"max_depth": 3.563750335439944, "n_estimators": 219.8946699986617}, "datetime": {"datetime": "2021-09-24 11:23:15", "elapsed": 184.997083, "delta": 1.297905}}
{"target": 0.44778265178563814, "params": {"max_depth": 3.3607096293675225, "n_estimators": 203.2053517484283}, "datetime": {"datetime": "2021-09-24 11:23:16", "elapsed": 186.152085, "delta": 1.155002}}
{"target": 0.44699323582386186, "params": {"max_depth": 3.331469714263458, "n_estimators": 207.44434957333243}, "datetime": {"datetime": "2021-09-24 11:23:18", "elapsed": 187.316302, "delta": 1.164217}}
{"target": 0.4355303686485973, "params": {"max_depth": 2.0375720346302493, "n_estimators": 208.00395304131533}, "datetime": {"datetime": "2021-09-24 11:23:19", "elapsed": 188.582641, "delta": 1.266339}}
{"target": 0.4472097237311343, "params": {"max_depth": 3.7308372204535902, "n_estimators": 204.0067697755195}, "datetime": {"datetime": "2021-09-24 11:23:21", "elapsed": 190.368977, "delta": 1.786336}}
{"target": 0.44287385605366025, "params": {"max_depth": 4.582776449939946, "n_estimators": 200.03960097217487}, "datetime": {"datetime": "2021-09-24 11:23:22", "elapsed": 191.768212, "delta": 1.399235}}
{"target": 0.4470186363315817, "params": {"max_depth": 3.1560593505630723, "n_estimators": 241.4185880361267}, "datetime": {"datetime": "2021-09-24 11:23:24", "elapsed": 193.410946, "delta": 1.642734}}
{"target": 0.44694433544966994, "params": {"max_depth": 3.337346056004487, "n_estimators": 293.29889939195596}, "datetime": {"datetime": "2021-09-24 11:23:26", "elapsed": 195.414483, "delta": 2.003537}}
{"target": 0.44704547138611106, "params": {"max_depth": 3.5842517956573285, "n_estimators": 292.00005586492813}, "datetime": {"datetime": "2021-09-24 11:23:27", "elapsed": 196.905328, "delta": 1.490845}}
{"target": 0.42339572633690503, "params": {"max_depth": 6.995032912912549, "n_estimators": 263.55487358769807}, "datetime": {"datetime": "2021-09-24 11:23:29", "elapsed": 198.430368, "delta": 1.52504}}
{"target": 0.44757358974751815, "params": {"max_depth": 3.6228375038246994, "n_estimators": 262.1332778944111}, "datetime": {"datetime": "2021-09-24 11:23:30", "elapsed": 199.825047, "delta": 1.394679}}
{"target": 0.43315582170583955, "params": {"max_depth": 2.985675443453581, "n_estimators": 263.7925962551135}, "datetime": {"datetime": "2021-09-24 11:23:32", "elapsed": 201.485394, "delta": 1.660347}}
{"target": 0.44792261391581867, "params": {"max_depth": 3.937202603462112, "n_estimators": 255.25370538314735}, "datetime": {"datetime": "2021-09-24 11:23:34", "elapsed": 203.310223, "delta": 1.824829}}
{"target": 0.4472217951106815, "params": {"max_depth": 3.2160652814459723, "n_estimators": 231.0675815558617}, "datetime": {"datetime": "2021-09-24 11:23:35", "elapsed": 204.796162, "delta": 1.485939}}
{"target": 0.4468723515187043, "params": {"max_depth": 3.2724463630274347, "n_estimators": 267.6306383826518}, "datetime": {"datetime": "2021-09-24 11:23:37", "elapsed": 206.461166, "delta": 1.665004}}
{"target": 0.44698455831032013, "params": {"max_depth": 3.949822283299574, "n_estimators": 266.8847878123016}, "datetime": {"datetime": "2021-09-24 11:23:39", "elapsed": 209.040164, "delta": 2.578998}}
{"target": 0.44763720425684317, "params": {"max_depth": 3.47565727391206, "n_estimators": 282.58955267239685}, "datetime": {"datetime": "2021-09-24 11:23:41", "elapsed": 210.64397, "delta": 1.603806}}
{"target": 0.447013242689677, "params": {"max_depth": 3.2115960184968735, "n_estimators": 298.92196309491135}, "datetime": {"datetime": "2021-09-24 11:23:42", "elapsed": 212.206552, "delta": 1.562582}}
{"target": 0.4471154957294873, "params": {"max_depth": 3.0534788976092484, "n_estimators": 223.80065485209215}, "datetime": {"datetime": "2021-09-24 11:23:44", "elapsed": 213.645075, "delta": 1.438523}}
{"target": 0.4475165746131575, "params": {"max_depth": 3.105647968528234, "n_estimators": 246.11432246916934}, "datetime": {"datetime": "2021-09-24 11:23:45", "elapsed": 215.081698, "delta": 1.436623}}
{"target": 0.4422732166734511, "params": {"max_depth": 4.091208847059286, "n_estimators": 267.61188695555165}, "datetime": {"datetime": "2021-09-24 11:23:47", "elapsed": 216.578011, "delta": 1.496313}}
{"target": 0.4470285410316668, "params": {"max_depth": 3.936962539110681, "n_estimators": 265.74718681217166}, "datetime": {"datetime": "2021-09-24 11:23:48", "elapsed": 217.995821, "delta": 1.41781}}
{"target": 0.44698455831032013, "params": {"max_depth": 3.408785775083565, "n_estimators": 266.47192271247985}, "datetime": {"datetime": "2021-09-24 11:23:50", "elapsed": 219.447145, "delta": 1.451324}}
{"target": 0.4322979762062852, "params": {"max_depth": 2.940196343297427, "n_estimators": 285.71989256704035}, "datetime": {"datetime": "2021-09-24 11:23:51", "elapsed": 221.044727, "delta": 1.597582}}
{"target": 0.44788496028595637, "params": {"max_depth": 3.348406294837756, "n_estimators": 287.4009881809094}, "datetime": {"datetime": "2021-09-24 11:23:53", "elapsed": 223.161793, "delta": 2.117066}}
{"target": 0.44784137705589366, "params": {"max_depth": 3.7310738628225097, "n_estimators": 286.82908532798365}, "datetime": {"datetime": "2021-09-24 11:23:56", "elapsed": 225.391046, "delta": 2.229253}}
{"target": 0.4324074151910091, "params": {"max_depth": 2.75647582059424, "n_estimators": 283.1820395884735}, "datetime": {"datetime": "2021-09-24 11:23:57", "elapsed": 226.891971, "delta": 1.500925}}
{"target": 0.4472190791840793, "params": {"max_depth": 3.136661694693275, "n_estimators": 279.7916561413618}, "datetime": {"datetime": "2021-09-24 11:23:59", "elapsed": 228.961019, "delta": 2.069048}}
{"target": 0.43168056900382756, "params": {"max_depth": 5.185012835659578, "n_estimators": 229.57752614994578}, "datetime": {"datetime": "2021-09-24 11:24:01", "elapsed": 230.823016, "delta": 1.861997}}
{"target": 0.44299739388582005, "params": {"max_depth": 4.039773487710576, "n_estimators": 279.23621314048916}, "datetime": {"datetime": "2021-09-24 11:24:03", "elapsed": 232.794017, "delta": 1.971001}}
{"target": 0.41558267072357635, "params": {"max_depth": 7.0, "n_estimators": 202.79501299935728}, "datetime": {"datetime": "2021-09-24 11:24:05", "elapsed": 234.612017, "delta": 1.818}}
{"target": 0.43242556607873894, "params": {"max_depth": 2.009343469176436, "n_estimators": 267.5305225597169}, "datetime": {"datetime": "2021-09-24 11:24:07", "elapsed": 236.737605, "delta": 2.125588}}
{"target": 0.4476964876487436, "params": {"max_depth": 3.146556433170923, "n_estimators": 253.01619082381498}, "datetime": {"datetime": "2021-09-24 11:24:09", "elapsed": 238.595364, "delta": 1.857759}}
{"target": 0.43388569335295357, "params": {"max_depth": 2.0284190131387474, "n_estimators": 253.14292082221354}, "datetime": {"datetime": "2021-09-24 11:24:11", "elapsed": 240.544122, "delta": 1.948758}}
{"target": 0.44811916769732785, "params": {"max_depth": 3.527595299820069, "n_estimators": 288.50918871633047}, "datetime": {"datetime": "2021-09-24 11:24:13", "elapsed": 242.413164, "delta": 1.869042}}
{"target": 0.43252532950385414, "params": {"max_depth": 2.8465894701745746, "n_estimators": 289.6800636379823}, "datetime": {"datetime": "2021-09-24 11:24:14", "elapsed": 244.148688, "delta": 1.735524}}
