{"target": -41.16142116202637, "params": {"max_depth": 13.093638136374645, "n_estimators": 72.31212485077366, "random_state": 1.0011437481734489}, "datetime": {"datetime": "2021-09-30 08:15:59", "elapsed": 0.0, "delta": 0.0}}
{"target": -41.639375200729305, "params": {"max_depth": 9.767644606323353, "n_estimators": 15.528833190894192, "random_state": 1.923385947687978}, "datetime": {"datetime": "2021-09-30 08:15:59", "elapsed": 0.07812, "delta": 0.07812}}
{"target": -39.50817317770797, "params": {"max_depth": 6.4015461299524565, "n_estimators": 35.210511977261724, "random_state": 4.967674742306699}, "datetime": {"datetime": "2021-09-30 08:16:00", "elapsed": 0.220251, "delta": 0.142131}}
{"target": -40.47182565087671, "params": {"max_depth": 16.62568528609735, "n_estimators": 42.50025692592619, "random_state": 7.852195003967595}, "datetime": {"datetime": "2021-09-30 08:16:00", "elapsed": 0.451946, "delta": 0.231695}}
{"target": -40.41933163353199, "params": {"max_depth": 6.929115242214006, "n_estimators": 87.93362620270359, "random_state": 1.2738759319792616}, "datetime": {"datetime": "2021-09-30 08:16:00", "elapsed": 0.798269, "delta": 0.346323}}
{"target": -38.979058599872864, "params": {"max_depth": 5.235730839362755, "n_estimators": 35.07301160686909, "random_state": 5.258884188338703}, "datetime": {"datetime": "2021-09-30 08:16:00", "elapsed": 0.964663, "delta": 0.166394}}
{"target": -40.1271505459726, "params": {"max_depth": 3.058921511387493, "n_estimators": 36.52517453654544, "random_state": 5.2286364627718624}, "datetime": {"datetime": "2021-09-30 08:16:01", "elapsed": 1.199048, "delta": 0.234385}}
{"target": -39.45642975482596, "params": {"max_depth": 4.884048248201358, "n_estimators": 33.32282534565959, "random_state": 5.9205852979289695}, "datetime": {"datetime": "2021-09-30 08:16:01", "elapsed": 1.464666, "delta": 0.265618}}
{"target": -39.58428797462128, "params": {"max_depth": 4.563587363660775, "n_estimators": 34.12035448869023, "random_state": 3.4134612676734144}, "datetime": {"datetime": "2021-09-30 08:16:01", "elapsed": 1.841619, "delta": 0.376953}}
{"target": -39.43823834539677, "params": {"max_depth": 5.946051253116636, "n_estimators": 35.387825029230996, "random_state": 8.743601461413991}, "datetime": {"datetime": "2021-09-30 08:16:01", "elapsed": 2.076809, "delta": 0.23519}}
{"target": -40.52152830649787, "params": {"max_depth": 3.132742499244413, "n_estimators": 34.008857521392095, "random_state": 9.423555805964025}, "datetime": {"datetime": "2021-09-30 08:16:02", "elapsed": 2.326801, "delta": 0.249992}}
{"target": -39.95693381460334, "params": {"max_depth": 7.072059270423628, "n_estimators": 37.32672022272906, "random_state": 7.443996903851694}, "datetime": {"datetime": "2021-09-30 08:16:02", "elapsed": 2.608053, "delta": 0.281252}}
{"target": -40.13286880492905, "params": {"max_depth": 7.432953523467444, "n_estimators": 33.28941193666519, "random_state": 7.784639910270672}, "datetime": {"datetime": "2021-09-30 08:16:02", "elapsed": 2.904928, "delta": 0.296875}}
{"target": -39.4450160274312, "params": {"max_depth": 4.692530831612621, "n_estimators": 38.280473250130505, "random_state": 10.715939847401762}, "datetime": {"datetime": "2021-09-30 08:16:02", "elapsed": 3.171222, "delta": 0.266294}}
{"target": -39.394892820366906, "params": {"max_depth": 7.629206359439246, "n_estimators": 37.86922734300364, "random_state": 10.980443467630925}, "datetime": {"datetime": "2021-09-30 08:16:03", "elapsed": 3.468059, "delta": 0.296837}}
{"target": -39.135056713014734, "params": {"max_depth": 5.8082923425887545, "n_estimators": 40.81909120805732, "random_state": 10.718363926409399}, "datetime": {"datetime": "2021-09-30 08:16:03", "elapsed": 3.750667, "delta": 0.282608}}
{"target": -39.58058965685943, "params": {"max_depth": 8.843313736470343, "n_estimators": 41.96834730342752, "random_state": 10.532993155364302}, "datetime": {"datetime": "2021-09-30 08:16:03", "elapsed": 4.033455, "delta": 0.282788}}
{"target": -39.54612022446417, "params": {"max_depth": 4.721424548773641, "n_estimators": 43.1611028024128, "random_state": 10.45737059448711}, "datetime": {"datetime": "2021-09-30 08:16:04", "elapsed": 4.330331, "delta": 0.296876}}
{"target": -40.54142370896188, "params": {"max_depth": 5.940087632403751, "n_estimators": 41.854707737206844, "random_state": 7.811047366685506}, "datetime": {"datetime": "2021-09-30 08:16:04", "elapsed": 4.646214, "delta": 0.315883}}
{"target": -40.831097463861354, "params": {"max_depth": 2.2625202499191923, "n_estimators": 40.56159691659312, "random_state": 10.973564669222812}, "datetime": {"datetime": "2021-09-30 08:16:04", "elapsed": 4.865006, "delta": 0.218792}}
{"target": -39.50656229096751, "params": {"max_depth": 8.194927602633772, "n_estimators": 39.88843085420727, "random_state": 10.56196713831434}, "datetime": {"datetime": "2021-09-30 08:16:04", "elapsed": 5.161881, "delta": 0.296875}}
{"target": -39.31777292131729, "params": {"max_depth": 6.659678838306952, "n_estimators": 45.111884447879376, "random_state": 10.861550542434154}, "datetime": {"datetime": "2021-09-30 08:16:05", "elapsed": 5.490006, "delta": 0.328125}}
{"target": -38.971686405784, "params": {"max_depth": 4.444906065102642, "n_estimators": 47.06949781176405, "random_state": 11.0}, "datetime": {"datetime": "2021-09-30 08:16:05", "elapsed": 5.804531, "delta": 0.314525}}
{"target": -38.71394335886982, "params": {"max_depth": 6.3669295214186326, "n_estimators": 48.66293917583642, "random_state": 11.0}, "datetime": {"datetime": "2021-09-30 08:16:06", "elapsed": 6.181392, "delta": 0.376861}}
{"target": -38.80777187344216, "params": {"max_depth": 4.377709369191919, "n_estimators": 50.24834126994189, "random_state": 11.0}, "datetime": {"datetime": "2021-09-30 08:16:06", "elapsed": 6.493851, "delta": 0.312459}}
{"target": -39.520227971999226, "params": {"max_depth": 5.450150236014603, "n_estimators": 49.35627276985997, "random_state": 8.39192472635303}, "datetime": {"datetime": "2021-09-30 08:16:06", "elapsed": 6.884515, "delta": 0.390664}}
{"target": -38.71733477307448, "params": {"max_depth": 7.187000249917505, "n_estimators": 51.582399230377405, "random_state": 11.0}, "datetime": {"datetime": "2021-09-30 08:16:07", "elapsed": 7.259514, "delta": 0.374999}}
{"target": -39.84226581354816, "params": {"max_depth": 10.235426608868046, "n_estimators": 49.42413911217154, "random_state": 10.957691134133368}, "datetime": {"datetime": "2021-09-30 08:16:07", "elapsed": 7.681389, "delta": 0.421875}}
{"target": -38.51725665164575, "params": {"max_depth": 5.138498900222056, "n_estimators": 53.750819509454686, "random_state": 11.0}, "datetime": {"datetime": "2021-09-30 08:16:07", "elapsed": 8.056101, "delta": 0.374712}}
{"target": -38.690042668208974, "params": {"max_depth": 7.527662467916009, "n_estimators": 55.49026144001224, "random_state": 11.0}, "datetime": {"datetime": "2021-09-30 08:16:08", "elapsed": 8.5561, "delta": 0.499999}}
{"target": -39.06373703971113, "params": {"max_depth": 4.25036031694821, "n_estimators": 57.178071050019426, "random_state": 11.0}, "datetime": {"datetime": "2021-09-30 08:16:08", "elapsed": 8.9936, "delta": 0.4375}}
{"target": -39.705544245965044, "params": {"max_depth": 6.159301300305843, "n_estimators": 54.910140894872576, "random_state": 8.02833506541596}, "datetime": {"datetime": "2021-09-30 08:16:09", "elapsed": 9.46235, "delta": 0.46875}}
{"target": -38.819717398133946, "params": {"max_depth": 8.947698625078543, "n_estimators": 59.17575686741817, "random_state": 11.0}, "datetime": {"datetime": "2021-09-30 08:16:09", "elapsed": 10.003048, "delta": 0.540698}}
{"target": -45.21036019970275, "params": {"max_depth": 1.2581375902333682, "n_estimators": 53.079623035664305, "random_state": 10.98007041432545}, "datetime": {"datetime": "2021-09-30 08:16:10", "elapsed": 10.378044, "delta": 0.374996}}
{"target": -38.6839080167572, "params": {"max_depth": 5.710299763303475, "n_estimators": 60.912646764874324, "random_state": 11.0}, "datetime": {"datetime": "2021-09-30 08:16:10", "elapsed": 10.872592, "delta": 0.494548}}
{"target": -40.37511662567794, "params": {"max_depth": 7.607498138030851, "n_estimators": 61.13510456858529, "random_state": 7.689111643952474}, "datetime": {"datetime": "2021-09-30 08:16:11", "elapsed": 11.513218, "delta": 0.640626}}
{"target": -40.590336738530844, "params": {"max_depth": 2.301420387395714, "n_estimators": 62.17004192016358, "random_state": 11.0}, "datetime": {"datetime": "2021-09-30 08:16:11", "elapsed": 11.96018, "delta": 0.446962}}
{"target": -39.90244761890052, "params": {"max_depth": 11.724235285892549, "n_estimators": 56.30051334025012, "random_state": 10.645118797691385}, "datetime": {"datetime": "2021-09-30 08:16:12", "elapsed": 12.507053, "delta": 0.546873}}
{"target": -39.82924644604716, "params": {"max_depth": 11.756428323958534, "n_estimators": 62.87385290995029, "random_state": 10.655624391972825}, "datetime": {"datetime": "2021-09-30 08:16:12", "elapsed": 13.048486, "delta": 0.541433}}
{"target": -39.28673554221289, "params": {"max_depth": 5.653108467854336, "n_estimators": 58.77531838404332, "random_state": 10.812917608780003}, "datetime": {"datetime": "2021-09-30 08:16:13", "elapsed": 13.485983, "delta": 0.437497}}
{"target": -40.060740926492954, "params": {"max_depth": 29.93670192832122, "n_estimators": 97.7949674691016, "random_state": 9.580327175850707}, "datetime": {"datetime": "2021-09-30 08:16:14", "elapsed": 14.261072, "delta": 0.775089}}
{"target": -39.57444112925747, "params": {"max_depth": 7.1941423418238655, "n_estimators": 63.94875102547893, "random_state": 10.625143078076562}, "datetime": {"datetime": "2021-09-30 08:16:14", "elapsed": 14.729826, "delta": 0.468754}}
{"target": -49.57343422454868, "params": {"max_depth": 29.415657043572384, "n_estimators": 1.3754609560027606, "random_state": 10.809027604853037}, "datetime": {"datetime": "2021-09-30 08:16:14", "elapsed": 14.932947, "delta": 0.203121}}
{"target": -41.61358052249839, "params": {"max_depth": 30.0, "n_estimators": 28.801311759331618, "random_state": 1.0}, "datetime": {"datetime": "2021-09-30 08:16:15", "elapsed": 15.370454, "delta": 0.437507}}
{"target": -39.23297878862086, "params": {"max_depth": 30.0, "n_estimators": 82.00451994210385, "random_state": 11.0}, "datetime": {"datetime": "2021-09-30 08:16:15", "elapsed": 16.155632, "delta": 0.785178}}
{"target": -39.11648581564151, "params": {"max_depth": 30.0, "n_estimators": 73.97552826610848, "random_state": 11.0}, "datetime": {"datetime": "2021-09-30 08:16:16", "elapsed": 16.843171, "delta": 0.687539}}
{"target": -40.147438724874895, "params": {"max_depth": 30.0, "n_estimators": 77.63452665435186, "random_state": 4.25278860170809}, "datetime": {"datetime": "2021-09-30 08:16:17", "elapsed": 17.624382, "delta": 0.781211}}
{"target": -39.14960969719134, "params": {"max_depth": 23.27891477242558, "n_estimators": 77.75014950401363, "random_state": 11.0}, "datetime": {"datetime": "2021-09-30 08:16:18", "elapsed": 18.39309, "delta": 0.768708}}
{"target": -39.140966691935645, "params": {"max_depth": 23.91695204325423, "n_estimators": 69.74385068431383, "random_state": 11.0}, "datetime": {"datetime": "2021-09-30 08:16:19", "elapsed": 19.23684, "delta": 0.84375}}
{"target": -39.077388094529105, "params": {"max_depth": 30.0, "n_estimators": 65.65320110156635, "random_state": 11.0}, "datetime": {"datetime": "2021-09-30 08:16:19", "elapsed": 19.918139, "delta": 0.681299}}
{"target": -40.42045395975812, "params": {"max_depth": 27.617698543172363, "n_estimators": 67.34106170043572, "random_state": 4.527435740948122}, "datetime": {"datetime": "2021-09-30 08:16:20", "elapsed": 20.662776, "delta": 0.744637}}
{"target": -39.69582969954666, "params": {"max_depth": 23.07419757189413, "n_estimators": 86.71616498956772, "random_state": 10.689412207448155}, "datetime": {"datetime": "2021-09-30 08:16:21", "elapsed": 21.490869, "delta": 0.828093}}
{"target": -38.9098740568674, "params": {"max_depth": 30.0, "n_estimators": 58.093424959117186, "random_state": 11.0}, "datetime": {"datetime": "2021-09-30 08:16:22", "elapsed": 22.203434, "delta": 0.712565}}
{"target": -39.9372816805706, "params": {"max_depth": 23.57418488175871, "n_estimators": 60.75869821255313, "random_state": 10.253993796440586}, "datetime": {"datetime": "2021-09-30 08:16:22", "elapsed": 22.797182, "delta": 0.593748}}
{"target": -38.709803713301426, "params": {"max_depth": 30.0, "n_estimators": 51.244026859502156, "random_state": 11.0}, "datetime": {"datetime": "2021-09-30 08:16:23", "elapsed": 23.358951, "delta": 0.561769}}
{"target": -39.1026427112656, "params": {"max_depth": 30.0, "n_estimators": 53.858623409591004, "random_state": 5.391046960960075}, "datetime": {"datetime": "2021-09-30 08:16:23", "elapsed": 23.946381, "delta": 0.58743}}
{"target": -38.78221329551675, "params": {"max_depth": 30.0, "n_estimators": 46.42315528798916, "random_state": 6.735446194437176}, "datetime": {"datetime": "2021-09-30 08:16:24", "elapsed": 24.524506, "delta": 0.578125}}
{"target": -40.0305998177358, "params": {"max_depth": 24.77256998588365, "n_estimators": 49.99988024175081, "random_state": 8.141988716391925}, "datetime": {"datetime": "2021-09-30 08:16:25", "elapsed": 25.196415, "delta": 0.671909}}
{"target": -39.82495320697016, "params": {"max_depth": 29.23950173677, "n_estimators": 41.331704965330964, "random_state": 10.973038048414569}, "datetime": {"datetime": "2021-09-30 08:16:25", "elapsed": 25.76902, "delta": 0.572605}}
{"target": -41.10065002060983, "params": {"max_depth": 29.406659211648105, "n_estimators": 47.89289513923451, "random_state": 1.3431160501192576}, "datetime": {"datetime": "2021-09-30 08:16:26", "elapsed": 26.340954, "delta": 0.571934}}
{"target": -39.83111912609791, "params": {"max_depth": 15.842423007498033, "n_estimators": 80.66317146573755, "random_state": 10.498783739339082}, "datetime": {"datetime": "2021-09-30 08:16:26", "elapsed": 27.090955, "delta": 0.750001}}
{"target": -39.47908386157368, "params": {"max_depth": 30.0, "n_estimators": 59.78919234344963, "random_state": 5.23933827908829}, "datetime": {"datetime": "2021-09-30 08:16:27", "elapsed": 27.747203, "delta": 0.656248}}
{"target": -39.91947074602818, "params": {"max_depth": 30.0, "n_estimators": 87.89416616696055, "random_state": 5.278634675007703}, "datetime": {"datetime": "2021-09-30 08:16:28", "elapsed": 28.516779, "delta": 0.769576}}
{"target": -40.06474932366789, "params": {"max_depth": 18.55767442933691, "n_estimators": 71.90647533520907, "random_state": 10.867176417654996}, "datetime": {"datetime": "2021-09-30 08:16:29", "elapsed": 29.219907, "delta": 0.703128}}
{"target": -53.69410742610681, "params": {"max_depth": 1.0, "n_estimators": 1.0, "random_state": 11.0}, "datetime": {"datetime": "2021-09-30 08:16:29", "elapsed": 29.579284, "delta": 0.359377}}
{"target": -39.386666392769634, "params": {"max_depth": 13.5958456187269, "n_estimators": 100.0, "random_state": 11.0}, "datetime": {"datetime": "2021-09-30 08:16:30", "elapsed": 30.448148, "delta": 0.868864}}
{"target": -45.227027290816146, "params": {"max_depth": 1.5361841562673126, "n_estimators": 100.0, "random_state": 11.0}, "datetime": {"datetime": "2021-09-30 08:16:30", "elapsed": 30.973882, "delta": 0.525734}}
{"target": -40.67415149611319, "params": {"max_depth": 19.12718923453444, "n_estimators": 99.28744543252773, "random_state": 1.1770656040849883}, "datetime": {"datetime": "2021-09-30 08:16:31", "elapsed": 31.812089, "delta": 0.838207}}
{"target": -45.35261703816042, "params": {"max_depth": 1.0, "n_estimators": 80.0485100970351, "random_state": 11.0}, "datetime": {"datetime": "2021-09-30 08:16:32", "elapsed": 32.342578, "delta": 0.530489}}
{"target": -40.8198341537698, "params": {"max_depth": 19.276388348662806, "n_estimators": 85.11548780140065, "random_state": 1.0}, "datetime": {"datetime": "2021-09-30 08:16:33", "elapsed": 33.18087, "delta": 0.838292}}
{"target": -39.58829707054291, "params": {"max_depth": 20.890247293458888, "n_estimators": 23.337974550839313, "random_state": 11.0}, "datetime": {"datetime": "2021-09-30 08:16:33", "elapsed": 33.618368, "delta": 0.437498}}
{"target": -39.66072561374959, "params": {"max_depth": 20.168596378464702, "n_estimators": 95.3360900295223, "random_state": 10.765711370222297}, "datetime": {"datetime": "2021-09-30 08:16:34", "elapsed": 34.502809, "delta": 0.884441}}
{"target": -38.97991477433712, "params": {"max_depth": 21.852875396210848, "n_estimators": 32.61205131801294, "random_state": 11.0}, "datetime": {"datetime": "2021-09-30 08:16:34", "elapsed": 35.018438, "delta": 0.515629}}
{"target": -40.71918925453708, "params": {"max_depth": 29.95548951755159, "n_estimators": 22.132822118986855, "random_state": 10.917459889938042}, "datetime": {"datetime": "2021-09-30 08:16:35", "elapsed": 35.534058, "delta": 0.51562}}
{"target": -41.7743943732267, "params": {"max_depth": 18.077750413317002, "n_estimators": 26.46958374147021, "random_state": 1.0}, "datetime": {"datetime": "2021-09-30 08:16:35", "elapsed": 36.06932, "delta": 0.535262}}
{"target": -39.20415422423346, "params": {"max_depth": 13.464311669161393, "n_estimators": 90.44829717773014, "random_state": 11.0}, "datetime": {"datetime": "2021-09-30 08:16:36", "elapsed": 36.897408, "delta": 0.828088}}
{"target": -40.70265743289673, "params": {"max_depth": 29.29608525817734, "n_estimators": 98.74670689905025, "random_state": 1.2501329643410777}, "datetime": {"datetime": "2021-09-30 08:16:37", "elapsed": 37.772441, "delta": 0.875033}}
{"target": -40.73107344613424, "params": {"max_depth": 19.24150819246651, "n_estimators": 58.034322576292396, "random_state": 1.0}, "datetime": {"datetime": "2021-09-30 08:16:38", "elapsed": 38.447364, "delta": 0.674923}}
{"target": -38.97991477433712, "params": {"max_depth": 30.0, "n_estimators": 32.22350085692275, "random_state": 11.0}, "datetime": {"datetime": "2021-09-30 08:16:38", "elapsed": 38.962979, "delta": 0.515615}}
{"target": -45.23554172176401, "params": {"max_depth": 1.0, "n_estimators": 20.92142340200624, "random_state": 11.0}, "datetime": {"datetime": "2021-09-30 08:16:39", "elapsed": 39.369235, "delta": 0.406256}}
{"target": -39.82683289969081, "params": {"max_depth": 25.078830154359025, "n_estimators": 37.5269573375015, "random_state": 4.095486105692262}, "datetime": {"datetime": "2021-09-30 08:16:39", "elapsed": 39.926048, "delta": 0.556813}}
{"target": -41.82083477794355, "params": {"max_depth": 23.72391962699871, "n_estimators": 14.633515531453348, "random_state": 1.0}, "datetime": {"datetime": "2021-09-30 08:16:40", "elapsed": 40.534361, "delta": 0.608313}}
{"target": -40.34798427313048, "params": {"max_depth": 9.982978119516172, "n_estimators": 97.56547602210117, "random_state": 1.0}, "datetime": {"datetime": "2021-09-30 08:16:41", "elapsed": 41.548979, "delta": 1.014618}}
{"target": -58.673594223152506, "params": {"max_depth": 15.917972178258726, "n_estimators": 1.0, "random_state": 1.0}, "datetime": {"datetime": "2021-09-30 08:16:41", "elapsed": 42.036387, "delta": 0.487408}}
{"target": -41.078130195152404, "params": {"max_depth": 14.083023418385759, "n_estimators": 49.20315929971981, "random_state": 1.0}, "datetime": {"datetime": "2021-09-30 08:16:42", "elapsed": 42.845509, "delta": 0.809122}}
{"target": -40.89926685106916, "params": {"max_depth": 21.994633657391716, "n_estimators": 75.0174198128641, "random_state": 1.0}, "datetime": {"datetime": "2021-09-30 08:16:43", "elapsed": 43.754479, "delta": 0.90897}}
{"target": -40.03595380181947, "params": {"max_depth": 14.912988849922625, "n_estimators": 92.05722243666723, "random_state": 4.5094428734838194}, "datetime": {"datetime": "2021-09-30 08:16:44", "elapsed": 44.664005, "delta": 0.909526}}
{"target": -44.814413954805396, "params": {"max_depth": 1.0, "n_estimators": 70.54358043424465, "random_state": 1.0}, "datetime": {"datetime": "2021-09-30 08:16:45", "elapsed": 45.244993, "delta": 0.580988}}
{"target": -41.09855188632287, "params": {"max_depth": 14.046937499762064, "n_estimators": 19.761068746696917, "random_state": 10.833345741468767}, "datetime": {"datetime": "2021-09-30 08:16:45", "elapsed": 45.879639, "delta": 0.634646}}
{"target": -39.76668067186955, "params": {"max_depth": 15.776358357212452, "n_estimators": 28.906017057386613, "random_state": 11.0}, "datetime": {"datetime": "2021-09-30 08:16:46", "elapsed": 46.507137, "delta": 0.627498}}
{"target": -39.62003585407131, "params": {"max_depth": 29.75681743736677, "n_estimators": 91.07244411490598, "random_state": 10.872195299805052}, "datetime": {"datetime": "2021-09-30 08:16:47", "elapsed": 47.433738, "delta": 0.926601}}
{"target": -39.20070043826935, "params": {"max_depth": 23.099088685982625, "n_estimators": 100.0, "random_state": 11.0}, "datetime": {"datetime": "2021-09-30 08:16:48", "elapsed": 48.547246, "delta": 1.113508}}
{"target": -38.77403368330781, "params": {"max_depth": 22.0323884808587, "n_estimators": 39.70391338182068, "random_state": 11.0}, "datetime": {"datetime": "2021-09-30 08:16:49", "elapsed": 49.262055, "delta": 0.714809}}
{"target": -41.63420787835314, "params": {"max_depth": 30.0, "n_estimators": 18.872601747523174, "random_state": 1.0}, "datetime": {"datetime": "2021-09-30 08:16:49", "elapsed": 49.792572, "delta": 0.530517}}
{"target": -44.819796604912625, "params": {"max_depth": 1.0938302923346597, "n_estimators": 92.69225627406075, "random_state": 1.456421664465132}, "datetime": {"datetime": "2021-09-30 08:16:50", "elapsed": 50.426696, "delta": 0.634124}}
{"target": -40.53662650377915, "params": {"max_depth": 10.844210566429936, "n_estimators": 81.00754292991803, "random_state": 1.4591783795183446}, "datetime": {"datetime": "2021-09-30 08:16:51", "elapsed": 51.389712, "delta": 0.963016}}
{"target": -40.49047909842312, "params": {"max_depth": 25.17923431832637, "n_estimators": 27.96005618203407, "random_state": 10.862784972090727}, "datetime": {"datetime": "2021-09-30 08:16:51", "elapsed": 52.019182, "delta": 0.62947}}
