{"target": 0.4380393478957798, "params": {"max_depth": 2.122962082844496, "n_estimators": 124.75531191845374}, "datetime": {"datetime": "2021-09-24 10:54:28", "elapsed": 26.750666, "delta": 0.713003}}
{"target": 0.4402638998446651, "params": {"max_depth": 2.0, "n_estimators": 104.3995417141381}, "datetime": {"datetime": "2021-09-24 10:54:29", "elapsed": 27.321106, "delta": 0.57044}}
{"target": 0.44091446103550813, "params": {"max_depth": 2.0, "n_estimators": 159.379372657282}, "datetime": {"datetime": "2021-09-24 10:54:30", "elapsed": 28.027141, "delta": 0.706035}}
{"target": 0.4390922651041198, "params": {"max_depth": 2.124039348134997, "n_estimators": 179.02205655984417}, "datetime": {"datetime": "2021-09-24 10:54:30", "elapsed": 28.836113, "delta": 0.808972}}
{"target": 0.4369006938040896, "params": {"max_depth": 2.0597391208765288, "n_estimators": 115.23975643996538}, "datetime": {"datetime": "2021-09-24 10:54:31", "elapsed": 29.379995, "delta": 0.543882}}
{"target": 0.44075284602539766, "params": {"max_depth": 2.0, "n_estimators": 166.5311260226224}, "datetime": {"datetime": "2021-09-24 10:54:32", "elapsed": 30.052996, "delta": 0.673001}}
{"target": 0.4387470132778244, "params": {"max_depth": 2.0, "n_estimators": 189.0477309034628}, "datetime": {"datetime": "2021-09-24 10:54:32", "elapsed": 30.867998, "delta": 0.815002}}
{"target": 0.40028827903959185, "params": {"max_depth": 8.0, "n_estimators": 127.00209088109598}, "datetime": {"datetime": "2021-09-24 10:54:33", "elapsed": 31.613753, "delta": 0.745755}}
{"target": 0.4403241240905925, "params": {"max_depth": 2.0423012193340937, "n_estimators": 100.78064920523934}, "datetime": {"datetime": "2021-09-24 10:54:34", "elapsed": 32.101464, "delta": 0.487711}}
{"target": 0.4387080134616259, "params": {"max_depth": 2.203324790138585, "n_estimators": 147.3549615919097}, "datetime": {"datetime": "2021-09-24 10:54:34", "elapsed": 32.81104, "delta": 0.709576}}
{"target": 0.43716951819190253, "params": {"max_depth": 2.0, "n_estimators": 120.28920703449455}, "datetime": {"datetime": "2021-09-24 10:54:35", "elapsed": 33.457576, "delta": 0.646536}}
{"target": 0.4369617042658348, "params": {"max_depth": 5.376720633834898, "n_estimators": 105.28902183492944}, "datetime": {"datetime": "2021-09-24 10:54:36", "elapsed": 34.086574, "delta": 0.628998}}
{"target": 0.42774648777917335, "params": {"max_depth": 6.110426528532668, "n_estimators": 178.9334926353166}, "datetime": {"datetime": "2021-09-24 10:54:37", "elapsed": 35.093745, "delta": 1.007171}}
{"target": 0.41830495898863085, "params": {"max_depth": 7.793585475604224, "n_estimators": 146.93957825663372}, "datetime": {"datetime": "2021-09-24 10:54:38", "elapsed": 35.937223, "delta": 0.843478}}
{"target": 0.4210548421923588, "params": {"max_depth": 7.932861768302279, "n_estimators": 158.8578843810738}, "datetime": {"datetime": "2021-09-24 10:54:38", "elapsed": 36.867228, "delta": 0.930005}}
{"target": 0.4048332131523579, "params": {"max_depth": 8.0, "n_estimators": 167.5054854267381}, "datetime": {"datetime": "2021-09-24 10:54:39", "elapsed": 37.866077, "delta": 0.998849}}
{"target": 0.43797087517964595, "params": {"max_depth": 2.009202484171578, "n_estimators": 112.21217133446301}, "datetime": {"datetime": "2021-09-24 10:54:40", "elapsed": 38.463875, "delta": 0.597798}}
{"target": 0.43774207090484973, "params": {"max_depth": 2.0805035247615633, "n_estimators": 192.30087778797127}, "datetime": {"datetime": "2021-09-24 10:54:41", "elapsed": 39.266872, "delta": 0.802997}}
{"target": 0.4378158083837389, "params": {"max_depth": 5.288116159890041, "n_estimators": 189.69847232333026}, "datetime": {"datetime": "2021-09-24 10:54:42", "elapsed": 40.167874, "delta": 0.901002}}
{"target": 0.4000064636534886, "params": {"max_depth": 8.0, "n_estimators": 200.0}, "datetime": {"datetime": "2021-09-24 10:54:43", "elapsed": 41.389874, "delta": 1.222}}
{"target": 0.4372033428681985, "params": {"max_depth": 5.738912455857992, "n_estimators": 114.86206644307998}, "datetime": {"datetime": "2021-09-24 10:54:44", "elapsed": 42.090878, "delta": 0.701004}}
{"target": 0.44670812511553626, "params": {"max_depth": 4.265646724603283, "n_estimators": 102.24739612798226}, "datetime": {"datetime": "2021-09-24 10:54:44", "elapsed": 42.729405, "delta": 0.638527}}
{"target": 0.44679708906249593, "params": {"max_depth": 4.020517122469132, "n_estimators": 100.012490483027}, "datetime": {"datetime": "2021-09-24 10:54:45", "elapsed": 43.402464, "delta": 0.673059}}
{"target": 0.4390276865607412, "params": {"max_depth": 2.0, "n_estimators": 176.3072807660447}, "datetime": {"datetime": "2021-09-24 10:54:46", "elapsed": 44.326465, "delta": 0.924001}}
{"target": 0.45025481931360756, "params": {"max_depth": 3.4372237381077024, "n_estimators": 186.4705971218097}, "datetime": {"datetime": "2021-09-24 10:54:47", "elapsed": 45.249463, "delta": 0.922998}}
{"target": 0.4387246504192477, "params": {"max_depth": 2.0320589247006264, "n_estimators": 186.39577886999058}, "datetime": {"datetime": "2021-09-24 10:54:48", "elapsed": 46.135673, "delta": 0.88621}}
{"target": 0.4447879108887516, "params": {"max_depth": 4.372167698702595, "n_estimators": 184.93697162106662}, "datetime": {"datetime": "2021-09-24 10:54:49", "elapsed": 47.126457, "delta": 0.990784}}
{"target": 0.44444755737632435, "params": {"max_depth": 4.8591389356148635, "n_estimators": 187.20435595876475}, "datetime": {"datetime": "2021-09-24 10:54:50", "elapsed": 48.092915, "delta": 0.966458}}
{"target": 0.42353219710503964, "params": {"max_depth": 7.905366104583429, "n_estimators": 104.17984371563658}, "datetime": {"datetime": "2021-09-24 10:54:50", "elapsed": 48.848615, "delta": 0.7557}}
{"target": 0.439835037153109, "params": {"max_depth": 2.0, "n_estimators": 106.93605462299577}, "datetime": {"datetime": "2021-09-24 10:54:51", "elapsed": 49.577858, "delta": 0.729243}}
{"target": 0.43819408446322405, "params": {"max_depth": 2.1384071201791874, "n_estimators": 127.39783713211838}, "datetime": {"datetime": "2021-09-24 10:54:52", "elapsed": 50.230858, "delta": 0.653}}
{"target": 0.45035285852870344, "params": {"max_depth": 3.7286678350490856, "n_estimators": 181.8541264932264}, "datetime": {"datetime": "2021-09-24 10:54:53", "elapsed": 51.107859, "delta": 0.877001}}
{"target": 0.4390997088771893, "params": {"max_depth": 2.016492492535991, "n_estimators": 181.5347556489379}, "datetime": {"datetime": "2021-09-24 10:54:54", "elapsed": 52.315747, "delta": 1.207888}}
{"target": 0.4389855443845828, "params": {"max_depth": 5.296500933972413, "n_estimators": 182.24734674322858}, "datetime": {"datetime": "2021-09-24 10:54:55", "elapsed": 53.454592, "delta": 1.138845}}
{"target": 0.4496058621402973, "params": {"max_depth": 3.761495085084179, "n_estimators": 117.79862185975378}, "datetime": {"datetime": "2021-09-24 10:54:56", "elapsed": 54.3626, "delta": 0.908008}}
{"target": 0.43765872962552743, "params": {"max_depth": 2.092534719917042, "n_estimators": 117.84080203450888}, "datetime": {"datetime": "2021-09-24 10:54:57", "elapsed": 55.256075, "delta": 0.893475}}
{"target": 0.4426670975973107, "params": {"max_depth": 4.483646255122001, "n_estimators": 119.40524625257387}, "datetime": {"datetime": "2021-09-24 10:54:58", "elapsed": 56.169086, "delta": 0.913011}}
{"target": 0.43547792745343716, "params": {"max_depth": 5.34142336221635, "n_estimators": 117.29912133030038}, "datetime": {"datetime": "2021-09-24 10:54:58", "elapsed": 56.806087, "delta": 0.637001}}
{"target": 0.4437191033189648, "params": {"max_depth": 4.197154966028847, "n_estimators": 122.62760149319027}, "datetime": {"datetime": "2021-09-24 10:54:59", "elapsed": 57.544032, "delta": 0.737945}}
{"target": 0.40033902061936333, "params": {"max_depth": 8.0, "n_estimators": 190.00477455644213}, "datetime": {"datetime": "2021-09-24 10:55:00", "elapsed": 58.893031, "delta": 1.348999}}
{"target": 0.44982005630158606, "params": {"max_depth": 3.716545311138777, "n_estimators": 188.28137439798635}, "datetime": {"datetime": "2021-09-24 10:55:01", "elapsed": 59.887029, "delta": 0.993998}}
{"target": 0.44530422436453143, "params": {"max_depth": 4.0367317290651785, "n_estimators": 160.74108784015974}, "datetime": {"datetime": "2021-09-24 10:55:03", "elapsed": 61.150029, "delta": 1.263}}
{"target": 0.4510991044085314, "params": {"max_depth": 3.9259614770936273, "n_estimators": 158.64581575767713}, "datetime": {"datetime": "2021-09-24 10:55:04", "elapsed": 62.20573, "delta": 1.055701}}
{"target": 0.4404084980753127, "params": {"max_depth": 2.925180300219423, "n_estimators": 157.35824094311437}, "datetime": {"datetime": "2021-09-24 10:55:05", "elapsed": 63.411067, "delta": 1.205337}}
{"target": 0.44541633797513336, "params": {"max_depth": 4.970290016184946, "n_estimators": 159.32998940664083}, "datetime": {"datetime": "2021-09-24 10:55:06", "elapsed": 64.383201, "delta": 0.972134}}
{"target": 0.45042031049091, "params": {"max_depth": 3.8636245055080374, "n_estimators": 180.5160281156538}, "datetime": {"datetime": "2021-09-24 10:55:07", "elapsed": 65.864362, "delta": 1.481161}}
{"target": 0.44962084954562775, "params": {"max_depth": 3.6031046845508072, "n_estimators": 190.39725852963292}, "datetime": {"datetime": "2021-09-24 10:55:08", "elapsed": 66.83736, "delta": 0.972998}}
{"target": 0.4453052499931994, "params": {"max_depth": 4.546191436194878, "n_estimators": 112.32423811435514}, "datetime": {"datetime": "2021-09-24 10:55:09", "elapsed": 67.700372, "delta": 0.863012}}
{"target": 0.45025697689917066, "params": {"max_depth": 3.954058963000198, "n_estimators": 149.467593512413}, "datetime": {"datetime": "2021-09-24 10:55:10", "elapsed": 68.725374, "delta": 1.025002}}
{"target": 0.4393278742660107, "params": {"max_depth": 2.018304164953546, "n_estimators": 149.5441606426087}, "datetime": {"datetime": "2021-09-24 10:55:11", "elapsed": 69.776058, "delta": 1.050684}}
{"target": 0.44318092896461314, "params": {"max_depth": 4.372405453619075, "n_estimators": 147.81490634805883}, "datetime": {"datetime": "2021-09-24 10:55:12", "elapsed": 70.746057, "delta": 0.969999}}
{"target": 0.4433964032276061, "params": {"max_depth": 4.40174388255567, "n_estimators": 150.92212689433535}, "datetime": {"datetime": "2021-09-24 10:55:13", "elapsed": 71.832725, "delta": 1.086668}}
{"target": 0.4516053823823598, "params": {"max_depth": 3.140272769788825, "n_estimators": 168.47477796756442}, "datetime": {"datetime": "2021-09-24 10:55:14", "elapsed": 72.841978, "delta": 1.009253}}
{"target": 0.44021333842470123, "params": {"max_depth": 2.051215152505475, "n_estimators": 168.41356030556346}, "datetime": {"datetime": "2021-09-24 10:55:15", "elapsed": 73.6283, "delta": 0.786322}}
{"target": 0.44641575577411496, "params": {"max_depth": 4.033934065379589, "n_estimators": 167.13698077335806}, "datetime": {"datetime": "2021-09-24 10:55:16", "elapsed": 74.646302, "delta": 1.018002}}
{"target": 0.4521054354666896, "params": {"max_depth": 3.6777777098417257, "n_estimators": 169.60419010760054}, "datetime": {"datetime": "2021-09-24 10:55:17", "elapsed": 75.730991, "delta": 1.084689}}
{"target": 0.4456281208751687, "params": {"max_depth": 4.061663356038855, "n_estimators": 168.58609330484327}, "datetime": {"datetime": "2021-09-24 10:55:18", "elapsed": 76.815968, "delta": 1.084977}}
{"target": 0.4527583449116386, "params": {"max_depth": 3.554691300786381, "n_estimators": 164.9436687121117}, "datetime": {"datetime": "2021-09-24 10:55:19", "elapsed": 77.710418, "delta": 0.89445}}
{"target": 0.45241715816030503, "params": {"max_depth": 3.655044341324606, "n_estimators": 163.4885919284845}, "datetime": {"datetime": "2021-09-24 10:55:20", "elapsed": 78.693421, "delta": 0.983003}}
{"target": 0.4409809818997028, "params": {"max_depth": 2.774868243299795, "n_estimators": 164.36084295104905}, "datetime": {"datetime": "2021-09-24 10:55:21", "elapsed": 79.559986, "delta": 0.866565}}
{"target": 0.4464111354193543, "params": {"max_depth": 4.576335555862569, "n_estimators": 164.98250394992561}, "datetime": {"datetime": "2021-09-24 10:55:22", "elapsed": 80.436994, "delta": 0.877008}}
{"target": 0.449223373961793, "params": {"max_depth": 3.7352447395629698, "n_estimators": 144.90293776095672}, "datetime": {"datetime": "2021-09-24 10:55:23", "elapsed": 81.294618, "delta": 0.857624}}
{"target": 0.4388770470011737, "params": {"max_depth": 2.313116456161245, "n_estimators": 144.7436606169263}, "datetime": {"datetime": "2021-09-24 10:55:24", "elapsed": 82.113373, "delta": 0.818755}}
{"target": 0.43621922890627873, "params": {"max_depth": 5.257417838355378, "n_estimators": 144.43000712668274}, "datetime": {"datetime": "2021-09-24 10:55:25", "elapsed": 83.234092, "delta": 1.120719}}
{"target": 0.4451436977112154, "params": {"max_depth": 4.960110075264763, "n_estimators": 107.97435082452476}, "datetime": {"datetime": "2021-09-24 10:55:26", "elapsed": 84.047596, "delta": 0.813504}}
{"target": 0.4456158568951456, "params": {"max_depth": 4.871835473805573, "n_estimators": 110.2292548948345}, "datetime": {"datetime": "2021-09-24 10:55:26", "elapsed": 84.816595, "delta": 0.768999}}
{"target": 0.45226844189805726, "params": {"max_depth": 3.7479687228898007, "n_estimators": 162.3973846057819}, "datetime": {"datetime": "2021-09-24 10:55:28", "elapsed": 85.911614, "delta": 1.095019}}
{"target": 0.40373339668116504, "params": {"max_depth": 8.0, "n_estimators": 137.2880201109139}, "datetime": {"datetime": "2021-09-24 10:55:28", "elapsed": 86.867612, "delta": 0.955998}}
{"target": 0.44377613736304866, "params": {"max_depth": 4.108334155561889, "n_estimators": 192.27080575886424}, "datetime": {"datetime": "2021-09-24 10:55:30", "elapsed": 87.976694, "delta": 1.109082}}
{"target": 0.4527107863251494, "params": {"max_depth": 3.4885893852130536, "n_estimators": 166.0072054415115}, "datetime": {"datetime": "2021-09-24 10:55:31", "elapsed": 88.997696, "delta": 1.021002}}
{"target": 0.44260511208990827, "params": {"max_depth": 4.8144227054124675, "n_estimators": 130.70667693658032}, "datetime": {"datetime": "2021-09-24 10:55:32", "elapsed": 89.970299, "delta": 0.972603}}
{"target": 0.4388876065948557, "params": {"max_depth": 2.004255324889959, "n_estimators": 122.4816421776195}, "datetime": {"datetime": "2021-09-24 10:55:32", "elapsed": 90.824297, "delta": 0.853998}}
{"target": 0.43767828833837286, "params": {"max_depth": 5.3383028302247615, "n_estimators": 149.48591034707476}, "datetime": {"datetime": "2021-09-24 10:55:34", "elapsed": 91.984559, "delta": 1.160262}}
{"target": 0.4494896805348767, "params": {"max_depth": 3.7949725075310883, "n_estimators": 146.0616701660577}, "datetime": {"datetime": "2021-09-24 10:55:34", "elapsed": 92.8806, "delta": 0.896041}}
{"target": 0.4456631997349938, "params": {"max_depth": 4.071644774476748, "n_estimators": 170.86204238225486}, "datetime": {"datetime": "2021-09-24 10:55:36", "elapsed": 93.995887, "delta": 1.115287}}
{"target": 0.4448716282278503, "params": {"max_depth": 4.3720057678814985, "n_estimators": 175.7218515798246}, "datetime": {"datetime": "2021-09-24 10:55:37", "elapsed": 95.118929, "delta": 1.123042}}
{"target": 0.4009552758141818, "params": {"max_depth": 8.0, "n_estimators": 114.35398510907108}, "datetime": {"datetime": "2021-09-24 10:55:38", "elapsed": 96.154627, "delta": 1.035698}}
{"target": 0.44513166237752155, "params": {"max_depth": 4.000233319077278, "n_estimators": 114.56691105232474}, "datetime": {"datetime": "2021-09-24 10:55:39", "elapsed": 97.038591, "delta": 0.883964}}
{"target": 0.42372979583672776, "params": {"max_depth": 7.065889477273989, "n_estimators": 107.68043755648513}, "datetime": {"datetime": "2021-09-24 10:55:40", "elapsed": 98.721554, "delta": 1.682963}}
{"target": 0.4515328552667447, "params": {"max_depth": 3.725608386778768, "n_estimators": 106.3511054998416}, "datetime": {"datetime": "2021-09-24 10:55:41", "elapsed": 99.717847, "delta": 0.996293}}
{"target": 0.4512635576826295, "params": {"max_depth": 3.781429256883602, "n_estimators": 104.5351697166859}, "datetime": {"datetime": "2021-09-24 10:55:42", "elapsed": 100.729846, "delta": 1.011999}}
{"target": 0.44982504078050256, "params": {"max_depth": 3.768196876155856, "n_estimators": 116.37134400976954}, "datetime": {"datetime": "2021-09-24 10:55:43", "elapsed": 101.794371, "delta": 1.064525}}
{"target": 0.4519432631999132, "params": {"max_depth": 3.208553700321714, "n_estimators": 103.11153038210396}, "datetime": {"datetime": "2021-09-24 10:55:44", "elapsed": 102.57905, "delta": 0.784679}}
{"target": 0.450945711990261, "params": {"max_depth": 3.8297185197124786, "n_estimators": 177.68429801539637}, "datetime": {"datetime": "2021-09-24 10:55:45", "elapsed": 103.508676, "delta": 0.929626}}
{"target": 0.4425635853149239, "params": {"max_depth": 4.240010454666784, "n_estimators": 128.59621884470414}, "datetime": {"datetime": "2021-09-24 10:55:46", "elapsed": 104.255047, "delta": 0.746371}}
{"target": 0.4427289162182354, "params": {"max_depth": 4.314739148542173, "n_estimators": 125.03865607628153}, "datetime": {"datetime": "2021-09-24 10:55:47", "elapsed": 105.256055, "delta": 1.001008}}
{"target": 0.42545252063665684, "params": {"max_depth": 6.2320916954783945, "n_estimators": 122.9979679450985}, "datetime": {"datetime": "2021-09-24 10:55:48", "elapsed": 106.243235, "delta": 0.98718}}
{"target": 0.45053988122236555, "params": {"max_depth": 3.8360383029200125, "n_estimators": 178.98494273328686}, "datetime": {"datetime": "2021-09-24 10:55:49", "elapsed": 107.299807, "delta": 1.056572}}
{"target": 0.44052170425112924, "params": {"max_depth": 2.4855054321699406, "n_estimators": 161.36273980060002}, "datetime": {"datetime": "2021-09-24 10:55:50", "elapsed": 108.226942, "delta": 0.927135}}
{"target": 0.4461673899736456, "params": {"max_depth": 4.344869335351457, "n_estimators": 163.0331609456872}, "datetime": {"datetime": "2021-09-24 10:55:51", "elapsed": 109.367943, "delta": 1.141001}}
{"target": 0.4210770914243488, "params": {"max_depth": 7.992665845386172, "n_estimators": 155.2617222552504}, "datetime": {"datetime": "2021-09-24 10:55:52", "elapsed": 110.581053, "delta": 1.21311}}
{"target": 0.45186770688842437, "params": {"max_depth": 3.699945795148981, "n_estimators": 107.49493831251156}, "datetime": {"datetime": "2021-09-24 10:55:53", "elapsed": 111.589997, "delta": 1.008944}}
{"target": 0.4519432631999132, "params": {"max_depth": 3.9758257975045677, "n_estimators": 103.58404212886136}, "datetime": {"datetime": "2021-09-24 10:55:54", "elapsed": 112.414267, "delta": 0.82427}}
{"target": 0.4506066295853294, "params": {"max_depth": 3.687663049702213, "n_estimators": 183.26367612150256}, "datetime": {"datetime": "2021-09-24 10:55:55", "elapsed": 113.428289, "delta": 1.014022}}
{"target": 0.4213694168742147, "params": {"max_depth": 7.953600741426085, "n_estimators": 131.34264405039912}, "datetime": {"datetime": "2021-09-24 10:55:56", "elapsed": 114.792612, "delta": 1.364323}}
{"target": 0.44889132031744305, "params": {"max_depth": 3.8369973341084864, "n_estimators": 198.57279271096954}, "datetime": {"datetime": "2021-09-24 10:55:58", "elapsed": 115.965177, "delta": 1.172565}}
{"target": 0.4448516177728302, "params": {"max_depth": 4.778085364078777, "n_estimators": 177.33701602359815}, "datetime": {"datetime": "2021-09-24 10:55:59", "elapsed": 117.06718, "delta": 1.102003}}
{"target": 0.4521054354666896, "params": {"max_depth": 3.0570957527602673, "n_estimators": 169.32369135099052}, "datetime": {"datetime": "2021-09-24 10:56:00", "elapsed": 118.336984, "delta": 1.269804}}
{"target": 0.45226844189805726, "params": {"max_depth": 3.27292565878371, "n_estimators": 162.78615298752615}, "datetime": {"datetime": "2021-09-24 10:56:01", "elapsed": 119.503177, "delta": 1.166193}}
{"target": 0.4458699685888996, "params": {"max_depth": 4.214858495745733, "n_estimators": 138.64876470635394}, "datetime": {"datetime": "2021-09-24 10:56:02", "elapsed": 120.899717, "delta": 1.39654}}
{"target": 0.44052846329875106, "params": {"max_depth": 2.80781597548698, "n_estimators": 138.31555392205823}, "datetime": {"datetime": "2021-09-24 10:56:03", "elapsed": 121.88359, "delta": 0.983873}}
{"target": 0.42092019360402777, "params": {"max_depth": 7.989505263598646, "n_estimators": 176.33933771630808}, "datetime": {"datetime": "2021-09-24 10:56:05", "elapsed": 123.112435, "delta": 1.228845}}
{"target": 0.4518841400045197, "params": {"max_depth": 3.340101666716441, "n_estimators": 139.34454952181767}, "datetime": {"datetime": "2021-09-24 10:56:06", "elapsed": 124.491536, "delta": 1.379101}}
{"target": 0.4493984064738541, "params": {"max_depth": 3.6982387506761114, "n_estimators": 194.25540143764195}, "datetime": {"datetime": "2021-09-24 10:56:08", "elapsed": 126.087075, "delta": 1.595539}}
{"target": 0.43749210287651574, "params": {"max_depth": 2.202008123962036, "n_estimators": 194.36237558944026}, "datetime": {"datetime": "2021-09-24 10:56:09", "elapsed": 127.216987, "delta": 1.129912}}
{"target": 0.44367557881191566, "params": {"max_depth": 4.502107620258976, "n_estimators": 132.76620936966344}, "datetime": {"datetime": "2021-09-24 10:56:10", "elapsed": 128.471837, "delta": 1.25485}}
{"target": 0.4500060909978004, "params": {"max_depth": 3.812359636158027, "n_estimators": 189.38296718682156}, "datetime": {"datetime": "2021-09-24 10:56:11", "elapsed": 129.837419, "delta": 1.365582}}
{"target": 0.45002979177079117, "params": {"max_depth": 3.7410027825722696, "n_estimators": 121.08027770077148}, "datetime": {"datetime": "2021-09-24 10:56:12", "elapsed": 130.845431, "delta": 1.008012}}
{"target": 0.4481168282830962, "params": {"max_depth": 3.9300904198329114, "n_estimators": 126.84320942032123}, "datetime": {"datetime": "2021-09-24 10:56:14", "elapsed": 131.94748, "delta": 1.102049}}
{"target": 0.451603563895288, "params": {"max_depth": 3.7530776722662256, "n_estimators": 111.16134096381519}, "datetime": {"datetime": "2021-09-24 10:56:14", "elapsed": 132.875382, "delta": 0.927902}}
