{"target": -40.482463493566016, "params": {"max_depth": 7.027439264229395, "n_estimators": 82.21834010450743, "random_state": 1.1619018916863113}, "datetime": {"datetime": "2021-09-30 08:20:19", "elapsed": 259.589274, "delta": 1.352596}}
{"target": -39.94544002708948, "params": {"max_depth": 3.398138795565063, "n_estimators": 84.97628860453162, "random_state": 1.0116876685522171}, "datetime": {"datetime": "2021-09-30 08:20:20", "elapsed": 261.077681, "delta": 1.488407}}
{"target": -39.13408129722282, "params": {"max_depth": 26.099459918371007, "n_estimators": 30.038578727389407, "random_state": 5.218331165579996}, "datetime": {"datetime": "2021-09-30 08:20:22", "elapsed": 262.73165, "delta": 1.653969}}
{"target": -39.48778442348496, "params": {"max_depth": 15.16865536843191, "n_estimators": 76.6096791740619, "random_state": 11.0}, "datetime": {"datetime": "2021-09-30 08:20:24", "elapsed": 264.791925, "delta": 2.060275}}
{"target": -40.39277146002435, "params": {"max_depth": 10.49859802284352, "n_estimators": 53.042067258138104, "random_state": 1.0}, "datetime": {"datetime": "2021-09-30 08:20:25", "elapsed": 266.161535, "delta": 1.36961}}
{"target": -40.29677968436816, "params": {"max_depth": 26.66669443800061, "n_estimators": 51.17596303973154, "random_state": 10.99431624667781}, "datetime": {"datetime": "2021-09-30 08:20:27", "elapsed": 267.837579, "delta": 1.676044}}
{"target": -40.027619089113706, "params": {"max_depth": 23.871779321443825, "n_estimators": 56.94361411257944, "random_state": 10.828075321537886}, "datetime": {"datetime": "2021-09-30 08:20:29", "elapsed": 269.296209, "delta": 1.45863}}
{"target": -39.05758541417668, "params": {"max_depth": 8.950604948365193, "n_estimators": 77.68264255027154, "random_state": 11.0}, "datetime": {"datetime": "2021-09-30 08:20:30", "elapsed": 270.987512, "delta": 1.691303}}
{"target": -38.78221329551675, "params": {"max_depth": 24.878483123623926, "n_estimators": 46.66627529591551, "random_state": 6.960234524085179}, "datetime": {"datetime": "2021-09-30 08:20:32", "elapsed": 272.659428, "delta": 1.671916}}
{"target": -41.113109876798575, "params": {"max_depth": 7.68058881961552, "n_estimators": 26.565226266100222, "random_state": 7.288075887350195}, "datetime": {"datetime": "2021-09-30 08:20:33", "elapsed": 273.80898, "delta": 1.149552}}
{"target": -39.672331952669595, "params": {"max_depth": 22.861154385269455, "n_estimators": 63.30752828709951, "random_state": 5.828584867395263}, "datetime": {"datetime": "2021-09-30 08:20:35", "elapsed": 275.240421, "delta": 1.431441}}
{"target": -40.77529199288157, "params": {"max_depth": 26.150158137330997, "n_estimators": 25.645096350112734, "random_state": 2.063536686822435}, "datetime": {"datetime": "2021-09-30 08:20:36", "elapsed": 276.822459, "delta": 1.582038}}
{"target": -40.96635360412655, "params": {"max_depth": 27.672769296560745, "n_estimators": 76.99496744773974, "random_state": 1.0214872715516135}, "datetime": {"datetime": "2021-09-30 08:20:38", "elapsed": 278.504607, "delta": 1.682148}}
{"target": -39.549959482420164, "params": {"max_depth": 11.788484566518026, "n_estimators": 79.01053366831589, "random_state": 11.0}, "datetime": {"datetime": "2021-09-30 08:20:40", "elapsed": 280.259899, "delta": 1.755292}}
{"target": -40.01506639267571, "params": {"max_depth": 8.906198655597615, "n_estimators": 95.71446932991644, "random_state": 7.994018079136917}, "datetime": {"datetime": "2021-09-30 08:20:41", "elapsed": 281.872388, "delta": 1.612489}}
{"target": -38.75765339380005, "params": {"max_depth": 17.68354526723342, "n_estimators": 45.246983017928635, "random_state": 11.0}, "datetime": {"datetime": "2021-09-30 08:20:43", "elapsed": 283.312601, "delta": 1.440213}}
{"target": -40.265680899919055, "params": {"max_depth": 16.381992153180462, "n_estimators": 33.98101927535331, "random_state": 9.229806422172333}, "datetime": {"datetime": "2021-09-30 08:20:44", "elapsed": 284.54768, "delta": 1.235079}}
{"target": -39.35174632445494, "params": {"max_depth": 9.738943316677561, "n_estimators": 32.31191045875268, "random_state": 10.88756552795708}, "datetime": {"datetime": "2021-09-30 08:20:45", "elapsed": 285.98916, "delta": 1.44148}}
{"target": -40.24737696019233, "params": {"max_depth": 20.8959516839229, "n_estimators": 50.535123147669374, "random_state": 4.349204518173271}, "datetime": {"datetime": "2021-09-30 08:20:47", "elapsed": 287.884072, "delta": 1.894912}}
{"target": -41.024344830105036, "params": {"max_depth": 8.660531411936665, "n_estimators": 47.162297718524364, "random_state": 1.0}, "datetime": {"datetime": "2021-09-30 08:20:49", "elapsed": 289.277536, "delta": 1.393464}}
{"target": -40.41323583930076, "params": {"max_depth": 24.971279344827035, "n_estimators": 34.6007172996351, "random_state": 7.255184334933902}, "datetime": {"datetime": "2021-09-30 08:20:50", "elapsed": 290.55879, "delta": 1.281254}}
{"target": -40.338713040402, "params": {"max_depth": 30.0, "n_estimators": 39.71915081692584, "random_state": 7.8740558628381985}, "datetime": {"datetime": "2021-09-30 08:20:51", "elapsed": 291.952661, "delta": 1.393871}}
{"target": -38.66054248238207, "params": {"max_depth": 30.0, "n_estimators": 48.95451685665394, "random_state": 11.0}, "datetime": {"datetime": "2021-09-30 08:20:53", "elapsed": 293.376544, "delta": 1.423883}}
{"target": -39.25423398820864, "params": {"max_depth": 14.587894660475488, "n_estimators": 36.74808491448747, "random_state": 5.6474902139900385}, "datetime": {"datetime": "2021-09-30 08:20:54", "elapsed": 294.958938, "delta": 1.582394}}
{"target": -38.78817079968139, "params": {"max_depth": 27.791492499786283, "n_estimators": 55.779838306812294, "random_state": 11.0}, "datetime": {"datetime": "2021-09-30 08:20:56", "elapsed": 296.662757, "delta": 1.703819}}
{"target": -40.876309109881056, "params": {"max_depth": 30.0, "n_estimators": 88.21517221192998, "random_state": 1.0}, "datetime": {"datetime": "2021-09-30 08:20:58", "elapsed": 298.761391, "delta": 2.098634}}
{"target": -39.895646729527726, "params": {"max_depth": 21.75266683082037, "n_estimators": 40.03213855273933, "random_state": 4.782475470662744}, "datetime": {"datetime": "2021-09-30 08:21:00", "elapsed": 300.671346, "delta": 1.909955}}
{"target": -39.09897782347967, "params": {"max_depth": 7.208189043519288, "n_estimators": 84.9619708515624, "random_state": 11.0}, "datetime": {"datetime": "2021-09-30 08:21:02", "elapsed": 302.174457, "delta": 1.503111}}
{"target": -38.63190869711042, "params": {"max_depth": 24.204467970899785, "n_estimators": 47.405159494961275, "random_state": 11.0}, "datetime": {"datetime": "2021-09-30 08:21:03", "elapsed": 303.631506, "delta": 1.457049}}
{"target": -39.140966691935645, "params": {"max_depth": 27.095469912681764, "n_estimators": 69.56423751174889, "random_state": 11.0}, "datetime": {"datetime": "2021-09-30 08:21:05", "elapsed": 305.396302, "delta": 1.764796}}
{"target": -40.753439960164926, "params": {"max_depth": 24.352331902581003, "n_estimators": 84.29269185838999, "random_state": 7.974531486137021}, "datetime": {"datetime": "2021-09-30 08:21:07", "elapsed": 307.422324, "delta": 2.026022}}
{"target": -39.95061929022174, "params": {"max_depth": 18.004463695273856, "n_estimators": 83.39174199135599, "random_state": 5.559166962612112}, "datetime": {"datetime": "2021-09-30 08:21:09", "elapsed": 309.187267, "delta": 1.764943}}
{"target": -40.380919882403646, "params": {"max_depth": 13.912821761266606, "n_estimators": 100.0, "random_state": 7.161522173667045}, "datetime": {"datetime": "2021-09-30 08:21:10", "elapsed": 311.096712, "delta": 1.909445}}
{"target": -40.29519119684159, "params": {"max_depth": 9.818416110141943, "n_estimators": 53.34883856887197, "random_state": 7.343579514264822}, "datetime": {"datetime": "2021-09-30 08:21:12", "elapsed": 313.05194, "delta": 1.955228}}
{"target": -44.91443946062226, "params": {"max_depth": 1.0, "n_estimators": 100.0, "random_state": 1.0}, "datetime": {"datetime": "2021-09-30 08:21:14", "elapsed": 314.583847, "delta": 1.531907}}
{"target": -40.31899912159402, "params": {"max_depth": 29.940890317765117, "n_estimators": 45.5275370518131, "random_state": 8.725474327922505}, "datetime": {"datetime": "2021-09-30 08:21:15", "elapsed": 316.072439, "delta": 1.488592}}
{"target": -40.16758701950597, "params": {"max_depth": 29.575117309458093, "n_estimators": 44.605909459300065, "random_state": 4.9836680887604095}, "datetime": {"datetime": "2021-09-30 08:21:17", "elapsed": 317.731435, "delta": 1.658996}}
{"target": -39.42727696248859, "params": {"max_depth": 17.2764709665018, "n_estimators": 12.74562808715982, "random_state": 6.540094760563332}, "datetime": {"datetime": "2021-09-30 08:21:19", "elapsed": 319.439571, "delta": 1.708136}}
{"target": -40.43557869295029, "params": {"max_depth": 25.829416945350754, "n_estimators": 49.033207720764224, "random_state": 3.9410734108857195}, "datetime": {"datetime": "2021-09-30 08:21:20", "elapsed": 321.099293, "delta": 1.659722}}
{"target": -40.88585904246622, "params": {"max_depth": 13.939440409527746, "n_estimators": 61.626934929018475, "random_state": 1.0625283237374819}, "datetime": {"datetime": "2021-09-30 08:21:23", "elapsed": 323.211595, "delta": 2.112302}}
{"target": -41.049750362941055, "params": {"max_depth": 15.778303959154986, "n_estimators": 55.04696727318898, "random_state": 7.685961664875689}, "datetime": {"datetime": "2021-09-30 08:21:24", "elapsed": 324.996949, "delta": 1.785354}}
{"target": -40.627887192120376, "params": {"max_depth": 30.0, "n_estimators": 52.46995705479262, "random_state": 1.0}, "datetime": {"datetime": "2021-09-30 08:21:26", "elapsed": 326.968398, "delta": 1.971449}}
{"target": -40.59862085326721, "params": {"max_depth": 24.370036688025927, "n_estimators": 59.41599975574387, "random_state": 4.455857236428214}, "datetime": {"datetime": "2021-09-30 08:21:29", "elapsed": 329.253777, "delta": 2.285379}}
{"target": -58.6111296564482, "params": {"max_depth": 30.0, "n_estimators": 1.0, "random_state": 1.0}, "datetime": {"datetime": "2021-09-30 08:21:31", "elapsed": 331.413573, "delta": 2.159796}}
{"target": -40.95219257842433, "params": {"max_depth": 10.354164023532796, "n_estimators": 22.68726003068335, "random_state": 1.0}, "datetime": {"datetime": "2021-09-30 08:21:32", "elapsed": 332.835448, "delta": 1.421875}}
{"target": -40.31864150436486, "params": {"max_depth": 9.240193833821383, "n_estimators": 99.99635037167785, "random_state": 1.6322899705438578}, "datetime": {"datetime": "2021-09-30 08:21:34", "elapsed": 334.606414, "delta": 1.770966}}
{"target": -40.86913725278963, "params": {"max_depth": 11.93141126539038, "n_estimators": 76.9590345968352, "random_state": 1.009713124599694}, "datetime": {"datetime": "2021-09-30 08:21:36", "elapsed": 336.484387, "delta": 1.877973}}
{"target": -40.83730587857841, "params": {"max_depth": 17.349631494557737, "n_estimators": 63.80643483694658, "random_state": 7.156083949629369}, "datetime": {"datetime": "2021-09-30 08:21:38", "elapsed": 338.186677, "delta": 1.70229}}
{"target": -45.347773396841276, "params": {"max_depth": 1.441653876813432, "n_estimators": 29.39092239137688, "random_state": 10.999856636500986}, "datetime": {"datetime": "2021-09-30 08:21:39", "elapsed": 340.158443, "delta": 1.971766}}
{"target": -40.26845022617023, "params": {"max_depth": 9.77017019012613, "n_estimators": 92.700807083545, "random_state": 1.0}, "datetime": {"datetime": "2021-09-30 08:21:42", "elapsed": 342.4273, "delta": 2.268857}}
{"target": -39.537557447599426, "params": {"max_depth": 9.211105423656473, "n_estimators": 65.13383556024753, "random_state": 5.639772667852635}, "datetime": {"datetime": "2021-09-30 08:21:44", "elapsed": 344.602977, "delta": 2.175677}}
{"target": -40.06822757540505, "params": {"max_depth": 26.527093001380113, "n_estimators": 79.71427606595502, "random_state": 4.656482410957178}, "datetime": {"datetime": "2021-09-30 08:21:46", "elapsed": 346.951758, "delta": 2.348781}}
{"target": -39.005746391620264, "params": {"max_depth": 18.127273949157253, "n_estimators": 34.818706687418775, "random_state": 5.149660479995882}, "datetime": {"datetime": "2021-09-30 08:21:48", "elapsed": 348.861392, "delta": 1.909634}}
{"target": -39.13408129722282, "params": {"max_depth": 29.934067852701432, "n_estimators": 30.74770112314464, "random_state": 5.392927367021833}, "datetime": {"datetime": "2021-09-30 08:21:50", "elapsed": 351.087637, "delta": 2.226245}}
{"target": -39.183421962775824, "params": {"max_depth": 6.788862923258029, "n_estimators": 31.46265251871807, "random_state": 11.0}, "datetime": {"datetime": "2021-09-30 08:21:52", "elapsed": 352.681387, "delta": 1.59375}}
{"target": -39.0281054712039, "params": {"max_depth": 5.388861517037768, "n_estimators": 87.0633084426932, "random_state": 5.431268256261499}, "datetime": {"datetime": "2021-09-30 08:21:54", "elapsed": 355.126473, "delta": 2.445086}}
{"target": -39.039449545698865, "params": {"max_depth": 21.853963722689265, "n_estimators": 33.259623789067184, "random_state": 5.119345808746491}, "datetime": {"datetime": "2021-09-30 08:21:56", "elapsed": 356.783459, "delta": 1.656986}}
{"target": -40.87238339617479, "params": {"max_depth": 23.050628958967565, "n_estimators": 20.813047990110054, "random_state": 10.914244279686455}, "datetime": {"datetime": "2021-09-30 08:21:58", "elapsed": 358.537122, "delta": 1.753663}}
{"target": -39.284913596814064, "params": {"max_depth": 30.0, "n_estimators": 56.704981338685585, "random_state": 5.508488977346566}, "datetime": {"datetime": "2021-09-30 08:22:00", "elapsed": 360.394615, "delta": 1.857493}}
{"target": -43.98121433183457, "params": {"max_depth": 29.96429915865591, "n_estimators": 15.098784147575602, "random_state": 7.062069771668491}, "datetime": {"datetime": "2021-09-30 08:22:02", "elapsed": 362.205847, "delta": 1.811232}}
{"target": -39.33504458342809, "params": {"max_depth": 7.722405345032147, "n_estimators": 80.95215048242713, "random_state": 10.984579237282105}, "datetime": {"datetime": "2021-09-30 08:22:04", "elapsed": 364.693878, "delta": 2.488031}}
{"target": -40.559789455525824, "params": {"max_depth": 17.43165792584856, "n_estimators": 93.0341634635405, "random_state": 7.196606069198655}, "datetime": {"datetime": "2021-09-30 08:22:06", "elapsed": 367.103011, "delta": 2.409133}}
{"target": -38.580147245386485, "params": {"max_depth": 13.617116533969103, "n_estimators": 94.14937108515524, "random_state": 8.373793870451845}, "datetime": {"datetime": "2021-09-30 08:22:09", "elapsed": 369.424157, "delta": 2.321146}}
{"target": -38.97478101490447, "params": {"max_depth": 22.121024294533054, "n_estimators": 92.09892157595814, "random_state": 6.259732330762184}, "datetime": {"datetime": "2021-09-30 08:22:11", "elapsed": 371.53198, "delta": 2.107823}}
{"target": -40.04444930106874, "params": {"max_depth": 15.716863000931466, "n_estimators": 96.44906908447987, "random_state": 4.104365430450866}, "datetime": {"datetime": "2021-09-30 08:22:14", "elapsed": 374.175787, "delta": 2.643807}}
{"target": -38.71416572882255, "params": {"max_depth": 15.410280511479742, "n_estimators": 96.29530928415765, "random_state": 8.768193764949443}, "datetime": {"datetime": "2021-09-30 08:22:16", "elapsed": 376.174311, "delta": 1.998524}}
{"target": -39.03550290734568, "params": {"max_depth": 7.160842023283328, "n_estimators": 74.79669139459453, "random_state": 11.0}, "datetime": {"datetime": "2021-09-30 08:22:18", "elapsed": 378.662636, "delta": 2.488325}}
{"target": -39.120571532801364, "params": {"max_depth": 14.199520654605056, "n_estimators": 84.58773885168245, "random_state": 8.254497444867923}, "datetime": {"datetime": "2021-09-30 08:22:20", "elapsed": 380.686401, "delta": 2.023765}}
{"target": -39.56957529544901, "params": {"max_depth": 15.6599248615089, "n_estimators": 91.24356295662953, "random_state": 10.665354280410641}, "datetime": {"datetime": "2021-09-30 08:22:22", "elapsed": 382.784098, "delta": 2.097697}}
{"target": -39.149632049589584, "params": {"max_depth": 10.346901481493127, "n_estimators": 92.4865501201768, "random_state": 11.0}, "datetime": {"datetime": "2021-09-30 08:22:24", "elapsed": 385.020833, "delta": 2.236735}}
{"target": -38.86768379653465, "params": {"max_depth": 8.445982687818892, "n_estimators": 17.881650116577248, "random_state": 11.0}, "datetime": {"datetime": "2021-09-30 08:22:27", "elapsed": 387.232661, "delta": 2.211828}}
{"target": -40.865217305959106, "params": {"max_depth": 8.58414279215328, "n_estimators": 18.357992117061404, "random_state": 7.093526719241741}, "datetime": {"datetime": "2021-09-30 08:22:29", "elapsed": 389.194442, "delta": 1.961781}}
{"target": -41.537170952128655, "params": {"max_depth": 4.843166539696993, "n_estimators": 14.091996603829166, "random_state": 10.714145746359675}, "datetime": {"datetime": "2021-09-30 08:22:30", "elapsed": 390.642039, "delta": 1.447597}}
{"target": -39.468070319467344, "params": {"max_depth": 7.604314060179301, "n_estimators": 20.418235101943893, "random_state": 11.0}, "datetime": {"datetime": "2021-09-30 08:22:32", "elapsed": 392.261339, "delta": 1.6193}}
{"target": -38.8123908139332, "params": {"max_depth": 27.847304090239085, "n_estimators": 37.6275116315991, "random_state": 11.0}, "datetime": {"datetime": "2021-09-30 08:22:33", "elapsed": 394.098697, "delta": 1.837358}}
{"target": -40.01651945361871, "params": {"max_depth": 11.80679484556247, "n_estimators": 94.12173767284453, "random_state": 4.243592067173185}, "datetime": {"datetime": "2021-09-30 08:22:36", "elapsed": 396.727775, "delta": 2.629078}}
{"target": -40.78160161421517, "params": {"max_depth": 20.66343793790171, "n_estimators": 89.92251163942856, "random_state": 1.0}, "datetime": {"datetime": "2021-09-30 08:22:38", "elapsed": 399.002391, "delta": 2.274616}}
{"target": -41.462499455691336, "params": {"max_depth": 29.952509488451085, "n_estimators": 24.045212632441668, "random_state": 1.9712468783869554}, "datetime": {"datetime": "2021-09-30 08:22:40", "elapsed": 401.048142, "delta": 2.045751}}
{"target": -40.573077317793825, "params": {"max_depth": 5.947142257878925, "n_estimators": 37.38360432531466, "random_state": 1.0}, "datetime": {"datetime": "2021-09-30 08:22:42", "elapsed": 402.985008, "delta": 1.936866}}
{"target": -40.909665183487, "params": {"max_depth": 24.03372843253183, "n_estimators": 67.60391235462367, "random_state": 7.052840347295247}, "datetime": {"datetime": "2021-09-30 08:22:44", "elapsed": 405.113753, "delta": 2.128745}}
{"target": -39.942813836591895, "params": {"max_depth": 26.526136712762757, "n_estimators": 62.066425828145206, "random_state": 10.897547119005132}, "datetime": {"datetime": "2021-09-30 08:22:46", "elapsed": 407.133248, "delta": 2.019495}}
{"target": -39.79335641080263, "params": {"max_depth": 11.458578262636888, "n_estimators": 36.46020065756657, "random_state": 10.96479182495999}, "datetime": {"datetime": "2021-09-30 08:22:48", "elapsed": 409.027881, "delta": 1.894633}}
{"target": -40.573973327542504, "params": {"max_depth": 5.888470647314058, "n_estimators": 85.7581764237772, "random_state": 7.882433251578462}, "datetime": {"datetime": "2021-09-30 08:22:51", "elapsed": 411.244281, "delta": 2.2164}}
{"target": -38.76108777715567, "params": {"max_depth": 18.01059062340697, "n_estimators": 52.73200944221647, "random_state": 11.0}, "datetime": {"datetime": "2021-09-30 08:22:52", "elapsed": 413.09818, "delta": 1.853899}}
{"target": -41.42549569404507, "params": {"max_depth": 29.915911620323154, "n_estimators": 34.979564543722496, "random_state": 1.0379110686150763}, "datetime": {"datetime": "2021-09-30 08:22:54", "elapsed": 415.128081, "delta": 2.029901}}
{"target": -39.11421334045316, "params": {"max_depth": 5.905315447648753, "n_estimators": 89.95268387610383, "random_state": 5.489274391438444}, "datetime": {"datetime": "2021-09-30 08:22:57", "elapsed": 417.277559, "delta": 2.149478}}
{"target": -40.50698950997037, "params": {"max_depth": 29.981241334095436, "n_estimators": 30.923195094565617, "random_state": 8.549470610912708}, "datetime": {"datetime": "2021-09-30 08:22:58", "elapsed": 419.110316, "delta": 1.832757}}
{"target": -39.969499418022664, "params": {"max_depth": 29.493020099147135, "n_estimators": 27.46988892336759, "random_state": 4.292850194523579}, "datetime": {"datetime": "2021-09-30 08:23:01", "elapsed": 421.212929, "delta": 2.102613}}
{"target": -39.625411825198505, "params": {"max_depth": 29.206806826998932, "n_estimators": 94.44442627041549, "random_state": 10.994988680023058}, "datetime": {"datetime": "2021-09-30 08:23:03", "elapsed": 423.49844, "delta": 2.285511}}
{"target": -40.34302915925032, "params": {"max_depth": 20.388234548171997, "n_estimators": 45.639615103400956, "random_state": 10.935050006798699}, "datetime": {"datetime": "2021-09-30 08:23:04", "elapsed": 425.118158, "delta": 1.619718}}
{"target": -40.245160417268224, "params": {"max_depth": 16.191130968961033, "n_estimators": 47.98537425281028, "random_state": 10.355977438522835}, "datetime": {"datetime": "2021-09-30 08:23:06", "elapsed": 427.004962, "delta": 1.886804}}
{"target": -40.6746640814746, "params": {"max_depth": 20.819934367538227, "n_estimators": 87.28654045232554, "random_state": 7.702103222028646}, "datetime": {"datetime": "2021-09-30 08:23:09", "elapsed": 429.257565, "delta": 2.252603}}
{"target": -40.10083563728155, "params": {"max_depth": 21.905175453785617, "n_estimators": 82.16246303110445, "random_state": 4.340440672790913}, "datetime": {"datetime": "2021-09-30 08:23:11", "elapsed": 431.388503, "delta": 2.130938}}
{"target": -39.69248851767338, "params": {"max_depth": 14.37581985866608, "n_estimators": 86.8374900742735, "random_state": 5.279087225596361}, "datetime": {"datetime": "2021-09-30 08:23:13", "elapsed": 433.438347, "delta": 2.049844}}
