{"target": 0.44233953894034794, "params": {"max_depth": 3.2475091766005066, "n_estimators": 543.018560959389}, "datetime": {"datetime": "2021-09-24 11:40:06", "elapsed": 8.143896, "delta": 1.712562}}
{"target": 0.42612883309614613, "params": {"max_depth": 2.0, "n_estimators": 600.0}, "datetime": {"datetime": "2021-09-24 11:40:09", "elapsed": 10.332239, "delta": 2.188343}}
{"target": 0.42863900330960625, "params": {"max_depth": 6.0, "n_estimators": 524.956251484417}, "datetime": {"datetime": "2021-09-24 11:40:11", "elapsed": 12.997232, "delta": 2.664993}}
{"target": 0.4257716661987475, "params": {"max_depth": 6.0, "n_estimators": 495.867681585153}, "datetime": {"datetime": "2021-09-24 11:40:14", "elapsed": 15.395302, "delta": 2.39807}}
{"target": 0.42529024763068035, "params": {"max_depth": 2.0, "n_estimators": 555.5481975716978}, "datetime": {"datetime": "2021-09-24 11:40:16", "elapsed": 17.441598, "delta": 2.046296}}
{"target": 0.42424830808768366, "params": {"max_depth": 2.037192937324649, "n_estimators": 513.6207287486458}, "datetime": {"datetime": "2021-09-24 11:40:18", "elapsed": 19.233203, "delta": 1.791605}}
{"target": 0.43790539631005954, "params": {"max_depth": 5.7496488167178486, "n_estimators": 541.7639424076797}, "datetime": {"datetime": "2021-09-24 11:40:20", "elapsed": 21.787037, "delta": 2.553834}}
{"target": 0.4245809309825638, "params": {"max_depth": 2.0120492693214445, "n_estimators": 504.2981692247592}, "datetime": {"datetime": "2021-09-24 11:40:22", "elapsed": 23.432789, "delta": 1.645752}}
{"target": 0.42721482271871825, "params": {"max_depth": 6.0, "n_estimators": 508.5171458148462}, "datetime": {"datetime": "2021-09-24 11:40:24", "elapsed": 25.725809, "delta": 2.29302}}
{"target": 0.4377013530056506, "params": {"max_depth": 5.248158635977187, "n_estimators": 543.6785768634438}, "datetime": {"datetime": "2021-09-24 11:40:26", "elapsed": 27.971128, "delta": 2.245319}}
{"target": 0.42540507481529855, "params": {"max_depth": 2.0, "n_estimators": 544.4332751079595}, "datetime": {"datetime": "2021-09-24 11:40:28", "elapsed": 29.734375, "delta": 1.763247}}
{"target": 0.4438878307840852, "params": {"max_depth": 4.265728066989746, "n_estimators": 542.6127547171086}, "datetime": {"datetime": "2021-09-24 11:40:30", "elapsed": 31.869005, "delta": 2.13463}}
{"target": 0.4425497553130643, "params": {"max_depth": 3.620941738358053, "n_estimators": 541.1790774362894}, "datetime": {"datetime": "2021-09-24 11:40:32", "elapsed": 33.817252, "delta": 1.948247}}
{"target": 0.4248508558481865, "params": {"max_depth": 2.045281810926904, "n_estimators": 508.84459258547713}, "datetime": {"datetime": "2021-09-24 11:40:34", "elapsed": 35.493412, "delta": 1.67616}}
{"target": 0.4440460676901429, "params": {"max_depth": 4.684969594318389, "n_estimators": 539.9158035562158}, "datetime": {"datetime": "2021-09-24 11:40:36", "elapsed": 37.543434, "delta": 2.050022}}
{"target": 0.4422810740342037, "params": {"max_depth": 3.2715809647610308, "n_estimators": 539.0655121734942}, "datetime": {"datetime": "2021-09-24 11:40:38", "elapsed": 39.55413, "delta": 2.010696}}
{"target": 0.4378209939590939, "params": {"max_depth": 5.0695217037508735, "n_estimators": 537.9839407654099}, "datetime": {"datetime": "2021-09-24 11:40:40", "elapsed": 42.188931, "delta": 2.634801}}
{"target": 0.42559761560344034, "params": {"max_depth": 2.0, "n_estimators": 537.0439887818123}, "datetime": {"datetime": "2021-09-24 11:40:42", "elapsed": 44.070697, "delta": 1.881766}}
{"target": 0.4255664372007819, "params": {"max_depth": 2.0, "n_estimators": 540.3960904428459}, "datetime": {"datetime": "2021-09-24 11:40:44", "elapsed": 45.692525, "delta": 1.621828}}
{"target": 0.4379185128394891, "params": {"max_depth": 5.9578173137671, "n_estimators": 539.575332290013}, "datetime": {"datetime": "2021-09-24 11:40:46", "elapsed": 47.860755, "delta": 2.16823}}
{"target": 0.4437004917301358, "params": {"max_depth": 4.155554532035568, "n_estimators": 506.30952854471843}, "datetime": {"datetime": "2021-09-24 11:40:48", "elapsed": 49.785774, "delta": 1.925019}}
{"target": 0.43619445835925763, "params": {"max_depth": 5.453230125483948, "n_estimators": 505.1776482522174}, "datetime": {"datetime": "2021-09-24 11:40:50", "elapsed": 51.801809, "delta": 2.016035}}
{"target": 0.4439023557694689, "params": {"max_depth": 4.875106963784143, "n_estimators": 546.2029695468406}, "datetime": {"datetime": "2021-09-24 11:40:52", "elapsed": 53.804899, "delta": 2.00309}}
{"target": 0.4375092663790019, "params": {"max_depth": 5.500068802846263, "n_estimators": 547.8724104830521}, "datetime": {"datetime": "2021-09-24 11:40:54", "elapsed": 55.993044, "delta": 2.188145}}
{"target": 0.4424172691265075, "params": {"max_depth": 3.524539459618689, "n_estimators": 547.2714533423152}, "datetime": {"datetime": "2021-09-24 11:40:56", "elapsed": 57.770041, "delta": 1.776997}}
{"target": 0.4255635752098855, "params": {"max_depth": 2.6272171682846674, "n_estimators": 549.3618959943099}, "datetime": {"datetime": "2021-09-24 11:40:58", "elapsed": 59.314007, "delta": 1.543966}}
{"target": 0.44240206084686184, "params": {"max_depth": 3.7171234117211345, "n_estimators": 545.7895807451707}, "datetime": {"datetime": "2021-09-24 11:40:59", "elapsed": 61.095059, "delta": 1.781052}}
{"target": 0.4365727142200113, "params": {"max_depth": 5.91300997993228, "n_estimators": 577.8090620033854}, "datetime": {"datetime": "2021-09-24 11:41:02", "elapsed": 63.671934, "delta": 2.576875}}
{"target": 0.4258030929242824, "params": {"max_depth": 2.734765854010378, "n_estimators": 577.9250669083094}, "datetime": {"datetime": "2021-09-24 11:41:04", "elapsed": 65.432755, "delta": 1.760821}}
{"target": 0.42758130441672026, "params": {"max_depth": 6.0, "n_estimators": 574.57194457081}, "datetime": {"datetime": "2021-09-24 11:41:06", "elapsed": 68.08251, "delta": 2.649755}}
{"target": 0.43670114928766246, "params": {"max_depth": 5.968912898007379, "n_estimators": 580.9382822365211}, "datetime": {"datetime": "2021-09-24 11:41:09", "elapsed": 70.662639, "delta": 2.580129}}
{"target": 0.4270340748161354, "params": {"max_depth": 6.0, "n_estimators": 584.0002261552186}, "datetime": {"datetime": "2021-09-24 11:41:12", "elapsed": 73.57326, "delta": 2.910621}}
{"target": 0.4361973962737986, "params": {"max_depth": 5.95797709766792, "n_estimators": 439.71410201762785}, "datetime": {"datetime": "2021-09-24 11:41:14", "elapsed": 75.53295, "delta": 1.95969}}
{"target": 0.4416175353435202, "params": {"max_depth": 3.858329284765858, "n_estimators": 441.8834195351867}, "datetime": {"datetime": "2021-09-24 11:41:15", "elapsed": 77.175226, "delta": 1.642276}}
{"target": 0.42486756384506363, "params": {"max_depth": 2.8761908130104517, "n_estimators": 440.1852762971086}, "datetime": {"datetime": "2021-09-24 11:41:17", "elapsed": 78.641007, "delta": 1.465781}}
{"target": 0.43628953307696294, "params": {"max_depth": 5.2606206296789555, "n_estimators": 442.79488732161764}, "datetime": {"datetime": "2021-09-24 11:41:19", "elapsed": 80.516131, "delta": 1.875124}}
{"target": 0.42491116155247766, "params": {"max_depth": 2.946402218831105, "n_estimators": 443.28961318004457}, "datetime": {"datetime": "2021-09-24 11:41:20", "elapsed": 81.971877, "delta": 1.455746}}
{"target": 0.444094073062157, "params": {"max_depth": 4.574870979074914, "n_estimators": 541.0957775119214}, "datetime": {"datetime": "2021-09-24 11:41:22", "elapsed": 84.140453, "delta": 2.168576}}
{"target": 0.4440401641175741, "params": {"max_depth": 4.968591376212684, "n_estimators": 441.184486747235}, "datetime": {"datetime": "2021-09-24 11:41:24", "elapsed": 85.819323, "delta": 1.67887}}
{"target": 0.43615171040248013, "params": {"max_depth": 5.618407980321209, "n_estimators": 400.1513774019727}, "datetime": {"datetime": "2021-09-24 11:41:26", "elapsed": 87.746522, "delta": 1.927199}}
{"target": 0.4241693609389108, "params": {"max_depth": 2.660033398441936, "n_estimators": 400.4662049453089}, "datetime": {"datetime": "2021-09-24 11:41:27", "elapsed": 89.115513, "delta": 1.368991}}
{"target": 0.43666599598675204, "params": {"max_depth": 5.96455618898772, "n_estimators": 404.44218037601246}, "datetime": {"datetime": "2021-09-24 11:41:29", "elapsed": 90.917784, "delta": 1.802271}}
{"target": 0.4367511805684161, "params": {"max_depth": 5.5185617756536764, "n_estimators": 407.15341445907853}, "datetime": {"datetime": "2021-09-24 11:41:31", "elapsed": 92.843369, "delta": 1.925585}}
{"target": 0.4422205941263341, "params": {"max_depth": 3.3802453840554985, "n_estimators": 405.5562369521622}, "datetime": {"datetime": "2021-09-24 11:41:33", "elapsed": 94.505167, "delta": 1.661798}}
{"target": 0.4242215139681784, "params": {"max_depth": 2.6785943735219693, "n_estimators": 407.1707575085261}, "datetime": {"datetime": "2021-09-24 11:41:34", "elapsed": 95.844439, "delta": 1.339272}}
{"target": 0.44220576912001486, "params": {"max_depth": 3.7565831674187686, "n_estimators": 404.18672823577936}, "datetime": {"datetime": "2021-09-24 11:41:36", "elapsed": 97.272446, "delta": 1.428007}}
{"target": 0.4238204910714455, "params": {"max_depth": 2.171235928624994, "n_estimators": 404.361424187292}, "datetime": {"datetime": "2021-09-24 11:41:37", "elapsed": 98.75681, "delta": 1.484364}}
{"target": 0.44457802547359504, "params": {"max_depth": 4.525397575480943, "n_estimators": 405.3694928552438}, "datetime": {"datetime": "2021-09-24 11:41:39", "elapsed": 100.55155, "delta": 1.79474}}
{"target": 0.43766598919896327, "params": {"max_depth": 5.953573500002328, "n_estimators": 545.4686302928617}, "datetime": {"datetime": "2021-09-24 11:41:41", "elapsed": 103.123708, "delta": 2.572158}}
{"target": 0.44452926782267954, "params": {"max_depth": 4.980984890998718, "n_estimators": 402.85914316666816}, "datetime": {"datetime": "2021-09-24 11:41:43", "elapsed": 104.802412, "delta": 1.678704}}
{"target": 0.43635121599110005, "params": {"max_depth": 5.977038075190187, "n_estimators": 402.21983222743006}, "datetime": {"datetime": "2021-09-24 11:41:45", "elapsed": 106.821471, "delta": 2.019059}}
{"target": 0.4445607643448207, "params": {"max_depth": 4.763498015829471, "n_estimators": 403.8744645351626}, "datetime": {"datetime": "2021-09-24 11:41:47", "elapsed": 108.658487, "delta": 1.837016}}
{"target": 0.4244116400036745, "params": {"max_depth": 2.0036813593390783, "n_estimators": 482.7800901215921}, "datetime": {"datetime": "2021-09-24 11:41:49", "elapsed": 110.45487, "delta": 1.796383}}
{"target": 0.4359008586334071, "params": {"max_depth": 5.919341647983288, "n_estimators": 429.0796102440363}, "datetime": {"datetime": "2021-09-24 11:41:51", "elapsed": 112.443193, "delta": 1.988323}}
{"target": 0.4245047323743404, "params": {"max_depth": 2.695648429046161, "n_estimators": 429.2451220669253}, "datetime": {"datetime": "2021-09-24 11:41:52", "elapsed": 113.967176, "delta": 1.523983}}
{"target": 0.4264970120843917, "params": {"max_depth": 6.0, "n_estimators": 425.5456189953295}, "datetime": {"datetime": "2021-09-24 11:41:55", "elapsed": 116.315554, "delta": 2.348378}}
{"target": 0.437591581806122, "params": {"max_depth": 5.888363254196054, "n_estimators": 564.5047963295913}, "datetime": {"datetime": "2021-09-24 11:41:57", "elapsed": 119.013525, "delta": 2.697971}}
{"target": 0.4422133749923908, "params": {"max_depth": 3.5642942626544856, "n_estimators": 565.5407026018344}, "datetime": {"datetime": "2021-09-24 11:41:59", "elapsed": 121.16318, "delta": 2.149655}}
{"target": 0.44371856136486976, "params": {"max_depth": 4.7417690274277495, "n_estimators": 566.9094563633223}, "datetime": {"datetime": "2021-09-24 11:42:02", "elapsed": 123.463909, "delta": 2.300729}}
{"target": 0.4421760078770952, "params": {"max_depth": 3.2810919296257874, "n_estimators": 567.483959028308}, "datetime": {"datetime": "2021-09-24 11:42:04", "elapsed": 125.520877, "delta": 2.056968}}
{"target": 0.4432863714422237, "params": {"max_depth": 4.805026477636762, "n_estimators": 568.7311413867582}, "datetime": {"datetime": "2021-09-24 11:42:06", "elapsed": 127.757478, "delta": 2.236601}}
{"target": 0.4421293422692868, "params": {"max_depth": 3.076983985789101, "n_estimators": 569.8046480223308}, "datetime": {"datetime": "2021-09-24 11:42:08", "elapsed": 129.852808, "delta": 2.09533}}
{"target": 0.43672645754470807, "params": {"max_depth": 5.031125380229197, "n_estimators": 570.755806657457}, "datetime": {"datetime": "2021-09-24 11:42:11", "elapsed": 132.276794, "delta": 2.423986}}
{"target": 0.42585117227775204, "params": {"max_depth": 2.662703356756905, "n_estimators": 563.4641142397624}, "datetime": {"datetime": "2021-09-24 11:42:12", "elapsed": 134.099839, "delta": 1.823045}}
{"target": 0.42817967713669636, "params": {"max_depth": 6.0, "n_estimators": 567.7498153093065}, "datetime": {"datetime": "2021-09-24 11:42:15", "elapsed": 136.767971, "delta": 2.668132}}
{"target": 0.4261866252165988, "params": {"max_depth": 2.2109337148166843, "n_estimators": 571.5341534380829}, "datetime": {"datetime": "2021-09-24 11:42:17", "elapsed": 138.65281, "delta": 1.884839}}
{"target": 0.4422578067983983, "params": {"max_depth": 3.8130631236923977, "n_estimators": 568.8076346603082}, "datetime": {"datetime": "2021-09-24 11:42:19", "elapsed": 140.733973, "delta": 2.081163}}
{"target": 0.426083572732862, "params": {"max_depth": 2.031934545159581, "n_estimators": 568.5450201173296}, "datetime": {"datetime": "2021-09-24 11:42:21", "elapsed": 142.500974, "delta": 1.767001}}
{"target": 0.4424087371550487, "params": {"max_depth": 3.756996148064547, "n_estimators": 566.5021331915854}, "datetime": {"datetime": "2021-09-24 11:42:23", "elapsed": 144.537714, "delta": 2.03674}}
{"target": 0.4436289265507968, "params": {"max_depth": 4.73289694254608, "n_estimators": 565.6061615688204}, "datetime": {"datetime": "2021-09-24 11:42:25", "elapsed": 146.771773, "delta": 2.234059}}
{"target": 0.4369850459725628, "params": {"max_depth": 5.794516043953818, "n_estimators": 452.13542100785094}, "datetime": {"datetime": "2021-09-24 11:42:27", "elapsed": 148.911358, "delta": 2.139585}}
{"target": 0.44230890147727164, "params": {"max_depth": 3.138031429792359, "n_estimators": 451.831326674984}, "datetime": {"datetime": "2021-09-24 11:42:29", "elapsed": 150.859517, "delta": 1.948159}}
{"target": 0.4423595954303591, "params": {"max_depth": 3.395737261322169, "n_estimators": 453.4919242446924}, "datetime": {"datetime": "2021-09-24 11:42:31", "elapsed": 152.785459, "delta": 1.925942}}
{"target": 0.4251382583711898, "params": {"max_depth": 2.0, "n_estimators": 452.92050302800374}, "datetime": {"datetime": "2021-09-24 11:42:33", "elapsed": 154.368285, "delta": 1.582826}}
{"target": 0.44502616858921806, "params": {"max_depth": 4.3331478371871555, "n_estimators": 452.72035526885645}, "datetime": {"datetime": "2021-09-24 11:42:35", "elapsed": 156.433393, "delta": 2.065108}}
{"target": 0.44471977454671274, "params": {"max_depth": 4.806092342086325, "n_estimators": 454.1443483242388}, "datetime": {"datetime": "2021-09-24 11:42:37", "elapsed": 158.577345, "delta": 2.143952}}
{"target": 0.4446636806874257, "params": {"max_depth": 4.1646908366040485, "n_estimators": 450.63707569694583}, "datetime": {"datetime": "2021-09-24 11:42:39", "elapsed": 160.697498, "delta": 2.120153}}
{"target": 0.44238301501457533, "params": {"max_depth": 3.014785171776621, "n_estimators": 449.73461368125686}, "datetime": {"datetime": "2021-09-24 11:42:41", "elapsed": 162.634731, "delta": 1.937233}}
{"target": 0.44234964837663426, "params": {"max_depth": 3.86354167512481, "n_estimators": 455.1812521626332}, "datetime": {"datetime": "2021-09-24 11:42:43", "elapsed": 164.377449, "delta": 1.742718}}
{"target": 0.4446947742783267, "params": {"max_depth": 4.822414535890683, "n_estimators": 448.9163347764101}, "datetime": {"datetime": "2021-09-24 11:42:45", "elapsed": 166.377181, "delta": 1.999732}}
{"target": 0.4423690133464695, "params": {"max_depth": 3.7028184165463225, "n_estimators": 447.6291932211505}, "datetime": {"datetime": "2021-09-24 11:42:46", "elapsed": 168.137856, "delta": 1.760675}}
{"target": 0.43715020354941503, "params": {"max_depth": 5.709366896254089, "n_estimators": 447.5415488154249}, "datetime": {"datetime": "2021-09-24 11:42:48", "elapsed": 170.178273, "delta": 2.040417}}
{"target": 0.43733366982968047, "params": {"max_depth": 5.7074315029192935, "n_estimators": 455.97279565820384}, "datetime": {"datetime": "2021-09-24 11:42:50", "elapsed": 172.138964, "delta": 1.960691}}
{"target": 0.4370094224307156, "params": {"max_depth": 5.948100045788742, "n_estimators": 449.713313005119}, "datetime": {"datetime": "2021-09-24 11:42:53", "elapsed": 174.475653, "delta": 2.336689}}
{"target": 0.4249960723127638, "params": {"max_depth": 2.1580089360554897, "n_estimators": 448.04440998220736}, "datetime": {"datetime": "2021-09-24 11:42:54", "elapsed": 176.168216, "delta": 1.692563}}
{"target": 0.4260107254565981, "params": {"max_depth": 2.10895146194815, "n_estimators": 591.6587236451345}, "datetime": {"datetime": "2021-09-24 11:42:57", "elapsed": 178.425776, "delta": 2.25756}}
{"target": 0.444759938813755, "params": {"max_depth": 4.019825351149862, "n_estimators": 449.424799120642}, "datetime": {"datetime": "2021-09-24 11:42:59", "elapsed": 180.311785, "delta": 1.886009}}
{"target": 0.4352944490849546, "params": {"max_depth": 5.897368182808731, "n_estimators": 476.33043316127714}, "datetime": {"datetime": "2021-09-24 11:43:01", "elapsed": 182.447141, "delta": 2.135356}}
{"target": 0.42429549133378974, "params": {"max_depth": 2.1538508648312744, "n_estimators": 489.8440398358565}, "datetime": {"datetime": "2021-09-24 11:43:03", "elapsed": 184.306055, "delta": 1.858914}}
{"target": 0.4250119529487234, "params": {"max_depth": 2.051759598744868, "n_estimators": 530.2058742102814}, "datetime": {"datetime": "2021-09-24 11:43:04", "elapsed": 186.062408, "delta": 1.756353}}
{"target": 0.4246910802099447, "params": {"max_depth": 2.0, "n_estimators": 475.6218004407123}, "datetime": {"datetime": "2021-09-24 11:43:06", "elapsed": 187.590323, "delta": 1.527915}}
{"target": 0.4250394662036452, "params": {"max_depth": 2.0093264812315907, "n_estimators": 520.3392360631037}, "datetime": {"datetime": "2021-09-24 11:43:08", "elapsed": 189.240576, "delta": 1.650253}}
{"target": 0.4359732171121825, "params": {"max_depth": 5.9816152064092245, "n_estimators": 433.81339276463507}, "datetime": {"datetime": "2021-09-24 11:43:10", "elapsed": 191.256667, "delta": 2.016091}}
{"target": 0.43583799358142883, "params": {"max_depth": 5.978848899549702, "n_estimators": 412.64621779227105}, "datetime": {"datetime": "2021-09-24 11:43:12", "elapsed": 193.28082, "delta": 2.024153}}
{"target": 0.4364317965627754, "params": {"max_depth": 5.9250629795555465, "n_estimators": 595.9758437838377}, "datetime": {"datetime": "2021-09-24 11:43:14", "elapsed": 195.866861, "delta": 2.586041}}
{"target": 0.42450500454147233, "params": {"max_depth": 2.053687202853391, "n_estimators": 412.9394401134649}, "datetime": {"datetime": "2021-09-24 11:43:16", "elapsed": 197.347981, "delta": 1.48112}}
{"target": 0.42464531061811195, "params": {"max_depth": 2.5554080739761407, "n_estimators": 434.793598217052}, "datetime": {"datetime": "2021-09-24 11:43:17", "elapsed": 198.808937, "delta": 1.460956}}
{"target": 0.4263162033072504, "params": {"max_depth": 6.0, "n_estimators": 464.3803430825178}, "datetime": {"datetime": "2021-09-24 11:43:19", "elapsed": 201.04019, "delta": 2.231253}}
{"target": 0.4375456611834625, "params": {"max_depth": 5.944418341678082, "n_estimators": 559.6065698249146}, "datetime": {"datetime": "2021-09-24 11:43:22", "elapsed": 203.585232, "delta": 2.545042}}
{"target": 0.4376336980476363, "params": {"max_depth": 5.993642313145646, "n_estimators": 556.5144393889416}, "datetime": {"datetime": "2021-09-24 11:43:24", "elapsed": 206.020726, "delta": 2.435494}}
{"target": 0.4377501191264923, "params": {"max_depth": 5.9903810716726165, "n_estimators": 553.8199638312194}, "datetime": {"datetime": "2021-09-24 11:43:27", "elapsed": 208.435671, "delta": 2.414945}}
{"target": 0.4378035281457445, "params": {"max_depth": 5.987119212459046, "n_estimators": 533.7592368451475}, "datetime": {"datetime": "2021-09-24 11:43:29", "elapsed": 210.886149, "delta": 2.450478}}
{"target": 0.43749022948718863, "params": {"max_depth": 5.969325017175137, "n_estimators": 531.3860994205774}, "datetime": {"datetime": "2021-09-24 11:43:32", "elapsed": 213.297071, "delta": 2.410922}}
{"target": 0.442291187851518, "params": {"max_depth": 3.3778007748020435, "n_estimators": 457.04912376773524}, "datetime": {"datetime": "2021-09-24 11:43:34", "elapsed": 215.22147, "delta": 1.924399}}
{"target": 0.42497921327821153, "params": {"max_depth": 2.075388007830396, "n_estimators": 456.0352806148524}, "datetime": {"datetime": "2021-09-24 11:43:35", "elapsed": 216.767537, "delta": 1.546067}}
{"target": 0.4449883886076774, "params": {"max_depth": 4.736990417850738, "n_estimators": 457.9571076342131}, "datetime": {"datetime": "2021-09-24 11:43:37", "elapsed": 218.661431, "delta": 1.893894}}
{"target": 0.43680315270713244, "params": {"max_depth": 5.965918516838126, "n_estimators": 459.09128608132255}, "datetime": {"datetime": "2021-09-24 11:43:39", "elapsed": 220.891608, "delta": 2.230177}}
{"target": 0.44223338782015387, "params": {"max_depth": 3.6899393173985673, "n_estimators": 458.4397919257272}, "datetime": {"datetime": "2021-09-24 11:43:41", "elapsed": 222.779479, "delta": 1.887871}}
{"target": 0.4447847992695452, "params": {"max_depth": 4.40426481837528, "n_estimators": 456.7018289356426}, "datetime": {"datetime": "2021-09-24 11:43:43", "elapsed": 224.692714, "delta": 1.913235}}
{"target": 0.43506105118918226, "params": {"max_depth": 5.993819368943334, "n_estimators": 479.923856965224}, "datetime": {"datetime": "2021-09-24 11:43:45", "elapsed": 227.022038, "delta": 2.329324}}
