{"target": -38.91527883854257, "params": {"max_depth": 6.057598686541712, "n_estimators": 22.899553164340077, "random_state": 5.0}, "datetime": {"datetime": "2021-09-30 08:55:39", "elapsed": 15.709558, "delta": 0.241269}}
{"target": -39.38846781355106, "params": {"max_depth": 7.368821792173955, "n_estimators": 32.82207994053705, "random_state": 5.0}, "datetime": {"datetime": "2021-09-30 08:55:39", "elapsed": 16.032228, "delta": 0.32267}}
{"target": -38.978690154603285, "params": {"max_depth": 6.564519558470069, "n_estimators": 59.784843555162254, "random_state": 5.0}, "datetime": {"datetime": "2021-09-30 08:55:40", "elapsed": 16.45581, "delta": 0.423582}}
{"target": -39.148207572749165, "params": {"max_depth": 9.993800960613587, "n_estimators": 37.86719812453571, "random_state": 5.0}, "datetime": {"datetime": "2021-09-30 08:55:40", "elapsed": 16.777531, "delta": 0.321721}}
{"target": -39.24782902953221, "params": {"max_depth": 9.936889735953926, "n_estimators": 44.69340902879084, "random_state": 5.0}, "datetime": {"datetime": "2021-09-30 08:55:41", "elapsed": 17.191111, "delta": 0.41358}}
{"target": -39.06638433173161, "params": {"max_depth": 9.9671687281995, "n_estimators": 56.610960162859925, "random_state": 5.0}, "datetime": {"datetime": "2021-09-30 08:55:41", "elapsed": 17.650815, "delta": 0.459704}}
{"target": -39.16778409441769, "params": {"max_depth": 6.954000879733114, "n_estimators": 28.7059583201254, "random_state": 5.0}, "datetime": {"datetime": "2021-09-30 08:55:41", "elapsed": 17.947689, "delta": 0.296874}}
{"target": -39.001268999527205, "params": {"max_depth": 9.99433547036735, "n_estimators": 53.27463611360744, "random_state": 5.0}, "datetime": {"datetime": "2021-09-30 08:55:42", "elapsed": 18.336562, "delta": 0.388873}}
{"target": -38.64237980398685, "params": {"max_depth": 5.006476392028308, "n_estimators": 21.211158487488085, "random_state": 5.0}, "datetime": {"datetime": "2021-09-30 08:55:42", "elapsed": 18.587221, "delta": 0.250659}}
{"target": -39.36602964048147, "params": {"max_depth": 7.7100664054363035, "n_estimators": 35.9382499383441, "random_state": 5.0}, "datetime": {"datetime": "2021-09-30 08:55:42", "elapsed": 18.958387, "delta": 0.371166}}
{"target": -38.91192723362635, "params": {"max_depth": 9.967714487776728, "n_estimators": 50.44275853946391, "random_state": 5.0}, "datetime": {"datetime": "2021-09-30 08:55:43", "elapsed": 19.426456, "delta": 0.468069}}
{"target": -39.13715090190888, "params": {"max_depth": 9.9643154335911, "n_estimators": 32.239298813518275, "random_state": 5.0}, "datetime": {"datetime": "2021-09-30 08:55:43", "elapsed": 19.82502, "delta": 0.398564}}
{"target": -38.60247415796758, "params": {"max_depth": 5.004111353491128, "n_estimators": 24.483296136945334, "random_state": 5.0}, "datetime": {"datetime": "2021-09-30 08:55:43", "elapsed": 20.075024, "delta": 0.250004}}
{"target": -39.50240494665756, "params": {"max_depth": 7.349030762181096, "n_estimators": 57.901347201699934, "random_state": 5.0}, "datetime": {"datetime": "2021-09-30 08:55:44", "elapsed": 20.5194, "delta": 0.444376}}
{"target": -38.907193268902255, "params": {"max_depth": 5.029211051827846, "n_estimators": 59.9526165601626, "random_state": 5.0}, "datetime": {"datetime": "2021-09-30 08:55:44", "elapsed": 20.920231, "delta": 0.400831}}
{"target": -37.90466411223512, "params": {"max_depth": 8.310088826815122, "n_estimators": 22.449016209527205, "random_state": 5.0}, "datetime": {"datetime": "2021-09-30 08:55:45", "elapsed": 21.295267, "delta": 0.375036}}
{"target": -37.90466411223512, "params": {"max_depth": 8.883212296742109, "n_estimators": 22.355140253043523, "random_state": 5.0}, "datetime": {"datetime": "2021-09-30 08:55:45", "elapsed": 21.586731, "delta": 0.291464}}
{"target": -37.90466411223512, "params": {"max_depth": 8.654887927248492, "n_estimators": 22.884843545173787, "random_state": 5.0}, "datetime": {"datetime": "2021-09-30 08:55:45", "elapsed": 21.90745, "delta": 0.320719}}
{"target": -38.88057145082238, "params": {"max_depth": 9.308124985923307, "n_estimators": 22.799297749694055, "random_state": 5.0}, "datetime": {"datetime": "2021-09-30 08:55:46", "elapsed": 22.195686, "delta": 0.288236}}
{"target": -38.09378915195394, "params": {"max_depth": 8.604677117235013, "n_estimators": 21.93965736229505, "random_state": 5.0}, "datetime": {"datetime": "2021-09-30 08:55:46", "elapsed": 22.564001, "delta": 0.368315}}
{"target": -38.290269438807705, "params": {"max_depth": 8.232572960154236, "n_estimators": 23.049159513438315, "random_state": 5.0}, "datetime": {"datetime": "2021-09-30 08:55:46", "elapsed": 22.870361, "delta": 0.30636}}
{"target": -37.90466411223512, "params": {"max_depth": 8.557733534500532, "n_estimators": 22.494133487901674, "random_state": 5.0}, "datetime": {"datetime": "2021-09-30 08:55:47", "elapsed": 23.159439, "delta": 0.289078}}
{"target": -39.23043454028327, "params": {"max_depth": 7.9205359004806954, "n_estimators": 22.104938752040212, "random_state": 5.0}, "datetime": {"datetime": "2021-09-30 08:55:47", "elapsed": 23.465287, "delta": 0.305848}}
{"target": -37.90466411223512, "params": {"max_depth": 8.444064986026234, "n_estimators": 22.73775053339441, "random_state": 5.0}, "datetime": {"datetime": "2021-09-30 08:55:47", "elapsed": 23.802134, "delta": 0.336847}}
{"target": -38.770365361136676, "params": {"max_depth": 8.852920059074254, "n_estimators": 26.04785268105617, "random_state": 5.0}, "datetime": {"datetime": "2021-09-30 08:55:48", "elapsed": 24.136603, "delta": 0.334469}}
{"target": -38.93776678191052, "params": {"max_depth": 6.454780686635591, "n_estimators": 20.19183234920265, "random_state": 5.0}, "datetime": {"datetime": "2021-09-30 08:55:48", "elapsed": 24.440509, "delta": 0.303906}}
{"target": -38.88057145082238, "params": {"max_depth": 9.020026615395327, "n_estimators": 22.01091585495725, "random_state": 5.0}, "datetime": {"datetime": "2021-09-30 08:55:48", "elapsed": 24.809003, "delta": 0.368494}}
{"target": -38.613780758586685, "params": {"max_depth": 8.459037945595451, "n_estimators": 30.053017333973536, "random_state": 5.0}, "datetime": {"datetime": "2021-09-30 08:55:49", "elapsed": 25.163566, "delta": 0.354563}}
{"target": -37.90466411223512, "params": {"max_depth": 8.610916334997793, "n_estimators": 22.18384448775271, "random_state": 5.0}, "datetime": {"datetime": "2021-09-30 08:55:49", "elapsed": 25.484136, "delta": 0.32057}}
{"target": -39.13341849371742, "params": {"max_depth": 9.754641035202898, "n_estimators": 57.00999379333982, "random_state": 5.0}, "datetime": {"datetime": "2021-09-30 08:55:49", "elapsed": 26.001573, "delta": 0.517437}}
{"target": -37.90466411223512, "params": {"max_depth": 8.771366578787179, "n_estimators": 22.675203672561437, "random_state": 5.0}, "datetime": {"datetime": "2021-09-30 08:55:50", "elapsed": 26.328393, "delta": 0.32682}}
{"target": -37.90466411223512, "params": {"max_depth": 8.195047799261161, "n_estimators": 22.65846482734198, "random_state": 5.0}, "datetime": {"datetime": "2021-09-30 08:55:50", "elapsed": 26.699292, "delta": 0.370899}}
{"target": -38.290269438807705, "params": {"max_depth": 8.730832196090253, "n_estimators": 23.254516687264747, "random_state": 5.0}, "datetime": {"datetime": "2021-09-30 08:55:51", "elapsed": 27.130961, "delta": 0.431669}}
{"target": -37.90466411223512, "params": {"max_depth": 8.747917036613641, "n_estimators": 22.306345207235488, "random_state": 5.0}, "datetime": {"datetime": "2021-09-30 08:55:51", "elapsed": 27.526921, "delta": 0.39596}}
{"target": -37.90466411223512, "params": {"max_depth": 8.787767953461142, "n_estimators": 22.499145483089155, "random_state": 5.0}, "datetime": {"datetime": "2021-09-30 08:55:51", "elapsed": 27.90542, "delta": 0.378499}}
{"target": -39.23043454028327, "params": {"max_depth": 7.649986114897276, "n_estimators": 22.92476673596965, "random_state": 5.0}, "datetime": {"datetime": "2021-09-30 08:55:52", "elapsed": 28.287007, "delta": 0.381587}}
{"target": -38.62969085771145, "params": {"max_depth": 5.1448888235923755, "n_estimators": 39.5668877427271, "random_state": 5.0}, "datetime": {"datetime": "2021-09-30 08:55:52", "elapsed": 28.802344, "delta": 0.515337}}
{"target": -37.90466411223512, "params": {"max_depth": 8.406445156909253, "n_estimators": 22.25302754755561, "random_state": 5.0}, "datetime": {"datetime": "2021-09-30 08:55:53", "elapsed": 29.172246, "delta": 0.369902}}
{"target": -38.659712620178134, "params": {"max_depth": 5.095245739090349, "n_estimators": 41.111326542356935, "random_state": 5.0}, "datetime": {"datetime": "2021-09-30 08:55:53", "elapsed": 29.594972, "delta": 0.422726}}
{"target": -39.38034309062343, "params": {"max_depth": 7.827699854735138, "n_estimators": 30.78163996822393, "random_state": 5.0}, "datetime": {"datetime": "2021-09-30 08:55:53", "elapsed": 29.971455, "delta": 0.376483}}
{"target": -38.60247415796758, "params": {"max_depth": 5.869100581628609, "n_estimators": 24.236764975461398, "random_state": 5.0}, "datetime": {"datetime": "2021-09-30 08:55:54", "elapsed": 30.300441, "delta": 0.328986}}
{"target": -38.09378915195394, "params": {"max_depth": 8.42175974936838, "n_estimators": 21.15342795033345, "random_state": 5.0}, "datetime": {"datetime": "2021-09-30 08:55:54", "elapsed": 30.643383, "delta": 0.342942}}
{"target": -37.93303426084822, "params": {"max_depth": 8.396097512328701, "n_estimators": 20.658662597529013, "random_state": 5.0}, "datetime": {"datetime": "2021-09-30 08:55:54", "elapsed": 30.986758, "delta": 0.343375}}
{"target": -37.93303426084822, "params": {"max_depth": 8.064913225866352, "n_estimators": 20.78047227743682, "random_state": 5.0}, "datetime": {"datetime": "2021-09-30 08:55:55", "elapsed": 31.41328, "delta": 0.426522}}
{"target": -37.93303426084822, "params": {"max_depth": 8.11852417871217, "n_estimators": 20.184408465208342, "random_state": 5.0}, "datetime": {"datetime": "2021-09-30 08:55:55", "elapsed": 31.844333, "delta": 0.431053}}
{"target": -39.412033000759635, "params": {"max_depth": 7.072784853669728, "n_estimators": 54.046782007354224, "random_state": 5.0}, "datetime": {"datetime": "2021-09-30 08:55:56", "elapsed": 32.352901, "delta": 0.508568}}
