{"target": 0.43525682237455465, "params": {"max_depth": 2.070745351633431, "n_estimators": 104.66558588820676}, "datetime": {"datetime": "2021-09-24 10:58:10", "elapsed": 37.596825, "delta": 0.585994}}
{"target": 0.4200341789935095, "params": {"max_depth": 5.997350875304712, "n_estimators": 106.08402871346154}, "datetime": {"datetime": "2021-09-24 10:58:11", "elapsed": 38.292829, "delta": 0.696004}}
{"target": 0.42363836692534385, "params": {"max_depth": 5.857019990655025, "n_estimators": 131.83320938205958}, "datetime": {"datetime": "2021-09-24 10:58:12", "elapsed": 39.27065, "delta": 0.977821}}
{"target": 0.43079337423890585, "params": {"max_depth": 2.0, "n_estimators": 196.2062860333619}, "datetime": {"datetime": "2021-09-24 10:58:13", "elapsed": 40.226922, "delta": 0.956272}}
{"target": 0.4300117271718026, "params": {"max_depth": 5.986839900806794, "n_estimators": 187.1964241774828}, "datetime": {"datetime": "2021-09-24 10:58:14", "elapsed": 41.569339, "delta": 1.342417}}
{"target": 0.4331675960073895, "params": {"max_depth": 2.0257255892906922, "n_estimators": 180.18088514238087}, "datetime": {"datetime": "2021-09-24 10:58:15", "elapsed": 42.391339, "delta": 0.822}}
{"target": 0.43206087945310856, "params": {"max_depth": 2.0, "n_estimators": 148.17052403514194}, "datetime": {"datetime": "2021-09-24 10:58:16", "elapsed": 43.288025, "delta": 0.896686}}
{"target": 0.43368260980156415, "params": {"max_depth": 2.056809851217486, "n_estimators": 141.4441341029702}, "datetime": {"datetime": "2021-09-24 10:58:17", "elapsed": 44.253616, "delta": 0.965591}}
{"target": 0.4294823791196305, "params": {"max_depth": 5.994755308548358, "n_estimators": 177.5388409929654}, "datetime": {"datetime": "2021-09-24 10:58:18", "elapsed": 45.586821, "delta": 1.333205}}
{"target": 0.4356542571185881, "params": {"max_depth": 2.0003274936794306, "n_estimators": 102.44347735213654}, "datetime": {"datetime": "2021-09-24 10:58:19", "elapsed": 46.5217, "delta": 0.934879}}
{"target": 0.43465771145194976, "params": {"max_depth": 2.000572552745351, "n_estimators": 160.11175182264242}, "datetime": {"datetime": "2021-09-24 10:58:20", "elapsed": 47.448124, "delta": 0.926424}}
{"target": 0.4294601437391605, "params": {"max_depth": 5.977507085507617, "n_estimators": 158.60969524882196}, "datetime": {"datetime": "2021-09-24 10:58:21", "elapsed": 48.794422, "delta": 1.346298}}
{"target": 0.42844497842273244, "params": {"max_depth": 5.992764394975676, "n_estimators": 139.62346208963496}, "datetime": {"datetime": "2021-09-24 10:58:22", "elapsed": 49.692711, "delta": 0.898289}}
{"target": 0.432693616483218, "params": {"max_depth": 2.0, "n_estimators": 121.48930859540974}, "datetime": {"datetime": "2021-09-24 10:58:23", "elapsed": 50.546714, "delta": 0.854003}}
{"target": 0.4219043123722078, "params": {"max_depth": 5.867047637326902, "n_estimators": 111.30534091534247}, "datetime": {"datetime": "2021-09-24 10:58:24", "elapsed": 51.487773, "delta": 0.941059}}
{"target": 0.43280312472974447, "params": {"max_depth": 2.1021226795295718, "n_estimators": 184.03211827488758}, "datetime": {"datetime": "2021-09-24 10:58:25", "elapsed": 52.478674, "delta": 0.990901}}
{"target": 0.4346368508046673, "params": {"max_depth": 2.0, "n_estimators": 165.9771234127654}, "datetime": {"datetime": "2021-09-24 10:58:26", "elapsed": 53.77603, "delta": 1.297356}}
{"target": 0.4317389930605976, "params": {"max_depth": 2.000599328741596, "n_estimators": 126.20821560964707}, "datetime": {"datetime": "2021-09-24 10:58:27", "elapsed": 54.904563, "delta": 1.128533}}
{"target": 0.44367424454264204, "params": {"max_depth": 3.4880275266516865, "n_estimators": 171.58736070414645}, "datetime": {"datetime": "2021-09-24 10:58:29", "elapsed": 56.076936, "delta": 1.172373}}
{"target": 0.4386899645585367, "params": {"max_depth": 4.157591588096005, "n_estimators": 173.40408614847885}, "datetime": {"datetime": "2021-09-24 10:58:30", "elapsed": 57.311831, "delta": 1.234895}}
{"target": 0.42926501793123084, "params": {"max_depth": 5.602936861962912, "n_estimators": 174.01496856872808}, "datetime": {"datetime": "2021-09-24 10:58:31", "elapsed": 58.639375, "delta": 1.327544}}
{"target": 0.4351123609876534, "params": {"max_depth": 2.0163687643530634, "n_estimators": 100.43374989476466}, "datetime": {"datetime": "2021-09-24 10:58:32", "elapsed": 59.424425, "delta": 0.78505}}
{"target": 0.4436925772912831, "params": {"max_depth": 3.26945816854573, "n_estimators": 135.54221766503048}, "datetime": {"datetime": "2021-09-24 10:58:33", "elapsed": 60.955735, "delta": 1.53131}}
{"target": 0.4317859053184079, "params": {"max_depth": 2.2425118344826545, "n_estimators": 191.6668499857451}, "datetime": {"datetime": "2021-09-24 10:58:35", "elapsed": 62.277672, "delta": 1.321937}}
{"target": 0.4349103836725361, "params": {"max_depth": 2.0, "n_estimators": 106.80725235904389}, "datetime": {"datetime": "2021-09-24 10:58:36", "elapsed": 63.077671, "delta": 0.799999}}
{"target": 0.41440310480063325, "params": {"max_depth": 6.0, "n_estimators": 120.23662468513838}, "datetime": {"datetime": "2021-09-24 10:58:37", "elapsed": 64.277147, "delta": 1.199476}}
{"target": 0.4299285526917447, "params": {"max_depth": 2.1231185413933824, "n_estimators": 199.86326126850332}, "datetime": {"datetime": "2021-09-24 10:58:38", "elapsed": 65.482536, "delta": 1.205389}}
{"target": 0.43282628327977524, "params": {"max_depth": 2.119230660552662, "n_estimators": 144.46917920798052}, "datetime": {"datetime": "2021-09-24 10:58:39", "elapsed": 66.417266, "delta": 0.93473}}
{"target": 0.44083475017987417, "params": {"max_depth": 3.7048631896910975, "n_estimators": 103.28329457824668}, "datetime": {"datetime": "2021-09-24 10:58:40", "elapsed": 67.405958, "delta": 0.988692}}
{"target": 0.44162159843282, "params": {"max_depth": 3.7517096181728524, "n_estimators": 102.08225456585846}, "datetime": {"datetime": "2021-09-24 10:58:41", "elapsed": 68.371954, "delta": 0.965996}}
{"target": 0.43330340324585925, "params": {"max_depth": 4.699384587029239, "n_estimators": 102.77802987400041}, "datetime": {"datetime": "2021-09-24 10:58:42", "elapsed": 69.17496, "delta": 0.803006}}
{"target": 0.44162159843282, "params": {"max_depth": 3.1182094454488234, "n_estimators": 102.5412783128973}, "datetime": {"datetime": "2021-09-24 10:58:42", "elapsed": 69.863964, "delta": 0.689004}}
{"target": 0.4401339840944647, "params": {"max_depth": 3.194634106567463, "n_estimators": 101.29577172068953}, "datetime": {"datetime": "2021-09-24 10:58:43", "elapsed": 70.680954, "delta": 0.81699}}
{"target": 0.4238629613713121, "params": {"max_depth": 5.903808526032286, "n_estimators": 127.99363504617406}, "datetime": {"datetime": "2021-09-24 10:58:44", "elapsed": 71.75396, "delta": 1.073006}}
{"target": 0.4301704834772321, "params": {"max_depth": 5.7509182788884585, "n_estimators": 196.06271150097837}, "datetime": {"datetime": "2021-09-24 10:58:46", "elapsed": 73.483026, "delta": 1.729066}}
{"target": 0.44432739162983503, "params": {"max_depth": 3.8323411697311998, "n_estimators": 167.51843704322}, "datetime": {"datetime": "2021-09-24 10:58:47", "elapsed": 75.026017, "delta": 1.542991}}
{"target": 0.44006228255847557, "params": {"max_depth": 4.594074530798055, "n_estimators": 166.8437267807157}, "datetime": {"datetime": "2021-09-24 10:58:49", "elapsed": 76.320017, "delta": 1.294}}
{"target": 0.4397409813870956, "params": {"max_depth": 4.211547850190728, "n_estimators": 168.4870279198002}, "datetime": {"datetime": "2021-09-24 10:58:50", "elapsed": 78.022921, "delta": 1.702904}}
{"target": 0.43383871329902235, "params": {"max_depth": 2.7861264665109013, "n_estimators": 167.7661563868603}, "datetime": {"datetime": "2021-09-24 10:58:52", "elapsed": 79.207929, "delta": 1.185008}}
{"target": 0.44458677948021696, "params": {"max_depth": 3.6573517700042757, "n_estimators": 166.59716429931535}, "datetime": {"datetime": "2021-09-24 10:58:53", "elapsed": 80.61037, "delta": 1.402441}}
{"target": 0.44494789027382164, "params": {"max_depth": 3.657952491250903, "n_estimators": 165.47316852360632}, "datetime": {"datetime": "2021-09-24 10:58:54", "elapsed": 82.011487, "delta": 1.401117}}
{"target": 0.4446006789777368, "params": {"max_depth": 3.094071392749803, "n_estimators": 164.65063859294042}, "datetime": {"datetime": "2021-09-24 10:58:56", "elapsed": 83.438096, "delta": 1.426609}}
{"target": 0.4446006789777368, "params": {"max_depth": 3.9186267901276297, "n_estimators": 164.49255705225508}, "datetime": {"datetime": "2021-09-24 10:58:57", "elapsed": 84.865886, "delta": 1.42779}}
{"target": 0.4279659977774588, "params": {"max_depth": 5.825434336352998, "n_estimators": 148.28996800606524}, "datetime": {"datetime": "2021-09-24 10:58:59", "elapsed": 86.351733, "delta": 1.485847}}
{"target": 0.4404563685011752, "params": {"max_depth": 4.546271140360302, "n_estimators": 165.3157327389249}, "datetime": {"datetime": "2021-09-24 10:59:00", "elapsed": 87.862557, "delta": 1.510824}}
{"target": 0.4328998791202089, "params": {"max_depth": 2.0, "n_estimators": 111.7947607033154}, "datetime": {"datetime": "2021-09-24 10:59:01", "elapsed": 89.046558, "delta": 1.184001}}
{"target": 0.43889093170346494, "params": {"max_depth": 4.768867258138575, "n_estimators": 189.9397107688513}, "datetime": {"datetime": "2021-09-24 10:59:03", "elapsed": 90.55663, "delta": 1.510072}}
{"target": 0.431012898578078, "params": {"max_depth": 5.926682406742221, "n_estimators": 190.2032214328675}, "datetime": {"datetime": "2021-09-24 10:59:05", "elapsed": 92.421648, "delta": 1.865018}}
{"target": 0.44268218859919917, "params": {"max_depth": 3.420931893928391, "n_estimators": 189.64774875066394}, "datetime": {"datetime": "2021-09-24 10:59:06", "elapsed": 94.002414, "delta": 1.580766}}
{"target": 0.4378594533713087, "params": {"max_depth": 4.029551177918687, "n_estimators": 188.68118344041284}, "datetime": {"datetime": "2021-09-24 10:59:08", "elapsed": 95.737869, "delta": 1.735455}}
{"target": 0.44221566662590905, "params": {"max_depth": 3.732189794885428, "n_estimators": 190.5671750610161}, "datetime": {"datetime": "2021-09-24 10:59:10", "elapsed": 97.253826, "delta": 1.515957}}
{"target": 0.432917511944816, "params": {"max_depth": 2.0980711788317863, "n_estimators": 189.749195635845}, "datetime": {"datetime": "2021-09-24 10:59:11", "elapsed": 98.639903, "delta": 1.386077}}
{"target": 0.4388255178549322, "params": {"max_depth": 4.716416662777625, "n_estimators": 184.56548331793022}, "datetime": {"datetime": "2021-09-24 10:59:13", "elapsed": 100.388261, "delta": 1.748358}}
{"target": 0.4427243990527847, "params": {"max_depth": 3.6240192348585034, "n_estimators": 185.80842318302848}, "datetime": {"datetime": "2021-09-24 10:59:14", "elapsed": 101.941766, "delta": 1.553505}}
{"target": 0.43252271648790375, "params": {"max_depth": 2.427283429002167, "n_estimators": 185.88954163283296}, "datetime": {"datetime": "2021-09-24 10:59:16", "elapsed": 103.332765, "delta": 1.390999}}
{"target": 0.43817741360189355, "params": {"max_depth": 4.571183597095178, "n_estimators": 186.11207357534568}, "datetime": {"datetime": "2021-09-24 10:59:18", "elapsed": 105.368556, "delta": 2.035791}}
{"target": 0.4431496353172584, "params": {"max_depth": 3.6301283427797633, "n_estimators": 184.74215923303626}, "datetime": {"datetime": "2021-09-24 10:59:19", "elapsed": 106.861349, "delta": 1.492793}}
{"target": 0.44302596764893454, "params": {"max_depth": 3.816524494300327, "n_estimators": 183.19264093747444}, "datetime": {"datetime": "2021-09-24 10:59:21", "elapsed": 108.592537, "delta": 1.731188}}
{"target": 0.44272801702904263, "params": {"max_depth": 3.3984714081127505, "n_estimators": 181.95226848032922}, "datetime": {"datetime": "2021-09-24 10:59:23", "elapsed": 110.272835, "delta": 1.680298}}
{"target": 0.43862556497619487, "params": {"max_depth": 4.10673003609233, "n_estimators": 180.80209430931853}, "datetime": {"datetime": "2021-09-24 10:59:24", "elapsed": 111.849622, "delta": 1.576787}}
{"target": 0.43915549811460586, "params": {"max_depth": 4.209686915931027, "n_estimators": 182.22483274578144}, "datetime": {"datetime": "2021-09-24 10:59:26", "elapsed": 113.495369, "delta": 1.645747}}
{"target": 0.43301588338169084, "params": {"max_depth": 2.326306392203823, "n_estimators": 182.1476679974162}, "datetime": {"datetime": "2021-09-24 10:59:28", "elapsed": 115.255562, "delta": 1.760193}}
{"target": 0.4427934095678503, "params": {"max_depth": 3.3337345858061993, "n_estimators": 178.50794479071573}, "datetime": {"datetime": "2021-09-24 10:59:29", "elapsed": 116.638289, "delta": 1.382727}}
{"target": 0.43284209790881245, "params": {"max_depth": 2.171778835343155, "n_estimators": 177.9669469408381}, "datetime": {"datetime": "2021-09-24 10:59:30", "elapsed": 117.898715, "delta": 1.260426}}
{"target": 0.43831960629086353, "params": {"max_depth": 4.163427806751729, "n_estimators": 179.11700332771142}, "datetime": {"datetime": "2021-09-24 10:59:32", "elapsed": 119.557581, "delta": 1.658866}}
{"target": 0.442845265658806, "params": {"max_depth": 3.8747972527212466, "n_estimators": 177.5650316686576}, "datetime": {"datetime": "2021-09-24 10:59:33", "elapsed": 120.933298, "delta": 1.375717}}
{"target": 0.4386143308575995, "params": {"max_depth": 4.188857532120083, "n_estimators": 176.23060480295516}, "datetime": {"datetime": "2021-09-24 10:59:35", "elapsed": 122.431302, "delta": 1.498004}}
{"target": 0.4386782025402146, "params": {"max_depth": 4.307712380900979, "n_estimators": 161.0328424009171}, "datetime": {"datetime": "2021-09-24 10:59:36", "elapsed": 123.689904, "delta": 1.258602}}
{"target": 0.4327195128239537, "params": {"max_depth": 2.0, "n_estimators": 150.62765500360592}, "datetime": {"datetime": "2021-09-24 10:59:37", "elapsed": 124.923921, "delta": 1.234017}}
{"target": 0.4232315102155727, "params": {"max_depth": 6.0, "n_estimators": 155.72223605531929}, "datetime": {"datetime": "2021-09-24 10:59:40", "elapsed": 127.109953, "delta": 2.186032}}
{"target": 0.42181505599914126, "params": {"max_depth": 6.0, "n_estimators": 161.0235845772317}, "datetime": {"datetime": "2021-09-24 10:59:41", "elapsed": 128.928807, "delta": 1.818854}}
{"target": 0.44275692277235, "params": {"max_depth": 3.6915148626100525, "n_estimators": 159.58162334983916}, "datetime": {"datetime": "2021-09-24 10:59:43", "elapsed": 130.790953, "delta": 1.862146}}
{"target": 0.434121676435848, "params": {"max_depth": 2.9406675735677483, "n_estimators": 158.50814997734014}, "datetime": {"datetime": "2021-09-24 10:59:44", "elapsed": 132.024968, "delta": 1.234015}}
{"target": 0.44314117026736033, "params": {"max_depth": 3.332525034066445, "n_estimators": 160.58692458356947}, "datetime": {"datetime": "2021-09-24 10:59:46", "elapsed": 133.302968, "delta": 1.278}}
{"target": 0.4329544329934456, "params": {"max_depth": 2.0, "n_estimators": 123.79066954716737}, "datetime": {"datetime": "2021-09-24 10:59:48", "elapsed": 135.230489, "delta": 1.927521}}
{"target": 0.4377808542524886, "params": {"max_depth": 4.345095196011089, "n_estimators": 141.9640717320193}, "datetime": {"datetime": "2021-09-24 10:59:49", "elapsed": 136.44493, "delta": 1.214441}}
{"target": 0.4441233375919026, "params": {"max_depth": 3.27221216001194, "n_estimators": 139.92101954174413}, "datetime": {"datetime": "2021-09-24 10:59:50", "elapsed": 137.883173, "delta": 1.438243}}
{"target": 0.4342844458043902, "params": {"max_depth": 2.149832539975658, "n_estimators": 139.43238581793224}, "datetime": {"datetime": "2021-09-24 10:59:52", "elapsed": 139.191894, "delta": 1.308721}}
{"target": 0.443089670874402, "params": {"max_depth": 3.926325409027152, "n_estimators": 140.55004606956766}, "datetime": {"datetime": "2021-09-24 10:59:53", "elapsed": 140.579867, "delta": 1.387973}}
{"target": 0.4387410042771299, "params": {"max_depth": 4.039692228564998, "n_estimators": 139.22280250646082}, "datetime": {"datetime": "2021-09-24 10:59:54", "elapsed": 141.831842, "delta": 1.251975}}
{"target": 0.44226405143118686, "params": {"max_depth": 3.3446651405863514, "n_estimators": 193.9039577861559}, "datetime": {"datetime": "2021-09-24 10:59:56", "elapsed": 143.613034, "delta": 1.781192}}
{"target": 0.43151952437065244, "params": {"max_depth": 2.022546377359428, "n_estimators": 194.02109953676117}, "datetime": {"datetime": "2021-09-24 10:59:58", "elapsed": 145.138349, "delta": 1.525315}}
{"target": 0.44241424642497296, "params": {"max_depth": 3.974325502501592, "n_estimators": 192.7691441691669}, "datetime": {"datetime": "2021-09-24 10:59:59", "elapsed": 146.449821, "delta": 1.311472}}
{"target": 0.4385012570510345, "params": {"max_depth": 4.470208780209704, "n_estimators": 193.9561611148776}, "datetime": {"datetime": "2021-09-24 11:00:01", "elapsed": 148.217726, "delta": 1.767905}}
{"target": 0.43832674274172123, "params": {"max_depth": 4.194456841984044, "n_estimators": 191.47538983223313}, "datetime": {"datetime": "2021-09-24 11:00:02", "elapsed": 149.960576, "delta": 1.74285}}
{"target": 0.443089670874402, "params": {"max_depth": 3.276697516945009, "n_estimators": 140.95529872714232}, "datetime": {"datetime": "2021-09-24 11:00:04", "elapsed": 151.566539, "delta": 1.605963}}
{"target": 0.4443026745270824, "params": {"max_depth": 3.7051466385309726, "n_estimators": 163.67687969882107}, "datetime": {"datetime": "2021-09-24 11:00:05", "elapsed": 153.043159, "delta": 1.47662}}
{"target": 0.4438894833697802, "params": {"max_depth": 3.9451506787479165, "n_estimators": 162.47369127267882}, "datetime": {"datetime": "2021-09-24 11:00:07", "elapsed": 154.495666, "delta": 1.452507}}
{"target": 0.4431602555435499, "params": {"max_depth": 3.2805348966200487, "n_estimators": 161.69218764180889}, "datetime": {"datetime": "2021-09-24 11:00:08", "elapsed": 155.962499, "delta": 1.466833}}
{"target": 0.4310527753325133, "params": {"max_depth": 2.0, "n_estimators": 119.37409134327174}, "datetime": {"datetime": "2021-09-24 11:00:10", "elapsed": 157.350888, "delta": 1.388389}}
{"target": 0.4334885860717206, "params": {"max_depth": 2.0201770950255202, "n_estimators": 132.37179649702117}, "datetime": {"datetime": "2021-09-24 11:00:11", "elapsed": 158.723355, "delta": 1.372467}}
{"target": 0.44226405143118686, "params": {"max_depth": 3.2444748833031563, "n_estimators": 193.03131610956126}, "datetime": {"datetime": "2021-09-24 11:00:13", "elapsed": 160.354076, "delta": 1.630721}}
{"target": 0.4193682285717739, "params": {"max_depth": 6.0, "n_estimators": 137.0873142800255}, "datetime": {"datetime": "2021-09-24 11:00:14", "elapsed": 161.892921, "delta": 1.538845}}
{"target": 0.4274156675061951, "params": {"max_depth": 5.991755454369084, "n_estimators": 141.59749922157226}, "datetime": {"datetime": "2021-09-24 11:00:16", "elapsed": 163.246223, "delta": 1.353302}}
{"target": 0.4332458775742545, "params": {"max_depth": 2.002646692356867, "n_estimators": 128.21032037926992}, "datetime": {"datetime": "2021-09-24 11:00:17", "elapsed": 164.594508, "delta": 1.348285}}
{"target": 0.44039424132417526, "params": {"max_depth": 3.629814257310046, "n_estimators": 104.83772668271314}, "datetime": {"datetime": "2021-09-24 11:00:18", "elapsed": 165.838504, "delta": 1.243996}}
{"target": 0.440846770372342, "params": {"max_depth": 3.522049310247169, "n_estimators": 106.43622085345093}, "datetime": {"datetime": "2021-09-24 11:00:20", "elapsed": 167.091827, "delta": 1.253323}}
{"target": 0.44039533438218703, "params": {"max_depth": 3.9698009508014223, "n_estimators": 107.91421147739408}, "datetime": {"datetime": "2021-09-24 11:00:21", "elapsed": 168.267781, "delta": 1.175954}}
{"target": 0.420761562094053, "params": {"max_depth": 5.07126245366032, "n_estimators": 108.76925986919728}, "datetime": {"datetime": "2021-09-24 11:00:22", "elapsed": 169.357775, "delta": 1.089994}}
{"target": 0.44039533438218703, "params": {"max_depth": 3.041601378251589, "n_estimators": 107.51387841874246}, "datetime": {"datetime": "2021-09-24 11:00:23", "elapsed": 170.38653, "delta": 1.028755}}
{"target": 0.44176369854874387, "params": {"max_depth": 3.251034526205986, "n_estimators": 146.33163463170402}, "datetime": {"datetime": "2021-09-24 11:00:24", "elapsed": 171.416529, "delta": 1.029999}}
{"target": 0.4324838724829869, "params": {"max_depth": 2.0219170563523967, "n_estimators": 146.25905803562677}, "datetime": {"datetime": "2021-09-24 11:00:25", "elapsed": 172.321172, "delta": 0.904643}}
{"target": 0.44146453483890913, "params": {"max_depth": 3.9534998356500504, "n_estimators": 147.14751667053358}, "datetime": {"datetime": "2021-09-24 11:00:26", "elapsed": 173.445171, "delta": 1.123999}}
{"target": 0.43663808920100566, "params": {"max_depth": 4.248106718919374, "n_estimators": 146.09948823514355}, "datetime": {"datetime": "2021-09-24 11:00:27", "elapsed": 174.575219, "delta": 1.130048}}
{"target": 0.4416807340729513, "params": {"max_depth": 3.67652487457646, "n_estimators": 148.75563464623957}, "datetime": {"datetime": "2021-09-24 11:00:28", "elapsed": 175.575223, "delta": 1.000004}}
{"target": 0.4415378759836146, "params": {"max_depth": 3.85344938085124, "n_estimators": 150.01278411062916}, "datetime": {"datetime": "2021-09-24 11:00:29", "elapsed": 176.615228, "delta": 1.040005}}
{"target": 0.4428189804865609, "params": {"max_depth": 3.236412542435629, "n_estimators": 142.82503154846682}, "datetime": {"datetime": "2021-09-24 11:00:30", "elapsed": 177.560221, "delta": 0.944993}}
{"target": 0.4419597790901397, "params": {"max_depth": 3.8040785401416457, "n_estimators": 143.65592402651566}, "datetime": {"datetime": "2021-09-24 11:00:31", "elapsed": 178.660226, "delta": 1.100005}}
{"target": 0.4418081072473762, "params": {"max_depth": 3.661270087694912, "n_estimators": 195.1211406194125}, "datetime": {"datetime": "2021-09-24 11:00:32", "elapsed": 179.839219, "delta": 1.178993}}
{"target": 0.44140738982929495, "params": {"max_depth": 3.846848669169523, "n_estimators": 197.00143859858383}, "datetime": {"datetime": "2021-09-24 11:00:34", "elapsed": 181.139117, "delta": 1.299898}}
