{"target": -82.4066787084712, "params": {"eta": 0.07813058864868795, "max_depth": 12.102025312644011, "n_estimators": 2.0396185206546678}, "datetime": {"datetime": "2021-09-29 15:38:19", "elapsed": 814.776908, "delta": 2.900288}}
{"target": -36.747879411510304, "params": {"eta": 0.04161892371930601, "max_depth": 11.73574171762535, "n_estimators": 89.98815044755959}, "datetime": {"datetime": "2021-09-29 15:38:22", "elapsed": 817.927602, "delta": 3.150694}}
{"target": -37.900480112404075, "params": {"eta": 0.1594351533650059, "max_depth": 1.2707542442926099, "n_estimators": 98.38138592187721}, "datetime": {"datetime": "2021-09-29 15:38:25", "elapsed": 820.55071, "delta": 2.623108}}
{"target": -43.25889639429556, "params": {"eta": 0.3423172453364342, "max_depth": 7.5376071025475895, "n_estimators": 72.66672196737079}, "datetime": {"datetime": "2021-09-29 15:38:28", "elapsed": 823.391002, "delta": 2.840292}}
{"target": -35.38254779741417, "params": {"eta": 0.33415911355309, "max_depth": 11.37998306562835, "n_estimators": 6.322804100212201}, "datetime": {"datetime": "2021-09-29 15:38:31", "elapsed": 826.104613, "delta": 2.713611}}
{"target": -43.37786307310677, "params": {"eta": 0.47669877305127495, "max_depth": 9.894353145231605, "n_estimators": 11.777089832412253}, "datetime": {"datetime": "2021-09-29 15:38:33", "elapsed": 828.9023, "delta": 2.797687}}
{"target": -39.194232227681844, "params": {"eta": 0.32878951960004776, "max_depth": 16.31796446587161, "n_estimators": 63.243003784268836}, "datetime": {"datetime": "2021-09-29 15:38:36", "elapsed": 831.857073, "delta": 2.954773}}
{"target": -40.214726887477326, "params": {"eta": 0.21322482861558087, "max_depth": 22.537089774156662, "n_estimators": 98.64762161867101}, "datetime": {"datetime": "2021-09-29 15:38:41", "elapsed": 836.63813, "delta": 4.781057}}
{"target": -59.06783950698259, "params": {"eta": 0.013218029121497625, "max_depth": 3.0179360334738847, "n_estimators": 43.97449772572862}, "datetime": {"datetime": "2021-09-29 15:38:46", "elapsed": 841.890228, "delta": 5.252098}}
{"target": -39.6213956006625, "params": {"eta": 0.30474108141286205, "max_depth": 25.02520121151212, "n_estimators": 99.06983254655216}, "datetime": {"datetime": "2021-09-29 15:38:50", "elapsed": 845.176338, "delta": 3.28611}}
{"target": -37.5396711323522, "params": {"eta": 0.27455940287229813, "max_depth": 1.796659921803951, "n_estimators": 88.43806829374118}, "datetime": {"datetime": "2021-09-29 15:38:52", "elapsed": 847.798522, "delta": 2.622184}}
{"target": -40.20657423290881, "params": {"eta": 0.21102240864985822, "max_depth": 15.530800101109474, "n_estimators": 36.93051019226999}, "datetime": {"datetime": "2021-09-29 15:38:56", "elapsed": 851.575407, "delta": 3.776885}}
{"target": -40.419113458970415, "params": {"eta": 0.47543113403561993, "max_depth": 14.768788688224944, "n_estimators": 20.439076642860503}, "datetime": {"datetime": "2021-09-29 15:38:59", "elapsed": 854.334291, "delta": 2.758884}}
{"target": -39.963115338324435, "params": {"eta": 0.19500458987979707, "max_depth": 11.230260229831355, "n_estimators": 46.81070699319634}, "datetime": {"datetime": "2021-09-29 15:39:03", "elapsed": 858.683937, "delta": 4.349646}}
{"target": -42.15441406438188, "params": {"eta": 0.3711440862057781, "max_depth": 29.305957808492522, "n_estimators": 97.93760543239415}, "datetime": {"datetime": "2021-09-29 15:39:06", "elapsed": 861.741931, "delta": 3.057994}}
{"target": -42.192597192647646, "params": {"eta": 0.4871219775076621, "max_depth": 22.49967915883314, "n_estimators": 32.817410253458775}, "datetime": {"datetime": "2021-09-29 15:39:09", "elapsed": 864.789905, "delta": 3.047974}}
{"target": -39.55440808488755, "params": {"eta": 0.26744789247544054, "max_depth": 22.861227058072444, "n_estimators": 64.48348985094161}, "datetime": {"datetime": "2021-09-29 15:39:12", "elapsed": 867.856545, "delta": 3.06664}}
{"target": -38.476106710466404, "params": {"eta": 0.06222375083689659, "max_depth": 16.222351601271413, "n_estimators": 94.94251535373715}, "datetime": {"datetime": "2021-09-29 15:39:16", "elapsed": 871.275942, "delta": 3.419397}}
{"target": -39.56711841145338, "params": {"eta": 0.09179684529840404, "max_depth": 3.7039157721933966, "n_estimators": 76.63710875213363}, "datetime": {"datetime": "2021-09-29 15:39:20", "elapsed": 875.123324, "delta": 3.847382}}
{"target": -42.129529105010484, "params": {"eta": 0.3746189780559595, "max_depth": 29.082524059860248, "n_estimators": 24.60735738812794}, "datetime": {"datetime": "2021-09-29 15:39:23", "elapsed": 878.213278, "delta": 3.089954}}
{"target": -42.192546116167776, "params": {"eta": 0.4866408053717372, "max_depth": 24.816096886395773, "n_estimators": 41.21603050424287}, "datetime": {"datetime": "2021-09-29 15:39:26", "elapsed": 881.402072, "delta": 3.188794}}
{"target": -39.753258286489384, "params": {"eta": 0.23652235884614828, "max_depth": 28.483741401637364, "n_estimators": 27.01819540426067}, "datetime": {"datetime": "2021-09-29 15:39:29", "elapsed": 884.191833, "delta": 2.789761}}
{"target": -39.8609950181643, "params": {"eta": 0.14741148133604237, "max_depth": 27.625254674958427, "n_estimators": 83.2845638482899}, "datetime": {"datetime": "2021-09-29 15:39:32", "elapsed": 887.857807, "delta": 3.665974}}
{"target": -37.35727256747503, "params": {"eta": 0.26645211328134605, "max_depth": 23.13732919212739, "n_estimators": 10.496594518757492}, "datetime": {"datetime": "2021-09-29 15:39:35", "elapsed": 890.672304, "delta": 2.814497}}
{"target": -90.80552262089086, "params": {"eta": 0.01805027402572377, "max_depth": 12.168422777938769, "n_estimators": 4.720701197024995}, "datetime": {"datetime": "2021-09-29 15:39:38", "elapsed": 893.508925, "delta": 2.836621}}
{"target": -40.44729073706226, "params": {"eta": 0.395745192183347, "max_depth": 27.6635580581872, "n_estimators": 71.2408668850984}, "datetime": {"datetime": "2021-09-29 15:39:42", "elapsed": 897.512517, "delta": 4.003592}}
{"target": -41.04360203090898, "params": {"eta": 0.47041425394642644, "max_depth": 15.322826724952394, "n_estimators": 95.17798083717425}, "datetime": {"datetime": "2021-09-29 15:39:45", "elapsed": 900.731412, "delta": 3.218895}}
{"target": -41.72395728056814, "params": {"eta": 0.36117560115215064, "max_depth": 3.8379921914026256, "n_estimators": 57.87118834600253}, "datetime": {"datetime": "2021-09-29 15:39:48", "elapsed": 903.438418, "delta": 2.707006}}
{"target": -47.61676778389919, "params": {"eta": 0.21394712778850372, "max_depth": 28.50728051469289, "n_estimators": 3.9527086972733767}, "datetime": {"datetime": "2021-09-29 15:39:52", "elapsed": 907.471335, "delta": 4.032917}}
{"target": -41.02890395308657, "params": {"eta": 0.3481202469193146, "max_depth": 19.447578124559282, "n_estimators": 17.558520279637605}, "datetime": {"datetime": "2021-09-29 15:39:55", "elapsed": 910.473886, "delta": 3.002551}}
{"target": -40.60153731723416, "params": {"eta": 0.2873478637273071, "max_depth": 7.040425766212493, "n_estimators": 77.61615243156213}, "datetime": {"datetime": "2021-09-29 15:39:59", "elapsed": 914.129738, "delta": 3.655852}}
{"target": -37.14132678280544, "params": {"eta": 0.042528928336333635, "max_depth": 10.305642541156637, "n_estimators": 82.71255534439148}, "datetime": {"datetime": "2021-09-29 15:40:02", "elapsed": 917.408693, "delta": 3.278955}}
{"target": -48.30402809240199, "params": {"eta": 0.1298347800024951, "max_depth": 12.544466905319313, "n_estimators": 5.642130866033367}, "datetime": {"datetime": "2021-09-29 15:40:05", "elapsed": 920.037531, "delta": 2.628838}}
{"target": -39.668490642565, "params": {"eta": 0.09252670710389381, "max_depth": 1.8466053844886148, "n_estimators": 64.44104889443298}, "datetime": {"datetime": "2021-09-29 15:40:07", "elapsed": 922.77451, "delta": 2.736979}}
{"target": -42.06211211476145, "params": {"eta": 0.0946691095126654, "max_depth": 5.121312414006291, "n_estimators": 88.53501117340157}, "datetime": {"datetime": "2021-09-29 15:40:10", "elapsed": 925.761538, "delta": 2.987028}}
{"target": -38.736218978118416, "params": {"eta": 0.23734560873475682, "max_depth": 1.6761300685343783, "n_estimators": 28.69163064350822}, "datetime": {"datetime": "2021-09-29 15:40:13", "elapsed": 928.706906, "delta": 2.945368}}
{"target": -39.64185736358195, "params": {"eta": 0.0985031340230324, "max_depth": 12.69510813443493, "n_estimators": 70.18160786754689}, "datetime": {"datetime": "2021-09-29 15:40:17", "elapsed": 932.032184, "delta": 3.325278}}
{"target": -42.46474663107907, "params": {"eta": 0.3942630369993083, "max_depth": 21.18601408318908, "n_estimators": 19.405100992792363}, "datetime": {"datetime": "2021-09-29 15:40:21", "elapsed": 936.251801, "delta": 4.219617}}
{"target": -38.796192479092724, "params": {"eta": 0.2230062492800295, "max_depth": 1.629127956793768, "n_estimators": 36.19372282936633}, "datetime": {"datetime": "2021-09-29 15:40:24", "elapsed": 939.363057, "delta": 3.111256}}
{"target": -36.11333582405678, "params": {"eta": 0.05527362857976103, "max_depth": 14.421006528537491, "n_estimators": 28.854941915621946}, "datetime": {"datetime": "2021-09-29 15:40:27", "elapsed": 942.260476, "delta": 2.897419}}
{"target": -38.22330886314424, "params": {"eta": 0.047442677139796184, "max_depth": 3.2713779680484736, "n_estimators": 71.80478522591122}, "datetime": {"datetime": "2021-09-29 15:40:30", "elapsed": 945.411571, "delta": 3.151095}}
{"target": -40.356480271730824, "params": {"eta": 0.2618683867566014, "max_depth": 23.468835605039846, "n_estimators": 96.63261679660975}, "datetime": {"datetime": "2021-09-29 15:40:34", "elapsed": 949.776815, "delta": 4.365244}}
{"target": -41.05427597744875, "params": {"eta": 0.23231896533199783, "max_depth": 4.031895030889795, "n_estimators": 97.76742179761469}, "datetime": {"datetime": "2021-09-29 15:40:38", "elapsed": 952.969209, "delta": 3.192394}}
{"target": -35.493648060030026, "params": {"eta": 0.07818789009912536, "max_depth": 25.489458011647336, "n_estimators": 25.503467344802118}, "datetime": {"datetime": "2021-09-29 15:40:41", "elapsed": 956.029464, "delta": 3.060255}}
{"target": -44.87873980959008, "params": {"eta": 0.3565754643637489, "max_depth": 4.980858702933467, "n_estimators": 90.5080048689602}, "datetime": {"datetime": "2021-09-29 15:40:45", "elapsed": 960.357639, "delta": 4.328175}}
{"target": -38.53708338339169, "params": {"eta": 0.18727618693512219, "max_depth": 2.9688968608757205, "n_estimators": 56.940821102256024}, "datetime": {"datetime": "2021-09-29 15:40:48", "elapsed": 963.343169, "delta": 2.98553}}
{"target": -43.89291489567478, "params": {"eta": 0.4207170586055335, "max_depth": 26.191253674221368, "n_estimators": 19.128892763945665}, "datetime": {"datetime": "2021-09-29 15:40:52", "elapsed": 967.816748, "delta": 4.473579}}
{"target": -40.55052301911894, "params": {"eta": 0.2820112961418682, "max_depth": 16.66129109619647, "n_estimators": 50.650829348905035}, "datetime": {"datetime": "2021-09-29 15:40:56", "elapsed": 971.241229, "delta": 3.424481}}
{"target": -39.13337744334266, "params": {"eta": 0.3305384419292909, "max_depth": 14.676264281547434, "n_estimators": 46.55672700679782}, "datetime": {"datetime": "2021-09-29 15:40:59", "elapsed": 974.352934, "delta": 3.111705}}
{"target": -39.12945145863451, "params": {"eta": 0.08142488914467175, "max_depth": 7.622274502547831, "n_estimators": 49.51939626113674}, "datetime": {"datetime": "2021-09-29 15:41:02", "elapsed": 977.286736, "delta": 2.933802}}
{"target": -35.571889336050575, "params": {"eta": 0.029469164020278923, "max_depth": 12.161728432080944, "n_estimators": 85.36133055668826}, "datetime": {"datetime": "2021-09-29 15:41:07", "elapsed": 982.112594, "delta": 4.825858}}
{"target": -38.55755498828694, "params": {"eta": 0.11292965670890956, "max_depth": 5.380404420468075, "n_estimators": 32.858457185929836}, "datetime": {"datetime": "2021-09-29 15:41:10", "elapsed": 985.072325, "delta": 2.959731}}
{"target": -39.57108106488692, "params": {"eta": 0.3189172781324921, "max_depth": 26.702776901496936, "n_estimators": 66.39616526166469}, "datetime": {"datetime": "2021-09-29 15:41:14", "elapsed": 989.290603, "delta": 4.218278}}
{"target": -38.745893670221214, "params": {"eta": 0.16437964718285034, "max_depth": 11.028627671457272, "n_estimators": 86.96060492246055}, "datetime": {"datetime": "2021-09-29 15:41:18", "elapsed": 993.021601, "delta": 3.730998}}
{"target": -40.1450454287029, "params": {"eta": 0.1015316445127152, "max_depth": 22.790319049177306, "n_estimators": 84.40678652654937}, "datetime": {"datetime": "2021-09-29 15:41:23", "elapsed": 997.957074, "delta": 4.935473}}
{"target": -39.01488126497381, "params": {"eta": 0.23207099679543022, "max_depth": 29.640264643929708, "n_estimators": 26.11663338021584}, "datetime": {"datetime": "2021-09-29 15:41:26", "elapsed": 1001.514108, "delta": 3.557034}}
{"target": -39.83172775207567, "params": {"eta": 0.18034007061478974, "max_depth": 15.564958359685432, "n_estimators": 77.67162006596456}, "datetime": {"datetime": "2021-09-29 15:41:30", "elapsed": 1005.086949, "delta": 3.572841}}
{"target": -38.363728576177, "params": {"eta": 0.3302569098566184, "max_depth": 21.51326276910463, "n_estimators": 11.294538622478422}, "datetime": {"datetime": "2021-09-29 15:41:33", "elapsed": 1008.25448, "delta": 3.167531}}
{"target": -39.247540018812174, "params": {"eta": 0.3349836820363598, "max_depth": 26.533099972043146, "n_estimators": 43.92994988509401}, "datetime": {"datetime": "2021-09-29 15:41:39", "elapsed": 1014.298724, "delta": 6.044244}}
{"target": -40.1284903582962, "params": {"eta": 0.2700263615849995, "max_depth": 3.772367091408048, "n_estimators": 35.7802766875103}, "datetime": {"datetime": "2021-09-29 15:41:43", "elapsed": 1018.641128, "delta": 4.342404}}
{"target": -40.91091886017527, "params": {"eta": 0.18539654267494515, "max_depth": 25.48073494277391, "n_estimators": 57.35833029156451}, "datetime": {"datetime": "2021-09-29 15:41:48", "elapsed": 1023.933024, "delta": 5.291896}}
{"target": -38.29597077083204, "params": {"eta": 0.33931006041636097, "max_depth": 22.894039209465653, "n_estimators": 6.942242953543216}, "datetime": {"datetime": "2021-09-29 15:41:52", "elapsed": 1027.050823, "delta": 3.117799}}
{"target": -39.86132091028597, "params": {"eta": 0.1494245818996535, "max_depth": 27.165986322297414, "n_estimators": 84.91051663660934}, "datetime": {"datetime": "2021-09-29 15:41:55", "elapsed": 1030.793125, "delta": 3.742302}}
{"target": -36.70485337197178, "params": {"eta": 0.025768032851354317, "max_depth": 29.40631681654152, "n_estimators": 42.41745808967961}, "datetime": {"datetime": "2021-09-29 15:41:58", "elapsed": 1033.920331, "delta": 3.127206}}
{"target": -37.57467341409126, "params": {"eta": 0.049313961803073125, "max_depth": 14.937725665489099, "n_estimators": 82.9121750220696}, "datetime": {"datetime": "2021-09-29 15:42:02", "elapsed": 1037.270521, "delta": 3.35019}}
{"target": -42.733734341164755, "params": {"eta": 0.2849835001165978, "max_depth": 9.409742836868235, "n_estimators": 52.45463574485222}, "datetime": {"datetime": "2021-09-29 15:42:05", "elapsed": 1040.463365, "delta": 3.192844}}
{"target": -39.3245590523768, "params": {"eta": 0.14678600438336387, "max_depth": 25.703722539495292, "n_estimators": 34.54278885002584}, "datetime": {"datetime": "2021-09-29 15:42:09", "elapsed": 1044.018618, "delta": 3.555253}}
{"target": -37.40785884976334, "params": {"eta": 0.11554367303805571, "max_depth": 23.05313524933153, "n_estimators": 20.143719951535616}, "datetime": {"datetime": "2021-09-29 15:42:12", "elapsed": 1047.100406, "delta": 3.081788}}
{"target": -40.44403073662688, "params": {"eta": 0.34810209821088817, "max_depth": 4.782919863443599, "n_estimators": 42.5079678187797}, "datetime": {"datetime": "2021-09-29 15:42:16", "elapsed": 1051.886621, "delta": 4.786215}}
{"target": -41.04360203090898, "params": {"eta": 0.47423229831011454, "max_depth": 15.60062851228907, "n_estimators": 52.44060418310247}, "datetime": {"datetime": "2021-09-29 15:42:20", "elapsed": 1055.579983, "delta": 3.693362}}
{"target": -42.612962262316614, "params": {"eta": 0.41405429756982626, "max_depth": 11.24610588577595, "n_estimators": 58.84971947916543}, "datetime": {"datetime": "2021-09-29 15:42:23", "elapsed": 1058.877683, "delta": 3.2977}}
{"target": -43.872421654786635, "params": {"eta": 0.4754467368984186, "max_depth": 6.442133159774049, "n_estimators": 27.763967900587687}, "datetime": {"datetime": "2021-09-29 15:42:27", "elapsed": 1062.119311, "delta": 3.241628}}
