{"target": 0.2937056886374083, "params": {"eta": 0.01269483998601904, "max_depth": 1.7875747939889337, "n_estimators": 144.68897732337985}, "datetime": {"datetime": "2021-09-24 13:32:43", "elapsed": 63.834831, "delta": 0.748574}}
{"target": 0.4185127898521499, "params": {"eta": 0.03260093298912672, "max_depth": 1.058823403480474, "n_estimators": 101.88106544237003}, "datetime": {"datetime": "2021-09-24 13:32:44", "elapsed": 64.404702, "delta": 0.569871}}
{"target": 0.4138048755405438, "params": {"eta": 0.4855648140094714, "max_depth": 1.0035920065190773, "n_estimators": 54.38146900686529}, "datetime": {"datetime": "2021-09-24 13:32:45", "elapsed": 65.278012, "delta": 0.87331}}
{"target": 0.42882160755298293, "params": {"eta": 0.32914522881301306, "max_depth": 1.9770382536717408, "n_estimators": 144.20336374099693}, "datetime": {"datetime": "2021-09-24 13:32:46", "elapsed": 66.056937, "delta": 0.778925}}
{"target": 0.0027827007490218714, "params": {"eta": 0.008, "max_depth": 2.0485822126921116, "n_estimators": 144.07759510933946}, "datetime": {"datetime": "2021-09-24 13:32:46", "elapsed": 66.861824, "delta": 0.804887}}
{"target": 0.4118642295102175, "params": {"eta": 0.3197850040940378, "max_depth": 1.587613548566661, "n_estimators": 144.32088757513912}, "datetime": {"datetime": "2021-09-24 13:32:47", "elapsed": 67.471825, "delta": 0.610001}}
{"target": 0.45527761379089327, "params": {"eta": 0.3820888157151404, "max_depth": 1.7517474934748385, "n_estimators": 53.975074746045046}, "datetime": {"datetime": "2021-09-24 13:32:48", "elapsed": 68.184073, "delta": 0.712248}}
{"target": 0.4366012473525953, "params": {"eta": 0.07993805128827347, "max_depth": 1.6505096822955623, "n_estimators": 53.78835863488405}, "datetime": {"datetime": "2021-09-24 13:32:48", "elapsed": 68.791691, "delta": 0.607618}}
{"target": 0.4417189106223308, "params": {"eta": 0.14533907981997235, "max_depth": 1.4143356015512107, "n_estimators": 54.0699645660508}, "datetime": {"datetime": "2021-09-24 13:32:49", "elapsed": 69.431027, "delta": 0.639336}}
{"target": 0.4618021802582971, "params": {"eta": 0.34021201317920263, "max_depth": 1.4486419279035128, "n_estimators": 53.658018629492744}, "datetime": {"datetime": "2021-09-24 13:32:50", "elapsed": 70.382802, "delta": 0.951775}}
{"target": 0.4633264551874051, "params": {"eta": 0.3293225542080413, "max_depth": 1.7998313285655876, "n_estimators": 53.62836108195026}, "datetime": {"datetime": "2021-09-24 13:32:51", "elapsed": 71.107729, "delta": 0.724927}}
{"target": 0.3309159173117291, "params": {"eta": 0.45881966736084134, "max_depth": 2.047854841108588, "n_estimators": 53.788410831557485}, "datetime": {"datetime": "2021-09-24 13:32:51", "elapsed": 71.859878, "delta": 0.752149}}
{"target": 0.45383931749899387, "params": {"eta": 0.21176056504244586, "max_depth": 1.152258299419129, "n_estimators": 53.806508142242514}, "datetime": {"datetime": "2021-09-24 13:32:52", "elapsed": 72.486055, "delta": 0.626177}}
{"target": 0.45167838751043754, "params": {"eta": 0.2339750132522896, "max_depth": 1.66256122663119, "n_estimators": 53.33294934543672}, "datetime": {"datetime": "2021-09-24 13:32:53", "elapsed": 73.213918, "delta": 0.727863}}
{"target": 0.45946570155843647, "params": {"eta": 0.05603477214817571, "max_depth": 2.532672089624987, "n_estimators": 93.13099810093888}, "datetime": {"datetime": "2021-09-24 13:32:53", "elapsed": 73.744919, "delta": 0.531001}}
{"target": 0.4481843619361854, "params": {"eta": 0.15826999440478148, "max_depth": 1.3014826716961814, "n_estimators": 53.363441676593105}, "datetime": {"datetime": "2021-09-24 13:32:54", "elapsed": 74.435701, "delta": 0.690782}}
{"target": 0.45574687446931605, "params": {"eta": 0.38320212841373047, "max_depth": 1.4373342599632848, "n_estimators": 53.213062654286766}, "datetime": {"datetime": "2021-09-24 13:32:55", "elapsed": 75.358845, "delta": 0.923144}}
{"target": 0.30001821832652975, "params": {"eta": 0.44087004999170926, "max_depth": 2.4879400339773126, "n_estimators": 92.93192928919959}, "datetime": {"datetime": "2021-09-24 13:32:55", "elapsed": 75.893753, "delta": 0.534908}}
{"target": 0.41854328025111365, "params": {"eta": 0.46014284447990067, "max_depth": 1.656944581558084, "n_estimators": 53.42250191921203}, "datetime": {"datetime": "2021-09-24 13:32:56", "elapsed": 76.701132, "delta": 0.807379}}
{"target": 0.4164148141602946, "params": {"eta": 0.4754198576370916, "max_depth": 1.0859672704498033, "n_estimators": 53.695234605969155}, "datetime": {"datetime": "2021-09-24 13:32:57", "elapsed": 77.464426, "delta": 0.763294}}
{"target": 0.4450278274145766, "params": {"eta": 0.41768294684024315, "max_depth": 1.198893734757792, "n_estimators": 53.363098340755265}, "datetime": {"datetime": "2021-09-24 13:32:58", "elapsed": 78.156658, "delta": 0.692232}}
{"target": 0.4123857982694279, "params": {"eta": 0.49682197338504636, "max_depth": 1.489038369192339, "n_estimators": 54.63528520457}, "datetime": {"datetime": "2021-09-24 13:32:58", "elapsed": 78.8896, "delta": 0.732942}}
{"target": 0.3676992719118992, "params": {"eta": 0.04297075644294455, "max_depth": 1.4195672982365906, "n_estimators": 53.58543710672161}, "datetime": {"datetime": "2021-09-24 13:32:59", "elapsed": 79.597618, "delta": 0.708018}}
{"target": 0.4364846011339194, "params": {"eta": 0.08094244441330065, "max_depth": 1.4722148120503478, "n_estimators": 53.05711388687633}, "datetime": {"datetime": "2021-09-24 13:33:00", "elapsed": 80.478008, "delta": 0.88039}}
{"target": 0.44649655433188573, "params": {"eta": 0.26741669888731945, "max_depth": 1.0636566023147416, "n_estimators": 53.086353155750885}, "datetime": {"datetime": "2021-09-24 13:33:01", "elapsed": 81.319969, "delta": 0.841961}}
{"target": 0.4574661499235536, "params": {"eta": 0.368798650477086, "max_depth": 1.3223661020138684, "n_estimators": 52.87984481416814}, "datetime": {"datetime": "2021-09-24 13:33:02", "elapsed": 82.314965, "delta": 0.994996}}
{"target": 0.44990114949190774, "params": {"eta": 0.31497812496473504, "max_depth": 1.6943779043377885, "n_estimators": 53.036343083818394}, "datetime": {"datetime": "2021-09-24 13:33:03", "elapsed": 83.058964, "delta": 0.743999}}
{"target": 0.39189845458811823, "params": {"eta": 0.04995374789568091, "max_depth": 1.2071121261163174, "n_estimators": 52.82036461020802}, "datetime": {"datetime": "2021-09-24 13:33:03", "elapsed": 83.831294, "delta": 0.77233}}
{"target": 0.44366908975313724, "params": {"eta": 0.2784534582644731, "max_depth": 1.5516469319361959, "n_estimators": 52.61962914810023}, "datetime": {"datetime": "2021-09-24 13:33:04", "elapsed": 84.679169, "delta": 0.847875}}
{"target": 0.3652406429259475, "params": {"eta": 0.48439510158493726, "max_depth": 1.7371668997326946, "n_estimators": 147.42584430864983}, "datetime": {"datetime": "2021-09-24 13:33:05", "elapsed": 85.293176, "delta": 0.614007}}
{"target": 0.4267291697285489, "params": {"eta": 0.3256114079676501, "max_depth": 1.6340347659795673, "n_estimators": 122.05005218939199}, "datetime": {"datetime": "2021-09-24 13:33:05", "elapsed": 85.877168, "delta": 0.583992}}
{"target": 0.3865789923321242, "params": {"eta": 0.48747969930789187, "max_depth": 1.397436201564113, "n_estimators": 95.71795879609175}, "datetime": {"datetime": "2021-09-24 13:33:06", "elapsed": 86.484167, "delta": 0.606999}}
{"target": 0.4479207780030652, "params": {"eta": 0.17816009236469277, "max_depth": 1.9964289186819468, "n_estimators": 53.40172758595566}, "datetime": {"datetime": "2021-09-24 13:33:07", "elapsed": 87.181171, "delta": 0.697004}}
{"target": 0.41238025261037947, "params": {"eta": 0.05659176908621461, "max_depth": 1.0125846296195562, "n_estimators": 53.44875618470487}, "datetime": {"datetime": "2021-09-24 13:33:08", "elapsed": 88.207166, "delta": 1.025995}}
{"target": 0.35505399766154844, "params": {"eta": 0.2648049209883542, "max_depth": 2.590092002156651, "n_estimators": 101.03813252533038}, "datetime": {"datetime": "2021-09-24 13:33:08", "elapsed": 88.833175, "delta": 0.626009}}
{"target": 0.3222391757822086, "params": {"eta": 0.38351003916090587, "max_depth": 2.083545065212653, "n_estimators": 53.09436129445908}, "datetime": {"datetime": "2021-09-24 13:33:09", "elapsed": 89.843741, "delta": 1.010566}}
{"target": 0.33397775717203426, "params": {"eta": 0.019607901303444423, "max_depth": 2.269492627557921, "n_estimators": 93.33765954473772}, "datetime": {"datetime": "2021-09-24 13:33:10", "elapsed": 90.92314, "delta": 1.079399}}
{"target": 0.37852575446427816, "params": {"eta": 0.017992034340447063, "max_depth": 1.0125187462934837, "n_estimators": 135.975157741509}, "datetime": {"datetime": "2021-09-24 13:33:11", "elapsed": 92.003137, "delta": 1.079997}}
{"target": 0.4456848787788562, "params": {"eta": 0.16335488446392488, "max_depth": 1.4531073710386815, "n_estimators": 123.59745871833113}, "datetime": {"datetime": "2021-09-24 13:33:12", "elapsed": 93.035251, "delta": 1.032114}}
{"target": 0.38652624439148464, "params": {"eta": 0.45979925975817915, "max_depth": 1.302489781460135, "n_estimators": 123.49632512519632}, "datetime": {"datetime": "2021-09-24 13:33:14", "elapsed": 94.157836, "delta": 1.122585}}
{"target": 0.4063653608837623, "params": {"eta": 0.5, "max_depth": 1.5958642333912012, "n_estimators": 52.81927502606368}, "datetime": {"datetime": "2021-09-24 13:33:15", "elapsed": 95.62456, "delta": 1.466724}}
{"target": 0.4281631028222673, "params": {"eta": 0.030662429454855835, "max_depth": 1.4511243505267433, "n_estimators": 123.89670013923832}, "datetime": {"datetime": "2021-09-24 13:33:16", "elapsed": 96.7721, "delta": 1.14754}}
{"target": -0.5510500705137835, "params": {"eta": 0.008, "max_depth": 2.839611462812303, "n_estimators": 93.18960079075639}, "datetime": {"datetime": "2021-09-24 13:33:17", "elapsed": 97.906012, "delta": 1.133912}}
{"target": 0.026413271443061714, "params": {"eta": 0.02294040946210111, "max_depth": 1.9098605241865332, "n_estimators": 53.64417256066184}, "datetime": {"datetime": "2021-09-24 13:33:19", "elapsed": 99.198275, "delta": 1.292263}}
{"target": 0.4471960402322003, "params": {"eta": 0.1379975725210324, "max_depth": 1.1453032008781083, "n_estimators": 81.97894636680073}, "datetime": {"datetime": "2021-09-24 13:33:19", "elapsed": 100.01496, "delta": 0.816685}}
{"target": 0.2860252969520223, "params": {"eta": 0.30598980668874964, "max_depth": 2.430378732744839, "n_estimators": 110.27633760716438}, "datetime": {"datetime": "2021-09-24 13:33:22", "elapsed": 0.0, "delta": 0.0}}
{"target": 0.42135582413410433, "params": {"eta": 0.30429976868866565, "max_depth": 1.8473095986778094, "n_estimators": 114.58941130666561}, "datetime": {"datetime": "2021-09-24 13:33:23", "elapsed": 0.118998, "delta": 0.118998}}
{"target": 0.3092144430709416, "params": {"eta": 0.2581625008429578, "max_depth": 2.7835460015641598, "n_estimators": 146.36627605010293}, "datetime": {"datetime": "2021-09-24 13:33:23", "elapsed": 0.314, "delta": 0.195002}}
{"target": 0.3515520271488326, "params": {"eta": 0.2348798530950844, "max_depth": 2.583450076165329, "n_estimators": 102.88949197529044}, "datetime": {"datetime": "2021-09-24 13:33:23", "elapsed": 0.456, "delta": 0.142}}
{"target": 0.3355730197327942, "params": {"eta": 0.3142591612703909, "max_depth": 2.851193276585322, "n_estimators": 57.1036058197887}, "datetime": {"datetime": "2021-09-24 13:33:23", "elapsed": 0.538998, "delta": 0.082998}}
{"target": 0.44416840685457193, "params": {"eta": 0.1407306405571405, "max_depth": 1.9823435773407072, "n_estimators": 114.67925704981266}, "datetime": {"datetime": "2021-09-24 13:33:23", "elapsed": 0.745998, "delta": 0.207}}
{"target": 0.3894914814334439, "params": {"eta": 0.15213289573381777, "max_depth": 2.5958229295465207, "n_estimators": 115.09926470338512}, "datetime": {"datetime": "2021-09-24 13:33:23", "elapsed": 0.992997, "delta": 0.246999}}
{"target": 0.4490088451571904, "params": {"eta": 0.08507571852876102, "max_depth": 1.5303080485238003, "n_estimators": 115.3235216571792}, "datetime": {"datetime": "2021-09-24 13:33:24", "elapsed": 1.254922, "delta": 0.261925}}
{"target": 0.44451627010728767, "params": {"eta": 0.21299916917614894, "max_depth": 1.0442191632957638, "n_estimators": 116.03742350065058}, "datetime": {"datetime": "2021-09-24 13:33:24", "elapsed": 1.51673, "delta": 0.261808}}
{"target": 0.4439473579450015, "params": {"eta": 0.17847216207987457, "max_depth": 1.8796197856790149, "n_estimators": 116.63966500569933}, "datetime": {"datetime": "2021-09-24 13:33:24", "elapsed": 1.801732, "delta": 0.285002}}
{"target": 0.40768767051001364, "params": {"eta": 0.4226434606759083, "max_depth": 1.0281770369792549, "n_estimators": 117.58738822195333}, "datetime": {"datetime": "2021-09-24 13:33:25", "elapsed": 2.084857, "delta": 0.283125}}
{"target": 0.40659974765540374, "params": {"eta": 0.12071172644666138, "max_depth": 2.7595180735752667, "n_estimators": 117.52297969680534}, "datetime": {"datetime": "2021-09-24 13:33:25", "elapsed": 2.390863, "delta": 0.306006}}
{"target": 0.44779880055319354, "params": {"eta": 0.07076257119111941, "max_depth": 2.3664970012054876, "n_estimators": 113.38564778854706}, "datetime": {"datetime": "2021-09-24 13:33:25", "elapsed": 2.707857, "delta": 0.316994}}
{"target": 0.44837739938447463, "params": {"eta": 0.07, "max_depth": 1.3741712528569279, "n_estimators": 112.87776824577396}, "datetime": {"datetime": "2021-09-24 13:33:26", "elapsed": 3.044461, "delta": 0.336604}}
{"target": 0.23812342646704365, "params": {"eta": 0.4848715435532781, "max_depth": 2.284631072079315, "n_estimators": 112.42811356658291}, "datetime": {"datetime": "2021-09-24 13:33:26", "elapsed": 3.368733, "delta": 0.324272}}
{"target": 0.409452066092696, "params": {"eta": 0.13442483648317258, "max_depth": 2.5959014114644656, "n_estimators": 115.143707692255}, "datetime": {"datetime": "2021-09-24 13:33:26", "elapsed": 3.612729, "delta": 0.243996}}
{"target": 0.37072549601811355, "params": {"eta": 0.29496287429767987, "max_depth": 2.1622808773124786, "n_estimators": 63.63187980801636}, "datetime": {"datetime": "2021-09-24 13:33:26", "elapsed": 3.803734, "delta": 0.191005}}
{"target": 0.44951051247419505, "params": {"eta": 0.09220416675943284, "max_depth": 1.5810659289646085, "n_estimators": 114.91834816405093}, "datetime": {"datetime": "2021-09-24 13:33:27", "elapsed": 4.135947, "delta": 0.332213}}
{"target": 0.3815506702582575, "params": {"eta": 0.18054713027355881, "max_depth": 2.4444596608307423, "n_estimators": 147.50836706615559}, "datetime": {"datetime": "2021-09-24 13:33:27", "elapsed": 4.421943, "delta": 0.285996}}
{"target": 0.4400390244025608, "params": {"eta": 0.14134960544000275, "max_depth": 1.7505209197619938, "n_estimators": 136.17583612518808}, "datetime": {"datetime": "2021-09-24 13:33:27", "elapsed": 4.663941, "delta": 0.241998}}
{"target": 0.42956166392403705, "params": {"eta": 0.4459086624615704, "max_depth": 1.3632003726061335, "n_estimators": 54.319080160947244}, "datetime": {"datetime": "2021-09-24 13:33:27", "elapsed": 4.841944, "delta": 0.178003}}
{"target": 0.35570549839073484, "params": {"eta": 0.29190768680862145, "max_depth": 2.8153807386945155, "n_estimators": 92.02719093629847}, "datetime": {"datetime": "2021-09-24 13:33:28", "elapsed": 5.063082, "delta": 0.221138}}
{"target": 0.43715881056286576, "params": {"eta": 0.24782037426832287, "max_depth": 1.7984121799992083, "n_estimators": 115.14022911604364}, "datetime": {"datetime": "2021-09-24 13:33:28", "elapsed": 5.332328, "delta": 0.269246}}
{"target": 0.40425656665749476, "params": {"eta": 0.13770617620471173, "max_depth": 2.6263711069557827, "n_estimators": 115.5547728022326}, "datetime": {"datetime": "2021-09-24 13:33:28", "elapsed": 5.665327, "delta": 0.332999}}
{"target": 0.23506453813623818, "params": {"eta": 0.39443595424357186, "max_depth": 2.623822011321398, "n_estimators": 146.68931928748577}, "datetime": {"datetime": "2021-09-24 13:33:28", "elapsed": 5.985921, "delta": 0.320594}}
{"target": 0.4452754404107915, "params": {"eta": 0.16630169391108218, "max_depth": 1.5593034511728185, "n_estimators": 116.15419588950613}, "datetime": {"datetime": "2021-09-24 13:33:29", "elapsed": 6.415572, "delta": 0.429651}}
{"target": 0.44862219320647934, "params": {"eta": 0.1510075979698846, "max_depth": 1.181942325857831, "n_estimators": 83.77963583570943}, "datetime": {"datetime": "2021-09-24 13:33:29", "elapsed": 6.633571, "delta": 0.217999}}
{"target": 0.3586987333397924, "params": {"eta": 0.25272113499269044, "max_depth": 2.952834758873951, "n_estimators": 110.50976028851667}, "datetime": {"datetime": "2021-09-24 13:33:29", "elapsed": 7.021572, "delta": 0.388001}}
{"target": 0.4521299643041786, "params": {"eta": 0.21022262969609615, "max_depth": 1.4043119139640265, "n_estimators": 99.67640688317533}, "datetime": {"datetime": "2021-09-24 13:33:30", "elapsed": 7.26057, "delta": 0.238998}}
{"target": 0.4496162734939677, "params": {"eta": 0.0846189069996858, "max_depth": 1.2233707655952368, "n_estimators": 116.54647102915374}, "datetime": {"datetime": "2021-09-24 13:33:30", "elapsed": 7.642572, "delta": 0.382002}}
{"target": 0.3961944523733508, "params": {"eta": 0.24931946202210684, "max_depth": 2.440648986884316, "n_estimators": 50.01143748173449}, "datetime": {"datetime": "2021-09-24 13:33:34", "elapsed": 0.0, "delta": 0.0}}
{"target": 0.448322539040527, "params": {"eta": 0.2000030062316911, "max_depth": 1.293511781634226, "n_estimators": 59.23385947687978}, "datetime": {"datetime": "2021-09-24 13:33:34", "elapsed": 0.099003, "delta": 0.099003}}
{"target": 0.4461304947779736, "params": {"eta": 0.1500918908923985, "max_depth": 1.6911214540860955, "n_estimators": 89.67674742306698}, "datetime": {"datetime": "2021-09-24 13:33:34", "elapsed": 0.194007, "delta": 0.095004}}
{"target": 0.41325939186068095, "params": {"eta": 0.30169119562144353, "max_depth": 1.8383890288065896, "n_estimators": 118.52195003967594}, "datetime": {"datetime": "2021-09-24 13:33:34", "elapsed": 0.310998, "delta": 0.116991}}
{"target": 0.43271369345384314, "params": {"eta": 0.1579144673845525, "max_depth": 2.756234872781891, "n_estimators": 52.738759319792614}, "datetime": {"datetime": "2021-09-24 13:33:34", "elapsed": 0.385002, "delta": 0.074004}}
{"target": 0.3339669535719044, "params": {"eta": 0.23161136372866334, "max_depth": 2.579757070052051, "n_estimators": 127.44469020952874}, "datetime": {"datetime": "2021-09-24 13:33:34", "elapsed": 0.635001, "delta": 0.249999}}
{"target": 0.3590983598631524, "params": {"eta": 0.29888810573648944, "max_depth": 2.574768017605836, "n_estimators": 67.48997747807479}, "datetime": {"datetime": "2021-09-24 13:33:34", "elapsed": 0.860005, "delta": 0.225004}}
{"target": 0.42043742095277314, "params": {"eta": 0.3262131113769404, "max_depth": 1.5220498166013368, "n_estimators": 124.67289560170873}, "datetime": {"datetime": "2021-09-24 13:33:35", "elapsed": 1.099003, "delta": 0.238998}}
{"target": 0.4449749656521895, "params": {"eta": 0.16783139324200788, "max_depth": 1.3111799947764349, "n_estimators": 144.73034510771674}, "datetime": {"datetime": "2021-09-24 13:33:35", "elapsed": 1.356001, "delta": 0.256998}}
{"target": 0.30708621981707596, "params": {"eta": 0.3822901023089247, "max_depth": 2.457224027701384, "n_estimators": 69.46880315822753}, "datetime": {"datetime": "2021-09-24 13:33:35", "elapsed": 1.552001, "delta": 0.196}}
{"target": 0.45032217661994256, "params": {"eta": 0.18602143437882324, "max_depth": 1.808317859992331, "n_estimators": 56.9729727685867}, "datetime": {"datetime": "2021-09-24 13:33:36", "elapsed": 2.029521, "delta": 0.47752}}
{"target": 0.42088423283395593, "params": {"eta": 0.30128856561165396, "max_depth": 1.9822402096759246, "n_estimators": 93.05614863880996}, "datetime": {"datetime": "2021-09-24 13:33:36", "elapsed": 2.468525, "delta": 0.439004}}
{"target": 0.23225812574617866, "params": {"eta": 0.5, "max_depth": 3.0, "n_estimators": 86.40854365442078}, "datetime": {"datetime": "2021-09-24 13:33:36", "elapsed": 2.916994, "delta": 0.448469}}
{"target": 0.42811821144149853, "params": {"eta": 0.07, "max_depth": 3.0, "n_estimators": 58.515172883705844}, "datetime": {"datetime": "2021-09-24 13:33:37", "elapsed": 3.316178, "delta": 0.399184}}
{"target": 0.438521987948139, "params": {"eta": 0.29045729727632785, "max_depth": 1.0354634348599232, "n_estimators": 54.63659514560023}, "datetime": {"datetime": "2021-09-24 13:33:37", "elapsed": 3.729178, "delta": 0.413}}
{"target": 0.4182664193673086, "params": {"eta": 0.36626287177778266, "max_depth": 1.0121315949395164, "n_estimators": 147.89587589552357}, "datetime": {"datetime": "2021-09-24 13:33:38", "elapsed": 4.316676, "delta": 0.587498}}
{"target": 0.21377123323583358, "params": {"eta": 0.5, "max_depth": 3.0, "n_estimators": 141.9696232113196}, "datetime": {"datetime": "2021-09-24 13:33:38", "elapsed": 4.899498, "delta": 0.582822}}
{"target": 0.24657686135381396, "params": {"eta": 0.5, "max_depth": 3.0, "n_estimators": 55.21397018586492}, "datetime": {"datetime": "2021-09-24 13:33:39", "elapsed": 5.233076, "delta": 0.333578}}
{"target": 0.43888961192735365, "params": {"eta": 0.15516440540926496, "max_depth": 2.320415543579273, "n_estimators": 57.451492733185674}, "datetime": {"datetime": "2021-09-24 13:33:39", "elapsed": 5.606074, "delta": 0.372998}}
{"target": 0.4623077469075586, "params": {"eta": 0.36183411314140546, "max_depth": 1.0868466050837193, "n_estimators": 57.95672354629045}, "datetime": {"datetime": "2021-09-24 13:33:40", "elapsed": 6.03491, "delta": 0.428836}}
{"target": 0.4299297566997722, "params": {"eta": 0.07, "max_depth": 1.0, "n_estimators": 52.54535819009178}, "datetime": {"datetime": "2021-09-24 13:33:40", "elapsed": 6.372893, "delta": 0.337983}}
{"target": 0.36559426578345855, "params": {"eta": 0.2680942342806768, "max_depth": 2.951836284148648, "n_estimators": 90.87105299075087}, "datetime": {"datetime": "2021-09-24 13:33:40", "elapsed": 6.830893, "delta": 0.458}}
