{"target": 0.45268027172878, "params": {"eta": 0.4, "max_depth": 1.915872168843416, "n_estimators": 27.56934303968511}, "datetime": {"datetime": "2021-09-24 13:06:41", "elapsed": 21.93477, "delta": 0.429612}}
{"target": 0.44741635239698185, "params": {"eta": 0.4, "max_depth": 1.8612246831474821, "n_estimators": 11.002454235465054}, "datetime": {"datetime": "2021-09-24 13:06:42", "elapsed": 22.335386, "delta": 0.400616}}
{"target": 0.40868215046563716, "params": {"eta": 0.8, "max_depth": 1.5424902002674992, "n_estimators": 17.080105326447264}, "datetime": {"datetime": "2021-09-24 13:06:42", "elapsed": 22.716589, "delta": 0.381203}}
{"target": 0.45721247856805414, "params": {"eta": 0.4, "max_depth": 1.0, "n_estimators": 38.550306298321246}, "datetime": {"datetime": "2021-09-24 13:06:43", "elapsed": 23.111316, "delta": 0.394727}}
{"target": 0.4434253675581168, "params": {"eta": 0.4, "max_depth": 1.600110494872016, "n_estimators": 13.494915514257277}, "datetime": {"datetime": "2021-09-24 13:06:43", "elapsed": 23.539319, "delta": 0.428003}}
{"target": 0.3932412292129017, "params": {"eta": 0.7516409552516284, "max_depth": 1.0097617865559891, "n_estimators": 49.03621426511943}, "datetime": {"datetime": "2021-09-24 13:06:44", "elapsed": 23.997318, "delta": 0.457999}}
{"target": 0.4518742725114784, "params": {"eta": 0.4, "max_depth": 1.0, "n_estimators": 35.295591140087566}, "datetime": {"datetime": "2021-09-24 13:06:44", "elapsed": 24.402795, "delta": 0.405477}}
{"target": 0.4536149829893361, "params": {"eta": 0.4, "max_depth": 1.7321697693948404, "n_estimators": 26.63047017016957}, "datetime": {"datetime": "2021-09-24 13:06:44", "elapsed": 24.803793, "delta": 0.400998}}
{"target": 0.4444087408972611, "params": {"eta": 0.40083685115270007, "max_depth": 2.1471077964118157, "n_estimators": 21.8868107033992}, "datetime": {"datetime": "2021-09-24 13:06:45", "elapsed": 25.203102, "delta": 0.399309}}
{"target": 0.4052853798845927, "params": {"eta": 0.7809863205567624, "max_depth": 1.529596844573677, "n_estimators": 10.49922970775648}, "datetime": {"datetime": "2021-09-24 13:06:45", "elapsed": 25.661104, "delta": 0.458002}}
{"target": 0.4447936393117713, "params": {"eta": 0.4, "max_depth": 1.8430441616058277, "n_estimators": 16.092622227428212}, "datetime": {"datetime": "2021-09-24 13:06:46", "elapsed": 26.044104, "delta": 0.383}}
{"target": 0.4257291502492988, "params": {"eta": 0.4, "max_depth": 2.313682129811339, "n_estimators": 28.302626102453818}, "datetime": {"datetime": "2021-09-24 13:06:46", "elapsed": 26.474004, "delta": 0.4299}}
{"target": 0.45570003041173013, "params": {"eta": 0.4, "max_depth": 1.0, "n_estimators": 21.61327447214283}, "datetime": {"datetime": "2021-09-24 13:06:46", "elapsed": 26.910564, "delta": 0.43656}}
{"target": 0.4522828397277592, "params": {"eta": 0.4, "max_depth": 1.753716838099296, "n_estimators": 24.63217951977908}, "datetime": {"datetime": "2021-09-24 13:06:47", "elapsed": 27.290539, "delta": 0.379975}}
{"target": 0.45268027172878, "params": {"eta": 0.4, "max_depth": 1.0, "n_estimators": 27.17244886628121}, "datetime": {"datetime": "2021-09-24 13:06:47", "elapsed": 27.694539, "delta": 0.404}}
{"target": 0.4354781667284049, "params": {"eta": 0.433806569054465, "max_depth": 1.0072124164786918, "n_estimators": 13.493649662459049}, "datetime": {"datetime": "2021-09-24 13:06:48", "elapsed": 28.126537, "delta": 0.431998}}
{"target": 0.4167980054209097, "params": {"eta": 0.4, "max_depth": 3.0, "n_estimators": 9.6010685846364}, "datetime": {"datetime": "2021-09-24 13:06:48", "elapsed": 28.534486, "delta": 0.407949}}
{"target": 0.4530981800160505, "params": {"eta": 0.4, "max_depth": 1.769389902119003, "n_estimators": 29.917186178988384}, "datetime": {"datetime": "2021-09-24 13:06:49", "elapsed": 29.054692, "delta": 0.520206}}
{"target": 0.45497532325005596, "params": {"eta": 0.4, "max_depth": 1.0, "n_estimators": 42.76883546304813}, "datetime": {"datetime": "2021-09-24 13:06:49", "elapsed": 29.560742, "delta": 0.50605}}
{"target": 0.45497532325005596, "params": {"eta": 0.4, "max_depth": 1.5777399771816274, "n_estimators": 42.62399183381606}, "datetime": {"datetime": "2021-09-24 13:06:50", "elapsed": 29.995739, "delta": 0.434997}}
{"target": 0.4455086051135385, "params": {"eta": 0.4016556001603479, "max_depth": 1.0351446603112695, "n_estimators": 18.475440646552492}, "datetime": {"datetime": "2021-09-24 13:06:50", "elapsed": 30.502563, "delta": 0.506824}}
{"target": 0.4515460692637455, "params": {"eta": 0.4, "max_depth": 1.9745163485609358, "n_estimators": 19.427766538748994}, "datetime": {"datetime": "2021-09-24 13:06:51", "elapsed": 30.983566, "delta": 0.481003}}
{"target": 0.41001073389304477, "params": {"eta": 0.7838260079605721, "max_depth": 1.0361349636154276, "n_estimators": 42.43703168278949}, "datetime": {"datetime": "2021-09-24 13:06:51", "elapsed": 31.399535, "delta": 0.415969}}
{"target": 0.45651527203478914, "params": {"eta": 0.4, "max_depth": 1.645258873573292, "n_estimators": 43.49827680496611}, "datetime": {"datetime": "2021-09-24 13:06:51", "elapsed": 31.889704, "delta": 0.490169}}
{"target": 0.45532830403458424, "params": {"eta": 0.4, "max_depth": 1.0, "n_estimators": 40.0003177153902}, "datetime": {"datetime": "2021-09-24 13:06:52", "elapsed": 32.397511, "delta": 0.507807}}
{"target": 0.4554630700830077, "params": {"eta": 0.4, "max_depth": 1.0, "n_estimators": 44.27741364116218}, "datetime": {"datetime": "2021-09-24 13:06:52", "elapsed": 32.925512, "delta": 0.528001}}
{"target": 0.45824871981030113, "params": {"eta": 0.41027456240112836, "max_depth": 1.4750810908971745, "n_estimators": 44.27677041972514}, "datetime": {"datetime": "2021-09-24 13:06:53", "elapsed": 33.422516, "delta": 0.497004}}
{"target": 0.4586401916454298, "params": {"eta": 0.4, "max_depth": 1.0, "n_estimators": 39.30651570364704}, "datetime": {"datetime": "2021-09-24 13:06:53", "elapsed": 33.950515, "delta": 0.527999}}
{"target": 0.4436906233316805, "params": {"eta": 0.4, "max_depth": 1.6682135032433878, "n_estimators": 12.603603654635606}, "datetime": {"datetime": "2021-09-24 13:06:54", "elapsed": 34.413665, "delta": 0.46315}}
{"target": 0.45268027172878, "params": {"eta": 0.4, "max_depth": 1.4183379809448946, "n_estimators": 27.79106786993453}, "datetime": {"datetime": "2021-09-24 13:06:54", "elapsed": 34.886665, "delta": 0.473}}
{"target": 0.4447936393117713, "params": {"eta": 0.4, "max_depth": 1.559456462867988, "n_estimators": 16.80395182280152}, "datetime": {"datetime": "2021-09-24 13:06:55", "elapsed": 35.339661, "delta": 0.452996}}
{"target": 0.45601260601657856, "params": {"eta": 0.4154138379155187, "max_depth": 2.768974776117868, "n_estimators": 17.076369250663788}, "datetime": {"datetime": "2021-09-24 13:06:55", "elapsed": 35.952663, "delta": 0.613002}}
{"target": 0.44107477372061743, "params": {"eta": 0.4, "max_depth": 2.264516225171199, "n_estimators": 17.437924797146255}, "datetime": {"datetime": "2021-09-24 13:06:56", "elapsed": 36.548666, "delta": 0.596003}}
{"target": 0.43335833995575423, "params": {"eta": 0.40310104190034207, "max_depth": 2.9918563231549236, "n_estimators": 21.78010387648752}, "datetime": {"datetime": "2021-09-24 13:06:57", "elapsed": 37.066001, "delta": 0.517335}}
{"target": 0.4394083840313938, "params": {"eta": 0.4, "max_depth": 2.45459764931833, "n_estimators": 16.63832606654817}, "datetime": {"datetime": "2021-09-24 13:06:57", "elapsed": 37.643047, "delta": 0.577046}}
{"target": 0.38228188675280517, "params": {"eta": 0.4, "max_depth": 3.0, "n_estimators": 5.584389051281801}, "datetime": {"datetime": "2021-09-24 13:06:58", "elapsed": 38.195045, "delta": 0.551998}}
{"target": 0.3795279702006914, "params": {"eta": 0.4, "max_depth": 2.1760360419215887, "n_estimators": 46.06552665337978}, "datetime": {"datetime": "2021-09-24 13:06:59", "elapsed": 39.126104, "delta": 0.931059}}
{"target": 0.4118597374868631, "params": {"eta": 0.8, "max_depth": 1.0, "n_estimators": 8.028485006933657}, "datetime": {"datetime": "2021-09-24 13:06:59", "elapsed": 39.843994, "delta": 0.71789}}
{"target": 0.42165573336229645, "params": {"eta": 0.41553999476674897, "max_depth": 2.985430017252936, "n_estimators": 34.469922219624074}, "datetime": {"datetime": "2021-09-24 13:07:00", "elapsed": 40.475924, "delta": 0.63193}}
{"target": 0.4492533029170458, "params": {"eta": 0.42683354326204953, "max_depth": 1.9025837443045661, "n_estimators": 33.29183804687807}, "datetime": {"datetime": "2021-09-24 13:07:01", "elapsed": 41.22671, "delta": 0.750786}}
{"target": 0.3751412179175204, "params": {"eta": 0.43465246611993247, "max_depth": 2.923411866356593, "n_estimators": 25.481019451600268}, "datetime": {"datetime": "2021-09-24 13:07:01", "elapsed": 41.877966, "delta": 0.651256}}
{"target": 0.26281350490675814, "params": {"eta": 0.8, "max_depth": 3.0, "n_estimators": 17.19727169238579}, "datetime": {"datetime": "2021-09-24 13:07:02", "elapsed": 42.711429, "delta": 0.833463}}
{"target": 0.3965063792850292, "params": {"eta": 0.7212128006892254, "max_depth": 1.0479216210106417, "n_estimators": 4.048668920110574}, "datetime": {"datetime": "2021-09-24 13:07:03", "elapsed": 43.206945, "delta": 0.495516}}
{"target": 0.31125542303879417, "params": {"eta": 0.8, "max_depth": 3.0, "n_estimators": 4.325401683016876}, "datetime": {"datetime": "2021-09-24 13:07:03", "elapsed": 43.746947, "delta": 0.540002}}
{"target": 0.3762654800137689, "params": {"eta": 0.4, "max_depth": 3.0, "n_estimators": 33.484083807381175}, "datetime": {"datetime": "2021-09-24 13:07:04", "elapsed": 44.272619, "delta": 0.525672}}
{"target": 0.40127542939859207, "params": {"eta": 0.8, "max_depth": 1.2318781630705287, "n_estimators": 33.19438945338157}, "datetime": {"datetime": "2021-09-24 13:07:04", "elapsed": 44.801248, "delta": 0.528629}}
{"target": 0.45014186076263407, "params": {"eta": 0.4, "max_depth": 1.0, "n_estimators": 46.610692629908094}, "datetime": {"datetime": "2021-09-24 13:07:05", "elapsed": 45.37724, "delta": 0.575992}}
{"target": 0.4001683286878637, "params": {"eta": 0.4132359218032903, "max_depth": 2.0372355976360597, "n_estimators": 35.6271425973659}, "datetime": {"datetime": "2021-09-24 13:07:06", "elapsed": 45.99624, "delta": 0.619}}
{"target": 0.4473396321817654, "params": {"eta": 0.4, "max_depth": 1.9471347304373665, "n_estimators": 8.863649275151985}, "datetime": {"datetime": "2021-09-24 13:07:06", "elapsed": 46.469478, "delta": 0.473238}}
{"target": 0.4127218362242344, "params": {"eta": 0.4, "max_depth": 1.9085502578272981, "n_estimators": 6.721363129142858}, "datetime": {"datetime": "2021-09-24 13:07:07", "elapsed": 46.997398, "delta": 0.52792}}
{"target": 0.19206628579220664, "params": {"eta": 0.7995390561991587, "max_depth": 2.620416935142729, "n_estimators": 22.98275301065128}, "datetime": {"datetime": "2021-09-24 13:07:07", "elapsed": 47.501605, "delta": 0.504207}}
{"target": 0.3594179830607829, "params": {"eta": 0.4, "max_depth": 3.0, "n_estimators": 39.17973016510393}, "datetime": {"datetime": "2021-09-24 13:07:08", "elapsed": 48.046604, "delta": 0.544999}}
{"target": 0.40510481551632826, "params": {"eta": 0.4089942473570437, "max_depth": 2.8381038105847143, "n_estimators": 42.76651535680545}, "datetime": {"datetime": "2021-09-24 13:07:08", "elapsed": 48.567226, "delta": 0.520622}}
{"target": 0.2345577313719691, "params": {"eta": 0.7936082001750581, "max_depth": 2.8173937814974908, "n_estimators": 19.239655205347805}, "datetime": {"datetime": "2021-09-24 13:07:09", "elapsed": 49.08284, "delta": 0.515614}}
{"target": 0.40836709806604277, "params": {"eta": 0.7860563247253602, "max_depth": 1.5982871889067, "n_estimators": 46.84512089537973}, "datetime": {"datetime": "2021-09-24 13:07:09", "elapsed": 49.545112, "delta": 0.462272}}
{"target": 0.45721247856805414, "params": {"eta": 0.4, "max_depth": 1.7894054389102059, "n_estimators": 38.22320399339766}, "datetime": {"datetime": "2021-09-24 13:07:10", "elapsed": 50.028114, "delta": 0.483002}}
{"target": 0.3118330994997567, "params": {"eta": 0.8, "max_depth": 2.204375345873021, "n_estimators": 9.357924310835857}, "datetime": {"datetime": "2021-09-24 13:07:10", "elapsed": 50.552542, "delta": 0.524428}}
{"target": 0.4142745214002541, "params": {"eta": 0.48410830010408956, "max_depth": 1.7874356031205305, "n_estimators": 7.92373912610111}, "datetime": {"datetime": "2021-09-24 13:07:11", "elapsed": 51.018541, "delta": 0.465999}}
{"target": 0.44847111838334075, "params": {"eta": 0.4, "max_depth": 1.6440345944335826, "n_estimators": 32.198450100113874}, "datetime": {"datetime": "2021-09-24 13:07:11", "elapsed": 51.608401, "delta": 0.58986}}
{"target": 0.4082048294243996, "params": {"eta": 0.8, "max_depth": 1.0, "n_estimators": 35.7727912643914}, "datetime": {"datetime": "2021-09-24 13:07:12", "elapsed": 52.086394, "delta": 0.477993}}
{"target": 0.45692182543761384, "params": {"eta": 0.4, "max_depth": 1.7676971724259944, "n_estimators": 30.756366636721935}, "datetime": {"datetime": "2021-09-24 13:07:12", "elapsed": 52.584637, "delta": 0.498243}}
{"target": 0.18115830281510248, "params": {"eta": 0.4, "max_depth": 1.0, "n_estimators": 3.0352747112652585}, "datetime": {"datetime": "2021-09-24 13:07:13", "elapsed": 53.057637, "delta": 0.473}}
{"target": 0.4503786906064656, "params": {"eta": 0.4, "max_depth": 1.4078700666299346, "n_estimators": 23.234034922008547}, "datetime": {"datetime": "2021-09-24 13:07:13", "elapsed": 53.620164, "delta": 0.562527}}
{"target": 0.4519262617307477, "params": {"eta": 0.4, "max_depth": 1.6652482461325415, "n_estimators": 22.41941037249373}, "datetime": {"datetime": "2021-09-24 13:07:14", "elapsed": 54.124171, "delta": 0.504007}}
{"target": 0.2349801348003704, "params": {"eta": 0.8, "max_depth": 3.0, "n_estimators": 35.28177590579019}, "datetime": {"datetime": "2021-09-24 13:07:14", "elapsed": 54.654135, "delta": 0.529964}}
{"target": 0.3013930942253116, "params": {"eta": 0.8, "max_depth": 2.142222425910658, "n_estimators": 13.168639695559692}, "datetime": {"datetime": "2021-09-24 13:07:15", "elapsed": 55.16684, "delta": 0.512705}}
{"target": 0.44741635239698185, "params": {"eta": 0.4, "max_depth": 1.5144561613583782, "n_estimators": 11.739491796132366}, "datetime": {"datetime": "2021-09-24 13:07:15", "elapsed": 55.729987, "delta": 0.563147}}
{"target": 0.44758244270096703, "params": {"eta": 0.4081727093733273, "max_depth": 1.2234694699931195, "n_estimators": 8.646321402669367}, "datetime": {"datetime": "2021-09-24 13:07:16", "elapsed": 56.261105, "delta": 0.531118}}
{"target": 0.3927441147520836, "params": {"eta": 0.42268980029908887, "max_depth": 2.622488396754206, "n_estimators": 30.178707293718695}, "datetime": {"datetime": "2021-09-24 13:07:16", "elapsed": 56.785091, "delta": 0.523986}}
{"target": 0.44343388534632855, "params": {"eta": 0.4, "max_depth": 1.7332207132020914, "n_estimators": 14.417450469096172}, "datetime": {"datetime": "2021-09-24 13:07:17", "elapsed": 57.287868, "delta": 0.502777}}
{"target": 0.4541630183912453, "params": {"eta": 0.4, "max_depth": 1.7017392669769604, "n_estimators": 37.31735263411284}, "datetime": {"datetime": "2021-09-24 13:07:17", "elapsed": 57.888357, "delta": 0.600489}}
{"target": 0.4586401916454298, "params": {"eta": 0.4, "max_depth": 1.8453759421056182, "n_estimators": 39.991856176595654}, "datetime": {"datetime": "2021-09-24 13:07:18", "elapsed": 58.419142, "delta": 0.530785}}
{"target": 0.45532830403458424, "params": {"eta": 0.4, "max_depth": 1.6519574869198745, "n_estimators": 40.77798789983205}, "datetime": {"datetime": "2021-09-24 13:07:18", "elapsed": 58.940143, "delta": 0.521001}}
{"target": 0.24390850256267493, "params": {"eta": 0.7393718352137203, "max_depth": 2.9991556910702255, "n_estimators": 45.60300964014842}, "datetime": {"datetime": "2021-09-24 13:07:19", "elapsed": 59.535143, "delta": 0.595}}
{"target": 0.4114571587695458, "params": {"eta": 0.8, "max_depth": 1.0, "n_estimators": 4.818192679693343}, "datetime": {"datetime": "2021-09-24 13:07:20", "elapsed": 60.181167, "delta": 0.646024}}
{"target": 0.11376341361990616, "params": {"eta": 0.8, "max_depth": 2.3121465789742106, "n_estimators": 43.44427834356128}, "datetime": {"datetime": "2021-09-24 13:07:20", "elapsed": 60.755166, "delta": 0.573999}}
{"target": 0.45547703962565733, "params": {"eta": 0.4, "max_depth": 1.8229784617443991, "n_estimators": 41.784628228645985}, "datetime": {"datetime": "2021-09-24 13:07:21", "elapsed": 61.343693, "delta": 0.588527}}
{"target": 0.40231922209083115, "params": {"eta": 0.7718063504305391, "max_depth": 1.4906402186794792, "n_estimators": 37.77566243583494}, "datetime": {"datetime": "2021-09-24 13:07:21", "elapsed": 61.842216, "delta": 0.498523}}
{"target": 0.45396497954065007, "params": {"eta": 0.4028798620490228, "max_depth": 1.9956609344380873, "n_estimators": 38.930157729479255}, "datetime": {"datetime": "2021-09-24 13:07:22", "elapsed": 62.360218, "delta": 0.518002}}
{"target": 0.1762403532427178, "params": {"eta": 0.8, "max_depth": 2.3285123748478234, "n_estimators": 26.37886890801128}, "datetime": {"datetime": "2021-09-24 13:07:22", "elapsed": 62.912215, "delta": 0.551997}}
{"target": 0.45079089692613894, "params": {"eta": 0.42251302435177673, "max_depth": 1.6574695894404528, "n_estimators": 36.50273913308019}, "datetime": {"datetime": "2021-09-24 13:07:23", "elapsed": 63.517842, "delta": 0.605627}}
{"target": 0.2677994964251531, "params": {"eta": 0.7907818557077784, "max_depth": 2.933670416708533, "n_estimators": 27.827843928810367}, "datetime": {"datetime": "2021-09-24 13:07:24", "elapsed": 64.050848, "delta": 0.533006}}
{"target": 0.40018803991343, "params": {"eta": 0.7873093597088936, "max_depth": 1.0181100675155765, "n_estimators": 14.20391601394598}, "datetime": {"datetime": "2021-09-24 13:07:24", "elapsed": 64.628845, "delta": 0.577997}}
{"target": 0.44026689177447087, "params": {"eta": 0.40773644967728795, "max_depth": 2.487294652083281, "n_estimators": 24.806170880064666}, "datetime": {"datetime": "2021-09-24 13:07:25", "elapsed": 65.346878, "delta": 0.718033}}
{"target": 0.46057239609060796, "params": {"eta": 0.4144052779320988, "max_depth": 2.1269889650803, "n_estimators": 15.343507508607226}, "datetime": {"datetime": "2021-09-24 13:07:25", "elapsed": 65.928881, "delta": 0.582003}}
{"target": 0.29976292631522516, "params": {"eta": 0.8, "max_depth": 3.0, "n_estimators": 6.45133683300555}, "datetime": {"datetime": "2021-09-24 13:07:26", "elapsed": 66.545879, "delta": 0.616998}}
{"target": 0.45402331646205596, "params": {"eta": 0.4, "max_depth": 1.0, "n_estimators": 31.961167188786206}, "datetime": {"datetime": "2021-09-24 13:07:27", "elapsed": 67.262771, "delta": 0.716892}}
{"target": 0.35695439287890196, "params": {"eta": 0.4328561013715871, "max_depth": 1.9184327563068087, "n_estimators": 4.7069070392854595}, "datetime": {"datetime": "2021-09-24 13:07:27", "elapsed": 67.771775, "delta": 0.509004}}
{"target": 0.3850735502059841, "params": {"eta": 0.765223681992425, "max_depth": 1.0335743254215692, "n_estimators": 17.966534679807477}, "datetime": {"datetime": "2021-09-24 13:07:28", "elapsed": 68.425774, "delta": 0.653999}}
{"target": 0.45651527203478914, "params": {"eta": 0.4, "max_depth": 1.175401158694136, "n_estimators": 43.68322481118871}, "datetime": {"datetime": "2021-09-24 13:07:29", "elapsed": 68.988072, "delta": 0.562298}}
{"target": 0.39485002912215406, "params": {"eta": 0.4, "max_depth": 2.2391395069865467, "n_estimators": 33.96205291398699}, "datetime": {"datetime": "2021-09-24 13:07:29", "elapsed": 69.784106, "delta": 0.796034}}
{"target": 0.39619587382945176, "params": {"eta": 0.8, "max_depth": 1.7111988143665215, "n_estimators": 50.0}, "datetime": {"datetime": "2021-09-24 13:07:30", "elapsed": 70.347107, "delta": 0.563001}}
{"target": 0.3026365866894083, "params": {"eta": 0.8, "max_depth": 2.6118425247723387, "n_estimators": 10.491872981035536}, "datetime": {"datetime": "2021-09-24 13:07:31", "elapsed": 70.984101, "delta": 0.636994}}
{"target": 0.4056933739342292, "params": {"eta": 0.8, "max_depth": 1.423601920332482, "n_estimators": 30.389612583063954}, "datetime": {"datetime": "2021-09-24 13:07:31", "elapsed": 71.560102, "delta": 0.576001}}
{"target": 0.450093743735112, "params": {"eta": 0.4, "max_depth": 1.6812699428371087, "n_estimators": 45.054098747212905}, "datetime": {"datetime": "2021-09-24 13:07:32", "elapsed": 72.200747, "delta": 0.640645}}
{"target": 0.4241661528264802, "params": {"eta": 0.4787594793481667, "max_depth": 2.946435080141696, "n_estimators": 20.9063031548868}, "datetime": {"datetime": "2021-09-24 13:07:32", "elapsed": 72.85875, "delta": 0.658003}}
{"target": 0.40853529257150745, "params": {"eta": 0.8, "max_depth": 1.0, "n_estimators": 21.94609815142613}, "datetime": {"datetime": "2021-09-24 13:07:33", "elapsed": 73.427751, "delta": 0.569001}}
{"target": 0.40194935740253757, "params": {"eta": 0.8, "max_depth": 1.6912798892924628, "n_estimators": 28.379449920975762}, "datetime": {"datetime": "2021-09-24 13:07:34", "elapsed": 74.166749, "delta": 0.738998}}
{"target": 0.44116621450836857, "params": {"eta": 0.4, "max_depth": 2.253058932998179, "n_estimators": 11.709914780811706}, "datetime": {"datetime": "2021-09-24 13:07:34", "elapsed": 74.755749, "delta": 0.589}}
{"target": 0.4521972433588919, "params": {"eta": 0.40213429733924433, "max_depth": 1.793051072110672, "n_estimators": 23.8846348033731}, "datetime": {"datetime": "2021-09-24 13:07:35", "elapsed": 75.328807, "delta": 0.573058}}
{"target": 0.39580356178377807, "params": {"eta": 0.8, "max_depth": 1.758083604478908, "n_estimators": 15.5584894452786}, "datetime": {"datetime": "2021-09-24 13:07:35", "elapsed": 75.927808, "delta": 0.599001}}
{"target": 0.4525236382539436, "params": {"eta": 0.4, "max_depth": 1.8370960736801618, "n_estimators": 48.74642547527301}, "datetime": {"datetime": "2021-09-24 13:07:36", "elapsed": 76.692815, "delta": 0.765007}}
