{"target": -39.0950589157353, "params": {"eta": 0.26406859326281057, "max_depth": 21.066219590704225, "n_estimators": 73.8211452531284}, "datetime": {"datetime": "2021-09-29 15:33:09", "elapsed": 102.255494, "delta": 1.212945}}
{"target": -40.676133284032225, "params": {"eta": 0.29115030989256074, "max_depth": 5.0899798982284, "n_estimators": 77.71158315124903}, "datetime": {"datetime": "2021-09-29 15:33:10", "elapsed": 103.273725, "delta": 1.018231}}
{"target": -41.35070196898208, "params": {"eta": 0.058219257496611956, "max_depth": 4.122414151861409, "n_estimators": 13.368946033535186}, "datetime": {"datetime": "2021-09-29 15:33:11", "elapsed": 104.340726, "delta": 1.067001}}
{"target": -45.56065381888572, "params": {"eta": 0.5967656021447513, "max_depth": 24.98057261221004, "n_estimators": 34.001578765333015}, "datetime": {"datetime": "2021-09-29 15:33:12", "elapsed": 105.247037, "delta": 0.906311}}
{"target": -36.8040641302708, "params": {"eta": 0.09476344504466755, "max_depth": 3.525850922673693, "n_estimators": 11.642553002327428}, "datetime": {"datetime": "2021-09-29 15:33:12", "elapsed": 106.233037, "delta": 0.986}}
{"target": -44.660957116671426, "params": {"eta": 0.6874792443366798, "max_depth": 5.825758396718003, "n_estimators": 76.45248590876623}, "datetime": {"datetime": "2021-09-29 15:33:13", "elapsed": 106.988036, "delta": 0.754999}}
{"target": -40.89702737212436, "params": {"eta": 0.70029070829218, "max_depth": 16.66594134326681, "n_estimators": 44.31320473361917}, "datetime": {"datetime": "2021-09-29 15:33:14", "elapsed": 107.842469, "delta": 0.854433}}
{"target": -41.681819288770896, "params": {"eta": 0.49183708667315146, "max_depth": 25.16995655953495, "n_estimators": 97.79227300021043}, "datetime": {"datetime": "2021-09-29 15:33:15", "elapsed": 108.875156, "delta": 1.032687}}
{"target": -44.062501874799146, "params": {"eta": 0.8500564056369083, "max_depth": 5.281349544590476, "n_estimators": 48.03357265478263}, "datetime": {"datetime": "2021-09-29 15:33:16", "elapsed": 109.574461, "delta": 0.699305}}
{"target": -41.60058111624089, "params": {"eta": 0.9618895552428248, "max_depth": 1.6155429700157065, "n_estimators": 74.28133892902233}, "datetime": {"datetime": "2021-09-29 15:33:17", "elapsed": 110.276465, "delta": 0.702004}}
{"target": -48.86225337415, "params": {"eta": 0.9499686839759698, "max_depth": 5.8307550362007525, "n_estimators": 9.534371342628662}, "datetime": {"datetime": "2021-09-29 15:33:17", "elapsed": 111.045467, "delta": 0.769002}}
{"target": -40.418853264131684, "params": {"eta": 0.35826657469015627, "max_depth": 7.742166035774428, "n_estimators": 13.968475732366326}, "datetime": {"datetime": "2021-09-29 15:33:18", "elapsed": 111.697815, "delta": 0.652348}}
{"target": -37.40613203375433, "params": {"eta": 0.05583205050825465, "max_depth": 16.4898936093322, "n_estimators": 43.76751832284242}, "datetime": {"datetime": "2021-09-29 15:33:19", "elapsed": 112.866814, "delta": 1.168999}}
{"target": -39.35414277296609, "params": {"eta": 0.33281732502741623, "max_depth": 15.99239224340353, "n_estimators": 44.27342282228512}, "datetime": {"datetime": "2021-09-29 15:33:20", "elapsed": 113.79689, "delta": 0.930076}}
{"target": -41.14323387501593, "params": {"eta": 0.19082875146490771, "max_depth": 17.15648403715343, "n_estimators": 43.79736919175483}, "datetime": {"datetime": "2021-09-29 15:33:21", "elapsed": 114.910888, "delta": 1.113998}}
{"target": -39.98846577492687, "params": {"eta": 0.26504809814577535, "max_depth": 19.016486443120197, "n_estimators": 37.69962281822926}, "datetime": {"datetime": "2021-09-29 15:33:23", "elapsed": 116.37172, "delta": 1.460832}}
{"target": -36.13700628420689, "params": {"eta": 0.02813535184447251, "max_depth": 2.458239977912827, "n_estimators": 74.4281968059093}, "datetime": {"datetime": "2021-09-29 15:33:24", "elapsed": 117.294932, "delta": 0.923212}}
{"target": -45.22478935704648, "params": {"eta": 0.7593680718658992, "max_depth": 3.145535560045631, "n_estimators": 70.17454758819221}, "datetime": {"datetime": "2021-09-29 15:33:25", "elapsed": 118.276929, "delta": 0.981997}}
{"target": -37.64995019788823, "params": {"eta": 0.19614394893150008, "max_depth": 1.1226494558187659, "n_estimators": 73.91774821440336}, "datetime": {"datetime": "2021-09-29 15:33:26", "elapsed": 119.262927, "delta": 0.985998}}
{"target": -81.30702226654812, "params": {"eta": 0.023746001311539644, "max_depth": 22.63277156262887, "n_estimators": 9.599284842781625}, "datetime": {"datetime": "2021-09-29 15:33:26", "elapsed": 119.899937, "delta": 0.63701}}
{"target": -38.03490828145955, "params": {"eta": 0.1541592576313998, "max_depth": 1.1671096844209594, "n_estimators": 77.61198666199867}, "datetime": {"datetime": "2021-09-29 15:33:27", "elapsed": 121.017937, "delta": 1.118}}
{"target": -39.91629492653448, "params": {"eta": 0.6303219585987947, "max_depth": 6.009875732951702, "n_estimators": 13.368696998303044}, "datetime": {"datetime": "2021-09-29 15:33:28", "elapsed": 121.723796, "delta": 0.705859}}
{"target": -42.45796475446423, "params": {"eta": 0.34558703673191843, "max_depth": 10.156858109833763, "n_estimators": 36.95066166812186}, "datetime": {"datetime": "2021-09-29 15:33:29", "elapsed": 122.610795, "delta": 0.886999}}
{"target": -39.22105502175491, "params": {"eta": 0.8329353416806513, "max_depth": 1.350852505213188, "n_estimators": 77.77462519314014}, "datetime": {"datetime": "2021-09-29 15:33:30", "elapsed": 123.839624, "delta": 1.228829}}
{"target": -38.08851667177597, "params": {"eta": 0.07918811994140695, "max_depth": 2.4863037824479965, "n_estimators": 69.84091439636168}, "datetime": {"datetime": "2021-09-29 15:33:31", "elapsed": 124.732626, "delta": 0.893002}}
{"target": -70.49257828876931, "params": {"eta": 0.034041885766648114, "max_depth": 6.035257273937526, "n_estimators": 10.19011021952955}, "datetime": {"datetime": "2021-09-29 15:33:32", "elapsed": 125.574038, "delta": 0.841412}}
{"target": -40.91702841941223, "params": {"eta": 0.41088324471497706, "max_depth": 7.039308298584278, "n_estimators": 14.388530656733277}, "datetime": {"datetime": "2021-09-29 15:33:33", "elapsed": 126.357168, "delta": 0.78313}}
{"target": -38.224389430308946, "params": {"eta": 0.33501237559709407, "max_depth": 13.12349386376835, "n_estimators": 8.043155040863638}, "datetime": {"datetime": "2021-09-29 15:33:33", "elapsed": 127.17517, "delta": 0.818002}}
{"target": -38.47724835347982, "params": {"eta": 0.1369029671885811, "max_depth": 2.043590913602572, "n_estimators": 33.81289568166558}, "datetime": {"datetime": "2021-09-29 15:33:34", "elapsed": 127.838467, "delta": 0.663297}}
{"target": -42.62719365848049, "params": {"eta": 0.46750555294601503, "max_depth": 2.4881478467423386, "n_estimators": 69.27347305714527}, "datetime": {"datetime": "2021-09-29 15:33:35", "elapsed": 128.877469, "delta": 1.039002}}
{"target": -90.89630886919315, "params": {"eta": 0.012652290339016737, "max_depth": 5.9070590020153535, "n_estimators": 8.895990873940114}, "datetime": {"datetime": "2021-09-29 15:33:36", "elapsed": 130.181582, "delta": 1.304113}}
{"target": -38.34797100355519, "params": {"eta": 0.08903595212163404, "max_depth": 2.971006962609376, "n_estimators": 74.84039545990349}, "datetime": {"datetime": "2021-09-29 15:33:38", "elapsed": 131.614638, "delta": 1.433056}}
{"target": -54.557996457012315, "params": {"eta": 0.9666279123572359, "max_depth": 17.255851303516646, "n_estimators": 23.814176553353562}, "datetime": {"datetime": "2021-09-29 15:33:39", "elapsed": 132.378636, "delta": 0.763998}}
{"target": -37.06506718155092, "params": {"eta": 0.346894825861935, "max_depth": 1.5667183396126736, "n_estimators": 78.16635411436819}, "datetime": {"datetime": "2021-09-29 15:33:40", "elapsed": 133.414129, "delta": 1.035493}}
{"target": -45.02907816753328, "params": {"eta": 0.7733176605286383, "max_depth": 2.2326322673470558, "n_estimators": 77.99984695096286}, "datetime": {"datetime": "2021-09-29 15:33:41", "elapsed": 134.692129, "delta": 1.278}}
{"target": -40.23798145181458, "params": {"eta": 0.04967500664483904, "max_depth": 1.999845690259971, "n_estimators": 70.5418393703593}, "datetime": {"datetime": "2021-09-29 15:33:42", "elapsed": 135.728207, "delta": 1.036078}}
{"target": -52.3496257324931, "params": {"eta": 0.9753775151333606, "max_depth": 14.680235405417765, "n_estimators": 70.21584427150515}, "datetime": {"datetime": "2021-09-29 15:33:43", "elapsed": 136.478841, "delta": 0.750634}}
{"target": -40.55600907675404, "params": {"eta": 0.6452033089802075, "max_depth": 16.276200617849057, "n_estimators": 43.43963930778054}, "datetime": {"datetime": "2021-09-29 15:33:44", "elapsed": 137.789842, "delta": 1.311001}}
{"target": -43.23026573338019, "params": {"eta": 0.8058381053357794, "max_depth": 3.308985997428951, "n_estimators": 9.567728996951036}, "datetime": {"datetime": "2021-09-29 15:33:45", "elapsed": 138.828844, "delta": 1.039002}}
{"target": -41.32405222156481, "params": {"eta": 0.3190356136289431, "max_depth": 24.297556051926616, "n_estimators": 16.063308158871664}, "datetime": {"datetime": "2021-09-29 15:33:46", "elapsed": 139.720863, "delta": 0.892019}}
{"target": -43.60706982974326, "params": {"eta": 0.8529929065789862, "max_depth": 4.498656067092711, "n_estimators": 9.198472617344068}, "datetime": {"datetime": "2021-09-29 15:33:47", "elapsed": 141.126584, "delta": 1.405721}}
{"target": -41.4122095957847, "params": {"eta": 0.47867113460179783, "max_depth": 20.261332884616888, "n_estimators": 35.866910948032064}, "datetime": {"datetime": "2021-09-29 15:33:48", "elapsed": 142.210288, "delta": 1.083704}}
{"target": -43.60873409347445, "params": {"eta": 0.010528367503051262, "max_depth": 5.688392373300191, "n_estimators": 77.5975476092356}, "datetime": {"datetime": "2021-09-29 15:33:50", "elapsed": 143.661287, "delta": 1.450999}}
{"target": -38.15968018790903, "params": {"eta": 0.7772098505776787, "max_depth": 1.18459416891322, "n_estimators": 78.61194313217024}, "datetime": {"datetime": "2021-09-29 15:33:51", "elapsed": 144.943287, "delta": 1.282}}
{"target": -38.8045615047415, "params": {"eta": 0.07924946067307592, "max_depth": 3.249536517037514, "n_estimators": 74.06304118144126}, "datetime": {"datetime": "2021-09-29 15:33:53", "elapsed": 146.604228, "delta": 1.660941}}
{"target": -61.93675317425827, "params": {"eta": 0.01, "max_depth": 15.833145650479986, "n_estimators": 43.61723417810758}, "datetime": {"datetime": "2021-09-29 15:33:54", "elapsed": 147.845628, "delta": 1.2414}}
{"target": -37.255337759922796, "params": {"eta": 0.23024488583252525, "max_depth": 1.0, "n_estimators": 78.27619090008365}, "datetime": {"datetime": "2021-09-29 15:33:55", "elapsed": 149.156629, "delta": 1.311001}}
{"target": -38.420945061252176, "params": {"eta": 0.05748178424162099, "max_depth": 2.932367447145416, "n_estimators": 74.81383524329898}, "datetime": {"datetime": "2021-09-29 15:33:56", "elapsed": 150.023877, "delta": 0.867248}}
{"target": -41.80126213557802, "params": {"eta": 0.4525711205215566, "max_depth": 16.334421503766052, "n_estimators": 44.979023608391614}, "datetime": {"datetime": "2021-09-29 15:33:58", "elapsed": 151.263879, "delta": 1.240002}}
{"target": -38.613963516569534, "params": {"eta": 0.11579691228019569, "max_depth": 1.8329973345885353, "n_estimators": 78.87820601786655}, "datetime": {"datetime": "2021-09-29 15:33:59", "elapsed": 152.401013, "delta": 1.137134}}
{"target": -37.642734059479174, "params": {"eta": 0.20026798995311218, "max_depth": 1.2110084620468897, "n_estimators": 79.37567955501159}, "datetime": {"datetime": "2021-09-29 15:34:00", "elapsed": 154.019176, "delta": 1.618163}}
{"target": -40.41141063327453, "params": {"eta": 0.12517983025780646, "max_depth": 20.107023172069436, "n_estimators": 54.601323802386595}, "datetime": {"datetime": "2021-09-29 15:34:01", "elapsed": 155.080175, "delta": 1.060999}}
{"target": -45.521624313234966, "params": {"eta": 0.6286668380993856, "max_depth": 4.729728144026032, "n_estimators": 67.29097975791952}, "datetime": {"datetime": "2021-09-29 15:34:02", "elapsed": 156.01306, "delta": 0.932885}}
{"target": -37.73486698155145, "params": {"eta": 0.3113994416974804, "max_depth": 1.8397053649052482, "n_estimators": 79.71696589070594}, "datetime": {"datetime": "2021-09-29 15:34:04", "elapsed": 157.432061, "delta": 1.419001}}
{"target": -38.388129304938396, "params": {"eta": 0.04612335865469626, "max_depth": 3.5536358902764573, "n_estimators": 75.38874113828379}, "datetime": {"datetime": "2021-09-29 15:34:05", "elapsed": 158.37306, "delta": 0.940999}}
{"target": -37.98641149096169, "params": {"eta": 0.4588002899401607, "max_depth": 1.1039449651486262, "n_estimators": 80.06778045891467}, "datetime": {"datetime": "2021-09-29 15:34:06", "elapsed": 159.612624, "delta": 1.239564}}
{"target": -40.7748150600603, "params": {"eta": 0.8801810978580009, "max_depth": 1.6004453375176793, "n_estimators": 80.10517823882901}, "datetime": {"datetime": "2021-09-29 15:34:07", "elapsed": 160.561625, "delta": 0.949001}}
{"target": -40.47965661326176, "params": {"eta": 0.8692730498633027, "max_depth": 1.018633562943934, "n_estimators": 79.49182609505593}, "datetime": {"datetime": "2021-09-29 15:34:08", "elapsed": 161.73997, "delta": 1.178345}}
{"target": -40.02281474033386, "params": {"eta": 0.29176311306545755, "max_depth": 3.648265040766848, "n_estimators": 74.62571186871347}, "datetime": {"datetime": "2021-09-29 15:34:09", "elapsed": 162.728967, "delta": 0.988997}}
{"target": -39.38925669971944, "params": {"eta": 0.07939343267387618, "max_depth": 29.270534282680746, "n_estimators": 41.05410062562917}, "datetime": {"datetime": "2021-09-29 15:34:10", "elapsed": 163.8411, "delta": 1.112133}}
{"target": -40.08438582841341, "params": {"eta": 0.2673631557168405, "max_depth": 7.2600980766307455, "n_estimators": 61.86196504781476}, "datetime": {"datetime": "2021-09-29 15:34:11", "elapsed": 164.855099, "delta": 1.013999}}
{"target": -40.74774806909769, "params": {"eta": 0.9404435082093144, "max_depth": 1.8905950204057556, "n_estimators": 79.11405721248097}, "datetime": {"datetime": "2021-09-29 15:34:12", "elapsed": 166.166962, "delta": 1.311863}}
{"target": -41.24420924746566, "params": {"eta": 0.01, "max_depth": 2.816256621507532, "n_estimators": 73.42517705509478}, "datetime": {"datetime": "2021-09-29 15:34:13", "elapsed": 167.184961, "delta": 1.017999}}
{"target": -51.25007937673431, "params": {"eta": 0.060409994314403435, "max_depth": 9.75843789549457, "n_estimators": 10.983654448481603}, "datetime": {"datetime": "2021-09-29 15:34:14", "elapsed": 168.048548, "delta": 0.863587}}
{"target": -41.993900511931145, "params": {"eta": 0.5235712089825163, "max_depth": 7.202264097431909, "n_estimators": 78.54449290650248}, "datetime": {"datetime": "2021-09-29 15:34:16", "elapsed": 169.277445, "delta": 1.228897}}
{"target": -44.911334041308784, "params": {"eta": 0.7927931486451336, "max_depth": 7.223194768003287, "n_estimators": 79.30999550950091}, "datetime": {"datetime": "2021-09-29 15:34:17", "elapsed": 170.44524, "delta": 1.167795}}
{"target": -38.78387969327123, "params": {"eta": 0.09787396782558205, "max_depth": 1.3646267244707428, "n_estimators": 76.7981030641042}, "datetime": {"datetime": "2021-09-29 15:34:18", "elapsed": 171.395875, "delta": 0.950635}}
{"target": -38.81475612854409, "params": {"eta": 0.10438158267774249, "max_depth": 1.3235002651330388, "n_estimators": 78.92830837299854}, "datetime": {"datetime": "2021-09-29 15:34:19", "elapsed": 172.705411, "delta": 1.309536}}
{"target": -37.98656503465453, "params": {"eta": 0.08649691462509744, "max_depth": 3.0100616656238257, "n_estimators": 10.802150548137021}, "datetime": {"datetime": "2021-09-29 15:34:20", "elapsed": 173.649879, "delta": 0.944468}}
{"target": -39.0950589157353, "params": {"eta": 0.25514985978560034, "max_depth": 21.069098799579187, "n_estimators": 73.84101609603994}, "datetime": {"datetime": "2021-09-29 15:34:21", "elapsed": 175.040879, "delta": 1.391}}
{"target": -44.428437880734265, "params": {"eta": 0.6823508400831662, "max_depth": 3.18218694246201, "n_estimators": 75.3453607638291}, "datetime": {"datetime": "2021-09-29 15:34:23", "elapsed": 176.65573, "delta": 1.614851}}
{"target": -38.82569263990327, "params": {"eta": 0.11329495995887641, "max_depth": 1.0138690751142452, "n_estimators": 75.13438877575977}, "datetime": {"datetime": "2021-09-29 15:34:24", "elapsed": 177.722926, "delta": 1.067196}}
{"target": -38.43295974891395, "params": {"eta": 0.3529183254974521, "max_depth": 6.970438864124956, "n_estimators": 78.89713459978546}, "datetime": {"datetime": "2021-09-29 15:34:25", "elapsed": 179.086925, "delta": 1.363999}}
{"target": -40.28659473757015, "params": {"eta": 0.4992117388606171, "max_depth": 19.976529965646705, "n_estimators": 9.728145354561812}, "datetime": {"datetime": "2021-09-29 15:34:26", "elapsed": 180.054115, "delta": 0.96719}}
{"target": -38.47917331879919, "params": {"eta": 0.11765327539586355, "max_depth": 1.8659168976678906, "n_estimators": 80.31786673808023}, "datetime": {"datetime": "2021-09-29 15:34:27", "elapsed": 181.209144, "delta": 1.155029}}
{"target": -40.647769381516305, "params": {"eta": 0.21381930395189463, "max_depth": 19.04441204057846, "n_estimators": 80.57081249285073}, "datetime": {"datetime": "2021-09-29 15:34:29", "elapsed": 182.697625, "delta": 1.488481}}
{"target": -49.12841157548471, "params": {"eta": 0.9601692721463339, "max_depth": 13.139120287968328, "n_estimators": 7.901975265446536}, "datetime": {"datetime": "2021-09-29 15:34:31", "elapsed": 184.58799, "delta": 1.890365}}
{"target": -38.831526214184315, "params": {"eta": 0.026796522249707765, "max_depth": 1.3069288822055576, "n_estimators": 76.00680838414003}, "datetime": {"datetime": "2021-09-29 15:34:32", "elapsed": 185.887208, "delta": 1.299218}}
{"target": -40.322813997080246, "params": {"eta": 0.5095400205215802, "max_depth": 2.5168238725400833, "n_estimators": 79.65943000921635}, "datetime": {"datetime": "2021-09-29 15:34:34", "elapsed": 187.446207, "delta": 1.558999}}
{"target": -39.12683714600459, "params": {"eta": 0.03340844572787286, "max_depth": 1.3253248704028757, "n_estimators": 80.58834185724609}, "datetime": {"datetime": "2021-09-29 15:34:35", "elapsed": 188.535678, "delta": 1.089471}}
{"target": -38.13224704302503, "params": {"eta": 0.22172040000881407, "max_depth": 2.7381046472765505, "n_estimators": 33.8088883255391}, "datetime": {"datetime": "2021-09-29 15:34:36", "elapsed": 189.830663, "delta": 1.294985}}
{"target": -40.526775940652, "params": {"eta": 0.1259026788223068, "max_depth": 23.507081934349795, "n_estimators": 77.04601183315201}, "datetime": {"datetime": "2021-09-29 15:34:38", "elapsed": 191.323361, "delta": 1.492698}}
{"target": -40.38610425635809, "params": {"eta": 0.01, "max_depth": 1.171042810078606, "n_estimators": 72.34393480113897}, "datetime": {"datetime": "2021-09-29 15:34:39", "elapsed": 192.898935, "delta": 1.575574}}
{"target": -41.85188010441196, "params": {"eta": 0.7694204007210997, "max_depth": 2.281852707931699, "n_estimators": 33.8864918284148}, "datetime": {"datetime": "2021-09-29 15:34:41", "elapsed": 194.988984, "delta": 2.090049}}
{"target": -40.031920571456055, "params": {"eta": 0.0893315405388614, "max_depth": 1.9958130599469528, "n_estimators": 33.125121976660196}, "datetime": {"datetime": "2021-09-29 15:34:43", "elapsed": 196.251533, "delta": 1.262549}}
{"target": -38.55151705850391, "params": {"eta": 0.23911717052765646, "max_depth": 10.197460701699411, "n_estimators": 68.78544223119746}, "datetime": {"datetime": "2021-09-29 15:34:44", "elapsed": 197.604533, "delta": 1.353}}
{"target": -69.29136870006518, "params": {"eta": 0.04427271234676404, "max_depth": 13.696520561936943, "n_estimators": 8.45098724496521}, "datetime": {"datetime": "2021-09-29 15:34:45", "elapsed": 199.035871, "delta": 1.431338}}
{"target": -36.56292323639877, "params": {"eta": 0.305484297612152, "max_depth": 12.547787571214387, "n_estimators": 8.408307084536732}, "datetime": {"datetime": "2021-09-29 15:34:47", "elapsed": 200.496882, "delta": 1.461011}}
{"target": -40.59944517932247, "params": {"eta": 0.49214083883966014, "max_depth": 11.991038566721485, "n_estimators": 7.957113930248831}, "datetime": {"datetime": "2021-09-29 15:34:48", "elapsed": 202.050689, "delta": 1.553807}}
{"target": -38.603978015837974, "params": {"eta": 0.1780160844629676, "max_depth": 2.9372049032723515, "n_estimators": 33.156293210152114}, "datetime": {"datetime": "2021-09-29 15:34:50", "elapsed": 203.782079, "delta": 1.73139}}
{"target": -61.63935502669536, "params": {"eta": 0.06466062044406364, "max_depth": 12.633565241078788, "n_estimators": 7.853453822665848}, "datetime": {"datetime": "2021-09-29 15:34:52", "elapsed": 205.29408, "delta": 1.512001}}
{"target": -40.091490284267834, "params": {"eta": 0.14198698449208155, "max_depth": 24.56120606046014, "n_estimators": 80.61803692521907}, "datetime": {"datetime": "2021-09-29 15:34:53", "elapsed": 207.061003, "delta": 1.766923}}
{"target": -45.7477960013574, "params": {"eta": 0.08951221162605234, "max_depth": 12.504588764038743, "n_estimators": 8.883653999491317}, "datetime": {"datetime": "2021-09-29 15:34:54", "elapsed": 208.101656, "delta": 1.040653}}
{"target": -39.21063083673084, "params": {"eta": 0.21186040569327647, "max_depth": 27.216067098414285, "n_estimators": 15.588854755230457}, "datetime": {"datetime": "2021-09-29 15:34:55", "elapsed": 209.226656, "delta": 1.125}}
{"target": -38.84043746603614, "params": {"eta": 0.6423012578265537, "max_depth": 1.6433717429239931, "n_estimators": 71.03694208749211}, "datetime": {"datetime": "2021-09-29 15:34:57", "elapsed": 210.881125, "delta": 1.654469}}
{"target": -40.23264408127594, "params": {"eta": 0.6732050692001011, "max_depth": 11.982680143283247, "n_estimators": 8.553119513572526}, "datetime": {"datetime": "2021-09-29 15:34:58", "elapsed": 212.058261, "delta": 1.177136}}
