{"target": 0.0019365080876690977, "params": {"eta": 0.8965591031750486, "max_depth": 19.295897069507557, "n_estimators": 32.08991564202087}, "datetime": {"datetime": "2021-09-24 12:20:24", "elapsed": 547.019692, "delta": 3.456378}}
{"target": 0.1167196095924603, "params": {"eta": 0.7572858967918211, "max_depth": 15.40743313405647, "n_estimators": 38.21313876372284}, "datetime": {"datetime": "2021-09-24 12:20:28", "elapsed": 550.617314, "delta": 3.597622}}
{"target": 0.3676625229993813, "params": {"eta": 0.15315467054755952, "max_depth": 23.821901543638255, "n_estimators": 37.80542426636276}, "datetime": {"datetime": "2021-09-24 12:20:31", "elapsed": 554.171337, "delta": 3.554023}}
{"target": -0.036174393292491835, "params": {"eta": 0.03934732886881639, "max_depth": 11.818621011804261, "n_estimators": 32.878015638262525}, "datetime": {"datetime": "2021-09-24 12:20:35", "elapsed": 557.625863, "delta": 3.454526}}
{"target": -1.6638700817504364, "params": {"eta": 0.023042214521892257, "max_depth": 20.334854236106345, "n_estimators": 17.321740736355352}, "datetime": {"datetime": "2021-09-24 12:20:37", "elapsed": 560.374125, "delta": 2.748262}}
{"target": 0.28498959361831244, "params": {"eta": 0.26924656307594513, "max_depth": 17.125834325932463, "n_estimators": 40.96084211207753}, "datetime": {"datetime": "2021-09-24 12:20:39", "elapsed": 562.294664, "delta": 1.920539}}
{"target": -0.14854872415487352, "params": {"eta": 0.09563981148080579, "max_depth": 23.08059550276275, "n_estimators": 11.716223359449081}, "datetime": {"datetime": "2021-09-24 12:20:42", "elapsed": 565.247691, "delta": 2.953027}}
{"target": 0.3505749221381145, "params": {"eta": 0.1803410010795905, "max_depth": 25.190512639333864, "n_estimators": 20.136818849667858}, "datetime": {"datetime": "2021-09-24 12:20:44", "elapsed": 566.93559, "delta": 1.687899}}
{"target": 0.021084446962470138, "params": {"eta": 0.7724713102850973, "max_depth": 24.422224872453963, "n_estimators": 37.88419476272934}, "datetime": {"datetime": "2021-09-24 12:20:47", "elapsed": 570.323301, "delta": 3.387711}}
{"target": 0.3893642568794252, "params": {"eta": 0.1549970974194916, "max_depth": 4.820544689808789, "n_estimators": 18.292509203947333}, "datetime": {"datetime": "2021-09-24 12:20:50", "elapsed": 573.247764, "delta": 2.924463}}
{"target": 0.33859801523007726, "params": {"eta": 0.35424293305283716, "max_depth": 14.831019048159096, "n_estimators": 35.438375206663615}, "datetime": {"datetime": "2021-09-24 12:20:52", "elapsed": 575.382174, "delta": 2.13441}}
{"target": 0.07168614089298331, "params": {"eta": 0.9612193111844527, "max_depth": 4.733805259184084, "n_estimators": 18.10197202973717}, "datetime": {"datetime": "2021-09-24 12:20:56", "elapsed": 578.687915, "delta": 3.305741}}
{"target": 0.16130899994059578, "params": {"eta": 0.8207696091666332, "max_depth": 17.42534737196444, "n_estimators": 31.834390247066064}, "datetime": {"datetime": "2021-09-24 12:20:59", "elapsed": 582.196088, "delta": 3.508173}}
{"target": -1.1218429270898507, "params": {"eta": 0.019142767632216447, "max_depth": 13.77005583268565, "n_estimators": 29.51813059763468}, "datetime": {"datetime": "2021-09-24 12:21:01", "elapsed": 584.059312, "delta": 1.863224}}
{"target": 0.13860760378130565, "params": {"eta": 0.20479735163897037, "max_depth": 15.429220199678449, "n_estimators": 7.207731906679512}, "datetime": {"datetime": "2021-09-24 12:21:03", "elapsed": 585.872438, "delta": 1.813126}}
{"target": 0.33065775181149293, "params": {"eta": 0.15968259498484078, "max_depth": 14.399553714009482, "n_estimators": 29.06805603134702}, "datetime": {"datetime": "2021-09-24 12:21:06", "elapsed": 588.917869, "delta": 3.045431}}
{"target": 0.3054092328681476, "params": {"eta": 0.2539632884718893, "max_depth": 24.934086505342616, "n_estimators": 26.660793639866167}, "datetime": {"datetime": "2021-09-24 12:21:09", "elapsed": 592.465102, "delta": 3.547233}}
{"target": 0.38509697802563003, "params": {"eta": 0.21297274757457907, "max_depth": 4.438174851181142, "n_estimators": 17.564811032152708}, "datetime": {"datetime": "2021-09-24 12:21:13", "elapsed": 595.698507, "delta": 3.233405}}
{"target": 0.09055867866454548, "params": {"eta": 0.9051049118781883, "max_depth": 16.62888671998965, "n_estimators": 40.60990070772896}, "datetime": {"datetime": "2021-09-24 12:21:16", "elapsed": 599.22059, "delta": 3.522083}}
{"target": 0.2887259474289594, "params": {"eta": 0.45949074973851856, "max_depth": 20.214736468104423, "n_estimators": 41.385078314165305}, "datetime": {"datetime": "2021-09-24 12:21:19", "elapsed": 601.70085, "delta": 2.48026}}
{"target": -1.0735152361698108, "params": {"eta": 0.014285141649110138, "max_depth": 19.75822556034899, "n_estimators": 40.72696176773909}, "datetime": {"datetime": "2021-09-24 12:21:22", "elapsed": 605.122468, "delta": 3.421618}}
{"target": 0.12200399261543071, "params": {"eta": 0.7185575507209137, "max_depth": 10.82594137175762, "n_estimators": 35.16340122982864}, "datetime": {"datetime": "2021-09-24 12:21:26", "elapsed": 609.117353, "delta": 3.994885}}
{"target": 0.18583660064031293, "params": {"eta": 0.7198815132071706, "max_depth": 23.22139391554726, "n_estimators": 7.967397943054999}, "datetime": {"datetime": "2021-09-24 12:21:28", "elapsed": 611.013355, "delta": 1.896002}}
{"target": 0.300634634174454, "params": {"eta": 0.1184814762586636, "max_depth": 18.197912589275038, "n_estimators": 40.50519521985582}, "datetime": {"datetime": "2021-09-24 12:21:32", "elapsed": 615.384915, "delta": 4.37156}}
{"target": -3.7747044520952606, "params": {"eta": 0.001, "max_depth": 13.81185251883549, "n_estimators": 28.625472493196057}, "datetime": {"datetime": "2021-09-24 12:21:38", "elapsed": 620.818412, "delta": 5.433497}}
{"target": 0.3329956145845193, "params": {"eta": 0.2839916055078834, "max_depth": 14.720722208133616, "n_estimators": 29.66146003020596}, "datetime": {"datetime": "2021-09-24 12:21:42", "elapsed": 624.484856, "delta": 3.666444}}
{"target": -3.941477852342932, "params": {"eta": 0.001, "max_depth": 23.595526300241993, "n_estimators": 8.22569055767442}, "datetime": {"datetime": "2021-09-24 12:21:45", "elapsed": 628.197889, "delta": 3.713033}}
{"target": 0.15414115133115702, "params": {"eta": 0.7256364649857979, "max_depth": 24.919868056167715, "n_estimators": 8.325660778667213}, "datetime": {"datetime": "2021-09-24 12:21:50", "elapsed": 632.754246, "delta": 4.556357}}
{"target": 0.3023708111234643, "params": {"eta": 0.06024034945532045, "max_depth": 28.650001588293225, "n_estimators": 48.079285841789144}, "datetime": {"datetime": "2021-09-24 12:21:52", "elapsed": 635.165405, "delta": 2.411159}}
{"target": -0.03445194619743264, "params": {"eta": 1.0, "max_depth": 22.887184519444006, "n_estimators": 8.727542785332234}, "datetime": {"datetime": "2021-09-24 12:21:56", "elapsed": 639.084157, "delta": 3.918752}}
{"target": 0.4240568096258679, "params": {"eta": 0.1993239253070301, "max_depth": 1.6150924406653548, "n_estimators": 15.015917101957704}, "datetime": {"datetime": "2021-09-24 12:22:00", "elapsed": 642.499636, "delta": 3.415479}}
{"target": -3.8067074806850494, "params": {"eta": 0.001, "max_depth": 2.239709992852205, "n_estimators": 23.665930627458007}, "datetime": {"datetime": "2021-09-24 12:22:04", "elapsed": 647.011757, "delta": 4.512121}}
{"target": 0.31478063499203324, "params": {"eta": 0.20175317774127366, "max_depth": 13.262566596705264, "n_estimators": 46.580363506848855}, "datetime": {"datetime": "2021-09-24 12:22:06", "elapsed": 649.387587, "delta": 2.37583}}
{"target": -0.3965164018001417, "params": {"eta": 0.03810421604545255, "max_depth": 1.8780592543877799, "n_estimators": 22.287906723353476}, "datetime": {"datetime": "2021-09-24 12:22:11", "elapsed": 653.977938, "delta": 4.590351}}
{"target": -0.09332862854582435, "params": {"eta": 0.16664704021871005, "max_depth": 25.724827742279743, "n_estimators": 7.676617304932684}, "datetime": {"datetime": "2021-09-24 12:22:13", "elapsed": 655.75239, "delta": 1.774452}}
{"target": 0.40139831777718793, "params": {"eta": 0.6147233873945186, "max_depth": 1.3219604923453385, "n_estimators": 24.198209375964677}, "datetime": {"datetime": "2021-09-24 12:22:17", "elapsed": 659.832101, "delta": 4.079711}}
{"target": 0.24753591522043383, "params": {"eta": 0.6784294363164035, "max_depth": 20.319824148253968, "n_estimators": 26.44838923367493}, "datetime": {"datetime": "2021-09-24 12:22:19", "elapsed": 661.904781, "delta": 2.07268}}
{"target": 0.2060357222470287, "params": {"eta": 0.8039644782922865, "max_depth": 3.6519885011677395, "n_estimators": 19.39809437546866}, "datetime": {"datetime": "2021-09-24 12:22:23", "elapsed": 665.817285, "delta": 3.912504}}
{"target": 0.33341359968289885, "params": {"eta": 0.6466676903197547, "max_depth": 3.2261915847155693, "n_estimators": 24.522092179029432}, "datetime": {"datetime": "2021-09-24 12:22:27", "elapsed": 669.705035, "delta": 3.88775}}
{"target": 0.2360516675413188, "params": {"eta": 0.337102015944214, "max_depth": 28.51384485444326, "n_estimators": 13.511800510884898}, "datetime": {"datetime": "2021-09-24 12:22:29", "elapsed": 671.550308, "delta": 1.845273}}
{"target": 0.07511231792402728, "params": {"eta": 0.9893226998992553, "max_depth": 2.0468876874279154, "n_estimators": 24.248511085474014}, "datetime": {"datetime": "2021-09-24 12:22:32", "elapsed": 674.636548, "delta": 3.08624}}
{"target": 0.36472156410350465, "params": {"eta": 0.12156205669274285, "max_depth": 15.108379439861519, "n_estimators": 29.063783010994598}, "datetime": {"datetime": "2021-09-24 12:22:35", "elapsed": 678.444654, "delta": 3.808106}}
{"target": 0.4419647506253386, "params": {"eta": 0.17780833358010614, "max_depth": 1.9888803094014809, "n_estimators": 25.031226040280348}, "datetime": {"datetime": "2021-09-24 12:22:40", "elapsed": 682.830669, "delta": 4.386015}}
{"target": 0.23218403463731185, "params": {"eta": 0.5326987947652603, "max_depth": 10.56834589995086, "n_estimators": 34.023025617947276}, "datetime": {"datetime": "2021-09-24 12:22:44", "elapsed": 687.200248, "delta": 4.369579}}
{"target": 0.4029098598936669, "params": {"eta": 0.7090558941205894, "max_depth": 1.541157285987125, "n_estimators": 26.86098388087348}, "datetime": {"datetime": "2021-09-24 12:22:46", "elapsed": 689.204364, "delta": 2.004116}}
{"target": 0.39881322324794544, "params": {"eta": 0.5869131987509103, "max_depth": 1.0435061318126961, "n_estimators": 23.16278402677407}, "datetime": {"datetime": "2021-09-24 12:22:50", "elapsed": 693.2213, "delta": 4.016936}}
{"target": 0.14478878768244008, "params": {"eta": 0.8059356047037931, "max_depth": 14.849030418435099, "n_estimators": 29.0622034909507}, "datetime": {"datetime": "2021-09-24 12:22:54", "elapsed": 697.0653, "delta": 3.844}}
{"target": 0.10234564832661663, "params": {"eta": 0.04616018636879194, "max_depth": 14.516398190263075, "n_estimators": 32.213660734284055}, "datetime": {"datetime": "2021-09-24 12:22:59", "elapsed": 701.882706, "delta": 4.817406}}
{"target": 0.3313829233698168, "params": {"eta": 0.09854365478945463, "max_depth": 26.15825200546667, "n_estimators": 36.3659878461317}, "datetime": {"datetime": "2021-09-24 12:23:01", "elapsed": 704.155362, "delta": 2.272656}}
{"target": 0.2985870555383371, "params": {"eta": 0.35875965696906936, "max_depth": 13.543791119592525, "n_estimators": 32.932554680356134}, "datetime": {"datetime": "2021-09-24 12:23:06", "elapsed": 709.27209, "delta": 5.116728}}
{"target": 0.08863298574242984, "params": {"eta": 0.7844575309789126, "max_depth": 18.619474641312138, "n_estimators": 40.29653908974384}, "datetime": {"datetime": "2021-09-24 12:23:11", "elapsed": 713.676592, "delta": 4.404502}}
{"target": -1.2018610635306097, "params": {"eta": 0.03305101887216497, "max_depth": 1.008251871515667, "n_estimators": 15.491711608543444}, "datetime": {"datetime": "2021-09-24 12:23:14", "elapsed": 716.959073, "delta": 3.282481}}
{"target": 0.3531723541341891, "params": {"eta": 0.5979363196560356, "max_depth": 5.512353291237752, "n_estimators": 15.090238992426064}, "datetime": {"datetime": "2021-09-24 12:23:16", "elapsed": 718.911904, "delta": 1.952831}}
{"target": 0.35695643550400413, "params": {"eta": 0.2814304854493555, "max_depth": 24.857350725952152, "n_estimators": 8.967052169127044}, "datetime": {"datetime": "2021-09-24 12:23:19", "elapsed": 722.166799, "delta": 3.254895}}
{"target": 0.39311735270271964, "params": {"eta": 0.9239557154918667, "max_depth": 1.3552675752696404, "n_estimators": 16.312337683312293}, "datetime": {"datetime": "2021-09-24 12:23:23", "elapsed": 725.785876, "delta": 3.619077}}
{"target": 0.18566356909010273, "params": {"eta": 0.5612445008531304, "max_depth": 17.030095504647576, "n_estimators": 5.748158829026481}, "datetime": {"datetime": "2021-09-24 12:23:25", "elapsed": 727.67646, "delta": 1.890584}}
{"target": -1.7716886982296636, "params": {"eta": 0.02486523388016897, "max_depth": 1.9256913375895048, "n_estimators": 14.469479716796943}, "datetime": {"datetime": "2021-09-24 12:23:28", "elapsed": 731.448572, "delta": 3.772112}}
{"target": 0.3397815467493792, "params": {"eta": 0.4932411403801111, "max_depth": 6.6764730513815005, "n_estimators": 15.217396694828214}, "datetime": {"datetime": "2021-09-24 12:23:35", "elapsed": 737.50743, "delta": 6.058858}}
{"target": 0.3833252223727549, "params": {"eta": 0.7134239275691331, "max_depth": 2.0082196048127257, "n_estimators": 15.471128805985623}, "datetime": {"datetime": "2021-09-24 12:23:41", "elapsed": 743.553428, "delta": 6.045998}}
{"target": 0.32782885505076464, "params": {"eta": 0.505429009679482, "max_depth": 23.60202750716111, "n_estimators": 11.54420309227086}, "datetime": {"datetime": "2021-09-24 12:23:43", "elapsed": 745.762954, "delta": 2.209526}}
{"target": 0.2070276951123342, "params": {"eta": 0.649137010469139, "max_depth": 17.546689986406218, "n_estimators": 40.33458540816649}, "datetime": {"datetime": "2021-09-24 12:23:47", "elapsed": 749.964409, "delta": 4.201455}}
{"target": -3.7957412409392726, "params": {"eta": 0.001, "max_depth": 3.5211897816034154, "n_estimators": 24.47607749355581}, "datetime": {"datetime": "2021-09-24 12:23:53", "elapsed": 755.648974, "delta": 5.684565}}
{"target": 0.33558538031252905, "params": {"eta": 0.4987611333633403, "max_depth": 23.495262518451575, "n_estimators": 40.46852573894069}, "datetime": {"datetime": "2021-09-24 12:23:55", "elapsed": 757.659091, "delta": 2.010117}}
{"target": -0.37869602869191343, "params": {"eta": 0.029592266503440077, "max_depth": 18.420494369436224, "n_estimators": 31.918415910402754}, "datetime": {"datetime": "2021-09-24 12:23:58", "elapsed": 760.79631, "delta": 3.137219}}
{"target": 0.1698127369496958, "params": {"eta": 1.0, "max_depth": 3.5153892116699517, "n_estimators": 23.967529015904518}, "datetime": {"datetime": "2021-09-24 12:24:02", "elapsed": 764.548204, "delta": 3.751894}}
{"target": 0.30690360135232353, "params": {"eta": 0.08129840653838355, "max_depth": 23.87409510706524, "n_estimators": 41.01193503064908}, "datetime": {"datetime": "2021-09-24 12:24:07", "elapsed": 769.84535, "delta": 5.297146}}
{"target": 0.3068251270162965, "params": {"eta": 0.26666709925669013, "max_depth": 18.48542679926547, "n_estimators": 34.83187832644871}, "datetime": {"datetime": "2021-09-24 12:24:09", "elapsed": 772.212843, "delta": 2.367493}}
{"target": 0.2765112942394512, "params": {"eta": 0.07641234444765146, "max_depth": 12.908742564451362, "n_estimators": 32.09918101554571}, "datetime": {"datetime": "2021-09-24 12:24:13", "elapsed": 776.232092, "delta": 4.019249}}
{"target": -0.104664453523313, "params": {"eta": 0.9927446864020082, "max_depth": 22.61933035519124, "n_estimators": 24.377117658412377}, "datetime": {"datetime": "2021-09-24 12:24:18", "elapsed": 780.531389, "delta": 4.299297}}
{"target": 0.13972104194363, "params": {"eta": 0.7125868500895586, "max_depth": 13.221802407808322, "n_estimators": 32.85657274619468}, "datetime": {"datetime": "2021-09-24 12:24:20", "elapsed": 782.62503, "delta": 2.093641}}
{"target": 0.21787260368275618, "params": {"eta": 0.6249975454298325, "max_depth": 6.051173235413593, "n_estimators": 15.596603251645663}, "datetime": {"datetime": "2021-09-24 12:24:25", "elapsed": 788.051599, "delta": 5.426569}}
{"target": -0.2541113816542784, "params": {"eta": 0.02692106662491967, "max_depth": 14.29521291511967, "n_estimators": 38.156091533787695}, "datetime": {"datetime": "2021-09-24 12:24:31", "elapsed": 794.397142, "delta": 6.345543}}
{"target": 0.18655760501232854, "params": {"eta": 0.4507699647880527, "max_depth": 26.52213919154557, "n_estimators": 43.06303918377279}, "datetime": {"datetime": "2021-09-24 12:24:33", "elapsed": 796.440556, "delta": 2.043414}}
{"target": 0.17929154586285023, "params": {"eta": 0.7118879201019028, "max_depth": 28.182597582262407, "n_estimators": 10.81293243359795}, "datetime": {"datetime": "2021-09-24 12:24:35", "elapsed": 798.460835, "delta": 2.020279}}
{"target": 0.18646514602706754, "params": {"eta": 0.6635700949968263, "max_depth": 6.2478745646296465, "n_estimators": 14.469502980127764}, "datetime": {"datetime": "2021-09-24 12:24:39", "elapsed": 802.269489, "delta": 3.808654}}
{"target": 0.2703761887211855, "params": {"eta": 0.6011385413738614, "max_depth": 6.897195698307957, "n_estimators": 16.00128783684875}, "datetime": {"datetime": "2021-09-24 12:24:44", "elapsed": 806.642606, "delta": 4.373117}}
{"target": 0.26894451904003747, "params": {"eta": 0.7361289056318405, "max_depth": 4.97261379283173, "n_estimators": 18.83578486497566}, "datetime": {"datetime": "2021-09-24 12:24:49", "elapsed": 811.969005, "delta": 5.326399}}
{"target": 0.22145809243610914, "params": {"eta": 0.690666244297969, "max_depth": 23.298503140757454, "n_estimators": 38.1067217280919}, "datetime": {"datetime": "2021-09-24 12:24:54", "elapsed": 816.801683, "delta": 4.832678}}
{"target": 0.21182577026186422, "params": {"eta": 0.42357686010538736, "max_depth": 10.927119555535093, "n_estimators": 18.57354338197692}, "datetime": {"datetime": "2021-09-24 12:24:56", "elapsed": 819.238547, "delta": 2.436864}}
{"target": 0.3845384277620758, "params": {"eta": 0.18051120470381724, "max_depth": 18.647605582018635, "n_estimators": 39.683840577057495}, "datetime": {"datetime": "2021-09-24 12:25:01", "elapsed": 824.025853, "delta": 4.787306}}
{"target": 0.06405660459318707, "params": {"eta": 0.7857677724524087, "max_depth": 14.148319615020192, "n_estimators": 21.143107665342264}, "datetime": {"datetime": "2021-09-24 12:25:05", "elapsed": 827.57048, "delta": 3.544627}}
{"target": -0.03494622347228549, "params": {"eta": 1.0, "max_depth": 26.318104413642466, "n_estimators": 38.95365866780968}, "datetime": {"datetime": "2021-09-24 12:25:09", "elapsed": 831.613605, "delta": 4.043125}}
{"target": 0.391219293182939, "params": {"eta": 0.30564085275447084, "max_depth": 4.05597414032188, "n_estimators": 16.85552512484211}, "datetime": {"datetime": "2021-09-24 12:25:12", "elapsed": 834.624605, "delta": 3.011}}
{"target": 0.2547580988184768, "params": {"eta": 0.19019601238690653, "max_depth": 10.820848412471554, "n_estimators": 20.34945179520639}, "datetime": {"datetime": "2021-09-24 12:25:14", "elapsed": 836.492716, "delta": 1.868111}}
{"target": -3.8823724698241566, "params": {"eta": 0.001, "max_depth": 6.02945635603582, "n_estimators": 15.000908212989566}, "datetime": {"datetime": "2021-09-24 12:25:18", "elapsed": 840.791896, "delta": 4.29918}}
{"target": 0.15847341218707156, "params": {"eta": 0.6613107724846843, "max_depth": 3.200742724469746, "n_estimators": 24.503049544355882}, "datetime": {"datetime": "2021-09-24 12:25:20", "elapsed": 842.648528, "delta": 1.856632}}
{"target": 0.3151370795615278, "params": {"eta": 0.1361425321182836, "max_depth": 12.24408732399209, "n_estimators": 34.03025953530301}, "datetime": {"datetime": "2021-09-24 12:25:22", "elapsed": 844.745156, "delta": 2.096628}}
{"target": 0.297740898270493, "params": {"eta": 0.6109109132810387, "max_depth": 7.932799162846933, "n_estimators": 10.581469184868487}, "datetime": {"datetime": "2021-09-24 12:25:24", "elapsed": 846.772162, "delta": 2.027006}}
{"target": 0.029225293165519473, "params": {"eta": 0.9348385880953745, "max_depth": 4.055285011463924, "n_estimators": 24.543254101634517}, "datetime": {"datetime": "2021-09-24 12:25:27", "elapsed": 850.233181, "delta": 3.461019}}
{"target": -0.04172273711143637, "params": {"eta": 0.9909718881164777, "max_depth": 6.762446249373985, "n_estimators": 14.983924577360913}, "datetime": {"datetime": "2021-09-24 12:25:31", "elapsed": 853.508181, "delta": 3.275}}
{"target": -0.03630010003130746, "params": {"eta": 0.95966124549308, "max_depth": 5.334734491132949, "n_estimators": 15.807609730549153}, "datetime": {"datetime": "2021-09-24 12:25:34", "elapsed": 856.707907, "delta": 3.199726}}
{"target": 0.12166730943788495, "params": {"eta": 0.824075378948488, "max_depth": 23.24731157524551, "n_estimators": 43.88352865421989}, "datetime": {"datetime": "2021-09-24 12:25:36", "elapsed": 858.994549, "delta": 2.286642}}
{"target": 0.21650251862150527, "params": {"eta": 0.3901691363732218, "max_depth": 22.659267512729734, "n_estimators": 21.419909605511172}, "datetime": {"datetime": "2021-09-24 12:25:38", "elapsed": 861.008554, "delta": 2.014005}}
{"target": 0.22251711844718425, "params": {"eta": 0.7050405677295891, "max_depth": 3.493032222296536, "n_estimators": 24.95669471328004}, "datetime": {"datetime": "2021-09-24 12:25:43", "elapsed": 865.991133, "delta": 4.982579}}
{"target": 0.31257818119700276, "params": {"eta": 0.19097582122131432, "max_depth": 12.955305039991474, "n_estimators": 33.79068417362156}, "datetime": {"datetime": "2021-09-24 12:25:47", "elapsed": 869.96435, "delta": 3.973217}}
{"target": 0.3343534858418077, "params": {"eta": 0.3240250472958302, "max_depth": 20.08114701526202, "n_estimators": 18.075709802286983}, "datetime": {"datetime": "2021-09-24 12:25:49", "elapsed": 872.077409, "delta": 2.113059}}
