{"target": -40.17923337856413, "params": {"eta": 0.31, "max_depth": 29.374498517013095, "n_estimators": 46.60255829865688}, "datetime": {"datetime": "2021-09-29 14:59:13", "elapsed": 19.877479, "delta": 0.534131}}
{"target": -40.1652478367196, "params": {"eta": 0.31, "max_depth": 20.15704251125257, "n_estimators": 52.52476802947218}, "datetime": {"datetime": "2021-09-29 14:59:14", "elapsed": 20.60748, "delta": 0.730001}}
{"target": -40.37200431188445, "params": {"eta": 0.31, "max_depth": 15.302292618116494, "n_estimators": 50.136941805365005}, "datetime": {"datetime": "2021-09-29 14:59:14", "elapsed": 21.196802, "delta": 0.589322}}
{"target": -40.179609306693926, "params": {"eta": 0.31, "max_depth": 25.0453981597912, "n_estimators": 54.9852070528934}, "datetime": {"datetime": "2021-09-29 14:59:15", "elapsed": 21.818801, "delta": 0.621999}}
{"target": -38.91650155337965, "params": {"eta": 0.31, "max_depth": 6.618084314104038, "n_estimators": 6.538653520636738}, "datetime": {"datetime": "2021-09-29 14:59:15", "elapsed": 22.064798, "delta": 0.245997}}
{"target": -40.17956973076274, "params": {"eta": 0.31, "max_depth": 29.651089017164757, "n_estimators": 52.20631846716697}, "datetime": {"datetime": "2021-09-29 14:59:16", "elapsed": 22.650803, "delta": 0.586005}}
{"target": -40.16548658302844, "params": {"eta": 0.31, "max_depth": 20.34289154802719, "n_estimators": 58.402258453478794}, "datetime": {"datetime": "2021-09-29 14:59:16", "elapsed": 23.367053, "delta": 0.71625}}
{"target": -40.37222641982453, "params": {"eta": 0.31, "max_depth": 15.595030664156514, "n_estimators": 55.74648538000949}, "datetime": {"datetime": "2021-09-29 14:59:17", "elapsed": 24.022055, "delta": 0.655002}}
{"target": -40.17971105345055, "params": {"eta": 0.31, "max_depth": 25.409223405686635, "n_estimators": 60.38505089922274}, "datetime": {"datetime": "2021-09-29 14:59:18", "elapsed": 24.709849, "delta": 0.687794}}
{"target": -40.17964909611996, "params": {"eta": 0.31, "max_depth": 29.54479628913289, "n_estimators": 57.216573899923716}, "datetime": {"datetime": "2021-09-29 14:59:18", "elapsed": 25.355554, "delta": 0.645705}}
{"target": -40.178972613977656, "params": {"eta": 0.31, "max_depth": 22.009693370690663, "n_estimators": 64.44680451328156}, "datetime": {"datetime": "2021-09-29 14:59:19", "elapsed": 26.072551, "delta": 0.716997}}
{"target": -40.17482427255045, "params": {"eta": 0.31, "max_depth": 23.666254717098983, "n_estimators": 69.68888009883442}, "datetime": {"datetime": "2021-09-29 14:59:20", "elapsed": 26.777558, "delta": 0.705007}}
{"target": -40.17971764998524, "params": {"eta": 0.31, "max_depth": 26.911134224389848, "n_estimators": 65.76496515918208}, "datetime": {"datetime": "2021-09-29 14:59:21", "elapsed": 27.558742, "delta": 0.781184}}
{"target": -40.179727786865456, "params": {"eta": 0.31, "max_depth": 29.96026739841032, "n_estimators": 62.22373474251542}, "datetime": {"datetime": "2021-09-29 14:59:21", "elapsed": 28.197739, "delta": 0.638997}}
{"target": -40.17973036511471, "params": {"eta": 0.31, "max_depth": 28.67717788249903, "n_estimators": 70.86409271628449}, "datetime": {"datetime": "2021-09-29 14:59:22", "elapsed": 28.898736, "delta": 0.700997}}
{"target": -40.17973112268321, "params": {"eta": 0.31, "max_depth": 25.134934151399467, "n_estimators": 74.69793840685277}, "datetime": {"datetime": "2021-09-29 14:59:23", "elapsed": 29.600789, "delta": 0.702053}}
{"target": -40.1655489495745, "params": {"eta": 0.31, "max_depth": 20.120594723186493, "n_estimators": 75.43615736573079}, "datetime": {"datetime": "2021-09-29 14:59:23", "elapsed": 30.34879, "delta": 0.748001}}
{"target": -37.536837090643054, "params": {"eta": 0.31, "max_depth": 18.765152011209782, "n_estimators": 6.173845197021844}, "datetime": {"datetime": "2021-09-29 14:59:24", "elapsed": 30.646789, "delta": 0.297999}}
{"target": -40.1748296079147, "params": {"eta": 0.31, "max_depth": 23.147242339316215, "n_estimators": 79.84537182070906}, "datetime": {"datetime": "2021-09-29 14:59:24", "elapsed": 31.379909, "delta": 0.73312}}
{"target": -40.17973129220516, "params": {"eta": 0.31, "max_depth": 28.563892765104768, "n_estimators": 78.89485364241219}, "datetime": {"datetime": "2021-09-29 14:59:25", "elapsed": 32.028908, "delta": 0.648999}}
{"target": -40.17973150410762, "params": {"eta": 0.31, "max_depth": 26.654161598889672, "n_estimators": 83.79812831194246}, "datetime": {"datetime": "2021-09-29 14:59:26", "elapsed": 32.870909, "delta": 0.842001}}
{"target": -40.14466135096112, "params": {"eta": 0.31, "max_depth": 21.599170362596514, "n_estimators": 85.36457738782227}, "datetime": {"datetime": "2021-09-29 14:59:27", "elapsed": 33.604452, "delta": 0.733543}}
{"target": -39.28313937137439, "params": {"eta": 0.31, "max_depth": 11.544998410116255, "n_estimators": 9.515761679314268}, "datetime": {"datetime": "2021-09-29 14:59:27", "elapsed": 33.948452, "delta": 0.344}}
{"target": -40.53996161988918, "params": {"eta": 0.31, "max_depth": 17.931902767869584, "n_estimators": 81.37547738529658}, "datetime": {"datetime": "2021-09-29 14:59:28", "elapsed": 34.647142, "delta": 0.69869}}
{"target": -40.179731546488114, "params": {"eta": 0.31, "max_depth": 25.680797515672605, "n_estimators": 89.20868880296275}, "datetime": {"datetime": "2021-09-29 14:59:28", "elapsed": 35.356443, "delta": 0.709301}}
{"target": -40.16554928861843, "params": {"eta": 0.31, "max_depth": 20.533957501261575, "n_estimators": 90.63562470050347}, "datetime": {"datetime": "2021-09-29 14:59:29", "elapsed": 36.235448, "delta": 0.879005}}
{"target": -40.32903363855885, "params": {"eta": 0.31, "max_depth": 16.494813421936293, "n_estimators": 87.32948369021523}, "datetime": {"datetime": "2021-09-29 14:59:30", "elapsed": 36.971446, "delta": 0.735998}}
{"target": -40.179731546488114, "params": {"eta": 0.31, "max_depth": 24.245863896688345, "n_estimators": 94.46179966002607}, "datetime": {"datetime": "2021-09-29 14:59:31", "elapsed": 37.768396, "delta": 0.79695}}
{"target": -40.187218001876545, "params": {"eta": 0.31, "max_depth": 18.905706940045924, "n_estimators": 95.7844058636831}, "datetime": {"datetime": "2021-09-29 14:59:31", "elapsed": 38.489393, "delta": 0.720997}}
{"target": -39.779168214511245, "params": {"eta": 0.31, "max_depth": 14.813926952450542, "n_estimators": 92.47099069633451}, "datetime": {"datetime": "2021-09-29 14:59:32", "elapsed": 39.230398, "delta": 0.741005}}
{"target": -39.95960399286056, "params": {"eta": 0.31, "max_depth": 13.816141289767796, "n_estimators": 97.16381301496764}, "datetime": {"datetime": "2021-09-29 14:59:33", "elapsed": 40.031396, "delta": 0.800998}}
{"target": -42.30818714417484, "params": {"eta": 0.31, "max_depth": 10.276644819532436, "n_estimators": 93.98792643393966}, "datetime": {"datetime": "2021-09-29 14:59:34", "elapsed": 40.735398, "delta": 0.704002}}
{"target": -37.536837090643054, "params": {"eta": 0.31, "max_depth": 24.72927722313902, "n_estimators": 6.634111913519844}, "datetime": {"datetime": "2021-09-29 14:59:34", "elapsed": 41.065677, "delta": 0.330279}}
{"target": -40.179731546488114, "params": {"eta": 0.31, "max_depth": 29.5453156703883, "n_estimators": 92.85904580649822}, "datetime": {"datetime": "2021-09-29 14:59:35", "elapsed": 41.918859, "delta": 0.853182}}
{"target": -40.179731546488114, "params": {"eta": 0.31, "max_depth": 28.839336571270923, "n_estimators": 98.01416794252182}, "datetime": {"datetime": "2021-09-29 14:59:36", "elapsed": 42.96338, "delta": 1.044521}}
{"target": -40.17482826352129, "params": {"eta": 0.31, "max_depth": 23.538184057147564, "n_estimators": 99.89529211826448}, "datetime": {"datetime": "2021-09-29 14:59:37", "elapsed": 43.864584, "delta": 0.901204}}
{"target": -41.14086640300184, "params": {"eta": 0.31, "max_depth": 8.494152520367166, "n_estimators": 33.31729812018293}, "datetime": {"datetime": "2021-09-29 14:59:37", "elapsed": 44.413542, "delta": 0.548958}}
{"target": -65.65768249713419, "params": {"eta": 0.31, "max_depth": 11.084542908190214, "n_estimators": 1.0021731215295528}, "datetime": {"datetime": "2021-09-29 15:01:38", "elapsed": 0.0, "delta": 0.0}}
{"target": -43.01670250041372, "params": {"eta": 0.31, "max_depth": 3.0545824714395824, "n_estimators": 2.7544333006071584}, "datetime": {"datetime": "2021-09-29 15:01:38", "elapsed": 0.023994, "delta": 0.023994}}
{"target": -38.077654474842284, "params": {"eta": 0.31, "max_depth": 5.837850178602668, "n_estimators": 8.53858201038273}, "datetime": {"datetime": "2021-09-29 15:01:39", "elapsed": 0.065996, "delta": 0.042002}}
{"target": -44.18421590462115, "params": {"eta": 0.31, "max_depth": 6.8687232016461275, "n_estimators": 14.01917050753843}, "datetime": {"datetime": "2021-09-29 15:01:39", "elapsed": 0.132992, "delta": 0.066996}}
{"target": -65.65768249713419, "params": {"eta": 0.31, "max_depth": 13.293644109473236, "n_estimators": 1.520364270760597}, "datetime": {"datetime": "2021-09-29 15:01:39", "elapsed": 0.155992, "delta": 0.023}}
{"target": -40.877889178649454, "params": {"eta": 0.31, "max_depth": 1.0568426951957952, "n_estimators": 9.94017070627117}, "datetime": {"datetime": "2021-09-29 15:01:39", "elapsed": 0.298994, "delta": 0.143002}}
{"target": -39.69660489178508, "params": {"eta": 0.31, "max_depth": 14.640545652618727, "n_estimators": 19.965970607937017}, "datetime": {"datetime": "2021-09-29 15:01:39", "elapsed": 0.601612, "delta": 0.302618}}
{"target": -39.52551787676788, "params": {"eta": 0.31, "max_depth": 1.1160309652898763, "n_estimators": 19.9789239649066}, "datetime": {"datetime": "2021-09-29 15:01:39", "elapsed": 0.763616, "delta": 0.162004}}
{"target": -39.247128275206514, "params": {"eta": 0.31, "max_depth": 14.964771809485907, "n_estimators": 13.07066184717261}, "datetime": {"datetime": "2021-09-29 15:01:39", "elapsed": 1.011613, "delta": 0.247997}}
{"target": -41.023782107251996, "params": {"eta": 0.31, "max_depth": 8.036902168519825, "n_estimators": 19.97780057631109}, "datetime": {"datetime": "2021-09-29 15:01:40", "elapsed": 1.251616, "delta": 0.240003}}
{"target": -37.4802510684019, "params": {"eta": 0.31, "max_depth": 1.0011666509976294, "n_estimators": 5.774810276440322}, "datetime": {"datetime": "2021-09-29 15:01:40", "elapsed": 1.414613, "delta": 0.162997}}
{"target": -39.80228590564276, "params": {"eta": 0.31, "max_depth": 12.510221394814188, "n_estimators": 16.355910025978766}, "datetime": {"datetime": "2021-09-29 15:01:40", "elapsed": 1.684613, "delta": 0.27}}
{"target": -39.96855636373036, "params": {"eta": 0.31, "max_depth": 10.795980479358489, "n_estimators": 10.360296253289164}, "datetime": {"datetime": "2021-09-29 15:01:40", "elapsed": 1.890614, "delta": 0.206001}}
{"target": -36.63258399306951, "params": {"eta": 0.31, "max_depth": 3.32871861674748, "n_estimators": 6.843037276688687}, "datetime": {"datetime": "2021-09-29 15:01:40", "elapsed": 2.043614, "delta": 0.153}}
{"target": -39.48383367113141, "params": {"eta": 0.31, "max_depth": 14.975623178118019, "n_estimators": 16.476030208912068}, "datetime": {"datetime": "2021-09-29 15:01:41", "elapsed": 2.293612, "delta": 0.249998}}
{"target": -37.58223994772532, "params": {"eta": 0.31, "max_depth": 3.282859326329912, "n_estimators": 8.216480775506977}, "datetime": {"datetime": "2021-09-29 15:01:41", "elapsed": 2.449859, "delta": 0.156247}}
{"target": -36.4139582979294, "params": {"eta": 0.31, "max_depth": 4.7725258715817445, "n_estimators": 6.713126116410565}, "datetime": {"datetime": "2021-09-29 15:01:41", "elapsed": 2.620859, "delta": 0.171}}
{"target": -40.04006171861217, "params": {"eta": 0.31, "max_depth": 1.0047170837763144, "n_estimators": 16.41203540761201}, "datetime": {"datetime": "2021-09-29 15:01:41", "elapsed": 2.78686, "delta": 0.166001}}
{"target": -41.57615665433875, "params": {"eta": 0.31, "max_depth": 4.046989501664798, "n_estimators": 19.97218250978865}, "datetime": {"datetime": "2021-09-29 15:01:41", "elapsed": 2.972857, "delta": 0.185997}}
{"target": -38.40609070152683, "params": {"eta": 0.31, "max_depth": 14.999544109084878, "n_estimators": 9.756716804781094}, "datetime": {"datetime": "2021-09-29 15:01:42", "elapsed": 3.180859, "delta": 0.208002}}
{"target": -41.53807024673316, "params": {"eta": 0.31, "max_depth": 11.731021227132421, "n_estimators": 19.938027994646134}, "datetime": {"datetime": "2021-09-29 15:01:42", "elapsed": 3.468858, "delta": 0.287999}}
{"target": -38.91650155337965, "params": {"eta": 0.31, "max_depth": 6.620117118829725, "n_estimators": 6.736697803898155}, "datetime": {"datetime": "2021-09-29 15:01:42", "elapsed": 3.670863, "delta": 0.202005}}
{"target": -37.858840646433734, "params": {"eta": 0.31, "max_depth": 4.533348777922023, "n_estimators": 7.3401757704581465}, "datetime": {"datetime": "2021-09-29 15:01:42", "elapsed": 3.848857, "delta": 0.177994}}
{"target": -38.5900924598124, "params": {"eta": 0.31, "max_depth": 3.9434202525537394, "n_estimators": 11.723863836714889}, "datetime": {"datetime": "2021-09-29 15:01:42", "elapsed": 4.044577, "delta": 0.19572}}
{"target": -34.22945830677306, "params": {"eta": 0.31, "max_depth": 5.065339493384932, "n_estimators": 4.738478646052878}, "datetime": {"datetime": "2021-09-29 15:01:43", "elapsed": 4.223577, "delta": 0.179}}
{"target": -35.386738383358164, "params": {"eta": 0.31, "max_depth": 3.8503871863047565, "n_estimators": 5.080211773216371}, "datetime": {"datetime": "2021-09-29 15:01:43", "elapsed": 4.390004, "delta": 0.166427}}
{"target": -40.52029089885873, "params": {"eta": 0.31, "max_depth": 11.9993358876542, "n_estimators": 12.978797847501287}, "datetime": {"datetime": "2021-09-29 15:01:43", "elapsed": 4.641003, "delta": 0.250999}}
{"target": -39.73206980656586, "params": {"eta": 0.31, "max_depth": 7.2566707991047394, "n_estimators": 10.629775467747434}, "datetime": {"datetime": "2021-09-29 15:01:43", "elapsed": 4.871999, "delta": 0.230996}}
{"target": -34.258675740311325, "params": {"eta": 0.31, "max_depth": 5.283547764611314, "n_estimators": 5.427703794073451}, "datetime": {"datetime": "2021-09-29 15:01:43", "elapsed": 5.053003, "delta": 0.181004}}
{"target": -35.19721648605143, "params": {"eta": 0.31, "max_depth": 4.723791830086425, "n_estimators": 5.28470050868506}, "datetime": {"datetime": "2021-09-29 15:01:44", "elapsed": 5.241009, "delta": 0.188006}}
{"target": -39.42644963901235, "params": {"eta": 0.31, "max_depth": 6.709216651690002, "n_estimators": 3.883672935422985}, "datetime": {"datetime": "2021-09-29 15:01:44", "elapsed": 5.426008, "delta": 0.184999}}
{"target": -40.529176202484045, "params": {"eta": 0.31, "max_depth": 1.0292114701048454, "n_estimators": 13.306234891841019}, "datetime": {"datetime": "2021-09-29 15:01:44", "elapsed": 5.628008, "delta": 0.202}}
{"target": -37.778081192758854, "params": {"eta": 0.31, "max_depth": 14.965570458665864, "n_estimators": 7.1022063918843115}, "datetime": {"datetime": "2021-09-29 15:01:44", "elapsed": 5.876006, "delta": 0.247998}}
{"target": -38.03541492550689, "params": {"eta": 0.31, "max_depth": 12.696523391416193, "n_estimators": 8.046812906399623}, "datetime": {"datetime": "2021-09-29 15:01:45", "elapsed": 6.127003, "delta": 0.250997}}
{"target": -41.516020005418085, "params": {"eta": 0.31, "max_depth": 4.011545960688874, "n_estimators": 16.4406247281486}, "datetime": {"datetime": "2021-09-29 15:01:45", "elapsed": 6.334005, "delta": 0.207002}}
{"target": -41.660985655117535, "params": {"eta": 0.31, "max_depth": 9.381866697111224, "n_estimators": 16.940874005156758}, "datetime": {"datetime": "2021-09-29 15:01:45", "elapsed": 6.642435, "delta": 0.30843}}
{"target": -38.452050801582374, "params": {"eta": 0.31, "max_depth": 13.041089624282408, "n_estimators": 10.275258663535823}, "datetime": {"datetime": "2021-09-29 15:01:45", "elapsed": 6.912432, "delta": 0.269997}}
{"target": -39.34548960648723, "params": {"eta": 0.31, "max_depth": 1.1446279210702666, "n_estimators": 7.424673222074344}, "datetime": {"datetime": "2021-09-29 15:01:46", "elapsed": 7.160437, "delta": 0.248005}}
{"target": -35.045723307751736, "params": {"eta": 0.31, "max_depth": 2.411620545176334, "n_estimators": 5.282033692972391}, "datetime": {"datetime": "2021-09-29 15:01:46", "elapsed": 7.370432, "delta": 0.209995}}
{"target": -40.96524611578467, "params": {"eta": 0.31, "max_depth": 4.474631635350074, "n_estimators": 10.035063424942242}, "datetime": {"datetime": "2021-09-29 15:01:46", "elapsed": 7.613433, "delta": 0.243001}}
{"target": -39.29536930678587, "params": {"eta": 0.31, "max_depth": 3.2450542895604046, "n_estimators": 13.891122501125636}, "datetime": {"datetime": "2021-09-29 15:01:46", "elapsed": 7.872431, "delta": 0.258998}}
{"target": -34.22945830677306, "params": {"eta": 0.31, "max_depth": 5.875237983528388, "n_estimators": 4.9091858680050215}, "datetime": {"datetime": "2021-09-29 15:01:47", "elapsed": 8.078437, "delta": 0.206006}}
{"target": -35.86944767809979, "params": {"eta": 0.31, "max_depth": 1.0024880525686342, "n_estimators": 4.2814607162743945}, "datetime": {"datetime": "2021-09-29 15:01:47", "elapsed": 8.278435, "delta": 0.199998}}
{"target": -61.188878426058146, "params": {"eta": 0.31, "max_depth": 1.0446487357788308, "n_estimators": 1.0722833163313716}, "datetime": {"datetime": "2021-09-29 15:01:47", "elapsed": 8.478616, "delta": 0.200181}}
{"target": -38.62884994948792, "params": {"eta": 0.31, "max_depth": 9.528455960822077, "n_estimators": 8.24924693696434}, "datetime": {"datetime": "2021-09-29 15:01:47", "elapsed": 8.743616, "delta": 0.265}}
{"target": -33.53415958600321, "params": {"eta": 0.31, "max_depth": 2.640110677304944, "n_estimators": 4.3692959955440696}, "datetime": {"datetime": "2021-09-29 15:01:47", "elapsed": 8.986726, "delta": 0.24311}}
{"target": -35.86944767809979, "params": {"eta": 0.31, "max_depth": 1.940271732628492, "n_estimators": 4.498418290368157}, "datetime": {"datetime": "2021-09-29 15:01:48", "elapsed": 9.217726, "delta": 0.231}}
{"target": -37.904723240061124, "params": {"eta": 0.31, "max_depth": 11.012396937390793, "n_estimators": 6.389111352676151}, "datetime": {"datetime": "2021-09-29 15:01:48", "elapsed": 9.468725, "delta": 0.250999}}
{"target": -44.67763550476361, "params": {"eta": 0.31, "max_depth": 6.406567962709479, "n_estimators": 17.96266007630028}, "datetime": {"datetime": "2021-09-29 15:01:48", "elapsed": 9.727724, "delta": 0.258999}}
{"target": -37.345369844268156, "params": {"eta": 0.31, "max_depth": 13.37592317464082, "n_estimators": 6.122962964976132}, "datetime": {"datetime": "2021-09-29 15:01:48", "elapsed": 10.005726, "delta": 0.278002}}
{"target": -37.610313729948736, "params": {"eta": 0.31, "max_depth": 14.98937665557801, "n_estimators": 5.35359427177837}, "datetime": {"datetime": "2021-09-29 15:01:49", "elapsed": 10.253727, "delta": 0.248001}}
{"target": -35.07581617120557, "params": {"eta": 0.31, "max_depth": 3.622244105684732, "n_estimators": 4.0408103289404425}, "datetime": {"datetime": "2021-09-29 15:01:49", "elapsed": 10.471939, "delta": 0.218212}}
{"target": -41.496303154978655, "params": {"eta": 0.31, "max_depth": 10.022173101478426, "n_estimators": 14.232855206332554}, "datetime": {"datetime": "2021-09-29 15:01:49", "elapsed": 10.793938, "delta": 0.321999}}
{"target": -39.81792435761573, "params": {"eta": 0.31, "max_depth": 13.670838640536278, "n_estimators": 18.176621345762868}, "datetime": {"datetime": "2021-09-29 15:01:50", "elapsed": 11.142942, "delta": 0.349004}}
{"target": -39.09412733930429, "params": {"eta": 0.31, "max_depth": 2.272511572751254, "n_estimators": 18.265619290476238}, "datetime": {"datetime": "2021-09-29 15:01:50", "elapsed": 11.43094, "delta": 0.287998}}
{"target": -38.89214633668792, "params": {"eta": 0.31, "max_depth": 14.989852516740928, "n_estimators": 11.3265848754839}, "datetime": {"datetime": "2021-09-29 15:01:50", "elapsed": 11.752941, "delta": 0.322001}}
{"target": -33.53415958600321, "params": {"eta": 0.31, "max_depth": 2.8992228234534894, "n_estimators": 4.703776722248915}, "datetime": {"datetime": "2021-09-29 15:01:50", "elapsed": 12.005941, "delta": 0.253}}
{"target": -39.1083095616712, "params": {"eta": 0.31, "max_depth": 7.638231586301961, "n_estimators": 8.887993348394515}, "datetime": {"datetime": "2021-09-29 15:01:51", "elapsed": 12.33294, "delta": 0.326999}}
{"target": -39.91624425161151, "params": {"eta": 0.31, "max_depth": 2.414606837594416, "n_estimators": 11.803137593891071}, "datetime": {"datetime": "2021-09-29 15:01:51", "elapsed": 12.590073, "delta": 0.257133}}
{"target": -39.5695659528357, "params": {"eta": 0.31, "max_depth": 13.688919598990946, "n_estimators": 14.671472043191482}, "datetime": {"datetime": "2021-09-29 15:01:51", "elapsed": 12.924071, "delta": 0.333998}}
{"target": -35.07581617120557, "params": {"eta": 0.31, "max_depth": 3.1012385548655, "n_estimators": 4.279163534535488}, "datetime": {"datetime": "2021-09-29 15:01:52", "elapsed": 13.184075, "delta": 0.260004}}
{"target": -65.54322677289642, "params": {"eta": 0.31, "max_depth": 5.76645071833294, "n_estimators": 1.0038379554705843}, "datetime": {"datetime": "2021-09-29 15:01:52", "elapsed": 13.425072, "delta": 0.240997}}
{"target": -37.34228319684683, "params": {"eta": 0.31, "max_depth": 8.698169534805302, "n_estimators": 5.315683105468463}, "datetime": {"datetime": "2021-09-29 15:01:52", "elapsed": 13.701443, "delta": 0.276371}}
{"target": -40.24734677692529, "params": {"eta": 0.31, "max_depth": 9.05735689470757, "n_estimators": 11.858975824691075}, "datetime": {"datetime": "2021-09-29 15:01:52", "elapsed": 14.017218, "delta": 0.315775}}
{"target": -37.40984166434931, "params": {"eta": 0.31, "max_depth": 9.123921808520592, "n_estimators": 6.684996922649644}, "datetime": {"datetime": "2021-09-29 15:01:53", "elapsed": 14.333219, "delta": 0.316001}}
{"target": -41.47834670659511, "params": {"eta": 0.31, "max_depth": 11.054102344950937, "n_estimators": 18.012936174328868}, "datetime": {"datetime": "2021-09-29 15:01:53", "elapsed": 14.75411, "delta": 0.420891}}
