{"target": -39.07815396441983, "params": {"eta": 0.1556730929825186, "max_depth": 2.815585042863126, "n_estimators": 97.70876198360253}, "datetime": {"datetime": "2021-09-29 15:30:24", "elapsed": 339.351551, "delta": 1.463001}}
{"target": -42.16984087310932, "params": {"eta": 0.37430826293163133, "max_depth": 19.770577726731897, "n_estimators": 57.45813992072828}, "datetime": {"datetime": "2021-09-29 15:30:26", "elapsed": 341.078757, "delta": 1.727206}}
{"target": -38.66984302199506, "params": {"eta": 0.12263094371422496, "max_depth": 4.796668761783714, "n_estimators": 25.25268371586041}, "datetime": {"datetime": "2021-09-29 15:30:27", "elapsed": 342.518904, "delta": 1.440147}}
{"target": -40.3476827774506, "params": {"eta": 0.257460921447008, "max_depth": 19.666061367146366, "n_estimators": 56.11015081707336}, "datetime": {"datetime": "2021-09-29 15:30:29", "elapsed": 344.394196, "delta": 1.875292}}
{"target": -36.02618550102702, "params": {"eta": 0.05386464567030306, "max_depth": 7.740492413380268, "n_estimators": 49.422320070591915}, "datetime": {"datetime": "2021-09-29 15:30:30", "elapsed": 345.862191, "delta": 1.467995}}
{"target": -39.84232287432726, "params": {"eta": 0.3845358954264294, "max_depth": 10.860357280282155, "n_estimators": 48.16941989367157}, "datetime": {"datetime": "2021-09-29 15:30:32", "elapsed": 347.620225, "delta": 1.758034}}
{"target": -37.91683918098669, "params": {"eta": 0.08613514216655051, "max_depth": 14.152431744326341, "n_estimators": 66.83628880580324}, "datetime": {"datetime": "2021-09-29 15:30:34", "elapsed": 349.454111, "delta": 1.833886}}
{"target": -42.192548897608454, "params": {"eta": 0.49407612137414, "max_depth": 26.55271424536524, "n_estimators": 43.36900793602542}, "datetime": {"datetime": "2021-09-29 15:30:36", "elapsed": 351.08145, "delta": 1.627339}}
{"target": -36.49911725072856, "params": {"eta": 0.04869389649504712, "max_depth": 12.221599214328107, "n_estimators": 28.377597331682733}, "datetime": {"datetime": "2021-09-29 15:30:38", "elapsed": 353.164717, "delta": 2.083267}}
{"target": -38.73612276757579, "params": {"eta": 0.2461816528512599, "max_depth": 2.054284072288815, "n_estimators": 24.115790505930015}, "datetime": {"datetime": "2021-09-29 15:30:39", "elapsed": 354.316169, "delta": 1.151452}}
{"target": -42.51147191268487, "params": {"eta": 0.3325905291636713, "max_depth": 4.594657868376001, "n_estimators": 82.78639245506949}, "datetime": {"datetime": "2021-09-29 15:30:40", "elapsed": 355.70017, "delta": 1.384001}}
{"target": -41.0842730131413, "params": {"eta": 0.42679734652946316, "max_depth": 11.485302793581303, "n_estimators": 10.968251448403002}, "datetime": {"datetime": "2021-09-29 15:30:42", "elapsed": 357.115928, "delta": 1.415758}}
{"target": -41.24178813075182, "params": {"eta": 0.34245954198439404, "max_depth": 15.778561002352411, "n_estimators": 80.92604477531722}, "datetime": {"datetime": "2021-09-29 15:30:44", "elapsed": 359.025961, "delta": 1.910033}}
{"target": -42.780841662584685, "params": {"eta": 0.43289727583148124, "max_depth": 17.970216374913836, "n_estimators": 21.832681343110377}, "datetime": {"datetime": "2021-09-29 15:30:45", "elapsed": 360.592751, "delta": 1.56679}}
{"target": -37.98085585323822, "params": {"eta": 0.41182266267957596, "max_depth": 1.4796145570400272, "n_estimators": 82.81567345756815}, "datetime": {"datetime": "2021-09-29 15:30:47", "elapsed": 362.612415, "delta": 2.019664}}
{"target": -39.366458063555996, "params": {"eta": 0.15835936705419695, "max_depth": 28.49444571677074, "n_estimators": 76.87877111746177}, "datetime": {"datetime": "2021-09-29 15:30:50", "elapsed": 365.309234, "delta": 2.696819}}
{"target": -39.097937652523804, "params": {"eta": 0.4386391151051558, "max_depth": 19.320451214422803, "n_estimators": 44.719166704046856}, "datetime": {"datetime": "2021-09-29 15:30:52", "elapsed": 367.07139, "delta": 1.762156}}
{"target": -41.23893398329224, "params": {"eta": 0.3485839378008836, "max_depth": 21.020438546932887, "n_estimators": 43.923521604018156}, "datetime": {"datetime": "2021-09-29 15:30:53", "elapsed": 368.879902, "delta": 1.808512}}
{"target": -61.83856996230279, "params": {"eta": 0.048594674703247916, "max_depth": 12.133229123123856, "n_estimators": 8.80723110577768}, "datetime": {"datetime": "2021-09-29 15:30:55", "elapsed": 370.194894, "delta": 1.314992}}
{"target": -37.70998101073293, "params": {"eta": 0.24582089476675428, "max_depth": 7.746560803124053, "n_estimators": 11.082751459740201}, "datetime": {"datetime": "2021-09-29 15:30:56", "elapsed": 371.534633, "delta": 1.339739}}
{"target": -42.87354915711712, "params": {"eta": 0.4888626676813987, "max_depth": 11.814239704058565, "n_estimators": 94.31049232728427}, "datetime": {"datetime": "2021-09-29 15:30:58", "elapsed": 373.195314, "delta": 1.660681}}
{"target": -39.76076649601574, "params": {"eta": 0.17579469977991943, "max_depth": 23.183263208102126, "n_estimators": 65.01070105292492}, "datetime": {"datetime": "2021-09-29 15:31:00", "elapsed": 375.138474, "delta": 1.94316}}
{"target": -40.08231586174939, "params": {"eta": 0.10446083495306965, "max_depth": 21.762429266145478, "n_estimators": 67.10414229455404}, "datetime": {"datetime": "2021-09-29 15:31:01", "elapsed": 376.852615, "delta": 1.714141}}
{"target": -41.911817972546366, "params": {"eta": 0.20277554232889056, "max_depth": 23.358527481828087, "n_estimators": 37.18403028605622}, "datetime": {"datetime": "2021-09-29 15:31:03", "elapsed": 378.698403, "delta": 1.845788}}
{"target": -38.73931990465281, "params": {"eta": 0.14100835280853732, "max_depth": 23.30275055223578, "n_estimators": 36.72939789911042}, "datetime": {"datetime": "2021-09-29 15:31:05", "elapsed": 380.781289, "delta": 2.082886}}
{"target": -38.024995946967195, "params": {"eta": 0.16216004311675705, "max_depth": 16.914386268843167, "n_estimators": 26.72195417195689}, "datetime": {"datetime": "2021-09-29 15:31:07", "elapsed": 382.505578, "delta": 1.724289}}
{"target": -35.962973482707675, "params": {"eta": 0.11335182463584917, "max_depth": 5.773527457429745, "n_estimators": 19.245123688951704}, "datetime": {"datetime": "2021-09-29 15:31:08", "elapsed": 383.862335, "delta": 1.356757}}
{"target": -39.46793548989182, "params": {"eta": 0.3322248671886835, "max_depth": 12.406786019347877, "n_estimators": 47.2763324741953}, "datetime": {"datetime": "2021-09-29 15:31:10", "elapsed": 385.43794, "delta": 1.575605}}
{"target": -39.155961992109454, "params": {"eta": 0.22819947393542106, "max_depth": 24.648001999388207, "n_estimators": 96.95938492689885}, "datetime": {"datetime": "2021-09-29 15:31:13", "elapsed": 388.304761, "delta": 2.866821}}
{"target": -39.41119009033474, "params": {"eta": 0.16159738999620835, "max_depth": 15.310924911006882, "n_estimators": 99.4826019706416}, "datetime": {"datetime": "2021-09-29 15:31:16", "elapsed": 391.04019, "delta": 2.735429}}
{"target": -40.30392116825276, "params": {"eta": 0.4659411790351111, "max_depth": 27.94564363871222, "n_estimators": 89.14487651982968}, "datetime": {"datetime": "2021-09-29 15:31:17", "elapsed": 392.867415, "delta": 1.827225}}
{"target": -39.13710658332668, "params": {"eta": 0.2261096992594854, "max_depth": 24.90291670992362, "n_estimators": 39.6187827815279}, "datetime": {"datetime": "2021-09-29 15:31:19", "elapsed": 394.708777, "delta": 1.841362}}
{"target": -40.303923061752926, "params": {"eta": 0.4686729078979965, "max_depth": 24.241068986104665, "n_estimators": 41.58211189567182}, "datetime": {"datetime": "2021-09-29 15:31:21", "elapsed": 396.599777, "delta": 1.891}}
{"target": -41.12788096577626, "params": {"eta": 0.12361528057358023, "max_depth": 27.356997503331616, "n_estimators": 60.515675449714706}, "datetime": {"datetime": "2021-09-29 15:31:23", "elapsed": 398.602711, "delta": 2.002934}}
{"target": -39.22230560854202, "params": {"eta": 0.32623170293524173, "max_depth": 26.98008971346288, "n_estimators": 25.434544138717992}, "datetime": {"datetime": "2021-09-29 15:31:25", "elapsed": 400.479709, "delta": 1.876998}}
{"target": -41.30863082974326, "params": {"eta": 0.3391972876016311, "max_depth": 23.44994818634138, "n_estimators": 95.31760310000028}, "datetime": {"datetime": "2021-09-29 15:31:28", "elapsed": 403.065431, "delta": 2.585722}}
{"target": -40.486597953938016, "params": {"eta": 0.19482675867740368, "max_depth": 10.587293804015438, "n_estimators": 83.48847692745635}, "datetime": {"datetime": "2021-09-29 15:31:30", "elapsed": 405.077203, "delta": 2.011772}}
{"target": -37.00612442532666, "params": {"eta": 0.16619016951891666, "max_depth": 17.010097430772884, "n_estimators": 66.52462009632721}, "datetime": {"datetime": "2021-09-29 15:31:32", "elapsed": 407.230531, "delta": 2.153328}}
{"target": -40.60527962907404, "params": {"eta": 0.4631470396647737, "max_depth": 21.361609095052017, "n_estimators": 23.089776855352213}, "datetime": {"datetime": "2021-09-29 15:31:34", "elapsed": 409.388289, "delta": 2.157758}}
{"target": -41.957122151894595, "params": {"eta": 0.19807463698306876, "max_depth": 18.925676832086474, "n_estimators": 90.64451520376103}, "datetime": {"datetime": "2021-09-29 15:31:38", "elapsed": 413.297532, "delta": 3.909243}}
{"target": -42.49426716894233, "params": {"eta": 0.3400767301688063, "max_depth": 6.646752190847666, "n_estimators": 96.8732769362465}, "datetime": {"datetime": "2021-09-29 15:31:40", "elapsed": 415.519715, "delta": 2.222183}}
{"target": -39.341765015447606, "params": {"eta": 0.09022748459922894, "max_depth": 3.950225672719576, "n_estimators": 60.2578400804627}, "datetime": {"datetime": "2021-09-29 15:31:42", "elapsed": 417.347271, "delta": 1.827556}}
{"target": -37.9270997232716, "params": {"eta": 0.08154490703993053, "max_depth": 11.577559432019685, "n_estimators": 52.17645078224467}, "datetime": {"datetime": "2021-09-29 15:31:45", "elapsed": 420.143575, "delta": 2.796304}}
{"target": -40.30749566748774, "params": {"eta": 0.4673021108783707, "max_depth": 23.83238923237224, "n_estimators": 88.99136078894992}, "datetime": {"datetime": "2021-09-29 15:31:48", "elapsed": 422.967081, "delta": 2.823506}}
{"target": -35.902118926698186, "params": {"eta": 0.05578667036193752, "max_depth": 16.556480705289303, "n_estimators": 37.89696053684019}, "datetime": {"datetime": "2021-09-29 15:31:50", "elapsed": 425.461376, "delta": 2.494295}}
{"target": -40.6664874320942, "params": {"eta": 0.21368535829873178, "max_depth": 13.171499733140774, "n_estimators": 56.161954618485765}, "datetime": {"datetime": "2021-09-29 15:31:52", "elapsed": 427.804595, "delta": 2.343219}}
{"target": -37.998711884075675, "params": {"eta": 0.42897290470106303, "max_depth": 1.6581080826911232, "n_estimators": 87.02948192141845}, "datetime": {"datetime": "2021-09-29 15:31:54", "elapsed": 429.808768, "delta": 2.004173}}
{"target": -41.19292352060584, "params": {"eta": 0.11937378405614697, "max_depth": 19.769954187982957, "n_estimators": 73.28510251544851}, "datetime": {"datetime": "2021-09-29 15:31:57", "elapsed": 432.244397, "delta": 2.435629}}
{"target": -42.00552141416499, "params": {"eta": 0.38366231351314195, "max_depth": 8.39743285306615, "n_estimators": 94.15906771646296}, "datetime": {"datetime": "2021-09-29 15:32:00", "elapsed": 435.037041, "delta": 2.792644}}
{"target": -42.998645865210726, "params": {"eta": 0.3407600702645975, "max_depth": 13.151015695167743, "n_estimators": 38.71797178331882}, "datetime": {"datetime": "2021-09-29 15:32:02", "elapsed": 437.247038, "delta": 2.209997}}
{"target": -39.99768754721735, "params": {"eta": 0.42719846966991487, "max_depth": 7.58580050469276, "n_estimators": 59.87684681812974}, "datetime": {"datetime": "2021-09-29 15:32:04", "elapsed": 439.413635, "delta": 2.166597}}
{"target": -39.791608924594094, "params": {"eta": 0.14157238829550864, "max_depth": 17.125834325932463, "n_estimators": 81.73721161419746}, "datetime": {"datetime": "2021-09-29 15:32:07", "elapsed": 442.092776, "delta": 2.679141}}
{"target": -43.918769199905086, "params": {"eta": 0.41755454521416013, "max_depth": 20.51527863505234, "n_estimators": 58.917760123949336}, "datetime": {"datetime": "2021-09-29 15:32:09", "elapsed": 444.285368, "delta": 2.192592}}
{"target": -38.99712233330306, "params": {"eta": 0.09796505558458392, "max_depth": 25.190512639333864, "n_estimators": 39.66418502279832}, "datetime": {"datetime": "2021-09-29 15:32:11", "elapsed": 446.444365, "delta": 2.158997}}
{"target": -40.342066760285554, "params": {"eta": 0.4665629744310343, "max_depth": 16.098570177869483, "n_estimators": 23.626153972721227}, "datetime": {"datetime": "2021-09-29 15:32:13", "elapsed": 448.471687, "delta": 2.027322}}
{"target": -41.73614841990029, "params": {"eta": 0.3790202030240096, "max_depth": 19.14334589622334, "n_estimators": 62.578779224376305}, "datetime": {"datetime": "2021-09-29 15:32:16", "elapsed": 451.315748, "delta": 2.844061}}
{"target": -34.92517560690274, "params": {"eta": 0.03332026281208895, "max_depth": 3.6312365248717438, "n_estimators": 71.53116075892831}, "datetime": {"datetime": "2021-09-29 15:32:18", "elapsed": 453.283553, "delta": 1.967805}}
{"target": -57.97873332974538, "params": {"eta": 0.05921646616729537, "max_depth": 2.499019840180165, "n_estimators": 7.515476067410126}, "datetime": {"datetime": "2021-09-29 15:32:20", "elapsed": 455.891989, "delta": 2.608436}}
{"target": -33.82561832364427, "params": {"eta": 0.17399905892010595, "max_depth": 22.943517174324413, "n_estimators": 12.946983509893847}, "datetime": {"datetime": "2021-09-29 15:32:22", "elapsed": 457.805285, "delta": 1.913296}}
{"target": -38.275184622682225, "params": {"eta": 0.01889885499478084, "max_depth": 13.77005583268565, "n_estimators": 58.61826386052721}, "datetime": {"datetime": "2021-09-29 15:32:24", "elapsed": 459.933011, "delta": 2.127726}}
{"target": -36.57716899156954, "params": {"eta": 0.10996066296606152, "max_depth": 15.429220199678449, "n_estimators": 13.542152219617789}, "datetime": {"datetime": "2021-09-29 15:32:27", "elapsed": 462.000355, "delta": 2.067344}}
{"target": -41.07107082586557, "params": {"eta": 0.30169867592918465, "max_depth": 13.098163150026458, "n_estimators": 36.61058450267244}, "datetime": {"datetime": "2021-09-29 15:32:30", "elapsed": 464.941947, "delta": 2.941592}}
{"target": -37.48477305634605, "params": {"eta": 0.21032011213018015, "max_depth": 1.367826540240114, "n_estimators": 98.64407508216807}, "datetime": {"datetime": "2021-09-29 15:32:31", "elapsed": 466.934656, "delta": 1.992709}}
{"target": -40.144173300990474, "params": {"eta": 0.4488840401879895, "max_depth": 27.094239907886358, "n_estimators": 36.44657216896445}, "datetime": {"datetime": "2021-09-29 15:32:34", "elapsed": 469.771854, "delta": 2.837198}}
{"target": -41.20246377576599, "params": {"eta": 0.4580652535202275, "max_depth": 10.808836037869787, "n_estimators": 15.290629789100239}, "datetime": {"datetime": "2021-09-29 15:32:36", "elapsed": 471.715847, "delta": 1.943993}}
{"target": -39.151237949602944, "params": {"eta": 0.23488535272459868, "max_depth": 20.214736468104423, "n_estimators": 82.59434190004828}, "datetime": {"datetime": "2021-09-29 15:32:39", "elapsed": 474.496775, "delta": 2.780928}}
{"target": -36.532107825250606, "params": {"eta": 0.1684304897816273, "max_depth": 4.713654825777564, "n_estimators": 13.685632980778331}, "datetime": {"datetime": "2021-09-29 15:32:42", "elapsed": 476.999946, "delta": 2.503171}}
{"target": -39.461903995492186, "params": {"eta": 0.21633232092849403, "max_depth": 2.227333250370301, "n_estimators": 99.52943368571577}, "datetime": {"datetime": "2021-09-29 15:32:44", "elapsed": 479.075584, "delta": 2.075638}}
{"target": -40.44589728559133, "params": {"eta": 0.3626045460175311, "max_depth": 23.22139391554726, "n_estimators": 15.076987680866221}, "datetime": {"datetime": "2021-09-29 15:32:46", "elapsed": 481.08131, "delta": 2.005726}}
{"target": -40.265908047135724, "params": {"eta": 0.45402397750869905, "max_depth": 14.509409019511741, "n_estimators": 77.82787591877847}, "datetime": {"datetime": "2021-09-29 15:32:48", "elapsed": 483.497997, "delta": 2.416687}}
{"target": -42.154405059283725, "params": {"eta": 0.3663436967126952, "max_depth": 28.66768575870809, "n_estimators": 55.05053113113452}, "datetime": {"datetime": "2021-09-29 15:32:51", "elapsed": 485.971175, "delta": 2.473178}}
{"target": -41.20693353626108, "params": {"eta": 0.11442692317318334, "max_depth": 11.64784538511911, "n_estimators": 86.53417373337255}, "datetime": {"datetime": "2021-09-29 15:32:53", "elapsed": 488.627775, "delta": 2.6566}}
{"target": -43.44132420944412, "params": {"eta": 0.3108616926973209, "max_depth": 7.398562331027648, "n_estimators": 98.35668593465452}, "datetime": {"datetime": "2021-09-29 15:32:57", "elapsed": 492.33291, "delta": 3.705135}}
{"target": -40.68995625550366, "params": {"eta": 0.36117490458735435, "max_depth": 23.068300454266193, "n_estimators": 86.60062855533174}, "datetime": {"datetime": "2021-09-29 15:33:00", "elapsed": 495.378399, "delta": 3.045489}}
{"target": -36.699636937954544, "params": {"eta": 0.03905682806116818, "max_depth": 28.650001588293225, "n_estimators": 96.11937343545154}, "datetime": {"datetime": "2021-09-29 15:33:03", "elapsed": 497.955713, "delta": 2.577314}}
{"target": -38.834256298136374, "params": {"eta": 0.21875604920233505, "max_depth": 22.546056817142524, "n_estimators": 14.012065579404018}, "datetime": {"datetime": "2021-09-29 15:33:04", "elapsed": 499.916255, "delta": 1.960542}}
{"target": -40.37128627970361, "params": {"eta": 0.07464051075581983, "max_depth": 16.58009821247994, "n_estimators": 89.14312066309402}, "datetime": {"datetime": "2021-09-29 15:33:08", "elapsed": 503.174199, "delta": 3.257944}}
{"target": -38.094810303118294, "params": {"eta": 0.10452614373057968, "max_depth": 17.414578498970435, "n_estimators": 33.57130062722042}, "datetime": {"datetime": "2021-09-29 15:33:10", "elapsed": 505.277432, "delta": 2.103233}}
{"target": -39.70872856732207, "params": {"eta": 0.10846752461784193, "max_depth": 13.262566596705264, "n_estimators": 93.09093851383747}, "datetime": {"datetime": "2021-09-29 15:33:12", "elapsed": 507.807747, "delta": 2.530315}}
{"target": -40.548432828871974, "params": {"eta": 0.45711605699811786, "max_depth": 5.771027092963945, "n_estimators": 94.60871337711755}, "datetime": {"datetime": "2021-09-29 15:33:14", "elapsed": 509.775174, "delta": 1.967427}}
{"target": -37.562961258960776, "params": {"eta": 0.09124829800517309, "max_depth": 25.724827742279743, "n_estimators": 14.489492105884402}, "datetime": {"datetime": "2021-09-29 15:33:16", "elapsed": 511.869171, "delta": 2.093997}}
{"target": -34.922255234171615, "params": {"eta": 0.02055561867678717, "max_depth": 7.604990190916222, "n_estimators": 89.93979951368387}, "datetime": {"datetime": "2021-09-29 15:33:19", "elapsed": 514.476521, "delta": 2.60735}}
{"target": -39.83634295538268, "params": {"eta": 0.2284291366510871, "max_depth": 7.248394295644317, "n_estimators": 98.81007438613027}, "datetime": {"datetime": "2021-09-29 15:33:21", "elapsed": 516.896595, "delta": 2.420074}}
{"target": -41.535885051098745, "params": {"eta": 0.13164900252708778, "max_depth": 20.260582688364405, "n_estimators": 89.28151006466041}, "datetime": {"datetime": "2021-09-29 15:33:24", "elapsed": 519.803636, "delta": 2.907041}}
{"target": -39.914924573199244, "params": {"eta": 0.294381359662449, "max_depth": 26.713677830010248, "n_estimators": 54.86770612495635}, "datetime": {"datetime": "2021-09-29 15:33:27", "elapsed": 522.911248, "delta": 3.107612}}
{"target": -36.26645884399639, "params": {"eta": 0.1748548426553202, "max_depth": 28.51384485444326, "n_estimators": 26.278943889338873}, "datetime": {"datetime": "2021-09-29 15:33:30", "elapsed": 524.979504, "delta": 2.068256}}
{"target": -39.76098811257506, "params": {"eta": 0.18213887781251117, "max_depth": 21.75966544790808, "n_estimators": 66.57016178612727}, "datetime": {"datetime": "2021-09-29 15:33:33", "elapsed": 528.170874, "delta": 3.19137}}
{"target": -38.357218789797045, "params": {"eta": 0.06450356655943415, "max_depth": 16.30203029218517, "n_estimators": 82.42902332053856}, "datetime": {"datetime": "2021-09-29 15:33:35", "elapsed": 530.716176, "delta": 2.545302}}
{"target": -40.70847096422068, "params": {"eta": 0.20566140484222528, "max_depth": 5.490123601519393, "n_estimators": 42.266276737129935}, "datetime": {"datetime": "2021-09-29 15:33:37", "elapsed": 532.629286, "delta": 1.91311}}
{"target": -42.10376878906992, "params": {"eta": 0.37065677235320904, "max_depth": 21.17377253887287, "n_estimators": 21.947387541697314}, "datetime": {"datetime": "2021-09-29 15:33:39", "elapsed": 534.727344, "delta": 2.098058}}
{"target": -37.22397384830981, "params": {"eta": 0.3572946828018907, "max_depth": 1.541157285987125, "n_estimators": 53.24974294298928}, "datetime": {"datetime": "2021-09-29 15:33:41", "elapsed": 536.701835, "delta": 1.974491}}
{"target": -40.36791278468387, "params": {"eta": 0.16008937022686764, "max_depth": 8.26892656505092, "n_estimators": 72.93179256629445}, "datetime": {"datetime": "2021-09-29 15:33:44", "elapsed": 539.07455, "delta": 2.372715}}
{"target": -38.30791539966145, "params": {"eta": 0.26199793575214614, "max_depth": 9.834920531331678, "n_estimators": 9.483216125729449}, "datetime": {"datetime": "2021-09-29 15:33:46", "elapsed": 541.009546, "delta": 1.934996}}
{"target": -51.903813186153826, "params": {"eta": 0.01962479153483196, "max_depth": 16.53512620597845, "n_estimators": 29.31220962458096}, "datetime": {"datetime": "2021-09-29 15:33:48", "elapsed": 543.509993, "delta": 2.500447}}
{"target": -37.90872448327309, "params": {"eta": 0.057844235081914684, "max_depth": 26.15825200546667, "n_estimators": 72.45373054626609}, "datetime": {"datetime": "2021-09-29 15:33:50", "elapsed": 545.923991, "delta": 2.413998}}
