{"target": 0.3865545870699971, "params": {"eta": 0.13342890166310364, "max_depth": 3.9515925851844234, "n_estimators": 65.0842369124123}, "datetime": {"datetime": "2021-09-24 13:50:09", "elapsed": 11.068333, "delta": 0.910885}}
{"target": 0.34069341842181544, "params": {"eta": 0.08, "max_depth": 4.0, "n_estimators": 100.0}, "datetime": {"datetime": "2021-09-24 13:50:09", "elapsed": 11.618083, "delta": 0.54975}}
{"target": 0.39010275012477824, "params": {"eta": 0.5898441480103211, "max_depth": 1.009607920906869, "n_estimators": 14.319801966965938}, "datetime": {"datetime": "2021-09-24 13:50:10", "elapsed": 12.308519, "delta": 0.690436}}
{"target": 0.36203805216924856, "params": {"eta": 0.5689088592996548, "max_depth": 1.0470025413557558, "n_estimators": 97.05754314983793}, "datetime": {"datetime": "2021-09-24 13:50:11", "elapsed": 13.076752, "delta": 0.768233}}
{"target": 0.38172115794534545, "params": {"eta": 0.08, "max_depth": 4.0, "n_estimators": 40.03222253173467}, "datetime": {"datetime": "2021-09-24 13:50:11", "elapsed": 13.578586, "delta": 0.501834}}
{"target": 0.254454666991209, "params": {"eta": 0.6, "max_depth": 4.0, "n_estimators": 10.357470061473485}, "datetime": {"datetime": "2021-09-24 13:50:12", "elapsed": 14.030588, "delta": 0.452002}}
{"target": 0.4035692652121098, "params": {"eta": 0.6, "max_depth": 1.0, "n_estimators": 38.51863311347883}, "datetime": {"datetime": "2021-09-24 13:50:12", "elapsed": 14.441585, "delta": 0.410997}}
{"target": 0.442137980253534, "params": {"eta": 0.08, "max_depth": 1.0, "n_estimators": 57.69162778380485}, "datetime": {"datetime": "2021-09-24 13:50:13", "elapsed": 14.832715, "delta": 0.39113}}
{"target": 0.4551790612328048, "params": {"eta": 0.1463321456605802, "max_depth": 1.0251310191120027, "n_estimators": 76.83095706849667}, "datetime": {"datetime": "2021-09-24 13:50:13", "elapsed": 15.290912, "delta": 0.458197}}
{"target": 0.42400299046661005, "params": {"eta": 0.08, "max_depth": 1.0, "n_estimators": 42.14210073597493}, "datetime": {"datetime": "2021-09-24 13:50:13", "elapsed": 15.71132, "delta": 0.420408}}
{"target": 0.451994802215706, "params": {"eta": 0.26113058650810267, "max_depth": 1.0284821254628385, "n_estimators": 91.91735947398317}, "datetime": {"datetime": "2021-09-24 13:50:14", "elapsed": 16.260317, "delta": 0.548997}}
{"target": 0.35288202193433527, "params": {"eta": 0.08, "max_depth": 4.0, "n_estimators": 28.969869761877693}, "datetime": {"datetime": "2021-09-24 13:50:15", "elapsed": 16.716318, "delta": 0.456001}}
{"target": 0.191784830533256, "params": {"eta": 0.08, "max_depth": 1.0, "n_estimators": 18.05855446801116}, "datetime": {"datetime": "2021-09-24 13:50:15", "elapsed": 17.020533, "delta": 0.304215}}
{"target": 0.3947832100595239, "params": {"eta": 0.6, "max_depth": 1.0, "n_estimators": 12.011828231447556}, "datetime": {"datetime": "2021-09-24 13:50:15", "elapsed": 17.458727, "delta": 0.438194}}
{"target": 0.3559134377204455, "params": {"eta": 0.08, "max_depth": 4.0, "n_estimators": 72.1973594170258}, "datetime": {"datetime": "2021-09-24 13:50:16", "elapsed": 18.064131, "delta": 0.605404}}
{"target": 0.35790122336678154, "params": {"eta": 0.6, "max_depth": 1.0, "n_estimators": 86.86033047267475}, "datetime": {"datetime": "2021-09-24 13:50:16", "elapsed": 18.637129, "delta": 0.572998}}
{"target": 0.4460090376155913, "params": {"eta": 0.08, "max_depth": 1.0, "n_estimators": 82.34241419112905}, "datetime": {"datetime": "2021-09-24 13:50:17", "elapsed": 19.099205, "delta": 0.462076}}
{"target": 0.44991427699596953, "params": {"eta": 0.22046705066100297, "max_depth": 1.0687717737381859, "n_estimators": 33.95161271156595}, "datetime": {"datetime": "2021-09-24 13:50:17", "elapsed": 19.545424, "delta": 0.446219}}
{"target": 0.3923884043022773, "params": {"eta": 0.5494585854015372, "max_depth": 1.0752740906101188, "n_estimators": 55.81194315169716}, "datetime": {"datetime": "2021-09-24 13:50:18", "elapsed": 20.040428, "delta": 0.495004}}
{"target": 0.38508447051956174, "params": {"eta": 0.6, "max_depth": 1.0, "n_estimators": 51.78533770942515}, "datetime": {"datetime": "2021-09-24 13:50:18", "elapsed": 20.576426, "delta": 0.535998}}
{"target": 0.3822498082755118, "params": {"eta": 0.08, "max_depth": 1.0, "n_estimators": 29.385841319074274}, "datetime": {"datetime": "2021-09-24 13:50:19", "elapsed": 21.38735, "delta": 0.810924}}
{"target": 0.3963725011165713, "params": {"eta": 0.6, "max_depth": 1.0, "n_estimators": 23.420940261898945}, "datetime": {"datetime": "2021-09-24 13:50:20", "elapsed": 21.787348, "delta": 0.399998}}
{"target": 0.4117532344403899, "params": {"eta": 0.5358606448140248, "max_depth": 1.0353215787130923, "n_estimators": 63.65502943089318}, "datetime": {"datetime": "2021-09-24 13:50:20", "elapsed": 22.27235, "delta": 0.485002}}
{"target": 0.3633852613392481, "params": {"eta": 0.6, "max_depth": 1.0, "n_estimators": 78.02018039667445}, "datetime": {"datetime": "2021-09-24 13:50:20", "elapsed": 22.711123, "delta": 0.438773}}
{"target": 0.41305228171381325, "params": {"eta": 0.08555192415602639, "max_depth": 3.984401035662258, "n_estimators": 42.58330843235844}, "datetime": {"datetime": "2021-09-24 13:50:21", "elapsed": 23.225684, "delta": 0.514561}}
{"target": 0.4426262293064629, "params": {"eta": 0.08, "max_depth": 1.0, "n_estimators": 60.13037782328071}, "datetime": {"datetime": "2021-09-24 13:50:22", "elapsed": 23.726396, "delta": 0.500712}}
{"target": 0.3737545828917759, "params": {"eta": 0.15581644936551933, "max_depth": 3.99264205754344, "n_estimators": 67.60686345168975}, "datetime": {"datetime": "2021-09-24 13:50:22", "elapsed": 24.250401, "delta": 0.524005}}
{"target": 0.44721100741540776, "params": {"eta": 0.09370379123044768, "max_depth": 2.1599629118973023, "n_estimators": 75.22395776821057}, "datetime": {"datetime": "2021-09-24 13:50:23", "elapsed": 24.800403, "delta": 0.550002}}
{"target": 0.31799515042940274, "params": {"eta": 0.5786142633101599, "max_depth": 2.389193492339773, "n_estimators": 41.55745901064785}, "datetime": {"datetime": "2021-09-24 13:50:23", "elapsed": 25.257556, "delta": 0.457153}}
{"target": 0.37559691394804395, "params": {"eta": 0.08, "max_depth": 4.0, "n_estimators": 46.775249994393384}, "datetime": {"datetime": "2021-09-24 13:50:24", "elapsed": 25.863011, "delta": 0.605455}}
{"target": 0.41581615159895635, "params": {"eta": 0.08, "max_depth": 1.0, "n_estimators": 39.82602126533713}, "datetime": {"datetime": "2021-09-24 13:50:24", "elapsed": 26.353605, "delta": 0.490594}}
{"target": 0.43007305914149296, "params": {"eta": 0.08, "max_depth": 1.0, "n_estimators": 46.84953396499718}, "datetime": {"datetime": "2021-09-24 13:50:25", "elapsed": 26.792608, "delta": 0.439003}}
{"target": 0.4498649478619339, "params": {"eta": 0.10317984784945218, "max_depth": 2.1887429087705605, "n_estimators": 37.45504806556041}, "datetime": {"datetime": "2021-09-24 13:50:25", "elapsed": 27.269846, "delta": 0.477238}}
{"target": 0.3743141581600352, "params": {"eta": 0.08, "max_depth": 4.0, "n_estimators": 53.248631962582884}, "datetime": {"datetime": "2021-09-24 13:50:26", "elapsed": 27.848249, "delta": 0.578403}}
{"target": 0.2255424366540253, "params": {"eta": 0.5996573148603884, "max_depth": 2.544996641630349, "n_estimators": 66.04219941698663}, "datetime": {"datetime": "2021-09-24 13:50:26", "elapsed": 28.325244, "delta": 0.476995}}
{"target": 0.4444159400878632, "params": {"eta": 0.08, "max_depth": 1.0, "n_estimators": 70.96677080199404}, "datetime": {"datetime": "2021-09-24 13:50:27", "elapsed": 28.982885, "delta": 0.657641}}
{"target": 0.3477770322615107, "params": {"eta": 0.08, "max_depth": 4.0, "n_estimators": 86.64871878154807}, "datetime": {"datetime": "2021-09-24 13:50:27", "elapsed": 29.578587, "delta": 0.595702}}
{"target": 0.42437817395044664, "params": {"eta": 0.08, "max_depth": 2.5592690954587813, "n_estimators": 31.421645350787628}, "datetime": {"datetime": "2021-09-24 13:50:28", "elapsed": 30.018593, "delta": 0.440006}}
{"target": 0.38748666318566727, "params": {"eta": 0.6, "max_depth": 1.0, "n_estimators": 8.328738081198447}, "datetime": {"datetime": "2021-09-24 13:50:28", "elapsed": 30.50359, "delta": 0.484997}}
{"target": 0.44347908587456086, "params": {"eta": 0.09275118388431602, "max_depth": 2.4973096725323156, "n_estimators": 94.06576574660485}, "datetime": {"datetime": "2021-09-24 13:50:29", "elapsed": 31.114653, "delta": 0.611063}}
{"target": 0.444209745899932, "params": {"eta": 0.08, "max_depth": 1.0, "n_estimators": 62.56266240681199}, "datetime": {"datetime": "2021-09-24 13:50:29", "elapsed": 31.68512, "delta": 0.570467}}
{"target": 0.44693895628036173, "params": {"eta": 0.08404753401839937, "max_depth": 1.123792631422598, "n_estimators": 75.54433456209509}, "datetime": {"datetime": "2021-09-24 13:50:30", "elapsed": 32.260123, "delta": 0.575003}}
{"target": 0.3613737516267902, "params": {"eta": 0.5815757198476487, "max_depth": 1.5059865599086877, "n_estimators": 99.90824077406081}, "datetime": {"datetime": "2021-09-24 13:50:31", "elapsed": 32.807953, "delta": 0.54783}}
{"target": 0.4500488747414565, "params": {"eta": 0.10447446378673853, "max_depth": 1.045093038106059, "n_estimators": 68.57682492459396}, "datetime": {"datetime": "2021-09-24 13:50:31", "elapsed": 33.273269, "delta": 0.465316}}
{"target": 0.41206585345312596, "params": {"eta": 0.08, "max_depth": 1.0, "n_estimators": 37.47372275655849}, "datetime": {"datetime": "2021-09-24 13:50:32", "elapsed": 33.7854, "delta": 0.512131}}
{"target": 0.31933214579716107, "params": {"eta": 0.6, "max_depth": 2.4524691024075276, "n_estimators": 30.025888521843253}, "datetime": {"datetime": "2021-09-24 13:50:32", "elapsed": 34.300404, "delta": 0.515004}}
{"target": 0.44272272634996646, "params": {"eta": 0.08, "max_depth": 2.520508381717945, "n_estimators": 38.91648984169369}, "datetime": {"datetime": "2021-09-24 13:50:33", "elapsed": 34.742404, "delta": 0.442}}
{"target": 0.3624240070853789, "params": {"eta": 0.14898557330714335, "max_depth": 3.825766420669509, "n_estimators": 74.51134641845051}, "datetime": {"datetime": "2021-09-24 13:50:33", "elapsed": 35.313152, "delta": 0.570748}}
{"target": 0.3992714617324339, "params": {"eta": 0.08, "max_depth": 1.0, "n_estimators": 32.418740401740656}, "datetime": {"datetime": "2021-09-24 13:50:34", "elapsed": 36.218005, "delta": 0.904853}}
{"target": 0.41059055399263167, "params": {"eta": 0.5955976802834029, "max_depth": 1.5544352137964577, "n_estimators": 34.68608334529417}, "datetime": {"datetime": "2021-09-24 13:50:35", "elapsed": 36.720003, "delta": 0.501998}}
{"target": 0.24048726495238093, "params": {"eta": 0.08, "max_depth": 4.0, "n_estimators": 20.79788907527601}, "datetime": {"datetime": "2021-09-24 13:50:35", "elapsed": 37.369738, "delta": 0.649735}}
{"target": 0.3636753119314332, "params": {"eta": 0.5656671243761132, "max_depth": 1.0480613167439046, "n_estimators": 90.29654200432363}, "datetime": {"datetime": "2021-09-24 13:50:36", "elapsed": 37.94395, "delta": 0.574212}}
{"target": 0.4009254822048641, "params": {"eta": 0.08179960322427812, "max_depth": 3.9446265333272588, "n_estimators": 94.02074365060767}, "datetime": {"datetime": "2021-09-24 13:50:36", "elapsed": 38.608953, "delta": 0.665003}}
{"target": 0.4098042392336827, "params": {"eta": 0.1321771992874893, "max_depth": 3.851823156729712, "n_estimators": 31.134211888537422}, "datetime": {"datetime": "2021-09-24 13:50:37", "elapsed": 39.117499, "delta": 0.508546}}
{"target": 0.38469250221452744, "params": {"eta": 0.6, "max_depth": 1.0, "n_estimators": 58.820130007486796}, "datetime": {"datetime": "2021-09-24 13:50:37", "elapsed": 39.715721, "delta": 0.598222}}
{"target": 0.45833545189292957, "params": {"eta": 0.08, "max_depth": 2.054703945129174, "n_estimators": 92.63705540482913}, "datetime": {"datetime": "2021-09-24 13:50:38", "elapsed": 40.562722, "delta": 0.847001}}
{"target": 0.45330888896716726, "params": {"eta": 0.09103113563955471, "max_depth": 2.1479893574106517, "n_estimators": 88.13927153389254}, "datetime": {"datetime": "2021-09-24 13:50:39", "elapsed": 41.21072, "delta": 0.647998}}
{"target": 0.3632628627392218, "params": {"eta": 0.08, "max_depth": 4.0, "n_estimators": 62.94142343061195}, "datetime": {"datetime": "2021-09-24 13:50:40", "elapsed": 41.874583, "delta": 0.663863}}
{"target": 0.3581310816426615, "params": {"eta": 0.6, "max_depth": 1.0, "n_estimators": 93.18598127844425}, "datetime": {"datetime": "2021-09-24 13:50:40", "elapsed": 42.351586, "delta": 0.477003}}
{"target": 0.45904910383308206, "params": {"eta": 0.08, "max_depth": 2.283964500915525, "n_estimators": 85.73458563189197}, "datetime": {"datetime": "2021-09-24 13:50:41", "elapsed": 43.082374, "delta": 0.730788}}
{"target": 0.30036691426050044, "params": {"eta": 0.08, "max_depth": 1.0, "n_estimators": 22.30670895115114}, "datetime": {"datetime": "2021-09-24 13:50:41", "elapsed": 43.545984, "delta": 0.46361}}
{"target": 0.38177522450137125, "params": {"eta": 0.08, "max_depth": 4.0, "n_estimators": 37.43274624059546}, "datetime": {"datetime": "2021-09-24 13:50:42", "elapsed": 44.070212, "delta": 0.524228}}
{"target": 0.4517490601598083, "params": {"eta": 0.08932060951798353, "max_depth": 1.160772771349463, "n_estimators": 98.43882921242067}, "datetime": {"datetime": "2021-09-24 13:50:43", "elapsed": 44.724215, "delta": 0.654003}}
{"target": 0.4539762551347277, "params": {"eta": 0.08190522171068167, "max_depth": 2.200787719193819, "n_estimators": 53.395162137160355}, "datetime": {"datetime": "2021-09-24 13:50:43", "elapsed": 45.43274, "delta": 0.708525}}
{"target": 0.45673522094898267, "params": {"eta": 0.08003271766783898, "max_depth": 2.3431932155909543, "n_estimators": 47.75744460819863}, "datetime": {"datetime": "2021-09-24 13:50:44", "elapsed": 45.958492, "delta": 0.525752}}
{"target": 0.45824807178314164, "params": {"eta": 0.0988252423617194, "max_depth": 2.086118852644248, "n_estimators": 50.78406672400996}, "datetime": {"datetime": "2021-09-24 13:50:44", "elapsed": 46.618493, "delta": 0.660001}}
{"target": 0.45929697869886965, "params": {"eta": 0.08, "max_depth": 2.2302811553646675, "n_estimators": 80.27012709600335}, "datetime": {"datetime": "2021-09-24 13:50:45", "elapsed": 47.302078, "delta": 0.683585}}
{"target": 0.45201941610757135, "params": {"eta": 0.09544104665972455, "max_depth": 2.1955776461753307, "n_estimators": 78.43234315412909}, "datetime": {"datetime": "2021-09-24 13:50:46", "elapsed": 48.054284, "delta": 0.752206}}
{"target": 0.4574655790419466, "params": {"eta": 0.08, "max_depth": 2.6089731889089145, "n_estimators": 52.048044543474845}, "datetime": {"datetime": "2021-09-24 13:50:46", "elapsed": 48.617283, "delta": 0.562999}}
{"target": 0.4578486799895144, "params": {"eta": 0.08, "max_depth": 2.0752776084439213, "n_estimators": 72.8617357189837}, "datetime": {"datetime": "2021-09-24 13:50:47", "elapsed": 49.257282, "delta": 0.639999}}
{"target": 0.35268222304437524, "params": {"eta": 0.08, "max_depth": 4.0, "n_estimators": 79.46378376469177}, "datetime": {"datetime": "2021-09-24 13:50:48", "elapsed": 49.963184, "delta": 0.705902}}
{"target": 0.4459374742532881, "params": {"eta": 0.08, "max_depth": 1.0, "n_estimators": 67.16035412437604}, "datetime": {"datetime": "2021-09-24 13:50:48", "elapsed": 50.642187, "delta": 0.679003}}
{"target": 0.4329705939714936, "params": {"eta": 0.0820579884572772, "max_depth": 1.2464461202204082, "n_estimators": 48.73837034938094}, "datetime": {"datetime": "2021-09-24 13:50:49", "elapsed": 51.286111, "delta": 0.643924}}
{"target": 0.4458190728748974, "params": {"eta": 0.08, "max_depth": 1.8882926722670181, "n_estimators": 83.90792225466113}, "datetime": {"datetime": "2021-09-24 13:50:50", "elapsed": 51.857311, "delta": 0.5712}}
{"target": 0.4468168268109205, "params": {"eta": 0.08530644979600151, "max_depth": 1.89985519226004, "n_estimators": 91.03699951390637}, "datetime": {"datetime": "2021-09-24 13:50:50", "elapsed": 52.54431, "delta": 0.686999}}
{"target": 0.4444173379786346, "params": {"eta": 0.08555541584920154, "max_depth": 1.934292712303594, "n_estimators": 76.8894617874486}, "datetime": {"datetime": "2021-09-24 13:50:51", "elapsed": 53.17072, "delta": 0.62641}}
{"target": 0.42499292988410076, "params": {"eta": 0.08, "max_depth": 1.0, "n_estimators": 44.26501054776834}, "datetime": {"datetime": "2021-09-24 13:50:52", "elapsed": 53.783501, "delta": 0.612781}}
{"target": 0.44570142793407796, "params": {"eta": 0.08, "max_depth": 1.0, "n_estimators": 72.57484102556069}, "datetime": {"datetime": "2021-09-24 13:50:52", "elapsed": 54.354497, "delta": 0.570996}}
{"target": 0.44775283210345285, "params": {"eta": 0.08, "max_depth": 1.8496147542535355, "n_estimators": 95.76282629548261}, "datetime": {"datetime": "2021-09-24 13:50:53", "elapsed": 55.130116, "delta": 0.775619}}
{"target": 0.40416320339827705, "params": {"eta": 0.08, "max_depth": 1.0, "n_estimators": 34.92825610292968}, "datetime": {"datetime": "2021-09-24 13:50:54", "elapsed": 55.750838, "delta": 0.620722}}
{"target": 0.4013065145879142, "params": {"eta": 0.5951724565525152, "max_depth": 1.1106204886627937, "n_estimators": 36.4378557358011}, "datetime": {"datetime": "2021-09-24 13:50:54", "elapsed": 56.317542, "delta": 0.566704}}
{"target": 0.3078697454617487, "params": {"eta": 0.5994484590728422, "max_depth": 2.4048685028969814, "n_estimators": 32.73946296550621}, "datetime": {"datetime": "2021-09-24 13:50:55", "elapsed": 56.937542, "delta": 0.62}}
{"target": 0.4022411771373543, "params": {"eta": 0.12038986372926835, "max_depth": 3.8775760002191855, "n_estimators": 59.95908290143852}, "datetime": {"datetime": "2021-09-24 13:50:55", "elapsed": 57.673407, "delta": 0.735865}}
{"target": 0.3574786061522274, "params": {"eta": 0.08, "max_depth": 4.0, "n_estimators": 69.85988898575496}, "datetime": {"datetime": "2021-09-24 13:50:56", "elapsed": 58.375102, "delta": 0.701695}}
{"target": -0.7264338619293178, "params": {"eta": 0.08, "max_depth": 3.291354457540121, "n_estimators": 8.192366941323343}, "datetime": {"datetime": "2021-09-24 13:50:57", "elapsed": 58.923099, "delta": 0.547997}}
{"target": 0.38146943714192216, "params": {"eta": 0.5714527137784507, "max_depth": 3.985145561247567, "n_estimators": 12.418293136102434}, "datetime": {"datetime": "2021-09-24 13:50:57", "elapsed": 59.4531, "delta": 0.530001}}
{"target": 0.222300653640764, "params": {"eta": 0.6, "max_depth": 4.0, "n_estimators": 26.598421544186884}, "datetime": {"datetime": "2021-09-24 13:50:58", "elapsed": 60.260149, "delta": 0.807049}}
{"target": 0.39847339303555085, "params": {"eta": 0.6, "max_depth": 1.0, "n_estimators": 9.881490654634554}, "datetime": {"datetime": "2021-09-24 13:50:59", "elapsed": 60.888147, "delta": 0.627998}}
{"target": 0.22487660461085446, "params": {"eta": 0.13019097366340793, "max_depth": 2.491941718271701, "n_estimators": 11.766723919491316}, "datetime": {"datetime": "2021-09-24 13:50:59", "elapsed": 61.381149, "delta": 0.493002}}
{"target": 0.4344994897433392, "params": {"eta": 0.1505983643630195, "max_depth": 2.4948046265643873, "n_estimators": 58.505553962020834}, "datetime": {"datetime": "2021-09-24 13:51:00", "elapsed": 62.20425, "delta": 0.823101}}
{"target": 0.4344411412439535, "params": {"eta": 0.08, "max_depth": 2.5890491423201594, "n_estimators": 35.94909922331435}, "datetime": {"datetime": "2021-09-24 13:51:01", "elapsed": 62.719895, "delta": 0.515645}}
{"target": 0.3637142468224319, "params": {"eta": 0.6, "max_depth": 1.0, "n_estimators": 80.9849974163197}, "datetime": {"datetime": "2021-09-24 13:51:01", "elapsed": 63.517054, "delta": 0.797159}}
{"target": 0.21930399072205775, "params": {"eta": 0.6, "max_depth": 2.221358919778764, "n_estimators": 71.57888409853066}, "datetime": {"datetime": "2021-09-24 13:51:02", "elapsed": 64.51614, "delta": 0.999086}}
{"target": 0.28188535989839014, "params": {"eta": 0.6, "max_depth": 2.5974816300639176, "n_estimators": 48.95363136083049}, "datetime": {"datetime": "2021-09-24 13:51:03", "elapsed": 65.530978, "delta": 1.014838}}
{"target": 0.4574794019233065, "params": {"eta": 0.08335813879174984, "max_depth": 2.2488879393144856, "n_estimators": 55.44608602457977}, "datetime": {"datetime": "2021-09-24 13:51:04", "elapsed": 66.387776, "delta": 0.856798}}
{"target": 0.35845480975434063, "params": {"eta": 0.5977578603596856, "max_depth": 1.0698784121488416, "n_estimators": 83.3344639848664}, "datetime": {"datetime": "2021-09-24 13:51:05", "elapsed": 67.061835, "delta": 0.674059}}
{"target": 0.4117906761048644, "params": {"eta": 0.10182566189953904, "max_depth": 3.9280697597439977, "n_estimators": 44.45710865653936}, "datetime": {"datetime": "2021-09-24 13:51:06", "elapsed": 67.750356, "delta": 0.688521}}
{"target": 0.44402874165558004, "params": {"eta": 0.09896041669784754, "max_depth": 1.0727135889353314, "n_estimators": 50.43778425296886}, "datetime": {"datetime": "2021-09-24 13:51:06", "elapsed": 68.556358, "delta": 0.806002}}
{"target": 0.43356381872992145, "params": {"eta": 0.12279894331169405, "max_depth": 2.598252465956273, "n_estimators": 98.11160780280237}, "datetime": {"datetime": "2021-09-24 13:51:07", "elapsed": 69.422516, "delta": 0.866158}}
{"target": 0.4587422997402527, "params": {"eta": 0.08, "max_depth": 2.2744025154917487, "n_estimators": 73.93250411510022}, "datetime": {"datetime": "2021-09-24 13:51:08", "elapsed": 70.330155, "delta": 0.907639}}
{"target": 0.4591147166174354, "params": {"eta": 0.08, "max_depth": 2.0300675850453236, "n_estimators": 56.89082389838224}, "datetime": {"datetime": "2021-09-24 13:51:09", "elapsed": 70.976387, "delta": 0.646232}}
{"target": 0.4559099232207009, "params": {"eta": 0.08215653820651259, "max_depth": 2.1999999579696365, "n_estimators": 46.46304006181358}, "datetime": {"datetime": "2021-09-24 13:51:10", "elapsed": 71.836804, "delta": 0.860417}}
