{"target": -37.31244099870495, "params": {"eta": 0.17723603938507027, "max_depth": 1.1269715059059697, "n_estimators": 9.592814319496306}, "datetime": {"datetime": "2021-09-29 14:14:20", "elapsed": 102.009136, "delta": 0.704177}}
{"target": -40.259770702263296, "params": {"eta": 0.32463453649450885, "max_depth": 1.3124648551114917, "n_estimators": 9.26001528747433}, "datetime": {"datetime": "2021-09-29 14:14:21", "elapsed": 102.846133, "delta": 0.836997}}
{"target": -37.625598391970996, "params": {"eta": 0.7805549228511076, "max_depth": 1.7559174156913064, "n_estimators": 14.095788128406467}, "datetime": {"datetime": "2021-09-29 14:14:22", "elapsed": 104.145133, "delta": 1.299}}
{"target": -36.77815473191498, "params": {"eta": 0.19529030064010386, "max_depth": 5.261252773453972, "n_estimators": 11.398475019192961}, "datetime": {"datetime": "2021-09-29 14:14:23", "elapsed": 104.966757, "delta": 0.821624}}
{"target": -41.71363039409557, "params": {"eta": 0.37604693529741373, "max_depth": 16.389255683410077, "n_estimators": 44.61979620820105}, "datetime": {"datetime": "2021-09-29 14:14:24", "elapsed": 106.18124, "delta": 1.214483}}
{"target": -39.69458925298084, "params": {"eta": 0.7043281276958568, "max_depth": 1.8279665877209919, "n_estimators": 13.673262199888502}, "datetime": {"datetime": "2021-09-29 14:14:25", "elapsed": 107.021238, "delta": 0.839998}}
{"target": -37.75831117734851, "params": {"eta": 0.13794292770755734, "max_depth": 1.7274142562006018, "n_estimators": 13.37673305074026}, "datetime": {"datetime": "2021-09-29 14:14:26", "elapsed": 107.807942, "delta": 0.786704}}
{"target": -37.97264164177347, "params": {"eta": 0.3670148710125821, "max_depth": 1.0260593956040673, "n_estimators": 15.20838288714317}, "datetime": {"datetime": "2021-09-29 14:14:26", "elapsed": 108.513944, "delta": 0.706002}}
{"target": -39.167752400821435, "params": {"eta": 0.14511491144068572, "max_depth": 1.8908681697838539, "n_estimators": 14.447444398525228}, "datetime": {"datetime": "2021-09-29 14:14:27", "elapsed": 109.214941, "delta": 0.700997}}
{"target": -37.810035205827226, "params": {"eta": 0.37024669948766514, "max_depth": 1.0, "n_estimators": 17.812611620909543}, "datetime": {"datetime": "2021-09-29 14:14:28", "elapsed": 110.081334, "delta": 0.866393}}
{"target": -80.71425497102845, "params": {"eta": 0.023746001311539644, "max_depth": 22.63277156262887, "n_estimators": 9.599284842781625}, "datetime": {"datetime": "2021-09-29 14:14:28", "elapsed": 110.700334, "delta": 0.619}}
{"target": -36.07636652235001, "params": {"eta": 0.0572653899624996, "max_depth": 16.38323428064658, "n_estimators": 44.00197872338021}, "datetime": {"datetime": "2021-09-29 14:14:30", "elapsed": 112.086052, "delta": 1.385718}}
{"target": -39.04192462592416, "params": {"eta": 0.15940307346497645, "max_depth": 16.695613311565367, "n_estimators": 44.1962998880818}, "datetime": {"datetime": "2021-09-29 14:14:31", "elapsed": 113.227051, "delta": 1.140999}}
{"target": -40.686289459622586, "params": {"eta": 0.34558703673191843, "max_depth": 10.156858109833763, "n_estimators": 36.95066166812186}, "datetime": {"datetime": "2021-09-29 14:14:32", "elapsed": 114.140316, "delta": 0.913265}}
{"target": -42.09116021494136, "params": {"eta": 0.5210586483246998, "max_depth": 7.030225337922822, "n_estimators": 14.61947393787568}, "datetime": {"datetime": "2021-09-29 14:14:33", "elapsed": 115.165916, "delta": 1.0256}}
{"target": -38.04032865019449, "params": {"eta": 0.054913520855345586, "max_depth": 1.3732689518579488, "n_estimators": 16.379730111412837}, "datetime": {"datetime": "2021-09-29 14:14:34", "elapsed": 116.0127, "delta": 0.846784}}
{"target": -38.839551308423346, "params": {"eta": 0.4429445798920576, "max_depth": 1.315493157557749, "n_estimators": 16.399163415908227}, "datetime": {"datetime": "2021-09-29 14:14:35", "elapsed": 116.9917, "delta": 0.979}}
{"target": -40.23204253833555, "params": {"eta": 0.24300286533964838, "max_depth": 16.209382272479957, "n_estimators": 44.23188901351483}, "datetime": {"datetime": "2021-09-29 14:14:36", "elapsed": 118.30439, "delta": 1.31269}}
{"target": -40.03865999686621, "params": {"eta": 0.33501237559709407, "max_depth": 13.12349386376835, "n_estimators": 8.043155040863638}, "datetime": {"datetime": "2021-09-29 14:14:37", "elapsed": 119.041386, "delta": 0.736996}}
{"target": -38.66054687218518, "params": {"eta": 0.1369029671885811, "max_depth": 2.043590913602572, "n_estimators": 33.81289568166558}, "datetime": {"datetime": "2021-09-29 14:14:37", "elapsed": 119.696127, "delta": 0.654741}}
{"target": -39.08111661103828, "params": {"eta": 0.45969985168613925, "max_depth": 1.0, "n_estimators": 18.27626456484819}, "datetime": {"datetime": "2021-09-29 14:14:38", "elapsed": 120.57413, "delta": 0.878003}}
{"target": -42.64893678387515, "params": {"eta": 0.3608450840702033, "max_depth": 6.275347254524318, "n_estimators": 14.71695054545478}, "datetime": {"datetime": "2021-09-29 14:14:39", "elapsed": 121.61413, "delta": 1.04}}
{"target": -38.19193491527424, "params": {"eta": 0.8831988238035473, "max_depth": 1.7500790761297704, "n_estimators": 16.096102737617095}, "datetime": {"datetime": "2021-09-29 14:14:40", "elapsed": 122.343462, "delta": 0.729332}}
{"target": -47.76600568921515, "params": {"eta": 0.9666279123572359, "max_depth": 17.255851303516646, "n_estimators": 23.814176553353562}, "datetime": {"datetime": "2021-09-29 14:14:41", "elapsed": 123.034461, "delta": 0.690999}}
{"target": -39.330743310771055, "params": {"eta": 0.65126135443283, "max_depth": 1.0675037520562318, "n_estimators": 9.770105008266608}, "datetime": {"datetime": "2021-09-29 14:14:42", "elapsed": 123.925854, "delta": 0.891393}}
{"target": -37.4053428181549, "params": {"eta": 0.7871207905061665, "max_depth": 1.4758478225266494, "n_estimators": 15.831785160805635}, "datetime": {"datetime": "2021-09-29 14:14:43", "elapsed": 124.922557, "delta": 0.996703}}
{"target": -40.4166262746858, "params": {"eta": 0.34534259034875575, "max_depth": 3.127358688454324, "n_estimators": 9.352262718255107}, "datetime": {"datetime": "2021-09-29 14:14:43", "elapsed": 125.545559, "delta": 0.623002}}
{"target": -51.55125634889559, "params": {"eta": 0.9753775151333606, "max_depth": 14.680235405417765, "n_estimators": 70.21584427150515}, "datetime": {"datetime": "2021-09-29 14:14:44", "elapsed": 126.342063, "delta": 0.796504}}
{"target": -84.2261225366016, "params": {"eta": 0.01, "max_depth": 1.0, "n_estimators": 13.557432575278506}, "datetime": {"datetime": "2021-09-29 14:14:45", "elapsed": 127.231063, "delta": 0.889}}
{"target": -38.751582074379435, "params": {"eta": 0.5098565546659327, "max_depth": 1.5446150365645912, "n_estimators": 16.02158189025976}, "datetime": {"datetime": "2021-09-29 14:14:46", "elapsed": 128.079254, "delta": 0.848191}}
{"target": -39.33158604155358, "params": {"eta": 0.3190356136289431, "max_depth": 24.297556051926616, "n_estimators": 16.063308158871664}, "datetime": {"datetime": "2021-09-29 14:14:47", "elapsed": 128.795255, "delta": 0.716001}}
{"target": -40.34954434308935, "params": {"eta": 0.6903141995560428, "max_depth": 1.9672130882216723, "n_estimators": 15.410980461048498}, "datetime": {"datetime": "2021-09-29 14:14:47", "elapsed": 129.701466, "delta": 0.906211}}
{"target": -39.687569789578376, "params": {"eta": 0.47867113460179783, "max_depth": 20.261332884616888, "n_estimators": 35.866910948032064}, "datetime": {"datetime": "2021-09-29 14:14:48", "elapsed": 130.632465, "delta": 0.930999}}
{"target": -35.85805863219185, "params": {"eta": 0.11915534932309593, "max_depth": 6.989111218779924, "n_estimators": 14.970132361007767}, "datetime": {"datetime": "2021-09-29 14:14:49", "elapsed": 131.482466, "delta": 0.850001}}
{"target": -46.3192163374233, "params": {"eta": 0.8334561940165913, "max_depth": 16.080467166428427, "n_estimators": 84.9904735682957}, "datetime": {"datetime": "2021-09-29 14:14:50", "elapsed": 132.381767, "delta": 0.899301}}
{"target": -43.87922913429077, "params": {"eta": 0.04608686570868117, "max_depth": 6.688090801461958, "n_estimators": 15.404676170201741}, "datetime": {"datetime": "2021-09-29 14:14:51", "elapsed": 133.302771, "delta": 0.921004}}
{"target": -37.78613810607443, "params": {"eta": 0.8180768796204392, "max_depth": 1.447193186819618, "n_estimators": 16.413301601326676}, "datetime": {"datetime": "2021-09-29 14:14:52", "elapsed": 134.166923, "delta": 0.864152}}
{"target": -34.60763006504267, "params": {"eta": 0.16115745368416756, "max_depth": 3.296026576015747, "n_estimators": 10.356204020612548}, "datetime": {"datetime": "2021-09-29 14:14:53", "elapsed": 134.999886, "delta": 0.832963}}
{"target": -39.53341611431226, "params": {"eta": 0.5982756151819473, "max_depth": 1.3963335604713234, "n_estimators": 60.84416289182174}, "datetime": {"datetime": "2021-09-29 14:14:54", "elapsed": 135.754658, "delta": 0.754772}}
{"target": -38.45681843867986, "params": {"eta": 0.36604797947933815, "max_depth": 1.8015356236776658, "n_estimators": 14.094363935152042}, "datetime": {"datetime": "2021-09-29 14:14:55", "elapsed": 136.829657, "delta": 1.074999}}
{"target": -44.6333518704279, "params": {"eta": 0.4824560412430626, "max_depth": 5.387697907620737, "n_estimators": 11.724298251831618}, "datetime": {"datetime": "2021-09-29 14:14:55", "elapsed": 137.697889, "delta": 0.868232}}
{"target": -39.65465799059507, "params": {"eta": 0.47958626708498003, "max_depth": 16.756441456356136, "n_estimators": 15.670208308553104}, "datetime": {"datetime": "2021-09-29 14:14:56", "elapsed": 138.638891, "delta": 0.941002}}
{"target": -41.43230076224355, "params": {"eta": 0.12517983025780646, "max_depth": 20.107023172069436, "n_estimators": 54.601323802386595}, "datetime": {"datetime": "2021-09-29 14:14:57", "elapsed": 139.599892, "delta": 0.961001}}
{"target": -43.240958724511884, "params": {"eta": 0.6286668380993856, "max_depth": 4.729728144026032, "n_estimators": 67.29097975791952}, "datetime": {"datetime": "2021-09-29 14:14:58", "elapsed": 140.475157, "delta": 0.875265}}
{"target": -41.74955513651263, "params": {"eta": 0.7432377988008476, "max_depth": 3.484419757779353, "n_estimators": 10.378562360558805}, "datetime": {"datetime": "2021-09-29 14:14:59", "elapsed": 141.664771, "delta": 1.189614}}
{"target": -41.18108656062022, "params": {"eta": 0.353304485004333, "max_depth": 16.552436588954613, "n_estimators": 43.62131033916141}, "datetime": {"datetime": "2021-09-29 14:15:01", "elapsed": 142.823291, "delta": 1.15852}}
{"target": -39.06665830586365, "params": {"eta": 0.30397060483482485, "max_depth": 16.52960029255121, "n_estimators": 15.283449780932544}, "datetime": {"datetime": "2021-09-29 14:15:02", "elapsed": 144.060522, "delta": 1.237231}}
{"target": -34.91018433421459, "params": {"eta": 0.11274086201005128, "max_depth": 3.7393482473812307, "n_estimators": 10.7135418161722}, "datetime": {"datetime": "2021-09-29 14:15:03", "elapsed": 144.938177, "delta": 0.877655}}
{"target": -43.61287377274338, "params": {"eta": 0.06900758681020835, "max_depth": 4.114275076320423, "n_estimators": 10.728820822324796}, "datetime": {"datetime": "2021-09-29 14:15:04", "elapsed": 146.0286, "delta": 1.090423}}
{"target": -38.801864128106374, "params": {"eta": 0.14364167919904203, "max_depth": 2.631998105893765, "n_estimators": 90.3900883418305}, "datetime": {"datetime": "2021-09-29 14:15:05", "elapsed": 146.819598, "delta": 0.790998}}
{"target": -37.36141976863328, "params": {"eta": 0.07939343267387618, "max_depth": 29.270534282680746, "n_estimators": 41.05410062562917}, "datetime": {"datetime": "2021-09-29 14:15:06", "elapsed": 147.751218, "delta": 0.93162}}
{"target": -39.622297111369505, "params": {"eta": 0.2673631557168405, "max_depth": 7.2600980766307455, "n_estimators": 61.86196504781476}, "datetime": {"datetime": "2021-09-29 14:15:07", "elapsed": 148.742025, "delta": 0.990807}}
{"target": -43.19978971503535, "params": {"eta": 0.6718124955128129, "max_depth": 4.396748141225952, "n_estimators": 11.217535492730324}, "datetime": {"datetime": "2021-09-29 14:15:07", "elapsed": 149.611636, "delta": 0.869611}}
{"target": -38.07997315830083, "params": {"eta": 0.855621794392268, "max_depth": 1.296556447385937, "n_estimators": 10.28550852372826}, "datetime": {"datetime": "2021-09-29 14:15:08", "elapsed": 150.326805, "delta": 0.715169}}
{"target": -50.53952469885349, "params": {"eta": 0.060409994314403435, "max_depth": 9.75843789549457, "n_estimators": 10.983654448481603}, "datetime": {"datetime": "2021-09-29 14:15:09", "elapsed": 151.151801, "delta": 0.824996}}
{"target": -45.42387881588743, "params": {"eta": 0.6405727337925137, "max_depth": 10.7756353403245, "n_estimators": 25.075962399188974}, "datetime": {"datetime": "2021-09-29 14:15:10", "elapsed": 152.134507, "delta": 0.982706}}
{"target": -39.06588991874143, "params": {"eta": 0.8703147110577173, "max_depth": 1.778207599026169, "n_estimators": 10.418703955874136}, "datetime": {"datetime": "2021-09-29 14:15:11", "elapsed": 153.30951, "delta": 1.175003}}
{"target": -38.37704281907496, "params": {"eta": 0.03175724398911994, "max_depth": 17.155171301129496, "n_estimators": 37.11159553069973}, "datetime": {"datetime": "2021-09-29 14:15:12", "elapsed": 154.176955, "delta": 0.867445}}
{"target": -84.84776145783562, "params": {"eta": 0.01, "max_depth": 7.045997311973066, "n_estimators": 14.589317573954828}, "datetime": {"datetime": "2021-09-29 14:15:13", "elapsed": 155.359877, "delta": 1.182922}}
{"target": -36.99671198787245, "params": {"eta": 0.08649691462509744, "max_depth": 3.0100616656238257, "n_estimators": 10.802150548137021}, "datetime": {"datetime": "2021-09-29 14:15:14", "elapsed": 156.438895, "delta": 1.079018}}
{"target": -40.356176810514185, "params": {"eta": 0.25514985978560034, "max_depth": 21.069098799579187, "n_estimators": 73.84101609603994}, "datetime": {"datetime": "2021-09-29 14:15:15", "elapsed": 157.661898, "delta": 1.223003}}
{"target": -34.60763006504267, "params": {"eta": 0.1578458290607454, "max_depth": 3.2184511776840816, "n_estimators": 10.625398711858582}, "datetime": {"datetime": "2021-09-29 14:15:17", "elapsed": 159.220528, "delta": 1.55863}}
{"target": -43.01593185974526, "params": {"eta": 0.6354510821605264, "max_depth": 6.833629330229611, "n_estimators": 15.069528056520104}, "datetime": {"datetime": "2021-09-29 14:15:18", "elapsed": 160.60475, "delta": 1.384222}}
{"target": -37.849547337235144, "params": {"eta": 0.07959342429472419, "max_depth": 7.07470651393216, "n_estimators": 15.222738475003855}, "datetime": {"datetime": "2021-09-29 14:15:20", "elapsed": 161.796727, "delta": 1.191977}}
{"target": -42.4707767666389, "params": {"eta": 0.4992117388606171, "max_depth": 19.976529965646705, "n_estimators": 9.728145354561812}, "datetime": {"datetime": "2021-09-29 14:15:20", "elapsed": 162.700167, "delta": 0.90344}}
{"target": -39.15499451711092, "params": {"eta": 0.9769920742164673, "max_depth": 1.800021895429321, "n_estimators": 9.907615167003936}, "datetime": {"datetime": "2021-09-29 14:15:22", "elapsed": 163.982459, "delta": 1.282292}}
{"target": -40.24794938382666, "params": {"eta": 0.21381930395189463, "max_depth": 19.04441204057846, "n_estimators": 80.57081249285073}, "datetime": {"datetime": "2021-09-29 14:15:23", "elapsed": 165.279081, "delta": 1.296622}}
{"target": -35.94889305174366, "params": {"eta": 0.2262219766197902, "max_depth": 3.0028484477144666, "n_estimators": 10.49031675105649}, "datetime": {"datetime": "2021-09-29 14:15:25", "elapsed": 167.281751, "delta": 2.00267}}
{"target": -33.80908105697857, "params": {"eta": 0.1444190961701537, "max_depth": 3.544351141353801, "n_estimators": 11.137594606834828}, "datetime": {"datetime": "2021-09-29 14:15:26", "elapsed": 168.452751, "delta": 1.171}}
{"target": -38.5900924598124, "params": {"eta": 0.3106448440067306, "max_depth": 3.701943292692116, "n_estimators": 11.453286169569155}, "datetime": {"datetime": "2021-09-29 14:15:27", "elapsed": 169.653357, "delta": 1.200606}}
{"target": -41.72392743237544, "params": {"eta": 0.17669655036387208, "max_depth": 11.820186961275814, "n_estimators": 46.2531562439778}, "datetime": {"datetime": "2021-09-29 14:15:28", "elapsed": 170.66462, "delta": 1.011263}}
{"target": -38.947801437931005, "params": {"eta": 0.15571576225906128, "max_depth": 3.7027754798854193, "n_estimators": 86.15897944321189}, "datetime": {"datetime": "2021-09-29 14:15:29", "elapsed": 171.681619, "delta": 1.016999}}
{"target": -41.520592653514285, "params": {"eta": 0.1259026788223068, "max_depth": 23.507081934349795, "n_estimators": 77.04601183315201}, "datetime": {"datetime": "2021-09-29 14:15:31", "elapsed": 173.035572, "delta": 1.353953}}
{"target": -42.84378262090117, "params": {"eta": 0.43162922885802196, "max_depth": 29.31789086408459, "n_estimators": 41.2644139312738}, "datetime": {"datetime": "2021-09-29 14:15:32", "elapsed": 174.642796, "delta": 1.607224}}
{"target": -36.05387337409187, "params": {"eta": 0.20817090098594507, "max_depth": 3.513917444677789, "n_estimators": 10.58859775791283}, "datetime": {"datetime": "2021-09-29 14:15:34", "elapsed": 176.058494, "delta": 1.415698}}
{"target": -40.63491784710004, "params": {"eta": 0.45851783204236973, "max_depth": 3.7160054161161025, "n_estimators": 11.116906894474475}, "datetime": {"datetime": "2021-09-29 14:15:35", "elapsed": 177.383493, "delta": 1.324999}}
{"target": -39.07216931818273, "params": {"eta": 0.23911717052765646, "max_depth": 10.197460701699411, "n_estimators": 68.78544223119746}, "datetime": {"datetime": "2021-09-29 14:15:36", "elapsed": 178.545195, "delta": 1.161702}}
{"target": -36.3760867401195, "params": {"eta": 0.14899517770620793, "max_depth": 2.161553493533823, "n_estimators": 14.00510229756316}, "datetime": {"datetime": "2021-09-29 14:15:37", "elapsed": 179.65982, "delta": 1.114625}}
{"target": -37.78882538594577, "params": {"eta": 0.18365671954693308, "max_depth": 6.031363042108471, "n_estimators": 17.707617752485593}, "datetime": {"datetime": "2021-09-29 14:15:38", "elapsed": 180.447281, "delta": 0.787461}}
{"target": -42.30216658829967, "params": {"eta": 0.6880363065824939, "max_depth": 2.6084198864321975, "n_estimators": 10.554598179166177}, "datetime": {"datetime": "2021-09-29 14:15:39", "elapsed": 181.65028, "delta": 1.202999}}
{"target": -42.05598561721814, "params": {"eta": 0.7110594897676524, "max_depth": 20.854497438581205, "n_estimators": 11.228987888860107}, "datetime": {"datetime": "2021-09-29 14:15:40", "elapsed": 182.651456, "delta": 1.001176}}
{"target": -83.86074215163978, "params": {"eta": 0.013037722051023205, "max_depth": 2.3266974334971544, "n_estimators": 14.565052140333634}, "datetime": {"datetime": "2021-09-29 14:15:42", "elapsed": 183.817455, "delta": 1.165999}}
{"target": -39.127091146038964, "params": {"eta": 0.14198698449208155, "max_depth": 24.56120606046014, "n_estimators": 80.61803692521907}, "datetime": {"datetime": "2021-09-29 14:15:43", "elapsed": 185.160996, "delta": 1.343541}}
{"target": -51.65038930935448, "params": {"eta": 0.041387672891766716, "max_depth": 6.545665642127324, "n_estimators": 14.937043386543504}, "datetime": {"datetime": "2021-09-29 14:15:44", "elapsed": 186.687486, "delta": 1.52649}}
{"target": -38.79759339569619, "params": {"eta": 0.21186040569327647, "max_depth": 27.216067098414285, "n_estimators": 15.588854755230457}, "datetime": {"datetime": "2021-09-29 14:15:45", "elapsed": 187.591487, "delta": 0.904001}}
{"target": -37.947248722668, "params": {"eta": 0.9048502171496511, "max_depth": 1.3674700402210522, "n_estimators": 9.489568826358136}, "datetime": {"datetime": "2021-09-29 14:15:48", "elapsed": 189.965007, "delta": 2.37352}}
{"target": -34.031589325101905, "params": {"eta": 0.09252674807702145, "max_depth": 2.3965867505817453, "n_estimators": 13.748568986051001}, "datetime": {"datetime": "2021-09-29 14:15:49", "elapsed": 191.314008, "delta": 1.349001}}
{"target": -41.05283817341009, "params": {"eta": 0.5495929430062926, "max_depth": 3.509129598216963, "n_estimators": 45.934712598226284}, "datetime": {"datetime": "2021-09-29 14:15:50", "elapsed": 192.225218, "delta": 0.91121}}
{"target": -51.550726280259404, "params": {"eta": 0.9807057977973221, "max_depth": 14.747340553491384, "n_estimators": 13.120953177815178}, "datetime": {"datetime": "2021-09-29 14:15:51", "elapsed": 193.202221, "delta": 0.977003}}
{"target": -37.97073063484116, "params": {"eta": 0.34404365533787035, "max_depth": 2.1554491226347428, "n_estimators": 13.729265656557164}, "datetime": {"datetime": "2021-09-29 14:15:53", "elapsed": 194.762031, "delta": 1.55981}}
{"target": -36.509944386666916, "params": {"eta": 0.2130365220119995, "max_depth": 3.137629007028712, "n_estimators": 11.491418563098513}, "datetime": {"datetime": "2021-09-29 14:15:54", "elapsed": 196.579596, "delta": 1.817565}}
{"target": -34.92119680277048, "params": {"eta": 0.08275142351129999, "max_depth": 2.7112872354137023, "n_estimators": 13.431139569347351}, "datetime": {"datetime": "2021-09-29 14:15:56", "elapsed": 197.900854, "delta": 1.321258}}
{"target": -38.74996693929984, "params": {"eta": 0.42296446797499215, "max_depth": 1.630128611415435, "n_estimators": 14.679831839213541}, "datetime": {"datetime": "2021-09-29 14:15:57", "elapsed": 199.640633, "delta": 1.739779}}
{"target": -39.259084178161956, "params": {"eta": 0.5273868984565999, "max_depth": 2.6570524590265365, "n_estimators": 13.74315496032727}, "datetime": {"datetime": "2021-09-29 14:15:59", "elapsed": 201.275424, "delta": 1.634791}}
{"target": -42.638729524010145, "params": {"eta": 0.0696944572941549, "max_depth": 3.4633510215286476, "n_estimators": 10.846626946534357}, "datetime": {"datetime": "2021-09-29 14:16:00", "elapsed": 202.65195, "delta": 1.376526}}
{"target": -39.04980036944231, "params": {"eta": 0.4581145364194943, "max_depth": 2.8624764937376024, "n_estimators": 11.319618523886792}, "datetime": {"datetime": "2021-09-29 14:16:02", "elapsed": 203.931951, "delta": 1.280001}}
