{"target": -33.82561832364427, "params": {"eta": 0.17, "max_depth": 86.1317024358215, "n_estimators": 12.588134205081118}, "datetime": {"datetime": "2021-09-29 15:07:38", "elapsed": 122.786865, "delta": 0.751416}}
{"target": -35.262398787431856, "params": {"eta": 0.17, "max_depth": 89.58340308442261, "n_estimators": 18.89651656204235}, "datetime": {"datetime": "2021-09-29 15:07:39", "elapsed": 123.780148, "delta": 0.993283}}
{"target": -33.82561832364427, "params": {"eta": 0.17, "max_depth": 38.37168293035773, "n_estimators": 12.723078413749601}, "datetime": {"datetime": "2021-09-29 15:07:40", "elapsed": 124.59418, "delta": 0.814032}}
{"target": -33.99598282693733, "params": {"eta": 0.17, "max_depth": 35.01949468736763, "n_estimators": 11.916727642744885}, "datetime": {"datetime": "2021-09-29 15:07:41", "elapsed": 125.376747, "delta": 0.782567}}
{"target": -33.99598282693733, "params": {"eta": 0.17, "max_depth": 54.52792293458553, "n_estimators": 11.85886608450808}, "datetime": {"datetime": "2021-09-29 15:07:42", "elapsed": 126.212497, "delta": 0.83575}}
{"target": -35.79722586489123, "params": {"eta": 0.17, "max_depth": 54.92143741246484, "n_estimators": 21.954985412098132}, "datetime": {"datetime": "2021-09-29 15:07:43", "elapsed": 127.257276, "delta": 1.044779}}
{"target": -34.08463853456134, "params": {"eta": 0.17, "max_depth": 54.75371703582108, "n_estimators": 13.118626727581058}, "datetime": {"datetime": "2021-09-29 15:07:44", "elapsed": 128.141547, "delta": 0.884271}}
{"target": -36.50911269324574, "params": {"eta": 0.17, "max_depth": 87.162401953459, "n_estimators": 29.8163948528831}, "datetime": {"datetime": "2021-09-29 15:07:45", "elapsed": 129.735385, "delta": 1.593838}}
{"target": -38.796229569341314, "params": {"eta": 0.17, "max_depth": 11.386510746539285, "n_estimators": 19.21947198201378}, "datetime": {"datetime": "2021-09-29 15:07:46", "elapsed": 130.515128, "delta": 0.779743}}
{"target": -35.79722586489123, "params": {"eta": 0.17, "max_depth": 18.317219492075367, "n_estimators": 21.82250032268018}, "datetime": {"datetime": "2021-09-29 15:07:47", "elapsed": 131.745735, "delta": 1.230607}}
{"target": -34.394102092310554, "params": {"eta": 0.17, "max_depth": 52.678112925890595, "n_estimators": 10.720586465947212}, "datetime": {"datetime": "2021-09-29 15:07:48", "elapsed": 132.613176, "delta": 0.867441}}
{"target": -35.79722586489123, "params": {"eta": 0.17, "max_depth": 99.93622743899242, "n_estimators": 21.314933377360916}, "datetime": {"datetime": "2021-09-29 15:07:49", "elapsed": 133.543758, "delta": 0.930582}}
{"target": -35.87726838723477, "params": {"eta": 0.17, "max_depth": 94.35099707507268, "n_estimators": 22.065873407256518}, "datetime": {"datetime": "2021-09-29 15:07:50", "elapsed": 134.427352, "delta": 0.883594}}
{"target": -36.067765503817625, "params": {"eta": 0.17, "max_depth": 58.82082748632605, "n_estimators": 24.227629651306994}, "datetime": {"datetime": "2021-09-29 15:07:51", "elapsed": 135.664611, "delta": 1.237259}}
{"target": -35.262398787431856, "params": {"eta": 0.17, "max_depth": 29.98613201918612, "n_estimators": 18.13330743432874}, "datetime": {"datetime": "2021-09-29 15:07:52", "elapsed": 136.768602, "delta": 1.103991}}
{"target": -36.2223843874513, "params": {"eta": 0.17, "max_depth": 13.90599386252842, "n_estimators": 26.41436307417989}, "datetime": {"datetime": "2021-09-29 15:07:53", "elapsed": 138.000452, "delta": 1.23185}}
{"target": -35.01426003065958, "params": {"eta": 0.17, "max_depth": 57.7333674653628, "n_estimators": 17.105832080569698}, "datetime": {"datetime": "2021-09-29 15:07:54", "elapsed": 138.858451, "delta": 0.857999}}
{"target": -34.3945828972724, "params": {"eta": 0.17, "max_depth": 29.13854879612512, "n_estimators": 14.336586572550011}, "datetime": {"datetime": "2021-09-29 15:07:56", "elapsed": 140.183124, "delta": 1.324673}}
{"target": -35.79722586489123, "params": {"eta": 0.17, "max_depth": 78.20098157121458, "n_estimators": 21.90562542573856}, "datetime": {"datetime": "2021-09-29 15:07:57", "elapsed": 141.136469, "delta": 0.953345}}
{"target": -33.82561832364427, "params": {"eta": 0.17, "max_depth": 88.28111692601703, "n_estimators": 12.235060162808226}, "datetime": {"datetime": "2021-09-29 15:07:57", "elapsed": 142.012049, "delta": 0.87558}}
{"target": -34.488655570073654, "params": {"eta": 0.17, "max_depth": 21.06686497937118, "n_estimators": 15.911247105931967}, "datetime": {"datetime": "2021-09-29 15:07:58", "elapsed": 143.10569, "delta": 1.093641}}
{"target": -33.82561832364427, "params": {"eta": 0.17, "max_depth": 87.10329940515761, "n_estimators": 12.426241405367865}, "datetime": {"datetime": "2021-09-29 15:08:00", "elapsed": 144.437931, "delta": 1.332241}}
{"target": -33.82561832364427, "params": {"eta": 0.17, "max_depth": 50.41341529951521, "n_estimators": 12.01717422881248}, "datetime": {"datetime": "2021-09-29 15:08:01", "elapsed": 145.232113, "delta": 0.794182}}
{"target": -33.99598282693733, "params": {"eta": 0.17, "max_depth": 43.54647643071997, "n_estimators": 11.362216125797346}, "datetime": {"datetime": "2021-09-29 15:08:02", "elapsed": 146.417206, "delta": 1.185093}}
{"target": -33.82561832364427, "params": {"eta": 0.17, "max_depth": 69.31107262587192, "n_estimators": 12.601108587606678}, "datetime": {"datetime": "2021-09-29 15:08:03", "elapsed": 147.437367, "delta": 1.020161}}
{"target": -34.3945828972724, "params": {"eta": 0.17, "max_depth": 34.083799702806225, "n_estimators": 14.13744636969805}, "datetime": {"datetime": "2021-09-29 15:08:04", "elapsed": 148.367365, "delta": 0.929998}}
{"target": -34.75084960898663, "params": {"eta": 0.17, "max_depth": 74.11891385676019, "n_estimators": 16.71976422527053}, "datetime": {"datetime": "2021-09-29 15:08:05", "elapsed": 149.406847, "delta": 1.039482}}
{"target": -33.99598282693733, "params": {"eta": 0.17, "max_depth": 83.21263305887064, "n_estimators": 11.907105830148321}, "datetime": {"datetime": "2021-09-29 15:08:06", "elapsed": 150.280964, "delta": 0.874117}}
{"target": -33.82561832364427, "params": {"eta": 0.17, "max_depth": 81.78965320471623, "n_estimators": 12.447097867229067}, "datetime": {"datetime": "2021-09-29 15:08:07", "elapsed": 151.456197, "delta": 1.175233}}
{"target": -33.82561832364427, "params": {"eta": 0.17, "max_depth": 33.17578761852572, "n_estimators": 12.27592086563848}, "datetime": {"datetime": "2021-09-29 15:08:08", "elapsed": 152.6918, "delta": 1.235603}}
{"target": -33.82561832364427, "params": {"eta": 0.17, "max_depth": 14.243056473618342, "n_estimators": 12.12568532094743}, "datetime": {"datetime": "2021-09-29 15:08:09", "elapsed": 153.822111, "delta": 1.130311}}
{"target": -34.3892604389651, "params": {"eta": 0.17, "max_depth": 12.689036956431348, "n_estimators": 10.938296942736432}, "datetime": {"datetime": "2021-09-29 15:08:10", "elapsed": 154.589167, "delta": 0.767056}}
{"target": -33.99598282693733, "params": {"eta": 0.17, "max_depth": 14.503735648165222, "n_estimators": 11.185413060604844}, "datetime": {"datetime": "2021-09-29 15:08:11", "elapsed": 155.507258, "delta": 0.918091}}
{"target": -33.82561832364427, "params": {"eta": 0.17, "max_depth": 59.320115068393164, "n_estimators": 12.43867708486293}, "datetime": {"datetime": "2021-09-29 15:08:12", "elapsed": 156.795258, "delta": 1.288}}
{"target": -33.82561832364427, "params": {"eta": 0.17, "max_depth": 89.14546920660597, "n_estimators": 12.102076730395169}, "datetime": {"datetime": "2021-09-29 15:08:14", "elapsed": 158.117238, "delta": 1.32198}}
{"target": -33.997513984345666, "params": {"eta": 0.17, "max_depth": 13.527761040866125, "n_estimators": 11.7110353308701}, "datetime": {"datetime": "2021-09-29 15:08:15", "elapsed": 159.123378, "delta": 1.00614}}
{"target": -34.75084960898663, "params": {"eta": 0.17, "max_depth": 25.15622602634562, "n_estimators": 16.073597855819624}, "datetime": {"datetime": "2021-09-29 15:08:16", "elapsed": 160.41385, "delta": 1.290472}}
{"target": -33.82561832364427, "params": {"eta": 0.17, "max_depth": 79.46980842022404, "n_estimators": 12.564716010503554}, "datetime": {"datetime": "2021-09-29 15:08:17", "elapsed": 161.351177, "delta": 0.937327}}
{"target": -33.99598282693733, "params": {"eta": 0.17, "max_depth": 88.32129991735388, "n_estimators": 11.723774106217455}, "datetime": {"datetime": "2021-09-29 15:08:18", "elapsed": 163.05061, "delta": 1.699433}}
{"target": -33.82561832364427, "params": {"eta": 0.17, "max_depth": 57.351024740246366, "n_estimators": 12.01496262551861}, "datetime": {"datetime": "2021-09-29 15:08:20", "elapsed": 164.606108, "delta": 1.555498}}
{"target": -34.08463853456134, "params": {"eta": 0.17, "max_depth": 24.757893777107977, "n_estimators": 13.070454222191938}, "datetime": {"datetime": "2021-09-29 15:08:21", "elapsed": 166.053832, "delta": 1.447724}}
{"target": -39.32476222001669, "params": {"eta": 0.17, "max_depth": 60.413869723828746, "n_estimators": 6.467150110422392}, "datetime": {"datetime": "2021-09-29 15:08:22", "elapsed": 166.880829, "delta": 0.826997}}
{"target": -39.32476222001669, "params": {"eta": 0.17, "max_depth": 48.355423960502236, "n_estimators": 6.754322317765971}, "datetime": {"datetime": "2021-09-29 15:08:23", "elapsed": 167.990243, "delta": 1.109414}}
{"target": -36.26645884399639, "params": {"eta": 0.17, "max_depth": 83.26591328319587, "n_estimators": 26.21520403004416}, "datetime": {"datetime": "2021-09-29 15:08:25", "elapsed": 169.158244, "delta": 1.168001}}
{"target": -36.131114087169685, "params": {"eta": 0.17, "max_depth": 25.1935584206531, "n_estimators": 25.013820595239906}, "datetime": {"datetime": "2021-09-29 15:08:26", "elapsed": 170.715244, "delta": 1.557}}
{"target": -35.996331590208364, "params": {"eta": 0.17, "max_depth": 87.0351326109629, "n_estimators": 23.039179545957502}, "datetime": {"datetime": "2021-09-29 15:08:28", "elapsed": 172.138454, "delta": 1.42321}}
{"target": -35.87726838723477, "params": {"eta": 0.17, "max_depth": 34.30971512230852, "n_estimators": 22.44927934742649}, "datetime": {"datetime": "2021-09-29 15:08:29", "elapsed": 173.450868, "delta": 1.312414}}
{"target": -36.50911269324574, "params": {"eta": 0.17, "max_depth": 47.10909126312647, "n_estimators": 29.794506271715576}, "datetime": {"datetime": "2021-09-29 15:08:30", "elapsed": 174.963919, "delta": 1.513051}}
{"target": -33.82561832364427, "params": {"eta": 0.17, "max_depth": 23.037209645074444, "n_estimators": 12.335994436239048}, "datetime": {"datetime": "2021-09-29 15:08:31", "elapsed": 175.897834, "delta": 0.933915}}
{"target": -33.99598282693733, "params": {"eta": 0.17, "max_depth": 32.227112542765184, "n_estimators": 11.282810354879668}, "datetime": {"datetime": "2021-09-29 15:08:33", "elapsed": 177.156992, "delta": 1.259158}}
{"target": -33.82561832364427, "params": {"eta": 0.17, "max_depth": 95.4769745265295, "n_estimators": 12.828706527137305}, "datetime": {"datetime": "2021-09-29 15:08:34", "elapsed": 178.465434, "delta": 1.308442}}
{"target": -33.82561832364427, "params": {"eta": 0.17, "max_depth": 92.18972362968148, "n_estimators": 12.61916934614117}, "datetime": {"datetime": "2021-09-29 15:08:35", "elapsed": 179.493352, "delta": 1.027918}}
{"target": -33.82561832364427, "params": {"eta": 0.17, "max_depth": 48.29485024609123, "n_estimators": 12.45486639442752}, "datetime": {"datetime": "2021-09-29 15:08:36", "elapsed": 180.426934, "delta": 0.933582}}
{"target": -33.99598282693733, "params": {"eta": 0.17, "max_depth": 46.50537686153649, "n_estimators": 11.72421156860437}, "datetime": {"datetime": "2021-09-29 15:08:37", "elapsed": 181.795149, "delta": 1.368215}}
{"target": -33.82561832364427, "params": {"eta": 0.17, "max_depth": 90.25498397919677, "n_estimators": 12.566102419621204}, "datetime": {"datetime": "2021-09-29 15:08:38", "elapsed": 183.047203, "delta": 1.252054}}
{"target": -33.99598282693733, "params": {"eta": 0.17, "max_depth": 25.658906158261996, "n_estimators": 11.944035108248839}, "datetime": {"datetime": "2021-09-29 15:08:40", "elapsed": 184.274656, "delta": 1.227453}}
{"target": -35.61953339667619, "params": {"eta": 0.17, "max_depth": 24.272679592542442, "n_estimators": 8.54467944407494}, "datetime": {"datetime": "2021-09-29 15:08:41", "elapsed": 185.253744, "delta": 0.979088}}
{"target": -37.276456579920406, "params": {"eta": 0.17, "max_depth": 7.025313354658254, "n_estimators": 11.899968258236827}, "datetime": {"datetime": "2021-09-29 15:08:42", "elapsed": 186.502463, "delta": 1.248719}}
{"target": -35.87726838723477, "params": {"eta": 0.17, "max_depth": 63.200342791732524, "n_estimators": 22.95318615021501}, "datetime": {"datetime": "2021-09-29 15:08:43", "elapsed": 187.727201, "delta": 1.224738}}
{"target": -34.75084960898663, "params": {"eta": 0.17, "max_depth": 53.50118050213382, "n_estimators": 16.908259579758806}, "datetime": {"datetime": "2021-09-29 15:08:44", "elapsed": 189.090855, "delta": 1.363654}}
{"target": -36.26645884399639, "params": {"eta": 0.17, "max_depth": 90.94838410457893, "n_estimators": 26.020885544249566}, "datetime": {"datetime": "2021-09-29 15:08:46", "elapsed": 190.329893, "delta": 1.239038}}
{"target": -34.08463853456134, "params": {"eta": 0.17, "max_depth": 98.33084296991265, "n_estimators": 13.441757439808816}, "datetime": {"datetime": "2021-09-29 15:08:47", "elapsed": 191.678995, "delta": 1.349102}}
{"target": -34.75084960898663, "params": {"eta": 0.17, "max_depth": 95.5976730494151, "n_estimators": 16.870138530480908}, "datetime": {"datetime": "2021-09-29 15:08:48", "elapsed": 193.011089, "delta": 1.332094}}
{"target": -33.82561832364427, "params": {"eta": 0.17, "max_depth": 39.39091520169355, "n_estimators": 12.223939329441345}, "datetime": {"datetime": "2021-09-29 15:08:50", "elapsed": 194.334589, "delta": 1.3235}}
{"target": -34.488655570073654, "params": {"eta": 0.17, "max_depth": 99.98953982030498, "n_estimators": 15.408787373055006}, "datetime": {"datetime": "2021-09-29 15:08:51", "elapsed": 195.521492, "delta": 1.186903}}
{"target": -35.87726838723477, "params": {"eta": 0.17, "max_depth": 70.45521893133142, "n_estimators": 22.2371754621552}, "datetime": {"datetime": "2021-09-29 15:08:52", "elapsed": 196.801057, "delta": 1.279565}}
{"target": -36.26645884399639, "params": {"eta": 0.17, "max_depth": 99.99278389885896, "n_estimators": 26.58576536182916}, "datetime": {"datetime": "2021-09-29 15:08:53", "elapsed": 198.029552, "delta": 1.228495}}
{"target": -33.99598282693733, "params": {"eta": 0.17, "max_depth": 52.97270721374466, "n_estimators": 11.974648729801258}, "datetime": {"datetime": "2021-09-29 15:08:55", "elapsed": 199.139914, "delta": 1.110362}}
{"target": -35.262398787431856, "params": {"eta": 0.17, "max_depth": 49.26843497647332, "n_estimators": 18.16549363829041}, "datetime": {"datetime": "2021-09-29 15:08:56", "elapsed": 200.121186, "delta": 0.981272}}
{"target": -34.394102092310554, "params": {"eta": 0.17, "max_depth": 28.667499600291748, "n_estimators": 10.319302705072602}, "datetime": {"datetime": "2021-09-29 15:08:57", "elapsed": 201.782875, "delta": 1.661689}}
{"target": -33.82561832364427, "params": {"eta": 0.17, "max_depth": 53.423575201315174, "n_estimators": 12.798597046611738}, "datetime": {"datetime": "2021-09-29 15:08:58", "elapsed": 203.010018, "delta": 1.227143}}
{"target": -33.82561832364427, "params": {"eta": 0.17, "max_depth": 78.2591481257006, "n_estimators": 12.637353375119055}, "datetime": {"datetime": "2021-09-29 15:08:59", "elapsed": 204.035489, "delta": 1.025471}}
{"target": -34.08463853456134, "params": {"eta": 0.17, "max_depth": 96.41560274124717, "n_estimators": 13.584466489941214}, "datetime": {"datetime": "2021-09-29 15:09:00", "elapsed": 205.014115, "delta": 0.978626}}
{"target": -33.99598282693733, "params": {"eta": 0.17, "max_depth": 14.729397685082617, "n_estimators": 11.86863788537952}, "datetime": {"datetime": "2021-09-29 15:09:02", "elapsed": 206.264293, "delta": 1.250178}}
{"target": -34.85221009113702, "params": {"eta": 0.17, "max_depth": 14.512863407853876, "n_estimators": 9.652603896606765}, "datetime": {"datetime": "2021-09-29 15:09:03", "elapsed": 207.45613, "delta": 1.191837}}
{"target": -33.82561832364427, "params": {"eta": 0.17, "max_depth": 14.047380502736088, "n_estimators": 12.93839903130392}, "datetime": {"datetime": "2021-09-29 15:09:04", "elapsed": 208.682916, "delta": 1.226786}}
{"target": -36.50911269324574, "params": {"eta": 0.17, "max_depth": 40.3950854514534, "n_estimators": 29.914250483228155}, "datetime": {"datetime": "2021-09-29 15:09:06", "elapsed": 210.890057, "delta": 2.207141}}
{"target": -35.262398787431856, "params": {"eta": 0.17, "max_depth": 60.62734939210888, "n_estimators": 18.31353400244635}, "datetime": {"datetime": "2021-09-29 15:09:08", "elapsed": 212.697316, "delta": 1.807259}}
{"target": -35.79722586489123, "params": {"eta": 0.17, "max_depth": 28.56038447176246, "n_estimators": 21.700212897823235}, "datetime": {"datetime": "2021-09-29 15:09:10", "elapsed": 214.560048, "delta": 1.862732}}
{"target": -35.01426003065958, "params": {"eta": 0.17, "max_depth": 97.70402221383932, "n_estimators": 17.322229988406704}, "datetime": {"datetime": "2021-09-29 15:09:11", "elapsed": 215.829111, "delta": 1.269063}}
{"target": -33.82561832364427, "params": {"eta": 0.17, "max_depth": 14.678427471301312, "n_estimators": 12.779901397039945}, "datetime": {"datetime": "2021-09-29 15:09:12", "elapsed": 217.056974, "delta": 1.227863}}
{"target": -36.067765503817625, "params": {"eta": 0.17, "max_depth": 73.80468394817393, "n_estimators": 24.45810834232701}, "datetime": {"datetime": "2021-09-29 15:09:14", "elapsed": 218.495675, "delta": 1.438701}}
{"target": -34.08463853456134, "params": {"eta": 0.17, "max_depth": 18.22226558446059, "n_estimators": 13.08273655829543}, "datetime": {"datetime": "2021-09-29 15:09:15", "elapsed": 219.880377, "delta": 1.384702}}
{"target": -33.82561832364427, "params": {"eta": 0.17, "max_depth": 26.328098841177447, "n_estimators": 12.819849739229666}, "datetime": {"datetime": "2021-09-29 15:09:16", "elapsed": 221.035242, "delta": 1.154865}}
{"target": -33.82561832364427, "params": {"eta": 0.17, "max_depth": 74.4732438569954, "n_estimators": 12.006532686405668}, "datetime": {"datetime": "2021-09-29 15:09:18", "elapsed": 222.518402, "delta": 1.48316}}
{"target": -34.08463853456134, "params": {"eta": 0.17, "max_depth": 32.11761372520613, "n_estimators": 13.064339982926576}, "datetime": {"datetime": "2021-09-29 15:09:19", "elapsed": 224.06848, "delta": 1.550078}}
{"target": -36.40881872014374, "params": {"eta": 0.17, "max_depth": 28.15637002920544, "n_estimators": 28.585726239798422}, "datetime": {"datetime": "2021-09-29 15:09:21", "elapsed": 225.798755, "delta": 1.730275}}
{"target": -34.488655570073654, "params": {"eta": 0.17, "max_depth": 46.26453013625585, "n_estimators": 15.041456147689253}, "datetime": {"datetime": "2021-09-29 15:09:22", "elapsed": 227.000694, "delta": 1.201939}}
{"target": -35.262398787431856, "params": {"eta": 0.17, "max_depth": 83.89171781000064, "n_estimators": 18.56544527625908}, "datetime": {"datetime": "2021-09-29 15:09:24", "elapsed": 228.240093, "delta": 1.239399}}
{"target": -33.82561832364427, "params": {"eta": 0.17, "max_depth": 68.49451133922932, "n_estimators": 12.46655290402673}, "datetime": {"datetime": "2021-09-29 15:09:26", "elapsed": 230.277501, "delta": 2.037408}}
{"target": -33.82561832364427, "params": {"eta": 0.17, "max_depth": 62.40997967162813, "n_estimators": 12.403456064546175}, "datetime": {"datetime": "2021-09-29 15:09:28", "elapsed": 232.197951, "delta": 1.92045}}
{"target": -33.82561832364427, "params": {"eta": 0.17, "max_depth": 61.649222761838836, "n_estimators": 12.141385775658852}, "datetime": {"datetime": "2021-09-29 15:09:30", "elapsed": 234.227749, "delta": 2.029798}}
{"target": -34.08463853456134, "params": {"eta": 0.17, "max_depth": 52.1081197472276, "n_estimators": 13.02696096214157}, "datetime": {"datetime": "2021-09-29 15:09:32", "elapsed": 236.311169, "delta": 2.08342}}
{"target": -35.996331590208364, "params": {"eta": 0.17, "max_depth": 44.09117678956064, "n_estimators": 23.362244704357053}, "datetime": {"datetime": "2021-09-29 15:09:34", "elapsed": 238.119564, "delta": 1.808395}}
{"target": -34.85221009113702, "params": {"eta": 0.17, "max_depth": 54.13346116291329, "n_estimators": 9.662031381463509}, "datetime": {"datetime": "2021-09-29 15:09:35", "elapsed": 239.42666, "delta": 1.307096}}
{"target": -35.87726838723477, "params": {"eta": 0.17, "max_depth": 39.60110057206087, "n_estimators": 22.72721193381445}, "datetime": {"datetime": "2021-09-29 15:09:37", "elapsed": 241.351795, "delta": 1.925135}}
{"target": -33.82561832364427, "params": {"eta": 0.17, "max_depth": 51.16207163551093, "n_estimators": 12.33618461697198}, "datetime": {"datetime": "2021-09-29 15:09:38", "elapsed": 242.66564, "delta": 1.313845}}
{"target": -35.87726838723477, "params": {"eta": 0.17, "max_depth": 49.332025258819215, "n_estimators": 22.569897807060013}, "datetime": {"datetime": "2021-09-29 15:09:40", "elapsed": 245.045278, "delta": 2.379638}}
{"target": -35.99707244452583, "params": {"eta": 0.17, "max_depth": 14.82712084427735, "n_estimators": 23.31489823279542}, "datetime": {"datetime": "2021-09-29 15:09:42", "elapsed": 246.731104, "delta": 1.685826}}
{"target": -34.488655570073654, "params": {"eta": 0.17, "max_depth": 92.16070678978703, "n_estimators": 15.33130372269885}, "datetime": {"datetime": "2021-09-29 15:09:43", "elapsed": 248.03979, "delta": 1.308686}}
{"target": -34.488655570073654, "params": {"eta": 0.17, "max_depth": 41.985504712568144, "n_estimators": 15.928647768925112}, "datetime": {"datetime": "2021-09-29 15:09:45", "elapsed": 249.520013, "delta": 1.480223}}
{"target": -34.85221009113702, "params": {"eta": 0.17, "max_depth": 64.81175001690559, "n_estimators": 9.363026969844789}, "datetime": {"datetime": "2021-09-29 15:09:47", "elapsed": 251.61404, "delta": 2.094027}}
