{"target": -43.663984140955414, "params": {"eta": 0.10109626119265042, "max_depth": 1.0170466774890645, "n_estimators": 406.2130941700617}, "datetime": {"datetime": "2021-09-24 16:55:26", "elapsed": 92.670799, "delta": 1.398157}}
{"target": -42.84959027283174, "params": {"eta": 0.05788113771296496, "max_depth": 1.5175399866567563, "n_estimators": 377.6927103567485}, "datetime": {"datetime": "2021-09-24 16:55:27", "elapsed": 93.698234, "delta": 1.027435}}
{"target": -48.640845843723845, "params": {"eta": 0.3664729301140669, "max_depth": 1.7528914616941724, "n_estimators": 441.1982341262146}, "datetime": {"datetime": "2021-09-24 16:55:29", "elapsed": 94.807674, "delta": 1.10944}}
{"target": -46.746942864324815, "params": {"eta": 0.07794085738866185, "max_depth": 2.1236871636289436, "n_estimators": 362.46650217572153}, "datetime": {"datetime": "2021-09-24 16:55:30", "elapsed": 96.14991, "delta": 1.342236}}
{"target": -46.1992273976032, "params": {"eta": 0.07179853016638377, "max_depth": 2.5948425958436587, "n_estimators": 378.87679545341297}, "datetime": {"datetime": "2021-09-24 16:55:31", "elapsed": 97.41206, "delta": 1.26215}}
{"target": -44.43113469001942, "params": {"eta": 0.12287973124793489, "max_depth": 1.1199276736307735, "n_estimators": 440.0035527021132}, "datetime": {"datetime": "2021-09-24 16:55:32", "elapsed": 98.762386, "delta": 1.350326}}
{"target": -44.94143292419893, "params": {"eta": 0.18272897737359622, "max_depth": 1.0170113329760861, "n_estimators": 331.1510288676611}, "datetime": {"datetime": "2021-09-24 16:55:33", "elapsed": 99.418381, "delta": 0.655995}}
{"target": -49.63204738071987, "params": {"eta": 0.4181819169403443, "max_depth": 1.4600637663785085, "n_estimators": 439.5238818225956}, "datetime": {"datetime": "2021-09-24 16:55:34", "elapsed": 100.456532, "delta": 1.038151}}
{"target": -47.85598518615379, "params": {"eta": 0.07533395401696098, "max_depth": 2.346693069292808, "n_estimators": 473.58072038309035}, "datetime": {"datetime": "2021-09-24 16:55:35", "elapsed": 101.411531, "delta": 0.954999}}
{"target": -44.81466425988907, "params": {"eta": 0.1922310791848107, "max_depth": 1.697196366213339, "n_estimators": 331.41187037427557}, "datetime": {"datetime": "2021-09-24 16:55:36", "elapsed": 102.165128, "delta": 0.753597}}
{"target": -42.73809177714183, "params": {"eta": 0.05, "max_depth": 1.4082744710739632, "n_estimators": 373.44461105155307}, "datetime": {"datetime": "2021-09-24 16:55:37", "elapsed": 103.361428, "delta": 1.1963}}
{"target": -42.73809177714183, "params": {"eta": 0.05, "max_depth": 1.9392099812077577, "n_estimators": 373.24409241806376}, "datetime": {"datetime": "2021-09-24 16:55:38", "elapsed": 104.354649, "delta": 0.993221}}
{"target": -50.2252562776544, "params": {"eta": 0.2005078498055482, "max_depth": 2.4310289258076754, "n_estimators": 373.23643311753085}, "datetime": {"datetime": "2021-09-24 16:55:39", "elapsed": 105.396538, "delta": 1.041889}}
{"target": -49.26149680919217, "params": {"eta": 0.5, "max_depth": 1.2234673712672735, "n_estimators": 331.794453968404}, "datetime": {"datetime": "2021-09-24 16:55:40", "elapsed": 106.528899, "delta": 1.132361}}
{"target": -43.72499977914911, "params": {"eta": 0.11546103728605124, "max_depth": 1.6067367645141402, "n_estimators": 373.0286165366807}, "datetime": {"datetime": "2021-09-24 16:55:41", "elapsed": 107.594343, "delta": 1.065444}}
{"target": -46.91986448244941, "params": {"eta": 0.08786647824754054, "max_depth": 2.0151527149895667, "n_estimators": 330.88441029755774}, "datetime": {"datetime": "2021-09-24 16:55:43", "elapsed": 108.828896, "delta": 1.234553}}
{"target": -42.725592018070074, "params": {"eta": 0.05, "max_depth": 1.0, "n_estimators": 375.04805168799186}, "datetime": {"datetime": "2021-09-24 16:55:44", "elapsed": 109.949383, "delta": 1.120487}}
{"target": -43.69471332005092, "params": {"eta": 0.12925925457594445, "max_depth": 1.3913054258683193, "n_estimators": 327.6610811555727}, "datetime": {"datetime": "2021-09-24 16:55:44", "elapsed": 110.793157, "delta": 0.843774}}
{"target": -48.89467420076069, "params": {"eta": 0.4568918749736544, "max_depth": 1.1074095864360214, "n_estimators": 326.7761279328869}, "datetime": {"datetime": "2021-09-24 16:55:45", "elapsed": 111.736357, "delta": 0.9432}}
{"target": -47.55528333133325, "params": {"eta": 0.37254988968801933, "max_depth": 1.8345563586774933, "n_estimators": 327.6654675108362}, "datetime": {"datetime": "2021-09-24 16:55:47", "elapsed": 112.867596, "delta": 1.131239}}
{"target": -45.25668847650513, "params": {"eta": 0.2193019883568248, "max_depth": 1.239775440573581, "n_estimators": 328.16036170608083}, "datetime": {"datetime": "2021-09-24 16:55:48", "elapsed": 114.328793, "delta": 1.461197}}
{"target": -43.34872336136667, "params": {"eta": 0.0992915149671024, "max_depth": 1.1594244949389947, "n_estimators": 375.54807193519923}, "datetime": {"datetime": "2021-09-24 16:55:49", "elapsed": 115.470746, "delta": 1.141953}}
{"target": -49.33997702777834, "params": {"eta": 0.4621808437135409, "max_depth": 1.0163714103995005, "n_estimators": 375.95970485869236}, "datetime": {"datetime": "2021-09-24 16:55:50", "elapsed": 116.712163, "delta": 1.241417}}
{"target": -47.38207687650408, "params": {"eta": 0.3051411648808925, "max_depth": 1.6014680883041703, "n_estimators": 388.3783686692793}, "datetime": {"datetime": "2021-09-24 16:55:51", "elapsed": 117.707685, "delta": 0.995522}}
{"target": -42.70646524070797, "params": {"eta": 0.050943158740506624, "max_depth": 1.3335405307353454, "n_estimators": 375.33651413459563}, "datetime": {"datetime": "2021-09-24 16:55:53", "elapsed": 119.03434, "delta": 1.326655}}
{"target": -42.85307168602047, "params": {"eta": 0.06171390653423193, "max_depth": 1.0026040571267778, "n_estimators": 327.52506152020754}, "datetime": {"datetime": "2021-09-24 16:55:54", "elapsed": 119.945289, "delta": 0.910949}}
{"target": -47.10948797813932, "params": {"eta": 0.09299699234698564, "max_depth": 2.100450369621213, "n_estimators": 375.4001249895417}, "datetime": {"datetime": "2021-09-24 16:55:55", "elapsed": 121.085424, "delta": 1.140135}}
{"target": -49.04572468234184, "params": {"eta": 0.4911552399115562, "max_depth": 1.1003476344167993, "n_estimators": 327.4707916890238}, "datetime": {"datetime": "2021-09-24 16:55:56", "elapsed": 122.002515, "delta": 0.917091}}
{"target": -44.72100594886263, "params": {"eta": 0.05166324599823114, "max_depth": 2.4356948163634087, "n_estimators": 318.33986309363445}, "datetime": {"datetime": "2021-09-24 16:55:57", "elapsed": 123.066431, "delta": 1.063916}}
{"target": -44.51638659140221, "params": {"eta": 0.05, "max_depth": 2.2689963535505306, "n_estimators": 331.81102400299164}, "datetime": {"datetime": "2021-09-24 16:55:58", "elapsed": 124.132062, "delta": 1.065631}}
{"target": -46.21444924433428, "params": {"eta": 0.06821447545546562, "max_depth": 2.065484216881101, "n_estimators": 387.8033786889567}, "datetime": {"datetime": "2021-09-24 16:55:59", "elapsed": 125.039964, "delta": 0.907902}}
{"target": -44.66269480196157, "params": {"eta": 0.14545391424481657, "max_depth": 1.4158496428164475, "n_estimators": 406.097525678534}, "datetime": {"datetime": "2021-09-24 16:55:59", "elapsed": 125.796475, "delta": 0.756511}}
{"target": -42.88222741722164, "params": {"eta": 0.07622519724692524, "max_depth": 1.2702446626921295, "n_estimators": 319.4892525690186}, "datetime": {"datetime": "2021-09-24 16:56:00", "elapsed": 126.710517, "delta": 0.914042}}
{"target": -43.558387498210244, "params": {"eta": 0.09578352611947606, "max_depth": 1.092131048534147, "n_estimators": 406.672321956863}, "datetime": {"datetime": "2021-09-24 16:56:02", "elapsed": 127.800151, "delta": 1.089634}}
{"target": -47.58768348407028, "params": {"eta": 0.36054675130852265, "max_depth": 1.7977372473816207, "n_estimators": 373.29738095566177}, "datetime": {"datetime": "2021-09-24 16:56:03", "elapsed": 128.84915, "delta": 1.048999}}
{"target": -47.896033494992366, "params": {"eta": 0.3731326568331749, "max_depth": 1.0232410816339768, "n_estimators": 375.2391312489562}, "datetime": {"datetime": "2021-09-24 16:56:04", "elapsed": 129.88815, "delta": 1.039}}
{"target": -43.061233864691026, "params": {"eta": 0.07208565522469151, "max_depth": 1.9043228629333833, "n_estimators": 372.8169967691858}, "datetime": {"datetime": "2021-09-24 16:56:05", "elapsed": 130.81615, "delta": 0.928}}
{"target": -50.66259047142545, "params": {"eta": 0.23307357005296697, "max_depth": 2.4681627585476256, "n_estimators": 320.8927563938812}, "datetime": {"datetime": "2021-09-24 16:56:05", "elapsed": 131.720884, "delta": 0.904734}}
{"target": -44.82392134702295, "params": {"eta": 0.16687646328609543, "max_depth": 1.845411809011536, "n_estimators": 372.2499105441842}, "datetime": {"datetime": "2021-09-24 16:56:07", "elapsed": 132.904149, "delta": 1.183265}}
{"target": -53.44670383553756, "params": {"eta": 0.4997902751439997, "max_depth": 2.6874955000567375, "n_estimators": 332.03905897116715}, "datetime": {"datetime": "2021-09-24 16:56:08", "elapsed": 134.051857, "delta": 1.147708}}
{"target": -49.74222352899107, "params": {"eta": 0.1456526999017577, "max_depth": 2.3882079645167096, "n_estimators": 371.8767744025022}, "datetime": {"datetime": "2021-09-24 16:56:09", "elapsed": 135.402814, "delta": 1.350957}}
{"target": -51.70223426818848, "params": {"eta": 0.2342713844202008, "max_depth": 2.694843235905392, "n_estimators": 406.8635768259156}, "datetime": {"datetime": "2021-09-24 16:56:10", "elapsed": 136.39466, "delta": 0.991846}}
{"target": -42.770483920448704, "params": {"eta": 0.05069692198134868, "max_depth": 1.0, "n_estimators": 389.5153251210298}, "datetime": {"datetime": "2021-09-24 16:56:12", "elapsed": 138.026336, "delta": 1.631676}}
{"target": -47.79105424522457, "params": {"eta": 0.28809827153640577, "max_depth": 1.2829758266648028, "n_estimators": 485.830700990809}, "datetime": {"datetime": "2021-09-24 16:56:13", "elapsed": 139.279093, "delta": 1.252757}}
{"target": -50.420761696378094, "params": {"eta": 0.5, "max_depth": 1.1273072167237626, "n_estimators": 389.5568824146153}, "datetime": {"datetime": "2021-09-24 16:56:14", "elapsed": 140.730502, "delta": 1.451409}}
{"target": -50.51391994684263, "params": {"eta": 0.31262016025811334, "max_depth": 2.0762507426517116, "n_estimators": 342.16732211853946}, "datetime": {"datetime": "2021-09-24 16:56:16", "elapsed": 141.924447, "delta": 1.193945}}
{"target": -49.26695133868913, "params": {"eta": 0.42041648429680384, "max_depth": 1.0455079049056266, "n_estimators": 407.18591582227407}, "datetime": {"datetime": "2021-09-24 16:56:17", "elapsed": 143.394662, "delta": 1.470215}}
{"target": -42.890048665211616, "params": {"eta": 0.06282189054479292, "max_depth": 1.4139419348413, "n_estimators": 365.77863395094187}, "datetime": {"datetime": "2021-09-24 16:56:18", "elapsed": 144.748, "delta": 1.353338}}
{"target": -42.789852142333984, "params": {"eta": 0.05, "max_depth": 1.4626030309547242, "n_estimators": 366.24989015812275}, "datetime": {"datetime": "2021-09-24 16:56:20", "elapsed": 145.889707, "delta": 1.141707}}
{"target": -42.789852142333984, "params": {"eta": 0.05, "max_depth": 1.8407888022928818, "n_estimators": 366.04709873555515}, "datetime": {"datetime": "2021-09-24 16:56:21", "elapsed": 147.253287, "delta": 1.36358}}
{"target": -49.50156584718174, "params": {"eta": 0.48074758600657524, "max_depth": 1.6804260896437115, "n_estimators": 366.185968881597}, "datetime": {"datetime": "2021-09-24 16:56:22", "elapsed": 148.573508, "delta": 1.320221}}
{"target": -42.770094247688924, "params": {"eta": 0.056742251135191296, "max_depth": 1.0603415236228604, "n_estimators": 366.3836383762111}, "datetime": {"datetime": "2021-09-24 16:56:24", "elapsed": 150.243933, "delta": 1.670425}}
{"target": -42.83504947863127, "params": {"eta": 0.06479289143389484, "max_depth": 1.1320862909076892, "n_estimators": 366.83939394472134}, "datetime": {"datetime": "2021-09-24 16:56:26", "elapsed": 151.93807, "delta": 1.694137}}
{"target": -49.35274692764856, "params": {"eta": 0.47263138041310865, "max_depth": 1.3531019550966625, "n_estimators": 347.47270692267324}, "datetime": {"datetime": "2021-09-24 16:56:27", "elapsed": 153.105069, "delta": 1.166999}}
{"target": -51.931635106864725, "params": {"eta": 0.25625030339811294, "max_depth": 2.642066197428659, "n_estimators": 359.7432732067563}, "datetime": {"datetime": "2021-09-24 16:56:28", "elapsed": 154.404513, "delta": 1.299444}}
{"target": -44.47120630651489, "params": {"eta": 0.14991603582598498, "max_depth": 1.5858860469922824, "n_estimators": 373.0264080125503}, "datetime": {"datetime": "2021-09-24 16:56:29", "elapsed": 155.381084, "delta": 0.976571}}
{"target": -48.88311591184229, "params": {"eta": 0.43497022986724765, "max_depth": 1.192855630206466, "n_estimators": 367.4109913155246}, "datetime": {"datetime": "2021-09-24 16:56:31", "elapsed": 157.420574, "delta": 2.03949}}
{"target": -44.959547315325054, "params": {"eta": 0.05220566651480351, "max_depth": 2.3363631391292903, "n_estimators": 365.9552053527455}, "datetime": {"datetime": "2021-09-24 16:56:33", "elapsed": 159.128767, "delta": 1.708193}}
{"target": -46.524812440226846, "params": {"eta": 0.0703650628679833, "max_depth": 2.3180399129273765, "n_estimators": 366.8876335456871}, "datetime": {"datetime": "2021-09-24 16:56:35", "elapsed": 160.901287, "delta": 1.77252}}
{"target": -44.08210579434732, "params": {"eta": 0.09943523305971304, "max_depth": 1.856439381273425, "n_estimators": 490.09217479973995}, "datetime": {"datetime": "2021-09-24 16:56:36", "elapsed": 162.659781, "delta": 1.758494}}
{"target": -52.99660520625294, "params": {"eta": 0.24821763623231916, "max_depth": 2.146843111625387, "n_estimators": 489.5677116991632}, "datetime": {"datetime": "2021-09-24 16:56:39", "elapsed": 164.835778, "delta": 2.175997}}
{"target": -42.923888615199495, "params": {"eta": 0.05, "max_depth": 1.4439374955959572, "n_estimators": 490.38475799208175}, "datetime": {"datetime": "2021-09-24 16:56:41", "elapsed": 166.897439, "delta": 2.061661}}
{"target": -48.96556107083658, "params": {"eta": 0.38456824399676, "max_depth": 1.8062516675226898, "n_estimators": 490.6836575171154}, "datetime": {"datetime": "2021-09-24 16:56:42", "elapsed": 168.79081, "delta": 1.893371}}
{"target": -44.55766320766363, "params": {"eta": 0.11884710830273962, "max_depth": 1.2185213600997948, "n_estimators": 490.0660428479994}, "datetime": {"datetime": "2021-09-24 16:56:44", "elapsed": 170.620218, "delta": 1.829408}}
{"target": -42.75758330266279, "params": {"eta": 0.050211558102857566, "max_depth": 1.1219210422363917, "n_estimators": 390.0217618089719}, "datetime": {"datetime": "2021-09-24 16:56:46", "elapsed": 172.647125, "delta": 2.026907}}
{"target": -45.51982798253683, "params": {"eta": 0.20133859580486824, "max_depth": 1.06888815199479, "n_estimators": 390.48908317442203}, "datetime": {"datetime": "2021-09-24 16:56:48", "elapsed": 174.670631, "delta": 2.023506}}
{"target": -46.94880210546623, "params": {"eta": 0.3644499978660949, "max_depth": 1.6139730022822119, "n_estimators": 326.1375352604951}, "datetime": {"datetime": "2021-09-24 16:56:50", "elapsed": 176.055419, "delta": 1.384788}}
{"target": -45.90716372396713, "params": {"eta": 0.27463654513825475, "max_depth": 1.4355068391977965, "n_estimators": 350.72760929725706}, "datetime": {"datetime": "2021-09-24 16:56:51", "elapsed": 177.492089, "delta": 1.43667}}
{"target": -42.76142335475836, "params": {"eta": 0.06241740435702928, "max_depth": 1.314045368112217, "n_estimators": 366.63337385566206}, "datetime": {"datetime": "2021-09-24 16:56:53", "elapsed": 179.714522, "delta": 2.222433}}
{"target": -51.303295497607465, "params": {"eta": 0.16548572421036845, "max_depth": 2.3838772131520156, "n_estimators": 447.1134247537948}, "datetime": {"datetime": "2021-09-24 16:56:55", "elapsed": 181.215751, "delta": 1.501229}}
{"target": -42.7676224959524, "params": {"eta": 0.050197028073235284, "max_depth": 1.7884240528150355, "n_estimators": 390.1487565475997}, "datetime": {"datetime": "2021-09-24 16:56:57", "elapsed": 183.139988, "delta": 1.924237}}
{"target": -43.25951637899069, "params": {"eta": 0.09297274878896658, "max_depth": 1.9899633133442256, "n_estimators": 389.6892204216674}, "datetime": {"datetime": "2021-09-24 16:56:59", "elapsed": 185.276081, "delta": 2.136093}}
{"target": -50.982126590900855, "params": {"eta": 0.31671163733852326, "max_depth": 2.65383259394552, "n_estimators": 366.66985609158183}, "datetime": {"datetime": "2021-09-24 16:57:00", "elapsed": 186.437161, "delta": 1.16108}}
{"target": -47.48284359982139, "params": {"eta": 0.07841075094640258, "max_depth": 2.4538171581465393, "n_estimators": 390.0919116976174}, "datetime": {"datetime": "2021-09-24 16:57:02", "elapsed": 188.431389, "delta": 1.994228}}
{"target": -42.98534069204689, "params": {"eta": 0.061661289579048796, "max_depth": 1.5850742931391606, "n_estimators": 389.4339890582801}, "datetime": {"datetime": "2021-09-24 16:57:03", "elapsed": 189.757262, "delta": 1.325873}}
{"target": -43.16468928631087, "params": {"eta": 0.07987058328563623, "max_depth": 1.4044458184929205, "n_estimators": 389.77844318000314}, "datetime": {"datetime": "2021-09-24 16:57:05", "elapsed": 191.179337, "delta": 1.422075}}
{"target": -51.76703189190169, "params": {"eta": 0.26901685757870525, "max_depth": 2.666893555829996, "n_estimators": 495.53994545497056}, "datetime": {"datetime": "2021-09-24 16:57:07", "elapsed": 192.839378, "delta": 1.660041}}
{"target": -49.169078360822866, "params": {"eta": 0.43184382074404926, "max_depth": 1.295265485833826, "n_estimators": 395.0173184945104}, "datetime": {"datetime": "2021-09-24 16:57:08", "elapsed": 193.947415, "delta": 1.108037}}
{"target": -50.85827280345716, "params": {"eta": 0.25789941933547855, "max_depth": 2.064107005135244, "n_estimators": 389.1645831608357}, "datetime": {"datetime": "2021-09-24 16:57:09", "elapsed": 195.4395, "delta": 1.492085}}
{"target": -42.98307068903643, "params": {"eta": 0.05417367641079304, "max_depth": 1.0469821481339376, "n_estimators": 490.81618272216895}, "datetime": {"datetime": "2021-09-24 16:57:11", "elapsed": 197.108833, "delta": 1.669333}}
{"target": -43.209904376725504, "params": {"eta": 0.06814054567066, "max_depth": 1.2586569071149982, "n_estimators": 491.37697400262823}, "datetime": {"datetime": "2021-09-24 16:57:13", "elapsed": 198.855832, "delta": 1.746999}}
{"target": -47.12169122695923, "params": {"eta": 0.25142946410972783, "max_depth": 1.085403746880707, "n_estimators": 492.06409203770875}, "datetime": {"datetime": "2021-09-24 16:57:15", "elapsed": 200.818145, "delta": 1.962313}}
{"target": -49.5266559213624, "params": {"eta": 0.4421799467832785, "max_depth": 1.8395028528951543, "n_estimators": 390.8781747649137}, "datetime": {"datetime": "2021-09-24 16:57:16", "elapsed": 202.084118, "delta": 1.265973}}
{"target": -45.137560320976085, "params": {"eta": 0.14319567823857116, "max_depth": 1.0395021915521754, "n_estimators": 488.62666682001316}, "datetime": {"datetime": "2021-09-24 16:57:17", "elapsed": 203.336706, "delta": 1.252588}}
{"target": -49.737463463517955, "params": {"eta": 0.4227692003275359, "max_depth": 1.099779863836468, "n_estimators": 491.1001395152897}, "datetime": {"datetime": "2021-09-24 16:57:19", "elapsed": 205.011447, "delta": 1.674741}}
{"target": -43.9589718840176, "params": {"eta": 0.09768634475935542, "max_depth": 1.7791255083887716, "n_estimators": 491.45449271161465}, "datetime": {"datetime": "2021-09-24 16:57:20", "elapsed": 206.394576, "delta": 1.383129}}
{"target": -50.88754065592486, "params": {"eta": 0.1575472476125162, "max_depth": 2.0665280333470815, "n_estimators": 491.9702703112242}, "datetime": {"datetime": "2021-09-24 16:57:22", "elapsed": 207.968574, "delta": 1.573998}}
{"target": -43.8264024347291, "params": {"eta": 0.09443203180115638, "max_depth": 1.015550821994553, "n_estimators": 490.39144045471033}, "datetime": {"datetime": "2021-09-24 16:57:23", "elapsed": 209.617099, "delta": 1.648525}}
{"target": -44.95511985721445, "params": {"eta": 0.056248182414336205, "max_depth": 2.4919152801813014, "n_estimators": 317.37229261168005}, "datetime": {"datetime": "2021-09-24 16:57:24", "elapsed": 210.781101, "delta": 1.164002}}
{"target": -47.19888630486969, "params": {"eta": 0.11876452055019655, "max_depth": 2.988168321440181, "n_estimators": 317.10040640368345}, "datetime": {"datetime": "2021-09-24 16:57:26", "elapsed": 212.608097, "delta": 1.826996}}
{"target": -42.78473671934658, "params": {"eta": 0.05, "max_depth": 1.0, "n_estimators": 365.93448148709047}, "datetime": {"datetime": "2021-09-24 16:57:28", "elapsed": 214.086265, "delta": 1.478168}}
{"target": -45.3369856454376, "params": {"eta": 0.20253956215087204, "max_depth": 1.6315074558506044, "n_estimators": 372.6275993295391}, "datetime": {"datetime": "2021-09-24 16:57:29", "elapsed": 215.235486, "delta": 1.149221}}
{"target": -42.75212441351181, "params": {"eta": 0.05, "max_depth": 1.0, "n_estimators": 361.8627176524005}, "datetime": {"datetime": "2021-09-24 16:57:31", "elapsed": 217.157255, "delta": 1.921769}}
{"target": -49.388206725730036, "params": {"eta": 0.49852330482241597, "max_depth": 1.1081298853035582, "n_estimators": 361.5799441684981}, "datetime": {"datetime": "2021-09-24 16:57:32", "elapsed": 218.778292, "delta": 1.621037}}
{"target": -49.02605459743872, "params": {"eta": 0.42581060779380936, "max_depth": 1.8578039198421303, "n_estimators": 389.9652464646575}, "datetime": {"datetime": "2021-09-24 16:57:34", "elapsed": 220.617014, "delta": 1.838722}}
{"target": -48.78175873863966, "params": {"eta": 0.3703057593073815, "max_depth": 1.2314905593882288, "n_estimators": 487.9343175133839}, "datetime": {"datetime": "2021-09-24 16:57:36", "elapsed": 222.558998, "delta": 1.941984}}
