{"target": 0.18539716797839345, "params": {"eta": 0.5492646904233974, "max_depth": 21.740491624800164, "n_estimators": 30.53540542751055}, "datetime": {"datetime": "2021-09-24 12:11:28", "elapsed": 0.0, "delta": 0.0}}
{"target": 0.14540785048445193, "params": {"eta": 0.5453382998138999, "max_depth": 13.285989180828237, "n_estimators": 32.64881154026615}, "datetime": {"datetime": "2021-09-24 12:11:28", "elapsed": 0.225002, "delta": 0.225002}}
{"target": 0.26841764474493024, "params": {"eta": 0.4381496240514298, "max_depth": 26.861417022680314, "n_estimators": 48.21947526455043}, "datetime": {"datetime": "2021-09-24 12:11:28", "elapsed": 0.548199, "delta": 0.323197}}
{"target": 0.2804932936582386, "params": {"eta": 0.3840580773069519, "max_depth": 23.960026104397272, "n_estimators": 26.91585106789232}, "datetime": {"datetime": "2021-09-24 12:11:28", "elapsed": 0.778197, "delta": 0.229998}}
{"target": 0.05773473184071476, "params": {"eta": 0.5684765165328384, "max_depth": 27.84230251048717, "n_estimators": 4.48076685169646}, "datetime": {"datetime": "2021-09-24 12:11:28", "elapsed": 0.820198, "delta": 0.042001}}
{"target": 0.13187796070309754, "params": {"eta": 0.669499603123286, "max_depth": 21.600354219455586, "n_estimators": 42.47260812780618}, "datetime": {"datetime": "2021-09-24 12:11:29", "elapsed": 1.199839, "delta": 0.379641}}
{"target": 0.20873763437354886, "params": {"eta": 0.5114394757458961, "max_depth": 23.849061571647603, "n_estimators": 24.825346906942315}, "datetime": {"datetime": "2021-09-24 12:11:29", "elapsed": 1.774837, "delta": 0.574998}}
{"target": 0.21205634258857664, "params": {"eta": 0.5231740627044731, "max_depth": 25.888051826170837, "n_estimators": 27.814336911218735}, "datetime": {"datetime": "2021-09-24 12:11:30", "elapsed": 2.350837, "delta": 0.576}}
{"target": 0.3629352861296167, "params": {"eta": 0.17171007394487228, "max_depth": 21.884223105175682, "n_estimators": 27.106428971465657}, "datetime": {"datetime": "2021-09-24 12:11:30", "elapsed": 2.731849, "delta": 0.381012}}
{"target": 0.21664007366754756, "params": {"eta": 0.43115678367686777, "max_depth": 19.954642748622614, "n_estimators": 26.76495516347553}, "datetime": {"datetime": "2021-09-24 12:11:31", "elapsed": 3.090844, "delta": 0.358995}}
{"target": -3.4005866126695423, "params": {"eta": 0.0026988605981682684, "max_depth": 22.800395690405715, "n_estimators": 28.16876021882466}, "datetime": {"datetime": "2021-09-24 12:11:31", "elapsed": 3.353452, "delta": 0.262608}}
{"target": 0.16566723533383776, "params": {"eta": 0.5811051948633909, "max_depth": 21.503227044606977, "n_estimators": 42.453819811828716}, "datetime": {"datetime": "2021-09-24 12:11:31", "elapsed": 3.716455, "delta": 0.363003}}
{"target": 0.04524584631724493, "params": {"eta": 0.7663216634176057, "max_depth": 21.606884856043106, "n_estimators": 26.31415171073028}, "datetime": {"datetime": "2021-09-24 12:11:32", "elapsed": 4.030455, "delta": 0.314}}
{"target": 0.09399897737221419, "params": {"eta": 0.5657367336345188, "max_depth": 24.528407067988706, "n_estimators": 25.961231083422486}, "datetime": {"datetime": "2021-09-24 12:11:32", "elapsed": 4.680881, "delta": 0.650426}}
{"target": 0.20949132787306401, "params": {"eta": 0.32550319751435386, "max_depth": 20.94993897347691, "n_estimators": 27.556003648070142}, "datetime": {"datetime": "2021-09-24 12:11:33", "elapsed": 5.07688, "delta": 0.395999}}
{"target": -0.14550474572858674, "params": {"eta": 1.0, "max_depth": 24.931720465358048, "n_estimators": 27.17440241127669}, "datetime": {"datetime": "2021-09-24 12:11:33", "elapsed": 5.336881, "delta": 0.260001}}
{"target": 0.12738071806063755, "params": {"eta": 0.5303420606565602, "max_depth": 23.0760105917058, "n_estimators": 25.9438072762349}, "datetime": {"datetime": "2021-09-24 12:11:33", "elapsed": 5.64788, "delta": 0.310999}}
{"target": 0.3293123046483676, "params": {"eta": 0.08554976527394158, "max_depth": 26.22376257498624, "n_estimators": 49.3015195310875}, "datetime": {"datetime": "2021-09-24 12:11:34", "elapsed": 6.207879, "delta": 0.559999}}
{"target": 0.10611998977112791, "params": {"eta": 0.8661523878900511, "max_depth": 25.723248335234864, "n_estimators": 48.6836814095315}, "datetime": {"datetime": "2021-09-24 12:11:34", "elapsed": 6.51022, "delta": 0.302341}}
{"target": 0.11254636491713021, "params": {"eta": 0.8687899409503167, "max_depth": 27.143400081131997, "n_estimators": 49.314367174538575}, "datetime": {"datetime": "2021-09-24 12:11:35", "elapsed": 6.923218, "delta": 0.412998}}
{"target": -3.6219820317056524, "params": {"eta": 0.001, "max_depth": 25.886779665190176, "n_estimators": 47.394584364514785}, "datetime": {"datetime": "2021-09-24 12:11:35", "elapsed": 7.311224, "delta": 0.388006}}
{"target": -0.037673814852826615, "params": {"eta": 0.026253591661465618, "max_depth": 27.86839982127668, "n_estimators": 48.65147910338465}, "datetime": {"datetime": "2021-09-24 12:11:35", "elapsed": 7.786222, "delta": 0.474998}}
{"target": 0.10366460755279727, "params": {"eta": 0.9002438664773956, "max_depth": 25.892985802940625, "n_estimators": 49.99676505811511}, "datetime": {"datetime": "2021-09-24 12:11:36", "elapsed": 8.165222, "delta": 0.379}}
{"target": 0.2646747458692379, "params": {"eta": 0.15888175134314927, "max_depth": 19.436292491935934, "n_estimators": 27.915426520888193}, "datetime": {"datetime": "2021-09-24 12:11:36", "elapsed": 8.60322, "delta": 0.437998}}
{"target": 0.11347374588881853, "params": {"eta": 0.7291575603246515, "max_depth": 18.77002526907991, "n_estimators": 26.929755395422596}, "datetime": {"datetime": "2021-09-24 12:11:37", "elapsed": 9.06422, "delta": 0.461}}
{"target": -0.06840284754594461, "params": {"eta": 0.9182377018407185, "max_depth": 18.543697080292553, "n_estimators": 28.47754663747891}, "datetime": {"datetime": "2021-09-24 12:11:37", "elapsed": 9.344221, "delta": 0.280001}}
{"target": 0.060796270770557714, "params": {"eta": 0.8413293062838767, "max_depth": 20.204051181139217, "n_estimators": 28.807761906833342}, "datetime": {"datetime": "2021-09-24 12:11:37", "elapsed": 9.869218, "delta": 0.524997}}
{"target": 0.21634018009350864, "params": {"eta": 0.07317791825282274, "max_depth": 27.013751881946924, "n_estimators": 28.517326975486448}, "datetime": {"datetime": "2021-09-24 12:11:38", "elapsed": 10.146222, "delta": 0.277004}}
{"target": -3.7836755852156365, "params": {"eta": 0.001, "max_depth": 26.96118755521316, "n_estimators": 27.151455214989834}, "datetime": {"datetime": "2021-09-24 12:11:38", "elapsed": 10.655074, "delta": 0.508852}}
{"target": 0.2780351180457955, "params": {"eta": 0.29685731740599175, "max_depth": 26.000733193041974, "n_estimators": 29.005883430829055}, "datetime": {"datetime": "2021-09-24 12:11:39", "elapsed": 11.021072, "delta": 0.365998}}
{"target": 0.2411527730183699, "params": {"eta": 0.4514169852521194, "max_depth": 27.04005152159766, "n_estimators": 29.59587221903791}, "datetime": {"datetime": "2021-09-24 12:11:39", "elapsed": 11.628068, "delta": 0.606996}}
{"target": -3.8085648215111787, "params": {"eta": 0.001, "max_depth": 22.600802480433597, "n_estimators": 24.696391750973792}, "datetime": {"datetime": "2021-09-24 12:11:40", "elapsed": 12.088074, "delta": 0.460006}}
{"target": 0.23430232473524493, "params": {"eta": 0.22693455355627343, "max_depth": 24.75768301388174, "n_estimators": 24.68051798225181}, "datetime": {"datetime": "2021-09-24 12:11:40", "elapsed": 12.5507, "delta": 0.462626}}
{"target": 0.2653520441064817, "params": {"eta": 0.3008168276041352, "max_depth": 24.951434444312746, "n_estimators": 28.333870944014823}, "datetime": {"datetime": "2021-09-24 12:11:41", "elapsed": 12.916554, "delta": 0.365854}}
{"target": 0.09217832449543806, "params": {"eta": 0.8953788351241717, "max_depth": 24.660685322229284, "n_estimators": 23.608517749558693}, "datetime": {"datetime": "2021-09-24 12:11:41", "elapsed": 13.293162, "delta": 0.376608}}
{"target": 0.26506091254825714, "params": {"eta": 0.10767868813469929, "max_depth": 28.167104783964504, "n_estimators": 29.110506308289924}, "datetime": {"datetime": "2021-09-24 12:11:41", "elapsed": 13.755167, "delta": 0.462005}}
{"target": -0.14550474627072685, "params": {"eta": 1.0, "max_depth": 28.274257551801316, "n_estimators": 30.053698399767004}, "datetime": {"datetime": "2021-09-24 12:11:42", "elapsed": 14.219164, "delta": 0.463997}}
{"target": -0.14550474590929996, "params": {"eta": 1.0, "max_depth": 26.668230997394044, "n_estimators": 28.731969708451413}, "datetime": {"datetime": "2021-09-24 12:11:42", "elapsed": 14.616593, "delta": 0.397429}}
{"target": -0.14550474934285607, "params": {"eta": 1.0, "max_depth": 27.83354582569408, "n_estimators": 47.83875645231944}, "datetime": {"datetime": "2021-09-24 12:11:43", "elapsed": 15.271593, "delta": 0.655}}
{"target": 0.2162527203176654, "params": {"eta": 0.5203632558888427, "max_depth": 20.327027844398422, "n_estimators": 30.343146641811046}, "datetime": {"datetime": "2021-09-24 12:11:43", "elapsed": 15.76059, "delta": 0.488997}}
{"target": 0.23094217499749548, "params": {"eta": 0.41776010529014973, "max_depth": 20.813757281046144, "n_estimators": 31.654896379467193}, "datetime": {"datetime": "2021-09-24 12:11:44", "elapsed": 16.341872, "delta": 0.581282}}
{"target": -2.578697807008089, "params": {"eta": 0.006430796698769556, "max_depth": 19.513377292374074, "n_estimators": 31.493445978567127}, "datetime": {"datetime": "2021-09-24 12:11:44", "elapsed": 16.659205, "delta": 0.317333}}
{"target": 0.10623213140231058, "params": {"eta": 0.7758176646248142, "max_depth": 21.982067390236665, "n_estimators": 31.792041668580787}, "datetime": {"datetime": "2021-09-24 12:11:45", "elapsed": 17.086201, "delta": 0.426996}}
{"target": -0.040129355088110996, "params": {"eta": 0.973634188677362, "max_depth": 21.222905098681238, "n_estimators": 32.89464222856185}, "datetime": {"datetime": "2021-09-24 12:11:45", "elapsed": 17.536199, "delta": 0.449998}}
{"target": 0.3488444570019269, "params": {"eta": 0.17177723178357462, "max_depth": 24.68704073729802, "n_estimators": 49.65474667266145}, "datetime": {"datetime": "2021-09-24 12:11:46", "elapsed": 18.234198, "delta": 0.697999}}
{"target": -0.14550474988499662, "params": {"eta": 1.0, "max_depth": 23.944943791074145, "n_estimators": 50.0}, "datetime": {"datetime": "2021-09-24 12:11:46", "elapsed": 18.696999, "delta": 0.462801}}
{"target": 0.20384122089176615, "params": {"eta": 0.06152115427822365, "max_depth": 26.163156295659203, "n_estimators": 30.312936023681534}, "datetime": {"datetime": "2021-09-24 12:11:47", "elapsed": 19.244994, "delta": 0.547995}}
{"target": -0.006718489255652438, "params": {"eta": 0.8318442695974122, "max_depth": 25.100615784833586, "n_estimators": 30.06823267491736}, "datetime": {"datetime": "2021-09-24 12:11:47", "elapsed": 19.765997, "delta": 0.521003}}
{"target": 0.24935172296295627, "params": {"eta": 0.12754035586876034, "max_depth": 27.12885875973999, "n_estimators": 31.09632356309295}, "datetime": {"datetime": "2021-09-24 12:11:48", "elapsed": 20.251996, "delta": 0.485999}}
{"target": 0.07163651454357034, "params": {"eta": 0.9010412680669663, "max_depth": 26.25002971168566, "n_estimators": 31.385812137760976}, "datetime": {"datetime": "2021-09-24 12:11:48", "elapsed": 20.73494, "delta": 0.482944}}
{"target": 0.020150472853758372, "params": {"eta": 0.7568625608576279, "max_depth": 27.56280412818409, "n_estimators": 32.202724836496756}, "datetime": {"datetime": "2021-09-24 12:11:49", "elapsed": 21.188625, "delta": 0.453685}}
{"target": -3.750800120752956, "params": {"eta": 0.001, "max_depth": 25.170898273356016, "n_estimators": 31.432417341110355}, "datetime": {"datetime": "2021-09-24 12:11:49", "elapsed": 21.646627, "delta": 0.458002}}
{"target": 0.3475841347420259, "params": {"eta": 0.3045039614996021, "max_depth": 19.305823511818637, "n_estimators": 25.43701291444217}, "datetime": {"datetime": "2021-09-24 12:11:50", "elapsed": 22.063623, "delta": 0.416996}}
{"target": -0.14649472811990294, "params": {"eta": 1.0, "max_depth": 20.163224867024578, "n_estimators": 25.637040032182593}, "datetime": {"datetime": "2021-09-24 12:11:50", "elapsed": 22.534728, "delta": 0.471105}}
{"target": -0.01985070341568207, "params": {"eta": 0.8149961875738648, "max_depth": 18.367232763821477, "n_estimators": 25.066780284928416}, "datetime": {"datetime": "2021-09-24 12:11:51", "elapsed": 22.949188, "delta": 0.41446}}
{"target": 0.05625477175951665, "params": {"eta": 0.9212138872603142, "max_depth": 20.742990078318748, "n_estimators": 43.53294146785148}, "datetime": {"datetime": "2021-09-24 12:11:51", "elapsed": 23.439467, "delta": 0.490279}}
{"target": -0.0399972450017243, "params": {"eta": 0.9736053162411921, "max_depth": 27.13707558110607, "n_estimators": 30.64122776446114}, "datetime": {"datetime": "2021-09-24 12:11:52", "elapsed": 24.085464, "delta": 0.645997}}
{"target": 0.18249424378929358, "params": {"eta": 0.5369933649506459, "max_depth": 19.327616333444876, "n_estimators": 23.982531294892723}, "datetime": {"datetime": "2021-09-24 12:11:52", "elapsed": 24.526363, "delta": 0.440899}}
{"target": -0.14649472811990294, "params": {"eta": 1.0, "max_depth": 20.19728174023672, "n_estimators": 42.11602468490321}, "datetime": {"datetime": "2021-09-24 12:11:53", "elapsed": 24.942335, "delta": 0.415972}}
{"target": 0.22779790748587225, "params": {"eta": 0.08550449746328316, "max_depth": 18.169582889726467, "n_estimators": 23.507958279095174}, "datetime": {"datetime": "2021-09-24 12:11:53", "elapsed": 25.411341, "delta": 0.469006}}
{"target": 0.30845812583792764, "params": {"eta": 0.2943123242023364, "max_depth": 19.147792572350387, "n_estimators": 22.595877145937745}, "datetime": {"datetime": "2021-09-24 12:11:54", "elapsed": 26.080333, "delta": 0.668992}}
{"target": 0.3150791822077411, "params": {"eta": 0.30627483940075, "max_depth": 18.001828916390178, "n_estimators": 22.054433480263835}, "datetime": {"datetime": "2021-09-24 12:11:54", "elapsed": 26.65683, "delta": 0.576497}}
{"target": -0.14522251266374409, "params": {"eta": 1.0, "max_depth": 18.330978070654933, "n_estimators": 22.90286911868068}, "datetime": {"datetime": "2021-09-24 12:11:55", "elapsed": 27.169832, "delta": 0.513002}}
{"target": 0.09449223673402696, "params": {"eta": 0.565622938847769, "max_depth": 19.00977160735755, "n_estimators": 21.277872388103656}, "datetime": {"datetime": "2021-09-24 12:11:55", "elapsed": 27.806832, "delta": 0.637}}
{"target": -3.8415061793929857, "params": {"eta": 0.001, "max_depth": 17.65206245380595, "n_estimators": 20.84844311499027}, "datetime": {"datetime": "2021-09-24 12:11:56", "elapsed": 28.264491, "delta": 0.457659}}
{"target": 0.346928906850444, "params": {"eta": 0.24483871144431618, "max_depth": 20.138195422787184, "n_estimators": 21.75268518339198}, "datetime": {"datetime": "2021-09-24 12:11:56", "elapsed": 28.840025, "delta": 0.575534}}
{"target": 0.015183537462894914, "params": {"eta": 0.9650962790624422, "max_depth": 20.133728581906475, "n_estimators": 20.803469894682024}, "datetime": {"datetime": "2021-09-24 12:11:57", "elapsed": 29.296022, "delta": 0.455997}}
{"target": -2.560370770997191, "params": {"eta": 0.009175682545859262, "max_depth": 20.350382731826258, "n_estimators": 22.850095575585293}, "datetime": {"datetime": "2021-09-24 12:11:57", "elapsed": 29.774025, "delta": 0.478003}}
{"target": 0.10326314887467003, "params": {"eta": 0.5776904008404046, "max_depth": 24.27372813200525, "n_estimators": 10.722944664507393}, "datetime": {"datetime": "2021-09-24 12:11:58", "elapsed": 30.149025, "delta": 0.375}}
{"target": -0.6645710508364568, "params": {"eta": 0.02528163694156751, "max_depth": 20.95338203400677, "n_estimators": 29.653184992042814}, "datetime": {"datetime": "2021-09-24 12:11:58", "elapsed": 30.557861, "delta": 0.408836}}
{"target": 0.14464679399084668, "params": {"eta": 0.7320549173931256, "max_depth": 26.54184551910983, "n_estimators": 20.467200653798166}, "datetime": {"datetime": "2021-09-24 12:11:59", "elapsed": 30.978098, "delta": 0.420237}}
{"target": 0.2293075349037863, "params": {"eta": 0.19806614596155353, "max_depth": 21.86960257494347, "n_estimators": 27.05630551562248}, "datetime": {"datetime": "2021-09-24 12:11:59", "elapsed": 31.399741, "delta": 0.421643}}
{"target": 0.1166439796550569, "params": {"eta": 0.06568611667695472, "max_depth": 18.929546064065057, "n_estimators": 24.61792729419884}, "datetime": {"datetime": "2021-09-24 12:11:59", "elapsed": 31.881742, "delta": 0.482001}}
{"target": 0.11899542705239219, "params": {"eta": 0.8978630883097227, "max_depth": 21.080975097197165, "n_estimators": 31.03611762795999}, "datetime": {"datetime": "2021-09-24 12:12:00", "elapsed": 32.43474, "delta": 0.552998}}
{"target": -0.010627653935777026, "params": {"eta": 0.9623194304320647, "max_depth": 25.535925695066855, "n_estimators": 28.58473176354067}, "datetime": {"datetime": "2021-09-24 12:12:01", "elapsed": 33.217646, "delta": 0.782906}}
{"target": -0.14370983288174033, "params": {"eta": 1.0, "max_depth": 19.915646766123796, "n_estimators": 27.647528973923}, "datetime": {"datetime": "2021-09-24 12:12:02", "elapsed": 33.983294, "delta": 0.765648}}
{"target": 0.30971153696351195, "params": {"eta": 0.10402363755412836, "max_depth": 20.5453095025357, "n_estimators": 32.63991806537368}, "datetime": {"datetime": "2021-09-24 12:12:02", "elapsed": 34.418293, "delta": 0.434999}}
{"target": 0.036288482952425816, "params": {"eta": 0.0635830359219104, "max_depth": 18.361543069787214, "n_estimators": 22.68192968472735}, "datetime": {"datetime": "2021-09-24 12:12:03", "elapsed": 34.957031, "delta": 0.538738}}
{"target": -0.0395689429551378, "params": {"eta": 0.9733856200827924, "max_depth": 19.354537662872307, "n_estimators": 22.142949902347013}, "datetime": {"datetime": "2021-09-24 12:12:03", "elapsed": 35.519031, "delta": 0.562}}
{"target": -3.7425979626282624, "params": {"eta": 0.001, "max_depth": 21.47986211011349, "n_estimators": 32.34049359723468}, "datetime": {"datetime": "2021-09-24 12:12:04", "elapsed": 36.148031, "delta": 0.629}}
{"target": 0.24217803489999068, "params": {"eta": 0.4047830568516595, "max_depth": 25.311949397892597, "n_estimators": 49.24548184695107}, "datetime": {"datetime": "2021-09-24 12:12:05", "elapsed": 36.973031, "delta": 0.825}}
{"target": 0.11749958356998991, "params": {"eta": 0.504983625674607, "max_depth": 15.066142765435632, "n_estimators": 47.34269186670441}, "datetime": {"datetime": "2021-09-24 12:12:05", "elapsed": 37.541034, "delta": 0.568003}}
{"target": 0.12598237297880277, "params": {"eta": 0.6810827453118764, "max_depth": 26.418719063164783, "n_estimators": 49.00190019360712}, "datetime": {"datetime": "2021-09-24 12:12:06", "elapsed": 38.14503, "delta": 0.603996}}
{"target": 0.15065352409133603, "params": {"eta": 0.730984923396898, "max_depth": 20.16582257173983, "n_estimators": 33.00806975994416}, "datetime": {"datetime": "2021-09-24 12:12:06", "elapsed": 38.829046, "delta": 0.684016}}
{"target": 0.07069803579345046, "params": {"eta": 0.7805674219385383, "max_depth": 26.166843286784413, "n_estimators": 29.81424894262264}, "datetime": {"datetime": "2021-09-24 12:12:07", "elapsed": 39.381044, "delta": 0.551998}}
{"target": 0.3071922201190813, "params": {"eta": 0.3519479555742356, "max_depth": 18.851016648685512, "n_estimators": 26.066804802803876}, "datetime": {"datetime": "2021-09-24 12:12:08", "elapsed": 40.089043, "delta": 0.707999}}
{"target": 0.41211684798762604, "params": {"eta": 0.8073704872926207, "max_depth": 1.5594499204978396, "n_estimators": 15.171476084925313}, "datetime": {"datetime": "2021-09-24 12:12:08", "elapsed": 40.454048, "delta": 0.365005}}
{"target": 0.06309925368716118, "params": {"eta": 0.5747210716725631, "max_depth": 29.1728878049081, "n_estimators": 46.92948528405113}, "datetime": {"datetime": "2021-09-24 12:12:09", "elapsed": 40.967599, "delta": 0.513551}}
{"target": -0.0957779589017358, "params": {"eta": 0.07464815161232369, "max_depth": 1.238533381029916, "n_estimators": 14.889633177005692}, "datetime": {"datetime": "2021-09-24 12:12:09", "elapsed": 41.468599, "delta": 0.501}}
{"target": 0.02185888067704178, "params": {"eta": 0.9396510503863486, "max_depth": 22.565925260224198, "n_estimators": 30.948236394663937}, "datetime": {"datetime": "2021-09-24 12:12:10", "elapsed": 42.072599, "delta": 0.604}}
{"target": -3.7344218129122657, "params": {"eta": 0.001, "max_depth": 20.22259648449829, "n_estimators": 33.43762937246168}, "datetime": {"datetime": "2021-09-24 12:12:10", "elapsed": 42.461596, "delta": 0.388997}}
{"target": 0.0551610882712712, "params": {"eta": 0.8044422540346896, "max_depth": 20.31794043241894, "n_estimators": 32.34309074069546}, "datetime": {"datetime": "2021-09-24 12:12:11", "elapsed": 43.051013, "delta": 0.589417}}
{"target": -0.005013735233433181, "params": {"eta": 0.8847455456010295, "max_depth": 23.763348758886544, "n_estimators": 26.318565080119587}, "datetime": {"datetime": "2021-09-24 12:12:11", "elapsed": 43.653303, "delta": 0.60229}}
{"target": 0.12418052610433683, "params": {"eta": 0.6777220509844454, "max_depth": 26.461283146292473, "n_estimators": 48.98817345254545}, "datetime": {"datetime": "2021-09-24 12:12:12", "elapsed": 44.203309, "delta": 0.550006}}
{"target": -2.9504045909578154, "params": {"eta": 0.006627242358252648, "max_depth": 19.80636749114949, "n_estimators": 21.08825594535781}, "datetime": {"datetime": "2021-09-24 12:12:12", "elapsed": 44.769904, "delta": 0.566595}}
{"target": 0.2623469503343072, "params": {"eta": 0.10750907999768501, "max_depth": 19.56390047956078, "n_estimators": 26.132867626035925}, "datetime": {"datetime": "2021-09-24 12:12:13", "elapsed": 45.249905, "delta": 0.480001}}
{"target": 0.044168501972634, "params": {"eta": 0.6528661208731449, "max_depth": 18.57932791801513, "n_estimators": 21.966285936777847}, "datetime": {"datetime": "2021-09-24 12:12:13", "elapsed": 45.751902, "delta": 0.501997}}
