{"target": 0.15192483246540878, "params": {"eta": 0.5867671618701296, "max_depth": 9.583335310166735, "n_estimators": 23.40179981008496}, "datetime": {"datetime": "2021-09-24 12:37:56", "elapsed": 108.80305, "delta": 0.618997}}
{"target": 0.2992909181764096, "params": {"eta": 0.16439067185386913, "max_depth": 9.815760542823687, "n_estimators": 34.57461835845881}, "datetime": {"datetime": "2021-09-24 12:37:57", "elapsed": 109.562052, "delta": 0.759002}}
{"target": 0.3081915714205331, "params": {"eta": 0.10653103028235782, "max_depth": 10.440745195754422, "n_estimators": 34.408853192841704}, "datetime": {"datetime": "2021-09-24 12:37:58", "elapsed": 110.77505, "delta": 1.212998}}
{"target": 0.3108117610090928, "params": {"eta": 0.35141983519094344, "max_depth": 17.33559801401823, "n_estimators": 26.008684937411893}, "datetime": {"datetime": "2021-09-24 12:37:59", "elapsed": 111.570053, "delta": 0.795003}}
{"target": 0.35941952926322007, "params": {"eta": 0.23389128066522474, "max_depth": 9.12811541291875, "n_estimators": 34.69958125786156}, "datetime": {"datetime": "2021-09-24 12:38:00", "elapsed": 112.637026, "delta": 1.066973}}
{"target": 0.302679471862761, "params": {"eta": 0.10205265268449562, "max_depth": 8.947151359048993, "n_estimators": 35.2122321682195}, "datetime": {"datetime": "2021-09-24 12:38:01", "elapsed": 113.805027, "delta": 1.168001}}
{"target": 0.30856301111331574, "params": {"eta": 0.15402905711936682, "max_depth": 9.409654536669166, "n_estimators": 34.202631785181076}, "datetime": {"datetime": "2021-09-24 12:38:03", "elapsed": 114.861936, "delta": 1.056909}}
{"target": 0.28561234886550557, "params": {"eta": 0.33261150338320317, "max_depth": 8.744494943148313, "n_estimators": 34.290009548531096}, "datetime": {"datetime": "2021-09-24 12:38:04", "elapsed": 115.942286, "delta": 1.08035}}
{"target": 0.19027521015780646, "params": {"eta": 0.49436108369360704, "max_depth": 8.697604863758887, "n_estimators": 34.93124686164567}, "datetime": {"datetime": "2021-09-24 12:38:05", "elapsed": 117.188784, "delta": 1.246498}}
{"target": 0.3513453286978411, "params": {"eta": 0.21173602492761218, "max_depth": 7.7762468612055216, "n_estimators": 31.939020474830997}, "datetime": {"datetime": "2021-09-24 12:38:06", "elapsed": 118.591738, "delta": 1.402954}}
{"target": 0.28293501917215513, "params": {"eta": 0.12211235250994745, "max_depth": 7.681042159993636, "n_estimators": 31.356889581972215}, "datetime": {"datetime": "2021-09-24 12:38:07", "elapsed": 119.716741, "delta": 1.125003}}
{"target": 0.2035727884661228, "params": {"eta": 0.5226695763359032, "max_depth": 15.04360027681796, "n_estimators": 30.429684262631874}, "datetime": {"datetime": "2021-09-24 12:38:08", "elapsed": 120.553851, "delta": 0.83711}}
{"target": 0.20714570770607743, "params": {"eta": 0.5528177776726805, "max_depth": 8.181458486096187, "n_estimators": 31.997481354262195}, "datetime": {"datetime": "2021-09-24 12:38:09", "elapsed": 121.538103, "delta": 0.984252}}
{"target": 0.3290977536136045, "params": {"eta": 0.21739580835556271, "max_depth": 7.944470805707704, "n_estimators": 16.669683719732355}, "datetime": {"datetime": "2021-09-24 12:38:10", "elapsed": 122.202103, "delta": 0.664}}
{"target": 0.3274152081934706, "params": {"eta": 0.10244394663372573, "max_depth": 7.829806243877728, "n_estimators": 32.45056684643943}, "datetime": {"datetime": "2021-09-24 12:38:11", "elapsed": 123.246189, "delta": 1.044086}}
{"target": 0.19772637994787, "params": {"eta": 0.5752758042500895, "max_depth": 10.181529359120166, "n_estimators": 34.116618046960454}, "datetime": {"datetime": "2021-09-24 12:38:12", "elapsed": 124.371192, "delta": 1.125003}}
{"target": 0.17320070877106464, "params": {"eta": 0.5780519964598765, "max_depth": 9.045391320612183, "n_estimators": 26.933964380171574}, "datetime": {"datetime": "2021-09-24 12:38:13", "elapsed": 125.063123, "delta": 0.691931}}
{"target": 0.23210442718441493, "params": {"eta": 0.5002303948484009, "max_depth": 7.327779619808358, "n_estimators": 31.701869791973206}, "datetime": {"datetime": "2021-09-24 12:38:14", "elapsed": 126.211416, "delta": 1.148293}}
{"target": 0.17334259292080334, "params": {"eta": 0.5785354022695426, "max_depth": 9.25209052767962, "n_estimators": 34.45337713865297}, "datetime": {"datetime": "2021-09-24 12:38:15", "elapsed": 127.231329, "delta": 1.019913}}
{"target": 0.3040814222063797, "params": {"eta": 0.18555776963081166, "max_depth": 8.564656902949334, "n_estimators": 27.71188962030482}, "datetime": {"datetime": "2021-09-24 12:38:16", "elapsed": 128.504777, "delta": 1.273448}}
{"target": 0.28389965242637016, "params": {"eta": 0.20626688906274532, "max_depth": 15.437568990948439, "n_estimators": 24.211819560284}, "datetime": {"datetime": "2021-09-24 12:38:17", "elapsed": 129.289917, "delta": 0.78514}}
{"target": 0.04279034623482747, "params": {"eta": 0.5655619628248427, "max_depth": 7.581599511541639, "n_estimators": 39.47475088929264}, "datetime": {"datetime": "2021-09-24 12:38:18", "elapsed": 130.328536, "delta": 1.038619}}
{"target": 0.10906976040656724, "params": {"eta": 0.5816943788856493, "max_depth": 7.724378659775917, "n_estimators": 32.427053548934396}, "datetime": {"datetime": "2021-09-24 12:38:19", "elapsed": 131.335147, "delta": 1.006611}}
{"target": 0.2853590249224188, "params": {"eta": 0.25443305159614654, "max_depth": 10.776122499700918, "n_estimators": 39.90721041691452}, "datetime": {"datetime": "2021-09-24 12:38:20", "elapsed": 132.559146, "delta": 1.223999}}
{"target": 0.2931134381310625, "params": {"eta": 0.08, "max_depth": 10.273503920321026, "n_estimators": 34.969338816690446}, "datetime": {"datetime": "2021-09-24 12:38:22", "elapsed": 134.329687, "delta": 1.770541}}
{"target": 0.31934354424025346, "params": {"eta": 0.12202293719955581, "max_depth": 10.907613085586302, "n_estimators": 34.95669708207036}, "datetime": {"datetime": "2021-09-24 12:38:23", "elapsed": 135.581689, "delta": 1.252002}}
{"target": 0.3379425616986309, "params": {"eta": 0.14356883850381907, "max_depth": 8.961683587161415, "n_estimators": 28.044941236680025}, "datetime": {"datetime": "2021-09-24 12:38:25", "elapsed": 137.084685, "delta": 1.502996}}
{"target": 0.30407373674066773, "params": {"eta": 0.2293113469541583, "max_depth": 15.893908925831544, "n_estimators": 46.272868207197234}, "datetime": {"datetime": "2021-09-24 12:38:26", "elapsed": 138.596253, "delta": 1.511568}}
{"target": 0.25126095383946556, "params": {"eta": 0.21932734698234907, "max_depth": 11.417855200904896, "n_estimators": 35.06314356975532}, "datetime": {"datetime": "2021-09-24 12:38:27", "elapsed": 139.763245, "delta": 1.166992}}
{"target": 0.219386169151077, "params": {"eta": 0.4660913752681864, "max_depth": 10.595839520177986, "n_estimators": 34.74643979920073}, "datetime": {"datetime": "2021-09-24 12:38:29", "elapsed": 140.983436, "delta": 1.220191}}
{"target": 0.1756363082451633, "params": {"eta": 0.5969501575082112, "max_depth": 8.588989598876449, "n_estimators": 28.21442133536789}, "datetime": {"datetime": "2021-09-24 12:38:30", "elapsed": 142.132179, "delta": 1.148743}}
{"target": 0.29945242969037167, "params": {"eta": 0.18875752478215993, "max_depth": 12.717912381023954, "n_estimators": 27.78712432821071}, "datetime": {"datetime": "2021-09-24 12:38:31", "elapsed": 143.040884, "delta": 0.908705}}
{"target": 0.16817289858535567, "params": {"eta": 0.5764678536931775, "max_depth": 12.47644780366034, "n_estimators": 27.466652705608322}, "datetime": {"datetime": "2021-09-24 12:38:32", "elapsed": 144.450505, "delta": 1.409621}}
{"target": 0.3042610355874571, "params": {"eta": 0.19070983943705871, "max_depth": 9.426780693564552, "n_estimators": 44.151945763192245}, "datetime": {"datetime": "2021-09-24 12:38:34", "elapsed": 146.01816, "delta": 1.567655}}
{"target": 0.2107705786395826, "params": {"eta": 0.2655633841946164, "max_depth": 9.916693204474814, "n_estimators": 7.874060743818535}, "datetime": {"datetime": "2021-09-24 12:38:34", "elapsed": 146.727405, "delta": 0.709245}}
{"target": 0.30319457933781135, "params": {"eta": 0.37570123675030226, "max_depth": 10.549241176229035, "n_estimators": 39.37818550498784}, "datetime": {"datetime": "2021-09-24 12:38:35", "elapsed": 147.839407, "delta": 1.112002}}
{"target": 0.07366728265282285, "params": {"eta": 0.5982234337065162, "max_depth": 11.070548092524302, "n_estimators": 39.48672771104494}, "datetime": {"datetime": "2021-09-24 12:38:37", "elapsed": 149.385404, "delta": 1.545997}}
{"target": 0.31381435002395963, "params": {"eta": 0.08, "max_depth": 9.26709807535483, "n_estimators": 43.59008760389458}, "datetime": {"datetime": "2021-09-24 12:38:38", "elapsed": 150.678731, "delta": 1.293327}}
{"target": 0.20053057891086346, "params": {"eta": 0.4335109330295438, "max_depth": 16.12838107337531, "n_estimators": 46.789694337809784}, "datetime": {"datetime": "2021-09-24 12:38:40", "elapsed": 152.131013, "delta": 1.452282}}
{"target": 0.2921346132295599, "params": {"eta": 0.12443795611374212, "max_depth": 7.0413761803589265, "n_estimators": 23.77605707057604}, "datetime": {"datetime": "2021-09-24 12:38:41", "elapsed": 153.824299, "delta": 1.693286}}
{"target": 0.07014563241128924, "params": {"eta": 0.08016355488458424, "max_depth": 13.439150815329615, "n_estimators": 18.44643578229685}, "datetime": {"datetime": "2021-09-24 12:38:42", "elapsed": 154.65982, "delta": 0.835521}}
{"target": 0.2909769583496207, "params": {"eta": 0.2673651286077704, "max_depth": 11.928582338665915, "n_estimators": 26.68161404615513}, "datetime": {"datetime": "2021-09-24 12:38:44", "elapsed": 156.110537, "delta": 1.450717}}
{"target": 0.2510576542804759, "params": {"eta": 0.4487661859436636, "max_depth": 12.994842715749083, "n_estimators": 22.4710758702749}, "datetime": {"datetime": "2021-09-24 12:38:45", "elapsed": 157.002074, "delta": 0.891537}}
{"target": 0.3137233756201182, "params": {"eta": 0.14419523207822046, "max_depth": 9.469481087819704, "n_estimators": 31.353635092785044}, "datetime": {"datetime": "2021-09-24 12:38:45", "elapsed": 157.824839, "delta": 0.822765}}
{"target": 0.13470827392300022, "params": {"eta": 0.5892551098110181, "max_depth": 9.36235159351141, "n_estimators": 43.73477629248934}, "datetime": {"datetime": "2021-09-24 12:38:47", "elapsed": 158.975743, "delta": 1.150904}}
{"target": 0.2954865885127381, "params": {"eta": 0.1860674995177774, "max_depth": 7.062896214566981, "n_estimators": 38.36800330739078}, "datetime": {"datetime": "2021-09-24 12:38:47", "elapsed": 159.829744, "delta": 0.854001}}
{"target": 0.29266893430874363, "params": {"eta": 0.1415361099209089, "max_depth": 15.3595841970419, "n_estimators": 46.3230497371319}, "datetime": {"datetime": "2021-09-24 12:38:49", "elapsed": 161.206065, "delta": 1.376321}}
{"target": 0.3184557920788812, "params": {"eta": 0.16589432972145102, "max_depth": 15.672859115244552, "n_estimators": 45.68103915674416}, "datetime": {"datetime": "2021-09-24 12:38:50", "elapsed": 162.721697, "delta": 1.515632}}
{"target": 0.309531733926403, "params": {"eta": 0.1173265743703881, "max_depth": 7.109997375539355, "n_estimators": 42.14414719419003}, "datetime": {"datetime": "2021-09-24 12:38:51", "elapsed": 163.750696, "delta": 1.028999}}
{"target": 0.19038920342813626, "params": {"eta": 0.4941320183311007, "max_depth": 8.20408712287024, "n_estimators": 16.30735001139478}, "datetime": {"datetime": "2021-09-24 12:38:52", "elapsed": 164.820696, "delta": 1.07}}
{"target": 0.06806371709517889, "params": {"eta": 0.5759740266989245, "max_depth": 15.656314204276113, "n_estimators": 45.87975695464773}, "datetime": {"datetime": "2021-09-24 12:38:54", "elapsed": 166.146705, "delta": 1.326009}}
{"target": 0.31434794200131644, "params": {"eta": 0.2495164072937554, "max_depth": 7.585371169617859, "n_estimators": 42.55564395138156}, "datetime": {"datetime": "2021-09-24 12:38:55", "elapsed": 167.492699, "delta": 1.345994}}
{"target": 0.3021949737109255, "params": {"eta": 0.4821622575356398, "max_depth": 7.168013528914617, "n_estimators": 41.62612693233729}, "datetime": {"datetime": "2021-09-24 12:38:56", "elapsed": 168.479696, "delta": 0.986997}}
{"target": 0.07227475304749087, "params": {"eta": 0.576603458933853, "max_depth": 7.527169014340718, "n_estimators": 42.18168942595271}, "datetime": {"datetime": "2021-09-24 12:38:57", "elapsed": 169.412696, "delta": 0.933}}
{"target": 0.3056610660703726, "params": {"eta": 0.3887042209221063, "max_depth": 11.820040262435146, "n_estimators": 46.94689496651572}, "datetime": {"datetime": "2021-09-24 12:38:58", "elapsed": 170.356695, "delta": 0.943999}}
{"target": 0.31837160058823544, "params": {"eta": 0.2641681930255263, "max_depth": 7.4825713357140184, "n_estimators": 43.04475686468175}, "datetime": {"datetime": "2021-09-24 12:38:59", "elapsed": 171.768695, "delta": 1.412}}
{"target": 0.30856070799142854, "params": {"eta": 0.09270250049960692, "max_depth": 8.92114865730874, "n_estimators": 28.49004823457726}, "datetime": {"datetime": "2021-09-24 12:39:01", "elapsed": 172.987987, "delta": 1.219292}}
{"target": 0.2710691926820147, "params": {"eta": 0.4782220545580308, "max_depth": 7.963099387821941, "n_estimators": 43.050659572893416}, "datetime": {"datetime": "2021-09-24 12:39:02", "elapsed": 174.456192, "delta": 1.468205}}
{"target": 0.2569954008488099, "params": {"eta": 0.08, "max_depth": 12.018859882898282, "n_estimators": 27.201263612177144}, "datetime": {"datetime": "2021-09-24 12:39:03", "elapsed": 175.776866, "delta": 1.320674}}
{"target": 0.2674874248189505, "params": {"eta": 0.44943353325477214, "max_depth": 7.007620830381756, "n_estimators": 43.17680402940375}, "datetime": {"datetime": "2021-09-24 12:39:05", "elapsed": 177.189441, "delta": 1.412575}}
{"target": 0.3396714753363195, "params": {"eta": 0.18643758865779728, "max_depth": 9.59588222410411, "n_estimators": 33.645009681247224}, "datetime": {"datetime": "2021-09-24 12:39:06", "elapsed": 178.403037, "delta": 1.213596}}
{"target": 0.3075348904582782, "params": {"eta": 0.2604174298801612, "max_depth": 7.706967952973496, "n_estimators": 17.15404935819266}, "datetime": {"datetime": "2021-09-24 12:39:07", "elapsed": 179.569857, "delta": 1.16682}}
{"target": 0.3104217455685381, "params": {"eta": 0.26594809014509196, "max_depth": 9.99055752394366, "n_estimators": 33.39605409944644}, "datetime": {"datetime": "2021-09-24 12:39:08", "elapsed": 180.771289, "delta": 1.201432}}
{"target": 0.23010959746578563, "params": {"eta": 0.49204407622835866, "max_depth": 7.446418108294846, "n_estimators": 16.687820362328864}, "datetime": {"datetime": "2021-09-24 12:39:09", "elapsed": 181.79027, "delta": 1.018981}}
{"target": 0.27823386196877453, "params": {"eta": 0.29278814860692953, "max_depth": 8.211545745726339, "n_estimators": 17.17959494059881}, "datetime": {"datetime": "2021-09-24 12:39:11", "elapsed": 182.982763, "delta": 1.192493}}
{"target": 0.2760705980715943, "params": {"eta": 0.12476498623686076, "max_depth": 10.66509645650337, "n_estimators": 38.91950390950429}, "datetime": {"datetime": "2021-09-24 12:39:12", "elapsed": 184.684744, "delta": 1.701981}}
{"target": 0.30353604933028133, "params": {"eta": 0.08, "max_depth": 9.527337626432505, "n_estimators": 33.14968141575701}, "datetime": {"datetime": "2021-09-24 12:39:14", "elapsed": 186.043997, "delta": 1.359253}}
{"target": 0.3217323359216442, "params": {"eta": 0.18375586835948216, "max_depth": 9.099464368975053, "n_estimators": 33.59471222098745}, "datetime": {"datetime": "2021-09-24 12:39:15", "elapsed": 187.028114, "delta": 0.984117}}
{"target": 0.2545421095661383, "params": {"eta": 0.3909789555940269, "max_depth": 12.402732342045603, "n_estimators": 29.98329923095837}, "datetime": {"datetime": "2021-09-24 12:39:16", "elapsed": 187.971998, "delta": 0.943884}}
{"target": 0.11182144848116904, "params": {"eta": 0.5949931344720154, "max_depth": 9.371664330743368, "n_estimators": 33.39560112826181}, "datetime": {"datetime": "2021-09-24 12:39:17", "elapsed": 189.190867, "delta": 1.218869}}
{"target": 0.28421240839166684, "params": {"eta": 0.13115520316812856, "max_depth": 10.4595175890456, "n_estimators": 33.677710758107985}, "datetime": {"datetime": "2021-09-24 12:39:18", "elapsed": 190.544865, "delta": 1.353998}}
{"target": 0.3126129345321538, "params": {"eta": 0.19187491045378208, "max_depth": 7.671213894038132, "n_estimators": 43.57876338749655}, "datetime": {"datetime": "2021-09-24 12:39:20", "elapsed": 192.250948, "delta": 1.706083}}
{"target": 0.1249082082844144, "params": {"eta": 0.49018195807546494, "max_depth": 12.159523653793084, "n_estimators": 39.84703832782965}, "datetime": {"datetime": "2021-09-24 12:39:21", "elapsed": 193.237655, "delta": 0.986707}}
{"target": 0.25886471463485694, "params": {"eta": 0.5307125631564887, "max_depth": 7.021636164654581, "n_estimators": 23.51781506065927}, "datetime": {"datetime": "2021-09-24 12:39:22", "elapsed": 194.458176, "delta": 1.220521}}
{"target": 0.29736749741297497, "params": {"eta": 0.4181681749719008, "max_depth": 7.202917069578187, "n_estimators": 43.92478380089254}, "datetime": {"datetime": "2021-09-24 12:39:23", "elapsed": 195.572696, "delta": 1.11452}}
{"target": 0.3326666920662139, "params": {"eta": 0.08580991275262613, "max_depth": 15.626679254878196, "n_estimators": 45.193840238880405}, "datetime": {"datetime": "2021-09-24 12:39:25", "elapsed": 196.971348, "delta": 1.398652}}
{"target": 0.2816878506836096, "params": {"eta": 0.20742296034189195, "max_depth": 15.3838237972868, "n_estimators": 44.78311019200997}, "datetime": {"datetime": "2021-09-24 12:39:27", "elapsed": 199.137271, "delta": 2.165923}}
{"target": 0.29223742586803414, "params": {"eta": 0.08, "max_depth": 8.499074394406426, "n_estimators": 27.168382928185782}, "datetime": {"datetime": "2021-09-24 12:39:29", "elapsed": 200.946785, "delta": 1.809514}}
{"target": 0.30000020606221267, "params": {"eta": 0.08, "max_depth": 10.240463874522838, "n_estimators": 39.705796436796874}, "datetime": {"datetime": "2021-09-24 12:39:30", "elapsed": 202.413419, "delta": 1.466634}}
{"target": 0.32770843857273035, "params": {"eta": 0.08, "max_depth": 7.521900248119508, "n_estimators": 41.38949413579508}, "datetime": {"datetime": "2021-09-24 12:39:32", "elapsed": 204.116618, "delta": 1.703199}}
{"target": 0.2533927886396833, "params": {"eta": 0.3667996488960576, "max_depth": 9.942293866247502, "n_estimators": 39.24697334074647}, "datetime": {"datetime": "2021-09-24 12:39:33", "elapsed": 205.699578, "delta": 1.58296}}
{"target": 0.16052432634268698, "params": {"eta": 0.5609088640415477, "max_depth": 7.492194428569093, "n_estimators": 41.242613827434134}, "datetime": {"datetime": "2021-09-24 12:39:35", "elapsed": 207.101872, "delta": 1.402294}}
{"target": 0.3027142908042503, "params": {"eta": 0.08, "max_depth": 7.382611507634944, "n_estimators": 32.07924913657952}, "datetime": {"datetime": "2021-09-24 12:39:36", "elapsed": 208.680878, "delta": 1.579006}}
{"target": 0.29337990148523285, "params": {"eta": 0.1916130027934939, "max_depth": 18.78842559597566, "n_estimators": 26.536431439586693}, "datetime": {"datetime": "2021-09-24 12:39:38", "elapsed": 210.120613, "delta": 1.439735}}
{"target": 0.3150648733424978, "params": {"eta": 0.1375663053379293, "max_depth": 9.492614744794295, "n_estimators": 43.123904735073616}, "datetime": {"datetime": "2021-09-24 12:39:39", "elapsed": 211.756616, "delta": 1.636003}}
{"target": 0.14439712440285768, "params": {"eta": 0.556067590313085, "max_depth": 7.813909795013616, "n_estimators": 43.88440224198205}, "datetime": {"datetime": "2021-09-24 12:39:41", "elapsed": 213.294613, "delta": 1.537997}}
{"target": 0.147273942340034, "params": {"eta": 0.5938357700272886, "max_depth": 18.92146093553729, "n_estimators": 48.43825598867598}, "datetime": {"datetime": "2021-09-24 12:39:42", "elapsed": 214.644611, "delta": 1.349998}}
{"target": 0.3843279014046146, "params": {"eta": 0.1690893452531576, "max_depth": 15.15334157108194, "n_estimators": 45.417637488476515}, "datetime": {"datetime": "2021-09-24 12:39:44", "elapsed": 216.603614, "delta": 1.959003}}
{"target": 0.285332478274536, "params": {"eta": 0.29635670765539934, "max_depth": 14.892033491217592, "n_estimators": 45.108536488180874}, "datetime": {"datetime": "2021-09-24 12:39:46", "elapsed": 218.544674, "delta": 1.94106}}
{"target": 0.2217291839670632, "params": {"eta": 0.47024468573640843, "max_depth": 19.530322522229806, "n_estimators": 14.97623859324263}, "datetime": {"datetime": "2021-09-24 12:39:47", "elapsed": 219.554677, "delta": 1.010003}}
{"target": 0.22124305389288468, "params": {"eta": 0.4373234067301483, "max_depth": 10.283237674154744, "n_estimators": 40.23537266343663}, "datetime": {"datetime": "2021-09-24 12:39:49", "elapsed": 220.966303, "delta": 1.411626}}
{"target": 0.30404496242832835, "params": {"eta": 0.11551482225153079, "max_depth": 15.188881746281975, "n_estimators": 45.8621580663642}, "datetime": {"datetime": "2021-09-24 12:39:51", "elapsed": 222.955342, "delta": 1.989039}}
{"target": 0.3242545531204314, "params": {"eta": 0.13293975076874556, "max_depth": 8.186824271088403, "n_estimators": 26.642014039065934}, "datetime": {"datetime": "2021-09-24 12:39:52", "elapsed": 224.08171, "delta": 1.126368}}
{"target": 0.09200442013429855, "params": {"eta": 0.15788754537670707, "max_depth": 19.849342772287248, "n_estimators": 9.350819353174423}, "datetime": {"datetime": "2021-09-24 12:39:53", "elapsed": 224.993237, "delta": 0.911527}}
{"target": 0.2782940535719097, "params": {"eta": 0.4016185591642597, "max_depth": 7.6283534620414715, "n_estimators": 26.665363101441105}, "datetime": {"datetime": "2021-09-24 12:39:54", "elapsed": 226.418176, "delta": 1.424939}}
{"target": 0.3362934853670194, "params": {"eta": 0.11703024945548562, "max_depth": 7.0098524255511085, "n_estimators": 41.62466703267764}, "datetime": {"datetime": "2021-09-24 12:39:56", "elapsed": 228.156853, "delta": 1.738677}}
