{"target": -49.410094841978605, "params": {"eta": 0.3017432160566617, "max_depth": 3.8503397161624386, "n_estimators": 61.71884154577105}, "datetime": {"datetime": "2021-09-24 17:15:35", "elapsed": 177.538773, "delta": 0.978929}}
{"target": -46.26093028362532, "params": {"eta": 0.1613820670943115, "max_depth": 21.127345862923566, "n_estimators": 39.415908883461334}, "datetime": {"datetime": "2021-09-24 17:15:36", "elapsed": 178.632993, "delta": 1.09422}}
{"target": -57.721522739955354, "params": {"eta": 0.0433481225114119, "max_depth": 1.1398569219021675, "n_estimators": 25.051426182445898}, "datetime": {"datetime": "2021-09-24 17:15:37", "elapsed": 180.033168, "delta": 1.400175}}
{"target": -43.386573045773616, "params": {"eta": 0.3860946256682264, "max_depth": 1.6919158443264335, "n_estimators": 30.450750788463548}, "datetime": {"datetime": "2021-09-24 17:15:39", "elapsed": 181.546654, "delta": 1.513486}}
{"target": -47.03958996077229, "params": {"eta": 0.4171910181091039, "max_depth": 2.4149543335247006, "n_estimators": 27.590804485781756}, "datetime": {"datetime": "2021-09-24 17:15:40", "elapsed": 182.975408, "delta": 1.428754}}
{"target": -45.6945762347458, "params": {"eta": 0.07361404763600612, "max_depth": 2.139529649012429, "n_estimators": 30.248783491918246}, "datetime": {"datetime": "2021-09-24 17:15:41", "elapsed": 184.203628, "delta": 1.22822}}
{"target": -52.22889058392747, "params": {"eta": 0.49479571846452125, "max_depth": 46.77156736756424, "n_estimators": 19.705401845433727}, "datetime": {"datetime": "2021-09-24 17:15:43", "elapsed": 185.326952, "delta": 1.123324}}
{"target": -95.24806527446087, "params": {"eta": 0.01, "max_depth": 48.20977346575088, "n_estimators": 45.169411146250475}, "datetime": {"datetime": "2021-09-24 17:15:44", "elapsed": 186.763115, "delta": 1.436163}}
{"target": -43.127646596808184, "params": {"eta": 0.3452844240588475, "max_depth": 1.826207002183702, "n_estimators": 30.880079940281416}, "datetime": {"datetime": "2021-09-24 17:15:46", "elapsed": 188.449521, "delta": 1.686406}}
{"target": -46.060733795166016, "params": {"eta": 0.20559469809755487, "max_depth": 9.920759952134363, "n_estimators": 18.556761087661073}, "datetime": {"datetime": "2021-09-24 17:15:47", "elapsed": 189.528254, "delta": 1.078733}}
{"target": -46.22141202768885, "params": {"eta": 0.48664182794702787, "max_depth": 2.2191429180005735, "n_estimators": 29.110247996127836}, "datetime": {"datetime": "2021-09-24 17:15:48", "elapsed": 191.239522, "delta": 1.711268}}
{"target": -43.67779885198837, "params": {"eta": 0.24598702132960037, "max_depth": 1.9199545226515369, "n_estimators": 31.336345141690906}, "datetime": {"datetime": "2021-09-24 17:15:50", "elapsed": 192.674011, "delta": 1.434489}}
{"target": -44.082362038748606, "params": {"eta": 0.2842589908149218, "max_depth": 2.40221048201115, "n_estimators": 31.100343535325273}, "datetime": {"datetime": "2021-09-24 17:15:51", "elapsed": 193.81498, "delta": 1.140969}}
{"target": -43.46883191560444, "params": {"eta": 0.3830056606393795, "max_depth": 1.6039195111745193, "n_estimators": 31.288319859258024}, "datetime": {"datetime": "2021-09-24 17:15:52", "elapsed": 194.816929, "delta": 1.001949}}
{"target": -46.807045786004316, "params": {"eta": 0.08776448615287208, "max_depth": 1.4503259807275573, "n_estimators": 30.874680800070706}, "datetime": {"datetime": "2021-09-24 17:15:54", "elapsed": 196.969399, "delta": 2.15247}}
{"target": -47.80421080625147, "params": {"eta": 0.21248342782965615, "max_depth": 16.49460901716687, "n_estimators": 24.33215272993298}, "datetime": {"datetime": "2021-09-24 17:15:55", "elapsed": 198.245006, "delta": 1.275607}}
{"target": -76.3238754272461, "params": {"eta": 0.020565743275073586, "max_depth": 1.7144086653224042, "n_estimators": 31.098472758910063}, "datetime": {"datetime": "2021-09-24 17:15:57", "elapsed": 199.723371, "delta": 1.478365}}
{"target": -47.93808643082927, "params": {"eta": 0.3897383556747988, "max_depth": 46.82094849694941, "n_estimators": 51.50071479461241}, "datetime": {"datetime": "2021-09-24 17:15:58", "elapsed": 201.164328, "delta": 1.440957}}
{"target": -47.65481312113597, "params": {"eta": 0.32012177915951984, "max_depth": 41.940085514587985, "n_estimators": 31.10481642762793}, "datetime": {"datetime": "2021-09-24 17:16:00", "elapsed": 202.511872, "delta": 1.347544}}
{"target": -48.535413526950926, "params": {"eta": 0.28894252140119886, "max_depth": 23.40587134036734, "n_estimators": 52.18499868534769}, "datetime": {"datetime": "2021-09-24 17:16:01", "elapsed": 203.944599, "delta": 1.432727}}
{"target": -46.25865193417198, "params": {"eta": 0.3043435610020732, "max_depth": 48.85925014113556, "n_estimators": 45.590378705910425}, "datetime": {"datetime": "2021-09-24 17:16:03", "elapsed": 205.756292, "delta": 1.811693}}
{"target": -43.78661300544452, "params": {"eta": 0.22447986489243707, "max_depth": 1.0075516387498484, "n_estimators": 30.953601797271403}, "datetime": {"datetime": "2021-09-24 17:16:05", "elapsed": 207.294762, "delta": 1.53847}}
{"target": -43.95737354020427, "params": {"eta": 0.4173489960292652, "max_depth": 1.4731148384677952, "n_estimators": 31.66262979785365}, "datetime": {"datetime": "2021-09-24 17:16:06", "elapsed": 208.460959, "delta": 1.166197}}
{"target": -50.286086319084454, "params": {"eta": 0.48800411190385107, "max_depth": 14.616271001299813, "n_estimators": 21.653040045465872}, "datetime": {"datetime": "2021-09-24 17:16:07", "elapsed": 209.888625, "delta": 1.427666}}
{"target": -45.33502260365881, "params": {"eta": 0.2706163837379553, "max_depth": 17.433647365592474, "n_estimators": 17.23933253259176}, "datetime": {"datetime": "2021-09-24 17:16:08", "elapsed": 210.922121, "delta": 1.033496}}
{"target": -44.041352064089665, "params": {"eta": 0.13595885765807741, "max_depth": 2.061815425532944, "n_estimators": 31.720831724928175}, "datetime": {"datetime": "2021-09-24 17:16:09", "elapsed": 212.183156, "delta": 1.261035}}
{"target": -46.40665811524355, "params": {"eta": 0.48299583875371377, "max_depth": 2.100172387324427, "n_estimators": 30.7211531102825}, "datetime": {"datetime": "2021-09-24 17:16:11", "elapsed": 213.841352, "delta": 1.658196}}
{"target": -44.62843896392593, "params": {"eta": 0.16477265978936576, "max_depth": 1.0465249626067055, "n_estimators": 29.570496196605063}, "datetime": {"datetime": "2021-09-24 17:16:13", "elapsed": 215.508883, "delta": 1.667531}}
{"target": -43.66894588613869, "params": {"eta": 0.3179883528112924, "max_depth": 1.4494060580618964, "n_estimators": 30.675386182300016}, "datetime": {"datetime": "2021-09-24 17:16:14", "elapsed": 216.639073, "delta": 1.13019}}
{"target": -44.50804513916933, "params": {"eta": 0.4521398860084431, "max_depth": 1.8970271538563566, "n_estimators": 32.016082810693206}, "datetime": {"datetime": "2021-09-24 17:16:15", "elapsed": 217.791558, "delta": 1.152485}}
{"target": -45.035817942224945, "params": {"eta": 0.46746096496517403, "max_depth": 2.2333344969449467, "n_estimators": 31.38973438299364}, "datetime": {"datetime": "2021-09-24 17:16:16", "elapsed": 218.94911, "delta": 1.157552}}
{"target": -44.68535642695606, "params": {"eta": 0.486852255510115, "max_depth": 1.0427589153641637, "n_estimators": 30.67691901186739}, "datetime": {"datetime": "2021-09-24 17:16:17", "elapsed": 220.126264, "delta": 1.177154}}
{"target": -60.81313463081991, "params": {"eta": 0.018978376884001676, "max_depth": 36.38793779044989, "n_estimators": 59.572684806715884}, "datetime": {"datetime": "2021-09-24 17:16:19", "elapsed": 221.461546, "delta": 1.335282}}
{"target": -44.44665217578859, "params": {"eta": 0.4641672074183729, "max_depth": 1.8453451230454463, "n_estimators": 31.605761002354715}, "datetime": {"datetime": "2021-09-24 17:16:20", "elapsed": 222.602304, "delta": 1.140758}}
{"target": -49.69010380336216, "params": {"eta": 0.33968680423390973, "max_depth": 13.336662844831082, "n_estimators": 29.35538262812854}, "datetime": {"datetime": "2021-09-24 17:16:21", "elapsed": 223.957105, "delta": 1.354801}}
