{"target": -43.736515762214374, "params": {"eta": 0.060009861524820345, "max_depth": 1.0740799795634048, "n_estimators": 153.1731692046859}, "datetime": {"datetime": "2021-09-24 16:44:47", "elapsed": 227.258414, "delta": 1.433269}}
{"target": -45.35694529597921, "params": {"eta": 0.31620883905929187, "max_depth": 1.51444526124497, "n_estimators": 166.9605856140601}, "datetime": {"datetime": "2021-09-24 16:44:48", "elapsed": 228.370413, "delta": 1.111999}}
{"target": -43.79006894907557, "params": {"eta": 0.15146791282118646, "max_depth": 1.1793443619736146, "n_estimators": 133.39767657870902}, "datetime": {"datetime": "2021-09-24 16:44:51", "elapsed": 231.26033, "delta": 2.889917}}
{"target": -44.768469903702126, "params": {"eta": 0.037124114822633045, "max_depth": 1.4458016762489194, "n_estimators": 133.21590836399866}, "datetime": {"datetime": "2021-09-24 16:44:53", "elapsed": 233.37496, "delta": 2.11463}}
{"target": -43.86562290048241, "params": {"eta": 0.10730027133451643, "max_depth": 1.6873702583316317, "n_estimators": 181.6308917050529}, "datetime": {"datetime": "2021-09-24 16:44:55", "elapsed": 235.819301, "delta": 2.444341}}
{"target": -44.00028280387247, "params": {"eta": 0.042682213101623234, "max_depth": 1.7356908490697132, "n_estimators": 181.36900898965223}, "datetime": {"datetime": "2021-09-24 16:44:57", "elapsed": 237.823868, "delta": 2.004567}}
{"target": -45.63569788825243, "params": {"eta": 0.38059360962489425, "max_depth": 1.765940188466859, "n_estimators": 181.59747185162956}, "datetime": {"datetime": "2021-09-24 16:45:00", "elapsed": 239.994125, "delta": 2.170257}}
{"target": -43.8758266707112, "params": {"eta": 0.07614588162376826, "max_depth": 1.2251031870198297, "n_estimators": 190.29301852710154}, "datetime": {"datetime": "2021-09-24 16:45:01", "elapsed": 241.092349, "delta": 1.098224}}
{"target": -46.59685329924849, "params": {"eta": 0.0443462444547468, "max_depth": 4.899384038990448, "n_estimators": 140.45868750063553}, "datetime": {"datetime": "2021-09-24 16:45:02", "elapsed": 242.250194, "delta": 1.157845}}
{"target": -44.150708879743306, "params": {"eta": 0.13738176394065843, "max_depth": 1.8634618036732062, "n_estimators": 161.47673237153006}, "datetime": {"datetime": "2021-09-24 16:45:04", "elapsed": 244.422432, "delta": 2.172238}}
{"target": -45.1512904059618, "params": {"eta": 0.2604205162176592, "max_depth": 1.1139109867296484, "n_estimators": 190.14895471321677}, "datetime": {"datetime": "2021-09-24 16:45:06", "elapsed": 246.582134, "delta": 2.159702}}
{"target": -53.714526470442465, "params": {"eta": 0.01, "max_depth": 1.0, "n_estimators": 133.34326155336268}, "datetime": {"datetime": "2021-09-24 16:45:09", "elapsed": 249.18924, "delta": 2.607106}}
{"target": -43.93542543569006, "params": {"eta": 0.03495040122632089, "max_depth": 2.2080603993785615, "n_estimators": 110.08449944291071}, "datetime": {"datetime": "2021-09-24 16:45:10", "elapsed": 250.871265, "delta": 1.682025}}
{"target": -45.09815236141807, "params": {"eta": 0.38947676886662125, "max_depth": 1.3283146832899826, "n_estimators": 133.2023230056874}, "datetime": {"datetime": "2021-09-24 16:45:13", "elapsed": 253.622122, "delta": 2.750857}}
{"target": -44.12498614662572, "params": {"eta": 0.18966491362942434, "max_depth": 1.3380663996903568, "n_estimators": 133.02088748789424}, "datetime": {"datetime": "2021-09-24 16:45:16", "elapsed": 256.470052, "delta": 2.84793}}
{"target": -44.698685696250514, "params": {"eta": 0.27336280849668637, "max_depth": 1.0770502657556382, "n_estimators": 137.80677373720496}, "datetime": {"datetime": "2021-09-24 16:45:17", "elapsed": 257.787818, "delta": 1.317766}}
{"target": -43.93341738478582, "params": {"eta": 0.22947885660695555, "max_depth": 1.355997509356128, "n_estimators": 133.46873818336277}, "datetime": {"datetime": "2021-09-24 16:45:21", "elapsed": 261.398043, "delta": 3.610225}}
{"target": -43.92373422034701, "params": {"eta": 0.057450757799039714, "max_depth": 1.2042787402267447, "n_estimators": 132.89988911012}, "datetime": {"datetime": "2021-09-24 16:45:23", "elapsed": 263.31594, "delta": 1.917897}}
{"target": -45.59065737043108, "params": {"eta": 0.12470536413427268, "max_depth": 2.3101454875171723, "n_estimators": 139.69399255651277}, "datetime": {"datetime": "2021-09-24 16:45:25", "elapsed": 265.108079, "delta": 1.792139}}
{"target": -44.037086429452536, "params": {"eta": 0.23602561256940316, "max_depth": 1.259927471538849, "n_estimators": 137.03353661532876}, "datetime": {"datetime": "2021-09-24 16:45:26", "elapsed": 266.927304, "delta": 1.819225}}
{"target": -44.92053546762108, "params": {"eta": 0.09989877185331739, "max_depth": 2.1073208554088056, "n_estimators": 139.5843132751665}, "datetime": {"datetime": "2021-09-24 16:45:29", "elapsed": 269.118785, "delta": 2.191481}}
{"target": -44.05456041034899, "params": {"eta": 0.2011256332595473, "max_depth": 1.24544170665007, "n_estimators": 133.2871270632917}, "datetime": {"datetime": "2021-09-24 16:45:31", "elapsed": 271.189365, "delta": 2.07058}}
{"target": -44.92858749045465, "params": {"eta": 0.3729146819378239, "max_depth": 1.3654507826213482, "n_estimators": 138.10075193811636}, "datetime": {"datetime": "2021-09-24 16:45:32", "elapsed": 272.874633, "delta": 1.685268}}
{"target": -44.65607822389531, "params": {"eta": 0.3501855303750006, "max_depth": 1.1677729255882394, "n_estimators": 133.49877908430318}, "datetime": {"datetime": "2021-09-24 16:45:34", "elapsed": 274.788011, "delta": 1.913378}}
{"target": -46.56099396899231, "params": {"eta": 0.11088026155194784, "max_depth": 3.4888844193901325, "n_estimators": 180.3745580735866}, "datetime": {"datetime": "2021-09-24 16:45:36", "elapsed": 276.078793, "delta": 1.290782}}
{"target": -44.45264016058212, "params": {"eta": 0.0536190806487515, "max_depth": 1.5991702748859962, "n_estimators": 113.70164721651312}, "datetime": {"datetime": "2021-09-24 16:45:38", "elapsed": 278.848672, "delta": 2.769879}}
{"target": -46.223568020010354, "params": {"eta": 0.2876684998297145, "max_depth": 1.0581070880907042, "n_estimators": 170.48275863344753}, "datetime": {"datetime": "2021-09-24 16:45:41", "elapsed": 281.247124, "delta": 2.398452}}
{"target": -43.705236420595554, "params": {"eta": 0.10357885421796587, "max_depth": 1.2654794982505018, "n_estimators": 137.95649593868882}, "datetime": {"datetime": "2021-09-24 16:45:43", "elapsed": 283.640307, "delta": 2.393183}}
{"target": -44.55775962198587, "params": {"eta": 0.09250637341242152, "max_depth": 2.4924395808656294, "n_estimators": 145.7102588323008}, "datetime": {"datetime": "2021-09-24 16:45:45", "elapsed": 285.33048, "delta": 1.690173}}
{"target": -44.34827632473824, "params": {"eta": 0.328336044434929, "max_depth": 1.2217352327631508, "n_estimators": 114.82745570306705}, "datetime": {"datetime": "2021-09-24 16:45:47", "elapsed": 287.922071, "delta": 2.591591}}
{"target": -46.71250382043365, "params": {"eta": 0.06736597234639427, "max_depth": 4.104425094393076, "n_estimators": 176.81415336682022}, "datetime": {"datetime": "2021-09-24 16:45:49", "elapsed": 289.832152, "delta": 1.910081}}
{"target": -43.82151444513995, "params": {"eta": 0.12625263122981906, "max_depth": 1.0856234005481897, "n_estimators": 138.13185766661516}, "datetime": {"datetime": "2021-09-24 16:45:51", "elapsed": 291.808058, "delta": 1.975906}}
{"target": -48.25645683403302, "params": {"eta": 0.30827265274611654, "max_depth": 2.1467386100424117, "n_estimators": 153.7828485582873}, "datetime": {"datetime": "2021-09-24 16:45:54", "elapsed": 294.756861, "delta": 2.948803}}
{"target": -43.843060687072295, "params": {"eta": 0.22774305228009792, "max_depth": 1.2833897496453828, "n_estimators": 115.19894302597478}, "datetime": {"datetime": "2021-09-24 16:45:57", "elapsed": 297.302361, "delta": 2.5455}}
{"target": -46.03532125716819, "params": {"eta": 0.12340142783692087, "max_depth": 2.268615269199919, "n_estimators": 168.47014366787624}, "datetime": {"datetime": "2021-09-24 16:45:58", "elapsed": 298.635337, "delta": 1.332976}}
{"target": -43.85965619768415, "params": {"eta": 0.04811375874554044, "max_depth": 2.0692253502218656, "n_estimators": 109.86910733216145}, "datetime": {"datetime": "2021-09-24 16:46:01", "elapsed": 301.078393, "delta": 2.443056}}
{"target": -43.74184716016726, "params": {"eta": 0.08311291084487996, "max_depth": 1.6833194820315496, "n_estimators": 116.10279020916231}, "datetime": {"datetime": "2021-09-24 16:46:03", "elapsed": 303.316481, "delta": 2.238088}}
{"target": -43.78000072966841, "params": {"eta": 0.06164201869568172, "max_depth": 2.3615309898640735, "n_estimators": 109.90048917888242}, "datetime": {"datetime": "2021-09-24 16:46:05", "elapsed": 305.682021, "delta": 2.36554}}
{"target": -51.469744632118626, "params": {"eta": 0.01, "max_depth": 1.8353415197853575, "n_estimators": 153.93668882602225}, "datetime": {"datetime": "2021-09-24 16:46:08", "elapsed": 308.332262, "delta": 2.650241}}
{"target": -47.855438132035104, "params": {"eta": 0.23722504926573823, "max_depth": 2.2047067962870273, "n_estimators": 109.94097388183687}, "datetime": {"datetime": "2021-09-24 16:46:11", "elapsed": 310.95459, "delta": 2.622328}}
{"target": -48.269783364202745, "params": {"eta": 0.07532689131426257, "max_depth": 4.249821525580709, "n_estimators": 180.4222595204233}, "datetime": {"datetime": "2021-09-24 16:46:12", "elapsed": 312.468603, "delta": 1.514013}}
{"target": -44.65976772451759, "params": {"eta": 0.1545630219175369, "max_depth": 2.3773116412766875, "n_estimators": 100.75972156289174}, "datetime": {"datetime": "2021-09-24 16:46:13", "elapsed": 313.738803, "delta": 1.2702}}
{"target": -47.9898497789426, "params": {"eta": 0.10991070584818732, "max_depth": 4.616009254953695, "n_estimators": 114.73621692447522}, "datetime": {"datetime": "2021-09-24 16:46:15", "elapsed": 315.158459, "delta": 1.419656}}
{"target": -43.751142516172024, "params": {"eta": 0.1822310087947931, "max_depth": 1.137264491449165, "n_estimators": 114.30698277805685}, "datetime": {"datetime": "2021-09-24 16:46:17", "elapsed": 317.866156, "delta": 2.707697}}
{"target": -44.66965255163666, "params": {"eta": 0.03883884305121491, "max_depth": 1.1093352741895122, "n_estimators": 136.47353435085938}, "datetime": {"datetime": "2021-09-24 16:46:21", "elapsed": 320.952987, "delta": 3.086831}}
{"target": -44.97112942458992, "params": {"eta": 0.2770712546192761, "max_depth": 1.3460868411333742, "n_estimators": 145.38859858406695}, "datetime": {"datetime": "2021-09-24 16:46:23", "elapsed": 323.045417, "delta": 2.09243}}
{"target": -51.341568857207335, "params": {"eta": 0.49045034436433116, "max_depth": 2.896184903929846, "n_estimators": 112.24338704829816}, "datetime": {"datetime": "2021-09-24 16:46:25", "elapsed": 325.31871, "delta": 2.273293}}
{"target": -46.37948728862562, "params": {"eta": 0.019011544821194902, "max_depth": 1.332560095303681, "n_estimators": 153.2386470371839}, "datetime": {"datetime": "2021-09-24 16:46:28", "elapsed": 328.921328, "delta": 3.602618}}
{"target": -46.98038000809519, "params": {"eta": 0.24045764596415506, "max_depth": 2.149356423746519, "n_estimators": 100.8151439902913}, "datetime": {"datetime": "2021-09-24 16:46:31", "elapsed": 331.729178, "delta": 2.80785}}
{"target": -50.97337937892828, "params": {"eta": 0.014348801680868505, "max_depth": 1.9339608402345458, "n_estimators": 110.1359976463113}, "datetime": {"datetime": "2021-09-24 16:46:34", "elapsed": 334.536376, "delta": 2.807198}}
{"target": -44.88940865652902, "params": {"eta": 0.2680950679457976, "max_depth": 1.0045958061148907, "n_estimators": 153.2299063395211}, "datetime": {"datetime": "2021-09-24 16:46:37", "elapsed": 337.6077, "delta": 3.071324}}
{"target": -56.97776711255984, "params": {"eta": 0.01, "max_depth": 2.4250587905705983, "n_estimators": 110.10750331284615}, "datetime": {"datetime": "2021-09-24 16:46:41", "elapsed": 340.966786, "delta": 3.359086}}
{"target": -43.91144788354859, "params": {"eta": 0.09227343188500917, "max_depth": 1.7158214215168948, "n_estimators": 167.91493426967682}, "datetime": {"datetime": "2021-09-24 16:46:43", "elapsed": 343.350063, "delta": 2.383277}}
{"target": -51.3415074886236, "params": {"eta": 0.38069768732653386, "max_depth": 2.0409853151433244, "n_estimators": 183.9525860334282}, "datetime": {"datetime": "2021-09-24 16:46:44", "elapsed": 344.783873, "delta": 1.43381}}
{"target": -44.71287384606842, "params": {"eta": 0.12671299988405355, "max_depth": 2.151894308210947, "n_estimators": 109.66398456304394}, "datetime": {"datetime": "2021-09-24 16:46:48", "elapsed": 348.347434, "delta": 3.563561}}
{"target": -46.39014107840402, "params": {"eta": 0.02500949953437082, "max_depth": 1.4455323394035018, "n_estimators": 116.18133820235312}, "datetime": {"datetime": "2021-09-24 16:46:52", "elapsed": 352.215304, "delta": 3.86787}}
{"target": -49.40831865583147, "params": {"eta": 0.01, "max_depth": 1.8651264962334289, "n_estimators": 181.7041475505784}, "datetime": {"datetime": "2021-09-24 16:46:56", "elapsed": 356.17638, "delta": 3.961076}}
{"target": -44.611906295432185, "params": {"eta": 0.2326164055830633, "max_depth": 1.5810432725579378, "n_estimators": 181.51086954531115}, "datetime": {"datetime": "2021-09-24 16:46:59", "elapsed": 359.617962, "delta": 3.441582}}
{"target": -51.69583897124556, "params": {"eta": 0.49479571846452125, "max_depth": 4.736454478984836, "n_estimators": 105.5212282559872}, "datetime": {"datetime": "2021-09-24 16:47:01", "elapsed": 361.26375, "delta": 1.645788}}
{"target": -44.32516284455034, "params": {"eta": 0.06484743278810158, "max_depth": 2.014020734969106, "n_estimators": 153.62852903313643}, "datetime": {"datetime": "2021-09-24 16:47:04", "elapsed": 363.96516, "delta": 2.70141}}
{"target": -43.89137451630786, "params": {"eta": 0.07688818586231802, "max_depth": 1.0047480227032581, "n_estimators": 114.19979646913791}, "datetime": {"datetime": "2021-09-24 16:47:07", "elapsed": 367.869901, "delta": 3.904741}}
{"target": -44.176713900458545, "params": {"eta": 0.20559469809755487, "max_depth": 1.72822530221505, "n_estimators": 103.17706344420627}, "datetime": {"datetime": "2021-09-24 16:47:09", "elapsed": 369.217571, "delta": 1.34767}}
{"target": -44.18973088085203, "params": {"eta": 0.19533792834988992, "max_depth": 1.8962883096310912, "n_estimators": 116.02270090714455}, "datetime": {"datetime": "2021-09-24 16:47:12", "elapsed": 372.669493, "delta": 3.451922}}
{"target": -43.710403729202156, "params": {"eta": 0.06959912889471377, "max_depth": 1.4216435681237591, "n_estimators": 136.75781019882476}, "datetime": {"datetime": "2021-09-24 16:47:16", "elapsed": 376.162291, "delta": 3.492798}}
{"target": -43.96534353270567, "params": {"eta": 0.13567524870210806, "max_depth": 1.6450390722839383, "n_estimators": 131.79232539509738}, "datetime": {"datetime": "2021-09-24 16:47:19", "elapsed": 379.025686, "delta": 2.863395}}
{"target": -45.28965337652909, "params": {"eta": 0.31778646346702594, "max_depth": 1.0139413691555288, "n_estimators": 138.07641894760388}, "datetime": {"datetime": "2021-09-24 16:47:21", "elapsed": 381.796805, "delta": 2.771119}}
{"target": -44.01476385360374, "params": {"eta": 0.031718218309634706, "max_depth": 2.330379045741325, "n_estimators": 109.71046105170117}, "datetime": {"datetime": "2021-09-24 16:47:25", "elapsed": 385.257966, "delta": 3.461161}}
{"target": -46.28428665677408, "params": {"eta": 0.21248342782965615, "max_depth": 2.2648660422177036, "n_estimators": 114.96357699986322}, "datetime": {"datetime": "2021-09-24 16:47:27", "elapsed": 387.75153, "delta": 2.493564}}
{"target": -43.85112085557522, "params": {"eta": 0.0905219930453971, "max_depth": 1.3073902486344702, "n_estimators": 138.2076352609969}, "datetime": {"datetime": "2021-09-24 16:47:30", "elapsed": 390.459393, "delta": 2.707863}}
{"target": -43.91225467767931, "params": {"eta": 0.21487477174063713, "max_depth": 1.664015143930611, "n_estimators": 114.92286002517328}, "datetime": {"datetime": "2021-09-24 16:47:32", "elapsed": 392.155087, "delta": 1.695694}}
{"target": -51.25457339179247, "params": {"eta": 0.32012177915951984, "max_depth": 4.342047797109224, "n_estimators": 128.78533964822026}, "datetime": {"datetime": "2021-09-24 16:47:33", "elapsed": 393.917428, "delta": 1.762341}}
{"target": -48.50440547340795, "params": {"eta": 0.28894252140119886, "max_depth": 2.82905072166264, "n_estimators": 171.80611976601568}, "datetime": {"datetime": "2021-09-24 16:47:35", "elapsed": 395.446539, "delta": 1.529111}}
{"target": -44.47509019894707, "params": {"eta": 0.22057428602349521, "max_depth": 1.88233496530996, "n_estimators": 181.35915888521544}, "datetime": {"datetime": "2021-09-24 16:47:39", "elapsed": 399.067648, "delta": 3.621109}}
{"target": -46.383904736741144, "params": {"eta": 0.10726206256966665, "max_depth": 3.6022296407053553, "n_estimators": 177.61394617510626}, "datetime": {"datetime": "2021-09-24 16:47:40", "elapsed": 400.808519, "delta": 1.740871}}
{"target": -46.32312036098394, "params": {"eta": 0.45866707899706677, "max_depth": 1.132716644910234, "n_estimators": 114.36224057910378}, "datetime": {"datetime": "2021-09-24 16:47:44", "elapsed": 403.936187, "delta": 3.127668}}
{"target": -51.18701153231743, "params": {"eta": 0.48800411190385107, "max_depth": 2.1115323266367194, "n_estimators": 109.4960000927875}, "datetime": {"datetime": "2021-09-24 16:47:45", "elapsed": 405.562836, "delta": 1.626649}}
{"target": -47.056850203894136, "params": {"eta": 0.2706163837379553, "max_depth": 2.3415222339259163, "n_estimators": 100.48843373998318}, "datetime": {"datetime": "2021-09-24 16:47:49", "elapsed": 409.78245, "delta": 4.219614}}
{"target": -51.65455426667866, "params": {"eta": 0.01, "max_depth": 2.2336847938389304, "n_estimators": 139.7435183289033}, "datetime": {"datetime": "2021-09-24 16:47:53", "elapsed": 413.417945, "delta": 3.635495}}
{"target": -43.99301371180025, "params": {"eta": 0.2581848799213064, "max_depth": 1.1390492827881569, "n_estimators": 113.98841422750806}, "datetime": {"datetime": "2021-09-24 16:47:57", "elapsed": 417.007974, "delta": 3.590029}}
{"target": -44.02553770595923, "params": {"eta": 0.06596793516559032, "max_depth": 1.4224994780965043, "n_estimators": 114.17019860169923}, "datetime": {"datetime": "2021-09-24 16:47:59", "elapsed": 419.574689, "delta": 2.566715}}
{"target": -43.938685997984464, "params": {"eta": 0.11205676280894238, "max_depth": 1.5710791046188373, "n_estimators": 115.79939352631742}, "datetime": {"datetime": "2021-09-24 16:48:01", "elapsed": 421.922591, "delta": 2.347902}}
{"target": -44.11990628923689, "params": {"eta": 0.19553191904791456, "max_depth": 1.7766977035323857, "n_estimators": 115.60591099022113}, "datetime": {"datetime": "2021-09-24 16:48:04", "elapsed": 424.84147, "delta": 2.918879}}
{"target": -51.91653711992995, "params": {"eta": 0.013551312115473408, "max_depth": 1.6422800064136922, "n_estimators": 109.37197544373204}, "datetime": {"datetime": "2021-09-24 16:48:07", "elapsed": 427.439295, "delta": 2.597825}}
{"target": -43.791382925851, "params": {"eta": 0.1225219496434093, "max_depth": 1.9547567337277743, "n_estimators": 109.6044212964119}, "datetime": {"datetime": "2021-09-24 16:48:10", "elapsed": 430.088104, "delta": 2.648809}}
{"target": -43.961147824624426, "params": {"eta": 0.13870847668531558, "max_depth": 1.6620768433032533, "n_estimators": 131.79679234280658}, "datetime": {"datetime": "2021-09-24 16:48:12", "elapsed": 431.940377, "delta": 1.852273}}
{"target": -44.15463205208456, "params": {"eta": 0.06481015627247347, "max_depth": 2.269669135658929, "n_estimators": 139.52575477233867}, "datetime": {"datetime": "2021-09-24 16:48:14", "elapsed": 434.760266, "delta": 2.819889}}
{"target": -51.124319173339615, "params": {"eta": 0.33968680423390973, "max_depth": 2.0070745179453944, "n_estimators": 125.21506658801744}, "datetime": {"datetime": "2021-09-24 16:48:16", "elapsed": 436.283119, "delta": 1.522853}}
{"target": -48.47280728906617, "params": {"eta": 0.01194224231214456, "max_depth": 1.7081011862604116, "n_estimators": 168.20264233896313}, "datetime": {"datetime": "2021-09-24 16:48:19", "elapsed": 439.141243, "delta": 2.858124}}
{"target": -45.12296217724793, "params": {"eta": 0.10307736339372058, "max_depth": 2.524764318409612, "n_estimators": 144.55880086332593}, "datetime": {"datetime": "2021-09-24 16:48:20", "elapsed": 440.731866, "delta": 1.590623}}
{"target": -49.79258089854305, "params": {"eta": 0.18544860388196346, "max_depth": 4.29501919736645, "n_estimators": 180.411421967005}, "datetime": {"datetime": "2021-09-24 16:48:22", "elapsed": 442.605032, "delta": 1.873166}}
{"target": -44.51607410172771, "params": {"eta": 0.1093930338230868, "max_depth": 2.141780039140138, "n_estimators": 109.65543241834862}, "datetime": {"datetime": "2021-09-24 16:48:24", "elapsed": 444.739884, "delta": 2.134852}}
{"target": -43.84843636993179, "params": {"eta": 0.2161316517958696, "max_depth": 1.230103823769012, "n_estimators": 138.09312650363378}, "datetime": {"datetime": "2021-09-24 16:48:28", "elapsed": 447.986721, "delta": 3.246837}}
{"target": -44.03198356915237, "params": {"eta": 0.23357306206896078, "max_depth": 1.2390102876484046, "n_estimators": 137.4637265792415}, "datetime": {"datetime": "2021-09-24 16:48:30", "elapsed": 450.8014, "delta": 2.814679}}
{"target": -44.75681236094998, "params": {"eta": 0.03712875616407504, "max_depth": 1.284658148649263, "n_estimators": 133.05322989178995}, "datetime": {"datetime": "2021-09-24 16:48:33", "elapsed": 453.571154, "delta": 2.769754}}
{"target": -43.871851612750746, "params": {"eta": 0.22772162885332062, "max_depth": 1.8105739765931692, "n_estimators": 113.6249831015302}, "datetime": {"datetime": "2021-09-24 16:48:37", "elapsed": 457.118408, "delta": 3.547254}}
{"target": -45.688103152396984, "params": {"eta": 0.40463820665198863, "max_depth": 1.3665326871971515, "n_estimators": 138.10917713893326}, "datetime": {"datetime": "2021-09-24 16:48:39", "elapsed": 459.076281, "delta": 1.957873}}
