{"target": 0.3306518717702873, "params": {"eta": 0.36177942245922945, "max_depth": 14.486816091936777, "n_estimators": 13.67014875866855}, "datetime": {"datetime": "2021-09-24 12:48:34", "elapsed": 509.281243, "delta": 3.474752}}
{"target": 0.36647224070411155, "params": {"eta": 0.1817562392463162, "max_depth": 19.663212143690473, "n_estimators": 45.761332182149374}, "datetime": {"datetime": "2021-09-24 12:48:37", "elapsed": 511.834436, "delta": 2.553193}}
{"target": 0.2977128461392612, "params": {"eta": 0.2841410739106247, "max_depth": 7.696400636577248, "n_estimators": 26.300525411022868}, "datetime": {"datetime": "2021-09-24 12:48:39", "elapsed": 514.19072, "delta": 2.356284}}
{"target": 0.3458770857069655, "params": {"eta": 0.07207979433099662, "max_depth": 9.969043746265237, "n_estimators": 49.622097506431274}, "datetime": {"datetime": "2021-09-24 12:48:41", "elapsed": 516.521338, "delta": 2.330618}}
{"target": 0.3265316366580203, "params": {"eta": 0.36933606677910724, "max_depth": 12.768142125967792, "n_estimators": 25.04410895337923}, "datetime": {"datetime": "2021-09-24 12:48:44", "elapsed": 518.96145, "delta": 2.440112}}
{"target": 0.2827499944875761, "params": {"eta": 0.3822460049666371, "max_depth": 16.644643016351885, "n_estimators": 34.356636031328364}, "datetime": {"datetime": "2021-09-24 12:48:47", "elapsed": 522.04945, "delta": 3.088}}
{"target": 0.3093057333157394, "params": {"eta": 0.3492925598840829, "max_depth": 17.604166253037604, "n_estimators": 35.394819531559946}, "datetime": {"datetime": "2021-09-24 12:48:50", "elapsed": 525.206825, "delta": 3.157375}}
{"target": -0.972368750409589, "params": {"eta": 0.04, "max_depth": 16.802899512994873, "n_estimators": 15.277112433651212}, "datetime": {"datetime": "2021-09-24 12:48:53", "elapsed": 528.355827, "delta": 3.149002}}
{"target": 0.35114641298646887, "params": {"eta": 0.17579108800788842, "max_depth": 11.297752394903473, "n_estimators": 41.82762999439758}, "datetime": {"datetime": "2021-09-24 12:48:55", "elapsed": 529.971875, "delta": 1.616048}}
{"target": 0.33827953885698947, "params": {"eta": 0.3359905139447607, "max_depth": 18.13405542513374, "n_estimators": 14.052776179150616}, "datetime": {"datetime": "2021-09-24 12:48:57", "elapsed": 532.559936, "delta": 2.588061}}
{"target": 0.3668051560675609, "params": {"eta": 0.3755546262100974, "max_depth": 18.586659239403744, "n_estimators": 15.788780513733002}, "datetime": {"datetime": "2021-09-24 12:48:59", "elapsed": 534.562477, "delta": 2.002541}}
{"target": 0.321652396971151, "params": {"eta": 0.4, "max_depth": 15.588855535651444, "n_estimators": 13.948202348941066}, "datetime": {"datetime": "2021-09-24 12:49:02", "elapsed": 537.379714, "delta": 2.817237}}
{"target": 0.31422647427505424, "params": {"eta": 0.4, "max_depth": 10.059139983689763, "n_estimators": 8.63361032455403}, "datetime": {"datetime": "2021-09-24 12:49:05", "elapsed": 539.802813, "delta": 2.423099}}
{"target": 0.35229526791982935, "params": {"eta": 0.0989426417463723, "max_depth": 8.322514956736361, "n_estimators": 30.329638019622955}, "datetime": {"datetime": "2021-09-24 12:49:06", "elapsed": 541.392905, "delta": 1.590092}}
{"target": 0.30182710543134506, "params": {"eta": 0.31098184158885667, "max_depth": 11.705204381818636, "n_estimators": 19.443889343848888}, "datetime": {"datetime": "2021-09-24 12:49:09", "elapsed": 544.005564, "delta": 2.612659}}
{"target": 0.3261156047515805, "params": {"eta": 0.4, "max_depth": 12.089622544616226, "n_estimators": 46.083750648503134}, "datetime": {"datetime": "2021-09-24 12:49:11", "elapsed": 546.50391, "delta": 2.498346}}
{"target": 0.3173208542352023, "params": {"eta": 0.4, "max_depth": 9.85527908884886, "n_estimators": 14.47185520061637}, "datetime": {"datetime": "2021-09-24 12:49:14", "elapsed": 549.01432, "delta": 2.51041}}
{"target": 0.3157851013566104, "params": {"eta": 0.3419281827684459, "max_depth": 11.797781080448566, "n_estimators": 30.80813473003926}, "datetime": {"datetime": "2021-09-24 12:49:16", "elapsed": 551.615857, "delta": 2.601537}}
{"target": 0.33077546479964015, "params": {"eta": 0.4, "max_depth": 16.84508040477777, "n_estimators": 19.668241427751347}, "datetime": {"datetime": "2021-09-24 12:49:20", "elapsed": 555.113277, "delta": 3.49742}}
{"target": 0.31792790130632176, "params": {"eta": 0.4, "max_depth": 15.226349441082856, "n_estimators": 35.23515006034689}, "datetime": {"datetime": "2021-09-24 12:49:23", "elapsed": 558.016934, "delta": 2.903657}}
{"target": -0.31003423038564937, "params": {"eta": 0.04, "max_depth": 20.0, "n_estimators": 24.200848028465785}, "datetime": {"datetime": "2021-09-24 12:49:26", "elapsed": 561.020577, "delta": 3.003643}}
{"target": 0.2789788080450555, "params": {"eta": 0.34529056518181367, "max_depth": 18.027287689361884, "n_estimators": 29.786023001389673}, "datetime": {"datetime": "2021-09-24 12:49:28", "elapsed": 563.303909, "delta": 2.283332}}
{"target": 0.3241714424154456, "params": {"eta": 0.3681034943081605, "max_depth": 11.175875361216162, "n_estimators": 40.83914676966865}, "datetime": {"datetime": "2021-09-24 12:49:30", "elapsed": 565.391956, "delta": 2.088047}}
{"target": 0.3429540653723472, "params": {"eta": 0.13666542813547575, "max_depth": 14.228822284038689, "n_estimators": 40.96084211207753}, "datetime": {"datetime": "2021-09-24 12:49:32", "elapsed": 567.050875, "delta": 1.658919}}
{"target": 0.3182692434783533, "params": {"eta": 0.4, "max_depth": 15.966099200625658, "n_estimators": 16.262651654940925}, "datetime": {"datetime": "2021-09-24 12:49:35", "elapsed": 569.834002, "delta": 2.783127}}
{"target": 0.2510868791597749, "params": {"eta": 0.10462738777642902, "max_depth": 17.844022907287595, "n_estimators": 20.136818849667858}, "datetime": {"datetime": "2021-09-24 12:49:36", "elapsed": 571.446705, "delta": 1.612703}}
{"target": -0.3638571339678027, "params": {"eta": 0.04, "max_depth": 17.88152436787078, "n_estimators": 23.687455111588406}, "datetime": {"datetime": "2021-09-24 12:49:39", "elapsed": 573.657571, "delta": 2.210866}}
{"target": 0.3517393685879123, "params": {"eta": 0.37223249064319996, "max_depth": 14.051864190778169, "n_estimators": 17.039502480010498}, "datetime": {"datetime": "2021-09-24 12:49:41", "elapsed": 576.498603, "delta": 2.841032}}
{"target": 0.3248024568830984, "params": {"eta": 0.39871744650646784, "max_depth": 13.705632919558004, "n_estimators": 18.62428808088846}, "datetime": {"datetime": "2021-09-24 12:49:43", "elapsed": 578.645593, "delta": 2.14699}}
{"target": 0.3216691076043888, "params": {"eta": 0.2465141806694857, "max_depth": 16.22383950286249, "n_estimators": 25.822117126809555}, "datetime": {"datetime": "2021-09-24 12:49:46", "elapsed": 581.029781, "delta": 2.384188}}
{"target": 0.2886238204844269, "params": {"eta": 0.25789951357628765, "max_depth": 16.80554960661128, "n_estimators": 26.826345809123858}, "datetime": {"datetime": "2021-09-24 12:49:48", "elapsed": 583.128524, "delta": 2.098743}}
{"target": 0.04241459742417375, "params": {"eta": 0.0465379342818798, "max_depth": 12.724507787065981, "n_estimators": 29.51813059763468}, "datetime": {"datetime": "2021-09-24 12:49:50", "elapsed": 584.655282, "delta": 1.526758}}
{"target": -0.5046224202803786, "params": {"eta": 0.11344048707710644, "max_depth": 13.468271123993787, "n_estimators": 7.207731906679512}, "datetime": {"datetime": "2021-09-24 12:49:51", "elapsed": 586.294112, "delta": 1.63883}}
{"target": 0.34809990056562845, "params": {"eta": 0.33013676040230544, "max_depth": 8.887902905323127, "n_estimators": 38.1114296620826}, "datetime": {"datetime": "2021-09-24 12:49:54", "elapsed": 588.937587, "delta": 2.643475}}
{"target": 0.33096957413735817, "params": {"eta": 0.3946338580479004, "max_depth": 9.340541025699679, "n_estimators": 36.95439891748967}, "datetime": {"datetime": "2021-09-24 12:49:56", "elapsed": 591.181464, "delta": 2.243877}}
{"target": 0.27622236927285204, "params": {"eta": 0.4, "max_depth": 14.472062432042046, "n_estimators": 4.151455297185795}, "datetime": {"datetime": "2021-09-24 12:49:58", "elapsed": 593.28192, "delta": 2.100456}}
{"target": -0.2970838227573809, "params": {"eta": 0.4, "max_depth": 14.215438179674452, "n_estimators": 2.852923809799583}, "datetime": {"datetime": "2021-09-24 12:50:00", "elapsed": 595.408269, "delta": 2.126349}}
{"target": 0.2308635902410192, "params": {"eta": 0.4, "max_depth": 8.93638434087976, "n_estimators": 8.136645228096489}, "datetime": {"datetime": "2021-09-24 12:50:03", "elapsed": 597.918805, "delta": 2.510536}}
{"target": 0.3336491182306761, "params": {"eta": 0.4, "max_depth": 20.0, "n_estimators": 10.041692448681307}, "datetime": {"datetime": "2021-09-24 12:50:05", "elapsed": 600.074686, "delta": 2.155881}}
{"target": 0.28691592488557893, "params": {"eta": 0.3711172308601085, "max_depth": 9.9160502666013, "n_estimators": 18.764656069083856}, "datetime": {"datetime": "2021-09-24 12:50:08", "elapsed": 603.183742, "delta": 3.109056}}
{"target": 0.29877971287162364, "params": {"eta": 0.2990564011557372, "max_depth": 16.961314513866014, "n_estimators": 7.967397943054999}, "datetime": {"datetime": "2021-09-24 12:50:10", "elapsed": 604.942119, "delta": 1.758377}}
{"target": 0.2480780353999913, "params": {"eta": 0.4, "max_depth": 8.433109927278961, "n_estimators": 34.944419204587334}, "datetime": {"datetime": "2021-09-24 12:50:13", "elapsed": 608.033121, "delta": 3.091002}}
{"target": 0.1327378183633824, "params": {"eta": 0.04, "max_depth": 11.23271695170449, "n_estimators": 39.7395112140831}, "datetime": {"datetime": "2021-09-24 12:50:15", "elapsed": 610.597199, "delta": 2.564078}}
{"target": -1.22726306425236, "params": {"eta": 0.09789339884623527, "max_depth": 14.305376143832202, "n_estimators": 5.281470525771568}, "datetime": {"datetime": "2021-09-24 12:50:18", "elapsed": 612.770075, "delta": 2.172876}}
{"target": 0.32644432823714353, "params": {"eta": 0.07449606923302038, "max_depth": 13.53393724325752, "n_estimators": 47.36977718595586}, "datetime": {"datetime": "2021-09-24 12:50:20", "elapsed": 615.612385, "delta": 2.84231}}
{"target": 0.29952937604055374, "params": {"eta": 0.3696083012014757, "max_depth": 13.72073561187806, "n_estimators": 43.726376545563895}, "datetime": {"datetime": "2021-09-24 12:50:23", "elapsed": 618.436458, "delta": 2.824073}}
{"target": 0.32499996891103866, "params": {"eta": 0.06134787367759295, "max_depth": 19.394828298200412, "n_estimators": 48.079285841789144}, "datetime": {"datetime": "2021-09-24 12:50:25", "elapsed": 620.374923, "delta": 1.938465}}
{"target": 0.33273890092711356, "params": {"eta": 0.4, "max_depth": 16.19618532642491, "n_estimators": 10.266099037805407}, "datetime": {"datetime": "2021-09-24 12:50:28", "elapsed": 623.075013, "delta": 2.70009}}
{"target": 0.39961675494336624, "params": {"eta": 0.2746359893383061, "max_depth": 19.033859154674012, "n_estimators": 19.243071494227465}, "datetime": {"datetime": "2021-09-24 12:50:31", "elapsed": 626.52179, "delta": 3.446777}}
{"target": 0.2854059518415324, "params": {"eta": 0.4, "max_depth": 7.0, "n_estimators": 9.77250762203279}, "datetime": {"datetime": "2021-09-24 12:50:34", "elapsed": 629.182394, "delta": 2.660604}}
{"target": 0.36055349171581375, "params": {"eta": 0.11234348747433287, "max_depth": 12.497012612316153, "n_estimators": 46.580363506848855}, "datetime": {"datetime": "2021-09-24 12:50:36", "elapsed": 630.780719, "delta": 1.598325}}
{"target": 0.3206411130944179, "params": {"eta": 0.37798441061508675, "max_depth": 14.427957203445434, "n_estimators": 31.283102504535133}, "datetime": {"datetime": "2021-09-24 12:50:39", "elapsed": 634.140052, "delta": 3.359333}}
{"target": -0.6809918256182477, "params": {"eta": 0.09969262710584148, "max_depth": 18.083543470677128, "n_estimators": 7.676617304932684}, "datetime": {"datetime": "2021-09-24 12:50:41", "elapsed": 635.66864, "delta": 1.528588}}
{"target": 0.3265113138676934, "params": {"eta": 0.4, "max_depth": 13.485195839170402, "n_estimators": 10.712974265888922}, "datetime": {"datetime": "2021-09-24 12:50:42", "elapsed": 637.599911, "delta": 1.931271}}
{"target": 0.33622515949761256, "params": {"eta": 0.4, "max_depth": 17.72364182836372, "n_estimators": 18.359040071383323}, "datetime": {"datetime": "2021-09-24 12:50:45", "elapsed": 639.925845, "delta": 2.325934}}
{"target": 0.31121322657717443, "params": {"eta": 0.3509288808928665, "max_depth": 19.953197554552276, "n_estimators": 26.406156121985617}, "datetime": {"datetime": "2021-09-24 12:50:48", "elapsed": 643.487592, "delta": 3.561747}}
{"target": 0.33822870425545803, "params": {"eta": 0.33491675107329183, "max_depth": 19.013176770662977, "n_estimators": 9.344450174528365}, "datetime": {"datetime": "2021-09-24 12:50:51", "elapsed": 646.426531, "delta": 2.938939}}
{"target": 0.3366548022195762, "params": {"eta": 0.4, "max_depth": 19.143504228942646, "n_estimators": 46.40308104407007}, "datetime": {"datetime": "2021-09-24 12:50:54", "elapsed": 648.771742, "delta": 2.345211}}
{"target": 0.3530658405177489, "params": {"eta": 0.11169069223424866, "max_depth": 15.785951031768215, "n_estimators": 27.274096832307904}, "datetime": {"datetime": "2021-09-24 12:50:57", "elapsed": 651.728786, "delta": 2.957044}}
{"target": 0.3285468210023692, "params": {"eta": 0.379760816329435, "max_depth": 12.76516265027844, "n_estimators": 23.727469647892068}, "datetime": {"datetime": "2021-09-24 12:50:59", "elapsed": 653.912026, "delta": 2.18324}}
{"target": 0.2003708317977, "params": {"eta": 0.04508074794500492, "max_depth": 19.96732550236991, "n_estimators": 40.509475215808145}, "datetime": {"datetime": "2021-09-24 12:51:02", "elapsed": 657.110348, "delta": 3.198322}}
{"target": -0.9449079610471469, "params": {"eta": 0.054582304503958574, "max_depth": 10.281017900911502, "n_estimators": 11.789872719829459}, "datetime": {"datetime": "2021-09-24 12:51:05", "elapsed": 660.28952, "delta": 3.179172}}
{"target": 0.30664371216635145, "params": {"eta": 0.29515527716057277, "max_depth": 7.24258774889078, "n_estimators": 26.86098388087348}, "datetime": {"datetime": "2021-09-24 12:51:07", "elapsed": 661.783248, "delta": 1.493728}}
{"target": 0.25068905944654585, "params": {"eta": 0.3998936136788118, "max_depth": 8.199435666589185, "n_estimators": 45.32255423841509}, "datetime": {"datetime": "2021-09-24 12:51:09", "elapsed": 664.306228, "delta": 2.52298}}
{"target": 0.2743548290721658, "params": {"eta": 0.28290248800712964, "max_depth": 7.028856550816245, "n_estimators": 39.62068292232892}, "datetime": {"datetime": "2021-09-24 12:51:11", "elapsed": 666.623598, "delta": 2.31737}}
{"target": 0.3217706900520072, "params": {"eta": 0.37749737269643285, "max_depth": 8.761435557341587, "n_estimators": 40.05252356302284}, "datetime": {"datetime": "2021-09-24 12:51:14", "elapsed": 669.263475, "delta": 2.639877}}
{"target": 0.3633223730879602, "params": {"eta": 0.2961259051036715, "max_depth": 11.033767891983562, "n_estimators": 41.803343291995525}, "datetime": {"datetime": "2021-09-24 12:51:16", "elapsed": 671.081595, "delta": 1.81812}}
{"target": 0.2350355582598559, "params": {"eta": 0.0824552929753094, "max_depth": 15.178291742884353, "n_estimators": 25.252098925073625}, "datetime": {"datetime": "2021-09-24 12:51:19", "elapsed": 674.402308, "delta": 3.320713}}
{"target": 0.322792698587019, "params": {"eta": 0.4, "max_depth": 12.828157749742921, "n_estimators": 13.036607160394714}, "datetime": {"datetime": "2021-09-24 12:51:22", "elapsed": 676.853191, "delta": 2.450883}}
{"target": -0.972368750409589, "params": {"eta": 0.04, "max_depth": 19.57856663653081, "n_estimators": 15.00253260138486}, "datetime": {"datetime": "2021-09-24 12:51:25", "elapsed": 679.923345, "delta": 3.070154}}
{"target": 0.3454297252999534, "params": {"eta": 0.25511218726343626, "max_depth": 9.022779061589336, "n_estimators": 15.090238992426064}, "datetime": {"datetime": "2021-09-24 12:51:27", "elapsed": 681.829604, "delta": 1.906259}}
{"target": 0.03715769713536854, "params": {"eta": 0.04258963556749921, "max_depth": 14.509509136497634, "n_estimators": 32.39515807243716}, "datetime": {"datetime": "2021-09-24 12:51:29", "elapsed": 684.342056, "delta": 2.512452}}
{"target": 0.3159201835924259, "params": {"eta": 0.07368036597323006, "max_depth": 8.915310853286469, "n_estimators": 42.873302244474594}, "datetime": {"datetime": "2021-09-24 12:51:32", "elapsed": 686.896724, "delta": 2.554668}}
{"target": 0.29035716264865374, "params": {"eta": 0.3618631466727992, "max_depth": 8.907100745712555, "n_estimators": 24.273927335614513}, "datetime": {"datetime": "2021-09-24 12:51:34", "elapsed": 688.703286, "delta": 1.806562}}
{"target": 0.3212688559925949, "params": {"eta": 0.26436161842985545, "max_depth": 17.609326322702387, "n_estimators": 45.9888005078677}, "datetime": {"datetime": "2021-09-24 12:51:36", "elapsed": 691.576508, "delta": 2.873222}}
{"target": 0.3119850979673764, "params": {"eta": 0.22145222081622562, "max_depth": 11.077037596939778, "n_estimators": 17.804295112346065}, "datetime": {"datetime": "2021-09-24 12:51:42", "elapsed": 696.702506, "delta": 5.125998}}
{"target": -0.3080516178834194, "params": {"eta": 0.04, "max_depth": 9.403610572541684, "n_estimators": 24.367685519842436}, "datetime": {"datetime": "2021-09-24 12:51:45", "elapsed": 700.367504, "delta": 3.664998}}
{"target": 0.2975718420329456, "params": {"eta": 0.22177621970431785, "max_depth": 17.13194336527912, "n_estimators": 11.54420309227086}, "datetime": {"datetime": "2021-09-24 12:51:47", "elapsed": 702.464887, "delta": 2.097383}}
{"target": 0.17854118902173444, "params": {"eta": 0.06171243224378344, "max_depth": 14.274186276750356, "n_estimators": 29.73419062105868}, "datetime": {"datetime": "2021-09-24 12:51:51", "elapsed": 706.25991, "delta": 3.795023}}
{"target": 0.2695184647002744, "params": {"eta": 0.0715708426543036, "max_depth": 9.851003861874922, "n_estimators": 29.17411755673246}, "datetime": {"datetime": "2021-09-24 12:51:55", "elapsed": 710.051908, "delta": 3.791998}}
{"target": 0.33801191451332124, "params": {"eta": 0.21937338139219476, "max_depth": 17.084083197926567, "n_estimators": 40.46852573894069}, "datetime": {"datetime": "2021-09-24 12:51:57", "elapsed": 712.533908, "delta": 2.482}}
{"target": 0.29933838916082367, "params": {"eta": 0.32477043138403267, "max_depth": 10.858146380467044, "n_estimators": 23.809295899202237}, "datetime": {"datetime": "2021-09-24 12:52:00", "elapsed": 715.603789, "delta": 3.069881}}
{"target": 0.30239966078541136, "params": {"eta": 0.39488559746398394, "max_depth": 12.704469616725346, "n_estimators": 37.9784443607285}, "datetime": {"datetime": "2021-09-24 12:52:03", "elapsed": 718.359478, "delta": 2.755689}}
{"target": 0.10092757973323441, "params": {"eta": 0.042512135270892995, "max_depth": 18.267816699283454, "n_estimators": 35.90732809954673}, "datetime": {"datetime": "2021-09-24 12:52:07", "elapsed": 721.81451, "delta": 3.455032}}
{"target": 0.3380983561681574, "params": {"eta": 0.1357358916240325, "max_depth": 14.83829477208452, "n_estimators": 34.83187832644871}, "datetime": {"datetime": "2021-09-24 12:52:09", "elapsed": 723.83404, "delta": 2.01953}}
{"target": 0.2982134822945164, "params": {"eta": 0.25214147495021955, "max_depth": 14.912289278405705, "n_estimators": 33.890122846153176}, "datetime": {"datetime": "2021-09-24 12:52:12", "elapsed": 727.358038, "delta": 3.523998}}
{"target": 0.23367134312280002, "params": {"eta": 0.39016104959211173, "max_depth": 13.354119188757728, "n_estimators": 28.482004193499552}, "datetime": {"datetime": "2021-09-24 12:52:15", "elapsed": 730.536109, "delta": 3.178071}}
{"target": 0.35923885611407635, "params": {"eta": 0.29642769372596706, "max_depth": 12.478739010396833, "n_estimators": 32.85657274619468}, "datetime": {"datetime": "2021-09-24 12:52:17", "elapsed": 732.495135, "delta": 1.959026}}
{"target": -0.08978843898374866, "params": {"eta": 0.058181857621484714, "max_depth": 16.058828474859624, "n_estimators": 20.023953207010543}, "datetime": {"datetime": "2021-09-24 12:52:20", "elapsed": 735.155415, "delta": 2.66028}}
{"target": 0.22831937022464588, "params": {"eta": 0.04, "max_depth": 17.927784490228166, "n_estimators": 45.04463879082649}, "datetime": {"datetime": "2021-09-24 12:52:24", "elapsed": 739.404965, "delta": 4.24955}}
{"target": 0.31451923743403465, "params": {"eta": 0.2020792665902893, "max_depth": 18.44095894793422, "n_estimators": 43.06303918377279}, "datetime": {"datetime": "2021-09-24 12:52:27", "elapsed": 741.71823, "delta": 2.313265}}
{"target": 0.3842024231285319, "params": {"eta": 0.2961758270637488, "max_depth": 19.18530236446246, "n_estimators": 10.81293243359795}, "datetime": {"datetime": "2021-09-24 12:52:29", "elapsed": 743.649047, "delta": 1.930817}}
{"target": 0.2712391466572187, "params": {"eta": 0.1956407706346801, "max_depth": 19.83934405669205, "n_estimators": 11.141912921459653}, "datetime": {"datetime": "2021-09-24 12:52:31", "elapsed": 746.48258, "delta": 2.833533}}
{"target": -0.7651341044623143, "params": {"eta": 0.06758044334204759, "max_depth": 19.392068248848922, "n_estimators": 10.172616312690915}, "datetime": {"datetime": "2021-09-24 12:52:34", "elapsed": 749.492769, "delta": 3.010189}}
{"target": -0.7085071662636087, "params": {"eta": 0.06431244677638205, "max_depth": 16.452460973560022, "n_estimators": 11.05016258498363}, "datetime": {"datetime": "2021-09-24 12:52:37", "elapsed": 752.598384, "delta": 3.105615}}
{"target": -0.0821213120445683, "params": {"eta": 0.05229506431708783, "max_depth": 15.41468267962839, "n_estimators": 22.777018148880416}, "datetime": {"datetime": "2021-09-24 12:52:40", "elapsed": 755.092855, "delta": 2.494471}}
{"target": 0.33739613506548094, "params": {"eta": 0.192279949587527, "max_depth": 11.45008807661918, "n_estimators": 18.57354338197692}, "datetime": {"datetime": "2021-09-24 12:52:42", "elapsed": 756.877211, "delta": 1.784356}}
