{"target": -37.251024101996784, "params": {"eta": 0.09250637341242152, "max_depth": 11.820186961275814, "n_estimators": 46.2531562439778}, "datetime": {"datetime": "2021-09-29 15:28:06", "elapsed": 201.733218, "delta": 1.013516}}
{"target": -38.50558486796976, "params": {"eta": 0.08212194293630304, "max_depth": 3.7027754798854193, "n_estimators": 86.15897944321189}, "datetime": {"datetime": "2021-09-29 15:28:07", "elapsed": 202.706921, "delta": 0.973703}}
{"target": -40.13148634871577, "params": {"eta": 0.06736597234639427, "max_depth": 23.507081934349795, "n_estimators": 77.04601183315201}, "datetime": {"datetime": "2021-09-29 15:28:08", "elapsed": 203.860981, "delta": 1.15406}}
{"target": -39.96272370987023, "params": {"eta": 0.10239457853472543, "max_depth": 19.9666540571421, "n_estimators": 55.797169580685676}, "datetime": {"datetime": "2021-09-29 15:28:10", "elapsed": 205.345033, "delta": 1.484052}}
{"target": -42.78854935643684, "params": {"eta": 0.4284285663451418, "max_depth": 18.710711850984353, "n_estimators": 22.864792896939612}, "datetime": {"datetime": "2021-09-29 15:28:11", "elapsed": 206.369661, "delta": 1.024628}}
{"target": -39.83599249081965, "params": {"eta": 0.1750358593330301, "max_depth": 10.541787640236457, "n_estimators": 55.075374437104465}, "datetime": {"datetime": "2021-09-29 15:28:12", "elapsed": 207.578385, "delta": 1.208724}}
{"target": -40.118058227784715, "params": {"eta": 0.12340142783692087, "max_depth": 10.197460701699411, "n_estimators": 68.78544223119746}, "datetime": {"datetime": "2021-09-29 15:28:13", "elapsed": 208.805154, "delta": 1.226769}}
{"target": -40.72965716334954, "params": {"eta": 0.27725824114221964, "max_depth": 14.32847510790345, "n_estimators": 92.74853013324682}, "datetime": {"datetime": "2021-09-29 15:28:15", "elapsed": 210.106518, "delta": 1.301364}}
{"target": -35.316836918608004, "params": {"eta": 0.0959513056343406, "max_depth": 6.031363042108471, "n_estimators": 17.707617752485593}, "datetime": {"datetime": "2021-09-29 15:28:16", "elapsed": 210.974595, "delta": 0.868077}}
{"target": -40.32181260423537, "params": {"eta": 0.2619798622935389, "max_depth": 21.044702951562364, "n_estimators": 33.471318180886875}, "datetime": {"datetime": "2021-09-29 15:28:17", "elapsed": 211.980201, "delta": 1.005606}}
{"target": -40.030467907192815, "params": {"eta": 0.3569890403900502, "max_depth": 20.854497438581205, "n_estimators": 11.228987888860107}, "datetime": {"datetime": "2021-09-29 15:28:17", "elapsed": 212.851923, "delta": 0.871722}}
{"target": -40.30273724639633, "params": {"eta": 0.45199343284598026, "max_depth": 16.705285473275296, "n_estimators": 30.86368830450294}, "datetime": {"datetime": "2021-09-29 15:28:18", "elapsed": 213.841824, "delta": 0.989901}}
{"target": -39.327615610441086, "params": {"eta": 0.07532689131426257, "max_depth": 24.56120606046014, "n_estimators": 80.61803692521907}, "datetime": {"datetime": "2021-09-29 15:28:20", "elapsed": 215.068447, "delta": 1.226623}}
{"target": -46.318531231435166, "params": {"eta": 0.040902000852690815, "max_depth": 26.69506800283953, "n_estimators": 18.19570916511217}, "datetime": {"datetime": "2021-09-29 15:28:21", "elapsed": 216.056354, "delta": 0.987907}}
{"target": -36.169966261889265, "params": {"eta": 0.10991070584818732, "max_depth": 27.216067098414285, "n_estimators": 15.588854755230457}, "datetime": {"datetime": "2021-09-29 15:28:22", "elapsed": 216.986354, "delta": 0.93}}
{"target": -42.826812185229024, "params": {"eta": 0.40935959497090635, "max_depth": 16.55498899170815, "n_estimators": 42.310157562527365}, "datetime": {"datetime": "2021-09-29 15:28:23", "elapsed": 218.112175, "delta": 1.125821}}
{"target": -85.12331830778372, "params": {"eta": 0.1263203867220467, "max_depth": 6.547637210194216, "n_estimators": 1.083131309657912}, "datetime": {"datetime": "2021-09-29 15:28:24", "elapsed": 219.045176, "delta": 0.933001}}
{"target": -41.411990001337514, "params": {"eta": 0.2770712546192761, "max_depth": 3.509129598216963, "n_estimators": 45.934712598226284}, "datetime": {"datetime": "2021-09-29 15:28:24", "elapsed": 219.892398, "delta": 0.847222}}
{"target": -41.255095576432424, "params": {"eta": 0.49045034436433116, "max_depth": 14.747340553491384, "n_estimators": 13.120953177815178}, "datetime": {"datetime": "2021-09-29 15:28:25", "elapsed": 220.8434, "delta": 0.951002}}
{"target": -35.95759167704291, "params": {"eta": 0.05453850891375406, "max_depth": 24.524210177698848, "n_estimators": 46.166997817110904}, "datetime": {"datetime": "2021-09-29 15:28:27", "elapsed": 221.941949, "delta": 1.098549}}
{"target": -41.255095576432424, "params": {"eta": 0.48873901971756056, "max_depth": 14.99594985350123, "n_estimators": 13.50276345632325}, "datetime": {"datetime": "2021-09-29 15:28:27", "elapsed": 222.910563, "delta": 0.968614}}
{"target": -39.62139643754148, "params": {"eta": 0.29898352995416255, "max_depth": 27.09160713095864, "n_estimators": 76.09125873733511}, "datetime": {"datetime": "2021-09-29 15:28:29", "elapsed": 224.211982, "delta": 1.301419}}
{"target": -38.41170542699077, "params": {"eta": 0.41689603889273147, "max_depth": 5.833948318461394, "n_estimators": 55.94639925805944}, "datetime": {"datetime": "2021-09-29 15:28:30", "elapsed": 225.25798, "delta": 1.045998}}
{"target": -37.995474095022495, "params": {"eta": 0.12397516740709436, "max_depth": 3.933089723236628, "n_estimators": 30.404503315626478}, "datetime": {"datetime": "2021-09-29 15:28:31", "elapsed": 226.251263, "delta": 0.993283}}
{"target": -40.14232970816718, "params": {"eta": 0.4542395232420865, "max_depth": 25.309855622437098, "n_estimators": 75.13140758473902}, "datetime": {"datetime": "2021-09-29 15:28:32", "elapsed": 227.799499, "delta": 1.548236}}
{"target": -42.00552141416499, "params": {"eta": 0.38069768732653386, "max_depth": 8.547143534789102, "n_estimators": 84.11306017309391}, "datetime": {"datetime": "2021-09-29 15:28:34", "elapsed": 229.087266, "delta": 1.287767}}
{"target": -40.0013538068368, "params": {"eta": 0.06750406109759864, "max_depth": 6.040455839581208, "n_estimators": 68.0085042891146}, "datetime": {"datetime": "2021-09-29 15:28:35", "elapsed": 230.591484, "delta": 1.504218}}
{"target": -42.15441183943164, "params": {"eta": 0.36970001030777944, "max_depth": 29.593487452227517, "n_estimators": 58.42302502434962}, "datetime": {"datetime": "2021-09-29 15:28:37", "elapsed": 232.375774, "delta": 1.78429}}
{"target": -40.499101659832895, "params": {"eta": 0.1767422247173305, "max_depth": 6.426580433243736, "n_estimators": 95.88791377097454}, "datetime": {"datetime": "2021-09-29 15:28:38", "elapsed": 233.831656, "delta": 1.455882}}
{"target": -40.131484438012336, "params": {"eta": 0.4471446082825492, "max_depth": 19.284798336664114, "n_estimators": 76.61435658451731}, "datetime": {"datetime": "2021-09-29 15:28:40", "elapsed": 235.206654, "delta": 1.374998}}
{"target": -40.57628126333536, "params": {"eta": 0.49479571846452125, "max_depth": 28.08929497264006, "n_estimators": 6.466015973427327}, "datetime": {"datetime": "2021-09-29 15:28:41", "elapsed": 236.339887, "delta": 1.133233}}
{"target": -39.60105363397069, "params": {"eta": 0.2961145345234749, "max_depth": 17.735859370318956, "n_estimators": 26.93060538262258}, "datetime": {"datetime": "2021-09-29 15:28:43", "elapsed": 238.017484, "delta": 1.677597}}
{"target": -40.6008751449194, "params": {"eta": 0.26646193997768297, "max_depth": 2.3886725868611003, "n_estimators": 85.54927166328282}, "datetime": {"datetime": "2021-09-29 15:28:44", "elapsed": 239.228482, "delta": 1.210998}}
{"target": -40.177614210058984, "params": {"eta": 0.20559469809755487, "max_depth": 6.279633441059112, "n_estimators": 4.145292809764211}, "datetime": {"datetime": "2021-09-29 15:28:45", "elapsed": 240.352204, "delta": 1.123722}}
{"target": -41.32205772350939, "params": {"eta": 0.4333761509349002, "max_depth": 13.532637946679904, "n_estimators": 28.733813151464794}, "datetime": {"datetime": "2021-09-29 15:28:47", "elapsed": 242.144822, "delta": 1.792618}}
{"target": -36.169966261889265, "params": {"eta": 0.10899650393732493, "max_depth": 18.185543661798352, "n_estimators": 15.713140989390144}, "datetime": {"datetime": "2021-09-29 15:28:48", "elapsed": 243.70447, "delta": 1.559648}}
{"target": -40.766037722071715, "params": {"eta": 0.26419258120234007, "max_depth": 7.779042861806912, "n_estimators": 59.341747953111266}, "datetime": {"datetime": "2021-09-29 15:28:50", "elapsed": 244.978711, "delta": 1.274241}}
{"target": -41.56728519454853, "params": {"eta": 0.45307978031562773, "max_depth": 2.561716429582079, "n_estimators": 64.25095591659009}, "datetime": {"datetime": "2021-09-29 15:28:51", "elapsed": 246.031478, "delta": 1.052767}}
{"target": -40.55038215571635, "params": {"eta": 0.28205390380360124, "max_depth": 16.78128481915264, "n_estimators": 43.32719631809645}, "datetime": {"datetime": "2021-09-29 15:28:53", "elapsed": 248.116735, "delta": 2.085257}}
{"target": -38.52990336684385, "params": {"eta": 0.21248342782965615, "max_depth": 10.17027880607835, "n_estimators": 15.813941229864595}, "datetime": {"datetime": "2021-09-29 15:28:54", "elapsed": 249.385739, "delta": 1.269004}}
{"target": -42.19235834336114, "params": {"eta": 0.48736230499989475, "max_depth": 21.47742807674414, "n_estimators": 39.54958482164706}, "datetime": {"datetime": "2021-09-29 15:28:56", "elapsed": 251.000918, "delta": 1.615179}}
{"target": -42.4557169459085, "params": {"eta": 0.3897383556747988, "max_depth": 28.118520539010877, "n_estimators": 70.70552580952304}, "datetime": {"datetime": "2021-09-29 15:28:57", "elapsed": 252.524328, "delta": 1.52341}}
{"target": -39.56910945876196, "params": {"eta": 0.32012177915951984, "max_depth": 25.229846529041872, "n_estimators": 29.497486251738064}, "datetime": {"datetime": "2021-09-29 15:28:58", "elapsed": 253.914613, "delta": 1.390285}}
{"target": -41.496017088287616, "params": {"eta": 0.28894252140119886, "max_depth": 14.26061773205414, "n_estimators": 72.08805856835554}, "datetime": {"datetime": "2021-09-29 15:29:00", "elapsed": 255.500611, "delta": 1.585998}}
{"target": -44.732257810748315, "params": {"eta": 0.10196647148489556, "max_depth": 6.863216933984509, "n_estimators": 7.674420454960004}, "datetime": {"datetime": "2021-09-29 15:29:01", "elapsed": 256.878002, "delta": 1.377391}}
{"target": -39.90249195564278, "params": {"eta": 0.10726206256966665, "max_depth": 19.866164895113826, "n_estimators": 77.8378067133552}, "datetime": {"datetime": "2021-09-29 15:29:03", "elapsed": 258.728599, "delta": 1.850597}}
{"target": -40.22136560059601, "params": {"eta": 0.23766904589670676, "max_depth": 15.282989414619191, "n_estimators": 32.58200988231974}, "datetime": {"datetime": "2021-09-29 15:29:05", "elapsed": 260.042636, "delta": 1.314037}}
{"target": -43.34592164511037, "params": {"eta": 0.48800411190385107, "max_depth": 9.058609368116215, "n_estimators": 10.401040091859619}, "datetime": {"datetime": "2021-09-29 15:29:06", "elapsed": 261.249636, "delta": 1.207}}
{"target": -69.8393687735899, "params": {"eta": 0.2706163837379553, "max_depth": 10.726036195962893, "n_estimators": 1.4835494025833533}, "datetime": {"datetime": "2021-09-29 15:29:07", "elapsed": 262.288111, "delta": 1.038475}}
{"target": -41.94879064299712, "params": {"eta": 0.1977217742014319, "max_depth": 22.63420598740815, "n_estimators": 70.74106173637634}, "datetime": {"datetime": "2021-09-29 15:29:08", "elapsed": 263.919582, "delta": 1.631471}}
{"target": -40.36340643130192, "params": {"eta": 0.21254340066507751, "max_depth": 10.25855524319606, "n_estimators": 96.87425038772095}, "datetime": {"datetime": "2021-09-29 15:29:10", "elapsed": 265.737098, "delta": 1.817516}}
{"target": -39.91032372683599, "params": {"eta": 0.29467694790047266, "max_depth": 18.562692909357285, "n_estimators": 30.97283232255766}, "datetime": {"datetime": "2021-09-29 15:29:12", "elapsed": 267.292483, "delta": 1.555385}}
{"target": -41.308524984551354, "params": {"eta": 0.33788028496844874, "max_depth": 25.804190920055056, "n_estimators": 53.689988574935}, "datetime": {"datetime": "2021-09-29 15:29:13", "elapsed": 268.774581, "delta": 1.482098}}
{"target": -35.57246465462687, "params": {"eta": 0.2706094732006279, "max_depth": 4.836702348029142, "n_estimators": 8.187398542234199}, "datetime": {"datetime": "2021-09-29 15:29:15", "elapsed": 269.998231, "delta": 1.22365}}
{"target": -39.55117151277782, "params": {"eta": 0.26807323532164995, "max_depth": 19.936835318242302, "n_estimators": 44.38599693122475}, "datetime": {"datetime": "2021-09-29 15:29:17", "elapsed": 271.940845, "delta": 1.942614}}
{"target": -39.4482983008774, "params": {"eta": 0.192861581129596, "max_depth": 23.561099449259054, "n_estimators": 18.99110863194544}, "datetime": {"datetime": "2021-09-29 15:29:18", "elapsed": 273.212489, "delta": 1.271644}}
{"target": -36.371473488739184, "params": {"eta": 0.018978376884001676, "max_depth": 21.943881549449934, "n_estimators": 87.01419991560964}, "datetime": {"datetime": "2021-09-29 15:29:19", "elapsed": 274.673711, "delta": 1.461222}}
{"target": -41.95912747946593, "params": {"eta": 0.45134788071544035, "max_depth": 7.758546864030489, "n_estimators": 28.07214692318674}, "datetime": {"datetime": "2021-09-29 15:29:21", "elapsed": 276.378992, "delta": 1.705281}}
{"target": -42.410671944846534, "params": {"eta": 0.33968680423390973, "max_depth": 8.30129025510411, "n_estimators": 25.962915922137256}, "datetime": {"datetime": "2021-09-29 15:29:22", "elapsed": 277.668986, "delta": 1.289994}}
{"target": -40.68995625550366, "params": {"eta": 0.3562842776818792, "max_depth": 24.063673594469588, "n_estimators": 89.829827278173}, "datetime": {"datetime": "2021-09-29 15:29:24", "elapsed": 279.338325, "delta": 1.669339}}
{"target": -39.08678784839004, "params": {"eta": 0.10307736339372058, "max_depth": 12.054541308469686, "n_estimators": 45.11321285469267}, "datetime": {"datetime": "2021-09-29 15:29:25", "elapsed": 280.809481, "delta": 1.471156}}
{"target": -40.916493391947036, "params": {"eta": 0.18544860388196346, "max_depth": 24.888889180906762, "n_estimators": 80.60730774733494}, "datetime": {"datetime": "2021-09-29 15:29:27", "elapsed": 282.729751, "delta": 1.92027}}
{"target": -42.16182166566951, "params": {"eta": 0.35915951074547, "max_depth": 4.730887230200631, "n_estimators": 21.09314017688755}, "datetime": {"datetime": "2021-09-29 15:29:29", "elapsed": 283.954122, "delta": 1.224371}}
{"target": -37.2559275011546, "params": {"eta": 0.2672165936398578, "max_depth": 24.626206910738105, "n_estimators": 9.617780117857611}, "datetime": {"datetime": "2021-09-29 15:29:30", "elapsed": 285.08012, "delta": 1.125998}}
{"target": -41.68353351246948, "params": {"eta": 0.11655207869530317, "max_depth": 5.106729972873552, "n_estimators": 62.15673043646297}, "datetime": {"datetime": "2021-09-29 15:29:31", "elapsed": 286.916367, "delta": 1.836247}}
{"target": -61.47771815164534, "params": {"eta": 0.07885436942057455, "max_depth": 6.714153788865804, "n_estimators": 5.74515333667956}, "datetime": {"datetime": "2021-09-29 15:29:33", "elapsed": 288.408765, "delta": 1.492398}}
{"target": -41.54065123729623, "params": {"eta": 0.373868238018943, "max_depth": 6.736193075413519, "n_estimators": 11.929861241247153}, "datetime": {"datetime": "2021-09-29 15:29:35", "elapsed": 290.33592, "delta": 1.927155}}
{"target": -41.90091707329974, "params": {"eta": 0.499630546431147, "max_depth": 8.077633555978684, "n_estimators": 69.33155827780895}, "datetime": {"datetime": "2021-09-29 15:29:37", "elapsed": 292.291351, "delta": 1.955431}}
{"target": -40.595163422160105, "params": {"eta": 0.23002005047022547, "max_depth": 10.570774309896084, "n_estimators": 56.28254751024799}, "datetime": {"datetime": "2021-09-29 15:29:38", "elapsed": 293.937014, "delta": 1.645663}}
{"target": -42.15441406438188, "params": {"eta": 0.3732501631889439, "max_depth": 27.365757388830243, "n_estimators": 99.35252909479625}, "datetime": {"datetime": "2021-09-29 15:29:40", "elapsed": 295.649597, "delta": 1.712583}}
{"target": -40.599978349855384, "params": {"eta": 0.46337649720243007, "max_depth": 23.534053313283007, "n_estimators": 60.87994447120018}, "datetime": {"datetime": "2021-09-29 15:29:42", "elapsed": 297.474837, "delta": 1.82524}}
{"target": -37.48386541511387, "params": {"eta": 0.10814104710478308, "max_depth": 21.85559166430798, "n_estimators": 29.5516500609376}, "datetime": {"datetime": "2021-09-29 15:29:44", "elapsed": 298.953236, "delta": 1.478399}}
{"target": -41.106449592009724, "params": {"eta": 0.2204007333165991, "max_depth": 23.61802026289897, "n_estimators": 90.5229332459189}, "datetime": {"datetime": "2021-09-29 15:29:45", "elapsed": 300.829344, "delta": 1.876108}}
{"target": -41.4621203319139, "params": {"eta": 0.22458372004035784, "max_depth": 16.73395262786957, "n_estimators": 4.2758952056817865}, "datetime": {"datetime": "2021-09-29 15:29:47", "elapsed": 301.967342, "delta": 1.137998}}
{"target": -39.24813906732498, "params": {"eta": 0.3259636773861342, "max_depth": 29.478528211053952, "n_estimators": 63.97431721690878}, "datetime": {"datetime": "2021-09-29 15:29:49", "elapsed": 304.144316, "delta": 2.176974}}
{"target": -40.70485221263546, "params": {"eta": 0.3034559884158708, "max_depth": 9.10169297152052, "n_estimators": 83.80193558033392}, "datetime": {"datetime": "2021-09-29 15:29:51", "elapsed": 306.226578, "delta": 2.082262}}
{"target": -35.492717485437026, "params": {"eta": 0.0385691486806496, "max_depth": 14.357284629261468, "n_estimators": 42.99627018909863}, "datetime": {"datetime": "2021-09-29 15:29:52", "elapsed": 307.585589, "delta": 1.359011}}
{"target": -36.91650960177492, "params": {"eta": 0.09310599944235963, "max_depth": 24.88072984291585, "n_estimators": 36.818250403800775}, "datetime": {"datetime": "2021-09-29 15:29:53", "elapsed": 308.836766, "delta": 1.251177}}
{"target": -41.18126311077535, "params": {"eta": 0.3493924777718513, "max_depth": 16.49576290706498, "n_estimators": 68.19587813579692}, "datetime": {"datetime": "2021-09-29 15:29:55", "elapsed": 310.269764, "delta": 1.432998}}
{"target": -42.19231367147343, "params": {"eta": 0.48563601970212467, "max_depth": 25.382689294963978, "n_estimators": 31.049618256490817}, "datetime": {"datetime": "2021-09-29 15:29:56", "elapsed": 311.826765, "delta": 1.557001}}
{"target": -39.58076314704766, "params": {"eta": 0.08159316045320947, "max_depth": 1.5858181108546356, "n_estimators": 71.51008668824076}, "datetime": {"datetime": "2021-09-29 15:29:58", "elapsed": 313.056944, "delta": 1.230179}}
{"target": -40.611089458254256, "params": {"eta": 0.19621195699973099, "max_depth": 3.286863976023166, "n_estimators": 70.21208745189796}, "datetime": {"datetime": "2021-09-29 15:29:59", "elapsed": 314.207157, "delta": 1.150213}}
{"target": -37.93096047182736, "params": {"eta": 0.36552577102232137, "max_depth": 13.936692299258988, "n_estimators": 4.68382189751693}, "datetime": {"datetime": "2021-09-29 15:30:00", "elapsed": 315.38616, "delta": 1.179003}}
{"target": -39.08852758128947, "params": {"eta": 0.4369250074678602, "max_depth": 15.129549910335633, "n_estimators": 24.567875459606515}, "datetime": {"datetime": "2021-09-29 15:30:01", "elapsed": 316.764955, "delta": 1.378795}}
{"target": -39.10045223858183, "params": {"eta": 0.4361644412267034, "max_depth": 21.733059363237317, "n_estimators": 73.4483792776731}, "datetime": {"datetime": "2021-09-29 15:30:03", "elapsed": 318.64001, "delta": 1.875055}}
{"target": -40.128875325842586, "params": {"eta": 0.44695272394953084, "max_depth": 18.861629506411777, "n_estimators": 19.972516009634422}, "datetime": {"datetime": "2021-09-29 15:30:05", "elapsed": 320.10919, "delta": 1.46918}}
{"target": -43.39385933976613, "params": {"eta": 0.2497760636407257, "max_depth": 26.170707899872387, "n_estimators": 78.5407339996827}, "datetime": {"datetime": "2021-09-29 15:30:07", "elapsed": 322.240377, "delta": 2.131187}}
{"target": -54.7873153857389, "params": {"eta": 0.0960045074505261, "max_depth": 14.6363130668159, "n_estimators": 5.085703461592824}, "datetime": {"datetime": "2021-09-29 15:30:09", "elapsed": 324.753179, "delta": 2.512802}}
{"target": -40.443118998267266, "params": {"eta": 0.3951325397025461, "max_depth": 28.434033291522624, "n_estimators": 28.811983903137016}, "datetime": {"datetime": "2021-09-29 15:30:11", "elapsed": 326.382427, "delta": 1.629248}}
{"target": -38.26706712918778, "params": {"eta": 0.09258486386474526, "max_depth": 12.992230379358984, "n_estimators": 60.32872873384644}, "datetime": {"datetime": "2021-09-29 15:30:13", "elapsed": 328.212488, "delta": 1.830061}}
{"target": -40.0763775916937, "params": {"eta": 0.4401075926251419, "max_depth": 7.766947488437562, "n_estimators": 61.72835523987327}, "datetime": {"datetime": "2021-09-29 15:30:15", "elapsed": 330.037528, "delta": 1.82504}}
{"target": -40.303122360476344, "params": {"eta": 0.19806605111348435, "max_depth": 9.002526768450121, "n_estimators": 93.75815722633284}, "datetime": {"datetime": "2021-09-29 15:30:17", "elapsed": 332.101527, "delta": 2.063999}}
{"target": -41.91740222286566, "params": {"eta": 0.1788661294606036, "max_depth": 7.160701066051269, "n_estimators": 46.92412679616764}, "datetime": {"datetime": "2021-09-29 15:30:18", "elapsed": 333.773833, "delta": 1.672306}}
{"target": -36.8375601473964, "params": {"eta": 0.38614956229474307, "max_depth": 9.25776849928258, "n_estimators": 4.079746336350571}, "datetime": {"datetime": "2021-09-29 15:30:20", "elapsed": 335.03527, "delta": 1.261437}}
{"target": -39.48272193150537, "params": {"eta": 0.21889226071751752, "max_depth": 24.039964926533422, "n_estimators": 16.727924762493437}, "datetime": {"datetime": "2021-09-29 15:30:21", "elapsed": 336.403963, "delta": 1.368693}}
{"target": -41.84560259648856, "params": {"eta": 0.19748444806547122, "max_depth": 3.249698028746933, "n_estimators": 98.9448523563611}, "datetime": {"datetime": "2021-09-29 15:30:22", "elapsed": 337.88855, "delta": 1.484587}}
