{"target": -45.15339089874038, "params": {"eta": 0.32204273119990245, "max_depth": 1.5571959311745736, "n_estimators": 131.7316152208085}, "datetime": {"datetime": "2021-09-24 16:41:11", "elapsed": 11.306408, "delta": 0.33694}}
{"target": -44.20384904675018, "params": {"eta": 0.17661183568012512, "max_depth": 1.5647835290863372, "n_estimators": 131.99511626550557}, "datetime": {"datetime": "2021-09-24 16:41:12", "elapsed": 12.038409, "delta": 0.732001}}
{"target": -51.576921957776065, "params": {"eta": 0.4212099485010663, "max_depth": 2.6740419148207626, "n_estimators": 129.6089417373981}, "datetime": {"datetime": "2021-09-24 16:41:12", "elapsed": 12.347413, "delta": 0.309004}}
{"target": -43.782270331131784, "params": {"eta": 0.07191808210776722, "max_depth": 1.8091050844082852, "n_estimators": 131.80282984804256}, "datetime": {"datetime": "2021-09-24 16:41:12", "elapsed": 12.880032, "delta": 0.532619}}
{"target": -45.473377485920615, "params": {"eta": 0.4252763115257847, "max_depth": 1.6373158815321451, "n_estimators": 109.48131145888527}, "datetime": {"datetime": "2021-09-24 16:41:13", "elapsed": 13.721035, "delta": 0.841003}}
{"target": -44.05311733618715, "params": {"eta": 0.031066078669812945, "max_depth": 2.6594518204287523, "n_estimators": 100.52915730110675}, "datetime": {"datetime": "2021-09-24 16:41:14", "elapsed": 14.122037, "delta": 0.401002}}
{"target": -43.84322417409796, "params": {"eta": 0.03791321078053287, "max_depth": 2.375581501042251, "n_estimators": 180.1353102106235}, "datetime": {"datetime": "2021-09-24 16:41:15", "elapsed": 15.140023, "delta": 1.017986}}
{"target": -45.757782728152165, "params": {"eta": 0.13875556281390544, "max_depth": 2.2047042754488477, "n_estimators": 179.72479465715634}, "datetime": {"datetime": "2021-09-24 16:41:16", "elapsed": 16.815626, "delta": 1.675603}}
{"target": -48.411893652794056, "params": {"eta": 0.30836646508168425, "max_depth": 2.2790165937723175, "n_estimators": 180.25549663348536}, "datetime": {"datetime": "2021-09-24 16:41:17", "elapsed": 17.56962, "delta": 0.753994}}
{"target": -43.83231600424401, "params": {"eta": 0.06056862132530913, "max_depth": 1.2285954716205083, "n_estimators": 136.9646078211032}, "datetime": {"datetime": "2021-09-24 16:41:17", "elapsed": 17.89762, "delta": 0.328}}
{"target": -44.603304239144, "params": {"eta": 0.3531403642147774, "max_depth": 1.2419604029224152, "n_estimators": 137.2435008455629}, "datetime": {"datetime": "2021-09-24 16:41:18", "elapsed": 18.410638, "delta": 0.513018}}
{"target": -44.345710238119715, "params": {"eta": 0.3361579969957784, "max_depth": 1.2528719501020502, "n_estimators": 137.27762275649383}, "datetime": {"datetime": "2021-09-24 16:41:18", "elapsed": 18.828622, "delta": 0.417984}}
{"target": -44.109839647336116, "params": {"eta": 0.1670846010889647, "max_depth": 1.366981056707636, "n_estimators": 137.68250973762764}, "datetime": {"datetime": "2021-09-24 16:41:19", "elapsed": 19.659136, "delta": 0.830514}}
{"target": -44.72743775790796, "params": {"eta": 0.037301041033364554, "max_depth": 1.3306962691695823, "n_estimators": 137.3188973194441}, "datetime": {"datetime": "2021-09-24 16:41:20", "elapsed": 20.17614, "delta": 0.517004}}
{"target": -43.93133636704065, "params": {"eta": 0.18434986206488832, "max_depth": 1.6269609780456993, "n_estimators": 136.9721048498227}, "datetime": {"datetime": "2021-09-24 16:41:20", "elapsed": 20.56914, "delta": 0.393}}
{"target": -43.94443982346613, "params": {"eta": 0.1211318478284421, "max_depth": 1.3093423971098588, "n_estimators": 136.5919200768738}, "datetime": {"datetime": "2021-09-24 16:41:21", "elapsed": 21.063012, "delta": 0.493872}}
{"target": -46.15130392949384, "params": {"eta": 0.4206662169001283, "max_depth": 1.777396733913518, "n_estimators": 137.35255451958454}, "datetime": {"datetime": "2021-09-24 16:41:21", "elapsed": 21.592231, "delta": 0.529219}}
{"target": -46.16976112709906, "params": {"eta": 0.433817136210826, "max_depth": 1.4324527617478786, "n_estimators": 136.7346894189502}, "datetime": {"datetime": "2021-09-24 16:41:22", "elapsed": 22.662933, "delta": 1.070702}}
{"target": -45.81127330235073, "params": {"eta": 0.37980439026207885, "max_depth": 1.9455061169455807, "n_estimators": 187.5190505780999}, "datetime": {"datetime": "2021-09-24 16:41:23", "elapsed": 23.063938, "delta": 0.401005}}
{"target": -45.02899468213992, "params": {"eta": 0.37604489011880987, "max_depth": 1.3715286901740442, "n_estimators": 138.11668375443156}, "datetime": {"datetime": "2021-09-24 16:41:23", "elapsed": 23.676511, "delta": 0.612573}}
{"target": -50.24806047023687, "params": {"eta": 0.40732616301056335, "max_depth": 3.988984263548902, "n_estimators": 188.95289973463082}, "datetime": {"datetime": "2021-09-24 16:41:24", "elapsed": 24.348156, "delta": 0.671645}}
{"target": -50.344295840514334, "params": {"eta": 0.30223546485287306, "max_depth": 2.863560552387432, "n_estimators": 198.86695740776335}, "datetime": {"datetime": "2021-09-24 16:41:25", "elapsed": 25.021405, "delta": 0.673249}}
{"target": -45.099748654473096, "params": {"eta": 0.014059257015746184, "max_depth": 2.746958555634798, "n_estimators": 180.0131211588798}, "datetime": {"datetime": "2021-09-24 16:41:26", "elapsed": 26.272465, "delta": 1.25106}}
{"target": -44.16679568756792, "params": {"eta": 0.20945952355138087, "max_depth": 1.5944339126047322, "n_estimators": 131.96843259661082}, "datetime": {"datetime": "2021-09-24 16:41:26", "elapsed": 26.800465, "delta": 0.528}}
{"target": -45.66249141836525, "params": {"eta": 0.025573004213861786, "max_depth": 1.2411481482196516, "n_estimators": 136.9885914732705}, "datetime": {"datetime": "2021-09-24 16:41:27", "elapsed": 27.280461, "delta": 0.479996}}
{"target": -45.833348912404, "params": {"eta": 0.3913343772177533, "max_depth": 1.9316065861929381, "n_estimators": 187.51275940344334}, "datetime": {"datetime": "2021-09-24 16:41:27", "elapsed": 27.899384, "delta": 0.618923}}
{"target": -45.25173072528122, "params": {"eta": 0.28260124119427366, "max_depth": 1.5003933289038938, "n_estimators": 111.69394817261002}, "datetime": {"datetime": "2021-09-24 16:41:29", "elapsed": 28.991383, "delta": 1.091999}}
{"target": -44.01189832759083, "params": {"eta": 0.21505135066667033, "max_depth": 1.0331341692163671, "n_estimators": 136.58546869846168}, "datetime": {"datetime": "2021-09-24 16:41:29", "elapsed": 29.739793, "delta": 0.74841}}
{"target": -43.86577342327376, "params": {"eta": 0.09579443961529067, "max_depth": 1.6269895777416172, "n_estimators": 170.3601987129146}, "datetime": {"datetime": "2021-09-24 16:41:30", "elapsed": 30.239632, "delta": 0.499839}}
{"target": -44.79188110236835, "params": {"eta": 0.030679918898579003, "max_depth": 3.6305617183104295, "n_estimators": 199.11700446571592}, "datetime": {"datetime": "2021-09-24 16:41:30", "elapsed": 30.850824, "delta": 0.611192}}
{"target": -44.05849603064974, "params": {"eta": 0.23040508205094018, "max_depth": 1.0090249852180992, "n_estimators": 136.8998835578218}, "datetime": {"datetime": "2021-09-24 16:41:32", "elapsed": 32.076013, "delta": 1.225189}}
{"target": -48.67597012053755, "params": {"eta": 0.06323337470502217, "max_depth": 4.261650612068481, "n_estimators": 197.46295936787624}, "datetime": {"datetime": "2021-09-24 16:41:32", "elapsed": 32.91101, "delta": 0.834997}}
{"target": -46.20635541758143, "params": {"eta": 0.43715603089570476, "max_depth": 1.7143806878119623, "n_estimators": 141.87862018952728}, "datetime": {"datetime": "2021-09-24 16:41:33", "elapsed": 33.509633, "delta": 0.598623}}
{"target": -43.961024693080354, "params": {"eta": 0.04523695570208949, "max_depth": 1.6244289764726902, "n_estimators": 167.7482821898441}, "datetime": {"datetime": "2021-09-24 16:41:34", "elapsed": 34.109594, "delta": 0.599961}}
{"target": -46.517548424857004, "params": {"eta": 0.4216834486535397, "max_depth": 1.304525053068355, "n_estimators": 170.23789434743043}, "datetime": {"datetime": "2021-09-24 16:41:35", "elapsed": 34.966621, "delta": 0.857027}}
{"target": -43.77885302206627, "params": {"eta": 0.1588016176160653, "max_depth": 1.573025002785441, "n_estimators": 131.9742402987399}, "datetime": {"datetime": "2021-09-24 16:41:35", "elapsed": 35.458359, "delta": 0.491738}}
{"target": -44.863421246521455, "params": {"eta": 0.25816427504264833, "max_depth": 1.516232255186218, "n_estimators": 170.73003039974589}, "datetime": {"datetime": "2021-09-24 16:41:36", "elapsed": 36.410315, "delta": 0.951956}}
{"target": -50.28158110424988, "params": {"eta": 0.01, "max_depth": 1.3072780635229906, "n_estimators": 167.56680829883527}, "datetime": {"datetime": "2021-09-24 16:41:37", "elapsed": 37.47663, "delta": 1.066315}}
{"target": -43.80924087180231, "params": {"eta": 0.09487643440150044, "max_depth": 1.2955559760865047, "n_estimators": 136.5922877026868}, "datetime": {"datetime": "2021-09-24 16:41:38", "elapsed": 38.216631, "delta": 0.740001}}
{"target": -44.89744760040054, "params": {"eta": 0.05226158862676538, "max_depth": 3.188823535937567, "n_estimators": 114.50314998652472}, "datetime": {"datetime": "2021-09-24 16:41:38", "elapsed": 38.859866, "delta": 0.643235}}
{"target": -44.081298828125, "params": {"eta": 0.2297282229363276, "max_depth": 1.2616285590275522, "n_estimators": 136.85733609414166}, "datetime": {"datetime": "2021-09-24 16:41:40", "elapsed": 40.124291, "delta": 1.264425}}
{"target": -44.06052823174269, "params": {"eta": 0.15611462628018258, "max_depth": 1.9402646853061962, "n_estimators": 167.80818461710496}, "datetime": {"datetime": "2021-09-24 16:41:40", "elapsed": 40.900729, "delta": 0.776438}}
{"target": -44.045287684390416, "params": {"eta": 0.11693231763838909, "max_depth": 1.8221761989526701, "n_estimators": 168.03532983889613}, "datetime": {"datetime": "2021-09-24 16:41:41", "elapsed": 41.691999, "delta": 0.79127}}
{"target": -45.087880070048165, "params": {"eta": 0.3539332182781926, "max_depth": 1.5734015213037802, "n_estimators": 167.97005687428842}, "datetime": {"datetime": "2021-09-24 16:41:42", "elapsed": 42.798365, "delta": 1.106366}}
{"target": -44.94466127668108, "params": {"eta": 0.13748074684046538, "max_depth": 2.824778386483364, "n_estimators": 100.85439843995529}, "datetime": {"datetime": "2021-09-24 16:41:44", "elapsed": 44.042372, "delta": 1.244007}}
{"target": -45.21908678327288, "params": {"eta": 0.13606490714536276, "max_depth": 2.3837037948625643, "n_estimators": 100.7540509728632}, "datetime": {"datetime": "2021-09-24 16:41:45", "elapsed": 45.254288, "delta": 1.211916}}
{"target": -48.26162435775413, "params": {"eta": 0.2578040076762521, "max_depth": 4.959795215901536, "n_estimators": 140.24479573901442}, "datetime": {"datetime": "2021-09-24 16:41:46", "elapsed": 45.977235, "delta": 0.722947}}
{"target": -50.57657147170906, "params": {"eta": 0.40365098195890925, "max_depth": 2.5949683538261947, "n_estimators": 100.49656265061611}, "datetime": {"datetime": "2021-09-24 16:41:46", "elapsed": 46.822886, "delta": 0.845651}}
{"target": -47.89633023828492, "params": {"eta": 0.23458554631387035, "max_depth": 4.877126353235676, "n_estimators": 156.90440656495994}, "datetime": {"datetime": "2021-09-24 16:41:47", "elapsed": 47.788871, "delta": 0.965985}}
{"target": -44.39251447978773, "params": {"eta": 0.17409390466322805, "max_depth": 1.094259783256608, "n_estimators": 170.7137650519569}, "datetime": {"datetime": "2021-09-24 16:41:48", "elapsed": 48.902556, "delta": 1.113685}}
{"target": -47.737778340963494, "params": {"eta": 0.07588913149854931, "max_depth": 4.754550370278794, "n_estimators": 100.94712321935096}, "datetime": {"datetime": "2021-09-24 16:41:49", "elapsed": 49.617437, "delta": 0.714881}}
{"target": -46.61697330331444, "params": {"eta": 0.47481691318070807, "max_depth": 1.262354005891428, "n_estimators": 137.77719574038252}, "datetime": {"datetime": "2021-09-24 16:41:50", "elapsed": 50.652824, "delta": 1.035387}}
{"target": -43.826516775260295, "params": {"eta": 0.09661913876333048, "max_depth": 1.8368534649264703, "n_estimators": 153.06004277440792}, "datetime": {"datetime": "2021-09-24 16:41:51", "elapsed": 51.457594, "delta": 0.80477}}
{"target": -46.00346886484247, "params": {"eta": 0.4144523528655713, "max_depth": 1.4795675439910512, "n_estimators": 155.83088563370626}, "datetime": {"datetime": "2021-09-24 16:41:52", "elapsed": 52.677759, "delta": 1.220165}}
{"target": -43.883979338452335, "params": {"eta": 0.032726590369281744, "max_depth": 2.0412663577418257, "n_estimators": 180.048809370914}, "datetime": {"datetime": "2021-09-24 16:41:53", "elapsed": 53.417759, "delta": 0.74}}
{"target": -43.76983613896191, "params": {"eta": 0.05727378558667676, "max_depth": 1.8480446751480646, "n_estimators": 153.39950780176133}, "datetime": {"datetime": "2021-09-24 16:41:54", "elapsed": 54.539908, "delta": 1.122149}}
{"target": -46.02244010007471, "params": {"eta": 0.4071353149110209, "max_depth": 1.8915378984626319, "n_estimators": 153.2030818442078}, "datetime": {"datetime": "2021-09-24 16:41:55", "elapsed": 55.313235, "delta": 0.773327}}
{"target": -51.24341882978167, "params": {"eta": 0.4172367475862031, "max_depth": 4.361320237358429, "n_estimators": 153.74889675603131}, "datetime": {"datetime": "2021-09-24 16:41:56", "elapsed": 56.223516, "delta": 0.910281}}
{"target": -43.62485280431303, "params": {"eta": 0.06964863012959804, "max_depth": 1.5262425430679811, "n_estimators": 153.17016315049156}, "datetime": {"datetime": "2021-09-24 16:41:57", "elapsed": 57.709038, "delta": 1.485522}}
{"target": -45.83117912407208, "params": {"eta": 0.3983848038875138, "max_depth": 1.563612508052525, "n_estimators": 179.22616007393907}, "datetime": {"datetime": "2021-09-24 16:41:58", "elapsed": 58.470041, "delta": 0.761003}}
{"target": -44.619466423092035, "params": {"eta": 0.2443265638957443, "max_depth": 1.5478666245368178, "n_estimators": 153.45828512379785}, "datetime": {"datetime": "2021-09-24 16:41:59", "elapsed": 59.12112, "delta": 0.651079}}
{"target": -44.03526380725373, "params": {"eta": 0.20110525879476415, "max_depth": 1.141161329879235, "n_estimators": 115.48503263479549}, "datetime": {"datetime": "2021-09-24 16:41:59", "elapsed": 59.688567, "delta": 0.567447}}
{"target": -47.59805515834263, "params": {"eta": 0.02245538607240999, "max_depth": 1.14445224752916, "n_estimators": 102.98249318758083}, "datetime": {"datetime": "2021-09-24 16:42:00", "elapsed": 60.319183, "delta": 0.630616}}
{"target": -44.20766552229573, "params": {"eta": 0.19215611603215405, "max_depth": 1.0508805847283083, "n_estimators": 137.49897161319822}, "datetime": {"datetime": "2021-09-24 16:42:01", "elapsed": 61.184777, "delta": 0.865594}}
{"target": -44.41669203105726, "params": {"eta": 0.26095170223826836, "max_depth": 1.411782037997733, "n_estimators": 115.70349188669576}, "datetime": {"datetime": "2021-09-24 16:42:02", "elapsed": 62.209361, "delta": 1.024584}}
{"target": -45.76204308531338, "params": {"eta": 0.28744611447666857, "max_depth": 1.4661253990577796, "n_estimators": 152.9203417878884}, "datetime": {"datetime": "2021-09-24 16:42:03", "elapsed": 63.148027, "delta": 0.938666}}
{"target": -44.10048979565613, "params": {"eta": 0.14764968750252314, "max_depth": 1.4664435453678362, "n_estimators": 115.32543440820774}, "datetime": {"datetime": "2021-09-24 16:42:04", "elapsed": 64.250251, "delta": 1.102224}}
{"target": -45.963711229482094, "params": {"eta": 0.44650139465498434, "max_depth": 1.4492780813475625, "n_estimators": 115.3043545800167}, "datetime": {"datetime": "2021-09-24 16:42:05", "elapsed": 65.418338, "delta": 1.168087}}
{"target": -44.038216038754115, "params": {"eta": 0.13794812535961679, "max_depth": 1.831933449801833, "n_estimators": 136.61562900011785}, "datetime": {"datetime": "2021-09-24 16:42:06", "elapsed": 66.318253, "delta": 0.899915}}
{"target": -50.056536509578386, "params": {"eta": 0.01, "max_depth": 1.8760261349011447, "n_estimators": 170.61551185437997}, "datetime": {"datetime": "2021-09-24 16:42:07", "elapsed": 67.250757, "delta": 0.932504}}
{"target": -44.78289361824667, "params": {"eta": 0.3231614802100482, "max_depth": 1.3965601545797677, "n_estimators": 114.34996532568401}, "datetime": {"datetime": "2021-09-24 16:42:08", "elapsed": 68.017809, "delta": 0.767052}}
{"target": -47.16120870489823, "params": {"eta": 0.014577407153787929, "max_depth": 1.5557612964993512, "n_estimators": 169.96198905356698}, "datetime": {"datetime": "2021-09-24 16:42:09", "elapsed": 68.987893, "delta": 0.970084}}
{"target": -43.76906057945768, "params": {"eta": 0.07192958778307545, "max_depth": 1.8989521232249293, "n_estimators": 136.98588203094786}, "datetime": {"datetime": "2021-09-24 16:42:10", "elapsed": 70.129755, "delta": 1.141862}}
{"target": -50.01213955699949, "params": {"eta": 0.3634673143266577, "max_depth": 2.002888943889632, "n_estimators": 136.7508118052557}, "datetime": {"datetime": "2021-09-24 16:42:11", "elapsed": 71.282343, "delta": 1.152588}}
{"target": -44.021233121255285, "params": {"eta": 0.17528625395766328, "max_depth": 1.5710797707222905, "n_estimators": 136.24803292010813}, "datetime": {"datetime": "2021-09-24 16:42:12", "elapsed": 72.275558, "delta": 0.993215}}
{"target": -45.81705737293215, "params": {"eta": 0.41595422279666266, "max_depth": 1.1725975260368071, "n_estimators": 136.22672258071043}, "datetime": {"datetime": "2021-09-24 16:42:13", "elapsed": 73.155721, "delta": 0.880163}}
{"target": -49.133308582736134, "params": {"eta": 0.013591615699933475, "max_depth": 1.74971319107724, "n_estimators": 137.5334272146345}, "datetime": {"datetime": "2021-09-24 16:42:14", "elapsed": 74.57772, "delta": 1.421999}}
{"target": -43.69751576014927, "params": {"eta": 0.15452710869569367, "max_depth": 1.0340226659521723, "n_estimators": 115.57551443383056}, "datetime": {"datetime": "2021-09-24 16:42:15", "elapsed": 75.132399, "delta": 0.554679}}
{"target": -43.765658902046376, "params": {"eta": 0.1871472968566886, "max_depth": 1.1339178392397922, "n_estimators": 115.88886816761547}, "datetime": {"datetime": "2021-09-24 16:42:15", "elapsed": 75.805776, "delta": 0.673377}}
{"target": -44.859319385729336, "params": {"eta": 0.03758586104069084, "max_depth": 3.693386138585616, "n_estimators": 186.79036019154518}, "datetime": {"datetime": "2021-09-24 16:42:16", "elapsed": 76.403775, "delta": 0.597999}}
{"target": -43.577513386432386, "params": {"eta": 0.12890996021689416, "max_depth": 1.2661529372944802, "n_estimators": 115.00540675033315}, "datetime": {"datetime": "2021-09-24 16:42:17", "elapsed": 77.36096, "delta": 0.957185}}
{"target": -43.90977093689424, "params": {"eta": 0.13026535366169414, "max_depth": 1.17676750657686, "n_estimators": 114.7141431571367}, "datetime": {"datetime": "2021-09-24 16:42:18", "elapsed": 78.227961, "delta": 0.867001}}
{"target": -43.98759165025295, "params": {"eta": 0.24713173380042142, "max_depth": 1.0137541447400218, "n_estimators": 114.94942342467573}, "datetime": {"datetime": "2021-09-24 16:42:19", "elapsed": 79.30773, "delta": 1.079769}}
{"target": -43.87619890485491, "params": {"eta": 0.22583752006754804, "max_depth": 1.65660270189258, "n_estimators": 114.93086201206458}, "datetime": {"datetime": "2021-09-24 16:42:19", "elapsed": 79.868441, "delta": 0.560711}}
{"target": -56.82143855274172, "params": {"eta": 0.01, "max_depth": 1.5181401145174693, "n_estimators": 114.70705390143536}, "datetime": {"datetime": "2021-09-24 16:42:20", "elapsed": 80.834833, "delta": 0.966392}}
{"target": -45.4919221347436, "params": {"eta": 0.30082569665941444, "max_depth": 1.805999528700148, "n_estimators": 115.12971104701226}, "datetime": {"datetime": "2021-09-24 16:42:21", "elapsed": 81.648692, "delta": 0.813859}}
{"target": -45.102366397255345, "params": {"eta": 0.030699811581933224, "max_depth": 1.6850588852050787, "n_estimators": 136.73261066926923}, "datetime": {"datetime": "2021-09-24 16:42:22", "elapsed": 82.789935, "delta": 1.141243}}
{"target": -44.78521708438271, "params": {"eta": 0.3849946746741815, "max_depth": 1.0769037056768118, "n_estimators": 114.63594187690813}, "datetime": {"datetime": "2021-09-24 16:42:24", "elapsed": 84.274693, "delta": 1.484758}}
{"target": -43.68777913258488, "params": {"eta": 0.09630452164936171, "max_depth": 1.7826108517366386, "n_estimators": 113.83054057778634}, "datetime": {"datetime": "2021-09-24 16:42:24", "elapsed": 84.81137, "delta": 0.536677}}
{"target": -46.124431954290635, "params": {"eta": 0.45306004163797925, "max_depth": 1.2148191728720428, "n_estimators": 113.38806396644343}, "datetime": {"datetime": "2021-09-24 16:42:25", "elapsed": 85.404108, "delta": 0.592738}}
{"target": -44.27529697848442, "params": {"eta": 0.34024102257608063, "max_depth": 1.6796300858188, "n_estimators": 113.9950948830072}, "datetime": {"datetime": "2021-09-24 16:42:26", "elapsed": 86.453561, "delta": 1.049453}}
{"target": -53.33742012654928, "params": {"eta": 0.01, "max_depth": 1.8339367740006733, "n_estimators": 136.33762015901348}, "datetime": {"datetime": "2021-09-24 16:42:27", "elapsed": 87.273618, "delta": 0.820057}}
{"target": -44.420477329340194, "params": {"eta": 0.3751877352218054, "max_depth": 1.3775875331987901, "n_estimators": 114.95973145391542}, "datetime": {"datetime": "2021-09-24 16:42:28", "elapsed": 88.317917, "delta": 1.044299}}
{"target": -43.66263459858141, "params": {"eta": 0.10370078617894825, "max_depth": 1.4903186646863869, "n_estimators": 113.89189030713528}, "datetime": {"datetime": "2021-09-24 16:42:29", "elapsed": 89.92887, "delta": 1.610953}}
{"target": -48.693257611497, "params": {"eta": 0.28782037953697187, "max_depth": 2.2029361766083406, "n_estimators": 144.18918433463966}, "datetime": {"datetime": "2021-09-24 16:42:30", "elapsed": 90.471076, "delta": 0.542206}}
{"target": -43.77368221426369, "params": {"eta": 0.08147219742027047, "max_depth": 1.0684125666456668, "n_estimators": 115.13528379844844}, "datetime": {"datetime": "2021-09-24 16:42:31", "elapsed": 91.536442, "delta": 1.065366}}
