{"target": -43.111547656525346, "params": {"eta": 0.05198632107985093, "max_depth": 1.294435203156251, "n_estimators": 234.40626549186877}, "datetime": {"datetime": "2021-09-24 16:39:39", "elapsed": 212.54103, "delta": 1.394354}}
{"target": -46.82836000542892, "params": {"eta": 0.38170695830532925, "max_depth": 1.5762970958651286, "n_estimators": 234.44950485640405}, "datetime": {"datetime": "2021-09-24 16:39:41", "elapsed": 213.70125, "delta": 1.16022}}
{"target": -42.86093262980755, "params": {"eta": 0.10228106618257746, "max_depth": 1.3827215265560187, "n_estimators": 163.87541026523235}, "datetime": {"datetime": "2021-09-24 16:39:42", "elapsed": 215.207909, "delta": 1.506659}}
{"target": -43.39144943352032, "params": {"eta": 0.05, "max_depth": 1.8463998136980102, "n_estimators": 179.77492965753135}, "datetime": {"datetime": "2021-09-24 16:39:44", "elapsed": 216.851832, "delta": 1.643923}}
{"target": -43.468671813047024, "params": {"eta": 0.05, "max_depth": 1.9350753383069952, "n_estimators": 173.46001452854617}, "datetime": {"datetime": "2021-09-24 16:39:45", "elapsed": 218.316505, "delta": 1.464673}}
{"target": -43.121329171316965, "params": {"eta": 0.05, "max_depth": 1.0073886548000512, "n_estimators": 234.71248433066893}, "datetime": {"datetime": "2021-09-24 16:39:47", "elapsed": 219.952733, "delta": 1.636228}}
{"target": -42.900430349479045, "params": {"eta": 0.08871301669849346, "max_depth": 1.002930430799891, "n_estimators": 163.92645602437142}, "datetime": {"datetime": "2021-09-24 16:39:49", "elapsed": 221.660779, "delta": 1.708046}}
{"target": -44.63097241050318, "params": {"eta": 0.05603673281938365, "max_depth": 2.094961390796379, "n_estimators": 234.36527324661017}, "datetime": {"datetime": "2021-09-24 16:39:50", "elapsed": 223.509789, "delta": 1.84901}}
{"target": -46.78340781003909, "params": {"eta": 0.48999639863956373, "max_depth": 1.3161715374309002, "n_estimators": 163.92897513416824}, "datetime": {"datetime": "2021-09-24 16:39:52", "elapsed": 225.004983, "delta": 1.495194}}
{"target": -42.86334678821994, "params": {"eta": 0.1260185984214457, "max_depth": 1.0081921159031104, "n_estimators": 159.1744046646623}, "datetime": {"datetime": "2021-09-24 16:39:53", "elapsed": 226.412813, "delta": 1.40783}}
{"target": -46.356412199206815, "params": {"eta": 0.46125106645951486, "max_depth": 1.049799062666376, "n_estimators": 158.8771196033879}, "datetime": {"datetime": "2021-09-24 16:39:55", "elapsed": 228.171678, "delta": 1.758865}}
{"target": -43.272168725953065, "params": {"eta": 0.11074621781774638, "max_depth": 1.1125515935099148, "n_estimators": 280.5860370542031}, "datetime": {"datetime": "2021-09-24 16:39:56", "elapsed": 229.099127, "delta": 0.927449}}
{"target": -44.47978961915898, "params": {"eta": 0.08154246939721646, "max_depth": 2.949692019495224, "n_estimators": 180.91737500127107}, "datetime": {"datetime": "2021-09-24 16:39:57", "elapsed": 229.9933, "delta": 0.894173}}
{"target": -43.48183816895449, "params": {"eta": 0.16698325259856386, "max_depth": 1.4317309018366031, "n_estimators": 222.95346474306012}, "datetime": {"datetime": "2021-09-24 16:39:58", "elapsed": 230.9201, "delta": 0.9268}}
{"target": -48.21271777332277, "params": {"eta": 0.4786226008112849, "max_depth": 1.421654979881955, "n_estimators": 280.70317428039164}, "datetime": {"datetime": "2021-09-24 16:40:00", "elapsed": 233.012618, "delta": 2.092518}}
{"target": -44.54631997588882, "params": {"eta": 0.08201525788214475, "max_depth": 2.400041248461463, "n_estimators": 173.8011863718067}, "datetime": {"datetime": "2021-09-24 16:40:01", "elapsed": 234.559443, "delta": 1.546825}}
{"target": -43.37210633700952, "params": {"eta": 0.07291363377927429, "max_depth": 1.6040301996892807, "n_estimators": 120.16899888582142}, "datetime": {"datetime": "2021-09-24 16:40:02", "elapsed": 235.372324, "delta": 0.812881}}
{"target": -43.15738850070122, "params": {"eta": 0.1310979611848056, "max_depth": 1.1454096580869233, "n_estimators": 222.5603472966614}, "datetime": {"datetime": "2021-09-24 16:40:04", "elapsed": 236.955969, "delta": 1.583645}}
{"target": -47.65775025876841, "params": {"eta": 0.5, "max_depth": 1.0804012023950316, "n_estimators": 222.81056100513047}, "datetime": {"datetime": "2021-09-24 16:40:06", "elapsed": 239.053479, "delta": 2.09751}}
{"target": -43.22894476410141, "params": {"eta": 0.05, "max_depth": 1.5401953458751965, "n_estimators": 222.50734195340428}, "datetime": {"datetime": "2021-09-24 16:40:08", "elapsed": 240.813316, "delta": 1.759837}}
{"target": -43.351747641886085, "params": {"eta": 0.1482239181574801, "max_depth": 1.8939347736862235, "n_estimators": 222.97482765269115}, "datetime": {"datetime": "2021-09-24 16:40:09", "elapsed": 242.568042, "delta": 1.754726}}
{"target": -42.910717727546405, "params": {"eta": 0.10715581425612776, "max_depth": 1.159655943762964, "n_estimators": 222.12464558183626}, "datetime": {"datetime": "2021-09-24 16:40:11", "elapsed": 244.145809, "delta": 1.577767}}
{"target": -43.74194942560411, "params": {"eta": 0.19373242558968917, "max_depth": 1.382117114767882, "n_estimators": 221.7335702640276}, "datetime": {"datetime": "2021-09-24 16:40:13", "elapsed": 246.270883, "delta": 2.125074}}
{"target": -42.84289054583786, "params": {"eta": 0.08140877571238975, "max_depth": 1.018456379756032, "n_estimators": 280.25119264699634}, "datetime": {"datetime": "2021-09-24 16:40:15", "elapsed": 248.10929, "delta": 1.838407}}
{"target": -45.126377127224345, "params": {"eta": 0.35175884589589795, "max_depth": 1.9574650434317198, "n_estimators": 222.52012728885128}, "datetime": {"datetime": "2021-09-24 16:40:17", "elapsed": 249.753123, "delta": 1.643833}}
{"target": -42.807497813289324, "params": {"eta": 0.07573748503069146, "max_depth": 1.2423679260537934, "n_estimators": 279.79045827881157}, "datetime": {"datetime": "2021-09-24 16:40:18", "elapsed": 251.275285, "delta": 1.522162}}
{"target": -45.179107651674656, "params": {"eta": 0.26930911103537003, "max_depth": 1.0246809154989776, "n_estimators": 279.64302626660515}, "datetime": {"datetime": "2021-09-24 16:40:20", "elapsed": 253.632975, "delta": 2.35769}}
{"target": -46.15249522646567, "params": {"eta": 0.30159535049728725, "max_depth": 1.6119242107887581, "n_estimators": 279.937737175718}, "datetime": {"datetime": "2021-09-24 16:40:23", "elapsed": 255.947122, "delta": 2.314147}}
{"target": -48.75798951055771, "params": {"eta": 0.1426451381599521, "max_depth": 2.244442209695066, "n_estimators": 260.7491161471732}, "datetime": {"datetime": "2021-09-24 16:40:24", "elapsed": 257.259777, "delta": 1.312655}}
{"target": -42.85536842059372, "params": {"eta": 0.07763927134577442, "max_depth": 1.7573313213945156, "n_estimators": 223.38146078822058}, "datetime": {"datetime": "2021-09-24 16:40:26", "elapsed": 259.625841, "delta": 2.366064}}
{"target": -46.9066787088724, "params": {"eta": 0.12757494798826466, "max_depth": 2.2277869146522464, "n_estimators": 223.306367503453}, "datetime": {"datetime": "2021-09-24 16:40:29", "elapsed": 261.788482, "delta": 2.162641}}
{"target": -44.25972207148272, "params": {"eta": 0.24289062317715593, "max_depth": 1.4238951938163538, "n_estimators": 223.62354295125152}, "datetime": {"datetime": "2021-09-24 16:40:31", "elapsed": 264.023863, "delta": 2.235381}}
{"target": -42.839208043607556, "params": {"eta": 0.09712410498892332, "max_depth": 1.3527349231747456, "n_estimators": 166.19432749722367}, "datetime": {"datetime": "2021-09-24 16:40:33", "elapsed": 266.273272, "delta": 2.249409}}
{"target": -42.84627160093838, "params": {"eta": 0.10130586452656237, "max_depth": 1.0259894057590084, "n_estimators": 233.9532201952049}, "datetime": {"datetime": "2021-09-24 16:40:35", "elapsed": 268.449978, "delta": 2.176706}}
{"target": -46.7827071569916, "params": {"eta": 0.10268303582832128, "max_depth": 2.552212547196538, "n_estimators": 253.62830673364041}, "datetime": {"datetime": "2021-09-24 16:40:37", "elapsed": 269.862176, "delta": 1.412198}}
{"target": -43.53824221101919, "params": {"eta": 0.15817365778205522, "max_depth": 1.1623838067882204, "n_estimators": 233.61258275559422}, "datetime": {"datetime": "2021-09-24 16:40:39", "elapsed": 271.728525, "delta": 1.866349}}
{"target": -47.73385528693522, "params": {"eta": 0.49724146898731464, "max_depth": 1.0364713754350758, "n_estimators": 233.8178609443482}, "datetime": {"datetime": "2021-09-24 16:40:41", "elapsed": 274.348225, "delta": 2.6197}}
{"target": -47.414464979243455, "params": {"eta": 0.4380280087601974, "max_depth": 1.695603989152161, "n_estimators": 223.230429096305}, "datetime": {"datetime": "2021-09-24 16:40:43", "elapsed": 276.13196, "delta": 1.783735}}
{"target": -43.46721474210123, "params": {"eta": 0.15414416842166204, "max_depth": 1.6343076345999594, "n_estimators": 236.94028733575246}, "datetime": {"datetime": "2021-09-24 16:40:44", "elapsed": 277.178523, "delta": 1.046563}}
{"target": -43.11866433279855, "params": {"eta": 0.1108846598954682, "max_depth": 1.2881030945761966, "n_estimators": 236.5382793018232}, "datetime": {"datetime": "2021-09-24 16:40:46", "elapsed": 278.914481, "delta": 1.735958}}
{"target": -43.909344049324666, "params": {"eta": 0.18623177295738086, "max_depth": 1.2110964288857393, "n_estimators": 236.9460634749207}, "datetime": {"datetime": "2021-09-24 16:40:48", "elapsed": 280.830583, "delta": 1.916102}}
{"target": -42.63083866664341, "params": {"eta": 0.08376521754309463, "max_depth": 1.5771029824102545, "n_estimators": 236.41677560569437}, "datetime": {"datetime": "2021-09-24 16:40:50", "elapsed": 283.163497, "delta": 2.332914}}
{"target": -42.9261031760309, "params": {"eta": 0.11560781249472481, "max_depth": 1.089872817390285, "n_estimators": 121.63338156470782}, "datetime": {"datetime": "2021-09-24 16:40:53", "elapsed": 285.876133, "delta": 2.712636}}
{"target": -43.43273604543585, "params": {"eta": 0.053110227668805854, "max_depth": 1.348461874706205, "n_estimators": 172.56050781597924}, "datetime": {"datetime": "2021-09-24 16:40:55", "elapsed": 288.188378, "delta": 2.312245}}
{"target": -47.0110679569101, "params": {"eta": 0.10999408386003706, "max_depth": 2.6249107627903543, "n_estimators": 260.8445190408466}, "datetime": {"datetime": "2021-09-24 16:40:56", "elapsed": 289.490012, "delta": 1.301634}}
{"target": -47.58919691143179, "params": {"eta": 0.13838435169401908, "max_depth": 2.020533116302449, "n_estimators": 236.4564816615072}, "datetime": {"datetime": "2021-09-24 16:40:59", "elapsed": 292.109133, "delta": 2.619121}}
{"target": -45.77427611673685, "params": {"eta": 0.14175472986058021, "max_depth": 2.8080046274768473, "n_estimators": 129.47243384895043}, "datetime": {"datetime": "2021-09-24 16:41:00", "elapsed": 293.604057, "delta": 1.494924}}
{"target": -46.90065372438359, "params": {"eta": 0.21797943231827382, "max_depth": 2.35207309215264, "n_estimators": 114.04747365248889}, "datetime": {"datetime": "2021-09-24 16:41:03", "elapsed": 296.370181, "delta": 2.766124}}
{"target": -43.93413073317449, "params": {"eta": 0.27634328530148017, "max_depth": 1.465182175282192, "n_estimators": 180.0761062341869}, "datetime": {"datetime": "2021-09-24 16:41:06", "elapsed": 299.596792, "delta": 3.226611}}
{"target": -45.02224545729788, "params": {"eta": 0.2952695195483148, "max_depth": 1.173043420566687, "n_estimators": 190.7771971681339}, "datetime": {"datetime": "2021-09-24 16:41:08", "elapsed": 300.963411, "delta": 1.366619}}
{"target": -47.9222563101833, "params": {"eta": 0.49435011608604, "max_depth": 1.178868580043717, "n_estimators": 222.09409403191034}, "datetime": {"datetime": "2021-09-24 16:41:11", "elapsed": 303.951659, "delta": 2.988248}}
{"target": -44.164362355282435, "params": {"eta": 0.3513445860055101, "max_depth": 1.1073717386759376, "n_estimators": 121.89272211809559}, "datetime": {"datetime": "2021-09-24 16:41:14", "elapsed": 307.055077, "delta": 3.103418}}
{"target": -47.54255280996624, "params": {"eta": 0.43666132513111705, "max_depth": 1.4562269567805013, "n_estimators": 236.49778048631347}, "datetime": {"datetime": "2021-09-24 16:41:17", "elapsed": 310.551752, "delta": 3.496675}}
{"target": -42.83968037770207, "params": {"eta": 0.059701868254477174, "max_depth": 1.390180954439067, "n_estimators": 236.27154076489987}, "datetime": {"datetime": "2021-09-24 16:41:20", "elapsed": 313.383135, "delta": 2.831383}}
{"target": -46.73810420090094, "params": {"eta": 0.5, "max_depth": 1.0, "n_estimators": 130.5581959784146}, "datetime": {"datetime": "2021-09-24 16:41:23", "elapsed": 316.10464, "delta": 2.721505}}
{"target": -44.71331154672723, "params": {"eta": 0.4091160332917323, "max_depth": 1.7422738563576823, "n_estimators": 120.43484658934726}, "datetime": {"datetime": "2021-09-24 16:41:26", "elapsed": 319.518596, "delta": 3.413956}}
{"target": -47.45107630679482, "params": {"eta": 0.49911839659321733, "max_depth": 1.608396814624161, "n_estimators": 200.34341268491258}, "datetime": {"datetime": "2021-09-24 16:41:30", "elapsed": 322.711924, "delta": 3.193328}}
{"target": -42.889135547150346, "params": {"eta": 0.10192097880756856, "max_depth": 1.4076688219819722, "n_estimators": 233.86916708076092}, "datetime": {"datetime": "2021-09-24 16:41:33", "elapsed": 326.240727, "delta": 3.528803}}
{"target": -43.65031522019465, "params": {"eta": 0.1884881523259892, "max_depth": 1.5683791511586251, "n_estimators": 233.49293386198664}, "datetime": {"datetime": "2021-09-24 16:41:37", "elapsed": 330.155756, "delta": 3.915029}}
{"target": -43.046109536536655, "params": {"eta": 0.2731725160146143, "max_depth": 1.9082224969428392, "n_estimators": 115.10771060561764}, "datetime": {"datetime": "2021-09-24 16:41:41", "elapsed": 333.866861, "delta": 3.711105}}
{"target": -44.874170317685696, "params": {"eta": 0.1278140806292616, "max_depth": 2.2618778541982882, "n_estimators": 115.32840515986706}, "datetime": {"datetime": "2021-09-24 16:41:45", "elapsed": 337.668464, "delta": 3.801603}}
{"target": -45.95769076956842, "params": {"eta": 0.489872345792565, "max_depth": 1.7628459373222496, "n_estimators": 115.40688394387608}, "datetime": {"datetime": "2021-09-24 16:41:48", "elapsed": 341.036999, "delta": 3.368535}}
{"target": -49.5172094478643, "params": {"eta": 0.4952205577735399, "max_depth": 2.868227239492418, "n_estimators": 111.0424565119744}, "datetime": {"datetime": "2021-09-24 16:41:50", "elapsed": 343.042569, "delta": 2.00557}}
{"target": -43.22894476410141, "params": {"eta": 0.05, "max_depth": 1.529595112344072, "n_estimators": 222.08311709204938}, "datetime": {"datetime": "2021-09-24 16:41:54", "elapsed": 346.749036, "delta": 3.706467}}
{"target": -43.969402757802406, "params": {"eta": 0.35863158103675086, "max_depth": 1.776207503500555, "n_estimators": 114.85279499263052}, "datetime": {"datetime": "2021-09-24 16:41:58", "elapsed": 350.721167, "delta": 3.972131}}
{"target": -42.92636509945518, "params": {"eta": 0.22962778396714223, "max_depth": 1.364112651107525, "n_estimators": 106.35412688841255}, "datetime": {"datetime": "2021-09-24 16:41:59", "elapsed": 352.137751, "delta": 1.416584}}
{"target": -43.826745886551706, "params": {"eta": 0.36427833463444503, "max_depth": 1.6565548292292707, "n_estimators": 106.10214337149877}, "datetime": {"datetime": "2021-09-24 16:42:03", "elapsed": 355.699156, "delta": 3.561405}}
{"target": -45.8044183774102, "params": {"eta": 0.4475864642425397, "max_depth": 1.5076185663623163, "n_estimators": 106.75273026760192}, "datetime": {"datetime": "2021-09-24 16:42:06", "elapsed": 358.798381, "delta": 3.099225}}
{"target": -46.07637748682409, "params": {"eta": 0.42123480511848665, "max_depth": 1.0151916559869143, "n_estimators": 161.5787189293315}, "datetime": {"datetime": "2021-09-24 16:42:08", "elapsed": 361.463928, "delta": 2.665547}}
{"target": -45.5103446630607, "params": {"eta": 0.4891452991657667, "max_depth": 1.2861826676798156, "n_estimators": 106.0861558023284}, "datetime": {"datetime": "2021-09-24 16:42:11", "elapsed": 364.29747, "delta": 2.833542}}
{"target": -42.93640455088221, "params": {"eta": 0.11240492494665627, "max_depth": 1.8250233085540413, "n_estimators": 221.5712524274528}, "datetime": {"datetime": "2021-09-24 16:42:15", "elapsed": 368.303951, "delta": 4.006481}}
{"target": -43.052816032467035, "params": {"eta": 0.23595416841499034, "max_depth": 1.6324330211088518, "n_estimators": 129.92715399972644}, "datetime": {"datetime": "2021-09-24 16:42:17", "elapsed": 369.837087, "delta": 1.533136}}
{"target": -44.352913247015245, "params": {"eta": 0.05, "max_depth": 1.6692318295503306, "n_estimators": 106.3393690674783}, "datetime": {"datetime": "2021-09-24 16:42:20", "elapsed": 373.169393, "delta": 3.332306}}
{"target": -45.73063761488836, "params": {"eta": 0.3055138207713664, "max_depth": 1.8515694641132063, "n_estimators": 221.14718820438105}, "datetime": {"datetime": "2021-09-24 16:42:23", "elapsed": 376.632819, "delta": 3.463426}}
{"target": -48.959414589673955, "params": {"eta": 0.3348057155546611, "max_depth": 2.671023898554612, "n_estimators": 157.57067929644052}, "datetime": {"datetime": "2021-09-24 16:42:25", "elapsed": 378.461924, "delta": 1.829105}}
{"target": -45.78178401459429, "params": {"eta": 0.3061717033276316, "max_depth": 1.91452536083132, "n_estimators": 243.6122395320314}, "datetime": {"datetime": "2021-09-24 16:42:27", "elapsed": 380.199746, "delta": 1.737822}}
{"target": -42.92651871989544, "params": {"eta": 0.23535088571260787, "max_depth": 1.502184170967903, "n_estimators": 129.51973923124035}, "datetime": {"datetime": "2021-09-24 16:42:30", "elapsed": 383.208204, "delta": 3.008458}}
{"target": -43.79123859835747, "params": {"eta": 0.054584636297149824, "max_depth": 1.257277196009278, "n_estimators": 129.83616092317962}, "datetime": {"datetime": "2021-09-24 16:42:34", "elapsed": 386.794567, "delta": 3.586363}}
{"target": -45.87829354651888, "params": {"eta": 0.45949131518683556, "max_depth": 1.900682139246389, "n_estimators": 129.6583593282588}, "datetime": {"datetime": "2021-09-24 16:42:36", "elapsed": 389.6139, "delta": 2.819333}}
{"target": -46.311761450946776, "params": {"eta": 0.4889833680749653, "max_depth": 1.5557661633183597, "n_estimators": 118.992000185575}, "datetime": {"datetime": "2021-09-24 16:42:38", "elapsed": 390.977167, "delta": 1.363267}}
{"target": -43.59349731215857, "params": {"eta": 0.2893415769022039, "max_depth": 1.6707611169629581, "n_estimators": 100.97686747996637}, "datetime": {"datetime": "2021-09-24 16:42:39", "elapsed": 392.647436, "delta": 1.670269}}
{"target": -45.570229996415904, "params": {"eta": 0.4229775500737592, "max_depth": 1.154357000443841, "n_estimators": 129.29734090201958}, "datetime": {"datetime": "2021-09-24 16:42:43", "elapsed": 396.083227, "delta": 3.435791}}
{"target": -44.174243095225854, "params": {"eta": 0.05350993972415275, "max_depth": 1.083611624721585, "n_estimators": 106.50663127993339}, "datetime": {"datetime": "2021-09-24 16:42:47", "elapsed": 400.228157, "delta": 4.14493}}
{"target": -45.191694962350944, "params": {"eta": 0.09306139821455381, "max_depth": 2.247554524566514, "n_estimators": 221.6051595902296}, "datetime": {"datetime": "2021-09-24 16:42:51", "elapsed": 404.205155, "delta": 3.976998}}
{"target": -49.25987636594844, "params": {"eta": 0.2931339202887078, "max_depth": 2.925257402052307, "n_estimators": 117.47088245920374}, "datetime": {"datetime": "2021-09-24 16:42:54", "elapsed": 407.198641, "delta": 2.993486}}
{"target": -43.5071003849345, "params": {"eta": 0.05, "max_depth": 1.2597145309814328, "n_estimators": 164.2291570258899}, "datetime": {"datetime": "2021-09-24 16:42:57", "elapsed": 410.365158, "delta": 3.166517}}
{"target": -43.61548668997629, "params": {"eta": 0.06785649494245995, "max_depth": 2.2106522500560226, "n_estimators": 117.03508911814144}, "datetime": {"datetime": "2021-09-24 16:43:01", "elapsed": 413.715608, "delta": 3.35045}}
{"target": -43.50153333620918, "params": {"eta": 0.06268624940082582, "max_depth": 1.6926233325008215, "n_estimators": 130.4728636238161}, "datetime": {"datetime": "2021-09-24 16:43:04", "elapsed": 416.992221, "delta": 3.276613}}
{"target": -44.94340297154018, "params": {"eta": 0.13312604175113057, "max_depth": 2.0864796601619737, "n_estimators": 117.5342277506423}, "datetime": {"datetime": "2021-09-24 16:43:07", "elapsed": 419.93418, "delta": 2.941959}}
{"target": -43.55194995277807, "params": {"eta": 0.05, "max_depth": 2.0257738351759014, "n_estimators": 161.56759281538018}, "datetime": {"datetime": "2021-09-24 16:43:10", "elapsed": 422.935546, "delta": 3.001366}}
{"target": -44.35410115234834, "params": {"eta": 0.35277359572501915, "max_depth": 1.5035372589726972, "n_estimators": 150.43013317603487}, "datetime": {"datetime": "2021-09-24 16:43:11", "elapsed": 424.368015, "delta": 1.432469}}
{"target": -42.86406874118891, "params": {"eta": 0.09985048839114777, "max_depth": 1.0148072993721415, "n_estimators": 234.31267852970757}, "datetime": {"datetime": "2021-09-24 16:43:15", "elapsed": 427.810679, "delta": 3.442664}}
{"target": -44.116719611605305, "params": {"eta": 0.08404361093507504, "max_depth": 2.4400672967595165, "n_estimators": 161.75376029923808}, "datetime": {"datetime": "2021-09-24 16:43:19", "elapsed": 432.129005, "delta": 4.318326}}
{"target": -49.46270471833702, "params": {"eta": 0.21112626887119096, "max_depth": 2.647509598683225, "n_estimators": 260.82284393401}, "datetime": {"datetime": "2021-09-24 16:43:21", "elapsed": 434.176807, "delta": 2.047802}}
{"target": -43.52532936038828, "params": {"eta": 0.05, "max_depth": 1.6370484355919521, "n_estimators": 162.66071557557075}, "datetime": {"datetime": "2021-09-24 16:43:25", "elapsed": 438.500454, "delta": 4.323647}}
{"target": -43.07914125829711, "params": {"eta": 0.20170424594579195, "max_depth": 1.0069944951290026, "n_estimators": 159.47380352661366}, "datetime": {"datetime": "2021-09-24 16:43:29", "elapsed": 441.845697, "delta": 3.345243}}
