{"target": -59.38662443125158, "params": {"eta": 1.0, "max_depth": 9.283645939687029, "n_estimators": 40.9127787697877}, "datetime": {"datetime": "2021-09-24 15:20:25", "elapsed": 558.758566, "delta": 4.012424}}
{"target": -49.74879917345549, "params": {"eta": 0.6443827425952722, "max_depth": 9.6553257172657, "n_estimators": 68.80653402535117}, "datetime": {"datetime": "2021-09-24 15:20:27", "elapsed": 561.52091, "delta": 2.762344}}
{"target": -75.70783603998055, "params": {"eta": 0.5323383007228927, "max_depth": 9.049133403555498, "n_estimators": 1.4835494025833533}, "datetime": {"datetime": "2021-09-24 15:20:29", "elapsed": 562.785538, "delta": 1.264628}}
{"target": -43.51816914493876, "params": {"eta": 0.05886357868658468, "max_depth": 2.027976141131771, "n_estimators": 69.78416339139747}, "datetime": {"datetime": "2021-09-24 15:20:31", "elapsed": 565.139496, "delta": 2.353958}}
{"target": -45.7592513579175, "params": {"eta": 0.046637006342340366, "max_depth": 1.095323326608387, "n_estimators": 70.11718334449685}, "datetime": {"datetime": "2021-09-24 15:20:34", "elapsed": 568.511131, "delta": 3.371635}}
{"target": -45.88398303842186, "params": {"eta": 0.18503389743447984, "max_depth": 5.818232982888965, "n_estimators": 64.19287851859488}, "datetime": {"datetime": "2021-09-24 15:20:37", "elapsed": 571.534389, "delta": 3.023258}}
{"target": -70.64026758724586, "params": {"eta": 0.01992477482579063, "max_depth": 9.445571417665331, "n_estimators": 42.26668805776164}, "datetime": {"datetime": "2021-09-24 15:20:40", "elapsed": 573.823799, "delta": 2.28941}}
{"target": -47.90155677508591, "params": {"eta": 0.5071389555711144, "max_depth": 15.249583932253476, "n_estimators": 8.918217659661181}, "datetime": {"datetime": "2021-09-24 15:20:42", "elapsed": 576.236999, "delta": 2.4132}}
{"target": -53.29237602348614, "params": {"eta": 1.0, "max_depth": 3.9187659041414262, "n_estimators": 22.600124665305525}, "datetime": {"datetime": "2021-09-24 15:20:45", "elapsed": 579.403412, "delta": 3.166413}}
{"target": -57.424323605415516, "params": {"eta": 0.9883171521954263, "max_depth": 18.054083152181008, "n_estimators": 42.80938814628496}, "datetime": {"datetime": "2021-09-24 15:20:46", "elapsed": 580.679434, "delta": 1.276022}}
{"target": -52.58116276102855, "params": {"eta": 0.019304894912485045, "max_depth": 18.332867489199945, "n_estimators": 87.01419991560964}, "datetime": {"datetime": "2021-09-24 15:20:48", "elapsed": 582.620672, "delta": 1.941238}}
{"target": -48.79544101801134, "params": {"eta": 0.36833797013833103, "max_depth": 10.232910565422003, "n_estimators": 87.98345678176315}, "datetime": {"datetime": "2021-09-24 15:20:51", "elapsed": 585.458728, "delta": 2.838056}}
{"target": -51.34561726562959, "params": {"eta": 0.6731573825095425, "max_depth": 7.042447107672366, "n_estimators": 25.962915922137256}, "datetime": {"datetime": "2021-09-24 15:20:53", "elapsed": 587.53866, "delta": 2.079932}}
{"target": -50.28516442435129, "params": {"eta": 0.7069959049065251, "max_depth": 20.087178147147245, "n_estimators": 89.829827278173}, "datetime": {"datetime": "2021-09-24 15:20:55", "elapsed": 589.114168, "delta": 1.575508}}
{"target": -48.18542808876898, "params": {"eta": 0.984301742409654, "max_depth": 1.1697806643870692, "n_estimators": 70.37137011630573}, "datetime": {"datetime": "2021-09-24 15:20:57", "elapsed": 591.414404, "delta": 2.300236}}
{"target": -47.17937455141455, "params": {"eta": 0.35870031689404386, "max_depth": 20.770115184198698, "n_estimators": 80.60730774733494}, "datetime": {"datetime": "2021-09-24 15:20:59", "elapsed": 593.306588, "delta": 1.892184}}
{"target": -52.46021249240503, "params": {"eta": 0.7128578596627031, "max_depth": 4.087630811200523, "n_estimators": 21.09314017688755}, "datetime": {"datetime": "2021-09-24 15:21:01", "elapsed": 595.090566, "delta": 1.783978}}
{"target": -51.27736032815804, "params": {"eta": 0.6251364673289099, "max_depth": 14.090844951785293, "n_estimators": 56.35624215355142}, "datetime": {"datetime": "2021-09-24 15:21:03", "elapsed": 596.822267, "delta": 1.731701}}
{"target": -58.90333013606251, "params": {"eta": 1.0, "max_depth": 15.860502364413604, "n_estimators": 9.607360665066093}, "datetime": {"datetime": "2021-09-24 15:21:06", "elapsed": 599.724319, "delta": 2.902052}}
{"target": -58.79621502152063, "params": {"eta": 0.9896229647319349, "max_depth": 9.469797444439822, "n_estimators": 91.13726527250462}, "datetime": {"datetime": "2021-09-24 15:21:08", "elapsed": 601.777619, "delta": 2.0533}}
{"target": -53.65484475372429, "params": {"eta": 0.5980791837798899, "max_depth": 11.07350217830604, "n_estimators": 57.58601446821136}, "datetime": {"datetime": "2021-09-24 15:21:13", "elapsed": 607.04893, "delta": 5.271311}}
{"target": -43.17857194484625, "params": {"eta": 0.3325701519228318, "max_depth": 1.1563634199363992, "n_estimators": 37.743022876984206}, "datetime": {"datetime": "2021-09-24 15:21:16", "elapsed": 609.937571, "delta": 2.888641}}
{"target": -139.37626798529374, "params": {"eta": 0.001, "max_depth": 14.31612908510076, "n_estimators": 52.75656061621727}, "datetime": {"datetime": "2021-09-24 15:21:20", "elapsed": 613.876858, "delta": 3.939287}}
{"target": -54.802472207779275, "params": {"eta": 0.7415855367872549, "max_depth": 22.819937149376752, "n_estimators": 99.35252909479625}, "datetime": {"datetime": "2021-09-24 15:21:21", "elapsed": 615.592206, "delta": 1.715348}}
{"target": -50.117814142901196, "params": {"eta": 0.9253328993984238, "max_depth": 19.648871707544558, "n_estimators": 60.87994447120018}, "datetime": {"datetime": "2021-09-24 15:21:23", "elapsed": 617.191079, "delta": 1.598873}}
{"target": -48.58709900361255, "params": {"eta": 0.20108756338301695, "max_depth": 18.25979999804798, "n_estimators": 29.5516500609376}, "datetime": {"datetime": "2021-09-24 15:21:25", "elapsed": 619.021857, "delta": 1.830778}}
{"target": -50.90190173271007, "params": {"eta": 0.4299598624148622, "max_depth": 19.718361596881905, "n_estimators": 90.5229332459189}, "datetime": {"datetime": "2021-09-24 15:21:27", "elapsed": 620.948142, "delta": 1.926285}}
{"target": -45.76313013062441, "params": {"eta": 0.09619854797235661, "max_depth": 14.65867131651287, "n_estimators": 51.07530460682663}, "datetime": {"datetime": "2021-09-24 15:21:30", "elapsed": 624.316916, "delta": 3.368774}}
{"target": -43.746941989525816, "params": {"eta": 0.18025936694373054, "max_depth": 2.087945408794716, "n_estimators": 37.92091883870362}, "datetime": {"datetime": "2021-09-24 15:21:33", "elapsed": 627.597095, "delta": 3.280179}}
{"target": -44.47960651369023, "params": {"eta": 0.126067573688346, "max_depth": 1.9806201072644134, "n_estimators": 38.92411331500754}, "datetime": {"datetime": "2021-09-24 15:21:38", "elapsed": 631.753234, "delta": 4.156139}}
{"target": -48.25059864933329, "params": {"eta": 0.05924608067748765, "max_depth": 12.054304520768111, "n_estimators": 42.99627018909863}, "datetime": {"datetime": "2021-09-24 15:21:39", "elapsed": 633.398454, "delta": 1.64522}}
{"target": -124.88255814860638, "params": {"eta": 0.004042014353223251, "max_depth": 1.0500668682542935, "n_estimators": 38.46672925637761}, "datetime": {"datetime": "2021-09-24 15:21:42", "elapsed": 636.37683, "delta": 2.978376}}
{"target": -45.40065954681626, "params": {"eta": 0.09524927709273426, "max_depth": 1.552850593137861, "n_estimators": 37.073741189627476}, "datetime": {"datetime": "2021-09-24 15:21:45", "elapsed": 639.422334, "delta": 3.045504}}
{"target": -60.234185077193985, "params": {"eta": 0.9707150687396379, "max_depth": 21.178777347556398, "n_estimators": 31.049618256490817}, "datetime": {"datetime": "2021-09-24 15:21:47", "elapsed": 640.800879, "delta": 1.378545}}
{"target": -44.66934926886307, "params": {"eta": 0.8435534820691707, "max_depth": 1.2757022723692524, "n_estimators": 36.96207677742814}, "datetime": {"datetime": "2021-09-24 15:21:49", "elapsed": 643.140914, "delta": 2.340035}}
{"target": -47.320283645974065, "params": {"eta": 0.5298459505214584, "max_depth": 2.314660590607396, "n_estimators": 39.64318644737627}, "datetime": {"datetime": "2021-09-24 15:21:52", "elapsed": 645.903652, "delta": 2.762738}}
{"target": -85.53813316230487, "params": {"eta": 0.009067526598934766, "max_depth": 8.646626079778237, "n_estimators": 64.04336735336216}, "datetime": {"datetime": "2021-09-24 15:21:56", "elapsed": 650.21135, "delta": 4.307698}}
{"target": -53.15279194824678, "params": {"eta": 0.030213276502332312, "max_depth": 12.450485759556141, "n_estimators": 53.651645203274036}, "datetime": {"datetime": "2021-09-24 15:21:59", "elapsed": 652.835692, "delta": 2.624342}}
{"target": -53.011979110258864, "params": {"eta": 0.7550489893089479, "max_depth": 15.38861301957629, "n_estimators": 51.204827773197216}, "datetime": {"datetime": "2021-09-24 15:22:01", "elapsed": 655.339366, "delta": 2.503674}}
{"target": -136.39162148568863, "params": {"eta": 0.001, "max_depth": 2.7241148573684804, "n_estimators": 70.40526230331517}, "datetime": {"datetime": "2021-09-24 15:22:05", "elapsed": 658.913792, "delta": 3.574426}}
{"target": -48.607292634203915, "params": {"eta": 0.48984956648384687, "max_depth": 21.83093067575646, "n_estimators": 78.5407339996827}, "datetime": {"datetime": "2021-09-24 15:22:07", "elapsed": 660.798182, "delta": 1.88439}}
{"target": -46.562309695365734, "params": {"eta": 0.9925654783313815, "max_depth": 1.3840402147980013, "n_estimators": 37.8165576157101}, "datetime": {"datetime": "2021-09-24 15:22:10", "elapsed": 664.230939, "delta": 3.432757}}
{"target": -54.5230381829398, "params": {"eta": 0.9285884658580413, "max_depth": 3.4010776444594493, "n_estimators": 69.14977611001643}, "datetime": {"datetime": "2021-09-24 15:22:12", "elapsed": 666.682648, "delta": 2.451709}}
{"target": -47.01115124924738, "params": {"eta": 0.16937199796098065, "max_depth": 10.924604451883297, "n_estimators": 60.32872873384644}, "datetime": {"datetime": "2021-09-24 15:22:15", "elapsed": 668.778776, "delta": 2.096128}}
{"target": -49.17634213956675, "params": {"eta": 0.32001175844943996, "max_depth": 4.174084315259662, "n_estimators": 71.4881480889248}, "datetime": {"datetime": "2021-09-24 15:22:18", "elapsed": 672.372858, "delta": 3.594082}}
{"target": -49.03171590934122, "params": {"eta": 0.035078480861975174, "max_depth": 13.460704371584011, "n_estimators": 61.118262217944164}, "datetime": {"datetime": "2021-09-24 15:22:22", "elapsed": 676.13525, "delta": 3.762392}}
{"target": -45.730099613505196, "params": {"eta": 0.6723149793190214, "max_depth": 1.7547586796881767, "n_estimators": 69.64510154407157}, "datetime": {"datetime": "2021-09-24 15:22:26", "elapsed": 680.202734, "delta": 4.067484}}
{"target": -53.63880917183439, "params": {"eta": 0.7678845157805068, "max_depth": 7.8340153097511, "n_estimators": 4.079746336350571}, "datetime": {"datetime": "2021-09-24 15:22:28", "elapsed": 682.45198, "delta": 2.249246}}
{"target": -43.79994018095776, "params": {"eta": 0.045850154100623944, "max_depth": 2.03508265002295, "n_estimators": 69.75763980713077}, "datetime": {"datetime": "2021-09-24 15:22:30", "elapsed": 684.13551, "delta": 1.68353}}
{"target": -48.47220922771253, "params": {"eta": 0.5687391866032865, "max_depth": 4.344129372627085, "n_estimators": 70.58055766819534}, "datetime": {"datetime": "2021-09-24 15:22:33", "elapsed": 687.039819, "delta": 2.904309}}
{"target": -56.67950952859749, "params": {"eta": 0.9373511115139949, "max_depth": 8.59325348196288, "n_estimators": 65.66758029151906}, "datetime": {"datetime": "2021-09-24 15:22:37", "elapsed": 691.31174, "delta": 4.271921}}
{"target": -49.016567603089754, "params": {"eta": 0.041867443319386605, "max_depth": 2.839219414385358, "n_estimators": 38.249009406693204}, "datetime": {"datetime": "2021-09-24 15:22:40", "elapsed": 694.330569, "delta": 3.018829}}
{"target": -143.37695671920488, "params": {"eta": 0.001, "max_depth": 3.8221691472475428, "n_estimators": 21.983847280997054}, "datetime": {"datetime": "2021-09-24 15:22:43", "elapsed": 696.858441, "delta": 2.527872}}
{"target": -45.943303732047404, "params": {"eta": 0.505517266378696, "max_depth": 16.447774924534922, "n_estimators": 56.11015081707336}, "datetime": {"datetime": "2021-09-24 15:22:45", "elapsed": 699.455809, "delta": 2.597368}}
{"target": -44.991447993687224, "params": {"eta": 0.09043016535639338, "max_depth": 6.57833854900436, "n_estimators": 49.422320070591915}, "datetime": {"datetime": "2021-09-24 15:22:47", "elapsed": 701.089319, "delta": 1.63351}}
{"target": -45.002033692553525, "params": {"eta": 0.16304741592644517, "max_depth": 10.790379803289525, "n_estimators": 40.86705626971999}, "datetime": {"datetime": "2021-09-24 15:22:50", "elapsed": 704.228333, "delta": 3.139014}}
{"target": -140.78543650118033, "params": {"eta": 0.001, "max_depth": 2.692400958098445, "n_estimators": 39.177982003242256}, "datetime": {"datetime": "2021-09-24 15:22:53", "elapsed": 707.619382, "delta": 3.391049}}
{"target": -57.88551165824546, "params": {"eta": 0.9879225413321752, "max_depth": 22.147073858233306, "n_estimators": 43.36900793602542}, "datetime": {"datetime": "2021-09-24 15:22:56", "elapsed": 709.790918, "delta": 2.171536}}
{"target": -46.11778801365902, "params": {"eta": 0.8710781856590272, "max_depth": 1.6840413002922547, "n_estimators": 39.06106755430889}, "datetime": {"datetime": "2021-09-24 15:22:59", "elapsed": 713.627744, "delta": 3.836826}}
{"target": -44.11873345626028, "params": {"eta": 0.4825213697926707, "max_depth": 1.8725109563769502, "n_estimators": 24.115790505930015}, "datetime": {"datetime": "2021-09-24 15:23:01", "elapsed": 715.120992, "delta": 1.493248}}
{"target": -44.759042897618805, "params": {"eta": 0.789173619599901, "max_depth": 1.497478261206771, "n_estimators": 24.536650573601417}, "datetime": {"datetime": "2021-09-24 15:23:05", "elapsed": 719.522544, "delta": 4.401552}}
{"target": -45.81601643383055, "params": {"eta": 0.842565732062088, "max_depth": 1.0040916942408025, "n_estimators": 21.071640392767033}, "datetime": {"datetime": "2021-09-24 15:23:09", "elapsed": 722.976131, "delta": 3.453587}}
{"target": -48.698140043961374, "params": {"eta": 0.6788103723314484, "max_depth": 13.230533243326134, "n_estimators": 80.92604477531722}, "datetime": {"datetime": "2021-09-24 15:23:11", "elapsed": 724.796027, "delta": 1.819896}}
{"target": -56.186003132870326, "params": {"eta": 0.8631926092972444, "max_depth": 15.044316999928693, "n_estimators": 21.832681343110377}, "datetime": {"datetime": "2021-09-24 15:23:13", "elapsed": 726.908211, "delta": 2.112184}}
{"target": -45.999005310517504, "params": {"eta": 0.7078952570852752, "max_depth": 2.846819758275556, "n_estimators": 37.63846245009988}, "datetime": {"datetime": "2021-09-24 15:23:16", "elapsed": 730.532547, "delta": 3.624336}}
{"target": -43.42148007844624, "params": {"eta": 0.43386529125193896, "max_depth": 1.5770400364079613, "n_estimators": 39.862052322973696}, "datetime": {"datetime": "2021-09-24 15:23:20", "elapsed": 734.129994, "delta": 3.597447}}
{"target": -53.60040113979712, "params": {"eta": 0.8942255293705195, "max_depth": 3.5036249449114445, "n_estimators": 38.26716311235071}, "datetime": {"datetime": "2021-09-24 15:23:23", "elapsed": 737.291069, "delta": 3.161075}}
{"target": -55.37237775415406, "params": {"eta": 1.0, "max_depth": 3.776052583730163, "n_estimators": 71.12467843614506}, "datetime": {"datetime": "2021-09-24 15:23:26", "elapsed": 740.485639, "delta": 3.19457}}
{"target": -80.01465553627875, "params": {"eta": 0.07968587760927483, "max_depth": 10.213706860516295, "n_estimators": 8.80723110577768}, "datetime": {"datetime": "2021-09-24 15:23:28", "elapsed": 742.201622, "delta": 1.715983}}
{"target": -64.77054056726901, "params": {"eta": 0.023397088048148062, "max_depth": 2.372068897456727, "n_estimators": 37.25514114724672}, "datetime": {"datetime": "2021-09-24 15:23:31", "elapsed": 745.01568, "delta": 2.814058}}
{"target": -58.18670730304001, "params": {"eta": 0.9772934796198312, "max_depth": 9.949715617151917, "n_estimators": 94.31049232728427}, "datetime": {"datetime": "2021-09-24 15:23:33", "elapsed": 746.75641, "delta": 1.74073}}
{"target": -51.88785329259428, "params": {"eta": 0.8509520497936923, "max_depth": 3.0295049261265277, "n_estimators": 22.826662302600564}, "datetime": {"datetime": "2021-09-24 15:23:36", "elapsed": 750.042948, "delta": 3.286538}}
{"target": -43.90909260914738, "params": {"eta": 0.2552941904669187, "max_depth": 1.1316078495800685, "n_estimators": 24.191763984850738}, "datetime": {"datetime": "2021-09-24 15:23:39", "elapsed": 753.169831, "delta": 3.126883}}
{"target": -53.30844988141741, "params": {"eta": 0.8982294947602694, "max_depth": 2.072125272973868, "n_estimators": 40.15413342658033}, "datetime": {"datetime": "2021-09-24 15:23:43", "elapsed": 757.160414, "delta": 3.990583}}
{"target": -52.85182185280592, "params": {"eta": 0.7253358946292248, "max_depth": 2.876066534830004, "n_estimators": 68.29515731421948}, "datetime": {"datetime": "2021-09-24 15:23:46", "elapsed": 760.348694, "delta": 3.18828}}
{"target": -43.55692968153416, "params": {"eta": 0.2926747096113996, "max_depth": 1.668747231073506, "n_estimators": 22.082577649657377}, "datetime": {"datetime": "2021-09-24 15:23:50", "elapsed": 764.39943, "delta": 4.050736}}
{"target": -46.123131716161744, "params": {"eta": 0.21171116900247616, "max_depth": 4.950505482010824, "n_estimators": 19.245123688951704}, "datetime": {"datetime": "2021-09-24 15:23:52", "elapsed": 765.817705, "delta": 1.418275}}
{"target": -48.39683945734698, "params": {"eta": 0.6579441680030507, "max_depth": 10.440098774632727, "n_estimators": 47.2763324741953}, "datetime": {"datetime": "2021-09-24 15:23:54", "elapsed": 767.758815, "delta": 1.94111}}
{"target": -56.20943622302292, "params": {"eta": 0.9033418372770166, "max_depth": 10.59325600883382, "n_estimators": 41.08520180671172}, "datetime": {"datetime": "2021-09-24 15:23:57", "elapsed": 771.127686, "delta": 3.368871}}
{"target": -140.98637696271552, "params": {"eta": 0.001, "max_depth": 10.101529584672214, "n_estimators": 40.42506762155788}, "datetime": {"datetime": "2021-09-24 15:24:01", "elapsed": 775.528602, "delta": 4.400916}}
{"target": -44.91522038968882, "params": {"eta": 0.1315891210779851, "max_depth": 11.561174524781869, "n_estimators": 41.1472244507989}, "datetime": {"datetime": "2021-09-24 15:24:05", "elapsed": 779.189658, "delta": 3.661056}}
{"target": -49.13143766015992, "params": {"eta": 0.441599162367808, "max_depth": 20.78172417372989, "n_estimators": 39.6187827815279}, "datetime": {"datetime": "2021-09-24 15:24:07", "elapsed": 781.213757, "delta": 2.024099}}
{"target": -50.242358587738266, "params": {"eta": 0.7100877080690814, "max_depth": 8.695482929065925, "n_estimators": 40.12732426617344}, "datetime": {"datetime": "2021-09-24 15:24:11", "elapsed": 785.032816, "delta": 3.819059}}
{"target": -58.904908488567614, "params": {"eta": 1.0, "max_depth": 15.798822435912003, "n_estimators": 8.444587054630484}, "datetime": {"datetime": "2021-09-24 15:24:14", "elapsed": 787.91748, "delta": 2.884664}}
{"target": -49.42479530850748, "params": {"eta": 0.645725451494503, "max_depth": 22.50076390079687, "n_estimators": 25.434544138717992}, "datetime": {"datetime": "2021-09-24 15:24:16", "elapsed": 789.779344, "delta": 1.861864}}
{"target": -45.89215506646866, "params": {"eta": 0.10248188305255028, "max_depth": 1.1142605767637406, "n_estimators": 29.037881712458947}, "datetime": {"datetime": "2021-09-24 15:24:19", "elapsed": 793.166971, "delta": 3.387627}}
{"target": -47.38606546158181, "params": {"eta": 0.3778202692218903, "max_depth": 8.934312113667948, "n_estimators": 83.48847692745635}, "datetime": {"datetime": "2021-09-24 15:24:21", "elapsed": 794.995821, "delta": 1.82885}}
{"target": -46.97546567414936, "params": {"eta": 0.11715561404887227, "max_depth": 8.63303392584638, "n_estimators": 40.53766269449766}, "datetime": {"datetime": "2021-09-24 15:24:27", "elapsed": 800.810063, "delta": 5.814242}}
{"target": -138.84442300007757, "params": {"eta": 0.001, "max_depth": 20.119420467198555, "n_estimators": 56.84019722740514}, "datetime": {"datetime": "2021-09-24 15:24:31", "elapsed": 804.972699, "delta": 4.162636}}
{"target": -52.520016620033665, "params": {"eta": 0.5923812388262621, "max_depth": 18.941631441126017, "n_estimators": 57.87521697242224}, "datetime": {"datetime": "2021-09-24 15:24:35", "elapsed": 809.422348, "delta": 4.449649}}
{"target": -137.77379536807985, "params": {"eta": 0.001976564902899525, "max_depth": 1.6902670184179858, "n_estimators": 30.523250244553026}, "datetime": {"datetime": "2021-09-24 15:24:38", "elapsed": 812.552866, "delta": 3.130518}}
{"target": -47.26640798812522, "params": {"eta": 0.16456583084618312, "max_depth": 3.4415660739748217, "n_estimators": 60.2578400804627}, "datetime": {"datetime": "2021-09-24 15:24:40", "elapsed": 814.571006, "delta": 2.01814}}
{"target": -46.269632023976264, "params": {"eta": 0.6961896331271114, "max_depth": 1.7360422537891758, "n_estimators": 65.98987351948428}, "datetime": {"datetime": "2021-09-24 15:24:43", "elapsed": 817.554651, "delta": 2.983645}}
{"target": -46.22004570638327, "params": {"eta": 0.35974026833594897, "max_depth": 2.62646243797554, "n_estimators": 31.166517747176513}, "datetime": {"datetime": "2021-09-24 15:24:47", "elapsed": 820.80243, "delta": 3.247779}}
{"target": -145.38842904881426, "params": {"eta": 0.001, "max_depth": 15.791699242005244, "n_estimators": 8.680765121423436}, "datetime": {"datetime": "2021-09-24 15:24:51", "elapsed": 824.94108, "delta": 4.13865}}
{"target": -48.56129045414745, "params": {"eta": 0.416268720286598, "max_depth": 11.072965296392365, "n_estimators": 56.161954618485765}, "datetime": {"datetime": "2021-09-24 15:24:53", "elapsed": 827.387539, "delta": 2.446459}}
