{"target": -40.56106937473546, "params": {"eta": 0.43619391333619423, "max_depth": 9.218118118198472, "n_estimators": 24.433244137202873}, "datetime": {"datetime": "2021-09-29 15:33:52", "elapsed": 547.898935, "delta": 1.974944}}
{"target": -78.6655394144493, "params": {"eta": 0.033240585183210616, "max_depth": 1.1472123891361765, "n_estimators": 6.221750975477088}, "datetime": {"datetime": "2021-09-29 15:33:55", "elapsed": 550.750337, "delta": 2.851402}}
{"target": -34.67578870512129, "params": {"eta": 0.13634734074207933, "max_depth": 2.9015325654803927, "n_estimators": 11.156841802532652}, "datetime": {"datetime": "2021-09-29 15:33:57", "elapsed": 552.590588, "delta": 1.840251}}
{"target": -40.752750585741275, "params": {"eta": 0.3027915882196771, "max_depth": 5.512353291237752, "n_estimators": 29.46803388265674}, "datetime": {"datetime": "2021-09-29 15:33:59", "elapsed": 554.578722, "delta": 1.988134}}
{"target": -40.192805141956725, "params": {"eta": 0.20690427794653982, "max_depth": 19.665410475551926, "n_estimators": 36.2664554245102}, "datetime": {"datetime": "2021-09-29 15:34:02", "elapsed": 557.54077, "delta": 2.962048}}
{"target": -41.94778842209454, "params": {"eta": 0.2010625309041287, "max_depth": 22.50752901157232, "n_estimators": 65.77451672311503}, "datetime": {"datetime": "2021-09-29 15:34:05", "elapsed": 560.876772, "delta": 3.336002}}
{"target": -38.63738142691453, "params": {"eta": 0.28479460001805196, "max_depth": 17.030095504647576, "n_estimators": 10.59321885864534}, "datetime": {"datetime": "2021-09-29 15:34:07", "elapsed": 562.88299, "delta": 2.006218}}
{"target": -39.85830771967767, "params": {"eta": 0.04292141412757778, "max_depth": 2.9387930043377093, "n_estimators": 19.666097027373482}, "datetime": {"datetime": "2021-09-29 15:34:10", "elapsed": 565.134672, "delta": 2.251682}}
{"target": -35.280622666495645, "params": {"eta": 0.017443925834570606, "max_depth": 5.254925967564874, "n_estimators": 83.87976706076344}, "datetime": {"datetime": "2021-09-29 15:34:13", "elapsed": 568.059666, "delta": 2.924994}}
{"target": -39.68489403481565, "params": {"eta": 0.2970530553079406, "max_depth": 16.31207906427958, "n_estimators": 74.09562014661985}, "datetime": {"datetime": "2021-09-29 15:34:15", "elapsed": 570.559256, "delta": 2.49959}}
{"target": -40.12179765365949, "params": {"eta": 0.25741763237532145, "max_depth": 23.60202750716111, "n_estimators": 22.303594002751332}, "datetime": {"datetime": "2021-09-29 15:34:17", "elapsed": 572.864583, "delta": 2.305327}}
{"target": -37.332065116109575, "params": {"eta": 0.13645510363685193, "max_depth": 20.606836249674746, "n_estimators": 22.94650779497883}, "datetime": {"datetime": "2021-09-29 15:34:20", "elapsed": 575.262938, "delta": 2.398355}}
{"target": -43.3938555028703, "params": {"eta": 0.2490673930771208, "max_depth": 28.291453879854142, "n_estimators": 66.97241104808423}, "datetime": {"datetime": "2021-09-29 15:34:23", "elapsed": 577.998438, "delta": 2.7355}}
{"target": -43.39387497772939, "params": {"eta": 0.2541471024504872, "max_depth": 23.495262518451575, "n_estimators": 80.74253159500262}, "datetime": {"datetime": "2021-09-29 15:34:25", "elapsed": 580.672633, "delta": 2.674195}}
{"target": -43.67759200532371, "params": {"eta": 0.47698745929936964, "max_depth": 3.7645324697778126, "n_estimators": 89.58691046394088}, "datetime": {"datetime": "2021-09-29 15:34:27", "elapsed": 582.838852, "delta": 2.166219}}
{"target": -40.2252941683228, "params": {"eta": 0.09968512744485113, "max_depth": 17.4843024875573, "n_estimators": 97.01213676950091}, "datetime": {"datetime": "2021-09-29 15:34:31", "elapsed": 586.537697, "delta": 3.698845}}
{"target": -38.86040946350872, "params": {"eta": 0.06570877498764925, "max_depth": 2.292398023907165, "n_estimators": 69.96138183506683}, "datetime": {"datetime": "2021-09-29 15:34:33", "elapsed": 588.555914, "delta": 2.018217}}
{"target": -39.09299981302416, "params": {"eta": 0.1403071858215998, "max_depth": 18.48542679926547, "n_estimators": 69.35420314935556}, "datetime": {"datetime": "2021-09-29 15:34:36", "elapsed": 591.282388, "delta": 2.726474}}
{"target": -42.84393759312941, "params": {"eta": 0.42949834248454344, "max_depth": 24.255965256393733, "n_estimators": 31.459524372992973}, "datetime": {"datetime": "2021-09-29 15:34:38", "elapsed": 593.730641, "delta": 2.448253}}
{"target": -42.171584643133684, "params": {"eta": 0.36384311267123054, "max_depth": 3.4776174178855137, "n_estimators": 79.50719072245461}, "datetime": {"datetime": "2021-09-29 15:34:41", "elapsed": 595.94269, "delta": 2.212049}}
{"target": -41.26537799870181, "params": {"eta": 0.3590265831270107, "max_depth": 13.221802407808322, "n_estimators": 65.3632796300668}, "datetime": {"datetime": "2021-09-29 15:34:43", "elapsed": 598.376239, "delta": 2.433549}}
{"target": -40.14434769426697, "params": {"eta": 0.44676178583362725, "max_depth": 28.4983947189542, "n_estimators": 71.91166330956882}, "datetime": {"datetime": "2021-09-29 15:34:46", "elapsed": 600.99958, "delta": 2.623341}}
{"target": -41.84160861493113, "params": {"eta": 0.3830692934418861, "max_depth": 15.441198090054403, "n_estimators": 91.69279273151383}, "datetime": {"datetime": "2021-09-29 15:34:48", "elapsed": 603.553391, "delta": 2.553811}}
{"target": -39.15595023600556, "params": {"eta": 0.2306078906367826, "max_depth": 26.52213919154557, "n_estimators": 85.98450773864298}, "datetime": {"datetime": "2021-09-29 15:34:51", "elapsed": 605.994787, "delta": 2.441396}}
{"target": -40.65908903775557, "params": {"eta": 0.35868376461454693, "max_depth": 28.182597582262407, "n_estimators": 20.82612879441219}, "datetime": {"datetime": "2021-09-29 15:34:53", "elapsed": 608.38271, "delta": 2.387923}}
{"target": -38.53377008907375, "params": {"eta": 0.10907619312482304, "max_depth": 1.6497723522211332, "n_estimators": 85.45275676286612}, "datetime": {"datetime": "2021-09-29 15:34:55", "elapsed": 610.632363, "delta": 2.249653}}
{"target": -38.61819478215824, "params": {"eta": 0.3458236852521159, "max_depth": 2.5586211363229205, "n_estimators": 10.86639284305785}, "datetime": {"datetime": "2021-09-29 15:34:57", "elapsed": 612.720831, "delta": 2.088468}}
{"target": -37.41694631459819, "params": {"eta": 0.26552600515247626, "max_depth": 15.793805399415568, "n_estimators": 4.0323035756066385}, "datetime": {"datetime": "2021-09-29 15:35:00", "elapsed": 615.048966, "delta": 2.328135}}
{"target": -42.802668655014344, "params": {"eta": 0.43353467832306736, "max_depth": 18.863293352810782, "n_estimators": 69.00976999469582}, "datetime": {"datetime": "2021-09-29 15:35:02", "elapsed": 617.539665, "delta": 2.490699}}
{"target": -41.73891569113021, "params": {"eta": 0.21726993138302284, "max_depth": 10.927119555535093, "n_estimators": 36.50573050644316}, "datetime": {"datetime": "2021-09-29 15:35:04", "elapsed": 619.93356, "delta": 2.393895}}
{"target": -41.09983936751976, "params": {"eta": 0.1168214442524586, "max_depth": 26.221283003883997, "n_estimators": 56.4925903065629}, "datetime": {"datetime": "2021-09-29 15:35:08", "elapsed": 623.282014, "delta": 3.348454}}
{"target": -40.06782711525941, "params": {"eta": 0.20907250748388337, "max_depth": 12.462639534507431, "n_estimators": 42.73205296873082}, "datetime": {"datetime": "2021-09-29 15:35:11", "elapsed": 626.388671, "delta": 3.106657}}
{"target": -42.15439952610193, "params": {"eta": 0.3739509765624279, "max_depth": 24.207800389274276, "n_estimators": 54.67975941039625}, "datetime": {"datetime": "2021-09-29 15:35:14", "elapsed": 629.116571, "delta": 2.7279}}
{"target": -40.78124149714488, "params": {"eta": 0.14106035010751822, "max_depth": 9.059412558817938, "n_estimators": 58.28358091725252}, "datetime": {"datetime": "2021-09-29 15:35:16", "elapsed": 631.519338, "delta": 2.402767}}
{"target": -39.839731323225145, "params": {"eta": 0.10279884491449869, "max_depth": 10.820848412471554, "n_estimators": 40.09379036174352}, "datetime": {"datetime": "2021-09-29 15:35:18", "elapsed": 633.904689, "delta": 2.385351}}
{"target": -39.98654679227208, "params": {"eta": 0.4451749661779351, "max_depth": 24.897494644704192, "n_estimators": 12.066482781658674}, "datetime": {"datetime": "2021-09-29 15:35:21", "elapsed": 636.461116, "delta": 2.556427}}
{"target": -38.46871078540841, "params": {"eta": 0.09610766656640764, "max_depth": 8.824820048189814, "n_estimators": 54.75883666764066}, "datetime": {"datetime": "2021-09-29 15:35:24", "elapsed": 639.144554, "delta": 2.683438}}
{"target": -38.91098049751235, "params": {"eta": 0.07628612686482378, "max_depth": 12.24408732399209, "n_estimators": 67.73460599989792}, "datetime": {"datetime": "2021-09-29 15:35:27", "elapsed": 642.083226, "delta": 2.938672}}
{"target": -43.12672428137942, "params": {"eta": 0.3091555030107197, "max_depth": 7.932799162846933, "n_estimators": 20.35847855718327}, "datetime": {"datetime": "2021-09-29 15:35:29", "elapsed": 644.251315, "delta": 2.168089}}
{"target": -39.570323388700636, "params": {"eta": 0.48703052188463347, "max_depth": 6.218720046639909, "n_estimators": 98.68354186839188}, "datetime": {"datetime": "2021-09-29 15:35:32", "elapsed": 647.764758, "delta": 3.513443}}
{"target": -42.35931463037891, "params": {"eta": 0.16184390562809997, "max_depth": 5.04559230853446, "n_estimators": 95.0545576470974}, "datetime": {"datetime": "2021-09-29 15:35:35", "elapsed": 650.898925, "delta": 3.134167}}
{"target": -57.236635819372005, "params": {"eta": 0.03021812982026543, "max_depth": 24.027925485557315, "n_estimators": 16.303363638202477}, "datetime": {"datetime": "2021-09-29 15:35:38", "elapsed": 653.353125, "delta": 2.4542}}
{"target": -42.70303115917587, "params": {"eta": 0.4137106463310902, "max_depth": 23.24731157524551, "n_estimators": 87.64223136260753}, "datetime": {"datetime": "2021-09-29 15:35:41", "elapsed": 656.001119, "delta": 2.647994}}
{"target": -41.93736849706839, "params": {"eta": 0.20088376058346216, "max_depth": 22.659267512729734, "n_estimators": 42.25655206011441}, "datetime": {"datetime": "2021-09-29 15:35:43", "elapsed": 658.472161, "delta": 2.471042}}
{"target": -38.40023536453608, "params": {"eta": 0.27304648477106347, "max_depth": 8.071558019074327, "n_estimators": 7.852956101325104}, "datetime": {"datetime": "2021-09-29 15:35:45", "elapsed": 660.906085, "delta": 2.433924}}
{"target": -39.50411132877797, "params": {"eta": 0.3020460947661978, "max_depth": 25.799779585715214, "n_estimators": 21.825183392482845}, "datetime": {"datetime": "2021-09-29 15:35:48", "elapsed": 663.300677, "delta": 2.394592}}
{"target": -40.04668639895456, "params": {"eta": 0.1530808739365119, "max_depth": 17.48967384284136, "n_estimators": 86.94576755995843}, "datetime": {"datetime": "2021-09-29 15:35:51", "elapsed": 666.092984, "delta": 2.792307}}
{"target": -41.59146184167893, "params": {"eta": 0.37989349834337116, "max_depth": 8.153567692722032, "n_estimators": 13.772580393569907}, "datetime": {"datetime": "2021-09-29 15:35:54", "elapsed": 669.408342, "delta": 3.315358}}
{"target": -41.8654749786554, "params": {"eta": 0.2411267638390337, "max_depth": 5.373957039872211, "n_estimators": 42.29545526129981}, "datetime": {"datetime": "2021-09-29 15:35:57", "elapsed": 672.332319, "delta": 2.923977}}
{"target": -40.22605876835972, "params": {"eta": 0.013767316933785044, "max_depth": 25.928204628984123, "n_estimators": 97.52523703460015}, "datetime": {"datetime": "2021-09-29 15:36:00", "elapsed": 675.242984, "delta": 2.910665}}
{"target": -39.14863045806891, "params": {"eta": 0.23443011356320195, "max_depth": 20.3348499801996, "n_estimators": 52.38432987713487}, "datetime": {"datetime": "2021-09-29 15:36:03", "elapsed": 678.222394, "delta": 2.97941}}
{"target": -39.77826333939551, "params": {"eta": 0.24477705444221007, "max_depth": 9.197034757599107, "n_estimators": 57.9910766404333}, "datetime": {"datetime": "2021-09-29 15:36:06", "elapsed": 681.001064, "delta": 2.77867}}
{"target": -38.11571712623222, "params": {"eta": 0.09200100887468995, "max_depth": 12.559765955085629, "n_estimators": 54.2291740862869}, "datetime": {"datetime": "2021-09-29 15:36:08", "elapsed": 683.892761, "delta": 2.891697}}
{"target": -39.593707275223245, "params": {"eta": 0.3152793077924134, "max_depth": 19.176672847417947, "n_estimators": 55.427231816741816}, "datetime": {"datetime": "2021-09-29 15:36:11", "elapsed": 686.655205, "delta": 2.762444}}
{"target": -43.607947292711124, "params": {"eta": 0.48354114057365666, "max_depth": 9.657822124825714, "n_estimators": 60.20230178446615}, "datetime": {"datetime": "2021-09-29 15:36:14", "elapsed": 689.314788, "delta": 2.659583}}
{"target": -37.27234503843396, "params": {"eta": 0.06517965979535738, "max_depth": 25.620730072415544, "n_estimators": 36.42637614970248}, "datetime": {"datetime": "2021-09-29 15:36:17", "elapsed": 692.357307, "delta": 3.042519}}
{"target": -39.49524508135035, "params": {"eta": 0.095543798517212, "max_depth": 14.039460701611723, "n_estimators": 47.11802157900825}, "datetime": {"datetime": "2021-09-29 15:36:20", "elapsed": 695.122369, "delta": 2.765062}}
{"target": -35.08560566827648, "params": {"eta": 0.04238184582795938, "max_depth": 19.915990605721767, "n_estimators": 66.93341066357594}, "datetime": {"datetime": "2021-09-29 15:36:22", "elapsed": 697.893708, "delta": 2.771339}}
{"target": -40.16100287681532, "params": {"eta": 0.3138612252353215, "max_depth": 19.894060452904455, "n_estimators": 45.105120980059894}, "datetime": {"datetime": "2021-09-29 15:36:25", "elapsed": 700.551867, "delta": 2.658159}}
{"target": -40.30304533541763, "params": {"eta": 0.4543277729604086, "max_depth": 16.728120455761193, "n_estimators": 44.36506217775333}, "datetime": {"datetime": "2021-09-29 15:36:28", "elapsed": 703.136886, "delta": 2.585019}}
{"target": -39.47497798647002, "params": {"eta": 0.2912290068195389, "max_depth": 2.85300610965332, "n_estimators": 34.50824933768256}, "datetime": {"datetime": "2021-09-29 15:36:31", "elapsed": 706.412298, "delta": 3.275412}}
{"target": -40.30303763433542, "params": {"eta": 0.4468634037877898, "max_depth": 16.50622384986725, "n_estimators": 43.669070313078095}, "datetime": {"datetime": "2021-09-29 15:36:34", "elapsed": 709.019116, "delta": 2.606818}}
{"target": -40.2906966533717, "params": {"eta": 0.2760160400833835, "max_depth": 12.851868167767904, "n_estimators": 68.82074728551865}, "datetime": {"datetime": "2021-09-29 15:36:36", "elapsed": 711.839763, "delta": 2.820647}}
{"target": -35.429417648318406, "params": {"eta": 0.02896200188473865, "max_depth": 27.737635635222222, "n_estimators": 50.54635110614177}, "datetime": {"datetime": "2021-09-29 15:36:40", "elapsed": 715.03131, "delta": 3.191547}}
{"target": -39.605845106121556, "params": {"eta": 0.27923727281276967, "max_depth": 13.617881753857144, "n_estimators": 41.00274030274599}, "datetime": {"datetime": "2021-09-29 15:36:42", "elapsed": 717.747744, "delta": 2.716434}}
{"target": -40.179731546488114, "params": {"eta": 0.31117974318707764, "max_depth": 27.46226462617271, "n_estimators": 88.99697300510304}, "datetime": {"datetime": "2021-09-29 15:36:45", "elapsed": 720.658203, "delta": 2.910459}}
{"target": -39.26731417494271, "params": {"eta": 0.10957131363966291, "max_depth": 15.699062651827496, "n_estimators": 44.5924313638202}, "datetime": {"datetime": "2021-09-29 15:36:49", "elapsed": 724.080253, "delta": 3.42205}}
{"target": -41.47064789345728, "params": {"eta": 0.2907975639497898, "max_depth": 14.29420352271571, "n_estimators": 26.749912125174163}, "datetime": {"datetime": "2021-09-29 15:36:51", "elapsed": 726.600002, "delta": 2.519749}}
{"target": -41.31962529142828, "params": {"eta": 0.44720323379698307, "max_depth": 12.060443713041785, "n_estimators": 91.11258999820312}, "datetime": {"datetime": "2021-09-29 15:36:54", "elapsed": 729.313574, "delta": 2.713572}}
{"target": -39.914935211569805, "params": {"eta": 0.2891478172865398, "max_depth": 24.009938862390804, "n_estimators": 58.77303525888084}, "datetime": {"datetime": "2021-09-29 15:36:57", "elapsed": 732.134378, "delta": 2.820804}}
{"target": -41.36453888567958, "params": {"eta": 0.1845990306096394, "max_depth": 5.683127130176946, "n_estimators": 66.33301008517483}, "datetime": {"datetime": "2021-09-29 15:37:00", "elapsed": 735.715893, "delta": 3.581515}}
{"target": -36.73327807728482, "params": {"eta": 0.388549990953453, "max_depth": 29.806113502998056, "n_estimators": 4.281341889110069}, "datetime": {"datetime": "2021-09-29 15:37:03", "elapsed": 738.172068, "delta": 2.456175}}
{"target": -40.995942827290015, "params": {"eta": 0.38695107308319476, "max_depth": 13.348716013613622, "n_estimators": 48.75130780439743}, "datetime": {"datetime": "2021-09-29 15:37:05", "elapsed": 740.716913, "delta": 2.544845}}
{"target": -39.60696555627648, "params": {"eta": 0.28458785709251705, "max_depth": 13.82889960915425, "n_estimators": 46.170382614312494}, "datetime": {"datetime": "2021-09-29 15:37:08", "elapsed": 743.564013, "delta": 2.8471}}
{"target": -44.601419199791835, "params": {"eta": 0.4993261305741784, "max_depth": 12.092920605222368, "n_estimators": 50.953787083928034}, "datetime": {"datetime": "2021-09-29 15:37:11", "elapsed": 746.362344, "delta": 2.798331}}
{"target": -41.0967715010816, "params": {"eta": 0.22464223260325095, "max_depth": 28.736730677421086, "n_estimators": 47.25867147851849}, "datetime": {"datetime": "2021-09-29 15:37:14", "elapsed": 749.185716, "delta": 2.823372}}
{"target": -39.61428398340155, "params": {"eta": 0.0707246378381953, "max_depth": 16.687685760978518, "n_estimators": 64.57126104263364}, "datetime": {"datetime": "2021-09-29 15:37:17", "elapsed": 752.333045, "delta": 3.147329}}
{"target": -42.08772823540621, "params": {"eta": 0.2848636035328607, "max_depth": 6.968475737623727, "n_estimators": 24.33268001649714}, "datetime": {"datetime": "2021-09-29 15:37:19", "elapsed": 754.73581, "delta": 2.402765}}
{"target": -38.703108143386935, "params": {"eta": 0.08794497328563819, "max_depth": 2.6234146467594037, "n_estimators": 56.32320268208299}, "datetime": {"datetime": "2021-09-29 15:37:22", "elapsed": 757.309607, "delta": 2.573797}}
{"target": -40.35610326867756, "params": {"eta": 0.26031348805350996, "max_depth": 26.928054746596874, "n_estimators": 57.592636980598506}, "datetime": {"datetime": "2021-09-29 15:37:25", "elapsed": 760.418174, "delta": 3.108567}}
{"target": -40.465867149129394, "params": {"eta": 0.24305929348643715, "max_depth": 2.608818997175811, "n_estimators": 88.79036401298201}, "datetime": {"datetime": "2021-09-29 15:37:28", "elapsed": 763.364877, "delta": 2.946703}}
{"target": -41.70669978161203, "params": {"eta": 0.33322844937582113, "max_depth": 6.16527141294658, "n_estimators": 64.35573768500527}, "datetime": {"datetime": "2021-09-29 15:37:30", "elapsed": 765.785475, "delta": 2.420598}}
{"target": -41.8065650176702, "params": {"eta": 0.3826761636299323, "max_depth": 18.68622763229341, "n_estimators": 53.60864706644449}, "datetime": {"datetime": "2021-09-29 15:37:34", "elapsed": 769.882745, "delta": 4.09727}}
{"target": -37.704773584507, "params": {"eta": 0.20802464230671378, "max_depth": 4.280564558318622, "n_estimators": 12.880760638287528}, "datetime": {"datetime": "2021-09-29 15:37:38", "elapsed": 773.613032, "delta": 3.730287}}
{"target": -41.04231267267745, "params": {"eta": 0.11546279522970532, "max_depth": 13.318956010776372, "n_estimators": 67.32620217381415}, "datetime": {"datetime": "2021-09-29 15:37:42", "elapsed": 777.886639, "delta": 4.273607}}
{"target": -39.55879117102455, "params": {"eta": 0.26764909785453816, "max_depth": 20.128904913874077, "n_estimators": 57.29884006899008}, "datetime": {"datetime": "2021-09-29 15:37:46", "elapsed": 781.167221, "delta": 3.280582}}
{"target": -40.83526395111405, "params": {"eta": 0.2511656744309388, "max_depth": 6.88876859786545, "n_estimators": 58.37259733052873}, "datetime": {"datetime": "2021-09-29 15:37:48", "elapsed": 783.750665, "delta": 2.583444}}
{"target": -42.798039024217296, "params": {"eta": 0.49888795465313307, "max_depth": 29.01132035669654, "n_estimators": 72.28023498344959}, "datetime": {"datetime": "2021-09-29 15:37:51", "elapsed": 786.597443, "delta": 2.846778}}
{"target": -41.7281472615526, "params": {"eta": 0.20242580848164696, "max_depth": 5.353368765014304, "n_estimators": 71.12242568556043}, "datetime": {"datetime": "2021-09-29 15:37:54", "elapsed": 789.409886, "delta": 2.812443}}
{"target": -35.30499896127662, "params": {"eta": 0.04592001323828457, "max_depth": 3.290328289256744, "n_estimators": 44.83462280131841}, "datetime": {"datetime": "2021-09-29 15:37:56", "elapsed": 791.860535, "delta": 2.450649}}
{"target": -58.42987173239751, "params": {"eta": 0.01742288568442649, "max_depth": 25.812988607183627, "n_estimators": 23.498625013763842}, "datetime": {"datetime": "2021-09-29 15:37:59", "elapsed": 794.63766, "delta": 2.777125}}
{"target": -39.55444262970716, "params": {"eta": 0.2702094011585406, "max_depth": 24.743198595145856, "n_estimators": 49.38754223884569}, "datetime": {"datetime": "2021-09-29 15:38:03", "elapsed": 798.032463, "delta": 3.394803}}
{"target": -39.76264391718285, "params": {"eta": 0.1847060705874316, "max_depth": 29.165907974179998, "n_estimators": 84.19427929214721}, "datetime": {"datetime": "2021-09-29 15:38:06", "elapsed": 801.00865, "delta": 2.976187}}
{"target": -38.18487196481871, "params": {"eta": 0.08808965017868378, "max_depth": 28.452461953753065, "n_estimators": 54.93834463889435}, "datetime": {"datetime": "2021-09-29 15:38:10", "elapsed": 805.138967, "delta": 4.130317}}
{"target": -39.100451461779436, "params": {"eta": 0.43817332912941104, "max_depth": 22.961213363367204, "n_estimators": 99.36417809962944}, "datetime": {"datetime": "2021-09-29 15:38:13", "elapsed": 808.068753, "delta": 2.929786}}
{"target": -36.442852458334315, "params": {"eta": 0.3851789348451875, "max_depth": 1.3479987134752558, "n_estimators": 3.0399408674304333}, "datetime": {"datetime": "2021-09-29 15:38:16", "elapsed": 811.87662, "delta": 3.807867}}
