{"target": 0.3948491100133965, "params": {"eta": 0.1, "max_depth": 1.6573746228777568, "n_estimators": 25.0416109094611}, "datetime": {"datetime": "2021-09-24 13:21:00", "elapsed": 232.111999, "delta": 1.511939}}
{"target": 0.44154910328966346, "params": {"eta": 0.1, "max_depth": 2.574778804137678, "n_estimators": 28.991000439929593}, "datetime": {"datetime": "2021-09-24 13:21:02", "elapsed": 233.520306, "delta": 1.408307}}
{"target": 0.38150812182232996, "params": {"eta": 0.6, "max_depth": 1.6053017711518487, "n_estimators": 17.666966140905394}, "datetime": {"datetime": "2021-09-24 13:21:03", "elapsed": 235.324241, "delta": 1.803935}}
{"target": 0.40693127284699493, "params": {"eta": 0.1, "max_depth": 3.0, "n_estimators": 29.51766004509919}, "datetime": {"datetime": "2021-09-24 13:21:05", "elapsed": 237.019556, "delta": 1.695315}}
{"target": 0.43877202417060535, "params": {"eta": 0.1, "max_depth": 1.4281143437179034, "n_estimators": 41.53711976887578}, "datetime": {"datetime": "2021-09-24 13:21:07", "elapsed": 238.636281, "delta": 1.616725}}
{"target": 0.41027785970889175, "params": {"eta": 0.6, "max_depth": 1.371004460332188, "n_estimators": 29.270903572447796}, "datetime": {"datetime": "2021-09-24 13:21:08", "elapsed": 240.133941, "delta": 1.49766}}
{"target": 0.3780741296537694, "params": {"eta": 0.1, "max_depth": 1.0, "n_estimators": 23.935938358356534}, "datetime": {"datetime": "2021-09-24 13:21:09", "elapsed": 241.311727, "delta": 1.177786}}
{"target": 0.441139917638101, "params": {"eta": 0.1, "max_depth": 1.5273841607441248, "n_estimators": 42.32379117565432}, "datetime": {"datetime": "2021-09-24 13:21:11", "elapsed": 242.99773, "delta": 1.686003}}
{"target": 0.39566526446560646, "params": {"eta": 0.5786130803232493, "max_depth": 1.347722105100609, "n_estimators": 46.579536711781735}, "datetime": {"datetime": "2021-09-24 13:21:13", "elapsed": 245.322108, "delta": 2.324378}}
{"target": 0.39957968151862033, "params": {"eta": 0.6, "max_depth": 1.0, "n_estimators": 13.948103783855448}, "datetime": {"datetime": "2021-09-24 13:21:15", "elapsed": 246.661177, "delta": 1.339069}}
{"target": 0.4496323446489243, "params": {"eta": 0.1, "max_depth": 2.6285611411631145, "n_estimators": 33.21005871841923}, "datetime": {"datetime": "2021-09-24 13:21:17", "elapsed": 248.340595, "delta": 1.679418}}
{"target": 0.4005951323316942, "params": {"eta": 0.6, "max_depth": 1.3883263042636924, "n_estimators": 5.805820735488569}, "datetime": {"datetime": "2021-09-24 13:21:18", "elapsed": 250.122086, "delta": 1.781491}}
{"target": 0.3988769741064726, "params": {"eta": 0.6, "max_depth": 1.9524046596575155, "n_estimators": 10.242743589999188}, "datetime": {"datetime": "2021-09-24 13:21:20", "elapsed": 251.8485, "delta": 1.726414}}
{"target": 0.39957968151862033, "params": {"eta": 0.6, "max_depth": 1.7856609423718763, "n_estimators": 13.015098975590705}, "datetime": {"datetime": "2021-09-24 13:21:21", "elapsed": 253.322925, "delta": 1.474425}}
{"target": 0.4008891889885724, "params": {"eta": 0.6, "max_depth": 1.4781089228986903, "n_estimators": 24.14434804162332}, "datetime": {"datetime": "2021-09-24 13:21:24", "elapsed": 255.431734, "delta": 2.108809}}
{"target": 0.44257286342406676, "params": {"eta": 0.11441873160192748, "max_depth": 1.7013881012398857, "n_estimators": 48.23812447374939}, "datetime": {"datetime": "2021-09-24 13:21:25", "elapsed": 256.86695, "delta": 1.435216}}
{"target": 0.44353430697221796, "params": {"eta": 0.11674244813369691, "max_depth": 2.3500107729663844, "n_estimators": 38.8030054012466}, "datetime": {"datetime": "2021-09-24 13:21:27", "elapsed": 258.792749, "delta": 1.925799}}
{"target": 0.4405956206033438, "params": {"eta": 0.10277994343649974, "max_depth": 1.6173814719097903, "n_estimators": 46.32558352306279}, "datetime": {"datetime": "2021-09-24 13:21:28", "elapsed": 259.937597, "delta": 1.144848}}
{"target": 0.3532068638410544, "params": {"eta": 0.6, "max_depth": 2.1980772907916757, "n_estimators": 15.587380503872158}, "datetime": {"datetime": "2021-09-24 13:21:29", "elapsed": 261.31033, "delta": 1.372733}}
{"target": 0.4404621219296183, "params": {"eta": 0.10552278723557737, "max_depth": 1.6518179015249026, "n_estimators": 44.3717827711463}, "datetime": {"datetime": "2021-09-24 13:21:31", "elapsed": 262.602073, "delta": 1.291743}}
{"target": 0.437381403812671, "params": {"eta": 0.1, "max_depth": 1.5795556075592048, "n_estimators": 38.67377419331489}, "datetime": {"datetime": "2021-09-24 13:21:33", "elapsed": 264.509449, "delta": 1.907376}}
{"target": 0.41328966134898426, "params": {"eta": 0.6, "max_depth": 1.6146451535552424, "n_estimators": 33.119116076340326}, "datetime": {"datetime": "2021-09-24 13:21:34", "elapsed": 265.93389, "delta": 1.424441}}
{"target": 0.40278665794916746, "params": {"eta": 0.10563894910314867, "max_depth": 2.9964677499384336, "n_estimators": 21.970169059752237}, "datetime": {"datetime": "2021-09-24 13:21:36", "elapsed": 267.407577, "delta": 1.473687}}
{"target": 0.3705862786984738, "params": {"eta": 0.1, "max_depth": 1.55970472834899, "n_estimators": 22.259261072294013}, "datetime": {"datetime": "2021-09-24 13:21:37", "elapsed": 268.725934, "delta": 1.318357}}
{"target": 0.28558019613044583, "params": {"eta": 0.5919242534952938, "max_depth": 2.0486789786093693, "n_estimators": 45.42150058688397}, "datetime": {"datetime": "2021-09-24 13:21:39", "elapsed": 270.645249, "delta": 1.919315}}
{"target": 0.38758441132210053, "params": {"eta": 0.5975378512521673, "max_depth": 1.0283364927123806, "n_estimators": 21.669163724967937}, "datetime": {"datetime": "2021-09-24 13:21:41", "elapsed": 272.571957, "delta": 1.926708}}
{"target": 0.315071800240738, "params": {"eta": 0.5986313525053018, "max_depth": 2.2965586851120516, "n_estimators": 29.52094259125309}, "datetime": {"datetime": "2021-09-24 13:21:43", "elapsed": 275.286366, "delta": 2.714409}}
{"target": 0.4208436109550022, "params": {"eta": 0.1, "max_depth": 3.0, "n_estimators": 44.93849824674152}, "datetime": {"datetime": "2021-09-24 13:21:46", "elapsed": 277.592131, "delta": 2.305765}}
{"target": 0.40386585352238036, "params": {"eta": 0.5931828523783679, "max_depth": 1.9087913668922307, "n_estimators": 30.62953653709983}, "datetime": {"datetime": "2021-09-24 13:21:48", "elapsed": 279.337954, "delta": 1.745823}}
{"target": 0.3487331805766619, "params": {"eta": 0.1, "max_depth": 2.430317803635542, "n_estimators": 18.7447266186387}, "datetime": {"datetime": "2021-09-24 13:21:49", "elapsed": 281.191582, "delta": 1.853628}}
{"target": 0.4141882432237607, "params": {"eta": 0.5799833725873247, "max_depth": 1.0077508455776285, "n_estimators": 37.67974459368233}, "datetime": {"datetime": "2021-09-24 13:21:51", "elapsed": 282.647558, "delta": 1.455976}}
{"target": -0.01969518515698465, "params": {"eta": 0.1, "max_depth": 3.0, "n_estimators": 11.377238141307306}, "datetime": {"datetime": "2021-09-24 13:21:52", "elapsed": 283.985841, "delta": 1.338283}}
{"target": 0.44702356633476437, "params": {"eta": 0.1, "max_depth": 2.4810505857671523, "n_estimators": 30.474311159118173}, "datetime": {"datetime": "2021-09-24 13:21:53", "elapsed": 285.254276, "delta": 1.268435}}
{"target": 0.3988769741064726, "params": {"eta": 0.6, "max_depth": 1.3118472057483004, "n_estimators": 10.914783252650318}, "datetime": {"datetime": "2021-09-24 13:21:55", "elapsed": 286.870659, "delta": 1.616383}}
{"target": 0.4227903641522309, "params": {"eta": 0.1, "max_depth": 1.0, "n_estimators": 32.63122392489599}, "datetime": {"datetime": "2021-09-24 13:21:57", "elapsed": 288.373287, "delta": 1.502628}}
{"target": 0.4104851834091423, "params": {"eta": 0.6, "max_depth": 2.5603453414220003, "n_estimators": 10.774877034747465}, "datetime": {"datetime": "2021-09-24 13:21:58", "elapsed": 289.649865, "delta": 1.276578}}
{"target": 0.2822177240003053, "params": {"eta": 0.5994252358965078, "max_depth": 2.10007905749635, "n_estimators": 48.51943785572268}, "datetime": {"datetime": "2021-09-24 13:21:59", "elapsed": 291.137355, "delta": 1.48749}}
{"target": 0.45043595543997295, "params": {"eta": 0.11459414130552922, "max_depth": 2.480165414930705, "n_estimators": 49.61538943174271}, "datetime": {"datetime": "2021-09-24 13:22:01", "elapsed": 292.64314, "delta": 1.505785}}
{"target": 0.4453019284702212, "params": {"eta": 0.1588388712584041, "max_depth": 1.4994400221722066, "n_estimators": 40.627241101769044}, "datetime": {"datetime": "2021-09-24 13:22:02", "elapsed": 294.239565, "delta": 1.596425}}
{"target": 0.4139227001412801, "params": {"eta": 0.6, "max_depth": 1.0, "n_estimators": 34.40914715489324}, "datetime": {"datetime": "2021-09-24 13:22:04", "elapsed": 295.573506, "delta": 1.333941}}
{"target": 0.39073680000613487, "params": {"eta": 0.5859929719725014, "max_depth": 1.0614452846284648, "n_estimators": 14.828966374061489}, "datetime": {"datetime": "2021-09-24 13:22:06", "elapsed": 297.54377, "delta": 1.970264}}
{"target": 0.4567544245102829, "params": {"eta": 0.1006104167277874, "max_depth": 2.5492247761416706, "n_estimators": 40.89635022826498}, "datetime": {"datetime": "2021-09-24 13:22:07", "elapsed": 299.139942, "delta": 1.596172}}
{"target": 0.43075497638760585, "params": {"eta": 0.1, "max_depth": 1.5639051306624092, "n_estimators": 36.63375284793295}, "datetime": {"datetime": "2021-09-24 13:22:10", "elapsed": 302.104329, "delta": 2.964387}}
{"target": 0.40097448476136954, "params": {"eta": 0.598649748169719, "max_depth": 1.0289111620184053, "n_estimators": 48.0655217919998}, "datetime": {"datetime": "2021-09-24 13:22:12", "elapsed": 303.342106, "delta": 1.237777}}
{"target": 0.4092575370565884, "params": {"eta": 0.1, "max_depth": 1.6578427416227624, "n_estimators": 27.650804839381745}, "datetime": {"datetime": "2021-09-24 13:22:13", "elapsed": 304.938457, "delta": 1.596351}}
{"target": 0.4603157516017463, "params": {"eta": 0.1, "max_depth": 2.439455524429133, "n_estimators": 47.34956769268495}, "datetime": {"datetime": "2021-09-24 13:22:14", "elapsed": 306.249769, "delta": 1.311312}}
{"target": 0.4475035302912762, "params": {"eta": 0.10652735890579065, "max_depth": 2.335308385149291, "n_estimators": 32.642531199430074}, "datetime": {"datetime": "2021-09-24 13:22:16", "elapsed": 307.453207, "delta": 1.203438}}
{"target": 0.41143773560555874, "params": {"eta": 0.12430499950702087, "max_depth": 1.615310667050886, "n_estimators": 23.132506310619167}, "datetime": {"datetime": "2021-09-24 13:22:17", "elapsed": 308.752143, "delta": 1.298936}}
{"target": 0.4133146614755009, "params": {"eta": 0.6, "max_depth": 3.0, "n_estimators": 4.152182564996667}, "datetime": {"datetime": "2021-09-24 13:22:18", "elapsed": 309.995862, "delta": 1.243719}}
{"target": 0.33157772326786006, "params": {"eta": 0.6, "max_depth": 2.1115871256825516, "n_estimators": 22.524731326607583}, "datetime": {"datetime": "2021-09-24 13:22:20", "elapsed": 312.089881, "delta": 2.094019}}
{"target": 0.4592397605915509, "params": {"eta": 0.1, "max_depth": 2.443900509194241, "n_estimators": 46.06951931765859}, "datetime": {"datetime": "2021-09-24 13:22:22", "elapsed": 313.999748, "delta": 1.909867}}
{"target": 0.4237658557020778, "params": {"eta": 0.1, "max_depth": 1.0, "n_estimators": 34.81681110683456}, "datetime": {"datetime": "2021-09-24 13:22:24", "elapsed": 315.883777, "delta": 1.884029}}
{"target": -1.936445469459195, "params": {"eta": 0.1, "max_depth": 1.0, "n_estimators": 3.995387300658754}, "datetime": {"datetime": "2021-09-24 13:22:25", "elapsed": 317.213507, "delta": 1.32973}}
{"target": 0.3675678570352895, "params": {"eta": 0.5949221396249106, "max_depth": 1.7938141243576828, "n_estimators": 3.4460942938334833}, "datetime": {"datetime": "2021-09-24 13:22:27", "elapsed": 319.05769, "delta": 1.844183}}
{"target": 0.4011480796628153, "params": {"eta": 0.6, "max_depth": 1.3839338909192185, "n_estimators": 4.627066005314554}, "datetime": {"datetime": "2021-09-24 13:22:29", "elapsed": 320.866045, "delta": 1.808355}}
{"target": -0.41396653198281097, "params": {"eta": 0.1, "max_depth": 1.0, "n_estimators": 8.781330906986632}, "datetime": {"datetime": "2021-09-24 13:22:31", "elapsed": 322.439657, "delta": 1.573612}}
{"target": -0.815782579224497, "params": {"eta": 0.1, "max_depth": 3.0, "n_estimators": 6.8376685430472754}, "datetime": {"datetime": "2021-09-24 13:22:32", "elapsed": 324.014102, "delta": 1.574445}}
{"target": 0.2879180148383279, "params": {"eta": 0.5838600501117565, "max_depth": 2.9314973361667147, "n_estimators": 2.868786187147773}, "datetime": {"datetime": "2021-09-24 13:22:34", "elapsed": 326.099454, "delta": 2.085352}}
{"target": 0.39090798983733455, "params": {"eta": 0.6, "max_depth": 1.7652569193917909, "n_estimators": 19.05982170531749}, "datetime": {"datetime": "2021-09-24 13:22:37", "elapsed": 328.590307, "delta": 2.490853}}
{"target": 0.2923769354823257, "params": {"eta": 0.6, "max_depth": 2.0366858860956727, "n_estimators": 44.29585411986436}, "datetime": {"datetime": "2021-09-24 13:22:39", "elapsed": 330.423815, "delta": 1.833508}}
{"target": 0.3774132485261713, "params": {"eta": 0.1, "max_depth": 3.0, "n_estimators": 22.969047321283956}, "datetime": {"datetime": "2021-09-24 13:22:40", "elapsed": 332.03985, "delta": 1.616035}}
{"target": 0.43389212244278885, "params": {"eta": 0.5923618909063811, "max_depth": 2.327791321819214, "n_estimators": 7.59722092115412}, "datetime": {"datetime": "2021-09-24 13:22:42", "elapsed": 334.281395, "delta": 2.241545}}
{"target": 0.401381545923268, "params": {"eta": 0.6, "max_depth": 1.0, "n_estimators": 43.62057492792161}, "datetime": {"datetime": "2021-09-24 13:22:44", "elapsed": 335.699231, "delta": 1.417836}}
{"target": 0.39795464209854825, "params": {"eta": 0.6, "max_depth": 1.788044171066727, "n_estimators": 7.231585858048253}, "datetime": {"datetime": "2021-09-24 13:22:46", "elapsed": 337.680212, "delta": 1.980981}}
{"target": 0.2183937288515826, "params": {"eta": 0.6, "max_depth": 3.0, "n_estimators": 33.12832619167154}, "datetime": {"datetime": "2021-09-24 13:22:48", "elapsed": 339.345855, "delta": 1.665643}}
{"target": 0.31963033241746386, "params": {"eta": 0.5841896905766343, "max_depth": 2.6379850360634833, "n_estimators": 27.857331416125948}, "datetime": {"datetime": "2021-09-24 13:22:49", "elapsed": 340.865295, "delta": 1.51944}}
{"target": 0.327114356872368, "params": {"eta": 0.6, "max_depth": 2.1920544020623534, "n_estimators": 25.192103881561565}, "datetime": {"datetime": "2021-09-24 13:22:51", "elapsed": 342.696902, "delta": 1.831607}}
{"target": 0.40162373029673804, "params": {"eta": 0.5731879420812275, "max_depth": 1.6525986700758106, "n_estimators": 11.634082392909233}, "datetime": {"datetime": "2021-09-24 13:22:53", "elapsed": 344.869141, "delta": 2.172239}}
{"target": 0.3581534342052676, "params": {"eta": 0.10612192926242173, "max_depth": 1.0351467869112687, "n_estimators": 20.919060248235155}, "datetime": {"datetime": "2021-09-24 13:22:56", "elapsed": 347.34484, "delta": 2.475699}}
{"target": 0.4265689349689078, "params": {"eta": 0.6, "max_depth": 2.5695171671542005, "n_estimators": 6.27400306215387}, "datetime": {"datetime": "2021-09-24 13:22:57", "elapsed": 348.823873, "delta": 1.479033}}
{"target": 0.3917203206266685, "params": {"eta": 0.595100896052191, "max_depth": 1.1779263116060597, "n_estimators": 20.302571465479694}, "datetime": {"datetime": "2021-09-24 13:22:59", "elapsed": 350.611871, "delta": 1.787998}}
{"target": 0.4421536002431755, "params": {"eta": 0.1, "max_depth": 1.7356259211515728, "n_estimators": 49.46539078011092}, "datetime": {"datetime": "2021-09-24 13:23:01", "elapsed": 352.484951, "delta": 1.87308}}
{"target": 0.4139227001412801, "params": {"eta": 0.6, "max_depth": 1.929337514830642, "n_estimators": 34.001268934514066}, "datetime": {"datetime": "2021-09-24 13:23:03", "elapsed": 354.500953, "delta": 2.016002}}
{"target": 0.4272326236732106, "params": {"eta": 0.1, "max_depth": 1.600780170373885, "n_estimators": 35.56446654056361}, "datetime": {"datetime": "2021-09-24 13:23:05", "elapsed": 356.737633, "delta": 2.23668}}
{"target": 0.38748666318566727, "params": {"eta": 0.6, "max_depth": 1.9856323053743834, "n_estimators": 8.316690255476967}, "datetime": {"datetime": "2021-09-24 13:23:07", "elapsed": 358.750929, "delta": 2.013296}}
{"target": 0.2998289084102689, "params": {"eta": 0.10861734628225309, "max_depth": 2.9816663467289555, "n_estimators": 15.065599467194552}, "datetime": {"datetime": "2021-09-24 13:23:08", "elapsed": 360.270715, "delta": 1.519786}}
{"target": 0.4001118213101561, "params": {"eta": 0.6, "max_depth": 1.0, "n_estimators": 42.0955889035497}, "datetime": {"datetime": "2021-09-24 13:23:10", "elapsed": 361.860362, "delta": 1.589647}}
{"target": 0.20613779275702604, "params": {"eta": 0.6, "max_depth": 3.0, "n_estimators": 35.69786302527077}, "datetime": {"datetime": "2021-09-24 13:23:13", "elapsed": 364.384321, "delta": 2.523959}}
{"target": 0.07102345371518148, "params": {"eta": 0.1098728417530899, "max_depth": 1.0160239254928554, "n_estimators": 11.809720876802706}, "datetime": {"datetime": "2021-09-24 13:23:14", "elapsed": 366.331689, "delta": 1.947368}}
{"target": 0.3304415409620878, "params": {"eta": 0.5790107624337164, "max_depth": 2.979372726625108, "n_estimators": 39.2344832920962}, "datetime": {"datetime": "2021-09-24 13:23:16", "elapsed": 367.903147, "delta": 1.571458}}
{"target": 0.41304202663002487, "params": {"eta": 0.6, "max_depth": 1.5339360904137633, "n_estimators": 27.29736508869389}, "datetime": {"datetime": "2021-09-24 13:23:18", "elapsed": 370.075532, "delta": 2.172385}}
{"target": 0.4140120675248298, "params": {"eta": 0.5888755577709116, "max_depth": 2.401215080874958, "n_estimators": 12.632757049936341}, "datetime": {"datetime": "2021-09-24 13:23:20", "elapsed": 371.57168, "delta": 1.496148}}
{"target": 0.40518347734519233, "params": {"eta": 0.6, "max_depth": 1.4131767416584402, "n_estimators": 40.90466510874728}, "datetime": {"datetime": "2021-09-24 13:23:22", "elapsed": 374.175245, "delta": 2.603565}}
{"target": 0.4157055453888113, "params": {"eta": 0.5999529484283563, "max_depth": 1.6496615938175063, "n_estimators": 35.26335700188998}, "datetime": {"datetime": "2021-09-24 13:23:25", "elapsed": 376.982125, "delta": 2.80688}}
{"target": 0.4496323446489243, "params": {"eta": 0.1, "max_depth": 2.3640817702862056, "n_estimators": 33.82132834089119}, "datetime": {"datetime": "2021-09-24 13:23:27", "elapsed": 378.796588, "delta": 1.814463}}
{"target": 0.3948491100133965, "params": {"eta": 0.1, "max_depth": 1.6766676137637575, "n_estimators": 25.75259536666616}, "datetime": {"datetime": "2021-09-24 13:23:29", "elapsed": 380.438574, "delta": 1.641986}}
{"target": 0.44203032773295003, "params": {"eta": 0.10058233918666984, "max_depth": 2.9852229608360616, "n_estimators": 28.45673471424527}, "datetime": {"datetime": "2021-09-24 13:23:31", "elapsed": 382.601618, "delta": 2.163044}}
{"target": 0.45850474912367245, "params": {"eta": 0.1, "max_depth": 2.5428548284940122, "n_estimators": 43.836647052024674}, "datetime": {"datetime": "2021-09-24 13:23:33", "elapsed": 385.080519, "delta": 2.478901}}
{"target": 0.4035692652121098, "params": {"eta": 0.6, "max_depth": 1.6945774524857151, "n_estimators": 38.40810836479678}, "datetime": {"datetime": "2021-09-24 13:23:35", "elapsed": 387.308505, "delta": 2.227986}}
{"target": 0.4210710294108928, "params": {"eta": 0.1, "max_depth": 3.0, "n_estimators": 39.742945612487986}, "datetime": {"datetime": "2021-09-24 13:23:38", "elapsed": 389.904181, "delta": 2.595676}}
{"target": 0.39684905816769767, "params": {"eta": 0.5848947959337252, "max_depth": 1.5704128773398776, "n_estimators": 20.90598752944802}, "datetime": {"datetime": "2021-09-24 13:23:40", "elapsed": 391.572855, "delta": 1.668674}}
{"target": 0.3388345217751404, "params": {"eta": 0.5661887460958034, "max_depth": 2.999989814526316, "n_estimators": 37.36094157191364}, "datetime": {"datetime": "2021-09-24 13:23:42", "elapsed": 393.622222, "delta": 2.049367}}
{"target": 0.44194561078770156, "params": {"eta": 0.1, "max_depth": 1.5121528057565636, "n_estimators": 47.513453575940254}, "datetime": {"datetime": "2021-09-24 13:23:43", "elapsed": 395.317943, "delta": 1.695721}}
{"target": 0.3996861954669205, "params": {"eta": 0.6, "max_depth": 1.0, "n_estimators": 44.73552500184686}, "datetime": {"datetime": "2021-09-24 13:23:45", "elapsed": 397.112831, "delta": 1.794888}}
{"target": 0.3496700084205958, "params": {"eta": 0.10022498616252665, "max_depth": 2.9896302620527413, "n_estimators": 18.197826645011016}, "datetime": {"datetime": "2021-09-24 13:23:47", "elapsed": 399.063476, "delta": 1.950645}}
{"target": 0.4540766922650942, "params": {"eta": 0.1021088701867933, "max_depth": 2.988642640190461, "n_estimators": 36.5349380715828}, "datetime": {"datetime": "2021-09-24 13:23:49", "elapsed": 401.197005, "delta": 2.133529}}
{"target": 0.4464204917285095, "params": {"eta": 0.14217454357004447, "max_depth": 1.004186231870707, "n_estimators": 45.43752779496339}, "datetime": {"datetime": "2021-09-24 13:23:52", "elapsed": 403.586074, "delta": 2.389069}}
{"target": 0.4424816753757055, "params": {"eta": 0.1209657826710461, "max_depth": 1.280010027202393, "n_estimators": 48.707740244948745}, "datetime": {"datetime": "2021-09-24 13:23:55", "elapsed": 406.464503, "delta": 2.878429}}
{"target": 0.4005198295293424, "params": {"eta": 0.6, "max_depth": 1.6253675009982824, "n_estimators": 6.542870770885403}, "datetime": {"datetime": "2021-09-24 13:23:56", "elapsed": 407.909768, "delta": 1.445265}}
{"target": 0.43667169336637823, "params": {"eta": 0.1, "max_depth": 2.544622576360274, "n_estimators": 26.79530728165146}, "datetime": {"datetime": "2021-09-24 13:23:58", "elapsed": 409.419664, "delta": 1.509896}}
{"target": 0.41346461887655617, "params": {"eta": 0.1, "max_depth": 3.0, "n_estimators": 48.20547956206974}, "datetime": {"datetime": "2021-09-24 13:24:00", "elapsed": 412.06438, "delta": 2.644716}}
