{"target": -48.46738565774788, "params": {"eta": 0.21065106303532974, "max_depth": 4.389686471810784, "n_estimators": 52.74543073036622}, "datetime": {"datetime": "2021-09-24 16:34:18", "elapsed": 63.984671, "delta": 0.559679}}
{"target": -44.39769016351915, "params": {"eta": 0.39720918138110967, "max_depth": 1.190218767489179, "n_estimators": 86.50169053165504}, "datetime": {"datetime": "2021-09-24 16:34:19", "elapsed": 64.890619, "delta": 0.905948}}
{"target": -44.07607831453022, "params": {"eta": 0.2692625623396418, "max_depth": 1.5659516533296056, "n_estimators": 84.33228039632361}, "datetime": {"datetime": "2021-09-24 16:34:19", "elapsed": 65.628395, "delta": 0.737776}}
{"target": -49.05121579564604, "params": {"eta": 0.39953589044556037, "max_depth": 3.096620043455652, "n_estimators": 59.40777014823774}, "datetime": {"datetime": "2021-09-24 16:34:20", "elapsed": 66.260478, "delta": 0.632083}}
{"target": -46.89408822884237, "params": {"eta": 0.29596417450327894, "max_depth": 3.1525014853034232, "n_estimators": 26.866928847415778}, "datetime": {"datetime": "2021-09-24 16:34:20", "elapsed": 66.751477, "delta": 0.490999}}
{"target": -45.080492292131694, "params": {"eta": 0.34312754582619204, "max_depth": 2.7794248657162055, "n_estimators": 36.52327810926365}, "datetime": {"datetime": "2021-09-24 16:34:21", "elapsed": 67.346036, "delta": 0.594559}}
{"target": -56.82810084981129, "params": {"eta": 0.013384512007193584, "max_depth": 1.8611704800854305, "n_estimators": 85.63558801974425}, "datetime": {"datetime": "2021-09-24 16:34:22", "elapsed": 68.061639, "delta": 0.715603}}
{"target": -51.61889149371843, "params": {"eta": 0.4983100715935958, "max_depth": 4.821890045859272, "n_estimators": 36.55169036471114}, "datetime": {"datetime": "2021-09-24 16:34:22", "elapsed": 68.598903, "delta": 0.537264}}
{"target": -46.00052889486901, "params": {"eta": 0.4974110592452812, "max_depth": 1.3457240133888937, "n_estimators": 85.45476596789729}, "datetime": {"datetime": "2021-09-24 16:34:24", "elapsed": 70.715275, "delta": 2.116372}}
{"target": -45.449989605667, "params": {"eta": 0.4751125536421236, "max_depth": 2.0822515380984035, "n_estimators": 19.178096488542486}, "datetime": {"datetime": "2021-09-24 16:34:25", "elapsed": 71.566164, "delta": 0.850889}}
{"target": -45.621413668295496, "params": {"eta": 0.4743248790208798, "max_depth": 1.4637677455038793, "n_estimators": 86.20676122053604}, "datetime": {"datetime": "2021-09-24 16:34:26", "elapsed": 72.656732, "delta": 1.090568}}
{"target": -44.856617863016915, "params": {"eta": 0.18809757308677472, "max_depth": 1.1344359535387898, "n_estimators": 21.504160822166114}, "datetime": {"datetime": "2021-09-24 16:34:27", "elapsed": 73.404634, "delta": 0.747902}}
{"target": -44.344235585148176, "params": {"eta": 0.4701986142276072, "max_depth": 1.706203910193325, "n_estimators": 28.98908276906929}, "datetime": {"datetime": "2021-09-24 16:34:28", "elapsed": 74.058832, "delta": 0.654198}}
{"target": -45.57772634979477, "params": {"eta": 0.23458366370016745, "max_depth": 4.284132394857318, "n_estimators": 33.89730928270253}, "datetime": {"datetime": "2021-09-24 16:34:28", "elapsed": 74.636564, "delta": 0.577732}}
{"target": -46.51481060515669, "params": {"eta": 0.22008001961363652, "max_depth": 3.9675246825738624, "n_estimators": 81.39843824467071}, "datetime": {"datetime": "2021-09-24 16:34:29", "elapsed": 75.182138, "delta": 0.545574}}
{"target": -45.58830611150068, "params": {"eta": 0.4656516814088743, "max_depth": 1.5878204925793031, "n_estimators": 84.67394234968963}, "datetime": {"datetime": "2021-09-24 16:34:30", "elapsed": 76.080902, "delta": 0.898764}}
{"target": -44.326594589348126, "params": {"eta": 0.2664764604253641, "max_depth": 1.0536498780118424, "n_estimators": 19.733353402149262}, "datetime": {"datetime": "2021-09-24 16:34:30", "elapsed": 76.759554, "delta": 0.678652}}
{"target": -49.17697599597443, "params": {"eta": 0.2712487699546848, "max_depth": 3.478215215114484, "n_estimators": 60.634166443188235}, "datetime": {"datetime": "2021-09-24 16:34:31", "elapsed": 77.365405, "delta": 0.605851}}
{"target": -44.25797483974829, "params": {"eta": 0.23471623236257488, "max_depth": 1.3383015976776114, "n_estimators": 21.168292109486515}, "datetime": {"datetime": "2021-09-24 16:34:32", "elapsed": 78.448414, "delta": 1.083009}}
{"target": -45.44072809434475, "params": {"eta": 0.4890703469418196, "max_depth": 1.9601919997651707, "n_estimators": 63.30186395066399}, "datetime": {"datetime": "2021-09-24 16:34:33", "elapsed": 78.963947, "delta": 0.515533}}
{"target": -46.023057579097895, "params": {"eta": 0.478446943184392, "max_depth": 1.7493328096199878, "n_estimators": 84.94544337188395}, "datetime": {"datetime": "2021-09-24 16:34:34", "elapsed": 80.535266, "delta": 1.571319}}
{"target": -43.78714141272064, "params": {"eta": 0.23795290798022073, "max_depth": 1.0133669846217406, "n_estimators": 85.70561465948326}, "datetime": {"datetime": "2021-09-24 16:34:35", "elapsed": 81.659247, "delta": 1.123981}}
{"target": -52.08364638708588, "params": {"eta": 0.46160579491711046, "max_depth": 2.118447794769633, "n_estimators": 85.55108338728029}, "datetime": {"datetime": "2021-09-24 16:34:36", "elapsed": 82.694921, "delta": 1.035674}}
{"target": -44.07488781348207, "params": {"eta": 0.36090500738510906, "max_depth": 2.602804012568085, "n_estimators": 34.07533016866823}, "datetime": {"datetime": "2021-09-24 16:34:37", "elapsed": 83.318022, "delta": 0.623101}}
{"target": -43.56243867802441, "params": {"eta": 0.24975967952985184, "max_depth": 1.1686368382109396, "n_estimators": 57.635421462735714}, "datetime": {"datetime": "2021-09-24 16:34:38", "elapsed": 84.050023, "delta": 0.732001}}
{"target": -43.711162739230275, "params": {"eta": 0.3524011087875255, "max_depth": 2.2279460045644237, "n_estimators": 20.455014104198046}, "datetime": {"datetime": "2021-09-24 16:34:38", "elapsed": 84.638277, "delta": 0.588254}}
{"target": -43.70615111616321, "params": {"eta": 0.25460423803943294, "max_depth": 1.871013678395593, "n_estimators": 30.291043718902824}, "datetime": {"datetime": "2021-09-24 16:34:39", "elapsed": 85.230541, "delta": 0.592264}}
{"target": -44.85276450250382, "params": {"eta": 0.20907768206154662, "max_depth": 3.4673879129687584, "n_estimators": 32.38941135570194}, "datetime": {"datetime": "2021-09-24 16:34:40", "elapsed": 85.934542, "delta": 0.704001}}
{"target": -46.4257408945184, "params": {"eta": 0.13575112191795677, "max_depth": 3.7677544263040312, "n_estimators": 68.8453699015179}, "datetime": {"datetime": "2021-09-24 16:34:40", "elapsed": 86.619875, "delta": 0.685333}}
{"target": -44.07385288324571, "params": {"eta": 0.12481212180851763, "max_depth": 1.9373317553110967, "n_estimators": 61.45877296630929}, "datetime": {"datetime": "2021-09-24 16:34:41", "elapsed": 87.191154, "delta": 0.571279}}
{"target": -44.96171690288343, "params": {"eta": 0.496268398186176, "max_depth": 1.770069840123444, "n_estimators": 52.18646445909457}, "datetime": {"datetime": "2021-09-24 16:34:41", "elapsed": 87.783153, "delta": 0.591999}}
{"target": -48.631083968886756, "params": {"eta": 0.3004193384352809, "max_depth": 4.30766518789104, "n_estimators": 36.66794243663274}, "datetime": {"datetime": "2021-09-24 16:34:42", "elapsed": 88.403551, "delta": 0.620398}}
{"target": -44.154099887475034, "params": {"eta": 0.31084455887737994, "max_depth": 1.9337726256393597, "n_estimators": 20.929393707666755}, "datetime": {"datetime": "2021-09-24 16:34:43", "elapsed": 89.044256, "delta": 0.640705}}
{"target": -43.35185382240697, "params": {"eta": 0.19846941873262558, "max_depth": 2.235964305898493, "n_estimators": 30.428120682654473}, "datetime": {"datetime": "2021-09-24 16:34:43", "elapsed": 89.72426, "delta": 0.680004}}
{"target": -43.739832741873606, "params": {"eta": 0.21756280738640393, "max_depth": 1.5785868451385965, "n_estimators": 77.03924231956155}, "datetime": {"datetime": "2021-09-24 16:34:44", "elapsed": 90.279628, "delta": 0.555368}}
{"target": -48.52423484343335, "params": {"eta": 0.24848502269681236, "max_depth": 4.333787111659992, "n_estimators": 88.21597818198823}, "datetime": {"datetime": "2021-09-24 16:34:45", "elapsed": 91.109239, "delta": 0.829611}}
{"target": -43.77219508465071, "params": {"eta": 0.42578549369907587, "max_depth": 1.590530971667652, "n_estimators": 48.00692739780415}, "datetime": {"datetime": "2021-09-24 16:34:45", "elapsed": 91.808243, "delta": 0.699004}}
{"target": -45.99877786277828, "params": {"eta": 0.03416261525730684, "max_depth": 3.2339423230452042, "n_estimators": 57.2598658801801}, "datetime": {"datetime": "2021-09-24 16:34:46", "elapsed": 92.517981, "delta": 0.709738}}
{"target": -45.42710885069424, "params": {"eta": 0.46286320643593265, "max_depth": 1.0240784245742205, "n_estimators": 85.25202775224837}, "datetime": {"datetime": "2021-09-24 16:34:48", "elapsed": 93.960214, "delta": 1.442233}}
{"target": -45.24611623663651, "params": {"eta": 0.18237436525068343, "max_depth": 1.9299539359688866, "n_estimators": 20.47957634938693}, "datetime": {"datetime": "2021-09-24 16:34:48", "elapsed": 94.64808, "delta": 0.687866}}
{"target": -49.46444240369295, "params": {"eta": 0.29803170105464083, "max_depth": 3.129169195773532, "n_estimators": 73.60910101451182}, "datetime": {"datetime": "2021-09-24 16:34:49", "elapsed": 95.582792, "delta": 0.934712}}
{"target": -44.790408887361224, "params": {"eta": 0.15321723871297524, "max_depth": 1.9356087483005004, "n_estimators": 30.479123354222864}, "datetime": {"datetime": "2021-09-24 16:34:51", "elapsed": 97.091664, "delta": 1.508872}}
{"target": -45.34106098261095, "params": {"eta": 0.1631049884392464, "max_depth": 2.1050711396790454, "n_estimators": 85.18044476950976}, "datetime": {"datetime": "2021-09-24 16:34:52", "elapsed": 98.651234, "delta": 1.55957}}
{"target": -50.19545814686252, "params": {"eta": 0.04874349798772169, "max_depth": 2.027470586118319, "n_estimators": 30.22333118752301}, "datetime": {"datetime": "2021-09-24 16:34:54", "elapsed": 99.88207, "delta": 1.230836}}
{"target": -43.75644930502526, "params": {"eta": 0.11143081240358284, "max_depth": 2.7169729611779743, "n_estimators": 71.4816121496612}, "datetime": {"datetime": "2021-09-24 16:34:54", "elapsed": 100.628904, "delta": 0.746834}}
{"target": -46.214140985245095, "params": {"eta": 0.035753040391151826, "max_depth": 1.1770347773895464, "n_estimators": 85.21131599000614}, "datetime": {"datetime": "2021-09-24 16:34:56", "elapsed": 101.855827, "delta": 1.226923}}
{"target": -46.1238966059864, "params": {"eta": 0.4776278152564984, "max_depth": 2.9148622392878516, "n_estimators": 31.706314217008973}, "datetime": {"datetime": "2021-09-24 16:34:56", "elapsed": 102.513691, "delta": 0.657864}}
{"target": -111.5654573799076, "params": {"eta": 0.016803576406721643, "max_depth": 3.9838305603626027, "n_estimators": 16.948917044672022}, "datetime": {"datetime": "2021-09-24 16:34:57", "elapsed": 103.114179, "delta": 0.600488}}
{"target": -47.73563849657102, "params": {"eta": 0.45268389702037437, "max_depth": 2.0958923919468258, "n_estimators": 30.47812875046705}, "datetime": {"datetime": "2021-09-24 16:34:59", "elapsed": 104.97873, "delta": 1.864551}}
{"target": -45.84601831077633, "params": {"eta": 0.4872858324765342, "max_depth": 1.7404025618097876, "n_estimators": 84.14458159173135}, "datetime": {"datetime": "2021-09-24 16:35:00", "elapsed": 106.522097, "delta": 1.543367}}
{"target": -43.82040015199131, "params": {"eta": 0.17609863434206063, "max_depth": 2.263014911701209, "n_estimators": 39.05103973181564}, "datetime": {"datetime": "2021-09-24 16:35:01", "elapsed": 107.147522, "delta": 0.625425}}
{"target": -45.07880656880543, "params": {"eta": 0.4980146330483389, "max_depth": 1.1272902561737728, "n_estimators": 19.368162585008008}, "datetime": {"datetime": "2021-09-24 16:35:02", "elapsed": 108.681079, "delta": 1.533557}}
{"target": -44.521230711972805, "params": {"eta": 0.21914141210469026, "max_depth": 2.3253623508470262, "n_estimators": 20.75596425568831}, "datetime": {"datetime": "2021-09-24 16:35:04", "elapsed": 109.894151, "delta": 1.213072}}
{"target": -43.604831322691496, "params": {"eta": 0.3646499018639094, "max_depth": 1.829534143704739, "n_estimators": 45.62751141747281}, "datetime": {"datetime": "2021-09-24 16:35:05", "elapsed": 111.347318, "delta": 1.453167}}
{"target": -43.66887317743517, "params": {"eta": 0.26205597643494516, "max_depth": 1.2703961253553553, "n_estimators": 55.55154854903739}, "datetime": {"datetime": "2021-09-24 16:35:06", "elapsed": 112.086316, "delta": 0.738998}}
{"target": -44.392962405556126, "params": {"eta": 0.17086471115411725, "max_depth": 2.6722060501749447, "n_estimators": 15.691438416859507}, "datetime": {"datetime": "2021-09-24 16:35:06", "elapsed": 112.701267, "delta": 0.614951}}
{"target": -46.93441921606996, "params": {"eta": 0.07281055951758053, "max_depth": 1.14394357429001, "n_estimators": 36.51547125791158}, "datetime": {"datetime": "2021-09-24 16:35:07", "elapsed": 113.450165, "delta": 0.748898}}
{"target": -48.884020296254555, "params": {"eta": 0.076604155209846, "max_depth": 1.0346781767529762, "n_estimators": 24.597591569201754}, "datetime": {"datetime": "2021-09-24 16:35:08", "elapsed": 114.32017, "delta": 0.870005}}
{"target": -45.68094675164474, "params": {"eta": 0.07579310644487376, "max_depth": 1.8579836539257972, "n_estimators": 45.41432839778573}, "datetime": {"datetime": "2021-09-24 16:35:10", "elapsed": 115.86605, "delta": 1.54588}}
{"target": -43.6791798297624, "params": {"eta": 0.22120170290563804, "max_depth": 1.6132472862555676, "n_estimators": 45.88399894377829}, "datetime": {"datetime": "2021-09-24 16:35:11", "elapsed": 117.204005, "delta": 1.337955}}
{"target": -47.90010716144304, "params": {"eta": 0.4834825020758036, "max_depth": 3.242186386691951, "n_estimators": 28.43569822493217}, "datetime": {"datetime": "2021-09-24 16:35:12", "elapsed": 117.858002, "delta": 0.653997}}
{"target": -43.87749185777248, "params": {"eta": 0.427819688140781, "max_depth": 1.799491537197059, "n_estimators": 45.30489457303587}, "datetime": {"datetime": "2021-09-24 16:35:14", "elapsed": 120.294352, "delta": 2.43635}}
{"target": -44.33993209035773, "params": {"eta": 0.12480934872013696, "max_depth": 1.859595813851946, "n_estimators": 48.171957998574655}, "datetime": {"datetime": "2021-09-24 16:35:15", "elapsed": 121.041434, "delta": 0.747082}}
{"target": -44.49418470913306, "params": {"eta": 0.46058296813234967, "max_depth": 1.3651173475214438, "n_estimators": 45.82714067756909}, "datetime": {"datetime": "2021-09-24 16:35:16", "elapsed": 122.551437, "delta": 1.510003}}
{"target": -48.70937610568857, "params": {"eta": 0.48781311355085527, "max_depth": 2.886929021436933, "n_estimators": 65.93199537091326}, "datetime": {"datetime": "2021-09-24 16:35:17", "elapsed": 123.275436, "delta": 0.723999}}
{"target": -45.2880013831576, "params": {"eta": 0.08500998590385407, "max_depth": 1.2765042839434826, "n_estimators": 45.77704099072048}, "datetime": {"datetime": "2021-09-24 16:35:19", "elapsed": 124.938435, "delta": 1.662999}}
{"target": -44.64171448327545, "params": {"eta": 0.10930162586232374, "max_depth": 3.0076093026405055, "n_estimators": 60.37144347151174}, "datetime": {"datetime": "2021-09-24 16:35:20", "elapsed": 126.210436, "delta": 1.272001}}
{"target": -45.38338880610645, "params": {"eta": 0.16295702088705266, "max_depth": 4.213456007162292, "n_estimators": 22.17237022939124}, "datetime": {"datetime": "2021-09-24 16:35:21", "elapsed": 126.948435, "delta": 0.737999}}
{"target": -44.63710555456635, "params": {"eta": 0.10990137839438001, "max_depth": 1.5021317614256526, "n_estimators": 47.990548623691595}, "datetime": {"datetime": "2021-09-24 16:35:22", "elapsed": 128.709436, "delta": 1.761001}}
{"target": -43.77259341935466, "params": {"eta": 0.2419685413685666, "max_depth": 3.6567355702919846, "n_estimators": 38.17528157416732}, "datetime": {"datetime": "2021-09-24 16:35:23", "elapsed": 129.771449, "delta": 1.062013}}
{"target": -43.507208401099184, "params": {"eta": 0.33160059884617593, "max_depth": 1.5787385391381514, "n_estimators": 48.342220575469085}, "datetime": {"datetime": "2021-09-24 16:35:25", "elapsed": 131.339434, "delta": 1.567985}}
{"target": -53.06607716065601, "params": {"eta": 0.41756922734154517, "max_depth": 3.080064436748749, "n_estimators": 77.87108975215814}, "datetime": {"datetime": "2021-09-24 16:35:26", "elapsed": 132.127436, "delta": 0.788002}}
{"target": -44.21043298477517, "params": {"eta": 0.04630120999430078, "max_depth": 3.881725502629536, "n_estimators": 78.58118757415573}, "datetime": {"datetime": "2021-09-24 16:35:27", "elapsed": 133.053435, "delta": 0.925999}}
{"target": -44.90280848338192, "params": {"eta": 0.47319607014652126, "max_depth": 1.4897102584983601, "n_estimators": 45.550423234487766}, "datetime": {"datetime": "2021-09-24 16:35:30", "elapsed": 136.209865, "delta": 3.15643}}
{"target": -43.28499505752907, "params": {"eta": 0.3465661311927304, "max_depth": 1.9053490136999662, "n_estimators": 47.82455857314481}, "datetime": {"datetime": "2021-09-24 16:35:32", "elapsed": 138.287773, "delta": 2.077908}}
{"target": -44.78278746640772, "params": {"eta": 0.3011667186254083, "max_depth": 1.0546666979960446, "n_estimators": 58.35891950854282}, "datetime": {"datetime": "2021-09-24 16:35:33", "elapsed": 139.073322, "delta": 0.785549}}
{"target": -43.7278302414973, "params": {"eta": 0.1325452475294522, "max_depth": 1.9377729711144034, "n_estimators": 75.23063704691813}, "datetime": {"datetime": "2021-09-24 16:35:34", "elapsed": 140.043325, "delta": 0.970003}}
{"target": -46.21124198741482, "params": {"eta": 0.4347599097769354, "max_depth": 2.381528969021125, "n_estimators": 11.082118690979508}, "datetime": {"datetime": "2021-09-24 16:35:35", "elapsed": 141.097336, "delta": 1.054011}}
{"target": -44.08406821229404, "params": {"eta": 0.10072361488514496, "max_depth": 2.7199530660780766, "n_estimators": 86.79547136498087}, "datetime": {"datetime": "2021-09-24 16:35:36", "elapsed": 142.328334, "delta": 1.230998}}
{"target": -44.23308451372878, "params": {"eta": 0.06700819881446986, "max_depth": 3.6354514720095774, "n_estimators": 53.31420105243361}, "datetime": {"datetime": "2021-09-24 16:35:37", "elapsed": 143.317634, "delta": 0.9893}}
{"target": -43.95579537413174, "params": {"eta": 0.31620883905929187, "max_depth": 1.51444526124497, "n_estimators": 63.5684684912481}, "datetime": {"datetime": "2021-09-24 16:35:38", "elapsed": 144.316636, "delta": 0.999002}}
{"target": -43.77051624498869, "params": {"eta": 0.1604911597629997, "max_depth": 1.7235419717375438, "n_estimators": 47.667139464014156}, "datetime": {"datetime": "2021-09-24 16:35:42", "elapsed": 148.753092, "delta": 4.436456}}
{"target": -44.930854481862006, "params": {"eta": 0.4763469286171788, "max_depth": 1.8787159868124637, "n_estimators": 48.1772595338919}, "datetime": {"datetime": "2021-09-24 16:35:45", "elapsed": 150.858666, "delta": 2.105574}}
{"target": -47.33790490860329, "params": {"eta": 0.2684464690073322, "max_depth": 4.322222575497386, "n_estimators": 46.63396803033723}, "datetime": {"datetime": "2021-09-24 16:35:46", "elapsed": 152.098338, "delta": 1.239672}}
{"target": -45.19758109759567, "params": {"eta": 0.4979534818309895, "max_depth": 1.6524913534378496, "n_estimators": 47.659409229247096}, "datetime": {"datetime": "2021-09-24 16:35:48", "elapsed": 154.337009, "delta": 2.238671}}
{"target": -110.53216905522167, "params": {"eta": 0.013659469404753115, "max_depth": 2.292791179778108, "n_estimators": 20.446323803311127}, "datetime": {"datetime": "2021-09-24 16:35:51", "elapsed": 157.297231, "delta": 2.960222}}
{"target": -44.29646995372342, "params": {"eta": 0.07614588162376826, "max_depth": 1.2251031870198297, "n_estimators": 82.23441482168121}, "datetime": {"datetime": "2021-09-24 16:35:52", "elapsed": 158.38635, "delta": 1.089119}}
{"target": -47.78894341260867, "params": {"eta": 0.0443462444547468, "max_depth": 4.899384038990448, "n_estimators": 42.366950000508425}, "datetime": {"datetime": "2021-09-24 16:35:53", "elapsed": 159.456597, "delta": 1.070247}}
{"target": -43.96871844987224, "params": {"eta": 0.13738176394065843, "max_depth": 1.8634618036732062, "n_estimators": 59.18138589722405}, "datetime": {"datetime": "2021-09-24 16:35:54", "elapsed": 160.411226, "delta": 0.954629}}
{"target": -45.63893592088743, "params": {"eta": 0.374185805795746, "max_depth": 2.4919582841327066, "n_estimators": 20.903161486822412}, "datetime": {"datetime": "2021-09-24 16:35:57", "elapsed": 163.042504, "delta": 2.631278}}
{"target": -43.95309069640654, "params": {"eta": 0.4072692101659319, "max_depth": 1.955885457800743, "n_estimators": 20.63081862595867}, "datetime": {"datetime": "2021-09-24 16:35:59", "elapsed": 165.843802, "delta": 2.801298}}
{"target": -77.36809628708919, "params": {"eta": 0.03495040122632089, "max_depth": 2.2080603993785615, "n_estimators": 18.067599554328567}, "datetime": {"datetime": "2021-09-24 16:36:01", "elapsed": 166.875722, "delta": 1.03192}}
{"target": -44.68976902782469, "params": {"eta": 0.32210165611952696, "max_depth": 2.3483634952171726, "n_estimators": 29.455323150859776}, "datetime": {"datetime": "2021-09-24 16:36:02", "elapsed": 168.089669, "delta": 1.213947}}
{"target": -45.181427805047285, "params": {"eta": 0.42535519919825865, "max_depth": 2.2825679384354545, "n_estimators": 20.729795729316443}, "datetime": {"datetime": "2021-09-24 16:36:05", "elapsed": 171.315916, "delta": 3.226247}}
{"target": -68.18143632358178, "params": {"eta": 0.020768736923907852, "max_depth": 3.228299489810965, "n_estimators": 39.181087297535136}, "datetime": {"datetime": "2021-09-24 16:36:06", "elapsed": 172.365918, "delta": 1.050002}}
{"target": -44.24205963593677, "params": {"eta": 0.25999452181465416, "max_depth": 1.6023327752644216, "n_estimators": 20.45315838172666}, "datetime": {"datetime": "2021-09-24 16:36:09", "elapsed": 175.071475, "delta": 2.705557}}
