{"target": 0.45402331646205596, "params": {"eta": 0.4, "max_depth": 1.6583475259728429, "n_estimators": 31.019545790331488}, "datetime": {"datetime": "2021-09-24 13:12:29", "elapsed": 368.97336, "delta": 1.846281}}
{"target": 0.41572558094057854, "params": {"eta": 0.4, "max_depth": 3.0, "n_estimators": 13.990861906848718}, "datetime": {"datetime": "2021-09-24 13:12:30", "elapsed": 370.803942, "delta": 1.830582}}
{"target": 0.4539360819105367, "params": {"eta": 0.4007327744916161, "max_depth": 1.8691582211414985, "n_estimators": 31.83705784502781}, "datetime": {"datetime": "2021-09-24 13:12:33", "elapsed": 373.751044, "delta": 2.947102}}
{"target": 0.44343388534632855, "params": {"eta": 0.4, "max_depth": 1.2786201484683166, "n_estimators": 14.648888458898476}, "datetime": {"datetime": "2021-09-24 13:12:35", "elapsed": 375.787132, "delta": 2.036088}}
{"target": 0.4464962482631326, "params": {"eta": 0.4, "max_depth": 2.534496682781473, "n_estimators": 8.775189264990992}, "datetime": {"datetime": "2021-09-24 13:12:37", "elapsed": 377.662258, "delta": 1.875126}}
{"target": 0.4525236382539436, "params": {"eta": 0.4, "max_depth": 1.5943995562551954, "n_estimators": 48.52535146862566}, "datetime": {"datetime": "2021-09-24 13:12:39", "elapsed": 379.514093, "delta": 1.851835}}
{"target": 0.4198624560565134, "params": {"eta": 0.8, "max_depth": 1.7762891991479726, "n_estimators": 6.446086895637055}, "datetime": {"datetime": "2021-09-24 13:12:41", "elapsed": 381.570711, "delta": 2.056618}}
{"target": 0.45721247856805414, "params": {"eta": 0.4, "max_depth": 1.0, "n_estimators": 38.925043379426164}, "datetime": {"datetime": "2021-09-24 13:12:43", "elapsed": 383.322085, "delta": 1.751374}}
{"target": 0.45497532325005596, "params": {"eta": 0.4, "max_depth": 1.8599641788261392, "n_estimators": 42.297797283085885}, "datetime": {"datetime": "2021-09-24 13:12:45", "elapsed": 385.428672, "delta": 2.106587}}
{"target": 0.4331158793217683, "params": {"eta": 0.4030352483227176, "max_depth": 2.0175361225308452, "n_estimators": 19.88599612327968}, "datetime": {"datetime": "2021-09-24 13:12:47", "elapsed": 387.093671, "delta": 1.664999}}
{"target": 0.44375101290199925, "params": {"eta": 0.40768495121418824, "max_depth": 2.9943598702711527, "n_estimators": 22.156709152795855}, "datetime": {"datetime": "2021-09-24 13:12:48", "elapsed": 388.805673, "delta": 1.712002}}
{"target": 0.4536149829893361, "params": {"eta": 0.4, "max_depth": 1.4707014621798418, "n_estimators": 26.778107847304423}, "datetime": {"datetime": "2021-09-24 13:12:50", "elapsed": 390.409674, "delta": 1.604001}}
{"target": 0.3801854019301858, "params": {"eta": 0.4, "max_depth": 2.09298157167277, "n_estimators": 40.93540494308529}, "datetime": {"datetime": "2021-09-24 13:12:52", "elapsed": 392.547667, "delta": 2.137993}}
{"target": 0.45268027172878, "params": {"eta": 0.4, "max_depth": 1.9893873911526907, "n_estimators": 27.10512493188003}, "datetime": {"datetime": "2021-09-24 13:12:55", "elapsed": 395.494206, "delta": 2.946539}}
{"target": 0.4525236382539436, "params": {"eta": 0.4, "max_depth": 1.0, "n_estimators": 48.29767781479882}, "datetime": {"datetime": "2021-09-24 13:12:57", "elapsed": 397.663229, "delta": 2.169023}}
{"target": 0.45692182543761384, "params": {"eta": 0.4, "max_depth": 1.0, "n_estimators": 30.320953708478637}, "datetime": {"datetime": "2021-09-24 13:12:59", "elapsed": 399.641204, "delta": 1.977975}}
{"target": 0.4516734166317671, "params": {"eta": 0.4009532876123324, "max_depth": 1.5893551682966993, "n_estimators": 33.470360110870985}, "datetime": {"datetime": "2021-09-24 13:13:01", "elapsed": 401.819725, "delta": 2.178521}}
{"target": 0.450093743735112, "params": {"eta": 0.4, "max_depth": 1.0, "n_estimators": 45.30198602985619}, "datetime": {"datetime": "2021-09-24 13:13:04", "elapsed": 404.764112, "delta": 2.944387}}
{"target": 0.4522828397277592, "params": {"eta": 0.4, "max_depth": 1.3707814956251954, "n_estimators": 24.69884589706374}, "datetime": {"datetime": "2021-09-24 13:13:07", "elapsed": 407.328595, "delta": 2.564483}}
{"target": 0.45377313314394085, "params": {"eta": 0.40197273476713535, "max_depth": 1.027111484857003, "n_estimators": 22.085945505834847}, "datetime": {"datetime": "2021-09-24 13:13:09", "elapsed": 409.649316, "delta": 2.320721}}
{"target": 0.4539159233829462, "params": {"eta": 0.40780776573878746, "max_depth": 1.5938366454493986, "n_estimators": 28.711462397644446}, "datetime": {"datetime": "2021-09-24 13:13:12", "elapsed": 412.015814, "delta": 2.366498}}
{"target": 0.4515460692637455, "params": {"eta": 0.4, "max_depth": 1.617738501915435, "n_estimators": 19.432760001503848}, "datetime": {"datetime": "2021-09-24 13:13:14", "elapsed": 414.656305, "delta": 2.640491}}
{"target": 0.4558264686952639, "params": {"eta": 0.4, "max_depth": 1.6686740402562963, "n_estimators": 36.119198925460736}, "datetime": {"datetime": "2021-09-24 13:13:17", "elapsed": 417.951707, "delta": 3.295402}}
{"target": 0.4432458433587466, "params": {"eta": 0.41796840318103645, "max_depth": 1.3309726253949694, "n_estimators": 28.30630457718461}, "datetime": {"datetime": "2021-09-24 13:13:20", "elapsed": 420.012619, "delta": 2.060912}}
{"target": 0.44407922813647804, "params": {"eta": 0.4135481633087333, "max_depth": 1.0087011696686605, "n_estimators": 31.379672400427246}, "datetime": {"datetime": "2021-09-24 13:13:22", "elapsed": 422.713635, "delta": 2.701016}}
{"target": 0.44453441006356353, "params": {"eta": 0.4, "max_depth": 2.0234359329834657, "n_estimators": 21.496143095033176}, "datetime": {"datetime": "2021-09-24 13:13:24", "elapsed": 424.750645, "delta": 2.03701}}
{"target": 0.4485594724950086, "params": {"eta": 0.42000006710346455, "max_depth": 1.0180860644998715, "n_estimators": 48.75353613180988}, "datetime": {"datetime": "2021-09-24 13:13:27", "elapsed": 427.018648, "delta": 2.268003}}
{"target": 0.44293634998618026, "params": {"eta": 0.4, "max_depth": 2.1424502723676744, "n_estimators": 15.037226902961931}, "datetime": {"datetime": "2021-09-24 13:13:29", "elapsed": 429.02955, "delta": 2.010902}}
{"target": 0.4367804972320888, "params": {"eta": 0.4, "max_depth": 2.0534839704336094, "n_estimators": 22.42689571807775}, "datetime": {"datetime": "2021-09-24 13:13:31", "elapsed": 431.080072, "delta": 2.050522}}
{"target": 0.44741635239698185, "params": {"eta": 0.4, "max_depth": 1.891208016675713, "n_estimators": 11.444847334338396}, "datetime": {"datetime": "2021-09-24 13:13:33", "elapsed": 433.35998, "delta": 2.279908}}
{"target": 0.46055178037099564, "params": {"eta": 0.4042369500192052, "max_depth": 1.706071648104229, "n_estimators": 46.34757003292368}, "datetime": {"datetime": "2021-09-24 13:13:35", "elapsed": 435.599212, "delta": 2.239232}}
{"target": 0.45721247856805414, "params": {"eta": 0.4, "max_depth": 1.8117726191340475, "n_estimators": 38.680868257043365}, "datetime": {"datetime": "2021-09-24 13:13:38", "elapsed": 438.829435, "delta": 3.230223}}
{"target": 0.4532338563202657, "params": {"eta": 0.4049708820843281, "max_depth": 1.0130047604400765, "n_estimators": 24.31182697814055}, "datetime": {"datetime": "2021-09-24 13:13:41", "elapsed": 441.230069, "delta": 2.400634}}
{"target": 0.45532830403458424, "params": {"eta": 0.4, "max_depth": 1.7191907012270675, "n_estimators": 40.363841667865664}, "datetime": {"datetime": "2021-09-24 13:13:43", "elapsed": 443.331309, "delta": 2.10124}}
{"target": 0.32675142771317744, "params": {"eta": 0.8, "max_depth": 3.0, "n_estimators": 8.61201930519999}, "datetime": {"datetime": "2021-09-24 13:13:45", "elapsed": 445.682779, "delta": 2.35147}}
{"target": 0.44565554531260243, "params": {"eta": 0.4, "max_depth": 1.3656040834693945, "n_estimators": 18.07887886249855}, "datetime": {"datetime": "2021-09-24 13:13:49", "elapsed": 449.259664, "delta": 3.576885}}
{"target": 0.38137878280661663, "params": {"eta": 0.4, "max_depth": 2.0294227948784545, "n_estimators": 37.75222980254304}, "datetime": {"datetime": "2021-09-24 13:13:51", "elapsed": 451.894798, "delta": 2.635134}}
{"target": -1.66260094837472, "params": {"eta": 0.30851100235128703, "max_depth": 2.440648986884316, "n_estimators": 1.0056043660498994}, "datetime": {"datetime": "2021-09-24 13:17:08", "elapsed": 0.0, "delta": 0.0}}
{"target": 0.1612281303618771, "params": {"eta": 0.25116628631591986, "max_depth": 1.293511781634226, "n_estimators": 5.524591143671092}, "datetime": {"datetime": "2021-09-24 13:17:08", "elapsed": 0.022998, "delta": 0.022998}}
{"target": 0.42862509183653474, "params": {"eta": 0.19313010568883546, "max_depth": 1.6911214540860955, "n_estimators": 20.441606237302828}, "datetime": {"datetime": "2021-09-24 13:17:08", "elapsed": 0.065998, "delta": 0.043}}
{"target": 0.45755361357440183, "params": {"eta": 0.36940836700167845, "max_depth": 1.8383890288065896, "n_estimators": 34.575755519441216}, "datetime": {"datetime": "2021-09-24 13:17:08", "elapsed": 0.113003, "delta": 0.047005}}
{"target": 0.4715367833337314, "params": {"eta": 0.3425471329615144, "max_depth": 1.9194896531314587, "n_estimators": 34.789874192867}, "datetime": {"datetime": "2021-09-24 13:17:08", "elapsed": 0.261, "delta": 0.147997}}
{"target": 0.3836632629691443, "params": {"eta": 0.20713998940858636, "max_depth": 1.0, "n_estimators": 11.071621785970896}, "datetime": {"datetime": "2021-09-24 13:17:09", "elapsed": 0.707606, "delta": 0.446606}}
{"target": 0.3961813555160978, "params": {"eta": 0.1, "max_depth": 3.0, "n_estimators": 26.343498275022657}, "datetime": {"datetime": "2021-09-24 13:17:10", "elapsed": 1.488605, "delta": 0.780999}}
{"target": 0.4049593897840341, "params": {"eta": 0.6, "max_depth": 1.0, "n_estimators": 41.347459615115206}, "datetime": {"datetime": "2021-09-24 13:17:10", "elapsed": 2.170523, "delta": 0.681918}}
{"target": 0.3377203065647715, "params": {"eta": 0.48905131581705363, "max_depth": 2.9901644796630116, "n_estimators": 48.04203758566076}, "datetime": {"datetime": "2021-09-24 13:17:12", "elapsed": 3.459582, "delta": 1.289059}}
{"target": 0.3025497417746117, "params": {"eta": 0.6, "max_depth": 3.0, "n_estimators": 15.744213715964099}, "datetime": {"datetime": "2021-09-24 13:17:12", "elapsed": 4.009698, "delta": 0.550116}}
{"target": 0.44765018898167497, "params": {"eta": 0.258010356053774, "max_depth": 1.0024592618540495, "n_estimators": 29.546219417374164}, "datetime": {"datetime": "2021-09-24 13:17:13", "elapsed": 4.85848, "delta": 0.848782}}
{"target": 0.42298148591542983, "params": {"eta": 0.1, "max_depth": 3.0, "n_estimators": 38.87764735638857}, "datetime": {"datetime": "2021-09-24 13:17:14", "elapsed": 5.399169, "delta": 0.540689}}
{"target": -0.3928041947959806, "params": {"eta": 0.1, "max_depth": 3.0, "n_estimators": 8.636888140874227}, "datetime": {"datetime": "2021-09-24 13:17:14", "elapsed": 5.66357, "delta": 0.264401}}
{"target": 0.4208436109550022, "params": {"eta": 0.1, "max_depth": 3.0, "n_estimators": 44.180418950605635}, "datetime": {"datetime": "2021-09-24 13:17:14", "elapsed": 6.034568, "delta": 0.370998}}
{"target": 0.4224431996573016, "params": {"eta": 0.4944222172653977, "max_depth": 1.0309940609606332, "n_estimators": 23.788184362675757}, "datetime": {"datetime": "2021-09-24 13:17:15", "elapsed": 6.738591, "delta": 0.704023}}
{"target": 0.4547103001853905, "params": {"eta": 0.18325439901676313, "max_depth": 1.0033742628028233, "n_estimators": 49.89503207283847}, "datetime": {"datetime": "2021-09-24 13:17:15", "elapsed": 7.085607, "delta": 0.347016}}
{"target": 0.39777708923383714, "params": {"eta": 0.6, "max_depth": 1.0, "n_estimators": 45.917425690957415}, "datetime": {"datetime": "2021-09-24 13:17:16", "elapsed": 7.367591, "delta": 0.281984}}
{"target": 0.41281500903526847, "params": {"eta": 0.1, "max_depth": 3.0, "n_estimators": 31.23508392319043}, "datetime": {"datetime": "2021-09-24 13:17:16", "elapsed": 7.672964, "delta": 0.305373}}
{"target": 0.17391723483530108, "params": {"eta": 0.1, "max_depth": 1.0, "n_estimators": 14.258731640628175}, "datetime": {"datetime": "2021-09-24 13:17:16", "elapsed": 8.199756, "delta": 0.526792}}
{"target": 0.43494988952354363, "params": {"eta": 0.1, "max_depth": 1.0, "n_estimators": 37.53042152689212}, "datetime": {"datetime": "2021-09-24 13:17:17", "elapsed": 8.571756, "delta": 0.372}}
{"target": 0.254468915931781, "params": {"eta": 0.6, "max_depth": 3.0, "n_estimators": 22.525341924515114}, "datetime": {"datetime": "2021-09-24 13:17:17", "elapsed": 8.950954, "delta": 0.379198}}
{"target": 0.46415247471860854, "params": {"eta": 0.36786347558591226, "max_depth": 1.016655717230693, "n_estimators": 17.915958471497348}, "datetime": {"datetime": "2021-09-24 13:17:17", "elapsed": 9.200327, "delta": 0.249373}}
{"target": 0.4088361611234248, "params": {"eta": 0.6, "max_depth": 1.0, "n_estimators": 26.81384529370355}, "datetime": {"datetime": "2021-09-24 13:17:18", "elapsed": 9.546957, "delta": 0.34663}}
{"target": 0.4344988077660834, "params": {"eta": 0.14631883770548218, "max_depth": 2.9692748698613447, "n_estimators": 18.722260851815182}, "datetime": {"datetime": "2021-09-24 13:17:18", "elapsed": 9.934518, "delta": 0.387561}}
{"target": 0.2256805822028657, "params": {"eta": 0.6, "max_depth": 3.0, "n_estimators": 28.781479354381663}, "datetime": {"datetime": "2021-09-24 13:17:18", "elapsed": 10.256512, "delta": 0.321994}}
{"target": 0.31108681610464706, "params": {"eta": 0.5442726489658463, "max_depth": 2.947363558911869, "n_estimators": 36.65023501606206}, "datetime": {"datetime": "2021-09-24 13:17:19", "elapsed": 11.061087, "delta": 0.804575}}
{"target": 0.4457067601902043, "params": {"eta": 0.21576846859819412, "max_depth": 2.995841529504482, "n_estimators": 41.373628191863865}, "datetime": {"datetime": "2021-09-24 13:17:20", "elapsed": 11.47972, "delta": 0.418633}}
{"target": 0.41157848163339095, "params": {"eta": 0.1, "max_depth": 3.0, "n_estimators": 50.0}, "datetime": {"datetime": "2021-09-24 13:17:20", "elapsed": 11.884855, "delta": 0.405135}}
{"target": 0.4250071165785113, "params": {"eta": 0.10589442787378087, "max_depth": 1.0835032086095375, "n_estimators": 32.055683515815886}, "datetime": {"datetime": "2021-09-24 13:17:21", "elapsed": 12.334857, "delta": 0.450002}}
{"target": 0.4406570686672626, "params": {"eta": 0.1, "max_depth": 1.0, "n_estimators": 43.546390858449875}, "datetime": {"datetime": "2021-09-24 13:17:21", "elapsed": 12.761212, "delta": 0.426355}}
{"target": 0.41679706299636554, "params": {"eta": 0.1, "max_depth": 3.0, "n_estimators": 33.816812054913875}, "datetime": {"datetime": "2021-09-24 13:17:21", "elapsed": 13.140218, "delta": 0.379006}}
{"target": 0.44537056200731207, "params": {"eta": 0.14704523057138583, "max_depth": 1.0044009334356572, "n_estimators": 35.72512629236821}, "datetime": {"datetime": "2021-09-24 13:17:22", "elapsed": 13.534954, "delta": 0.394736}}
{"target": 0.43657354671988924, "params": {"eta": 0.1, "max_depth": 1.0, "n_estimators": 39.61326196731112}, "datetime": {"datetime": "2021-09-24 13:17:22", "elapsed": 14.030953, "delta": 0.495999}}
{"target": 0.39090798983733455, "params": {"eta": 0.6, "max_depth": 1.0, "n_estimators": 19.418372393277668}, "datetime": {"datetime": "2021-09-24 13:17:23", "elapsed": 14.378609, "delta": 0.347656}}
{"target": 0.3948491100133965, "params": {"eta": 0.1, "max_depth": 1.0, "n_estimators": 25.309461330181744}, "datetime": {"datetime": "2021-09-24 13:17:23", "elapsed": 14.775098, "delta": 0.396489}}
{"target": 0.4520572871478753, "params": {"eta": 0.15591547554176258, "max_depth": 1.00318708018574, "n_estimators": 48.2388294953101}, "datetime": {"datetime": "2021-09-24 13:17:23", "elapsed": 15.213098, "delta": 0.438}}
{"target": 0.3705862786984738, "params": {"eta": 0.1, "max_depth": 1.0, "n_estimators": 22.00951130976826}, "datetime": {"datetime": "2021-09-24 13:17:24", "elapsed": 15.578338, "delta": 0.36524}}
{"target": 0.4143811713073273, "params": {"eta": 0.49082619797246296, "max_depth": 1.0127391759750106, "n_estimators": 7.814254301593051}, "datetime": {"datetime": "2021-09-24 13:17:24", "elapsed": 15.92253, "delta": 0.344192}}
{"target": 0.3248006207317601, "params": {"eta": 0.1, "max_depth": 2.173230904544338, "n_estimators": 17.33485618428125}, "datetime": {"datetime": "2021-09-24 13:17:25", "elapsed": 16.463535, "delta": 0.541005}}
{"target": 0.3044537398132314, "params": {"eta": 0.6, "max_depth": 2.4411362807012846, "n_estimators": 42.96165361375771}, "datetime": {"datetime": "2021-09-24 13:17:25", "elapsed": 16.963051, "delta": 0.499516}}
{"target": 0.41418858832664074, "params": {"eta": 0.1, "max_depth": 3.0, "n_estimators": 46.00539215296131}, "datetime": {"datetime": "2021-09-24 13:17:26", "elapsed": 17.357052, "delta": 0.394001}}
{"target": 0.27246428539066925, "params": {"eta": 0.6, "max_depth": 3.0, "n_estimators": 20.073524224620407}, "datetime": {"datetime": "2021-09-24 13:17:26", "elapsed": 17.737696, "delta": 0.380644}}
{"target": 0.32494010648647, "params": {"eta": 0.5921974963371692, "max_depth": 2.8437076928199216, "n_estimators": 24.811778474273666}, "datetime": {"datetime": "2021-09-24 13:17:26", "elapsed": 18.262697, "delta": 0.525001}}
{"target": 0.31484935834107264, "params": {"eta": 0.6, "max_depth": 3.0, "n_estimators": 12.997232489402284}, "datetime": {"datetime": "2021-09-24 13:17:27", "elapsed": 18.928517, "delta": 0.66582}}
{"target": 0.1949064721849859, "params": {"eta": 0.6, "max_depth": 3.0, "n_estimators": 40.09347979953046}, "datetime": {"datetime": "2021-09-24 13:17:28", "elapsed": 19.360513, "delta": 0.431996}}
{"target": 0.41278618123707067, "params": {"eta": 0.586348824233422, "max_depth": 1.0076629348519246, "n_estimators": 30.667809981330862}, "datetime": {"datetime": "2021-09-24 13:17:28", "elapsed": 19.894076, "delta": 0.533563}}
{"target": 0.43877202417060535, "params": {"eta": 0.1, "max_depth": 1.0, "n_estimators": 41.96416314976358}, "datetime": {"datetime": "2021-09-24 13:17:28", "elapsed": 20.299072, "delta": 0.404996}}
{"target": 0.40272534633614265, "params": {"eta": 0.5618859860896188, "max_depth": 1.0056297479728544, "n_estimators": 9.420016539374075}, "datetime": {"datetime": "2021-09-24 13:17:29", "elapsed": 20.69359, "delta": 0.394518}}
{"target": 0.30757983669158395, "params": {"eta": 0.6, "max_depth": 2.545806972656322, "n_estimators": 32.38870046103024}, "datetime": {"datetime": "2021-09-24 13:17:29", "elapsed": 21.259592, "delta": 0.566002}}
{"target": 0.4354687356541178, "params": {"eta": 0.14420126343953996, "max_depth": 1.0286964709884687, "n_estimators": 28.085958356616594}, "datetime": {"datetime": "2021-09-24 13:17:30", "elapsed": 21.773653, "delta": 0.514061}}
{"target": 0.39390388749268035, "params": {"eta": 0.5982495641154443, "max_depth": 1.9651844479343714, "n_estimators": 49.946454231526445}, "datetime": {"datetime": "2021-09-24 13:17:30", "elapsed": 22.316649, "delta": 0.542996}}
{"target": 0.3066229716180462, "params": {"eta": 0.1, "max_depth": 1.0, "n_estimators": 18.750717903242826}, "datetime": {"datetime": "2021-09-24 13:17:31", "elapsed": 22.964022, "delta": 0.647373}}
{"target": 0.4118939622456613, "params": {"eta": 0.5083588354584371, "max_depth": 1.0082521868717875, "n_estimators": 16.3267410972273}, "datetime": {"datetime": "2021-09-24 13:17:32", "elapsed": 23.457005, "delta": 0.492983}}
{"target": 0.445371882573357, "params": {"eta": 0.13570266562029473, "max_depth": 1.841829485833809, "n_estimators": 45.04084693647549}, "datetime": {"datetime": "2021-09-24 13:17:32", "elapsed": 24.235246, "delta": 0.778241}}
{"target": 0.42166931612147607, "params": {"eta": 0.1, "max_depth": 3.0, "n_estimators": 35.21332745423069}, "datetime": {"datetime": "2021-09-24 13:17:33", "elapsed": 24.718859, "delta": 0.483613}}
{"target": 0.4369988694516105, "params": {"eta": 0.107420447930171, "max_depth": 1.9649945048634956, "n_estimators": 38.18790589006361}, "datetime": {"datetime": "2021-09-24 13:17:33", "elapsed": 25.216859, "delta": 0.498}}
{"target": 0.34617560628262245, "params": {"eta": 0.6, "max_depth": 2.1341982997098237, "n_estimators": 18.36441752715358}, "datetime": {"datetime": "2021-09-24 13:17:34", "elapsed": 25.615241, "delta": 0.398382}}
{"target": 0.39146718449003304, "params": {"eta": 0.6, "max_depth": 1.0, "n_estimators": 20.913271540459615}, "datetime": {"datetime": "2021-09-24 13:17:34", "elapsed": 26.088867, "delta": 0.473626}}
{"target": 0.44260454313891684, "params": {"eta": 0.11949816930046922, "max_depth": 1.5856838716417994, "n_estimators": 46.878917513113905}, "datetime": {"datetime": "2021-09-24 13:17:35", "elapsed": 26.561871, "delta": 0.473004}}
{"target": 0.4229874022330805, "params": {"eta": 0.11134569317751072, "max_depth": 1.7969218842667394, "n_estimators": 30.646315019352414}, "datetime": {"datetime": "2021-09-24 13:17:35", "elapsed": 27.01578, "delta": 0.453909}}
{"target": 0.43877202417060535, "params": {"eta": 0.1, "max_depth": 1.8907897619512029, "n_estimators": 41.10853813172022}, "datetime": {"datetime": "2021-09-24 13:17:36", "elapsed": 27.483777, "delta": 0.467997}}
{"target": 0.4237658557020778, "params": {"eta": 0.1, "max_depth": 1.0, "n_estimators": 34.08155813316467}, "datetime": {"datetime": "2021-09-24 13:17:36", "elapsed": 27.958488, "delta": 0.474711}}
{"target": 0.4198394875413397, "params": {"eta": 0.1, "max_depth": 3.0, "n_estimators": 42.324383202683514}, "datetime": {"datetime": "2021-09-24 13:17:37", "elapsed": 28.490488, "delta": 0.532}}
{"target": 0.3824960358943168, "params": {"eta": 0.5934416768616692, "max_depth": 1.062899857580925, "n_estimators": 17.2518590028492}, "datetime": {"datetime": "2021-09-24 13:17:37", "elapsed": 29.137232, "delta": 0.646744}}
{"target": 0.4464301739941764, "params": {"eta": 0.13810876144327175, "max_depth": 1.8217317830709119, "n_estimators": 48.82069008077325}, "datetime": {"datetime": "2021-09-24 13:17:38", "elapsed": 29.76679, "delta": 0.629558}}
