{"target": 0.08674281355130031, "params": {"eta": 0.05603477214817571, "max_depth": 2.532672089624987, "n_estimators": 22.134189069460056}, "datetime": {"datetime": "2021-09-24 13:15:15", "elapsed": 73.17183, "delta": 0.477656}}
{"target": -0.07848666073323396, "params": {"eta": 0.0957037224860903, "max_depth": 1.322003579591335, "n_estimators": 11.808631834011218}, "datetime": {"datetime": "2021-09-24 13:15:16", "elapsed": 73.771311, "delta": 0.599481}}
{"target": -2.4019951838204183, "params": {"eta": 0.07066198916494565, "max_depth": 2.3932983146130673, "n_estimators": 3.723776544783723}, "datetime": {"datetime": "2021-09-24 13:15:16", "elapsed": 74.228614, "delta": 0.457303}}
{"target": 0.1240300514435293, "params": {"eta": 0.4919082810485716, "max_depth": 2.9767813762779802, "n_estimators": 2.367823369875913}, "datetime": {"datetime": "2021-09-24 13:15:17", "elapsed": 74.910434, "delta": 0.68182}}
{"target": 0.37262513354411864, "params": {"eta": 0.5, "max_depth": 3.0, "n_estimators": 9.628146768791781}, "datetime": {"datetime": "2021-09-24 13:15:18", "elapsed": 75.666046, "delta": 0.755612}}
{"target": 0.4330929919618447, "params": {"eta": 0.5, "max_depth": 1.4402315406515194, "n_estimators": 26.002717374662822}, "datetime": {"datetime": "2021-09-24 13:15:19", "elapsed": 76.406219, "delta": 0.740173}}
{"target": -1.9505469537785696, "params": {"eta": 0.008, "max_depth": 1.5542691076854287, "n_estimators": 39.86413270037235}, "datetime": {"datetime": "2021-09-24 13:15:19", "elapsed": 77.056315, "delta": 0.650096}}
{"target": -0.6049586468577484, "params": {"eta": 0.16989543335157453, "max_depth": 1.0068198804984994, "n_estimators": 4.601752395580042}, "datetime": {"datetime": "2021-09-24 13:15:20", "elapsed": 77.790317, "delta": 0.734002}}
{"target": 0.4191489886687755, "params": {"eta": 0.47174235904425954, "max_depth": 1.1598014926756088, "n_estimators": 40.56452840704896}, "datetime": {"datetime": "2021-09-24 13:15:21", "elapsed": 78.513973, "delta": 0.723656}}
{"target": 0.2899701427398752, "params": {"eta": 0.11381989589685582, "max_depth": 1.1491290360254838, "n_estimators": 15.439674198756233}, "datetime": {"datetime": "2021-09-24 13:15:21", "elapsed": 79.001475, "delta": 0.487502}}
{"target": 0.4124403290764864, "params": {"eta": 0.4882496854140011, "max_depth": 1.2910302382269927, "n_estimators": 15.65896982095771}, "datetime": {"datetime": "2021-09-24 13:15:22", "elapsed": 79.741736, "delta": 0.740261}}
{"target": -2.6935425535696695, "params": {"eta": 0.008, "max_depth": 1.0, "n_estimators": 22.790538156967344}, "datetime": {"datetime": "2021-09-24 13:15:23", "elapsed": 80.52276, "delta": 0.781024}}
{"target": 0.08722702406182858, "params": {"eta": 0.042650866524527556, "max_depth": 2.220159519345316, "n_estimators": 29.961271008600445}, "datetime": {"datetime": "2021-09-24 13:15:23", "elapsed": 81.151196, "delta": 0.628436}}
{"target": -2.2715089449654715, "params": {"eta": 0.22179862194759634, "max_depth": 1.6974604976452763, "n_estimators": 1.9337183892695327}, "datetime": {"datetime": "2021-09-24 13:15:24", "elapsed": 81.610785, "delta": 0.459589}}
{"target": 0.43027691142281654, "params": {"eta": 0.5, "max_depth": 1.6774706315298222, "n_estimators": 28.173801891337398}, "datetime": {"datetime": "2021-09-24 13:15:25", "elapsed": 82.704756, "delta": 1.093971}}
{"target": 0.4300852904727096, "params": {"eta": 0.473214641238685, "max_depth": 1.8059833291214682, "n_estimators": 23.317659470750066}, "datetime": {"datetime": "2021-09-24 13:15:26", "elapsed": 83.757283, "delta": 1.052527}}
{"target": 0.4496693463500706, "params": {"eta": 0.3256114079676501, "max_depth": 1.6340347659795673, "n_estimators": 36.30452557280208}, "datetime": {"datetime": "2021-09-24 13:15:27", "elapsed": 84.383179, "delta": 0.625896}}
{"target": 0.42379870959869104, "params": {"eta": 0.48747969930789187, "max_depth": 1.397436201564113, "n_estimators": 23.40179981008496}, "datetime": {"datetime": "2021-09-24 13:15:27", "elapsed": 84.971769, "delta": 0.58859}}
{"target": 0.38030594080163216, "params": {"eta": 0.43608358196156644, "max_depth": 2.208984371820258, "n_estimators": 35.95329709304317}, "datetime": {"datetime": "2021-09-24 13:15:28", "elapsed": 85.67529, "delta": 0.703521}}
{"target": -1.5377110101729707, "params": {"eta": 0.013313518373191583, "max_depth": 2.9907132560620404, "n_estimators": 30.816944345794898}, "datetime": {"datetime": "2021-09-24 13:15:29", "elapsed": 86.717296, "delta": 1.042006}}
{"target": -2.0924495213194945, "params": {"eta": 0.008, "max_depth": 3.0, "n_estimators": 35.905245077021526}, "datetime": {"datetime": "2021-09-24 13:15:30", "elapsed": 87.545815, "delta": 0.828519}}
{"target": 0.43027691142281654, "params": {"eta": 0.5, "max_depth": 1.5784428766874785, "n_estimators": 28.99852768894259}, "datetime": {"datetime": "2021-09-24 13:15:31", "elapsed": 88.597723, "delta": 1.051908}}
{"target": 0.3507787888454731, "params": {"eta": 0.4946774287570751, "max_depth": 2.555140402515871, "n_estimators": 34.80485345708342}, "datetime": {"datetime": "2021-09-24 13:15:32", "elapsed": 89.535144, "delta": 0.937421}}
{"target": 0.3368963885291082, "params": {"eta": 0.4977857644388314, "max_depth": 2.448880089161241, "n_estimators": 40.85921307871367}, "datetime": {"datetime": "2021-09-24 13:15:33", "elapsed": 90.552798, "delta": 1.017654}}
{"target": 0.2794075486360731, "params": {"eta": 0.5, "max_depth": 3.0, "n_estimators": 37.2646221348748}, "datetime": {"datetime": "2021-09-24 13:15:34", "elapsed": 91.341774, "delta": 0.788976}}
{"target": 0.39340865141971626, "params": {"eta": 0.5, "max_depth": 1.5192442361460807, "n_estimators": 5.767976917633221}, "datetime": {"datetime": "2021-09-24 13:15:34", "elapsed": 92.240409, "delta": 0.898635}}
{"target": 0.32555918917560145, "params": {"eta": 0.5, "max_depth": 2.0271293722166037, "n_estimators": 35.286973810146975}, "datetime": {"datetime": "2021-09-24 13:15:35", "elapsed": 93.144285, "delta": 0.903876}}
{"target": 0.3657573515991809, "params": {"eta": 0.4946174587691739, "max_depth": 2.742754932956746, "n_estimators": 25.786378337080308}, "datetime": {"datetime": "2021-09-24 13:15:36", "elapsed": 93.941286, "delta": 0.797001}}
{"target": 0.43359496616761817, "params": {"eta": 0.42452593284712203, "max_depth": 1.3398556132538888, "n_estimators": 9.148892479616398}, "datetime": {"datetime": "2021-09-24 13:15:37", "elapsed": 94.475921, "delta": 0.534635}}
{"target": -3.190044615003438, "params": {"eta": 0.02028332092094308, "max_depth": 1.090626029849361, "n_estimators": 5.79670023747187}, "datetime": {"datetime": "2021-09-24 13:15:38", "elapsed": 95.444614, "delta": 0.968693}}
{"target": -1.5529190948682223, "params": {"eta": 0.01608042933755391, "max_depth": 1.9345862794237558, "n_estimators": 25.898602686295987}, "datetime": {"datetime": "2021-09-24 13:15:38", "elapsed": 96.225486, "delta": 0.780872}}
{"target": 0.40767739090694555, "params": {"eta": 0.5, "max_depth": 1.0, "n_estimators": 46.66267911940021}, "datetime": {"datetime": "2021-09-24 13:15:39", "elapsed": 97.125047, "delta": 0.899561}}
{"target": -2.453854973865818, "params": {"eta": 0.008, "max_depth": 1.4322965766915754, "n_estimators": 27.846888028979958}, "datetime": {"datetime": "2021-09-24 13:15:41", "elapsed": 98.444595, "delta": 1.319548}}
{"target": 0.4452208305343116, "params": {"eta": 0.22398100856073083, "max_depth": 2.6106905009173156, "n_estimators": 26.919996585002956}, "datetime": {"datetime": "2021-09-24 13:15:41", "elapsed": 99.194467, "delta": 0.749872}}
{"target": 0.4166555796646563, "params": {"eta": 0.5, "max_depth": 1.6172560154403208, "n_estimators": 36.99716143834914}, "datetime": {"datetime": "2021-09-24 13:15:43", "elapsed": 100.371546, "delta": 1.177079}}
{"target": 0.44688104544079055, "params": {"eta": 0.42669449116117514, "max_depth": 1.9083175401354644, "n_estimators": 26.911523581610616}, "datetime": {"datetime": "2021-09-24 13:15:44", "elapsed": 101.35474, "delta": 0.983194}}
{"target": -1.767711554025535, "params": {"eta": 0.008, "max_depth": 1.0, "n_estimators": 44.18868459679641}, "datetime": {"datetime": "2021-09-24 13:15:44", "elapsed": 102.212609, "delta": 0.857869}}
{"target": 0.4371924899773284, "params": {"eta": 0.1274679027285975, "max_depth": 2.298087537068991, "n_estimators": 24.211819560284}, "datetime": {"datetime": "2021-09-24 13:15:45", "elapsed": 102.826611, "delta": 0.614002}}
{"target": 0.4349002290019405, "params": {"eta": 0.2169894265782202, "max_depth": 2.8080206332313606, "n_estimators": 24.158977817672508}, "datetime": {"datetime": "2021-09-24 13:15:46", "elapsed": 103.939839, "delta": 1.113228}}
{"target": 0.3782898539837596, "params": {"eta": 0.4338023367219953, "max_depth": 2.4525801053297647, "n_estimators": 23.73028140420264}, "datetime": {"datetime": "2021-09-24 13:15:47", "elapsed": 105.020125, "delta": 1.080286}}
{"target": 0.4254824484375953, "params": {"eta": 0.4893861340852695, "max_depth": 1.6268119506400445, "n_estimators": 43.6862759502085}, "datetime": {"datetime": "2021-09-24 13:15:48", "elapsed": 105.944125, "delta": 0.924}}
{"target": 0.39791705229263885, "params": {"eta": 0.5, "max_depth": 2.3501451608891553, "n_estimators": 20.956239020753074}, "datetime": {"datetime": "2021-09-24 13:15:49", "elapsed": 107.090127, "delta": 1.146002}}
{"target": 0.3391923927026036, "params": {"eta": 0.5, "max_depth": 2.553099721774547, "n_estimators": 32.07725652121413}, "datetime": {"datetime": "2021-09-24 13:15:50", "elapsed": 108.052126, "delta": 0.961999}}
{"target": -2.0229461471462704, "params": {"eta": 0.009274743623744003, "max_depth": 1.0592158673280172, "n_estimators": 32.66518754722432}, "datetime": {"datetime": "2021-09-24 13:15:51", "elapsed": 109.215125, "delta": 1.162999}}
{"target": -1.6363617667979962, "params": {"eta": 0.008, "max_depth": 2.6737865685370696, "n_estimators": 47.6849341126144}, "datetime": {"datetime": "2021-09-24 13:15:52", "elapsed": 110.190134, "delta": 0.975009}}
{"target": 0.4218631145340068, "params": {"eta": 0.49174135008202857, "max_depth": 1.7303886113076514, "n_estimators": 47.63341534420482}, "datetime": {"datetime": "2021-09-24 13:15:53", "elapsed": 111.293854, "delta": 1.10372}}
{"target": 0.39791705229263885, "params": {"eta": 0.5, "max_depth": 2.134371288919974, "n_estimators": 20.298970749249943}, "datetime": {"datetime": "2021-09-24 13:15:55", "elapsed": 112.393707, "delta": 1.099853}}
{"target": -1.5189900951542135, "params": {"eta": 0.03392343950395821, "max_depth": 1.1225634930034327, "n_estimators": 12.943746484890385}, "datetime": {"datetime": "2021-09-24 13:15:56", "elapsed": 113.566797, "delta": 1.17309}}
{"target": 0.41152016250237644, "params": {"eta": 0.11090135037081283, "max_depth": 1.8796788278498389, "n_estimators": 27.78712432821071}, "datetime": {"datetime": "2021-09-24 13:15:56", "elapsed": 114.211896, "delta": 0.645099}}
{"target": 0.4188145010208141, "params": {"eta": 0.33369836167728345, "max_depth": 2.266889323339502, "n_estimators": 27.903244926028588}, "datetime": {"datetime": "2021-09-24 13:15:58", "elapsed": 115.385579, "delta": 1.173683}}
{"target": -2.424292381306593, "params": {"eta": 0.008, "max_depth": 2.2231549848332204, "n_estimators": 27.439973900026285}, "datetime": {"datetime": "2021-09-24 13:15:59", "elapsed": 116.546988, "delta": 1.161409}}
{"target": 0.1487020648278896, "params": {"eta": 0.18357150966106012, "max_depth": 1.4487220314576637, "n_estimators": 7.874060743818535}, "datetime": {"datetime": "2021-09-24 13:15:59", "elapsed": 117.228039, "delta": 0.681051}}
{"target": 0.41240794977841555, "params": {"eta": 0.4888773715147835, "max_depth": 1.1414289310403198, "n_estimators": 15.235277610132998}, "datetime": {"datetime": "2021-09-24 13:16:01", "elapsed": 118.497366, "delta": 1.269327}}
{"target": 0.44459013422684335, "params": {"eta": 0.4241267249061857, "max_depth": 1.419620924976145, "n_estimators": 46.083470547436626}, "datetime": {"datetime": "2021-09-24 13:16:02", "elapsed": 119.860291, "delta": 1.362925}}
{"target": 0.40912707757228517, "params": {"eta": 0.5, "max_depth": 1.252683431578498, "n_estimators": 43.344067662195236}, "datetime": {"datetime": "2021-09-24 13:16:03", "elapsed": 120.937417, "delta": 1.077126}}
{"target": 0.44713874409348064, "params": {"eta": 0.41304229607738896, "max_depth": 1.7454832880317226, "n_estimators": 30.08519641408804}, "datetime": {"datetime": "2021-09-24 13:16:04", "elapsed": 121.640751, "delta": 0.703334}}
{"target": 0.4092823950298585, "params": {"eta": 0.5, "max_depth": 1.6612206760604211, "n_estimators": 40.811398301006044}, "datetime": {"datetime": "2021-09-24 13:16:05", "elapsed": 123.066293, "delta": 1.425542}}
{"target": -2.8813185165840145, "params": {"eta": 0.008154748083106622, "max_depth": 1.990638586973787, "n_estimators": 18.44643578229685}, "datetime": {"datetime": "2021-09-24 13:16:06", "elapsed": 123.906627, "delta": 0.840334}}
{"target": 0.320722238480732, "params": {"eta": 0.0977255917477464, "max_depth": 1.8045846772125957, "n_estimators": 19.49410629807569}, "datetime": {"datetime": "2021-09-24 13:16:08", "elapsed": 125.394083, "delta": 1.487456}}
{"target": 0.43525832902986394, "params": {"eta": 0.4547143825394709, "max_depth": 1.0215931492517716, "n_estimators": 30.600405978882883}, "datetime": {"datetime": "2021-09-24 13:16:08", "elapsed": 126.192659, "delta": 0.798576}}
{"target": 0.44616246616007504, "params": {"eta": 0.4372339297481821, "max_depth": 1.488320917180215, "n_estimators": 32.401344537665835}, "datetime": {"datetime": "2021-09-24 13:16:09", "elapsed": 126.869554, "delta": 0.676895}}
{"target": 0.32831411821532874, "params": {"eta": 0.4764066268649694, "max_depth": 2.088470719938891, "n_estimators": 46.1706843096925}, "datetime": {"datetime": "2021-09-24 13:16:10", "elapsed": 128.042767, "delta": 1.173213}}
{"target": 0.4347027567790014, "params": {"eta": 0.1083561726206663, "max_depth": 1.0096763407026126, "n_estimators": 38.36800330739078}, "datetime": {"datetime": "2021-09-24 13:16:11", "elapsed": 128.830569, "delta": 0.787802}}
{"target": 0.3970885483367491, "params": {"eta": 0.4989298229910041, "max_depth": 2.4183691126853684, "n_estimators": 19.04401514643134}, "datetime": {"datetime": "2021-09-24 13:16:12", "elapsed": 129.721149, "delta": 0.89058}}
{"target": 0.41047212153868684, "params": {"eta": 0.48365377337031734, "max_depth": 2.870223768677959, "n_estimators": 18.425542228873454}, "datetime": {"datetime": "2021-09-24 13:16:13", "elapsed": 130.69657, "delta": 0.975421}}
{"target": -2.716691867247842, "params": {"eta": 0.008, "max_depth": 2.491574729017481, "n_estimators": 21.25939312361494}, "datetime": {"datetime": "2021-09-24 13:16:14", "elapsed": 131.822749, "delta": 1.126179}}
{"target": 0.4335233993044668, "params": {"eta": 0.09113049092536457, "max_depth": 1.6801808027058827, "n_estimators": 43.29574429169303}, "datetime": {"datetime": "2021-09-24 13:16:15", "elapsed": 133.149635, "delta": 1.326886}}
{"target": 0.42976458099327786, "params": {"eta": 0.48890919963114393, "max_depth": 1.7011341567942957, "n_estimators": 37.61178328015763}, "datetime": {"datetime": "2021-09-24 13:16:17", "elapsed": 134.51357, "delta": 1.363935}}
{"target": 0.42548327454032453, "params": {"eta": 0.5, "max_depth": 1.22902083079117, "n_estimators": 33.51602013078238}, "datetime": {"datetime": "2021-09-24 13:16:18", "elapsed": 135.798316, "delta": 1.284746}}
{"target": 0.42910786502239584, "params": {"eta": 0.48618275557290713, "max_depth": 2.1916339639577984, "n_estimators": 15.709488082219691}, "datetime": {"datetime": "2021-09-24 13:16:19", "elapsed": 136.878361, "delta": 1.080045}}
{"target": -2.0278682906018304, "params": {"eta": 0.008, "max_depth": 1.0, "n_estimators": 37.83015468865447}, "datetime": {"datetime": "2021-09-24 13:16:20", "elapsed": 137.895429, "delta": 1.017068}}
{"target": 0.4385686220954652, "params": {"eta": 0.3000816859493775, "max_depth": 1.7415446557592533, "n_estimators": 46.94689496651572}, "datetime": {"datetime": "2021-09-24 13:16:21", "elapsed": 138.693717, "delta": 0.798288}}
{"target": 0.43608714130736415, "params": {"eta": 0.4429911369157951, "max_depth": 1.1425532588094083, "n_estimators": 38.847243758772606}, "datetime": {"datetime": "2021-09-24 13:16:22", "elapsed": 140.269865, "delta": 1.576148}}
{"target": -1.8756609897857954, "params": {"eta": 0.008, "max_depth": 1.3549076970911407, "n_estimators": 41.3492185102021}, "datetime": {"datetime": "2021-09-24 13:16:24", "elapsed": 141.712628, "delta": 1.442763}}
{"target": 0.43783655576576364, "params": {"eta": 0.07136136096312426, "max_depth": 2.322621258537871, "n_estimators": 41.19628553745702}, "datetime": {"datetime": "2021-09-24 13:16:25", "elapsed": 143.265397, "delta": 1.552769}}
{"target": 0.45026352098318534, "params": {"eta": 0.24726608070547842, "max_depth": 1.3757619363608533, "n_estimators": 48.06218295623014}, "datetime": {"datetime": "2021-09-24 13:16:26", "elapsed": 144.217251, "delta": 0.951854}}
{"target": 0.44203648105676707, "params": {"eta": 0.15955487394548923, "max_depth": 2.110363868189264, "n_estimators": 40.61564841938733}, "datetime": {"datetime": "2021-09-24 13:16:28", "elapsed": 145.608689, "delta": 1.391438}}
{"target": 0.42555174633160064, "params": {"eta": 0.22785576851893558, "max_depth": 2.5309580277298345, "n_estimators": 32.65406711911298}, "datetime": {"datetime": "2021-09-24 13:16:29", "elapsed": 146.850786, "delta": 1.242097}}
{"target": -0.3286561771106573, "params": {"eta": 0.046281726161442716, "max_depth": 1.2380085354174635, "n_estimators": 19.15395041463674}, "datetime": {"datetime": "2021-09-24 13:16:31", "elapsed": 148.305405, "delta": 1.454619}}
{"target": 0.28219965659098, "params": {"eta": 0.5, "max_depth": 2.0313574885834496, "n_estimators": 47.24715597261401}, "datetime": {"datetime": "2021-09-24 13:16:32", "elapsed": 149.607354, "delta": 1.301949}}
{"target": 0.42291412300536413, "params": {"eta": 0.4887560508822547, "max_depth": 1.550313677059212, "n_estimators": 19.981994903664784}, "datetime": {"datetime": "2021-09-24 13:16:33", "elapsed": 150.857723, "delta": 1.250369}}
{"target": -0.8131539288271485, "params": {"eta": 0.017704276915732765, "max_depth": 1.48494883373894, "n_estimators": 36.797319621635076}, "datetime": {"datetime": "2021-09-24 13:16:34", "elapsed": 152.01073, "delta": 1.153007}}
{"target": 0.36826110387137556, "params": {"eta": 0.474403095279703, "max_depth": 2.6960360398471925, "n_estimators": 26.36503008947734}, "datetime": {"datetime": "2021-09-24 13:16:35", "elapsed": 153.300205, "delta": 1.289475}}
{"target": 0.43380523985682606, "params": {"eta": 0.47716598517584413, "max_depth": 1.9561874125171461, "n_estimators": 27.88167571354377}, "datetime": {"datetime": "2021-09-24 13:16:37", "elapsed": 154.609204, "delta": 1.308999}}
{"target": 0.4267936984711054, "params": {"eta": 0.46663607198818635, "max_depth": 1.3151497884367838, "n_estimators": 37.37712957116226}, "datetime": {"datetime": "2021-09-24 13:16:38", "elapsed": 155.761205, "delta": 1.152001}}
{"target": 0.3903634173177011, "params": {"eta": 0.41688558514614127, "max_depth": 2.820439415263481, "n_estimators": 18.012597120086422}, "datetime": {"datetime": "2021-09-24 13:16:39", "elapsed": 156.549203, "delta": 0.787998}}
{"target": 0.37139522556687843, "params": {"eta": 0.5, "max_depth": 3.0, "n_estimators": 16.348073166064097}, "datetime": {"datetime": "2021-09-24 13:16:40", "elapsed": 157.722204, "delta": 1.173001}}
{"target": 0.35777180353314575, "params": {"eta": 0.5, "max_depth": 2.378420262945502, "n_estimators": 30.102637420131185}, "datetime": {"datetime": "2021-09-24 13:16:41", "elapsed": 158.989205, "delta": 1.267001}}
{"target": 0.43027691142281654, "params": {"eta": 0.5, "max_depth": 1.226641970217863, "n_estimators": 28.632304363643883}, "datetime": {"datetime": "2021-09-24 13:16:42", "elapsed": 160.072203, "delta": 1.082998}}
{"target": 0.4565296248649632, "params": {"eta": 0.3960952372560168, "max_depth": 1.7937728698143205, "n_estimators": 39.84703832782965}, "datetime": {"datetime": "2021-09-24 13:16:43", "elapsed": 160.844203, "delta": 0.772}}
{"target": 0.3023008802396666, "params": {"eta": 0.4543957029742896, "max_depth": 2.2499287882916716, "n_estimators": 39.93417588065242}, "datetime": {"datetime": "2021-09-24 13:16:45", "elapsed": 162.388205, "delta": 1.544002}}
{"target": 0.4264389689496112, "params": {"eta": 0.5, "max_depth": 1.1255873580161306, "n_estimators": 31.816276367168594}, "datetime": {"datetime": "2021-09-24 13:16:46", "elapsed": 163.632204, "delta": 1.243999}}
{"target": 0.422102216496131, "params": {"eta": 0.48253300940685373, "max_depth": 1.8459995940434737, "n_estimators": 42.60915720907338}, "datetime": {"datetime": "2021-09-24 13:16:47", "elapsed": 165.09021, "delta": 1.458006}}
{"target": 0.40968421198785887, "params": {"eta": 0.5, "max_depth": 1.964632128995846, "n_estimators": 39.33516857544235}, "datetime": {"datetime": "2021-09-24 13:16:49", "elapsed": 167.072319, "delta": 1.982109}}
{"target": -1.808674793501814, "params": {"eta": 0.008, "max_depth": 2.1302902962894557, "n_estimators": 42.85589881441839}, "datetime": {"datetime": "2021-09-24 13:16:51", "elapsed": 168.739378, "delta": 1.667059}}
{"target": 0.41290566292952324, "params": {"eta": 0.5, "max_depth": 1.6048479929033928, "n_estimators": 11.35033529716397}, "datetime": {"datetime": "2021-09-24 13:16:52", "elapsed": 170.249064, "delta": 1.509686}}
{"target": 0.40913678179629176, "params": {"eta": 0.2477865089384885, "max_depth": 1.0, "n_estimators": 11.054499352340427}, "datetime": {"datetime": "2021-09-24 13:16:54", "elapsed": 171.675949, "delta": 1.426885}}
{"target": 0.38784709124188166, "params": {"eta": 0.5, "max_depth": 2.5173839840865604, "n_estimators": 24.364701676929528}, "datetime": {"datetime": "2021-09-24 13:16:55", "elapsed": 173.212949, "delta": 1.537}}
