{"target": -44.54723478618421, "params": {"eta": 0.05, "max_depth": 1.0, "n_estimators": 97.74489573229604}, "datetime": {"datetime": "2021-09-24 16:04:55", "elapsed": 30.200104, "delta": 0.522874}}
{"target": -43.6467920174276, "params": {"eta": 0.061080322545878654, "max_depth": 2.263071242246236, "n_estimators": 57.574568347039325}, "datetime": {"datetime": "2021-09-24 16:04:55", "elapsed": 30.697108, "delta": 0.497004}}
{"target": -44.90176744389355, "params": {"eta": 0.5, "max_depth": 1.0, "n_estimators": 74.36228485136306}, "datetime": {"datetime": "2021-09-24 16:04:56", "elapsed": 31.222382, "delta": 0.525274}}
{"target": -45.68569412805084, "params": {"eta": 0.09883418601176977, "max_depth": 3.2358644011726527, "n_estimators": 76.31906800047317}, "datetime": {"datetime": "2021-09-24 16:04:56", "elapsed": 31.81862, "delta": 0.596238}}
{"target": -45.951895577566965, "params": {"eta": 0.06152719594272992, "max_depth": 1.004528476525469, "n_estimators": 49.126876066940376}, "datetime": {"datetime": "2021-09-24 16:04:57", "elapsed": 32.272895, "delta": 0.454275}}
{"target": -43.35071695657601, "params": {"eta": 0.09626304041655293, "max_depth": 1.0019954637596058, "n_estimators": 93.12669923397372}, "datetime": {"datetime": "2021-09-24 16:04:57", "elapsed": 32.785889, "delta": 0.512994}}
{"target": -46.71022334851717, "params": {"eta": 0.05, "max_depth": 5.0, "n_estimators": 97.37414873452549}, "datetime": {"datetime": "2021-09-24 16:04:58", "elapsed": 33.579212, "delta": 0.793323}}
{"target": -47.20485090671625, "params": {"eta": 0.08632330087378404, "max_depth": 1.033817270141483, "n_estimators": 27.739618030176313}, "datetime": {"datetime": "2021-09-24 16:04:59", "elapsed": 33.981424, "delta": 0.402212}}
{"target": -69.3104160280156, "params": {"eta": 0.05, "max_depth": 1.0, "n_estimators": 15.655397368347963}, "datetime": {"datetime": "2021-09-24 16:04:59", "elapsed": 34.425037, "delta": 0.443613}}
{"target": -43.170484901370855, "params": {"eta": 0.3734870700948798, "max_depth": 1.1205874004099763, "n_estimators": 18.61345801059631}, "datetime": {"datetime": "2021-09-24 16:05:00", "elapsed": 34.889035, "delta": 0.463998}}
{"target": -44.06748480545847, "params": {"eta": 0.38819846128342606, "max_depth": 2.864491941908497, "n_estimators": 17.935074066707095}, "datetime": {"datetime": "2021-09-24 16:05:00", "elapsed": 35.386253, "delta": 0.497218}}
{"target": -46.87058562085144, "params": {"eta": 0.05, "max_depth": 5.0, "n_estimators": 46.45963476137544}, "datetime": {"datetime": "2021-09-24 16:05:01", "elapsed": 35.895252, "delta": 0.508999}}
{"target": -44.55748373045957, "params": {"eta": 0.05, "max_depth": 3.1426452292476035, "n_estimators": 81.2614787700906}, "datetime": {"datetime": "2021-09-24 16:05:01", "elapsed": 36.556159, "delta": 0.660907}}
{"target": -45.44288609440165, "params": {"eta": 0.22539834166445488, "max_depth": 4.981497745125406, "n_estimators": 20.186770698288225}, "datetime": {"datetime": "2021-09-24 16:05:02", "elapsed": 36.967165, "delta": 0.411006}}
{"target": -43.93584224155971, "params": {"eta": 0.1543124655683395, "max_depth": 2.9661637582585634, "n_estimators": 32.86544625396755}, "datetime": {"datetime": "2021-09-24 16:05:02", "elapsed": 37.413165, "delta": 0.446}}
{"target": -49.911555455143294, "params": {"eta": 0.48885190055152455, "max_depth": 2.8920970397398738, "n_estimators": 99.86735292056868}, "datetime": {"datetime": "2021-09-24 16:05:03", "elapsed": 37.905163, "delta": 0.491998}}
{"target": -47.11032725456066, "params": {"eta": 0.4160507037802532, "max_depth": 2.7330876636357666, "n_estimators": 52.83275242732017}, "datetime": {"datetime": "2021-09-24 16:05:03", "elapsed": 38.404907, "delta": 0.499744}}
{"target": -50.767696409297166, "params": {"eta": 0.05, "max_depth": 5.0, "n_estimators": 33.48737518608688}, "datetime": {"datetime": "2021-09-24 16:05:04", "elapsed": 38.97991, "delta": 0.575003}}
{"target": -46.06697730731247, "params": {"eta": 0.05, "max_depth": 1.0, "n_estimators": 60.716282429378474}, "datetime": {"datetime": "2021-09-24 16:05:04", "elapsed": 39.407969, "delta": 0.428059}}
{"target": -43.37650448218324, "params": {"eta": 0.07089044626868338, "max_depth": 2.8772775367184553, "n_estimators": 85.73115674669641}, "datetime": {"datetime": "2021-09-24 16:05:05", "elapsed": 39.95297, "delta": 0.545001}}
{"target": -46.11453809236225, "params": {"eta": 0.07535646199001689, "max_depth": 4.901223990661883, "n_estimators": 84.36200384204004}, "datetime": {"datetime": "2021-09-24 16:05:05", "elapsed": 40.622973, "delta": 0.670003}}
{"target": -44.843650100822735, "params": {"eta": 0.3419166242164815, "max_depth": 2.8430100151584554, "n_estimators": 30.40297998831458}, "datetime": {"datetime": "2021-09-24 16:05:06", "elapsed": 41.119975, "delta": 0.497002}}
{"target": -47.59502809567559, "params": {"eta": 0.5, "max_depth": 5.0, "n_estimators": 80.35028139816255}, "datetime": {"datetime": "2021-09-24 16:05:07", "elapsed": 41.857973, "delta": 0.737998}}
{"target": -43.363053458077566, "params": {"eta": 0.19508599363198098, "max_depth": 1.037342415303018, "n_estimators": 45.728528325911995}, "datetime": {"datetime": "2021-09-24 16:05:07", "elapsed": 42.424096, "delta": 0.566123}}
{"target": -44.89839723056421, "params": {"eta": 0.05087451728319751, "max_depth": 3.371520283706851, "n_estimators": 66.82127489429107}, "datetime": {"datetime": "2021-09-24 16:05:08", "elapsed": 43.045099, "delta": 0.621003}}
{"target": -47.860143525259836, "params": {"eta": 0.4832071464569188, "max_depth": 3.195848615811777, "n_estimators": 38.68037026115939}, "datetime": {"datetime": "2021-09-24 16:05:08", "elapsed": 43.568618, "delta": 0.523519}}
{"target": -53.54852610423153, "params": {"eta": 0.4282767139444187, "max_depth": 4.9896230397507075, "n_estimators": 88.24775714388846}, "datetime": {"datetime": "2021-09-24 16:05:09", "elapsed": 44.265618, "delta": 0.697}}
{"target": -46.66819680005984, "params": {"eta": 0.05, "max_depth": 5.0, "n_estimators": 92.31831209953583}, "datetime": {"datetime": "2021-09-24 16:05:10", "elapsed": 45.043618, "delta": 0.778}}
{"target": -46.30547195090387, "params": {"eta": 0.05, "max_depth": 5.0, "n_estimators": 76.53978737492241}, "datetime": {"datetime": "2021-09-24 16:05:10", "elapsed": 45.714623, "delta": 0.671005}}
{"target": -48.46418068104221, "params": {"eta": 0.49633512486887466, "max_depth": 2.6109748851846537, "n_estimators": 62.12056060395401}, "datetime": {"datetime": "2021-09-24 16:05:11", "elapsed": 46.200742, "delta": 0.486119}}
{"target": -45.17297552582016, "params": {"eta": 0.05, "max_depth": 1.0, "n_estimators": 78.79987514470815}, "datetime": {"datetime": "2021-09-24 16:05:11", "elapsed": 46.828301, "delta": 0.627559}}
{"target": -46.227291307951276, "params": {"eta": 0.05, "max_depth": 1.0, "n_estimators": 57.35651821445842}, "datetime": {"datetime": "2021-09-24 16:05:12", "elapsed": 47.3463, "delta": 0.517999}}
{"target": -46.37445614033176, "params": {"eta": 0.5, "max_depth": 3.069749911280469, "n_estimators": 58.82150435865999}, "datetime": {"datetime": "2021-09-24 16:05:13", "elapsed": 47.893305, "delta": 0.547005}}
{"target": -45.27854509281933, "params": {"eta": 0.07828751445085179, "max_depth": 3.077555999893211, "n_estimators": 95.42591059140777}, "datetime": {"datetime": "2021-09-24 16:05:13", "elapsed": 48.4463, "delta": 0.552995}}
{"target": -43.275332285945574, "params": {"eta": 0.14706961775223454, "max_depth": 1.0153145544520474, "n_estimators": 67.99934638981895}, "datetime": {"datetime": "2021-09-24 16:05:14", "elapsed": 48.919302, "delta": 0.473002}}
{"target": -83.9315433645607, "params": {"eta": 0.0553795298621834, "max_depth": 4.97797160418027, "n_estimators": 10.124522706951739}, "datetime": {"datetime": "2021-09-24 16:05:14", "elapsed": 49.407304, "delta": 0.488002}}
{"target": -45.092186719851384, "params": {"eta": 0.0777615350744097, "max_depth": 3.247688500748129, "n_estimators": 76.32162054291118}, "datetime": {"datetime": "2021-09-24 16:05:15", "elapsed": 49.875302, "delta": 0.467998}}
{"target": -43.19911486403387, "params": {"eta": 0.18265868875993307, "max_depth": 1.3519313192864106, "n_estimators": 67.36615791809768}, "datetime": {"datetime": "2021-09-24 16:05:15", "elapsed": 50.703304, "delta": 0.828002}}
{"target": -44.54110941492525, "params": {"eta": 0.05, "max_depth": 3.9753791524700692, "n_estimators": 76.53327369305293}, "datetime": {"datetime": "2021-09-24 16:05:16", "elapsed": 51.54308, "delta": 0.839776}}
{"target": -43.032196962743775, "params": {"eta": 0.26631726400326505, "max_depth": 1.5588715451987225, "n_estimators": 44.93638942179732}, "datetime": {"datetime": "2021-09-24 16:05:17", "elapsed": 52.164976, "delta": 0.621896}}
{"target": -44.18984968142402, "params": {"eta": 0.285351396024669, "max_depth": 1.7400205663289214, "n_estimators": 17.863303185093688}, "datetime": {"datetime": "2021-09-24 16:05:17", "elapsed": 52.710973, "delta": 0.545997}}
{"target": -42.79668013493818, "params": {"eta": 0.34168073232139284, "max_depth": 1.9709921321066668, "n_estimators": 46.274336517790445}, "datetime": {"datetime": "2021-09-24 16:05:18", "elapsed": 53.423999, "delta": 0.713026}}
{"target": -43.161383263150555, "params": {"eta": 0.2747183528208733, "max_depth": 1.1572025957415812, "n_estimators": 40.322049157066}, "datetime": {"datetime": "2021-09-24 16:05:19", "elapsed": 54.021996, "delta": 0.597997}}
{"target": -44.789029487093586, "params": {"eta": 0.2972996032961667, "max_depth": 2.0632270335124363, "n_estimators": 41.44032294302482}, "datetime": {"datetime": "2021-09-24 16:05:19", "elapsed": 54.643002, "delta": 0.621006}}
{"target": -48.81427506755169, "params": {"eta": 0.4306066658390865, "max_depth": 4.870860565374196, "n_estimators": 12.260655502801406}, "datetime": {"datetime": "2021-09-24 16:05:20", "elapsed": 55.22405, "delta": 0.581048}}
{"target": -43.47939277591562, "params": {"eta": 0.10179771812073868, "max_depth": 1.7338735910196874, "n_estimators": 73.08691700982683}, "datetime": {"datetime": "2021-09-24 16:05:20", "elapsed": 55.827051, "delta": 0.603001}}
{"target": -43.619271586712145, "params": {"eta": 0.1688124017035102, "max_depth": 1.2757871104864917, "n_estimators": 42.84210549315131}, "datetime": {"datetime": "2021-09-24 16:05:21", "elapsed": 56.539728, "delta": 0.712677}}
{"target": -46.317359924316406, "params": {"eta": 0.2773802974898388, "max_depth": 2.500530049246226, "n_estimators": 44.04228327102235}, "datetime": {"datetime": "2021-09-24 16:05:22", "elapsed": 57.211393, "delta": 0.671665}}
{"target": -45.934719573286245, "params": {"eta": 0.44988834686630746, "max_depth": 4.68426530672623, "n_estimators": 7.673838495764706}, "datetime": {"datetime": "2021-09-24 16:05:22", "elapsed": 57.782567, "delta": 0.571174}}
{"target": -45.098408319000015, "params": {"eta": 0.36522234340647064, "max_depth": 2.361076776536336, "n_estimators": 34.078359153003255}, "datetime": {"datetime": "2021-09-24 16:05:23", "elapsed": 58.49049, "delta": 0.707923}}
{"target": -47.69350978306362, "params": {"eta": 0.46285156582374243, "max_depth": 3.249652012074944, "n_estimators": 46.98835498993578}, "datetime": {"datetime": "2021-09-24 16:05:24", "elapsed": 59.140485, "delta": 0.649995}}
{"target": -44.6764886038644, "params": {"eta": 0.0661107284173091, "max_depth": 1.994227748462949, "n_estimators": 71.14208347663784}, "datetime": {"datetime": "2021-09-24 16:05:25", "elapsed": 59.883452, "delta": 0.742967}}
{"target": -48.65272398640339, "params": {"eta": 0.38999423781082015, "max_depth": 2.204255781323459, "n_estimators": 56.13365165728925}, "datetime": {"datetime": "2021-09-24 16:05:25", "elapsed": 60.524455, "delta": 0.641003}}
{"target": -51.551499072770426, "params": {"eta": 0.44617429868081, "max_depth": 4.895027528157804, "n_estimators": 69.77029874922587}, "datetime": {"datetime": "2021-09-24 16:05:26", "elapsed": 61.124454, "delta": 0.599999}}
{"target": -47.41854973126175, "params": {"eta": 0.17827687034405887, "max_depth": 4.898236867466115, "n_estimators": 72.63330865458533}, "datetime": {"datetime": "2021-09-24 16:05:26", "elapsed": 61.788049, "delta": 0.663595}}
{"target": -47.76886009273672, "params": {"eta": 0.48937228146181, "max_depth": 2.3856744913143784, "n_estimators": 49.64914888422539}, "datetime": {"datetime": "2021-09-24 16:05:27", "elapsed": 62.47119, "delta": 0.683141}}
{"target": -45.08068123437408, "params": {"eta": 0.45377632301978604, "max_depth": 1.4973601408969763, "n_estimators": 96.30056825421185}, "datetime": {"datetime": "2021-09-24 16:05:28", "elapsed": 63.217807, "delta": 0.746617}}
{"target": -45.7459198801141, "params": {"eta": 0.49233773695625765, "max_depth": 3.9029712717293186, "n_estimators": 18.900758476376403}, "datetime": {"datetime": "2021-09-24 16:05:28", "elapsed": 63.783868, "delta": 0.566061}}
{"target": -43.36587484259354, "params": {"eta": 0.05, "max_depth": 2.478506927568022, "n_estimators": 90.76650506082649}, "datetime": {"datetime": "2021-09-24 16:05:29", "elapsed": 64.496525, "delta": 0.712657}}
{"target": -44.856996034321035, "params": {"eta": 0.5, "max_depth": 3.847742159887887, "n_estimators": 16.321234866525838}, "datetime": {"datetime": "2021-09-24 16:05:30", "elapsed": 65.073525, "delta": 0.577}}
{"target": -44.94619458420832, "params": {"eta": 0.06084029378627448, "max_depth": 4.876749698308232, "n_estimators": 50.567366408148814}, "datetime": {"datetime": "2021-09-24 16:05:30", "elapsed": 65.812109, "delta": 0.738584}}
{"target": -47.27446419852121, "params": {"eta": 0.4066801766451662, "max_depth": 2.047395907869514, "n_estimators": 81.96646272642634}, "datetime": {"datetime": "2021-09-24 16:05:31", "elapsed": 66.501826, "delta": 0.689717}}
{"target": -45.73054174552286, "params": {"eta": 0.068832792566824, "max_depth": 4.299099737543764, "n_estimators": 60.2379741098486}, "datetime": {"datetime": "2021-09-24 16:05:32", "elapsed": 67.221285, "delta": 0.719459}}
{"target": -43.32010507225094, "params": {"eta": 0.05, "max_depth": 2.2541458810126116, "n_estimators": 86.89469070586611}, "datetime": {"datetime": "2021-09-24 16:05:32", "elapsed": 67.822846, "delta": 0.601561}}
{"target": -50.47145414710941, "params": {"eta": 0.4455042502051512, "max_depth": 2.00824083572036, "n_estimators": 94.2607642694209}, "datetime": {"datetime": "2021-09-24 16:05:33", "elapsed": 68.516102, "delta": 0.693256}}
{"target": -44.790538644432125, "params": {"eta": 0.05, "max_depth": 1.0, "n_estimators": 87.62679495310634}, "datetime": {"datetime": "2021-09-24 16:05:34", "elapsed": 69.156105, "delta": 0.640003}}
{"target": -43.2213711272505, "params": {"eta": 0.12756939740895692, "max_depth": 1.054049511516348, "n_estimators": 89.68625670260757}, "datetime": {"datetime": "2021-09-24 16:05:35", "elapsed": 69.878352, "delta": 0.722247}}
{"target": -103.66567844018005, "params": {"eta": 0.10512754841934188, "max_depth": 1.0126321261203421, "n_estimators": 3.961663125260534}, "datetime": {"datetime": "2021-09-24 16:05:35", "elapsed": 70.464245, "delta": 0.585893}}
{"target": -44.99056476220152, "params": {"eta": 0.07760575756653955, "max_depth": 4.962305458162973, "n_estimators": 35.62173621233534}, "datetime": {"datetime": "2021-09-24 16:05:36", "elapsed": 71.30083, "delta": 0.836585}}
{"target": -72.9223344128831, "params": {"eta": 0.05, "max_depth": 5.0, "n_estimators": 15.800659824654252}, "datetime": {"datetime": "2021-09-24 16:05:37", "elapsed": 71.977024, "delta": 0.676194}}
{"target": -45.64175988677749, "params": {"eta": 0.06126074082617244, "max_depth": 3.560430151195554, "n_estimators": 36.29205006942144}, "datetime": {"datetime": "2021-09-24 16:05:37", "elapsed": 72.72344, "delta": 0.746416}}
{"target": -45.886899044639186, "params": {"eta": 0.05, "max_depth": 1.0, "n_estimators": 64.55089009641277}, "datetime": {"datetime": "2021-09-24 16:05:38", "elapsed": 73.395074, "delta": 0.671634}}
{"target": -44.60861013885727, "params": {"eta": 0.08840687452157298, "max_depth": 4.9270684479036255, "n_estimators": 42.709988910386244}, "datetime": {"datetime": "2021-09-24 16:05:39", "elapsed": 74.237536, "delta": 0.842462}}
{"target": -44.378994475629995, "params": {"eta": 0.2086335386582469, "max_depth": 1.0075879639716132, "n_estimators": 22.185341797679527}, "datetime": {"datetime": "2021-09-24 16:05:40", "elapsed": 74.956532, "delta": 0.718996}}
{"target": -46.71640748905956, "params": {"eta": 0.5, "max_depth": 2.575185030064279, "n_estimators": 22.829672998867082}, "datetime": {"datetime": "2021-09-24 16:05:40", "elapsed": 75.696583, "delta": 0.740051}}
{"target": -46.15508680415333, "params": {"eta": 0.05, "max_depth": 5.0, "n_estimators": 66.57876270092721}, "datetime": {"datetime": "2021-09-24 16:05:41", "elapsed": 76.40935, "delta": 0.712767}}
{"target": -44.49948579028137, "params": {"eta": 0.05, "max_depth": 3.674121745591675, "n_estimators": 74.91231808245915}, "datetime": {"datetime": "2021-09-24 16:05:42", "elapsed": 77.075349, "delta": 0.665999}}
{"target": -47.418293630270135, "params": {"eta": 0.5, "max_depth": 3.8440780889962514, "n_estimators": 91.06249998019534}, "datetime": {"datetime": "2021-09-24 16:05:42", "elapsed": 77.766232, "delta": 0.690883}}
{"target": -46.03670194812287, "params": {"eta": 0.05, "max_depth": 5.0, "n_estimators": 54.07969162474261}, "datetime": {"datetime": "2021-09-24 16:05:43", "elapsed": 78.537148, "delta": 0.770916}}
{"target": -48.82520529381315, "params": {"eta": 0.05, "max_depth": 1.0, "n_estimators": 37.52470439806925}, "datetime": {"datetime": "2021-09-24 16:05:44", "elapsed": 79.32782, "delta": 0.790672}}
{"target": -44.59966005597796, "params": {"eta": 0.07865631313652895, "max_depth": 4.984920175585396, "n_estimators": 39.45043574058658}, "datetime": {"datetime": "2021-09-24 16:05:45", "elapsed": 80.059817, "delta": 0.731997}}
{"target": -44.5604141923718, "params": {"eta": 0.05, "max_depth": 3.61268055768788, "n_estimators": 83.27086389997113}, "datetime": {"datetime": "2021-09-24 16:05:45", "elapsed": 80.830197, "delta": 0.77038}}
{"target": -44.10971384837215, "params": {"eta": 0.48102978627647164, "max_depth": 2.7616128136771874, "n_estimators": 16.643706780484298}, "datetime": {"datetime": "2021-09-24 16:05:46", "elapsed": 81.580912, "delta": 0.750715}}
{"target": -44.81422757026844, "params": {"eta": 0.05943908728799667, "max_depth": 3.685327777408248, "n_estimators": 41.022836525595245}, "datetime": {"datetime": "2021-09-24 16:05:47", "elapsed": 82.398916, "delta": 0.818004}}
{"target": -44.918913934463845, "params": {"eta": 0.05, "max_depth": 1.0, "n_estimators": 84.73456834278355}, "datetime": {"datetime": "2021-09-24 16:05:48", "elapsed": 83.253911, "delta": 0.854995}}
{"target": -44.84150919519869, "params": {"eta": 0.07082583980216481, "max_depth": 3.3689563173237023, "n_estimators": 78.03776678231367}, "datetime": {"datetime": "2021-09-24 16:05:49", "elapsed": 84.078913, "delta": 0.825002}}
{"target": -45.09238582983949, "params": {"eta": 0.06517159109205647, "max_depth": 4.165669712138913, "n_estimators": 63.636872715633416}, "datetime": {"datetime": "2021-09-24 16:05:49", "elapsed": 84.811911, "delta": 0.732998}}
{"target": -45.7872428894043, "params": {"eta": 0.11420331272103462, "max_depth": 4.984285352962294, "n_estimators": 24.515916269092816}, "datetime": {"datetime": "2021-09-24 16:05:50", "elapsed": 85.628745, "delta": 0.816834}}
{"target": -49.27123911577956, "params": {"eta": 0.05, "max_depth": 3.5266153159505103, "n_estimators": 31.57647442156083}, "datetime": {"datetime": "2021-09-24 16:05:51", "elapsed": 86.249748, "delta": 0.621003}}
{"target": -43.25934431606665, "params": {"eta": 0.4313728786630888, "max_depth": 1.0142207635318172, "n_estimators": 33.41271948928933}, "datetime": {"datetime": "2021-09-24 16:05:52", "elapsed": 86.896808, "delta": 0.64706}}
{"target": -45.160726934447325, "params": {"eta": 0.5, "max_depth": 1.0, "n_estimators": 80.08390010877982}, "datetime": {"datetime": "2021-09-24 16:05:52", "elapsed": 87.769859, "delta": 0.873051}}
{"target": -50.476468365891535, "params": {"eta": 0.05, "max_depth": 2.2437265860125177, "n_estimators": 29.242775629777658}, "datetime": {"datetime": "2021-09-24 16:05:53", "elapsed": 88.430859, "delta": 0.661}}
{"target": -43.41792710383135, "params": {"eta": 0.24976853112985153, "max_depth": 2.7271033681564294, "n_estimators": 26.37988729035751}, "datetime": {"datetime": "2021-09-24 16:05:54", "elapsed": 89.272844, "delta": 0.841985}}
{"target": -48.51128568147358, "params": {"eta": 0.49142076704474835, "max_depth": 3.9716626424456356, "n_estimators": 85.50969126036709}, "datetime": {"datetime": "2021-09-24 16:05:55", "elapsed": 90.085842, "delta": 0.812998}}
{"target": -45.75403523265867, "params": {"eta": 0.10521665227614832, "max_depth": 4.932693948770668, "n_estimators": 56.985006219248014}, "datetime": {"datetime": "2021-09-24 16:05:55", "elapsed": 90.833901, "delta": 0.748059}}
{"target": -44.11296276580122, "params": {"eta": 0.05160070233020633, "max_depth": 2.480132604937647, "n_estimators": 54.38678231859608}, "datetime": {"datetime": "2021-09-24 16:05:56", "elapsed": 91.680959, "delta": 0.847058}}
{"target": -45.70027914979404, "params": {"eta": 0.5, "max_depth": 1.0, "n_estimators": 98.87975497801013}, "datetime": {"datetime": "2021-09-24 16:05:57", "elapsed": 92.469019, "delta": 0.78806}}
{"target": -44.52578448532219, "params": {"eta": 0.05, "max_depth": 3.7368639002900164, "n_estimators": 79.7070533286962}, "datetime": {"datetime": "2021-09-24 16:05:58", "elapsed": 93.398015, "delta": 0.928996}}
{"target": -43.903744805128056, "params": {"eta": 0.45858755664209017, "max_depth": 1.1361805754931438, "n_estimators": 54.76431413582226}, "datetime": {"datetime": "2021-09-24 16:05:59", "elapsed": 94.056064, "delta": 0.658049}}
{"target": -44.8677940081833, "params": {"eta": 0.05228089793578073, "max_depth": 1.0017562070487225, "n_estimators": 82.71746927189211}, "datetime": {"datetime": "2021-09-24 16:05:59", "elapsed": 94.827124, "delta": 0.77106}}
