{"target": 0.4068711270440688, "params": {"eta": 0.6, "max_depth": 1.4653574304564414, "n_estimators": 10.785049052396712}, "datetime": {"datetime": "2021-09-24 13:00:02", "elapsed": 71.961976, "delta": 0.719004}}
{"target": 0.23655379583951908, "params": {"eta": 1.0, "max_depth": 3.0, "n_estimators": 5.546679962135869}, "datetime": {"datetime": "2021-09-24 13:00:02", "elapsed": 72.766589, "delta": 0.804613}}
{"target": 0.3986803853548363, "params": {"eta": 0.6224469436444932, "max_depth": 1.9361529359669394, "n_estimators": 5.902466605225094}, "datetime": {"datetime": "2021-09-24 13:00:03", "elapsed": 73.57723, "delta": 0.810641}}
{"target": 0.36120063402499314, "params": {"eta": 0.6, "max_depth": 2.0826354056092975, "n_estimators": 19.7342385548188}, "datetime": {"datetime": "2021-09-24 13:00:04", "elapsed": 74.456691, "delta": 0.879461}}
{"target": 0.3807414999325921, "params": {"eta": 1.0, "max_depth": 1.0, "n_estimators": 16.0907644199191}, "datetime": {"datetime": "2021-09-24 13:00:05", "elapsed": 75.070613, "delta": 0.613922}}
{"target": 0.3984710299597186, "params": {"eta": 1.0, "max_depth": 1.0, "n_estimators": 13.952599463407134}, "datetime": {"datetime": "2021-09-24 13:00:06", "elapsed": 75.793616, "delta": 0.723003}}
{"target": 0.3976683808826341, "params": {"eta": 0.6, "max_depth": 1.0, "n_estimators": 42.06690566416282}, "datetime": {"datetime": "2021-09-24 13:00:06", "elapsed": 76.735271, "delta": 0.941655}}
{"target": 0.3929157878295503, "params": {"eta": 0.6, "max_depth": 1.558098190025896, "n_estimators": 13.5368179807565}, "datetime": {"datetime": "2021-09-24 13:00:07", "elapsed": 77.531107, "delta": 0.795836}}
{"target": 0.38882682168422855, "params": {"eta": 0.9837913889445195, "max_depth": 1.0916716678968814, "n_estimators": 12.858817929233563}, "datetime": {"datetime": "2021-09-24 13:00:08", "elapsed": 78.412201, "delta": 0.881094}}
{"target": 0.2762767732786555, "params": {"eta": 0.6, "max_depth": 3.0, "n_estimators": 19.030853930539802}, "datetime": {"datetime": "2021-09-24 13:00:09", "elapsed": 79.191524, "delta": 0.779323}}
{"target": 0.4067183884713075, "params": {"eta": 0.6, "max_depth": 1.3785533243914347, "n_estimators": 37.771121058996464}, "datetime": {"datetime": "2021-09-24 13:00:10", "elapsed": 79.957523, "delta": 0.765999}}
{"target": 0.39985949375646124, "params": {"eta": 0.6, "max_depth": 1.7519984072115389, "n_estimators": 12.161722015289921}, "datetime": {"datetime": "2021-09-24 13:00:11", "elapsed": 80.967792, "delta": 1.010269}}
{"target": 0.3976683808826341, "params": {"eta": 0.6, "max_depth": 1.5497813215214173, "n_estimators": 42.42539847248745}, "datetime": {"datetime": "2021-09-24 13:00:11", "elapsed": 81.683789, "delta": 0.715997}}
{"target": 0.3858405373237722, "params": {"eta": 0.6050898126650823, "max_depth": 1.56933867346468, "n_estimators": 43.88601328154586}, "datetime": {"datetime": "2021-09-24 13:00:12", "elapsed": 82.469261, "delta": 0.785472}}
{"target": 0.3841230156455202, "params": {"eta": 0.6341813551083071, "max_depth": 1.7350528562626748, "n_estimators": 43.178293032464964}, "datetime": {"datetime": "2021-09-24 13:00:13", "elapsed": 83.230362, "delta": 0.761101}}
{"target": 0.3942112378338517, "params": {"eta": 0.6079256875097889, "max_depth": 1.5022824722925756, "n_estimators": 21.032795762663362}, "datetime": {"datetime": "2021-09-24 13:00:14", "elapsed": 83.983361, "delta": 0.752999}}
{"target": 0.4009602318452473, "params": {"eta": 0.6, "max_depth": 1.6188282550249569, "n_estimators": 22.925405770727753}, "datetime": {"datetime": "2021-09-24 13:00:14", "elapsed": 84.700761, "delta": 0.7174}}
{"target": 0.4014565191531886, "params": {"eta": 0.6010242434079707, "max_depth": 1.6742606508032465, "n_estimators": 22.326179931558947}, "datetime": {"datetime": "2021-09-24 13:00:15", "elapsed": 85.326579, "delta": 0.625818}}
{"target": 0.3983486147728106, "params": {"eta": 0.6070651143931639, "max_depth": 1.2760398562556046, "n_estimators": 22.11129529558484}, "datetime": {"datetime": "2021-09-24 13:00:16", "elapsed": 86.034018, "delta": 0.707439}}
{"target": 0.3996556788681954, "params": {"eta": 0.6, "max_depth": 1.484284047220531, "n_estimators": 7.386072851308403}, "datetime": {"datetime": "2021-09-24 13:00:16", "elapsed": 86.782088, "delta": 0.74807}}
{"target": 0.4058597984811666, "params": {"eta": 0.6, "max_depth": 1.0, "n_estimators": 33.8802133574607}, "datetime": {"datetime": "2021-09-24 13:00:17", "elapsed": 87.464965, "delta": 0.682877}}
{"target": 0.3920067667034244, "params": {"eta": 0.9950704109533645, "max_depth": 1.5922499537165675, "n_estimators": 6.348930303974475}, "datetime": {"datetime": "2021-09-24 13:00:18", "elapsed": 88.138963, "delta": 0.673998}}
{"target": 0.4011480796628153, "params": {"eta": 0.6, "max_depth": 1.0, "n_estimators": 4.175099671820458}, "datetime": {"datetime": "2021-09-24 13:00:19", "elapsed": 89.005458, "delta": 0.866495}}
{"target": 0.3909819035936648, "params": {"eta": 0.60428808901841, "max_depth": 1.1403007508198366, "n_estimators": 42.665652931371106}, "datetime": {"datetime": "2021-09-24 13:00:19", "elapsed": 89.669274, "delta": 0.663816}}
{"target": 0.40974210501028385, "params": {"eta": 0.6006539683107116, "max_depth": 1.3666330620653773, "n_estimators": 29.767833018104902}, "datetime": {"datetime": "2021-09-24 13:00:20", "elapsed": 90.279281, "delta": 0.610007}}
{"target": 0.4095034899066954, "params": {"eta": 0.6, "max_depth": 1.0, "n_estimators": 25.606307887233715}, "datetime": {"datetime": "2021-09-24 13:00:21", "elapsed": 91.145228, "delta": 0.865947}}
{"target": 0.4046551375705285, "params": {"eta": 0.6, "max_depth": 1.0, "n_estimators": 27.606736066826738}, "datetime": {"datetime": "2021-09-24 13:00:22", "elapsed": 91.917232, "delta": 0.772004}}
{"target": 0.40062010370262513, "params": {"eta": 0.624867490891205, "max_depth": 1.4950135789313392, "n_estimators": 31.375660165202966}, "datetime": {"datetime": "2021-09-24 13:00:22", "elapsed": 92.719828, "delta": 0.802596}}
{"target": 0.4120095456501258, "params": {"eta": 1.0, "max_depth": 1.4096713401732486, "n_estimators": 14.545233328602402}, "datetime": {"datetime": "2021-09-24 13:00:23", "elapsed": 93.377793, "delta": 0.657965}}
{"target": 0.343157327767999, "params": {"eta": 0.9940595767814462, "max_depth": 1.586831638433238, "n_estimators": 31.75015354038949}, "datetime": {"datetime": "2021-09-24 13:00:24", "elapsed": 94.033796, "delta": 0.656003}}
{"target": 0.40966199495045585, "params": {"eta": 0.6011940165222036, "max_depth": 1.035433679267663, "n_estimators": 29.413478734222096}, "datetime": {"datetime": "2021-09-24 13:00:25", "elapsed": 94.887907, "delta": 0.854111}}
{"target": 0.4068634798278995, "params": {"eta": 0.6, "max_depth": 1.3669513179556307, "n_estimators": 30.61177091557241}, "datetime": {"datetime": "2021-09-24 13:00:25", "elapsed": 95.668368, "delta": 0.780461}}
{"target": 0.3827482249662467, "params": {"eta": 0.6362660942339116, "max_depth": 1.3206627142338485, "n_estimators": 14.296028426085625}, "datetime": {"datetime": "2021-09-24 13:00:26", "elapsed": 96.36673, "delta": 0.698362}}
{"target": 0.4095034899066954, "params": {"eta": 0.6, "max_depth": 1.5079596715285672, "n_estimators": 25.83074678605377}, "datetime": {"datetime": "2021-09-24 13:00:27", "elapsed": 97.071153, "delta": 0.704423}}
{"target": 0.4000374593473983, "params": {"eta": 0.6099229584535087, "max_depth": 1.3172712814096748, "n_estimators": 26.558870409846893}, "datetime": {"datetime": "2021-09-24 13:00:28", "elapsed": 97.911579, "delta": 0.840426}}
{"target": 0.39824904550977636, "params": {"eta": 0.6068254407710773, "max_depth": 1.3293255667655859, "n_estimators": 25.17302228255014}, "datetime": {"datetime": "2021-09-24 13:00:28", "elapsed": 98.587473, "delta": 0.675894}}
{"target": 0.4067183884713075, "params": {"eta": 0.6, "max_depth": 1.0, "n_estimators": 37.79596656128899}, "datetime": {"datetime": "2021-09-24 13:00:29", "elapsed": 99.649989, "delta": 1.062516}}
{"target": 0.3982889085442899, "params": {"eta": 0.6308473167327945, "max_depth": 1.7144459072403575, "n_estimators": 5.399753482768717}, "datetime": {"datetime": "2021-09-24 13:00:30", "elapsed": 100.485901, "delta": 0.835912}}
{"target": 0.4059758828937492, "params": {"eta": 0.6, "max_depth": 1.363277383695968, "n_estimators": 8.820719098229148}, "datetime": {"datetime": "2021-09-24 13:00:31", "elapsed": 101.190188, "delta": 0.704287}}
{"target": 0.3887251556746215, "params": {"eta": 0.6, "max_depth": 1.0, "n_estimators": 19.943459244740218}, "datetime": {"datetime": "2021-09-24 13:00:32", "elapsed": 101.983187, "delta": 0.792999}}
{"target": 0.3918936940422165, "params": {"eta": 0.956606865840303, "max_depth": 1.4824317377249827, "n_estimators": 9.783579967756316}, "datetime": {"datetime": "2021-09-24 13:00:32", "elapsed": 102.771887, "delta": 0.7887}}
{"target": 0.4063648142700417, "params": {"eta": 0.6022592182636796, "max_depth": 1.5972882597252924, "n_estimators": 32.63516019468642}, "datetime": {"datetime": "2021-09-24 13:00:33", "elapsed": 103.657761, "delta": 0.885874}}
{"target": 0.18112036110886065, "params": {"eta": 0.9841617937524346, "max_depth": 2.179907467020397, "n_estimators": 33.295964992810745}, "datetime": {"datetime": "2021-09-24 13:00:35", "elapsed": 104.898473, "delta": 1.240712}}
{"target": 0.4068711270440688, "params": {"eta": 0.6, "max_depth": 1.244548599528054, "n_estimators": 10.127817764587057}, "datetime": {"datetime": "2021-09-24 13:00:36", "elapsed": 105.816153, "delta": 0.91768}}
{"target": 0.40421694714119505, "params": {"eta": 0.6, "max_depth": 1.419971406682863, "n_estimators": 34.40497807603474}, "datetime": {"datetime": "2021-09-24 13:00:36", "elapsed": 106.659886, "delta": 0.843733}}
{"target": 0.40614189850447313, "params": {"eta": 0.9852362533519228, "max_depth": 1.0259799742153581, "n_estimators": 8.27752690524802}, "datetime": {"datetime": "2021-09-24 13:00:37", "elapsed": 107.647557, "delta": 0.987671}}
{"target": 0.404101329444959, "params": {"eta": 0.6059865016988913, "max_depth": 1.3359807265037211, "n_estimators": 23.744432244744797}, "datetime": {"datetime": "2021-09-24 13:00:38", "elapsed": 108.445189, "delta": 0.797632}}
{"target": 0.3326998641627028, "params": {"eta": 0.9866979734716552, "max_depth": 1.2553870142429746, "n_estimators": 23.357585992227044}, "datetime": {"datetime": "2021-09-24 13:00:39", "elapsed": 109.176449, "delta": 0.73126}}
{"target": 0.3136213503393853, "params": {"eta": 0.605826810608052, "max_depth": 2.269399828590312, "n_estimators": 22.80041626505387}, "datetime": {"datetime": "2021-09-24 13:00:40", "elapsed": 110.05845, "delta": 0.882001}}
{"target": 0.3134887815853671, "params": {"eta": 1.0, "max_depth": 1.2691696278276363, "n_estimators": 42.20329399068889}, "datetime": {"datetime": "2021-09-24 13:00:41", "elapsed": 110.854752, "delta": 0.796302}}
{"target": 0.39453602676157595, "params": {"eta": 0.6, "max_depth": 1.0, "n_estimators": 43.60249369811836}, "datetime": {"datetime": "2021-09-24 13:00:41", "elapsed": 111.776783, "delta": 0.922031}}
{"target": 0.3469780812949813, "params": {"eta": 0.9982400423929573, "max_depth": 1.2394789270466926, "n_estimators": 21.646904703673485}, "datetime": {"datetime": "2021-09-24 13:00:42", "elapsed": 112.518781, "delta": 0.741998}}
{"target": 0.3944363295376877, "params": {"eta": 0.6, "max_depth": 1.4514830341650558, "n_estimators": 39.91131549082072}, "datetime": {"datetime": "2021-09-24 13:00:43", "elapsed": 113.628158, "delta": 1.109377}}
{"target": 0.32205218524556833, "params": {"eta": 0.9843056775128172, "max_depth": 1.0601672202911223, "n_estimators": 39.90951760875287}, "datetime": {"datetime": "2021-09-24 13:00:44", "elapsed": 114.553819, "delta": 0.925661}}
{"target": 0.38902766189592064, "params": {"eta": 0.6199487994094275, "max_depth": 1.5512476854348503, "n_estimators": 40.83696362897633}, "datetime": {"datetime": "2021-09-24 13:00:45", "elapsed": 115.615955, "delta": 1.062136}}
{"target": 0.39249949231250814, "params": {"eta": 0.60427458952641, "max_depth": 1.2190266795383224, "n_estimators": 41.553622329500705}, "datetime": {"datetime": "2021-09-24 13:00:46", "elapsed": 116.496491, "delta": 0.880536}}
{"target": 0.412549201195762, "params": {"eta": 0.6004346001564286, "max_depth": 1.295361294620157, "n_estimators": 35.93961163153913}, "datetime": {"datetime": "2021-09-24 13:00:47", "elapsed": 117.627056, "delta": 1.130565}}
{"target": 0.3355572051754102, "params": {"eta": 0.6011838314005761, "max_depth": 2.253595214008754, "n_estimators": 17.381346656964237}, "datetime": {"datetime": "2021-09-24 13:00:49", "elapsed": 119.106569, "delta": 1.479513}}
{"target": 0.4041346128402179, "params": {"eta": 0.6, "max_depth": 1.0, "n_estimators": 23.790297389868353}, "datetime": {"datetime": "2021-09-24 13:00:50", "elapsed": 120.225531, "delta": 1.118962}}
{"target": 0.38921634829005725, "params": {"eta": 0.6, "max_depth": 1.3189076567665605, "n_estimators": 16.268685539074085}, "datetime": {"datetime": "2021-09-24 13:00:51", "elapsed": 121.146044, "delta": 0.920513}}
{"target": 0.3928400267285376, "params": {"eta": 0.6007200961394821, "max_depth": 1.0184435533660625, "n_estimators": 13.006757167879073}, "datetime": {"datetime": "2021-09-24 13:00:52", "elapsed": 121.99558, "delta": 0.849536}}
{"target": 0.4009602318452473, "params": {"eta": 0.6, "max_depth": 1.2190732323560596, "n_estimators": 22.702748157864292}, "datetime": {"datetime": "2021-09-24 13:00:53", "elapsed": 123.081595, "delta": 1.086015}}
{"target": 0.41188752506640935, "params": {"eta": 0.6, "max_depth": 1.1762648384653955, "n_estimators": 6.5242045741041705}, "datetime": {"datetime": "2021-09-24 13:00:54", "elapsed": 123.81359, "delta": 0.731995}}
{"target": 0.3377589054706779, "params": {"eta": 0.6, "max_depth": 2.030046307670197, "n_estimators": 32.14958508783419}, "datetime": {"datetime": "2021-09-24 13:00:55", "elapsed": 124.892291, "delta": 1.078701}}
{"target": 0.4011480796628153, "params": {"eta": 0.6, "max_depth": 1.9175237342761535, "n_estimators": 4.706811492780514}, "datetime": {"datetime": "2021-09-24 13:00:56", "elapsed": 126.123183, "delta": 1.230892}}
{"target": 0.3898211597118656, "params": {"eta": 0.6, "max_depth": 1.4426396444514458, "n_estimators": 46.87124419696688}, "datetime": {"datetime": "2021-09-24 13:00:57", "elapsed": 127.063182, "delta": 0.939999}}
{"target": 0.39168098888794733, "params": {"eta": 0.6, "max_depth": 1.5394729089184886, "n_estimators": 47.61528703852753}, "datetime": {"datetime": "2021-09-24 13:00:58", "elapsed": 128.190123, "delta": 1.126941}}
{"target": 0.3487732799297222, "params": {"eta": 0.6, "max_depth": 2.0011919123736717, "n_estimators": 28.188105802554375}, "datetime": {"datetime": "2021-09-24 13:00:59", "elapsed": 129.076417, "delta": 0.886294}}
{"target": 0.41034057264358126, "params": {"eta": 0.6, "max_depth": 1.3594360583409453, "n_estimators": 28.242000187842237}, "datetime": {"datetime": "2021-09-24 13:01:00", "elapsed": 130.298419, "delta": 1.222002}}
{"target": 0.4044827652889257, "params": {"eta": 0.6042038624109521, "max_depth": 1.4123492627464207, "n_estimators": 35.46269045809335}, "datetime": {"datetime": "2021-09-24 13:01:01", "elapsed": 131.363081, "delta": 1.064662}}
{"target": 0.4046551375705285, "params": {"eta": 0.6, "max_depth": 1.3996104935306193, "n_estimators": 27.2366780405465}, "datetime": {"datetime": "2021-09-24 13:01:02", "elapsed": 132.723617, "delta": 1.360536}}
{"target": 0.3898211597118656, "params": {"eta": 0.6, "max_depth": 1.0, "n_estimators": 46.81587531938572}, "datetime": {"datetime": "2021-09-24 13:01:03", "elapsed": 133.504504, "delta": 0.780887}}
{"target": 0.38900444351639774, "params": {"eta": 1.0, "max_depth": 1.4496733381753828, "n_estimators": 11.778537353182086}, "datetime": {"datetime": "2021-09-24 13:01:04", "elapsed": 134.517614, "delta": 1.01311}}
{"target": 0.3963587358223494, "params": {"eta": 0.6109816177656904, "max_depth": 1.0213652708899912, "n_estimators": 33.32830990989113}, "datetime": {"datetime": "2021-09-24 13:01:05", "elapsed": 135.626219, "delta": 1.108605}}
{"target": 0.3884094097914934, "params": {"eta": 0.6, "max_depth": 1.4362579025683389, "n_estimators": 48.28285626112781}, "datetime": {"datetime": "2021-09-24 13:01:06", "elapsed": 136.644905, "delta": 1.018686}}
{"target": 0.42236180469702955, "params": {"eta": 1.0, "max_depth": 1.9161545039827692, "n_estimators": 5.206986239763862}, "datetime": {"datetime": "2021-09-24 13:01:07", "elapsed": 137.38655, "delta": 0.741645}}
{"target": 0.4083047707672238, "params": {"eta": 0.6044439566498411, "max_depth": 1.3561103226732416, "n_estimators": 24.555804012565872}, "datetime": {"datetime": "2021-09-24 13:01:08", "elapsed": 138.582885, "delta": 1.196335}}
{"target": 0.40812162842364164, "params": {"eta": 0.6, "max_depth": 1.0, "n_estimators": 24.417585487916515}, "datetime": {"datetime": "2021-09-24 13:01:09", "elapsed": 139.648283, "delta": 1.065398}}
{"target": 0.4063064687296799, "params": {"eta": 1.0, "max_depth": 1.4673237337674692, "n_estimators": 8.186148843510551}, "datetime": {"datetime": "2021-09-24 13:01:10", "elapsed": 140.545875, "delta": 0.897592}}
{"target": 0.3091170455211931, "params": {"eta": 1.0, "max_depth": 1.0, "n_estimators": 44.06113373656042}, "datetime": {"datetime": "2021-09-24 13:01:12", "elapsed": 141.820349, "delta": 1.274474}}
{"target": 0.3958759332339733, "params": {"eta": 0.6, "max_depth": 1.422716778045762, "n_estimators": 40.39431407128525}, "datetime": {"datetime": "2021-09-24 13:01:13", "elapsed": 143.15583, "delta": 1.335481}}
{"target": 0.3505777892809375, "params": {"eta": 0.6, "max_depth": 2.025303325051606, "n_estimators": 29.123218079050748}, "datetime": {"datetime": "2021-09-24 13:01:14", "elapsed": 144.232821, "delta": 1.076991}}
{"target": 0.388134047766552, "params": {"eta": 0.6, "max_depth": 1.0, "n_estimators": 45.53763739555623}, "datetime": {"datetime": "2021-09-24 13:01:15", "elapsed": 145.382487, "delta": 1.149666}}
{"target": 0.39761279973460073, "params": {"eta": 0.6208437330142281, "max_depth": 1.353430960017411, "n_estimators": 28.86308517345625}, "datetime": {"datetime": "2021-09-24 13:01:16", "elapsed": 146.611475, "delta": 1.228988}}
{"target": 0.40147665179930225, "params": {"eta": 0.6091521070086706, "max_depth": 1.96710728076588, "n_estimators": 34.873843574596506}, "datetime": {"datetime": "2021-09-24 13:01:17", "elapsed": 147.618823, "delta": 1.007348}}
{"target": 0.33061508634793857, "params": {"eta": 0.9741415741508829, "max_depth": 1.7380110965903948, "n_estimators": 35.13426009271376}, "datetime": {"datetime": "2021-09-24 13:01:18", "elapsed": 148.48797, "delta": 0.869147}}
{"target": 0.3813528937209826, "params": {"eta": 0.6, "max_depth": 1.3376850199658739, "n_estimators": 49.359253639493716}, "datetime": {"datetime": "2021-09-24 13:01:19", "elapsed": 149.655214, "delta": 1.167244}}
{"target": 0.40632016947787364, "params": {"eta": 0.6, "max_depth": 1.5078528506949087, "n_estimators": 36.88152041924897}, "datetime": {"datetime": "2021-09-24 13:01:20", "elapsed": 150.6239, "delta": 0.968686}}
{"target": 0.40088845518636407, "params": {"eta": 0.6109161553980217, "max_depth": 1.092114114404816, "n_estimators": 32.29454031254191}, "datetime": {"datetime": "2021-09-24 13:01:21", "elapsed": 151.515034, "delta": 0.891134}}
{"target": 0.41233920108645683, "params": {"eta": 0.9908153117300912, "max_depth": 1.7699061039276653, "n_estimators": 14.754841592352436}, "datetime": {"datetime": "2021-09-24 13:01:23", "elapsed": 153.123408, "delta": 1.608374}}
{"target": 0.3556161676624585, "params": {"eta": 0.60542944580606, "max_depth": 2.0757176982379377, "n_estimators": 14.683650070097633}, "datetime": {"datetime": "2021-09-24 13:01:24", "elapsed": 154.209062, "delta": 1.085654}}
{"target": 0.3933832432031261, "params": {"eta": 0.988122291962481, "max_depth": 1.4736422929532054, "n_estimators": 15.184226900755359}, "datetime": {"datetime": "2021-09-24 13:01:25", "elapsed": 155.343343, "delta": 1.134281}}
{"target": 0.3958759332339733, "params": {"eta": 0.6, "max_depth": 1.0, "n_estimators": 40.91098927322032}, "datetime": {"datetime": "2021-09-24 13:01:26", "elapsed": 156.294693, "delta": 0.95135}}
{"target": 0.3443250543709011, "params": {"eta": 0.9862301250952997, "max_depth": 1.0636493089536474, "n_estimators": 32.6885021393616}, "datetime": {"datetime": "2021-09-24 13:01:27", "elapsed": 157.275781, "delta": 0.981088}}
{"target": 0.4018448636781501, "params": {"eta": 0.6232922395782088, "max_depth": 1.419610938402802, "n_estimators": 4.316921912751766}, "datetime": {"datetime": "2021-09-24 13:01:28", "elapsed": 158.42031, "delta": 1.144529}}
{"target": 0.42197212339808443, "params": {"eta": 0.9930590579120225, "max_depth": 1.0145594995692042, "n_estimators": 5.7538509572828245}, "datetime": {"datetime": "2021-09-24 13:01:29", "elapsed": 159.377462, "delta": 0.957152}}
{"target": 0.38481247445440947, "params": {"eta": 0.6, "max_depth": 1.5281931031819707, "n_estimators": 50.0}, "datetime": {"datetime": "2021-09-24 13:01:30", "elapsed": 160.380193, "delta": 1.002731}}
{"target": 0.3969207021650034, "params": {"eta": 0.6, "max_depth": 1.5340474026772655, "n_estimators": 21.666697719719753}, "datetime": {"datetime": "2021-09-24 13:01:31", "elapsed": 161.334579, "delta": 0.954386}}
{"target": 0.40197743829630295, "params": {"eta": 0.6, "max_depth": 1.3083024807847248, "n_estimators": 31.055505711877856}, "datetime": {"datetime": "2021-09-24 13:01:32", "elapsed": 162.346884, "delta": 1.012305}}
{"target": 0.3689803945278691, "params": {"eta": 0.601094921796183, "max_depth": 1.3157778859214546, "n_estimators": 3.746106430965206}, "datetime": {"datetime": "2021-09-24 13:01:33", "elapsed": 163.20385, "delta": 0.856966}}
{"target": 0.39082634315902565, "params": {"eta": 1.0, "max_depth": 1.3362910139595057, "n_estimators": 10.829324625564501}, "datetime": {"datetime": "2021-09-24 13:01:34", "elapsed": 164.235644, "delta": 1.031794}}
