{"target": -44.535624052348886, "params": {"eta": 0.05, "max_depth": 3.423187583934268, "n_estimators": 70.59805390916232}, "datetime": {"datetime": "2021-09-24 16:06:00", "elapsed": 95.676122, "delta": 0.848998}}
{"target": -50.5408406652006, "params": {"eta": 0.4031966567217879, "max_depth": 4.179562484970179, "n_estimators": 96.36696802812756}, "datetime": {"datetime": "2021-09-24 16:06:01", "elapsed": 96.681121, "delta": 1.004999}}
{"target": -45.50549588884626, "params": {"eta": 0.3840080159065347, "max_depth": 3.7725216272151663, "n_estimators": 17.33863241916193}, "datetime": {"datetime": "2021-09-24 16:06:02", "elapsed": 97.570121, "delta": 0.889}}
{"target": -43.78332003256432, "params": {"eta": 0.07296114131449111, "max_depth": 1.6367969404664873, "n_estimators": 91.940972206085}, "datetime": {"datetime": "2021-09-24 16:06:03", "elapsed": 98.56612, "delta": 0.995999}}
{"target": -66.20439853524803, "params": {"eta": 0.05, "max_depth": 5.0, "n_estimators": 18.79827222365282}, "datetime": {"datetime": "2021-09-24 16:06:04", "elapsed": 99.393124, "delta": 0.827004}}
{"target": -49.19467728120044, "params": {"eta": 0.46264514308693144, "max_depth": 4.104754241644518, "n_estimators": 20.9106916783288}, "datetime": {"datetime": "2021-09-24 16:06:05", "elapsed": 100.164123, "delta": 0.770999}}
{"target": -45.817741967681656, "params": {"eta": 0.5, "max_depth": 2.6148806723568265, "n_estimators": 19.157232965319643}, "datetime": {"datetime": "2021-09-24 16:06:06", "elapsed": 100.894123, "delta": 0.73}}
{"target": -45.15666778105542, "params": {"eta": 0.07528272064426418, "max_depth": 3.5965664589778874, "n_estimators": 57.5180394861168}, "datetime": {"datetime": "2021-09-24 16:06:06", "elapsed": 101.796121, "delta": 0.901998}}
{"target": -44.97842361335468, "params": {"eta": 0.052500350036120434, "max_depth": 3.8404852068535833, "n_estimators": 49.17726641431129}, "datetime": {"datetime": "2021-09-24 16:06:07", "elapsed": 102.716123, "delta": 0.920002}}
{"target": -44.53621518701539, "params": {"eta": 0.12405923570201782, "max_depth": 3.9542877175248528, "n_estimators": 26.992918858572178}, "datetime": {"datetime": "2021-09-24 16:06:08", "elapsed": 103.634124, "delta": 0.918001}}
{"target": -46.007395636766475, "params": {"eta": 0.08160997494489972, "max_depth": 4.309373139781561, "n_estimators": 98.71269377568913}, "datetime": {"datetime": "2021-09-24 16:06:09", "elapsed": 104.582122, "delta": 0.947998}}
{"target": -46.12601184127922, "params": {"eta": 0.05, "max_depth": 1.9490312844715516, "n_estimators": 59.376317753432225}, "datetime": {"datetime": "2021-09-24 16:06:10", "elapsed": 105.599919, "delta": 1.017797}}
{"target": -45.21931635347524, "params": {"eta": 0.05, "max_depth": 1.9021543527944509, "n_estimators": 77.63973303354597}, "datetime": {"datetime": "2021-09-24 16:06:11", "elapsed": 106.389119, "delta": 0.7892}}
{"target": -45.365913706614556, "params": {"eta": 0.0732305510461255, "max_depth": 3.2989387969437463, "n_estimators": 73.48831893556907}, "datetime": {"datetime": "2021-09-24 16:06:12", "elapsed": 107.229948, "delta": 0.840829}}
{"target": -54.88865013409378, "params": {"eta": 0.05, "max_depth": 1.0, "n_estimators": 24.63007284159912}, "datetime": {"datetime": "2021-09-24 16:06:13", "elapsed": 108.150951, "delta": 0.921003}}
{"target": -44.5210863271154, "params": {"eta": 0.49489669648234597, "max_depth": 1.7307558422557316, "n_estimators": 26.584622916761777}, "datetime": {"datetime": "2021-09-24 16:06:14", "elapsed": 108.983949, "delta": 0.832998}}
{"target": -44.072445173908896, "params": {"eta": 0.05487438648073342, "max_depth": 2.0012565857323934, "n_estimators": 51.65300123559918}, "datetime": {"datetime": "2021-09-24 16:06:14", "elapsed": 109.797945, "delta": 0.813996}}
{"target": -44.54068540989008, "params": {"eta": 0.05, "max_depth": 3.5361079503280224, "n_estimators": 87.0226530870429}, "datetime": {"datetime": "2021-09-24 16:06:15", "elapsed": 110.821944, "delta": 1.023999}}
{"target": -43.67788466833588, "params": {"eta": 0.05729649434602885, "max_depth": 2.1148628891556775, "n_estimators": 66.2115891281294}, "datetime": {"datetime": "2021-09-24 16:06:16", "elapsed": 111.628133, "delta": 0.806189}}
{"target": -49.48581522030938, "params": {"eta": 0.49453718447985134, "max_depth": 3.7797076757871895, "n_estimators": 51.67706090226932}, "datetime": {"datetime": "2021-09-24 16:06:17", "elapsed": 112.413157, "delta": 0.785024}}
{"target": -46.5404493862525, "params": {"eta": 0.05476488808385005, "max_depth": 2.0727758862039805, "n_estimators": 35.343945139669756}, "datetime": {"datetime": "2021-09-24 16:06:18", "elapsed": 113.353153, "delta": 0.939996}}
{"target": -47.01543456629703, "params": {"eta": 0.45101633178512035, "max_depth": 3.937141849550587, "n_estimators": 43.216042974238945}, "datetime": {"datetime": "2021-09-24 16:06:19", "elapsed": 114.430828, "delta": 1.077675}}
{"target": -45.93975589149877, "params": {"eta": 0.07597557267963972, "max_depth": 4.304208454250828, "n_estimators": 93.7938453589573}, "datetime": {"datetime": "2021-09-24 16:06:20", "elapsed": 115.324133, "delta": 0.893305}}
{"target": -43.415763453433385, "params": {"eta": 0.05, "max_depth": 2.109600294920552, "n_estimators": 80.52645104410382}, "datetime": {"datetime": "2021-09-24 16:06:21", "elapsed": 116.136927, "delta": 0.812794}}
{"target": -47.59411575202655, "params": {"eta": 0.5, "max_depth": 5.0, "n_estimators": 63.796382870110435}, "datetime": {"datetime": "2021-09-24 16:06:22", "elapsed": 117.278943, "delta": 1.142016}}
{"target": -45.87024561803144, "params": {"eta": 0.5, "max_depth": 3.7950122790398924, "n_estimators": 39.91043818323108}, "datetime": {"datetime": "2021-09-24 16:06:23", "elapsed": 118.423651, "delta": 1.144708}}
{"target": -46.55846052241505, "params": {"eta": 0.5, "max_depth": 3.83462783956047, "n_estimators": 65.57949001109209}, "datetime": {"datetime": "2021-09-24 16:06:24", "elapsed": 119.297084, "delta": 0.873433}}
{"target": -44.95524806546089, "params": {"eta": 0.5, "max_depth": 1.0, "n_estimators": 71.02356695287678}, "datetime": {"datetime": "2021-09-24 16:06:25", "elapsed": 120.001554, "delta": 0.70447}}
{"target": -45.119655178901844, "params": {"eta": 0.060684390016575634, "max_depth": 4.162791758864767, "n_estimators": 45.17845272741147}, "datetime": {"datetime": "2021-09-24 16:06:26", "elapsed": 121.064443, "delta": 1.062889}}
{"target": -44.52357382523386, "params": {"eta": 0.4979499660433262, "max_depth": 1.0155760662099111, "n_estimators": 19.984018095801705}, "datetime": {"datetime": "2021-09-24 16:06:27", "elapsed": 122.118717, "delta": 1.054274}}
{"target": -43.5562436670289, "params": {"eta": 0.5, "max_depth": 1.0, "n_estimators": 35.797135832734085}, "datetime": {"datetime": "2021-09-24 16:06:27", "elapsed": 122.777956, "delta": 0.659239}}
{"target": -44.5522634750022, "params": {"eta": 0.06327446166902555, "max_depth": 3.749373603750266, "n_estimators": 53.74803296067482}, "datetime": {"datetime": "2021-09-24 16:06:28", "elapsed": 123.657577, "delta": 0.879621}}
{"target": -48.54621445505243, "params": {"eta": 0.05, "max_depth": 1.9428112206802233, "n_estimators": 39.13372402420627}, "datetime": {"datetime": "2021-09-24 16:06:29", "elapsed": 124.382984, "delta": 0.725407}}
{"target": -45.51967486044518, "params": {"eta": 0.4060715762142693, "max_depth": 2.070934037851979, "n_estimators": 32.42026158183489}, "datetime": {"datetime": "2021-09-24 16:06:30", "elapsed": 125.559267, "delta": 1.176283}}
{"target": -44.255668410681245, "params": {"eta": 0.5, "max_depth": 3.566732739097925, "n_estimators": 8.42077888047409}, "datetime": {"datetime": "2021-09-24 16:06:31", "elapsed": 126.397779, "delta": 0.838512}}
{"target": -46.4677331250413, "params": {"eta": 0.4759791737669925, "max_depth": 3.7387851668045955, "n_estimators": 25.812828592428634}, "datetime": {"datetime": "2021-09-24 16:06:32", "elapsed": 127.256779, "delta": 0.859}}
{"target": -46.88089861188616, "params": {"eta": 0.05, "max_depth": 1.0, "n_estimators": 50.41563562006797}, "datetime": {"datetime": "2021-09-24 16:06:33", "elapsed": 128.297122, "delta": 1.040343}}
{"target": -46.73890066505375, "params": {"eta": 0.05, "max_depth": 1.0, "n_estimators": 52.268504694784525}, "datetime": {"datetime": "2021-09-24 16:06:34", "elapsed": 129.537002, "delta": 1.23988}}
{"target": -44.35041568153783, "params": {"eta": 0.5, "max_depth": 1.0, "n_estimators": 13.491521315400645}, "datetime": {"datetime": "2021-09-24 16:06:35", "elapsed": 130.43113, "delta": 0.894128}}
{"target": -44.6363995774348, "params": {"eta": 0.061927938998685705, "max_depth": 1.5788789200338722, "n_estimators": 75.40775843343849}, "datetime": {"datetime": "2021-09-24 16:06:36", "elapsed": 131.39377, "delta": 0.96264}}
{"target": -44.56803346218023, "params": {"eta": 0.05, "max_depth": 3.501127143487537, "n_estimators": 89.73885594710208}, "datetime": {"datetime": "2021-09-24 16:06:37", "elapsed": 132.478997, "delta": 1.085227}}
{"target": -49.79126240436296, "params": {"eta": 0.5, "max_depth": 2.4832231105081437, "n_estimators": 67.37466192110593}, "datetime": {"datetime": "2021-09-24 16:06:38", "elapsed": 133.594986, "delta": 1.115989}}
{"target": -43.76650260982657, "params": {"eta": 0.08047415435910266, "max_depth": 1.7979204990143756, "n_estimators": 85.69514197664914}, "datetime": {"datetime": "2021-09-24 16:06:39", "elapsed": 134.443256, "delta": 0.84827}}
{"target": -43.878623360081725, "params": {"eta": 0.47039974457027384, "max_depth": 1.011317616974262, "n_estimators": 30.25592233373573}, "datetime": {"datetime": "2021-09-24 16:06:40", "elapsed": 135.310467, "delta": 0.867211}}
{"target": -49.76458094173804, "params": {"eta": 0.42370531931816385, "max_depth": 2.3375264773448174, "n_estimators": 70.09589152124961}, "datetime": {"datetime": "2021-09-24 16:06:41", "elapsed": 136.355612, "delta": 1.045145}}
{"target": -44.741718765488244, "params": {"eta": 0.49005538255860526, "max_depth": 1.0053083680628188, "n_estimators": 65.51804781631085}, "datetime": {"datetime": "2021-09-24 16:06:42", "elapsed": 137.221884, "delta": 0.866272}}
{"target": -49.04266509436127, "params": {"eta": 0.4467905997519835, "max_depth": 3.506329820398276, "n_estimators": 60.99530692594836}, "datetime": {"datetime": "2021-09-24 16:06:43", "elapsed": 138.241767, "delta": 1.019883}}
{"target": -46.794442313058035, "params": {"eta": 0.5, "max_depth": 5.0, "n_estimators": 21.201476692888125}, "datetime": {"datetime": "2021-09-24 16:06:44", "elapsed": 139.222652, "delta": 0.980885}}
{"target": -45.04701873951389, "params": {"eta": 0.4816681691373698, "max_depth": 1.8880207639276536, "n_estimators": 90.16417859015505}, "datetime": {"datetime": "2021-09-24 16:06:45", "elapsed": 140.485638, "delta": 1.262986}}
{"target": -45.23922216085563, "params": {"eta": 0.07830059578538938, "max_depth": 3.3363389770263643, "n_estimators": 84.41512388892785}, "datetime": {"datetime": "2021-09-24 16:06:46", "elapsed": 141.425993, "delta": 0.940355}}
{"target": -43.90648180739324, "params": {"eta": 0.05, "max_depth": 2.508351476334334, "n_estimators": 63.398862655826825}, "datetime": {"datetime": "2021-09-24 16:06:47", "elapsed": 142.366654, "delta": 0.940661}}
{"target": -45.430891825740495, "params": {"eta": 0.5, "max_depth": 1.0, "n_estimators": 92.22189309018648}, "datetime": {"datetime": "2021-09-24 16:06:48", "elapsed": 143.43723, "delta": 1.070576}}
{"target": -51.278235413974386, "params": {"eta": 0.5, "max_depth": 4.112461017027766, "n_estimators": 30.246097025120353}, "datetime": {"datetime": "2021-09-24 16:06:49", "elapsed": 144.635636, "delta": 1.198406}}
{"target": -44.31203265656206, "params": {"eta": 0.5, "max_depth": 1.0, "n_estimators": 11.183680449641766}, "datetime": {"datetime": "2021-09-24 16:06:50", "elapsed": 145.687362, "delta": 1.051726}}
{"target": -44.86139242989676, "params": {"eta": 0.47818699091181116, "max_depth": 1.3855889940465533, "n_estimators": 63.530196066372476}, "datetime": {"datetime": "2021-09-24 16:06:51", "elapsed": 146.573626, "delta": 0.886264}}
{"target": -45.48947751611695, "params": {"eta": 0.05, "max_depth": 4.324175480468006, "n_estimators": 81.42261791234392}, "datetime": {"datetime": "2021-09-24 16:06:52", "elapsed": 147.639626, "delta": 1.066}}
{"target": -45.646407148891825, "params": {"eta": 0.5, "max_depth": 3.7323114549361107, "n_estimators": 41.978935522184194}, "datetime": {"datetime": "2021-09-24 16:06:53", "elapsed": 148.573599, "delta": 0.933973}}
{"target": -44.763587750886614, "params": {"eta": 0.5, "max_depth": 3.1376300009055877, "n_estimators": 15.321054886191074}, "datetime": {"datetime": "2021-09-24 16:06:54", "elapsed": 149.389866, "delta": 0.816267}}
{"target": -44.761336993454094, "params": {"eta": 0.49487035691388076, "max_depth": 1.0433552626749303, "n_estimators": 17.796082037633774}, "datetime": {"datetime": "2021-09-24 16:06:55", "elapsed": 150.351064, "delta": 0.961198}}
{"target": -45.18508848032557, "params": {"eta": 0.06505923465156992, "max_depth": 3.943872063092349, "n_estimators": 68.25489529757415}, "datetime": {"datetime": "2021-09-24 16:06:56", "elapsed": 151.437243, "delta": 1.086179}}
{"target": -44.1422137497063, "params": {"eta": 0.5, "max_depth": 1.5074520885042824, "n_estimators": 22.870699730015065}, "datetime": {"datetime": "2021-09-24 16:06:57", "elapsed": 152.185702, "delta": 0.748459}}
{"target": -46.25136376861343, "params": {"eta": 0.06018658509890546, "max_depth": 1.7965628714513082, "n_estimators": 47.22494933454425}, "datetime": {"datetime": "2021-09-24 16:06:58", "elapsed": 153.648592, "delta": 1.46289}}
{"target": -43.200387194640655, "params": {"eta": 0.05, "max_depth": 2.0293002137094454, "n_estimators": 98.82285737241988}, "datetime": {"datetime": "2021-09-24 16:07:00", "elapsed": 154.84127, "delta": 1.192678}}
{"target": -44.996399255623494, "params": {"eta": 0.5, "max_depth": 1.0, "n_estimators": 77.7343409234614}, "datetime": {"datetime": "2021-09-24 16:07:01", "elapsed": 156.082674, "delta": 1.241404}}
{"target": -49.80287554748076, "params": {"eta": 0.49995585393572367, "max_depth": 2.019737442614519, "n_estimators": 60.46653054286844}, "datetime": {"datetime": "2021-09-24 16:07:02", "elapsed": 156.928858, "delta": 0.846184}}
{"target": -45.38200539036801, "params": {"eta": 0.05, "max_depth": 1.0, "n_estimators": 73.37899118157728}, "datetime": {"datetime": "2021-09-24 16:07:03", "elapsed": 158.170101, "delta": 1.241243}}
{"target": -45.04484380277476, "params": {"eta": 0.05089554617289793, "max_depth": 3.946129175637099, "n_estimators": 71.44126711877165}, "datetime": {"datetime": "2021-09-24 16:07:04", "elapsed": 159.269808, "delta": 1.099707}}
{"target": -43.98200228698271, "params": {"eta": 0.4893067107868418, "max_depth": 1.9001893392489428, "n_estimators": 30.65729736074293}, "datetime": {"datetime": "2021-09-24 16:07:05", "elapsed": 160.769534, "delta": 1.499726}}
{"target": -44.687384067621444, "params": {"eta": 0.05, "max_depth": 3.8177928872194307, "n_estimators": 59.279526603997}, "datetime": {"datetime": "2021-09-24 16:07:07", "elapsed": 161.911365, "delta": 1.141831}}
{"target": -52.45568446109169, "params": {"eta": 0.5, "max_depth": 4.270935080642833, "n_estimators": 67.26938591151219}, "datetime": {"datetime": "2021-09-24 16:07:08", "elapsed": 163.725301, "delta": 1.813936}}
{"target": -52.078005181219346, "params": {"eta": 0.4993815186053575, "max_depth": 4.2352394994016125, "n_estimators": 49.95791296533751}, "datetime": {"datetime": "2021-09-24 16:07:10", "elapsed": 164.864301, "delta": 1.139}}
{"target": -44.668626398072206, "params": {"eta": 0.06477289642310675, "max_depth": 3.876813834170986, "n_estimators": 47.94130474979802}, "datetime": {"datetime": "2021-09-24 16:07:11", "elapsed": 165.900994, "delta": 1.036693}}
{"target": -44.77325796543207, "params": {"eta": 0.47942220935192104, "max_depth": 1.0054377122923412, "n_estimators": 88.85982711993763}, "datetime": {"datetime": "2021-09-24 16:07:12", "elapsed": 166.900027, "delta": 0.999033}}
{"target": -47.30051952734926, "params": {"eta": 0.5, "max_depth": 5.0, "n_estimators": 27.47870200706827}, "datetime": {"datetime": "2021-09-24 16:07:13", "elapsed": 168.134503, "delta": 1.234476}}
{"target": -45.88722535900604, "params": {"eta": 0.5, "max_depth": 3.9087988581400017, "n_estimators": 23.726242158162105}, "datetime": {"datetime": "2021-09-24 16:07:14", "elapsed": 169.359278, "delta": 1.224775}}
{"target": -47.07747425710348, "params": {"eta": 0.5, "max_depth": 3.613154120341615, "n_estimators": 82.23591394946035}, "datetime": {"datetime": "2021-09-24 16:07:15", "elapsed": 170.578995, "delta": 1.219717}}
{"target": -47.595971042948555, "params": {"eta": 0.5, "max_depth": 5.0, "n_estimators": 98.47294697122705}, "datetime": {"datetime": "2021-09-24 16:07:16", "elapsed": 171.681644, "delta": 1.102649}}
{"target": -49.899317404381314, "params": {"eta": 0.05, "max_depth": 1.8054334020374996, "n_estimators": 33.36842660639756}, "datetime": {"datetime": "2021-09-24 16:07:18", "elapsed": 172.838605, "delta": 1.156961}}
{"target": -47.733141174890044, "params": {"eta": 0.4889440179860167, "max_depth": 3.645643077378189, "n_estimators": 33.23422847356937}, "datetime": {"datetime": "2021-09-24 16:07:18", "elapsed": 173.665371, "delta": 0.826766}}
{"target": -49.02297689681663, "params": {"eta": 0.4170026971006461, "max_depth": 3.189487145834805, "n_estimators": 35.23630540873546}, "datetime": {"datetime": "2021-09-24 16:07:20", "elapsed": 174.839294, "delta": 1.173923}}
{"target": -50.891657176770664, "params": {"eta": 0.5, "max_depth": 2.6920512220348853, "n_estimators": 86.43028102069937}, "datetime": {"datetime": "2021-09-24 16:07:21", "elapsed": 175.923293, "delta": 1.083999}}
{"target": -46.908243089690245, "params": {"eta": 0.46155396491242573, "max_depth": 3.823159016381243, "n_estimators": 37.28340628894753}, "datetime": {"datetime": "2021-09-24 16:07:22", "elapsed": 177.106689, "delta": 1.183396}}
{"target": -44.561889246890416, "params": {"eta": 0.05, "max_depth": 1.0, "n_estimators": 96.53784482932521}, "datetime": {"datetime": "2021-09-24 16:07:23", "elapsed": 178.024925, "delta": 0.918236}}
{"target": -47.389400539541604, "params": {"eta": 0.5, "max_depth": 5.0, "n_estimators": 34.75411478249312}, "datetime": {"datetime": "2021-09-24 16:07:24", "elapsed": 179.078495, "delta": 1.05357}}
{"target": -48.63107103333437, "params": {"eta": 0.49093802975590656, "max_depth": 3.2705164688101753, "n_estimators": 80.3867702668444}, "datetime": {"datetime": "2021-09-24 16:07:25", "elapsed": 180.029227, "delta": 0.950732}}
{"target": -45.04918068333676, "params": {"eta": 0.058535965728514716, "max_depth": 1.084696125639108, "n_estimators": 68.95409131501633}, "datetime": {"datetime": "2021-09-24 16:07:26", "elapsed": 181.385882, "delta": 1.356655}}
{"target": -44.342629196052265, "params": {"eta": 0.49778259197338287, "max_depth": 1.8715196933352631, "n_estimators": 58.25887406238958}, "datetime": {"datetime": "2021-09-24 16:07:27", "elapsed": 182.671486, "delta": 1.285604}}
{"target": -43.159772026807744, "params": {"eta": 0.05, "max_depth": 2.3765708013173685, "n_estimators": 96.28509662549195}, "datetime": {"datetime": "2021-09-24 16:07:28", "elapsed": 183.588488, "delta": 0.917002}}
{"target": -44.154141763099155, "params": {"eta": 0.08607497032610793, "max_depth": 2.1990618506521273, "n_estimators": 72.1754253912729}, "datetime": {"datetime": "2021-09-24 16:07:29", "elapsed": 184.666575, "delta": 1.078087}}
{"target": -48.019463327594266, "params": {"eta": 0.46311819217063704, "max_depth": 3.4038799405471827, "n_estimators": 63.048082776913}, "datetime": {"datetime": "2021-09-24 16:07:31", "elapsed": 186.050856, "delta": 1.384281}}
{"target": -44.93689108253422, "params": {"eta": 0.055310174263592124, "max_depth": 3.694926843955963, "n_estimators": 64.70708653126914}, "datetime": {"datetime": "2021-09-24 16:07:32", "elapsed": 187.589458, "delta": 1.538602}}
{"target": -53.36838003746549, "params": {"eta": 0.05, "max_depth": 1.0, "n_estimators": 26.469605897725113}, "datetime": {"datetime": "2021-09-24 16:07:34", "elapsed": 188.837121, "delta": 1.247663}}
{"target": -46.289130476184354, "params": {"eta": 0.46626526370896426, "max_depth": 2.0178988844754655, "n_estimators": 25.527070557749408}, "datetime": {"datetime": "2021-09-24 16:07:35", "elapsed": 189.981051, "delta": 1.14393}}
{"target": -43.38463850666706, "params": {"eta": 0.05, "max_depth": 2.3145124946615434, "n_estimators": 84.85981003628464}, "datetime": {"datetime": "2021-09-24 16:07:36", "elapsed": 191.512747, "delta": 1.531696}}
{"target": -45.27751532533115, "params": {"eta": 0.05, "max_depth": 4.730474370932921, "n_estimators": 75.4890652085731}, "datetime": {"datetime": "2021-09-24 16:07:38", "elapsed": 193.096272, "delta": 1.583525}}
{"target": -47.56781952363208, "params": {"eta": 0.5, "max_depth": 5.0, "n_estimators": 45.48904223546087}, "datetime": {"datetime": "2021-09-24 16:07:39", "elapsed": 194.337786, "delta": 1.241514}}
{"target": -44.343609056974714, "params": {"eta": 0.49359211050721236, "max_depth": 1.897265255367258, "n_estimators": 53.682758386883656}, "datetime": {"datetime": "2021-09-24 16:07:40", "elapsed": 195.813338, "delta": 1.475552}}
{"target": -50.18268874175566, "params": {"eta": 0.4882729045886184, "max_depth": 4.983742440813062, "n_estimators": 93.1758823330578}, "datetime": {"datetime": "2021-09-24 16:07:42", "elapsed": 197.384766, "delta": 1.571428}}
{"target": -44.83739494381094, "params": {"eta": 0.05, "max_depth": 2.9939938670128097, "n_estimators": 48.75524634742831}, "datetime": {"datetime": "2021-09-24 16:07:44", "elapsed": 198.854541, "delta": 1.469775}}
{"target": -44.37265984097818, "params": {"eta": 0.5, "max_depth": 1.5065045665613892, "n_estimators": 48.35284888581318}, "datetime": {"datetime": "2021-09-24 16:07:45", "elapsed": 200.149379, "delta": 1.294838}}
