{"target": 0.4151690908920893, "params": {"eta": 0.117369671209719, "max_depth": 1.0058823814662101, "n_estimators": 26.737489765194116}, "datetime": {"datetime": "2021-09-24 13:24:02", "elapsed": 413.99946, "delta": 1.93508}}
{"target": 0.4406570686672626, "params": {"eta": 0.1, "max_depth": 1.5274802254778472, "n_estimators": 43.53915271650291}, "datetime": {"datetime": "2021-09-24 13:24:04", "elapsed": 415.946978, "delta": 1.947518}}
{"target": 0.2600251138667532, "params": {"eta": 0.1, "max_depth": 1.6359515698741376, "n_estimators": 16.75894793537648}, "datetime": {"datetime": "2021-09-24 13:24:06", "elapsed": 417.631982, "delta": 1.685004}}
{"target": 0.3594952748873388, "params": {"eta": 0.6, "max_depth": 2.4202041991349885, "n_estimators": 17.491918582592273}, "datetime": {"datetime": "2021-09-24 13:24:08", "elapsed": 419.47598, "delta": 1.843998}}
{"target": 0.40838643544713016, "params": {"eta": 0.1, "max_depth": 3.0, "n_estimators": 30.179696948226585}, "datetime": {"datetime": "2021-09-24 13:24:09", "elapsed": 421.235143, "delta": 1.759163}}
{"target": 0.45336588440486736, "params": {"eta": 0.11198616204977294, "max_depth": 2.982979968457138, "n_estimators": 49.35389714169938}, "datetime": {"datetime": "2021-09-24 13:24:12", "elapsed": 423.475143, "delta": 2.24}}
{"target": 0.39847339303555085, "params": {"eta": 0.6, "max_depth": 1.3586541629841358, "n_estimators": 9.713398822118977}, "datetime": {"datetime": "2021-09-24 13:24:14", "elapsed": 425.560146, "delta": 2.085003}}
{"target": 0.4407676840769965, "params": {"eta": 0.11485778101457192, "max_depth": 2.227499538707553, "n_estimators": 28.59844741897875}, "datetime": {"datetime": "2021-09-24 13:24:15", "elapsed": 427.323147, "delta": 1.763001}}
{"target": 0.4088361611234248, "params": {"eta": 0.6, "max_depth": 1.3380243846167073, "n_estimators": 26.240974278248046}, "datetime": {"datetime": "2021-09-24 13:24:18", "elapsed": 429.891451, "delta": 2.568304}}
{"target": 0.24760369279238803, "params": {"eta": 0.6, "max_depth": 3.0, "n_estimators": 23.398946676921067}, "datetime": {"datetime": "2021-09-24 13:24:20", "elapsed": 431.997164, "delta": 2.105713}}
{"target": 0.418559073886427, "params": {"eta": 0.1, "max_depth": 1.6125929632059408, "n_estimators": 31.833165735495253}, "datetime": {"datetime": "2021-09-24 13:24:22", "elapsed": 434.225099, "delta": 2.227935}}
{"target": 0.324918739093203, "params": {"eta": 0.6, "max_depth": 2.191496086909933, "n_estimators": 27.19516579450604}, "datetime": {"datetime": "2021-09-24 13:24:24", "elapsed": 436.305747, "delta": 2.080648}}
{"target": 0.4176262966170893, "params": {"eta": 0.1, "max_depth": 1.0, "n_estimators": 30.071044627373293}, "datetime": {"datetime": "2021-09-24 13:24:26", "elapsed": 437.999144, "delta": 1.693397}}
{"target": 0.41429836729227953, "params": {"eta": 0.5794157288544742, "max_depth": 1.0548860921933245, "n_estimators": 37.13159115663854}, "datetime": {"datetime": "2021-09-24 13:24:29", "elapsed": 440.388319, "delta": 2.389175}}
{"target": 0.4527671956728938, "params": {"eta": 0.1081387956762869, "max_depth": 2.479826238474181, "n_estimators": 35.982123486206994}, "datetime": {"datetime": "2021-09-24 13:24:31", "elapsed": 442.757625, "delta": 2.369306}}
{"target": 0.45458801621440936, "params": {"eta": 0.1, "max_depth": 2.4096845246937484, "n_estimators": 37.73353284118349}, "datetime": {"datetime": "2021-09-24 13:24:34", "elapsed": 446.06186, "delta": 3.304235}}
{"target": 0.4005951323316942, "params": {"eta": 0.6, "max_depth": 1.897255956527836, "n_estimators": 5.68069139054907}, "datetime": {"datetime": "2021-09-24 13:24:36", "elapsed": 448.295766, "delta": 2.233906}}
{"target": 0.40000310755384016, "params": {"eta": 0.5643120801447666, "max_depth": 1.9904027787584258, "n_estimators": 42.402519964562224}, "datetime": {"datetime": "2021-09-24 13:24:40", "elapsed": 451.399173, "delta": 3.103407}}
{"target": 0.4451445228305495, "params": {"eta": 0.13619280074290438, "max_depth": 1.3229074713834925, "n_estimators": 39.16482195673968}, "datetime": {"datetime": "2021-09-24 13:24:42", "elapsed": 453.940899, "delta": 2.541726}}
{"target": 0.38093413256867104, "params": {"eta": 0.6, "max_depth": 2.3447382163531785, "n_estimators": 13.284808156873604}, "datetime": {"datetime": "2021-09-24 13:24:45", "elapsed": 456.981318, "delta": 3.040419}}
{"target": 0.394889338307886, "params": {"eta": 0.5991284338921938, "max_depth": 1.6251506994079874, "n_estimators": 12.317230318756588}, "datetime": {"datetime": "2021-09-24 13:24:48", "elapsed": 459.720955, "delta": 2.739637}}
{"target": 0.4611946803851381, "params": {"eta": 0.1, "max_depth": 2.4271088659063356, "n_estimators": 49.0238158802461}, "datetime": {"datetime": "2021-09-24 13:24:50", "elapsed": 461.743006, "delta": 2.022051}}
{"target": 0.4198394875413397, "params": {"eta": 0.1, "max_depth": 3.0, "n_estimators": 42.80098646143422}, "datetime": {"datetime": "2021-09-24 13:24:52", "elapsed": 463.809488, "delta": 2.066482}}
{"target": 0.3963725011165713, "params": {"eta": 0.6, "max_depth": 1.0, "n_estimators": 23.188874196119432}, "datetime": {"datetime": "2021-09-24 13:24:54", "elapsed": 465.942853, "delta": 2.133365}}
{"target": 0.4161667596923624, "params": {"eta": 0.1, "max_depth": 2.395594124766031, "n_estimators": 23.704837319272684}, "datetime": {"datetime": "2021-09-24 13:24:56", "elapsed": 467.814364, "delta": 1.871511}}
{"target": 0.4286496674150789, "params": {"eta": 0.1, "max_depth": 2.7989597012151215, "n_estimators": 25.114045421122192}, "datetime": {"datetime": "2021-09-24 13:24:59", "elapsed": 470.403349, "delta": 2.588985}}
{"target": 0.45420709877172705, "params": {"eta": 0.1, "max_depth": 2.6452284918190307, "n_estimators": 38.29629111902757}, "datetime": {"datetime": "2021-09-24 13:25:01", "elapsed": 472.579921, "delta": 2.176572}}
{"target": 0.3403873178521939, "params": {"eta": 0.6, "max_depth": 2.3402680261235687, "n_estimators": 19.556409366087355}, "datetime": {"datetime": "2021-09-24 13:25:02", "elapsed": 474.300053, "delta": 1.720132}}
{"target": 0.3817773563164121, "params": {"eta": 0.6, "max_depth": 1.0, "n_estimators": 15.788673328225379}, "datetime": {"datetime": "2021-09-24 13:25:05", "elapsed": 476.764661, "delta": 2.464608}}
{"target": 0.43362857050335457, "params": {"eta": 0.6, "max_depth": 2.5545943784363145, "n_estimators": 7.1864138423359405}, "datetime": {"datetime": "2021-09-24 13:25:07", "elapsed": 479.128732, "delta": 2.364071}}
{"target": 0.44702356633476437, "params": {"eta": 0.1, "max_depth": 2.0998636776189876, "n_estimators": 30.114577252740908}, "datetime": {"datetime": "2021-09-24 13:25:09", "elapsed": 481.017939, "delta": 1.889207}}
{"target": 0.29374443572954534, "params": {"eta": 0.6, "max_depth": 3.0, "n_estimators": 18.425111790778583}, "datetime": {"datetime": "2021-09-24 13:25:11", "elapsed": 482.865625, "delta": 1.847686}}
{"target": 0.45217467637890363, "params": {"eta": 0.1319196341583687, "max_depth": 2.60052162813862, "n_estimators": 34.88032442089426}, "datetime": {"datetime": "2021-09-24 13:25:14", "elapsed": 486.10257, "delta": 3.236945}}
{"target": 0.3570323565334752, "params": {"eta": 0.6, "max_depth": 2.2946162978756157, "n_estimators": 14.272792797088435}, "datetime": {"datetime": "2021-09-24 13:25:17", "elapsed": 488.376128, "delta": 2.273558}}
{"target": 0.3970736951013384, "params": {"eta": 0.2968514424453385, "max_depth": 2.440648986884316, "n_estimators": 50.01143748173449}, "datetime": {"datetime": "2021-09-24 13:39:26", "elapsed": 0.0, "delta": 0.0}}
{"target": 0.4559119243103199, "params": {"eta": 0.23721293776855668, "max_depth": 1.293511781634226, "n_estimators": 59.23385947687978}, "datetime": {"datetime": "2021-09-24 13:39:26", "elapsed": 0.09, "delta": 0.09}}
{"target": 0.4599246939150432, "params": {"eta": 0.17685530991638887, "max_depth": 1.6911214540860955, "n_estimators": 89.67674742306698}, "datetime": {"datetime": "2021-09-24 13:39:26", "elapsed": 0.203, "delta": 0.113}}
{"target": 0.4378806566946275, "params": {"eta": 0.36018470168174566, "max_depth": 1.8383890288065896, "n_estimators": 118.52195003967594}, "datetime": {"datetime": "2021-09-24 13:39:26", "elapsed": 0.344, "delta": 0.141}}
{"target": 0.4445270848792684, "params": {"eta": 0.18631516986038907, "max_depth": 2.756234872781891, "n_estimators": 52.738759319792614}, "datetime": {"datetime": "2021-09-24 13:39:26", "elapsed": 0.432001, "delta": 0.088001}}
{"target": 0.44998254866538967, "params": {"eta": 0.26818178434382606, "max_depth": 1.6404291190495361, "n_estimators": 89.50541826067057}, "datetime": {"datetime": "2021-09-24 13:39:27", "elapsed": 0.666997, "delta": 0.234996}}
{"target": 0.45754891421215915, "params": {"eta": 0.21065383864811665, "max_depth": 1.8900635496145621, "n_estimators": 90.3079570607824}, "datetime": {"datetime": "2021-09-24 13:39:27", "elapsed": 0.878011, "delta": 0.211014}}
{"target": 0.4478325392156014, "params": {"eta": 0.08, "max_depth": 1.0387484073520814, "n_estimators": 90.21012648533252}, "datetime": {"datetime": "2021-09-24 13:39:27", "elapsed": 1.332723, "delta": 0.454712}}
{"target": 0.4546187906563556, "params": {"eta": 0.22979171325213454, "max_depth": 1.3493733465476083, "n_estimators": 59.22565841794152}, "datetime": {"datetime": "2021-09-24 13:39:28", "elapsed": 1.592623, "delta": 0.2599}}
{"target": 0.30983907804828925, "params": {"eta": 0.3378230618272744, "max_depth": 2.714680585702252, "n_estimators": 89.74684062930179}, "datetime": {"datetime": "2021-09-24 13:39:29", "elapsed": 2.687507, "delta": 1.094884}}
{"target": 0.3913140405201343, "params": {"eta": 0.5270292840207331, "max_depth": 1.4614178564071676, "n_estimators": 91.23102551325186}, "datetime": {"datetime": "2021-09-24 13:39:29", "elapsed": 3.086512, "delta": 0.399005}}
{"target": 0.3919529819534451, "params": {"eta": 0.5922507525632805, "max_depth": 1.1008536759848624, "n_estimators": 60.13013054276814}, "datetime": {"datetime": "2021-09-24 13:39:30", "elapsed": 3.731348, "delta": 0.644836}}
{"target": 0.4566049545960925, "params": {"eta": 0.23776109571874499, "max_depth": 1.0235194968304169, "n_estimators": 58.48873163735702}, "datetime": {"datetime": "2021-09-24 13:39:30", "elapsed": 4.048546, "delta": 0.317198}}
{"target": 0.41956493675607065, "params": {"eta": 0.47057250615349505, "max_depth": 1.8677650698147188, "n_estimators": 58.18811900512195}, "datetime": {"datetime": "2021-09-24 13:39:30", "elapsed": 4.284892, "delta": 0.236346}}
{"target": 0.3724789058975386, "params": {"eta": 0.582371999707619, "max_depth": 1.3781168655140954, "n_estimators": 89.96116759568886}, "datetime": {"datetime": "2021-09-24 13:39:31", "elapsed": 4.897714, "delta": 0.612822}}
{"target": 0.28639638091871467, "params": {"eta": 0.4320979936591825, "max_depth": 2.0958220854074785, "n_estimators": 88.32091671387047}, "datetime": {"datetime": "2021-09-24 13:39:31", "elapsed": 5.16671, "delta": 0.268996}}
{"target": 0.44745737092679927, "params": {"eta": 0.28074785440364275, "max_depth": 1.041469914038507, "n_estimators": 58.44854722759306}, "datetime": {"datetime": "2021-09-24 13:39:31", "elapsed": 5.408811, "delta": 0.242101}}
{"target": 0.4154571228724008, "params": {"eta": 0.22248024319575171, "max_depth": 2.528696807651409, "n_estimators": 56.687054566031506}, "datetime": {"datetime": "2021-09-24 13:39:32", "elapsed": 5.66481, "delta": 0.255999}}
{"target": 0.39566550337614526, "params": {"eta": 0.24650241498996378, "max_depth": 2.759637402910438, "n_estimators": 53.508588691378975}, "datetime": {"datetime": "2021-09-24 13:39:32", "elapsed": 5.991813, "delta": 0.327003}}
{"target": 0.44722454426814573, "params": {"eta": 0.39106504956527427, "max_depth": 1.225404114619001, "n_estimators": 61.67775096844278}, "datetime": {"datetime": "2021-09-24 13:39:32", "elapsed": 6.264999, "delta": 0.273186}}
{"target": 0.2721089714626298, "params": {"eta": 0.3990848235732995, "max_depth": 2.114783791282319, "n_estimators": 115.36069203017799}, "datetime": {"datetime": "2021-09-24 13:39:33", "elapsed": 6.651003, "delta": 0.386004}}
{"target": 0.32208520993335465, "params": {"eta": 0.3639703389322339, "max_depth": 2.8426630763610827, "n_estimators": 51.89326829619642}, "datetime": {"datetime": "2021-09-24 13:39:33", "elapsed": 6.964, "delta": 0.312997}}
{"target": 0.40465369892269776, "params": {"eta": 0.5088563021677697, "max_depth": 1.367081570633023, "n_estimators": 62.413417796057914}, "datetime": {"datetime": "2021-09-24 13:39:33", "elapsed": 7.242606, "delta": 0.278606}}
{"target": 0.45464243411395, "params": {"eta": 0.18586542253796218, "max_depth": 1.7902777874104638, "n_estimators": 61.31742356687268}, "datetime": {"datetime": "2021-09-24 13:39:34", "elapsed": 7.482839, "delta": 0.240233}}
{"target": 0.2826494484736791, "params": {"eta": 0.5895447524528673, "max_depth": 2.268761008481323, "n_estimators": 61.72820931420854}, "datetime": {"datetime": "2021-09-24 13:39:34", "elapsed": 7.763944, "delta": 0.281105}}
{"target": 0.4520815619654337, "params": {"eta": 0.25579471522503056, "max_depth": 1.2018581926540644, "n_estimators": 61.06244117803365}, "datetime": {"datetime": "2021-09-24 13:39:34", "elapsed": 8.068689, "delta": 0.304745}}
{"target": 0.4494092023313293, "params": {"eta": 0.19962176122686398, "max_depth": 1.1295736350680656, "n_estimators": 120.38456474178886}, "datetime": {"datetime": "2021-09-24 13:39:34", "elapsed": 8.311596, "delta": 0.242907}}
{"target": 0.43427719927052755, "params": {"eta": 0.27933940698598597, "max_depth": 1.442334887980239, "n_estimators": 119.74471254878402}, "datetime": {"datetime": "2021-09-24 13:39:35", "elapsed": 8.625595, "delta": 0.313999}}
{"target": 0.4591951208354539, "params": {"eta": 0.23815877111329836, "max_depth": 1.8845829284934301, "n_estimators": 60.7093888936133}, "datetime": {"datetime": "2021-09-24 13:39:35", "elapsed": 8.971596, "delta": 0.346001}}
{"target": 0.4035355409906872, "params": {"eta": 0.51638606779705, "max_depth": 1.8370209574103813, "n_estimators": 79.60894173739811}, "datetime": {"datetime": "2021-09-24 13:39:35", "elapsed": 9.199182, "delta": 0.227586}}
{"target": 0.45807556509870195, "params": {"eta": 0.1886085062388939, "max_depth": 1.9045408850432048, "n_estimators": 120.5980517121017}, "datetime": {"datetime": "2021-09-24 13:39:36", "elapsed": 9.476185, "delta": 0.277003}}
{"target": 0.38670405022639487, "params": {"eta": 0.48755651845574405, "max_depth": 1.6070346836862088, "n_estimators": 121.09529084716925}, "datetime": {"datetime": "2021-09-24 13:39:36", "elapsed": 9.89418, "delta": 0.417995}}
{"target": 0.37178827823919014, "params": {"eta": 0.2638608331023737, "max_depth": 2.406764832631046, "n_estimators": 119.96165801973466}, "datetime": {"datetime": "2021-09-24 13:39:36", "elapsed": 10.233587, "delta": 0.339407}}
{"target": 0.4438317990690862, "params": {"eta": 0.08903924499794469, "max_depth": 1.472729927904498, "n_estimators": 58.74229624672773}, "datetime": {"datetime": "2021-09-24 13:39:37", "elapsed": 10.516588, "delta": 0.283001}}
{"target": 0.3744872056529216, "params": {"eta": 0.5910361600043, "max_depth": 1.0569756310719276, "n_estimators": 58.91221602731701}, "datetime": {"datetime": "2021-09-24 13:39:37", "elapsed": 10.980588, "delta": 0.464}}
{"target": 0.41143233804535906, "params": {"eta": 0.5269851674140504, "max_depth": 1.6482046511765789, "n_estimators": 60.84544158341537}, "datetime": {"datetime": "2021-09-24 13:39:37", "elapsed": 11.316793, "delta": 0.336205}}
{"target": 0.4530728199688725, "params": {"eta": 0.13366465936563418, "max_depth": 1.1142977358102542, "n_estimators": 86.96460782110319}, "datetime": {"datetime": "2021-09-24 13:39:38", "elapsed": 11.55098, "delta": 0.234187}}
{"target": 0.4506493172789787, "params": {"eta": 0.12002189873507257, "max_depth": 2.2561676164547113, "n_estimators": 60.427943530481066}, "datetime": {"datetime": "2021-09-24 13:39:38", "elapsed": 11.813978, "delta": 0.262998}}
{"target": 0.45345038235002166, "params": {"eta": 0.27767535698065343, "max_depth": 1.204536252666059, "n_estimators": 61.07682481180484}, "datetime": {"datetime": "2021-09-24 13:39:38", "elapsed": 12.086315, "delta": 0.272337}}
{"target": 0.4425129231263476, "params": {"eta": 0.08, "max_depth": 1.815007330175659, "n_estimators": 59.919490615581026}, "datetime": {"datetime": "2021-09-24 13:39:39", "elapsed": 12.585473, "delta": 0.499158}}
{"target": 0.401844442435878, "params": {"eta": 0.4958887240549649, "max_depth": 1.212081903753952, "n_estimators": 86.4239253322959}, "datetime": {"datetime": "2021-09-24 13:39:39", "elapsed": 12.929059, "delta": 0.343586}}
{"target": 0.4606060440857648, "params": {"eta": 0.08, "max_depth": 2.5073344160582742, "n_estimators": 59.647172522314314}, "datetime": {"datetime": "2021-09-24 13:39:39", "elapsed": 13.280662, "delta": 0.351603}}
{"target": 0.22450008115665288, "params": {"eta": 0.550013406170032, "max_depth": 2.4100349401408065, "n_estimators": 60.009890143532054}, "datetime": {"datetime": "2021-09-24 13:39:40", "elapsed": 13.669662, "delta": 0.389}}
{"target": 0.4571252327880102, "params": {"eta": 0.08530588233100357, "max_depth": 2.6324143366101, "n_estimators": 59.29501755234884}, "datetime": {"datetime": "2021-09-24 13:39:40", "elapsed": 13.999665, "delta": 0.330003}}
{"target": 0.45457060800687066, "params": {"eta": 0.09483504728879852, "max_depth": 2.1650234864749796, "n_estimators": 60.83858287863495}, "datetime": {"datetime": "2021-09-24 13:39:40", "elapsed": 14.268994, "delta": 0.269329}}
{"target": 0.37136763329249656, "params": {"eta": 0.47244547538016535, "max_depth": 1.4727530584727904, "n_estimators": 137.5190505780999}, "datetime": {"datetime": "2021-09-24 13:39:41", "elapsed": 14.568995, "delta": 0.300001}}
{"target": 0.44860147466909395, "params": {"eta": 0.13248676119131841, "max_depth": 2.1964015037022016, "n_estimators": 59.148665957424306}, "datetime": {"datetime": "2021-09-24 13:39:41", "elapsed": 14.912994, "delta": 0.343999}}
{"target": 0.24929790393314133, "params": {"eta": 0.501652254623455, "max_depth": 2.494492131774451, "n_estimators": 138.95289973463082}, "datetime": {"datetime": "2021-09-24 13:39:42", "elapsed": 15.821423, "delta": 0.908429}}
{"target": 0.43419831292241984, "params": {"eta": 0.3030879173842682, "max_depth": 1.4761915808281896, "n_estimators": 119.73297114037952}, "datetime": {"datetime": "2021-09-24 13:39:42", "elapsed": 16.316512, "delta": 0.495089}}
{"target": 0.44630163832371983, "params": {"eta": 0.08, "max_depth": 1.0, "n_estimators": 89.44559396959679}, "datetime": {"datetime": "2021-09-24 13:39:43", "elapsed": 16.850513, "delta": 0.534001}}
{"target": 0.45645901225211416, "params": {"eta": 0.20148019307743759, "max_depth": 1.8270432462370652, "n_estimators": 61.28085724047328}, "datetime": {"datetime": "2021-09-24 13:39:43", "elapsed": 17.131514, "delta": 0.281001}}
{"target": 0.44946429770201013, "params": {"eta": 0.09652645345144517, "max_depth": 1.1205740741098258, "n_estimators": 86.9885914732705}, "datetime": {"datetime": "2021-09-24 13:39:44", "elapsed": 17.624249, "delta": 0.492735}}
{"target": 0.44796528800325264, "params": {"eta": 0.11898388091366653, "max_depth": 2.1752915265296675, "n_estimators": 60.8068188122083}, "datetime": {"datetime": "2021-09-24 13:39:44", "elapsed": 18.044706, "delta": 0.420457}}
{"target": 0.45867485465646696, "params": {"eta": 0.36929111310412716, "max_depth": 1.2501966644519469, "n_estimators": 61.693948172610014}, "datetime": {"datetime": "2021-09-24 13:39:44", "elapsed": 18.41054, "delta": 0.365834}}
{"target": 0.4513043065867035, "params": {"eta": 0.14050425324257765, "max_depth": 1.5476526065619076, "n_estimators": 62.08590155044384}, "datetime": {"datetime": "2021-09-24 13:39:45", "elapsed": 18.935542, "delta": 0.525002}}
{"target": 0.36654095347581617, "params": {"eta": 0.5131623273245043, "max_depth": 1.5575924451838423, "n_estimators": 120.24022065624517}, "datetime": {"datetime": "2021-09-24 13:39:46", "elapsed": 19.740359, "delta": 0.804817}}
{"target": 0.44752664905002426, "params": {"eta": 0.09225856114599862, "max_depth": 1.1175494015565792, "n_estimators": 61.90033460186809}, "datetime": {"datetime": "2021-09-24 13:39:47", "elapsed": 20.555471, "delta": 0.815112}}
{"target": 0.4590586423106391, "params": {"eta": 0.19258926252362776, "max_depth": 1.463648343418804, "n_estimators": 119.09623270613099}, "datetime": {"datetime": "2021-09-24 13:39:47", "elapsed": 21.293403, "delta": 0.737932}}
{"target": 0.3906268616811627, "params": {"eta": 0.13649256091145212, "max_depth": 2.6308253060342404, "n_estimators": 147.46295936787624}, "datetime": {"datetime": "2021-09-24 13:39:48", "elapsed": 21.82514, "delta": 0.531737}}
{"target": 0.3900233763825701, "params": {"eta": 0.5333084409505439, "max_depth": 1.3571903439059811, "n_estimators": 91.87862018952728}, "datetime": {"datetime": "2021-09-24 13:39:48", "elapsed": 22.307079, "delta": 0.481939}}
{"target": 0.34273418458506455, "params": {"eta": 0.6, "max_depth": 1.1610090643852378, "n_estimators": 118.89423626992951}, "datetime": {"datetime": "2021-09-24 13:39:49", "elapsed": 23.033979, "delta": 0.7269}}
{"target": 0.45097577823738044, "params": {"eta": 0.08, "max_depth": 1.9205523701026752, "n_estimators": 119.10996365766444}, "datetime": {"datetime": "2021-09-24 13:39:50", "elapsed": 23.554316, "delta": 0.520337}}
{"target": 0.43367811980521653, "params": {"eta": 0.37512712353702377, "max_depth": 1.550650748390999, "n_estimators": 101.24411200117368}, "datetime": {"datetime": "2021-09-24 13:39:50", "elapsed": 23.965312, "delta": 0.410996}}
{"target": 0.4457661764908073, "params": {"eta": 0.10198058834953047, "max_depth": 1.4367622022290532, "n_estimators": 61.59894594950403}, "datetime": {"datetime": "2021-09-24 13:39:50", "elapsed": 24.416385, "delta": 0.451073}}
