{"target": -43.942984272662855, "params": {"eta": 0.4384949567428334, "max_depth": 1.9816827248554416, "n_estimators": 20.3229006965333}, "datetime": {"datetime": "2021-09-24 16:36:10", "elapsed": 176.687872, "delta": 1.616397}}
{"target": -45.84348360219396, "params": {"eta": 0.21746999618010895, "max_depth": 4.075872468395801, "n_estimators": 22.925375582232192}, "datetime": {"datetime": "2021-09-24 16:36:12", "elapsed": 177.883103, "delta": 1.195231}}
{"target": -44.745613442327745, "params": {"eta": 0.22490396077747107, "max_depth": 2.2283171047906283, "n_estimators": 21.002182824587887}, "datetime": {"datetime": "2021-09-24 16:36:15", "elapsed": 181.167085, "delta": 3.283982}}
{"target": -44.53681676190599, "params": {"eta": 0.42065879137523055, "max_depth": 1.1008039636419382, "n_estimators": 57.941035104000996}, "datetime": {"datetime": "2021-09-24 16:36:18", "elapsed": 184.12576, "delta": 2.958675}}
{"target": -46.48685549972649, "params": {"eta": 0.1890410339448513, "max_depth": 3.2382540508015083, "n_estimators": 50.570764157377255}, "datetime": {"datetime": "2021-09-24 16:36:19", "elapsed": 185.566808, "delta": 1.441048}}
{"target": -45.86720261537939, "params": {"eta": 0.25213510307242665, "max_depth": 3.6174524090547178, "n_estimators": 17.053046751161062}, "datetime": {"datetime": "2021-09-24 16:36:20", "elapsed": 186.610609, "delta": 1.043801}}
{"target": -49.02983302639839, "params": {"eta": 0.4571757074003885, "max_depth": 3.3783363208599297, "n_estimators": 17.019916232119883}, "datetime": {"datetime": "2021-09-24 16:36:23", "elapsed": 189.818525, "delta": 3.207916}}
{"target": -45.10698470495697, "params": {"eta": 0.11088026155194784, "max_depth": 3.4888844193901325, "n_estimators": 74.29964645886928}, "datetime": {"datetime": "2021-09-24 16:36:25", "elapsed": 191.077845, "delta": 1.25932}}
{"target": -44.62162149759163, "params": {"eta": 0.467411732193869, "max_depth": 1.6132676330998938, "n_estimators": 20.858877707764954}, "datetime": {"datetime": "2021-09-24 16:36:29", "elapsed": 194.862074, "delta": 3.784229}}
{"target": -46.21594258358604, "params": {"eta": 0.12617047880988458, "max_depth": 4.5755755077039755, "n_estimators": 25.845019993466664}, "datetime": {"datetime": "2021-09-24 16:36:30", "elapsed": 195.944278, "delta": 1.082204}}
{"target": -49.49035982978075, "params": {"eta": 0.023668744080553507, "max_depth": 1.8940781844715286, "n_estimators": 75.08576187834154}, "datetime": {"datetime": "2021-09-24 16:36:31", "elapsed": 197.273033, "delta": 1.328755}}
{"target": -44.270967411815676, "params": {"eta": 0.09250637341242152, "max_depth": 2.4924395808656294, "n_estimators": 46.568207065840646}, "datetime": {"datetime": "2021-09-24 16:36:32", "elapsed": 198.604271, "delta": 1.331238}}
{"target": -44.18543753946634, "params": {"eta": 0.08212194293630304, "max_depth": 1.3727966179152302, "n_estimators": 78.81533692380759}, "datetime": {"datetime": "2021-09-24 16:36:34", "elapsed": 199.887518, "delta": 1.283247}}
{"target": -45.859755867405944, "params": {"eta": 0.06736597234639427, "max_depth": 4.104425094393076, "n_estimators": 71.45132269345616}, "datetime": {"datetime": "2021-09-24 16:36:35", "elapsed": 201.489145, "delta": 1.601627}}
{"target": -46.82131616692794, "params": {"eta": 0.33077263328046785, "max_depth": 2.0173046379386093, "n_estimators": 75.49451173916569}, "datetime": {"datetime": "2021-09-24 16:36:38", "elapsed": 204.538687, "delta": 3.049542}}
{"target": -46.408350550142444, "params": {"eta": 0.04901308491383385, "max_depth": 1.179282339466114, "n_estimators": 58.09474219134586}, "datetime": {"datetime": "2021-09-24 16:36:42", "elapsed": 208.262311, "delta": 3.723624}}
{"target": -44.281388390333134, "params": {"eta": 0.1750358593330301, "max_depth": 2.3161086400326147, "n_estimators": 53.69727227240765}, "datetime": {"datetime": "2021-09-24 16:36:44", "elapsed": 210.25559, "delta": 1.993279}}
{"target": -44.07734120878062, "params": {"eta": 0.12340142783692087, "max_depth": 2.268615269199919, "n_estimators": 64.77611493430098}, "datetime": {"datetime": "2021-09-24 16:36:45", "elapsed": 211.589593, "delta": 1.334003}}
{"target": -45.13744870522865, "params": {"eta": 0.495363742855634, "max_depth": 1.6692452388969037, "n_estimators": 21.25289889069783}, "datetime": {"datetime": "2021-09-24 16:36:48", "elapsed": 214.579709, "delta": 2.990116}}
{"target": -47.53288550125925, "params": {"eta": 0.0959513056343406, "max_depth": 1.6939811092563408, "n_estimators": 23.50110525453381}, "datetime": {"datetime": "2021-09-24 16:36:49", "elapsed": 215.808074, "delta": 1.228365}}
{"target": -48.01525150385118, "params": {"eta": 0.2619798622935389, "max_depth": 3.7647866140086017, "n_estimators": 36.239449035060105}, "datetime": {"datetime": "2021-09-24 16:36:51", "elapsed": 217.118543, "delta": 1.310469}}
{"target": -45.387687252876454, "params": {"eta": 0.3569890403900502, "max_depth": 3.738551370838787, "n_estimators": 18.265848799078874}, "datetime": {"datetime": "2021-09-24 16:36:52", "elapsed": 218.414993, "delta": 1.29645}}
{"target": -43.90793844811002, "params": {"eta": 0.273449908613099, "max_depth": 1.5063645306204303, "n_estimators": 57.82334034333357}, "datetime": {"datetime": "2021-09-24 16:36:55", "elapsed": 221.48412, "delta": 3.069127}}
{"target": -46.6236418530457, "params": {"eta": 0.07532689131426257, "max_depth": 4.249821525580709, "n_estimators": 74.33780761633864}, "datetime": {"datetime": "2021-09-24 16:36:57", "elapsed": 223.000562, "delta": 1.516442}}
{"target": -63.429850958343735, "params": {"eta": 0.040902000852690815, "max_depth": 4.544147310736487, "n_estimators": 23.8955225576664}, "datetime": {"datetime": "2021-09-24 16:36:58", "elapsed": 224.128364, "delta": 1.127802}}
{"target": -46.19422975697912, "params": {"eta": 0.10991070584818732, "max_depth": 4.616009254953695, "n_estimators": 21.78897353958017}, "datetime": {"datetime": "2021-09-24 16:36:59", "elapsed": 225.514173, "delta": 1.385809}}
{"target": -52.28325234319931, "params": {"eta": 0.40935959497090635, "max_depth": 3.1455157229942277, "n_estimators": 43.381945505072615}, "datetime": {"datetime": "2021-09-24 16:37:01", "elapsed": 227.308003, "delta": 1.79383}}
{"target": -53.51463157252262, "params": {"eta": 0.1263203867220467, "max_depth": 1.7651913393371332, "n_estimators": 10.067176815885182}, "datetime": {"datetime": "2021-09-24 16:37:02", "elapsed": 228.602998, "delta": 1.294995}}
{"target": -43.98319697559328, "params": {"eta": 0.2770712546192761, "max_depth": 1.3460868411333742, "n_estimators": 46.310878867253564}, "datetime": {"datetime": "2021-09-24 16:37:04", "elapsed": 229.86576, "delta": 1.262762}}
{"target": -45.62564557297785, "params": {"eta": 0.49045034436433116, "max_depth": 2.896184903929846, "n_estimators": 19.79470963863853}, "datetime": {"datetime": "2021-09-24 16:37:05", "elapsed": 231.202842, "delta": 1.337082}}
{"target": -43.94867126923755, "params": {"eta": 0.43470521946990137, "max_depth": 1.4397487209380366, "n_estimators": 58.12866766605133}, "datetime": {"datetime": "2021-09-24 16:37:08", "elapsed": 234.782822, "delta": 3.57998}}
{"target": -45.39643280488208, "params": {"eta": 0.08147720521159267, "max_depth": 1.9592655161359787, "n_estimators": 45.8325615339775}, "datetime": {"datetime": "2021-09-24 16:37:12", "elapsed": 238.342775, "delta": 3.559953}}
{"target": -47.08147629042317, "params": {"eta": 0.29898352995416255, "max_depth": 4.598842362890847, "n_estimators": 70.6798050402708}, "datetime": {"datetime": "2021-09-24 16:37:13", "elapsed": 239.760546, "delta": 1.417771}}
{"target": -43.889009289275435, "params": {"eta": 0.41689603889273147, "max_depth": 1.6667514922015716, "n_estimators": 54.401130713583385}, "datetime": {"datetime": "2021-09-24 16:37:15", "elapsed": 241.604118, "delta": 1.843572}}
{"target": -43.50073514665876, "params": {"eta": 0.41069078002533077, "max_depth": 1.6371095919206824, "n_estimators": 46.19241409131993}, "datetime": {"datetime": "2021-09-24 16:37:20", "elapsed": 246.00173, "delta": 4.397612}}
{"target": -44.76100904421699, "params": {"eta": 0.4832635776959614, "max_depth": 1.830315792073784, "n_estimators": 45.93999489751765}, "datetime": {"datetime": "2021-09-24 16:37:24", "elapsed": 249.929819, "delta": 3.928089}}
{"target": -49.53550056228064, "params": {"eta": 0.38069768732653386, "max_depth": 2.0409853151433244, "n_estimators": 77.16206882674255}, "datetime": {"datetime": "2021-09-24 16:37:25", "elapsed": 251.255927, "delta": 1.326108}}
{"target": -47.11141910409569, "params": {"eta": 0.05365111148740561, "max_depth": 1.6311341708273248, "n_estimators": 46.21964102680392}, "datetime": {"datetime": "2021-09-24 16:37:28", "elapsed": 254.337095, "delta": 3.081168}}
{"target": -45.19596937365998, "params": {"eta": 0.49739555637566873, "max_depth": 1.4942418572805445, "n_estimators": 57.53620116690742}, "datetime": {"datetime": "2021-09-24 16:37:31", "elapsed": 257.370906, "delta": 3.033811}}
{"target": -44.373937104877676, "params": {"eta": 0.2914577863047723, "max_depth": 1.2596761953260756, "n_estimators": 48.21861664933535}, "datetime": {"datetime": "2021-09-24 16:37:34", "elapsed": 260.03347, "delta": 2.662564}}
{"target": -49.98879958991718, "params": {"eta": 0.03206152389496673, "max_depth": 2.014026502877584, "n_estimators": 47.85196303236945}, "datetime": {"datetime": "2021-09-24 16:37:36", "elapsed": 262.748352, "delta": 2.714882}}
{"target": -49.987109363527225, "params": {"eta": 0.49479571846452125, "max_depth": 4.736454478984836, "n_estimators": 14.416982604789759}, "datetime": {"datetime": "2021-09-24 16:37:38", "elapsed": 263.86342, "delta": 1.115068}}
{"target": -60.72631686791441, "params": {"eta": 0.017211121760165742, "max_depth": 1.478953080213051, "n_estimators": 57.571600821799635}, "datetime": {"datetime": "2021-09-24 16:37:41", "elapsed": 267.704012, "delta": 3.840592}}
{"target": -43.79117102372019, "params": {"eta": 0.26646193997768297, "max_depth": 1.1915410464636, "n_estimators": 78.32264376830936}, "datetime": {"datetime": "2021-09-24 16:37:43", "elapsed": 268.874127, "delta": 1.170115}}
{"target": -46.951182372587965, "params": {"eta": 0.20559469809755487, "max_depth": 1.72822530221505, "n_estimators": 12.54165075536502}, "datetime": {"datetime": "2021-09-24 16:37:44", "elapsed": 270.126494, "delta": 1.252367}}
{"target": -43.60711494962076, "params": {"eta": 0.37280415549411255, "max_depth": 1.7409976332535924, "n_estimators": 58.03248961001108}, "datetime": {"datetime": "2021-09-24 16:37:47", "elapsed": 273.535932, "delta": 3.409438}}
{"target": -44.82705547935084, "params": {"eta": 0.42316907872703463, "max_depth": 1.4088469394409477, "n_estimators": 78.53871541521654}, "datetime": {"datetime": "2021-09-24 16:37:50", "elapsed": 276.632348, "delta": 3.096416}}
{"target": -43.96133136032219, "params": {"eta": 0.09923328850861847, "max_depth": 1.02104880625736, "n_estimators": 78.59514149670721}, "datetime": {"datetime": "2021-09-24 16:37:55", "elapsed": 280.919881, "delta": 4.287533}}
{"target": -68.53152483029473, "params": {"eta": 0.01, "max_depth": 1.361863860563383, "n_estimators": 78.46951215139084}, "datetime": {"datetime": "2021-09-24 16:37:59", "elapsed": 285.472838, "delta": 4.552957}}
{"target": -43.72832285371938, "params": {"eta": 0.22142247160935485, "max_depth": 1.0496202226978029, "n_estimators": 78.91980537434488}, "datetime": {"datetime": "2021-09-24 16:38:03", "elapsed": 289.385126, "delta": 3.912288}}
{"target": -43.92642659352238, "params": {"eta": 0.21248342782965615, "max_depth": 2.2648660422177036, "n_estimators": 21.970861599890583}, "datetime": {"datetime": "2021-09-24 16:38:04", "elapsed": 290.826089, "delta": 1.440963}}
{"target": -43.68918124894451, "params": {"eta": 0.23362263210290088, "max_depth": 1.5961093285104875, "n_estimators": 78.97062366501808}, "datetime": {"datetime": "2021-09-24 16:38:08", "elapsed": 294.40365, "delta": 3.577561}}
{"target": -51.499051574477576, "params": {"eta": 0.3897383556747988, "max_depth": 4.740485591587707, "n_estimators": 66.327697623857}, "datetime": {"datetime": "2021-09-24 16:38:09", "elapsed": 295.689634, "delta": 1.285984}}
{"target": -50.07958012057426, "params": {"eta": 0.32012177915951984, "max_depth": 4.342047797109224, "n_estimators": 33.028271718576214}, "datetime": {"datetime": "2021-09-24 16:38:11", "elapsed": 297.431768, "delta": 1.742134}}
{"target": -45.8643394412851, "params": {"eta": 0.28894252140119886, "max_depth": 2.82905072166264, "n_estimators": 67.44489581281256}, "datetime": {"datetime": "2021-09-24 16:38:13", "elapsed": 298.962996, "delta": 1.531228}}
{"target": -50.672052024898676, "params": {"eta": 0.10196647148489556, "max_depth": 1.8087195771013116, "n_estimators": 15.393471074715155}, "datetime": {"datetime": "2021-09-24 16:38:14", "elapsed": 300.681678, "delta": 1.718682}}
{"target": -44.68060090488061, "params": {"eta": 0.10726206256966665, "max_depth": 3.6022296407053553, "n_estimators": 72.09115694008503}, "datetime": {"datetime": "2021-09-24 16:38:16", "elapsed": 302.120711, "delta": 1.439033}}
{"target": -44.9403095388771, "params": {"eta": 0.3015718841496566, "max_depth": 1.295092485995645, "n_estimators": 79.1003417711484}, "datetime": {"datetime": "2021-09-24 16:38:19", "elapsed": 305.793548, "delta": 3.672837}}
{"target": -45.437382518796994, "params": {"eta": 0.48800411190385107, "max_depth": 2.1115323266367194, "n_estimators": 17.596800074229996}, "datetime": {"datetime": "2021-09-24 16:38:21", "elapsed": 307.06075, "delta": 1.267202}}
{"target": -44.245235643888776, "params": {"eta": 0.2706163837379553, "max_depth": 2.3415222339259163, "n_estimators": 10.390746991986548}, "datetime": {"datetime": "2021-09-24 16:38:22", "elapsed": 308.300042, "delta": 1.239292}}
{"target": -45.32677944441487, "params": {"eta": 0.43995100719318986, "max_depth": 1.1880713701680996, "n_estimators": 78.7186857492515}, "datetime": {"datetime": "2021-09-24 16:38:26", "elapsed": 312.813536, "delta": 4.513494}}
{"target": -45.435528848404275, "params": {"eta": 0.21254340066507751, "max_depth": 2.2770421025098013, "n_estimators": 87.47414172745127}, "datetime": {"datetime": "2021-09-24 16:38:28", "elapsed": 314.34542, "delta": 1.531884}}
{"target": -46.569313909774436, "params": {"eta": 0.4317795014924141, "max_depth": 2.1911072354721477, "n_estimators": 10.523159791677523}, "datetime": {"datetime": "2021-09-24 16:38:32", "elapsed": 318.550102, "delta": 4.204682}}
{"target": -53.128041539873394, "params": {"eta": 0.33788028496844874, "max_depth": 4.4212677131110425, "n_estimators": 52.57776854540202}, "datetime": {"datetime": "2021-09-24 16:38:34", "elapsed": 320.459853, "delta": 1.909751}}
{"target": -44.79209498355263, "params": {"eta": 0.2706094732006279, "max_depth": 1.5292003238660885, "n_estimators": 15.807998822007434}, "datetime": {"datetime": "2021-09-24 16:38:36", "elapsed": 322.194971, "delta": 1.735118}}
{"target": -47.83709659433006, "params": {"eta": 0.26807323532164995, "max_depth": 3.6119772852748, "n_estimators": 45.05939145957556}, "datetime": {"datetime": "2021-09-24 16:38:37", "elapsed": 323.816113, "delta": 1.621142}}
{"target": -48.20063850574924, "params": {"eta": 0.192861581129596, "max_depth": 4.111875786104697, "n_estimators": 24.538269601572075}, "datetime": {"datetime": "2021-09-24 16:38:39", "elapsed": 325.390242, "delta": 1.574129}}
{"target": -49.576066325481676, "params": {"eta": 0.018978376884001676, "max_depth": 3.888811248199991, "n_estimators": 79.50642417423}, "datetime": {"datetime": "2021-09-24 16:38:41", "elapsed": 326.888157, "delta": 1.497915}}
{"target": -44.389104656707076, "params": {"eta": 0.45134788071544035, "max_depth": 1.9322133605559295, "n_estimators": 31.876482362171103}, "datetime": {"datetime": "2021-09-24 16:38:42", "elapsed": 328.592187, "delta": 1.70403}}
{"target": -44.87567287817934, "params": {"eta": 0.33968680423390973, "max_depth": 2.0070745179453944, "n_estimators": 30.172053270413947}, "datetime": {"datetime": "2021-09-24 16:38:43", "elapsed": 329.740187, "delta": 1.148}}
{"target": -47.28213896787256, "params": {"eta": 0.21434078230426126, "max_depth": 3.8812979737686324, "n_estimators": 100.01143748173449}, "datetime": {"datetime": "2021-09-24 16:41:00", "elapsed": 0.0, "delta": 0.0}}
{"target": -43.86709035428843, "params": {"eta": 0.1581429605896015, "max_depth": 1.5870235632684522, "n_estimators": 109.23385947687979}, "datetime": {"datetime": "2021-09-24 16:41:00", "elapsed": 0.107635, "delta": 0.107635}}
{"target": -44.5653267480377, "params": {"eta": 0.10126750357505873, "max_depth": 2.382242908172191, "n_estimators": 139.67674742306698}, "datetime": {"datetime": "2021-09-24 16:41:00", "elapsed": 0.332634, "delta": 0.224999}}
{"target": -49.62353071055018, "params": {"eta": 0.2740201996616449, "max_depth": 2.676778057613179, "n_estimators": 168.52195003967594}, "datetime": {"datetime": "2021-09-24 16:41:00", "elapsed": 0.63193, "delta": 0.299296}}
{"target": -43.78387416753554, "params": {"eta": 0.15344123222958042, "max_depth": 1.6094573051312886, "n_estimators": 109.02789263724006}, "datetime": {"datetime": "2021-09-24 16:41:00", "elapsed": 0.87393, "delta": 0.242}}
{"target": -52.08589474957689, "params": {"eta": 0.5, "max_depth": 5.0, "n_estimators": 132.1841886294759}, "datetime": {"datetime": "2021-09-24 16:41:02", "elapsed": 2.01585, "delta": 1.14192}}
{"target": -52.251231946443255, "params": {"eta": 0.01, "max_depth": 1.0, "n_estimators": 145.25610086303558}, "datetime": {"datetime": "2021-09-24 16:41:03", "elapsed": 2.966513, "delta": 0.950663}}
{"target": -52.086285741705645, "params": {"eta": 0.5, "max_depth": 5.0, "n_estimators": 108.59558996628292}, "datetime": {"datetime": "2021-09-24 16:41:03", "elapsed": 3.787053, "delta": 0.82054}}
{"target": -44.32837771652336, "params": {"eta": 0.25065984250770984, "max_depth": 1.0596307318132867, "n_estimators": 137.81433326175716}, "datetime": {"datetime": "2021-09-24 16:41:04", "elapsed": 4.383053, "delta": 0.596}}
{"target": -51.53031779411144, "params": {"eta": 0.2981143240210731, "max_depth": 3.895889963176599, "n_estimators": 137.60423071488913}, "datetime": {"datetime": "2021-09-24 16:41:05", "elapsed": 5.024635, "delta": 0.641582}}
{"target": -52.933891124295116, "params": {"eta": 0.01, "max_depth": 1.0, "n_estimators": 139.70164220299557}, "datetime": {"datetime": "2021-09-24 16:41:05", "elapsed": 5.826031, "delta": 0.801396}}
{"target": -52.55694725101156, "params": {"eta": 0.47425904843872163, "max_depth": 2.3003670040912594, "n_estimators": 109.0713583700431}, "datetime": {"datetime": "2021-09-24 16:41:06", "elapsed": 6.219032, "delta": 0.393001}}
{"target": -57.922903763620475, "params": {"eta": 0.01, "max_depth": 1.2154705546284557, "n_estimators": 109.07588263489255}, "datetime": {"datetime": "2021-09-24 16:41:06", "elapsed": 6.461662, "delta": 0.24263}}
{"target": -43.81350082741644, "params": {"eta": 0.09202413203921037, "max_depth": 1.8231622327284769, "n_estimators": 109.19816110168331}, "datetime": {"datetime": "2021-09-24 16:41:06", "elapsed": 6.827661, "delta": 0.365999}}
{"target": -51.7669426193811, "params": {"eta": 0.3417846478711527, "max_depth": 3.191644170814957, "n_estimators": 138.32091671387047}, "datetime": {"datetime": "2021-09-24 16:41:07", "elapsed": 7.439282, "delta": 0.611621}}
{"target": -43.70697709850799, "params": {"eta": 0.07897048949151181, "max_depth": 1.5575182275931105, "n_estimators": 131.68323118512143}, "datetime": {"datetime": "2021-09-24 16:41:07", "elapsed": 7.686281, "delta": 0.246999}}
{"target": -47.69591272683968, "params": {"eta": 0.14426022916522757, "max_depth": 4.057393615302818, "n_estimators": 106.6870545660315}, "datetime": {"datetime": "2021-09-24 16:41:08", "elapsed": 8.010284, "delta": 0.324003}}
{"target": -48.172545985171666, "params": {"eta": 0.01934869302037079, "max_depth": 1.7745247329103657, "n_estimators": 108.9940328505395}, "datetime": {"datetime": "2021-09-24 16:41:08", "elapsed": 8.237282, "delta": 0.226998}}
{"target": -44.87537117291214, "params": {"eta": 0.3031189890134315, "max_depth": 1.4508082292380018, "n_estimators": 111.67775096844278}, "datetime": {"datetime": "2021-09-24 16:41:08", "elapsed": 8.502875, "delta": 0.265593}}
{"target": -51.71712096651694, "params": {"eta": 0.310676083751763, "max_depth": 3.229567582564638, "n_estimators": 165.36069203017797}, "datetime": {"datetime": "2021-09-24 16:41:08", "elapsed": 8.869247, "delta": 0.366372}}
{"target": -43.96217667429071, "params": {"eta": 0.018238205864338563, "max_depth": 2.03342734799074, "n_estimators": 180.05847056942622}, "datetime": {"datetime": "2021-09-24 16:41:09", "elapsed": 9.204869, "delta": 0.335622}}
{"target": -44.180547499118894, "params": {"eta": 0.10333016101080524, "max_depth": 2.300935882934521, "n_estimators": 139.68376509238882}, "datetime": {"datetime": "2021-09-24 16:41:09", "elapsed": 9.479773, "delta": 0.274904}}
{"target": -43.7739574461055, "params": {"eta": 0.07978383883860289, "max_depth": 1.7926193233350753, "n_estimators": 109.43661916352791}, "datetime": {"datetime": "2021-09-24 16:41:10", "elapsed": 10.165596, "delta": 0.685823}}
{"target": -43.85952618247584, "params": {"eta": 0.35229800549177515, "max_depth": 1.778925536368813, "n_estimators": 109.10272588755224}, "datetime": {"datetime": "2021-09-24 16:41:10", "elapsed": 10.400595, "delta": 0.234999}}
{"target": -53.96221866464256, "params": {"eta": 0.010008021075990942, "max_depth": 1.3275512893673145, "n_estimators": 131.4576755139055}, "datetime": {"datetime": "2021-09-24 16:41:10", "elapsed": 10.676467, "delta": 0.275872}}
{"target": -44.06115797229279, "params": {"eta": 0.12272050577146798, "max_depth": 1.2591472701361313, "n_estimators": 170.38456474178886}, "datetime": {"datetime": "2021-09-24 16:41:11", "elapsed": 10.969468, "delta": 0.293001}}
