{"target": -38.17339576885432, "params": {"eta": 0.38526468049353585, "max_depth": 6.534996193012666, "n_estimators": 7.911152794269314}, "datetime": {"datetime": "2021-09-28 16:37:34", "elapsed": 542.864993, "delta": 2.178279}}
{"target": -40.71896440385272, "params": {"eta": 0.7508178042185647, "max_depth": 2.589104155501423, "n_estimators": 3.9991644556005226}, "datetime": {"datetime": "2021-09-28 16:37:37", "elapsed": 546.045951, "delta": 3.180958}}
{"target": -42.50926527157214, "params": {"eta": 0.29755196191447897, "max_depth": 6.734458561171189, "n_estimators": 15.58045092725107}, "datetime": {"datetime": "2021-09-28 16:37:42", "elapsed": 550.919839, "delta": 4.873888}}
{"target": -38.75398715664575, "params": {"eta": 0.5739741152379281, "max_depth": 3.9252875629556065, "n_estimators": 4.53945399080851}, "datetime": {"datetime": "2021-09-28 16:37:45", "elapsed": 554.487701, "delta": 3.567862}}
{"target": -40.60062820137135, "params": {"eta": 0.4550283556417975, "max_depth": 29.66186383924523, "n_estimators": 20.310463141742517}, "datetime": {"datetime": "2021-09-28 16:37:49", "elapsed": 558.376037, "delta": 3.888336}}
{"target": -39.57052324257571, "params": {"eta": 0.3208223788044413, "max_depth": 21.323513805003053, "n_estimators": 43.40970375601356}, "datetime": {"datetime": "2021-09-28 16:37:53", "elapsed": 561.716255, "delta": 3.340218}}
{"target": -37.40785884976334, "params": {"eta": 0.11661477117129669, "max_depth": 29.76105482174192, "n_estimators": 20.36112484781019}, "datetime": {"datetime": "2021-09-28 16:37:55", "elapsed": 564.551596, "delta": 2.835341}}
{"target": -40.62402286151287, "params": {"eta": 0.2758299273725583, "max_depth": 17.125834325932463, "n_estimators": 40.96084211207753}, "datetime": {"datetime": "2021-09-28 16:37:58", "elapsed": 567.490344, "delta": 2.938748}}
{"target": -45.11853338710344, "params": {"eta": 0.8334265301265684, "max_depth": 20.51527863505234, "n_estimators": 29.66636612195472}, "datetime": {"datetime": "2021-09-28 16:38:01", "elapsed": 569.871491, "delta": 2.381147}}
{"target": -39.73706143837048, "params": {"eta": 0.18772531638517978, "max_depth": 25.190512639333864, "n_estimators": 20.136818849667858}, "datetime": {"datetime": "2021-09-28 16:38:03", "elapsed": 571.762489, "delta": 1.890998}}
{"target": -39.130690680861804, "params": {"eta": 0.6176335916645055, "max_depth": 4.952203435440292, "n_estimators": 4.608808837250006}, "datetime": {"datetime": "2021-09-28 16:38:06", "elapsed": 574.599994, "delta": 2.837505}}
{"target": -36.27340648401437, "params": {"eta": 0.3395801257104055, "max_depth": 3.885801278108045, "n_estimators": 5.116490311964849}, "datetime": {"datetime": "2021-09-28 16:38:09", "elapsed": 577.96149, "delta": 3.361496}}
{"target": -38.91164040095653, "params": {"eta": 0.6800056292291459, "max_depth": 3.2693580103415645, "n_estimators": 6.853410889616144}, "datetime": {"datetime": "2021-09-28 16:38:11", "elapsed": 580.38045, "delta": 2.41896}}
{"target": -33.53415958600321, "params": {"eta": 0.31493954962954657, "max_depth": 2.7715019455068455, "n_estimators": 4.278716246378353}, "datetime": {"datetime": "2021-09-28 16:38:14", "elapsed": 583.501167, "delta": 3.120717}}
{"target": -37.28166703930902, "params": {"eta": 0.3186605267231616, "max_depth": 5.567990832878062, "n_estimators": 3.8060180627496245}, "datetime": {"datetime": "2021-09-28 16:38:18", "elapsed": 586.584412, "delta": 3.083245}}
{"target": -42.36370377078556, "params": {"eta": 0.027979319275169452, "max_depth": 13.77005583268565, "n_estimators": 29.51813059763468}, "datetime": {"datetime": "2021-09-28 16:38:20", "elapsed": 588.625285, "delta": 2.040873}}
{"target": -37.01630244963476, "params": {"eta": 0.2119613394620427, "max_depth": 15.429220199678449, "n_estimators": 7.207731906679512}, "datetime": {"datetime": "2021-09-28 16:38:22", "elapsed": 590.815014, "delta": 2.189729}}
{"target": -39.01827498856017, "params": {"eta": 0.18412261348752174, "max_depth": 10.329159631945325, "n_estimators": 21.892671048049777}, "datetime": {"datetime": "2021-09-28 16:38:25", "elapsed": 593.954135, "delta": 3.139121}}
{"target": -37.87912040988924, "params": {"eta": 0.8304952474131462, "max_depth": 1.1974905037939223, "n_estimators": 14.865253717195126}, "datetime": {"datetime": "2021-09-28 16:38:28", "elapsed": 596.631204, "delta": 2.677069}}
{"target": -37.233324099470366, "params": {"eta": 0.1502062619391752, "max_depth": 29.57139981880712, "n_estimators": 20.051115036905305}, "datetime": {"datetime": "2021-09-28 16:38:30", "elapsed": 598.824924, "delta": 2.19372}}
{"target": -36.869675230621084, "params": {"eta": 0.22004579627582035, "max_depth": 3.9417202954970065, "n_estimators": 4.689575194919149}, "datetime": {"datetime": "2021-09-28 16:38:32", "elapsed": 600.824914, "delta": 1.99999}}
{"target": -40.17187054716531, "params": {"eta": 0.42144151008953806, "max_depth": 7.60620754462507, "n_estimators": 15.390837859063348}, "datetime": {"datetime": "2021-09-28 16:38:35", "elapsed": 604.190548, "delta": 3.365634}}
{"target": -56.702763412498605, "params": {"eta": 0.01, "max_depth": 19.903767044904633, "n_estimators": 49.29009950067237}, "datetime": {"datetime": "2021-09-28 16:38:38", "elapsed": 607.404694, "delta": 3.214146}}
{"target": -38.03758356671307, "params": {"eta": 0.9142070308341954, "max_depth": 1.160828136841734, "n_estimators": 15.890641231544505}, "datetime": {"datetime": "2021-09-28 16:38:43", "elapsed": 612.327995, "delta": 4.923301}}
{"target": -45.221673561286565, "params": {"eta": 0.7224051031782772, "max_depth": 23.22139391554726, "n_estimators": 7.967397943054999}, "datetime": {"datetime": "2021-09-28 16:38:45", "elapsed": 614.277849, "delta": 1.949854}}
{"target": -46.60966740470934, "params": {"eta": 0.9071096688441063, "max_depth": 14.509409019511741, "n_estimators": 39.02591838404187}, "datetime": {"datetime": "2021-09-28 16:38:48", "elapsed": 616.947848, "delta": 2.669999}}
{"target": -38.80301787079679, "params": {"eta": 0.5215190837478754, "max_depth": 2.863580431354661, "n_estimators": 6.033228415476883}, "datetime": {"datetime": "2021-09-28 16:38:52", "elapsed": 621.100836, "delta": 4.152988}}
{"target": -42.09136295105034, "params": {"eta": 0.22098500804377863, "max_depth": 11.64784538511911, "n_estimators": 43.3350960902551}, "datetime": {"datetime": "2021-09-28 16:38:55", "elapsed": 624.138328, "delta": 3.037492}}
{"target": -40.053988790809186, "params": {"eta": 0.14539559846143663, "max_depth": 1.0520600362961314, "n_estimators": 17.69738144900909}, "datetime": {"datetime": "2021-09-28 16:38:58", "elapsed": 627.132079, "delta": 2.993751}}
{"target": -35.273037475152144, "params": {"eta": 0.33250514564405576, "max_depth": 5.3580030940027665, "n_estimators": 4.764904979381321}, "datetime": {"datetime": "2021-09-28 16:39:01", "elapsed": 630.51304, "delta": 3.380961}}
{"target": -38.4415819952967, "params": {"eta": 0.06870665261338062, "max_depth": 28.650001588293225, "n_estimators": 48.079285841789144}, "datetime": {"datetime": "2021-09-28 16:39:04", "elapsed": 632.677968, "delta": 2.164928}}
{"target": -38.80492007836473, "params": {"eta": 0.5003801720028002, "max_depth": 2.956975977078349, "n_estimators": 6.353408716256074}, "datetime": {"datetime": "2021-09-28 16:39:08", "elapsed": 636.605162, "delta": 3.927194}}
{"target": -39.69721728265185, "params": {"eta": 0.5171677239639594, "max_depth": 1.4288977450409703, "n_estimators": 15.020661501412244}, "datetime": {"datetime": "2021-09-28 16:39:11", "elapsed": 640.021653, "delta": 3.416491}}
{"target": -42.54678195583195, "params": {"eta": 0.19303915784199732, "max_depth": 6.277599617263899, "n_estimators": 4.391631583765783}, "datetime": {"datetime": "2021-09-28 16:39:14", "elapsed": 643.372214, "delta": 3.350561}}
{"target": -40.65859058077048, "params": {"eta": 0.20894459055441536, "max_depth": 13.262566596705264, "n_estimators": 46.580363506848855}, "datetime": {"datetime": "2021-09-28 16:39:17", "elapsed": 645.599831, "delta": 2.227617}}
{"target": -37.526187967606106, "params": {"eta": 0.0800861785634196, "max_depth": 22.097958097703017, "n_estimators": 43.236111631156355}, "datetime": {"datetime": "2021-09-28 16:39:21", "elapsed": 650.02947, "delta": 4.429639}}
{"target": -37.23545752938715, "params": {"eta": 0.17415472454106404, "max_depth": 25.724827742279743, "n_estimators": 7.676617304932684}, "datetime": {"datetime": "2021-09-28 16:39:23", "elapsed": 652.090472, "delta": 2.061002}}
{"target": -36.483870820598526, "params": {"eta": 0.07731102440408202, "max_depth": 10.23906821611908, "n_estimators": 22.38447939584015}, "datetime": {"datetime": "2021-09-28 16:39:25", "elapsed": 654.544399, "delta": 2.453927}}
{"target": -61.12907262893154, "params": {"eta": 0.09777738602206869, "max_depth": 5.43100543861092, "n_estimators": 4.112248178939572}, "datetime": {"datetime": "2021-09-28 16:39:28", "elapsed": 657.24571, "delta": 2.701311}}
{"target": -58.90731655511332, "params": {"eta": 0.10275561887659881, "max_depth": 2.624344950892263, "n_estimators": 4.335942765782784}, "datetime": {"datetime": "2021-09-28 16:39:32", "elapsed": 660.761253, "delta": 3.515543}}
{"target": -37.68609871380512, "params": {"eta": 0.15282274075718896, "max_depth": 10.019091072023524, "n_estimators": 22.64044427361569}, "datetime": {"datetime": "2021-09-28 16:39:34", "elapsed": 663.223463, "delta": 2.46221}}
{"target": -40.47540700258738, "params": {"eta": 0.3430740698546265, "max_depth": 28.51384485444326, "n_estimators": 13.511800510884898}, "datetime": {"datetime": "2021-09-28 16:39:36", "elapsed": 665.248722, "delta": 2.025259}}
{"target": -39.99156299709924, "params": {"eta": 0.2262923903038961, "max_depth": 10.356195066821815, "n_estimators": 19.42112342170815}, "datetime": {"datetime": "2021-09-28 16:39:41", "elapsed": 670.422374, "delta": 5.173652}}
{"target": -35.529048460489, "params": {"eta": 0.4890887743984861, "max_depth": 5.772341761041796, "n_estimators": 3.8473281194677575}, "datetime": {"datetime": "2021-09-28 16:39:45", "elapsed": 673.90505, "delta": 3.482676}}
{"target": -39.55755203414443, "params": {"eta": 0.27411090593460263, "max_depth": 20.069006246149126, "n_estimators": 49.753598041175835}, "datetime": {"datetime": "2021-09-28 16:39:50", "elapsed": 678.632854, "delta": 4.727804}}
{"target": -37.47689854002321, "params": {"eta": 0.4356832008679337, "max_depth": 5.743170691187854, "n_estimators": 4.541524751499308}, "datetime": {"datetime": "2021-09-28 16:39:55", "elapsed": 683.996469, "delta": 5.363615}}
{"target": -39.65972047088857, "params": {"eta": 0.7116770121915751, "max_depth": 1.541157285987125, "n_estimators": 26.86098388087348}, "datetime": {"datetime": "2021-09-28 16:39:57", "elapsed": 686.072262, "delta": 2.075793}}
{"target": -38.209198820000125, "params": {"eta": 0.9750359919006257, "max_depth": 1.5126573220887607, "n_estimators": 15.424584935786815}, "datetime": {"datetime": "2021-09-28 16:40:02", "elapsed": 690.666374, "delta": 4.594112}}
{"target": -35.6910521781103, "params": {"eta": 0.40285597878743534, "max_depth": 3.4621845240909135, "n_estimators": 4.630456635358309}, "datetime": {"datetime": "2021-09-28 16:40:04", "elapsed": 693.549042, "delta": 2.882668}}
{"target": -35.833954922395165, "params": {"eta": 0.05226182285234989, "max_depth": 21.377359620712742, "n_estimators": 43.26860010254684}, "datetime": {"datetime": "2021-09-28 16:40:08", "elapsed": 697.192991, "delta": 3.643949}}
{"target": -38.583359859353145, "params": {"eta": 0.10666488312468476, "max_depth": 26.15825200546667, "n_estimators": 36.3659878461317}, "datetime": {"datetime": "2021-09-28 16:40:11", "elapsed": 699.57792, "delta": 2.384929}}
{"target": -39.55047837172897, "params": {"eta": 0.23149429478652256, "max_depth": 2.0041114467649077, "n_estimators": 18.50853406318524}, "datetime": {"datetime": "2021-09-28 16:40:15", "elapsed": 703.986311, "delta": 4.408391}}
{"target": -61.08338597576446, "params": {"eta": 0.017560496026523303, "max_depth": 29.382189176447802, "n_estimators": 21.01796743285064}, "datetime": {"datetime": "2021-09-28 16:40:18", "elapsed": 706.892937, "delta": 2.906626}}
{"target": -38.133213391462654, "params": {"eta": 0.26419827716846384, "max_depth": 27.828465812710903, "n_estimators": 9.28706039931144}, "datetime": {"datetime": "2021-09-28 16:40:21", "elapsed": 710.516213, "delta": 3.623276}}
{"target": -38.892465294592604, "params": {"eta": 0.6015585149744497, "max_depth": 5.512353291237752, "n_estimators": 15.090238992426064}, "datetime": {"datetime": "2021-09-28 16:40:24", "elapsed": 712.611211, "delta": 2.094998}}
{"target": -58.47282107086937, "params": {"eta": 0.03423380834052549, "max_depth": 7.701924285870131, "n_estimators": 15.249523453091754}, "datetime": {"datetime": "2021-09-28 16:40:27", "elapsed": 716.360306, "delta": 3.749095}}
{"target": -38.34288016026027, "params": {"eta": 0.9246407991360842, "max_depth": 1.3552675752696404, "n_estimators": 16.312337683312293}, "datetime": {"datetime": "2021-09-28 16:40:31", "elapsed": 719.80857, "delta": 3.448264}}
{"target": -44.025611115463974, "params": {"eta": 0.5651972530976968, "max_depth": 17.030095504647576, "n_estimators": 5.748158829026481}, "datetime": {"datetime": "2021-09-28 16:40:33", "elapsed": 721.795954, "delta": 1.987384}}
{"target": -46.82494483704893, "params": {"eta": 0.09958268600212927, "max_depth": 3.2009466473914667, "n_estimators": 6.804326407010283}, "datetime": {"datetime": "2021-09-28 16:40:36", "elapsed": 725.518695, "delta": 3.722741}}
{"target": -40.44691656075178, "params": {"eta": 0.16604365420122497, "max_depth": 5.024958411888703, "n_estimators": 5.612075030542388}, "datetime": {"datetime": "2021-09-28 16:40:42", "elapsed": 730.987309, "delta": 5.468614}}
{"target": -39.879351995812925, "params": {"eta": 0.24819661698100962, "max_depth": 7.491448811591718, "n_estimators": 24.829262073489225}, "datetime": {"datetime": "2021-09-28 16:40:47", "elapsed": 736.323442, "delta": 5.336133}}
{"target": -40.56266537503516, "params": {"eta": 0.509884604186874, "max_depth": 23.60202750716111, "n_estimators": 11.54420309227086}, "datetime": {"datetime": "2021-09-28 16:40:50", "elapsed": 738.671195, "delta": 2.347753}}
{"target": -40.81190698083999, "params": {"eta": 0.2957782588396078, "max_depth": 10.377303372614817, "n_estimators": 22.49820826244706}, "datetime": {"datetime": "2021-09-28 16:40:54", "elapsed": 742.676247, "delta": 4.005052}}
{"target": -39.02913315355794, "params": {"eta": 0.44932065567841234, "max_depth": 3.807377737773346, "n_estimators": 5.482509781919265}, "datetime": {"datetime": "2021-09-28 16:40:57", "elapsed": 745.758343, "delta": 3.082096}}
{"target": -42.80924363933373, "params": {"eta": 0.5032767988285355, "max_depth": 23.495262518451575, "n_estimators": 40.46852573894069}, "datetime": {"datetime": "2021-09-28 16:40:59", "elapsed": 748.078637, "delta": 2.320294}}
{"target": -39.92128273151512, "params": {"eta": 0.22207509594694902, "max_depth": 1.8994622231004612, "n_estimators": 17.467714047971587}, "datetime": {"datetime": "2021-09-28 16:41:03", "elapsed": 751.65377, "delta": 3.575133}}
{"target": -38.82502621012527, "params": {"eta": 0.24534453281778226, "max_depth": 27.440898627392745, "n_estimators": 8.00440173470191}, "datetime": {"datetime": "2021-09-28 16:41:05", "elapsed": 754.354951, "delta": 2.701181}}
{"target": -36.02252459133097, "params": {"eta": 0.0596155302041237, "max_depth": 21.059358470130718, "n_estimators": 43.23859672790699}, "datetime": {"datetime": "2021-09-28 16:41:12", "elapsed": 761.13988, "delta": 6.784929}}
{"target": -39.56426464843922, "params": {"eta": 0.27327370196608936, "max_depth": 18.48542679926547, "n_estimators": 34.83187832644871}, "datetime": {"datetime": "2021-09-28 16:41:15", "elapsed": 763.603399, "delta": 2.463519}}
{"target": -37.16955078005945, "params": {"eta": 0.1272239368554418, "max_depth": 10.490439227659216, "n_estimators": 18.898514583706792}, "datetime": {"datetime": "2021-09-28 16:41:18", "elapsed": 767.289368, "delta": 3.685969}}
{"target": -40.451897181683805, "params": {"eta": 0.730229532106766, "max_depth": 1.936852425054357, "n_estimators": 15.009846175609171}, "datetime": {"datetime": "2021-09-28 16:41:22", "elapsed": 771.300362, "delta": 4.010994}}
{"target": -45.275973171959286, "params": {"eta": 0.7151761577464094, "max_depth": 13.221802407808322, "n_estimators": 32.85657274619468}, "datetime": {"datetime": "2021-09-28 16:41:25", "elapsed": 773.784027, "delta": 2.483665}}
{"target": -38.517784263332516, "params": {"eta": 0.0726280022452738, "max_depth": 20.4660827509584, "n_estimators": 49.611640337208954}, "datetime": {"datetime": "2021-09-28 16:41:30", "elapsed": 778.978205, "delta": 5.194178}}
{"target": -39.17390466530379, "params": {"eta": 0.10963765390185515, "max_depth": 21.166413405806647, "n_estimators": 42.87898132045088}, "datetime": {"datetime": "2021-09-28 16:41:35", "elapsed": 784.251958, "delta": 5.273753}}
{"target": -40.59998110555015, "params": {"eta": 0.4557179831232955, "max_depth": 26.52213919154557, "n_estimators": 43.06303918377279}, "datetime": {"datetime": "2021-09-28 16:41:38", "elapsed": 787.071027, "delta": 2.819069}}
{"target": -42.05858409036152, "params": {"eta": 0.7144835244253092, "max_depth": 28.182597582262407, "n_estimators": 10.81293243359795}, "datetime": {"datetime": "2021-09-28 16:41:42", "elapsed": 790.567985, "delta": 3.496958}}
{"target": -60.581491032252686, "params": {"eta": 0.01, "max_depth": 21.12817911105787, "n_estimators": 43.53279688001653}, "datetime": {"datetime": "2021-09-28 16:41:46", "elapsed": 794.633679, "delta": 4.065694}}
{"target": -80.76334299410743, "params": {"eta": 0.01, "max_depth": 2.7375649188035154, "n_estimators": 17.79380341969404}, "datetime": {"datetime": "2021-09-28 16:41:49", "elapsed": 798.218555, "delta": 3.584876}}
{"target": -40.16498227562841, "params": {"eta": 0.3134846640624367, "max_depth": 20.96384613974946, "n_estimators": 43.230102551207494}, "datetime": {"datetime": "2021-09-28 16:41:54", "elapsed": 802.568642, "delta": 4.350087}}
{"target": -42.63699502838122, "params": {"eta": 0.8657129215098708, "max_depth": 18.863293352810782, "n_estimators": 34.66140131050601}, "datetime": {"datetime": "2021-09-28 16:41:56", "elapsed": 805.264724, "delta": 2.696082}}
{"target": -41.63167943427836, "params": {"eta": 0.4287698613656992, "max_depth": 10.927119555535093, "n_estimators": 18.57354338197692}, "datetime": {"datetime": "2021-09-28 16:41:59", "elapsed": 807.710837, "delta": 2.446113}}
{"target": -79.83861039869993, "params": {"eta": 0.01, "max_depth": 10.793521625225974, "n_estimators": 19.459489474729622}, "datetime": {"datetime": "2021-09-28 16:42:02", "elapsed": 810.676223, "delta": 2.965386}}
{"target": -37.76299129116572, "params": {"eta": 0.49545547529886397, "max_depth": 4.318142095535816, "n_estimators": 4.606467522664676}, "datetime": {"datetime": "2021-09-28 16:42:04", "elapsed": 813.527213, "delta": 2.85099}}
{"target": -36.439764583487985, "params": {"eta": 0.14051434203936713, "max_depth": 10.319286057588142, "n_estimators": 19.74846129858489}, "datetime": {"datetime": "2021-09-28 16:42:08", "elapsed": 816.777225, "delta": 3.250012}}
{"target": -39.912308686843666, "params": {"eta": 0.27479540123763885, "max_depth": 9.059412558817938, "n_estimators": 29.352479443892662}, "datetime": {"datetime": "2021-09-28 16:42:10", "elapsed": 819.012407, "delta": 2.235182}}
{"target": -41.28151487303804, "params": {"eta": 0.1974915438068443, "max_depth": 10.820848412471554, "n_estimators": 20.34945179520639}, "datetime": {"datetime": "2021-09-28 16:42:12", "elapsed": 821.25792, "delta": 2.245513}}
{"target": -39.275775516585654, "params": {"eta": 0.1550450638337775, "max_depth": 21.754257928040087, "n_estimators": 43.020173765340644}, "datetime": {"datetime": "2021-09-28 16:42:15", "elapsed": 824.275049, "delta": 3.017129}}
{"target": -42.10324783478572, "params": {"eta": 0.18397263245049708, "max_depth": 8.824820048189814, "n_estimators": 27.607909057721134}, "datetime": {"datetime": "2021-09-28 16:42:18", "elapsed": 826.652856, "delta": 2.377807}}
{"target": -38.56942100989366, "params": {"eta": 0.1439250318289297, "max_depth": 12.24408732399209, "n_estimators": 34.03025953530301}, "datetime": {"datetime": "2021-09-28 16:42:20", "elapsed": 829.062354, "delta": 2.409498}}
{"target": -41.33282045353362, "params": {"eta": 0.614416220368597, "max_depth": 7.932799162846933, "n_estimators": 10.581469184868487}, "datetime": {"datetime": "2021-09-28 16:42:22", "elapsed": 831.261648, "delta": 2.199294}}
{"target": -40.86639132956375, "params": {"eta": 0.18545013833572574, "max_depth": 21.200028179780276, "n_estimators": 43.12776387304898}, "datetime": {"datetime": "2021-09-28 16:42:25", "elapsed": 834.218649, "delta": 2.957001}}
{"target": -37.491906290891066, "params": {"eta": 0.4186684852872587, "max_depth": 3.699147303350551, "n_estimators": 4.747942573889375}, "datetime": {"datetime": "2021-09-28 16:42:28", "elapsed": 837.029146, "delta": 2.810497}}
{"target": -61.83856996230279, "params": {"eta": 0.05084887453482199, "max_depth": 24.027925485557315, "n_estimators": 8.57439210375678}, "datetime": {"datetime": "2021-09-28 16:42:30", "elapsed": 839.187893, "delta": 2.158747}}
{"target": -45.11573252954621, "params": {"eta": 0.8256602854444476, "max_depth": 23.24731157524551, "n_estimators": 43.88352865421989}, "datetime": {"datetime": "2021-09-28 16:42:33", "elapsed": 841.568789, "delta": 2.380896}}
{"target": -40.418236938687464, "params": {"eta": 0.3956631081176072, "max_depth": 22.659267512729734, "n_estimators": 21.419909605511172}, "datetime": {"datetime": "2021-09-28 16:42:35", "elapsed": 843.748618, "delta": 2.179829}}
{"target": -39.80008110598316, "params": {"eta": 0.39133556988392754, "max_depth": 2.6516318711574827, "n_estimators": 17.4786881186132}, "datetime": {"datetime": "2021-09-28 16:42:39", "elapsed": 847.890644, "delta": 4.142026}}
