{"target": -43.45648325296273, "params": {"eta": 0.05, "max_depth": 1.0, "n_estimators": 172.33123131780127}, "datetime": {"datetime": "2021-09-24 16:36:19", "elapsed": 11.779869, "delta": 0.544371}}
{"target": -46.85270607919621, "params": {"eta": 0.44955426691528777, "max_depth": 1.9660455342420728, "n_estimators": 172.81849603050603}, "datetime": {"datetime": "2021-09-24 16:36:19", "elapsed": 12.155174, "delta": 0.375305}}
{"target": -42.94597143875925, "params": {"eta": 0.16673979449433476, "max_depth": 1.8153946529710108, "n_estimators": 121.74738260863742}, "datetime": {"datetime": "2021-09-24 16:36:19", "elapsed": 12.607544, "delta": 0.45237}}
{"target": -45.35190226619405, "params": {"eta": 0.147686721891656, "max_depth": 2.239774905707282, "n_estimators": 122.81262236929295}, "datetime": {"datetime": "2021-09-24 16:36:20", "elapsed": 12.940545, "delta": 0.333001}}
{"target": -42.7791306918725, "params": {"eta": 0.15884514384874882, "max_depth": 1.5202206207005955, "n_estimators": 120.90883539962358}, "datetime": {"datetime": "2021-09-24 16:36:20", "elapsed": 13.408348, "delta": 0.467803}}
{"target": -43.46541234066612, "params": {"eta": 0.05, "max_depth": 1.0, "n_estimators": 171.07319526613222}, "datetime": {"datetime": "2021-09-24 16:36:21", "elapsed": 13.962535, "delta": 0.554187}}
{"target": -43.00410005383026, "params": {"eta": 0.15766375368686625, "max_depth": 1.0364821448392323, "n_estimators": 169.88873199002532}, "datetime": {"datetime": "2021-09-24 16:36:22", "elapsed": 14.747534, "delta": 0.784999}}
{"target": -43.300479028457985, "params": {"eta": 0.18165353670271744, "max_depth": 1.9840605240676228, "n_estimators": 170.2186353978539}, "datetime": {"datetime": "2021-09-24 16:36:22", "elapsed": 15.301528, "delta": 0.553994}}
{"target": -42.63460672708382, "params": {"eta": 0.11202400885969234, "max_depth": 1.0368500085063155, "n_estimators": 168.76607548968764}, "datetime": {"datetime": "2021-09-24 16:36:23", "elapsed": 15.913038, "delta": 0.61151}}
{"target": -44.72363043189945, "params": {"eta": 0.2967626030057388, "max_depth": 1.85537164013829, "n_estimators": 169.2530056119853}, "datetime": {"datetime": "2021-09-24 16:36:23", "elapsed": 16.400264, "delta": 0.487226}}
{"target": -43.07442339560143, "params": {"eta": 0.21678974403284662, "max_depth": 1.0568796232719129, "n_estimators": 167.2060194330419}, "datetime": {"datetime": "2021-09-24 16:36:24", "elapsed": 17.06626, "delta": 0.665996}}
{"target": -42.74984941984478, "params": {"eta": 0.12361130969883335, "max_depth": 1.275470905207781, "n_estimators": 165.89625607409334}, "datetime": {"datetime": "2021-09-24 16:36:24", "elapsed": 17.495583, "delta": 0.429323}}
{"target": -45.27846922910303, "params": {"eta": 0.3680621243683214, "max_depth": 1.0889928939194007, "n_estimators": 164.76732229185885}, "datetime": {"datetime": "2021-09-24 16:36:25", "elapsed": 18.33354, "delta": 0.837957}}
{"target": -46.8912549628351, "params": {"eta": 0.19777215104361218, "max_depth": 2.258702189690763, "n_estimators": 165.7465527411}, "datetime": {"datetime": "2021-09-24 16:36:26", "elapsed": 19.231836, "delta": 0.898296}}
{"target": -50.23778369372949, "params": {"eta": 0.37788516199730626, "max_depth": 2.990529510480136, "n_estimators": 170.91133960980648}, "datetime": {"datetime": "2021-09-24 16:36:27", "elapsed": 20.158679, "delta": 0.926843}}
{"target": -46.58356996855341, "params": {"eta": 0.43463901894447143, "max_depth": 1.1446973307825945, "n_estimators": 166.5545996286802}, "datetime": {"datetime": "2021-09-24 16:36:27", "elapsed": 20.650057, "delta": 0.491378}}
{"target": -47.057253045247016, "params": {"eta": 0.5, "max_depth": 1.3321993395695737, "n_estimators": 170.44891568605806}, "datetime": {"datetime": "2021-09-24 16:36:28", "elapsed": 21.265053, "delta": 0.614996}}
{"target": -42.890846137713666, "params": {"eta": 0.06897737598749876, "max_depth": 1.23367641382289, "n_estimators": 200.3527870675216}, "datetime": {"datetime": "2021-09-24 16:36:29", "elapsed": 21.892812, "delta": 0.627759}}
{"target": -42.88416861053696, "params": {"eta": 0.11703154494002929, "max_depth": 1.1015027925180778, "n_estimators": 120.60197590741612}, "datetime": {"datetime": "2021-09-24 16:36:30", "elapsed": 22.767018, "delta": 0.874206}}
{"target": -45.97097848949576, "params": {"eta": 0.4644356772730885, "max_depth": 1.552854174822251, "n_estimators": 121.39547225500957}, "datetime": {"datetime": "2021-09-24 16:36:30", "elapsed": 23.550771, "delta": 0.783753}}
{"target": -43.68015009657781, "params": {"eta": 0.2587554269622312, "max_depth": 1.8661686851204278, "n_estimators": 169.23991983995148}, "datetime": {"datetime": "2021-09-24 16:36:31", "elapsed": 24.038773, "delta": 0.488002}}
{"target": -42.90409641696098, "params": {"eta": 0.22369123678510172, "max_depth": 1.1902213715012901, "n_estimators": 120.34620110909692}, "datetime": {"datetime": "2021-09-24 16:36:31", "elapsed": 24.495954, "delta": 0.457181}}
{"target": -42.89375133084175, "params": {"eta": 0.22454317195310203, "max_depth": 1.3557954684853128, "n_estimators": 120.83717948549395}, "datetime": {"datetime": "2021-09-24 16:36:32", "elapsed": 25.027949, "delta": 0.531995}}
{"target": -46.30790209949465, "params": {"eta": 0.16462715481271312, "max_depth": 2.6909802073402007, "n_estimators": 126.1313623779748}, "datetime": {"datetime": "2021-09-24 16:36:32", "elapsed": 25.637011, "delta": 0.609062}}
{"target": -47.253771315839955, "params": {"eta": 0.3896162767712969, "max_depth": 1.4727530584727904, "n_estimators": 275.0381011561998}, "datetime": {"datetime": "2021-09-24 16:36:33", "elapsed": 26.127009, "delta": 0.489998}}
{"target": -42.78471916600277, "params": {"eta": 0.12645772727763704, "max_depth": 1.8264402299052642, "n_estimators": 169.07406914602228}, "datetime": {"datetime": "2021-09-24 16:36:34", "elapsed": 26.666258, "delta": 0.539249}}
{"target": -51.35214619170454, "params": {"eta": 0.4148913741933745, "max_depth": 2.494492131774451, "n_estimators": 277.90579946926164}, "datetime": {"datetime": "2021-09-24 16:36:34", "elapsed": 27.424723, "delta": 0.758465}}
{"target": -46.43875999378979, "params": {"eta": 0.3183795085383528, "max_depth": 1.931780276193716, "n_estimators": 297.7339148155267}, "datetime": {"datetime": "2021-09-24 16:36:35", "elapsed": 28.413888, "delta": 0.989165}}
{"target": -45.45001794341812, "params": {"eta": 0.11393517402120984, "max_depth": 2.1191823024714154, "n_estimators": 169.31496152858952}, "datetime": {"datetime": "2021-09-24 16:36:36", "elapsed": 29.489427, "delta": 1.075539}}
{"target": -43.039607284660626, "params": {"eta": 0.08758105001156605, "max_depth": 1.4045373502001135, "n_estimators": 159.5645576784231}, "datetime": {"datetime": "2021-09-24 16:36:37", "elapsed": 30.306427, "delta": 0.817}}
{"target": -43.99406286827604, "params": {"eta": 0.07996719074591695, "max_depth": 2.0172333240515767, "n_estimators": 121.64377242352636}, "datetime": {"datetime": "2021-09-24 16:36:38", "elapsed": 30.856427, "delta": 0.55}}
{"target": -43.23260997112532, "params": {"eta": 0.17377755680241447, "max_depth": 1.6882657214790886, "n_estimators": 179.36198995270757}, "datetime": {"datetime": "2021-09-24 16:36:38", "elapsed": 31.369426, "delta": 0.512999}}
{"target": -42.912403364826865, "params": {"eta": 0.20262520979669363, "max_depth": 1.4891635161259265, "n_estimators": 118.48184537747035}, "datetime": {"datetime": "2021-09-24 16:36:39", "elapsed": 31.73734, "delta": 0.367914}}
{"target": -43.52815969366776, "params": {"eta": 0.07011403151241881, "max_depth": 1.4557486520608933, "n_estimators": 120.60445485565883}, "datetime": {"datetime": "2021-09-24 16:36:40", "elapsed": 32.669137, "delta": 0.931797}}
{"target": -44.71205956595285, "params": {"eta": 0.32909101929535783, "max_depth": 1.385244396065409, "n_estimators": 118.78159980418239}, "datetime": {"datetime": "2021-09-24 16:36:40", "elapsed": 33.104132, "delta": 0.434995}}
{"target": -45.580580202260414, "params": {"eta": 0.06899176225379705, "max_depth": 2.315280859155215, "n_estimators": 298.23400893143184}, "datetime": {"datetime": "2021-09-24 16:36:41", "elapsed": 33.712582, "delta": 0.60845}}
{"target": -43.50949704736695, "params": {"eta": 0.05107219573983517, "max_depth": 1.263452277275131, "n_estimators": 168.58841067245342}, "datetime": {"datetime": "2021-09-24 16:36:41", "elapsed": 34.17958, "delta": 0.466998}}
{"target": -46.943750983790345, "params": {"eta": 0.09888779309644893, "max_depth": 2.6308253060342404, "n_estimators": 294.9259187357525}, "datetime": {"datetime": "2021-09-24 16:36:42", "elapsed": 35.111005, "delta": 0.931425}}
{"target": -46.4960915791361, "params": {"eta": 0.44228615082258604, "max_depth": 1.3571903439059811, "n_estimators": 183.75724037905456}, "datetime": {"datetime": "2021-09-24 16:36:43", "elapsed": 35.955632, "delta": 0.844627}}
{"target": -42.88168214496813, "params": {"eta": 0.08236046952232709, "max_depth": 1.3122144882363451, "n_estimators": 235.4965643796882}, "datetime": {"datetime": "2021-09-24 16:36:43", "elapsed": 36.64134, "delta": 0.685708}}
{"target": -45.72416783454723, "params": {"eta": 0.42799626081762204, "max_depth": 1.1027511583630552, "n_estimators": 168.7197636104283}, "datetime": {"datetime": "2021-09-24 16:36:44", "elapsed": 37.506489, "delta": 0.865149}}
{"target": -45.50625094793793, "params": {"eta": 0.3053984722916551, "max_depth": 1.550650748390999, "n_estimators": 202.48822400234735}, "datetime": {"datetime": "2021-09-24 16:36:45", "elapsed": 38.349336, "delta": 0.842847}}
{"target": -42.99543931430444, "params": {"eta": 0.11576826038007791, "max_depth": 1.2959714853309328, "n_estimators": 121.13868088575063}, "datetime": {"datetime": "2021-09-24 16:36:46", "elapsed": 39.219334, "delta": 0.869998}}
{"target": -42.8667770041559, "params": {"eta": 0.20891473403471306, "max_depth": 1.0731931799479446, "n_estimators": 120.91434875570542}, "datetime": {"datetime": "2021-09-24 16:36:47", "elapsed": 40.047812, "delta": 0.828478}}
{"target": -43.3342660315951, "params": {"eta": 0.05765474576484242, "max_depth": 1.5866446101058571, "n_estimators": 162.31994902700026}, "datetime": {"datetime": "2021-09-24 16:36:47", "elapsed": 40.505451, "delta": 0.457639}}
{"target": -44.55621527191391, "params": {"eta": 0.08881166302458046, "max_depth": 2.0944117679687837, "n_estimators": 129.00629997304944}, "datetime": {"datetime": "2021-09-24 16:36:48", "elapsed": 41.062451, "delta": 0.557}}
{"target": -43.10930065642622, "params": {"eta": 0.05, "max_depth": 1.0038181929585863, "n_estimators": 235.63534492100618}, "datetime": {"datetime": "2021-09-24 16:36:49", "elapsed": 42.167878, "delta": 1.105427}}
{"target": -46.05375059744469, "params": {"eta": 0.47027078743832235, "max_depth": 1.0, "n_estimators": 120.55963120693356}, "datetime": {"datetime": "2021-09-24 16:36:50", "elapsed": 43.303816, "delta": 1.135938}}
{"target": -45.23388884121314, "params": {"eta": 0.27999675447932887, "max_depth": 1.0882093707552927, "n_estimators": 235.36987437370865}, "datetime": {"datetime": "2021-09-24 16:36:51", "elapsed": 44.217279, "delta": 0.913463}}
{"target": -43.328887136358965, "params": {"eta": 0.05696661829758066, "max_depth": 1.318490690556193, "n_estimators": 169.11188325233502}, "datetime": {"datetime": "2021-09-24 16:36:52", "elapsed": 44.789728, "delta": 0.572449}}
{"target": -42.95288432988905, "params": {"eta": 0.08640309164256796, "max_depth": 1.7038835659982516, "n_estimators": 169.3811868128635}, "datetime": {"datetime": "2021-09-24 16:36:53", "elapsed": 45.953448, "delta": 1.16372}}
{"target": -42.96182689810158, "params": {"eta": 0.10064549639608533, "max_depth": 1.2883793554052136, "n_estimators": 235.87080486329526}, "datetime": {"datetime": "2021-09-24 16:36:54", "elapsed": 46.967829, "delta": 1.014381}}
{"target": -49.563731720573024, "params": {"eta": 0.27757510909043565, "max_depth": 2.979897607950768, "n_estimators": 180.4895914780288}, "datetime": {"datetime": "2021-09-24 16:36:54", "elapsed": 47.617196, "delta": 0.649367}}
{"target": -44.13685154735594, "params": {"eta": 0.05, "max_depth": 1.4203981430338437, "n_estimators": 120.10335031417662}, "datetime": {"datetime": "2021-09-24 16:36:55", "elapsed": 48.370627, "delta": 0.753431}}
{"target": -50.64065540643563, "params": {"eta": 0.2562520323290646, "max_depth": 2.938563176617838, "n_estimators": 213.80881312991988}, "datetime": {"datetime": "2021-09-24 16:36:56", "elapsed": 49.210624, "delta": 0.839997}}
{"target": -43.94816781524429, "params": {"eta": 0.2641226919905598, "max_depth": 1.1775484149892392, "n_estimators": 169.50438180088122}, "datetime": {"datetime": "2021-09-24 16:36:57", "elapsed": 49.982303, "delta": 0.771679}}
{"target": -44.177795037291105, "params": {"eta": 0.11051042688642285, "max_depth": 2.877275185139397, "n_estimators": 101.89424643870191}, "datetime": {"datetime": "2021-09-24 16:36:57", "elapsed": 50.382872, "delta": 0.400569}}
{"target": -44.06491920643283, "params": {"eta": 0.05, "max_depth": 1.5960204318056355, "n_estimators": 122.05702802029768}, "datetime": {"datetime": "2021-09-24 16:36:58", "elapsed": 51.052103, "delta": 0.669231}}
{"target": -43.080102934873196, "params": {"eta": 0.12954818866020146, "max_depth": 1.4184267324632351, "n_estimators": 206.12008554881584}, "datetime": {"datetime": "2021-09-24 16:36:59", "elapsed": 51.683914, "delta": 0.631811}}
{"target": -46.78409957079063, "params": {"eta": 0.4214358342643002, "max_depth": 1.2397837719955256, "n_estimators": 211.66177126741252}, "datetime": {"datetime": "2021-09-24 16:36:59", "elapsed": 52.399047, "delta": 0.715133}}
{"target": -42.98677450194395, "params": {"eta": 0.08164849885642622, "max_depth": 1.29206773477908, "n_estimators": 169.1279619520094}, "datetime": {"datetime": "2021-09-24 16:37:00", "elapsed": 52.998623, "delta": 0.599576}}
{"target": -44.403494540910074, "params": {"eta": 0.2559732168560421, "max_depth": 1.309417221166493, "n_estimators": 200.67859291761943}, "datetime": {"datetime": "2021-09-24 16:37:01", "elapsed": 53.80574, "delta": 0.807117}}
{"target": -43.10930065642622, "params": {"eta": 0.05, "max_depth": 1.6445989285865497, "n_estimators": 235.68274202464175}, "datetime": {"datetime": "2021-09-24 16:37:02", "elapsed": 54.838739, "delta": 1.032999}}
{"target": -49.9996673756076, "params": {"eta": 0.4239929314567171, "max_depth": 2.6806601186792145, "n_estimators": 207.49779351206263}, "datetime": {"datetime": "2021-09-24 16:37:02", "elapsed": 55.59174, "delta": 0.753001}}
{"target": -45.74183819347754, "params": {"eta": 0.4115211687754374, "max_depth": 1.0594055147576207, "n_estimators": 165.64889649180554}, "datetime": {"datetime": "2021-09-24 16:37:03", "elapsed": 56.643496, "delta": 1.051756}}
{"target": -47.18567210391052, "params": {"eta": 0.4066799219375127, "max_depth": 1.2818062540262625, "n_estimators": 258.45232014787814}, "datetime": {"datetime": "2021-09-24 16:37:04", "elapsed": 57.352814, "delta": 0.709318}}
{"target": -47.62303167716005, "params": {"eta": 0.45206714493161226, "max_depth": 1.4927799181531254, "n_estimators": 235.77289364828064}, "datetime": {"datetime": "2021-09-24 16:37:05", "elapsed": 58.644471, "delta": 1.291657}}
{"target": -43.15879830381924, "params": {"eta": 0.2255048295053957, "max_depth": 1.0705806649396175, "n_estimators": 130.97006526959098}, "datetime": {"datetime": "2021-09-24 16:37:06", "elapsed": 59.28947, "delta": 0.644999}}
{"target": -44.00125317107466, "params": {"eta": 0.06143861986241734, "max_depth": 1.07222612376458, "n_estimators": 105.96498637516166}, "datetime": {"datetime": "2021-09-24 16:37:07", "elapsed": 60.022199, "delta": 0.732729}}
{"target": -43.44535013069784, "params": {"eta": 0.054579690956808896, "max_depth": 1.0251648934588096, "n_estimators": 169.33231510395728}, "datetime": {"datetime": "2021-09-24 16:37:08", "elapsed": 61.18256, "delta": 1.160361}}
{"target": -44.03735509313139, "params": {"eta": 0.2660253522264749, "max_depth": 1.2959272756608706, "n_estimators": 200.0344531905615}, "datetime": {"datetime": "2021-09-24 16:37:09", "elapsed": 62.105925, "delta": 0.923365}}
{"target": -43.39144943352032, "params": {"eta": 0.05, "max_depth": 1.8211890348250483, "n_estimators": 179.0151902353547}, "datetime": {"datetime": "2021-09-24 16:37:10", "elapsed": 63.301854, "delta": 1.195929}}
{"target": -42.762662385639395, "params": {"eta": 0.11454534681689255, "max_depth": 1.4118620378214461, "n_estimators": 159.96286347213848}, "datetime": {"datetime": "2021-09-24 16:37:11", "elapsed": 64.152306, "delta": 0.850452}}
{"target": -43.05701925521507, "params": {"eta": 0.1774830835386096, "max_depth": 1.7434078899903982, "n_estimators": 159.78334708674254}, "datetime": {"datetime": "2021-09-24 16:37:12", "elapsed": 64.888514, "delta": 0.736208}}
{"target": -46.61497132939503, "params": {"eta": 0.45368639275354367, "max_depth": 1.5506725057989783, "n_estimators": 159.80673053062338}, "datetime": {"datetime": "2021-09-24 16:37:13", "elapsed": 66.004106, "delta": 1.115592}}
{"target": -42.98317035875822, "params": {"eta": 0.08581062387409513, "max_depth": 1.9312647807082166, "n_estimators": 159.47044067752893}, "datetime": {"datetime": "2021-09-24 16:37:14", "elapsed": 66.767076, "delta": 0.76297}}
{"target": -43.96841738994856, "params": {"eta": 0.33759727774392184, "max_depth": 1.1982800772898838, "n_estimators": 128.69993065136802}, "datetime": {"datetime": "2021-09-24 16:37:14", "elapsed": 67.370802, "delta": 0.603726}}
{"target": -43.55333715453184, "params": {"eta": 0.05, "max_depth": 1.7366031057098978, "n_estimators": 160.15272511402503}, "datetime": {"datetime": "2021-09-24 16:37:15", "elapsed": 68.085859, "delta": 0.715057}}
{"target": -43.48149791516756, "params": {"eta": 0.05624550337883736, "max_depth": 1.67564003407926, "n_estimators": 159.19003593247942}, "datetime": {"datetime": "2021-09-24 16:37:16", "elapsed": 69.081858, "delta": 0.995999}}
{"target": -43.2655020118656, "params": {"eta": 0.05, "max_depth": 1.6323198292841707, "n_estimators": 200.31146193228108}, "datetime": {"datetime": "2021-09-24 16:37:17", "elapsed": 70.132008, "delta": 1.05015}}
{"target": -43.54529313395794, "params": {"eta": 0.05, "max_depth": 1.0420221125794062, "n_estimators": 159.84924593377258}, "datetime": {"datetime": "2021-09-24 16:37:19", "elapsed": 72.262647, "delta": 2.130639}}
{"target": -43.213837587743775, "params": {"eta": 0.15567485075809367, "max_depth": 1.657129563462004, "n_estimators": 206.48230456509592}, "datetime": {"datetime": "2021-09-24 16:37:20", "elapsed": 73.124466, "delta": 0.861819}}
{"target": -45.04601302182764, "params": {"eta": 0.0971538820332945, "max_depth": 2.117629063033016, "n_estimators": 159.8669459095571}, "datetime": {"datetime": "2021-09-24 16:37:21", "elapsed": 74.627031, "delta": 1.502565}}
{"target": -43.20316615857576, "params": {"eta": 0.18272897737359622, "max_depth": 1.0170113329760861, "n_estimators": 131.15102886766113}, "datetime": {"datetime": "2021-09-24 16:37:22", "elapsed": 75.111633, "delta": 0.484602}}
{"target": -46.47929381248646, "params": {"eta": 0.4125610517815129, "max_depth": 1.3027315759111613, "n_estimators": 206.41520874307534}, "datetime": {"datetime": "2021-09-24 16:37:23", "elapsed": 76.019835, "delta": 0.908202}}
{"target": -45.485794153428614, "params": {"eta": 0.07533395401696098, "max_depth": 2.346693069292808, "n_estimators": 273.58072038309035}, "datetime": {"datetime": "2021-09-24 16:37:24", "elapsed": 77.129564, "delta": 1.109729}}
{"target": -43.2103665000514, "params": {"eta": 0.053370986126618364, "max_depth": 1.8319962562801397, "n_estimators": 206.15561351253461}, "datetime": {"datetime": "2021-09-24 16:37:25", "elapsed": 77.889481, "delta": 0.759917}}
{"target": -42.896836789927086, "params": {"eta": 0.06880654855944977, "max_depth": 1.5434473915703197, "n_estimators": 205.79821992029179}, "datetime": {"datetime": "2021-09-24 16:37:26", "elapsed": 78.991804, "delta": 1.102323}}
{"target": -42.82327052525112, "params": {"eta": 0.09496677733522896, "max_depth": 1.0609158883731162, "n_estimators": 167.6354012384353}, "datetime": {"datetime": "2021-09-24 16:37:27", "elapsed": 80.330556, "delta": 1.338752}}
{"target": -46.023481949827726, "params": {"eta": 0.4570800986782931, "max_depth": 1.3639501158659952, "n_estimators": 167.4958376290494}, "datetime": {"datetime": "2021-09-24 16:37:28", "elapsed": 81.056836, "delta": 0.72628}}
{"target": -46.0508586239994, "params": {"eta": 0.3945572391231244, "max_depth": 1.7342690428460794, "n_estimators": 205.90385842015257}, "datetime": {"datetime": "2021-09-24 16:37:29", "elapsed": 82.433845, "delta": 1.377009}}
{"target": -43.15737223804445, "params": {"eta": 0.14639436288205943, "max_depth": 1.2183949726069092, "n_estimators": 205.6765066774789}, "datetime": {"datetime": "2021-09-24 16:37:30", "elapsed": 83.430977, "delta": 0.997132}}
{"target": -44.46876950371534, "params": {"eta": 0.354449636012961, "max_depth": 1.3460166741993747, "n_estimators": 131.2001373372627}, "datetime": {"datetime": "2021-09-24 16:37:31", "elapsed": 84.082646, "delta": 0.651669}}
{"target": -43.39144943352032, "params": {"eta": 0.05, "max_depth": 1.3943703878227216, "n_estimators": 179.16241622971867}, "datetime": {"datetime": "2021-09-24 16:37:32", "elapsed": 85.160977, "delta": 1.078331}}
{"target": -42.92792166803116, "params": {"eta": 0.12925925457594445, "max_depth": 1.3913054258683193, "n_estimators": 127.66108115557269}, "datetime": {"datetime": "2021-09-24 16:37:33", "elapsed": 85.729978, "delta": 0.569001}}
{"target": -46.05718908094822, "params": {"eta": 0.4568918749736544, "max_depth": 1.1074095864360214, "n_estimators": 126.77612793288687}, "datetime": {"datetime": "2021-09-24 16:37:33", "elapsed": 86.277015, "delta": 0.547037}}
{"target": -43.99554811205183, "params": {"eta": 0.3532825717535434, "max_depth": 1.3398150429094, "n_estimators": 127.9901897660144}, "datetime": {"datetime": "2021-09-24 16:37:34", "elapsed": 87.0908, "delta": 0.813785}}
