{"target": 0.31744384801617864, "params": {"eta": 0.08304520797738053, "max_depth": 25.65042681019479, "n_estimators": 49.91567906841106}, "datetime": {"datetime": "2021-09-24 12:12:14", "elapsed": 46.312536, "delta": 0.560634}}
{"target": 0.29633444870718684, "params": {"eta": 0.7244287307035052, "max_depth": 8.221139752752935, "n_estimators": 45.840087357713706}, "datetime": {"datetime": "2021-09-24 12:12:14", "elapsed": 46.828532, "delta": 0.515996}}
{"target": 0.07195131496854679, "params": {"eta": 0.6926243388449789, "max_depth": 5.192543686699902, "n_estimators": 33.02017276478306}, "datetime": {"datetime": "2021-09-24 12:12:15", "elapsed": 47.224534, "delta": 0.396002}}
{"target": 0.2740254856831038, "params": {"eta": 0.1423477354892895, "max_depth": 19.447926302048128, "n_estimators": 27.93888168901344}, "datetime": {"datetime": "2021-09-24 12:12:15", "elapsed": 47.784536, "delta": 0.560002}}
{"target": 0.2939041050451364, "params": {"eta": 0.29473430553462565, "max_depth": 14.59017754231978, "n_estimators": 41.82320071979443}, "datetime": {"datetime": "2021-09-24 12:12:16", "elapsed": 48.469731, "delta": 0.685195}}
{"target": 0.3771855093621267, "params": {"eta": 0.35549015787499383, "max_depth": 2.8733123059804733, "n_estimators": 37.12510811949968}, "datetime": {"datetime": "2021-09-24 12:12:16", "elapsed": 48.835462, "delta": 0.365731}}
{"target": -3.7590320091496503, "params": {"eta": 0.001, "max_depth": 27.03470317672149, "n_estimators": 30.277553319356905}, "datetime": {"datetime": "2021-09-24 12:12:17", "elapsed": 49.50146, "delta": 0.665998}}
{"target": 0.13695013125703848, "params": {"eta": 0.6940942598738677, "max_depth": 19.36050985237976, "n_estimators": 25.988617436590687}, "datetime": {"datetime": "2021-09-24 12:12:18", "elapsed": 50.045464, "delta": 0.544004}}
{"target": 0.3048083789827425, "params": {"eta": 0.30360829579590604, "max_depth": 17.95083551538825, "n_estimators": 22.018662647865312}, "datetime": {"datetime": "2021-09-24 12:12:18", "elapsed": 50.56046, "delta": 0.514996}}
{"target": 0.24897946812750382, "params": {"eta": 0.38929482490735684, "max_depth": 27.41414680547244, "n_estimators": 29.089855496429966}, "datetime": {"datetime": "2021-09-24 12:12:19", "elapsed": 51.269717, "delta": 0.709257}}
{"target": 0.29163740021912876, "params": {"eta": 0.08060921056222597, "max_depth": 26.93754193355741, "n_estimators": 31.750702101894763}, "datetime": {"datetime": "2021-09-24 12:12:20", "elapsed": 51.997711, "delta": 0.727994}}
{"target": 0.22042722661445036, "params": {"eta": 0.06536447235760784, "max_depth": 25.65900919342114, "n_estimators": 29.749995948100043}, "datetime": {"datetime": "2021-09-24 12:12:20", "elapsed": 52.706931, "delta": 0.70922}}
{"target": 0.1348581793500392, "params": {"eta": 0.6948230748573844, "max_depth": 25.06869157750134, "n_estimators": 50.0}, "datetime": {"datetime": "2021-09-24 12:12:21", "elapsed": 53.569002, "delta": 0.862071}}
{"target": 0.1006728877330807, "params": {"eta": 0.5648749731677879, "max_depth": 27.096034646777433, "n_estimators": 31.398394536991507}, "datetime": {"datetime": "2021-09-24 12:12:22", "elapsed": 54.283998, "delta": 0.714996}}
{"target": 0.07082200253638893, "params": {"eta": 0.7143124498572931, "max_depth": 16.305610053183813, "n_estimators": 41.70455095998966}, "datetime": {"datetime": "2021-09-24 12:12:22", "elapsed": 54.824066, "delta": 0.540068}}
{"target": 0.26933744039124385, "params": {"eta": 0.35659557031438416, "max_depth": 25.256399288976997, "n_estimators": 29.164331409250266}, "datetime": {"datetime": "2021-09-24 12:12:23", "elapsed": 55.532067, "delta": 0.708001}}
{"target": -0.008818045003458064, "params": {"eta": 0.9653467491565254, "max_depth": 24.80265312213301, "n_estimators": 25.00306391157544}, "datetime": {"datetime": "2021-09-24 12:12:24", "elapsed": 56.425067, "delta": 0.893}}
{"target": 0.04722417904357712, "params": {"eta": 0.8035611832281477, "max_depth": 20.471076728064013, "n_estimators": 21.627527024709966}, "datetime": {"datetime": "2021-09-24 12:12:25", "elapsed": 56.984453, "delta": 0.559386}}
{"target": -1.3120156360732778, "params": {"eta": 0.01012076921574875, "max_depth": 26.99717154187018, "n_estimators": 48.88806220515069}, "datetime": {"datetime": "2021-09-24 12:12:25", "elapsed": 57.726457, "delta": 0.742004}}
{"target": 0.30922285149555073, "params": {"eta": 0.15981131516146238, "max_depth": 20.335531249190097, "n_estimators": 28.155343349017127}, "datetime": {"datetime": "2021-09-24 12:12:26", "elapsed": 58.733845, "delta": 1.007388}}
{"target": 0.13663345711549857, "params": {"eta": 0.6943974094211438, "max_depth": 19.656605690162124, "n_estimators": 24.78452605209101}, "datetime": {"datetime": "2021-09-24 12:12:27", "elapsed": 59.281845, "delta": 0.548}}
{"target": 0.27009440529236195, "params": {"eta": 0.07707155805809612, "max_depth": 19.164913656259216, "n_estimators": 27.00733664694736}, "datetime": {"datetime": "2021-09-24 12:12:28", "elapsed": 60.038847, "delta": 0.757002}}
{"target": 0.41418175396090706, "params": {"eta": 0.8355968101060506, "max_depth": 1.1466564938435773, "n_estimators": 15.743834054826177}, "datetime": {"datetime": "2021-09-24 12:12:28", "elapsed": 60.562843, "delta": 0.523996}}
{"target": 0.17948411914065276, "params": {"eta": 0.7267639009182284, "max_depth": 18.73011265483612, "n_estimators": 26.96118737814268}, "datetime": {"datetime": "2021-09-24 12:12:29", "elapsed": 61.102464, "delta": 0.539621}}
{"target": -3.750800120752956, "params": {"eta": 0.001, "max_depth": 27.70760555794181, "n_estimators": 31.572308114856796}, "datetime": {"datetime": "2021-09-24 12:12:29", "elapsed": 61.781466, "delta": 0.679002}}
{"target": -0.021517575573905434, "params": {"eta": 0.047215168392644814, "max_depth": 20.01230492061672, "n_estimators": 27.305453284048138}, "datetime": {"datetime": "2021-09-24 12:12:30", "elapsed": 62.478468, "delta": 0.697002}}
{"target": 0.0856722158037696, "params": {"eta": 0.6074948528119049, "max_depth": 26.6335188218879, "n_estimators": 32.13419834358367}, "datetime": {"datetime": "2021-09-24 12:12:31", "elapsed": 63.191258, "delta": 0.71279}}
{"target": 0.03171591688343889, "params": {"eta": 0.9474814877060926, "max_depth": 21.588006993320356, "n_estimators": 49.24258258057898}, "datetime": {"datetime": "2021-09-24 12:12:31", "elapsed": 63.706994, "delta": 0.515736}}
{"target": 0.4345799486138333, "params": {"eta": 0.4673215726821915, "max_depth": 1.6537751782476682, "n_estimators": 15.975958661272722}, "datetime": {"datetime": "2021-09-24 12:12:32", "elapsed": 64.263998, "delta": 0.557004}}
{"target": 0.016708935257614632, "params": {"eta": 0.8061810654689391, "max_depth": 10.618271243255071, "n_estimators": 46.56298614588984}, "datetime": {"datetime": "2021-09-24 12:12:32", "elapsed": 64.879594, "delta": 0.615596}}
{"target": -1.2558728063660296, "params": {"eta": 0.03197648436598928, "max_depth": 1.0365691472868068, "n_estimators": 15.7278122654414}, "datetime": {"datetime": "2021-09-24 12:12:33", "elapsed": 65.492833, "delta": 0.613239}}
{"target": 0.266633884409749, "params": {"eta": 0.40660737358851823, "max_depth": 27.445997956495553, "n_estimators": 29.115267296492778}, "datetime": {"datetime": "2021-09-24 12:12:34", "elapsed": 66.232484, "delta": 0.739651}}
{"target": 0.3982776637580754, "params": {"eta": 0.5143314946113912, "max_depth": 2.1859493970438635, "n_estimators": 15.53458120747361}, "datetime": {"datetime": "2021-09-24 12:12:35", "elapsed": 67.171662, "delta": 0.939178}}
{"target": 0.24167193833377987, "params": {"eta": 0.8079306764722923, "max_depth": 2.4264143688631066, "n_estimators": 16.146032865977816}, "datetime": {"datetime": "2021-09-24 12:12:36", "elapsed": 67.969663, "delta": 0.798001}}
{"target": 0.2934143201042262, "params": {"eta": 0.08675527974167095, "max_depth": 26.40115303455829, "n_estimators": 31.38265286054821}, "datetime": {"datetime": "2021-09-24 12:12:37", "elapsed": 69.005988, "delta": 1.036325}}
{"target": 0.1790936723254266, "params": {"eta": 0.8214211486043985, "max_depth": 21.86382555654276, "n_estimators": 44.840114860364395}, "datetime": {"datetime": "2021-09-24 12:12:37", "elapsed": 69.840478, "delta": 0.83449}}
{"target": -0.2595256475528047, "params": {"eta": 0.056095752637777586, "max_depth": 2.25545185381718, "n_estimators": 16.279068042196506}, "datetime": {"datetime": "2021-09-24 12:12:38", "elapsed": 70.354477, "delta": 0.513999}}
{"target": 0.40381754949830917, "params": {"eta": 0.890662307377982, "max_depth": 1.2782196803242516, "n_estimators": 16.41503335484144}, "datetime": {"datetime": "2021-09-24 12:12:39", "elapsed": 70.917654, "delta": 0.563177}}
{"target": 0.1956079949551096, "params": {"eta": 0.06304012321554388, "max_depth": 25.733593001176683, "n_estimators": 28.311425177764068}, "datetime": {"datetime": "2021-09-24 12:12:39", "elapsed": 71.729265, "delta": 0.811611}}
{"target": 0.29404956344943345, "params": {"eta": 0.9111456550696385, "max_depth": 2.2156474063211204, "n_estimators": 14.849481430142985}, "datetime": {"datetime": "2021-09-24 12:12:40", "elapsed": 72.380266, "delta": 0.651001}}
{"target": 0.39311273142782965, "params": {"eta": 0.9926651503242474, "max_depth": 1.9752722062814065, "n_estimators": 15.610907822028794}, "datetime": {"datetime": "2021-09-24 12:12:41", "elapsed": 72.977039, "delta": 0.596773}}
{"target": -0.14740197687485912, "params": {"eta": 0.04176622864805182, "max_depth": 18.282603057164852, "n_estimators": 27.320194045280722}, "datetime": {"datetime": "2021-09-24 12:12:41", "elapsed": 73.658299, "delta": 0.68126}}
{"target": 0.298778812485167, "params": {"eta": 0.7647357673290552, "max_depth": 2.890604340046446, "n_estimators": 15.436529480430877}, "datetime": {"datetime": "2021-09-24 12:12:42", "elapsed": 74.306299, "delta": 0.648}}
{"target": 0.39929223239020617, "params": {"eta": 0.15880123064464485, "max_depth": 2.2848664592273455, "n_estimators": 14.703508002103597}, "datetime": {"datetime": "2021-09-24 12:12:42", "elapsed": 74.814939, "delta": 0.50864}}
{"target": 0.3807414999325921, "params": {"eta": 1.0, "max_depth": 1.9274111670418577, "n_estimators": 16.82565226588543}, "datetime": {"datetime": "2021-09-24 12:12:43", "elapsed": 75.563286, "delta": 0.748347}}
{"target": 0.351033028407455, "params": {"eta": 0.41023566159597524, "max_depth": 3.1482555591707078, "n_estimators": 14.649845715400446}, "datetime": {"datetime": "2021-09-24 12:12:44", "elapsed": 76.198919, "delta": 0.635633}}
{"target": 0.3753261046410824, "params": {"eta": 0.5733813992876845, "max_depth": 2.781444827165326, "n_estimators": 14.113882062552912}, "datetime": {"datetime": "2021-09-24 12:12:45", "elapsed": 77.044173, "delta": 0.845254}}
{"target": 0.39546199095849155, "params": {"eta": 0.5779038793220657, "max_depth": 1.8026337005433093, "n_estimators": 13.879550832250809}, "datetime": {"datetime": "2021-09-24 12:12:45", "elapsed": 77.736125, "delta": 0.691952}}
{"target": -1.4654725814329925, "params": {"eta": 0.03181402665268657, "max_depth": 2.2620689340720475, "n_estimators": 13.682089398842583}, "datetime": {"datetime": "2021-09-24 12:12:46", "elapsed": 78.305126, "delta": 0.569001}}
{"target": 0.3779781988601323, "params": {"eta": 0.7745318332633225, "max_depth": 1.6579597470970886, "n_estimators": 14.446768249515257}, "datetime": {"datetime": "2021-09-24 12:12:46", "elapsed": 78.774069, "delta": 0.468943}}
{"target": 0.3991370424705718, "params": {"eta": 0.983879998319411, "max_depth": 1.0441819976127227, "n_estimators": 13.795314902666872}, "datetime": {"datetime": "2021-09-24 12:12:47", "elapsed": 79.414303, "delta": 0.640234}}
{"target": 0.2445625820769859, "params": {"eta": 1.0, "max_depth": 2.2468322417688387, "n_estimators": 14.060304560409017}, "datetime": {"datetime": "2021-09-24 12:12:48", "elapsed": 79.970498, "delta": 0.556195}}
{"target": 0.21720604610464267, "params": {"eta": 0.8085721788606415, "max_depth": 3.448670292291988, "n_estimators": 14.116100705558763}, "datetime": {"datetime": "2021-09-24 12:12:48", "elapsed": 80.72095, "delta": 0.750452}}
{"target": 0.3113148303925747, "params": {"eta": 0.09853401905696654, "max_depth": 23.22374529956231, "n_estimators": 22.134189069460056}, "datetime": {"datetime": "2021-09-24 12:12:49", "elapsed": 81.250952, "delta": 0.530002}}
{"target": 0.38833583559245877, "params": {"eta": 0.6536643750210331, "max_depth": 1.1481779544556159, "n_estimators": 13.17937368364175}, "datetime": {"datetime": "2021-09-24 12:12:50", "elapsed": 82.163949, "delta": 0.912997}}
{"target": -1.5926029502113956, "params": {"eta": 0.12823440482882256, "max_depth": 21.202825561889476, "n_estimators": 3.723776544783723}, "datetime": {"datetime": "2021-09-24 12:12:50", "elapsed": 82.746949, "delta": 0.583}}
{"target": 0.08637170228244417, "params": {"eta": 1.0, "max_depth": 3.6974622794703786, "n_estimators": 15.042322939705967}, "datetime": {"datetime": "2021-09-24 12:12:51", "elapsed": 83.374744, "delta": 0.627795}}
{"target": 0.40270774104903795, "params": {"eta": 0.8698459738556408, "max_depth": 1.2888629002642502, "n_estimators": 17.423054524377648}, "datetime": {"datetime": "2021-09-24 12:12:52", "elapsed": 84.103742, "delta": 0.728998}}
{"target": 0.40615110042610736, "params": {"eta": 0.5552419376107913, "max_depth": 1.8305461570010375, "n_estimators": 17.882486713269355}, "datetime": {"datetime": "2021-09-24 12:12:53", "elapsed": 84.938563, "delta": 0.834821}}
{"target": -2.46162906261164, "params": {"eta": 0.012593451089660507, "max_depth": 1.2652686815445886, "n_estimators": 17.69482127432055}, "datetime": {"datetime": "2021-09-24 12:12:53", "elapsed": 85.558563, "delta": 0.62}}
{"target": 0.23548240937517517, "params": {"eta": 1.0, "max_depth": 2.1776990078770755, "n_estimators": 17.60730369017888}, "datetime": {"datetime": "2021-09-24 12:12:54", "elapsed": 86.365326, "delta": 0.806763}}
{"target": 0.3626179396694563, "params": {"eta": 0.6615485936064822, "max_depth": 2.6070598655515598, "n_estimators": 18.188367671882606}, "datetime": {"datetime": "2021-09-24 12:12:55", "elapsed": 87.101717, "delta": 0.736391}}
{"target": -0.25353481934659383, "params": {"eta": 0.31899860142218944, "max_depth": 18.288076266978848, "n_estimators": 3.8714627625640032}, "datetime": {"datetime": "2021-09-24 12:12:55", "elapsed": 87.662724, "delta": 0.561007}}
{"target": 0.3644159974808837, "params": {"eta": 0.5986708506919985, "max_depth": 2.2595902057410173, "n_estimators": 18.794805664647967}, "datetime": {"datetime": "2021-09-24 12:12:56", "elapsed": 88.570631, "delta": 0.907907}}
{"target": 0.3686391550393897, "params": {"eta": 0.9429567444707256, "max_depth": 1.4179310794549342, "n_estimators": 18.81603601968258}, "datetime": {"datetime": "2021-09-24 12:12:57", "elapsed": 89.505502, "delta": 0.934871}}
{"target": 0.3731501039305174, "params": {"eta": 0.6805101232915052, "max_depth": 1.6484215648680065, "n_estimators": 19.566909112862007}, "datetime": {"datetime": "2021-09-24 12:12:58", "elapsed": 90.095502, "delta": 0.59}}
{"target": -1.1105667631505227, "params": {"eta": 0.4351154945643267, "max_depth": 11.113177215856506, "n_estimators": 1.9337183892695327}, "datetime": {"datetime": "2021-09-24 12:12:58", "elapsed": 90.653502, "delta": 0.558}}
{"target": 0.3747975131263328, "params": {"eta": 0.9890975045226816, "max_depth": 1.448145931238209, "n_estimators": 18.10326209036682}, "datetime": {"datetime": "2021-09-24 12:12:59", "elapsed": 91.288581, "delta": 0.635079}}
{"target": 0.22933759583400326, "params": {"eta": 0.811615059261999, "max_depth": 2.626184299775899, "n_estimators": 19.639449895121682}, "datetime": {"datetime": "2021-09-24 12:13:00", "elapsed": 92.159579, "delta": 0.870998}}
{"target": 0.08096203733079443, "params": {"eta": 0.6459060905684603, "max_depth": 10.193504106703726, "n_estimators": 36.30452557280208}, "datetime": {"datetime": "2021-09-24 12:13:00", "elapsed": 92.882633, "delta": 0.723054}}
{"target": -0.13169923024382757, "params": {"eta": 0.9745776821312683, "max_depth": 6.7628249226796395, "n_estimators": 23.40179981008496}, "datetime": {"datetime": "2021-09-24 12:13:01", "elapsed": 93.668387, "delta": 0.785754}}
{"target": 0.39904789444022304, "params": {"eta": 0.98605213222673, "max_depth": 1.7717871798317781, "n_estimators": 13.331850508411096}, "datetime": {"datetime": "2021-09-24 12:13:02", "elapsed": 94.508384, "delta": 0.839997}}
{"target": 0.3463750515707784, "params": {"eta": 0.41228635307331024, "max_depth": 3.276203951632998, "n_estimators": 18.921360613823023}, "datetime": {"datetime": "2021-09-24 12:13:03", "elapsed": 95.548011, "delta": 1.039627}}
{"target": 0.4049020446172713, "params": {"eta": 0.1186928777142279, "max_depth": 2.2925137303510477, "n_estimators": 19.390177042122914}, "datetime": {"datetime": "2021-09-24 12:13:04", "elapsed": 96.626668, "delta": 1.078657}}
{"target": 0.22085473609114714, "params": {"eta": 0.08047483901247889, "max_depth": 1.5587858537457684, "n_estimators": 19.078785149154875}, "datetime": {"datetime": "2021-09-24 12:13:05", "elapsed": 97.819287, "delta": 1.192619}}
{"target": 0.13454492768615922, "params": {"eta": 0.6706836763793821, "max_depth": 19.35120271915401, "n_estimators": 26.032331467710563}, "datetime": {"datetime": "2021-09-24 12:13:06", "elapsed": 98.664089, "delta": 0.844802}}
{"target": 0.23676950711454925, "params": {"eta": 0.6054231511088458, "max_depth": 3.4967872452135373, "n_estimators": 18.11351007913537}, "datetime": {"datetime": "2021-09-24 12:13:07", "elapsed": 99.442603, "delta": 0.778514}}
{"target": -0.055017692231779325, "params": {"eta": 0.9568311052613891, "max_depth": 21.210333502522186, "n_estimators": 32.906071180925096}, "datetime": {"datetime": "2021-09-24 12:13:08", "elapsed": 100.164608, "delta": 0.722005}}
{"target": 0.40869405371490697, "params": {"eta": 0.1391726464071361, "max_depth": 1.6135243819000906, "n_estimators": 20.288882072284885}, "datetime": {"datetime": "2021-09-24 12:13:09", "elapsed": 101.46817, "delta": 1.303562}}
{"target": 0.38649492749727443, "params": {"eta": 0.10190035961906727, "max_depth": 2.5392553975923056, "n_estimators": 20.417682914941903}, "datetime": {"datetime": "2021-09-24 12:13:10", "elapsed": 102.436172, "delta": 0.968002}}
{"target": 0.35260721735196277, "params": {"eta": 0.6412811098453954, "max_depth": 2.6172398636977974, "n_estimators": 18.213783907039453}, "datetime": {"datetime": "2021-09-24 12:13:11", "elapsed": 103.019004, "delta": 0.582832}}
{"target": 0.04286135923729173, "params": {"eta": 0.8514363591530139, "max_depth": 18.943416002132373, "n_estimators": 30.429684262631874}, "datetime": {"datetime": "2021-09-24 12:13:11", "elapsed": 103.799388, "delta": 0.780384}}
{"target": 0.2907787353683522, "params": {"eta": 0.6880516294978588, "max_depth": 2.0166461221920704, "n_estimators": 20.543787479131364}, "datetime": {"datetime": "2021-09-24 12:13:12", "elapsed": 104.865385, "delta": 1.065997}}
{"target": 0.4261239419617532, "params": {"eta": 0.1642159427973234, "max_depth": 3.0493620287894054, "n_estimators": 19.82276584184203}, "datetime": {"datetime": "2021-09-24 12:13:13", "elapsed": 105.611537, "delta": 0.746152}}
{"target": 0.19637425156900012, "params": {"eta": 0.814852409259047, "max_depth": 3.8442086625596166, "n_estimators": 19.600344111799266}, "datetime": {"datetime": "2021-09-24 12:13:14", "elapsed": 106.46016, "delta": 0.848623}}
{"target": 0.19387904965232472, "params": {"eta": 0.2606905022569228, "max_depth": 14.37253042765347, "n_estimators": 7.6265453585998335}, "datetime": {"datetime": "2021-09-24 12:13:15", "elapsed": 107.041001, "delta": 0.580841}}
{"target": -0.1134993211724098, "params": {"eta": 0.9578345085834935, "max_depth": 5.562796022904101, "n_estimators": 26.933964380171574}, "datetime": {"datetime": "2021-09-24 12:13:15", "elapsed": 107.891997, "delta": 0.850996}}
{"target": 0.3184455608750958, "params": {"eta": 0.4160739817725066, "max_depth": 3.3397157265524724, "n_estimators": 20.697278371050622}, "datetime": {"datetime": "2021-09-24 12:13:17", "elapsed": 109.10254, "delta": 1.210543}}
{"target": 0.43825519833653837, "params": {"eta": 0.18867398038728378, "max_depth": 2.489362591755423, "n_estimators": 21.28460547385212}, "datetime": {"datetime": "2021-09-24 12:13:18", "elapsed": 110.088875, "delta": 0.986335}}
{"target": 0.38023976363479517, "params": {"eta": 0.110886608556989, "max_depth": 1.623448143458824, "n_estimators": 21.22490304169458}, "datetime": {"datetime": "2021-09-24 12:13:19", "elapsed": 111.000381, "delta": 0.911506}}
{"target": 0.35522516095520296, "params": {"eta": 0.24357811956477418, "max_depth": 19.822269287500365, "n_estimators": 24.211819560284}, "datetime": {"datetime": "2021-09-24 12:13:20", "elapsed": 111.986757, "delta": 0.986376}}
{"target": 0.262036108007091, "params": {"eta": 0.9198124938499691, "max_depth": 2.183691990835168, "n_estimators": 21.63657363530878}, "datetime": {"datetime": "2021-09-24 12:13:20", "elapsed": 112.87176, "delta": 0.885003}}
{"target": 0.1806173408413645, "params": {"eta": 0.7250718039780423, "max_depth": 21.529525940241186, "n_estimators": 26.336728514270284}, "datetime": {"datetime": "2021-09-24 12:13:21", "elapsed": 113.689438, "delta": 0.817678}}
{"target": 0.4552230372402908, "params": {"eta": 0.1513615054209743, "max_depth": 2.147061456103013, "n_estimators": 21.99085117956749}, "datetime": {"datetime": "2021-09-24 12:13:23", "elapsed": 114.998438, "delta": 1.309}}
{"target": 0.3511346543993379, "params": {"eta": 0.3667185374336376, "max_depth": 3.245421315794539, "n_estimators": 21.678943158658065}, "datetime": {"datetime": "2021-09-24 12:13:24", "elapsed": 116.16185, "delta": 1.163412}}
{"target": 0.40675437379857005, "params": {"eta": 0.8421323756041394, "max_depth": 1.0043560552328161, "n_estimators": 20.86257894036533}, "datetime": {"datetime": "2021-09-24 12:13:25", "elapsed": 117.091846, "delta": 0.929996}}
