{"target": -122.9408862787978, "params": {"eta": 0.01, "max_depth": 16.386306967655905, "n_estimators": 18.74794428404036}, "datetime": {"datetime": "2021-09-24 16:15:57", "elapsed": 254.325007, "delta": 1.453649}}
{"target": -45.326318611776024, "params": {"eta": 0.16685625594695994, "max_depth": 14.390905333735647, "n_estimators": 20.44500948308043}, "datetime": {"datetime": "2021-09-24 16:15:59", "elapsed": 255.855395, "delta": 1.530388}}
{"target": -46.10526657104492, "params": {"eta": 0.16185836632232953, "max_depth": 17.83592556684506, "n_estimators": 21.224371886133486}, "datetime": {"datetime": "2021-09-24 16:16:00", "elapsed": 257.145108, "delta": 1.289713}}
{"target": -121.72617699687642, "params": {"eta": 0.01, "max_depth": 19.1262766357198, "n_estimators": 19.995152608349155}, "datetime": {"datetime": "2021-09-24 16:16:01", "elapsed": 258.425961, "delta": 1.280853}}
{"target": -51.515963217369595, "params": {"eta": 0.49784045120477416, "max_depth": 13.364109909919957, "n_estimators": 21.47146854365306}, "datetime": {"datetime": "2021-09-24 16:16:03", "elapsed": 259.85976, "delta": 1.433799}}
{"target": -47.43381041333191, "params": {"eta": 0.3267087795419577, "max_depth": 7.773269019284381, "n_estimators": 80.87805851341949}, "datetime": {"datetime": "2021-09-24 16:16:05", "elapsed": 261.962499, "delta": 2.102739}}
{"target": -48.29018014893496, "params": {"eta": 0.3511635328104536, "max_depth": 8.438191371712836, "n_estimators": 82.39428639243098}, "datetime": {"datetime": "2021-09-24 16:16:07", "elapsed": 263.75922, "delta": 1.796721}}
{"target": -47.458969947987036, "params": {"eta": 0.5, "max_depth": 6.798811000519057, "n_estimators": 82.18874391373238}, "datetime": {"datetime": "2021-09-24 16:16:09", "elapsed": 265.543853, "delta": 1.784633}}
{"target": -70.58785982060253, "params": {"eta": 0.01, "max_depth": 7.320731216612455, "n_estimators": 83.64382996703466}, "datetime": {"datetime": "2021-09-24 16:16:10", "elapsed": 267.257884, "delta": 1.714031}}
{"target": -48.77238418464374, "params": {"eta": 0.1824792345324137, "max_depth": 5.820509133100761, "n_estimators": 81.05274039043218}, "datetime": {"datetime": "2021-09-24 16:16:12", "elapsed": 269.277269, "delta": 2.019385}}
{"target": -52.05962541049585, "params": {"eta": 0.5, "max_depth": 4.984605863628913, "n_estimators": 82.37699574491934}, "datetime": {"datetime": "2021-09-24 16:16:14", "elapsed": 270.927953, "delta": 1.650684}}
{"target": -77.4591028170478, "params": {"eta": 0.01, "max_depth": 19.324943114075143, "n_estimators": 70.71444634298349}, "datetime": {"datetime": "2021-09-24 16:16:15", "elapsed": 272.428904, "delta": 1.500951}}
{"target": -51.51229815375536, "params": {"eta": 0.4994658765386136, "max_depth": 15.64525301676274, "n_estimators": 21.08915728463011}, "datetime": {"datetime": "2021-09-24 16:16:17", "elapsed": 274.307051, "delta": 1.878147}}
{"target": -84.32923497651753, "params": {"eta": 0.01, "max_depth": 15.437194846987227, "n_estimators": 59.67838806630266}, "datetime": {"datetime": "2021-09-24 16:16:19", "elapsed": 276.259919, "delta": 1.952868}}
{"target": -118.23274071772296, "params": {"eta": 0.01, "max_depth": 20.564801491234913, "n_estimators": 22.238572582974196}, "datetime": {"datetime": "2021-09-24 16:16:21", "elapsed": 277.642152, "delta": 1.382233}}
{"target": -48.45338009712391, "params": {"eta": 0.4164696769698153, "max_depth": 19.519269832090387, "n_estimators": 24.191229061595987}, "datetime": {"datetime": "2021-09-24 16:16:22", "elapsed": 279.103052, "delta": 1.4609}}
{"target": -47.61803975499662, "params": {"eta": 0.2878178230997242, "max_depth": 11.402741841450723, "n_estimators": 71.97465562266919}, "datetime": {"datetime": "2021-09-24 16:16:24", "elapsed": 280.895818, "delta": 1.792766}}
{"target": -46.34714602707024, "params": {"eta": 0.09038192575045323, "max_depth": 23.08463120661589, "n_estimators": 30.093945839929024}, "datetime": {"datetime": "2021-09-24 16:16:26", "elapsed": 282.509767, "delta": 1.613949}}
{"target": -51.82127182465747, "params": {"eta": 0.4736500563726991, "max_depth": 8.217926253993664, "n_estimators": 69.99285613353982}, "datetime": {"datetime": "2021-09-24 16:16:27", "elapsed": 284.341065, "delta": 1.831298}}
{"target": -78.02426448621247, "params": {"eta": 0.01, "max_depth": 10.31537329137872, "n_estimators": 69.14154666704593}, "datetime": {"datetime": "2021-09-24 16:16:29", "elapsed": 286.290257, "delta": 1.949192}}
{"target": -49.291608021671614, "params": {"eta": 0.41357518819598965, "max_depth": 17.281985015063853, "n_estimators": 22.569928712548098}, "datetime": {"datetime": "2021-09-24 16:16:31", "elapsed": 287.501828, "delta": 1.211571}}
{"target": -76.64431075762985, "params": {"eta": 0.04304294221093512, "max_depth": 6.000366415982469, "n_estimators": 16.85501080703359}, "datetime": {"datetime": "2021-09-24 16:16:32", "elapsed": 289.003067, "delta": 1.501239}}
{"target": -81.68001877634148, "params": {"eta": 0.01, "max_depth": 11.466272394958462, "n_estimators": 63.73436696888744}, "datetime": {"datetime": "2021-09-24 16:16:34", "elapsed": 290.627928, "delta": 1.624861}}
{"target": -47.34934653375382, "params": {"eta": 0.296465042762825, "max_depth": 11.040893364459755, "n_estimators": 61.44440798684795}, "datetime": {"datetime": "2021-09-24 16:16:35", "elapsed": 292.316401, "delta": 1.688473}}
{"target": -48.971822236713614, "params": {"eta": 0.3742850228680375, "max_depth": 17.874486130841078, "n_estimators": 31.853681715621747}, "datetime": {"datetime": "2021-09-24 16:16:37", "elapsed": 294.18852, "delta": 1.872119}}
{"target": -94.62659855892784, "params": {"eta": 0.022761914319412876, "max_depth": 3.842590460571156, "n_estimators": 19.841266896030323}, "datetime": {"datetime": "2021-09-24 16:16:39", "elapsed": 295.844952, "delta": 1.656432}}
{"target": -44.392550074068225, "params": {"eta": 0.21770428619172927, "max_depth": 2.828336665257636, "n_estimators": 21.642020553889072}, "datetime": {"datetime": "2021-09-24 16:16:40", "elapsed": 297.068264, "delta": 1.223312}}
{"target": -47.12575938289327, "params": {"eta": 0.3029576856501539, "max_depth": 5.242531182402566, "n_estimators": 18.575609672623088}, "datetime": {"datetime": "2021-09-24 16:16:41", "elapsed": 298.04846, "delta": 0.980196}}
{"target": -45.17267585697031, "params": {"eta": 0.05565616818635264, "max_depth": 1.8012280743032498, "n_estimators": 71.06397213794114}, "datetime": {"datetime": "2021-09-24 16:16:42", "elapsed": 299.436556, "delta": 1.388096}}
{"target": -48.490031737133975, "params": {"eta": 0.36437225422459135, "max_depth": 12.141674624739561, "n_estimators": 73.1237426263552}, "datetime": {"datetime": "2021-09-24 16:16:44", "elapsed": 300.781246, "delta": 1.34469}}
{"target": -117.68853082871975, "params": {"eta": 0.01, "max_depth": 1.7559477726532622, "n_estimators": 21.956012165942525}, "datetime": {"datetime": "2021-09-24 16:16:45", "elapsed": 302.206206, "delta": 1.42496}}
{"target": -47.93808884011175, "params": {"eta": 0.3897383556747988, "max_depth": 23.442913549526246, "n_estimators": 66.327697623857}, "datetime": {"datetime": "2021-09-24 16:16:46", "elapsed": 303.355106, "delta": 1.1489}}
{"target": -47.656716224842505, "params": {"eta": 0.32012177915951984, "max_depth": 21.05228678265534, "n_estimators": 33.028271718576214}, "datetime": {"datetime": "2021-09-24 16:16:48", "elapsed": 304.449379, "delta": 1.094273}}
{"target": -47.04001878437243, "params": {"eta": 0.28894252140119886, "max_depth": 11.97430432997584, "n_estimators": 67.44489581281256}, "datetime": {"datetime": "2021-09-24 16:16:49", "elapsed": 305.650477, "delta": 1.201098}}
{"target": -46.09422568988083, "params": {"eta": 0.44246811251612095, "max_depth": 2.054085218873583, "n_estimators": 19.22637763358031}, "datetime": {"datetime": "2021-09-24 16:16:50", "elapsed": 307.236677, "delta": 1.5862}}
{"target": -45.030754519584484, "params": {"eta": 0.1854855027847111, "max_depth": 3.5627497015513088, "n_estimators": 21.711578675828093}, "datetime": {"datetime": "2021-09-24 16:16:52", "elapsed": 308.474575, "delta": 1.237898}}
{"target": -44.820498416298314, "params": {"eta": 0.29949684146345934, "max_depth": 1.6211709992484034, "n_estimators": 72.78087457439767}, "datetime": {"datetime": "2021-09-24 16:16:53", "elapsed": 309.892881, "delta": 1.418306}}
{"target": -44.61753862424004, "params": {"eta": 0.16736519654881862, "max_depth": 2.295386360455362, "n_estimators": 75.10438423387423}, "datetime": {"datetime": "2021-09-24 16:16:54", "elapsed": 311.038325, "delta": 1.145444}}
{"target": -46.8653312912561, "params": {"eta": 0.2706163837379553, "max_depth": 9.049133403555498, "n_estimators": 10.390746991986548}, "datetime": {"datetime": "2021-09-24 16:16:55", "elapsed": 311.945321, "delta": 0.906996}}
{"target": -51.087676141495095, "params": {"eta": 0.4877976217767625, "max_depth": 8.861283517187939, "n_estimators": 76.88909489224923}, "datetime": {"datetime": "2021-09-24 16:16:56", "elapsed": 313.283865, "delta": 1.338544}}
{"target": -49.508898197260116, "params": {"eta": 0.19858953238439342, "max_depth": 9.859484284809103, "n_estimators": 10.496184466489442}, "datetime": {"datetime": "2021-09-24 16:16:58", "elapsed": 315.012811, "delta": 1.728946}}
{"target": -43.467417781514335, "params": {"eta": 0.3614338692421902, "max_depth": 2.763576433126433, "n_estimators": 20.921098898842637}, "datetime": {"datetime": "2021-09-24 16:17:00", "elapsed": 316.71393, "delta": 1.701119}}
{"target": -47.40295312637673, "params": {"eta": 0.20326012146500735, "max_depth": 11.33488353098528, "n_estimators": 60.44449963976308}, "datetime": {"datetime": "2021-09-24 16:17:01", "elapsed": 318.406391, "delta": 1.692461}}
{"target": -44.85785256292587, "params": {"eta": 0.4579372601190799, "max_depth": 1.3340907302166922, "n_estimators": 20.534288309700788}, "datetime": {"datetime": "2021-09-24 16:17:03", "elapsed": 320.424393, "delta": 2.018002}}
{"target": -47.387164782760735, "params": {"eta": 0.3680859316800919, "max_depth": 22.8685592175174, "n_estimators": 70.93578846122752}, "datetime": {"datetime": "2021-09-24 16:17:05", "elapsed": 322.239294, "delta": 1.814901}}
{"target": -51.24354874460321, "params": {"eta": 0.47887981995991147, "max_depth": 10.858907394459793, "n_estimators": 75.14166902470467}, "datetime": {"datetime": "2021-09-24 16:17:06", "elapsed": 323.376962, "delta": 1.137668}}
{"target": -53.314657483782085, "params": {"eta": 0.018978376884001676, "max_depth": 18.332867489199945, "n_estimators": 79.50642417423}, "datetime": {"datetime": "2021-09-24 16:17:08", "elapsed": 324.570174, "delta": 1.193212}}
{"target": -48.208493397648176, "params": {"eta": 0.2776716667278071, "max_depth": 8.005446085250426, "n_estimators": 41.58231357586998}, "datetime": {"datetime": "2021-09-24 16:17:09", "elapsed": 326.325608, "delta": 1.755434}}
{"target": -49.075902838456, "params": {"eta": 0.33968680423390973, "max_depth": 7.042447107672366, "n_estimators": 30.172053270413947}, "datetime": {"datetime": "2021-09-24 16:17:10", "elapsed": 327.384461, "delta": 1.058853}}
{"target": -47.557412771354045, "params": {"eta": 0.07408217614505806, "max_depth": 7.717777503444088, "n_estimators": 40.4699620780105}, "datetime": {"datetime": "2021-09-24 16:17:12", "elapsed": 328.483903, "delta": 1.099442}}
{"target": -47.89657899670135, "params": {"eta": 0.2226370570407449, "max_depth": 19.25010005191454, "n_estimators": 73.39252509692025}, "datetime": {"datetime": "2021-09-24 16:17:13", "elapsed": 330.402043, "delta": 1.91814}}
{"target": -44.19399485193697, "params": {"eta": 0.18544860388196346, "max_depth": 20.770115184198698, "n_estimators": 74.32913757360399}, "datetime": {"datetime": "2021-09-24 16:17:15", "elapsed": 331.891068, "delta": 1.489025}}
{"target": -51.174026890804896, "params": {"eta": 0.35915951074547, "max_depth": 4.087630811200523, "n_estimators": 26.236880951020247}, "datetime": {"datetime": "2021-09-24 16:17:16", "elapsed": 332.926814, "delta": 1.035746}}
{"target": -46.54072212276602, "params": {"eta": 0.08547518778319667, "max_depth": 23.10706974890664, "n_estimators": 30.1190855155916}, "datetime": {"datetime": "2021-09-24 16:17:17", "elapsed": 333.98806, "delta": 1.061246}}
{"target": -49.20065709164268, "params": {"eta": 0.450324240438043, "max_depth": 12.07392228701562, "n_estimators": 74.81628387376298}, "datetime": {"datetime": "2021-09-24 16:17:19", "elapsed": 336.065651, "delta": 2.077591}}
{"target": -49.091795799427466, "params": {"eta": 0.4150570837946091, "max_depth": 17.716559770255714, "n_estimators": 73.87088587682962}, "datetime": {"datetime": "2021-09-24 16:17:21", "elapsed": 337.848325, "delta": 1.782674}}
{"target": -47.655544653871004, "params": {"eta": 0.04243588286463824, "max_depth": 1.0203326894161657, "n_estimators": 53.45083642593117}, "datetime": {"datetime": "2021-09-24 16:17:23", "elapsed": 339.955972, "delta": 2.107647}}
{"target": -50.32206510959711, "params": {"eta": 0.4997384897525439, "max_depth": 9.349910418461345, "n_estimators": 11.327430443624307}, "datetime": {"datetime": "2021-09-24 16:17:24", "elapsed": 341.209902, "delta": 1.25393}}
{"target": -45.40062289130419, "params": {"eta": 0.1675957488414792, "max_depth": 17.531342401867256, "n_estimators": 29.90750669839087}, "datetime": {"datetime": "2021-09-24 16:17:26", "elapsed": 343.283465, "delta": 2.073563}}
{"target": -49.369979177202495, "params": {"eta": 0.47216989060815334, "max_depth": 2.927313860235726, "n_estimators": 72.76402092293834}, "datetime": {"datetime": "2021-09-24 16:17:28", "elapsed": 345.125506, "delta": 1.842041}}
{"target": -48.87390954153879, "params": {"eta": 0.4062681308164261, "max_depth": 21.213844637499037, "n_estimators": 73.22910343874067}, "datetime": {"datetime": "2021-09-24 16:17:30", "elapsed": 347.00804, "delta": 1.882534}}
{"target": -47.17617020571142, "params": {"eta": 0.44352366913802627, "max_depth": 12.632066619437982, "n_estimators": 61.89673512236471}, "datetime": {"datetime": "2021-09-24 16:17:32", "elapsed": 348.855843, "delta": 1.847803}}
{"target": -50.77678450964447, "params": {"eta": 0.49046155776055655, "max_depth": 11.293628294034812, "n_estimators": 75.9877190234843}, "datetime": {"datetime": "2021-09-24 16:17:34", "elapsed": 350.687261, "delta": 1.831418}}
{"target": -49.72510990343596, "params": {"eta": 0.5, "max_depth": 10.892397367193047, "n_estimators": 41.39819198922774}, "datetime": {"datetime": "2021-09-24 16:17:36", "elapsed": 352.912638, "delta": 2.225377}}
{"target": -48.99261580732532, "params": {"eta": 0.47777770239815875, "max_depth": 23.033650506176393, "n_estimators": 73.52567661669639}, "datetime": {"datetime": "2021-09-24 16:17:38", "elapsed": 354.859438, "delta": 1.9468}}
{"target": -52.62410609883473, "params": {"eta": 0.48956763480041515, "max_depth": 11.747089835270664, "n_estimators": 65.39084360008724}, "datetime": {"datetime": "2021-09-24 16:17:41", "elapsed": 357.509858, "delta": 2.65042}}
{"target": -44.668407354139745, "params": {"eta": 0.5, "max_depth": 1.0, "n_estimators": 23.330455429296634}, "datetime": {"datetime": "2021-09-24 16:17:42", "elapsed": 359.250549, "delta": 1.740691}}
{"target": -84.18404527535115, "params": {"eta": 0.01, "max_depth": 10.229668674298624, "n_estimators": 59.3044644553729}, "datetime": {"datetime": "2021-09-24 16:17:44", "elapsed": 361.274772, "delta": 2.024223}}
{"target": -52.97382503882387, "params": {"eta": 0.499840328890809, "max_depth": 12.259771296485269, "n_estimators": 59.692806390338276}, "datetime": {"datetime": "2021-09-24 16:17:47", "elapsed": 363.926443, "delta": 2.651671}}
{"target": -49.049330890626834, "params": {"eta": 0.4505005236970104, "max_depth": 7.741233591738323, "n_estimators": 17.892209918501514}, "datetime": {"datetime": "2021-09-24 16:17:49", "elapsed": 366.357625, "delta": 2.431182}}
{"target": -46.137305152147334, "params": {"eta": 0.11270075498639968, "max_depth": 9.883201068974458, "n_estimators": 61.52520468252611}, "datetime": {"datetime": "2021-09-24 16:17:51", "elapsed": 368.364735, "delta": 2.00711}}
{"target": -44.02375334546082, "params": {"eta": 0.4127167638395993, "max_depth": 1.1627768651235861, "n_estimators": 15.814380636810261}, "datetime": {"datetime": "2021-09-24 16:17:54", "elapsed": 370.546774, "delta": 2.182039}}
{"target": -50.84129003653849, "params": {"eta": 0.5, "max_depth": 11.809210393808113, "n_estimators": 39.62281423515129}, "datetime": {"datetime": "2021-09-24 16:17:56", "elapsed": 372.541114, "delta": 1.99434}}
{"target": -49.876392550934526, "params": {"eta": 0.30560905075625155, "max_depth": 6.327068027019051, "n_estimators": 71.28312146727534}, "datetime": {"datetime": "2021-09-24 16:17:58", "elapsed": 374.838172, "delta": 2.297058}}
{"target": -46.015026006483495, "params": {"eta": 0.07126933279741449, "max_depth": 24.075529164994066, "n_estimators": 72.34704642062744}, "datetime": {"datetime": "2021-09-24 16:18:00", "elapsed": 377.22718, "delta": 2.389008}}
{"target": -53.63966976968866, "params": {"eta": 0.4412260906756454, "max_depth": 3.941695506706691, "n_estimators": 70.3251976672583}, "datetime": {"datetime": "2021-09-24 16:18:03", "elapsed": 379.987739, "delta": 2.760559}}
{"target": -46.84414288513643, "params": {"eta": 0.13830229099542488, "max_depth": 12.542657149211239, "n_estimators": 16.24622072529221}, "datetime": {"datetime": "2021-09-24 16:18:04", "elapsed": 381.386635, "delta": 1.398896}}
{"target": -47.65306429755419, "params": {"eta": 0.4661297329198106, "max_depth": 18.301233584182167, "n_estimators": 75.25616095261034}, "datetime": {"datetime": "2021-09-24 16:18:07", "elapsed": 383.811293, "delta": 2.424658}}
{"target": -51.65541065187382, "params": {"eta": 0.5, "max_depth": 16.608092823194557, "n_estimators": 32.12760493096748}, "datetime": {"datetime": "2021-09-24 16:18:09", "elapsed": 386.139116, "delta": 2.327823}}
{"target": -46.687268622835774, "params": {"eta": 0.4299805913768858, "max_depth": 7.247027434002604, "n_estimators": 67.53211686215164}, "datetime": {"datetime": "2021-09-24 16:18:11", "elapsed": 388.337889, "delta": 2.198773}}
{"target": -45.96618675289297, "params": {"eta": 0.3958114141427881, "max_depth": 21.553524181653234, "n_estimators": 75.28465145512057}, "datetime": {"datetime": "2021-09-24 16:18:14", "elapsed": 390.667261, "delta": 2.329372}}
{"target": -80.32560193628296, "params": {"eta": 0.020956197937482077, "max_depth": 24.63586556022946, "n_estimators": 31.212216202518697}, "datetime": {"datetime": "2021-09-24 16:18:16", "elapsed": 392.746572, "delta": 2.079311}}
{"target": -48.222977745801884, "params": {"eta": 0.13086520733699797, "max_depth": 24.83199633461668, "n_estimators": 29.118104080550697}, "datetime": {"datetime": "2021-09-24 16:18:18", "elapsed": 395.397467, "delta": 2.650895}}
{"target": -76.9348325801075, "params": {"eta": 0.01, "max_depth": 15.148867804915854, "n_estimators": 71.2996321597077}, "datetime": {"datetime": "2021-09-24 16:18:20", "elapsed": 397.437105, "delta": 2.039638}}
{"target": -45.85470555240946, "params": {"eta": 0.10823624810019679, "max_depth": 3.250496811689212, "n_estimators": 18.085056516812568}, "datetime": {"datetime": "2021-09-24 16:18:22", "elapsed": 398.939042, "delta": 1.501937}}
{"target": -43.94341954969822, "params": {"eta": 0.4514215251748972, "max_depth": 1.9097739526792488, "n_estimators": 15.112557817888854}, "datetime": {"datetime": "2021-09-24 16:18:24", "elapsed": 400.490266, "delta": 1.551224}}
{"target": -48.73140885776147, "params": {"eta": 0.14534495044078719, "max_depth": 7.9354725380129745, "n_estimators": 72.22965643255945}, "datetime": {"datetime": "2021-09-24 16:18:25", "elapsed": 402.338135, "delta": 1.847869}}
{"target": -48.87332520449072, "params": {"eta": 0.13796033435538294, "max_depth": 6.960255011506196, "n_estimators": 59.089236609450005}, "datetime": {"datetime": "2021-09-24 16:18:28", "elapsed": 405.009333, "delta": 2.671198}}
{"target": -47.17002977643694, "params": {"eta": 0.07364872214246793, "max_depth": 9.01103310902192, "n_estimators": 38.38714000744264}, "datetime": {"datetime": "2021-09-24 16:18:30", "elapsed": 407.436289, "delta": 2.426956}}
{"target": -48.05744853772615, "params": {"eta": 0.32519902560224667, "max_depth": 12.775147276586987, "n_estimators": 70.68871456799543}, "datetime": {"datetime": "2021-09-24 16:18:33", "elapsed": 409.916139, "delta": 2.47985}}
{"target": -48.41629653586481, "params": {"eta": 0.48213028094683935, "max_depth": 16.944723218693994, "n_estimators": 29.029773938888617}, "datetime": {"datetime": "2021-09-24 16:18:35", "elapsed": 412.248365, "delta": 2.332226}}
{"target": -48.417717295481744, "params": {"eta": 0.34826532768907054, "max_depth": 7.589406550303774, "n_estimators": 58.06702635990143}, "datetime": {"datetime": "2021-09-24 16:18:39", "elapsed": 415.6962, "delta": 3.447835}}
{"target": -49.75275507188381, "params": {"eta": 0.04802354183294342, "max_depth": 14.401582154053582, "n_estimators": 40.72416632532998}, "datetime": {"datetime": "2021-09-24 16:18:41", "elapsed": 418.02413, "delta": 2.32793}}
{"target": -82.28235821257857, "params": {"eta": 0.01066997534487943, "max_depth": 6.787305469718691, "n_estimators": 57.16456069847263}, "datetime": {"datetime": "2021-09-24 16:18:44", "elapsed": 420.851129, "delta": 2.826999}}
{"target": -48.60607353726724, "params": {"eta": 0.2445930296881162, "max_depth": 5.4567635381141715, "n_estimators": 58.73114038735126}, "datetime": {"datetime": "2021-09-24 16:18:47", "elapsed": 424.333008, "delta": 3.481879}}
{"target": -52.12059121382864, "params": {"eta": 0.47309562295740876, "max_depth": 8.880109248312202, "n_estimators": 57.75828055087145}, "datetime": {"datetime": "2021-09-24 16:18:50", "elapsed": 426.964445, "delta": 2.631437}}
{"target": -48.777300727098506, "params": {"eta": 0.027069401923286537, "max_depth": 8.59135093260691, "n_estimators": 74.9012461030768}, "datetime": {"datetime": "2021-09-24 16:18:54", "elapsed": 430.838993, "delta": 3.874548}}
