{"target": -47.66004384549937, "params": {"eta": 0.44979047563330266, "max_depth": 2.131504040806189, "n_estimators": 44.70105288563342}, "datetime": {"datetime": "2021-09-24 16:14:53", "elapsed": 628.122802, "delta": 2.698728}}
{"target": -43.275079942287356, "params": {"eta": 0.13522342900311105, "max_depth": 2.3545997810305592, "n_estimators": 40.09379036174352}, "datetime": {"datetime": "2021-09-24 16:14:55", "elapsed": 630.129263, "delta": 2.006461}}
{"target": -44.0743072337674, "params": {"eta": 0.08988126650948042, "max_depth": 2.7540936706672148, "n_estimators": 87.36989116487352}, "datetime": {"datetime": "2021-09-24 16:14:58", "elapsed": 633.210903, "delta": 3.08164}}
{"target": -45.002237821880136, "params": {"eta": 0.055541720336411, "max_depth": 2.875542500472098, "n_estimators": 42.692357227568856}, "datetime": {"datetime": "2021-09-24 16:15:00", "elapsed": 635.209464, "delta": 1.998561}}
{"target": -43.636601326160864, "params": {"eta": 0.11087501446769532, "max_depth": 2.550908596412702, "n_estimators": 67.73460599989792}, "datetime": {"datetime": "2021-09-24 16:15:02", "elapsed": 637.230111, "delta": 2.020647}}
{"target": -43.646608510411774, "params": {"eta": 0.32473464562208953, "max_depth": 1.9562481603926805, "n_estimators": 20.35847855718327}, "datetime": {"datetime": "2021-09-24 16:15:04", "elapsed": 639.19377, "delta": 1.963659}}
{"target": -44.367008065818844, "params": {"eta": 0.1344988323754165, "max_depth": 3.237580167651312, "n_estimators": 43.612301211046855}, "datetime": {"datetime": "2021-09-24 16:15:07", "elapsed": 642.090673, "delta": 2.896903}}
{"target": -44.43003839478457, "params": {"eta": 0.12985494311692822, "max_depth": 3.50731378177942, "n_estimators": 42.61894443506208}, "datetime": {"datetime": "2021-09-24 16:15:09", "elapsed": 644.640629, "delta": 2.549956}}
{"target": -46.38884227437184, "params": {"eta": 0.05, "max_depth": 3.0634677680429814, "n_estimators": 41.99091054696522}, "datetime": {"datetime": "2021-09-24 16:15:13", "elapsed": 647.85227, "delta": 3.211641}}
{"target": -52.59453350440004, "params": {"eta": 0.42075467520202164, "max_depth": 4.068594700033864, "n_estimators": 87.64223136260753}, "datetime": {"datetime": "2021-09-24 16:15:15", "elapsed": 650.180745, "delta": 2.328475}}
{"target": -45.463095815558184, "params": {"eta": 0.22530141278073057, "max_depth": 3.9874851741696187, "n_estimators": 42.25655206011441}, "datetime": {"datetime": "2021-09-24 16:15:17", "elapsed": 652.176352, "delta": 1.995607}}
{"target": -45.01827526809578, "params": {"eta": 0.05849146958959663, "max_depth": 1.9909649570735883, "n_estimators": 68.04842558982335}, "datetime": {"datetime": "2021-09-24 16:15:21", "elapsed": 656.549385, "delta": 4.373033}}
{"target": -44.49948579028137, "params": {"eta": 0.05, "max_depth": 3.0601315116089385, "n_estimators": 74.58862628300585}, "datetime": {"datetime": "2021-09-24 16:15:25", "elapsed": 659.866665, "delta": 3.31728}}
{"target": -49.60709979121847, "params": {"eta": 0.49476632546734695, "max_depth": 3.0601945894212754, "n_estimators": 43.0549892181003}, "datetime": {"datetime": "2021-09-24 16:15:28", "elapsed": 662.983504, "delta": 3.116839}}
{"target": -42.674279865465664, "params": {"eta": 0.20963913820863828, "max_depth": 1.8261017057195414, "n_estimators": 76.23953589228113}, "datetime": {"datetime": "2021-09-24 16:15:31", "elapsed": 666.109628, "delta": 3.126124}}
{"target": -44.646280073581785, "params": {"eta": 0.43382174091554343, "max_depth": 1.8426706654503873, "n_estimators": 76.8354278034098}, "datetime": {"datetime": "2021-09-24 16:15:34", "elapsed": 668.876703, "delta": 2.767075}}
{"target": -44.33724909617489, "params": {"eta": 0.48614914619921984, "max_depth": 2.058006841068479, "n_estimators": 19.842654575859715}, "datetime": {"datetime": "2021-09-24 16:15:36", "elapsed": 671.708151, "delta": 2.831448}}
{"target": -44.237178687762494, "params": {"eta": 0.432958400798658, "max_depth": 1.3031267957462767, "n_estimators": 76.0389866369418}, "datetime": {"datetime": "2021-09-24 16:15:39", "elapsed": 674.396326, "delta": 2.688175}}
{"target": -64.60990739406499, "params": {"eta": 0.05, "max_depth": 1.3776849477907636, "n_estimators": 17.340506548312792}, "datetime": {"datetime": "2021-09-24 16:15:42", "elapsed": 677.308393, "delta": 2.912067}}
{"target": -43.697710194982086, "params": {"eta": 0.125307048966552, "max_depth": 2.594450476563535, "n_estimators": 54.2291740862869}, "datetime": {"datetime": "2021-09-24 16:15:44", "elapsed": 679.394782, "delta": 2.086389}}
{"target": -43.47705210061898, "params": {"eta": 0.07734241975461918, "max_depth": 2.196196029764963, "n_estimators": 53.32459305415755}, "datetime": {"datetime": "2021-09-24 16:15:47", "elapsed": 682.464362, "delta": 3.06958}}
{"target": -43.952243489430366, "params": {"eta": 0.056950376032552714, "max_depth": 2.1529752624621286, "n_estimators": 52.235019029728505}, "datetime": {"datetime": "2021-09-24 16:15:50", "elapsed": 685.10571, "delta": 2.641348}}
{"target": -42.98274030183491, "params": {"eta": 0.20322254218671715, "max_depth": 1.2462324681053425, "n_estimators": 58.201891841977684}, "datetime": {"datetime": "2021-09-24 16:15:53", "elapsed": 688.564778, "delta": 3.459068}}
{"target": -43.34136102432595, "params": {"eta": 0.12856063129131715, "max_depth": 2.7985463036705824, "n_estimators": 47.11802157900825}, "datetime": {"datetime": "2021-09-24 16:15:55", "elapsed": 690.700765, "delta": 2.135987}}
{"target": -46.25383666762732, "params": {"eta": 0.05, "max_depth": 1.5068051308646149, "n_estimators": 58.72348176176709}, "datetime": {"datetime": "2021-09-24 16:15:58", "elapsed": 693.431222, "delta": 2.730457}}
{"target": -47.11811997836694, "params": {"eta": 0.3761990217993362, "max_depth": 2.679961063248748, "n_estimators": 46.34332343172141}, "datetime": {"datetime": "2021-09-24 16:16:02", "elapsed": 697.453166, "delta": 4.021944}}
{"target": -44.90046149805973, "params": {"eta": 0.24031929664280288, "max_depth": 2.3588912622368987, "n_estimators": 36.48737800821215}, "datetime": {"datetime": "2021-09-24 16:16:04", "elapsed": 699.649903, "delta": 2.196737}}
{"target": -45.322576881351324, "params": {"eta": 0.10521323888934231, "max_depth": 3.17008905391875, "n_estimators": 47.950745404356866}, "datetime": {"datetime": "2021-09-24 16:16:09", "elapsed": 704.721966, "delta": 5.072063}}
{"target": -47.01798365886946, "params": {"eta": 0.4512010851112356, "max_depth": 3.138789496533414, "n_estimators": 43.669070313078095}, "datetime": {"datetime": "2021-09-24 16:16:11", "elapsed": 706.77807, "delta": 2.056104}}
{"target": -45.535395916243246, "params": {"eta": 0.498969263060549, "max_depth": 2.2404578270438043, "n_estimators": 17.714577270433704}, "datetime": {"datetime": "2021-09-24 16:16:16", "elapsed": 711.010314, "delta": 4.232244}}
{"target": -44.18889127458845, "params": {"eta": 0.0702401545953855, "max_depth": 3.1873412942524473, "n_estimators": 67.82256275016722}, "datetime": {"datetime": "2021-09-24 16:16:19", "elapsed": 714.127658, "delta": 3.117344}}
{"target": -42.84580027071157, "params": {"eta": 0.2571503520457957, "max_depth": 1.2822967907946916, "n_estimators": 86.88466398781915}, "datetime": {"datetime": "2021-09-24 16:16:21", "elapsed": 716.186563, "delta": 2.058905}}
{"target": -45.671312117038816, "params": {"eta": 0.4900602202062625, "max_depth": 1.4326493736700479, "n_estimators": 97.23097064947976}, "datetime": {"datetime": "2021-09-24 16:16:25", "elapsed": 719.952079, "delta": 3.765516}}
{"target": -43.805402597986664, "params": {"eta": 0.07211006744835527, "max_depth": 1.9031583580253644, "n_estimators": 93.1707262124202}, "datetime": {"datetime": "2021-09-24 16:16:28", "elapsed": 723.299471, "delta": 3.347392}}
{"target": -52.82320874436457, "params": {"eta": 0.05, "max_depth": 3.3606039805525825, "n_estimators": 26.375918191997798}, "datetime": {"datetime": "2021-09-24 16:16:31", "elapsed": 726.42924, "delta": 3.129769}}
{"target": -46.83174715544048, "params": {"eta": 0.23765990211615828, "max_depth": 3.8812979737686324, "n_estimators": 100.02287496346898}, "datetime": {"datetime": "2021-09-24 16:35:33", "elapsed": 0.0, "delta": 0.0}}
{"target": -42.775177977138895, "params": {"eta": 0.1860496576843279, "max_depth": 1.5870235632684522, "n_estimators": 118.46771895375956}, "datetime": {"datetime": "2021-09-24 16:35:33", "elapsed": 0.143005, "delta": 0.143005}}
{"target": -46.420956418030244, "params": {"eta": 0.1338170951199519, "max_depth": 2.382242908172191, "n_estimators": 179.35349484613397}, "datetime": {"datetime": "2021-09-24 16:35:33", "elapsed": 0.398997, "delta": 0.255992}}
{"target": -51.2960834431469, "params": {"eta": 0.2924675303015106, "max_depth": 2.676778057613179, "n_estimators": 237.04390007935189}, "datetime": {"datetime": "2021-09-24 16:35:34", "elapsed": 0.933063, "delta": 0.534066}}
{"target": -43.81828130277476, "params": {"eta": 0.3011903451369494, "max_depth": 1.5673643502728507, "n_estimators": 117.36258514223192}, "datetime": {"datetime": "2021-09-24 16:35:34", "elapsed": 1.259196, "delta": 0.326133}}
{"target": -48.88169058462731, "params": {"eta": 0.32323784953900625, "max_depth": 2.444319171152967, "n_estimators": 123.25140782273196}, "datetime": {"datetime": "2021-09-24 16:35:35", "elapsed": 1.969012, "delta": 0.709816}}
{"target": -46.148266613035275, "params": {"eta": 0.05, "max_depth": 4.023409340265101, "n_estimators": 118.46868368043721}, "datetime": {"datetime": "2021-09-24 16:35:35", "elapsed": 2.465014, "delta": 0.496002}}
{"target": -45.292072755053525, "params": {"eta": 0.4306135718312541, "max_depth": 1.143649841061333, "n_estimators": 119.92072276296477}, "datetime": {"datetime": "2021-09-24 16:35:36", "elapsed": 3.045011, "delta": 0.579997}}
{"target": -44.23118143870418, "params": {"eta": 0.05, "max_depth": 1.0, "n_estimators": 113.15300310211728}, "datetime": {"datetime": "2021-09-24 16:35:36", "elapsed": 3.482301, "delta": 0.43729}}
{"target": -43.98634797289856, "params": {"eta": 0.05635429323198565, "max_depth": 1.3146690659944475, "n_estimators": 110.44966577430813}, "datetime": {"datetime": "2021-09-24 16:35:37", "elapsed": 3.930303, "delta": 0.448002}}
{"target": -48.05583679944949, "params": {"eta": 0.43941082952992416, "max_depth": 3.8041360652879, "n_estimators": 111.77235183896781}, "datetime": {"datetime": "2021-09-24 16:35:37", "elapsed": 4.47631, "delta": 0.546007}}
{"target": -42.800816786916634, "params": {"eta": 0.21899532133620309, "max_depth": 1.110805716163544, "n_estimators": 108.17620798305705}, "datetime": {"datetime": "2021-09-24 16:35:38", "elapsed": 4.919313, "delta": 0.443003}}
{"target": -44.36810434671273, "params": {"eta": 0.05, "max_depth": 1.0, "n_estimators": 105.89345234354815}, "datetime": {"datetime": "2021-09-24 16:35:38", "elapsed": 5.291311, "delta": 0.371998}}
{"target": -44.76262865568462, "params": {"eta": 0.05, "max_depth": 3.2980777215081694, "n_estimators": 107.42297066022644}, "datetime": {"datetime": "2021-09-24 16:35:39", "elapsed": 5.780307, "delta": 0.488996}}
{"target": -44.582458094546666, "params": {"eta": 0.18289595368209705, "max_depth": 1.6564207940093847, "n_estimators": 276.173575696228}, "datetime": {"datetime": "2021-09-24 16:35:40", "elapsed": 7.198036, "delta": 1.417729}}
{"target": -49.842877438193874, "params": {"eta": 0.33640010009877636, "max_depth": 3.960504217066237, "n_estimators": 278.81493554722414}, "datetime": {"datetime": "2021-09-24 16:35:41", "elapsed": 8.333561, "delta": 1.135525}}
{"target": -48.59413892702949, "params": {"eta": 0.4826988156998038, "max_depth": 1.034722080684701, "n_estimators": 273.06357298908284}, "datetime": {"datetime": "2021-09-24 16:35:42", "elapsed": 8.961558, "delta": 0.627997}}
{"target": -49.659453700359606, "params": {"eta": 0.44825800221242557, "max_depth": 4.134382907455972, "n_estimators": 104.43460208312361}, "datetime": {"datetime": "2021-09-24 16:35:42", "elapsed": 9.415768, "delta": 0.45421}}
{"target": -43.168568603974535, "params": {"eta": 0.05, "max_depth": 2.356912552318927, "n_estimators": 108.99416416982966}, "datetime": {"datetime": "2021-09-24 16:35:43", "elapsed": 9.941663, "delta": 0.525895}}
{"target": -53.63619906203191, "params": {"eta": 0.38372746806343727, "max_depth": 4.87568429747949, "n_estimators": 206.72915477788905}, "datetime": {"datetime": "2021-09-24 16:35:44", "elapsed": 11.05222, "delta": 1.110557}}
{"target": -51.162504282212794, "params": {"eta": 0.427345309686106, "max_depth": 3.2508923544295962, "n_estimators": 169.8494725050688}, "datetime": {"datetime": "2021-09-24 16:35:45", "elapsed": 11.640343, "delta": 0.588123}}
{"target": -43.682167712907145, "params": {"eta": 0.05, "max_depth": 2.045251573512524, "n_estimators": 186.42666068084583}, "datetime": {"datetime": "2021-09-24 16:35:45", "elapsed": 12.243017, "delta": 0.602674}}
{"target": -47.35116696178465, "params": {"eta": 0.21802833242471653, "max_depth": 4.8688023837221515, "n_estimators": 188.17103654541185}, "datetime": {"datetime": "2021-09-24 16:35:46", "elapsed": 13.257264, "delta": 1.014247}}
{"target": -47.3637226470431, "params": {"eta": 0.5, "max_depth": 1.0, "n_estimators": 183.8086531922118}, "datetime": {"datetime": "2021-09-24 16:35:47", "elapsed": 13.708909, "delta": 0.451645}}
{"target": -43.35449115495037, "params": {"eta": 0.05, "max_depth": 1.0, "n_estimators": 188.90878197740764}, "datetime": {"datetime": "2021-09-24 16:35:47", "elapsed": 14.224683, "delta": 0.515774}}
{"target": -45.23453571384115, "params": {"eta": 0.33345964133518863, "max_depth": 1.0644354466471215, "n_estimators": 192.22473823103078}, "datetime": {"datetime": "2021-09-24 16:35:48", "elapsed": 14.846689, "delta": 0.622006}}
{"target": -43.25131242795098, "params": {"eta": 0.05, "max_depth": 1.0, "n_estimators": 197.2456223206178}, "datetime": {"datetime": "2021-09-24 16:35:48", "elapsed": 15.473713, "delta": 0.627024}}
{"target": -46.45829569307485, "params": {"eta": 0.1220853339574148, "max_depth": 3.9066871994981174, "n_estimators": 196.63951683416315}, "datetime": {"datetime": "2021-09-24 16:35:49", "elapsed": 16.560938, "delta": 1.087225}}
{"target": -43.07263940796816, "params": {"eta": 0.1458345203862263, "max_depth": 1.2653096641564008, "n_estimators": 200.20312514789347}, "datetime": {"datetime": "2021-09-24 16:35:50", "elapsed": 17.17794, "delta": 0.617002}}
{"target": -48.646175470567286, "params": {"eta": 0.22056418561707886, "max_depth": 4.969251234901908, "n_estimators": 146.36102008258973}, "datetime": {"datetime": "2021-09-24 16:35:51", "elapsed": 17.876632, "delta": 0.698692}}
{"target": -47.62425817224316, "params": {"eta": 0.5, "max_depth": 3.8266517854941107, "n_estimators": 200.37209662499563}, "datetime": {"datetime": "2021-09-24 16:35:52", "elapsed": 18.879025, "delta": 1.002393}}
{"target": -49.098314772871205, "params": {"eta": 0.4962927889886539, "max_depth": 1.2006993837709357, "n_estimators": 299.91228310421434}, "datetime": {"datetime": "2021-09-24 16:35:53", "elapsed": 19.762485, "delta": 0.88346}}
{"target": -48.331399645124165, "params": {"eta": 0.05, "max_depth": 5.0, "n_estimators": 255.60241667153267}, "datetime": {"datetime": "2021-09-24 16:35:54", "elapsed": 21.024274, "delta": 1.261789}}
{"target": -46.16272432553141, "params": {"eta": 0.3851710386793987, "max_depth": 1.1191105365397171, "n_estimators": 221.97435280357251}, "datetime": {"datetime": "2021-09-24 16:35:55", "elapsed": 21.713766, "delta": 0.689492}}
{"target": -48.192340707420406, "params": {"eta": 0.05, "max_depth": 5.0, "n_estimators": 226.24299029107212}, "datetime": {"datetime": "2021-09-24 16:35:56", "elapsed": 23.305997, "delta": 1.592231}}
{"target": -43.22377845936252, "params": {"eta": 0.05, "max_depth": 1.0, "n_estimators": 216.60481909933142}, "datetime": {"datetime": "2021-09-24 16:35:57", "elapsed": 23.84018, "delta": 0.534183}}
{"target": -45.068814700707456, "params": {"eta": 0.05, "max_depth": 3.708443194236854, "n_estimators": 216.94426995748952}, "datetime": {"datetime": "2021-09-24 16:35:58", "elapsed": 25.026354, "delta": 1.186174}}
{"target": -47.347210331967005, "params": {"eta": 0.4662917902281386, "max_depth": 1.2884619895652918, "n_estimators": 214.17117465911872}, "datetime": {"datetime": "2021-09-24 16:35:59", "elapsed": 25.805967, "delta": 0.779613}}
{"target": -43.02089071632328, "params": {"eta": 0.12608015494852703, "max_depth": 1.0799840873246458, "n_estimators": 218.7979368178487}, "datetime": {"datetime": "2021-09-24 16:35:59", "elapsed": 26.456477, "delta": 0.65051}}
{"target": -44.45981473133976, "params": {"eta": 0.3357778993174934, "max_depth": 1.1863798115560145, "n_estimators": 135.34220860991832}, "datetime": {"datetime": "2021-09-24 16:36:00", "elapsed": 27.087475, "delta": 0.630998}}
{"target": -52.73881144989702, "params": {"eta": 0.5, "max_depth": 4.7618696361648105, "n_estimators": 134.73902373902874}, "datetime": {"datetime": "2021-09-24 16:36:01", "elapsed": 28.1744, "delta": 1.086925}}
{"target": -43.35624786606409, "params": {"eta": 0.06381799783499598, "max_depth": 1.0576976393009305, "n_estimators": 139.0081340304019}, "datetime": {"datetime": "2021-09-24 16:36:02", "elapsed": 29.029347, "delta": 0.854947}}
{"target": -46.28058232221388, "params": {"eta": 0.46025750838417084, "max_depth": 1.067648449845807, "n_estimators": 141.52550059745028}, "datetime": {"datetime": "2021-09-24 16:36:03", "elapsed": 30.077343, "delta": 1.047996}}
{"target": -46.00181430443785, "params": {"eta": 0.23765990211615828, "max_depth": 2.440648986884316, "n_estimators": 100.02287496346898}, "datetime": {"datetime": "2021-09-24 16:36:07", "elapsed": 0.0, "delta": 0.0}}
{"target": -42.775177977138895, "params": {"eta": 0.1860496576843279, "max_depth": 1.293511781634226, "n_estimators": 118.46771895375956}, "datetime": {"datetime": "2021-09-24 16:36:07", "elapsed": 0.135, "delta": 0.135}}
{"target": -42.972983711644225, "params": {"eta": 0.1338170951199519, "max_depth": 1.6911214540860955, "n_estimators": 179.35349484613397}, "datetime": {"datetime": "2021-09-24 16:36:07", "elapsed": 0.399213, "delta": 0.264213}}
{"target": -45.58170496790033, "params": {"eta": 0.2924675303015106, "max_depth": 1.8383890288065896, "n_estimators": 237.04390007935189}, "datetime": {"datetime": "2021-09-24 16:36:08", "elapsed": 0.703219, "delta": 0.304006}}
{"target": -42.765811719392474, "params": {"eta": 0.18860426186940032, "max_depth": 1.4766178168136455, "n_estimators": 118.50067163012079}, "datetime": {"datetime": "2021-09-24 16:36:08", "elapsed": 0.950219, "delta": 0.247}}
{"target": -46.571429819092714, "params": {"eta": 0.1730440585845739, "max_depth": 2.2439809490486406, "n_estimators": 132.96904859797004}, "datetime": {"datetime": "2021-09-24 16:36:08", "elapsed": 1.574219, "delta": 0.624}}
{"target": -47.62980294406862, "params": {"eta": 0.5, "max_depth": 3.0, "n_estimators": 189.01176846467908}, "datetime": {"datetime": "2021-09-24 16:36:09", "elapsed": 2.361739, "delta": 0.78752}}
{"target": -43.468671813047024, "params": {"eta": 0.05, "max_depth": 1.0, "n_estimators": 173.40309141857148}, "datetime": {"datetime": "2021-09-24 16:36:10", "elapsed": 3.007743, "delta": 0.646004}}
{"target": -47.54088795812506, "params": {"eta": 0.5, "max_depth": 3.0, "n_estimators": 112.60593787030625}, "datetime": {"datetime": "2021-09-24 16:36:10", "elapsed": 3.581608, "delta": 0.573865}}
{"target": -43.88648295581789, "params": {"eta": 0.2932695917720635, "max_depth": 1.032553804249832, "n_estimators": 122.35897368545226}, "datetime": {"datetime": "2021-09-24 16:36:11", "elapsed": 4.234324, "delta": 0.652716}}
{"target": -47.61969716208322, "params": {"eta": 0.5, "max_depth": 3.0, "n_estimators": 167.75660132428956}, "datetime": {"datetime": "2021-09-24 16:36:12", "elapsed": 5.408867, "delta": 1.174543}}
{"target": -48.82817008844892, "params": {"eta": 0.3189688446100884, "max_depth": 2.9643805708780695, "n_estimators": 176.25121782011158}, "datetime": {"datetime": "2021-09-24 16:36:13", "elapsed": 6.529166, "delta": 1.120299}}
{"target": -42.758587113000395, "params": {"eta": 0.2101865778380977, "max_depth": 1.1289529107057328, "n_estimators": 120.11720754013173}, "datetime": {"datetime": "2021-09-24 16:36:14", "elapsed": 7.019165, "delta": 0.489999}}
{"target": -47.13351104134008, "params": {"eta": 0.4522318599768448, "max_depth": 1.1899488534563214, "n_estimators": 181.30272750069486}, "datetime": {"datetime": "2021-09-24 16:36:14", "elapsed": 7.643826, "delta": 0.624661}}
{"target": -49.07056899536821, "params": {"eta": 0.3779010903789318, "max_depth": 2.8449665222288303, "n_estimators": 120.19692620687064}, "datetime": {"datetime": "2021-09-24 16:36:15", "elapsed": 8.028837, "delta": 0.385011}}
{"target": -43.94855820505243, "params": {"eta": 0.30835856495883207, "max_depth": 1.0080258216611717, "n_estimators": 119.37672415257892}, "datetime": {"datetime": "2021-09-24 16:36:16", "elapsed": 8.696827, "delta": 0.66799}}
{"target": -42.80418880720784, "params": {"eta": 0.21720010752759666, "max_depth": 1.0002055299943666, "n_estimators": 121.17243600861639}, "datetime": {"datetime": "2021-09-24 16:36:16", "elapsed": 9.407876, "delta": 0.711049}}
{"target": -44.95257496654539, "params": {"eta": 0.4305531198815196, "max_depth": 1.612182362313745, "n_estimators": 117.27867267220068}, "datetime": {"datetime": "2021-09-24 16:36:17", "elapsed": 9.906497, "delta": 0.498621}}
{"target": -46.986479131798994, "params": {"eta": 0.5, "max_depth": 1.0, "n_estimators": 178.515586451656}, "datetime": {"datetime": "2021-09-24 16:36:17", "elapsed": 10.527498, "delta": 0.621001}}
{"target": -45.42924915399767, "params": {"eta": 0.11733808955372199, "max_depth": 2.576297435433978, "n_estimators": 179.46369920673368}, "datetime": {"datetime": "2021-09-24 16:36:18", "elapsed": 11.235498, "delta": 0.708}}
