{"target": -1.1903291842394763, "params": {"eta": 0.41760498269787144, "max_depth": 21.889410309822583, "n_estimators": 1.0056043660498994}, "datetime": {"datetime": "2021-09-24 12:11:17", "elapsed": 0.0, "delta": 0.0}}
{"target": 0.22925739454393979, "params": {"eta": 0.3030302400592079, "max_depth": 5.255920833696278, "n_estimators": 5.524591143671092}, "datetime": {"datetime": "2021-09-24 12:11:17", "elapsed": 0.034002, "delta": 0.034002}}
{"target": 0.3160358245339452, "params": {"eta": 0.18707395116629325, "max_depth": 11.021261084248385, "n_estimators": 20.441606237302828}, "datetime": {"datetime": "2021-09-24 12:11:17", "elapsed": 0.189002, "delta": 0.155}}
{"target": 0.2706433515546829, "params": {"eta": 0.5392779172693536, "max_depth": 13.15664091769555, "n_estimators": 34.575755519441216}, "datetime": {"datetime": "2021-09-24 12:11:17", "elapsed": 0.437003, "delta": 0.248001}}
{"target": -1.437864395152379, "params": {"eta": 0.20524779748178593, "max_depth": 26.465405655337417, "n_estimators": 2.3419920666983822}, "datetime": {"datetime": "2021-09-24 12:11:17", "elapsed": 0.465003, "delta": 0.028}}
{"target": -3.5881189892659338, "params": {"eta": 0.001, "max_depth": 1.0, "n_estimators": 50.0}, "datetime": {"datetime": "2021-09-24 12:11:18", "elapsed": 0.721001, "delta": 0.255998}}
{"target": -0.03494623446375389, "params": {"eta": 1.0, "max_depth": 29.434585685271024, "n_estimators": 31.816868041037328}, "datetime": {"datetime": "2021-09-24 12:11:18", "elapsed": 1.206406, "delta": 0.485405}}
{"target": -3.5986200151370387, "params": {"eta": 0.001, "max_depth": 30.0, "n_estimators": 50.0}, "datetime": {"datetime": "2021-09-24 12:11:19", "elapsed": 1.73812, "delta": 0.531714}}
{"target": 0.347557921039489, "params": {"eta": 1.0, "max_depth": 1.0, "n_estimators": 24.39744492230156}, "datetime": {"datetime": "2021-09-24 12:11:19", "elapsed": 2.102121, "delta": 0.364001}}
{"target": -0.03494625016585373, "params": {"eta": 1.0, "max_depth": 24.840266679834688, "n_estimators": 21.592571803308033}, "datetime": {"datetime": "2021-09-24 12:11:20", "elapsed": 2.56412, "delta": 0.461999}}
{"target": 0.3805470212541705, "params": {"eta": 1.0, "max_depth": 1.0, "n_estimators": 13.831945279587682}, "datetime": {"datetime": "2021-09-24 12:11:20", "elapsed": 2.918795, "delta": 0.354675}}
{"target": 0.20654468283755745, "params": {"eta": 1.0, "max_depth": 1.0, "n_estimators": 1.0}, "datetime": {"datetime": "2021-09-24 12:11:20", "elapsed": 3.205438, "delta": 0.286643}}
{"target": -0.0339522306846507, "params": {"eta": 1.0, "max_depth": 18.23043638463043, "n_estimators": 28.767272921606608}, "datetime": {"datetime": "2021-09-24 12:11:21", "elapsed": 3.868654, "delta": 0.663216}}
{"target": -3.766211913568325, "params": {"eta": 0.001, "max_depth": 7.320667579340599, "n_estimators": 29.68857574674698}, "datetime": {"datetime": "2021-09-24 12:11:21", "elapsed": 4.245659, "delta": 0.377005}}
{"target": -0.1632073636173712, "params": {"eta": 0.22886984561126356, "max_depth": 1.6824734522542333, "n_estimators": 4.549433411777711}, "datetime": {"datetime": "2021-09-24 12:11:22", "elapsed": 4.833673, "delta": 0.588014}}
{"target": 0.14421137606224943, "params": {"eta": 0.9593522475138274, "max_depth": 4.107923156364563, "n_estimators": 18.889971184260737}, "datetime": {"datetime": "2021-09-24 12:11:22", "elapsed": 5.249586, "delta": 0.415913}}
{"target": 0.36765807030960795, "params": {"eta": 0.279350418330776, "max_depth": 8.640454965878902, "n_estimators": 12.99469905472326}, "datetime": {"datetime": "2021-09-24 12:11:23", "elapsed": 5.697591, "delta": 0.448005}}
{"target": -0.03463730524677744, "params": {"eta": 1.0, "max_depth": 19.042053021072917, "n_estimators": 36.982632490528744}, "datetime": {"datetime": "2021-09-24 12:11:23", "elapsed": 6.223599, "delta": 0.526008}}
{"target": -0.033655148455013606, "params": {"eta": 1.0, "max_depth": 16.621133074539266, "n_estimators": 16.031316544377056}, "datetime": {"datetime": "2021-09-24 12:11:24", "elapsed": 6.716258, "delta": 0.492659}}
{"target": -0.2883618364700291, "params": {"eta": 0.651995915539137, "max_depth": 10.646326603777613, "n_estimators": 1.0730444336433091}, "datetime": {"datetime": "2021-09-24 12:11:24", "elapsed": 7.052915, "delta": 0.336657}}
{"target": -0.03384361099881028, "params": {"eta": 1.0, "max_depth": 13.117716720144873, "n_estimators": 41.3829689643313}, "datetime": {"datetime": "2021-09-24 12:11:25", "elapsed": 7.519731, "delta": 0.466816}}
{"target": 0.14675748897525953, "params": {"eta": 0.758631882189611, "max_depth": 29.774064506425198, "n_estimators": 14.71266619815728}, "datetime": {"datetime": "2021-09-24 12:11:25", "elapsed": 7.987731, "delta": 0.468}}
{"target": -3.941477852342932, "params": {"eta": 0.001, "max_depth": 13.790269604173092, "n_estimators": 8.485585142066535}, "datetime": {"datetime": "2021-09-24 12:11:25", "elapsed": 8.33473, "delta": 0.346999}}
{"target": -3.922938849604618, "params": {"eta": 0.001, "max_depth": 4.403630023297976, "n_estimators": 10.922771779726833}, "datetime": {"datetime": "2021-09-24 12:11:26", "elapsed": 8.709729, "delta": 0.374999}}
{"target": 0.3721796347591705, "params": {"eta": 0.8933524868122689, "max_depth": 1.86812551830252, "n_estimators": 14.853268206997623}, "datetime": {"datetime": "2021-09-24 12:11:26", "elapsed": 9.194236, "delta": 0.484507}}
{"target": 0.09107413773303019, "params": {"eta": 0.9853222625715731, "max_depth": 2.1968270334610858, "n_estimators": 21.66808429111283}, "datetime": {"datetime": "2021-09-24 12:11:27", "elapsed": 9.612234, "delta": 0.417998}}
{"target": 0.34017745789642195, "params": {"eta": 0.3787673023953292, "max_depth": 9.504318008784384, "n_estimators": 16.375278355881008}, "datetime": {"datetime": "2021-09-24 12:11:27", "elapsed": 10.215237, "delta": 0.603003}}
{"target": -1.3770490948572398, "params": {"eta": 0.37584540927690946, "max_depth": 5.05045959784303, "n_estimators": 1.7817720098960752}, "datetime": {"datetime": "2021-09-24 12:11:28", "elapsed": 11.014233, "delta": 0.798996}}
{"target": -3.8485716591677983, "params": {"eta": 0.001, "max_depth": 7.740804204285155, "n_estimators": 19.462960546850002}, "datetime": {"datetime": "2021-09-24 12:11:29", "elapsed": 11.75107, "delta": 0.736837}}
{"target": 0.25837296585881453, "params": {"eta": 0.4576962859285067, "max_depth": 9.817810217387985, "n_estimators": 14.501006621939451}, "datetime": {"datetime": "2021-09-24 12:11:30", "elapsed": 12.573075, "delta": 0.822005}}
{"target": 0.38341415937407497, "params": {"eta": 1.0, "max_depth": 1.8343000739969384, "n_estimators": 17.746790650041838}, "datetime": {"datetime": "2021-09-24 12:11:31", "elapsed": 13.808684, "delta": 1.235609}}
{"target": 0.2643141206051516, "params": {"eta": 0.48663071523120227, "max_depth": 12.291215261996939, "n_estimators": 17.809133625542156}, "datetime": {"datetime": "2021-09-24 12:11:32", "elapsed": 14.877688, "delta": 1.069004}}
{"target": 0.32986041758453966, "params": {"eta": 0.4000299668618977, "max_depth": 13.647434204001367, "n_estimators": 20.602190917795276}, "datetime": {"datetime": "2021-09-24 12:11:33", "elapsed": 15.635111, "delta": 0.757423}}
{"target": 0.09965984691742402, "params": {"eta": 0.8232385559356655, "max_depth": 14.894435972140235, "n_estimators": 37.42318352400511}, "datetime": {"datetime": "2021-09-24 12:11:34", "elapsed": 16.492113, "delta": 0.857002}}
{"target": -0.07546112127094284, "params": {"eta": 0.8599353351653525, "max_depth": 16.44732456915593, "n_estimators": 33.92841701243429}, "datetime": {"datetime": "2021-09-24 12:11:34", "elapsed": 17.176454, "delta": 0.684341}}
{"target": -0.08124459662156225, "params": {"eta": 1.0, "max_depth": 12.24014591792002, "n_estimators": 23.289813406625846}, "datetime": {"datetime": "2021-09-24 12:11:35", "elapsed": 17.881456, "delta": 0.705002}}
{"target": 0.020197229171081243, "params": {"eta": 0.9922431771419586, "max_depth": 11.231453021364795, "n_estimators": 37.63489401929367}, "datetime": {"datetime": "2021-09-24 12:11:36", "elapsed": 18.525456, "delta": 0.644}}
{"target": 0.0111855986820254, "params": {"eta": 0.8696229593660492, "max_depth": 27.48237490335435, "n_estimators": 17.862965484464922}, "datetime": {"datetime": "2021-09-24 12:11:36", "elapsed": 19.278456, "delta": 0.753}}
{"target": 0.29830321566182016, "params": {"eta": 0.49825853780889706, "max_depth": 26.05485195591068, "n_estimators": 13.976325967695495}, "datetime": {"datetime": "2021-09-24 12:11:37", "elapsed": 19.926454, "delta": 0.647998}}
{"target": 0.09613542180580004, "params": {"eta": 0.7459722374262109, "max_depth": 23.537317618465462, "n_estimators": 16.815040403346604}, "datetime": {"datetime": "2021-09-24 12:11:38", "elapsed": 20.470453, "delta": 0.543999}}
{"target": 0.2683776056855106, "params": {"eta": 0.4070190068505868, "max_depth": 28.366539394167738, "n_estimators": 10.95892956994751}, "datetime": {"datetime": "2021-09-24 12:11:38", "elapsed": 21.074035, "delta": 0.603582}}
{"target": -0.03485042453407883, "params": {"eta": 1.0, "max_depth": 24.611458912688793, "n_estimators": 10.612986525960089}, "datetime": {"datetime": "2021-09-24 12:11:39", "elapsed": 21.782307, "delta": 0.708272}}
{"target": 0.12597399047456526, "params": {"eta": 0.8094212436979076, "max_depth": 19.864938092961744, "n_estimators": 19.44612281633702}, "datetime": {"datetime": "2021-09-24 12:11:39", "elapsed": 22.454307, "delta": 0.672}}
{"target": 0.1364485510943103, "params": {"eta": 0.7345185250338644, "max_depth": 17.677012146235175, "n_estimators": 23.158288088507025}, "datetime": {"datetime": "2021-09-24 12:11:40", "elapsed": 23.17179, "delta": 0.717483}}
{"target": 0.31271760969149076, "params": {"eta": 0.26627688247639425, "max_depth": 21.47496076919486, "n_estimators": 24.54758943249722}, "datetime": {"datetime": "2021-09-24 12:11:41", "elapsed": 23.922396, "delta": 0.750606}}
{"target": -0.03494542860039007, "params": {"eta": 1.0, "max_depth": 22.979119648174414, "n_estimators": 28.03204303809256}, "datetime": {"datetime": "2021-09-24 12:11:42", "elapsed": 24.693395, "delta": 0.770999}}
{"target": 0.2745368045619986, "params": {"eta": 0.151696922928551, "max_depth": 21.201712233850934, "n_estimators": 13.752461239608277}, "datetime": {"datetime": "2021-09-24 12:11:42", "elapsed": 25.400826, "delta": 0.707431}}
{"target": -3.7993502668483456, "params": {"eta": 0.001, "max_depth": 26.40524549684431, "n_estimators": 25.62636083081529}, "datetime": {"datetime": "2021-09-24 12:11:43", "elapsed": 25.976828, "delta": 0.576002}}
{"target": -0.10357929633515184, "params": {"eta": 0.9537903942228027, "max_depth": 21.62914873348769, "n_estimators": 31.772122430469906}, "datetime": {"datetime": "2021-09-24 12:11:44", "elapsed": 26.689823, "delta": 0.712995}}
{"target": -3.8323691825486783, "params": {"eta": 0.001, "max_depth": 21.739772788032703, "n_estimators": 21.539224164314433}, "datetime": {"datetime": "2021-09-24 12:11:44", "elapsed": 27.329432, "delta": 0.639609}}
{"target": 0.19001690419437312, "params": {"eta": 0.7024449802694279, "max_depth": 20.348596033020875, "n_estimators": 26.415551164978933}, "datetime": {"datetime": "2021-09-24 12:11:45", "elapsed": 28.159434, "delta": 0.830002}}
{"target": 0.09337828764230571, "params": {"eta": 0.8427903784202774, "max_depth": 20.072170113631163, "n_estimators": 16.65810256513777}, "datetime": {"datetime": "2021-09-24 12:11:46", "elapsed": 28.821259, "delta": 0.661825}}
{"target": 0.31165173465042606, "params": {"eta": 0.35037711777290614, "max_depth": 17.23577842380158, "n_estimators": 19.134455412034704}, "datetime": {"datetime": "2021-09-24 12:11:47", "elapsed": 29.586229, "delta": 0.76497}}
{"target": 0.15795449229570546, "params": {"eta": 0.7082287632717492, "max_depth": 23.35104048263191, "n_estimators": 13.688411481198964}, "datetime": {"datetime": "2021-09-24 12:11:47", "elapsed": 30.409228, "delta": 0.822999}}
{"target": -3.7993502668483456, "params": {"eta": 0.001, "max_depth": 16.60875191336551, "n_estimators": 25.87815073336992}, "datetime": {"datetime": "2021-09-24 12:11:48", "elapsed": 31.154845, "delta": 0.745617}}
{"target": -3.857321556035793, "params": {"eta": 0.001, "max_depth": 14.799809502955785, "n_estimators": 18.243534980603997}, "datetime": {"datetime": "2021-09-24 12:11:49", "elapsed": 31.873858, "delta": 0.719013}}
{"target": 0.14317457037122305, "params": {"eta": 0.732954458921175, "max_depth": 18.587257500293063, "n_estimators": 18.14246945040384}, "datetime": {"datetime": "2021-09-24 12:11:50", "elapsed": 32.757858, "delta": 0.884}}
{"target": 0.057226905707282394, "params": {"eta": 0.9002203228362606, "max_depth": 11.254682062473956, "n_estimators": 16.227052117191928}, "datetime": {"datetime": "2021-09-24 12:11:51", "elapsed": 33.742425, "delta": 0.984567}}
{"target": -0.034753057544810506, "params": {"eta": 1.0, "max_depth": 17.870944048293804, "n_estimators": 20.82251095054284}, "datetime": {"datetime": "2021-09-24 12:11:52", "elapsed": 34.6137, "delta": 0.871275}}
{"target": 0.10500512764207415, "params": {"eta": 0.8000380933197146, "max_depth": 28.052071324832923, "n_estimators": 12.871061005761433}, "datetime": {"datetime": "2021-09-24 12:11:53", "elapsed": 35.598573, "delta": 0.984873}}
{"target": 0.2007780111845382, "params": {"eta": 1.0, "max_depth": 3.593540356689633, "n_estimators": 16.56441714353119}, "datetime": {"datetime": "2021-09-24 12:11:53", "elapsed": 36.375571, "delta": 0.776998}}
{"target": -3.874045784641174, "params": {"eta": 0.001, "max_depth": 25.82359869990487, "n_estimators": 16.15909249967409}, "datetime": {"datetime": "2021-09-24 12:11:54", "elapsed": 37.041793, "delta": 0.666222}}
{"target": 0.16603588270609415, "params": {"eta": 0.6016873272674744, "max_depth": 26.119198551047795, "n_estimators": 12.285862056696105}, "datetime": {"datetime": "2021-09-24 12:11:55", "elapsed": 38.094064, "delta": 1.052271}}
{"target": 0.14807306184446312, "params": {"eta": 0.851179908614357, "max_depth": 22.003355614231314, "n_estimators": 15.466697821353419}, "datetime": {"datetime": "2021-09-24 12:11:56", "elapsed": 38.978912, "delta": 0.884848}}
{"target": -3.8323691825486783, "params": {"eta": 0.001, "max_depth": 12.359441603738306, "n_estimators": 21.588215733878343}, "datetime": {"datetime": "2021-09-24 12:11:57", "elapsed": 39.793254, "delta": 0.814342}}
{"target": 0.15126489495850404, "params": {"eta": 0.5713980456199447, "max_depth": 10.183407641100713, "n_estimators": 15.579977439315181}, "datetime": {"datetime": "2021-09-24 12:11:58", "elapsed": 40.603254, "delta": 0.81}}
{"target": 0.2694172915710845, "params": {"eta": 0.7456780043835998, "max_depth": 3.099847509575354, "n_estimators": 17.866035822703473}, "datetime": {"datetime": "2021-09-24 12:11:59", "elapsed": 41.476334, "delta": 0.87308}}
{"target": 0.3909877287118091, "params": {"eta": 0.5221597857107011, "max_depth": 2.1168327184525757, "n_estimators": 16.40466738377958}, "datetime": {"datetime": "2021-09-24 12:11:59", "elapsed": 42.337972, "delta": 0.861638}}
{"target": -0.0700697838844937, "params": {"eta": 0.8889139755515914, "max_depth": 10.960251667182183, "n_estimators": 19.040236896133216}, "datetime": {"datetime": "2021-09-24 12:12:00", "elapsed": 43.267877, "delta": 0.929905}}
{"target": 0.14422727086528642, "params": {"eta": 0.10548340825445898, "max_depth": 8.301701676986474, "n_estimators": 14.934407384787628}, "datetime": {"datetime": "2021-09-24 12:12:01", "elapsed": 44.055527, "delta": 0.78765}}
{"target": 0.18582241344756123, "params": {"eta": 0.6208362680295497, "max_depth": 22.04014973218784, "n_estimators": 26.082333374935665}, "datetime": {"datetime": "2021-09-24 12:12:02", "elapsed": 45.365266, "delta": 1.309739}}
{"target": 0.10195227109187721, "params": {"eta": 0.9932649305546023, "max_depth": 2.1661161975760495, "n_estimators": 19.49656559797681}, "datetime": {"datetime": "2021-09-24 12:12:03", "elapsed": 46.068263, "delta": 0.702997}}
{"target": 0.14689888237299864, "params": {"eta": 0.9131883547687796, "max_depth": 15.070433992214962, "n_estimators": 21.287566205790156}, "datetime": {"datetime": "2021-09-24 12:12:04", "elapsed": 46.713267, "delta": 0.645004}}
{"target": 0.07578607147660377, "params": {"eta": 0.7893506770505779, "max_depth": 13.085116301606416, "n_estimators": 36.43348586541663}, "datetime": {"datetime": "2021-09-24 12:12:05", "elapsed": 47.669263, "delta": 0.955996}}
{"target": 0.27930624004454874, "params": {"eta": 0.40434665521575897, "max_depth": 14.839276089452982, "n_estimators": 35.406238017260634}, "datetime": {"datetime": "2021-09-24 12:12:06", "elapsed": 48.578266, "delta": 0.909003}}
{"target": -0.034926965462193094, "params": {"eta": 1.0, "max_depth": 21.8212475420154, "n_estimators": 17.608391759032187}, "datetime": {"datetime": "2021-09-24 12:12:06", "elapsed": 49.29628, "delta": 0.718014}}
{"target": 0.29476083263149244, "params": {"eta": 0.35194844782185136, "max_depth": 22.320049439799718, "n_estimators": 11.996022920660625}, "datetime": {"datetime": "2021-09-24 12:12:07", "elapsed": 50.086282, "delta": 0.790002}}
{"target": 0.2454413391107172, "params": {"eta": 0.1416611836514119, "max_depth": 24.141268710548488, "n_estimators": 12.150272036270977}, "datetime": {"datetime": "2021-09-24 12:12:08", "elapsed": 50.860278, "delta": 0.773996}}
{"target": 0.10829437562051825, "params": {"eta": 0.9781282149795142, "max_depth": 2.8667675328739355, "n_estimators": 23.84089992653232}, "datetime": {"datetime": "2021-09-24 12:12:09", "elapsed": 51.72383, "delta": 0.863552}}
{"target": 0.06094857895121242, "params": {"eta": 0.9087578868282956, "max_depth": 20.688419299640643, "n_estimators": 28.624168281045666}, "datetime": {"datetime": "2021-09-24 12:12:10", "elapsed": 52.624829, "delta": 0.900999}}
{"target": 0.25655829549103104, "params": {"eta": 0.3188357191924681, "max_depth": 18.997505739281074, "n_estimators": 14.728877487587335}, "datetime": {"datetime": "2021-09-24 12:12:10", "elapsed": 53.424245, "delta": 0.799416}}
{"target": 0.01018619500004947, "params": {"eta": 0.9649442402423987, "max_depth": 20.15150172638774, "n_estimators": 12.298194184633479}, "datetime": {"datetime": "2021-09-24 12:12:11", "elapsed": 54.284536, "delta": 0.860291}}
{"target": -3.9076518571693093, "params": {"eta": 0.001, "max_depth": 30.0, "n_estimators": 12.364804855826737}, "datetime": {"datetime": "2021-09-24 12:12:12", "elapsed": 55.091539, "delta": 0.807003}}
{"target": 0.01880996136947677, "params": {"eta": 0.961841803684775, "max_depth": 26.9022485005156, "n_estimators": 10.164980794515916}, "datetime": {"datetime": "2021-09-24 12:12:13", "elapsed": 56.245136, "delta": 1.153597}}
{"target": 0.40448507037081105, "params": {"eta": 0.11915138567522966, "max_depth": 1.0694784176096583, "n_estimators": 22.81042035215129}, "datetime": {"datetime": "2021-09-24 12:12:14", "elapsed": 57.172763, "delta": 0.927627}}
{"target": 0.11206309201074904, "params": {"eta": 0.8010576073904964, "max_depth": 29.501323068383517, "n_estimators": 16.70909393210775}, "datetime": {"datetime": "2021-09-24 12:12:15", "elapsed": 58.096766, "delta": 0.924003}}
{"target": -0.03365284361377663, "params": {"eta": 1.0, "max_depth": 16.759020282113514, "n_estimators": 36.27398634524176}, "datetime": {"datetime": "2021-09-24 12:12:16", "elapsed": 58.926963, "delta": 0.830197}}
{"target": -3.9076518571693093, "params": {"eta": 0.001, "max_depth": 10.488048782113164, "n_estimators": 12.490512982765646}, "datetime": {"datetime": "2021-09-24 12:12:17", "elapsed": 59.693693, "delta": 0.76673}}
{"target": -0.07194019240573701, "params": {"eta": 0.9143236311960272, "max_depth": 7.444741698477151, "n_estimators": 13.6476274376297}, "datetime": {"datetime": "2021-09-24 12:12:18", "elapsed": 60.482695, "delta": 0.789002}}
{"target": 0.40691420175924653, "params": {"eta": 0.1415887904537528, "max_depth": 11.299314818094185, "n_estimators": 35.416266358968905}, "datetime": {"datetime": "2021-09-24 12:12:18", "elapsed": 61.392338, "delta": 0.909643}}
{"target": 0.19713762183688044, "params": {"eta": 0.5743156721527353, "max_depth": 11.314558211126213, "n_estimators": 33.65862054558088}, "datetime": {"datetime": "2021-09-24 12:12:19", "elapsed": 62.188948, "delta": 0.79661}}
{"target": 0.06929099892283974, "params": {"eta": 0.9236792142561685, "max_depth": 9.425753469122643, "n_estimators": 35.177501036621244}, "datetime": {"datetime": "2021-09-24 12:12:20", "elapsed": 63.005946, "delta": 0.816998}}
{"target": -0.03474461610402302, "params": {"eta": 1.0, "max_depth": 17.34658346578793, "n_estimators": 13.8289020487723}, "datetime": {"datetime": "2021-09-24 12:12:21", "elapsed": 63.692433, "delta": 0.686487}}
{"target": 0.41219942491475126, "params": {"eta": 0.11550473289040743, "max_depth": 1.9838256092518165, "n_estimators": 25.658820245188927}, "datetime": {"datetime": "2021-09-24 12:12:21", "elapsed": 64.461235, "delta": 0.768802}}
{"target": 0.3261469200698449, "params": {"eta": 0.09030863865986066, "max_depth": 14.368430518868374, "n_estimators": 32.91102095389273}, "datetime": {"datetime": "2021-09-24 12:12:23", "elapsed": 65.5983, "delta": 1.137065}}
{"target": 0.3138680345743007, "params": {"eta": 0.5224376052071636, "max_depth": 12.82085809584476, "n_estimators": 31.56695260950829}, "datetime": {"datetime": "2021-09-24 12:12:24", "elapsed": 66.677299, "delta": 1.078999}}
{"target": 0.19386948544402494, "params": {"eta": 0.7075384065188935, "max_depth": 15.066392164506158, "n_estimators": 31.19246784812073}, "datetime": {"datetime": "2021-09-24 12:12:25", "elapsed": 67.789689, "delta": 1.11239}}
{"target": -0.11375045994830724, "params": {"eta": 0.954683846144892, "max_depth": 28.842212257346176, "n_estimators": 19.24881765360209}, "datetime": {"datetime": "2021-09-24 12:12:26", "elapsed": 68.628692, "delta": 0.839003}}
