{"target": -44.61506305780626, "params": {"eta": 0.16710955181972087, "max_depth": 1.7498865902493876, "n_estimators": 207.58760711793258}, "datetime": {"datetime": "2021-09-24 17:08:46", "elapsed": 759.208851, "delta": 3.381002}}
{"target": -47.026395295795645, "params": {"eta": 0.21368535829873178, "max_depth": 21.565637480134413, "n_estimators": 227.85957303963926}, "datetime": {"datetime": "2021-09-24 17:08:49", "elapsed": 762.557523, "delta": 3.348672}}
{"target": -43.62323738040781, "params": {"eta": 0.05298335035759954, "max_depth": 1.1964192835485146, "n_estimators": 207.85676176123556}, "datetime": {"datetime": "2021-09-24 17:08:56", "elapsed": 768.91009, "delta": 6.352567}}
{"target": -46.21714203339771, "params": {"eta": 0.01, "max_depth": 2.3221935679968246, "n_estimators": 201.24601400830437}, "datetime": {"datetime": "2021-09-24 17:09:01", "elapsed": 774.237346, "delta": 5.327256}}
{"target": -48.061540445887054, "params": {"eta": 0.158748071619599, "max_depth": 40.8198124407581, "n_estimators": 222.7848825539766}, "datetime": {"datetime": "2021-09-24 17:09:08", "elapsed": 781.462272, "delta": 7.224926}}
{"target": -48.9177571920524, "params": {"eta": 0.3407600702645975, "max_depth": 21.53102651942136, "n_estimators": 219.04948069864588}, "datetime": {"datetime": "2021-09-24 17:09:12", "elapsed": 785.162342, "delta": 3.70007}}
{"target": -44.005240992495885, "params": {"eta": 0.09644462766558201, "max_depth": 1.2684650710695458, "n_estimators": 207.3862703769077}, "datetime": {"datetime": "2021-09-24 17:09:17", "elapsed": 790.320558, "delta": 5.158216}}
{"target": -46.99676249798079, "params": {"eta": 0.14157238829550864, "max_depth": 28.247099378299676, "n_estimators": 240.77636950211993}, "datetime": {"datetime": "2021-09-24 17:09:21", "elapsed": 794.164479, "delta": 3.843921}}
{"target": -49.56699400019825, "params": {"eta": 0.41755454521416013, "max_depth": 33.97409148681257, "n_estimators": 229.2513940019946}, "datetime": {"datetime": "2021-09-24 17:09:23", "elapsed": 796.782635, "delta": 2.618156}}
{"target": -45.147189549037385, "params": {"eta": 0.09796505558458392, "max_depth": 41.873624804391696, "n_estimators": 219.52736617313047}, "datetime": {"datetime": "2021-09-24 17:09:28", "elapsed": 800.902044, "delta": 4.119409}}
{"target": -48.09757608399355, "params": {"eta": 0.4665629744310343, "max_depth": 26.511377197089818, "n_estimators": 211.42735049127336}, "datetime": {"datetime": "2021-09-24 17:09:31", "elapsed": 804.640348, "delta": 3.738304}}
{"target": -44.58461328377401, "params": {"eta": 0.1712373124333566, "max_depth": 1.9439952130163123, "n_estimators": 208.36119896513543}, "datetime": {"datetime": "2021-09-24 17:09:38", "elapsed": 811.184354, "delta": 6.544006}}
{"target": -48.10306921937412, "params": {"eta": 0.03332026281208895, "max_depth": 5.445882404093636, "n_estimators": 235.6217983630951}, "datetime": {"datetime": "2021-09-24 17:09:42", "elapsed": 815.06342, "delta": 3.879066}}
{"target": -44.445957671430776, "params": {"eta": 0.028037887626033292, "max_depth": 1.9673084610765361, "n_estimators": 207.9292591649215}, "datetime": {"datetime": "2021-09-24 17:09:46", "elapsed": 819.675854, "delta": 4.612434}}
{"target": -44.56014309072853, "params": {"eta": 0.1902479260331987, "max_depth": 1.5087256117211019, "n_estimators": 207.94161207503657}, "datetime": {"datetime": "2021-09-24 17:09:51", "elapsed": 824.027174, "delta": 4.35132}}
{"target": -46.1783812386649, "params": {"eta": 0.01889885499478084, "max_depth": 22.576990889710235, "n_estimators": 229.10013326289254}, "datetime": {"datetime": "2021-09-24 17:09:54", "elapsed": 827.179389, "delta": 3.152215}}
{"target": -46.48435928229999, "params": {"eta": 0.10996066296606152, "max_depth": 25.380406544284277, "n_estimators": 206.33442031293828}, "datetime": {"datetime": "2021-09-24 17:09:57", "elapsed": 830.772749, "delta": 3.59336}}
{"target": -49.028991154261995, "params": {"eta": 0.26582287911902874, "max_depth": 19.766010096706445, "n_estimators": 222.26447792037888}, "datetime": {"datetime": "2021-09-24 17:10:02", "elapsed": 835.219897, "delta": 4.447148}}
{"target": -44.96014501815452, "params": {"eta": 0.21032011213018015, "max_depth": 1.6215000162677788, "n_estimators": 249.3151894354384}, "datetime": {"datetime": "2021-09-24 17:10:04", "elapsed": 837.199209, "delta": 1.979312}}
{"target": -47.34824982263092, "params": {"eta": 0.21434078230426126, "max_depth": 36.29590017866575, "n_estimators": 17.005604366049898}, "datetime": {"datetime": "2021-09-24 17:12:37", "elapsed": 0.0, "delta": 0.0}}
{"target": -46.6291637564064, "params": {"eta": 0.1581429605896015, "max_depth": 8.19103865003854, "n_estimators": 21.524591143671092}, "datetime": {"datetime": "2021-09-24 17:12:37", "elapsed": 0.124019, "delta": 0.124019}}
{"target": -44.77088443497966, "params": {"eta": 0.10126750357505873, "max_depth": 17.93247562510934, "n_estimators": 36.44160623730283}, "datetime": {"datetime": "2021-09-24 17:12:38", "elapsed": 0.351999, "delta": 0.22798}}
{"target": -46.02170273056604, "params": {"eta": 0.16242360991445817, "max_depth": 18.44954849805069, "n_estimators": 36.0422976808301}, "datetime": {"datetime": "2021-09-24 17:12:38", "elapsed": 0.773996, "delta": 0.421997}}
{"target": -49.392003453763806, "params": {"eta": 0.47108149892106455, "max_depth": 18.052782065404152, "n_estimators": 36.37808230619506}, "datetime": {"datetime": "2021-09-24 17:12:38", "elapsed": 1.165, "delta": 0.391004}}
{"target": -45.997785525214404, "params": {"eta": 0.3019637780806995, "max_depth": 13.790220506732751, "n_estimators": 53.58971884483728}, "datetime": {"datetime": "2021-09-24 17:12:39", "elapsed": 1.658048, "delta": 0.493048}}
{"target": -50.309331850898, "params": {"eta": 0.12148228532228804, "max_depth": 8.623909872022654, "n_estimators": 63.4178691027812}, "datetime": {"datetime": "2021-09-24 17:12:39", "elapsed": 2.099049, "delta": 0.441001}}
{"target": -46.70948435847921, "params": {"eta": 0.36586546542179793, "max_depth": 36.701988678683904, "n_estimators": 26.539713547531484}, "datetime": {"datetime": "2021-09-24 17:12:40", "elapsed": 2.479049, "delta": 0.38}}
{"target": -46.237288367479366, "params": {"eta": 0.24042087843127657, "max_depth": 21.751142856891526, "n_estimators": 40.12372084503973}, "datetime": {"datetime": "2021-09-24 17:12:40", "elapsed": 2.921051, "delta": 0.442002}}
{"target": -47.80229089493142, "params": {"eta": 0.4781683320151857, "max_depth": 33.53949937626034, "n_estimators": 40.06531135652993}, "datetime": {"datetime": "2021-09-24 17:12:41", "elapsed": 3.31905, "delta": 0.397999}}
{"target": -47.70096109146462, "params": {"eta": 0.2494790342086781, "max_depth": 42.217755012881426, "n_estimators": 64.97435347986428}, "datetime": {"datetime": "2021-09-24 17:12:41", "elapsed": 3.910106, "delta": 0.591056}}
{"target": -45.28223648644928, "params": {"eta": 0.16801165212405822, "max_depth": 38.4132369900882, "n_estimators": 58.991121613263914}, "datetime": {"datetime": "2021-09-24 17:12:42", "elapsed": 4.446109, "delta": 0.536003}}
{"target": -47.14939722620455, "params": {"eta": 0.4289242129572468, "max_depth": 36.24825070285056, "n_estimators": 61.68657525688706}, "datetime": {"datetime": "2021-09-24 17:12:42", "elapsed": 4.904107, "delta": 0.457998}}
{"target": -49.11152066682514, "params": {"eta": 0.3417846478711527, "max_depth": 27.847641092483222, "n_estimators": 35.777249189796535}, "datetime": {"datetime": "2021-09-24 17:12:43", "elapsed": 5.288109, "delta": 0.384002}}
{"target": -46.90188980102539, "params": {"eta": 0.07897048949151181, "max_depth": 7.829598288015604, "n_estimators": 32.5247832807095}, "datetime": {"datetime": "2021-09-24 17:12:43", "elapsed": 5.555109, "delta": 0.267}}
{"target": -46.736273170413824, "params": {"eta": 0.14426022916522757, "max_depth": 38.453071787459514, "n_estimators": 20.276656737355438}, "datetime": {"datetime": "2021-09-24 17:12:43", "elapsed": 5.807107, "delta": 0.251998}}
{"target": -48.85656247820173, "params": {"eta": 0.47027148408572467, "max_depth": 47.54750370354449, "n_estimators": 30.67743976329951}, "datetime": {"datetime": "2021-09-24 17:12:43", "elapsed": 6.22511, "delta": 0.418003}}
{"target": -50.633850470521395, "params": {"eta": 0.3031189890134315, "max_depth": 6.522400808165522, "n_estimators": 22.72209797453696}, "datetime": {"datetime": "2021-09-24 17:12:44", "elapsed": 6.419106, "delta": 0.193996}}
{"target": -46.880593120603635, "params": {"eta": 0.310676083751763, "max_depth": 28.312202886416816, "n_estimators": 49.02673909478721}, "datetime": {"datetime": "2021-09-24 17:12:44", "elapsed": 6.928105, "delta": 0.508999}}
{"target": -63.4031164843337, "params": {"eta": 0.018238205864338563, "max_depth": 13.659485012886563, "n_estimators": 56.228650579018854}, "datetime": {"datetime": "2021-09-24 17:12:45", "elapsed": 7.287105, "delta": 0.359}}
{"target": -47.01647802940885, "params": {"eta": 0.19274585662212101, "max_depth": 38.38128057496933, "n_estimators": 58.95633360039955}, "datetime": {"datetime": "2021-09-24 17:12:45", "elapsed": 7.838161, "delta": 0.551056}}
{"target": -45.85197288111637, "params": {"eta": 0.08667261404973024, "max_depth": 38.49565433727289, "n_estimators": 59.03529972930585}, "datetime": {"datetime": "2021-09-24 17:12:46", "elapsed": 8.366163, "delta": 0.528002}}
{"target": -49.47709761884876, "params": {"eta": 0.34048188624178227, "max_depth": 13.558390071924252, "n_estimators": 53.66491493811977}, "datetime": {"datetime": "2021-09-24 17:12:46", "elapsed": 8.934119, "delta": 0.567956}}
{"target": -47.188549730114474, "params": {"eta": 0.21465613904226055, "max_depth": 38.48449312183811, "n_estimators": 59.287564858139746}, "datetime": {"datetime": "2021-09-24 17:12:47", "elapsed": 9.51912, "delta": 0.585001}}
{"target": -47.72432493625727, "params": {"eta": 0.12272050577146798, "max_depth": 4.174554059167608, "n_estimators": 51.48843672347654}, "datetime": {"datetime": "2021-09-24 17:12:47", "elapsed": 9.767897, "delta": 0.248777}}
{"target": -47.26535341076385, "params": {"eta": 0.2027115661780976, "max_depth": 13.960548062117786, "n_estimators": 53.49636093241593}, "datetime": {"datetime": "2021-09-24 17:12:48", "elapsed": 10.281904, "delta": 0.514007}}
{"target": -80.97741339260475, "params": {"eta": 0.01779114515049845, "max_depth": 17.764206814441692, "n_estimators": 36.683419120369486}, "datetime": {"datetime": "2021-09-24 17:12:48", "elapsed": 10.556536, "delta": 0.274632}}
{"target": -50.57256428998216, "params": {"eta": 0.4212099485010663, "max_depth": 21.507013456554343, "n_estimators": 31.50838145132508}, "datetime": {"datetime": "2021-09-24 17:12:48", "elapsed": 11.026257, "delta": 0.469721}}
{"target": -48.91669366592751, "params": {"eta": 0.05385649623029035, "max_depth": 18.17263543922717, "n_estimators": 36.347553365060264}, "datetime": {"datetime": "2021-09-24 17:12:49", "elapsed": 11.380255, "delta": 0.353998}}
{"target": -46.52854994006623, "params": {"eta": 0.30549849382498273, "max_depth": 13.954550544773323, "n_estimators": 53.80019845614707}, "datetime": {"datetime": "2021-09-24 17:12:49", "elapsed": 11.903447, "delta": 0.523192}}
{"target": -88.43905470425025, "params": {"eta": 0.031066078669812945, "max_depth": 21.328284800252217, "n_estimators": 17.259287077542307}, "datetime": {"datetime": "2021-09-24 17:12:49", "elapsed": 12.209446, "delta": 0.305999}}
{"target": -45.81164045979206, "params": {"eta": 0.15808019962546693, "max_depth": 18.045621863048055, "n_estimators": 35.93539636268675}, "datetime": {"datetime": "2021-09-24 17:12:50", "elapsed": 12.65506, "delta": 0.445614}}
{"target": -46.53261250660832, "params": {"eta": 0.3030197507329556, "max_depth": 17.619840974230776, "n_estimators": 36.030336241425935}, "datetime": {"datetime": "2021-09-24 17:12:50", "elapsed": 13.103057, "delta": 0.447997}}
{"target": -53.43860847071598, "params": {"eta": 0.04217584547778694, "max_depth": 18.275525662540673, "n_estimators": 35.74573417087545}, "datetime": {"datetime": "2021-09-24 17:12:51", "elapsed": 13.452057, "delta": 0.349}}
{"target": -45.39664883721144, "params": {"eta": 0.06056862132530913, "max_depth": 3.8002945273512267, "n_estimators": 35.11265783234056}, "datetime": {"datetime": "2021-09-24 17:12:51", "elapsed": 13.661648, "delta": 0.209591}}
{"target": -47.377145121868395, "params": {"eta": 0.3531403642147774, "max_depth": 3.964014935799586, "n_estimators": 35.24931541432582}, "datetime": {"datetime": "2021-09-24 17:12:51", "elapsed": 13.885653, "delta": 0.224005}}
{"target": -45.38068401365352, "params": {"eta": 0.2705182754833854, "max_depth": 42.15427544727765, "n_estimators": 64.88101880136303}, "datetime": {"datetime": "2021-09-24 17:12:52", "elapsed": 14.478651, "delta": 0.592998}}
{"target": -47.124474633008916, "params": {"eta": 0.3724960814323298, "max_depth": 42.211216078963766, "n_estimators": 64.56947971680458}, "datetime": {"datetime": "2021-09-24 17:12:52", "elapsed": 15.005548, "delta": 0.526897}}
{"target": -44.56997376635559, "params": {"eta": 0.07315684754406497, "max_depth": 3.430322542451714, "n_estimators": 35.064396396899184}, "datetime": {"datetime": "2021-09-24 17:12:53", "elapsed": 15.31755, "delta": 0.312002}}
{"target": -50.53876974349632, "params": {"eta": 0.040399752529801554, "max_depth": 3.4608647424267356, "n_estimators": 35.3502617667111}, "datetime": {"datetime": "2021-09-24 17:12:53", "elapsed": 15.560546, "delta": 0.242996}}
{"target": -46.19204192771051, "params": {"eta": 0.23234934564784335, "max_depth": 3.8125981926357864, "n_estimators": 34.79086192841201}, "datetime": {"datetime": "2021-09-24 17:12:53", "elapsed": 15.779887, "delta": 0.219341}}
{"target": -48.95059985684273, "params": {"eta": 0.46261944895961565, "max_depth": 3.303926104465314, "n_estimators": 34.959159915820734}, "datetime": {"datetime": "2021-09-24 17:12:53", "elapsed": 16.039888, "delta": 0.260001}}
{"target": -48.43467072795208, "params": {"eta": 0.1348162352405098, "max_depth": 42.42901507983492, "n_estimators": 23.402183782603824}, "datetime": {"datetime": "2021-09-24 17:12:54", "elapsed": 16.353888, "delta": 0.314}}
{"target": -47.922358606094704, "params": {"eta": 0.37980439026207885, "max_depth": 12.582449932583364, "n_estimators": 59.88433478326895}, "datetime": {"datetime": "2021-09-24 17:12:54", "elapsed": 16.827263, "delta": 0.473375}}
{"target": -47.900056566510884, "params": {"eta": 0.3699917045914825, "max_depth": 17.79745893779734, "n_estimators": 35.729047963421905}, "datetime": {"datetime": "2021-09-24 17:12:54", "elapsed": 17.262901, "delta": 0.435638}}
{"target": -48.981076204687135, "params": {"eta": 0.40732616301056335, "max_depth": 37.61505722847405, "n_estimators": 60.5869208699691}, "datetime": {"datetime": "2021-09-24 17:12:55", "elapsed": 17.747903, "delta": 0.485002}}
{"target": -45.98301897550884, "params": {"eta": 0.30223546485287306, "max_depth": 23.82861676674604, "n_estimators": 65.44480912980404}, "datetime": {"datetime": "2021-09-24 17:12:56", "elapsed": 18.28481, "delta": 0.536907}}
{"target": -55.525032215548634, "params": {"eta": 0.03409951485043937, "max_depth": 3.6120991988334423, "n_estimators": 34.55792675563285}, "datetime": {"datetime": "2021-09-24 17:12:56", "elapsed": 18.529806, "delta": 0.244996}}
{"target": -52.49753616447735, "params": {"eta": 0.050921587790371904, "max_depth": 10.91116507990278, "n_estimators": 31.593316631213668}, "datetime": {"datetime": "2021-09-24 17:12:56", "elapsed": 18.909918, "delta": 0.380112}}
{"target": -48.98406144909393, "params": {"eta": 0.4459280228854259, "max_depth": 47.57839419474253, "n_estimators": 30.73288446902743}, "datetime": {"datetime": "2021-09-24 17:12:57", "elapsed": 19.34092, "delta": 0.431002}}
{"target": -46.397983952572474, "params": {"eta": 0.11323969710859756, "max_depth": 7.823337230176376, "n_estimators": 32.52583792140318}, "datetime": {"datetime": "2021-09-24 17:12:57", "elapsed": 19.672526, "delta": 0.331606}}
{"target": -47.31663943412609, "params": {"eta": 0.33110244626512564, "max_depth": 13.21588891546591, "n_estimators": 48.49967393569616}, "datetime": {"datetime": "2021-09-24 17:12:57", "elapsed": 20.149525, "delta": 0.476999}}
{"target": -48.83980035423336, "params": {"eta": 0.43139911676650283, "max_depth": 24.107800389083483, "n_estimators": 65.20053840128753}, "datetime": {"datetime": "2021-09-24 17:12:58", "elapsed": 20.677334, "delta": 0.527809}}
{"target": -48.77745503590519, "params": {"eta": 0.2724412606470409, "max_depth": 8.15521804120141, "n_estimators": 32.45930072492221}, "datetime": {"datetime": "2021-09-24 17:12:58", "elapsed": 21.000335, "delta": 0.323001}}
{"target": -48.033758751431805, "params": {"eta": 0.030679918898579003, "max_depth": 33.224381049302764, "n_estimators": 65.5673321882008}, "datetime": {"datetime": "2021-09-24 17:12:59", "elapsed": 21.512334, "delta": 0.511999}}
{"target": -49.56499344961984, "params": {"eta": 0.4062886440700448, "max_depth": 4.155872307315531, "n_estimators": 34.89664616192904}, "datetime": {"datetime": "2021-09-24 17:12:59", "elapsed": 21.77021, "delta": 0.257876}}
{"target": -45.940563001130755, "params": {"eta": 0.06323337470502217, "max_depth": 40.95521999783889, "n_estimators": 64.75685009025935}, "datetime": {"datetime": "2021-09-24 17:13:00", "elapsed": 22.386983, "delta": 0.616773}}
{"target": -49.115253219030855, "params": {"eta": 0.43715603089570476, "max_depth": 9.751163425696538, "n_estimators": 37.52052389286837}, "datetime": {"datetime": "2021-09-24 17:13:00", "elapsed": 22.799184, "delta": 0.412201}}
{"target": -46.78582190033188, "params": {"eta": 0.04523695570208949, "max_depth": 8.649254961790454, "n_estimators": 50.196658273023615}, "datetime": {"datetime": "2021-09-24 17:13:00", "elapsed": 23.217184, "delta": 0.418}}
{"target": -45.71265827265001, "params": {"eta": 0.1871033514828398, "max_depth": 41.86947784222122, "n_estimators": 64.76947699156648}, "datetime": {"datetime": "2021-09-24 17:13:01", "elapsed": 23.812539, "delta": 0.595355}}
{"target": -49.62007557001329, "params": {"eta": 0.44704220527131494, "max_depth": 3.336592303488063, "n_estimators": 34.98104951728631}, "datetime": {"datetime": "2021-09-24 17:13:01", "elapsed": 24.069456, "delta": 0.256917}}
{"target": -46.583259984066615, "params": {"eta": 0.398949362820055, "max_depth": 38.70720423180282, "n_estimators": 59.01619065344957}, "datetime": {"datetime": "2021-09-24 17:13:02", "elapsed": 24.635604, "delta": 0.566148}}
{"target": -45.69033584021088, "params": {"eta": 0.15951459555154265, "max_depth": 41.22751647700532, "n_estimators": 65.0182873574177}, "datetime": {"datetime": "2021-09-24 17:13:03", "elapsed": 25.35791, "delta": 0.722306}}
{"target": -84.50611014115184, "params": {"eta": 0.018335167610606183, "max_depth": 15.3727929475935, "n_estimators": 32.26838751161507}, "datetime": {"datetime": "2021-09-24 17:13:03", "elapsed": 25.694547, "delta": 0.336637}}
{"target": -57.79000673796001, "params": {"eta": 0.05226158862676538, "max_depth": 27.813088315235195, "n_estimators": 24.106543493397112}, "datetime": {"datetime": "2021-09-24 17:13:03", "elapsed": 26.039725, "delta": 0.345178}}
{"target": -47.84536433399172, "params": {"eta": 0.2052340426559109, "max_depth": 40.6915744833111, "n_estimators": 65.20742630000245}, "datetime": {"datetime": "2021-09-24 17:13:04", "elapsed": 26.732525, "delta": 0.6928}}
{"target": -46.983790978453214, "params": {"eta": 0.35535391796655913, "max_depth": 41.53998446999541, "n_estimators": 64.51980400172346}, "datetime": {"datetime": "2021-09-24 17:13:05", "elapsed": 27.367167, "delta": 0.634642}}
{"target": -47.24312167060106, "params": {"eta": 0.15849535562131262, "max_depth": 23.954848626027555, "n_estimators": 65.94827720129724}, "datetime": {"datetime": "2021-09-24 17:13:05", "elapsed": 28.010033, "delta": 0.642866}}
{"target": -47.71251199478493, "params": {"eta": 0.36169664949944785, "max_depth": 7.553525660861774, "n_estimators": 32.263341797278244}, "datetime": {"datetime": "2021-09-24 17:13:06", "elapsed": 28.441497, "delta": 0.431464}}
{"target": -47.82117814945995, "params": {"eta": 0.4539417941870803, "max_depth": 18.775961087973347, "n_estimators": 36.06591513588696}, "datetime": {"datetime": "2021-09-24 17:13:06", "elapsed": 28.995318, "delta": 0.553821}}
{"target": -47.091449479411416, "params": {"eta": 0.18898843872135918, "max_depth": 21.462829397587882, "n_estimators": 39.76725849363192}, "datetime": {"datetime": "2021-09-24 17:13:07", "elapsed": 29.47632, "delta": 0.481002}}
{"target": -47.96879878797029, "params": {"eta": 0.2578040076762521, "max_depth": 49.507491394793824, "n_estimators": 36.71994991211706}, "datetime": {"datetime": "2021-09-24 17:13:07", "elapsed": 29.940181, "delta": 0.463861}}
{"target": -51.58073709244118, "params": {"eta": 0.5, "max_depth": 41.70056078932007, "n_estimators": 65.01072996657253}, "datetime": {"datetime": "2021-09-24 17:13:08", "elapsed": 30.589776, "delta": 0.649595}}
{"target": -44.8769530389542, "params": {"eta": 0.23458554631387035, "max_depth": 48.494797827137035, "n_estimators": 44.88315921683037}, "datetime": {"datetime": "2021-09-24 17:13:08", "elapsed": 31.121777, "delta": 0.532001}}
{"target": -48.598665653314804, "params": {"eta": 0.4372707560247944, "max_depth": 48.221108485568706, "n_estimators": 44.80336117634921}, "datetime": {"datetime": "2021-09-24 17:13:09", "elapsed": 31.640408, "delta": 0.518631}}
{"target": -57.18922886095549, "params": {"eta": 0.07588913149854931, "max_depth": 46.99324203591522, "n_estimators": 17.464090377481966}, "datetime": {"datetime": "2021-09-24 17:13:09", "elapsed": 31.978734, "delta": 0.338326}}
{"target": -46.46643585549261, "params": {"eta": 0.1740609218297613, "max_depth": 48.62976141645301, "n_estimators": 44.58219758266357}, "datetime": {"datetime": "2021-09-24 17:13:10", "elapsed": 32.514871, "delta": 0.536137}}
