{"target": -34.85221009113702, "params": {"eta": 0.17, "max_depth": 26.36396118082916, "n_estimators": 9.683421321381823}, "datetime": {"datetime": "2021-09-29 15:09:49", "elapsed": 253.280829, "delta": 1.666789}}
{"target": -34.08463853456134, "params": {"eta": 0.17, "max_depth": 41.78641590376009, "n_estimators": 13.626115174677082}, "datetime": {"datetime": "2021-09-29 15:09:51", "elapsed": 255.118282, "delta": 1.837453}}
{"target": -34.488655570073654, "params": {"eta": 0.17, "max_depth": 15.779272982295176, "n_estimators": 15.560715933410469}, "datetime": {"datetime": "2021-09-29 15:09:52", "elapsed": 256.823447, "delta": 1.705165}}
{"target": -33.82561832364427, "params": {"eta": 0.17, "max_depth": 28.376969671800932, "n_estimators": 12.29968897020726}, "datetime": {"datetime": "2021-09-29 15:09:54", "elapsed": 258.486842, "delta": 1.663395}}
{"target": -33.82561832364427, "params": {"eta": 0.17, "max_depth": 60.28777161463191, "n_estimators": 12.480927506489031}, "datetime": {"datetime": "2021-09-29 15:09:56", "elapsed": 260.812411, "delta": 2.325569}}
{"target": -33.82561832364427, "params": {"eta": 0.17, "max_depth": 80.37793269553714, "n_estimators": 12.63455232345386}, "datetime": {"datetime": "2021-09-29 15:09:58", "elapsed": 262.998714, "delta": 2.186303}}
{"target": -33.82561832364427, "params": {"eta": 0.17, "max_depth": 36.62799354119481, "n_estimators": 12.776239637620062}, "datetime": {"datetime": "2021-09-29 15:10:00", "elapsed": 264.359507, "delta": 1.360793}}
{"target": -33.82561832364427, "params": {"eta": 0.17, "max_depth": 84.49290673294854, "n_estimators": 12.463730254024004}, "datetime": {"datetime": "2021-09-29 15:10:01", "elapsed": 266.095779, "delta": 1.736272}}
{"target": -33.82561832364427, "params": {"eta": 0.17, "max_depth": 37.63814747824909, "n_estimators": 12.392103328849752}, "datetime": {"datetime": "2021-09-29 15:10:03", "elapsed": 267.730544, "delta": 1.634765}}
{"target": -33.82561832364427, "params": {"eta": 0.17, "max_depth": 56.430593056916415, "n_estimators": 12.248200611856792}, "datetime": {"datetime": "2021-09-29 15:10:05", "elapsed": 269.620561, "delta": 1.890017}}
{"target": -33.82561832364427, "params": {"eta": 0.17, "max_depth": 82.82378890726066, "n_estimators": 12.740836248658068}, "datetime": {"datetime": "2021-09-29 15:10:07", "elapsed": 272.096527, "delta": 2.475966}}
{"target": -33.82561832364427, "params": {"eta": 0.17, "max_depth": 71.75852086432604, "n_estimators": 12.027660175236958}, "datetime": {"datetime": "2021-09-29 15:10:09", "elapsed": 273.756311, "delta": 1.659784}}
{"target": -33.82561832364427, "params": {"eta": 0.17, "max_depth": 77.38883832268814, "n_estimators": 12.278471081148563}, "datetime": {"datetime": "2021-09-29 15:10:11", "elapsed": 275.98469, "delta": 2.228379}}
{"target": -33.82561832364427, "params": {"eta": 0.17, "max_depth": 18.557290231508993, "n_estimators": 12.10809223772548}, "datetime": {"datetime": "2021-09-29 15:10:13", "elapsed": 277.249979, "delta": 1.265289}}
{"target": -33.82561832364427, "params": {"eta": 0.17, "max_depth": 98.37582809191932, "n_estimators": 12.077083056185774}, "datetime": {"datetime": "2021-09-29 15:10:16", "elapsed": 280.351295, "delta": 3.101316}}
{"target": -34.488655570073654, "params": {"eta": 0.17, "max_depth": 77.76932630546774, "n_estimators": 15.535228688705239}, "datetime": {"datetime": "2021-09-29 15:10:19", "elapsed": 283.193836, "delta": 2.842541}}
{"target": -33.82561832364427, "params": {"eta": 0.17, "max_depth": 49.876631486548945, "n_estimators": 12.20298760923869}, "datetime": {"datetime": "2021-09-29 15:10:20", "elapsed": 285.08096, "delta": 1.887124}}
{"target": -34.488655570073654, "params": {"eta": 0.17, "max_depth": 84.68522425240533, "n_estimators": 15.676142055805208}, "datetime": {"datetime": "2021-09-29 15:10:22", "elapsed": 286.435658, "delta": 1.354698}}
{"target": -33.82561832364427, "params": {"eta": 0.17, "max_depth": 92.97201940031978, "n_estimators": 12.342251376514199}, "datetime": {"datetime": "2021-09-29 15:10:24", "elapsed": 288.428281, "delta": 1.992623}}
{"target": -33.99598282693733, "params": {"eta": 0.17, "max_depth": 40.85727624152736, "n_estimators": 11.909672079864903}, "datetime": {"datetime": "2021-09-29 15:10:26", "elapsed": 290.653789, "delta": 2.225508}}
{"target": -33.82561832364427, "params": {"eta": 0.17, "max_depth": 44.37633586710332, "n_estimators": 12.599965792076924}, "datetime": {"datetime": "2021-09-29 15:10:29", "elapsed": 293.139541, "delta": 2.485752}}
{"target": -33.82561832364427, "params": {"eta": 0.17, "max_depth": 40.05792156380465, "n_estimators": 12.886323463729566}, "datetime": {"datetime": "2021-09-29 15:10:30", "elapsed": 294.961556, "delta": 1.822015}}
{"target": -33.82561832364427, "params": {"eta": 0.17, "max_depth": 14.00579310136667, "n_estimators": 12.605260466977045}, "datetime": {"datetime": "2021-09-29 15:10:32", "elapsed": 296.695736, "delta": 1.73418}}
{"target": -34.39581086376741, "params": {"eta": 0.17, "max_depth": 13.669075272540837, "n_estimators": 10.793470784633074}, "datetime": {"datetime": "2021-09-29 15:10:34", "elapsed": 298.897159, "delta": 2.201423}}
{"target": -35.78285389603627, "params": {"eta": 0.17, "max_depth": 10.047337277882328, "n_estimators": 10.54626172215031}, "datetime": {"datetime": "2021-09-29 15:10:37", "elapsed": 301.130323, "delta": 2.233164}}
{"target": -80.78114210713122, "params": {"eta": 0.17, "max_depth": 52.58544586731274, "n_estimators": 1.0001110118792242}, "datetime": {"datetime": "2021-09-29 15:10:39", "elapsed": 303.181324, "delta": 2.051001}}
{"target": -34.85221009113702, "params": {"eta": 0.17, "max_depth": 57.27084255226072, "n_estimators": 9.0995036585077}, "datetime": {"datetime": "2021-09-29 15:10:40", "elapsed": 304.589562, "delta": 1.408238}}
{"target": -34.85221009113702, "params": {"eta": 0.17, "max_depth": 44.79330796898222, "n_estimators": 9.025072351607614}, "datetime": {"datetime": "2021-09-29 15:10:41", "elapsed": 306.079775, "delta": 1.490213}}
{"target": -36.50911269324574, "params": {"eta": 0.17, "max_depth": 21.601854615241994, "n_estimators": 29.97101189105865}, "datetime": {"datetime": "2021-09-29 15:10:44", "elapsed": 308.255459, "delta": 2.175684}}
{"target": -33.82561832364427, "params": {"eta": 0.17, "max_depth": 68.81524789115262, "n_estimators": 12.899225593385705}, "datetime": {"datetime": "2021-09-29 15:10:46", "elapsed": 310.897993, "delta": 2.642534}}
{"target": -34.75084960898663, "params": {"eta": 0.17, "max_depth": 55.59167664395515, "n_estimators": 16.42045953695301}, "datetime": {"datetime": "2021-09-29 15:10:48", "elapsed": 312.507063, "delta": 1.60907}}
{"target": -33.82561832364427, "params": {"eta": 0.17, "max_depth": 96.7241422597595, "n_estimators": 12.410855252019095}, "datetime": {"datetime": "2021-09-29 15:10:50", "elapsed": 314.227739, "delta": 1.720676}}
{"target": -33.82561832364427, "params": {"eta": 0.17, "max_depth": 53.99252029275195, "n_estimators": 12.509272685111762}, "datetime": {"datetime": "2021-09-29 15:10:51", "elapsed": 315.90006, "delta": 1.672321}}
{"target": -33.82561832364427, "params": {"eta": 0.17, "max_depth": 74.19740902524073, "n_estimators": 12.525181611829547}, "datetime": {"datetime": "2021-09-29 15:10:54", "elapsed": 318.219223, "delta": 2.319163}}
{"target": -33.82561832364427, "params": {"eta": 0.17, "max_depth": 57.70267738940981, "n_estimators": 12.401801960319808}, "datetime": {"datetime": "2021-09-29 15:10:55", "elapsed": 320.041083, "delta": 1.82186}}
{"target": -33.82561832364427, "params": {"eta": 0.17, "max_depth": 15.928833746833536, "n_estimators": 12.32400348606423}, "datetime": {"datetime": "2021-09-29 15:10:57", "elapsed": 321.726693, "delta": 1.68561}}
{"target": -33.82561832364427, "params": {"eta": 0.17, "max_depth": 35.76116435783442, "n_estimators": 12.818932164519246}, "datetime": {"datetime": "2021-09-29 15:10:59", "elapsed": 323.586805, "delta": 1.860112}}
{"target": -33.82561832364427, "params": {"eta": 0.17, "max_depth": 80.67197398218104, "n_estimators": 12.224149272870202}, "datetime": {"datetime": "2021-09-29 15:11:01", "elapsed": 325.401839, "delta": 1.815034}}
{"target": -33.82561832364427, "params": {"eta": 0.17, "max_depth": 17.18198160957548, "n_estimators": 12.331544776014297}, "datetime": {"datetime": "2021-09-29 15:11:03", "elapsed": 327.532569, "delta": 2.13073}}
{"target": -34.85221009113702, "params": {"eta": 0.17, "max_depth": 16.5480103039892, "n_estimators": 9.899232530487152}, "datetime": {"datetime": "2021-09-29 15:11:04", "elapsed": 328.933042, "delta": 1.400473}}
{"target": -33.82561832364427, "params": {"eta": 0.17, "max_depth": 43.84322396459371, "n_estimators": 12.858083230123908}, "datetime": {"datetime": "2021-09-29 15:11:06", "elapsed": 330.282971, "delta": 1.349929}}
{"target": -36.787588424904804, "params": {"eta": 0.17, "max_depth": 3.9943911669075023, "n_estimators": 14.700193811538686}, "datetime": {"datetime": "2021-09-29 15:11:07", "elapsed": 331.797755, "delta": 1.514784}}
{"target": -33.82561832364427, "params": {"eta": 0.17, "max_depth": 60.90693199861114, "n_estimators": 12.540067876167916}, "datetime": {"datetime": "2021-09-29 15:11:08", "elapsed": 333.077682, "delta": 1.279927}}
{"target": -33.82561832364427, "params": {"eta": 0.17, "max_depth": 63.718743586824345, "n_estimators": 12.09444312831285}, "datetime": {"datetime": "2021-09-29 15:11:10", "elapsed": 334.540256, "delta": 1.462574}}
{"target": -33.82561832364427, "params": {"eta": 0.17, "max_depth": 40.62610282107983, "n_estimators": 12.827612346932966}, "datetime": {"datetime": "2021-09-29 15:11:12", "elapsed": 336.491501, "delta": 1.951245}}
{"target": -33.82561832364427, "params": {"eta": 0.17, "max_depth": 94.26296133494074, "n_estimators": 12.039950285116811}, "datetime": {"datetime": "2021-09-29 15:11:14", "elapsed": 338.122499, "delta": 1.630998}}
{"target": -33.99598282693733, "params": {"eta": 0.17, "max_depth": 93.16871980862126, "n_estimators": 11.783565414899604}, "datetime": {"datetime": "2021-09-29 15:11:15", "elapsed": 340.006424, "delta": 1.883925}}
{"target": -33.82561832364427, "params": {"eta": 0.17, "max_depth": 93.82015644085713, "n_estimators": 12.369552534307129}, "datetime": {"datetime": "2021-09-29 15:11:17", "elapsed": 341.849186, "delta": 1.842762}}
{"target": -33.82561832364427, "params": {"eta": 0.17, "max_depth": 21.140456423059867, "n_estimators": 12.073081302691769}, "datetime": {"datetime": "2021-09-29 15:11:19", "elapsed": 344.068106, "delta": 2.21892}}
{"target": -33.82561832364427, "params": {"eta": 0.17, "max_depth": 71.99800357521762, "n_estimators": 12.489015611042866}, "datetime": {"datetime": "2021-09-29 15:11:21", "elapsed": 345.410849, "delta": 1.342743}}
{"target": -33.82561832364427, "params": {"eta": 0.17, "max_depth": 47.19515124608434, "n_estimators": 12.623630332385167}, "datetime": {"datetime": "2021-09-29 15:11:23", "elapsed": 347.527012, "delta": 2.116163}}
{"target": -96.24102630209201, "params": {"eta": 0.03, "max_depth": 72.31212485077366, "n_estimators": 1.0113231069171438}, "datetime": {"datetime": "2021-09-29 15:17:45", "elapsed": 0.0, "delta": 0.0}}
{"target": -39.16952401915904, "params": {"eta": 0.03, "max_depth": 19.439760926389418, "n_estimators": 35.210511977261724}, "datetime": {"datetime": "2021-09-29 15:17:45", "elapsed": 0.287004, "delta": 0.287004}}
{"target": -39.51856109725978, "params": {"eta": 0.03, "max_depth": 20.287920889339556, "n_estimators": 34.20729195666642}, "datetime": {"datetime": "2021-09-29 15:17:45", "elapsed": 0.533527, "delta": 0.246523}}
{"target": -35.4803722341977, "params": {"eta": 0.03, "max_depth": 33.66615109719108, "n_estimators": 99.83113841639047}, "datetime": {"datetime": "2021-09-29 15:17:46", "elapsed": 1.12466, "delta": 0.591133}}
{"target": -35.4803722341977, "params": {"eta": 0.03, "max_depth": 97.17567774333706, "n_estimators": 99.87555453739299}, "datetime": {"datetime": "2021-09-29 15:17:46", "elapsed": 1.743656, "delta": 0.618996}}
{"target": -39.992767304472146, "params": {"eta": 0.03, "max_depth": 1.0552842874176043, "n_estimators": 99.36148813055328}, "datetime": {"datetime": "2021-09-29 15:17:47", "elapsed": 1.963655, "delta": 0.219999}}
{"target": -92.15982847903095, "params": {"eta": 0.03, "max_depth": 1.0432906809311453, "n_estimators": 2.3849181056696236}, "datetime": {"datetime": "2021-09-29 15:17:47", "elapsed": 2.137659, "delta": 0.174004}}
{"target": -34.91579874240628, "params": {"eta": 0.03, "max_depth": 50.46625823349925, "n_estimators": 64.50753773186099}, "datetime": {"datetime": "2021-09-29 15:17:47", "elapsed": 2.57466, "delta": 0.437001}}
{"target": -35.00606945500927, "params": {"eta": 0.03, "max_depth": 99.53348500542309, "n_estimators": 62.236572949945696}, "datetime": {"datetime": "2021-09-29 15:17:48", "elapsed": 2.998433, "delta": 0.423773}}
{"target": -35.4803722341977, "params": {"eta": 0.03, "max_depth": 66.52876430442883, "n_estimators": 99.73881705248917}, "datetime": {"datetime": "2021-09-29 15:17:48", "elapsed": 3.631431, "delta": 0.632998}}
{"target": -34.87767394932485, "params": {"eta": 0.03, "max_depth": 17.934380909845448, "n_estimators": 70.88675329872447}, "datetime": {"datetime": "2021-09-29 15:17:49", "elapsed": 4.120435, "delta": 0.489004}}
{"target": -34.776865541608224, "params": {"eta": 0.03, "max_depth": 81.09067052858647, "n_estimators": 76.75637359437333}, "datetime": {"datetime": "2021-09-29 15:17:49", "elapsed": 4.638434, "delta": 0.517999}}
{"target": -35.53873397849206, "params": {"eta": 0.03, "max_depth": 33.52387097007486, "n_estimators": 49.742512986862025}, "datetime": {"datetime": "2021-09-29 15:17:50", "elapsed": 5.056724, "delta": 0.41829}}
{"target": -34.78937984734282, "params": {"eta": 0.03, "max_depth": 99.918341690505, "n_estimators": 80.85801098514311}, "datetime": {"datetime": "2021-09-29 15:17:50", "elapsed": 5.619722, "delta": 0.562998}}
{"target": -37.780023025492895, "params": {"eta": 0.03, "max_depth": 1.0736965476060676, "n_estimators": 65.4121754880232}, "datetime": {"datetime": "2021-09-29 15:17:50", "elapsed": 5.847725, "delta": 0.228003}}
{"target": -34.84961870487639, "params": {"eta": 0.03, "max_depth": 46.9925063517236, "n_estimators": 83.10465364678063}, "datetime": {"datetime": "2021-09-29 15:17:51", "elapsed": 6.491721, "delta": 0.643996}}
{"target": -35.17927311636767, "params": {"eta": 0.03, "max_depth": 73.63978842283382, "n_estimators": 55.507498688472246}, "datetime": {"datetime": "2021-09-29 15:17:52", "elapsed": 7.044921, "delta": 0.5532}}
{"target": -34.82924567143017, "params": {"eta": 0.03, "max_depth": 65.19444516119455, "n_estimators": 72.07286424417254}, "datetime": {"datetime": "2021-09-29 15:17:52", "elapsed": 7.597923, "delta": 0.553002}}
{"target": -35.00884535116289, "params": {"eta": 0.03, "max_depth": 21.777817842201426, "n_estimators": 87.24454817077655}, "datetime": {"datetime": "2021-09-29 15:17:53", "elapsed": 8.219536, "delta": 0.621613}}
{"target": -34.85167347902455, "params": {"eta": 0.03, "max_depth": 33.35910165291297, "n_estimators": 71.89964793580155}, "datetime": {"datetime": "2021-09-29 15:17:53", "elapsed": 8.783538, "delta": 0.564002}}
{"target": -34.91579874240628, "params": {"eta": 0.03, "max_depth": 86.40666414599575, "n_estimators": 64.83353368036174}, "datetime": {"datetime": "2021-09-29 15:17:54", "elapsed": 9.271537, "delta": 0.487999}}
{"target": -35.4803722341977, "params": {"eta": 0.03, "max_depth": 82.12624034061271, "n_estimators": 99.37099827424065}, "datetime": {"datetime": "2021-09-29 15:17:55", "elapsed": 9.99854, "delta": 0.727003}}
{"target": -35.4803722341977, "params": {"eta": 0.03, "max_depth": 49.880158768611416, "n_estimators": 99.65051887258899}, "datetime": {"datetime": "2021-09-29 15:17:55", "elapsed": 10.783323, "delta": 0.784783}}
{"target": -35.429417648318406, "params": {"eta": 0.03, "max_depth": 55.84392015900231, "n_estimators": 50.90373351702305}, "datetime": {"datetime": "2021-09-29 15:17:56", "elapsed": 11.195316, "delta": 0.411993}}
{"target": -35.17927311636767, "params": {"eta": 0.03, "max_depth": 18.142118999296226, "n_estimators": 55.65057148735232}, "datetime": {"datetime": "2021-09-29 15:17:56", "elapsed": 11.658319, "delta": 0.463003}}
{"target": -34.96513258712153, "params": {"eta": 0.03, "max_depth": 34.28792928652865, "n_estimators": 86.66565829003802}, "datetime": {"datetime": "2021-09-29 15:17:57", "elapsed": 12.245323, "delta": 0.587004}}
{"target": -34.96513258712153, "params": {"eta": 0.03, "max_depth": 66.97816299971073, "n_estimators": 86.92190874465479}, "datetime": {"datetime": "2021-09-29 15:17:57", "elapsed": 12.903563, "delta": 0.65824}}
{"target": -34.98537901713364, "params": {"eta": 0.03, "max_depth": 63.42770029792108, "n_estimators": 60.08541383535751}, "datetime": {"datetime": "2021-09-29 15:17:58", "elapsed": 13.432562, "delta": 0.528999}}
{"target": -35.73196456263011, "params": {"eta": 0.03, "max_depth": 99.86274028040914, "n_estimators": 48.16790301855336}, "datetime": {"datetime": "2021-09-29 15:17:58", "elapsed": 13.903565, "delta": 0.471003}}
{"target": -35.04489783228911, "params": {"eta": 0.03, "max_depth": 90.8784622269415, "n_estimators": 88.92805862273434}, "datetime": {"datetime": "2021-09-29 15:17:59", "elapsed": 14.542563, "delta": 0.638998}}
{"target": -35.24278364121444, "params": {"eta": 0.03, "max_depth": 89.3515066042557, "n_estimators": 53.298753243854975}, "datetime": {"datetime": "2021-09-29 15:17:59", "elapsed": 14.957928, "delta": 0.415365}}
{"target": -36.33608722712298, "params": {"eta": 0.03, "max_depth": 8.94823333669922, "n_estimators": 80.78121941583562}, "datetime": {"datetime": "2021-09-29 15:18:00", "elapsed": 15.516935, "delta": 0.559007}}
{"target": -34.78914393049132, "params": {"eta": 0.03, "max_depth": 92.75926545947655, "n_estimators": 75.16848685793298}, "datetime": {"datetime": "2021-09-29 15:18:01", "elapsed": 16.10495, "delta": 0.588015}}
{"target": -34.7645115900733, "params": {"eta": 0.03, "max_depth": 55.579182385919545, "n_estimators": 77.10852164857258}, "datetime": {"datetime": "2021-09-29 15:18:01", "elapsed": 16.730943, "delta": 0.625993}}
{"target": -35.00606945500927, "params": {"eta": 0.03, "max_depth": 27.194458793478322, "n_estimators": 62.255805644590254}, "datetime": {"datetime": "2021-09-29 15:18:02", "elapsed": 17.207238, "delta": 0.476295}}
{"target": -34.7645115900733, "params": {"eta": 0.03, "max_depth": 25.292771398735248, "n_estimators": 77.44664540547973}, "datetime": {"datetime": "2021-09-29 15:18:02", "elapsed": 17.811235, "delta": 0.603997}}
{"target": -35.4803722341977, "params": {"eta": 0.03, "max_depth": 21.365688819449797, "n_estimators": 99.91973364969701}, "datetime": {"datetime": "2021-09-29 15:18:03", "elapsed": 18.575884, "delta": 0.764649}}
{"target": -35.095137186776235, "params": {"eta": 0.03, "max_depth": 55.745251349101395, "n_estimators": 89.78040524349149}, "datetime": {"datetime": "2021-09-29 15:18:04", "elapsed": 19.286404, "delta": 0.71052}}
{"target": -34.97420605680991, "params": {"eta": 0.03, "max_depth": 74.68160742195826, "n_estimators": 65.6464636271147}, "datetime": {"datetime": "2021-09-29 15:18:04", "elapsed": 19.776408, "delta": 0.490004}}
{"target": -35.04489783228911, "params": {"eta": 0.03, "max_depth": 78.73861431777985, "n_estimators": 88.02274442227419}, "datetime": {"datetime": "2021-09-29 15:18:05", "elapsed": 20.426405, "delta": 0.649997}}
{"target": -34.79591948788923, "params": {"eta": 0.03, "max_depth": 43.46570677441129, "n_estimators": 74.32103599256384}, "datetime": {"datetime": "2021-09-29 15:18:06", "elapsed": 21.113918, "delta": 0.687513}}
{"target": -35.1476207138104, "params": {"eta": 0.03, "max_depth": 99.973202205398, "n_estimators": 90.93064282788585}, "datetime": {"datetime": "2021-09-29 15:18:06", "elapsed": 21.839916, "delta": 0.725998}}
{"target": -35.11571486030242, "params": {"eta": 0.03, "max_depth": 45.73840288625554, "n_estimators": 56.839976647346695}, "datetime": {"datetime": "2021-09-29 15:18:07", "elapsed": 22.363914, "delta": 0.523998}}
{"target": -34.7645115900733, "params": {"eta": 0.03, "max_depth": 71.42971777771163, "n_estimators": 77.71577082256194}, "datetime": {"datetime": "2021-09-29 15:18:07", "elapsed": 22.957669, "delta": 0.593755}}
{"target": -34.82924567143017, "params": {"eta": 0.03, "max_depth": 99.90452010832833, "n_estimators": 72.0095399453917}, "datetime": {"datetime": "2021-09-29 15:18:08", "elapsed": 23.482664, "delta": 0.524995}}
{"target": -34.76267347051375, "params": {"eta": 0.03, "max_depth": 35.96403752106374, "n_estimators": 78.99185465990514}, "datetime": {"datetime": "2021-09-29 15:18:09", "elapsed": 24.211669, "delta": 0.729005}}
{"target": -34.78937984734282, "params": {"eta": 0.03, "max_depth": 62.33232441186838, "n_estimators": 80.0114120950357}, "datetime": {"datetime": "2021-09-29 15:18:09", "elapsed": 24.801223, "delta": 0.589554}}
{"target": -34.911911785446534, "params": {"eta": 0.03, "max_depth": 23.8163581469083, "n_estimators": 69.47819971080793}, "datetime": {"datetime": "2021-09-29 15:18:10", "elapsed": 25.336291, "delta": 0.535068}}
{"target": -34.803871451858974, "params": {"eta": 0.03, "max_depth": 87.54262765736729, "n_estimators": 81.67783487232906}, "datetime": {"datetime": "2021-09-29 15:18:11", "elapsed": 25.984291, "delta": 0.648}}
{"target": -35.73196456263011, "params": {"eta": 0.03, "max_depth": 24.398114666490066, "n_estimators": 48.55991670779553}, "datetime": {"datetime": "2021-09-29 15:18:11", "elapsed": 26.416288, "delta": 0.431997}}
{"target": -34.91579874240628, "params": {"eta": 0.03, "max_depth": 15.284855130586688, "n_estimators": 64.16770858409325}, "datetime": {"datetime": "2021-09-29 15:18:12", "elapsed": 26.990926, "delta": 0.574638}}
{"target": -35.25971856657019, "params": {"eta": 0.03, "max_depth": 99.92824279695371, "n_estimators": 54.80694224594242}, "datetime": {"datetime": "2021-09-29 15:18:12", "elapsed": 27.454921, "delta": 0.463995}}
