{"target": 0.1865504000302025, "params": {"eta": 0.7197466222842276, "max_depth": 12.27232074582489, "n_estimators": 33.49194564916511}, "datetime": {"datetime": "2021-09-24 12:25:53", "elapsed": 876.402292, "delta": 4.324883}}
{"target": -0.09574012889877048, "params": {"eta": 0.9910707685132965, "max_depth": 13.751143390217424, "n_estimators": 36.101269022786006}, "datetime": {"datetime": "2021-09-24 12:25:58", "elapsed": 881.23926, "delta": 4.836968}}
{"target": 0.19142530280773762, "params": {"eta": 0.7623864113536936, "max_depth": 4.517803739534728, "n_estimators": 16.95493525839621}, "datetime": {"datetime": "2021-09-24 12:26:02", "elapsed": 884.773691, "delta": 3.534431}}
{"target": -0.0700290545108766, "params": {"eta": 0.9923630937528798, "max_depth": 12.719888177440179, "n_estimators": 34.167498738070286}, "datetime": {"datetime": "2021-09-24 12:26:05", "elapsed": 888.261147, "delta": 3.487456}}
{"target": -2.6849168044066793, "params": {"eta": 0.0068276328475806915, "max_depth": 1.8877559331418703, "n_estimators": 26.548323146109887}, "datetime": {"datetime": "2021-09-24 12:26:09", "elapsed": 891.649975, "delta": 3.388828}}
{"target": 0.3365264765980478, "params": {"eta": 0.16818164870574545, "max_depth": 12.559765955085629, "n_estimators": 27.34575283058645}, "datetime": {"datetime": "2021-09-24 12:26:11", "elapsed": 893.678012, "delta": 2.028037}}
{"target": 0.1450439361556286, "params": {"eta": 0.9344229974728632, "max_depth": 2.2799963698738503, "n_estimators": 22.711848321813616}, "datetime": {"datetime": "2021-09-24 12:26:13", "elapsed": 895.696439, "delta": 2.018427}}
{"target": 0.15656497647604406, "params": {"eta": 0.8322497024034616, "max_depth": 23.9572397178051, "n_estimators": 41.09229305929614}, "datetime": {"datetime": "2021-09-24 12:26:17", "elapsed": 899.885098, "delta": 4.188659}}
{"target": 0.4074692093672909, "params": {"eta": 0.8523258621297005, "max_depth": 1.4597623998198967, "n_estimators": 26.293525164504256}, "datetime": {"datetime": "2021-09-24 12:26:21", "elapsed": 904.29829, "delta": 4.413192}}
{"target": 0.36356825388706127, "params": {"eta": 0.17540460146672407, "max_depth": 14.039460701611723, "n_estimators": 23.826091488600046}, "datetime": {"datetime": "2021-09-24 12:26:23", "elapsed": 906.338352, "delta": 2.040062}}
{"target": 0.22222674598864434, "params": {"eta": 0.6901451805145705, "max_depth": 24.811862977700386, "n_estimators": 38.87600293149032}, "datetime": {"datetime": "2021-09-24 12:26:28", "elapsed": 910.4838, "delta": 4.145448}}
{"target": 0.4528081355868595, "params": {"eta": 0.3153233151528873, "max_depth": 1.0919820045896613, "n_estimators": 25.836837799287878}, "datetime": {"datetime": "2021-09-24 12:26:32", "elapsed": 915.363794, "delta": 4.879994}}
{"target": 0.15524496090694917, "params": {"eta": 0.6649830997965372, "max_depth": 20.30810801968911, "n_estimators": 26.42857769806279}, "datetime": {"datetime": "2021-09-24 12:26:35", "elapsed": 917.845038, "delta": 2.481244}}
{"target": 0.3804493799984523, "params": {"eta": 0.35509508027258146, "max_depth": 3.355631752931769, "n_estimators": 16.278309411028523}, "datetime": {"datetime": "2021-09-24 12:26:40", "elapsed": 923.334075, "delta": 5.489037}}
{"target": -0.0601952321313477, "params": {"eta": 0.8916664089469429, "max_depth": 16.50622384986725, "n_estimators": 22.11903480142249}, "datetime": {"datetime": "2021-09-24 12:26:43", "elapsed": 925.566626, "delta": 2.232551}}
{"target": 0.13846114479586236, "params": {"eta": 0.7519061140661234, "max_depth": 19.830981035319194, "n_estimators": 27.2565584249875}, "datetime": {"datetime": "2021-09-24 12:26:48", "elapsed": 930.775313, "delta": 5.208687}}
{"target": 0.17850428644895222, "params": {"eta": 0.043937924700310584, "max_depth": 24.163656262013596, "n_estimators": 38.81453572806178}, "datetime": {"datetime": "2021-09-24 12:26:52", "elapsed": 935.014378, "delta": 4.239065}}
{"target": 0.2636057124712138, "params": {"eta": 0.5499143582448099, "max_depth": 13.617881753857144, "n_estimators": 20.799336109439935}, "datetime": {"datetime": "2021-09-24 12:26:54", "elapsed": 937.435376, "delta": 2.420998}}
{"target": 0.3805470212541705, "params": {"eta": 1.0, "max_depth": 1.6247754749680217, "n_estimators": 13.381564173883245}, "datetime": {"datetime": "2021-09-24 12:26:59", "elapsed": 942.1334, "delta": 4.698024}}
{"target": -0.07463857314528966, "params": {"eta": 0.9761715769562902, "max_depth": 20.504551208206102, "n_estimators": 27.154266817599332}, "datetime": {"datetime": "2021-09-24 12:27:04", "elapsed": 946.613978, "delta": 4.480578}}
{"target": -0.12840505719648343, "params": {"eta": 0.9514432552752171, "max_depth": 5.080800962953127, "n_estimators": 15.0939197518961}, "datetime": {"datetime": "2021-09-24 12:27:08", "elapsed": 950.98522, "delta": 4.371242}}
{"target": -2.5335903128623682, "params": {"eta": 0.19012792169292667, "max_depth": 16.364218414748056, "n_estimators": 1.0056043660498994}, "datetime": {"datetime": "2021-09-24 12:40:05", "elapsed": 0.0, "delta": 0.0}}
{"target": -0.5499454136360089, "params": {"eta": 0.14883972614746233, "max_depth": 8.90782658062247, "n_estimators": 5.524591143671092}, "datetime": {"datetime": "2021-09-24 12:40:05", "elapsed": 0.050998, "delta": 0.050998}}
{"target": 0.2908418716741984, "params": {"eta": 0.10705367609596153, "max_depth": 11.492289451559621, "n_estimators": 20.441606237302828}, "datetime": {"datetime": "2021-09-24 12:40:05", "elapsed": 0.216999, "delta": 0.166001}}
{"target": 0.35907322250480755, "params": {"eta": 0.23397402424120853, "max_depth": 12.449528687242832, "n_estimators": 34.575755519441216}, "datetime": {"datetime": "2021-09-24 12:40:05", "elapsed": 0.507004, "delta": 0.290005}}
{"target": -2.373372445767354, "params": {"eta": 0.11360280990334629, "max_depth": 18.41552667308229, "n_estimators": 2.3419920666983822}, "datetime": {"datetime": "2021-09-24 12:40:05", "elapsed": 0.535998, "delta": 0.028994}}
{"target": 0.3368896814467299, "params": {"eta": 0.4, "max_depth": 20.0, "n_estimators": 27.60043094385078}, "datetime": {"datetime": "2021-09-24 12:40:06", "elapsed": 1.053, "delta": 0.517002}}
{"target": 0.3369811454012581, "params": {"eta": 0.4, "max_depth": 20.0, "n_estimators": 49.13420313804974}, "datetime": {"datetime": "2021-09-24 12:40:07", "elapsed": 1.775432, "delta": 0.722432}}
{"target": 0.2669927831238835, "params": {"eta": 0.04, "max_depth": 7.0, "n_estimators": 50.0}, "datetime": {"datetime": "2021-09-24 12:40:07", "elapsed": 2.609921, "delta": 0.834489}}
{"target": 0.14750314275401755, "params": {"eta": 0.04, "max_depth": 20.0, "n_estimators": 39.23393723840917}, "datetime": {"datetime": "2021-09-24 12:40:08", "elapsed": 3.193927, "delta": 0.584006}}
{"target": 0.2693253945065561, "params": {"eta": 0.4, "max_depth": 7.0, "n_estimators": 27.707943070331147}, "datetime": {"datetime": "2021-09-24 12:40:09", "elapsed": 3.791147, "delta": 0.59722}}
{"target": 0.26885703759831925, "params": {"eta": 0.4, "max_depth": 7.0, "n_estimators": 40.788516892508525}, "datetime": {"datetime": "2021-09-24 12:40:09", "elapsed": 4.404196, "delta": 0.613049}}
{"target": 0.27504863959775194, "params": {"eta": 0.4, "max_depth": 7.0, "n_estimators": 14.832266625246884}, "datetime": {"datetime": "2021-09-24 12:40:10", "elapsed": 4.955218, "delta": 0.551022}}
{"target": 0.33673262781954516, "params": {"eta": 0.4, "max_depth": 20.0, "n_estimators": 18.84235478913194}, "datetime": {"datetime": "2021-09-24 12:40:11", "elapsed": 5.650188, "delta": 0.69497}}
{"target": 0.3307571872563536, "params": {"eta": 0.4, "max_depth": 13.505283426063988, "n_estimators": 46.27217458302084}, "datetime": {"datetime": "2021-09-24 12:40:11", "elapsed": 6.538209, "delta": 0.888021}}
{"target": -0.16200052352298822, "params": {"eta": 0.042090871482108425, "max_depth": 14.385712809221285, "n_estimators": 26.709553878412127}, "datetime": {"datetime": "2021-09-24 12:40:12", "elapsed": 7.40221, "delta": 0.864001}}
{"target": 0.03909781811687285, "params": {"eta": 0.04, "max_depth": 7.0, "n_estimators": 34.28284052581972}, "datetime": {"datetime": "2021-09-24 12:40:13", "elapsed": 7.807211, "delta": 0.405001}}
{"target": 0.27122505055000234, "params": {"eta": 0.4, "max_depth": 7.0, "n_estimators": 21.201696711644683}, "datetime": {"datetime": "2021-09-24 12:40:13", "elapsed": 8.339401, "delta": 0.53219}}
{"target": 0.33306958768748585, "params": {"eta": 0.4, "max_depth": 14.15680221682633, "n_estimators": 14.666222293901823}, "datetime": {"datetime": "2021-09-24 12:40:14", "elapsed": 8.950492, "delta": 0.611091}}
{"target": 0.33695840716442993, "params": {"eta": 0.4, "max_depth": 20.0, "n_estimators": 33.06846931776267}, "datetime": {"datetime": "2021-09-24 12:40:15", "elapsed": 9.652492, "delta": 0.702}}
{"target": 0.33075505527478566, "params": {"eta": 0.4, "max_depth": 13.187641395970791, "n_estimators": 39.948948660701355}, "datetime": {"datetime": "2021-09-24 12:40:15", "elapsed": 10.365439, "delta": 0.712947}}
{"target": 0.3231116179763426, "params": {"eta": 0.3466328579512952, "max_depth": 15.329389777245364, "n_estimators": 49.97811026796264}, "datetime": {"datetime": "2021-09-24 12:40:16", "elapsed": 11.171441, "delta": 0.806002}}
{"target": 0.220720824227987, "params": {"eta": 0.04, "max_depth": 7.0, "n_estimators": 45.494298865628785}, "datetime": {"datetime": "2021-09-24 12:40:17", "elapsed": 11.767681, "delta": 0.59624}}
{"target": -0.7048646910499607, "params": {"eta": 0.04, "max_depth": 15.655770999987235, "n_estimators": 18.2557648469095}, "datetime": {"datetime": "2021-09-24 12:40:17", "elapsed": 12.169818, "delta": 0.402137}}
{"target": 0.3389720727005594, "params": {"eta": 0.4, "max_depth": 20.0, "n_estimators": 12.733702741354206}, "datetime": {"datetime": "2021-09-24 12:40:18", "elapsed": 12.877818, "delta": 0.708}}
{"target": 0.32406231216951553, "params": {"eta": 0.4, "max_depth": 11.269965430811444, "n_estimators": 11.624459073442635}, "datetime": {"datetime": "2021-09-24 12:40:18", "elapsed": 13.238817, "delta": 0.360999}}
{"target": 0.28531980137124047, "params": {"eta": 0.3301430710641942, "max_depth": 19.75933627264602, "n_estimators": 44.649125867500935}, "datetime": {"datetime": "2021-09-24 12:40:19", "elapsed": 13.869618, "delta": 0.630801}}
{"target": -0.8556485625465919, "params": {"eta": 0.04, "max_depth": 10.152308817599609, "n_estimators": 16.408987390307026}, "datetime": {"datetime": "2021-09-24 12:40:19", "elapsed": 14.35719, "delta": 0.487572}}
{"target": 0.3242698188976143, "params": {"eta": 0.4, "max_depth": 15.657192435551613, "n_estimators": 11.12575170079059}, "datetime": {"datetime": "2021-09-24 12:40:20", "elapsed": 14.816188, "delta": 0.458998}}
{"target": 0.31655561484972705, "params": {"eta": 0.4, "max_depth": 9.961483130906123, "n_estimators": 24.052809302648523}, "datetime": {"datetime": "2021-09-24 12:40:20", "elapsed": 15.210197, "delta": 0.394009}}
{"target": 0.2867810226960026, "params": {"eta": 0.4, "max_depth": 7.0, "n_estimators": 10.780483433897674}, "datetime": {"datetime": "2021-09-24 12:40:21", "elapsed": 15.661191, "delta": 0.450994}}
{"target": 0.07372930436371516, "params": {"eta": 0.04, "max_depth": 16.374438908586168, "n_estimators": 35.88716561787271}, "datetime": {"datetime": "2021-09-24 12:40:21", "elapsed": 16.254814, "delta": 0.593623}}
{"target": 0.3368333173244814, "params": {"eta": 0.4, "max_depth": 20.0, "n_estimators": 23.19512540829492}, "datetime": {"datetime": "2021-09-24 12:40:22", "elapsed": 16.771814, "delta": 0.517}}
{"target": 0.24553186683070227, "params": {"eta": 0.04, "max_depth": 11.074105266384484, "n_estimators": 50.0}, "datetime": {"datetime": "2021-09-24 12:40:22", "elapsed": 17.476815, "delta": 0.705001}}
{"target": 0.3220747200068158, "params": {"eta": 0.08002482624632407, "max_depth": 10.709900752799253, "n_estimators": 42.930783806879816}, "datetime": {"datetime": "2021-09-24 12:40:23", "elapsed": 18.222809, "delta": 0.745994}}
{"target": 0.3266249807510765, "params": {"eta": 0.3779039238572385, "max_depth": 10.686656495794015, "n_estimators": 30.82395795712589}, "datetime": {"datetime": "2021-09-24 12:40:24", "elapsed": 18.7416, "delta": 0.518791}}
{"target": 0.35084579096361235, "params": {"eta": 0.36714095425470833, "max_depth": 16.019533178956127, "n_estimators": 42.80029238823401}, "datetime": {"datetime": "2021-09-24 12:40:24", "elapsed": 19.6046, "delta": 0.863}}
{"target": 0.3502469170793969, "params": {"eta": 0.26523061574561607, "max_depth": 15.957849287116192, "n_estimators": 31.23425724559107}, "datetime": {"datetime": "2021-09-24 12:40:25", "elapsed": 20.165567, "delta": 0.560967}}
{"target": 0.316085359288929, "params": {"eta": 0.4, "max_depth": 9.844607196286596, "n_estimators": 37.91546168573168}, "datetime": {"datetime": "2021-09-24 12:40:26", "elapsed": 20.751567, "delta": 0.586}}
{"target": 0.26102163538740963, "params": {"eta": 0.04423066520371405, "max_depth": 17.19224707764044, "n_estimators": 46.867952096044334}, "datetime": {"datetime": "2021-09-24 12:40:26", "elapsed": 21.340565, "delta": 0.588998}}
{"target": 0.3143046849315433, "params": {"eta": 0.34069270857339656, "max_depth": 17.152558473323467, "n_estimators": 13.886177836414817}, "datetime": {"datetime": "2021-09-24 12:40:27", "elapsed": 21.84322, "delta": 0.502655}}
{"target": 0.2860599808759332, "params": {"eta": 0.3982222169669118, "max_depth": 19.99628091343464, "n_estimators": 15.816236516207182}, "datetime": {"datetime": "2021-09-24 12:40:27", "elapsed": 22.381944, "delta": 0.538724}}
{"target": -1.3559243113497739, "params": {"eta": 0.3824222944024039, "max_depth": 7.128055409127953, "n_estimators": 1.203076805114372}, "datetime": {"datetime": "2021-09-24 12:40:28", "elapsed": 22.777951, "delta": 0.396007}}
{"target": 0.3443814233763989, "params": {"eta": 0.17254392208258565, "max_depth": 19.987366640382593, "n_estimators": 30.29185528464324}, "datetime": {"datetime": "2021-09-24 12:40:28", "elapsed": 23.336945, "delta": 0.558994}}
{"target": -0.3020976039198906, "params": {"eta": 0.04, "max_depth": 7.0, "n_estimators": 24.334339239458853}, "datetime": {"datetime": "2021-09-24 12:40:29", "elapsed": 23.854821, "delta": 0.517876}}
{"target": -0.06403250506271885, "params": {"eta": 0.04, "max_depth": 7.0, "n_estimators": 30.57139502943038}, "datetime": {"datetime": "2021-09-24 12:40:29", "elapsed": 24.366275, "delta": 0.511454}}
{"target": 0.31211010636859393, "params": {"eta": 0.3576259321238963, "max_depth": 12.3170188404682, "n_estimators": 22.746958900885826}, "datetime": {"datetime": "2021-09-24 12:40:30", "elapsed": 24.885278, "delta": 0.519003}}
{"target": 0.30595096804493493, "params": {"eta": 0.3709863877856231, "max_depth": 10.315281036990879, "n_estimators": 27.685289205203617}, "datetime": {"datetime": "2021-09-24 12:40:30", "elapsed": 25.547278, "delta": 0.662}}
{"target": 0.29844912773323184, "params": {"eta": 0.35650386216148594, "max_depth": 10.166458889758935, "n_estimators": 46.91098554319146}, "datetime": {"datetime": "2021-09-24 12:40:31", "elapsed": 26.25144, "delta": 0.704162}}
{"target": 0.3266642546409554, "params": {"eta": 0.4, "max_depth": 13.945626476074354, "n_estimators": 12.52404313353765}, "datetime": {"datetime": "2021-09-24 12:40:32", "elapsed": 26.744438, "delta": 0.492998}}
{"target": 0.27693015729167014, "params": {"eta": 0.2726969561217772, "max_depth": 19.991886018154993, "n_estimators": 8.981676881841597}, "datetime": {"datetime": "2021-09-24 12:40:32", "elapsed": 27.194433, "delta": 0.449995}}
{"target": -1.9660627501870875, "params": {"eta": 0.04, "max_depth": 12.168972490277406, "n_estimators": 8.917045099335299}, "datetime": {"datetime": "2021-09-24 12:40:33", "elapsed": 27.691437, "delta": 0.497004}}
{"target": 0.24457891631102946, "params": {"eta": 0.3988690415678454, "max_depth": 8.895651236761948, "n_estimators": 12.592566354355785}, "datetime": {"datetime": "2021-09-24 12:40:33", "elapsed": 28.156542, "delta": 0.465105}}
{"target": -1.627581081231014, "params": {"eta": 0.04, "max_depth": 18.100959299536825, "n_estimators": 10.973132004081956}, "datetime": {"datetime": "2021-09-24 12:40:34", "elapsed": 28.670544, "delta": 0.514002}}
{"target": 0.38465973022630484, "params": {"eta": 0.08697687675617327, "max_depth": 13.473019526466146, "n_estimators": 43.031327980222564}, "datetime": {"datetime": "2021-09-24 12:40:34", "elapsed": 29.248899, "delta": 0.578355}}
{"target": -0.047798569284588366, "params": {"eta": 0.04, "max_depth": 13.294128015682306, "n_estimators": 31.832520973909133}, "datetime": {"datetime": "2021-09-24 12:40:35", "elapsed": 29.933907, "delta": 0.685008}}
{"target": 0.31156091571650635, "params": {"eta": 0.12418347794902396, "max_depth": 16.435389687091394, "n_estimators": 39.65333856372659}, "datetime": {"datetime": "2021-09-24 12:40:36", "elapsed": 30.7999, "delta": 0.865993}}
{"target": 0.31879020942431335, "params": {"eta": 0.26131195910935995, "max_depth": 12.943740795797458, "n_estimators": 37.04188303119895}, "datetime": {"datetime": "2021-09-24 12:40:36", "elapsed": 31.635904, "delta": 0.836004}}
{"target": 0.10373749690001688, "params": {"eta": 0.05156650892184578, "max_depth": 17.660243039780454, "n_estimators": 28.650638112709956}, "datetime": {"datetime": "2021-09-24 12:40:37", "elapsed": 32.277928, "delta": 0.642024}}
{"target": 0.3312358631672645, "params": {"eta": 0.4, "max_depth": 16.946574178914474, "n_estimators": 23.372138547523857}, "datetime": {"datetime": "2021-09-24 12:40:38", "elapsed": 33.087932, "delta": 0.810004}}
{"target": 0.05209075984602085, "params": {"eta": 0.04, "max_depth": 9.97901874093457, "n_estimators": 34.887422088472185}, "datetime": {"datetime": "2021-09-24 12:40:39", "elapsed": 33.697931, "delta": 0.609999}}
{"target": 0.31469442199314634, "params": {"eta": 0.11966250520287272, "max_depth": 18.5582120263333, "n_estimators": 41.99727366227309}, "datetime": {"datetime": "2021-09-24 12:40:39", "elapsed": 34.511928, "delta": 0.813997}}
{"target": 0.14957198771053581, "params": {"eta": 0.04, "max_depth": 10.077003119963699, "n_estimators": 40.42217993769352}, "datetime": {"datetime": "2021-09-24 12:40:40", "elapsed": 35.110931, "delta": 0.599003}}
{"target": 0.3550870477143313, "params": {"eta": 0.08212075574032468, "max_depth": 7.032065919656439, "n_estimators": 37.553953142904305}, "datetime": {"datetime": "2021-09-24 12:40:41", "elapsed": 36.03993, "delta": 0.928999}}
{"target": -0.25829944617228384, "params": {"eta": 0.04, "max_depth": 18.58155641219374, "n_estimators": 25.380899586640147}, "datetime": {"datetime": "2021-09-24 12:40:41", "elapsed": 36.628927, "delta": 0.588997}}
{"target": 0.34252611273659095, "params": {"eta": 0.15211756104691576, "max_depth": 18.53109233202422, "n_estimators": 21.148435409001905}, "datetime": {"datetime": "2021-09-24 12:40:42", "elapsed": 37.315934, "delta": 0.687007}}
{"target": 0.33696717247318453, "params": {"eta": 0.4, "max_depth": 20.0, "n_estimators": 35.99326908973986}, "datetime": {"datetime": "2021-09-24 12:40:43", "elapsed": 38.006981, "delta": 0.691047}}
{"target": 0.025784502585552205, "params": {"eta": 0.04, "max_depth": 17.57467056424372, "n_estimators": 33.003293834605}, "datetime": {"datetime": "2021-09-24 12:40:44", "elapsed": 38.862255, "delta": 0.855274}}
{"target": 0.3261338681317796, "params": {"eta": 0.4, "max_depth": 20.0, "n_estimators": 6.828771484212924}, "datetime": {"datetime": "2021-09-24 12:40:44", "elapsed": 39.289228, "delta": 0.426973}}
{"target": 0.3053162940851414, "params": {"eta": 0.1268693909208263, "max_depth": 17.764527905400193, "n_estimators": 49.83879561808565}, "datetime": {"datetime": "2021-09-24 12:40:45", "elapsed": 40.007818, "delta": 0.71859}}
{"target": 0.3029572401270135, "params": {"eta": 0.39091644598376557, "max_depth": 9.668796840305717, "n_estimators": 21.491765607374038}, "datetime": {"datetime": "2021-09-24 12:40:46", "elapsed": 40.692166, "delta": 0.684348}}
{"target": 0.32150279055175024, "params": {"eta": 0.18899178286781293, "max_depth": 7.003173495791536, "n_estimators": 18.044304541353913}, "datetime": {"datetime": "2021-09-24 12:40:46", "elapsed": 41.223168, "delta": 0.531002}}
{"target": 0.23621683152203155, "params": {"eta": 0.04, "max_depth": 13.196569060149985, "n_estimators": 48.62912071141085}, "datetime": {"datetime": "2021-09-24 12:40:47", "elapsed": 41.99322, "delta": 0.770052}}
{"target": 0.3080911883156279, "params": {"eta": 0.08818266254391732, "max_depth": 7.847205780469496, "n_estimators": 43.16576823670575}, "datetime": {"datetime": "2021-09-24 12:40:47", "elapsed": 42.574456, "delta": 0.581236}}
{"target": 0.35469262237074783, "params": {"eta": 0.15515120866995966, "max_depth": 14.952323268265786, "n_estimators": 22.30866091430992}, "datetime": {"datetime": "2021-09-24 12:40:48", "elapsed": 43.243457, "delta": 0.669001}}
{"target": 0.2814920160502262, "params": {"eta": 0.06457718697826621, "max_depth": 19.99100800160896, "n_estimators": 46.808433843594386}, "datetime": {"datetime": "2021-09-24 12:40:49", "elapsed": 44.030304, "delta": 0.786847}}
{"target": 0.25627856805546223, "params": {"eta": 0.3910770105401805, "max_depth": 11.592809509103807, "n_estimators": 44.992273382615025}, "datetime": {"datetime": "2021-09-24 12:40:50", "elapsed": 44.96657, "delta": 0.936266}}
{"target": 0.3340220261556138, "params": {"eta": 0.3200606902018656, "max_depth": 15.663280114614707, "n_estimators": 44.968872195429086}, "datetime": {"datetime": "2021-09-24 12:40:51", "elapsed": 45.909167, "delta": 0.942597}}
{"target": 0.23955410448729952, "params": {"eta": 0.04, "max_depth": 8.060355290192813, "n_estimators": 48.015232288307594}, "datetime": {"datetime": "2021-09-24 12:40:52", "elapsed": 46.689284, "delta": 0.780117}}
{"target": 0.2955415940385243, "params": {"eta": 0.2587804382612958, "max_depth": 11.772262664288963, "n_estimators": 25.581636519044867}, "datetime": {"datetime": "2021-09-24 12:40:52", "elapsed": 47.292268, "delta": 0.602984}}
