{"target": -42.017466439910606, "params": {"eta": 0.26650222040026345, "max_depth": 6.125015651174138, "n_estimators": 3.169753646648185}, "datetime": {"datetime": "2021-09-28 16:29:39", "elapsed": 67.893972, "delta": 1.7383}}
{"target": -36.082322300039095, "params": {"eta": 0.2809210565815185, "max_depth": 3.155773428953382, "n_estimators": 6.464351142467126}, "datetime": {"datetime": "2021-09-28 16:29:40", "elapsed": 68.621665, "delta": 0.727693}}
{"target": -45.2955612935639, "params": {"eta": 0.9829666210082836, "max_depth": 5.7308458204246815, "n_estimators": 3.2585093422165095}, "datetime": {"datetime": "2021-09-28 16:29:41", "elapsed": 69.855665, "delta": 1.234}}
{"target": -43.4177145143709, "params": {"eta": 0.5542592991322313, "max_depth": 9.361956604906577, "n_estimators": 22.08295100445692}, "datetime": {"datetime": "2021-09-28 16:29:42", "elapsed": 70.63566, "delta": 0.779995}}
{"target": -39.906448340505854, "params": {"eta": 0.23931390853022966, "max_depth": 20.62083775193771, "n_estimators": 49.792043257512105}, "datetime": {"datetime": "2021-09-28 16:29:43", "elapsed": 72.357675, "delta": 1.722015}}
{"target": -92.73693486121908, "params": {"eta": 0.01, "max_depth": 3.3912330310299925, "n_estimators": 6.060311784077974}, "datetime": {"datetime": "2021-09-28 16:29:45", "elapsed": 73.644193, "delta": 1.286518}}
{"target": -40.7009519737216, "params": {"eta": 0.3020037502219117, "max_depth": 1.246664328153249, "n_estimators": 8.632002072576975}, "datetime": {"datetime": "2021-09-28 16:29:45", "elapsed": 74.132189, "delta": 0.487996}}
{"target": -45.50098975292775, "params": {"eta": 0.6185349483773265, "max_depth": 20.20769789508255, "n_estimators": 49.58119094016985}, "datetime": {"datetime": "2021-09-28 16:29:46", "elapsed": 75.350218, "delta": 1.218029}}
{"target": -38.05936216771728, "params": {"eta": 0.06573469883731414, "max_depth": 20.52704950474572, "n_estimators": 43.52727649385713}, "datetime": {"datetime": "2021-09-28 16:29:47", "elapsed": 76.099218, "delta": 0.749}}
{"target": -38.74765603790768, "params": {"eta": 0.38376645357254, "max_depth": 3.4428271678593383, "n_estimators": 6.741603852807678}, "datetime": {"datetime": "2021-09-28 16:29:48", "elapsed": 76.642219, "delta": 0.543001}}
{"target": -37.757954232424034, "params": {"eta": 0.36013141045958846, "max_depth": 3.0349260074909963, "n_estimators": 6.8788799771667515}, "datetime": {"datetime": "2021-09-28 16:29:49", "elapsed": 78.371965, "delta": 1.729746}}
{"target": -39.92880737076065, "params": {"eta": 0.6621426651562262, "max_depth": 5.867248809150576, "n_estimators": 4.4394698401136115}, "datetime": {"datetime": "2021-09-28 16:29:50", "elapsed": 79.243558, "delta": 0.871593}}
{"target": -38.56620901797373, "params": {"eta": 0.6116338800371482, "max_depth": 5.306067131774785, "n_estimators": 4.670440418257665}, "datetime": {"datetime": "2021-09-28 16:29:52", "elapsed": 80.642558, "delta": 1.399}}
{"target": -41.72999243486287, "params": {"eta": 0.8106062907180605, "max_depth": 3.4469545867460147, "n_estimators": 6.551891206974487}, "datetime": {"datetime": "2021-09-28 16:29:52", "elapsed": 81.505643, "delta": 0.863085}}
{"target": -40.28129334095489, "params": {"eta": 0.830408314843426, "max_depth": 2.9345496920862524, "n_estimators": 5.826444390277023}, "datetime": {"datetime": "2021-09-28 16:29:53", "elapsed": 82.296642, "delta": 0.790999}}
{"target": -37.323408799784815, "params": {"eta": 0.4282921974689063, "max_depth": 3.674032324557467, "n_estimators": 4.49494431263438}, "datetime": {"datetime": "2021-09-28 16:29:54", "elapsed": 83.274068, "delta": 0.977426}}
{"target": -37.81394311662732, "params": {"eta": 0.5882306514349105, "max_depth": 5.318193389451029, "n_estimators": 4.658445067674235}, "datetime": {"datetime": "2021-09-28 16:29:55", "elapsed": 83.743723, "delta": 0.469655}}
{"target": -35.631411259716, "params": {"eta": 0.18437036006707777, "max_depth": 6.67392867509063, "n_estimators": 7.776964883115308}, "datetime": {"datetime": "2021-09-28 16:29:55", "elapsed": 84.238724, "delta": 0.495001}}
{"target": -40.429905559724524, "params": {"eta": 0.9051621249420396, "max_depth": 2.55743900332231, "n_estimators": 7.560151343557282}, "datetime": {"datetime": "2021-09-28 16:29:56", "elapsed": 84.801726, "delta": 0.563002}}
{"target": -55.594556389780195, "params": {"eta": 0.06816982569482456, "max_depth": 6.078642885408995, "n_estimators": 7.771667403416501}, "datetime": {"datetime": "2021-09-28 16:29:57", "elapsed": 85.697617, "delta": 0.895891}}
{"target": -37.473762443668264, "params": {"eta": 0.5395698272327342, "max_depth": 3.1680096492337944, "n_estimators": 5.173508193149113}, "datetime": {"datetime": "2021-09-28 16:29:58", "elapsed": 86.650618, "delta": 0.953001}}
{"target": -45.42896450261436, "params": {"eta": 0.10386083474878398, "max_depth": 7.094148346672971, "n_estimators": 7.7382892365234905}, "datetime": {"datetime": "2021-09-28 16:29:59", "elapsed": 88.551261, "delta": 1.900643}}
{"target": -38.83842159043503, "params": {"eta": 0.22251947571269856, "max_depth": 6.3415473319030955, "n_estimators": 15.582798167240542}, "datetime": {"datetime": "2021-09-28 16:30:00", "elapsed": 89.422569, "delta": 0.871308}}
{"target": -42.57713120292486, "params": {"eta": 0.5713105627379635, "max_depth": 9.72128728041047, "n_estimators": 22.652700323973434}, "datetime": {"datetime": "2021-09-28 16:30:01", "elapsed": 90.135569, "delta": 0.713}}
{"target": -41.23672714322319, "params": {"eta": 0.6083562174064536, "max_depth": 6.790784515641919, "n_estimators": 15.427367728245242}, "datetime": {"datetime": "2021-09-28 16:30:02", "elapsed": 91.156942, "delta": 1.021373}}
{"target": -62.64882433384634, "params": {"eta": 0.055986885726207615, "max_depth": 2.6144072668230884, "n_estimators": 6.728994403515998}, "datetime": {"datetime": "2021-09-28 16:30:03", "elapsed": 91.813943, "delta": 0.657001}}
{"target": -39.122047302648575, "params": {"eta": 0.17612610075171733, "max_depth": 10.453044232434145, "n_estimators": 22.129143074215836}, "datetime": {"datetime": "2021-09-28 16:30:04", "elapsed": 92.824944, "delta": 1.011001}}
{"target": -40.12957977126739, "params": {"eta": 0.46566844067088925, "max_depth": 5.097694234762799, "n_estimators": 5.733020803537993}, "datetime": {"datetime": "2021-09-28 16:30:04", "elapsed": 93.481063, "delta": 0.656119}}
{"target": -39.228349171070704, "params": {"eta": 0.7545451610796229, "max_depth": 3.089964090475945, "n_estimators": 4.671663232201983}, "datetime": {"datetime": "2021-09-28 16:30:05", "elapsed": 94.122197, "delta": 0.641134}}
{"target": -40.03283473588937, "params": {"eta": 0.4390705680924304, "max_depth": 7.0740555952617195, "n_estimators": 15.955260825628729}, "datetime": {"datetime": "2021-09-28 16:30:06", "elapsed": 94.920202, "delta": 0.798005}}
{"target": -38.716108411460496, "params": {"eta": 0.05007184600202436, "max_depth": 16.449521144775968, "n_estimators": 22.511827778794384}, "datetime": {"datetime": "2021-09-28 16:30:07", "elapsed": 95.603376, "delta": 0.683174}}
{"target": -37.757954232424034, "params": {"eta": 0.3613696731330147, "max_depth": 3.039285381513241, "n_estimators": 6.905575327179765}, "datetime": {"datetime": "2021-09-28 16:30:07", "elapsed": 96.184376, "delta": 0.581}}
{"target": -41.777485509375275, "params": {"eta": 0.9500217388334404, "max_depth": 3.876530072338016, "n_estimators": 3.8985734676985953}, "datetime": {"datetime": "2021-09-28 16:30:08", "elapsed": 97.17737, "delta": 0.992994}}
{"target": -40.921986364545454, "params": {"eta": 0.8714039140910381, "max_depth": 2.9395491133349814, "n_estimators": 6.908314632072495}, "datetime": {"datetime": "2021-09-28 16:30:09", "elapsed": 97.878901, "delta": 0.701531}}
{"target": -42.09703093296984, "params": {"eta": 0.7308835483005639, "max_depth": 6.7358223979831555, "n_estimators": 7.723652478530389}, "datetime": {"datetime": "2021-09-28 16:30:10", "elapsed": 98.720692, "delta": 0.841791}}
{"target": -38.55432156002327, "params": {"eta": 0.18937658676395241, "max_depth": 7.413250947401872, "n_estimators": 15.421881481858357}, "datetime": {"datetime": "2021-09-28 16:30:11", "elapsed": 100.037693, "delta": 1.317001}}
{"target": -36.25604553604983, "params": {"eta": 0.19278006243163723, "max_depth": 6.708467562433478, "n_estimators": 8.28883628782946}, "datetime": {"datetime": "2021-09-28 16:30:12", "elapsed": 101.117695, "delta": 1.080002}}
{"target": -39.68343742210165, "params": {"eta": 0.41276185411652727, "max_depth": 22.28835999894057, "n_estimators": 6.118725316500898}, "datetime": {"datetime": "2021-09-28 16:30:13", "elapsed": 101.668843, "delta": 0.551148}}
{"target": -36.56000434509296, "params": {"eta": 0.08180897637632908, "max_depth": 6.427592121655853, "n_estimators": 16.141724215575287}, "datetime": {"datetime": "2021-09-28 16:30:13", "elapsed": 102.451845, "delta": 0.783002}}
{"target": -47.99208890398946, "params": {"eta": 0.843259122047368, "max_depth": 6.326179061001135, "n_estimators": 16.148284725527823}, "datetime": {"datetime": "2021-09-28 16:30:14", "elapsed": 103.399929, "delta": 0.948084}}
{"target": -37.35839509089558, "params": {"eta": 0.15596162205413316, "max_depth": 10.08558612113757, "n_estimators": 19.968336174261744}, "datetime": {"datetime": "2021-09-28 16:30:15", "elapsed": 104.476851, "delta": 1.076922}}
{"target": -43.91199533419161, "params": {"eta": 0.41539704572444175, "max_depth": 25.575226920628186, "n_estimators": 27.18157632234931}, "datetime": {"datetime": "2021-09-28 16:30:20", "elapsed": 108.748955, "delta": 4.272104}}
{"target": -41.70796838694976, "params": {"eta": 0.7035344580373083, "max_depth": 9.917395060319485, "n_estimators": 20.049798145605468}, "datetime": {"datetime": "2021-09-28 16:30:23", "elapsed": 112.159228, "delta": 3.410273}}
{"target": -40.18932578270892, "params": {"eta": 0.5338161973800927, "max_depth": 5.103149486639641, "n_estimators": 46.52852174274821}, "datetime": {"datetime": "2021-09-28 16:30:24", "elapsed": 113.152229, "delta": 0.993001}}
{"target": -86.62576183466145, "params": {"eta": 0.04323200552003658, "max_depth": 6.04374776432456, "n_estimators": 3.7283474945068735}, "datetime": {"datetime": "2021-09-28 16:30:25", "elapsed": 113.945531, "delta": 0.793302}}
{"target": -42.76433685104022, "params": {"eta": 0.5877643525678493, "max_depth": 16.60563576844982, "n_estimators": 11.330993919042163}, "datetime": {"datetime": "2021-09-28 16:30:26", "elapsed": 114.847535, "delta": 0.902004}}
{"target": -83.84678051251063, "params": {"eta": 0.01, "max_depth": 5.953184623714858, "n_estimators": 15.968410495658953}, "datetime": {"datetime": "2021-09-28 16:30:27", "elapsed": 116.3585, "delta": 1.510965}}
{"target": -42.8203681264258, "params": {"eta": 0.041267652003644434, "max_depth": 10.816653534424233, "n_estimators": 21.828582768630458}, "datetime": {"datetime": "2021-09-28 16:30:28", "elapsed": 117.189504, "delta": 0.831004}}
{"target": -43.05542484331027, "params": {"eta": 0.9133715266503203, "max_depth": 3.7597015818645954, "n_estimators": 4.510604786603825}, "datetime": {"datetime": "2021-09-28 16:30:29", "elapsed": 118.316791, "delta": 1.127287}}
{"target": -68.32752994628936, "params": {"eta": 0.019017970932207803, "max_depth": 6.736656984439619, "n_estimators": 16.298289880932032}, "datetime": {"datetime": "2021-09-28 16:30:30", "elapsed": 118.972395, "delta": 0.655604}}
{"target": -41.62297744962281, "params": {"eta": 0.2919299852268957, "max_depth": 10.37735976191816, "n_estimators": 21.246933609819866}, "datetime": {"datetime": "2021-09-28 16:30:31", "elapsed": 120.484577, "delta": 1.512182}}
{"target": -37.8718083473334, "params": {"eta": 0.5509150785598357, "max_depth": 4.573692398119958, "n_estimators": 4.730592200516732}, "datetime": {"datetime": "2021-09-28 16:30:32", "elapsed": 121.199573, "delta": 0.714996}}
{"target": -41.210532093457765, "params": {"eta": 0.6784107996907895, "max_depth": 6.017749453737716, "n_estimators": 3.715641539956065}, "datetime": {"datetime": "2021-09-28 16:30:33", "elapsed": 122.037422, "delta": 0.837849}}
{"target": -47.675130345981955, "params": {"eta": 0.9397890369088391, "max_depth": 6.119978348901607, "n_estimators": 12.63081319605494}, "datetime": {"datetime": "2021-09-28 16:30:34", "elapsed": 122.708427, "delta": 0.671005}}
{"target": -40.5461623053597, "params": {"eta": 0.4637506674758485, "max_depth": 24.809959862715555, "n_estimators": 15.637101935655298}, "datetime": {"datetime": "2021-09-28 16:30:35", "elapsed": 123.599017, "delta": 0.89059}}
{"target": -42.83335437756611, "params": {"eta": 0.4344473865663268, "max_depth": 22.514553948660502, "n_estimators": 44.73154342486081}, "datetime": {"datetime": "2021-09-28 16:30:37", "elapsed": 125.770619, "delta": 2.171602}}
{"target": -43.87922913429077, "params": {"eta": 0.05083633218618067, "max_depth": 6.585222405562414, "n_estimators": 15.199790721389435}, "datetime": {"datetime": "2021-09-28 16:30:38", "elapsed": 126.896611, "delta": 1.125992}}
{"target": -35.87039150096626, "params": {"eta": 0.24121932458709416, "max_depth": 3.697396570972792, "n_estimators": 4.882416462237043}, "datetime": {"datetime": "2021-09-28 16:30:39", "elapsed": 128.018513, "delta": 1.121902}}
{"target": -40.649533828272176, "params": {"eta": 0.023621544182100346, "max_depth": 19.66898512661688, "n_estimators": 49.748297455567545}, "datetime": {"datetime": "2021-09-28 16:30:40", "elapsed": 128.863221, "delta": 0.844708}}
{"target": -38.98347947488778, "params": {"eta": 0.5134558863123103, "max_depth": 1.0627173687312692, "n_estimators": 15.093374691666193}, "datetime": {"datetime": "2021-09-28 16:30:41", "elapsed": 130.013534, "delta": 1.150313}}
{"target": -34.829223173528725, "params": {"eta": 0.2761016278317099, "max_depth": 3.2612507751522597, "n_estimators": 4.75008278716821}, "datetime": {"datetime": "2021-09-28 16:30:42", "elapsed": 131.156533, "delta": 1.142999}}
{"target": -78.00316823454476, "params": {"eta": 0.01, "max_depth": 9.062023348839542, "n_estimators": 21.99812639550122}, "datetime": {"datetime": "2021-09-28 16:30:43", "elapsed": 132.414536, "delta": 1.258003}}
{"target": -37.516384768930216, "params": {"eta": 0.14998593082958322, "max_depth": 10.032081388425333, "n_estimators": 21.949947693412366}, "datetime": {"datetime": "2021-09-28 16:30:45", "elapsed": 134.107444, "delta": 1.692908}}
{"target": -86.6088534798797, "params": {"eta": 0.03156036740900506, "max_depth": 4.2967599042969145, "n_estimators": 4.356982239894794}, "datetime": {"datetime": "2021-09-28 16:30:46", "elapsed": 134.982442, "delta": 0.874998}}
{"target": -45.44817396735383, "params": {"eta": 0.7189713414515468, "max_depth": 12.620329091118617, "n_estimators": 15.746139728309293}, "datetime": {"datetime": "2021-09-28 16:30:47", "elapsed": 136.240029, "delta": 1.257587}}
{"target": -41.72867381312794, "params": {"eta": 0.8044768401748503, "max_depth": 3.0377864632358857, "n_estimators": 6.444776724083019}, "datetime": {"datetime": "2021-09-28 16:30:48", "elapsed": 137.301031, "delta": 1.061002}}
{"target": -41.23524039934837, "params": {"eta": 0.7017899953054088, "max_depth": 9.902608533092073, "n_estimators": 7.403696138821303}, "datetime": {"datetime": "2021-09-28 16:30:49", "elapsed": 138.106758, "delta": 0.805727}}
{"target": -43.56212986022603, "params": {"eta": 0.5042003993041604, "max_depth": 7.31484916836805, "n_estimators": 13.42826427782798}, "datetime": {"datetime": "2021-09-28 16:30:50", "elapsed": 138.83141, "delta": 0.724652}}
{"target": -38.38853063789088, "params": {"eta": 0.4470872033620218, "max_depth": 2.9160196927309276, "n_estimators": 5.553869843056425}, "datetime": {"datetime": "2021-09-28 16:30:51", "elapsed": 139.913635, "delta": 1.082225}}
{"target": -40.34286140530855, "params": {"eta": 0.26406859326281057, "max_depth": 21.066219590704225, "n_estimators": 37.04278906467972}, "datetime": {"datetime": "2021-09-28 16:30:52", "elapsed": 141.375629, "delta": 1.461994}}
{"target": -37.27146506320257, "params": {"eta": 0.6158067807712766, "max_depth": 3.530155749857007, "n_estimators": 4.843817095882296}, "datetime": {"datetime": "2021-09-28 16:30:53", "elapsed": 142.399632, "delta": 1.024003}}
{"target": -38.08396985564336, "params": {"eta": 0.4920716627054935, "max_depth": 2.6978507200944706, "n_estimators": 5.052821934348639}, "datetime": {"datetime": "2021-09-28 16:30:54", "elapsed": 143.426058, "delta": 1.026426}}
{"target": -45.24021817868458, "params": {"eta": 0.5967656021447513, "max_depth": 24.98057261221004, "n_estimators": 17.334114742437553}, "datetime": {"datetime": "2021-09-28 16:30:55", "elapsed": 144.549734, "delta": 1.123676}}
{"target": -35.045157618692606, "params": {"eta": 0.23753441877091488, "max_depth": 2.950529086796542, "n_estimators": 4.420232283182156}, "datetime": {"datetime": "2021-09-28 16:30:57", "elapsed": 145.887737, "delta": 1.338003}}
{"target": -41.00359274960151, "params": {"eta": 0.21681974719877456, "max_depth": 9.610239416133863, "n_estimators": 19.92396918078179}, "datetime": {"datetime": "2021-09-28 16:30:59", "elapsed": 147.731408, "delta": 1.843671}}
{"target": -38.22088803799842, "params": {"eta": 0.5849084499202046, "max_depth": 2.618193636540577, "n_estimators": 4.517281755658347}, "datetime": {"datetime": "2021-09-28 16:31:01", "elapsed": 149.866679, "delta": 2.135271}}
{"target": -42.19254902317475, "params": {"eta": 0.49183708667315146, "max_depth": 25.16995655953495, "n_estimators": 48.90728663646779}, "datetime": {"datetime": "2021-09-28 16:31:02", "elapsed": 151.301683, "delta": 1.435004}}
{"target": -44.26525829223988, "params": {"eta": 0.8500564056369083, "max_depth": 5.281349544590476, "n_estimators": 24.279243031155037}, "datetime": {"datetime": "2021-09-28 16:31:03", "elapsed": 152.197778, "delta": 0.896095}}
{"target": -37.489144425727446, "params": {"eta": 0.47941772150454093, "max_depth": 3.2459572543039386, "n_estimators": 4.35553725431974}, "datetime": {"datetime": "2021-09-28 16:31:04", "elapsed": 152.906775, "delta": 0.708997}}
{"target": -41.568717626469144, "params": {"eta": 0.3411167860300755, "max_depth": 6.620945359495083, "n_estimators": 15.911034688351883}, "datetime": {"datetime": "2021-09-28 16:31:05", "elapsed": 153.725911, "delta": 0.819136}}
{"target": -41.12945078655493, "params": {"eta": 0.5544947233332392, "max_depth": 6.705322284143859, "n_estimators": 8.148163197937391}, "datetime": {"datetime": "2021-09-28 16:31:06", "elapsed": 154.988909, "delta": 1.262998}}
{"target": -86.16706403807315, "params": {"eta": 0.027128409254953897, "max_depth": 3.291890366699658, "n_estimators": 4.191606166604268}, "datetime": {"datetime": "2021-09-28 16:31:08", "elapsed": 156.778941, "delta": 1.790032}}
{"target": -37.33891826202921, "params": {"eta": 0.5476201276835791, "max_depth": 5.5974639080107735, "n_estimators": 3.248155372754643}, "datetime": {"datetime": "2021-09-28 16:31:09", "elapsed": 158.530755, "delta": 1.751814}}
{"target": -39.15591629540294, "params": {"eta": 0.6253862403946427, "max_depth": 4.5199596748835855, "n_estimators": 5.127209678179719}, "datetime": {"datetime": "2021-09-28 16:31:11", "elapsed": 159.841687, "delta": 1.310932}}
{"target": -38.22088803799842, "params": {"eta": 0.5752436276290476, "max_depth": 2.8972314569453514, "n_estimators": 4.227086415607124}, "datetime": {"datetime": "2021-09-28 16:31:12", "elapsed": 160.656685, "delta": 0.814998}}
{"target": -40.887586561547934, "params": {"eta": 0.190598444354584, "max_depth": 20.26206095270581, "n_estimators": 49.12559028706843}, "datetime": {"datetime": "2021-09-28 16:31:13", "elapsed": 161.996685, "delta": 1.34}}
{"target": -55.64515600072005, "params": {"eta": 0.11010487408083854, "max_depth": 2.75422718457645, "n_estimators": 4.826317288232142}, "datetime": {"datetime": "2021-09-28 16:31:14", "elapsed": 162.968693, "delta": 0.972008}}
{"target": -45.26794523568739, "params": {"eta": 0.9279182691965151, "max_depth": 3.920070142346706, "n_estimators": 5.565699429136814}, "datetime": {"datetime": "2021-09-28 16:31:15", "elapsed": 164.191297, "delta": 1.222604}}
{"target": -88.72868223960889, "params": {"eta": 0.023746001311539644, "max_depth": 22.63277156262887, "n_estimators": 5.256211689861613}, "datetime": {"datetime": "2021-09-28 16:31:16", "elapsed": 165.0643, "delta": 0.873003}}
{"target": -41.43675781416879, "params": {"eta": 0.80238772377734, "max_depth": 6.549901651627089, "n_estimators": 4.072793345169954}, "datetime": {"datetime": "2021-09-28 16:31:17", "elapsed": 166.536695, "delta": 1.472395}}
{"target": -51.02146349439893, "params": {"eta": 0.034513179553525154, "max_depth": 10.286460741652169, "n_estimators": 20.324778859390197}, "datetime": {"datetime": "2021-09-28 16:31:19", "elapsed": 167.834027, "delta": 1.297332}}
{"target": -40.55998087711323, "params": {"eta": 0.34558703673191843, "max_depth": 10.156858109833763, "n_estimators": 18.79376183573708}, "datetime": {"datetime": "2021-09-28 16:31:20", "elapsed": 169.015684, "delta": 1.181657}}
{"target": -43.588240228447994, "params": {"eta": 0.6337946892731272, "max_depth": 7.331677740468042, "n_estimators": 15.584122133529355}, "datetime": {"datetime": "2021-09-28 16:31:22", "elapsed": 170.637725, "delta": 1.622041}}
{"target": -38.56160080690598, "params": {"eta": 0.18869122810557534, "max_depth": 9.852227113473683, "n_estimators": 22.337202813977946}, "datetime": {"datetime": "2021-09-28 16:31:23", "elapsed": 172.417207, "delta": 1.779482}}
{"target": -39.689447905979776, "params": {"eta": 0.9867089103925014, "max_depth": 2.704105247122805, "n_estimators": 5.015013442118002}, "datetime": {"datetime": "2021-09-28 16:31:25", "elapsed": 174.306009, "delta": 1.888802}}
{"target": -37.700456590102945, "params": {"eta": 0.8408967356798787, "max_depth": 1.4576394011574112, "n_estimators": 15.154678119345466}, "datetime": {"datetime": "2021-09-28 16:31:26", "elapsed": 175.540011, "delta": 1.234002}}
