{"target": -44.81315449305943, "params": {"eta": 0.1977328979986791, "max_depth": 1.8361030250874724, "n_estimators": 314.22859604214875}, "datetime": {"datetime": "2021-09-24 16:57:37", "elapsed": 223.674354, "delta": 1.115356}}
{"target": -43.63417883564655, "params": {"eta": 0.1076831669039005, "max_depth": 1.071971787145005, "n_estimators": 366.28867814477894}, "datetime": {"datetime": "2021-09-24 16:57:39", "elapsed": 224.881954, "delta": 1.2076}}
{"target": -44.48636379815582, "params": {"eta": 0.15260699003483824, "max_depth": 1.0795202460788111, "n_estimators": 362.2858018870556}, "datetime": {"datetime": "2021-09-24 16:57:40", "elapsed": 226.441373, "delta": 1.559419}}
{"target": -45.47429298996029, "params": {"eta": 0.253004890306091, "max_depth": 1.554970526604711, "n_estimators": 314.8793992751467}, "datetime": {"datetime": "2021-09-24 16:57:42", "elapsed": 228.454542, "delta": 2.013169}}
{"target": -47.777828854725776, "params": {"eta": 0.3795056248317826, "max_depth": 1.2045655245041642, "n_estimators": 314.03151269344056}, "datetime": {"datetime": "2021-09-24 16:57:44", "elapsed": 230.109958, "delta": 1.655416}}
{"target": -53.97584974317623, "params": {"eta": 0.48483086925328905, "max_depth": 2.121093193345976, "n_estimators": 346.0892455623304}, "datetime": {"datetime": "2021-09-24 16:57:45", "elapsed": 231.350418, "delta": 1.24046}}
{"target": -49.6272077918949, "params": {"eta": 0.34673286000292275, "max_depth": 2.310300044257936, "n_estimators": 314.7155962551623}, "datetime": {"datetime": "2021-09-24 16:57:47", "elapsed": 233.420682, "delta": 2.070264}}
{"target": -42.74941563427, "params": {"eta": 0.05, "max_depth": 1.1928882147202473, "n_estimators": 380.19590920190575}, "datetime": {"datetime": "2021-09-24 16:57:49", "elapsed": 235.29768, "delta": 1.876998}}
{"target": -45.83654928924446, "params": {"eta": 0.23172261055427834, "max_depth": 1.1645562054335599, "n_estimators": 380.68263348175014}, "datetime": {"datetime": "2021-09-24 16:57:50", "elapsed": 236.784531, "delta": 1.486851}}
{"target": -49.99681104215464, "params": {"eta": 0.4888079614242548, "max_depth": 1.9434645107184665, "n_estimators": 439.8299884272831}, "datetime": {"datetime": "2021-09-24 16:57:52", "elapsed": 238.009472, "delta": 1.224941}}
{"target": -47.378071390596546, "params": {"eta": 0.34992886186944094, "max_depth": 1.079444898003546, "n_estimators": 379.92342531344957}, "datetime": {"datetime": "2021-09-24 16:57:53", "elapsed": 239.567977, "delta": 1.558505}}
{"target": -43.49100548880441, "params": {"eta": 0.09792043934793897, "max_depth": 1.80233710417441, "n_estimators": 380.461611461426}, "datetime": {"datetime": "2021-09-24 16:57:55", "elapsed": 241.498422, "delta": 1.930445}}
{"target": -49.20849811582637, "params": {"eta": 0.19047073346770144, "max_depth": 2.606728003581146, "n_estimators": 330.43092557347813}, "datetime": {"datetime": "2021-09-24 16:57:57", "elapsed": 242.950058, "delta": 1.451636}}
{"target": -43.16744105977223, "params": {"eta": 0.08042574028680859, "max_depth": 1.848735431828492, "n_estimators": 380.03209964984615}, "datetime": {"datetime": "2021-09-24 16:57:58", "elapsed": 244.79128, "delta": 1.841222}}
{"target": -49.420758105310284, "params": {"eta": 0.2630323339099081, "max_depth": 2.3283677851459923, "n_estimators": 370.4382039354183}, "datetime": {"datetime": "2021-09-24 16:58:00", "elapsed": 246.190878, "delta": 1.399598}}
{"target": -48.49708633136032, "params": {"eta": 0.4134225689315289, "max_depth": 1.5217315269373912, "n_estimators": 351.81200083277474}, "datetime": {"datetime": "2021-09-24 16:58:02", "elapsed": 248.67322, "delta": 2.482342}}
{"target": -44.23663645579403, "params": {"eta": 0.13501294504219163, "max_depth": 1.9371326740847905, "n_estimators": 381.1881870481293}, "datetime": {"datetime": "2021-09-24 16:58:04", "elapsed": 250.289209, "delta": 1.615989}}
{"target": -46.29520952611938, "params": {"eta": 0.25747834301857925, "max_depth": 1.8475686568884084, "n_estimators": 381.86509766156155}, "datetime": {"datetime": "2021-09-24 16:58:06", "elapsed": 252.125575, "delta": 1.836366}}
{"target": -44.293353962718996, "params": {"eta": 0.14840225077214228, "max_depth": 1.6262877981465858, "n_estimators": 349.73034071984216}, "datetime": {"datetime": "2021-09-24 16:58:07", "elapsed": 253.767964, "delta": 1.642389}}
{"target": -50.82590270580206, "params": {"eta": 0.32911796096380785, "max_depth": 2.2993976888537375, "n_estimators": 349.84898808221493}, "datetime": {"datetime": "2021-09-24 16:58:09", "elapsed": 255.540948, "delta": 1.772984}}
{"target": -46.328052495655264, "params": {"eta": 0.2698435171748904, "max_depth": 1.8818126909132682, "n_estimators": 381.86441748158603}, "datetime": {"datetime": "2021-09-24 16:58:11", "elapsed": 256.889672, "delta": 1.348724}}
{"target": -47.86911928564086, "params": {"eta": 0.37516651069263524, "max_depth": 1.0130609592734883, "n_estimators": 349.69084443343183}, "datetime": {"datetime": "2021-09-24 16:58:12", "elapsed": 258.361458, "delta": 1.471786}}
{"target": -43.33098682604338, "params": {"eta": 0.0935913743846794, "max_depth": 1.5563917285583455, "n_estimators": 380.2658824178078}, "datetime": {"datetime": "2021-09-24 16:58:14", "elapsed": 260.185936, "delta": 1.824478}}
{"target": -45.15119779737372, "params": {"eta": 0.19951855742566815, "max_depth": 1.6310008622421865, "n_estimators": 349.10135208101826}, "datetime": {"datetime": "2021-09-24 16:58:16", "elapsed": 261.909544, "delta": 1.723608}}
{"target": -47.02026405191063, "params": {"eta": 0.2918884697638552, "max_depth": 1.7517265440251935, "n_estimators": 373.9380027540389}, "datetime": {"datetime": "2021-09-24 16:58:17", "elapsed": 263.072722, "delta": 1.163178}}
{"target": -48.25231564313845, "params": {"eta": 0.33121219913608435, "max_depth": 1.257222630622485, "n_estimators": 433.9211712281202}, "datetime": {"datetime": "2021-09-24 16:58:18", "elapsed": 264.298587, "delta": 1.225865}}
{"target": -49.59075451614265, "params": {"eta": 0.4825530959341769, "max_depth": 1.9665085497508878, "n_estimators": 380.36794889484827}, "datetime": {"datetime": "2021-09-24 16:58:20", "elapsed": 266.206589, "delta": 1.908002}}
{"target": -43.11928469435613, "params": {"eta": 0.08636704722083208, "max_depth": 1.0332370572809915, "n_estimators": 315.341869441939}, "datetime": {"datetime": "2021-09-24 16:58:21", "elapsed": 267.782425, "delta": 1.575836}}
{"target": -46.31631316188583, "params": {"eta": 0.2893671447872735, "max_depth": 1.2144642522487843, "n_estimators": 315.7358703753582}, "datetime": {"datetime": "2021-09-24 16:58:23", "elapsed": 269.746108, "delta": 1.963683}}
{"target": -46.74802309050596, "params": {"eta": 0.3461380531953007, "max_depth": 1.017486773269228, "n_estimators": 315.0061556823441}, "datetime": {"datetime": "2021-09-24 16:58:25", "elapsed": 271.349202, "delta": 1.603094}}
{"target": -42.77652189785376, "params": {"eta": 0.05594792408297019, "max_depth": 1.5424243997092408, "n_estimators": 373.7690083809055}, "datetime": {"datetime": "2021-09-24 16:58:27", "elapsed": 273.247618, "delta": 1.898416}}
{"target": -44.8673169057172, "params": {"eta": 0.16359158531477255, "max_depth": 1.2292583641438561, "n_estimators": 371.79890656638986}, "datetime": {"datetime": "2021-09-24 16:58:29", "elapsed": 275.038646, "delta": 1.791028}}
{"target": -47.24198999978546, "params": {"eta": 0.08154246939721646, "max_depth": 2.949692019495224, "n_estimators": 380.91737500127107}, "datetime": {"datetime": "2021-09-24 16:58:30", "elapsed": 276.381846, "delta": 1.3432}}
{"target": -45.170664371404435, "params": {"eta": 0.16698325259856386, "max_depth": 1.4317309018366031, "n_estimators": 422.9534647430601}, "datetime": {"datetime": "2021-09-24 16:58:31", "elapsed": 277.623833, "delta": 1.241987}}
{"target": -42.91315787179129, "params": {"eta": 0.07281124781232462, "max_depth": 1.0421460077750322, "n_estimators": 327.8441108065859}, "datetime": {"datetime": "2021-09-24 16:58:33", "elapsed": 279.51224, "delta": 1.888407}}
{"target": -54.30713330175644, "params": {"eta": 0.4300901223382723, "max_depth": 2.0338889581122546, "n_estimators": 423.34647555791923}, "datetime": {"datetime": "2021-09-24 16:58:35", "elapsed": 281.690405, "delta": 2.178165}}
{"target": -42.91597406487716, "params": {"eta": 0.07291363377927429, "max_depth": 1.6040301996892807, "n_estimators": 320.1689988858214}, "datetime": {"datetime": "2021-09-24 16:58:37", "elapsed": 282.917502, "delta": 1.227097}}
{"target": -45.50273908170542, "params": {"eta": 0.19272943772566342, "max_depth": 1.3572680569810671, "n_estimators": 422.2802072239727}, "datetime": {"datetime": "2021-09-24 16:58:39", "elapsed": 285.069205, "delta": 2.151703}}
{"target": -45.587780612751956, "params": {"eta": 0.22651961935180148, "max_depth": 1.2200634243165618, "n_estimators": 371.0906211224725}, "datetime": {"datetime": "2021-09-24 16:58:41", "elapsed": 287.517377, "delta": 2.448172}}
{"target": -44.21276922871296, "params": {"eta": 0.11040345264774647, "max_depth": 1.1378424320105376, "n_estimators": 439.9861742412385}, "datetime": {"datetime": "2021-09-24 16:58:43", "elapsed": 288.902606, "delta": 1.385229}}
{"target": -43.02998856852825, "params": {"eta": 0.0648918372760088, "max_depth": 1.5706170823465893, "n_estimators": 421.4123540108286}, "datetime": {"datetime": "2021-09-24 16:58:45", "elapsed": 291.36329, "delta": 2.460684}}
{"target": -49.11877504506506, "params": {"eta": 0.4092927834368918, "max_depth": 1.3189813490857407, "n_estimators": 421.17033573515596}, "datetime": {"datetime": "2021-09-24 16:58:47", "elapsed": 293.55665, "delta": 2.19336}}
{"target": -49.20357617399746, "params": {"eta": 0.24053366996132453, "max_depth": 2.5379362341979004, "n_estimators": 332.31343895558047}, "datetime": {"datetime": "2021-09-24 16:58:49", "elapsed": 295.299881, "delta": 1.743231}}
{"target": -49.35972175024506, "params": {"eta": 0.11345155053134343, "max_depth": 2.0174285627189237, "n_estimators": 421.6342506311869}, "datetime": {"datetime": "2021-09-24 16:58:52", "elapsed": 297.85532, "delta": 2.555439}}
{"target": -43.430213784812985, "params": {"eta": 0.0927290628701343, "max_depth": 1.3114912605658005, "n_estimators": 421.74790422591724}, "datetime": {"datetime": "2021-09-24 16:58:54", "elapsed": 299.832848, "delta": 1.977528}}
{"target": -42.78697543036669, "params": {"eta": 0.056806722313376586, "max_depth": 1.7113016799336864, "n_estimators": 380.8820631277033}, "datetime": {"datetime": "2021-09-24 16:58:55", "elapsed": 301.506367, "delta": 1.673519}}
{"target": -43.17462075025515, "params": {"eta": 0.07333331413353048, "max_depth": 1.0883048513846703, "n_estimators": 406.6938147476226}, "datetime": {"datetime": "2021-09-24 16:58:57", "elapsed": 302.918645, "delta": 1.412278}}
{"target": -48.80191688250778, "params": {"eta": 0.4066907215992016, "max_depth": 1.4341035934266282, "n_estimators": 377.6834834786692}, "datetime": {"datetime": "2021-09-24 16:58:59", "elapsed": 304.863092, "delta": 1.944447}}
{"target": -51.09096215183573, "params": {"eta": 0.1426451381599521, "max_depth": 2.244442209695066, "n_estimators": 460.7491161471732}, "datetime": {"datetime": "2021-09-24 16:59:00", "elapsed": 306.488963, "delta": 1.625871}}
{"target": -45.07566316504227, "params": {"eta": 0.18155237096883714, "max_depth": 1.364763852909691, "n_estimators": 381.26376241335277}, "datetime": {"datetime": "2021-09-24 16:59:03", "elapsed": 308.925481, "delta": 2.436518}}
{"target": -50.44547990928019, "params": {"eta": 0.4956352583603331, "max_depth": 1.0230098424777936, "n_estimators": 422.7008326398019}, "datetime": {"datetime": "2021-09-24 16:59:05", "elapsed": 311.07303, "delta": 2.147549}}
{"target": -42.73420526031265, "params": {"eta": 0.05, "max_depth": 1.0, "n_estimators": 378.7978684334649}, "datetime": {"datetime": "2021-09-24 16:59:07", "elapsed": 313.208122, "delta": 2.135092}}
{"target": -47.853764921202696, "params": {"eta": 0.09600903813416603, "max_depth": 2.5527148529746806, "n_estimators": 386.8802243371487}, "datetime": {"datetime": "2021-09-24 16:59:09", "elapsed": 315.149007, "delta": 1.940885}}
{"target": -43.16590138485557, "params": {"eta": 0.0604244487280076, "max_depth": 1.5199751988340318, "n_estimators": 490.9859843351324}, "datetime": {"datetime": "2021-09-24 16:59:11", "elapsed": 317.563827, "delta": 2.41482}}
{"target": -49.10045278475697, "params": {"eta": 0.10268303582832128, "max_depth": 2.552212547196538, "n_estimators": 453.62830673364044}, "datetime": {"datetime": "2021-09-24 16:59:13", "elapsed": 319.205427, "delta": 1.6416}}
{"target": -45.49322697632295, "params": {"eta": 0.05053506420125028, "max_depth": 2.210547219098234, "n_estimators": 379.5621465373695}, "datetime": {"datetime": "2021-09-24 16:59:15", "elapsed": 321.486279, "delta": 2.280852}}
{"target": -43.20481970077171, "params": {"eta": 0.07293179269954121, "max_depth": 1.4845016208055744, "n_estimators": 390.21141576182424}, "datetime": {"datetime": "2021-09-24 16:59:18", "elapsed": 323.829445, "delta": 2.343166}}
{"target": -47.717178645886875, "params": {"eta": 0.2950383819625057, "max_depth": 1.3634157394762503, "n_estimators": 467.2694432963274}, "datetime": {"datetime": "2021-09-24 16:59:20", "elapsed": 326.068375, "delta": 2.23893}}
{"target": -45.04104968479702, "params": {"eta": 0.15414416842166204, "max_depth": 1.6343076345999594, "n_estimators": 436.9402873357525}, "datetime": {"datetime": "2021-09-24 16:59:21", "elapsed": 327.506209, "delta": 1.437834}}
{"target": -43.63419703433388, "params": {"eta": 0.0924982089557945, "max_depth": 1.1930001074986178, "n_estimators": 436.6504656530634}, "datetime": {"datetime": "2021-09-24 16:59:24", "elapsed": 329.873996, "delta": 2.367787}}
{"target": -45.172432067699, "params": {"eta": 0.1800289627766981, "max_depth": 1.2611091991680765, "n_estimators": 371.79596683018633}, "datetime": {"datetime": "2021-09-24 16:59:25", "elapsed": 331.223996, "delta": 1.35}}
{"target": -42.77964636436979, "params": {"eta": 0.05, "max_depth": 1.5706646574920138, "n_estimators": 436.2919664779887}, "datetime": {"datetime": "2021-09-24 16:59:27", "elapsed": 333.671051, "delta": 2.447055}}
{"target": -49.42584565528353, "params": {"eta": 0.41421607601625154, "max_depth": 1.2193668588897262, "n_estimators": 436.15931929451546}, "datetime": {"datetime": "2021-09-24 16:59:30", "elapsed": 336.172114, "delta": 2.501063}}
{"target": -43.53035695929276, "params": {"eta": 0.0936123341044484, "max_depth": 1.8611475814454432, "n_estimators": 436.3602612813933}, "datetime": {"datetime": "2021-09-24 16:59:32", "elapsed": 338.360747, "delta": 2.188633}}
{"target": -49.39783386180275, "params": {"eta": 0.10999408386003706, "max_depth": 2.6249107627903543, "n_estimators": 460.8445190408466}, "datetime": {"datetime": "2021-09-24 16:59:34", "elapsed": 340.223067, "delta": 1.86232}}
{"target": -48.43584564753941, "params": {"eta": 0.10515725581880538, "max_depth": 2.1647745791840256, "n_estimators": 435.794958891091}, "datetime": {"datetime": "2021-09-24 16:59:36", "elapsed": 342.28868, "delta": 2.065613}}
{"target": -49.78046061709187, "params": {"eta": 0.14175472986058021, "max_depth": 2.8080046274768473, "n_estimators": 329.4724338489504}, "datetime": {"datetime": "2021-09-24 16:59:38", "elapsed": 344.016249, "delta": 1.727569}}
{"target": -42.86538897062603, "params": {"eta": 0.05382366646207275, "max_depth": 1.1224259208078826, "n_estimators": 437.19023074127017}, "datetime": {"datetime": "2021-09-24 16:59:40", "elapsed": 346.263779, "delta": 2.24753}}
{"target": -49.73484225739214, "params": {"eta": 0.42554954254103056, "max_depth": 1.104386484016584, "n_estimators": 437.7352324661705}, "datetime": {"datetime": "2021-09-24 16:59:43", "elapsed": 348.846826, "delta": 2.583047}}
{"target": -47.392522779622475, "params": {"eta": 0.2952695195483148, "max_depth": 1.173043420566687, "n_estimators": 390.7771971681339}, "datetime": {"datetime": "2021-09-24 16:59:44", "elapsed": 350.440882, "delta": 1.594056}}
{"target": -47.903723766929225, "params": {"eta": 0.3473435663503161, "max_depth": 1.0391673719238184, "n_estimators": 436.9332191614286}, "datetime": {"datetime": "2021-09-24 16:59:46", "elapsed": 352.635374, "delta": 2.194492}}
{"target": -43.429434525339225, "params": {"eta": 0.09035620382540795, "max_depth": 1.0043441359997367, "n_estimators": 404.46249020211883}, "datetime": {"datetime": "2021-09-24 16:59:49", "elapsed": 355.046864, "delta": 2.41149}}
{"target": -48.177928515842986, "params": {"eta": 0.3330358588697356, "max_depth": 1.316980251213712, "n_estimators": 404.1289460424641}, "datetime": {"datetime": "2021-09-24 16:59:51", "elapsed": 357.265695, "delta": 2.218831}}
{"target": -43.489082637586094, "params": {"eta": 0.09562897473645286, "max_depth": 1.098736265992352, "n_estimators": 404.89586724487134}, "datetime": {"datetime": "2021-09-24 16:59:53", "elapsed": 359.581063, "delta": 2.315368}}
{"target": -44.41348146137438, "params": {"eta": 0.1322352059605736, "max_depth": 1.638757455174609, "n_estimators": 404.84857116548955}, "datetime": {"datetime": "2021-09-24 16:59:56", "elapsed": 362.040578, "delta": 2.459515}}
{"target": -48.493260899880774, "params": {"eta": 0.11526624561260522, "max_depth": 2.404949112296761, "n_estimators": 404.97003293364895}, "datetime": {"datetime": "2021-09-24 16:59:59", "elapsed": 365.238162, "delta": 3.197584}}
{"target": -46.38101985042257, "params": {"eta": 0.07303588764336509, "max_depth": 2.6923811388923884, "n_estimators": 322.68786190421656}, "datetime": {"datetime": "2021-09-24 17:00:01", "elapsed": 367.316937, "delta": 2.078775}}
{"target": -49.91598961048557, "params": {"eta": 0.444680049897407, "max_depth": 1.141061298077102, "n_estimators": 404.9892839928864}, "datetime": {"datetime": "2021-09-24 17:00:03", "elapsed": 369.493717, "delta": 2.17678}}
{"target": -42.88016217454035, "params": {"eta": 0.05705670809935107, "max_depth": 1.2228708431191984, "n_estimators": 389.2519988606364}, "datetime": {"datetime": "2021-09-24 17:00:06", "elapsed": 371.94468, "delta": 2.450963}}
{"target": -48.765471709401986, "params": {"eta": 0.4416367137446276, "max_depth": 1.0652949329592178, "n_estimators": 307.51225261993164}, "datetime": {"datetime": "2021-09-24 17:00:08", "elapsed": 374.168308, "delta": 2.223628}}
{"target": -49.34431840423355, "params": {"eta": 0.1225696518305296, "max_depth": 2.973163508148592, "n_estimators": 482.1325907966718}, "datetime": {"datetime": "2021-09-24 17:00:11", "elapsed": 377.114443, "delta": 2.946135}}
{"target": -44.65007908182933, "params": {"eta": 0.05, "max_depth": 2.4419507562252236, "n_estimators": 363.99592783882895}, "datetime": {"datetime": "2021-09-24 17:00:14", "elapsed": 379.97865, "delta": 2.864207}}
{"target": -52.43681784321491, "params": {"eta": 0.4952205577735399, "max_depth": 2.868227239492418, "n_estimators": 311.0424565119744}, "datetime": {"datetime": "2021-09-24 17:00:15", "elapsed": 381.463897, "delta": 1.485247}}
{"target": -45.708773132553674, "params": {"eta": 0.06549843953124476, "max_depth": 2.896790092522918, "n_estimators": 363.57770837727696}, "datetime": {"datetime": "2021-09-24 17:00:18", "elapsed": 384.077302, "delta": 2.613405}}
{"target": -42.76352046306868, "params": {"eta": 0.05, "max_depth": 1.0, "n_estimators": 370.262195383727}, "datetime": {"datetime": "2021-09-24 17:00:21", "elapsed": 387.067031, "delta": 2.989729}}
{"target": -44.97775097538654, "params": {"eta": 0.22962778396714223, "max_depth": 1.364112651107525, "n_estimators": 306.35412688841257}, "datetime": {"datetime": "2021-09-24 17:00:22", "elapsed": 388.681224, "delta": 1.614193}}
{"target": -46.75608240930658, "params": {"eta": 0.28568563262793306, "max_depth": 1.3368071667842572, "n_estimators": 370.4109189110085}, "datetime": {"datetime": "2021-09-24 17:00:25", "elapsed": 391.457019, "delta": 2.775795}}
{"target": -45.44043408659168, "params": {"eta": 0.2132891583307852, "max_depth": 1.172409466980116, "n_estimators": 369.7997931750973}, "datetime": {"datetime": "2021-09-24 17:00:28", "elapsed": 394.520767, "delta": 3.063748}}
{"target": -42.91654890820496, "params": {"eta": 0.0774450225323834, "max_depth": 1.6158041374102876, "n_estimators": 305.72029712524045}, "datetime": {"datetime": "2021-09-24 17:00:31", "elapsed": 396.928274, "delta": 2.407507}}
{"target": -45.409223965236116, "params": {"eta": 0.2690425938366122, "max_depth": 1.197027916384788, "n_estimators": 305.65520371878443}, "datetime": {"datetime": "2021-09-24 17:00:33", "elapsed": 399.767237, "delta": 2.838963}}
{"target": -43.22235443000507, "params": {"eta": 0.08695107405241242, "max_depth": 1.9717993040042987, "n_estimators": 306.1314518974684}, "datetime": {"datetime": "2021-09-24 17:00:37", "elapsed": 402.948333, "delta": 3.181096}}
{"target": -50.35496607041897, "params": {"eta": 0.4232546114718069, "max_depth": 2.131739556385731, "n_estimators": 305.6309799858253}, "datetime": {"datetime": "2021-09-24 17:00:41", "elapsed": 406.921388, "delta": 3.973055}}
{"target": -47.00613612698433, "params": {"eta": 0.3539385015920364, "max_depth": 1.9191590807983558, "n_estimators": 306.62421956820305}, "datetime": {"datetime": "2021-09-24 17:00:43", "elapsed": 409.339578, "delta": 2.41819}}
{"target": -42.891533586315646, "params": {"eta": 0.05729228887714232, "max_depth": 1.3270913220753744, "n_estimators": 421.7341337622281}, "datetime": {"datetime": "2021-09-24 17:00:45", "elapsed": 411.002645, "delta": 1.663067}}
{"target": -50.998084935926855, "params": {"eta": 0.3348057155546611, "max_depth": 2.671023898554612, "n_estimators": 357.5706792964405}, "datetime": {"datetime": "2021-09-24 17:00:46", "elapsed": 412.775682, "delta": 1.773037}}
{"target": -47.785547127401024, "params": {"eta": 0.3061717033276316, "max_depth": 1.91452536083132, "n_estimators": 443.61223953203137}, "datetime": {"datetime": "2021-09-24 17:00:48", "elapsed": 414.430871, "delta": 1.655189}}
