{"target": 0.3676666226748073, "params": {"eta": 0.3102757493404603, "max_depth": 14.678010860093126, "n_estimators": 44.1171024524544}, "datetime": {"datetime": "2021-09-24 12:44:44", "elapsed": 278.924707, "delta": 2.116855}}
{"target": 0.3365995282800197, "params": {"eta": 0.4, "max_depth": 19.19339314434054, "n_estimators": 28.345431561904384}, "datetime": {"datetime": "2021-09-24 12:44:46", "elapsed": 281.244266, "delta": 2.319559}}
{"target": 0.3211384859259948, "params": {"eta": 0.4, "max_depth": 10.838636251558519, "n_estimators": 24.715984574444338}, "datetime": {"datetime": "2021-09-24 12:44:48", "elapsed": 283.13952, "delta": 1.895254}}
{"target": 0.09826635034230191, "params": {"eta": 0.39617644621883197, "max_depth": 19.143477056700718, "n_estimators": 3.705401845433727}, "datetime": {"datetime": "2021-09-24 12:44:49", "elapsed": 284.159346, "delta": 1.019826}}
{"target": 0.34719663155272573, "params": {"eta": 0.30793293133314303, "max_depth": 18.655961681215295, "n_estimators": 44.415561854525606}, "datetime": {"datetime": "2021-09-24 12:44:51", "elapsed": 285.965513, "delta": 1.806167}}
{"target": 0.2726096724502487, "params": {"eta": 0.04871597018801595, "max_depth": 18.644545920803036, "n_estimators": 43.39136951792802}, "datetime": {"datetime": "2021-09-24 12:44:53", "elapsed": 288.312371, "delta": 2.346858}}
{"target": -1.6378734447134753, "params": {"eta": 0.1837022271737138, "max_depth": 9.366732232198913, "n_estimators": 2.5567610876610742}, "datetime": {"datetime": "2021-09-24 12:44:54", "elapsed": 289.434559, "delta": 1.122188}}
{"target": 0.3065295433706352, "params": {"eta": 0.24607829029061007, "max_depth": 13.776199493356726, "n_estimators": 22.33437475228719}, "datetime": {"datetime": "2021-09-24 12:44:56", "elapsed": 291.345089, "delta": 1.91053}}
{"target": 0.2969396201276563, "params": {"eta": 0.3407628825862418, "max_depth": 14.361621404567384, "n_estimators": 21.177576017830987}, "datetime": {"datetime": "2021-09-24 12:44:58", "elapsed": 292.84509, "delta": 1.500001}}
{"target": 0.36101125186980676, "params": {"eta": 0.12275503249220932, "max_depth": 16.05513205902041, "n_estimators": 30.077895168432693}, "datetime": {"datetime": "2021-09-24 12:44:59", "elapsed": 294.558571, "delta": 1.713481}}
{"target": 0.3202096976440102, "params": {"eta": 0.24305816854566972, "max_depth": 17.016106420929333, "n_estimators": 30.668398464031107}, "datetime": {"datetime": "2021-09-24 12:45:01", "elapsed": 296.202922, "delta": 1.644351}}
{"target": 0.37892388038349234, "params": {"eta": 0.19244507971986244, "max_depth": 15.000541541022296, "n_estimators": 30.635523036909458}, "datetime": {"datetime": "2021-09-24 12:45:03", "elapsed": 298.309738, "delta": 2.106816}}
{"target": 0.36778440662696554, "params": {"eta": 0.18069800305088018, "max_depth": 15.173849171343086, "n_estimators": 31.81837358732893}, "datetime": {"datetime": "2021-09-24 12:45:05", "elapsed": 300.090214, "delta": 1.780476}}
{"target": 0.27885885635717067, "params": {"eta": 0.3325069363012637, "max_depth": 18.975768334657012, "n_estimators": 13.453761970054186}, "datetime": {"datetime": "2021-09-24 12:45:07", "elapsed": 301.68446, "delta": 1.594246}}
{"target": 0.27526409737426905, "params": {"eta": 0.3447522060524572, "max_depth": 14.12368511246675, "n_estimators": 15.726822037920716}, "datetime": {"datetime": "2021-09-24 12:45:09", "elapsed": 303.831916, "delta": 2.147456}}
{"target": 0.2811568540487486, "params": {"eta": 0.2678445724437289, "max_depth": 17.861655340604976, "n_estimators": 15.104816427627929}, "datetime": {"datetime": "2021-09-24 12:45:10", "elapsed": 305.015627, "delta": 1.183711}}
{"target": 0.3009358490398881, "params": {"eta": 0.2449373626621053, "max_depth": 12.94441484540358, "n_estimators": 36.18499868534769}, "datetime": {"datetime": "2021-09-24 12:45:11", "elapsed": 306.400461, "delta": 1.384834}}
{"target": 0.3212806147691245, "params": {"eta": 0.21393420288280685, "max_depth": 10.332917185306236, "n_estimators": 44.344142276713576}, "datetime": {"datetime": "2021-09-24 12:45:13", "elapsed": 308.393088, "delta": 1.992627}}
{"target": 0.3368010735869197, "params": {"eta": 0.34002002510543466, "max_depth": 9.381398741789091, "n_estimators": 43.58888471047668}, "datetime": {"datetime": "2021-09-24 12:45:15", "elapsed": 310.539235, "delta": 2.146147}}
{"target": 0.19023658722332948, "params": {"eta": 0.04, "max_depth": 11.509197659235564, "n_estimators": 43.717263499175495}, "datetime": {"datetime": "2021-09-24 12:45:17", "elapsed": 312.307619, "delta": 1.768384}}
{"target": 0.33072202517864335, "params": {"eta": 0.4, "max_depth": 13.57987977086861, "n_estimators": 29.58564090694923}, "datetime": {"datetime": "2021-09-24 12:45:19", "elapsed": 314.056382, "delta": 1.748763}}
{"target": -2.255172052039974, "params": {"eta": 0.23147326152176315, "max_depth": 11.359947260259228, "n_estimators": 1.2393325325917606}, "datetime": {"datetime": "2021-09-24 12:45:20", "elapsed": 315.136956, "delta": 1.080574}}
{"target": 0.2866762228526998, "params": {"eta": 0.053203103532030276, "max_depth": 8.310656097796087, "n_estimators": 44.32348254832147}, "datetime": {"datetime": "2021-09-24 12:45:22", "elapsed": 317.068281, "delta": 1.931325}}
{"target": 0.12961159367838393, "params": {"eta": 0.04, "max_depth": 18.240432363901434, "n_estimators": 38.93179058356419}, "datetime": {"datetime": "2021-09-24 12:45:25", "elapsed": 320.132322, "delta": 3.064041}}
{"target": 0.3385314150017553, "params": {"eta": 0.32059283527306504, "max_depth": 11.950571338032951, "n_estimators": 40.31424235645542}, "datetime": {"datetime": "2021-09-24 12:45:27", "elapsed": 322.644204, "delta": 2.511882}}
{"target": 0.16989323690425262, "params": {"eta": 0.050360497015934015, "max_depth": 16.123806366523482, "n_estimators": 32.201345043167386}, "datetime": {"datetime": "2021-09-24 12:45:29", "elapsed": 324.643097, "delta": 1.998893}}
{"target": 0.32950181053945704, "params": {"eta": 0.1765248080219915, "max_depth": 12.623941296865048, "n_estimators": 21.71216388944908}, "datetime": {"datetime": "2021-09-24 12:45:32", "elapsed": 326.709077, "delta": 2.06598}}
{"target": 0.33258519815804344, "params": {"eta": 0.364312624565336, "max_depth": 15.310078173213219, "n_estimators": 10.002802835730556}, "datetime": {"datetime": "2021-09-24 12:45:34", "elapsed": 328.821787, "delta": 2.11271}}
{"target": -1.306656642064012, "params": {"eta": 0.060037170368709675, "max_depth": 15.083740291596257, "n_estimators": 8.71168124626065}, "datetime": {"datetime": "2021-09-24 12:45:36", "elapsed": 331.564956, "delta": 2.743169}}
{"target": -0.13011522948605347, "params": {"eta": 0.08324801384510006, "max_depth": 7.808840183427883, "n_estimators": 13.829906236220989}, "datetime": {"datetime": "2021-09-24 12:45:38", "elapsed": 333.410676, "delta": 1.84572}}
{"target": 0.3534770199117969, "params": {"eta": 0.16036003945878807, "max_depth": 18.609965825976367, "n_estimators": 47.02413395379867}, "datetime": {"datetime": "2021-09-24 12:45:41", "elapsed": 336.123192, "delta": 2.712516}}
{"target": 0.32600437725186693, "params": {"eta": 0.4, "max_depth": 12.264700743861201, "n_estimators": 16.917334408662068}, "datetime": {"datetime": "2021-09-24 12:45:43", "elapsed": 338.012698, "delta": 1.889506}}
{"target": 0.41158753855181696, "params": {"eta": 0.28185177884856083, "max_depth": 11.940084149810412, "n_estimators": 18.01233872107975}, "datetime": {"datetime": "2021-09-24 12:45:45", "elapsed": 340.329877, "delta": 2.317179}}
{"target": 0.31030914276175847, "params": {"eta": 0.15958260524846132, "max_depth": 13.001711310025142, "n_estimators": 17.71177360018066}, "datetime": {"datetime": "2021-09-24 12:45:47", "elapsed": 342.511284, "delta": 2.181407}}
{"target": 0.3594388667107741, "params": {"eta": 0.28439350807620617, "max_depth": 11.033541919584795, "n_estimators": 41.7930110119604}, "datetime": {"datetime": "2021-09-24 12:45:50", "elapsed": 344.885075, "delta": 2.373791}}
{"target": 0.1919082037136154, "params": {"eta": 0.040116388847733775, "max_depth": 10.05845333541011, "n_estimators": 42.11772184883138}, "datetime": {"datetime": "2021-09-24 12:45:52", "elapsed": 347.134374, "delta": 2.249299}}
{"target": 0.31625962731671076, "params": {"eta": 0.4, "max_depth": 9.71397156542877, "n_estimators": 33.48807739650105}, "datetime": {"datetime": "2021-09-24 12:45:55", "elapsed": 349.885229, "delta": 2.750855}}
{"target": 0.3263911830271029, "params": {"eta": 0.4, "max_depth": 11.59450003605013, "n_estimators": 42.57198460102914}, "datetime": {"datetime": "2021-09-24 12:45:57", "elapsed": 352.607272, "delta": 2.722043}}
{"target": 0.3158707555522824, "params": {"eta": 0.05736218105123836, "max_depth": 8.994323586729623, "n_estimators": 48.97277695203544}, "datetime": {"datetime": "2021-09-24 12:46:00", "elapsed": 355.472362, "delta": 2.86509}}
{"target": 0.37782569731519733, "params": {"eta": 0.2676796223464796, "max_depth": 8.074280230981302, "n_estimators": 49.54093422289585}, "datetime": {"datetime": "2021-09-24 12:46:04", "elapsed": 358.887031, "delta": 3.414669}}
{"target": 0.33591679770190286, "params": {"eta": 0.11980983023361139, "max_depth": 11.565405254958401, "n_estimators": 31.677034431603026}, "datetime": {"datetime": "2021-09-24 12:46:07", "elapsed": 362.085094, "delta": 3.198063}}
{"target": 0.33145470954574985, "params": {"eta": 0.4, "max_depth": 16.916387669035153, "n_estimators": 37.48065413773374}, "datetime": {"datetime": "2021-09-24 12:46:10", "elapsed": 365.408185, "delta": 3.323091}}
{"target": 0.3303600144630583, "params": {"eta": 0.3400435917399292, "max_depth": 7.159926098803471, "n_estimators": 48.78013243801214}, "datetime": {"datetime": "2021-09-24 12:46:12", "elapsed": 367.332258, "delta": 1.924073}}
{"target": -0.3539052873239077, "params": {"eta": 0.04, "max_depth": 9.11349817211072, "n_estimators": 23.195063226050493}, "datetime": {"datetime": "2021-09-24 12:46:14", "elapsed": 369.378668, "delta": 2.04641}}
{"target": 0.3371412146738014, "params": {"eta": 0.4, "max_depth": 18.877477848846798, "n_estimators": 36.31394580685032}, "datetime": {"datetime": "2021-09-24 12:46:16", "elapsed": 371.518153, "delta": 2.139485}}
{"target": 0.2588515014312006, "params": {"eta": 0.3968817133849695, "max_depth": 8.511856042835417, "n_estimators": 31.27457341441973}, "datetime": {"datetime": "2021-09-24 12:46:19", "elapsed": 373.828269, "delta": 2.310116}}
{"target": 0.28116043968674187, "params": {"eta": 0.38145784039297587, "max_depth": 8.30057507913518, "n_estimators": 32.872919137839}, "datetime": {"datetime": "2021-09-24 12:46:22", "elapsed": 376.984536, "delta": 3.156267}}
{"target": -0.0018661966070963043, "params": {"eta": 0.04, "max_depth": 19.16423670993069, "n_estimators": 32.384634837164455}, "datetime": {"datetime": "2021-09-24 12:46:25", "elapsed": 379.660999, "delta": 2.676463}}
{"target": 0.36324307799638644, "params": {"eta": 0.13801115193709193, "max_depth": 14.034561644341949, "n_estimators": 30.424234358451237}, "datetime": {"datetime": "2021-09-24 12:46:27", "elapsed": 382.121245, "delta": 2.460246}}
{"target": 0.28111735064827603, "params": {"eta": 0.38610473362245085, "max_depth": 19.77532160361106, "n_estimators": 43.53990282325687}, "datetime": {"datetime": "2021-09-24 12:46:29", "elapsed": 384.606852, "delta": 2.485607}}
{"target": 0.35186154127996394, "params": {"eta": 0.3607861397061536, "max_depth": 17.72028643922586, "n_estimators": 36.54732794242864}, "datetime": {"datetime": "2021-09-24 12:46:32", "elapsed": 387.01256, "delta": 2.405708}}
{"target": 0.33632359131040257, "params": {"eta": 0.4, "max_depth": 17.536789234120125, "n_estimators": 20.480498708167495}, "datetime": {"datetime": "2021-09-24 12:46:34", "elapsed": 389.473119, "delta": 2.460559}}
{"target": 0.33166133440637946, "params": {"eta": 0.12129012623949559, "max_depth": 9.28708707973012, "n_estimators": 47.646788963561946}, "datetime": {"datetime": "2021-09-24 12:46:37", "elapsed": 391.671202, "delta": 2.198083}}
{"target": 0.27888831587317586, "params": {"eta": 0.39730620041259174, "max_depth": 19.486792588661096, "n_estimators": 47.61253846793108}, "datetime": {"datetime": "2021-09-24 12:46:39", "elapsed": 394.176424, "delta": 2.505222}}
{"target": 0.3512895834455214, "params": {"eta": 0.3130251662499192, "max_depth": 16.535876605028264, "n_estimators": 20.64371229288786}, "datetime": {"datetime": "2021-09-24 12:46:42", "elapsed": 397.025028, "delta": 2.848604}}
{"target": 0.23901253163298353, "params": {"eta": 0.04064238513738783, "max_depth": 19.50419940002832, "n_estimators": 49.98611251402964}, "datetime": {"datetime": "2021-09-24 12:46:45", "elapsed": 400.180176, "delta": 3.155148}}
{"target": 0.10257627610638631, "params": {"eta": 0.040089048851143436, "max_depth": 10.746651882415001, "n_estimators": 37.213908500775375}, "datetime": {"datetime": "2021-09-24 12:46:48", "elapsed": 403.126754, "delta": 2.946578}}
{"target": 0.2975922495077076, "params": {"eta": 0.3218745528006066, "max_depth": 18.966433821682525, "n_estimators": 23.47332775299308}, "datetime": {"datetime": "2021-09-24 12:46:51", "elapsed": 405.977698, "delta": 2.850944}}
{"target": 0.33262856898859994, "params": {"eta": 0.4, "max_depth": 14.190073686418689, "n_estimators": 48.0110144209877}, "datetime": {"datetime": "2021-09-24 12:46:54", "elapsed": 408.805612, "delta": 2.827914}}
{"target": 0.3366527475271275, "params": {"eta": 0.4, "max_depth": 19.38945484578456, "n_estimators": 41.212909510977305}, "datetime": {"datetime": "2021-09-24 12:46:56", "elapsed": 411.224001, "delta": 2.418389}}
{"target": 0.32611574638278307, "params": {"eta": 0.4, "max_depth": 12.824536894078278, "n_estimators": 45.33464585281585}, "datetime": {"datetime": "2021-09-24 12:46:59", "elapsed": 414.496185, "delta": 3.272184}}
{"target": 0.3465847676660523, "params": {"eta": 0.08312786982122101, "max_depth": 7.704811964756637, "n_estimators": 42.01613388043575}, "datetime": {"datetime": "2021-09-24 12:47:02", "elapsed": 416.869962, "delta": 2.373777}}
{"target": 0.28899921116274263, "params": {"eta": 0.26116973364603574, "max_depth": 8.214039905313477, "n_estimators": 40.85586470233253}, "datetime": {"datetime": "2021-09-24 12:47:05", "elapsed": 419.99562, "delta": 3.125658}}
{"target": 0.32611138501659553, "params": {"eta": 0.4, "max_depth": 12.900894577118773, "n_estimators": 38.89884702753457}, "datetime": {"datetime": "2021-09-24 12:47:08", "elapsed": 422.999277, "delta": 3.003657}}
{"target": 0.4179069503186563, "params": {"eta": 0.28615100059480203, "max_depth": 16.508141525494125, "n_estimators": 15.929077051911674}, "datetime": {"datetime": "2021-09-24 12:47:11", "elapsed": 425.760308, "delta": 2.761031}}
{"target": -0.5368518610175796, "params": {"eta": 0.049917241515397705, "max_depth": 16.90629418742615, "n_estimators": 16.81525427084203}, "datetime": {"datetime": "2021-09-24 12:47:14", "elapsed": 428.775307, "delta": 3.014999}}
{"target": -0.6435051279052924, "params": {"eta": 0.3163547804614439, "max_depth": 10.701758292781847, "n_estimators": 2.524318893749272}, "datetime": {"datetime": "2021-09-24 12:47:15", "elapsed": 430.208016, "delta": 1.432709}}
{"target": 0.313760494624308, "params": {"eta": 0.25095959370221527, "max_depth": 15.325151820471628, "n_estimators": 15.87631017593538}, "datetime": {"datetime": "2021-09-24 12:47:18", "elapsed": 433.07742, "delta": 2.869404}}
{"target": 0.32089552855839265, "params": {"eta": 0.4, "max_depth": 10.439234187132671, "n_estimators": 19.90083743939604}, "datetime": {"datetime": "2021-09-24 12:47:21", "elapsed": 435.754906, "delta": 2.677486}}
{"target": 0.3117722651229192, "params": {"eta": 0.4, "max_depth": 13.8031950778625, "n_estimators": 6.123912214744191}, "datetime": {"datetime": "2021-09-24 12:47:23", "elapsed": 438.176021, "delta": 2.421115}}
{"target": -0.1435908123250471, "params": {"eta": 0.04, "max_depth": 15.986391548151802, "n_estimators": 28.87174032549756}, "datetime": {"datetime": "2021-09-24 12:47:26", "elapsed": 440.759944, "delta": 2.583923}}
{"target": 0.24838549840692625, "params": {"eta": 0.09992591053235977, "max_depth": 13.844641596411236, "n_estimators": 19.886838610970013}, "datetime": {"datetime": "2021-09-24 12:47:28", "elapsed": 443.380867, "delta": 2.620923}}
{"target": 0.3160465860176481, "params": {"eta": 0.2218080239202508, "max_depth": 15.36754475078975, "n_estimators": 28.276741313500956}, "datetime": {"datetime": "2021-09-24 12:47:30", "elapsed": 445.006649, "delta": 1.625782}}
{"target": 0.17546308693489332, "params": {"eta": 0.07222708661491653, "max_depth": 10.021600047377362, "n_estimators": 24.96660286322226}, "datetime": {"datetime": "2021-09-24 12:47:32", "elapsed": 446.684358, "delta": 1.677709}}
{"target": 0.3770049606155722, "params": {"eta": 0.3154210921519157, "max_depth": 14.20954813459946, "n_estimators": 28.700114130462964}, "datetime": {"datetime": "2021-09-24 12:47:34", "elapsed": 449.462716, "delta": 2.778358}}
{"target": 0.33808312998737233, "params": {"eta": 0.1436210267109903, "max_depth": 11.889196540471907, "n_estimators": 24.20059708714083}, "datetime": {"datetime": "2021-09-24 12:47:36", "elapsed": 451.575951, "delta": 2.113235}}
{"target": 0.3079415478104677, "params": {"eta": 0.3956477626422253, "max_depth": 18.45466500654304, "n_estimators": 21.970519079446927}, "datetime": {"datetime": "2021-09-24 12:47:38", "elapsed": 453.198177, "delta": 1.622226}}
{"target": 0.24394043536680587, "params": {"eta": 0.08642534620332712, "max_depth": 16.75510795456113, "n_estimators": 24.54694650481246}, "datetime": {"datetime": "2021-09-24 12:47:41", "elapsed": 456.401794, "delta": 3.203617}}
{"target": 0.32567560302489784, "params": {"eta": 0.37049764939104135, "max_depth": 14.262213360621372, "n_estimators": 33.30418914750252}, "datetime": {"datetime": "2021-09-24 12:47:44", "elapsed": 458.779435, "delta": 2.377641}}
{"target": 0.3631065574250387, "params": {"eta": 0.18075668460474725, "max_depth": 15.682862770793356, "n_estimators": 34.16234660487219}, "datetime": {"datetime": "2021-09-24 12:47:47", "elapsed": 462.212029, "delta": 3.432594}}
{"target": 0.2948682067065349, "params": {"eta": 0.13002898174768746, "max_depth": 17.87954072445796, "n_estimators": 19.373139165923817}, "datetime": {"datetime": "2021-09-24 12:47:51", "elapsed": 466.557721, "delta": 4.345692}}
{"target": 0.3871065225701734, "params": {"eta": 0.28425599002935076, "max_depth": 13.624872173468322, "n_estimators": 40.55935549485398}, "datetime": {"datetime": "2021-09-24 12:47:53", "elapsed": 468.380947, "delta": 1.823226}}
{"target": 0.3160725313534575, "params": {"eta": 0.4, "max_depth": 9.50642620128581, "n_estimators": 39.031340396421506}, "datetime": {"datetime": "2021-09-24 12:47:56", "elapsed": 470.656093, "delta": 2.275146}}
{"target": 0.2688411288048693, "params": {"eta": 0.4, "max_depth": 7.0, "n_estimators": 42.6628184472619}, "datetime": {"datetime": "2021-09-24 12:47:59", "elapsed": 473.849638, "delta": 3.193545}}
{"target": 0.26876965882611314, "params": {"eta": 0.4, "max_depth": 7.0, "n_estimators": 44.079092354134325}, "datetime": {"datetime": "2021-09-24 12:48:02", "elapsed": 477.446628, "delta": 3.59699}}
{"target": 0.27355995795768295, "params": {"eta": 0.3806398542130012, "max_depth": 12.218546338044456, "n_estimators": 49.647945948460475}, "datetime": {"datetime": "2021-09-24 12:48:05", "elapsed": 480.60434, "delta": 3.157712}}
{"target": 0.34795400741086824, "params": {"eta": 0.33510872403081915, "max_depth": 7.016493874945222, "n_estimators": 22.399873165880525}, "datetime": {"datetime": "2021-09-24 12:48:08", "elapsed": 483.574427, "delta": 2.970087}}
{"target": 0.3214550288771484, "params": {"eta": 0.4, "max_depth": 10.643578237202991, "n_estimators": 39.030181073215694}, "datetime": {"datetime": "2021-09-24 12:48:10", "elapsed": 485.629562, "delta": 2.055135}}
{"target": 0.26887963733568, "params": {"eta": 0.4, "max_depth": 7.0, "n_estimators": 47.272837737335024}, "datetime": {"datetime": "2021-09-24 12:48:13", "elapsed": 488.314563, "delta": 2.685001}}
{"target": 0.3133554530271283, "params": {"eta": 0.2017122857951657, "max_depth": 17.661826201588106, "n_estimators": 15.864444824475578}, "datetime": {"datetime": "2021-09-24 12:48:15", "elapsed": 489.820874, "delta": 1.506311}}
{"target": 0.2785427894329242, "params": {"eta": 0.10090747073904065, "max_depth": 18.91981285221996, "n_estimators": 27.14621543261263}, "datetime": {"datetime": "2021-09-24 12:48:17", "elapsed": 492.130055, "delta": 2.309181}}
{"target": 0.3466455825293565, "params": {"eta": 0.2601078250368203, "max_depth": 15.395177579530987, "n_estimators": 20.490813885435134}, "datetime": {"datetime": "2021-09-24 12:48:19", "elapsed": 494.222503, "delta": 2.092448}}
{"target": 0.3307542518169728, "params": {"eta": 0.4, "max_depth": 13.3241324064341, "n_estimators": 33.910825903200546}, "datetime": {"datetime": "2021-09-24 12:48:21", "elapsed": 496.536612, "delta": 2.314109}}
{"target": 0.3057848781347824, "params": {"eta": 0.4, "max_depth": 7.886834404310575, "n_estimators": 7.432315712067976}, "datetime": {"datetime": "2021-09-24 12:48:24", "elapsed": 498.726869, "delta": 2.190257}}
{"target": -1.449134713853919, "params": {"eta": 0.04, "max_depth": 7.0, "n_estimators": 11.850079227095566}, "datetime": {"datetime": "2021-09-24 12:48:26", "elapsed": 501.224296, "delta": 2.497427}}
{"target": 0.28537440732388464, "params": {"eta": 0.34798306995679334, "max_depth": 12.27194927979767, "n_estimators": 11.191733119650703}, "datetime": {"datetime": "2021-09-24 12:48:29", "elapsed": 503.700109, "delta": 2.475813}}
{"target": -0.582971696393469, "params": {"eta": 0.06431696340231467, "max_depth": 16.74906597574435, "n_estimators": 12.85254062386408}, "datetime": {"datetime": "2021-09-24 12:48:31", "elapsed": 505.806491, "delta": 2.106382}}
