{"target": -41.87301836947596, "params": {"eta": 0.21881287018263404, "max_depth": 5.773527457429745, "n_estimators": 19.245123688951704}, "datetime": {"datetime": "2021-09-29 14:18:58", "elapsed": 380.486431, "delta": 1.278584}}
{"target": -48.63236810899439, "params": {"eta": 0.6610257520750953, "max_depth": 12.406786019347877, "n_estimators": 47.2763324741953}, "datetime": {"datetime": "2021-09-29 14:19:00", "elapsed": 381.956763, "delta": 1.470332}}
{"target": -37.84497032398604, "params": {"eta": 0.16081961672359904, "max_depth": 1.018974943608272, "n_estimators": 95.76779603865832}, "datetime": {"datetime": "2021-09-29 14:19:03", "elapsed": 384.757066, "delta": 2.800303}}
{"target": -37.526187967606106, "params": {"eta": 0.08085207408104375, "max_depth": 16.00520033589282, "n_estimators": 43.720727951390494}, "datetime": {"datetime": "2021-09-29 14:19:05", "elapsed": 386.744376, "delta": 1.98731}}
{"target": -53.70345469126582, "params": {"eta": 0.9311872800913469, "max_depth": 27.94564363871222, "n_estimators": 89.14487651982968}, "datetime": {"datetime": "2021-09-29 14:19:06", "elapsed": 388.284971, "delta": 1.540595}}
{"target": -40.14314394186111, "params": {"eta": 0.44662980054467455, "max_depth": 24.90291670992362, "n_estimators": 39.6187827815279}, "datetime": {"datetime": "2021-09-29 14:19:08", "elapsed": 390.085193, "delta": 1.800222}}
{"target": -38.83201178314862, "params": {"eta": 0.5788380217936082, "max_depth": 1.1978108205848945, "n_estimators": 95.89733899050329}, "datetime": {"datetime": "2021-09-29 14:19:10", "elapsed": 392.284884, "delta": 2.199691}}
{"target": -44.835278741426336, "params": {"eta": 0.8390713971626762, "max_depth": 4.49650167754921, "n_estimators": 8.05733950029974}, "datetime": {"datetime": "2021-09-29 14:19:11", "elapsed": 393.678089, "delta": 1.393205}}
{"target": -46.67447779955461, "params": {"eta": 0.6489171140936517, "max_depth": 26.98008971346288, "n_estimators": 25.434544138717992}, "datetime": {"datetime": "2021-09-29 14:19:13", "elapsed": 395.328733, "delta": 1.650644}}
{"target": -38.438696801879644, "params": {"eta": 0.40172525582451335, "max_depth": 3.0252956355281975, "n_estimators": 13.811963967058478}, "datetime": {"datetime": "2021-09-29 14:19:16", "elapsed": 398.337255, "delta": 3.008522}}
{"target": -39.84261828908368, "params": {"eta": 0.3834254920216931, "max_depth": 10.587293804015438, "n_estimators": 83.48847692745635}, "datetime": {"datetime": "2021-09-29 14:19:18", "elapsed": 399.929169, "delta": 1.591914}}
{"target": -43.05379143357101, "params": {"eta": 0.598655969091122, "max_depth": 4.108925621027817, "n_estimators": 8.180262894921547}, "datetime": {"datetime": "2021-09-29 14:19:21", "elapsed": 403.469015, "delta": 3.539846}}
{"target": -44.624698759582124, "params": {"eta": 0.2326358545491654, "max_depth": 6.0778393985526975, "n_estimators": 3.887542107975446}, "datetime": {"datetime": "2021-09-29 14:19:24", "elapsed": 406.49262, "delta": 3.023605}}
{"target": -37.94339727405425, "params": {"eta": 0.3221822058251009, "max_depth": 1.3807747431972999, "n_estimators": 95.69385747405491}, "datetime": {"datetime": "2021-09-29 14:19:28", "elapsed": 409.81532, "delta": 3.3227}}
{"target": -44.31370397390219, "params": {"eta": 0.055259348587211723, "max_depth": 1.9212456816033376, "n_estimators": 10.306475115465807}, "datetime": {"datetime": "2021-09-29 14:19:31", "elapsed": 412.745589, "delta": 2.930269}}
{"target": -39.50787337085545, "params": {"eta": 0.17209226480252382, "max_depth": 3.950225672719576, "n_estimators": 60.2578400804627}, "datetime": {"datetime": "2021-09-29 14:19:32", "elapsed": 414.154345, "delta": 1.408756}}
{"target": -38.35296885932628, "params": {"eta": 0.3954589788100177, "max_depth": 3.766108240459246, "n_estimators": 10.678054727174604}, "datetime": {"datetime": "2021-09-29 14:19:36", "elapsed": 417.996932, "delta": 3.842587}}
{"target": -37.45698922311396, "params": {"eta": 0.35407924950885367, "max_depth": 1.0178483033221417, "n_estimators": 96.07551473969197}, "datetime": {"datetime": "2021-09-29 14:19:39", "elapsed": 421.556091, "delta": 3.559159}}
{"target": -42.7035346755262, "params": {"eta": 0.7716845391338478, "max_depth": 4.421634422731289, "n_estimators": 8.270806067424935}, "datetime": {"datetime": "2021-09-29 14:19:44", "elapsed": 425.751675, "delta": 4.195584}}
{"target": -42.972538866725536, "params": {"eta": 0.4215275606443764, "max_depth": 13.171499733140774, "n_estimators": 56.161954618485765}, "datetime": {"datetime": "2021-09-29 14:19:45", "elapsed": 427.488419, "delta": 1.736744}}
{"target": -40.95637140811941, "params": {"eta": 0.35226166605195186, "max_depth": 3.0352908716566533, "n_estimators": 11.69080806253457}, "datetime": {"datetime": "2021-09-29 14:19:49", "elapsed": 431.674645, "delta": 4.186226}}
{"target": -36.330232610950986, "params": {"eta": 0.3361592671800676, "max_depth": 6.088456744718631, "n_estimators": 4.428099104943808}, "datetime": {"datetime": "2021-09-29 14:19:53", "elapsed": 435.475549, "delta": 3.800904}}
{"target": -39.50028098657678, "params": {"eta": 0.524772003838243, "max_depth": 1.5619963687499683, "n_estimators": 16.690307425916394}, "datetime": {"datetime": "2021-09-29 14:19:57", "elapsed": 439.424666, "delta": 3.949117}}
{"target": -38.68912651999874, "params": {"eta": 0.4135801563326846, "max_depth": 1.2658396331987136, "n_estimators": 17.967583219011633}, "datetime": {"datetime": "2021-09-29 14:20:01", "elapsed": 442.902554, "delta": 3.477888}}
{"target": -34.098858924069944, "params": {"eta": 0.1126241558047465, "max_depth": 3.8930561378257074, "n_estimators": 11.008414457661704}, "datetime": {"datetime": "2021-09-29 14:20:04", "elapsed": 446.335531, "delta": 3.432977}}
{"target": -40.62689469709244, "params": {"eta": 0.2758299273725583, "max_depth": 17.125834325932463, "n_estimators": 81.73721161419746}, "datetime": {"datetime": "2021-09-29 14:20:06", "elapsed": 448.175795, "delta": 1.840264}}
{"target": -45.118532796870014, "params": {"eta": 0.8334265301265684, "max_depth": 20.51527863505234, "n_estimators": 58.917760123949336}, "datetime": {"datetime": "2021-09-29 14:20:08", "elapsed": 449.937748, "delta": 1.761953}}
{"target": -40.841887783405475, "params": {"eta": 0.18772531638517978, "max_depth": 25.190512639333864, "n_estimators": 39.66418502279832}, "datetime": {"datetime": "2021-09-29 14:20:09", "elapsed": 451.734944, "delta": 1.797196}}
{"target": -43.356657043490635, "params": {"eta": 0.4672744159725704, "max_depth": 6.636727809183121, "n_estimators": 14.642287928730314}, "datetime": {"datetime": "2021-09-29 14:20:13", "elapsed": 455.233264, "delta": 3.49832}}
{"target": -39.27749163274777, "params": {"eta": 0.05949838715349133, "max_depth": 2.0024892715825517, "n_estimators": 13.351397395871361}, "datetime": {"datetime": "2021-09-29 14:20:17", "elapsed": 459.552777, "delta": 4.319513}}
{"target": -38.87460500877232, "params": {"eta": 0.46834586170266557, "max_depth": 1.9318203160773257, "n_estimators": 15.830263130910796}, "datetime": {"datetime": "2021-09-29 14:20:20", "elapsed": 462.574382, "delta": 3.021605}}
{"target": -35.12710086320124, "params": {"eta": 0.3860470940362144, "max_depth": 5.798932074299997, "n_estimators": 4.230518697904705}, "datetime": {"datetime": "2021-09-29 14:20:24", "elapsed": 466.291141, "delta": 3.716759}}
{"target": -38.234514195583934, "params": {"eta": 0.9501823164141497, "max_depth": 1.381389107936545, "n_estimators": 16.05030256087445}, "datetime": {"datetime": "2021-09-29 14:20:27", "elapsed": 469.584366, "delta": 3.293225}}
{"target": -35.21857309848449, "params": {"eta": 0.027979319275169452, "max_depth": 13.77005583268565, "n_estimators": 58.61826386052721}, "datetime": {"datetime": "2021-09-29 14:20:29", "elapsed": 471.247148, "delta": 1.662782}}
{"target": -38.19126085512605, "params": {"eta": 0.2119613394620427, "max_depth": 15.429220199678449, "n_estimators": 13.542152219617789}, "datetime": {"datetime": "2021-09-29 14:20:31", "elapsed": 472.935879, "delta": 1.688731}}
{"target": -39.60728132330096, "params": {"eta": 0.2793957500370379, "max_depth": 13.525933190682975, "n_estimators": 58.4772456343952}, "datetime": {"datetime": "2021-09-29 14:20:34", "elapsed": 476.455372, "delta": 3.519493}}
{"target": -79.90247773598668, "params": {"eta": 0.013418755308079131, "max_depth": 1.2798735346168413, "n_estimators": 17.988279842999752}, "datetime": {"datetime": "2021-09-29 14:20:37", "elapsed": 479.032779, "delta": 2.577407}}
{"target": -85.24916154352675, "params": {"eta": 0.010876599376480842, "max_depth": 3.1782157553322663, "n_estimators": 13.662270129735777}, "datetime": {"datetime": "2021-09-29 14:20:40", "elapsed": 482.150094, "delta": 3.117315}}
{"target": -36.967404142341806, "params": {"eta": 0.1727650779606868, "max_depth": 13.86439793865767, "n_estimators": 58.407006139039915}, "datetime": {"datetime": "2021-09-29 14:20:43", "elapsed": 485.441967, "delta": 3.291873}}
{"target": -41.49016449462784, "params": {"eta": 0.37979859301970115, "max_depth": 19.76159112955064, "n_estimators": 14.729948016344999}, "datetime": {"datetime": "2021-09-29 14:20:45", "elapsed": 487.215667, "delta": 1.7737}}
{"target": -34.69114554131239, "params": {"eta": 0.11708356765311487, "max_depth": 2.9639763780924464, "n_estimators": 13.196048369054221}, "datetime": {"datetime": "2021-09-29 14:20:49", "elapsed": 491.077555, "delta": 3.861888}}
{"target": -37.616808064734, "params": {"eta": 0.21610190477032565, "max_depth": 2.7901122217267673, "n_estimators": 12.969774102025946}, "datetime": {"datetime": "2021-09-29 14:20:52", "elapsed": 494.657708, "delta": 3.580153}}
{"target": -45.54919150216325, "params": {"eta": 0.7224051031782772, "max_depth": 23.22139391554726, "n_estimators": 15.076987680866221}, "datetime": {"datetime": "2021-09-29 14:20:54", "elapsed": 496.268147, "delta": 1.610439}}
{"target": -46.609668974893, "params": {"eta": 0.9071096688441063, "max_depth": 14.509409019511741, "n_estimators": 77.82787591877847}, "datetime": {"datetime": "2021-09-29 14:20:56", "elapsed": 498.206189, "delta": 1.938042}}
{"target": -39.94723805258836, "params": {"eta": 0.5180984411630633, "max_depth": 1.3754112250451906, "n_estimators": 9.63278155691857}, "datetime": {"datetime": "2021-09-29 14:21:00", "elapsed": 502.032795, "delta": 3.826606}}
{"target": -42.10372596415372, "params": {"eta": 0.22098500804377863, "max_depth": 11.64784538511911, "n_estimators": 86.53417373337255}, "datetime": {"datetime": "2021-09-29 14:21:02", "elapsed": 504.16353, "delta": 2.130735}}
{"target": -37.26706605499593, "params": {"eta": 0.08853249206889588, "max_depth": 1.8293919209300589, "n_estimators": 9.736231990486948}, "datetime": {"datetime": "2021-09-29 14:21:06", "elapsed": 508.357073, "delta": 4.193543}}
{"target": -40.35647978491278, "params": {"eta": 0.2580651110238934, "max_depth": 22.01539557989375, "n_estimators": 86.85305256676125}, "datetime": {"datetime": "2021-09-29 14:21:11", "elapsed": 513.023933, "delta": 4.66686}}
{"target": -40.485461537966685, "params": {"eta": 0.06870665261338062, "max_depth": 28.650001588293225, "n_estimators": 96.11937343545154}, "datetime": {"datetime": "2021-09-29 14:21:13", "elapsed": 515.365349, "delta": 2.341416}}
{"target": -40.498869872784645, "params": {"eta": 0.682263826545437, "max_depth": 1.160883470758047, "n_estimators": 15.871765511511494}, "datetime": {"datetime": "2021-09-29 14:21:18", "elapsed": 519.913725, "delta": 4.548376}}
{"target": -35.56954499494673, "params": {"eta": 0.09386259999135961, "max_depth": 1.2397935889330345, "n_estimators": 14.572712701203487}, "datetime": {"datetime": "2021-09-29 14:21:21", "elapsed": 523.684926, "delta": 3.771201}}
{"target": -34.27597158448411, "params": {"eta": 0.1492783229707552, "max_depth": 3.8074213562615116, "n_estimators": 11.76841436173093}, "datetime": {"datetime": "2021-09-29 14:21:26", "elapsed": 528.3621, "delta": 4.677174}}
{"target": -40.66563925228287, "params": {"eta": 0.20894459055441536, "max_depth": 13.262566596705264, "n_estimators": 93.09093851383747}, "datetime": {"datetime": "2021-09-29 14:21:28", "elapsed": 530.63858, "delta": 2.27648}}
{"target": -42.178505892431275, "params": {"eta": 0.01, "max_depth": 21.645261742603726, "n_estimators": 87.02634882654618}, "datetime": {"datetime": "2021-09-29 14:21:33", "elapsed": 535.421109, "delta": 4.782529}}
{"target": -34.3945828972724, "params": {"eta": 0.17415472454106404, "max_depth": 25.724827742279743, "n_estimators": 14.489492105884402}, "datetime": {"datetime": "2021-09-29 14:21:35", "elapsed": 537.245218, "delta": 1.824109}}
{"target": -40.373447660212705, "params": {"eta": 0.7375661326021892, "max_depth": 1.589634534037899, "n_estimators": 10.042613824435994}, "datetime": {"datetime": "2021-09-29 14:21:38", "elapsed": 540.445751, "delta": 3.200533}}
{"target": -37.83424028822637, "params": {"eta": 0.3454327849965282, "max_depth": 2.472344153939816, "n_estimators": 13.605529410271773}, "datetime": {"datetime": "2021-09-29 14:21:42", "elapsed": 544.387355, "delta": 3.941604}}
{"target": -39.85547404114876, "params": {"eta": 0.6012592804997656, "max_depth": 1.2410643892391284, "n_estimators": 17.65597261352007}, "datetime": {"datetime": "2021-09-29 14:21:47", "elapsed": 549.277994, "delta": 4.890639}}
{"target": -53.470900788139645, "params": {"eta": 0.0536051120463061, "max_depth": 3.351418124278072, "n_estimators": 10.120126238492714}, "datetime": {"datetime": "2021-09-29 14:21:51", "elapsed": 552.91442, "delta": 3.636426}}
{"target": -40.0931859640336, "params": {"eta": 0.23276178422730162, "max_depth": 9.189824461836848, "n_estimators": 29.754229500998775}, "datetime": {"datetime": "2021-09-29 14:21:53", "elapsed": 554.775131, "delta": 1.860711}}
{"target": -38.65190032457198, "params": {"eta": 0.7886475372715746, "max_depth": 1.997173232131928, "n_estimators": 9.61525875560455}, "datetime": {"datetime": "2021-09-29 14:21:56", "elapsed": 558.558, "delta": 3.782869}}
{"target": -42.002188513410445, "params": {"eta": 0.368846245006091, "max_depth": 13.924465655784815, "n_estimators": 58.72524535968484}, "datetime": {"datetime": "2021-09-29 14:22:00", "elapsed": 562.710395, "delta": 4.152395}}
{"target": -40.11715473339483, "params": {"eta": 0.2755432436263706, "max_depth": 3.9354777633579694, "n_estimators": 12.104737112414181}, "datetime": {"datetime": "2021-09-29 14:22:04", "elapsed": 566.695736, "delta": 3.985341}}
{"target": -38.078557539216334, "params": {"eta": 0.9020993692166683, "max_depth": 1.5151689612019952, "n_estimators": 14.176227933681451}, "datetime": {"datetime": "2021-09-29 14:22:09", "elapsed": 570.883798, "delta": 4.188062}}
{"target": -39.571710328854635, "params": {"eta": 0.7116770121915751, "max_depth": 1.541157285987125, "n_estimators": 53.24974294298928}, "datetime": {"datetime": "2021-09-29 14:22:10", "elapsed": 572.555502, "delta": 1.671704}}
{"target": -56.86037877805414, "params": {"eta": 0.035250463151607056, "max_depth": 2.975408150437173, "n_estimators": 11.986115251532372}, "datetime": {"datetime": "2021-09-29 14:22:14", "elapsed": 576.423748, "delta": 3.868246}}
{"target": -37.562961258960776, "params": {"eta": 0.09074411669764475, "max_depth": 25.488914246267992, "n_estimators": 14.485545888377096}, "datetime": {"datetime": "2021-09-29 14:22:18", "elapsed": 580.123342, "delta": 3.699594}}
{"target": -55.98854209603786, "params": {"eta": 0.052632369635650544, "max_depth": 2.1387805100281754, "n_estimators": 9.81081402238683}, "datetime": {"datetime": "2021-09-29 14:22:23", "elapsed": 585.59063, "delta": 5.467288}}
{"target": -39.89343562230597, "params": {"eta": 0.10666488312468476, "max_depth": 26.15825200546667, "n_estimators": 72.45373054626609}, "datetime": {"datetime": "2021-09-29 14:22:26", "elapsed": 587.757532, "delta": 2.166902}}
{"target": -36.38109588804475, "params": {"eta": 0.13722447651337072, "max_depth": 25.683968571357905, "n_estimators": 14.748791571864375}, "datetime": {"datetime": "2021-09-29 14:22:30", "elapsed": 592.206092, "delta": 4.44856}}
{"target": -39.875970735652444, "params": {"eta": 0.47757495750964507, "max_depth": 2.0412820976274526, "n_estimators": 9.458876672750405}, "datetime": {"datetime": "2021-09-29 14:22:34", "elapsed": 595.738499, "delta": 3.532407}}
{"target": -40.34405411690224, "params": {"eta": 0.40032040753011827, "max_depth": 25.49665557205991, "n_estimators": 14.360079306230421}, "datetime": {"datetime": "2021-09-29 14:22:38", "elapsed": 600.29479, "delta": 4.556291}}
{"target": -40.100307479791915, "params": {"eta": 0.6015585149744497, "max_depth": 5.512353291237752, "n_estimators": 29.46803388265674}, "datetime": {"datetime": "2021-09-29 14:22:40", "elapsed": 601.928749, "delta": 1.633959}}
{"target": -40.41209031695882, "params": {"eta": 0.3598427103466308, "max_depth": 25.737197145592344, "n_estimators": 14.59716073171604}, "datetime": {"datetime": "2021-09-29 14:22:44", "elapsed": 606.594927, "delta": 4.666178}}
{"target": -36.31200475132119, "params": {"eta": 0.21143062352603947, "max_depth": 2.453613016729316, "n_estimators": 10.129239051471172}, "datetime": {"datetime": "2021-09-29 14:22:49", "elapsed": 610.807231, "delta": 4.212304}}
{"target": -44.764640820644054, "params": {"eta": 0.5651972530976968, "max_depth": 17.030095504647576, "n_estimators": 10.59321885864534}, "datetime": {"datetime": "2021-09-29 14:22:50", "elapsed": 612.605757, "delta": 1.798526}}
{"target": -60.884567277697165, "params": {"eta": 0.04197736724792494, "max_depth": 3.8889269813942993, "n_estimators": 10.242304665083397}, "datetime": {"datetime": "2021-09-29 14:22:54", "elapsed": 616.558631, "delta": 3.952874}}
{"target": -34.69114554131239, "params": {"eta": 0.11659576861557887, "max_depth": 2.6410501457006914, "n_estimators": 13.203058849538769}, "datetime": {"datetime": "2021-09-29 14:23:01", "elapsed": 623.282649, "delta": 6.724018}}
{"target": -36.91329262778135, "params": {"eta": 0.10781390991058784, "max_depth": 1.6447490534046658, "n_estimators": 15.440675398840733}, "datetime": {"datetime": "2021-09-29 14:23:06", "elapsed": 628.658462, "delta": 5.375813}}
{"target": -40.56384433918133, "params": {"eta": 0.509884604186874, "max_depth": 23.60202750716111, "n_estimators": 22.303594002751332}, "datetime": {"datetime": "2021-09-29 14:23:08", "elapsed": 630.666464, "delta": 2.008002}}
{"target": -37.83424028822637, "params": {"eta": 0.3542074536272535, "max_depth": 2.7811427006508396, "n_estimators": 13.91858729702785}, "datetime": {"datetime": "2021-09-29 14:23:12", "elapsed": 634.65972, "delta": 3.993256}}
{"target": -48.209441639868054, "params": {"eta": 0.032835368977522365, "max_depth": 1.0321512893340938, "n_estimators": 18.358138337754742}, "datetime": {"datetime": "2021-09-29 14:23:16", "elapsed": 638.702178, "delta": 4.042458}}
{"target": -42.809234783892045, "params": {"eta": 0.5032767988285355, "max_depth": 23.495262518451575, "n_estimators": 80.74253159500262}, "datetime": {"datetime": "2021-09-29 14:23:18", "elapsed": 640.704143, "delta": 2.001965}}
{"target": -33.91637780773288, "params": {"eta": 0.1323351791409999, "max_depth": 3.4353348862005886, "n_estimators": 11.835239676715094}, "datetime": {"datetime": "2021-09-29 14:23:23", "elapsed": 645.024216, "delta": 4.320073}}
{"target": -39.95223180379649, "params": {"eta": 0.7608010325804937, "max_depth": 1.0396308039542435, "n_estimators": 18.03830279570636}, "datetime": {"datetime": "2021-09-29 14:23:26", "elapsed": 648.268946, "delta": 3.24473}}
{"target": -40.511701694427884, "params": {"eta": 0.20284525190838149, "max_depth": 1.1226214113099116, "n_estimators": 18.939246786063148}, "datetime": {"datetime": "2021-09-29 14:23:32", "elapsed": 653.942598, "delta": 5.673652}}
{"target": -39.56934778374761, "params": {"eta": 0.27327370196608936, "max_depth": 18.48542679926547, "n_estimators": 69.35420314935556}, "datetime": {"datetime": "2021-09-29 14:23:34", "elapsed": 656.281895, "delta": 2.339297}}
{"target": -36.167145650404585, "params": {"eta": 0.15433508617154348, "max_depth": 26.03360294410945, "n_estimators": 14.315005905018714}, "datetime": {"datetime": "2021-09-29 14:23:38", "elapsed": 660.700418, "delta": 4.418523}}
{"target": -39.963112893716755, "params": {"eta": 0.2367009685985531, "max_depth": 1.3706714184772881, "n_estimators": 15.622975149946248}, "datetime": {"datetime": "2021-09-29 14:23:42", "elapsed": 664.644303, "delta": 3.943885}}
{"target": -45.275973171959286, "params": {"eta": 0.7151761577464094, "max_depth": 13.221802407808322, "n_estimators": 65.3632796300668}, "datetime": {"datetime": "2021-09-29 14:23:44", "elapsed": 666.698166, "delta": 2.053863}}
{"target": -33.63021680658157, "params": {"eta": 0.11463032063139283, "max_depth": 3.596154234313876, "n_estimators": 12.203408471459378}, "datetime": {"datetime": "2021-09-29 14:23:49", "elapsed": 670.938947, "delta": 4.240781}}
{"target": -40.06634497361985, "params": {"eta": 0.6185161616044095, "max_depth": 1.8233490831937182, "n_estimators": 14.620684926657395}, "datetime": {"datetime": "2021-09-29 14:23:54", "elapsed": 676.11769, "delta": 5.178743}}
{"target": -40.599978349855384, "params": {"eta": 0.4557179831232955, "max_depth": 26.52213919154557, "n_estimators": 85.98450773864298}, "datetime": {"datetime": "2021-09-29 14:23:56", "elapsed": 678.034897, "delta": 1.917207}}
{"target": -42.064860690846864, "params": {"eta": 0.7144835244253092, "max_depth": 28.182597582262407, "n_estimators": 20.82612879441219}, "datetime": {"datetime": "2021-09-29 14:23:58", "elapsed": 680.231372, "delta": 2.196475}}
{"target": -61.023462949814466, "params": {"eta": 0.02814205085778703, "max_depth": 25.995638368956506, "n_estimators": 14.63008668173839}, "datetime": {"datetime": "2021-09-29 14:24:02", "elapsed": 684.311588, "delta": 4.080216}}
