{"target": -53.80607811490396, "params": {"eta": 0.6445205652333252, "max_depth": 4.585312072494756, "n_estimators": 33.3227158970533}, "datetime": {"datetime": "2021-09-24 15:32:00", "elapsed": 1251.975536, "delta": 6.598068}}
{"target": -45.0768535011693, "params": {"eta": 0.5485951528833142, "max_depth": 1.9679041236119357, "n_estimators": 21.064763651343068}, "datetime": {"datetime": "2021-09-24 15:32:06", "elapsed": 1257.627639, "delta": 5.652103}}
{"target": -45.83352365708889, "params": {"eta": 0.16818164870574545, "max_depth": 10.56670285938121, "n_estimators": 54.2291740862869}, "datetime": {"datetime": "2021-09-24 15:32:09", "elapsed": 1261.088888, "delta": 3.461249}}
{"target": -58.99731527593799, "params": {"eta": 0.9249812647493202, "max_depth": 9.21569808959905, "n_estimators": 83.75076784704594}, "datetime": {"datetime": "2021-09-24 15:32:13", "elapsed": 1264.475062, "delta": 3.386174}}
{"target": -49.72102833511238, "params": {"eta": 0.39965982723034127, "max_depth": 3.6213368733186444, "n_estimators": 75.73022066979293}, "datetime": {"datetime": "2021-09-24 15:32:20", "elapsed": 1271.949441, "delta": 7.474379}}
{"target": -50.14586378398695, "params": {"eta": 0.9121177408051349, "max_depth": 2.2371756823074254, "n_estimators": 22.20990867075436}, "datetime": {"datetime": "2021-09-24 15:32:25", "elapsed": 1277.269265, "delta": 5.319824}}
{"target": -47.74820858374574, "params": {"eta": 0.17540460146672407, "max_depth": 11.791277822023496, "n_estimators": 47.11802157900825}, "datetime": {"datetime": "2021-09-24 15:32:29", "elapsed": 1280.377008, "delta": 3.107743}}
{"target": -52.67187992074436, "params": {"eta": 0.6374215853453078, "max_depth": 3.474261268129416, "n_estimators": 33.35403308328756}, "datetime": {"datetime": "2021-09-24 15:32:35", "elapsed": 1286.467852, "delta": 6.090844}}
{"target": -45.96222323941109, "params": {"eta": 0.5485866344337078, "max_depth": 1.8020645893405556, "n_estimators": 71.30994008069081}, "datetime": {"datetime": "2021-09-24 15:32:42", "elapsed": 1293.948047, "delta": 7.480195}}
{"target": -53.923301940573786, "params": {"eta": 0.9068845820152004, "max_depth": 14.01637554959547, "n_estimators": 44.36506217775333}, "datetime": {"datetime": "2021-09-24 15:32:45", "elapsed": 1296.49405, "delta": 2.546003}}
{"target": -45.79401690977856, "params": {"eta": 0.8743806959983612, "max_depth": 1.579737852562916, "n_estimators": 49.88370489118821}, "datetime": {"datetime": "2021-09-24 15:32:51", "elapsed": 1302.879909, "delta": 6.385859}}
{"target": -55.27957008476544, "params": {"eta": 0.8916664089469429, "max_depth": 13.832736979200483, "n_estimators": 43.669070313078095}, "datetime": {"datetime": "2021-09-24 15:32:54", "elapsed": 1305.374893, "delta": 2.494984}}
{"target": -46.76494956912851, "params": {"eta": 0.9243991263869965, "max_depth": 1.7052349305186825, "n_estimators": 24.17729049047684}, "datetime": {"datetime": "2021-09-24 15:32:59", "elapsed": 1310.440824, "delta": 5.065931}}
{"target": -43.19840498615925, "params": {"eta": 0.3714797893307067, "max_depth": 1.7289702452531952, "n_estimators": 32.52088749327839}, "datetime": {"datetime": "2021-09-24 15:33:04", "elapsed": 1316.200444, "delta": 5.75962}}
{"target": -52.04414591394869, "params": {"eta": 0.5499143582448099, "max_depth": 11.442384899743843, "n_estimators": 41.00274030274599}, "datetime": {"datetime": "2021-09-24 15:33:07", "elapsed": 1319.197555, "delta": 2.997111}}
{"target": -49.717725309214195, "params": {"eta": 0.3902843626540475, "max_depth": 3.6112915790282836, "n_estimators": 75.75251427161953}, "datetime": {"datetime": "2021-09-24 15:33:10", "elapsed": 1321.912264, "delta": 2.714709}}
{"target": -98.1944118872621, "params": {"eta": 0.005744831646738238, "max_depth": 1.7099600377279183, "n_estimators": 67.01548556962086}, "datetime": {"datetime": "2021-09-24 15:33:16", "elapsed": 1327.647878, "delta": 5.735614}}
{"target": -43.64732125647982, "params": {"eta": 0.13698956607549403, "max_depth": 1.1631850749342814, "n_estimators": 76.25014358466426}, "datetime": {"datetime": "2021-09-24 15:33:21", "elapsed": 1332.516401, "delta": 4.868523}}
{"target": -47.17029126963221, "params": {"eta": 0.5734360952878255, "max_depth": 2.902719501059922, "n_estimators": 22.461741246165392}, "datetime": {"datetime": "2021-09-24 15:33:26", "elapsed": 1337.388482, "delta": 4.872081}}
{"target": -53.64519112092212, "params": {"eta": 0.570119733610721, "max_depth": 20.042708024047563, "n_estimators": 58.77303525888084}, "datetime": {"datetime": "2021-09-24 15:33:28", "elapsed": 1340.050485, "delta": 2.662003}}
{"target": -46.32793142562522, "params": {"eta": 0.07414101380729063, "max_depth": 5.057091106666634, "n_estimators": 33.6023213474713}, "datetime": {"datetime": "2021-09-24 15:33:35", "elapsed": 1347.168482, "delta": 7.117997}}
{"target": -53.08358887980755, "params": {"eta": 0.7727784509438765, "max_depth": 24.8395422093777, "n_estimators": 4.281341889110069}, "datetime": {"datetime": "2021-09-24 15:33:38", "elapsed": 1350.197542, "delta": 3.02906}}
{"target": -51.44953402182213, "params": {"eta": 0.9937430072135552, "max_depth": 2.81955795368121, "n_estimators": 22.080210233290344}, "datetime": {"datetime": "2021-09-24 15:33:41", "elapsed": 1352.734187, "delta": 2.536645}}
{"target": -50.80821074578995, "params": {"eta": 0.5608229984396419, "max_depth": 11.617020366196622, "n_estimators": 46.170382614312494}, "datetime": {"datetime": "2021-09-24 15:33:44", "elapsed": 1355.863324, "delta": 3.129137}}
{"target": -44.184248070967826, "params": {"eta": 0.3967028598519663, "max_depth": 1.415647697124916, "n_estimators": 78.89484701941473}, "datetime": {"datetime": "2021-09-24 15:33:49", "elapsed": 1361.205267, "delta": 5.341943}}
{"target": -47.44783364202743, "params": {"eta": 0.4386073272870361, "max_depth": 23.954535733038142, "n_estimators": 47.25867147851849}, "datetime": {"datetime": "2021-09-24 15:33:52", "elapsed": 1364.298072, "delta": 3.092805}}
{"target": -44.920947196788354, "params": {"eta": 0.8634038639233944, "max_depth": 1.3386129365306272, "n_estimators": 13.308558112202531}, "datetime": {"datetime": "2021-09-24 15:34:00", "elapsed": 1371.432735, "delta": 7.134663}}
{"target": -47.80838617884127, "params": {"eta": 0.07487347276948166, "max_depth": 6.655345421039016, "n_estimators": 75.31584090452932}, "datetime": {"datetime": "2021-09-24 15:34:09", "elapsed": 1380.474694, "delta": 9.041959}}
{"target": -49.25652577106218, "params": {"eta": 0.3125971518096551, "max_depth": 3.8689855278733507, "n_estimators": 74.33275349085766}, "datetime": {"datetime": "2021-09-24 15:34:17", "elapsed": 1388.867645, "delta": 8.392951}}
{"target": -43.34779329228222, "params": {"eta": 0.3415032588305728, "max_depth": 1.4521091197701192, "n_estimators": 34.496263069917816}, "datetime": {"datetime": "2021-09-24 15:34:23", "elapsed": 1394.462317, "delta": 5.594672}}
{"target": -50.14183738536404, "params": {"eta": 0.26651417438478137, "max_depth": 6.912976644976406, "n_estimators": 74.70103775386488}, "datetime": {"datetime": "2021-09-24 15:34:29", "elapsed": 1400.449094, "delta": 5.986777}}
{"target": -137.5560476457266, "params": {"eta": 0.001, "max_depth": 4.041169872938095, "n_estimators": 65.32100054435242}, "datetime": {"datetime": "2021-09-24 15:34:36", "elapsed": 1407.450147, "delta": 7.001053}}
{"target": -43.731104542438246, "params": {"eta": 0.10933771463796736, "max_depth": 2.170953775689437, "n_estimators": 66.02262854544233}, "datetime": {"datetime": "2021-09-24 15:34:42", "elapsed": 1413.423012, "delta": 5.972865}}
{"target": -46.74192233551714, "params": {"eta": 0.9091049782646892, "max_depth": 1.0, "n_estimators": 66.94425179997074}, "datetime": {"datetime": "2021-09-24 15:34:46", "elapsed": 1417.905645, "delta": 4.482633}}
{"target": -50.739118617280084, "params": {"eta": 0.5981125634535097, "max_depth": 2.064061209355331, "n_estimators": 66.20248269911352}, "datetime": {"datetime": "2021-09-24 15:34:51", "elapsed": 1423.173083, "delta": 5.267438}}
{"target": -50.2621234807753, "params": {"eta": 0.7124140999898938, "max_depth": 4.5100371659683525, "n_estimators": 11.401544589087917}, "datetime": {"datetime": "2021-09-24 15:34:57", "elapsed": 1428.869849, "delta": 5.696766}}
{"target": -48.06570405888378, "params": {"eta": 0.386761559273784, "max_depth": 9.953157577819125, "n_estimators": 25.37670892077807}, "datetime": {"datetime": "2021-09-24 15:35:00", "elapsed": 1431.648272, "delta": 2.778423}}
{"target": -62.654147770171775, "params": {"eta": 0.9977327891805713, "max_depth": 24.181782364162654, "n_estimators": 72.28023498344959}, "datetime": {"datetime": "2021-09-24 15:35:03", "elapsed": 1434.445239, "delta": 2.796967}}
{"target": -50.553579215716596, "params": {"eta": 0.3933130258636026, "max_depth": 4.602787943460114, "n_estimators": 71.12242568556043}, "datetime": {"datetime": "2021-09-24 15:35:05", "elapsed": 1437.252953, "delta": 2.807714}}
{"target": -44.22832098939365, "params": {"eta": 0.07423284331642098, "max_depth": 2.895444101453857, "n_estimators": 44.83462280131841}, "datetime": {"datetime": "2021-09-24 15:35:08", "elapsed": 1439.710246, "delta": 2.457293}}
{"target": -102.33459355060319, "params": {"eta": 0.016133597548453192, "max_depth": 21.53488712318645, "n_estimators": 23.498625013763842}, "datetime": {"datetime": "2021-09-24 15:35:11", "elapsed": 1442.829275, "delta": 3.119029}}
{"target": -43.610272543770925, "params": {"eta": 0.18591118591669395, "max_depth": 1.477149347459556, "n_estimators": 72.70582264843081}, "datetime": {"datetime": "2021-09-24 15:35:20", "elapsed": 1451.536711, "delta": 8.707436}}
{"target": -45.30207446105498, "params": {"eta": 0.5910992024246503, "max_depth": 1.054834646229919, "n_estimators": 12.185489539493078}, "datetime": {"datetime": "2021-09-24 15:35:26", "elapsed": 1457.904772, "delta": 6.368061}}
{"target": -47.01499052693073, "params": {"eta": 0.19270548839648383, "max_depth": 18.590104965238112, "n_estimators": 28.29765352747824}, "datetime": {"datetime": "2021-09-24 15:35:35", "elapsed": 1466.453478, "delta": 8.548706}}
{"target": -52.61464305390093, "params": {"eta": 0.8739492975515951, "max_depth": 19.174797266234926, "n_estimators": 99.36417809962944}, "datetime": {"datetime": "2021-09-24 15:35:37", "elapsed": 1469.30248, "delta": 2.849002}}
{"target": -43.958278340504584, "params": {"eta": 0.3685941048723697, "max_depth": 1.5807273796243084, "n_estimators": 11.613198029959124}, "datetime": {"datetime": "2021-09-24 15:35:44", "elapsed": 1476.091148, "delta": 6.788668}}
{"target": -47.217750463270605, "params": {"eta": 0.8254770311075987, "max_depth": 1.5016195118828541, "n_estimators": 73.33138589107067}, "datetime": {"datetime": "2021-09-24 15:35:51", "elapsed": 1482.539198, "delta": 6.44805}}
{"target": -46.812410913911975, "params": {"eta": 0.2824970506408725, "max_depth": 2.5637929374344166, "n_estimators": 78.00591873540463}, "datetime": {"datetime": "2021-09-24 15:35:57", "elapsed": 1488.777616, "delta": 6.238418}}
{"target": -44.865569322629085, "params": {"eta": 0.30566473104416514, "max_depth": 1.2240724780352634, "n_estimators": 98.38138592187721}, "datetime": {"datetime": "2021-09-24 15:36:00", "elapsed": 1491.728474, "delta": 2.950858}}
{"target": -52.93807941809633, "params": {"eta": 0.6785202614104036, "max_depth": 6.4104334641773155, "n_estimators": 72.66672196737079}, "datetime": {"datetime": "2021-09-24 15:36:03", "elapsed": 1494.692703, "delta": 2.964229}}
{"target": -44.861096202879025, "params": {"eta": 0.0602915923763383, "max_depth": 19.869810356167587, "n_estimators": 76.30186267369102}, "datetime": {"datetime": "2021-09-24 15:36:12", "elapsed": 1504.256876, "delta": 9.564173}}
{"target": -46.530382586601085, "params": {"eta": 0.8183174685404807, "max_depth": 1.9547164439398985, "n_estimators": 73.85266083798922}, "datetime": {"datetime": "2021-09-24 15:36:19", "elapsed": 1511.138944, "delta": 6.882068}}
{"target": -54.19962927452604, "params": {"eta": 0.6509402654703014, "max_depth": 13.676936109686853, "n_estimators": 63.243003784268836}, "datetime": {"datetime": "2021-09-24 15:36:23", "elapsed": 1514.877377, "delta": 3.738433}}
{"target": -48.24110556007328, "params": {"eta": 0.13961030941961008, "max_depth": 3.9564138169173377, "n_estimators": 11.31376996681195}, "datetime": {"datetime": "2021-09-24 15:36:30", "elapsed": 1521.67394, "delta": 6.796563}}
{"target": -47.16314932457487, "params": {"eta": 0.033708500235945765, "max_depth": 1.139866726411702, "n_estimators": 72.24287735671093}, "datetime": {"datetime": "2021-09-24 15:36:38", "elapsed": 1529.777421, "delta": 8.103481}}
{"target": -55.60594474589382, "params": {"eta": 0.898298885512822, "max_depth": 7.649314015477516, "n_estimators": 83.78187578673689}, "datetime": {"datetime": "2021-09-24 15:36:46", "elapsed": 1537.848143, "delta": 8.070722}}
{"target": -46.225465157874545, "params": {"eta": 0.5403772315702569, "max_depth": 1.6593047628722353, "n_estimators": 88.43806829374118}, "datetime": {"datetime": "2021-09-24 15:36:50", "elapsed": 1541.806503, "delta": 3.95836}}
{"target": -46.83256043168835, "params": {"eta": 0.4125888070760452, "max_depth": 4.117042279769153, "n_estimators": 10.627646405965779}, "datetime": {"datetime": "2021-09-24 15:36:59", "elapsed": 1550.612746, "delta": 8.806243}}
{"target": -62.62052072214901, "params": {"eta": 0.9665181619836469, "max_depth": 5.464060127542123, "n_estimators": 11.200205433369634}, "datetime": {"datetime": "2021-09-24 15:37:02", "elapsed": 1554.076238, "delta": 3.463492}}
{"target": -57.39983895308989, "params": {"eta": 0.9237245386200463, "max_depth": 5.357409595716044, "n_estimators": 11.833779850028176}, "datetime": {"datetime": "2021-09-24 15:37:09", "elapsed": 1560.87687, "delta": 6.800632}}
{"target": -48.98148010368634, "params": {"eta": 0.22389914266631764, "max_depth": 7.711937338323903, "n_estimators": 82.60132778010865}, "datetime": {"datetime": "2021-09-24 15:37:16", "elapsed": 1567.901188, "delta": 7.024318}}
{"target": -57.80736207782774, "params": {"eta": 0.9737446031227642, "max_depth": 18.792837924551563, "n_estimators": 32.817410253458775}, "datetime": {"datetime": "2021-09-24 15:37:19", "elapsed": 1571.303137, "delta": 3.401949}}
{"target": -44.03070372387879, "params": {"eta": 0.19474564472043382, "max_depth": 1.0, "n_estimators": 66.36340948378712}, "datetime": {"datetime": "2021-09-24 15:37:29", "elapsed": 1580.757522, "delta": 9.454385}}
{"target": -49.5598346308658, "params": {"eta": 0.41750346719020415, "max_depth": 19.346191473912775, "n_estimators": 76.12363165237879}, "datetime": {"datetime": "2021-09-24 15:37:38", "elapsed": 1590.290969, "delta": 9.533447}}
{"target": -135.63998348551584, "params": {"eta": 0.001, "max_depth": 3.699496750885349, "n_estimators": 77.10562957550877}, "datetime": {"datetime": "2021-09-24 15:37:50", "elapsed": 1601.396934, "delta": 11.105965}}
{"target": -45.895664702680776, "params": {"eta": 0.3020325942472146, "max_depth": 18.461501570535876, "n_estimators": 28.947673735813673}, "datetime": {"datetime": "2021-09-24 15:37:59", "elapsed": 1611.272248, "delta": 9.875314}}
{"target": -51.374236314816585, "params": {"eta": 0.5624742246889554, "max_depth": 3.2701227425329007, "n_estimators": 77.72873247241516}, "datetime": {"datetime": "2021-09-24 15:38:07", "elapsed": 1619.264466, "delta": 7.992218}}
{"target": -50.6440748056971, "params": {"eta": 0.9490846791359842, "max_depth": 3.118350734898531, "n_estimators": 6.203221847141501}, "datetime": {"datetime": "2021-09-24 15:38:16", "elapsed": 1628.178921, "delta": 8.914455}}
{"target": -59.7012869361648, "params": {"eta": 0.9727709925750369, "max_depth": 6.13155752135179, "n_estimators": 11.417791825415577}, "datetime": {"datetime": "2021-09-24 15:38:25", "elapsed": 1636.553106, "delta": 8.374185}}
{"target": -44.22036978355924, "params": {"eta": 0.22891063920325572, "max_depth": 2.2642494893413403, "n_estimators": 32.83636477653023}, "datetime": {"datetime": "2021-09-24 15:38:33", "elapsed": 1644.9311, "delta": 8.377994}}
{"target": -136.89624313214668, "params": {"eta": 0.017412701534077646, "max_depth": 10.242832643811395, "n_estimators": 4.720701197024995}, "datetime": {"datetime": "2021-09-24 15:38:37", "elapsed": 1648.615862, "delta": 3.684762}}
{"target": -43.62084800318668, "params": {"eta": 0.1527302176558224, "max_depth": 1.190909455089555, "n_estimators": 65.76673322691586}, "datetime": {"datetime": "2021-09-24 15:38:46", "elapsed": 1658.116233, "delta": 9.500371}}
{"target": -56.90081784241182, "params": {"eta": 0.9396813054948572, "max_depth": 12.853373841339913, "n_estimators": 95.17798083717425}, "datetime": {"datetime": "2021-09-24 15:38:50", "elapsed": 1662.125726, "delta": 4.009493}}
{"target": -52.06411011774737, "params": {"eta": 0.6265375894272974, "max_depth": 6.8825340586230395, "n_estimators": 82.68888451055534}, "datetime": {"datetime": "2021-09-24 15:38:58", "elapsed": 1670.064621, "delta": 7.938895}}
{"target": -45.21675531487716, "params": {"eta": 0.9139748419067618, "max_depth": 1.3141253568019975, "n_estimators": 12.588342754694889}, "datetime": {"datetime": "2021-09-24 15:39:09", "elapsed": 1681.355643, "delta": 11.291022}}
{"target": -55.23768019138422, "params": {"eta": 0.6903512789232557, "max_depth": 16.266961206531818, "n_estimators": 17.558520279637605}, "datetime": {"datetime": "2021-09-24 15:39:14", "elapsed": 1685.815574, "delta": 4.459931}}
{"target": -53.062500387206114, "params": {"eta": 0.8121191034754309, "max_depth": 18.58358280871265, "n_estimators": 28.5034797145961}, "datetime": {"datetime": "2021-09-24 15:39:26", "elapsed": 1697.95538, "delta": 12.139806}}
{"target": -46.72244279904473, "params": {"eta": 0.06731918246530062, "max_depth": 8.701221413371009, "n_estimators": 82.71255534439148}, "datetime": {"datetime": "2021-09-24 15:39:31", "elapsed": 1703.262157, "delta": 5.306777}}
{"target": -58.397773312446766, "params": {"eta": 0.2453162147397808, "max_depth": 10.554041576815983, "n_estimators": 5.642130866033367}, "datetime": {"datetime": "2021-09-24 15:39:35", "elapsed": 1706.809836, "delta": 3.547679}}
{"target": -43.90354403158776, "params": {"eta": 0.1692534293812039, "max_depth": 1.7006389388871295, "n_estimators": 64.44104889443298}, "datetime": {"datetime": "2021-09-24 15:39:38", "elapsed": 1709.874895, "delta": 3.065059}}
{"target": -44.42450760002423, "params": {"eta": 0.28782036499154334, "max_depth": 1.1337845585074806, "n_estimators": 64.72200337712309}, "datetime": {"datetime": "2021-09-24 15:39:45", "elapsed": 1717.209846, "delta": 7.334951}}
{"target": -44.3361682748436, "params": {"eta": 0.4645066594408614, "max_depth": 1.5595559187870718, "n_estimators": 28.69163064350822}, "datetime": {"datetime": "2021-09-24 15:39:49", "elapsed": 1720.761649, "delta": 3.551803}}
{"target": -46.42883710932911, "params": {"eta": 0.18143802222246813, "max_depth": 10.678710180222012, "n_estimators": 70.18160786754689}, "datetime": {"datetime": "2021-09-24 15:39:57", "elapsed": 1729.09147, "delta": 8.329821}}
{"target": -52.045833472918744, "params": {"eta": 0.04300399690754658, "max_depth": 4.696182937627151, "n_estimators": 33.02883673977387}, "datetime": {"datetime": "2021-09-24 15:40:06", "elapsed": 1737.71339, "delta": 8.62192}}
{"target": -49.958463195571326, "params": {"eta": 0.5524770983114494, "max_depth": 8.393149731537394, "n_estimators": 82.60253199877732}, "datetime": {"datetime": "2021-09-24 15:40:17", "elapsed": 1749.283359, "delta": 11.569969}}
{"target": -93.89345085889774, "params": {"eta": 0.0067974363427617335, "max_depth": 1.4422826487455014, "n_estimators": 63.979343197325406}, "datetime": {"datetime": "2021-09-24 15:40:30", "elapsed": 1761.478673, "delta": 12.195314}}
{"target": -43.830176446670876, "params": {"eta": 0.07733721318909466, "max_depth": 2.879761077005633, "n_estimators": 71.80478522591122}, "datetime": {"datetime": "2021-09-24 15:40:35", "elapsed": 1766.380498, "delta": 4.901825}}
{"target": -51.56818817253399, "params": {"eta": 0.4466435599326716, "max_depth": 2.9062261442440622, "n_estimators": 71.18994645041504}, "datetime": {"datetime": "2021-09-24 15:40:44", "elapsed": 1775.544689, "delta": 9.164191}}
{"target": -45.870329935747876, "params": {"eta": 0.8664833625566419, "max_depth": 1.6469606504234795, "n_estimators": 64.30673487836503}, "datetime": {"datetime": "2021-09-24 15:40:55", "elapsed": 1786.430564, "delta": 10.885875}}
{"target": -44.59169628745631, "params": {"eta": 0.14782960061378092, "max_depth": 2.2723699876721755, "n_estimators": 71.21897751681719}, "datetime": {"datetime": "2021-09-24 15:41:05", "elapsed": 1796.813296, "delta": 10.382732}}
{"target": -47.25505350765429, "params": {"eta": 0.8239672432172535, "max_depth": 1.1074190580052168, "n_estimators": 64.53085897541888}, "datetime": {"datetime": "2021-09-24 15:41:17", "elapsed": 1808.941686, "delta": 12.12839}}
{"target": -46.36406045210989, "params": {"eta": 0.36242634846568783, "max_depth": 2.629431884862665, "n_estimators": 56.940821102256024}, "datetime": {"datetime": "2021-09-24 15:41:21", "elapsed": 1812.894965, "delta": 3.953279}}
{"target": -44.384812778100034, "params": {"eta": 0.46700458888177326, "max_depth": 1.0709901245419369, "n_estimators": 13.526149735803681}, "datetime": {"datetime": "2021-09-24 15:41:30", "elapsed": 1821.54118, "delta": 8.646215}}
{"target": -45.4001011956007, "params": {"eta": 0.5435493598250954, "max_depth": 2.343049822335236, "n_estimators": 24.58243916821859}, "datetime": {"datetime": "2021-09-24 15:41:40", "elapsed": 1832.085486, "delta": 10.544306}}
{"target": -54.692831426634825, "params": {"eta": 0.6545059254844114, "max_depth": 12.318287681280635, "n_estimators": 46.55672700679782}, "datetime": {"datetime": "2021-09-24 15:41:44", "elapsed": 1835.883486, "delta": 3.798}}
