{"target": 0.2906023090912869, "params": {"eta": 0.39847916783847537, "max_depth": 15.08553541897509, "n_estimators": 21.392515779746073}, "datetime": {"datetime": "2021-09-24 12:52:46", "elapsed": 760.677576, "delta": 3.800365}}
{"target": 0.15166039050012914, "params": {"eta": 0.16545749848788566, "max_depth": 15.051212649945501, "n_estimators": 10.682388011383527}, "datetime": {"datetime": "2021-09-24 12:52:49", "elapsed": 764.567487, "delta": 3.889911}}
{"target": 0.33672676718506045, "params": {"eta": 0.4, "max_depth": 17.06854595393883, "n_estimators": 49.42529792914429}, "datetime": {"datetime": "2021-09-24 12:52:53", "elapsed": 768.412061, "delta": 3.844574}}
{"target": 0.2617561433745147, "params": {"eta": 0.3930216421512193, "max_depth": 15.381975644745344, "n_estimators": 39.76825055897172}, "datetime": {"datetime": "2021-09-24 12:52:56", "elapsed": 771.049271, "delta": 2.63721}}
{"target": 0.31281684084267747, "params": {"eta": 0.10817874320248885, "max_depth": 11.402449288349317, "n_estimators": 20.34945179520639}, "datetime": {"datetime": "2021-09-24 12:52:58", "elapsed": 772.999016, "delta": 1.949745}}
{"target": 0.21052616714121108, "params": {"eta": 0.04, "max_depth": 10.83231551381845, "n_estimators": 45.42271127984554}, "datetime": {"datetime": "2021-09-24 12:53:01", "elapsed": 776.138574, "delta": 3.139558}}
{"target": 0.3047933687638784, "params": {"eta": 0.38486225473931646, "max_depth": 16.24979226064422, "n_estimators": 23.90922828203225}, "datetime": {"datetime": "2021-09-24 12:53:05", "elapsed": 779.677681, "delta": 3.539107}}
{"target": 0.32594975684373484, "params": {"eta": 0.08870001157415626, "max_depth": 12.040452938341282, "n_estimators": 34.03025953530301}, "datetime": {"datetime": "2021-09-24 12:53:07", "elapsed": 781.821299, "delta": 2.143618}}
{"target": 0.28029256694764826, "params": {"eta": 0.25978771649767163, "max_depth": 10.107806521276212, "n_estimators": 10.581469184868487}, "datetime": {"datetime": "2021-09-24 12:53:09", "elapsed": 783.75257, "delta": 1.931271}}
{"target": 0.2460756896430687, "params": {"eta": 0.3985015236835083, "max_depth": 8.127504241143013, "n_estimators": 48.85638129028044}, "datetime": {"datetime": "2021-09-24 12:53:12", "elapsed": 786.753687, "delta": 3.001117}}
{"target": 0.34010758408670183, "params": {"eta": 0.35778466554524585, "max_depth": 11.00266596743758, "n_estimators": 35.35647182327906}, "datetime": {"datetime": "2021-09-24 12:53:15", "elapsed": 789.873242, "delta": 3.119555}}
{"target": 0.2334975852508948, "params": {"eta": 0.04, "max_depth": 14.815099090410623, "n_estimators": 48.47065631362574}, "datetime": {"datetime": "2021-09-24 12:53:18", "elapsed": 793.021799, "delta": 3.148557}}
{"target": 0.3296169804056833, "params": {"eta": 0.3366037401616173, "max_depth": 16.97293277511006, "n_estimators": 43.88352865421989}, "datetime": {"datetime": "2021-09-24 12:53:20", "elapsed": 795.355058, "delta": 2.333259}}
{"target": 0.34221742950958134, "params": {"eta": 0.18024113022458446, "max_depth": 16.70932681605126, "n_estimators": 21.419909605511172}, "datetime": {"datetime": "2021-09-24 12:53:22", "elapsed": 797.567424, "delta": 2.212366}}
{"target": 0.27369786585920475, "params": {"eta": 0.3971317458122885, "max_depth": 19.155776869376492, "n_estimators": 42.53761630818488}, "datetime": {"datetime": "2021-09-24 12:53:27", "elapsed": 802.156724, "delta": 4.5893}}
{"target": 0.0537309531527459, "params": {"eta": 0.04, "max_depth": 14.115656013603207, "n_estimators": 35.41443987390921}, "datetime": {"datetime": "2021-09-24 12:53:30", "elapsed": 805.350738, "delta": 3.194014}}
{"target": 0.2864576777787776, "params": {"eta": 0.39604106181204185, "max_depth": 19.459495800711252, "n_estimators": 12.047470029239523}, "datetime": {"datetime": "2021-09-24 12:53:34", "elapsed": 809.163623, "delta": 3.812885}}
{"target": 0.3326113612790207, "params": {"eta": 0.4, "max_depth": 14.60692400395334, "n_estimators": 27.995753790409164}, "datetime": {"datetime": "2021-09-24 12:53:38", "elapsed": 813.256391, "delta": 4.092768}}
{"target": 0.3365641719463347, "params": {"eta": 0.16492013893604407, "max_depth": 10.414062574693943, "n_estimators": 20.816087480278128}, "datetime": {"datetime": "2021-09-24 12:53:41", "elapsed": 816.52474, "delta": 3.268349}}
{"target": 0.3090300877268771, "params": {"eta": 0.3591803017651059, "max_depth": 14.19821896015737, "n_estimators": 23.02331234539621}, "datetime": {"datetime": "2021-09-24 12:53:44", "elapsed": 819.349801, "delta": 2.825061}}
{"target": 0.3476455881988674, "params": {"eta": 0.09499765907007894, "max_depth": 16.151795139688524, "n_estimators": 33.4269017849924}, "datetime": {"datetime": "2021-09-24 12:53:47", "elapsed": 822.4491, "delta": 3.099299}}
{"target": 0.29594164562954073, "params": {"eta": 0.1400598777575524, "max_depth": 13.181906239915952, "n_estimators": 23.008632062261636}, "datetime": {"datetime": "2021-09-24 12:53:51", "elapsed": 825.665779, "delta": 3.216679}}
{"target": 0.34075750582334396, "params": {"eta": 0.10024563917324161, "max_depth": 12.181964048831489, "n_estimators": 27.34575283058645}, "datetime": {"datetime": "2021-09-24 12:53:53", "elapsed": 827.895085, "delta": 2.229306}}
{"target": 0.3072045464924872, "params": {"eta": 0.3809177445528899, "max_depth": 14.702821471328722, "n_estimators": 24.051383547392643}, "datetime": {"datetime": "2021-09-24 12:53:56", "elapsed": 831.241845, "delta": 3.34676}}
{"target": 0.24104806665911827, "params": {"eta": 0.061969590441136466, "max_depth": 13.236487725816966, "n_estimators": 33.211262815121316}, "datetime": {"datetime": "2021-09-24 12:54:00", "elapsed": 834.899301, "delta": 3.657456}}
{"target": 0.1809589540477946, "params": {"eta": 0.04, "max_depth": 18.07732989769469, "n_estimators": 41.22123345056919}, "datetime": {"datetime": "2021-09-24 12:54:04", "elapsed": 839.383046, "delta": 4.483745}}
{"target": 0.27041615219921267, "params": {"eta": 0.10284850503305373, "max_depth": 12.845275486929392, "n_estimators": 23.826091488600046}, "datetime": {"datetime": "2021-09-24 12:54:07", "elapsed": 841.774184, "delta": 2.391138}}
{"target": 0.2299907236580485, "params": {"eta": 0.046062362516891095, "max_depth": 14.164163679611777, "n_estimators": 42.31817808893973}, "datetime": {"datetime": "2021-09-24 12:54:10", "elapsed": 844.666002, "delta": 2.891818}}
{"target": 0.3511413625229868, "params": {"eta": 0.18181093938796689, "max_depth": 10.752202065988232, "n_estimators": 49.09421091918919}, "datetime": {"datetime": "2021-09-24 12:54:14", "elapsed": 848.751, "delta": 4.084998}}
{"target": 0.38732560608772915, "params": {"eta": 0.18474469334022034, "max_depth": 9.582097296045488, "n_estimators": 20.578374725132214}, "datetime": {"datetime": "2021-09-24 12:54:18", "elapsed": 853.042221, "delta": 4.291221}}
{"target": 0.3263794690666325, "params": {"eta": 0.4, "max_depth": 11.769280344616792, "n_estimators": 34.65552608412656}, "datetime": {"datetime": "2021-09-24 12:54:24", "elapsed": 858.996486, "delta": 5.954265}}
{"target": 0.3105302889724064, "params": {"eta": 0.3609608680889885, "max_depth": 13.951065863733596, "n_estimators": 22.11903480142249}, "datetime": {"datetime": "2021-09-24 12:54:26", "elapsed": 861.235734, "delta": 2.239248}}
{"target": -0.8717488945417262, "params": {"eta": 0.04, "max_depth": 14.68414957753813, "n_estimators": 16.54002753525157}, "datetime": {"datetime": "2021-09-24 12:54:30", "elapsed": 864.875337, "delta": 3.639603}}
{"target": -0.03413404123031483, "params": {"eta": 0.07370451484005752, "max_depth": 13.921153986289488, "n_estimators": 17.650450464969143}, "datetime": {"datetime": "2021-09-24 12:54:33", "elapsed": 868.323125, "delta": 3.447788}}
{"target": 0.3496977298556423, "params": {"eta": 0.23780697594407568, "max_depth": 12.656291820694582, "n_estimators": 20.799336109439935}, "datetime": {"datetime": "2021-09-24 12:54:36", "elapsed": 870.687429, "delta": 2.364304}}
{"target": 0.2474246584440225, "params": {"eta": 0.4, "max_depth": 8.798650017609509, "n_estimators": 21.17681509466968}, "datetime": {"datetime": "2021-09-24 12:54:40", "elapsed": 875.138172, "delta": 4.450743}}
{"target": 0.13138544364766824, "params": {"eta": 0.04, "max_depth": 12.447128069462202, "n_estimators": 39.62154718534333}, "datetime": {"datetime": "2021-09-24 12:54:45", "elapsed": 879.720986, "delta": 4.582814}}
{"target": 0.33225057800293367, "params": {"eta": 0.32375389745281236, "max_depth": 13.299298051025328, "n_estimators": 15.538330744726364}, "datetime": {"datetime": "2021-09-24 12:54:48", "elapsed": 883.258749, "delta": 3.537763}}
{"target": -0.3747418908398519, "params": {"eta": 0.5668088018810297, "max_depth": 2.440648986884316, "n_estimators": 1.0056043660498994}, "datetime": {"datetime": "2021-09-24 13:06:20", "elapsed": 0.0, "delta": 0.0}}
{"target": 0.3975703991329539, "params": {"eta": 0.520933029052736, "max_depth": 1.293511781634226, "n_estimators": 5.524591143671092}, "datetime": {"datetime": "2021-09-24 13:06:20", "elapsed": 0.023998, "delta": 0.023998}}
{"target": 0.4318379262158283, "params": {"eta": 0.4745040845510684, "max_depth": 1.6911214540860955, "n_estimators": 20.441606237302828}, "datetime": {"datetime": "2021-09-24 13:06:20", "elapsed": 0.065996, "delta": 0.041998}}
{"target": 0.40465737495453113, "params": {"eta": 0.6155266936013428, "max_depth": 1.8383890288065896, "n_estimators": 34.575755519441216}, "datetime": {"datetime": "2021-09-24 13:06:20", "elapsed": 0.117996, "delta": 0.052}}
{"target": 0.39364517215494343, "params": {"eta": 0.6313350061974081, "max_depth": 1.7949434335505932, "n_estimators": 20.61209055156222}, "datetime": {"datetime": "2021-09-24 13:06:20", "elapsed": 0.262997, "delta": 0.145001}}
{"target": 0.4476480522238835, "params": {"eta": 0.4, "max_depth": 1.0, "n_estimators": 17.340071776275032}, "datetime": {"datetime": "2021-09-24 13:06:20", "elapsed": 0.559995, "delta": 0.296998}}
{"target": 0.40759117951959944, "params": {"eta": 0.4596405405687208, "max_depth": 1.0, "n_estimators": 9.476135003612852}, "datetime": {"datetime": "2021-09-24 13:06:20", "elapsed": 0.944057, "delta": 0.384062}}
{"target": 0.41572558094057854, "params": {"eta": 0.4, "max_depth": 3.0, "n_estimators": 13.468467916507013}, "datetime": {"datetime": "2021-09-24 13:06:21", "elapsed": 1.338056, "delta": 0.393999}}
{"target": 0.3908356236655437, "params": {"eta": 0.7626972037732005, "max_depth": 1.189169911914974, "n_estimators": 39.34033393020669}, "datetime": {"datetime": "2021-09-24 13:06:21", "elapsed": 1.717056, "delta": 0.379}}
{"target": 0.4530981800160505, "params": {"eta": 0.4, "max_depth": 1.0, "n_estimators": 29.95738829179453}, "datetime": {"datetime": "2021-09-24 13:06:22", "elapsed": 2.166055, "delta": 0.448999}}
{"target": 0.3934977310401041, "params": {"eta": 0.4, "max_depth": 3.0, "n_estimators": 26.957334625494713}, "datetime": {"datetime": "2021-09-24 13:06:22", "elapsed": 2.476146, "delta": 0.310091}}
{"target": 0.34820458776659724, "params": {"eta": 0.4, "max_depth": 3.0, "n_estimators": 44.24027704838648}, "datetime": {"datetime": "2021-09-24 13:06:22", "elapsed": 2.876146, "delta": 0.4}}
{"target": 0.42911263532970634, "params": {"eta": 0.49270715080673205, "max_depth": 1.0, "n_estimators": 50.0}, "datetime": {"datetime": "2021-09-24 13:06:23", "elapsed": 3.209321, "delta": 0.333175}}
{"target": 0.23515863711113683, "params": {"eta": 0.8, "max_depth": 3.0, "n_estimators": 31.62745138354528}, "datetime": {"datetime": "2021-09-24 13:06:23", "elapsed": 3.564317, "delta": 0.354996}}
{"target": 0.40456146018341144, "params": {"eta": 0.4, "max_depth": 3.0, "n_estimators": 18.311604916337377}, "datetime": {"datetime": "2021-09-24 13:06:23", "elapsed": 3.873315, "delta": 0.308998}}
{"target": 0.29232940190916046, "params": {"eta": 0.6958958061547352, "max_depth": 2.9833028306256404, "n_estimators": 48.06152711716148}, "datetime": {"datetime": "2021-09-24 13:06:24", "elapsed": 4.211581, "delta": 0.338266}}
{"target": 0.31094525815580165, "params": {"eta": 0.8, "max_depth": 3.0, "n_estimators": 7.731617673441426}, "datetime": {"datetime": "2021-09-24 13:06:24", "elapsed": 4.448855, "delta": 0.237274}}
{"target": 0.23769283072045755, "params": {"eta": 0.8, "max_depth": 3.0, "n_estimators": 37.14021725424496}, "datetime": {"datetime": "2021-09-24 13:06:24", "elapsed": 4.739851, "delta": 0.290996}}
{"target": 0.38655803229570684, "params": {"eta": 0.8, "max_depth": 1.0, "n_estimators": 12.263736623460803}, "datetime": {"datetime": "2021-09-24 13:06:25", "elapsed": 4.989852, "delta": 0.250001}}
{"target": 0.4522828397277592, "params": {"eta": 0.4, "max_depth": 1.0, "n_estimators": 24.933798715759288}, "datetime": {"datetime": "2021-09-24 13:06:25", "elapsed": 5.287061, "delta": 0.297209}}
{"target": 0.40636909290152745, "params": {"eta": 0.798784146934808, "max_depth": 1.016106968749642, "n_estimators": 27.554093068972165}, "datetime": {"datetime": "2021-09-24 13:06:25", "elapsed": 5.528057, "delta": 0.240996}}
{"target": 0.45497532325005596, "params": {"eta": 0.4, "max_depth": 1.0, "n_estimators": 42.12210264797478}, "datetime": {"datetime": "2021-09-24 13:06:25", "elapsed": 5.816061, "delta": 0.288004}}
{"target": 0.24405101763686876, "params": {"eta": 0.8, "max_depth": 3.0, "n_estimators": 41.242209470470755}, "datetime": {"datetime": "2021-09-24 13:06:26", "elapsed": 6.109061, "delta": 0.293}}
{"target": 0.3882503095356391, "params": {"eta": 0.8, "max_depth": 1.0, "n_estimators": 45.39453521347437}, "datetime": {"datetime": "2021-09-24 13:06:26", "elapsed": 6.432234, "delta": 0.323173}}
{"target": 0.3867664542972312, "params": {"eta": 0.6617657680758872, "max_depth": 1.0379040328318967, "n_estimators": 15.105960945638245}, "datetime": {"datetime": "2021-09-24 13:06:26", "elapsed": 6.71423, "delta": 0.281996}}
{"target": 0.39731922965633104, "params": {"eta": 0.4, "max_depth": 3.0, "n_estimators": 24.112841708067414}, "datetime": {"datetime": "2021-09-24 13:06:27", "elapsed": 7.021306, "delta": 0.307076}}
{"target": 0.4084250262133142, "params": {"eta": 0.8, "max_depth": 1.0, "n_estimators": 19.081230092871195}, "datetime": {"datetime": "2021-09-24 13:06:27", "elapsed": 7.306307, "delta": 0.285001}}
{"target": 0.41147113459044704, "params": {"eta": 0.4, "max_depth": 3.0, "n_estimators": 10.935294025698347}, "datetime": {"datetime": "2021-09-24 13:06:27", "elapsed": 7.559302, "delta": 0.252995}}
{"target": 0.4010093450640412, "params": {"eta": 0.4, "max_depth": 3.0, "n_estimators": 15.972435772791801}, "datetime": {"datetime": "2021-09-24 13:06:27", "elapsed": 7.823305, "delta": 0.264003}}
{"target": 0.44847111838334075, "params": {"eta": 0.4, "max_depth": 1.0, "n_estimators": 32.71940983878238}, "datetime": {"datetime": "2021-09-24 13:06:28", "elapsed": 8.150307, "delta": 0.327002}}
{"target": 0.4558264686952639, "params": {"eta": 0.4, "max_depth": 1.0, "n_estimators": 36.21440926037706}, "datetime": {"datetime": "2021-09-24 13:06:28", "elapsed": 8.458016, "delta": 0.307709}}
{"target": 0.44382919846415025, "params": {"eta": 0.44634177762623417, "max_depth": 1.0328207201425639, "n_estimators": 22.502736404498773}, "datetime": {"datetime": "2021-09-24 13:06:28", "elapsed": 8.755013, "delta": 0.296997}}
{"target": 0.4353365599227267, "params": {"eta": 0.4, "max_depth": 1.0, "n_estimators": 7.188969777619948}, "datetime": {"datetime": "2021-09-24 13:06:29", "elapsed": 9.064696, "delta": 0.309683}}
{"target": 0.4051257532015775, "params": {"eta": 0.8, "max_depth": 1.0, "n_estimators": 34.5682830331478}, "datetime": {"datetime": "2021-09-24 13:06:29", "elapsed": 9.402301, "delta": 0.337605}}
{"target": 0.2972326233932232, "params": {"eta": 0.6217087009220447, "max_depth": 2.9273215128435375, "n_estimators": 49.9909633502811}, "datetime": {"datetime": "2021-09-24 13:06:29", "elapsed": 9.750299, "delta": 0.347998}}
{"target": 0.4021955235741962, "params": {"eta": 0.8, "max_depth": 1.0, "n_estimators": 43.483651932622514}, "datetime": {"datetime": "2021-09-24 13:06:30", "elapsed": 10.1113, "delta": 0.361001}}
{"target": 0.40113208933246136, "params": {"eta": 0.6005169261411438, "max_depth": 1.007154204611281, "n_estimators": 47.75595737425269}, "datetime": {"datetime": "2021-09-24 13:06:30", "elapsed": 10.510578, "delta": 0.399278}}
{"target": 0.4561171810438539, "params": {"eta": 0.4, "max_depth": 1.0, "n_estimators": 20.724089145051963}, "datetime": {"datetime": "2021-09-24 13:06:30", "elapsed": 10.857578, "delta": 0.347}}
{"target": 0.3972924906559564, "params": {"eta": 0.7293393930374803, "max_depth": 1.0050895507373396, "n_estimators": 31.187984969460476}, "datetime": {"datetime": "2021-09-24 13:06:31", "elapsed": 11.285063, "delta": 0.427485}}
{"target": 0.4541630183912453, "params": {"eta": 0.4, "max_depth": 1.0, "n_estimators": 37.671990457620666}, "datetime": {"datetime": "2021-09-24 13:06:31", "elapsed": 11.756178, "delta": 0.471115}}
{"target": 0.4040393094449237, "params": {"eta": 0.7083219212534488, "max_depth": 1.007828459673842, "n_estimators": 23.788826757735}, "datetime": {"datetime": "2021-09-24 13:06:32", "elapsed": 12.104181, "delta": 0.348003}}
{"target": 0.45375855814575106, "params": {"eta": 0.4, "max_depth": 1.9652605477994174, "n_estimators": 25.72587035918683}, "datetime": {"datetime": "2021-09-24 13:06:32", "elapsed": 12.479591, "delta": 0.37541}}
{"target": 0.44690650026897694, "params": {"eta": 0.4414866118164136, "max_depth": 1.0186868697045683, "n_estimators": 26.111853658549713}, "datetime": {"datetime": "2021-09-24 13:06:32", "elapsed": 12.961694, "delta": 0.482103}}
{"target": 0.39270188816167795, "params": {"eta": 0.8, "max_depth": 1.0, "n_estimators": 41.14750396300003}, "datetime": {"datetime": "2021-09-24 13:06:33", "elapsed": 13.327946, "delta": 0.366252}}
{"target": 0.45451715422544625, "params": {"eta": 0.4031716831244006, "max_depth": 1.880268313309478, "n_estimators": 28.929725579483463}, "datetime": {"datetime": "2021-09-24 13:06:33", "elapsed": 13.752945, "delta": 0.424999}}
{"target": 0.4320267820597997, "params": {"eta": 0.45049314491536124, "max_depth": 1.083610607157866, "n_estimators": 28.735241921023455}, "datetime": {"datetime": "2021-09-24 13:06:34", "elapsed": 14.181887, "delta": 0.428942}}
{"target": 0.3406368554867465, "params": {"eta": 0.761848161032492, "max_depth": 2.9554980022372273, "n_estimators": 12.228955269000974}, "datetime": {"datetime": "2021-09-24 13:06:34", "elapsed": 14.725269, "delta": 0.543382}}
{"target": 0.39326440495694814, "params": {"eta": 0.4613304893243097, "max_depth": 2.990138743516451, "n_estimators": 29.16829335798115}, "datetime": {"datetime": "2021-09-24 13:06:35", "elapsed": 15.294166, "delta": 0.568897}}
{"target": 0.44683845540514255, "params": {"eta": 0.4, "max_depth": 1.0, "n_estimators": 10.904951995216356}, "datetime": {"datetime": "2021-09-24 13:06:35", "elapsed": 15.931184, "delta": 0.637018}}
{"target": 0.44565554531260243, "params": {"eta": 0.4, "max_depth": 1.7146357082743022, "n_estimators": 18.450113910356357}, "datetime": {"datetime": "2021-09-24 13:06:36", "elapsed": 16.340093, "delta": 0.408909}}
{"target": 0.4198624560565134, "params": {"eta": 0.8, "max_depth": 1.0, "n_estimators": 6.421042882734604}, "datetime": {"datetime": "2021-09-24 13:06:36", "elapsed": 16.783268, "delta": 0.443175}}
{"target": 0.3158071698670517, "params": {"eta": 0.8, "max_depth": 3.0, "n_estimators": 14.60921635528899}, "datetime": {"datetime": "2021-09-24 13:06:37", "elapsed": 17.191692, "delta": 0.408424}}
{"target": 0.45799098787434767, "params": {"eta": 0.41549696663084523, "max_depth": 2.030675853128332, "n_estimators": 16.863377074537397}, "datetime": {"datetime": "2021-09-24 13:06:37", "elapsed": 17.586695, "delta": 0.395003}}
{"target": 0.4463893233117753, "params": {"eta": 0.40702000248471887, "max_depth": 2.2034980708848035, "n_estimators": 10.040662564079305}, "datetime": {"datetime": "2021-09-24 13:06:37", "elapsed": 17.928694, "delta": 0.341999}}
{"target": 0.4034725801130601, "params": {"eta": 0.8, "max_depth": 1.4432766102877408, "n_estimators": 25.4521639370999}, "datetime": {"datetime": "2021-09-24 13:06:38", "elapsed": 18.302369, "delta": 0.373675}}
{"target": 0.4479014881714689, "params": {"eta": 0.4126330294796214, "max_depth": 2.986481593379751, "n_estimators": 22.442073269919184}, "datetime": {"datetime": "2021-09-24 13:06:38", "elapsed": 18.734337, "delta": 0.431968}}
{"target": 0.44088642357409213, "params": {"eta": 0.424119484611369, "max_depth": 1.9852844395531182, "n_estimators": 23.00732811270064}, "datetime": {"datetime": "2021-09-24 13:06:39", "elapsed": 19.205875, "delta": 0.471538}}
{"target": 0.4447936393117713, "params": {"eta": 0.4, "max_depth": 1.0, "n_estimators": 16.310370352173937}, "datetime": {"datetime": "2021-09-24 13:06:39", "elapsed": 19.53488, "delta": 0.329005}}
{"target": 0.4083565350474161, "params": {"eta": 0.4, "max_depth": 3.0, "n_estimators": 20.13472371785363}, "datetime": {"datetime": "2021-09-24 13:06:40", "elapsed": 19.971879, "delta": 0.436999}}
{"target": 0.40811303745030614, "params": {"eta": 0.7059880217195345, "max_depth": 1.0114100884383526, "n_estimators": 36.94548041378694}, "datetime": {"datetime": "2021-09-24 13:06:40", "elapsed": 20.377713, "delta": 0.405834}}
{"target": 0.45178970014586295, "params": {"eta": 0.4, "max_depth": 1.0, "n_estimators": 33.69703068809947}, "datetime": {"datetime": "2021-09-24 13:06:40", "elapsed": 20.732709, "delta": 0.354996}}
{"target": 0.4370425018560249, "params": {"eta": 0.4202446248276197, "max_depth": 1.0437003665701288, "n_estimators": 19.63588792772905}, "datetime": {"datetime": "2021-09-24 13:06:41", "elapsed": 21.112158, "delta": 0.379449}}
{"target": 0.40230517263196874, "params": {"eta": 0.8, "max_depth": 1.5908040221401336, "n_estimators": 29.51715378796982}, "datetime": {"datetime": "2021-09-24 13:06:41", "elapsed": 21.505158, "delta": 0.393}}
