{"target": -46.817771108526934, "params": {"eta": 0.45909538386714155, "max_depth": 2.0114747659615126, "n_estimators": 38.22554164622978}, "datetime": {"datetime": "2021-09-24 15:56:35", "elapsed": 36.185309, "delta": 0.559866}}
{"target": -51.333248167109666, "params": {"eta": 0.5, "max_depth": 4.023415625274571, "n_estimators": 34.93048258020132}, "datetime": {"datetime": "2021-09-24 15:56:35", "elapsed": 36.718306, "delta": 0.532997}}
{"target": -67.43902840291648, "params": {"eta": 0.05663248375263647, "max_depth": 2.986047632190462, "n_estimators": 14.029928335172716}, "datetime": {"datetime": "2021-09-24 15:56:36", "elapsed": 37.244323, "delta": 0.526017}}
{"target": -129.51081186308897, "params": {"eta": 0.01, "max_depth": 2.2274362668137586, "n_estimators": 12.09927865076563}, "datetime": {"datetime": "2021-09-24 15:56:36", "elapsed": 37.870491, "delta": 0.626168}}
{"target": -44.57354879737797, "params": {"eta": 0.47732604262523926, "max_depth": 3.877124700230243, "n_estimators": 12.766120034532888}, "datetime": {"datetime": "2021-09-24 15:56:37", "elapsed": 38.410486, "delta": 0.539995}}
{"target": -45.0859816988608, "params": {"eta": 0.5, "max_depth": 1.0, "n_estimators": 36.15712509556954}, "datetime": {"datetime": "2021-09-24 15:56:37", "elapsed": 38.958109, "delta": 0.547623}}
{"target": -56.74096174885456, "params": {"eta": 0.06079428960824895, "max_depth": 2.454679662953589, "n_estimators": 18.667290229709938}, "datetime": {"datetime": "2021-09-24 15:56:38", "elapsed": 39.489943, "delta": 0.531834}}
{"target": -63.0174022473787, "params": {"eta": 0.01859646061093812, "max_depth": 1.5831515280788326, "n_estimators": 49.191307285795304}, "datetime": {"datetime": "2021-09-24 15:56:38", "elapsed": 39.95169, "delta": 0.461747}}
{"target": -72.114621183926, "params": {"eta": 0.020413058583237633, "max_depth": 4.128687165594913, "n_estimators": 37.03988131585134}, "datetime": {"datetime": "2021-09-24 15:56:39", "elapsed": 40.515688, "delta": 0.563998}}
{"target": -51.84958109461275, "params": {"eta": 0.03665841392966161, "max_depth": 1.8273464984354106, "n_estimators": 40.62570082908762}, "datetime": {"datetime": "2021-09-24 15:56:40", "elapsed": 41.007739, "delta": 0.492051}}
{"target": -44.93606940247959, "params": {"eta": 0.5, "max_depth": 2.2471107874530194, "n_estimators": 7.331279131796711}, "datetime": {"datetime": "2021-09-24 15:56:40", "elapsed": 41.62852, "delta": 0.620781}}
{"target": -121.4387294797969, "params": {"eta": 0.01, "max_depth": 1.0, "n_estimators": 18.008428999360678}, "datetime": {"datetime": "2021-09-24 15:56:41", "elapsed": 42.108679, "delta": 0.480159}}
{"target": -57.397631996556335, "params": {"eta": 0.20149068854650526, "max_depth": 1.7388889791128204, "n_estimators": 5.099121821817586}, "datetime": {"datetime": "2021-09-24 15:56:41", "elapsed": 42.415677, "delta": 0.306998}}
{"target": -43.63439689005228, "params": {"eta": 0.2537988092441532, "max_depth": 1.4265872219080404, "n_estimators": 39.676836386569846}, "datetime": {"datetime": "2021-09-24 15:56:41", "elapsed": 42.948367, "delta": 0.53269}}
{"target": -44.321219250671845, "params": {"eta": 0.2669734170098967, "max_depth": 1.030897739363942, "n_estimators": 19.506950293416885}, "datetime": {"datetime": "2021-09-24 15:56:42", "elapsed": 43.755392, "delta": 0.807025}}
{"target": -43.4632242532601, "params": {"eta": 0.3769010826089378, "max_depth": 1.6806467843904604, "n_estimators": 35.55319512866177}, "datetime": {"datetime": "2021-09-24 15:56:43", "elapsed": 44.370392, "delta": 0.615}}
{"target": -47.25786332438763, "params": {"eta": 0.5, "max_depth": 2.7335849069691163, "n_estimators": 35.84151157552273}, "datetime": {"datetime": "2021-09-24 15:56:44", "elapsed": 44.991558, "delta": 0.621166}}
{"target": -44.44520806907711, "params": {"eta": 0.5, "max_depth": 1.938732365114374, "n_estimators": 28.68831016060354}, "datetime": {"datetime": "2021-09-24 15:56:44", "elapsed": 45.589275, "delta": 0.597717}}
{"target": -49.78110931511212, "params": {"eta": 0.5, "max_depth": 3.7692918028625555, "n_estimators": 28.566091658755145}, "datetime": {"datetime": "2021-09-24 15:56:45", "elapsed": 46.582814, "delta": 0.993539}}
{"target": -46.088334391887926, "params": {"eta": 0.4806099513268265, "max_depth": 2.401580246767978, "n_estimators": 27.47360728555496}, "datetime": {"datetime": "2021-09-24 15:56:46", "elapsed": 47.054527, "delta": 0.471713}}
{"target": -48.57401717336554, "params": {"eta": 0.058669228415255854, "max_depth": 1.0594461501046428, "n_estimators": 33.40991790219695}, "datetime": {"datetime": "2021-09-24 15:56:46", "elapsed": 47.643525, "delta": 0.588998}}
{"target": -93.53926774792205, "params": {"eta": 0.01, "max_depth": 2.5711381655580334, "n_estimators": 44.48684172438163}, "datetime": {"datetime": "2021-09-24 15:56:47", "elapsed": 48.180631, "delta": 0.537106}}
{"target": -45.9858207989456, "params": {"eta": 0.06964521962205546, "max_depth": 1.072054288577704, "n_estimators": 43.649204283212384}, "datetime": {"datetime": "2021-09-24 15:56:47", "elapsed": 48.819632, "delta": 0.639001}}
{"target": -114.05881038464997, "params": {"eta": 0.01, "max_depth": 1.9082108820156392, "n_estimators": 24.019234275857524}, "datetime": {"datetime": "2021-09-24 15:56:48", "elapsed": 49.467872, "delta": 0.64824}}
{"target": -44.4580030512989, "params": {"eta": 0.45009586477937974, "max_depth": 1.3332560412253813, "n_estimators": 18.759863292465504}, "datetime": {"datetime": "2021-09-24 15:56:49", "elapsed": 50.002156, "delta": 0.534284}}
{"target": -47.339427001494215, "params": {"eta": 0.055560967216160294, "max_depth": 1.685456099130339, "n_estimators": 42.313369843206}, "datetime": {"datetime": "2021-09-24 15:56:49", "elapsed": 50.866783, "delta": 0.864627}}
{"target": -50.957632186717554, "params": {"eta": 0.5, "max_depth": 3.3359068717810385, "n_estimators": 42.582878448323726}, "datetime": {"datetime": "2021-09-24 15:56:50", "elapsed": 51.472444, "delta": 0.605661}}
{"target": -44.77089100314262, "params": {"eta": 0.4907036438818244, "max_depth": 1.0435811614249757, "n_estimators": 44.83650187774063}, "datetime": {"datetime": "2021-09-24 15:56:51", "elapsed": 52.086652, "delta": 0.614208}}
{"target": -119.08499802324108, "params": {"eta": 0.02813261442527845, "max_depth": 1.4261510661754437, "n_estimators": 7.82644849081536}, "datetime": {"datetime": "2021-09-24 15:56:51", "elapsed": 52.603655, "delta": 0.517003}}
{"target": -44.11401378660274, "params": {"eta": 0.46089958632899214, "max_depth": 2.7867435251927946, "n_estimators": 6.577788624390104}, "datetime": {"datetime": "2021-09-24 15:56:52", "elapsed": 53.449653, "delta": 0.845998}}
{"target": -45.91859481926251, "params": {"eta": 0.366341012413292, "max_depth": 3.1745907330360486, "n_estimators": 7.526487391852402}, "datetime": {"datetime": "2021-09-24 15:56:52", "elapsed": 53.967298, "delta": 0.517645}}
{"target": -44.91788844058388, "params": {"eta": 0.5, "max_depth": 1.9114314152754617, "n_estimators": 16.86872393162791}, "datetime": {"datetime": "2021-09-24 15:56:53", "elapsed": 54.665294, "delta": 0.697996}}
{"target": -51.60175617476155, "params": {"eta": 0.5, "max_depth": 3.7379334242786886, "n_estimators": 46.25512126960892}, "datetime": {"datetime": "2021-09-24 15:56:54", "elapsed": 55.578497, "delta": 0.913203}}
{"target": -45.201084681919646, "params": {"eta": 0.5, "max_depth": 2.9524282413983265, "n_estimators": 17.018504896525766}, "datetime": {"datetime": "2021-09-24 15:56:55", "elapsed": 56.391411, "delta": 0.812914}}
{"target": -47.51560727456459, "params": {"eta": 0.5, "max_depth": 2.87543693734018, "n_estimators": 38.782055778909374}, "datetime": {"datetime": "2021-09-24 15:56:56", "elapsed": 57.191281, "delta": 0.79987}}
{"target": -48.51378815156177, "params": {"eta": 0.41443687490127, "max_depth": 4.8743941945739575, "n_estimators": 19.308126725700294}, "datetime": {"datetime": "2021-09-24 15:56:56", "elapsed": 57.826283, "delta": 0.635002}}
{"target": -47.70675286314541, "params": {"eta": 0.5, "max_depth": 3.3677857461501097, "n_estimators": 18.10492952666909}, "datetime": {"datetime": "2021-09-24 15:56:57", "elapsed": 58.448281, "delta": 0.621998}}
{"target": -45.84858663458573, "params": {"eta": 0.4840639865635117, "max_depth": 2.8974210290699043, "n_estimators": 5.0017585943626175}, "datetime": {"datetime": "2021-09-24 15:56:57", "elapsed": 58.97628, "delta": 0.527999}}
{"target": -85.17527171543666, "params": {"eta": 0.12770978371035024, "max_depth": 3.499932756944532, "n_estimators": 4.133828192091704}, "datetime": {"datetime": "2021-09-24 15:56:58", "elapsed": 59.726107, "delta": 0.749827}}
{"target": -45.16836481883114, "params": {"eta": 0.5, "max_depth": 1.9390578341483249, "n_estimators": 37.257623343464076}, "datetime": {"datetime": "2021-09-24 15:56:59", "elapsed": 60.407709, "delta": 0.681602}}
{"target": -51.640864974574036, "params": {"eta": 0.5, "max_depth": 3.277618958717769, "n_estimators": 49.01063423784662}, "datetime": {"datetime": "2021-09-24 15:57:00", "elapsed": 61.287728, "delta": 0.880019}}
{"target": -102.75230370428329, "params": {"eta": 0.01, "max_depth": 1.7976454733592235, "n_estimators": 34.46832879662414}, "datetime": {"datetime": "2021-09-24 15:57:01", "elapsed": 62.211502, "delta": 0.923774}}
{"target": -51.0076894258198, "params": {"eta": 0.03963161471752959, "max_depth": 3.1999400963651885, "n_estimators": 35.11143045403203}, "datetime": {"datetime": "2021-09-24 15:57:02", "elapsed": 63.204872, "delta": 0.99337}}
{"target": -45.17346047996578, "params": {"eta": 0.46307774009193997, "max_depth": 2.9529424635876578, "n_estimators": 29.145057966340744}, "datetime": {"datetime": "2021-09-24 15:57:03", "elapsed": 64.010236, "delta": 0.805364}}
{"target": -44.335277299235635, "params": {"eta": 0.45319000878987803, "max_depth": 1.8295755628486967, "n_estimators": 33.057098219484644}, "datetime": {"datetime": "2021-09-24 15:57:03", "elapsed": 64.669234, "delta": 0.658998}}
{"target": -45.696065372094175, "params": {"eta": 0.4636883401558284, "max_depth": 2.7527955089152045, "n_estimators": 22.39063845295319}, "datetime": {"datetime": "2021-09-24 15:57:04", "elapsed": 65.770826, "delta": 1.101592}}
{"target": -129.18377024786813, "params": {"eta": 0.01, "max_depth": 5.0, "n_estimators": 13.338041293509294}, "datetime": {"datetime": "2021-09-24 15:57:05", "elapsed": 66.645067, "delta": 0.874241}}
{"target": -44.25004855851482, "params": {"eta": 0.2632824838439456, "max_depth": 2.8324594306127886, "n_estimators": 36.733913485592176}, "datetime": {"datetime": "2021-09-24 15:57:06", "elapsed": 67.413352, "delta": 0.768285}}
{"target": -52.92341510514568, "params": {"eta": 0.034773183127816555, "max_depth": 2.5269453466315768, "n_estimators": 37.694861073708566}, "datetime": {"datetime": "2021-09-24 15:57:07", "elapsed": 68.125218, "delta": 0.711866}}
{"target": -45.90346217334719, "params": {"eta": 0.48125441879415787, "max_depth": 1.8548591493494104, "n_estimators": 6.611323021488015}, "datetime": {"datetime": "2021-09-24 15:57:07", "elapsed": 68.973219, "delta": 0.848001}}
{"target": -50.54880070507078, "params": {"eta": 0.5, "max_depth": 4.116426457076318, "n_estimators": 14.832723608460427}, "datetime": {"datetime": "2021-09-24 15:57:08", "elapsed": 69.900528, "delta": 0.927309}}
{"target": -47.61821190396646, "params": {"eta": 0.24389748069975897, "max_depth": 4.903438519645553, "n_estimators": 45.56605463988436}, "datetime": {"datetime": "2021-09-24 15:57:09", "elapsed": 70.415164, "delta": 0.514636}}
{"target": -44.696815490722656, "params": {"eta": 0.057952116231206774, "max_depth": 3.0227128723603487, "n_estimators": 39.604585947472266}, "datetime": {"datetime": "2021-09-24 15:57:10", "elapsed": 71.018223, "delta": 0.603059}}
{"target": -44.8575314113072, "params": {"eta": 0.053042445590187164, "max_depth": 3.161545330971082, "n_estimators": 41.53142374229728}, "datetime": {"datetime": "2021-09-24 15:57:10", "elapsed": 71.720184, "delta": 0.701961}}
{"target": -44.72891200933241, "params": {"eta": 0.4889884676710026, "max_depth": 2.2401583803208887, "n_estimators": 7.354246751659359}, "datetime": {"datetime": "2021-09-24 15:57:11", "elapsed": 72.227183, "delta": 0.506999}}
{"target": -87.5159749195988, "params": {"eta": 0.09687662622080877, "max_depth": 2.8010264016984676, "n_estimators": 5.801487234478441}, "datetime": {"datetime": "2021-09-24 15:57:12", "elapsed": 73.00018, "delta": 0.772997}}
{"target": -84.51306057693367, "params": {"eta": 0.01891863153617373, "max_depth": 3.080134943697722, "n_estimators": 29.948960403512107}, "datetime": {"datetime": "2021-09-24 15:57:12", "elapsed": 73.769181, "delta": 0.769001}}
{"target": -51.39037411912043, "params": {"eta": 0.20934677627989734, "max_depth": 3.936325517095251, "n_estimators": 6.118725316500898}, "datetime": {"datetime": "2021-09-24 15:57:13", "elapsed": 74.238413, "delta": 0.469232}}
{"target": -52.886379729536245, "params": {"eta": 0.03645683378554385, "max_depth": 1.5230813951730329, "n_estimators": 38.7975941774145}, "datetime": {"datetime": "2021-09-24 15:57:14", "elapsed": 75.065093, "delta": 0.82668}}
{"target": -75.47815130707016, "params": {"eta": 0.02241748567545089, "max_depth": 1.5653630855443388, "n_estimators": 29.06280438539089}, "datetime": {"datetime": "2021-09-24 15:57:14", "elapsed": 75.761602, "delta": 0.696509}}
{"target": -43.77808196562573, "params": {"eta": 0.40516048741412597, "max_depth": 1.6105648465024434, "n_estimators": 43.23233655188315}, "datetime": {"datetime": "2021-09-24 15:57:15", "elapsed": 76.457621, "delta": 0.696019}}
{"target": -47.62088546179291, "params": {"eta": 0.21065106303532974, "max_depth": 4.389686471810784, "n_estimators": 27.18157632234931}, "datetime": {"datetime": "2021-09-24 15:57:16", "elapsed": 76.997622, "delta": 0.540001}}
{"target": -49.77676434624464, "params": {"eta": 0.5, "max_depth": 3.7562055733473145, "n_estimators": 26.604516301295252}, "datetime": {"datetime": "2021-09-24 15:57:16", "elapsed": 77.805034, "delta": 0.807412}}
{"target": -43.76795454670612, "params": {"eta": 0.2692625623396418, "max_depth": 1.5659516533296056, "n_estimators": 46.52852174274821}, "datetime": {"datetime": "2021-09-24 15:57:17", "elapsed": 78.523028, "delta": 0.717994}}
{"target": -43.48659188406808, "params": {"eta": 0.3719620996350074, "max_depth": 1.231076075817592, "n_estimators": 45.964607593983494}, "datetime": {"datetime": "2021-09-24 15:57:18", "elapsed": 79.269428, "delta": 0.7464}}
{"target": -45.61784827440305, "params": {"eta": 0.29596417450327894, "max_depth": 3.1525014853034232, "n_estimators": 11.330993919042163}, "datetime": {"datetime": "2021-09-24 15:57:18", "elapsed": 79.792121, "delta": 0.522693}}
{"target": -44.85312064608237, "params": {"eta": 0.4784346279872019, "max_depth": 1.938650771953907, "n_estimators": 45.81059559316531}, "datetime": {"datetime": "2021-09-24 15:57:19", "elapsed": 80.923084, "delta": 1.130963}}
{"target": -47.49466860204711, "params": {"eta": 0.5, "max_depth": 3.704555138212085, "n_estimators": 11.98127036137917}, "datetime": {"datetime": "2021-09-24 15:57:20", "elapsed": 81.813834, "delta": 0.89075}}
{"target": -43.862208230154856, "params": {"eta": 0.41040097112406615, "max_depth": 1.2941374079050698, "n_estimators": 36.81968700484716}, "datetime": {"datetime": "2021-09-24 15:57:21", "elapsed": 82.652888, "delta": 0.839054}}
{"target": -111.53439047103538, "params": {"eta": 0.01, "max_depth": 3.0585215968084656, "n_estimators": 27.131148325661666}, "datetime": {"datetime": "2021-09-24 15:57:22", "elapsed": 83.618395, "delta": 0.965507}}
{"target": -45.72542311015882, "params": {"eta": 0.47671564704100633, "max_depth": 2.0553766629510424, "n_estimators": 28.034198433463494}, "datetime": {"datetime": "2021-09-24 15:57:23", "elapsed": 84.515481, "delta": 0.897086}}
{"target": -49.98767604684471, "params": {"eta": 0.49595423849239684, "max_depth": 4.363931734342985, "n_estimators": 27.911085082194774}, "datetime": {"datetime": "2021-09-24 15:57:24", "elapsed": 85.428586, "delta": 0.913105}}
{"target": -58.89605580953727, "params": {"eta": 0.045908103316968284, "max_depth": 2.1486458359045404, "n_estimators": 22.290292815189137}, "datetime": {"datetime": "2021-09-24 15:57:25", "elapsed": 86.386088, "delta": 0.957502}}
{"target": -44.253473669066466, "params": {"eta": 0.4701986142276072, "max_depth": 1.706203910193325, "n_estimators": 12.63081319605494}, "datetime": {"datetime": "2021-09-24 15:57:25", "elapsed": 86.959082, "delta": 0.572994}}
{"target": -44.61339649401213, "params": {"eta": 0.23458366370016745, "max_depth": 4.284132394857318, "n_estimators": 15.637101935655298}, "datetime": {"datetime": "2021-09-24 15:57:26", "elapsed": 87.767936, "delta": 0.808854}}
{"target": -46.965987040584245, "params": {"eta": 0.45810052426236836, "max_depth": 2.2122059173330317, "n_estimators": 17.720106390862895}, "datetime": {"datetime": "2021-09-24 15:57:27", "elapsed": 88.424844, "delta": 0.656908}}
{"target": -44.9953739481761, "params": {"eta": 0.15852394040897552, "max_depth": 2.830298135376565, "n_estimators": 17.605176698518278}, "datetime": {"datetime": "2021-09-24 15:57:28", "elapsed": 89.297838, "delta": 0.872994}}
{"target": -44.344539900471396, "params": {"eta": 0.4862052003674615, "max_depth": 1.9916493939762803, "n_estimators": 39.84607099308637}, "datetime": {"datetime": "2021-09-24 15:57:29", "elapsed": 90.177475, "delta": 0.879637}}
{"target": -44.177298409598215, "params": {"eta": 0.44577021052254584, "max_depth": 1.4433747524534364, "n_estimators": 27.352582608796318}, "datetime": {"datetime": "2021-09-24 15:57:29", "elapsed": 90.95747, "delta": 0.779995}}
{"target": -43.88707176724771, "params": {"eta": 0.44551580806801094, "max_depth": 1.7836336959338945, "n_estimators": 13.30562463289867}, "datetime": {"datetime": "2021-09-24 15:57:31", "elapsed": 92.254888, "delta": 1.297418}}
{"target": -44.61600259192904, "params": {"eta": 0.4818341959425609, "max_depth": 1.0414861962504243, "n_estimators": 23.29499480449538}, "datetime": {"datetime": "2021-09-24 15:57:32", "elapsed": 93.394996, "delta": 1.140108}}
{"target": -51.176878678171256, "params": {"eta": 0.4950557402818254, "max_depth": 3.290117907560946, "n_estimators": 25.88281777009939}, "datetime": {"datetime": "2021-09-24 15:57:33", "elapsed": 94.233766, "delta": 0.83877}}
{"target": -47.32555811028732, "params": {"eta": 0.3856495521096907, "max_depth": 3.4885669739754395, "n_estimators": 15.850910236171146}, "datetime": {"datetime": "2021-09-24 15:57:34", "elapsed": 95.152377, "delta": 0.918611}}
{"target": -45.30124538106129, "params": {"eta": 0.4848483545679224, "max_depth": 2.665471282025845, "n_estimators": 19.710897383262083}, "datetime": {"datetime": "2021-09-24 15:57:35", "elapsed": 95.999602, "delta": 0.847225}}
{"target": -49.42526055816421, "params": {"eta": 0.0429573525283539, "max_depth": 1.6805088686284018, "n_estimators": 42.327677003319714}, "datetime": {"datetime": "2021-09-24 15:57:35", "elapsed": 96.540318, "delta": 0.540716}}
{"target": -44.89059385141932, "params": {"eta": 0.47735324891698855, "max_depth": 1.372627380838109, "n_estimators": 41.90935837991498}, "datetime": {"datetime": "2021-09-24 15:57:36", "elapsed": 97.517058, "delta": 0.97674}}
{"target": -44.45939165846746, "params": {"eta": 0.3524011087875255, "max_depth": 2.2279460045644237, "n_estimators": 7.403696138821303}, "datetime": {"datetime": "2021-09-24 15:57:37", "elapsed": 98.154893, "delta": 0.637835}}
{"target": -45.25058975793365, "params": {"eta": 0.25460423803943294, "max_depth": 1.871013678395593, "n_estimators": 13.42826427782798}, "datetime": {"datetime": "2021-09-24 15:57:37", "elapsed": 98.836893, "delta": 0.682}}
{"target": -48.188031361515364, "params": {"eta": 0.4787474552807075, "max_depth": 2.08608472993492, "n_estimators": 42.514079960080245}, "datetime": {"datetime": "2021-09-24 15:57:38", "elapsed": 99.965872, "delta": 1.128979}}
{"target": -45.337434696971926, "params": {"eta": 0.13575112191795677, "max_depth": 3.7677544263040312, "n_estimators": 37.04278906467972}, "datetime": {"datetime": "2021-09-24 15:57:39", "elapsed": 100.566441, "delta": 0.600569}}
{"target": -44.55744136724257, "params": {"eta": 0.11822849975586959, "max_depth": 1.811541173844125, "n_estimators": 41.70525180822295}, "datetime": {"datetime": "2021-09-24 15:57:40", "elapsed": 101.580079, "delta": 1.013638}}
{"target": -58.1747480406797, "params": {"eta": 0.06090688128049416, "max_depth": 2.406813267401805, "n_estimators": 17.06738420782527}, "datetime": {"datetime": "2021-09-24 15:57:42", "elapsed": 103.023295, "delta": 1.443216}}
{"target": -47.969379941323645, "params": {"eta": 0.3004193384352809, "max_depth": 4.30766518789104, "n_estimators": 17.334114742437553}, "datetime": {"datetime": "2021-09-24 15:57:42", "elapsed": 103.964571, "delta": 0.941276}}
{"target": -43.2681827114937, "params": {"eta": 0.2141941057915857, "max_depth": 3.6731424950836282, "n_estimators": 17.25677230001965}, "datetime": {"datetime": "2021-09-24 15:57:44", "elapsed": 105.00552, "delta": 1.040949}}
{"target": -48.613795803901844, "params": {"eta": 0.09584989563726702, "max_depth": 4.003283773356274, "n_estimators": 18.035728334856543}, "datetime": {"datetime": "2021-09-24 15:57:45", "elapsed": 106.081365, "delta": 1.075845}}
{"target": -51.32664162772043, "params": {"eta": 0.4932844702631153, "max_depth": 3.583971001641999, "n_estimators": 36.62122303699647}, "datetime": {"datetime": "2021-09-24 15:57:46", "elapsed": 107.165791, "delta": 1.084426}}
{"target": -47.969450212062746, "params": {"eta": 0.24848502269681236, "max_depth": 4.333787111659992, "n_estimators": 48.90728663646779}, "datetime": {"datetime": "2021-09-24 15:57:47", "elapsed": 108.005056, "delta": 0.839265}}
{"target": -43.87325481902388, "params": {"eta": 0.42578549369907587, "max_depth": 1.590530971667652, "n_estimators": 24.279243031155037}, "datetime": {"datetime": "2021-09-24 15:57:47", "elapsed": 108.76405, "delta": 0.758994}}
