{"target": -41.34989877883692, "params": {"eta": 0.6427140110366281, "max_depth": 3.8750611207033154, "n_estimators": 8.031483009585166}, "datetime": {"datetime": "2021-09-28 16:28:27", "elapsed": 47.3102, "delta": 0.363}}
{"target": -38.278820445372055, "params": {"eta": 0.40170320398385667, "max_depth": 4.465938242174377, "n_estimators": 5.703289553666687}, "datetime": {"datetime": "2021-09-28 16:28:28", "elapsed": 47.698804, "delta": 0.388604}}
{"target": -38.92956980469148, "params": {"eta": 0.5373209147991959, "max_depth": 5.351561187700636, "n_estimators": 4.865478716408297}, "datetime": {"datetime": "2021-09-28 16:28:28", "elapsed": 48.185809, "delta": 0.487005}}
{"target": -40.85266182973445, "params": {"eta": 0.5431502091396073, "max_depth": 4.626749297244094, "n_estimators": 5.301513531986047}, "datetime": {"datetime": "2021-09-28 16:28:29", "elapsed": 48.545805, "delta": 0.359996}}
{"target": -39.57771617898537, "params": {"eta": 0.5779097505439809, "max_depth": 2.1336493415176383, "n_estimators": 16.33746207122663}, "datetime": {"datetime": "2021-09-28 16:28:29", "elapsed": 49.328807, "delta": 0.783002}}
{"target": -37.429350047356266, "params": {"eta": 0.5231654867116583, "max_depth": 5.465747475784604, "n_estimators": 5.454932705745079}, "datetime": {"datetime": "2021-09-28 16:28:30", "elapsed": 49.970395, "delta": 0.641588}}
{"target": -39.55333548012446, "params": {"eta": 0.7763041816783337, "max_depth": 1.479226679805139, "n_estimators": 15.752794285600736}, "datetime": {"datetime": "2021-09-28 16:28:31", "elapsed": 50.555393, "delta": 0.584998}}
{"target": -40.10814352661702, "params": {"eta": 0.3020037502219117, "max_depth": 1.246664328153249, "n_estimators": 8.632002072576975}, "datetime": {"datetime": "2021-09-28 16:28:31", "elapsed": 50.947392, "delta": 0.391999}}
{"target": -39.82406565298381, "params": {"eta": 0.6663161587611703, "max_depth": 21.74259443460372, "n_estimators": 4.2094257205319305}, "datetime": {"datetime": "2021-09-28 16:28:32", "elapsed": 51.683392, "delta": 0.736}}
{"target": -39.65055418345577, "params": {"eta": 0.06573469883731414, "max_depth": 20.52704950474572, "n_estimators": 43.52727649385713}, "datetime": {"datetime": "2021-09-28 16:28:33", "elapsed": 52.541394, "delta": 0.858002}}
{"target": -39.60326520128851, "params": {"eta": 0.45749056068086275, "max_depth": 5.2690842376348375, "n_estimators": 16.603133992787864}, "datetime": {"datetime": "2021-09-28 16:28:33", "elapsed": 53.102394, "delta": 0.561}}
{"target": -39.97174411419654, "params": {"eta": 0.6448077348564704, "max_depth": 1.989592276248014, "n_estimators": 16.773475232379365}, "datetime": {"datetime": "2021-09-28 16:28:34", "elapsed": 54.163192, "delta": 1.060798}}
{"target": -39.07774899523018, "params": {"eta": 0.4951555116206365, "max_depth": 1.0369461044566035, "n_estimators": 16.582814336333826}, "datetime": {"datetime": "2021-09-28 16:28:35", "elapsed": 55.221298, "delta": 1.058106}}
{"target": -38.90862730860001, "params": {"eta": 0.4267038368705273, "max_depth": 22.83768383896439, "n_estimators": 3.960590530719966}, "datetime": {"datetime": "2021-09-28 16:28:36", "elapsed": 55.821558, "delta": 0.60026}}
{"target": -78.00287518319841, "params": {"eta": 0.06776853213305134, "max_depth": 22.960311153285808, "n_estimators": 3.7404355647932226}, "datetime": {"datetime": "2021-09-28 16:28:37", "elapsed": 57.112102, "delta": 1.290544}}
{"target": -39.910499604486986, "params": {"eta": 0.5624241234088926, "max_depth": 22.442012120089963, "n_estimators": 3.7858362632110203}, "datetime": {"datetime": "2021-09-28 16:28:38", "elapsed": 57.586106, "delta": 0.474004}}
{"target": -44.44832671402504, "params": {"eta": 0.19250545239522843, "max_depth": 21.54357962114083, "n_estimators": 4.276458420395608}, "datetime": {"datetime": "2021-09-28 16:28:38", "elapsed": 58.219104, "delta": 0.632998}}
{"target": -52.81233171625929, "params": {"eta": 0.12796801392315482, "max_depth": 5.755821813876798, "n_estimators": 4.632068950312202}, "datetime": {"datetime": "2021-09-28 16:28:39", "elapsed": 58.676101, "delta": 0.456997}}
{"target": -35.53818772531723, "params": {"eta": 0.18437036006707777, "max_depth": 6.67392867509063, "n_estimators": 7.776964883115308}, "datetime": {"datetime": "2021-09-28 16:28:39", "elapsed": 59.187104, "delta": 0.511003}}
{"target": -43.26576594928083, "params": {"eta": 0.9051621249420396, "max_depth": 2.55743900332231, "n_estimators": 7.560151343557282}, "datetime": {"datetime": "2021-09-28 16:28:40", "elapsed": 59.632075, "delta": 0.444971}}
{"target": -36.616020375321625, "params": {"eta": 0.38738172438171226, "max_depth": 5.680581740450389, "n_estimators": 4.404134681538533}, "datetime": {"datetime": "2021-09-28 16:28:40", "elapsed": 60.116074, "delta": 0.483999}}
{"target": -46.45402050343822, "params": {"eta": 0.9432330899883229, "max_depth": 16.183013282102053, "n_estimators": 34.3800221397789}, "datetime": {"datetime": "2021-09-28 16:28:41", "elapsed": 61.101075, "delta": 0.985001}}
{"target": -42.71904543690553, "params": {"eta": 0.6753107782114645, "max_depth": 6.861640062827252, "n_estimators": 37.696756154990894}, "datetime": {"datetime": "2021-09-28 16:28:42", "elapsed": 61.907361, "delta": 0.806286}}
{"target": -36.17802902740117, "params": {"eta": 0.21709553522311476, "max_depth": 6.9216947407868386, "n_estimators": 7.624090652853799}, "datetime": {"datetime": "2021-09-28 16:28:43", "elapsed": 62.527356, "delta": 0.619995}}
{"target": -44.27635451674634, "params": {"eta": 0.5713105627379635, "max_depth": 9.72128728041047, "n_estimators": 22.652700323973434}, "datetime": {"datetime": "2021-09-28 16:28:44", "elapsed": 63.588047, "delta": 1.060691}}
{"target": -36.72240363103129, "params": {"eta": 0.4573533462835065, "max_depth": 5.829045096082696, "n_estimators": 4.527505799895035}, "datetime": {"datetime": "2021-09-28 16:28:45", "elapsed": 64.972047, "delta": 1.384}}
{"target": -39.18155491036116, "params": {"eta": 0.2501945451836316, "max_depth": 26.695379977638204, "n_estimators": 17.104013633240772}, "datetime": {"datetime": "2021-09-28 16:28:46", "elapsed": 65.967049, "delta": 0.995002}}
{"target": -36.78449539218217, "params": {"eta": 0.15618999062946803, "max_depth": 6.4737475595409055, "n_estimators": 7.5457537248177555}, "datetime": {"datetime": "2021-09-28 16:28:47", "elapsed": 66.751048, "delta": 0.783999}}
{"target": -92.01499430077061, "params": {"eta": 0.01, "max_depth": 6.922056756987597, "n_estimators": 7.856510562163519}, "datetime": {"datetime": "2021-09-28 16:28:47", "elapsed": 67.484049, "delta": 0.733001}}
{"target": -36.3042649953945, "params": {"eta": 0.32943176912890476, "max_depth": 6.706473143476834, "n_estimators": 7.593139799438607}, "datetime": {"datetime": "2021-09-28 16:28:48", "elapsed": 68.104724, "delta": 0.620675}}
{"target": -32.60194764287617, "params": {"eta": 0.30866765078006325, "max_depth": 6.483608900275276, "n_estimators": 7.782285710945492}, "datetime": {"datetime": "2021-09-28 16:28:49", "elapsed": 68.829724, "delta": 0.725}}
{"target": -38.71244881597743, "params": {"eta": 0.05007184600202436, "max_depth": 16.449521144775968, "n_estimators": 22.511827778794384}, "datetime": {"datetime": "2021-09-28 16:28:50", "elapsed": 69.716733, "delta": 0.887009}}
{"target": -41.43165309032804, "params": {"eta": 0.4825683793729824, "max_depth": 29.29992926743026, "n_estimators": 45.56605463988436}, "datetime": {"datetime": "2021-09-28 16:28:51", "elapsed": 71.171715, "delta": 1.454982}}
{"target": -40.58200269015128, "params": {"eta": 0.7532585304159899, "max_depth": 1.761317030704155, "n_estimators": 16.47291537922127}, "datetime": {"datetime": "2021-09-28 16:28:52", "elapsed": 71.841145, "delta": 0.66943}}
{"target": -37.182797656819375, "params": {"eta": 0.427301644056048, "max_depth": 6.239349031461917, "n_estimators": 7.843102981292925}, "datetime": {"datetime": "2021-09-28 16:28:52", "elapsed": 72.429143, "delta": 0.587998}}
{"target": -36.4271666701744, "params": {"eta": 0.12855162856622376, "max_depth": 25.93546397240258, "n_estimators": 11.025673554817025}, "datetime": {"datetime": "2021-09-28 16:28:53", "elapsed": 73.118145, "delta": 0.689002}}
{"target": -41.06387342400472, "params": {"eta": 0.6092727693474422, "max_depth": 6.501104052592875, "n_estimators": 7.948148696859994}, "datetime": {"datetime": "2021-09-28 16:28:54", "elapsed": 73.831382, "delta": 0.713237}}
{"target": -37.59629691891115, "params": {"eta": 0.4158191195899572, "max_depth": 5.008394309310266, "n_estimators": 5.516896197308461}, "datetime": {"datetime": "2021-09-28 16:28:54", "elapsed": 74.354392, "delta": 0.52301}}
{"target": -39.00729127828803, "params": {"eta": 0.41276185411652727, "max_depth": 22.28835999894057, "n_estimators": 6.118725316500898}, "datetime": {"datetime": "2021-09-28 16:28:55", "elapsed": 74.955291, "delta": 0.600899}}
{"target": -40.229374669635575, "params": {"eta": 0.24754867032893021, "max_depth": 1.52083953054813, "n_estimators": 10.858186111990998}, "datetime": {"datetime": "2021-09-28 16:28:56", "elapsed": 75.612288, "delta": 0.656997}}
{"target": -39.98557854739453, "params": {"eta": 0.2715997344392136, "max_depth": 15.299386042005327, "n_estimators": 30.841199798737033}, "datetime": {"datetime": "2021-09-28 16:28:57", "elapsed": 76.633865, "delta": 1.021577}}
{"target": -38.51349966833249, "params": {"eta": 0.9300344970257757, "max_depth": 1.2868274102618151, "n_estimators": 16.38604365913016}, "datetime": {"datetime": "2021-09-28 16:28:57", "elapsed": 77.464867, "delta": 0.831002}}
{"target": -38.73725594672685, "params": {"eta": 0.41539704572444175, "max_depth": 25.575226920628186, "n_estimators": 27.18157632234931}, "datetime": {"datetime": "2021-09-28 16:28:59", "elapsed": 78.586811, "delta": 1.121944}}
{"target": -39.16326822999376, "params": {"eta": 0.5465528923416096, "max_depth": 5.6960136371464305, "n_estimators": 4.7205655571572915}, "datetime": {"datetime": "2021-09-28 16:28:59", "elapsed": 79.474337, "delta": 0.887526}}
{"target": -42.18405880701903, "params": {"eta": 0.5338161973800927, "max_depth": 5.103149486639641, "n_estimators": 46.52852174274821}, "datetime": {"datetime": "2021-09-28 16:29:00", "elapsed": 80.387639, "delta": 0.913302}}
{"target": -46.505058647650586, "params": {"eta": 0.7970214929410302, "max_depth": 16.20049531505348, "n_estimators": 31.262259215795616}, "datetime": {"datetime": "2021-09-28 16:29:02", "elapsed": 81.591635, "delta": 1.203996}}
{"target": -44.9397849911277, "params": {"eta": 0.5877643525678493, "max_depth": 16.60563576844982, "n_estimators": 11.330993919042163}, "datetime": {"datetime": "2021-09-28 16:29:02", "elapsed": 82.477637, "delta": 0.886002}}
{"target": -41.329912194900295, "params": {"eta": 0.6830536129957758, "max_depth": 13.90083027644249, "n_estimators": 17.245507841923985}, "datetime": {"datetime": "2021-09-28 16:29:03", "elapsed": 83.328634, "delta": 0.850997}}
{"target": -79.21882535171022, "params": {"eta": 0.040212167890649686, "max_depth": 22.90971622736645, "n_estimators": 5.0127549590812475}, "datetime": {"datetime": "2021-09-28 16:29:04", "elapsed": 84.072704, "delta": 0.74407}}
{"target": -53.614068917063165, "params": {"eta": 0.996585654852367, "max_depth": 28.708702832479716, "n_estimators": 17.262910348385574}, "datetime": {"datetime": "2021-09-28 16:29:05", "elapsed": 85.196865, "delta": 1.124161}}
{"target": -37.91830397808356, "params": {"eta": 0.5975738253320884, "max_depth": 5.516619663546868, "n_estimators": 5.180270907196954}, "datetime": {"datetime": "2021-09-28 16:29:06", "elapsed": 85.816864, "delta": 0.619999}}
{"target": -41.90579685091919, "params": {"eta": 0.12246478577010787, "max_depth": 6.411505649211845, "n_estimators": 7.772853484466397}, "datetime": {"datetime": "2021-09-28 16:29:06", "elapsed": 86.359861, "delta": 0.542997}}
{"target": -39.34070852009974, "params": {"eta": 0.5569707302524356, "max_depth": 7.050020270871012, "n_estimators": 7.480867989911937}, "datetime": {"datetime": "2021-09-28 16:29:07", "elapsed": 87.039866, "delta": 0.680005}}
{"target": -39.62284487754476, "params": {"eta": 0.39914557226602615, "max_depth": 25.93341814879554, "n_estimators": 11.216490002286752}, "datetime": {"datetime": "2021-09-28 16:29:08", "elapsed": 88.275583, "delta": 1.235717}}
{"target": -51.212403140716255, "params": {"eta": 0.9397890369088391, "max_depth": 6.119978348901607, "n_estimators": 12.63081319605494}, "datetime": {"datetime": "2021-09-28 16:29:09", "elapsed": 88.978577, "delta": 0.702994}}
{"target": -39.89248591669441, "params": {"eta": 0.4637506674758485, "max_depth": 24.809959862715555, "n_estimators": 15.637101935655298}, "datetime": {"datetime": "2021-09-28 16:29:10", "elapsed": 89.723414, "delta": 0.744837}}
{"target": -43.74383238202518, "params": {"eta": 0.4344473865663268, "max_depth": 22.514553948660502, "n_estimators": 44.73154342486081}, "datetime": {"datetime": "2021-09-28 16:29:11", "elapsed": 91.161413, "delta": 1.437999}}
{"target": -35.57520771985958, "params": {"eta": 0.2346141378669238, "max_depth": 26.13435579410928, "n_estimators": 10.766077989390306}, "datetime": {"datetime": "2021-09-28 16:29:12", "elapsed": 92.46199, "delta": 1.300577}}
{"target": -40.44144895830847, "params": {"eta": 0.5281871343287969, "max_depth": 1.3889616155858575, "n_estimators": 6.961678958816422}, "datetime": {"datetime": "2021-09-28 16:29:13", "elapsed": 93.196988, "delta": 0.734998}}
{"target": -44.31981062086583, "params": {"eta": 0.5378291474594651, "max_depth": 18.96706030958001, "n_estimators": 32.013426946452796}, "datetime": {"datetime": "2021-09-28 16:29:15", "elapsed": 94.542172, "delta": 1.345184}}
{"target": -39.95986631228658, "params": {"eta": 0.6515815171512102, "max_depth": 1.6222363481373778, "n_estimators": 16.85195993005821}, "datetime": {"datetime": "2021-09-28 16:29:15", "elapsed": 95.366172, "delta": 0.824}}
{"target": -40.63800123525711, "params": {"eta": 0.7581168723407827, "max_depth": 1.2184835686973932, "n_estimators": 16.829709536270105}, "datetime": {"datetime": "2021-09-28 16:29:16", "elapsed": 96.082689, "delta": 0.716517}}
{"target": -35.57520771985958, "params": {"eta": 0.2316435394644216, "max_depth": 25.700576281335728, "n_estimators": 10.827326995722926}, "datetime": {"datetime": "2021-09-28 16:29:17", "elapsed": 96.919686, "delta": 0.836997}}
{"target": -42.0779304431926, "params": {"eta": 0.6156654558328571, "max_depth": 26.03715366970422, "n_estimators": 10.852851998445463}, "datetime": {"datetime": "2021-09-28 16:29:18", "elapsed": 97.8564, "delta": 0.936714}}
{"target": -36.431893016205734, "params": {"eta": 0.18173377519966508, "max_depth": 25.877916812631007, "n_estimators": 10.552449573869016}, "datetime": {"datetime": "2021-09-28 16:29:19", "elapsed": 98.564396, "delta": 0.707996}}
{"target": -40.38842401652094, "params": {"eta": 0.7189713414515468, "max_depth": 12.620329091118617, "n_estimators": 15.746139728309293}, "datetime": {"datetime": "2021-09-28 16:29:19", "elapsed": 99.4834, "delta": 0.919004}}
{"target": -40.26620389584175, "params": {"eta": 0.49441241374398637, "max_depth": 2.222617077029312, "n_estimators": 30.176695645925623}, "datetime": {"datetime": "2021-09-28 16:29:20", "elapsed": 100.32573, "delta": 0.84233}}
{"target": -38.8592375145424, "params": {"eta": 0.7017899953054088, "max_depth": 9.902608533092073, "n_estimators": 7.403696138821303}, "datetime": {"datetime": "2021-09-28 16:29:21", "elapsed": 101.073732, "delta": 0.748002}}
{"target": -42.227873063855625, "params": {"eta": 0.5042003993041604, "max_depth": 7.31484916836805, "n_estimators": 13.42826427782798}, "datetime": {"datetime": "2021-09-28 16:29:22", "elapsed": 101.83614, "delta": 0.762408}}
{"target": -40.60716498837851, "params": {"eta": 0.412218173961084, "max_depth": 18.888562369023497, "n_estimators": 14.713514455367438}, "datetime": {"datetime": "2021-09-28 16:29:23", "elapsed": 102.884861, "delta": 1.048721}}
{"target": -39.09319720258471, "params": {"eta": 0.26406859326281057, "max_depth": 21.066219590704225, "n_estimators": 37.04278906467972}, "datetime": {"datetime": "2021-09-28 16:29:24", "elapsed": 104.204151, "delta": 1.31929}}
{"target": -51.660395836345174, "params": {"eta": 0.05945078722868249, "max_depth": 26.231561748404378, "n_estimators": 10.99137925252111}, "datetime": {"datetime": "2021-09-28 16:29:25", "elapsed": 105.066882, "delta": 0.862731}}
{"target": -37.673919883566015, "params": {"eta": 0.20707888465601298, "max_depth": 6.977973830046548, "n_estimators": 15.764648466436364}, "datetime": {"datetime": "2021-09-28 16:29:26", "elapsed": 105.953313, "delta": 0.886431}}
{"target": -45.56193849097831, "params": {"eta": 0.5967656021447513, "max_depth": 24.98057261221004, "n_estimators": 17.334114742437553}, "datetime": {"datetime": "2021-09-28 16:29:27", "elapsed": 107.087315, "delta": 1.134002}}
{"target": -39.21563903425937, "params": {"eta": 0.6178288026298084, "max_depth": 7.7698515358853575, "n_estimators": 7.694253645945887}, "datetime": {"datetime": "2021-09-28 16:29:28", "elapsed": 107.760314, "delta": 0.672999}}
{"target": -39.60290817107827, "params": {"eta": 0.3907851521332639, "max_depth": 9.960741217764072, "n_estimators": 13.512223918125864}, "datetime": {"datetime": "2021-09-28 16:29:29", "elapsed": 108.772896, "delta": 1.012582}}
{"target": -41.88190540613174, "params": {"eta": 0.4293615904337549, "max_depth": 5.194754627254825, "n_estimators": 42.06153592073145}, "datetime": {"datetime": "2021-09-28 16:29:30", "elapsed": 109.667276, "delta": 0.89438}}
{"target": -41.68182016192584, "params": {"eta": 0.49183708667315146, "max_depth": 25.16995655953495, "n_estimators": 48.90728663646779}, "datetime": {"datetime": "2021-09-28 16:29:31", "elapsed": 111.125872, "delta": 1.458596}}
{"target": -43.866919419435554, "params": {"eta": 0.8500564056369083, "max_depth": 5.281349544590476, "n_estimators": 24.279243031155037}, "datetime": {"datetime": "2021-09-28 16:29:32", "elapsed": 112.059942, "delta": 0.93407}}
{"target": -40.30143744358783, "params": {"eta": 0.7177646639827302, "max_depth": 22.819342784607336, "n_estimators": 4.075690377897251}, "datetime": {"datetime": "2021-09-28 16:29:33", "elapsed": 113.218941, "delta": 1.158999}}
{"target": -39.81827298032648, "params": {"eta": 0.6622537255336451, "max_depth": 6.402798029837377, "n_estimators": 7.65878316500317}, "datetime": {"datetime": "2021-09-28 16:29:35", "elapsed": 114.988064, "delta": 1.769123}}
{"target": -38.46472993549298, "params": {"eta": 0.35826657469015627, "max_depth": 7.742166035774428, "n_estimators": 7.418740513999494}, "datetime": {"datetime": "2021-09-28 16:29:36", "elapsed": 115.766065, "delta": 0.778001}}
{"target": -44.94466084889387, "params": {"eta": 0.5919416000899885, "max_depth": 16.436476669358107, "n_estimators": 39.96057437138849}, "datetime": {"datetime": "2021-09-28 16:29:37", "elapsed": 116.864065, "delta": 1.098}}
{"target": -40.918574387267135, "params": {"eta": 0.6520515696581374, "max_depth": 6.865467747432198, "n_estimators": 7.740225301532542}, "datetime": {"datetime": "2021-09-28 16:29:38", "elapsed": 117.812066, "delta": 0.948001}}
{"target": -43.68494200220038, "params": {"eta": 0.10980501141986745, "max_depth": 6.650652687931659, "n_estimators": 7.286735522770672}, "datetime": {"datetime": "2021-09-28 16:29:39", "elapsed": 118.965364, "delta": 1.153298}}
{"target": -37.875783619450324, "params": {"eta": 0.32816497996084854, "max_depth": 25.916464801924707, "n_estimators": 10.806104557054619}, "datetime": {"datetime": "2021-09-28 16:29:40", "elapsed": 120.108057, "delta": 1.142693}}
{"target": -40.44489624725902, "params": {"eta": 0.21493164138683066, "max_depth": 13.448053968540313, "n_estimators": 38.657487441667485}, "datetime": {"datetime": "2021-09-28 16:29:41", "elapsed": 121.478058, "delta": 1.370001}}
{"target": -36.80409263645415, "params": {"eta": 0.3730393930868941, "max_depth": 26.296553420094565, "n_estimators": 10.413827491041118}, "datetime": {"datetime": "2021-09-28 16:29:42", "elapsed": 122.285067, "delta": 0.807009}}
{"target": -39.77797870739972, "params": {"eta": 0.4587965421152028, "max_depth": 7.424379890226896, "n_estimators": 7.546816581788696}, "datetime": {"datetime": "2021-09-28 16:29:44", "elapsed": 123.781073, "delta": 1.496006}}
{"target": -88.96423421152949, "params": {"eta": 0.023746001311539644, "max_depth": 22.63277156262887, "n_estimators": 5.256211689861613}, "datetime": {"datetime": "2021-09-28 16:29:45", "elapsed": 124.657582, "delta": 0.876509}}
{"target": -40.03681286377485, "params": {"eta": 0.2426224868052613, "max_depth": 1.2667828674385575, "n_estimators": 16.250371757561915}, "datetime": {"datetime": "2021-09-28 16:29:45", "elapsed": 125.516585, "delta": 0.859003}}
{"target": -39.546300920346006, "params": {"eta": 0.10097074290831998, "max_depth": 25.419426904443764, "n_estimators": 10.718268204539045}, "datetime": {"datetime": "2021-09-28 16:29:46", "elapsed": 126.412612, "delta": 0.896027}}
{"target": -42.457703531125254, "params": {"eta": 0.34558703673191843, "max_depth": 10.156858109833763, "n_estimators": 18.79376183573708}, "datetime": {"datetime": "2021-09-28 16:29:47", "elapsed": 127.515611, "delta": 1.102999}}
{"target": -40.45257856919544, "params": {"eta": 0.47317622435979895, "max_depth": 25.864643962337656, "n_estimators": 10.327055961204145}, "datetime": {"datetime": "2021-09-28 16:29:49", "elapsed": 128.643832, "delta": 1.128221}}
{"target": -40.03681286377485, "params": {"eta": 0.2363034700594642, "max_depth": 1.3759698752169907, "n_estimators": 16.70612476695646}, "datetime": {"datetime": "2021-09-28 16:29:50", "elapsed": 130.040957, "delta": 1.397125}}
{"target": -36.04403362203346, "params": {"eta": 0.059323681081006496, "max_depth": 5.4031311419666, "n_estimators": 21.625042446615534}, "datetime": {"datetime": "2021-09-28 16:29:51", "elapsed": 131.197959, "delta": 1.157002}}
