{"target": 0.3536108104527792, "params": {"eta": 0.6, "max_depth": 2.112857618635896, "n_estimators": 21.1518898072702}, "datetime": {"datetime": "2021-09-24 13:48:58", "elapsed": 25.055206, "delta": 0.608028}}
{"target": 0.3682976078808974, "params": {"eta": 0.2484513122058397, "max_depth": 2.2474015265573506, "n_estimators": 91.19101712720611}, "datetime": {"datetime": "2021-09-24 13:48:59", "elapsed": 25.64118, "delta": 0.585974}}
{"target": -3.1180359409569363, "params": {"eta": 0.013660389355718693, "max_depth": 2.5235201448779043, "n_estimators": 8.311355817762397}, "datetime": {"datetime": "2021-09-24 13:48:59", "elapsed": 26.180179, "delta": 0.538999}}
{"target": -0.4776727780770893, "params": {"eta": 0.010831793695181915, "max_depth": 1.035015495389335, "n_estimators": 74.10395109161884}, "datetime": {"datetime": "2021-09-24 13:49:00", "elapsed": 26.53418, "delta": 0.354001}}
{"target": 0.3868433197602048, "params": {"eta": 0.20437221255488047, "max_depth": 3.140033588201435, "n_estimators": 68.41225272862764}, "datetime": {"datetime": "2021-09-24 13:49:00", "elapsed": 26.905183, "delta": 0.371003}}
{"target": 0.40095588724936726, "params": {"eta": 0.5870004512433429, "max_depth": 1.453662096055507, "n_estimators": 12.835059932257124}, "datetime": {"datetime": "2021-09-24 13:49:01", "elapsed": 27.315182, "delta": 0.409999}}
{"target": 0.4449806659962199, "params": {"eta": 0.2496161153863911, "max_depth": 1.2989936648455216, "n_estimators": 18.419063548485315}, "datetime": {"datetime": "2021-09-24 13:49:01", "elapsed": 27.631182, "delta": 0.316}}
{"target": 0.40132572984379244, "params": {"eta": 0.11895045060896359, "max_depth": 3.68911729017392, "n_estimators": 52.66011267945463}, "datetime": {"datetime": "2021-09-24 13:49:01", "elapsed": 28.035181, "delta": 0.403999}}
{"target": 0.4324536857774661, "params": {"eta": 0.13822387672796038, "max_depth": 1.8452089683626267, "n_estimators": 29.75618999194702}, "datetime": {"datetime": "2021-09-24 13:49:02", "elapsed": 28.30018, "delta": 0.264999}}
{"target": 0.45275434065814224, "params": {"eta": 0.10045733685570701, "max_depth": 1.045637784527003, "n_estimators": 96.02611138660106}, "datetime": {"datetime": "2021-09-24 13:49:02", "elapsed": 28.659181, "delta": 0.359001}}
{"target": 0.3293593256003645, "params": {"eta": 0.30837625414079334, "max_depth": 3.9698464119261527, "n_estimators": 40.84234778162426}, "datetime": {"datetime": "2021-09-24 13:49:02", "elapsed": 28.967183, "delta": 0.308002}}
{"target": 0.25387541047213213, "params": {"eta": 0.49511596881083536, "max_depth": 2.4297242101602965, "n_estimators": 72.91878084533306}, "datetime": {"datetime": "2021-09-24 13:49:03", "elapsed": 29.341185, "delta": 0.374002}}
{"target": 0.2950966404391262, "params": {"eta": 0.2804193312758847, "max_depth": 3.9078447649267574, "n_estimators": 57.33536249931034}, "datetime": {"datetime": "2021-09-24 13:49:03", "elapsed": 29.684183, "delta": 0.342998}}
{"target": 0.46416050656633945, "params": {"eta": 0.2419897972176323, "max_depth": 3.0496326906598883, "n_estimators": 14.681304898796778}, "datetime": {"datetime": "2021-09-24 13:49:03", "elapsed": 29.989178, "delta": 0.304995}}
{"target": -3.252846392974708, "params": {"eta": 0.08933589302886549, "max_depth": 3.8159127777090953, "n_estimators": 1.9376519871574442}, "datetime": {"datetime": "2021-09-24 13:49:04", "elapsed": 30.277178, "delta": 0.288}}
{"target": 0.3578060387633957, "params": {"eta": 0.19764285361699957, "max_depth": 3.418269531281741, "n_estimators": 63.1221799835731}, "datetime": {"datetime": "2021-09-24 13:49:04", "elapsed": 30.71718, "delta": 0.440002}}
{"target": 0.4450633275852136, "params": {"eta": 0.11429651402115303, "max_depth": 1.6276400986948527, "n_estimators": 53.529442346663835}, "datetime": {"datetime": "2021-09-24 13:49:04", "elapsed": 31.035182, "delta": 0.318002}}
{"target": 0.4142280983878577, "params": {"eta": 0.4969936493687491, "max_depth": 1.3596756579932885, "n_estimators": 56.2725767773692}, "datetime": {"datetime": "2021-09-24 13:49:05", "elapsed": 31.375181, "delta": 0.339999}}
{"target": 0.25080443082683945, "params": {"eta": 0.4290036543767485, "max_depth": 2.368898310653253, "n_estimators": 91.65598966057736}, "datetime": {"datetime": "2021-09-24 13:49:05", "elapsed": 31.723177, "delta": 0.347996}}
{"target": 0.24127811154807222, "params": {"eta": 0.3117189217707902, "max_depth": 3.132269163251844, "n_estimators": 93.3707712262969}, "datetime": {"datetime": "2021-09-24 13:49:05", "elapsed": 32.109246, "delta": 0.386069}}
{"target": 0.22691155578279298, "params": {"eta": 0.3614882974584543, "max_depth": 3.851243188877716, "n_estimators": 59.817061158960094}, "datetime": {"datetime": "2021-09-24 13:49:06", "elapsed": 32.460245, "delta": 0.350999}}
{"target": 0.2113312820821196, "params": {"eta": 0.500346287909918, "max_depth": 3.5209901780188213, "n_estimators": 54.21140778847099}, "datetime": {"datetime": "2021-09-24 13:49:06", "elapsed": 32.862245, "delta": 0.402}}
{"target": -1.8349298860923948, "params": {"eta": 0.02780875619214085, "max_depth": 1.728485701439142, "n_estimators": 12.10693880887628}, "datetime": {"datetime": "2021-09-24 13:49:07", "elapsed": 33.251818, "delta": 0.389573}}
{"target": 0.40272645220818704, "params": {"eta": 0.4776470087625166, "max_depth": 1.4227093810393936, "n_estimators": 79.43389847319966}, "datetime": {"datetime": "2021-09-24 13:49:07", "elapsed": 33.620817, "delta": 0.368999}}
{"target": 0.33187393099020146, "params": {"eta": 0.4078626727392589, "max_depth": 3.214600315371251, "n_estimators": 40.41721228723043}, "datetime": {"datetime": "2021-09-24 13:49:07", "elapsed": 34.140816, "delta": 0.519999}}
{"target": 0.4369482669084115, "params": {"eta": 0.2401063320181854, "max_depth": 1.105870997409426, "n_estimators": 16.330182308447526}, "datetime": {"datetime": "2021-09-24 13:49:08", "elapsed": 34.471819, "delta": 0.331003}}
{"target": -3.3860170936218976, "params": {"eta": 0.024997301597391622, "max_depth": 1.10833918564687, "n_estimators": 3.9526682557050177}, "datetime": {"datetime": "2021-09-24 13:49:08", "elapsed": 34.762819, "delta": 0.291}}
{"target": 0.38186702428290453, "params": {"eta": 0.24057042090293487, "max_depth": 1.5541667343346153, "n_estimators": 9.281899191019203}, "datetime": {"datetime": "2021-09-24 13:49:08", "elapsed": 35.045817, "delta": 0.282998}}
{"target": 0.4275851071193608, "params": {"eta": 0.2917943811471256, "max_depth": 1.6328067087876037, "n_estimators": 81.74293618414043}, "datetime": {"datetime": "2021-09-24 13:49:09", "elapsed": 35.463818, "delta": 0.418001}}
{"target": 0.22850904864609445, "params": {"eta": 0.47568470752266717, "max_depth": 3.1484820452293487, "n_estimators": 88.63887368567701}, "datetime": {"datetime": "2021-09-24 13:49:09", "elapsed": 35.929818, "delta": 0.466}}
{"target": 0.39643192963401264, "params": {"eta": 0.09950448199991135, "max_depth": 3.8318905374633134, "n_estimators": 53.891415456932336}, "datetime": {"datetime": "2021-09-24 13:49:10", "elapsed": 36.360632, "delta": 0.430814}}
{"target": 0.3696052652280972, "params": {"eta": 0.29562380317479514, "max_depth": 2.2463813682846885, "n_estimators": 78.29728244409984}, "datetime": {"datetime": "2021-09-24 13:49:10", "elapsed": 36.772632, "delta": 0.412}}
{"target": 0.23797310302414976, "params": {"eta": 0.535764899294012, "max_depth": 3.458300646379581, "n_estimators": 37.40257185174676}, "datetime": {"datetime": "2021-09-24 13:49:10", "elapsed": 37.174633, "delta": 0.402001}}
{"target": 0.38198707250049235, "params": {"eta": 0.17422261554169668, "max_depth": 3.343521373996449, "n_estimators": 51.34500847119918}, "datetime": {"datetime": "2021-09-24 13:49:11", "elapsed": 37.591638, "delta": 0.417005}}
{"target": 0.4497001488237219, "params": {"eta": 0.38707198637536416, "max_depth": 1.2974201159348258, "n_estimators": 15.206465672427171}, "datetime": {"datetime": "2021-09-24 13:49:11", "elapsed": 37.912701, "delta": 0.321063}}
{"target": 0.2547649001656793, "params": {"eta": 0.4006565243781879, "max_depth": 3.5863883607332236, "n_estimators": 54.96364068744152}, "datetime": {"datetime": "2021-09-24 13:49:12", "elapsed": 38.389701, "delta": 0.477}}
{"target": 0.27637550312027337, "params": {"eta": 0.4912213207661033, "max_depth": 2.2877805689282686, "n_estimators": 87.96845272891954}, "datetime": {"datetime": "2021-09-24 13:49:12", "elapsed": 38.806705, "delta": 0.417004}}
{"target": 0.43842262566688506, "params": {"eta": 0.2451567694630066, "max_depth": 2.9679685572726995, "n_estimators": 29.13422660235256}, "datetime": {"datetime": "2021-09-24 13:49:13", "elapsed": 39.227703, "delta": 0.420998}}
{"target": 0.2326349260679692, "params": {"eta": 0.047028119254491296, "max_depth": 3.602849068882513, "n_estimators": 32.6428680436951}, "datetime": {"datetime": "2021-09-24 13:49:13", "elapsed": 39.635705, "delta": 0.408002}}
{"target": 0.341146062570018, "params": {"eta": 0.24969976211130177, "max_depth": 2.5702043238231047, "n_estimators": 95.21228473145342}, "datetime": {"datetime": "2021-09-24 13:49:13", "elapsed": 40.1707, "delta": 0.534995}}
{"target": 0.40086245633007467, "params": {"eta": 0.5042493399628365, "max_depth": 1.9717642110338778, "n_estimators": 61.51305853070058}, "datetime": {"datetime": "2021-09-24 13:49:14", "elapsed": 40.633704, "delta": 0.463004}}
{"target": 0.4149666316664036, "params": {"eta": 0.1840224370009373, "max_depth": 1.0255169994641293, "n_estimators": 16.419759289492255}, "datetime": {"datetime": "2021-09-24 13:49:14", "elapsed": 40.964201, "delta": 0.330497}}
{"target": 0.12251970061590134, "params": {"eta": 0.5411830071195325, "max_depth": 3.4446974338198895, "n_estimators": 67.24153935620123}, "datetime": {"datetime": "2021-09-24 13:49:15", "elapsed": 41.4162, "delta": 0.451999}}
{"target": 0.43035933377610947, "params": {"eta": 0.0432156286000155, "max_depth": 3.020039603939212, "n_estimators": 86.9224565896297}, "datetime": {"datetime": "2021-09-24 13:49:15", "elapsed": 41.8622, "delta": 0.446}}
{"target": 0.4422023462984306, "params": {"eta": 0.05560090379958686, "max_depth": 3.5312561306756307, "n_estimators": 88.29283940089809}, "datetime": {"datetime": "2021-09-24 13:49:16", "elapsed": 42.343254, "delta": 0.481054}}
{"target": 0.2093627357828366, "params": {"eta": 0.4929181033315843, "max_depth": 3.601184247101319, "n_estimators": 95.16322093969175}, "datetime": {"datetime": "2021-09-24 13:49:16", "elapsed": 42.842257, "delta": 0.499003}}
{"target": 0.36256488682530397, "params": {"eta": 0.41619721393396253, "max_depth": 2.7432938451505184, "n_estimators": 41.26464355918616}, "datetime": {"datetime": "2021-09-24 13:49:17", "elapsed": 43.241256, "delta": 0.398999}}
{"target": 0.3518975505818879, "params": {"eta": 0.5724603450972102, "max_depth": 2.0178042804606946, "n_estimators": 22.369637174189613}, "datetime": {"datetime": "2021-09-24 13:49:17", "elapsed": 43.641258, "delta": 0.400002}}
{"target": 0.4365937522372694, "params": {"eta": 0.23946031604313506, "max_depth": 2.435386042677021, "n_estimators": 16.810104659180084}, "datetime": {"datetime": "2021-09-24 13:49:17", "elapsed": 44.061256, "delta": 0.419998}}
{"target": 0.2445326816903136, "params": {"eta": 0.46950278251763206, "max_depth": 3.8353168566690456, "n_estimators": 67.25098774178007}, "datetime": {"datetime": "2021-09-24 13:49:18", "elapsed": 44.494253, "delta": 0.432997}}
{"target": 0.45049520926649955, "params": {"eta": 0.3907487149146125, "max_depth": 1.6137381905245551, "n_estimators": 66.19420911234408}, "datetime": {"datetime": "2021-09-24 13:49:18", "elapsed": 44.924254, "delta": 0.430001}}
{"target": 0.39286957081658014, "params": {"eta": 0.5551393944476404, "max_depth": 1.0659335070728773, "n_estimators": 15.420818039011387}, "datetime": {"datetime": "2021-09-24 13:49:19", "elapsed": 45.271257, "delta": 0.347003}}
{"target": 0.2542876767773943, "params": {"eta": 0.11391768933290491, "max_depth": 1.586958138802479, "n_estimators": 14.69223517200848}, "datetime": {"datetime": "2021-09-24 13:49:19", "elapsed": 45.621282, "delta": 0.350025}}
{"target": 0.40792118327668747, "params": {"eta": 0.5434804582987913, "max_depth": 1.1611143796540322, "n_estimators": 14.254183326778996}, "datetime": {"datetime": "2021-09-24 13:49:19", "elapsed": 45.97128, "delta": 0.349998}}
{"target": 0.28605743815150697, "params": {"eta": 0.43276211110191093, "max_depth": 2.6953572019655714, "n_estimators": 86.834394330927}, "datetime": {"datetime": "2021-09-24 13:49:20", "elapsed": 46.453281, "delta": 0.482001}}
{"target": 0.2391062186698808, "params": {"eta": 0.5661692152455662, "max_depth": 2.5706565464243507, "n_estimators": 68.44126922118595}, "datetime": {"datetime": "2021-09-24 13:49:20", "elapsed": 46.895283, "delta": 0.442002}}
{"target": 0.43344296728221277, "params": {"eta": 0.4064983425704687, "max_depth": 1.6063765582235088, "n_estimators": 75.14242570089998}, "datetime": {"datetime": "2021-09-24 13:49:21", "elapsed": 47.351555, "delta": 0.456272}}
{"target": 0.20502744397299488, "params": {"eta": 0.5950502370082078, "max_depth": 2.203389511431904, "n_estimators": 62.27133547113533}, "datetime": {"datetime": "2021-09-24 13:49:21", "elapsed": 48.007571, "delta": 0.656016}}
{"target": 0.4695481637825374, "params": {"eta": 0.34451841617717016, "max_depth": 1.9022021324562555, "n_estimators": 44.747292491293265}, "datetime": {"datetime": "2021-09-24 13:49:22", "elapsed": 48.413569, "delta": 0.405998}}
{"target": 0.3517319978497194, "params": {"eta": 0.19809360010278507, "max_depth": 3.398534143714305, "n_estimators": 69.04243490327534}, "datetime": {"datetime": "2021-09-24 13:49:22", "elapsed": 49.021283, "delta": 0.607714}}
{"target": 0.4200468020434496, "params": {"eta": 0.15314624409933603, "max_depth": 3.6581427563074005, "n_estimators": 33.53668060593544}, "datetime": {"datetime": "2021-09-24 13:49:23", "elapsed": 49.462291, "delta": 0.441008}}
{"target": 0.4144446125786996, "params": {"eta": 0.4284235161412367, "max_depth": 1.4815985410626782, "n_estimators": 92.76275140985446}, "datetime": {"datetime": "2021-09-24 13:49:23", "elapsed": 50.020155, "delta": 0.557864}}
{"target": 0.42927491029322107, "params": {"eta": 0.4899402492628874, "max_depth": 1.2678518478360097, "n_estimators": 21.3101532924141}, "datetime": {"datetime": "2021-09-24 13:49:24", "elapsed": 50.518826, "delta": 0.498671}}
{"target": 0.4382616821912907, "params": {"eta": 0.3046248721651822, "max_depth": 1.4818437523481078, "n_estimators": 14.539284001135591}, "datetime": {"datetime": "2021-09-24 13:49:24", "elapsed": 50.927279, "delta": 0.408453}}
{"target": 0.39512931094425596, "params": {"eta": 0.5873880420435759, "max_depth": 2.8509844520734084, "n_estimators": 9.955453564431895}, "datetime": {"datetime": "2021-09-24 13:49:25", "elapsed": 51.351884, "delta": 0.424605}}
{"target": 0.2291537102435558, "params": {"eta": 0.033881201152721585, "max_depth": 2.5982263253216518, "n_estimators": 44.46267245103355}, "datetime": {"datetime": "2021-09-24 13:49:25", "elapsed": 51.801878, "delta": 0.449994}}
{"target": 0.26055525543730196, "params": {"eta": 0.29163166043440364, "max_depth": 3.927578889734165, "n_estimators": 91.04162059895003}, "datetime": {"datetime": "2021-09-24 13:49:26", "elapsed": 52.325876, "delta": 0.523998}}
{"target": 0.42772442555620516, "params": {"eta": 0.1384488642551974, "max_depth": 3.6156150576516684, "n_estimators": 22.514691940910385}, "datetime": {"datetime": "2021-09-24 13:49:26", "elapsed": 52.833894, "delta": 0.508018}}
{"target": 0.2928652776278591, "params": {"eta": 0.4694842495220236, "max_depth": 2.6634932873100055, "n_estimators": 84.97295840525783}, "datetime": {"datetime": "2021-09-24 13:49:27", "elapsed": 53.365288, "delta": 0.531394}}
{"target": 0.30833331138819675, "params": {"eta": 0.08065198066067879, "max_depth": 3.5795307557657843, "n_estimators": 21.255952692385417}, "datetime": {"datetime": "2021-09-24 13:49:27", "elapsed": 53.794939, "delta": 0.429651}}
{"target": 0.4514968972001496, "params": {"eta": 0.1279013475494949, "max_depth": 1.9000927928089888, "n_estimators": 74.2522775610614}, "datetime": {"datetime": "2021-09-24 13:49:28", "elapsed": 54.316961, "delta": 0.522022}}
{"target": 0.3413765950312393, "params": {"eta": 0.022242835203954987, "max_depth": 2.6497507389031023, "n_estimators": 84.83574393989186}, "datetime": {"datetime": "2021-09-24 13:49:28", "elapsed": 54.939351, "delta": 0.62239}}
{"target": 0.37734953488811696, "params": {"eta": 0.2500297918472233, "max_depth": 3.202244137821438, "n_estimators": 11.341914414971203}, "datetime": {"datetime": "2021-09-24 13:49:29", "elapsed": 55.388165, "delta": 0.448814}}
{"target": 0.4192846065125049, "params": {"eta": 0.1515694095899685, "max_depth": 1.0538799514360133, "n_estimators": 20.91755969565528}, "datetime": {"datetime": "2021-09-24 13:49:29", "elapsed": 55.902919, "delta": 0.514754}}
{"target": 0.4187826254130067, "params": {"eta": 0.16590287203953133, "max_depth": 2.4792468319315857, "n_estimators": 61.29140367499931}, "datetime": {"datetime": "2021-09-24 13:49:30", "elapsed": 56.411916, "delta": 0.508997}}
{"target": 0.2778467303934694, "params": {"eta": 0.40519181464047166, "max_depth": 3.009788877515344, "n_estimators": 49.412046016369175}, "datetime": {"datetime": "2021-09-24 13:49:31", "elapsed": 57.247472, "delta": 0.835556}}
{"target": 0.32627318215188794, "params": {"eta": 0.25160025957315213, "max_depth": 3.5422648538580885, "n_estimators": 53.8974705288282}, "datetime": {"datetime": "2021-09-24 13:49:31", "elapsed": 57.793705, "delta": 0.546233}}
{"target": -1.2240415865188279, "params": {"eta": 0.05944722009533968, "max_depth": 3.754551380148766, "n_estimators": 8.007278880588373}, "datetime": {"datetime": "2021-09-24 13:49:32", "elapsed": 58.338692, "delta": 0.544987}}
{"target": 0.43527811962111373, "params": {"eta": 0.322173289347732, "max_depth": 1.4244637399972042, "n_estimators": 92.98619699045047}, "datetime": {"datetime": "2021-09-24 13:49:32", "elapsed": 58.908694, "delta": 0.570002}}
{"target": 0.30285432544795554, "params": {"eta": 0.47903301094465434, "max_depth": 2.5724650325917393, "n_estimators": 62.1421155584442}, "datetime": {"datetime": "2021-09-24 13:49:33", "elapsed": 59.448796, "delta": 0.540102}}
{"target": 0.4260413092549149, "params": {"eta": 0.35432421011619303, "max_depth": 2.6143761139775674, "n_estimators": 21.872824448677022}, "datetime": {"datetime": "2021-09-24 13:49:33", "elapsed": 59.875001, "delta": 0.426205}}
{"target": 0.35998665090491977, "params": {"eta": 0.4111127592601088, "max_depth": 2.3345686492871542, "n_estimators": 33.82255666021376}, "datetime": {"datetime": "2021-09-24 13:49:34", "elapsed": 60.375, "delta": 0.499999}}
{"target": -2.2253236849228215, "params": {"eta": 0.028005231369175064, "max_depth": 3.2665223683482534, "n_estimators": 9.107402876511092}, "datetime": {"datetime": "2021-09-24 13:49:34", "elapsed": 60.923682, "delta": 0.548682}}
{"target": 0.18321513681676438, "params": {"eta": 0.59796518824535, "max_depth": 3.8664175343944533, "n_estimators": 33.857716826330034}, "datetime": {"datetime": "2021-09-24 13:49:35", "elapsed": 61.404488, "delta": 0.480806}}
{"target": 0.17275478597842442, "params": {"eta": 0.040945114772116195, "max_depth": 3.3631737878131602, "n_estimators": 34.48663916430327}, "datetime": {"datetime": "2021-09-24 13:49:35", "elapsed": 62.148091, "delta": 0.743603}}
{"target": 0.443052379399165, "params": {"eta": 0.136113524896594, "max_depth": 1.4354555025947775, "n_estimators": 43.692246246993925}, "datetime": {"datetime": "2021-09-24 13:49:36", "elapsed": 62.731091, "delta": 0.583}}
{"target": 0.23897237688808814, "params": {"eta": 0.34977884773254103, "max_depth": 3.495777594898895, "n_estimators": 85.06801987573269}, "datetime": {"datetime": "2021-09-24 13:49:37", "elapsed": 63.430452, "delta": 0.699361}}
{"target": 0.35419756597024843, "params": {"eta": 0.1634085910942936, "max_depth": 3.624700145888035, "n_estimators": 96.457334375378}, "datetime": {"datetime": "2021-09-24 13:49:37", "elapsed": 64.190413, "delta": 0.759961}}
{"target": 0.41197976852057117, "params": {"eta": 0.5641166987638536, "max_depth": 1.5296529326449937, "n_estimators": 24.498989926723247}, "datetime": {"datetime": "2021-09-24 13:49:38", "elapsed": 64.690416, "delta": 0.500003}}
{"target": 0.3517663603869854, "params": {"eta": 0.2804170644553036, "max_depth": 3.4630992961429885, "n_estimators": 30.572920237344377}, "datetime": {"datetime": "2021-09-24 13:49:39", "elapsed": 65.236051, "delta": 0.545635}}
{"target": 0.2996106956087753, "params": {"eta": 0.2629534930041746, "max_depth": 3.2256435119303966, "n_estimators": 89.35556732778001}, "datetime": {"datetime": "2021-09-24 13:49:39", "elapsed": 65.787247, "delta": 0.551196}}
{"target": 0.24827415900739058, "params": {"eta": 0.5117789357376813, "max_depth": 3.6140742861309416, "n_estimators": 75.8590568085723}, "datetime": {"datetime": "2021-09-24 13:49:40", "elapsed": 66.571247, "delta": 0.784}}
{"target": 0.4361984786996884, "params": {"eta": 0.31881859520605066, "max_depth": 1.0402374085088817, "n_estimators": 13.04502483515971}, "datetime": {"datetime": "2021-09-24 13:49:41", "elapsed": 67.22122, "delta": 0.649973}}
{"target": 0.3573093146730886, "params": {"eta": 0.32456484545564085, "max_depth": 2.858661411335863, "n_estimators": 63.659780973445436}, "datetime": {"datetime": "2021-09-24 13:49:41", "elapsed": 67.942982, "delta": 0.721762}}
{"target": 0.44471268772029404, "params": {"eta": 0.11382774952727338, "max_depth": 2.813353111638418, "n_estimators": 53.68995802084058}, "datetime": {"datetime": "2021-09-24 13:49:42", "elapsed": 68.612941, "delta": 0.669959}}
{"target": 0.375994158228973, "params": {"eta": 0.5868398055013746, "max_depth": 1.7201439998238781, "n_estimators": 66.96105663894669}, "datetime": {"datetime": "2021-09-24 13:49:43", "elapsed": 69.328599, "delta": 0.715658}}
