{"target": -55.257335790268755, "params": {"eta": 0.4228517846555483, "max_depth": 21.889410309822583, "n_estimators": 1.0056043660498994}, "datetime": {"datetime": "2021-09-28 16:27:40", "elapsed": 0.0, "delta": 0.0}}
{"target": -34.10804413888048, "params": {"eta": 0.30930924690552136, "max_depth": 5.255920833696278, "n_estimators": 5.524591143671092}, "datetime": {"datetime": "2021-09-28 16:27:40", "elapsed": 0.045999, "delta": 0.045999}}
{"target": -40.274791940061625, "params": {"eta": 0.1943976092638942, "max_depth": 11.021261084248385, "n_estimators": 20.441606237302828}, "datetime": {"datetime": "2021-09-28 16:27:40", "elapsed": 0.212995, "delta": 0.166996}}
{"target": -42.238071240263295, "params": {"eta": 0.5434285666633234, "max_depth": 13.15664091769555, "n_estimators": 34.575755519441216}, "datetime": {"datetime": "2021-09-28 16:27:41", "elapsed": 0.533996, "delta": 0.321001}}
{"target": -59.202684371257874, "params": {"eta": 0.21240772723420226, "max_depth": 26.465405655337417, "n_estimators": 2.3419920666983822}, "datetime": {"datetime": "2021-09-28 16:27:41", "elapsed": 0.561999, "delta": 0.028003}}
{"target": -38.52149122138649, "params": {"eta": 1.0, "max_depth": 1.0, "n_estimators": 15.736736175731695}, "datetime": {"datetime": "2021-09-28 16:27:41", "elapsed": 0.789996, "delta": 0.227997}}
{"target": -57.65084693365087, "params": {"eta": 0.01, "max_depth": 30.0, "n_estimators": 50.0}, "datetime": {"datetime": "2021-09-28 16:27:41", "elapsed": 1.372189, "delta": 0.582193}}
{"target": -51.18498958490274, "params": {"eta": 0.01, "max_depth": 1.0, "n_estimators": 50.0}, "datetime": {"datetime": "2021-09-28 16:27:42", "elapsed": 1.672189, "delta": 0.3}}
{"target": -47.08014658709189, "params": {"eta": 1.0, "max_depth": 1.0, "n_estimators": 1.0}, "datetime": {"datetime": "2021-09-28 16:27:42", "elapsed": 2.189187, "delta": 0.516998}}
{"target": -54.026952364166334, "params": {"eta": 1.0, "max_depth": 9.170510112298217, "n_estimators": 10.891418291396914}, "datetime": {"datetime": "2021-09-28 16:27:43", "elapsed": 2.931189, "delta": 0.742002}}
{"target": -92.56593156083922, "params": {"eta": 0.01, "max_depth": 2.790591971863505, "n_estimators": 6.927418394357415}, "datetime": {"datetime": "2021-09-28 16:27:44", "elapsed": 3.565472, "delta": 0.634283}}
{"target": -49.14190124271963, "params": {"eta": 0.9558911197857834, "max_depth": 20.258071059419382, "n_estimators": 24.065311356529936}, "datetime": {"datetime": "2021-09-28 16:27:44", "elapsed": 3.867474, "delta": 0.302002}}
{"target": -41.68182016192584, "params": {"eta": 0.49384539564610475, "max_depth": 25.394181538235944, "n_estimators": 48.97435347986428}, "datetime": {"datetime": "2021-09-28 16:27:44", "elapsed": 4.412476, "delta": 0.545002}}
{"target": -39.75425556447858, "params": {"eta": 0.32924803184248497, "max_depth": 23.142528014542, "n_estimators": 42.991121613263914}, "datetime": {"datetime": "2021-09-28 16:27:45", "elapsed": 5.040395, "delta": 0.627919}}
{"target": -49.577030110620804, "params": {"eta": 0.8563978996483149, "max_depth": 21.86120959964625, "n_estimators": 45.68657525688706}, "datetime": {"datetime": "2021-09-28 16:27:45", "elapsed": 5.394396, "delta": 0.354001}}
{"target": -40.215697935349795, "params": {"eta": 0.680340411004982, "max_depth": 16.889420238408437, "n_estimators": 19.777249189796535}, "datetime": {"datetime": "2021-09-28 16:27:46", "elapsed": 5.763395, "delta": 0.368999}}
{"target": -37.424545005965676, "params": {"eta": 0.14934853999305447, "max_depth": 5.042007150050051, "n_estimators": 16.5247832807095}, "datetime": {"datetime": "2021-09-28 16:27:46", "elapsed": 5.986395, "delta": 0.223}}
{"target": -38.2038120408958, "params": {"eta": 0.2812604630072965, "max_depth": 23.166103710945425, "n_estimators": 4.276656737355436}, "datetime": {"datetime": "2021-09-28 16:27:46", "elapsed": 6.172395, "delta": 0.186}}
{"target": -46.2862257938918, "params": {"eta": 0.9399362637650355, "max_depth": 28.54852260005694, "n_estimators": 14.67743976329951}, "datetime": {"datetime": "2021-09-28 16:27:46", "elapsed": 6.475397, "delta": 0.303002}}
{"target": -40.50112684005436, "params": {"eta": 0.6022199982108106, "max_depth": 4.268359661975513, "n_estimators": 6.722097974536962}, "datetime": {"datetime": "2021-09-28 16:27:47", "elapsed": 6.685396, "delta": 0.209999}}
{"target": -37.12023320781059, "params": {"eta": 0.15644137203883096, "max_depth": 5.151488862892214, "n_estimators": 16.394704710169638}, "datetime": {"datetime": "2021-09-28 16:27:47", "elapsed": 6.880396, "delta": 0.195}}
{"target": -45.066577952111466, "params": {"eta": 0.8559149382373014, "max_depth": 5.3035700146219265, "n_estimators": 6.3300543900359845}, "datetime": {"datetime": "2021-09-28 16:27:47", "elapsed": 7.360639, "delta": 0.480243}}
{"target": -39.3913031399517, "params": {"eta": 0.6937839088898141, "max_depth": 4.647936185971595, "n_estimators": 4.908479407854027}, "datetime": {"datetime": "2021-09-28 16:27:48", "elapsed": 7.975641, "delta": 0.615002}}
{"target": -42.35789032023483, "params": {"eta": 0.18659864386401262, "max_depth": 5.759402019972003, "n_estimators": 4.602671786434947}, "datetime": {"datetime": "2021-09-28 16:27:49", "elapsed": 8.89264, "delta": 0.916999}}
{"target": -39.9665710696957, "params": {"eta": 0.44504159332723026, "max_depth": 4.313615814520057, "n_estimators": 15.666996950986714}, "datetime": {"datetime": "2021-09-28 16:27:50", "elapsed": 9.585991, "delta": 0.693351}}
{"target": -39.776166124819504, "params": {"eta": 0.5168735680257694, "max_depth": 2.242826409444642, "n_estimators": 15.800392668365086}, "datetime": {"datetime": "2021-09-28 16:27:50", "elapsed": 10.285039, "delta": 0.699048}}
{"target": -39.46979267036008, "params": {"eta": 1.0, "max_depth": 1.669069759247576, "n_estimators": 14.570265322669394}, "datetime": {"datetime": "2021-09-28 16:27:51", "elapsed": 10.785041, "delta": 0.500002}}
{"target": -49.01281603831838, "params": {"eta": 0.9995297591578012, "max_depth": 5.994173323409747, "n_estimators": 16.920383267072516}, "datetime": {"datetime": "2021-09-28 16:27:52", "elapsed": 11.752497, "delta": 0.967456}}
{"target": -82.03965790290185, "params": {"eta": 0.01, "max_depth": 1.0, "n_estimators": 15.03125810503836}, "datetime": {"datetime": "2021-09-28 16:27:52", "elapsed": 12.416528, "delta": 0.664031}}
{"target": -47.67323563286661, "params": {"eta": 0.8408119367674605, "max_depth": 13.136803882450529, "n_estimators": 15.508381451325079}, "datetime": {"datetime": "2021-09-28 16:27:53", "elapsed": 12.847495, "delta": 0.430967}}
{"target": -43.39932274468856, "params": {"eta": 0.9261820649876863, "max_depth": 5.72719951060952, "n_estimators": 5.29590669290016}, "datetime": {"datetime": "2021-09-28 16:27:53", "elapsed": 13.424303, "delta": 0.576808}}
{"target": -38.14360800887306, "params": {"eta": 0.1829242898587863, "max_depth": 4.551808202331636, "n_estimators": 5.725214639895205}, "datetime": {"datetime": "2021-09-28 16:27:54", "elapsed": 14.238302, "delta": 0.813999}}
{"target": -38.30740936672451, "params": {"eta": 0.9830075743995729, "max_depth": 1.761340905803006, "n_estimators": 16.779589430184114}, "datetime": {"datetime": "2021-09-28 16:27:55", "elapsed": 14.572303, "delta": 0.334001}}
{"target": -45.49009107520469, "params": {"eta": 0.9989096409173125, "max_depth": 2.854716419557236, "n_estimators": 16.303668699248888}, "datetime": {"datetime": "2021-09-28 16:27:55", "elapsed": 15.44786, "delta": 0.875557}}
{"target": -41.34158457542444, "params": {"eta": 0.773178183746354, "max_depth": 2.6700468603074357, "n_estimators": 14.71197904057963}, "datetime": {"datetime": "2021-09-28 16:27:57", "elapsed": 17.006859, "delta": 1.558999}}
{"target": -62.394272194247634, "params": {"eta": 0.08059134994368619, "max_depth": 23.334578094825446, "n_estimators": 5.320118714800686}, "datetime": {"datetime": "2021-09-28 16:27:58", "elapsed": 17.631908, "delta": 0.625049}}
{"target": -38.2580508632012, "params": {"eta": 1.0, "max_depth": 1.0, "n_estimators": 16.590275665093266}, "datetime": {"datetime": "2021-09-28 16:27:58", "elapsed": 18.267912, "delta": 0.636004}}
{"target": -38.90862730860001, "params": {"eta": 0.4326372779789218, "max_depth": 22.721674496406564, "n_estimators": 3.408649622476969}, "datetime": {"datetime": "2021-09-28 16:27:59", "elapsed": 18.599907, "delta": 0.331995}}
{"target": -53.93627569110403, "params": {"eta": 0.9726196672668953, "max_depth": 23.396444210301684, "n_estimators": 3.696660663686156}, "datetime": {"datetime": "2021-09-28 16:27:59", "elapsed": 18.955911, "delta": 0.356004}}
{"target": -35.829050781283314, "params": {"eta": 0.35609607376360053, "max_depth": 21.995253246241482, "n_estimators": 4.1531745434012555}, "datetime": {"datetime": "2021-09-28 16:27:59", "elapsed": 19.483241, "delta": 0.52733}}
{"target": -96.2644172910617, "params": {"eta": 0.01, "max_depth": 21.79550191698079, "n_estimators": 3.3371084087886285}, "datetime": {"datetime": "2021-09-28 16:28:00", "elapsed": 19.896068, "delta": 0.412827}}
{"target": -41.03525800211054, "params": {"eta": 0.47199810700013384, "max_depth": 13.147164681958612, "n_estimators": 34.50983936254027}, "datetime": {"datetime": "2021-09-28 16:28:00", "elapsed": 20.447068, "delta": 0.551}}
{"target": -43.43372952892853, "params": {"eta": 0.6038338149176732, "max_depth": 22.422412135080844, "n_estimators": 4.311194830709373}, "datetime": {"datetime": "2021-09-28 16:28:01", "elapsed": 20.92407, "delta": 0.477002}}
{"target": -38.70697435074849, "params": {"eta": 0.786379283629042, "max_depth": 4.8524822172225655, "n_estimators": 5.506984038027167}, "datetime": {"datetime": "2021-09-28 16:28:02", "elapsed": 21.547374, "delta": 0.623304}}
{"target": -39.910372168145905, "params": {"eta": 0.5267480560008891, "max_depth": 21.61988921260725, "n_estimators": 4.580765073018014}, "datetime": {"datetime": "2021-09-28 16:28:02", "elapsed": 22.412376, "delta": 0.865002}}
{"target": -45.17319833972102, "params": {"eta": 0.7571558088968532, "max_depth": 7.854919347855461, "n_estimators": 43.88433478326895}, "datetime": {"datetime": "2021-09-28 16:28:03", "elapsed": 22.97738, "delta": 0.565004}}
{"target": -78.82943171453931, "params": {"eta": 0.03617096057089033, "max_depth": 5.279849643850324, "n_estimators": 5.991136047100287}, "datetime": {"datetime": "2021-09-28 16:28:03", "elapsed": 23.340374, "delta": 0.362994}}
{"target": -45.4403930995158, "params": {"eta": 0.812761023225424, "max_depth": 22.67013591072954, "n_estimators": 44.5869208699691}, "datetime": {"datetime": "2021-09-28 16:28:04", "elapsed": 23.783373, "delta": 0.442999}}
{"target": -42.27787885466462, "params": {"eta": 0.6004349187843762, "max_depth": 14.510814004808882, "n_estimators": 49.44480912980404}, "datetime": {"datetime": "2021-09-28 16:28:05", "elapsed": 24.587139, "delta": 0.803766}}
{"target": -37.59629691891115, "params": {"eta": 0.42349039148110673, "max_depth": 5.089317678963316, "n_estimators": 5.1913354566699015}, "datetime": {"datetime": "2021-09-28 16:28:05", "elapsed": 25.03214, "delta": 0.445001}}
{"target": -34.73923007125421, "params": {"eta": 0.09267831002544527, "max_depth": 6.865791577901645, "n_estimators": 15.593316631213666}, "datetime": {"datetime": "2021-09-28 16:28:05", "elapsed": 25.432592, "delta": 0.400452}}
{"target": -57.154725216569005, "params": {"eta": 0.07592781964101726, "max_depth": 15.749883198747863, "n_estimators": 6.302724243763956}, "datetime": {"datetime": "2021-09-28 16:28:06", "elapsed": 25.752595, "delta": 0.320003}}
{"target": -40.94953728185322, "params": {"eta": 0.3652746591417005, "max_depth": 4.8357712030416575, "n_estimators": 22.757580592845738}, "datetime": {"datetime": "2021-09-28 16:28:06", "elapsed": 26.174595, "delta": 0.422}}
{"target": -39.02350026448268, "params": {"eta": 0.6587580036785192, "max_depth": 8.229811807112478, "n_estimators": 32.49967393569616}, "datetime": {"datetime": "2021-09-28 16:28:07", "elapsed": 26.605591, "delta": 0.430996}}
{"target": -42.479079596923334, "params": {"eta": 0.5947359780802111, "max_depth": 22.524873061555706, "n_estimators": 4.33672752284067}, "datetime": {"datetime": "2021-09-28 16:28:07", "elapsed": 26.92859, "delta": 0.322999}}
{"target": -34.65994276298495, "params": {"eta": 0.33717539154324183, "max_depth": 5.626276001621981, "n_estimators": 5.1799947363526195}, "datetime": {"datetime": "2021-09-28 16:28:07", "elapsed": 27.243589, "delta": 0.314999}}
{"target": -37.37269559205961, "params": {"eta": 0.0517818769583535, "max_depth": 20.071572457750612, "n_estimators": 49.5673321882008}, "datetime": {"datetime": "2021-09-28 16:28:08", "elapsed": 27.765223, "delta": 0.521634}}
{"target": -51.436973385121334, "params": {"eta": 0.03792569309965145, "max_depth": 7.366470583837072, "n_estimators": 15.498198999463236}, "datetime": {"datetime": "2021-09-28 16:28:08", "elapsed": 28.308223, "delta": 0.543}}
{"target": -39.19624977244625, "params": {"eta": 0.11755314481218766, "max_depth": 24.646966937496487, "n_estimators": 48.756850090259356}, "datetime": {"datetime": "2021-09-28 16:28:09", "elapsed": 28.899221, "delta": 0.590998}}
{"target": -48.72183866220743, "params": {"eta": 0.8730295318096892, "max_depth": 6.179259986636726, "n_estimators": 21.52052389286837}, "datetime": {"datetime": "2021-09-28 16:28:09", "elapsed": 29.187744, "delta": 0.288523}}
{"target": -44.44353761984016, "params": {"eta": 0.04928951598173332, "max_depth": 6.404457277210135, "n_estimators": 15.602942265827066}, "datetime": {"datetime": "2021-09-28 16:28:10", "elapsed": 29.561792, "delta": 0.374048}}
{"target": -38.55457687929113, "params": {"eta": 0.9418143749294554, "max_depth": 1.4893243645107284, "n_estimators": 16.22229136258717}, "datetime": {"datetime": "2021-09-28 16:28:10", "elapsed": 29.901796, "delta": 0.340004}}
{"target": -43.289769034698104, "params": {"eta": 0.5718766390416413, "max_depth": 8.984435851669486, "n_estimators": 26.109614880575098}, "datetime": {"datetime": "2021-09-28 16:28:10", "elapsed": 30.338794, "delta": 0.436998}}
{"target": -39.62545279837188, "params": {"eta": 0.5960711671416963, "max_depth": 4.250847188295714, "n_estimators": 5.63715060561397}, "datetime": {"datetime": "2021-09-28 16:28:11", "elapsed": 30.690791, "delta": 0.351997}}
{"target": -48.27237448081881, "params": {"eta": 0.15781950721243335, "max_depth": 22.158458612012865, "n_estimators": 4.612577320983732}, "datetime": {"datetime": "2021-09-28 16:28:11", "elapsed": 30.958791, "delta": 0.268}}
{"target": -58.543386693143376, "params": {"eta": 0.02684044068265331, "max_depth": 9.506346846534928, "n_estimators": 16.268387511615067}, "datetime": {"datetime": "2021-09-28 16:28:11", "elapsed": 31.286794, "delta": 0.328003}}
{"target": -43.097167629288506, "params": {"eta": 0.09538565865407699, "max_depth": 16.86897063554736, "n_estimators": 8.106543493397114}, "datetime": {"datetime": "2021-09-28 16:28:12", "elapsed": 31.687093, "delta": 0.400299}}
{"target": -37.376222339005295, "params": {"eta": 0.20863343660317477, "max_depth": 5.0061890361072265, "n_estimators": 16.46018729081887}, "datetime": {"datetime": "2021-09-28 16:28:12", "elapsed": 32.091104, "delta": 0.404011}}
{"target": -40.97716986636218, "params": {"eta": 0.4975348499643738, "max_depth": 6.833074884284879, "n_estimators": 15.911338790093655}, "datetime": {"datetime": "2021-09-28 16:28:13", "elapsed": 32.967095, "delta": 0.875991}}
{"target": -38.32059783974002, "params": {"eta": 0.4283879670923663, "max_depth": 1.719581518794501, "n_estimators": 16.533799042568504}, "datetime": {"datetime": "2021-09-28 16:28:13", "elapsed": 33.412513, "delta": 0.445418}}
{"target": -47.16154635794603, "params": {"eta": 0.12422692138757313, "max_depth": 4.384151087596286, "n_estimators": 5.170584721791388}, "datetime": {"datetime": "2021-09-28 16:28:14", "elapsed": 34.019509, "delta": 0.606996}}
{"target": -56.81391997887039, "params": {"eta": 0.08844938348840016, "max_depth": 4.546780110731785, "n_estimators": 5.714279631322487}, "datetime": {"datetime": "2021-09-28 16:28:14", "elapsed": 34.31351, "delta": 0.294001}}
{"target": -38.10727345918824, "params": {"eta": 0.4640727281042164, "max_depth": 5.7237310384946865, "n_estimators": 5.0935035083557}, "datetime": {"datetime": "2021-09-28 16:28:15", "elapsed": 34.853938, "delta": 0.540428}}
{"target": -39.88797382117601, "params": {"eta": 0.5106652399989584, "max_depth": 29.708515315286142, "n_estimators": 20.71994991211706}, "datetime": {"datetime": "2021-09-28 16:28:15", "elapsed": 35.344942, "delta": 0.491004}}
{"target": -37.969074701371504, "params": {"eta": 0.37617977550269144, "max_depth": 4.544986892403231, "n_estimators": 5.733066204048097}, "datetime": {"datetime": "2021-09-28 16:28:16", "elapsed": 35.666647, "delta": 0.321705}}
{"target": -39.91541673790844, "params": {"eta": 0.46375447112394214, "max_depth": 29.109166060958653, "n_estimators": 28.88315921683037}, "datetime": {"datetime": "2021-09-28 16:28:16", "elapsed": 36.394648, "delta": 0.728001}}
{"target": -35.42759574218728, "params": {"eta": 0.3299810747727581, "max_depth": 5.276166018586792, "n_estimators": 5.156472558197542}, "datetime": {"datetime": "2021-09-28 16:28:17", "elapsed": 36.673649, "delta": 0.279001}}
{"target": -84.08434737329111, "params": {"eta": 0.14312293915013025, "max_depth": 28.220490184521257, "n_estimators": 1.4640903774819674}, "datetime": {"datetime": "2021-09-28 16:28:17", "elapsed": 37.05765, "delta": 0.384001}}
{"target": -36.900295276350256, "params": {"eta": 0.24912208943376715, "max_depth": 5.6046312107975895, "n_estimators": 5.000747717766261}, "datetime": {"datetime": "2021-09-28 16:28:17", "elapsed": 37.37086, "delta": 0.31321}}
{"target": -40.45958165564522, "params": {"eta": 0.18500601505244324, "max_depth": 7.0671876207169095, "n_estimators": 26.999420959459876}, "datetime": {"datetime": "2021-09-28 16:28:18", "elapsed": 37.909384, "delta": 0.538524}}
{"target": -44.38886217082405, "params": {"eta": 0.8271588353814604, "max_depth": 4.476864693935121, "n_estimators": 28.35713396051607}, "datetime": {"datetime": "2021-09-28 16:28:19", "elapsed": 38.552387, "delta": 0.643003}}
{"target": -40.717696700915766, "params": {"eta": 0.7130739285304764, "max_depth": 14.232683669648114, "n_estimators": 45.8701362966494}, "datetime": {"datetime": "2021-09-28 16:28:19", "elapsed": 39.268387, "delta": 0.716}}
{"target": -38.891973529345464, "params": {"eta": 0.6717421872886351, "max_depth": 1.4221548578202596, "n_estimators": 16.54544209765882}, "datetime": {"datetime": "2021-09-28 16:28:20", "elapsed": 39.767133, "delta": 0.498746}}
{"target": -45.54170900778206, "params": {"eta": 0.5997854482777453, "max_depth": 28.562017492484586, "n_estimators": 30.111474715040856}, "datetime": {"datetime": "2021-09-28 16:28:21", "elapsed": 40.598132, "delta": 0.830999}}
{"target": -44.67431973536164, "params": {"eta": 0.8327844492047777, "max_depth": 25.369571720848608, "n_estimators": 27.33695941045534}, "datetime": {"datetime": "2021-09-28 16:28:21", "elapsed": 41.252132, "delta": 0.654}}
{"target": -40.26697307483087, "params": {"eta": 0.6355839468979215, "max_depth": 5.143521160210642, "n_estimators": 5.748925467866359}, "datetime": {"datetime": "2021-09-28 16:28:22", "elapsed": 41.791293, "delta": 0.539161}}
{"target": -43.86389059650713, "params": {"eta": 0.7946958282625279, "max_depth": 5.0861906833808055, "n_estimators": 39.82081843623014}, "datetime": {"datetime": "2021-09-28 16:28:22", "elapsed": 42.202066, "delta": 0.410773}}
{"target": -44.051055982373875, "params": {"eta": 0.14017519606286352, "max_depth": 5.448204356620224, "n_estimators": 5.442726400986253}, "datetime": {"datetime": "2021-09-28 16:28:22", "elapsed": 42.515069, "delta": 0.313003}}
{"target": -39.05579382441024, "params": {"eta": 0.39611062491187043, "max_depth": 2.023419641624453, "n_estimators": 8.587665991049786}, "datetime": {"datetime": "2021-09-28 16:28:23", "elapsed": 42.884066, "delta": 0.368997}}
{"target": -90.19256554251824, "params": {"eta": 0.03516496369731814, "max_depth": 2.0472787945864104, "n_estimators": 2.4614216619146045}, "datetime": {"datetime": "2021-09-28 16:28:23", "elapsed": 43.21307, "delta": 0.329004}}
{"target": -46.79711771415502, "params": {"eta": 0.9118205853426282, "max_depth": 4.455704786557988, "n_estimators": 28.29458124262266}, "datetime": {"datetime": "2021-09-28 16:28:24", "elapsed": 43.577743, "delta": 0.364673}}
{"target": -39.49486444425404, "params": {"eta": 0.5519914131252232, "max_depth": 1.7713659277877825, "n_estimators": 16.13276247631172}, "datetime": {"datetime": "2021-09-28 16:28:24", "elapsed": 44.112744, "delta": 0.535001}}
{"target": -41.03021118286444, "params": {"eta": 0.7179002871689342, "max_depth": 5.202195223610264, "n_estimators": 5.279987701713682}, "datetime": {"datetime": "2021-09-28 16:28:25", "elapsed": 44.815423, "delta": 0.702679}}
{"target": -38.46379265096354, "params": {"eta": 0.29377940308835454, "max_depth": 6.960975782951601, "n_estimators": 15.440186169634261}, "datetime": {"datetime": "2021-09-28 16:28:25", "elapsed": 45.454204, "delta": 0.638781}}
{"target": -38.891973529345464, "params": {"eta": 0.6667348128081643, "max_depth": 1.2401317040829496, "n_estimators": 16.147992517625916}, "datetime": {"datetime": "2021-09-28 16:28:26", "elapsed": 45.843203, "delta": 0.388999}}
{"target": -38.42765929411351, "params": {"eta": 0.9452069220538057, "max_depth": 1.0891118013649894, "n_estimators": 16.200536842587663}, "datetime": {"datetime": "2021-09-28 16:28:26", "elapsed": 46.3522, "delta": 0.508997}}
{"target": -38.850971780282926, "params": {"eta": 0.1878783257936909, "max_depth": 5.982196040299567, "n_estimators": 5.1213738849611286}, "datetime": {"datetime": "2021-09-28 16:28:27", "elapsed": 46.9472, "delta": 0.595}}
