{"target": 0.26192624323511715, "params": {"eta": 0.13150915295616789, "max_depth": 15.859240184401829, "n_estimators": 49.97274620130358}, "datetime": {"datetime": "2021-09-24 12:36:50", "elapsed": 42.506753, "delta": 0.959324}}
{"target": 0.29317013363521494, "params": {"eta": 0.48625617369999635, "max_depth": 7.077476170180664, "n_estimators": 36.42891718799758}, "datetime": {"datetime": "2021-09-24 12:36:51", "elapsed": 43.112753, "delta": 0.606}}
{"target": 0.14094834831732317, "params": {"eta": 0.5076541476033379, "max_depth": 8.041742161881832, "n_estimators": 37.42367562048963}, "datetime": {"datetime": "2021-09-24 12:36:51", "elapsed": 43.823757, "delta": 0.711004}}
{"target": 0.1960419245222046, "params": {"eta": 0.5864995133115236, "max_depth": 17.039051300607884, "n_estimators": 46.28960479147345}, "datetime": {"datetime": "2021-09-24 12:36:52", "elapsed": 44.666443, "delta": 0.842686}}
{"target": 0.14759825871160004, "params": {"eta": 0.5651139506999966, "max_depth": 10.086007505740245, "n_estimators": 44.77662697317193}, "datetime": {"datetime": "2021-09-24 12:36:53", "elapsed": 45.538439, "delta": 0.871996}}
{"target": 0.3610604506451526, "params": {"eta": 0.25261735619707854, "max_depth": 9.44627732745034, "n_estimators": 28.497327804273965}, "datetime": {"datetime": "2021-09-24 12:36:54", "elapsed": 46.294378, "delta": 0.755939}}
{"target": 0.3047319016630249, "params": {"eta": 0.18486251675206744, "max_depth": 8.28388600778162, "n_estimators": 28.464953288592298}, "datetime": {"datetime": "2021-09-24 12:36:55", "elapsed": 46.867395, "delta": 0.573017}}
{"target": 0.322056178556402, "params": {"eta": 0.14934026924807353, "max_depth": 9.045244837584029, "n_estimators": 27.390900203249544}, "datetime": {"datetime": "2021-09-24 12:36:55", "elapsed": 47.400381, "delta": 0.532986}}
{"target": 0.2968062060354566, "params": {"eta": 0.30010778465971827, "max_depth": 10.382503611775165, "n_estimators": 27.807387547653246}, "datetime": {"datetime": "2021-09-24 12:36:56", "elapsed": 47.889379, "delta": 0.488998}}
{"target": 0.2793315244469333, "params": {"eta": 0.32595408266973247, "max_depth": 7.78036538383289, "n_estimators": 27.154762789385302}, "datetime": {"datetime": "2021-09-24 12:36:56", "elapsed": 48.588666, "delta": 0.699287}}
{"target": 0.16271258861609794, "params": {"eta": 0.5753826462641015, "max_depth": 9.73064192564674, "n_estimators": 26.454031452637846}, "datetime": {"datetime": "2021-09-24 12:36:57", "elapsed": 49.149371, "delta": 0.560705}}
{"target": 0.1955427872551605, "params": {"eta": 0.46528819583624104, "max_depth": 19.807697862201408, "n_estimators": 23.037437341511882}, "datetime": {"datetime": "2021-09-24 12:36:58", "elapsed": 49.937355, "delta": 0.787984}}
{"target": 0.1452859634218835, "params": {"eta": 0.5568904450767465, "max_depth": 7.11329197015353, "n_estimators": 28.577817479685486}, "datetime": {"datetime": "2021-09-24 12:36:58", "elapsed": 50.620578, "delta": 0.683223}}
{"target": 0.33170007563176374, "params": {"eta": 0.25157204902331054, "max_depth": 7.9307401886218845, "n_estimators": 25.747919440375643}, "datetime": {"datetime": "2021-09-24 12:36:59", "elapsed": 51.249001, "delta": 0.628423}}
{"target": 0.29392611656680967, "params": {"eta": 0.27411139066659923, "max_depth": 7.787411325028963, "n_estimators": 24.59591383615865}, "datetime": {"datetime": "2021-09-24 12:36:59", "elapsed": 51.844001, "delta": 0.595}}
{"target": 0.30136354508813956, "params": {"eta": 0.0982408394975433, "max_depth": 8.997707689303512, "n_estimators": 25.059313826611493}, "datetime": {"datetime": "2021-09-24 12:37:00", "elapsed": 52.333187, "delta": 0.489186}}
{"target": 0.2080894502946209, "params": {"eta": 0.551172679070439, "max_depth": 8.84148772052177, "n_estimators": 23.840592118025754}, "datetime": {"datetime": "2021-09-24 12:37:00", "elapsed": 52.855189, "delta": 0.522002}}
{"target": 0.21392743669515313, "params": {"eta": 0.5475268383374788, "max_depth": 7.022564697765102, "n_estimators": 25.536512342434293}, "datetime": {"datetime": "2021-09-24 12:37:01", "elapsed": 53.505188, "delta": 0.649999}}
{"target": 0.17373183773073153, "params": {"eta": 0.5506323754089126, "max_depth": 8.980804843890239, "n_estimators": 29.355212741652117}, "datetime": {"datetime": "2021-09-24 12:37:02", "elapsed": 54.108375, "delta": 0.603187}}
{"target": 0.3484068566150228, "params": {"eta": 0.14551254868649705, "max_depth": 7.059155808289478, "n_estimators": 23.237126631330298}, "datetime": {"datetime": "2021-09-24 12:37:02", "elapsed": 54.708297, "delta": 0.599922}}
{"target": 0.19787274197753502, "params": {"eta": 0.08, "max_depth": 7.0, "n_estimators": 22.08284429791703}, "datetime": {"datetime": "2021-09-24 12:37:03", "elapsed": 55.327298, "delta": 0.619001}}
{"target": 0.331588598359533, "params": {"eta": 0.08819595620433178, "max_depth": 8.234658173082686, "n_estimators": 31.62862375352971}, "datetime": {"datetime": "2021-09-24 12:37:04", "elapsed": 55.982589, "delta": 0.655291}}
{"target": 0.28912155894893277, "params": {"eta": 0.3896768026364527, "max_depth": 7.168903676865362, "n_estimators": 32.367455780318224}, "datetime": {"datetime": "2021-09-24 12:37:04", "elapsed": 56.488216, "delta": 0.505627}}
{"target": 0.21429798137992417, "params": {"eta": 0.49365838902406817, "max_depth": 7.507636980321737, "n_estimators": 33.72260238148557}, "datetime": {"datetime": "2021-09-24 12:37:05", "elapsed": 57.107216, "delta": 0.619}}
{"target": 0.3426777556409243, "params": {"eta": 0.11035948883807997, "max_depth": 8.42210826292239, "n_estimators": 39.74903996880502}, "datetime": {"datetime": "2021-09-24 12:37:05", "elapsed": 57.788219, "delta": 0.681003}}
{"target": 0.28550719674328195, "params": {"eta": 0.21462096814492865, "max_depth": 9.321863256624889, "n_estimators": 39.05721156731389}, "datetime": {"datetime": "2021-09-24 12:37:06", "elapsed": 58.428653, "delta": 0.640434}}
{"target": 0.08806995256978423, "params": {"eta": 0.6, "max_depth": 9.675509212063137, "n_estimators": 32.32768378751067}, "datetime": {"datetime": "2021-09-24 12:37:07", "elapsed": 59.029652, "delta": 0.600999}}
{"target": 0.3265364682056393, "params": {"eta": 0.08, "max_depth": 7.8058162159364635, "n_estimators": 40.413633691629656}, "datetime": {"datetime": "2021-09-24 12:37:07", "elapsed": 59.772649, "delta": 0.742997}}
{"target": 0.32609746393581795, "params": {"eta": 0.08, "max_depth": 11.000183598751423, "n_estimators": 39.3899482531335}, "datetime": {"datetime": "2021-09-24 12:37:08", "elapsed": 60.49873, "delta": 0.726081}}
{"target": 0.2794768698295499, "params": {"eta": 0.20974860587372735, "max_depth": 12.287849571162251, "n_estimators": 39.08048874026905}, "datetime": {"datetime": "2021-09-24 12:37:09", "elapsed": 61.159388, "delta": 0.660658}}
{"target": 0.1899419808592886, "params": {"eta": 0.5166792811136184, "max_depth": 10.762050682894422, "n_estimators": 38.320626426609884}, "datetime": {"datetime": "2021-09-24 12:37:09", "elapsed": 61.827391, "delta": 0.668003}}
{"target": 0.28887230054236024, "params": {"eta": 0.3717542976812666, "max_depth": 10.768036780769656, "n_estimators": 40.564137792700414}, "datetime": {"datetime": "2021-09-24 12:37:10", "elapsed": 62.81185, "delta": 0.984459}}
{"target": 0.31322604703339807, "params": {"eta": 0.08, "max_depth": 13.81410246536096, "n_estimators": 38.56011702819822}, "datetime": {"datetime": "2021-09-24 12:37:11", "elapsed": 63.507851, "delta": 0.696001}}
{"target": 0.2966515724691262, "params": {"eta": 0.08, "max_depth": 9.027883461747248, "n_estimators": 30.80637317008807}, "datetime": {"datetime": "2021-09-24 12:37:12", "elapsed": 64.228932, "delta": 0.721081}}
{"target": 0.14515644835390262, "params": {"eta": 0.6, "max_depth": 15.244981448027282, "n_estimators": 38.477576100855515}, "datetime": {"datetime": "2021-09-24 12:37:13", "elapsed": 65.045561, "delta": 0.816629}}
{"target": 0.29943175261229615, "params": {"eta": 0.1788854761333341, "max_depth": 13.45275699134953, "n_estimators": 39.98944020735884}, "datetime": {"datetime": "2021-09-24 12:37:14", "elapsed": 65.907489, "delta": 0.861928}}
{"target": 0.2451715854819697, "params": {"eta": 0.37055812266500937, "max_depth": 12.874769922205367, "n_estimators": 37.494849739165716}, "datetime": {"datetime": "2021-09-24 12:37:14", "elapsed": 66.6453, "delta": 0.737811}}
{"target": 0.33406017878399474, "params": {"eta": 0.35650814788831975, "max_depth": 12.360636711528816, "n_estimators": 26.915268885638564}, "datetime": {"datetime": "2021-09-24 12:37:15", "elapsed": 67.376295, "delta": 0.730995}}
{"target": 0.2632357005829419, "params": {"eta": 0.539774500162045, "max_depth": 10.169806793040582, "n_estimators": 28.65302295597229}, "datetime": {"datetime": "2021-09-24 12:37:16", "elapsed": 67.971298, "delta": 0.595003}}
{"target": 0.3057912363720634, "params": {"eta": 0.17887734042607145, "max_depth": 12.75172973289246, "n_estimators": 25.5176782802576}, "datetime": {"datetime": "2021-09-24 12:37:16", "elapsed": 68.634386, "delta": 0.663088}}
{"target": 0.2400761988108483, "params": {"eta": 0.4328680205587718, "max_depth": 13.748770254402956, "n_estimators": 26.44472726716309}, "datetime": {"datetime": "2021-09-24 12:37:17", "elapsed": 69.366388, "delta": 0.732002}}
{"target": 0.21870247031330048, "params": {"eta": 0.52010779482472, "max_depth": 11.598630895544233, "n_estimators": 25.77169611938783}, "datetime": {"datetime": "2021-09-24 12:37:18", "elapsed": 70.053411, "delta": 0.687023}}
{"target": 0.2686822567133236, "params": {"eta": 0.34426460035755396, "max_depth": 13.192139540361737, "n_estimators": 28.21812902668286}, "datetime": {"datetime": "2021-09-24 12:37:18", "elapsed": 70.83719, "delta": 0.783779}}
{"target": 0.2081530800280521, "params": {"eta": 0.5310983577268111, "max_depth": 8.75173723574544, "n_estimators": 43.959232311638814}, "datetime": {"datetime": "2021-09-24 12:37:19", "elapsed": 71.595825, "delta": 0.758635}}
{"target": 0.22412837476903902, "params": {"eta": 0.08, "max_depth": 13.457141619686585, "n_estimators": 24.068915605382013}, "datetime": {"datetime": "2021-09-24 12:37:20", "elapsed": 72.302427, "delta": 0.706602}}
{"target": 0.14190482295991136, "params": {"eta": 0.6, "max_depth": 14.492379981553846, "n_estimators": 29.423646871198233}, "datetime": {"datetime": "2021-09-24 12:37:21", "elapsed": 73.066427, "delta": 0.764}}
{"target": 0.09003871203196145, "params": {"eta": 0.5762275668025426, "max_depth": 9.57413401245985, "n_estimators": 27.80780910260608}, "datetime": {"datetime": "2021-09-24 12:37:21", "elapsed": 73.850427, "delta": 0.784}}
{"target": 0.28275256118450276, "params": {"eta": 0.25908832435253526, "max_depth": 7.942260413043047, "n_estimators": 25.74191749386063}, "datetime": {"datetime": "2021-09-24 12:37:22", "elapsed": 74.35759, "delta": 0.507163}}
{"target": 0.33673222598181907, "params": {"eta": 0.3195846935134743, "max_depth": 7.666825544225476, "n_estimators": 25.647931005881773}, "datetime": {"datetime": "2021-09-24 12:37:23", "elapsed": 75.202588, "delta": 0.844998}}
{"target": 0.3348005593234671, "params": {"eta": 0.16709819965748124, "max_depth": 7.659002520579525, "n_estimators": 25.91191188025871}, "datetime": {"datetime": "2021-09-24 12:37:23", "elapsed": 75.718872, "delta": 0.516284}}
{"target": 0.31750450066020774, "params": {"eta": 0.21928240922343745, "max_depth": 7.953943477717989, "n_estimators": 26.11090329721503}, "datetime": {"datetime": "2021-09-24 12:37:24", "elapsed": 76.304386, "delta": 0.585514}}
{"target": 0.2975473739633757, "params": {"eta": 0.09945373144397968, "max_depth": 10.586494790070514, "n_estimators": 42.420975181454196}, "datetime": {"datetime": "2021-09-24 12:37:25", "elapsed": 76.942813, "delta": 0.638427}}
{"target": 0.1465191082945344, "params": {"eta": 0.28081539898131563, "max_depth": 9.926082556439976, "n_estimators": 6.643459010253611}, "datetime": {"datetime": "2021-09-24 12:37:25", "elapsed": 77.321814, "delta": 0.379001}}
{"target": 0.05367037063530644, "params": {"eta": 0.572663036643812, "max_depth": 16.229106583212573, "n_estimators": 49.24258258057898}, "datetime": {"datetime": "2021-09-24 12:37:26", "elapsed": 77.935811, "delta": 0.613997}}
{"target": 0.3185784550353574, "params": {"eta": 0.13019635083858278, "max_depth": 10.672364736733162, "n_estimators": 42.63891476103649}, "datetime": {"datetime": "2021-09-24 12:37:26", "elapsed": 78.587642, "delta": 0.651831}}
{"target": 0.1932090624480648, "params": {"eta": 0.4991132673111595, "max_depth": 11.311638833183308, "n_estimators": 46.56298614588984}, "datetime": {"datetime": "2021-09-24 12:37:27", "elapsed": 79.250639, "delta": 0.662997}}
{"target": 0.30967838925018343, "params": {"eta": 0.08981111662208295, "max_depth": 7.859304731687038, "n_estimators": 25.824253322103843}, "datetime": {"datetime": "2021-09-24 12:37:27", "elapsed": 79.850639, "delta": 0.6}}
{"target": 0.3566858047920999, "params": {"eta": 0.35572189957967043, "max_depth": 7.838942500151515, "n_estimators": 25.919392031209718}, "datetime": {"datetime": "2021-09-24 12:37:28", "elapsed": 80.535237, "delta": 0.684598}}
{"target": 0.3235769954908201, "params": {"eta": 0.16336063155626374, "max_depth": 10.299649708673927, "n_estimators": 42.69287358881433}, "datetime": {"datetime": "2021-09-24 12:37:29", "elapsed": 81.214144, "delta": 0.678907}}
{"target": 0.26925135675577516, "params": {"eta": 0.2535184575790236, "max_depth": 9.226275113114209, "n_estimators": 31.24726111121226}, "datetime": {"datetime": "2021-09-24 12:37:30", "elapsed": 82.010639, "delta": 0.796495}}
{"target": 0.29911680094277737, "params": {"eta": 0.36794020001297933, "max_depth": 10.51571991883375, "n_estimators": 42.591567273537905}, "datetime": {"datetime": "2021-09-24 12:37:30", "elapsed": 82.6925, "delta": 0.681861}}
{"target": 0.15037454372706227, "params": {"eta": 0.5070460433176048, "max_depth": 16.35274938741572, "n_estimators": 44.840114860364395}, "datetime": {"datetime": "2021-09-24 12:37:31", "elapsed": 83.323502, "delta": 0.631002}}
{"target": 0.2234420591088101, "params": {"eta": 0.3146588432168033, "max_depth": 9.08903819742329, "n_estimators": 31.597427650490058}, "datetime": {"datetime": "2021-09-24 12:37:32", "elapsed": 83.937501, "delta": 0.613999}}
{"target": 0.35573961517883557, "params": {"eta": 0.3444700883837752, "max_depth": 9.605374588348068, "n_estimators": 31.51687005543046}, "datetime": {"datetime": "2021-09-24 12:37:32", "elapsed": 84.616914, "delta": 0.679413}}
{"target": 0.28523175893699215, "params": {"eta": 0.34685266972442114, "max_depth": 17.494955504039726, "n_estimators": 27.06870644226745}, "datetime": {"datetime": "2021-09-24 12:37:33", "elapsed": 85.361913, "delta": 0.744999}}
{"target": 0.20407149744416753, "params": {"eta": 0.5186523343412784, "max_depth": 9.296415511793604, "n_estimators": 28.482323933505324}, "datetime": {"datetime": "2021-09-24 12:37:34", "elapsed": 85.931521, "delta": 0.569608}}
{"target": 0.12365715251338727, "params": {"eta": 0.5888767368298511, "max_depth": 9.403130041800395, "n_estimators": 31.350892422740777}, "datetime": {"datetime": "2021-09-24 12:37:34", "elapsed": 86.506177, "delta": 0.574656}}
{"target": 0.3296029650342689, "params": {"eta": 0.20315040344020718, "max_depth": 9.511230175264046, "n_estimators": 31.63850776949552}, "datetime": {"datetime": "2021-09-24 12:37:35", "elapsed": 87.224176, "delta": 0.717999}}
{"target": 0.32884206606986, "params": {"eta": 0.15275636661317332, "max_depth": 9.4650579032743, "n_estimators": 31.377101276061495}, "datetime": {"datetime": "2021-09-24 12:37:36", "elapsed": 87.937176, "delta": 0.713}}
{"target": 0.31443857987755275, "params": {"eta": 0.09025757264669872, "max_depth": 10.34163150253946, "n_estimators": 42.4464892315386}, "datetime": {"datetime": "2021-09-24 12:37:36", "elapsed": 88.771281, "delta": 0.834105}}
{"target": 0.28406015399179285, "params": {"eta": 0.2599033747901049, "max_depth": 7.3520652180165635, "n_estimators": 23.255401969133462}, "datetime": {"datetime": "2021-09-24 12:37:37", "elapsed": 89.302276, "delta": 0.530995}}
{"target": 0.29122464738414444, "params": {"eta": 0.31228384052263763, "max_depth": 7.093009517705285, "n_estimators": 22.969652774176232}, "datetime": {"datetime": "2021-09-24 12:37:38", "elapsed": 89.983279, "delta": 0.681003}}
{"target": 0.24278364436366073, "params": {"eta": 0.42367403573595225, "max_depth": 9.72917000607072, "n_estimators": 28.630281638947192}, "datetime": {"datetime": "2021-09-24 12:37:38", "elapsed": 90.679134, "delta": 0.695855}}
{"target": 0.3126575832504551, "params": {"eta": 0.14918401580674437, "max_depth": 9.826689678776592, "n_estimators": 31.340038065516854}, "datetime": {"datetime": "2021-09-24 12:37:39", "elapsed": 91.589733, "delta": 0.910599}}
{"target": 0.29875166141690757, "params": {"eta": 0.1855251209249304, "max_depth": 8.322990603101807, "n_estimators": 40.038425095249735}, "datetime": {"datetime": "2021-09-24 12:37:40", "elapsed": 92.219331, "delta": 0.629598}}
{"target": 0.281167654023625, "params": {"eta": 0.08748885082113624, "max_depth": 9.450966733956337, "n_estimators": 28.728585036538444}, "datetime": {"datetime": "2021-09-24 12:37:41", "elapsed": 93.141041, "delta": 0.92171}}
{"target": 0.0810021618365171, "params": {"eta": 0.5562910774867611, "max_depth": 10.197503535028611, "n_estimators": 49.03099844530736}, "datetime": {"datetime": "2021-09-24 12:37:41", "elapsed": 93.778042, "delta": 0.637001}}
{"target": 0.17100204220417903, "params": {"eta": 0.49164211917804507, "max_depth": 8.454387773692542, "n_estimators": 39.827691238295685}, "datetime": {"datetime": "2021-09-24 12:37:42", "elapsed": 94.425811, "delta": 0.647769}}
{"target": 0.3194690704321618, "params": {"eta": 0.09709911550910634, "max_depth": 9.508308543169578, "n_estimators": 28.285398761383476}, "datetime": {"datetime": "2021-09-24 12:37:43", "elapsed": 95.365018, "delta": 0.939207}}
{"target": 0.2732575668741162, "params": {"eta": 0.1307684583679906, "max_depth": 16.962368582562412, "n_estimators": 22.134189069460056}, "datetime": {"datetime": "2021-09-24 12:37:44", "elapsed": 95.911831, "delta": 0.546813}}
{"target": 0.2910074979857802, "params": {"eta": 0.22496418077328828, "max_depth": 9.915776079251664, "n_estimators": 31.688941504341507}, "datetime": {"datetime": "2021-09-24 12:37:44", "elapsed": 96.705706, "delta": 0.793875}}
{"target": -1.3755536175034946, "params": {"eta": 0.14622811862961735, "max_depth": 16.056439044984938, "n_estimators": 3.723776544783723}, "datetime": {"datetime": "2021-09-24 12:37:45", "elapsed": 97.171708, "delta": 0.466002}}
{"target": 0.1693402576670987, "params": {"eta": 0.5375049308855464, "max_depth": 16.671610220852532, "n_estimators": 22.036645351707794}, "datetime": {"datetime": "2021-09-24 12:37:45", "elapsed": 97.798703, "delta": 0.626995}}
{"target": 0.3089457359359665, "params": {"eta": 0.11877776079301443, "max_depth": 7.914368727459281, "n_estimators": 39.96599800084048}, "datetime": {"datetime": "2021-09-24 12:37:46", "elapsed": 98.581495, "delta": 0.782792}}
{"target": 0.28941130626181955, "params": {"eta": 0.2012284792004445, "max_depth": 7.502857145276568, "n_estimators": 40.04044888593017}, "datetime": {"datetime": "2021-09-24 12:37:47", "elapsed": 99.272501, "delta": 0.691006}}
{"target": 0.29846622192843997, "params": {"eta": 0.38893431964505304, "max_depth": 10.25406630055006, "n_estimators": 31.45170017099653}, "datetime": {"datetime": "2021-09-24 12:37:48", "elapsed": 100.214498, "delta": 0.941997}}
{"target": 0.2825538300534074, "params": {"eta": 0.3283836662031792, "max_depth": 7.401884055168264, "n_estimators": 40.56570523643928}, "datetime": {"datetime": "2021-09-24 12:37:49", "elapsed": 101.192498, "delta": 0.978}}
{"target": 0.2830851005587215, "params": {"eta": 0.15619535084868702, "max_depth": 10.685297183584174, "n_estimators": 31.45403720201101}, "datetime": {"datetime": "2021-09-24 12:37:50", "elapsed": 102.036502, "delta": 0.844004}}
{"target": 0.3012427465155785, "params": {"eta": 0.08085695465738381, "max_depth": 9.046672996738021, "n_estimators": 30.786487594051668}, "datetime": {"datetime": "2021-09-24 12:37:50", "elapsed": 102.650501, "delta": 0.613999}}
{"target": 0.21608808108722466, "params": {"eta": 0.40559810975705546, "max_depth": 12.7821155003411, "n_estimators": 26.74896900805176}, "datetime": {"datetime": "2021-09-24 12:37:51", "elapsed": 103.468502, "delta": 0.818001}}
{"target": 0.13503297140793935, "params": {"eta": 0.5220324710936448, "max_depth": 7.936540725363873, "n_estimators": 40.46483213920222}, "datetime": {"datetime": "2021-09-24 12:37:52", "elapsed": 104.097499, "delta": 0.628997}}
{"target": 0.3338699038621765, "params": {"eta": 0.15418067295771853, "max_depth": 7.929610804748021, "n_estimators": 39.49308398418281}, "datetime": {"datetime": "2021-09-24 12:37:52", "elapsed": 104.851498, "delta": 0.753999}}
{"target": -1.7998155793250734, "params": {"eta": 0.30596602319664656, "max_depth": 11.533493234694296, "n_estimators": 1.9337183892695327}, "datetime": {"datetime": "2021-09-24 12:37:53", "elapsed": 105.346495, "delta": 0.494997}}
{"target": 0.2676532660492902, "params": {"eta": 0.19858914863640187, "max_depth": 8.286560090614044, "n_estimators": 39.093287950829975}, "datetime": {"datetime": "2021-09-24 12:37:54", "elapsed": 106.543053, "delta": 1.196558}}
{"target": 0.2500968543643126, "params": {"eta": 0.5250945424685017, "max_depth": 10.726807244267398, "n_estimators": 31.946450573496683}, "datetime": {"datetime": "2021-09-24 12:37:55", "elapsed": 107.484053, "delta": 0.941}}
{"target": 0.2251248903972235, "params": {"eta": 0.4156868539495489, "max_depth": 11.121225978867187, "n_estimators": 36.30452557280208}, "datetime": {"datetime": "2021-09-24 12:37:56", "elapsed": 108.184053, "delta": 0.7}}
