{"target": 0.4364791454163025, "params": {"eta": 0.3025981262829303, "max_depth": 1.6664735806705675, "n_estimators": 25.274002107486524}, "datetime": {"datetime": "2021-09-24 13:53:56", "elapsed": 322.466433, "delta": 3.694718}}
{"target": 0.4405279110244733, "params": {"eta": 0.29438199016784355, "max_depth": 1.1090638695471187, "n_estimators": 24.115790505930015}, "datetime": {"datetime": "2021-09-24 13:53:58", "elapsed": 324.612971, "delta": 2.146538}}
{"target": 0.46500700450317267, "params": {"eta": 0.380934687774052, "max_depth": 1.3487438774641025, "n_estimators": 24.97449731110862}, "datetime": {"datetime": "2021-09-24 13:54:02", "elapsed": 328.611526, "delta": 3.998555}}
{"target": 0.42420799462376346, "params": {"eta": 0.5166012971375081, "max_depth": 1.323754088233958, "n_estimators": 25.35755724151255}, "datetime": {"datetime": "2021-09-24 13:54:05", "elapsed": 331.699209, "delta": 3.087683}}
{"target": 0.2936582032365609, "params": {"eta": 0.41030842810365814, "max_depth": 2.528816655415767, "n_estimators": 80.92604477531722}, "datetime": {"datetime": "2021-09-24 13:54:07", "elapsed": 333.217341, "delta": 1.518132}}
{"target": 0.37724122976013064, "params": {"eta": 0.5192028423277019, "max_depth": 2.7555396249910866, "n_estimators": 21.832681343110377}, "datetime": {"datetime": "2021-09-24 13:54:08", "elapsed": 334.672309, "delta": 1.454968}}
{"target": 0.39406605787800864, "params": {"eta": 0.4938272877162241, "max_depth": 1.0496152990041407, "n_estimators": 82.81567345756815}, "datetime": {"datetime": "2021-09-24 13:54:10", "elapsed": 336.646787, "delta": 1.974478}}
{"target": 0.3238999029481351, "params": {"eta": 0.18863678890199223, "max_depth": 3.8442530051831802, "n_estimators": 76.87877111746177}, "datetime": {"datetime": "2021-09-24 13:54:12", "elapsed": 338.950363, "delta": 2.303576}}
{"target": 0.33031246014751225, "params": {"eta": 0.5261164855347794, "max_depth": 2.8952190911471867, "n_estimators": 44.719166704046856}, "datetime": {"datetime": "2021-09-24 13:54:14", "elapsed": 340.459228, "delta": 1.508865}}
{"target": 0.2225382165719536, "params": {"eta": 0.41768270061739043, "max_depth": 3.0710798496827123, "n_estimators": 43.923521604018156}, "datetime": {"datetime": "2021-09-24 13:54:15", "elapsed": 341.993323, "delta": 1.534095}}
{"target": -1.3026543689049124, "params": {"eta": 0.05647113892840055, "max_depth": 2.151713357564537, "n_estimators": 8.80723110577768}, "datetime": {"datetime": "2021-09-24 13:54:17", "elapsed": 343.38356, "delta": 1.390237}}
{"target": 0.4261720986479477, "params": {"eta": 0.29394760798445924, "max_depth": 1.6979200830817986, "n_estimators": 11.082751459740201}, "datetime": {"datetime": "2021-09-24 13:54:18", "elapsed": 344.918987, "delta": 1.535427}}
{"target": 0.2376398286041832, "params": {"eta": 0.5865897427184188, "max_depth": 2.1187144521439896, "n_estimators": 94.31049232728427}, "datetime": {"datetime": "2021-09-24 13:54:20", "elapsed": 346.53366, "delta": 1.614673}}
{"target": 0.3522554517621411, "params": {"eta": 0.2096303527962295, "max_depth": 3.294820331872634, "n_estimators": 65.01070105292492}, "datetime": {"datetime": "2021-09-24 13:54:22", "elapsed": 348.298823, "delta": 1.765163}}
{"target": 0.42105608536266537, "params": {"eta": 0.12373855637206346, "max_depth": 3.1478375102909117, "n_estimators": 67.10414229455404}, "datetime": {"datetime": "2021-09-24 13:54:23", "elapsed": 349.827033, "delta": 1.52821}}
{"target": 0.43344558521252274, "params": {"eta": 0.24211748974294986, "max_depth": 3.312951118809802, "n_estimators": 37.18403028605622}, "datetime": {"datetime": "2021-09-24 13:54:25", "elapsed": 351.651697, "delta": 1.824664}}
{"target": 0.4146184856739267, "params": {"eta": 0.16774475134089187, "max_depth": 3.3071810916105977, "n_estimators": 36.72939789911042}, "datetime": {"datetime": "2021-09-24 13:54:27", "elapsed": 353.615716, "delta": 1.964019}}
{"target": 0.46032025566046963, "params": {"eta": 0.193213113140585, "max_depth": 2.6463158209148103, "n_estimators": 26.72195417195689}, "datetime": {"datetime": "2021-09-24 13:54:29", "elapsed": 355.742083, "delta": 2.126367}}
{"target": 0.40046870156825776, "params": {"eta": 0.13444403374520614, "max_depth": 1.493813185251353, "n_estimators": 19.245123688951704}, "datetime": {"datetime": "2021-09-24 13:54:30", "elapsed": 357.169006, "delta": 1.426923}}
{"target": 0.34301084480940713, "params": {"eta": 0.39798504416596586, "max_depth": 2.180012346829091, "n_estimators": 47.2763324741953}, "datetime": {"datetime": "2021-09-24 13:54:32", "elapsed": 358.616284, "delta": 1.447278}}
{"target": 0.4319064286923211, "params": {"eta": 0.41802696136431633, "max_depth": 1.364586040862314, "n_estimators": 11.012182150554867}, "datetime": {"datetime": "2021-09-24 13:54:36", "elapsed": 362.968186, "delta": 4.351902}}
{"target": 0.39713456366321576, "params": {"eta": 0.19253563285257738, "max_depth": 2.4804405080351946, "n_estimators": 99.4826019706416}, "datetime": {"datetime": "2021-09-24 13:54:38", "elapsed": 364.791377, "delta": 1.823191}}
{"target": 0.12571848575859612, "params": {"eta": 0.5589903992463583, "max_depth": 3.7874803764185057, "n_estimators": 89.14487651982968}, "datetime": {"datetime": "2021-09-24 13:54:40", "elapsed": 366.471814, "delta": 1.680437}}
{"target": 0.3723953872482135, "params": {"eta": 0.27021371951652323, "max_depth": 3.4727155217162364, "n_estimators": 39.6187827815279}, "datetime": {"datetime": "2021-09-24 13:54:41", "elapsed": 368.177829, "delta": 1.706015}}
{"target": 0.41211815911374095, "params": {"eta": 0.5185392513603287, "max_depth": 1.5563997143809645, "n_estimators": 11.27884340552601}, "datetime": {"datetime": "2021-09-24 13:54:45", "elapsed": 371.289875, "delta": 3.112046}}
{"target": 0.39561185089107054, "params": {"eta": 0.14680207252737212, "max_depth": 3.726585948620512, "n_estimators": 60.515675449714706}, "datetime": {"datetime": "2021-09-24 13:54:46", "elapsed": 372.797736, "delta": 1.507861}}
{"target": 0.36907009866488116, "params": {"eta": 0.3907687851669237, "max_depth": 3.6875954875996086, "n_estimators": 25.434544138717992}, "datetime": {"datetime": "2021-09-24 13:54:48", "elapsed": 374.42141, "delta": 1.623674}}
{"target": 0.2712467787146431, "params": {"eta": 0.4063804075203313, "max_depth": 3.322408433069798, "n_estimators": 95.31760310000028}, "datetime": {"datetime": "2021-09-24 13:54:49", "elapsed": 376.164477, "delta": 1.743067}}
{"target": 0.44678739190128913, "params": {"eta": 0.23254650534626153, "max_depth": 1.9917890142084935, "n_estimators": 83.48847692745635}, "datetime": {"datetime": "2021-09-24 13:54:51", "elapsed": 377.805918, "delta": 1.641441}}
{"target": 0.4138822131790191, "params": {"eta": 0.19806571431869557, "max_depth": 2.656216975597195, "n_estimators": 66.52462009632721}, "datetime": {"datetime": "2021-09-24 13:54:53", "elapsed": 379.505271, "delta": 1.699353}}
{"target": 0.28455761119622214, "params": {"eta": 0.5556260273514623, "max_depth": 3.106373354660554, "n_estimators": 23.089776855352213}, "datetime": {"datetime": "2021-09-24 13:54:55", "elapsed": 381.653392, "delta": 2.148121}}
{"target": 0.3703611884350053, "params": {"eta": 0.23645721595920524, "max_depth": 2.85438036193998, "n_estimators": 90.64451520376103}, "datetime": {"datetime": "2021-09-24 13:54:58", "elapsed": 384.747613, "delta": 3.094221}}
{"target": 0.4214261753341063, "params": {"eta": 0.4074393281624402, "max_depth": 1.5841467783635517, "n_estimators": 96.8732769362465}, "datetime": {"datetime": "2021-09-24 13:55:00", "elapsed": 386.994038, "delta": 2.246425}}
{"target": 0.4431425143639257, "params": {"eta": 0.10660044063988791, "max_depth": 1.3051957592468528, "n_estimators": 60.2578400804627}, "datetime": {"datetime": "2021-09-24 13:55:02", "elapsed": 388.725084, "delta": 1.731046}}
{"target": -0.015625956916187622, "params": {"eta": 0.022940587176319128, "max_depth": 2.1389068172348047, "n_estimators": 49.539386418898545}, "datetime": {"datetime": "2021-09-24 13:55:06", "elapsed": 392.902084, "delta": 4.177}}
{"target": 0.42247212038551285, "params": {"eta": 0.5198863971892248, "max_depth": 1.0129907639643951, "n_estimators": 24.487533594655275}, "datetime": {"datetime": "2021-09-24 13:55:12", "elapsed": 398.867256, "delta": 5.965172}}
{"target": 0.41324890621471655, "params": {"eta": 0.06513088880314925, "max_depth": 2.609291107443721, "n_estimators": 37.89696053684019}, "datetime": {"datetime": "2021-09-24 13:55:15", "elapsed": 401.274557, "delta": 2.407301}}
{"target": 0.4057145690439866, "params": {"eta": 0.2552537987678607, "max_depth": 2.2591206620490456, "n_estimators": 56.161954618485765}, "datetime": {"datetime": "2021-09-24 13:55:16", "elapsed": 403.16695, "delta": 1.892393}}
{"target": 0.4386370314723954, "params": {"eta": 0.17152077286066225, "max_depth": 1.7366770418604427, "n_estimators": 24.743727842131765}, "datetime": {"datetime": "2021-09-24 13:55:21", "elapsed": 407.550742, "delta": 4.383792}}
{"target": 0.4242199394193269, "params": {"eta": 0.14169496447576882, "max_depth": 2.9417193987568577, "n_estimators": 73.28510251544851}, "datetime": {"datetime": "2021-09-24 13:55:24", "elapsed": 410.316373, "delta": 2.765631}}
{"target": 0.4019017496830184, "params": {"eta": 0.459919928515824, "max_depth": 1.765251674455119, "n_estimators": 94.15906771646296}, "datetime": {"datetime": "2021-09-24 13:55:26", "elapsed": 413.123307, "delta": 2.806934}}
{"target": 0.35258038779747847, "params": {"eta": 0.4082621254206377, "max_depth": 2.2570016236380424, "n_estimators": 38.71797178331882}, "datetime": {"datetime": "2021-09-24 13:55:28", "elapsed": 414.946798, "delta": 1.823491}}
{"target": 0.4526993170885434, "params": {"eta": 0.2367250735149079, "max_depth": 1.3077036202176981, "n_estimators": 46.428981837357696}, "datetime": {"datetime": "2021-09-24 13:55:31", "elapsed": 418.138444, "delta": 3.191646}}
{"target": 0.4201852559827325, "params": {"eta": 0.16842389611091857, "max_depth": 2.668189757855082, "n_estimators": 81.73721161419746}, "datetime": {"datetime": "2021-09-24 13:55:33", "elapsed": 420.200259, "delta": 2.061815}}
{"target": 0.20332518672114364, "params": {"eta": 0.5007289421966418, "max_depth": 3.018821927764035, "n_estimators": 58.917760123949336}, "datetime": {"datetime": "2021-09-24 13:55:36", "elapsed": 422.224406, "delta": 2.024147}}
{"target": 0.42174614143559297, "params": {"eta": 0.1159171077447031, "max_depth": 3.5024668247586757, "n_estimators": 39.66418502279832}, "datetime": {"datetime": "2021-09-24 13:55:37", "elapsed": 424.120529, "delta": 1.896123}}
{"target": 0.3777098047980588, "params": {"eta": 0.5597390916618575, "max_depth": 2.56192105288305, "n_estimators": 23.626153972721227}, "datetime": {"datetime": "2021-09-24 13:55:39", "elapsed": 425.92569, "delta": 1.805161}}
{"target": 0.2725515543936877, "params": {"eta": 0.4543304485391136, "max_depth": 2.876897851333449, "n_estimators": 62.578779224376305}, "datetime": {"datetime": "2021-09-24 13:55:42", "elapsed": 428.66709, "delta": 2.7414}}
{"target": 0.39908515031815994, "params": {"eta": 0.038079500120678525, "max_depth": 1.2721968818832838, "n_estimators": 71.53116075892831}, "datetime": {"datetime": "2021-09-24 13:55:44", "elapsed": 430.635971, "delta": 1.968881}}
{"target": 0.45281635503101525, "params": {"eta": 0.21531796154830832, "max_depth": 1.847287091385991, "n_estimators": 60.624619754070004}, "datetime": {"datetime": "2021-09-24 13:55:48", "elapsed": 435.113356, "delta": 4.477385}}
{"target": 0.4144029398289434, "params": {"eta": 0.20746825461808674, "max_depth": 3.27001901803356, "n_estimators": 12.946983509893847}, "datetime": {"datetime": "2021-09-24 13:55:51", "elapsed": 437.699045, "delta": 2.585689}}
{"target": 0.04966865218015193, "params": {"eta": 0.02071494785085856, "max_depth": 2.321040258553688, "n_estimators": 58.61826386052721}, "datetime": {"datetime": "2021-09-24 13:55:53", "elapsed": 439.609965, "delta": 1.91092}}
{"target": 0.32546430703652973, "params": {"eta": 0.13036079826525776, "max_depth": 2.492677951690874, "n_estimators": 13.542152219617789}, "datetime": {"datetime": "2021-09-24 13:55:55", "elapsed": 441.4996, "delta": 1.889635}}
{"target": 0.4139322826340045, "params": {"eta": 0.36122901795554885, "max_depth": 2.2515341189682543, "n_estimators": 36.61058450267244}, "datetime": {"datetime": "2021-09-24 13:55:58", "elapsed": 444.561813, "delta": 3.062213}}
{"target": 0.43848761504780975, "params": {"eta": 0.19682453201590075, "max_depth": 1.2944072437610852, "n_estimators": 24.53420140185303}, "datetime": {"datetime": "2021-09-24 13:56:02", "elapsed": 449.045963, "delta": 4.48415}}
{"target": 0.18103475898182264, "params": {"eta": 0.5384522116549261, "max_depth": 3.699404128402037, "n_estimators": 36.44657216896445}, "datetime": {"datetime": "2021-09-24 13:56:05", "elapsed": 451.859293, "delta": 2.81333}}
{"target": 0.4078341773049966, "params": {"eta": 0.5893837406270083, "max_depth": 1.7301833771599198, "n_estimators": 10.935863704239745}, "datetime": {"datetime": "2021-09-24 13:56:09", "elapsed": 455.215875, "delta": 3.356582}}
{"target": 0.3798643313847514, "params": {"eta": 0.2807803226683943, "max_depth": 2.987731358769423, "n_estimators": 82.59434190004828}, "datetime": {"datetime": "2021-09-24 13:56:11", "elapsed": 457.306228, "delta": 2.090353}}
{"target": 0.3998270143180279, "params": {"eta": 0.20076324279828595, "max_depth": 1.384171188873541, "n_estimators": 13.685632980778331}, "datetime": {"datetime": "2021-09-24 13:56:13", "elapsed": 459.94404, "delta": 2.637812}}
{"target": 0.42009355375627433, "params": {"eta": 0.5110072071605221, "max_depth": 1.7517317808619546, "n_estimators": 13.536664360714331}, "datetime": {"datetime": "2021-09-24 13:56:18", "elapsed": 464.594751, "delta": 4.650711}}
{"target": 0.3710693124737344, "params": {"eta": 0.4345646574496803, "max_depth": 3.298764887815234, "n_estimators": 15.076987680866221}, "datetime": {"datetime": "2021-09-24 13:56:20", "elapsed": 466.638092, "delta": 2.043341}}
{"target": 0.29512262988770965, "params": {"eta": 0.5446411157757804, "max_depth": 2.3975250709839733, "n_estimators": 77.82787591877847}, "datetime": {"datetime": "2021-09-24 13:56:22", "elapsed": 468.749957, "delta": 2.111865}}
{"target": 0.3898211597118656, "params": {"eta": 0.6, "max_depth": 1.535927134022638, "n_estimators": 46.33135737380061}, "datetime": {"datetime": "2021-09-24 13:56:26", "elapsed": 472.749143, "delta": 3.999186}}
{"target": 0.4109433163526307, "params": {"eta": 0.1357385401473024, "max_depth": 2.1015012467364595, "n_estimators": 86.53417373337255}, "datetime": {"datetime": "2021-09-24 13:56:28", "elapsed": 474.839914, "delta": 2.090771}}
{"target": 0.43413606232984203, "params": {"eta": 0.3722620381457537, "max_depth": 1.6619202411407912, "n_estimators": 98.35668593465452}, "datetime": {"datetime": "2021-09-24 13:56:32", "elapsed": 478.545292, "delta": 3.705378}}
{"target": 0.2751713420626942, "params": {"eta": 0.4328432524623246, "max_depth": 3.282927633199951, "n_estimators": 86.60062855533174}, "datetime": {"datetime": "2021-09-24 13:56:35", "elapsed": 481.482782, "delta": 2.93749}}
{"target": 0.43728581052469806, "params": {"eta": 0.04498679297161067, "max_depth": 3.860344991892403, "n_estimators": 96.11937343545154}, "datetime": {"datetime": "2021-09-24 13:56:37", "elapsed": 483.740189, "delta": 2.257407}}
{"target": 0.436730158503696, "params": {"eta": 0.2931645122548427, "max_depth": 1.7554582750206147, "n_estimators": 60.15324379907924}, "datetime": {"datetime": "2021-09-24 13:56:41", "elapsed": 487.878713, "delta": 4.138524}}
{"target": 0.4505942730974368, "params": {"eta": 0.08783245172639531, "max_depth": 2.6117342978427525, "n_estimators": 89.14312066309402}, "datetime": {"datetime": "2021-09-24 13:56:44", "elapsed": 490.707758, "delta": 2.829045}}
{"target": 0.405942124723206, "params": {"eta": 0.36043015804307077, "max_depth": 2.0903985421717115, "n_estimators": 60.95454692068065}, "datetime": {"datetime": "2021-09-24 13:56:49", "elapsed": 495.809179, "delta": 5.101421}}
{"target": 0.41161616992290895, "params": {"eta": 0.12856293780515662, "max_depth": 2.268541372072958, "n_estimators": 93.09093851383747}, "datetime": {"datetime": "2021-09-24 13:56:51", "elapsed": 497.893701, "delta": 2.084522}}
{"target": 0.3807270054221146, "params": {"eta": 0.5483642318956929, "max_depth": 1.4935545268583392, "n_estimators": 94.60871337711755}, "datetime": {"datetime": "2021-09-24 13:56:53", "elapsed": 499.963375, "delta": 2.069674}}
{"target": 0.25911202660015764, "params": {"eta": 0.10782958331235128, "max_depth": 3.5577408009254907, "n_estimators": 14.489492105884402}, "datetime": {"datetime": "2021-09-24 13:56:55", "elapsed": 501.904318, "delta": 1.940943}}
{"target": 0.3330235768371107, "params": {"eta": 0.02270982657000904, "max_depth": 1.683274847336161, "n_estimators": 89.93979951368387}, "datetime": {"datetime": "2021-09-24 13:56:58", "elapsed": 504.528108, "delta": 2.62379}}
{"target": 0.43155170041811386, "params": {"eta": 0.27300651147783955, "max_depth": 1.6463856167907913, "n_estimators": 98.81007438613027}, "datetime": {"datetime": "2021-09-24 13:57:00", "elapsed": 506.530108, "delta": 2.002}}
{"target": 0.4073487650153844, "params": {"eta": 0.15647532957343221, "max_depth": 2.9924740712101108, "n_estimators": 89.28151006466041}, "datetime": {"datetime": "2021-09-24 13:57:02", "elapsed": 508.693108, "delta": 2.163}}
{"target": 0.2589487810726352, "params": {"eta": 0.352418371838459, "max_depth": 3.660035637587267, "n_estimators": 54.86770612495635}, "datetime": {"datetime": "2021-09-24 13:57:05", "elapsed": 511.546734, "delta": 2.853626}}
{"target": 0.4234199626565107, "params": {"eta": 0.20849868809518146, "max_depth": 3.846259812528613, "n_estimators": 26.278943889338873}, "datetime": {"datetime": "2021-09-24 13:57:07", "elapsed": 513.474535, "delta": 1.927801}}
{"target": 0.33404383779635205, "params": {"eta": 0.21726926103955424, "max_depth": 3.1475515980594566, "n_estimators": 66.57016178612727}, "datetime": {"datetime": "2021-09-24 13:57:10", "elapsed": 516.419593, "delta": 2.945058}}
{"target": 0.2608978314504967, "params": {"eta": 0.533747500875174, "max_depth": 3.7857074051088206, "n_estimators": 25.972176803626688}, "datetime": {"datetime": "2021-09-24 13:57:14", "elapsed": 520.299809, "delta": 3.880216}}
{"target": 0.3935982856491227, "params": {"eta": 0.5349025924591027, "max_depth": 1.576626713494748, "n_estimators": 60.57131788397877}, "datetime": {"datetime": "2021-09-24 13:57:18", "elapsed": 524.76687, "delta": 4.467061}}
{"target": 0.2698512463778421, "params": {"eta": 0.4442601952824354, "max_depth": 3.0869419867799524, "n_estimators": 21.947387541697314}, "datetime": {"datetime": "2021-09-24 13:57:21", "elapsed": 527.337868, "delta": 2.570998}}
{"target": 0.4390955066435732, "params": {"eta": 0.4281711486798276, "max_depth": 1.0559817882055647, "n_estimators": 53.24974294298928}, "datetime": {"datetime": "2021-09-24 13:57:23", "elapsed": 529.425349, "delta": 2.087481}}
{"target": 0.45042645843041296, "params": {"eta": 0.19071985394663657, "max_depth": 1.7519579205225089, "n_estimators": 72.93179256629445}, "datetime": {"datetime": "2021-09-24 13:57:26", "elapsed": 532.400197, "delta": 2.974848}}
{"target": 0.4096427143672059, "params": {"eta": 0.3134260859056453, "max_depth": 1.9139572963446563, "n_estimators": 9.483216125729449}, "datetime": {"datetime": "2021-09-24 13:57:28", "elapsed": 534.511807, "delta": 2.11161}}
{"target": 0.4212970852560759, "params": {"eta": 0.23611335735288028, "max_depth": 1.5607177645239154, "n_estimators": 13.23395862534446}, "datetime": {"datetime": "2021-09-24 13:57:32", "elapsed": 539.04468, "delta": 4.532873}}
{"target": 0.4201265098348542, "params": {"eta": 0.0676083646904687, "max_depth": 3.6025777936689662, "n_estimators": 72.45373054626609}, "datetime": {"datetime": "2021-09-24 13:57:34", "elapsed": 541.171848, "delta": 2.127168}}
{"target": -2.3766736622680718, "params": {"eta": 0.01757835659973915, "max_depth": 1.8041762784409217, "n_estimators": 13.548709243572578}, "datetime": {"datetime": "2021-09-24 13:57:38", "elapsed": 544.928595, "delta": 3.756747}}
{"target": 0.40635455752727256, "params": {"eta": 0.5203045340561291, "max_depth": 1.399433254642475, "n_estimators": 13.228917601013308}, "datetime": {"datetime": "2021-09-24 13:57:44", "elapsed": 550.41927, "delta": 5.490675}}
{"target": 0.32610730765457596, "params": {"eta": 0.1621325123220955, "max_depth": 1.1967102653945234, "n_estimators": 11.156841802532652}, "datetime": {"datetime": "2021-09-24 13:57:46", "elapsed": 552.458429, "delta": 2.039159}}
{"target": 0.46259931957379863, "params": {"eta": 0.36254497357063165, "max_depth": 1.4667951680590778, "n_estimators": 29.46803388265674}, "datetime": {"datetime": "2021-09-24 13:57:48", "elapsed": 554.482354, "delta": 2.023925}}
{"target": 0.4193450796210304, "params": {"eta": 0.2470888244662418, "max_depth": 2.9309045319536473, "n_estimators": 36.2664554245102}, "datetime": {"datetime": "2021-09-24 13:57:51", "elapsed": 557.521712, "delta": 3.039358}}
{"target": 0.359254889021941, "params": {"eta": 0.24005488414986925, "max_depth": 3.2249167943005848, "n_estimators": 65.77451672311503}, "datetime": {"datetime": "2021-09-24 13:57:54", "elapsed": 560.73444, "delta": 3.212728}}
{"target": 0.4294998750849097, "params": {"eta": 0.3408751306339809, "max_depth": 2.658285741860094, "n_estimators": 10.59321885864534}, "datetime": {"datetime": "2021-09-24 13:57:56", "elapsed": 562.804314, "delta": 2.069874}}
{"target": -0.23521450535358346, "params": {"eta": 0.04964007007198141, "max_depth": 1.2005647935521768, "n_estimators": 19.666097027373482}, "datetime": {"datetime": "2021-09-24 13:57:59", "elapsed": 565.904313, "delta": 3.099999}}
