{"target": -38.571558599393484, "params": {"eta": 0.692546376395987, "max_depth": 1.6825421648630738, "n_estimators": 78.6912180136334}, "datetime": {"datetime": "2021-09-29 15:42:21", "elapsed": 654.262277, "delta": 2.687244}}
{"target": -38.33339190718949, "params": {"eta": 0.1619264763946888, "max_depth": 2.713384067962578, "n_estimators": 74.1915848265013}, "datetime": {"datetime": "2021-09-29 15:42:24", "elapsed": 657.547972, "delta": 3.285695}}
{"target": -41.16847852175893, "params": {"eta": 0.7151761577464094, "max_depth": 13.221802407808322, "n_estimators": 65.3632796300668}, "datetime": {"datetime": "2021-09-29 15:42:26", "elapsed": 659.539165, "delta": 1.991193}}
{"target": -43.56477152386325, "params": {"eta": 0.5721828564741689, "max_depth": 2.4243174041674544, "n_estimators": 76.75553999526718}, "datetime": {"datetime": "2021-09-29 15:42:29", "elapsed": 662.781546, "delta": 3.242381}}
{"target": -40.50631893043801, "params": {"eta": 0.46785432944026645, "max_depth": 15.382348759681067, "n_estimators": 13.983840708275796}, "datetime": {"datetime": "2021-09-29 15:42:32", "elapsed": 666.172165, "delta": 3.390619}}
{"target": -39.91514580040888, "params": {"eta": 0.4557179831232955, "max_depth": 26.52213919154557, "n_estimators": 85.98450773864298}, "datetime": {"datetime": "2021-09-29 15:42:35", "elapsed": 668.266787, "delta": 2.094622}}
{"target": -40.618373310009595, "params": {"eta": 0.7144835244253092, "max_depth": 28.182597582262407, "n_estimators": 20.82612879441219}, "datetime": {"datetime": "2021-09-29 15:42:37", "elapsed": 670.407783, "delta": 2.140996}}
{"target": -43.22779698041167, "params": {"eta": 0.08195623778601414, "max_depth": 4.248732453784173, "n_estimators": 9.259217568171128}, "datetime": {"datetime": "2021-09-29 15:42:40", "elapsed": 673.522538, "delta": 3.114755}}
{"target": -74.15357609088201, "params": {"eta": 0.01902359065328705, "max_depth": 15.542031777452317, "n_estimators": 13.962004676367172}, "datetime": {"datetime": "2021-09-29 15:42:42", "elapsed": 675.971827, "delta": 2.449289}}
{"target": -39.98251430343356, "params": {"eta": 0.09991547103272896, "max_depth": 1.1148967018293332, "n_estimators": 37.04777317190872}, "datetime": {"datetime": "2021-09-29 15:42:45", "elapsed": 678.750191, "delta": 2.778364}}
{"target": -37.142914585922156, "params": {"eta": 0.3422741390561133, "max_depth": 1.0226769828287972, "n_estimators": 36.278914527942426}, "datetime": {"datetime": "2021-09-29 15:42:48", "elapsed": 681.762106, "delta": 3.011915}}
{"target": -42.11717337999066, "params": {"eta": 0.4287698613656992, "max_depth": 10.927119555535093, "n_estimators": 36.50573050644316}, "datetime": {"datetime": "2021-09-29 15:42:50", "elapsed": 683.953388, "delta": 2.191282}}
{"target": -38.26867038985117, "params": {"eta": 0.5151316451268656, "max_depth": 1.4499283664218456, "n_estimators": 73.01160819556314}, "datetime": {"datetime": "2021-09-29 15:42:53", "elapsed": 686.585204, "delta": 2.631816}}
{"target": -38.633110639636826, "params": {"eta": 0.13206477844742723, "max_depth": 1.9717117653756753, "n_estimators": 71.83666704725397}, "datetime": {"datetime": "2021-09-29 15:42:56", "elapsed": 689.333845, "delta": 2.748641}}
{"target": -38.69993584956584, "params": {"eta": 0.8804643442677228, "max_depth": 1.2269491006278148, "n_estimators": 34.99504358687416}, "datetime": {"datetime": "2021-09-29 15:42:58", "elapsed": 692.020593, "delta": 2.686748}}
{"target": -38.8250660270955, "params": {"eta": 0.27479540123763885, "max_depth": 9.059412558817938, "n_estimators": 58.28358091725252}, "datetime": {"datetime": "2021-09-29 15:43:01", "elapsed": 694.329133, "delta": 2.30854}}
{"target": -39.16768821733584, "params": {"eta": 0.24594567613373325, "max_depth": 5.541625155127156, "n_estimators": 13.562005878800516}, "datetime": {"datetime": "2021-09-29 15:43:03", "elapsed": 696.350002, "delta": 2.020869}}
{"target": -37.46155469318969, "params": {"eta": 0.037050148476203554, "max_depth": 2.148268304195507, "n_estimators": 74.80971473419122}, "datetime": {"datetime": "2021-09-29 15:43:06", "elapsed": 699.745475, "delta": 3.395473}}
{"target": -38.31849734514455, "params": {"eta": 0.5993168703450924, "max_depth": 1.3927035248372563, "n_estimators": 37.9991913461458}, "datetime": {"datetime": "2021-09-29 15:43:08", "elapsed": 701.900617, "delta": 2.155142}}
{"target": -40.124544026354, "params": {"eta": 0.1439250318289297, "max_depth": 12.24408732399209, "n_estimators": 67.73460599989792}, "datetime": {"datetime": "2021-09-29 15:43:11", "elapsed": 704.423051, "delta": 2.522434}}
{"target": -38.73769243378552, "params": {"eta": 0.614416220368597, "max_depth": 7.932799162846933, "n_estimators": 20.35847855718327}, "datetime": {"datetime": "2021-09-29 15:43:13", "elapsed": 706.568769, "delta": 2.145718}}
{"target": -38.468423160427776, "params": {"eta": 0.16537006973565865, "max_depth": 2.8129468774816866, "n_estimators": 75.37412748112276}, "datetime": {"datetime": "2021-09-29 15:43:16", "elapsed": 709.321247, "delta": 2.752478}}
{"target": -39.17144917195654, "params": {"eta": 0.3259149654324168, "max_depth": 6.863692386030393, "n_estimators": 75.9030253237455}, "datetime": {"datetime": "2021-09-29 15:43:19", "elapsed": 712.305422, "delta": 2.984175}}
{"target": -43.388556115199655, "params": {"eta": 0.05084887453482199, "max_depth": 24.027925485557315, "n_estimators": 16.303363638202477}, "datetime": {"datetime": "2021-09-29 15:43:21", "elapsed": 714.309861, "delta": 2.004439}}
{"target": -44.67430220054223, "params": {"eta": 0.8256602854444476, "max_depth": 23.24731157524551, "n_estimators": 87.64223136260753}, "datetime": {"datetime": "2021-09-29 15:43:23", "elapsed": 716.519721, "delta": 2.20986}}
{"target": -40.03200848279686, "params": {"eta": 0.3956631081176072, "max_depth": 22.659267512729734, "n_estimators": 42.25655206011441}, "datetime": {"datetime": "2021-09-29 15:43:25", "elapsed": 718.706509, "delta": 2.186788}}
{"target": -43.09705730794011, "params": {"eta": 0.5038777784616403, "max_depth": 2.345266744525248, "n_estimators": 74.30587876431355}, "datetime": {"datetime": "2021-09-29 15:43:28", "elapsed": 721.991903, "delta": 3.285394}}
{"target": -40.06084305122322, "params": {"eta": 0.27998831189837103, "max_depth": 7.2541393221572905, "n_estimators": 76.37197644396241}, "datetime": {"datetime": "2021-09-29 15:43:31", "elapsed": 725.198762, "delta": 3.206859}}
{"target": -45.596525438133405, "params": {"eta": 0.5980587240567586, "max_depth": 15.329309483373233, "n_estimators": 13.522803414943503}, "datetime": {"datetime": "2021-09-29 15:43:35", "elapsed": 728.707246, "delta": 3.508484}}
{"target": -38.73208528087282, "params": {"eta": 0.7215911830832519, "max_depth": 1.2121253240558252, "n_estimators": 72.53820121920384}, "datetime": {"datetime": "2021-09-29 15:43:40", "elapsed": 733.291301, "delta": 4.584055}}
{"target": -37.20313068268504, "params": {"eta": 0.3570781570441038, "max_depth": 1.7943595649797213, "n_estimators": 79.19910888749882}, "datetime": {"datetime": "2021-09-29 15:43:42", "elapsed": 735.784519, "delta": 2.493218}}
{"target": -39.45907498164327, "params": {"eta": 0.1654928760450994, "max_depth": 1.5240735935933678, "n_estimators": 33.957749029030246}, "datetime": {"datetime": "2021-09-29 15:43:45", "elapsed": 739.084309, "delta": 3.29979}}
{"target": -72.26655211627542, "params": {"eta": 0.015751460356109158, "max_depth": 6.649228522281617, "n_estimators": 14.345807850323254}, "datetime": {"datetime": "2021-09-29 15:43:48", "elapsed": 741.511341, "delta": 2.427032}}
{"target": -40.04033552302488, "params": {"eta": 0.7588890986575092, "max_depth": 1.2889809282387419, "n_estimators": 35.437608102672996}, "datetime": {"datetime": "2021-09-29 15:43:52", "elapsed": 745.362625, "delta": 3.851284}}
{"target": -39.71026459602553, "params": {"eta": 0.17567550772641444, "max_depth": 12.559765955085629, "n_estimators": 54.2291740862869}, "datetime": {"datetime": "2021-09-29 15:43:54", "elapsed": 747.596009, "delta": 2.233384}}
{"target": -38.246104139694054, "params": {"eta": 0.13808111409511717, "max_depth": 1.4912328589837593, "n_estimators": 76.45156230627686}, "datetime": {"datetime": "2021-09-29 15:43:57", "elapsed": 750.700656, "delta": 3.104647}}
{"target": -36.781561815574335, "params": {"eta": 0.2788937514663983, "max_depth": 1.5250003882645162, "n_estimators": 77.70498999353147}, "datetime": {"datetime": "2021-09-29 15:44:00", "elapsed": 754.028784, "delta": 3.328128}}
{"target": -41.74861329927319, "params": {"eta": 0.5068377163562559, "max_depth": 6.70546877925117, "n_estimators": 14.767687948800782}, "datetime": {"datetime": "2021-09-29 15:44:04", "elapsed": 757.974042, "delta": 3.945258}}
{"target": -40.08715279426491, "params": {"eta": 0.18283338884089773, "max_depth": 14.039460701611723, "n_estimators": 47.11802157900825}, "datetime": {"datetime": "2021-09-29 15:44:06", "elapsed": 760.142451, "delta": 2.168409}}
{"target": -38.06291825942314, "params": {"eta": 0.6513414373904245, "max_depth": 1.3828873151097294, "n_estimators": 36.36693932073159}, "datetime": {"datetime": "2021-09-29 15:44:09", "elapsed": 763.033575, "delta": 2.891124}}
{"target": -37.2523324324325, "params": {"eta": 0.3947425628585332, "max_depth": 1.6593304855881121, "n_estimators": 80.61172341930595}, "datetime": {"datetime": "2021-09-29 15:44:13", "elapsed": 766.81456, "delta": 3.780985}}
{"target": -47.44685386506281, "params": {"eta": 0.907723459654703, "max_depth": 16.728120455761193, "n_estimators": 44.36506217775333}, "datetime": {"datetime": "2021-09-29 15:44:15", "elapsed": 768.933331, "delta": 2.118771}}
{"target": -37.4564338544482, "params": {"eta": 0.43346592452355986, "max_depth": 1.0, "n_estimators": 38.16629599857333}, "datetime": {"datetime": "2021-09-29 15:44:22", "elapsed": 775.247173, "delta": 6.313842}}
{"target": -50.53957459507748, "params": {"eta": 0.8926423872447182, "max_depth": 16.50622384986725, "n_estimators": 43.669070313078095}, "datetime": {"datetime": "2021-09-29 15:44:24", "elapsed": 777.339451, "delta": 2.092278}}
{"target": -40.194512229518956, "params": {"eta": 0.12486944906164706, "max_depth": 1.477481845368691, "n_estimators": 35.37072584908114}, "datetime": {"datetime": "2021-09-29 15:44:28", "elapsed": 781.791504, "delta": 4.452053}}
{"target": -38.198266278196655, "params": {"eta": 0.6213495367764893, "max_depth": 1.5087197577573281, "n_estimators": 71.50546194597402}, "datetime": {"datetime": "2021-09-29 15:44:32", "elapsed": 786.19207, "delta": 4.400566}}
{"target": -42.77957392014817, "params": {"eta": 0.5539691838462081, "max_depth": 13.617881753857144, "n_estimators": 41.00274030274599}, "datetime": {"datetime": "2021-09-29 15:44:35", "elapsed": 788.344436, "delta": 2.152366}}
{"target": -40.816014142127365, "params": {"eta": 0.21758679270858272, "max_depth": 16.412871562838944, "n_estimators": 44.080153674367466}, "datetime": {"datetime": "2021-09-29 15:44:39", "elapsed": 792.740811, "delta": 4.396375}}
{"target": -37.5655012355956, "params": {"eta": 0.422561243371301, "max_depth": 1.092006233109117, "n_estimators": 78.75848889494172}, "datetime": {"datetime": "2021-09-29 15:44:44", "elapsed": 797.505841, "delta": 4.76503}}
{"target": -37.66317574330304, "params": {"eta": 0.4506817115829884, "max_depth": 1.377828554998188, "n_estimators": 32.991178908914456}, "datetime": {"datetime": "2021-09-29 15:44:47", "elapsed": 801.113423, "delta": 3.607582}}
{"target": -37.82516660227401, "params": {"eta": 0.3338926304598138, "max_depth": 1.7742626385931213, "n_estimators": 76.77404746706624}, "datetime": {"datetime": "2021-09-29 15:44:50", "elapsed": 803.866639, "delta": 2.753216}}
{"target": -43.613791142948635, "params": {"eta": 0.5739925288034171, "max_depth": 24.009938862390804, "n_estimators": 58.77303525888084}, "datetime": {"datetime": "2021-09-29 15:44:53", "elapsed": 806.351742, "delta": 2.485103}}
{"target": -42.99340333968825, "params": {"eta": 0.5485212591583974, "max_depth": 5.953508827861953, "n_estimators": 14.35632098331974}, "datetime": {"datetime": "2021-09-29 15:44:57", "elapsed": 810.704012, "delta": 4.35227}}
{"target": -47.01752487871394, "params": {"eta": 0.7748254919263642, "max_depth": 29.806113502998056, "n_estimators": 4.281341889110069}, "datetime": {"datetime": "2021-09-29 15:44:59", "elapsed": 813.093983, "delta": 2.389971}}
{"target": -37.99114124520537, "params": {"eta": 0.3218438424401558, "max_depth": 1.8649110796555983, "n_estimators": 34.223173856854494}, "datetime": {"datetime": "2021-09-29 15:45:04", "elapsed": 817.750412, "delta": 4.656429}}
{"target": -45.22632683371665, "params": {"eta": 0.5647795480032488, "max_depth": 13.82889960915425, "n_estimators": 46.170382614312494}, "datetime": {"datetime": "2021-09-29 15:45:07", "elapsed": 820.383639, "delta": 2.633227}}
{"target": -36.43952235696985, "params": {"eta": 0.49095422570001307, "max_depth": 5.998171394632679, "n_estimators": 3.961147983841166}, "datetime": {"datetime": "2021-09-29 15:45:12", "elapsed": 825.276073, "delta": 4.892434}}
{"target": -41.50593428914775, "params": {"eta": 0.44366491893309884, "max_depth": 28.736730677421086, "n_estimators": 47.25867147851849}, "datetime": {"datetime": "2021-09-29 15:45:14", "elapsed": 827.856398, "delta": 2.580325}}
{"target": -38.08015227407549, "params": {"eta": 0.4585804710201596, "max_depth": 1.9685008670703956, "n_estimators": 75.05494253095189}, "datetime": {"datetime": "2021-09-29 15:45:18", "elapsed": 831.361918, "delta": 3.50552}}
{"target": -39.72938555322838, "params": {"eta": 0.06853091861887106, "max_depth": 1.2146986676148925, "n_estimators": 38.0373253634109}, "datetime": {"datetime": "2021-09-29 15:45:21", "elapsed": 835.00316, "delta": 3.641242}}
{"target": -39.732100608066574, "params": {"eta": 0.06902115833174288, "max_depth": 1.5244383428893333, "n_estimators": 79.4647617820176}, "datetime": {"datetime": "2021-09-29 15:45:25", "elapsed": 838.680309, "delta": 3.677149}}
{"target": -39.70978218133125, "params": {"eta": 0.41777292379166414, "max_depth": 13.90590597806231, "n_estimators": 58.83581829395017}, "datetime": {"datetime": "2021-09-29 15:45:29", "elapsed": 842.980327, "delta": 4.300018}}
{"target": -37.217190915289514, "params": {"eta": 0.22869563151770317, "max_depth": 1.4406003550694648, "n_estimators": 81.04622965653687}, "datetime": {"datetime": "2021-09-29 15:45:34", "elapsed": 847.540609, "delta": 4.560282}}
{"target": -39.866217114300674, "params": {"eta": 0.4419188348474518, "max_depth": 3.1709687307564773, "n_estimators": 10.708308092489263}, "datetime": {"datetime": "2021-09-29 15:45:38", "elapsed": 851.981283, "delta": 4.440674}}
{"target": -36.9012723209013, "params": {"eta": 0.25754700233937433, "max_depth": 1.03380730664226, "n_estimators": 81.15690820104832}, "datetime": {"datetime": "2021-09-29 15:45:43", "elapsed": 856.373293, "delta": 4.39201}}
{"target": -37.84461755489846, "params": {"eta": 0.0415088223362943, "max_depth": 3.3173682332920404, "n_estimators": 75.65597919343413}, "datetime": {"datetime": "2021-09-29 15:45:47", "elapsed": 860.691067, "delta": 4.317774}}
{"target": -37.94536919215454, "params": {"eta": 0.16389950590214747, "max_depth": 1.0010903110839673, "n_estimators": 75.69488910724868}, "datetime": {"datetime": "2021-09-29 15:45:51", "elapsed": 864.385253, "delta": 3.694186}}
{"target": -37.46427514204236, "params": {"eta": 0.4769893013833839, "max_depth": 1.8786010088490643, "n_estimators": 73.51409741320833}, "datetime": {"datetime": "2021-09-29 15:45:55", "elapsed": 868.245658, "delta": 3.860405}}
{"target": -44.13962007791877, "params": {"eta": 0.05765972667647698, "max_depth": 3.7763097022102334, "n_estimators": 11.84346161069043}, "datetime": {"datetime": "2021-09-29 15:45:59", "elapsed": 872.654321, "delta": 4.408663}}
{"target": -53.61406615938061, "params": {"eta": 0.9977532145032689, "max_depth": 29.01132035669654, "n_estimators": 72.28023498344959}, "datetime": {"datetime": "2021-09-29 15:46:02", "elapsed": 875.576285, "delta": 2.921964}}
{"target": -43.31640635338731, "params": {"eta": 0.39877867427924585, "max_depth": 5.353368765014304, "n_estimators": 71.12242568556043}, "datetime": {"datetime": "2021-09-29 15:46:05", "elapsed": 878.598831, "delta": 3.022546}}
{"target": -38.132586769838255, "params": {"eta": 0.082573087971228, "max_depth": 3.290328289256744, "n_estimators": 44.83462280131841}, "datetime": {"datetime": "2021-09-29 15:46:08", "elapsed": 881.591294, "delta": 2.992463}}
{"target": -59.88719663973635, "params": {"eta": 0.02499725883180046, "max_depth": 25.812988607183627, "n_estimators": 23.498625013763842}, "datetime": {"datetime": "2021-09-29 15:46:11", "elapsed": 884.870794, "delta": 3.2795}}
{"target": -38.168633446541214, "params": {"eta": 0.6015726301745022, "max_depth": 1.82214557168764, "n_estimators": 33.095226958143435}, "datetime": {"datetime": "2021-09-29 15:46:18", "elapsed": 891.516017, "delta": 6.645223}}
{"target": -37.155690475974325, "params": {"eta": 0.3828089328259765, "max_depth": 1.118964907010945, "n_estimators": 77.9149881906383}, "datetime": {"datetime": "2021-09-29 15:46:21", "elapsed": 895.118667, "delta": 3.60265}}
{"target": -42.84469093400497, "params": {"eta": 0.7527270459184197, "max_depth": 5.598400968934094, "n_estimators": 29.032413850552604}, "datetime": {"datetime": "2021-09-29 15:46:28", "elapsed": 901.705952, "delta": 6.587285}}
{"target": -51.99716195624442, "params": {"eta": 0.8750848894655447, "max_depth": 22.961213363367204, "n_estimators": 99.36417809962944}, "datetime": {"datetime": "2021-09-29 15:46:31", "elapsed": 904.95714, "delta": 3.251188}}
{"target": -38.55415465932764, "params": {"eta": 0.5689486277699608, "max_depth": 1.236765394395502, "n_estimators": 77.38468028119213}, "datetime": {"datetime": "2021-09-29 15:46:38", "elapsed": 911.96045, "delta": 7.00331}}
{"target": -40.583986419632424, "params": {"eta": 0.579914841616069, "max_depth": 2.2838601090446606, "n_estimators": 34.4684335340615}, "datetime": {"datetime": "2021-09-29 15:46:45", "elapsed": 918.622595, "delta": 6.662145}}
{"target": -37.63959852722917, "params": {"eta": 0.19737748024679577, "max_depth": 1.6518403750959143, "n_estimators": 81.44948696893685}, "datetime": {"datetime": "2021-09-29 15:46:49", "elapsed": 922.571964, "delta": 3.949369}}
{"target": -37.53293039135839, "params": {"eta": 0.3119200037374609, "max_depth": 1.2707542442926099, "n_estimators": 98.38138592187721}, "datetime": {"datetime": "2021-09-29 15:46:52", "elapsed": 925.545556, "delta": 2.973592}}
{"target": -42.8973549198939, "params": {"eta": 0.6814164752715711, "max_depth": 7.5376071025475895, "n_estimators": 72.66672196737079}, "datetime": {"datetime": "2021-09-29 15:46:55", "elapsed": 928.527633, "delta": 2.982077}}
{"target": -37.330258019181414, "params": {"eta": 0.20339453825067896, "max_depth": 3.2065054345188653, "n_estimators": 11.235981306744755}, "datetime": {"datetime": "2021-09-29 15:47:00", "elapsed": 933.833219, "delta": 5.305586}}
{"target": -41.50913415369361, "params": {"eta": 0.35129465269665555, "max_depth": 2.3035800365695107, "n_estimators": 79.13523648637015}, "datetime": {"datetime": "2021-09-29 15:47:05", "elapsed": 938.959025, "delta": 5.125806}}
{"target": -40.55600893334436, "params": {"eta": 0.6540849477633618, "max_depth": 16.31796446587161, "n_estimators": 63.243003784268836}, "datetime": {"datetime": "2021-09-29 15:47:09", "elapsed": 942.468668, "delta": 3.509643}}
{"target": -39.77672989223284, "params": {"eta": 0.3133587701011465, "max_depth": 4.545351311287227, "n_estimators": 13.045795960666553}, "datetime": {"datetime": "2021-09-29 15:47:13", "elapsed": 947.097467, "delta": 4.628799}}
{"target": -38.02536282153309, "params": {"eta": 0.43715721467649965, "max_depth": 1.4145137266395298, "n_estimators": 78.45709643273568}, "datetime": {"datetime": "2021-09-29 15:47:19", "elapsed": 952.651506, "delta": 5.554039}}
{"target": -84.95758735178097, "params": {"eta": 0.012284244769733308, "max_depth": 6.162423591026544, "n_estimators": 14.822025734004615}, "datetime": {"datetime": "2021-09-29 15:47:23", "elapsed": 956.573725, "delta": 3.922219}}
{"target": -38.220685181935075, "params": {"eta": 0.5445179772317861, "max_depth": 1.796659921803951, "n_estimators": 88.43806829374118}, "datetime": {"datetime": "2021-09-29 15:47:25", "elapsed": 959.078519, "delta": 2.504794}}
{"target": -39.8103236278769, "params": {"eta": 0.4552059361473024, "max_depth": 5.429132449275521, "n_estimators": 29.88738950832172}, "datetime": {"datetime": "2021-09-29 15:47:30", "elapsed": 963.459206, "delta": 4.380687}}
{"target": -38.816552106149985, "params": {"eta": 0.5892003580465692, "max_depth": 1.2122275734742285, "n_estimators": 80.98465364867604}, "datetime": {"datetime": "2021-09-29 15:47:34", "elapsed": 968.044172, "delta": 4.584966}}
{"target": -39.821913838207834, "params": {"eta": 0.13286782101975786, "max_depth": 1.879212338327587, "n_estimators": 35.952494431960545}, "datetime": {"datetime": "2021-09-29 15:47:38", "elapsed": 971.897914, "delta": 3.853742}}
{"target": -45.37387941744655, "params": {"eta": 0.011348853148119809, "max_depth": 6.3072747994391305, "n_estimators": 75.58038670641186}, "datetime": {"datetime": "2021-09-29 15:47:42", "elapsed": 975.606151, "delta": 3.708237}}
{"target": -54.066936413421665, "params": {"eta": 0.9739811382297664, "max_depth": 22.49967915883314, "n_estimators": 32.817410253458775}, "datetime": {"datetime": "2021-09-29 15:47:44", "elapsed": 977.857431, "delta": 2.25128}}
{"target": -37.220099454444295, "params": {"eta": 0.22512383935473906, "max_depth": 1.5351984112960748, "n_estimators": 80.13079765703652}, "datetime": {"datetime": "2021-09-29 15:47:48", "elapsed": 981.686149, "delta": 3.828718}}
{"target": -38.4716078702016, "params": {"eta": 0.5378983713619523, "max_depth": 1.7976526689302457, "n_estimators": 73.91493111453303}, "datetime": {"datetime": "2021-09-29 15:47:52", "elapsed": 985.456054, "delta": 3.769905}}
