{"target": -44.620242011278194, "params": {"eta": 0.08026385545097936, "max_depth": 2.5044596881893355, "n_estimators": 33.67161049448399}, "datetime": {"datetime": "2021-09-24 16:02:39", "elapsed": 400.94239, "delta": 2.104904}}
{"target": -44.25789940626101, "params": {"eta": 0.1576438357616891, "max_depth": 1.1009339421650957, "n_estimators": 36.410120577676906}, "datetime": {"datetime": "2021-09-24 16:02:42", "elapsed": 403.686116, "delta": 2.743726}}
{"target": -93.66001180777873, "params": {"eta": 0.01, "max_depth": 1.5547600666119028, "n_estimators": 43.272447125484824}, "datetime": {"datetime": "2021-09-24 16:02:46", "elapsed": 407.122111, "delta": 3.435995}}
{"target": -48.21090853124633, "params": {"eta": 0.09061937070545491, "max_depth": 1.0099413505575328, "n_estimators": 22.98614581676229}, "datetime": {"datetime": "2021-09-24 16:02:48", "elapsed": 409.165168, "delta": 2.043057}}
{"target": -50.268264799189744, "params": {"eta": 0.4659411790351111, "max_depth": 4.716640501891341, "n_estimators": 44.6272621158753}, "datetime": {"datetime": "2021-09-24 16:02:49", "elapsed": 410.426703, "delta": 1.261535}}
{"target": -47.598756058771805, "params": {"eta": 0.4860144086747868, "max_depth": 3.9628435596390545, "n_estimators": 17.160586353770068}, "datetime": {"datetime": "2021-09-24 16:02:52", "elapsed": 413.376747, "delta": 2.950044}}
{"target": -46.45957140814989, "params": {"eta": 0.48405886903750905, "max_depth": 2.312043236835156, "n_estimators": 34.426286343401934}, "datetime": {"datetime": "2021-09-24 16:02:54", "elapsed": 415.232798, "delta": 1.856051}}
{"target": -43.395611067463584, "params": {"eta": 0.37407037334948395, "max_depth": 1.3823731476879915, "n_estimators": 22.837242430700744}, "datetime": {"datetime": "2021-09-24 16:02:56", "elapsed": 417.341796, "delta": 2.108998}}
{"target": -47.84092543178931, "params": {"eta": 0.32623170293524173, "max_depth": 4.583460650132811, "n_estimators": 13.093865280779614}, "datetime": {"datetime": "2021-09-24 16:02:57", "elapsed": 418.669799, "delta": 1.328003}}
{"target": -96.98956846653071, "params": {"eta": 0.01792923355854807, "max_depth": 1.5786292841551335, "n_estimators": 22.939499380216166}, "datetime": {"datetime": "2021-09-24 16:03:00", "elapsed": 421.365333, "delta": 2.695534}}
{"target": -43.77652895360961, "params": {"eta": 0.19482675867740368, "max_depth": 2.3223853522779914, "n_estimators": 41.82762999439758}, "datetime": {"datetime": "2021-09-24 16:03:01", "elapsed": 422.835332, "delta": 1.469999}}
{"target": -44.548041838452335, "params": {"eta": 0.4604841704135549, "max_depth": 1.134326310423588, "n_estimators": 22.828097936553256}, "datetime": {"datetime": "2021-09-24 16:03:04", "elapsed": 425.891388, "delta": 3.056056}}
{"target": -63.056818338265096, "params": {"eta": 0.02590367016819703, "max_depth": 1.7319627990829347, "n_estimators": 35.758454839133776}, "datetime": {"datetime": "2021-09-24 16:03:07", "elapsed": 428.061414, "delta": 2.170026}}
{"target": -44.624585775504436, "params": {"eta": 0.473761385205408, "max_depth": 1.9788939516028625, "n_estimators": 36.33196373669377}, "datetime": {"datetime": "2021-09-24 16:03:09", "elapsed": 430.423205, "delta": 2.361791}}
{"target": -44.39760457662712, "params": {"eta": 0.18860067941889688, "max_depth": 2.3415510450369124, "n_estimators": 41.38757826395717}, "datetime": {"datetime": "2021-09-24 16:03:12", "elapsed": 433.36976, "delta": 2.946555}}
{"target": -46.698573693296964, "params": {"eta": 0.09022748459922894, "max_depth": 1.4069276789958036, "n_estimators": 30.329638019622955}, "datetime": {"datetime": "2021-09-24 16:03:13", "elapsed": 434.617758, "delta": 1.247998}}
{"target": -44.76122473236313, "params": {"eta": 0.21778975001178202, "max_depth": 2.843426285229293, "n_estimators": 41.327484987524016}, "datetime": {"datetime": "2021-09-24 16:03:16", "elapsed": 437.397823, "delta": 2.780065}}
{"target": -44.36675457488325, "params": {"eta": 0.2289816969562167, "max_depth": 2.4555621353914967, "n_estimators": 36.47732599263899}, "datetime": {"datetime": "2021-09-24 16:03:19", "elapsed": 440.35682, "delta": 2.958997}}
{"target": -46.7531276215288, "params": {"eta": 0.43426721154533393, "max_depth": 2.253513616268548, "n_estimators": 36.08855713266738}, "datetime": {"datetime": "2021-09-24 16:03:22", "elapsed": 443.10943, "delta": 2.75261}}
{"target": -46.46557060757974, "params": {"eta": 0.4639507564163218, "max_depth": 4.3275069947765905, "n_estimators": 12.771365128187137}, "datetime": {"datetime": "2021-09-24 16:03:24", "elapsed": 445.337103, "delta": 2.227673}}
{"target": -47.5798704964774, "params": {"eta": 0.4281652814481505, "max_depth": 2.1825193958815508, "n_estimators": 36.80793157851873}, "datetime": {"datetime": "2021-09-24 16:03:27", "elapsed": 448.757453, "delta": 3.42035}}
{"target": -66.56245898483391, "params": {"eta": 0.017827268910396814, "max_depth": 1.1534972172858162, "n_estimators": 46.145132964839405}, "datetime": {"datetime": "2021-09-24 16:03:30", "elapsed": 451.272207, "delta": 2.514754}}
{"target": -50.722830521432975, "params": {"eta": 0.04288966821789548, "max_depth": 1.0853826944233562, "n_estimators": 37.04637706991554}, "datetime": {"datetime": "2021-09-24 16:03:33", "elapsed": 454.231009, "delta": 2.958802}}
{"target": -46.16976022361813, "params": {"eta": 0.3820031484683771, "max_depth": 1.3223864464651052, "n_estimators": 6.706683386416461}, "datetime": {"datetime": "2021-09-24 16:03:36", "elapsed": 457.645976, "delta": 3.414967}}
{"target": -44.3264795174276, "params": {"eta": 0.4832281700538797, "max_depth": 1.14517855983203, "n_estimators": 39.96760240881901}, "datetime": {"datetime": "2021-09-24 16:03:39", "elapsed": 460.301598, "delta": 2.655622}}
{"target": -44.94476897734448, "params": {"eta": 0.14157238829550864, "max_depth": 3.224253010473443, "n_estimators": 40.96084211207753}, "datetime": {"datetime": "2021-09-24 16:03:40", "elapsed": 461.971737, "delta": 1.670139}}
{"target": -44.54203251429966, "params": {"eta": 0.13079573146199802, "max_depth": 1.397553115965998, "n_estimators": 40.12547694460233}, "datetime": {"datetime": "2021-09-24 16:03:43", "elapsed": 464.556804, "delta": 2.585067}}
{"target": -46.89344996975777, "params": {"eta": 0.09796505558458392, "max_depth": 4.336622433011567, "n_estimators": 20.136818849667858}, "datetime": {"datetime": "2021-09-24 16:03:44", "elapsed": 465.979235, "delta": 1.422431}}
{"target": -50.0721290989926, "params": {"eta": 0.41422336419183003, "max_depth": 3.246229238479687, "n_estimators": 41.28270617908883}, "datetime": {"datetime": "2021-09-24 16:03:47", "elapsed": 468.491839, "delta": 2.512604}}
{"target": -57.54368528208338, "params": {"eta": 0.027380158730652616, "max_depth": 2.648881712666854, "n_estimators": 39.19195396703171}, "datetime": {"datetime": "2021-09-24 16:03:50", "elapsed": 471.807844, "delta": 3.316005}}
{"target": -55.496753836036625, "params": {"eta": 0.07172508504338135, "max_depth": 3.0999888392885384, "n_estimators": 16.98085433861808}, "datetime": {"datetime": "2021-09-24 16:03:53", "elapsed": 474.103935, "delta": 2.296091}}
{"target": -43.60409838454168, "params": {"eta": 0.3643928245972874, "max_depth": 1.132775414819648, "n_estimators": 45.570691631180985}, "datetime": {"datetime": "2021-09-24 16:03:55", "elapsed": 476.328937, "delta": 2.225002}}
{"target": -44.13497726899341, "params": {"eta": 0.4368886557323357, "max_depth": 1.438323906436509, "n_estimators": 40.42152569265774}, "datetime": {"datetime": "2021-09-24 16:03:57", "elapsed": 478.588935, "delta": 2.259998}}
{"target": -83.88205248610417, "params": {"eta": 0.01889885499478084, "max_depth": 2.761387011404917, "n_estimators": 29.51813059763468}, "datetime": {"datetime": "2021-09-24 16:03:59", "elapsed": 480.004933, "delta": 1.415998}}
{"target": -67.59230471732921, "params": {"eta": 0.10996066296606152, "max_depth": 2.9902372689211654, "n_estimators": 7.207731906679512}, "datetime": {"datetime": "2021-09-24 16:04:00", "elapsed": 481.525942, "delta": 1.521009}}
{"target": -46.253149075615674, "params": {"eta": 0.41025185600280506, "max_depth": 3.312137463994049, "n_estimators": 7.073562338264371}, "datetime": {"datetime": "2021-09-24 16:04:03", "elapsed": 484.069934, "delta": 2.543992}}
{"target": -75.99646400509025, "params": {"eta": 0.08073677290534334, "max_depth": 3.3142997299778356, "n_estimators": 8.354736095487963}, "datetime": {"datetime": "2021-09-24 16:04:05", "elapsed": 486.777523, "delta": 2.707589}}
{"target": -48.30120270234302, "params": {"eta": 0.21434078230426126, "max_depth": 18.287787842611795, "n_estimators": 10.009149985387591}, "datetime": {"datetime": "2021-09-24 16:11:43", "elapsed": 0.0, "delta": 0.0}}
{"target": -46.414978428890834, "params": {"eta": 0.1581429605896015, "max_depth": 4.522141379610713, "n_estimators": 17.387087581503824}, "datetime": {"datetime": "2021-09-24 16:11:43", "elapsed": 0.050997, "delta": 0.050997}}
{"target": -47.238138786832195, "params": {"eta": 0.10126750357505873, "max_depth": 9.293457449033145, "n_estimators": 41.741397938453595}, "datetime": {"datetime": "2021-09-24 16:11:43", "elapsed": 0.306996, "delta": 0.255999}}
{"target": -47.21674768548263, "params": {"eta": 0.2740201996616449, "max_depth": 11.060668345679076, "n_estimators": 64.81756003174075}, "datetime": {"datetime": "2021-09-24 16:11:44", "elapsed": 0.761935, "delta": 0.454939}}
{"target": -56.214393472312985, "params": {"eta": 0.11018160236844353, "max_depth": 22.07481847338269, "n_estimators": 12.191007455834093}, "datetime": {"datetime": "2021-09-24 16:11:44", "elapsed": 0.846938, "delta": 0.085003}}
{"target": -46.210794061646425, "params": {"eta": 0.15344123222958042, "max_depth": 4.656743830787732, "n_estimators": 17.222314109792045}, "datetime": {"datetime": "2021-09-24 16:11:44", "elapsed": 0.987562, "delta": 0.140624}}
{"target": -50.79993524766506, "params": {"eta": 0.5, "max_depth": 8.709492908541076, "n_estimators": 15.946683961408663}, "datetime": {"datetime": "2021-09-24 16:11:45", "elapsed": 1.598161, "delta": 0.610599}}
{"target": -46.4530721105131, "params": {"eta": 0.2999690836844487, "max_depth": 3.191445251408772, "n_estimators": 14.610819820048606}, "datetime": {"datetime": "2021-09-24 16:11:45", "elapsed": 2.109163, "delta": 0.511002}}
{"target": -49.82135445731027, "params": {"eta": 0.14385859945038784, "max_depth": 2.2270098705743413, "n_estimators": 10.257621794325624}, "datetime": {"datetime": "2021-09-24 16:11:46", "elapsed": 2.501158, "delta": 0.391995}}
{"target": -46.580070094058385, "params": {"eta": 0.19153044834486208, "max_depth": 13.835547416416128, "n_estimators": 61.76236491011693}, "datetime": {"datetime": "2021-09-24 16:11:46", "elapsed": 3.25662, "delta": 0.755462}}
{"target": -47.474669234196945, "params": {"eta": 0.16120084279102875, "max_depth": 10.281481779341282, "n_estimators": 60.43770720491661}, "datetime": {"datetime": "2021-09-24 16:11:47", "elapsed": 3.920801, "delta": 0.664181}}
{"target": -80.3296273166972, "params": {"eta": 0.01, "max_depth": 15.663707243736555, "n_estimators": 65.26558413441366}, "datetime": {"datetime": "2021-09-24 16:11:48", "elapsed": 4.5608, "delta": 0.639999}}
{"target": -64.0390586566208, "params": {"eta": 0.01729640364704949, "max_depth": 13.473872524745092, "n_estimators": 58.60866153284139}, "datetime": {"datetime": "2021-09-24 16:11:48", "elapsed": 5.201933, "delta": 0.641133}}
{"target": -50.84128931949013, "params": {"eta": 0.5, "max_depth": 11.50543355856538, "n_estimators": 62.4666328533926}, "datetime": {"datetime": "2021-09-24 16:11:49", "elapsed": 5.772599, "delta": 0.570666}}
{"target": -47.56607749766873, "params": {"eta": 0.4158260744140682, "max_depth": 5.628145565579056, "n_estimators": 14.055981319317121}, "datetime": {"datetime": "2021-09-24 16:11:49", "elapsed": 6.104601, "delta": 0.332002}}
{"target": -44.91788844058388, "params": {"eta": 0.5, "max_depth": 1.362939479555752, "n_estimators": 16.78023931572001}, "datetime": {"datetime": "2021-09-24 16:11:49", "elapsed": 6.428598, "delta": 0.323997}}
{"target": -45.631505349524936, "params": {"eta": 0.16225904354033663, "max_depth": 1.4272810985714486, "n_estimators": 19.66805433138836}, "datetime": {"datetime": "2021-09-24 16:11:50", "elapsed": 7.052596, "delta": 0.623998}}
{"target": -80.61327859692108, "params": {"eta": 0.01, "max_depth": 8.00118560906857, "n_estimators": 64.90830845389465}, "datetime": {"datetime": "2021-09-24 16:11:51", "elapsed": 7.676745, "delta": 0.624149}}
{"target": -47.51892350849352, "params": {"eta": 0.3720918906280416, "max_depth": 3.6800556790954015, "n_estimators": 20.86055687328539}, "datetime": {"datetime": "2021-09-24 16:11:51", "elapsed": 8.059985, "delta": 0.38324}}
{"target": -44.59434770282946, "params": {"eta": 0.5, "max_depth": 1.0, "n_estimators": 22.448023966086485}, "datetime": {"datetime": "2021-09-24 16:11:52", "elapsed": 8.717933, "delta": 0.657948}}
{"target": -114.41807282239871, "params": {"eta": 0.01, "max_depth": 2.9972428197581436, "n_estimators": 24.169825732910454}, "datetime": {"datetime": "2021-09-24 16:11:52", "elapsed": 9.281175, "delta": 0.563242}}
{"target": -129.83640767577896, "params": {"eta": 0.01, "max_depth": 3.928002674999041, "n_estimators": 12.341628793751159}, "datetime": {"datetime": "2021-09-24 16:11:53", "elapsed": 9.741794, "delta": 0.460619}}
{"target": -67.07464516431766, "params": {"eta": 0.05000925298152118, "max_depth": 2.9190560162404493, "n_estimators": 16.157460726223096}, "datetime": {"datetime": "2021-09-24 16:11:53", "elapsed": 10.041915, "delta": 0.300121}}
{"target": -44.085443941274086, "params": {"eta": 0.3201994539781096, "max_depth": 1.8354667856771272, "n_estimators": 20.95216776178553}, "datetime": {"datetime": "2021-09-24 16:11:54", "elapsed": 10.491914, "delta": 0.449999}}
{"target": -45.060326540380494, "params": {"eta": 0.18294935151663763, "max_depth": 2.9055233204409063, "n_estimators": 19.229221306902993}, "datetime": {"datetime": "2021-09-24 16:11:54", "elapsed": 10.939299, "delta": 0.447385}}
{"target": -47.45359538372298, "params": {"eta": 0.5, "max_depth": 6.161490738747622, "n_estimators": 15.63926570837285}, "datetime": {"datetime": "2021-09-24 16:11:54", "elapsed": 11.3353, "delta": 0.396001}}
{"target": -47.48964914881197, "params": {"eta": 0.09697454128762426, "max_depth": 4.762633205267725, "n_estimators": 19.220558350913777}, "datetime": {"datetime": "2021-09-24 16:11:55", "elapsed": 11.705407, "delta": 0.370107}}
{"target": -49.40365221984404, "params": {"eta": 0.37202661425842215, "max_depth": 6.569756496502628, "n_estimators": 17.91318794093496}, "datetime": {"datetime": "2021-09-24 16:11:55", "elapsed": 11.990518, "delta": 0.285111}}
{"target": -48.37051348578661, "params": {"eta": 0.4140032804212882, "max_depth": 7.5768647366940085, "n_estimators": 13.908665234129822}, "datetime": {"datetime": "2021-09-24 16:11:56", "elapsed": 12.596519, "delta": 0.606001}}
{"target": -44.794213947496914, "params": {"eta": 0.5, "max_depth": 1.0, "n_estimators": 14.8356952878049}, "datetime": {"datetime": "2021-09-24 16:11:56", "elapsed": 13.008714, "delta": 0.412195}}
{"target": -59.894891380367426, "params": {"eta": 0.026959665117976435, "max_depth": 10.688747083694505, "n_estimators": 43.29301143101764}, "datetime": {"datetime": "2021-09-24 16:11:57", "elapsed": 13.483314, "delta": 0.4746}}
{"target": -46.91456672840549, "params": {"eta": 0.05322763226809078, "max_depth": 7.7024349740364855, "n_estimators": 40.52687480581117}, "datetime": {"datetime": "2021-09-24 16:11:57", "elapsed": 14.149311, "delta": 0.665997}}
{"target": -47.022848573842445, "params": {"eta": 0.08111268224290996, "max_depth": 9.397088479039587, "n_estimators": 39.47035985773199}, "datetime": {"datetime": "2021-09-24 16:11:58", "elapsed": 14.719314, "delta": 0.570003}}
{"target": -51.024458748953684, "params": {"eta": 0.5, "max_depth": 7.327555186210429, "n_estimators": 42.555678490527335}, "datetime": {"datetime": "2021-09-24 16:11:58", "elapsed": 15.251049, "delta": 0.531735}}
{"target": -49.09016837213272, "params": {"eta": 0.47844722646903964, "max_depth": 7.7741028099243925, "n_estimators": 38.17585971004703}, "datetime": {"datetime": "2021-09-24 16:11:59", "elapsed": 15.907357, "delta": 0.656308}}
{"target": -100.32332153607132, "params": {"eta": 0.01, "max_depth": 5.767158488768797, "n_estimators": 39.40752460096445}, "datetime": {"datetime": "2021-09-24 16:11:59", "elapsed": 16.369359, "delta": 0.462002}}
{"target": -49.62357135285112, "params": {"eta": 0.4083671181658262, "max_depth": 9.659578702748071, "n_estimators": 37.40798684452706}, "datetime": {"datetime": "2021-09-24 16:12:00", "elapsed": 17.308171, "delta": 0.938812}}
{"target": -45.437339868760645, "params": {"eta": 0.09054003330119342, "max_depth": 11.303636699644185, "n_estimators": 40.411297779806105}, "datetime": {"datetime": "2021-09-24 16:12:01", "elapsed": 17.978722, "delta": 0.670551}}
{"target": -47.08349207827919, "params": {"eta": 0.09183505818729108, "max_depth": 11.531540263992948, "n_estimators": 38.65780553650184}, "datetime": {"datetime": "2021-09-24 16:12:02", "elapsed": 18.809498, "delta": 0.830776}}
{"target": -53.072937556675505, "params": {"eta": 0.5, "max_depth": 13.234310356815284, "n_estimators": 39.90404175360982}, "datetime": {"datetime": "2021-09-24 16:12:03", "elapsed": 19.834013, "delta": 1.024515}}
{"target": -50.875390877401024, "params": {"eta": 0.02693687899662056, "max_depth": 8.362710509495464, "n_estimators": 59.47754646593673}, "datetime": {"datetime": "2021-09-24 16:12:04", "elapsed": 20.555014, "delta": 0.721001}}
{"target": -47.33134480526573, "params": {"eta": 0.22342232578014368, "max_depth": 8.058816356488126, "n_estimators": 35.90998587746362}, "datetime": {"datetime": "2021-09-24 16:12:04", "elapsed": 20.996987, "delta": 0.441973}}
{"target": -105.49480479821227, "params": {"eta": 0.01, "max_depth": 9.972927697530137, "n_estimators": 34.909845676945366}, "datetime": {"datetime": "2021-09-24 16:12:05", "elapsed": 21.580977, "delta": 0.58399}}
{"target": -47.41522569584667, "params": {"eta": 0.5, "max_depth": 6.330166128823194, "n_estimators": 35.61460282735292}, "datetime": {"datetime": "2021-09-24 16:12:05", "elapsed": 22.357089, "delta": 0.776112}}
{"target": -49.75309446521271, "params": {"eta": 0.20200360891174848, "max_depth": 16.194126601984816, "n_estimators": 10.51976315816419}, "datetime": {"datetime": "2021-09-24 16:12:06", "elapsed": 22.958714, "delta": 0.601625}}
{"target": -51.66385320792521, "params": {"eta": 0.5, "max_depth": 17.84428050609688, "n_estimators": 12.10080299715114}, "datetime": {"datetime": "2021-09-24 16:12:06", "elapsed": 23.435799, "delta": 0.477085}}
{"target": -60.014886985147804, "params": {"eta": 0.0556666041372524, "max_depth": 6.66483749709047, "n_estimators": 20.40261939952692}, "datetime": {"datetime": "2021-09-24 16:12:07", "elapsed": 23.733533, "delta": 0.297734}}
{"target": -45.68121160062632, "params": {"eta": 0.04572274699915247, "max_depth": 12.619172258375063, "n_estimators": 63.81795752766361}, "datetime": {"datetime": "2021-09-24 16:12:08", "elapsed": 24.446848, "delta": 0.713315}}
{"target": -47.08452101399128, "params": {"eta": 0.09336061308381256, "max_depth": 12.233146642481042, "n_estimators": 66.28803822143843}, "datetime": {"datetime": "2021-09-24 16:12:08", "elapsed": 25.325967, "delta": 0.879119}}
{"target": -50.84128931949013, "params": {"eta": 0.5, "max_depth": 11.115204733938345, "n_estimators": 68.05844831366686}, "datetime": {"datetime": "2021-09-24 16:12:10", "elapsed": 26.57384, "delta": 1.247873}}
{"target": -49.72510772360895, "params": {"eta": 0.5, "max_depth": 10.145688028319215, "n_estimators": 58.21296905701621}, "datetime": {"datetime": "2021-09-24 16:12:10", "elapsed": 27.427396, "delta": 0.853556}}
{"target": -50.374539827045645, "params": {"eta": 0.5, "max_depth": 9.97875935962666, "n_estimators": 13.701694566850259}, "datetime": {"datetime": "2021-09-24 16:12:11", "elapsed": 28.237212, "delta": 0.809816}}
{"target": -106.2844359247308, "params": {"eta": 0.01, "max_depth": 5.4727011748520855, "n_estimators": 33.61552940053462}, "datetime": {"datetime": "2021-09-24 16:12:12", "elapsed": 29.027305, "delta": 0.790093}}
{"target": -50.88918858004692, "params": {"eta": 0.5, "max_depth": 8.096084527064695, "n_estimators": 56.936983367010015}, "datetime": {"datetime": "2021-09-24 16:12:13", "elapsed": 29.79599, "delta": 0.768685}}
{"target": -87.04410746581573, "params": {"eta": 0.01, "max_depth": 10.171551783393209, "n_estimators": 55.72954769060972}, "datetime": {"datetime": "2021-09-24 16:12:13", "elapsed": 30.387841, "delta": 0.591851}}
{"target": -47.460008205327775, "params": {"eta": 0.5, "max_depth": 6.222005207438904, "n_estimators": 58.10399253648627}, "datetime": {"datetime": "2021-09-24 16:12:14", "elapsed": 31.002561, "delta": 0.61472}}
{"target": -52.039833671168275, "params": {"eta": 0.026268274551590656, "max_depth": 5.608485594090726, "n_estimators": 56.222046255310914}, "datetime": {"datetime": "2021-09-24 16:12:15", "elapsed": 31.561668, "delta": 0.559107}}
{"target": -49.63130512094139, "params": {"eta": 0.34488970372954286, "max_depth": 4.165583819470175, "n_estimators": 58.46996024096836}, "datetime": {"datetime": "2021-09-24 16:12:15", "elapsed": 32.044548, "delta": 0.48288}}
{"target": -52.11991232678406, "params": {"eta": 0.5, "max_depth": 5.713395822930355, "n_estimators": 60.21301622796608}, "datetime": {"datetime": "2021-09-24 16:12:16", "elapsed": 32.739551, "delta": 0.695003}}
{"target": -51.58735708365763, "params": {"eta": 0.5, "max_depth": 15.862776200085246, "n_estimators": 61.14241277993723}, "datetime": {"datetime": "2021-09-24 16:12:17", "elapsed": 33.720333, "delta": 0.980782}}
{"target": -44.851311188891415, "params": {"eta": 0.471724640398642, "max_depth": 1.0215719179059608, "n_estimators": 18.167826235798668}, "datetime": {"datetime": "2021-09-24 16:12:18", "elapsed": 34.506686, "delta": 0.786353}}
