{"target": 0.3429284145196503, "params": {"eta": 0.3134043239860979, "max_depth": 3.0735899605064514, "n_estimators": 33.471318180886875}, "datetime": {"datetime": "2021-09-24 13:51:19", "elapsed": 165.683199, "delta": 0.899897}}
{"target": 0.35994488591920026, "params": {"eta": 0.42780313026557065, "max_depth": 3.0539135281290903, "n_estimators": 11.228987888860107}, "datetime": {"datetime": "2021-09-24 13:51:20", "elapsed": 166.644125, "delta": 0.960926}}
{"target": 0.39855356661633534, "params": {"eta": 0.03654504183065933, "max_depth": 2.0573530739932684, "n_estimators": 61.375188916468176}, "datetime": {"datetime": "2021-09-24 13:51:23", "elapsed": 169.22101, "delta": 2.576885}}
{"target": 0.4066719758999888, "params": {"eta": 0.08865890994982636, "max_depth": 3.437366144185532, "n_estimators": 80.61803692521907}, "datetime": {"datetime": "2021-09-24 13:51:24", "elapsed": 170.285919, "delta": 1.064909}}
{"target": -0.3444002896856315, "params": {"eta": 0.04720853163895424, "max_depth": 3.658110483052365, "n_estimators": 18.19570916511217}, "datetime": {"datetime": "2021-09-24 13:51:25", "elapsed": 171.453491, "delta": 1.167572}}
{"target": 0.35169840505717864, "params": {"eta": 0.13030064581720516, "max_depth": 3.7120069412152707, "n_estimators": 15.588854755230457}, "datetime": {"datetime": "2021-09-24 13:51:26", "elapsed": 172.470802, "delta": 1.017311}}
{"target": 0.3258960712953104, "params": {"eta": 0.49086155312823415, "max_depth": 2.6091367922456707, "n_estimators": 42.310157562527365}, "datetime": {"datetime": "2021-09-24 13:51:27", "elapsed": 173.593802, "delta": 1.123}}
{"target": -2.7836866144203762, "params": {"eta": 0.15005924115511746, "max_depth": 1.57389350450285, "n_estimators": 1.083131309657912}, "datetime": {"datetime": "2021-09-24 13:51:28", "elapsed": 174.444584, "delta": 0.850782}}
{"target": 0.4588351581653022, "params": {"eta": 0.33157559229667943, "max_depth": 1.2595651308500306, "n_estimators": 45.934712598226284}, "datetime": {"datetime": "2021-09-24 13:51:29", "elapsed": 175.415584, "delta": 0.971}}
{"target": 0.3946885132806718, "params": {"eta": 0.5885014350509293, "max_depth": 2.4221386779473844, "n_estimators": 13.120953177815178}, "datetime": {"datetime": "2021-09-24 13:51:30", "elapsed": 176.684131, "delta": 1.268547}}
{"target": -0.06845783166120056, "params": {"eta": 0.0208506356010306, "max_depth": 1.2494200714777608, "n_estimators": 53.70626056681208}, "datetime": {"datetime": "2021-09-24 13:51:32", "elapsed": 179.168798, "delta": 2.484667}}
{"target": 0.44562685096034216, "params": {"eta": 0.26361350820731044, "max_depth": 1.213932267828437, "n_estimators": 48.41538131106997}, "datetime": {"datetime": "2021-09-24 13:51:34", "elapsed": 181.169441, "delta": 2.000643}}
{"target": 0.285817202643212, "params": {"eta": 0.3579597605570528, "max_depth": 3.699131772168135, "n_estimators": 76.09125873733511}, "datetime": {"datetime": "2021-09-24 13:51:36", "elapsed": 182.458213, "delta": 1.288772}}
{"target": 0.4058115321682527, "params": {"eta": 0.4999360468300236, "max_depth": 1.5000636191511787, "n_estimators": 55.94639925805944}, "datetime": {"datetime": "2021-09-24 13:51:37", "elapsed": 183.589214, "delta": 1.131001}}
{"target": 0.4197805776786864, "params": {"eta": 0.4999673679451652, "max_depth": 1.3363662943260823, "n_estimators": 18.168949950617648}, "datetime": {"datetime": "2021-09-24 13:51:40", "elapsed": 186.247174, "delta": 2.65796}}
{"target": 0.20470362597724756, "params": {"eta": 0.544900650434349, "max_depth": 3.5148126505969413, "n_estimators": 75.13140758473902}, "datetime": {"datetime": "2021-09-24 13:51:41", "elapsed": 187.573044, "delta": 1.32587}}
{"target": 0.3923683506165885, "params": {"eta": 0.5501059801476721, "max_depth": 1.5057031844016764, "n_estimators": 61.66728385410811}, "datetime": {"datetime": "2021-09-24 13:51:43", "elapsed": 189.751971, "delta": 2.178927}}
{"target": 0.4444986121862917, "params": {"eta": 0.07923958377057795, "max_depth": 1.5214264661635732, "n_estimators": 68.0085042891146}, "datetime": {"datetime": "2021-09-24 13:51:44", "elapsed": 191.041777, "delta": 1.289806}}
{"target": 0.1885004929537044, "params": {"eta": 0.44310817567671396, "max_depth": 3.95794697781664, "n_estimators": 58.42302502434962}, "datetime": {"datetime": "2021-09-24 13:51:46", "elapsed": 192.335684, "delta": 1.293907}}
{"target": 0.3945011204579315, "params": {"eta": 0.5743557776537733, "max_depth": 1.312135926670436, "n_estimators": 53.649027757152055}, "datetime": {"datetime": "2021-09-24 13:51:48", "elapsed": 194.305782, "delta": 1.970098}}
{"target": 0.3001168864291338, "params": {"eta": 0.5363577936463347, "max_depth": 2.891530862413529, "n_estimators": 76.61435658451731}, "datetime": {"datetime": "2021-09-24 13:51:49", "elapsed": 195.575779, "delta": 1.269997}}
{"target": 0.367815767404566, "params": {"eta": 0.5937336201919745, "max_depth": 3.802340859238627, "n_estimators": 6.466015973427327}, "datetime": {"datetime": "2021-09-24 13:51:50", "elapsed": 196.536548, "delta": 0.960769}}
{"target": 0.41050006369554626, "params": {"eta": 0.35450525585479636, "max_depth": 2.731295796929547, "n_estimators": 26.93060538262258}, "datetime": {"datetime": "2021-09-24 13:51:51", "elapsed": 197.860232, "delta": 1.323684}}
{"target": 0.4319455458105409, "params": {"eta": 0.40581769459140077, "max_depth": 1.6356192591281316, "n_estimators": 73.8461152700257}, "datetime": {"datetime": "2021-09-24 13:51:54", "elapsed": 200.976398, "delta": 3.116166}}
{"target": -0.07448769505322028, "params": {"eta": 0.24551198342358646, "max_depth": 1.5461689766612876, "n_estimators": 4.145292809764211}, "datetime": {"datetime": "2021-09-24 13:51:55", "elapsed": 201.977386, "delta": 1.000988}}
{"target": 0.37560024171928075, "params": {"eta": 0.5197794470440634, "max_depth": 2.296479787587576, "n_estimators": 28.733813151464794}, "datetime": {"datetime": "2021-09-24 13:51:57", "elapsed": 203.452744, "delta": 1.475358}}
{"target": 0.37200445671556026, "params": {"eta": 0.1291998720877994, "max_depth": 2.777814861565347, "n_estimators": 15.713140989390144}, "datetime": {"datetime": "2021-09-24 13:51:58", "elapsed": 204.926742, "delta": 1.473998}}
{"target": 0.4479308265696562, "params": {"eta": 0.3160686181824095, "max_depth": 1.7012802960489908, "n_estimators": 59.341747953111266}, "datetime": {"datetime": "2021-09-24 13:52:00", "elapsed": 206.340873, "delta": 1.414131}}
{"target": 0.44331020799753773, "params": {"eta": 0.1100071699573094, "max_depth": 1.548311999033959, "n_estimators": 48.65001337882889}, "datetime": {"datetime": "2021-09-24 13:52:02", "elapsed": 208.966586, "delta": 2.625713}}
{"target": 0.367522287237685, "params": {"eta": 0.33757510866147905, "max_depth": 2.6325467054295832, "n_estimators": 43.32719631809645}, "datetime": {"datetime": "2021-09-24 13:52:04", "elapsed": 210.34243, "delta": 1.375844}}
{"target": 0.43174912117012465, "params": {"eta": 0.25380657636632065, "max_depth": 1.9486495316632777, "n_estimators": 15.813941229864595}, "datetime": {"datetime": "2021-09-24 13:52:05", "elapsed": 211.387661, "delta": 1.045231}}
{"target": 0.4161172325454998, "params": {"eta": 0.4648938812183632, "max_depth": 1.612788373699995, "n_estimators": 61.02061348834101}, "datetime": {"datetime": "2021-09-24 13:52:07", "elapsed": 213.470635, "delta": 2.082974}}
{"target": 0.2218224375177078, "params": {"eta": 0.4672359792819006, "max_depth": 3.8053641936907807, "n_estimators": 70.70552580952304}, "datetime": {"datetime": "2021-09-24 13:52:08", "elapsed": 214.547518, "delta": 1.076883}}
{"target": 0.32375364850170296, "params": {"eta": 0.38341193817166674, "max_depth": 3.5065358478319175, "n_estimators": 29.497486251738064}, "datetime": {"datetime": "2021-09-24 13:52:09", "elapsed": 215.556097, "delta": 1.008579}}
{"target": 0.3200199453605066, "params": {"eta": 0.34586956658511697, "max_depth": 2.37178804124698, "n_estimators": 72.08805856835554}, "datetime": {"datetime": "2021-09-24 13:52:10", "elapsed": 216.684904, "delta": 1.128807}}
{"target": -0.32928515083973764, "params": {"eta": 0.12073513913487424, "max_depth": 1.6065396828259837, "n_estimators": 7.674420454960004}, "datetime": {"datetime": "2021-09-24 13:52:11", "elapsed": 217.665146, "delta": 0.980242}}
{"target": 0.42912898545656697, "params": {"eta": 0.06222300916088718, "max_depth": 1.3765206524828995, "n_estimators": 60.917803497189624}, "datetime": {"datetime": "2021-09-24 13:52:13", "elapsed": 220.076853, "delta": 2.411707}}
{"target": 0.4176267770696649, "params": {"eta": 0.2841321164878714, "max_depth": 2.477550629098537, "n_estimators": 32.58200988231974}, "datetime": {"datetime": "2021-09-24 13:52:15", "elapsed": 221.496124, "delta": 1.419271}}
{"target": 0.4081579516328362, "params": {"eta": 0.5855559714760655, "max_depth": 1.8336492449775394, "n_estimators": 10.401040091859619}, "datetime": {"datetime": "2021-09-24 13:52:16", "elapsed": 222.546828, "delta": 1.050704}}
{"target": -1.569159848935466, "params": {"eta": 0.323803400827334, "max_depth": 2.0061416754444372, "n_estimators": 1.4835494025833533}, "datetime": {"datetime": "2021-09-24 13:52:17", "elapsed": 223.592977, "delta": 1.046149}}
{"target": 0.3775718484325027, "params": {"eta": 0.4846970946000244, "max_depth": 2.5192503513057387, "n_estimators": 32.29577685287414}, "datetime": {"datetime": "2021-09-24 13:52:19", "elapsed": 225.624674, "delta": 2.031697}}
{"target": 0.43943810591384036, "params": {"eta": 0.2538787885559096, "max_depth": 1.957781576882351, "n_estimators": 96.87425038772095}, "datetime": {"datetime": "2021-09-24 13:52:20", "elapsed": 227.130272, "delta": 1.505598}}
{"target": 0.4079004058715481, "params": {"eta": 0.35277428420669155, "max_depth": 2.816830300967995, "n_estimators": 30.97283232255766}, "datetime": {"datetime": "2021-09-24 13:52:22", "elapsed": 228.286215, "delta": 1.155943}}
{"target": 0.2912191622005288, "params": {"eta": 0.40479462883956074, "max_depth": 3.565950784833282, "n_estimators": 53.689988574935}, "datetime": {"datetime": "2021-09-24 13:52:23", "elapsed": 229.384008, "delta": 1.097793}}
{"target": 0.41172574189630406, "params": {"eta": 0.3237950799762663, "max_depth": 1.3969002428995663, "n_estimators": 8.187398542234199}, "datetime": {"datetime": "2021-09-24 13:52:24", "elapsed": 230.451531, "delta": 1.067523}}
{"target": 0.3762405924844552, "params": {"eta": 0.3207412425301499, "max_depth": 2.9589829639561, "n_estimators": 44.38599693122475}, "datetime": {"datetime": "2021-09-24 13:52:25", "elapsed": 231.874654, "delta": 1.423123}}
{"target": 0.43417862736014357, "params": {"eta": 0.23018027115604417, "max_depth": 3.3339068395785225, "n_estimators": 18.99110863194544}, "datetime": {"datetime": "2021-09-24 13:52:26", "elapsed": 232.954866, "delta": 1.080212}}
{"target": 0.3274726767178908, "params": {"eta": 0.02081069869706324, "max_depth": 3.166608436149993, "n_estimators": 87.01419991560964}, "datetime": {"datetime": "2021-09-24 13:52:27", "elapsed": 234.146899, "delta": 1.192033}}
{"target": 0.4087384177752006, "params": {"eta": 0.5414188767798159, "max_depth": 1.6991600204169472, "n_estimators": 28.07214692318674}, "datetime": {"datetime": "2021-09-24 13:52:29", "elapsed": 235.686777, "delta": 1.539878}}
{"target": 0.4469383542216663, "params": {"eta": 0.4069698255061362, "max_depth": 1.7553058884590458, "n_estimators": 25.962915922137256}, "datetime": {"datetime": "2021-09-24 13:52:30", "elapsed": 236.832513, "delta": 1.145736}}
{"target": 0.14183596845713742, "params": {"eta": 0.42695453843328307, "max_depth": 3.3858972683934057, "n_estimators": 89.829827278173}, "datetime": {"datetime": "2021-09-24 13:52:31", "elapsed": 237.985229, "delta": 1.152716}}
{"target": 0.3770808501042051, "params": {"eta": 0.5119891970996718, "max_depth": 2.330751272910179, "n_estimators": 32.78237198661516}, "datetime": {"datetime": "2021-09-24 13:52:33", "elapsed": 240.171569, "delta": 2.18634}}
{"target": 0.2797694642395937, "params": {"eta": 0.22125444140889478, "max_depth": 3.471264398024837, "n_estimators": 80.60730774733494}, "datetime": {"datetime": "2021-09-24 13:52:35", "elapsed": 241.430318, "delta": 1.258749}}
{"target": 0.44068434490516073, "params": {"eta": 0.4304165537547495, "max_depth": 1.3859538514000653, "n_estimators": 21.09314017688755}, "datetime": {"datetime": "2021-09-24 13:52:36", "elapsed": 242.511865, "delta": 1.081547}}
{"target": 0.3951007441794764, "params": {"eta": 0.3197097760153389, "max_depth": 3.444090370076356, "n_estimators": 9.617780117857611}, "datetime": {"datetime": "2021-09-24 13:52:37", "elapsed": 243.646992, "delta": 1.135127}}
{"target": 0.4457811087643433, "params": {"eta": 0.1382974008780181, "max_depth": 1.4248341351248501, "n_estimators": 62.15673043646297}, "datetime": {"datetime": "2021-09-24 13:52:38", "elapsed": 245.189862, "delta": 1.54287}}
{"target": -1.254029962420101, "params": {"eta": 0.09290628154722243, "max_depth": 1.5911193574688762, "n_estimators": 5.74515333667956}, "datetime": {"datetime": "2021-09-24 13:52:40", "elapsed": 246.427448, "delta": 1.237586}}
{"target": 0.3805754132108752, "params": {"eta": 0.5497820627402682, "max_depth": 3.486466867150683, "n_estimators": 9.630908404291402}, "datetime": {"datetime": "2021-09-24 13:52:43", "elapsed": 249.408642, "delta": 2.981194}}
{"target": 0.37812025481529365, "params": {"eta": 0.599555147743626, "max_depth": 1.732168988549519, "n_estimators": 69.33155827780895}, "datetime": {"datetime": "2021-09-24 13:52:44", "elapsed": 250.638111, "delta": 1.229469}}
{"target": 0.44484107432807685, "params": {"eta": 0.274922101586598, "max_depth": 1.9900801010237328, "n_estimators": 56.28254751024799}, "datetime": {"datetime": "2021-09-24 13:52:45", "elapsed": 251.719365, "delta": 1.081254}}
{"target": 0.24665562157258691, "params": {"eta": 0.4473828495540344, "max_depth": 3.727492143672094, "n_estimators": 99.35252909479625}, "datetime": {"datetime": "2021-09-24 13:52:46", "elapsed": 252.983733, "delta": 1.264368}}
{"target": 0.20742273378314013, "params": {"eta": 0.555902312958028, "max_depth": 3.3311089634430697, "n_estimators": 60.87994447120018}, "datetime": {"datetime": "2021-09-24 13:52:47", "elapsed": 254.082832, "delta": 1.099099}}
{"target": 0.42400072601931504, "params": {"eta": 0.12816983222820819, "max_depth": 3.1574749997559977, "n_estimators": 29.5516500609376}, "datetime": {"datetime": "2021-09-24 13:52:49", "elapsed": 255.697166, "delta": 1.614334}}
{"target": 0.2778293305670999, "params": {"eta": 0.26333965848325197, "max_depth": 3.339795199610238, "n_estimators": 90.5229332459189}, "datetime": {"datetime": "2021-09-24 13:52:50", "elapsed": 257.047453, "delta": 1.350287}}
{"target": 0.07641657631018961, "params": {"eta": 0.2683763159669615, "max_depth": 2.627650271848576, "n_estimators": 4.2758952056817865}, "datetime": {"datetime": "2021-09-24 13:52:52", "elapsed": 258.256788, "delta": 1.209335}}
{"target": 0.3073622935569057, "params": {"eta": 0.3904460605261616, "max_depth": 3.9460546425228227, "n_estimators": 63.97431721690878}, "datetime": {"datetime": "2021-09-24 13:52:54", "elapsed": 260.294711, "delta": 2.037923}}
{"target": 0.4539791429093498, "params": {"eta": 0.3633449656435995, "max_depth": 1.8381061694676402, "n_estimators": 83.80193558033392}, "datetime": {"datetime": "2021-09-24 13:52:55", "elapsed": 262.078937, "delta": 1.784226}}
{"target": 0.35100120987848227, "params": {"eta": 0.04439958718690462, "max_depth": 2.381788065096014, "n_estimators": 42.99627018909863}, "datetime": {"datetime": "2021-09-24 13:52:57", "elapsed": 263.23066, "delta": 1.151723}}
{"target": 0.44748023838229334, "params": {"eta": 0.11006640749182078, "max_depth": 3.470420328577502, "n_estimators": 36.818250403800775}, "datetime": {"datetime": "2021-09-24 13:52:58", "elapsed": 264.350658, "delta": 1.119998}}
{"target": 0.30956201860917254, "params": {"eta": 0.4186562487456985, "max_depth": 2.6030099559032736, "n_estimators": 68.19587813579692}, "datetime": {"datetime": "2021-09-24 13:52:59", "elapsed": 265.707181, "delta": 1.356523}}
{"target": 0.2162329729934287, "params": {"eta": 0.5827045951515378, "max_depth": 3.5223471684445498, "n_estimators": 31.049618256490817}, "datetime": {"datetime": "2021-09-24 13:53:00", "elapsed": 267.003369, "delta": 1.296188}}
{"target": 0.30610286977875756, "params": {"eta": 0.5690402434574408, "max_depth": 2.600446414150033, "n_estimators": 32.59546925835925}, "datetime": {"datetime": "2021-09-24 13:53:03", "elapsed": 269.99082, "delta": 2.987451}}
{"target": 0.45342639859689715, "params": {"eta": 0.23421439720375772, "max_depth": 1.2365721354506722, "n_estimators": 70.21208745189796}, "datetime": {"datetime": "2021-09-24 13:53:05", "elapsed": 271.443429, "delta": 1.452609}}
{"target": 0.4471177226951186, "params": {"eta": 0.1469831928255474, "max_depth": 1.6820046290456017, "n_estimators": 61.280271441379675}, "datetime": {"datetime": "2021-09-24 13:53:08", "elapsed": 274.784491, "delta": 3.341062}}
{"target": 0.3750534230947139, "params": {"eta": 0.5240525600123215, "max_depth": 2.4616775769312724, "n_estimators": 24.567875459606515}, "datetime": {"datetime": "2021-09-24 13:53:10", "elapsed": 276.21216, "delta": 1.427669}}
{"target": 0.44116367712328064, "params": {"eta": 0.14047297444006887, "max_depth": 1.2527439005176775, "n_estimators": 47.975541570784856}, "datetime": {"datetime": "2021-09-24 13:53:12", "elapsed": 278.887169, "delta": 2.675009}}
{"target": 0.4083395940362883, "params": {"eta": 0.5370794132449886, "max_depth": 1.5370755124375113, "n_estimators": 14.185434463457453}, "datetime": {"datetime": "2021-09-24 13:53:15", "elapsed": 281.464502, "delta": 2.577333}}
{"target": 0.20194113101415845, "params": {"eta": 0.2987099541796493, "max_depth": 3.6038663344695574, "n_estimators": 78.5407339996827}, "datetime": {"datetime": "2021-09-24 13:53:16", "elapsed": 282.74747, "delta": 1.282968}}
{"target": 0.37926736539948935, "params": {"eta": 0.48689105902660396, "max_depth": 2.1824040499654167, "n_estimators": 32.474418272685085}, "datetime": {"datetime": "2021-09-24 13:53:20", "elapsed": 286.420295, "delta": 3.672825}}
{"target": 0.28064534079269543, "params": {"eta": 0.47373101719286154, "max_depth": 3.8380034439506163, "n_estimators": 28.811983903137016}, "datetime": {"datetime": "2021-09-24 13:53:21", "elapsed": 287.587806, "delta": 1.167511}}
{"target": 0.44789263609282803, "params": {"eta": 0.10943891771469327, "max_depth": 2.240575556485412, "n_estimators": 60.32872873384644}, "datetime": {"datetime": "2021-09-24 13:53:22", "elapsed": 288.883177, "delta": 1.295371}}
{"target": 0.395546658508228, "params": {"eta": 0.5794018896034493, "max_depth": 2.897730081638133, "n_estimators": 9.561989451912872}, "datetime": {"datetime": "2021-09-24 13:53:26", "elapsed": 292.568876, "delta": 3.685699}}
{"target": 0.45033799034383415, "params": {"eta": 0.25207487973777676, "max_depth": 1.2222330846479754, "n_estimators": 60.43093500855997}, "datetime": {"datetime": "2021-09-24 13:53:29", "elapsed": 295.360508, "delta": 2.791632}}
{"target": 0.455099395175081, "params": {"eta": 0.21332860486072677, "max_depth": 1.637313903384614, "n_estimators": 46.92412679616764}, "datetime": {"datetime": "2021-09-24 13:53:30", "elapsed": 296.782118, "delta": 1.42161}}
{"target": 0.3662828821722829, "params": {"eta": 0.4629147790895886, "max_depth": 1.8542519137188875, "n_estimators": 4.079746336350571}, "datetime": {"datetime": "2021-09-24 13:53:32", "elapsed": 298.260367, "delta": 1.478249}}
{"target": 0.41250000461408454, "params": {"eta": 0.2615233343333374, "max_depth": 3.3834446475724227, "n_estimators": 16.727924762493437}, "datetime": {"datetime": "2021-09-24 13:53:33", "elapsed": 299.658136, "delta": 1.397769}}
{"target": 0.446622687579347, "params": {"eta": 0.19907393452039773, "max_depth": 1.752836344344923, "n_estimators": 46.53428872880538}, "datetime": {"datetime": "2021-09-24 13:53:36", "elapsed": 302.527841, "delta": 2.869705}}
{"target": 0.45082456070901433, "params": {"eta": 0.31957399772564615, "max_depth": 1.6778011021544814, "n_estimators": 46.006366098375274}, "datetime": {"datetime": "2021-09-24 13:53:39", "elapsed": 305.55384, "delta": 3.025999}}
{"target": 0.25680223865532137, "params": {"eta": 0.44865688801971937, "max_depth": 2.9417839027653687, "n_estimators": 57.45813992072828}, "datetime": {"datetime": "2021-09-24 13:53:40", "elapsed": 306.829401, "delta": 1.275561}}
{"target": 0.4237638145092094, "params": {"eta": 0.14561685059467905, "max_depth": 1.3927588374259015, "n_estimators": 25.25268371586041}, "datetime": {"datetime": "2021-09-24 13:53:43", "elapsed": 309.251878, "delta": 2.422477}}
{"target": 0.3635749350835754, "params": {"eta": 0.3079631503137443, "max_depth": 2.9309718655668653, "n_estimators": 56.11015081707336}, "datetime": {"datetime": "2021-09-24 13:53:44", "elapsed": 310.995817, "delta": 1.743939}}
{"target": 0.41695758966886887, "params": {"eta": 0.06281661417444653, "max_depth": 1.697292318625545, "n_estimators": 49.422320070591915}, "datetime": {"datetime": "2021-09-24 13:53:46", "elapsed": 313.057875, "delta": 2.062058}}
{"target": 0.3605946184767348, "params": {"eta": 0.46097179245223135, "max_depth": 2.0200369600291883, "n_estimators": 48.16941989367157}, "datetime": {"datetime": "2021-09-24 13:53:48", "elapsed": 314.917863, "delta": 1.859988}}
{"target": 0.4540421181302998, "params": {"eta": 0.10167292628217306, "max_depth": 2.3605963873441045, "n_estimators": 66.83628880580324}, "datetime": {"datetime": "2021-09-24 13:53:50", "elapsed": 317.00911, "delta": 2.091247}}
{"target": 0.17129335129393197, "params": {"eta": 0.5928671665525358, "max_depth": 3.643384232279163, "n_estimators": 43.36900793602542}, "datetime": {"datetime": "2021-09-24 13:53:52", "elapsed": 318.771715, "delta": 1.762605}}
