{"target": -34.3945828972724, "params": {"eta": 0.17, "max_depth": 43.822156798604915, "n_estimators": 14.234647434415418}, "datetime": {"datetime": "2021-09-29 15:05:43", "elapsed": 7.808961, "delta": 0.266998}}
{"target": -33.82561832364427, "params": {"eta": 0.17, "max_depth": 58.54653995647265, "n_estimators": 12.477543485517884}, "datetime": {"datetime": "2021-09-29 15:05:43", "elapsed": 8.081963, "delta": 0.273002}}
{"target": -34.75084960898663, "params": {"eta": 0.17, "max_depth": 36.61474522476751, "n_estimators": 16.775741699829645}, "datetime": {"datetime": "2021-09-29 15:05:44", "elapsed": 8.352962, "delta": 0.270999}}
{"target": -36.067765503817625, "params": {"eta": 0.17, "max_depth": 99.01886780801007, "n_estimators": 24.125586163631926}, "datetime": {"datetime": "2021-09-29 15:05:44", "elapsed": 8.680466, "delta": 0.327504}}
{"target": -35.87726838723477, "params": {"eta": 0.17, "max_depth": 22.283878428793866, "n_estimators": 22.759093342696307}, "datetime": {"datetime": "2021-09-29 15:05:44", "elapsed": 9.035463, "delta": 0.354997}}
{"target": -35.87726838723477, "params": {"eta": 0.17, "max_depth": 82.77953212762802, "n_estimators": 22.585646786825443}, "datetime": {"datetime": "2021-09-29 15:05:45", "elapsed": 9.378465, "delta": 0.343002}}
{"target": -36.315208030064824, "params": {"eta": 0.17, "max_depth": 75.63805929352446, "n_estimators": 27.414684956146868}, "datetime": {"datetime": "2021-09-29 15:05:45", "elapsed": 9.782481, "delta": 0.404016}}
{"target": -39.32476222001669, "params": {"eta": 0.17, "max_depth": 54.79807100317307, "n_estimators": 6.598773990681913}, "datetime": {"datetime": "2021-09-29 15:05:45", "elapsed": 10.013467, "delta": 0.230986}}
{"target": -36.50911269324574, "params": {"eta": 0.17, "max_depth": 18.62991262164904, "n_estimators": 29.99673446701645}, "datetime": {"datetime": "2021-09-29 15:05:46", "elapsed": 10.414466, "delta": 0.400999}}
{"target": -36.50911269324574, "params": {"eta": 0.17, "max_depth": 43.4926962428462, "n_estimators": 29.67859716761413}, "datetime": {"datetime": "2021-09-29 15:05:46", "elapsed": 10.834989, "delta": 0.420523}}
{"target": -34.3945828972724, "params": {"eta": 0.17, "max_depth": 55.22431471173181, "n_estimators": 14.489824631677926}, "datetime": {"datetime": "2021-09-29 15:05:47", "elapsed": 11.11699, "delta": 0.282001}}
{"target": -34.488655570073654, "params": {"eta": 0.17, "max_depth": 64.58519614057172, "n_estimators": 15.386325592535256}, "datetime": {"datetime": "2021-09-29 15:05:47", "elapsed": 11.401988, "delta": 0.284998}}
{"target": -34.85221009113702, "params": {"eta": 0.17, "max_depth": 99.9217704142793, "n_estimators": 9.845164796683681}, "datetime": {"datetime": "2021-09-29 15:05:47", "elapsed": 11.660993, "delta": 0.259005}}
{"target": -80.78114210713122, "params": {"eta": 0.17, "max_depth": 99.9058649691352, "n_estimators": 1.0415389790851735}, "datetime": {"datetime": "2021-09-29 15:05:47", "elapsed": 11.911992, "delta": 0.250999}}
{"target": -34.08463853456134, "params": {"eta": 0.17, "max_depth": 95.16268919113482, "n_estimators": 13.801290515478327}, "datetime": {"datetime": "2021-09-29 15:05:48", "elapsed": 12.197597, "delta": 0.285605}}
{"target": -34.08463853456134, "params": {"eta": 0.17, "max_depth": 99.60271381087935, "n_estimators": 13.5197767140311}, "datetime": {"datetime": "2021-09-29 15:05:48", "elapsed": 12.503599, "delta": 0.306002}}
{"target": -34.75084960898663, "params": {"eta": 0.17, "max_depth": 86.63241628153189, "n_estimators": 16.016158236416516}, "datetime": {"datetime": "2021-09-29 15:05:48", "elapsed": 12.835161, "delta": 0.331562}}
{"target": -34.75084960898663, "params": {"eta": 0.17, "max_depth": 28.01507408559499, "n_estimators": 16.46614184777701}, "datetime": {"datetime": "2021-09-29 15:05:49", "elapsed": 13.154161, "delta": 0.319}}
{"target": -34.3945828972724, "params": {"eta": 0.17, "max_depth": 17.410466633546925, "n_estimators": 14.775268062190925}, "datetime": {"datetime": "2021-09-29 15:05:49", "elapsed": 13.464162, "delta": 0.310001}}
{"target": -34.75084960898663, "params": {"eta": 0.17, "max_depth": 79.80353435170903, "n_estimators": 16.617598460276145}, "datetime": {"datetime": "2021-09-29 15:05:49", "elapsed": 13.76616, "delta": 0.301998}}
{"target": -34.488655570073654, "params": {"eta": 0.17, "max_depth": 72.27216970135383, "n_estimators": 15.79627583919662}, "datetime": {"datetime": "2021-09-29 15:05:49", "elapsed": 14.059161, "delta": 0.293001}}
{"target": -36.50911269324574, "params": {"eta": 0.17, "max_depth": 31.232382409434923, "n_estimators": 29.86161654694255}, "datetime": {"datetime": "2021-09-29 15:05:50", "elapsed": 14.478159, "delta": 0.418998}}
{"target": -35.01426003065958, "params": {"eta": 0.17, "max_depth": 92.77133013234774, "n_estimators": 17.50558506601096}, "datetime": {"datetime": "2021-09-29 15:05:50", "elapsed": 14.792645, "delta": 0.314486}}
{"target": -36.131114087169685, "params": {"eta": 0.17, "max_depth": 46.9650772336239, "n_estimators": 25.067422794893048}, "datetime": {"datetime": "2021-09-29 15:05:51", "elapsed": 15.185645, "delta": 0.393}}
{"target": -34.75084960898663, "params": {"eta": 0.17, "max_depth": 47.14239156989359, "n_estimators": 16.889572085484883}, "datetime": {"datetime": "2021-09-29 15:05:51", "elapsed": 15.507644, "delta": 0.321999}}
{"target": -36.131114087169685, "params": {"eta": 0.17, "max_depth": 54.917366046920954, "n_estimators": 25.579213303007595}, "datetime": {"datetime": "2021-09-29 15:05:51", "elapsed": 15.899645, "delta": 0.392001}}
{"target": -36.067765503817625, "params": {"eta": 0.17, "max_depth": 36.97375772608176, "n_estimators": 24.756131804812604}, "datetime": {"datetime": "2021-09-29 15:05:52", "elapsed": 16.303649, "delta": 0.404004}}
{"target": -35.262398787431856, "params": {"eta": 0.17, "max_depth": 19.604990758329883, "n_estimators": 18.323016310888622}, "datetime": {"datetime": "2021-09-29 15:05:52", "elapsed": 16.637648, "delta": 0.333999}}
{"target": -39.78021457425797, "params": {"eta": 0.17, "max_depth": 1.025568505847581, "n_estimators": 18.21962791016531}, "datetime": {"datetime": "2021-09-29 15:05:52", "elapsed": 16.891643, "delta": 0.253995}}
{"target": -38.594765866417404, "params": {"eta": 0.17, "max_depth": 10.21498662789862, "n_estimators": 24.575458818360637}, "datetime": {"datetime": "2021-09-29 15:05:53", "elapsed": 17.270327, "delta": 0.378684}}
{"target": -38.93603504710495, "params": {"eta": 0.17, "max_depth": 7.196688605022334, "n_estimators": 16.542490046941463}, "datetime": {"datetime": "2021-09-29 15:05:53", "elapsed": 17.563325, "delta": 0.292998}}
{"target": -33.99598282693733, "params": {"eta": 0.17, "max_depth": 25.076338051626603, "n_estimators": 11.378602081265173}, "datetime": {"datetime": "2021-09-29 15:05:53", "elapsed": 17.890323, "delta": 0.326998}}
{"target": -34.394102092310554, "params": {"eta": 0.17, "max_depth": 20.648200727082155, "n_estimators": 10.785242019475332}, "datetime": {"datetime": "2021-09-29 15:05:54", "elapsed": 18.190323, "delta": 0.3}}
{"target": -35.01426003065958, "params": {"eta": 0.17, "max_depth": 69.16649724017091, "n_estimators": 17.66495183885493}, "datetime": {"datetime": "2021-09-29 15:05:54", "elapsed": 18.544862, "delta": 0.354539}}
{"target": -36.131114087169685, "params": {"eta": 0.17, "max_depth": 62.25820391294144, "n_estimators": 25.684289902219803}, "datetime": {"datetime": "2021-09-29 15:05:54", "elapsed": 19.019894, "delta": 0.475032}}
{"target": -34.488655570073654, "params": {"eta": 0.17, "max_depth": 60.2764954562757, "n_estimators": 15.772024717572073}, "datetime": {"datetime": "2021-09-29 15:05:55", "elapsed": 19.34289, "delta": 0.322996}}
{"target": -36.131114087169685, "params": {"eta": 0.17, "max_depth": 28.436163107216355, "n_estimators": 25.004229456141026}, "datetime": {"datetime": "2021-09-29 15:05:55", "elapsed": 19.788946, "delta": 0.446056}}
{"target": -35.45232621131584, "params": {"eta": 0.17, "max_depth": 86.41339017993405, "n_estimators": 19.55040366075659}, "datetime": {"datetime": "2021-09-29 15:05:56", "elapsed": 20.157946, "delta": 0.369}}
{"target": -33.99598282693733, "params": {"eta": 0.17, "max_depth": 63.06275032255642, "n_estimators": 11.475027990036052}, "datetime": {"datetime": "2021-09-29 15:05:56", "elapsed": 20.458948, "delta": 0.301002}}
{"target": -34.3945828972724, "params": {"eta": 0.17, "max_depth": 39.749772811512344, "n_estimators": 14.051395535534388}, "datetime": {"datetime": "2021-09-29 15:05:56", "elapsed": 20.836373, "delta": 0.377425}}
{"target": -34.394102092310554, "params": {"eta": 0.17, "max_depth": 47.266921206168774, "n_estimators": 10.396123741783983}, "datetime": {"datetime": "2021-09-29 15:05:57", "elapsed": 21.122374, "delta": 0.286001}}
{"target": -34.488655570073654, "params": {"eta": 0.17, "max_depth": 32.19440191468442, "n_estimators": 15.253795826899289}, "datetime": {"datetime": "2021-09-29 15:05:57", "elapsed": 21.446371, "delta": 0.323997}}
{"target": -34.08463853456134, "params": {"eta": 0.17, "max_depth": 90.98089553671363, "n_estimators": 13.967658971043225}, "datetime": {"datetime": "2021-09-29 15:05:57", "elapsed": 21.794371, "delta": 0.348}}
{"target": -36.067765503817625, "params": {"eta": 0.17, "max_depth": 17.19438806083565, "n_estimators": 24.926398966910508}, "datetime": {"datetime": "2021-09-29 15:05:58", "elapsed": 22.240002, "delta": 0.445631}}
{"target": -35.01426003065958, "params": {"eta": 0.17, "max_depth": 76.52658249396801, "n_estimators": 17.71026007925522}, "datetime": {"datetime": "2021-09-29 15:05:58", "elapsed": 22.640193, "delta": 0.400191}}
{"target": -34.08463853456134, "params": {"eta": 0.17, "max_depth": 67.5767949442458, "n_estimators": 13.140643674512098}, "datetime": {"datetime": "2021-09-29 15:05:58", "elapsed": 22.939197, "delta": 0.299004}}
{"target": -36.26645884399639, "params": {"eta": 0.17, "max_depth": 87.22008122853764, "n_estimators": 26.44537364039833}, "datetime": {"datetime": "2021-09-29 15:05:59", "elapsed": 23.348199, "delta": 0.409002}}
{"target": -33.82561832364427, "params": {"eta": 0.17, "max_depth": 28.724750926567392, "n_estimators": 12.966104954801608}, "datetime": {"datetime": "2021-09-29 15:05:59", "elapsed": 23.692196, "delta": 0.343997}}
{"target": -33.99598282693733, "params": {"eta": 0.17, "max_depth": 97.78425646983787, "n_estimators": 11.317640544360943}, "datetime": {"datetime": "2021-09-29 15:05:59", "elapsed": 24.021194, "delta": 0.328998}}
{"target": -33.82561832364427, "params": {"eta": 0.17, "max_depth": 47.7813211873257, "n_estimators": 12.925183169136165}, "datetime": {"datetime": "2021-09-29 15:06:00", "elapsed": 24.339196, "delta": 0.318002}}
{"target": -33.99598282693733, "params": {"eta": 0.17, "max_depth": 53.79601629255368, "n_estimators": 11.143468700872145}, "datetime": {"datetime": "2021-09-29 15:06:00", "elapsed": 24.669007, "delta": 0.329811}}
{"target": -36.131114087169685, "params": {"eta": 0.17, "max_depth": 70.49351800515612, "n_estimators": 25.630829481362426}, "datetime": {"datetime": "2021-09-29 15:06:01", "elapsed": 25.22601, "delta": 0.557003}}
{"target": -33.82561832364427, "params": {"eta": 0.17, "max_depth": 22.107069548586583, "n_estimators": 12.513909857328871}, "datetime": {"datetime": "2021-09-29 15:06:01", "elapsed": 25.582009, "delta": 0.355999}}
{"target": -34.394102092310554, "params": {"eta": 0.17, "max_depth": 50.53372567208159, "n_estimators": 10.261784285906957}, "datetime": {"datetime": "2021-09-29 15:06:01", "elapsed": 25.911008, "delta": 0.328999}}
{"target": -34.08463853456134, "params": {"eta": 0.17, "max_depth": 25.73040928434039, "n_estimators": 13.741111148141993}, "datetime": {"datetime": "2021-09-29 15:06:02", "elapsed": 26.291007, "delta": 0.379999}}
{"target": -34.08463853456134, "params": {"eta": 0.17, "max_depth": 61.64609133642218, "n_estimators": 13.257558491938942}, "datetime": {"datetime": "2021-09-29 15:06:02", "elapsed": 26.638169, "delta": 0.347162}}
{"target": -36.26645884399639, "params": {"eta": 0.17, "max_depth": 94.6820827719285, "n_estimators": 26.39474160337547}, "datetime": {"datetime": "2021-09-29 15:06:02", "elapsed": 27.08317, "delta": 0.445001}}
{"target": -34.3945828972724, "params": {"eta": 0.17, "max_depth": 36.16774529502118, "n_estimators": 14.185083969801035}, "datetime": {"datetime": "2021-09-29 15:06:03", "elapsed": 27.531165, "delta": 0.447995}}
{"target": -33.99598282693733, "params": {"eta": 0.17, "max_depth": 41.80683398136748, "n_estimators": 11.528755078696046}, "datetime": {"datetime": "2021-09-29 15:06:03", "elapsed": 28.008172, "delta": 0.477007}}
{"target": -35.45232621131584, "params": {"eta": 0.17, "max_depth": 80.83314668106459, "n_estimators": 19.238675954945872}, "datetime": {"datetime": "2021-09-29 15:06:04", "elapsed": 28.412172, "delta": 0.404}}
{"target": -34.394102092310554, "params": {"eta": 0.17, "max_depth": 59.225760283073825, "n_estimators": 10.047395243786625}, "datetime": {"datetime": "2021-09-29 15:06:04", "elapsed": 28.732452, "delta": 0.32028}}
{"target": -33.99598282693733, "params": {"eta": 0.17, "max_depth": 99.86335300766633, "n_estimators": 11.862175041314861}, "datetime": {"datetime": "2021-09-29 15:06:05", "elapsed": 29.233455, "delta": 0.501003}}
{"target": -36.50911269324574, "params": {"eta": 0.17, "max_depth": 64.05719419894208, "n_estimators": 29.890362774417916}, "datetime": {"datetime": "2021-09-29 15:06:05", "elapsed": 29.790452, "delta": 0.556997}}
{"target": -34.488655570073654, "params": {"eta": 0.17, "max_depth": 90.03327065239776, "n_estimators": 15.996398740736511}, "datetime": {"datetime": "2021-09-29 15:06:06", "elapsed": 30.187454, "delta": 0.397002}}
{"target": -34.75084960898663, "params": {"eta": 0.17, "max_depth": 14.568252889712866, "n_estimators": 16.65545576686207}, "datetime": {"datetime": "2021-09-29 15:06:06", "elapsed": 30.596452, "delta": 0.408998}}
{"target": -35.59364507836462, "params": {"eta": 0.17, "max_depth": 37.346513493173745, "n_estimators": 20.500226100753622}, "datetime": {"datetime": "2021-09-29 15:06:06", "elapsed": 31.072658, "delta": 0.476206}}
{"target": -33.99598282693733, "params": {"eta": 0.17, "max_depth": 44.87556864346199, "n_estimators": 11.663118736360305}, "datetime": {"datetime": "2021-09-29 15:06:07", "elapsed": 31.461661, "delta": 0.389003}}
{"target": -35.45232621131584, "params": {"eta": 0.17, "max_depth": 96.59761637951773, "n_estimators": 19.916403169062075}, "datetime": {"datetime": "2021-09-29 15:06:07", "elapsed": 31.893662, "delta": 0.432001}}
{"target": -33.82561832364427, "params": {"eta": 0.17, "max_depth": 65.108143715087, "n_estimators": 12.508970927291672}, "datetime": {"datetime": "2021-09-29 15:06:08", "elapsed": 32.27032, "delta": 0.376658}}
{"target": -36.50911269324574, "params": {"eta": 0.17, "max_depth": 77.57976585767945, "n_estimators": 29.90775027833221}, "datetime": {"datetime": "2021-09-29 15:06:08", "elapsed": 32.795314, "delta": 0.524994}}
{"target": -33.99598282693733, "params": {"eta": 0.17, "max_depth": 56.46091333942316, "n_estimators": 11.500775907267453}, "datetime": {"datetime": "2021-09-29 15:06:09", "elapsed": 33.158316, "delta": 0.363002}}
{"target": -33.82561832364427, "params": {"eta": 0.17, "max_depth": 16.64227599789635, "n_estimators": 12.141911660900286}, "datetime": {"datetime": "2021-09-29 15:06:09", "elapsed": 33.505316, "delta": 0.347}}
{"target": -33.82561832364427, "params": {"eta": 0.17, "max_depth": 18.87666106327014, "n_estimators": 12.512351784006146}, "datetime": {"datetime": "2021-09-29 15:06:09", "elapsed": 33.892316, "delta": 0.387}}
{"target": -33.99598282693733, "params": {"eta": 0.17, "max_depth": 30.578661195472982, "n_estimators": 11.798392869803044}, "datetime": {"datetime": "2021-09-29 15:06:10", "elapsed": 34.321318, "delta": 0.429002}}
{"target": -33.99598282693733, "params": {"eta": 0.17, "max_depth": 38.4414511219053, "n_estimators": 11.830134566301023}, "datetime": {"datetime": "2021-09-29 15:06:10", "elapsed": 34.7555, "delta": 0.434182}}
{"target": -34.75084960898663, "params": {"eta": 0.17, "max_depth": 51.04434692150111, "n_estimators": 16.05582938860463}, "datetime": {"datetime": "2021-09-29 15:06:11", "elapsed": 35.212503, "delta": 0.457003}}
{"target": -34.488655570073654, "params": {"eta": 0.17, "max_depth": 97.558400557309, "n_estimators": 15.188246166180631}, "datetime": {"datetime": "2021-09-29 15:06:11", "elapsed": 35.631502, "delta": 0.418999}}
{"target": -34.3945828972724, "params": {"eta": 0.17, "max_depth": 67.31765632906033, "n_estimators": 14.667545321450607}, "datetime": {"datetime": "2021-09-29 15:06:11", "elapsed": 36.024502, "delta": 0.393}}
{"target": -34.3945828972724, "params": {"eta": 0.17, "max_depth": 75.83006758373891, "n_estimators": 14.506754882046016}, "datetime": {"datetime": "2021-09-29 15:06:12", "elapsed": 36.529502, "delta": 0.505}}
{"target": -34.3945828972724, "params": {"eta": 0.17, "max_depth": 82.62407878846535, "n_estimators": 14.26711699884135}, "datetime": {"datetime": "2021-09-29 15:06:12", "elapsed": 37.018423, "delta": 0.488921}}
{"target": -34.75084960898663, "params": {"eta": 0.17, "max_depth": 82.83717912605448, "n_estimators": 16.28546546126247}, "datetime": {"datetime": "2021-09-29 15:06:13", "elapsed": 37.465425, "delta": 0.447002}}
{"target": -34.08463853456134, "params": {"eta": 0.17, "max_depth": 87.51327427126913, "n_estimators": 13.238246994507767}, "datetime": {"datetime": "2021-09-29 15:06:13", "elapsed": 38.113422, "delta": 0.647997}}
{"target": -35.59364507836462, "params": {"eta": 0.17, "max_depth": 25.907665607749006, "n_estimators": 20.137413185599797}, "datetime": {"datetime": "2021-09-29 15:06:14", "elapsed": 38.598423, "delta": 0.485001}}
{"target": -34.08463853456134, "params": {"eta": 0.17, "max_depth": 71.35344883552425, "n_estimators": 13.187113997335727}, "datetime": {"datetime": "2021-09-29 15:06:14", "elapsed": 39.011051, "delta": 0.412628}}
{"target": -34.08463853456134, "params": {"eta": 0.17, "max_depth": 30.83831556687151, "n_estimators": 13.274393800205857}, "datetime": {"datetime": "2021-09-29 15:06:15", "elapsed": 39.447045, "delta": 0.435994}}
{"target": -35.45232621131584, "params": {"eta": 0.17, "max_depth": 63.11311519215504, "n_estimators": 19.649374296437678}, "datetime": {"datetime": "2021-09-29 15:06:15", "elapsed": 39.937045, "delta": 0.49}}
{"target": -33.99598282693733, "params": {"eta": 0.17, "max_depth": 27.385726878338115, "n_estimators": 11.691713860169461}, "datetime": {"datetime": "2021-09-29 15:06:16", "elapsed": 40.542048, "delta": 0.605003}}
{"target": -33.82561832364427, "params": {"eta": 0.17, "max_depth": 52.53151698615213, "n_estimators": 12.491734466252847}, "datetime": {"datetime": "2021-09-29 15:06:16", "elapsed": 41.024636, "delta": 0.482588}}
{"target": -33.82561832364427, "params": {"eta": 0.17, "max_depth": 93.49373672784246, "n_estimators": 12.122226575874825}, "datetime": {"datetime": "2021-09-29 15:06:17", "elapsed": 41.41363, "delta": 0.388994}}
{"target": -33.99598282693733, "params": {"eta": 0.17, "max_depth": 95.74150836809679, "n_estimators": 11.99248048740031}, "datetime": {"datetime": "2021-09-29 15:06:17", "elapsed": 41.850632, "delta": 0.437002}}
{"target": -36.131114087169685, "params": {"eta": 0.17, "max_depth": 41.40503234906519, "n_estimators": 25.43805150527879}, "datetime": {"datetime": "2021-09-29 15:06:18", "elapsed": 42.382634, "delta": 0.532002}}
{"target": -34.08463853456134, "params": {"eta": 0.17, "max_depth": 15.438023070804453, "n_estimators": 13.547890456494386}, "datetime": {"datetime": "2021-09-29 15:06:18", "elapsed": 42.779638, "delta": 0.397004}}
{"target": -34.3945828972724, "params": {"eta": 0.17, "max_depth": 69.98919816820901, "n_estimators": 14.04572349234182}, "datetime": {"datetime": "2021-09-29 15:06:19", "elapsed": 43.293636, "delta": 0.513998}}
{"target": -33.99598282693733, "params": {"eta": 0.17, "max_depth": 48.771657683423086, "n_estimators": 11.583121703457225}, "datetime": {"datetime": "2021-09-29 15:06:19", "elapsed": 43.736638, "delta": 0.443002}}
{"target": -42.57320794328078, "params": {"eta": 0.17, "max_depth": 6.798490345312603, "n_estimators": 29.99460326673421}, "datetime": {"datetime": "2021-09-29 15:06:20", "elapsed": 44.211638, "delta": 0.475}}
{"target": -34.08463853456134, "params": {"eta": 0.17, "max_depth": 73.41665678722407, "n_estimators": 13.499588873666966}, "datetime": {"datetime": "2021-09-29 15:06:20", "elapsed": 44.683109, "delta": 0.471471}}
{"target": -33.99598282693733, "params": {"eta": 0.17, "max_depth": 60.55954813007031, "n_estimators": 11.738689154777928}, "datetime": {"datetime": "2021-09-29 15:06:20", "elapsed": 45.076109, "delta": 0.393}}
{"target": -34.08463853456134, "params": {"eta": 0.17, "max_depth": 85.29819273850168, "n_estimators": 13.712830310014434}, "datetime": {"datetime": "2021-09-29 15:06:21", "elapsed": 45.611107, "delta": 0.534998}}
{"target": -33.99598282693733, "params": {"eta": 0.17, "max_depth": 66.05791828519801, "n_estimators": 11.064646750318543}, "datetime": {"datetime": "2021-09-29 15:06:21", "elapsed": 46.027106, "delta": 0.415999}}
{"target": -34.08463853456134, "params": {"eta": 0.17, "max_depth": 93.08146195834296, "n_estimators": 13.182715328329575}, "datetime": {"datetime": "2021-09-29 15:06:22", "elapsed": 46.487107, "delta": 0.460001}}
{"target": -33.99598282693733, "params": {"eta": 0.17, "max_depth": 90.69646969828935, "n_estimators": 11.874252077366005}, "datetime": {"datetime": "2021-09-29 15:06:22", "elapsed": 46.96031, "delta": 0.473203}}
{"target": -36.131114087169685, "params": {"eta": 0.17, "max_depth": 79.59715863912558, "n_estimators": 25.579077146665885}, "datetime": {"datetime": "2021-09-29 15:06:23", "elapsed": 47.572438, "delta": 0.612128}}
{"target": -33.82561832364427, "params": {"eta": 0.17, "max_depth": 23.89116729883985, "n_estimators": 12.746382365198755}, "datetime": {"datetime": "2021-09-29 15:06:23", "elapsed": 47.993436, "delta": 0.420998}}
