{"target": 0.21969488521792202, "params": {"eta": 0.018963094372238073, "max_depth": 1.4401647552653318, "n_estimators": 83.87976706076344}, "datetime": {"datetime": "2021-09-24 13:58:03", "elapsed": 569.593391, "delta": 3.689078}}
{"target": 0.3029989535468893, "params": {"eta": 0.3556353114932346, "max_depth": 2.584008179063405, "n_estimators": 74.09562014661985}, "datetime": {"datetime": "2021-09-24 13:58:05", "elapsed": 572.151145, "delta": 2.557754}}
{"target": 0.36397925834266676, "params": {"eta": 0.307911026737632, "max_depth": 3.3381407766028737, "n_estimators": 22.303594002751332}, "datetime": {"datetime": "2021-09-24 13:58:08", "elapsed": 574.723304, "delta": 2.572159}}
{"target": -0.736018026699663, "params": {"eta": 0.01, "max_depth": 2.767805867626148, "n_estimators": 66.91603250517277}, "datetime": {"datetime": "2021-09-24 13:58:12", "elapsed": 578.701754, "delta": 3.97845}}
{"target": 0.2549869836418438, "params": {"eta": 0.29785665697041075, "max_depth": 3.8232538496400834, "n_estimators": 66.97241104808423}, "datetime": {"datetime": "2021-09-24 13:58:15", "elapsed": 581.628687, "delta": 2.926933}}
{"target": 0.2821435816024338, "params": {"eta": 0.3039730417260969, "max_depth": 3.3270961225984386, "n_estimators": 80.74253159500262}, "datetime": {"datetime": "2021-09-24 13:58:17", "elapsed": 583.927106, "delta": 2.298419}}
{"target": 0.43515707089671585, "params": {"eta": 0.14908569077040354, "max_depth": 2.043540576190387, "n_estimators": 66.63353764281412}, "datetime": {"datetime": "2021-09-24 13:58:22", "elapsed": 588.411281, "delta": 4.484175}}
{"target": 0.4204580107084823, "params": {"eta": 0.11798821467849421, "max_depth": 2.7052726711266173, "n_estimators": 97.01213676950091}, "datetime": {"datetime": "2021-09-24 13:58:25", "elapsed": 591.979086, "delta": 3.567805}}
{"target": 0.4209812356912944, "params": {"eta": 0.4995274025767456, "max_depth": 1.3057473588467112, "n_estimators": 13.713229592021218}, "datetime": {"datetime": "2021-09-24 13:58:29", "elapsed": 596.070669, "delta": 4.091583}}
{"target": 0.4204062407975466, "params": {"eta": 0.1669004890504977, "max_depth": 2.808837255096428, "n_estimators": 69.35420314935556}, "datetime": {"datetime": "2021-09-24 13:58:32", "elapsed": 598.475988, "delta": 2.405319}}
{"target": 0.2844085106306232, "params": {"eta": 0.515110249114042, "max_depth": 3.40578950928211, "n_estimators": 31.459524372992973}, "datetime": {"datetime": "2021-09-24 13:58:34", "elapsed": 600.817342, "delta": 2.341354}}
{"target": 0.2533407542545161, "params": {"eta": 0.452573549138609, "max_depth": 2.342861458822264, "n_estimators": 66.61035117150769}, "datetime": {"datetime": "2021-09-24 13:58:40", "elapsed": 606.367193, "delta": 5.549851}}
{"target": 0.34102774013601345, "params": {"eta": 0.4302564980508904, "max_depth": 2.264324387014654, "n_estimators": 65.3632796300668}, "datetime": {"datetime": "2021-09-24 13:58:42", "elapsed": 608.743798, "delta": 2.376605}}
{"target": 0.19590442823225152, "params": {"eta": 0.5358968441670205, "max_depth": 3.8446615226504344, "n_estimators": 71.91166330956882}, "datetime": {"datetime": "2021-09-24 13:58:45", "elapsed": 611.223768, "delta": 2.47997}}
{"target": 0.2870264350979812, "params": {"eta": 0.4592058839402302, "max_depth": 2.4939170437987315, "n_estimators": 91.69279273151383}, "datetime": {"datetime": "2021-09-24 13:58:48", "elapsed": 614.654206, "delta": 3.430438}}
{"target": 0.29372406283328745, "params": {"eta": 0.2756299091340852, "max_depth": 3.640221295677128, "n_estimators": 85.98450773864298}, "datetime": {"datetime": "2021-09-24 13:58:50", "elapsed": 616.82071, "delta": 2.166504}}
{"target": 0.34486358426977815, "params": {"eta": 0.42984371657669934, "max_depth": 3.8119928533374905, "n_estimators": 20.82612879441219}, "datetime": {"datetime": "2021-09-24 13:58:53", "elapsed": 619.235089, "delta": 2.414379}}
{"target": 0.4527450606811747, "params": {"eta": 0.12929582437478693, "max_depth": 1.0672178295401173, "n_estimators": 85.45275676286612}, "datetime": {"datetime": "2021-09-24 13:58:56", "elapsed": 623.008469, "delta": 3.77338}}
{"target": 0.42941977801927866, "params": {"eta": 0.4143591312219354, "max_depth": 1.1612366692747849, "n_estimators": 10.86639284305785}, "datetime": {"datetime": "2021-09-24 13:58:59", "elapsed": 625.563997, "delta": 2.555528}}
{"target": 0.4401150580044867, "params": {"eta": 0.25144843435678393, "max_depth": 1.3633037015196987, "n_estimators": 85.29516833694969}, "datetime": {"datetime": "2021-09-24 13:59:04", "elapsed": 630.321607, "delta": 4.75761}}
{"target": 0.29473214308517914, "params": {"eta": 0.519970326960428, "max_depth": 2.847926898566633, "n_estimators": 69.00976999469582}, "datetime": {"datetime": "2021-09-24 13:59:06", "elapsed": 632.706984, "delta": 2.385377}}
{"target": 0.4248105059535231, "params": {"eta": 0.2595699173795581, "max_depth": 2.026943402296734, "n_estimators": 36.50573050644316}, "datetime": {"datetime": "2021-09-24 13:59:08", "elapsed": 635.083391, "delta": 2.376407}}
{"target": 0.3995090759409241, "params": {"eta": 0.13862173899785835, "max_depth": 3.609098241781103, "n_estimators": 56.4925903065629}, "datetime": {"datetime": "2021-09-24 13:59:12", "elapsed": 638.477252, "delta": 3.393861}}
{"target": 0.40692076705128144, "params": {"eta": 0.24969954982753303, "max_depth": 2.185790296673183, "n_estimators": 42.73205296873082}, "datetime": {"datetime": "2021-09-24 13:59:15", "elapsed": 641.786053, "delta": 3.308801}}
{"target": 0.4014076675336594, "params": {"eta": 0.4708388309959409, "max_depth": 1.0664818657897885, "n_estimators": 85.5001503655109}, "datetime": {"datetime": "2021-09-24 13:59:21", "elapsed": 647.5881, "delta": 5.802047}}
{"target": 0.4488840288334932, "params": {"eta": 0.16780736033354235, "max_depth": 1.8337323336708211, "n_estimators": 58.28358091725252}, "datetime": {"datetime": "2021-09-24 13:59:23", "elapsed": 650.062253, "delta": 2.474153}}
{"target": 0.451557929176886, "params": {"eta": 0.1217373846929678, "max_depth": 2.0159498357729193, "n_estimators": 40.09379036174352}, "datetime": {"datetime": "2021-09-24 13:59:26", "elapsed": 652.482448, "delta": 2.420195}}
{"target": 0.4489390560837604, "params": {"eta": 0.13220988056527905, "max_depth": 1.2319211288058127, "n_estimators": 73.97673505614877}, "datetime": {"datetime": "2021-09-24 13:59:31", "elapsed": 658.056767, "delta": 5.574319}}
{"target": 0.4435959524454036, "params": {"eta": 0.11368065974322551, "max_depth": 1.8094641429161875, "n_estimators": 54.75883666764066}, "datetime": {"datetime": "2021-09-24 13:59:34", "elapsed": 660.387223, "delta": 2.330456}}
{"target": 0.455345197083435, "params": {"eta": 0.08981390785764495, "max_depth": 2.1631814473095266, "n_estimators": 67.73460599989792}, "datetime": {"datetime": "2021-09-24 13:59:36", "elapsed": 662.970775, "delta": 2.583552}}
{"target": 0.4635459821832961, "params": {"eta": 0.37020764648229515, "max_depth": 1.7171861202945102, "n_estimators": 20.35847855718327}, "datetime": {"datetime": "2021-09-24 13:59:39", "elapsed": 665.391039, "delta": 2.420264}}
{"target": 0.37705098313848084, "params": {"eta": 0.5843836896161914, "max_depth": 1.5398675910317148, "n_estimators": 98.68354186839188}, "datetime": {"datetime": "2021-09-24 13:59:42", "elapsed": 668.843916, "delta": 3.452877}}
{"target": 0.44384924921119717, "params": {"eta": 0.19283245779709995, "max_depth": 1.4185095491587374, "n_estimators": 95.0545576470974}, "datetime": {"datetime": "2021-09-24 13:59:45", "elapsed": 672.196634, "delta": 3.352718}}
{"target": -1.0116335402940306, "params": {"eta": 0.034344278763176736, "max_depth": 3.3821991881611018, "n_estimators": 16.303363638202477}, "datetime": {"datetime": "2021-09-24 13:59:48", "elapsed": 674.702748, "delta": 2.506114}}
{"target": 0.25807000178845896, "params": {"eta": 0.4961005741537617, "max_depth": 3.301446025025398, "n_estimators": 87.64223136260753}, "datetime": {"datetime": "2021-09-24 13:59:51", "elapsed": 677.386281, "delta": 2.683533}}
{"target": 0.39644941539284684, "params": {"eta": 0.23983963009029116, "max_depth": 3.240613880627214, "n_estimators": 42.25655206011441}, "datetime": {"datetime": "2021-09-24 13:59:53", "elapsed": 679.780903, "delta": 2.394622}}
{"target": 0.4166715380081779, "params": {"eta": 0.20004902796090382, "max_depth": 3.392260656500918, "n_estimators": 15.771993835364182}, "datetime": {"datetime": "2021-09-24 14:00:02", "elapsed": 688.950631, "delta": 9.169728}}
{"target": 0.4484359768810162, "params": {"eta": 0.11433876601453126, "max_depth": 1.1739238105301482, "n_estimators": 85.08178346394857}, "datetime": {"datetime": "2021-09-24 14:00:10", "elapsed": 696.624637, "delta": 7.674006}}
{"target": 0.40633569873327835, "params": {"eta": 0.18228105229090208, "max_depth": 2.7058283285697957, "n_estimators": 86.94576755995843}, "datetime": {"datetime": "2021-09-24 14:00:13", "elapsed": 699.451905, "delta": 2.827268}}
{"target": 0.3194287199946553, "params": {"eta": 0.5153891198140921, "max_depth": 3.347234381912603, "n_estimators": 16.010190358061834}, "datetime": {"datetime": "2021-09-24 14:00:22", "elapsed": 708.492168, "delta": 9.040263}}
{"target": 0.43817190554495145, "params": {"eta": 0.2882954911531222, "max_depth": 1.452478314469539, "n_estimators": 42.29545526129981}, "datetime": {"datetime": "2021-09-24 14:00:26", "elapsed": 712.454019, "delta": 3.961851}}
{"target": 0.44576006074981356, "params": {"eta": 0.13440638406842328, "max_depth": 1.52168936877227, "n_estimators": 60.566274315732045}, "datetime": {"datetime": "2021-09-24 14:00:34", "elapsed": 720.324986, "delta": 7.870967}}
{"target": 0.3135176091610914, "params": {"eta": 0.28023217755569213, "max_depth": 3.000156894503407, "n_estimators": 52.38432987713487}, "datetime": {"datetime": "2021-09-24 14:00:37", "elapsed": 723.866943, "delta": 3.541957}}
{"target": 0.4347763315627522, "params": {"eta": 0.29269073902225295, "max_depth": 1.8479691128550801, "n_estimators": 57.9910766404333}, "datetime": {"datetime": "2021-09-24 14:00:41", "elapsed": 727.73478, "delta": 3.867837}}
{"target": 0.4532063870652444, "params": {"eta": 0.10873590864503485, "max_depth": 2.195837857422651, "n_estimators": 54.2291740862869}, "datetime": {"datetime": "2021-09-24 14:00:44", "elapsed": 731.159099, "delta": 3.424319}}
{"target": 0.3343312178274409, "params": {"eta": 0.37758120734188555, "max_depth": 2.88034546697427, "n_estimators": 55.427231816741816}, "datetime": {"datetime": "2021-09-24 14:00:47", "elapsed": 733.729914, "delta": 2.570815}}
{"target": 0.39198729958965994, "params": {"eta": 0.5801821896703212, "max_depth": 1.8956367715336946, "n_estimators": 60.20230178446615}, "datetime": {"datetime": "2021-09-24 14:00:51", "elapsed": 737.741883, "delta": 4.011969}}
{"target": 0.41740219230158326, "params": {"eta": 0.07644081485563439, "max_depth": 3.5469720764567803, "n_estimators": 36.42637614970248}, "datetime": {"datetime": "2021-09-24 14:00:55", "elapsed": 741.318979, "delta": 3.577096}}
{"target": 0.44478233579525595, "params": {"eta": 0.11300171658194913, "max_depth": 2.348909727752937, "n_estimators": 47.11802157900825}, "datetime": {"datetime": "2021-09-24 14:00:57", "elapsed": 744.093495, "delta": 2.774516}}
{"target": 0.44641890146774377, "params": {"eta": 0.048990385792849055, "max_depth": 2.9568266143850104, "n_estimators": 66.93341066357594}, "datetime": {"datetime": "2021-09-24 14:01:01", "elapsed": 747.441883, "delta": 3.348388}}
{"target": 0.3340766089060654, "params": {"eta": 0.37587372018130544, "max_depth": 2.954557977886668, "n_estimators": 45.105120980059894}, "datetime": {"datetime": "2021-09-24 14:01:04", "elapsed": 750.55876, "delta": 3.116877}}
{"target": 0.35023787960926567, "params": {"eta": 0.5450069102992675, "max_depth": 2.6270469436994337, "n_estimators": 44.36506217775333}, "datetime": {"datetime": "2021-09-24 14:01:07", "elapsed": 753.575474, "delta": 3.016714}}
{"target": 0.422617933125102, "params": {"eta": 0.07418287177531202, "max_depth": 1.5500537329920523, "n_estimators": 46.22113537027522}, "datetime": {"datetime": "2021-09-24 14:01:17", "elapsed": 764.095432, "delta": 10.519958}}
{"target": 0.364924759966753, "params": {"eta": 0.5360192004791755, "max_depth": 2.6040921224000604, "n_estimators": 43.669070313078095}, "datetime": {"datetime": "2021-09-24 14:01:21", "elapsed": 767.39925, "delta": 3.303818}}
{"target": 0.3325310106299241, "params": {"eta": 0.3303050278555026, "max_depth": 2.226055327700128, "n_estimators": 68.82074728551865}, "datetime": {"datetime": "2021-09-24 14:01:26", "elapsed": 772.804839, "delta": 5.405589}}
{"target": 0.42675560545941416, "params": {"eta": 0.40438994377217075, "max_depth": 1.0353912417271158, "n_estimators": 85.13512452208799}, "datetime": {"datetime": "2021-09-24 14:01:36", "elapsed": 782.788426, "delta": 9.983587}}
{"target": 0.3720349461900685, "params": {"eta": 0.3341836550194573, "max_depth": 2.3052981124679803, "n_estimators": 41.00274030274599}, "datetime": {"datetime": "2021-09-24 14:01:40", "elapsed": 786.230907, "delta": 3.442481}}
{"target": 0.37079375298980954, "params": {"eta": 0.4026907658760026, "max_depth": 2.0078635177245974, "n_estimators": 25.06927511625862}, "datetime": {"datetime": "2021-09-24 14:01:43", "elapsed": 789.66394, "delta": 3.433033}}
{"target": 0.4224168907414353, "params": {"eta": 0.06567569862314936, "max_depth": 3.2772463827765126, "n_estimators": 66.84301259728008}, "datetime": {"datetime": "2021-09-24 14:01:56", "elapsed": 802.901685, "delta": 13.237745}}
{"target": 0.46096996527852585, "params": {"eta": 0.3366905160980979, "max_depth": 1.4453011782758358, "n_estimators": 73.54114747705988}, "datetime": {"datetime": "2021-09-24 14:02:07", "elapsed": 813.435482, "delta": 10.533797}}
