{"target": -45.61415663697666, "params": {"eta": 0.24061890474261588, "max_depth": 8.087688852947807, "n_estimators": 47.709573804753376}, "datetime": {"datetime": "2021-09-24 17:10:44", "elapsed": 116.17893, "delta": 0.776589}}
{"target": -48.49655630355491, "params": {"eta": 0.26901685757870525, "max_depth": 41.83889211783491, "n_estimators": 53.99648772736838}, "datetime": {"datetime": "2021-09-24 17:10:45", "elapsed": 117.133075, "delta": 0.954145}}
{"target": -48.99987279562126, "params": {"eta": 0.43184382074404926, "max_depth": 8.234004402928736, "n_estimators": 31.378896661264832}, "datetime": {"datetime": "2021-09-24 17:10:46", "elapsed": 117.862791, "delta": 0.729716}}
{"target": -48.080534311165486, "params": {"eta": 0.07219015686895527, "max_depth": 28.365793457303752, "n_estimators": 36.583674557601306}, "datetime": {"datetime": "2021-09-24 17:10:47", "elapsed": 118.791897, "delta": 0.929106}}
{"target": -46.648428838055835, "params": {"eta": 0.21013035597371416, "max_depth": 23.52085621878912, "n_estimators": 35.117660623670915}, "datetime": {"datetime": "2021-09-24 17:10:48", "elapsed": 119.615811, "delta": 0.823914}}
{"target": -46.4290638687019, "params": {"eta": 0.2083029884955256, "max_depth": 12.391935715618862, "n_estimators": 15.894761696530148}, "datetime": {"datetime": "2021-09-24 17:10:48", "elapsed": 120.379052, "delta": 0.763241}}
{"target": -45.50687113023342, "params": {"eta": 0.31451890913181296, "max_depth": 27.08232264822577, "n_estimators": 45.7801193206629}, "datetime": {"datetime": "2021-09-24 17:10:49", "elapsed": 121.269145, "delta": 0.890093}}
{"target": -48.41336552899583, "params": {"eta": 0.20018916847445156, "max_depth": 14.33403813597145, "n_estimators": 31.824140149389088}, "datetime": {"datetime": "2021-09-24 17:10:50", "elapsed": 122.157776, "delta": 0.888631}}
{"target": -45.81520401804071, "params": {"eta": 0.3977819087946957, "max_depth": 12.133815521701884, "n_estimators": 22.976903161541696}, "datetime": {"datetime": "2021-09-24 17:10:51", "elapsed": 122.918951, "delta": 0.761175}}
{"target": -47.53141411802822, "params": {"eta": 0.46637955692542077, "max_depth": 37.349042862930986, "n_estimators": 34.171900481431095}, "datetime": {"datetime": "2021-09-24 17:10:52", "elapsed": 123.838497, "delta": 0.919546}}
{"target": -46.79776465623899, "params": {"eta": 0.14315074608492304, "max_depth": 22.032918774430186, "n_estimators": 44.58340683418443}, "datetime": {"datetime": "2021-09-24 17:10:53", "elapsed": 124.885694, "delta": 1.047197}}
{"target": -46.47841635682529, "params": {"eta": 0.350202107237269, "max_depth": 44.09402225928084, "n_estimators": 37.054825150789966}, "datetime": {"datetime": "2021-09-24 17:10:54", "elapsed": 125.903008, "delta": 1.017314}}
{"target": -47.59616943588831, "params": {"eta": 0.4794541160518863, "max_depth": 24.45706243127618, "n_estimators": 22.209801747067548}, "datetime": {"datetime": "2021-09-24 17:10:55", "elapsed": 127.022984, "delta": 1.119976}}
{"target": -74.75857936887813, "params": {"eta": 0.056248182414336205, "max_depth": 37.55192436444188, "n_estimators": 13.908765837628012}, "datetime": {"datetime": "2021-09-24 17:10:56", "elapsed": 127.775034, "delta": 0.75205}}
{"target": -44.84723677671045, "params": {"eta": 0.24357382868698285, "max_depth": 3.5225716324786616, "n_estimators": 35.67382224258139}, "datetime": {"datetime": "2021-09-24 17:10:57", "elapsed": 128.535004, "delta": 0.75997}}
{"target": -47.526013195066525, "params": {"eta": 0.18635224030073932, "max_depth": 38.83700896939339, "n_estimators": 40.58944598869405}, "datetime": {"datetime": "2021-09-24 17:10:58", "elapsed": 129.730784, "delta": 1.19578}}
{"target": -45.940631636999605, "params": {"eta": 0.20253956215087204, "max_depth": 16.471932668339807, "n_estimators": 26.3412098491463}, "datetime": {"datetime": "2021-09-24 17:10:59", "elapsed": 130.65397, "delta": 0.923186}}
{"target": -51.44160926073118, "params": {"eta": 0.07246781704184349, "max_depth": 5.501857418630073, "n_estimators": 21.052621320246473}, "datetime": {"datetime": "2021-09-24 17:11:00", "elapsed": 131.540848, "delta": 0.886878}}
{"target": -50.531931023848685, "params": {"eta": 0.43915589213613676, "max_depth": 33.95485883284145, "n_estimators": 36.08492944045175}, "datetime": {"datetime": "2021-09-24 17:11:01", "elapsed": 132.832865, "delta": 1.292017}}
{"target": -48.96766699884171, "params": {"eta": 0.07241985503682113, "max_depth": 8.439773308840119, "n_estimators": 28.94136551219794}, "datetime": {"datetime": "2021-09-24 17:11:02", "elapsed": 133.796698, "delta": 0.963833}}
{"target": -48.87319243581671, "params": {"eta": 0.2814799783586231, "max_depth": 4.312352535603102, "n_estimators": 35.62274605883353}, "datetime": {"datetime": "2021-09-24 17:11:03", "elapsed": 134.532626, "delta": 0.735928}}
{"target": -48.46800908827244, "params": {"eta": 0.1977328979986791, "max_depth": 21.484524114643072, "n_estimators": 13.201434109483472}, "datetime": {"datetime": "2021-09-24 17:11:03", "elapsed": 135.268464, "delta": 0.735838}}
{"target": -44.62081197867716, "params": {"eta": 0.1076831669039005, "max_depth": 2.7633087850526215, "n_estimators": 24.91495258257526}, "datetime": {"datetime": "2021-09-24 17:11:04", "elapsed": 135.963828, "delta": 0.695364}}
{"target": -47.99495484775171, "params": {"eta": 0.1111670813151647, "max_depth": 1.424807665223959, "n_estimators": 18.211145257675987}, "datetime": {"datetime": "2021-09-24 17:11:05", "elapsed": 136.692302, "delta": 0.728474}}
{"target": -47.479511404396, "params": {"eta": 0.45367753881285894, "max_depth": 41.41496809686908, "n_estimators": 11.681772528465274}, "datetime": {"datetime": "2021-09-24 17:11:06", "elapsed": 137.664265, "delta": 0.971963}}
{"target": -44.90159440578375, "params": {"eta": 0.35978076125877745, "max_depth": 48.50642048760021, "n_estimators": 51.228869511721065}, "datetime": {"datetime": "2021-09-24 17:11:07", "elapsed": 138.683149, "delta": 1.018884}}
{"target": -46.65540373952765, "params": {"eta": 0.48483086925328905, "max_depth": 28.4667832369764, "n_estimators": 20.370080251524346}, "datetime": {"datetime": "2021-09-24 17:11:08", "elapsed": 139.551469, "delta": 0.86832}}
{"target": -46.7919095978701, "params": {"eta": 0.4230100940183691, "max_depth": 6.680803311872196, "n_estimators": 33.06444094527084}, "datetime": {"datetime": "2021-09-24 17:11:09", "elapsed": 140.511245, "delta": 0.959776}}
{"target": -47.75732768926405, "params": {"eta": 0.1554371569878809, "max_depth": 11.530048719686338, "n_estimators": 31.471726374198244}, "datetime": {"datetime": "2021-09-24 17:11:10", "elapsed": 141.491604, "delta": 0.980359}}
{"target": -46.33448954990932, "params": {"eta": 0.46156931353292585, "max_depth": 2.9578049069891996, "n_estimators": 31.17239002369439}, "datetime": {"datetime": "2021-09-24 17:11:10", "elapsed": 142.364059, "delta": 0.872455}}
{"target": -47.76323536464146, "params": {"eta": 0.4888079614242548, "max_depth": 24.11488051260243, "n_estimators": 41.461747396138705}, "datetime": {"datetime": "2021-09-24 17:11:11", "elapsed": 143.368927, "delta": 1.004868}}
{"target": -46.43292913221775, "params": {"eta": 0.3995924364406853, "max_depth": 13.451859131706676, "n_estimators": 11.614934271422204}, "datetime": {"datetime": "2021-09-24 17:11:12", "elapsed": 144.267596, "delta": 0.898669}}
