{"target": -45.31101023164907, "params": {"eta": 0.10117264156958831, "max_depth": 10.027827391248142, "n_estimators": 47.81799895572239}, "datetime": {"datetime": "2021-09-24 15:16:40", "elapsed": 333.912753, "delta": 1.568201}}
{"target": -47.92905623930737, "params": {"eta": 0.46654622048169303, "max_depth": 10.36278520953039, "n_estimators": 84.01968581039964}, "datetime": {"datetime": "2021-09-24 15:16:43", "elapsed": 336.850762, "delta": 2.938009}}
{"target": -91.67029223047702, "params": {"eta": 0.06079134832907253, "max_depth": 6.5238868407064325, "n_estimators": 8.979377481805296}, "datetime": {"datetime": "2021-09-24 15:16:44", "elapsed": 338.341517, "delta": 1.490755}}
{"target": -58.1191643628859, "params": {"eta": 0.9797290601021075, "max_depth": 12.354841307301527, "n_estimators": 56.424293864001115}, "datetime": {"datetime": "2021-09-24 15:16:47", "elapsed": 341.221679, "delta": 2.880162}}
{"target": -46.57330663580643, "params": {"eta": 0.07636302869821733, "max_depth": 7.754423834046291, "n_estimators": 64.55640429362833}, "datetime": {"datetime": "2021-09-24 15:16:49", "elapsed": 343.356621, "delta": 2.134942}}
{"target": -134.94235108490278, "params": {"eta": 0.001, "max_depth": 9.74605492245623, "n_estimators": 86.02706608091304}, "datetime": {"datetime": "2021-09-24 15:16:53", "elapsed": 347.604769, "delta": 4.248148}}
{"target": -46.407072999423605, "params": {"eta": 0.19490662009338838, "max_depth": 7.739562446489004, "n_estimators": 86.84028775573971}, "datetime": {"datetime": "2021-09-24 15:16:59", "elapsed": 353.156618, "delta": 5.551849}}
{"target": -50.27466987667227, "params": {"eta": 0.7716976668456845, "max_depth": 5.596835182627694, "n_estimators": 7.1586900783143275}, "datetime": {"datetime": "2021-09-24 15:17:01", "elapsed": 355.059457, "delta": 1.902839}}
{"target": -59.64851145457504, "params": {"eta": 0.9724169636489041, "max_depth": 7.974413777632603, "n_estimators": 85.96782208711286}, "datetime": {"datetime": "2021-09-24 15:17:04", "elapsed": 358.160782, "delta": 3.101325}}
{"target": -138.44749456419981, "params": {"eta": 0.001, "max_depth": 12.476121342621195, "n_estimators": 59.300131562596434}, "datetime": {"datetime": "2021-09-24 15:17:08", "elapsed": 361.881307, "delta": 3.720525}}
{"target": -46.15124910397637, "params": {"eta": 0.31284502829829713, "max_depth": 20.28073604297375, "n_estimators": 16.063308158871664}, "datetime": {"datetime": "2021-09-24 15:17:09", "elapsed": 362.881955, "delta": 1.000648}}
{"target": -45.8831806326271, "params": {"eta": 0.74021264108285, "max_depth": 1.6781205271241193, "n_estimators": 65.37291354590259}, "datetime": {"datetime": "2021-09-24 15:17:12", "elapsed": 365.766052, "delta": 2.884097}}
{"target": -48.3933673657869, "params": {"eta": 0.473931781279996, "max_depth": 16.940413421751906, "n_estimators": 35.866910948032064}, "datetime": {"datetime": "2021-09-24 15:17:13", "elapsed": 366.877382, "delta": 1.11133}}
{"target": -44.27852880148063, "params": {"eta": 0.28385437319381956, "max_depth": 20.6722365237704, "n_estimators": 57.387722928288014}, "datetime": {"datetime": "2021-09-24 15:17:16", "elapsed": 369.861654, "delta": 2.984272}}
{"target": -51.329046640181005, "params": {"eta": 0.7307535526136059, "max_depth": 13.256495842643726, "n_estimators": 57.336347355746625}, "datetime": {"datetime": "2021-09-24 15:17:18", "elapsed": 371.766412, "delta": 1.904758}}
{"target": -47.07672033094822, "params": {"eta": 0.11384264162982224, "max_depth": 1.3741223155266287, "n_estimators": 21.441109657837995}, "datetime": {"datetime": "2021-09-24 15:17:18", "elapsed": 372.6293, "delta": 0.862888}}
{"target": -45.58903173575724, "params": {"eta": 0.796052792700108, "max_depth": 1.6005354849361453, "n_estimators": 20.719408820866338}, "datetime": {"datetime": "2021-09-24 15:17:20", "elapsed": 374.494052, "delta": 1.864752}}
{"target": -42.93438815353508, "params": {"eta": 0.3803533481169181, "max_depth": 2.080717190840714, "n_estimators": 21.477715379731706}, "datetime": {"datetime": "2021-09-24 15:17:23", "elapsed": 377.419223, "delta": 2.925171}}
{"target": -45.243976306198235, "params": {"eta": 0.9864566003436651, "max_depth": 1.0207732476085756, "n_estimators": 21.689179245370195}, "datetime": {"datetime": "2021-09-24 15:17:25", "elapsed": 379.116685, "delta": 1.697462}}
{"target": -48.47394931764531, "params": {"eta": 0.5494211456487589, "max_depth": 13.880928307985686, "n_estimators": 60.612207835639836}, "datetime": {"datetime": "2021-09-24 15:17:28", "elapsed": 381.790448, "delta": 2.673763}}
{"target": -47.15298745865212, "params": {"eta": 0.2596763544830346, "max_depth": 10.383134987571516, "n_estimators": 58.81448350767147}, "datetime": {"datetime": "2021-09-24 15:17:30", "elapsed": 384.126504, "delta": 2.336056}}
{"target": -45.31601583150993, "params": {"eta": 0.2744225684241241, "max_depth": 12.760115245691976, "n_estimators": 61.342875571798814}, "datetime": {"datetime": "2021-09-24 15:17:32", "elapsed": 386.445037, "delta": 2.318533}}
{"target": -53.352175863165606, "params": {"eta": 0.7391326474966745, "max_depth": 11.931839857906196, "n_estimators": 54.618954999682174}, "datetime": {"datetime": "2021-09-24 15:17:35", "elapsed": 389.105514, "delta": 2.660477}}
{"target": -48.88388500357033, "params": {"eta": 0.026930848003236255, "max_depth": 9.947590158924848, "n_estimators": 82.91627620548866}, "datetime": {"datetime": "2021-09-24 15:17:37", "elapsed": 391.669997, "delta": 2.564483}}
{"target": -134.78371584146544, "params": {"eta": 0.001, "max_depth": 8.368625695168543, "n_estimators": 87.8608634746747}, "datetime": {"datetime": "2021-09-24 15:17:41", "elapsed": 395.204662, "delta": 3.534665}}
{"target": -58.366206857494845, "params": {"eta": 0.9867649252826238, "max_depth": 9.652905975003913, "n_estimators": 83.40894472731544}, "datetime": {"datetime": "2021-09-24 15:17:43", "elapsed": 397.401896, "delta": 2.197234}}
{"target": -52.66437757104859, "params": {"eta": 0.9049546282505134, "max_depth": 2.048310126715004, "n_estimators": 28.452174469558514}, "datetime": {"datetime": "2021-09-24 15:17:46", "elapsed": 399.834344, "delta": 2.432448}}
{"target": -134.8598842136842, "params": {"eta": 0.001, "max_depth": 6.82667215470902, "n_estimators": 86.38309895679927}, "datetime": {"datetime": "2021-09-24 15:17:49", "elapsed": 403.406478, "delta": 3.572134}}
{"target": -49.5133192019355, "params": {"eta": 0.6893305830842366, "max_depth": 19.817866577330953, "n_estimators": 58.33534902339164}, "datetime": {"datetime": "2021-09-24 15:17:51", "elapsed": 405.554385, "delta": 2.147907}}
{"target": -55.68204583261246, "params": {"eta": 0.8970727564362172, "max_depth": 8.066637587847369, "n_estimators": 64.35627716656194}, "datetime": {"datetime": "2021-09-24 15:17:55", "elapsed": 408.971552, "delta": 3.417167}}
{"target": -47.440672652165695, "params": {"eta": 0.07102428206182052, "max_depth": 24.396304233942686, "n_estimators": 41.05410062562917}, "datetime": {"datetime": "2021-09-24 15:17:56", "elapsed": 410.089549, "delta": 1.117997}}
{"target": -46.537009389776934, "params": {"eta": 0.26070282076881174, "max_depth": 6.1807708220392374, "n_estimators": 61.86196504781476}, "datetime": {"datetime": "2021-09-24 15:17:57", "elapsed": 411.222446, "delta": 1.132897}}
{"target": -48.01056524864713, "params": {"eta": 0.39284755144146877, "max_depth": 23.84306654128023, "n_estimators": 40.74008181923983}, "datetime": {"datetime": "2021-09-24 15:18:00", "elapsed": 413.759837, "delta": 2.537391}}
{"target": -48.11136015555016, "params": {"eta": 0.9924352194116679, "max_depth": 1.7670592573258643, "n_estimators": 66.95800472155977}, "datetime": {"datetime": "2021-09-24 15:18:03", "elapsed": 416.946671, "delta": 3.186834}}
{"target": -88.95799373684073, "params": {"eta": 0.05186826698998892, "max_depth": 8.248362396271368, "n_estimators": 10.983654448481603}, "datetime": {"datetime": "2021-09-24 15:18:04", "elapsed": 417.800843, "delta": 0.854172}}
{"target": -45.73885594991813, "params": {"eta": 0.3319250247430601, "max_depth": 23.8438488242458, "n_estimators": 40.74534816349467}, "datetime": {"datetime": "2021-09-24 15:18:05", "elapsed": 419.558553, "delta": 1.75771}}
{"target": -55.70448407553192, "params": {"eta": 0.9653563351179677, "max_depth": 13.036157308017717, "n_estimators": 60.839014057530235}, "datetime": {"datetime": "2021-09-24 15:18:08", "elapsed": 422.117569, "delta": 2.559016}}
{"target": -70.07558754512242, "params": {"eta": 0.022955037116293764, "max_depth": 14.36979693886579, "n_estimators": 37.11159553069973}, "datetime": {"datetime": "2021-09-24 15:18:10", "elapsed": 424.519661, "delta": 2.402092}}
{"target": -42.9593235962373, "params": {"eta": 0.27731717916749454, "max_depth": 1.846977752235552, "n_estimators": 66.63446403758473}, "datetime": {"datetime": "2021-09-24 15:18:13", "elapsed": 426.728712, "delta": 2.209051}}
{"target": -46.623887427767414, "params": {"eta": 0.33136381603930304, "max_depth": 23.93631927707801, "n_estimators": 41.4782455601948}, "datetime": {"datetime": "2021-09-24 15:18:14", "elapsed": 428.504989, "delta": 1.776277}}
{"target": -48.77374651916045, "params": {"eta": 0.4239847473141405, "max_depth": 19.455234810374805, "n_estimators": 16.995152283012338}, "datetime": {"datetime": "2021-09-24 15:18:15", "elapsed": 429.641589, "delta": 1.1366}}
{"target": -44.648372678828416, "params": {"eta": 0.9719844868535781, "max_depth": 1.3311357679461944, "n_estimators": 22.639345712986216}, "datetime": {"datetime": "2021-09-24 15:18:19", "elapsed": 432.763491, "delta": 3.121902}}
{"target": -138.03187610780387, "params": {"eta": 0.001, "max_depth": 6.894965263170005, "n_estimators": 62.59589387462615}, "datetime": {"datetime": "2021-09-24 15:18:22", "elapsed": 435.72651, "delta": 2.963019}}
{"target": -46.25069071834249, "params": {"eta": 0.925519580315375, "max_depth": 1.6541033780356758, "n_estimators": 21.692954617791187}, "datetime": {"datetime": "2021-09-24 15:18:23", "elapsed": 437.619688, "delta": 1.893178}}
{"target": -46.06830912425106, "params": {"eta": 0.4946591183048045, "max_depth": 16.704714454328307, "n_estimators": 9.728145354561812}, "datetime": {"datetime": "2021-09-24 15:18:25", "elapsed": 439.103044, "delta": 1.483356}}
{"target": -47.25475337093038, "params": {"eta": 0.2724066281292194, "max_depth": 5.494810732882967, "n_estimators": 62.35153326569724}, "datetime": {"datetime": "2021-09-24 15:18:27", "elapsed": 440.823862, "delta": 1.720818}}
{"target": -46.73033144958037, "params": {"eta": 0.20667220671509368, "max_depth": 15.933306516340796, "n_estimators": 80.57081249285073}, "datetime": {"datetime": "2021-09-24 15:18:29", "elapsed": 442.812073, "delta": 1.988211}}
{"target": -138.97533190698553, "params": {"eta": 0.001, "max_depth": 12.997081727701959, "n_estimators": 55.11194881417914}, "datetime": {"datetime": "2021-09-24 15:18:34", "elapsed": 447.98333, "delta": 5.171257}}
{"target": -46.01819748268988, "params": {"eta": 0.3243620053091837, "max_depth": 20.72590984809861, "n_estimators": 57.376484546421125}, "datetime": {"datetime": "2021-09-24 15:18:36", "elapsed": 450.43257, "delta": 2.44924}}
{"target": -58.28322600601311, "params": {"eta": 0.973843565070395, "max_depth": 11.726818243685102, "n_estimators": 55.668016452589434}, "datetime": {"datetime": "2021-09-24 15:18:38", "elapsed": 452.324309, "delta": 1.891739}}
{"target": -53.50216974530901, "params": {"eta": 0.026253515042317682, "max_depth": 20.276770306358245, "n_estimators": 58.028678258044536}, "datetime": {"datetime": "2021-09-24 15:18:41", "elapsed": 454.811311, "delta": 2.487002}}
{"target": -49.038456938320536, "params": {"eta": 0.26811915379046164, "max_depth": 5.478220796880222, "n_estimators": 62.324973237414554}, "datetime": {"datetime": "2021-09-24 15:18:42", "elapsed": 456.146211, "delta": 1.3349}}
{"target": -44.707728307049976, "params": {"eta": 0.11795633953887323, "max_depth": 19.62655056635845, "n_estimators": 77.04601183315201}, "datetime": {"datetime": "2021-09-24 15:18:44", "elapsed": 458.159669, "delta": 2.013458}}
{"target": -50.036753704673366, "params": {"eta": 0.6222186167786993, "max_depth": 5.2362044186473025, "n_estimators": 63.20466155555804}, "datetime": {"datetime": "2021-09-24 15:18:47", "elapsed": 460.828742, "delta": 2.669073}}
{"target": -48.582003313795965, "params": {"eta": 0.040389856394752115, "max_depth": 11.802892688246244, "n_estimators": 56.145909511341216}, "datetime": {"datetime": "2021-09-24 15:18:49", "elapsed": 463.552785, "delta": 2.724043}}
{"target": -58.62458373370924, "params": {"eta": 0.9786769518820418, "max_depth": 5.830143499377584, "n_estimators": 62.6004262375343}, "datetime": {"datetime": "2021-09-24 15:18:53", "elapsed": 466.95469, "delta": 3.401905}}
{"target": -46.28286886573734, "params": {"eta": 0.23220005389608972, "max_depth": 8.611691615199513, "n_estimators": 68.78544223119746}, "datetime": {"datetime": "2021-09-24 15:18:55", "elapsed": 468.9414, "delta": 1.98671}}
{"target": -43.92677100618979, "params": {"eta": 0.18609910116970058, "max_depth": 1.177131248734585, "n_estimators": 30.020376039622306}, "datetime": {"datetime": "2021-09-24 15:18:57", "elapsed": 471.036567, "delta": 2.095167}}
{"target": -60.63242354428858, "params": {"eta": 0.9852955158090398, "max_depth": 8.744052689851152, "n_estimators": 47.92626414661421}, "datetime": {"datetime": "2021-09-24 15:18:58", "elapsed": 472.308294, "delta": 1.271727}}
{"target": -45.3880384631623, "params": {"eta": 0.2451420291746522, "max_depth": 9.311540719468894, "n_estimators": 48.602400836397294}, "datetime": {"datetime": "2021-09-24 15:19:02", "elapsed": 475.748662, "delta": 3.440368}}
{"target": -48.610651403441466, "params": {"eta": 0.7835993946120194, "max_depth": 5.5695440215327014, "n_estimators": 7.133035740318948}, "datetime": {"datetime": "2021-09-24 15:19:04", "elapsed": 477.793987, "delta": 2.045325}}
{"target": -44.68324925128679, "params": {"eta": 0.23292399699660704, "max_depth": 8.958888143678749, "n_estimators": 47.6278127061198}, "datetime": {"datetime": "2021-09-24 15:19:07", "elapsed": 480.790598, "delta": 2.996611}}
{"target": -47.151423490137084, "params": {"eta": 0.13418686616928227, "max_depth": 20.498929153484255, "n_estimators": 80.61803692521907}, "datetime": {"datetime": "2021-09-24 15:19:09", "elapsed": 483.195927, "delta": 2.405329}}
{"target": -57.42182207466068, "params": {"eta": 0.9269762754228618, "max_depth": 4.662822571702365, "n_estimators": 6.757334287942489}, "datetime": {"datetime": "2021-09-24 15:19:12", "elapsed": 485.752403, "delta": 2.556476}}
{"target": -47.11867566216261, "params": {"eta": 0.20469550029048805, "max_depth": 22.696055529722166, "n_estimators": 15.588854755230457}, "datetime": {"datetime": "2021-09-24 15:19:13", "elapsed": 486.780405, "delta": 1.028002}}
{"target": -55.678003447396414, "params": {"eta": 0.8570374692265423, "max_depth": 9.641809677375392, "n_estimators": 47.79031031326523}, "datetime": {"datetime": "2021-09-24 15:19:15", "elapsed": 489.118836, "delta": 2.338431}}
{"target": -54.128510367601436, "params": {"eta": 0.931146980260722, "max_depth": 12.843056003413128, "n_estimators": 53.647720063379886}, "datetime": {"datetime": "2021-09-24 15:19:17", "elapsed": 491.491622, "delta": 2.372786}}
{"target": -47.75432097642942, "params": {"eta": 0.5454983333972588, "max_depth": 3.076521046800245, "n_estimators": 45.934712598226284}, "datetime": {"datetime": "2021-09-24 15:19:18", "elapsed": 492.510626, "delta": 1.019004}}
{"target": -43.270565922098946, "params": {"eta": 0.17075549612134852, "max_depth": 1.0, "n_estimators": 65.11499268623471}, "datetime": {"datetime": "2021-09-24 15:19:21", "elapsed": 494.815895, "delta": 2.305269}}
{"target": -50.8911538339199, "params": {"eta": 0.6550137739655257, "max_depth": 14.098937923478903, "n_estimators": 56.357141915112265}, "datetime": {"datetime": "2021-09-24 15:19:23", "elapsed": 497.675842, "delta": 2.859947}}
{"target": -47.27673027210666, "params": {"eta": 0.4534629898123826, "max_depth": 16.41074753277439, "n_estimators": 8.786721992829001}, "datetime": {"datetime": "2021-09-24 15:19:26", "elapsed": 499.709948, "delta": 2.034106}}
{"target": -45.04951720847223, "params": {"eta": 0.22646447919065554, "max_depth": 14.032672686612543, "n_estimators": 51.73779707680336}, "datetime": {"datetime": "2021-09-24 15:19:28", "elapsed": 501.936954, "delta": 2.227006}}
{"target": -54.91844606041012, "params": {"eta": 0.8957298377320146, "max_depth": 20.01987609741071, "n_estimators": 57.15849528995572}, "datetime": {"datetime": "2021-09-24 15:19:31", "elapsed": 505.279623, "delta": 3.342669}}
{"target": -44.2541051878965, "params": {"eta": 0.2507401753732643, "max_depth": 1.30598340547842, "n_estimators": 20.110790992188903}, "datetime": {"datetime": "2021-09-24 15:19:33", "elapsed": 507.490653, "delta": 2.21103}}
{"target": -52.69053576763411, "params": {"eta": 0.818940400200631, "max_depth": 14.122597210959974, "n_estimators": 51.00996734851658}, "datetime": {"datetime": "2021-09-24 15:19:35", "elapsed": 509.484925, "delta": 1.994272}}
{"target": -143.5456144307789, "params": {"eta": 0.001, "max_depth": 2.061964310507585, "n_estimators": 20.615912250929913}, "datetime": {"datetime": "2021-09-24 15:19:38", "elapsed": 511.984792, "delta": 2.499867}}
{"target": -45.41817523124523, "params": {"eta": 0.848610351314258, "max_depth": 1.0228449201748653, "n_estimators": 20.267935063135646}, "datetime": {"datetime": "2021-09-24 15:19:40", "elapsed": 513.87448, "delta": 1.889688}}
{"target": -44.413382336609345, "params": {"eta": 0.1510002371125255, "max_depth": 2.714165704813775, "n_estimators": 21.998871224427702}, "datetime": {"datetime": "2021-09-24 15:19:42", "elapsed": 516.256446, "delta": 2.381966}}
{"target": -47.29673299574314, "params": {"eta": 0.05833511584921735, "max_depth": 10.106104530476944, "n_estimators": 48.64554750849989}, "datetime": {"datetime": "2021-09-24 15:19:44", "elapsed": 518.206713, "delta": 1.950267}}
{"target": -43.28609096555782, "params": {"eta": 0.31145271099832617, "max_depth": 1.889711300615879, "n_estimators": 64.5811584505901}, "datetime": {"datetime": "2021-09-24 15:19:47", "elapsed": 520.697945, "delta": 2.491232}}
{"target": -59.95508591931566, "params": {"eta": 0.9893896382572586, "max_depth": 23.418726873909016, "n_estimators": 6.466015973427327}, "datetime": {"datetime": "2021-09-24 15:19:47", "elapsed": 521.664009, "delta": 0.966064}}
{"target": -43.89075980509134, "params": {"eta": 0.09597619084046044, "max_depth": 1.1268709914977384, "n_estimators": 64.23075919952082}, "datetime": {"datetime": "2021-09-24 15:19:49", "elapsed": 523.609668, "delta": 1.945659}}
{"target": -43.65928512229059, "params": {"eta": 0.11454390304744749, "max_depth": 2.193638378639889, "n_estimators": 65.32840137235796}, "datetime": {"datetime": "2021-09-24 15:19:52", "elapsed": 526.624797, "delta": 3.015129}}
{"target": -48.38664128009538, "params": {"eta": 0.39977368040705574, "max_depth": 5.3693518132903, "n_estimators": 4.145292809764211}, "datetime": {"datetime": "2021-09-24 15:19:53", "elapsed": 527.556574, "delta": 0.931777}}
{"target": -53.16817026927059, "params": {"eta": 0.06926288485829384, "max_depth": 1.1072201467828275, "n_estimators": 19.217609150704565}, "datetime": {"datetime": "2021-09-24 15:19:55", "elapsed": 529.393111, "delta": 1.836537}}
{"target": -46.70924847825129, "params": {"eta": 0.09817417746301714, "max_depth": 13.359004824466204, "n_estimators": 53.4708106235687}, "datetime": {"datetime": "2021-09-24 15:19:58", "elapsed": 532.04511, "delta": 2.651999}}
{"target": -50.768642081353896, "params": {"eta": 0.7235314221242499, "max_depth": 10.751089544866645, "n_estimators": 59.55392824530079}, "datetime": {"datetime": "2021-09-24 15:20:00", "elapsed": 533.992637, "delta": 1.947527}}
{"target": -53.377814518777946, "params": {"eta": 0.8524259346874795, "max_depth": 2.6782383747444154, "n_estimators": 64.9475060913572}, "datetime": {"datetime": "2021-09-24 15:20:02", "elapsed": 535.939211, "delta": 1.946574}}
{"target": -58.11082850721546, "params": {"eta": 0.8709576353036635, "max_depth": 13.69723640525062, "n_estimators": 54.00312645189754}, "datetime": {"datetime": "2021-09-24 15:20:04", "elapsed": 538.204961, "delta": 2.26575}}
{"target": -58.871563581595744, "params": {"eta": 1.0, "max_depth": 14.471233061232843, "n_estimators": 55.38952640319565}, "datetime": {"datetime": "2021-09-24 15:20:06", "elapsed": 540.47797, "delta": 2.273009}}
{"target": -48.4329200257036, "params": {"eta": 0.41991245492167584, "max_depth": 7.55315177523171, "n_estimators": 65.60710220336072}, "datetime": {"datetime": "2021-09-24 15:20:09", "elapsed": 543.332821, "delta": 2.854851}}
{"target": -55.66874469850296, "params": {"eta": 0.7752012598349469, "max_depth": 23.442913549526246, "n_estimators": 70.70552580952304}, "datetime": {"datetime": "2021-09-24 15:20:11", "elapsed": 544.800386, "delta": 1.467565}}
{"target": -50.24668727960802, "params": {"eta": 0.6332686885313477, "max_depth": 21.05228678265534, "n_estimators": 29.497486251738064}, "datetime": {"datetime": "2021-09-24 15:20:12", "elapsed": 546.105042, "delta": 1.304656}}
{"target": -51.01274814462303, "params": {"eta": 0.5697011813873422, "max_depth": 11.97430432997584, "n_estimators": 72.08805856835554}, "datetime": {"datetime": "2021-09-24 15:20:14", "elapsed": 547.731808, "delta": 1.626766}}
{"target": -46.098426015753496, "params": {"eta": 0.6288833061702762, "max_depth": 1.7314078361745389, "n_estimators": 63.6280893456377}, "datetime": {"datetime": "2021-09-24 15:20:17", "elapsed": 551.40855, "delta": 3.676742}}
{"target": -48.390243186090224, "params": {"eta": 0.04863919170402983, "max_depth": 9.02575711826983, "n_estimators": 41.2041448773232}, "datetime": {"datetime": "2021-09-24 15:20:21", "elapsed": 554.746142, "delta": 3.337592}}
