{"target": -47.7175169349613, "params": {"eta": 0.42578549369907587, "max_depth": 8.234004402928736, "n_estimators": 40.27924303115503}, "datetime": {"datetime": "2021-09-24 17:14:07", "elapsed": 89.552722, "delta": 0.884145}}
{"target": -44.38707314398056, "params": {"eta": 0.4525518403695167, "max_depth": 1.3132055574796015, "n_estimators": 27.913660912577562}, "datetime": {"datetime": "2021-09-24 17:14:07", "elapsed": 90.110514, "delta": 0.557792}}
{"target": -47.10114844759604, "params": {"eta": 0.2747295344920908, "max_depth": 42.66097232673071, "n_estimators": 64.98567777385205}, "datetime": {"datetime": "2021-09-24 17:14:09", "elapsed": 91.328843, "delta": 1.218329}}
{"target": -44.25021640519451, "params": {"eta": 0.1033950324896318, "max_depth": 3.4648720883434736, "n_estimators": 35.04250205478384}, "datetime": {"datetime": "2021-09-24 17:14:09", "elapsed": 91.960074, "delta": 0.631231}}
{"target": -44.61539344500778, "params": {"eta": 0.1701945956494935, "max_depth": 1.096881036775922, "n_estimators": 28.158878522580668}, "datetime": {"datetime": "2021-09-24 17:14:10", "elapsed": 92.744992, "delta": 0.784918}}
{"target": -48.48624965122768, "params": {"eta": 0.47663054332395466, "max_depth": 42.523384162645115, "n_estimators": 65.35410308810975}, "datetime": {"datetime": "2021-09-24 17:14:11", "elapsed": 93.617377, "delta": 0.872385}}
{"target": -50.827030153202834, "params": {"eta": 0.05538523676726521, "max_depth": 1.4157692084659719, "n_estimators": 28.06488703369027}, "datetime": {"datetime": "2021-09-24 17:14:12", "elapsed": 94.451442, "delta": 0.834065}}
{"target": -43.63314245697251, "params": {"eta": 0.39245642800712494, "max_depth": 1.0056293104341232, "n_estimators": 25.039180204222873}, "datetime": {"datetime": "2021-09-24 17:14:12", "elapsed": 95.037603, "delta": 0.586161}}
{"target": -46.05490895321495, "params": {"eta": 0.09213430494877965, "max_depth": 40.871480940141154, "n_estimators": 31.638356607830893}, "datetime": {"datetime": "2021-09-24 17:14:13", "elapsed": 95.798604, "delta": 0.761001}}
{"target": -51.037508684889715, "params": {"eta": 0.061525110585657336, "max_depth": 1.097816053172286, "n_estimators": 25.723554465627135}, "datetime": {"datetime": "2021-09-24 17:14:14", "elapsed": 96.360295, "delta": 0.561691}}
{"target": -45.138466655759885, "params": {"eta": 0.4631835783934808, "max_depth": 2.0925308061306347, "n_estimators": 24.87134698231948}, "datetime": {"datetime": "2021-09-24 17:14:14", "elapsed": 96.870915, "delta": 0.51062}}
{"target": -104.1194641643897, "params": {"eta": 0.016803576406721643, "max_depth": 37.55192436444188, "n_estimators": 21.256211689861612}, "datetime": {"datetime": "2021-09-24 17:14:15", "elapsed": 97.487562, "delta": 0.616647}}
{"target": -48.02955529922829, "params": {"eta": 0.3448422470647207, "max_depth": 41.72532915252478, "n_estimators": 31.671958373096356}, "datetime": {"datetime": "2021-09-24 17:14:16", "elapsed": 98.74455, "delta": 1.256988}}
{"target": -49.04704390791126, "params": {"eta": 0.4305870675479119, "max_depth": 40.87523337568049, "n_estimators": 31.281485956742642}, "datetime": {"datetime": "2021-09-24 17:14:17", "elapsed": 99.860279, "delta": 1.115729}}
{"target": -48.144610326092945, "params": {"eta": 0.17609863434206063, "max_depth": 16.471932668339807, "n_estimators": 34.79376183573708}, "datetime": {"datetime": "2021-09-24 17:14:18", "elapsed": 100.857628, "delta": 0.997349}}
{"target": -47.05813142590057, "params": {"eta": 0.3721640943985985, "max_depth": 20.902322892598352, "n_estimators": 40.00008977459112}, "datetime": {"datetime": "2021-09-24 17:14:19", "elapsed": 101.844818, "delta": 0.98719}}
{"target": -44.630650972065176, "params": {"eta": 0.1955112595006269, "max_depth": 1.0286201344254957, "n_estimators": 28.593562952949064}, "datetime": {"datetime": "2021-09-24 17:14:20", "elapsed": 102.453538, "delta": 0.60872}}
{"target": -47.01107162819769, "params": {"eta": 0.28156968494119056, "max_depth": 41.353595379211654, "n_estimators": 32.79759649124394}, "datetime": {"datetime": "2021-09-24 17:14:21", "elapsed": 103.285005, "delta": 0.831467}}
{"target": -45.31522679149656, "params": {"eta": 0.14431446924004496, "max_depth": 1.392803939579697, "n_estimators": 27.534112690129174}, "datetime": {"datetime": "2021-09-24 17:14:21", "elapsed": 103.965007, "delta": 0.680002}}
{"target": -45.001336520775816, "params": {"eta": 0.17086471115411725, "max_depth": 21.484524114643072, "n_estimators": 20.486006030326447}, "datetime": {"datetime": "2021-09-24 17:14:22", "elapsed": 104.659762, "delta": 0.694755}}
{"target": -45.348167476797464, "params": {"eta": 0.07281055951758053, "max_depth": 2.7633087850526215, "n_estimators": 33.240726145470845}, "datetime": {"datetime": "2021-09-24 17:14:22", "elapsed": 105.24405, "delta": 0.584288}}
{"target": -44.63886894857077, "params": {"eta": 0.4963608158912432, "max_depth": 1.8364977810590655, "n_estimators": 27.75495858896121}, "datetime": {"datetime": "2021-09-24 17:14:23", "elapsed": 106.245684, "delta": 1.001634}}
{"target": -47.445574624197825, "params": {"eta": 0.116947362516877, "max_depth": 21.889421524200824, "n_estimators": 20.677398789768898}, "datetime": {"datetime": "2021-09-24 17:14:25", "elapsed": 107.600515, "delta": 1.354831}}
{"target": -48.638878929883916, "params": {"eta": 0.4325624416006534, "max_depth": 21.117386818935582, "n_estimators": 20.348041210905556}, "datetime": {"datetime": "2021-09-24 17:14:26", "elapsed": 108.348901, "delta": 0.748386}}
{"target": -48.90379892793813, "params": {"eta": 0.4834825020758036, "max_depth": 28.4667832369764, "n_estimators": 28.291865162770954}, "datetime": {"datetime": "2021-09-24 17:14:26", "elapsed": 109.129044, "delta": 0.780143}}
{"target": -44.603133065359934, "params": {"eta": 0.1705788922976398, "max_depth": 21.721666700105047, "n_estimators": 20.054174609329923}, "datetime": {"datetime": "2021-09-24 17:14:27", "elapsed": 110.075886, "delta": 0.946842}}
{"target": -49.03358536913879, "params": {"eta": 0.13370098564152982, "max_depth": 21.291107852874642, "n_estimators": 19.900163493165635}, "datetime": {"datetime": "2021-09-24 17:14:28", "elapsed": 111.181462, "delta": 1.105576}}
{"target": -44.33824025777946, "params": {"eta": 0.45294973050301035, "max_depth": 1.122087286953997, "n_estimators": 28.335287359089918}, "datetime": {"datetime": "2021-09-24 17:14:29", "elapsed": 112.062845, "delta": 0.881383}}
{"target": -50.78320843115785, "params": {"eta": 0.48781311355085527, "max_depth": 24.11488051260243, "n_estimators": 51.258347164684366}, "datetime": {"datetime": "2021-09-24 17:14:30", "elapsed": 112.995844, "delta": 0.932999}}
{"target": -46.093621791753556, "params": {"eta": 0.48103466590063826, "max_depth": 2.00127890109425, "n_estimators": 27.387899258904234}, "datetime": {"datetime": "2021-09-24 17:14:31", "elapsed": 113.808836, "delta": 0.812992}}
{"target": -45.76923918186274, "params": {"eta": 0.3544431425672982, "max_depth": 22.111138889290324, "n_estimators": 20.107447856927934}, "datetime": {"datetime": "2021-09-24 17:14:32", "elapsed": 114.697969, "delta": 0.889133}}
{"target": -45.98920650051949, "params": {"eta": 0.16295702088705266, "max_depth": 40.36483608773808, "n_estimators": 24.455576765502137}, "datetime": {"datetime": "2021-09-24 17:14:33", "elapsed": 115.405803, "delta": 0.707834}}
{"target": -43.648101806640625, "params": {"eta": 0.41636647659322973, "max_depth": 1.136919466984255, "n_estimators": 28.96610522677685}, "datetime": {"datetime": "2021-09-24 17:14:33", "elapsed": 115.955804, "delta": 0.550001}}
{"target": -47.9449846368087, "params": {"eta": 0.2419685413685666, "max_depth": 33.54501073607681, "n_estimators": 34.25735996417748}, "datetime": {"datetime": "2021-09-24 17:14:34", "elapsed": 116.811103, "delta": 0.855299}}
{"target": -44.544728444034895, "params": {"eta": 0.206963631356107, "max_depth": 1.4607150740493466, "n_estimators": 28.91475434170183}, "datetime": {"datetime": "2021-09-24 17:14:35", "elapsed": 117.823439, "delta": 1.012336}}
{"target": -49.56597398456774, "params": {"eta": 0.41756922734154517, "max_depth": 26.480789350172174, "n_estimators": 58.57104247319686}, "datetime": {"datetime": "2021-09-24 17:14:36", "elapsed": 118.820404, "delta": 0.996965}}
{"target": -45.54169280546948, "params": {"eta": 0.11969832117297602, "max_depth": 1.2590319183556686, "n_estimators": 29.19148296450643}, "datetime": {"datetime": "2021-09-24 17:14:37", "elapsed": 119.59272, "delta": 0.772316}}
{"target": -43.4103495088735, "params": {"eta": 0.3547652057590165, "max_depth": 1.8691913745724102, "n_estimators": 29.169617423950417}, "datetime": {"datetime": "2021-09-24 17:14:38", "elapsed": 120.371298, "delta": 0.778578}}
{"target": -44.33621261711407, "params": {"eta": 0.46451843677755517, "max_depth": 1.6693617256027302, "n_estimators": 28.806187786442646}, "datetime": {"datetime": "2021-09-24 17:14:38", "elapsed": 121.114086, "delta": 0.742788}}
{"target": -44.59464281125176, "params": {"eta": 0.1456023507759794, "max_depth": 3.425302472765031, "n_estimators": 35.04302615999414}, "datetime": {"datetime": "2021-09-24 17:14:39", "elapsed": 121.839702, "delta": 0.725616}}
{"target": -44.80777522495815, "params": {"eta": 0.08545321522275191, "max_depth": 2.2659469841499575, "n_estimators": 29.465119528172995}, "datetime": {"datetime": "2021-09-24 17:14:40", "elapsed": 122.52215, "delta": 0.682448}}
{"target": -44.966982848662184, "params": {"eta": 0.24834578315292563, "max_depth": 2.0019356108504045, "n_estimators": 29.867554092438507}, "datetime": {"datetime": "2021-09-24 17:14:40", "elapsed": 123.183653, "delta": 0.661503}}
{"target": -45.76403963476196, "params": {"eta": 0.10686097093437791, "max_depth": 1.6595325991122483, "n_estimators": 29.331953100939344}, "datetime": {"datetime": "2021-09-24 17:14:41", "elapsed": 124.054487, "delta": 0.870834}}
{"target": -46.45637420424841, "params": {"eta": 0.24013882149943427, "max_depth": 21.816820825631705, "n_estimators": 40.06556646228718}, "datetime": {"datetime": "2021-09-24 17:14:42", "elapsed": 125.002485, "delta": 0.947998}}
{"target": -47.533339615154986, "params": {"eta": 0.31620883905929187, "max_depth": 7.301954450250881, "n_estimators": 49.81068695088946}, "datetime": {"datetime": "2021-09-24 17:14:43", "elapsed": 125.793751, "delta": 0.791266}}
{"target": -49.30575194394678, "params": {"eta": 0.4130674703910473, "max_depth": 22.26451305706133, "n_estimators": 40.32828504127902}, "datetime": {"datetime": "2021-09-24 17:14:44", "elapsed": 126.960753, "delta": 1.167002}}
{"target": -46.85794853267813, "params": {"eta": 0.4211510249765328, "max_depth": 2.1296680638142593, "n_estimators": 28.687906180659347}, "datetime": {"datetime": "2021-09-24 17:14:45", "elapsed": 127.748756, "delta": 0.788003}}
{"target": -48.30407743525684, "params": {"eta": 0.05955015258458914, "max_depth": 2.3007384057194455, "n_estimators": 28.997770789995915}, "datetime": {"datetime": "2021-09-24 17:14:46", "elapsed": 128.759751, "delta": 1.010995}}
{"target": -43.781096264832, "params": {"eta": 0.4324427471370449, "max_depth": 1.3588800685702385, "n_estimators": 29.414545572379993}, "datetime": {"datetime": "2021-09-24 17:14:47", "elapsed": 129.656753, "delta": 0.897002}}
{"target": -44.55301623236864, "params": {"eta": 0.5, "max_depth": 1.7960851144332186, "n_estimators": 29.55322496896853}, "datetime": {"datetime": "2021-09-24 17:14:48", "elapsed": 130.6662, "delta": 1.009447}}
{"target": -44.16646131357752, "params": {"eta": 0.07614588162376826, "max_depth": 3.7575140409929135, "n_estimators": 61.243579078279744}, "datetime": {"datetime": "2021-09-24 17:14:49", "elapsed": 131.481332, "delta": 0.815132}}
{"target": -51.331585102511525, "params": {"eta": 0.0443462444547468, "max_depth": 48.76745447763298, "n_estimators": 36.82475687531141}, "datetime": {"datetime": "2021-09-24 17:14:50", "elapsed": 132.396004, "delta": 0.914672}}
{"target": -47.13397793303755, "params": {"eta": 0.13738176394065843, "max_depth": 11.577407094996776, "n_estimators": 47.12359886204973}, "datetime": {"datetime": "2021-09-24 17:14:51", "elapsed": 133.497305, "delta": 1.101301}}
{"target": -44.95338064208067, "params": {"eta": 0.056820056751040716, "max_depth": 4.104741536123037, "n_estimators": 61.387449036247936}, "datetime": {"datetime": "2021-09-24 17:14:52", "elapsed": 134.386064, "delta": 0.888759}}
{"target": -44.535926732801855, "params": {"eta": 0.09185667163259972, "max_depth": 3.9828424077744824, "n_estimators": 60.836933212493946}, "datetime": {"datetime": "2021-09-24 17:14:53", "elapsed": 135.631312, "delta": 1.245248}}
{"target": -75.52366969459935, "params": {"eta": 0.03495040122632089, "max_depth": 15.798739892387378, "n_estimators": 21.94140472702625}, "datetime": {"datetime": "2021-09-24 17:14:54", "elapsed": 136.375301, "delta": 0.743989}}
{"target": -50.78315270215945, "params": {"eta": 0.25406630864635216, "max_depth": 21.759567498209456, "n_estimators": 40.02647613426883}, "datetime": {"datetime": "2021-09-24 17:14:55", "elapsed": 137.507888, "delta": 1.132587}}
{"target": -43.96496650867893, "params": {"eta": 0.11591146286871974, "max_depth": 2.379154275052426, "n_estimators": 29.99366504493593}, "datetime": {"datetime": "2021-09-24 17:14:56", "elapsed": 138.328608, "delta": 0.82072}}
{"target": -47.662894858453505, "params": {"eta": 0.4782829534815615, "max_depth": 28.498075539244844, "n_estimators": 28.29214028901723}, "datetime": {"datetime": "2021-09-24 17:14:57", "elapsed": 139.293517, "delta": 0.964909}}
{"target": -51.70175236866886, "params": {"eta": 0.4227362913177017, "max_depth": 4.062959883322511, "n_estimators": 61.11922019294359}, "datetime": {"datetime": "2021-09-24 17:14:58", "elapsed": 140.378603, "delta": 1.085086}}
{"target": -43.864046598735605, "params": {"eta": 0.41688816519778704, "max_depth": 1.5033817454952074, "n_estimators": 30.027712959170657}, "datetime": {"datetime": "2021-09-24 17:14:59", "elapsed": 141.328816, "delta": 0.950213}}
{"target": -48.193749219851384, "params": {"eta": 0.1313367992878224, "max_depth": 34.909856592392416, "n_estimators": 53.052624128343}, "datetime": {"datetime": "2021-09-24 17:15:00", "elapsed": 142.307614, "delta": 0.978798}}
{"target": -51.47497157046669, "params": {"eta": 0.049593552955870084, "max_depth": 1.4368308723474923, "n_estimators": 30.2249280406366}, "datetime": {"datetime": "2021-09-24 17:15:00", "elapsed": 143.174573, "delta": 0.866959}}
{"target": -63.32551282151301, "params": {"eta": 0.0255805259060293, "max_depth": 22.000798973514616, "n_estimators": 40.34243429840208}, "datetime": {"datetime": "2021-09-24 17:15:01", "elapsed": 144.054746, "delta": 0.880173}}
{"target": -47.80459878677712, "params": {"eta": 0.2873266065352732, "max_depth": 34.73794539575138, "n_estimators": 52.70508083523164}, "datetime": {"datetime": "2021-09-24 17:15:03", "elapsed": 145.337373, "delta": 1.282627}}
{"target": -47.68178827959792, "params": {"eta": 0.25213510307242665, "max_depth": 33.063792010920295, "n_estimators": 21.31999113508615}, "datetime": {"datetime": "2021-09-24 17:15:03", "elapsed": 146.259987, "delta": 0.922614}}
{"target": -49.73204634243384, "params": {"eta": 0.40399192280920826, "max_depth": 28.945124083431246, "n_estimators": 28.296052750977772}, "datetime": {"datetime": "2021-09-24 17:15:05", "elapsed": 147.551306, "delta": 1.291319}}
{"target": -46.43906500106468, "params": {"eta": 0.11088026155194784, "max_depth": 31.488834137529125, "n_estimators": 56.383533456057435}, "datetime": {"datetime": "2021-09-24 17:15:06", "elapsed": 148.650659, "delta": 1.099353}}
{"target": -44.657318172598245, "params": {"eta": 0.36954239140943823, "max_depth": 2.2713081331066793, "n_estimators": 29.650714166575952}, "datetime": {"datetime": "2021-09-24 17:15:07", "elapsed": 149.958504, "delta": 1.307845}}
{"target": -44.30310695332692, "params": {"eta": 0.4464199279908135, "max_depth": 1.1145321253342668, "n_estimators": 29.784470794011387}, "datetime": {"datetime": "2021-09-24 17:15:08", "elapsed": 150.812747, "delta": 0.854243}}
{"target": -43.71450616363296, "params": {"eta": 0.42198760082421544, "max_depth": 1.7330110517209667, "n_estimators": 28.318552577296465}, "datetime": {"datetime": "2021-09-24 17:15:09", "elapsed": 151.585383, "delta": 0.772636}}
{"target": -46.2876677548975, "params": {"eta": 0.09250637341242152, "max_depth": 19.282384865603962, "n_estimators": 39.398026827827394}, "datetime": {"datetime": "2021-09-24 17:15:10", "elapsed": 152.438177, "delta": 0.852794}}
{"target": -43.62697670155002, "params": {"eta": 0.23511287638729833, "max_depth": 1.6201746535980663, "n_estimators": 29.74835822273978}, "datetime": {"datetime": "2021-09-24 17:15:11", "elapsed": 153.564745, "delta": 1.126568}}
{"target": -45.83608016394135, "params": {"eta": 0.06736597234639427, "max_depth": 39.02920740631517, "n_estimators": 54.6389351497419}, "datetime": {"datetime": "2021-09-24 17:15:12", "elapsed": 154.876084, "delta": 1.311339}}
{"target": -43.55567011438814, "params": {"eta": 0.36334013898793005, "max_depth": 2.058684857198193, "n_estimators": 30.28541390140385}, "datetime": {"datetime": "2021-09-24 17:15:13", "elapsed": 156.152902, "delta": 1.276818}}
{"target": -44.0491097815951, "params": {"eta": 0.3524770434368046, "max_depth": 2.8132566116271613, "n_estimators": 29.576429530456316}, "datetime": {"datetime": "2021-09-24 17:15:15", "elapsed": 157.49168, "delta": 1.338778}}
{"target": -46.77379045988384, "params": {"eta": 0.4230752705635398, "max_depth": 2.6318095117010873, "n_estimators": 30.185271799454284}, "datetime": {"datetime": "2021-09-24 17:15:16", "elapsed": 158.316118, "delta": 0.824438}}
{"target": -47.901960415947705, "params": {"eta": 0.12340142783692087, "max_depth": 16.540537047699004, "n_estimators": 50.55037039725935}, "datetime": {"datetime": "2021-09-24 17:15:17", "elapsed": 159.328555, "delta": 1.012437}}
{"target": -55.157986977942905, "params": {"eta": 0.04006701399944442, "max_depth": 2.758759727726992, "n_estimators": 29.608867699507837}, "datetime": {"datetime": "2021-09-24 17:15:17", "elapsed": 160.254554, "delta": 0.925999}}
{"target": -44.566535318704474, "params": {"eta": 0.24943767722962443, "max_depth": 2.2430337599560546, "n_estimators": 30.57444310896826}, "datetime": {"datetime": "2021-09-24 17:15:18", "elapsed": 161.081767, "delta": 0.827213}}
{"target": -60.67465384920737, "params": {"eta": 0.016513893147747732, "max_depth": 3.4197654112514684, "n_estimators": 60.77532349322063}, "datetime": {"datetime": "2021-09-24 17:15:19", "elapsed": 162.026802, "delta": 0.945035}}
{"target": -45.05098454755052, "params": {"eta": 0.13574809085714623, "max_depth": 1.7400677104337698, "n_estimators": 28.61695605572774}, "datetime": {"datetime": "2021-09-24 17:15:21", "elapsed": 163.357899, "delta": 1.331097}}
{"target": -46.41354321357899, "params": {"eta": 0.4656796208002409, "max_depth": 2.656204525275238, "n_estimators": 29.092908101486643}, "datetime": {"datetime": "2021-09-24 17:15:22", "elapsed": 164.440485, "delta": 1.082586}}
{"target": -45.990145288911975, "params": {"eta": 0.07532689131426257, "max_depth": 40.810313688363685, "n_estimators": 56.40690716500742}, "datetime": {"datetime": "2021-09-24 17:15:23", "elapsed": 165.528317, "delta": 1.087832}}
{"target": -48.967289573267884, "params": {"eta": 0.25034233117021676, "max_depth": 21.900841535890738, "n_estimators": 19.62173754835547}, "datetime": {"datetime": "2021-09-24 17:15:24", "elapsed": 166.384613, "delta": 0.856296}}
{"target": -47.10849850876887, "params": {"eta": 0.10991070584818732, "max_depth": 45.296113373182756, "n_estimators": 24.220746292992853}, "datetime": {"datetime": "2021-09-24 17:15:24", "elapsed": 167.256386, "delta": 0.871773}}
{"target": -43.358656402817346, "params": {"eta": 0.34851756636420966, "max_depth": 1.3981626142974364, "n_estimators": 28.47462846771053}, "datetime": {"datetime": "2021-09-24 17:15:25", "elapsed": 168.256322, "delta": 0.999936}}
{"target": -49.000876605958865, "params": {"eta": 0.4758111010742754, "max_depth": 21.608453045621527, "n_estimators": 20.22665688062261}, "datetime": {"datetime": "2021-09-24 17:15:27", "elapsed": 169.278878, "delta": 1.022556}}
{"target": -50.125656816296114, "params": {"eta": 0.2770712546192761, "max_depth": 5.239563803883834, "n_estimators": 39.240413306192806}, "datetime": {"datetime": "2021-09-24 17:15:27", "elapsed": 170.107557, "delta": 0.828679}}
{"target": -49.63082059702479, "params": {"eta": 0.49045034436433116, "max_depth": 24.228265073140612, "n_estimators": 22.999259653666098}, "datetime": {"datetime": "2021-09-24 17:15:28", "elapsed": 171.055017, "delta": 0.94746}}
{"target": -50.27196669040766, "params": {"eta": 0.451236535905821, "max_depth": 3.1625334797027858, "n_estimators": 29.279617151137572}, "datetime": {"datetime": "2021-09-24 17:15:29", "elapsed": 172.071808, "delta": 1.016791}}
{"target": -44.23111156951216, "params": {"eta": 0.13337941956301103, "max_depth": 2.0930691425942327, "n_estimators": 27.832985658852675}, "datetime": {"datetime": "2021-09-24 17:15:31", "elapsed": 173.294847, "delta": 1.223039}}
{"target": -46.08085853175113, "params": {"eta": 0.38500459105807977, "max_depth": 2.3147523208702747, "n_estimators": 28.25225702608783}, "datetime": {"datetime": "2021-09-24 17:15:31", "elapsed": 174.228845, "delta": 0.933998}}
{"target": -46.415980977223334, "params": {"eta": 0.09853009072980913, "max_depth": 1.9613291556118062, "n_estimators": 28.201290765158962}, "datetime": {"datetime": "2021-09-24 17:15:32", "elapsed": 175.017843, "delta": 0.788998}}
{"target": -81.70617297179717, "params": {"eta": 0.01, "max_depth": 4.38493104335794, "n_estimators": 60.92462242063045}, "datetime": {"datetime": "2021-09-24 17:15:34", "elapsed": 176.559844, "delta": 1.542001}}
