{"target": -60.3213698935688, "params": {"eta": 1.0, "max_depth": 12.448466739382525, "n_estimators": 45.46757161761343}, "datetime": {"datetime": "2021-09-24 15:13:04", "elapsed": 117.948225, "delta": 1.12399}}
{"target": -140.04310812358568, "params": {"eta": 0.001, "max_depth": 18.806612373441816, "n_estimators": 47.2869138828966}, "datetime": {"datetime": "2021-09-24 15:13:05", "elapsed": 119.357253, "delta": 1.409028}}
{"target": -60.5306201052845, "params": {"eta": 0.9939987625815841, "max_depth": 18.179883860731913, "n_estimators": 53.2205816195761}, "datetime": {"datetime": "2021-09-24 15:13:07", "elapsed": 121.106713, "delta": 1.74946}}
{"target": -59.37427228196223, "params": {"eta": 1.0, "max_depth": 24.329620407549836, "n_estimators": 48.67891928575888}, "datetime": {"datetime": "2021-09-24 15:13:08", "elapsed": 122.649722, "delta": 1.543009}}
{"target": -59.71365550048369, "params": {"eta": 1.0, "max_depth": 7.534018162334418, "n_estimators": 60.45069319303219}, "datetime": {"datetime": "2021-09-24 15:13:11", "elapsed": 124.899267, "delta": 2.249545}}
{"target": -63.185478769746936, "params": {"eta": 1.0, "max_depth": 8.589672136818965, "n_estimators": 6.656088388853668}, "datetime": {"datetime": "2021-09-24 15:13:12", "elapsed": 126.49442, "delta": 1.595153}}
{"target": -53.73267926667866, "params": {"eta": 1.0, "max_depth": 3.5718222819242222, "n_estimators": 28.564758849550397}, "datetime": {"datetime": "2021-09-24 15:13:13", "elapsed": 127.664818, "delta": 1.170398}}
{"target": -45.82907138910509, "params": {"eta": 0.3138297561781844, "max_depth": 8.732599944516693, "n_estimators": 65.04696039689672}, "datetime": {"datetime": "2021-09-24 15:13:15", "elapsed": 129.379708, "delta": 1.71489}}
{"target": -59.37427208118869, "params": {"eta": 1.0, "max_depth": 23.93937738252244, "n_estimators": 55.17228354912256}, "datetime": {"datetime": "2021-09-24 15:13:17", "elapsed": 131.341704, "delta": 1.961996}}
{"target": -59.228120574377535, "params": {"eta": 1.0, "max_depth": 16.607310591624234, "n_estimators": 39.46654211160105}, "datetime": {"datetime": "2021-09-24 15:13:18", "elapsed": 132.590528, "delta": 1.248824}}
{"target": -143.98618208734612, "params": {"eta": 0.001, "max_depth": 2.5067770996959484, "n_estimators": 17.607860221546087}, "datetime": {"datetime": "2021-09-24 15:13:20", "elapsed": 133.896814, "delta": 1.306286}}
{"target": -49.533729553222656, "params": {"eta": 0.07828179976370306, "max_depth": 1.3621410978571182, "n_estimators": 21.45901979723883}, "datetime": {"datetime": "2021-09-24 15:13:21", "elapsed": 135.693911, "delta": 1.797097}}
{"target": -47.51453419735557, "params": {"eta": 0.6175790003700756, "max_depth": 8.0410266569227, "n_estimators": 45.49594110072097}, "datetime": {"datetime": "2021-09-24 15:13:25", "elapsed": 138.821332, "delta": 3.127421}}
{"target": -51.20223525771521, "params": {"eta": 0.9233333417433224, "max_depth": 3.302580849030087, "n_estimators": 98.14627783989957}, "datetime": {"datetime": "2021-09-24 15:13:27", "elapsed": 140.984358, "delta": 2.163026}}
{"target": -46.102809418412974, "params": {"eta": 0.08449044625613396, "max_depth": 9.680374528721464, "n_estimators": 49.32628194769109}, "datetime": {"datetime": "2021-09-24 15:13:29", "elapsed": 143.414667, "delta": 2.430309}}
{"target": -46.51429569990115, "params": {"eta": 0.3740570120544006, "max_depth": 10.972761284119647, "n_estimators": 41.825972586873135}, "datetime": {"datetime": "2021-09-24 15:13:32", "elapsed": 145.941914, "delta": 2.527247}}
{"target": -51.81380937332497, "params": {"eta": 0.9234478645175063, "max_depth": 21.06314043036091, "n_estimators": 52.15268748031613}, "datetime": {"datetime": "2021-09-24 15:13:33", "elapsed": 147.674015, "delta": 1.732101}}
{"target": -55.427366902057386, "params": {"eta": 1.0, "max_depth": 3.356123907747559, "n_estimators": 94.63613401931393}, "datetime": {"datetime": "2021-09-24 15:13:35", "elapsed": 148.712934, "delta": 1.038919}}
{"target": -49.766394706597005, "params": {"eta": 0.5158409894937953, "max_depth": 8.865946817725101, "n_estimators": 67.75910516763912}, "datetime": {"datetime": "2021-09-24 15:13:36", "elapsed": 150.266178, "delta": 1.553244}}
{"target": -59.136179128087555, "params": {"eta": 1.0, "max_depth": 10.813072689454527, "n_estimators": 85.58650526601382}, "datetime": {"datetime": "2021-09-24 15:13:38", "elapsed": 152.271965, "delta": 2.005787}}
{"target": -47.64941216949234, "params": {"eta": 0.8942902761013009, "max_depth": 1.086245780142458, "n_estimators": 64.47286425298293}, "datetime": {"datetime": "2021-09-24 15:13:41", "elapsed": 155.204096, "delta": 2.932131}}
{"target": -46.56956849062353, "params": {"eta": 0.879600157810194, "max_depth": 1.0348625638431903, "n_estimators": 38.88145250305934}, "datetime": {"datetime": "2021-09-24 15:13:42", "elapsed": 156.517461, "delta": 1.313365}}
{"target": -50.66860415343952, "params": {"eta": 0.7131220188544317, "max_depth": 7.538663386040665, "n_estimators": 97.52104151672032}, "datetime": {"datetime": "2021-09-24 15:13:44", "elapsed": 158.241564, "delta": 1.724103}}
{"target": -47.452232446885645, "params": {"eta": 0.29480284544353275, "max_depth": 7.302107570093045, "n_estimators": 94.150540267462}, "datetime": {"datetime": "2021-09-24 15:13:47", "elapsed": 160.957969, "delta": 2.716405}}
{"target": -59.71699305494925, "params": {"eta": 1.0, "max_depth": 7.045425163831563, "n_estimators": 16.57556616273699}, "datetime": {"datetime": "2021-09-24 15:13:49", "elapsed": 163.003235, "delta": 2.045266}}
{"target": -49.38066646030971, "params": {"eta": 0.5343158941820568, "max_depth": 11.623193379769734, "n_estimators": 71.48095908654929}, "datetime": {"datetime": "2021-09-24 15:13:51", "elapsed": 165.012749, "delta": 2.009514}}
{"target": -44.519954796124225, "params": {"eta": 0.2827780790965126, "max_depth": 19.666210736948774, "n_estimators": 57.48975585208803}, "datetime": {"datetime": "2021-09-24 15:13:55", "elapsed": 168.958388, "delta": 3.945639}}
{"target": -43.839054968124046, "params": {"eta": 0.23949511055837533, "max_depth": 17.742959871748575, "n_estimators": 59.34789745724385}, "datetime": {"datetime": "2021-09-24 15:13:58", "elapsed": 172.259522, "delta": 3.301134}}
{"target": -52.5960574544462, "params": {"eta": 0.915632595816949, "max_depth": 19.87945742528774, "n_estimators": 60.33717378594397}, "datetime": {"datetime": "2021-09-24 15:14:00", "elapsed": 174.599523, "delta": 2.340001}}
{"target": -54.466445166365546, "params": {"eta": 0.773068582421559, "max_depth": 18.530204832069643, "n_estimators": 7.089352690869827}, "datetime": {"datetime": "2021-09-24 15:14:02", "elapsed": 176.220044, "delta": 1.620521}}
{"target": -109.67002129375487, "params": {"eta": 0.03342192191138899, "max_depth": 21.717265492822126, "n_estimators": 9.528153618210036}, "datetime": {"datetime": "2021-09-24 15:14:04", "elapsed": 178.470527, "delta": 2.250483}}
{"target": -47.219783008546756, "params": {"eta": 0.4177521267169698, "max_depth": 21.567535824108063, "n_estimators": 32.11837725102977}, "datetime": {"datetime": "2021-09-24 15:14:08", "elapsed": 181.74251, "delta": 3.271983}}
{"target": -56.70738898363329, "params": {"eta": 0.7694693623382707, "max_depth": 21.467428379102987, "n_estimators": 34.991795827062006}, "datetime": {"datetime": "2021-09-24 15:14:10", "elapsed": 183.705316, "delta": 1.962806}}
{"target": -59.713654882925795, "params": {"eta": 1.0, "max_depth": 7.995970916905166, "n_estimators": 51.25949619084433}, "datetime": {"datetime": "2021-09-24 15:14:11", "elapsed": 185.404058, "delta": 1.698742}}
{"target": -142.21105886133094, "params": {"eta": 0.001, "max_depth": 16.526276733097895, "n_estimators": 31.0483328111571}, "datetime": {"datetime": "2021-09-24 15:14:14", "elapsed": 188.484753, "delta": 3.080695}}
{"target": -118.75310193685661, "params": {"eta": 0.0024087973349008105, "max_depth": 2.82803704690515, "n_estimators": 85.66551222967921}, "datetime": {"datetime": "2021-09-24 15:14:16", "elapsed": 189.743409, "delta": 1.258656}}
{"target": -48.302959513843504, "params": {"eta": 1.0, "max_depth": 1.0, "n_estimators": 81.29265048748675}, "datetime": {"datetime": "2021-09-24 15:14:18", "elapsed": 191.948039, "delta": 2.20463}}
{"target": -60.505548821356065, "params": {"eta": 0.9798844071896929, "max_depth": 3.8718587464382628, "n_estimators": 82.00216541860628}, "datetime": {"datetime": "2021-09-24 15:14:19", "elapsed": 193.655532, "delta": 1.707493}}
{"target": -61.03056337219432, "params": {"eta": 1.0, "max_depth": 6.295318914788589, "n_estimators": 10.441565078932673}, "datetime": {"datetime": "2021-09-24 15:14:23", "elapsed": 196.758531, "delta": 3.102999}}
{"target": -145.30719830398272, "params": {"eta": 0.001, "max_depth": 3.3234544880467363, "n_estimators": 8.631921191110019}, "datetime": {"datetime": "2021-09-24 15:14:24", "elapsed": 198.015588, "delta": 1.257057}}
{"target": -50.378581498798575, "params": {"eta": 0.7130743893764638, "max_depth": 12.80034594937856, "n_estimators": 58.35124369549121}, "datetime": {"datetime": "2021-09-24 15:14:26", "elapsed": 199.983174, "delta": 1.967586}}
{"target": -47.46135665778827, "params": {"eta": 0.09521841925408042, "max_depth": 7.980947657840889, "n_estimators": 63.37118940602393}, "datetime": {"datetime": "2021-09-24 15:14:28", "elapsed": 202.611171, "delta": 2.627997}}
{"target": -48.96259016739695, "params": {"eta": 0.5873924438260496, "max_depth": 6.856194169980611, "n_estimators": 64.80581098632408}, "datetime": {"datetime": "2021-09-24 15:14:31", "elapsed": 205.059786, "delta": 2.448615}}
{"target": -52.59319757160387, "params": {"eta": 0.799804828294029, "max_depth": 8.7176842060809, "n_estimators": 42.04765695002346}, "datetime": {"datetime": "2021-09-24 15:14:32", "elapsed": 206.422403, "delta": 1.362617}}
{"target": -45.93788637433733, "params": {"eta": 0.15490069568172163, "max_depth": 13.395775655463547, "n_estimators": 51.03078517653585}, "datetime": {"datetime": "2021-09-24 15:14:34", "elapsed": 208.008113, "delta": 1.58571}}
{"target": -51.081367937245766, "params": {"eta": 0.7800180562591802, "max_depth": 5.463200718192648, "n_estimators": 5.9971176331555816}, "datetime": {"datetime": "2021-09-24 15:14:36", "elapsed": 209.707491, "delta": 1.699378}}
{"target": -57.66608997574426, "params": {"eta": 0.8835572376989919, "max_depth": 7.281209560864935, "n_estimators": 83.88706244753395}, "datetime": {"datetime": "2021-09-24 15:14:37", "elapsed": 211.469453, "delta": 1.761962}}
{"target": -50.442396594169445, "params": {"eta": 0.6430701280179367, "max_depth": 10.781626110924185, "n_estimators": 54.01045463840294}, "datetime": {"datetime": "2021-09-24 15:14:39", "elapsed": 213.119703, "delta": 1.65025}}
{"target": -47.495637821971926, "params": {"eta": 0.46644718499771837, "max_depth": 21.727520324433783, "n_estimators": 57.26605812460304}, "datetime": {"datetime": "2021-09-24 15:14:42", "elapsed": 215.908268, "delta": 2.788565}}
{"target": -138.57987944524092, "params": {"eta": 0.001, "max_depth": 16.049456314348717, "n_estimators": 58.17183179615165}, "datetime": {"datetime": "2021-09-24 15:14:43", "elapsed": 217.621427, "delta": 1.713159}}
{"target": -46.027833293255114, "params": {"eta": 0.05736157657701511, "max_depth": 19.139043129026497, "n_estimators": 58.778640749662245}, "datetime": {"datetime": "2021-09-24 15:14:49", "elapsed": 223.605578, "delta": 5.984151}}
{"target": -47.217316419558415, "params": {"eta": 0.253944151680435, "max_depth": 12.966568270165222, "n_estimators": 60.3211257631993}, "datetime": {"datetime": "2021-09-24 15:14:52", "elapsed": 225.931932, "delta": 2.326354}}
{"target": -47.01036183636888, "params": {"eta": 1.0, "max_depth": 1.0, "n_estimators": 30.259038244058015}, "datetime": {"datetime": "2021-09-24 15:14:53", "elapsed": 227.543763, "delta": 1.611831}}
{"target": -138.31785237968415, "params": {"eta": 0.001, "max_depth": 18.15414445529557, "n_estimators": 60.91415896491878}, "datetime": {"datetime": "2021-09-24 15:14:56", "elapsed": 230.309028, "delta": 2.765265}}
{"target": -42.512874488543744, "params": {"eta": 0.2383805715432318, "max_depth": 1.932032306573623, "n_estimators": 68.13857835741196}, "datetime": {"datetime": "2021-09-24 15:14:59", "elapsed": 232.890381, "delta": 2.581353}}
{"target": -53.110422797669145, "params": {"eta": 0.8396334696275441, "max_depth": 2.4457841389262303, "n_estimators": 66.36455500045834}, "datetime": {"datetime": "2021-09-24 15:15:01", "elapsed": 235.404241, "delta": 2.51386}}
{"target": -51.49203003618054, "params": {"eta": 0.04794801898914428, "max_depth": 2.093185342871851, "n_estimators": 29.393720214523434}, "datetime": {"datetime": "2021-09-24 15:15:02", "elapsed": 236.692352, "delta": 1.288111}}
{"target": -44.99618510196083, "params": {"eta": 0.29789768337132955, "max_depth": 12.281937457127576, "n_estimators": 55.57237542864507}, "datetime": {"datetime": "2021-09-24 15:15:07", "elapsed": 240.86677, "delta": 4.174418}}
{"target": -59.44737237915957, "params": {"eta": 0.878493395560162, "max_depth": 21.006422648669638, "n_estimators": 58.634637118041155}, "datetime": {"datetime": "2021-09-24 15:15:08", "elapsed": 242.345198, "delta": 1.478428}}
{"target": -55.223583149730715, "params": {"eta": 0.8541237254952947, "max_depth": 11.071560802992696, "n_estimators": 48.40727564738894}, "datetime": {"datetime": "2021-09-24 15:15:10", "elapsed": 244.165216, "delta": 1.820018}}
{"target": -56.71599628692283, "params": {"eta": 0.7716303533992819, "max_depth": 13.01478543040438, "n_estimators": 52.40436446891793}, "datetime": {"datetime": "2021-09-24 15:15:11", "elapsed": 245.687171, "delta": 1.521955}}
{"target": -63.06728510390547, "params": {"eta": 1.0, "max_depth": 8.720821651719543, "n_estimators": 47.92051968935383}, "datetime": {"datetime": "2021-09-24 15:15:14", "elapsed": 248.523198, "delta": 2.836027}}
{"target": -51.4596321564868, "params": {"eta": 0.6547977494040382, "max_depth": 3.1814855588126836, "n_estimators": 38.99748775026817}, "datetime": {"datetime": "2021-09-24 15:15:18", "elapsed": 252.508254, "delta": 3.985056}}
{"target": -61.59803324534481, "params": {"eta": 0.024807022220764086, "max_depth": 7.872541790250906, "n_estimators": 43.58331565427335}, "datetime": {"datetime": "2021-09-24 15:15:20", "elapsed": 254.576315, "delta": 2.068061}}
{"target": -74.59281509800961, "params": {"eta": 0.01625594252002375, "max_depth": 6.322655221176198, "n_estimators": 46.26524009746419}, "datetime": {"datetime": "2021-09-24 15:15:22", "elapsed": 256.414995, "delta": 1.83868}}
{"target": -141.73266367087686, "params": {"eta": 0.001, "max_depth": 1.0, "n_estimators": 32.071725471468596}, "datetime": {"datetime": "2021-09-24 15:15:24", "elapsed": 258.327504, "delta": 1.912509}}
{"target": -45.72692776443367, "params": {"eta": 0.3390124862564684, "max_depth": 2.964368292627989, "n_estimators": 69.57288161679442}, "datetime": {"datetime": "2021-09-24 15:15:27", "elapsed": 260.845404, "delta": 2.5179}}
{"target": -53.90988028676886, "params": {"eta": 0.7094569615586891, "max_depth": 3.1494570552574244, "n_estimators": 30.228541832621183}, "datetime": {"datetime": "2021-09-24 15:15:29", "elapsed": 262.740399, "delta": 1.894995}}
{"target": -140.31203980911943, "params": {"eta": 0.001, "max_depth": 9.588862039986571, "n_estimators": 45.18205786337844}, "datetime": {"datetime": "2021-09-24 15:15:32", "elapsed": 265.730045, "delta": 2.989646}}
{"target": -46.82478547634039, "params": {"eta": 0.8825867151036823, "max_depth": 1.0388354538562652, "n_estimators": 38.93862920696965}, "datetime": {"datetime": "2021-09-24 15:15:32", "elapsed": 266.562975, "delta": 0.83293}}
{"target": -46.92488189926721, "params": {"eta": 0.15769793482471328, "max_depth": 12.19394336104297, "n_estimators": 57.00446745213782}, "datetime": {"datetime": "2021-09-24 15:15:36", "elapsed": 269.894762, "delta": 3.331787}}
{"target": -59.13617976984583, "params": {"eta": 1.0, "max_depth": 10.099395783808527, "n_estimators": 42.67161548509045}, "datetime": {"datetime": "2021-09-24 15:15:38", "elapsed": 271.721741, "delta": 1.826979}}
{"target": -47.412728617962145, "params": {"eta": 0.6385786793910938, "max_depth": 2.164726706026568, "n_estimators": 22.446000970582837}, "datetime": {"datetime": "2021-09-24 15:15:40", "elapsed": 274.191237, "delta": 2.469496}}
{"target": -50.21660341535296, "params": {"eta": 0.6204745898858611, "max_depth": 20.556001541719063, "n_estimators": 56.314303303179926}, "datetime": {"datetime": "2021-09-24 15:15:43", "elapsed": 277.153839, "delta": 2.962602}}
{"target": -57.44062888174129, "params": {"eta": 0.9882608943131909, "max_depth": 18.336351756445065, "n_estimators": 58.46028406969105}, "datetime": {"datetime": "2021-09-24 15:15:45", "elapsed": 278.75871, "delta": 1.604871}}
{"target": -74.00041146385938, "params": {"eta": 0.015314099660468608, "max_depth": 12.135005914419771, "n_estimators": 50.256086453607594}, "datetime": {"datetime": "2021-09-24 15:15:47", "elapsed": 281.039016, "delta": 2.280306}}
{"target": -47.635170599571744, "params": {"eta": 0.49708865443607886, "max_depth": 8.88871227615928, "n_estimators": 85.41607748457587}, "datetime": {"datetime": "2021-09-24 15:15:49", "elapsed": 282.982305, "delta": 1.943289}}
{"target": -143.1063490218686, "params": {"eta": 0.001, "max_depth": 2.3952606852806158, "n_estimators": 23.904874171989785}, "datetime": {"datetime": "2021-09-24 15:15:52", "elapsed": 285.961692, "delta": 2.979387}}
{"target": -57.88857580844621, "params": {"eta": 1.0, "max_depth": 2.1431513646637437, "n_estimators": 68.94815636433597}, "datetime": {"datetime": "2021-09-24 15:15:55", "elapsed": 288.850163, "delta": 2.888471}}
{"target": -49.7688037183948, "params": {"eta": 0.7909300458202843, "max_depth": 3.1862391817124136, "n_estimators": 21.69582412655001}, "datetime": {"datetime": "2021-09-24 15:15:58", "elapsed": 291.997398, "delta": 3.147235}}
{"target": -53.14732750197102, "params": {"eta": 0.7416040159814306, "max_depth": 9.057057279204507, "n_estimators": 63.788072667192836}, "datetime": {"datetime": "2021-09-24 15:16:00", "elapsed": 294.451313, "delta": 2.453915}}
{"target": -50.17695101400963, "params": {"eta": 0.6504415106132191, "max_depth": 13.659187803178053, "n_estimators": 55.4278958776111}, "datetime": {"datetime": "2021-09-24 15:16:03", "elapsed": 297.629247, "delta": 3.177934}}
{"target": -61.16771764862806, "params": {"eta": 1.0, "max_depth": 6.998817850567269, "n_estimators": 63.432568594467995}, "datetime": {"datetime": "2021-09-24 15:16:05", "elapsed": 299.652671, "delta": 2.023424}}
{"target": -136.53942199219438, "params": {"eta": 0.001, "max_depth": 1.0, "n_estimators": 68.34878987500576}, "datetime": {"datetime": "2021-09-24 15:16:07", "elapsed": 301.077358, "delta": 1.424687}}
{"target": -48.55161051642626, "params": {"eta": 0.4629822589316024, "max_depth": 2.3922631981480214, "n_estimators": 67.58220000974833}, "datetime": {"datetime": "2021-09-24 15:16:10", "elapsed": 303.754087, "delta": 2.676729}}
{"target": -45.46604801837663, "params": {"eta": 0.06126238874301818, "max_depth": 12.777288121815259, "n_estimators": 56.37680393213286}, "datetime": {"datetime": "2021-09-24 15:16:11", "elapsed": 305.672777, "delta": 1.91869}}
{"target": -45.23817745007967, "params": {"eta": 0.7549250577445908, "max_depth": 1.3985957291761295, "n_estimators": 29.406333111459325}, "datetime": {"datetime": "2021-09-24 15:16:13", "elapsed": 307.00635, "delta": 1.333573}}
{"target": -43.47514297370624, "params": {"eta": 0.1252472465321705, "max_depth": 1.2625236211587154, "n_estimators": 66.04333062591283}, "datetime": {"datetime": "2021-09-24 15:16:14", "elapsed": 308.568798, "delta": 1.562448}}
{"target": -43.02718221334587, "params": {"eta": 0.3911780776727855, "max_depth": 1.0325411787676861, "n_estimators": 22.595616311201297}, "datetime": {"datetime": "2021-09-24 15:16:17", "elapsed": 310.83443, "delta": 2.265632}}
{"target": -47.486086390072245, "params": {"eta": 1.0, "max_depth": 1.0, "n_estimators": 66.18990574066177}, "datetime": {"datetime": "2021-09-24 15:16:20", "elapsed": 314.176339, "delta": 3.341909}}
{"target": -53.7511289854695, "params": {"eta": 0.7639654969697642, "max_depth": 2.0708481679479656, "n_estimators": 70.63036466061175}, "datetime": {"datetime": "2021-09-24 15:16:22", "elapsed": 316.166117, "delta": 1.989778}}
{"target": -135.16888997339666, "params": {"eta": 0.001, "max_depth": 8.27098262577778, "n_estimators": 84.5219665874775}, "datetime": {"datetime": "2021-09-24 15:16:24", "elapsed": 318.401718, "delta": 2.235601}}
{"target": -49.54534236649822, "params": {"eta": 0.7934117799509812, "max_depth": 2.0149668135893424, "n_estimators": 30.293104667066757}, "datetime": {"datetime": "2021-09-24 15:16:27", "elapsed": 320.926008, "delta": 2.52429}}
{"target": -46.56777386199263, "params": {"eta": 0.02838175683049308, "max_depth": 2.5355444536480327, "n_estimators": 68.73986851010372}, "datetime": {"datetime": "2021-09-24 15:16:28", "elapsed": 322.627689, "delta": 1.701681}}
{"target": -46.66640526907785, "params": {"eta": 0.06492940952785192, "max_depth": 8.551909161234184, "n_estimators": 86.48766105219595}, "datetime": {"datetime": "2021-09-24 15:16:31", "elapsed": 325.454614, "delta": 2.826925}}
{"target": -60.510552743323764, "params": {"eta": 0.9855900065477629, "max_depth": 8.906850579872373, "n_estimators": 86.54885386865283}, "datetime": {"datetime": "2021-09-24 15:16:33", "elapsed": 327.495411, "delta": 2.040797}}
{"target": -46.45138937010801, "params": {"eta": 0.28674805856744173, "max_depth": 9.92507884990636, "n_estimators": 41.24744474998738}, "datetime": {"datetime": "2021-09-24 15:16:36", "elapsed": 329.822865, "delta": 2.327454}}
{"target": -53.10797007281081, "params": {"eta": 1.0, "max_depth": 2.120357149021252, "n_estimators": 38.3637280492741}, "datetime": {"datetime": "2021-09-24 15:16:38", "elapsed": 332.344552, "delta": 2.521687}}
