{"target": 0.41825053121414724, "params": {"eta": 0.08, "max_depth": 3.265992456385988, "n_estimators": 65.61327655027594}, "datetime": {"datetime": "2021-09-24 14:00:09", "elapsed": 610.739464, "delta": 5.681578}}
{"target": 0.4160074050854796, "params": {"eta": 0.08, "max_depth": 3.0714015514923974, "n_estimators": 48.25701323033636}, "datetime": {"datetime": "2021-09-24 14:00:13", "elapsed": 614.87316, "delta": 4.133696}}
{"target": 0.3909638648628885, "params": {"eta": 0.10852942944734945, "max_depth": 3.9756768102939515, "n_estimators": 91.69370369398644}, "datetime": {"datetime": "2021-09-24 14:00:19", "elapsed": 620.768391, "delta": 5.895231}}
{"target": 0.4582811458825412, "params": {"eta": 0.1597933340786952, "max_depth": 1.0076279382838855, "n_estimators": 97.72499092656885}, "datetime": {"datetime": "2021-09-24 14:00:25", "elapsed": 627.031697, "delta": 6.263306}}
{"target": 0.4465277427413016, "params": {"eta": 0.08, "max_depth": 1.0, "n_estimators": 81.46795715770448}, "datetime": {"datetime": "2021-09-24 14:00:29", "elapsed": 630.76066, "delta": 3.728963}}
{"target": 0.3726612206360913, "params": {"eta": 0.6, "max_depth": 1.373626621609109, "n_estimators": 72.8426974845137}, "datetime": {"datetime": "2021-09-24 14:00:33", "elapsed": 635.121242, "delta": 4.360582}}
{"target": 0.31578115645800675, "params": {"eta": 0.08, "max_depth": 4.0, "n_estimators": 24.69369111443149}, "datetime": {"datetime": "2021-09-24 14:00:39", "elapsed": 640.899672, "delta": 5.77843}}
{"target": 0.41364308082819967, "params": {"eta": 0.09011004802139301, "max_depth": 3.13591367973219, "n_estimators": 34.281146276547204}, "datetime": {"datetime": "2021-09-24 14:00:44", "elapsed": 646.161605, "delta": 5.261933}}
{"target": 0.41581615159895635, "params": {"eta": 0.08, "max_depth": 1.9246509836956676, "n_estimators": 39.526281829920954}, "datetime": {"datetime": "2021-09-24 14:00:47", "elapsed": 649.10717, "delta": 2.945565}}
{"target": 0.3793522707256982, "params": {"eta": 0.08, "max_depth": 4.0, "n_estimators": 33.290049419679875}, "datetime": {"datetime": "2021-09-24 14:00:52", "elapsed": 654.447491, "delta": 5.340321}}
{"target": 0.3872275870244568, "params": {"eta": 0.5963664742956648, "max_depth": 1.553095186841447, "n_estimators": 21.829599251804463}, "datetime": {"datetime": "2021-09-24 14:00:57", "elapsed": 658.816543, "delta": 4.369052}}
{"target": 0.4579491377088645, "params": {"eta": 0.08, "max_depth": 2.4621813970141284, "n_estimators": 95.06805885928016}, "datetime": {"datetime": "2021-09-24 14:01:03", "elapsed": 664.923497, "delta": 6.106954}}
{"target": 0.2460438467723507, "params": {"eta": 0.5956478843296942, "max_depth": 2.5596691052184535, "n_estimators": 46.24714215941378}, "datetime": {"datetime": "2021-09-24 14:01:06", "elapsed": 668.198586, "delta": 3.275089}}
{"target": 0.4000444401130612, "params": {"eta": 0.6, "max_depth": 1.0, "n_estimators": 39.4742792500464}, "datetime": {"datetime": "2021-09-24 14:01:10", "elapsed": 672.459833, "delta": 4.261247}}
{"target": 0.1996726610679601, "params": {"eta": 0.6, "max_depth": 4.0, "n_estimators": 65.70769264836184}, "datetime": {"datetime": "2021-09-24 14:01:15", "elapsed": 677.47741, "delta": 5.017577}}
{"target": 0.051115648439932326, "params": {"eta": 0.08, "max_depth": 3.48726405494455, "n_estimators": 15.136081666684978}, "datetime": {"datetime": "2021-09-24 14:01:20", "elapsed": 681.96526, "delta": 4.48785}}
{"target": 0.45940431701603757, "params": {"eta": 0.08, "max_depth": 2.0336446208795755, "n_estimators": 62.538850480469144}, "datetime": {"datetime": "2021-09-24 14:01:25", "elapsed": 686.863513, "delta": 4.898253}}
{"target": 0.36393327829229793, "params": {"eta": 0.6, "max_depth": 1.0, "n_estimators": 79.03635838115046}, "datetime": {"datetime": "2021-09-24 14:01:33", "elapsed": 695.305945, "delta": 8.442432}}
{"target": 0.2724944036527107, "params": {"eta": 0.6, "max_depth": 2.42313367580793, "n_estimators": 51.469145951015854}, "datetime": {"datetime": "2021-09-24 14:01:40", "elapsed": 702.32927, "delta": 7.023325}}
{"target": 0.27122081405273624, "params": {"eta": 0.5891783031903999, "max_depth": 3.2436933431513113, "n_estimators": 17.026209757988333}, "datetime": {"datetime": "2021-09-24 14:01:44", "elapsed": 705.979809, "delta": 3.650539}}
{"target": 0.3982196040342969, "params": {"eta": 0.5826505244847127, "max_depth": 1.3368103729048006, "n_estimators": 44.01700580313678}, "datetime": {"datetime": "2021-09-24 14:01:48", "elapsed": 710.444086, "delta": 4.464277}}
{"target": 0.21508431930901228, "params": {"eta": 0.588341837541174, "max_depth": 3.453591836528928, "n_estimators": 62.37897901252139}, "datetime": {"datetime": "2021-09-24 14:01:55", "elapsed": 717.011726, "delta": 6.56764}}
{"target": 0.4492197371488159, "params": {"eta": 0.09323276611373638, "max_depth": 2.8886078866970974, "n_estimators": 92.26339118716471}, "datetime": {"datetime": "2021-09-24 14:02:00", "elapsed": 722.153551, "delta": 5.141825}}
{"target": 0.41539404777431654, "params": {"eta": 0.10024571223662995, "max_depth": 3.0675800999475444, "n_estimators": 61.26523572770615}, "datetime": {"datetime": "2021-09-24 14:02:05", "elapsed": 727.436758, "delta": 5.283207}}
{"target": 0.23992284519139118, "params": {"eta": 0.6, "max_depth": 4.0, "n_estimators": 14.40093597020261}, "datetime": {"datetime": "2021-09-24 14:02:09", "elapsed": 731.662917, "delta": 4.226159}}
{"target": 0.3543805059852352, "params": {"eta": 0.5968342093809171, "max_depth": 2.320327037687589, "n_estimators": 15.137659778036562}, "datetime": {"datetime": "2021-09-24 14:02:16", "elapsed": 737.793344, "delta": 6.130427}}
{"target": 0.4437131320144819, "params": {"eta": 0.10413752529826285, "max_depth": 1.4096838165843866, "n_estimators": 63.43292878786556}, "datetime": {"datetime": "2021-09-24 14:02:19", "elapsed": 741.310883, "delta": 3.517539}}
{"target": 0.29344745920290927, "params": {"eta": 0.6, "max_depth": 2.3799807576226253, "n_estimators": 43.694422415968134}, "datetime": {"datetime": "2021-09-24 14:02:24", "elapsed": 745.803013, "delta": 4.49213}}
{"target": 0.3881120081032454, "params": {"eta": 0.6, "max_depth": 1.0, "n_estimators": 54.16831559289078}, "datetime": {"datetime": "2021-09-24 14:02:28", "elapsed": 750.080768, "delta": 4.277755}}
{"target": 0.40518347734519233, "params": {"eta": 0.6, "max_depth": 1.4631671391453875, "n_estimators": 40.294604064064124}, "datetime": {"datetime": "2021-09-24 14:02:31", "elapsed": 753.192261, "delta": 3.111493}}
{"target": 0.4156965040887419, "params": {"eta": 0.6, "max_depth": 1.0, "n_estimators": 35.37543203666073}, "datetime": {"datetime": "2021-09-24 14:02:36", "elapsed": 758.254767, "delta": 5.062506}}
{"target": 0.41662496518295067, "params": {"eta": 0.08, "max_depth": 3.6667266304384185, "n_estimators": 50.95062574000699}, "datetime": {"datetime": "2021-09-24 14:02:41", "elapsed": 763.487747, "delta": 5.23298}}
{"target": 0.4153357609017898, "params": {"eta": 0.6, "max_depth": 1.5485708522219863, "n_estimators": 32.26713745337288}, "datetime": {"datetime": "2021-09-24 14:02:44", "elapsed": 766.53889, "delta": 3.051143}}
{"target": 0.3558616885686202, "params": {"eta": 0.6, "max_depth": 1.0, "n_estimators": 84.48060703194794}, "datetime": {"datetime": "2021-09-24 14:02:48", "elapsed": 770.384169, "delta": 3.845279}}
{"target": 0.16374571664758397, "params": {"eta": 0.6, "max_depth": 3.4456649091884306, "n_estimators": 72.44599684346554}, "datetime": {"datetime": "2021-09-24 14:02:52", "elapsed": 774.344327, "delta": 3.960158}}
{"target": 0.4449691694666035, "params": {"eta": 0.08, "max_depth": 1.852632765280729, "n_estimators": 76.07680653431267}, "datetime": {"datetime": "2021-09-24 14:02:56", "elapsed": 778.624012, "delta": 4.279685}}
{"target": 0.22375228861934326, "params": {"eta": 0.5972186644148729, "max_depth": 3.9261082921043817, "n_estimators": 89.36588398243279}, "datetime": {"datetime": "2021-09-24 14:03:02", "elapsed": 784.221589, "delta": 5.597577}}
{"target": 0.4516076928057242, "params": {"eta": 0.08971211063237347, "max_depth": 1.7499866692073782, "n_estimators": 85.2167695223379}, "datetime": {"datetime": "2021-09-24 14:03:07", "elapsed": 789.443601, "delta": 5.222012}}
{"target": 0.4558520483623676, "params": {"eta": 0.08, "max_depth": 2.0029955582919525, "n_estimators": 48.85617671516037}, "datetime": {"datetime": "2021-09-24 14:03:11", "elapsed": 793.014587, "delta": 3.570986}}
{"target": 0.324918739093203, "params": {"eta": 0.6, "max_depth": 2.4973822974243483, "n_estimators": 27.389377426260413}, "datetime": {"datetime": "2021-09-24 14:03:15", "elapsed": 796.743587, "delta": 3.729}}
{"target": 0.4308483619001985, "params": {"eta": 0.08200258240397562, "max_depth": 1.0997100460401712, "n_estimators": 45.132042192967745}, "datetime": {"datetime": "2021-09-24 14:03:20", "elapsed": 801.860118, "delta": 5.116531}}
