{"target": 0.441800413258569, "params": {"eta": 0.1, "max_depth": 1.0, "n_estimators": 46.78933854759015}, "datetime": {"datetime": "2021-09-24 13:18:48", "elapsed": 99.735215, "delta": 1.185471}}
{"target": 0.4098157269886281, "params": {"eta": 0.10059023749626103, "max_depth": 1.0059884284533964, "n_estimators": 27.37545820944191}, "datetime": {"datetime": "2021-09-24 13:18:49", "elapsed": 100.866159, "delta": 1.130944}}
{"target": 0.40546727758599266, "params": {"eta": 0.1, "max_depth": 2.1878191500622264, "n_estimators": 22.23030833170026}, "datetime": {"datetime": "2021-09-24 13:18:50", "elapsed": 102.091397, "delta": 1.225238}}
{"target": 0.3687409201603705, "params": {"eta": 0.6, "max_depth": 1.3551667989771474, "n_estimators": 3.8331967241690834}, "datetime": {"datetime": "2021-09-24 13:18:51", "elapsed": 103.26345, "delta": 1.172053}}
{"target": 0.44662750788726413, "params": {"eta": 0.2334308470701754, "max_depth": 1.0237548433263515, "n_estimators": 24.51965367288253}, "datetime": {"datetime": "2021-09-24 13:18:52", "elapsed": 104.109806, "delta": 0.846356}}
{"target": 0.42328271191584566, "params": {"eta": 0.10700345895200561, "max_depth": 2.97072992845138, "n_estimators": 25.629332437065443}, "datetime": {"datetime": "2021-09-24 13:18:53", "elapsed": 105.315353, "delta": 1.205547}}
{"target": 0.416039445220855, "params": {"eta": 0.5986062574766515, "max_depth": 1.1784350537821366, "n_estimators": 33.812587790283764}, "datetime": {"datetime": "2021-09-24 13:18:55", "elapsed": 106.519348, "delta": 1.203995}}
{"target": 0.2217292999182282, "params": {"eta": 0.1, "max_depth": 1.0, "n_estimators": 15.62419173755577}, "datetime": {"datetime": "2021-09-24 13:18:56", "elapsed": 107.540364, "delta": 1.021016}}
{"target": 0.45091353560018466, "params": {"eta": 0.1, "max_depth": 2.348699767736187, "n_estimators": 34.4132810860849}, "datetime": {"datetime": "2021-09-24 13:18:57", "elapsed": 108.420363, "delta": 0.879999}}
{"target": 0.4227903641522309, "params": {"eta": 0.1, "max_depth": 1.6473599118767326, "n_estimators": 32.549607251890166}, "datetime": {"datetime": "2021-09-24 13:18:57", "elapsed": 109.279365, "delta": 0.859002}}
{"target": 0.40751748096093066, "params": {"eta": 0.5836599773995981, "max_depth": 1.0470282326588982, "n_estimators": 25.70004279112376}, "datetime": {"datetime": "2021-09-24 13:18:59", "elapsed": 110.372281, "delta": 1.092916}}
{"target": 0.437381403812671, "params": {"eta": 0.1, "max_depth": 1.0, "n_estimators": 38.70057835316333}, "datetime": {"datetime": "2021-09-24 13:19:00", "elapsed": 111.496803, "delta": 1.124522}}
{"target": 0.4449040573858771, "params": {"eta": 0.10304905796013816, "max_depth": 2.986300604506166, "n_estimators": 36.01740204180914}, "datetime": {"datetime": "2021-09-24 13:19:02", "elapsed": 113.402477, "delta": 1.905674}}
{"target": 0.4227338523247962, "params": {"eta": 0.1, "max_depth": 1.0, "n_estimators": 33.24448410982478}, "datetime": {"datetime": "2021-09-24 13:19:03", "elapsed": 114.672793, "delta": 1.270316}}
{"target": 0.4440058483463425, "params": {"eta": 0.10612138270221252, "max_depth": 2.943269160758782, "n_estimators": 31.968363799592115}, "datetime": {"datetime": "2021-09-24 13:19:04", "elapsed": 115.681502, "delta": 1.008709}}
{"target": 0.43075497638760585, "params": {"eta": 0.1, "max_depth": 1.0, "n_estimators": 36.57295424550702}, "datetime": {"datetime": "2021-09-24 13:19:05", "elapsed": 116.835372, "delta": 1.15387}}
{"target": -0.12019893263766179, "params": {"eta": 0.10149910766198125, "max_depth": 1.0238200211167638, "n_estimators": 10.050787461389865}, "datetime": {"datetime": "2021-09-24 13:19:06", "elapsed": 118.019045, "delta": 1.183673}}
{"target": 0.3986942669827389, "params": {"eta": 0.5986025547948497, "max_depth": 1.9629796871065706, "n_estimators": 11.037544330395724}, "datetime": {"datetime": "2021-09-24 13:19:07", "elapsed": 119.072039, "delta": 1.052994}}
{"target": 0.4200846574355298, "params": {"eta": 0.1, "max_depth": 3.0, "n_estimators": 40.728270080169345}, "datetime": {"datetime": "2021-09-24 13:19:08", "elapsed": 120.024838, "delta": 0.952799}}
{"target": 0.4151433707436082, "params": {"eta": 0.6, "max_depth": 1.0, "n_estimators": 31.64918510676921}, "datetime": {"datetime": "2021-09-24 13:19:09", "elapsed": 121.257307, "delta": 1.232469}}
{"target": 0.41472496687210736, "params": {"eta": 0.1045825065486318, "max_depth": 1.6209438943079244, "n_estimators": 28.352092548587933}, "datetime": {"datetime": "2021-09-24 13:19:10", "elapsed": 122.147107, "delta": 0.8898}}
{"target": 0.3400809095301045, "params": {"eta": 0.6, "max_depth": 2.2101426703810527, "n_estimators": 20.83024071932546}, "datetime": {"datetime": "2021-09-24 13:19:11", "elapsed": 123.042431, "delta": 0.895324}}
{"target": 0.39798485608394507, "params": {"eta": 0.5992607999955802, "max_depth": 1.330026077777174, "n_estimators": 45.15828125614345}, "datetime": {"datetime": "2021-09-24 13:19:12", "elapsed": 124.107284, "delta": 1.064853}}
{"target": 0.2013857268694068, "params": {"eta": 0.10615079107811734, "max_depth": 2.7532176693318338, "n_estimators": 13.587950794506883}, "datetime": {"datetime": "2021-09-24 13:19:13", "elapsed": 124.979745, "delta": 0.872461}}
{"target": 0.28786897448784854, "params": {"eta": 0.6, "max_depth": 3.0, "n_estimators": 19.06343002812724}, "datetime": {"datetime": "2021-09-24 13:19:14", "elapsed": 125.917889, "delta": 0.938144}}
{"target": 0.401301598911993, "params": {"eta": 0.5908855881723648, "max_depth": 1.008217605220883, "n_estimators": 39.43162743286913}, "datetime": {"datetime": "2021-09-24 13:19:15", "elapsed": 127.112268, "delta": 1.194379}}
{"target": 0.44194561078770156, "params": {"eta": 0.1, "max_depth": 1.0, "n_estimators": 47.55303818289944}, "datetime": {"datetime": "2021-09-24 13:19:17", "elapsed": 128.46555, "delta": 1.353282}}
{"target": 0.44185695790769963, "params": {"eta": 0.1, "max_depth": 2.4976520497198025, "n_estimators": 29.7494049678831}, "datetime": {"datetime": "2021-09-24 13:19:18", "elapsed": 129.533546, "delta": 1.067996}}
{"target": 0.19058045290488523, "params": {"eta": 0.6, "max_depth": 3.0, "n_estimators": 43.79727606394143}, "datetime": {"datetime": "2021-09-24 13:19:19", "elapsed": 131.035516, "delta": 1.50197}}
{"target": 0.418080890504655, "params": {"eta": 0.6, "max_depth": 2.5472728569564715, "n_estimators": 4.263858157248121}, "datetime": {"datetime": "2021-09-24 13:19:21", "elapsed": 133.026867, "delta": 1.991351}}
{"target": 0.18590507771207376, "params": {"eta": 0.6, "max_depth": 3.0, "n_estimators": 46.490894888111285}, "datetime": {"datetime": "2021-09-24 13:19:23", "elapsed": 134.990921, "delta": 1.964054}}
{"target": 0.4421536002431755, "params": {"eta": 0.1, "max_depth": 1.0, "n_estimators": 49.22071464459626}, "datetime": {"datetime": "2021-09-24 13:19:26", "elapsed": 137.339664, "delta": 2.348743}}
{"target": 0.32482711966687006, "params": {"eta": 0.6, "max_depth": 3.0, "n_estimators": 10.228028020761919}, "datetime": {"datetime": "2021-09-24 13:19:27", "elapsed": 138.824908, "delta": 1.485244}}
{"target": 0.4157405821878425, "params": {"eta": 0.1, "max_depth": 3.0, "n_estimators": 47.556726420917094}, "datetime": {"datetime": "2021-09-24 13:19:29", "elapsed": 140.440045, "delta": 1.615137}}
{"target": 0.3264557598724678, "params": {"eta": 0.5828540450591496, "max_depth": 2.4886947670312587, "n_estimators": 23.8309144434251}, "datetime": {"datetime": "2021-09-24 13:19:30", "elapsed": 141.456852, "delta": 1.016807}}
{"target": 0.4156965040887419, "params": {"eta": 0.6, "max_depth": 1.3767759965153998, "n_estimators": 35.84755994660309}, "datetime": {"datetime": "2021-09-24 13:19:31", "elapsed": 142.482648, "delta": 1.025796}}
{"target": 0.4583039271694287, "params": {"eta": 0.1, "max_depth": 2.3874654925394108, "n_estimators": 45.52985437335467}, "datetime": {"datetime": "2021-09-24 13:19:32", "elapsed": 143.6115, "delta": 1.128852}}
{"target": 0.38758851350807255, "params": {"eta": 0.11176197532797791, "max_depth": 1.488924678116491, "n_estimators": 21.334509881050476}, "datetime": {"datetime": "2021-09-24 13:19:33", "elapsed": 144.829007, "delta": 1.217507}}
{"target": 0.3803500886446166, "params": {"eta": 0.1, "max_depth": 2.4394567732967793, "n_estimators": 20.269613055194814}, "datetime": {"datetime": "2021-09-24 13:19:34", "elapsed": 145.695465, "delta": 0.866458}}
{"target": 0.3066229716180462, "params": {"eta": 0.1, "max_depth": 1.6715572339491984, "n_estimators": 18.17852931949055}, "datetime": {"datetime": "2021-09-24 13:19:35", "elapsed": 146.699317, "delta": 1.003852}}
{"target": 0.41304202663002487, "params": {"eta": 0.6, "max_depth": 1.0, "n_estimators": 27.721259537762823}, "datetime": {"datetime": "2021-09-24 13:19:36", "elapsed": 147.505081, "delta": 0.805764}}
{"target": 0.45850474912367245, "params": {"eta": 0.1, "max_depth": 2.380421282571576, "n_estimators": 43.252008484638445}, "datetime": {"datetime": "2021-09-24 13:19:37", "elapsed": 148.758861, "delta": 1.25378}}
{"target": 0.41826935019054456, "params": {"eta": 0.1147267359846317, "max_depth": 1.5753110405358677, "n_estimators": 29.915521798590323}, "datetime": {"datetime": "2021-09-24 13:19:38", "elapsed": 149.679467, "delta": 0.920606}}
{"target": 0.3189552536744996, "params": {"eta": 0.5846909711043081, "max_depth": 2.488680311146688, "n_estimators": 33.57024718060323}, "datetime": {"datetime": "2021-09-24 13:19:39", "elapsed": 150.691119, "delta": 1.011652}}
{"target": 0.3243381133626462, "params": {"eta": 0.5978314655345836, "max_depth": 2.938428344030246, "n_estimators": 26.044690872896016}, "datetime": {"datetime": "2021-09-24 13:19:40", "elapsed": 151.796862, "delta": 1.105743}}
{"target": 0.29808004880577044, "params": {"eta": 0.1, "max_depth": 3.0, "n_estimators": 17.498734424576675}, "datetime": {"datetime": "2021-09-24 13:19:41", "elapsed": 152.992085, "delta": 1.195223}}
{"target": 0.45458801621440936, "params": {"eta": 0.1, "max_depth": 2.7177807650478623, "n_estimators": 37.09370204859867}, "datetime": {"datetime": "2021-09-24 13:19:42", "elapsed": 153.871692, "delta": 0.879607}}
{"target": 0.39340786295681196, "params": {"eta": 0.6, "max_depth": 1.4378757922437257, "n_estimators": 49.444372757184205}, "datetime": {"datetime": "2021-09-24 13:19:43", "elapsed": 154.800105, "delta": 0.928413}}
{"target": 0.4049593897840341, "params": {"eta": 0.6, "max_depth": 1.5554339478859183, "n_estimators": 41.98256343798376}, "datetime": {"datetime": "2021-09-24 13:19:44", "elapsed": 156.139678, "delta": 1.339573}}
{"target": 0.45510108935860905, "params": {"eta": 0.11455095121616585, "max_depth": 2.3896108036555477, "n_estimators": 44.55649807114156}, "datetime": {"datetime": "2021-09-24 13:19:46", "elapsed": 157.333163, "delta": 1.193485}}
{"target": 0.271645723924792, "params": {"eta": 0.1, "max_depth": 3.0, "n_estimators": 16.164611819613796}, "datetime": {"datetime": "2021-09-24 13:19:46", "elapsed": 158.302969, "delta": 0.969806}}
{"target": 0.42669862086533816, "params": {"eta": 0.11312613557434234, "max_depth": 1.3922555078931114, "n_estimators": 31.243130331057717}, "datetime": {"datetime": "2021-09-24 13:19:48", "elapsed": 159.374104, "delta": 1.071135}}
{"target": 0.43667169336637823, "params": {"eta": 0.1, "max_depth": 2.253282162185323, "n_estimators": 26.26272403189117}, "datetime": {"datetime": "2021-09-24 13:19:49", "elapsed": 160.587105, "delta": 1.213001}}
{"target": 0.44022144100530547, "params": {"eta": 0.10754175226258647, "max_depth": 1.6293745336256158, "n_estimators": 39.9743006871891}, "datetime": {"datetime": "2021-09-24 13:19:50", "elapsed": 161.557103, "delta": 0.969998}}
{"target": 0.4440131034303261, "params": {"eta": 0.10613930208066516, "max_depth": 2.3283051605412215, "n_estimators": 31.229808273665146}, "datetime": {"datetime": "2021-09-24 13:19:51", "elapsed": 162.860103, "delta": 1.303}}
{"target": 0.45887690532978054, "params": {"eta": 0.11132459361945493, "max_depth": 2.2860234335270517, "n_estimators": 46.5568290207284}, "datetime": {"datetime": "2021-09-24 13:19:52", "elapsed": 163.884104, "delta": 1.024001}}
{"target": 0.4107191132512311, "params": {"eta": 0.5879119041768942, "max_depth": 1.004933693662787, "n_estimators": 40.226007369340664}, "datetime": {"datetime": "2021-09-24 13:19:54", "elapsed": 165.349104, "delta": 1.465}}
{"target": 0.39901708294553995, "params": {"eta": 0.6, "max_depth": 3.0, "n_estimators": 6.139820751493375}, "datetime": {"datetime": "2021-09-24 13:19:55", "elapsed": 166.507026, "delta": 1.157922}}
{"target": 0.4266726311417971, "params": {"eta": 0.5957860928466211, "max_depth": 2.3684987359391245, "n_estimators": 6.698944481246914}, "datetime": {"datetime": "2021-09-24 13:19:56", "elapsed": 167.399608, "delta": 0.892582}}
{"target": 0.46235567491423535, "params": {"eta": 0.1, "max_depth": 2.4725263434503533, "n_estimators": 48.35180865474399}, "datetime": {"datetime": "2021-09-24 13:19:57", "elapsed": 168.584956, "delta": 1.185348}}
{"target": 0.4008891889885724, "params": {"eta": 0.6, "max_depth": 1.0, "n_estimators": 24.820750927489403}, "datetime": {"datetime": "2021-09-24 13:19:59", "elapsed": 170.342927, "delta": 1.757971}}
{"target": 0.4388569750240825, "params": {"eta": 0.6, "max_depth": 2.4943536836379265, "n_estimators": 5.803861920442543}, "datetime": {"datetime": "2021-09-24 13:20:00", "elapsed": 171.625092, "delta": 1.282165}}
{"target": 0.30827372843946277, "params": {"eta": 0.5917021501785117, "max_depth": 2.3924691120415704, "n_estimators": 37.51145448651406}, "datetime": {"datetime": "2021-09-24 13:20:01", "elapsed": 173.304061, "delta": 1.678969}}
{"target": 0.45388591820209045, "params": {"eta": 0.10819668406554114, "max_depth": 2.5964945501550414, "n_estimators": 39.49060172692563}, "datetime": {"datetime": "2021-09-24 13:20:03", "elapsed": 174.552923, "delta": 1.248862}}
{"target": 0.4098323887475319, "params": {"eta": 0.1, "max_depth": 1.0, "n_estimators": 28.92337678980201}, "datetime": {"datetime": "2021-09-24 13:20:05", "elapsed": 176.653444, "delta": 2.100521}}
{"target": 0.3826337567952639, "params": {"eta": 0.5870406675671525, "max_depth": 2.982501160958833, "n_estimators": 16.836267246447456}, "datetime": {"datetime": "2021-09-24 13:20:06", "elapsed": 178.053203, "delta": 1.399759}}
{"target": -0.8387327589634843, "params": {"eta": 0.1, "max_depth": 1.0, "n_estimators": 6.770145678303445}, "datetime": {"datetime": "2021-09-24 13:20:08", "elapsed": 179.865639, "delta": 1.812436}}
{"target": 0.4005951323316942, "params": {"eta": 0.6, "max_depth": 1.0, "n_estimators": 5.133882325594265}, "datetime": {"datetime": "2021-09-24 13:20:09", "elapsed": 180.919256, "delta": 1.053617}}
{"target": 0.39847339303555085, "params": {"eta": 0.6, "max_depth": 1.8079462512271036, "n_estimators": 9.54174349281}, "datetime": {"datetime": "2021-09-24 13:20:10", "elapsed": 181.927766, "delta": 1.00851}}
{"target": 0.05889865648422843, "params": {"eta": 0.1, "max_depth": 1.0, "n_estimators": 12.852959617358595}, "datetime": {"datetime": "2021-09-24 13:20:12", "elapsed": 183.516215, "delta": 1.588449}}
{"target": 0.4153357609017898, "params": {"eta": 0.6, "max_depth": 1.3753106502240888, "n_estimators": 32.33442616201347}, "datetime": {"datetime": "2021-09-24 13:20:13", "elapsed": 184.724072, "delta": 1.207857}}
{"target": 0.42415575825765883, "params": {"eta": 0.1, "max_depth": 2.381044567422879, "n_estimators": 24.63581359228152}, "datetime": {"datetime": "2021-09-24 13:20:14", "elapsed": 186.048464, "delta": 1.324392}}
{"target": 0.41346461887655617, "params": {"eta": 0.1, "max_depth": 3.0, "n_estimators": 48.77995197282976}, "datetime": {"datetime": "2021-09-24 13:20:16", "elapsed": 187.455324, "delta": 1.40686}}
{"target": 0.38867191403795753, "params": {"eta": 0.6, "max_depth": 1.6405651325796673, "n_estimators": 14.526549320845334}, "datetime": {"datetime": "2021-09-24 13:20:17", "elapsed": 188.717682, "delta": 1.262358}}
{"target": 0.3065243328745416, "params": {"eta": 0.6, "max_depth": 2.237587009543304, "n_estimators": 40.88387686854866}, "datetime": {"datetime": "2021-09-24 13:20:18", "elapsed": 189.886062, "delta": 1.16838}}
{"target": 0.3899819997553198, "params": {"eta": 0.6, "max_depth": 1.0, "n_estimators": 22.365126195730273}, "datetime": {"datetime": "2021-09-24 13:20:20", "elapsed": 192.038405, "delta": 2.152343}}
{"target": 0.401381545923268, "params": {"eta": 0.6, "max_depth": 1.5019159497594343, "n_estimators": 43.46551069164728}, "datetime": {"datetime": "2021-09-24 13:20:21", "elapsed": 193.232358, "delta": 1.193953}}
{"target": 0.4088361611234248, "params": {"eta": 0.6, "max_depth": 1.767680032184106, "n_estimators": 26.702825514553798}, "datetime": {"datetime": "2021-09-24 13:20:23", "elapsed": 195.083593, "delta": 1.851235}}
{"target": 0.452764376523763, "params": {"eta": 0.1, "max_depth": 2.2368931720058036, "n_estimators": 35.288526177670256}, "datetime": {"datetime": "2021-09-24 13:20:24", "elapsed": 196.255123, "delta": 1.17153}}
{"target": 0.441139917638101, "params": {"eta": 0.1, "max_depth": 1.0, "n_estimators": 42.75013250002084}, "datetime": {"datetime": "2021-09-24 13:20:26", "elapsed": 197.846094, "delta": 1.590971}}
{"target": 0.4227338523247962, "params": {"eta": 0.1, "max_depth": 1.699279474516771, "n_estimators": 33.932579407365466}, "datetime": {"datetime": "2021-09-24 13:20:27", "elapsed": 198.967469, "delta": 1.121375}}
{"target": 0.32345753899741614, "params": {"eta": 0.5946901830862922, "max_depth": 2.9064728779598923, "n_estimators": 31.552479740811183}, "datetime": {"datetime": "2021-09-24 13:20:29", "elapsed": 200.50117, "delta": 1.533701}}
{"target": 0.34263325099704034, "params": {"eta": 0.5595554271719508, "max_depth": 2.9758035243487626, "n_estimators": 21.604204100238608}, "datetime": {"datetime": "2021-09-24 13:20:30", "elapsed": 201.93029, "delta": 1.42912}}
{"target": 0.4440804576770525, "params": {"eta": 0.1310075837055383, "max_depth": 2.9973279233449635, "n_estimators": 27.891135275118174}, "datetime": {"datetime": "2021-09-24 13:20:32", "elapsed": 203.548496, "delta": 1.618206}}
{"target": 0.40827226922777193, "params": {"eta": 0.5866791094831414, "max_depth": 1.7077873872426443, "n_estimators": 36.77615944033956}, "datetime": {"datetime": "2021-09-24 13:20:33", "elapsed": 204.654582, "delta": 1.106086}}
{"target": 0.38607986426109975, "params": {"eta": 0.1, "max_depth": 3.0, "n_estimators": 24.535766084951362}, "datetime": {"datetime": "2021-09-24 13:20:34", "elapsed": 205.894486, "delta": 1.239904}}
{"target": 0.38748666318566727, "params": {"eta": 0.6, "max_depth": 1.4065694403429367, "n_estimators": 8.957953819731436}, "datetime": {"datetime": "2021-09-24 13:20:35", "elapsed": 207.253865, "delta": 1.359379}}
{"target": 0.3313454134820183, "params": {"eta": 0.1, "max_depth": 1.5644950576924312, "n_estimators": 19.50596568934186}, "datetime": {"datetime": "2021-09-24 13:20:37", "elapsed": 208.645214, "delta": 1.391349}}
{"target": 0.440760148378077, "params": {"eta": 0.12891771979392722, "max_depth": 1.3681817577757833, "n_estimators": 38.03725018416551}, "datetime": {"datetime": "2021-09-24 13:20:38", "elapsed": 210.156547, "delta": 1.511333}}
{"target": 0.45310288604716875, "params": {"eta": 0.1, "max_depth": 2.411962252981553, "n_estimators": 36.53571982384737}, "datetime": {"datetime": "2021-09-24 13:20:40", "elapsed": 211.877075, "delta": 1.720528}}
{"target": 0.28858562663182263, "params": {"eta": 0.5930470127156675, "max_depth": 2.1089166229273424, "n_estimators": 39.486938790735984}, "datetime": {"datetime": "2021-09-24 13:20:41", "elapsed": 213.101348, "delta": 1.224273}}
{"target": 0.3811796718117393, "params": {"eta": 0.6, "max_depth": 1.5844567158535892, "n_estimators": 16.42411984408106}, "datetime": {"datetime": "2021-09-24 13:20:43", "elapsed": 214.433423, "delta": 1.332075}}
{"target": 0.41617853073000155, "params": {"eta": 0.6, "max_depth": 1.9565645876754871, "n_estimators": 28.810030797053564}, "datetime": {"datetime": "2021-09-24 13:20:44", "elapsed": 215.488061, "delta": 1.054638}}
{"target": 0.45620914587078176, "params": {"eta": 0.1, "max_depth": 2.388304855027074, "n_estimators": 42.60583059954268}, "datetime": {"datetime": "2021-09-24 13:20:45", "elapsed": 217.159348, "delta": 1.671287}}
{"target": 0.44244787130531804, "params": {"eta": 0.1, "max_depth": 1.0, "n_estimators": 44.19505284235707}, "datetime": {"datetime": "2021-09-24 13:20:47", "elapsed": 219.101283, "delta": 1.941935}}
{"target": 0.4038939009963116, "params": {"eta": 0.5930246139418877, "max_depth": 1.0076995450480315, "n_estimators": 30.02203158092909}, "datetime": {"datetime": "2021-09-24 13:20:48", "elapsed": 220.10391, "delta": 1.002627}}
{"target": 0.3356171676176467, "params": {"eta": 0.1, "max_depth": 3.0, "n_estimators": 19.51804794278415}, "datetime": {"datetime": "2021-09-24 13:20:50", "elapsed": 221.911046, "delta": 1.807136}}
{"target": 0.4006575807854983, "params": {"eta": 0.5963931121051915, "max_depth": 1.7596519843657268, "n_estimators": 5.132484261463605}, "datetime": {"datetime": "2021-09-24 13:20:52", "elapsed": 223.713413, "delta": 1.802367}}
{"target": 0.18456709060168652, "params": {"eta": 0.6, "max_depth": 3.0, "n_estimators": 50.0}, "datetime": {"datetime": "2021-09-24 13:20:54", "elapsed": 225.896216, "delta": 2.182803}}
{"target": 0.44154990800105887, "params": {"eta": 0.1, "max_depth": 2.564193315447531, "n_estimators": 27.40519459479032}, "datetime": {"datetime": "2021-09-24 13:20:56", "elapsed": 227.341212, "delta": 1.444996}}
{"target": 0.3885588611294132, "params": {"eta": 0.6, "max_depth": 1.0, "n_estimators": 50.0}, "datetime": {"datetime": "2021-09-24 13:20:57", "elapsed": 228.820153, "delta": 1.478941}}
{"target": 0.446432863027867, "params": {"eta": 0.12126767984528888, "max_depth": 1.5840547456366978, "n_estimators": 45.61396425599085}, "datetime": {"datetime": "2021-09-24 13:20:59", "elapsed": 230.60006, "delta": 1.779907}}
