{"target": 0.3464843096457232, "params": {"eta": 0.18670639276458606, "max_depth": 9.668908057317017, "n_estimators": 24.97709166128749}, "datetime": {"datetime": "2021-09-24 12:42:15", "elapsed": 129.893417, "delta": 1.397767}}
{"target": -0.050331999476145306, "params": {"eta": 0.1666423907964205, "max_depth": 10.022350291898881, "n_estimators": 7.418740513999494}, "datetime": {"datetime": "2021-09-24 12:42:16", "elapsed": 130.667251, "delta": 0.773834}}
{"target": 0.3251315992530165, "params": {"eta": 0.3410784678176643, "max_depth": 11.043172787742211, "n_estimators": 26.653154585430514}, "datetime": {"datetime": "2021-09-24 12:42:17", "elapsed": 131.908247, "delta": 1.240996}}
{"target": 0.34390132830192777, "params": {"eta": 0.2849697673229408, "max_depth": 11.315107325523371, "n_estimators": 28.223269791624038}, "datetime": {"datetime": "2021-09-24 12:42:18", "elapsed": 133.33355, "delta": 1.425303}}
{"target": 0.33164528696898543, "params": {"eta": 0.31741443879647124, "max_depth": 14.238797404132388, "n_estimators": 37.37640636998886}, "datetime": {"datetime": "2021-09-24 12:42:20", "elapsed": 134.955972, "delta": 1.622422}}
{"target": 0.37290407140587134, "params": {"eta": 0.2758783549610678, "max_depth": 16.134720883282593, "n_estimators": 22.47228551902225}, "datetime": {"datetime": "2021-09-24 12:42:21", "elapsed": 135.988971, "delta": 1.032999}}
{"target": 0.29211892465137834, "params": {"eta": 0.32900165792881253, "max_depth": 11.027952064829943, "n_estimators": 26.667906066186127}, "datetime": {"datetime": "2021-09-24 12:42:22", "elapsed": 136.777219, "delta": 0.788248}}
{"target": 0.29651032745298234, "params": {"eta": 0.26250430185504836, "max_depth": 12.001506836424895, "n_estimators": 26.47256398285463}, "datetime": {"datetime": "2021-09-24 12:42:23", "elapsed": 137.808213, "delta": 1.030994}}
{"target": 0.3366081968794128, "params": {"eta": 0.4, "max_depth": 14.925326680275845, "n_estimators": 5.851075170392997}, "datetime": {"datetime": "2021-09-24 12:42:24", "elapsed": 138.790302, "delta": 0.982089}}
{"target": -2.4129493520167387, "params": {"eta": 0.04499854593146896, "max_depth": 16.69744932117846, "n_estimators": 5.256211689861613}, "datetime": {"datetime": "2021-09-24 12:42:24", "elapsed": 139.367425, "delta": 0.577123}}
{"target": 0.3360057345349199, "params": {"eta": 0.3207473306510939, "max_depth": 11.092003038550953, "n_estimators": 25.97442520100896}, "datetime": {"datetime": "2021-09-24 12:42:26", "elapsed": 141.13837, "delta": 1.770945}}
{"target": 0.22506603145047743, "params": {"eta": 0.3150730645850197, "max_depth": 17.749055126003498, "n_estimators": 5.657529644791056}, "datetime": {"datetime": "2021-09-24 12:42:27", "elapsed": 142.479559, "delta": 1.341189}}
{"target": 0.32421588239747967, "params": {"eta": 0.16203164972069764, "max_depth": 11.104798463028928, "n_estimators": 18.79376183573708}, "datetime": {"datetime": "2021-09-24 12:42:28", "elapsed": 143.279173, "delta": 0.799614}}
{"target": 0.3823995284004824, "params": {"eta": 0.1799967884688507, "max_depth": 9.668348118295212, "n_estimators": 25.645620219563735}, "datetime": {"datetime": "2021-09-24 12:42:30", "elapsed": 144.744177, "delta": 1.465004}}
{"target": 0.28123959602367943, "params": {"eta": 0.25781215700820803, "max_depth": 10.62148074394134, "n_estimators": 28.487037079250157}, "datetime": {"datetime": "2021-09-24 12:42:31", "elapsed": 146.381176, "delta": 1.636999}}
{"target": 0.30611219277194446, "params": {"eta": 0.21694185184563244, "max_depth": 14.377907142800558, "n_estimators": 38.01760453103177}, "datetime": {"datetime": "2021-09-24 12:42:33", "elapsed": 147.77641, "delta": 1.395234}}
{"target": 0.3469533470733387, "params": {"eta": 0.31203716883956206, "max_depth": 9.003554483128696, "n_estimators": 24.99156720033554}, "datetime": {"datetime": "2021-09-24 12:42:34", "elapsed": 149.257871, "delta": 1.481461}}
{"target": -0.8067373617074869, "params": {"eta": 0.15818631839894332, "max_depth": 12.43466966306857, "n_estimators": 4.486006030326448}, "datetime": {"datetime": "2021-09-24 12:42:35", "elapsed": 149.947465, "delta": 0.689594}}
{"target": 0.0887827907185641, "params": {"eta": 0.0861465335231204, "max_depth": 7.467816616442533, "n_estimators": 17.24072614547084}, "datetime": {"datetime": "2021-09-24 12:42:36", "elapsed": 150.75764, "delta": 0.810175}}
{"target": 0.3163824258671867, "params": {"eta": 0.4, "max_depth": 9.999892816254427, "n_estimators": 26.228324132131835}, "datetime": {"datetime": "2021-09-24 12:42:37", "elapsed": 152.18064, "delta": 1.423}}
{"target": 0.2816696583126942, "params": {"eta": 0.3284386223644916, "max_depth": 11.600416183320268, "n_estimators": 12.368291761168377}, "datetime": {"datetime": "2021-09-24 12:42:39", "elapsed": 153.67415, "delta": 1.49351}}
{"target": 0.4182133433976877, "params": {"eta": 0.28172441405039506, "max_depth": 11.511657991019318, "n_estimators": 28.985494269599744}, "datetime": {"datetime": "2021-09-24 12:42:40", "elapsed": 155.102213, "delta": 1.428063}}
{"target": 0.29094270498199637, "params": {"eta": 0.38786469540263124, "max_depth": 14.28710575674884, "n_estimators": 12.291865162770955}, "datetime": {"datetime": "2021-09-24 12:42:41", "elapsed": 155.882212, "delta": 0.779999}}
{"target": 0.2942467813792522, "params": {"eta": 0.1341790656893013, "max_depth": 16.96742342991071, "n_estimators": 22.445888447248965}, "datetime": {"datetime": "2021-09-24 12:42:42", "elapsed": 157.190376, "delta": 1.308164}}
{"target": -0.08410536704354521, "params": {"eta": 0.041826261569673416, "max_depth": 12.061378444539706, "n_estimators": 28.33377889802229}, "datetime": {"datetime": "2021-09-24 12:42:44", "elapsed": 159.187484, "delta": 1.997108}}
{"target": 0.1793319747269918, "params": {"eta": 0.04471654038118045, "max_depth": 15.040492406568099, "n_estimators": 37.087580116194005}, "datetime": {"datetime": "2021-09-24 12:42:45", "elapsed": 160.309483, "delta": 1.121999}}
{"target": 0.251063347078492, "params": {"eta": 0.3910463691394039, "max_depth": 13.132519319670031, "n_estimators": 35.258347164684366}, "datetime": {"datetime": "2021-09-24 12:42:46", "elapsed": 161.292705, "delta": 0.983222}}
{"target": 0.3553773585073172, "params": {"eta": 0.21593850759870895, "max_depth": 11.37840754537136, "n_estimators": 29.70411456876458}, "datetime": {"datetime": "2021-09-24 12:42:47", "elapsed": 162.492708, "delta": 1.200003}}
{"target": 0.3922558644018104, "params": {"eta": 0.15472911917785404, "max_depth": 13.465271550363035, "n_estimators": 37.73664316059655}, "datetime": {"datetime": "2021-09-24 12:42:49", "elapsed": 164.462199, "delta": 1.969491}}
{"target": -0.02504511886616001, "params": {"eta": 0.15237658677416113, "max_depth": 17.443732023277448, "n_estimators": 8.455576765502137}, "datetime": {"datetime": "2021-09-24 12:42:50", "elapsed": 165.320673, "delta": 0.858474}}
{"target": 0.15984265830920152, "params": {"eta": 0.08192056805101783, "max_depth": 17.804249249283316, "n_estimators": 21.72144926378152}, "datetime": {"datetime": "2021-09-24 12:42:52", "elapsed": 166.809288, "delta": 1.488615}}
{"target": 0.3030943503279391, "params": {"eta": 0.3458808507710645, "max_depth": 11.02617177746302, "n_estimators": 26.657676650836517}, "datetime": {"datetime": "2021-09-24 12:42:53", "elapsed": 167.818289, "delta": 1.009001}}
{"target": 0.25878618779413964, "params": {"eta": 0.09485999910276677, "max_depth": 15.912866414770429, "n_estimators": 21.622784094568782}, "datetime": {"datetime": "2021-09-24 12:42:54", "elapsed": 169.489338, "delta": 1.671049}}
{"target": 0.35938766529911903, "params": {"eta": 0.23081594143977915, "max_depth": 15.822043216715379, "n_estimators": 23.380131300387042}, "datetime": {"datetime": "2021-09-24 12:42:56", "elapsed": 170.692887, "delta": 1.203549}}
{"target": 0.28836181132526995, "params": {"eta": 0.19045609349109952, "max_depth": 8.387633716210386, "n_estimators": 30.076805951149876}, "datetime": {"datetime": "2021-09-24 12:42:57", "elapsed": 171.973773, "delta": 1.280886}}
{"target": 0.34089396726616816, "params": {"eta": 0.4, "max_depth": 14.968611814361124, "n_estimators": 6.727697217777102}, "datetime": {"datetime": "2021-09-24 12:42:58", "elapsed": 173.212622, "delta": 1.238849}}
{"target": 0.3436712551255725, "params": {"eta": 0.12010512444455707, "max_depth": 18.800832405778035, "n_estimators": 49.153834843475174}, "datetime": {"datetime": "2021-09-24 12:43:00", "elapsed": 174.867515, "delta": 1.654893}}
{"target": 0.3189888322147775, "params": {"eta": 0.07526644488170778, "max_depth": 11.800349358704459, "n_estimators": 47.411133286166645}, "datetime": {"datetime": "2021-09-24 12:43:01", "elapsed": 176.102514, "delta": 1.234999}}
{"target": 0.32639220491077725, "params": {"eta": 0.4, "max_depth": 11.683858256500914, "n_estimators": 47.91898951095143}, "datetime": {"datetime": "2021-09-24 12:43:03", "elapsed": 177.840782, "delta": 1.738268}}
{"target": 0.343867844038807, "params": {"eta": 0.30874441547493453, "max_depth": 12.462860288860519, "n_estimators": 47.5282948279753}, "datetime": {"datetime": "2021-09-24 12:43:05", "elapsed": 179.787588, "delta": 1.946806}}
{"target": 0.2964550430266, "params": {"eta": 0.3778793801483763, "max_depth": 11.232055427729268, "n_estimators": 47.43809942792724}, "datetime": {"datetime": "2021-09-24 12:43:07", "elapsed": 181.741664, "delta": 1.954076}}
{"target": 0.30229717184872973, "params": {"eta": 0.05597174951538347, "max_depth": 7.0278881079916635, "n_estimators": 37.56930493476082}, "datetime": {"datetime": "2021-09-24 12:43:08", "elapsed": 182.949947, "delta": 1.208283}}
{"target": 0.3445689596272711, "params": {"eta": 0.2649697593088675, "max_depth": 8.671947099046152, "n_estimators": 33.81068695088946}, "datetime": {"datetime": "2021-09-24 12:43:09", "elapsed": 184.028614, "delta": 1.078667}}
{"target": 0.3120372109816858, "params": {"eta": 0.20965185459965846, "max_depth": 7.055500133511059, "n_estimators": 36.97956135520675}, "datetime": {"datetime": "2021-09-24 12:43:11", "elapsed": 186.021886, "delta": 1.993272}}
{"target": 0.3237798268036858, "params": {"eta": 0.3070218388022709, "max_depth": 7.72569088185275, "n_estimators": 37.48905015729467}, "datetime": {"datetime": "2021-09-24 12:43:13", "elapsed": 187.675038, "delta": 1.653152}}
{"target": 0.3341683120779979, "params": {"eta": 0.15203023974252125, "max_depth": 13.628261219286948, "n_estimators": 36.59774123680024}, "datetime": {"datetime": "2021-09-24 12:43:15", "elapsed": 189.651113, "delta": 1.976075}}
{"target": 0.34688486507812455, "params": {"eta": 0.22644747482228195, "max_depth": 19.346763325260156, "n_estimators": 48.53449698245133}, "datetime": {"datetime": "2021-09-24 12:43:16", "elapsed": 191.24613, "delta": 1.595017}}
{"target": 0.3692551026202078, "params": {"eta": 0.2720667603220406, "max_depth": 10.107260974783639, "n_estimators": 29.87377681724377}, "datetime": {"datetime": "2021-09-24 12:43:18", "elapsed": 192.958851, "delta": 1.712721}}
{"target": 0.3109871109394555, "params": {"eta": 0.21980690362530697, "max_depth": 17.407537837161073, "n_estimators": 48.02890106106311}, "datetime": {"datetime": "2021-09-24 12:43:20", "elapsed": 195.014214, "delta": 2.055363}}
{"target": 0.001751174845892156, "params": {"eta": 0.06523397551777316, "max_depth": 19.672998126718955, "n_estimators": 20.824756875311408}, "datetime": {"datetime": "2021-09-24 12:43:21", "elapsed": 195.963217, "delta": 0.949003}}
{"target": 0.3375197995167082, "params": {"eta": 0.1335866020788511, "max_depth": 9.80625086193792, "n_estimators": 31.123598862049732}, "datetime": {"datetime": "2021-09-24 12:43:22", "elapsed": 197.196144, "delta": 1.232927}}
{"target": 0.34049184381044006, "params": {"eta": 0.13814735164390637, "max_depth": 9.285047131593641, "n_estimators": 30.30702339874511}, "datetime": {"datetime": "2021-09-24 12:43:24", "elapsed": 199.076114, "delta": 1.87997}}
{"target": 0.3669994044693843, "params": {"eta": 0.30226929226282373, "max_depth": 10.531759452400202, "n_estimators": 31.83363964072272}, "datetime": {"datetime": "2021-09-24 12:43:26", "elapsed": 200.766386, "delta": 1.690272}}
{"target": -2.061370289161783, "params": {"eta": 0.058330907023419434, "max_depth": 10.926196297980326, "n_estimators": 5.9414047270262484}, "datetime": {"datetime": "2021-09-24 12:43:26", "elapsed": 201.627387, "delta": 0.861001}}
{"target": 0.24620233314377304, "params": {"eta": 0.04763563300254964, "max_depth": 14.667290732722307, "n_estimators": 45.47151299291918}, "datetime": {"datetime": "2021-09-24 12:43:28", "elapsed": 203.169613, "delta": 1.542226}}
{"target": 0.30631660450681775, "params": {"eta": 0.2437458877504098, "max_depth": 14.405145856407554, "n_estimators": 46.83278754612848}, "datetime": {"datetime": "2021-09-24 12:43:30", "elapsed": 205.075855, "delta": 1.906242}}
{"target": 0.28435752679052795, "params": {"eta": 0.38404461888441255, "max_depth": 14.295407796126183, "n_estimators": 12.29214028901723}, "datetime": {"datetime": "2021-09-24 12:43:31", "elapsed": 205.891853, "delta": 0.815998}}
{"target": 0.29669259475319465, "params": {"eta": 0.3344848593362517, "max_depth": 13.338634636842784, "n_estimators": 11.829564072176506}, "datetime": {"datetime": "2021-09-24 12:43:32", "elapsed": 207.35086, "delta": 1.459007}}
{"target": 0.334679467703372, "params": {"eta": 0.12736629605215682, "max_depth": 12.568630388741454, "n_estimators": 42.60856070051285}, "datetime": {"datetime": "2021-09-24 12:43:34", "elapsed": 208.919867, "delta": 1.569007}}
{"target": 0.3069283709991748, "params": {"eta": 0.35310114633962747, "max_depth": 19.093863001433743, "n_estimators": 30.87415272746477}, "datetime": {"datetime": "2021-09-24 12:43:36", "elapsed": 210.902628, "delta": 1.982761}}
{"target": 0.33104493576144345, "params": {"eta": 0.22778498828291158, "max_depth": 16.61399853576499, "n_estimators": 44.095716470682454}, "datetime": {"datetime": "2021-09-24 12:43:38", "elapsed": 212.736299, "delta": 1.833671}}
{"target": 0.2636373327907353, "params": {"eta": 0.1964634471165863, "max_depth": 17.28468702228461, "n_estimators": 43.192411445721014}, "datetime": {"datetime": "2021-09-24 12:43:39", "elapsed": 214.560645, "delta": 1.824346}}
{"target": 0.3021124643144796, "params": {"eta": 0.2237594468000363, "max_depth": 17.027104794274464, "n_estimators": 45.09475769514218}, "datetime": {"datetime": "2021-09-24 12:43:42", "elapsed": 216.733052, "delta": 2.172407}}
{"target": 0.3159765822756091, "params": {"eta": 0.17072215386111012, "max_depth": 13.363573659980183, "n_estimators": 41.934079682716686}, "datetime": {"datetime": "2021-09-24 12:43:44", "elapsed": 218.840398, "delta": 2.107346}}
{"target": 0.3545240907875692, "params": {"eta": 0.30816411756256934, "max_depth": 19.069509939590574, "n_estimators": 29.734672376563246}, "datetime": {"datetime": "2021-09-24 12:43:46", "elapsed": 221.099062, "delta": 2.258664}}
{"target": 0.39045221195096047, "params": {"eta": 0.1141161105279617, "max_depth": 15.088874363017931, "n_estimators": 40.383533456057435}, "datetime": {"datetime": "2021-09-24 12:43:47", "elapsed": 222.302062, "delta": 1.203}}
{"target": 0.3638540387976159, "params": {"eta": 0.07600622758015388, "max_depth": 15.02477053034193, "n_estimators": 39.24538100118611}, "datetime": {"datetime": "2021-09-24 12:43:50", "elapsed": 224.772131, "delta": 2.470069}}
{"target": 0.3075659238427576, "params": {"eta": 0.12655126496571856, "max_depth": 14.164205109058628, "n_estimators": 39.70927166249687}, "datetime": {"datetime": "2021-09-24 12:43:51", "elapsed": 226.381197, "delta": 1.609066}}
{"target": 0.11112231312714427, "params": {"eta": 0.04, "max_depth": 15.952213075490212, "n_estimators": 38.57858153346377}, "datetime": {"datetime": "2021-09-24 12:43:54", "elapsed": 228.830035, "delta": 2.448838}}
{"target": 0.37959545836329467, "params": {"eta": 0.29693159828506643, "max_depth": 15.516906121324405, "n_estimators": 43.7968969493116}, "datetime": {"datetime": "2021-09-24 12:43:56", "elapsed": 230.707052, "delta": 1.877017}}
{"target": 0.2765327013780805, "params": {"eta": 0.3794743749166116, "max_depth": 14.679542123653928, "n_estimators": 42.98013815452964}, "datetime": {"datetime": "2021-09-24 12:43:57", "elapsed": 232.366266, "delta": 1.659214}}
{"target": 0.3278836304823166, "params": {"eta": 0.08214642866265703, "max_depth": 17.089381556777496, "n_estimators": 38.6389351497419}, "datetime": {"datetime": "2021-09-24 12:43:58", "elapsed": 233.615691, "delta": 1.249425}}
{"target": 0.30670357556262784, "params": {"eta": 0.2588524801169709, "max_depth": 10.0183877285205, "n_estimators": 45.67543499789101}, "datetime": {"datetime": "2021-09-24 12:44:00", "elapsed": 235.386332, "delta": 1.770641}}
{"target": 0.29272439381678117, "params": {"eta": 0.23784548369617547, "max_depth": 19.511754338205776, "n_estimators": 22.25640810971367}, "datetime": {"datetime": "2021-09-24 12:44:02", "elapsed": 237.374008, "delta": 1.987676}}
{"target": 0.32670523466175405, "params": {"eta": 0.05222714156910817, "max_depth": 15.985280699779175, "n_estimators": 47.05450796492521}, "datetime": {"datetime": "2021-09-24 12:44:04", "elapsed": 239.315442, "delta": 1.941434}}
{"target": 0.33798577385852746, "params": {"eta": 0.12331533473732964, "max_depth": 11.122999624899737, "n_estimators": 34.55037039725935}, "datetime": {"datetime": "2021-09-24 12:44:05", "elapsed": 240.457441, "delta": 1.141999}}
{"target": 0.39370344793778755, "params": {"eta": 0.13095142964928183, "max_depth": 11.73349886515801, "n_estimators": 35.31997030703087}, "datetime": {"datetime": "2021-09-24 12:44:07", "elapsed": 242.260631, "delta": 1.80319}}
{"target": 0.2640807320892894, "params": {"eta": 0.3927199740576201, "max_depth": 12.657837399401993, "n_estimators": 20.027263714036042}, "datetime": {"datetime": "2021-09-24 12:44:09", "elapsed": 243.805808, "delta": 1.545177}}
{"target": 0.33724446123300256, "params": {"eta": 0.36786990111657036, "max_depth": 16.433142502877594, "n_estimators": 45.95005242832311}, "datetime": {"datetime": "2021-09-24 12:44:10", "elapsed": 245.577876, "delta": 1.772068}}
{"target": 0.01449009152469194, "params": {"eta": 0.04, "max_depth": 11.857768680240856, "n_estimators": 33.77473482957449}, "datetime": {"datetime": "2021-09-24 12:44:12", "elapsed": 247.090012, "delta": 1.512136}}
{"target": 0.3576414303023351, "params": {"eta": 0.1892699364607753, "max_depth": 15.551736049692234, "n_estimators": 48.85864812022683}, "datetime": {"datetime": "2021-09-24 12:44:14", "elapsed": 249.236032, "delta": 2.14602}}
{"target": 0.3547377143011611, "params": {"eta": 0.08799526708802966, "max_depth": 17.561919958137302, "n_estimators": 40.40690716500742}, "datetime": {"datetime": "2021-09-24 12:44:16", "elapsed": 250.858033, "delta": 1.622001}}
{"target": 0.2746650209237763, "params": {"eta": 0.2294871967403521, "max_depth": 14.415148602503697, "n_estimators": 49.30735516999385}, "datetime": {"datetime": "2021-09-24 12:44:17", "elapsed": 252.584032, "delta": 1.725999}}
{"target": -0.34567647526642764, "params": {"eta": 0.11340378388846417, "max_depth": 18.752030078599507, "n_estimators": 8.220746292992853}, "datetime": {"datetime": "2021-09-24 12:44:18", "elapsed": 253.639558, "delta": 1.055526}}
{"target": 0.3468904870176681, "params": {"eta": 0.21229661631098154, "max_depth": 12.504469968200528, "n_estimators": 36.06661949872748}, "datetime": {"datetime": "2021-09-24 12:44:20", "elapsed": 255.589087, "delta": 1.949529}}
{"target": 0.3807179800192846, "params": {"eta": 0.2389628536023731, "max_depth": 16.35543480498381, "n_estimators": 47.83712849779799}, "datetime": {"datetime": "2021-09-24 12:44:22", "elapsed": 257.545085, "delta": 1.955998}}
{"target": 0.3496574072211567, "params": {"eta": 0.23621561563865187, "max_depth": 8.124782233683465, "n_estimators": 23.240413306192806}, "datetime": {"datetime": "2021-09-24 12:44:23", "elapsed": 258.529086, "delta": 0.984001}}
{"target": 0.2617073047506203, "params": {"eta": 0.3418802229448821, "max_depth": 15.94684458742621, "n_estimators": 40.4743124322812}, "datetime": {"datetime": "2021-09-24 12:44:25", "elapsed": 259.978084, "delta": 1.448998}}
{"target": 0.3677328418566118, "params": {"eta": 0.2972697553868997, "max_depth": 17.369143983297228, "n_estimators": 39.505828734571566}, "datetime": {"datetime": "2021-09-24 12:44:27", "elapsed": 261.931086, "delta": 1.953002}}
{"target": 0.3386173360472081, "params": {"eta": 0.0958250650280387, "max_depth": 16.26232943266945, "n_estimators": 49.67284698366707}, "datetime": {"datetime": "2021-09-24 12:44:29", "elapsed": 264.033084, "delta": 2.101998}}
{"target": 0.3085661376811305, "params": {"eta": 0.16335035184593855, "max_depth": 12.75105838667492, "n_estimators": 43.66452347721414}, "datetime": {"datetime": "2021-09-24 12:44:31", "elapsed": 265.963086, "delta": 1.930002}}
{"target": 0.2907365899454002, "params": {"eta": 0.3978812208456582, "max_depth": 17.46888160425612, "n_estimators": 14.8435447489645}, "datetime": {"datetime": "2021-09-24 12:44:33", "elapsed": 268.195086, "delta": 2.232}}
{"target": 0.33882722849365277, "params": {"eta": 0.3683531578268096, "max_depth": 12.923863240705987, "n_estimators": 40.94288660321697}, "datetime": {"datetime": "2021-09-24 12:44:35", "elapsed": 270.603089, "delta": 2.408003}}
{"target": 0.326053917948367, "params": {"eta": 0.4, "max_depth": 12.35519525869066, "n_estimators": 29.959374036209194}, "datetime": {"datetime": "2021-09-24 12:44:38", "elapsed": 272.984621, "delta": 2.381532}}
{"target": 0.3468322297639884, "params": {"eta": 0.3135187543338844, "max_depth": 14.920449384345746, "n_estimators": 23.319729243811896}, "datetime": {"datetime": "2021-09-24 12:44:40", "elapsed": 275.029673, "delta": 2.045052}}
{"target": 0.3080266151479377, "params": {"eta": 0.3814252595504666, "max_depth": 7.549452325678292, "n_estimators": 29.324167645939593}, "datetime": {"datetime": "2021-09-24 12:44:42", "elapsed": 276.807852, "delta": 1.778179}}
