{"target": 0.3805595997800021, "params": {"eta": 0.27021371951652323, "max_depth": 2.648477014477491, "n_estimators": 89.00887149649282}, "datetime": {"datetime": "2021-09-24 13:41:00", "elapsed": 326.212586, "delta": 2.382134}}
{"target": 0.25824706583795365, "params": {"eta": 0.5622796237955467, "max_depth": 2.602832343869287, "n_estimators": 90.99203221785032}, "datetime": {"datetime": "2021-09-24 13:41:02", "elapsed": 328.399183, "delta": 2.186597}}
{"target": 0.4008159873792416, "params": {"eta": 0.14680207252737212, "max_depth": 2.8177239657470077, "n_estimators": 110.11684388860071}, "datetime": {"datetime": "2021-09-24 13:41:04", "elapsed": 330.315826, "delta": 1.916643}}
{"target": 0.3126601139091332, "params": {"eta": 0.3907687851669237, "max_depth": 2.7917303250664056, "n_estimators": 74.68135771587676}, "datetime": {"datetime": "2021-09-24 13:41:06", "elapsed": 332.365479, "delta": 2.049653}}
{"target": 0.22703298890735213, "params": {"eta": 0.4063804075203313, "max_depth": 2.548272288713199, "n_estimators": 145.27030616161645}, "datetime": {"datetime": "2021-09-24 13:41:08", "elapsed": 334.867459, "delta": 2.50198}}
{"target": 0.43743040763330576, "params": {"eta": 0.23254650534626153, "max_depth": 1.6611926761389957, "n_estimators": 133.32169386611753}, "datetime": {"datetime": "2021-09-24 13:41:10", "elapsed": 336.532404, "delta": 1.664945}}
{"target": 0.3703705122997206, "params": {"eta": 0.19806571431869557, "max_depth": 2.10414465039813, "n_estimators": 116.18648494578507}, "datetime": {"datetime": "2021-09-24 13:41:12", "elapsed": 338.953726, "delta": 2.421322}}
{"target": 0.28147751020387246, "params": {"eta": 0.5556260273514623, "max_depth": 2.4042489031070358, "n_estimators": 72.31290591449718}, "datetime": {"datetime": "2021-09-24 13:41:14", "elapsed": 340.544223, "delta": 1.590497}}
{"target": 0.31317946982851397, "params": {"eta": 0.23645721595920524, "max_depth": 2.2362535746266534, "n_estimators": 140.55001535733436}, "datetime": {"datetime": "2021-09-24 13:41:16", "elapsed": 342.29921, "delta": 1.754987}}
{"target": 0.3977624390427267, "params": {"eta": 0.4074393281624402, "max_depth": 1.389431185575701, "n_estimators": 146.84169387499645}, "datetime": {"datetime": "2021-09-24 13:41:17", "elapsed": 343.89045, "delta": 1.59124}}
{"target": 0.4502859115864799, "params": {"eta": 0.10660044063988791, "max_depth": 1.2034638394979018, "n_estimators": 109.8564041216795}, "datetime": {"datetime": "2021-09-24 13:41:19", "elapsed": 345.455225, "delta": 1.564775}}
{"target": 0.4512605564136931, "params": {"eta": 0.09614590847665104, "max_depth": 1.7294868573806679, "n_estimators": 101.69338462852997}, "datetime": {"datetime": "2021-09-24 13:41:21", "elapsed": 347.274758, "delta": 1.819533}}
{"target": 0.21260267818310363, "params": {"eta": 0.5606290722821198, "max_depth": 2.574647533267051, "n_estimators": 138.8801624130807}, "datetime": {"datetime": "2021-09-24 13:41:22", "elapsed": 348.889437, "delta": 1.614679}}
{"target": 0.4566552808110226, "params": {"eta": 0.06513088880314925, "max_depth": 2.072860738295814, "n_estimators": 87.26965710791939}, "datetime": {"datetime": "2021-09-24 13:41:24", "elapsed": 350.888595, "delta": 1.999158}}
{"target": 0.4394024020128887, "params": {"eta": 0.2552537987678607, "max_depth": 1.8394137746993637, "n_estimators": 105.71914607927854}, "datetime": {"datetime": "2021-09-24 13:41:26", "elapsed": 352.471113, "delta": 1.582518}}
{"target": 0.36160755845921744, "params": {"eta": 0.5144775791298514, "max_depth": 1.0453867643235257, "n_estimators": 136.89846658729135}, "datetime": {"datetime": "2021-09-24 13:41:28", "elapsed": 355.085309, "delta": 2.614196}}
{"target": 0.4004723939289354, "params": {"eta": 0.14169496447576882, "max_depth": 2.2944795991712383, "n_estimators": 123.0152550661096}, "datetime": {"datetime": "2021-09-24 13:41:31", "elapsed": 357.29188, "delta": 2.206571}}
{"target": 0.3758577343158229, "params": {"eta": 0.459919928515824, "max_depth": 1.5101677829700793, "n_estimators": 144.10006840046765}, "datetime": {"datetime": "2021-09-24 13:41:33", "elapsed": 360.077035, "delta": 2.785155}}
{"target": 0.4193490488082373, "params": {"eta": 0.4082621254206377, "max_depth": 1.8380010824253616, "n_estimators": 88.09896139729175}, "datetime": {"datetime": "2021-09-24 13:41:35", "elapsed": 361.737111, "delta": 1.660076}}
{"target": 0.3786143280168617, "params": {"eta": 0.5123410145005097, "max_depth": 1.4541931382546731, "n_estimators": 109.4715624425553}, "datetime": {"datetime": "2021-09-24 13:41:37", "elapsed": 363.611762, "delta": 1.874651}}
{"target": 0.37815344938615847, "params": {"eta": 0.16842389611091857, "max_depth": 2.1121265052367217, "n_estimators": 131.55273900423987}, "datetime": {"datetime": "2021-09-24 13:41:39", "elapsed": 365.402758, "delta": 1.790996}}
{"target": 0.22062605379338063, "params": {"eta": 0.5007289421966418, "max_depth": 2.3458812851760236, "n_estimators": 108.50278800398922}, "datetime": {"datetime": "2021-09-24 13:41:41", "elapsed": 367.420054, "delta": 2.017296}}
{"target": 0.44232167998920424, "params": {"eta": 0.1159171077447031, "max_depth": 2.6683112165057836, "n_estimators": 89.05473234626093}, "datetime": {"datetime": "2021-09-24 13:41:43", "elapsed": 369.21889, "delta": 1.798836}}
{"target": 0.2811688004324967, "params": {"eta": 0.5597390916618575, "max_depth": 2.0412807019220334, "n_estimators": 72.85470098254669}, "datetime": {"datetime": "2021-09-24 13:41:45", "elapsed": 371.444539, "delta": 2.225649}}
{"target": 0.204236799970125, "params": {"eta": 0.4543304485391136, "max_depth": 2.2512652342222994, "n_estimators": 112.2007870953296}, "datetime": {"datetime": "2021-09-24 13:41:47", "elapsed": 373.287579, "delta": 1.84304}}
{"target": 0.43803992307012807, "params": {"eta": 0.038079500120678525, "max_depth": 1.1814645879221892, "n_estimators": 121.2435967261902}, "datetime": {"datetime": "2021-09-24 13:41:48", "elapsed": 375.129247, "delta": 1.841668}}
{"target": 0.4323102500686854, "params": {"eta": 0.06926064293613114, "max_depth": 1.1033806786331148, "n_estimators": 56.581288956979925}, "datetime": {"datetime": "2021-09-24 13:41:50", "elapsed": 376.926429, "delta": 1.797182}}
{"target": 0.4195443892424293, "params": {"eta": 0.20746825461808674, "max_depth": 2.5133460120223736, "n_estimators": 62.06766011100389}, "datetime": {"datetime": "2021-09-24 13:41:52", "elapsed": 378.596533, "delta": 1.670104}}
{"target": 0.35989548671548965, "params": {"eta": 0.02071494785085856, "max_depth": 1.8806935057024585, "n_estimators": 108.20026652578505}, "datetime": {"datetime": "2021-09-24 13:41:54", "elapsed": 380.517046, "delta": 1.920513}}
{"target": 0.4441519949759226, "params": {"eta": 0.13036079826525776, "max_depth": 1.9951186344605827, "n_estimators": 62.668840625876555}, "datetime": {"datetime": "2021-09-24 13:41:56", "elapsed": 382.184718, "delta": 1.667672}}
{"target": 0.4466938199462933, "params": {"eta": 0.36122901795554885, "max_depth": 1.8343560793121696, "n_estimators": 85.9702873764368}, "datetime": {"datetime": "2021-09-24 13:41:57", "elapsed": 384.096938, "delta": 1.91222}}
{"target": 0.4223832967278984, "params": {"eta": 0.25120176766695157, "max_depth": 1.0253673476027665, "n_estimators": 148.63037887087683}, "datetime": {"datetime": "2021-09-24 13:41:59", "elapsed": 385.775017, "delta": 1.678079}}
{"target": 0.2661112740147412, "params": {"eta": 0.5384522116549261, "max_depth": 2.799602752268025, "n_estimators": 85.80461835248934}, "datetime": {"datetime": "2021-09-24 13:42:01", "elapsed": 387.84602, "delta": 2.071003}}
{"target": 0.3898875879461654, "params": {"eta": 0.5495071419937433, "max_depth": 1.6764714508875715, "n_estimators": 64.43497958494973}, "datetime": {"datetime": "2021-09-24 13:42:03", "elapsed": 389.669974, "delta": 1.823954}}
{"target": 0.32520784802702674, "params": {"eta": 0.2807803226683943, "max_depth": 2.325154239179615, "n_estimators": 132.41852717176593}, "datetime": {"datetime": "2021-09-24 13:42:05", "elapsed": 391.545221, "delta": 1.875247}}
{"target": 0.4469503756270612, "params": {"eta": 0.20076324279828595, "max_depth": 1.256114125915694, "n_estimators": 62.81377068765488}, "datetime": {"datetime": "2021-09-24 13:42:07", "elapsed": 393.649848, "delta": 2.104627}}
{"target": 0.4198680076180985, "params": {"eta": 0.25844095785267646, "max_depth": 1.0846436724393311, "n_estimators": 149.524680490622}, "datetime": {"datetime": "2021-09-24 13:42:09", "elapsed": 395.59007, "delta": 1.940222}}
{"target": 0.29912545418463465, "params": {"eta": 0.4345646574496803, "max_depth": 2.5325099252101557, "n_estimators": 64.21917947562244}, "datetime": {"datetime": "2021-09-24 13:42:11", "elapsed": 397.445347, "delta": 1.855277}}
{"target": 0.35400187738970434, "params": {"eta": 0.5446411157757804, "max_depth": 1.931683380655982, "n_estimators": 127.6039150694732}, "datetime": {"datetime": "2021-09-24 13:42:13", "elapsed": 399.18733, "delta": 1.741983}}
{"target": 0.26182530580569285, "params": {"eta": 0.4390669001234493, "max_depth": 2.9081162592212477, "n_estimators": 104.59649609205508}, "datetime": {"datetime": "2021-09-24 13:42:15", "elapsed": 401.663468, "delta": 2.476138}}
{"target": 0.44677597707772343, "params": {"eta": 0.1357385401473024, "max_depth": 1.734334164490973, "n_estimators": 136.3981552862349}, "datetime": {"datetime": "2021-09-24 13:42:17", "elapsed": 403.536954, "delta": 1.873486}}
{"target": 0.41700068970957116, "params": {"eta": 0.3722620381457537, "max_depth": 1.4412801607605275, "n_estimators": 148.34008680268136}, "datetime": {"datetime": "2021-09-24 13:42:19", "elapsed": 405.623636, "delta": 2.086682}}
{"target": 0.24283232108184738, "params": {"eta": 0.4328432524623246, "max_depth": 2.5219517554666337, "n_estimators": 136.46528136902197}, "datetime": {"datetime": "2021-09-24 13:42:21", "elapsed": 407.655512, "delta": 2.031876}}
{"target": 0.4486219244477383, "params": {"eta": 0.04498679297161067, "max_depth": 2.9068966612616016, "n_estimators": 146.08017518732478}, "datetime": {"datetime": "2021-09-24 13:42:23", "elapsed": 409.966253, "delta": 2.310741}}
{"target": 0.42172891876403673, "params": {"eta": 0.26135932454975036, "max_depth": 2.485934952906381, "n_estimators": 63.14350058525658}, "datetime": {"datetime": "2021-09-24 13:42:26", "elapsed": 412.43632, "delta": 2.470067}}
{"target": 0.4250759973170236, "params": {"eta": 0.08783245172639531, "max_depth": 2.074489531895168, "n_estimators": 139.03345521524648}, "datetime": {"datetime": "2021-09-24 13:42:28", "elapsed": 414.644527, "delta": 2.208207}}
{"target": 0.43334670386858554, "params": {"eta": 0.1238171934715143, "max_depth": 2.1320398964807197, "n_estimators": 82.900303663859}, "datetime": {"datetime": "2021-09-24 13:42:31", "elapsed": 417.229023, "delta": 2.584496}}
{"target": 0.45223306784329154, "params": {"eta": 0.12856293780515662, "max_depth": 1.845694248048639, "n_estimators": 143.02115001397726}, "datetime": {"datetime": "2021-09-24 13:42:32", "elapsed": 419.007319, "delta": 1.778296}}
{"target": 0.34804017317569413, "params": {"eta": 0.5483642318956929, "max_depth": 1.3290363512388927, "n_estimators": 144.55425593648238}, "datetime": {"datetime": "2021-09-24 13:42:34", "elapsed": 420.964651, "delta": 1.957332}}
{"target": 0.4507330379441985, "params": {"eta": 0.10782958331235128, "max_depth": 2.705160533950327, "n_estimators": 63.625749601903436}, "datetime": {"datetime": "2021-09-24 13:42:37", "elapsed": 423.650748, "delta": 2.686097}}
{"target": 0.4151524580831617, "params": {"eta": 0.02270982657000904, "max_depth": 1.455516564890774, "n_estimators": 139.83818132695342}, "datetime": {"datetime": "2021-09-24 13:42:40", "elapsed": 426.391483, "delta": 2.740735}}
{"target": 0.4183466904106504, "params": {"eta": 0.27300651147783955, "max_depth": 1.4309237445271943, "n_estimators": 148.79805493548514}, "datetime": {"datetime": "2021-09-24 13:42:43", "elapsed": 429.478355, "delta": 3.086872}}
{"target": 0.3720805610625959, "params": {"eta": 0.15647532957343221, "max_depth": 2.3283160474734075, "n_estimators": 139.17324248955597}, "datetime": {"datetime": "2021-09-24 13:42:47", "elapsed": 433.35034, "delta": 3.871985}}
{"target": 0.3023289055894135, "params": {"eta": 0.352418371838459, "max_depth": 2.7733570917248445, "n_estimators": 104.41182436864278}, "datetime": {"datetime": "2021-09-24 13:42:49", "elapsed": 435.871474, "delta": 2.521134}}
{"target": 0.38683773052562287, "params": {"eta": 0.20849868809518146, "max_depth": 2.897506541685742, "n_estimators": 75.53428675690796}, "datetime": {"datetime": "2021-09-24 13:42:51", "elapsed": 437.879363, "delta": 2.007889}}
{"target": 0.34451485279612626, "params": {"eta": 0.21726926103955424, "max_depth": 2.4317010653729714, "n_estimators": 116.2324866526538}, "datetime": {"datetime": "2021-09-24 13:42:53", "elapsed": 439.938085, "delta": 2.058722}}
{"target": 0.43553647073089063, "params": {"eta": 0.07562674340829827, "max_depth": 2.0553124339438047, "n_estimators": 132.2515387076147}, "datetime": {"datetime": "2021-09-24 13:42:56", "elapsed": 442.356332, "delta": 2.418247}}
{"target": 0.44300125739762375, "params": {"eta": 0.2455923037896182, "max_depth": 1.3096636966565098, "n_estimators": 91.68310781528277}, "datetime": {"datetime": "2021-09-24 13:42:58", "elapsed": 445.085819, "delta": 2.729487}}
{"target": 0.24808767717200186, "params": {"eta": 0.4442601952824354, "max_depth": 2.3912946578533014, "n_estimators": 71.15897731484577}, "datetime": {"datetime": "2021-09-24 13:43:01", "elapsed": 447.154928, "delta": 2.069109}}
{"target": 0.40844585357228, "params": {"eta": 0.4281711486798276, "max_depth": 1.037321192137043, "n_estimators": 102.77751812423159}, "datetime": {"datetime": "2021-09-24 13:43:02", "elapsed": 448.93392, "delta": 1.778992}}
{"target": 0.4428920702216572, "params": {"eta": 0.19071985394663657, "max_depth": 1.5013052803483393, "n_estimators": 122.65837632959034}, "datetime": {"datetime": "2021-09-24 13:43:05", "elapsed": 451.277856, "delta": 2.343936}}
{"target": 0.4530004811527545, "params": {"eta": 0.3134260859056453, "max_depth": 1.609304864229771, "n_estimators": 58.56890517750449}, "datetime": {"datetime": "2021-09-24 13:43:07", "elapsed": 454.126016, "delta": 2.84816}}
{"target": 0.2972088980819809, "params": {"eta": 0.02158903470520583, "max_depth": 2.0713880142054104, "n_estimators": 78.59819153998077}, "datetime": {"datetime": "2021-09-24 13:43:10", "elapsed": 456.231438, "delta": 2.105422}}
{"target": 0.44173328526819133, "params": {"eta": 0.0676083646904687, "max_depth": 2.735051862445977, "n_estimators": 122.17548540026878}, "datetime": {"datetime": "2021-09-24 13:43:12", "elapsed": 458.709636, "delta": 2.478198}}
{"target": 0.39694242825673887, "params": {"eta": 0.523172262996642, "max_depth": 1.5667667667723084, "n_estimators": 73.6699435729322}, "datetime": {"datetime": "2021-09-24 13:43:15", "elapsed": 461.890463, "delta": 3.180827}}
{"target": 0.34700845411438175, "params": {"eta": 0.03798356175121278, "max_depth": 1.0101525785611156, "n_estimators": 55.27449593482534}, "datetime": {"datetime": "2021-09-24 13:43:18", "elapsed": 464.270895, "delta": 2.380432}}
{"target": 0.45036928118894715, "params": {"eta": 0.1621325123220955, "max_depth": 1.1311401769296823, "n_estimators": 60.259436164174396}, "datetime": {"datetime": "2021-09-24 13:43:21", "elapsed": 467.409889, "delta": 3.138994}}
{"target": 0.4553339048372115, "params": {"eta": 0.36254497357063165, "max_depth": 1.311196778706052, "n_estimators": 78.75558978046135}, "datetime": {"datetime": "2021-09-24 13:43:23", "elapsed": 469.337622, "delta": 1.927733}}
{"target": 0.3748814324441846, "params": {"eta": 0.2470888244662418, "max_depth": 2.2872696879690984, "n_estimators": 85.62268224697999}, "datetime": {"datetime": "2021-09-24 13:43:25", "elapsed": 471.892574, "delta": 2.554952}}
{"target": 0.3275949292241508, "params": {"eta": 0.24005488414986925, "max_depth": 2.483277862867056, "n_estimators": 115.42880477082326}, "datetime": {"datetime": "2021-09-24 13:43:28", "elapsed": 474.289506, "delta": 2.396932}}
{"target": 0.35402353111909046, "params": {"eta": 0.3408751306339809, "max_depth": 2.1055238279067297, "n_estimators": 59.690120059237714}, "datetime": {"datetime": "2021-09-24 13:43:30", "elapsed": 476.583104, "delta": 2.293598}}
{"target": 0.4205958271620093, "params": {"eta": 0.04964007007198141, "max_depth": 1.1337098623681179, "n_estimators": 68.85464346199342}, "datetime": {"datetime": "2021-09-24 13:43:33", "elapsed": 479.359929, "delta": 2.776825}}
{"target": 0.38711975428823964, "params": {"eta": 0.018963094372238073, "max_depth": 1.2934431701768878, "n_estimators": 133.71693642501356}, "datetime": {"datetime": "2021-09-24 13:43:35", "elapsed": 481.786472, "delta": 2.426543}}
{"target": 0.25184053152341734, "params": {"eta": 0.3556353114932346, "max_depth": 2.056005452708937, "n_estimators": 123.83395974406046}, "datetime": {"datetime": "2021-09-24 13:43:38", "elapsed": 484.631215, "delta": 2.844743}}
{"target": 0.32913778458691234, "params": {"eta": 0.307911026737632, "max_depth": 2.558760517735249, "n_estimators": 71.51878182096094}, "datetime": {"datetime": "2021-09-24 13:43:41", "elapsed": 487.235965, "delta": 2.60475}}
{"target": 0.41016335095451206, "params": {"eta": 0.1622622676443727, "max_depth": 2.3521956034258444, "n_estimators": 72.16818969189781}, "datetime": {"datetime": "2021-09-24 13:43:43", "elapsed": 489.974157, "delta": 2.738192}}
{"target": 0.2869867237627691, "params": {"eta": 0.29785665697041075, "max_depth": 2.8821692330933892, "n_estimators": 116.63879903846892}, "datetime": {"datetime": "2021-09-24 13:43:46", "elapsed": 492.726616, "delta": 2.752459}}
{"target": 0.2795247758043413, "params": {"eta": 0.3039730417260969, "max_depth": 2.551397415065626, "n_estimators": 130.54801171212387}, "datetime": {"datetime": "2021-09-24 13:43:49", "elapsed": 495.562692, "delta": 2.836076}}
{"target": 0.3446148298719516, "params": {"eta": 0.5722910224216899, "max_depth": 1.1906574117088147, "n_estimators": 139.4817277413544}, "datetime": {"datetime": "2021-09-24 13:43:51", "elapsed": 497.973694, "delta": 2.411002}}
{"target": 0.39728223063596146, "params": {"eta": 0.11798821467849421, "max_depth": 2.136848447417745, "n_estimators": 146.9819563328292}, "datetime": {"datetime": "2021-09-24 13:43:54", "elapsed": 500.398219, "delta": 2.424525}}
{"target": 0.44930381925801866, "params": {"eta": 0.07707791274023074, "max_depth": 1.0891308982004941, "n_estimators": 119.65796144956245}, "datetime": {"datetime": "2021-09-24 13:43:56", "elapsed": 502.603877, "delta": 2.205658}}
{"target": 0.37780935047341235, "params": {"eta": 0.1669004890504977, "max_depth": 2.2058915033976185, "n_estimators": 119.04464964581369}, "datetime": {"datetime": "2021-09-24 13:43:59", "elapsed": 505.257214, "delta": 2.653337}}
{"target": 0.24933138566399538, "params": {"eta": 0.515110249114042, "max_depth": 2.6038596728547403, "n_estimators": 80.76719633635653}, "datetime": {"datetime": "2021-09-24 13:44:03", "elapsed": 509.157044, "delta": 3.89983}}
{"target": 0.3975074622646374, "params": {"eta": 0.43605599280821633, "max_depth": 1.170870166750725, "n_estimators": 129.30019264894406}, "datetime": {"datetime": "2021-09-24 13:44:05", "elapsed": 511.448026, "delta": 2.290982}}
{"target": 0.39829407343698564, "params": {"eta": 0.4302564980508904, "max_depth": 1.842882924676436, "n_estimators": 115.01341376774424}, "datetime": {"datetime": "2021-09-24 13:44:07", "elapsed": 513.833435, "delta": 2.385409}}
{"target": 0.24303145140273252, "params": {"eta": 0.5358968441670205, "max_depth": 2.8964410151002893, "n_estimators": 121.62794273693821}, "datetime": {"datetime": "2021-09-24 13:44:10", "elapsed": 516.623832, "delta": 2.790397}}
{"target": 0.37512779697054255, "params": {"eta": 0.4592058839402302, "max_depth": 1.995944695865821, "n_estimators": 141.60888154698367}, "datetime": {"datetime": "2021-09-24 13:44:14", "elapsed": 520.289743, "delta": 3.665911}}
{"target": 0.33795927343515764, "params": {"eta": 0.2756299091340852, "max_depth": 2.7601475304514187, "n_estimators": 135.84293710974038}, "datetime": {"datetime": "2021-09-24 13:44:16", "elapsed": 522.528632, "delta": 2.238889}}
{"target": 0.3332851171435809, "params": {"eta": 0.42984371657669934, "max_depth": 2.8746619022249935, "n_estimators": 70.02639272162847}, "datetime": {"datetime": "2021-09-24 13:44:18", "elapsed": 525.038744, "delta": 2.510112}}
{"target": 0.453040946348098, "params": {"eta": 0.12929582437478693, "max_depth": 1.0448118863600782, "n_estimators": 135.30581491198598}, "datetime": {"datetime": "2021-09-24 13:44:21", "elapsed": 527.431156, "delta": 2.392412}}
{"target": 0.43614871180655135, "params": {"eta": 0.4143591312219354, "max_depth": 1.1074911128498566, "n_estimators": 59.96605337682611}, "datetime": {"datetime": "2021-09-24 13:44:23", "elapsed": 529.742906, "delta": 2.31175}}
{"target": 0.37429272039728534, "params": {"eta": 0.31767416946930815, "max_depth": 2.0202624413390047, "n_estimators": 53.062932904653174}, "datetime": {"datetime": "2021-09-24 13:44:25", "elapsed": 532.047905, "delta": 2.304999}}
{"target": 0.25311615681520705, "params": {"eta": 0.519970326960428, "max_depth": 2.2319512657110883, "n_estimators": 118.69673736837962}, "datetime": {"datetime": "2021-09-24 13:44:28", "elapsed": 534.430056, "delta": 2.382151}}
{"target": 0.43882848243846206, "params": {"eta": 0.2595699173795581, "max_depth": 1.6846289348644892, "n_estimators": 85.86437424893248}, "datetime": {"datetime": "2021-09-24 13:44:30", "elapsed": 536.672915, "delta": 2.242859}}
{"target": 0.40213460626669406, "params": {"eta": 0.13862173899785835, "max_depth": 2.7393988278540684, "n_estimators": 106.05312152178071}, "datetime": {"datetime": "2021-09-24 13:44:32", "elapsed": 539.085588, "delta": 2.412673}}
