{"target": -47.41850814245697, "params": {"eta": 0.14444877855649796, "max_depth": 7.602565398358178, "n_estimators": 26.5652699926958}, "datetime": {"datetime": "2021-09-24 15:12:59", "elapsed": 110.905079, "delta": 1.108587}}
{"target": -52.31157803356199, "params": {"eta": 0.6734978789581595, "max_depth": 11.979095380432378, "n_estimators": 26.835283688540493}, "datetime": {"datetime": "2021-09-24 15:13:00", "elapsed": 112.326532, "delta": 1.421453}}
{"target": -57.15038088210543, "params": {"eta": 0.9162903729768201, "max_depth": 12.959630353449526, "n_estimators": 71.0222943586012}, "datetime": {"datetime": "2021-09-24 15:13:02", "elapsed": 113.686197, "delta": 1.359665}}
{"target": -54.33578190050627, "params": {"eta": 0.8572141990255276, "max_depth": 15.15568562839399, "n_estimators": 6.571473861283963}, "datetime": {"datetime": "2021-09-24 15:13:03", "elapsed": 114.84319, "delta": 1.156993}}
{"target": -54.08003449977789, "params": {"eta": 0.7573337761926022, "max_depth": 18.353942327042354, "n_estimators": 8.893065450348377}, "datetime": {"datetime": "2021-09-24 15:13:04", "elapsed": 115.678018, "delta": 0.834828}}
{"target": -48.22755807862246, "params": {"eta": 0.18181613673237637, "max_depth": 20.90299598200739, "n_estimators": 11.944793076914605}, "datetime": {"datetime": "2021-09-24 15:13:05", "elapsed": 116.923959, "delta": 1.245941}}
{"target": -55.876635673350854, "params": {"eta": 0.16654094081782123, "max_depth": 21.873993922807436, "n_estimators": 8.709068821643623}, "datetime": {"datetime": "2021-09-24 15:13:06", "elapsed": 117.858971, "delta": 0.935012}}
{"target": -53.77339297846744, "params": {"eta": 0.6077668114251656, "max_depth": 23.29081137775605, "n_estimators": 14.50496900828311}, "datetime": {"datetime": "2021-09-24 15:13:07", "elapsed": 119.020398, "delta": 1.161427}}
{"target": -62.07099529495813, "params": {"eta": 1.0, "max_depth": 9.944958210810235, "n_estimators": 88.1536483140718}, "datetime": {"datetime": "2021-09-24 15:13:09", "elapsed": 120.47255, "delta": 1.452152}}
{"target": -47.8843925590802, "params": {"eta": 0.11139611995012937, "max_depth": 7.763741314149077, "n_estimators": 92.70557541774583}, "datetime": {"datetime": "2021-09-24 15:13:13", "elapsed": 124.376756, "delta": 3.904206}}
{"target": -57.75580727068105, "params": {"eta": 0.8505242438581573, "max_depth": 5.673365600056526, "n_estimators": 90.51281801935194}, "datetime": {"datetime": "2021-09-24 15:13:14", "elapsed": 125.794649, "delta": 1.417893}}
{"target": -65.92402551407204, "params": {"eta": 1.0, "max_depth": 8.560613590713915, "n_estimators": 95.83625521109825}, "datetime": {"datetime": "2021-09-24 15:13:16", "elapsed": 128.352811, "delta": 2.558162}}
{"target": -133.84108842763686, "params": {"eta": 0.001, "max_depth": 4.668810527447131, "n_estimators": 93.86163233568189}, "datetime": {"datetime": "2021-09-24 15:13:18", "elapsed": 129.744412, "delta": 1.391601}}
{"target": -51.21718977447739, "params": {"eta": 0.7816865132599523, "max_depth": 10.355012493981217, "n_estimators": 92.05135523288162}, "datetime": {"datetime": "2021-09-24 15:13:20", "elapsed": 131.938519, "delta": 2.194107}}
{"target": -57.09745646598644, "params": {"eta": 0.9809520020011989, "max_depth": 14.59181831650551, "n_estimators": 56.004559627774626}, "datetime": {"datetime": "2021-09-24 15:13:22", "elapsed": 133.477618, "delta": 1.539099}}
{"target": -61.93352820102434, "params": {"eta": 1.0, "max_depth": 7.432049183537412, "n_estimators": 50.63351619827762}, "datetime": {"datetime": "2021-09-24 15:13:24", "elapsed": 135.892832, "delta": 2.415214}}
{"target": -51.33764370222737, "params": {"eta": 0.5418387112270729, "max_depth": 18.06545488692471, "n_estimators": 12.360750491115564}, "datetime": {"datetime": "2021-09-24 15:13:25", "elapsed": 137.144882, "delta": 1.25205}}
{"target": -146.36809710317985, "params": {"eta": 0.001, "max_depth": 10.263958333457245, "n_estimators": 1.0}, "datetime": {"datetime": "2021-09-24 15:13:26", "elapsed": 138.112883, "delta": 0.968001}}
{"target": -138.10698655763068, "params": {"eta": 0.001, "max_depth": 25.0, "n_estimators": 61.59486289081482}, "datetime": {"datetime": "2021-09-24 15:13:28", "elapsed": 139.52376, "delta": 1.410877}}
{"target": -56.74002108000275, "params": {"eta": 0.9655012011000776, "max_depth": 24.454623248187197, "n_estimators": 53.20439226108926}, "datetime": {"datetime": "2021-09-24 15:13:29", "elapsed": 141.091373, "delta": 1.567613}}
{"target": -56.28850076330784, "params": {"eta": 0.9759738030509615, "max_depth": 20.69660462729815, "n_estimators": 55.44475313418872}, "datetime": {"datetime": "2021-09-24 15:13:31", "elapsed": 143.128616, "delta": 2.037243}}
{"target": -46.327753999179464, "params": {"eta": 0.0750542545897947, "max_depth": 15.474510323385898, "n_estimators": 79.19129540659559}, "datetime": {"datetime": "2021-09-24 15:13:34", "elapsed": 145.833022, "delta": 2.704406}}
{"target": -63.18871369756254, "params": {"eta": 1.0, "max_depth": 17.05798744425426, "n_estimators": 81.87492444395346}, "datetime": {"datetime": "2021-09-24 15:13:35", "elapsed": 146.919242, "delta": 1.08622}}
{"target": -48.743831577157614, "params": {"eta": 0.4113149580118195, "max_depth": 12.349019136280663, "n_estimators": 79.16568427254147}, "datetime": {"datetime": "2021-09-24 15:13:37", "elapsed": 148.826702, "delta": 1.90746}}
{"target": -52.467386876730096, "params": {"eta": 0.7644278855391257, "max_depth": 18.32423432308686, "n_estimators": 77.27369526464882}, "datetime": {"datetime": "2021-09-24 15:13:38", "elapsed": 150.236679, "delta": 1.409977}}
{"target": -52.90223668033915, "params": {"eta": 0.8105627917578763, "max_depth": 15.445371858541355, "n_estimators": 76.41327669943402}, "datetime": {"datetime": "2021-09-24 15:13:41", "elapsed": 153.189169, "delta": 2.95249}}
{"target": -45.72698223142696, "params": {"eta": 0.07290023589310532, "max_depth": 8.32843017103329, "n_estimators": 82.26208910968542}, "datetime": {"datetime": "2021-09-24 15:13:43", "elapsed": 154.875509, "delta": 1.68634}}
{"target": -51.291142155353285, "params": {"eta": 0.8213975710463175, "max_depth": 7.138516671548317, "n_estimators": 85.4847465230121}, "datetime": {"datetime": "2021-09-24 15:13:44", "elapsed": 156.24327, "delta": 1.367761}}
{"target": -63.238477656715794, "params": {"eta": 1.0, "max_depth": 25.0, "n_estimators": 90.93790760199072}, "datetime": {"datetime": "2021-09-24 15:13:46", "elapsed": 158.105267, "delta": 1.861997}}
{"target": -61.359860441738505, "params": {"eta": 0.012193883940845727, "max_depth": 8.344050138380108, "n_estimators": 90.20220939911891}, "datetime": {"datetime": "2021-09-24 15:13:49", "elapsed": 160.97882, "delta": 2.873553}}
{"target": -141.51440147260078, "params": {"eta": 0.001, "max_depth": 22.459848670666865, "n_estimators": 36.34932891067734}, "datetime": {"datetime": "2021-09-24 15:13:51", "elapsed": 162.465453, "delta": 1.486633}}
{"target": -143.45069693264207, "params": {"eta": 0.001, "max_depth": 25.0, "n_estimators": 22.626486410700476}, "datetime": {"datetime": "2021-09-24 15:13:52", "elapsed": 164.240065, "delta": 1.774612}}
{"target": -134.64408887239327, "params": {"eta": 0.001, "max_depth": 14.967959690484882, "n_estimators": 87.29336109849133}, "datetime": {"datetime": "2021-09-24 15:13:54", "elapsed": 165.998562, "delta": 1.758497}}
{"target": -63.24383562848084, "params": {"eta": 1.0, "max_depth": 21.88813436875189, "n_estimators": 68.9139004239104}, "datetime": {"datetime": "2021-09-24 15:13:56", "elapsed": 167.408094, "delta": 1.409532}}
{"target": -133.59960902723154, "params": {"eta": 0.001, "max_depth": 25.0, "n_estimators": 95.51899436977612}, "datetime": {"datetime": "2021-09-24 15:13:58", "elapsed": 169.702222, "delta": 2.294128}}
{"target": -46.90464372563183, "params": {"eta": 0.46093050916127254, "max_depth": 21.8272023721769, "n_estimators": 74.92464082590801}, "datetime": {"datetime": "2021-09-24 15:14:00", "elapsed": 172.183226, "delta": 2.481004}}
{"target": -46.531795702482526, "params": {"eta": 0.150482675955044, "max_depth": 24.69103604222071, "n_estimators": 75.82133695904525}, "datetime": {"datetime": "2021-09-24 15:14:04", "elapsed": 175.783012, "delta": 3.599786}}
{"target": -142.4810116255194, "params": {"eta": 0.001, "max_depth": 23.817246463333944, "n_estimators": 29.66513815194051}, "datetime": {"datetime": "2021-09-24 15:14:05", "elapsed": 177.201851, "delta": 1.418839}}
{"target": -47.56782447126575, "params": {"eta": 0.22789330016788367, "max_depth": 18.672052410608885, "n_estimators": 27.623055928370025}, "datetime": {"datetime": "2021-09-24 15:14:07", "elapsed": 179.268213, "delta": 2.066362}}
{"target": -56.75896900578549, "params": {"eta": 0.9266187882899026, "max_depth": 22.260883460273142, "n_estimators": 77.28574100667343}, "datetime": {"datetime": "2021-09-24 15:14:09", "elapsed": 180.821993, "delta": 1.55378}}
{"target": -50.55911263487393, "params": {"eta": 0.327413612742614, "max_depth": 4.7701208450092745, "n_estimators": 79.37953347901909}, "datetime": {"datetime": "2021-09-24 15:14:10", "elapsed": 182.254022, "delta": 1.432029}}
{"target": -63.18610904091283, "params": {"eta": 1.0, "max_depth": 18.20146660973978, "n_estimators": 30.20557223097124}, "datetime": {"datetime": "2021-09-24 15:14:12", "elapsed": 183.460763, "delta": 1.206741}}
{"target": -53.38406234755552, "params": {"eta": 1.0, "max_depth": 4.520931506915578, "n_estimators": 47.73835596588439}, "datetime": {"datetime": "2021-09-24 15:14:14", "elapsed": 186.098461, "delta": 2.637698}}
{"target": -47.51012346081268, "params": {"eta": 0.72932037327289, "max_depth": 1.1898734048975514, "n_estimators": 78.35095521691012}, "datetime": {"datetime": "2021-09-24 15:14:15", "elapsed": 187.356118, "delta": 1.257657}}
{"target": -141.10319522986734, "params": {"eta": 0.001, "max_depth": 11.822391316259795, "n_estimators": 39.71907623123962}, "datetime": {"datetime": "2021-09-24 15:14:17", "elapsed": 188.978743, "delta": 1.622625}}
{"target": -91.27593574667335, "params": {"eta": 0.021486628881116365, "max_depth": 12.768175178784858, "n_estimators": 23.549613708996}, "datetime": {"datetime": "2021-09-24 15:14:19", "elapsed": 190.70146, "delta": 1.722717}}
{"target": -44.00512267951679, "params": {"eta": 0.04533854707510961, "max_depth": 3.6070963952318333, "n_estimators": 65.66661079606853}, "datetime": {"datetime": "2021-09-24 15:14:22", "elapsed": 193.583239, "delta": 2.881779}}
{"target": -54.6110840955175, "params": {"eta": 0.8600410419783738, "max_depth": 6.036562955695537, "n_estimators": 82.48688701599806}, "datetime": {"datetime": "2021-09-24 15:14:23", "elapsed": 195.016124, "delta": 1.432885}}
{"target": -137.49138769977972, "params": {"eta": 0.001, "max_depth": 8.683376241477715, "n_estimators": 66.22922794218984}, "datetime": {"datetime": "2021-09-24 15:14:25", "elapsed": 196.802512, "delta": 1.786388}}
{"target": -136.6418717158468, "params": {"eta": 0.001, "max_depth": 10.029616615050191, "n_estimators": 72.29389615054026}, "datetime": {"datetime": "2021-09-24 15:14:28", "elapsed": 199.608879, "delta": 2.806367}}
{"target": -45.00522950538119, "params": {"eta": 0.4410999078035497, "max_depth": 13.723056559501439, "n_estimators": 68.53203883646506}, "datetime": {"datetime": "2021-09-24 15:14:31", "elapsed": 202.978849, "delta": 3.36997}}
{"target": -64.27338494786194, "params": {"eta": 0.9910858260691346, "max_depth": 10.128686251035221, "n_estimators": 80.78247994544384}, "datetime": {"datetime": "2021-09-24 15:14:33", "elapsed": 204.38911, "delta": 1.410261}}
{"target": -54.6360255685964, "params": {"eta": 1.0, "max_depth": 2.8009425234469645, "n_estimators": 27.4846427104733}, "datetime": {"datetime": "2021-09-24 15:14:34", "elapsed": 205.443741, "delta": 1.054631}}
{"target": -131.8984968160328, "params": {"eta": 0.005444699441546317, "max_depth": 7.942342323606928, "n_estimators": 20.19067233274871}, "datetime": {"datetime": "2021-09-24 15:14:36", "elapsed": 207.469196, "delta": 2.025455}}
{"target": -45.83027884117643, "params": {"eta": 0.21824558756756932, "max_depth": 9.539683254521332, "n_estimators": 84.5115123199137}, "datetime": {"datetime": "2021-09-24 15:14:38", "elapsed": 209.707926, "delta": 2.23873}}
{"target": -48.55564434367015, "params": {"eta": 0.8774327077552809, "max_depth": 4.857397340298621, "n_estimators": 6.18412124644835}, "datetime": {"datetime": "2021-09-24 15:14:39", "elapsed": 210.74241, "delta": 1.034484}}
{"target": -63.2447274788878, "params": {"eta": 1.0, "max_depth": 20.220796002463867, "n_estimators": 14.497092515096632}, "datetime": {"datetime": "2021-09-24 15:14:41", "elapsed": 213.250626, "delta": 2.508216}}
{"target": -53.47738070237009, "params": {"eta": 0.48327521692845465, "max_depth": 4.415604918309972, "n_estimators": 71.3082263729466}, "datetime": {"datetime": "2021-09-24 15:14:42", "elapsed": 214.269973, "delta": 1.019347}}
{"target": -138.92109298885316, "params": {"eta": 0.001, "max_depth": 17.65051093700502, "n_estimators": 55.36234849732635}, "datetime": {"datetime": "2021-09-24 15:14:44", "elapsed": 215.81772, "delta": 1.547747}}
{"target": -54.95375773064176, "params": {"eta": 0.9693052771791546, "max_depth": 19.047692969091184, "n_estimators": 25.27791984216397}, "datetime": {"datetime": "2021-09-24 15:14:48", "elapsed": 220.205927, "delta": 4.388207}}
{"target": -133.72874179460052, "params": {"eta": 0.001, "max_depth": 11.500527589039947, "n_estimators": 94.73605778121367}, "datetime": {"datetime": "2021-09-24 15:14:50", "elapsed": 221.915101, "delta": 1.709174}}
{"target": -46.6447648643551, "params": {"eta": 0.2743703452453562, "max_depth": 12.731151628236725, "n_estimators": 58.4832837674568}, "datetime": {"datetime": "2021-09-24 15:14:52", "elapsed": 224.096639, "delta": 2.181538}}
{"target": -139.61308563472633, "params": {"eta": 0.001, "max_depth": 10.375738180955015, "n_estimators": 50.49803155447087}, "datetime": {"datetime": "2021-09-24 15:14:54", "elapsed": 225.816431, "delta": 1.719792}}
{"target": -60.991871080900495, "params": {"eta": 0.9255657722413915, "max_depth": 3.3126269800387975, "n_estimators": 35.399603417878076}, "datetime": {"datetime": "2021-09-24 15:14:56", "elapsed": 227.578733, "delta": 1.762302}}
{"target": -58.87238238270121, "params": {"eta": 0.9632641643507678, "max_depth": 3.0969800412721904, "n_estimators": 40.15075584230314}, "datetime": {"datetime": "2021-09-24 15:14:57", "elapsed": 228.745731, "delta": 1.166998}}
{"target": -136.62950478460556, "params": {"eta": 0.001, "max_depth": 21.984873157934558, "n_estimators": 72.32785738842954}, "datetime": {"datetime": "2021-09-24 15:14:59", "elapsed": 230.892474, "delta": 2.146743}}
{"target": -46.88360221762406, "params": {"eta": 1.0, "max_depth": 1.3868240037235833, "n_estimators": 32.244101175409654}, "datetime": {"datetime": "2021-09-24 15:15:01", "elapsed": 232.58226, "delta": 1.689786}}
{"target": -48.72785358859184, "params": {"eta": 0.11636030031573863, "max_depth": 6.65862544500475, "n_estimators": 48.166031312233926}, "datetime": {"datetime": "2021-09-24 15:15:02", "elapsed": 234.040061, "delta": 1.457801}}
{"target": -62.202060767358404, "params": {"eta": 1.0, "max_depth": 3.262870989915722, "n_estimators": 63.39328326568326}, "datetime": {"datetime": "2021-09-24 15:15:05", "elapsed": 236.72436, "delta": 2.684299}}
{"target": -53.95456920709825, "params": {"eta": 0.7572986590569781, "max_depth": 15.811004783949384, "n_estimators": 9.443167480263819}, "datetime": {"datetime": "2021-09-24 15:15:06", "elapsed": 238.218478, "delta": 1.494118}}
{"target": -139.39778256954108, "params": {"eta": 0.001, "max_depth": 5.810916763653358, "n_estimators": 52.48335711043013}, "datetime": {"datetime": "2021-09-24 15:15:08", "elapsed": 239.583901, "delta": 1.365423}}
{"target": -54.217212720024854, "params": {"eta": 0.8045133284822403, "max_depth": 8.778348729553207, "n_estimators": 54.847066727197046}, "datetime": {"datetime": "2021-09-24 15:15:10", "elapsed": 241.392874, "delta": 1.808973}}
{"target": -73.26262879909429, "params": {"eta": 0.0681303042164936, "max_depth": 2.4539462478187577, "n_estimators": 10.172518339077207}, "datetime": {"datetime": "2021-09-24 15:15:11", "elapsed": 242.743919, "delta": 1.351045}}
{"target": -62.0709982348564, "params": {"eta": 1.0, "max_depth": 9.419616748187673, "n_estimators": 27.17713675781113}, "datetime": {"datetime": "2021-09-24 15:15:13", "elapsed": 245.004246, "delta": 2.260327}}
{"target": -51.929474708729224, "params": {"eta": 0.6673581049911347, "max_depth": 4.653469403804998, "n_estimators": 8.148620975863182}, "datetime": {"datetime": "2021-09-24 15:15:15", "elapsed": 246.623902, "delta": 1.619656}}
{"target": -95.97325875705346, "params": {"eta": 0.00860222978765373, "max_depth": 3.0716070293405053, "n_estimators": 49.21112232634743}, "datetime": {"datetime": "2021-09-24 15:15:16", "elapsed": 247.90106, "delta": 1.277158}}
{"target": -47.39143329993227, "params": {"eta": 0.9094063170838396, "max_depth": 1.9795846080438357, "n_estimators": 71.80338208258401}, "datetime": {"datetime": "2021-09-24 15:15:19", "elapsed": 251.018398, "delta": 3.117338}}
{"target": -59.40856596625837, "params": {"eta": 0.9799591481812426, "max_depth": 5.919197033376394, "n_estimators": 25.563600284590635}, "datetime": {"datetime": "2021-09-24 15:15:21", "elapsed": 253.268024, "delta": 2.249626}}
{"target": -57.541857052566414, "params": {"eta": 0.9731173837472521, "max_depth": 5.1352214087343855, "n_estimators": 74.68221307773422}, "datetime": {"datetime": "2021-09-24 15:15:24", "elapsed": 256.256271, "delta": 2.988247}}
{"target": -47.215009732353955, "params": {"eta": 0.39763844134031956, "max_depth": 13.744692986291474, "n_estimators": 77.4969700278505}, "datetime": {"datetime": "2021-09-24 15:15:27", "elapsed": 259.337368, "delta": 3.081097}}
{"target": -63.183458220689815, "params": {"eta": 1.0, "max_depth": 14.066786255635263, "n_estimators": 80.42858277317377}, "datetime": {"datetime": "2021-09-24 15:15:31", "elapsed": 263.025836, "delta": 3.688468}}
{"target": -56.32796088197178, "params": {"eta": 1.0, "max_depth": 3.782891614036911, "n_estimators": 21.391513440621875}, "datetime": {"datetime": "2021-09-24 15:15:32", "elapsed": 264.33968, "delta": 1.313844}}
{"target": -52.84938048599358, "params": {"eta": 0.8788702262946546, "max_depth": 2.034083133897844, "n_estimators": 65.73923531143787}, "datetime": {"datetime": "2021-09-24 15:15:34", "elapsed": 265.411061, "delta": 1.071381}}
{"target": -57.684164954307384, "params": {"eta": 0.9736582265430913, "max_depth": 5.055609373110126, "n_estimators": 77.60067626830461}, "datetime": {"datetime": "2021-09-24 15:15:36", "elapsed": 267.430182, "delta": 2.019121}}
{"target": -46.79938144612133, "params": {"eta": 1.0, "max_depth": 1.0, "n_estimators": 51.09432110073117}, "datetime": {"datetime": "2021-09-24 15:15:37", "elapsed": 268.683742, "delta": 1.25356}}
{"target": -142.4810116255194, "params": {"eta": 0.001, "max_depth": 12.426220395390544, "n_estimators": 29.12400669996148}, "datetime": {"datetime": "2021-09-24 15:15:38", "elapsed": 270.141591, "delta": 1.457849}}
{"target": -50.58618777138846, "params": {"eta": 0.9811006450288808, "max_depth": 2.958343972665074, "n_estimators": 24.557577639477056}, "datetime": {"datetime": "2021-09-24 15:15:40", "elapsed": 272.257943, "delta": 2.116352}}
{"target": -45.901742920839695, "params": {"eta": 0.23317174185845346, "max_depth": 20.495367710082096, "n_estimators": 76.26601593075353}, "datetime": {"datetime": "2021-09-24 15:15:44", "elapsed": 275.703307, "delta": 3.445364}}
{"target": -115.06588725039833, "params": {"eta": 0.02461050386724713, "max_depth": 19.42431739121016, "n_estimators": 10.739485091733386}, "datetime": {"datetime": "2021-09-24 15:15:46", "elapsed": 277.485147, "delta": 1.78184}}
{"target": -75.28498382855179, "params": {"eta": 0.060886746826557786, "max_depth": 22.391511059390094, "n_estimators": 12.732668586612151}, "datetime": {"datetime": "2021-09-24 15:15:47", "elapsed": 279.129717, "delta": 1.64457}}
{"target": -46.7243143096006, "params": {"eta": 0.24873010149566752, "max_depth": 7.9175591998406425, "n_estimators": 83.92268366535781}, "datetime": {"datetime": "2021-09-24 15:15:50", "elapsed": 281.934022, "delta": 2.804305}}
{"target": -47.46456335541001, "params": {"eta": 0.1847999515601512, "max_depth": 3.009048020939, "n_estimators": 78.36863979393543}, "datetime": {"datetime": "2021-09-24 15:15:52", "elapsed": 283.867437, "delta": 1.933415}}
{"target": -57.48705455952121, "params": {"eta": 0.9374630978740547, "max_depth": 17.399676804725527, "n_estimators": 7.122988995522346}, "datetime": {"datetime": "2021-09-24 15:15:54", "elapsed": 286.04049, "delta": 2.173053}}
{"target": -46.97187885305935, "params": {"eta": 0.8398707477614032, "max_depth": 1.1350492762001734, "n_estimators": 68.69338146887671}, "datetime": {"datetime": "2021-09-24 15:15:56", "elapsed": 287.655397, "delta": 1.614907}}
{"target": -50.07681479489893, "params": {"eta": 0.2733774642108616, "max_depth": 6.985359986882402, "n_estimators": 40.733785746661624}, "datetime": {"datetime": "2021-09-24 15:15:58", "elapsed": 289.864103, "delta": 2.208706}}
{"target": -51.2590138141374, "params": {"eta": 0.9806548190612113, "max_depth": 4.452805573126449, "n_estimators": 55.59782826180702}, "datetime": {"datetime": "2021-09-24 15:16:00", "elapsed": 291.372723, "delta": 1.50862}}
{"target": -56.21941584393494, "params": {"eta": 0.9761665902558703, "max_depth": 10.713585283791794, "n_estimators": 16.91902824998879}, "datetime": {"datetime": "2021-09-24 15:16:01", "elapsed": 293.246017, "delta": 1.873294}}
{"target": -46.02434442276345, "params": {"eta": 0.44606929005976903, "max_depth": 2.7232146162515924, "n_estimators": 5.900940495448133}, "datetime": {"datetime": "2021-09-24 15:16:03", "elapsed": 295.017953, "delta": 1.771936}}
