{"target": -37.92347776439032, "params": {"eta": 0.33501237559709407, "max_depth": 13.12349386376835, "n_estimators": 4.486006030326448}, "datetime": {"datetime": "2021-09-28 16:31:27", "elapsed": 176.410014, "delta": 0.870003}}
{"target": -37.289544323121426, "params": {"eta": 0.1369029671885811, "max_depth": 2.043590913602572, "n_estimators": 17.24072614547084}, "datetime": {"datetime": "2021-09-28 16:31:28", "elapsed": 177.445008, "delta": 1.034994}}
{"target": -37.98066267338016, "params": {"eta": 0.35236061243735456, "max_depth": 2.175086404909338, "n_estimators": 17.402661994302612}, "datetime": {"datetime": "2021-09-28 16:31:29", "elapsed": 178.443008, "delta": 0.998}}
{"target": -38.04621145918251, "params": {"eta": 0.34997647942790217, "max_depth": 1.8103951681782957, "n_estimators": 17.320492414679368}, "datetime": {"datetime": "2021-09-28 16:31:31", "elapsed": 179.707464, "delta": 1.264456}}
{"target": -42.01298786899396, "params": {"eta": 0.7000650446154131, "max_depth": 2.317649274392028, "n_estimators": 5.145070332051814}, "datetime": {"datetime": "2021-09-28 16:31:32", "elapsed": 180.582459, "delta": 0.874995}}
{"target": -47.765900459648485, "params": {"eta": 0.9666279123572359, "max_depth": 17.255851303516646, "n_estimators": 12.291865162770955}, "datetime": {"datetime": "2021-09-28 16:31:33", "elapsed": 181.827153, "delta": 1.244694}}
{"target": -40.72807516659019, "params": {"eta": 0.8132751954907892, "max_depth": 2.7291092493259668, "n_estimators": 5.427548683018558}, "datetime": {"datetime": "2021-09-28 16:31:34", "elapsed": 183.004218, "delta": 1.177065}}
{"target": -38.320986672081574, "params": {"eta": 0.5449290345527684, "max_depth": 4.01210484835142, "n_estimators": 4.827500947804824}, "datetime": {"datetime": "2021-09-28 16:31:35", "elapsed": 184.317582, "delta": 1.313364}}
{"target": -35.504025363494875, "params": {"eta": 0.055739902998723945, "max_depth": 1.9449202995309505, "n_estimators": 17.565140890193323}, "datetime": {"datetime": "2021-09-28 16:31:37", "elapsed": 185.784381, "delta": 1.466799}}
{"target": -51.551252579537255, "params": {"eta": 0.9753775151333606, "max_depth": 14.680235405417765, "n_estimators": 35.258347164684366}, "datetime": {"datetime": "2021-09-28 16:31:38", "elapsed": 186.96738, "delta": 1.182999}}
{"target": -40.080299547904666, "params": {"eta": 0.7900067369519976, "max_depth": 4.244310941605603, "n_estimators": 4.334881283333544}, "datetime": {"datetime": "2021-09-28 16:31:39", "elapsed": 188.254184, "delta": 1.286804}}
{"target": -40.342080551919715, "params": {"eta": 0.5376297254857956, "max_depth": 10.452011411571547, "n_estimators": 21.768660739124673}, "datetime": {"datetime": "2021-09-28 16:31:41", "elapsed": 190.171947, "delta": 1.917763}}
{"target": -36.88948052408889, "params": {"eta": 0.3190356136289431, "max_depth": 24.297556051926616, "n_estimators": 8.455576765502137}, "datetime": {"datetime": "2021-09-28 16:31:42", "elapsed": 191.151942, "delta": 0.979995}}
{"target": -52.57822833125314, "params": {"eta": 0.06871979889774771, "max_depth": 24.22863786551928, "n_estimators": 8.056937487780099}, "datetime": {"datetime": "2021-09-28 16:31:43", "elapsed": 192.027411, "delta": 0.875469}}
{"target": -39.67286590630406, "params": {"eta": 0.47867113460179783, "max_depth": 20.261332884616888, "n_estimators": 18.257359964177486}, "datetime": {"datetime": "2021-09-28 16:31:44", "elapsed": 192.988411, "delta": 0.961}}
{"target": -44.55921020755093, "params": {"eta": 0.6062808852700344, "max_depth": 24.319250769788134, "n_estimators": 8.787798653615134}, "datetime": {"datetime": "2021-09-28 16:31:46", "elapsed": 195.159537, "delta": 2.171126}}
{"target": -37.24288894846789, "params": {"eta": 0.828939000878606, "max_depth": 1.4420951675486442, "n_estimators": 15.189443276331438}, "datetime": {"datetime": "2021-09-28 16:31:47", "elapsed": 196.294212, "delta": 1.134675}}
{"target": -36.439764583487985, "params": {"eta": 0.1396018462246825, "max_depth": 10.157827273832932, "n_estimators": 19.48729448147634}, "datetime": {"datetime": "2021-09-28 16:31:49", "elapsed": 197.877422, "delta": 1.58321}}
{"target": -43.60037388383963, "params": {"eta": 0.4806399397113156, "max_depth": 9.961131010907579, "n_estimators": 19.58738486647488}, "datetime": {"datetime": "2021-09-28 16:31:50", "elapsed": 199.21161, "delta": 1.334188}}
{"target": -37.56148855696485, "params": {"eta": 0.06865796003016615, "max_depth": 10.495926462655321, "n_estimators": 19.612362619034283}, "datetime": {"datetime": "2021-09-28 16:31:51", "elapsed": 200.420709, "delta": 1.209099}}
{"target": -38.71293077695381, "params": {"eta": 0.5982756151819473, "max_depth": 1.3963335604713234, "n_estimators": 30.619838198982475}, "datetime": {"datetime": "2021-09-28 16:31:52", "elapsed": 201.442708, "delta": 1.021999}}
{"target": -60.884362570168385, "params": {"eta": 0.017370259183599263, "max_depth": 9.799493652941681, "n_estimators": 21.811661240426524}, "datetime": {"datetime": "2021-09-28 16:31:53", "elapsed": 202.494457, "delta": 1.051749}}
{"target": -35.59112143706544, "params": {"eta": 0.32043146136915773, "max_depth": 3.5273648640268256, "n_estimators": 5.317245332301931}, "datetime": {"datetime": "2021-09-28 16:31:54", "elapsed": 203.503455, "delta": 1.008998}}
{"target": -36.73727702539624, "params": {"eta": 0.10123376106514373, "max_depth": 10.583137091682024, "n_estimators": 19.25041637190344}, "datetime": {"datetime": "2021-09-28 16:31:56", "elapsed": 204.976289, "delta": 1.472834}}
{"target": -38.56048887149661, "params": {"eta": 0.5732326354734092, "max_depth": 1.4161233683620957, "n_estimators": 30.604768550677335}, "datetime": {"datetime": "2021-09-28 16:31:57", "elapsed": 205.863364, "delta": 0.887075}}
{"target": -42.691866872102956, "params": {"eta": 0.6286668380993856, "max_depth": 4.729728144026032, "n_estimators": 33.81068695088946}, "datetime": {"datetime": "2021-09-28 16:31:58", "elapsed": 206.986367, "delta": 1.123003}}
{"target": -37.175637276345924, "params": {"eta": 0.6346155514256608, "max_depth": 5.473791049726249, "n_estimators": 3.5952281473568957}, "datetime": {"datetime": "2021-09-28 16:31:59", "elapsed": 208.255229, "delta": 1.268862}}
{"target": -38.39395051497051, "params": {"eta": 0.47698373199915317, "max_depth": 2.92860138526285, "n_estimators": 4.505900465450314}, "datetime": {"datetime": "2021-09-28 16:32:00", "elapsed": 209.41899, "delta": 1.163761}}
{"target": -44.06152651014532, "params": {"eta": 0.48472330717461376, "max_depth": 10.102009691130746, "n_estimators": 22.101025609676327}, "datetime": {"datetime": "2021-09-28 16:32:02", "elapsed": 210.941015, "delta": 1.522025}}
{"target": -41.967509826302944, "params": {"eta": 0.4169624034078131, "max_depth": 10.456286110612616, "n_estimators": 19.199787102943812}, "datetime": {"datetime": "2021-09-28 16:32:04", "elapsed": 212.980501, "delta": 2.039486}}
{"target": -36.815145178429304, "params": {"eta": 0.12362344420271959, "max_depth": 9.903658214997034, "n_estimators": 19.12759067001391}, "datetime": {"datetime": "2021-09-28 16:32:06", "elapsed": 214.779887, "delta": 1.799386}}
{"target": -38.44231208379705, "params": {"eta": 0.14364167919904203, "max_depth": 2.631998105893765, "n_estimators": 45.243579078279744}, "datetime": {"datetime": "2021-09-28 16:32:07", "elapsed": 215.930111, "delta": 1.150224}}
{"target": -35.89232654259242, "params": {"eta": 0.07939343267387618, "max_depth": 29.270534282680746, "n_estimators": 20.824756875311408}, "datetime": {"datetime": "2021-09-28 16:32:08", "elapsed": 217.00311, "delta": 1.072999}}
{"target": -39.55747120294396, "params": {"eta": 0.2673631557168405, "max_depth": 7.2600980766307455, "n_estimators": 31.123598862049732}, "datetime": {"datetime": "2021-09-28 16:32:09", "elapsed": 218.115653, "delta": 1.112543}}
{"target": -33.821075905644676, "params": {"eta": 0.33651737401346976, "max_depth": 2.5535827897804673, "n_estimators": 4.20248061953598}, "datetime": {"datetime": "2021-09-28 16:32:10", "elapsed": 219.155677, "delta": 1.040024}}
{"target": -39.50411132877797, "params": {"eta": 0.3001716634128148, "max_depth": 29.430354502209426, "n_estimators": 21.187048277638176}, "datetime": {"datetime": "2021-09-28 16:32:11", "elapsed": 220.337557, "delta": 1.18188}}
{"target": -69.27777296454386, "params": {"eta": 0.060409994314403435, "max_depth": 9.75843789549457, "n_estimators": 5.9414047270262484}, "datetime": {"datetime": "2021-09-28 16:32:12", "elapsed": 221.392556, "delta": 1.054999}}
{"target": -38.79999954030298, "params": {"eta": 0.6090179416767331, "max_depth": 1.3318518415006242, "n_estimators": 30.640984380550467}, "datetime": {"datetime": "2021-09-28 16:32:13", "elapsed": 222.532717, "delta": 1.140161}}
{"target": -39.71307542176196, "params": {"eta": 0.4845417256167649, "max_depth": 29.16240620117736, "n_estimators": 20.7890748194439}, "datetime": {"datetime": "2021-09-28 16:32:16", "elapsed": 224.607905, "delta": 2.075188}}
{"target": -54.06361198896299, "params": {"eta": 0.03175724398911994, "max_depth": 17.155171301129496, "n_estimators": 18.87341596974027}, "datetime": {"datetime": "2021-09-28 16:32:17", "elapsed": 225.685902, "delta": 1.077997}}
{"target": -41.78355089711527, "params": {"eta": 0.7037721650624357, "max_depth": 2.274913448082624, "n_estimators": 4.187638056636127}, "datetime": {"datetime": "2021-09-28 16:32:19", "elapsed": 227.623077, "delta": 1.937175}}
{"target": -40.73038162197836, "params": {"eta": 0.29771227512069265, "max_depth": 10.960315881990441, "n_estimators": 19.609908241701483}, "datetime": {"datetime": "2021-09-28 16:32:20", "elapsed": 228.936973, "delta": 1.313896}}
{"target": -40.34286140530855, "params": {"eta": 0.25514985978560034, "max_depth": 21.069098799579187, "n_estimators": 37.052624128343}, "datetime": {"datetime": "2021-09-28 16:32:21", "elapsed": 230.161162, "delta": 1.224189}}
{"target": -43.04006016627078, "params": {"eta": 0.036932894226199824, "max_depth": 28.89524151266926, "n_estimators": 21.11251640875565}, "datetime": {"datetime": "2021-09-28 16:32:23", "elapsed": 232.12916, "delta": 1.967998}}
{"target": -37.233324099470366, "params": {"eta": 0.1547182927414049, "max_depth": 29.48065195850045, "n_estimators": 20.368128395520323}, "datetime": {"datetime": "2021-09-28 16:32:25", "elapsed": 234.120485, "delta": 1.991325}}
{"target": -36.77888103725777, "params": {"eta": 0.46279860534296774, "max_depth": 5.470175085994145, "n_estimators": 4.094020313057671}, "datetime": {"datetime": "2021-09-28 16:32:27", "elapsed": 235.646484, "delta": 1.525999}}
{"target": -41.15877413197247, "params": {"eta": 0.4992117388606171, "max_depth": 19.976529965646705, "n_estimators": 5.319991135086149}, "datetime": {"datetime": "2021-09-28 16:32:28", "elapsed": 236.701215, "delta": 1.054731}}
{"target": -40.01157577782032, "params": {"eta": 0.04732001013202135, "max_depth": 29.723900099691395, "n_estimators": 20.750883263144097}, "datetime": {"datetime": "2021-09-28 16:32:30", "elapsed": 238.654275, "delta": 1.95306}}
{"target": -40.21314294940544, "params": {"eta": 0.21381930395189463, "max_depth": 19.04441204057846, "n_estimators": 40.383533456057435}, "datetime": {"datetime": "2021-09-28 16:32:31", "elapsed": 240.175272, "delta": 1.520997}}
{"target": -43.05542484331027, "params": {"eta": 0.9134458139464987, "max_depth": 3.2953491564389568, "n_estimators": 4.19037020323867}, "datetime": {"datetime": "2021-09-28 16:32:33", "elapsed": 242.402245, "delta": 2.226973}}
{"target": -40.01157577782032, "params": {"eta": 0.054118701325075104, "max_depth": 28.82694852737017, "n_estimators": 20.35478978929538}, "datetime": {"datetime": "2021-09-28 16:32:35", "elapsed": 244.006095, "delta": 1.60385}}
{"target": -42.01005284231162, "params": {"eta": 0.4961249938549069, "max_depth": 10.482025418584012, "n_estimators": 19.850086032395986}, "datetime": {"datetime": "2021-09-28 16:32:36", "elapsed": 245.463174, "delta": 1.457079}}
{"target": -40.959167330615855, "params": {"eta": 0.17669655036387208, "max_depth": 11.820186961275814, "n_estimators": 23.398026827827398}, "datetime": {"datetime": "2021-09-28 16:32:38", "elapsed": 246.858373, "delta": 1.395199}}
{"target": -34.92919379654701, "params": {"eta": 0.454231219561597, "max_depth": 2.56609454661987, "n_estimators": 3.803795243744706}, "datetime": {"datetime": "2021-09-28 16:32:40", "elapsed": 248.605846, "delta": 1.747473}}
{"target": -40.99626354170243, "params": {"eta": 0.1259026788223068, "max_depth": 23.507081934349795, "n_estimators": 38.6389351497419}, "datetime": {"datetime": "2021-09-28 16:32:41", "elapsed": 250.021849, "delta": 1.416003}}
{"target": -79.31427977209373, "params": {"eta": 0.06358898816188448, "max_depth": 2.374163482063495, "n_estimators": 3.6079631691684386}, "datetime": {"datetime": "2021-09-28 16:32:43", "elapsed": 251.65444, "delta": 1.632591}}
{"target": -38.022725321922415, "params": {"eta": 0.6175858345127994, "max_depth": 2.7663033177393492, "n_estimators": 3.805344377452074}, "datetime": {"datetime": "2021-09-28 16:32:45", "elapsed": 254.106437, "delta": 2.451997}}
{"target": -38.073394287549945, "params": {"eta": 0.9203333824183988, "max_depth": 1.5021462401959051, "n_estimators": 15.82537547674622}, "datetime": {"datetime": "2021-09-28 16:32:47", "elapsed": 255.935435, "delta": 1.828998}}
{"target": -39.02874003321459, "params": {"eta": 0.23911717052765646, "max_depth": 10.197460701699411, "n_estimators": 34.55037039725935}, "datetime": {"datetime": "2021-09-28 16:32:48", "elapsed": 257.428322, "delta": 1.492887}}
{"target": -42.833024732549376, "params": {"eta": 0.4270896906651887, "max_depth": 29.039647682310907, "n_estimators": 20.345065108857444}, "datetime": {"datetime": "2021-09-28 16:32:51", "elapsed": 259.758453, "delta": 2.330131}}
{"target": -38.28105112344308, "params": {"eta": 0.3979527450987737, "max_depth": 1.6968201733673198, "n_estimators": 15.271733827040276}, "datetime": {"datetime": "2021-09-28 16:32:53", "elapsed": 262.219182, "delta": 2.460729}}
{"target": -35.70071347287498, "params": {"eta": 0.4200280434414612, "max_depth": 6.446193902272195, "n_estimators": 4.536879465898323}, "datetime": {"datetime": "2021-09-28 16:32:55", "elapsed": 263.791021, "delta": 1.571839}}
{"target": -39.83407246405456, "params": {"eta": 0.5893594260711443, "max_depth": 1.282610149398631, "n_estimators": 16.113750195068388}, "datetime": {"datetime": "2021-09-28 16:32:57", "elapsed": 266.216176, "delta": 2.425155}}
{"target": -39.97652610297804, "params": {"eta": 0.5692991679496796, "max_depth": 1.6650387403378393, "n_estimators": 15.726368652390352}, "datetime": {"datetime": "2021-09-28 16:32:59", "elapsed": 267.688175, "delta": 1.471999}}
{"target": -38.863383437207936, "params": {"eta": 0.14198698449208155, "max_depth": 24.56120606046014, "n_estimators": 40.40690716500742}, "datetime": {"datetime": "2021-09-28 16:33:00", "elapsed": 269.280117, "delta": 1.591942}}
{"target": -43.611301180125906, "params": {"eta": 0.8312728224013631, "max_depth": 6.428236125350527, "n_estimators": 4.604340516975702}, "datetime": {"datetime": "2021-09-28 16:33:02", "elapsed": 271.130211, "delta": 1.850094}}
{"target": -36.85110109037796, "params": {"eta": 0.21186040569327647, "max_depth": 27.216067098414285, "n_estimators": 8.220746292992853}, "datetime": {"datetime": "2021-09-28 16:33:03", "elapsed": 272.302862, "delta": 1.172651}}
{"target": -44.55921020755093, "params": {"eta": 0.6079214771088326, "max_depth": 27.490797077844075, "n_estimators": 8.271973021259349}, "datetime": {"datetime": "2021-09-28 16:33:06", "elapsed": 275.152886, "delta": 2.850024}}
{"target": -37.27855423610244, "params": {"eta": 0.294680195333421, "max_depth": 26.96053076304259, "n_estimators": 8.517711538655846}, "datetime": {"datetime": "2021-09-28 16:33:08", "elapsed": 277.060748, "delta": 1.907862}}
{"target": -40.64004189087533, "params": {"eta": 0.5495929430062926, "max_depth": 3.509129598216963, "n_estimators": 23.240413306192806}, "datetime": {"datetime": "2021-09-28 16:33:09", "elapsed": 278.158753, "delta": 1.098005}}
{"target": -51.521877681601914, "params": {"eta": 0.9807057977973221, "max_depth": 14.747340553491384, "n_estimators": 6.9992596536660985}, "datetime": {"datetime": "2021-09-28 16:33:10", "elapsed": 279.357751, "delta": 1.198998}}
{"target": -90.83398986663617, "params": {"eta": 0.01, "max_depth": 26.81641659736497, "n_estimators": 8.185577396069771}, "datetime": {"datetime": "2021-09-28 16:33:13", "elapsed": 281.638731, "delta": 2.28098}}
{"target": -37.476162353161804, "params": {"eta": 0.29398929812438557, "max_depth": 6.072629910610323, "n_estimators": 4.586797950784897}, "datetime": {"datetime": "2021-09-28 16:33:15", "elapsed": 283.875388, "delta": 2.236657}}
{"target": -79.8385424475575, "params": {"eta": 0.01, "max_depth": 9.747495878459347, "n_estimators": 19.507222292256948}, "datetime": {"datetime": "2021-09-28 16:33:17", "elapsed": 285.66216, "delta": 1.786772}}
{"target": -37.63758833387037, "params": {"eta": 0.28092072661387985, "max_depth": 27.310359520850994, "n_estimators": 8.587124480299575}, "datetime": {"datetime": "2021-09-28 16:33:18", "elapsed": 287.342743, "delta": 1.680583}}
{"target": -38.04289671083497, "params": {"eta": 0.8198183171907875, "max_depth": 1.8558224251640998, "n_estimators": 15.394267490605786}, "datetime": {"datetime": "2021-09-28 16:33:21", "elapsed": 289.920268, "delta": 2.577525}}
{"target": -46.99241489599163, "params": {"eta": 0.687220687070696, "max_depth": 27.083769332552215, "n_estimators": 8.44201017476174}, "datetime": {"datetime": "2021-09-28 16:33:23", "elapsed": 291.816072, "delta": 1.895804}}
{"target": -39.94974984676668, "params": {"eta": 0.25096228047103025, "max_depth": 1.3332999734730517, "n_estimators": 15.322037080347023}, "datetime": {"datetime": "2021-09-28 16:33:24", "elapsed": 292.88907, "delta": 1.072998}}
{"target": -44.92316978762457, "params": {"eta": 0.5899254486326153, "max_depth": 9.516754414209396, "n_estimators": 20.260576104665546}, "datetime": {"datetime": "2021-09-28 16:33:26", "elapsed": 295.013019, "delta": 2.123949}}
{"target": -38.893581039779875, "params": {"eta": 0.3367727354090154, "max_depth": 26.749692268225374, "n_estimators": 8.996675842949816}, "datetime": {"datetime": "2021-09-28 16:33:28", "elapsed": 297.06696, "delta": 2.053941}}
{"target": -40.49028229262652, "params": {"eta": 0.43765897437976387, "max_depth": 9.707973685208762, "n_estimators": 18.933306029561713}, "datetime": {"datetime": "2021-09-28 16:33:30", "elapsed": 298.903558, "delta": 1.836598}}
{"target": -39.02744628807813, "params": {"eta": 0.2168182665061829, "max_depth": 6.52841033618904, "n_estimators": 4.9068436134843925}, "datetime": {"datetime": "2021-09-28 16:33:32", "elapsed": 301.419528, "delta": 2.51597}}
{"target": -53.369599137867716, "params": {"eta": 0.9894852271017878, "max_depth": 28.08929497264006, "n_estimators": 3.705401845433727}, "datetime": {"datetime": "2021-09-28 16:33:34", "elapsed": 302.626529, "delta": 1.207001}}
{"target": -38.05667007494406, "params": {"eta": 0.08131227463387461, "max_depth": 20.234268890406387, "n_estimators": 49.89555270082126}, "datetime": {"datetime": "2021-09-28 16:33:36", "elapsed": 304.807532, "delta": 2.181003}}
{"target": -38.68912651999874, "params": {"eta": 0.40946123184812017, "max_depth": 1.9265299363571562, "n_estimators": 17.822758777626195}, "datetime": {"datetime": "2021-09-28 16:33:38", "elapsed": 307.385246, "delta": 2.577714}}
{"target": -41.09517497486346, "params": {"eta": 0.4051811247277129, "max_depth": 6.279633441059112, "n_estimators": 2.5567610876610742}, "datetime": {"datetime": "2021-09-28 16:33:40", "elapsed": 308.566258, "delta": 1.181012}}
{"target": -41.72254736537766, "params": {"eta": 0.5768805857856991, "max_depth": 3.3900652875849335, "n_estimators": 7.249916394396001}, "datetime": {"datetime": "2021-09-28 16:33:41", "elapsed": 309.791258, "delta": 1.225}}
{"target": -46.79206209594316, "params": {"eta": 0.15907193863420968, "max_depth": 6.729311868728796, "n_estimators": 4.375514754145111}, "datetime": {"datetime": "2021-09-28 16:33:42", "elapsed": 311.389164, "delta": 1.597906}}
{"target": -37.04459395526009, "params": {"eta": 0.05404828854247709, "max_depth": 1.4442975566846805, "n_estimators": 17.617501410912894}, "datetime": {"datetime": "2021-09-28 16:33:44", "elapsed": 313.151303, "delta": 1.762139}}
{"target": -37.06057223231433, "params": {"eta": 0.2158395505576799, "max_depth": 27.138837818447104, "n_estimators": 9.10000931373937}, "datetime": {"datetime": "2021-09-28 16:33:46", "elapsed": 314.662017, "delta": 1.510714}}
{"target": -39.630738771192945, "params": {"eta": 0.1435698718282504, "max_depth": 27.526614027552736, "n_estimators": 8.339130144825313}, "datetime": {"datetime": "2021-09-28 16:33:48", "elapsed": 317.191017, "delta": 2.529}}
{"target": -40.979042587198585, "params": {"eta": 0.4190991705129788, "max_depth": 10.17027880607835, "n_estimators": 8.33215272993298}, "datetime": {"datetime": "2021-09-28 16:33:49", "elapsed": 318.31491, "delta": 1.123893}}
{"target": -39.71495195217975, "params": {"eta": 0.2651496324740891, "max_depth": 1.099673547620734, "n_estimators": 17.320903231203335}, "datetime": {"datetime": "2021-09-28 16:33:51", "elapsed": 319.844506, "delta": 1.529596}}
{"target": -46.73326029340536, "params": {"eta": 0.7772264737103077, "max_depth": 28.118520539010877, "n_estimators": 35.50071479461241}, "datetime": {"datetime": "2021-09-28 16:33:52", "elapsed": 321.256159, "delta": 1.411653}}
{"target": -44.66551494077721, "params": {"eta": 0.6365725742202544, "max_depth": 25.229846529041872, "n_estimators": 15.104816427627929}, "datetime": {"datetime": "2021-09-28 16:33:53", "elapsed": 322.528379, "delta": 1.27222}}
{"target": -44.11431585660039, "params": {"eta": 0.5735777473207896, "max_depth": 14.26061773205414, "n_estimators": 36.18499868534769}, "datetime": {"datetime": "2021-09-28 16:33:55", "elapsed": 324.070455, "delta": 1.542076}}
