{"target": -89.16153921399798, "params": {"eta": 0.41760498269787144, "max_depth": 18.287787842611795, "n_estimators": 1.0113231069171438}, "datetime": {"datetime": "2021-09-24 15:11:08", "elapsed": 0.0, "delta": 0.0}}
{"target": -45.38996043958162, "params": {"eta": 0.3030302400592079, "max_depth": 4.522141379610713, "n_estimators": 10.141520882110981}, "datetime": {"datetime": "2021-09-24 15:11:08", "elapsed": 0.162998, "delta": 0.162998}}
{"target": -46.7622031878708, "params": {"eta": 0.18707395116629325, "max_depth": 9.293457449033145, "n_estimators": 40.27997994883632}, "datetime": {"datetime": "2021-09-24 15:11:09", "elapsed": 0.561134, "delta": 0.398136}}
{"target": -50.42885238245914, "params": {"eta": 0.5392779172693536, "max_depth": 11.060668345679076, "n_estimators": 68.83673053927919}, "datetime": {"datetime": "2021-09-24 15:11:09", "elapsed": 1.096085, "delta": 0.534951}}
{"target": -79.0216084960708, "params": {"eta": 0.20524779748178593, "max_depth": 22.07481847338269, "n_estimators": 3.71137172659469}, "datetime": {"datetime": "2021-09-24 15:11:09", "elapsed": 1.273134, "delta": 0.177049}}
{"target": -54.35717584136734, "params": {"eta": 0.6707970426682238, "max_depth": 11.015315256811046, "n_estimators": 56.310293016129414}, "datetime": {"datetime": "2021-09-24 15:11:10", "elapsed": 1.686839, "delta": 0.413705}}
{"target": -44.324082740267414, "params": {"eta": 0.2370288770683745, "max_depth": 2.613836703726062, "n_estimators": 20.088628996976997}, "datetime": {"datetime": "2021-09-24 15:11:11", "elapsed": 2.598597, "delta": 0.911758}}
{"target": -63.20698197443682, "params": {"eta": 1.0, "max_depth": 15.101475194796434, "n_estimators": 27.024309653473953}, "datetime": {"datetime": "2021-09-24 15:11:12", "elapsed": 3.772435, "delta": 1.173838}}
{"target": -43.69818866701054, "params": {"eta": 0.22266184913754844, "max_depth": 1.057457799666155, "n_estimators": 34.2399066771928}, "datetime": {"datetime": "2021-09-24 15:11:12", "elapsed": 4.276608, "delta": 0.504173}}
{"target": -134.4298266073815, "params": {"eta": 0.001, "max_depth": 1.0, "n_estimators": 83.7239035150315}, "datetime": {"datetime": "2021-09-24 15:11:13", "elapsed": 4.894609, "delta": 0.618001}}
{"target": -63.23847748462419, "params": {"eta": 1.0, "max_depth": 25.0, "n_estimators": 66.14678926686936}, "datetime": {"datetime": "2021-09-24 15:11:14", "elapsed": 5.597903, "delta": 0.703294}}
{"target": -140.4191034135962, "params": {"eta": 0.001, "max_depth": 25.0, "n_estimators": 44.47079702630664}, "datetime": {"datetime": "2021-09-24 15:11:14", "elapsed": 6.283263, "delta": 0.68536}}
{"target": -47.22318107561958, "params": {"eta": 1.0, "max_depth": 1.0, "n_estimators": 48.36852009353102}, "datetime": {"datetime": "2021-09-24 15:11:15", "elapsed": 6.706262, "delta": 0.422999}}
{"target": -63.238477728420634, "params": {"eta": 1.0, "max_depth": 25.0, "n_estimators": 100.0}, "datetime": {"datetime": "2021-09-24 15:11:17", "elapsed": 8.873844, "delta": 2.167582}}
{"target": -135.4348796641916, "params": {"eta": 0.001, "max_depth": 25.0, "n_estimators": 81.76785524699798}, "datetime": {"datetime": "2021-09-24 15:11:18", "elapsed": 9.566922, "delta": 0.693078}}
{"target": -46.88708051882292, "params": {"eta": 0.9351698285227222, "max_depth": 1.004105974209181, "n_estimators": 60.790834608348405}, "datetime": {"datetime": "2021-09-24 15:11:18", "elapsed": 10.030852, "delta": 0.46393}}
{"target": -146.35599396820356, "params": {"eta": 0.0010000000000000009, "max_depth": 1.0, "n_estimators": 1.0}, "datetime": {"datetime": "2021-09-24 15:11:19", "elapsed": 10.393851, "delta": 0.362999}}
{"target": -48.30054752091716, "params": {"eta": 0.15039809945328675, "max_depth": 10.939276544902683, "n_estimators": 15.468676938197286}, "datetime": {"datetime": "2021-09-24 15:11:20", "elapsed": 11.446545, "delta": 1.052694}}
{"target": -63.23847714044098, "params": {"eta": 1.0, "max_depth": 25.0, "n_estimators": 18.102267291055085}, "datetime": {"datetime": "2021-09-24 15:11:20", "elapsed": 12.099899, "delta": 0.653354}}
{"target": -64.83145047668228, "params": {"eta": 1.0, "max_depth": 11.871351922734013, "n_estimators": 100.0}, "datetime": {"datetime": "2021-09-24 15:11:22", "elapsed": 14.099562, "delta": 1.999663}}
{"target": -58.9457993830057, "params": {"eta": 1.0, "max_depth": 6.202733485149719, "n_estimators": 28.764626774669633}, "datetime": {"datetime": "2021-09-24 15:11:23", "elapsed": 14.564563, "delta": 0.465001}}
{"target": -44.833116918578185, "params": {"eta": 0.10758389772560661, "max_depth": 1.005968453454706, "n_estimators": 40.83814299907582}, "datetime": {"datetime": "2021-09-24 15:11:23", "elapsed": 15.045561, "delta": 0.480998}}
{"target": -137.8386669024489, "params": {"eta": 0.001, "max_depth": 16.438482438706025, "n_estimators": 63.08700805317652}, "datetime": {"datetime": "2021-09-24 15:11:24", "elapsed": 15.771574, "delta": 0.726013}}
{"target": -45.378119246403976, "params": {"eta": 0.0613395842336644, "max_depth": 4.205170581175353, "n_estimators": 54.27300688317738}, "datetime": {"datetime": "2021-09-24 15:11:24", "elapsed": 16.332817, "delta": 0.561243}}
{"target": -51.56425870092291, "params": {"eta": 0.8355571375146436, "max_depth": 8.93774124871706, "n_estimators": 48.52549718146358}, "datetime": {"datetime": "2021-09-24 15:11:25", "elapsed": 17.173815, "delta": 0.840998}}
{"target": -62.2804669616814, "params": {"eta": 1.0, "max_depth": 3.882901335643601, "n_estimators": 68.47853604232282}, "datetime": {"datetime": "2021-09-24 15:11:27", "elapsed": 18.449797, "delta": 1.275982}}
{"target": -44.87295976796545, "params": {"eta": 0.8566553070396415, "max_depth": 1.1188338204594972, "n_estimators": 14.951526053283429}, "datetime": {"datetime": "2021-09-24 15:11:27", "elapsed": 19.200331, "delta": 0.750534}}
{"target": -132.07667464062683, "params": {"eta": 0.001, "max_depth": 1.0, "n_estimators": 100.0}, "datetime": {"datetime": "2021-09-24 15:11:28", "elapsed": 19.856464, "delta": 0.656133}}
{"target": -51.41875431949931, "params": {"eta": 0.5397658602708671, "max_depth": 24.955681166416685, "n_estimators": 27.22831517878968}, "datetime": {"datetime": "2021-09-24 15:11:29", "elapsed": 21.010883, "delta": 1.154419}}
{"target": -64.83144958037182, "params": {"eta": 1.0, "max_depth": 11.508579989190995, "n_estimators": 75.34615859282206}, "datetime": {"datetime": "2021-09-24 15:11:31", "elapsed": 22.398054, "delta": 1.387171}}
{"target": -64.41734340495633, "params": {"eta": 1.0, "max_depth": 12.108895698115866, "n_estimators": 9.19390756843395}, "datetime": {"datetime": "2021-09-24 15:11:31", "elapsed": 22.912059, "delta": 0.514005}}
{"target": -133.72874179460052, "params": {"eta": 0.001, "max_depth": 17.74032729758488, "n_estimators": 94.4911605837077}, "datetime": {"datetime": "2021-09-24 15:11:32", "elapsed": 24.248606, "delta": 1.336547}}
{"target": -143.86563184610884, "params": {"eta": 0.001, "max_depth": 17.468829704180468, "n_estimators": 19.399656499713508}, "datetime": {"datetime": "2021-09-24 15:11:33", "elapsed": 24.867607, "delta": 0.619001}}
{"target": -58.99971952653469, "params": {"eta": 1.0, "max_depth": 6.1693864683542134, "n_estimators": 15.449063911225009}, "datetime": {"datetime": "2021-09-24 15:11:34", "elapsed": 25.470742, "delta": 0.603135}}
{"target": -56.23680249551185, "params": {"eta": 0.8006706059461558, "max_depth": 5.870180085238062, "n_estimators": 36.05527610347073}, "datetime": {"datetime": "2021-09-24 15:11:34", "elapsed": 26.218477, "delta": 0.747735}}
{"target": -60.1236862280315, "params": {"eta": 1.0, "max_depth": 5.197411579513437, "n_estimators": 44.07563734481501}, "datetime": {"datetime": "2021-09-24 15:11:35", "elapsed": 26.947474, "delta": 0.728997}}
{"target": -141.79043311015107, "params": {"eta": 0.001, "max_depth": 14.14645790827828, "n_estimators": 34.66373493074945}, "datetime": {"datetime": "2021-09-24 15:11:36", "elapsed": 27.660556, "delta": 0.713082}}
{"target": -138.3133736830905, "params": {"eta": 0.001, "max_depth": 6.1195893708432605, "n_estimators": 60.07156695687997}, "datetime": {"datetime": "2021-09-24 15:11:37", "elapsed": 28.841619, "delta": 1.181063}}
{"target": -50.5143831152665, "params": {"eta": 0.5026957065149641, "max_depth": 4.769731949754979, "n_estimators": 50.39082905041749}, "datetime": {"datetime": "2021-09-24 15:11:39", "elapsed": 30.615908, "delta": 1.774289}}
{"target": -46.85075315496975, "params": {"eta": 1.0, "max_depth": 1.0, "n_estimators": 52.93681806464266}, "datetime": {"datetime": "2021-09-24 15:11:40", "elapsed": 31.516101, "delta": 0.900193}}
{"target": -64.41707341832326, "params": {"eta": 1.0, "max_depth": 12.7029376549763, "n_estimators": 51.97119358592952}, "datetime": {"datetime": "2021-09-24 15:11:40", "elapsed": 32.363967, "delta": 0.847866}}
{"target": -44.63472300364559, "params": {"eta": 0.5119968372606879, "max_depth": 1.3085486830706108, "n_estimators": 25.001530513447197}, "datetime": {"datetime": "2021-09-24 15:11:41", "elapsed": 33.083966, "delta": 0.719999}}
{"target": -58.9271215783026, "params": {"eta": 1.0, "max_depth": 6.521125762205907, "n_estimators": 22.92355501850598}, "datetime": {"datetime": "2021-09-24 15:11:43", "elapsed": 35.011819, "delta": 1.927853}}
{"target": -60.15625154882446, "params": {"eta": 0.03411387322666827, "max_depth": 1.3245519910653405, "n_estimators": 29.692745696337628}, "datetime": {"datetime": "2021-09-24 15:11:44", "elapsed": 35.544803, "delta": 0.532984}}
{"target": -50.16127825858898, "params": {"eta": 0.4467931622853662, "max_depth": 12.292492716912468, "n_estimators": 44.35663898111797}, "datetime": {"datetime": "2021-09-24 15:11:45", "elapsed": 36.854371, "delta": 1.309568}}
{"target": -50.61053225868627, "params": {"eta": 0.5744297298491746, "max_depth": 6.432526631721838, "n_estimators": 73.15501130001354}, "datetime": {"datetime": "2021-09-24 15:11:46", "elapsed": 38.354834, "delta": 1.500463}}
{"target": -63.23800661330833, "params": {"eta": 1.0, "max_depth": 25.0, "n_estimators": 11.151933865796826}, "datetime": {"datetime": "2021-09-24 15:11:47", "elapsed": 39.104834, "delta": 0.75}}
{"target": -63.23847724082775, "params": {"eta": 1.0, "max_depth": 25.0, "n_estimators": 32.48622336677655}, "datetime": {"datetime": "2021-09-24 15:11:49", "elapsed": 41.238274, "delta": 2.13344}}
{"target": -43.91881713293549, "params": {"eta": 0.2092211347811752, "max_depth": 1.104153270948255, "n_estimators": 73.16759880810731}, "datetime": {"datetime": "2021-09-24 15:11:50", "elapsed": 41.880058, "delta": 0.641784}}
{"target": -77.61223474660314, "params": {"eta": 0.009700384361852707, "max_depth": 17.394456630708028, "n_estimators": 72.56184161373588}, "datetime": {"datetime": "2021-09-24 15:11:51", "elapsed": 43.104598, "delta": 1.22454}}
{"target": -45.37110998397483, "params": {"eta": 1.0, "max_depth": 1.0, "n_estimators": 10.577069437608435}, "datetime": {"datetime": "2021-09-24 15:11:52", "elapsed": 43.847819, "delta": 0.743221}}
{"target": -63.238477420089836, "params": {"eta": 1.0, "max_depth": 25.0, "n_estimators": 57.10928226495352}, "datetime": {"datetime": "2021-09-24 15:11:54", "elapsed": 45.716463, "delta": 1.868644}}
{"target": -64.41707433614516, "params": {"eta": 1.0, "max_depth": 12.542913388326683, "n_estimators": 83.11525103149232}, "datetime": {"datetime": "2021-09-24 15:11:55", "elapsed": 46.943497, "delta": 1.227034}}
{"target": -54.75754260299797, "params": {"eta": 0.8996788129417118, "max_depth": 2.2243074472766224, "n_estimators": 37.63855962623116}, "datetime": {"datetime": "2021-09-24 15:11:56", "elapsed": 47.813565, "delta": 0.870068}}
{"target": -49.73064376716327, "params": {"eta": 0.13201280693155448, "max_depth": 8.320304160994674, "n_estimators": 52.87156898482345}, "datetime": {"datetime": "2021-09-24 15:11:57", "elapsed": 48.864523, "delta": 1.050958}}
{"target": -63.23847752047661, "params": {"eta": 1.0, "max_depth": 25.0, "n_estimators": 71.86213355428896}, "datetime": {"datetime": "2021-09-24 15:11:58", "elapsed": 49.916451, "delta": 1.051928}}
{"target": -138.2498932852781, "params": {"eta": 0.001, "max_depth": 1.0, "n_estimators": 56.83836422155853}, "datetime": {"datetime": "2021-09-24 15:11:59", "elapsed": 50.971825, "delta": 1.055374}}
{"target": -46.201691577309056, "params": {"eta": 0.5875451683691428, "max_depth": 1.2045924783908912, "n_estimators": 63.97833815844314}, "datetime": {"datetime": "2021-09-24 15:12:00", "elapsed": 51.962301, "delta": 0.990476}}
{"target": -45.16729287455853, "params": {"eta": 0.726025955355085, "max_depth": 8.361006504770446, "n_estimators": 11.728639871057613}, "datetime": {"datetime": "2021-09-24 15:12:02", "elapsed": 53.91371, "delta": 1.951409}}
{"target": -45.76076642373451, "params": {"eta": 0.16786227431046355, "max_depth": 3.716227062411102, "n_estimators": 76.40760770814103}, "datetime": {"datetime": "2021-09-24 15:12:03", "elapsed": 55.362568, "delta": 1.448858}}
{"target": -53.34874642164187, "params": {"eta": 0.19933808075045165, "max_depth": 7.286540079235641, "n_estimators": 7.349825452763298}, "datetime": {"datetime": "2021-09-24 15:12:04", "elapsed": 56.260169, "delta": 0.897601}}
{"target": -55.979882988714635, "params": {"eta": 0.9120464938474465, "max_depth": 7.673127993808143, "n_estimators": 78.60260721300965}, "datetime": {"datetime": "2021-09-24 15:12:06", "elapsed": 57.842163, "delta": 1.581994}}
{"target": -55.23099470497074, "params": {"eta": 0.9445896831646946, "max_depth": 20.934475048622463, "n_estimators": 28.653268997897907}, "datetime": {"datetime": "2021-09-24 15:12:08", "elapsed": 59.389192, "delta": 1.547029}}
{"target": -139.98089200571962, "params": {"eta": 0.001, "max_depth": 1.0, "n_estimators": 44.55154990952358}, "datetime": {"datetime": "2021-09-24 15:12:08", "elapsed": 60.219499, "delta": 0.830307}}
{"target": -46.05463621670142, "params": {"eta": 0.06094254508854301, "max_depth": 1.7840348745296524, "n_estimators": 50.50797486581332}, "datetime": {"datetime": "2021-09-24 15:12:09", "elapsed": 61.160293, "delta": 0.940794}}
{"target": -140.5935778716453, "params": {"eta": 0.001, "max_depth": 8.825077621018105, "n_estimators": 43.933892405510136}, "datetime": {"datetime": "2021-09-24 15:12:10", "elapsed": 62.119196, "delta": 0.958903}}
{"target": -56.83277299350366, "params": {"eta": 0.791659368542194, "max_depth": 3.178037959119144, "n_estimators": 52.60604429431207}, "datetime": {"datetime": "2021-09-24 15:12:12", "elapsed": 63.538613, "delta": 1.419417}}
{"target": -47.187070545397304, "params": {"eta": 0.6089643410360831, "max_depth": 3.0375236245036694, "n_estimators": 12.34954574146372}, "datetime": {"datetime": "2021-09-24 15:12:13", "elapsed": 65.329092, "delta": 1.790479}}
{"target": -50.058650525889, "params": {"eta": 0.3359596903130788, "max_depth": 3.533576527258104, "n_estimators": 73.66354296998621}, "datetime": {"datetime": "2021-09-24 15:12:15", "elapsed": 66.659609, "delta": 1.330517}}
{"target": -44.211994773463196, "params": {"eta": 0.2454582504623633, "max_depth": 2.7289246902487863, "n_estimators": 22.80267171595801}, "datetime": {"datetime": "2021-09-24 15:12:16", "elapsed": 67.779609, "delta": 1.12}}
{"target": -143.98618208734612, "params": {"eta": 0.001, "max_depth": 2.9506771935926746, "n_estimators": 17.046781028182714}, "datetime": {"datetime": "2021-09-24 15:12:17", "elapsed": 68.778435, "delta": 0.998826}}
{"target": -45.85297491317405, "params": {"eta": 0.6411216513647081, "max_depth": 1.0886640312665683, "n_estimators": 21.559268253318844}, "datetime": {"datetime": "2021-09-24 15:12:18", "elapsed": 69.799129, "delta": 1.020694}}
{"target": -44.957632882254465, "params": {"eta": 0.5197281628337623, "max_depth": 1.054669379657457, "n_estimators": 12.859682068430512}, "datetime": {"datetime": "2021-09-24 15:12:19", "elapsed": 71.273848, "delta": 1.474719}}
{"target": -46.413748518864914, "params": {"eta": 0.20870964180507434, "max_depth": 5.93881032358011, "n_estimators": 12.474451662689773}, "datetime": {"datetime": "2021-09-24 15:12:21", "elapsed": 72.493565, "delta": 1.219717}}
{"target": -43.68112555482334, "params": {"eta": 0.13890948758262683, "max_depth": 1.4399579277218075, "n_estimators": 75.67707171284196}, "datetime": {"datetime": "2021-09-24 15:12:22", "elapsed": 73.577564, "delta": 1.083999}}
{"target": -48.78652328835394, "params": {"eta": 0.24308921497158895, "max_depth": 8.512848548574476, "n_estimators": 14.123953574960646}, "datetime": {"datetime": "2021-09-24 15:12:23", "elapsed": 74.71549, "delta": 1.137926}}
{"target": -52.22943264380434, "params": {"eta": 0.03983754084352638, "max_depth": 3.6182954192250847, "n_estimators": 33.296429410034996}, "datetime": {"datetime": "2021-09-24 15:12:25", "elapsed": 76.885512, "delta": 2.170022}}
{"target": -46.2525971491534, "params": {"eta": 0.16618022585190595, "max_depth": 4.0507957662524285, "n_estimators": 25.625381373352116}, "datetime": {"datetime": "2021-09-24 15:12:26", "elapsed": 77.602512, "delta": 0.717}}
{"target": -47.71686473645662, "params": {"eta": 0.14955294892553406, "max_depth": 4.757267483533518, "n_estimators": 40.04961043688742}, "datetime": {"datetime": "2021-09-24 15:12:27", "elapsed": 79.118245, "delta": 1.515733}}
{"target": -61.93352735490727, "params": {"eta": 1.0, "max_depth": 7.613541749531692, "n_estimators": 38.5976818543012}, "datetime": {"datetime": "2021-09-24 15:12:28", "elapsed": 80.264369, "delta": 1.146124}}
{"target": -47.009060364916806, "params": {"eta": 0.23640286975974256, "max_depth": 14.943960947007964, "n_estimators": 45.66298979715464}, "datetime": {"datetime": "2021-09-24 15:12:30", "elapsed": 81.709246, "delta": 1.444877}}
{"target": -63.011462236705576, "params": {"eta": 0.9987178473892657, "max_depth": 14.552709848709863, "n_estimators": 42.410169878444535}, "datetime": {"datetime": "2021-09-24 15:12:31", "elapsed": 82.847576, "delta": 1.13833}}
{"target": -58.126637691841985, "params": {"eta": 0.9798297424253, "max_depth": 12.968084025750313, "n_estimators": 47.39743794341035}, "datetime": {"datetime": "2021-09-24 15:12:32", "elapsed": 83.994425, "delta": 1.146849}}
{"target": -65.92402758454918, "params": {"eta": 1.0, "max_depth": 8.076521545889946, "n_estimators": 70.12409306009506}, "datetime": {"datetime": "2021-09-24 15:12:34", "elapsed": 85.384143, "delta": 1.389718}}
{"target": -47.283928347709484, "params": {"eta": 0.936583348930239, "max_depth": 2.6320707111297983, "n_estimators": 7.857849569667611}, "datetime": {"datetime": "2021-09-24 15:12:34", "elapsed": 85.930728, "delta": 0.546585}}
{"target": -144.8360604392855, "params": {"eta": 0.001, "max_depth": 11.56707243397556, "n_estimators": 12.635800368125494}, "datetime": {"datetime": "2021-09-24 15:12:36", "elapsed": 87.62678, "delta": 1.696052}}
{"target": -49.362437198036595, "params": {"eta": 0.1199379975544381, "max_depth": 9.064983268692181, "n_estimators": 16.89315128411931}, "datetime": {"datetime": "2021-09-24 15:12:37", "elapsed": 88.663324, "delta": 1.036544}}
{"target": -52.0622577810646, "params": {"eta": 0.8011404147650983, "max_depth": 6.600837121433075, "n_estimators": 10.21759095723866}, "datetime": {"datetime": "2021-09-24 15:12:38", "elapsed": 89.621324, "delta": 0.958}}
{"target": -46.784497856197504, "params": {"eta": 0.284870261917388, "max_depth": 11.690400633755662, "n_estimators": 18.23549449669795}, "datetime": {"datetime": "2021-09-24 15:12:39", "elapsed": 90.68889, "delta": 1.067566}}
{"target": -46.3596316746303, "params": {"eta": 0.030859906604758028, "max_depth": 6.586952404042096, "n_estimators": 76.01235341439099}, "datetime": {"datetime": "2021-09-24 15:12:41", "elapsed": 93.084864, "delta": 2.395974}}
{"target": -56.21825029975489, "params": {"eta": 0.7604249963977275, "max_depth": 6.488537422812684, "n_estimators": 54.4049772331568}, "datetime": {"datetime": "2021-09-24 15:12:43", "elapsed": 94.518162, "delta": 1.433298}}
{"target": -63.227529045334435, "params": {"eta": 1.0, "max_depth": 22.370431720349384, "n_estimators": 25.24581362396211}, "datetime": {"datetime": "2021-09-24 15:12:46", "elapsed": 97.8131, "delta": 3.294938}}
{"target": -62.66185721418911, "params": {"eta": 1.0, "max_depth": 10.573593687177329, "n_estimators": 5.759542435884238}, "datetime": {"datetime": "2021-09-24 15:12:47", "elapsed": 98.631884, "delta": 0.818784}}
{"target": -52.604425308399634, "params": {"eta": 0.8887689655106159, "max_depth": 10.41620483930273, "n_estimators": 21.21614007405698}, "datetime": {"datetime": "2021-09-24 15:12:48", "elapsed": 99.927047, "delta": 1.295163}}
{"target": -44.05086259196575, "params": {"eta": 0.14590727061323924, "max_depth": 1.0827603251908462, "n_estimators": 70.35780489001698}, "datetime": {"datetime": "2021-09-24 15:12:50", "elapsed": 101.858628, "delta": 1.931581}}
{"target": -48.17512667089477, "params": {"eta": 0.39433655184722877, "max_depth": 9.970700607364702, "n_estimators": 25.358920178423098}, "datetime": {"datetime": "2021-09-24 15:12:52", "elapsed": 103.466174, "delta": 1.607546}}
{"target": -43.37604706269458, "params": {"eta": 0.34447592880653005, "max_depth": 1.0745461601241901, "n_estimators": 66.99115206086461}, "datetime": {"datetime": "2021-09-24 15:12:53", "elapsed": 105.05807, "delta": 1.591896}}
{"target": -45.55425945081209, "params": {"eta": 0.09122898773470986, "max_depth": 10.1905111116804, "n_estimators": 28.61328795330377}, "datetime": {"datetime": "2021-09-24 15:12:55", "elapsed": 106.513615, "delta": 1.455545}}
{"target": -139.87515138145676, "params": {"eta": 0.001, "max_depth": 17.207622895200334, "n_estimators": 48.382253136186186}, "datetime": {"datetime": "2021-09-24 15:12:56", "elapsed": 107.823617, "delta": 1.310002}}
{"target": -142.23068771595345, "params": {"eta": 0.001, "max_depth": 8.020607169559362, "n_estimators": 31.819349497589034}, "datetime": {"datetime": "2021-09-24 15:12:58", "elapsed": 109.796492, "delta": 1.972875}}
