{"target": -39.783082462537955, "params": {"eta": 0.5192559523889708, "max_depth": 2.9603719088263256, "n_estimators": 28.9003234862854}, "datetime": {"datetime": "2021-09-28 16:29:52", "elapsed": 132.153038, "delta": 0.955079}}
{"target": -37.776156056746515, "params": {"eta": 0.33501237559709407, "max_depth": 13.12349386376835, "n_estimators": 4.486006030326448}, "datetime": {"datetime": "2021-09-28 16:29:53", "elapsed": 133.129041, "delta": 0.976003}}
{"target": -37.16154058364758, "params": {"eta": 0.1369029671885811, "max_depth": 2.043590913602572, "n_estimators": 17.24072614547084}, "datetime": {"datetime": "2021-09-28 16:29:54", "elapsed": 134.040463, "delta": 0.911422}}
{"target": -35.53846402228128, "params": {"eta": 0.14456757889336233, "max_depth": 1.2514167814590778, "n_estimators": 9.941024836136075}, "datetime": {"datetime": "2021-09-28 16:29:55", "elapsed": 134.799115, "delta": 0.758652}}
{"target": -38.60626560685862, "params": {"eta": 0.22154627505969313, "max_depth": 1.2506255249274043, "n_estimators": 9.632506061813972}, "datetime": {"datetime": "2021-09-28 16:29:56", "elapsed": 135.998116, "delta": 1.199001}}
{"target": -41.63130126025086, "params": {"eta": 0.11893433529824549, "max_depth": 7.077273325375571, "n_estimators": 7.329159800220426}, "datetime": {"datetime": "2021-09-28 16:29:57", "elapsed": 137.123013, "delta": 1.124897}}
{"target": -54.55878512741522, "params": {"eta": 0.9666279123572359, "max_depth": 17.255851303516646, "n_estimators": 12.291865162770955}, "datetime": {"datetime": "2021-09-28 16:29:58", "elapsed": 138.094654, "delta": 0.971641}}
{"target": -40.51057362366949, "params": {"eta": 0.46559195951285853, "max_depth": 25.58520761789504, "n_estimators": 11.101448575541882}, "datetime": {"datetime": "2021-09-28 16:29:59", "elapsed": 139.206651, "delta": 1.111997}}
{"target": -38.18962237398814, "params": {"eta": 0.24196174537333795, "max_depth": 7.232069650426608, "n_estimators": 24.380324274126977}, "datetime": {"datetime": "2021-09-28 16:30:01", "elapsed": 140.602962, "delta": 1.396311}}
{"target": -36.04403362203346, "params": {"eta": 0.06475827586438199, "max_depth": 5.797359267830122, "n_estimators": 21.6641534655115}, "datetime": {"datetime": "2021-09-28 16:30:02", "elapsed": 141.771965, "delta": 1.169003}}
{"target": -52.3496250671557, "params": {"eta": 0.9753775151333606, "max_depth": 14.680235405417765, "n_estimators": 35.258347164684366}, "datetime": {"datetime": "2021-09-28 16:30:03", "elapsed": 142.863334, "delta": 1.091369}}
{"target": -41.32148192555688, "params": {"eta": 0.37634107652682564, "max_depth": 5.779502251149561, "n_estimators": 21.510137449202645}, "datetime": {"datetime": "2021-09-28 16:30:04", "elapsed": 144.454459, "delta": 1.591125}}
{"target": -40.45618788678531, "params": {"eta": 0.21062981551775614, "max_depth": 15.555167444143665, "n_estimators": 31.85250912630094}, "datetime": {"datetime": "2021-09-28 16:30:06", "elapsed": 145.748593, "delta": 1.294134}}
{"target": -38.703548730238424, "params": {"eta": 0.3190356136289431, "max_depth": 24.297556051926616, "n_estimators": 8.455576765502137}, "datetime": {"datetime": "2021-09-28 16:30:07", "elapsed": 146.764766, "delta": 1.016173}}
{"target": -40.075856949242535, "params": {"eta": 0.5027972566057664, "max_depth": 5.388740336653383, "n_estimators": 21.77731872264615}, "datetime": {"datetime": "2021-09-28 16:30:08", "elapsed": 147.970764, "delta": 1.205998}}
{"target": -41.41114774712478, "params": {"eta": 0.47867113460179783, "max_depth": 20.261332884616888, "n_estimators": 18.257359964177486}, "datetime": {"datetime": "2021-09-28 16:30:09", "elapsed": 149.1473, "delta": 1.176536}}
{"target": -38.115790659714435, "params": {"eta": 0.04689484820979057, "max_depth": 5.626363117922099, "n_estimators": 21.39633296681107}, "datetime": {"datetime": "2021-09-28 16:30:11", "elapsed": 150.576089, "delta": 1.428789}}
{"target": -43.91587896597513, "params": {"eta": 0.8334561940165913, "max_depth": 16.080467166428427, "n_estimators": 42.57104247319686}, "datetime": {"datetime": "2021-09-28 16:30:12", "elapsed": 151.768088, "delta": 1.191999}}
{"target": -39.632544749305175, "params": {"eta": 0.08334326100889339, "max_depth": 21.892509894064137, "n_estimators": 43.00597738917038}, "datetime": {"datetime": "2021-09-28 16:30:13", "elapsed": 153.120241, "delta": 1.352153}}
{"target": -38.997956094691936, "params": {"eta": 0.3692118818636953, "max_depth": 1.47782459777381, "n_estimators": 10.20398058919566}, "datetime": {"datetime": "2021-09-28 16:30:15", "elapsed": 154.687246, "delta": 1.567005}}
{"target": -38.45378934460912, "params": {"eta": 0.6801083133201807, "max_depth": 22.0441953051158, "n_estimators": 3.8908594141050443}, "datetime": {"datetime": "2021-09-28 16:30:16", "elapsed": 156.294244, "delta": 1.606998}}
{"target": -38.203184732990216, "params": {"eta": 0.5982756151819473, "max_depth": 1.3963335604713234, "n_estimators": 30.619838198982475}, "datetime": {"datetime": "2021-09-28 16:30:18", "elapsed": 157.835244, "delta": 1.541}}
{"target": -40.095031053748315, "params": {"eta": 0.25759141847787287, "max_depth": 7.798854040579425, "n_estimators": 40.95376519123735}, "datetime": {"datetime": "2021-09-28 16:30:20", "elapsed": 159.940345, "delta": 2.105101}}
{"target": -39.97314606137421, "params": {"eta": 0.8681883891411551, "max_depth": 11.016085025403155, "n_estimators": 1.6627976982249484}, "datetime": {"datetime": "2021-09-28 16:30:21", "elapsed": 161.263001, "delta": 1.322656}}
{"target": -40.47743870235849, "params": {"eta": 0.19329873211488474, "max_depth": 13.469659729066056, "n_estimators": 48.03722621105078}, "datetime": {"datetime": "2021-09-28 16:30:24", "elapsed": 163.83862, "delta": 2.575619}}
{"target": -38.71885954806876, "params": {"eta": 0.12517983025780646, "max_depth": 20.107023172069436, "n_estimators": 27.529948144615588}, "datetime": {"datetime": "2021-09-28 16:30:25", "elapsed": 165.282924, "delta": 1.444304}}
{"target": -44.90804461811971, "params": {"eta": 0.6286668380993856, "max_depth": 4.729728144026032, "n_estimators": 33.81068695088946}, "datetime": {"datetime": "2021-09-28 16:30:27", "elapsed": 166.520899, "delta": 1.237975}}
{"target": -47.748739271670985, "params": {"eta": 0.05891972056252857, "max_depth": 1.5539704187529146, "n_estimators": 9.854703264486504}, "datetime": {"datetime": "2021-09-28 16:30:28", "elapsed": 168.315666, "delta": 1.794767}}
{"target": -35.8318061337513, "params": {"eta": 0.05570829278040444, "max_depth": 1.8681824222075976, "n_estimators": 16.8513839058632}, "datetime": {"datetime": "2021-09-28 16:30:30", "elapsed": 169.568788, "delta": 1.253122}}
{"target": -42.63275327089551, "params": {"eta": 0.5321673557495079, "max_depth": 25.086113672356046, "n_estimators": 23.438305418581553}, "datetime": {"datetime": "2021-09-28 16:30:31", "elapsed": 171.154967, "delta": 1.586179}}
{"target": -56.72307147111292, "params": {"eta": 0.05126816992304782, "max_depth": 26.185549601390466, "n_estimators": 10.447197846110887}, "datetime": {"datetime": "2021-09-28 16:30:32", "elapsed": 172.39382, "delta": 1.238853}}
{"target": -40.71219687817825, "params": {"eta": 0.7223341198013176, "max_depth": 26.297574084511403, "n_estimators": 10.267126919868694}, "datetime": {"datetime": "2021-09-28 16:30:34", "elapsed": 174.326822, "delta": 1.933002}}
{"target": -38.3920870538774, "params": {"eta": 0.14364167919904203, "max_depth": 2.631998105893765, "n_estimators": 45.243579078279744}, "datetime": {"datetime": "2021-09-28 16:30:36", "elapsed": 175.599413, "delta": 1.272591}}
{"target": -37.94350683947429, "params": {"eta": 0.07939343267387618, "max_depth": 29.270534282680746, "n_estimators": 20.824756875311408}, "datetime": {"datetime": "2021-09-28 16:30:37", "elapsed": 177.246004, "delta": 1.646591}}
{"target": -40.025771050182904, "params": {"eta": 0.2673631557168405, "max_depth": 7.2600980766307455, "n_estimators": 31.123598862049732}, "datetime": {"datetime": "2021-09-28 16:30:38", "elapsed": 178.443907, "delta": 1.197903}}
{"target": -45.83932654658641, "params": {"eta": 0.8086600598787518, "max_depth": 11.587829186899896, "n_estimators": 10.195471655541338}, "datetime": {"datetime": "2021-09-28 16:30:40", "elapsed": 179.970621, "delta": 1.526714}}
{"target": -39.96798607840102, "params": {"eta": 0.2941628390580488, "max_depth": 1.779629605596408, "n_estimators": 17.050050708213423}, "datetime": {"datetime": "2021-09-28 16:30:41", "elapsed": 181.439941, "delta": 1.46932}}
{"target": -70.38536840754199, "params": {"eta": 0.060409994314403435, "max_depth": 9.75843789549457, "n_estimators": 5.9414047270262484}, "datetime": {"datetime": "2021-09-28 16:30:43", "elapsed": 182.799932, "delta": 1.359991}}
{"target": -41.73229784782627, "params": {"eta": 0.6405727337925137, "max_depth": 10.7756353403245, "n_estimators": 12.916385429901615}, "datetime": {"datetime": "2021-09-28 16:30:44", "elapsed": 184.089932, "delta": 1.29}}
{"target": -40.20098148947823, "params": {"eta": 0.2995453038829323, "max_depth": 1.1288939246689216, "n_estimators": 10.102951696997124}, "datetime": {"datetime": "2021-09-28 16:30:46", "elapsed": 185.871835, "delta": 1.781903}}
{"target": -55.1259208102299, "params": {"eta": 0.03175724398911994, "max_depth": 17.155171301129496, "n_estimators": 18.87341596974027}, "datetime": {"datetime": "2021-09-28 16:30:48", "elapsed": 187.532424, "delta": 1.660589}}
{"target": -38.12052589305527, "params": {"eta": 0.20312921356571953, "max_depth": 2.1698415510937954, "n_estimators": 16.882099863991147}, "datetime": {"datetime": "2021-09-28 16:30:50", "elapsed": 189.692805, "delta": 2.160381}}
{"target": -37.54769086366608, "params": {"eta": 0.05185905600786141, "max_depth": 5.839808095983654, "n_estimators": 22.045470797745295}, "datetime": {"datetime": "2021-09-28 16:30:51", "elapsed": 191.369031, "delta": 1.676226}}
{"target": -42.66775863670082, "params": {"eta": 0.42917407391491397, "max_depth": 23.300075395869555, "n_estimators": 8.916792544117216}, "datetime": {"datetime": "2021-09-28 16:30:53", "elapsed": 192.795028, "delta": 1.425997}}
{"target": -37.54769086366608, "params": {"eta": 0.053822249732654204, "max_depth": 5.43398749523634, "n_estimators": 22.00930026877547}, "datetime": {"datetime": "2021-09-28 16:30:55", "elapsed": 194.656129, "delta": 1.861101}}
{"target": -41.8900092293548, "params": {"eta": 0.07993280042700135, "max_depth": 25.6258310368216, "n_estimators": 11.141445986033498}, "datetime": {"datetime": "2021-09-28 16:30:57", "elapsed": 196.555131, "delta": 1.899002}}
{"target": -37.847634123235714, "params": {"eta": 0.3717359665416384, "max_depth": 17.227341868310937, "n_estimators": 25.84959304639357}, "datetime": {"datetime": "2021-09-28 16:30:58", "elapsed": 198.335132, "delta": 1.780001}}
{"target": -39.40988062978617, "params": {"eta": 0.4992117388606171, "max_depth": 19.976529965646705, "n_estimators": 5.319991135086149}, "datetime": {"datetime": "2021-09-28 16:31:00", "elapsed": 200.3298, "delta": 1.994668}}
{"target": -35.5767263977569, "params": {"eta": 0.10100141025513001, "max_depth": 5.033347915264022, "n_estimators": 21.91695993313121}, "datetime": {"datetime": "2021-09-28 16:31:02", "elapsed": 201.786077, "delta": 1.456277}}
{"target": -40.6394625230719, "params": {"eta": 0.21381930395189463, "max_depth": 19.04441204057846, "n_estimators": 40.383533456057435}, "datetime": {"datetime": "2021-09-28 16:31:04", "elapsed": 203.59817, "delta": 1.812093}}
{"target": -37.53808647469402, "params": {"eta": 0.22479550311450033, "max_depth": 5.076126768460441, "n_estimators": 21.607050811641614}, "datetime": {"datetime": "2021-09-28 16:31:06", "elapsed": 206.163314, "delta": 2.565144}}
{"target": -35.58439652053411, "params": {"eta": 0.24471178371793006, "max_depth": 26.92292243085382, "n_estimators": 10.705074745998331}, "datetime": {"datetime": "2021-09-28 16:31:08", "elapsed": 207.655337, "delta": 1.492023}}
{"target": -35.40544540351664, "params": {"eta": 0.037616442121934636, "max_depth": 7.482066837418583, "n_estimators": 40.8650291504842}, "datetime": {"datetime": "2021-09-28 16:31:09", "elapsed": 209.080155, "delta": 1.424818}}
{"target": -39.623924757060344, "params": {"eta": 0.17669655036387208, "max_depth": 11.820186961275814, "n_estimators": 23.398026827827398}, "datetime": {"datetime": "2021-09-28 16:31:11", "elapsed": 211.146082, "delta": 2.065927}}
{"target": -39.85068344297295, "params": {"eta": 0.15571576225906128, "max_depth": 3.7027754798854193, "n_estimators": 43.14939386583215}, "datetime": {"datetime": "2021-09-28 16:31:12", "elapsed": 212.354082, "delta": 1.208}}
{"target": -39.82049880946639, "params": {"eta": 0.1259026788223068, "max_depth": 23.507081934349795, "n_estimators": 38.6389351497419}, "datetime": {"datetime": "2021-09-28 16:31:14", "elapsed": 214.404082, "delta": 2.05}}
{"target": -41.49496903174983, "params": {"eta": 0.1966747607130167, "max_depth": 19.9666540571421, "n_estimators": 28.121831408622203}, "datetime": {"datetime": "2021-09-28 16:31:16", "elapsed": 216.351692, "delta": 1.94761}}
{"target": -42.45377246165007, "params": {"eta": 0.5315539262351603, "max_depth": 26.63713140310456, "n_estimators": 10.414043657534902}, "datetime": {"datetime": "2021-09-28 16:31:18", "elapsed": 218.217088, "delta": 1.865396}}
{"target": -39.694424370147516, "params": {"eta": 0.2658364518867029, "max_depth": 5.653950833233139, "n_estimators": 21.871404690299382}, "datetime": {"datetime": "2021-09-28 16:31:20", "elapsed": 220.245076, "delta": 2.027988}}
{"target": -38.55858733275437, "params": {"eta": 0.23911717052765646, "max_depth": 10.197460701699411, "n_estimators": 34.55037039725935}, "datetime": {"datetime": "2021-09-28 16:31:22", "elapsed": 221.899122, "delta": 1.654046}}
{"target": -39.58863690702074, "params": {"eta": 0.10901053567838535, "max_depth": 7.169094740154534, "n_estimators": 40.73361415346492}, "datetime": {"datetime": "2021-09-28 16:31:24", "elapsed": 223.746599, "delta": 1.847477}}
{"target": -34.582322724395894, "params": {"eta": 0.18365671954693308, "max_depth": 6.031363042108471, "n_estimators": 9.269426968401959}, "datetime": {"datetime": "2021-09-28 16:31:25", "elapsed": 224.881405, "delta": 1.134806}}
{"target": -41.31811711831146, "params": {"eta": 0.5191021707563338, "max_depth": 21.044702951562364, "n_estimators": 17.07166253397431}, "datetime": {"datetime": "2021-09-28 16:31:26", "elapsed": 226.345405, "delta": 1.464}}
{"target": -40.66667406655111, "params": {"eta": 0.7110594897676524, "max_depth": 20.854497438581205, "n_estimators": 6.06283238943581}, "datetime": {"datetime": "2021-09-28 16:31:28", "elapsed": 227.687404, "delta": 1.341999}}
{"target": -39.52296552932377, "params": {"eta": 0.32864049552353725, "max_depth": 5.042861766772501, "n_estimators": 22.310942608700927}, "datetime": {"datetime": "2021-09-28 16:31:29", "elapsed": 228.956402, "delta": 1.268998}}
{"target": -39.879726842851504, "params": {"eta": 0.14198698449208155, "max_depth": 24.56120606046014, "n_estimators": 40.40690716500742}, "datetime": {"datetime": "2021-09-28 16:31:31", "elapsed": 230.518403, "delta": 1.562001}}
{"target": -49.950957167942, "params": {"eta": 0.07243465478400797, "max_depth": 26.69506800283953, "n_estimators": 9.51100756657067}, "datetime": {"datetime": "2021-09-28 16:31:32", "elapsed": 231.912855, "delta": 1.394452}}
{"target": -36.42660737312488, "params": {"eta": 0.21186040569327647, "max_depth": 27.216067098414285, "n_estimators": 8.220746292992853}, "datetime": {"datetime": "2021-09-28 16:31:33", "elapsed": 233.271571, "delta": 1.358716}}
{"target": -44.202707908252506, "params": {"eta": 0.8168693857575454, "max_depth": 16.55498899170815, "n_estimators": 21.446441621856977}, "datetime": {"datetime": "2021-09-28 16:31:35", "elapsed": 234.590185, "delta": 1.318614}}
{"target": -71.90469500429413, "params": {"eta": 0.24501465888740048, "max_depth": 6.547637210194216, "n_estimators": 1.0411457997296738}, "datetime": {"datetime": "2021-09-28 16:31:36", "elapsed": 235.969977, "delta": 1.379792}}
{"target": -41.88200033793179, "params": {"eta": 0.5495929430062926, "max_depth": 3.509129598216963, "n_estimators": 23.240413306192806}, "datetime": {"datetime": "2021-09-28 16:31:37", "elapsed": 237.084772, "delta": 1.114795}}
{"target": -52.36893268551835, "params": {"eta": 0.9807057977973221, "max_depth": 14.747340553491384, "n_estimators": 6.9992596536660985}, "datetime": {"datetime": "2021-09-28 16:31:38", "elapsed": 238.489773, "delta": 1.405001}}
{"target": -36.60184329906718, "params": {"eta": 0.2611832674411084, "max_depth": 27.245878023967364, "n_estimators": 10.766014545178496}, "datetime": {"datetime": "2021-09-28 16:31:41", "elapsed": 240.899339, "delta": 2.409566}}
{"target": -41.32740018526533, "params": {"eta": 0.47735451426931913, "max_depth": 27.015517560275335, "n_estimators": 10.926376056943896}, "datetime": {"datetime": "2021-09-28 16:31:43", "elapsed": 243.192805, "delta": 2.293466}}
{"target": -44.45633652497228, "params": {"eta": 0.593864682968614, "max_depth": 27.09160713095864, "n_estimators": 38.16638058716587}, "datetime": {"datetime": "2021-09-28 16:31:45", "elapsed": 245.07993, "delta": 1.887125}}
{"target": -45.04275001007324, "params": {"eta": 0.8320960785791922, "max_depth": 5.833948318461394, "n_estimators": 28.19569256206982}, "datetime": {"datetime": "2021-09-28 16:31:47", "elapsed": 246.593935, "delta": 1.514005}}
{"target": -39.951384149447335, "params": {"eta": 0.38089506079472296, "max_depth": 5.842227274404936, "n_estimators": 9.151430329468369}, "datetime": {"datetime": "2021-09-28 16:31:48", "elapsed": 248.495606, "delta": 1.901671}}
{"target": -43.28001465356535, "params": {"eta": 0.4316667143030064, "max_depth": 27.150463582541317, "n_estimators": 10.556148965457899}, "datetime": {"datetime": "2021-09-28 16:31:50", "elapsed": 250.422001, "delta": 1.926395}}
{"target": -39.546300920346006, "params": {"eta": 0.09602038022941324, "max_depth": 27.016410214386585, "n_estimators": 10.928977471362971}, "datetime": {"datetime": "2021-09-28 16:31:52", "elapsed": 251.807103, "delta": 1.385102}}
{"target": -35.01309922210156, "params": {"eta": 0.08193105203763884, "max_depth": 4.670823591343459, "n_estimators": 22.02658117833789}, "datetime": {"datetime": "2021-09-28 16:31:53", "elapsed": 253.410854, "delta": 1.603751}}
{"target": -45.21130929433277, "params": {"eta": 0.7367408371524523, "max_depth": 29.593487452227517, "n_estimators": 29.421497234274053}, "datetime": {"datetime": "2021-09-28 16:31:55", "elapsed": 255.115686, "delta": 1.704832}}
{"target": -37.008045280744916, "params": {"eta": 0.11759205823811557, "max_depth": 4.782993250986052, "n_estimators": 21.656196960893727}, "datetime": {"datetime": "2021-09-28 16:31:57", "elapsed": 256.736684, "delta": 1.620998}}
{"target": -39.028478077213364, "params": {"eta": 0.37391268562426105, "max_depth": 6.063698028198212, "n_estimators": 9.582752243453243}, "datetime": {"datetime": "2021-09-28 16:31:58", "elapsed": 258.193757, "delta": 1.457073}}
{"target": -52.82145077167846, "params": {"eta": 0.9894852271017878, "max_depth": 28.08929497264006, "n_estimators": 3.705401845433727}, "datetime": {"datetime": "2021-09-28 16:31:59", "elapsed": 259.43362, "delta": 1.239863}}
{"target": -40.64541152219404, "params": {"eta": 0.4420073918616509, "max_depth": 4.701178463272177, "n_estimators": 21.937725833918336}, "datetime": {"datetime": "2021-09-28 16:32:01", "elapsed": 261.301413, "delta": 1.867793}}
{"target": -58.683575265710445, "params": {"eta": 0.016368862673661867, "max_depth": 4.704780295857166, "n_estimators": 22.317564001152043}, "datetime": {"datetime": "2021-09-28 16:32:03", "elapsed": 263.473897, "delta": 2.172484}}
{"target": -38.68906764001906, "params": {"eta": 0.4051811247277129, "max_depth": 6.279633441059112, "n_estimators": 2.5567610876610742}, "datetime": {"datetime": "2021-09-28 16:32:05", "elapsed": 264.934278, "delta": 1.460381}}
{"target": -40.92292484664351, "params": {"eta": 0.19392888644482523, "max_depth": 7.309279184246668, "n_estimators": 41.156241618576985}, "datetime": {"datetime": "2021-09-28 16:32:07", "elapsed": 266.962504, "delta": 2.028226}}
{"target": -38.974637418110625, "params": {"eta": 0.0989930013888464, "max_depth": 5.751222578786072, "n_estimators": 9.372093936433114}, "datetime": {"datetime": "2021-09-28 16:32:09", "elapsed": 269.476046, "delta": 2.513542}}
{"target": -39.89651851581967, "params": {"eta": 0.21407604615841827, "max_depth": 4.448106484780513, "n_estimators": 21.862874714927568}, "datetime": {"datetime": "2021-09-28 16:32:12", "elapsed": 271.604949, "delta": 2.128903}}
{"target": -41.578631065213024, "params": {"eta": 0.44995483249836826, "max_depth": 26.43506749165812, "n_estimators": 10.742786632355692}, "datetime": {"datetime": "2021-09-28 16:32:13", "elapsed": 273.126112, "delta": 1.521163}}
{"target": -39.94423884580935, "params": {"eta": 0.3806287232403841, "max_depth": 25.570613252741598, "n_estimators": 10.550681623049995}, "datetime": {"datetime": "2021-09-28 16:32:15", "elapsed": 275.135298, "delta": 2.009186}}
{"target": -42.71695988491267, "params": {"eta": 0.4190991705129788, "max_depth": 10.17027880607835, "n_estimators": 8.33215272993298}, "datetime": {"datetime": "2021-09-28 16:32:16", "elapsed": 276.428297, "delta": 1.292999}}
{"target": -40.29863531046005, "params": {"eta": 0.19935945584979312, "max_depth": 1.9594425422473216, "n_estimators": 16.57723083089718}, "datetime": {"datetime": "2021-09-28 16:32:18", "elapsed": 278.28147, "delta": 1.853173}}
{"target": -47.41798960467647, "params": {"eta": 0.7772264737103077, "max_depth": 28.118520539010877, "n_estimators": 35.50071479461241}, "datetime": {"datetime": "2021-09-28 16:32:20", "elapsed": 279.874364, "delta": 1.592894}}
