{"target": 0.4449815264911853, "params": {"eta": 0.45003836444926437, "max_depth": 1.830286769264932, "n_estimators": 47.87288717026636}, "datetime": {"datetime": "2021-09-24 13:07:37", "elapsed": 77.331807, "delta": 0.638992}}
{"target": 0.4515460692637455, "params": {"eta": 0.4, "max_depth": 1.4945746806061198, "n_estimators": 19.0860390176881}, "datetime": {"datetime": "2021-09-24 13:07:37", "elapsed": 77.943807, "delta": 0.612}}
{"target": 0.3870559686311541, "params": {"eta": 0.7784477938222767, "max_depth": 1.6340762453792503, "n_estimators": 48.351085343491675}, "datetime": {"datetime": "2021-09-24 13:07:38", "elapsed": 78.754865, "delta": 0.811058}}
{"target": 0.42668694043228517, "params": {"eta": 0.7844347683887218, "max_depth": 1.01976500155349, "n_estimators": 20.254811805603865}, "datetime": {"datetime": "2021-09-24 13:07:39", "elapsed": 79.495866, "delta": 0.741001}}
{"target": 0.44948640462665945, "params": {"eta": 0.4, "max_depth": 1.6177103737583611, "n_estimators": 49.40097290258122}, "datetime": {"datetime": "2021-09-24 13:07:40", "elapsed": 80.636872, "delta": 1.141006}}
{"target": 0.375095751820098, "params": {"eta": 0.4, "max_depth": 2.2366736568650363, "n_estimators": 47.15102191198292}, "datetime": {"datetime": "2021-09-24 13:07:41", "elapsed": 81.345867, "delta": 0.708995}}
{"target": 0.4570815351862687, "params": {"eta": 0.4085893058167309, "max_depth": 1.4135279958189333, "n_estimators": 45.928859212211876}, "datetime": {"datetime": "2021-09-24 13:07:42", "elapsed": 82.034868, "delta": 0.689001}}
{"target": 0.45350824422536906, "params": {"eta": 0.40780649537399793, "max_depth": 1.709371406695838, "n_estimators": 31.37372831444863}, "datetime": {"datetime": "2021-09-24 13:07:42", "elapsed": 82.922464, "delta": 0.887596}}
{"target": 0.4513459946395131, "params": {"eta": 0.41231275298359155, "max_depth": 1.8514161473145132, "n_estimators": 25.250242618035756}, "datetime": {"datetime": "2021-09-24 13:07:43", "elapsed": 83.829392, "delta": 0.906928}}
{"target": 0.4465262912571858, "params": {"eta": 0.40099259176666047, "max_depth": 2.9452893542754777, "n_estimators": 8.621184859825082}, "datetime": {"datetime": "2021-09-24 13:07:44", "elapsed": 84.602389, "delta": 0.772997}}
{"target": 0.44674497186211526, "params": {"eta": 0.4052608931136416, "max_depth": 1.488356097287222, "n_estimators": 10.102228901012918}, "datetime": {"datetime": "2021-09-24 13:07:45", "elapsed": 85.556389, "delta": 0.954}}
{"target": 0.38796338246516515, "params": {"eta": 0.4, "max_depth": 2.4022039411268836, "n_estimators": 42.18274277580797}, "datetime": {"datetime": "2021-09-24 13:07:46", "elapsed": 86.642395, "delta": 1.086006}}
{"target": 0.4535751075643818, "params": {"eta": 0.40592392458165133, "max_depth": 1.1742725906144107, "n_estimators": 26.640702559368343}, "datetime": {"datetime": "2021-09-24 13:07:47", "elapsed": 87.293924, "delta": 0.651529}}
{"target": 0.45375855814575106, "params": {"eta": 0.4, "max_depth": 1.463352737288882, "n_estimators": 25.808538641972827}, "datetime": {"datetime": "2021-09-24 13:07:48", "elapsed": 88.102923, "delta": 0.808999}}
{"target": 0.4515460692637455, "params": {"eta": 0.4, "max_depth": 1.63236245927844, "n_estimators": 19.82416889561581}, "datetime": {"datetime": "2021-09-24 13:07:48", "elapsed": 88.872923, "delta": 0.77}}
{"target": 0.46010598845928596, "params": {"eta": 0.40218005411024593, "max_depth": 1.3613019483658997, "n_estimators": 41.594664193413}, "datetime": {"datetime": "2021-09-24 13:07:49", "elapsed": 89.688471, "delta": 0.815548}}
{"target": 0.45268027172878, "params": {"eta": 0.4, "max_depth": 1.535941551707305, "n_estimators": 27.152253037712008}, "datetime": {"datetime": "2021-09-24 13:07:50", "elapsed": 90.602473, "delta": 0.914002}}
{"target": 0.3815066386398671, "params": {"eta": 0.4, "max_depth": 2.477546439872574, "n_estimators": 38.2914555284242}, "datetime": {"datetime": "2021-09-24 13:07:51", "elapsed": 91.283994, "delta": 0.681521}}
{"target": 0.45570003041173013, "params": {"eta": 0.4, "max_depth": 1.5691678847208739, "n_estimators": 21.414473282097674}, "datetime": {"datetime": "2021-09-24 13:07:52", "elapsed": 92.073996, "delta": 0.790002}}
{"target": 0.45721247856805414, "params": {"eta": 0.4, "max_depth": 1.4766201538970218, "n_estimators": 38.834663315487745}, "datetime": {"datetime": "2021-09-24 13:07:52", "elapsed": 92.741995, "delta": 0.667999}}
{"target": 0.4530981800160505, "params": {"eta": 0.4, "max_depth": 1.0, "n_estimators": 29.377384061364545}, "datetime": {"datetime": "2021-09-24 13:07:53", "elapsed": 93.460999, "delta": 0.719004}}
{"target": 0.4518742725114784, "params": {"eta": 0.4, "max_depth": 1.4169742215902623, "n_estimators": 35.79494068048365}, "datetime": {"datetime": "2021-09-24 13:07:54", "elapsed": 94.485997, "delta": 1.024998}}
{"target": 0.4032399536299105, "params": {"eta": 0.8, "max_depth": 1.0, "n_estimators": 24.587566065662475}, "datetime": {"datetime": "2021-09-24 13:07:55", "elapsed": 95.3161, "delta": 0.830103}}
{"target": 0.40873489627371073, "params": {"eta": 0.7990746903753518, "max_depth": 1.2561176898806552, "n_estimators": 32.044472036331186}, "datetime": {"datetime": "2021-09-24 13:07:56", "elapsed": 96.203282, "delta": 0.887182}}
{"target": 0.4436906233316805, "params": {"eta": 0.4, "max_depth": 1.0, "n_estimators": 12.801164118788819}, "datetime": {"datetime": "2021-09-24 13:07:57", "elapsed": 97.061957, "delta": 0.858675}}
{"target": 0.38986161477285886, "params": {"eta": 0.41206734675778733, "max_depth": 2.443710712003437, "n_estimators": 40.15542750238753}, "datetime": {"datetime": "2021-09-24 13:07:57", "elapsed": 97.81795, "delta": 0.755993}}
{"target": 0.3816884569042923, "params": {"eta": 0.4066038884793637, "max_depth": 2.121045434405037, "n_estimators": 32.711073266065135}, "datetime": {"datetime": "2021-09-24 13:07:58", "elapsed": 98.564951, "delta": 0.747001}}
{"target": 0.45178970014586295, "params": {"eta": 0.4, "max_depth": 1.4977988464787253, "n_estimators": 33.8412452215413}, "datetime": {"datetime": "2021-09-24 13:07:59", "elapsed": 99.335953, "delta": 0.771002}}
{"target": 0.45651527203478914, "params": {"eta": 0.4, "max_depth": 1.3527599844849274, "n_estimators": 43.165099397546484}, "datetime": {"datetime": "2021-09-24 13:08:00", "elapsed": 100.021952, "delta": 0.685999}}
{"target": 0.3986728169268088, "params": {"eta": 0.8, "max_depth": 1.0, "n_estimators": 16.703172748852325}, "datetime": {"datetime": "2021-09-24 13:08:00", "elapsed": 100.716956, "delta": 0.695004}}
{"target": 0.44975753512135186, "params": {"eta": 0.4128955491017623, "max_depth": 1.041757284854136, "n_estimators": 40.72991195307868}, "datetime": {"datetime": "2021-09-24 13:08:01", "elapsed": 101.442953, "delta": 0.725997}}
{"target": 0.4577168325639831, "params": {"eta": 0.4056843199124421, "max_depth": 1.1226885691903599, "n_estimators": 44.89388084511154}, "datetime": {"datetime": "2021-09-24 13:08:03", "elapsed": 103.209371, "delta": 1.766418}}
{"target": 0.42211183897440485, "params": {"eta": 0.4, "max_depth": 2.26425634761076, "n_estimators": 29.40780816171053}, "datetime": {"datetime": "2021-09-24 13:08:04", "elapsed": 104.183324, "delta": 0.973953}}
{"target": 0.44992559573888036, "params": {"eta": 0.4, "max_depth": 1.3958221749419268, "n_estimators": 47.2520766065122}, "datetime": {"datetime": "2021-09-24 13:08:05", "elapsed": 105.364659, "delta": 1.181335}}
{"target": 0.416974394810372, "params": {"eta": 0.7851973892960525, "max_depth": 1.4360271174544244, "n_estimators": 7.0918287671298454}, "datetime": {"datetime": "2021-09-24 13:08:07", "elapsed": 107.809434, "delta": 2.444775}}
{"target": 0.4464962482631326, "params": {"eta": 0.4, "max_depth": 2.3522578666842326, "n_estimators": 8.433145719632734}, "datetime": {"datetime": "2021-09-24 13:08:10", "elapsed": 110.063866, "delta": 2.254432}}
{"target": 0.381366017509854, "params": {"eta": 0.8, "max_depth": 1.5421040845417722, "n_estimators": 40.344930022354035}, "datetime": {"datetime": "2021-09-24 13:08:11", "elapsed": 111.76406, "delta": 1.700194}}
{"target": 0.451887325063305, "params": {"eta": 0.442568953866346, "max_depth": 1.9553354828138572, "n_estimators": 39.50940456068613}, "datetime": {"datetime": "2021-09-24 13:08:12", "elapsed": 112.914848, "delta": 1.150788}}
{"target": 0.45178970014586295, "params": {"eta": 0.4, "max_depth": 1.437404039889398, "n_estimators": 33.17096141676701}, "datetime": {"datetime": "2021-09-24 13:08:15", "elapsed": 115.039849, "delta": 2.125001}}
{"target": 0.4526825112574331, "params": {"eta": 0.4, "max_depth": 1.4366801556867765, "n_estimators": 34.99165806260734}, "datetime": {"datetime": "2021-09-24 13:08:16", "elapsed": 116.240846, "delta": 1.200997}}
{"target": 0.3694049786333601, "params": {"eta": 0.4, "max_depth": 2.27222914890719, "n_estimators": 49.10894059951761}, "datetime": {"datetime": "2021-09-24 13:08:17", "elapsed": 117.518843, "delta": 1.277997}}
{"target": 0.45692182543761384, "params": {"eta": 0.4, "max_depth": 1.0, "n_estimators": 30.65194166045459}, "datetime": {"datetime": "2021-09-24 13:08:18", "elapsed": 118.621844, "delta": 1.103001}}
{"target": 0.4525236382539436, "params": {"eta": 0.4, "max_depth": 1.2737665354208367, "n_estimators": 48.54853108985455}, "datetime": {"datetime": "2021-09-24 13:08:20", "elapsed": 119.965909, "delta": 1.344065}}
{"target": 0.4428627881628213, "params": {"eta": 0.400006096856823, "max_depth": 2.259013607553733, "n_estimators": 14.67089665998214}, "datetime": {"datetime": "2021-09-24 13:08:21", "elapsed": 121.737908, "delta": 1.771999}}
{"target": 0.4514590524876638, "params": {"eta": 0.4, "max_depth": 1.7276101650496103, "n_estimators": 15.075387731422218}, "datetime": {"datetime": "2021-09-24 13:08:23", "elapsed": 123.035271, "delta": 1.297363}}
{"target": 0.45497532325005596, "params": {"eta": 0.4, "max_depth": 1.4754581444577972, "n_estimators": 42.12007362858437}, "datetime": {"datetime": "2021-09-24 13:08:23", "elapsed": 123.925919, "delta": 0.890648}}
{"target": 0.4476480522238835, "params": {"eta": 0.4, "max_depth": 1.544503289196759, "n_estimators": 17.63965189633098}, "datetime": {"datetime": "2021-09-24 13:08:25", "elapsed": 125.060532, "delta": 1.134613}}
{"target": 0.4526825112574331, "params": {"eta": 0.4, "max_depth": 1.0, "n_estimators": 34.3774773107843}, "datetime": {"datetime": "2021-09-24 13:08:27", "elapsed": 127.149813, "delta": 2.089281}}
{"target": 0.4558264686952639, "params": {"eta": 0.4, "max_depth": 1.3252918891623386, "n_estimators": 36.92753004748132}, "datetime": {"datetime": "2021-09-24 13:08:28", "elapsed": 128.556854, "delta": 1.407041}}
{"target": 0.4274111220098823, "params": {"eta": 0.775926478945401, "max_depth": 1.9053066169714439, "n_estimators": 5.970765735782211}, "datetime": {"datetime": "2021-09-24 13:08:30", "elapsed": 130.15174, "delta": 1.594886}}
{"target": 0.41448460039367796, "params": {"eta": 0.4074628878588039, "max_depth": 1.408416067996804, "n_estimators": 6.307697457082755}, "datetime": {"datetime": "2021-09-24 13:08:31", "elapsed": 131.022058, "delta": 0.870318}}
{"target": 0.44056704175928263, "params": {"eta": 0.4, "max_depth": 2.2862103987164053, "n_estimators": 20.20169801828215}, "datetime": {"datetime": "2021-09-24 13:08:31", "elapsed": 131.834225, "delta": 0.812167}}
{"target": 0.45375855814575106, "params": {"eta": 0.4, "max_depth": 1.0, "n_estimators": 25.4772928858978}, "datetime": {"datetime": "2021-09-24 13:08:32", "elapsed": 132.896597, "delta": 1.062372}}
{"target": 0.44453441006356353, "params": {"eta": 0.4, "max_depth": 2.2876058782952016, "n_estimators": 21.187647528158802}, "datetime": {"datetime": "2021-09-24 13:08:34", "elapsed": 134.140497, "delta": 1.2439}}
{"target": 0.4533262978945606, "params": {"eta": 0.4, "max_depth": 1.7223711349204125, "n_estimators": 28.314488104989692}, "datetime": {"datetime": "2021-09-24 13:08:35", "elapsed": 135.492917, "delta": 1.35242}}
{"target": 0.44683845540514255, "params": {"eta": 0.4, "max_depth": 1.0, "n_estimators": 10.33489066993201}, "datetime": {"datetime": "2021-09-24 13:08:36", "elapsed": 136.548128, "delta": 1.055211}}
{"target": 0.4586401916454298, "params": {"eta": 0.4, "max_depth": 1.4528741160935932, "n_estimators": 39.64414539994797}, "datetime": {"datetime": "2021-09-24 13:08:37", "elapsed": 137.773387, "delta": 1.225259}}
{"target": 0.4502958531478364, "params": {"eta": 0.40227657595708677, "max_depth": 1.0180793570428581, "n_estimators": 45.88497843439652}, "datetime": {"datetime": "2021-09-24 13:08:39", "elapsed": 139.02502, "delta": 1.251633}}
{"target": 0.45402331646205596, "params": {"eta": 0.4, "max_depth": 1.3599558445888194, "n_estimators": 31.04532408237305}, "datetime": {"datetime": "2021-09-24 13:08:40", "elapsed": 140.283261, "delta": 1.258241}}
{"target": 0.4606374210459958, "params": {"eta": 0.4017057592706443, "max_depth": 1.344074776709432, "n_estimators": 38.03400897752862}, "datetime": {"datetime": "2021-09-24 13:08:41", "elapsed": 141.467293, "delta": 1.184032}}
{"target": 0.45281388720699545, "params": {"eta": 0.40886881851331897, "max_depth": 1.2538189251746532, "n_estimators": 24.311602156651055}, "datetime": {"datetime": "2021-09-24 13:08:42", "elapsed": 142.767677, "delta": 1.300384}}
{"target": 0.4499593091188142, "params": {"eta": 0.4094610221277712, "max_depth": 1.0964974960628404, "n_estimators": 49.31468095554466}, "datetime": {"datetime": "2021-09-24 13:08:44", "elapsed": 144.045717, "delta": 1.27804}}
{"target": 0.45692182543761384, "params": {"eta": 0.4, "max_depth": 1.4166586054567285, "n_estimators": 30.35042605849086}, "datetime": {"datetime": "2021-09-24 13:08:45", "elapsed": 145.033269, "delta": 0.987552}}
{"target": 0.45547703962565733, "params": {"eta": 0.4, "max_depth": 1.7398256516637045, "n_estimators": 41.28285275741954}, "datetime": {"datetime": "2021-09-24 13:08:46", "elapsed": 146.495128, "delta": 1.461859}}
{"target": 0.43593466100688105, "params": {"eta": 0.4069710233732084, "max_depth": 1.0141450985691807, "n_estimators": 7.926692112057468}, "datetime": {"datetime": "2021-09-24 13:08:47", "elapsed": 147.486197, "delta": 0.991069}}
{"target": 0.44683592675295003, "params": {"eta": 0.4001858483447648, "max_depth": 1.604143705593778, "n_estimators": 10.544134428127197}, "datetime": {"datetime": "2021-09-24 13:08:48", "elapsed": 148.436518, "delta": 0.950321}}
{"target": 0.4530981800160505, "params": {"eta": 0.4, "max_depth": 1.4853163768271955, "n_estimators": 29.335872706623874}, "datetime": {"datetime": "2021-09-24 13:08:49", "elapsed": 149.38269, "delta": 0.946172}}
{"target": 0.4420996796689395, "params": {"eta": 0.41559330967863223, "max_depth": 1.3043722781950453, "n_estimators": 15.632141148241583}, "datetime": {"datetime": "2021-09-24 13:08:50", "elapsed": 150.251094, "delta": 0.868404}}
{"target": 0.44741635239698185, "params": {"eta": 0.4, "max_depth": 1.0, "n_estimators": 11.635872631392013}, "datetime": {"datetime": "2021-09-24 13:08:51", "elapsed": 151.357268, "delta": 1.106174}}
{"target": 0.45225878241182227, "params": {"eta": 0.40714852659457623, "max_depth": 1.5023422975892489, "n_estimators": 46.61473200661753}, "datetime": {"datetime": "2021-09-24 13:08:52", "elapsed": 152.507874, "delta": 1.150606}}
{"target": 0.45570003041173013, "params": {"eta": 0.4, "max_depth": 1.3902015488713442, "n_estimators": 21.931530318721407}, "datetime": {"datetime": "2021-09-24 13:08:53", "elapsed": 153.446631, "delta": 0.938757}}
{"target": 0.4533262978945606, "params": {"eta": 0.4, "max_depth": 1.0, "n_estimators": 28.010027557572098}, "datetime": {"datetime": "2021-09-24 13:08:54", "elapsed": 154.422521, "delta": 0.97589}}
{"target": 0.45402331646205596, "params": {"eta": 0.4, "max_depth": 1.3987885267980753, "n_estimators": 31.741752297176753}, "datetime": {"datetime": "2021-09-24 13:08:55", "elapsed": 155.364947, "delta": 0.942426}}
{"target": 0.450093743735112, "params": {"eta": 0.4, "max_depth": 1.3540891599286085, "n_estimators": 45.41122468579736}, "datetime": {"datetime": "2021-09-24 13:08:56", "elapsed": 156.766109, "delta": 1.401162}}
{"target": 0.4475724969669509, "params": {"eta": 0.4077013864875045, "max_depth": 1.7033833020944344, "n_estimators": 8.433479416231325}, "datetime": {"datetime": "2021-09-24 13:08:57", "elapsed": 157.613809, "delta": 0.8477}}
{"target": 0.39220611423993734, "params": {"eta": 0.7780230153716715, "max_depth": 1.0009927141166914, "n_estimators": 11.370417748983705}, "datetime": {"datetime": "2021-09-24 13:08:58", "elapsed": 158.79168, "delta": 1.177871}}
{"target": 0.45532830403458424, "params": {"eta": 0.4, "max_depth": 1.3991193722567319, "n_estimators": 40.287930591058036}, "datetime": {"datetime": "2021-09-24 13:09:00", "elapsed": 160.014408, "delta": 1.222728}}
{"target": 0.4561171810438539, "params": {"eta": 0.4, "max_depth": 1.0, "n_estimators": 20.232057568367654}, "datetime": {"datetime": "2021-09-24 13:09:01", "elapsed": 161.183811, "delta": 1.169403}}
{"target": 0.4525236382539436, "params": {"eta": 0.4, "max_depth": 1.5063432265837775, "n_estimators": 48.08830694907334}, "datetime": {"datetime": "2021-09-24 13:09:02", "elapsed": 162.271231, "delta": 1.08742}}
{"target": 0.44107477372061743, "params": {"eta": 0.4, "max_depth": 2.4377028449764273, "n_estimators": 17.055338212452746}, "datetime": {"datetime": "2021-09-24 13:09:03", "elapsed": 163.905538, "delta": 1.634307}}
{"target": 0.4336869967659831, "params": {"eta": 0.4, "max_depth": 2.2151935369065825, "n_estimators": 24.28476066262543}, "datetime": {"datetime": "2021-09-24 13:09:04", "elapsed": 164.94639, "delta": 1.040852}}
{"target": 0.4525236382539436, "params": {"eta": 0.4, "max_depth": 1.461216006751792, "n_estimators": 48.973328827727805}, "datetime": {"datetime": "2021-09-24 13:09:05", "elapsed": 165.963317, "delta": 1.016927}}
{"target": 0.44897841677849426, "params": {"eta": 0.4050546611560928, "max_depth": 2.217937781653542, "n_estimators": 18.204704730634862}, "datetime": {"datetime": "2021-09-24 13:09:07", "elapsed": 167.3507, "delta": 1.387383}}
{"target": 0.4519262617307477, "params": {"eta": 0.4, "max_depth": 1.594328579094331, "n_estimators": 22.86131263359894}, "datetime": {"datetime": "2021-09-24 13:09:08", "elapsed": 168.45235, "delta": 1.10165}}
{"target": 0.442853681342118, "params": {"eta": 0.40019467340086895, "max_depth": 2.3071636464308622, "n_estimators": 14.055780037488448}, "datetime": {"datetime": "2021-09-24 13:09:10", "elapsed": 170.003446, "delta": 1.551096}}
{"target": 0.44847111838334075, "params": {"eta": 0.4, "max_depth": 1.2688438246041391, "n_estimators": 32.36499411195688}, "datetime": {"datetime": "2021-09-24 13:09:11", "elapsed": 171.27823, "delta": 1.274784}}
{"target": 0.43841977819799915, "params": {"eta": 0.40184961559369464, "max_depth": 2.7993413302782217, "n_estimators": 17.707480759385902}, "datetime": {"datetime": "2021-09-24 13:09:12", "elapsed": 172.778698, "delta": 1.500468}}
{"target": 0.4346211245531756, "params": {"eta": 0.4134846371221622, "max_depth": 1.2736124382384106, "n_estimators": 12.362397265063972}, "datetime": {"datetime": "2021-09-24 13:09:14", "elapsed": 174.12103, "delta": 1.342332}}
{"target": 0.44343388534632855, "params": {"eta": 0.4, "max_depth": 1.0, "n_estimators": 14.236613968460137}, "datetime": {"datetime": "2021-09-24 13:09:15", "elapsed": 175.031508, "delta": 0.910478}}
{"target": 0.4167980054209097, "params": {"eta": 0.4, "max_depth": 3.0, "n_estimators": 9.029516961386106}, "datetime": {"datetime": "2021-09-24 13:09:16", "elapsed": 176.336717, "delta": 1.305209}}
{"target": 0.4081440049461367, "params": {"eta": 0.4, "max_depth": 3.0, "n_estimators": 16.76047513550827}, "datetime": {"datetime": "2021-09-24 13:09:17", "elapsed": 177.373974, "delta": 1.037257}}
{"target": 0.44293634998618026, "params": {"eta": 0.4, "max_depth": 2.3613194385595686, "n_estimators": 15.794396763709498}, "datetime": {"datetime": "2021-09-24 13:09:18", "elapsed": 178.522766, "delta": 1.148792}}
{"target": 0.4554630700830077, "params": {"eta": 0.4, "max_depth": 1.3952033494204579, "n_estimators": 44.6694678554085}, "datetime": {"datetime": "2021-09-24 13:09:19", "elapsed": 179.822537, "delta": 1.299771}}
{"target": 0.4536149829893361, "params": {"eta": 0.4, "max_depth": 1.4914298753175597, "n_estimators": 26.30578125739916}, "datetime": {"datetime": "2021-09-24 13:09:21", "elapsed": 181.02724, "delta": 1.204703}}
{"target": 0.4242851533776526, "params": {"eta": 0.4061353921852895, "max_depth": 2.620257534782956, "n_estimators": 22.152738506609126}, "datetime": {"datetime": "2021-09-24 13:09:22", "elapsed": 182.246585, "delta": 1.219345}}
{"target": 0.4541630183912453, "params": {"eta": 0.4, "max_depth": 1.3815434707642948, "n_estimators": 37.521030580286485}, "datetime": {"datetime": "2021-09-24 13:09:23", "elapsed": 183.473598, "delta": 1.227013}}
{"target": 0.44741635239698185, "params": {"eta": 0.4, "max_depth": 1.429396145235031, "n_estimators": 11.216298187616005}, "datetime": {"datetime": "2021-09-24 13:09:24", "elapsed": 184.672187, "delta": 1.198589}}
{"target": 0.4562571540165449, "params": {"eta": 0.4044923129569249, "max_depth": 1.0568997618789888, "n_estimators": 41.311074174958264}, "datetime": {"datetime": "2021-09-24 13:09:26", "elapsed": 186.145981, "delta": 1.473794}}
{"target": 0.44813521639224807, "params": {"eta": 0.4, "max_depth": 1.503155549797539, "n_estimators": 50.0}, "datetime": {"datetime": "2021-09-24 13:09:27", "elapsed": 187.516195, "delta": 1.370214}}
{"target": 0.4436906233316805, "params": {"eta": 0.4, "max_depth": 1.9724818213925346, "n_estimators": 12.15789088661049}, "datetime": {"datetime": "2021-09-24 13:09:29", "elapsed": 189.147646, "delta": 1.631451}}
{"target": 0.4503786906064656, "params": {"eta": 0.4, "max_depth": 1.7726345381304358, "n_estimators": 23.398546751070093}, "datetime": {"datetime": "2021-09-24 13:09:30", "elapsed": 190.534654, "delta": 1.387008}}
