{"target": -43.163750067072364, "params": {"eta": 0.5495929430062926, "max_depth": 3.509129598216963, "n_estimators": 45.934712598226284}, "datetime": {"datetime": "2021-09-29 15:34:59", "elapsed": 213.048262, "delta": 0.990001}}
{"target": -38.98163505503579, "params": {"eta": 0.03341776343881428, "max_depth": 1.8459028270423221, "n_estimators": 77.1950113034745}, "datetime": {"datetime": "2021-09-29 15:35:00", "elapsed": 214.220655, "delta": 1.172393}}
{"target": -36.22059564769259, "params": {"eta": 0.030596658812089436, "max_depth": 2.8627758294927634, "n_estimators": 75.75463139542727}, "datetime": {"datetime": "2021-09-29 15:35:02", "elapsed": 215.636652, "delta": 1.415997}}
{"target": -38.75383088751492, "params": {"eta": 0.12544057260971128, "max_depth": 2.323180400778842, "n_estimators": 34.33703274211335}, "datetime": {"datetime": "2021-09-29 15:35:03", "elapsed": 217.181854, "delta": 1.545202}}
{"target": -39.08056615652236, "params": {"eta": 0.6251197471643233, "max_depth": 1.8454027735275327, "n_estimators": 80.92281224911825}, "datetime": {"datetime": "2021-09-29 15:35:05", "elapsed": 218.256855, "delta": 1.075001}}
{"target": -49.064687435528434, "params": {"eta": 0.08545014621189577, "max_depth": 23.260131402360795, "n_estimators": 7.15811837540814}, "datetime": {"datetime": "2021-09-29 15:35:06", "elapsed": 219.342852, "delta": 1.085997}}
{"target": -52.136928974916984, "params": {"eta": 0.04721535244287734, "max_depth": 2.3658505986243, "n_estimators": 10.491467608072684}, "datetime": {"datetime": "2021-09-29 15:35:07", "elapsed": 220.878653, "delta": 1.535801}}
{"target": -41.71836711409151, "params": {"eta": 0.7843309673616689, "max_depth": 2.6094240661560972, "n_estimators": 33.15808889694089}, "datetime": {"datetime": "2021-09-29 15:35:09", "elapsed": 222.338315, "delta": 1.459662}}
{"target": -42.949127411894786, "params": {"eta": 0.5906297254936016, "max_depth": 2.4552608344474605, "n_estimators": 80.4057953913754}, "datetime": {"datetime": "2021-09-29 15:35:10", "elapsed": 223.569311, "delta": 1.230996}}
{"target": -41.28137776801633, "params": {"eta": 0.37612445146458706, "max_depth": 3.3859943515274726, "n_estimators": 33.63490037648124}, "datetime": {"datetime": "2021-09-29 15:35:12", "elapsed": 225.485963, "delta": 1.916652}}
{"target": -38.38352966622392, "params": {"eta": 0.6107694546859366, "max_depth": 1.2478811629719457, "n_estimators": 80.5875815194857}, "datetime": {"datetime": "2021-09-29 15:35:13", "elapsed": 227.085863, "delta": 1.5999}}
{"target": -41.3643999529591, "params": {"eta": 0.5391375234352476, "max_depth": 5.331588435737417, "n_estimators": 78.44566199694937}, "datetime": {"datetime": "2021-09-29 15:35:15", "elapsed": 228.71211, "delta": 1.626247}}
{"target": -38.17840898089975, "params": {"eta": 0.13668560424902357, "max_depth": 2.5725637702690283, "n_estimators": 76.12272474017396}, "datetime": {"datetime": "2021-09-29 15:35:17", "elapsed": 231.02763, "delta": 2.31552}}
{"target": -54.50600578674454, "params": {"eta": 0.9894852271017878, "max_depth": 28.08929497264006, "n_estimators": 6.466015973427327}, "datetime": {"datetime": "2021-09-29 15:35:18", "elapsed": 232.207984, "delta": 1.180354}}
{"target": -45.61490663076929, "params": {"eta": 0.9404049845325645, "max_depth": 7.009221251998871, "n_estimators": 78.68829677430027}, "datetime": {"datetime": "2021-09-29 15:35:20", "elapsed": 233.837407, "delta": 1.629423}}
{"target": -65.31076514378682, "params": {"eta": 0.01, "max_depth": 3.0236935446383013, "n_estimators": 34.39586944118186}, "datetime": {"datetime": "2021-09-29 15:35:22", "elapsed": 235.841847, "delta": 2.00444}}
{"target": -34.79079066801281, "params": {"eta": 0.4051811247277129, "max_depth": 6.279633441059112, "n_estimators": 4.145292809764211}, "datetime": {"datetime": "2021-09-29 15:35:23", "elapsed": 237.047844, "delta": 1.205997}}
{"target": -39.690602260831625, "params": {"eta": 0.5551842530833143, "max_depth": 5.782744952324114, "n_estimators": 4.373803116256056}, "datetime": {"datetime": "2021-09-29 15:35:25", "elapsed": 238.472517, "delta": 1.424673}}
{"target": -35.158882058445954, "params": {"eta": 0.3956650527978244, "max_depth": 6.630257199022289, "n_estimators": 3.775211149171052}, "datetime": {"datetime": "2021-09-29 15:35:26", "elapsed": 239.782522, "delta": 1.310005}}
{"target": -37.09061297576465, "params": {"eta": 0.6356198392489149, "max_depth": 6.1370729142516725, "n_estimators": 3.650994401663594}, "datetime": {"datetime": "2021-09-29 15:35:27", "elapsed": 241.124101, "delta": 1.341579}}
{"target": -42.509691528245604, "params": {"eta": 0.705134891519485, "max_depth": 6.460427977337358, "n_estimators": 4.494376642719951}, "datetime": {"datetime": "2021-09-29 15:35:29", "elapsed": 242.264609, "delta": 1.140508}}
{"target": -69.46732627512296, "params": {"eta": 0.1008804178006503, "max_depth": 6.299341914784361, "n_estimators": 3.4427898147402654}, "datetime": {"datetime": "2021-09-29 15:35:31", "elapsed": 244.258773, "delta": 1.994164}}
{"target": -39.735981315367454, "params": {"eta": 0.6843714104308869, "max_depth": 7.094276617923134, "n_estimators": 3.978049167511709}, "datetime": {"datetime": "2021-09-29 15:35:32", "elapsed": 245.824773, "delta": 1.566}}
{"target": -40.10086090087495, "params": {"eta": 0.5088159834542478, "max_depth": 2.5602119320145302, "n_estimators": 74.720512515639}, "datetime": {"datetime": "2021-09-29 15:35:34", "elapsed": 247.649049, "delta": 1.824276}}
{"target": -47.41798792913434, "params": {"eta": 0.7772264737103077, "max_depth": 28.118520539010877, "n_estimators": 70.70552580952304}, "datetime": {"datetime": "2021-09-29 15:35:35", "elapsed": 249.005217, "delta": 1.356168}}
{"target": -42.628894221009766, "params": {"eta": 0.6365725742202544, "max_depth": 25.229846529041872, "n_estimators": 29.497486251738064}, "datetime": {"datetime": "2021-09-29 15:35:37", "elapsed": 250.431813, "delta": 1.426596}}
{"target": -43.63304866670092, "params": {"eta": 0.5735777473207896, "max_depth": 14.26061773205414, "n_estimators": 72.08805856835554}, "datetime": {"datetime": "2021-09-29 15:35:38", "elapsed": 251.89609, "delta": 1.464277}}
{"target": -42.28827938069224, "params": {"eta": 0.752660950698401, "max_depth": 6.4847340765362045, "n_estimators": 4.032351244847533}, "datetime": {"datetime": "2021-09-29 15:35:40", "elapsed": 253.476088, "delta": 1.579998}}
{"target": -37.552340260145975, "params": {"eta": 0.5281030153293136, "max_depth": 1.7795083177130213, "n_estimators": 34.58723692713545}, "datetime": {"datetime": "2021-09-29 15:35:41", "elapsed": 254.80741, "delta": 1.331322}}
{"target": -40.67492593339127, "params": {"eta": 0.8603364299560441, "max_depth": 1.7577467158723579, "n_estimators": 76.60265899721452}, "datetime": {"datetime": "2021-09-29 15:35:42", "elapsed": 256.099676, "delta": 1.292266}}
{"target": -52.02118912333157, "params": {"eta": 0.9757634097649236, "max_depth": 9.058609368116215, "n_estimators": 10.401040091859619}, "datetime": {"datetime": "2021-09-29 15:35:44", "elapsed": 257.372454, "delta": 1.272778}}
{"target": -46.63630891606904, "params": {"eta": 0.5365514691848485, "max_depth": 10.726036195962893, "n_estimators": 1.4835494025833533}, "datetime": {"datetime": "2021-09-29 15:35:45", "elapsed": 258.47238, "delta": 1.099926}}
{"target": -53.61453250715814, "params": {"eta": 0.13085323627741816, "max_depth": 6.835236551106908, "n_estimators": 4.059520871138771}, "datetime": {"datetime": "2021-09-29 15:35:46", "elapsed": 259.814381, "delta": 1.342001}}
{"target": -49.8275435348825, "params": {"eta": 0.9394949339728574, "max_depth": 6.8780502738390465, "n_estimators": 3.5107285437830984}, "datetime": {"datetime": "2021-09-29 15:35:48", "elapsed": 261.756967, "delta": 1.942586}}
{"target": -38.9090214885601, "params": {"eta": 0.09869507083857762, "max_depth": 1.9075669826051262, "n_estimators": 74.21611902528426}, "datetime": {"datetime": "2021-09-29 15:35:50", "elapsed": 263.473277, "delta": 1.71631}}
{"target": -39.77619502323479, "params": {"eta": 0.7074539346114774, "max_depth": 1.0485439617396497, "n_estimators": 78.15380150442168}, "datetime": {"datetime": "2021-09-29 15:35:51", "elapsed": 264.992278, "delta": 1.519001}}
{"target": -38.83006022986754, "params": {"eta": 0.18385192153442362, "max_depth": 2.0146929247167105, "n_estimators": 35.001253085282215}, "datetime": {"datetime": "2021-09-29 15:35:53", "elapsed": 266.529635, "delta": 1.537357}}
{"target": -39.206351406002526, "params": {"eta": 0.19577796052288926, "max_depth": 1.5213939512988195, "n_estimators": 34.44615135630333}, "datetime": {"datetime": "2021-09-29 15:35:54", "elapsed": 267.678637, "delta": 1.149002}}
{"target": -44.07883505691307, "params": {"eta": 0.8576659121026539, "max_depth": 5.631474183005473, "n_estimators": 3.8787515336038614}, "datetime": {"datetime": "2021-09-29 15:35:56", "elapsed": 269.269172, "delta": 1.590535}}
{"target": -37.64945961389831, "params": {"eta": 0.028139985949309505, "max_depth": 21.943881549449934, "n_estimators": 87.01419991560964}, "datetime": {"datetime": "2021-09-29 15:35:57", "elapsed": 270.968614, "delta": 1.699442}}
{"target": -40.382632853495046, "params": {"eta": 0.49395234520931536, "max_depth": 4.646388726413056, "n_estimators": 11.80146735517695}, "datetime": {"datetime": "2021-09-29 15:35:59", "elapsed": 272.526283, "delta": 1.557669}}
{"target": -44.94514718789163, "params": {"eta": 0.6761019105950421, "max_depth": 8.30129025510411, "n_estimators": 25.962915922137256}, "datetime": {"datetime": "2021-09-29 15:36:00", "elapsed": 273.955278, "delta": 1.428995}}
{"target": -37.38755297918901, "params": {"eta": 0.4591168676729127, "max_depth": 1.433709906481561, "n_estimators": 35.069401306488366}, "datetime": {"datetime": "2021-09-29 15:36:02", "elapsed": 275.933526, "delta": 1.978248}}
{"target": -38.496236426925336, "params": {"eta": 0.9069953237539857, "max_depth": 1.6613950595475286, "n_estimators": 35.268596654857376}, "datetime": {"datetime": "2021-09-29 15:36:04", "elapsed": 277.454686, "delta": 1.52116}}
{"target": -37.785501153854455, "params": {"eta": 0.36447779151662, "max_depth": 24.888889180906762, "n_estimators": 80.60730774733494}, "datetime": {"datetime": "2021-09-29 15:36:06", "elapsed": 279.474355, "delta": 2.019669}}
{"target": -45.06987265569657, "params": {"eta": 0.7154447257918679, "max_depth": 4.730887230200631, "n_estimators": 21.09314017688755}, "datetime": {"datetime": "2021-09-29 15:36:07", "elapsed": 280.759574, "delta": 1.285219}}
{"target": -42.40721704445391, "params": {"eta": 0.5296825055172636, "max_depth": 24.626206910738105, "n_estimators": 9.617780117857611}, "datetime": {"datetime": "2021-09-29 15:36:08", "elapsed": 282.225051, "delta": 1.465477}}
{"target": -38.302766952042205, "params": {"eta": 0.7167176655398625, "max_depth": 1.2825693270495715, "n_estimators": 34.583571040117405}, "datetime": {"datetime": "2021-09-29 15:36:10", "elapsed": 283.816052, "delta": 1.591001}}
{"target": -43.11212753163895, "params": {"eta": 0.8249532694366692, "max_depth": 12.669789855565996, "n_estimators": 8.500532242264011}, "datetime": {"datetime": "2021-09-29 15:36:13", "elapsed": 286.471081, "delta": 2.655029}}
{"target": -37.76943484839434, "params": {"eta": 0.3614181250709559, "max_depth": 22.275438030064393, "n_estimators": 86.68387025814182}, "datetime": {"datetime": "2021-09-29 15:36:15", "elapsed": 289.102394, "delta": 2.631313}}
{"target": -38.799670339943816, "params": {"eta": 0.5782405234173766, "max_depth": 1.43076993033293, "n_estimators": 79.06547411370731}, "datetime": {"datetime": "2021-09-29 15:36:17", "elapsed": 290.908601, "delta": 1.806207}}
{"target": -38.87346778930092, "params": {"eta": 0.8295523034529393, "max_depth": 1.132658607593463, "n_estimators": 76.65540885179885}, "datetime": {"datetime": "2021-09-29 15:36:18", "elapsed": 292.194048, "delta": 1.285447}}
{"target": -45.211305922752985, "params": {"eta": 0.7439135950143968, "max_depth": 27.365757388830243, "n_estimators": 99.35252909479625}, "datetime": {"datetime": "2021-09-29 15:36:20", "elapsed": 293.897664, "delta": 1.703616}}
{"target": -46.48100990339368, "params": {"eta": 0.9260055759804199, "max_depth": 23.534053313283007, "n_estimators": 60.87994447120018}, "datetime": {"datetime": "2021-09-29 15:36:22", "elapsed": 295.32289, "delta": 1.425226}}
{"target": -40.5250671450722, "params": {"eta": 0.20828497272190868, "max_depth": 21.85559166430798, "n_estimators": 29.5516500609376}, "datetime": {"datetime": "2021-09-29 15:36:23", "elapsed": 297.088, "delta": 1.76511}}
{"target": -41.50685413144437, "params": {"eta": 0.43509535914986347, "max_depth": 23.61802026289897, "n_estimators": 90.5229332459189}, "datetime": {"datetime": "2021-09-29 15:36:25", "elapsed": 298.810162, "delta": 1.722162}}
{"target": -38.94462498301302, "params": {"eta": 0.8108021254979756, "max_depth": 1.0041433199591947, "n_estimators": 75.6724855325427}, "datetime": {"datetime": "2021-09-29 15:36:28", "elapsed": 301.83918, "delta": 3.029018}}
{"target": -40.75246661087844, "params": {"eta": 0.6761771357062861, "max_depth": 21.877478247738747, "n_estimators": 86.84127024050018}, "datetime": {"datetime": "2021-09-29 15:36:30", "elapsed": 304.185588, "delta": 2.346408}}
{"target": -38.97928488646916, "params": {"eta": 0.8284356687305978, "max_depth": 1.1067410059402238, "n_estimators": 72.92411077187063}, "datetime": {"datetime": "2021-09-29 15:36:33", "elapsed": 306.287408, "delta": 2.10182}}
{"target": -39.544931376609966, "params": {"eta": 0.06772134121192469, "max_depth": 14.357284629261468, "n_estimators": 42.99627018909863}, "datetime": {"datetime": "2021-09-29 15:36:34", "elapsed": 308.062411, "delta": 1.775003}}
{"target": -38.47379503429524, "params": {"eta": 0.2786257280824375, "max_depth": 22.414721515865207, "n_estimators": 87.24939664013492}, "datetime": {"datetime": "2021-09-29 15:36:37", "elapsed": 310.637057, "delta": 2.574646}}
{"target": -68.46834987760104, "params": {"eta": 0.08009243645499571, "max_depth": 6.045401277223846, "n_estimators": 4.560858875666124}, "datetime": {"datetime": "2021-09-29 15:36:39", "elapsed": 312.514607, "delta": 1.87755}}
{"target": -54.067643298169266, "params": {"eta": 0.9709788969491906, "max_depth": 25.382689294963978, "n_estimators": 31.049618256490817}, "datetime": {"datetime": "2021-09-29 15:36:40", "elapsed": 314.154039, "delta": 1.639432}}
{"target": -40.0670398202702, "params": {"eta": 0.01, "max_depth": 1.0, "n_estimators": 73.35760449944249}, "datetime": {"datetime": "2021-09-29 15:36:42", "elapsed": 315.911037, "delta": 1.756998}}
{"target": -37.43544425594972, "params": {"eta": 0.2977224464276598, "max_depth": 1.8461359260239658, "n_estimators": 72.16682375966536}, "datetime": {"datetime": "2021-09-29 15:36:44", "elapsed": 317.817711, "delta": 1.906674}}
{"target": -40.757500382308635, "params": {"eta": 0.22075223649872155, "max_depth": 21.719956375832755, "n_estimators": 86.25799761410772}, "datetime": {"datetime": "2021-09-29 15:36:47", "elapsed": 321.24333, "delta": 3.425619}}
{"target": -39.87477517254901, "params": {"eta": 0.06098417468523652, "max_depth": 1.850536388671406, "n_estimators": 81.04017747315214}, "datetime": {"datetime": "2021-09-29 15:36:50", "elapsed": 323.431548, "delta": 2.188218}}
{"target": -36.31308491723149, "params": {"eta": 0.016341905091774002, "max_depth": 1.2308986839939409, "n_estimators": 80.06409948732376}, "datetime": {"datetime": "2021-09-29 15:36:52", "elapsed": 325.871296, "delta": 2.439748}}
{"target": -38.72612623542336, "params": {"eta": 0.03441187365484144, "max_depth": 1.7117814193962315, "n_estimators": 75.35090295335245}, "datetime": {"datetime": "2021-09-29 15:36:55", "elapsed": 328.368155, "delta": 2.496859}}
{"target": -41.681819288770896, "params": {"eta": 0.4944455163353437, "max_depth": 26.170707899872387, "n_estimators": 78.5407339996827}, "datetime": {"datetime": "2021-09-29 15:36:56", "elapsed": 330.094156, "delta": 1.726001}}
{"target": -37.033854176609786, "params": {"eta": 0.3699930908685348, "max_depth": 1.7445814216898146, "n_estimators": 35.590079862908425}, "datetime": {"datetime": "2021-09-29 15:36:59", "elapsed": 332.908185, "delta": 2.814029}}
{"target": -37.4718158159867, "params": {"eta": 0.44014813241266537, "max_depth": 1.1872494889302057, "n_estimators": 35.52463153331661}, "datetime": {"datetime": "2021-09-29 15:37:01", "elapsed": 334.692186, "delta": 1.784001}}
{"target": -39.71460464666004, "params": {"eta": 0.17685513311448534, "max_depth": 12.992230379358984, "n_estimators": 60.32872873384644}, "datetime": {"datetime": "2021-09-29 15:37:03", "elapsed": 336.479362, "delta": 1.787176}}
{"target": -37.17471842326998, "params": {"eta": 0.3486482972255889, "max_depth": 1.5286518664917612, "n_estimators": 36.21158857453089}, "datetime": {"datetime": "2021-09-29 15:37:05", "elapsed": 338.275205, "delta": 1.795843}}
{"target": -39.08505720123191, "params": {"eta": 0.6555912284109258, "max_depth": 2.07887954115706, "n_estimators": 35.99400661323776}, "datetime": {"datetime": "2021-09-29 15:37:07", "elapsed": 340.64063, "delta": 2.365425}}
{"target": -35.33572717172678, "params": {"eta": 0.03241888372635469, "max_depth": 1.093915870589972, "n_estimators": 36.382872699733234}, "datetime": {"datetime": "2021-09-29 15:37:10", "elapsed": 343.258982, "delta": 2.618352}}
{"target": -46.88508930964059, "params": {"eta": 0.7699756462689707, "max_depth": 9.25776849928258, "n_estimators": 4.079746336350571}, "datetime": {"datetime": "2021-09-29 15:37:11", "elapsed": 344.730638, "delta": 1.471656}}
{"target": -39.361402622356614, "params": {"eta": 0.07304501775288431, "max_depth": 1.242732990848272, "n_estimators": 35.901343929351775}, "datetime": {"datetime": "2021-09-29 15:37:13", "elapsed": 346.932011, "delta": 2.201373}}
{"target": -42.63587568912845, "params": {"eta": 0.6875377266298515, "max_depth": 2.2298817720835777, "n_estimators": 35.32729496609734}, "datetime": {"datetime": "2021-09-29 15:37:15", "elapsed": 348.86117, "delta": 1.929159}}
{"target": -38.51050409660361, "params": {"eta": 0.7306549498260652, "max_depth": 1.1481933476728428, "n_estimators": 36.0382491044801}, "datetime": {"datetime": "2021-09-29 15:37:17", "elapsed": 350.694338, "delta": 1.833168}}
{"target": -37.27112004128355, "params": {"eta": 0.43333795897785304, "max_depth": 1.1818610584109241, "n_estimators": 36.64109688670151}, "datetime": {"datetime": "2021-09-29 15:37:19", "elapsed": 352.665109, "delta": 1.970771}}
{"target": -39.11629187771266, "params": {"eta": 0.9713782502585483, "max_depth": 1.8469827568017623, "n_estimators": 36.57541374495987}, "datetime": {"datetime": "2021-09-29 15:37:21", "elapsed": 354.476901, "delta": 1.811792}}
{"target": -38.32217303787467, "params": {"eta": 0.1015397912355211, "max_depth": 3.406236853330954, "n_estimators": 9.696127104163368}, "datetime": {"datetime": "2021-09-29 15:37:22", "elapsed": 355.8499, "delta": 1.372999}}
{"target": -38.54002365901674, "params": {"eta": 0.09862448819102046, "max_depth": 7.740492413380268, "n_estimators": 49.422320070591915}, "datetime": {"datetime": "2021-09-29 15:37:24", "elapsed": 357.419732, "delta": 1.569832}}
{"target": -38.50001034593075, "params": {"eta": 0.29219850338510944, "max_depth": 1.865708267125322, "n_estimators": 37.08220926686491}, "datetime": {"datetime": "2021-09-29 15:37:26", "elapsed": 359.624465, "delta": 2.204733}}
{"target": -37.23049815999512, "params": {"eta": 0.054224506373389145, "max_depth": 1.5210379783190897, "n_estimators": 36.9420566086822}, "datetime": {"datetime": "2021-09-29 15:37:27", "elapsed": 361.123171, "delta": 1.498706}}
{"target": -54.571092894493425, "params": {"eta": 0.9880313472661195, "max_depth": 26.55271424536524, "n_estimators": 43.36900793602542}, "datetime": {"datetime": "2021-09-29 15:37:29", "elapsed": 362.738776, "delta": 1.615605}}
{"target": -38.279978649513055, "params": {"eta": 0.5434403967716421, "max_depth": 1.2566100235336255, "n_estimators": 81.3788698892417}, "datetime": {"datetime": "2021-09-29 15:37:32", "elapsed": 365.552329, "delta": 2.813553}}
{"target": -39.177727710683094, "params": {"eta": 0.4871833394341782, "max_depth": 2.054284072288815, "n_estimators": 24.115790505930015}, "datetime": {"datetime": "2021-09-29 15:37:33", "elapsed": 366.906035, "delta": 1.353706}}
{"target": -38.44348102632148, "params": {"eta": 0.5585906404761306, "max_depth": 1.8437315217501933, "n_estimators": 81.62941318061513}, "datetime": {"datetime": "2021-09-29 15:37:35", "elapsed": 369.121862, "delta": 2.215827}}
{"target": -37.34831899903718, "params": {"eta": 0.5295085356334582, "max_depth": 1.3077638653655819, "n_estimators": 37.27642219744376}, "datetime": {"datetime": "2021-09-29 15:37:39", "elapsed": 372.301325, "delta": 3.179463}}
{"target": -42.87876014653468, "params": {"eta": 0.6817039725807146, "max_depth": 15.778561002352411, "n_estimators": 80.92604477531722}, "datetime": {"datetime": "2021-09-29 15:37:40", "elapsed": 373.968987, "delta": 1.667662}}
{"target": -49.56557971882451, "params": {"eta": 0.8644251083125846, "max_depth": 17.970216374913836, "n_estimators": 21.832681343110377}, "datetime": {"datetime": "2021-09-29 15:37:42", "elapsed": 375.559824, "delta": 1.590837}}
{"target": -38.40149644052547, "params": {"eta": 0.9494728162229547, "max_depth": 1.6465665204975863, "n_estimators": 37.514954183553066}, "datetime": {"datetime": "2021-09-29 15:37:44", "elapsed": 377.787861, "delta": 2.228037}}
{"target": -41.64343906701454, "params": {"eta": 0.4310829156075684, "max_depth": 2.0110067702755363, "n_estimators": 36.616972279862004}, "datetime": {"datetime": "2021-09-29 15:37:46", "elapsed": 379.812515, "delta": 2.024654}}
{"target": -40.10447734421151, "params": {"eta": 0.08935337655405685, "max_depth": 1.580239723240056, "n_estimators": 37.62299300755132}, "datetime": {"datetime": "2021-09-29 15:37:48", "elapsed": 381.712954, "delta": 1.900439}}
