{"target": 0.2888852333256057, "params": {"eta": 0.4078626727392589, "max_depth": 2.4764002102475002, "n_estimators": 89.8153659466974}, "datetime": {"datetime": "2021-09-24 13:36:04", "elapsed": 30.890565, "delta": 0.420203}}
{"target": 0.4520056154038159, "params": {"eta": 0.2401063320181854, "max_depth": 1.0705806649396175, "n_estimators": 65.48503263479549}, "datetime": {"datetime": "2021-09-24 13:36:05", "elapsed": 31.276724, "delta": 0.386159}}
{"target": 0.08502909518768864, "params": {"eta": 0.024997301597391622, "max_depth": 1.07222612376458, "n_estimators": 52.98249318758083}, "datetime": {"datetime": "2021-09-24 13:36:05", "elapsed": 31.613725, "delta": 0.337001}}
{"target": 0.4512512292601255, "params": {"eta": 0.24057042090293487, "max_depth": 1.3694444895564102, "n_estimators": 58.36555473840323}, "datetime": {"datetime": "2021-09-24 13:36:05", "elapsed": 32.016532, "delta": 0.402807}}
{"target": 0.40666364017613554, "params": {"eta": 0.2917943811471256, "max_depth": 1.4218711391917358, "n_estimators": 131.55852139812166}, "datetime": {"datetime": "2021-09-24 13:36:06", "elapsed": 32.439534, "delta": 0.423002}}
{"target": 0.22350448053105143, "params": {"eta": 0.47568470752266717, "max_depth": 2.4323213634862326, "n_estimators": 138.52411483401718}, "datetime": {"datetime": "2021-09-24 13:36:06", "elapsed": 32.930536, "delta": 0.491002}}
{"target": 0.4304343611815096, "params": {"eta": 0.09950448199991135, "max_depth": 2.8879270249755424, "n_estimators": 103.42567217871954}, "datetime": {"datetime": "2021-09-24 13:36:07", "elapsed": 33.386536, "delta": 0.456}}
{"target": 0.42326188733692927, "params": {"eta": 0.29562380317479514, "max_depth": 1.8309209121897922, "n_estimators": 128.07806307484833}, "datetime": {"datetime": "2021-09-24 13:36:07", "elapsed": 33.860515, "delta": 0.473979}}
{"target": 0.2626466066174218, "params": {"eta": 0.535764899294012, "max_depth": 2.6388670975863873, "n_estimators": 86.770274597724}, "datetime": {"datetime": "2021-09-24 13:36:08", "elapsed": 34.324513, "delta": 0.463998}}
{"target": 0.3998157648580283, "params": {"eta": 0.17422261554169668, "max_depth": 2.5623475826642994, "n_estimators": 100.8535439103022}, "datetime": {"datetime": "2021-09-24 13:36:08", "elapsed": 34.754513, "delta": 0.43}}
{"target": 0.45120054016507827, "params": {"eta": 0.38707198637536416, "max_depth": 1.1982800772898838, "n_estimators": 64.34996532568401}, "datetime": {"datetime": "2021-09-24 13:36:08", "elapsed": 35.114967, "delta": 0.360454}}
{"target": 0.2535899407416289, "params": {"eta": 0.4006565243781879, "max_depth": 2.724258907155482, "n_estimators": 104.50872796711265}, "datetime": {"datetime": "2021-09-24 13:36:09", "elapsed": 35.629067, "delta": 0.5141}}
{"target": 0.36796635802262734, "params": {"eta": 0.4912213207661033, "max_depth": 1.8585203792855123, "n_estimators": 137.84692194840358}, "datetime": {"datetime": "2021-09-24 13:36:09", "elapsed": 36.09747, "delta": 0.468403}}
{"target": 0.38747537309810154, "params": {"eta": 0.2451567694630066, "max_depth": 2.3119790381818, "n_estimators": 78.41841070944703}, "datetime": {"datetime": "2021-09-24 13:36:10", "elapsed": 36.503472, "delta": 0.406002}}
{"target": 0.4499778019308669, "params": {"eta": 0.047028119254491296, "max_depth": 2.735232712588342, "n_estimators": 81.9624929734294}, "datetime": {"datetime": "2021-09-24 13:36:10", "elapsed": 36.896683, "delta": 0.393211}}
{"target": 0.29810600177685687, "params": {"eta": 0.24969976211130177, "max_depth": 2.0468028825487363, "n_estimators": 145.16392397116508}, "datetime": {"datetime": "2021-09-24 13:36:11", "elapsed": 37.380217, "delta": 0.483534}}
{"target": 0.3745788499791426, "params": {"eta": 0.5042493399628365, "max_depth": 1.6478428073559186, "n_estimators": 111.1243015461622}, "datetime": {"datetime": "2021-09-24 13:36:11", "elapsed": 37.804324, "delta": 0.424107}}
{"target": 0.45149415772043244, "params": {"eta": 0.1840224370009373, "max_depth": 1.0170113329760861, "n_estimators": 65.57551443383056}, "datetime": {"datetime": "2021-09-24 13:36:12", "elapsed": 38.199482, "delta": 0.395158}}
{"target": 0.2548515631237701, "params": {"eta": 0.5411830071195325, "max_depth": 2.6297982892132596, "n_estimators": 116.91064581434468}, "datetime": {"datetime": "2021-09-24 13:36:12", "elapsed": 38.662467, "delta": 0.462985}}
{"target": 0.45287987394778706, "params": {"eta": 0.0432156286000155, "max_depth": 2.346693069292808, "n_estimators": 136.79036019154518}, "datetime": {"datetime": "2021-09-24 13:36:13", "elapsed": 39.183424, "delta": 0.520957}}
{"target": 0.44646318580449185, "params": {"eta": 0.05560090379958686, "max_depth": 2.6875040871170874, "n_estimators": 138.1745852534324}, "datetime": {"datetime": "2021-09-24 13:36:13", "elapsed": 39.721025, "delta": 0.537601}}
{"target": 0.2060612096889729, "params": {"eta": 0.4929181033315843, "max_depth": 2.734122831400879, "n_estimators": 145.11436458554724}, "datetime": {"datetime": "2021-09-24 13:36:14", "elapsed": 40.316263, "delta": 0.595238}}
{"target": 0.30212610295459474, "params": {"eta": 0.41619721393396253, "max_depth": 2.1621958967670123, "n_estimators": 90.67135713049106}, "datetime": {"datetime": "2021-09-24 13:36:14", "elapsed": 40.846193, "delta": 0.52993}}
{"target": 0.38833475478098256, "params": {"eta": 0.5724603450972102, "max_depth": 1.6785361869737965, "n_estimators": 71.58549209514102}, "datetime": {"datetime": "2021-09-24 13:36:15", "elapsed": 41.284655, "delta": 0.438462}}
{"target": 0.4520376733784658, "params": {"eta": 0.23946031604313506, "max_depth": 1.9569240284513472, "n_estimators": 65.9698026860405}, "datetime": {"datetime": "2021-09-24 13:36:15", "elapsed": 41.738425, "delta": 0.45377}}
{"target": 0.26037722852411593, "params": {"eta": 0.46950278251763206, "max_depth": 2.890211237779364, "n_estimators": 116.92018963816167}, "datetime": {"datetime": "2021-09-24 13:36:16", "elapsed": 42.209246, "delta": 0.470821}}
{"target": 0.42715716267178594, "params": {"eta": 0.3907487149146125, "max_depth": 1.4091587936830368, "n_estimators": 115.85273647711524}, "datetime": {"datetime": "2021-09-24 13:36:16", "elapsed": 42.702244, "delta": 0.492998}}
{"target": 0.40032674993397555, "params": {"eta": 0.5551393944476404, "max_depth": 1.0439556713819182, "n_estimators": 64.56648286768826}, "datetime": {"datetime": "2021-09-24 13:36:17", "elapsed": 43.170999, "delta": 0.468755}}
{"target": 0.4468518456512568, "params": {"eta": 0.11391768933290491, "max_depth": 1.3913054258683193, "n_estimators": 63.830540577786344}, "datetime": {"datetime": "2021-09-24 13:36:17", "elapsed": 43.642, "delta": 0.471001}}
{"target": 0.3936712123925806, "params": {"eta": 0.5434804582987913, "max_depth": 1.1074095864360214, "n_estimators": 63.38806396644343}, "datetime": {"datetime": "2021-09-24 13:36:17", "elapsed": 44.126796, "delta": 0.484796}}
{"target": 0.24288279851253858, "params": {"eta": 0.43276211110191093, "max_depth": 2.1302381346437143, "n_estimators": 136.70140841507776}, "datetime": {"datetime": "2021-09-24 13:36:18", "elapsed": 44.841797, "delta": 0.715001}}
{"target": 0.19893679743844195, "params": {"eta": 0.5661692152455662, "max_depth": 2.0471043642829003, "n_estimators": 118.12249416281408}, "datetime": {"datetime": "2021-09-24 13:36:19", "elapsed": 45.406555, "delta": 0.564758}}
{"target": 0.40982713044295915, "params": {"eta": 0.4064983425704687, "max_depth": 1.4042510388156726, "n_estimators": 124.89133909181815}, "datetime": {"datetime": "2021-09-24 13:36:19", "elapsed": 46.004154, "delta": 0.597599}}
{"target": 0.35356771947288435, "params": {"eta": 0.5950502370082078, "max_depth": 1.802259674287936, "n_estimators": 111.89023784963165}, "datetime": {"datetime": "2021-09-24 13:36:20", "elapsed": 46.495155, "delta": 0.491001}}
{"target": 0.4450576732259882, "params": {"eta": 0.34451841617717016, "max_depth": 1.6014680883041703, "n_estimators": 94.18918433463966}, "datetime": {"datetime": "2021-09-24 13:36:20", "elapsed": 47.066929, "delta": 0.571774}}
{"target": 0.3677904341019803, "params": {"eta": 0.19809360010278507, "max_depth": 2.5990227624762032, "n_estimators": 118.72973222553064}, "datetime": {"datetime": "2021-09-24 13:36:21", "elapsed": 47.717923, "delta": 0.650994}}
{"target": 0.4085934168603277, "params": {"eta": 0.15314624409933603, "max_depth": 2.7720951708716, "n_estimators": 82.86533394538932}, "datetime": {"datetime": "2021-09-24 13:36:22", "elapsed": 48.297134, "delta": 0.579211}}
{"target": 0.38602448715164517, "params": {"eta": 0.4284235161412367, "max_depth": 1.3210656940417855, "n_estimators": 142.6896478887419}, "datetime": {"datetime": "2021-09-24 13:36:22", "elapsed": 48.853138, "delta": 0.556004}}
{"target": 0.4048511443684757, "params": {"eta": 0.4899402492628874, "max_depth": 1.1785678985573398, "n_estimators": 70.51530635597383}, "datetime": {"datetime": "2021-09-24 13:36:23", "elapsed": 49.450459, "delta": 0.597321}}
{"target": 0.4465043494390596, "params": {"eta": 0.3046248721651822, "max_depth": 1.3212291682320718, "n_estimators": 63.67604444559151}, "datetime": {"datetime": "2021-09-24 13:36:23", "elapsed": 49.938976, "delta": 0.488517}}
{"target": 0.2594458655356189, "params": {"eta": 0.5873880420435759, "max_depth": 2.2339896347156056, "n_estimators": 59.04591269134535}, "datetime": {"datetime": "2021-09-24 13:36:24", "elapsed": 50.485749, "delta": 0.546773}}
{"target": 0.44478703053122903, "params": {"eta": 0.033881201152721585, "max_depth": 2.065484216881101, "n_estimators": 93.90168934447834}, "datetime": {"datetime": "2021-09-24 13:36:24", "elapsed": 51.046756, "delta": 0.561007}}
{"target": 0.2976758661375676, "params": {"eta": 0.29163166043440364, "max_depth": 2.9517192598227764, "n_estimators": 140.95113191813135}, "datetime": {"datetime": "2021-09-24 13:36:25", "elapsed": 51.619191, "delta": 0.572435}}
{"target": 0.43176851445221665, "params": {"eta": 0.1384488642551974, "max_depth": 2.7437433717677786, "n_estimators": 71.73201206152564}, "datetime": {"datetime": "2021-09-24 13:36:26", "elapsed": 52.167019, "delta": 0.547828}}
{"target": 0.2555317930599127, "params": {"eta": 0.4694842495220236, "max_depth": 2.108995524873337, "n_estimators": 134.82117010632106}, "datetime": {"datetime": "2021-09-24 13:36:26", "elapsed": 52.835004, "delta": 0.667985}}
{"target": 0.4553525387330388, "params": {"eta": 0.08065198066067879, "max_depth": 2.7196871705105226, "n_estimators": 70.46055827513679}, "datetime": {"datetime": "2021-09-24 13:36:27", "elapsed": 53.371918, "delta": 0.536914}}
{"target": 0.45511086181653193, "params": {"eta": 0.1279013475494949, "max_depth": 1.6000618618726592, "n_estimators": 123.99219955662768}, "datetime": {"datetime": "2021-09-24 13:36:27", "elapsed": 53.90808, "delta": 0.536162}}
{"target": 0.4370559718984346, "params": {"eta": 0.022242835203954987, "max_depth": 2.0998338259354017, "n_estimators": 134.6825696362544}, "datetime": {"datetime": "2021-09-24 13:36:28", "elapsed": 54.47708, "delta": 0.569}}
{"target": 0.402160561356784, "params": {"eta": 0.2500297918472233, "max_depth": 2.4681627585476256, "n_estimators": 60.44637819694061}, "datetime": {"datetime": "2021-09-24 13:36:28", "elapsed": 54.976661, "delta": 0.499581}}
{"target": 0.4495458818515937, "params": {"eta": 0.1515694095899685, "max_depth": 1.035919967624009, "n_estimators": 70.11874716732856}, "datetime": {"datetime": "2021-09-24 13:36:29", "elapsed": 55.445184, "delta": 0.468523}}
{"target": 0.44785761192566376, "params": {"eta": 0.16590287203953133, "max_depth": 1.9861645546210571, "n_estimators": 110.90040775252456}, "datetime": {"datetime": "2021-09-24 13:36:29", "elapsed": 56.028737, "delta": 0.583553}}
{"target": 0.24612447401459436, "params": {"eta": 0.40519181464047166, "max_depth": 2.339859251676896, "n_estimators": 98.90105658219107}, "datetime": {"datetime": "2021-09-24 13:36:30", "elapsed": 56.552738, "delta": 0.524001}}
{"target": 0.3394784754324579, "params": {"eta": 0.25160025957315213, "max_depth": 2.694843235905392, "n_estimators": 103.43178841295779}, "datetime": {"datetime": "2021-09-24 13:36:30", "elapsed": 57.069739, "delta": 0.517001}}
{"target": 0.44659397082831, "params": {"eta": 0.05944722009533968, "max_depth": 2.836367586765844, "n_estimators": 57.07805947534179}, "datetime": {"datetime": "2021-09-24 13:36:31", "elapsed": 57.555207, "delta": 0.485468}}
{"target": 0.4130994950124295, "params": {"eta": 0.322173289347732, "max_depth": 1.2829758266648028, "n_estimators": 142.9153504954045}, "datetime": {"datetime": "2021-09-24 13:36:31", "elapsed": 58.110211, "delta": 0.555004}}
{"target": 0.21518638551859348, "params": {"eta": 0.47903301094465434, "max_depth": 2.048310021727826, "n_estimators": 111.75971268529717}, "datetime": {"datetime": "2021-09-24 13:36:32", "elapsed": 58.739217, "delta": 0.629006}}
{"target": 0.31917057584298636, "params": {"eta": 0.35432421011619303, "max_depth": 2.0762507426517116, "n_estimators": 71.08366105926972}, "datetime": {"datetime": "2021-09-24 13:36:33", "elapsed": 59.251418, "delta": 0.512201}}
{"target": 0.4297957088471057, "params": {"eta": 0.4111127592601088, "max_depth": 1.8897124328581028, "n_estimators": 83.15409763657956}, "datetime": {"datetime": "2021-09-24 13:36:33", "elapsed": 59.864002, "delta": 0.612584}}
{"target": 0.2806886241841505, "params": {"eta": 0.028005231369175064, "max_depth": 2.5110149122321688, "n_estimators": 58.18929583485969}, "datetime": {"datetime": "2021-09-24 13:36:34", "elapsed": 60.392913, "delta": 0.528911}}
{"target": 0.23531549060471235, "params": {"eta": 0.59796518824535, "max_depth": 2.910945022929636, "n_estimators": 83.18961295588892}, "datetime": {"datetime": "2021-09-24 13:36:34", "elapsed": 61.004306, "delta": 0.611393}}
{"target": 0.4502342339143347, "params": {"eta": 0.040945114772116195, "max_depth": 2.5754491918754403, "n_estimators": 83.82488804475078}, "datetime": {"datetime": "2021-09-24 13:36:35", "elapsed": 61.536765, "delta": 0.532459}}
{"target": 0.44779443708299427, "params": {"eta": 0.136113524896594, "max_depth": 1.2903036683965183, "n_estimators": 93.12348105756962}, "datetime": {"datetime": "2021-09-24 13:36:35", "elapsed": 62.078553, "delta": 0.541788}}
{"target": 0.3030392007690583, "params": {"eta": 0.34977884773254103, "max_depth": 2.663851729932597, "n_estimators": 134.91719179366936}, "datetime": {"datetime": "2021-09-24 13:36:36", "elapsed": 62.672555, "delta": 0.594002}}
{"target": 0.36026683780016466, "params": {"eta": 0.1634085910942936, "max_depth": 2.7498000972586896, "n_estimators": 146.4215498741192}, "datetime": {"datetime": "2021-09-24 13:36:37", "elapsed": 63.393476, "delta": 0.720921}}
{"target": 0.3876606258169156, "params": {"eta": 0.5641166987638536, "max_depth": 1.3531019550966625, "n_estimators": 73.73635346133662}, "datetime": {"datetime": "2021-09-24 13:36:37", "elapsed": 63.909079, "delta": 0.515603}}
{"target": 0.3841400986536867, "params": {"eta": 0.2804170644553036, "max_depth": 2.642066197428659, "n_estimators": 79.87163660337816}, "datetime": {"datetime": "2021-09-24 13:36:38", "elapsed": 64.467088, "delta": 0.558009}}
{"target": 0.31833621549709157, "params": {"eta": 0.2629534930041746, "max_depth": 2.483762341286931, "n_estimators": 139.24804780583838}, "datetime": {"datetime": "2021-09-24 13:36:38", "elapsed": 65.135958, "delta": 0.66887}}
{"target": 0.28862095332494153, "params": {"eta": 0.5117789357376813, "max_depth": 2.742716190753961, "n_estimators": 125.61520889754777}, "datetime": {"datetime": "2021-09-24 13:36:39", "elapsed": 65.736157, "delta": 0.600199}}
{"target": 0.44872015632727735, "params": {"eta": 0.31881859520605066, "max_depth": 1.0268249390059212, "n_estimators": 62.166691752686575}, "datetime": {"datetime": "2021-09-24 13:36:40", "elapsed": 66.454594, "delta": 0.718437}}
{"target": 0.2995906121900134, "params": {"eta": 0.32456484545564085, "max_depth": 2.239107607557242, "n_estimators": 113.2927080539853}, "datetime": {"datetime": "2021-09-24 13:36:40", "elapsed": 67.064191, "delta": 0.609597}}
{"target": 0.40936970081145485, "params": {"eta": 0.11382774952727338, "max_depth": 2.208902074425612, "n_estimators": 103.22217981903088}, "datetime": {"datetime": "2021-09-24 13:36:41", "elapsed": 67.652285, "delta": 0.588094}}
{"target": 0.35823748326155136, "params": {"eta": 0.5868398055013746, "max_depth": 1.4800959998825853, "n_estimators": 116.62732993832999}, "datetime": {"datetime": "2021-09-24 13:36:42", "elapsed": 68.354507, "delta": 0.702222}}
{"target": 0.37173280031354416, "params": {"eta": 0.5959263996093123, "max_depth": 1.4908925517449279, "n_estimators": 94.32755041262337}, "datetime": {"datetime": "2021-09-24 13:36:42", "elapsed": 68.899512, "delta": 0.545005}}
{"target": -0.15202460032043819, "params": {"eta": 0.010413823092636788, "max_depth": 1.243857041861355, "n_estimators": 99.08838516070995}, "datetime": {"datetime": "2021-09-24 13:36:43", "elapsed": 69.573159, "delta": 0.673647}}
{"target": 0.4509497477279658, "params": {"eta": 0.08973288652782666, "max_depth": 1.6119410176483293, "n_estimators": 142.51911467149318}, "datetime": {"datetime": "2021-09-24 13:36:44", "elapsed": 70.192508, "delta": 0.619349}}
{"target": 0.42255162618418096, "params": {"eta": 0.43251827419839656, "max_depth": 1.8014020062840426, "n_estimators": 80.09416271083529}, "datetime": {"datetime": "2021-09-24 13:36:44", "elapsed": 70.763106, "delta": 0.570598}}
{"target": 0.4296467511747488, "params": {"eta": 0.2986902263726787, "max_depth": 1.0843184191054698, "n_estimators": 109.54427682841964}, "datetime": {"datetime": "2021-09-24 13:36:45", "elapsed": 71.548, "delta": 0.784894}}
{"target": 0.43339064572793606, "params": {"eta": 0.42227888609110215, "max_depth": 1.6139730022822119, "n_estimators": 63.06876763024756}, "datetime": {"datetime": "2021-09-24 13:36:45", "elapsed": 72.088204, "delta": 0.540204}}
{"target": 0.44094686697683083, "params": {"eta": 0.3045234702923784, "max_depth": 1.4355068391977965, "n_estimators": 75.36380464862853}, "datetime": {"datetime": "2021-09-24 13:36:46", "elapsed": 72.637207, "delta": 0.549003}}
{"target": 0.36639225175066104, "params": {"eta": 0.24970578044145408, "max_depth": 2.2336939564843794, "n_estimators": 77.98676419462743}, "datetime": {"datetime": "2021-09-24 13:36:47", "elapsed": 73.455077, "delta": 0.81787}}
{"target": 0.37365861487101004, "params": {"eta": 0.1614146161869275, "max_depth": 2.3838772131520156, "n_estimators": 123.55671237689738}, "datetime": {"datetime": "2021-09-24 13:36:47", "elapsed": 74.117095, "delta": 0.662018}}
{"target": 0.44448932127749974, "params": {"eta": 0.14824316707556204, "max_depth": 1.4686658776555483, "n_estimators": 114.32346620788661}, "datetime": {"datetime": "2021-09-24 13:36:48", "elapsed": 74.73209, "delta": 0.614995}}
{"target": 0.35977712201332046, "params": {"eta": 0.5955068467955997, "max_depth": 1.385034920061722, "n_estimators": 102.73308057386822}, "datetime": {"datetime": "2021-09-24 13:36:49", "elapsed": 75.33487, "delta": 0.60278}}
{"target": 0.334070631486339, "params": {"eta": 0.35968859117717494, "max_depth": 2.65383259394552, "n_estimators": 83.33492804579092}, "datetime": {"datetime": "2021-09-24 13:36:49", "elapsed": 75.994297, "delta": 0.659427}}
{"target": 0.45367807314600284, "params": {"eta": 0.3722414076278656, "max_depth": 1.4668863128196798, "n_estimators": 63.66174213458344}, "datetime": {"datetime": "2021-09-24 13:36:50", "elapsed": 76.713161, "delta": 0.718864}}
{"target": 0.45118457629936737, "params": {"eta": 0.23693256541275323, "max_depth": 1.6179821529492464, "n_estimators": 75.53515085331809}, "datetime": {"datetime": "2021-09-24 13:36:51", "elapsed": 77.403377, "delta": 0.690216}}
{"target": 0.4276501424958101, "params": {"eta": 0.2599225639958741, "max_depth": 1.2892934225692982, "n_estimators": 133.79905289945194}, "datetime": {"datetime": "2021-09-24 13:36:51", "elapsed": 78.090161, "delta": 0.686784}}
{"target": 0.2716841053906053, "params": {"eta": 0.2971554354920802, "max_depth": 2.666893555829996, "n_estimators": 147.76997272748528}, "datetime": {"datetime": "2021-09-24 13:36:52", "elapsed": 78.777168, "delta": 0.687007}}
{"target": 0.38283096116710214, "params": {"eta": 0.5106396760866423, "max_depth": 1.295265485833826, "n_estimators": 97.50865924725518}, "datetime": {"datetime": "2021-09-24 13:36:53", "elapsed": 79.413187, "delta": 0.636019}}
{"target": 0.44992485771150814, "params": {"eta": 0.03909376122818579, "max_depth": 2.116971161522602, "n_estimators": 109.07483235022512}, "datetime": {"datetime": "2021-09-24 13:36:53", "elapsed": 80.072925, "delta": 0.659738}}
{"target": 0.44597476175000306, "params": {"eta": 0.2199486889433141, "max_depth": 1.9192186211750661, "n_estimators": 105.8170236081576}, "datetime": {"datetime": "2021-09-24 13:36:54", "elapsed": 80.707237, "delta": 0.634312}}
{"target": 0.45225955462208867, "params": {"eta": 0.21755280713857797, "max_depth": 1.4649769679844433, "n_estimators": 63.09947043673366}, "datetime": {"datetime": "2021-09-24 13:36:55", "elapsed": 81.296507, "delta": 0.58927}}
{"target": 0.25770772216019977, "params": {"eta": 0.35681368086171034, "max_depth": 2.064584597886766, "n_estimators": 129.51137626813977}, "datetime": {"datetime": "2021-09-24 13:36:56", "elapsed": 82.168266, "delta": 0.871759}}
{"target": 0.4459689486021192, "params": {"eta": 0.20691468755539202, "max_depth": 1.544246454529447, "n_estimators": 98.49808922086464}, "datetime": {"datetime": "2021-09-24 13:36:56", "elapsed": 82.790279, "delta": 0.622013}}
{"target": 0.3994485227202912, "params": {"eta": 0.4659807248641566, "max_depth": 1.454441449865383, "n_estimators": 78.83756258120377}, "datetime": {"datetime": "2021-09-24 13:36:57", "elapsed": 83.391188, "delta": 0.600909}}
{"target": 0.2374696919551632, "params": {"eta": 0.5559198635244406, "max_depth": 2.4836344025686117, "n_estimators": 103.71533440318021}, "datetime": {"datetime": "2021-09-24 13:36:57", "elapsed": 84.067858, "delta": 0.67667}}
