{"target": 0.40390610180161945, "params": {"eta": 0.1290566305266591, "max_depth": 2.043590913602572, "n_estimators": 17.24072614547084}, "datetime": {"datetime": "2021-09-24 12:14:07", "elapsed": 170.171361, "delta": 0.657243}}
{"target": 0.16734424588551144, "params": {"eta": 0.8394084901180928, "max_depth": 14.428986988556407, "n_estimators": 38.53968560112585}, "datetime": {"datetime": "2021-09-24 12:14:08", "elapsed": 171.088359, "delta": 0.916998}}
{"target": 0.4458767985748151, "params": {"eta": 0.24587910094389734, "max_depth": 2.9164310740265242, "n_estimators": 16.739820263482137}, "datetime": {"datetime": "2021-09-24 12:14:10", "elapsed": 172.797271, "delta": 1.708912}}
{"target": -0.4274342986092843, "params": {"eta": 0.025964843204285507, "max_depth": 11.912021924774791, "n_estimators": 34.346059455591146}, "datetime": {"datetime": "2021-09-24 12:14:11", "elapsed": 174.123154, "delta": 1.325883}}
{"target": 0.013918031019182875, "params": {"eta": 0.9642222218394221, "max_depth": 20.897807845899464, "n_estimators": 18.627498980614195}, "datetime": {"datetime": "2021-09-24 12:14:14", "elapsed": 176.689741, "delta": 1.268586}}
{"target": 0.14989053966466692, "params": {"eta": 0.9241438322537335, "max_depth": 2.7390335640465775, "n_estimators": 17.117559914591293}, "datetime": {"datetime": "2021-09-24 12:14:15", "elapsed": 178.265614, "delta": 1.575873}}
{"target": -0.03494624231480348, "params": {"eta": 1.0, "max_depth": 24.62056147751289, "n_estimators": 26.9861268362305}, "datetime": {"datetime": "2021-09-24 12:14:17", "elapsed": 179.816277, "delta": 1.550663}}
{"target": -3.890793862940485, "params": {"eta": 0.001, "max_depth": 20.236574711442692, "n_estimators": 14.430954579346073}, "datetime": {"datetime": "2021-09-24 12:14:18", "elapsed": 181.141792, "delta": 1.325515}}
{"target": -0.2129270528127749, "params": {"eta": 0.032196711572054365, "max_depth": 13.80406833507124, "n_estimators": 33.82188660093017}, "datetime": {"datetime": "2021-09-24 12:14:20", "elapsed": 182.531241, "delta": 1.389449}}
{"target": -0.034927225707934495, "params": {"eta": 1.0, "max_depth": 20.5266675341371, "n_estimators": 17.610600833249055}, "datetime": {"datetime": "2021-09-24 12:14:21", "elapsed": 184.256826, "delta": 1.725585}}
{"target": 0.3414519800777688, "params": {"eta": 0.31284502829829713, "max_depth": 24.297556051926616, "n_estimators": 8.455576765502137}, "datetime": {"datetime": "2021-09-24 12:14:22", "elapsed": 184.992829, "delta": 0.736003}}
{"target": 0.38019644468068636, "params": {"eta": 0.1654505521201188, "max_depth": 1.0553868099687653, "n_estimators": 14.544943895820921}, "datetime": {"datetime": "2021-09-24 12:14:23", "elapsed": 186.218672, "delta": 1.225843}}
{"target": 0.23327622105525536, "params": {"eta": 0.473931781279996, "max_depth": 20.261332884616888, "n_estimators": 18.257359964177486}, "datetime": {"datetime": "2021-09-24 12:14:24", "elapsed": 187.114387, "delta": 0.895715}}
{"target": 0.08212932352910096, "params": {"eta": 0.7844922862605298, "max_depth": 11.922763784880917, "n_estimators": 32.68174092615274}, "datetime": {"datetime": "2021-09-24 12:14:26", "elapsed": 188.788576, "delta": 1.674189}}
{"target": 0.06348688215011256, "params": {"eta": 0.7925362205406541, "max_depth": 19.29124012783562, "n_estimators": 15.735701829912449}, "datetime": {"datetime": "2021-09-24 12:14:27", "elapsed": 190.194568, "delta": 1.405992}}
{"target": 0.3256167065252671, "params": {"eta": 0.16879236212798768, "max_depth": 19.107878482951932, "n_estimators": 32.11895114818921}, "datetime": {"datetime": "2021-09-24 12:14:29", "elapsed": 192.021487, "delta": 1.826919}}
{"target": 0.12325377891302514, "params": {"eta": 0.8114027039486069, "max_depth": 18.815520473815727, "n_estimators": 17.108577895314646}, "datetime": {"datetime": "2021-09-24 12:14:31", "elapsed": 193.629485, "delta": 1.607998}}
{"target": 0.24602469005872607, "params": {"eta": 0.8962290226323822, "max_depth": 3.214819757858802, "n_estimators": 19.85408387844527}, "datetime": {"datetime": "2021-09-24 12:14:32", "elapsed": 195.378971, "delta": 1.749486}}
{"target": 0.3289852657859189, "params": {"eta": 0.09568012678660898, "max_depth": 3.0516509651183794, "n_estimators": 19.01975897351443}, "datetime": {"datetime": "2021-09-24 12:14:34", "elapsed": 196.703509, "delta": 1.324538}}
{"target": -0.03384361807187952, "params": {"eta": 1.0, "max_depth": 13.206455665530752, "n_estimators": 37.89737937800892}, "datetime": {"datetime": "2021-09-24 12:14:35", "elapsed": 198.098895, "delta": 1.395386}}
{"target": -0.01894697922770683, "params": {"eta": 0.9993107709498061, "max_depth": 21.717467425066797, "n_estimators": 11.164555903988381}, "datetime": {"datetime": "2021-09-24 12:14:36", "elapsed": 199.229542, "delta": 1.130647}}
{"target": 0.10245359470639781, "params": {"eta": 0.9347429615664262, "max_depth": 14.864224367029745, "n_estimators": 32.106658434948486}, "datetime": {"datetime": "2021-09-24 12:14:38", "elapsed": 200.576015, "delta": 1.346473}}
{"target": -3.882399343456844, "params": {"eta": 0.001, "max_depth": 22.839712226531567, "n_estimators": 15.492275943943428}, "datetime": {"datetime": "2021-09-24 12:14:39", "elapsed": 202.088307, "delta": 1.512292}}
{"target": 0.21286426168610129, "params": {"eta": 0.6252910820821073, "max_depth": 4.729728144026032, "n_estimators": 33.81068695088946}, "datetime": {"datetime": "2021-09-24 12:14:40", "elapsed": 203.041304, "delta": 0.952997}}
{"target": 0.043296239924672686, "params": {"eta": 0.9079682637890464, "max_depth": 10.200508083863738, "n_estimators": 33.270928467137765}, "datetime": {"datetime": "2021-09-24 12:14:42", "elapsed": 204.823679, "delta": 1.782375}}
{"target": -0.0213455337099846, "params": {"eta": 0.9882465604936439, "max_depth": 22.311513988940312, "n_estimators": 14.241701489106905}, "datetime": {"datetime": "2021-09-24 12:14:43", "elapsed": 206.210346, "delta": 1.386667}}
{"target": -2.0010346288441747, "params": {"eta": 0.011726123804056559, "max_depth": 3.2213154839802827, "n_estimators": 25.97396512334386}, "datetime": {"datetime": "2021-09-24 12:14:45", "elapsed": 207.655163, "delta": 1.444817}}
{"target": -2.190411017519598, "params": {"eta": 0.010945648669511272, "max_depth": 21.723292475992054, "n_estimators": 25.45265295521}, "datetime": {"datetime": "2021-09-24 12:14:46", "elapsed": 208.769098, "delta": 1.113935}}
{"target": -3.1307663568954114, "params": {"eta": 0.006348913322509726, "max_depth": 2.7726117342770644, "n_estimators": 17.479238374045057}, "datetime": {"datetime": "2021-09-24 12:14:47", "elapsed": 210.449594, "delta": 1.680496}}
{"target": 0.10097374404445436, "params": {"eta": 0.820405297764584, "max_depth": 3.0578851575001957, "n_estimators": 18.7739777702902}, "datetime": {"datetime": "2021-09-24 12:14:49", "elapsed": 211.938238, "delta": 1.488644}}
{"target": 0.062229987680303966, "params": {"eta": 0.07102428206182052, "max_depth": 29.270534282680746, "n_estimators": 20.824756875311408}, "datetime": {"datetime": "2021-09-24 12:14:50", "elapsed": 212.77184, "delta": 0.833602}}
{"target": 0.3146138790538696, "params": {"eta": 0.26070282076881174, "max_depth": 7.2600980766307455, "n_estimators": 31.123598862049732}, "datetime": {"datetime": "2021-09-24 12:14:51", "elapsed": 213.695838, "delta": 0.923998}}
{"target": 0.44311815796834997, "params": {"eta": 0.23510152579469779, "max_depth": 1.3450081274267716, "n_estimators": 26.248089154757224}, "datetime": {"datetime": "2021-09-24 12:14:52", "elapsed": 215.046584, "delta": 1.350746}}
{"target": 0.38174912932585525, "params": {"eta": 0.8048402620035399, "max_depth": 1.0075780102175518, "n_estimators": 14.72404737515763}, "datetime": {"datetime": "2021-09-24 12:14:54", "elapsed": 216.788104, "delta": 1.74152}}
{"target": -2.230346045964678, "params": {"eta": 0.05186826698998892, "max_depth": 9.75843789549457, "n_estimators": 5.9414047270262484}, "datetime": {"datetime": "2021-09-24 12:14:55", "elapsed": 217.630104, "delta": 0.842}}
{"target": 0.2546082727355784, "params": {"eta": 0.6373052131906275, "max_depth": 10.7756353403245, "n_estimators": 12.916385429901615}, "datetime": {"datetime": "2021-09-24 12:14:56", "elapsed": 218.559904, "delta": 0.9298}}
{"target": 0.3952439056335194, "params": {"eta": 0.6616847267480598, "max_depth": 1.9845907932149587, "n_estimators": 23.85584847552169}, "datetime": {"datetime": "2021-09-24 12:14:57", "elapsed": 220.279029, "delta": 1.719125}}
{"target": -1.5818264012234793, "params": {"eta": 0.022955037116293764, "max_depth": 17.155171301129496, "n_estimators": 18.87341596974027}, "datetime": {"datetime": "2021-09-24 12:14:58", "elapsed": 221.151028, "delta": 0.871999}}
{"target": 0.34360178669588126, "params": {"eta": 0.15108383498953804, "max_depth": 24.787517821002627, "n_estimators": 27.461546687181734}, "datetime": {"datetime": "2021-09-24 12:15:00", "elapsed": 223.038866, "delta": 1.887838}}
{"target": 0.3559147826714123, "params": {"eta": 0.9157726242629318, "max_depth": 1.9070408825585705, "n_estimators": 25.52484277122097}, "datetime": {"datetime": "2021-09-24 12:15:01", "elapsed": 223.956864, "delta": 0.917998}}
{"target": 0.24523861152656434, "params": {"eta": 0.4239847473141405, "max_depth": 23.300075395869555, "n_estimators": 8.916792544117216}, "datetime": {"datetime": "2021-09-24 12:15:02", "elapsed": 224.827623, "delta": 0.870759}}
{"target": 0.0570154790589571, "params": {"eta": 0.03693286648249821, "max_depth": 12.962718305949739, "n_estimators": 38.272887109274244}, "datetime": {"datetime": "2021-09-24 12:15:03", "elapsed": 226.409981, "delta": 1.582358}}
{"target": -0.050371966271985924, "params": {"eta": 0.9799075628869415, "max_depth": 17.138036060362758, "n_estimators": 19.077511347553795}, "datetime": {"datetime": "2021-09-24 12:15:05", "elapsed": 227.738679, "delta": 1.328698}}
{"target": -0.04783828933264833, "params": {"eta": 1.0, "max_depth": 10.87771379440237, "n_estimators": 13.546110749744141}, "datetime": {"datetime": "2021-09-24 12:15:06", "elapsed": 229.131664, "delta": 1.392985}}
{"target": 0.27609840271199304, "params": {"eta": 0.4946591183048045, "max_depth": 19.976529965646705, "n_estimators": 5.319991135086149}, "datetime": {"datetime": "2021-09-24 12:15:07", "elapsed": 229.982663, "delta": 0.850999}}
{"target": 0.342666414131918, "params": {"eta": 0.5897813634905165, "max_depth": 2.4701440343404197, "n_estimators": 24.73503359059954}, "datetime": {"datetime": "2021-09-24 12:15:08", "elapsed": 231.461572, "delta": 1.478909}}
{"target": 0.3386251198067399, "params": {"eta": 0.20667220671509368, "max_depth": 19.04441204057846, "n_estimators": 40.383533456057435}, "datetime": {"datetime": "2021-09-24 12:15:10", "elapsed": 232.534115, "delta": 1.072543}}
{"target": 0.31256052301439363, "params": {"eta": 0.17231907193684068, "max_depth": 13.738235887907633, "n_estimators": 38.528538073988166}, "datetime": {"datetime": "2021-09-24 12:15:12", "elapsed": 234.62126, "delta": 2.087145}}
{"target": 0.14641017446781723, "params": {"eta": 0.9165034842146721, "max_depth": 20.92658317036163, "n_estimators": 18.618721618675977}, "datetime": {"datetime": "2021-09-24 12:15:13", "elapsed": 235.560259, "delta": 0.938999}}
{"target": 0.28435566483179964, "params": {"eta": 0.17022536690581772, "max_depth": 21.074258723869583, "n_estimators": 18.03871882807397}, "datetime": {"datetime": "2021-09-24 12:15:14", "elapsed": 236.88061, "delta": 1.320351}}
{"target": -3.882399343456844, "params": {"eta": 0.001, "max_depth": 9.374826533432795, "n_estimators": 15.393364317033456}, "datetime": {"datetime": "2021-09-24 12:15:15", "elapsed": 238.228047, "delta": 1.347437}}
{"target": 0.3887346325643254, "params": {"eta": 0.08323405040649078, "max_depth": 2.0392004125191576, "n_estimators": 25.685820049457067}, "datetime": {"datetime": "2021-09-24 12:15:16", "elapsed": 239.421854, "delta": 1.193807}}
{"target": 0.3659865599702483, "params": {"eta": 0.11795633953887323, "max_depth": 23.507081934349795, "n_estimators": 38.6389351497419}, "datetime": {"datetime": "2021-09-24 12:15:18", "elapsed": 240.613149, "delta": 1.191295}}
{"target": -0.04784360901654172, "params": {"eta": 1.0, "max_depth": 10.47194596472443, "n_estimators": 14.81903610652939}, "datetime": {"datetime": "2021-09-24 12:15:20", "elapsed": 242.477933, "delta": 1.864784}}
{"target": 0.3265316268354731, "params": {"eta": 0.0897976343245073, "max_depth": 13.641350794326003, "n_estimators": 32.25466499110239}, "datetime": {"datetime": "2021-09-24 12:15:21", "elapsed": 244.442666, "delta": 1.964733}}
{"target": 0.39031672673979556, "params": {"eta": 0.6494081897226053, "max_depth": 1.6155415691519004, "n_estimators": 14.020321939625406}, "datetime": {"datetime": "2021-09-24 12:15:23", "elapsed": 246.019667, "delta": 1.577001}}
{"target": 0.3244580509558397, "params": {"eta": 0.23220005389608972, "max_depth": 10.197460701699411, "n_estimators": 34.55037039725935}, "datetime": {"datetime": "2021-09-24 12:15:24", "elapsed": 247.032342, "delta": 1.012675}}
{"target": 0.27712706799289055, "params": {"eta": 0.4240354404827137, "max_depth": 22.37659653974689, "n_estimators": 24.021646688040363}, "datetime": {"datetime": "2021-09-24 12:15:26", "elapsed": 248.709766, "delta": 1.677424}}
{"target": 0.21158193360977862, "params": {"eta": 0.17623541699735973, "max_depth": 6.031363042108471, "n_estimators": 9.269426968401959}, "datetime": {"datetime": "2021-09-24 12:15:27", "elapsed": 249.640082, "delta": 0.930316}}
{"target": -0.07951560276175451, "params": {"eta": 0.9813853152894307, "max_depth": 12.287572552484107, "n_estimators": 23.31533942491567}, "datetime": {"datetime": "2021-09-24 12:15:28", "elapsed": 250.573797, "delta": 0.933715}}
{"target": 0.18644488279491633, "params": {"eta": 0.7202295009268133, "max_depth": 17.648890463459512, "n_estimators": 23.12511010721872}, "datetime": {"datetime": "2021-09-24 12:15:29", "elapsed": 251.682794, "delta": 1.108997}}
{"target": -0.03492666494284924, "params": {"eta": 1.0, "max_depth": 21.04922228347207, "n_estimators": 24.29174298566355}, "datetime": {"datetime": "2021-09-24 12:15:31", "elapsed": 253.889203, "delta": 2.206409}}
{"target": 0.31155254015516953, "params": {"eta": 0.13418686616928227, "max_depth": 24.56120606046014, "n_estimators": 40.40690716500742}, "datetime": {"datetime": "2021-09-24 12:15:32", "elapsed": 255.110772, "delta": 1.221569}}
{"target": 0.4032649017467985, "params": {"eta": 0.18753362804083964, "max_depth": 3.839981979496592, "n_estimators": 19.58987719914349}, "datetime": {"datetime": "2021-09-24 12:15:34", "elapsed": 256.707541, "delta": 1.596769}}
{"target": 0.20998134007105307, "params": {"eta": 0.20469550029048805, "max_depth": 27.216067098414285, "n_estimators": 8.220746292992853}, "datetime": {"datetime": "2021-09-24 12:15:35", "elapsed": 257.588543, "delta": 0.881002}}
{"target": 0.298535946843407, "params": {"eta": 0.1259049279521091, "max_depth": 24.023480632972323, "n_estimators": 39.50502391476865}, "datetime": {"datetime": "2021-09-24 12:15:37", "elapsed": 259.985312, "delta": 2.396769}}
{"target": -0.11741062376722056, "params": {"eta": 0.991541732375149, "max_depth": 20.83371990231995, "n_estimators": 13.325719257352267}, "datetime": {"datetime": "2021-09-24 12:15:39", "elapsed": 261.809953, "delta": 1.824641}}
{"target": 0.33339803044031824, "params": {"eta": 0.5454983333972588, "max_depth": 3.509129598216963, "n_estimators": 23.240413306192806}, "datetime": {"datetime": "2021-09-24 12:15:40", "elapsed": 262.806985, "delta": 0.997032}}
{"target": 0.33088765559694955, "params": {"eta": 0.549661663327067, "max_depth": 3.7891754132885738, "n_estimators": 24.098205732204274}, "datetime": {"datetime": "2021-09-24 12:15:42", "elapsed": 264.680658, "delta": 1.873673}}
{"target": 0.08474169148229571, "params": {"eta": 1.0, "max_depth": 4.0893306943301395, "n_estimators": 23.486829147266462}, "datetime": {"datetime": "2021-09-24 12:15:44", "elapsed": 266.709188, "delta": 2.02853}}
{"target": 0.3991715537428938, "params": {"eta": 0.9892982829205125, "max_depth": 1.9023390433689964, "n_estimators": 16.879403907495217}, "datetime": {"datetime": "2021-09-24 12:15:46", "elapsed": 269.107045, "delta": 2.397857}}
{"target": -0.01622538455677569, "params": {"eta": 1.0, "max_depth": 9.157841271356103, "n_estimators": 16.759797125785322}, "datetime": {"datetime": "2021-09-24 12:15:48", "elapsed": 270.680666, "delta": 1.573621}}
{"target": 0.08483762141425033, "params": {"eta": 0.9814220084649811, "max_depth": 4.24461651520859, "n_estimators": 19.95509781084881}, "datetime": {"datetime": "2021-09-24 12:15:49", "elapsed": 272.307321, "delta": 1.626655}}
{"target": 0.2151923768580971, "params": {"eta": 0.9898375928760158, "max_depth": 3.9415659939622616, "n_estimators": 17.547293084843364}, "datetime": {"datetime": "2021-09-24 12:15:51", "elapsed": 274.41182, "delta": 2.104499}}
{"target": -1.192621474788325, "params": {"eta": 0.029237840528654767, "max_depth": 21.001913528869057, "n_estimators": 18.983802495993167}, "datetime": {"datetime": "2021-09-24 12:15:53", "elapsed": 276.138821, "delta": 1.727001}}
{"target": 0.3138790315815434, "params": {"eta": 0.08960385495509665, "max_depth": 10.436354027537796, "n_estimators": 33.663073469298894}, "datetime": {"datetime": "2021-09-24 12:15:55", "elapsed": 278.053308, "delta": 1.914487}}
{"target": 0.2551424791337783, "params": {"eta": 0.6769343895510468, "max_depth": 23.249727199110286, "n_estimators": 24.55250920385793}, "datetime": {"datetime": "2021-09-24 12:15:58", "elapsed": 280.501131, "delta": 2.447823}}
{"target": 0.3413688029766634, "params": {"eta": 0.12149681468675562, "max_depth": 12.227206374827384, "n_estimators": 35.782375279534996}, "datetime": {"datetime": "2021-09-24 12:16:00", "elapsed": 282.988065, "delta": 2.486934}}
{"target": 0.28788266183834244, "params": {"eta": 0.07270466110549627, "max_depth": 3.047047489953745, "n_estimators": 23.977296638480052}, "datetime": {"datetime": "2021-09-24 12:16:02", "elapsed": 284.77055, "delta": 1.782485}}
{"target": -0.05590086917460391, "params": {"eta": 0.8829463900531658, "max_depth": 23.861684502123225, "n_estimators": 14.380822241354284}, "datetime": {"datetime": "2021-09-24 12:16:04", "elapsed": 287.097289, "delta": 2.326739}}
{"target": -0.0640799855195826, "params": {"eta": 0.9893896382572586, "max_depth": 28.08929497264006, "n_estimators": 3.705401845433727}, "datetime": {"datetime": "2021-09-24 12:16:05", "elapsed": 288.184287, "delta": 1.086998}}
{"target": 0.06468071985925994, "params": {"eta": 0.6171686309826874, "max_depth": 24.09423810327651, "n_estimators": 9.280221058213321}, "datetime": {"datetime": "2021-09-24 12:16:07", "elapsed": 289.551174, "delta": 1.366887}}
{"target": 0.3111519408236938, "params": {"eta": 0.33077476989432114, "max_depth": 23.848478860859977, "n_estimators": 28.071977436685135}, "datetime": {"datetime": "2021-09-24 12:16:09", "elapsed": 291.926182, "delta": 2.375008}}
{"target": -0.25646083041242473, "params": {"eta": 0.39977368040705574, "max_depth": 6.279633441059112, "n_estimators": 2.5567610876610742}, "datetime": {"datetime": "2021-09-24 12:16:10", "elapsed": 293.327601, "delta": 1.401419}}
{"target": 0.3494244841119314, "params": {"eta": 0.09278143243185219, "max_depth": 1.863769437636455, "n_estimators": 22.96888863295859}, "datetime": {"datetime": "2021-09-24 12:16:12", "elapsed": 294.944255, "delta": 1.616654}}
{"target": -0.05362617088563604, "params": {"eta": 1.0, "max_depth": 11.5296402984556, "n_estimators": 12.80218540279377}, "datetime": {"datetime": "2021-09-24 12:16:15", "elapsed": 297.543969, "delta": 2.599714}}
{"target": -1.0208841771226544, "params": {"eta": 0.044658299330252026, "max_depth": 25.78520153324733, "n_estimators": 13.131506166205398}, "datetime": {"datetime": "2021-09-24 12:16:16", "elapsed": 299.20855, "delta": 1.664581}}
{"target": 0.27224812369996043, "params": {"eta": 0.6607365752464093, "max_depth": 7.5676239718841956, "n_estimators": 14.80117467512294}, "datetime": {"datetime": "2021-09-24 12:16:18", "elapsed": 300.691144, "delta": 1.482594}}
{"target": 0.3790757772823674, "params": {"eta": 0.910339881560177, "max_depth": 1.384416701263795, "n_estimators": 22.28897981498118}, "datetime": {"datetime": "2021-09-24 12:16:20", "elapsed": 302.844144, "delta": 2.153}}
{"target": -0.003143590323247736, "params": {"eta": 0.987515696611431, "max_depth": 10.192621081770124, "n_estimators": 16.27462853599603}, "datetime": {"datetime": "2021-09-24 12:16:22", "elapsed": 304.636984, "delta": 1.79284}}
{"target": 0.21572673159386413, "params": {"eta": 0.4646084304655263, "max_depth": 23.09381562399357, "n_estimators": 39.389678002113335}, "datetime": {"datetime": "2021-09-24 12:16:24", "elapsed": 306.705229, "delta": 2.068245}}
{"target": 0.09625940431445257, "params": {"eta": 0.7752012598349469, "max_depth": 28.118520539010877, "n_estimators": 35.50071479461241}, "datetime": {"datetime": "2021-09-24 12:16:25", "elapsed": 307.810227, "delta": 1.104998}}
{"target": 0.17561603876570375, "params": {"eta": 0.6332686885313477, "max_depth": 25.229846529041872, "n_estimators": 15.104816427627929}, "datetime": {"datetime": "2021-09-24 12:16:26", "elapsed": 308.945322, "delta": 1.135095}}
{"target": 0.13336404456804862, "params": {"eta": 0.5697011813873422, "max_depth": 14.26061773205414, "n_estimators": 36.18499868534769}, "datetime": {"datetime": "2021-09-24 12:16:27", "elapsed": 310.333506, "delta": 1.388184}}
{"target": 0.15288148157151304, "params": {"eta": 0.7296512088295368, "max_depth": 13.518603414069187, "n_estimators": 35.39070906440919}, "datetime": {"datetime": "2021-09-24 12:16:30", "elapsed": 312.905974, "delta": 2.572468}}
{"target": 0.014198243302529612, "params": {"eta": 0.9995355397337063, "max_depth": 15.189263894516415, "n_estimators": 36.1217757697182}, "datetime": {"datetime": "2021-09-24 12:16:32", "elapsed": 314.909951, "delta": 2.003977}}
