{"target": -44.60680495527454, "params": {"eta": 0.4694756405342233, "max_depth": 1.3914625791500064, "n_estimators": 63.538396505248066}, "datetime": {"datetime": "2021-09-24 16:10:31", "elapsed": 366.233303, "delta": 1.39058}}
{"target": -45.123305758139246, "params": {"eta": 0.06200834885942603, "max_depth": 1.8790568286489449, "n_estimators": 63.72134009785193}, "datetime": {"datetime": "2021-09-24 16:10:33", "elapsed": 368.507236, "delta": 2.273933}}
{"target": -46.47021168873722, "params": {"eta": 0.05, "max_depth": 1.4412229108005243, "n_estimators": 54.60222652140133}, "datetime": {"datetime": "2021-09-24 16:10:35", "elapsed": 370.611336, "delta": 2.1041}}
{"target": -51.1242992429805, "params": {"eta": 0.34041687004256893, "max_depth": 4.583460650132811, "n_estimators": 25.434544138717992}, "datetime": {"datetime": "2021-09-24 16:10:37", "elapsed": 371.967536, "delta": 1.3562}}
{"target": -44.74518413113472, "params": {"eta": 0.05, "max_depth": 1.4820457713209358, "n_estimators": 90.04299595374982}, "datetime": {"datetime": "2021-09-24 16:10:39", "elapsed": 374.607823, "delta": 2.640287}}
{"target": -46.49615163014347, "params": {"eta": 0.21973886000986054, "max_depth": 2.3223853522779914, "n_estimators": 83.48847692745635}, "datetime": {"datetime": "2021-09-24 16:10:41", "elapsed": 375.921888, "delta": 1.314065}}
{"target": -47.813997856656414, "params": {"eta": 0.41906702561667286, "max_depth": 2.3446130579023747, "n_estimators": 74.64957408349059}, "datetime": {"datetime": "2021-09-24 16:10:43", "elapsed": 378.494323, "delta": 2.572435}}
{"target": -47.43565486248274, "params": {"eta": 0.462944635526151, "max_depth": 2.2491984460352126, "n_estimators": 54.56256901812811}, "datetime": {"datetime": "2021-09-24 16:10:45", "elapsed": 380.420367, "delta": 1.926044}}
{"target": -45.30632959810415, "params": {"eta": 0.466150840001334, "max_depth": 1.505437234614769, "n_estimators": 99.74492367945476}, "datetime": {"datetime": "2021-09-24 16:10:48", "elapsed": 382.944049, "delta": 2.523682}}
{"target": -43.29404873955519, "params": {"eta": 0.10708359954729951, "max_depth": 1.6109972205823948, "n_estimators": 80.20072254265128}, "datetime": {"datetime": "2021-09-24 16:10:51", "elapsed": 386.166726, "delta": 3.222677}}
{"target": -43.60834130308682, "params": {"eta": 0.12367830218296537, "max_depth": 1.4069276789958036, "n_estimators": 60.2578400804627}, "datetime": {"datetime": "2021-09-24 16:10:52", "elapsed": 387.594095, "delta": 1.427369}}
{"target": -47.95137683610271, "params": {"eta": 0.0540855895048735, "max_depth": 1.418869090315685, "n_estimators": 39.99154880820807}, "datetime": {"datetime": "2021-09-24 16:10:55", "elapsed": 389.899679, "delta": 2.305584}}
{"target": -48.37372184696054, "params": {"eta": 0.5, "max_depth": 2.272635910847947, "n_estimators": 39.88614333325523}, "datetime": {"datetime": "2021-09-24 16:10:57", "elapsed": 392.324443, "delta": 2.424764}}
{"target": -43.038818760922084, "params": {"eta": 0.17030309554365186, "max_depth": 1.8023770862124202, "n_estimators": 73.9842261959735}, "datetime": {"datetime": "2021-09-24 16:10:59", "elapsed": 394.658694, "delta": 2.334251}}
{"target": -44.30377091142468, "params": {"eta": 0.49201996786383223, "max_depth": 1.5483593769175066, "n_estimators": 55.29728940393735}, "datetime": {"datetime": "2021-09-24 16:11:02", "elapsed": 397.071825, "delta": 2.413131}}
{"target": -49.756094581202454, "params": {"eta": 0.42464333153416906, "max_depth": 2.424760648768842, "n_estimators": 95.83628220351844}, "datetime": {"datetime": "2021-09-24 16:11:05", "elapsed": 400.248211, "delta": 3.176386}}
{"target": -44.622974539161625, "params": {"eta": 0.48570697040694777, "max_depth": 1.5562733988849158, "n_estimators": 71.4390767104552}, "datetime": {"datetime": "2021-09-24 16:11:08", "elapsed": 403.134741, "delta": 2.88653}}
{"target": -43.818014474739705, "params": {"eta": 0.4872205561353329, "max_depth": 1.6086628491261163, "n_estimators": 46.73815217878632}, "datetime": {"datetime": "2021-09-24 16:11:10", "elapsed": 405.720274, "delta": 2.585533}}
{"target": -44.095252015536886, "params": {"eta": 0.07599559039244812, "max_depth": 1.0297370466610287, "n_estimators": 80.73990731454626}, "datetime": {"datetime": "2021-09-24 16:11:13", "elapsed": 407.878006, "delta": 2.157732}}
{"target": -43.35113290198763, "params": {"eta": 0.2317173385871159, "max_depth": 1.040380595388784, "n_estimators": 33.97299805061421}, "datetime": {"datetime": "2021-09-24 16:11:15", "elapsed": 409.999408, "delta": 2.121402}}
{"target": -45.427169512985344, "params": {"eta": 0.17083178516934466, "max_depth": 3.224253010473443, "n_estimators": 81.73721161419746}, "datetime": {"datetime": "2021-09-24 16:11:16", "elapsed": 411.47202, "delta": 1.472612}}
{"target": -43.80849118340284, "params": {"eta": 0.4846065897168848, "max_depth": 1.0146549289990765, "n_estimators": 47.37148964017539}, "datetime": {"datetime": "2021-09-24 16:11:18", "elapsed": 412.966218, "delta": 1.494198}}
{"target": -46.255759590550475, "params": {"eta": 0.13078423472053627, "max_depth": 4.336622433011567, "n_estimators": 39.66418502279832}, "datetime": {"datetime": "2021-09-24 16:11:19", "elapsed": 414.551285, "delta": 1.585067}}
{"target": -43.028897565110285, "params": {"eta": 0.24126516525787023, "max_depth": 1.0904726526686566, "n_estimators": 46.96240209642244}, "datetime": {"datetime": "2021-09-24 16:11:22", "elapsed": 416.902345, "delta": 2.35106}}
{"target": -45.38840719811002, "params": {"eta": 0.07709067838080115, "max_depth": 1.2845043519066732, "n_estimators": 47.772045958828635}, "datetime": {"datetime": "2021-09-24 16:11:24", "elapsed": 419.662312, "delta": 2.759967}}
{"target": -44.68437131723963, "params": {"eta": 0.05, "max_depth": 1.4063498915535246, "n_estimators": 92.6143521593843}, "datetime": {"datetime": "2021-09-24 16:11:27", "elapsed": 421.858017, "delta": 2.195705}}
{"target": -45.99729127812206, "params": {"eta": 0.05, "max_depth": 1.1974532317671163, "n_estimators": 63.86017811639542}, "datetime": {"datetime": "2021-09-24 16:11:29", "elapsed": 424.046018, "delta": 2.188001}}
{"target": -44.705466722187246, "params": {"eta": 0.5, "max_depth": 1.4755265490080018, "n_estimators": 67.91614799361014}, "datetime": {"datetime": "2021-09-24 16:11:31", "elapsed": 426.363663, "delta": 2.317645}}
{"target": -43.67628559313322, "params": {"eta": 0.05817241785234975, "max_depth": 2.761387011404917, "n_estimators": 58.61826386052721}, "datetime": {"datetime": "2021-09-24 16:11:32", "elapsed": 427.702039, "delta": 1.338376}}
{"target": -46.47431251697971, "params": {"eta": 0.14180060884638304, "max_depth": 2.9902372689211654, "n_estimators": 13.542152219617789}, "datetime": {"datetime": "2021-09-24 16:11:34", "elapsed": 429.23304, "delta": 1.531001}}
{"target": -45.987744066051974, "params": {"eta": 0.33187224619802425, "max_depth": 2.5488385281781856, "n_estimators": 58.032794221076145}, "datetime": {"datetime": "2021-09-24 16:11:36", "elapsed": 431.058039, "delta": 1.824999}}
{"target": -44.22746093291089, "params": {"eta": 0.47795544437701554, "max_depth": 1.2839289240364917, "n_estimators": 20.56969866878675}, "datetime": {"datetime": "2021-09-24 16:11:38", "elapsed": 433.116568, "delta": 2.058529}}
{"target": -43.57880674089704, "params": {"eta": 0.5, "max_depth": 1.5238538550309642, "n_estimators": 34.313732071727124}, "datetime": {"datetime": "2021-09-24 16:11:40", "elapsed": 435.142568, "delta": 2.026}}
{"target": -43.038564638983935, "params": {"eta": 0.3051843734126318, "max_depth": 1.6955419466570811, "n_estimators": 44.3071217349441}, "datetime": {"datetime": "2021-09-24 16:11:42", "elapsed": 437.618098, "delta": 2.47553}}
{"target": -44.52344570303322, "params": {"eta": 0.0510441073545414, "max_depth": 1.9538792403071343, "n_estimators": 96.63812770291506}, "datetime": {"datetime": "2021-09-24 16:11:46", "elapsed": 441.353403, "delta": 3.735305}}
{"target": -43.790918106423284, "params": {"eta": 0.11904460920438303, "max_depth": 2.0651584716240143, "n_estimators": 48.58284269205868}, "datetime": {"datetime": "2021-09-24 16:11:48", "elapsed": 443.470342, "delta": 2.116939}}
{"target": -47.022543168605715, "params": {"eta": 0.5, "max_depth": 2.355804669086035, "n_estimators": 26.79968041087318}, "datetime": {"datetime": "2021-09-24 16:11:52", "elapsed": 447.008338, "delta": 3.537996}}
{"target": -47.67857293437298, "params": {"eta": 0.37382050144467144, "max_depth": 4.065019850420311, "n_estimators": 15.076987680866221}, "datetime": {"datetime": "2021-09-24 16:11:53", "elapsed": 448.812319, "delta": 1.803981}}
{"target": -48.10375477496843, "params": {"eta": 0.059843853807292305, "max_depth": 1.5962217148704902, "n_estimators": 34.744668651007075}, "datetime": {"datetime": "2021-09-24 16:11:56", "elapsed": 451.393123, "delta": 2.580804}}
{"target": -44.25462189294342, "params": {"eta": 0.49949102271750667, "max_depth": 3.623348904478121, "n_estimators": 8.945488463061082}, "datetime": {"datetime": "2021-09-24 16:11:59", "elapsed": 454.457771, "delta": 3.064648}}
{"target": -44.92326527072075, "params": {"eta": 0.14590227638353576, "max_depth": 2.468668328981946, "n_estimators": 86.53417373337255}, "datetime": {"datetime": "2021-09-24 16:12:01", "elapsed": 456.452129, "delta": 1.994358}}
{"target": -44.50540620043762, "params": {"eta": 0.05, "max_depth": 1.529999519090618, "n_estimators": 98.43295546309619}, "datetime": {"datetime": "2021-09-24 16:12:04", "elapsed": 459.821385, "delta": 3.369256}}
{"target": -44.45279498566362, "params": {"eta": 0.05848783609763997, "max_depth": 1.8265467055273086, "n_estimators": 86.49873207743576}, "datetime": {"datetime": "2021-09-24 16:12:08", "elapsed": 462.952256, "delta": 3.130871}}
{"target": -45.734829579977166, "params": {"eta": 0.0766848420969912, "max_depth": 4.813793322523203, "n_estimators": 96.11937343545154}, "datetime": {"datetime": "2021-09-24 16:12:10", "elapsed": 465.344808, "delta": 2.392552}}
{"target": -44.202020860256106, "params": {"eta": 0.05986393249917504, "max_depth": 1.2587914691999798, "n_estimators": 95.74769342117217}, "datetime": {"datetime": "2021-09-24 16:12:13", "elapsed": 468.823246, "delta": 3.478438}}
{"target": -43.28051235801295, "params": {"eta": 0.410668777010293, "max_depth": 1.6728546454437727, "n_estimators": 23.546371638707203}, "datetime": {"datetime": "2021-09-24 16:12:17", "elapsed": 472.613098, "delta": 3.789852}}
{"target": -45.30185883027271, "params": {"eta": 0.05, "max_depth": 1.3492516990873522, "n_estimators": 74.27254807336817}, "datetime": {"datetime": "2021-09-24 16:12:20", "elapsed": 475.783612, "delta": 3.170514}}
{"target": -44.788208438041515, "params": {"eta": 0.14042935934291606, "max_depth": 2.691388496097278, "n_estimators": 93.09093851383747}, "datetime": {"datetime": "2021-09-24 16:12:22", "elapsed": 477.756591, "delta": 1.972979}}
{"target": -47.77753451354521, "params": {"eta": 0.24093212034045378, "max_depth": 3.397918637009205, "n_estimators": 45.21750358627966}, "datetime": {"datetime": "2021-09-24 16:12:27", "elapsed": 481.936651, "delta": 4.18006}}
{"target": -47.86442511422293, "params": {"eta": 0.12461578388230184, "max_depth": 4.410321067900654, "n_estimators": 14.489492105884402}, "datetime": {"datetime": "2021-09-24 16:12:29", "elapsed": 483.877985, "delta": 1.941334}}
{"target": -43.36587484259354, "params": {"eta": 0.05, "max_depth": 2.7254476592582724, "n_estimators": 90.18257798261341}, "datetime": {"datetime": "2021-09-24 16:12:31", "elapsed": 486.745928, "delta": 2.867943}}
{"target": -46.19278435958059, "params": {"eta": 0.05, "max_depth": 5.0, "n_estimators": 70.85142007229754}, "datetime": {"datetime": "2021-09-24 16:12:35", "elapsed": 490.475601, "delta": 3.729673}}
{"target": -45.203587754328446, "params": {"eta": 0.09708581620345308, "max_depth": 3.2979156125860047, "n_estimators": 59.86147657725467}, "datetime": {"datetime": "2021-09-24 16:12:40", "elapsed": 495.03101, "delta": 4.555409}}
{"target": -46.080772457266214, "params": {"eta": 0.07307951736635118, "max_depth": 4.582179403047313, "n_estimators": 71.33736121337093}, "datetime": {"datetime": "2021-09-24 16:12:43", "elapsed": 498.239803, "delta": 3.208793}}
{"target": -44.218356655952626, "params": {"eta": 0.47338654817075804, "max_depth": 1.2964313419343774, "n_estimators": 20.573933070626293}, "datetime": {"datetime": "2021-09-24 16:12:45", "elapsed": 500.226798, "delta": 1.986995}}
{"target": -43.28261135933094, "params": {"eta": 0.23413523486309268, "max_depth": 2.3872951765660733, "n_estimators": 17.349024815571617}, "datetime": {"datetime": "2021-09-24 16:12:49", "elapsed": 503.95845, "delta": 3.731652}}
{"target": -44.133409084234025, "params": {"eta": 0.240804502900827, "max_depth": 3.0021476320658143, "n_estimators": 17.253015845487802}, "datetime": {"datetime": "2021-09-24 16:12:52", "elapsed": 507.539239, "delta": 3.580789}}
{"target": -43.550508255349065, "params": {"eta": 0.34881818879185733, "max_depth": 1.7956405214837163, "n_estimators": 16.981895085490354}, "datetime": {"datetime": "2021-09-24 16:12:56", "elapsed": 511.168736, "delta": 3.629497}}
{"target": -44.14972322507012, "params": {"eta": 0.4868726586685804, "max_depth": 1.580696102359826, "n_estimators": 29.982724909616604}, "datetime": {"datetime": "2021-09-24 16:13:00", "elapsed": 515.336824, "delta": 4.168088}}
{"target": -42.75612448211899, "params": {"eta": 0.36894409645071596, "max_depth": 1.0746423842740862, "n_estimators": 53.24974294298928}, "datetime": {"datetime": "2021-09-24 16:13:02", "elapsed": 517.266118, "delta": 1.929294}}
{"target": -42.88125501360212, "params": {"eta": 0.2616565421220271, "max_depth": 1.6182725818724393, "n_estimators": 53.053868023054896}, "datetime": {"datetime": "2021-09-24 16:13:05", "elapsed": 520.624873, "delta": 3.358755}}
{"target": -43.137596331144636, "params": {"eta": 0.40691346640791987, "max_depth": 1.7168710816769108, "n_estimators": 52.44409285092004}, "datetime": {"datetime": "2021-09-24 16:13:09", "elapsed": 523.951195, "delta": 3.326322}}
{"target": -43.949045281661185, "params": {"eta": 0.44927022911138065, "max_depth": 1.4472215004366311, "n_estimators": 51.86548598889171}, "datetime": {"datetime": "2021-09-24 16:13:12", "elapsed": 527.480935, "delta": 3.52974}}
{"target": -45.925309374816436, "params": {"eta": 0.09393858323849308, "max_depth": 4.470103724891954, "n_estimators": 72.45373054626609}, "datetime": {"datetime": "2021-09-24 16:13:14", "elapsed": 529.528043, "delta": 2.047108}}
{"target": -52.43068051158934, "params": {"eta": 0.45423498729106454, "max_depth": 2.91014905773546, "n_estimators": 90.52626804151541}, "datetime": {"datetime": "2021-09-24 16:13:17", "elapsed": 532.805815, "delta": 3.277772}}
{"target": -43.283836250018354, "params": {"eta": 0.1765808863638893, "max_depth": 1.056301883024386, "n_estimators": 59.68669938662703}, "datetime": {"datetime": "2021-09-24 16:13:21", "elapsed": 536.716062, "delta": 3.910247}}
{"target": -46.93242088834146, "params": {"eta": 0.07974806321081018, "max_depth": 1.4254831270318964, "n_estimators": 30.559457139182538}, "datetime": {"datetime": "2021-09-24 16:13:25", "elapsed": 540.053063, "delta": 3.337001}}
{"target": -43.31385975314262, "params": {"eta": 0.3188902340792953, "max_depth": 1.6223935574121038, "n_estimators": 29.46803388265674}, "datetime": {"datetime": "2021-09-24 16:13:27", "elapsed": 541.894368, "delta": 1.841305}}
{"target": -46.915611267089844, "params": {"eta": 0.0819980650178033, "max_depth": 1.0924423905996896, "n_estimators": 29.55318813955026}, "datetime": {"datetime": "2021-09-24 16:13:30", "elapsed": 545.219762, "delta": 3.325394}}
{"target": -43.36587484259354, "params": {"eta": 0.05, "max_depth": 2.188801774552839, "n_estimators": 90.31195037510402}, "datetime": {"datetime": "2021-09-24 16:13:33", "elapsed": 548.306763, "delta": 3.087001}}
{"target": -44.79109665146448, "params": {"eta": 0.30236238777168034, "max_depth": 3.211047655813459, "n_estimators": 10.59321885864534}, "datetime": {"datetime": "2021-09-24 16:13:35", "elapsed": 550.152236, "delta": 1.845473}}
{"target": -43.29052481973978, "params": {"eta": 0.06877442565387029, "max_depth": 2.7482174130197095, "n_estimators": 89.58111897196689}, "datetime": {"datetime": "2021-09-24 16:13:38", "elapsed": 553.164644, "delta": 3.012408}}
{"target": -47.064935956682476, "params": {"eta": 0.11361463954554715, "max_depth": 2.2798090758608045, "n_estimators": 16.667972425755572}, "datetime": {"datetime": "2021-09-24 16:13:43", "elapsed": 558.822695, "delta": 5.658051}}
{"target": -44.441391564849624, "params": {"eta": 0.4920529376315221, "max_depth": 1.6503765029345772, "n_estimators": 22.09059171213872}, "datetime": {"datetime": "2021-09-24 16:13:48", "elapsed": 563.014518, "delta": 4.191823}}
{"target": -47.56439094256638, "params": {"eta": 0.2772202746303973, "max_depth": 4.117521035470498, "n_estimators": 22.303594002751332}, "datetime": {"datetime": "2021-09-24 16:13:50", "elapsed": 564.965807, "delta": 1.951289}}
{"target": -44.29467130962171, "params": {"eta": 0.5, "max_depth": 1.2106954840609003, "n_estimators": 52.7404143724828}, "datetime": {"datetime": "2021-09-24 16:13:52", "elapsed": 567.648764, "delta": 2.682957}}
{"target": -43.56276123505786, "params": {"eta": 0.0912162291253086, "max_depth": 1.0797324626689955, "n_estimators": 81.86622633259356}, "datetime": {"datetime": "2021-09-24 16:13:55", "elapsed": 570.578383, "delta": 2.929619}}
{"target": -49.54046774269047, "params": {"eta": 0.2742167267402434, "max_depth": 4.102794830131252, "n_estimators": 80.74253159500262}, "datetime": {"datetime": "2021-09-24 16:13:57", "elapsed": 572.455027, "delta": 1.876644}}
{"target": -46.465949467250276, "params": {"eta": 0.44619357412421634, "max_depth": 3.1838268437983817, "n_estimators": 16.12045806261729}, "datetime": {"datetime": "2021-09-24 16:14:00", "elapsed": 575.146477, "delta": 2.69145}}
{"target": -43.274699648520105, "params": {"eta": 0.3966062304435121, "max_depth": 1.7520004575042503, "n_estimators": 65.7697582987415}, "datetime": {"datetime": "2021-09-24 16:14:02", "elapsed": 577.662665, "delta": 2.516188}}
{"target": -44.940775591628, "params": {"eta": 0.050837713529177285, "max_depth": 3.492432753193531, "n_estimators": 77.1299676600524}, "datetime": {"datetime": "2021-09-24 16:14:06", "elapsed": 581.250995, "delta": 3.58833}}
{"target": -46.60089005204968, "params": {"eta": 0.16966986453004063, "max_depth": 3.411783006795237, "n_estimators": 69.35420314935556}, "datetime": {"datetime": "2021-09-24 16:14:08", "elapsed": 583.267959, "delta": 2.016964}}
{"target": -44.831724625781064, "params": {"eta": 0.4862191338418237, "max_depth": 1.671660070760423, "n_estimators": 66.36714437236368}, "datetime": {"datetime": "2021-09-24 16:14:11", "elapsed": 586.290954, "delta": 3.022995}}
{"target": -44.24612908614309, "params": {"eta": 0.242568685532219, "max_depth": 2.309500459013759, "n_estimators": 18.371651972906434}, "datetime": {"datetime": "2021-09-24 16:14:14", "elapsed": 589.687049, "delta": 3.396095}}
{"target": -48.282895970165285, "params": {"eta": 0.3705346171574588, "max_depth": 2.685765849352872, "n_estimators": 65.3632796300668}, "datetime": {"datetime": "2021-09-24 16:14:16", "elapsed": 591.490272, "delta": 1.803223}}
{"target": -46.04092602263716, "params": {"eta": 0.42893411747238597, "max_depth": 3.0847015900542383, "n_estimators": 6.807134658910816}, "datetime": {"datetime": "2021-09-24 16:14:20", "elapsed": 594.83747, "delta": 3.347198}}
{"target": -43.05799188829006, "params": {"eta": 0.09042365754893289, "max_depth": 2.982774824490669, "n_estimators": 75.31350029593999}, "datetime": {"datetime": "2021-09-24 16:14:24", "elapsed": 599.041199, "delta": 4.203729}}
{"target": -49.0205183387699, "params": {"eta": 0.25259908323786157, "max_depth": 4.520295060902837, "n_estimators": 85.98450773864298}, "datetime": {"datetime": "2021-09-24 16:14:26", "elapsed": 600.923262, "delta": 1.882063}}
{"target": -49.56770470984896, "params": {"eta": 0.37021978382968596, "max_depth": 4.749323804449987, "n_estimators": 20.82612879441219}, "datetime": {"datetime": "2021-09-24 16:14:28", "elapsed": 602.978503, "delta": 2.055241}}
{"target": -43.48001540334601, "params": {"eta": 0.09702300896827754, "max_depth": 2.2800920346540785, "n_estimators": 75.65290717037774}, "datetime": {"datetime": "2021-09-24 16:14:30", "elapsed": 605.43794, "delta": 2.459437}}
{"target": -43.32555793819571, "params": {"eta": 0.3587264233537928, "max_depth": 1.7164206593029903, "n_estimators": 87.2998244338078}, "datetime": {"datetime": "2021-09-24 16:14:33", "elapsed": 608.278392, "delta": 2.840452}}
{"target": -42.83592430631021, "params": {"eta": 0.26474773723220746, "max_depth": 1.2746122425587765, "n_estimators": 86.86863628415213}, "datetime": {"datetime": "2021-09-24 16:14:36", "elapsed": 611.359551, "delta": 3.081159}}
{"target": -43.56151764374927, "params": {"eta": 0.08255558635323301, "max_depth": 2.8781716979533623, "n_estimators": 53.7671873994604}, "datetime": {"datetime": "2021-09-24 16:14:38", "elapsed": 613.729789, "delta": 2.370238}}
{"target": -44.900896717731214, "params": {"eta": 0.2403499369844087, "max_depth": 2.3692578697289783, "n_estimators": 36.50573050644316}, "datetime": {"datetime": "2021-09-24 16:14:40", "elapsed": 615.457992, "delta": 1.728203}}
{"target": -44.30490178273136, "params": {"eta": 0.5, "max_depth": 1.7588387414184965, "n_estimators": 57.508572692663}, "datetime": {"datetime": "2021-09-24 16:14:43", "elapsed": 618.15734, "delta": 2.699348}}
{"target": -45.91943620380602, "params": {"eta": 0.22021071843872592, "max_depth": 3.318728938951818, "n_estimators": 54.27159414158472}, "datetime": {"datetime": "2021-09-24 16:14:47", "elapsed": 622.055642, "delta": 3.898302}}
{"target": -44.888615256861634, "params": {"eta": 0.05, "max_depth": 1.1312407731069565, "n_estimators": 85.47711207246613}, "datetime": {"datetime": "2021-09-24 16:14:50", "elapsed": 625.424074, "delta": 3.368432}}
