{"target": -39.42287002311512, "params": {"eta": 0.30182897865338953, "max_depth": 2.4625573899582096, "n_estimators": 13.2569437610106}, "datetime": {"datetime": "2021-09-29 14:16:03", "elapsed": 205.652053, "delta": 1.720102}}
{"target": -35.57249264289753, "params": {"eta": 0.07303552733910562, "max_depth": 1.539580939647563, "n_estimators": 14.261481561191768}, "datetime": {"datetime": "2021-09-29 14:16:05", "elapsed": 207.500288, "delta": 1.848235}}
{"target": -38.13225361854734, "params": {"eta": 0.34343408115601504, "max_depth": 2.732053616555358, "n_estimators": 11.802812592533432}, "datetime": {"datetime": "2021-09-29 14:16:07", "elapsed": 208.784502, "delta": 1.284214}}
{"target": -36.23083570919757, "params": {"eta": 0.07841829533056899, "max_depth": 1.0742754922209823, "n_estimators": 18.586467900566152}, "datetime": {"datetime": "2021-09-29 14:16:08", "elapsed": 209.995422, "delta": 1.21092}}
{"target": -53.88674410757625, "params": {"eta": 0.9894852271017878, "max_depth": 28.08929497264006, "n_estimators": 6.466015973427327}, "datetime": {"datetime": "2021-09-29 14:16:09", "elapsed": 210.955611, "delta": 0.960189}}
{"target": -39.2932826613565, "params": {"eta": 0.4873615421339081, "max_depth": 2.8178155707271575, "n_estimators": 13.361520184909358}, "datetime": {"datetime": "2021-09-29 14:16:10", "elapsed": 212.397915, "delta": 1.442304}}
{"target": -35.578900501208196, "params": {"eta": 0.08950435623295769, "max_depth": 3.4803635393886316, "n_estimators": 11.58618510662589}, "datetime": {"datetime": "2021-09-29 14:16:12", "elapsed": 214.680704, "delta": 2.282789}}
{"target": -35.759209994277434, "params": {"eta": 0.4051811247277129, "max_depth": 6.279633441059112, "n_estimators": 4.145292809764211}, "datetime": {"datetime": "2021-09-29 14:16:13", "elapsed": 215.601849, "delta": 0.921145}}
{"target": -58.02364705777886, "params": {"eta": 0.1133002561068366, "max_depth": 6.471126975391123, "n_estimators": 4.174196617723674}, "datetime": {"datetime": "2021-09-29 14:16:15", "elapsed": 216.917777, "delta": 1.315928}}
{"target": -37.92460222929635, "params": {"eta": 0.6038799208240788, "max_depth": 5.9428727369763, "n_estimators": 4.112450608235314}, "datetime": {"datetime": "2021-09-29 14:16:16", "elapsed": 218.625777, "delta": 1.708}}
{"target": -43.208147469290594, "params": {"eta": 0.7264727963262997, "max_depth": 6.405070678517016, "n_estimators": 4.269444743229845}, "datetime": {"datetime": "2021-09-29 14:16:18", "elapsed": 219.9665, "delta": 1.340723}}
{"target": -39.64253082071424, "params": {"eta": 0.32923887263138274, "max_depth": 3.289777508982633, "n_estimators": 12.01664618020426}, "datetime": {"datetime": "2021-09-29 14:16:19", "elapsed": 221.367978, "delta": 1.401478}}
{"target": -75.68016083291876, "params": {"eta": 0.01935748955292322, "max_depth": 2.9219133523630276, "n_estimators": 11.349786477971346}, "datetime": {"datetime": "2021-09-29 14:16:21", "elapsed": 223.471496, "delta": 2.103518}}
{"target": -41.823443563879245, "params": {"eta": 0.4190991705129788, "max_depth": 10.17027880607835, "n_estimators": 15.813941229864595}, "datetime": {"datetime": "2021-09-29 14:16:22", "elapsed": 224.428799, "delta": 0.957303}}
{"target": -38.368742798409485, "params": {"eta": 0.3884361649338992, "max_depth": 1.5971067372385004, "n_estimators": 15.52062283318256}, "datetime": {"datetime": "2021-09-29 14:16:24", "elapsed": 226.632795, "delta": 2.203996}}
{"target": -46.73326029340536, "params": {"eta": 0.7772264737103077, "max_depth": 28.118520539010877, "n_estimators": 70.70552580952304}, "datetime": {"datetime": "2021-09-29 14:16:26", "elapsed": 227.797797, "delta": 1.165002}}
{"target": -44.666980473224854, "params": {"eta": 0.6365725742202544, "max_depth": 25.229846529041872, "n_estimators": 29.497486251738064}, "datetime": {"datetime": "2021-09-29 14:16:27", "elapsed": 229.017502, "delta": 1.219705}}
{"target": -44.11430380229345, "params": {"eta": 0.5735777473207896, "max_depth": 14.26061773205414, "n_estimators": 72.08805856835554}, "datetime": {"datetime": "2021-09-29 14:16:28", "elapsed": 230.413465, "delta": 1.395963}}
{"target": -40.121868383854526, "params": {"eta": 0.31436452103683965, "max_depth": 1.5392578305191849, "n_estimators": 14.390100312437198}, "datetime": {"datetime": "2021-09-29 14:16:30", "elapsed": 232.338086, "delta": 1.924621}}
{"target": -35.5762365921499, "params": {"eta": 0.12567636244220753, "max_depth": 2.314610338092602, "n_estimators": 13.510905801903847}, "datetime": {"datetime": "2021-09-29 14:16:32", "elapsed": 234.250895, "delta": 1.912809}}
{"target": -40.72639223042378, "params": {"eta": 0.44736793569762656, "max_depth": 3.3037285516490797, "n_estimators": 10.313147833942999}, "datetime": {"datetime": "2021-09-29 14:16:34", "elapsed": 235.92956, "delta": 1.678665}}
{"target": -50.62401317098721, "params": {"eta": 0.9757634097649236, "max_depth": 9.058609368116215, "n_estimators": 10.401040091859619}, "datetime": {"datetime": "2021-09-29 14:16:35", "elapsed": 236.940188, "delta": 1.010628}}
{"target": -45.972482005085496, "params": {"eta": 0.5365514691848485, "max_depth": 10.726036195962893, "n_estimators": 1.4835494025833533}, "datetime": {"datetime": "2021-09-29 14:16:36", "elapsed": 237.970183, "delta": 1.029995}}
{"target": -41.89745923199779, "params": {"eta": 0.7824299823386696, "max_depth": 3.0742425309038275, "n_estimators": 11.27822516957896}, "datetime": {"datetime": "2021-09-29 14:16:37", "elapsed": 239.567424, "delta": 1.597241}}
{"target": -35.56597723830927, "params": {"eta": 0.1401945650269288, "max_depth": 2.7468408991203592, "n_estimators": 13.738668175869906}, "datetime": {"datetime": "2021-09-29 14:16:40", "elapsed": 242.089235, "delta": 2.521811}}
{"target": -40.602973096698264, "params": {"eta": 0.7142512965265482, "max_depth": 2.8596648754475877, "n_estimators": 11.734176946642744}, "datetime": {"datetime": "2021-09-29 14:16:43", "elapsed": 244.779957, "delta": 2.690722}}
{"target": -39.875970735652444, "params": {"eta": 0.4839847027152673, "max_depth": 2.7990976737680104, "n_estimators": 9.844491577459866}, "datetime": {"datetime": "2021-09-29 14:16:45", "elapsed": 246.766991, "delta": 1.987034}}
{"target": -37.24562397210654, "params": {"eta": 0.18622686169316346, "max_depth": 3.0240558770266532, "n_estimators": 13.453632216171469}, "datetime": {"datetime": "2021-09-29 14:16:46", "elapsed": 248.649677, "delta": 1.882686}}
{"target": -40.053988790809186, "params": {"eta": 0.15333865340621627, "max_depth": 1.0632371021620384, "n_estimators": 17.491316626696207}, "datetime": {"datetime": "2021-09-29 14:16:48", "elapsed": 250.579378, "delta": 1.929701}}
{"target": -42.43819702145707, "params": {"eta": 0.7024055521940931, "max_depth": 2.2705439558764398, "n_estimators": 10.044742860451004}, "datetime": {"datetime": "2021-09-29 14:16:49", "elapsed": 251.561374, "delta": 0.981996}}
{"target": -35.00884535116289, "params": {"eta": 0.028139985949309505, "max_depth": 21.943881549449934, "n_estimators": 87.01419991560964}, "datetime": {"datetime": "2021-09-29 14:16:51", "elapsed": 252.927694, "delta": 1.36632}}
{"target": -41.00342162689989, "params": {"eta": 0.45290463924749796, "max_depth": 3.4362616876700973, "n_estimators": 11.638132902715995}, "datetime": {"datetime": "2021-09-29 14:16:53", "elapsed": 254.741902, "delta": 1.814208}}
{"target": -42.84477106664919, "params": {"eta": 0.6761019105950421, "max_depth": 8.30129025510411, "n_estimators": 25.962915922137256}, "datetime": {"datetime": "2021-09-29 14:16:54", "elapsed": 255.876901, "delta": 1.134999}}
{"target": -39.473707630842384, "params": {"eta": 0.47443980958806137, "max_depth": 2.839926419936075, "n_estimators": 13.33687178746756}, "datetime": {"datetime": "2021-09-29 14:16:55", "elapsed": 257.00367, "delta": 1.126769}}
{"target": -39.2470263816697, "params": {"eta": 0.3267789004229703, "max_depth": 21.828714656644838, "n_estimators": 87.12667765624566}, "datetime": {"datetime": "2021-09-29 14:16:57", "elapsed": 259.04093, "delta": 2.03726}}
{"target": -40.68995625550366, "params": {"eta": 0.36447779151662, "max_depth": 24.888889180906762, "n_estimators": 80.60730774733494}, "datetime": {"datetime": "2021-09-29 14:16:58", "elapsed": 260.637735, "delta": 1.596805}}
{"target": -44.94075845231489, "params": {"eta": 0.7154447257918679, "max_depth": 4.730887230200631, "n_estimators": 21.09314017688755}, "datetime": {"datetime": "2021-09-29 14:17:00", "elapsed": 261.735736, "delta": 1.098001}}
{"target": -44.02435740719834, "params": {"eta": 0.5296825055172636, "max_depth": 24.626206910738105, "n_estimators": 9.617780117857611}, "datetime": {"datetime": "2021-09-29 14:17:01", "elapsed": 262.990561, "delta": 1.254825}}
{"target": -39.438954449551275, "params": {"eta": 0.5582286558496907, "max_depth": 1.5160987755219355, "n_estimators": 10.555029835230831}, "datetime": {"datetime": "2021-09-29 14:17:03", "elapsed": 264.867633, "delta": 1.877072}}
{"target": -41.9135848008155, "params": {"eta": 0.712911835904606, "max_depth": 9.90244604144846, "n_estimators": 13.924554972003534}, "datetime": {"datetime": "2021-09-29 14:17:04", "elapsed": 265.982633, "delta": 1.115}}
{"target": -38.01321615175268, "params": {"eta": 0.9925404095596384, "max_depth": 1.6061251621023587, "n_estimators": 14.497896428247355}, "datetime": {"datetime": "2021-09-29 14:17:06", "elapsed": 268.60009, "delta": 2.617457}}
{"target": -40.511701694427884, "params": {"eta": 0.20130921605503838, "max_depth": 1.3858213993032813, "n_estimators": 18.409016537987558}, "datetime": {"datetime": "2021-09-29 14:17:08", "elapsed": 270.169526, "delta": 1.569436}}
{"target": -42.33457968198543, "params": {"eta": 0.45453030605208816, "max_depth": 10.570774309896084, "n_estimators": 56.28254751024799}, "datetime": {"datetime": "2021-09-29 14:17:09", "elapsed": 271.522833, "delta": 1.353307}}
{"target": -45.73590035972465, "params": {"eta": 0.7439135950143968, "max_depth": 27.365757388830243, "n_estimators": 99.35252909479625}, "datetime": {"datetime": "2021-09-29 14:17:10", "elapsed": 272.723061, "delta": 1.200228}}
{"target": -53.70345469126582, "params": {"eta": 0.9260055759804199, "max_depth": 23.534053313283007, "n_estimators": 60.87994447120018}, "datetime": {"datetime": "2021-09-29 14:17:12", "elapsed": 274.053061, "delta": 1.33}}
{"target": -40.08247536674426, "params": {"eta": 0.20828497272190868, "max_depth": 21.85559166430798, "n_estimators": 29.5516500609376}, "datetime": {"datetime": "2021-09-29 14:17:13", "elapsed": 275.490596, "delta": 1.437535}}
{"target": -39.10045173067257, "params": {"eta": 0.43509535914986347, "max_depth": 23.61802026289897, "n_estimators": 90.5229332459189}, "datetime": {"datetime": "2021-09-29 14:17:15", "elapsed": 276.953496, "delta": 1.4629}}
{"target": -40.91419819015051, "params": {"eta": 0.12493525800961999, "max_depth": 16.762530618482288, "n_estimators": 44.71268744576315}, "datetime": {"datetime": "2021-09-29 14:17:17", "elapsed": 279.613363, "delta": 2.659867}}
{"target": -42.30574727498303, "params": {"eta": 0.4117984035038484, "max_depth": 17.86764929328308, "n_estimators": 15.229419868800688}, "datetime": {"datetime": "2021-09-29 14:17:20", "elapsed": 282.131553, "delta": 2.51819}}
{"target": -37.4190621160354, "params": {"eta": 0.10783536693274896, "max_depth": 1.0086017656149346, "n_estimators": 16.345418862511025}, "datetime": {"datetime": "2021-09-29 14:17:22", "elapsed": 284.402247, "delta": 2.270694}}
{"target": -37.96177162339508, "params": {"eta": 0.06772134121192469, "max_depth": 14.357284629261468, "n_estimators": 42.99627018909863}, "datetime": {"datetime": "2021-09-29 14:17:24", "elapsed": 285.840398, "delta": 1.438151}}
{"target": -39.914022919965355, "params": {"eta": 0.24432402091821226, "max_depth": 22.350100199180105, "n_estimators": 86.87093817256726}, "datetime": {"datetime": "2021-09-29 14:17:26", "elapsed": 288.321245, "delta": 2.480847}}
{"target": -34.91018433421459, "params": {"eta": 0.11001136311990053, "max_depth": 3.6390670333235358, "n_estimators": 10.171761112481168}, "datetime": {"datetime": "2021-09-29 14:17:29", "elapsed": 290.830106, "delta": 2.508861}}
{"target": -47.765970430523964, "params": {"eta": 0.9709788969491906, "max_depth": 25.382689294963978, "n_estimators": 31.049618256490817}, "datetime": {"datetime": "2021-09-29 14:17:30", "elapsed": 292.282632, "delta": 1.452526}}
{"target": -39.64776844441112, "params": {"eta": 0.3007440677026306, "max_depth": 3.3432970900591905, "n_estimators": 11.399502029509346}, "datetime": {"datetime": "2021-09-29 14:17:32", "elapsed": 294.418809, "delta": 2.136177}}
{"target": -38.86244665713163, "params": {"eta": 0.23069967169134203, "max_depth": 1.349592470788366, "n_estimators": 9.85015926690649}, "datetime": {"datetime": "2021-09-29 14:17:35", "elapsed": 296.998391, "delta": 2.579582}}
{"target": -36.85787540583437, "params": {"eta": 0.44828375158444284, "max_depth": 6.131152627716478, "n_estimators": 3.7485200987568823}, "datetime": {"datetime": "2021-09-29 14:17:37", "elapsed": 299.671481, "delta": 2.67309}}
{"target": -39.98157319012938, "params": {"eta": 0.2166831059802805, "max_depth": 1.2218593483195712, "n_estimators": 16.82208480070898}, "datetime": {"datetime": "2021-09-29 14:17:39", "elapsed": 301.64828, "delta": 1.976799}}
{"target": -40.614654341541524, "params": {"eta": 0.4620123333321267, "max_depth": 3.6518814811837825, "n_estimators": 10.119766442910874}, "datetime": {"datetime": "2021-09-29 14:17:41", "elapsed": 303.436264, "delta": 1.787984}}
{"target": -34.11066578740414, "params": {"eta": 0.13849468294926126, "max_depth": 2.2167546768877755, "n_estimators": 10.16577713300359}, "datetime": {"datetime": "2021-09-29 14:17:44", "elapsed": 306.021097, "delta": 2.584833}}
{"target": -42.19254884365854, "params": {"eta": 0.4944455163353437, "max_depth": 26.170707899872387, "n_estimators": 78.5407339996827}, "datetime": {"datetime": "2021-09-29 14:17:45", "elapsed": 307.539981, "delta": 1.518884}}
{"target": -39.00991872048606, "params": {"eta": 0.2865814678508247, "max_depth": 2.3582376826382054, "n_estimators": 10.371389478787346}, "datetime": {"datetime": "2021-09-29 14:17:48", "elapsed": 310.521442, "delta": 2.981461}}
{"target": -44.52796504463558, "params": {"eta": 0.7881249271541236, "max_depth": 28.434033291522624, "n_estimators": 28.811983903137016}, "datetime": {"datetime": "2021-09-29 14:17:50", "elapsed": 311.859661, "delta": 1.338219}}
{"target": -39.00740697328881, "params": {"eta": 0.17685513311448534, "max_depth": 12.992230379358984, "n_estimators": 60.32872873384644}, "datetime": {"datetime": "2021-09-29 14:17:51", "elapsed": 313.674647, "delta": 1.814986}}
{"target": -34.615659760238394, "params": {"eta": 0.09694644076498923, "max_depth": 3.7719361181549322, "n_estimators": 11.288988827662406}, "datetime": {"datetime": "2021-09-29 14:17:53", "elapsed": 315.541893, "delta": 1.867246}}
{"target": -35.25740291917447, "params": {"eta": 0.3427101683659159, "max_depth": 5.879080471463635, "n_estimators": 4.45678755082208}, "datetime": {"datetime": "2021-09-29 14:17:56", "elapsed": 318.080747, "delta": 2.538854}}
{"target": -39.31087055249576, "params": {"eta": 0.3289374981879046, "max_depth": 1.9771565106019673, "n_estimators": 10.63059230392464}, "datetime": {"datetime": "2021-09-29 14:17:58", "elapsed": 320.439548, "delta": 2.358801}}
{"target": -43.529396519764326, "params": {"eta": 0.7699756462689707, "max_depth": 9.25776849928258, "n_estimators": 4.079746336350571}, "datetime": {"datetime": "2021-09-29 14:18:00", "elapsed": 321.786613, "delta": 1.347065}}
{"target": -39.13668574344402, "params": {"eta": 0.1713816467926649, "max_depth": 1.7257298731911948, "n_estimators": 13.370737529229254}, "datetime": {"datetime": "2021-09-29 14:18:01", "elapsed": 323.034419, "delta": 1.247806}}
{"target": -34.22945830677306, "params": {"eta": 0.3138861093337979, "max_depth": 5.6452916457779905, "n_estimators": 4.0251434211162564}, "datetime": {"datetime": "2021-09-29 14:18:03", "elapsed": 324.751013, "delta": 1.716594}}
{"target": -95.18383354170629, "params": {"eta": 0.013329234691616149, "max_depth": 5.549773126201192, "n_estimators": 4.5039757588162415}, "datetime": {"datetime": "2021-09-29 14:18:04", "elapsed": 326.71337, "delta": 1.962357}}
{"target": -45.60039698875929, "params": {"eta": 0.7460513883720715, "max_depth": 19.770577726731897, "n_estimators": 57.45813992072828}, "datetime": {"datetime": "2021-09-29 14:18:06", "elapsed": 328.108974, "delta": 1.395604}}
{"target": -56.46896383232257, "params": {"eta": 0.14777048124570533, "max_depth": 5.473897492746052, "n_estimators": 3.6233667237291045}, "datetime": {"datetime": "2021-09-29 14:18:08", "elapsed": 330.240401, "delta": 2.131427}}
{"target": -40.55034437489719, "params": {"eta": 0.5099720657806897, "max_depth": 19.666061367146366, "n_estimators": 56.11015081707336}, "datetime": {"datetime": "2021-09-29 14:18:10", "elapsed": 331.981804, "delta": 1.741403}}
{"target": -40.16198557418592, "params": {"eta": 0.09862448819102046, "max_depth": 7.740492413380268, "n_estimators": 49.422320070591915}, "datetime": {"datetime": "2021-09-29 14:18:11", "elapsed": 333.679882, "delta": 1.698078}}
{"target": -37.07527146689896, "params": {"eta": 0.0615845513802268, "max_depth": 1.116848798909184, "n_estimators": 14.801523106837598}, "datetime": {"datetime": "2021-09-29 14:18:14", "elapsed": 335.999045, "delta": 2.319163}}
{"target": -34.645317805000694, "params": {"eta": 0.17463148411216878, "max_depth": 3.1623662884173074, "n_estimators": 11.826885242259829}, "datetime": {"datetime": "2021-09-29 14:18:16", "elapsed": 338.057788, "delta": 2.058743}}
{"target": -53.92901045804543, "params": {"eta": 0.9880313472661195, "max_depth": 26.55271424536524, "n_estimators": 43.36900793602542}, "datetime": {"datetime": "2021-09-29 14:18:17", "elapsed": 339.471146, "delta": 1.413358}}
{"target": -38.93096715163008, "params": {"eta": 0.5140456869205482, "max_depth": 6.256515537684596, "n_estimators": 4.508939053441247}, "datetime": {"datetime": "2021-09-29 14:18:20", "elapsed": 342.32801, "delta": 2.856864}}
{"target": -39.942179201171726, "params": {"eta": 0.4871833394341782, "max_depth": 2.054284072288815, "n_estimators": 24.115790505930015}, "datetime": {"datetime": "2021-09-29 14:18:21", "elapsed": 343.655363, "delta": 1.327353}}
{"target": -39.13055924425522, "params": {"eta": 0.14407330844057728, "max_depth": 21.765006963265776, "n_estimators": 86.66902981795548}, "datetime": {"datetime": "2021-09-29 14:18:25", "elapsed": 347.033575, "delta": 3.378212}}
{"target": -39.92145889195026, "params": {"eta": 0.10708861342909277, "max_depth": 22.053390786010866, "n_estimators": 87.28355183537145}, "datetime": {"datetime": "2021-09-29 14:18:29", "elapsed": 351.004082, "delta": 3.970507}}
{"target": -44.573443043734265, "params": {"eta": 0.6817039725807146, "max_depth": 15.778561002352411, "n_estimators": 80.92604477531722}, "datetime": {"datetime": "2021-09-29 14:18:30", "elapsed": 352.569078, "delta": 1.564996}}
{"target": -44.66498984610125, "params": {"eta": 0.8644251083125846, "max_depth": 17.970216374913836, "n_estimators": 21.832681343110377}, "datetime": {"datetime": "2021-09-29 14:18:32", "elapsed": 354.035346, "delta": 1.466268}}
{"target": -42.33946356072238, "params": {"eta": 0.04858182644080149, "max_depth": 1.6850336512940647, "n_estimators": 13.665785915864003}, "datetime": {"datetime": "2021-09-29 14:18:34", "elapsed": 356.345552, "delta": 2.310206}}
{"target": -62.65351103710607, "params": {"eta": 0.01, "max_depth": 29.489769299560344, "n_estimators": 40.706019323645336}, "datetime": {"datetime": "2021-09-29 14:18:37", "elapsed": 358.811819, "delta": 2.466267}}
{"target": -43.6382056839805, "params": {"eta": 0.876025967253274, "max_depth": 19.320451214422803, "n_estimators": 44.719166704046856}, "datetime": {"datetime": "2021-09-29 14:18:38", "elapsed": 360.425633, "delta": 1.613814}}
{"target": -37.651922690971304, "params": {"eta": 0.024039790602346525, "max_depth": 1.4274249418585208, "n_estimators": 95.64422778922268}, "datetime": {"datetime": "2021-09-29 14:18:41", "elapsed": 363.00551, "delta": 2.579877}}
{"target": -45.67098503546793, "params": {"eta": 0.08797699582901108, "max_depth": 12.133229123123856, "n_estimators": 8.80723110577768}, "datetime": {"datetime": "2021-09-29 14:18:42", "elapsed": 364.256513, "delta": 1.251003}}
{"target": -37.19837720112327, "params": {"eta": 0.2388794032724017, "max_depth": 2.427718102364815, "n_estimators": 9.875061696877218}, "datetime": {"datetime": "2021-09-29 14:18:44", "elapsed": 366.70067, "delta": 2.444157}}
{"target": -48.77481143123178, "params": {"eta": 0.9774980428664993, "max_depth": 11.814239704058565, "n_estimators": 94.31049232728427}, "datetime": {"datetime": "2021-09-29 14:18:46", "elapsed": 368.158795, "delta": 1.458125}}
{"target": -40.15900448390793, "params": {"eta": 0.7557454902754818, "max_depth": 5.54498973306053, "n_estimators": 4.065958252614445}, "datetime": {"datetime": "2021-09-29 14:18:48", "elapsed": 370.43495, "delta": 2.276155}}
{"target": -41.948306102275765, "params": {"eta": 0.20084944204803873, "max_depth": 21.762429266145478, "n_estimators": 67.10414229455404}, "datetime": {"datetime": "2021-09-29 14:18:50", "elapsed": 372.055169, "delta": 1.620219}}
{"target": -40.79571978454267, "params": {"eta": 0.3716184692852223, "max_depth": 7.155018064538395, "n_estimators": 15.083970781466473}, "datetime": {"datetime": "2021-09-29 14:18:52", "elapsed": 374.503524, "delta": 2.448355}}
{"target": -39.17553834053977, "params": {"eta": 0.6572440150151411, "max_depth": 1.0245270650596578, "n_estimators": 10.497091968074841}, "datetime": {"datetime": "2021-09-29 14:18:54", "elapsed": 376.454687, "delta": 1.951163}}
{"target": -41.7729648354274, "params": {"eta": 0.9877406391218906, "max_depth": 2.142818873363748, "n_estimators": 14.008706102463892}, "datetime": {"datetime": "2021-09-29 14:18:57", "elapsed": 379.207847, "delta": 2.75316}}
