{"target": -40.290340992540116, "params": {"eta": 0.17209226480252382, "max_depth": 3.950225672719576, "n_estimators": 30.329638019622955}, "datetime": {"datetime": "2021-09-28 16:35:37", "elapsed": 477.361016, "delta": 2.014524}}
{"target": -41.50156479053545, "params": {"eta": 0.32268950577830874, "max_depth": 22.175688498650626, "n_estimators": 43.60448468142322}, "datetime": {"datetime": "2021-09-28 16:35:42", "elapsed": 481.702817, "delta": 4.341801}}
{"target": -40.28895276662567, "params": {"eta": 0.19512430642292453, "max_depth": 7.713737494922716, "n_estimators": 24.409552934181256}, "datetime": {"datetime": "2021-09-28 16:35:46", "elapsed": 485.903739, "delta": 4.200922}}
{"target": -36.732244365751235, "params": {"eta": 0.1025077625679962, "max_depth": 16.556480705289303, "n_estimators": 19.262131982880497}, "datetime": {"datetime": "2021-09-28 16:35:48", "elapsed": 488.452037, "delta": 2.548298}}
{"target": -39.708607919457016, "params": {"eta": 0.4215275606443764, "max_depth": 13.171499733140774, "n_estimators": 28.30238157884649}, "datetime": {"datetime": "2021-09-28 16:35:50", "elapsed": 490.371037, "delta": 1.919}}
{"target": -36.028634134299864, "params": {"eta": 0.1500600479417562, "max_depth": 5.896200478248208, "n_estimators": 9.796670491746015}, "datetime": {"datetime": "2021-09-28 16:35:53", "elapsed": 493.321442, "delta": 2.950405}}
{"target": -39.73523219861176, "params": {"eta": 0.44324204068235235, "max_depth": 1.362865393683938, "n_estimators": 9.851734664112433}, "datetime": {"datetime": "2021-09-28 16:35:56", "elapsed": 495.797697, "delta": 2.476255}}
{"target": -40.82911959590789, "params": {"eta": 0.39604261284606734, "max_depth": 5.822724847150352, "n_estimators": 9.81992012409344}, "datetime": {"datetime": "2021-09-28 16:35:59", "elapsed": 498.584198, "delta": 2.786501}}
{"target": -41.330314481170035, "params": {"eta": 0.678270346044799, "max_depth": 13.151015695167743, "n_estimators": 19.668491084672954}, "datetime": {"datetime": "2021-09-28 16:36:00", "elapsed": 500.423421, "delta": 1.839223}}
{"target": -39.01819642092795, "params": {"eta": 0.3374286045526729, "max_depth": 20.213440347927133, "n_estimators": 49.69597545557996}, "datetime": {"datetime": "2021-09-28 16:36:05", "elapsed": 504.587584, "delta": 4.164163}}
{"target": -38.48231764786168, "params": {"eta": 0.2758299273725583, "max_depth": 17.125834325932463, "n_estimators": 40.96084211207753}, "datetime": {"datetime": "2021-09-28 16:36:07", "elapsed": 507.060807, "delta": 2.473223}}
{"target": -44.676584593475646, "params": {"eta": 0.8334265301265684, "max_depth": 20.51527863505234, "n_estimators": 29.66636612195472}, "datetime": {"datetime": "2021-09-28 16:36:09", "elapsed": 509.178365, "delta": 2.117558}}
{"target": -40.00882481044169, "params": {"eta": 0.18772531638517978, "max_depth": 25.190512639333864, "n_estimators": 20.136818849667858}, "datetime": {"datetime": "2021-09-28 16:36:12", "elapsed": 511.612349, "delta": 2.433984}}
{"target": -46.494555130352936, "params": {"eta": 0.9324435605851509, "max_depth": 16.098570177869483, "n_estimators": 12.19880348144788}, "datetime": {"datetime": "2021-09-28 16:36:14", "elapsed": 513.758067, "delta": 2.145718}}
{"target": -46.182258466694826, "params": {"eta": 0.7555714305995296, "max_depth": 19.14334589622334, "n_estimators": 31.478385676711504}, "datetime": {"datetime": "2021-09-28 16:36:17", "elapsed": 516.810758, "delta": 3.052691}}
{"target": -35.887481226497705, "params": {"eta": 0.057116449355036854, "max_depth": 3.6312365248717438, "n_estimators": 35.9093623958332}, "datetime": {"datetime": "2021-09-28 16:36:19", "elapsed": 518.832939, "delta": 2.022181}}
{"target": -40.02832867409318, "params": {"eta": 0.0876119709903011, "max_depth": 5.6314901185879265, "n_estimators": 10.289595801691643}, "datetime": {"datetime": "2021-09-28 16:36:22", "elapsed": 522.109268, "delta": 3.276329}}
{"target": -35.48279001424432, "params": {"eta": 0.34134503741000993, "max_depth": 22.943517174324413, "n_estimators": 6.913153454391904}, "datetime": {"datetime": "2021-09-28 16:36:25", "elapsed": 524.752777, "delta": 2.643509}}
{"target": -42.73110145579312, "params": {"eta": 0.027979319275169452, "max_depth": 13.77005583268565, "n_estimators": 29.51813059763468}, "datetime": {"datetime": "2021-09-28 16:36:27", "elapsed": 527.116034, "delta": 2.363257}}
{"target": -37.0937682486783, "params": {"eta": 0.2119613394620427, "max_depth": 15.429220199678449, "n_estimators": 7.207731906679512}, "datetime": {"datetime": "2021-09-28 16:36:29", "elapsed": 529.410869, "delta": 2.294835}}
{"target": -35.94897941961083, "params": {"eta": 0.0641669776343571, "max_depth": 7.374186090232727, "n_estimators": 24.992796799613973}, "datetime": {"datetime": "2021-09-28 16:36:34", "elapsed": 534.340443, "delta": 4.929574}}
{"target": -40.61990201257535, "params": {"eta": 0.4523336299955225, "max_depth": 23.013189400576973, "n_estimators": 6.641470411868401}, "datetime": {"datetime": "2021-09-28 16:36:37", "elapsed": 537.164458, "delta": 2.824015}}
{"target": -48.272389701567484, "params": {"eta": 0.8967248975226726, "max_depth": 27.094239907886358, "n_estimators": 18.54426299271978}, "datetime": {"datetime": "2021-09-28 16:36:40", "elapsed": 539.887489, "delta": 2.723031}}
{"target": -35.87094581613264, "params": {"eta": 0.06704540391345558, "max_depth": 7.9405542750264715, "n_estimators": 24.67418224485898}, "datetime": {"datetime": "2021-09-28 16:36:43", "elapsed": 542.554379, "delta": 2.66689}}
{"target": -39.92769872576598, "params": {"eta": 0.46436020244357695, "max_depth": 20.214736468104423, "n_estimators": 41.385078314165305}, "datetime": {"datetime": "2021-09-28 16:36:45", "elapsed": 544.891939, "delta": 2.33756}}
{"target": -36.76923914980147, "params": {"eta": 0.3300942548649205, "max_depth": 4.713654825777564, "n_estimators": 7.278747636950891}, "datetime": {"datetime": "2021-09-28 16:36:48", "elapsed": 547.71048, "delta": 2.818541}}
{"target": -61.35021197784548, "params": {"eta": 0.042375183009358774, "max_depth": 1.0357397798556898, "n_estimators": 9.7660875758135}, "datetime": {"datetime": "2021-09-28 16:36:50", "elapsed": 550.316811, "delta": 2.606331}}
{"target": -40.749927794803895, "params": {"eta": 0.7224051031782772, "max_depth": 23.22139391554726, "n_estimators": 7.967397943054999}, "datetime": {"datetime": "2021-09-28 16:36:52", "elapsed": 552.427906, "delta": 2.111095}}
{"target": -48.845655821324, "params": {"eta": 0.9071096688441063, "max_depth": 14.509409019511741, "n_estimators": 39.02591838404187}, "datetime": {"datetime": "2021-09-28 16:36:55", "elapsed": 554.746303, "delta": 2.318397}}
{"target": -58.27021622176235, "params": {"eta": 0.019851803886347816, "max_depth": 8.02590076320451, "n_estimators": 24.95212534519929}, "datetime": {"datetime": "2021-09-28 16:36:58", "elapsed": 557.808493, "delta": 3.06219}}
{"target": -40.90462680371063, "params": {"eta": 0.22098500804377863, "max_depth": 11.64784538511911, "n_estimators": 43.3350960902551}, "datetime": {"datetime": "2021-09-28 16:37:00", "elapsed": 560.443058, "delta": 2.634565}}
{"target": -36.04580996379525, "params": {"eta": 0.12484230467943154, "max_depth": 5.24019256342889, "n_estimators": 21.78698238861431}, "datetime": {"datetime": "2021-09-28 16:37:04", "elapsed": 563.962665, "delta": 3.519607}}
{"target": -40.694734473104525, "params": {"eta": 0.7195166439622057, "max_depth": 23.068300454266193, "n_estimators": 43.36798787082076}, "datetime": {"datetime": "2021-09-28 16:37:07", "elapsed": 566.876627, "delta": 2.913962}}
{"target": -40.02278422914249, "params": {"eta": 0.06870665261338062, "max_depth": 28.650001588293225, "n_estimators": 48.079285841789144}, "datetime": {"datetime": "2021-09-28 16:37:09", "elapsed": 569.177078, "delta": 2.300451}}
{"target": -36.180609055141, "params": {"eta": 0.2873385690897824, "max_depth": 22.676902958215216, "n_estimators": 6.844030543542567}, "datetime": {"datetime": "2021-09-28 16:37:12", "elapsed": 572.22972, "delta": 3.052642}}
{"target": -40.05883143870333, "params": {"eta": 0.30025483227881244, "max_depth": 7.466473767069397, "n_estimators": 24.84673396229457}, "datetime": {"datetime": "2021-09-28 16:37:15", "elapsed": 575.344637, "delta": 3.114917}}
{"target": -40.189996499238504, "params": {"eta": 0.20098139243525284, "max_depth": 17.414578498970435, "n_estimators": 17.121148795290914}, "datetime": {"datetime": "2021-09-28 16:37:18", "elapsed": 577.608931, "delta": 2.264294}}
{"target": -40.452637840339015, "params": {"eta": 0.20894459055441536, "max_depth": 13.262566596705264, "n_estimators": 46.580363506848855}, "datetime": {"datetime": "2021-09-28 16:37:20", "elapsed": 580.323867, "delta": 2.714936}}
{"target": -46.07611124786311, "params": {"eta": 0.9133569314859933, "max_depth": 5.771027092963945, "n_estimators": 47.331585408876364}, "datetime": {"datetime": "2021-09-28 16:37:22", "elapsed": 582.505639, "delta": 2.181772}}
{"target": -37.83750354430636, "params": {"eta": 0.17415472454106404, "max_depth": 25.724827742279743, "n_estimators": 7.676617304932684}, "datetime": {"datetime": "2021-09-28 16:37:25", "elapsed": 584.577876, "delta": 2.072237}}
{"target": -36.55916776334798, "params": {"eta": 0.03132665814289652, "max_depth": 7.604990190916222, "n_estimators": 45.02070885020717}, "datetime": {"datetime": "2021-09-28 16:37:28", "elapsed": 587.955263, "delta": 3.377387}}
{"target": -38.867258819423306, "params": {"eta": 0.45131601078484945, "max_depth": 7.248394295644317, "n_estimators": 49.41104691838771}, "datetime": {"datetime": "2021-09-28 16:37:30", "elapsed": 590.443099, "delta": 2.487836}}
{"target": -39.096834739583095, "params": {"eta": 0.25578063775881, "max_depth": 20.260582688364405, "n_estimators": 44.69488881988242}, "datetime": {"datetime": "2021-09-28 16:37:33", "elapsed": 593.046363, "delta": 2.603264}}
{"target": -44.267104438988305, "params": {"eta": 0.584566420542499, "max_depth": 26.713677830010248, "n_estimators": 27.66179394063496}, "datetime": {"datetime": "2021-09-28 16:37:36", "elapsed": 596.51235, "delta": 3.465987}}
{"target": -38.46822628315917, "params": {"eta": 0.3430740698546265, "max_depth": 28.51384485444326, "n_estimators": 13.511800510884898}, "datetime": {"datetime": "2021-09-28 16:37:39", "elapsed": 599.034978, "delta": 2.522628}}
{"target": -37.797069707257435, "params": {"eta": 0.3577907939477266, "max_depth": 21.75966544790808, "n_estimators": 33.45391845980037}, "datetime": {"datetime": "2021-09-28 16:37:42", "elapsed": 602.258234, "delta": 3.223256}}
{"target": -40.45257856919544, "params": {"eta": 0.46686335703713816, "max_depth": 26.082929827408588, "n_estimators": 10.564549851087435}, "datetime": {"datetime": "2021-09-28 16:37:47", "elapsed": 607.044691, "delta": 4.786457}}
{"target": -45.94562516197668, "params": {"eta": 0.09557199313746599, "max_depth": 22.85265581257241, "n_estimators": 7.123011191029405}, "datetime": {"datetime": "2021-09-28 16:37:51", "elapsed": 611.164852, "delta": 4.120161}}
{"target": -45.19622957551705, "params": {"eta": 0.7386738869993408, "max_depth": 21.17377253887287, "n_estimators": 11.367898884274428}, "datetime": {"datetime": "2021-09-28 16:37:54", "elapsed": 614.436648, "delta": 3.271796}}
{"target": -39.04316304223115, "params": {"eta": 0.7116770121915751, "max_depth": 1.541157285987125, "n_estimators": 26.86098388087348}, "datetime": {"datetime": "2021-09-28 16:37:57", "elapsed": 616.644733, "delta": 2.208085}}
{"target": -35.71630136271345, "params": {"eta": 0.08301959344548211, "max_depth": 7.631935182116698, "n_estimators": 25.152328818119717}, "datetime": {"datetime": "2021-09-28 16:38:01", "elapsed": 620.687883, "delta": 4.04315}}
{"target": -39.62263048172469, "params": {"eta": 0.5191386865196421, "max_depth": 9.834920531331678, "n_estimators": 5.198763536977202}, "datetime": {"datetime": "2021-09-28 16:38:03", "elapsed": 622.863884, "delta": 2.176001}}
{"target": -60.51790966414464, "params": {"eta": 0.029446007386701306, "max_depth": 16.53512620597845, "n_estimators": 15.013113854590575}, "datetime": {"datetime": "2021-09-28 16:38:06", "elapsed": 625.744388, "delta": 2.880504}}
{"target": -37.93686499414755, "params": {"eta": 0.10666488312468476, "max_depth": 26.15825200546667, "n_estimators": 36.3659878461317}, "datetime": {"datetime": "2021-09-28 16:38:08", "elapsed": 627.997236, "delta": 2.252848}}
{"target": -48.19328879003022, "params": {"eta": 0.8710856616384333, "max_depth": 9.218118118198472, "n_estimators": 12.598272350736776}, "datetime": {"datetime": "2021-09-28 16:38:11", "elapsed": 630.57458, "delta": 2.577344}}
{"target": -39.52809922027454, "params": {"eta": 0.22349649197716154, "max_depth": 3.508630892635994, "n_estimators": 35.64067078832655}, "datetime": {"datetime": "2021-09-28 16:38:14", "elapsed": 634.460562, "delta": 3.885982}}
{"target": -35.2123860107387, "params": {"eta": 0.26527319864216026, "max_depth": 2.9015325654803927, "n_estimators": 6.027123720445454}, "datetime": {"datetime": "2021-09-28 16:38:17", "elapsed": 637.01681, "delta": 2.556248}}
{"target": -37.43710840202154, "params": {"eta": 0.6015585149744497, "max_depth": 5.512353291237752, "n_estimators": 15.090238992426064}, "datetime": {"datetime": "2021-09-28 16:38:19", "elapsed": 639.233095, "delta": 2.216285}}
{"target": -40.66484626353914, "params": {"eta": 0.40782701054504983, "max_depth": 19.665410475551926, "n_estimators": 18.4551143010202}, "datetime": {"datetime": "2021-09-28 16:38:23", "elapsed": 643.133909, "delta": 3.900814}}
{"target": -40.03126889272253, "params": {"eta": 0.3960242971328315, "max_depth": 22.50752901157232, "n_estimators": 33.060114337703396}, "datetime": {"datetime": "2021-09-28 16:38:27", "elapsed": 646.851558, "delta": 3.717649}}
{"target": -42.580948069710374, "params": {"eta": 0.5651972530976968, "max_depth": 17.030095504647576, "n_estimators": 5.748158829026481}, "datetime": {"datetime": "2021-09-28 16:38:29", "elapsed": 649.274722, "delta": 2.423164}}
{"target": -38.91280979949668, "params": {"eta": 0.07651469384959592, "max_depth": 2.9387930043377093, "n_estimators": 10.238775296376772}, "datetime": {"datetime": "2021-09-28 16:38:32", "elapsed": 651.931307, "delta": 2.656585}}
{"target": -36.09692493715082, "params": {"eta": 0.025039768522907957, "max_depth": 5.254925967564874, "n_estimators": 42.021298848256656}, "datetime": {"datetime": "2021-09-28 16:38:35", "elapsed": 655.356937, "delta": 3.42563}}
{"target": -44.94466089370939, "params": {"eta": 0.5899643362344106, "max_depth": 16.31207906427958, "n_estimators": 37.178640274589625}, "datetime": {"datetime": "2021-09-28 16:38:38", "elapsed": 657.596091, "delta": 2.239154}}
{"target": -39.76708625555136, "params": {"eta": 0.509884604186874, "max_depth": 23.60202750716111, "n_estimators": 11.54420309227086}, "datetime": {"datetime": "2021-09-28 16:38:40", "elapsed": 660.323686, "delta": 2.727595}}
{"target": -40.9844432919795, "params": {"eta": 0.2273336948760662, "max_depth": 3.510797166520325, "n_estimators": 36.09590338906099}, "datetime": {"datetime": "2021-09-28 16:38:44", "elapsed": 663.838384, "delta": 3.514698}}
{"target": -41.68175327640371, "params": {"eta": 0.49301371254357057, "max_depth": 28.291453879854142, "n_estimators": 33.653011528849774}, "datetime": {"datetime": "2021-09-28 16:38:48", "elapsed": 667.581239, "delta": 3.742855}}
{"target": -40.663412190975336, "params": {"eta": 0.5032767988285355, "max_depth": 23.495262518451575, "n_estimators": 40.46852573894069}, "datetime": {"datetime": "2021-09-28 16:38:51", "elapsed": 671.065231, "delta": 3.483992}}
{"target": -37.11155082528117, "params": {"eta": 0.3888747573523891, "max_depth": 3.140907076458719, "n_estimators": 5.950892994215718}, "datetime": {"datetime": "2021-09-28 16:38:55", "elapsed": 675.119718, "delta": 4.054487}}
{"target": -39.31639609010554, "params": {"eta": 0.4247349048273775, "max_depth": 6.407328104595102, "n_estimators": 7.509643290321009}, "datetime": {"datetime": "2021-09-28 16:38:59", "elapsed": 679.018611, "delta": 3.898893}}
{"target": -48.50425514702986, "params": {"eta": 0.06921747172983587, "max_depth": 6.127821289627462, "n_estimators": 9.474888744054889}, "datetime": {"datetime": "2021-09-28 16:39:02", "elapsed": 682.084436, "delta": 3.065825}}
{"target": -39.99699600790937, "params": {"eta": 0.27327370196608936, "max_depth": 18.48542679926547, "n_estimators": 34.83187832644871}, "datetime": {"datetime": "2021-09-28 16:39:05", "elapsed": 684.638546, "delta": 2.55411}}
{"target": -49.57521865960855, "params": {"eta": 0.8575578756320367, "max_depth": 24.255965256393733, "n_estimators": 16.075926204814706}, "datetime": {"datetime": "2021-09-28 16:39:07", "elapsed": 687.127557, "delta": 2.489011}}
{"target": -35.94897941961083, "params": {"eta": 0.06114162876187308, "max_depth": 7.252749245465285, "n_estimators": 24.634556580605985}, "datetime": {"datetime": "2021-09-28 16:39:10", "elapsed": 689.891044, "delta": 2.763487}}
{"target": -41.168481124415756, "params": {"eta": 0.7151761577464094, "max_depth": 13.221802407808322, "n_estimators": 32.85657274619468}, "datetime": {"datetime": "2021-09-28 16:39:12", "elapsed": 692.352358, "delta": 2.461314}}
{"target": -51.56033507035394, "params": {"eta": 0.8924370775005938, "max_depth": 28.4983947189542, "n_estimators": 36.097691941099725}, "datetime": {"datetime": "2021-09-28 16:39:15", "elapsed": 694.774233, "delta": 2.421875}}
{"target": -75.91316979741478, "params": {"eta": 0.01, "max_depth": 8.0062970970902, "n_estimators": 24.42977980071206}, "datetime": {"datetime": "2021-09-28 16:39:19", "elapsed": 699.298715, "delta": 4.524482}}
{"target": -39.915145201604695, "params": {"eta": 0.4557179831232955, "max_depth": 26.52213919154557, "n_estimators": 43.06303918377279}, "datetime": {"datetime": "2021-09-28 16:39:22", "elapsed": 701.720867, "delta": 2.422152}}
{"target": -40.63019343960869, "params": {"eta": 0.7144835244253092, "max_depth": 28.182597582262407, "n_estimators": 10.81293243359795}, "datetime": {"datetime": "2021-09-28 16:39:24", "elapsed": 704.143944, "delta": 2.423077}}
{"target": -36.43455568072378, "params": {"eta": 0.09422486204917462, "max_depth": 1.3252953259904925, "n_estimators": 10.172189746174391}, "datetime": {"datetime": "2021-09-28 16:39:28", "elapsed": 708.170105, "delta": 4.026161}}
{"target": -36.20597535275117, "params": {"eta": 0.3269321059817779, "max_depth": 2.9147559292642056, "n_estimators": 5.784662333803902}, "datetime": {"datetime": "2021-09-28 16:39:32", "elapsed": 711.750646, "delta": 3.580541}}
{"target": -40.72098380323306, "params": {"eta": 0.6712441853536883, "max_depth": 2.958060640989621, "n_estimators": 5.832079855160241}, "datetime": {"datetime": "2021-09-28 16:39:35", "elapsed": 715.099507, "delta": 3.348861}}
{"target": -48.866140194732324, "params": {"eta": 0.8657129215098708, "max_depth": 18.863293352810782, "n_estimators": 34.66140131050601}, "datetime": {"datetime": "2021-09-28 16:39:38", "elapsed": 717.888348, "delta": 2.788841}}
{"target": -42.12867350167851, "params": {"eta": 0.4287698613656992, "max_depth": 10.927119555535093, "n_estimators": 18.57354338197692}, "datetime": {"datetime": "2021-09-28 16:39:41", "elapsed": 720.834768, "delta": 2.94642}}
{"target": -89.00817834858837, "params": {"eta": 0.013985679824559514, "max_depth": 25.793508581810578, "n_estimators": 10.794039645734937}, "datetime": {"datetime": "2021-09-28 16:39:45", "elapsed": 724.738446, "delta": 3.903678}}
{"target": -42.15602933728636, "params": {"eta": 0.41220771920213173, "max_depth": 12.462639534507431, "n_estimators": 21.65525854007889}, "datetime": {"datetime": "2021-09-28 16:39:49", "elapsed": 728.686399, "delta": 3.947953}}
{"target": -35.37264847254874, "params": {"eta": 0.19034945962450062, "max_depth": 5.819652389940278, "n_estimators": 9.576604809871228}, "datetime": {"datetime": "2021-09-28 16:39:53", "elapsed": 733.363755, "delta": 4.677356}}
{"target": -38.76284333758544, "params": {"eta": 0.27479540123763885, "max_depth": 9.059412558817938, "n_estimators": 29.352479443892662}, "datetime": {"datetime": "2021-09-28 16:39:56", "elapsed": 735.910656, "delta": 2.546901}}
{"target": -40.168905889019086, "params": {"eta": 0.1974915438068443, "max_depth": 10.820848412471554, "n_estimators": 20.34945179520639}, "datetime": {"datetime": "2021-09-28 16:39:59", "elapsed": 738.699834, "delta": 2.789178}}
{"target": -38.12100072676381, "params": {"eta": 0.24964653923812702, "max_depth": 25.710093090941097, "n_estimators": 11.014758464680426}, "datetime": {"datetime": "2021-09-28 16:40:02", "elapsed": 742.12077, "delta": 3.420936}}
{"target": -39.359466188412696, "params": {"eta": 0.18397263245049708, "max_depth": 8.824820048189814, "n_estimators": 27.607909057721134}, "datetime": {"datetime": "2021-09-28 16:40:05", "elapsed": 744.755435, "delta": 2.634665}}
{"target": -39.764593868359036, "params": {"eta": 0.1439250318289297, "max_depth": 12.24408732399209, "n_estimators": 34.03025953530301}, "datetime": {"datetime": "2021-09-28 16:40:07", "elapsed": 747.44439, "delta": 2.688955}}
{"target": -37.826612048514136, "params": {"eta": 0.614416220368597, "max_depth": 7.932799162846933, "n_estimators": 10.581469184868487}, "datetime": {"datetime": "2021-09-28 16:40:10", "elapsed": 749.838314, "delta": 2.393924}}
{"target": -49.31736539914206, "params": {"eta": 0.9737963605424228, "max_depth": 6.218720046639909, "n_estimators": 49.34841971263841}, "datetime": {"datetime": "2021-09-28 16:40:14", "elapsed": 753.531297, "delta": 3.692983}}
{"target": -60.77614298043776, "params": {"eta": 0.02460045025938563, "max_depth": 5.5250065474937, "n_estimators": 21.73877439184775}, "datetime": {"datetime": "2021-09-28 16:40:18", "elapsed": 757.770331, "delta": 4.239034}}
{"target": -63.34813453670872, "params": {"eta": 0.05084887453482199, "max_depth": 24.027925485557315, "n_estimators": 8.57439210375678}, "datetime": {"datetime": "2021-09-28 16:40:20", "elapsed": 760.301717, "delta": 2.531386}}
