{"target": 0.42078946904913184, "params": {"eta": 0.10344294153995781, "max_depth": 2.522409772493055, "n_estimators": 146.09796889580963}, "datetime": {"datetime": "2021-09-24 13:33:41", "elapsed": 7.343888, "delta": 0.512995}}
{"target": 0.28322923453801385, "params": {"eta": 0.45751663477877974, "max_depth": 2.554692852076011, "n_estimators": 61.1534962446026}, "datetime": {"datetime": "2021-09-24 13:33:42", "elapsed": 7.953896, "delta": 0.610008}}
{"target": 0.3860254835350255, "params": {"eta": 0.5, "max_depth": 1.0, "n_estimators": 91.0972549161925}, "datetime": {"datetime": "2021-09-24 13:33:42", "elapsed": 8.349559, "delta": 0.395663}}
{"target": 0.4518193352073613, "params": {"eta": 0.15650985334877326, "max_depth": 1.7935411491580495, "n_estimators": 95.16205055174201}, "datetime": {"datetime": "2021-09-24 13:33:42", "elapsed": 8.891678, "delta": 0.542119}}
{"target": 0.22812077778836237, "params": {"eta": 0.5, "max_depth": 3.0, "n_estimators": 96.4151835157512}, "datetime": {"datetime": "2021-09-24 13:33:43", "elapsed": 9.286804, "delta": 0.395126}}
{"target": 0.4508018100747184, "params": {"eta": 0.22686647131184837, "max_depth": 1.1379199758475669, "n_estimators": 94.30117574306027}, "datetime": {"datetime": "2021-09-24 13:33:43", "elapsed": 9.822812, "delta": 0.536008}}
{"target": 0.44238323628416465, "params": {"eta": 0.182689862452813, "max_depth": 1.0036353432165976, "n_estimators": 146.14680940443395}, "datetime": {"datetime": "2021-09-24 13:33:44", "elapsed": 10.331851, "delta": 0.509039}}
{"target": 0.42671821556472866, "params": {"eta": 0.325650375720129, "max_depth": 1.5400887843561775, "n_estimators": 122.37489424277719}, "datetime": {"datetime": "2021-09-24 13:33:44", "elapsed": 10.778855, "delta": 0.447004}}
{"target": 0.39357734314489035, "params": {"eta": 0.07, "max_depth": 3.0, "n_estimators": 120.7382538672033}, "datetime": {"datetime": "2021-09-24 13:33:45", "elapsed": 11.717948, "delta": 0.939093}}
{"target": 0.21954745505341255, "params": {"eta": 0.5, "max_depth": 3.0, "n_estimators": 123.48364621008228}, "datetime": {"datetime": "2021-09-24 13:33:46", "elapsed": 12.388397, "delta": 0.670449}}
{"target": 0.40733942531702194, "params": {"eta": 0.25604298277451865, "max_depth": 2.440648986884316, "n_estimators": 50.01143748173449}, "datetime": {"datetime": "2021-09-24 13:35:33", "elapsed": 0.0, "delta": 0.0}}
{"target": 0.4528430646751248, "params": {"eta": 0.18837621785278547, "max_depth": 1.293511781634226, "n_estimators": 59.23385947687978}, "datetime": {"datetime": "2021-09-24 13:35:33", "elapsed": 0.08902, "delta": 0.08902}}
{"target": 0.4534896500952479, "params": {"eta": 0.11989352471282583, "max_depth": 1.6911214540860955, "n_estimators": 89.67674742306698}, "datetime": {"datetime": "2021-09-24 13:35:34", "elapsed": 0.199004, "delta": 0.109984}}
{"target": 0.4346226345069102, "params": {"eta": 0.3279018730619806, "max_depth": 1.8383890288065896, "n_estimators": 118.52195003967594}, "datetime": {"datetime": "2021-09-24 13:35:34", "elapsed": 0.319003, "delta": 0.119999}}
{"target": 0.46200914479831756, "params": {"eta": 0.13062682734159528, "max_depth": 2.756234872781891, "n_estimators": 52.738759319792614}, "datetime": {"datetime": "2021-09-24 13:35:34", "elapsed": 0.386004, "delta": 0.067001}}
{"target": 0.4524589835759528, "params": {"eta": 0.07017998198054119, "max_depth": 2.6177827630770305, "n_estimators": 52.61736642002292}, "datetime": {"datetime": "2021-09-24 13:35:34", "elapsed": 0.593002, "delta": 0.206998}}
{"target": 0.25384455522480864, "params": {"eta": 0.5844819839826519, "max_depth": 2.8244769641612724, "n_estimators": 53.07608400470652}, "datetime": {"datetime": "2021-09-24 13:35:34", "elapsed": 0.817006, "delta": 0.224004}}
{"target": 0.443232788464737, "params": {"eta": 0.20410979860314307, "max_depth": 1.8962187446458085, "n_estimators": 90.02953965767243}, "datetime": {"datetime": "2021-09-24 13:35:34", "elapsed": 1.090003, "delta": 0.272997}}
{"target": 0.441053045536438, "params": {"eta": 0.14423377212275498, "max_depth": 1.3111799947764349, "n_estimators": 144.73034510771674}, "datetime": {"datetime": "2021-09-24 13:35:35", "elapsed": 1.320002, "delta": 0.229999}}
{"target": 0.3153808006101334, "params": {"eta": 0.43849107060991993, "max_depth": 2.457224027701384, "n_estimators": 69.46880315822753}, "datetime": {"datetime": "2021-09-24 13:35:35", "elapsed": 1.507002, "delta": 0.187}}
{"target": 0.45004746441565413, "params": {"eta": 0.3610780608820583, "max_depth": 1.4370104635160188, "n_estimators": 89.84996204425883}, "datetime": {"datetime": "2021-09-24 13:35:35", "elapsed": 1.865617, "delta": 0.358615}}
{"target": 0.2150946022515271, "params": {"eta": 0.5737128895693052, "max_depth": 2.3281428316840955, "n_estimators": 97.07206399291823}, "datetime": {"datetime": "2021-09-24 13:35:35", "elapsed": 2.090617, "delta": 0.225}}
{"target": 0.2928516360858451, "params": {"eta": 0.2983523064961634, "max_depth": 2.682357347464548, "n_estimators": 147.9068438364577}, "datetime": {"datetime": "2021-09-24 13:35:36", "elapsed": 2.373617, "delta": 0.283}}
{"target": 0.37410890605138725, "params": {"eta": 0.5941115831500738, "max_depth": 1.9211696760482375, "n_estimators": 89.26841397138931}, "datetime": {"datetime": "2021-09-24 13:35:36", "elapsed": 2.639622, "delta": 0.266005}}
{"target": 0.43585313227889666, "params": {"eta": 0.18176532220190345, "max_depth": 2.969692584443395, "n_estimators": 52.155334590956194}, "datetime": {"datetime": "2021-09-24 13:35:36", "elapsed": 2.885742, "delta": 0.24612}}
{"target": 0.2971304926638191, "params": {"eta": 0.40949580049791856, "max_depth": 2.0958220854074785, "n_estimators": 88.32091671387047}, "datetime": {"datetime": "2021-09-24 13:35:36", "elapsed": 3.121728, "delta": 0.235986}}
{"target": 0.4461606002340409, "params": {"eta": 0.09304609959182034, "max_depth": 1.2787591137965553, "n_estimators": 81.68323118512143}, "datetime": {"datetime": "2021-09-24 13:35:37", "elapsed": 3.336742, "delta": 0.215014}}
{"target": 0.44232814367877926, "params": {"eta": 0.17166027593364136, "max_depth": 2.528696807651409, "n_estimators": 56.687054566031506}, "datetime": {"datetime": "2021-09-24 13:35:37", "elapsed": 3.526729, "delta": 0.189987}}
{"target": 0.447105150070114, "params": {"eta": 0.294764837923684, "max_depth": 1.8568338135753077, "n_estimators": 59.0846997001197}, "datetime": {"datetime": "2021-09-24 13:35:37", "elapsed": 3.865058, "delta": 0.338329}}
{"target": 0.4611702088472095, "params": {"eta": 0.3629391908529073, "max_depth": 1.225404114619001, "n_estimators": 61.67775096844278}, "datetime": {"datetime": "2021-09-24 13:35:37", "elapsed": 4.052051, "delta": 0.186993}}
{"target": 0.2777426469871802, "params": {"eta": 0.3720385498235513, "max_depth": 2.114783791282319, "n_estimators": 115.36069203017799}, "datetime": {"datetime": "2021-09-24 13:35:38", "elapsed": 4.39505, "delta": 0.342999}}
{"target": 0.3908124396799957, "params": {"eta": 0.019919472367264802, "max_depth": 1.51671367399537, "n_estimators": 130.05847056942622}, "datetime": {"datetime": "2021-09-24 13:35:38", "elapsed": 4.695052, "delta": 0.300002}}
{"target": 0.4478152263257895, "params": {"eta": 0.12237713264566344, "max_depth": 1.6504679414672605, "n_estimators": 89.68376509238882}, "datetime": {"datetime": "2021-09-24 13:35:38", "elapsed": 4.974843, "delta": 0.279791}}
{"target": 0.44918625338226426, "params": {"eta": 0.29356112895370556, "max_depth": 1.6808214932541279, "n_estimators": 59.76188411887249}, "datetime": {"datetime": "2021-09-24 13:35:39", "elapsed": 5.447843, "delta": 0.473}}
{"target": 0.4450633485775839, "params": {"eta": 0.13899893639569222, "max_depth": 1.320160940196665, "n_estimators": 61.06701993708265}, "datetime": {"datetime": "2021-09-24 13:35:39", "elapsed": 5.922746, "delta": 0.474903}}
{"target": 0.3824586612055413, "params": {"eta": 0.6, "max_depth": 1.8010159595786503, "n_estimators": 61.43607958239379}, "datetime": {"datetime": "2021-09-24 13:35:40", "elapsed": 6.370742, "delta": 0.447996}}
{"target": 0.4414116231799742, "params": {"eta": 0.14572469062278798, "max_depth": 1.1295736350680656, "n_estimators": 120.38456474178886}, "datetime": {"datetime": "2021-09-24 13:35:40", "elapsed": 6.653741, "delta": 0.282999}}
{"target": 0.41507596672719926, "params": {"eta": 0.053666520894410194, "max_depth": 1.1679986554661934, "n_estimators": 60.10234489034397}, "datetime": {"datetime": "2021-09-24 13:35:40", "elapsed": 6.954367, "delta": 0.300626}}
{"target": 0.4075497392707238, "params": {"eta": 0.49584060213081815, "max_depth": 1.0977547370707859, "n_estimators": 62.34693645610885}, "datetime": {"datetime": "2021-09-24 13:35:41", "elapsed": 7.437367, "delta": 0.483}}
{"target": 0.38703608577975424, "params": {"eta": 0.505130346154345, "max_depth": 1.8370209574103813, "n_estimators": 79.60894173739811}, "datetime": {"datetime": "2021-09-24 13:35:41", "elapsed": 7.715957, "delta": 0.27859}}
{"target": 0.39910320683227096, "params": {"eta": 0.5560074932754898, "max_depth": 1.3260137593523806, "n_estimators": 58.767156516122775}, "datetime": {"datetime": "2021-09-24 13:35:42", "elapsed": 8.155989, "delta": 0.440032}}
{"target": 0.2795888112930254, "params": {"eta": 0.493433225187993, "max_depth": 2.307837839166213, "n_estimators": 59.57190673124532}, "datetime": {"datetime": "2021-09-24 13:35:42", "elapsed": 8.641947, "delta": 0.485958}}
{"target": 0.28585204973181433, "params": {"eta": 0.035365278398346196, "max_depth": 1.8297259102143761, "n_estimators": 50.52915730110675}, "datetime": {"datetime": "2021-09-24 13:35:42", "elapsed": 8.853516, "delta": 0.211569}}
{"target": 0.41586480473991216, "params": {"eta": 0.45167971170146765, "max_depth": 1.2794896408148626, "n_estimators": 59.60018529230244}, "datetime": {"datetime": "2021-09-24 13:35:43", "elapsed": 9.361211, "delta": 0.507695}}
{"target": 0.4084574119588442, "params": {"eta": 0.04809826524753526, "max_depth": 1.5111157661233816, "n_estimators": 61.993999176267266}, "datetime": {"datetime": "2021-09-24 13:35:43", "elapsed": 9.942567, "delta": 0.581356}}
{"target": 0.39857507865986497, "params": {"eta": 0.5201190110182807, "max_depth": 1.0281801586387223, "n_estimators": 61.280480001325984}, "datetime": {"datetime": "2021-09-24 13:35:44", "elapsed": 10.268561, "delta": 0.325994}}
{"target": 0.4443745176980972, "params": {"eta": 0.07088874812639262, "max_depth": 1.1142977358102542, "n_estimators": 86.96460782110319}, "datetime": {"datetime": "2021-09-24 13:35:44", "elapsed": 10.567112, "delta": 0.298551}}
{"target": -0.1280314931768205, "params": {"eta": 0.017782947149091476, "max_depth": 1.602073117653171, "n_estimators": 59.493512152286165}, "datetime": {"datetime": "2021-09-24 13:35:44", "elapsed": 10.887771, "delta": 0.320659}}
{"target": 0.44779119069698536, "params": {"eta": 0.19643064611521557, "max_depth": 1.2559139259533074, "n_estimators": 59.25713884565762}, "datetime": {"datetime": "2021-09-24 13:35:44", "elapsed": 11.108896, "delta": 0.221125}}
{"target": 0.4519224264361258, "params": {"eta": 0.3342425488603196, "max_depth": 1.7226961716884073, "n_estimators": 89.83894270085757}, "datetime": {"datetime": "2021-09-24 13:35:45", "elapsed": 11.566897, "delta": 0.458001}}
{"target": 0.44086897725942764, "params": {"eta": 0.057967398968770636, "max_depth": 2.928779659077306, "n_estimators": 52.48714802733523}, "datetime": {"datetime": "2021-09-24 13:35:45", "elapsed": 11.8982, "delta": 0.331303}}
{"target": 0.34980339348085243, "params": {"eta": 0.33786272305381154, "max_depth": 2.7146639397318992, "n_estimators": 52.46816590179817}, "datetime": {"datetime": "2021-09-24 13:35:46", "elapsed": 12.241186, "delta": 0.342986}}
{"target": 0.4519946173605204, "params": {"eta": 0.1548425557245381, "max_depth": 1.3571450148918687, "n_estimators": 61.493714232300974}, "datetime": {"datetime": "2021-09-24 13:35:46", "elapsed": 12.553186, "delta": 0.312}}
{"target": 0.4568872021052679, "params": {"eta": 0.3781358295055001, "max_depth": 1.6526161571746645, "n_estimators": 59.98331746451072}, "datetime": {"datetime": "2021-09-24 13:35:46", "elapsed": 12.97806, "delta": 0.424874}}
{"target": 0.42887184188244654, "params": {"eta": 0.1602889363100016, "max_depth": 2.6909802073402007, "n_estimators": 63.0656811889874}, "datetime": {"datetime": "2021-09-24 13:35:47", "elapsed": 13.24105, "delta": 0.26299}}
{"target": 0.3752529280851562, "params": {"eta": 0.4552746739890337, "max_depth": 1.4727530584727904, "n_estimators": 137.5190505780999}, "datetime": {"datetime": "2021-09-24 13:35:47", "elapsed": 13.575051, "delta": 0.334001}}
{"target": 0.4449070719956525, "params": {"eta": 0.138389095074229, "max_depth": 1.0929790643548665, "n_estimators": 61.323597573882026}, "datetime": {"datetime": "2021-09-24 13:35:47", "elapsed": 13.899064, "delta": 0.324013}}
{"target": 0.24030556027091143, "params": {"eta": 0.48841313505353545, "max_depth": 2.494492131774451, "n_estimators": 138.95289973463082}, "datetime": {"datetime": "2021-09-24 13:35:48", "elapsed": 14.297061, "delta": 0.397997}}
{"target": 0.4329695836314966, "params": {"eta": 0.1691383506887697, "max_depth": 2.6528369911542633, "n_estimators": 63.07601877477281}, "datetime": {"datetime": "2021-09-24 13:35:48", "elapsed": 14.585061, "delta": 0.288}}
{"target": 0.44655921107477614, "params": {"eta": 0.13026514546551304, "max_depth": 1.1825182547518829, "n_estimators": 58.944947698615906}, "datetime": {"datetime": "2021-09-24 13:35:49", "elapsed": 15.157362, "delta": 0.572301}}
{"target": -0.12182864321071563, "params": {"eta": 0.017297045954961017, "max_depth": 1.513040185936696, "n_estimators": 61.97386523361327}, "datetime": {"datetime": "2021-09-24 13:35:49", "elapsed": 15.417054, "delta": 0.259692}}
{"target": 0.44123980428356, "params": {"eta": 0.04929031675575776, "max_depth": 2.0172333240515767, "n_estimators": 60.82188621176318}, "datetime": {"datetime": "2021-09-24 13:35:49", "elapsed": 15.723266, "delta": 0.306212}}
{"target": 0.44958086476509096, "params": {"eta": 0.221729342316771, "max_depth": 1.2645359450373557, "n_estimators": 94.40322569968518}, "datetime": {"datetime": "2021-09-24 13:35:49", "elapsed": 16.070031, "delta": 0.346765}}
{"target": 0.42357364977167644, "params": {"eta": 0.39663355774780434, "max_depth": 1.4986077108353433, "n_estimators": 114.28504884835951}, "datetime": {"datetime": "2021-09-24 13:35:50", "elapsed": 16.397037, "delta": 0.327006}}
{"target": 0.13596837438413223, "params": {"eta": 0.5952585344437444, "max_depth": 2.715576613139252, "n_estimators": 140.46821367914822}, "datetime": {"datetime": "2021-09-24 13:35:50", "elapsed": 16.965706, "delta": 0.568669}}
{"target": 0.3757256617400121, "params": {"eta": 0.2785667859264025, "max_depth": 2.017123099206706, "n_estimators": 74.25553582447105}, "datetime": {"datetime": "2021-09-24 13:35:51", "elapsed": 17.313708, "delta": 0.348002}}
{"target": 0.45500625058674804, "params": {"eta": 0.034900310510533904, "max_depth": 2.315280859155215, "n_estimators": 149.11700446571592}, "datetime": {"datetime": "2021-09-24 13:35:51", "elapsed": 17.866172, "delta": 0.552464}}
{"target": 0.44379047429602403, "params": {"eta": 0.044623987226175034, "max_depth": 1.0272002192408842, "n_estimators": 136.6259962345905}, "datetime": {"datetime": "2021-09-24 13:35:52", "elapsed": 18.27017, "delta": 0.403998}}
{"target": 0.4243512511995682, "params": {"eta": 0.07409732872645526, "max_depth": 2.6308253060342404, "n_estimators": 147.46295936787624}, "datetime": {"datetime": "2021-09-24 13:35:52", "elapsed": 18.685166, "delta": 0.414996}}
{"target": 0.38638269895460176, "params": {"eta": 0.5243307310785017, "max_depth": 1.3571903439059811, "n_estimators": 91.87862018952728}, "datetime": {"datetime": "2021-09-24 13:35:52", "elapsed": 19.00323, "delta": 0.318064}}
{"target": 0.441194162417622, "params": {"eta": 0.05242817115149551, "max_depth": 1.3122144882363451, "n_estimators": 117.7482821898441}, "datetime": {"datetime": "2021-09-24 13:35:53", "elapsed": 19.363229, "delta": 0.359999}}
{"target": 0.427622552328216, "params": {"eta": 0.38019042874835973, "max_depth": 1.5838803919659703, "n_estimators": 108.387798108437}, "datetime": {"datetime": "2021-09-24 13:35:53", "elapsed": 19.702957, "delta": 0.339728}}
{"target": 0.4425618269841003, "params": {"eta": 0.34485577478239227, "max_depth": 1.550650748390999, "n_estimators": 101.24411200117368}, "datetime": {"datetime": "2021-09-24 13:35:53", "elapsed": 20.027957, "delta": 0.325}}
{"target": 0.3941136391967165, "params": {"eta": 0.5719953144748756, "max_depth": 1.4971685604838112, "n_estimators": 55.46292060444525}, "datetime": {"datetime": "2021-09-24 13:35:54", "elapsed": 20.33296, "delta": 0.305003}}
{"target": 0.38328213503782205, "params": {"eta": 0.1618080489666609, "max_depth": 2.483014371198621, "n_estimators": 116.1021507858586}, "datetime": {"datetime": "2021-09-24 13:35:54", "elapsed": 20.779543, "delta": 0.446583}}
{"target": 0.23718482148777875, "params": {"eta": 0.02003622222501561, "max_depth": 1.5866446101058571, "n_estimators": 81.15997451350013}, "datetime": {"datetime": "2021-09-24 13:35:54", "elapsed": 21.080121, "delta": 0.300578}}
{"target": 0.454198490881514, "params": {"eta": 0.0608864026322277, "max_depth": 2.0944117679687837, "n_estimators": 64.50314998652472}, "datetime": {"datetime": "2021-09-24 13:35:55", "elapsed": 21.533127, "delta": 0.453006}}
{"target": 0.37906986159298417, "params": {"eta": 0.20437221255488047, "max_depth": 2.4266890588009566, "n_estimators": 118.09318457437135}, "datetime": {"datetime": "2021-09-24 13:35:55", "elapsed": 22.004022, "delta": 0.470895}}
{"target": 0.3777370413738719, "params": {"eta": 0.5870004512433429, "max_depth": 1.302441397370338, "n_estimators": 61.95460599217891}, "datetime": {"datetime": "2021-09-24 13:35:56", "elapsed": 22.463021, "delta": 0.458999}}
{"target": 0.45036978634492075, "params": {"eta": 0.2496161153863911, "max_depth": 1.1993291098970145, "n_estimators": 67.5950136853387}, "datetime": {"datetime": "2021-09-24 13:35:56", "elapsed": 22.824814, "delta": 0.361793}}
{"target": 0.4130092665295442, "params": {"eta": 0.11895045060896359, "max_depth": 2.792744860115947, "n_estimators": 102.18193199944912}, "datetime": {"datetime": "2021-09-24 13:35:57", "elapsed": 23.216944, "delta": 0.39213}}
{"target": 0.4485399767904199, "params": {"eta": 0.13822387672796038, "max_depth": 1.5634726455750845, "n_estimators": 79.04665655752224}, "datetime": {"datetime": "2021-09-24 13:35:57", "elapsed": 23.566943, "delta": 0.349999}}
{"target": 0.4530204590108845, "params": {"eta": 0.10045733685570701, "max_depth": 1.0304251896846688, "n_estimators": 145.98597109757682}, "datetime": {"datetime": "2021-09-24 13:35:57", "elapsed": 24.02629, "delta": 0.459347}}
{"target": 0.34279548354212896, "params": {"eta": 0.30837625414079334, "max_depth": 2.979897607950768, "n_estimators": 90.2447957390144}, "datetime": {"datetime": "2021-09-24 13:35:58", "elapsed": 24.461295, "delta": 0.435005}}
{"target": 0.3870307723750781, "params": {"eta": 0.49511596881083536, "max_depth": 1.9531494734401977, "n_estimators": 122.6452331771041}, "datetime": {"datetime": "2021-09-24 13:35:58", "elapsed": 24.866955, "delta": 0.40566}}
{"target": 0.3691799660275331, "params": {"eta": 0.2804193312758847, "max_depth": 2.938563176617838, "n_estimators": 106.90440656495994}, "datetime": {"datetime": "2021-09-24 13:35:59", "elapsed": 25.263954, "delta": 0.396999}}
{"target": 0.40118433960402, "params": {"eta": 0.2419897972176323, "max_depth": 2.3664217937732586, "n_estimators": 63.81949989777452}, "datetime": {"datetime": "2021-09-24 13:35:59", "elapsed": 25.681164, "delta": 0.41721}}
{"target": 0.4536569804066458, "params": {"eta": 0.08933589302886549, "max_depth": 2.877275185139397, "n_estimators": 50.947123219350956}, "datetime": {"datetime": "2021-09-24 13:36:00", "elapsed": 26.189336, "delta": 0.508172}}
{"target": 0.3678433170418981, "params": {"eta": 0.19764285361699957, "max_depth": 2.6121796875211607, "n_estimators": 112.74967675108394}, "datetime": {"datetime": "2021-09-24 13:36:00", "elapsed": 26.845009, "delta": 0.655673}}
{"target": 0.44913866664113666, "params": {"eta": 0.11429651402115303, "max_depth": 1.4184267324632351, "n_estimators": 103.06004277440792}, "datetime": {"datetime": "2021-09-24 13:36:01", "elapsed": 27.266165, "delta": 0.421156}}
{"target": 0.38854497104303154, "params": {"eta": 0.4969936493687491, "max_depth": 1.2397837719955256, "n_estimators": 105.83088563370626}, "datetime": {"datetime": "2021-09-24 13:36:01", "elapsed": 27.771847, "delta": 0.505682}}
{"target": 0.3879341585027972, "params": {"eta": 0.4290036543767485, "max_depth": 1.9125988737688355, "n_estimators": 141.5717067278559}, "datetime": {"datetime": "2021-09-24 13:36:02", "elapsed": 28.245845, "delta": 0.473998}}
{"target": 0.26899079092850153, "params": {"eta": 0.3117189217707902, "max_depth": 2.4215127755012293, "n_estimators": 143.30380931949182}, "datetime": {"datetime": "2021-09-24 13:36:02", "elapsed": 28.780849, "delta": 0.535004}}
{"target": 0.3203195252673454, "params": {"eta": 0.3614882974584543, "max_depth": 2.900828792585144, "n_estimators": 109.41117288783849}, "datetime": {"datetime": "2021-09-24 13:36:03", "elapsed": 29.213275, "delta": 0.432426}}
{"target": 0.24719090841111913, "params": {"eta": 0.500346287909918, "max_depth": 2.6806601186792145, "n_estimators": 103.74889675603131}, "datetime": {"datetime": "2021-09-24 13:36:03", "elapsed": 29.646277, "delta": 0.433002}}
{"target": 0.26524421963766776, "params": {"eta": 0.02780875619214085, "max_depth": 1.4856571342927614, "n_estimators": 61.219130109976035}, "datetime": {"datetime": "2021-09-24 13:36:03", "elapsed": 30.06371, "delta": 0.417433}}
{"target": 0.3769767164685872, "params": {"eta": 0.4776470087625166, "max_depth": 1.2818062540262625, "n_estimators": 129.22616007393907}, "datetime": {"datetime": "2021-09-24 13:36:04", "elapsed": 30.470362, "delta": 0.406652}}
