{"target": 0.39052463385851754, "params": {"eta": 0.5410835986161857, "max_depth": 2.730823295801194, "n_estimators": 22.38711532984052}, "datetime": {"datetime": "2021-09-24 12:13:26", "elapsed": 118.237853, "delta": 1.146007}}
{"target": 0.44866135580783695, "params": {"eta": 0.41619152220543576, "max_depth": 1.3629905935474693, "n_estimators": 22.124930248978398}, "datetime": {"datetime": "2021-09-24 12:13:27", "elapsed": 119.166261, "delta": 0.928408}}
{"target": 0.32706132398168586, "params": {"eta": 0.648868225260451, "max_depth": 2.0015040420327885, "n_estimators": 22.74107769081821}, "datetime": {"datetime": "2021-09-24 12:13:28", "elapsed": 119.983258, "delta": 0.816997}}
{"target": -1.378290047094905, "params": {"eta": 0.022568752030174652, "max_depth": 4.0781873735932255, "n_estimators": 20.224604451613168}, "datetime": {"datetime": "2021-09-24 12:13:29", "elapsed": 121.109258, "delta": 1.126}}
{"target": 0.29664137142957747, "params": {"eta": 0.2796565169802296, "max_depth": 20.725441327016046, "n_estimators": 26.093966046486813}, "datetime": {"datetime": "2021-09-24 12:13:30", "elapsed": 122.362046, "delta": 1.252788}}
{"target": 0.29962033944198174, "params": {"eta": 0.20993993703341876, "max_depth": 13.755343003822663, "n_estimators": 27.78712432821071}, "datetime": {"datetime": "2021-09-24 12:13:31", "elapsed": 123.314014, "delta": 0.951968}}
{"target": 0.39187914992411965, "params": {"eta": 0.10645379791229943, "max_depth": 1.2508078820699664, "n_estimators": 23.07676864643338}, "datetime": {"datetime": "2021-09-24 12:13:32", "elapsed": 124.549016, "delta": 1.235002}}
{"target": 0.29172618235704306, "params": {"eta": 0.3473004171432221, "max_depth": 17.960193219430025, "n_estimators": 21.987072818042577}, "datetime": {"datetime": "2021-09-24 12:13:33", "elapsed": 125.365986, "delta": 0.81697}}
{"target": 0.3715025911516052, "params": {"eta": 0.3574958092508111, "max_depth": 7.506469456136123, "n_estimators": 7.874060743818535}, "datetime": {"datetime": "2021-09-24 12:13:34", "elapsed": 126.068988, "delta": 0.703002}}
{"target": -0.058051138886836995, "params": {"eta": 0.9165016156871915, "max_depth": 3.0705767313586696, "n_estimators": 21.164952516072624}, "datetime": {"datetime": "2021-09-24 12:13:34", "elapsed": 126.865989, "delta": 0.797001}}
{"target": 0.2770360427922147, "params": {"eta": 0.9830270045025357, "max_depth": 2.1367797970704876, "n_estimators": 17.635630953514838}, "datetime": {"datetime": "2021-09-24 12:13:35", "elapsed": 127.542159, "delta": 0.67617}}
{"target": 0.3327767030200466, "params": {"eta": 0.9862866830293096, "max_depth": 1.1725792670842343, "n_estimators": 23.2284814656547}, "datetime": {"datetime": "2021-09-24 12:13:36", "elapsed": 128.509552, "delta": 0.967393}}
{"target": 0.2949953429119577, "params": {"eta": 0.44029444656595995, "max_depth": 14.572944418969215, "n_estimators": 11.555607985605535}, "datetime": {"datetime": "2021-09-24 12:13:37", "elapsed": 129.438775, "delta": 0.929223}}
{"target": 0.437826072416315, "params": {"eta": 0.1640624298950172, "max_depth": 1.2748681861156141, "n_estimators": 24.009669668817253}, "datetime": {"datetime": "2021-09-24 12:13:38", "elapsed": 130.405776, "delta": 0.967001}}
{"target": -3.8113338267223877, "params": {"eta": 0.0013142140955762494, "max_depth": 15.364259511119911, "n_estimators": 18.44643578229685}, "datetime": {"datetime": "2021-09-24 12:13:39", "elapsed": 131.344911, "delta": 0.939135}}
{"target": 0.2209203022888626, "params": {"eta": 0.7844900141596455, "max_depth": 2.044861559837563, "n_estimators": 24.191149950546336}, "datetime": {"datetime": "2021-09-24 12:13:40", "elapsed": 132.362908, "delta": 1.017997}}
{"target": 0.2121826301550499, "params": {"eta": 0.7094565764571537, "max_depth": 14.373110673594109, "n_estimators": 22.4710758702749}, "datetime": {"datetime": "2021-09-24 12:13:41", "elapsed": 133.163606, "delta": 0.800698}}
{"target": 0.13144174867925396, "params": {"eta": 0.8725542597935649, "max_depth": 8.080653299113116, "n_estimators": 32.401344537665835}, "datetime": {"datetime": "2021-09-24 12:13:42", "elapsed": 133.988575, "delta": 0.824969}}
{"target": 0.39839131205824974, "params": {"eta": 0.09276906339881727, "max_depth": 2.672792466256169, "n_estimators": 23.347680540582573}, "datetime": {"datetime": "2021-09-24 12:13:43", "elapsed": 135.474168, "delta": 1.485593}}
{"target": 0.4388884076062546, "params": {"eta": 0.20477198465049923, "max_depth": 1.1403069401878825, "n_estimators": 38.36800330739078}, "datetime": {"datetime": "2021-09-24 12:13:44", "elapsed": 136.175796, "delta": 0.701628}}
{"target": -0.2749301487902991, "params": {"eta": 0.02502188338330334, "max_depth": 1.8931279029101042, "n_estimators": 37.984997093857466}, "datetime": {"datetime": "2021-09-24 12:13:45", "elapsed": 137.400382, "delta": 1.224586}}
{"target": 0.4451165536403172, "params": {"eta": 0.20108934750147253, "max_depth": 1.114313231772898, "n_estimators": 38.33615564502503}, "datetime": {"datetime": "2021-09-24 12:13:46", "elapsed": 138.194385, "delta": 0.794003}}
{"target": 0.161057566013165, "params": {"eta": 0.9447768244853325, "max_depth": 2.867030523256988, "n_estimators": 23.409563785296353}, "datetime": {"datetime": "2021-09-24 12:13:47", "elapsed": 139.291697, "delta": 1.097312}}
{"target": -0.16942779826555898, "params": {"eta": 0.9862725059688412, "max_depth": 21.23223126276662, "n_estimators": 32.87451986173353}, "datetime": {"datetime": "2021-09-24 12:13:48", "elapsed": 140.059696, "delta": 0.767999}}
{"target": -0.06711791761990393, "params": {"eta": 0.919094233392788, "max_depth": 21.5879099356216, "n_estimators": 33.58266876085496}, "datetime": {"datetime": "2021-09-24 12:13:49", "elapsed": 141.196496, "delta": 1.1368}}
{"target": 0.42553896063762, "params": {"eta": 0.5032608432186312, "max_depth": 1.4548909329254145, "n_estimators": 23.5998593040984}, "datetime": {"datetime": "2021-09-24 12:13:50", "elapsed": 142.4075, "delta": 1.211004}}
{"target": 0.39046347696010486, "params": {"eta": 0.5015834688383474, "max_depth": 2.093196997462077, "n_estimators": 23.409203953388836}, "datetime": {"datetime": "2021-09-24 12:13:51", "elapsed": 143.401168, "delta": 0.993668}}
{"target": 0.36768161458224413, "params": {"eta": 0.7743596470072178, "max_depth": 1.4199577975463764, "n_estimators": 21.351601265337116}, "datetime": {"datetime": "2021-09-24 12:13:52", "elapsed": 144.843167, "delta": 1.441999}}
{"target": 0.039765592359183755, "params": {"eta": 0.5940683013484311, "max_depth": 11.752397508509173, "n_estimators": 46.94689496651572}, "datetime": {"datetime": "2021-09-24 12:13:53", "elapsed": 145.788977, "delta": 0.94581}}
{"target": -1.2733409587259241, "params": {"eta": 0.02135252334594456, "max_depth": 2.003189447794374, "n_estimators": 22.48360559704135}, "datetime": {"datetime": "2021-09-24 12:13:55", "elapsed": 147.269383, "delta": 1.480406}}
{"target": 0.3077409233295, "params": {"eta": 0.9252365494192029, "max_depth": 2.135017671394087, "n_estimators": 18.304276381662373}, "datetime": {"datetime": "2021-09-24 12:13:56", "elapsed": 148.446387, "delta": 1.177004}}
{"target": 0.38382115450290144, "params": {"eta": 0.4044507132832065, "max_depth": 2.447974452764847, "n_estimators": 21.76054192196627}, "datetime": {"datetime": "2021-09-24 12:13:57", "elapsed": 149.68368, "delta": 1.237293}}
{"target": 0.33166942635975116, "params": {"eta": 0.6522061459193302, "max_depth": 2.6024256587864882, "n_estimators": 18.219363763290865}, "datetime": {"datetime": "2021-09-24 12:13:58", "elapsed": 150.47568, "delta": 0.792}}
{"target": 0.4030128200645501, "params": {"eta": 0.5713755069878251, "max_depth": 1.0026494526924523, "n_estimators": 20.140607137803798}, "datetime": {"datetime": "2021-09-24 12:13:59", "elapsed": 151.708727, "delta": 1.233047}}
{"target": 0.43177942181921825, "params": {"eta": 0.28742881544884374, "max_depth": 1.0, "n_estimators": 21.5571252562836}, "datetime": {"datetime": "2021-09-24 12:14:00", "elapsed": 152.463727, "delta": 0.755}}
{"target": 0.3822548329898403, "params": {"eta": 0.6954602784640705, "max_depth": 1.2068868162240465, "n_estimators": 22.623118630921567}, "datetime": {"datetime": "2021-09-24 12:14:01", "elapsed": 153.58781, "delta": 1.124083}}
{"target": 0.2897158024902282, "params": {"eta": 0.1460768563934704, "max_depth": 23.926703266903175, "n_estimators": 18.187879218020893}, "datetime": {"datetime": "2021-09-24 12:14:02", "elapsed": 154.535811, "delta": 0.948001}}
{"target": 0.3870979032830266, "params": {"eta": 0.41295165453587074, "max_depth": 2.1725941612013218, "n_estimators": 19.929109085633065}, "datetime": {"datetime": "2021-09-24 12:14:03", "elapsed": 155.863282, "delta": 1.327471}}
{"target": 0.39271307637767205, "params": {"eta": 0.868400168237122, "max_depth": 1.0990124493926483, "n_estimators": 21.88190280678411}, "datetime": {"datetime": "2021-09-24 12:14:05", "elapsed": 157.030892, "delta": 1.16761}}
{"target": -2.082112531882605, "params": {"eta": 0.014206419113960988, "max_depth": 1.093651732911881, "n_estimators": 20.515760665170347}, "datetime": {"datetime": "2021-09-24 12:14:06", "elapsed": 157.917572, "delta": 0.88668}}
{"target": 0.4093123152176984, "params": {"eta": 0.8488104300065477, "max_depth": 1.1595256388490955, "n_estimators": 19.668353137148273}, "datetime": {"datetime": "2021-09-24 12:14:07", "elapsed": 159.174882, "delta": 1.25731}}
{"target": 0.3645082231183281, "params": {"eta": 0.755068589121025, "max_depth": 1.428931841603573, "n_estimators": 20.11026974937936}, "datetime": {"datetime": "2021-09-24 12:14:08", "elapsed": 160.376123, "delta": 1.201241}}
{"target": 0.14809261064539125, "params": {"eta": 0.5984384166123708, "max_depth": 13.052249070717114, "n_estimators": 29.98329923095837}, "datetime": {"datetime": "2021-09-24 12:14:09", "elapsed": 161.384035, "delta": 1.007912}}
{"target": 0.39859380031213454, "params": {"eta": 0.27667108175049887, "max_depth": 3.0007890435023596, "n_estimators": 17.55761046484947}, "datetime": {"datetime": "2021-09-24 12:14:10", "elapsed": 162.518036, "delta": 1.134001}}
{"target": 0.4508318199821578, "params": {"eta": 0.23942341826985633, "max_depth": 1.9083123887445144, "n_estimators": 21.520525866605528}, "datetime": {"datetime": "2021-09-24 12:14:11", "elapsed": 163.682919, "delta": 1.164883}}
{"target": 0.342013434811514, "params": {"eta": 0.07534617702503542, "max_depth": 2.3059472094555966, "n_estimators": 24.16904728251345}, "datetime": {"datetime": "2021-09-24 12:14:13", "elapsed": 165.021917, "delta": 1.338998}}
{"target": -0.011565240443782931, "params": {"eta": 0.7890226463795952, "max_depth": 12.509706612307648, "n_estimators": 39.84703832782965}, "datetime": {"datetime": "2021-09-24 12:14:14", "elapsed": 165.958507, "delta": 0.93659}}
{"target": 0.4408109040549708, "params": {"eta": 0.41770091353997935, "max_depth": 1.1790057893353567, "n_estimators": 13.799077678861973}, "datetime": {"datetime": "2021-09-24 12:14:15", "elapsed": 167.065499, "delta": 1.106992}}
{"target": 0.039148089902530936, "params": {"eta": 0.6551331058017102, "max_depth": 20.836668211510954, "n_estimators": 26.721168703251518}, "datetime": {"datetime": "2021-09-24 12:14:16", "elapsed": 168.343374, "delta": 1.277875}}
{"target": -3.7836755852156365, "params": {"eta": 0.001, "max_depth": 21.56637176259685, "n_estimators": 27.59366261289579}, "datetime": {"datetime": "2021-09-24 12:14:18", "elapsed": 170.088562, "delta": 1.745188}}
{"target": 0.34049318405975393, "params": {"eta": 0.9625112670290313, "max_depth": 1.5485561112947548, "n_estimators": 22.182684799925145}, "datetime": {"datetime": "2021-09-24 12:14:19", "elapsed": 171.451006, "delta": 1.362444}}
{"target": 0.17318612989552584, "params": {"eta": 0.06784687565433546, "max_depth": 2.032630065152287, "n_estimators": 20.781492042040693}, "datetime": {"datetime": "2021-09-24 12:14:20", "elapsed": 172.811008, "delta": 1.360002}}
{"target": 0.4487557758538404, "params": {"eta": 0.25855081120050943, "max_depth": 2.867597239637863, "n_estimators": 19.17903548014409}, "datetime": {"datetime": "2021-09-24 12:14:21", "elapsed": 173.682595, "delta": 0.871587}}
{"target": 0.03546322893803444, "params": {"eta": 0.9761361224981949, "max_depth": 21.544266001873417, "n_estimators": 33.13971715873904}, "datetime": {"datetime": "2021-09-24 12:14:23", "elapsed": 174.925592, "delta": 1.242997}}
{"target": 0.40357201609693893, "params": {"eta": 0.8942243490126898, "max_depth": 1.2638321212022663, "n_estimators": 16.434479739052897}, "datetime": {"datetime": "2021-09-24 12:14:23", "elapsed": 175.804438, "delta": 0.878846}}
{"target": 0.4295552888702141, "params": {"eta": 0.30414511594475124, "max_depth": 2.9737867796352266, "n_estimators": 23.95334386341798}, "datetime": {"datetime": "2021-09-24 12:14:25", "elapsed": 176.989158, "delta": 1.18472}}
{"target": 0.4527577991049383, "params": {"eta": 0.19914653819742062, "max_depth": 2.8034341110456964, "n_estimators": 15.206353549335748}, "datetime": {"datetime": "2021-09-24 12:14:26", "elapsed": 178.039341, "delta": 1.050183}}
{"target": -0.33681208242665983, "params": {"eta": 0.035008524011744174, "max_depth": 22.361152273017204, "n_estimators": 27.083893767411926}, "datetime": {"datetime": "2021-09-24 12:14:27", "elapsed": 179.343332, "delta": 1.303991}}
{"target": 0.43886333875498496, "params": {"eta": 0.30266674980495356, "max_depth": 2.4210203256088816, "n_estimators": 17.748997500851758}, "datetime": {"datetime": "2021-09-24 12:14:28", "elapsed": 180.80533, "delta": 1.461998}}
{"target": 0.420636133422998, "params": {"eta": 0.16202532146233556, "max_depth": 1.616776041028289, "n_estimators": 19.76214105326999}, "datetime": {"datetime": "2021-09-24 12:14:30", "elapsed": 182.265253, "delta": 1.459923}}
{"target": -0.16090886894119927, "params": {"eta": 0.9881575658793488, "max_depth": 27.59402824081395, "n_estimators": 48.43825598867598}, "datetime": {"datetime": "2021-09-24 12:14:31", "elapsed": 183.330251, "delta": 1.064998}}
{"target": 0.36605610547558454, "params": {"eta": 0.9240382929584312, "max_depth": 1.6850698330204907, "n_estimators": 23.231101913065128}, "datetime": {"datetime": "2021-09-24 12:14:32", "elapsed": 184.312739, "delta": 0.982488}}
{"target": -1.5449114255792233, "params": {"eta": 0.021973416793991764, "max_depth": 2.742560303764437, "n_estimators": 18.579694509274876}, "datetime": {"datetime": "2021-09-24 12:14:34", "elapsed": 185.949578, "delta": 1.636839}}
{"target": 0.15126512539070458, "params": {"eta": 0.7507200789436, "max_depth": 28.952257934204955, "n_estimators": 14.97623859324263}, "datetime": {"datetime": "2021-09-24 12:14:35", "elapsed": 186.970796, "delta": 1.021218}}
{"target": 0.31822156467953544, "params": {"eta": 0.6234536700627454, "max_depth": 3.2085341122052884, "n_estimators": 19.447975378580495}, "datetime": {"datetime": "2021-09-24 12:14:36", "elapsed": 188.211666, "delta": 1.24087}}
{"target": 0.30139567731228123, "params": {"eta": 0.7791230042336336, "max_depth": 2.809420768851269, "n_estimators": 14.696181551230467}, "datetime": {"datetime": "2021-09-24 12:14:37", "elapsed": 189.319308, "delta": 1.107642}}
{"target": -1.6954617350856513, "params": {"eta": 0.015970492820178372, "max_depth": 1.8138845204773943, "n_estimators": 23.96466238210126}, "datetime": {"datetime": "2021-09-24 12:14:38", "elapsed": 190.468779, "delta": 1.149471}}
{"target": 0.035866257075315544, "params": {"eta": 0.15063395736794297, "max_depth": 29.6639184920254, "n_estimators": 9.350819353174423}, "datetime": {"datetime": "2021-09-24 12:14:39", "elapsed": 191.312384, "delta": 0.843605}}
{"target": 0.4138031512288681, "params": {"eta": 0.811355529256145, "max_depth": 1.279844498543873, "n_estimators": 23.99902088141811}, "datetime": {"datetime": "2021-09-24 12:14:41", "elapsed": 192.948068, "delta": 1.635684}}
{"target": -3.618847951871449, "params": {"eta": 0.015785569233003505, "max_depth": 7.4308261427165805, "n_estimators": 3.5018670887518644}, "datetime": {"datetime": "2021-09-24 12:14:41", "elapsed": 193.876446, "delta": 0.928378}}
{"target": 0.16286744609090142, "params": {"eta": 0.7328271717185751, "max_depth": 23.812769946408178, "n_estimators": 47.70083931320087}, "datetime": {"datetime": "2021-09-24 12:14:43", "elapsed": 195.044446, "delta": 1.168}}
{"target": 0.05868160443676729, "params": {"eta": 0.3875270393770613, "max_depth": 6.403944274098065, "n_estimators": 3.6277506555123242}, "datetime": {"datetime": "2021-09-24 12:14:44", "elapsed": 196.060114, "delta": 1.015668}}
{"target": 0.09602902078825792, "params": {"eta": 0.8938718058346035, "max_depth": 17.495825430059032, "n_estimators": 41.13348000342727}, "datetime": {"datetime": "2021-09-24 12:14:45", "elapsed": 197.052929, "delta": 0.992815}}
{"target": 0.32045319002809325, "params": {"eta": 0.5916105010602484, "max_depth": 2.9015757390573964, "n_estimators": 20.284426729030574}, "datetime": {"datetime": "2021-09-24 12:14:46", "elapsed": 198.254861, "delta": 1.201932}}
{"target": 0.45637322934041347, "params": {"eta": 0.20148528795408469, "max_depth": 2.6681070900284776, "n_estimators": 24.360226832533233}, "datetime": {"datetime": "2021-09-24 12:14:47", "elapsed": 199.474362, "delta": 1.219501}}
{"target": 0.3995482410571656, "params": {"eta": 0.9738098907901482, "max_depth": 1.8185121953347276, "n_estimators": 13.367169884455958}, "datetime": {"datetime": "2021-09-24 12:14:48", "elapsed": 200.476361, "delta": 1.001999}}
{"target": 0.09870979376909284, "params": {"eta": 0.8822617054899013, "max_depth": 3.0302300749490496, "n_estimators": 17.669368975624405}, "datetime": {"datetime": "2021-09-24 12:14:50", "elapsed": 202.206607, "delta": 1.730246}}
{"target": 0.2694965051803849, "params": {"eta": 0.876076453634412, "max_depth": 2.934675539660114, "n_estimators": 18.953319614344295}, "datetime": {"datetime": "2021-09-24 12:14:51", "elapsed": 203.617349, "delta": 1.410742}}
{"target": 0.23304580793782104, "params": {"eta": 0.7644069505343425, "max_depth": 2.748590959549823, "n_estimators": 24.3134618405164}, "datetime": {"datetime": "2021-09-24 12:14:53", "elapsed": 205.218349, "delta": 1.601}}
{"target": 0.035060668912288206, "params": {"eta": 0.9603801782560943, "max_depth": 21.32390013097892, "n_estimators": 45.62499358025862}, "datetime": {"datetime": "2021-09-24 12:14:54", "elapsed": 206.45787, "delta": 1.239521}}
{"target": 0.18861672215537328, "params": {"eta": 0.9154495966678884, "max_depth": 2.858509830628266, "n_estimators": 23.396419895773896}, "datetime": {"datetime": "2021-09-24 12:14:55", "elapsed": 207.52135, "delta": 1.06348}}
{"target": 0.4294822055438231, "params": {"eta": 0.46283441358136884, "max_depth": 1.0517800435866091, "n_estimators": 24.601037444065298}, "datetime": {"datetime": "2021-09-24 12:14:56", "elapsed": 208.595374, "delta": 1.074024}}
{"target": 0.3723522081489966, "params": {"eta": 0.4764675732827579, "max_depth": 2.425698935237802, "n_estimators": 17.16330708517123}, "datetime": {"datetime": "2021-09-24 12:14:58", "elapsed": 210.065793, "delta": 1.470419}}
{"target": 0.3516813420486109, "params": {"eta": 0.3671521073073251, "max_depth": 3.204576982477282, "n_estimators": 22.80622502955319}, "datetime": {"datetime": "2021-09-24 12:14:59", "elapsed": 211.303437, "delta": 1.237644}}
{"target": 0.05345386483368997, "params": {"eta": 0.948922721708617, "max_depth": 12.727239066196837, "n_estimators": 41.616487141248534}, "datetime": {"datetime": "2021-09-24 12:15:00", "elapsed": 212.275629, "delta": 0.972192}}
{"target": -0.5648965180097749, "params": {"eta": 0.03329803644149473, "max_depth": 3.0022711962688677, "n_estimators": 22.23868246898779}, "datetime": {"datetime": "2021-09-24 12:15:01", "elapsed": 213.888391, "delta": 1.612762}}
{"target": 0.3844928479579467, "params": {"eta": 0.37965708276896376, "max_depth": 2.542481842479891, "n_estimators": 23.79018824544008}, "datetime": {"datetime": "2021-09-24 12:15:03", "elapsed": 215.37339, "delta": 1.484999}}
{"target": 0.3755480464965546, "params": {"eta": 0.42070445219489844, "max_depth": 2.2583796733584607, "n_estimators": 24.852443604110054}, "datetime": {"datetime": "2021-09-24 12:15:05", "elapsed": 217.538152, "delta": 2.164762}}
{"target": 0.46399063737270607, "params": {"eta": 0.35179350020474903, "max_depth": 1.0, "n_estimators": 19.37142953773152}, "datetime": {"datetime": "2021-09-24 12:15:07", "elapsed": 218.93343, "delta": 1.395278}}
{"target": 0.06374630222440913, "params": {"eta": 0.950141048417179, "max_depth": 3.146857102093544, "n_estimators": 22.52498380838346}, "datetime": {"datetime": "2021-09-24 12:15:08", "elapsed": 220.269337, "delta": 1.335907}}
{"target": 0.4301889592323035, "params": {"eta": 0.22525729702960573, "max_depth": 2.0209051369640676, "n_estimators": 42.688470171139244}, "datetime": {"datetime": "2021-09-24 12:15:09", "elapsed": 221.238956, "delta": 0.969619}}
{"target": -0.04478365620976876, "params": {"eta": 0.9311290197348215, "max_depth": 28.07174932625219, "n_estimators": 16.472822123440555}, "datetime": {"datetime": "2021-09-24 12:15:10", "elapsed": 222.439882, "delta": 1.200926}}
{"target": 0.38523297535127765, "params": {"eta": 0.47659067007021205, "max_depth": 3.5546432666568935, "n_estimators": 23.450171674581462}, "datetime": {"datetime": "2021-09-24 12:15:12", "elapsed": 224.312025, "delta": 1.872143}}
{"target": 0.28147199835839765, "params": {"eta": 0.33033608305301815, "max_depth": 4.122435675050272, "n_estimators": 34.753315409688916}, "datetime": {"datetime": "2021-09-24 12:15:13", "elapsed": 225.380026, "delta": 1.068001}}
{"target": -0.018352363261302074, "params": {"eta": 0.9579992562612225, "max_depth": 20.756920036462894, "n_estimators": 27.5600076558239}, "datetime": {"datetime": "2021-09-24 12:15:14", "elapsed": 226.854377, "delta": 1.474351}}
