{"target": 0.4478543724794266, "params": {"eta": 0.1321309782002324, "max_depth": 1.8584864805889871, "n_estimators": 126.8520151870765}, "datetime": {"datetime": "2021-09-24 13:36:58", "elapsed": 84.868058, "delta": 0.8002}}
{"target": 0.25789124359050686, "params": {"eta": 0.40359831837775273, "max_depth": 2.7589396840522795, "n_estimators": 110.12183366842214}, "datetime": {"datetime": "2021-09-24 13:36:59", "elapsed": 85.549962, "delta": 0.681904}}
{"target": 0.3876970679547417, "params": {"eta": 0.5730620632680287, "max_depth": 1.9574311196439258, "n_estimators": 77.13289277126123}, "datetime": {"datetime": "2021-09-24 13:37:00", "elapsed": 86.175547, "delta": 0.625585}}
{"target": -0.08308337688708023, "params": {"eta": 0.01819206138768524, "max_depth": 2.4919152801813014, "n_estimators": 58.686146305840026}, "datetime": {"datetime": "2021-09-24 13:37:00", "elapsed": 86.855549, "delta": 0.680002}}
{"target": 0.43475795074125523, "params": {"eta": 0.26379679761182195, "max_depth": 1.1029621074481086, "n_estimators": 107.05293831684753}, "datetime": {"datetime": "2021-09-24 13:37:01", "elapsed": 87.878545, "delta": 1.022996}}
{"target": 0.37778210910461496, "params": {"eta": 0.18877293728319153, "max_depth": 2.544367713036465, "n_estimators": 117.97654664154234}, "datetime": {"datetime": "2021-09-24 13:37:02", "elapsed": 88.532549, "delta": 0.654004}}
{"target": 0.45359896125589116, "params": {"eta": 0.2099963148200322, "max_depth": 1.6315074558506044, "n_estimators": 86.31379966476956}, "datetime": {"datetime": "2021-09-24 13:37:03", "elapsed": 89.220549, "delta": 0.688}}
{"target": 0.40699962605984064, "params": {"eta": 0.039457804565972567, "max_depth": 1.1837492823930642, "n_estimators": 74.56138071165883}, "datetime": {"datetime": "2021-09-24 13:37:03", "elapsed": 89.986547, "delta": 0.765998}}
{"target": 0.26229599503408696, "params": {"eta": 0.5202266141340459, "max_depth": 2.345096278891488, "n_estimators": 107.96650986767057}, "datetime": {"datetime": "2021-09-24 13:37:04", "elapsed": 90.649545, "delta": 0.662998}}
{"target": 0.42471452132928944, "params": {"eta": 0.0393949210482766, "max_depth": 1.3036642166873518, "n_estimators": 92.09192336043986}, "datetime": {"datetime": "2021-09-24 13:37:05", "elapsed": 91.363061, "delta": 0.713516}}
{"target": 0.4315216161938553, "params": {"eta": 0.31349597162575027, "max_depth": 1.1351980626776776, "n_estimators": 106.93943568629673}, "datetime": {"datetime": "2021-09-24 13:37:05", "elapsed": 92.056059, "delta": 0.692998}}
{"target": 0.4502701075166753, "params": {"eta": 0.2036942440427126, "max_depth": 1.8361030250874724, "n_estimators": 57.11429802107438}, "datetime": {"datetime": "2021-09-24 13:37:06", "elapsed": 92.654062, "delta": 0.598003}}
{"target": 0.44776997410104136, "params": {"eta": 0.08562904105178064, "max_depth": 1.071971787145005, "n_estimators": 83.14433907238947}, "datetime": {"datetime": "2021-09-24 13:37:07", "elapsed": 93.389062, "delta": 0.735}}
{"target": 0.4439379044936699, "params": {"eta": 0.09019683994654926, "max_depth": 1.0173390883764881, "n_estimators": 68.2469894615022}, "datetime": {"datetime": "2021-09-24 13:37:08", "elapsed": 94.150845, "delta": 0.761783}}
{"target": 0.336156878758487, "params": {"eta": 0.5392661064435261, "max_depth": 2.649590534566085, "n_estimators": 53.73727228547839}, "datetime": {"datetime": "2021-09-24 13:37:08", "elapsed": 94.919825, "delta": 0.76898}}
{"target": 0.23683309601721858, "params": {"eta": 0.4161569980948416, "max_depth": 2.9390375709224577, "n_estimators": 141.6197100260468}, "datetime": {"datetime": "2021-09-24 13:37:09", "elapsed": 95.663692, "delta": 0.743867}}
{"target": 0.24902313877785476, "params": {"eta": 0.5801115841320901, "max_depth": 2.121093193345976, "n_estimators": 73.04462278116522}, "datetime": {"datetime": "2021-09-24 13:37:10", "elapsed": 96.430697, "delta": 0.767005}}
{"target": 0.3897906782956899, "params": {"eta": 0.4990576788240839, "max_depth": 1.231869522933559, "n_estimators": 101.25431321171297}, "datetime": {"datetime": "2021-09-24 13:37:11", "elapsed": 97.242716, "delta": 0.812019}}
{"target": 0.44652831310378904, "params": {"eta": 0.14823982805077715, "max_depth": 1.429797906925973, "n_estimators": 97.71494749821832}, "datetime": {"datetime": "2021-09-24 13:37:11", "elapsed": 98.120765, "delta": 0.878049}}
{"target": 0.37365321185119016, "params": {"eta": 0.5496130999653916, "max_depth": 1.079910404366906, "n_estimators": 97.04975560820975}, "datetime": {"datetime": "2021-09-24 13:37:12", "elapsed": 98.808763, "delta": 0.687998}}
{"target": 0.35548683695368233, "params": {"eta": 0.5853259938673563, "max_depth": 1.9434645107184665, "n_estimators": 119.91499421364156}, "datetime": {"datetime": "2021-09-24 13:37:13", "elapsed": 99.688772, "delta": 0.880009}}
{"target": 0.41758874104453314, "params": {"eta": 0.4683545277777874, "max_depth": 1.5082391482329256, "n_estimators": 53.588742825382674}, "datetime": {"datetime": "2021-09-24 13:37:14", "elapsed": 100.393765, "delta": 0.704993}}
{"target": 0.42059765833038587, "params": {"eta": 0.12956726379341021, "max_depth": 2.0038046513202525, "n_estimators": 112.96430433938968}, "datetime": {"datetime": "2021-09-24 13:37:15", "elapsed": 101.212341, "delta": 0.818576}}
{"target": 0.4145615147867857, "params": {"eta": 0.19417273943543073, "max_depth": 2.606728003581146, "n_estimators": 65.21546278673905}, "datetime": {"datetime": "2021-09-24 13:37:15", "elapsed": 101.920341, "delta": 0.708}}
{"target": 0.2733705961245222, "params": {"eta": 0.4442490183573847, "max_depth": 2.9550345969813616, "n_estimators": 53.366936468018956}, "datetime": {"datetime": "2021-09-24 13:37:16", "elapsed": 102.735338, "delta": 0.814997}}
{"target": 0.3740720240018496, "params": {"eta": 0.28930906001521284, "max_depth": 2.3283677851459923, "n_estimators": 85.21910196770915}, "datetime": {"datetime": "2021-09-24 13:37:17", "elapsed": 103.447866, "delta": 0.712528}}
{"target": 0.4482766887367857, "params": {"eta": 0.06733414649655994, "max_depth": 1.2259051627861473, "n_estimators": 114.45869369878756}, "datetime": {"datetime": "2021-09-24 13:37:18", "elapsed": 104.468865, "delta": 1.020999}}
{"target": 0.20709993887137035, "params": {"eta": 0.5007466206765544, "max_depth": 2.0400322183743747, "n_estimators": 134.8388621901977}, "datetime": {"datetime": "2021-09-24 13:37:19", "elapsed": 105.324933, "delta": 0.856068}}
{"target": 0.44300435080470146, "params": {"eta": 0.053709620197219296, "max_depth": 2.440862751314768, "n_estimators": 135.72648446769466}, "datetime": {"datetime": "2021-09-24 13:37:20", "elapsed": 106.377896, "delta": 1.052963}}
{"target": 0.4508711521026244, "params": {"eta": 0.10600345721814994, "max_depth": 1.197275912274219, "n_estimators": 100.17591750045688}, "datetime": {"datetime": "2021-09-24 13:37:21", "elapsed": 107.415604, "delta": 1.037708}}
{"target": 0.3006071313960701, "params": {"eta": 0.37937942769410393, "max_depth": 2.619090562198063, "n_estimators": 87.9004624593162}, "datetime": {"datetime": "2021-09-24 13:37:22", "elapsed": 108.22257, "delta": 0.806966}}
{"target": 0.43512010016986225, "params": {"eta": 0.36058849793671605, "max_depth": 1.0273333489980223, "n_estimators": 110.44864938567852}, "datetime": {"datetime": "2021-09-24 13:37:22", "elapsed": 109.053563, "delta": 0.830993}}
{"target": 0.44792683268822575, "params": {"eta": 0.15755448171913636, "max_depth": 1.4688864855572017, "n_estimators": 131.53829630864766}, "datetime": {"datetime": "2021-09-24 13:37:23", "elapsed": 109.908389, "delta": 0.854826}}
{"target": 0.3976523712327773, "params": {"eta": 0.5214456056497794, "max_depth": 1.6907644845105625, "n_estimators": 51.352648363724384}, "datetime": {"datetime": "2021-09-24 13:37:24", "elapsed": 110.900255, "delta": 0.991866}}
{"target": 0.4538842719519661, "params": {"eta": 0.11923863833109291, "max_depth": 1.8599765330390383, "n_estimators": 145.99433920622607}, "datetime": {"datetime": "2021-09-24 13:37:25", "elapsed": 112.048045, "delta": 1.14779}}
{"target": 0.4377803514630779, "params": {"eta": 0.07864252510313717, "max_depth": 2.317725736004789, "n_estimators": 104.14275131554201}, "datetime": {"datetime": "2021-09-24 13:37:26", "elapsed": 112.953489, "delta": 0.905444}}
{"target": 0.42154054275189357, "params": {"eta": 0.3787004388673106, "max_depth": 1.257222630622485, "n_estimators": 116.96058561406012}, "datetime": {"datetime": "2021-09-24 13:37:27", "elapsed": 113.787338, "delta": 0.833849}}
{"target": 0.4482323456372802, "params": {"eta": 0.17323306581654035, "max_depth": 1.7408150770304314, "n_estimators": 56.47062169746037}, "datetime": {"datetime": "2021-09-24 13:37:28", "elapsed": 115.11552, "delta": 1.328182}}
{"target": 0.4160880970334029, "params": {"eta": 0.29042837651413905, "max_depth": 1.9311679341044303, "n_estimators": 106.0555909737364}, "datetime": {"datetime": "2021-09-24 13:37:29", "elapsed": 116.009099, "delta": 0.893579}}
{"target": 0.3060728568486769, "params": {"eta": 0.32119064635576733, "max_depth": 2.661111287748693, "n_estimators": 95.79246003792153}, "datetime": {"datetime": "2021-09-24 13:37:30", "elapsed": 116.777261, "delta": 0.768162}}
{"target": 0.4487773456919646, "params": {"eta": 0.0850239832910673, "max_depth": 1.1300317001708438, "n_estimators": 93.73319210201343}, "datetime": {"datetime": "2021-09-24 13:37:31", "elapsed": 117.568364, "delta": 0.791103}}
{"target": 0.4468469747546988, "params": {"eta": 0.31196326493662535, "max_depth": 1.80517847005137, "n_estimators": 68.07406726866316}, "datetime": {"datetime": "2021-09-24 13:37:32", "elapsed": 118.808584, "delta": 1.24022}}
{"target": 0.4510161686981713, "params": {"eta": 0.089645041138823, "max_depth": 1.1125515935099148, "n_estimators": 140.29301852710154}, "datetime": {"datetime": "2021-09-24 13:37:33", "elapsed": 119.630058, "delta": 0.821474}}
{"target": 0.4600782568064319, "params": {"eta": 0.05135568209857268, "max_depth": 2.949692019495224, "n_estimators": 90.45868750063553}, "datetime": {"datetime": "2021-09-24 13:37:34", "elapsed": 120.451352, "delta": 0.821294}}
{"target": 0.44919366666239346, "params": {"eta": 0.16337804229589484, "max_depth": 1.4317309018366031, "n_estimators": 111.47673237153006}, "datetime": {"datetime": "2021-09-24 13:37:35", "elapsed": 121.476747, "delta": 1.025395}}
{"target": 0.4059809841775014, "params": {"eta": 0.48596912659440766, "max_depth": 1.7301951163379239, "n_estimators": 68.76626868477824}, "datetime": {"datetime": "2021-09-24 13:37:36", "elapsed": 122.358276, "delta": 0.881529}}
{"target": 0.2774396499745414, "params": {"eta": 0.46227978015322047, "max_depth": 2.511761191407371, "n_estimators": 73.74533660999873}, "datetime": {"datetime": "2021-09-24 13:37:37", "elapsed": 123.207279, "delta": 0.849003}}
{"target": 0.3786052542597571, "params": {"eta": 0.0400423198439374, "max_depth": 1.6040301996892807, "n_estimators": 60.08449944291071}, "datetime": {"datetime": "2021-09-24 13:37:37", "elapsed": 124.026847, "delta": 0.819568}}
{"target": 0.4451276855203584, "params": {"eta": 0.3857958716541243, "max_depth": 1.6741817476085863, "n_estimators": 74.31915393857471}, "datetime": {"datetime": "2021-09-24 13:37:38", "elapsed": 125.014357, "delta": 0.98751}}
{"target": 0.43100902064124846, "params": {"eta": 0.03733501111459678, "max_depth": 1.2431098116829742, "n_estimators": 106.26918043178496}, "datetime": {"datetime": "2021-09-24 13:37:39", "elapsed": 126.001842, "delta": 0.987485}}
{"target": 0.36583624401666537, "params": {"eta": 0.022966438336950272, "max_depth": 2.1141497449054825, "n_estimators": 86.47635912191893}, "datetime": {"datetime": "2021-09-24 13:37:40", "elapsed": 126.814831, "delta": 0.812989}}
{"target": 0.4368605329582942, "params": {"eta": 0.10417293622329665, "max_depth": 2.8133654213996504, "n_estimators": 101.82114834721776}, "datetime": {"datetime": "2021-09-24 13:37:41", "elapsed": 127.75711, "delta": 0.942279}}
{"target": 0.23122202500924705, "params": {"eta": 0.45283281626892014, "max_depth": 2.165635716109648, "n_estimators": 132.9833496457523}, "datetime": {"datetime": "2021-09-24 13:37:42", "elapsed": 128.847017, "delta": 1.089907}}
{"target": 0.38037840954065893, "params": {"eta": 0.25981081172706993, "max_depth": 2.5379362341979004, "n_estimators": 66.15671947779023}, "datetime": {"datetime": "2021-09-24 13:37:43", "elapsed": 129.936119, "delta": 1.089102}}
{"target": 0.27960517543052255, "params": {"eta": 0.5279308771149335, "max_depth": 2.695025280424411, "n_estimators": 56.61454286538529}, "datetime": {"datetime": "2021-09-24 13:37:44", "elapsed": 130.989675, "delta": 1.053556}}
{"target": 0.39634109086271574, "params": {"eta": 0.5247245473783813, "max_depth": 1.2967778427383136, "n_estimators": 51.83504721901144}, "datetime": {"datetime": "2021-09-24 13:37:45", "elapsed": 131.96932, "delta": 0.979645}}
{"target": 0.3614001072426405, "params": {"eta": 0.22558002046420872, "max_depth": 2.119127025400754, "n_estimators": 100.71345519672157}, "datetime": {"datetime": "2021-09-24 13:37:47", "elapsed": 133.146021, "delta": 1.176701}}
{"target": 0.36113146310233146, "params": {"eta": 0.3015504302300647, "max_depth": 2.3087262045273587, "n_estimators": 58.816308438951324}, "datetime": {"datetime": "2021-09-24 13:37:47", "elapsed": 134.05018, "delta": 0.904159}}
{"target": 0.41985107868799065, "params": {"eta": 0.39955740803957696, "max_depth": 1.0527190505243573, "n_estimators": 99.7248246942317}, "datetime": {"datetime": "2021-09-24 13:37:48", "elapsed": 134.981308, "delta": 0.931128}}
{"target": 0.40679449124217504, "params": {"eta": 0.1314680700319372, "max_depth": 2.244442209695066, "n_estimators": 130.3745580735866}, "datetime": {"datetime": "2021-09-24 13:37:49", "elapsed": 136.117149, "delta": 1.135841}}
{"target": 0.44692368759631906, "params": {"eta": 0.319226774587136, "max_depth": 1.3234693017462353, "n_estimators": 63.95888477031876}, "datetime": {"datetime": "2021-09-24 13:37:50", "elapsed": 137.074017, "delta": 0.956868}}
{"target": 0.43081668800795037, "params": {"eta": 0.1498787397914937, "max_depth": 2.7877877538519877, "n_estimators": 69.80627499183333}, "datetime": {"datetime": "2021-09-24 13:37:51", "elapsed": 138.000343, "delta": 0.926326}}
{"target": 0.4223432238290249, "params": {"eta": 0.02645828368882973, "max_depth": 1.4470390922357643, "n_estimators": 131.35720234792694}, "datetime": {"datetime": "2021-09-24 13:37:53", "elapsed": 139.147705, "delta": 1.147362}}
{"target": 0.4518000297165764, "params": {"eta": 0.10934440880271162, "max_depth": 1.7462197904328147, "n_estimators": 95.71025883230081}, "datetime": {"datetime": "2021-09-24 13:37:53", "elapsed": 140.085623, "delta": 0.937918}}
{"target": 0.4518049948232933, "params": {"eta": 0.09684070680085469, "max_depth": 1.186398308957615, "n_estimators": 136.01917115475948}, "datetime": {"datetime": "2021-09-24 13:37:54", "elapsed": 141.136003, "delta": 1.05038}}
{"target": 0.42792266283094016, "params": {"eta": 0.07907331364157677, "max_depth": 2.552212547196538, "n_estimators": 126.81415336682021}, "datetime": {"datetime": "2021-09-24 13:37:55", "elapsed": 142.0839, "delta": 0.947897}}
{"target": 0.4180352069253549, "params": {"eta": 0.12125061497038368, "max_depth": 2.3080451073891104, "n_estimators": 105.35067634412695}, "datetime": {"datetime": "2021-09-24 13:37:57", "elapsed": 143.197276, "delta": 1.113376}}
{"target": 0.259318606320875, "params": {"eta": 0.513822151313538, "max_depth": 2.221428403516162, "n_estimators": 72.08564939084809}, "datetime": {"datetime": "2021-09-24 13:37:58", "elapsed": 144.220484, "delta": 1.023208}}
{"target": 0.4463262440284018, "params": {"eta": 0.2087166469520158, "max_depth": 1.6580543200163074, "n_estimators": 104.62159034050956}, "datetime": {"datetime": "2021-09-24 13:37:59", "elapsed": 145.371346, "delta": 1.150862}}
{"target": 0.44482578251138993, "params": {"eta": 0.146544576375068, "max_depth": 1.6343076345999594, "n_estimators": 118.47014366787623}, "datetime": {"datetime": "2021-09-24 13:38:00", "elapsed": 146.405987, "delta": 1.034641}}
{"target": 0.42711865162451557, "params": {"eta": 0.3318007393345094, "max_depth": 1.9192051798554104, "n_estimators": 142.67528296287557}, "datetime": {"datetime": "2021-09-24 13:38:01", "elapsed": 147.431549, "delta": 1.025562}}
{"target": 0.4468672020656981, "params": {"eta": 0.11349238841685909, "max_depth": 1.3469905546281704, "n_estimators": 66.87638156816726}, "datetime": {"datetime": "2021-09-24 13:38:02", "elapsed": 148.365777, "delta": 0.934228}}
{"target": 0.32599504483182773, "params": {"eta": 0.3134043239860979, "max_depth": 2.3823933070043006, "n_estimators": 82.79931129382513}, "datetime": {"datetime": "2021-09-24 13:38:03", "elapsed": 149.445359, "delta": 1.079582}}
{"target": 0.3393777138158286, "params": {"eta": 0.42780313026557065, "max_depth": 2.3692756854193933, "n_estimators": 60.33231099884859}, "datetime": {"datetime": "2021-09-24 13:38:04", "elapsed": 150.315473, "delta": 0.870114}}
{"target": 0.30021318167024613, "params": {"eta": 0.5421961742431191, "max_depth": 2.0831231360879516, "n_estimators": 80.16534172172014}, "datetime": {"datetime": "2021-09-24 13:38:05", "elapsed": 151.227452, "delta": 0.911979}}
{"target": 0.4261060263744535, "params": {"eta": 0.08865890994982636, "max_depth": 2.6249107627903543, "n_estimators": 130.4222595204233}, "datetime": {"datetime": "2021-09-24 13:38:06", "elapsed": 152.218331, "delta": 0.990879}}
{"target": 0.44663764296574937, "params": {"eta": 0.04720853163895424, "max_depth": 2.7720736553682435, "n_estimators": 67.369403197083}, "datetime": {"datetime": "2021-09-24 13:38:06", "elapsed": 153.095489, "delta": 0.877158}}
{"target": 0.4534414629573622, "params": {"eta": 0.13030064581720516, "max_depth": 2.8080046274768473, "n_estimators": 64.73621692447522}, "datetime": {"datetime": "2021-09-24 13:38:07", "elapsed": 153.962733, "delta": 0.867244}}
{"target": 0.25839632870626195, "params": {"eta": 0.49086155312823415, "max_depth": 2.072757861497114, "n_estimators": 91.72743188134078}, "datetime": {"datetime": "2021-09-24 13:38:09", "elapsed": 155.493738, "delta": 1.531005}}
{"target": 0.4428264478644328, "params": {"eta": 0.15005924115511746, "max_depth": 1.3825956696685666, "n_estimators": 50.08397101985648}, "datetime": {"datetime": "2021-09-24 13:38:10", "elapsed": 156.836855, "delta": 1.343117}}
{"target": 0.4440584300389574, "params": {"eta": 0.33157559229667943, "max_depth": 1.173043420566687, "n_estimators": 95.38859858406695}, "datetime": {"datetime": "2021-09-24 13:38:11", "elapsed": 157.908577, "delta": 1.071722}}
{"target": 0.38225147031077755, "params": {"eta": 0.5885014350509293, "max_depth": 1.948092451964923, "n_estimators": 62.24338704829816}, "datetime": {"datetime": "2021-09-24 13:38:12", "elapsed": 158.939124, "delta": 1.030547}}
{"target": 0.4534966283431291, "params": {"eta": 0.06362800052880589, "max_depth": 2.6223593225999204, "n_estimators": 95.62323011829385}, "datetime": {"datetime": "2021-09-24 13:38:14", "elapsed": 160.448463, "delta": 1.509339}}
{"target": 0.3775779144070148, "params": {"eta": 0.5864408604762464, "max_depth": 1.9652379209311193, "n_estimators": 62.62905399628611}, "datetime": {"datetime": "2021-09-24 13:38:15", "elapsed": 161.740498, "delta": 1.292035}}
{"target": 0.2628092193799211, "params": {"eta": 0.3579597605570528, "max_depth": 2.7994211814454233, "n_estimators": 125.8497563003385}, "datetime": {"datetime": "2021-09-24 13:38:16", "elapsed": 162.796694, "delta": 1.056196}}
{"target": 0.38890572610330487, "params": {"eta": 0.4999360468300236, "max_depth": 1.3333757461007858, "n_estimators": 105.50141339197923}, "datetime": {"datetime": "2021-09-24 13:38:17", "elapsed": 164.06854, "delta": 1.271846}}
{"target": 0.4467883814668939, "params": {"eta": 0.14723540565344015, "max_depth": 1.2022820498783882, "n_estimators": 79.7015185006328}, "datetime": {"datetime": "2021-09-24 13:38:19", "elapsed": 165.252764, "delta": 1.184224}}
{"target": 0.2516936233298598, "params": {"eta": 0.544900650434349, "max_depth": 2.676541767064627, "n_estimators": 124.88020968155456}, "datetime": {"datetime": "2021-09-24 13:38:20", "elapsed": 166.252289, "delta": 0.999525}}
{"target": 0.38220093735327065, "params": {"eta": 0.45635027657684685, "max_depth": 1.5204926575716622, "n_estimators": 133.9525860334282}, "datetime": {"datetime": "2021-09-24 13:38:21", "elapsed": 167.242885, "delta": 0.990596}}
{"target": 0.4519185977018749, "params": {"eta": 0.07923958377057795, "max_depth": 1.3476176441090488, "n_estimators": 117.68535786779252}, "datetime": {"datetime": "2021-09-24 13:38:22", "elapsed": 168.421356, "delta": 1.178471}}
{"target": 0.19691983940491986, "params": {"eta": 0.44310817567671396, "max_depth": 2.9719646518777596, "n_estimators": 108.00305558015113}, "datetime": {"datetime": "2021-09-24 13:38:23", "elapsed": 169.794935, "delta": 1.373579}}
{"target": 0.4338174903792229, "params": {"eta": 0.2107712501698469, "max_depth": 1.3742469264306025, "n_estimators": 145.84637754643893}, "datetime": {"datetime": "2021-09-24 13:38:24", "elapsed": 170.889674, "delta": 1.094739}}
{"target": 0.24673422635870135, "params": {"eta": 0.5363577936463347, "max_depth": 2.2610205749423526, "n_estimators": 126.3781379641589}, "datetime": {"datetime": "2021-09-24 13:38:25", "elapsed": 172.086, "delta": 1.196326}}
{"target": 0.23348441913637608, "params": {"eta": 0.5937336201919745, "max_depth": 2.868227239492418, "n_estimators": 55.5212282559872}, "datetime": {"datetime": "2021-09-24 13:38:26", "elapsed": 173.122836, "delta": 1.036836}}
{"target": 0.314044681922792, "params": {"eta": 0.35450525585479636, "max_depth": 2.1541971979530317, "n_estimators": 76.19253068951775}, "datetime": {"datetime": "2021-09-24 13:38:27", "elapsed": 174.123237, "delta": 1.000401}}
