{"target": -53.76911639450188, "params": {"eta": 0.7801131899805978, "max_depth": 16.706782503382684, "n_estimators": 14.19139999318125}, "datetime": {"datetime": "2021-09-24 15:16:05", "elapsed": 296.430376, "delta": 1.412423}}
{"target": -47.199488560956226, "params": {"eta": 0.0661467848563274, "max_depth": 10.353136737813632, "n_estimators": 78.12264844644167}, "datetime": {"datetime": "2021-09-24 15:16:06", "elapsed": 298.120071, "delta": 1.689695}}
{"target": -51.5346598015692, "params": {"eta": 0.6527738794407676, "max_depth": 8.544904545699065, "n_estimators": 76.27880988736496}, "datetime": {"datetime": "2021-09-24 15:16:08", "elapsed": 299.557693, "delta": 1.437622}}
{"target": -45.06945559853002, "params": {"eta": 0.07234281756827371, "max_depth": 4.8792442572105195, "n_estimators": 37.927631861185645}, "datetime": {"datetime": "2021-09-24 15:16:10", "elapsed": 301.430799, "delta": 1.873106}}
{"target": -135.6986614689791, "params": {"eta": 0.001, "max_depth": 17.989259597464784, "n_estimators": 79.4791560155176}, "datetime": {"datetime": "2021-09-24 15:16:11", "elapsed": 302.766481, "delta": 1.335682}}
{"target": -53.31550629694659, "params": {"eta": 0.65388287813625, "max_depth": 18.643999727270558, "n_estimators": 75.5350582306554}, "datetime": {"datetime": "2021-09-24 15:16:12", "elapsed": 304.197054, "delta": 1.430573}}
{"target": -144.28196390186037, "params": {"eta": 0.001, "max_depth": 13.108036633228885, "n_estimators": 16.665362757207227}, "datetime": {"datetime": "2021-09-24 15:16:14", "elapsed": 305.456055, "delta": 1.259001}}
{"target": -50.124015320512584, "params": {"eta": 0.2507657958260529, "max_depth": 11.49120416134918, "n_estimators": 19.74046096365276}, "datetime": {"datetime": "2021-09-24 15:16:15", "elapsed": 307.044957, "delta": 1.588902}}
{"target": -61.87514475772255, "params": {"eta": 0.044284053493385656, "max_depth": 8.228218789749537, "n_estimators": 24.51819545314692}, "datetime": {"datetime": "2021-09-24 15:16:18", "elapsed": 310.263926, "delta": 3.218969}}
{"target": -106.73988720886689, "params": {"eta": 0.049566037790090514, "max_depth": 1.02233865476133, "n_estimators": 6.713771791943799}, "datetime": {"datetime": "2021-09-24 15:16:19", "elapsed": 311.312597, "delta": 1.048671}}
{"target": -137.39210726085463, "params": {"eta": 0.001, "max_depth": 1.0, "n_estimators": 62.26761396355356}, "datetime": {"datetime": "2021-09-24 15:16:21", "elapsed": 312.611082, "delta": 1.298485}}
{"target": -49.18680780453789, "params": {"eta": 0.9611537882393802, "max_depth": 1.9728056579759832, "n_estimators": 74.38072636124052}, "datetime": {"datetime": "2021-09-24 15:16:22", "elapsed": 314.119001, "delta": 1.507919}}
{"target": -47.405632492294885, "params": {"eta": 0.9595265563250792, "max_depth": 1.2825577525178176, "n_estimators": 23.639320793775738}, "datetime": {"datetime": "2021-09-24 15:16:24", "elapsed": 315.488001, "delta": 1.369}}
{"target": -58.92140159750343, "params": {"eta": 0.9506464142312955, "max_depth": 2.5363603791783857, "n_estimators": 76.5419686635428}, "datetime": {"datetime": "2021-09-24 15:16:25", "elapsed": 317.162428, "delta": 1.674427}}
{"target": -48.6722209901738, "params": {"eta": 1.0, "max_depth": 3.8032741639255008, "n_estimators": 4.506530804701007}, "datetime": {"datetime": "2021-09-24 15:16:27", "elapsed": 318.546713, "delta": 1.384285}}
{"target": -52.797114620083256, "params": {"eta": 0.9038399952553345, "max_depth": 9.085985022928051, "n_estimators": 15.54120940490944}, "datetime": {"datetime": "2021-09-24 15:16:28", "elapsed": 319.964611, "delta": 1.417898}}
{"target": -54.25432271168644, "params": {"eta": 0.8809779328038798, "max_depth": 7.212690124177411, "n_estimators": 12.958652557593943}, "datetime": {"datetime": "2021-09-24 15:16:30", "elapsed": 322.198322, "delta": 2.233711}}
{"target": -145.25802618758124, "params": {"eta": 0.001, "max_depth": 8.578974277515222, "n_estimators": 9.526785040886306}, "datetime": {"datetime": "2021-09-24 15:16:32", "elapsed": 323.443319, "delta": 1.244997}}
{"target": -135.66275886664712, "params": {"eta": 0.001, "max_depth": 6.904740435439631, "n_estimators": 80.63558844229122}, "datetime": {"datetime": "2021-09-24 15:16:33", "elapsed": 325.332114, "delta": 1.888795}}
{"target": -53.31257503911068, "params": {"eta": 0.8421069673812739, "max_depth": 9.68018627399758, "n_estimators": 83.10424900191862}, "datetime": {"datetime": "2021-09-24 15:16:36", "elapsed": 327.496571, "delta": 2.164457}}
{"target": -59.72841821756578, "params": {"eta": 0.9780225889692993, "max_depth": 5.46936430520808, "n_estimators": 11.210529612807012}, "datetime": {"datetime": "2021-09-24 15:16:38", "elapsed": 330.018258, "delta": 2.521687}}
{"target": -64.26759304229478, "params": {"eta": 1.0, "max_depth": 13.863507556677295, "n_estimators": 44.73485678947948}, "datetime": {"datetime": "2021-09-24 15:16:40", "elapsed": 331.666463, "delta": 1.648205}}
{"target": -140.70825765007422, "params": {"eta": 0.001, "max_depth": 1.0, "n_estimators": 39.10263295675115}, "datetime": {"datetime": "2021-09-24 15:16:41", "elapsed": 333.130216, "delta": 1.463753}}
{"target": -46.32163763404789, "params": {"eta": 0.30291309942967204, "max_depth": 2.7992034602981244, "n_estimators": 70.45858057741047}, "datetime": {"datetime": "2021-09-24 15:16:44", "elapsed": 335.620482, "delta": 2.490266}}
{"target": -49.05913631181072, "params": {"eta": 1.0, "max_depth": 2.29469774222017, "n_estimators": 13.805945419147568}, "datetime": {"datetime": "2021-09-24 15:16:45", "elapsed": 336.874137, "delta": 1.253655}}
{"target": -138.82460016594794, "params": {"eta": 0.001, "max_depth": 1.6713262275944498, "n_estimators": 52.06233255484847}, "datetime": {"datetime": "2021-09-24 15:16:47", "elapsed": 338.800383, "delta": 1.926246}}
{"target": -46.36175418437872, "params": {"eta": 0.8913269021729684, "max_depth": 1.0124213495077896, "n_estimators": 49.83930610016785}, "datetime": {"datetime": "2021-09-24 15:16:49", "elapsed": 340.739328, "delta": 1.938945}}
{"target": -63.18345820634885, "params": {"eta": 1.0, "max_depth": 14.911178921548611, "n_estimators": 78.21231498438591}, "datetime": {"datetime": "2021-09-24 15:16:52", "elapsed": 343.560676, "delta": 2.821348}}
{"target": -46.65065312206297, "params": {"eta": 0.028292761270369206, "max_depth": 2.390522490875556, "n_estimators": 67.48759259013707}, "datetime": {"datetime": "2021-09-24 15:16:54", "elapsed": 346.036834, "delta": 2.476158}}
{"target": -43.92003121053366, "params": {"eta": 0.09240021432298823, "max_depth": 2.069685186210858, "n_estimators": 33.33590322167322}, "datetime": {"datetime": "2021-09-24 15:16:56", "elapsed": 347.587332, "delta": 1.550498}}
{"target": -136.22934837269605, "params": {"eta": 0.001, "max_depth": 23.0148409390476, "n_estimators": 75.891071295354}, "datetime": {"datetime": "2021-09-24 15:16:59", "elapsed": 351.027326, "delta": 3.439994}}
{"target": -46.151277413045555, "params": {"eta": 0.5709953312885613, "max_depth": 3.71530888993194, "n_estimators": 6.55425369837927}, "datetime": {"datetime": "2021-09-24 15:17:01", "elapsed": 352.479163, "delta": 1.451837}}
{"target": -43.852608759600415, "params": {"eta": 0.20333109558552342, "max_depth": 2.2785778811268846, "n_estimators": 21.40857072756115}, "datetime": {"datetime": "2021-09-24 15:17:02", "elapsed": 354.281152, "delta": 1.801989}}
{"target": -52.133431714280206, "params": {"eta": 0.494107065196138, "max_depth": 11.99485646377688, "n_estimators": 77.41510386819323}, "datetime": {"datetime": "2021-09-24 15:17:06", "elapsed": 357.723176, "delta": 3.442024}}
{"target": -142.8142268621832, "params": {"eta": 0.001, "max_depth": 2.514233733592207, "n_estimators": 25.884339973590322}, "datetime": {"datetime": "2021-09-24 15:17:07", "elapsed": 359.329013, "delta": 1.605837}}
{"target": -136.53126944635147, "params": {"eta": 0.001, "max_depth": 2.0440058258707494, "n_estimators": 69.24027135118133}, "datetime": {"datetime": "2021-09-24 15:17:09", "elapsed": 361.306328, "delta": 1.977315}}
{"target": -69.98300522252133, "params": {"eta": 0.022955037116293764, "max_depth": 14.36979693886579, "n_estimators": 37.11159553069973}, "datetime": {"datetime": "2021-09-24 15:17:12", "elapsed": 363.501759, "delta": 2.195431}}
{"target": -45.43380011651749, "params": {"eta": 0.566661902821581, "max_depth": 1.9235355973627444, "n_estimators": 22.374489221811746}, "datetime": {"datetime": "2021-09-24 15:17:14", "elapsed": 365.64028, "delta": 2.138521}}
{"target": -44.074895414194664, "params": {"eta": 0.04479709613294791, "max_depth": 2.535247757445372, "n_estimators": 67.47690567183919}, "datetime": {"datetime": "2021-09-24 15:17:15", "elapsed": 367.006357, "delta": 1.366077}}
{"target": -44.752489419808064, "params": {"eta": 0.06798544654097341, "max_depth": 1.5021130138851522, "n_estimators": 71.43534598908627}, "datetime": {"datetime": "2021-09-24 15:17:17", "elapsed": 369.053119, "delta": 2.046762}}
{"target": -49.60525220139582, "params": {"eta": 0.47866257999023154, "max_depth": 3.5945751526023386, "n_estimators": 66.90967241859691}, "datetime": {"datetime": "2021-09-24 15:17:19", "elapsed": 371.039903, "delta": 1.986784}}
{"target": -84.9155175632104, "params": {"eta": 0.007468153405867629, "max_depth": 2.703847751339307, "n_estimators": 72.18190871900666}, "datetime": {"datetime": "2021-09-24 15:17:21", "elapsed": 373.140461, "delta": 2.100558}}
{"target": -47.40971909429794, "params": {"eta": 0.9185726649695473, "max_depth": 1.1611201726647895, "n_estimators": 70.79391681318324}, "datetime": {"datetime": "2021-09-24 15:17:24", "elapsed": 375.704653, "delta": 2.564192}}
{"target": -50.33407492386667, "params": {"eta": 0.3757487692466219, "max_depth": 4.375530565768954, "n_estimators": 24.383556663281812}, "datetime": {"datetime": "2021-09-24 15:17:27", "elapsed": 378.40954, "delta": 2.704887}}
{"target": -47.829097891212406, "params": {"eta": 0.3236877135837996, "max_depth": 2.9841651787911863, "n_estimators": 75.19882596924269}, "datetime": {"datetime": "2021-09-24 15:17:29", "elapsed": 380.370154, "delta": 1.960614}}
{"target": -43.82682180763187, "params": {"eta": 0.12036979528228352, "max_depth": 1.006048020149544, "n_estimators": 74.53533098956913}, "datetime": {"datetime": "2021-09-24 15:17:31", "elapsed": 382.60674, "delta": 2.236586}}
{"target": -44.954556802161655, "params": {"eta": 0.9288100465074316, "max_depth": 1.5617947762884894, "n_estimators": 11.8846908180624}, "datetime": {"datetime": "2021-09-24 15:17:34", "elapsed": 385.926872, "delta": 3.320132}}
{"target": -52.70964076823758, "params": {"eta": 0.871164190918757, "max_depth": 20.42844228378101, "n_estimators": 74.83645986847503}, "datetime": {"datetime": "2021-09-24 15:17:36", "elapsed": 388.291848, "delta": 2.364976}}
{"target": -56.40232443361354, "params": {"eta": 0.8946828370018424, "max_depth": 4.3088993666371325, "n_estimators": 38.81833790827547}, "datetime": {"datetime": "2021-09-24 15:17:41", "elapsed": 392.571366, "delta": 4.279518}}
{"target": -46.73497916343517, "params": {"eta": 1.0, "max_depth": 1.0, "n_estimators": 33.41199406307359}, "datetime": {"datetime": "2021-09-24 15:17:42", "elapsed": 394.260045, "delta": 1.688679}}
{"target": -48.849319859554896, "params": {"eta": 0.1544000996903832, "max_depth": 5.993440733328313, "n_estimators": 39.216831489871225}, "datetime": {"datetime": "2021-09-24 15:17:44", "elapsed": 395.978601, "delta": 1.718556}}
{"target": -53.97168034718449, "params": {"eta": 0.8184321546041173, "max_depth": 12.55802634118773, "n_estimators": 69.21272966459883}, "datetime": {"datetime": "2021-09-24 15:17:46", "elapsed": 398.278996, "delta": 2.300395}}
{"target": -65.2421526263531, "params": {"eta": 0.9979903284742218, "max_depth": 8.487065504306845, "n_estimators": 85.04137948421457}, "datetime": {"datetime": "2021-09-24 15:17:49", "elapsed": 401.166183, "delta": 2.887187}}
{"target": -63.474030286745915, "params": {"eta": 0.08950503941143628, "max_depth": 7.281537568357252, "n_estimators": 11.860142100969716}, "datetime": {"datetime": "2021-09-24 15:17:52", "elapsed": 403.615091, "delta": 2.448908}}
{"target": -135.83004068342368, "params": {"eta": 0.001, "max_depth": 13.828631631075565, "n_estimators": 78.94001337405237}, "datetime": {"datetime": "2021-09-24 15:17:55", "elapsed": 406.803257, "delta": 3.188166}}
{"target": -54.740634192201426, "params": {"eta": 0.8738770272048872, "max_depth": 11.255656460631231, "n_estimators": 78.79502982860937}, "datetime": {"datetime": "2021-09-24 15:17:57", "elapsed": 408.84815, "delta": 2.044893}}
{"target": -52.17533209090843, "params": {"eta": 0.5386159540929931, "max_depth": 13.713010489519347, "n_estimators": 76.361190013974}, "datetime": {"datetime": "2021-09-24 15:18:00", "elapsed": 411.874311, "delta": 3.026161}}
{"target": -43.889761731140595, "params": {"eta": 0.07367779982573755, "max_depth": 2.4880468727154383, "n_estimators": 66.427346777589}, "datetime": {"datetime": "2021-09-24 15:18:03", "elapsed": 414.651374, "delta": 2.777063}}
{"target": -145.7757602849401, "params": {"eta": 0.001, "max_depth": 3.940922669824828, "n_estimators": 5.375462929471632}, "datetime": {"datetime": "2021-09-24 15:18:05", "elapsed": 416.811257, "delta": 2.159883}}
{"target": -50.95514058708248, "params": {"eta": 0.7982494803929444, "max_depth": 2.069249942100023, "n_estimators": 34.262271312687844}, "datetime": {"datetime": "2021-09-24 15:18:07", "elapsed": 418.582826, "delta": 1.771569}}
{"target": -51.376440306355185, "params": {"eta": 0.8464804524739762, "max_depth": 3.725246140138788, "n_estimators": 7.456047998402902}, "datetime": {"datetime": "2021-09-24 15:18:10", "elapsed": 421.416556, "delta": 2.83373}}
{"target": -46.613878522600444, "params": {"eta": 0.1760239481110143, "max_depth": 1.2522842387276416, "n_estimators": 14.023484043685823}, "datetime": {"datetime": "2021-09-24 15:18:12", "elapsed": 423.78158, "delta": 2.365024}}
{"target": -46.119947103629436, "params": {"eta": 0.9507584354739766, "max_depth": 1.8919886812947073, "n_estimators": 20.61480224649907}, "datetime": {"datetime": "2021-09-24 15:18:14", "elapsed": 425.519749, "delta": 1.738169}}
{"target": -45.319340727383036, "params": {"eta": 0.9906379295934115, "max_depth": 2.7175609053662777, "n_estimators": 6.544869324376949}, "datetime": {"datetime": "2021-09-24 15:18:16", "elapsed": 427.396294, "delta": 1.876545}}
{"target": -59.3501420052428, "params": {"eta": 1.0, "max_depth": 5.755480514008559, "n_estimators": 7.1348288592560065}, "datetime": {"datetime": "2021-09-24 15:18:18", "elapsed": 429.481857, "delta": 2.085563}}
{"target": -47.61492234423645, "params": {"eta": 0.1358497535351767, "max_depth": 5.085237540040767, "n_estimators": 76.251707749488}, "datetime": {"datetime": "2021-09-24 15:18:21", "elapsed": 433.299213, "delta": 3.817356}}
{"target": -93.305754037728, "params": {"eta": 0.03634299306600294, "max_depth": 2.0976886608483047, "n_estimators": 12.793642771570946}, "datetime": {"datetime": "2021-09-24 15:18:23", "elapsed": 435.152398, "delta": 1.853185}}
{"target": -137.23158036855827, "params": {"eta": 0.001, "max_depth": 2.3721769068478613, "n_estimators": 64.73371735922778}, "datetime": {"datetime": "2021-09-24 15:18:26", "elapsed": 437.475754, "delta": 2.323356}}
{"target": -48.16460949316957, "params": {"eta": 0.6051112372466175, "max_depth": 2.247769866991197, "n_estimators": 23.87445697405577}, "datetime": {"datetime": "2021-09-24 15:18:28", "elapsed": 439.512423, "delta": 2.036669}}
{"target": -53.37032687036615, "params": {"eta": 0.8793485168772767, "max_depth": 2.0277999038991528, "n_estimators": 66.84770933124695}, "datetime": {"datetime": "2021-09-24 15:18:30", "elapsed": 441.715146, "delta": 2.202723}}
{"target": -53.53771800564644, "params": {"eta": 0.041261252004484064, "max_depth": 1.0507701365029698, "n_estimators": 32.7706723448612}, "datetime": {"datetime": "2021-09-24 15:18:32", "elapsed": 443.665013, "delta": 1.949867}}
{"target": -48.697695940060726, "params": {"eta": 0.15266167047868517, "max_depth": 4.008523325325476, "n_estimators": 77.72024526115518}, "datetime": {"datetime": "2021-09-24 15:18:34", "elapsed": 445.776035, "delta": 2.111022}}
{"target": -55.14422350718563, "params": {"eta": 1.0, "max_depth": 2.590504115384176, "n_estimators": 32.788662298000176}, "datetime": {"datetime": "2021-09-24 15:18:37", "elapsed": 448.489034, "delta": 2.712999}}
{"target": -53.68276889342114, "params": {"eta": 0.9462302258054657, "max_depth": 7.738073888162419, "n_estimators": 82.99294969463267}, "datetime": {"datetime": "2021-09-24 15:18:39", "elapsed": 450.954557, "delta": 2.465523}}
{"target": -45.214138403871004, "params": {"eta": 0.2986119720689015, "max_depth": 4.322519428219276, "n_estimators": 11.793463326180893}, "datetime": {"datetime": "2021-09-24 15:18:41", "elapsed": 452.890918, "delta": 1.936361}}
{"target": -58.291885519386234, "params": {"eta": 0.9898268164605707, "max_depth": 3.7879593173150505, "n_estimators": 11.182149635276252}, "datetime": {"datetime": "2021-09-24 15:18:43", "elapsed": 455.070778, "delta": 2.17986}}
{"target": -135.23884918277426, "params": {"eta": 0.001, "max_depth": 8.892096731325951, "n_estimators": 83.35951980169207}, "datetime": {"datetime": "2021-09-24 15:18:46", "elapsed": 457.880361, "delta": 2.809583}}
{"target": -50.53427822428539, "params": {"eta": 0.5825696706041786, "max_depth": 6.99604060750041, "n_estimators": 84.10884743390007}, "datetime": {"datetime": "2021-09-24 15:18:50", "elapsed": 461.480492, "delta": 3.600131}}
{"target": -56.652958337525675, "params": {"eta": 0.9524244498327572, "max_depth": 10.249677615743602, "n_estimators": 84.30965159376392}, "datetime": {"datetime": "2021-09-24 15:18:53", "elapsed": 464.709395, "delta": 3.228903}}
{"target": -53.944815384714225, "params": {"eta": 0.8144053800207283, "max_depth": 4.150131039689941, "n_estimators": 12.94177705730698}, "datetime": {"datetime": "2021-09-24 15:18:56", "elapsed": 467.868038, "delta": 3.158643}}
{"target": -44.13437245304423, "params": {"eta": 0.04568751124843691, "max_depth": 2.0642442193528874, "n_estimators": 73.86087297466216}, "datetime": {"datetime": "2021-09-24 15:18:59", "elapsed": 470.440579, "delta": 2.572541}}
{"target": -124.80295531911061, "params": {"eta": 0.007696329692077968, "max_depth": 1.232365945807346, "n_estimators": 20.25531076288769}, "datetime": {"datetime": "2021-09-24 15:19:01", "elapsed": 472.772422, "delta": 2.331843}}
{"target": -50.14502423508723, "params": {"eta": 0.9117142094991926, "max_depth": 2.6636870053086783, "n_estimators": 20.893728374223155}, "datetime": {"datetime": "2021-09-24 15:19:04", "elapsed": 475.471694, "delta": 2.699272}}
{"target": -47.041415130285394, "params": {"eta": 0.8233597912543354, "max_depth": 1.0, "n_estimators": 72.14276609124727}, "datetime": {"datetime": "2021-09-24 15:19:07", "elapsed": 478.794508, "delta": 3.322814}}
{"target": -44.31730646119082, "params": {"eta": 0.08061365099093615, "max_depth": 1.9762483782883038, "n_estimators": 74.79833660469713}, "datetime": {"datetime": "2021-09-24 15:19:12", "elapsed": 483.486108, "delta": 4.6916}}
{"target": -52.491643690525144, "params": {"eta": 0.7271659855131393, "max_depth": 19.529063383619082, "n_estimators": 76.71678286429477}, "datetime": {"datetime": "2021-09-24 15:19:14", "elapsed": 486.07104, "delta": 2.584932}}
{"target": -49.466220310756135, "params": {"eta": 0.15576935079202264, "max_depth": 4.32463490585255, "n_estimators": 75.1149390535837}, "datetime": {"datetime": "2021-09-24 15:19:17", "elapsed": 488.680326, "delta": 2.609286}}
{"target": -53.31028512366732, "params": {"eta": 0.5643393411596784, "max_depth": 5.918567075625939, "n_estimators": 37.890119846682865}, "datetime": {"datetime": "2021-09-24 15:19:19", "elapsed": 491.180808, "delta": 2.500482}}
{"target": -142.9121755854528, "params": {"eta": 0.001, "max_depth": 1.0, "n_estimators": 24.08894552789233}, "datetime": {"datetime": "2021-09-24 15:19:21", "elapsed": 493.30979, "delta": 2.128982}}
{"target": -69.13558394926831, "params": {"eta": 0.10581136636685574, "max_depth": 2.8691200247352846, "n_estimators": 7.095633087609736}, "datetime": {"datetime": "2021-09-24 15:19:25", "elapsed": 496.433184, "delta": 3.123394}}
{"target": -57.52613153672756, "params": {"eta": 0.8884081976633945, "max_depth": 3.192234461440469, "n_estimators": 23.36208493508001}, "datetime": {"datetime": "2021-09-24 15:19:26", "elapsed": 498.298654, "delta": 1.86547}}
{"target": -49.28762417269829, "params": {"eta": 1.0, "max_depth": 1.0, "n_estimators": 73.76519082316243}, "datetime": {"datetime": "2021-09-24 15:19:29", "elapsed": 500.658445, "delta": 2.359791}}
{"target": -47.097594445809385, "params": {"eta": 1.0, "max_depth": 1.8843970441301938, "n_estimators": 50.37363641199658}, "datetime": {"datetime": "2021-09-24 15:19:31", "elapsed": 502.788742, "delta": 2.130297}}
{"target": -63.24383557828745, "params": {"eta": 1.0, "max_depth": 21.15037781631829, "n_estimators": 75.76254151808799}, "datetime": {"datetime": "2021-09-24 15:19:34", "elapsed": 505.608132, "delta": 2.81939}}
{"target": -61.35142124147343, "params": {"eta": 0.026376049872668304, "max_depth": 5.852728823586318, "n_estimators": 40.499707750388424}, "datetime": {"datetime": "2021-09-24 15:19:36", "elapsed": 508.18563, "delta": 2.577498}}
{"target": -53.32079520261377, "params": {"eta": 0.656074601435034, "max_depth": 8.58513990574425, "n_estimators": 12.889692637578495}, "datetime": {"datetime": "2021-09-24 15:19:39", "elapsed": 510.885381, "delta": 2.699751}}
{"target": -45.3926733777039, "params": {"eta": 0.06208934771180482, "max_depth": 19.72969015479597, "n_estimators": 75.51378298049708}, "datetime": {"datetime": "2021-09-24 15:19:42", "elapsed": 513.438155, "delta": 2.552774}}
{"target": -43.642239047172374, "params": {"eta": 0.07935353220149158, "max_depth": 2.065186546662841, "n_estimators": 77.86961171296437}, "datetime": {"datetime": "2021-09-24 15:19:43", "elapsed": 515.318455, "delta": 1.8803}}
