{"target": 0.42094763607942054, "params": {"eta": 0.5, "max_depth": 1.0, "n_estimators": 13.333208149258372}, "datetime": {"datetime": "2021-09-24 13:14:19", "elapsed": 16.510891, "delta": 0.505595}}
{"target": 0.44795256214244916, "params": {"eta": 0.4057396958752186, "max_depth": 1.0432371235044684, "n_estimators": 29.401571229821563}, "datetime": {"datetime": "2021-09-24 13:14:19", "elapsed": 17.157159, "delta": 0.646268}}
{"target": 0.4637509188671811, "params": {"eta": 0.37588979254983884, "max_depth": 1.0135508671826539, "n_estimators": 39.993301831191744}, "datetime": {"datetime": "2021-09-24 13:14:20", "elapsed": 17.598158, "delta": 0.440999}}
{"target": 0.2487874928297925, "params": {"eta": 0.5, "max_depth": 3.0, "n_estimators": 49.66306909330532}, "datetime": {"datetime": "2021-09-24 13:14:20", "elapsed": 18.208756, "delta": 0.610598}}
{"target": 0.3447044879797876, "params": {"eta": 0.49277849465637363, "max_depth": 2.3150475228241123, "n_estimators": 37.71963492761992}, "datetime": {"datetime": "2021-09-24 13:14:21", "elapsed": 18.599393, "delta": 0.390637}}
{"target": 0.32904245595915105, "params": {"eta": 0.5, "max_depth": 3.0, "n_estimators": 19.902044564337313}, "datetime": {"datetime": "2021-09-24 13:14:21", "elapsed": 19.017621, "delta": 0.418228}}
{"target": -3.7287805030583225, "params": {"eta": 0.008, "max_depth": 2.39112646153679, "n_estimators": 4.8053173582100035}, "datetime": {"datetime": "2021-09-24 13:14:22", "elapsed": 19.384622, "delta": 0.367001}}
{"target": -0.905970187421052, "params": {"eta": 0.019375406294192772, "max_depth": 1.842317516900983, "n_estimators": 31.32183659978361}, "datetime": {"datetime": "2021-09-24 13:14:22", "elapsed": 19.877906, "delta": 0.493284}}
{"target": 0.4217807462827686, "params": {"eta": 0.4739976492796613, "max_depth": 1.8315868799871766, "n_estimators": 45.69344060095838}, "datetime": {"datetime": "2021-09-24 13:14:23", "elapsed": 20.344904, "delta": 0.466998}}
{"target": 0.344079685075353, "params": {"eta": 0.0990322878141055, "max_depth": 2.0174324356998126, "n_estimators": 18.974790344096395}, "datetime": {"datetime": "2021-09-24 13:14:23", "elapsed": 20.867148, "delta": 0.522244}}
{"target": -2.9532183993721586, "params": {"eta": 0.008, "max_depth": 1.0444803771145619, "n_estimators": 17.996926436149415}, "datetime": {"datetime": "2021-09-24 13:14:24", "elapsed": 21.436146, "delta": 0.568998}}
{"target": 0.3925540535667432, "params": {"eta": 0.4205534116576357, "max_depth": 2.8236174324338705, "n_estimators": 17.996697175837955}, "datetime": {"datetime": "2021-09-24 13:14:24", "elapsed": 21.890989, "delta": 0.454843}}
{"target": 0.4274560230030938, "params": {"eta": 0.46872965030046915, "max_depth": 1.8854042291571294, "n_estimators": 16.805207982885168}, "datetime": {"datetime": "2021-09-24 13:14:25", "elapsed": 22.489991, "delta": 0.599002}}
{"target": 0.42753345851027247, "params": {"eta": 0.4659391823618548, "max_depth": 1.0118584493967882, "n_estimators": 16.26152272093018}, "datetime": {"datetime": "2021-09-24 13:14:25", "elapsed": 22.981136, "delta": 0.491145}}
{"target": -0.42660190209897664, "params": {"eta": 0.019696306251868217, "max_depth": 1.546989511972011, "n_estimators": 42.2090571901158}, "datetime": {"datetime": "2021-09-24 13:14:26", "elapsed": 23.639134, "delta": 0.657998}}
{"target": 0.4330860755387791, "params": {"eta": 0.08471307776895914, "max_depth": 1.979027617890067, "n_estimators": 47.69906413966346}, "datetime": {"datetime": "2021-09-24 13:14:26", "elapsed": 24.146644, "delta": 0.50751}}
{"target": -0.9754357929799724, "params": {"eta": 0.01254045217165384, "max_depth": 1.580899929385617, "n_estimators": 46.933791536048886}, "datetime": {"datetime": "2021-09-24 13:14:27", "elapsed": 24.895779, "delta": 0.749135}}
{"target": -1.7331226510151638, "params": {"eta": 0.008, "max_depth": 1.0130017170355246, "n_estimators": 45.381690835110284}, "datetime": {"datetime": "2021-09-24 13:14:28", "elapsed": 25.402784, "delta": 0.507005}}
{"target": 0.40912707757228517, "params": {"eta": 0.5, "max_depth": 1.0144072943616824, "n_estimators": 43.79126553061655}, "datetime": {"datetime": "2021-09-24 13:14:28", "elapsed": 25.990394, "delta": 0.58761}}
{"target": 0.4578097137101036, "params": {"eta": 0.3680390584158336, "max_depth": 2.761506587524816, "n_estimators": 20.467200653798166}, "datetime": {"datetime": "2021-09-24 13:14:28", "elapsed": 26.270395, "delta": 0.280001}}
{"target": 0.40242692442878125, "params": {"eta": 0.5, "max_depth": 1.8615286398270725, "n_estimators": 48.37379787160495}, "datetime": {"datetime": "2021-09-24 13:14:29", "elapsed": 26.796501, "delta": 0.526106}}
{"target": 0.4468996597417175, "params": {"eta": 0.43572193272014836, "max_depth": 1.7409146378137375, "n_estimators": 30.050141322075895}, "datetime": {"datetime": "2021-09-24 13:14:29", "elapsed": 27.299504, "delta": 0.503003}}
{"target": 0.11583029985898363, "params": {"eta": 0.03448498853807548, "max_depth": 1.0146641221417074, "n_estimators": 39.18989761836686}, "datetime": {"datetime": "2021-09-24 13:14:30", "elapsed": 27.812218, "delta": 0.512714}}
{"target": 0.3279993958523738, "params": {"eta": 0.487373188606155, "max_depth": 2.944456952029615, "n_estimators": 47.40837689984438}, "datetime": {"datetime": "2021-09-24 13:14:31", "elapsed": 28.540003, "delta": 0.727785}}
{"target": 0.40838369942699937, "params": {"eta": 0.070503057096277, "max_depth": 1.3466170246510694, "n_estimators": 40.76111940617365}, "datetime": {"datetime": "2021-09-24 13:14:31", "elapsed": 29.120174, "delta": 0.580171}}
{"target": 0.44365413562482714, "params": {"eta": 0.42063442588997746, "max_depth": 1.2891999860260308, "n_estimators": 19.487932684235837}, "datetime": {"datetime": "2021-09-24 13:14:32", "elapsed": 29.573169, "delta": 0.452995}}
{"target": 0.32842118839225054, "params": {"eta": 0.5, "max_depth": 3.0, "n_estimators": 3.0474665802107226}, "datetime": {"datetime": "2021-09-24 13:14:32", "elapsed": 30.118368, "delta": 0.545199}}
{"target": 0.3202365493794773, "params": {"eta": 0.5, "max_depth": 1.0, "n_estimators": 3.864129743339308}, "datetime": {"datetime": "2021-09-24 13:14:33", "elapsed": 30.556042, "delta": 0.437674}}
{"target": 0.28905971820942633, "params": {"eta": 0.5, "max_depth": 3.0, "n_estimators": 32.96981618216755}, "datetime": {"datetime": "2021-09-24 13:14:33", "elapsed": 31.039178, "delta": 0.483136}}
{"target": 0.39340865141971626, "params": {"eta": 0.5, "max_depth": 1.0, "n_estimators": 5.272320485955884}, "datetime": {"datetime": "2021-09-24 13:14:34", "elapsed": 31.548792, "delta": 0.509614}}
{"target": -0.9521463495001892, "params": {"eta": 0.041230524679948956, "max_depth": 1.1657601619423867, "n_estimators": 14.079216373102383}, "datetime": {"datetime": "2021-09-24 13:14:34", "elapsed": 31.964808, "delta": 0.416016}}
{"target": 0.44759064801360604, "params": {"eta": 0.3899543395525442, "max_depth": 1.1484831567901843, "n_estimators": 12.424435732400582}, "datetime": {"datetime": "2021-09-24 13:14:35", "elapsed": 32.462805, "delta": 0.497997}}
{"target": 0.3873764718936654, "params": {"eta": 0.4706972881567126, "max_depth": 2.198558873591882, "n_estimators": 22.771209948109824}, "datetime": {"datetime": "2021-09-24 13:14:35", "elapsed": 32.901322, "delta": 0.438517}}
{"target": 0.38755281792846097, "params": {"eta": 0.06725249402711707, "max_depth": 1.4394629560359398, "n_estimators": 37.50265691566677}, "datetime": {"datetime": "2021-09-24 13:14:36", "elapsed": 33.424321, "delta": 0.522999}}
{"target": -1.6807418286314442, "params": {"eta": 0.008, "max_depth": 3.0, "n_estimators": 46.393967557158525}, "datetime": {"datetime": "2021-09-24 13:14:36", "elapsed": 33.95728, "delta": 0.532959}}
{"target": -0.2942407524577799, "params": {"eta": 0.02396927549295075, "max_depth": 1.8230081274193564, "n_estimators": 38.351794050118315}, "datetime": {"datetime": "2021-09-24 13:14:37", "elapsed": 34.400281, "delta": 0.443001}}
{"target": -0.49836601924815205, "params": {"eta": 0.02129863405354408, "max_depth": 2.2592438417574074, "n_estimators": 36.96350281895559}, "datetime": {"datetime": "2021-09-24 13:14:37", "elapsed": 34.931191, "delta": 0.53091}}
{"target": -2.159237531320246, "params": {"eta": 0.008, "max_depth": 2.3199685436430735, "n_estimators": 33.63239409078516}, "datetime": {"datetime": "2021-09-24 13:14:38", "elapsed": 35.430187, "delta": 0.498996}}
{"target": -2.4629127411474165, "params": {"eta": 0.012299191765006049, "max_depth": 2.3559301983790597, "n_estimators": 17.361278664550177}, "datetime": {"datetime": "2021-09-24 13:14:38", "elapsed": 35.937273, "delta": 0.507086}}
{"target": 0.3844496359348436, "params": {"eta": 0.49236942368822956, "max_depth": 2.131719565079881, "n_estimators": 19.662675356939822}, "datetime": {"datetime": "2021-09-24 13:14:39", "elapsed": 36.411272, "delta": 0.473999}}
{"target": 0.38392372260590557, "params": {"eta": 0.46364670340994185, "max_depth": 2.3121427869079456, "n_estimators": 18.489620784317527}, "datetime": {"datetime": "2021-09-24 13:14:39", "elapsed": 36.926166, "delta": 0.514894}}
{"target": 0.4367924627277159, "params": {"eta": 0.42506265291210193, "max_depth": 1.796380054881764, "n_estimators": 16.035717856419122}, "datetime": {"datetime": "2021-09-24 13:14:40", "elapsed": 37.416168, "delta": 0.490002}}
{"target": -0.5036759987294754, "params": {"eta": 0.026054816356124694, "max_depth": 1.1119082385257746, "n_estimators": 30.01837720663877}, "datetime": {"datetime": "2021-09-24 13:14:40", "elapsed": 38.027872, "delta": 0.611704}}
{"target": 0.14843264177893123, "params": {"eta": 0.0903026315056698, "max_depth": 1.169772522001183, "n_estimators": 15.452727021492553}, "datetime": {"datetime": "2021-09-24 13:14:41", "elapsed": 38.494872, "delta": 0.467}}
{"target": -1.6035918880240247, "params": {"eta": 0.008, "max_depth": 2.4118131806272034, "n_estimators": 48.93965171477025}, "datetime": {"datetime": "2021-09-24 13:14:41", "elapsed": 39.009873, "delta": 0.515001}}
{"target": -0.7674983190390656, "params": {"eta": 0.02910776096084788, "max_depth": 2.8630364767251737, "n_estimators": 22.941193761899928}, "datetime": {"datetime": "2021-09-24 13:14:42", "elapsed": 39.519872, "delta": 0.509999}}
{"target": 0.33760740330139216, "params": {"eta": 0.4949437984232083, "max_depth": 2.3264926703302997, "n_estimators": 47.70896044097571}, "datetime": {"datetime": "2021-09-24 13:14:42", "elapsed": 40.092772, "delta": 0.5729}}
{"target": -2.621945116762605, "params": {"eta": 0.011702566809583932, "max_depth": 1.354724082728179, "n_estimators": 16.515814033336483}, "datetime": {"datetime": "2021-09-24 13:14:43", "elapsed": 40.614423, "delta": 0.521651}}
{"target": 0.4649478763355084, "params": {"eta": 0.34861979450623587, "max_depth": 1.289140943910338, "n_estimators": 33.02017276478306}, "datetime": {"datetime": "2021-09-24 13:14:43", "elapsed": 40.959609, "delta": 0.345186}}
{"target": -1.0785181935973704, "params": {"eta": 0.027774513254399814, "max_depth": 2.6884094458460766, "n_estimators": 19.401585238331524}, "datetime": {"datetime": "2021-09-24 13:14:44", "elapsed": 41.566258, "delta": 0.606649}}
{"target": 0.44656619365514916, "params": {"eta": 0.15266194026329913, "max_depth": 1.9372536236082607, "n_estimators": 41.82320071979443}, "datetime": {"datetime": "2021-09-24 13:14:44", "elapsed": 41.907095, "delta": 0.340837}}
{"target": 0.44537750601086346, "params": {"eta": 0.18258374141591288, "max_depth": 1.1291939521365844, "n_estimators": 37.12510811949968}, "datetime": {"datetime": "2021-09-24 13:14:45", "elapsed": 42.302096, "delta": 0.395001}}
{"target": 0.4411054362502872, "params": {"eta": 0.2864934062764086, "max_depth": 1.8261719876111313, "n_estimators": 41.21357525826353}, "datetime": {"datetime": "2021-09-24 13:14:45", "elapsed": 42.917769, "delta": 0.615673}}
{"target": 0.45063954276204254, "params": {"eta": 0.22801602419833975, "max_depth": 1.3824646443579958, "n_estimators": 48.06078861457388}, "datetime": {"datetime": "2021-09-24 13:14:46", "elapsed": 43.612767, "delta": 0.694998}}
{"target": 0.43986372064480117, "params": {"eta": 0.25074058873782873, "max_depth": 1.0061563777725948, "n_estimators": 17.064746022220447}, "datetime": {"datetime": "2021-09-24 13:14:46", "elapsed": 44.065873, "delta": 0.453106}}
{"target": 0.4197766980875425, "params": {"eta": 0.5, "max_depth": 1.6115596518160535, "n_estimators": 18.983175369731043}, "datetime": {"datetime": "2021-09-24 13:14:47", "elapsed": 44.592875, "delta": 0.527002}}
{"target": 0.30796012565918407, "params": {"eta": 0.5, "max_depth": 2.4881948791111053, "n_estimators": 41.70968734580675}, "datetime": {"datetime": "2021-09-24 13:14:47", "elapsed": 45.242155, "delta": 0.64928}}
{"target": 0.4180670707997861, "params": {"eta": 0.4877733555930157, "max_depth": 2.4220797367476297, "n_estimators": 16.339012785718527}, "datetime": {"datetime": "2021-09-24 13:14:48", "elapsed": 45.927165, "delta": 0.68501}}
{"target": 0.06075901456000132, "params": {"eta": 0.04453617250658231, "max_depth": 1.0059376148453325, "n_estimators": 28.768772823379155}, "datetime": {"datetime": "2021-09-24 13:14:49", "elapsed": 46.561938, "delta": 0.634773}}
{"target": 0.4092823950298585, "params": {"eta": 0.5, "max_depth": 1.653742377192978, "n_estimators": 40.32098743982368}, "datetime": {"datetime": "2021-09-24 13:14:50", "elapsed": 47.332469, "delta": 0.770531}}
{"target": 0.34778516185225694, "params": {"eta": 0.3593010263561444, "max_depth": 2.055559314012677, "n_estimators": 41.70455095998966}, "datetime": {"datetime": "2021-09-24 13:14:50", "elapsed": 47.733463, "delta": 0.400994}}
{"target": 0.42112745535000284, "params": {"eta": 0.5, "max_depth": 1.6491387498577454, "n_estimators": 12.931638239871265}, "datetime": {"datetime": "2021-09-24 13:14:50", "elapsed": 48.299445, "delta": 0.565982}}
{"target": 0.39027596424821875, "params": {"eta": 0.5, "max_depth": 2.6599800989559435, "n_estimators": 21.568388148863573}, "datetime": {"datetime": "2021-09-24 13:14:51", "elapsed": 48.936821, "delta": 0.637376}}
{"target": 0.43092026017220386, "params": {"eta": 0.4560841563168561, "max_depth": 1.5004596636639316, "n_estimators": 22.68074487470058}, "datetime": {"datetime": "2021-09-24 13:14:52", "elapsed": 49.446355, "delta": 0.509534}}
{"target": 0.39577700829621965, "params": {"eta": 0.5, "max_depth": 2.0803522319961183, "n_estimators": 22.08105623012863}, "datetime": {"datetime": "2021-09-24 13:14:52", "elapsed": 50.034478, "delta": 0.588123}}
{"target": 0.38215031579410474, "params": {"eta": 0.05670989223369282, "max_depth": 1.5286972683118165, "n_estimators": 43.78813981995947}, "datetime": {"datetime": "2021-09-24 13:14:53", "elapsed": 50.705163, "delta": 0.670685}}
{"target": 0.4232943579188896, "params": {"eta": 0.4840276231901919, "max_depth": 1.9197239251593423, "n_estimators": 43.16042503506278}, "datetime": {"datetime": "2021-09-24 13:14:54", "elapsed": 51.355161, "delta": 0.649998}}
{"target": 0.41056954803085477, "params": {"eta": 0.5, "max_depth": 1.6819510589516602, "n_estimators": 44.365483019360205}, "datetime": {"datetime": "2021-09-24 13:14:54", "elapsed": 52.103171, "delta": 0.74801}}
{"target": 0.4154653436874338, "params": {"eta": 0.5, "max_depth": 1.0, "n_estimators": 37.635082890891624}, "datetime": {"datetime": "2021-09-24 13:14:55", "elapsed": 52.744163, "delta": 0.640992}}
{"target": 0.4456116091182495, "params": {"eta": 0.09792703837342476, "max_depth": 2.914287488048268, "n_estimators": 32.286478966415736}, "datetime": {"datetime": "2021-09-24 13:14:56", "elapsed": 53.460164, "delta": 0.716001}}
{"target": 0.28485838173708444, "params": {"eta": 0.5, "max_depth": 2.286921725724689, "n_estimators": 45.08664895116756}, "datetime": {"datetime": "2021-09-24 13:14:56", "elapsed": 54.038163, "delta": 0.577999}}
{"target": 0.4253423591337254, "params": {"eta": 0.5, "max_depth": 1.0, "n_estimators": 32.34004178659364}, "datetime": {"datetime": "2021-09-24 13:14:57", "elapsed": 54.636165, "delta": 0.598002}}
{"target": 0.4163261407003378, "params": {"eta": 0.5, "max_depth": 1.736216925198254, "n_estimators": 15.28673183662135}, "datetime": {"datetime": "2021-09-24 13:14:57", "elapsed": 55.148557, "delta": 0.512392}}
{"target": 0.44682182244813373, "params": {"eta": 0.43340457339214267, "max_depth": 1.7411037511382765, "n_estimators": 30.0682834041108}, "datetime": {"datetime": "2021-09-24 13:14:58", "elapsed": 55.53256, "delta": 0.384003}}
{"target": 0.3782087500774386, "params": {"eta": 0.5, "max_depth": 2.0967577995031883, "n_estimators": 26.338014549784813}, "datetime": {"datetime": "2021-09-24 13:14:58", "elapsed": 56.105557, "delta": 0.572997}}
{"target": 0.448302053613965, "params": {"eta": 0.4045456298405586, "max_depth": 1.6633290512589705, "n_estimators": 46.56298614588984}, "datetime": {"datetime": "2021-09-24 13:14:59", "elapsed": 56.561557, "delta": 0.456}}
{"target": 0.3733520008067759, "params": {"eta": 0.5, "max_depth": 2.084333982367724, "n_estimators": 3.2471027980971803}, "datetime": {"datetime": "2021-09-24 13:14:59", "elapsed": 57.253557, "delta": 0.692}}
{"target": 0.43214578127063064, "params": {"eta": 0.5, "max_depth": 1.9453257772456791, "n_estimators": 27.45275407354281}, "datetime": {"datetime": "2021-09-24 13:15:00", "elapsed": 57.875559, "delta": 0.622002}}
{"target": 0.3128858500853555, "params": {"eta": 0.44965547070411704, "max_depth": 2.891354240657656, "n_estimators": 35.351715407137156}, "datetime": {"datetime": "2021-09-24 13:15:01", "elapsed": 58.554553, "delta": 0.678994}}
{"target": -1.5800514918335584, "params": {"eta": 0.12434234754762635, "max_depth": 1.3031109727667538, "n_estimators": 3.0057629686034133}, "datetime": {"datetime": "2021-09-24 13:15:02", "elapsed": 59.311562, "delta": 0.757009}}
{"target": 0.2903929437690327, "params": {"eta": 0.5, "max_depth": 3.0, "n_estimators": 30.161874791695954}, "datetime": {"datetime": "2021-09-24 13:15:02", "elapsed": 60.08156, "delta": 0.769998}}
{"target": 0.3339668651059511, "params": {"eta": 0.4120512563697338, "max_depth": 2.43888452114088, "n_estimators": 44.840114860364395}, "datetime": {"datetime": "2021-09-24 13:15:03", "elapsed": 60.508562, "delta": 0.427002}}
{"target": 0.41290566292952324, "params": {"eta": 0.5, "max_depth": 1.0, "n_estimators": 11.511632890957573}, "datetime": {"datetime": "2021-09-24 13:15:04", "elapsed": 61.306664, "delta": 0.798102}}
{"target": 0.4225793041880608, "params": {"eta": 0.4585516558536881, "max_depth": 1.7882114801038418, "n_estimators": 11.969442590413864}, "datetime": {"datetime": "2021-09-24 13:15:04", "elapsed": 62.017664, "delta": 0.711}}
{"target": 0.4223857954679786, "params": {"eta": 0.5, "max_depth": 1.0, "n_estimators": 10.570872866368866}, "datetime": {"datetime": "2021-09-24 13:15:05", "elapsed": 62.720518, "delta": 0.702854}}
{"target": 0.4116012226546917, "params": {"eta": 0.5, "max_depth": 1.0, "n_estimators": 9.652387059154401}, "datetime": {"datetime": "2021-09-24 13:15:06", "elapsed": 63.353518, "delta": 0.633}}
{"target": 0.38280430520456576, "params": {"eta": 0.2857343579626388, "max_depth": 1.058249307481251, "n_estimators": 8.79506530426618}, "datetime": {"datetime": "2021-09-24 13:15:06", "elapsed": 64.211142, "delta": 0.857624}}
{"target": 0.4005152437301134, "params": {"eta": 0.2956402552769119, "max_depth": 1.7759141461857704, "n_estimators": 9.487656668531503}, "datetime": {"datetime": "2021-09-24 13:15:07", "elapsed": 65.098143, "delta": 0.887001}}
{"target": -1.566199918541431, "params": {"eta": 0.03941654133684017, "max_depth": 1.3869629589779628, "n_estimators": 10.235240966828364}, "datetime": {"datetime": "2021-09-24 13:15:08", "elapsed": 65.826775, "delta": 0.728632}}
{"target": 0.4075962454874843, "params": {"eta": 0.5, "max_depth": 1.8661050060837998, "n_estimators": 8.799162073146436}, "datetime": {"datetime": "2021-09-24 13:15:09", "elapsed": 66.536783, "delta": 0.710008}}
{"target": 0.4370147312713406, "params": {"eta": 0.49670898788008133, "max_depth": 2.668644882479781, "n_estimators": 9.15740972720452}, "datetime": {"datetime": "2021-09-24 13:15:09", "elapsed": 67.101777, "delta": 0.564994}}
{"target": -2.799739996462569, "params": {"eta": 0.012912709275710248, "max_depth": 2.2553607737475097, "n_estimators": 12.540180837273413}, "datetime": {"datetime": "2021-09-24 13:15:10", "elapsed": 67.857777, "delta": 0.756}}
{"target": 0.4033920270996244, "params": {"eta": 0.5, "max_depth": 1.0, "n_estimators": 7.9195309719266085}, "datetime": {"datetime": "2021-09-24 13:15:11", "elapsed": 68.674779, "delta": 0.817002}}
{"target": -1.2870411314103132, "params": {"eta": 0.06609553837384598, "max_depth": 1.0178533727150978, "n_estimators": 7.168311110634274}, "datetime": {"datetime": "2021-09-24 13:15:12", "elapsed": 69.344143, "delta": 0.669364}}
{"target": -1.8225499491829296, "params": {"eta": 0.008, "max_depth": 3.0, "n_estimators": 42.016585046615}, "datetime": {"datetime": "2021-09-24 13:15:12", "elapsed": 70.11576, "delta": 0.771617}}
{"target": -2.309146859321185, "params": {"eta": 0.029213280545515655, "max_depth": 2.2296055514482913, "n_estimators": 8.997234948093503}, "datetime": {"datetime": "2021-09-24 13:15:13", "elapsed": 70.670759, "delta": 0.554999}}
{"target": 0.40817635755415826, "params": {"eta": 0.48687288173141907, "max_depth": 1.5339142793991511, "n_estimators": 8.36117854568857}, "datetime": {"datetime": "2021-09-24 13:15:13", "elapsed": 71.260809, "delta": 0.59005}}
{"target": -3.312216266621081, "params": {"eta": 0.027587855599494754, "max_depth": 2.6296288801799053, "n_estimators": 3.4257525258136488}, "datetime": {"datetime": "2021-09-24 13:15:14", "elapsed": 71.892444, "delta": 0.631635}}
{"target": 0.43347410911588113, "params": {"eta": 0.4204329837625991, "max_depth": 1.3411501765034415, "n_estimators": 9.172121103032621}, "datetime": {"datetime": "2021-09-24 13:15:15", "elapsed": 72.694174, "delta": 0.80173}}
