{"target": -43.619385167172084, "params": {"eta": 0.11006944608588032, "max_depth": 1.9477955160717348, "n_estimators": 109.35098719350181}, "datetime": {"datetime": "2021-09-24 16:48:43", "elapsed": 463.136273, "delta": 4.059992}}
{"target": -51.70641566398449, "params": {"eta": 0.3732501631889439, "max_depth": 4.636656191562793, "n_estimators": 199.34598898464267}, "datetime": {"datetime": "2021-09-24 16:48:45", "elapsed": 465.33692, "delta": 2.200647}}
{"target": -51.08793316030861, "params": {"eta": 0.46337649720243007, "max_depth": 4.10814528459076, "n_estimators": 160.48479239515171}, "datetime": {"datetime": "2021-09-24 16:48:48", "elapsed": 468.058631, "delta": 2.721711}}
{"target": -45.90831406672198, "params": {"eta": 0.10814104710478308, "max_depth": 3.876633333007997, "n_estimators": 128.84005056660362}, "datetime": {"datetime": "2021-09-24 16:48:50", "elapsed": 470.185784, "delta": 2.127153}}
{"target": -48.432964626111485, "params": {"eta": 0.2204007333165991, "max_depth": 4.119726932813651, "n_estimators": 190.427205298908}, "datetime": {"datetime": "2021-09-24 16:48:52", "elapsed": 472.170364, "delta": 1.98458}}
{"target": -44.201925722279945, "params": {"eta": 0.1437310340094951, "max_depth": 1.7996176761337725, "n_estimators": 125.48050826797112}, "datetime": {"datetime": "2021-09-24 16:48:57", "elapsed": 477.111326, "delta": 4.940962}}
{"target": -45.68095245934967, "params": {"eta": 0.3090562231907298, "max_depth": 1.8987841532801841, "n_estimators": 168.02087441762512}, "datetime": {"datetime": "2021-09-24 16:49:03", "elapsed": 483.04199, "delta": 5.930664}}
{"target": -45.55438166453426, "params": {"eta": 0.32309471727165534, "max_depth": 1.5897854746771447, "n_estimators": 168.2190384983609}, "datetime": {"datetime": "2021-09-24 16:49:09", "elapsed": 489.558459, "delta": 6.516469}}
{"target": -43.72125003212377, "params": {"eta": 0.0385691486806496, "max_depth": 2.8423840867946852, "n_estimators": 142.42047493848347}, "datetime": {"datetime": "2021-09-24 16:49:11", "elapsed": 491.792565, "delta": 2.234106}}
{"target": -48.62834517400068, "params": {"eta": 0.015175189791573276, "max_depth": 2.1992058439837923, "n_estimators": 109.93144799165037}, "datetime": {"datetime": "2021-09-24 16:49:15", "elapsed": 495.90026, "delta": 4.107695}}
{"target": -43.846576547264156, "params": {"eta": 0.08031234824126882, "max_depth": 1.9868301308182454, "n_estimators": 109.78050253409288}, "datetime": {"datetime": "2021-09-24 16:49:20", "elapsed": 500.013651, "delta": 4.113391}}
{"target": -49.68835853634024, "params": {"eta": 0.48563601970212467, "max_depth": 4.363129557926066, "n_estimators": 130.35314975403114}, "datetime": {"datetime": "2021-09-24 16:49:23", "elapsed": 502.97651, "delta": 2.962859}}
{"target": -43.74373529190407, "params": {"eta": 0.04786282761621128, "max_depth": 2.4550226492784364, "n_estimators": 109.78262932693652}, "datetime": {"datetime": "2021-09-24 16:49:28", "elapsed": 508.143418, "delta": 5.166908}}
{"target": -44.20808949864897, "params": {"eta": 0.05816620731229896, "max_depth": 1.344890357950654, "n_estimators": 115.18383100061945}, "datetime": {"datetime": "2021-09-24 16:49:32", "elapsed": 511.973929, "delta": 3.830511}}
{"target": -47.1052571920524, "params": {"eta": 0.021859457852141394, "max_depth": 1.2152621141646032, "n_estimators": 113.64370628010681}, "datetime": {"datetime": "2021-09-24 16:49:35", "elapsed": 515.929149, "delta": 3.95522}}
{"target": -44.06428407367907, "params": {"eta": 0.1753084751197379, "max_depth": 1.1796638043905747, "n_estimators": 137.29151650061243}, "datetime": {"datetime": "2021-09-24 16:49:40", "elapsed": 520.474368, "delta": 4.545219}}
{"target": -43.9370115466584, "params": {"eta": 0.12334520819677289, "max_depth": 1.0705486604108256, "n_estimators": 138.1035196249342}, "datetime": {"datetime": "2021-09-24 16:49:42", "elapsed": 522.323094, "delta": 1.848726}}
{"target": -46.04876192709557, "params": {"eta": 0.02750462699374999, "max_depth": 1.7756890126783489, "n_estimators": 115.98074387385103}, "datetime": {"datetime": "2021-09-24 16:49:46", "elapsed": 526.335835, "delta": 4.012741}}
{"target": -50.99910667247342, "params": {"eta": 0.2497760636407257, "max_depth": 4.471821779292743, "n_estimators": 178.32397373705322}, "datetime": {"datetime": "2021-09-24 16:49:49", "elapsed": 529.093528, "delta": 2.757693}}
{"target": -44.25169550386587, "params": {"eta": 0.19754324328115194, "max_depth": 1.4381703565055473, "n_estimators": 138.05481859136205}, "datetime": {"datetime": "2021-09-24 16:49:54", "elapsed": 534.674312, "delta": 5.580784}}
{"target": -52.69699640202343, "params": {"eta": 0.3951325397025461, "max_depth": 4.7840045919341545, "n_estimators": 128.09291303347175}, "datetime": {"datetime": "2021-09-24 16:49:57", "elapsed": 537.571703, "delta": 2.897391}}
{"target": -43.77005062246681, "params": {"eta": 0.06534176288977293, "max_depth": 1.6766518519189741, "n_estimators": 137.11936692068986}, "datetime": {"datetime": "2021-09-24 16:50:01", "elapsed": 541.118053, "delta": 3.54635}}
{"target": -46.57994752181204, "params": {"eta": 0.4401075926251419, "max_depth": 1.9333720673706982, "n_estimators": 161.34177296956895}, "datetime": {"datetime": "2021-09-24 16:50:03", "elapsed": 543.506648, "delta": 2.388595}}
{"target": -44.0000452887743, "params": {"eta": 0.21059630527309717, "max_depth": 1.4691720410344917, "n_estimators": 131.88888169538134}, "datetime": {"datetime": "2021-09-24 16:50:07", "elapsed": 547.617522, "delta": 4.110874}}
{"target": -44.24407792629156, "params": {"eta": 0.26054720418309446, "max_depth": 1.5474850170472778, "n_estimators": 116.06676319761851}, "datetime": {"datetime": "2021-09-24 16:50:11", "elapsed": 551.144764, "delta": 3.527242}}
{"target": -49.62147955786913, "params": {"eta": 0.38614956229474307, "max_depth": 2.1390025516251834, "n_estimators": 103.1108548852026}, "datetime": {"datetime": "2021-09-24 16:50:13", "elapsed": 553.535119, "delta": 2.390355}}
{"target": -45.243859398633916, "params": {"eta": 0.28278171317823836, "max_depth": 1.6304155583705855, "n_estimators": 109.13934606029638}, "datetime": {"datetime": "2021-09-24 16:50:16", "elapsed": 556.279755, "delta": 2.744636}}
{"target": -44.720394880251774, "params": {"eta": 0.19748444806547122, "max_depth": 1.3103031763788873, "n_estimators": 198.93419429935466}, "datetime": {"datetime": "2021-09-24 16:50:17", "elapsed": 557.710341, "delta": 1.430586}}
{"target": -44.08956952202589, "params": {"eta": 0.24449624408282206, "max_depth": 1.756076887721704, "n_estimators": 116.21246529535364}, "datetime": {"datetime": "2021-09-24 16:50:20", "elapsed": 560.907525, "delta": 3.197184}}
{"target": -53.34710905605689, "params": {"eta": 0.37430826293163133, "max_depth": 3.5890452036871583, "n_estimators": 157.0284241623518}, "datetime": {"datetime": "2021-09-24 16:50:23", "elapsed": 563.017319, "delta": 2.109794}}
{"target": -43.83905625881109, "params": {"eta": 0.12869629337874608, "max_depth": 1.5138994188721995, "n_estimators": 167.9031002984982}, "datetime": {"datetime": "2021-09-24 16:50:26", "elapsed": 566.443718, "delta": 3.426399}}
{"target": -50.34896308497379, "params": {"eta": 0.257460921447008, "max_depth": 3.5746291540891537, "n_estimators": 155.6668190071448}, "datetime": {"datetime": "2021-09-24 16:50:28", "elapsed": 568.170623, "delta": 1.726905}}
{"target": -43.97993606911566, "params": {"eta": 0.05386464567030306, "max_depth": 1.9297230915007266, "n_estimators": 148.9114344147393}, "datetime": {"datetime": "2021-09-24 16:50:29", "elapsed": 569.934588, "delta": 1.763965}}
{"target": -43.79655364760779, "params": {"eta": 0.16104312519516054, "max_depth": 1.1236997088348628, "n_estimators": 136.98886236506831}, "datetime": {"datetime": "2021-09-24 16:50:33", "elapsed": 573.371248, "delta": 3.43666}}
{"target": -44.587115094177705, "params": {"eta": 0.08613514216655051, "max_depth": 2.8141285164588057, "n_estimators": 166.50130182404368}, "datetime": {"datetime": "2021-09-24 16:50:35", "elapsed": 575.264413, "delta": 1.893165}}
{"target": -51.24608452875811, "params": {"eta": 0.49407612137414, "max_depth": 4.524512309705551, "n_estimators": 142.796977713157}, "datetime": {"datetime": "2021-09-24 16:50:37", "elapsed": 576.99523, "delta": 1.730817}}
{"target": -44.1817665386917, "params": {"eta": 0.19626465177321692, "max_depth": 1.0121508003740498, "n_estimators": 114.67212035424188}, "datetime": {"datetime": "2021-09-24 16:50:40", "elapsed": 580.691535, "delta": 3.696305}}
{"target": -45.70840230382475, "params": {"eta": 0.3050038850542164, "max_depth": 1.5202796159202938, "n_estimators": 166.947245746673}, "datetime": {"datetime": "2021-09-24 16:50:42", "elapsed": 582.409549, "delta": 1.718014}}
{"target": -49.40831865583147, "params": {"eta": 0.01, "max_depth": 1.5594355658278656, "n_estimators": 181.50836557264802}, "datetime": {"datetime": "2021-09-24 16:50:46", "elapsed": 586.283823, "delta": 3.874274}}
{"target": -44.41738269203588, "params": {"eta": 0.24237683522759618, "max_depth": 1.3315041627628021, "n_estimators": 168.07238790819326}, "datetime": {"datetime": "2021-09-24 16:50:50", "elapsed": 590.80714, "delta": 4.523317}}
{"target": -52.033925264401546, "params": {"eta": 0.34245954198439404, "max_depth": 3.0384222072210223, "n_estimators": 180.7333785609265}, "datetime": {"datetime": "2021-09-24 16:50:52", "elapsed": 592.766242, "delta": 1.959102}}
{"target": -49.85087539916648, "params": {"eta": 0.43289727583148124, "max_depth": 3.3407194999881153, "n_estimators": 121.04311246778826}, "datetime": {"datetime": "2021-09-24 16:50:54", "elapsed": 594.673585, "delta": 1.907343}}
{"target": -44.285992787296614, "params": {"eta": 0.25554043354688083, "max_depth": 1.1488219171310359, "n_estimators": 132.94091062286782}, "datetime": {"datetime": "2021-09-24 16:50:58", "elapsed": 598.171613, "delta": 3.498028}}
{"target": -44.90349005218735, "params": {"eta": 0.03288210285585263, "max_depth": 1.2358817969728042, "n_estimators": 137.53718489159309}, "datetime": {"datetime": "2021-09-24 16:51:02", "elapsed": 602.329881, "delta": 4.158268}}
{"target": -52.03236098038523, "params": {"eta": 0.4386391151051558, "max_depth": 3.5269587881962488, "n_estimators": 144.16077444853218}, "datetime": {"datetime": "2021-09-24 16:51:04", "elapsed": 604.179403, "delta": 1.849522}}
{"target": -49.321948288078595, "params": {"eta": 0.010089226287670493, "max_depth": 1.9407137303039537, "n_estimators": 181.34939455733323}, "datetime": {"datetime": "2021-09-24 16:51:08", "elapsed": 608.770036, "delta": 4.590633}}
{"target": -43.81774925289297, "params": {"eta": 0.048594674703247916, "max_depth": 2.535617810086049, "n_estimators": 107.88609202603806}, "datetime": {"datetime": "2021-09-24 16:51:10", "elapsed": 610.771087, "delta": 2.001051}}
{"target": -44.94622398319101, "params": {"eta": 0.3254652440854599, "max_depth": 1.7027807656177183, "n_estimators": 125.44493612460863}, "datetime": {"datetime": "2021-09-24 16:51:15", "elapsed": 615.040455, "delta": 4.269368}}
{"target": -44.20239579050165, "params": {"eta": 0.2270071853906785, "max_depth": 1.9446660154483784, "n_estimators": 153.594125053597}, "datetime": {"datetime": "2021-09-24 16:51:17", "elapsed": 617.02666, "delta": 1.986205}}
{"target": -49.47579508616512, "params": {"eta": 0.17579469977991943, "max_depth": 4.059760442496845, "n_estimators": 164.65727379083324}, "datetime": {"datetime": "2021-09-24 16:51:19", "elapsed": 619.206428, "delta": 2.179768}}
{"target": -46.22135297158607, "params": {"eta": 0.10446083495306965, "max_depth": 3.863783347054549, "n_estimators": 166.77186090358992}, "datetime": {"datetime": "2021-09-24 16:51:21", "elapsed": 620.935722, "delta": 1.729294}}
{"target": -43.799525927780266, "params": {"eta": 0.16361383202344496, "max_depth": 1.322988165818972, "n_estimators": 115.86345160995467}, "datetime": {"datetime": "2021-09-24 16:51:24", "elapsed": 624.067176, "delta": 3.131454}}
{"target": -43.852252816795406, "params": {"eta": 0.16059270728988148, "max_depth": 1.3093723683395253, "n_estimators": 153.09650810833563}, "datetime": {"datetime": "2021-09-24 16:51:27", "elapsed": 627.25203, "delta": 3.184854}}
{"target": -45.530910176442084, "params": {"eta": 0.021571282863953194, "max_depth": 1.4215490400859379, "n_estimators": 170.30178802549256}, "datetime": {"datetime": "2021-09-24 16:51:31", "elapsed": 631.421004, "delta": 4.168974}}
{"target": -43.6151622686171, "params": {"eta": 0.10398640252290854, "max_depth": 1.9680653824764773, "n_estimators": 109.61645781226083}, "datetime": {"datetime": "2021-09-24 16:51:33", "elapsed": 632.955139, "delta": 1.534135}}
{"target": -48.68957576895119, "params": {"eta": 0.3322248671886835, "max_depth": 2.573349795772121, "n_estimators": 146.74377017595484}, "datetime": {"datetime": "2021-09-24 16:51:34", "elapsed": 634.779458, "delta": 1.824319}}
{"target": -44.81801653983898, "params": {"eta": 0.32443051303624926, "max_depth": 1.4532329992081694, "n_estimators": 113.57871738457806}, "datetime": {"datetime": "2021-09-24 16:51:38", "elapsed": 638.691178, "delta": 3.91172}}
{"target": -45.04932773561406, "params": {"eta": 0.30629683305590416, "max_depth": 1.838097558354416, "n_estimators": 115.79771112818993}, "datetime": {"datetime": "2021-09-24 16:51:42", "elapsed": 642.202821, "delta": 3.511643}}
{"target": -50.646894598365726, "params": {"eta": 0.4659411790351111, "max_depth": 4.716640501891341, "n_estimators": 189.03522880790877}, "datetime": {"datetime": "2021-09-24 16:51:44", "elapsed": 644.785731, "delta": 2.58291}}
{"target": -43.89981976846107, "params": {"eta": 0.22647059437097294, "max_depth": 1.60957833947537, "n_estimators": 113.76328911848482}, "datetime": {"datetime": "2021-09-24 16:51:46", "elapsed": 646.855248, "delta": 2.069517}}
{"target": -46.87866893567537, "params": {"eta": 0.015591927455716527, "max_depth": 1.355097349921529, "n_estimators": 168.07005985836247}, "datetime": {"datetime": "2021-09-24 16:51:51", "elapsed": 651.155164, "delta": 4.299916}}
{"target": -50.3400628226144, "params": {"eta": 0.3222023199881086, "max_depth": 2.0466144469995124, "n_estimators": 181.51088787400192}, "datetime": {"datetime": "2021-09-24 16:51:56", "elapsed": 656.252253, "delta": 5.097089}}
{"target": -52.82566517994816, "params": {"eta": 0.32623170293524173, "max_depth": 4.583460650132811, "n_estimators": 124.68135771587676}, "datetime": {"datetime": "2021-09-24 16:51:58", "elapsed": 658.194694, "delta": 1.942441}}
{"target": -45.54942777820099, "params": {"eta": 0.41050259312477094, "max_depth": 1.625041091838927, "n_estimators": 113.72909667708743}, "datetime": {"datetime": "2021-09-24 16:52:03", "elapsed": 662.973779, "delta": 4.779085}}
{"target": -47.90977347524542, "params": {"eta": 0.19482675867740368, "max_depth": 2.3223853522779914, "n_estimators": 183.32169386611753}, "datetime": {"datetime": "2021-09-24 16:52:05", "elapsed": 665.011492, "delta": 2.037713}}
{"target": -44.29261989163277, "params": {"eta": 0.20458165773265666, "max_depth": 1.8344282896268687, "n_estimators": 137.16861735801712}, "datetime": {"datetime": "2021-09-24 16:52:10", "elapsed": 670.255193, "delta": 5.243701}}
{"target": -45.53842713779077, "params": {"eta": 0.2867704642164302, "max_depth": 1.447917496117197, "n_estimators": 137.1144904476416}, "datetime": {"datetime": "2021-09-24 16:52:14", "elapsed": 674.530738, "delta": 4.275545}}
{"target": -44.177472279484114, "params": {"eta": 0.20723850502828706, "max_depth": 1.5627187245957783, "n_estimators": 115.46638217210658}, "datetime": {"datetime": "2021-09-24 16:52:19", "elapsed": 679.712937, "delta": 5.182199}}
{"target": -45.15855921121468, "params": {"eta": 0.264046224398773, "max_depth": 1.7040485595803103, "n_estimators": 181.228014852686}, "datetime": {"datetime": "2021-09-24 16:52:26", "elapsed": 686.047499, "delta": 6.334562}}
{"target": -43.886111954997354, "params": {"eta": 0.09022748459922894, "max_depth": 1.4069276789958036, "n_estimators": 159.8564041216795}, "datetime": {"datetime": "2021-09-24 16:52:27", "elapsed": 687.915296, "delta": 1.867797}}
{"target": -44.654400875693874, "params": {"eta": 0.04750715057713473, "max_depth": 1.696259868352973, "n_estimators": 113.43178371695632}, "datetime": {"datetime": "2021-09-24 16:52:34", "elapsed": 694.086862, "delta": 6.171566}}
{"target": -44.0065465941465, "params": {"eta": 0.22975030991720788, "max_depth": 1.2066802480559329, "n_estimators": 138.34118314013435}, "datetime": {"datetime": "2021-09-24 16:52:40", "elapsed": 700.507007, "delta": 6.420145}}
{"target": -49.125242878619886, "params": {"eta": 0.016466214386690527, "max_depth": 1.9303935082290895, "n_estimators": 113.72024796688335}, "datetime": {"datetime": "2021-09-24 16:52:45", "elapsed": 705.396165, "delta": 4.889158}}
{"target": -43.7896296565694, "params": {"eta": 0.17913934960219424, "max_depth": 1.8947929585358554, "n_estimators": 113.42290153898117}, "datetime": {"datetime": "2021-09-24 16:52:49", "elapsed": 709.497314, "delta": 4.101149}}
{"target": -44.36281947085732, "params": {"eta": 0.1845337141680967, "max_depth": 1.798518575950423, "n_estimators": 181.51462580556608}, "datetime": {"datetime": "2021-09-24 16:52:56", "elapsed": 716.400172, "delta": 6.902858}}
{"target": -53.20043807639215, "params": {"eta": 0.01, "max_depth": 1.8908104654687374, "n_estimators": 137.1609516544942}, "datetime": {"datetime": "2021-09-24 16:53:02", "elapsed": 722.807253, "delta": 6.407081}}
{"target": -44.228374681974714, "params": {"eta": 0.20868607180508664, "max_depth": 1.8051736276629242, "n_estimators": 136.8541093583869}, "datetime": {"datetime": "2021-09-24 16:53:08", "elapsed": 728.141132, "delta": 5.333879}}
{"target": -44.928118598192256, "params": {"eta": 0.033012313535345277, "max_depth": 1.9140866102109553, "n_estimators": 136.74953295010675}, "datetime": {"datetime": "2021-09-24 16:53:13", "elapsed": 733.441939, "delta": 5.300807}}
{"target": -44.30965974277124, "params": {"eta": 0.35690164881420494, "max_depth": 1.0228862037089792, "n_estimators": 115.50191953486711}, "datetime": {"datetime": "2021-09-24 16:53:18", "elapsed": 738.055442, "delta": 4.613503}}
{"target": -48.72825585272079, "params": {"eta": 0.14157238829550864, "max_depth": 3.224253010473443, "n_estimators": 181.55273900423987}, "datetime": {"datetime": "2021-09-24 16:53:20", "elapsed": 740.403174, "delta": 2.347732}}
{"target": -44.1450908058568, "params": {"eta": 0.1491294750551574, "max_depth": 1.4528644792511596, "n_estimators": 136.40705979305608}, "datetime": {"datetime": "2021-09-24 16:53:25", "elapsed": 745.224916, "delta": 4.821742}}
{"target": -48.324230911140155, "params": {"eta": 0.09796505558458392, "max_depth": 4.336622433011567, "n_estimators": 139.05473234626095}, "datetime": {"datetime": "2021-09-24 16:53:27", "elapsed": 747.546803, "delta": 2.321887}}
{"target": -46.936201052558154, "params": {"eta": 0.010369141738522604, "max_depth": 2.202654000529158, "n_estimators": 180.23670828349023}, "datetime": {"datetime": "2021-09-24 16:53:31", "elapsed": 751.590777, "delta": 4.043974}}
{"target": -44.515421501675945, "params": {"eta": 0.35130476276560646, "max_depth": 1.0, "n_estimators": 137.10728663886334}, "datetime": {"datetime": "2021-09-24 16:53:37", "elapsed": 757.350358, "delta": 5.759581}}
{"target": -49.235170751586, "params": {"eta": 0.013353056289874534, "max_depth": 1.1398481017065227, "n_estimators": 138.34123819183552}, "datetime": {"datetime": "2021-09-24 16:53:42", "elapsed": 762.680006, "delta": 5.329648}}
{"target": -44.1430395886414, "params": {"eta": 0.23408288024837862, "max_depth": 1.5566873011896818, "n_estimators": 136.5975519221456}, "datetime": {"datetime": "2021-09-24 16:53:47", "elapsed": 767.883686, "delta": 5.20368}}
{"target": -43.89679864295443, "params": {"eta": 0.22075897468947744, "max_depth": 1.419332776002124, "n_estimators": 138.3084025397946}, "datetime": {"datetime": "2021-09-24 16:53:53", "elapsed": 773.225731, "delta": 5.342045}}
{"target": -44.17996496903269, "params": {"eta": 0.01889885499478084, "max_depth": 2.761387011404917, "n_estimators": 158.20026652578505}, "datetime": {"datetime": "2021-09-24 16:53:55", "elapsed": 775.909809, "delta": 2.684078}}
{"target": -44.48818986935723, "params": {"eta": 0.10996066296606152, "max_depth": 2.9902372689211654, "n_estimators": 112.66884062587656}, "datetime": {"datetime": "2021-09-24 16:53:59", "elapsed": 779.143405, "delta": 3.233596}}
{"target": -43.95100632287506, "params": {"eta": 0.18309417923796412, "max_depth": 1.7789825024011163, "n_estimators": 137.0420052164551}, "datetime": {"datetime": "2021-09-24 16:54:06", "elapsed": 786.276919, "delta": 7.133514}}
{"target": -45.5216602526213, "params": {"eta": 0.031911987887375155, "max_depth": 1.180003508375722, "n_estimators": 114.51822227275173}, "datetime": {"datetime": "2021-09-24 16:54:10", "elapsed": 790.623202, "delta": 4.346283}}
{"target": -47.36038506299929, "params": {"eta": 0.21434078230426126, "max_depth": 36.29590017866575, "n_estimators": 200.00571874086725}, "datetime": {"datetime": "2021-09-24 16:56:07", "elapsed": 0.0, "delta": 0.0}}
{"target": -47.382604900159336, "params": {"eta": 0.1581429605896015, "max_depth": 8.19103865003854, "n_estimators": 204.6169297384399}, "datetime": {"datetime": "2021-09-24 16:56:08", "elapsed": 0.937706, "delta": 0.937706}}
{"target": -45.03418066268577, "params": {"eta": 0.10126750357505873, "max_depth": 17.93247562510934, "n_estimators": 219.8383737115335}, "datetime": {"datetime": "2021-09-24 16:56:10", "elapsed": 2.865512, "delta": 1.927806}}
{"target": -46.92511588648746, "params": {"eta": 0.2740201996616449, "max_depth": 21.540531205761447, "n_estimators": 234.26097501983799}, "datetime": {"datetime": "2021-09-24 16:56:10", "elapsed": 3.722648, "delta": 0.857136}}
