{"target": 0.2010998284862543, "params": {"eta": 0.9404789346534889, "max_depth": 2.541089111569215, "n_estimators": 22.896419308165694}, "datetime": {"datetime": "2021-09-24 12:15:16", "elapsed": 228.788621, "delta": 1.934244}}
{"target": -0.07370961835462309, "params": {"eta": 0.7323676998271094, "max_depth": 10.8528091399605, "n_estimators": 1.3442067621438754}, "datetime": {"datetime": "2021-09-24 12:15:18", "elapsed": 229.939915, "delta": 1.151294}}
{"target": -0.00195650774465439, "params": {"eta": 0.9167363318328083, "max_depth": 3.762960514243316, "n_estimators": 18.816727624003683}, "datetime": {"datetime": "2021-09-24 12:15:19", "elapsed": 231.806702, "delta": 1.866787}}
{"target": 0.22301249769581954, "params": {"eta": 0.47733125764855144, "max_depth": 17.9054878052866, "n_estimators": 10.442062057034052}, "datetime": {"datetime": "2021-09-24 12:15:20", "elapsed": 232.847703, "delta": 1.041001}}
{"target": 0.23106974911067846, "params": {"eta": 0.8957789447772305, "max_depth": 2.2736561582502257, "n_estimators": 14.863462597818895}, "datetime": {"datetime": "2021-09-24 12:15:22", "elapsed": 234.013429, "delta": 1.165726}}
{"target": 0.429385952703184, "params": {"eta": 0.45201706811090947, "max_depth": 1.04897004459617, "n_estimators": 23.51557099077862}, "datetime": {"datetime": "2021-09-24 12:15:23", "elapsed": 235.214433, "delta": 1.201004}}
{"target": 0.4095680842234716, "params": {"eta": 0.6051554790218237, "max_depth": 1.6042150409627172, "n_estimators": 25.143358718462824}, "datetime": {"datetime": "2021-09-24 12:15:26", "elapsed": 238.248532, "delta": 3.034099}}
{"target": 0.21131018511192612, "params": {"eta": 0.9882907692904614, "max_depth": 2.2336359515641853, "n_estimators": 25.24522971799155}, "datetime": {"datetime": "2021-09-24 12:15:28", "elapsed": 240.464562, "delta": 2.21603}}
{"target": 0.1767509547014412, "params": {"eta": 0.7471444289201324, "max_depth": 23.60240896290961, "n_estimators": 15.278523370807413}, "datetime": {"datetime": "2021-09-24 12:15:29", "elapsed": 241.727969, "delta": 1.263407}}
{"target": 0.1873519421073051, "params": {"eta": 0.8962524956073629, "max_depth": 2.2960586461539405, "n_estimators": 22.16593353966235}, "datetime": {"datetime": "2021-09-24 12:15:31", "elapsed": 243.050968, "delta": 1.322999}}
{"target": 0.3293746452932712, "params": {"eta": 0.9709858409865082, "max_depth": 1.1932226872049694, "n_estimators": 24.681456848686246}, "datetime": {"datetime": "2021-09-24 12:15:32", "elapsed": 244.727538, "delta": 1.67657}}
{"target": -0.011502687418551538, "params": {"eta": 0.8842896791284892, "max_depth": 21.614077965226183, "n_estimators": 5.713360617640679}, "datetime": {"datetime": "2021-09-24 12:15:33", "elapsed": 245.863688, "delta": 1.13615}}
{"target": 0.3860600643009957, "params": {"eta": 0.6115629825020652, "max_depth": 1.0470280142675479, "n_estimators": 14.388968772860947}, "datetime": {"datetime": "2021-09-24 12:15:35", "elapsed": 247.893405, "delta": 2.029717}}
{"target": 0.44174641442702745, "params": {"eta": 0.21576140286656487, "max_depth": 3.4537406807578215, "n_estimators": 15.36575978631989}, "datetime": {"datetime": "2021-09-24 12:15:37", "elapsed": 249.48508, "delta": 1.591675}}
{"target": 0.262563961200062, "params": {"eta": 0.12068479413511424, "max_depth": 12.323668365770134, "n_estimators": 26.984111091077043}, "datetime": {"datetime": "2021-09-24 12:15:38", "elapsed": 250.770718, "delta": 1.285638}}
{"target": 0.026859582723356867, "params": {"eta": 0.7554728492390037, "max_depth": 15.181565664194318, "n_estimators": 13.642803703457522}, "datetime": {"datetime": "2021-09-24 12:15:40", "elapsed": 252.148752, "delta": 1.378034}}
{"target": 0.17190250183097988, "params": {"eta": 0.9226139290469655, "max_depth": 2.371739830693117, "n_estimators": 41.04591553108066}, "datetime": {"datetime": "2021-09-24 12:15:41", "elapsed": 253.353754, "delta": 1.205002}}
{"target": 0.005760864099603413, "params": {"eta": 0.9359017804476911, "max_depth": 26.72323927600242, "n_estimators": 10.692149784088219}, "datetime": {"datetime": "2021-09-24 12:15:42", "elapsed": 254.736425, "delta": 1.382671}}
{"target": 0.31889442967252224, "params": {"eta": 0.48044228838436426, "max_depth": 2.1492876847491487, "n_estimators": 42.08740338651214}, "datetime": {"datetime": "2021-09-24 12:15:45", "elapsed": 257.004956, "delta": 2.268531}}
{"target": 0.366413498211544, "params": {"eta": 0.334411092437369, "max_depth": 2.7299099069081985, "n_estimators": 42.44443532278515}, "datetime": {"datetime": "2021-09-24 12:15:46", "elapsed": 258.77341, "delta": 1.768454}}
{"target": 0.4243804366455981, "params": {"eta": 0.11626532030658986, "max_depth": 3.8774678692534343, "n_estimators": 37.96913481208877}, "datetime": {"datetime": "2021-09-24 12:15:48", "elapsed": 260.053432, "delta": 1.280022}}
{"target": 0.3962664601003629, "params": {"eta": 0.059593002711297666, "max_depth": 3.1912296814934784, "n_estimators": 37.823597573414645}, "datetime": {"datetime": "2021-09-24 12:15:50", "elapsed": 262.05182, "delta": 1.998388}}
{"target": 0.2138923383463177, "params": {"eta": 0.6733129840794438, "max_depth": 3.2369279291114044, "n_estimators": 37.91534063304367}, "datetime": {"datetime": "2021-09-24 12:15:52", "elapsed": 264.082587, "delta": 2.030767}}
{"target": 0.22861165205879952, "params": {"eta": 0.6788865109224169, "max_depth": 10.160198757838852, "n_estimators": 24.1759609495247}, "datetime": {"datetime": "2021-09-24 12:15:53", "elapsed": 265.32259, "delta": 1.240003}}
{"target": 0.15177550312074717, "params": {"eta": 0.697383599314962, "max_depth": 4.075104113390541, "n_estimators": 44.07243681970747}, "datetime": {"datetime": "2021-09-24 12:15:54", "elapsed": 266.587073, "delta": 1.264483}}
{"target": 0.16942593535307748, "params": {"eta": 0.6897856327685891, "max_depth": 4.058220830661948, "n_estimators": 44.066127975376645}, "datetime": {"datetime": "2021-09-24 12:15:56", "elapsed": 267.904087, "delta": 1.317014}}
{"target": 0.41826511322611737, "params": {"eta": 0.09486609793943472, "max_depth": 3.4468260662521106, "n_estimators": 38.4717549689495}, "datetime": {"datetime": "2021-09-24 12:15:57", "elapsed": 269.334726, "delta": 1.430639}}
{"target": 0.3931269878116066, "params": {"eta": 0.31595122333803144, "max_depth": 2.602421292745774, "n_estimators": 48.9980039755698}, "datetime": {"datetime": "2021-09-24 12:15:59", "elapsed": 271.451567, "delta": 2.116841}}
{"target": 0.2713438395212322, "params": {"eta": 0.6101520227932163, "max_depth": 2.428713753867928, "n_estimators": 42.95851254138667}, "datetime": {"datetime": "2021-09-24 12:16:01", "elapsed": 273.265829, "delta": 1.814262}}
{"target": 0.31057330056076093, "params": {"eta": 0.3432422099631142, "max_depth": 3.4046692861455825, "n_estimators": 15.985806620596556}, "datetime": {"datetime": "2021-09-24 12:16:03", "elapsed": 275.402319, "delta": 2.13649}}
{"target": 0.3463772920913931, "params": {"eta": 0.9107145193549482, "max_depth": 1.831931226533594, "n_estimators": 42.51799627585069}, "datetime": {"datetime": "2021-09-24 12:16:05", "elapsed": 277.390054, "delta": 1.987735}}
{"target": 0.19552318792171464, "params": {"eta": 0.6069761956097428, "max_depth": 3.8945987229642713, "n_estimators": 38.4348478804653}, "datetime": {"datetime": "2021-09-24 12:16:07", "elapsed": 279.808581, "delta": 2.418527}}
{"target": 0.061613762366245495, "params": {"eta": 0.8960165199599823, "max_depth": 27.649384322395257, "n_estimators": 39.83662013022513}, "datetime": {"datetime": "2021-09-24 12:16:09", "elapsed": 281.072949, "delta": 1.264368}}
{"target": 0.4092309987943067, "params": {"eta": 0.1512963850884372, "max_depth": 3.7214064987918403, "n_estimators": 37.451157009867025}, "datetime": {"datetime": "2021-09-24 12:16:11", "elapsed": 283.81679, "delta": 2.743841}}
{"target": -3.8085648215111787, "params": {"eta": 0.001, "max_depth": 19.841240923766467, "n_estimators": 24.96376937228248}, "datetime": {"datetime": "2021-09-24 12:16:13", "elapsed": 285.615025, "delta": 1.798235}}
{"target": 0.1661662926663, "params": {"eta": 0.0595601917955795, "max_depth": 3.2762716230522884, "n_estimators": 23.345880427416443}, "datetime": {"datetime": "2021-09-24 12:16:16", "elapsed": 288.001315, "delta": 2.38629}}
{"target": 0.3427917598747363, "params": {"eta": 0.47201009780918163, "max_depth": 3.1171659329968757, "n_estimators": 16.828182952140526}, "datetime": {"datetime": "2021-09-24 12:16:17", "elapsed": 289.793374, "delta": 1.792059}}
{"target": 0.4334801121777785, "params": {"eta": 0.10088710375033234, "max_depth": 3.494395458638153, "n_estimators": 36.7413700047081}, "datetime": {"datetime": "2021-09-24 12:16:19", "elapsed": 291.89091, "delta": 2.097536}}
{"target": 0.034623667848965534, "params": {"eta": 0.032696446410062516, "max_depth": 2.983701912405632, "n_estimators": 36.3518193115535}, "datetime": {"datetime": "2021-09-24 12:16:21", "elapsed": 293.486451, "delta": 1.595541}}
{"target": 0.1321965928112172, "params": {"eta": 0.6828272745195622, "max_depth": 3.47168262716459, "n_estimators": 37.07676203640561}, "datetime": {"datetime": "2021-09-24 12:16:25", "elapsed": 297.095993, "delta": 3.609542}}
{"target": 0.08010040794998619, "params": {"eta": 0.05689440607793582, "max_depth": 18.726664159346925, "n_estimators": 25.407526028710453}, "datetime": {"datetime": "2021-09-24 12:16:27", "elapsed": 299.189272, "delta": 2.093279}}
{"target": 0.07535688333204149, "params": {"eta": 0.8752790570145048, "max_depth": 19.94198331659617, "n_estimators": 24.14373853803539}, "datetime": {"datetime": "2021-09-24 12:16:29", "elapsed": 301.699208, "delta": 2.509936}}
{"target": 0.45055838295858475, "params": {"eta": 0.22353701522021727, "max_depth": 1.3739442326957145, "n_estimators": 42.36098640574092}, "datetime": {"datetime": "2021-09-24 12:16:31", "elapsed": 303.797367, "delta": 2.098159}}
{"target": 0.08519049829653036, "params": {"eta": 0.9044223356732838, "max_depth": 19.163436673705874, "n_estimators": 26.375488428192213}, "datetime": {"datetime": "2021-09-24 12:16:33", "elapsed": 305.266716, "delta": 1.469349}}
{"target": 0.3839620087382265, "params": {"eta": 0.7719106389990442, "max_depth": 1.1874035264915952, "n_estimators": 42.865191044956234}, "datetime": {"datetime": "2021-09-24 12:16:35", "elapsed": 307.054157, "delta": 1.787441}}
{"target": 0.1317707367404497, "params": {"eta": 0.5891651870168283, "max_depth": 15.323677122473285, "n_estimators": 10.39862125833777}, "datetime": {"datetime": "2021-09-24 12:16:36", "elapsed": 308.35903, "delta": 1.304873}}
{"target": 0.2210092299906875, "params": {"eta": 0.0726768437943463, "max_depth": 2.944977997329711, "n_estimators": 20.955948489034633}, "datetime": {"datetime": "2021-09-24 12:16:38", "elapsed": 310.430988, "delta": 2.071958}}
{"target": 0.4695777757205951, "params": {"eta": 0.3589783181506512, "max_depth": 1.6263639781677317, "n_estimators": 43.08825099925413}, "datetime": {"datetime": "2021-09-24 12:16:41", "elapsed": 313.184004, "delta": 2.753016}}
{"target": 0.22078248289437474, "params": {"eta": 0.47038926141131415, "max_depth": 26.424784319328943, "n_estimators": 49.71921783357185}, "datetime": {"datetime": "2021-09-24 12:16:43", "elapsed": 314.992075, "delta": 1.808071}}
{"target": 0.11758098141145179, "params": {"eta": 0.5812719043834641, "max_depth": 7.545071923019221, "n_estimators": 32.96597380939397}, "datetime": {"datetime": "2021-09-24 12:16:44", "elapsed": 316.437471, "delta": 1.445396}}
{"target": 0.37950563463404385, "params": {"eta": 0.7518183453929699, "max_depth": 1.4502662345592565, "n_estimators": 41.90736194639459}, "datetime": {"datetime": "2021-09-24 12:16:47", "elapsed": 319.840584, "delta": 3.403113}}
{"target": 0.056196172083957996, "params": {"eta": 0.8051125684110343, "max_depth": 19.183503002305756, "n_estimators": 25.27154044557168}, "datetime": {"datetime": "2021-09-24 12:16:51", "elapsed": 323.522796, "delta": 3.682212}}
{"target": 0.4505957005601271, "params": {"eta": 0.23462955362890742, "max_depth": 1.080776954531161, "n_estimators": 25.30346854338407}, "datetime": {"datetime": "2021-09-24 12:16:54", "elapsed": 326.580069, "delta": 3.057273}}
{"target": 0.3765326614114197, "params": {"eta": 0.8245536056404904, "max_depth": 1.9751515144445582, "n_estimators": 43.59747159810549}, "datetime": {"datetime": "2021-09-24 12:16:56", "elapsed": 328.743254, "delta": 2.163185}}
{"target": 0.007156000313055855, "params": {"eta": 0.9836383563590448, "max_depth": 19.0299257638193, "n_estimators": 19.325296500869307}, "datetime": {"datetime": "2021-09-24 12:16:58", "elapsed": 330.574502, "delta": 1.831248}}
{"target": 0.3365770624189576, "params": {"eta": 0.9843304646299426, "max_depth": 1.1956093068147773, "n_estimators": 25.56109921040723}, "datetime": {"datetime": "2021-09-24 12:17:02", "elapsed": 334.233462, "delta": 3.65896}}
{"target": 0.091744529601824, "params": {"eta": 0.6902838476725873, "max_depth": 13.930918022520625, "n_estimators": 2.707683002683663}, "datetime": {"datetime": "2021-09-24 12:17:03", "elapsed": 335.853947, "delta": 1.620485}}
{"target": 0.44080808864304133, "params": {"eta": 0.16127591728601992, "max_depth": 1.4805360089571034, "n_estimators": 25.8997553531054}, "datetime": {"datetime": "2021-09-24 12:17:05", "elapsed": 337.862548, "delta": 2.008601}}
{"target": 0.39743288127294074, "params": {"eta": 0.48622275397474785, "max_depth": 2.1084360290062625, "n_estimators": 23.413347057632}, "datetime": {"datetime": "2021-09-24 12:17:07", "elapsed": 339.32101, "delta": 1.458462}}
{"target": -1.3830739556457554, "params": {"eta": 0.3809687881210948, "max_depth": 8.04509105437929, "n_estimators": 1.9835386314699877}, "datetime": {"datetime": "2021-09-24 12:17:08", "elapsed": 340.658854, "delta": 1.337844}}
{"target": 0.4050259840475168, "params": {"eta": 0.3406062022949041, "max_depth": 2.0768089575709565, "n_estimators": 25.552999530209185}, "datetime": {"datetime": "2021-09-24 12:17:11", "elapsed": 342.963191, "delta": 2.304337}}
{"target": 0.4397247102573699, "params": {"eta": 0.10305951577320253, "max_depth": 1.922146397842379, "n_estimators": 43.73296364979671}, "datetime": {"datetime": "2021-09-24 12:17:14", "elapsed": 345.92839, "delta": 2.965199}}
{"target": 0.41293764730712035, "params": {"eta": 0.8600106986325385, "max_depth": 1.9266544782288242, "n_estimators": 26.097216524878657}, "datetime": {"datetime": "2021-09-24 12:17:15", "elapsed": 347.868215, "delta": 1.939825}}
{"target": 0.41298274646697763, "params": {"eta": 0.5035387702740064, "max_depth": 1.4599417803714392, "n_estimators": 43.68166217396832}, "datetime": {"datetime": "2021-09-24 12:17:18", "elapsed": 350.652495, "delta": 2.78428}}
{"target": 0.39988471996986796, "params": {"eta": 0.6107657539969016, "max_depth": 1.231335259931822, "n_estimators": 26.26012329325828}, "datetime": {"datetime": "2021-09-24 12:17:21", "elapsed": 353.044426, "delta": 2.391931}}
{"target": 0.4324860405909313, "params": {"eta": 0.2823970334754043, "max_depth": 1.5851282893625878, "n_estimators": 26.716890071107922}, "datetime": {"datetime": "2021-09-24 12:17:23", "elapsed": 355.492393, "delta": 2.447967}}
{"target": 0.4516322469164985, "params": {"eta": 0.23901013965018014, "max_depth": 1.9382631455753538, "n_estimators": 26.243560335224835}, "datetime": {"datetime": "2021-09-24 12:17:26", "elapsed": 357.944997, "delta": 2.452604}}
{"target": 0.40297978365050946, "params": {"eta": 0.8156568138740078, "max_depth": 1.8262961188481757, "n_estimators": 26.67363552922578}, "datetime": {"datetime": "2021-09-24 12:17:28", "elapsed": 360.010999, "delta": 2.066002}}
{"target": 0.4239025991678338, "params": {"eta": 0.4897572704069793, "max_depth": 1.7778786360893635, "n_estimators": 44.329217588786825}, "datetime": {"datetime": "2021-09-24 12:17:30", "elapsed": 362.031261, "delta": 2.020262}}
{"target": 0.052092549998027704, "params": {"eta": 0.9482665398851995, "max_depth": 27.05013623244918, "n_estimators": 6.289534961577626}, "datetime": {"datetime": "2021-09-24 12:17:31", "elapsed": 363.85052, "delta": 1.819259}}
{"target": 0.09979035482487841, "params": {"eta": 0.6620349128862243, "max_depth": 27.884911205714907, "n_estimators": 46.66949621126706}, "datetime": {"datetime": "2021-09-24 12:17:34", "elapsed": 365.928209, "delta": 2.077689}}
{"target": 0.3345029923928946, "params": {"eta": 0.04713277201217695, "max_depth": 1.0221917305603314, "n_estimators": 43.002516685829775}, "datetime": {"datetime": "2021-09-24 12:17:36", "elapsed": 368.475713, "delta": 2.547504}}
{"target": 0.365138886684795, "params": {"eta": 0.34391654715157555, "max_depth": 2.459514841898099, "n_estimators": 44.179908049096454}, "datetime": {"datetime": "2021-09-24 12:17:38", "elapsed": 370.238794, "delta": 1.763081}}
{"target": 0.4404992929197752, "params": {"eta": 0.207456878633656, "max_depth": 2.840627466389092, "n_estimators": 43.53908949039981}, "datetime": {"datetime": "2021-09-24 12:17:40", "elapsed": 372.145973, "delta": 1.907179}}
{"target": 0.20233224148599838, "params": {"eta": 0.5220557107074717, "max_depth": 3.2670270365904996, "n_estimators": 44.1028531000018}, "datetime": {"datetime": "2021-09-24 12:17:42", "elapsed": 374.034765, "delta": 1.888792}}
{"target": 0.2851063958773986, "params": {"eta": 0.43266367854229343, "max_depth": 3.5076934316761186, "n_estimators": 43.23287851231848}, "datetime": {"datetime": "2021-09-24 12:17:44", "elapsed": 376.495588, "delta": 2.460823}}
{"target": 0.22287904548496862, "params": {"eta": 0.7811564647441709, "max_depth": 2.6013895012260217, "n_estimators": 26.025426205500573}, "datetime": {"datetime": "2021-09-24 12:17:46", "elapsed": 378.706895, "delta": 2.211307}}
{"target": 0.39729241924113834, "params": {"eta": 0.807488470662787, "max_depth": 1.153308916292484, "n_estimators": 26.99567862629409}, "datetime": {"datetime": "2021-09-24 12:17:49", "elapsed": 381.358101, "delta": 2.651206}}
{"target": 0.0805037459205068, "params": {"eta": 0.6643811357714688, "max_depth": 18.26472416956624, "n_estimators": 42.218674522393414}, "datetime": {"datetime": "2021-09-24 12:17:51", "elapsed": 383.246224, "delta": 1.888123}}
{"target": 0.0013088903309385058, "params": {"eta": 0.02882160020583636, "max_depth": 1.311775324162236, "n_estimators": 41.636312850472926}, "datetime": {"datetime": "2021-09-24 12:17:53", "elapsed": 385.238869, "delta": 1.992645}}
{"target": 0.14008728636855605, "params": {"eta": 0.8774169467903405, "max_depth": 2.7255173919984683, "n_estimators": 43.67059634914862}, "datetime": {"datetime": "2021-09-24 12:17:55", "elapsed": 387.454891, "delta": 2.216022}}
{"target": 0.3411008998739543, "params": {"eta": 0.2387227401109112, "max_depth": 20.142627572899354, "n_estimators": 21.7423737143123}, "datetime": {"datetime": "2021-09-24 12:17:57", "elapsed": 389.113762, "delta": 1.658871}}
{"target": 0.3949788525808866, "params": {"eta": 0.595332855791022, "max_depth": 1.6793300818164614, "n_estimators": 27.328078143914933}, "datetime": {"datetime": "2021-09-24 12:17:59", "elapsed": 391.717328, "delta": 2.603566}}
{"target": 0.04825818458927378, "params": {"eta": 0.6893420111725027, "max_depth": 19.195315524131512, "n_estimators": 7.562648768979672}, "datetime": {"datetime": "2021-09-24 12:18:01", "elapsed": 393.273618, "delta": 1.55629}}
{"target": 0.26667114158572436, "params": {"eta": 0.5674525034510588, "max_depth": 4.232194599973843, "n_estimators": 26.89813998087485}, "datetime": {"datetime": "2021-09-24 12:18:02", "elapsed": 394.693966, "delta": 1.420348}}
{"target": -1.1038922167102485, "params": {"eta": 0.012870619284140277, "max_depth": 22.943395418627937, "n_estimators": 43.779069781468834}, "datetime": {"datetime": "2021-09-24 12:18:04", "elapsed": 396.314244, "delta": 1.620278}}
{"target": 0.2967213601217453, "params": {"eta": 0.11089602124649442, "max_depth": 19.827609184190553, "n_estimators": 28.74932639199821}, "datetime": {"datetime": "2021-09-24 12:18:06", "elapsed": 398.000699, "delta": 1.686455}}
{"target": 0.16688796650890214, "params": {"eta": 0.5870143394529209, "max_depth": 26.45773129025782, "n_estimators": 23.452815876584708}, "datetime": {"datetime": "2021-09-24 12:18:08", "elapsed": 399.957534, "delta": 1.956835}}
{"target": -0.13815353277012865, "params": {"eta": 0.9975404720674887, "max_depth": 17.197796826616727, "n_estimators": 14.41089853948159}, "datetime": {"datetime": "2021-09-24 12:18:09", "elapsed": 401.431813, "delta": 1.474279}}
{"target": 0.44752257157513853, "params": {"eta": 0.137267870580736, "max_depth": 2.304902387966399, "n_estimators": 26.93412147619728}, "datetime": {"datetime": "2021-09-24 12:18:13", "elapsed": 405.135293, "delta": 3.70348}}
{"target": 0.44761158256945177, "params": {"eta": 0.21695537960608427, "max_depth": 1.074356072227988, "n_estimators": 27.333543275731003}, "datetime": {"datetime": "2021-09-24 12:18:14", "elapsed": 406.798186, "delta": 1.662893}}
{"target": -0.7908211444978315, "params": {"eta": 0.01514114420517219, "max_depth": 2.867711428170756, "n_estimators": 42.94610153596652}, "datetime": {"datetime": "2021-09-24 12:18:17", "elapsed": 408.948039, "delta": 2.149853}}
{"target": 0.1719982400338631, "params": {"eta": 0.9812026934246699, "max_depth": 2.6786548324100883, "n_estimators": 42.281049459670136}, "datetime": {"datetime": "2021-09-24 12:18:19", "elapsed": 411.35398, "delta": 2.405941}}
{"target": 0.32444063394962364, "params": {"eta": 0.07242798553730329, "max_depth": 1.958590043040239, "n_estimators": 27.539179115932466}, "datetime": {"datetime": "2021-09-24 12:18:22", "elapsed": 414.143796, "delta": 2.789816}}
{"target": 0.2587538517671768, "params": {"eta": 0.5148666144042469, "max_depth": 3.268022341779581, "n_estimators": 44.114502590035535}, "datetime": {"datetime": "2021-09-24 12:18:23", "elapsed": 415.553748, "delta": 1.409952}}
