{"target": -44.67430505868911, "params": {"eta": 0.8256602854444476, "max_depth": 23.24731157524551, "n_estimators": 43.88352865421989}, "datetime": {"datetime": "2021-09-28 16:40:23", "elapsed": 762.920606, "delta": 2.618889}}
{"target": -40.00203938270558, "params": {"eta": 0.3956631081176072, "max_depth": 22.659267512729734, "n_estimators": 21.419909605511172}, "datetime": {"datetime": "2021-09-28 16:40:25", "elapsed": 765.414703, "delta": 2.494097}}
{"target": -39.22555795219635, "params": {"eta": 0.11571887133894694, "max_depth": 20.15618996909735, "n_estimators": 49.738820450330664}, "datetime": {"datetime": "2021-09-28 16:40:32", "elapsed": 772.023348, "delta": 6.608645}}
{"target": -39.94423884580935, "params": {"eta": 0.3777638445952255, "max_depth": 25.685859766442015, "n_estimators": 10.835529653490903}, "datetime": {"datetime": "2021-09-28 16:40:37", "elapsed": 776.704089, "delta": 4.680741}}
{"target": -40.654673012664524, "params": {"eta": 0.2990817657084628, "max_depth": 17.48967384284136, "n_estimators": 43.538814246848105}, "datetime": {"datetime": "2021-09-28 16:40:39", "elapsed": 779.199331, "delta": 2.495242}}
{"target": -43.847654632738184, "params": {"eta": 0.7573358435917091, "max_depth": 8.153567692722032, "n_estimators": 7.3217822149992475}, "datetime": {"datetime": "2021-09-28 16:40:42", "elapsed": 782.390701, "delta": 3.19137}}
{"target": -35.97446917167423, "params": {"eta": 0.1783135913287005, "max_depth": 5.671679050701657, "n_estimators": 9.88557264100571}, "datetime": {"datetime": "2021-09-28 16:40:48", "elapsed": 788.073839, "delta": 5.683138}}
{"target": -47.25084654637072, "params": {"eta": 0.029814055667218974, "max_depth": 4.767337687113104, "n_estimators": 21.9050925834237}, "datetime": {"datetime": "2021-09-28 16:40:53", "elapsed": 793.136662, "delta": 5.062823}}
{"target": -39.92837506761637, "params": {"eta": 0.46344043352565295, "max_depth": 20.3348499801996, "n_estimators": 26.432648121006146}, "datetime": {"datetime": "2021-09-28 16:40:56", "elapsed": 795.927741, "delta": 2.791079}}
{"target": -42.29615128504249, "params": {"eta": 0.48434547734242445, "max_depth": 9.197034757599107, "n_estimators": 29.20770459981042}, "datetime": {"datetime": "2021-09-28 16:40:59", "elapsed": 798.546029, "delta": 2.618288}}
{"target": -39.19036995640039, "params": {"eta": 0.17567550772641444, "max_depth": 12.559765955085629, "n_estimators": 27.34575283058645}, "datetime": {"datetime": "2021-09-28 16:41:01", "elapsed": 801.27839, "delta": 2.732361}}
{"target": -40.72748275915317, "params": {"eta": 0.6267888055397741, "max_depth": 19.176672847417947, "n_estimators": 27.938730899195445}, "datetime": {"datetime": "2021-09-28 16:41:04", "elapsed": 803.945601, "delta": 2.667211}}
{"target": -50.79569562642433, "params": {"eta": 0.9667463860569797, "max_depth": 9.657822124825714, "n_estimators": 30.302149368069106}, "datetime": {"datetime": "2021-09-28 16:41:07", "elapsed": 807.36407, "delta": 3.418469}}
{"target": -40.50065036552842, "params": {"eta": 0.26059225431631283, "max_depth": 5.268381530863821, "n_estimators": 22.10050154122955}, "datetime": {"datetime": "2021-09-28 16:41:13", "elapsed": 813.204274, "delta": 5.840204}}
{"target": -39.33581925450318, "params": {"eta": 0.18283338884089773, "max_depth": 14.039460701611723, "n_estimators": 23.826091488600046}, "datetime": {"datetime": "2021-09-28 16:41:16", "elapsed": 815.902149, "delta": 2.697875}}
{"target": -38.78458815344796, "params": {"eta": 0.07542454565240773, "max_depth": 19.915990605721767, "n_estimators": 33.63370830823455}, "datetime": {"datetime": "2021-09-28 16:41:19", "elapsed": 818.552757, "delta": 2.650608}}
{"target": -42.321430851940924, "params": {"eta": 0.6239236999652413, "max_depth": 19.894060452904455, "n_estimators": 22.829807353767016}, "datetime": {"datetime": "2021-09-28 16:41:21", "elapsed": 821.291528, "delta": 2.738771}}
{"target": -47.446853372092065, "params": {"eta": 0.907723459654703, "max_depth": 16.728120455761193, "n_estimators": 22.46351562333246}, "datetime": {"datetime": "2021-09-28 16:41:24", "elapsed": 823.911174, "delta": 2.619646}}
{"target": -38.666005966529156, "params": {"eta": 0.1290627856433635, "max_depth": 1.9807640199012435, "n_estimators": 16.99501167947243}, "datetime": {"datetime": "2021-09-28 16:41:32", "elapsed": 832.222239, "delta": 8.311065}}
{"target": -50.539575960715325, "params": {"eta": 0.8926423872447182, "max_depth": 16.50622384986725, "n_estimators": 22.11903480142249}, "datetime": {"datetime": "2021-09-28 16:41:35", "elapsed": 834.902352, "delta": 2.680113}}
{"target": -38.3558304361941, "params": {"eta": 0.4435001762827668, "max_depth": 6.625461470713587, "n_estimators": 7.918181468306889}, "datetime": {"datetime": "2021-09-28 16:41:40", "elapsed": 840.360378, "delta": 5.458026}}
{"target": -37.59124592790058, "params": {"eta": 0.0483109833997781, "max_depth": 27.737635635222222, "n_estimators": 25.52294145657522}, "datetime": {"datetime": "2021-09-28 16:41:44", "elapsed": 844.213227, "delta": 3.852849}}
{"target": -42.77412650029589, "params": {"eta": 0.5539691838462081, "max_depth": 13.617881753857144, "n_estimators": 20.799336109439935}, "datetime": {"datetime": "2021-09-28 16:41:47", "elapsed": 847.38125, "delta": 3.168023}}
{"target": -42.230178080057286, "params": {"eta": 0.61850601174532, "max_depth": 27.46226462617271, "n_estimators": 44.55405734596009}, "datetime": {"datetime": "2021-09-28 16:41:51", "elapsed": 850.716791, "delta": 3.335541}}
{"target": -40.23350395668235, "params": {"eta": 0.21117469490462507, "max_depth": 15.699062651827496, "n_estimators": 22.57605188714333}, "datetime": {"datetime": "2021-09-28 16:41:55", "elapsed": 854.537636, "delta": 3.820845}}
{"target": -43.03343156017481, "params": {"eta": 0.577325690429167, "max_depth": 14.29420352271571, "n_estimators": 13.744906001348829}, "datetime": {"datetime": "2021-09-28 16:41:58", "elapsed": 857.89012, "delta": 3.352484}}
{"target": -55.257335790268755, "params": {"eta": 0.4228517846555483, "max_depth": 21.889410309822583, "n_estimators": 1.0113231069171438}, "datetime": {"datetime": "2021-09-29 15:31:26", "elapsed": 0.0, "delta": 0.0}}
{"target": -37.6048111988645, "params": {"eta": 0.30930924690552136, "max_depth": 5.255920833696278, "n_estimators": 10.141520882110981}, "datetime": {"datetime": "2021-09-29 15:31:26", "elapsed": 0.094005, "delta": 0.094005}}
{"target": -41.389342550681825, "params": {"eta": 0.1943976092638942, "max_depth": 11.021261084248385, "n_estimators": 40.27997994883632}, "datetime": {"datetime": "2021-09-29 15:31:27", "elapsed": 0.493001, "delta": 0.398996}}
{"target": -42.2381030037253, "params": {"eta": 0.5434285666633234, "max_depth": 13.15664091769555, "n_estimators": 68.83673053927919}, "datetime": {"datetime": "2021-09-29 15:31:27", "elapsed": 0.972003, "delta": 0.479002}}
{"target": -47.398902586843555, "params": {"eta": 0.21240772723420226, "max_depth": 26.465405655337417, "n_estimators": 3.71137172659469}, "datetime": {"datetime": "2021-09-29 15:31:27", "elapsed": 1.022003, "delta": 0.05}}
{"target": -40.741757178585914, "params": {"eta": 0.6737628350766182, "max_depth": 13.101839268646682, "n_estimators": 56.310293016129414}, "datetime": {"datetime": "2021-09-29 15:31:28", "elapsed": 1.354724, "delta": 0.332721}}
{"target": -40.53467553858793, "params": {"eta": 0.24963254843899854, "max_depth": 1.0, "n_estimators": 13.28445004528195}, "datetime": {"datetime": "2021-09-29 15:31:28", "elapsed": 2.038725, "delta": 0.684001}}
{"target": -43.30960615683863, "params": {"eta": 0.9518606889083175, "max_depth": 2.2217668508860915, "n_estimators": 4.583681109866025}, "datetime": {"datetime": "2021-09-29 15:31:29", "elapsed": 2.531725, "delta": 0.493}}
{"target": -40.60473450964272, "params": {"eta": 0.4906309818734868, "max_depth": 9.1247325242196, "n_estimators": 14.671245872666347}, "datetime": {"datetime": "2021-09-29 15:31:30", "elapsed": 3.580497, "delta": 1.048772}}
{"target": -57.35143229634567, "params": {"eta": 0.01, "max_depth": 6.56414361068218, "n_estimators": 49.66478795457025}, "datetime": {"datetime": "2021-09-29 15:31:31", "elapsed": 4.266496, "delta": 0.685999}}
{"target": -52.653634536228424, "params": {"eta": 1.0, "max_depth": 10.127414399569012, "n_estimators": 8.11506982715725}, "datetime": {"datetime": "2021-09-29 15:31:31", "elapsed": 4.946824, "delta": 0.680328}}
{"target": -36.1868153026925, "params": {"eta": 0.21090576434583672, "max_depth": 5.018004962463687, "n_estimators": 13.126051475511664}, "datetime": {"datetime": "2021-09-29 15:31:32", "elapsed": 5.852825, "delta": 0.906001}}
{"target": -80.40806163505053, "params": {"eta": 0.01, "max_depth": 4.886119159447079, "n_estimators": 18.907367974177614}, "datetime": {"datetime": "2021-09-29 15:31:33", "elapsed": 6.521821, "delta": 0.668996}}
{"target": -43.97936564398302, "params": {"eta": 0.9858389483211732, "max_depth": 2.801548152414529, "n_estimators": 11.048705721533159}, "datetime": {"datetime": "2021-09-29 15:31:33", "elapsed": 7.019584, "delta": 0.497763}}
{"target": -87.96263060406521, "params": {"eta": 0.01, "max_depth": 7.462307365115434, "n_estimators": 11.997466520593933}, "datetime": {"datetime": "2021-09-29 15:31:34", "elapsed": 7.699586, "delta": 0.680002}}
{"target": -49.57702782828218, "params": {"eta": 0.8563978996483149, "max_depth": 21.86120959964625, "n_estimators": 91.28512143738406}, "datetime": {"datetime": "2021-09-29 15:31:34", "elapsed": 8.149584, "delta": 0.449998}}
{"target": -40.21666667222928, "params": {"eta": 0.680340411004982, "max_depth": 16.889420238408437, "n_estimators": 38.93770754673177}, "datetime": {"datetime": "2021-09-29 15:31:35", "elapsed": 8.559583, "delta": 0.409999}}
{"target": -40.226861299997495, "params": {"eta": 0.14934853999305447, "max_depth": 5.042007150050051, "n_estimators": 32.366398873270214}, "datetime": {"datetime": "2021-09-29 15:31:35", "elapsed": 8.787585, "delta": 0.228002}}
{"target": -35.92996371640982, "params": {"eta": 0.2812604630072965, "max_depth": 23.166103710945425, "n_estimators": 7.6201840203711875}, "datetime": {"datetime": "2021-09-29 15:31:35", "elapsed": 9.018317, "delta": 0.230732}}
{"target": -46.286290276105696, "params": {"eta": 0.9399362637650355, "max_depth": 28.54852260005694, "n_estimators": 28.634010950339828}, "datetime": {"datetime": "2021-09-29 15:31:36", "elapsed": 9.374318, "delta": 0.356001}}
{"target": -43.347141292685485, "params": {"eta": 0.6022199982108106, "max_depth": 4.268359661975513, "n_estimators": 12.560973458758351}, "datetime": {"datetime": "2021-09-29 15:31:36", "elapsed": 9.553319, "delta": 0.179001}}
{"target": -38.703548730238424, "params": {"eta": 0.32365469953169973, "max_depth": 22.911931364942898, "n_estimators": 8.612854172765891}, "datetime": {"datetime": "2021-09-29 15:31:36", "elapsed": 9.911318, "delta": 0.357999}}
{"target": -46.261442089441665, "params": {"eta": 0.942226511741979, "max_depth": 22.055979136741104, "n_estimators": 7.571511854122545}, "datetime": {"datetime": "2021-09-29 15:31:37", "elapsed": 10.359314, "delta": 0.447996}}
{"target": -40.75292392118299, "params": {"eta": 0.48036720299596064, "max_depth": 4.911334518617616, "n_estimators": 14.425907799628568}, "datetime": {"datetime": "2021-09-29 15:31:37", "elapsed": 10.526318, "delta": 0.167004}}
{"target": -91.00079134448818, "params": {"eta": 0.01, "max_depth": 24.4296916484431, "n_estimators": 8.158266421031355}, "datetime": {"datetime": "2021-09-29 15:31:37", "elapsed": 10.918316, "delta": 0.391998}}
{"target": -40.58323081831481, "params": {"eta": 0.46405878336486883, "max_depth": 4.81475906938312, "n_estimators": 14.344417206235688}, "datetime": {"datetime": "2021-09-29 15:31:37", "elapsed": 11.100318, "delta": 0.182002}}
{"target": -56.67898702805615, "params": {"eta": 0.06508929882347773, "max_depth": 22.343926431071676, "n_estimators": 7.795300268544739}, "datetime": {"datetime": "2021-09-29 15:31:38", "elapsed": 11.374825, "delta": 0.274507}}
{"target": -38.66515849084094, "params": {"eta": 0.237741430028068, "max_depth": 2.8788177084869515, "n_estimators": 70.68071909437097}, "datetime": {"datetime": "2021-09-29 15:31:38", "elapsed": 11.637824, "delta": 0.262999}}
{"target": -49.13797017198333, "params": {"eta": 0.9583304558564624, "max_depth": 23.219088546726127, "n_estimators": 7.0940915647351535}, "datetime": {"datetime": "2021-09-29 15:31:38", "elapsed": 11.905827, "delta": 0.268003}}
{"target": -39.16768821733584, "params": {"eta": 0.2457503504775086, "max_depth": 5.536024882907839, "n_estimators": 13.572649608325248}, "datetime": {"datetime": "2021-09-29 15:31:39", "elapsed": 12.265825, "delta": 0.359998}}
{"target": -47.67307307561205, "params": {"eta": 0.8408119367674605, "max_depth": 13.136803882450529, "n_estimators": 30.312852320024138}, "datetime": {"datetime": "2021-09-29 15:31:39", "elapsed": 12.618825, "delta": 0.353}}
{"target": -44.55350241423692, "params": {"eta": 0.8522825096483286, "max_depth": 4.411831700714208, "n_estimators": 13.495514908249884}, "datetime": {"datetime": "2021-09-29 15:31:39", "elapsed": 12.811825, "delta": 0.193}}
{"target": -40.204376465050565, "params": {"eta": 0.09456538225256485, "max_depth": 4.438131243822893, "n_estimators": 9.803656504255894}, "datetime": {"datetime": "2021-09-29 15:31:39", "elapsed": 13.023004, "delta": 0.211179}}
{"target": -38.645836986255944, "params": {"eta": 0.6106069021918071, "max_depth": 4.581640324355009, "n_estimators": 10.50132871456094}, "datetime": {"datetime": "2021-09-29 15:31:40", "elapsed": 13.434005, "delta": 0.411001}}
{"target": -35.338360220150626, "params": {"eta": 0.11043483600705357, "max_depth": 4.738497676313561, "n_estimators": 11.487042058023786}, "datetime": {"datetime": "2021-09-29 15:31:40", "elapsed": 13.975006, "delta": 0.541001}}
{"target": -40.3496004131878, "params": {"eta": 0.7846683892807473, "max_depth": 5.490936189200012, "n_estimators": 11.785403236251586}, "datetime": {"datetime": "2021-09-29 15:31:41", "elapsed": 14.41801, "delta": 0.443004}}
{"target": -40.09958108976186, "params": {"eta": 0.47451970564300877, "max_depth": 5.4566301629249345, "n_estimators": 9.052900979131028}, "datetime": {"datetime": "2021-09-29 15:31:41", "elapsed": 14.715007, "delta": 0.296997}}
{"target": -42.03473577303153, "params": {"eta": 0.7109115754310068, "max_depth": 2.033815494954163, "n_estimators": 70.09621211442968}, "datetime": {"datetime": "2021-09-29 15:31:41", "elapsed": 15.066568, "delta": 0.351561}}
{"target": -36.95476634437985, "params": {"eta": 0.2702196607526027, "max_depth": 1.8081448425921947, "n_estimators": 71.47145948255616}, "datetime": {"datetime": "2021-09-29 15:31:42", "elapsed": 15.580569, "delta": 0.514001}}
{"target": -48.05856664441869, "params": {"eta": 0.802821496816078, "max_depth": 2.4783732889608943, "n_estimators": 71.43251061770482}, "datetime": {"datetime": "2021-09-29 15:31:42", "elapsed": 15.941564, "delta": 0.360995}}
{"target": -39.152224315599604, "params": {"eta": 0.5772633637982019, "max_depth": 1.047695371177347, "n_estimators": 71.32101762292659}, "datetime": {"datetime": "2021-09-29 15:31:43", "elapsed": 16.511199, "delta": 0.569635}}
{"target": -37.3134080280564, "params": {"eta": 0.42454947793543296, "max_depth": 1.018400718824664, "n_estimators": 72.6763682473938}, "datetime": {"datetime": "2021-09-29 15:31:43", "elapsed": 16.902871, "delta": 0.391672}}
{"target": -38.507558549263834, "params": {"eta": 0.16662541191771196, "max_depth": 2.090038254377511, "n_estimators": 73.10470158077622}, "datetime": {"datetime": "2021-09-29 15:31:44", "elapsed": 17.361864, "delta": 0.458993}}
{"target": -36.75816729481635, "params": {"eta": 0.36086325722320944, "max_depth": 1.5507521918450324, "n_estimators": 74.22918117532309}, "datetime": {"datetime": "2021-09-29 15:31:44", "elapsed": 17.742867, "delta": 0.381003}}
{"target": -45.38507081040797, "params": {"eta": 0.9942930911892943, "max_depth": 2.7149094093951733, "n_estimators": 74.2003533987614}, "datetime": {"datetime": "2021-09-29 15:31:45", "elapsed": 18.256867, "delta": 0.514}}
{"target": -36.80759456001545, "params": {"eta": 0.2805665211179702, "max_depth": 1.3628855002465963, "n_estimators": 75.55999813386985}, "datetime": {"datetime": "2021-09-29 15:31:45", "elapsed": 18.624868, "delta": 0.368001}}
{"target": -38.5037456934069, "params": {"eta": 0.16473881478171618, "max_depth": 2.2785655792369157, "n_estimators": 75.13198217199175}, "datetime": {"datetime": "2021-09-29 15:31:45", "elapsed": 19.082609, "delta": 0.457741}}
{"target": -37.99854547785995, "params": {"eta": 0.12475324510692337, "max_depth": 2.1130354831376525, "n_estimators": 76.58974592070706}, "datetime": {"datetime": "2021-09-29 15:31:46", "elapsed": 19.441608, "delta": 0.358999}}
{"target": -40.67492593339127, "params": {"eta": 0.8581320837945863, "max_depth": 1.1558265292597507, "n_estimators": 76.67861463218937}, "datetime": {"datetime": "2021-09-29 15:31:46", "elapsed": 19.826608, "delta": 0.385}}
{"target": -38.764007693714284, "params": {"eta": 0.07786165150979511, "max_depth": 3.1148338935031075, "n_estimators": 69.4052588713864}, "datetime": {"datetime": "2021-09-29 15:31:46", "elapsed": 20.226607, "delta": 0.399999}}
{"target": -41.71874849234049, "params": {"eta": 0.46206843416084, "max_depth": 4.173237476595367, "n_estimators": 70.04786011532832}, "datetime": {"datetime": "2021-09-29 15:31:47", "elapsed": 20.818607, "delta": 0.592}}
{"target": -53.6109737908373, "params": {"eta": 1.0, "max_depth": 22.519417079624038, "n_estimators": 9.621861040687916}, "datetime": {"datetime": "2021-09-29 15:31:48", "elapsed": 21.301378, "delta": 0.482771}}
{"target": -38.99153445582186, "params": {"eta": 0.17497051906247815, "max_depth": 3.262121177191727, "n_estimators": 76.10670032736391}, "datetime": {"datetime": "2021-09-29 15:31:48", "elapsed": 21.810375, "delta": 0.508997}}
{"target": -46.74655911596041, "params": {"eta": 0.8782782152122496, "max_depth": 2.4213831458765873, "n_estimators": 75.95236133869845}, "datetime": {"datetime": "2021-09-29 15:31:48", "elapsed": 22.225377, "delta": 0.415002}}
{"target": -38.43120553464306, "params": {"eta": 0.0467645777662817, "max_depth": 3.320366558243981, "n_estimators": 77.33846842461632}, "datetime": {"datetime": "2021-09-29 15:31:49", "elapsed": 22.745377, "delta": 0.52}}
{"target": -40.029950767400294, "params": {"eta": 0.010658766839082118, "max_depth": 2.014686277383808, "n_estimators": 77.80500061273122}, "datetime": {"datetime": "2021-09-29 15:31:50", "elapsed": 23.289138, "delta": 0.543761}}
{"target": -38.5272961822293, "params": {"eta": 0.06313417186792337, "max_depth": 4.633672576136506, "n_estimators": 77.02965334531856}, "datetime": {"datetime": "2021-09-29 15:31:50", "elapsed": 24.05467, "delta": 0.765532}}
{"target": -43.76591558864229, "params": {"eta": 0.562287977187352, "max_depth": 4.072527687971769, "n_estimators": 78.25870751601228}, "datetime": {"datetime": "2021-09-29 15:31:51", "elapsed": 24.583666, "delta": 0.528996}}
{"target": -41.779855748495535, "params": {"eta": 0.4891062204659952, "max_depth": 4.905007960216898, "n_estimators": 75.76470563793082}, "datetime": {"datetime": "2021-09-29 15:31:52", "elapsed": 25.305889, "delta": 0.722223}}
{"target": -38.53698531004157, "params": {"eta": 0.15348208425394522, "max_depth": 6.117189911559352, "n_estimators": 76.95058676382973}, "datetime": {"datetime": "2021-09-29 15:31:52", "elapsed": 26.048889, "delta": 0.743}}
{"target": -38.34406962468626, "params": {"eta": 0.04680296656504835, "max_depth": 5.826124360878899, "n_estimators": 78.44314051864}, "datetime": {"datetime": "2021-09-29 15:31:53", "elapsed": 26.566888, "delta": 0.517999}}
{"target": -38.00997274559222, "params": {"eta": 0.5356800279431819, "max_depth": 7.1907139068455175, "n_estimators": 78.60612588458649}, "datetime": {"datetime": "2021-09-29 15:31:53", "elapsed": 27.218065, "delta": 0.651177}}
{"target": -40.75678426466951, "params": {"eta": 0.3802921904506572, "max_depth": 6.3175744759272625, "n_estimators": 79.6989152098945}, "datetime": {"datetime": "2021-09-29 15:31:54", "elapsed": 27.83906, "delta": 0.620995}}
{"target": -45.08974687342249, "params": {"eta": 0.8466347012145189, "max_depth": 6.250461297615645, "n_estimators": 77.60924086131436}, "datetime": {"datetime": "2021-09-29 15:31:55", "elapsed": 28.559062, "delta": 0.720002}}
{"target": -39.576545730377745, "params": {"eta": 0.15198152327951375, "max_depth": 7.918358587045219, "n_estimators": 79.74551488309838}, "datetime": {"datetime": "2021-09-29 15:31:56", "elapsed": 29.494689, "delta": 0.935627}}
{"target": -40.52601471863371, "params": {"eta": 1.0, "max_depth": 1.0, "n_estimators": 73.62607470412469}, "datetime": {"datetime": "2021-09-29 15:31:57", "elapsed": 30.42769, "delta": 0.933001}}
{"target": -44.69521520534994, "params": {"eta": 0.01, "max_depth": 8.344804881765919, "n_estimators": 78.35278335351498}, "datetime": {"datetime": "2021-09-29 15:31:58", "elapsed": 31.295948, "delta": 0.868258}}
{"target": -46.87953829701082, "params": {"eta": 0.617742032859356, "max_depth": 3.973160746287838, "n_estimators": 68.40170821622684}, "datetime": {"datetime": "2021-09-29 15:31:58", "elapsed": 31.716948, "delta": 0.421}}
{"target": -40.08254872416933, "params": {"eta": 0.5427027114800015, "max_depth": 6.516548942966977, "n_estimators": 75.65115229573668}, "datetime": {"datetime": "2021-09-29 15:31:59", "elapsed": 32.386949, "delta": 0.670001}}
{"target": -55.10629442345545, "params": {"eta": 0.994084047754996, "max_depth": 8.399680199100395, "n_estimators": 80.88794489659509}, "datetime": {"datetime": "2021-09-29 15:31:59", "elapsed": 33.046334, "delta": 0.659385}}
{"target": -38.1490235798041, "params": {"eta": 0.07332533377133775, "max_depth": 7.586230674083263, "n_estimators": 76.08036608994594}, "datetime": {"datetime": "2021-09-29 15:32:00", "elapsed": 34.199334, "delta": 1.153}}
