{"target": 0.44244787130531804, "params": {"eta": 0.1, "max_depth": 1.0, "n_estimators": 44.83971673572992}, "datetime": {"datetime": "2021-09-24 13:17:39", "elapsed": 30.39379, "delta": 0.627}}
{"target": 0.4101291671118644, "params": {"eta": 0.565382715389665, "max_depth": 1.0417441140936534, "n_estimators": 38.48918192595779}, "datetime": {"datetime": "2021-09-24 13:17:39", "elapsed": 30.903027, "delta": 0.509237}}
{"target": 0.4092575370565884, "params": {"eta": 0.1, "max_depth": 1.9301577336555056, "n_estimators": 27.028720577959863}, "datetime": {"datetime": "2021-09-24 13:17:40", "elapsed": 31.359032, "delta": 0.456005}}
{"target": 0.39073144171427443, "params": {"eta": 0.10011236593329784, "max_depth": 1.8365788094674929, "n_estimators": 24.004494109811954}, "datetime": {"datetime": "2021-09-24 13:17:40", "elapsed": 31.965947, "delta": 0.606915}}
{"target": 0.4156965040887419, "params": {"eta": 0.6, "max_depth": 1.0, "n_estimators": 35.021086455345156}, "datetime": {"datetime": "2021-09-24 13:17:41", "elapsed": 32.544947, "delta": 0.579}}
{"target": 0.39435606901493736, "params": {"eta": 0.5786976684560283, "max_depth": 1.0179599589304373, "n_estimators": 48.819613386017}, "datetime": {"datetime": "2021-09-24 13:17:41", "elapsed": 33.212949, "delta": 0.668002}}
{"target": 0.39512930701701743, "params": {"eta": 0.5971407403185074, "max_depth": 1.0542719090279644, "n_estimators": 12.332863226342232}, "datetime": {"datetime": "2021-09-24 13:17:42", "elapsed": 33.97601, "delta": 0.763061}}
{"target": 0.43075497638760585, "params": {"eta": 0.1, "max_depth": 1.9108064114270336, "n_estimators": 36.109175417432134}, "datetime": {"datetime": "2021-09-24 13:17:43", "elapsed": 34.485246, "delta": 0.509236}}
{"target": 0.18930425893067848, "params": {"eta": 0.6, "max_depth": 3.0, "n_estimators": 45.10104791706054}, "datetime": {"datetime": "2021-09-24 13:17:43", "elapsed": 35.163777, "delta": 0.678531}}
{"target": 0.3961417216783457, "params": {"eta": 0.5926914615420787, "max_depth": 2.328768368425301, "n_estimators": 11.572295885293979}, "datetime": {"datetime": "2021-09-24 13:17:44", "elapsed": 35.739418, "delta": 0.575641}}
{"target": 0.4138393687736689, "params": {"eta": 0.6, "max_depth": 1.0, "n_estimators": 36.655082879126084}, "datetime": {"datetime": "2021-09-24 13:17:44", "elapsed": 36.270415, "delta": 0.530997}}
{"target": 0.4066367939392248, "params": {"eta": 0.6, "max_depth": 1.9758573575940261, "n_estimators": 25.900478705411576}, "datetime": {"datetime": "2021-09-24 13:17:45", "elapsed": 36.763749, "delta": 0.493334}}
{"target": 0.4233043769213196, "params": {"eta": 0.1, "max_depth": 3.0, "n_estimators": 37.86815766532674}, "datetime": {"datetime": "2021-09-24 13:17:46", "elapsed": 37.379094, "delta": 0.615345}}
{"target": 0.41617853073000155, "params": {"eta": 0.6, "max_depth": 1.0, "n_estimators": 28.707953012626497}, "datetime": {"datetime": "2021-09-24 13:17:46", "elapsed": 37.82026, "delta": 0.441166}}
{"target": 0.44053383165313087, "params": {"eta": 0.10166379941637524, "max_depth": 1.0703576799699401, "n_estimators": 45.87919475159188}, "datetime": {"datetime": "2021-09-24 13:17:46", "elapsed": 38.310261, "delta": 0.490001}}
{"target": 0.2175491388884837, "params": {"eta": 0.6, "max_depth": 3.0, "n_estimators": 34.54691226922721}, "datetime": {"datetime": "2021-09-24 13:17:47", "elapsed": 38.776925, "delta": 0.466664}}
{"target": 0.4227338523247962, "params": {"eta": 0.1, "max_depth": 1.9551757018345883, "n_estimators": 33.29246013258151}, "datetime": {"datetime": "2021-09-24 13:17:48", "elapsed": 39.420427, "delta": 0.643502}}
{"target": 0.435792716238666, "params": {"eta": 0.1084569998544602, "max_depth": 1.4987116239011653, "n_estimators": 34.96551229487525}, "datetime": {"datetime": "2021-09-24 13:17:48", "elapsed": 39.975428, "delta": 0.555001}}
{"target": 0.4406570686672626, "params": {"eta": 0.1, "max_depth": 1.9436577927155647, "n_estimators": 43.92537371545523}, "datetime": {"datetime": "2021-09-24 13:17:49", "elapsed": 40.447426, "delta": 0.471998}}
{"target": 0.4504972455853442, "params": {"eta": 0.10976027419883652, "max_depth": 2.8501577341686772, "n_estimators": 46.89781900317415}, "datetime": {"datetime": "2021-09-24 13:17:49", "elapsed": 41.085429, "delta": 0.638003}}
{"target": 0.43989257814498395, "params": {"eta": 0.5261139830478951, "max_depth": 1.0151079143165358, "n_estimators": 33.035903930426}, "datetime": {"datetime": "2021-09-24 13:17:50", "elapsed": 41.615428, "delta": 0.529999}}
{"target": 0.4005198295293424, "params": {"eta": 0.6, "max_depth": 1.0, "n_estimators": 6.809965592081929}, "datetime": {"datetime": "2021-09-24 13:17:50", "elapsed": 42.156432, "delta": 0.541004}}
{"target": 0.05889865648422843, "params": {"eta": 0.1, "max_depth": 1.9575344981815657, "n_estimators": 12.223898413309886}, "datetime": {"datetime": "2021-09-24 13:17:51", "elapsed": 42.80743, "delta": 0.650998}}
{"target": 0.39901499290970344, "params": {"eta": 0.5988043692868635, "max_depth": 1.1982746847549328, "n_estimators": 10.385251334586837}, "datetime": {"datetime": "2021-09-24 13:17:51", "elapsed": 43.325428, "delta": 0.517998}}
{"target": 0.4089866267607547, "params": {"eta": 0.5459642507528796, "max_depth": 2.9886956976503405, "n_estimators": 11.073124897371606}, "datetime": {"datetime": "2021-09-24 13:17:52", "elapsed": 43.873428, "delta": 0.548}}
{"target": 0.43647573166091946, "params": {"eta": 0.1, "max_depth": 1.0, "n_estimators": 40.73938452341108}, "datetime": {"datetime": "2021-09-24 13:17:53", "elapsed": 44.499431, "delta": 0.626003}}
{"target": 0.22616002250660294, "params": {"eta": 0.6, "max_depth": 3.0, "n_estimators": 30.405148769878387}, "datetime": {"datetime": "2021-09-24 13:17:53", "elapsed": 45.291432, "delta": 0.792001}}
{"target": 0.23060451828520545, "params": {"eta": 0.6, "max_depth": 3.0, "n_estimators": 27.133451780058042}, "datetime": {"datetime": "2021-09-24 13:17:54", "elapsed": 45.867077, "delta": 0.575645}}
{"target": 0.3985244007606715, "params": {"eta": 0.6, "max_depth": 1.0, "n_estimators": 11.417388106844506}, "datetime": {"datetime": "2021-09-24 13:17:55", "elapsed": 46.51908, "delta": 0.652003}}
{"target": 0.4224063545493977, "params": {"eta": 0.12012161384146772, "max_depth": 1.8655880661232866, "n_estimators": 29.10114577110414}, "datetime": {"datetime": "2021-09-24 13:17:56", "elapsed": 47.430025, "delta": 0.910945}}
{"target": 0.44194561078770156, "params": {"eta": 0.1, "max_depth": 1.9762134464005503, "n_estimators": 47.80354063931353}, "datetime": {"datetime": "2021-09-24 13:17:56", "elapsed": 48.101721, "delta": 0.671696}}
{"target": 0.3679526079150812, "params": {"eta": 0.5349627488045413, "max_depth": 2.9772494132118728, "n_estimators": 17.85824148103374}, "datetime": {"datetime": "2021-09-24 13:17:57", "elapsed": 48.737719, "delta": 0.635998}}
{"target": 0.3899819997553198, "params": {"eta": 0.6, "max_depth": 1.5401070363542, "n_estimators": 22.826485551655356}, "datetime": {"datetime": "2021-09-24 13:17:57", "elapsed": 49.289333, "delta": 0.551614}}
{"target": 0.4064042307637066, "params": {"eta": 0.10346049586766928, "max_depth": 2.267535380553957, "n_estimators": 21.364155134162637}, "datetime": {"datetime": "2021-09-24 13:17:58", "elapsed": 49.792363, "delta": 0.50303}}
{"target": 0.40127310837595487, "params": {"eta": 0.6, "max_depth": 1.0, "n_estimators": 47.36044545568107}, "datetime": {"datetime": "2021-09-24 13:17:59", "elapsed": 50.471357, "delta": 0.678994}}
{"target": 0.45001528153759596, "params": {"eta": 0.10048377386338517, "max_depth": 2.9889826276322813, "n_estimators": 32.740285338378854}, "datetime": {"datetime": "2021-09-24 13:17:59", "elapsed": 51.081829, "delta": 0.610472}}
{"target": 0.4176262966170893, "params": {"eta": 0.1, "max_depth": 1.0, "n_estimators": 30.69280106492665}, "datetime": {"datetime": "2021-09-24 13:18:00", "elapsed": 51.779734, "delta": 0.697905}}
{"target": 0.2897232821101813, "params": {"eta": 0.1, "max_depth": 1.0, "n_estimators": 17.30202568346233}, "datetime": {"datetime": "2021-09-24 13:18:01", "elapsed": 52.502735, "delta": 0.723001}}
{"target": 0.3817773563164121, "params": {"eta": 0.6, "max_depth": 1.5021506226267367, "n_estimators": 15.490363003094863}, "datetime": {"datetime": "2021-09-24 13:18:01", "elapsed": 53.117602, "delta": 0.614867}}
{"target": 0.4286496674150789, "params": {"eta": 0.1, "max_depth": 2.2403602689222324, "n_estimators": 25.495592543060322}, "datetime": {"datetime": "2021-09-24 13:18:02", "elapsed": 53.681783, "delta": 0.564181}}
{"target": 0.456563470103477, "params": {"eta": 0.1, "max_depth": 2.0731504275592454, "n_estimators": 41.99741302067114}, "datetime": {"datetime": "2021-09-24 13:18:02", "elapsed": 54.313418, "delta": 0.631635}}
{"target": 0.4439578829122014, "params": {"eta": 0.1, "max_depth": 1.8223727178879097, "n_estimators": 50.0}, "datetime": {"datetime": "2021-09-24 13:18:03", "elapsed": 55.269983, "delta": 0.956565}}
{"target": 0.38380186990695864, "params": {"eta": 0.6, "max_depth": 1.0, "n_estimators": 18.245637852443014}, "datetime": {"datetime": "2021-09-24 13:18:04", "elapsed": 55.968427, "delta": 0.698444}}
{"target": 0.39462699061344786, "params": {"eta": 0.6, "max_depth": 3.0, "n_estimators": 5.565945363364025}, "datetime": {"datetime": "2021-09-24 13:18:05", "elapsed": 56.589427, "delta": 0.621}}
{"target": 0.4133146614755009, "params": {"eta": 0.6, "max_depth": 3.0, "n_estimators": 4.572946724574999}, "datetime": {"datetime": "2021-09-24 13:18:05", "elapsed": 57.256325, "delta": 0.666898}}
{"target": 0.30922459691812587, "params": {"eta": 0.6, "max_depth": 3.0, "n_estimators": 14.365752481999877}, "datetime": {"datetime": "2021-09-24 13:18:06", "elapsed": 58.072452, "delta": 0.816127}}
{"target": -1.09325321456932, "params": {"eta": 0.1, "max_depth": 3.0, "n_estimators": 5.002056592007115}, "datetime": {"datetime": "2021-09-24 13:18:07", "elapsed": 58.665453, "delta": 0.593001}}
{"target": 0.44220029022703966, "params": {"eta": 0.15732420745887113, "max_depth": 2.4105377426966386, "n_estimators": 41.49092594506933}, "datetime": {"datetime": "2021-09-24 13:18:08", "elapsed": 59.501569, "delta": 0.836116}}
{"target": 0.39067931554835245, "params": {"eta": 0.5619825376674918, "max_depth": 1.0439556713819182, "n_estimators": 8.13757660516725}, "datetime": {"datetime": "2021-09-24 13:18:08", "elapsed": 59.914772, "delta": 0.413203}}
{"target": 0.1776532265634828, "params": {"eta": 0.18806583841771604, "max_depth": 1.3913054258683193, "n_estimators": 7.776964883115308}, "datetime": {"datetime": "2021-09-24 13:18:09", "elapsed": 60.384771, "delta": 0.469999}}
{"target": 0.39201236526199135, "params": {"eta": 0.5521020833040604, "max_depth": 1.1074095864360214, "n_estimators": 7.560151343557282}, "datetime": {"datetime": "2021-09-24 13:18:09", "elapsed": 60.77535, "delta": 0.390579}}
{"target": 0.4443562346237466, "params": {"eta": 0.12022504024730188, "max_depth": 1.8823057894166713, "n_estimators": 49.98350948343933}, "datetime": {"datetime": "2021-09-24 13:18:09", "elapsed": 61.247135, "delta": 0.471785}}
{"target": 0.4103852268308985, "params": {"eta": 0.5888236441349364, "max_depth": 2.8606653111976703, "n_estimators": 3.7659298603267835}, "datetime": {"datetime": "2021-09-24 13:18:10", "elapsed": 61.901584, "delta": 0.654449}}
{"target": 0.4378829989086469, "params": {"eta": 0.5086816904365905, "max_depth": 2.8167829650761136, "n_estimators": 6.255898048632692}, "datetime": {"datetime": "2021-09-24 13:18:11", "elapsed": 62.501589, "delta": 0.600005}}
{"target": 0.45761502517528274, "params": {"eta": 0.2289002661194566, "max_depth": 1.9820359264304246, "n_estimators": 46.09759600382069}, "datetime": {"datetime": "2021-09-24 13:18:11", "elapsed": 63.18656, "delta": 0.684971}}
{"target": 0.45561931253981147, "params": {"eta": 0.3834901832009917, "max_depth": 1.6014680883041703, "n_estimators": 22.652700323973434}, "datetime": {"datetime": "2021-09-24 13:18:12", "elapsed": 63.662561, "delta": 0.476001}}
{"target": 0.43494988952354363, "params": {"eta": 0.1, "max_depth": 1.8810618188357084, "n_estimators": 37.192564268730266}, "datetime": {"datetime": "2021-09-24 13:18:12", "elapsed": 64.284602, "delta": 0.622041}}
{"target": 0.44088311650654444, "params": {"eta": 0.11584117370873212, "max_depth": 1.8222951961215186, "n_estimators": 48.82650081429663}, "datetime": {"datetime": "2021-09-24 13:18:13", "elapsed": 64.782603, "delta": 0.498001}}
{"target": 0.39992706318660576, "params": {"eta": 0.5991264083623682, "max_depth": 1.2512021728850549, "n_estimators": 44.24629085180594}, "datetime": {"datetime": "2021-09-24 13:18:14", "elapsed": 65.453004, "delta": 0.670401}}
{"target": 0.43657354671988924, "params": {"eta": 0.1, "max_depth": 1.8941419388039595, "n_estimators": 39.189075602708755}, "datetime": {"datetime": "2021-09-24 13:18:14", "elapsed": 66.189026, "delta": 0.736022}}
{"target": 0.4001118213101561, "params": {"eta": 0.6, "max_depth": 1.1027803149247928, "n_estimators": 42.74413466447019}, "datetime": {"datetime": "2021-09-24 13:18:15", "elapsed": 66.881759, "delta": 0.692733}}
{"target": 0.4057460488787542, "params": {"eta": 0.5923881682055273, "max_depth": 1.582504703315445, "n_estimators": 40.136951307928214}, "datetime": {"datetime": "2021-09-24 13:18:16", "elapsed": 67.571349, "delta": 0.68959}}
{"target": 0.3531390046886246, "params": {"eta": 0.5524780184977712, "max_depth": 1.1622825706631632, "n_estimators": 3.4204061851320873}, "datetime": {"datetime": "2021-09-24 13:18:16", "elapsed": 68.226258, "delta": 0.654909}}
{"target": 0.3895575716315889, "params": {"eta": 0.5786645424540068, "max_depth": 1.0560987690818608, "n_estimators": 8.124335144744911}, "datetime": {"datetime": "2021-09-24 13:18:17", "elapsed": 68.628257, "delta": 0.401999}}
{"target": 0.2536789690545407, "params": {"eta": 0.590647264214372, "max_depth": 2.5973582196766056, "n_estimators": 49.166311164748514}, "datetime": {"datetime": "2021-09-24 13:18:18", "elapsed": 69.389695, "delta": 0.761438}}
{"target": 0.22551572605862624, "params": {"eta": 0.14025025437190028, "max_depth": 2.1836214134956267, "n_estimators": 10.605729118174523}, "datetime": {"datetime": "2021-09-24 13:18:18", "elapsed": 70.029637, "delta": 0.639942}}
{"target": 0.25065920378514517, "params": {"eta": 0.5841348044328057, "max_depth": 2.18598582071189, "n_estimators": 47.11109046104735}, "datetime": {"datetime": "2021-09-24 13:18:19", "elapsed": 70.793259, "delta": 0.763622}}
{"target": 0.4151433707436082, "params": {"eta": 0.6, "max_depth": 1.6879942265940973, "n_estimators": 31.47402410324665}, "datetime": {"datetime": "2021-09-24 13:18:20", "elapsed": 71.509717, "delta": 0.716458}}
{"target": 0.4036698406116217, "params": {"eta": 0.5885851722893057, "max_depth": 1.7733202892174704, "n_estimators": 27.974620235892193}, "datetime": {"datetime": "2021-09-24 13:18:20", "elapsed": 72.163586, "delta": 0.653869}}
{"target": 0.4079604972073114, "params": {"eta": 0.5710017030875175, "max_depth": 1.6007780934838673, "n_estimators": 24.78763708781533}, "datetime": {"datetime": "2021-09-24 13:18:21", "elapsed": 72.833591, "delta": 0.670005}}
{"target": 0.3051102860981101, "params": {"eta": 0.6, "max_depth": 2.4792650999004966, "n_estimators": 38.51187460003066}, "datetime": {"datetime": "2021-09-24 13:18:22", "elapsed": 73.556386, "delta": 0.722795}}
{"target": 0.4126342259100747, "params": {"eta": 0.1310856186412536, "max_depth": 2.249785215813297, "n_estimators": 19.42920982096144}, "datetime": {"datetime": "2021-09-24 13:18:22", "elapsed": 74.330857, "delta": 0.774471}}
{"target": 0.41027785970889175, "params": {"eta": 0.6, "max_depth": 1.713795319219499, "n_estimators": 29.86369492982667}, "datetime": {"datetime": "2021-09-24 13:18:23", "elapsed": 75.079297, "delta": 0.74844}}
{"target": 0.3871774501537034, "params": {"eta": 0.6, "max_depth": 1.7586934897326851, "n_estimators": 21.831344661468425}, "datetime": {"datetime": "2021-09-24 13:18:24", "elapsed": 75.747467, "delta": 0.66817}}
{"target": 0.3125019989733169, "params": {"eta": 0.5731826535842215, "max_depth": 2.3429750662058444, "n_estimators": 35.55746073799529}, "datetime": {"datetime": "2021-09-24 13:18:25", "elapsed": 76.39061, "delta": 0.643143}}
{"target": 0.3802892532003228, "params": {"eta": 0.1, "max_depth": 3.0, "n_estimators": 23.723705928926318}, "datetime": {"datetime": "2021-09-24 13:18:25", "elapsed": 77.21564, "delta": 0.82503}}
{"target": 0.3655425244737225, "params": {"eta": 0.1331174487853233, "max_depth": 1.9683838784273646, "n_estimators": 16.163657510602732}, "datetime": {"datetime": "2021-09-24 13:18:26", "elapsed": 78.005466, "delta": 0.789826}}
{"target": 0.40312707222961675, "params": {"eta": 0.1, "max_depth": 1.2991044263091973, "n_estimators": 26.200792357305183}, "datetime": {"datetime": "2021-09-24 13:18:27", "elapsed": 78.576468, "delta": 0.571002}}
{"target": 0.4161667596923624, "params": {"eta": 0.1, "max_depth": 2.1924950017017095, "n_estimators": 23.066060770087446}, "datetime": {"datetime": "2021-09-24 13:18:28", "elapsed": 79.597271, "delta": 1.020803}}
{"target": -2.2250622468297627, "params": {"eta": 0.12168417182303906, "max_depth": 1.0091088893103286, "n_estimators": 2.338149018212928}, "datetime": {"datetime": "2021-09-24 13:18:28", "elapsed": 80.289583, "delta": 0.692312}}
{"target": 0.4011480796628153, "params": {"eta": 0.6, "max_depth": 1.0, "n_estimators": 4.275721348467566}, "datetime": {"datetime": "2021-09-24 13:18:29", "elapsed": 81.090284, "delta": 0.800701}}
{"target": 0.4115018953997488, "params": {"eta": 0.5930973857870911, "max_depth": 2.0289570834009516, "n_estimators": 3.92747337319355}, "datetime": {"datetime": "2021-09-24 13:18:30", "elapsed": 81.920118, "delta": 0.829834}}
{"target": 0.4433412051225617, "params": {"eta": 0.18033440973108958, "max_depth": 2.953804059439516, "n_estimators": 16.77596438550693}, "datetime": {"datetime": "2021-09-24 13:18:31", "elapsed": 82.783718, "delta": 0.8636}}
{"target": 0.3442389513153121, "params": {"eta": 0.1, "max_depth": 1.0, "n_estimators": 20.12061224555475}, "datetime": {"datetime": "2021-09-24 13:18:32", "elapsed": 83.560644, "delta": 0.776926}}
{"target": 0.32142699248008155, "params": {"eta": 0.6, "max_depth": 3.0, "n_estimators": 11.939096883858515}, "datetime": {"datetime": "2021-09-24 13:18:32", "elapsed": 84.321492, "delta": 0.760848}}
{"target": 0.42669886708080373, "params": {"eta": 0.594621570779721, "max_depth": 2.097958604587001, "n_estimators": 6.202174708026316}, "datetime": {"datetime": "2021-09-24 13:18:33", "elapsed": 85.000257, "delta": 0.678765}}
{"target": 0.39985661697642383, "params": {"eta": 0.5976461198526968, "max_depth": 1.884810452783834, "n_estimators": 13.757639952569965}, "datetime": {"datetime": "2021-09-24 13:18:34", "elapsed": 85.601504, "delta": 0.601247}}
{"target": 0.3780741296537694, "params": {"eta": 0.1, "max_depth": 1.0, "n_estimators": 23.07998567360971}, "datetime": {"datetime": "2021-09-24 13:18:34", "elapsed": 86.162951, "delta": 0.561447}}
{"target": 0.39957968151862033, "params": {"eta": 0.6, "max_depth": 1.0, "n_estimators": 13.275616662823852}, "datetime": {"datetime": "2021-09-24 13:18:35", "elapsed": 87.076919, "delta": 0.913968}}
{"target": 0.21571534835789175, "params": {"eta": 0.1, "max_depth": 2.27618730898491, "n_estimators": 14.882964639768732}, "datetime": {"datetime": "2021-09-24 13:18:36", "elapsed": 87.9637, "delta": 0.886781}}
{"target": 0.4472438007466697, "params": {"eta": 0.1, "max_depth": 2.1564453871538016, "n_estimators": 31.825436494705038}, "datetime": {"datetime": "2021-09-24 13:18:37", "elapsed": 88.937679, "delta": 0.973979}}
{"target": 0.19249298030423412, "params": {"eta": 0.6, "max_depth": 3.0, "n_estimators": 41.87853581525633}, "datetime": {"datetime": "2021-09-24 13:18:38", "elapsed": 89.882564, "delta": 0.944885}}
{"target": 0.4431325207525708, "params": {"eta": 0.1493353192013356, "max_depth": 2.990638732163995, "n_estimators": 43.2327988811016}, "datetime": {"datetime": "2021-09-24 13:18:39", "elapsed": 90.924971, "delta": 1.042407}}
{"target": 0.44648021439321905, "params": {"eta": 0.1281254779091753, "max_depth": 1.6953880894838553, "n_estimators": 42.9450865570451}, "datetime": {"datetime": "2021-09-24 13:18:40", "elapsed": 91.990478, "delta": 1.065507}}
{"target": 0.363878514387019, "params": {"eta": 0.1, "max_depth": 3.0, "n_estimators": 21.04770980633299}, "datetime": {"datetime": "2021-09-24 13:18:41", "elapsed": 92.750478, "delta": 0.76}}
{"target": 0.39901708294553995, "params": {"eta": 0.6, "max_depth": 3.0, "n_estimators": 6.948025841528452}, "datetime": {"datetime": "2021-09-24 13:18:42", "elapsed": 93.505383, "delta": 0.754905}}
{"target": 0.355755897001938, "params": {"eta": 0.6, "max_depth": 2.3461636278085605, "n_estimators": 16.66763699437624}, "datetime": {"datetime": "2021-09-24 13:18:42", "elapsed": 94.32572, "delta": 0.820337}}
{"target": 0.44154910328966346, "params": {"eta": 0.1, "max_depth": 2.415075496682588, "n_estimators": 28.056383794056696}, "datetime": {"datetime": "2021-09-24 13:18:43", "elapsed": 95.257423, "delta": 0.931703}}
{"target": 0.4051753360671221, "params": {"eta": 0.6, "max_depth": 1.5271451248366952, "n_estimators": 37.60778662707599}, "datetime": {"datetime": "2021-09-24 13:18:44", "elapsed": 95.966245, "delta": 0.708822}}
{"target": 0.45463270079260476, "params": {"eta": 0.1, "max_depth": 2.1970813637155597, "n_estimators": 40.2038300928736}, "datetime": {"datetime": "2021-09-24 13:18:45", "elapsed": 96.724463, "delta": 0.758218}}
{"target": 0.4006202762676323, "params": {"eta": 0.6, "max_depth": 1.603530186559935, "n_estimators": 48.201864357456216}, "datetime": {"datetime": "2021-09-24 13:18:46", "elapsed": 97.824565, "delta": 1.100102}}
{"target": 0.39090798983733455, "params": {"eta": 0.6, "max_depth": 1.7736869903251156, "n_estimators": 19.870237451767103}, "datetime": {"datetime": "2021-09-24 13:18:47", "elapsed": 98.549744, "delta": 0.725179}}
