{"target": 0.3824484601704319, "params": {"eta": 0.1800877602804966, "max_depth": 3.333295991645898, "n_estimators": 44.46208268010166}, "datetime": {"datetime": "2021-09-24 12:18:26", "elapsed": 418.022312, "delta": 2.468564}}
{"target": 0.22519692184248463, "params": {"eta": 0.6992775264676492, "max_depth": 2.3787804582802017, "n_estimators": 27.253100746705062}, "datetime": {"datetime": "2021-09-24 12:18:28", "elapsed": 420.027672, "delta": 2.00536}}
{"target": -1.3850315444950159, "params": {"eta": 0.20819816051452872, "max_depth": 5.155494941281079, "n_estimators": 2.08220113600931}, "datetime": {"datetime": "2021-09-24 12:18:29", "elapsed": 421.445923, "delta": 1.418251}}
{"target": 0.24367833891530621, "params": {"eta": 0.5240963964486073, "max_depth": 10.214629577578021, "n_estimators": 12.55546297789411}, "datetime": {"datetime": "2021-09-24 12:18:30", "elapsed": 422.827078, "delta": 1.381155}}
{"target": 0.22690536185337085, "params": {"eta": 0.5664290870691119, "max_depth": 3.2042493372469716, "n_estimators": 44.7699613017121}, "datetime": {"datetime": "2021-09-24 12:18:34", "elapsed": 426.297774, "delta": 3.470696}}
{"target": 0.2692753268229422, "params": {"eta": 0.4498349611422818, "max_depth": 22.55097191944198, "n_estimators": 44.29380431728045}, "datetime": {"datetime": "2021-09-24 12:18:36", "elapsed": 428.036222, "delta": 1.738448}}
{"target": 0.4305069508924899, "params": {"eta": 0.08337088568443907, "max_depth": 1.2575312950377304, "n_estimators": 44.06089278142376}, "datetime": {"datetime": "2021-09-24 12:18:38", "elapsed": 430.674554, "delta": 2.638332}}
{"target": 0.3904922122467549, "params": {"eta": 0.33570983907596136, "max_depth": 2.936538015927023, "n_estimators": 41.766767891118896}, "datetime": {"datetime": "2021-09-24 12:18:41", "elapsed": 433.145372, "delta": 2.470818}}
{"target": 0.3928940006410453, "params": {"eta": 0.7348303701781731, "max_depth": 1.12989670233388, "n_estimators": 28.007102037618672}, "datetime": {"datetime": "2021-09-24 12:18:44", "elapsed": 436.245687, "delta": 3.100315}}
{"target": -0.2269526378330149, "params": {"eta": 0.9933696638606346, "max_depth": 20.503304188322748, "n_estimators": 10.508640673349161}, "datetime": {"datetime": "2021-09-24 12:18:45", "elapsed": 437.774667, "delta": 1.52898}}
{"target": -3.6440453100779875, "params": {"eta": 0.001, "max_depth": 3.68425855219447, "n_estimators": 43.91227835796312}, "datetime": {"datetime": "2021-09-24 12:18:49", "elapsed": 441.697037, "delta": 3.92237}}
{"target": -0.09983536699120621, "params": {"eta": 0.9166996275988276, "max_depth": 3.4248059709705787, "n_estimators": 42.94831252233271}, "datetime": {"datetime": "2021-09-24 12:18:52", "elapsed": 444.829211, "delta": 3.132174}}
{"target": -3.6364844889650154, "params": {"eta": 0.001, "max_depth": 1.9701982719096633, "n_estimators": 44.58289571261932}, "datetime": {"datetime": "2021-09-24 12:18:56", "elapsed": 448.067139, "delta": 3.237928}}
{"target": 0.3640641421505856, "params": {"eta": 0.8704244041242989, "max_depth": 1.9214473332465865, "n_estimators": 44.07215490596388}, "datetime": {"datetime": "2021-09-24 12:18:59", "elapsed": 451.102599, "delta": 3.03546}}
{"target": 0.32627577153608767, "params": {"eta": 0.06682697972279292, "max_depth": 2.5885098909963062, "n_estimators": 26.31683565159047}, "datetime": {"datetime": "2021-09-24 12:19:01", "elapsed": 453.784986, "delta": 2.682387}}
{"target": 0.38797269033504833, "params": {"eta": 0.7898691307379447, "max_depth": 1.4369602214594293, "n_estimators": 44.45816561457587}, "datetime": {"datetime": "2021-09-24 12:19:04", "elapsed": 455.96327, "delta": 2.178284}}
{"target": -2.0861054686979092, "params": {"eta": 0.03993455771356748, "max_depth": 1.8136485261883006, "n_estimators": 7.877529741213246}, "datetime": {"datetime": "2021-09-24 12:19:05", "elapsed": 457.422235, "delta": 1.458965}}
{"target": 0.3870011265182557, "params": {"eta": 0.3522436220758574, "max_depth": 2.8474991980850057, "n_estimators": 44.2543582522388}, "datetime": {"datetime": "2021-09-24 12:19:08", "elapsed": 460.158538, "delta": 2.736303}}
{"target": 0.42510296368421385, "params": {"eta": 0.2655933529021785, "max_depth": 2.3230968369030496, "n_estimators": 43.47940474133722}, "datetime": {"datetime": "2021-09-24 12:19:10", "elapsed": 462.815054, "delta": 2.656516}}
{"target": -0.31846400613842274, "params": {"eta": 0.15171912334456206, "max_depth": 24.007248810030305, "n_estimators": 6.409105669622802}, "datetime": {"datetime": "2021-09-24 12:19:12", "elapsed": 464.519157, "delta": 1.704103}}
{"target": 0.251045807176418, "params": {"eta": 0.9622433746886603, "max_depth": 2.017497515064162, "n_estimators": 19.14244531470372}, "datetime": {"datetime": "2021-09-24 12:19:15", "elapsed": 467.784202, "delta": 3.265045}}
{"target": 0.43863825715635696, "params": {"eta": 0.27400136765927513, "max_depth": 1.570785941858385, "n_estimators": 28.13601578434814}, "datetime": {"datetime": "2021-09-24 12:19:19", "elapsed": 471.330088, "delta": 3.545886}}
{"target": 0.19345641800026725, "params": {"eta": 0.05372325021670902, "max_depth": 6.789857385196784, "n_estimators": 30.784243438399713}, "datetime": {"datetime": "2021-09-24 12:19:21", "elapsed": 473.103165, "delta": 1.773077}}
{"target": 0.34985822285556456, "params": {"eta": 0.9926326844985031, "max_depth": 1.785935475671248, "n_estimators": 27.84402735551336}, "datetime": {"datetime": "2021-09-24 12:19:24", "elapsed": 476.355703, "delta": 3.252538}}
{"target": 0.3917611018862337, "params": {"eta": 0.743375953510212, "max_depth": 1.4070665293986044, "n_estimators": 28.544926321117615}, "datetime": {"datetime": "2021-09-24 12:19:27", "elapsed": 479.527887, "delta": 3.172184}}
{"target": 0.2940630795276561, "params": {"eta": 0.595523971133032, "max_depth": 2.2015166332301823, "n_estimators": 28.297932420531538}, "datetime": {"datetime": "2021-09-24 12:19:30", "elapsed": 482.880155, "delta": 3.352268}}
{"target": 0.45027217440761114, "params": {"eta": 0.230937627676743, "max_depth": 1.0209670973617264, "n_estimators": 28.495381578067075}, "datetime": {"datetime": "2021-09-24 12:19:34", "elapsed": 485.982074, "delta": 3.101919}}
{"target": -1.8082120786206417, "params": {"eta": 0.013675143266054839, "max_depth": 1.5983363426407073, "n_estimators": 25.035542036300125}, "datetime": {"datetime": "2021-09-24 12:19:36", "elapsed": 488.465356, "delta": 2.483282}}
{"target": 0.3574419432702911, "params": {"eta": 0.08072267687242675, "max_depth": 1.0902933770783243, "n_estimators": 26.45190930079269}, "datetime": {"datetime": "2021-09-24 12:19:39", "elapsed": 491.788567, "delta": 3.323211}}
{"target": 0.09254659204422333, "params": {"eta": 0.9146816205648103, "max_depth": 10.752982852547674, "n_estimators": 8.927496547771383}, "datetime": {"datetime": "2021-09-24 12:19:41", "elapsed": 493.537449, "delta": 1.748882}}
{"target": 0.25348363132318674, "params": {"eta": 0.5836651301259866, "max_depth": 3.673897278008127, "n_estimators": 15.250696676955453}, "datetime": {"datetime": "2021-09-24 12:19:43", "elapsed": 495.468892, "delta": 1.931443}}
{"target": 0.39944347306899597, "params": {"eta": 0.976382559471668, "max_depth": 1.5308056856803272, "n_estimators": 13.904917151448316}, "datetime": {"datetime": "2021-09-24 12:19:46", "elapsed": 498.360376, "delta": 2.891484}}
{"target": 0.375240039664145, "params": {"eta": 0.8251603175440596, "max_depth": 1.0237340350696962, "n_estimators": 44.02078981320348}, "datetime": {"datetime": "2021-09-24 12:19:49", "elapsed": 501.851005, "delta": 3.490629}}
{"target": -1.823747758500549, "params": {"eta": 0.01209498959775267, "max_depth": 1.4861265638971761, "n_estimators": 28.92351633778477}, "datetime": {"datetime": "2021-09-24 12:19:52", "elapsed": 504.446587, "delta": 2.595582}}
{"target": 0.44793099108087964, "params": {"eta": 0.1396176576267137, "max_depth": 2.781203676758357, "n_estimators": 25.289675020147655}, "datetime": {"datetime": "2021-09-24 12:19:55", "elapsed": 506.964241, "delta": 2.517654}}
{"target": 0.42123605931812036, "params": {"eta": 0.20851632252238175, "max_depth": 3.2975830139447453, "n_estimators": 24.82612484169868}, "datetime": {"datetime": "2021-09-24 12:19:58", "elapsed": 510.566863, "delta": 3.602622}}
{"target": 0.056152136001474284, "params": {"eta": 0.048073492477197194, "max_depth": 3.2303581928744443, "n_estimators": 25.692629338827448}, "datetime": {"datetime": "2021-09-24 12:20:01", "elapsed": 513.16226, "delta": 2.595397}}
{"target": 0.3904013763309129, "params": {"eta": 0.6665549939806716, "max_depth": 1.5548207874351068, "n_estimators": 25.785615656760136}, "datetime": {"datetime": "2021-09-24 12:20:05", "elapsed": 517.450151, "delta": 4.287891}}
{"target": 0.1952591008497513, "params": {"eta": 0.7157285651947234, "max_depth": 3.59867062029259, "n_estimators": 24.319369679683152}, "datetime": {"datetime": "2021-09-24 12:20:08", "elapsed": 520.448836, "delta": 2.998685}}
{"target": 0.20588114507339517, "params": {"eta": 0.9064123650006195, "max_depth": 2.896466071131732, "n_estimators": 25.044719520675926}, "datetime": {"datetime": "2021-09-24 12:20:11", "elapsed": 523.22487, "delta": 2.776034}}
{"target": 0.1453149900399029, "params": {"eta": 0.8611890087138521, "max_depth": 3.629800645330328, "n_estimators": 44.37273706005589}, "datetime": {"datetime": "2021-09-24 12:20:13", "elapsed": 525.728737, "delta": 2.503867}}
{"target": 0.4439766035154584, "params": {"eta": 0.11794394770374106, "max_depth": 1.0087041553608214, "n_estimators": 43.60605970076699}, "datetime": {"datetime": "2021-09-24 12:20:17", "elapsed": 528.951326, "delta": 3.222589}}
{"target": -3.710787902272341, "params": {"eta": 0.001, "max_depth": 4.149709022240541, "n_estimators": 36.89421294326778}, "datetime": {"datetime": "2021-09-24 12:20:20", "elapsed": 532.401471, "delta": 3.450145}}
{"target": 0.35434352119712187, "params": {"eta": 0.07773408271170591, "max_depth": 1.0, "n_estimators": 27.941361722129688}, "datetime": {"datetime": "2021-09-24 12:20:22", "elapsed": 534.649942, "delta": 2.248471}}
{"target": 0.38197223331487806, "params": {"eta": 0.38095983258844646, "max_depth": 2.975413209589474, "n_estimators": 26.839377945227014}, "datetime": {"datetime": "2021-09-24 12:20:26", "elapsed": 538.147249, "delta": 3.497307}}
{"target": -0.7658365532209015, "params": {"eta": 0.017492159138703105, "max_depth": 3.284396320518906, "n_estimators": 37.07411433337019}, "datetime": {"datetime": "2021-09-24 12:20:28", "elapsed": 540.667085, "delta": 2.519836}}
{"target": -2.052990741413075, "params": {"eta": 0.00666763548556188, "max_depth": 17.23103310046592, "n_estimators": 45.480631529675605}, "datetime": {"datetime": "2021-09-24 12:20:30", "elapsed": 542.490185, "delta": 1.8231}}
{"target": 0.2752866376003549, "params": {"eta": 0.255873394468505, "max_depth": 5.9956405575834815, "n_estimators": 24.697762485656302}, "datetime": {"datetime": "2021-09-24 12:20:32", "elapsed": 544.426952, "delta": 1.936767}}
{"target": 0.13943920622615869, "params": {"eta": 0.7094545382182242, "max_depth": 3.827581476094859, "n_estimators": 37.69960430462505}, "datetime": {"datetime": "2021-09-24 12:20:34", "elapsed": 546.430534, "delta": 2.003582}}
{"target": 0.17532534479640438, "params": {"eta": 0.8221566129310328, "max_depth": 2.5663318505859247, "n_estimators": 37.25128918730142}, "datetime": {"datetime": "2021-09-24 12:20:38", "elapsed": 550.502888, "delta": 4.072354}}
{"target": 0.25338162410139, "params": {"eta": 0.5305859578708771, "max_depth": 3.2799505507315936, "n_estimators": 36.44873385879362}, "datetime": {"datetime": "2021-09-24 12:20:41", "elapsed": 553.334385, "delta": 2.831497}}
{"target": 0.07000885243647081, "params": {"eta": 0.9625719122633436, "max_depth": 3.4192357365666384, "n_estimators": 16.4073589584642}, "datetime": {"datetime": "2021-09-24 12:20:43", "elapsed": 555.82811, "delta": 2.493725}}
{"target": 0.366546090816009, "params": {"eta": 0.8667009818287567, "max_depth": 1.3151750405033356, "n_estimators": 17.437032635852866}, "datetime": {"datetime": "2021-09-24 12:20:45", "elapsed": 557.597172, "delta": 1.769062}}
{"target": 0.35549221520031304, "params": {"eta": 0.06890024772375901, "max_depth": 2.717030683531698, "n_estimators": 27.51676713181498}, "datetime": {"datetime": "2021-09-24 12:20:49", "elapsed": 561.465851, "delta": 3.868679}}
{"target": 0.4120095456501258, "params": {"eta": 1.0, "max_depth": 1.0, "n_estimators": 14.954796945278835}, "datetime": {"datetime": "2021-09-24 12:20:53", "elapsed": 564.970938, "delta": 3.505087}}
{"target": 0.34635964123446583, "params": {"eta": 0.30214223825137154, "max_depth": 3.5117566385181362, "n_estimators": 27.225283994502842}, "datetime": {"datetime": "2021-09-24 12:20:56", "elapsed": 568.326682, "delta": 3.355744}}
{"target": 0.2873520847775628, "params": {"eta": 0.0677648606608237, "max_depth": 3.8847168737530886, "n_estimators": 24.12652631441727}, "datetime": {"datetime": "2021-09-24 12:21:01", "elapsed": 573.344077, "delta": 5.017395}}
{"target": 0.1717684919747957, "params": {"eta": 0.8106705047502256, "max_depth": 3.0721570527254665, "n_estimators": 27.481695050776995}, "datetime": {"datetime": "2021-09-24 12:21:06", "elapsed": 577.98264, "delta": 4.638563}}
{"target": -0.4100046995898956, "params": {"eta": 0.10154417073471768, "max_depth": 5.907496015551017, "n_estimators": 8.148069050248248}, "datetime": {"datetime": "2021-09-24 12:21:08", "elapsed": 579.939931, "delta": 1.957291}}
{"target": -3.7682147602278624, "params": {"eta": 0.002064355307779396, "max_depth": 10.094877045128174, "n_estimators": 14.41582975852854}, "datetime": {"datetime": "2021-09-24 12:21:09", "elapsed": 581.826868, "delta": 1.886937}}
{"target": 0.38727436368504986, "params": {"eta": 0.7905951271012669, "max_depth": 1.026351563012322, "n_estimators": 38.12990471881524}, "datetime": {"datetime": "2021-09-24 12:21:13", "elapsed": 585.343452, "delta": 3.516584}}
{"target": 0.38029484405127345, "params": {"eta": 0.7047958125381397, "max_depth": 1.0129261727321577, "n_estimators": 25.175295203441166}, "datetime": {"datetime": "2021-09-24 12:21:18", "elapsed": 590.121945, "delta": 4.778493}}
{"target": 0.12184362407208826, "params": {"eta": 0.6006063098803252, "max_depth": 4.237529296893534, "n_estimators": 23.676127819007974}, "datetime": {"datetime": "2021-09-24 12:21:22", "elapsed": 593.992507, "delta": 3.870562}}
{"target": -0.0006583371913568836, "params": {"eta": 0.9655563355884151, "max_depth": 21.087448969917972, "n_estimators": 33.3126530324775}, "datetime": {"datetime": "2021-09-24 12:21:26", "elapsed": 598.756123, "delta": 4.763616}}
{"target": 0.42445431601667405, "params": {"eta": 0.4572412742785177, "max_depth": 1.6651429459343596, "n_estimators": 44.70313257787073}, "datetime": {"datetime": "2021-09-24 12:21:29", "elapsed": 600.976118, "delta": 2.219995}}
{"target": 0.27524297579294243, "params": {"eta": 0.20720697428567958, "max_depth": 17.393182727380168, "n_estimators": 32.92373944602102}, "datetime": {"datetime": "2021-09-24 12:21:31", "elapsed": 603.387131, "delta": 2.411013}}
{"target": 0.32921270426973903, "params": {"eta": 0.18377406822578937, "max_depth": 16.767978858873636, "n_estimators": 20.560699686829672}, "datetime": {"datetime": "2021-09-24 12:21:33", "elapsed": 605.762987, "delta": 2.375856}}
{"target": 0.25433913781695816, "params": {"eta": 0.34353654001843115, "max_depth": 24.7357666403254, "n_estimators": 8.85701578156123}, "datetime": {"datetime": "2021-09-24 12:21:36", "elapsed": 608.587337, "delta": 2.82435}}
{"target": 0.3817315612049995, "params": {"eta": 0.6830845563320707, "max_depth": 1.398744566950523, "n_estimators": 45.02603268530269}, "datetime": {"datetime": "2021-09-24 12:21:39", "elapsed": 611.8217, "delta": 3.234363}}
{"target": 0.06867275170381792, "params": {"eta": 0.8948668138675043, "max_depth": 3.6385956540773665, "n_estimators": 26.792817244646308}, "datetime": {"datetime": "2021-09-24 12:21:43", "elapsed": 614.942392, "delta": 3.120692}}
{"target": 0.13976563621242855, "params": {"eta": 0.9784030541150835, "max_depth": 2.246281719394376, "n_estimators": 44.856104834426624}, "datetime": {"datetime": "2021-09-24 12:21:46", "elapsed": 618.539655, "delta": 3.597263}}
{"target": 0.1592779061415226, "params": {"eta": 0.5937927394515535, "max_depth": 16.19415654480025, "n_estimators": 20.484923038047686}, "datetime": {"datetime": "2021-09-24 12:21:51", "elapsed": 623.065011, "delta": 4.525356}}
{"target": 0.27603115177330695, "params": {"eta": 0.6547159731806504, "max_depth": 2.3990574422017445, "n_estimators": 26.52742643855929}, "datetime": {"datetime": "2021-09-24 12:21:55", "elapsed": 626.978227, "delta": 3.913216}}
{"target": 0.21929424342804027, "params": {"eta": 0.056542369321573485, "max_depth": 3.710750072476965, "n_estimators": 26.625150828486195}, "datetime": {"datetime": "2021-09-24 12:21:58", "elapsed": 630.245946, "delta": 3.267719}}
{"target": 0.30741404315658694, "params": {"eta": 0.444385571116861, "max_depth": 2.80935348350361, "n_estimators": 38.545057972950126}, "datetime": {"datetime": "2021-09-24 12:22:03", "elapsed": 635.701868, "delta": 5.455922}}
{"target": -2.75740692763396, "params": {"eta": 0.15937335657468787, "max_depth": 24.274888300080487, "n_estimators": 1.753388403747058}, "datetime": {"datetime": "2021-09-24 12:22:05", "elapsed": 637.860356, "delta": 2.158488}}
{"target": 0.33130609716992443, "params": {"eta": 0.08015891296741341, "max_depth": 11.99332684892364, "n_estimators": 47.00185120491755}, "datetime": {"datetime": "2021-09-24 12:22:08", "elapsed": 640.723291, "delta": 2.862935}}
{"target": 0.3756034191580263, "params": {"eta": 0.7366773024945265, "max_depth": 1.1306667034583824, "n_estimators": 38.89074556498548}, "datetime": {"datetime": "2021-09-24 12:22:13", "elapsed": 645.458157, "delta": 4.734866}}
{"target": 0.2834249128600782, "params": {"eta": 0.3692237290072494, "max_depth": 20.454179661521028, "n_estimators": 15.00577469551269}, "datetime": {"datetime": "2021-09-24 12:22:15", "elapsed": 647.892629, "delta": 2.434472}}
{"target": 0.249724340383793, "params": {"eta": 0.3740527513535176, "max_depth": 28.884356846315107, "n_estimators": 10.384168375784437}, "datetime": {"datetime": "2021-09-24 12:22:18", "elapsed": 650.2009, "delta": 2.308271}}
{"target": 0.4578807313689084, "params": {"eta": 0.37050169940166594, "max_depth": 1.0523025060581288, "n_estimators": 44.78011237534051}, "datetime": {"datetime": "2021-09-24 12:22:22", "elapsed": 654.576045, "delta": 4.375145}}
{"target": 0.3859684797264953, "params": {"eta": 0.2746146360362282, "max_depth": 3.673246545328678, "n_estimators": 17.27237637973198}, "datetime": {"datetime": "2021-09-24 12:22:26", "elapsed": 658.813805, "delta": 4.23776}}
{"target": 0.3446008863203289, "params": {"eta": 0.2502381003864177, "max_depth": 3.1905192832130123, "n_estimators": 39.09608649544645}, "datetime": {"datetime": "2021-09-24 12:22:30", "elapsed": 662.029236, "delta": 3.215431}}
{"target": 0.39902444656998626, "params": {"eta": 0.7919393058955515, "max_depth": 1.686195522599966, "n_estimators": 38.64765393172855}, "datetime": {"datetime": "2021-09-24 12:22:33", "elapsed": 665.781431, "delta": 3.752195}}
{"target": 0.4743096080436803, "params": {"eta": 0.35887162123566957, "max_depth": 1.604413034922636, "n_estimators": 39.21509873643968}, "datetime": {"datetime": "2021-09-24 12:22:37", "elapsed": 669.548172, "delta": 3.766741}}
{"target": 0.13478777002640252, "params": {"eta": 0.5061256040656923, "max_depth": 8.866789685153686, "n_estimators": 40.384817765614805}, "datetime": {"datetime": "2021-09-24 12:22:39", "elapsed": 671.745528, "delta": 2.197356}}
{"target": 0.27913110355376647, "params": {"eta": 0.6121130710625697, "max_depth": 2.361400323854893, "n_estimators": 39.11193241936405}, "datetime": {"datetime": "2021-09-24 12:22:44", "elapsed": 676.06143, "delta": 4.315902}}
{"target": 0.30905197948841256, "params": {"eta": 0.08945597495555992, "max_depth": 13.114389140082862, "n_estimators": 35.14446655198691}, "datetime": {"datetime": "2021-09-24 12:22:46", "elapsed": 678.621136, "delta": 2.559706}}
{"target": 0.39957690373150556, "params": {"eta": 0.8047276778446243, "max_depth": 1.772458715372062, "n_estimators": 39.54328349423823}, "datetime": {"datetime": "2021-09-24 12:22:52", "elapsed": 684.764067, "delta": 6.142931}}
{"target": 0.4438698170748353, "params": {"eta": 0.4115298658855374, "max_depth": 1.2522726876537265, "n_estimators": 39.77039448663267}, "datetime": {"datetime": "2021-09-24 12:22:57", "elapsed": 688.944069, "delta": 4.180002}}
{"target": 0.3946300457410459, "params": {"eta": 0.9180787775588007, "max_depth": 1.0080662772612565, "n_estimators": 42.30384393655641}, "datetime": {"datetime": "2021-09-24 12:23:02", "elapsed": 693.951638, "delta": 5.007569}}
{"target": 0.36233805927567386, "params": {"eta": 0.04947903287548585, "max_depth": 2.2838395420029407, "n_estimators": 39.65369651940128}, "datetime": {"datetime": "2021-09-24 12:23:07", "elapsed": 699.551257, "delta": 5.599619}}
{"target": 0.25105267141591103, "params": {"eta": 0.3195015790553114, "max_depth": 11.079182456014088, "n_estimators": 14.289249957066955}, "datetime": {"datetime": "2021-09-24 12:23:10", "elapsed": 702.05664, "delta": 2.505383}}
{"target": 0.12798765684747726, "params": {"eta": 0.6807198413863585, "max_depth": 26.79266456427148, "n_estimators": 18.526195931505818}, "datetime": {"datetime": "2021-09-24 12:23:12", "elapsed": 704.452153, "delta": 2.395513}}
{"target": 0.2826024073115867, "params": {"eta": 0.620161718392466, "max_depth": 2.3340045443147206, "n_estimators": 40.161639193211755}, "datetime": {"datetime": "2021-09-24 12:23:16", "elapsed": 708.619665, "delta": 4.167512}}
{"target": 0.3971741087272208, "params": {"eta": 0.06826589177704515, "max_depth": 1.6767275106227935, "n_estimators": 39.80318378342957}, "datetime": {"datetime": "2021-09-24 12:23:21", "elapsed": 712.938727, "delta": 4.319062}}
