{"target": -54.96968118747032, "params": {"eta": 0.4228517846555483, "max_depth": 21.889410309822583, "n_estimators": 1.0056043660498994}, "datetime": {"datetime": "2021-09-28 16:28:31", "elapsed": 0.0, "delta": 0.0}}
{"target": -34.258675740311325, "params": {"eta": 0.30930924690552136, "max_depth": 5.255920833696278, "n_estimators": 5.524591143671092}, "datetime": {"datetime": "2021-09-28 16:28:31", "elapsed": 0.096001, "delta": 0.096001}}
{"target": -39.269807351291306, "params": {"eta": 0.1943976092638942, "max_depth": 11.021261084248385, "n_estimators": 20.441606237302828}, "datetime": {"datetime": "2021-09-28 16:28:31", "elapsed": 0.273999, "delta": 0.177998}}
{"target": -43.623115798718615, "params": {"eta": 0.5434285666633234, "max_depth": 13.15664091769555, "n_estimators": 34.575755519441216}, "datetime": {"datetime": "2021-09-28 16:28:32", "elapsed": 0.572999, "delta": 0.299}}
{"target": -58.5452872283577, "params": {"eta": 0.21240772723420226, "max_depth": 26.465405655337417, "n_estimators": 2.3419920666983822}, "datetime": {"datetime": "2021-09-28 16:28:32", "elapsed": 0.597997, "delta": 0.024998}}
{"target": -38.47864110605615, "params": {"eta": 1.0, "max_depth": 1.0, "n_estimators": 16.182097674208286}, "datetime": {"datetime": "2021-09-28 16:28:32", "elapsed": 0.889002, "delta": 0.291005}}
{"target": -56.11789754925658, "params": {"eta": 0.01, "max_depth": 30.0, "n_estimators": 50.0}, "datetime": {"datetime": "2021-09-28 16:28:32", "elapsed": 1.460999, "delta": 0.571997}}
{"target": -47.08014658709189, "params": {"eta": 1.0, "max_depth": 1.0, "n_estimators": 1.0}, "datetime": {"datetime": "2021-09-28 16:28:33", "elapsed": 1.737997, "delta": 0.276998}}
{"target": -87.71757595450168, "params": {"eta": 0.01, "max_depth": 9.307172686038802, "n_estimators": 11.114120729543373}, "datetime": {"datetime": "2021-09-28 16:28:34", "elapsed": 2.619743, "delta": 0.881746}}
{"target": -37.099569741069146, "params": {"eta": 0.4787353745744934, "max_depth": 4.201358518971626, "n_estimators": 4.397240829590755}, "datetime": {"datetime": "2021-09-28 16:28:34", "elapsed": 3.5168, "delta": 0.897057}}
{"target": -97.35843647255776, "params": {"eta": 0.01, "max_depth": 7.561683493571, "n_estimators": 2.769029223026826}, "datetime": {"datetime": "2021-09-28 16:28:36", "elapsed": 5.258164, "delta": 1.741364}}
{"target": -38.27462975855049, "params": {"eta": 0.5257696001279109, "max_depth": 3.6802814914980213, "n_estimators": 6.226104017111065}, "datetime": {"datetime": "2021-09-28 16:28:38", "elapsed": 6.560709, "delta": 1.302545}}
{"target": -39.95223180379649, "params": {"eta": 0.7600418368930315, "max_depth": 1.9933213504739338, "n_estimators": 18.61115620625041}, "datetime": {"datetime": "2021-09-28 16:28:38", "elapsed": 7.182707, "delta": 0.621998}}
{"target": -43.997393166632094, "params": {"eta": 1.0, "max_depth": 3.9102614845421226, "n_estimators": 16.309812860234153}, "datetime": {"datetime": "2021-09-28 16:28:39", "elapsed": 7.845708, "delta": 0.663001}}
{"target": -42.00482567173863, "params": {"eta": 0.44848791571968283, "max_depth": 7.776979105222252, "n_estimators": 20.02752413610255}, "datetime": {"datetime": "2021-09-28 16:28:40", "elapsed": 8.864678, "delta": 1.01897}}
{"target": -51.99302767484304, "params": {"eta": 0.9298979509189688, "max_depth": 9.498114135180815, "n_estimators": 23.236248083256168}, "datetime": {"datetime": "2021-09-28 16:28:41", "elapsed": 10.192681, "delta": 1.328003}}
{"target": -53.44246319747985, "params": {"eta": 1.0, "max_depth": 10.227950015372901, "n_estimators": 17.749646006164937}, "datetime": {"datetime": "2021-09-28 16:28:42", "elapsed": 11.367966, "delta": 1.175285}}
{"target": -78.83336907782801, "params": {"eta": 0.01, "max_depth": 4.451385894993994, "n_estimators": 20.70843351451851}, "datetime": {"datetime": "2021-09-28 16:28:44", "elapsed": 13.25167, "delta": 1.883704}}
{"target": -46.760720253248756, "params": {"eta": 0.9811012299907699, "max_depth": 5.778348146059644, "n_estimators": 7.170089308686086}, "datetime": {"datetime": "2021-09-28 16:28:45", "elapsed": 14.18365, "delta": 0.93198}}
{"target": -94.62401228863415, "params": {"eta": 0.01, "max_depth": 1.5710790962013268, "n_estimators": 4.4255594386736545}, "datetime": {"datetime": "2021-09-28 16:28:46", "elapsed": 15.479652, "delta": 1.296002}}
{"target": -81.78156178300227, "params": {"eta": 0.01, "max_depth": 2.18530812700107, "n_estimators": 16.954057938284752}, "datetime": {"datetime": "2021-09-28 16:28:47", "elapsed": 16.130656, "delta": 0.651004}}
{"target": -41.816251444888444, "params": {"eta": 0.7523150081829412, "max_depth": 4.418290737004398, "n_estimators": 5.47808235940746}, "datetime": {"datetime": "2021-09-28 16:28:47", "elapsed": 16.398656, "delta": 0.268}}
{"target": -38.155493660686346, "params": {"eta": 0.2192462120478831, "max_depth": 5.219423795771397, "n_estimators": 4.496861028978678}, "datetime": {"datetime": "2021-09-28 16:28:48", "elapsed": 16.639654, "delta": 0.240998}}
{"target": -92.95277815639689, "params": {"eta": 0.01, "max_depth": 4.721460071897292, "n_estimators": 6.661935156897517}, "datetime": {"datetime": "2021-09-28 16:28:48", "elapsed": 17.072334, "delta": 0.43268}}
{"target": -46.837804815265514, "params": {"eta": 0.9122874335071576, "max_depth": 19.05756219811114, "n_estimators": 48.49480631992131}, "datetime": {"datetime": "2021-09-28 16:28:48", "elapsed": 17.480335, "delta": 0.408001}}
{"target": -47.089558230865585, "params": {"eta": 0.8060053465455859, "max_depth": 10.220825435668912, "n_estimators": 30.71994153531117}, "datetime": {"datetime": "2021-09-28 16:28:49", "elapsed": 17.900336, "delta": 0.420001}}
{"target": -38.784412157463535, "params": {"eta": 0.237741430028068, "max_depth": 2.8788177084869515, "n_estimators": 35.48843672347654}, "datetime": {"datetime": "2021-09-28 16:28:49", "elapsed": 18.27833, "delta": 0.377994}}
{"target": -40.080299547904666, "params": {"eta": 0.7868389154742468, "max_depth": 4.872210529973605, "n_estimators": 4.93481876851911}, "datetime": {"datetime": "2021-09-28 16:28:50", "elapsed": 18.942313, "delta": 0.663983}}
{"target": -34.20781534507198, "params": {"eta": 0.32302306718901075, "max_depth": 5.22581568553272, "n_estimators": 4.392027449278622}, "datetime": {"datetime": "2021-09-28 16:28:50", "elapsed": 19.191321, "delta": 0.249008}}
{"target": -46.21560431202133, "params": {"eta": 0.8408119367674605, "max_depth": 13.136803882450529, "n_estimators": 15.508381451325079}, "datetime": {"datetime": "2021-09-28 16:28:51", "elapsed": 19.646315, "delta": 0.454994}}
{"target": -38.7926652545746, "params": {"eta": 0.7669167421723917, "max_depth": 4.78980160128336, "n_estimators": 3.646106508719037}, "datetime": {"datetime": "2021-09-28 16:28:51", "elapsed": 20.168314, "delta": 0.521999}}
{"target": -45.78622288563111, "params": {"eta": 0.9707796606249488, "max_depth": 5.839985435749858, "n_estimators": 4.9411139234141235}, "datetime": {"datetime": "2021-09-28 16:28:52", "elapsed": 20.749748, "delta": 0.581434}}
{"target": -34.628866445828116, "params": {"eta": 0.4066930223266372, "max_depth": 5.71723412329673, "n_estimators": 3.6104863557745097}, "datetime": {"datetime": "2021-09-28 16:28:52", "elapsed": 21.083746, "delta": 0.333998}}
{"target": -40.86676480132837, "params": {"eta": 0.7475325241023397, "max_depth": 2.618386450155648, "n_estimators": 6.299848455571225}, "datetime": {"datetime": "2021-09-28 16:28:53", "elapsed": 21.639746, "delta": 0.556}}
{"target": -39.529148244725754, "params": {"eta": 1.0, "max_depth": 3.329688497641771, "n_estimators": 5.490456660613803}, "datetime": {"datetime": "2021-09-28 16:28:53", "elapsed": 22.322748, "delta": 0.683002}}
{"target": -39.600112708708835, "params": {"eta": 0.24182802435365916, "max_depth": 9.761056449497833, "n_estimators": 20.42451326973967}, "datetime": {"datetime": "2021-09-28 16:28:55", "elapsed": 23.763897, "delta": 1.441149}}
{"target": -35.93994741479514, "params": {"eta": 0.09056048886290903, "max_depth": 10.352118736804414, "n_estimators": 21.60137190746306}, "datetime": {"datetime": "2021-09-28 16:28:55", "elapsed": 24.278897, "delta": 0.515}}
{"target": -51.05637103963736, "params": {"eta": 0.9632311456689752, "max_depth": 11.093410020249745, "n_estimators": 21.36155359624566}, "datetime": {"datetime": "2021-09-28 16:28:56", "elapsed": 24.88747, "delta": 0.608573}}
{"target": -36.57734937158437, "params": {"eta": 0.07209037386865953, "max_depth": 9.43237172849964, "n_estimators": 21.725314707260765}, "datetime": {"datetime": "2021-09-28 16:28:57", "elapsed": 25.580476, "delta": 0.693006}}
{"target": -46.3879119140444, "params": {"eta": 0.8280699735129672, "max_depth": 8.791954260292977, "n_estimators": 21.036308110353787}, "datetime": {"datetime": "2021-09-28 16:28:57", "elapsed": 26.287473, "delta": 0.706997}}
{"target": -54.92210325646777, "params": {"eta": 0.980117657892751, "max_depth": 3.791978605908171, "n_estimators": 35.381569335745674}, "datetime": {"datetime": "2021-09-28 16:28:58", "elapsed": 26.854414, "delta": 0.566941}}
{"target": -38.30443014961584, "params": {"eta": 1.0, "max_depth": 1.0, "n_estimators": 15.052589412384378}, "datetime": {"datetime": "2021-09-28 16:28:59", "elapsed": 27.763419, "delta": 0.909005}}
{"target": -96.23599731976219, "params": {"eta": 0.01, "max_depth": 4.959936283788101, "n_estimators": 3.537955551433942}, "datetime": {"datetime": "2021-09-28 16:29:00", "elapsed": 28.6908, "delta": 0.927381}}
{"target": -43.34882918374493, "params": {"eta": 0.7979545228213044, "max_depth": 5.625466533625367, "n_estimators": 3.976540193492879}, "datetime": {"datetime": "2021-09-28 16:29:00", "elapsed": 29.280242, "delta": 0.589442}}
{"target": -42.04433675181408, "params": {"eta": 0.410709956230632, "max_depth": 9.932048575096804, "n_estimators": 21.60686856178674}, "datetime": {"datetime": "2021-09-28 16:29:01", "elapsed": 29.862244, "delta": 0.582002}}
{"target": -41.59733143958071, "params": {"eta": 0.7571558088968532, "max_depth": 7.854919347855461, "n_estimators": 43.88433478326895}, "datetime": {"datetime": "2021-09-28 16:29:01", "elapsed": 30.524242, "delta": 0.661998}}
{"target": -41.55675815939542, "params": {"eta": 0.756965422790445, "max_depth": 4.632534681552295, "n_estimators": 4.191071966494999}, "datetime": {"datetime": "2021-09-28 16:29:02", "elapsed": 30.766241, "delta": 0.241999}}
{"target": -45.92962586662513, "params": {"eta": 0.812761023225424, "max_depth": 22.67013591072954, "n_estimators": 44.5869208699691}, "datetime": {"datetime": "2021-09-28 16:29:02", "elapsed": 31.265243, "delta": 0.499002}}
{"target": -44.79429645886694, "params": {"eta": 0.6004349187843762, "max_depth": 14.510814004808882, "n_estimators": 49.44480912980404}, "datetime": {"datetime": "2021-09-28 16:29:03", "elapsed": 31.905242, "delta": 0.639999}}
{"target": -39.88394140172613, "params": {"eta": 0.7255344352266805, "max_depth": 3.7909069207988004, "n_estimators": 5.058301324187288}, "datetime": {"datetime": "2021-09-28 16:29:03", "elapsed": 32.38224, "delta": 0.476998}}
{"target": -36.53804156317345, "params": {"eta": 0.09267831002544527, "max_depth": 6.865791577901645, "n_estimators": 15.593316631213666}, "datetime": {"datetime": "2021-09-28 16:29:04", "elapsed": 32.634241, "delta": 0.252001}}
{"target": -56.74252140441287, "params": {"eta": 0.07592781964101726, "max_depth": 15.749883198747863, "n_estimators": 6.302724243763956}, "datetime": {"datetime": "2021-09-28 16:29:04", "elapsed": 32.993304, "delta": 0.359063}}
{"target": -41.22740261228709, "params": {"eta": 0.3652746591417005, "max_depth": 4.8357712030416575, "n_estimators": 22.757580592845738}, "datetime": {"datetime": "2021-09-28 16:29:04", "elapsed": 33.444311, "delta": 0.451007}}
{"target": -45.52532414256278, "params": {"eta": 0.6587580036785192, "max_depth": 8.229811807112478, "n_estimators": 32.49967393569616}, "datetime": {"datetime": "2021-09-28 16:29:05", "elapsed": 34.199472, "delta": 0.755161}}
{"target": -53.92901062618884, "params": {"eta": 0.9920439815242491, "max_depth": 25.87586089051915, "n_estimators": 45.32942470278262}, "datetime": {"datetime": "2021-09-28 16:29:06", "elapsed": 34.694471, "delta": 0.494999}}
{"target": -36.641548994847504, "params": {"eta": 0.14423048954397016, "max_depth": 10.076404260450522, "n_estimators": 21.08826649905121}, "datetime": {"datetime": "2021-09-28 16:29:07", "elapsed": 35.873467, "delta": 1.178996}}
{"target": -36.05314915935242, "params": {"eta": 0.0517818769583535, "max_depth": 20.071572457750612, "n_estimators": 49.5673321882008}, "datetime": {"datetime": "2021-09-28 16:29:08", "elapsed": 36.58747, "delta": 0.714003}}
{"target": -78.00316823454476, "params": {"eta": 0.01, "max_depth": 9.355853759355815, "n_estimators": 21.04487072489569}, "datetime": {"datetime": "2021-09-28 16:29:08", "elapsed": 37.159187, "delta": 0.571717}}
{"target": -40.98615764176174, "params": {"eta": 0.11755314481218766, "max_depth": 24.646966937496487, "n_estimators": 48.756850090259356}, "datetime": {"datetime": "2021-09-28 16:29:09", "elapsed": 37.885186, "delta": 0.725999}}
{"target": -47.68616471349736, "params": {"eta": 0.8730295318096892, "max_depth": 6.179259986636726, "n_estimators": 21.52052389286837}, "datetime": {"datetime": "2021-09-28 16:29:09", "elapsed": 38.282187, "delta": 0.397001}}
{"target": -43.03491708325463, "params": {"eta": 0.3590555212508825, "max_depth": 10.445601439445545, "n_estimators": 20.693249207990014}, "datetime": {"datetime": "2021-09-28 16:29:10", "elapsed": 39.275021, "delta": 0.992834}}
{"target": -40.12957977126739, "params": {"eta": 0.46789604218728414, "max_depth": 5.372655113523884, "n_estimators": 5.057814359701214}, "datetime": {"datetime": "2021-09-28 16:29:11", "elapsed": 39.742019, "delta": 0.466998}}
{"target": -45.38997908683899, "params": {"eta": 0.5718766390416413, "max_depth": 8.984435851669486, "n_estimators": 26.109614880575098}, "datetime": {"datetime": "2021-09-28 16:29:11", "elapsed": 40.225019, "delta": 0.483}}
{"target": -33.61008068437777, "params": {"eta": 0.4160437369749297, "max_depth": 5.385593522863325, "n_estimators": 4.983958162366077}, "datetime": {"datetime": "2021-09-28 16:29:12", "elapsed": 40.581022, "delta": 0.356003}}
{"target": -36.280068021573335, "params": {"eta": 0.27360511398483084, "max_depth": 5.682407806249293, "n_estimators": 4.754974360472848}, "datetime": {"datetime": "2021-09-28 16:29:12", "elapsed": 41.206598, "delta": 0.625576}}
{"target": -56.99268460450932, "params": {"eta": 0.02684044068265331, "max_depth": 9.506346846534928, "n_estimators": 16.268387511615067}, "datetime": {"datetime": "2021-09-28 16:29:13", "elapsed": 41.676594, "delta": 0.469996}}
{"target": -43.56819009426914, "params": {"eta": 0.09538565865407699, "max_depth": 16.86897063554736, "n_estimators": 8.106543493397114}, "datetime": {"datetime": "2021-09-28 16:29:13", "elapsed": 41.975591, "delta": 0.298997}}
{"target": -39.127743729704996, "params": {"eta": 0.77815453222091, "max_depth": 4.408145275754703, "n_estimators": 5.409407457729885}, "datetime": {"datetime": "2021-09-28 16:29:13", "elapsed": 42.271596, "delta": 0.296005}}
{"target": -34.72709121174872, "params": {"eta": 0.2917010584573301, "max_depth": 4.638950733875653, "n_estimators": 4.941036365587971}, "datetime": {"datetime": "2021-09-28 16:29:14", "elapsed": 43.108304, "delta": 0.836708}}
{"target": -61.28190773876394, "params": {"eta": 0.08017584913071145, "max_depth": 5.079302910941263, "n_estimators": 5.032801493877075}, "datetime": {"datetime": "2021-09-28 16:29:14", "elapsed": 43.546306, "delta": 0.438002}}
{"target": -35.126568139092036, "params": {"eta": 0.31247990268899645, "max_depth": 4.224423587103913, "n_estimators": 4.735716668432174}, "datetime": {"datetime": "2021-09-28 16:29:15", "elapsed": 43.884774, "delta": 0.338468}}
{"target": -40.208850245333636, "params": {"eta": 0.21035984585745796, "max_depth": 24.619233159001745, "n_estimators": 48.774484818223065}, "datetime": {"datetime": "2021-09-28 16:29:16", "elapsed": 44.860298, "delta": 0.975524}}
{"target": -40.15900448390793, "params": {"eta": 0.7641126839607616, "max_depth": 5.213552858016765, "n_estimators": 4.359660816913376}, "datetime": {"datetime": "2021-09-28 16:29:16", "elapsed": 45.448293, "delta": 0.587995}}
{"target": -40.56118922029338, "params": {"eta": 0.5106652399989584, "max_depth": 29.708515315286142, "n_estimators": 20.71994991211706}, "datetime": {"datetime": "2021-09-28 16:29:17", "elapsed": 46.035294, "delta": 0.587001}}
{"target": -36.05703342687628, "params": {"eta": 0.2790298878609144, "max_depth": 5.725170069119635, "n_estimators": 4.221977079185345}, "datetime": {"datetime": "2021-09-28 16:29:18", "elapsed": 46.616298, "delta": 0.581004}}
{"target": -40.60118234366498, "params": {"eta": 0.46375447112394214, "max_depth": 29.109166060958653, "n_estimators": 28.88315921683037}, "datetime": {"datetime": "2021-09-28 16:29:18", "elapsed": 47.384003, "delta": 0.767705}}
{"target": -39.76671776336105, "params": {"eta": 0.5173925998971975, "max_depth": 5.59734661087333, "n_estimators": 5.876173749482188}, "datetime": {"datetime": "2021-09-28 16:29:19", "elapsed": 47.718007, "delta": 0.334004}}
{"target": -84.0939744180969, "params": {"eta": 0.14312293915013025, "max_depth": 28.220490184521257, "n_estimators": 1.4640903774819674}, "datetime": {"datetime": "2021-09-28 16:29:19", "elapsed": 48.075005, "delta": 0.356998}}
{"target": -39.10191798645724, "params": {"eta": 0.4692881118854422, "max_depth": 6.182322291825799, "n_estimators": 4.016140070011529}, "datetime": {"datetime": "2021-09-28 16:29:19", "elapsed": 48.526009, "delta": 0.451004}}
{"target": -40.47678838552034, "params": {"eta": 0.18500601505244324, "max_depth": 7.0671876207169095, "n_estimators": 26.999420959459876}, "datetime": {"datetime": "2021-09-28 16:29:20", "elapsed": 49.059333, "delta": 0.533324}}
{"target": -43.012016647347046, "params": {"eta": 0.8271588353814604, "max_depth": 4.476864693935121, "n_estimators": 28.35713396051607}, "datetime": {"datetime": "2021-09-28 16:29:20", "elapsed": 49.533336, "delta": 0.474003}}
{"target": -42.31998134368183, "params": {"eta": 0.7130739285304764, "max_depth": 14.232683669648114, "n_estimators": 45.8701362966494}, "datetime": {"datetime": "2021-09-28 16:29:21", "elapsed": 50.123338, "delta": 0.590002}}
{"target": -37.58472270040784, "params": {"eta": 0.5173823088256464, "max_depth": 3.172623358996771, "n_estimators": 5.905006419576036}, "datetime": {"datetime": "2021-09-28 16:29:22", "elapsed": 50.604333, "delta": 0.480995}}
{"target": -38.62348248504612, "params": {"eta": 0.21017972266504126, "max_depth": 2.8406086440179905, "n_estimators": 35.52858300141503}, "datetime": {"datetime": "2021-09-28 16:29:22", "elapsed": 51.031747, "delta": 0.427414}}
{"target": -45.11573289846239, "params": {"eta": 0.8327844492047777, "max_depth": 25.369571720848608, "n_estimators": 27.33695941045534}, "datetime": {"datetime": "2021-09-28 16:29:23", "elapsed": 51.659466, "delta": 0.627719}}
{"target": -38.55064653197788, "params": {"eta": 0.05327516330979723, "max_depth": 9.526197826921432, "n_estimators": 22.15379517991811}, "datetime": {"datetime": "2021-09-28 16:29:24", "elapsed": 52.768617, "delta": 1.109151}}
{"target": -45.08852702120023, "params": {"eta": 0.7946958282625279, "max_depth": 5.0861906833808055, "n_estimators": 39.82081843623014}, "datetime": {"datetime": "2021-09-28 16:29:24", "elapsed": 53.328756, "delta": 0.560139}}
{"target": -44.66765463317719, "params": {"eta": 0.9761460665689244, "max_depth": 3.488761783403156, "n_estimators": 6.065474505514192}, "datetime": {"datetime": "2021-09-28 16:29:25", "elapsed": 53.900486, "delta": 0.57173}}
{"target": -40.68623675101449, "params": {"eta": 0.39611062491187043, "max_depth": 2.023419641624453, "n_estimators": 8.587665991049786}, "datetime": {"datetime": "2021-09-28 16:29:25", "elapsed": 54.33149, "delta": 0.431004}}
{"target": -39.338547613340175, "params": {"eta": 0.7794871086860575, "max_depth": 4.343877363880118, "n_estimators": 4.826245300468767}, "datetime": {"datetime": "2021-09-28 16:29:26", "elapsed": 54.814487, "delta": 0.482997}}
{"target": -88.821228976123, "params": {"eta": 0.01775619026792536, "max_depth": 5.711789363407588, "n_estimators": 5.59860296501262}, "datetime": {"datetime": "2021-09-28 16:29:27", "elapsed": 55.596919, "delta": 0.782432}}
{"target": -46.53275217924287, "params": {"eta": 0.9551069086838146, "max_depth": 5.116678927955956, "n_estimators": 5.839783004533521}, "datetime": {"datetime": "2021-09-28 16:29:28", "elapsed": 56.983504, "delta": 1.386585}}
{"target": -39.22204364708856, "params": {"eta": 0.49010496929179964, "max_depth": 3.560550038659647, "n_estimators": 5.66259436283478}, "datetime": {"datetime": "2021-09-28 16:29:29", "elapsed": 57.7725, "delta": 0.788996}}
{"target": -45.0823115105459, "params": {"eta": 0.1348241795771646, "max_depth": 4.170919745484778, "n_estimators": 5.284735900910868}, "datetime": {"datetime": "2021-09-28 16:29:30", "elapsed": 58.77987, "delta": 1.00737}}
{"target": -39.63923464707151, "params": {"eta": 0.7091371292399997, "max_depth": 1.1413213647332483, "n_estimators": 15.572842755500137}, "datetime": {"datetime": "2021-09-28 16:29:30", "elapsed": 59.374475, "delta": 0.594605}}
{"target": -39.908736070570924, "params": {"eta": 0.28829300355402465, "max_depth": 19.880784802914572, "n_estimators": 49.99635615391829}, "datetime": {"datetime": "2021-09-28 16:29:33", "elapsed": 62.079546, "delta": 2.705071}}
{"target": -41.25358986939206, "params": {"eta": 0.22175357441828422, "max_depth": 10.807345178859793, "n_estimators": 21.274966184073513}, "datetime": {"datetime": "2021-09-28 16:29:35", "elapsed": 63.875671, "delta": 1.796125}}
{"target": -39.59356014939206, "params": {"eta": 0.320921796502227, "max_depth": 19.710152641205163, "n_estimators": 49.34404221349934}, "datetime": {"datetime": "2021-09-28 16:29:37", "elapsed": 66.155672, "delta": 2.280001}}
