{"target": -51.50093987796143, "params": {"eta": 0.07375721592891124, "max_depth": 6.866529487097342, "n_estimators": 8.05792540464876}, "datetime": {"datetime": "2021-09-28 16:42:42", "elapsed": 850.559667, "delta": 2.669023}}
{"target": -39.67395366251187, "params": {"eta": 0.2990817657084628, "max_depth": 17.48967384284136, "n_estimators": 43.538814246848105}, "datetime": {"datetime": "2021-09-28 16:42:45", "elapsed": 853.568749, "delta": 3.009082}}
{"target": -38.16155363013649, "params": {"eta": 0.695194967379601, "max_depth": 5.717282853009135, "n_estimators": 3.462196138850131}, "datetime": {"datetime": "2021-09-28 16:42:50", "elapsed": 859.41746, "delta": 5.848711}}
{"target": -38.07330077071439, "params": {"eta": 0.5494932679011184, "max_depth": 2.6213671014150592, "n_estimators": 4.207698245283765}, "datetime": {"datetime": "2021-09-28 16:42:54", "elapsed": 863.040618, "delta": 3.623158}}
{"target": -39.66535803400457, "params": {"eta": 0.1654928760450994, "max_depth": 1.5240735935933678, "n_estimators": 17.312421236590726}, "datetime": {"datetime": "2021-09-28 16:42:58", "elapsed": 867.411656, "delta": 4.371038}}
{"target": -40.59885433745991, "params": {"eta": 0.46344043352565295, "max_depth": 20.3348499801996, "n_estimators": 26.432648121006146}, "datetime": {"datetime": "2021-09-28 16:43:02", "elapsed": 871.171761, "delta": 3.760105}}
{"target": -54.87827621069279, "params": {"eta": 0.11573284217448729, "max_depth": 4.04253204106738, "n_estimators": 4.985024472615965}, "datetime": {"datetime": "2021-09-28 16:43:06", "elapsed": 874.567348, "delta": 3.395587}}
{"target": -38.5855053515683, "params": {"eta": 0.17567550772641444, "max_depth": 12.559765955085629, "n_estimators": 27.34575283058645}, "datetime": {"datetime": "2021-09-28 16:43:08", "elapsed": 877.342534, "delta": 2.775186}}
{"target": -38.62176248121706, "params": {"eta": 0.5922980648792613, "max_depth": 5.387434899466493, "n_estimators": 5.5099681406906384}, "datetime": {"datetime": "2021-09-28 16:43:13", "elapsed": 882.515044, "delta": 5.17251}}
{"target": -40.293270235866565, "params": {"eta": 0.47993903655516956, "max_depth": 5.083279478301593, "n_estimators": 5.423052294381254}, "datetime": {"datetime": "2021-09-28 16:43:19", "elapsed": 888.255569, "delta": 5.740525}}
{"target": -35.56681677532924, "params": {"eta": 0.2369977618915453, "max_depth": 5.706890303882315, "n_estimators": 5.0271894563534705}, "datetime": {"datetime": "2021-09-28 16:43:25", "elapsed": 893.9549, "delta": 5.699331}}
{"target": -38.78757794330676, "params": {"eta": 0.18283338884089773, "max_depth": 14.039460701611723, "n_estimators": 23.826091488600046}, "datetime": {"datetime": "2021-09-28 16:43:27", "elapsed": 896.537579, "delta": 2.582679}}
{"target": -38.52389313185121, "params": {"eta": 0.5005689112758038, "max_depth": 3.677679084612119, "n_estimators": 5.12884627934394}, "datetime": {"datetime": "2021-09-28 16:43:32", "elapsed": 900.594683, "delta": 4.057104}}
{"target": -39.78912517052091, "params": {"eta": 0.1246156806993164, "max_depth": 6.404267594074159, "n_estimators": 8.45531851191233}, "datetime": {"datetime": "2021-09-28 16:43:38", "elapsed": 906.789549, "delta": 6.194866}}
{"target": -37.82909594162287, "params": {"eta": 0.04420150313023556, "max_depth": 13.756505148939983, "n_estimators": 29.492656418247932}, "datetime": {"datetime": "2021-09-28 16:43:41", "elapsed": 909.921702, "delta": 3.132153}}
{"target": -39.533659159426634, "params": {"eta": 0.11992417226804876, "max_depth": 13.817018787219565, "n_estimators": 29.104937201507525}, "datetime": {"datetime": "2021-09-28 16:43:48", "elapsed": 917.439355, "delta": 7.517653}}
{"target": -45.98101603102615, "params": {"eta": 0.8926423872447182, "max_depth": 16.50622384986725, "n_estimators": 22.11903480142249}, "datetime": {"datetime": "2021-09-28 16:43:52", "elapsed": 920.811129, "delta": 3.371774}}
{"target": -35.828420082877415, "params": {"eta": 0.0479376583616601, "max_depth": 20.80522964887969, "n_estimators": 42.929158409476194}, "datetime": {"datetime": "2021-09-28 16:43:58", "elapsed": 926.897414, "delta": 6.086285}}
{"target": -54.96968118747032, "params": {"eta": 0.4228517846555483, "max_depth": 21.889410309822583, "n_estimators": 1.0113231069171438}, "datetime": {"datetime": "2021-09-29 14:12:38", "elapsed": 0.0, "delta": 0.0}}
{"target": -39.24615482542794, "params": {"eta": 0.30930924690552136, "max_depth": 5.255920833696278, "n_estimators": 10.141520882110981}, "datetime": {"datetime": "2021-09-29 14:12:38", "elapsed": 0.043999, "delta": 0.043999}}
{"target": -40.316108549293986, "params": {"eta": 0.1943976092638942, "max_depth": 11.021261084248385, "n_estimators": 40.27997994883632}, "datetime": {"datetime": "2021-09-29 14:12:38", "elapsed": 0.308997, "delta": 0.264998}}
{"target": -43.62312762577114, "params": {"eta": 0.5434285666633234, "max_depth": 13.15664091769555, "n_estimators": 68.83673053927919}, "datetime": {"datetime": "2021-09-29 14:12:38", "elapsed": 0.612997, "delta": 0.304}}
{"target": -47.61676778389919, "params": {"eta": 0.21240772723420226, "max_depth": 26.465405655337417, "n_estimators": 3.71137172659469}, "datetime": {"datetime": "2021-09-29 14:12:38", "elapsed": 0.661998, "delta": 0.049001}}
{"target": -38.8278113259411, "params": {"eta": 0.5406484097921681, "max_depth": 2.1559378724281246, "n_estimators": 14.344518678107226}, "datetime": {"datetime": "2021-09-29 14:12:39", "elapsed": 1.055999, "delta": 0.394001}}
{"target": -80.8076541832497, "params": {"eta": 0.01, "max_depth": 9.280208597234894, "n_estimators": 18.22573241564481}, "datetime": {"datetime": "2021-09-29 14:12:39", "elapsed": 1.705537, "delta": 0.649538}}
{"target": -38.774145235730714, "params": {"eta": 0.9511739058886874, "max_depth": 1.392206130533303, "n_estimators": 10.782478985274931}, "datetime": {"datetime": "2021-09-29 14:12:40", "elapsed": 2.085538, "delta": 0.380001}}
{"target": -38.7926652545746, "params": {"eta": 0.773185059163085, "max_depth": 4.085461980085725, "n_estimators": 3.593643280660195}, "datetime": {"datetime": "2021-09-29 14:12:40", "elapsed": 2.707537, "delta": 0.621999}}
{"target": -40.956189782072066, "params": {"eta": 0.290793703194728, "max_depth": 11.603058845466025, "n_estimators": 48.11903213812734}, "datetime": {"datetime": "2021-09-29 14:12:41", "elapsed": 3.687697, "delta": 0.98016}}
{"target": -39.748298654336104, "params": {"eta": 0.23245091952577138, "max_depth": 4.032504684156491, "n_estimators": 44.3928481726726}, "datetime": {"datetime": "2021-09-29 14:12:42", "elapsed": 4.298694, "delta": 0.610997}}
{"target": -39.15169679565126, "params": {"eta": 0.18170359610679174, "max_depth": 3.4864241099043887, "n_estimators": 52.97666627470742}, "datetime": {"datetime": "2021-09-29 14:12:43", "elapsed": 4.776874, "delta": 0.47818}}
{"target": -53.442473884971754, "params": {"eta": 1.0, "max_depth": 10.20091527278656, "n_estimators": 57.78097496700585}, "datetime": {"datetime": "2021-09-29 14:12:43", "elapsed": 5.372166, "delta": 0.595292}}
{"target": -46.285848078484406, "params": {"eta": 1.0, "max_depth": 3.7151001264361225, "n_estimators": 36.64669003796612}, "datetime": {"datetime": "2021-09-29 14:12:44", "elapsed": 5.935165, "delta": 0.562999}}
{"target": -60.581491032252686, "params": {"eta": 0.01, "max_depth": 18.24728978963921, "n_estimators": 43.13034826378798}, "datetime": {"datetime": "2021-09-29 14:12:45", "elapsed": 6.779166, "delta": 0.844001}}
{"target": -48.80087945959964, "params": {"eta": 0.9885459305588866, "max_depth": 6.78001859101594, "n_estimators": 49.210482468653794}, "datetime": {"datetime": "2021-09-29 14:12:45", "elapsed": 7.661087, "delta": 0.881921}}
{"target": -44.96037713878484, "params": {"eta": 0.7790344929718696, "max_depth": 8.5579053796075, "n_estimators": 5.754120451972221}, "datetime": {"datetime": "2021-09-29 14:12:46", "elapsed": 8.400043, "delta": 0.738956}}
{"target": -46.739535803215496, "params": {"eta": 0.01, "max_depth": 1.0, "n_estimators": 57.05398910031539}, "datetime": {"datetime": "2021-09-29 14:12:47", "elapsed": 8.868038, "delta": 0.467995}}
{"target": -55.94938472360925, "params": {"eta": 0.06759854573771257, "max_depth": 1.2927654633790142, "n_estimators": 6.309988107199025}, "datetime": {"datetime": "2021-09-29 14:12:47", "elapsed": 9.355238, "delta": 0.4872}}
{"target": -42.50509119831258, "params": {"eta": 1.0, "max_depth": 3.6358616598498554, "n_estimators": 12.205240199136824}, "datetime": {"datetime": "2021-09-29 14:12:48", "elapsed": 9.765244, "delta": 0.410006}}
{"target": -41.78435735438017, "params": {"eta": 1.0, "max_depth": 6.006183952033163, "n_estimators": 1.345160799555807}, "datetime": {"datetime": "2021-09-29 14:12:48", "elapsed": 10.364238, "delta": 0.598994}}
{"target": -39.30807646600445, "params": {"eta": 0.13601710803424824, "max_depth": 7.762526698410434, "n_estimators": 42.953921356736416}, "datetime": {"datetime": "2021-09-29 14:12:49", "elapsed": 11.169434, "delta": 0.805196}}
{"target": -51.87410648970586, "params": {"eta": 0.01, "max_depth": 1.0, "n_estimators": 49.57944243375884}, "datetime": {"datetime": "2021-09-29 14:12:50", "elapsed": 11.982436, "delta": 0.813002}}
{"target": -59.87758490096975, "params": {"eta": 0.01, "max_depth": 11.084538232695511, "n_estimators": 44.247349665772674}, "datetime": {"datetime": "2021-09-29 14:12:50", "elapsed": 12.546434, "delta": 0.563998}}
{"target": -38.44340119096481, "params": {"eta": 1.0, "max_depth": 1.0, "n_estimators": 12.786901536132174}, "datetime": {"datetime": "2021-09-29 14:12:51", "elapsed": 12.883436, "delta": 0.337002}}
{"target": -41.20859649927333, "params": {"eta": 0.20461525327499666, "max_depth": 5.42677588246907, "n_estimators": 41.4589160873511}, "datetime": {"datetime": "2021-09-29 14:12:51", "elapsed": 13.512713, "delta": 0.629277}}
{"target": -54.49996574061614, "params": {"eta": 1.0, "max_depth": 8.263047895724515, "n_estimators": 39.349456719997754}, "datetime": {"datetime": "2021-09-29 14:12:52", "elapsed": 14.180714, "delta": 0.668001}}
{"target": -40.746838486126606, "params": {"eta": 0.2511644044446638, "max_depth": 6.095998724776509, "n_estimators": 45.069458291405596}, "datetime": {"datetime": "2021-09-29 14:12:52", "elapsed": 14.662401, "delta": 0.481687}}
{"target": -62.65159136406522, "params": {"eta": 0.3067536676402643, "max_depth": 2.9176854217236774, "n_estimators": 1.048918256822951}, "datetime": {"datetime": "2021-09-29 14:12:53", "elapsed": 15.252593, "delta": 0.590192}}
{"target": -47.53944420347042, "params": {"eta": 1.0, "max_depth": 6.031796283603705, "n_estimators": 3.922047376339503}, "datetime": {"datetime": "2021-09-29 14:12:53", "elapsed": 15.700595, "delta": 0.448002}}
{"target": -45.52708587748811, "params": {"eta": 0.7974086360529634, "max_depth": 6.064472784666039, "n_estimators": 43.148387584720055}, "datetime": {"datetime": "2021-09-29 14:12:54", "elapsed": 16.328198, "delta": 0.627603}}
{"target": -37.91131429941692, "params": {"eta": 0.264901266930505, "max_depth": 3.222560515791487, "n_estimators": 9.872406603192495}, "datetime": {"datetime": "2021-09-29 14:12:54", "elapsed": 16.681205, "delta": 0.353007}}
{"target": -43.20730860726896, "params": {"eta": 0.8160123205275934, "max_depth": 4.546104531048801, "n_estimators": 8.129776481343082}, "datetime": {"datetime": "2021-09-29 14:12:55", "elapsed": 17.200695, "delta": 0.51949}}
{"target": -58.82568989886303, "params": {"eta": 0.01, "max_depth": 2.980940291984098, "n_estimators": 42.19676410638952}, "datetime": {"datetime": "2021-09-29 14:12:56", "elapsed": 17.758692, "delta": 0.557997}}
{"target": -39.44612666955937, "params": {"eta": 0.2875419027412855, "max_depth": 2.1502471772487604, "n_estimators": 12.594413391872113}, "datetime": {"datetime": "2021-09-29 14:12:56", "elapsed": 18.217696, "delta": 0.459004}}
{"target": -57.530154752373086, "params": {"eta": 0.01, "max_depth": 4.210409126296775, "n_estimators": 46.28643942807449}, "datetime": {"datetime": "2021-09-29 14:12:57", "elapsed": 18.878694, "delta": 0.660998}}
{"target": -37.26706605499593, "params": {"eta": 0.08741647375605434, "max_depth": 1.5500926066289025, "n_estimators": 9.525172683535569}, "datetime": {"datetime": "2021-09-29 14:12:57", "elapsed": 19.212885, "delta": 0.334191}}
{"target": -41.44402111430223, "params": {"eta": 0.3329034537112825, "max_depth": 3.9927633121891866, "n_estimators": 54.641287364454485}, "datetime": {"datetime": "2021-09-29 14:12:57", "elapsed": 19.624885, "delta": 0.412}}
{"target": -54.066202263241124, "params": {"eta": 0.01, "max_depth": 5.349494430685218, "n_estimators": 52.99334321408392}, "datetime": {"datetime": "2021-09-29 14:12:58", "elapsed": 20.026885, "delta": 0.402}}
{"target": -43.195850856461085, "params": {"eta": 0.8025404639823044, "max_depth": 2.39154228471354, "n_estimators": 54.31899330561626}, "datetime": {"datetime": "2021-09-29 14:12:58", "elapsed": 20.485883, "delta": 0.458998}}
{"target": -35.399946917225, "params": {"eta": 0.08125731424526837, "max_depth": 1.1091886146997005, "n_estimators": 15.856848831513425}, "datetime": {"datetime": "2021-09-29 14:12:59", "elapsed": 20.801883, "delta": 0.316}}
{"target": -41.028905002215936, "params": {"eta": 0.6406364672977498, "max_depth": 2.1729125749744735, "n_estimators": 16.659540935103152}, "datetime": {"datetime": "2021-09-29 14:12:59", "elapsed": 21.098884, "delta": 0.297001}}
{"target": -36.23083570919757, "params": {"eta": 0.07766338532071057, "max_depth": 1.005153823177885, "n_estimators": 18.09813741637711}, "datetime": {"datetime": "2021-09-29 14:12:59", "elapsed": 21.451541, "delta": 0.352657}}
{"target": -77.80880224701554, "params": {"eta": 0.01, "max_depth": 1.0, "n_estimators": 19.910739127179404}, "datetime": {"datetime": "2021-09-29 14:13:00", "elapsed": 21.896543, "delta": 0.445002}}
{"target": -39.167752400821435, "params": {"eta": 0.14796673521551787, "max_depth": 1.022768813624051, "n_estimators": 14.303615769691538}, "datetime": {"datetime": "2021-09-29 14:13:00", "elapsed": 22.325544, "delta": 0.429001}}
{"target": -39.643854523084165, "params": {"eta": 0.6858350696840269, "max_depth": 1.0335123476791055, "n_estimators": 17.224369260156212}, "datetime": {"datetime": "2021-09-29 14:13:00", "elapsed": 22.534542, "delta": 0.208998}}
{"target": -41.54879252135298, "params": {"eta": 0.8450691889211444, "max_depth": 2.6047032226333977, "n_estimators": 8.853139368826351}, "datetime": {"datetime": "2021-09-29 14:13:00", "elapsed": 22.719546, "delta": 0.185004}}
{"target": -43.47163463074949, "params": {"eta": 0.059543544912232654, "max_depth": 2.2615336739438967, "n_estimators": 11.198845662589619}, "datetime": {"datetime": "2021-09-29 14:13:01", "elapsed": 22.936543, "delta": 0.216997}}
{"target": -44.756370449503464, "params": {"eta": 0.6007488952201346, "max_depth": 7.791459301971489, "n_estimators": 44.81074368213612}, "datetime": {"datetime": "2021-09-29 14:13:01", "elapsed": 23.431222, "delta": 0.494679}}
{"target": -83.20267333538, "params": {"eta": 0.01, "max_depth": 3.475858475379784, "n_estimators": 15.315470606675706}, "datetime": {"datetime": "2021-09-29 14:13:02", "elapsed": 23.74522, "delta": 0.313998}}
{"target": -39.18853385391807, "params": {"eta": 0.6761093784463089, "max_depth": 4.1122709705021645, "n_estimators": 10.548870154286334}, "datetime": {"datetime": "2021-09-29 14:13:02", "elapsed": 24.142221, "delta": 0.397001}}
{"target": -38.50595231629727, "params": {"eta": 0.20393952408455496, "max_depth": 2.2456830771907534, "n_estimators": 52.75050181839002}, "datetime": {"datetime": "2021-09-29 14:13:02", "elapsed": 24.573221, "delta": 0.431}}
{"target": -47.55116172490239, "params": {"eta": 0.7763554483129247, "max_depth": 3.054103891854232, "n_estimators": 51.71991584890796}, "datetime": {"datetime": "2021-09-29 14:13:03", "elapsed": 24.857859, "delta": 0.284638}}
{"target": -38.30443014961584, "params": {"eta": 1.0, "max_depth": 1.1186892876460626, "n_estimators": 15.233546508650416}, "datetime": {"datetime": "2021-09-29 14:13:03", "elapsed": 25.344593, "delta": 0.486734}}
{"target": -39.529148244725754, "params": {"eta": 1.0, "max_depth": 3.995570836423098, "n_estimators": 5.07714367233858}, "datetime": {"datetime": "2021-09-29 14:13:04", "elapsed": 25.738591, "delta": 0.393998}}
{"target": -48.51549337494841, "params": {"eta": 0.8788434800436316, "max_depth": 6.730243555974122, "n_estimators": 9.313135921576079}, "datetime": {"datetime": "2021-09-29 14:13:04", "elapsed": 26.135592, "delta": 0.397001}}
{"target": -39.72245347238753, "params": {"eta": 0.7066307248379365, "max_depth": 5.9641378760878325, "n_estimators": 11.657412990422218}, "datetime": {"datetime": "2021-09-29 14:13:04", "elapsed": 26.463593, "delta": 0.328001}}
{"target": -37.859538781980284, "params": {"eta": 0.028110845601528267, "max_depth": 12.531298198293543, "n_estimators": 39.52330015867737}, "datetime": {"datetime": "2021-09-29 14:13:05", "elapsed": 26.95359, "delta": 0.489997}}
{"target": -48.774810090286906, "params": {"eta": 0.9775882056065078, "max_depth": 11.685271318305615, "n_estimators": 38.79470114893629}, "datetime": {"datetime": "2021-09-29 14:13:05", "elapsed": 27.460633, "delta": 0.507043}}
{"target": -39.0218645356966, "params": {"eta": 0.2333326312439307, "max_depth": 13.187739362457577, "n_estimators": 41.00462082351208}, "datetime": {"datetime": "2021-09-29 14:13:06", "elapsed": 28.094632, "delta": 0.633999}}
{"target": -42.19672472523591, "params": {"eta": 0.3776017162958574, "max_depth": 13.923186558486666, "n_estimators": 39.1652532704629}, "datetime": {"datetime": "2021-09-29 14:13:06", "elapsed": 28.710634, "delta": 0.616002}}
{"target": -45.15095461804239, "params": {"eta": 0.7525210247533695, "max_depth": 11.82007298551503, "n_estimators": 41.40585948984861}, "datetime": {"datetime": "2021-09-29 14:13:07", "elapsed": 29.177634, "delta": 0.467}}
{"target": -39.452678377280684, "params": {"eta": 0.514237391721052, "max_depth": 14.9654707460411, "n_estimators": 40.94129695182822}, "datetime": {"datetime": "2021-09-29 14:13:08", "elapsed": 29.801634, "delta": 0.624}}
{"target": -80.76334299410743, "params": {"eta": 0.01, "max_depth": 2.0138473908034995, "n_estimators": 17.728766246226847}, "datetime": {"datetime": "2021-09-29 14:13:08", "elapsed": 30.169634, "delta": 0.368}}
{"target": -40.35629400084041, "params": {"eta": 0.2647287601304988, "max_depth": 22.50370838238, "n_estimators": 66.441129278}, "datetime": {"datetime": "2021-09-29 14:13:09", "elapsed": 30.958633, "delta": 0.788999}}
{"target": -40.98244761014263, "params": {"eta": 0.02684044068265331, "max_depth": 9.506346846534928, "n_estimators": 31.848374768365133}, "datetime": {"datetime": "2021-09-29 14:13:09", "elapsed": 31.310765, "delta": 0.352132}}
{"target": -36.79402691414243, "params": {"eta": 0.09538565865407699, "max_depth": 16.86897063554736, "n_estimators": 15.358118486659475}, "datetime": {"datetime": "2021-09-29 14:13:09", "elapsed": 31.66376, "delta": 0.352995}}
{"target": -41.30864279817636, "params": {"eta": 0.3361499837785282, "max_depth": 21.686991352613873, "n_estimators": 68.41225272862764}, "datetime": {"datetime": "2021-09-29 14:13:10", "elapsed": 32.305763, "delta": 0.642003}}
{"target": -48.998484303929814, "params": {"eta": 0.978187197848999, "max_depth": 5.3854002618699, "n_estimators": 12.835059932257124}, "datetime": {"datetime": "2021-09-29 14:13:10", "elapsed": 32.622767, "delta": 0.317004}}
{"target": -42.85881696511389, "params": {"eta": 0.41206771903818173, "max_depth": 3.89027209350671, "n_estimators": 18.419063548485315}, "datetime": {"datetime": "2021-09-29 14:13:11", "elapsed": 32.89176, "delta": 0.268993}}
{"target": -40.900948596491986, "params": {"eta": 0.19281516288622705, "max_depth": 26.994800471681227, "n_estimators": 52.66011267945463}, "datetime": {"datetime": "2021-09-29 14:13:11", "elapsed": 33.542081, "delta": 0.650321}}
{"target": -40.0931859640336, "params": {"eta": 0.22515531857742505, "max_depth": 9.170353360838725, "n_estimators": 29.75618999194702}, "datetime": {"datetime": "2021-09-29 14:13:12", "elapsed": 33.935083, "delta": 0.393002}}
{"target": -37.89440906703908, "params": {"eta": 0.1617843448934745, "max_depth": 1.4411652504276975, "n_estimators": 96.02611138660106}, "datetime": {"datetime": "2021-09-29 14:13:12", "elapsed": 34.279078, "delta": 0.343995}}
{"target": -40.56590854642295, "params": {"eta": 0.5106652399989584, "max_depth": 29.708515315286142, "n_estimators": 40.84234778162426}, "datetime": {"datetime": "2021-09-29 14:13:13", "elapsed": 34.821254, "delta": 0.542176}}
{"target": -47.33537710877523, "params": {"eta": 0.8240081510554695, "max_depth": 14.820667364882867, "n_estimators": 72.91878084533306}, "datetime": {"datetime": "2021-09-29 14:13:13", "elapsed": 35.351499, "delta": 0.530245}}
{"target": -40.59997912983247, "params": {"eta": 0.46375447112394214, "max_depth": 29.109166060958653, "n_estimators": 57.33536249931034}, "datetime": {"datetime": "2021-09-29 14:13:14", "elapsed": 35.892497, "delta": 0.540998}}
{"target": -40.34405411690224, "params": {"eta": 0.3992710156702644, "max_depth": 20.813116009712253, "n_estimators": 14.681304898796778}, "datetime": {"datetime": "2021-09-29 14:13:14", "elapsed": 36.296498, "delta": 0.404001}}
{"target": -84.0939744180969, "params": {"eta": 0.14312293915013025, "max_depth": 28.220490184521257, "n_estimators": 1.9376519871574442}, "datetime": {"datetime": "2021-09-29 14:13:14", "elapsed": 36.5595, "delta": 0.263002}}
{"target": -39.57107042631867, "params": {"eta": 0.32485834759462645, "max_depth": 24.37660546905683, "n_estimators": 63.1221799835731}, "datetime": {"datetime": "2021-09-29 14:13:15", "elapsed": 37.306681, "delta": 0.747181}}
{"target": -41.11857950094822, "params": {"eta": 0.18500601505244324, "max_depth": 7.0671876207169095, "n_estimators": 53.529442346663835}, "datetime": {"datetime": "2021-09-29 14:13:16", "elapsed": 37.74768, "delta": 0.440999}}
