{"target": -45.24521952464168, "params": {"eta": 0.4994815729547139, "max_depth": 1.1959093320569463, "n_estimators": 38.11081317544506}, "datetime": {"datetime": "2021-09-24 15:57:49", "elapsed": 110.276789, "delta": 1.512739}}
{"target": -44.82365873523224, "params": {"eta": 0.4968202576290528, "max_depth": 1.0118808533455446, "n_estimators": 24.466421249387334}, "datetime": {"datetime": "2021-09-24 15:57:51", "elapsed": 111.986821, "delta": 1.710032}}
{"target": -57.786474529065586, "params": {"eta": 0.030916967864025174, "max_depth": 1.0130589767883786, "n_estimators": 35.64777073671467}, "datetime": {"datetime": "2021-09-24 15:57:52", "elapsed": 113.18559, "delta": 1.198769}}
{"target": -50.52216058028372, "params": {"eta": 0.03504453734247657, "max_depth": 2.692452094826935, "n_estimators": 42.15912199419977}, "datetime": {"datetime": "2021-09-24 15:57:53", "elapsed": 114.524301, "delta": 1.338711}}
{"target": -47.338090251262926, "params": {"eta": 0.483834203335485, "max_depth": 3.8317325976006846, "n_estimators": 16.67401483340481}, "datetime": {"datetime": "2021-09-24 15:57:54", "elapsed": 115.586046, "delta": 1.061745}}
{"target": -45.134811257957516, "params": {"eta": 0.5, "max_depth": 1.0, "n_estimators": 46.58716070541945}, "datetime": {"datetime": "2021-09-24 15:57:55", "elapsed": 116.917857, "delta": 1.331811}}
{"target": -46.28379098992599, "params": {"eta": 0.4725205288376844, "max_depth": 3.533504447123871, "n_estimators": 6.829832138525866}, "datetime": {"datetime": "2021-09-24 15:57:56", "elapsed": 117.86762, "delta": 0.949763}}
{"target": -44.6249913093739, "params": {"eta": 0.09330223321823056, "max_depth": 3.663376360841352, "n_estimators": 49.705023486415435}, "datetime": {"datetime": "2021-09-24 15:57:57", "elapsed": 118.838199, "delta": 0.970579}}
{"target": -68.0006650766932, "params": {"eta": 0.020339071437872697, "max_depth": 3.459080790070942, "n_estimators": 40.485206246937324}, "datetime": {"datetime": "2021-09-24 15:57:58", "elapsed": 119.711075, "delta": 0.872876}}
{"target": -45.14747427459946, "params": {"eta": 0.5, "max_depth": 1.0, "n_estimators": 44.1309608557556}, "datetime": {"datetime": "2021-09-24 15:57:59", "elapsed": 120.631175, "delta": 0.9201}}
{"target": -134.59357945721848, "params": {"eta": 0.016803576406721643, "max_depth": 3.9838305603626027, "n_estimators": 5.256211689861613}, "datetime": {"datetime": "2021-09-24 15:58:00", "elapsed": 121.365915, "delta": 0.73474}}
{"target": -45.90596748294687, "params": {"eta": 0.4862913746777186, "max_depth": 2.643940901059998, "n_estimators": 33.56717554140259}, "datetime": {"datetime": "2021-09-24 15:58:02", "elapsed": 123.029744, "delta": 1.663829}}
{"target": -49.95214932663996, "params": {"eta": 0.5, "max_depth": 3.437476086149243, "n_estimators": 34.071787603288165}, "datetime": {"datetime": "2021-09-24 15:58:03", "elapsed": 124.161768, "delta": 1.132024}}
{"target": -44.29572800944622, "params": {"eta": 0.17609863434206063, "max_depth": 2.263014911701209, "n_estimators": 18.79376183573708}, "datetime": {"datetime": "2021-09-24 15:58:03", "elapsed": 124.960767, "delta": 0.798999}}
{"target": -44.964225482223625, "params": {"eta": 0.4668869852401458, "max_depth": 1.765848784440478, "n_estimators": 19.137350998190353}, "datetime": {"datetime": "2021-09-24 15:58:05", "elapsed": 126.188917, "delta": 1.22815}}
{"target": -46.11249003015963, "params": {"eta": 0.45020802246359504, "max_depth": 3.275997576695569, "n_estimators": 10.454280952530665}, "datetime": {"datetime": "2021-09-24 15:58:06", "elapsed": 127.245252, "delta": 1.056335}}
{"target": -44.47317556510294, "params": {"eta": 0.3976950957211643, "max_depth": 3.5042684400735444, "n_estimators": 8.501579576331796}, "datetime": {"datetime": "2021-09-24 15:58:07", "elapsed": 128.36687, "delta": 1.121618}}
{"target": -47.65853924858839, "params": {"eta": 0.18583167632354805, "max_depth": 3.259967279627067, "n_estimators": 9.425349831185244}, "datetime": {"datetime": "2021-09-24 15:58:08", "elapsed": 129.324277, "delta": 0.957407}}
{"target": -70.48802887765984, "params": {"eta": 0.17086471115411725, "max_depth": 2.6722060501749447, "n_estimators": 4.486006030326448}, "datetime": {"datetime": "2021-09-24 15:58:09", "elapsed": 130.000257, "delta": 0.67598}}
{"target": -54.21898094693521, "params": {"eta": 0.07281055951758053, "max_depth": 1.14394357429001, "n_estimators": 17.24072614547084}, "datetime": {"datetime": "2021-09-24 15:58:09", "elapsed": 130.805025, "delta": 0.804768}}
{"target": -46.68950480984566, "params": {"eta": 0.4191811915329205, "max_depth": 2.707573245354375, "n_estimators": 8.661165951035747}, "datetime": {"datetime": "2021-09-24 15:58:10", "elapsed": 131.750553, "delta": 0.945528}}
{"target": -55.24809095913306, "params": {"eta": 0.1475923549255021, "max_depth": 4.400973966128965, "n_estimators": 8.638554548202261}, "datetime": {"datetime": "2021-09-24 15:58:11", "elapsed": 132.690318, "delta": 0.939765}}
{"target": -50.93771411063976, "params": {"eta": 0.5, "max_depth": 5.0, "n_estimators": 15.154480417036554}, "datetime": {"datetime": "2021-09-24 15:58:12", "elapsed": 133.569139, "delta": 0.878821}}
{"target": -47.32553496396631, "params": {"eta": 0.4834825020758036, "max_depth": 3.242186386691951, "n_estimators": 12.291865162770955}, "datetime": {"datetime": "2021-09-24 15:58:13", "elapsed": 134.309865, "delta": 0.740726}}
{"target": -46.02118080540707, "params": {"eta": 0.0666658012514959, "max_depth": 4.941889483475734, "n_estimators": 34.88325052904391}, "datetime": {"datetime": "2021-09-24 15:58:14", "elapsed": 135.385703, "delta": 1.075838}}
{"target": -45.465510662336996, "params": {"eta": 0.5, "max_depth": 1.0, "n_estimators": 6.307526213863785}, "datetime": {"datetime": "2021-09-24 15:58:15", "elapsed": 136.518154, "delta": 1.132451}}
{"target": -121.62712758286555, "params": {"eta": 0.01, "max_depth": 4.117179508485981, "n_estimators": 19.037173827914334}, "datetime": {"datetime": "2021-09-24 15:58:16", "elapsed": 137.417769, "delta": 0.899615}}
{"target": -47.75281590626652, "params": {"eta": 0.4900560750858947, "max_depth": 4.102847612595336, "n_estimators": 14.816633043089833}, "datetime": {"datetime": "2021-09-24 15:58:17", "elapsed": 138.091542, "delta": 0.673773}}
{"target": -67.15473421713463, "params": {"eta": 0.05816475251884001, "max_depth": 3.8391572207388935, "n_estimators": 14.56083703531128}, "datetime": {"datetime": "2021-09-24 15:58:18", "elapsed": 139.094745, "delta": 1.003203}}
{"target": -123.20480560360099, "params": {"eta": 0.023859725969344457, "max_depth": 2.8948346664287214, "n_estimators": 7.103794419823286}, "datetime": {"datetime": "2021-09-24 15:58:19", "elapsed": 140.361825, "delta": 1.26708}}
{"target": -52.53434793572677, "params": {"eta": 0.16295702088705266, "max_depth": 4.213456007162292, "n_estimators": 8.455576765502137}, "datetime": {"datetime": "2021-09-24 15:58:19", "elapsed": 140.982824, "delta": 0.620999}}
{"target": -46.3868292041291, "params": {"eta": 0.43835155796084846, "max_depth": 3.680435741974939, "n_estimators": 7.735849143971243}, "datetime": {"datetime": "2021-09-24 15:58:20", "elapsed": 141.893143, "delta": 0.910319}}
{"target": -46.34091048850153, "params": {"eta": 0.09677043216012474, "max_depth": 2.3937154784499457, "n_estimators": 20.430941801232176}, "datetime": {"datetime": "2021-09-24 15:58:21", "elapsed": 142.655698, "delta": 0.762555}}
{"target": -46.35979811589521, "params": {"eta": 0.26929491681067275, "max_depth": 3.0566450998961576, "n_estimators": 8.06747160820643}, "datetime": {"datetime": "2021-09-24 15:58:22", "elapsed": 143.746525, "delta": 1.090827}}
{"target": -82.5724492754255, "params": {"eta": 0.027520921650006115, "max_depth": 1.357876495980682, "n_estimators": 20.04084487258203}, "datetime": {"datetime": "2021-09-24 15:58:24", "elapsed": 145.026398, "delta": 1.279873}}
{"target": -46.76754961515728, "params": {"eta": 0.0942790144269043, "max_depth": 2.399926615345214, "n_estimators": 19.37126381316125}, "datetime": {"datetime": "2021-09-24 15:58:25", "elapsed": 146.070365, "delta": 1.043967}}
{"target": -56.02310536320048, "params": {"eta": 0.03162930230683164, "max_depth": 1.6714406372569601, "n_estimators": 37.59628414671436}, "datetime": {"datetime": "2021-09-24 15:58:26", "elapsed": 147.222359, "delta": 1.151994}}
{"target": -47.31790310278871, "params": {"eta": 0.4527222731242999, "max_depth": 2.4671273724343616, "n_estimators": 28.80386827408186}, "datetime": {"datetime": "2021-09-24 15:58:27", "elapsed": 148.192862, "delta": 0.970503}}
{"target": -51.743907727693255, "params": {"eta": 0.03280884055484964, "max_depth": 1.5004586137929912, "n_estimators": 45.34695093451435}, "datetime": {"datetime": "2021-09-24 15:58:28", "elapsed": 149.116861, "delta": 0.923999}}
{"target": -48.57096076907968, "params": {"eta": 0.44728026639874213, "max_depth": 2.6734011160913838, "n_estimators": 39.45748426115338}, "datetime": {"datetime": "2021-09-24 15:58:29", "elapsed": 150.092792, "delta": 0.975931}}
{"target": -57.218043908140714, "params": {"eta": 0.03465330104242385, "max_depth": 1.400963811531169, "n_estimators": 32.68993545932612}, "datetime": {"datetime": "2021-09-24 15:58:30", "elapsed": 151.558125, "delta": 1.465333}}
{"target": -46.756629829119916, "params": {"eta": 0.047665728426668705, "max_depth": 3.206429481393618, "n_estimators": 37.05049002866125}, "datetime": {"datetime": "2021-09-24 15:58:32", "elapsed": 153.126122, "delta": 1.567997}}
{"target": -47.53389946500162, "params": {"eta": 0.49235332316567987, "max_depth": 2.6704504310446837, "n_estimators": 33.55237882671184}, "datetime": {"datetime": "2021-09-24 15:58:33", "elapsed": 154.135203, "delta": 1.009081}}
{"target": -45.85177549204432, "params": {"eta": 0.04908051466339917, "max_depth": 2.6986223596258023, "n_estimators": 42.15368355609069}, "datetime": {"datetime": "2021-09-24 15:58:34", "elapsed": 155.032206, "delta": 0.897003}}
{"target": -44.82146050876245, "params": {"eta": 0.3371130880201289, "max_depth": 2.8342668129586372, "n_estimators": 42.02662720846031}, "datetime": {"datetime": "2021-09-24 15:58:35", "elapsed": 156.770082, "delta": 1.737876}}
{"target": -43.71329099612129, "params": {"eta": 0.41401787978108195, "max_depth": 1.9679451501146712, "n_estimators": 42.02686275512474}, "datetime": {"datetime": "2021-09-24 15:58:37", "elapsed": 158.011254, "delta": 1.241172}}
{"target": -45.18171146937779, "params": {"eta": 0.3555684294889942, "max_depth": 2.5127858725519165, "n_estimators": 42.21488300874359}, "datetime": {"datetime": "2021-09-24 15:58:38", "elapsed": 159.75841, "delta": 1.747156}}
{"target": -44.62127215163152, "params": {"eta": 0.27606198293126677, "max_depth": 2.210599895604971, "n_estimators": 33.40223162787697}, "datetime": {"datetime": "2021-09-24 15:58:40", "elapsed": 161.141772, "delta": 1.383362}}
{"target": -44.70933300391176, "params": {"eta": 0.4739045683130564, "max_depth": 1.6412977954991899, "n_estimators": 46.11469809556227}, "datetime": {"datetime": "2021-09-24 15:58:41", "elapsed": 162.391284, "delta": 1.249512}}
{"target": -45.66292032801119, "params": {"eta": 0.07614588162376826, "max_depth": 1.2251031870198297, "n_estimators": 45.243579078279744}, "datetime": {"datetime": "2021-09-24 15:58:42", "elapsed": 163.081285, "delta": 0.690001}}
{"target": -65.62598465080548, "params": {"eta": 0.0443462444547468, "max_depth": 4.899384038990448, "n_estimators": 20.824756875311408}, "datetime": {"datetime": "2021-09-24 15:58:42", "elapsed": 163.748116, "delta": 0.666831}}
{"target": -44.913408437169586, "params": {"eta": 0.13738176394065843, "max_depth": 1.8634618036732062, "n_estimators": 31.123598862049732}, "datetime": {"datetime": "2021-09-24 15:58:43", "elapsed": 164.62138, "delta": 0.873264}}
{"target": -44.67833193441979, "params": {"eta": 0.47777781463271085, "max_depth": 1.4893338626418928, "n_estimators": 42.416603169150676}, "datetime": {"datetime": "2021-09-24 15:58:44", "elapsed": 165.912349, "delta": 1.290969}}
{"target": -45.28560179516785, "params": {"eta": 0.5, "max_depth": 1.444535959406981, "n_estimators": 43.763570001913074}, "datetime": {"datetime": "2021-09-24 15:58:45", "elapsed": 166.974231, "delta": 1.061882}}
{"target": -122.07917059991593, "params": {"eta": 0.03495040122632089, "max_depth": 2.2080603993785615, "n_estimators": 5.9414047270262484}, "datetime": {"datetime": "2021-09-24 15:58:46", "elapsed": 167.668211, "delta": 0.69398}}
{"target": -43.9780128880551, "params": {"eta": 0.10117666633292194, "max_depth": 2.6581344481662343, "n_estimators": 41.71959260382388}, "datetime": {"datetime": "2021-09-24 15:58:47", "elapsed": 168.931032, "delta": 1.262821}}
{"target": -44.67687259760118, "params": {"eta": 0.06668591393785522, "max_depth": 2.380897929943223, "n_estimators": 39.904345737798195}, "datetime": {"datetime": "2021-09-24 15:58:49", "elapsed": 170.226335, "delta": 1.295303}}
{"target": -44.57610295231181, "params": {"eta": 0.4782829534815615, "max_depth": 3.2447408603465178, "n_estimators": 12.29214028901723}, "datetime": {"datetime": "2021-09-24 15:58:50", "elapsed": 171.439586, "delta": 1.213251}}
{"target": -46.647788886737104, "params": {"eta": 0.28009560298521086, "max_depth": 3.3505564505220664, "n_estimators": 12.302001894416064}, "datetime": {"datetime": "2021-09-24 15:58:51", "elapsed": 172.806316, "delta": 1.36673}}
{"target": -44.25317050102062, "params": {"eta": 0.20200872372827408, "max_depth": 2.6226557888829083, "n_estimators": 41.991536571520925}, "datetime": {"datetime": "2021-09-24 15:58:53", "elapsed": 174.540267, "delta": 1.733951}}
{"target": -46.90250279132585, "params": {"eta": 0.447829624197832, "max_depth": 3.4428354186749464, "n_estimators": 12.180935630022393}, "datetime": {"datetime": "2021-09-24 15:58:55", "elapsed": 176.668267, "delta": 2.128}}
{"target": -45.01284316787146, "params": {"eta": 0.2347324199204021, "max_depth": 2.8003704046952897, "n_estimators": 42.26097414669197}, "datetime": {"datetime": "2021-09-24 15:58:57", "elapsed": 178.572319, "delta": 1.904052}}
{"target": -43.62358598063763, "params": {"eta": 0.374189508903947, "max_depth": 1.36293841326087, "n_estimators": 46.28722743207167}, "datetime": {"datetime": "2021-09-24 15:58:59", "elapsed": 180.504323, "delta": 1.932004}}
{"target": -43.4133924900141, "params": {"eta": 0.24159240100464904, "max_depth": 1.4990301651614657, "n_estimators": 42.120727443624176}, "datetime": {"datetime": "2021-09-24 15:59:01", "elapsed": 182.435318, "delta": 1.930995}}
{"target": -44.06466020856585, "params": {"eta": 0.08272718226784154, "max_depth": 2.8594687004223913, "n_estimators": 41.963762499819865}, "datetime": {"datetime": "2021-09-24 15:59:03", "elapsed": 184.239383, "delta": 1.804065}}
{"target": -46.77694558738766, "params": {"eta": 0.29947168599623003, "max_depth": 3.13963804801132, "n_estimators": 12.236041407944413}, "datetime": {"datetime": "2021-09-24 15:59:04", "elapsed": 185.696117, "delta": 1.456734}}
{"target": -44.296052172668, "params": {"eta": 0.11088026155194784, "max_depth": 3.4888844193901325, "n_estimators": 40.383533456057435}, "datetime": {"datetime": "2021-09-24 15:59:05", "elapsed": 186.50137, "delta": 0.805253}}
{"target": -45.091183626562135, "params": {"eta": 0.3878578572778844, "max_depth": 3.2848806257144885, "n_estimators": 12.488270189628672}, "datetime": {"datetime": "2021-09-24 15:59:07", "elapsed": 188.616611, "delta": 2.115241}}
{"target": -43.0209499731996, "params": {"eta": 0.36237054834681015, "max_depth": 1.72976479124606, "n_estimators": 42.174325991014065}, "datetime": {"datetime": "2021-09-24 15:59:09", "elapsed": 190.055606, "delta": 1.438995}}
{"target": -44.71946481116732, "params": {"eta": 0.11046628855514042, "max_depth": 1.820673081559705, "n_estimators": 42.01993889396388}, "datetime": {"datetime": "2021-09-24 15:59:10", "elapsed": 191.689031, "delta": 1.633425}}
{"target": -45.65850342485241, "params": {"eta": 0.09250637341242152, "max_depth": 2.4924395808656294, "n_estimators": 23.398026827827398}, "datetime": {"datetime": "2021-09-24 15:59:11", "elapsed": 192.397466, "delta": 0.708435}}
{"target": -49.99660798840057, "params": {"eta": 0.3468179960211202, "max_depth": 3.560705004699196, "n_estimators": 40.194132051701615}, "datetime": {"datetime": "2021-09-24 15:59:12", "elapsed": 193.699523, "delta": 1.302057}}
{"target": -45.51779539065254, "params": {"eta": 0.06736597234639427, "max_depth": 4.104425094393076, "n_estimators": 38.6389351497419}, "datetime": {"datetime": "2021-09-24 15:59:13", "elapsed": 194.539524, "delta": 0.840001}}
{"target": -43.964244813847365, "params": {"eta": 0.43003971578036215, "max_depth": 1.8881630187035694, "n_estimators": 33.408819853177185}, "datetime": {"datetime": "2021-09-24 15:59:14", "elapsed": 195.967138, "delta": 1.427614}}
{"target": -43.345659356368216, "params": {"eta": 0.37153609934177934, "max_depth": 1.2166067741110878, "n_estimators": 24.19876913888362}, "datetime": {"datetime": "2021-09-24 15:59:16", "elapsed": 197.804535, "delta": 1.837397}}
{"target": -44.231459940286506, "params": {"eta": 0.21610065079245247, "max_depth": 1.2176789609209169, "n_estimators": 24.50757770175032}, "datetime": {"datetime": "2021-09-24 15:59:18", "elapsed": 199.194416, "delta": 1.389881}}
{"target": -44.06751819123003, "params": {"eta": 0.12340142783692087, "max_depth": 2.268615269199919, "n_estimators": 34.55037039725935}, "datetime": {"datetime": "2021-09-24 15:59:18", "elapsed": 199.931215, "delta": 0.736799}}
{"target": -44.59560615138004, "params": {"eta": 0.24282630729930627, "max_depth": 2.2231808212339526, "n_estimators": 39.63685691998268}, "datetime": {"datetime": "2021-09-24 15:59:20", "elapsed": 201.416867, "delta": 1.485652}}
{"target": -43.99019726057698, "params": {"eta": 0.1983496089023608, "max_depth": 1.4493931793431112, "n_estimators": 41.719146499955215}, "datetime": {"datetime": "2021-09-24 15:59:21", "elapsed": 202.741077, "delta": 1.32421}}
{"target": -44.820339030789256, "params": {"eta": 0.495720600761536, "max_depth": 1.384915749997726, "n_estimators": 24.472328204551243}, "datetime": {"datetime": "2021-09-24 15:59:23", "elapsed": 204.14149, "delta": 1.400413}}
{"target": -46.81279028985733, "params": {"eta": 0.5, "max_depth": 2.1509955442193447, "n_estimators": 33.66084909848596}, "datetime": {"datetime": "2021-09-24 15:59:24", "elapsed": 205.950857, "delta": 1.809367}}
{"target": -44.868919515968265, "params": {"eta": 0.4734488026719952, "max_depth": 1.6947817970548416, "n_estimators": 41.66556839301338}, "datetime": {"datetime": "2021-09-24 15:59:26", "elapsed": 207.388769, "delta": 1.437912}}
{"target": -44.6913995671093, "params": {"eta": 0.07532689131426257, "max_depth": 4.249821525580709, "n_estimators": 40.40690716500742}, "datetime": {"datetime": "2021-09-24 15:59:27", "elapsed": 208.254408, "delta": 0.865639}}
{"target": -44.05880447617151, "params": {"eta": 0.31743070769536474, "max_depth": 1.5599582210537466, "n_estimators": 45.812655324388984}, "datetime": {"datetime": "2021-09-24 15:59:28", "elapsed": 209.904164, "delta": 1.649756}}
{"target": -64.96889108643497, "params": {"eta": 0.10991070584818732, "max_depth": 4.616009254953695, "n_estimators": 8.220746292992853}, "datetime": {"datetime": "2021-09-24 15:59:29", "elapsed": 210.700534, "delta": 0.79637}}
{"target": -43.88940114186222, "params": {"eta": 0.1535721276055692, "max_depth": 1.6473161389860511, "n_estimators": 46.16810600956907}, "datetime": {"datetime": "2021-09-24 15:59:31", "elapsed": 212.378859, "delta": 1.678325}}
{"target": -44.15029964590431, "params": {"eta": 0.0873297335169964, "max_depth": 2.689740443594963, "n_estimators": 39.64740171064311}, "datetime": {"datetime": "2021-09-24 15:59:33", "elapsed": 214.808944, "delta": 2.430085}}
{"target": -44.03442279557537, "params": {"eta": 0.2770712546192761, "max_depth": 1.3460868411333742, "n_estimators": 23.240413306192806}, "datetime": {"datetime": "2021-09-24 15:59:34", "elapsed": 215.746442, "delta": 0.937498}}
{"target": -44.7870191416346, "params": {"eta": 0.49045034436433116, "max_depth": 2.896184903929846, "n_estimators": 6.9992596536660985}, "datetime": {"datetime": "2021-09-24 15:59:35", "elapsed": 216.647985, "delta": 0.901543}}
{"target": -47.973109051697236, "params": {"eta": 0.39493018413099945, "max_depth": 2.4709837034624518, "n_estimators": 39.82582762037131}, "datetime": {"datetime": "2021-09-24 15:59:37", "elapsed": 218.721858, "delta": 2.073873}}
{"target": -44.22681100027902, "params": {"eta": 0.19666337792196534, "max_depth": 1.8369416395895475, "n_estimators": 39.66483450773275}, "datetime": {"datetime": "2021-09-24 15:59:39", "elapsed": 220.806195, "delta": 2.084337}}
{"target": -44.27710987750749, "params": {"eta": 0.29725184412281114, "max_depth": 2.034147937854613, "n_estimators": 19.353481191500975}, "datetime": {"datetime": "2021-09-24 15:59:42", "elapsed": 223.214811, "delta": 2.408616}}
{"target": -43.83269606855579, "params": {"eta": 0.4045030089696789, "max_depth": 1.3674721175607538, "n_estimators": 44.123479331816384}, "datetime": {"datetime": "2021-09-24 15:59:43", "elapsed": 224.958058, "delta": 1.743247}}
{"target": -43.94980311573, "params": {"eta": 0.31410907743545435, "max_depth": 1.3134575289395864, "n_estimators": 43.435330077996994}, "datetime": {"datetime": "2021-09-24 15:59:46", "elapsed": 227.032299, "delta": 2.074241}}
{"target": -43.95038025361255, "params": {"eta": 0.41986644163416764, "max_depth": 1.1480976203563027, "n_estimators": 43.77405547277054}, "datetime": {"datetime": "2021-09-24 15:59:47", "elapsed": 228.357071, "delta": 1.324772}}
{"target": -43.555370933131165, "params": {"eta": 0.3989131970572734, "max_depth": 1.3833477160287768, "n_estimators": 42.88040082261394}, "datetime": {"datetime": "2021-09-24 15:59:48", "elapsed": 229.748284, "delta": 1.391213}}
