{"target": -42.628392221865916, "params": {"eta": 0.6365725742202544, "max_depth": 25.229846529041872, "n_estimators": 15.104816427627929}, "datetime": {"datetime": "2021-09-28 16:32:22", "elapsed": 281.520557, "delta": 1.646193}}
{"target": -43.63305055350995, "params": {"eta": 0.5735777473207896, "max_depth": 14.26061773205414, "n_estimators": 36.18499868534769}, "datetime": {"datetime": "2021-09-28 16:32:24", "elapsed": 283.600557, "delta": 2.08}}
{"target": -41.847934285148725, "params": {"eta": 0.195809809734789, "max_depth": 6.863216933984509, "n_estimators": 4.303501033263032}, "datetime": {"datetime": "2021-09-28 16:32:25", "elapsed": 284.869879, "delta": 1.269322}}
{"target": -39.38849512942873, "params": {"eta": 0.364603495862235, "max_depth": 5.10290254450953, "n_estimators": 21.980468960839822}, "datetime": {"datetime": "2021-09-28 16:32:27", "elapsed": 286.602879, "delta": 1.733}}
{"target": -35.55339697936391, "params": {"eta": 0.269949454223437, "max_depth": 6.297906147806813, "n_estimators": 9.061240235618715}, "datetime": {"datetime": "2021-09-28 16:32:28", "elapsed": 288.112607, "delta": 1.509728}}
{"target": -51.269659942621495, "params": {"eta": 0.9757634097649236, "max_depth": 9.058609368116215, "n_estimators": 5.653040045465872}, "datetime": {"datetime": "2021-09-28 16:32:29", "elapsed": 289.418425, "delta": 1.305818}}
{"target": -46.63630891606904, "params": {"eta": 0.5365514691848485, "max_depth": 10.726036195962893, "n_estimators": 1.2393325325917606}, "datetime": {"datetime": "2021-09-28 16:32:31", "elapsed": 290.747666, "delta": 1.329241}}
{"target": -40.748192339171034, "params": {"eta": 0.10247127737214859, "max_depth": 6.341607039810233, "n_estimators": 9.206699919184407}, "datetime": {"datetime": "2021-09-28 16:32:33", "elapsed": 292.51967, "delta": 1.772004}}
{"target": -37.43654519382835, "params": {"eta": 0.34406407263494954, "max_depth": 6.44630289717287, "n_estimators": 8.745959381562038}, "datetime": {"datetime": "2021-09-28 16:32:35", "elapsed": 294.718491, "delta": 2.198821}}
{"target": -40.45607324811989, "params": {"eta": 0.11780537605920653, "max_depth": 27.499183406984752, "n_estimators": 8.129680468700613}, "datetime": {"datetime": "2021-09-28 16:32:37", "elapsed": 296.70857, "delta": 1.990079}}
{"target": -41.049887012224715, "params": {"eta": 0.6724520043240088, "max_depth": 25.804190920055056, "n_estimators": 27.078883234058736}, "datetime": {"datetime": "2021-09-28 16:32:38", "elapsed": 298.481765, "delta": 1.773195}}
{"target": -39.268423059057014, "params": {"eta": 0.5365375070788196, "max_depth": 4.836702348029142, "n_estimators": 4.557399278479553}, "datetime": {"datetime": "2021-09-28 16:32:40", "elapsed": 299.956241, "delta": 1.474476}}
{"target": -42.63036086573402, "params": {"eta": 0.53141327136415, "max_depth": 19.936835318242302, "n_estimators": 22.47387726899003}, "datetime": {"datetime": "2021-09-28 16:32:42", "elapsed": 302.249836, "delta": 2.293595}}
{"target": -39.50398022284568, "params": {"eta": 0.37945503126183683, "max_depth": 23.561099449259054, "n_estimators": 9.904690130962894}, "datetime": {"datetime": "2021-09-28 16:32:44", "elapsed": 303.708202, "delta": 1.458366}}
{"target": -38.083580277814775, "params": {"eta": 0.028139985949309505, "max_depth": 21.943881549449934, "n_estimators": 43.572684806715884}, "datetime": {"datetime": "2021-09-28 16:32:46", "elapsed": 305.804829, "delta": 2.096627}}
{"target": -46.522370267105025, "params": {"eta": 0.9017028610373183, "max_depth": 7.758546864030489, "n_estimators": 14.3993454468298}, "datetime": {"datetime": "2021-09-28 16:32:47", "elapsed": 307.462717, "delta": 1.657888}}
{"target": -44.97885869027945, "params": {"eta": 0.6761019105950421, "max_depth": 8.30129025510411, "n_estimators": 13.355382628128542}, "datetime": {"datetime": "2021-09-28 16:32:49", "elapsed": 309.202244, "delta": 1.739527}}
{"target": -40.61810996306189, "params": {"eta": 0.7096355814388987, "max_depth": 24.063673594469588, "n_estimators": 44.966278147782596}, "datetime": {"datetime": "2021-09-28 16:32:51", "elapsed": 310.858848, "delta": 1.656604}}
{"target": -39.968263655703495, "params": {"eta": 0.5812327198011089, "max_depth": 6.214457122414634, "n_estimators": 9.333902774844917}, "datetime": {"datetime": "2021-09-28 16:32:53", "elapsed": 312.626367, "delta": 1.767519}}
{"target": -37.78443687188201, "params": {"eta": 0.36447779151662, "max_depth": 24.888889180906762, "n_estimators": 40.401596763832444}, "datetime": {"datetime": "2021-09-28 16:32:55", "elapsed": 314.984417, "delta": 2.35805}}
{"target": -41.01160996374117, "params": {"eta": 0.7154447257918679, "max_depth": 4.730887230200631, "n_estimators": 10.9450895824999}, "datetime": {"datetime": "2021-09-28 16:32:56", "elapsed": 316.431573, "delta": 1.447156}}
{"target": -40.716878750275995, "params": {"eta": 0.5296825055172636, "max_depth": 24.626206910738105, "n_estimators": 5.265365916919423}, "datetime": {"datetime": "2021-09-28 16:32:58", "elapsed": 317.946568, "delta": 1.514995}}
{"target": -41.86006438155502, "params": {"eta": 0.22527868960887784, "max_depth": 5.106729972873552, "n_estimators": 31.269492842289754}, "datetime": {"datetime": "2021-09-28 16:33:00", "elapsed": 319.96751, "delta": 2.020942}}
{"target": -57.52979166671355, "params": {"eta": 0.14911393005381393, "max_depth": 6.714153788865804, "n_estimators": 3.348611247447459}, "datetime": {"datetime": "2021-09-28 16:33:02", "elapsed": 321.5696, "delta": 1.60209}}
{"target": -40.124265037283564, "params": {"eta": 0.46334755224068375, "max_depth": 2.2269959974688236, "n_estimators": 17.220619856510094}, "datetime": {"datetime": "2021-09-28 16:33:04", "elapsed": 324.252777, "delta": 2.683177}}
{"target": -53.90670951123225, "params": {"eta": 0.9992535529935419, "max_depth": 8.077633555978684, "n_estimators": 34.82067025871352}, "datetime": {"datetime": "2021-09-28 16:33:06", "elapsed": 325.73728, "delta": 1.484503}}
{"target": -42.78600477101687, "params": {"eta": 0.45453030605208816, "max_depth": 10.570774309896084, "n_estimators": 28.362068969718703}, "datetime": {"datetime": "2021-09-28 16:33:08", "elapsed": 327.521144, "delta": 1.783864}}
{"target": -45.21130814629236, "params": {"eta": 0.7439135950143968, "max_depth": 27.365757388830243, "n_estimators": 49.67953460247491}, "datetime": {"datetime": "2021-09-28 16:33:09", "elapsed": 329.430146, "delta": 1.909002}}
{"target": -46.48100990339368, "params": {"eta": 0.9260055759804199, "max_depth": 23.534053313283007, "n_estimators": 30.637548273624333}, "datetime": {"datetime": "2021-09-28 16:33:11", "elapsed": 331.246122, "delta": 1.815976}}
{"target": -39.21063083673084, "params": {"eta": 0.20828497272190868, "max_depth": 21.85559166430798, "n_estimators": 15.131624777635782}, "datetime": {"datetime": "2021-09-28 16:33:13", "elapsed": 333.071122, "delta": 1.825}}
{"target": -41.50685482732599, "params": {"eta": 0.43509535914986347, "max_depth": 23.61802026289897, "n_estimators": 45.30933059646491}, "datetime": {"datetime": "2021-09-28 16:33:15", "elapsed": 335.157785, "delta": 2.086663}}
{"target": -62.49261028264526, "params": {"eta": 0.04999631341835741, "max_depth": 6.032631929085555, "n_estimators": 8.842006571413547}, "datetime": {"datetime": "2021-09-28 16:33:17", "elapsed": 337.417137, "delta": 2.259352}}
{"target": -41.03289918986948, "params": {"eta": 0.5208224001072435, "max_depth": 27.27060468046922, "n_estimators": 8.110856665933548}, "datetime": {"datetime": "2021-09-28 16:33:20", "elapsed": 340.254663, "delta": 2.837526}}
{"target": -44.55987750931533, "params": {"eta": 0.6029008745545145, "max_depth": 9.10169297152052, "n_estimators": 41.98277619632689}, "datetime": {"datetime": "2021-09-28 16:33:23", "elapsed": 342.672457, "delta": 2.417794}}
{"target": -38.35658077287082, "params": {"eta": 0.06772134121192469, "max_depth": 14.357284629261468, "n_estimators": 21.786032719856898}, "datetime": {"datetime": "2021-09-28 16:33:24", "elapsed": 344.474226, "delta": 1.801769}}
{"target": -38.941795540289874, "params": {"eta": 0.1779080396896654, "max_depth": 24.88072984291585, "n_estimators": 18.728224947335736}, "datetime": {"datetime": "2021-09-28 16:33:26", "elapsed": 345.874413, "delta": 1.400187}}
{"target": -40.897027561890084, "params": {"eta": 0.6957113326410873, "max_depth": 16.49576290706498, "n_estimators": 34.258565946000495}, "datetime": {"datetime": "2021-09-28 16:33:28", "elapsed": 347.840358, "delta": 1.965945}}
{"target": -54.06751547480065, "params": {"eta": 0.9709788969491906, "max_depth": 25.382689294963978, "n_estimators": 15.873043379475252}, "datetime": {"datetime": "2021-09-28 16:33:29", "elapsed": 349.478832, "delta": 1.638474}}
{"target": -41.02241660314893, "params": {"eta": 0.5927634281787196, "max_depth": 6.540449512947356, "n_estimators": 8.982154042453484}, "datetime": {"datetime": "2021-09-28 16:33:32", "elapsed": 351.64192, "delta": 2.163088}}
{"target": -40.43673206390373, "params": {"eta": 0.38622415801986465, "max_depth": 3.286863976023166, "n_estimators": 35.25648772871717}, "datetime": {"datetime": "2021-09-28 16:33:33", "elapsed": 353.147923, "delta": 1.506003}}
{"target": -37.57474161689029, "params": {"eta": 0.034828099840984686, "max_depth": 20.317777765022033, "n_estimators": 49.83515950224453}, "datetime": {"datetime": "2021-09-28 16:33:35", "elapsed": 354.91458, "delta": 1.766657}}
{"target": -44.44353761984016, "params": {"eta": 0.050569731224602676, "max_depth": 6.813832789864003, "n_estimators": 15.200794136197386}, "datetime": {"datetime": "2021-09-28 16:33:37", "elapsed": 356.892927, "delta": 1.978347}}
{"target": -37.065795701536345, "params": {"eta": 0.030730024564694883, "max_depth": 7.781823610303142, "n_estimators": 40.57594177086798}, "datetime": {"datetime": "2021-09-28 16:33:39", "elapsed": 358.688639, "delta": 1.795712}}
{"target": -39.37377757446484, "params": {"eta": 0.22463253617765627, "max_depth": 5.949431006056501, "n_estimators": 4.245181092890999}, "datetime": {"datetime": "2021-09-28 16:33:41", "elapsed": 361.196654, "delta": 2.508015}}
{"target": -41.68180085547958, "params": {"eta": 0.4944455163353437, "max_depth": 26.170707899872387, "n_estimators": 39.37874713115608}, "datetime": {"datetime": "2021-09-28 16:33:43", "elapsed": 362.90756, "delta": 1.710906}}
{"target": -40.095031053748315, "params": {"eta": 0.25645133681341853, "max_depth": 7.527057182287627, "n_estimators": 40.636638639943975}, "datetime": {"datetime": "2021-09-28 16:33:46", "elapsed": 366.20141, "delta": 3.29385}}
{"target": -46.71538081701932, "params": {"eta": 0.7881249271541236, "max_depth": 28.434033291522624, "n_estimators": 14.76552738640115}, "datetime": {"datetime": "2021-09-28 16:33:48", "elapsed": 367.712413, "delta": 1.511003}}
{"target": -39.41652729740021, "params": {"eta": 0.17685513311448534, "max_depth": 12.992230379358984, "n_estimators": 30.364724322812886}, "datetime": {"datetime": "2021-09-28 16:33:49", "elapsed": 369.386302, "delta": 1.673889}}
{"target": -37.14649143086398, "params": {"eta": 0.22745207402696213, "max_depth": 22.12955880611186, "n_estimators": 43.292936040572364}, "datetime": {"datetime": "2021-09-28 16:33:52", "elapsed": 372.229548, "delta": 2.843246}}
{"target": -37.88443257410672, "params": {"eta": 0.36724687605060125, "max_depth": 21.791473797197423, "n_estimators": 43.31910286002025}, "datetime": {"datetime": "2021-09-28 16:33:55", "elapsed": 374.667849, "delta": 2.438301}}
{"target": -39.2701637920228, "params": {"eta": 0.09477526889578479, "max_depth": 19.982686602302262, "n_estimators": 49.90613454300952}, "datetime": {"datetime": "2021-09-28 16:33:57", "elapsed": 377.278194, "delta": 2.610345}}
{"target": -44.38023012015173, "params": {"eta": 0.7699756462689707, "max_depth": 9.25776849928258, "n_estimators": 2.524318893749272}, "datetime": {"datetime": "2021-09-28 16:33:59", "elapsed": 378.873711, "delta": 1.595517}}
{"target": -42.66775863670082, "params": {"eta": 0.43204762879661707, "max_depth": 24.039964926533422, "n_estimators": 8.78452841779978}, "datetime": {"datetime": "2021-09-28 16:34:00", "elapsed": 380.470607, "delta": 1.596896}}
{"target": -79.49706970531057, "params": {"eta": 0.018985658113650456, "max_depth": 27.179984102986037, "n_estimators": 10.521119947459102}, "datetime": {"datetime": "2021-09-28 16:34:02", "elapsed": 382.485169, "delta": 2.014562}}
{"target": -38.12100072676381, "params": {"eta": 0.2517170362034175, "max_depth": 27.324795239189424, "n_estimators": 11.0108956266814}, "datetime": {"datetime": "2021-09-28 16:34:05", "elapsed": 384.714874, "delta": 2.229705}}
{"target": -45.789192923082325, "params": {"eta": 0.7460513883720715, "max_depth": 19.770577726731897, "n_estimators": 28.94392783955238}, "datetime": {"datetime": "2021-09-28 16:34:06", "elapsed": 386.449239, "delta": 1.734365}}
{"target": -37.800749017167576, "params": {"eta": 0.36371922417238317, "max_depth": 21.858176880317775, "n_estimators": 43.70900356979017}, "datetime": {"datetime": "2021-09-28 16:34:09", "elapsed": 389.013101, "delta": 2.563862}}
{"target": -39.89187013374404, "params": {"eta": 0.5099720657806897, "max_depth": 19.666061367146366, "n_estimators": 28.276741313500956}, "datetime": {"datetime": "2021-09-28 16:34:11", "elapsed": 390.783189, "delta": 1.770088}}
{"target": -35.714828786111006, "params": {"eta": 0.09862448819102046, "max_depth": 7.740492413380268, "n_estimators": 24.96660286322226}, "datetime": {"datetime": "2021-09-28 16:34:12", "elapsed": 392.451932, "delta": 1.668743}}
{"target": -47.077163368726474, "params": {"eta": 0.7667153805554391, "max_depth": 10.860357280282155, "n_estimators": 24.346480553433402}, "datetime": {"datetime": "2021-09-28 16:34:15", "elapsed": 394.641907, "delta": 2.189975}}
{"target": -40.15754576493276, "params": {"eta": 0.1638240627446633, "max_depth": 14.152431744326341, "n_estimators": 33.5856378937814}, "datetime": {"datetime": "2021-09-28 16:34:16", "elapsed": 396.329612, "delta": 1.687705}}
{"target": -54.57109346774934, "params": {"eta": 0.9880313472661195, "max_depth": 26.55271424536524, "n_estimators": 21.970519079446927}, "datetime": {"datetime": "2021-09-28 16:34:18", "elapsed": 398.076855, "delta": 1.747243}}
{"target": -40.38422752400182, "params": {"eta": 0.2856103539699787, "max_depth": 5.459702525464387, "n_estimators": 22.29596670791635}, "datetime": {"datetime": "2021-09-28 16:34:21", "elapsed": 401.102213, "delta": 3.025358}}
{"target": -38.689969383127114, "params": {"eta": 0.4871833394341782, "max_depth": 2.054284072288815, "n_estimators": 12.44114883626839}, "datetime": {"datetime": "2021-09-28 16:34:22", "elapsed": 402.457544, "delta": 1.355331}}
{"target": -40.526024789610084, "params": {"eta": 0.46470831728081713, "max_depth": 7.6804497285528415, "n_estimators": 24.79196657876777}, "datetime": {"datetime": "2021-09-28 16:34:24", "elapsed": 404.301746, "delta": 1.844202}}
{"target": -39.488228199414564, "params": {"eta": 0.16101112219047375, "max_depth": 7.92793237461831, "n_estimators": 25.21211153559308}, "datetime": {"datetime": "2021-09-28 16:34:27", "elapsed": 406.627221, "delta": 2.325475}}
{"target": -42.87876104284513, "params": {"eta": 0.6817039725807146, "max_depth": 15.778561002352411, "n_estimators": 40.55935549485398}, "datetime": {"datetime": "2021-09-28 16:34:28", "elapsed": 408.372747, "delta": 1.745526}}
{"target": -49.560649167096635, "params": {"eta": 0.8644251083125846, "max_depth": 17.970216374913836, "n_estimators": 11.311125109216247}, "datetime": {"datetime": "2021-09-28 16:34:30", "elapsed": 409.992677, "delta": 1.61993}}
{"target": -38.211036964613456, "params": {"eta": 0.8218457878628167, "max_depth": 1.4796145570400272, "n_estimators": 41.49462625677616}, "datetime": {"datetime": "2021-09-28 16:34:32", "elapsed": 411.954417, "delta": 1.96174}}
{"target": -78.15295134710318, "params": {"eta": 0.01044424891367883, "max_depth": 5.231502651704782, "n_estimators": 21.285993827200844}, "datetime": {"datetime": "2021-09-28 16:34:34", "elapsed": 414.458684, "delta": 2.504267}}
{"target": -51.97403667728165, "params": {"eta": 0.876025967253274, "max_depth": 19.320451214422803, "n_estimators": 22.63877947978077}, "datetime": {"datetime": "2021-09-28 16:34:36", "elapsed": 416.196935, "delta": 1.738251}}
{"target": -42.991744120662126, "params": {"eta": 0.6940777518834178, "max_depth": 21.020438546932887, "n_estimators": 22.244975339362522}, "datetime": {"datetime": "2021-09-28 16:34:38", "elapsed": 417.930656, "delta": 1.733721}}
{"target": -65.47142256376516, "params": {"eta": 0.08797699582901108, "max_depth": 12.133229123123856, "n_estimators": 4.86418509275865}, "datetime": {"datetime": "2021-09-28 16:34:40", "elapsed": 419.701278, "delta": 1.770622}}
{"target": -37.833285589986446, "params": {"eta": 0.36712491280958764, "max_depth": 29.410797419202076, "n_estimators": 20.964825663731563}, "datetime": {"datetime": "2021-09-28 16:34:42", "elapsed": 422.505631, "delta": 2.804353}}
{"target": -50.494355235688026, "params": {"eta": 0.9774980428664993, "max_depth": 11.814239704058565, "n_estimators": 47.183981050878074}, "datetime": {"datetime": "2021-09-28 16:34:44", "elapsed": 424.503295, "delta": 1.997664}}
{"target": -39.01679297769968, "params": {"eta": 0.34497296486146983, "max_depth": 23.183263208102126, "n_estimators": 32.68206415750829}, "datetime": {"datetime": "2021-09-28 16:34:47", "elapsed": 427.042799, "delta": 2.539504}}
{"target": -41.62690851021677, "params": {"eta": 0.20084944204803873, "max_depth": 21.762429266145478, "n_estimators": 33.71821184275907}, "datetime": {"datetime": "2021-09-28 16:34:49", "elapsed": 428.877439, "delta": 1.83464}}
{"target": -39.981323549486234, "params": {"eta": 0.39948527939918704, "max_depth": 23.358527481828087, "n_estimators": 18.909267515320757}, "datetime": {"datetime": "2021-09-28 16:34:51", "elapsed": 431.098726, "delta": 2.221287}}
{"target": -39.865665539507134, "params": {"eta": 0.2746903454703101, "max_depth": 23.30275055223578, "n_estimators": 18.684247445014247}, "datetime": {"datetime": "2021-09-28 16:34:53", "elapsed": 433.185079, "delta": 2.086353}}
{"target": -41.50474960671527, "params": {"eta": 0.4415625625670191, "max_depth": 21.56482148147749, "n_estimators": 43.543957974067816}, "datetime": {"datetime": "2021-09-28 16:34:57", "elapsed": 437.497161, "delta": 4.312082}}
{"target": -36.324687220867915, "params": {"eta": 0.21881287018263404, "max_depth": 5.773527457429745, "n_estimators": 10.030414755137713}, "datetime": {"datetime": "2021-09-28 16:34:59", "elapsed": 438.907164, "delta": 1.410003}}
{"target": -43.87939296697489, "params": {"eta": 0.6610257520750953, "max_depth": 12.406786019347877, "n_estimators": 23.904447386217875}, "datetime": {"datetime": "2021-09-28 16:35:01", "elapsed": 440.641927, "delta": 1.734763}}
{"target": -40.40743732939469, "params": {"eta": 0.5029326132258888, "max_depth": 27.58402211049163, "n_estimators": 10.86432710239053}, "datetime": {"datetime": "2021-09-28 16:35:04", "elapsed": 444.290551, "delta": 3.648624}}
{"target": -35.97446917167423, "params": {"eta": 0.17821329584305187, "max_depth": 5.503915736140025, "n_estimators": 9.922544762467432}, "datetime": {"datetime": "2021-09-28 16:35:07", "elapsed": 446.67769, "delta": 2.387139}}
{"target": -46.48029481009346, "params": {"eta": 0.9311872800913469, "max_depth": 27.94564363871222, "n_estimators": 44.6272621158753}, "datetime": {"datetime": "2021-09-28 16:35:09", "elapsed": 448.993832, "delta": 2.316142}}
{"target": -41.932136408075635, "params": {"eta": 0.44662980054467455, "max_depth": 24.90291670992362, "n_estimators": 20.114347033281483}, "datetime": {"datetime": "2021-09-28 16:35:11", "elapsed": 451.223084, "delta": 2.229252}}
{"target": -40.68330525270522, "params": {"eta": 0.4106845526886064, "max_depth": 29.38275708362446, "n_estimators": 20.598234565445036}, "datetime": {"datetime": "2021-09-28 16:35:14", "elapsed": 454.172817, "delta": 2.949733}}
{"target": -37.35082318489461, "params": {"eta": 0.23954924034253966, "max_depth": 27.356997503331616, "n_estimators": 30.45725350541435}, "datetime": {"datetime": "2021-09-28 16:35:16", "elapsed": 456.118932, "delta": 1.946115}}
{"target": -40.64710341906294, "params": {"eta": 0.6489171140936517, "max_depth": 26.98008971346288, "n_estimators": 13.093865280779614}, "datetime": {"datetime": "2021-09-28 16:35:18", "elapsed": 457.978361, "delta": 1.859429}}
{"target": -40.752033878669415, "params": {"eta": 0.6751128871951322, "max_depth": 23.44994818634138, "n_estimators": 47.68245001919206}, "datetime": {"datetime": "2021-09-28 16:35:21", "elapsed": 460.727407, "delta": 2.749046}}
{"target": -40.47592369283642, "params": {"eta": 0.3834254920216931, "max_depth": 10.587293804015438, "n_estimators": 41.82762999439758}, "datetime": {"datetime": "2021-09-28 16:35:23", "elapsed": 463.004723, "delta": 2.277316}}
{"target": -39.750030410915365, "params": {"eta": 0.32556789351781124, "max_depth": 17.010097430772884, "n_estimators": 33.43137762343468}, "datetime": {"datetime": "2021-09-28 16:35:25", "elapsed": 465.462397, "delta": 2.457674}}
{"target": -35.45994515032376, "params": {"eta": 0.15932726132286745, "max_depth": 5.640275353435485, "n_estimators": 9.67458678565056}, "datetime": {"datetime": "2021-09-28 16:35:28", "elapsed": 467.909125, "delta": 2.446728}}
{"target": -40.971822885193774, "params": {"eta": 0.020809533971786684, "max_depth": 20.3951185278441, "n_estimators": 49.40877592330618}, "datetime": {"datetime": "2021-09-28 16:35:32", "elapsed": 472.50119, "delta": 4.592065}}
{"target": -35.94897941961083, "params": {"eta": 0.06338590692301041, "max_depth": 7.559901039206501, "n_estimators": 24.664247217548628}, "datetime": {"datetime": "2021-09-28 16:35:35", "elapsed": 475.346492, "delta": 2.845302}}
