{"target": 0.33914555735002117, "params": {"eta": 0.46358476424785633, "max_depth": 2.089982175793216, "n_estimators": 42.16384563785086}, "datetime": {"datetime": "2021-09-24 13:16:57", "elapsed": 174.455949, "delta": 1.243}}
{"target": 0.45820752414126964, "params": {"eta": 0.390283083594012, "max_depth": 1.0, "n_estimators": 31.176055687232342}, "datetime": {"datetime": "2021-09-24 13:16:58", "elapsed": 175.999989, "delta": 1.54404}}
{"target": 0.4473061704632949, "params": {"eta": 0.18614733574313375, "max_depth": 2.9935543882443847, "n_estimators": 34.74875460491656}, "datetime": {"datetime": "2021-09-24 13:16:59", "elapsed": 177.218889, "delta": 1.2189}}
{"target": -2.0762401687441843, "params": {"eta": 0.008, "max_depth": 2.393367235338263, "n_estimators": 35.048950675005}, "datetime": {"datetime": "2021-09-24 13:17:01", "elapsed": 178.639042, "delta": 1.420153}}
{"target": -0.9823546312672689, "params": {"eta": 0.0197318019976278, "max_depth": 1.640880669679133, "n_estimators": 29.396914931113336}, "datetime": {"datetime": "2021-09-24 13:17:02", "elapsed": 179.837532, "delta": 1.19849}}
{"target": 0.3104787667097637, "params": {"eta": 0.4941676901027423, "max_depth": 2.834070913159583, "n_estimators": 48.43825598867598}, "datetime": {"datetime": "2021-09-24 13:17:03", "elapsed": 180.670728, "delta": 0.833196}}
{"target": 0.4318342858790013, "params": {"eta": 0.5, "max_depth": 2.0409823165634013, "n_estimators": 5.99596680247475}, "datetime": {"datetime": "2021-09-24 13:17:04", "elapsed": 181.877904, "delta": 1.207176}}
{"target": 0.41163201066714594, "params": {"eta": 0.5, "max_depth": 1.583114497091507, "n_estimators": 6.366382232426523}, "datetime": {"datetime": "2021-09-24 13:17:05", "elapsed": 183.190883, "delta": 1.312979}}
{"target": 0.4123135541541456, "params": {"eta": 0.3772315103506018, "max_depth": 2.9277419264968936, "n_estimators": 14.97623859324263}, "datetime": {"datetime": "2021-09-24 13:17:06", "elapsed": 184.051755, "delta": 0.860872}}
{"target": 0.4164767308114562, "params": {"eta": 0.5, "max_depth": 2.4758220547122387, "n_estimators": 14.829881896424332}, "datetime": {"datetime": "2021-09-24 13:17:07", "elapsed": 185.153738, "delta": 1.101983}}
{"target": 0.40214961327989684, "params": {"eta": 0.43101018549058573, "max_depth": 2.8789695497306775, "n_estimators": 14.395488661989322}, "datetime": {"datetime": "2021-09-24 13:17:09", "elapsed": 186.364703, "delta": 1.210965}}
{"target": 0.4225433542512116, "params": {"eta": 0.4900111301279355, "max_depth": 1.6873262050807536, "n_estimators": 35.77571934468921}, "datetime": {"datetime": "2021-09-24 13:17:11", "elapsed": 188.49026, "delta": 2.125557}}
{"target": -0.5142457099830617, "params": {"eta": 0.08169360062565359, "max_depth": 2.976821964967269, "n_estimators": 9.350819353174423}, "datetime": {"datetime": "2021-09-24 13:17:12", "elapsed": 190.285977, "delta": 1.795717}}
{"target": 0.4330929919618447, "params": {"eta": 0.5, "max_depth": 1.0, "n_estimators": 26.09116814600815}, "datetime": {"datetime": "2021-09-24 13:17:15", "elapsed": 192.569659, "delta": 2.283682}}
{"target": -1.5716951825185768, "params": {"eta": 0.0487805556699872, "max_depth": 1.0041545341851874, "n_estimators": 8.27226246347168}, "datetime": {"datetime": "2021-09-24 13:17:17", "elapsed": 194.411457, "delta": 1.841798}}
{"target": 0.39540565383696513, "params": {"eta": 0.3684193878734124, "max_depth": 2.573294479062633, "n_estimators": 47.70083931320087}, "datetime": {"datetime": "2021-09-24 13:17:18", "elapsed": 195.476657, "delta": 1.0652}}
{"target": -0.764554482840059, "params": {"eta": 0.1983616650385527, "max_depth": 1.372685812006763, "n_estimators": 3.6277506555123242}, "datetime": {"datetime": "2021-09-24 13:17:19", "elapsed": 196.465217, "delta": 0.98856}}
{"target": 0.4318342858790013, "params": {"eta": 0.5, "max_depth": 2.713475441811567, "n_estimators": 5.970430559745882}, "datetime": {"datetime": "2021-09-24 13:17:21", "elapsed": 198.343558, "delta": 1.878341}}
{"target": 0.4330929919618447, "params": {"eta": 0.5, "max_depth": 1.4986961815826618, "n_estimators": 26.53774812118025}, "datetime": {"datetime": "2021-09-24 13:17:22", "elapsed": 199.678657, "delta": 1.335099}}
{"target": 0.42431113986867075, "params": {"eta": 0.4849777129226128, "max_depth": 1.902004004524547, "n_estimators": 28.580205376509422}, "datetime": {"datetime": "2021-09-24 13:17:23", "elapsed": 201.029805, "delta": 1.351148}}
{"target": 0.3333321185440594, "params": {"eta": 0.4950572622229732, "max_depth": 2.991332370245823, "n_estimators": 48.01036351185028}, "datetime": {"datetime": "2021-09-24 13:17:25", "elapsed": 202.566421, "delta": 1.536616}}
{"target": -1.5011304289462704, "params": {"eta": 0.012769696350908428, "max_depth": 2.269045034941377, "n_estimators": 32.17578263251928}, "datetime": {"datetime": "2021-09-24 13:17:26", "elapsed": 203.891399, "delta": 1.324978}}
{"target": 0.28905971820942633, "params": {"eta": 0.5, "max_depth": 3.0, "n_estimators": 32.40953308713204}, "datetime": {"datetime": "2021-09-24 13:17:28", "elapsed": 205.364214, "delta": 1.472815}}
{"target": 0.4118324813341542, "params": {"eta": 0.13198945165484427, "max_depth": 1.9190956883837564, "n_estimators": 22.46629946268769}, "datetime": {"datetime": "2021-09-24 13:17:29", "elapsed": 206.825291, "delta": 1.461077}}
{"target": 0.317442168334209, "params": {"eta": 0.4804875352372357, "max_depth": 2.401648284895098, "n_estimators": 45.62499358025862}, "datetime": {"datetime": "2021-09-24 13:17:30", "elapsed": 207.980356, "delta": 1.155065}}
{"target": 0.4086850801167413, "params": {"eta": 0.5, "max_depth": 1.0, "n_estimators": 42.067092749185925}, "datetime": {"datetime": "2021-09-24 13:17:32", "elapsed": 209.770149, "delta": 1.789793}}
{"target": -3.4138482586979126, "params": {"eta": 0.008, "max_depth": 1.0, "n_estimators": 9.288515384264032}, "datetime": {"datetime": "2021-09-24 13:17:34", "elapsed": 211.702571, "delta": 1.932422}}
{"target": 0.4086850801167413, "params": {"eta": 0.5, "max_depth": 1.0, "n_estimators": 42.64956548841153}, "datetime": {"datetime": "2021-09-24 13:17:36", "elapsed": 213.357481, "delta": 1.65491}}
{"target": 0.4308061575895228, "params": {"eta": 0.4779763968027749, "max_depth": 1.9434130142770745, "n_estimators": 19.284417549662415}, "datetime": {"datetime": "2021-09-24 13:17:37", "elapsed": 214.857935, "delta": 1.500454}}
{"target": 0.4215697115368183, "params": {"eta": 0.47484482390454413, "max_depth": 1.808775108013575, "n_estimators": 41.616487141248534}, "datetime": {"datetime": "2021-09-24 13:17:38", "elapsed": 216.133495, "delta": 1.27556}}
{"target": -1.3313650476506917, "params": {"eta": 0.019714783379430237, "max_depth": 2.503622046113982, "n_estimators": 23.753480998361937}, "datetime": {"datetime": "2021-09-24 13:17:40", "elapsed": 217.485492, "delta": 1.351997}}
{"target": 0.13533047475214843, "params": {"eta": 0.054318339354632955, "max_depth": 2.803816662490219, "n_estimators": 24.660314295635466}, "datetime": {"datetime": "2021-09-24 13:17:41", "elapsed": 219.227651, "delta": 1.742159}}
{"target": 0.33289830682642896, "params": {"eta": 0.49600203377235635, "max_depth": 2.4378368574791667, "n_estimators": 48.141027728221566}, "datetime": {"datetime": "2021-09-24 13:17:44", "elapsed": 221.472499, "delta": 2.244848}}
{"target": 0.4166798237115983, "params": {"eta": 0.5, "max_depth": 1.740078897908268, "n_estimators": 14.707663797399864}, "datetime": {"datetime": "2021-09-24 13:17:45", "elapsed": 223.082802, "delta": 1.610303}}
{"target": 0.4164767308114562, "params": {"eta": 0.5, "max_depth": 2.248647665316214, "n_estimators": 14.251204545731456}, "datetime": {"datetime": "2021-09-24 13:17:47", "elapsed": 224.812625, "delta": 1.729823}}
{"target": 0.3898801118238382, "params": {"eta": 0.49300994363809697, "max_depth": 2.990504880718029, "n_estimators": 16.932524805092285}, "datetime": {"datetime": "2021-09-24 13:17:48", "elapsed": 225.870133, "delta": 1.057508}}
{"target": 0.39170966238543714, "params": {"eta": 0.46608155926880096, "max_depth": 2.8670171949139442, "n_estimators": 16.472822123440555}, "datetime": {"datetime": "2021-09-24 13:17:49", "elapsed": 227.094129, "delta": 1.223996}}
{"target": 0.43654967789183796, "params": {"eta": 0.5, "max_depth": 2.3900922943271836, "n_estimators": 9.752603324635636}, "datetime": {"datetime": "2021-09-24 13:17:51", "elapsed": 229.016132, "delta": 1.922003}}
{"target": 0.44065754583989236, "params": {"eta": 0.17019554841049545, "max_depth": 1.2153403913827774, "n_estimators": 34.753315409688916}, "datetime": {"datetime": "2021-09-24 13:17:52", "elapsed": 230.184164, "delta": 1.168032}}
{"target": 0.4306240007055825, "params": {"eta": 0.4809847162194881, "max_depth": 1.1048559327081378, "n_estimators": 34.22513995760634}, "datetime": {"datetime": "2021-09-24 13:17:54", "elapsed": 231.617132, "delta": 1.432968}}
{"target": 0.08812003217770747, "params": {"eta": 0.19075299605301438, "max_depth": 2.0634873563601293, "n_estimators": 6.546050688102707}, "datetime": {"datetime": "2021-09-24 13:17:55", "elapsed": 233.039726, "delta": 1.422594}}
{"target": -1.3749360920794342, "params": {"eta": 0.36819310141635414, "max_depth": 1.6795040786179656, "n_estimators": 1.3442067621438754}, "datetime": {"datetime": "2021-09-24 13:17:56", "elapsed": 234.24542, "delta": 1.205694}}
{"target": 0.035153110858157643, "params": {"eta": 0.03597299948839834, "max_depth": 1.0118189113066083, "n_estimators": 34.016128118002015}, "datetime": {"datetime": "2021-09-24 13:17:58", "elapsed": 235.988061, "delta": 1.742641}}
{"target": 0.4122309590751939, "params": {"eta": 0.24258956833141873, "max_depth": 2.165895710709421, "n_estimators": 10.442062057034052}, "datetime": {"datetime": "2021-09-24 13:17:59", "elapsed": 237.103532, "delta": 1.115471}}
{"target": 0.42548327454032453, "params": {"eta": 0.5, "max_depth": 1.6575065794567385, "n_estimators": 33.20249690447831}, "datetime": {"datetime": "2021-09-24 13:18:01", "elapsed": 239.075306, "delta": 1.971774}}
{"target": 0.42128560434993234, "params": {"eta": 0.5, "max_depth": 1.6059642443635076, "n_estimators": 34.571938032006436}, "datetime": {"datetime": "2021-09-24 13:18:03", "elapsed": 240.70512, "delta": 1.629814}}
{"target": -1.7042806304163642, "params": {"eta": 0.008, "max_depth": 2.647467092168885, "n_estimators": 45.23279140957102}, "datetime": {"datetime": "2021-09-24 13:18:05", "elapsed": 242.97203, "delta": 2.26691}}
{"target": 0.4429003248659894, "params": {"eta": 0.43699338035860824, "max_depth": 1.779221881663829, "n_estimators": 44.886266179066226}, "datetime": {"datetime": "2021-09-24 13:18:07", "elapsed": 245.011663, "delta": 2.039633}}
{"target": 0.4577504877384301, "params": {"eta": 0.38917441352709803, "max_depth": 1.7959310893564682, "n_estimators": 39.82677287640117}, "datetime": {"datetime": "2021-09-24 13:18:08", "elapsed": 246.169473, "delta": 1.15781}}
{"target": 0.32573559227094606, "params": {"eta": 0.5, "max_depth": 2.0787852786374303, "n_estimators": 36.46551675534161}, "datetime": {"datetime": "2021-09-24 13:18:10", "elapsed": 247.677429, "delta": 1.507956}}
{"target": 0.4355196467582201, "params": {"eta": 0.19546478777833223, "max_depth": 2.0825183994746315, "n_estimators": 44.40224043534276}, "datetime": {"datetime": "2021-09-24 13:18:12", "elapsed": 249.348264, "delta": 1.670835}}
{"target": 0.3948623984501892, "params": {"eta": 0.44301353566688356, "max_depth": 2.421660549325944, "n_estimators": 5.713360617640679}, "datetime": {"datetime": "2021-09-24 13:18:13", "elapsed": 250.499307, "delta": 1.151043}}
{"target": -3.6674053333512937, "params": {"eta": 0.008, "max_depth": 3.0, "n_estimators": 5.857974274034085}, "datetime": {"datetime": "2021-09-24 13:18:14", "elapsed": 252.241726, "delta": 1.742419}}
{"target": 0.42236719115851507, "params": {"eta": 0.5, "max_depth": 1.4636580189462478, "n_estimators": 35.12373362040479}, "datetime": {"datetime": "2021-09-24 13:18:16", "elapsed": 253.699856, "delta": 1.45813}}
{"target": 0.011156405922307822, "params": {"eta": 0.07753149179302188, "max_depth": 1.1977815077270892, "n_estimators": 15.439968014291159}, "datetime": {"datetime": "2021-09-24 13:18:17", "elapsed": 254.813965, "delta": 1.114109}}
{"target": 0.45580912271196683, "params": {"eta": 0.37957221403962943, "max_depth": 1.978039011323746, "n_estimators": 13.642803703457522}, "datetime": {"datetime": "2021-09-24 13:18:18", "elapsed": 255.99334, "delta": 1.179375}}
{"target": 0.3926415649463234, "params": {"eta": 0.4953529342011964, "max_depth": 1.0185279298000007, "n_estimators": 5.277911953919657}, "datetime": {"datetime": "2021-09-24 13:18:19", "elapsed": 257.127424, "delta": 1.134084}}
{"target": 0.4094032155748243, "params": {"eta": 0.46843210808835234, "max_depth": 2.7740165017932705, "n_estimators": 10.692149784088219}, "datetime": {"datetime": "2021-09-24 13:18:20", "elapsed": 258.280289, "delta": 1.152865}}
{"target": 0.392324832598855, "params": {"eta": 0.42440809356323944, "max_depth": 2.8993793694287326, "n_estimators": 10.233517207701158}, "datetime": {"datetime": "2021-09-24 13:18:22", "elapsed": 260.111909, "delta": 1.83162}}
{"target": 0.42042464747422936, "params": {"eta": 0.5, "max_depth": 2.594058410713523, "n_estimators": 13.745584702854915}, "datetime": {"datetime": "2021-09-24 13:18:24", "elapsed": 261.582039, "delta": 1.47013}}
{"target": 0.38083507796626836, "params": {"eta": 0.06476730489573795, "max_depth": 1.1984460599485127, "n_estimators": 37.96913481208877}, "datetime": {"datetime": "2021-09-24 13:18:25", "elapsed": 262.938929, "delta": 1.35689}}
{"target": 0.4616827074158131, "params": {"eta": 0.3773310298708144, "max_depth": 1.3992722602910954, "n_estimators": 38.090252987408455}, "datetime": {"datetime": "2021-09-24 13:18:27", "elapsed": 265.058833, "delta": 2.119904}}
{"target": -1.0045244012592338, "params": {"eta": 0.03914314802134582, "max_depth": 2.3199402816212027, "n_estimators": 14.013588981352717}, "datetime": {"datetime": "2021-09-24 13:18:30", "elapsed": 267.32112, "delta": 2.262287}}
{"target": 0.43503076932694085, "params": {"eta": 0.4962461403504402, "max_depth": 2.432509832425457, "n_estimators": 10.215365180039239}, "datetime": {"datetime": "2021-09-24 13:18:32", "elapsed": 269.364347, "delta": 2.043227}}
{"target": 0.47184360531827174, "params": {"eta": 0.3509636945575188, "max_depth": 1.2120761457510718, "n_estimators": 44.07243681970747}, "datetime": {"datetime": "2021-09-24 13:18:33", "elapsed": 270.5772, "delta": 1.212853}}
{"target": 0.43678482509543015, "params": {"eta": 0.4997002922767657, "max_depth": 2.1138557200889814, "n_estimators": 11.0247734444668}, "datetime": {"datetime": "2021-09-24 13:18:35", "elapsed": 272.385656, "delta": 1.808456}}
{"target": 0.4166555796646563, "params": {"eta": 0.5, "max_depth": 1.0, "n_estimators": 36.81282000284743}, "datetime": {"datetime": "2021-09-24 13:18:36", "elapsed": 274.257382, "delta": 1.871726}}
{"target": 0.4491333159633646, "params": {"eta": 0.16311111299530678, "max_depth": 1.110511813292812, "n_estimators": 48.9980039755698}, "datetime": {"datetime": "2021-09-24 13:18:38", "elapsed": 275.615629, "delta": 1.358247}}
{"target": 0.44022360358457424, "params": {"eta": 0.44015022741185916, "max_depth": 1.1802407791604699, "n_estimators": 48.58687946388302}, "datetime": {"datetime": "2021-09-24 13:18:40", "elapsed": 277.506661, "delta": 1.891032}}
{"target": -1.6321934244632104, "params": {"eta": 0.008, "max_depth": 1.4675405566037558, "n_estimators": 48.60081137011608}, "datetime": {"datetime": "2021-09-24 13:18:41", "elapsed": 279.292089, "delta": 1.785428}}
{"target": 0.43674324770981254, "params": {"eta": 0.5, "max_depth": 2.1280668298632697, "n_estimators": 11.564201364034043}, "datetime": {"datetime": "2021-09-24 13:18:44", "elapsed": 281.642819, "delta": 2.35073}}
{"target": 0.40542789182581973, "params": {"eta": 0.5, "max_depth": 1.0, "n_estimators": 49.12144472542658}, "datetime": {"datetime": "2021-09-24 13:18:46", "elapsed": 283.935266, "delta": 2.292447}}
{"target": 0.30484302732214275, "params": {"eta": 0.44878891673704835, "max_depth": 2.8378885739582937, "n_estimators": 39.83662013022513}, "datetime": {"datetime": "2021-09-24 13:18:48", "elapsed": 285.310914, "delta": 1.375648}}
{"target": 0.4131467147318435, "params": {"eta": 0.4939575710899921, "max_depth": 1.520885904817002, "n_estimators": 13.522128218900168}, "datetime": {"datetime": "2021-09-24 13:18:51", "elapsed": 288.306098, "delta": 2.995184}}
{"target": 0.3065272845721976, "params": {"eta": 0.44547057847529575, "max_depth": 2.6994270013152226, "n_estimators": 40.415616016712576}, "datetime": {"datetime": "2021-09-24 13:18:52", "elapsed": 290.250257, "delta": 1.944159}}
{"target": -1.665487141774709, "params": {"eta": 0.008, "max_depth": 1.0, "n_estimators": 47.7700347356421}, "datetime": {"datetime": "2021-09-24 13:18:56", "elapsed": 293.312067, "delta": 3.06181}}
{"target": 0.4419259064178389, "params": {"eta": 0.11886155672980028, "max_depth": 2.0407625661368334, "n_estimators": 28.201886385925697}, "datetime": {"datetime": "2021-09-24 13:18:58", "elapsed": 295.585065, "delta": 2.272998}}
{"target": 0.2534592261342199, "params": {"eta": 0.044442180381564514, "max_depth": 1.6568256905269914, "n_estimators": 37.90468904297311}, "datetime": {"datetime": "2021-09-24 13:19:01", "elapsed": 299.031604, "delta": 3.446539}}
{"target": -1.5718793657882206, "params": {"eta": 0.03578897110349026, "max_depth": 1.8991751151839191, "n_estimators": 11.347217163596873}, "datetime": {"datetime": "2021-09-24 13:19:04", "elapsed": 301.308167, "delta": 2.276563}}
{"target": 0.4248104551271604, "params": {"eta": 0.5, "max_depth": 1.57247088388394, "n_estimators": 22.166401139518555}, "datetime": {"datetime": "2021-09-24 13:19:07", "elapsed": 304.818745, "delta": 3.510578}}
{"target": 0.4210044512591101, "params": {"eta": 0.4811918382486445, "max_depth": 1.5062537726500085, "n_estimators": 42.928184760945854}, "datetime": {"datetime": "2021-09-24 13:19:09", "elapsed": 306.872218, "delta": 2.053473}}
{"target": 0.4025403666966476, "params": {"eta": 0.5, "max_depth": 1.3553662724446192, "n_estimators": 47.16761631225464}, "datetime": {"datetime": "2021-09-24 13:19:11", "elapsed": 309.273137, "delta": 2.400919}}
{"target": 0.3705644832788322, "params": {"eta": 0.48438946709485775, "max_depth": 2.8888431304636537, "n_estimators": 37.92059933172409}, "datetime": {"datetime": "2021-09-24 13:19:13", "elapsed": 311.284088, "delta": 2.010951}}
{"target": 0.35197519715380354, "params": {"eta": 0.45292871786912475, "max_depth": 2.2526508050831637, "n_estimators": 26.375488428192213}, "datetime": {"datetime": "2021-09-24 13:19:15", "elapsed": 312.75797, "delta": 1.473882}}
{"target": 0.43031386895313484, "params": {"eta": 0.5, "max_depth": 1.5387307065945934, "n_estimators": 30.741288015063454}, "datetime": {"datetime": "2021-09-24 13:19:17", "elapsed": 314.930253, "delta": 2.172283}}
{"target": 0.4217655999518284, "params": {"eta": 0.4909812486139362, "max_depth": 1.3494676845988545, "n_estimators": 47.1685082997516}, "datetime": {"datetime": "2021-09-24 13:19:19", "elapsed": 316.857218, "delta": 1.926965}}
{"target": 0.4262992012333904, "params": {"eta": 0.5, "max_depth": 1.0, "n_estimators": 23.801859647246044}, "datetime": {"datetime": "2021-09-24 13:19:22", "elapsed": 319.482843, "delta": 2.625625}}
{"target": -0.6066884857601011, "params": {"eta": 0.019298249419286848, "max_depth": 2.8326004311052015, "n_estimators": 37.65296183496392}, "datetime": {"datetime": "2021-09-24 13:19:26", "elapsed": 324.06745, "delta": 4.584607}}
{"target": -2.4636258448083566, "params": {"eta": 0.008568469050601003, "max_depth": 1.0, "n_estimators": 25.783199023424217}, "datetime": {"datetime": "2021-09-24 13:19:29", "elapsed": 326.519747, "delta": 2.452297}}
{"target": 0.4430787669127756, "params": {"eta": 0.2937795565131775, "max_depth": 1.4513842705530497, "n_estimators": 32.96597380939397}, "datetime": {"datetime": "2021-09-24 13:19:30", "elapsed": 327.92856, "delta": 1.408813}}
{"target": 0.31517246836400337, "params": {"eta": 0.5, "max_depth": 3.0, "n_estimators": 21.12795269637302}, "datetime": {"datetime": "2021-09-24 13:19:32", "elapsed": 330.026202, "delta": 2.097642}}
{"target": -1.946675884415491, "params": {"eta": 0.01558293103375793, "max_depth": 1.832916302370741, "n_estimators": 20.098063517357026}, "datetime": {"datetime": "2021-09-24 13:19:34", "elapsed": 331.94917, "delta": 1.922968}}
{"target": 0.35777180353314575, "params": {"eta": 0.5, "max_depth": 2.0420718005071463, "n_estimators": 30.586604784330625}, "datetime": {"datetime": "2021-09-24 13:19:36", "elapsed": 334.041785, "delta": 2.092615}}
{"target": 0.42063726389023903, "params": {"eta": 0.5, "max_depth": 1.0, "n_estimators": 19.93429631609509}, "datetime": {"datetime": "2021-09-24 13:19:39", "elapsed": 336.591825, "delta": 2.55004}}
{"target": 0.37393883302841513, "params": {"eta": 0.49194201334199206, "max_depth": 2.243443156125469, "n_estimators": 19.325296500869307}, "datetime": {"datetime": "2021-09-24 13:19:40", "elapsed": 337.952567, "delta": 1.360742}}
{"target": 0.42112745535000284, "params": {"eta": 0.5, "max_depth": 1.0, "n_estimators": 12.026083996604173}, "datetime": {"datetime": "2021-09-24 13:19:42", "elapsed": 340.269064, "delta": 2.316497}}
{"target": -0.3893653326413873, "params": {"eta": 0.347467120175088, "max_depth": 1.8917874498290086, "n_estimators": 2.707683002683663}, "datetime": {"datetime": "2021-09-24 13:19:44", "elapsed": 341.904382, "delta": 1.635318}}
{"target": -2.986660170367963, "params": {"eta": 0.008, "max_depth": 2.3775734266903026, "n_estimators": 16.031559045723014}, "datetime": {"datetime": "2021-09-24 13:19:46", "elapsed": 344.126097, "delta": 2.221715}}
{"target": -1.8819325787622727, "params": {"eta": 0.008, "max_depth": 2.813238071192824, "n_estimators": 40.837156236897435}, "datetime": {"datetime": "2021-09-24 13:19:49", "elapsed": 346.629805, "delta": 2.503708}}
