{"target": -45.971483503069194, "params": {"eta": 0.16242360991445817, "max_depth": 18.44954849805069, "n_estimators": 219.43091600084705}, "datetime": {"datetime": "2021-09-24 16:56:12", "elapsed": 5.342187, "delta": 1.619539}}
{"target": -47.89816568130837, "params": {"eta": 0.3894814915565486, "max_depth": 17.29155984524001, "n_estimators": 220.1601409761122}, "datetime": {"datetime": "2021-09-24 16:56:13", "elapsed": 6.418945, "delta": 1.076758}}
{"target": -47.64068835839293, "params": {"eta": 0.28343554378888586, "max_depth": 17.976820981761527, "n_estimators": 219.9376620957312}, "datetime": {"datetime": "2021-09-24 16:56:14", "elapsed": 7.163761, "delta": 0.744816}}
{"target": -50.42579960643797, "params": {"eta": 0.12148228532228804, "max_depth": 8.623909872022654, "n_estimators": 247.36517255385837}, "datetime": {"datetime": "2021-09-24 16:56:15", "elapsed": 8.822644, "delta": 1.658883}}
{"target": -46.723264536463226, "params": {"eta": 0.36586546542179793, "max_depth": 36.701988678683904, "n_estimators": 209.73440157911375}, "datetime": {"datetime": "2021-09-24 16:56:16", "elapsed": 9.5593, "delta": 0.736656}}
{"target": -46.23148262769656, "params": {"eta": 0.24042087843127657, "max_depth": 21.751142856891526, "n_estimators": 223.59563351534666}, "datetime": {"datetime": "2021-09-24 16:56:17", "elapsed": 10.517515, "delta": 0.958215}}
{"target": -47.80227205090057, "params": {"eta": 0.4781683320151857, "max_depth": 33.53949937626034, "n_estimators": 223.53603199645912}, "datetime": {"datetime": "2021-09-24 16:56:18", "elapsed": 11.174242, "delta": 0.656727}}
{"target": -47.70084100020559, "params": {"eta": 0.2494790342086781, "max_depth": 42.217755012881426, "n_estimators": 248.95342191822886}, "datetime": {"datetime": "2021-09-24 16:56:19", "elapsed": 12.245202, "delta": 1.07096}}
{"target": -45.29364317700379, "params": {"eta": 0.16801165212405822, "max_depth": 38.4132369900882, "n_estimators": 242.84808327884073}, "datetime": {"datetime": "2021-09-24 16:56:20", "elapsed": 13.487557, "delta": 1.242355}}
{"target": -47.14939722620455, "params": {"eta": 0.4289242129572468, "max_depth": 36.24825070285056, "n_estimators": 245.598546180497}, "datetime": {"datetime": "2021-09-24 16:56:21", "elapsed": 14.164139, "delta": 0.676582}}
{"target": -49.115867500018354, "params": {"eta": 0.3417846478711527, "max_depth": 27.847641092483222, "n_estimators": 219.16045835693524}, "datetime": {"datetime": "2021-09-24 16:56:22", "elapsed": 15.059146, "delta": 0.895007}}
{"target": -48.39018011451664, "params": {"eta": 0.07897048949151181, "max_depth": 7.829598288015604, "n_estimators": 215.84161559256071}, "datetime": {"datetime": "2021-09-24 16:56:23", "elapsed": 16.549113, "delta": 1.489967}}
{"target": -46.1935285697306, "params": {"eta": 0.14426022916522757, "max_depth": 38.453071787459514, "n_estimators": 203.34352728301576}, "datetime": {"datetime": "2021-09-24 16:56:25", "elapsed": 18.126383, "delta": 1.57727}}
{"target": -48.854791053255695, "params": {"eta": 0.47027148408572467, "max_depth": 47.54750370354449, "n_estimators": 213.9565711870403}, "datetime": {"datetime": "2021-09-24 16:56:26", "elapsed": 19.462923, "delta": 1.33654}}
{"target": -50.738080074912624, "params": {"eta": 0.3031189890134315, "max_depth": 6.522400808165522, "n_estimators": 205.83887548422138}, "datetime": {"datetime": "2021-09-24 16:56:27", "elapsed": 20.607245, "delta": 1.144322}}
{"target": -46.880348807887025, "params": {"eta": 0.310676083751763, "max_depth": 28.312202886416816, "n_estimators": 232.680346015089}, "datetime": {"datetime": "2021-09-24 16:56:28", "elapsed": 21.689369, "delta": 1.082124}}
{"target": -44.92478016444615, "params": {"eta": 0.018238205864338563, "max_depth": 13.659485012886563, "n_estimators": 240.0292352847131}, "datetime": {"datetime": "2021-09-24 16:56:31", "elapsed": 24.187428, "delta": 2.498059}}
{"target": -46.388531132748255, "params": {"eta": 0.16303975873234355, "max_depth": 27.76665967586974, "n_estimators": 241.33791314839274}, "datetime": {"datetime": "2021-09-24 16:56:33", "elapsed": 25.858955, "delta": 1.671527}}
{"target": -47.433994522668364, "params": {"eta": 0.2373411982792176, "max_depth": 7.656567072949199, "n_estimators": 228.3666652513469}, "datetime": {"datetime": "2021-09-24 16:56:34", "elapsed": 27.044798, "delta": 1.185843}}
{"target": -50.26744027962362, "params": {"eta": 0.4565867095136436, "max_depth": 31.51105336922227, "n_estimators": 248.46408808155235}, "datetime": {"datetime": "2021-09-24 16:56:35", "elapsed": 27.888138, "delta": 0.84334}}
{"target": -49.55778999615433, "params": {"eta": 0.4039824442498354, "max_depth": 16.580015391302645, "n_estimators": 230.32647095439916}, "datetime": {"datetime": "2021-09-24 16:56:36", "elapsed": 28.873454, "delta": 0.985316}}
{"target": -49.22614179338728, "params": {"eta": 0.12272050577146798, "max_depth": 4.174554059167608, "n_estimators": 235.19228237089442}, "datetime": {"datetime": "2021-09-24 16:56:37", "elapsed": 29.852573, "delta": 0.979119}}
{"target": -49.263849559583164, "params": {"eta": 0.430462819215703, "max_depth": 42.81590612261868, "n_estimators": 244.1092617738073}, "datetime": {"datetime": "2021-09-24 16:56:37", "elapsed": 30.626037, "delta": 0.773464}}
{"target": -47.74863614534077, "params": {"eta": 0.26707397204475475, "max_depth": 38.44306040082947, "n_estimators": 242.7232854325378}, "datetime": {"datetime": "2021-09-24 16:56:38", "elapsed": 31.435974, "delta": 0.809937}}
{"target": -50.575129544824584, "params": {"eta": 0.4212099485010663, "max_depth": 21.507013456554343, "n_estimators": 214.80447086869907}, "datetime": {"datetime": "2021-09-24 16:56:39", "elapsed": 32.643393, "delta": 1.207419}}
{"target": -46.035498568886204, "params": {"eta": 0.017171971920345225, "max_depth": 13.568662807839258, "n_estimators": 240.19392782240064}, "datetime": {"datetime": "2021-09-24 16:56:42", "elapsed": 34.932897, "delta": 2.289504}}
{"target": -47.69299954579289, "params": {"eta": 0.27046248608578616, "max_depth": 13.527236834385748, "n_estimators": 240.0645331939981}, "datetime": {"datetime": "2021-09-24 16:56:43", "elapsed": 36.28557, "delta": 1.352673}}
{"target": -45.559553132021335, "params": {"eta": 0.031066078669812945, "max_depth": 21.328284800252217, "n_estimators": 200.26457865055337}, "datetime": {"datetime": "2021-09-24 16:56:46", "elapsed": 39.281951, "delta": 2.996381}}
{"target": -46.83507190790392, "params": {"eta": 0.01116158427310468, "max_depth": 21.41156880978454, "n_estimators": 200.37492670005295}, "datetime": {"datetime": "2021-09-24 16:56:48", "elapsed": 41.652486, "delta": 2.370535}}
{"target": -47.78877393105873, "params": {"eta": 0.15571871100507653, "max_depth": 38.50299239223111, "n_estimators": 242.97555901224982}, "datetime": {"datetime": "2021-09-24 16:56:51", "elapsed": 44.034942, "delta": 2.382456}}
{"target": -46.90444054280905, "params": {"eta": 0.06188565721385686, "max_depth": 13.699354462372845, "n_estimators": 240.14197354530393}, "datetime": {"datetime": "2021-09-24 16:56:54", "elapsed": 47.309849, "delta": 3.274907}}
{"target": -46.1668374484643, "params": {"eta": 0.06056862132530913, "max_depth": 3.8002945273512267, "n_estimators": 218.4823039105516}, "datetime": {"datetime": "2021-09-24 16:56:55", "elapsed": 48.131606, "delta": 0.821757}}
{"target": -46.67718933220196, "params": {"eta": 0.2240886474251911, "max_depth": 10.480152745443124, "n_estimators": 203.78829575909973}, "datetime": {"datetime": "2021-09-24 16:56:56", "elapsed": 49.766837, "delta": 1.635231}}
{"target": -47.130339600986105, "params": {"eta": 0.0306642538530542, "max_depth": 6.725072138660804, "n_estimators": 225.0881967668804}, "datetime": {"datetime": "2021-09-24 16:56:58", "elapsed": 51.381708, "delta": 1.614871}}
{"target": -45.43822255528959, "params": {"eta": 0.16023572341347533, "max_depth": 18.57871286297276, "n_estimators": 219.41872763046217}, "datetime": {"datetime": "2021-09-24 16:57:00", "elapsed": 53.070694, "delta": 1.688986}}
{"target": -45.26921460144502, "params": {"eta": 0.013298476314985992, "max_depth": 21.20398717551351, "n_estimators": 200.3087800635607}, "datetime": {"datetime": "2021-09-24 16:57:02", "elapsed": 54.896072, "delta": 1.825378}}
{"target": -45.524913486681484, "params": {"eta": 0.238665729727339, "max_depth": 21.524519635033517, "n_estimators": 234.19371363524516}, "datetime": {"datetime": "2021-09-24 16:57:03", "elapsed": 56.04247, "delta": 1.146398}}
{"target": -48.41728503004949, "params": {"eta": 0.1067800789264174, "max_depth": 38.26674865550171, "n_estimators": 242.79603387193623}, "datetime": {"datetime": "2021-09-24 16:57:05", "elapsed": 57.944188, "delta": 1.901718}}
{"target": -45.2891923431167, "params": {"eta": 0.04689637207209232, "max_depth": 18.29568248593896, "n_estimators": 219.3281605614737}, "datetime": {"datetime": "2021-09-24 16:57:07", "elapsed": 60.503576, "delta": 2.559388}}
{"target": -48.692884086666254, "params": {"eta": 0.1348162352405098, "max_depth": 42.42901507983492, "n_estimators": 206.5328405944937}, "datetime": {"datetime": "2021-09-24 16:57:09", "elapsed": 62.280352, "delta": 1.776776}}
{"target": -47.92235338598266, "params": {"eta": 0.37980439026207885, "max_depth": 12.582449932583364, "n_estimators": 243.75952528904995}, "datetime": {"datetime": "2021-09-24 16:57:10", "elapsed": 62.998978, "delta": 0.718626}}
{"target": -47.3100077119985, "params": {"eta": 0.10710991545245462, "max_depth": 18.552295607287785, "n_estimators": 219.39082249806103}, "datetime": {"datetime": "2021-09-24 16:57:12", "elapsed": 65.073688, "delta": 2.07471}}
{"target": -48.981076204687135, "params": {"eta": 0.40732616301056335, "max_depth": 37.61505722847405, "n_estimators": 244.4764498673154}, "datetime": {"datetime": "2021-09-24 16:57:13", "elapsed": 66.109395, "delta": 1.035707}}
{"target": -45.98302058169716, "params": {"eta": 0.30223546485287306, "max_depth": 23.82861676674604, "n_estimators": 249.4334787038817}, "datetime": {"datetime": "2021-09-24 16:57:14", "elapsed": 67.289001, "delta": 1.179606}}
{"target": -45.08368591079138, "params": {"eta": 0.03394647099869078, "max_depth": 17.91671877592253, "n_estimators": 219.8002882686183}, "datetime": {"datetime": "2021-09-24 16:57:16", "elapsed": 69.310154, "delta": 2.021153}}
{"target": -45.88087443301552, "params": {"eta": 0.050921587790371904, "max_depth": 10.91116507990278, "n_estimators": 214.8911394196058}, "datetime": {"datetime": "2021-09-24 16:57:18", "elapsed": 70.864448, "delta": 1.554294}}
{"target": -45.93032464048916, "params": {"eta": 0.04263094103444289, "max_depth": 25.92221643926363, "n_estimators": 205.41094310588159}, "datetime": {"datetime": "2021-09-24 16:57:20", "elapsed": 72.966364, "delta": 2.101916}}
{"target": -48.852291250587406, "params": {"eta": 0.1858430131105386, "max_depth": 7.481130653415214, "n_estimators": 222.2016128498426}, "datetime": {"datetime": "2021-09-24 16:57:21", "elapsed": 74.057429, "delta": 1.091065}}
{"target": -47.316726225659366, "params": {"eta": 0.33110244626512564, "max_depth": 13.21588891546591, "n_estimators": 232.14252442417975}, "datetime": {"datetime": "2021-09-24 16:57:22", "elapsed": 74.851429, "delta": 0.794}}
{"target": -45.81748391631851, "params": {"eta": 0.2392578311045929, "max_depth": 27.701090422558494, "n_estimators": 241.3845831894545}, "datetime": {"datetime": "2021-09-24 16:57:23", "elapsed": 76.060958, "delta": 1.209529}}
{"target": -46.87909170738737, "params": {"eta": 0.21233671933522413, "max_depth": 18.63666029259444, "n_estimators": 219.4663666906332}, "datetime": {"datetime": "2021-09-24 16:57:24", "elapsed": 77.163955, "delta": 1.102997}}
{"target": -43.69904829326429, "params": {"eta": 0.030679918898579003, "max_depth": 33.224381049302764, "n_estimators": 249.55850223285796}, "datetime": {"datetime": "2021-09-24 16:57:26", "elapsed": 79.787957, "delta": 2.624002}}
{"target": -48.13208013548887, "params": {"eta": 0.1289880457998873, "max_depth": 18.226302337487873, "n_estimators": 219.39680418951176}, "datetime": {"datetime": "2021-09-24 16:57:28", "elapsed": 81.619048, "delta": 1.831091}}
{"target": -45.93515123639788, "params": {"eta": 0.06323337470502217, "max_depth": 40.95521999783889, "n_estimators": 248.73147968393812}, "datetime": {"datetime": "2021-09-24 16:57:31", "elapsed": 84.545105, "delta": 2.926057}}
{"target": -49.1156264857242, "params": {"eta": 0.43715603089570476, "max_depth": 9.751163425696538, "n_estimators": 220.93931009476364}, "datetime": {"datetime": "2021-09-24 16:57:32", "elapsed": 85.336947, "delta": 0.791842}}
{"target": -45.62726274648107, "params": {"eta": 0.04523695570208949, "max_depth": 8.649254961790454, "n_estimators": 233.87414109492204}, "datetime": {"datetime": "2021-09-24 16:57:34", "elapsed": 87.093021, "delta": 1.756074}}
{"target": -46.21547833779701, "params": {"eta": 0.11116889817642837, "max_depth": 33.2495244879584, "n_estimators": 249.4177243453714}, "datetime": {"datetime": "2021-09-24 16:57:36", "elapsed": 89.734858, "delta": 2.641837}}
{"target": -46.46506468694013, "params": {"eta": 0.28810055871758006, "max_depth": 14.490943335579477, "n_estimators": 225.62205600058684}, "datetime": {"datetime": "2021-09-24 16:57:37", "elapsed": 90.609209, "delta": 0.874351}}
{"target": -46.005021403606676, "params": {"eta": 0.06793329471684136, "max_depth": 18.392031130965165, "n_estimators": 219.24850355778142}, "datetime": {"datetime": "2021-09-24 16:57:39", "elapsed": 92.682565, "delta": 2.073356}}
{"target": -48.1836753787851, "params": {"eta": 0.13607787117570144, "max_depth": 37.33385209436621, "n_estimators": 233.0510753929293}, "datetime": {"datetime": "2021-09-24 16:57:41", "elapsed": 94.486393, "delta": 1.803828}}
{"target": -44.934870956535626, "params": {"eta": 0.018335167610606183, "max_depth": 15.3727929475935, "n_estimators": 215.57998725675006}, "datetime": {"datetime": "2021-09-24 16:57:43", "elapsed": 96.660801, "delta": 2.174408}}
{"target": -45.580508296651054, "params": {"eta": 0.05226158862676538, "max_depth": 27.813088315235195, "n_estimators": 207.25157499326235}, "datetime": {"datetime": "2021-09-24 16:57:45", "elapsed": 98.808272, "delta": 2.147471}}
{"target": -48.63880779868678, "params": {"eta": 0.42331446096762293, "max_depth": 36.82122326951182, "n_estimators": 209.8406121739642}, "datetime": {"datetime": "2021-09-24 16:57:46", "elapsed": 99.705536, "delta": 0.897264}}
{"target": -45.612570196166075, "params": {"eta": 0.07584489839794878, "max_depth": 17.87834058972022, "n_estimators": 219.9452204388261}, "datetime": {"datetime": "2021-09-24 16:57:49", "elapsed": 102.038911, "delta": 2.333375}}
{"target": -45.87926164784826, "params": {"eta": 0.01284673927097012, "max_depth": 25.976035776152003, "n_estimators": 205.33280991027175}, "datetime": {"datetime": "2021-09-24 16:57:50", "elapsed": 103.488382, "delta": 1.449471}}
{"target": -46.18660308723163, "params": {"eta": 0.0687250520702261, "max_depth": 15.396065986726942, "n_estimators": 215.6337966343563}, "datetime": {"datetime": "2021-09-24 16:57:52", "elapsed": 105.728889, "delta": 2.240507}}
{"target": -46.20628497475072, "params": {"eta": 0.04234657277119421, "max_depth": 17.861112079637092, "n_estimators": 219.99422544310482}, "datetime": {"datetime": "2021-09-24 16:57:55", "elapsed": 108.159647, "delta": 2.430758}}
{"target": -45.35722219137321, "params": {"eta": 0.013161768402225832, "max_depth": 38.511432621880616, "n_estimators": 203.29771991909416}, "datetime": {"datetime": "2021-09-24 16:57:57", "elapsed": 110.007913, "delta": 1.848266}}
{"target": -47.956678118024556, "params": {"eta": 0.2578040076762521, "max_depth": 49.507491394793824, "n_estimators": 220.1223978695072}, "datetime": {"datetime": "2021-09-24 16:57:58", "elapsed": 110.99034, "delta": 0.982427}}
{"target": -46.04761918146807, "params": {"eta": 0.08184618197820095, "max_depth": 18.124242576421214, "n_estimators": 219.85218658847268}, "datetime": {"datetime": "2021-09-24 16:58:00", "elapsed": 113.585237, "delta": 2.594897}}
{"target": -44.87214878627232, "params": {"eta": 0.23458554631387035, "max_depth": 48.494797827137035, "n_estimators": 228.45220328247996}, "datetime": {"datetime": "2021-09-24 16:58:02", "elapsed": 115.207233, "delta": 1.621996}}
{"target": -48.191714121883074, "params": {"eta": 0.19431391711357351, "max_depth": 27.788162122939347, "n_estimators": 207.29323924663962}, "datetime": {"datetime": "2021-09-24 16:58:03", "elapsed": 116.77379, "delta": 1.566557}}
{"target": -45.68089325983721, "params": {"eta": 0.07588913149854931, "max_depth": 46.99324203591522, "n_estimators": 200.47356160967547}, "datetime": {"datetime": "2021-09-24 16:58:06", "elapsed": 118.925429, "delta": 2.151639}}
{"target": -48.898775832097336, "params": {"eta": 0.2528482061166746, "max_depth": 21.623598777073973, "n_estimators": 234.15138561386556}, "datetime": {"datetime": "2021-09-24 16:58:07", "elapsed": 120.090661, "delta": 1.165232}}
{"target": -45.68234427889487, "params": {"eta": 0.09661913876333048, "max_depth": 11.251454945349261, "n_estimators": 226.53002138720396}, "datetime": {"datetime": "2021-09-24 16:58:09", "elapsed": 122.043929, "delta": 1.953268}}
{"target": -48.648591751442815, "params": {"eta": 0.4144523528655713, "max_depth": 6.874702413890377, "n_estimators": 227.91544281685313}, "datetime": {"datetime": "2021-09-24 16:58:10", "elapsed": 122.895805, "delta": 0.851876}}
{"target": -47.95901687163159, "params": {"eta": 0.3579860858383166, "max_depth": 23.35867240733647, "n_estimators": 245.78585336392797}, "datetime": {"datetime": "2021-09-24 16:58:10", "elapsed": 123.717526, "delta": 0.821721}}
{"target": -46.68866528962788, "params": {"eta": 0.2605801214706563, "max_depth": 35.82706299978012, "n_estimators": 246.65190465974592}, "datetime": {"datetime": "2021-09-24 16:58:11", "elapsed": 124.796673, "delta": 1.079147}}
{"target": -46.33697919917286, "params": {"eta": 0.30191400975363153, "max_depth": 47.57030541833603, "n_estimators": 229.70558644391923}, "datetime": {"datetime": "2021-09-24 16:58:12", "elapsed": 125.830652, "delta": 1.033979}}
{"target": -49.73589174371017, "params": {"eta": 0.4172367475862031, "max_depth": 42.17617290764075, "n_estimators": 226.87444837801564}, "datetime": {"datetime": "2021-09-24 16:58:13", "elapsed": 126.816203, "delta": 0.985551}}
{"target": -46.86487166325849, "params": {"eta": 0.06191109406482537, "max_depth": 38.54307999200532, "n_estimators": 203.42494266321015}, "datetime": {"datetime": "2021-09-24 16:58:16", "elapsed": 129.084402, "delta": 2.268199}}
{"target": -48.45413503431736, "params": {"eta": 0.3983848038875138, "max_depth": 7.904253223643431, "n_estimators": 239.61308003696954}, "datetime": {"datetime": "2021-09-24 16:58:17", "elapsed": 129.850575, "delta": 0.766173}}
{"target": -47.91030097904062, "params": {"eta": 0.2593100968772867, "max_depth": 48.69371588766488, "n_estimators": 228.4061870587146}, "datetime": {"datetime": "2021-09-24 16:58:18", "elapsed": 130.876441, "delta": 1.025866}}
{"target": -47.860990782429404, "params": {"eta": 0.20110525879476415, "max_depth": 2.7292262910206277, "n_estimators": 207.74251631739773}, "datetime": {"datetime": "2021-09-24 16:58:18", "elapsed": 131.493185, "delta": 0.616744}}
{"target": -43.83720656086628, "params": {"eta": 0.02245538607240999, "max_depth": 2.769540032232211, "n_estimators": 201.4912465937904}, "datetime": {"datetime": "2021-09-24 16:58:19", "elapsed": 132.057186, "delta": 0.564001}}
{"target": -43.9247537197027, "params": {"eta": 0.03748511612559497, "max_depth": 2.723501498772186, "n_estimators": 201.46670171676405}, "datetime": {"datetime": "2021-09-24 16:58:19", "elapsed": 132.735444, "delta": 0.678258}}
{"target": -45.18714029986159, "params": {"eta": 0.07566843253961066, "max_depth": 38.56446004702325, "n_estimators": 203.30445781189925}, "datetime": {"datetime": "2021-09-24 16:58:22", "elapsed": 135.034278, "delta": 2.298834}}
{"target": -46.13700055000477, "params": {"eta": 0.08535793221809934, "max_depth": 17.82755170734042, "n_estimators": 219.8262934154431}, "datetime": {"datetime": "2021-09-24 16:58:24", "elapsed": 137.33296, "delta": 2.298682}}
{"target": -47.55313666781088, "params": {"eta": 0.3122443728119713, "max_depth": 48.52291712202512, "n_estimators": 228.62010099026375}, "datetime": {"datetime": "2021-09-24 16:58:25", "elapsed": 138.507522, "delta": 1.174562}}
{"target": -45.43203204735777, "params": {"eta": 0.10328200872389891, "max_depth": 21.376234083412786, "n_estimators": 200.18492148350563}, "datetime": {"datetime": "2021-09-24 16:58:27", "elapsed": 140.665812, "delta": 2.15829}}
{"target": -44.10583014237253, "params": {"eta": 0.01572993756209042, "max_depth": 2.56163293811539, "n_estimators": 201.48417862541484}, "datetime": {"datetime": "2021-09-24 16:58:28", "elapsed": 141.435058, "delta": 0.769246}}
{"target": -45.64475098229889, "params": {"eta": 0.03217034468753367, "max_depth": 33.12708867540473, "n_estimators": 249.77501362629232}, "datetime": {"datetime": "2021-09-24 16:58:30", "elapsed": 143.802561, "delta": 2.367503}}
{"target": -49.23172536290678, "params": {"eta": 0.3231614802100482, "max_depth": 5.857861893602154, "n_estimators": 207.174982662842}, "datetime": {"datetime": "2021-09-24 16:58:31", "elapsed": 144.695685, "delta": 0.893124}}
{"target": -49.56484773105249, "params": {"eta": 0.19697841636919, "max_depth": 48.26779131798843, "n_estimators": 228.42586652281963}, "datetime": {"datetime": "2021-09-24 16:58:33", "elapsed": 146.010077, "delta": 1.314392}}
{"target": -46.22307793179849, "params": {"eta": 0.13548452227344474, "max_depth": 2.6866204680620553, "n_estimators": 201.68522471173122}, "datetime": {"datetime": "2021-09-24 16:58:33", "elapsed": 146.742093, "delta": 0.732016}}
{"target": -47.79721359023474, "params": {"eta": 0.20529968989300548, "max_depth": 33.14348643545409, "n_estimators": 214.2092053547235}, "datetime": {"datetime": "2021-09-24 16:58:35", "elapsed": 148.571262, "delta": 1.829169}}
