{"target": 0.28411600125068004, "params": {"eta": 0.4609310603540131, "max_depth": 17.22641411390711, "n_estimators": 47.70083931320087}, "datetime": {"datetime": "2021-09-24 12:39:57", "elapsed": 229.29726, "delta": 1.140407}}
{"target": -0.400420064968515, "params": {"eta": 0.2811952557318037, "max_depth": 9.42245777804396, "n_estimators": 3.6277506555123242}, "datetime": {"datetime": "2021-09-24 12:39:58", "elapsed": 230.136256, "delta": 0.838996}}
{"target": 0.26984978899370526, "params": {"eta": 0.11982180758556595, "max_depth": 13.654420001194902, "n_estimators": 39.13405567910357}, "datetime": {"datetime": "2021-09-24 12:39:59", "elapsed": 231.75664, "delta": 1.620384}}
{"target": 0.16445369704925106, "params": {"eta": 0.5758211210510558, "max_depth": 8.228139861595285, "n_estimators": 26.96083449175503}, "datetime": {"datetime": "2021-09-24 12:40:01", "elapsed": 232.924401, "delta": 1.167761}}
{"target": 0.26519798609092515, "params": {"eta": 0.2800798914680295, "max_depth": 9.346265941620809, "n_estimators": 30.20485531125195}, "datetime": {"datetime": "2021-09-24 12:40:02", "elapsed": 234.17742, "delta": 1.253019}}
{"target": 0.28130890367416284, "params": {"eta": 0.29648997825674744, "max_depth": 18.142144635914118, "n_estimators": 26.362478838860827}, "datetime": {"datetime": "2021-09-24 12:40:04", "elapsed": 235.858502, "delta": 1.681082}}
{"target": 0.3430555943516075, "params": {"eta": 0.12037554615467297, "max_depth": 8.164108640826091, "n_estimators": 34.265486043899905}, "datetime": {"datetime": "2021-09-24 12:40:05", "elapsed": 237.212816, "delta": 1.354314}}
{"target": 0.273456218959531, "params": {"eta": 0.20736774586297996, "max_depth": 8.599849674819456, "n_estimators": 33.788598492367875}, "datetime": {"datetime": "2021-09-24 12:40:06", "elapsed": 238.734815, "delta": 1.521999}}
{"target": 0.13614287872973097, "params": {"eta": 0.5994084167264793, "max_depth": 15.338729169129467, "n_estimators": 45.201012884501544}, "datetime": {"datetime": "2021-09-24 12:40:09", "elapsed": 241.003964, "delta": 2.269149}}
{"target": 0.08010238256680213, "params": {"eta": 0.579377069762932, "max_depth": 16.110713851818137, "n_estimators": 45.62499358025862}, "datetime": {"datetime": "2021-09-24 12:40:10", "elapsed": 242.796003, "delta": 1.792039}}
{"target": 0.311348018834508, "params": {"eta": 0.12389196764412118, "max_depth": 7.722279058585323, "n_estimators": 34.56099741619109}, "datetime": {"datetime": "2021-09-24 12:40:13", "elapsed": 245.186217, "delta": 2.390214}}
{"target": 0.30704429950110323, "params": {"eta": 0.1487665947480562, "max_depth": 16.40883210231349, "n_estimators": 46.21307079778928}, "datetime": {"datetime": "2021-09-24 12:40:15", "elapsed": 247.699257, "delta": 2.51304}}
{"target": 0.150624516917803, "params": {"eta": 0.5538466328898021, "max_depth": 8.184910168258632, "n_estimators": 34.31351344555826}, "datetime": {"datetime": "2021-09-24 12:40:17", "elapsed": 249.573635, "delta": 1.874378}}
{"target": 0.33344017811619875, "params": {"eta": 0.09717230047084821, "max_depth": 16.676495919307584, "n_estimators": 45.549116435555995}, "datetime": {"datetime": "2021-09-24 12:40:19", "elapsed": 251.459007, "delta": 1.885372}}
{"target": 0.053764933018464744, "params": {"eta": 0.5734132285169978, "max_depth": 12.257038202088237, "n_estimators": 41.616487141248534}, "datetime": {"datetime": "2021-09-24 12:40:20", "elapsed": 252.715007, "delta": 1.256}}
{"target": 0.292652162327507, "params": {"eta": 0.11579209146128791, "max_depth": 17.188382366290874, "n_estimators": 45.76887804850504}, "datetime": {"datetime": "2021-09-24 12:40:22", "elapsed": 254.43863, "delta": 1.723623}}
{"target": 0.2351674526879015, "params": {"eta": 0.3775791043417138, "max_depth": 17.80474310692104, "n_estimators": 45.544710399812864}, "datetime": {"datetime": "2021-09-24 12:40:24", "elapsed": 256.389418, "delta": 1.950788}}
{"target": 0.3265364682056393, "params": {"eta": 0.08, "max_depth": 7.0, "n_estimators": 40.26405721713877}, "datetime": {"datetime": "2021-09-24 12:40:26", "elapsed": 258.689383, "delta": 2.299965}}
{"target": 0.2765882691104026, "params": {"eta": 0.11567299137575741, "max_depth": 8.072810634122453, "n_estimators": 35.10595647409218}, "datetime": {"datetime": "2021-09-24 12:40:28", "elapsed": 260.551759, "delta": 1.862376}}
{"target": 0.3312033593692384, "params": {"eta": 0.08, "max_depth": 7.0, "n_estimators": 44.37238182819732}, "datetime": {"datetime": "2021-09-24 12:40:30", "elapsed": 262.28409, "delta": 1.732331}}
{"target": 0.2696926790184031, "params": {"eta": 0.19673052498037535, "max_depth": 7.457647130363203, "n_estimators": 42.688470171139244}, "datetime": {"datetime": "2021-09-24 12:40:31", "elapsed": 263.633251, "delta": 1.349161}}
{"target": 0.06740997203720123, "params": {"eta": 0.5641512415036107, "max_depth": 19.135611766940634, "n_estimators": 16.472822123440555}, "datetime": {"datetime": "2021-09-24 12:40:32", "elapsed": 264.80325, "delta": 1.169999}}
{"target": 0.3260422080451507, "params": {"eta": 0.13336958923515216, "max_depth": 7.386319711929971, "n_estimators": 44.80527339307802}, "datetime": {"datetime": "2021-09-24 12:40:35", "elapsed": 266.939711, "delta": 2.136461}}
{"target": 0.3213388373865038, "params": {"eta": 0.2514261893769464, "max_depth": 8.399712543988052, "n_estimators": 34.753315409688916}, "datetime": {"datetime": "2021-09-24 12:40:36", "elapsed": 268.597712, "delta": 1.658001}}
{"target": 0.3287710448211768, "params": {"eta": 0.1884261240143042, "max_depth": 19.044340137779482, "n_estimators": 36.95727126291929}, "datetime": {"datetime": "2021-09-24 12:40:38", "elapsed": 270.102746, "delta": 1.505034}}
{"target": 0.1292445867138644, "params": {"eta": 0.27315357306416155, "max_depth": 13.912667816340843, "n_estimators": 6.546050688102707}, "datetime": {"datetime": "2021-09-24 12:40:39", "elapsed": 271.235748, "delta": 1.133002}}
{"target": -0.9912270446770519, "params": {"eta": 0.4606918958059028, "max_depth": 11.416776511016776, "n_estimators": 1.3442067621438754}, "datetime": {"datetime": "2021-09-24 12:40:40", "elapsed": 272.279744, "delta": 1.043996}}
{"target": 0.2840372577440219, "params": {"eta": 0.2609679109684952, "max_depth": 9.160218359155348, "n_estimators": 45.50332216045954}, "datetime": {"datetime": "2021-09-24 12:40:42", "elapsed": 274.403744, "delta": 2.124}}
{"target": 0.2528528878617686, "params": {"eta": 0.3279401941714182, "max_depth": 14.578322119611235, "n_estimators": 10.442062057034052}, "datetime": {"datetime": "2021-09-24 12:40:43", "elapsed": 275.660399, "delta": 1.256655}}
{"target": 0.322837409732483, "params": {"eta": 0.1709444866390672, "max_depth": 8.344822266033251, "n_estimators": 44.88720277127102}, "datetime": {"datetime": "2021-09-24 12:40:45", "elapsed": 277.626985, "delta": 1.966586}}
{"target": 0.13649617604421949, "params": {"eta": 0.5880853287437751, "max_depth": 7.7577012571649036, "n_estimators": 45.171233231217066}, "datetime": {"datetime": "2021-09-24 12:40:48", "elapsed": 279.866273, "delta": 2.239288}}
{"target": 0.32000700569073615, "params": {"eta": 0.08, "max_depth": 14.829172800712605, "n_estimators": 44.128802669511906}, "datetime": {"datetime": "2021-09-24 12:40:50", "elapsed": 282.735389, "delta": 2.869116}}
{"target": 0.29374940380024306, "params": {"eta": 0.12869521597807976, "max_depth": 13.047243298278298, "n_estimators": 38.54868860580867}, "datetime": {"datetime": "2021-09-24 12:40:53", "elapsed": 285.035447, "delta": 2.300058}}
{"target": 0.18049635896957195, "params": {"eta": 0.4683834865249939, "max_depth": 17.13211436268362, "n_estimators": 15.278523370807413}, "datetime": {"datetime": "2021-09-24 12:40:54", "elapsed": 286.415985, "delta": 1.380538}}
{"target": 0.16781437912742048, "params": {"eta": 0.5381060373255768, "max_depth": 15.223978930069338, "n_estimators": 43.670365021449626}, "datetime": {"datetime": "2021-09-24 12:40:56", "elapsed": 288.061679, "delta": 1.645694}}
{"target": 0.2660621041943946, "params": {"eta": 0.3828737816208584, "max_depth": 19.703974407695448, "n_estimators": 36.98942375637183}, "datetime": {"datetime": "2021-09-24 12:40:57", "elapsed": 289.820849, "delta": 1.75917}}
{"target": 0.15138193917235387, "params": {"eta": 0.5397704035503648, "max_depth": 16.240793570618635, "n_estimators": 5.713360617640679}, "datetime": {"datetime": "2021-09-24 12:40:59", "elapsed": 291.150993, "delta": 1.330144}}
{"target": 0.2887620353655459, "params": {"eta": 0.08030211234487879, "max_depth": 19.25028937591594, "n_estimators": 37.59568748309034}, "datetime": {"datetime": "2021-09-24 12:41:01", "elapsed": 293.141543, "delta": 1.99055}}
{"target": 0.309807776959666, "params": {"eta": 0.11125228439436884, "max_depth": 17.43372141414317, "n_estimators": 49.627990376629796}, "datetime": {"datetime": "2021-09-24 12:41:03", "elapsed": 295.041972, "delta": 1.900429}}
{"target": 0.2385012792823713, "params": {"eta": 0.3948885255928015, "max_depth": 17.894410341738578, "n_estimators": 25.547754782024047}, "datetime": {"datetime": "2021-09-24 12:41:05", "elapsed": 297.046932, "delta": 2.00496}}
{"target": 0.2533709719698518, "params": {"eta": 0.4727186002044864, "max_depth": 13.35725357360435, "n_estimators": 13.642803703457522}, "datetime": {"datetime": "2021-09-24 12:41:06", "elapsed": 298.626877, "delta": 1.579945}}
{"target": 0.15868309084213994, "params": {"eta": 0.5597189620664885, "max_depth": 7.614917855138294, "n_estimators": 41.04591553108066}, "datetime": {"datetime": "2021-09-24 12:41:08", "elapsed": 300.1713, "delta": 1.544423}}
{"target": 0.09356082176570812, "params": {"eta": 0.5666355613941936, "max_depth": 18.531107261656256, "n_estimators": 10.692149784088219}, "datetime": {"datetime": "2021-09-24 12:41:09", "elapsed": 301.689882, "delta": 1.518582}}
{"target": 0.19106070888831728, "params": {"eta": 0.502758375964241, "max_depth": 18.512563162851944, "n_estimators": 37.3459671159989}, "datetime": {"datetime": "2021-09-24 12:41:12", "elapsed": 304.053404, "delta": 2.363522}}
{"target": 0.3184695411057823, "params": {"eta": 0.08, "max_depth": 16.851454882143564, "n_estimators": 50.0}, "datetime": {"datetime": "2021-09-24 12:41:14", "elapsed": 306.102794, "delta": 2.04939}}
{"target": 0.3296465101815299, "params": {"eta": 0.1399979645239507, "max_depth": 8.289899389665333, "n_estimators": 37.96913481208877}, "datetime": {"datetime": "2021-09-24 12:41:15", "elapsed": 307.542562, "delta": 1.439768}}
{"target": 0.29650475434824686, "params": {"eta": 0.19186523424962476, "max_depth": 8.690659725073116, "n_estimators": 38.4437918603149}, "datetime": {"datetime": "2021-09-24 12:41:17", "elapsed": 309.835773, "delta": 2.293211}}
{"target": 0.15397101499889787, "params": {"eta": 0.6, "max_depth": 13.531007946625163, "n_estimators": 38.17758384042972}, "datetime": {"datetime": "2021-09-24 12:41:20", "elapsed": 312.276394, "delta": 2.440621}}
{"target": 0.3136318668686151, "params": {"eta": 0.1402267268022514, "max_depth": 7.927916081115812, "n_estimators": 38.479745653751856}, "datetime": {"datetime": "2021-09-24 12:41:22", "elapsed": 314.798582, "delta": 2.522188}}
{"target": 0.3431951728550944, "params": {"eta": 0.44248195359737763, "max_depth": 8.378494947381967, "n_estimators": 44.07243681970747}, "datetime": {"datetime": "2021-09-24 12:41:24", "elapsed": 316.297621, "delta": 1.499039}}
{"target": 0.2694173966738016, "params": {"eta": 0.22019670762507187, "max_depth": 14.337319959871675, "n_estimators": 44.529636362340035}, "datetime": {"datetime": "2021-09-24 12:41:26", "elapsed": 318.747786, "delta": 2.450165}}
{"target": 0.3634268598491166, "params": {"eta": 0.0870794651471251, "max_depth": 8.342354945201519, "n_estimators": 44.36548247640458}, "datetime": {"datetime": "2021-09-24 12:41:28", "elapsed": 320.419544, "delta": 1.671758}}
{"target": 0.33094556382427, "params": {"eta": 0.24393857471048686, "max_depth": 7.718326786403278, "n_estimators": 48.9980039755698}, "datetime": {"datetime": "2021-09-24 12:41:30", "elapsed": 321.909641, "delta": 1.490097}}
{"target": 0.33252020235712043, "params": {"eta": 0.16596887199517676, "max_depth": 8.104484789307085, "n_estimators": 49.570918870173486}, "datetime": {"datetime": "2021-09-24 12:41:32", "elapsed": 324.493489, "delta": 2.583848}}
{"target": 0.33526690865518227, "params": {"eta": 0.14131134327461553, "max_depth": 8.545380231492071, "n_estimators": 49.051357225947584}, "datetime": {"datetime": "2021-09-24 12:41:34", "elapsed": 326.636589, "delta": 2.1431}}
{"target": 0.10162232858061626, "params": {"eta": 0.5417007891454545, "max_depth": 8.359677519502979, "n_estimators": 48.574590468266}, "datetime": {"datetime": "2021-09-24 12:41:37", "elapsed": 328.951907, "delta": 2.315318}}
{"target": 0.3378382021955594, "params": {"eta": 0.128820657753921, "max_depth": 7.387968561821107, "n_estimators": 49.51109912261921}, "datetime": {"datetime": "2021-09-24 12:41:39", "elapsed": 331.759383, "delta": 2.807476}}
{"target": 0.1559166201973453, "params": {"eta": 0.5458744648440349, "max_depth": 18.946275730728907, "n_estimators": 39.83662013022513}, "datetime": {"datetime": "2021-09-24 12:41:41", "elapsed": 333.539574, "delta": 1.780191}}
{"target": 0.13230741367517618, "params": {"eta": 0.6, "max_depth": 7.700039429411628, "n_estimators": 49.53454861499662}, "datetime": {"datetime": "2021-09-24 12:41:44", "elapsed": 336.195005, "delta": 2.655431}}
{"target": 0.33851540715546935, "params": {"eta": 0.17170115300676667, "max_depth": 8.783521722160431, "n_estimators": 49.53169565947643}, "datetime": {"datetime": "2021-09-24 12:41:46", "elapsed": 338.258014, "delta": 2.063009}}
{"target": 0.34541417425260457, "params": {"eta": 0.0900493279540128, "max_depth": 7.150251146712079, "n_estimators": 48.51902520106831}, "datetime": {"datetime": "2021-09-24 12:41:49", "elapsed": 341.382559, "delta": 3.124545}}
{"target": 0.23473622387181414, "params": {"eta": 0.4150043316665462, "max_depth": 7.048158334516291, "n_estimators": 49.17648196454267}, "datetime": {"datetime": "2021-09-24 12:41:51", "elapsed": 343.785461, "delta": 2.402902}}
{"target": 0.3325780649207165, "params": {"eta": 0.08, "max_depth": 7.1896835664159475, "n_estimators": 47.87342884655811}, "datetime": {"datetime": "2021-09-24 12:41:54", "elapsed": 346.575967, "delta": 2.790506}}
{"target": 0.15290622964457745, "params": {"eta": 0.5957768495014995, "max_depth": 7.4558793304320785, "n_estimators": 48.25818838172169}, "datetime": {"datetime": "2021-09-24 12:41:56", "elapsed": 348.751471, "delta": 2.175504}}
{"target": 0.12477168746188161, "params": {"eta": 0.5814504033291062, "max_depth": 19.17882196921086, "n_estimators": 36.38462330278434}, "datetime": {"datetime": "2021-09-24 12:42:00", "elapsed": 352.127193, "delta": 3.375722}}
{"target": 0.08504885646198157, "params": {"eta": 0.5740285159000927, "max_depth": 17.864966783557122, "n_estimators": 50.0}, "datetime": {"datetime": "2021-09-24 12:42:02", "elapsed": 354.318791, "delta": 2.191598}}
{"target": 0.3325780649207165, "params": {"eta": 0.08, "max_depth": 7.0, "n_estimators": 47.226799586043725}, "datetime": {"datetime": "2021-09-24 12:42:05", "elapsed": 357.292184, "delta": 2.973393}}
{"target": 0.32340655908907245, "params": {"eta": 0.22569275785840887, "max_depth": 7.735879221492969, "n_estimators": 47.28795520183421}, "datetime": {"datetime": "2021-09-24 12:42:07", "elapsed": 359.55285, "delta": 2.260666}}
{"target": 0.21583655799900292, "params": {"eta": 0.5502498644145221, "max_depth": 15.142230233040564, "n_estimators": 26.375488428192213}, "datetime": {"datetime": "2021-09-24 12:42:09", "elapsed": 361.167216, "delta": 1.614366}}
{"target": 0.13135209656072988, "params": {"eta": 0.5878617858138853, "max_depth": 7.223554461983344, "n_estimators": 47.10863143920232}, "datetime": {"datetime": "2021-09-24 12:42:11", "elapsed": 363.371014, "delta": 2.203798}}
{"target": 0.29562985014834997, "params": {"eta": 0.3861520492980488, "max_depth": 13.420958710074231, "n_estimators": 10.39862125833777}, "datetime": {"datetime": "2021-09-24 12:42:12", "elapsed": 364.787652, "delta": 1.416638}}
{"target": 0.26525893309414483, "params": {"eta": 0.11810402723013463, "max_depth": 19.252829381251935, "n_estimators": 49.87036666700026}, "datetime": {"datetime": "2021-09-24 12:42:16", "elapsed": 367.865065, "delta": 3.077413}}
{"target": 0.3718113994304384, "params": {"eta": 0.21135414537261488, "max_depth": 12.900681944333273, "n_estimators": 44.102188055930306}, "datetime": {"datetime": "2021-09-24 12:42:19", "elapsed": 371.108097, "delta": 3.243032}}
{"target": 0.2587073850201129, "params": {"eta": 0.26391710620345693, "max_depth": 12.332197367290728, "n_estimators": 43.9825919470163}, "datetime": {"datetime": "2021-09-24 12:42:22", "elapsed": 373.89003, "delta": 2.781933}}
{"target": 0.27100374983198117, "params": {"eta": 0.38204343371311444, "max_depth": 9.933997758594824, "n_estimators": 32.96597380939397}, "datetime": {"datetime": "2021-09-24 12:42:23", "elapsed": 375.426034, "delta": 1.536004}}
{"target": 0.33286165287930747, "params": {"eta": 0.23582563809710475, "max_depth": 13.326736324029818, "n_estimators": 44.49935510466247}, "datetime": {"datetime": "2021-09-24 12:42:26", "elapsed": 377.87918, "delta": 2.453146}}
{"target": 0.1382231754766703, "params": {"eta": 0.5545804036393922, "max_depth": 13.187959516089666, "n_estimators": 43.65777424304055}, "datetime": {"datetime": "2021-09-24 12:42:28", "elapsed": 380.302994, "delta": 2.423814}}
{"target": 0.08801497455825458, "params": {"eta": 0.569919391310413, "max_depth": 13.199541900385471, "n_estimators": 45.09311101358172}, "datetime": {"datetime": "2021-09-24 12:42:30", "elapsed": 382.535992, "delta": 2.232998}}
{"target": 0.3132809780081637, "params": {"eta": 0.18119118005698653, "max_depth": 9.171545461311974, "n_estimators": 49.06272746259716}, "datetime": {"datetime": "2021-09-24 12:42:34", "elapsed": 385.903306, "delta": 3.367314}}
{"target": 0.21313926762102542, "params": {"eta": 0.5914834287354387, "max_depth": 15.082380514815547, "n_estimators": 19.325296500869307}, "datetime": {"datetime": "2021-09-24 12:42:35", "elapsed": 387.456279, "delta": 1.552973}}
{"target": 0.22911804677364256, "params": {"eta": 0.4170717433549406, "max_depth": 16.944580003048618, "n_estimators": 25.447794425020362}, "datetime": {"datetime": "2021-09-24 12:42:38", "elapsed": 389.975966, "delta": 2.519687}}
{"target": -0.21952149236291274, "params": {"eta": 0.43878638717692237, "max_depth": 12.796618423888557, "n_estimators": 2.707683002683663}, "datetime": {"datetime": "2021-09-24 12:42:39", "elapsed": 391.438435, "delta": 1.462469}}
{"target": 0.18647730693059128, "params": {"eta": 0.5925180335651049, "max_depth": 8.68842428271016, "n_estimators": 44.65919542950348}, "datetime": {"datetime": "2021-09-24 12:42:42", "elapsed": 393.902192, "delta": 2.463757}}
{"target": 0.14091770056532815, "params": {"eta": 0.5805819379091446, "max_depth": 18.80196358347598, "n_estimators": 25.820216998278283}, "datetime": {"datetime": "2021-09-24 12:42:44", "elapsed": 396.289301, "delta": 2.387109}}
{"target": -1.969456870623738, "params": {"eta": 0.2777815513743437, "max_depth": 10.158144265756233, "n_estimators": 1.9835386314699877}, "datetime": {"datetime": "2021-09-24 12:42:45", "elapsed": 397.704142, "delta": 1.414841}}
{"target": 0.30334886154713214, "params": {"eta": 0.24461891022672277, "max_depth": 9.809253195345903, "n_estimators": 24.950503109471608}, "datetime": {"datetime": "2021-09-24 12:42:48", "elapsed": 400.442424, "delta": 2.738282}}
{"target": 0.31608548047791296, "params": {"eta": 0.08, "max_depth": 17.898002317497728, "n_estimators": 47.00873486750266}, "datetime": {"datetime": "2021-09-24 12:42:51", "elapsed": 403.680489, "delta": 3.238065}}
{"target": 0.22485894034904386, "params": {"eta": 0.5191502419652139, "max_depth": 18.64362703584353, "n_estimators": 46.72938060630912}, "datetime": {"datetime": "2021-09-24 12:42:54", "elapsed": 406.284152, "delta": 2.603663}}
{"target": 0.2502523294839514, "params": {"eta": 0.10687528942085606, "max_depth": 19.78151949246332, "n_estimators": 26.957455381368604}, "datetime": {"datetime": "2021-09-24 12:42:57", "elapsed": 409.42659, "delta": 3.142438}}
{"target": 0.27357733199894607, "params": {"eta": 0.2260535891309399, "max_depth": 12.455232061815952, "n_estimators": 47.53562835752287}, "datetime": {"datetime": "2021-09-24 12:43:00", "elapsed": 412.406329, "delta": 2.979739}}
{"target": 0.29458759393151257, "params": {"eta": 0.23178507716319663, "max_depth": 11.542409479886187, "n_estimators": 47.834825801256464}, "datetime": {"datetime": "2021-09-24 12:43:03", "elapsed": 415.062562, "delta": 2.656233}}
{"target": 0.31266610571430564, "params": {"eta": 0.16220995771644886, "max_depth": 10.66962782381109, "n_estimators": 30.212193993520433}, "datetime": {"datetime": "2021-09-24 12:43:06", "elapsed": 417.936297, "delta": 2.873735}}
{"target": 0.3006761412765744, "params": {"eta": 0.10615622123719892, "max_depth": 11.11467485644599, "n_estimators": 28.09561104493777}, "datetime": {"datetime": "2021-09-24 12:43:09", "elapsed": 420.966764, "delta": 3.030467}}
{"target": 0.31018520406628536, "params": {"eta": 0.08, "max_depth": 9.2137914020823, "n_estimators": 37.710868466688844}, "datetime": {"datetime": "2021-09-24 12:43:12", "elapsed": 424.053854, "delta": 3.08709}}
{"target": 0.05127029658528515, "params": {"eta": 0.5730716724127164, "max_depth": 18.67764727661515, "n_estimators": 6.289534961577626}, "datetime": {"datetime": "2021-09-24 12:43:13", "elapsed": 425.62285, "delta": 1.568996}}
{"target": 0.3223749612637695, "params": {"eta": 0.10258945712123542, "max_depth": 9.120452470739338, "n_estimators": 36.596190977735255}, "datetime": {"datetime": "2021-09-24 12:43:16", "elapsed": 428.541947, "delta": 2.919097}}
