{"target": -33.82561832364427, "params": {"eta": 0.17, "max_depth": 40.34769705681203, "n_estimators": 12.320615055991242}, "datetime": {"datetime": "2021-09-29 15:06:24", "elapsed": 48.472434, "delta": 0.478998}}
{"target": -33.82561832364427, "params": {"eta": 0.17, "max_depth": 97.49683700519437, "n_estimators": 12.971972439809015}, "datetime": {"datetime": "2021-09-29 15:06:24", "elapsed": 48.940983, "delta": 0.468549}}
{"target": -34.08463853456134, "params": {"eta": 0.17, "max_depth": 46.115643751876604, "n_estimators": 13.035954153392964}, "datetime": {"datetime": "2021-09-29 15:06:25", "elapsed": 49.537988, "delta": 0.597005}}
{"target": -33.82561832364427, "params": {"eta": 0.17, "max_depth": 42.28220719141462, "n_estimators": 12.763001623958155}, "datetime": {"datetime": "2021-09-29 15:06:25", "elapsed": 50.040985, "delta": 0.502997}}
{"target": -34.3945828972724, "params": {"eta": 0.17, "max_depth": 48.76516932516692, "n_estimators": 14.488201291556411}, "datetime": {"datetime": "2021-09-29 15:06:26", "elapsed": 50.482987, "delta": 0.442002}}
{"target": -35.59364507836462, "params": {"eta": 0.17, "max_depth": 46.63464616264663, "n_estimators": 20.827748555404614}, "datetime": {"datetime": "2021-09-29 15:06:26", "elapsed": 50.997241, "delta": 0.514254}}
{"target": -35.262398787431856, "params": {"eta": 0.17, "max_depth": 55.19322164024658, "n_estimators": 18.50325358239957}, "datetime": {"datetime": "2021-09-29 15:06:27", "elapsed": 51.496239, "delta": 0.498998}}
{"target": -33.82561832364427, "params": {"eta": 0.17, "max_depth": 17.293457685412765, "n_estimators": 12.77754869698519}, "datetime": {"datetime": "2021-09-29 15:06:27", "elapsed": 51.969241, "delta": 0.473002}}
{"target": -34.08463853456134, "params": {"eta": 0.17, "max_depth": 89.59792187300175, "n_estimators": 13.269520787906337}, "datetime": {"datetime": "2021-09-29 15:06:28", "elapsed": 52.4399, "delta": 0.470659}}
{"target": -34.3945828972724, "params": {"eta": 0.17, "max_depth": 57.86317234127648, "n_estimators": 14.25128640295054}, "datetime": {"datetime": "2021-09-29 15:06:28", "elapsed": 52.951113, "delta": 0.511213}}
{"target": -33.99598282693733, "params": {"eta": 0.17, "max_depth": 51.55266677866914, "n_estimators": 11.61628249646161}, "datetime": {"datetime": "2021-09-29 15:06:29", "elapsed": 53.559114, "delta": 0.608001}}
{"target": -33.82561832364427, "params": {"eta": 0.17, "max_depth": 54.690140038451226, "n_estimators": 12.39253645556412}, "datetime": {"datetime": "2021-09-29 15:06:30", "elapsed": 54.153115, "delta": 0.594001}}
{"target": -33.99598282693733, "params": {"eta": 0.17, "max_depth": 33.69236947530828, "n_estimators": 11.345021200279273}, "datetime": {"datetime": "2021-09-29 15:06:30", "elapsed": 54.688115, "delta": 0.535}}
{"target": -35.262398787431856, "params": {"eta": 0.17, "max_depth": 34.02678571484693, "n_estimators": 18.00895813035804}, "datetime": {"datetime": "2021-09-29 15:06:31", "elapsed": 55.20714, "delta": 0.519025}}
{"target": -34.08463853456134, "params": {"eta": 0.17, "max_depth": 20.723678975357192, "n_estimators": 13.834984517125417}, "datetime": {"datetime": "2021-09-29 15:06:31", "elapsed": 55.795144, "delta": 0.588004}}
{"target": -33.99598282693733, "params": {"eta": 0.17, "max_depth": 17.953080905517847, "n_estimators": 11.527059345061723}, "datetime": {"datetime": "2021-09-29 15:06:32", "elapsed": 56.653143, "delta": 0.857999}}
{"target": -33.82561832364427, "params": {"eta": 0.17, "max_depth": 92.33500727608491, "n_estimators": 12.076778525864844}, "datetime": {"datetime": "2021-09-29 15:06:33", "elapsed": 57.209474, "delta": 0.556331}}
{"target": -33.99598282693733, "params": {"eta": 0.17, "max_depth": 23.23148995594178, "n_estimators": 11.508459759598365}, "datetime": {"datetime": "2021-09-29 15:06:33", "elapsed": 57.705475, "delta": 0.496001}}
{"target": -33.82561832364427, "params": {"eta": 0.17, "max_depth": 26.07938280616861, "n_estimators": 12.444281974434583}, "datetime": {"datetime": "2021-09-29 15:06:34", "elapsed": 58.241472, "delta": 0.535997}}
{"target": -33.82561832364427, "params": {"eta": 0.17, "max_depth": 32.41214777641751, "n_estimators": 12.161964669484474}, "datetime": {"datetime": "2021-09-29 15:06:34", "elapsed": 58.786939, "delta": 0.545467}}
{"target": -33.99598282693733, "params": {"eta": 0.17, "max_depth": 64.88832126622228, "n_estimators": 11.557019733265145}, "datetime": {"datetime": "2021-09-29 15:06:35", "elapsed": 59.404937, "delta": 0.617998}}
{"target": -33.99598282693733, "params": {"eta": 0.17, "max_depth": 68.8018859251742, "n_estimators": 11.684556998262405}, "datetime": {"datetime": "2021-09-29 15:06:35", "elapsed": 59.96294, "delta": 0.558003}}
{"target": -33.99598282693733, "params": {"eta": 0.17, "max_depth": 67.00667851435692, "n_estimators": 11.995621242132794}, "datetime": {"datetime": "2021-09-29 15:06:36", "elapsed": 60.424939, "delta": 0.461999}}
{"target": -34.08463853456134, "params": {"eta": 0.17, "max_depth": 63.82480806489872, "n_estimators": 13.101673706759458}, "datetime": {"datetime": "2021-09-29 15:06:36", "elapsed": 60.917781, "delta": 0.492842}}
{"target": -34.85221009113702, "params": {"eta": 0.17, "max_depth": 62.57849787559039, "n_estimators": 9.43551954436767}, "datetime": {"datetime": "2021-09-29 15:06:37", "elapsed": 61.476336, "delta": 0.558555}}
{"target": -34.3945828972724, "params": {"eta": 0.17, "max_depth": 52.86542270791906, "n_estimators": 14.037060661757089}, "datetime": {"datetime": "2021-09-29 15:06:37", "elapsed": 62.009896, "delta": 0.53356}}
{"target": -34.08463853456134, "params": {"eta": 0.17, "max_depth": 79.02715896523493, "n_estimators": 13.470431234406188}, "datetime": {"datetime": "2021-09-29 15:06:38", "elapsed": 62.604257, "delta": 0.594361}}
{"target": -33.82561832364427, "params": {"eta": 0.17, "max_depth": 75.38727078161459, "n_estimators": 12.038644008975567}, "datetime": {"datetime": "2021-09-29 15:06:39", "elapsed": 63.169731, "delta": 0.565474}}
{"target": -33.99598282693733, "params": {"eta": 0.17, "max_depth": 72.98180229083718, "n_estimators": 11.465746624540662}, "datetime": {"datetime": "2021-09-29 15:06:39", "elapsed": 63.723513, "delta": 0.553782}}
{"target": -33.82561832364427, "params": {"eta": 0.17, "max_depth": 77.37196850606435, "n_estimators": 12.604433080059025}, "datetime": {"datetime": "2021-09-29 15:06:40", "elapsed": 64.282511, "delta": 0.558998}}
{"target": -35.45232621131584, "params": {"eta": 0.17, "max_depth": 72.14862780953167, "n_estimators": 19.308930171317016}, "datetime": {"datetime": "2021-09-29 15:06:40", "elapsed": 64.895622, "delta": 0.613111}}
{"target": -33.99598282693733, "params": {"eta": 0.17, "max_depth": 79.80364647346813, "n_estimators": 11.823986466496194}, "datetime": {"datetime": "2021-09-29 15:06:41", "elapsed": 65.528941, "delta": 0.633319}}
{"target": -33.82561832364427, "params": {"eta": 0.17, "max_depth": 84.22602375129678, "n_estimators": 12.060764188263935}, "datetime": {"datetime": "2021-09-29 15:06:41", "elapsed": 66.03994, "delta": 0.510999}}
{"target": -33.82561832364427, "params": {"eta": 0.17, "max_depth": 82.56996163438106, "n_estimators": 12.200888158428}, "datetime": {"datetime": "2021-09-29 15:06:42", "elapsed": 66.655952, "delta": 0.616012}}
{"target": -33.99598282693733, "params": {"eta": 0.17, "max_depth": 85.94294343942843, "n_estimators": 11.847682800948723}, "datetime": {"datetime": "2021-09-29 15:06:43", "elapsed": 67.492747, "delta": 0.836795}}
{"target": -33.99598282693733, "params": {"eta": 0.17, "max_depth": 70.7317898929119, "n_estimators": 11.89474833098281}, "datetime": {"datetime": "2021-09-29 15:06:44", "elapsed": 68.204744, "delta": 0.711997}}
{"target": -33.99598282693733, "params": {"eta": 0.17, "max_depth": 76.94931521684762, "n_estimators": 11.559685208479358}, "datetime": {"datetime": "2021-09-29 15:06:44", "elapsed": 68.813928, "delta": 0.609184}}
{"target": -33.82561832364427, "params": {"eta": 0.17, "max_depth": 20.57587202591695, "n_estimators": 12.400262634689186}, "datetime": {"datetime": "2021-09-29 15:06:45", "elapsed": 69.491926, "delta": 0.677998}}
{"target": -33.82561832364427, "params": {"eta": 0.17, "max_depth": 37.45385419499965, "n_estimators": 12.760386403899789}, "datetime": {"datetime": "2021-09-29 15:06:46", "elapsed": 70.140926, "delta": 0.649}}
{"target": -33.82561832364427, "params": {"eta": 0.17, "max_depth": 81.15988815105648, "n_estimators": 12.490012923283327}, "datetime": {"datetime": "2021-09-29 15:06:46", "elapsed": 71.029559, "delta": 0.888633}}
{"target": -36.50911269324574, "params": {"eta": 0.17, "max_depth": 54.635826767425634, "n_estimators": 29.997458342287352}, "datetime": {"datetime": "2021-09-29 15:06:47", "elapsed": 71.690568, "delta": 0.661009}}
{"target": -33.82561832364427, "params": {"eta": 0.17, "max_depth": 98.68797666544118, "n_estimators": 12.419730454939803}, "datetime": {"datetime": "2021-09-29 15:06:48", "elapsed": 72.331203, "delta": 0.640635}}
{"target": -33.99598282693733, "params": {"eta": 0.17, "max_depth": 36.913685030149175, "n_estimators": 11.821129364958795}, "datetime": {"datetime": "2021-09-29 15:06:48", "elapsed": 72.956719, "delta": 0.625516}}
{"target": -33.82561832364427, "params": {"eta": 0.17, "max_depth": 43.4351567853275, "n_estimators": 12.451203611896036}, "datetime": {"datetime": "2021-09-29 15:06:49", "elapsed": 73.650722, "delta": 0.694003}}
{"target": -33.99598282693733, "params": {"eta": 0.17, "max_depth": 58.573428039233576, "n_estimators": 11.434899183901583}, "datetime": {"datetime": "2021-09-29 15:06:50", "elapsed": 74.263721, "delta": 0.612999}}
{"target": -34.08463853456134, "params": {"eta": 0.17, "max_depth": 27.496250193003235, "n_estimators": 13.171889166247984}, "datetime": {"datetime": "2021-09-29 15:06:50", "elapsed": 74.932481, "delta": 0.66876}}
{"target": -33.82561832364427, "params": {"eta": 0.17, "max_depth": 56.95781444995537, "n_estimators": 12.57949271978692}, "datetime": {"datetime": "2021-09-29 15:06:51", "elapsed": 75.649482, "delta": 0.717001}}
{"target": -36.47452500134021, "params": {"eta": 0.17, "max_depth": 15.422993971493144, "n_estimators": 29.854942267445733}, "datetime": {"datetime": "2021-09-29 15:06:52", "elapsed": 76.399482, "delta": 0.75}}
{"target": -36.131114087169685, "params": {"eta": 0.17, "max_depth": 32.69172457567211, "n_estimators": 25.96698812973401}, "datetime": {"datetime": "2021-09-29 15:06:53", "elapsed": 77.221318, "delta": 0.821836}}
{"target": -33.82561832364427, "params": {"eta": 0.17, "max_depth": 28.998152362979532, "n_estimators": 12.190728298962297}, "datetime": {"datetime": "2021-09-29 15:06:53", "elapsed": 77.865319, "delta": 0.644001}}
{"target": -33.82561832364427, "params": {"eta": 0.17, "max_depth": 73.69814006089317, "n_estimators": 12.170975708100574}, "datetime": {"datetime": "2021-09-29 15:06:54", "elapsed": 78.625317, "delta": 0.759998}}
{"target": -33.82561832364427, "params": {"eta": 0.17, "max_depth": 47.392555271513665, "n_estimators": 12.15733481831283}, "datetime": {"datetime": "2021-09-29 15:06:55", "elapsed": 79.272738, "delta": 0.647421}}
{"target": -33.82561832364427, "params": {"eta": 0.17, "max_depth": 85.09350205332805, "n_estimators": 12.431880969075763}, "datetime": {"datetime": "2021-09-29 15:06:55", "elapsed": 79.852517, "delta": 0.579779}}
{"target": -33.82561832364427, "params": {"eta": 0.17, "max_depth": 24.858607289867663, "n_estimators": 12.253630018943287}, "datetime": {"datetime": "2021-09-29 15:06:56", "elapsed": 80.599512, "delta": 0.746995}}
{"target": -33.82561832364427, "params": {"eta": 0.17, "max_depth": 49.10512359687357, "n_estimators": 12.693995317048957}, "datetime": {"datetime": "2021-09-29 15:06:57", "elapsed": 81.17785, "delta": 0.578338}}
{"target": -34.08463853456134, "params": {"eta": 0.17, "max_depth": 65.59806960768732, "n_estimators": 13.520659665787118}, "datetime": {"datetime": "2021-09-29 15:06:57", "elapsed": 81.957525, "delta": 0.779675}}
{"target": -36.26645884399639, "params": {"eta": 0.17, "max_depth": 21.811809867595866, "n_estimators": 26.827464566891397}, "datetime": {"datetime": "2021-09-29 15:06:58", "elapsed": 82.744193, "delta": 0.786668}}
{"target": -33.82561832364427, "params": {"eta": 0.17, "max_depth": 76.25689202764234, "n_estimators": 12.460566524486648}, "datetime": {"datetime": "2021-09-29 15:06:59", "elapsed": 83.331667, "delta": 0.587474}}
{"target": -33.82561832364427, "params": {"eta": 0.17, "max_depth": 53.49968915079673, "n_estimators": 12.224013205371543}, "datetime": {"datetime": "2021-09-29 15:06:59", "elapsed": 83.967669, "delta": 0.636002}}
{"target": -33.82561832364427, "params": {"eta": 0.17, "max_depth": 83.80145074085749, "n_estimators": 12.565430719773488}, "datetime": {"datetime": "2021-09-29 15:07:00", "elapsed": 84.714667, "delta": 0.746998}}
{"target": -33.82561832364427, "params": {"eta": 0.17, "max_depth": 39.13950479591454, "n_estimators": 12.793821276041886}, "datetime": {"datetime": "2021-09-29 15:07:01", "elapsed": 85.436269, "delta": 0.721602}}
{"target": -33.82561832364427, "params": {"eta": 0.17, "max_depth": 33.8142825715725, "n_estimators": 12.095805261148753}, "datetime": {"datetime": "2021-09-29 15:07:02", "elapsed": 86.220265, "delta": 0.783996}}
{"target": -33.82561832364427, "params": {"eta": 0.17, "max_depth": 91.20634039735796, "n_estimators": 12.46661723954939}, "datetime": {"datetime": "2021-09-29 15:07:02", "elapsed": 87.107291, "delta": 0.887026}}
{"target": -33.82561832364427, "params": {"eta": 0.17, "max_depth": 55.882576731966125, "n_estimators": 12.528689692455208}, "datetime": {"datetime": "2021-09-29 15:07:03", "elapsed": 87.820294, "delta": 0.713003}}
{"target": -33.82561832364427, "params": {"eta": 0.17, "max_depth": 42.40012801384561, "n_estimators": 12.175505376691781}, "datetime": {"datetime": "2021-09-29 15:07:04", "elapsed": 88.685294, "delta": 0.865}}
{"target": -33.82561832364427, "params": {"eta": 0.17, "max_depth": 72.55532477839148, "n_estimators": 12.155147353098538}, "datetime": {"datetime": "2021-09-29 15:07:05", "elapsed": 89.51571, "delta": 0.830416}}
{"target": -36.50911269324574, "params": {"eta": 0.17, "max_depth": 95.75627946583228, "n_estimators": 29.941345430018828}, "datetime": {"datetime": "2021-09-29 15:07:06", "elapsed": 90.347708, "delta": 0.831998}}
{"target": -33.82561832364427, "params": {"eta": 0.17, "max_depth": 29.466399342051755, "n_estimators": 12.812311610313602}, "datetime": {"datetime": "2021-09-29 15:07:07", "elapsed": 91.324907, "delta": 0.977199}}
{"target": -33.82561832364427, "params": {"eta": 0.17, "max_depth": 78.36297887178128, "n_estimators": 12.160394033313734}, "datetime": {"datetime": "2021-09-29 15:07:07", "elapsed": 91.943907, "delta": 0.619}}
{"target": -34.08463853456134, "params": {"eta": 0.17, "max_depth": 59.80966755396414, "n_estimators": 13.41501724455769}, "datetime": {"datetime": "2021-09-29 15:07:08", "elapsed": 92.690541, "delta": 0.746634}}
{"target": -33.82561832364427, "params": {"eta": 0.17, "max_depth": 41.51501307607175, "n_estimators": 12.561430084436415}, "datetime": {"datetime": "2021-09-29 15:07:09", "elapsed": 93.424165, "delta": 0.733624}}
{"target": -33.82561832364427, "params": {"eta": 0.17, "max_depth": 97.49141021865337, "n_estimators": 12.268797251874473}, "datetime": {"datetime": "2021-09-29 15:07:10", "elapsed": 94.457165, "delta": 1.033}}
{"target": -33.82561832364427, "params": {"eta": 0.17, "max_depth": 16.259886630989286, "n_estimators": 12.74386787757867}, "datetime": {"datetime": "2021-09-29 15:07:11", "elapsed": 95.149061, "delta": 0.691896}}
{"target": -33.82561832364427, "params": {"eta": 0.17, "max_depth": 75.16658639963632, "n_estimators": 12.47358750687928}, "datetime": {"datetime": "2021-09-29 15:07:11", "elapsed": 95.87206, "delta": 0.722999}}
{"target": -34.08463853456134, "params": {"eta": 0.17, "max_depth": 22.736263043692905, "n_estimators": 13.122431976054889}, "datetime": {"datetime": "2021-09-29 15:07:12", "elapsed": 96.672062, "delta": 0.800002}}
{"target": -35.262398787431856, "params": {"eta": 0.17, "max_depth": 23.479064552783033, "n_estimators": 18.05085988967773}, "datetime": {"datetime": "2021-09-29 15:07:13", "elapsed": 97.67888, "delta": 1.006818}}
{"target": -33.99598282693733, "params": {"eta": 0.17, "max_depth": 22.034726996160394, "n_estimators": 11.7643265621605}, "datetime": {"datetime": "2021-09-29 15:07:14", "elapsed": 98.68388, "delta": 1.005}}
{"target": -39.63046032962681, "params": {"eta": 0.17, "max_depth": 1.0550788270865596, "n_estimators": 25.058657449102906}, "datetime": {"datetime": "2021-09-29 15:07:15", "elapsed": 99.519735, "delta": 0.835855}}
{"target": -36.26645884399639, "params": {"eta": 0.17, "max_depth": 66.39077567426246, "n_estimators": 26.539175491134745}, "datetime": {"datetime": "2021-09-29 15:07:16", "elapsed": 100.574735, "delta": 1.055}}
{"target": -33.82561832364427, "params": {"eta": 0.17, "max_depth": 94.60914816028355, "n_estimators": 12.586986132940927}, "datetime": {"datetime": "2021-09-29 15:07:17", "elapsed": 101.748519, "delta": 1.173784}}
{"target": -33.82561832364427, "params": {"eta": 0.17, "max_depth": 96.38543379893586, "n_estimators": 12.893934362287771}, "datetime": {"datetime": "2021-09-29 15:07:18", "elapsed": 102.499119, "delta": 0.7506}}
{"target": -36.50911269324574, "params": {"eta": 0.17, "max_depth": 73.54209638518407, "n_estimators": 29.99518947288784}, "datetime": {"datetime": "2021-09-29 15:07:19", "elapsed": 103.740367, "delta": 1.241248}}
{"target": -33.82561832364427, "params": {"eta": 0.17, "max_depth": 81.49308104315847, "n_estimators": 12.017550124955756}, "datetime": {"datetime": "2021-09-29 15:07:20", "elapsed": 104.506663, "delta": 0.766296}}
{"target": -33.99598282693733, "params": {"eta": 0.17, "max_depth": 99.0661301441526, "n_estimators": 11.225760717982816}, "datetime": {"datetime": "2021-09-29 15:07:21", "elapsed": 105.228845, "delta": 0.722182}}
{"target": -33.82561832364427, "params": {"eta": 0.17, "max_depth": 15.485002439188175, "n_estimators": 12.203099594417402}, "datetime": {"datetime": "2021-09-29 15:07:21", "elapsed": 105.846794, "delta": 0.617949}}
{"target": -33.82561832364427, "params": {"eta": 0.17, "max_depth": 24.064193735523848, "n_estimators": 12.125373720712775}, "datetime": {"datetime": "2021-09-29 15:07:22", "elapsed": 106.773511, "delta": 0.926717}}
{"target": -33.82561832364427, "params": {"eta": 0.17, "max_depth": 36.287227844502205, "n_estimators": 12.394209398577841}, "datetime": {"datetime": "2021-09-29 15:07:23", "elapsed": 107.431448, "delta": 0.657937}}
{"target": -36.131114087169685, "params": {"eta": 0.17, "max_depth": 51.05539177858045, "n_estimators": 25.192677598754727}, "datetime": {"datetime": "2021-09-29 15:07:24", "elapsed": 108.378658, "delta": 0.94721}}
{"target": -33.82561832364427, "params": {"eta": 0.17, "max_depth": 65.72701544741497, "n_estimators": 12.238994214501382}, "datetime": {"datetime": "2021-09-29 15:07:25", "elapsed": 109.180509, "delta": 0.801851}}
{"target": -33.82561832364427, "params": {"eta": 0.17, "max_depth": 21.12696592260639, "n_estimators": 12.659263609856774}, "datetime": {"datetime": "2021-09-29 15:07:26", "elapsed": 110.302526, "delta": 1.122017}}
{"target": -33.82561832364427, "params": {"eta": 0.17, "max_depth": 32.95699916179083, "n_estimators": 12.988967225929796}, "datetime": {"datetime": "2021-09-29 15:07:27", "elapsed": 111.599677, "delta": 1.297151}}
{"target": -33.82561832364427, "params": {"eta": 0.17, "max_depth": 51.28733353882081, "n_estimators": 12.84079332783042}, "datetime": {"datetime": "2021-09-29 15:07:28", "elapsed": 112.443056, "delta": 0.843379}}
{"target": -34.08463853456134, "params": {"eta": 0.17, "max_depth": 19.505146890730853, "n_estimators": 13.033198036944182}, "datetime": {"datetime": "2021-09-29 15:07:29", "elapsed": 113.319178, "delta": 0.876122}}
{"target": -33.99598282693733, "params": {"eta": 0.17, "max_depth": 19.5724526897592, "n_estimators": 11.756613720641136}, "datetime": {"datetime": "2021-09-29 15:07:30", "elapsed": 114.580918, "delta": 1.26174}}
{"target": -35.01426003065958, "params": {"eta": 0.17, "max_depth": 16.46384634075288, "n_estimators": 17.879161854116873}, "datetime": {"datetime": "2021-09-29 15:07:31", "elapsed": 115.564588, "delta": 0.98367}}
{"target": -35.01426003065958, "params": {"eta": 0.17, "max_depth": 43.86002218812507, "n_estimators": 17.66070155575808}, "datetime": {"datetime": "2021-09-29 15:07:32", "elapsed": 116.365156, "delta": 0.800568}}
{"target": -34.75084960898663, "params": {"eta": 0.17, "max_depth": 62.41616928637377, "n_estimators": 16.229649522774665}, "datetime": {"datetime": "2021-09-29 15:07:32", "elapsed": 117.0809, "delta": 0.715744}}
{"target": -33.82561832364427, "params": {"eta": 0.17, "max_depth": 17.86314788860598, "n_estimators": 12.341342848594877}, "datetime": {"datetime": "2021-09-29 15:07:33", "elapsed": 117.801332, "delta": 0.720432}}
{"target": -35.262398787431856, "params": {"eta": 0.17, "max_depth": 65.933869339724, "n_estimators": 18.0269698822592}, "datetime": {"datetime": "2021-09-29 15:07:35", "elapsed": 119.20785, "delta": 1.406518}}
{"target": -35.01426003065958, "params": {"eta": 0.17, "max_depth": 39.75651691244018, "n_estimators": 17.929455406279313}, "datetime": {"datetime": "2021-09-29 15:07:35", "elapsed": 120.08735, "delta": 0.8795}}
{"target": -33.99598282693733, "params": {"eta": 0.17, "max_depth": 15.79148923705041, "n_estimators": 11.552712202518917}, "datetime": {"datetime": "2021-09-29 15:07:37", "elapsed": 121.154766, "delta": 1.067416}}
{"target": -34.394102092310554, "params": {"eta": 0.17, "max_depth": 61.53152796274474, "n_estimators": 10.90373540588311}, "datetime": {"datetime": "2021-09-29 15:07:37", "elapsed": 122.035449, "delta": 0.880683}}
