{"target": -43.10138372550333, "params": {"eta": 0.07641276790031536, "max_depth": 1.5805064817165713, "n_estimators": 163.58644264987396}, "datetime": {"datetime": "2021-09-24 16:43:32", "elapsed": 444.997936, "delta": 3.152239}}
{"target": -43.21811991526668, "params": {"eta": 0.05, "max_depth": 1.7762822970221792, "n_estimators": 223.8027103255722}, "datetime": {"datetime": "2021-09-24 16:43:35", "elapsed": 448.286833, "delta": 3.288897}}
{"target": -42.794834423782234, "params": {"eta": 0.08205782816328727, "max_depth": 1.5393525677289046, "n_estimators": 224.15762936876382}, "datetime": {"datetime": "2021-09-24 16:43:39", "elapsed": 452.572282, "delta": 4.285449}}
{"target": -43.00024804136807, "params": {"eta": 0.057762417564652946, "max_depth": 1.9722304380345899, "n_estimators": 224.22387978401935}, "datetime": {"datetime": "2021-09-24 16:43:44", "elapsed": 456.761816, "delta": 4.189534}}
{"target": -47.51645468769217, "params": {"eta": 0.4553762009174728, "max_depth": 1.7660092491974761, "n_estimators": 224.28244047496997}, "datetime": {"datetime": "2021-09-24 16:43:47", "elapsed": 460.225697, "delta": 3.463881}}
{"target": -50.763066929982124, "params": {"eta": 0.38359708864290765, "max_depth": 2.8183280957813963, "n_estimators": 298.69197796928535}, "datetime": {"datetime": "2021-09-24 16:43:49", "elapsed": 462.306001, "delta": 2.080304}}
{"target": -52.10788994579387, "params": {"eta": 0.4663661709001909, "max_depth": 2.55407264229538, "n_estimators": 220.9695847903034}, "datetime": {"datetime": "2021-09-24 16:43:52", "elapsed": 464.812782, "delta": 2.506781}}
{"target": -45.7769207201506, "params": {"eta": 0.14012953305541304, "max_depth": 2.4383166665039986, "n_estimators": 157.68010113320727}, "datetime": {"datetime": "2021-09-24 16:43:54", "elapsed": 467.161497, "delta": 2.348715}}
{"target": -51.41882544531858, "params": {"eta": 0.24322516324993793, "max_depth": 2.5598634664068256, "n_estimators": 280.854410597816}, "datetime": {"datetime": "2021-09-24 16:43:56", "elapsed": 469.265674, "delta": 2.104177}}
{"target": -43.010535390753496, "params": {"eta": 0.06140246129613855, "max_depth": 1.1031953200885116, "n_estimators": 224.18033860993435}, "datetime": {"datetime": "2021-09-24 16:44:01", "elapsed": 474.380645, "delta": 5.114971}}
{"target": -46.21237987145445, "params": {"eta": 0.10446002144148431, "max_depth": 2.4992869270502416, "n_estimators": 224.3385111746785}, "datetime": {"datetime": "2021-09-24 16:44:06", "elapsed": 478.763898, "delta": 4.383253}}
{"target": -46.09334630177433, "params": {"eta": 0.24966107506499496, "max_depth": 2.0231076868902567, "n_estimators": 101.39572071840884}, "datetime": {"datetime": "2021-09-24 16:44:10", "elapsed": 482.684518, "delta": 3.92062}}
{"target": -42.954245861311605, "params": {"eta": 0.0762369732781476, "max_depth": 1.9211920433973426, "n_estimators": 184.84094987696693}, "datetime": {"datetime": "2021-09-24 16:44:12", "elapsed": 484.816519, "delta": 2.132001}}
{"target": -50.903364984612715, "params": {"eta": 0.36834395517289703, "max_depth": 2.15925602570892, "n_estimators": 185.0378612343722}, "datetime": {"datetime": "2021-09-24 16:44:15", "elapsed": 488.57846, "delta": 3.761941}}
{"target": -42.98985712151779, "params": {"eta": 0.12744278824838673, "max_depth": 1.495731098515333, "n_estimators": 184.97048363826462}, "datetime": {"datetime": "2021-09-24 16:44:19", "elapsed": 492.272609, "delta": 3.694149}}
{"target": -51.51411263028482, "params": {"eta": 0.4868085895223594, "max_depth": 2.681564778963033, "n_estimators": 160.70629950806227}, "datetime": {"datetime": "2021-09-24 16:44:21", "elapsed": 494.027294, "delta": 1.754685}}
{"target": -42.872675214494976, "params": {"eta": 0.08182421465912258, "max_depth": 1.7679135168048572, "n_estimators": 184.5041311349754}, "datetime": {"datetime": "2021-09-24 16:44:25", "elapsed": 497.951126, "delta": 3.923832}}
{"target": -43.37920838549621, "params": {"eta": 0.19736105462963394, "max_depth": 1.2144667113707146, "n_estimators": 184.6384418295507}, "datetime": {"datetime": "2021-09-24 16:44:28", "elapsed": 501.618096, "delta": 3.66697}}
{"target": -43.523933783509676, "params": {"eta": 0.298034680819098, "max_depth": 1.2593642792465065, "n_estimators": 100.65229895623624}, "datetime": {"datetime": "2021-09-24 16:44:33", "elapsed": 505.793438, "delta": 4.175342}}
{"target": -45.53255012340115, "params": {"eta": 0.4719956656079196, "max_depth": 1.179032123977056, "n_estimators": 101.05436498008417}, "datetime": {"datetime": "2021-09-24 16:44:37", "elapsed": 510.527848, "delta": 4.73441}}
{"target": -42.980487966896, "params": {"eta": 0.1324467334898116, "max_depth": 1.6113438394101052, "n_estimators": 100.56140024479119}, "datetime": {"datetime": "2021-09-24 16:44:41", "elapsed": 514.611398, "delta": 4.08355}}
{"target": -43.03090963148533, "params": {"eta": 0.127151230548276, "max_depth": 1.400604997118428, "n_estimators": 100.20242121558451}, "datetime": {"datetime": "2021-09-24 16:44:45", "elapsed": 518.544273, "delta": 3.932875}}
{"target": -49.37997087186441, "params": {"eta": 0.2702025074251562, "max_depth": 2.7359108896463713, "n_estimators": 256.64794747410645}, "datetime": {"datetime": "2021-09-24 16:44:47", "elapsed": 520.52454, "delta": 1.980267}}
{"target": -42.677198682512554, "params": {"eta": 0.09094558934804453, "max_depth": 1.166385620149966, "n_estimators": 224.6593570111583}, "datetime": {"datetime": "2021-09-24 16:44:52", "elapsed": 525.032176, "delta": 4.507636}}
{"target": -43.286932407465194, "params": {"eta": 0.13333449692845378, "max_depth": 1.0507566259113839, "n_estimators": 225.16276292428708}, "datetime": {"datetime": "2021-09-24 16:44:56", "elapsed": 528.919542, "delta": 3.887366}}
{"target": -45.218119298605096, "params": {"eta": 0.48019545264549585, "max_depth": 1.6308885989171582, "n_estimators": 100.47627799120784}, "datetime": {"datetime": "2021-09-24 16:45:00", "elapsed": 533.293254, "delta": 4.373712}}
{"target": -42.80127360408468, "params": {"eta": 0.07295470681646302, "max_depth": 1.5682133853168854, "n_estimators": 225.03988253564324}, "datetime": {"datetime": "2021-09-24 16:45:04", "elapsed": 537.432554, "delta": 4.1393}}
{"target": -45.57737951932993, "params": {"eta": 0.3418201412716039, "max_depth": 1.32861768403549, "n_estimators": 224.94958939900027}, "datetime": {"datetime": "2021-09-24 16:45:09", "elapsed": 542.347951, "delta": 4.915397}}
{"target": -43.05543073496424, "params": {"eta": 0.06090972922269661, "max_depth": 1.6826285831742385, "n_estimators": 225.42209035468355}, "datetime": {"datetime": "2021-09-24 16:45:14", "elapsed": 547.391604, "delta": 5.043653}}
{"target": -43.88266854537161, "params": {"eta": 0.39544347557680487, "max_depth": 1.5695012758125917, "n_estimators": 106.2217097704052}, "datetime": {"datetime": "2021-09-24 16:45:17", "elapsed": 549.765799, "delta": 2.374195}}
{"target": -44.69557841021315, "params": {"eta": 0.05579352186752383, "max_depth": 2.0612926089299566, "n_estimators": 225.00375483060805}, "datetime": {"datetime": "2021-09-24 16:45:21", "elapsed": 554.085173, "delta": 4.319374}}
{"target": -42.795825183839725, "params": {"eta": 0.11547126102757062, "max_depth": 1.3018895857354704, "n_estimators": 225.90571301541104}, "datetime": {"datetime": "2021-09-24 16:45:25", "elapsed": 558.272209, "delta": 4.187036}}
{"target": -42.7293817333709, "params": {"eta": 0.06854374145256557, "max_depth": 1.3378643453918369, "n_estimators": 225.42971883499695}, "datetime": {"datetime": "2021-09-24 16:45:30", "elapsed": 562.859911, "delta": 4.587702}}
{"target": -46.98211435447062, "params": {"eta": 0.41773249518903866, "max_depth": 1.5294975724641942, "n_estimators": 225.72876357567532}, "datetime": {"datetime": "2021-09-24 16:45:34", "elapsed": 567.128144, "delta": 4.268233}}
{"target": -43.170863732359464, "params": {"eta": 0.05, "max_depth": 1.0, "n_estimators": 226.14023384164585}, "datetime": {"datetime": "2021-09-24 16:45:38", "elapsed": 571.099802, "delta": 3.971658}}
{"target": -49.976705486613106, "params": {"eta": 0.2772600299003135, "max_depth": 2.287314577044577, "n_estimators": 211.33363801428962}, "datetime": {"datetime": "2021-09-24 16:45:40", "elapsed": 573.399555, "delta": 2.299753}}
{"target": -42.88354681488266, "params": {"eta": 0.09028385826864567, "max_depth": 1.4648615457503633, "n_estimators": 197.8228688294786}, "datetime": {"datetime": "2021-09-24 16:45:42", "elapsed": 575.458032, "delta": 2.058477}}
{"target": -42.73048567234125, "params": {"eta": 0.11333531110034649, "max_depth": 1.0205069897858443, "n_estimators": 197.6882330701517}, "datetime": {"datetime": "2021-09-24 16:45:47", "elapsed": 580.082482, "delta": 4.62445}}
{"target": -43.4482334968739, "params": {"eta": 0.21229476557971272, "max_depth": 1.3864259678809854, "n_estimators": 197.30329861727637}, "datetime": {"datetime": "2021-09-24 16:45:50", "elapsed": 583.331296, "delta": 3.248814}}
{"target": -52.50071765784931, "params": {"eta": 0.4945597033027816, "max_depth": 2.7622561548527753, "n_estimators": 185.59395542631398}, "datetime": {"datetime": "2021-09-24 16:45:52", "elapsed": 585.485848, "delta": 2.154552}}
{"target": -43.638338705650845, "params": {"eta": 0.18228184177119539, "max_depth": 1.1979526813356738, "n_estimators": 198.1632388875159}, "datetime": {"datetime": "2021-09-24 16:45:57", "elapsed": 589.733492, "delta": 4.247644}}
{"target": -43.197322902822854, "params": {"eta": 0.12465544842557974, "max_depth": 1.0259853425137537, "n_estimators": 225.65323911810347}, "datetime": {"datetime": "2021-09-24 16:46:01", "elapsed": 594.521744, "delta": 4.788252}}
{"target": -47.199861548448865, "params": {"eta": 0.44124017537115084, "max_depth": 1.8147942342585137, "n_estimators": 197.70749101198408}, "datetime": {"datetime": "2021-09-24 16:46:06", "elapsed": 598.901307, "delta": 4.379563}}
{"target": -43.170863732359464, "params": {"eta": 0.05, "max_depth": 1.444599866610443, "n_estimators": 226.41602759710258}, "datetime": {"datetime": "2021-09-24 16:46:12", "elapsed": 604.779148, "delta": 5.877841}}
{"target": -50.12184815657766, "params": {"eta": 0.3553199875366884, "max_depth": 2.019211103610511, "n_estimators": 261.466757121853}, "datetime": {"datetime": "2021-09-24 16:46:14", "elapsed": 607.056807, "delta": 2.277659}}
{"target": -51.6407297320832, "params": {"eta": 0.438375049232993, "max_depth": 2.1703597499940575, "n_estimators": 142.08622493557652}, "datetime": {"datetime": "2021-09-24 16:46:16", "elapsed": 609.043167, "delta": 1.98636}}
{"target": -44.05195528761785, "params": {"eta": 0.22612957644571285, "max_depth": 1.0427969733481055, "n_estimators": 226.82600209798156}, "datetime": {"datetime": "2021-09-24 16:46:20", "elapsed": 613.399578, "delta": 4.356411}}
{"target": -49.58167621067592, "params": {"eta": 0.20861569124542256, "max_depth": 2.963248262911814, "n_estimators": 181.52086440790993}, "datetime": {"datetime": "2021-09-24 16:46:25", "elapsed": 618.341838, "delta": 4.94226}}
{"target": -45.25863914919975, "params": {"eta": 0.29319221245166066, "max_depth": 1.1071769698579221, "n_estimators": 196.75434988356415}, "datetime": {"datetime": "2021-09-24 16:46:30", "elapsed": 623.093595, "delta": 4.751757}}
{"target": -42.73097068385074, "params": {"eta": 0.08510304464536167, "max_depth": 1.2140299371588155, "n_estimators": 232.93395132657665}, "datetime": {"datetime": "2021-09-24 16:46:37", "elapsed": 629.696831, "delta": 6.603236}}
{"target": -43.322701762493395, "params": {"eta": 0.08544408901318687, "max_depth": 1.7678089050430246, "n_estimators": 115.77218405207611}, "datetime": {"datetime": "2021-09-24 16:46:39", "elapsed": 631.927417, "delta": 2.230586}}
{"target": -46.7357766682044, "params": {"eta": 0.39507118237568795, "max_depth": 1.5477571183375383, "n_estimators": 232.73328410049533}, "datetime": {"datetime": "2021-09-24 16:46:43", "elapsed": 636.434191, "delta": 4.506774}}
{"target": -43.50556693399759, "params": {"eta": 0.0726427692148853, "max_depth": 1.6340305220193267, "n_estimators": 116.32112604592912}, "datetime": {"datetime": "2021-09-24 16:46:48", "elapsed": 640.695594, "delta": 4.261403}}
{"target": -44.8896735055106, "params": {"eta": 0.1338214310282483, "max_depth": 2.3030278034842517, "n_estimators": 116.29021803543137}, "datetime": {"datetime": "2021-09-24 16:46:52", "elapsed": 645.619569, "delta": 4.923975}}
{"target": -42.842851681816846, "params": {"eta": 0.1941838292753778, "max_depth": 1.003560271557308, "n_estimators": 100.09099527638227}, "datetime": {"datetime": "2021-09-24 16:46:57", "elapsed": 650.351357, "delta": 4.731788}}
{"target": -43.57247351166001, "params": {"eta": 0.07617075264194831, "max_depth": 1.2349654993303743, "n_estimators": 116.08539422270962}, "datetime": {"datetime": "2021-09-24 16:47:01", "elapsed": 654.583883, "delta": 4.232526}}
{"target": -44.15170427193319, "params": {"eta": 0.22576117763516984, "max_depth": 1.763249135228997, "n_estimators": 226.92548396505782}, "datetime": {"datetime": "2021-09-24 16:47:07", "elapsed": 659.720025, "delta": 5.136142}}
{"target": -45.114213068682446, "params": {"eta": 0.3649983643272543, "max_depth": 1.0358139541615567, "n_estimators": 185.30950142347405}, "datetime": {"datetime": "2021-09-24 16:47:12", "elapsed": 665.304522, "delta": 5.584497}}
{"target": -43.66615960831032, "params": {"eta": 0.060349824078326335, "max_depth": 1.0480668522433587, "n_estimators": 116.66415040291335}, "datetime": {"datetime": "2021-09-24 16:47:16", "elapsed": 669.614998, "delta": 4.310476}}
{"target": -46.928677021112655, "params": {"eta": 0.46594864459014257, "max_depth": 1.102712396374487, "n_estimators": 197.51166423108998}, "datetime": {"datetime": "2021-09-24 16:47:23", "elapsed": 675.665786, "delta": 6.050788}}
{"target": -46.10936124701249, "params": {"eta": 0.481393007031873, "max_depth": 1.2305755641117018, "n_estimators": 116.43355653737018}, "datetime": {"datetime": "2021-09-24 16:47:28", "elapsed": 681.29533, "delta": 5.629544}}
{"target": -42.799471575514715, "params": {"eta": 0.07700075196729417, "max_depth": 1.063448177221477, "n_estimators": 232.46894900497043}, "datetime": {"datetime": "2021-09-24 16:47:32", "elapsed": 685.629117, "delta": 4.333787}}
{"target": -51.74032304519997, "params": {"eta": 0.4687214909506122, "max_depth": 2.8583202509456704, "n_estimators": 278.07045761581753}, "datetime": {"datetime": "2021-09-24 16:47:35", "elapsed": 688.073666, "delta": 2.444549}}
{"target": -43.404420035226, "params": {"eta": 0.1530186518162625, "max_depth": 1.081502472292317, "n_estimators": 231.7937330632676}, "datetime": {"datetime": "2021-09-24 16:47:39", "elapsed": 692.365445, "delta": 4.291779}}
{"target": -43.1037357875279, "params": {"eta": 0.05, "max_depth": 1.5751834513124743, "n_estimators": 231.43159952269747}, "datetime": {"datetime": "2021-09-24 16:47:44", "elapsed": 697.345948, "delta": 4.980503}}
{"target": -43.91457513221224, "params": {"eta": 0.21764617944836856, "max_depth": 1.0420291397324715, "n_estimators": 231.12915646552568}, "datetime": {"datetime": "2021-09-24 16:47:50", "elapsed": 702.766576, "delta": 5.420628}}
{"target": -48.7775537636047, "params": {"eta": 0.34041687004256893, "max_depth": 2.7917303250664056, "n_estimators": 149.36271543175351}, "datetime": {"datetime": "2021-09-24 16:47:52", "elapsed": 705.331906, "delta": 2.56533}}
{"target": -48.02309959813168, "params": {"eta": 0.5, "max_depth": 1.695075206745305, "n_estimators": 231.1603762666238}, "datetime": {"datetime": "2021-09-24 16:47:56", "elapsed": 709.592693, "delta": 4.260787}}
{"target": -44.485691486444686, "params": {"eta": 0.21973886000986054, "max_depth": 1.6611926761389957, "n_estimators": 266.64338773223506}, "datetime": {"datetime": "2021-09-24 16:47:59", "elapsed": 712.107818, "delta": 2.515125}}
{"target": -42.76234048829043, "params": {"eta": 0.0969528098934552, "max_depth": 1.553236738991675, "n_estimators": 232.03778302147037}, "datetime": {"datetime": "2021-09-24 16:48:04", "elapsed": 717.490596, "delta": 5.382778}}
{"target": -48.72521717207773, "params": {"eta": 0.18768290932891973, "max_depth": 2.2084551247751345, "n_estimators": 231.9307610252369}, "datetime": {"datetime": "2021-09-24 16:48:08", "elapsed": 721.090423, "delta": 3.599827}}
{"target": -44.068717526313954, "params": {"eta": 0.05, "max_depth": 2.118630654697711, "n_estimators": 226.34909557453147}, "datetime": {"datetime": "2021-09-24 16:48:13", "elapsed": 725.893507, "delta": 4.803084}}
{"target": -43.99996378905791, "params": {"eta": 0.25406776025547523, "max_depth": 1.1601646313450331, "n_estimators": 175.2269333344487}, "datetime": {"datetime": "2021-09-24 16:48:17", "elapsed": 730.297423, "delta": 4.403916}}
{"target": -43.19965580531529, "params": {"eta": 0.12367830218296537, "max_depth": 1.2034638394979018, "n_estimators": 219.712808243359}, "datetime": {"datetime": "2021-09-24 16:48:19", "elapsed": 732.518997, "delta": 2.221574}}
{"target": -47.30570831872467, "params": {"eta": 0.4612535543988237, "max_depth": 1.4373438639817442, "n_estimators": 219.30787776852844}, "datetime": {"datetime": "2021-09-24 16:48:26", "elapsed": 738.684172, "delta": 6.165175}}
{"target": -42.75570466464624, "params": {"eta": 0.06871167270456799, "max_depth": 1.3954160977036663, "n_estimators": 220.16372781767677}, "datetime": {"datetime": "2021-09-24 16:48:31", "elapsed": 744.562776, "delta": 5.878604}}
{"target": -47.264257132558896, "params": {"eta": 0.48517359397319293, "max_depth": 1.153609804212591, "n_estimators": 220.21891175359366}, "datetime": {"datetime": "2021-09-24 16:48:38", "elapsed": 750.964198, "delta": 6.401422}}
{"target": -43.29596159511939, "params": {"eta": 0.151219571913691, "max_depth": 1.9956566104006932, "n_estimators": 220.0928336547692}, "datetime": {"datetime": "2021-09-24 16:48:43", "elapsed": 756.303391, "delta": 5.339193}}
{"target": -44.97409717301677, "params": {"eta": 0.09738687153261916, "max_depth": 2.09852681692422, "n_estimators": 150.89974288290034}, "datetime": {"datetime": "2021-09-24 16:48:51", "elapsed": 763.835522, "delta": 7.532131}}
{"target": -47.6215175255797, "params": {"eta": 0.13967895110296172, "max_depth": 2.2617675512467628, "n_estimators": 219.61885982547136}, "datetime": {"datetime": "2021-09-24 16:48:56", "elapsed": 769.479423, "delta": 5.643901}}
{"target": -43.15919867494053, "params": {"eta": 0.05297593939902992, "max_depth": 1.7700384014114585, "n_estimators": 220.4880413470995}, "datetime": {"datetime": "2021-09-24 16:49:03", "elapsed": 776.15215, "delta": 6.672727}}
{"target": -42.77711954331936, "params": {"eta": 0.06521277359372232, "max_depth": 1.4659559545521819, "n_estimators": 237.60818028158454}, "datetime": {"datetime": "2021-09-24 16:49:10", "elapsed": 783.220691, "delta": 7.068541}}
{"target": -43.823883114004495, "params": {"eta": 0.18941621509675344, "max_depth": 1.4388857208265116, "n_estimators": 238.0914263047006}, "datetime": {"datetime": "2021-09-24 16:49:16", "elapsed": 788.955514, "delta": 5.734823}}
{"target": -48.73670371493002, "params": {"eta": 0.17083178516934466, "max_depth": 2.1121265052367217, "n_estimators": 263.10547800847974}, "datetime": {"datetime": "2021-09-24 16:49:19", "elapsed": 792.27816, "delta": 3.322646}}
{"target": -47.57095635206179, "params": {"eta": 0.42964568260275215, "max_depth": 1.168072396030901, "n_estimators": 237.6320764168731}, "datetime": {"datetime": "2021-09-24 16:49:26", "elapsed": 799.472215, "delta": 7.194055}}
{"target": -46.275175166309324, "params": {"eta": 0.13078423472053627, "max_depth": 2.6683112165057836, "n_estimators": 178.10946469252187}, "datetime": {"datetime": "2021-09-24 16:49:29", "elapsed": 802.361307, "delta": 2.889092}}
{"target": -46.250108231279185, "params": {"eta": 0.11402139241716207, "max_depth": 2.171352789855326, "n_estimators": 238.10303382360948}, "datetime": {"datetime": "2021-09-24 16:49:35", "elapsed": 808.333589, "delta": 5.972282}}
{"target": -42.84898884135082, "params": {"eta": 0.17031528483200573, "max_depth": 1.127080995748762, "n_estimators": 123.02883987805993}, "datetime": {"datetime": "2021-09-24 16:49:41", "elapsed": 814.202133, "delta": 5.868544}}
{"target": -45.13372439907906, "params": {"eta": 0.4311189342366036, "max_depth": 1.2155729237372657, "n_estimators": 123.50514604254026}, "datetime": {"datetime": "2021-09-24 16:49:47", "elapsed": 819.67154, "delta": 5.469407}}
{"target": -47.66788411319704, "params": {"eta": 0.4713058680344374, "max_depth": 1.2343337889959056, "n_estimators": 232.06188668571818}, "datetime": {"datetime": "2021-09-24 16:49:52", "elapsed": 825.380069, "delta": 5.708529}}
{"target": -45.62198849728233, "params": {"eta": 0.46912477427931665, "max_depth": 1.2409415641068238, "n_estimators": 122.7871892235558}, "datetime": {"datetime": "2021-09-24 16:49:57", "elapsed": 830.252832, "delta": 4.872763}}
{"target": -43.04308651802235, "params": {"eta": 0.05817241785234975, "max_depth": 1.8806935057024585, "n_estimators": 216.4005330515701}, "datetime": {"datetime": "2021-09-24 16:50:00", "elapsed": 833.542183, "delta": 3.289351}}
{"target": -42.67167571792029, "params": {"eta": 0.14180060884638304, "max_depth": 1.9951186344605827, "n_estimators": 125.33768125175311}, "datetime": {"datetime": "2021-09-24 16:50:03", "elapsed": 836.322774, "delta": 2.780591}}
{"target": -42.67572279621784, "params": {"eta": 0.1526301408555747, "max_depth": 1.5622948920049617, "n_estimators": 125.3360074714079}, "datetime": {"datetime": "2021-09-24 16:50:09", "elapsed": 842.212024, "delta": 5.88925}}
{"target": -46.395441564402184, "params": {"eta": 0.48996571634474057, "max_depth": 1.830532448897557, "n_estimators": 125.07023470033245}, "datetime": {"datetime": "2021-09-24 16:50:14", "elapsed": 847.255725, "delta": 5.043701}}
{"target": -48.45752773428322, "params": {"eta": 0.23765990211615828, "max_depth": 2.440648986884316, "n_estimators": 300.02287496346895}, "datetime": {"datetime": "2021-09-24 16:53:54", "elapsed": 0.0, "delta": 0.0}}
