{"target": -47.90667744686729, "params": {"eta": 0.10726206256966665, "max_depth": 32.8773130986406, "n_estimators": 238.80697308755313}, "datetime": {"datetime": "2021-09-24 17:04:18", "elapsed": 491.334277, "delta": 3.960265}}
{"target": -49.44646594757424, "params": {"eta": 0.2616831944908818, "max_depth": 2.013092654681768, "n_estimators": 207.84003041614224}, "datetime": {"datetime": "2021-09-24 17:04:20", "elapsed": 493.481872, "delta": 2.147595}}
{"target": -50.285335626817286, "params": {"eta": 0.48800411190385107, "max_depth": 14.616271001299813, "n_estimators": 204.74800004639374}, "datetime": {"datetime": "2021-09-24 17:04:22", "elapsed": 495.680363, "delta": 2.198491}}
{"target": -45.36374561051677, "params": {"eta": 0.2706163837379553, "max_depth": 17.433647365592474, "n_estimators": 200.2442168699916}, "datetime": {"datetime": "2021-09-24 17:04:25", "elapsed": 498.0211, "delta": 2.340737}}
{"target": -49.984779271864355, "params": {"eta": 0.1977217742014319, "max_depth": 37.554348047689636, "n_estimators": 235.2227584527153}, "datetime": {"datetime": "2021-09-24 17:04:27", "elapsed": 500.282406, "delta": 2.261306}}
{"target": -47.57927637888973, "params": {"eta": 0.21254340066507751, "max_depth": 16.643765755745065, "n_estimators": 248.42133857965703}, "datetime": {"datetime": "2021-09-24 17:04:30", "elapsed": 503.815369, "delta": 3.532963}}
{"target": -44.47699757626182, "params": {"eta": 0.14358279505996097, "max_depth": 1.418946157549306, "n_estimators": 208.4571516086683}, "datetime": {"datetime": "2021-09-24 17:04:33", "elapsed": 506.693031, "delta": 2.877662}}
{"target": -48.81744459338654, "params": {"eta": 0.33788028496844874, "max_depth": 42.91052948561027, "n_estimators": 226.61110534087626}, "datetime": {"datetime": "2021-09-24 17:04:36", "elapsed": 509.110437, "delta": 2.417406}}
{"target": -48.97448635818367, "params": {"eta": 0.2706094732006279, "max_depth": 7.482703967359584, "n_estimators": 203.62999926375466}, "datetime": {"datetime": "2021-09-24 17:04:38", "elapsed": 511.195266, "delta": 2.084829}}
{"target": -44.525554915119834, "params": {"eta": 0.1841050169819461, "max_depth": 1.1282262278645465, "n_estimators": 207.06466037824126}, "datetime": {"datetime": "2021-09-24 17:04:41", "elapsed": 513.858034, "delta": 2.662768}}
{"target": -48.97710665365807, "params": {"eta": 0.192861581129596, "max_depth": 39.12047837978253, "n_estimators": 209.08641850098255}, "datetime": {"datetime": "2021-09-24 17:04:44", "elapsed": 517.635408, "delta": 3.777374}}
{"target": -44.82101150742151, "params": {"eta": 0.018978376884001676, "max_depth": 36.38793779044989, "n_estimators": 243.44151510889375}, "datetime": {"datetime": "2021-09-24 17:04:48", "elapsed": 521.198466, "delta": 3.563058}}
{"target": -43.57964588824968, "params": {"eta": 0.061035110319802556, "max_depth": 1.4253294989656595, "n_estimators": 207.66265357613833}, "datetime": {"datetime": "2021-09-24 17:04:50", "elapsed": 523.535444, "delta": 2.336978}}
{"target": -49.69903329261263, "params": {"eta": 0.33968680423390973, "max_depth": 13.336662844831082, "n_estimators": 212.6075332940087}, "datetime": {"datetime": "2021-09-24 17:04:52", "elapsed": 525.328445, "delta": 1.793001}}
{"target": -48.67549523375088, "params": {"eta": 0.3562842776818792, "max_depth": 39.96965538375896, "n_estimators": 244.8635491303904}, "datetime": {"datetime": "2021-09-24 17:04:54", "elapsed": 527.574281, "delta": 2.245836}}
{"target": -45.486077043346896, "params": {"eta": 0.10307736339372058, "max_depth": 19.678362900517744, "n_estimators": 222.27940043166296}, "datetime": {"datetime": "2021-09-24 17:04:57", "elapsed": 530.571048, "delta": 2.996767}}
{"target": -44.21086943776984, "params": {"eta": 0.18544860388196346, "max_depth": 41.36398516773901, "n_estimators": 240.2057109835025}, "datetime": {"datetime": "2021-09-24 17:05:00", "elapsed": 532.994991, "delta": 2.423943}}
{"target": -47.15931351740557, "params": {"eta": 0.35915951074547, "max_depth": 7.303912906201067, "n_estimators": 210.14805059438766}, "datetime": {"datetime": "2021-09-24 17:05:02", "elapsed": 534.924737, "delta": 1.929746}}
{"target": -47.66252414445232, "params": {"eta": 0.2672165936398578, "max_depth": 40.920142711247145, "n_estimators": 204.3524142009382}, "datetime": {"datetime": "2021-09-24 17:05:04", "elapsed": 537.230772, "delta": 2.306035}}
{"target": -47.85058375767299, "params": {"eta": 0.01061562217536017, "max_depth": 1.6257954850495426, "n_estimators": 207.50774479256313}, "datetime": {"datetime": "2021-09-24 17:05:06", "elapsed": 539.515835, "delta": 2.285063}}
{"target": -46.66455043706679, "params": {"eta": 0.07885436942057455, "max_depth": 10.65494950532498, "n_estimators": 202.3965420892321}, "datetime": {"datetime": "2021-09-24 17:05:09", "elapsed": 542.417091, "delta": 2.901256}}
{"target": -47.00100894440386, "params": {"eta": 0.12240004628217273, "max_depth": 23.956579142357796, "n_estimators": 249.60227257613684}, "datetime": {"datetime": "2021-09-24 17:05:13", "elapsed": 546.555152, "delta": 4.138061}}
{"target": -52.893761742383916, "params": {"eta": 0.499630546431147, "max_depth": 12.958760146308812, "n_estimators": 234.51088801909543}, "datetime": {"datetime": "2021-09-24 17:05:15", "elapsed": 548.552822, "delta": 1.99767}}
{"target": -45.93606346531918, "params": {"eta": 0.23002005047022547, "max_depth": 17.171308316720967, "n_estimators": 227.9204785405293}, "datetime": {"datetime": "2021-09-24 17:05:17", "elapsed": 550.553852, "delta": 2.00103}}
{"target": -48.426435628331696, "params": {"eta": 0.3732501631889439, "max_depth": 45.5490383466442, "n_estimators": 249.67299449232132}, "datetime": {"datetime": "2021-09-24 17:05:19", "elapsed": 552.299255, "delta": 1.745403}}
{"target": -50.05117757696854, "params": {"eta": 0.46337649720243007, "max_depth": 39.074779736236806, "n_estimators": 230.24239619757586}, "datetime": {"datetime": "2021-09-24 17:05:21", "elapsed": 554.213256, "delta": 1.914001}}
{"target": -47.01645023661449, "params": {"eta": 0.10814104710478308, "max_depth": 36.23875832934797, "n_estimators": 214.4200252833018}, "datetime": {"datetime": "2021-09-24 17:05:24", "elapsed": 556.933554, "delta": 2.720298}}
{"target": -47.54091205453514, "params": {"eta": 0.2204007333165991, "max_depth": 39.21665492696723, "n_estimators": 245.213602649454}, "datetime": {"datetime": "2021-09-24 17:05:26", "elapsed": 559.280553, "delta": 2.346999}}
{"target": -47.7709086138503, "params": {"eta": 0.16322187934966012, "max_depth": 2.0477733817866426, "n_estimators": 208.44851895124958}, "datetime": {"datetime": "2021-09-24 17:05:30", "elapsed": 562.937614, "delta": 3.657061}}
{"target": -46.19788188504097, "params": {"eta": 0.014834706623493621, "max_depth": 1.492090374393936, "n_estimators": 208.24533673312766}, "datetime": {"datetime": "2021-09-24 17:05:33", "elapsed": 566.423569, "delta": 3.485955}}
{"target": -43.9791605669753, "params": {"eta": 0.10590060116612844, "max_depth": 1.7290036246346763, "n_estimators": 207.32072808667343}, "datetime": {"datetime": "2021-09-24 17:05:36", "elapsed": 569.743474, "delta": 3.319905}}
{"target": -45.38615526471819, "params": {"eta": 0.0385691486806496, "max_depth": 23.569205063234893, "n_estimators": 221.21023746924175}, "datetime": {"datetime": "2021-09-24 17:05:40", "elapsed": 573.633946, "delta": 3.890472}}
{"target": -47.43099677293821, "params": {"eta": 0.09310599944235963, "max_depth": 41.35019870009919, "n_estimators": 218.09002545646504}, "datetime": {"datetime": "2021-09-24 17:05:44", "elapsed": 577.454919, "delta": 3.820973}}
{"target": -47.57102300887718, "params": {"eta": 0.3493924777718513, "max_depth": 27.182495946420133, "n_estimators": 233.93731218979642}, "datetime": {"datetime": "2021-09-24 17:05:48", "elapsed": 580.995994, "delta": 3.541075}}
{"target": -50.78385102121454, "params": {"eta": 0.48563601970212467, "max_depth": 42.19833708459431, "n_estimators": 215.17657487701555}, "datetime": {"datetime": "2021-09-24 17:05:50", "elapsed": 583.316755, "delta": 2.320761}}
{"target": -45.0856098089003, "params": {"eta": 0.24956571222103344, "max_depth": 1.7208388987444678, "n_estimators": 207.47486332598822}, "datetime": {"datetime": "2021-09-24 17:05:53", "elapsed": 586.131475, "delta": 2.81472}}
{"target": -51.416679066822944, "params": {"eta": 0.19621195699973099, "max_depth": 4.864011545694315, "n_estimators": 234.9555997231808}, "datetime": {"datetime": "2021-09-24 17:05:56", "elapsed": 588.922852, "delta": 2.791377}}
{"target": -47.06900999599829, "params": {"eta": 0.36552577102232137, "max_depth": 22.858549057368638, "n_estimators": 201.86051610985703}, "datetime": {"datetime": "2021-09-24 17:05:58", "elapsed": 591.742716, "delta": 2.819864}}
{"target": -44.00524173822618, "params": {"eta": 0.10843223540236427, "max_depth": 1.4694718488652, "n_estimators": 208.14891147541945}, "datetime": {"datetime": "2021-09-24 17:06:01", "elapsed": 594.493934, "delta": 2.751218}}
{"target": -47.98351875821451, "params": {"eta": 0.4361644412267034, "max_depth": 36.031720993056155, "n_estimators": 236.59009054427935}, "datetime": {"datetime": "2021-09-24 17:06:03", "elapsed": 596.492171, "delta": 1.998237}}
{"target": -49.92000640066046, "params": {"eta": 0.44695272394953084, "max_depth": 31.179994683247486, "n_estimators": 209.58207879274465}, "datetime": {"datetime": "2021-09-24 17:06:06", "elapsed": 599.355035, "delta": 2.862864}}
{"target": -49.664739364968206, "params": {"eta": 0.2497760636407257, "max_depth": 43.5298167963361, "n_estimators": 239.1619868685266}, "datetime": {"datetime": "2021-09-24 17:06:09", "elapsed": 602.204308, "delta": 2.849273}}
{"target": -44.08972228200812, "params": {"eta": 0.12133230730437293, "max_depth": 1.363872280036684, "n_estimators": 207.57570114898454}, "datetime": {"datetime": "2021-09-24 17:06:14", "elapsed": 606.857821, "delta": 4.653513}}
{"target": -46.34514368387093, "params": {"eta": 0.3951325397025461, "max_depth": 47.3540562511934, "n_estimators": 214.04645651673587}, "datetime": {"datetime": "2021-09-24 17:06:16", "elapsed": 609.391189, "delta": 2.533368}}
{"target": -47.18903499976137, "params": {"eta": 0.09258486386474526, "max_depth": 21.262734089261734, "n_estimators": 229.96400441103356}, "datetime": {"datetime": "2021-09-24 17:06:20", "elapsed": 613.434596, "delta": 4.043407}}
{"target": -45.79916949738237, "params": {"eta": 0.4401075926251419, "max_depth": 12.433807825291053, "n_estimators": 230.6708864847845}, "datetime": {"datetime": "2021-09-24 17:06:22", "elapsed": 615.54001, "delta": 2.105414}}
{"target": -44.451195566277754, "params": {"eta": 0.14339792967897844, "max_depth": 1.1765953413239054, "n_estimators": 207.7651946351353}, "datetime": {"datetime": "2021-09-24 17:06:26", "elapsed": 619.184173, "delta": 3.644163}}
{"target": -47.54201335476753, "params": {"eta": 0.1788661294606036, "max_depth": 11.409460421948696, "n_estimators": 223.1940034324079}, "datetime": {"datetime": "2021-09-24 17:06:30", "elapsed": 623.406745, "delta": 4.222572}}
{"target": -47.57897791468111, "params": {"eta": 0.38614956229474307, "max_depth": 14.952781257408496, "n_estimators": 201.55542744260129}, "datetime": {"datetime": "2021-09-24 17:06:33", "elapsed": 626.132891, "delta": 2.726146}}
{"target": -47.28207021727598, "params": {"eta": 0.21889226071751752, "max_depth": 39.92959591034957, "n_estimators": 207.94339634469367}, "datetime": {"datetime": "2021-09-24 17:06:36", "elapsed": 629.779506, "delta": 3.646615}}
{"target": -49.75109803049188, "params": {"eta": 0.19748444806547122, "max_depth": 4.801213910641369, "n_estimators": 249.46709714967733}, "datetime": {"datetime": "2021-09-24 17:06:39", "elapsed": 631.95772, "delta": 2.178214}}
{"target": -50.03634190380125, "params": {"eta": 0.1556730929825186, "max_depth": 4.067712658630799, "n_estimators": 248.84280908262753}, "datetime": {"datetime": "2021-09-24 17:06:40", "elapsed": 633.756864, "delta": 1.799144}}
{"target": -48.717290433725914, "params": {"eta": 0.37430826293163133, "max_depth": 32.71580374516769, "n_estimators": 228.5142120811759}, "datetime": {"datetime": "2021-09-24 17:06:43", "elapsed": 635.870822, "delta": 2.113958}}
{"target": -44.01653286926729, "params": {"eta": 0.09329507723883233, "max_depth": 1.667479275585589, "n_estimators": 207.19309562077572}, "datetime": {"datetime": "2021-09-24 17:06:46", "elapsed": 638.898612, "delta": 3.02779}}
{"target": -47.574128000359785, "params": {"eta": 0.257460921447008, "max_depth": 32.53920713759213, "n_estimators": 227.8334095035724}, "datetime": {"datetime": "2021-09-24 17:06:48", "elapsed": 641.775064, "delta": 2.876452}}
{"target": -45.32825937486233, "params": {"eta": 0.05386464567030306, "max_depth": 12.389107870883901, "n_estimators": 224.45571720736964}, "datetime": {"datetime": "2021-09-24 17:06:52", "elapsed": 645.204565, "delta": 3.429501}}
{"target": -44.48013503569409, "params": {"eta": 0.1461786793948722, "max_depth": 1.4663196435275676, "n_estimators": 207.58790328828604}, "datetime": {"datetime": "2021-09-24 17:06:55", "elapsed": 648.395657, "delta": 3.191092}}
{"target": -46.81463442350689, "params": {"eta": 0.08613514216655051, "max_depth": 23.22307432662037, "n_estimators": 233.25065091202185}, "datetime": {"datetime": "2021-09-24 17:06:58", "elapsed": 651.815529, "delta": 3.419872}}
{"target": -51.112030144024615, "params": {"eta": 0.49407612137414, "max_depth": 44.17527579389299, "n_estimators": 221.3984888565785}, "datetime": {"datetime": "2021-09-24 17:07:00", "elapsed": 653.551081, "delta": 1.735552}}
{"target": -45.057641911327394, "params": {"eta": 0.2461161063294162, "max_depth": 1.1346165635969352, "n_estimators": 206.8877537801896}, "datetime": {"datetime": "2021-09-24 17:07:03", "elapsed": 656.326488, "delta": 2.775407}}
{"target": -49.24253016665466, "params": {"eta": 0.2461816528512599, "max_depth": 2.7813765359362734, "n_estimators": 211.6746416696616}, "datetime": {"datetime": "2021-09-24 17:07:04", "elapsed": 657.7814, "delta": 1.454912}}
{"target": -50.03977652241413, "params": {"eta": 0.3325905291636713, "max_depth": 7.07373226035945, "n_estimators": 241.30625881569165}, "datetime": {"datetime": "2021-09-24 17:07:07", "elapsed": 660.458113, "delta": 2.676713}}
{"target": -49.492900332113855, "params": {"eta": 0.42679734652946316, "max_depth": 18.716546099499443, "n_estimators": 205.03447042848637}, "datetime": {"datetime": "2021-09-24 17:07:09", "elapsed": 662.742381, "delta": 2.284268}}
{"target": -47.411054568183154, "params": {"eta": 0.34245954198439404, "max_depth": 25.970672038457522, "n_estimators": 240.36668928046325}, "datetime": {"datetime": "2021-09-24 17:07:11", "elapsed": 664.679625, "delta": 1.937244}}
{"target": -48.71694464432566, "params": {"eta": 0.43289727583148124, "max_depth": 29.673813874854414, "n_estimators": 210.52155623389413}, "datetime": {"datetime": "2021-09-24 17:07:14", "elapsed": 666.89311, "delta": 2.213485}}
{"target": -45.963799110928875, "params": {"eta": 0.22860954349811516, "max_depth": 23.79328232933382, "n_estimators": 249.54578756231015}, "datetime": {"datetime": "2021-09-24 17:07:17", "elapsed": 670.595183, "delta": 3.702073}}
{"target": -44.63873896204439, "params": {"eta": 0.17675097068777254, "max_depth": 1.7832726391266316, "n_estimators": 207.98774196467457}, "datetime": {"datetime": "2021-09-24 17:07:20", "elapsed": 673.48914, "delta": 2.893957}}
{"target": -47.44489861968765, "params": {"eta": 0.4386391151051558, "max_depth": 31.955245155404047, "n_estimators": 222.08038722426608}, "datetime": {"datetime": "2021-09-24 17:07:22", "elapsed": 675.389954, "delta": 1.900814}}
{"target": -47.104294454244744, "params": {"eta": 0.3485839378008836, "max_depth": 34.827637544817634, "n_estimators": 221.67854626465564}, "datetime": {"datetime": "2021-09-24 17:07:24", "elapsed": 677.831267, "delta": 2.441313}}
{"target": -45.495468799332926, "params": {"eta": 0.048594674703247916, "max_depth": 19.811318173554103, "n_estimators": 203.94304601301903}, "datetime": {"datetime": "2021-09-24 17:07:27", "elapsed": 680.621759, "delta": 2.790492}}
{"target": -44.20050794558418, "params": {"eta": 0.015030637774254261, "max_depth": 2.438701532819687, "n_estimators": 201.21260170677039}, "datetime": {"datetime": "2021-09-24 17:07:30", "elapsed": 683.642074, "delta": 3.020315}}
{"target": -51.153368354739996, "params": {"eta": 0.4888626676813987, "max_depth": 19.272336051685162, "n_estimators": 247.1265112764062}, "datetime": {"datetime": "2021-09-24 17:07:33", "elapsed": 685.872545, "delta": 2.230471}}
{"target": -47.89101286579792, "params": {"eta": 0.17579469977991943, "max_depth": 38.48206542058635, "n_estimators": 232.32863689541662}, "datetime": {"datetime": "2021-09-24 17:07:35", "elapsed": 688.47985, "delta": 2.607305}}
{"target": -46.40948015944402, "params": {"eta": 0.10446083495306965, "max_depth": 36.081346001418225, "n_estimators": 233.38593045179496}, "datetime": {"datetime": "2021-09-24 17:07:38", "elapsed": 691.746161, "delta": 3.266311}}
{"target": -44.34566950977297, "params": {"eta": 0.029266576711516938, "max_depth": 1.284594077568632, "n_estimators": 208.29567298544586}, "datetime": {"datetime": "2021-09-24 17:07:43", "elapsed": 695.969068, "delta": 4.222907}}
{"target": -44.30388586861746, "params": {"eta": 0.15477023982647686, "max_depth": 1.149592113947866, "n_estimators": 207.16944984872873}, "datetime": {"datetime": "2021-09-24 17:07:46", "elapsed": 699.340115, "delta": 3.371047}}
{"target": -44.48997113220674, "params": {"eta": 0.14501278225773725, "max_depth": 1.0402926973021573, "n_estimators": 207.73185026922636}, "datetime": {"datetime": "2021-09-24 17:07:50", "elapsed": 703.341058, "delta": 4.000943}}
{"target": -47.544135473724594, "params": {"eta": 0.11335182463584917, "max_depth": 9.065615359105433, "n_estimators": 209.214708933814}, "datetime": {"datetime": "2021-09-24 17:07:53", "elapsed": 706.018624, "delta": 2.677566}}
{"target": -46.09392957759083, "params": {"eta": 0.3322248671886835, "max_depth": 20.273534998208483, "n_estimators": 223.37188508797743}, "datetime": {"datetime": "2021-09-24 17:07:55", "elapsed": 708.374453, "delta": 2.355829}}
{"target": -44.716145967182364, "params": {"eta": 0.22836978742189437, "max_depth": 1.8700291942873024, "n_estimators": 208.06818568796228}, "datetime": {"datetime": "2021-09-24 17:07:59", "elapsed": 712.6153, "delta": 4.240847}}
{"target": -44.011820427457195, "params": {"eta": 0.10781962487013136, "max_depth": 1.1492357661576054, "n_estimators": 207.61656644766146}, "datetime": {"datetime": "2021-09-24 17:08:02", "elapsed": 715.621379, "delta": 3.006079}}
{"target": -48.190038867462846, "params": {"eta": 0.4659411790351111, "max_depth": 46.528846148168924, "n_estimators": 244.51761440395438}, "datetime": {"datetime": "2021-09-24 17:08:05", "elapsed": 717.987732, "delta": 2.366353}}
{"target": -48.573330355766124, "params": {"eta": 0.2261096992594854, "max_depth": 41.38768685469853, "n_estimators": 219.5044357482464}, "datetime": {"datetime": "2021-09-24 17:08:08", "elapsed": 720.95915, "delta": 2.971418}}
{"target": -43.80722510545774, "params": {"eta": 0.07800773607069121, "max_depth": 1.4213196805697983, "n_estimators": 208.02749725014118}, "datetime": {"datetime": "2021-09-24 17:08:11", "elapsed": 724.518159, "delta": 3.559009}}
{"target": -47.95355967471474, "params": {"eta": 0.12361528057358023, "max_depth": 45.534237160801695, "n_estimators": 230.05842194430036}, "datetime": {"datetime": "2021-09-24 17:08:14", "elapsed": 727.289133, "delta": 2.770974}}
{"target": -46.83780459353798, "params": {"eta": 0.32623170293524173, "max_depth": 44.89739296412694, "n_estimators": 212.34067885793837}, "datetime": {"datetime": "2021-09-24 17:08:16", "elapsed": 729.258047, "delta": 1.968914}}
{"target": -44.14411349762651, "params": {"eta": 0.11688301019989436, "max_depth": 1.0263996355869618, "n_estimators": 207.07866444729004}, "datetime": {"datetime": "2021-09-24 17:08:19", "elapsed": 732.479031, "delta": 3.220984}}
{"target": -47.7318364193565, "params": {"eta": 0.19482675867740368, "max_depth": 17.199220565405394, "n_estimators": 241.66084693305876}, "datetime": {"datetime": "2021-09-24 17:08:21", "elapsed": 734.572035, "delta": 2.093004}}
{"target": -46.637733516836526, "params": {"eta": 0.16619016951891666, "max_depth": 28.051543934754186, "n_estimators": 233.09324247289254}, "datetime": {"datetime": "2021-09-24 17:08:24", "elapsed": 737.652986, "delta": 3.080951}}
{"target": -44.06362513491982, "params": {"eta": 0.03426338154751516, "max_depth": 1.178952929862195, "n_estimators": 208.0869292559224}, "datetime": {"datetime": "2021-09-24 17:08:27", "elapsed": 740.474198, "delta": 2.821212}}
{"target": -44.361706554441525, "params": {"eta": 0.16215181696990963, "max_depth": 1.6686419444441776, "n_estimators": 208.13069747112667}, "datetime": {"datetime": "2021-09-24 17:08:31", "elapsed": 744.022865, "delta": 3.548667}}
{"target": -44.65164571776426, "params": {"eta": 0.18951108777481912, "max_depth": 1.2787558018598255, "n_estimators": 208.3825793220513}, "datetime": {"datetime": "2021-09-24 17:08:34", "elapsed": 746.88675, "delta": 2.863885}}
{"target": -49.579500126659426, "params": {"eta": 0.09022748459922894, "max_depth": 5.984864067698594, "n_estimators": 229.92820206083974}, "datetime": {"datetime": "2021-09-24 17:08:35", "elapsed": 748.757997, "delta": 1.871247}}
{"target": -44.066063672976384, "params": {"eta": 0.1343460750437843, "max_depth": 1.2367546943897074, "n_estimators": 207.2934965229162}, "datetime": {"datetime": "2021-09-24 17:08:39", "elapsed": 752.32287, "delta": 3.564873}}
{"target": -45.459845062485314, "params": {"eta": 0.01802425572594242, "max_depth": 1.0799078235597392, "n_estimators": 207.05374350854294}, "datetime": {"datetime": "2021-09-24 17:08:42", "elapsed": 755.827849, "delta": 3.504979}}
