{"target": -50.44139374467663, "params": {"eta": 0.5, "max_depth": 9.157259319339436, "n_estimators": 23.350310169486175}, "datetime": {"datetime": "2021-09-24 16:13:54", "elapsed": 131.32036, "delta": 0.858166}}
{"target": -45.34590728300854, "params": {"eta": 0.3951598750893111, "max_depth": 11.307548396458584, "n_estimators": 23.812080468176084}, "datetime": {"datetime": "2021-09-24 16:13:55", "elapsed": 132.283973, "delta": 0.963613}}
{"target": -46.99887116511065, "params": {"eta": 0.33721437989671343, "max_depth": 11.968009678260978, "n_estimators": 22.039725882343213}, "datetime": {"datetime": "2021-09-24 16:13:56", "elapsed": 133.388638, "delta": 1.104665}}
{"target": -50.43799912302118, "params": {"eta": 0.08202157972678549, "max_depth": 12.925743714459315, "n_estimators": 23.506765708141373}, "datetime": {"datetime": "2021-09-24 16:13:57", "elapsed": 134.399345, "delta": 1.010707}}
{"target": -114.8607262059262, "params": {"eta": 0.01, "max_depth": 10.397775280743385, "n_estimators": 25.237692085502992}, "datetime": {"datetime": "2021-09-24 16:13:58", "elapsed": 135.318344, "delta": 0.918999}}
{"target": -50.91681410136976, "params": {"eta": 0.5, "max_depth": 8.77984615691114, "n_estimators": 21.64847623122402}, "datetime": {"datetime": "2021-09-24 16:13:59", "elapsed": 136.165697, "delta": 0.847353}}
{"target": -48.109682470336, "params": {"eta": 0.34587545241841505, "max_depth": 24.713511934164806, "n_estimators": 75.38046329141429}, "datetime": {"datetime": "2021-09-24 16:14:01", "elapsed": 137.477673, "delta": 1.311976}}
{"target": -51.580828673857496, "params": {"eta": 0.5, "max_depth": 25.0, "n_estimators": 77.27641061399989}, "datetime": {"datetime": "2021-09-24 16:14:02", "elapsed": 138.621255, "delta": 1.143582}}
{"target": -52.08239700202655, "params": {"eta": 0.08026999960760083, "max_depth": 11.28029585839318, "n_estimators": 20.594140857035992}, "datetime": {"datetime": "2021-09-24 16:14:03", "elapsed": 139.457374, "delta": 0.836119}}
{"target": -48.49291091574762, "params": {"eta": 0.2958522139233247, "max_depth": 8.898359801644443, "n_estimators": 61.59759565733327}, "datetime": {"datetime": "2021-09-24 16:14:04", "elapsed": 140.557224, "delta": 1.09985}}
{"target": -50.65647314544907, "params": {"eta": 0.026511252653635145, "max_depth": 2.298999316151278, "n_estimators": 55.1432646771146}, "datetime": {"datetime": "2021-09-24 16:14:04", "elapsed": 141.442514, "delta": 0.88529}}
{"target": -51.580828673857496, "params": {"eta": 0.5, "max_depth": 25.0, "n_estimators": 67.48535315484445}, "datetime": {"datetime": "2021-09-24 16:14:05", "elapsed": 142.401592, "delta": 0.959078}}
{"target": -48.88249656849338, "params": {"eta": 0.4465452342079634, "max_depth": 14.608046184567193, "n_estimators": 21.895854891439228}, "datetime": {"datetime": "2021-09-24 16:14:06", "elapsed": 143.427239, "delta": 1.025647}}
{"target": -47.16161033802463, "params": {"eta": 0.22020584950524774, "max_depth": 15.691939771831725, "n_estimators": 20.1768002208674}, "datetime": {"datetime": "2021-09-24 16:14:07", "elapsed": 144.209373, "delta": 0.782134}}
{"target": -48.11580655090791, "params": {"eta": 0.1308075048247808, "max_depth": 16.528691537572335, "n_estimators": 21.63145418540081}, "datetime": {"datetime": "2021-09-24 16:14:08", "elapsed": 145.361551, "delta": 1.152178}}
{"target": -51.62234634743597, "params": {"eta": 0.5, "max_depth": 17.511506781049693, "n_estimators": 20.01592340857217}, "datetime": {"datetime": "2021-09-24 16:14:09", "elapsed": 146.319549, "delta": 0.957998}}
{"target": -51.58700033775846, "params": {"eta": 0.5, "max_depth": 15.890510288086663, "n_estimators": 23.49320165632699}, "datetime": {"datetime": "2021-09-24 16:14:10", "elapsed": 147.336548, "delta": 1.016999}}
{"target": -46.27248333809071, "params": {"eta": 0.1884902915120468, "max_depth": 18.2852763477395, "n_estimators": 22.780356870525942}, "datetime": {"datetime": "2021-09-24 16:14:11", "elapsed": 148.344545, "delta": 1.007997}}
{"target": -51.57068275509024, "params": {"eta": 0.5, "max_depth": 18.22209693774769, "n_estimators": 24.486021127417523}, "datetime": {"datetime": "2021-09-24 16:14:13", "elapsed": 149.879983, "delta": 1.535438}}
{"target": -51.575056979530736, "params": {"eta": 0.5, "max_depth": 19.475601514534407, "n_estimators": 21.564859063998536}, "datetime": {"datetime": "2021-09-24 16:14:14", "elapsed": 150.928641, "delta": 1.048658}}
{"target": -47.52881530532263, "params": {"eta": 0.12110462012506815, "max_depth": 19.91648926786119, "n_estimators": 23.429804981348916}, "datetime": {"datetime": "2021-09-24 16:14:15", "elapsed": 152.053975, "delta": 1.125334}}
{"target": -51.54420588787337, "params": {"eta": 0.5, "max_depth": 20.777350254385553, "n_estimators": 25.107811537911875}, "datetime": {"datetime": "2021-09-24 16:14:16", "elapsed": 153.304869, "delta": 1.250894}}
{"target": -51.58375534975439, "params": {"eta": 0.5, "max_depth": 21.722616830678867, "n_estimators": 22.87304295901172}, "datetime": {"datetime": "2021-09-24 16:14:18", "elapsed": 154.587418, "delta": 1.282549}}
{"target": -51.246605005479395, "params": {"eta": 0.45681149759198986, "max_depth": 14.575740380293182, "n_estimators": 18.867633317006252}, "datetime": {"datetime": "2021-09-24 16:14:19", "elapsed": 155.611243, "delta": 1.023825}}
{"target": -48.76543159771683, "params": {"eta": 0.08337002906158138, "max_depth": 23.434239434653428, "n_estimators": 24.901600502055494}, "datetime": {"datetime": "2021-09-24 16:14:20", "elapsed": 156.532065, "delta": 0.920822}}
{"target": -51.61364508033695, "params": {"eta": 0.5, "max_depth": 22.84843988192356, "n_estimators": 26.733388970486615}, "datetime": {"datetime": "2021-09-24 16:14:21", "elapsed": 157.67017, "delta": 1.138105}}
{"target": -51.59284786711958, "params": {"eta": 0.5, "max_depth": 24.352631579038103, "n_estimators": 23.193178353699647}, "datetime": {"datetime": "2021-09-24 16:14:22", "elapsed": 158.751234, "delta": 1.081064}}
{"target": -114.85463813552283, "params": {"eta": 0.01, "max_depth": 25.0, "n_estimators": 25.981615000794708}, "datetime": {"datetime": "2021-09-24 16:14:23", "elapsed": 159.81601, "delta": 1.064776}}
{"target": -67.68225023083221, "params": {"eta": 0.037244828104403445, "max_depth": 22.495842068638225, "n_estimators": 24.193455648072558}, "datetime": {"datetime": "2021-09-24 16:14:24", "elapsed": 160.822425, "delta": 1.006415}}
{"target": -46.47893670447787, "params": {"eta": 0.13491721051554634, "max_depth": 11.435662616984493, "n_estimators": 59.433539931666346}, "datetime": {"datetime": "2021-09-24 16:14:25", "elapsed": 162.018098, "delta": 1.195673}}
{"target": -48.52148202308138, "params": {"eta": 0.28622392412244313, "max_depth": 3.0956578726298867, "n_estimators": 75.74190529956523}, "datetime": {"datetime": "2021-09-24 16:14:26", "elapsed": 163.100855, "delta": 1.082757}}
{"target": -51.543612257878586, "params": {"eta": 0.5, "max_depth": 20.916194769788923, "n_estimators": 27.31084790302105}, "datetime": {"datetime": "2021-09-24 16:14:27", "elapsed": 164.134697, "delta": 1.033842}}
{"target": -51.584736329272275, "params": {"eta": 0.5, "max_depth": 21.767959552246136, "n_estimators": 20.914513225073105}, "datetime": {"datetime": "2021-09-24 16:14:28", "elapsed": 165.297096, "delta": 1.162399}}
{"target": -45.89687140902182, "params": {"eta": 0.2222540000713238, "max_depth": 1.0229368999748925, "n_estimators": 13.460743233698311}, "datetime": {"datetime": "2021-09-24 16:14:29", "elapsed": 166.155724, "delta": 0.858628}}
{"target": -50.40552276955511, "params": {"eta": 0.31322547741279017, "max_depth": 10.068418464077826, "n_estimators": 76.67491822607286}, "datetime": {"datetime": "2021-09-24 16:14:30", "elapsed": 167.419529, "delta": 1.263805}}
{"target": -51.58850186570246, "params": {"eta": 0.5, "max_depth": 24.161546007523253, "n_estimators": 20.944126587089837}, "datetime": {"datetime": "2021-09-24 16:14:32", "elapsed": 168.597126, "delta": 1.177597}}
{"target": -68.36169326036496, "params": {"eta": 0.014153838665943778, "max_depth": 14.007997618233187, "n_estimators": 63.09623683771227}, "datetime": {"datetime": "2021-09-24 16:14:33", "elapsed": 169.647903, "delta": 1.050777}}
{"target": -44.62939215064945, "params": {"eta": 0.18219201930596113, "max_depth": 14.083530058211483, "n_estimators": 60.51173632066118}, "datetime": {"datetime": "2021-09-24 16:14:34", "elapsed": 171.053569, "delta": 1.405666}}
{"target": -46.15096047767123, "params": {"eta": 0.17192551231308098, "max_depth": 16.096688939706024, "n_estimators": 76.46157641825157}, "datetime": {"datetime": "2021-09-24 16:14:36", "elapsed": 172.565138, "delta": 1.511569}}
{"target": -47.669003393417015, "params": {"eta": 0.4520158719916654, "max_depth": 15.344711487067269, "n_estimators": 12.27177386738771}, "datetime": {"datetime": "2021-09-24 16:14:37", "elapsed": 173.559643, "delta": 0.994505}}
{"target": -52.72088238708955, "params": {"eta": 0.13877912212092497, "max_depth": 14.180108066881985, "n_estimators": 11.287786527780739}, "datetime": {"datetime": "2021-09-24 16:14:37", "elapsed": 174.38623, "delta": 0.826587}}
{"target": -49.975225376903566, "params": {"eta": 0.4859214142942941, "max_depth": 15.596594156454438, "n_estimators": 78.17932333977578}, "datetime": {"datetime": "2021-09-24 16:14:39", "elapsed": 175.569494, "delta": 1.183264}}
{"target": -133.02515907753678, "params": {"eta": 0.01, "max_depth": 7.951910212128381, "n_estimators": 10.0}, "datetime": {"datetime": "2021-09-24 16:14:40", "elapsed": 176.554585, "delta": 0.985091}}
{"target": -113.76952954342491, "params": {"eta": 0.01, "max_depth": 18.66674745870226, "n_estimators": 26.86389981206131}, "datetime": {"datetime": "2021-09-24 16:14:41", "elapsed": 177.644028, "delta": 1.089443}}
{"target": -46.65407255359162, "params": {"eta": 0.10475441669213381, "max_depth": 22.269357536262063, "n_estimators": 28.91411945092998}, "datetime": {"datetime": "2021-09-24 16:14:42", "elapsed": 178.901155, "delta": 1.257127}}
{"target": -51.58161447281228, "params": {"eta": 0.5, "max_depth": 21.879136584543204, "n_estimators": 30.7610298905333}, "datetime": {"datetime": "2021-09-24 16:14:44", "elapsed": 180.819878, "delta": 1.918723}}
{"target": -46.66674408876806, "params": {"eta": 0.3360757355559184, "max_depth": 24.150686010903602, "n_estimators": 30.19840664773283}, "datetime": {"datetime": "2021-09-24 16:14:45", "elapsed": 182.102622, "delta": 1.282744}}
{"target": -50.198559524421405, "params": {"eta": 0.45706473658487884, "max_depth": 24.315344618420003, "n_estimators": 32.34162064166452}, "datetime": {"datetime": "2021-09-24 16:14:46", "elapsed": 183.268658, "delta": 1.166036}}
{"target": -46.76439646670693, "params": {"eta": 0.29646841508779137, "max_depth": 22.30165092007174, "n_estimators": 33.48566329082337}, "datetime": {"datetime": "2021-09-24 16:14:48", "elapsed": 185.100732, "delta": 1.832074}}
{"target": -89.57210217382675, "params": {"eta": 0.015218331585972165, "max_depth": 23.666673209296793, "n_estimators": 34.51529336905408}, "datetime": {"datetime": "2021-09-24 16:14:49", "elapsed": 186.105844, "delta": 1.005112}}
{"target": -47.10529380454157, "params": {"eta": 0.3220678707119294, "max_depth": 21.294213613272184, "n_estimators": 32.62823673009882}, "datetime": {"datetime": "2021-09-24 16:14:51", "elapsed": 187.534666, "delta": 1.428822}}
{"target": -51.543118039468176, "params": {"eta": 0.5, "max_depth": 20.63325709932361, "n_estimators": 34.24631461977812}, "datetime": {"datetime": "2021-09-24 16:14:52", "elapsed": 188.76439, "delta": 1.229724}}
{"target": -45.69310794916368, "params": {"eta": 0.18462100546817345, "max_depth": 18.918852520449107, "n_estimators": 32.004142007683676}, "datetime": {"datetime": "2021-09-24 16:14:53", "elapsed": 190.048728, "delta": 1.284338}}
{"target": -50.584259033203125, "params": {"eta": 0.39360904652162204, "max_depth": 17.671822684844663, "n_estimators": 33.27234732949124}, "datetime": {"datetime": "2021-09-24 16:14:55", "elapsed": 191.775852, "delta": 1.727124}}
{"target": -47.59241422853972, "params": {"eta": 0.3232665014220535, "max_depth": 16.964102125024482, "n_estimators": 31.079352378764582}, "datetime": {"datetime": "2021-09-24 16:14:56", "elapsed": 193.297206, "delta": 1.521354}}
{"target": -48.19267551163982, "params": {"eta": 0.4248033327310323, "max_depth": 15.577291560779669, "n_estimators": 32.40689870541793}, "datetime": {"datetime": "2021-09-24 16:14:58", "elapsed": 194.481334, "delta": 1.184128}}
{"target": -48.27528372743076, "params": {"eta": 0.37436860592992793, "max_depth": 14.786356248538812, "n_estimators": 30.323246319792318}, "datetime": {"datetime": "2021-09-24 16:14:59", "elapsed": 195.76611, "delta": 1.284776}}
{"target": -60.53013605103457, "params": {"eta": 0.035175244177119966, "max_depth": 13.716994435521865, "n_estimators": 32.136799085125496}, "datetime": {"datetime": "2021-09-24 16:15:00", "elapsed": 196.905054, "delta": 1.138944}}
{"target": -48.34449925817045, "params": {"eta": 0.19988594139330249, "max_depth": 18.750885715224193, "n_estimators": 30.360522514692416}, "datetime": {"datetime": "2021-09-24 16:15:01", "elapsed": 198.017104, "delta": 1.11205}}
{"target": -63.767144597562634, "params": {"eta": 0.036501939240055035, "max_depth": 14.257293194024147, "n_estimators": 28.51319972161507}, "datetime": {"datetime": "2021-09-24 16:15:02", "elapsed": 199.024702, "delta": 1.007598}}
{"target": -129.12773343674223, "params": {"eta": 0.01, "max_depth": 8.73129180025019, "n_estimators": 13.02852190442617}, "datetime": {"datetime": "2021-09-24 16:15:03", "elapsed": 199.862018, "delta": 0.837316}}
{"target": -43.721106737179866, "params": {"eta": 0.11870288697403471, "max_depth": 1.512993453085337, "n_estimators": 74.38720521179346}, "datetime": {"datetime": "2021-09-24 16:15:04", "elapsed": 200.865366, "delta": 1.003348}}
{"target": -53.468104971978896, "params": {"eta": 0.10241737716383723, "max_depth": 6.7997781603080325, "n_estimators": 14.599268560367884}, "datetime": {"datetime": "2021-09-24 16:15:05", "elapsed": 201.941288, "delta": 1.075922}}
{"target": -44.235723968735314, "params": {"eta": 0.4566690986906637, "max_depth": 1.953160841352048, "n_estimators": 14.251097807490263}, "datetime": {"datetime": "2021-09-24 16:15:06", "elapsed": 202.926183, "delta": 0.984895}}
{"target": -57.22672403665413, "params": {"eta": 0.016311572027651183, "max_depth": 9.400886295626723, "n_estimators": 79.13093343597654}, "datetime": {"datetime": "2021-09-24 16:15:07", "elapsed": 204.270267, "delta": 1.344084}}
{"target": -49.35562954092384, "params": {"eta": 0.4773680676732949, "max_depth": 13.21444198829251, "n_estimators": 60.76294502971716}, "datetime": {"datetime": "2021-09-24 16:15:09", "elapsed": 205.610083, "delta": 1.339816}}
{"target": -47.0061102845615, "params": {"eta": 0.11057309339413005, "max_depth": 13.551082098705358, "n_estimators": 72.95433022737612}, "datetime": {"datetime": "2021-09-24 16:15:10", "elapsed": 207.225127, "delta": 1.615044}}
{"target": -48.96999405021954, "params": {"eta": 0.4073834802371525, "max_depth": 15.580498560934302, "n_estimators": 32.44952928055537}, "datetime": {"datetime": "2021-09-24 16:15:11", "elapsed": 208.263104, "delta": 1.037977}}
{"target": -48.424236469699025, "params": {"eta": 0.2857712639997991, "max_depth": 11.447543189736656, "n_estimators": 22.874762170059554}, "datetime": {"datetime": "2021-09-24 16:15:13", "elapsed": 209.585865, "delta": 1.322761}}
{"target": -45.90468419584116, "params": {"eta": 0.16198442487942813, "max_depth": 15.520051822580903, "n_estimators": 31.068375365793848}, "datetime": {"datetime": "2021-09-24 16:15:14", "elapsed": 211.013337, "delta": 1.427472}}
{"target": -53.36757527975212, "params": {"eta": 0.04738348346990973, "max_depth": 20.235530549999087, "n_estimators": 31.43330626891342}, "datetime": {"datetime": "2021-09-24 16:15:16", "elapsed": 212.580334, "delta": 1.566997}}
{"target": -45.89980605849646, "params": {"eta": 0.15936929358760002, "max_depth": 22.573855531946148, "n_estimators": 32.14886118389525}, "datetime": {"datetime": "2021-09-24 16:15:17", "elapsed": 214.090946, "delta": 1.510612}}
{"target": -45.47533330702244, "params": {"eta": 0.44418795303738795, "max_depth": 8.693734128275825, "n_estimators": 40.78627659249358}, "datetime": {"datetime": "2021-09-24 16:15:18", "elapsed": 215.348948, "delta": 1.258002}}
{"target": -46.829991677649936, "params": {"eta": 0.13810424179051603, "max_depth": 23.82667133865525, "n_estimators": 70.19409546001815}, "datetime": {"datetime": "2021-09-24 16:15:20", "elapsed": 217.157947, "delta": 1.808999}}
{"target": -47.2583768170579, "params": {"eta": 0.3006713942221363, "max_depth": 11.013127721852793, "n_estimators": 14.131733874132442}, "datetime": {"datetime": "2021-09-24 16:15:21", "elapsed": 218.403979, "delta": 1.246032}}
{"target": -47.79138752930147, "params": {"eta": 0.4517295422739711, "max_depth": 23.412747641290395, "n_estimators": 28.922740188146037}, "datetime": {"datetime": "2021-09-24 16:15:23", "elapsed": 219.78856, "delta": 1.384581}}
{"target": -52.07940223521756, "params": {"eta": 0.4915694690394524, "max_depth": 8.377295414483036, "n_estimators": 39.413542362368155}, "datetime": {"datetime": "2021-09-24 16:15:24", "elapsed": 221.159255, "delta": 1.370695}}
{"target": -47.978129652209745, "params": {"eta": 0.15729191929986486, "max_depth": 5.925517695692168, "n_estimators": 69.37002177220086}, "datetime": {"datetime": "2021-09-24 16:15:26", "elapsed": 222.47829, "delta": 1.319035}}
{"target": -50.424802478991054, "params": {"eta": 0.4718014320439326, "max_depth": 10.05515664709467, "n_estimators": 16.985991499640775}, "datetime": {"datetime": "2021-09-24 16:15:27", "elapsed": 224.206094, "delta": 1.727804}}
{"target": -47.77949652994486, "params": {"eta": 0.38278859423200523, "max_depth": 14.008644927003104, "n_estimators": 71.14785276851144}, "datetime": {"datetime": "2021-09-24 16:15:29", "elapsed": 225.654691, "delta": 1.448597}}
{"target": -46.335293504528536, "params": {"eta": 0.11210728836085863, "max_depth": 23.399272220471964, "n_estimators": 31.259402628887987}, "datetime": {"datetime": "2021-09-24 16:15:31", "elapsed": 227.456221, "delta": 1.80153}}
{"target": -46.99685218638943, "params": {"eta": 0.18949584450302803, "max_depth": 10.092236950360597, "n_estimators": 72.12282214633547}, "datetime": {"datetime": "2021-09-24 16:15:32", "elapsed": 229.152407, "delta": 1.696186}}
{"target": -47.809886846327245, "params": {"eta": 0.2226544504173892, "max_depth": 19.534299068568522, "n_estimators": 33.071727287069706}, "datetime": {"datetime": "2021-09-24 16:15:34", "elapsed": 230.814061, "delta": 1.661654}}
{"target": -46.22515266820004, "params": {"eta": 0.27096987462136946, "max_depth": 16.248406596019862, "n_estimators": 29.823210140109218}, "datetime": {"datetime": "2021-09-24 16:15:35", "elapsed": 232.148494, "delta": 1.334433}}
{"target": -47.78217461951693, "params": {"eta": 0.15558460855169123, "max_depth": 21.74182468638763, "n_estimators": 70.99090780591865}, "datetime": {"datetime": "2021-09-24 16:15:37", "elapsed": 234.280406, "delta": 2.131912}}
{"target": -48.33797842040098, "params": {"eta": 0.23489755016761085, "max_depth": 7.298061140575796, "n_estimators": 16.68574822560298}, "datetime": {"datetime": "2021-09-24 16:15:39", "elapsed": 235.723108, "delta": 1.442702}}
{"target": -49.04997454191509, "params": {"eta": 0.1608166894341972, "max_depth": 7.199365786968705, "n_estimators": 61.234370584568076}, "datetime": {"datetime": "2021-09-24 16:15:40", "elapsed": 237.156502, "delta": 1.433394}}
{"target": -51.034577161745915, "params": {"eta": 0.5, "max_depth": 7.565749646862087, "n_estimators": 34.83392292709961}, "datetime": {"datetime": "2021-09-24 16:15:42", "elapsed": 238.636667, "delta": 1.480165}}
{"target": -96.53950618084212, "params": {"eta": 0.03292638900057067, "max_depth": 16.53080368995544, "n_estimators": 13.177588487902021}, "datetime": {"datetime": "2021-09-24 16:15:43", "elapsed": 239.843984, "delta": 1.207317}}
{"target": -47.21853442658159, "params": {"eta": 0.4550493024794706, "max_depth": 15.445770123922589, "n_estimators": 40.207451569515484}, "datetime": {"datetime": "2021-09-24 16:15:44", "elapsed": 241.269372, "delta": 1.425388}}
{"target": -49.797320114938834, "params": {"eta": 0.4334755030753353, "max_depth": 16.586970564805586, "n_estimators": 39.307452714102666}, "datetime": {"datetime": "2021-09-24 16:15:46", "elapsed": 243.379908, "delta": 2.110536}}
{"target": -45.93484849858105, "params": {"eta": 0.044979954510181434, "max_depth": 9.441929084895023, "n_estimators": 74.7581030927178}, "datetime": {"datetime": "2021-09-24 16:15:48", "elapsed": 245.145804, "delta": 1.765896}}
{"target": -45.50913307362033, "params": {"eta": 0.05352639822026723, "max_depth": 23.423226793408944, "n_estimators": 74.66895825817873}, "datetime": {"datetime": "2021-09-24 16:15:50", "elapsed": 247.33857, "delta": 2.192766}}
{"target": -51.58735708365763, "params": {"eta": 0.5, "max_depth": 15.404483914112323, "n_estimators": 75.29674013390145}, "datetime": {"datetime": "2021-09-24 16:15:52", "elapsed": 248.788889, "delta": 1.450319}}
{"target": -51.134658182474006, "params": {"eta": 0.4870854604947148, "max_depth": 20.6942024185553, "n_estimators": 29.32480495748902}, "datetime": {"datetime": "2021-09-24 16:15:53", "elapsed": 250.443373, "delta": 1.654484}}
{"target": -44.48447366585409, "params": {"eta": 0.2879508427255756, "max_depth": 1.0086461771315003, "n_estimators": 56.057674903242074}, "datetime": {"datetime": "2021-09-24 16:15:55", "elapsed": 251.572409, "delta": 1.129036}}
{"target": -105.54377816852771, "params": {"eta": 0.01, "max_depth": 18.756092273516877, "n_estimators": 34.72167015633541}, "datetime": {"datetime": "2021-09-24 16:15:56", "elapsed": 252.871358, "delta": 1.298949}}
