{"target": -38.567415258679205, "params": {"eta": 0.4941425734336006, "max_depth": 1.0, "n_estimators": 16.29518418862313}, "datetime": {"datetime": "2021-09-29 14:24:06", "elapsed": 688.427583, "delta": 4.115995}}
{"target": -39.935218072522126, "params": {"eta": 0.3093693674013412, "max_depth": 25.954273877897986, "n_estimators": 14.210905658573784}, "datetime": {"datetime": "2021-09-29 14:24:10", "elapsed": 692.02504, "delta": 3.597457}}
{"target": -42.636996141254755, "params": {"eta": 0.8657129215098708, "max_depth": 18.863293352810782, "n_estimators": 69.00976999469582}, "datetime": {"datetime": "2021-09-29 14:24:12", "elapsed": 694.160461, "delta": 2.135421}}
{"target": -41.72785169790024, "params": {"eta": 0.4287698613656992, "max_depth": 10.927119555535093, "n_estimators": 36.50573050644316}, "datetime": {"datetime": "2021-09-29 14:24:14", "elapsed": 696.171334, "delta": 2.010873}}
{"target": -39.167752400821435, "params": {"eta": 0.15186520461840794, "max_depth": 1.5246403654938925, "n_estimators": 14.761656108377796}, "datetime": {"datetime": "2021-09-29 14:24:19", "elapsed": 700.782871, "delta": 4.611537}}
{"target": -40.422563039388784, "params": {"eta": 0.4097107745662192, "max_depth": 3.8919063932631426, "n_estimators": 11.822174659923947}, "datetime": {"datetime": "2021-09-29 14:24:22", "elapsed": 704.64983, "delta": 3.866959}}
{"target": -37.61146907042618, "params": {"eta": 0.3946375734913617, "max_depth": 1.3170306895343016, "n_estimators": 18.738835021316987}, "datetime": {"datetime": "2021-09-29 14:24:26", "elapsed": 708.43569, "delta": 3.78586}}
{"target": -39.9319840626577, "params": {"eta": 0.27479540123763885, "max_depth": 9.059412558817938, "n_estimators": 58.28358091725252}, "datetime": {"datetime": "2021-09-29 14:24:28", "elapsed": 710.554776, "delta": 2.119086}}
{"target": -42.32589652162228, "params": {"eta": 0.1974915438068443, "max_depth": 10.820848412471554, "n_estimators": 40.09379036174352}, "datetime": {"datetime": "2021-09-29 14:24:30", "elapsed": 712.66386, "delta": 2.109084}}
{"target": -38.275184622682225, "params": {"eta": 0.022636286293311353, "max_depth": 13.574491718755029, "n_estimators": 58.7420182709463}, "datetime": {"datetime": "2021-09-29 14:24:35", "elapsed": 717.003239, "delta": 4.339379}}
{"target": -42.6017030794967, "params": {"eta": 0.18397263245049708, "max_depth": 8.824820048189814, "n_estimators": 54.75883666764066}, "datetime": {"datetime": "2021-09-29 14:24:37", "elapsed": 719.104156, "delta": 2.100917}}
{"target": -39.20514230691289, "params": {"eta": 0.1439250318289297, "max_depth": 12.24408732399209, "n_estimators": 67.73460599989792}, "datetime": {"datetime": "2021-09-29 14:24:39", "elapsed": 721.459167, "delta": 2.355011}}
{"target": -41.7857344195518, "params": {"eta": 0.614416220368597, "max_depth": 7.932799162846933, "n_estimators": 20.35847855718327}, "datetime": {"datetime": "2021-09-29 14:24:41", "elapsed": 723.55586, "delta": 2.096693}}
{"target": -39.47204816965736, "params": {"eta": 0.5062650281959268, "max_depth": 1.2516219969972147, "n_estimators": 10.209510979561461}, "datetime": {"datetime": "2021-09-29 14:24:46", "elapsed": 727.91276, "delta": 4.3569}}
{"target": -38.305948419020005, "params": {"eta": 0.12700733737021763, "max_depth": 1.2326164856021595, "n_estimators": 15.120017026157054}, "datetime": {"datetime": "2021-09-29 14:24:50", "elapsed": 731.777295, "delta": 3.864535}}
{"target": -43.75208007322763, "params": {"eta": 0.05084887453482199, "max_depth": 24.027925485557315, "n_estimators": 16.303363638202477}, "datetime": {"datetime": "2021-09-29 14:24:52", "elapsed": 733.807724, "delta": 2.030429}}
{"target": -45.115731615861634, "params": {"eta": 0.8256602854444476, "max_depth": 23.24731157524551, "n_estimators": 87.64223136260753}, "datetime": {"datetime": "2021-09-29 14:24:54", "elapsed": 736.051133, "delta": 2.243409}}
{"target": -40.44714303676312, "params": {"eta": 0.3956631081176072, "max_depth": 22.659267512729734, "n_estimators": 42.25655206011441}, "datetime": {"datetime": "2021-09-29 14:24:56", "elapsed": 738.287466, "delta": 2.236333}}
{"target": -40.240226911651355, "params": {"eta": 0.04020423896091202, "max_depth": 1.1566052091470196, "n_estimators": 96.01363404187997}, "datetime": {"datetime": "2021-09-29 14:25:02", "elapsed": 744.593407, "delta": 6.305941}}
{"target": -36.719358156918524, "params": {"eta": 0.6236168356126571, "max_depth": 2.1295005089298673, "n_estimators": 9.750695756019436}, "datetime": {"datetime": "2021-09-29 14:25:07", "elapsed": 748.840995, "delta": 4.247588}}
{"target": -39.67616914797834, "params": {"eta": 0.2990817657084628, "max_depth": 17.48967384284136, "n_estimators": 86.94576755995843}, "datetime": {"datetime": "2021-09-29 14:25:09", "elapsed": 751.131863, "delta": 2.290868}}
{"target": -39.676485682400966, "params": {"eta": 0.3090565581287099, "max_depth": 1.0254438242424189, "n_estimators": 18.61913011899591}, "datetime": {"datetime": "2021-09-29 14:25:14", "elapsed": 756.377534, "delta": 5.245671}}
{"target": -38.72910905066141, "params": {"eta": 0.12841647020497765, "max_depth": 1.30303689890789, "n_estimators": 16.104117189505203}, "datetime": {"datetime": "2021-09-29 14:25:18", "elapsed": 760.327587, "delta": 3.950053}}
{"target": -38.25696104897909, "params": {"eta": 0.9896924369601303, "max_depth": 1.682259101498272, "n_estimators": 15.64214995164977}, "datetime": {"datetime": "2021-09-29 14:25:22", "elapsed": 764.55701, "delta": 4.229423}}
{"target": -40.59937647460264, "params": {"eta": 0.46344043352565295, "max_depth": 20.3348499801996, "n_estimators": 52.38432987713487}, "datetime": {"datetime": "2021-09-29 14:25:25", "elapsed": 766.806926, "delta": 2.249916}}
{"target": -88.13312412569843, "params": {"eta": 0.010663123797139237, "max_depth": 2.359597432731771, "n_estimators": 10.353698314010048}, "datetime": {"datetime": "2021-09-29 14:25:29", "elapsed": 771.624448, "delta": 4.817522}}
{"target": -38.99983804774184, "params": {"eta": 0.17567550772641444, "max_depth": 12.559765955085629, "n_estimators": 54.2291740862869}, "datetime": {"datetime": "2021-09-29 14:25:32", "elapsed": 773.945345, "delta": 2.320897}}
{"target": -39.06084030691301, "params": {"eta": 0.24988013529556266, "max_depth": 3.9626703902116223, "n_estimators": 12.055664398749176}, "datetime": {"datetime": "2021-09-29 14:25:34", "elapsed": 775.987174, "delta": 2.041829}}
{"target": -39.8615699630024, "params": {"eta": 0.4147313501723594, "max_depth": 1.9985734090295488, "n_estimators": 10.323959349248057}, "datetime": {"datetime": "2021-09-29 14:25:39", "elapsed": 780.793586, "delta": 4.806412}}
{"target": -40.996830268406484, "params": {"eta": 0.43881790612918925, "max_depth": 2.4338336640425573, "n_estimators": 10.040678641348512}, "datetime": {"datetime": "2021-09-29 14:25:44", "elapsed": 785.968169, "delta": 5.174583}}
{"target": -39.69948830094395, "params": {"eta": 0.18283338884089773, "max_depth": 14.039460701611723, "n_estimators": 47.11802157900825}, "datetime": {"datetime": "2021-09-29 14:25:46", "elapsed": 788.504332, "delta": 2.536163}}
{"target": -36.990416770399584, "params": {"eta": 0.5319121461148251, "max_depth": 5.600911918409003, "n_estimators": 4.11298782303318}, "datetime": {"datetime": "2021-09-29 14:25:51", "elapsed": 793.288528, "delta": 4.784196}}
{"target": -36.95654913590275, "params": {"eta": 0.5854174279017825, "max_depth": 5.800017711231177, "n_estimators": 3.756070856598666}, "datetime": {"datetime": "2021-09-29 14:25:56", "elapsed": 798.63583, "delta": 5.347302}}
{"target": -46.75105986277697, "params": {"eta": 0.907723459654703, "max_depth": 16.728120455761193, "n_estimators": 44.36506217775333}, "datetime": {"datetime": "2021-09-29 14:25:59", "elapsed": 800.798207, "delta": 2.162377}}
{"target": -38.967730658812926, "params": {"eta": 0.2573024594799009, "max_depth": 3.4424019959045067, "n_estimators": 12.405053475089899}, "datetime": {"datetime": "2021-09-29 14:26:05", "elapsed": 806.840764, "delta": 6.042557}}
{"target": -45.98101603102615, "params": {"eta": 0.8926423872447182, "max_depth": 16.50622384986725, "n_estimators": 43.669070313078095}, "datetime": {"datetime": "2021-09-29 14:26:07", "elapsed": 809.050445, "delta": 2.209681}}
{"target": -35.46142738710712, "params": {"eta": 0.18282360923137572, "max_depth": 4.156015454670822, "n_estimators": 11.067205520962705}, "datetime": {"datetime": "2021-09-29 14:26:14", "elapsed": 815.94383, "delta": 6.893385}}
{"target": -35.96531790497842, "params": {"eta": 0.11161233578685907, "max_depth": 1.5676203465785654, "n_estimators": 13.229440245075281}, "datetime": {"datetime": "2021-09-29 14:26:20", "elapsed": 821.778664, "delta": 5.834834}}
{"target": -41.417486368677054, "params": {"eta": 0.5539691838462081, "max_depth": 13.617881753857144, "n_estimators": 41.00274030274599}, "datetime": {"datetime": "2021-09-29 14:26:22", "elapsed": 824.550841, "delta": 2.772177}}
{"target": -38.4957791848518, "params": {"eta": 0.62833714672342, "max_depth": 5.681542526244947, "n_estimators": 4.350045769507878}, "datetime": {"datetime": "2021-09-29 14:26:28", "elapsed": 830.440142, "delta": 5.889301}}
{"target": -38.02292825267995, "params": {"eta": 0.9014042069455197, "max_depth": 1.388511561098263, "n_estimators": 15.502912216655396}, "datetime": {"datetime": "2021-09-29 14:26:33", "elapsed": 835.692282, "delta": 5.25214}}
{"target": -34.193849931243825, "params": {"eta": 0.14053906588100923, "max_depth": 2.82076055152777, "n_estimators": 9.85831417594877}, "datetime": {"datetime": "2021-09-29 14:26:38", "elapsed": 840.597466, "delta": 4.905184}}
{"target": -65.65768249713419, "params": {"eta": 0.31, "max_depth": 21.889410309822583, "n_estimators": 1.0113231069171438}, "datetime": {"datetime": "2021-09-29 14:58:53", "elapsed": 0.0, "delta": 0.0}}
{"target": -39.24615482542794, "params": {"eta": 0.31, "max_depth": 5.255920833696278, "n_estimators": 10.141520882110981}, "datetime": {"datetime": "2021-09-29 14:58:53", "elapsed": 0.050005, "delta": 0.050005}}
{"target": -41.69453719689725, "params": {"eta": 0.31, "max_depth": 11.021261084248385, "n_estimators": 40.27997994883632}, "datetime": {"datetime": "2021-09-29 14:58:53", "elapsed": 0.311001, "delta": 0.260996}}
{"target": -39.95960313502913, "params": {"eta": 0.31, "max_depth": 13.15664091769555, "n_estimators": 68.83673053927919}, "datetime": {"datetime": "2021-09-29 14:58:54", "elapsed": 0.728, "delta": 0.416999}}
{"target": -41.451567927590524, "params": {"eta": 0.31, "max_depth": 26.465405655337417, "n_estimators": 3.71137172659469}, "datetime": {"datetime": "2021-09-29 14:58:54", "elapsed": 0.758002, "delta": 0.030002}}
{"target": -38.975010392180074, "params": {"eta": 0.31, "max_depth": 5.418565462201842, "n_estimators": 9.937613710867653}, "datetime": {"datetime": "2021-09-29 14:58:54", "elapsed": 0.899005, "delta": 0.141003}}
{"target": -38.06557447631554, "params": {"eta": 0.31, "max_depth": 29.54942523816314, "n_estimators": 8.12126346811368}, "datetime": {"datetime": "2021-09-29 14:58:54", "elapsed": 1.105169, "delta": 0.206164}}
{"target": -35.07581617120557, "params": {"eta": 0.31, "max_depth": 3.3538067664333875, "n_estimators": 4.2402435670792284}, "datetime": {"datetime": "2021-09-29 14:58:54", "elapsed": 1.279169, "delta": 0.174}}
{"target": -47.061833269188554, "params": {"eta": 0.31, "max_depth": 8.246330016851163, "n_estimators": 2.8433062549871666}, "datetime": {"datetime": "2021-09-29 14:58:55", "elapsed": 1.523169, "delta": 0.244}}
{"target": -39.34548960648723, "params": {"eta": 0.31, "max_depth": 1.324476124737628, "n_estimators": 7.394056237622759}, "datetime": {"datetime": "2021-09-29 14:58:55", "elapsed": 1.692171, "delta": 0.169002}}
{"target": -39.72465690257995, "params": {"eta": 0.31, "max_depth": 26.586752262007646, "n_estimators": 13.729323368000202}, "datetime": {"datetime": "2021-09-29 14:58:55", "elapsed": 1.955173, "delta": 0.263002}}
{"target": -61.188878426058146, "params": {"eta": 0.31, "max_depth": 1.2486891438420387, "n_estimators": 1.2379596950525098}, "datetime": {"datetime": "2021-09-29 14:58:55", "elapsed": 2.123171, "delta": 0.167998}}
{"target": -36.4139582979294, "params": {"eta": 0.31, "max_depth": 4.298747770591135, "n_estimators": 6.52611313920847}, "datetime": {"datetime": "2021-09-29 14:58:55", "elapsed": 2.293174, "delta": 0.170003}}
{"target": -38.565308554488574, "params": {"eta": 0.31, "max_depth": 25.979909225347775, "n_estimators": 9.215125956705435}, "datetime": {"datetime": "2021-09-29 14:58:55", "elapsed": 2.49717, "delta": 0.203996}}
{"target": -39.56299681845821, "params": {"eta": 0.31, "max_depth": 29.943330560921485, "n_estimators": 12.224464766425022}, "datetime": {"datetime": "2021-09-29 14:58:56", "elapsed": 2.753171, "delta": 0.256001}}
{"target": -39.33361102678015, "params": {"eta": 0.31, "max_depth": 21.805136422111595, "n_estimators": 11.82893538682661}, "datetime": {"datetime": "2021-09-29 14:58:56", "elapsed": 2.972169, "delta": 0.218998}}
{"target": -40.02611662937561, "params": {"eta": 0.31, "max_depth": 21.919086562256393, "n_estimators": 17.066474368719653}, "datetime": {"datetime": "2021-09-29 14:58:56", "elapsed": 3.290757, "delta": 0.318588}}
{"target": -39.947387751193645, "params": {"eta": 0.31, "max_depth": 17.414763607163927, "n_estimators": 14.031698828325665}, "datetime": {"datetime": "2021-09-29 14:58:57", "elapsed": 3.564765, "delta": 0.274008}}
{"target": -40.24734677692529, "params": {"eta": 0.31, "max_depth": 9.847056171317016, "n_estimators": 11.773524669476743}, "datetime": {"datetime": "2021-09-29 14:58:57", "elapsed": 3.800759, "delta": 0.235994}}
{"target": -40.28177151501975, "params": {"eta": 0.31, "max_depth": 17.102501581661556, "n_estimators": 19.247568562394278}, "datetime": {"datetime": "2021-09-29 14:58:57", "elapsed": 4.08776, "delta": 0.287001}}
{"target": -39.80228590564276, "params": {"eta": 0.31, "max_depth": 12.746400244973495, "n_estimators": 16.285269373553714}, "datetime": {"datetime": "2021-09-29 14:58:57", "elapsed": 4.377759, "delta": 0.289999}}
{"target": -42.24897052780532, "params": {"eta": 0.31, "max_depth": 7.690020263747501, "n_estimators": 16.650756765692613}, "datetime": {"datetime": "2021-09-29 14:58:58", "elapsed": 4.611345, "delta": 0.233586}}
{"target": -38.40609070152683, "params": {"eta": 0.31, "max_depth": 14.616783002525347, "n_estimators": 9.872688714497475}, "datetime": {"datetime": "2021-09-29 14:58:58", "elapsed": 4.842346, "delta": 0.231001}}
{"target": -38.565308554488574, "params": {"eta": 0.31, "max_depth": 18.831117677586132, "n_estimators": 9.12714462492512}, "datetime": {"datetime": "2021-09-29 14:58:58", "elapsed": 5.075344, "delta": 0.232998}}
{"target": -37.538769456296365, "params": {"eta": 0.31, "max_depth": 15.90364807841, "n_estimators": 6.21755907140321}, "datetime": {"datetime": "2021-09-29 14:58:58", "elapsed": 5.284357, "delta": 0.209013}}
{"target": -37.70197215123595, "params": {"eta": 0.31, "max_depth": 12.168285627715878, "n_estimators": 7.15234266632771}, "datetime": {"datetime": "2021-09-29 14:58:59", "elapsed": 5.604356, "delta": 0.319999}}
{"target": -40.06554004616172, "params": {"eta": 0.31, "max_depth": 27.098862554245276, "n_estimators": 19.437186361600826}, "datetime": {"datetime": "2021-09-29 14:58:59", "elapsed": 5.972356, "delta": 0.368}}
{"target": -40.11207327748262, "params": {"eta": 0.31, "max_depth": 22.536937666775774, "n_estimators": 22.321526253430914}, "datetime": {"datetime": "2021-09-29 14:58:59", "elapsed": 6.365356, "delta": 0.393}}
{"target": -40.123053131545426, "params": {"eta": 0.31, "max_depth": 27.758736447641805, "n_estimators": 24.622077391793386}, "datetime": {"datetime": "2021-09-29 14:59:00", "elapsed": 6.790358, "delta": 0.425002}}
{"target": -40.154090263690605, "params": {"eta": 0.31, "max_depth": 23.71300959781, "n_estimators": 28.041269614664706}, "datetime": {"datetime": "2021-09-29 14:59:00", "elapsed": 7.22217, "delta": 0.431812}}
{"target": -41.451567927590524, "params": {"eta": 0.31, "max_depth": 13.890406295954492, "n_estimators": 3.8366298149564138}, "datetime": {"datetime": "2021-09-29 14:59:00", "elapsed": 7.419165, "delta": 0.196995}}
{"target": -40.145786976221956, "params": {"eta": 0.31, "max_depth": 18.447494584475848, "n_estimators": 25.556532698815232}, "datetime": {"datetime": "2021-09-29 14:59:01", "elapsed": 7.831164, "delta": 0.411999}}
{"target": -39.90727588982168, "params": {"eta": 0.31, "max_depth": 13.156438005784729, "n_estimators": 22.975730893091878}, "datetime": {"datetime": "2021-09-29 14:59:01", "elapsed": 8.172165, "delta": 0.341001}}
{"target": -39.9450300528181, "params": {"eta": 0.31, "max_depth": 13.797504231730152, "n_estimators": 27.854833439287276}, "datetime": {"datetime": "2021-09-29 14:59:02", "elapsed": 8.573164, "delta": 0.400999}}
{"target": -40.17441198556996, "params": {"eta": 0.31, "max_depth": 18.222766330065358, "n_estimators": 30.996020479219077}, "datetime": {"datetime": "2021-09-29 14:59:02", "elapsed": 8.961162, "delta": 0.387998}}
{"target": -37.847924023968616, "params": {"eta": 0.31, "max_depth": 8.771328713362696, "n_estimators": 8.093325932171854}, "datetime": {"datetime": "2021-09-29 14:59:02", "elapsed": 9.242871, "delta": 0.281709}}
{"target": -41.141227466262755, "params": {"eta": 0.31, "max_depth": 8.238562888717734, "n_estimators": 26.022801024793637}, "datetime": {"datetime": "2021-09-29 14:59:03", "elapsed": 9.586869, "delta": 0.343998}}
{"target": -40.162481820478696, "params": {"eta": 0.31, "max_depth": 29.079915528103996, "n_estimators": 29.915697919897067}, "datetime": {"datetime": "2021-09-29 14:59:03", "elapsed": 10.02787, "delta": 0.441001}}
{"target": -40.1671715674585, "params": {"eta": 0.31, "max_depth": 23.82707471450125, "n_estimators": 33.41600215139085}, "datetime": {"datetime": "2021-09-29 14:59:04", "elapsed": 10.507868, "delta": 0.479998}}
{"target": -40.17522675345357, "params": {"eta": 0.31, "max_depth": 29.04189978956601, "n_estimators": 35.52916815778221}, "datetime": {"datetime": "2021-09-29 14:59:04", "elapsed": 11.020866, "delta": 0.512998}}
{"target": -39.95294363856253, "params": {"eta": 0.31, "max_depth": 13.374744725083227, "n_estimators": 32.9802767501848}, "datetime": {"datetime": "2021-09-29 14:59:04", "elapsed": 11.499827, "delta": 0.478961}}
{"target": -37.64114410624412, "params": {"eta": 0.31, "max_depth": 29.95580954107314, "n_estimators": 4.7971982192201}, "datetime": {"datetime": "2021-09-29 14:59:05", "elapsed": 11.729821, "delta": 0.229994}}
{"target": -40.18134578869964, "params": {"eta": 0.31, "max_depth": 18.17148748341231, "n_estimators": 36.512181866726245}, "datetime": {"datetime": "2021-09-29 14:59:05", "elapsed": 12.232612, "delta": 0.502791}}
{"target": -40.17343673326995, "params": {"eta": 0.31, "max_depth": 23.998635976991206, "n_estimators": 39.13404125524093}, "datetime": {"datetime": "2021-09-29 14:59:06", "elapsed": 12.73261, "delta": 0.499998}}
{"target": -65.65768249713419, "params": {"eta": 0.31, "max_depth": 29.972425091968898, "n_estimators": 1.1418054803252473}, "datetime": {"datetime": "2021-09-29 14:59:06", "elapsed": 13.04361, "delta": 0.311}}
{"target": -37.536837090643054, "params": {"eta": 0.31, "max_depth": 27.658651315420904, "n_estimators": 6.487430805020255}, "datetime": {"datetime": "2021-09-29 14:59:06", "elapsed": 13.271174, "delta": 0.227564}}
{"target": -37.78564219997414, "params": {"eta": 0.31, "max_depth": 22.38110337098133, "n_estimators": 7.967134018333124}, "datetime": {"datetime": "2021-09-29 14:59:07", "elapsed": 13.543175, "delta": 0.272001}}
{"target": -40.17737418172526, "params": {"eta": 0.31, "max_depth": 28.54374228423318, "n_estimators": 40.910780186133444}, "datetime": {"datetime": "2021-09-29 14:59:07", "elapsed": 14.057203, "delta": 0.514028}}
{"target": -40.17893516686053, "params": {"eta": 0.31, "max_depth": 24.4948550185854, "n_estimators": 44.34535167139552}, "datetime": {"datetime": "2021-09-29 14:59:08", "elapsed": 14.60583, "delta": 0.548627}}
{"target": -40.15995225559801, "params": {"eta": 0.31, "max_depth": 19.74310304679841, "n_estimators": 41.804642057528284}, "datetime": {"datetime": "2021-09-29 14:59:08", "elapsed": 15.153335, "delta": 0.547505}}
{"target": -40.04333842662299, "params": {"eta": 0.31, "max_depth": 29.92118814706429, "n_estimators": 16.499993752586096}, "datetime": {"datetime": "2021-09-29 14:59:08", "elapsed": 15.472333, "delta": 0.318998}}
{"target": -34.22945830677306, "params": {"eta": 0.31, "max_depth": 5.196556621872325, "n_estimators": 4.72673314504585}, "datetime": {"datetime": "2021-09-29 14:59:09", "elapsed": 15.677334, "delta": 0.205001}}
{"target": -42.01115365474459, "params": {"eta": 0.31, "max_depth": 9.251060177489764, "n_estimators": 72.47845446493706}, "datetime": {"datetime": "2021-09-29 14:59:09", "elapsed": 16.20633, "delta": 0.528996}}
{"target": -40.32901521891037, "params": {"eta": 0.31, "max_depth": 16.899951199528587, "n_estimators": 65.25786808127508}, "datetime": {"datetime": "2021-09-29 14:59:10", "elapsed": 16.943332, "delta": 0.737002}}
{"target": -40.18721619760222, "params": {"eta": 0.31, "max_depth": 18.16818653971523, "n_estimators": 70.71900745260338}, "datetime": {"datetime": "2021-09-29 14:59:11", "elapsed": 17.621122, "delta": 0.67779}}
{"target": -41.69972016211605, "params": {"eta": 0.31, "max_depth": 11.262011212608693, "n_estimators": 63.91097454086635}, "datetime": {"datetime": "2021-09-29 14:59:11", "elapsed": 18.200128, "delta": 0.579006}}
{"target": -40.16127339095103, "params": {"eta": 0.31, "max_depth": 19.908427011469783, "n_estimators": 47.42431356060903}, "datetime": {"datetime": "2021-09-29 14:59:12", "elapsed": 18.779124, "delta": 0.578996}}
{"target": -40.17937647670798, "params": {"eta": 0.31, "max_depth": 24.61930012815902, "n_estimators": 49.92610435997754}, "datetime": {"datetime": "2021-09-29 14:59:12", "elapsed": 19.343348, "delta": 0.564224}}
