{"target": -44.99516244759237, "params": {"eta": 0.4443947178184398, "max_depth": 1.648831536554705, "n_estimators": 85.41867151037864}, "datetime": {"datetime": "2021-09-24 16:33:26", "elapsed": 11.871492, "delta": 0.416027}}
{"target": -90.81090803791706, "params": {"eta": 0.025909691878589887, "max_depth": 2.545549496723117, "n_estimators": 18.19644111532383}, "datetime": {"datetime": "2021-09-24 16:33:26", "elapsed": 12.112494, "delta": 0.241002}}
{"target": -43.98019704603611, "params": {"eta": 0.37980439026207885, "max_depth": 1.9455061169455807, "n_estimators": 80.01524046247991}, "datetime": {"datetime": "2021-09-24 16:33:26", "elapsed": 12.347494, "delta": 0.235}}
{"target": -45.085381730158524, "params": {"eta": 0.4457596515232112, "max_depth": 1.995639242445765, "n_estimators": 85.13395106371904}, "datetime": {"datetime": "2021-09-24 16:33:26", "elapsed": 12.748406, "delta": 0.400912}}
{"target": -49.4325615015245, "params": {"eta": 0.40732616301056335, "max_depth": 3.988984263548902, "n_estimators": 81.16231978770465}, "datetime": {"datetime": "2021-09-24 16:33:27", "elapsed": 13.053404, "delta": 0.304998}}
{"target": -47.542657264193195, "params": {"eta": 0.30223546485287306, "max_depth": 2.863560552387432, "n_estimators": 89.09356592621069}, "datetime": {"datetime": "2021-09-24 16:33:27", "elapsed": 13.349406, "delta": 0.296002}}
{"target": -44.35225425089212, "params": {"eta": 0.48529499604522003, "max_depth": 1.8530845431648832, "n_estimators": 18.585804306454605}, "datetime": {"datetime": "2021-09-24 16:33:27", "elapsed": 13.764096, "delta": 0.41469}}
{"target": -50.08085884725241, "params": {"eta": 0.050921587790371904, "max_depth": 1.809074700400227, "n_estimators": 33.82582307136925}, "datetime": {"datetime": "2021-09-24 16:33:28", "elapsed": 13.96871, "delta": 0.204614}}
{"target": -60.082062513308415, "params": {"eta": 0.025573004213861786, "max_depth": 1.2411481482196516, "n_estimators": 39.590873178616405}, "datetime": {"datetime": "2021-09-24 16:33:28", "elapsed": 14.216708, "delta": 0.247998}}
{"target": -43.710578287454474, "params": {"eta": 0.1858430131105386, "max_depth": 1.5290718900747113, "n_estimators": 45.52258055974814}, "datetime": {"datetime": "2021-09-24 16:33:28", "elapsed": 14.447711, "delta": 0.231003}}
{"target": -43.39113479270075, "params": {"eta": 0.33110244626512564, "max_depth": 1.9972154216706866, "n_estimators": 61.428039078687604}, "datetime": {"datetime": "2021-09-24 16:33:28", "elapsed": 14.733448, "delta": 0.285737}}
{"target": -51.71439251146818, "params": {"eta": 0.49606217267361824, "max_depth": 4.431153226278504, "n_estimators": 82.37457094331856}, "datetime": {"datetime": "2021-09-24 16:33:29", "elapsed": 15.130288, "delta": 0.39684}}
{"target": -43.664545389046346, "params": {"eta": 0.23372505810990915, "max_depth": 1.1879587867812589, "n_estimators": 39.62121328722475}, "datetime": {"datetime": "2021-09-24 16:33:29", "elapsed": 15.388286, "delta": 0.257998}}
{"target": -44.195070567883946, "params": {"eta": 0.030679918898579003, "max_depth": 3.6305617183104295, "n_estimators": 89.29360357257274}, "datetime": {"datetime": "2021-09-24 16:33:29", "elapsed": 15.738953, "delta": 0.350667}}
{"target": -43.756236943983495, "params": {"eta": 0.1740146127427512, "max_depth": 2.4638739958514204, "n_estimators": 41.657104465723535}, "datetime": {"datetime": "2021-09-24 16:33:30", "elapsed": 16.049967, "delta": 0.311014}}
{"target": -46.7520433583654, "params": {"eta": 0.06323337470502217, "max_depth": 4.261650612068481, "n_estimators": 87.97036749430099}, "datetime": {"datetime": "2021-09-24 16:33:30", "elapsed": 16.538969, "delta": 0.489002}}
{"target": -44.209369401286416, "params": {"eta": 0.43715603089570476, "max_depth": 1.7143806878119623, "n_estimators": 43.502896151621826}, "datetime": {"datetime": "2021-09-24 16:33:31", "elapsed": 16.921202, "delta": 0.382233}}
{"target": -46.38861571577259, "params": {"eta": 0.04523695570208949, "max_depth": 1.6244289764726902, "n_estimators": 64.19862575187528}, "datetime": {"datetime": "2021-09-24 16:33:31", "elapsed": 17.275202, "delta": 0.354}}
{"target": -43.78736166129435, "params": {"eta": 0.23763971077622892, "max_depth": 1.1464431743088292, "n_estimators": 39.48275700949608}, "datetime": {"datetime": "2021-09-24 16:33:31", "elapsed": 17.792384, "delta": 0.517182}}
{"target": -45.47572051313587, "params": {"eta": 0.28810055871758006, "max_depth": 2.101301496781998, "n_estimators": 50.99528960093893}, "datetime": {"datetime": "2021-09-24 16:33:32", "elapsed": 18.153058, "delta": 0.360674}}
{"target": -43.79708303006968, "params": {"eta": 0.14815030446316446, "max_depth": 2.4609168599039846, "n_estimators": 41.49730443494959}, "datetime": {"datetime": "2021-09-24 16:33:32", "elapsed": 18.532055, "delta": 0.378997}}
{"target": -44.82897128915428, "params": {"eta": 0.22272609118068404, "max_depth": 2.2111787251793884, "n_estimators": 41.76774289773971}, "datetime": {"datetime": "2021-09-24 16:33:33", "elapsed": 19.108942, "delta": 0.576887}}
{"target": -78.13005808780068, "params": {"eta": 0.018335167610606183, "max_depth": 2.1732892202117142, "n_estimators": 34.92797961080011}, "datetime": {"datetime": "2021-09-24 16:33:33", "elapsed": 19.364938, "delta": 0.255996}}
{"target": -56.894670644200836, "params": {"eta": 0.05226158862676538, "max_depth": 3.188823535937567, "n_estimators": 21.60251998921978}, "datetime": {"datetime": "2021-09-24 16:33:33", "elapsed": 19.64794, "delta": 0.283002}}
{"target": -45.211131848787005, "params": {"eta": 0.17142776974896853, "max_depth": 3.8533781176019133, "n_estimators": 64.47454765949708}, "datetime": {"datetime": "2021-09-24 16:33:34", "elapsed": 20.026807, "delta": 0.378867}}
{"target": -44.206760836723156, "params": {"eta": 0.1975541954899058, "max_depth": 1.334214104470861, "n_estimators": 39.54216115328361}, "datetime": {"datetime": "2021-09-24 16:33:34", "elapsed": 20.426433, "delta": 0.399626}}
{"target": -45.7066389671842, "params": {"eta": 0.3242804838799178, "max_depth": 2.3909687223860576, "n_estimators": 41.68959167611337}, "datetime": {"datetime": "2021-09-24 16:33:34", "elapsed": 20.769736, "delta": 0.343303}}
{"target": -45.115920246095584, "params": {"eta": 0.3782318197026723, "max_depth": 2.2223460510562685, "n_estimators": 18.12751131097519}, "datetime": {"datetime": "2021-09-24 16:33:35", "elapsed": 21.158735, "delta": 0.388999}}
{"target": -43.66858317439718, "params": {"eta": 0.1164910162655942, "max_depth": 2.126945291150169, "n_estimators": 33.2373252460178}, "datetime": {"datetime": "2021-09-24 16:33:35", "elapsed": 21.490738, "delta": 0.332003}}
{"target": -43.77240561004868, "params": {"eta": 0.26978529721669486, "max_depth": 1.8900205538277817, "n_estimators": 85.38125572128286}, "datetime": {"datetime": "2021-09-24 16:33:36", "elapsed": 22.214641, "delta": 0.723903}}
{"target": -46.29841909193455, "params": {"eta": 0.2578040076762521, "max_depth": 4.959795215901536, "n_estimators": 42.195836591211524}, "datetime": {"datetime": "2021-09-24 16:33:36", "elapsed": 22.577643, "delta": 0.363002}}
{"target": -44.110619451766624, "params": {"eta": 0.31573068716142505, "max_depth": 1.6975106411509473, "n_estimators": 18.6146790593504}, "datetime": {"datetime": "2021-09-24 16:33:37", "elapsed": 23.036803, "delta": 0.45916}}
{"target": -47.06930252304651, "params": {"eta": 0.23458554631387035, "max_depth": 4.877126353235676, "n_estimators": 55.52352525196795}, "datetime": {"datetime": "2021-09-24 16:33:37", "elapsed": 23.410802, "delta": 0.373999}}
{"target": -46.91958067470923, "params": {"eta": 0.06477432859989482, "max_depth": 1.2315831373953472, "n_estimators": 39.37294724994466}, "datetime": {"datetime": "2021-09-24 16:33:37", "elapsed": 23.749408, "delta": 0.338606}}
{"target": -70.71152731529752, "params": {"eta": 0.07588913149854931, "max_depth": 4.754550370278794, "n_estimators": 10.757698575480763}, "datetime": {"datetime": "2021-09-24 16:33:38", "elapsed": 24.016568, "delta": 0.26716}}
{"target": -43.9225323899348, "params": {"eta": 0.3348032163244883, "max_depth": 2.043791372585634, "n_estimators": 18.57596893628326}, "datetime": {"datetime": "2021-09-24 16:33:38", "elapsed": 24.420568, "delta": 0.404}}
{"target": -44.651259744974006, "params": {"eta": 0.09661913876333048, "max_depth": 1.8368534649264703, "n_estimators": 52.44803421952633}, "datetime": {"datetime": "2021-09-24 16:33:38", "elapsed": 24.789331, "delta": 0.368763}}
{"target": -44.175553314667894, "params": {"eta": 0.4144523528655713, "max_depth": 1.4795675439910512, "n_estimators": 54.66470850696501}, "datetime": {"datetime": "2021-09-24 16:33:39", "elapsed": 25.080937, "delta": 0.291606}}
{"target": -46.879416601998464, "params": {"eta": 0.3579860858383166, "max_depth": 2.825197747537671, "n_estimators": 83.25736538228473}, "datetime": {"datetime": "2021-09-24 16:33:39", "elapsed": 25.467934, "delta": 0.386997}}
{"target": -49.42048547500954, "params": {"eta": 0.2605801214706563, "max_depth": 3.8430255510024587, "n_estimators": 84.64304745559345}, "datetime": {"datetime": "2021-09-24 16:33:40", "elapsed": 25.864934, "delta": 0.397}}
{"target": -48.38520183419823, "params": {"eta": 0.30191400975363153, "max_depth": 4.801657585170288, "n_estimators": 57.52893831027079}, "datetime": {"datetime": "2021-09-24 16:33:40", "elapsed": 26.210087, "delta": 0.345153}}
{"target": -50.7215528990093, "params": {"eta": 0.4172367475862031, "max_depth": 4.361320237358429, "n_estimators": 52.99911740482504}, "datetime": {"datetime": "2021-09-24 16:33:40", "elapsed": 26.574086, "delta": 0.363999}}
{"target": -44.919090213632224, "params": {"eta": 0.28755658215550917, "max_depth": 1.8704692608439615, "n_estimators": 18.4799499301737}, "datetime": {"datetime": "2021-09-24 16:33:41", "elapsed": 27.055963, "delta": 0.481877}}
{"target": -44.04867252550627, "params": {"eta": 0.3983848038875138, "max_depth": 1.563612508052525, "n_estimators": 73.38092805915124}, "datetime": {"datetime": "2021-09-24 16:33:41", "elapsed": 27.404965, "delta": 0.349002}}
{"target": -43.75703940714212, "params": {"eta": 0.3437340520683318, "max_depth": 1.7134764935519278, "n_estimators": 85.24063842667094}, "datetime": {"datetime": "2021-09-24 16:33:42", "elapsed": 27.850209, "delta": 0.445244}}
{"target": -45.13371351428498, "params": {"eta": 0.20110525879476415, "max_depth": 1.141161329879235, "n_estimators": 22.388026107836385}, "datetime": {"datetime": "2021-09-24 16:33:42", "elapsed": 28.150481, "delta": 0.300272}}
{"target": -110.39972496032715, "params": {"eta": 0.02245538607240999, "max_depth": 1.14445224752916, "n_estimators": 12.38599455006466}, "datetime": {"datetime": "2021-09-24 16:33:42", "elapsed": 28.471486, "delta": 0.321005}}
{"target": -45.79434066428278, "params": {"eta": 0.20149068854650526, "max_depth": 1.7388889791128204, "n_estimators": 16.69244379072259}, "datetime": {"datetime": "2021-09-24 16:33:42", "elapsed": 28.84475, "delta": 0.373264}}
{"target": -43.914088657924104, "params": {"eta": 0.20374735474040664, "max_depth": 1.883664117975946, "n_estimators": 85.0244755288935}, "datetime": {"datetime": "2021-09-24 16:33:43", "elapsed": 29.322743, "delta": 0.477993}}
{"target": -43.70247690301193, "params": {"eta": 0.21903675020655547, "max_depth": 1.662722917133327, "n_estimators": 85.56013052937276}, "datetime": {"datetime": "2021-09-24 16:33:44", "elapsed": 29.861743, "delta": 0.539}}
{"target": -44.03662275730219, "params": {"eta": 0.2756948746523281, "max_depth": 1.5783706095074574, "n_estimators": 84.9379884476738}, "datetime": {"datetime": "2021-09-24 16:33:44", "elapsed": 30.451919, "delta": 0.590176}}
{"target": -43.7560670035226, "params": {"eta": 0.339591528636514, "max_depth": 1.3724718473298512, "n_estimators": 85.19234530617379}, "datetime": {"datetime": "2021-09-24 16:33:45", "elapsed": 31.104754, "delta": 0.652835}}
{"target": -43.97473299413696, "params": {"eta": 0.19488977559517173, "max_depth": 1.3371996291890875, "n_estimators": 85.71286090173929}, "datetime": {"datetime": "2021-09-24 16:33:46", "elapsed": 32.084776, "delta": 0.980022}}
{"target": -44.65205767638701, "params": {"eta": 0.2450616654119699, "max_depth": 1.4040242779299734, "n_estimators": 18.874598581764673}, "datetime": {"datetime": "2021-09-24 16:33:46", "elapsed": 32.704908, "delta": 0.620132}}
{"target": -43.97336434959469, "params": {"eta": 0.3231614802100482, "max_depth": 1.3965601545797677, "n_estimators": 21.479972260547207}, "datetime": {"datetime": "2021-09-24 16:33:47", "elapsed": 33.075172, "delta": 0.370264}}
{"target": -51.759318789145105, "params": {"eta": 0.33444355414459676, "max_depth": 4.448517814310964, "n_estimators": 53.606982373690116}, "datetime": {"datetime": "2021-09-24 16:33:47", "elapsed": 33.530176, "delta": 0.455004}}
{"target": -49.07797300008903, "params": {"eta": 0.409658385043035, "max_depth": 2.7170407585710246, "n_estimators": 80.27753755872286}, "datetime": {"datetime": "2021-09-24 16:33:48", "elapsed": 33.927791, "delta": 0.397615}}
{"target": -43.76534162248884, "params": {"eta": 0.13004641992832708, "max_depth": 1.2836458985606267, "n_estimators": 85.43628654014434}, "datetime": {"datetime": "2021-09-24 16:33:48", "elapsed": 34.471328, "delta": 0.543537}}
{"target": -44.34212866761631, "params": {"eta": 0.47878284115981923, "max_depth": 1.4317091097005308, "n_estimators": 18.671871495922847}, "datetime": {"datetime": "2021-09-24 16:33:49", "elapsed": 35.260849, "delta": 0.789521}}
{"target": -44.903408681539666, "params": {"eta": 0.29990471973842076, "max_depth": 1.8989784564294165, "n_estimators": 85.72449162958466}, "datetime": {"datetime": "2021-09-24 16:33:50", "elapsed": 35.947488, "delta": 0.686639}}
{"target": -45.084424527964195, "params": {"eta": 0.5, "max_depth": 1.4116532944747178, "n_estimators": 19.037474957532957}, "datetime": {"datetime": "2021-09-24 16:33:51", "elapsed": 36.971356, "delta": 1.023868}}
{"target": -45.55147833573191, "params": {"eta": 0.15452710869569367, "max_depth": 1.0340226659521723, "n_estimators": 22.46041154706445}, "datetime": {"datetime": "2021-09-24 16:33:51", "elapsed": 37.413356, "delta": 0.442}}
{"target": -45.18896237710365, "params": {"eta": 0.43677279147064063, "max_depth": 1.1402041035348143, "n_estimators": 85.83760670549906}, "datetime": {"datetime": "2021-09-24 16:33:52", "elapsed": 38.12983, "delta": 0.716474}}
{"target": -44.07929479269157, "params": {"eta": 0.03758586104069084, "max_depth": 3.693386138585616, "n_estimators": 79.43228815323613}, "datetime": {"datetime": "2021-09-24 16:33:52", "elapsed": 38.561834, "delta": 0.432004}}
{"target": -45.27453274834425, "params": {"eta": 0.4473383256088534, "max_depth": 1.5471281362538991, "n_estimators": 85.80462210007963}, "datetime": {"datetime": "2021-09-24 16:33:53", "elapsed": 39.319064, "delta": 0.75723}}
{"target": -43.77218094445709, "params": {"eta": 0.22930339143870082, "max_depth": 1.3699416690096746, "n_estimators": 86.05141135475932}, "datetime": {"datetime": "2021-09-24 16:33:54", "elapsed": 39.913644, "delta": 0.59458}}
{"target": -44.535204148830324, "params": {"eta": 0.2945568049317898, "max_depth": 1.2085041127005582, "n_estimators": 18.575268457729273}, "datetime": {"datetime": "2021-09-24 16:33:54", "elapsed": 40.702003, "delta": 0.788359}}
{"target": -43.78446908821737, "params": {"eta": 0.11635660838254863, "max_depth": 1.293282034683763, "n_estimators": 85.01825560335175}, "datetime": {"datetime": "2021-09-24 16:33:55", "elapsed": 41.58424, "delta": 0.882237}}
{"target": -43.7023013408919, "params": {"eta": 0.21933587806361357, "max_depth": 1.0171696914878652, "n_estimators": 85.18023763284077}, "datetime": {"datetime": "2021-09-24 16:33:56", "elapsed": 42.529922, "delta": 0.945682}}
{"target": -52.29500344642123, "params": {"eta": 0.39162095497227073, "max_depth": 4.780422475558728, "n_estimators": 63.53615171052934}, "datetime": {"datetime": "2021-09-24 16:33:57", "elapsed": 43.140282, "delta": 0.61036}}
{"target": -43.39515929831598, "params": {"eta": 0.3620368172642932, "max_depth": 2.0483442319761926, "n_estimators": 18.91369603398429}, "datetime": {"datetime": "2021-09-24 16:33:58", "elapsed": 43.911238, "delta": 0.770956}}
{"target": -44.708908712057244, "params": {"eta": 0.462742886914142, "max_depth": 1.0879113427638365, "n_estimators": 21.653186294150615}, "datetime": {"datetime": "2021-09-24 16:33:58", "elapsed": 44.388368, "delta": 0.47713}}
{"target": -48.19562857491629, "params": {"eta": 0.09630452164936171, "max_depth": 1.7826108517366386, "n_estimators": 21.064432462229075}, "datetime": {"datetime": "2021-09-24 16:33:59", "elapsed": 44.900229, "delta": 0.511861}}
{"target": -45.13044658460115, "params": {"eta": 0.45306004163797925, "max_depth": 1.2148191728720428, "n_estimators": 20.710451173154745}, "datetime": {"datetime": "2021-09-24 16:33:59", "elapsed": 45.495047, "delta": 0.594818}}
{"target": -43.9005531368399, "params": {"eta": 0.09668081399967753, "max_depth": 1.00767724593842, "n_estimators": 85.47339228787969}, "datetime": {"datetime": "2021-09-24 16:34:00", "elapsed": 46.670043, "delta": 1.174996}}
{"target": -49.827919293167, "params": {"eta": 0.471903246559877, "max_depth": 3.0942087285658006, "n_estimators": 64.49799533025127}, "datetime": {"datetime": "2021-09-24 16:34:01", "elapsed": 47.332913, "delta": 0.66287}}
{"target": -43.494421306409336, "params": {"eta": 0.3392952336602198, "max_depth": 1.8085020776313452, "n_estimators": 69.91307127345452}, "datetime": {"datetime": "2021-09-24 16:34:02", "elapsed": 48.24297, "delta": 0.910057}}
{"target": -45.01494500870095, "params": {"eta": 0.5, "max_depth": 1.7533941720943462, "n_estimators": 18.917294749574477}, "datetime": {"datetime": "2021-09-24 16:34:03", "elapsed": 49.069171, "delta": 0.826201}}
{"target": -44.996955011124, "params": {"eta": 0.28782037953697187, "max_depth": 2.2029361766083406, "n_estimators": 45.35134746771173}, "datetime": {"datetime": "2021-09-24 16:34:03", "elapsed": 49.588172, "delta": 0.519001}}
{"target": -44.01335643108626, "params": {"eta": 0.08384705626900749, "max_depth": 1.1176822474764077, "n_estimators": 85.94754411431961}, "datetime": {"datetime": "2021-09-24 16:34:05", "elapsed": 50.979968, "delta": 1.391796}}
{"target": -46.27337044163754, "params": {"eta": 0.12888416882826212, "max_depth": 4.5441903417432, "n_estimators": 36.29226715631147}, "datetime": {"datetime": "2021-09-24 16:34:05", "elapsed": 51.469965, "delta": 0.489997}}
{"target": -44.83212922748766, "params": {"eta": 0.3873369902952741, "max_depth": 2.3589499320783665, "n_estimators": 18.75747560856338}, "datetime": {"datetime": "2021-09-24 16:34:06", "elapsed": 52.145085, "delta": 0.67512}}
{"target": -44.71587543917778, "params": {"eta": 0.4474299822522172, "max_depth": 1.1562622125850384, "n_estimators": 21.324378785680626}, "datetime": {"datetime": "2021-09-24 16:34:07", "elapsed": 53.011695, "delta": 0.86661}}
{"target": -52.35325863486842, "params": {"eta": 0.07238682993159655, "max_depth": 2.09414352974786, "n_estimators": 18.765713941382806}, "datetime": {"datetime": "2021-09-24 16:34:07", "elapsed": 53.767694, "delta": 0.755999}}
{"target": -44.89356443935767, "params": {"eta": 0.2897741418636326, "max_depth": 1.7346465324025644, "n_estimators": 19.171377020764393}, "datetime": {"datetime": "2021-09-24 16:34:08", "elapsed": 54.572498, "delta": 0.804804}}
{"target": -51.85016133014421, "params": {"eta": 0.029833539940395892, "max_depth": 3.1309684337622024, "n_estimators": 45.12135147558267}, "datetime": {"datetime": "2021-09-24 16:34:09", "elapsed": 55.136793, "delta": 0.564295}}
{"target": -48.76627914887622, "params": {"eta": 0.24389748069975897, "max_depth": 4.903438519645553, "n_estimators": 82.76090553450507}, "datetime": {"datetime": "2021-09-24 16:34:09", "elapsed": 55.764789, "delta": 0.627996}}
{"target": -43.815472710401494, "params": {"eta": 0.12064400088550867, "max_depth": 1.1909667374733623, "n_estimators": 86.26073682477906}, "datetime": {"datetime": "2021-09-24 16:34:10", "elapsed": 56.785504, "delta": 1.020715}}
{"target": -43.89507804239603, "params": {"eta": 0.3144661645279897, "max_depth": 2.255016247632163, "n_estimators": 19.237087418112804}, "datetime": {"datetime": "2021-09-24 16:34:11", "elapsed": 57.604506, "delta": 0.819002}}
{"target": -47.94033188210394, "params": {"eta": 0.06867706868429256, "max_depth": 4.439374341021045, "n_estimators": 26.36844662010943}, "datetime": {"datetime": "2021-09-24 16:34:12", "elapsed": 58.105477, "delta": 0.500971}}
{"target": -44.42445516944828, "params": {"eta": 0.24141141940056823, "max_depth": 1.2133005302059505, "n_estimators": 19.139459585262657}, "datetime": {"datetime": "2021-09-24 16:34:13", "elapsed": 59.093427, "delta": 0.98795}}
{"target": -45.4009297880015, "params": {"eta": 0.38523004378094683, "max_depth": 2.469182179433535, "n_estimators": 19.050265307077037}, "datetime": {"datetime": "2021-09-24 16:34:14", "elapsed": 60.344213, "delta": 1.250786}}
{"target": -44.03870913856908, "params": {"eta": 0.20934677627989734, "max_depth": 3.936325517095251, "n_estimators": 18.357102557552487}, "datetime": {"datetime": "2021-09-24 16:34:15", "elapsed": 60.883897, "delta": 0.539684}}
{"target": -43.76987374097781, "params": {"eta": 0.21979306757591774, "max_depth": 1.4415465250838744, "n_estimators": 86.34974904005122}, "datetime": {"datetime": "2021-09-24 16:34:16", "elapsed": 62.128508, "delta": 1.244611}}
{"target": -43.808520496339725, "params": {"eta": 0.13947865643961077, "max_depth": 2.9723291092421142, "n_estimators": 58.72032620201964}, "datetime": {"datetime": "2021-09-24 16:34:16", "elapsed": 62.650506, "delta": 0.521998}}
{"target": -44.01623420428513, "params": {"eta": 0.08624647905977462, "max_depth": 1.6044550632656867, "n_estimators": 86.07176589314778}, "datetime": {"datetime": "2021-09-24 16:34:17", "elapsed": 63.424992, "delta": 0.774486}}
