{"target": 0.37956245078499073, "params": {"eta": 0.6539699873028094, "max_depth": 1.5018966636367668, "n_estimators": 40.50761369584281}, "datetime": {"datetime": "2021-09-24 12:23:25", "elapsed": 717.847229, "delta": 4.908502}}
{"target": 0.44259303105699666, "params": {"eta": 0.15918372237124886, "max_depth": 1.0053231824780604, "n_estimators": 39.28138422604939}, "datetime": {"datetime": "2021-09-24 12:23:29", "elapsed": 721.726013, "delta": 3.878784}}
{"target": -1.6036276360787869, "params": {"eta": 0.056884014990553254, "max_depth": 17.799983424456155, "n_estimators": 7.786352586515397}, "datetime": {"datetime": "2021-09-24 12:23:31", "elapsed": 723.795734, "delta": 2.069721}}
{"target": 0.3433376381156965, "params": {"eta": 0.9656828948364193, "max_depth": 1.2200049363871868, "n_estimators": 40.035189445548035}, "datetime": {"datetime": "2021-09-24 12:23:35", "elapsed": 727.355193, "delta": 3.559459}}
{"target": 0.09160359177845312, "params": {"eta": 0.8672855053251546, "max_depth": 7.4817524974633, "n_estimators": 47.42915934256561}, "datetime": {"datetime": "2021-09-24 12:23:38", "elapsed": 730.072194, "delta": 2.717001}}
{"target": -2.6187261435882494, "params": {"eta": 0.0045975714724844725, "max_depth": 2.02433302621801, "n_estimators": 40.5802423688681}, "datetime": {"datetime": "2021-09-24 12:23:43", "elapsed": 735.629719, "delta": 5.557525}}
{"target": 0.15182436071476857, "params": {"eta": 0.7744081509949537, "max_depth": 2.8039872395007275, "n_estimators": 39.58185318041716}, "datetime": {"datetime": "2021-09-24 12:23:48", "elapsed": 740.602766, "delta": 4.973047}}
{"target": -0.6245557262005579, "params": {"eta": 0.5189503850970301, "max_depth": 3.3396181331664136, "n_estimators": 1.5838595252920182}, "datetime": {"datetime": "2021-09-24 12:23:50", "elapsed": 742.674456, "delta": 2.07169}}
{"target": -3.870044181063558, "params": {"eta": 0.001, "max_depth": 3.645237722745586, "n_estimators": 16.63935938848449}, "datetime": {"datetime": "2021-09-24 12:23:55", "elapsed": 747.373856, "delta": 4.6994}}
{"target": 0.18154645485635035, "params": {"eta": 0.23243683914581023, "max_depth": 18.596641954306882, "n_estimators": 7.192005938108478}, "datetime": {"datetime": "2021-09-24 12:23:57", "elapsed": 749.42547, "delta": 2.051614}}
{"target": -0.4865929068203303, "params": {"eta": 0.03791980981712812, "max_depth": 19.32049104399463, "n_estimators": 22.41824381687342}, "datetime": {"datetime": "2021-09-24 12:23:59", "elapsed": 751.789613, "delta": 2.364143}}
{"target": 0.3782370561640712, "params": {"eta": 0.5851620163591722, "max_depth": 2.025241990462952, "n_estimators": 10.235998541918327}, "datetime": {"datetime": "2021-09-24 12:24:01", "elapsed": 753.87497, "delta": 2.085357}}
{"target": 0.2443357261849205, "params": {"eta": 0.606107651711282, "max_depth": 3.9065526029078566, "n_estimators": 17.728181331276172}, "datetime": {"datetime": "2021-09-24 12:24:07", "elapsed": 759.253113, "delta": 5.378143}}
{"target": -0.0317640780171522, "params": {"eta": 0.030013371676300932, "max_depth": 1.9259999103456247, "n_estimators": 38.984011227304286}, "datetime": {"datetime": "2021-09-24 12:24:12", "elapsed": 764.895864, "delta": 5.642751}}
{"target": 0.4523339038093023, "params": {"eta": 0.24175413557217004, "max_depth": 1.0144946746846921, "n_estimators": 25.81386881267122}, "datetime": {"datetime": "2021-09-24 12:24:17", "elapsed": 768.989372, "delta": 4.093508}}
{"target": -0.026805712232868206, "params": {"eta": 0.8197060275956126, "max_depth": 22.926493897451945, "n_estimators": 22.010611000660763}, "datetime": {"datetime": "2021-09-24 12:24:19", "elapsed": 771.102207, "delta": 2.112835}}
{"target": -1.8530367753891905, "params": {"eta": 0.01925507127085863, "max_depth": 3.6489359661760843, "n_estimators": 17.768449487330706}, "datetime": {"datetime": "2021-09-24 12:24:23", "elapsed": 775.461614, "delta": 4.359407}}
{"target": 0.17254850932378063, "params": {"eta": 0.7207183948125551, "max_depth": 3.6423860118840907, "n_estimators": 17.35044941906723}, "datetime": {"datetime": "2021-09-24 12:24:28", "elapsed": 780.003926, "delta": 4.542312}}
{"target": 0.28521156260505853, "params": {"eta": 0.7694247909246036, "max_depth": 2.8124556650170836, "n_estimators": 16.936047757306333}, "datetime": {"datetime": "2021-09-24 12:24:31", "elapsed": 783.387516, "delta": 3.38359}}
{"target": 0.32526092612761703, "params": {"eta": 0.9923664530806519, "max_depth": 1.7730626927104338, "n_estimators": 24.717749718881265}, "datetime": {"datetime": "2021-09-24 12:24:36", "elapsed": 787.9376, "delta": 4.550084}}
{"target": 0.4316004019179692, "params": {"eta": 0.17086997244100444, "max_depth": 2.865775375829365, "n_estimators": 15.846000329744145}, "datetime": {"datetime": "2021-09-24 12:24:40", "elapsed": 792.696648, "delta": 4.759048}}
{"target": 0.2782595377806685, "params": {"eta": 0.1208171466406478, "max_depth": 11.651802435594696, "n_estimators": 24.450701183385963}, "datetime": {"datetime": "2021-09-24 12:24:42", "elapsed": 794.72137, "delta": 2.024722}}
{"target": 0.1786560059400284, "params": {"eta": 0.518149920815612, "max_depth": 10.740245432506969, "n_estimators": 42.17116340838448}, "datetime": {"datetime": "2021-09-24 12:24:45", "elapsed": 797.187548, "delta": 2.466178}}
{"target": 0.09253292327178242, "params": {"eta": 0.5553864331710568, "max_depth": 14.443143928255358, "n_estimators": 17.12998913866974}, "datetime": {"datetime": "2021-09-24 12:24:48", "elapsed": 799.987003, "delta": 2.799455}}
{"target": 0.34334593089354826, "params": {"eta": 0.9656339448983332, "max_depth": 1.888159483126893, "n_estimators": 40.114865056282795}, "datetime": {"datetime": "2021-09-24 12:24:51", "elapsed": 803.847095, "delta": 3.860092}}
{"target": 0.13962159837228783, "params": {"eta": 0.6437265523056681, "max_depth": 19.2120100642149, "n_estimators": 23.119623064001754}, "datetime": {"datetime": "2021-09-24 12:24:58", "elapsed": 810.334013, "delta": 6.486918}}
{"target": 0.23020674460697332, "params": {"eta": 0.3653830220422089, "max_depth": 16.29746176284145, "n_estimators": 30.53540542751055}, "datetime": {"datetime": "2021-09-24 12:36:08", "elapsed": 0.0, "delta": 0.0}}
{"target": 0.24609570050209573, "params": {"eta": 0.3633392551583864, "max_depth": 12.507512391405761, "n_estimators": 32.64881154026615}, "datetime": {"datetime": "2021-09-24 12:36:08", "elapsed": 0.230004, "delta": 0.230004}}
{"target": 0.28933826646133864, "params": {"eta": 0.3075453498566001, "max_depth": 18.593049010167036, "n_estimators": 48.21947526455043}, "datetime": {"datetime": "2021-09-24 12:36:08", "elapsed": 0.577007, "delta": 0.347003}}
{"target": 0.3020656757653022, "params": {"eta": 0.2793895897894044, "max_depth": 17.29242549507464, "n_estimators": 26.91585106789232}, "datetime": {"datetime": "2021-09-24 12:36:08", "elapsed": 0.825003, "delta": 0.247996}}
{"target": 0.11611709510238699, "params": {"eta": 0.37538317176884484, "max_depth": 19.032756297804593, "n_estimators": 4.48076685169646}, "datetime": {"datetime": "2021-09-24 12:36:09", "elapsed": 0.883005, "delta": 0.058002}}
{"target": 0.21812434835438332, "params": {"eta": 0.42796776138549425, "max_depth": 16.234641546652504, "n_estimators": 42.47260812780618}, "datetime": {"datetime": "2021-09-24 12:36:09", "elapsed": 1.311532, "delta": 0.428527}}
{"target": 0.22276833988739486, "params": {"eta": 0.2555857833640078, "max_depth": 17.24073512114589, "n_estimators": 26.90396433083945}, "datetime": {"datetime": "2021-09-24 12:36:09", "elapsed": 1.636537, "delta": 0.325005}}
{"target": 0.25728413518630644, "params": {"eta": 0.3613738465322997, "max_depth": 14.190387946472052, "n_estimators": 36.895661908645884}, "datetime": {"datetime": "2021-09-24 12:36:10", "elapsed": 2.043533, "delta": 0.406996}}
{"target": -0.3114452426177623, "params": {"eta": 0.18157593798870036, "max_depth": 10.580284511320112, "n_estimators": 5.230649031564628}, "datetime": {"datetime": "2021-09-24 12:36:10", "elapsed": 2.196534, "delta": 0.153001}}
{"target": 0.2703149937482785, "params": {"eta": 0.27346445278096493, "max_depth": 8.50122404619793, "n_estimators": 43.00018298015859}, "datetime": {"datetime": "2021-09-24 12:36:10", "elapsed": 2.537531, "delta": 0.340997}}
{"target": 0.25173386555387045, "params": {"eta": 0.32018321585653725, "max_depth": 18.77787072655433, "n_estimators": 48.030175687839844}, "datetime": {"datetime": "2021-09-24 12:36:11", "elapsed": 3.015529, "delta": 0.477998}}
{"target": 0.24937582788412282, "params": {"eta": 0.3893910252925313, "max_depth": 17.410215524026206, "n_estimators": 26.664980002055756}, "datetime": {"datetime": "2021-09-24 12:36:11", "elapsed": 3.360549, "delta": 0.34502}}
{"target": -2.5617146482541826, "params": {"eta": 0.18714097082172865, "max_depth": 9.353817024947153, "n_estimators": 1.0182817532548842}, "datetime": {"datetime": "2021-09-24 12:36:11", "elapsed": 3.497533, "delta": 0.136984}}
{"target": 0.14534602068080793, "params": {"eta": 0.6, "max_depth": 18.436316066029296, "n_estimators": 27.847350024336006}, "datetime": {"datetime": "2021-09-24 12:36:12", "elapsed": 4.184532, "delta": 0.686999}}
{"target": 0.1547852467005727, "params": {"eta": 0.501241432777074, "max_depth": 13.528668966443345, "n_estimators": 34.715150020790034}, "datetime": {"datetime": "2021-09-24 12:36:13", "elapsed": 4.973528, "delta": 0.788996}}
{"target": 0.1401155178125678, "params": {"eta": 0.6, "max_depth": 16.874405064075653, "n_estimators": 28.695851108196454}, "datetime": {"datetime": "2021-09-24 12:36:13", "elapsed": 5.427529, "delta": 0.454001}}
{"target": 0.20116510713761082, "params": {"eta": 0.25309579813702415, "max_depth": 14.520235470719575, "n_estimators": 32.15519043023434}, "datetime": {"datetime": "2021-09-24 12:36:14", "elapsed": 6.097761, "delta": 0.670232}}
{"target": 0.2863342469397321, "params": {"eta": 0.30775621133818326, "max_depth": 16.864319222492135, "n_estimators": 47.41516640489692}, "datetime": {"datetime": "2021-09-24 12:36:14", "elapsed": 6.763763, "delta": 0.666002}}
{"target": 0.31785933637333785, "params": {"eta": 0.08, "max_depth": 16.825155726009918, "n_estimators": 49.29497821471026}, "datetime": {"datetime": "2021-09-24 12:36:15", "elapsed": 7.384762, "delta": 0.620999}}
{"target": 0.14515645862738602, "params": {"eta": 0.6, "max_depth": 15.246053548206525, "n_estimators": 48.46672239368256}, "datetime": {"datetime": "2021-09-24 12:36:16", "elapsed": 8.171451, "delta": 0.786689}}
{"target": 0.30835995629553403, "params": {"eta": 0.22539668488438563, "max_depth": 18.511801471380835, "n_estimators": 49.937160176578345}, "datetime": {"datetime": "2021-09-24 12:36:16", "elapsed": 8.857453, "delta": 0.686002}}
{"target": 0.30149683059899024, "params": {"eta": 0.21447744492823573, "max_depth": 19.323275712255874, "n_estimators": 26.255279852854787}, "datetime": {"datetime": "2021-09-24 12:36:17", "elapsed": 9.371455, "delta": 0.514002}}
{"target": 0.2547624582513919, "params": {"eta": 0.3146003758187536, "max_depth": 13.100217518249043, "n_estimators": 30.549596750569016}, "datetime": {"datetime": "2021-09-24 12:36:18", "elapsed": 10.022246, "delta": 0.650791}}
{"target": 0.29015972923417643, "params": {"eta": 0.38988724416894066, "max_depth": 11.14583787614607, "n_estimators": 31.10978585570778}, "datetime": {"datetime": "2021-09-24 12:36:18", "elapsed": 10.614046, "delta": 0.5918}}
{"target": 0.28596886111810005, "params": {"eta": 0.2999977317616035, "max_depth": 10.579717826860149, "n_estimators": 32.85676053546879}, "datetime": {"datetime": "2021-09-24 12:36:19", "elapsed": 11.239754, "delta": 0.625708}}
{"target": 0.3564939720842174, "params": {"eta": 0.3444505034323974, "max_depth": 9.330221738472929, "n_estimators": 31.478434859323}, "datetime": {"datetime": "2021-09-24 12:36:20", "elapsed": 11.946227, "delta": 0.706473}}
{"target": 0.295268934920103, "params": {"eta": 0.08, "max_depth": 9.733089017888988, "n_estimators": 29.848385335147626}, "datetime": {"datetime": "2021-09-24 12:36:20", "elapsed": 12.498358, "delta": 0.552131}}
{"target": 0.18510160734999004, "params": {"eta": 0.6, "max_depth": 8.020007844622652, "n_estimators": 30.394853607298444}, "datetime": {"datetime": "2021-09-24 12:36:21", "elapsed": 12.993361, "delta": 0.495003}}
{"target": 0.19582185643068784, "params": {"eta": 0.48891623876570023, "max_depth": 8.723518688133716, "n_estimators": 33.05708054250509}, "datetime": {"datetime": "2021-09-24 12:36:21", "elapsed": 13.494361, "delta": 0.501}}
{"target": 0.18912237195839476, "params": {"eta": 0.5130069790164419, "max_depth": 11.446540107274876, "n_estimators": 29.28283031477004}, "datetime": {"datetime": "2021-09-24 12:36:22", "elapsed": 14.070717, "delta": 0.576356}}
{"target": 0.2761080318103042, "params": {"eta": 0.45132233522075543, "max_depth": 19.98877748372002, "n_estimators": 49.623404952871006}, "datetime": {"datetime": "2021-09-24 12:36:22", "elapsed": 14.720719, "delta": 0.650002}}
{"target": 0.3133986242255632, "params": {"eta": 0.08, "max_depth": 11.216147745269682, "n_estimators": 34.5784096231541}, "datetime": {"datetime": "2021-09-24 12:36:23", "elapsed": 15.259715, "delta": 0.538996}}
{"target": 0.2897548039688894, "params": {"eta": 0.25600669193933473, "max_depth": 9.680058971680367, "n_estimators": 35.206391832666746}, "datetime": {"datetime": "2021-09-24 12:36:24", "elapsed": 15.928851, "delta": 0.669136}}
{"target": 0.15954808607463056, "params": {"eta": 0.5674510335380936, "max_depth": 11.13546026822851, "n_estimators": 36.2108629685294}, "datetime": {"datetime": "2021-09-24 12:36:24", "elapsed": 16.530431, "delta": 0.60158}}
{"target": 0.2746807561506476, "params": {"eta": 0.39802746381038107, "max_depth": 19.938544184842154, "n_estimators": 24.580730331239916}, "datetime": {"datetime": "2021-09-24 12:36:25", "elapsed": 17.234433, "delta": 0.704002}}
{"target": 0.3158409412094718, "params": {"eta": 0.08, "max_depth": 17.85213213856915, "n_estimators": 46.01734349044086}, "datetime": {"datetime": "2021-09-24 12:36:26", "elapsed": 17.925609, "delta": 0.691176}}
{"target": 0.3024671491479529, "params": {"eta": 0.30875580119256185, "max_depth": 16.187570460487038, "n_estimators": 45.73521427521974}, "datetime": {"datetime": "2021-09-24 12:36:26", "elapsed": 18.622523, "delta": 0.696914}}
{"target": 0.2797053835992317, "params": {"eta": 0.3076660031880142, "max_depth": 17.277215103546467, "n_estimators": 44.51387122942561}, "datetime": {"datetime": "2021-09-24 12:36:27", "elapsed": 19.298523, "delta": 0.676}}
{"target": 0.14535265255758423, "params": {"eta": 0.6, "max_depth": 18.945870590462455, "n_estimators": 44.935961198336095}, "datetime": {"datetime": "2021-09-24 12:36:28", "elapsed": 20.066192, "delta": 0.767669}}
{"target": 0.3106877748900366, "params": {"eta": 0.08, "max_depth": 15.580376844238009, "n_estimators": 44.25599026818416}, "datetime": {"datetime": "2021-09-24 12:36:28", "elapsed": 20.794183, "delta": 0.727991}}
{"target": 0.23182823159326071, "params": {"eta": 0.22629850022572423, "max_depth": 14.488040485601669, "n_estimators": 45.440229685538846}, "datetime": {"datetime": "2021-09-24 12:36:29", "elapsed": 21.527838, "delta": 0.733655}}
{"target": 0.28474400007525524, "params": {"eta": 0.17446313684357498, "max_depth": 13.998935254418992, "n_estimators": 43.81509527279702}, "datetime": {"datetime": "2021-09-24 12:36:30", "elapsed": 22.110655, "delta": 0.582817}}
{"target": 0.10544684337673327, "params": {"eta": 0.5778936643386431, "max_depth": 14.496204852260036, "n_estimators": 42.39744894535622}, "datetime": {"datetime": "2021-09-24 12:36:30", "elapsed": 22.650656, "delta": 0.540001}}
{"target": 0.3099941979590718, "params": {"eta": 0.2611350027872101, "max_depth": 12.59040577525312, "n_estimators": 44.69667786566671}, "datetime": {"datetime": "2021-09-24 12:36:31", "elapsed": 23.380656, "delta": 0.73}}
{"target": 0.2990330114477757, "params": {"eta": 0.2076133280916641, "max_depth": 18.243038700416072, "n_estimators": 26.992136614163773}, "datetime": {"datetime": "2021-09-24 12:36:32", "elapsed": 23.970265, "delta": 0.589609}}
{"target": 0.28708480389865887, "params": {"eta": 0.2586525345692269, "max_depth": 12.18971765970285, "n_estimators": 43.0815552531865}, "datetime": {"datetime": "2021-09-24 12:36:32", "elapsed": 24.559262, "delta": 0.588997}}
{"target": 0.24914869017660568, "params": {"eta": 0.21901063081456473, "max_depth": 11.042211670615423, "n_estimators": 44.26248721704984}, "datetime": {"datetime": "2021-09-24 12:36:33", "elapsed": 25.216265, "delta": 0.657003}}
{"target": 0.27000941978025106, "params": {"eta": 0.10217910310357553, "max_depth": 10.58895453703203, "n_estimators": 42.413153652166336}, "datetime": {"datetime": "2021-09-24 12:36:34", "elapsed": 26.009051, "delta": 0.792786}}
{"target": 0.20929885854147634, "params": {"eta": 0.4189285702500775, "max_depth": 11.646001238775044, "n_estimators": 45.879967115168974}, "datetime": {"datetime": "2021-09-24 12:36:34", "elapsed": 26.736849, "delta": 0.727798}}
{"target": 0.23739129196616604, "params": {"eta": 0.34101701525481415, "max_depth": 11.983228048304621, "n_estimators": 41.488639490345356}, "datetime": {"datetime": "2021-09-24 12:36:35", "elapsed": 27.406374, "delta": 0.669525}}
{"target": 0.08808294229676972, "params": {"eta": 0.6, "max_depth": 9.234699533193403, "n_estimators": 41.54605577286544}, "datetime": {"datetime": "2021-09-24 12:36:36", "elapsed": 28.048577, "delta": 0.642203}}
{"target": 0.3242348863026496, "params": {"eta": 0.09645285967599465, "max_depth": 9.987389230531756, "n_estimators": 34.03537950612978}, "datetime": {"datetime": "2021-09-24 12:36:36", "elapsed": 28.651893, "delta": 0.603316}}
{"target": 0.32160502939250324, "params": {"eta": 0.20094396661938557, "max_depth": 9.091249504684193, "n_estimators": 44.66528873490732}, "datetime": {"datetime": "2021-09-24 12:36:37", "elapsed": 29.340894, "delta": 0.689001}}
{"target": 0.29598325540415316, "params": {"eta": 0.22398633300790205, "max_depth": 7.5640212856432, "n_estimators": 44.282943248886696}, "datetime": {"datetime": "2021-09-24 12:36:38", "elapsed": 30.040645, "delta": 0.699751}}
{"target": 0.27224502629321035, "params": {"eta": 0.4010101695054419, "max_depth": 8.061611824164892, "n_estimators": 45.88008102671818}, "datetime": {"datetime": "2021-09-24 12:36:38", "elapsed": 30.553937, "delta": 0.513292}}
{"target": 0.2969007721421488, "params": {"eta": 0.23017642252403442, "max_depth": 9.823937620409328, "n_estimators": 45.99050647304226}, "datetime": {"datetime": "2021-09-24 12:36:39", "elapsed": 31.312505, "delta": 0.758568}}
{"target": 0.1877931090422218, "params": {"eta": 0.49232934533915906, "max_depth": 8.96630158681463, "n_estimators": 47.34103535559513}, "datetime": {"datetime": "2021-09-24 12:36:40", "elapsed": 32.104355, "delta": 0.79185}}
{"target": 0.33354916456582817, "params": {"eta": 0.2523352674050753, "max_depth": 7.00132997716169, "n_estimators": 42.60842040486017}, "datetime": {"datetime": "2021-09-24 12:36:40", "elapsed": 32.649021, "delta": 0.544666}}
{"target": 0.3119596400412422, "params": {"eta": 0.30277928371117374, "max_depth": 7.138462083976607, "n_estimators": 41.092464920216585}, "datetime": {"datetime": "2021-09-24 12:36:41", "elapsed": 33.288023, "delta": 0.639002}}
{"target": 0.282449979014478, "params": {"eta": 0.47278217967557395, "max_depth": 7.052064564534694, "n_estimators": 39.73266809348848}, "datetime": {"datetime": "2021-09-24 12:36:42", "elapsed": 33.99602, "delta": 0.707997}}
{"target": 0.149271138589964, "params": {"eta": 0.6, "max_depth": 17.50157804751315, "n_estimators": 27.539431672632197}, "datetime": {"datetime": "2021-09-24 12:36:42", "elapsed": 34.69133, "delta": 0.69531}}
{"target": 0.32416176356734505, "params": {"eta": 0.08626101482704164, "max_depth": 10.364692563257176, "n_estimators": 31.848196651641473}, "datetime": {"datetime": "2021-09-24 12:36:43", "elapsed": 35.20333, "delta": 0.512}}
{"target": 0.2667964654351421, "params": {"eta": 0.49675836568454845, "max_depth": 10.113898355013058, "n_estimators": 30.91886130526711}, "datetime": {"datetime": "2021-09-24 12:36:43", "elapsed": 35.806592, "delta": 0.603262}}
{"target": 0.149272388118029, "params": {"eta": 0.6, "max_depth": 17.459504284917045, "n_estimators": 48.5383787332799}, "datetime": {"datetime": "2021-09-24 12:36:44", "elapsed": 36.527259, "delta": 0.720667}}
{"target": 0.31679430077817117, "params": {"eta": 0.24523174570444095, "max_depth": 9.77260792066065, "n_estimators": 43.655149034248474}, "datetime": {"datetime": "2021-09-24 12:36:45", "elapsed": 37.071256, "delta": 0.543997}}
{"target": 0.07707230810019416, "params": {"eta": 0.6, "max_depth": 11.592248154973221, "n_estimators": 33.616553511755285}, "datetime": {"datetime": "2021-09-24 12:36:45", "elapsed": 37.698253, "delta": 0.626997}}
{"target": 0.30884122797469393, "params": {"eta": 0.15829920830082922, "max_depth": 15.619847293907139, "n_estimators": 46.80198953716718}, "datetime": {"datetime": "2021-09-24 12:36:46", "elapsed": 38.754366, "delta": 1.056113}}
{"target": 0.2315213979771651, "params": {"eta": 0.4328970844091261, "max_depth": 18.64891663135043, "n_estimators": 24.86231455915394}, "datetime": {"datetime": "2021-09-24 12:36:47", "elapsed": 39.387366, "delta": 0.633}}
{"target": 0.3265761002223291, "params": {"eta": 0.08, "max_depth": 8.516924239951656, "n_estimators": 34.62986214611882}, "datetime": {"datetime": "2021-09-24 12:36:48", "elapsed": 40.203893, "delta": 0.816527}}
{"target": 0.28130718311620473, "params": {"eta": 0.21506209355504713, "max_depth": 8.455079986134816, "n_estimators": 35.940352747836165}, "datetime": {"datetime": "2021-09-24 12:36:49", "elapsed": 40.930783, "delta": 0.72689}}
{"target": 0.26478518146727503, "params": {"eta": 0.16548371829835962, "max_depth": 7.203557815659744, "n_estimators": 34.925270916061244}, "datetime": {"datetime": "2021-09-24 12:36:49", "elapsed": 41.547429, "delta": 0.616646}}
