{"target": -50.80790624403416, "params": {"eta": 0.2541471024504872, "max_depth": 19.61676898078751, "n_estimators": 74.43840936969909}, "datetime": {"datetime": "2021-09-24 16:23:52", "elapsed": 728.643062, "delta": 2.647432}}
{"target": -48.52668395078272, "params": {"eta": 0.4762322407194628, "max_depth": 21.409691754316196, "n_estimators": 74.54035860458393}, "datetime": {"datetime": "2021-09-24 16:23:55", "elapsed": 731.643883, "delta": 3.000821}}
{"target": -45.948093959263396, "params": {"eta": 0.4049486104656154, "max_depth": 2.8247373819836987, "n_estimators": 18.566445212804066}, "datetime": {"datetime": "2021-09-24 16:23:58", "elapsed": 734.921455, "delta": 3.277572}}
{"target": -47.431323431488266, "params": {"eta": 0.2939190641118734, "max_depth": 18.615018183080988, "n_estimators": 31.269744317744966}, "datetime": {"datetime": "2021-09-24 16:24:01", "elapsed": 737.448585, "delta": 2.52713}}
{"target": -46.780656714188424, "params": {"eta": 0.1403071858215998, "max_depth": 15.470698040771422, "n_estimators": 65.23571971665095}, "datetime": {"datetime": "2021-09-24 16:24:03", "elapsed": 740.278742, "delta": 2.830157}}
{"target": -47.45479732886293, "params": {"eta": 0.3493951024856893, "max_depth": 14.901975377684098, "n_estimators": 64.7948558913292}, "datetime": {"datetime": "2021-09-24 16:24:07", "elapsed": 744.026321, "delta": 3.747579}}
{"target": -46.60289127665355, "params": {"eta": 0.14765955084490898, "max_depth": 14.745964782550157, "n_estimators": 65.39372866680083}, "datetime": {"datetime": "2021-09-24 16:24:11", "elapsed": 748.113147, "delta": 4.086826}}
{"target": -47.91350168213808, "params": {"eta": 0.3590265831270107, "max_depth": 11.114595096117231, "n_estimators": 62.01073101419539}, "datetime": {"datetime": "2021-09-24 16:24:13", "elapsed": 750.229734, "delta": 2.116587}}
{"target": -44.701411369151636, "params": {"eta": 0.5, "max_depth": 1.0, "n_estimators": 17.618687555094276}, "datetime": {"datetime": "2021-09-24 16:24:18", "elapsed": 754.790585, "delta": 4.560851}}
{"target": -47.215435314895515, "params": {"eta": 0.3039259285312666, "max_depth": 15.25312498385456, "n_estimators": 65.47298871726751}, "datetime": {"datetime": "2021-09-24 16:24:23", "elapsed": 760.175248, "delta": 5.384663}}
{"target": -46.46961791533276, "params": {"eta": 0.2306078906367826, "max_depth": 22.121770365417024, "n_estimators": 78.6743496877923}, "datetime": {"datetime": "2021-09-24 16:24:26", "elapsed": 762.720394, "delta": 2.545146}}
{"target": -47.32083689180532, "params": {"eta": 0.35868376461454693, "max_depth": 23.495942826699924, "n_estimators": 26.021114177302778}, "datetime": {"datetime": "2021-09-24 16:24:28", "elapsed": 764.84061, "delta": 2.120216}}
{"target": -48.54860598341863, "params": {"eta": 0.37869186020473083, "max_depth": 15.465062638499926, "n_estimators": 64.75959511822369}, "datetime": {"datetime": "2021-09-24 16:24:33", "elapsed": 769.45324, "delta": 4.61263}}
{"target": -45.419743186549134, "params": {"eta": 0.4312207716010451, "max_depth": 2.2322174945179745, "n_estimators": 13.214851609653033}, "datetime": {"datetime": "2021-09-24 16:24:35", "elapsed": 772.261349, "delta": 2.808109}}
{"target": -50.30437009854424, "params": {"eta": 0.4572532872906908, "max_depth": 2.0705900279415816, "n_estimators": 74.51100513167836}, "datetime": {"datetime": "2021-09-24 16:24:39", "elapsed": 776.05055, "delta": 3.789201}}
{"target": -45.16332001076605, "params": {"eta": 0.4870389836940784, "max_depth": 1.6431875662774638, "n_estimators": 55.94690980576372}, "datetime": {"datetime": "2021-09-24 16:24:42", "elapsed": 779.269282, "delta": 3.218732}}
{"target": -46.784490140757164, "params": {"eta": 0.21726993138302284, "max_depth": 9.215547218373871, "n_estimators": 38.69149939914599}, "datetime": {"datetime": "2021-09-24 16:24:45", "elapsed": 781.839484, "delta": 2.570202}}
{"target": -46.54492213313741, "params": {"eta": 0.05235867581448321, "max_depth": 15.822800382716093, "n_estimators": 77.11476836296566}, "datetime": {"datetime": "2021-09-24 16:24:49", "elapsed": 785.475752, "delta": 3.636268}}
{"target": -100.12298466388444, "params": {"eta": 0.018178075706817072, "max_depth": 1.8440991806870155, "n_estimators": 20.47495813939287}, "datetime": {"datetime": "2021-09-24 16:24:53", "elapsed": 789.465736, "delta": 3.989984}}
{"target": -44.66057916512167, "params": {"eta": 0.43133774817728854, "max_depth": 1.5375195754669475, "n_estimators": 72.05944544740261}, "datetime": {"datetime": "2021-09-24 16:24:57", "elapsed": 794.069244, "delta": 4.603508}}
{"target": -43.65211785108523, "params": {"eta": 0.16299080222549608, "max_depth": 1.7345594454980597, "n_estimators": 73.38490316382891}, "datetime": {"datetime": "2021-09-24 16:25:02", "elapsed": 798.505459, "delta": 4.436215}}
{"target": -46.987087938122286, "params": {"eta": 0.10279884491449869, "max_depth": 9.127598686183354, "n_estimators": 41.59094170645942}, "datetime": {"datetime": "2021-09-24 16:25:04", "elapsed": 800.815713, "delta": 2.310254}}
{"target": -45.07257676662359, "params": {"eta": 0.03503455002703496, "max_depth": 2.4068394018055645, "n_estimators": 72.76585507629844}, "datetime": {"datetime": "2021-09-24 16:25:07", "elapsed": 804.208181, "delta": 3.392468}}
{"target": -47.66248605484353, "params": {"eta": 0.09610766656640764, "max_depth": 7.475713143329501, "n_estimators": 53.44148417587124}, "datetime": {"datetime": "2021-09-24 16:25:09", "elapsed": 806.354386, "delta": 2.146205}}
{"target": -46.63395885955122, "params": {"eta": 0.07628612686482378, "max_depth": 10.305451578476212, "n_estimators": 63.92695434335185}, "datetime": {"datetime": "2021-09-24 16:25:12", "elapsed": 809.1853, "delta": 2.830914}}
{"target": -48.57429055522259, "params": {"eta": 0.3091555030107197, "max_depth": 6.737488962356083, "n_estimators": 25.64321499570365}, "datetime": {"datetime": "2021-09-24 16:25:15", "elapsed": 811.574021, "delta": 2.388721}}
{"target": -43.98785569614038, "params": {"eta": 0.35750091471830486, "max_depth": 2.6288602786615547, "n_estimators": 19.82122069176497}, "datetime": {"datetime": "2021-09-24 16:25:18", "elapsed": 814.747843, "delta": 3.173822}}
{"target": -43.97005279082104, "params": {"eta": 0.2076350868906163, "max_depth": 1.1366458191383737, "n_estimators": 54.12470336944107}, "datetime": {"datetime": "2021-09-24 16:25:21", "elapsed": 817.448353, "delta": 2.70051}}
{"target": -46.69795734721019, "params": {"eta": 0.11912210625610162, "max_depth": 17.453445079482528, "n_estimators": 30.517672841933532}, "datetime": {"datetime": "2021-09-24 16:25:24", "elapsed": 821.246351, "delta": 3.797998}}
{"target": -49.18216564780787, "params": {"eta": 0.4137106463310902, "max_depth": 19.411568200203185, "n_estimators": 80.01392433342022}, "datetime": {"datetime": "2021-09-24 16:25:27", "elapsed": 823.933024, "delta": 2.686673}}
{"target": -46.759142395248986, "params": {"eta": 0.20088376058346216, "max_depth": 18.924911045017712, "n_estimators": 43.33862792736518}, "datetime": {"datetime": "2021-09-24 16:25:29", "elapsed": 826.427491, "delta": 2.494467}}
{"target": -43.839621637100564, "params": {"eta": 0.39098191069142574, "max_depth": 1.8395626238380913, "n_estimators": 15.703794347683191}, "datetime": {"datetime": "2021-09-24 16:25:34", "elapsed": 830.756795, "delta": 4.329304}}
{"target": -47.406419366822206, "params": {"eta": 0.44930527356960526, "max_depth": 2.991075754932506, "n_estimators": 20.339701928994913}, "datetime": {"datetime": "2021-09-24 16:25:38", "elapsed": 834.555826, "delta": 3.799031}}
{"target": -46.036739550138776, "params": {"eta": 0.08976087371013694, "max_depth": 9.396646038834263, "n_estimators": 39.467639267655876}, "datetime": {"datetime": "2021-09-24 16:25:40", "elapsed": 836.577415, "delta": 2.021589}}
{"target": -52.928818408707926, "params": {"eta": 0.4977927387735719, "max_depth": 9.300566640057152, "n_estimators": 39.38809309097479}, "datetime": {"datetime": "2021-09-24 16:25:44", "elapsed": 840.795744, "delta": 4.218329}}
{"target": -48.84507586543722, "params": {"eta": 0.46346213375427897, "max_depth": 2.1354976184052834, "n_estimators": 72.4930983305497}, "datetime": {"datetime": "2021-09-24 16:25:48", "elapsed": 844.928496, "delta": 4.132752}}
{"target": -48.8971522912047, "params": {"eta": 0.5, "max_depth": 3.954556699407152, "n_estimators": 21.711717880362755}, "datetime": {"datetime": "2021-09-24 16:25:51", "elapsed": 848.231967, "delta": 3.303471}}
{"target": -43.84261626049988, "params": {"eta": 0.06326884241047494, "max_depth": 2.031798317836162, "n_estimators": 70.45723263840766}, "datetime": {"datetime": "2021-09-24 16:25:55", "elapsed": 851.824542, "delta": 3.592575}}
{"target": -48.19663490926413, "params": {"eta": 0.3865603005584445, "max_depth": 9.818798464484065, "n_estimators": 39.46640276699587}, "datetime": {"datetime": "2021-09-24 16:25:58", "elapsed": 855.151531, "delta": 3.326989}}
{"target": -45.583443921311456, "params": {"eta": 0.09200100887468995, "max_depth": 10.56670285938121, "n_estimators": 53.01347400912073}, "datetime": {"datetime": "2021-09-24 16:26:01", "elapsed": 857.913993, "delta": 2.762462}}
{"target": -45.6958132292095, "params": {"eta": 0.04957540806759021, "max_depth": 1.3349462952479803, "n_estimators": 70.75651619587694}, "datetime": {"datetime": "2021-09-24 16:26:05", "elapsed": 862.226864, "delta": 4.312871}}
{"target": -49.71478087919995, "params": {"eta": 0.10409382223883393, "max_depth": 1.5723209386195398, "n_estimators": 16.245482178183632}, "datetime": {"datetime": "2021-09-24 16:26:09", "elapsed": 865.653032, "delta": 3.426168}}
{"target": -43.411136598515334, "params": {"eta": 0.31438061632312375, "max_depth": 2.1886185913109797, "n_estimators": 12.515859433945629}, "datetime": {"datetime": "2021-09-24 16:26:14", "elapsed": 870.758395, "delta": 5.105363}}
{"target": -46.39114606470093, "params": {"eta": 0.095543798517212, "max_depth": 11.791277822023496, "n_estimators": 47.26708814465313}, "datetime": {"datetime": "2021-09-24 16:26:16", "elapsed": 873.191708, "delta": 2.433313}}
{"target": -49.401121813551825, "params": {"eta": 0.5, "max_depth": 2.0568667823426927, "n_estimators": 70.76912391047347}, "datetime": {"datetime": "2021-09-24 16:26:20", "elapsed": 877.247703, "delta": 4.055995}}
{"target": -43.853506045233935, "params": {"eta": 0.177421382927648, "max_depth": 1.7584906724451752, "n_estimators": 52.70870503030097}, "datetime": {"datetime": "2021-09-24 16:26:25", "elapsed": 881.621014, "delta": 4.373311}}
{"target": -43.668429009000164, "params": {"eta": 0.3963146952769591, "max_depth": 1.5846188289170344, "n_estimators": 53.22076739977635}, "datetime": {"datetime": "2021-09-24 16:26:29", "elapsed": 885.604534, "delta": 3.98352}}
{"target": -44.4429556480924, "params": {"eta": 0.323629694212515, "max_depth": 1.3652860755712144, "n_estimators": 15.400070171821678}, "datetime": {"datetime": "2021-09-24 16:26:34", "elapsed": 890.664572, "delta": 5.060038}}
{"target": -50.60261848277615, "params": {"eta": 0.4468634037877898, "max_depth": 13.832736979200483, "n_estimators": 44.48005681864896}, "datetime": {"datetime": "2021-09-24 16:26:36", "elapsed": 893.008115, "delta": 2.343543}}
{"target": -45.07351675965732, "params": {"eta": 0.22677321030460865, "max_depth": 2.2050772248703723, "n_estimators": 53.3602302685323}, "datetime": {"datetime": "2021-09-24 16:26:41", "elapsed": 897.452225, "delta": 4.44411}}
{"target": -46.89956036904701, "params": {"eta": 0.16207776075515132, "max_depth": 16.883474208789032, "n_estimators": 30.05608336200791}, "datetime": {"datetime": "2021-09-24 16:26:45", "elapsed": 901.949981, "delta": 4.497756}}
{"target": -45.915500124594324, "params": {"eta": 0.27923727281276967, "max_depth": 11.442384899743843, "n_estimators": 42.32544670928969}, "datetime": {"datetime": "2021-09-24 16:26:48", "elapsed": 904.628867, "delta": 2.678886}}
{"target": -47.818075567259825, "params": {"eta": 0.25888428353907894, "max_depth": 18.119952042424643, "n_estimators": 30.216470351179794}, "datetime": {"datetime": "2021-09-24 16:26:52", "elapsed": 909.288826, "delta": 4.659959}}
{"target": -43.74061914314901, "params": {"eta": 0.2141969790423611, "max_depth": 1.076143089469614, "n_estimators": 72.83514254136705}, "datetime": {"datetime": "2021-09-24 16:26:56", "elapsed": 912.912886, "delta": 3.62406}}
{"target": -47.332902951348096, "params": {"eta": 0.024302428740919313, "max_depth": 2.8510295829561594, "n_estimators": 74.90602782993166}, "datetime": {"datetime": "2021-09-24 16:27:02", "elapsed": 918.632848, "delta": 5.719962}}
{"target": -44.91795710513466, "params": {"eta": 0.21434078230426126, "max_depth": 3.8812979737686324, "n_estimators": 10.009149985387591}, "datetime": {"datetime": "2021-09-24 16:33:14", "elapsed": 0.0, "delta": 0.0}}
{"target": -46.04588570272116, "params": {"eta": 0.1581429605896015, "max_depth": 1.5870235632684522, "n_estimators": 17.387087581503824}, "datetime": {"datetime": "2021-09-24 16:33:14", "elapsed": 0.031, "delta": 0.031}}
{"target": -43.93670579723846, "params": {"eta": 0.10126750357505873, "max_depth": 2.382242908172191, "n_estimators": 41.741397938453595}, "datetime": {"datetime": "2021-09-24 16:33:14", "elapsed": 0.097634, "delta": 0.066634}}
{"target": -44.29297454375073, "params": {"eta": 0.18732514293937452, "max_depth": 2.2808582380990723, "n_estimators": 41.604334608536455}, "datetime": {"datetime": "2021-09-24 16:33:14", "elapsed": 0.238648, "delta": 0.141014}}
{"target": -95.43353566908299, "params": {"eta": 0.01, "max_depth": 2.7684761214345017, "n_estimators": 42.26360286306139}, "datetime": {"datetime": "2021-09-24 16:33:14", "elapsed": 0.456633, "delta": 0.217985}}
{"target": -46.45113329779833, "params": {"eta": 0.35321043136772734, "max_depth": 3.710227447546657, "n_estimators": 10.569472813920582}, "datetime": {"datetime": "2021-09-24 16:33:14", "elapsed": 0.597586, "delta": 0.140953}}
{"target": -43.789250940308534, "params": {"eta": 0.12148228532228804, "max_depth": 1.6223599895528698, "n_estimators": 85.78427608617338}, "datetime": {"datetime": "2021-09-24 16:33:14", "elapsed": 0.752587, "delta": 0.155001}}
{"target": -48.310261231616025, "params": {"eta": 0.36586546542179793, "max_depth": 3.914448055402768, "n_estimators": 25.575042526582017}, "datetime": {"datetime": "2021-09-24 16:33:15", "elapsed": 0.908584, "delta": 0.155997}}
{"target": -44.91692142916801, "params": {"eta": 0.16692327314784638, "max_depth": 2.0834633042575574, "n_estimators": 85.457696109635}, "datetime": {"datetime": "2021-09-24 16:33:15", "elapsed": 1.195583, "delta": 0.286999}}
{"target": -46.73438019143011, "params": {"eta": 0.4781683320151857, "max_depth": 3.6562856633681906, "n_estimators": 47.65765119433459}, "datetime": {"datetime": "2021-09-24 16:33:15", "elapsed": 1.369584, "delta": 0.174001}}
{"target": -49.906248063969436, "params": {"eta": 0.2494790342086781, "max_depth": 4.364714694929096, "n_estimators": 88.32547506916617}, "datetime": {"datetime": "2021-09-24 16:33:15", "elapsed": 1.752584, "delta": 0.383}}
{"target": -44.1176421086591, "params": {"eta": 0.0880589871572218, "max_depth": 1.5417540920910784, "n_estimators": 85.23980432378097}, "datetime": {"datetime": "2021-09-24 16:33:16", "elapsed": 1.988585, "delta": 0.236001}}
{"target": -43.84102088526676, "params": {"eta": 0.36027026395982187, "max_depth": 1.1306857324876773, "n_estimators": 85.48262946393461}, "datetime": {"datetime": "2021-09-24 16:33:16", "elapsed": 2.232587, "delta": 0.244002}}
{"target": -48.90832095038622, "params": {"eta": 0.3417846478711527, "max_depth": 3.191644170814957, "n_estimators": 40.65673337109638}, "datetime": {"datetime": "2021-09-24 16:33:16", "elapsed": 2.391583, "delta": 0.158996}}
{"target": -46.47907423435297, "params": {"eta": 0.07897048949151181, "max_depth": 1.5575182275931105, "n_estimators": 35.346584948097146}, "datetime": {"datetime": "2021-09-24 16:33:16", "elapsed": 2.523158, "delta": 0.131575}}
{"target": -46.2966539196502, "params": {"eta": 0.14426022916522757, "max_depth": 4.057393615302818, "n_estimators": 15.349643652825202}, "datetime": {"datetime": "2021-09-24 16:33:16", "elapsed": 2.649267, "delta": 0.126109}}
{"target": -44.9501049930888, "params": {"eta": 0.44218212468560664, "max_depth": 1.2578068124830835, "n_estimators": 84.91058498856485}, "datetime": {"datetime": "2021-09-24 16:33:17", "elapsed": 3.060272, "delta": 0.411005}}
{"target": -44.49904477685914, "params": {"eta": 0.3031189890134315, "max_depth": 1.4508082292380018, "n_estimators": 19.342200774754225}, "datetime": {"datetime": "2021-09-24 16:33:17", "elapsed": 3.211272, "delta": 0.151}}
{"target": -48.95766239596489, "params": {"eta": 0.310676083751763, "max_depth": 3.229567582564638, "n_estimators": 62.28855362414238}, "datetime": {"datetime": "2021-09-24 16:33:17", "elapsed": 3.425272, "delta": 0.214}}
{"target": -52.280529796629025, "params": {"eta": 0.018238205864338563, "max_depth": 2.03342734799074, "n_estimators": 74.04677645554099}, "datetime": {"datetime": "2021-09-24 16:33:17", "elapsed": 3.644269, "delta": 0.218997}}
{"target": -45.08171818668681, "params": {"eta": 0.4058563586495714, "max_depth": 3.7123171630586884, "n_estimators": 10.5759112243957}, "datetime": {"datetime": "2021-09-24 16:33:17", "elapsed": 3.790273, "delta": 0.146004}}
{"target": -44.726655744968504, "params": {"eta": 0.4031298805073917, "max_depth": 1.1502284548309274, "n_estimators": 86.17007601089088}, "datetime": {"datetime": "2021-09-24 16:33:18", "elapsed": 4.03042, "delta": 0.240147}}
{"target": -49.567705254805716, "params": {"eta": 0.5, "max_depth": 4.303935265135514, "n_estimators": 10.419708088053484}, "datetime": {"datetime": "2021-09-24 16:33:18", "elapsed": 4.344419, "delta": 0.313999}}
{"target": -46.24210027823771, "params": {"eta": 0.5, "max_depth": 1.8425246492549157, "n_estimators": 86.1756710669841}, "datetime": {"datetime": "2021-09-24 16:33:18", "elapsed": 4.78805, "delta": 0.443631}}
{"target": -43.96974750031206, "params": {"eta": 0.12272050577146798, "max_depth": 1.2591472701361313, "n_estimators": 66.30765179343109}, "datetime": {"datetime": "2021-09-24 16:33:19", "elapsed": 4.987333, "delta": 0.199283}}
{"target": -46.707131235223066, "params": {"eta": 0.4760840872018987, "max_depth": 3.281782637501052, "n_estimators": 10.15658231638553}, "datetime": {"datetime": "2021-09-24 16:33:19", "elapsed": 5.286019, "delta": 0.298686}}
{"target": -43.86060717589873, "params": {"eta": 0.3718182954604809, "max_depth": 1.8649240968832594, "n_estimators": 84.7648636770027}, "datetime": {"datetime": "2021-09-24 16:33:19", "elapsed": 5.694016, "delta": 0.407997}}
{"target": -46.871029703240644, "params": {"eta": 0.4212099485010663, "max_depth": 2.6740419148207626, "n_estimators": 33.68715338991849}, "datetime": {"datetime": "2021-09-24 16:33:20", "elapsed": 5.880679, "delta": 0.186663}}
{"target": -53.89280568746696, "params": {"eta": 0.015619577644175067, "max_depth": 1.5244416218403423, "n_estimators": 84.51798258216714}, "datetime": {"datetime": "2021-09-24 16:33:20", "elapsed": 6.208684, "delta": 0.328005}}
{"target": -46.12701768803417, "params": {"eta": 0.3095110534351403, "max_depth": 2.4041785945849403, "n_estimators": 84.9027246078201}, "datetime": {"datetime": "2021-09-24 16:33:20", "elapsed": 6.845914, "delta": 0.63723}}
{"target": -106.11151196185807, "params": {"eta": 0.031066078669812945, "max_depth": 2.6594518204287523, "n_estimators": 10.423325840885402}, "datetime": {"datetime": "2021-09-24 16:33:21", "elapsed": 7.039915, "delta": 0.194001}}
{"target": -44.48156233479206, "params": {"eta": 0.23874040055916543, "max_depth": 1.5112967706362221, "n_estimators": 18.474048118478482}, "datetime": {"datetime": "2021-09-24 16:33:21", "elapsed": 7.701919, "delta": 0.662004}}
{"target": -44.6745393222436, "params": {"eta": 0.13177390789890622, "max_depth": 2.3176538298638545, "n_estimators": 18.928696653023287}, "datetime": {"datetime": "2021-09-24 16:33:22", "elapsed": 8.262061, "delta": 0.560142}}
{"target": -43.26533743492643, "params": {"eta": 0.36305793320689106, "max_depth": 2.307112544808776, "n_estimators": 17.944354215775256}, "datetime": {"datetime": "2021-09-24 16:33:22", "elapsed": 8.676757, "delta": 0.414696}}
{"target": -47.11679094357598, "params": {"eta": 0.06056862132530913, "max_depth": 1.2285954716205083, "n_estimators": 39.57168625688254}, "datetime": {"datetime": "2021-09-24 16:33:23", "elapsed": 8.863966, "delta": 0.187209}}
{"target": -47.292937486691585, "params": {"eta": 0.39203152157275756, "max_depth": 2.870867539185116, "n_estimators": 18.43039452774527}, "datetime": {"datetime": "2021-09-24 16:33:23", "elapsed": 9.233969, "delta": 0.370003}}
{"target": -45.61245954126343, "params": {"eta": 0.3994750749018182, "max_depth": 2.326706630497129, "n_estimators": 17.91237350194138}, "datetime": {"datetime": "2021-09-24 16:33:23", "elapsed": 9.412967, "delta": 0.178998}}
{"target": -44.47217559814453, "params": {"eta": 0.22088866733001308, "max_depth": 2.1208832771630672, "n_estimators": 18.41166229434456}, "datetime": {"datetime": "2021-09-24 16:33:24", "elapsed": 10.039738, "delta": 0.626771}}
{"target": -77.43229027081253, "params": {"eta": 0.03625674674378138, "max_depth": 1.7808960933443152, "n_estimators": 17.98532084529623}, "datetime": {"datetime": "2021-09-24 16:33:24", "elapsed": 10.517205, "delta": 0.477467}}
{"target": -44.89149905326671, "params": {"eta": 0.21551981112767138, "max_depth": 1.7379667552134932, "n_estimators": 18.83499896155932}, "datetime": {"datetime": "2021-09-24 16:33:24", "elapsed": 10.836464, "delta": 0.319259}}
{"target": -43.98695516944828, "params": {"eta": 0.414108607037098, "max_depth": 1.1703207129434388, "n_estimators": 18.828207075943677}, "datetime": {"datetime": "2021-09-24 16:33:25", "elapsed": 11.455465, "delta": 0.619001}}
