{"target": 0.3578529810568044, "params": {"eta": 0.9330324065472382, "max_depth": 1.08847392034213, "n_estimators": 26.781718276790986}, "datetime": {"datetime": "2021-09-24 12:12:26", "elapsed": 69.311077, "delta": 0.682385}}
{"target": 0.12033036222808902, "params": {"eta": 0.9104495426711767, "max_depth": 3.1129512837311113, "n_estimators": 26.811040733841853}, "datetime": {"datetime": "2021-09-24 12:12:27", "elapsed": 70.132083, "delta": 0.821006}}
{"target": -3.7665408065590187, "params": {"eta": 0.001, "max_depth": 13.56374781388137, "n_estimators": 29.765969092373922}, "datetime": {"datetime": "2021-09-24 12:12:28", "elapsed": 70.906082, "delta": 0.773999}}
{"target": 0.182097718651689, "params": {"eta": 0.05547986879950083, "max_depth": 12.706055115510233, "n_estimators": 32.84639494709043}, "datetime": {"datetime": "2021-09-24 12:12:29", "elapsed": 71.835698, "delta": 0.929616}}
{"target": 0.35325947061728835, "params": {"eta": 0.14455317433360876, "max_depth": 17.082373676398515, "n_estimators": 31.747408186737633}, "datetime": {"datetime": "2021-09-24 12:12:30", "elapsed": 72.605701, "delta": 0.770003}}
{"target": 0.29672350307459017, "params": {"eta": 0.1559364117010227, "max_depth": 19.245325648961547, "n_estimators": 31.21263744042809}, "datetime": {"datetime": "2021-09-24 12:12:31", "elapsed": 73.58049, "delta": 0.974789}}
{"target": 0.18022089017743614, "params": {"eta": 0.8230530854681929, "max_depth": 18.831891145137057, "n_estimators": 33.01180190724175}, "datetime": {"datetime": "2021-09-24 12:12:32", "elapsed": 74.554229, "delta": 0.973739}}
{"target": -3.941477852342932, "params": {"eta": 0.001, "max_depth": 28.428098533893447, "n_estimators": 8.929830107587684}, "datetime": {"datetime": "2021-09-24 12:12:32", "elapsed": 75.45683, "delta": 0.902601}}
{"target": 0.014140645521207196, "params": {"eta": 0.9994371259304758, "max_depth": 16.849262506955817, "n_estimators": 30.350577233554066}, "datetime": {"datetime": "2021-09-24 12:12:34", "elapsed": 76.849716, "delta": 1.392886}}
{"target": -3.768400308092465, "params": {"eta": 0.001, "max_depth": 1.8328688554587207, "n_estimators": 28.290449623283006}, "datetime": {"datetime": "2021-09-24 12:12:35", "elapsed": 77.7379, "delta": 0.888184}}
{"target": 0.10827583319427347, "params": {"eta": 0.7876300092446417, "max_depth": 4.373138301698785, "n_estimators": 25.50992707688588}, "datetime": {"datetime": "2021-09-24 12:12:36", "elapsed": 78.637924, "delta": 0.900024}}
{"target": 0.21976038693943645, "params": {"eta": 0.7144040379836802, "max_depth": 13.265391083375318, "n_estimators": 38.98535991965021}, "datetime": {"datetime": "2021-09-24 12:12:37", "elapsed": 79.935218, "delta": 1.297294}}
{"target": -0.028443656825956953, "params": {"eta": 1.0, "max_depth": 15.107187318594807, "n_estimators": 39.83721931317148}, "datetime": {"datetime": "2021-09-24 12:12:38", "elapsed": 81.021714, "delta": 1.086496}}
{"target": -3.685694943290425, "params": {"eta": 0.001, "max_depth": 11.4949949714796, "n_estimators": 39.85575640991049}, "datetime": {"datetime": "2021-09-24 12:12:39", "elapsed": 81.975496, "delta": 0.953782}}
{"target": -3.709807699871086, "params": {"eta": 0.001, "max_depth": 9.878694301180126, "n_estimators": 36.65795459104887}, "datetime": {"datetime": "2021-09-24 12:12:40", "elapsed": 82.727498, "delta": 0.752002}}
{"target": 0.06686230817562655, "params": {"eta": 0.8021282420490841, "max_depth": 15.778044373346402, "n_estimators": 32.313015984986805}, "datetime": {"datetime": "2021-09-24 12:12:41", "elapsed": 83.774274, "delta": 1.046776}}
{"target": 0.34942264122724453, "params": {"eta": 0.29146429883815766, "max_depth": 9.569110587401399, "n_estimators": 33.74715486643957}, "datetime": {"datetime": "2021-09-24 12:12:42", "elapsed": 84.718533, "delta": 0.944259}}
{"target": 0.025211423338860284, "params": {"eta": 0.91063682024458, "max_depth": 18.276002964847088, "n_estimators": 16.142027070472828}, "datetime": {"datetime": "2021-09-24 12:12:42", "elapsed": 85.449177, "delta": 0.730644}}
{"target": -0.04389768236888547, "params": {"eta": 0.9932464508472154, "max_depth": 10.84339006629734, "n_estimators": 32.09257392227699}, "datetime": {"datetime": "2021-09-24 12:12:43", "elapsed": 86.177521, "delta": 0.728344}}
{"target": -0.1400562424381715, "params": {"eta": 0.9900396850927954, "max_depth": 7.833645678114434, "n_estimators": 33.966248428669964}, "datetime": {"datetime": "2021-09-24 12:12:44", "elapsed": 87.092152, "delta": 0.914631}}
{"target": -3.883700849720424, "params": {"eta": 0.001, "max_depth": 3.395645018346259, "n_estimators": 14.98919584266708}, "datetime": {"datetime": "2021-09-24 12:12:45", "elapsed": 88.097363, "delta": 1.005211}}
{"target": 0.3871595184414913, "params": {"eta": 0.658826389498839, "max_depth": 1.0386127072003717, "n_estimators": 15.763223314679369}, "datetime": {"datetime": "2021-09-24 12:12:46", "elapsed": 88.718361, "delta": 0.620998}}
{"target": -0.07824359143495019, "params": {"eta": 0.9975008960198687, "max_depth": 27.317620419900397, "n_estimators": 11.60550598295292}, "datetime": {"datetime": "2021-09-24 12:12:47", "elapsed": 89.672549, "delta": 0.954188}}
{"target": -0.05819993734367235, "params": {"eta": 0.9689067768046328, "max_depth": 24.938580339873013, "n_estimators": 13.154928946127871}, "datetime": {"datetime": "2021-09-24 12:12:47", "elapsed": 90.405, "delta": 0.732451}}
{"target": 0.2789909382168717, "params": {"eta": 0.07208578771304486, "max_depth": 18.407109434183766, "n_estimators": 34.92077351209333}, "datetime": {"datetime": "2021-09-24 12:12:48", "elapsed": 91.253182, "delta": 0.848182}}
{"target": -3.7259221299692546, "params": {"eta": 0.001, "max_depth": 20.21244279953958, "n_estimators": 34.111343429898206}, "datetime": {"datetime": "2021-09-24 12:12:49", "elapsed": 92.340203, "delta": 1.087021}}
{"target": 0.1450114893907154, "params": {"eta": 0.9217290782471491, "max_depth": 20.32085243851911, "n_estimators": 30.321978023105356}, "datetime": {"datetime": "2021-09-24 12:12:50", "elapsed": 93.127179, "delta": 0.786976}}
{"target": -3.029837337237346, "params": {"eta": 0.006243121515748296, "max_depth": 1.0829026180686403, "n_estimators": 20.599539265880825}, "datetime": {"datetime": "2021-09-24 12:12:51", "elapsed": 93.898219, "delta": 0.77104}}
{"target": 0.15361177851376484, "params": {"eta": 0.9203732290868035, "max_depth": 20.27288094222452, "n_estimators": 15.166504933051167}, "datetime": {"datetime": "2021-09-24 12:12:52", "elapsed": 94.737975, "delta": 0.839756}}
{"target": 0.023596870449582807, "params": {"eta": 0.04071007035134456, "max_depth": 17.629468083655702, "n_estimators": 33.265909342489316}, "datetime": {"datetime": "2021-09-24 12:12:53", "elapsed": 95.878793, "delta": 1.140818}}
{"target": -0.0019099943579525824, "params": {"eta": 0.9663029351693296, "max_depth": 18.363391704536767, "n_estimators": 31.724224467681914}, "datetime": {"datetime": "2021-09-24 12:12:54", "elapsed": 96.786565, "delta": 0.907772}}
{"target": 0.1755878561003773, "params": {"eta": 1.0, "max_depth": 3.8493455896464472, "n_estimators": 20.894887870111297}, "datetime": {"datetime": "2021-09-24 12:12:55", "elapsed": 97.599956, "delta": 0.813391}}
{"target": -3.813188167191716, "params": {"eta": 0.001, "max_depth": 3.499530817585674, "n_estimators": 22.494941184129594}, "datetime": {"datetime": "2021-09-24 12:12:55", "elapsed": 98.445954, "delta": 0.845998}}
{"target": 0.25421177953613894, "params": {"eta": 0.8063177763783165, "max_depth": 2.813035076396905, "n_estimators": 25.329695474434324}, "datetime": {"datetime": "2021-09-24 12:12:56", "elapsed": 99.352865, "delta": 0.906911}}
{"target": -3.7584068081655797, "params": {"eta": 0.001, "max_depth": 18.242845016707555, "n_estimators": 30.094745068924514}, "datetime": {"datetime": "2021-09-24 12:12:57", "elapsed": 100.326733, "delta": 0.973868}}
{"target": -0.056362948836729654, "params": {"eta": 0.9574457230035006, "max_depth": 12.025550049705082, "n_estimators": 35.019959790455424}, "datetime": {"datetime": "2021-09-24 12:12:58", "elapsed": 101.240735, "delta": 0.914002}}
{"target": 0.0581455375471831, "params": {"eta": 0.9081614271433207, "max_depth": 19.986219603901443, "n_estimators": 31.5877537071712}, "datetime": {"datetime": "2021-09-24 12:13:00", "elapsed": 102.565812, "delta": 1.325077}}
{"target": -3.865641859553481, "params": {"eta": 0.001, "max_depth": 10.80317246150401, "n_estimators": 17.440348594219603}, "datetime": {"datetime": "2021-09-24 12:13:01", "elapsed": 103.474868, "delta": 0.909056}}
{"target": 0.400203925458989, "params": {"eta": 0.10655861682729968, "max_depth": 1.9520926358127044, "n_estimators": 24.39953100706377}, "datetime": {"datetime": "2021-09-24 12:13:02", "elapsed": 104.53062, "delta": 1.055752}}
{"target": 0.11733383324289526, "params": {"eta": 0.9328466260206999, "max_depth": 13.724729360614914, "n_estimators": 32.20889244059414}, "datetime": {"datetime": "2021-09-24 12:13:03", "elapsed": 105.702246, "delta": 1.171626}}
{"target": -3.717845115376921, "params": {"eta": 0.001, "max_depth": 17.064189383080016, "n_estimators": 35.1270370456958}, "datetime": {"datetime": "2021-09-24 12:13:04", "elapsed": 106.828928, "delta": 1.126682}}
{"target": 0.28676740736378437, "params": {"eta": 0.41008247341284576, "max_depth": 25.575226920628186, "n_estimators": 27.18157632234931}, "datetime": {"datetime": "2021-09-24 12:13:05", "elapsed": 107.711527, "delta": 0.882599}}
{"target": 0.38827955045040874, "params": {"eta": 0.6501944046415625, "max_depth": 1.185773722476327, "n_estimators": 15.642248651757233}, "datetime": {"datetime": "2021-09-24 12:13:05", "elapsed": 108.212521, "delta": 0.500994}}
{"target": 0.3656075391903393, "params": {"eta": 1.0, "max_depth": 1.6009767894346878, "n_estimators": 23.353395707336396}, "datetime": {"datetime": "2021-09-24 12:13:06", "elapsed": 108.953324, "delta": 0.740803}}
{"target": 0.10149430125569958, "params": {"eta": 0.9032438224749483, "max_depth": 14.506684760269943, "n_estimators": 34.274094121181456}, "datetime": {"datetime": "2021-09-24 12:13:07", "elapsed": 109.997839, "delta": 1.044515}}
{"target": 0.005774365800326087, "params": {"eta": 0.8974428334603181, "max_depth": 20.040024242668586, "n_estimators": 13.63182699320744}, "datetime": {"datetime": "2021-09-24 12:13:08", "elapsed": 111.000837, "delta": 1.002998}}
{"target": -0.25087597020216723, "params": {"eta": 1.0, "max_depth": 8.974163590113287, "n_estimators": 15.518517427932997}, "datetime": {"datetime": "2021-09-24 12:13:09", "elapsed": 111.838406, "delta": 0.837569}}
{"target": -0.04784910655357022, "params": {"eta": 1.0, "max_depth": 10.47078954952304, "n_estimators": 34.48140288587706}, "datetime": {"datetime": "2021-09-24 12:13:10", "elapsed": 112.845406, "delta": 1.007}}
{"target": -0.08519687718426039, "params": {"eta": 0.9933193301351012, "max_depth": 17.24383733863404, "n_estimators": 32.752870659564586}, "datetime": {"datetime": "2021-09-24 12:13:11", "elapsed": 113.874342, "delta": 1.028936}}
{"target": 0.34149348225155385, "params": {"eta": 0.22524122161306406, "max_depth": 18.47435675408395, "n_estimators": 19.809879929214084}, "datetime": {"datetime": "2021-09-24 12:13:12", "elapsed": 115.069617, "delta": 1.195275}}
{"target": 0.3704381034130353, "params": {"eta": 0.8879629628027109, "max_depth": 1.2520841428475116, "n_estimators": 25.735816508871263}, "datetime": {"datetime": "2021-09-24 12:13:13", "elapsed": 115.909773, "delta": 0.840156}}
{"target": -0.0812446055017837, "params": {"eta": 1.0, "max_depth": 12.484121869042593, "n_estimators": 19.212559003103415}, "datetime": {"datetime": "2021-09-24 12:13:14", "elapsed": 116.764394, "delta": 0.854621}}
{"target": 0.16333012233034994, "params": {"eta": 0.8114116785202702, "max_depth": 24.830217438094053, "n_estimators": 28.110414977563902}, "datetime": {"datetime": "2021-09-24 12:13:15", "elapsed": 118.06223, "delta": 1.297836}}
{"target": 0.3303963152564501, "params": {"eta": 0.13319474292073846, "max_depth": 24.033514681468493, "n_estimators": 27.030689315656662}, "datetime": {"datetime": "2021-09-24 12:13:16", "elapsed": 119.053844, "delta": 0.991614}}
{"target": -3.7829128913067027, "params": {"eta": 0.001, "max_depth": 21.48514979031392, "n_estimators": 27.403207549095278}, "datetime": {"datetime": "2021-09-24 12:13:17", "elapsed": 119.984109, "delta": 0.930265}}
{"target": 0.15342091785904255, "params": {"eta": 0.9262345356595001, "max_depth": 20.009884596919107, "n_estimators": 24.907683056631388}, "datetime": {"datetime": "2021-09-24 12:13:18", "elapsed": 121.016109, "delta": 1.032}}
{"target": -0.04604076435557802, "params": {"eta": 0.9823433807456926, "max_depth": 23.507668764820618, "n_estimators": 25.818262759747107}, "datetime": {"datetime": "2021-09-24 12:13:19", "elapsed": 122.058989, "delta": 1.04288}}
{"target": 0.0016492280465554288, "params": {"eta": 0.9990099188308451, "max_depth": 21.775322021315834, "n_estimators": 13.043308183674855}, "datetime": {"datetime": "2021-09-24 12:13:20", "elapsed": 123.234994, "delta": 1.176005}}
{"target": 0.10633166354478796, "params": {"eta": 0.9291131800909713, "max_depth": 21.049077340446445, "n_estimators": 25.39547534090982}, "datetime": {"datetime": "2021-09-24 12:13:21", "elapsed": 124.413673, "delta": 1.178679}}
{"target": 0.3346339986454857, "params": {"eta": 0.10510122225475513, "max_depth": 22.66072764443677, "n_estimators": 24.902561942128994}, "datetime": {"datetime": "2021-09-24 12:13:23", "elapsed": 125.486671, "delta": 1.072998}}
{"target": -3.260978290644606, "params": {"eta": 0.005437531617568006, "max_depth": 1.1795973164417726, "n_estimators": 17.50820573909999}, "datetime": {"datetime": "2021-09-24 12:13:23", "elapsed": 126.401459, "delta": 0.914788}}
{"target": 0.3858700210829914, "params": {"eta": 0.2765248475176931, "max_depth": 13.7252479790136, "n_estimators": 37.79246490967454}, "datetime": {"datetime": "2021-09-24 12:13:25", "elapsed": 127.798892, "delta": 1.397433}}
{"target": 0.30669519807397383, "params": {"eta": 0.0802904331379874, "max_depth": 14.45797094407054, "n_estimators": 39.056707791867964}, "datetime": {"datetime": "2021-09-24 12:13:27", "elapsed": 129.54975, "delta": 1.750858}}
{"target": -3.1961124152149054, "params": {"eta": 0.00290342512423153, "max_depth": 14.284704947342012, "n_estimators": 36.485751722668425}, "datetime": {"datetime": "2021-09-24 12:13:28", "elapsed": 130.731494, "delta": 1.181744}}
{"target": 0.1556477758126089, "params": {"eta": 0.8528710576385016, "max_depth": 14.378150943498797, "n_estimators": 38.484829422589314}, "datetime": {"datetime": "2021-09-24 12:13:29", "elapsed": 131.62549, "delta": 0.893996}}
{"target": 0.26360197056560686, "params": {"eta": 0.48667349251119296, "max_depth": 12.452862692223759, "n_estimators": 37.628392074607724}, "datetime": {"datetime": "2021-09-24 12:13:31", "elapsed": 133.511277, "delta": 1.885787}}
{"target": -0.03493784305697667, "params": {"eta": 1.0, "max_depth": 26.886434207659075, "n_estimators": 13.323519387625458}, "datetime": {"datetime": "2021-09-24 12:13:32", "elapsed": 134.571252, "delta": 1.059975}}
{"target": -0.05359593031249621, "params": {"eta": 1.0, "max_depth": 11.904403029752325, "n_estimators": 36.45631357052427}, "datetime": {"datetime": "2021-09-24 12:13:33", "elapsed": 135.64887, "delta": 1.077618}}
{"target": -0.030164517888827458, "params": {"eta": 0.9799301476161658, "max_depth": 16.376855910828972, "n_estimators": 37.85484533201922}, "datetime": {"datetime": "2021-09-24 12:13:34", "elapsed": 136.600221, "delta": 0.951351}}
{"target": 0.16659654115251799, "params": {"eta": 0.43917526828526393, "max_depth": 23.368346218502115, "n_estimators": 11.091107666749338}, "datetime": {"datetime": "2021-09-24 12:13:35", "elapsed": 137.713852, "delta": 1.113631}}
{"target": -1.9308608437663115, "params": {"eta": 0.0219321878034715, "max_depth": 17.699600363603224, "n_estimators": 15.057288026858718}, "datetime": {"datetime": "2021-09-24 12:13:36", "elapsed": 138.9834, "delta": 1.269548}}
{"target": -0.03384362514494965, "params": {"eta": 1.0, "max_depth": 13.171393772557645, "n_estimators": 33.45168210862512}, "datetime": {"datetime": "2021-09-24 12:13:38", "elapsed": 140.52201, "delta": 1.53861}}
{"target": -0.03494916136342052, "params": {"eta": 1.0, "max_depth": 23.304389856779526, "n_estimators": 12.356512258362397}, "datetime": {"datetime": "2021-09-24 12:13:39", "elapsed": 141.788147, "delta": 1.266137}}
{"target": 0.32019878667610424, "params": {"eta": 0.300063486119839, "max_depth": 20.12665098824112, "n_estimators": 18.070790788912436}, "datetime": {"datetime": "2021-09-24 12:13:40", "elapsed": 142.682147, "delta": 0.894}}
{"target": -0.2507414598535429, "params": {"eta": 1.0, "max_depth": 8.771059830562677, "n_estimators": 13.930094439861595}, "datetime": {"datetime": "2021-09-24 12:13:41", "elapsed": 143.787018, "delta": 1.104871}}
{"target": -0.6659567709776317, "params": {"eta": 0.04594613622513984, "max_depth": 21.43734791195964, "n_estimators": 16.31832681165649}, "datetime": {"datetime": "2021-09-24 12:13:42", "elapsed": 144.724806, "delta": 0.937788}}
{"target": 0.2659416030536673, "params": {"eta": 0.1643927298612178, "max_depth": 22.478284038365313, "n_estimators": 14.487395175743888}, "datetime": {"datetime": "2021-09-24 12:13:43", "elapsed": 145.671584, "delta": 0.946778}}
{"target": -0.08124265370077954, "params": {"eta": 1.0, "max_depth": 12.727786240374206, "n_estimators": 16.52064376187045}, "datetime": {"datetime": "2021-09-24 12:13:44", "elapsed": 147.105027, "delta": 1.433443}}
{"target": 0.14860658700827856, "params": {"eta": 0.9455811276964319, "max_depth": 23.2770796657544, "n_estimators": 15.302476535086381}, "datetime": {"datetime": "2021-09-24 12:13:45", "elapsed": 148.413616, "delta": 1.308589}}
{"target": -3.907333440817986, "params": {"eta": 0.001, "max_depth": 7.548764519614235, "n_estimators": 12.354918399723253}, "datetime": {"datetime": "2021-09-24 12:13:47", "elapsed": 149.614824, "delta": 1.201208}}
{"target": -3.7502338094320367, "params": {"eta": 0.001, "max_depth": 16.029128322491726, "n_estimators": 31.18573600766573}, "datetime": {"datetime": "2021-09-24 12:13:48", "elapsed": 150.725933, "delta": 1.111109}}
{"target": -3.857321556035793, "params": {"eta": 0.001, "max_depth": 19.187213840343748, "n_estimators": 18.84846340212607}, "datetime": {"datetime": "2021-09-24 12:13:49", "elapsed": 152.005731, "delta": 1.279798}}
{"target": 0.4056317647905948, "params": {"eta": 0.8627391092621127, "max_depth": 1.6601622983252402, "n_estimators": 24.81212256411458}, "datetime": {"datetime": "2021-09-24 12:13:50", "elapsed": 153.126734, "delta": 1.121003}}
{"target": -3.054262921016135, "params": {"eta": 0.009599809881348665, "max_depth": 22.425831271415625, "n_estimators": 13.366469739832334}, "datetime": {"datetime": "2021-09-24 12:13:51", "elapsed": 154.270428, "delta": 1.143694}}
{"target": 0.22847725635005323, "params": {"eta": 0.06452310926458935, "max_depth": 1.2345953319374576, "n_estimators": 24.95498589136309}, "datetime": {"datetime": "2021-09-24 12:13:53", "elapsed": 155.530402, "delta": 1.259974}}
{"target": -0.043361915471493706, "params": {"eta": 0.980894409453321, "max_depth": 17.299051786654882, "n_estimators": 13.786048404498962}, "datetime": {"datetime": "2021-09-24 12:13:53", "elapsed": 156.18621, "delta": 0.655808}}
{"target": 0.2053532167122989, "params": {"eta": 0.6720965110379438, "max_depth": 21.37898131764684, "n_estimators": 14.558107203877627}, "datetime": {"datetime": "2021-09-24 12:13:55", "elapsed": 157.627507, "delta": 1.441297}}
{"target": 0.4466808343413017, "params": {"eta": 0.3309037485684906, "max_depth": 1.387578788063355, "n_estimators": 23.786193602548856}, "datetime": {"datetime": "2021-09-24 12:13:56", "elapsed": 158.699619, "delta": 1.072112}}
{"target": -3.409225533854644, "params": {"eta": 0.014870964959826365, "max_depth": 22.63277156262887, "n_estimators": 5.256211689861613}, "datetime": {"datetime": "2021-09-24 12:13:56", "elapsed": 159.325598, "delta": 0.625979}}
{"target": -0.07272604895857593, "params": {"eta": 0.9720003266108214, "max_depth": 17.93719531212415, "n_estimators": 19.73256828049038}, "datetime": {"datetime": "2021-09-24 12:13:58", "elapsed": 160.737915, "delta": 1.412317}}
{"target": -0.034945433310863416, "params": {"eta": 1.0, "max_depth": 22.220458750905603, "n_estimators": 25.061825127477476}, "datetime": {"datetime": "2021-09-24 12:13:59", "elapsed": 161.964962, "delta": 1.227047}}
{"target": -3.8406639213718234, "params": {"eta": 0.001, "max_depth": 17.57448840375303, "n_estimators": 20.197560839274164}, "datetime": {"datetime": "2021-09-24 12:14:00", "elapsed": 163.141961, "delta": 1.176999}}
{"target": 0.3525767920261905, "params": {"eta": 0.107031948047804, "max_depth": 17.798835460054132, "n_estimators": 32.319828248649756}, "datetime": {"datetime": "2021-09-24 12:14:02", "elapsed": 164.731047, "delta": 1.589086}}
{"target": 0.1879884266315195, "params": {"eta": 0.89519376356876, "max_depth": 2.124489060950008, "n_estimators": 26.322944765454558}, "datetime": {"datetime": "2021-09-24 12:14:03", "elapsed": 166.03052, "delta": 1.299473}}
{"target": 0.1149459486466573, "params": {"eta": 0.9466703819111714, "max_depth": 17.588678635124317, "n_estimators": 18.474136903092887}, "datetime": {"datetime": "2021-09-24 12:14:04", "elapsed": 167.437124, "delta": 1.406604}}
{"target": 0.18127028754294328, "params": {"eta": 0.7113005007706867, "max_depth": 19.128428670110342, "n_estimators": 20.209168387321366}, "datetime": {"datetime": "2021-09-24 12:14:06", "elapsed": 168.780807, "delta": 1.343683}}
{"target": 0.08329299406916801, "params": {"eta": 0.32896703355706763, "max_depth": 13.12349386376835, "n_estimators": 4.486006030326448}, "datetime": {"datetime": "2021-09-24 12:14:07", "elapsed": 169.514118, "delta": 0.733311}}
