{"target": 0.2912709241918553, "params": {"eta": 0.5287889457803474, "max_depth": 2.1703597499940575, "n_estimators": 71.04311246778826}, "datetime": {"datetime": "2021-09-24 13:46:20", "elapsed": 413.683529, "delta": 1.474442}}
{"target": 0.4460090376155913, "params": {"eta": 0.08, "max_depth": 1.8343581896634473, "n_estimators": 82.13763232240792}, "datetime": {"datetime": "2021-09-24 13:46:21", "elapsed": 415.389608, "delta": 1.706079}}
{"target": 0.4035857272052379, "params": {"eta": 0.46694667793363, "max_depth": 1.5109714499889206, "n_estimators": 81.93673800464151}, "datetime": {"datetime": "2021-09-24 13:46:23", "elapsed": 417.323841, "delta": 1.934233}}
{"target": 0.4487866974115339, "params": {"eta": 0.09440160466658412, "max_depth": 1.5707276562395076, "n_estimators": 71.208196510512}, "datetime": {"datetime": "2021-09-24 13:46:26", "elapsed": 419.673805, "delta": 2.349964}}
{"target": 0.4149963100853291, "params": {"eta": 0.5249866689821473, "max_depth": 1.0815826790522756, "n_estimators": 57.78602122614912}, "datetime": {"datetime": "2021-09-24 13:46:28", "elapsed": 421.973195, "delta": 2.29939}}
{"target": 0.44767139414685975, "params": {"eta": 0.12095761397079371, "max_depth": 1.7678089050430246, "n_estimators": 57.88609202603806}, "datetime": {"datetime": "2021-09-24 13:46:29", "elapsed": 423.28158, "delta": 1.308385}}
{"target": 0.442137980253534, "params": {"eta": 0.08, "max_depth": 1.561333472678237, "n_estimators": 57.301880330507}, "datetime": {"datetime": "2021-09-24 13:46:31", "elapsed": 425.007072, "delta": 1.725492}}
{"target": 0.44876135546201545, "params": {"eta": 0.11414403205445972, "max_depth": 1.8023786069102326, "n_estimators": 71.71527064222599}, "datetime": {"datetime": "2021-09-24 13:46:33", "elapsed": 427.247639, "delta": 2.240567}}
{"target": 0.45021773797174525, "params": {"eta": 0.16959531763005792, "max_depth": 1.1084104498089191, "n_estimators": 71.59754206905677}, "datetime": {"datetime": "2021-09-24 13:46:35", "elapsed": 428.84973, "delta": 1.602091}}
{"target": 0.3682147184254567, "params": {"eta": 0.18024415137876781, "max_depth": 2.431891673527274, "n_estimators": 116.77186090358994}, "datetime": {"datetime": "2021-09-24 13:46:36", "elapsed": 430.097014, "delta": 1.247284}}
{"target": 0.40109292781719874, "params": {"eta": 0.5280506225197885, "max_depth": 1.4814854986786854, "n_estimators": 71.71008521753191}, "datetime": {"datetime": "2021-09-24 13:46:38", "elapsed": 431.799272, "delta": 1.702258}}
{"target": 0.4589315258037354, "params": {"eta": 0.08, "max_depth": 2.332252264090849, "n_estimators": 67.26449638780674}, "datetime": {"datetime": "2021-09-24 13:46:40", "elapsed": 433.80338, "delta": 2.004108}}
{"target": 0.4457416208368402, "params": {"eta": 0.08, "max_depth": 1.0185921836026735, "n_estimators": 71.11272110063591}, "datetime": {"datetime": "2021-09-24 13:46:42", "elapsed": 436.045166, "delta": 2.241786}}
{"target": 0.250230159851598, "params": {"eta": 0.5444913263915442, "max_depth": 2.3886156715399096, "n_estimators": 67.11652816080743}, "datetime": {"datetime": "2021-09-24 13:46:44", "elapsed": 438.009679, "delta": 1.964513}}
{"target": 0.4523053064265772, "params": {"eta": 0.17905935400112666, "max_depth": 1.792649407376141, "n_estimators": 61.31551751852099}, "datetime": {"datetime": "2021-09-24 13:46:45", "elapsed": 439.351142, "delta": 1.341463}}
{"target": 0.39684809341499816, "params": {"eta": 0.5543208082259745, "max_depth": 1.0773787562641117, "n_estimators": 71.05792943274248}, "datetime": {"datetime": "2021-09-24 13:46:48", "elapsed": 442.213829, "delta": 2.862687}}
{"target": 0.4334672313401794, "params": {"eta": 0.08, "max_depth": 1.002457750419215, "n_estimators": 50.784301051464396}, "datetime": {"datetime": "2021-09-24 13:46:50", "elapsed": 444.208748, "delta": 1.994919}}
{"target": 0.21381271120054124, "params": {"eta": 0.5638559450984852, "max_depth": 2.8583202509456704, "n_estimators": 139.03522880790877}, "datetime": {"datetime": "2021-09-24 13:46:52", "elapsed": 445.823756, "delta": 1.615008}}
{"target": 0.44718196492997075, "params": {"eta": 0.08, "max_depth": 1.0, "n_estimators": 88.85526531066982}, "datetime": {"datetime": "2021-09-24 13:46:54", "elapsed": 448.288416, "delta": 2.46466}}
{"target": 0.35562394386732843, "params": {"eta": 0.16494868237484137, "max_depth": 2.454148766176115, "n_estimators": 135.69911492541576}, "datetime": {"datetime": "2021-09-24 13:46:57", "elapsed": 450.904001, "delta": 2.615585}}
{"target": 0.4559112740084351, "params": {"eta": 0.11124263929643396, "max_depth": 2.383932018171775, "n_estimators": 67.70255886722944}, "datetime": {"datetime": "2021-09-24 13:46:59", "elapsed": 453.217932, "delta": 2.313931}}
{"target": 0.33863806841341104, "params": {"eta": 0.41559282760474636, "max_depth": 2.7917303250664056, "n_estimators": 74.68135771587676}, "datetime": {"datetime": "2021-09-24 13:47:01", "elapsed": 454.675095, "delta": 1.457163}}
{"target": 0.4589315258037354, "params": {"eta": 0.08, "max_depth": 2.8716584952907818, "n_estimators": 67.79764756161276}, "datetime": {"datetime": "2021-09-24 13:47:03", "elapsed": 457.34004, "delta": 2.664945}}
{"target": 0.4365757605281625, "params": {"eta": 0.276142682678061, "max_depth": 1.6611926761389957, "n_estimators": 133.32169386611753}, "datetime": {"datetime": "2021-09-24 13:47:05", "elapsed": 458.763866, "delta": 1.423826}}
{"target": 0.4131654305522151, "params": {"eta": 0.1997565720675338, "max_depth": 2.526735609079962, "n_estimators": 68.25213500913814}, "datetime": {"datetime": "2021-09-24 13:47:08", "elapsed": 461.610198, "delta": 2.846332}}
{"target": 0.44755435086993256, "params": {"eta": 0.08, "max_depth": 1.153452536174279, "n_estimators": 92.86188988067768}, "datetime": {"datetime": "2021-09-24 13:47:10", "elapsed": 463.749221, "delta": 2.139023}}
{"target": 0.4537803752929589, "params": {"eta": 0.08, "max_depth": 2.211268095570259, "n_estimators": 111.79273588879944}, "datetime": {"datetime": "2021-09-24 13:47:12", "elapsed": 465.89236, "delta": 2.143139}}
{"target": 0.40146879288332993, "params": {"eta": 0.14101500546703263, "max_depth": 2.064992058422318, "n_estimators": 112.2586692233711}, "datetime": {"datetime": "2021-09-24 13:47:15", "elapsed": 468.773749, "delta": 2.881389}}
{"target": 0.45772571805558837, "params": {"eta": 0.16513937141142665, "max_depth": 1.2034638394979018, "n_estimators": 109.8564041216795}, "datetime": {"datetime": "2021-09-24 13:47:16", "elapsed": 470.214496, "delta": 1.440747}}
{"target": 0.4399055579768625, "params": {"eta": 0.31878810828058485, "max_depth": 1.0449614716308713, "n_estimators": 110.27861296624224}, "datetime": {"datetime": "2021-09-24 13:47:19", "elapsed": 473.278362, "delta": 3.063866}}
{"target": 0.3603177409735664, "params": {"eta": 0.5902271312977866, "max_depth": 1.2024851149923914, "n_estimators": 109.57975481346557}, "datetime": {"datetime": "2021-09-24 13:47:22", "elapsed": 476.438305, "delta": 3.159943}}
{"target": 0.448541117532279, "params": {"eta": 0.08, "max_depth": 1.5106364163881085, "n_estimators": 98.38252337320124}, "datetime": {"datetime": "2021-09-24 13:47:25", "elapsed": 479.055393, "delta": 2.617088}}
{"target": 0.36805513857108973, "params": {"eta": 0.19960857023455314, "max_depth": 2.650988664690437, "n_estimators": 111.66476626738384}, "datetime": {"datetime": "2021-09-24 13:47:28", "elapsed": 481.621343, "delta": 2.56595}}
{"target": 0.43934839534291836, "params": {"eta": 0.11247931514794555, "max_depth": 2.063868454282023, "n_estimators": 98.22542818797172}, "datetime": {"datetime": "2021-09-24 13:47:32", "elapsed": 485.78351, "delta": 4.162167}}
{"target": 0.4589315258037354, "params": {"eta": 0.08, "max_depth": 2.7601970760882626, "n_estimators": 67.43181019334033}, "datetime": {"datetime": "2021-09-24 13:47:35", "elapsed": 488.652867, "delta": 2.869357}}
{"target": 0.374557824078924, "params": {"eta": 0.5831429979320822, "max_depth": 1.1803052997197023, "n_estimators": 92.69358044810386}, "datetime": {"datetime": "2021-09-24 13:47:38", "elapsed": 491.833036, "delta": 3.180169}}
{"target": 0.4494567453522761, "params": {"eta": 0.08, "max_depth": 1.4809961161565055, "n_estimators": 110.17241736129006}, "datetime": {"datetime": "2021-09-24 13:47:41", "elapsed": 495.078575, "delta": 3.245539}}
{"target": 0.3633258678820973, "params": {"eta": 0.5904690351293587, "max_depth": 1.0, "n_estimators": 88.92129040305088}, "datetime": {"datetime": "2021-09-24 13:47:44", "elapsed": 497.883622, "delta": 2.805047}}
{"target": 0.31775692781337395, "params": {"eta": 0.21962784064013163, "max_depth": 2.1121265052367217, "n_estimators": 131.55273900423987}, "datetime": {"datetime": "2021-09-24 13:47:46", "elapsed": 499.632822, "delta": 1.7492}}
{"target": 0.4431214463286459, "params": {"eta": 0.2481643326930003, "max_depth": 1.614399652705383, "n_estimators": 117.96951627821228}, "datetime": {"datetime": "2021-09-24 13:47:48", "elapsed": 501.91698, "delta": 2.284158}}
{"target": 0.3975600595916624, "params": {"eta": 0.17335067123261969, "max_depth": 2.6683112165057836, "n_estimators": 89.05473234626093}, "datetime": {"datetime": "2021-09-24 13:47:49", "elapsed": 503.406638, "delta": 1.489658}}
{"target": 0.4545062017767666, "params": {"eta": 0.10621179430426345, "max_depth": 1.6570363707925333, "n_estimators": 83.87530522030714}, "datetime": {"datetime": "2021-09-24 13:47:52", "elapsed": 505.743169, "delta": 2.336531}}
{"target": 0.45651832927671876, "params": {"eta": 0.15407593529310942, "max_depth": 1.1712700428064107, "n_estimators": 84.00410398994613}, "datetime": {"datetime": "2021-09-24 13:47:54", "elapsed": 508.456851, "delta": 2.713682}}
{"target": 0.3842241850565954, "params": {"eta": 0.536776594504871, "max_depth": 1.4238416045603899, "n_estimators": 83.84625974539173}, "datetime": {"datetime": "2021-09-24 13:47:57", "elapsed": 510.97935, "delta": 2.522499}}
{"target": 0.44599722731785063, "params": {"eta": 0.08, "max_depth": 1.479483655810848, "n_estimators": 84.36280242005031}, "datetime": {"datetime": "2021-09-24 13:47:59", "elapsed": 513.403645, "delta": 2.424295}}
{"target": 0.46016533543352145, "params": {"eta": 0.08, "max_depth": 2.020685318307978, "n_estimators": 84.24810208705001}, "datetime": {"datetime": "2021-09-24 13:48:02", "elapsed": 515.470056, "delta": 2.066411}}
{"target": 0.45090187087644584, "params": {"eta": 0.08944368285160416, "max_depth": 1.8806935057024585, "n_estimators": 108.20026652578505}, "datetime": {"datetime": "2021-09-24 13:48:03", "elapsed": 517.108512, "delta": 1.638456}}
{"target": 0.4562218027047501, "params": {"eta": 0.1860807035558204, "max_depth": 1.9951186344605827, "n_estimators": 62.668840625876555}, "datetime": {"datetime": "2021-09-24 13:48:05", "elapsed": 518.763066, "delta": 1.654554}}
{"target": 0.44599722731785063, "params": {"eta": 0.08, "max_depth": 1.9732861522772922, "n_estimators": 84.7203153094482}, "datetime": {"datetime": "2021-09-24 13:48:07", "elapsed": 521.256587, "delta": 2.493521}}
{"target": 0.42969169357398973, "params": {"eta": 0.1280189422944708, "max_depth": 2.2601763195980373, "n_estimators": 62.9528617615828}, "datetime": {"datetime": "2021-09-24 13:48:10", "elapsed": 523.695743, "delta": 2.439156}}
{"target": 0.2866474323662356, "params": {"eta": 0.48654521831540076, "max_depth": 2.234250700675082, "n_estimators": 84.45789763308306}, "datetime": {"datetime": "2021-09-24 13:48:12", "elapsed": 526.225037, "delta": 2.529294}}
{"target": 0.40005233226707004, "params": {"eta": 0.15801428800918776, "max_depth": 2.3086402694260695, "n_estimators": 108.48279669183597}, "datetime": {"datetime": "2021-09-24 13:48:15", "elapsed": 528.697706, "delta": 2.472669}}
{"target": 0.45796563427640113, "params": {"eta": 0.15357521019937553, "max_depth": 1.3834753158655089, "n_estimators": 108.07996113208421}, "datetime": {"datetime": "2021-09-24 13:48:17", "elapsed": 531.23256, "delta": 2.534854}}
{"target": 0.38534723350989375, "params": {"eta": 0.49790911647811886, "max_depth": 1.620843924736264, "n_estimators": 108.40669620775795}, "datetime": {"datetime": "2021-09-24 13:48:19", "elapsed": 533.231822, "delta": 1.999262}}
{"target": 0.45614473638227404, "params": {"eta": 0.16194189408079226, "max_depth": 1.6109598248859958, "n_estimators": 107.77692675416469}, "datetime": {"datetime": "2021-09-24 13:48:22", "elapsed": 535.825677, "delta": 2.593855}}
{"target": 0.2465118638690137, "params": {"eta": 0.4541925794471759, "max_depth": 2.5325099252101557, "n_estimators": 64.21917947562244}, "datetime": {"datetime": "2021-09-24 13:48:23", "elapsed": 537.310224, "delta": 1.484547}}
{"target": 0.4558296303773851, "params": {"eta": 0.20469902422772907, "max_depth": 1.1857457527217021, "n_estimators": 107.63558625934317}, "datetime": {"datetime": "2021-09-24 13:48:26", "elapsed": 539.583785, "delta": 2.273561}}
{"target": 0.37337202952272763, "params": {"eta": 0.5124448686405121, "max_depth": 1.0, "n_estimators": 107.93487283250376}, "datetime": {"datetime": "2021-09-24 13:48:28", "elapsed": 542.107808, "delta": 2.524023}}
{"target": 0.4575550218934399, "params": {"eta": 0.19082040826541907, "max_depth": 1.734334164490973, "n_estimators": 136.3981552862349}, "datetime": {"datetime": "2021-09-24 13:48:30", "elapsed": 543.582258, "delta": 1.47445}}
{"target": 0.45780631642235226, "params": {"eta": 0.08978666087665264, "max_depth": 1.247654176618125, "n_estimators": 136.61708265038527}, "datetime": {"datetime": "2021-09-24 13:48:32", "elapsed": 545.741816, "delta": 2.159558}}
{"target": 0.36928340583551145, "params": {"eta": 0.48333652473184996, "max_depth": 1.0666231438359877, "n_estimators": 136.3098400562891}, "datetime": {"datetime": "2021-09-24 13:48:34", "elapsed": 548.292855, "delta": 2.551039}}
{"target": 0.4120860168351721, "params": {"eta": 0.11083581753430094, "max_depth": 2.9068966612616016, "n_estimators": 146.08017518732478}, "datetime": {"datetime": "2021-09-24 13:48:36", "elapsed": 550.361214, "delta": 2.068359}}
{"target": 0.4508152680291657, "params": {"eta": 0.10101143278766322, "max_depth": 1.5837277055651893, "n_estimators": 84.96903337055181}, "datetime": {"datetime": "2021-09-24 13:48:40", "elapsed": 553.809255, "delta": 3.448041}}
{"target": 0.45267068743093086, "params": {"eta": 0.1295118402958793, "max_depth": 1.0158289879682658, "n_estimators": 84.85098015043049}, "datetime": {"datetime": "2021-09-24 13:48:43", "elapsed": 557.421253, "delta": 3.611998}}
{"target": 0.4571814983230249, "params": {"eta": 0.11169151451834465, "max_depth": 1.210754064290917, "n_estimators": 85.35211826710416}, "datetime": {"datetime": "2021-09-24 13:48:46", "elapsed": 560.379909, "delta": 2.958656}}
{"target": 0.4510809135445245, "params": {"eta": 0.18449614857403634, "max_depth": 1.845694248048639, "n_estimators": 143.02115001397726}, "datetime": {"datetime": "2021-09-24 13:48:48", "elapsed": 562.185912, "delta": 1.806003}}
{"target": 0.39870735465510854, "params": {"eta": 0.49129995105259955, "max_depth": 1.2351406975993473, "n_estimators": 84.99295000236143}, "datetime": {"datetime": "2021-09-24 13:48:52", "elapsed": 566.447965, "delta": 4.262053}}
{"target": 0.4234211914752052, "params": {"eta": 0.16622268359732656, "max_depth": 2.705160533950327, "n_estimators": 63.625749601903436}, "datetime": {"datetime": "2021-09-24 13:48:54", "elapsed": 568.33257, "delta": 1.884605}}
{"target": 0.4560239743949943, "params": {"eta": 0.12046138757572611, "max_depth": 1.0920000807297792, "n_estimators": 107.18712576051786}, "datetime": {"datetime": "2021-09-24 13:48:57", "elapsed": 571.016585, "delta": 2.684015}}
{"target": 0.4512299479566545, "params": {"eta": 0.10158956000012372, "max_depth": 1.7390970405467425, "n_estimators": 85.44067843585354}, "datetime": {"datetime": "2021-09-24 13:49:00", "elapsed": 574.412049, "delta": 3.395464}}
{"target": -1.71424453714266, "params": {"eta": 0.2968514424453385, "max_depth": 3.1609734803264744, "n_estimators": 1.0113231069171438}, "datetime": {"datetime": "2021-09-24 13:49:58", "elapsed": 0.0, "delta": 0.0}}
{"target": 0.39062015530172833, "params": {"eta": 0.23721293776855668, "max_depth": 1.440267672451339, "n_estimators": 10.141520882110981}, "datetime": {"datetime": "2021-09-24 13:49:58", "elapsed": 0.04, "delta": 0.04}}
{"target": 0.44428693654450446, "params": {"eta": 0.17685530991638887, "max_depth": 2.036682181129143, "n_estimators": 40.27997994883632}, "datetime": {"datetime": "2021-09-24 13:49:58", "elapsed": 0.121997, "delta": 0.081997}}
{"target": 0.3320625762096654, "params": {"eta": 0.36018470168174566, "max_depth": 2.2575835432098845, "n_estimators": 68.83673053927919}, "datetime": {"datetime": "2021-09-24 13:49:58", "elapsed": 0.241, "delta": 0.119003}}
{"target": -0.8328457196029833, "params": {"eta": 0.18631516986038907, "max_depth": 3.6343523091728365, "n_estimators": 3.71137172659469}, "datetime": {"datetime": "2021-09-24 13:49:58", "elapsed": 0.259998, "delta": 0.018998}}
{"target": 0.3100160235263584, "params": {"eta": 0.43419130422318536, "max_depth": 2.3543347658025597, "n_estimators": 44.685740693215536}, "datetime": {"datetime": "2021-09-24 13:49:59", "elapsed": 0.744604, "delta": 0.484606}}
{"target": 0.03514762211868716, "params": {"eta": 0.08, "max_depth": 4.0, "n_estimators": 15.798830854583242}, "datetime": {"datetime": "2021-09-24 13:49:59", "elapsed": 1.192753, "delta": 0.448149}}
{"target": 0.21631716950058832, "params": {"eta": 0.6, "max_depth": 4.0, "n_estimators": 34.14374080211041}, "datetime": {"datetime": "2021-09-24 13:49:59", "elapsed": 1.648749, "delta": 0.455996}}
{"target": 0.31857915627142375, "params": {"eta": 0.36647027801842696, "max_depth": 2.26974239331031, "n_estimators": 61.79590421057971}, "datetime": {"datetime": "2021-09-24 13:50:00", "elapsed": 2.022752, "delta": 0.374003}}
{"target": 0.43636375055359267, "params": {"eta": 0.08, "max_depth": 1.0, "n_estimators": 53.8275803667896}, "datetime": {"datetime": "2021-09-24 13:50:00", "elapsed": 2.423752, "delta": 0.401}}
{"target": 0.27729001712540546, "params": {"eta": 0.5444595333875137, "max_depth": 3.842310137354427, "n_estimators": 76.86270140959944}, "datetime": {"datetime": "2021-09-24 13:50:01", "elapsed": 2.784166, "delta": 0.360414}}
{"target": 0.44599722731785063, "params": {"eta": 0.08, "max_depth": 1.0, "n_estimators": 84.80472036708844}, "datetime": {"datetime": "2021-09-24 13:50:01", "elapsed": 3.107169, "delta": 0.323003}}
{"target": 0.19835802264418478, "params": {"eta": 0.6, "max_depth": 4.0, "n_estimators": 90.80382552517003}, "datetime": {"datetime": "2021-09-24 13:50:01", "elapsed": 3.652995, "delta": 0.545826}}
{"target": 0.4493651391956557, "params": {"eta": 0.08, "max_depth": 1.0, "n_estimators": 100.0}, "datetime": {"datetime": "2021-09-24 13:50:02", "elapsed": 3.995994, "delta": 0.342999}}
{"target": 0.3536588484047284, "params": {"eta": 0.08, "max_depth": 1.0, "n_estimators": 26.230108368057312}, "datetime": {"datetime": "2021-09-24 13:50:02", "elapsed": 4.291998, "delta": 0.296004}}
{"target": 0.3351201362382581, "params": {"eta": 0.21886679487178562, "max_depth": 3.891818511728124, "n_estimators": 50.08541975748187}, "datetime": {"datetime": "2021-09-24 13:50:02", "elapsed": 4.629997, "delta": 0.337999}}
{"target": 0.20189965639372076, "params": {"eta": 0.6, "max_depth": 4.0, "n_estimators": 56.88656680974742}, "datetime": {"datetime": "2021-09-24 13:50:03", "elapsed": 5.009637, "delta": 0.37964}}
{"target": 0.3215467827485128, "params": {"eta": 0.1784198531601059, "max_depth": 3.9868451930255464, "n_estimators": 96.79774832690516}, "datetime": {"datetime": "2021-09-24 13:50:03", "elapsed": 5.437989, "delta": 0.428352}}
{"target": 0.17196543714688117, "params": {"eta": 0.5995568059917403, "max_depth": 3.9349476051629204, "n_estimators": 82.63991187142446}, "datetime": {"datetime": "2021-09-24 13:50:04", "elapsed": 5.944994, "delta": 0.507005}}
{"target": 0.3871774501537034, "params": {"eta": 0.6, "max_depth": 1.0, "n_estimators": 21.100495869762707}, "datetime": {"datetime": "2021-09-24 13:50:04", "elapsed": 6.337303, "delta": 0.392309}}
{"target": 0.22941401416138785, "params": {"eta": 0.6, "max_depth": 4.0, "n_estimators": 23.897403651866508}, "datetime": {"datetime": "2021-09-24 13:50:04", "elapsed": 6.629297, "delta": 0.291994}}
{"target": 0.37779032002075197, "params": {"eta": 0.5970151538142814, "max_depth": 1.0014699359792916, "n_estimators": 73.81014615556478}, "datetime": {"datetime": "2021-09-24 13:50:05", "elapsed": 6.98782, "delta": 0.358523}}
{"target": 0.4469839572016331, "params": {"eta": 0.08, "max_depth": 1.0, "n_estimators": 94.16348125346221}, "datetime": {"datetime": "2021-09-24 13:50:05", "elapsed": 7.563142, "delta": 0.575322}}
{"target": 0.4450224164210881, "params": {"eta": 0.08, "max_depth": 1.0, "n_estimators": 79.57590450507668}, "datetime": {"datetime": "2021-09-24 13:50:06", "elapsed": 8.118143, "delta": 0.555001}}
{"target": 0.4524685254724433, "params": {"eta": 0.2099038884875431, "max_depth": 1.0310735495342436, "n_estimators": 36.00351680430086}, "datetime": {"datetime": "2021-09-24 13:50:06", "elapsed": 8.443143, "delta": 0.325}}
{"target": 0.39340786295681196, "params": {"eta": 0.6, "max_depth": 1.0, "n_estimators": 49.33364959836403}, "datetime": {"datetime": "2021-09-24 13:50:07", "elapsed": 8.778141, "delta": 0.334998}}
{"target": 0.44630163832371983, "params": {"eta": 0.08, "max_depth": 1.0, "n_estimators": 89.14793774234839}, "datetime": {"datetime": "2021-09-24 13:50:07", "elapsed": 9.293305, "delta": 0.515164}}
{"target": 0.43556241424421593, "params": {"eta": 0.48891713936762965, "max_depth": 1.0033828512808567, "n_estimators": 31.5974092280239}, "datetime": {"datetime": "2021-09-24 13:50:07", "elapsed": 9.671448, "delta": 0.378143}}
{"target": 0.44614611375780355, "params": {"eta": 0.08, "max_depth": 1.0, "n_estimators": 65.36582337473986}, "datetime": {"datetime": "2021-09-24 13:50:08", "elapsed": 10.157448, "delta": 0.486}}
