{"target": 0.25312116102317483, "params": {"eta": 0.5888599961491815, "max_depth": 2.672793035522439, "n_estimators": 56.570024507822765}, "datetime": {"datetime": "2021-09-24 13:55:16", "elapsed": 317.910111, "delta": 2.509518}}
{"target": 0.4488703873247287, "params": {"eta": 0.0810790226098804, "max_depth": 1.0231095446695715, "n_estimators": 91.09672641532612}, "datetime": {"datetime": "2021-09-24 13:55:18", "elapsed": 320.067146, "delta": 2.157035}}
{"target": 0.3645495255446718, "params": {"eta": 0.5982163352390774, "max_depth": 1.5354868974423783, "n_estimators": 79.9766294362545}, "datetime": {"datetime": "2021-09-24 13:55:21", "elapsed": 322.881211, "delta": 2.814065}}
{"target": 0.4015943055346104, "params": {"eta": 0.5888612749704367, "max_depth": 1.44013140059897, "n_estimators": 25.566233046891266}, "datetime": {"datetime": "2021-09-24 13:55:22", "elapsed": 324.696328, "delta": 1.815117}}
{"target": 0.39462699061344786, "params": {"eta": 0.6, "max_depth": 3.0045306834184418, "n_estimators": 5.882230332035386}, "datetime": {"datetime": "2021-09-24 13:55:25", "elapsed": 327.385341, "delta": 2.689013}}
{"target": 0.4004061903472462, "params": {"eta": 0.0820646745067778, "max_depth": 3.1571408323325834, "n_estimators": 33.3645866259877}, "datetime": {"datetime": "2021-09-24 13:55:27", "elapsed": 329.633413, "delta": 2.248072}}
{"target": 0.4198314034007885, "params": {"eta": 0.08, "max_depth": 1.588092976614004, "n_estimators": 41.32164116775687}, "datetime": {"datetime": "2021-09-24 13:55:29", "elapsed": 331.642414, "delta": 2.009001}}
{"target": 0.4516789355002985, "params": {"eta": 0.08897536905894424, "max_depth": 2.9012466622323334, "n_estimators": 62.792054012643554}, "datetime": {"datetime": "2021-09-24 13:55:32", "elapsed": 334.102701, "delta": 2.460287}}
{"target": 0.39720224316949715, "params": {"eta": 0.11777313918749056, "max_depth": 3.1945498950490467, "n_estimators": 23.01576926123707}, "datetime": {"datetime": "2021-09-24 13:55:34", "elapsed": 336.607276, "delta": 2.504575}}
{"target": 0.3989932688760799, "params": {"eta": 0.5524990139386722, "max_depth": 1.0235149141958317, "n_estimators": 74.81187887944635}, "datetime": {"datetime": "2021-09-24 13:55:37", "elapsed": 339.681787, "delta": 3.074511}}
{"target": 0.38971779324410905, "params": {"eta": 0.08494009972577087, "max_depth": 3.032210565675217, "n_estimators": 75.1919009154851}, "datetime": {"datetime": "2021-09-24 13:55:40", "elapsed": 341.977944, "delta": 2.296157}}
{"target": 0.34617560628262245, "params": {"eta": 0.6, "max_depth": 2.019421048030957, "n_estimators": 18.81224736490495}, "datetime": {"datetime": "2021-09-24 13:55:43", "elapsed": 344.911235, "delta": 2.933291}}
{"target": 0.41328966134898426, "params": {"eta": 0.6, "max_depth": 1.0, "n_estimators": 33.12156431708928}, "datetime": {"datetime": "2021-09-24 13:55:45", "elapsed": 347.026509, "delta": 2.115274}}
{"target": 0.4217298191844262, "params": {"eta": 0.09311410548846667, "max_depth": 2.946834091196312, "n_estimators": 27.06551074166484}, "datetime": {"datetime": "2021-09-24 13:55:47", "elapsed": 349.330977, "delta": 2.304468}}
{"target": 0.44838745049172535, "params": {"eta": 0.08, "max_depth": 1.0, "n_estimators": 99.21847515334161}, "datetime": {"datetime": "2021-09-24 13:55:50", "elapsed": 351.777359, "delta": 2.446382}}
{"target": 0.39206585032993446, "params": {"eta": 0.5899304443178867, "max_depth": 1.0950371745026903, "n_estimators": 53.041324336466346}, "datetime": {"datetime": "2021-09-24 13:55:52", "elapsed": 354.010958, "delta": 2.233599}}
{"target": -1.5052551257164013, "params": {"eta": 0.08, "max_depth": 4.0, "n_estimators": 5.755500950503029}, "datetime": {"datetime": "2021-09-24 13:55:54", "elapsed": 355.964971, "delta": 1.954013}}
{"target": 0.39901708294553995, "params": {"eta": 0.6, "max_depth": 3.0729818983026114, "n_estimators": 6.677613749752464}, "datetime": {"datetime": "2021-09-24 13:55:56", "elapsed": 358.028186, "delta": 2.063215}}
{"target": 0.2204353187296777, "params": {"eta": 0.5805208343149496, "max_depth": 2.75091897678033, "n_estimators": 90.48606453923261}, "datetime": {"datetime": "2021-09-24 13:55:59", "elapsed": 360.752726, "delta": 2.72454}}
{"target": 0.44853786472153445, "params": {"eta": 0.08676901513941093, "max_depth": 2.935848243436563, "n_estimators": 83.69331761412869}, "datetime": {"datetime": "2021-09-24 13:56:01", "elapsed": 363.290591, "delta": 2.537865}}
{"target": 0.36172546658971005, "params": {"eta": 0.08, "max_depth": 1.0, "n_estimators": 27.24182828316312}, "datetime": {"datetime": "2021-09-24 13:56:03", "elapsed": 365.52829, "delta": 2.237699}}
{"target": 0.36529159822000756, "params": {"eta": 0.5921779736717476, "max_depth": 1.4677826545604047, "n_estimators": 85.66871913030585}, "datetime": {"datetime": "2021-09-24 13:56:06", "elapsed": 368.685688, "delta": 3.157398}}
{"target": 0.3428561624832629, "params": {"eta": 0.08, "max_depth": 4.0, "n_estimators": 27.75118305447231}, "datetime": {"datetime": "2021-09-24 13:56:09", "elapsed": 370.848132, "delta": 2.162444}}
{"target": 0.2438771977630444, "params": {"eta": 0.5889307348283798, "max_depth": 3.166966866402197, "n_estimators": 21.443083161460052}, "datetime": {"datetime": "2021-09-24 13:56:12", "elapsed": 374.613403, "delta": 3.765271}}
{"target": 0.4471978605002306, "params": {"eta": 0.08, "max_depth": 1.7103601087058447, "n_estimators": 87.3536072556671}, "datetime": {"datetime": "2021-09-24 13:56:17", "elapsed": 378.898386, "delta": 4.284983}}
{"target": -0.09635346824227975, "params": {"eta": 0.08, "max_depth": 1.8579501697547374, "n_estimators": 13.903694874254455}, "datetime": {"datetime": "2021-09-24 13:56:19", "elapsed": 381.035149, "delta": 2.136763}}
{"target": 0.39049676283534196, "params": {"eta": 0.6, "max_depth": 1.0, "n_estimators": 57.10964072823278}, "datetime": {"datetime": "2021-09-24 13:56:21", "elapsed": 383.32521, "delta": 2.290061}}
{"target": 0.41736623446015186, "params": {"eta": 0.5646313572908689, "max_depth": 1.8071748718127845, "n_estimators": 30.92447235008489}, "datetime": {"datetime": "2021-09-24 13:56:24", "elapsed": 386.016084, "delta": 2.690874}}
{"target": 0.3928130304520031, "params": {"eta": 0.5904710352358249, "max_depth": 1.9108326425264728, "n_estimators": 22.994992076295393}, "datetime": {"datetime": "2021-09-24 13:56:26", "elapsed": 388.66507, "delta": 2.648986}}
{"target": 0.38504541961752803, "params": {"eta": 0.5875575094509067, "max_depth": 1.8318452775962246, "n_estimators": 48.14147167354399}, "datetime": {"datetime": "2021-09-24 13:56:29", "elapsed": 391.342077, "delta": 2.677007}}
{"target": 0.44061972424388474, "params": {"eta": 0.09294987817149235, "max_depth": 2.8889944760656316, "n_estimators": 45.83059039075286}, "datetime": {"datetime": "2021-09-24 13:56:33", "elapsed": 394.789717, "delta": 3.44764}}
{"target": 0.4228354109004273, "params": {"eta": 0.08837913939228093, "max_depth": 2.5659992580009394, "n_estimators": 29.072086928371267}, "datetime": {"datetime": "2021-09-24 13:56:35", "elapsed": 397.075038, "delta": 2.285321}}
{"target": 0.3856974252578995, "params": {"eta": 0.6, "max_depth": 2.0558090457327856, "n_estimators": 12.41899102535449}, "datetime": {"datetime": "2021-09-24 13:56:38", "elapsed": 399.825442, "delta": 2.750404}}
{"target": 0.44614611375780355, "params": {"eta": 0.08, "max_depth": 1.767072893723312, "n_estimators": 65.64884178027982}, "datetime": {"datetime": "2021-09-24 13:56:40", "elapsed": 402.181379, "delta": 2.355937}}
{"target": 0.38164402073838244, "params": {"eta": 0.08, "max_depth": 3.0415094905859568, "n_estimators": 30.571227927083513}, "datetime": {"datetime": "2021-09-24 13:56:42", "elapsed": 404.643969, "delta": 2.46259}}
{"target": 0.4048446314977504, "params": {"eta": 0.11073213917537056, "max_depth": 3.9330570373404936, "n_estimators": 73.25753341788763}, "datetime": {"datetime": "2021-09-24 13:56:45", "elapsed": 407.048776, "delta": 2.404807}}
{"target": 0.38150812182232996, "params": {"eta": 0.6, "max_depth": 1.711654358697015, "n_estimators": 17.050784040868855}, "datetime": {"datetime": "2021-09-24 13:56:47", "elapsed": 409.702201, "delta": 2.653425}}
{"target": 0.40432982461278066, "params": {"eta": 0.5955847783429559, "max_depth": 1.0346475993400461, "n_estimators": 30.06734291270951}, "datetime": {"datetime": "2021-09-24 13:56:50", "elapsed": 412.326702, "delta": 2.624501}}
{"target": 0.3148996201051395, "params": {"eta": 0.08, "max_depth": 1.5067464397102739, "n_estimators": 23.829378067533973}, "datetime": {"datetime": "2021-09-24 13:56:54", "elapsed": 415.848631, "delta": 3.521929}}
{"target": 0.2024432674320954, "params": {"eta": 0.6, "max_depth": 4.0, "n_estimators": 54.04057903103306}, "datetime": {"datetime": "2021-09-24 13:56:56", "elapsed": 417.894576, "delta": 2.045945}}
{"target": 0.4187251008249664, "params": {"eta": 0.08, "max_depth": 3.2050792766773295, "n_estimators": 52.73067071384573}, "datetime": {"datetime": "2021-09-24 13:56:58", "elapsed": 419.867363, "delta": 1.972787}}
{"target": 0.3429334324272063, "params": {"eta": 0.5890368209322303, "max_depth": 2.8780442358678524, "n_estimators": 24.021824192334066}, "datetime": {"datetime": "2021-09-24 13:57:01", "elapsed": 422.963361, "delta": 3.095998}}
{"target": 0.37391961126571693, "params": {"eta": 0.08, "max_depth": 1.0, "n_estimators": 28.452684818648276}, "datetime": {"datetime": "2021-09-24 13:57:03", "elapsed": 425.274515, "delta": 2.311154}}
{"target": 0.40269004780605966, "params": {"eta": 0.5951187119898362, "max_depth": 1.5533235137171482, "n_estimators": 37.50937531004617}, "datetime": {"datetime": "2021-09-24 13:57:05", "elapsed": 427.464225, "delta": 2.18971}}
{"target": 0.21292048888368442, "params": {"eta": 0.6, "max_depth": 2.278551899510102, "n_estimators": 83.44000393306678}, "datetime": {"datetime": "2021-09-24 13:57:07", "elapsed": 429.536003, "delta": 2.071778}}
{"target": 0.3988769741064726, "params": {"eta": 0.6, "max_depth": 1.7061509315441554, "n_estimators": 10.041305774380206}, "datetime": {"datetime": "2021-09-24 13:57:10", "elapsed": 431.949849, "delta": 2.413846}}
{"target": 0.29209955409401034, "params": {"eta": 0.5529854886119737, "max_depth": 3.9983540312032746, "n_estimators": 87.69147368694414}, "datetime": {"datetime": "2021-09-24 13:57:13", "elapsed": 435.58706, "delta": 3.637211}}
{"target": 0.20800866301689291, "params": {"eta": 0.6, "max_depth": 4.0, "n_estimators": 47.61627877462581}, "datetime": {"datetime": "2021-09-24 13:57:16", "elapsed": 438.446327, "delta": 2.859267}}
{"target": 0.44630163832371983, "params": {"eta": 0.08, "max_depth": 1.6140291159095759, "n_estimators": 89.60680304342164}, "datetime": {"datetime": "2021-09-24 13:57:19", "elapsed": 441.658122, "delta": 3.211795}}
{"target": 0.38091887860316576, "params": {"eta": 0.5707722128990564, "max_depth": 1.0140359556242053, "n_estimators": 70.41300321301419}, "datetime": {"datetime": "2021-09-24 13:57:22", "elapsed": 443.748888, "delta": 2.090766}}
{"target": 0.3817773563164121, "params": {"eta": 0.6, "max_depth": 1.471342976610633, "n_estimators": 15.16179935240507}, "datetime": {"datetime": "2021-09-24 13:57:25", "elapsed": 446.997994, "delta": 3.249106}}
{"target": 0.4627867370085429, "params": {"eta": 0.08409005112215129, "max_depth": 2.9762902698688127, "n_estimators": 72.71198677728094}, "datetime": {"datetime": "2021-09-24 13:57:27", "elapsed": 449.690063, "delta": 2.692069}}
{"target": 0.3981679790578344, "params": {"eta": 0.5967429620455171, "max_depth": 1.3159096078740147, "n_estimators": 7.588830282918259}, "datetime": {"datetime": "2021-09-24 13:57:31", "elapsed": 452.834125, "delta": 3.144062}}
{"target": 0.4425129231263476, "params": {"eta": 0.08, "max_depth": 1.5596898333735736, "n_estimators": 59.15672171998425}, "datetime": {"datetime": "2021-09-24 13:57:33", "elapsed": 455.325461, "delta": 2.491336}}
{"target": 0.30922459691812587, "params": {"eta": 0.6, "max_depth": 3.2763984091187472, "n_estimators": 14.201549508204057}, "datetime": {"datetime": "2021-09-24 13:57:35", "elapsed": 457.397072, "delta": 2.071611}}
{"target": 0.3044537398132314, "params": {"eta": 0.6, "max_depth": 2.7342065555259762, "n_estimators": 42.740924715069184}, "datetime": {"datetime": "2021-09-24 13:57:38", "elapsed": 460.372853, "delta": 2.975781}}
{"target": 0.45397050106850767, "params": {"eta": 0.16431563384572542, "max_depth": 1.096601272279978, "n_estimators": 83.98807499410024}, "datetime": {"datetime": "2021-09-24 13:57:41", "elapsed": 463.348597, "delta": 2.975744}}
{"target": 0.33006897578369876, "params": {"eta": 0.5724140390589256, "max_depth": 3.0677371289751214, "n_estimators": 25.65386068925769}, "datetime": {"datetime": "2021-09-24 13:57:44", "elapsed": 466.652741, "delta": 3.304144}}
{"target": 0.4431340655301701, "params": {"eta": 0.08693263430385458, "max_depth": 2.9936563208566156, "n_estimators": 44.13683724164311}, "datetime": {"datetime": "2021-09-24 13:57:47", "elapsed": 469.518074, "delta": 2.865333}}
{"target": 0.40871539321869566, "params": {"eta": 0.09888474538753934, "max_depth": 3.3648922945405597, "n_estimators": 39.186939391057216}, "datetime": {"datetime": "2021-09-24 13:57:52", "elapsed": 474.066234, "delta": 4.54816}}
{"target": 0.17244983540446934, "params": {"eta": 0.6, "max_depth": 3.109055650269587, "n_estimators": 60.17117399818256}, "datetime": {"datetime": "2021-09-24 13:57:56", "elapsed": 477.756571, "delta": 3.690337}}
{"target": 0.35751055109618723, "params": {"eta": 0.6, "max_depth": 1.8920162729313217, "n_estimators": 94.24919414414438}, "datetime": {"datetime": "2021-09-24 13:58:00", "elapsed": 482.187773, "delta": 4.431202}}
{"target": 0.22269773423808958, "params": {"eta": 0.6, "max_depth": 2.4864626699450088, "n_estimators": 69.93647638289046}, "datetime": {"datetime": "2021-09-24 13:58:04", "elapsed": 486.03889, "delta": 3.851117}}
{"target": 0.3822498082755118, "params": {"eta": 0.08, "max_depth": 1.7721088046283253, "n_estimators": 29.95873910391066}, "datetime": {"datetime": "2021-09-24 13:58:07", "elapsed": 489.089516, "delta": 3.050626}}
{"target": 0.45094119507612385, "params": {"eta": 0.08997552661468576, "max_depth": 1.3281178138500107, "n_estimators": 92.58394661162077}, "datetime": {"datetime": "2021-09-24 13:58:10", "elapsed": 492.117769, "delta": 3.028253}}
{"target": 0.4103748183609024, "params": {"eta": 0.08285435208649479, "max_depth": 3.4111217711395985, "n_estimators": 61.9082714240288}, "datetime": {"datetime": "2021-09-24 13:58:13", "elapsed": 495.241007, "delta": 3.123238}}
{"target": 0.37398560200809094, "params": {"eta": 0.08, "max_depth": 2.0292900470544297, "n_estimators": 25.11805645293167}, "datetime": {"datetime": "2021-09-24 13:58:16", "elapsed": 497.814568, "delta": 2.573561}}
{"target": 0.42910830146751233, "params": {"eta": 0.09123202511349772, "max_depth": 1.0185004350597662, "n_estimators": 38.8929802495684}, "datetime": {"datetime": "2021-09-24 13:58:19", "elapsed": 500.940712, "delta": 3.126144}}
{"target": 0.4054049881111784, "params": {"eta": 0.5840349346482249, "max_depth": 1.243979510875325, "n_estimators": 41.8338311696766}, "datetime": {"datetime": "2021-09-24 13:58:23", "elapsed": 504.941536, "delta": 4.000824}}
{"target": 0.4425925000539166, "params": {"eta": 0.11665464323884706, "max_depth": 2.87142478965444, "n_estimators": 70.92558408072907}, "datetime": {"datetime": "2021-09-24 13:58:26", "elapsed": 508.339197, "delta": 3.397661}}
{"target": 0.3078217187609008, "params": {"eta": 0.6, "max_depth": 2.0544861502004403, "n_estimators": 33.87554377658539}, "datetime": {"datetime": "2021-09-24 13:58:29", "elapsed": 511.508926, "delta": 3.169729}}
{"target": 0.44641530407854824, "params": {"eta": 0.08861557358580201, "max_depth": 1.4195568950815987, "n_estimators": 77.61986494486464}, "datetime": {"datetime": "2021-09-24 13:58:32", "elapsed": 514.534242, "delta": 3.025316}}
{"target": 0.4167105412723082, "params": {"eta": 0.08, "max_depth": 3.1941149358526246, "n_estimators": 44.97032969980506}, "datetime": {"datetime": "2021-09-24 13:58:35", "elapsed": 517.057592, "delta": 2.52335}}
{"target": 0.4308212240225553, "params": {"eta": 0.0809419730375197, "max_depth": 1.2863425264958614, "n_estimators": 47.88567099914027}, "datetime": {"datetime": "2021-09-24 13:58:37", "elapsed": 519.475657, "delta": 2.418065}}
{"target": 0.43274289058425486, "params": {"eta": 0.08, "max_depth": 1.0, "n_estimators": 51.261591259070194}, "datetime": {"datetime": "2021-09-24 13:58:41", "elapsed": 522.797448, "delta": 3.321791}}
{"target": 0.4495737424879199, "params": {"eta": 0.0978799704730666, "max_depth": 1.8150037604489477, "n_estimators": 66.66487661053414}, "datetime": {"datetime": "2021-09-24 13:58:43", "elapsed": 525.63216, "delta": 2.834712}}
{"target": 0.4479614742321876, "params": {"eta": 0.08907858991192598, "max_depth": 2.8792040737798272, "n_estimators": 55.06161130602963}, "datetime": {"datetime": "2021-09-24 13:58:46", "elapsed": 528.575378, "delta": 2.943218}}
{"target": 0.3793660186471257, "params": {"eta": 0.5813188265999147, "max_depth": 3.95510452409553, "n_estimators": 7.015140264819248}, "datetime": {"datetime": "2021-09-24 13:58:49", "elapsed": 531.459743, "delta": 2.884365}}
{"target": 0.44648265411964705, "params": {"eta": 0.08, "max_depth": 1.0, "n_estimators": 80.44545073074532}, "datetime": {"datetime": "2021-09-24 13:58:52", "elapsed": 534.650347, "delta": 3.190604}}
{"target": 0.3025497417746117, "params": {"eta": 0.6, "max_depth": 3.7414552290886536, "n_estimators": 15.387232297359551}, "datetime": {"datetime": "2021-09-24 13:58:55", "elapsed": 537.406111, "delta": 2.755764}}
{"target": 0.19871096477122263, "params": {"eta": 0.6, "max_depth": 4.0, "n_estimators": 80.20386426313112}, "datetime": {"datetime": "2021-09-24 13:58:59", "elapsed": 541.415256, "delta": 4.009145}}
{"target": 0.2076131238333203, "params": {"eta": 0.6, "max_depth": 4.0, "n_estimators": 49.278236786790835}, "datetime": {"datetime": "2021-09-24 13:59:02", "elapsed": 544.086785, "delta": 2.671529}}
{"target": 0.3677635024777609, "params": {"eta": 0.5906054149457026, "max_depth": 1.030933807784246, "n_estimators": 62.1860139291573}, "datetime": {"datetime": "2021-09-24 13:59:05", "elapsed": 546.903648, "delta": 2.816863}}
{"target": 0.44433712303430883, "params": {"eta": 0.08881959410851985, "max_depth": 1.004365298438352, "n_estimators": 64.05250977148074}, "datetime": {"datetime": "2021-09-24 13:59:08", "elapsed": 550.304643, "delta": 3.400995}}
{"target": 0.4480449712602812, "params": {"eta": 0.08361340006833407, "max_depth": 2.058108123271335, "n_estimators": 70.88265253020322}, "datetime": {"datetime": "2021-09-24 13:59:11", "elapsed": 552.948164, "delta": 2.643521}}
{"target": 0.4490527228939074, "params": {"eta": 0.09694133459399261, "max_depth": 1.505294735361767, "n_estimators": 55.2504058835355}, "datetime": {"datetime": "2021-09-24 13:59:14", "elapsed": 556.470308, "delta": 3.522144}}
{"target": 0.4565089163662285, "params": {"eta": 0.08, "max_depth": 2.692539439007692, "n_estimators": 96.2142014562426}, "datetime": {"datetime": "2021-09-24 13:59:18", "elapsed": 560.51213, "delta": 4.041822}}
{"target": 0.34319050787822514, "params": {"eta": 0.08, "max_depth": 4.0, "n_estimators": 95.68193721041101}, "datetime": {"datetime": "2021-09-24 13:59:21", "elapsed": 563.155353, "delta": 2.643223}}
{"target": 0.4475733391932959, "params": {"eta": 0.08, "max_depth": 1.5078087288355404, "n_estimators": 96.87684605514328}, "datetime": {"datetime": "2021-09-24 13:59:25", "elapsed": 567.155956, "delta": 4.000603}}
{"target": 0.4388569750240825, "params": {"eta": 0.6, "max_depth": 2.4056985323664994, "n_estimators": 5.944289463636472}, "datetime": {"datetime": "2021-09-24 13:59:30", "elapsed": 571.761962, "delta": 4.606006}}
{"target": 0.4158759458736312, "params": {"eta": 0.08, "max_depth": 3.0851422151140255, "n_estimators": 46.61262932712239}, "datetime": {"datetime": "2021-09-24 13:59:33", "elapsed": 575.450974, "delta": 3.689012}}
{"target": 0.22739162641689692, "params": {"eta": 0.5856555740925138, "max_depth": 2.5372837103252133, "n_estimators": 75.67349734835568}, "datetime": {"datetime": "2021-09-24 13:59:36", "elapsed": 577.880181, "delta": 2.429207}}
{"target": 0.3886687057030799, "params": {"eta": 0.10513784081774971, "max_depth": 2.9523571257292995, "n_estimators": 20.143542326251037}, "datetime": {"datetime": "2021-09-24 13:59:40", "elapsed": 582.693664, "delta": 4.813483}}
{"target": 0.4062346922052783, "params": {"eta": 0.08, "max_depth": 3.6580805691200813, "n_estimators": 35.133945657861204}, "datetime": {"datetime": "2021-09-24 13:59:43", "elapsed": 585.171172, "delta": 2.477508}}
{"target": 0.38276696555349365, "params": {"eta": 0.5999926769357373, "max_depth": 1.3646043395077063, "n_estimators": 65.74272143191837}, "datetime": {"datetime": "2021-09-24 13:59:46", "elapsed": 588.266076, "delta": 3.094904}}
{"target": 0.4493651391956557, "params": {"eta": 0.08, "max_depth": 1.890465714714146, "n_estimators": 100.0}, "datetime": {"datetime": "2021-09-24 13:59:50", "elapsed": 591.93436, "delta": 3.668284}}
{"target": 0.4183975080560597, "params": {"eta": 0.08064698015798173, "max_depth": 3.152876858701449, "n_estimators": 37.122846915247756}, "datetime": {"datetime": "2021-09-24 13:59:55", "elapsed": 597.47958, "delta": 5.54522}}
{"target": 0.3577839662887753, "params": {"eta": 0.6, "max_depth": 1.5898698620958056, "n_estimators": 87.8260984441148}, "datetime": {"datetime": "2021-09-24 13:59:59", "elapsed": 601.428371, "delta": 3.948791}}
{"target": 0.44580296773871586, "params": {"eta": 0.08332628534976441, "max_depth": 1.0342827074729608, "n_estimators": 61.58241346152451}, "datetime": {"datetime": "2021-09-24 14:00:03", "elapsed": 605.057886, "delta": 3.629515}}
