{"target": -42.535676912946656, "params": {"eta": 0.8271588353814604, "max_depth": 4.476864693935121, "n_estimators": 56.2725767773692}, "datetime": {"datetime": "2021-09-29 14:13:16", "elapsed": 38.168681, "delta": 0.421001}}
{"target": -42.319979252290786, "params": {"eta": 0.7130739285304764, "max_depth": 14.232683669648114, "n_estimators": 91.65598966057736}, "datetime": {"datetime": "2021-09-29 14:13:16", "elapsed": 38.649684, "delta": 0.481003}}
{"target": -42.857012801729596, "params": {"eta": 0.5162741229713259, "max_depth": 21.611935244767825, "n_estimators": 93.3707712262969}, "datetime": {"datetime": "2021-09-29 14:13:17", "elapsed": 39.353683, "delta": 0.703999}}
{"target": -45.246835294401244, "params": {"eta": 0.5997854482777453, "max_depth": 28.562017492484586, "n_estimators": 59.817061158960094}, "datetime": {"datetime": "2021-09-29 14:13:18", "elapsed": 39.921321, "delta": 0.567638}}
{"target": -45.11573227591633, "params": {"eta": 0.8327844492047777, "max_depth": 25.369571720848608, "n_estimators": 54.21140778847099}, "datetime": {"datetime": "2021-09-29 14:13:18", "elapsed": 40.412324, "delta": 0.491003}}
{"target": -56.86325474625246, "params": {"eta": 0.03988248920376176, "max_depth": 8.04202844724504, "n_estimators": 12.10693880887628}, "datetime": {"datetime": "2021-09-29 14:13:19", "elapsed": 40.796323, "delta": 0.383999}}
{"target": -45.15121100085922, "params": {"eta": 0.7946958282625279, "max_depth": 5.0861906833808055, "n_estimators": 79.43389847319966}, "datetime": {"datetime": "2021-09-29 14:13:19", "elapsed": 41.295323, "delta": 0.499}}
{"target": -44.48734055908478, "params": {"eta": 0.6776000779862141, "max_depth": 22.407803048588757, "n_estimators": 40.41721228723043}, "datetime": {"datetime": "2021-09-29 14:13:20", "elapsed": 41.823324, "delta": 0.528001}}
{"target": -40.82268060894971, "params": {"eta": 0.39611062491187043, "max_depth": 2.023419641624453, "n_estimators": 16.330182308447526}, "datetime": {"datetime": "2021-09-29 14:13:20", "elapsed": 42.128325, "delta": 0.305001}}
{"target": -38.08886162225539, "params": {"eta": 0.9216987141912162, "max_depth": 1.6348767422954333, "n_estimators": 14.86233477658152}, "datetime": {"datetime": "2021-09-29 14:13:20", "elapsed": 42.580321, "delta": 0.451996}}
{"target": -41.43737788564806, "params": {"eta": 0.39688935032865347, "max_depth": 6.356945098567948, "n_estimators": 9.281899191019203}, "datetime": {"datetime": "2021-09-29 14:13:21", "elapsed": 42.918327, "delta": 0.338006}}
{"target": -42.4384508472438, "params": {"eta": 0.405286153974019, "max_depth": 20.920897801020537, "n_estimators": 14.678643265149267}, "datetime": {"datetime": "2021-09-29 14:13:21", "elapsed": 43.307322, "delta": 0.388995}}
{"target": -37.615188130471424, "params": {"eta": 0.8598285201516123, "max_depth": 1.1042787864271304, "n_estimators": 16.19223754220889}, "datetime": {"datetime": "2021-09-29 14:13:22", "elapsed": 43.942322, "delta": 0.635}}
{"target": -40.05966055687651, "params": {"eta": 0.6559081023101082, "max_depth": 2.260424046251023, "n_estimators": 10.00590705342864}, "datetime": {"datetime": "2021-09-29 14:13:22", "elapsed": 44.499322, "delta": 0.557}}
{"target": -38.25506138257055, "params": {"eta": 0.9042395772405746, "max_depth": 1.3438472903471874, "n_estimators": 13.846861487731013}, "datetime": {"datetime": "2021-09-29 14:13:23", "elapsed": 44.876431, "delta": 0.377109}}
{"target": -40.6481239276663, "params": {"eta": 0.33929867351326565, "max_depth": 19.775067834444386, "n_estimators": 14.721012872698253}, "datetime": {"datetime": "2021-09-29 14:13:24", "elapsed": 45.752941, "delta": 0.87651}}
{"target": -35.75729502232024, "params": {"eta": 0.09985769208696194, "max_depth": 1.3768593277516405, "n_estimators": 13.342230025862674}, "datetime": {"datetime": "2021-09-29 14:13:24", "elapsed": 46.611942, "delta": 0.859001}}
{"target": -52.05188222675369, "params": {"eta": 0.04084137989513264, "max_depth": 1.2396880261085195, "n_estimators": 12.241770595046765}, "datetime": {"datetime": "2021-09-29 14:13:25", "elapsed": 47.289941, "delta": 0.677999}}
{"target": -57.63348620902492, "params": {"eta": 0.05032454406041535, "max_depth": 4.243807489365473, "n_estimators": 9.733640816152851}, "datetime": {"datetime": "2021-09-29 14:13:26", "elapsed": 48.309352, "delta": 1.019411}}
{"target": -42.35239466629117, "params": {"eta": 0.8298158347389147, "max_depth": 4.494991700629605, "n_estimators": 8.073241491494937}, "datetime": {"datetime": "2021-09-29 14:13:26", "elapsed": 48.666355, "delta": 0.357003}}
{"target": -39.52111837406331, "params": {"eta": 0.16512828146592556, "max_depth": 1.4952808064068868, "n_estimators": 15.147113420731413}, "datetime": {"datetime": "2021-09-29 14:13:27", "elapsed": 49.084358, "delta": 0.418003}}
{"target": -42.139140825289005, "params": {"eta": 0.8830173547035961, "max_depth": 2.098326835169256, "n_estimators": 13.36749278614919}, "datetime": {"datetime": "2021-09-29 14:13:27", "elapsed": 49.673579, "delta": 0.589221}}
{"target": -42.08754658619584, "params": {"eta": 0.571765380816096, "max_depth": 3.2464943361683076, "n_estimators": 10.872986822329926}, "datetime": {"datetime": "2021-09-29 14:13:28", "elapsed": 50.241575, "delta": 0.567996}}
{"target": -34.74539027909053, "params": {"eta": 0.13148186353540633, "max_depth": 4.953071530801568, "n_estimators": 11.266436224244593}, "datetime": {"datetime": "2021-09-29 14:13:29", "elapsed": 51.372697, "delta": 1.131122}}
{"target": -40.80526583088661, "params": {"eta": 0.34122056864019645, "max_depth": 6.2631857020615005, "n_estimators": 10.435791372593705}, "datetime": {"datetime": "2021-09-29 14:13:30", "elapsed": 51.853697, "delta": 0.481}}
{"target": -48.665062180853184, "params": {"eta": 0.9779744860341086, "max_depth": 5.432840779260883, "n_estimators": 10.89649406430198}, "datetime": {"datetime": "2021-09-29 14:13:30", "elapsed": 52.438949, "delta": 0.585252}}
{"target": -40.576337748034135, "params": {"eta": 0.3422650636600219, "max_depth": 4.0746898313990485, "n_estimators": 11.351045213292382}, "datetime": {"datetime": "2021-09-29 14:13:31", "elapsed": 52.933947, "delta": 0.494998}}
{"target": -44.49732890358343, "params": {"eta": 0.5730006471315137, "max_depth": 12.797846259812854, "n_estimators": 40.235425062105115}, "datetime": {"datetime": "2021-09-29 14:13:32", "elapsed": 53.976254, "delta": 1.042307}}
{"target": -38.68141222628729, "params": {"eta": 0.7953263811602049, "max_depth": 1.0029149996966211, "n_estimators": 9.224266092401008}, "datetime": {"datetime": "2021-09-29 14:13:33", "elapsed": 54.77788, "delta": 0.801626}}
{"target": -34.488655570073654, "params": {"eta": 0.17093399190577566, "max_depth": 17.829864706106004, "n_estimators": 15.182280864694528}, "datetime": {"datetime": "2021-09-29 14:13:33", "elapsed": 55.589121, "delta": 0.811241}}
{"target": -45.99993635817737, "params": {"eta": 0.7974197425427287, "max_depth": 17.4519329428821, "n_estimators": 14.76571438942503}, "datetime": {"datetime": "2021-09-29 14:13:34", "elapsed": 56.377119, "delta": 0.787998}}
{"target": -83.68898811404952, "params": {"eta": 0.01, "max_depth": 17.638012928515113, "n_estimators": 15.991271871154526}, "datetime": {"datetime": "2021-09-29 14:13:35", "elapsed": 57.165122, "delta": 0.788003}}
{"target": -38.61278275712074, "params": {"eta": 0.2683654621415698, "max_depth": 17.958016206410214, "n_estimators": 14.753451154151755}, "datetime": {"datetime": "2021-09-29 14:13:35", "elapsed": 57.73433, "delta": 0.569208}}
{"target": -84.67225548139476, "params": {"eta": 0.01, "max_depth": 17.319778660861232, "n_estimators": 14.861543804243134}, "datetime": {"datetime": "2021-09-29 14:13:36", "elapsed": 58.47633, "delta": 0.742}}
{"target": -41.44454565896722, "params": {"eta": 0.7461532792565246, "max_depth": 8.505333150471417, "n_estimators": 5.704420547404387}, "datetime": {"datetime": "2021-09-29 14:13:37", "elapsed": 58.872329, "delta": 0.395999}}
{"target": -36.77042772635036, "params": {"eta": 0.18437036006707777, "max_depth": 6.67392867509063, "n_estimators": 14.69223517200848}, "datetime": {"datetime": "2021-09-29 14:13:37", "elapsed": 59.257329, "delta": 0.385}}
{"target": -40.153549658331436, "params": {"eta": 0.9051621249420396, "max_depth": 2.55743900332231, "n_estimators": 14.254183326778996}, "datetime": {"datetime": "2021-09-29 14:13:37", "elapsed": 59.651098, "delta": 0.393769}}
{"target": -38.5985712354458, "params": {"eta": 0.34274857432062744, "max_depth": 1.1754068232709944, "n_estimators": 16.006950431217454}, "datetime": {"datetime": "2021-09-29 14:13:38", "elapsed": 60.052099, "delta": 0.401001}}
{"target": -36.97831004348464, "params": {"eta": 0.26801385668972777, "max_depth": 4.609282641351154, "n_estimators": 11.138217902300521}, "datetime": {"datetime": "2021-09-29 14:13:39", "elapsed": 60.749098, "delta": 0.696999}}
{"target": -40.371912669218766, "params": {"eta": 0.6780148416896137, "max_depth": 1.3214188164989387, "n_estimators": 13.347624016605291}, "datetime": {"datetime": "2021-09-29 14:13:39", "elapsed": 61.403235, "delta": 0.654137}}
{"target": -42.146722332519644, "params": {"eta": 0.2527029131309331, "max_depth": 18.154730699859012, "n_estimators": 15.044116249913465}, "datetime": {"datetime": "2021-09-29 14:13:40", "elapsed": 62.015234, "delta": 0.611999}}
{"target": -42.57809321608671, "params": {"eta": 0.5713105627379635, "max_depth": 9.72128728041047, "n_estimators": 44.747292491293265}, "datetime": {"datetime": "2021-09-29 14:13:40", "elapsed": 62.580286, "delta": 0.565052}}
{"target": -38.87460500877232, "params": {"eta": 0.4669421895252014, "max_depth": 1.2051639353746149, "n_estimators": 15.609665359110616}, "datetime": {"datetime": "2021-09-29 14:13:41", "elapsed": 63.197291, "delta": 0.617005}}
{"target": -42.25387421300152, "params": {"eta": 0.3866653943427574, "max_depth": 20.912564141776922, "n_estimators": 14.680565269141121}, "datetime": {"datetime": "2021-09-29 14:13:41", "elapsed": 63.69029, "delta": 0.492999}}
{"target": -40.91230009923781, "params": {"eta": 0.3043260230773978, "max_depth": 1.4031222946307955, "n_estimators": 13.811505843403623}, "datetime": {"datetime": "2021-09-29 14:13:42", "elapsed": 64.308288, "delta": 0.617998}}
{"target": -39.89372844969113, "params": {"eta": 0.22893871255689888, "max_depth": 1.6605091956339622, "n_estimators": 12.983197216302404}, "datetime": {"datetime": "2021-09-29 14:13:43", "elapsed": 64.781082, "delta": 0.472794}}
{"target": -38.91793541010249, "params": {"eta": 0.5028548908305105, "max_depth": 1.099035516271102, "n_estimators": 14.735573489434348}, "datetime": {"datetime": "2021-09-29 14:13:43", "elapsed": 65.575546, "delta": 0.794464}}
{"target": -37.978128833555594, "params": {"eta": 0.9805894681465688, "max_depth": 1.1281053538128178, "n_estimators": 14.630293280515794}, "datetime": {"datetime": "2021-09-29 14:13:44", "elapsed": 66.555547, "delta": 0.980001}}
{"target": -35.873404232812526, "params": {"eta": 0.05007184600202436, "max_depth": 16.449521144775968, "n_estimators": 44.46267245103355}, "datetime": {"datetime": "2021-09-29 14:13:45", "elapsed": 67.134543, "delta": 0.578996}}
{"target": -39.71613443674768, "params": {"eta": 0.4825683793729824, "max_depth": 29.29992926743026, "n_estimators": 91.04162059895003}, "datetime": {"datetime": "2021-09-29 14:13:46", "elapsed": 67.904808, "delta": 0.770265}}
{"target": -48.800406411160445, "params": {"eta": 0.05951209829118274, "max_depth": 5.143217539489195, "n_estimators": 10.847228114656346}, "datetime": {"datetime": "2021-09-29 14:13:46", "elapsed": 68.41981, "delta": 0.515002}}
{"target": -39.14075784592988, "params": {"eta": 0.4668843578073675, "max_depth": 4.8139526046104315, "n_estimators": 11.467114053908533}, "datetime": {"datetime": "2021-09-29 14:13:47", "elapsed": 69.15081, "delta": 0.731}}
{"target": -38.84752626626593, "params": {"eta": 0.43877971164375307, "max_depth": 1.9068191575408497, "n_estimators": 14.867272365579586}, "datetime": {"datetime": "2021-09-29 14:13:48", "elapsed": 69.780347, "delta": 0.629537}}
{"target": -51.1900418382014, "params": {"eta": 0.05034636709638846, "max_depth": 4.69301813058118, "n_estimators": 11.60389906146904}, "datetime": {"datetime": "2021-09-29 14:13:48", "elapsed": 70.317346, "delta": 0.536999}}
{"target": -39.81497188820208, "params": {"eta": 0.6738140524501663, "max_depth": 1.4358374526989288, "n_estimators": 15.153349528606382}, "datetime": {"datetime": "2021-09-29 14:13:49", "elapsed": 70.749347, "delta": 0.432001}}
{"target": -42.01640624536441, "params": {"eta": 0.41276185411652727, "max_depth": 22.28835999894057, "n_estimators": 11.341914414971203}, "datetime": {"datetime": "2021-09-29 14:13:49", "elapsed": 71.246345, "delta": 0.496998}}
{"target": -40.51479607007553, "params": {"eta": 0.31185610525673846, "max_depth": 1.6835524346608794, "n_estimators": 10.036560596088256}, "datetime": {"datetime": "2021-09-29 14:13:50", "elapsed": 71.989647, "delta": 0.743302}}
{"target": -40.06634497361985, "params": {"eta": 0.6247017772615393, "max_depth": 1.380992272223795, "n_estimators": 14.448389382343148}, "datetime": {"datetime": "2021-09-29 14:13:50", "elapsed": 72.543643, "delta": 0.553996}}
{"target": -38.075957275465136, "params": {"eta": 0.49267202330897686, "max_depth": 2.909444758797768, "n_estimators": 10.236266798002225}, "datetime": {"datetime": "2021-09-29 14:13:51", "elapsed": 73.077644, "delta": 0.534001}}
{"target": -43.915779275007225, "params": {"eta": 0.41539704572444175, "max_depth": 25.575226920628186, "n_estimators": 53.8974705288282}, "datetime": {"datetime": "2021-09-29 14:13:52", "elapsed": 73.858656, "delta": 0.781012}}
{"target": -47.183538642271394, "params": {"eta": 0.8068648731258992, "max_depth": 8.16661849202239, "n_estimators": 5.252119729802592}, "datetime": {"datetime": "2021-09-29 14:13:52", "elapsed": 74.319653, "delta": 0.460997}}
{"target": -40.21720064217343, "params": {"eta": 0.5338161973800927, "max_depth": 5.103149486639641, "n_estimators": 92.98619699045047}, "datetime": {"datetime": "2021-09-29 14:13:53", "elapsed": 74.958228, "delta": 0.638575}}
{"target": -34.21404798261747, "params": {"eta": 0.16488155396544396, "max_depth": 2.2049706111728575, "n_estimators": 9.518399249033184}, "datetime": {"datetime": "2021-09-29 14:13:53", "elapsed": 75.478281, "delta": 0.520053}}
{"target": -42.8711701874362, "params": {"eta": 0.5877643525678493, "max_depth": 16.60563576844982, "n_estimators": 21.872824448677022}, "datetime": {"datetime": "2021-09-29 14:13:54", "elapsed": 76.095282, "delta": 0.617001}}
{"target": -39.58609239756675, "params": {"eta": 0.5615171693507286, "max_depth": 1.6519374517087075, "n_estimators": 9.265652743206243}, "datetime": {"datetime": "2021-09-29 14:13:55", "elapsed": 76.847283, "delta": 0.752001}}
{"target": -41.95831338986606, "params": {"eta": 0.0635260251978649, "max_depth": 16.309434736809074, "n_estimators": 15.600308526951956}, "datetime": {"datetime": "2021-09-29 14:13:55", "elapsed": 77.358282, "delta": 0.510999}}
{"target": -37.202828592102406, "params": {"eta": 0.27636955749429304, "max_depth": 2.4095673405367832, "n_estimators": 9.00512260996733}, "datetime": {"datetime": "2021-09-29 14:13:56", "elapsed": 78.003544, "delta": 0.645262}}
{"target": -39.123534212902264, "params": {"eta": 0.5974434583216164, "max_depth": 2.6422341243749665, "n_estimators": 9.517346735649227}, "datetime": {"datetime": "2021-09-29 14:13:57", "elapsed": 78.739544, "delta": 0.736}}
{"target": -40.805708804292436, "params": {"eta": 0.7246438927310231, "max_depth": 2.2381894753404614, "n_estimators": 9.320362490452199}, "datetime": {"datetime": "2021-09-29 14:13:57", "elapsed": 79.415544, "delta": 0.676}}
{"target": -89.22488949599767, "params": {"eta": 0.012653190923688893, "max_depth": 2.1633202438114782, "n_estimators": 9.115967076578386}, "datetime": {"datetime": "2021-09-29 14:13:58", "elapsed": 80.005456, "delta": 0.589912}}
{"target": -37.87912040988924, "params": {"eta": 0.8306400472254506, "max_depth": 1.273970598795251, "n_estimators": 14.878691437760876}, "datetime": {"datetime": "2021-09-29 14:13:59", "elapsed": 80.740457, "delta": 0.735001}}
{"target": -47.87724880401863, "params": {"eta": 0.9397890369088391, "max_depth": 6.119978348901607, "n_estimators": 24.498989926723247}, "datetime": {"datetime": "2021-09-29 14:13:59", "elapsed": 81.294456, "delta": 0.553999}}
{"target": -40.600716903417286, "params": {"eta": 0.4637506674758485, "max_depth": 24.809959862715555, "n_estimators": 30.572920237344377}, "datetime": {"datetime": "2021-09-29 14:14:00", "elapsed": 82.023456, "delta": 0.729}}
{"target": -42.83336826572931, "params": {"eta": 0.4344473865663268, "max_depth": 22.514553948660502, "n_estimators": 89.35556732778001}, "datetime": {"datetime": "2021-09-29 14:14:01", "elapsed": 82.880486, "delta": 0.85703}}
{"target": -39.46104075590289, "params": {"eta": 0.311029314694398, "max_depth": 2.3706413605963945, "n_estimators": 9.51104817995207}, "datetime": {"datetime": "2021-09-29 14:14:01", "elapsed": 83.734486, "delta": 0.854}}
{"target": -37.202828592102406, "params": {"eta": 0.27709989757161885, "max_depth": 2.674928404323339, "n_estimators": 9.005678486089838}, "datetime": {"datetime": "2021-09-29 14:14:02", "elapsed": 84.488484, "delta": 0.753998}}
{"target": -40.99292369468679, "params": {"eta": 0.5521016250721084, "max_depth": 4.939087832639604, "n_estimators": 11.070278561528466}, "datetime": {"datetime": "2021-09-29 14:14:03", "elapsed": 85.177082, "delta": 0.688598}}
{"target": -39.042858924960164, "params": {"eta": 0.5921648694497961, "max_depth": 2.5528949377419514, "n_estimators": 9.109364695240409}, "datetime": {"datetime": "2021-09-29 14:14:04", "elapsed": 85.817592, "delta": 0.64051}}
{"target": -37.38460205481798, "params": {"eta": 0.2482128505044992, "max_depth": 2.0695932267293884, "n_estimators": 9.73830174318316}, "datetime": {"datetime": "2021-09-29 14:14:04", "elapsed": 86.685589, "delta": 0.867997}}
{"target": -39.063346655443, "params": {"eta": 0.3334098783037224, "max_depth": 1.3010091862516582, "n_estimators": 13.182790270590752}, "datetime": {"datetime": "2021-09-29 14:14:05", "elapsed": 87.561375, "delta": 0.875786}}
{"target": -37.49570175627586, "params": {"eta": 0.11782159687184723, "max_depth": 1.5569756849012615, "n_estimators": 15.788917919067304}, "datetime": {"datetime": "2021-09-29 14:14:06", "elapsed": 88.464374, "delta": 0.902999}}
{"target": -35.65643065851625, "params": {"eta": 0.08911227574046343, "max_depth": 1.2228989231270504, "n_estimators": 15.432533677990206}, "datetime": {"datetime": "2021-09-29 14:14:07", "elapsed": 89.363374, "delta": 0.899}}
{"target": -45.44917438695989, "params": {"eta": 0.7189713414515468, "max_depth": 12.620329091118617, "n_estimators": 30.79322108372694}, "datetime": {"datetime": "2021-09-29 14:14:08", "elapsed": 90.104135, "delta": 0.740761}}
{"target": -38.16780120841259, "params": {"eta": 0.9438390267425171, "max_depth": 1.1659725465501123, "n_estimators": 15.682453177320888}, "datetime": {"datetime": "2021-09-29 14:14:09", "elapsed": 91.18113, "delta": 1.076995}}
{"target": -41.70457521277548, "params": {"eta": 0.7017899953054088, "max_depth": 9.902608533092073, "n_estimators": 13.938079953945081}, "datetime": {"datetime": "2021-09-29 14:14:10", "elapsed": 91.791662, "delta": 0.610532}}
{"target": -43.8346842400682, "params": {"eta": 0.5042003993041604, "max_depth": 7.31484916836805, "n_estimators": 26.110166602142243}, "datetime": {"datetime": "2021-09-29 14:14:10", "elapsed": 92.469663, "delta": 0.678001}}
{"target": -39.66928252201607, "params": {"eta": 0.5485558791566294, "max_depth": 1.6399322018951235, "n_estimators": 9.680236324846335}, "datetime": {"datetime": "2021-09-29 14:14:11", "elapsed": 93.396663, "delta": 0.927}}
{"target": -40.356176810514185, "params": {"eta": 0.26406859326281057, "max_depth": 21.066219590704225, "n_estimators": 73.8211452531284}, "datetime": {"datetime": "2021-09-29 14:14:12", "elapsed": 94.441775, "delta": 1.045112}}
{"target": -41.902802712479286, "params": {"eta": 0.9394308319925938, "max_depth": 2.0724017803224726, "n_estimators": 14.711952513744414}, "datetime": {"datetime": "2021-09-29 14:14:13", "elapsed": 95.151269, "delta": 0.709494}}
{"target": -38.43594797857755, "params": {"eta": 0.09146057134442959, "max_depth": 2.612034958008187, "n_estimators": 9.761910182365332}, "datetime": {"datetime": "2021-09-29 14:14:14", "elapsed": 96.158965, "delta": 1.007696}}
{"target": -45.246792480563656, "params": {"eta": 0.5967656021447513, "max_depth": 24.98057261221004, "n_estimators": 34.001578765333015}, "datetime": {"datetime": "2021-09-29 14:14:15", "elapsed": 96.946968, "delta": 0.788003}}
{"target": -38.63740245253731, "params": {"eta": 0.07652552670102969, "max_depth": 2.7568517161143324, "n_estimators": 10.172518339077207}, "datetime": {"datetime": "2021-09-29 14:14:16", "elapsed": 97.894141, "delta": 0.947173}}
{"target": -41.00308637821521, "params": {"eta": 0.4548757930632618, "max_depth": 2.3929829655167927, "n_estimators": 8.793346587707681}, "datetime": {"datetime": "2021-09-29 14:14:16", "elapsed": 98.658138, "delta": 0.763997}}
{"target": -40.18088059645699, "params": {"eta": 0.63941094000827, "max_depth": 3.1096892596050276, "n_estimators": 9.957148980520982}, "datetime": {"datetime": "2021-09-29 14:14:17", "elapsed": 99.693955, "delta": 1.035817}}
{"target": -42.19254884365854, "params": {"eta": 0.49183708667315146, "max_depth": 25.16995655953495, "n_estimators": 97.79227300021043}, "datetime": {"datetime": "2021-09-29 14:14:18", "elapsed": 100.601959, "delta": 0.908004}}
{"target": -44.7263808282372, "params": {"eta": 0.8500564056369083, "max_depth": 5.281349544590476, "n_estimators": 48.03357265478263}, "datetime": {"datetime": "2021-09-29 14:14:19", "elapsed": 101.304959, "delta": 0.703}}
