{"target": -42.05011234816091, "params": {"eta": 0.4142312839833426, "max_depth": 9.848538688427986, "n_estimators": 90.36448831431436}, "datetime": {"datetime": "2021-09-29 15:25:13", "elapsed": 28.430227, "delta": 0.674996}}
{"target": -40.34443235964808, "params": {"eta": 0.46952853882550116, "max_depth": 19.885686865736822, "n_estimators": 47.430094274363874}, "datetime": {"datetime": "2021-09-29 15:25:14", "elapsed": 29.141089, "delta": 0.710862}}
{"target": -37.911724559777504, "params": {"eta": 0.17445790434987413, "max_depth": 1.304018004949244, "n_estimators": 92.19174300388264}, "datetime": {"datetime": "2021-09-29 15:25:14", "elapsed": 29.622086, "delta": 0.480997}}
{"target": -42.090629355614325, "params": {"eta": 0.33916760211495106, "max_depth": 5.0138258192389635, "n_estimators": 13.762626172336317}, "datetime": {"datetime": "2021-09-29 15:25:15", "elapsed": 30.061084, "delta": 0.438998}}
{"target": -46.2526685308228, "params": {"eta": 0.01, "max_depth": 11.413391918431637, "n_estimators": 73.66531328122682}, "datetime": {"datetime": "2021-09-29 15:25:15", "elapsed": 30.690083, "delta": 0.628999}}
{"target": -42.798039024217296, "params": {"eta": 0.5, "max_depth": 30.0, "n_estimators": 100.0}, "datetime": {"datetime": "2021-09-29 15:25:16", "elapsed": 31.384393, "delta": 0.69431}}
{"target": -47.74452437769944, "params": {"eta": 0.01, "max_depth": 22.253917353925004, "n_estimators": 68.81588568704586}, "datetime": {"datetime": "2021-09-29 15:25:17", "elapsed": 32.014389, "delta": 0.629996}}
{"target": -38.00812662851571, "params": {"eta": 0.5, "max_depth": 1.0, "n_estimators": 26.412957740375884}, "datetime": {"datetime": "2021-09-29 15:25:17", "elapsed": 32.419385, "delta": 0.404996}}
{"target": -42.70303208451825, "params": {"eta": 0.4098397855271424, "max_depth": 29.08707882651217, "n_estimators": 52.85225439399778}, "datetime": {"datetime": "2021-09-29 15:25:18", "elapsed": 33.094353, "delta": 0.674968}}
{"target": -38.4913307085379, "params": {"eta": 0.05862318683986812, "max_depth": 15.186139588839097, "n_estimators": 93.29842372027187}, "datetime": {"datetime": "2021-09-29 15:25:19", "elapsed": 33.998354, "delta": 0.904001}}
{"target": -40.44644526616096, "params": {"eta": 0.40345549783164103, "max_depth": 22.02070970633953, "n_estimators": 34.21609002940552}, "datetime": {"datetime": "2021-09-29 15:25:19", "elapsed": 34.719352, "delta": 0.720998}}
{"target": -38.436378070848946, "params": {"eta": 0.5, "max_depth": 1.0, "n_estimators": 20.178240656559158}, "datetime": {"datetime": "2021-09-29 15:25:20", "elapsed": 35.154534, "delta": 0.435182}}
{"target": -37.85351977577431, "params": {"eta": 0.40415703141460885, "max_depth": 1.0165277614408588, "n_estimators": 83.9749572996775}, "datetime": {"datetime": "2021-09-29 15:25:20", "elapsed": 35.771536, "delta": 0.617002}}
{"target": -49.21668533465184, "params": {"eta": 0.01, "max_depth": 1.0, "n_estimators": 53.265060963716785}, "datetime": {"datetime": "2021-09-29 15:25:21", "elapsed": 36.223533, "delta": 0.451997}}
{"target": -40.90791289433939, "params": {"eta": 0.18835320069810055, "max_depth": 15.309550247147579, "n_estimators": 81.79206174355643}, "datetime": {"datetime": "2021-09-29 15:25:22", "elapsed": 37.130552, "delta": 0.907019}}
{"target": -75.23477439095616, "params": {"eta": 0.01, "max_depth": 22.7517084483815, "n_estimators": 24.341364985292998}, "datetime": {"datetime": "2021-09-29 15:25:22", "elapsed": 37.575531, "delta": 0.444979}}
{"target": -40.394460064385754, "params": {"eta": 0.05384698562684562, "max_depth": 5.294186506543634, "n_estimators": 94.45778776638677}, "datetime": {"datetime": "2021-09-29 15:25:23", "elapsed": 38.203173, "delta": 0.627642}}
{"target": -42.8731817256707, "params": {"eta": 0.49586426499394737, "max_depth": 17.551741245133794, "n_estimators": 32.50158384685659}, "datetime": {"datetime": "2021-09-29 15:25:24", "elapsed": 39.020423, "delta": 0.81725}}
{"target": -38.22363449658457, "params": {"eta": 0.5, "max_depth": 1.0, "n_estimators": 60.5474551023656}, "datetime": {"datetime": "2021-09-29 15:25:24", "elapsed": 39.452426, "delta": 0.432003}}
{"target": -55.02829764888357, "params": {"eta": 0.01, "max_depth": 17.76437778630802, "n_estimators": 52.47098564640357}, "datetime": {"datetime": "2021-09-29 15:25:25", "elapsed": 40.087423, "delta": 0.634997}}
{"target": -40.76742058642729, "params": {"eta": 0.3852994398204287, "max_depth": 10.129975446204835, "n_estimators": 84.29734444209275}, "datetime": {"datetime": "2021-09-29 15:25:25", "elapsed": 40.824761, "delta": 0.737338}}
{"target": -39.12657156870572, "params": {"eta": 0.13665004467324193, "max_depth": 19.829833248955627, "n_estimators": 95.91671021579769}, "datetime": {"datetime": "2021-09-29 15:25:27", "elapsed": 41.941762, "delta": 1.117001}}
{"target": -40.12865483598834, "params": {"eta": 0.09670988433028857, "max_depth": 22.75403626703366, "n_estimators": 77.49442423803903}, "datetime": {"datetime": "2021-09-29 15:25:28", "elapsed": 43.126206, "delta": 1.184444}}
{"target": -39.7010632789137, "params": {"eta": 0.48415359940061475, "max_depth": 16.013888482582836, "n_estimators": 43.528824269547115}, "datetime": {"datetime": "2021-09-29 15:25:28", "elapsed": 43.906206, "delta": 0.78}}
{"target": -61.25336384764329, "params": {"eta": 0.01, "max_depth": 21.714871103803404, "n_estimators": 42.900698626909765}, "datetime": {"datetime": "2021-09-29 15:25:29", "elapsed": 44.583308, "delta": 0.677102}}
{"target": -40.74972745433035, "params": {"eta": 0.26400574395696635, "max_depth": 14.372790985332589, "n_estimators": 62.88525933128359}, "datetime": {"datetime": "2021-09-29 15:25:30", "elapsed": 45.442439, "delta": 0.859131}}
{"target": -42.798014537477584, "params": {"eta": 0.5, "max_depth": 30.0, "n_estimators": 27.35141317003554}, "datetime": {"datetime": "2021-09-29 15:25:31", "elapsed": 46.134446, "delta": 0.692007}}
{"target": -41.30863082974326, "params": {"eta": 0.3427581030041543, "max_depth": 24.759532097025463, "n_estimators": 85.75257321309408}, "datetime": {"datetime": "2021-09-29 15:25:32", "elapsed": 47.122441, "delta": 0.987995}}
{"target": -38.14816063017785, "params": {"eta": 0.1516542331588403, "max_depth": 6.794097814274027, "n_estimators": 18.86125366936952}, "datetime": {"datetime": "2021-09-29 15:25:32", "elapsed": 47.684446, "delta": 0.562005}}
{"target": -43.8598459377513, "params": {"eta": 0.5, "max_depth": 7.730832600020156, "n_estimators": 56.531280665911744}, "datetime": {"datetime": "2021-09-29 15:25:33", "elapsed": 48.4066, "delta": 0.722154}}
{"target": -39.71613443674768, "params": {"eta": 0.4760527330458817, "max_depth": 29.885749253168708, "n_estimators": 64.0780991936245}, "datetime": {"datetime": "2021-09-29 15:25:34", "elapsed": 49.230071, "delta": 0.823471}}
{"target": -39.03670154076159, "params": {"eta": 0.19468582512249952, "max_depth": 16.757772149433002, "n_estimators": 16.6144942397962}, "datetime": {"datetime": "2021-09-29 15:25:34", "elapsed": 49.89507, "delta": 0.664999}}
{"target": -43.396217242164994, "params": {"eta": 0.5, "max_depth": 5.009523541453909, "n_estimators": 75.99168873071324}, "datetime": {"datetime": "2021-09-29 15:25:35", "elapsed": 50.469069, "delta": 0.573999}}
{"target": -42.798026699180014, "params": {"eta": 0.5, "max_depth": 30.0, "n_estimators": 35.38120830081655}, "datetime": {"datetime": "2021-09-29 15:25:36", "elapsed": 51.189229, "delta": 0.72016}}
{"target": -37.77825661475791, "params": {"eta": 0.5, "max_depth": 1.0, "n_estimators": 30.701075918698823}, "datetime": {"datetime": "2021-09-29 15:25:36", "elapsed": 51.624224, "delta": 0.434995}}
{"target": -42.77666110612402, "params": {"eta": 0.5, "max_depth": 20.562117996914267, "n_estimators": 14.118027280556687}, "datetime": {"datetime": "2021-09-29 15:25:37", "elapsed": 52.190225, "delta": 0.566001}}
{"target": -40.21765999707307, "params": {"eta": 0.10235704460232707, "max_depth": 18.621018610010587, "n_estimators": 87.38352804682087}, "datetime": {"datetime": "2021-09-29 15:25:38", "elapsed": 53.171958, "delta": 0.981733}}
{"target": -37.73485922438448, "params": {"eta": 0.0794621590847609, "max_depth": 6.0489336553400195, "n_estimators": 37.998567528026165}, "datetime": {"datetime": "2021-09-29 15:25:38", "elapsed": 53.877955, "delta": 0.705997}}
{"target": -51.99914445599853, "params": {"eta": 0.01, "max_depth": 25.712903836932927, "n_estimators": 58.28537932174839}, "datetime": {"datetime": "2021-09-29 15:25:39", "elapsed": 54.578953, "delta": 0.700998}}
{"target": -39.10045358696301, "params": {"eta": 0.4443344739629047, "max_depth": 24.410579867311167, "n_estimators": 50.57149335880927}, "datetime": {"datetime": "2021-09-29 15:25:40", "elapsed": 55.28875, "delta": 0.709797}}
{"target": -42.798080884726616, "params": {"eta": 0.5, "max_depth": 25.0622395286185, "n_estimators": 95.74790635402347}, "datetime": {"datetime": "2021-09-29 15:25:41", "elapsed": 56.086746, "delta": 0.797996}}
{"target": -43.980298710799964, "params": {"eta": 0.5, "max_depth": 13.866923537558627, "n_estimators": 37.415840164170376}, "datetime": {"datetime": "2021-09-29 15:25:41", "elapsed": 56.821549, "delta": 0.734803}}
{"target": -37.00640834632824, "params": {"eta": 0.05008945548715344, "max_depth": 16.947749446430628, "n_estimators": 67.40762765095718}, "datetime": {"datetime": "2021-09-29 15:25:42", "elapsed": 57.679763, "delta": 0.858214}}
{"target": -41.325506741842425, "params": {"eta": 0.2848121898784209, "max_depth": 4.010614303990888, "n_estimators": 67.13939271660297}, "datetime": {"datetime": "2021-09-29 15:25:43", "elapsed": 58.337367, "delta": 0.657604}}
{"target": -42.45571655747716, "params": {"eta": 0.39178863871197117, "max_depth": 25.933770840712906, "n_estimators": 74.68689460826654}, "datetime": {"datetime": "2021-09-29 15:25:44", "elapsed": 59.291577, "delta": 0.95421}}
{"target": -41.17871610573953, "params": {"eta": 0.11797904083352145, "max_depth": 16.799953754246744, "n_estimators": 77.9898696391802}, "datetime": {"datetime": "2021-09-29 15:25:45", "elapsed": 60.293584, "delta": 1.002007}}
{"target": -54.70628265881755, "params": {"eta": 0.01, "max_depth": 1.0, "n_estimators": 45.416076643484644}, "datetime": {"datetime": "2021-09-29 15:25:45", "elapsed": 60.722583, "delta": 0.428999}}
{"target": -38.037043073115775, "params": {"eta": 0.5, "max_depth": 1.0, "n_estimators": 38.544316151538034}, "datetime": {"datetime": "2021-09-29 15:25:46", "elapsed": 61.279339, "delta": 0.556756}}
{"target": -40.07287264402425, "params": {"eta": 0.43921097118911234, "max_depth": 7.1585161521442435, "n_estimators": 41.03101478573756}, "datetime": {"datetime": "2021-09-29 15:25:47", "elapsed": 62.105354, "delta": 0.826015}}
{"target": -40.94671712396587, "params": {"eta": 0.34855627386515814, "max_depth": 11.372160782286034, "n_estimators": 99.77279360636742}, "datetime": {"datetime": "2021-09-29 15:25:48", "elapsed": 63.011008, "delta": 0.905654}}
{"target": -38.769260094141146, "params": {"eta": 0.4953319803879198, "max_depth": 1.3992221207206446, "n_estimators": 73.97460048459091}, "datetime": {"datetime": "2021-09-29 15:25:48", "elapsed": 63.650375, "delta": 0.639367}}
{"target": -37.867732182176674, "params": {"eta": 0.17024696112871382, "max_depth": 1.0797068117337807, "n_estimators": 88.47476905982197}, "datetime": {"datetime": "2021-09-29 15:25:49", "elapsed": 64.210375, "delta": 0.56}}
{"target": -42.798039024217296, "params": {"eta": 0.5, "max_depth": 30.0, "n_estimators": 91.09441169460797}, "datetime": {"datetime": "2021-09-29 15:25:49", "elapsed": 64.927374, "delta": 0.716999}}
{"target": -40.3154933629471, "params": {"eta": 0.4710574294981886, "max_depth": 17.170816500467993, "n_estimators": 58.866881286674996}, "datetime": {"datetime": "2021-09-29 15:25:50", "elapsed": 65.784376, "delta": 0.857002}}
{"target": -39.914894069301866, "params": {"eta": 0.11382506582416632, "max_depth": 25.025409446109155, "n_estimators": 81.6117242387978}, "datetime": {"datetime": "2021-09-29 15:25:51", "elapsed": 66.808376, "delta": 1.024}}
{"target": -38.685976122997914, "params": {"eta": 0.5, "max_depth": 1.0, "n_estimators": 100.0}, "datetime": {"datetime": "2021-09-29 15:25:52", "elapsed": 67.46175, "delta": 0.653374}}
{"target": -42.54084883062096, "params": {"eta": 0.4050161260644835, "max_depth": 15.300999211919194, "n_estimators": 26.10382114223597}, "datetime": {"datetime": "2021-09-29 15:25:53", "elapsed": 68.272706, "delta": 0.810956}}
{"target": -41.31421137333164, "params": {"eta": 0.4929084982845614, "max_depth": 14.917181126031316, "n_estimators": 90.24146265984699}, "datetime": {"datetime": "2021-09-29 15:25:54", "elapsed": 69.084896, "delta": 0.81219}}
{"target": -40.13073801098592, "params": {"eta": 0.1758041877075811, "max_depth": 4.166996500471755, "n_estimators": 60.31105110108126}, "datetime": {"datetime": "2021-09-29 15:25:54", "elapsed": 69.932898, "delta": 0.848002}}
{"target": -40.48103615140196, "params": {"eta": 0.01, "max_depth": 14.957143131092804, "n_estimators": 96.60084227834002}, "datetime": {"datetime": "2021-09-29 15:25:56", "elapsed": 71.120624, "delta": 1.187726}}
{"target": -39.68831935280433, "params": {"eta": 0.482640719539067, "max_depth": 16.863211938126287, "n_estimators": 20.514474107164038}, "datetime": {"datetime": "2021-09-29 15:25:57", "elapsed": 71.979625, "delta": 0.859001}}
{"target": -42.85891917000134, "params": {"eta": 0.5, "max_depth": 15.970406594187951, "n_estimators": 70.50898556926008}, "datetime": {"datetime": "2021-09-29 15:25:57", "elapsed": 72.874213, "delta": 0.894588}}
{"target": -40.30392116825276, "params": {"eta": 0.47035732905055566, "max_depth": 29.876666413456963, "n_estimators": 82.75109419333808}, "datetime": {"datetime": "2021-09-29 15:25:58", "elapsed": 73.761793, "delta": 0.88758}}
{"target": -42.75954811472715, "params": {"eta": 0.5, "max_depth": 4.178399691239625, "n_estimators": 50.08163152813661}, "datetime": {"datetime": "2021-09-29 15:25:59", "elapsed": 74.354792, "delta": 0.592999}}
{"target": -38.530637676244524, "params": {"eta": 0.1863314588826705, "max_depth": 3.484982698503463, "n_estimators": 18.399238657038556}, "datetime": {"datetime": "2021-09-29 15:26:00", "elapsed": 75.032152, "delta": 0.67736}}
{"target": -42.798078039943285, "params": {"eta": 0.5, "max_depth": 25.797447518637423, "n_estimators": 35.53043166897893}, "datetime": {"datetime": "2021-09-29 15:26:01", "elapsed": 75.971202, "delta": 0.93905}}
{"target": -41.96084823834633, "params": {"eta": 0.46886360503866753, "max_depth": 3.497796727029918, "n_estimators": 37.78826061179075}, "datetime": {"datetime": "2021-09-29 15:26:01", "elapsed": 76.76515, "delta": 0.793948}}
{"target": -42.47122687547872, "params": {"eta": 0.5, "max_depth": 9.09727406606976, "n_estimators": 37.77445856684759}, "datetime": {"datetime": "2021-09-29 15:26:02", "elapsed": 77.614303, "delta": 0.849153}}
{"target": -42.471445703944845, "params": {"eta": 0.5, "max_depth": 9.095805478849181, "n_estimators": 68.55775957309042}, "datetime": {"datetime": "2021-09-29 15:26:03", "elapsed": 78.550031, "delta": 0.935728}}
{"target": -61.92476503975984, "params": {"eta": 0.01, "max_depth": 14.339145708276101, "n_estimators": 41.0601733826305}, "datetime": {"datetime": "2021-09-29 15:26:04", "elapsed": 79.299567, "delta": 0.749536}}
{"target": -40.6286610039732, "params": {"eta": 0.4012239745530097, "max_depth": 16.305691879258468, "n_estimators": 46.67345176726889}, "datetime": {"datetime": "2021-09-29 15:26:05", "elapsed": 80.335567, "delta": 1.036}}
{"target": -41.27716930470881, "params": {"eta": 0.044948937214130714, "max_depth": 7.979772217233084, "n_estimators": 22.709192953359974}, "datetime": {"datetime": "2021-09-29 15:26:06", "elapsed": 81.134477, "delta": 0.79891}}
{"target": -42.798039024217296, "params": {"eta": 0.4978264230269093, "max_depth": 26.75534552360123, "n_estimators": 65.69317290495441}, "datetime": {"datetime": "2021-09-29 15:26:07", "elapsed": 82.090484, "delta": 0.956007}}
{"target": -37.93842916647625, "params": {"eta": 0.3465260717154369, "max_depth": 1.0464926259448726, "n_estimators": 23.364211987087195}, "datetime": {"datetime": "2021-09-29 15:26:07", "elapsed": 82.848078, "delta": 0.757594}}
{"target": -40.91615415136999, "params": {"eta": 0.18654314271184208, "max_depth": 29.923465711310673, "n_estimators": 75.0879476931759}, "datetime": {"datetime": "2021-09-29 15:26:09", "elapsed": 84.079045, "delta": 1.230967}}
{"target": -42.83336826572931, "params": {"eta": 0.4326493941729321, "max_depth": 22.184445664053566, "n_estimators": 88.608405552107}, "datetime": {"datetime": "2021-09-29 15:26:10", "elapsed": 85.036441, "delta": 0.957396}}
{"target": -41.87766802965207, "params": {"eta": 0.13300307864619343, "max_depth": 14.05965515878954, "n_estimators": 66.07196021553708}, "datetime": {"datetime": "2021-09-29 15:26:11", "elapsed": 86.016438, "delta": 0.979997}}
{"target": -40.19659844366171, "params": {"eta": 0.18910227366462126, "max_depth": 4.029530169031004, "n_estimators": 25.35300222144296}, "datetime": {"datetime": "2021-09-29 15:26:11", "elapsed": 86.718437, "delta": 0.701999}}
{"target": -39.22145262225272, "params": {"eta": 0.031108263741589474, "max_depth": 1.0489607368733485, "n_estimators": 81.31800258745771}, "datetime": {"datetime": "2021-09-29 15:26:12", "elapsed": 87.453589, "delta": 0.735152}}
{"target": -39.006850374397125, "params": {"eta": 0.17582156854832406, "max_depth": 12.659113996468669, "n_estimators": 59.75229814192998}, "datetime": {"datetime": "2021-09-29 15:26:13", "elapsed": 88.572208, "delta": 1.118619}}
{"target": -66.30502662821605, "params": {"eta": 0.01, "max_depth": 18.82698938009862, "n_estimators": 35.87003864390153}, "datetime": {"datetime": "2021-09-29 15:26:14", "elapsed": 89.568387, "delta": 0.996179}}
{"target": -42.84155335571168, "params": {"eta": 0.5, "max_depth": 22.679050782047884, "n_estimators": 31.24841370915834}, "datetime": {"datetime": "2021-09-29 15:26:15", "elapsed": 90.585358, "delta": 1.016971}}
{"target": -40.07966668513209, "params": {"eta": 0.2136229739540863, "max_depth": 16.235897912488674, "n_estimators": 29.763985055348357}, "datetime": {"datetime": "2021-09-29 15:26:16", "elapsed": 91.505218, "delta": 0.91986}}
{"target": -53.2515123260244, "params": {"eta": 0.4374713090552834, "max_depth": 11.76897629372339, "n_estimators": 1.0137055411331812}, "datetime": {"datetime": "2021-09-29 15:26:17", "elapsed": 92.159214, "delta": 0.653996}}
{"target": -74.2334316298048, "params": {"eta": 0.03157150951566263, "max_depth": 3.506406474232482, "n_estimators": 8.456023895043003}, "datetime": {"datetime": "2021-09-29 15:26:17", "elapsed": 92.840957, "delta": 0.681743}}
{"target": -41.06944173299644, "params": {"eta": 0.3380025412744544, "max_depth": 6.191263742223773, "n_estimators": 11.557814605973318}, "datetime": {"datetime": "2021-09-29 15:26:18", "elapsed": 93.613348, "delta": 0.772391}}
{"target": -39.18396656407934, "params": {"eta": 0.18096820903805458, "max_depth": 1.054775070041454, "n_estimators": 13.209843977430145}, "datetime": {"datetime": "2021-09-29 15:26:19", "elapsed": 94.28231, "delta": 0.668962}}
{"target": -43.07309083363513, "params": {"eta": 0.5, "max_depth": 4.061681079385272, "n_estimators": 91.24754727795037}, "datetime": {"datetime": "2021-09-29 15:26:20", "elapsed": 95.065953, "delta": 0.783643}}
{"target": -39.33258057309908, "params": {"eta": 0.08415579505585337, "max_depth": 16.1805041868204, "n_estimators": 85.14317081339625}, "datetime": {"datetime": "2021-09-29 15:26:21", "elapsed": 96.157953, "delta": 1.092}}
{"target": -42.995218159869545, "params": {"eta": 0.46254159099158276, "max_depth": 3.4685651143643295, "n_estimators": 63.56488070250162}, "datetime": {"datetime": "2021-09-29 15:26:22", "elapsed": 96.953955, "delta": 0.796002}}
{"target": -38.348739652049815, "params": {"eta": 0.5, "max_depth": 1.0, "n_estimators": 67.13506251512398}, "datetime": {"datetime": "2021-09-29 15:26:22", "elapsed": 97.618383, "delta": 0.664428}}
{"target": -82.70853573099967, "params": {"eta": 0.01, "max_depth": 13.206516874082782, "n_estimators": 16.68451333249408}, "datetime": {"datetime": "2021-09-29 15:26:23", "elapsed": 98.263386, "delta": 0.645003}}
{"target": -40.23837793384926, "params": {"eta": 0.45201343084953827, "max_depth": 17.88948710284458, "n_estimators": 94.11693172496203}, "datetime": {"datetime": "2021-09-29 15:26:24", "elapsed": 99.29757, "delta": 1.034184}}
{"target": -42.93251911417029, "params": {"eta": 0.4582407716961342, "max_depth": 3.2595089319648265, "n_estimators": 33.123631975619354}, "datetime": {"datetime": "2021-09-29 15:26:25", "elapsed": 100.055574, "delta": 0.758004}}
{"target": -42.00219182641496, "params": {"eta": 0.37217754704926076, "max_depth": 13.06289188321384, "n_estimators": 84.21618243101912}, "datetime": {"datetime": "2021-09-29 15:26:26", "elapsed": 101.100046, "delta": 1.044472}}
{"target": -40.91706673045234, "params": {"eta": 0.01, "max_depth": 22.167203931954095, "n_estimators": 93.5332605686514}, "datetime": {"datetime": "2021-09-29 15:26:27", "elapsed": 102.353047, "delta": 1.253001}}
{"target": -43.1525460271843, "params": {"eta": 0.4876645686528891, "max_depth": 3.0024138884818656, "n_estimators": 28.75817450625933}, "datetime": {"datetime": "2021-09-29 15:26:28", "elapsed": 103.083768, "delta": 0.730721}}
{"target": -39.884663004705345, "params": {"eta": 0.01, "max_depth": 19.87508844321067, "n_estimators": 99.51412090171172}, "datetime": {"datetime": "2021-09-29 15:26:29", "elapsed": 104.236768, "delta": 1.153}}
{"target": -43.11076076462708, "params": {"eta": 0.4726711968851102, "max_depth": 3.801767996042675, "n_estimators": 84.4013661600017}, "datetime": {"datetime": "2021-09-29 15:26:30", "elapsed": 105.047771, "delta": 0.811003}}
