{"target": -43.93936214590431, "params": {"eta": 0.2068912544369789, "max_depth": 1.1611428099604626, "n_estimators": 43.10526878772381}, "datetime": {"datetime": "2021-09-24 15:59:50", "elapsed": 231.392897, "delta": 1.644613}}
{"target": -43.98815401693932, "params": {"eta": 0.3575803318424974, "max_depth": 2.206861471723947, "n_estimators": 19.695814295966027}, "datetime": {"datetime": "2021-09-24 15:59:52", "elapsed": 233.130807, "delta": 1.73791}}
{"target": -44.72651156088463, "params": {"eta": 0.4857437765302039, "max_depth": 1.319436665126259, "n_estimators": 44.480581215328534}, "datetime": {"datetime": "2021-09-24 15:59:54", "elapsed": 235.239917, "delta": 2.10911}}
{"target": -45.41065055445621, "params": {"eta": 0.46562822829144934, "max_depth": 2.5995057205175995, "n_estimators": 17.528434471138535}, "datetime": {"datetime": "2021-09-24 15:59:56", "elapsed": 237.436141, "delta": 2.196224}}
{"target": -48.851337203405855, "params": {"eta": 0.49479571846452125, "max_depth": 4.736454478984836, "n_estimators": 3.705401845433727}, "datetime": {"datetime": "2021-09-24 15:59:57", "elapsed": 238.349008, "delta": 0.912867}}
{"target": -44.70553107010691, "params": {"eta": 0.4892473235197226, "max_depth": 1.3120831940690856, "n_estimators": 23.614132558294298}, "datetime": {"datetime": "2021-09-24 15:59:59", "elapsed": 239.996119, "delta": 1.647111}}
{"target": -45.28560179516785, "params": {"eta": 0.5, "max_depth": 1.2075158696122925, "n_estimators": 43.159963148581376}, "datetime": {"datetime": "2021-09-24 16:00:00", "elapsed": 241.982161, "delta": 1.986042}}
{"target": -90.98197501046317, "params": {"eta": 0.20559469809755487, "max_depth": 1.72822530221505, "n_estimators": 2.5567610876610742}, "datetime": {"datetime": "2021-09-24 16:00:01", "elapsed": 242.92148, "delta": 0.939319}}
{"target": -46.30411764732877, "params": {"eta": 0.1220901526472038, "max_depth": 1.1367839457355884, "n_estimators": 23.517995745398053}, "datetime": {"datetime": "2021-09-24 16:00:03", "elapsed": 244.945389, "delta": 2.023909}}
{"target": -44.94666063695922, "params": {"eta": 0.40428779054473535, "max_depth": 3.445336891737043, "n_estimators": 8.09101942490836}, "datetime": {"datetime": "2021-09-24 16:00:05", "elapsed": 246.821398, "delta": 1.876009}}
{"target": -46.460819961433124, "params": {"eta": 0.13949272987701877, "max_depth": 1.9061657922716662, "n_estimators": 18.859573222922414}, "datetime": {"datetime": "2021-09-24 16:00:07", "elapsed": 248.684782, "delta": 1.863384}}
{"target": -44.519846980733085, "params": {"eta": 0.12445361338348059, "max_depth": 1.4256103180885507, "n_estimators": 43.82343742265445}, "datetime": {"datetime": "2021-09-24 16:00:09", "elapsed": 250.811773, "delta": 2.126991}}
{"target": -44.43492201037873, "params": {"eta": 0.28863386295069965, "max_depth": 2.5477540990902052, "n_estimators": 17.863088854923163}, "datetime": {"datetime": "2021-09-24 16:00:11", "elapsed": 252.870859, "delta": 2.059086}}
{"target": -47.06528346699879, "params": {"eta": 0.21248342782965615, "max_depth": 2.2648660422177036, "n_estimators": 8.33215272993298}, "datetime": {"datetime": "2021-09-24 16:00:12", "elapsed": 253.811862, "delta": 0.941003}}
{"target": -44.452515193394255, "params": {"eta": 0.4472963389770846, "max_depth": 1.6232173296844437, "n_estimators": 39.92678300434293}, "datetime": {"datetime": "2021-09-24 16:00:14", "elapsed": 255.770396, "delta": 1.958534}}
{"target": -45.443398239021015, "params": {"eta": 0.47353488749647693, "max_depth": 2.1044762796400773, "n_estimators": 19.041579304907273}, "datetime": {"datetime": "2021-09-24 16:00:16", "elapsed": 257.355392, "delta": 1.584996}}
{"target": -46.19605564891844, "params": {"eta": 0.19608536977622024, "max_depth": 3.2568892321340694, "n_estimators": 9.423544389389898}, "datetime": {"datetime": "2021-09-24 16:00:17", "elapsed": 258.313392, "delta": 0.958}}
{"target": -44.92179480531162, "params": {"eta": 0.28894252140119886, "max_depth": 2.82905072166264, "n_estimators": 36.18499868534769}, "datetime": {"datetime": "2021-09-24 16:00:18", "elapsed": 259.336391, "delta": 1.022999}}
{"target": -47.10033755194872, "params": {"eta": 0.48887106144541487, "max_depth": 3.113603417745187, "n_estimators": 9.632317654302023}, "datetime": {"datetime": "2021-09-24 16:00:20", "elapsed": 261.349493, "delta": 2.013102}}
{"target": -47.271082598463934, "params": {"eta": 0.4809401825366394, "max_depth": 3.263667056376204, "n_estimators": 9.093495651842252}, "datetime": {"datetime": "2021-09-24 16:00:22", "elapsed": 263.424523, "delta": 2.07503}}
{"target": -44.08755630837347, "params": {"eta": 0.34649344537952775, "max_depth": 2.9695143161110216, "n_estimators": 9.30271437066111}, "datetime": {"datetime": "2021-09-24 16:00:23", "elapsed": 264.742526, "delta": 1.318003}}
{"target": -45.829714724892064, "params": {"eta": 0.48800411190385107, "max_depth": 2.1115323266367194, "n_estimators": 5.653040045465872}, "datetime": {"datetime": "2021-09-24 16:00:24", "elapsed": 265.697525, "delta": 0.954999}}
{"target": -106.05371654481816, "params": {"eta": 0.2706163837379553, "max_depth": 2.3415222339259163, "n_estimators": 1.2393325325917606}, "datetime": {"datetime": "2021-09-24 16:00:25", "elapsed": 266.622525, "delta": 0.925}}
{"target": -44.52894047328404, "params": {"eta": 0.4395500060481676, "max_depth": 1.4592529209034286, "n_estimators": 12.93163218494452}, "datetime": {"datetime": "2021-09-24 16:00:27", "elapsed": 268.282994, "delta": 1.660469}}
{"target": -45.77022420553337, "params": {"eta": 0.2814816601404322, "max_depth": 1.8116234836419478, "n_estimators": 12.980348178787892}, "datetime": {"datetime": "2021-09-24 16:00:29", "elapsed": 270.206992, "delta": 1.923998}}
{"target": -44.28722370119023, "params": {"eta": 0.1290676516342657, "max_depth": 3.1339126235645742, "n_estimators": 36.42264398521915}, "datetime": {"datetime": "2021-09-24 16:00:30", "elapsed": 271.87599, "delta": 1.668998}}
{"target": -48.70634922228361, "params": {"eta": 0.3635588214781211, "max_depth": 3.2157950374950754, "n_estimators": 36.0863913464674}, "datetime": {"datetime": "2021-09-24 16:00:32", "elapsed": 273.583522, "delta": 1.707532}}
{"target": -47.056677968878496, "params": {"eta": 0.06125324574394114, "max_depth": 1.9675038250731207, "n_estimators": 39.98073821268396}, "datetime": {"datetime": "2021-09-24 16:00:34", "elapsed": 275.177537, "delta": 1.594015}}
{"target": -46.34244801227312, "params": {"eta": 0.06409741062833796, "max_depth": 1.1185343259087457, "n_estimators": 44.171644713065824}, "datetime": {"datetime": "2021-09-24 16:00:35", "elapsed": 276.646537, "delta": 1.469}}
{"target": -47.33010339378414, "params": {"eta": 0.5, "max_depth": 3.4380816251297777, "n_estimators": 9.434890639863482}, "datetime": {"datetime": "2021-09-24 16:00:37", "elapsed": 278.37155, "delta": 1.725013}}
{"target": -44.5170956088188, "params": {"eta": 0.10810356858186387, "max_depth": 3.2954766188153473, "n_estimators": 40.073786582671886}, "datetime": {"datetime": "2021-09-24 16:00:39", "elapsed": 280.430383, "delta": 2.058833}}
{"target": -81.67611014574094, "params": {"eta": 0.014686339805948682, "max_depth": 3.706016220622714, "n_estimators": 40.121736666576595}, "datetime": {"datetime": "2021-09-24 16:00:41", "elapsed": 282.186689, "delta": 1.756306}}
{"target": -43.813652669576776, "params": {"eta": 0.33968680423390973, "max_depth": 2.0070745179453944, "n_estimators": 13.355382628128542}, "datetime": {"datetime": "2021-09-24 16:00:42", "elapsed": 283.15259, "delta": 0.965901}}
{"target": -51.770439692905974, "params": {"eta": 0.43769497101578886, "max_depth": 3.1869544880940888, "n_estimators": 40.39085316801156}, "datetime": {"datetime": "2021-09-24 16:00:44", "elapsed": 285.289938, "delta": 2.137348}}
{"target": -43.416320399234166, "params": {"eta": 0.362778331866195, "max_depth": 1.3490468696543716, "n_estimators": 19.242251559601474}, "datetime": {"datetime": "2021-09-24 16:00:46", "elapsed": 287.335308, "delta": 2.04537}}
{"target": -47.43029544228002, "params": {"eta": 0.18544860388196346, "max_depth": 4.29501919736645, "n_estimators": 40.401596763832444}, "datetime": {"datetime": "2021-09-24 16:00:47", "elapsed": 288.42143, "delta": 1.086122}}
{"target": -44.08539455098317, "params": {"eta": 0.11249871143379943, "max_depth": 2.8696725967701076, "n_estimators": 40.063755956838754}, "datetime": {"datetime": "2021-09-24 16:00:49", "elapsed": 290.712764, "delta": 2.291334}}
{"target": -43.08277543146807, "params": {"eta": 0.21310289300690066, "max_depth": 3.221034435966738, "n_estimators": 17.340799720501142}, "datetime": {"datetime": "2021-09-24 16:00:51", "elapsed": 292.581, "delta": 1.868236}}
{"target": -45.77871078835394, "params": {"eta": 0.40148000749704205, "max_depth": 3.3973976146820073, "n_estimators": 17.025203241252825}, "datetime": {"datetime": "2021-09-24 16:00:53", "elapsed": 294.605773, "delta": 2.024773}}
{"target": -45.75478512183168, "params": {"eta": 0.38213870405853273, "max_depth": 3.4300438436712124, "n_estimators": 17.604561936851507}, "datetime": {"datetime": "2021-09-24 16:00:55", "elapsed": 296.764707, "delta": 2.158934}}
{"target": -44.932661873953684, "params": {"eta": 0.06578927451324205, "max_depth": 3.48995628996863, "n_estimators": 36.72796653893573}, "datetime": {"datetime": "2021-09-24 16:00:58", "elapsed": 299.082914, "delta": 2.318207}}
{"target": -48.08842838258671, "params": {"eta": 0.4434993662944074, "max_depth": 2.321018779138335, "n_estimators": 28.39520292088805}, "datetime": {"datetime": "2021-09-24 16:01:00", "elapsed": 301.396622, "delta": 2.313708}}
{"target": -47.554494786083254, "params": {"eta": 0.4216053318321934, "max_depth": 2.9930723604217144, "n_estimators": 39.80310890521106}, "datetime": {"datetime": "2021-09-24 16:01:02", "elapsed": 303.416622, "delta": 2.02}}
{"target": -50.80412067327284, "params": {"eta": 0.3732501631889439, "max_depth": 4.636656191562793, "n_estimators": 49.67953460247491}, "datetime": {"datetime": "2021-09-24 16:01:03", "elapsed": 304.761646, "delta": 1.345024}}
{"target": -49.870518820626394, "params": {"eta": 0.46337649720243007, "max_depth": 4.10814528459076, "n_estimators": 30.637548273624333}, "datetime": {"datetime": "2021-09-24 16:01:04", "elapsed": 305.882648, "delta": 1.121002}}
{"target": -47.66061504622151, "params": {"eta": 0.10814104710478308, "max_depth": 3.876633333007997, "n_estimators": 15.131624777635782}, "datetime": {"datetime": "2021-09-24 16:01:05", "elapsed": 306.946185, "delta": 1.063537}}
{"target": -46.79046203498554, "params": {"eta": 0.2204007333165991, "max_depth": 4.119726932813651, "n_estimators": 45.30933059646491}, "datetime": {"datetime": "2021-09-24 16:01:07", "elapsed": 308.168235, "delta": 1.22205}}
{"target": -48.19109040453918, "params": {"eta": 0.10467793227489144, "max_depth": 1.5916976363791395, "n_estimators": 19.373852566105064}, "datetime": {"datetime": "2021-09-24 16:01:09", "elapsed": 310.333857, "delta": 2.165622}}
{"target": -48.91923630506472, "params": {"eta": 0.37534898293427127, "max_depth": 3.462172671070211, "n_estimators": 37.087989446420956}, "datetime": {"datetime": "2021-09-24 16:01:11", "elapsed": 312.142672, "delta": 1.808815}}
{"target": -44.30909568385074, "params": {"eta": 0.4680648276283039, "max_depth": 2.4423858116333848, "n_estimators": 19.329567397066892}, "datetime": {"datetime": "2021-09-24 16:01:12", "elapsed": 313.746228, "delta": 1.603556}}
{"target": -67.01991461273423, "params": {"eta": 0.0385691486806496, "max_depth": 2.8423840867946852, "n_estimators": 21.786032719856898}, "datetime": {"datetime": "2021-09-24 16:01:13", "elapsed": 314.733925, "delta": 0.987697}}
{"target": -47.135208158564744, "params": {"eta": 0.5, "max_depth": 3.1155486798051117, "n_estimators": 8.435655387797674}, "datetime": {"datetime": "2021-09-24 16:01:15", "elapsed": 316.094588, "delta": 1.360663}}
{"target": -44.74500254580849, "params": {"eta": 0.4629274271273588, "max_depth": 1.947561977646677, "n_estimators": 39.36876103619875}, "datetime": {"datetime": "2021-09-24 16:01:16", "elapsed": 317.681344, "delta": 1.586756}}
{"target": -47.783231864298195, "params": {"eta": 0.48563601970212467, "max_depth": 4.363129557926066, "n_estimators": 15.873043379475252}, "datetime": {"datetime": "2021-09-24 16:01:17", "elapsed": 318.795499, "delta": 1.114155}}
{"target": -45.73898625194578, "params": {"eta": 0.41113358990444354, "max_depth": 2.9767741962523164, "n_estimators": 17.901820277829845}, "datetime": {"datetime": "2021-09-24 16:01:20", "elapsed": 321.326588, "delta": 2.531089}}
{"target": -44.23584925142446, "params": {"eta": 0.19064192186125786, "max_depth": 1.6137196406324406, "n_estimators": 39.31830283131257}, "datetime": {"datetime": "2021-09-24 16:01:22", "elapsed": 323.297732, "delta": 1.971144}}
{"target": -45.51087096938513, "params": {"eta": 0.4751221055638309, "max_depth": 2.9958898170351005, "n_estimators": 17.455313270078516}, "datetime": {"datetime": "2021-09-24 16:01:24", "elapsed": 325.564442, "delta": 2.26671}}
{"target": -43.31278194341444, "params": {"eta": 0.3645878743065902, "max_depth": 1.2131457873900047, "n_estimators": 39.31209324978568}, "datetime": {"datetime": "2021-09-24 16:01:26", "elapsed": 327.620863, "delta": 2.056421}}
{"target": -45.274559279133506, "params": {"eta": 0.5, "max_depth": 1.487038126167297, "n_estimators": 39.062045896207245}, "datetime": {"datetime": "2021-09-24 16:01:28", "elapsed": 329.810801, "delta": 2.189938}}
{"target": -43.33886793323029, "params": {"eta": 0.3516229088568992, "max_depth": 1.4799887155885303, "n_estimators": 33.378339592879954}, "datetime": {"datetime": "2021-09-24 16:01:31", "elapsed": 332.188025, "delta": 2.377224}}
{"target": -47.83520177970255, "params": {"eta": 0.2497760636407257, "max_depth": 4.471821779292743, "n_estimators": 39.37874713115608}, "datetime": {"datetime": "2021-09-24 16:01:32", "elapsed": 333.314806, "delta": 1.126781}}
{"target": -45.084424527964195, "params": {"eta": 0.5, "max_depth": 1.0, "n_estimators": 19.124873856072906}, "datetime": {"datetime": "2021-09-24 16:01:34", "elapsed": 335.613285, "delta": 2.298479}}
{"target": -49.27398652958691, "params": {"eta": 0.3951325397025461, "max_depth": 4.7840045919341545, "n_estimators": 14.76552738640115}, "datetime": {"datetime": "2021-09-24 16:01:35", "elapsed": 336.772959, "delta": 1.159674}}
{"target": -46.97238285380199, "params": {"eta": 0.12613041384180051, "max_depth": 1.0758992661784772, "n_estimators": 19.11635232098445}, "datetime": {"datetime": "2021-09-24 16:01:38", "elapsed": 339.384026, "delta": 2.611067}}
{"target": -47.93679866934181, "params": {"eta": 0.06380169781407831, "max_depth": 1.714047701751705, "n_estimators": 33.52066952334926}, "datetime": {"datetime": "2021-09-24 16:01:40", "elapsed": 341.454396, "delta": 2.07037}}
{"target": -44.74658524362665, "params": {"eta": 0.4669084452307678, "max_depth": 1.564639377462914, "n_estimators": 39.51774989016708}, "datetime": {"datetime": "2021-09-24 16:01:42", "elapsed": 343.590636, "delta": 2.13624}}
{"target": -44.54688541154216, "params": {"eta": 0.48124235420071043, "max_depth": 1.0932503186644238, "n_estimators": 27.12870704131255}, "datetime": {"datetime": "2021-09-24 16:01:44", "elapsed": 345.700674, "delta": 2.110038}}
{"target": -61.62523585154598, "params": {"eta": 0.38614956229474307, "max_depth": 2.1390025516251834, "n_estimators": 2.524318893749272}, "datetime": {"datetime": "2021-09-24 16:01:46", "elapsed": 347.050962, "delta": 1.350288}}
{"target": -44.69510375288196, "params": {"eta": 0.1676926346238583, "max_depth": 1.3470625609563842, "n_estimators": 27.10724286762917}, "datetime": {"datetime": "2021-09-24 16:01:48", "elapsed": 349.05772, "delta": 2.006758}}
{"target": -43.23537909715696, "params": {"eta": 0.3748629202130512, "max_depth": 1.7211112807852977, "n_estimators": 36.8474070289284}, "datetime": {"datetime": "2021-09-24 16:01:49", "elapsed": 350.871012, "delta": 1.813292}}
{"target": -45.57106333567684, "params": {"eta": 0.0974064487960301, "max_depth": 1.5024713647862709, "n_estimators": 36.63721733449346}, "datetime": {"datetime": "2021-09-24 16:01:51", "elapsed": 352.929656, "delta": 2.058644}}
{"target": -47.659161876018786, "params": {"eta": 0.37430826293163133, "max_depth": 3.5890452036871583, "n_estimators": 28.94392783955238}, "datetime": {"datetime": "2021-09-24 16:01:53", "elapsed": 354.159408, "delta": 1.229752}}
{"target": -43.828499241879115, "params": {"eta": 0.4117637662714153, "max_depth": 1.4449641063057719, "n_estimators": 37.18404699207312}, "datetime": {"datetime": "2021-09-24 16:01:55", "elapsed": 356.206682, "delta": 2.047274}}
{"target": -46.45499945045414, "params": {"eta": 0.257460921447008, "max_depth": 3.5746291540891537, "n_estimators": 28.276741313500956}, "datetime": {"datetime": "2021-09-24 16:01:56", "elapsed": 357.402716, "delta": 1.196034}}
{"target": -53.79542289102884, "params": {"eta": 0.05386464567030306, "max_depth": 1.9297230915007266, "n_estimators": 24.96660286322226}, "datetime": {"datetime": "2021-09-24 16:01:57", "elapsed": 358.544673, "delta": 1.141957}}
{"target": -49.173393708422665, "params": {"eta": 0.05029742593691534, "max_depth": 1.6216386332741113, "n_estimators": 37.050130352212285}, "datetime": {"datetime": "2021-09-24 16:01:59", "elapsed": 360.509742, "delta": 1.965069}}
{"target": -46.43014873418593, "params": {"eta": 0.32139680726574876, "max_depth": 3.069832577689298, "n_estimators": 28.64016165212295}, "datetime": {"datetime": "2021-09-24 16:02:01", "elapsed": 362.183649, "delta": 1.673907}}
{"target": -50.400038152709044, "params": {"eta": 0.49407612137414, "max_depth": 4.524512309705551, "n_estimators": 21.970519079446927}, "datetime": {"datetime": "2021-09-24 16:02:02", "elapsed": 363.438441, "delta": 1.254792}}
{"target": -44.40633289079021, "params": {"eta": 0.5, "max_depth": 1.4074932378919818, "n_estimators": 26.874498504083085}, "datetime": {"datetime": "2021-09-24 16:02:04", "elapsed": 365.409217, "delta": 1.970776}}
{"target": -90.80288197223405, "params": {"eta": 0.02778498511592895, "max_depth": 3.2410341028497958, "n_estimators": 17.761016230154784}, "datetime": {"datetime": "2021-09-24 16:02:07", "elapsed": 368.125424, "delta": 2.716207}}
{"target": -44.43803663899128, "params": {"eta": 0.11865123917348898, "max_depth": 1.2286398021718707, "n_estimators": 44.73555086375005}, "datetime": {"datetime": "2021-09-24 16:02:09", "elapsed": 370.205464, "delta": 2.08004}}
{"target": -44.607298514000455, "params": {"eta": 0.46942544782351897, "max_depth": 1.5153849585414676, "n_estimators": 36.45357511929245}, "datetime": {"datetime": "2021-09-24 16:02:12", "elapsed": 373.460483, "delta": 3.255019}}
{"target": -49.79388178201546, "params": {"eta": 0.34245954198439404, "max_depth": 3.0384222072210223, "n_estimators": 40.55935549485398}, "datetime": {"datetime": "2021-09-24 16:02:13", "elapsed": 374.797508, "delta": 1.337025}}
{"target": -45.827254044382194, "params": {"eta": 0.43289727583148124, "max_depth": 3.3407194999881153, "n_estimators": 11.311125109216247}, "datetime": {"datetime": "2021-09-24 16:02:15", "elapsed": 376.117406, "delta": 1.319898}}
{"target": -45.81304690712377, "params": {"eta": 0.07621085021808394, "max_depth": 1.53257230672319, "n_estimators": 44.47554241694162}, "datetime": {"datetime": "2021-09-24 16:02:16", "elapsed": 377.957241, "delta": 1.839835}}
{"target": -46.71621701233369, "params": {"eta": 0.4334495862523991, "max_depth": 3.9203758183066286, "n_estimators": 17.623004572478244}, "datetime": {"datetime": "2021-09-24 16:02:19", "elapsed": 380.122593, "delta": 2.165352}}
{"target": -49.101777729235195, "params": {"eta": 0.4386391151051558, "max_depth": 3.5269587881962488, "n_estimators": 22.63877947978077}, "datetime": {"datetime": "2021-09-24 16:02:20", "elapsed": 381.533823, "delta": 1.41123}}
{"target": -44.1243702594499, "params": {"eta": 0.4449020524468755, "max_depth": 1.477347350709246, "n_estimators": 35.96512375279259}, "datetime": {"datetime": "2021-09-24 16:02:22", "elapsed": 383.50263, "delta": 1.968807}}
{"target": -119.4111876666994, "params": {"eta": 0.048594674703247916, "max_depth": 2.535617810086049, "n_estimators": 4.86418509275865}, "datetime": {"datetime": "2021-09-24 16:02:23", "elapsed": 384.58688, "delta": 1.08425}}
{"target": -44.02676532143041, "params": {"eta": 0.4164378807790025, "max_depth": 1.551498797670214, "n_estimators": 44.813241270197885}, "datetime": {"datetime": "2021-09-24 16:02:25", "elapsed": 386.511551, "delta": 1.924671}}
{"target": -45.19901140829674, "params": {"eta": 0.5, "max_depth": 1.3136528602772302, "n_estimators": 45.197146687356756}, "datetime": {"datetime": "2021-09-24 16:02:28", "elapsed": 389.01326, "delta": 2.501709}}
{"target": -43.248071484099654, "params": {"eta": 0.3515134950079031, "max_depth": 1.865461618970655, "n_estimators": 35.93363790559051}, "datetime": {"datetime": "2021-09-24 16:02:30", "elapsed": 391.108651, "delta": 2.095391}}
{"target": -43.38236087426207, "params": {"eta": 0.10446083495306965, "max_depth": 3.863783347054549, "n_estimators": 33.71821184275907}, "datetime": {"datetime": "2021-09-24 16:02:31", "elapsed": 392.326649, "delta": 1.217998}}
{"target": -50.98616079459513, "params": {"eta": 0.1279094717607631, "max_depth": 1.4106252793109608, "n_estimators": 12.65237779246454}, "datetime": {"datetime": "2021-09-24 16:02:33", "elapsed": 394.383518, "delta": 2.056869}}
{"target": -45.10828967560503, "params": {"eta": 0.10674189083071563, "max_depth": 1.4847506056146744, "n_estimators": 36.15572706209535}, "datetime": {"datetime": "2021-09-24 16:02:35", "elapsed": 396.07252, "delta": 1.689002}}
{"target": -44.32848564664224, "params": {"eta": 0.3099126398527155, "max_depth": 2.496626273219312, "n_estimators": 34.02788178803848}, "datetime": {"datetime": "2021-09-24 16:02:37", "elapsed": 398.837486, "delta": 2.764966}}
