{"target": 0.3379996324383765, "params": {"eta": 0.9762879983534705, "max_depth": 1.0069739047189457, "n_estimators": 22.51663198123947}, "datetime": {"datetime": "2021-09-24 12:59:05", "elapsed": 15.147683, "delta": 0.349001}}
{"target": 0.42236180469702955, "params": {"eta": 1.0, "max_depth": 1.0, "n_estimators": 5.360556519071211}, "datetime": {"datetime": "2021-09-24 12:59:05", "elapsed": 15.498682, "delta": 0.350999}}
{"target": 0.346850726119056, "params": {"eta": 1.0, "max_depth": 1.0, "n_estimators": 20.31100729773455}, "datetime": {"datetime": "2021-09-24 12:59:06", "elapsed": 15.869644, "delta": 0.370962}}
{"target": 0.39008434932050584, "params": {"eta": 0.604408804079427, "max_depth": 1.8089086845230524, "n_estimators": 14.153096303240734}, "datetime": {"datetime": "2021-09-24 12:59:06", "elapsed": 16.388885, "delta": 0.519241}}
{"target": 0.39935041785934544, "params": {"eta": 0.6, "max_depth": 1.4445788896396792, "n_estimators": 5.903567496753065}, "datetime": {"datetime": "2021-09-24 12:59:07", "elapsed": 16.823429, "delta": 0.434544}}
{"target": 0.10990920852703112, "params": {"eta": 0.8491581364672433, "max_depth": 2.8942417261938442, "n_estimators": 49.99465825634969}, "datetime": {"datetime": "2021-09-24 12:59:07", "elapsed": 17.277428, "delta": 0.453999}}
{"target": 0.3583514399027903, "params": {"eta": 0.932465282445433, "max_depth": 1.0105272497488993, "n_estimators": 35.15584383016565}, "datetime": {"datetime": "2021-09-24 12:59:07", "elapsed": 17.653423, "delta": 0.375995}}
{"target": 0.37917972677088263, "params": {"eta": 0.6416399693647419, "max_depth": 1.0169707753077344, "n_estimators": 15.59296577032207}, "datetime": {"datetime": "2021-09-24 12:59:08", "elapsed": 18.089484, "delta": 0.436061}}
{"target": 0.4053363741093656, "params": {"eta": 0.9396505660925132, "max_depth": 1.514100552277744, "n_estimators": 18.495062829828044}, "datetime": {"datetime": "2021-09-24 12:59:08", "elapsed": 18.528482, "delta": 0.438998}}
{"target": 0.3929157878295503, "params": {"eta": 0.6, "max_depth": 1.0, "n_estimators": 13.685840092196303}, "datetime": {"datetime": "2021-09-24 12:59:09", "elapsed": 18.931938, "delta": 0.403456}}
{"target": 0.38900444351639774, "params": {"eta": 1.0, "max_depth": 1.0, "n_estimators": 11.247426929783588}, "datetime": {"datetime": "2021-09-24 12:59:09", "elapsed": 19.34094, "delta": 0.409002}}
{"target": 0.33713838723136225, "params": {"eta": 1.0, "max_depth": 1.0, "n_estimators": 49.097802822811765}, "datetime": {"datetime": "2021-09-24 12:59:09", "elapsed": 19.769935, "delta": 0.428995}}
{"target": 0.3944363295376877, "params": {"eta": 0.6, "max_depth": 1.0, "n_estimators": 39.469626904023364}, "datetime": {"datetime": "2021-09-24 12:59:10", "elapsed": 20.236614, "delta": 0.466679}}
{"target": 0.33426909637663926, "params": {"eta": 0.9965869288109555, "max_depth": 1.031631946680787, "n_estimators": 25.382327529091263}, "datetime": {"datetime": "2021-09-24 12:59:10", "elapsed": 20.669614, "delta": 0.433}}
{"target": 0.4068634798278995, "params": {"eta": 0.6, "max_depth": 1.0, "n_estimators": 30.98474285876081}, "datetime": {"datetime": "2021-09-24 12:59:11", "elapsed": 21.312007, "delta": 0.642393}}
{"target": 0.4058383944417647, "params": {"eta": 0.6, "max_depth": 1.5581799643715764, "n_estimators": 32.1902695794288}, "datetime": {"datetime": "2021-09-24 12:59:11", "elapsed": 21.701007, "delta": 0.389}}
{"target": 0.39030173801868817, "params": {"eta": 0.6, "max_depth": 1.0, "n_estimators": 18.366482744811083}, "datetime": {"datetime": "2021-09-24 12:59:12", "elapsed": 22.063684, "delta": 0.362677}}
{"target": 0.40255361296746783, "params": {"eta": 0.621094476167734, "max_depth": 1.5012060233068265, "n_estimators": 9.281881663786427}, "datetime": {"datetime": "2021-09-24 12:59:12", "elapsed": 22.499916, "delta": 0.436232}}
{"target": 0.3887251556746215, "params": {"eta": 0.6, "max_depth": 1.9023132229766875, "n_estimators": 19.176143218458176}, "datetime": {"datetime": "2021-09-24 12:59:13", "elapsed": 22.852655, "delta": 0.352739}}
{"target": 0.421471520352389, "params": {"eta": 0.983965780795609, "max_depth": 1.5488676567612947, "n_estimators": 5.139245753389926}, "datetime": {"datetime": "2021-09-24 12:59:13", "elapsed": 23.362584, "delta": 0.509929}}
{"target": 0.40298279120962655, "params": {"eta": 0.6160946737373412, "max_depth": 1.073645743237199, "n_estimators": 9.536169150591535}, "datetime": {"datetime": "2021-09-24 12:59:14", "elapsed": 23.813581, "delta": 0.450997}}
{"target": 0.3880794735333999, "params": {"eta": 0.7508377051978153, "max_depth": 1.0007754845402252, "n_estimators": 24.141288009252435}, "datetime": {"datetime": "2021-09-24 12:59:14", "elapsed": 24.236855, "delta": 0.423274}}
{"target": 0.3794147168176296, "params": {"eta": 0.6151989533821921, "max_depth": 1.7624292543808493, "n_estimators": 17.896621570749023}, "datetime": {"datetime": "2021-09-24 12:59:14", "elapsed": 24.768843, "delta": 0.531988}}
{"target": 0.3984710299597186, "params": {"eta": 1.0, "max_depth": 1.5024996473361862, "n_estimators": 13.995949958417246}, "datetime": {"datetime": "2021-09-24 12:59:15", "elapsed": 25.254721, "delta": 0.485878}}
{"target": 0.4063064687296799, "params": {"eta": 1.0, "max_depth": 1.4218711641725086, "n_estimators": 8.763947395248866}, "datetime": {"datetime": "2021-09-24 12:59:16", "elapsed": 25.876724, "delta": 0.622003}}
{"target": 0.31511380273868994, "params": {"eta": 1.0, "max_depth": 1.0, "n_estimators": 39.09370909770583}, "datetime": {"datetime": "2021-09-24 12:59:16", "elapsed": 26.310972, "delta": 0.434248}}
{"target": 0.40310968397249414, "params": {"eta": 0.627797735207122, "max_depth": 1.0518390469347492, "n_estimators": 37.35323339271861}, "datetime": {"datetime": "2021-09-24 12:59:17", "elapsed": 26.802969, "delta": 0.491997}}
{"target": 0.39422138436133447, "params": {"eta": 0.8863988878090567, "max_depth": 1.0029597873830518, "n_estimators": 7.700740290577596}, "datetime": {"datetime": "2021-09-24 12:59:17", "elapsed": 27.189971, "delta": 0.387002}}
{"target": 0.3958313786126465, "params": {"eta": 1.0, "max_depth": 1.0, "n_estimators": 4.695110322602877}, "datetime": {"datetime": "2021-09-24 12:59:18", "elapsed": 27.795556, "delta": 0.605585}}
{"target": 0.3872541109266804, "params": {"eta": 0.6, "max_depth": 2.1349487367027353, "n_estimators": 5.354368555471757}, "datetime": {"datetime": "2021-09-24 12:59:18", "elapsed": 28.299555, "delta": 0.503999}}
{"target": 0.3913179635332269, "params": {"eta": 0.9721324152369057, "max_depth": 1.0872792265310405, "n_estimators": 10.301726481880811}, "datetime": {"datetime": "2021-09-24 12:59:18", "elapsed": 28.722554, "delta": 0.422999}}
{"target": 0.4058383944417647, "params": {"eta": 0.6, "max_depth": 1.0, "n_estimators": 32.79786613991443}, "datetime": {"datetime": "2021-09-24 12:59:19", "elapsed": 29.270558, "delta": 0.548004}}
{"target": 0.3926726668550873, "params": {"eta": 1.0, "max_depth": 1.0, "n_estimators": 15.007620156169622}, "datetime": {"datetime": "2021-09-24 12:59:19", "elapsed": 29.760559, "delta": 0.490001}}
{"target": 0.42236180469702955, "params": {"eta": 1.0, "max_depth": 1.3899471579855922, "n_estimators": 5.60263283613918}, "datetime": {"datetime": "2021-09-24 12:59:20", "elapsed": 30.331622, "delta": 0.571063}}
{"target": 0.38393208652747435, "params": {"eta": 0.7503223786366495, "max_depth": 1.006495808578257, "n_estimators": 16.733681292354344}, "datetime": {"datetime": "2021-09-24 12:59:20", "elapsed": 30.719624, "delta": 0.388002}}
{"target": 0.41034057264358126, "params": {"eta": 0.6, "max_depth": 1.0, "n_estimators": 28.755365511496525}, "datetime": {"datetime": "2021-09-24 12:59:21", "elapsed": 31.201624, "delta": 0.482}}
{"target": 0.4068634798278995, "params": {"eta": 0.6, "max_depth": 1.0, "n_estimators": 30.165076457315518}, "datetime": {"datetime": "2021-09-24 12:59:21", "elapsed": 31.77168, "delta": 0.570056}}
{"target": 0.4126132044111669, "params": {"eta": 0.6, "max_depth": 1.0, "n_estimators": 35.720767542359745}, "datetime": {"datetime": "2021-09-24 12:59:22", "elapsed": 32.307575, "delta": 0.535895}}
{"target": 0.4058383944417647, "params": {"eta": 0.6, "max_depth": 1.9965357501189749, "n_estimators": 32.851604748258644}, "datetime": {"datetime": "2021-09-24 12:59:23", "elapsed": 32.819575, "delta": 0.512}}
{"target": 0.38481247445440947, "params": {"eta": 0.6, "max_depth": 1.0, "n_estimators": 50.0}, "datetime": {"datetime": "2021-09-24 12:59:23", "elapsed": 33.356006, "delta": 0.536431}}
{"target": 0.39168098888794733, "params": {"eta": 0.6, "max_depth": 1.0, "n_estimators": 47.732195325383174}, "datetime": {"datetime": "2021-09-24 12:59:24", "elapsed": 33.940709, "delta": 0.584703}}
{"target": 0.4126132044111669, "params": {"eta": 0.6, "max_depth": 1.579904248172762, "n_estimators": 35.72376342922292}, "datetime": {"datetime": "2021-09-24 12:59:24", "elapsed": 34.434708, "delta": 0.493999}}
{"target": 0.40167616386949545, "params": {"eta": 0.6186813732863289, "max_depth": 1.8547843562758188, "n_estimators": 36.540733753941765}, "datetime": {"datetime": "2021-09-24 12:59:25", "elapsed": 34.975232, "delta": 0.540524}}
{"target": 0.22783467543559588, "params": {"eta": 0.6075644372938758, "max_depth": 2.4546776940152903, "n_estimators": 36.04039541124243}, "datetime": {"datetime": "2021-09-24 12:59:25", "elapsed": 35.601234, "delta": 0.626002}}
{"target": 0.40632016947787364, "params": {"eta": 0.6, "max_depth": 1.3714881010113167, "n_estimators": 36.43671564800942}, "datetime": {"datetime": "2021-09-24 12:59:26", "elapsed": 36.206238, "delta": 0.605004}}
{"target": 0.4067183884713075, "params": {"eta": 0.6, "max_depth": 1.650792977752766, "n_estimators": 37.27096290303566}, "datetime": {"datetime": "2021-09-24 12:59:26", "elapsed": 36.735973, "delta": 0.529735}}
{"target": 0.23748028210545913, "params": {"eta": 0.6082295261244199, "max_depth": 2.9975425033779333, "n_estimators": 32.30828661608059}, "datetime": {"datetime": "2021-09-24 12:59:27", "elapsed": 37.239976, "delta": 0.504003}}
{"target": 0.4058597984811666, "params": {"eta": 0.6, "max_depth": 1.5605513908519795, "n_estimators": 33.97029542920031}, "datetime": {"datetime": "2021-09-24 12:59:27", "elapsed": 37.768978, "delta": 0.529002}}
{"target": 0.40421694714119505, "params": {"eta": 0.6, "max_depth": 1.4237313785366201, "n_estimators": 34.9987607795274}, "datetime": {"datetime": "2021-09-24 12:59:28", "elapsed": 38.229023, "delta": 0.460045}}
{"target": 0.3522790784669614, "params": {"eta": 0.9973655933282266, "max_depth": 1.004906744250346, "n_estimators": 30.786110769909346}, "datetime": {"datetime": "2021-09-24 12:59:28", "elapsed": 38.657025, "delta": 0.428002}}
{"target": 0.41034057264358126, "params": {"eta": 0.6, "max_depth": 1.6305549886582533, "n_estimators": 28.56253977101927}, "datetime": {"datetime": "2021-09-24 12:59:29", "elapsed": 39.149082, "delta": 0.492057}}
{"target": 0.300676939738007, "params": {"eta": 0.6266717605941036, "max_depth": 2.8324863796418427, "n_estimators": 28.757159613904097}, "datetime": {"datetime": "2021-09-24 12:59:29", "elapsed": 39.674882, "delta": 0.5258}}
{"target": 0.40197743829630295, "params": {"eta": 0.6, "max_depth": 1.0, "n_estimators": 31.695126414986028}, "datetime": {"datetime": "2021-09-24 12:59:30", "elapsed": 40.190779, "delta": 0.515897}}
{"target": 0.3958759332339733, "params": {"eta": 0.6, "max_depth": 1.0, "n_estimators": 40.179235053855805}, "datetime": {"datetime": "2021-09-24 12:59:30", "elapsed": 40.688737, "delta": 0.497958}}
{"target": 0.3900197245452163, "params": {"eta": 0.6, "max_depth": 1.0, "n_estimators": 44.177178184697645}, "datetime": {"datetime": "2021-09-24 12:59:31", "elapsed": 41.312482, "delta": 0.623745}}
{"target": 0.3661539640996596, "params": {"eta": 0.9759273622174349, "max_depth": 2.171920328599925, "n_estimators": 6.345270133548853}, "datetime": {"datetime": "2021-09-24 12:59:32", "elapsed": 41.808476, "delta": 0.495994}}
{"target": 0.409134870047407, "params": {"eta": 0.6, "max_depth": 1.5471752185866359, "n_estimators": 29.19107185376358}, "datetime": {"datetime": "2021-09-24 12:59:32", "elapsed": 42.405402, "delta": 0.596926}}
{"target": 0.4063064687296799, "params": {"eta": 1.0, "max_depth": 1.0, "n_estimators": 8.858738470702663}, "datetime": {"datetime": "2021-09-24 12:59:33", "elapsed": 42.975818, "delta": 0.570416}}
{"target": 0.3996556788681954, "params": {"eta": 0.6, "max_depth": 1.0, "n_estimators": 7.076414589646834}, "datetime": {"datetime": "2021-09-24 12:59:33", "elapsed": 43.540823, "delta": 0.565005}}
{"target": 0.39135855917893203, "params": {"eta": 0.7103981139106655, "max_depth": 1.0051347821651613, "n_estimators": 5.611291062645349}, "datetime": {"datetime": "2021-09-24 12:59:34", "elapsed": 44.001818, "delta": 0.460995}}
{"target": 0.4037181809892084, "params": {"eta": 0.6144956444186961, "max_depth": 1.7155226910038326, "n_estimators": 8.455765464047932}, "datetime": {"datetime": "2021-09-24 12:59:34", "elapsed": 44.587435, "delta": 0.585617}}
{"target": 0.4046551375705285, "params": {"eta": 0.6, "max_depth": 1.0, "n_estimators": 27.069851413749948}, "datetime": {"datetime": "2021-09-24 12:59:35", "elapsed": 45.264676, "delta": 0.677241}}
{"target": 0.3738707150328592, "params": {"eta": 1.0, "max_depth": 1.0, "n_estimators": 18.853210469814584}, "datetime": {"datetime": "2021-09-24 12:59:36", "elapsed": 46.039153, "delta": 0.774477}}
{"target": 0.3655171497451697, "params": {"eta": 0.6847735864994526, "max_depth": 2.9524332309927788, "n_estimators": 7.939021816334106}, "datetime": {"datetime": "2021-09-24 12:59:36", "elapsed": 46.730867, "delta": 0.691714}}
{"target": 0.2869205454419741, "params": {"eta": 1.0, "max_depth": 2.1911622719914976, "n_estimators": 8.818600806438603}, "datetime": {"datetime": "2021-09-24 12:59:37", "elapsed": 47.35649, "delta": 0.625623}}
{"target": 0.3280181243713589, "params": {"eta": 0.6, "max_depth": 3.0, "n_estimators": 7.143300116967515}, "datetime": {"datetime": "2021-09-24 12:59:38", "elapsed": 47.990487, "delta": 0.633997}}
{"target": 0.4032937665925205, "params": {"eta": 0.6199135871602762, "max_depth": 1.3388907969158252, "n_estimators": 8.078791021682914}, "datetime": {"datetime": "2021-09-24 12:59:38", "elapsed": 48.535422, "delta": 0.544935}}
{"target": 0.22602093557290726, "params": {"eta": 1.0, "max_depth": 2.090474078439438, "n_estimators": 18.736531268841432}, "datetime": {"datetime": "2021-09-24 12:59:39", "elapsed": 49.142462, "delta": 0.60704}}
{"target": 0.345534256717388, "params": {"eta": 0.637064796283667, "max_depth": 2.9520954194207465, "n_estimators": 17.52832755306683}, "datetime": {"datetime": "2021-09-24 12:59:39", "elapsed": 49.664461, "delta": 0.521999}}
{"target": 0.10378338215705374, "params": {"eta": 0.779291606262092, "max_depth": 2.9012698762270865, "n_estimators": 41.4200170915146}, "datetime": {"datetime": "2021-09-24 12:59:40", "elapsed": 50.365255, "delta": 0.700794}}
{"target": 0.38551417315572, "params": {"eta": 0.6155415521197423, "max_depth": 1.640117132304903, "n_estimators": 20.19322355314919}, "datetime": {"datetime": "2021-09-24 12:59:41", "elapsed": 51.074087, "delta": 0.708832}}
{"target": 0.27143831792640416, "params": {"eta": 0.6, "max_depth": 3.0, "n_estimators": 15.109651267206793}, "datetime": {"datetime": "2021-09-24 12:59:41", "elapsed": 51.654085, "delta": 0.579998}}
{"target": 0.24772455780938318, "params": {"eta": 0.6, "max_depth": 3.0, "n_estimators": 2.6091146528026217}, "datetime": {"datetime": "2021-09-24 12:59:42", "elapsed": 52.148257, "delta": 0.494172}}
{"target": 0.3887251556746215, "params": {"eta": 0.6, "max_depth": 1.4655839001474655, "n_estimators": 19.572690709875378}, "datetime": {"datetime": "2021-09-24 12:59:42", "elapsed": 52.692432, "delta": 0.544175}}
{"target": 0.379957052003871, "params": {"eta": 0.6515234610655843, "max_depth": 1.4514107423845723, "n_estimators": 18.711030883876386}, "datetime": {"datetime": "2021-09-24 12:59:43", "elapsed": 53.272806, "delta": 0.580374}}
{"target": 0.37475276352961573, "params": {"eta": 0.9896259174358569, "max_depth": 1.3592168406589575, "n_estimators": 18.065188679487605}, "datetime": {"datetime": "2021-09-24 12:59:44", "elapsed": 53.955806, "delta": 0.683}}
{"target": 0.3435580184772713, "params": {"eta": 0.6097226467765586, "max_depth": 2.779721665234975, "n_estimators": 19.755706068017723}, "datetime": {"datetime": "2021-09-24 12:59:44", "elapsed": 54.54776, "delta": 0.591954}}
{"target": 0.35807817202851977, "params": {"eta": 0.6146048524438552, "max_depth": 2.949101269945384, "n_estimators": 13.190096197397986}, "datetime": {"datetime": "2021-09-24 12:59:45", "elapsed": 55.221246, "delta": 0.673486}}
{"target": 0.2676539660410008, "params": {"eta": 0.9971522050333431, "max_depth": 2.4058112971938255, "n_estimators": 13.899142397299046}, "datetime": {"datetime": "2021-09-24 12:59:46", "elapsed": 55.910775, "delta": 0.689529}}
{"target": 0.26738312977695233, "params": {"eta": 0.6, "max_depth": 3.0, "n_estimators": 12.032790711432632}, "datetime": {"datetime": "2021-09-24 12:59:46", "elapsed": 56.500055, "delta": 0.58928}}
{"target": 0.3905989674624002, "params": {"eta": 0.6, "max_depth": 1.543800321226579, "n_estimators": 14.870732934734978}, "datetime": {"datetime": "2021-09-24 12:59:47", "elapsed": 57.003537, "delta": 0.503482}}
{"target": 0.3996291824900332, "params": {"eta": 0.602563176066326, "max_depth": 1.498669312002031, "n_estimators": 12.905889378371597}, "datetime": {"datetime": "2021-09-24 12:59:47", "elapsed": 57.612544, "delta": 0.609007}}
{"target": 0.39438181912831205, "params": {"eta": 0.6054641668035395, "max_depth": 1.3018936373498509, "n_estimators": 11.453649892389825}, "datetime": {"datetime": "2021-09-24 12:59:48", "elapsed": 58.190198, "delta": 0.577654}}
{"target": 0.294174678430986, "params": {"eta": 0.6, "max_depth": 1.0, "n_estimators": 2.6835705262942535}, "datetime": {"datetime": "2021-09-24 12:59:49", "elapsed": 58.79403, "delta": 0.603832}}
{"target": 0.4011480796628153, "params": {"eta": 0.6, "max_depth": 1.7471050815988494, "n_estimators": 4.137527707163524}, "datetime": {"datetime": "2021-09-24 12:59:49", "elapsed": 59.442711, "delta": 0.648681}}
{"target": 0.3317930297269518, "params": {"eta": 1.0, "max_depth": 1.0, "n_estimators": 47.99590724062691}, "datetime": {"datetime": "2021-09-24 12:59:50", "elapsed": 60.026714, "delta": 0.584003}}
{"target": 0.3898211597118656, "params": {"eta": 0.6, "max_depth": 1.0, "n_estimators": 46.20967403318151}, "datetime": {"datetime": "2021-09-24 12:59:50", "elapsed": 60.676695, "delta": 0.649981}}
{"target": 0.39521723032299283, "params": {"eta": 0.6, "max_depth": 1.0, "n_estimators": 20.71306396347854}, "datetime": {"datetime": "2021-09-24 12:59:51", "elapsed": 61.320308, "delta": 0.643613}}
{"target": 0.3563737907919947, "params": {"eta": 0.9678720774113648, "max_depth": 1.2951094914031018, "n_estimators": 28.592843856786043}, "datetime": {"datetime": "2021-09-24 12:59:52", "elapsed": 61.972309, "delta": 0.652001}}
{"target": 0.3276325510549958, "params": {"eta": 1.0, "max_depth": 1.6333153707860815, "n_estimators": 37.00459553078703}, "datetime": {"datetime": "2021-09-24 12:59:52", "elapsed": 62.534224, "delta": 0.561915}}
{"target": 0.38925831250521403, "params": {"eta": 0.6291367565503649, "max_depth": 1.7523966505762116, "n_estimators": 10.171910483442717}, "datetime": {"datetime": "2021-09-24 12:59:53", "elapsed": 63.307592, "delta": 0.773368}}
{"target": 0.3687409201603705, "params": {"eta": 0.6, "max_depth": 1.879244885374103, "n_estimators": 3.4165041251668606}, "datetime": {"datetime": "2021-09-24 12:59:54", "elapsed": 64.080276, "delta": 0.772684}}
{"target": 0.4046551375705285, "params": {"eta": 0.6, "max_depth": 1.515272254839488, "n_estimators": 27.77438200451269}, "datetime": {"datetime": "2021-09-24 12:59:54", "elapsed": 64.774153, "delta": 0.693877}}
{"target": 0.3841432456428727, "params": {"eta": 0.6, "max_depth": 1.5091837020890158, "n_estimators": 17.131033647198688}, "datetime": {"datetime": "2021-09-24 12:59:55", "elapsed": 65.370625, "delta": 0.596472}}
{"target": 0.3841432456428727, "params": {"eta": 0.6, "max_depth": 1.0, "n_estimators": 17.26657573238577}, "datetime": {"datetime": "2021-09-24 12:59:56", "elapsed": 65.971846, "delta": 0.601221}}
{"target": 0.41188752506640935, "params": {"eta": 0.6, "max_depth": 1.5841186304332888, "n_estimators": 6.760616129117757}, "datetime": {"datetime": "2021-09-24 12:59:56", "elapsed": 66.750043, "delta": 0.778197}}
{"target": 0.3884242048447122, "params": {"eta": 0.9994223131530913, "max_depth": 1.4460118812524534, "n_estimators": 12.408224262493908}, "datetime": {"datetime": "2021-09-24 12:59:57", "elapsed": 67.511942, "delta": 0.761899}}
{"target": 0.3954484392775892, "params": {"eta": 0.9920315715320002, "max_depth": 1.6343519761508543, "n_estimators": 4.633368935046175}, "datetime": {"datetime": "2021-09-24 12:59:58", "elapsed": 68.415906, "delta": 0.903964}}
{"target": 0.3518131022485961, "params": {"eta": 1.0, "max_depth": 1.6159227421096065, "n_estimators": 34.40685553013657}, "datetime": {"datetime": "2021-09-24 12:59:59", "elapsed": 69.01865, "delta": 0.602744}}
{"target": 0.4058597984811666, "params": {"eta": 0.6, "max_depth": 1.458976327726236, "n_estimators": 33.31727337425651}, "datetime": {"datetime": "2021-09-24 13:00:00", "elapsed": 69.895667, "delta": 0.877017}}
{"target": 0.3905989674624002, "params": {"eta": 0.6, "max_depth": 1.0, "n_estimators": 14.869375968662544}, "datetime": {"datetime": "2021-09-24 13:00:00", "elapsed": 70.503629, "delta": 0.607962}}
{"target": 0.3977011697344127, "params": {"eta": 0.9893363380277997, "max_depth": 1.390006363350699, "n_estimators": 7.083907961354894}, "datetime": {"datetime": "2021-09-24 13:00:01", "elapsed": 71.242972, "delta": 0.739343}}
