{"target": 0.4475396724318703, "params": {"eta": 0.11733776955376354, "max_depth": 2.826377719662146, "n_estimators": 80.96039260614393}, "datetime": {"datetime": "2021-09-24 13:52:40", "elapsed": 161.777707, "delta": 0.725627}}
{"target": 0.4024550756230063, "params": {"eta": 0.4901797279349849, "max_depth": 1.0586388845489618, "n_estimators": 6.740323191754605}, "datetime": {"datetime": "2021-09-24 13:52:41", "elapsed": 162.971118, "delta": 1.193411}}
{"target": 0.4488079394529517, "params": {"eta": 0.09584554859729373, "max_depth": 2.2856920853974, "n_estimators": 73.93855387592235}, "datetime": {"datetime": "2021-09-24 13:52:42", "elapsed": 163.903679, "delta": 0.932561}}
{"target": 0.37808187822896466, "params": {"eta": 0.48702888545469003, "max_depth": 1.1810982764179898, "n_estimators": 4.015385233233749}, "datetime": {"datetime": "2021-09-24 13:52:43", "elapsed": 165.430895, "delta": 1.527216}}
{"target": 0.44559516078907235, "params": {"eta": 0.08, "max_depth": 1.667979859894813, "n_estimators": 73.50841945751652}, "datetime": {"datetime": "2021-09-24 13:52:44", "elapsed": 166.65562, "delta": 1.224725}}
{"target": 0.4528402896210303, "params": {"eta": 0.13784156496092112, "max_depth": 2.5071748462249865, "n_estimators": 58.51341958866971}, "datetime": {"datetime": "2021-09-24 13:52:45", "elapsed": 167.486617, "delta": 0.830997}}
{"target": 0.39785871801188166, "params": {"eta": 0.20075424971111883, "max_depth": 2.8331506321592395, "n_estimators": 59.15588817671994}, "datetime": {"datetime": "2021-09-24 13:52:46", "elapsed": 168.630988, "delta": 1.144371}}
{"target": 0.4454962595313966, "params": {"eta": 0.08, "max_depth": 1.671437445110054, "n_estimators": 74.43576344768479}, "datetime": {"datetime": "2021-09-24 13:52:48", "elapsed": 169.768677, "delta": 1.137689}}
{"target": 0.26995254848691774, "params": {"eta": 0.4793324776889065, "max_depth": 2.297036903355477, "n_estimators": 77.6475704575445}, "datetime": {"datetime": "2021-09-24 13:52:49", "elapsed": 171.41342, "delta": 1.644743}}
{"target": 0.45156430991911456, "params": {"eta": 0.22390858543138836, "max_depth": 1.0778166050570586, "n_estimators": 33.93968440942381}, "datetime": {"datetime": "2021-09-24 13:52:50", "elapsed": 172.165115, "delta": 0.751695}}
{"target": 0.4087392847898106, "params": {"eta": 0.09660042921415964, "max_depth": 3.1977579409338888, "n_estimators": 58.20201975918354}, "datetime": {"datetime": "2021-09-24 13:52:51", "elapsed": 173.391144, "delta": 1.226029}}
{"target": 0.4049796972211114, "params": {"eta": 0.18705660409594466, "max_depth": 2.8666633145425995, "n_estimators": 80.57081249285073}, "datetime": {"datetime": "2021-09-24 13:52:52", "elapsed": 174.278031, "delta": 0.886887}}
{"target": 0.38741841179219405, "params": {"eta": 0.5224615418444374, "max_depth": 1.76813857616348, "n_estimators": 91.74397230867736}, "datetime": {"datetime": "2021-09-24 13:52:53", "elapsed": 175.313032, "delta": 1.035001}}
{"target": 0.38199542104376805, "params": {"eta": 0.5733845029997192, "max_depth": 1.6157726484919932, "n_estimators": 62.844498046354296}, "datetime": {"datetime": "2021-09-24 13:52:54", "elapsed": 176.48964, "delta": 1.176608}}
{"target": 0.4591196390286465, "params": {"eta": 0.3248328350115041, "max_depth": 1.7631084606347074, "n_estimators": 47.18241258051013}, "datetime": {"datetime": "2021-09-24 13:52:56", "elapsed": 177.760117, "delta": 1.270477}}
{"target": 0.4529307061370774, "params": {"eta": 0.11032441081649612, "max_depth": 1.7246703100625598, "n_estimators": 97.88789986407578}, "datetime": {"datetime": "2021-09-24 13:52:57", "elapsed": 178.892912, "delta": 1.132795}}
{"target": 0.44429095500711957, "params": {"eta": 0.10463166681767115, "max_depth": 1.7857740189977171, "n_estimators": 51.59006809309781}, "datetime": {"datetime": "2021-09-24 13:52:58", "elapsed": 180.076913, "delta": 1.184001}}
{"target": 0.35676295015657444, "params": {"eta": 0.140878174734949, "max_depth": 3.3283188207948062, "n_estimators": 77.04601183315201}, "datetime": {"datetime": "2021-09-24 13:52:59", "elapsed": 180.94491, "delta": 0.867997}}
{"target": 0.4389919367993117, "params": {"eta": 0.1227735562819906, "max_depth": 1.8196268572361238, "n_estimators": 36.60374219891981}, "datetime": {"datetime": "2021-09-24 13:53:00", "elapsed": 182.137094, "delta": 1.192184}}
{"target": 0.40596113090580155, "params": {"eta": 0.08, "max_depth": 1.8009819385103651, "n_estimators": 35.5506487742027}, "datetime": {"datetime": "2021-09-24 13:53:02", "elapsed": 183.908806, "delta": 1.771712}}
{"target": 0.4426262293064629, "params": {"eta": 0.08, "max_depth": 1.802204943801867, "n_estimators": 60.5925347804811}, "datetime": {"datetime": "2021-09-24 13:53:03", "elapsed": 185.088075, "delta": 1.179269}}
{"target": 0.45413093567548524, "params": {"eta": 0.200344372398365, "max_depth": 1.9514614518999391, "n_estimators": 68.78544223119746}, "datetime": {"datetime": "2021-09-24 13:53:04", "elapsed": 186.064781, "delta": 0.976706}}
{"target": 0.45314855796775877, "params": {"eta": 0.12193681931311359, "max_depth": 1.7717433643718756, "n_estimators": 93.76454185354854}, "datetime": {"datetime": "2021-09-24 13:53:05", "elapsed": 187.397682, "delta": 1.332901}}
{"target": 0.3689822113562018, "params": {"eta": 0.5859207935869261, "max_depth": 1.3059494577823805, "n_estimators": 69.19058821942437}, "datetime": {"datetime": "2021-09-24 13:53:06", "elapsed": 188.63838, "delta": 1.240698}}
{"target": 0.4316862571874972, "params": {"eta": 0.13226406932937695, "max_depth": 2.1367091930281816, "n_estimators": 90.15584195655558}, "datetime": {"datetime": "2021-09-24 13:53:08", "elapsed": 189.724988, "delta": 1.086608}}
{"target": 0.3933333205039211, "params": {"eta": 0.5743080496323109, "max_depth": 1.5969057181829427, "n_estimators": 59.74171613238808}, "datetime": {"datetime": "2021-09-24 13:53:09", "elapsed": 191.026805, "delta": 1.301817}}
{"target": 0.4431863855952416, "params": {"eta": 0.1397312772810809, "max_depth": 1.829337772140176, "n_estimators": 38.354028502709376}, "datetime": {"datetime": "2021-09-24 13:53:10", "elapsed": 192.331077, "delta": 1.304272}}
{"target": 0.3369572568300172, "params": {"eta": 0.14932649690493172, "max_depth": 3.437366144185532, "n_estimators": 80.61803692521907}, "datetime": {"datetime": "2021-09-24 13:53:11", "elapsed": 193.517648, "delta": 1.186571}}
{"target": 0.4567995950667849, "params": {"eta": 0.08, "max_depth": 2.8066535921282485, "n_estimators": 51.215697683666804}, "datetime": {"datetime": "2021-09-24 13:53:12", "elapsed": 194.702426, "delta": 1.184778}}
{"target": 0.4207460351022603, "params": {"eta": 0.18602768783889267, "max_depth": 3.7120069412152707, "n_estimators": 15.588854755230457}, "datetime": {"datetime": "2021-09-24 13:53:14", "elapsed": 195.774986, "delta": 1.07256}}
{"target": 0.3935450329589636, "params": {"eta": 0.5012447306492478, "max_depth": 3.1896588001627153, "n_estimators": 15.1222433371928}, "datetime": {"datetime": "2021-09-24 13:53:15", "elapsed": 197.029756, "delta": 1.25477}}
{"target": 0.42166065526114027, "params": {"eta": 0.5331778437660278, "max_depth": 1.5064618186126364, "n_estimators": 46.30148946094001}, "datetime": {"datetime": "2021-09-24 13:53:16", "elapsed": 198.469687, "delta": 1.439931}}
{"target": 0.4692324836830276, "params": {"eta": 0.3634225559224971, "max_depth": 1.2595651308500306, "n_estimators": 45.934712598226284}, "datetime": {"datetime": "2021-09-24 13:53:17", "elapsed": 199.312684, "delta": 0.842997}}
{"target": 0.07440105154080046, "params": {"eta": 0.08, "max_depth": 2.9556025210577737, "n_estimators": 15.798997142288895}, "datetime": {"datetime": "2021-09-24 13:53:18", "elapsed": 200.557628, "delta": 1.244944}}
{"target": 0.39176611356052427, "params": {"eta": 0.305533282205271, "max_depth": 3.871955776963423, "n_estimators": 14.805572348898433}, "datetime": {"datetime": "2021-09-24 13:53:20", "elapsed": 201.874556, "delta": 1.316928}}
{"target": 0.4316395484627801, "params": {"eta": 0.08, "max_depth": 1.774164277708625, "n_estimators": 49.89535381844627}, "datetime": {"datetime": "2021-09-24 13:53:21", "elapsed": 203.284065, "delta": 1.409509}}
{"target": 0.3742565383768002, "params": {"eta": 0.5537004446326099, "max_depth": 1.8219443638633597, "n_estimators": 96.37349290209518}, "datetime": {"datetime": "2021-09-24 13:53:23", "elapsed": 204.724432, "delta": 1.440367}}
{"target": 0.21046846034679123, "params": {"eta": 0.6, "max_depth": 2.6842729739397226, "n_estimators": 81.75020812132844}, "datetime": {"datetime": "2021-09-24 13:53:25", "elapsed": 206.757962, "delta": 2.03353}}
{"target": 0.42045351244291396, "params": {"eta": 0.08, "max_depth": 3.147697931477537, "n_estimators": 64.59546342516369}, "datetime": {"datetime": "2021-09-24 13:53:26", "elapsed": 208.43876, "delta": 1.680798}}
{"target": 0.3368670877110721, "params": {"eta": 0.4762387795347032, "max_depth": 2.7742854432178867, "n_estimators": 38.08384800914873}, "datetime": {"datetime": "2021-09-24 13:53:28", "elapsed": 209.95488, "delta": 1.51612}}
{"target": 0.453364882176737, "params": {"eta": 0.1209469582368059, "max_depth": 2.7817829010335196, "n_estimators": 39.90776119444552}, "datetime": {"datetime": "2021-09-24 13:53:29", "elapsed": 211.235498, "delta": 1.280618}}
{"target": 0.4450722506196386, "params": {"eta": 0.08, "max_depth": 1.6572303029764934, "n_estimators": 68.13993126193179}, "datetime": {"datetime": "2021-09-24 13:53:31", "elapsed": 212.896373, "delta": 1.660875}}
{"target": 0.3785177597744531, "params": {"eta": 0.6, "max_depth": 1.0, "n_estimators": 64.67140737225287}, "datetime": {"datetime": "2021-09-24 13:53:32", "elapsed": 214.369396, "delta": 1.473023}}
{"target": 0.45315752517042684, "params": {"eta": 0.26924077788982287, "max_depth": 1.932718403788549, "n_estimators": 42.56270758150488}, "datetime": {"datetime": "2021-09-24 13:53:34", "elapsed": 216.010027, "delta": 1.640631}}
{"target": 0.30341096320266914, "params": {"eta": 0.6, "max_depth": 2.5796419560367565, "n_estimators": 36.76951832745489}, "datetime": {"datetime": "2021-09-24 13:53:35", "elapsed": 217.588096, "delta": 1.578069}}
{"target": 0.37606952736994204, "params": {"eta": 0.5944770889827572, "max_depth": 3.802340859238627, "n_estimators": 6.466015973427327}, "datetime": {"datetime": "2021-09-24 13:53:36", "elapsed": 218.547091, "delta": 0.958995}}
{"target": 0.4241227245631879, "params": {"eta": 0.08, "max_depth": 1.7842144215349331, "n_estimators": 43.48079611790515}, "datetime": {"datetime": "2021-09-24 13:53:38", "elapsed": 219.752094, "delta": 1.205003}}
{"target": 0.4567342462942575, "params": {"eta": 0.2614621085419396, "max_depth": 1.0638136242829725, "n_estimators": 66.3744237611415}, "datetime": {"datetime": "2021-09-24 13:53:39", "elapsed": 221.539095, "delta": 1.787001}}
{"target": 0.1028936539212113, "params": {"eta": 0.28756988369536435, "max_depth": 1.5461689766612876, "n_estimators": 4.145292809764211}, "datetime": {"datetime": "2021-09-24 13:53:40", "elapsed": 222.468654, "delta": 0.929559}}
{"target": 0.3476853935354176, "params": {"eta": 0.16971261318206077, "max_depth": 3.696382326853815, "n_estimators": 78.26065197430216}, "datetime": {"datetime": "2021-09-24 13:53:42", "elapsed": 224.142705, "delta": 1.674051}}
{"target": 0.3885588611294132, "params": {"eta": 0.6, "max_depth": 1.5048693437911185, "n_estimators": 50.88245421012535}, "datetime": {"datetime": "2021-09-24 13:53:44", "elapsed": 226.231411, "delta": 2.088706}}
{"target": 0.3811816402248608, "params": {"eta": 0.6, "max_depth": 1.6616709511660732, "n_estimators": 67.03312620212921}, "datetime": {"datetime": "2021-09-24 13:53:46", "elapsed": 228.430633, "delta": 2.199222}}
{"target": 0.4482841723066081, "params": {"eta": 0.12695073821935712, "max_depth": 1.7701502230541184, "n_estimators": 70.13465735007456}, "datetime": {"datetime": "2021-09-24 13:53:48", "elapsed": 229.923727, "delta": 1.493094}}
{"target": 0.2685305377607857, "params": {"eta": 0.5508423066813783, "max_depth": 2.8796639831872626, "n_estimators": 88.80595507159128}, "datetime": {"datetime": "2021-09-24 13:53:50", "elapsed": 232.497364, "delta": 2.573637}}
{"target": 0.3557286904049781, "params": {"eta": 0.6, "max_depth": 1.8286848021596493, "n_estimators": 98.47983968529455}, "datetime": {"datetime": "2021-09-24 13:53:52", "elapsed": 234.413182, "delta": 1.915818}}
{"target": 0.4535839128270247, "params": {"eta": 0.10844396075754449, "max_depth": 1.4176043970857877, "n_estimators": 78.92299548932354}, "datetime": {"datetime": "2021-09-24 13:53:54", "elapsed": 235.939906, "delta": 1.526724}}
{"target": 0.3776306718507817, "params": {"eta": 0.5888409733497803, "max_depth": 1.317864285649941, "n_estimators": 69.17101385156343}, "datetime": {"datetime": "2021-09-24 13:53:55", "elapsed": 237.239906, "delta": 1.3}}
{"target": 0.358441314777852, "params": {"eta": 0.40910882686316397, "max_depth": 3.5065358478319175, "n_estimators": 29.497486251738064}, "datetime": {"datetime": "2021-09-24 13:53:56", "elapsed": 238.360311, "delta": 1.120405}}
{"target": 0.30395260900781507, "params": {"eta": 0.37602063495637433, "max_depth": 2.37178804124698, "n_estimators": 72.08805856835554}, "datetime": {"datetime": "2021-09-24 13:53:58", "elapsed": 240.329189, "delta": 1.968878}}
{"target": 0.2720058179452345, "params": {"eta": 0.6, "max_depth": 2.700197101949536, "n_estimators": 50.40899459144515}, "datetime": {"datetime": "2021-09-24 13:54:00", "elapsed": 242.43502, "delta": 2.105831}}
{"target": 0.46188042728312606, "params": {"eta": 0.08, "max_depth": 2.843349500529109, "n_estimators": 60.519162869492966}, "datetime": {"datetime": "2021-09-24 13:54:02", "elapsed": 243.886423, "delta": 1.451403}}
{"target": 0.4469543035856517, "params": {"eta": 0.08, "max_depth": 1.7507782947369739, "n_estimators": 86.36452445087905}, "datetime": {"datetime": "2021-09-24 13:54:03", "elapsed": 245.529382, "delta": 1.642959}}
{"target": 0.4585298842019295, "params": {"eta": 0.08, "max_depth": 2.6529767657210996, "n_estimators": 76.05136738534856}, "datetime": {"datetime": "2021-09-24 13:54:05", "elapsed": 247.093465, "delta": 1.564083}}
{"target": -1.3762181398802742, "params": {"eta": 0.35657248886476894, "max_depth": 2.0061416754444372, "n_estimators": 1.4835494025833533}, "datetime": {"datetime": "2021-09-24 13:54:06", "elapsed": 248.11537, "delta": 1.021905}}
{"target": 0.36013218489226073, "params": {"eta": 0.34305871334680405, "max_depth": 3.9627648060536025, "n_estimators": 22.330705499328772}, "datetime": {"datetime": "2021-09-24 13:54:07", "elapsed": 249.661598, "delta": 1.546228}}
{"target": 0.34404439442769497, "params": {"eta": 0.5561354425623716, "max_depth": 3.142459596826806, "n_estimators": 28.109139679635533}, "datetime": {"datetime": "2021-09-24 13:54:10", "elapsed": 251.932646, "delta": 2.271048}}
{"target": 0.35715518379684064, "params": {"eta": 0.09030291354905078, "max_depth": 2.1524340968721942, "n_estimators": 21.254034532585063}, "datetime": {"datetime": "2021-09-24 13:54:12", "elapsed": 253.866218, "delta": 1.933572}}
{"target": 0.3075072646962551, "params": {"eta": 0.534609286284619, "max_depth": 3.9589290905546806, "n_estimators": 75.6329130108463}, "datetime": {"datetime": "2021-09-24 13:54:13", "elapsed": 255.667507, "delta": 1.801289}}
{"target": 0.4017522562149902, "params": {"eta": 0.5955092409051327, "max_depth": 1.9423165131832225, "n_estimators": 28.77622888225883}, "datetime": {"datetime": "2021-09-24 13:54:15", "elapsed": 257.360581, "delta": 1.693074}}
{"target": 0.4197466913271951, "params": {"eta": 0.13011290191505392, "max_depth": 3.056981418377096, "n_estimators": 24.860766006131357}, "datetime": {"datetime": "2021-09-24 13:54:17", "elapsed": 259.054821, "delta": 1.69424}}
{"target": 0.20187167788952942, "params": {"eta": 0.6, "max_depth": 4.0, "n_estimators": 55.34234076620902}, "datetime": {"datetime": "2021-09-24 13:54:19", "elapsed": 260.902337, "delta": 1.847516}}
{"target": 0.13869712294703718, "params": {"eta": 0.5865657943057662, "max_depth": 3.1754740626882505, "n_estimators": 99.17176326786047}, "datetime": {"datetime": "2021-09-24 13:54:20", "elapsed": 262.661806, "delta": 1.759469}}
{"target": 0.19834256668996153, "params": {"eta": 0.6, "max_depth": 4.0, "n_estimators": 84.15647051431655}, "datetime": {"datetime": "2021-09-24 13:54:23", "elapsed": 264.799289, "delta": 2.137483}}
{"target": 0.39583263805694413, "params": {"eta": 0.18769206162169147, "max_depth": 2.8975678458160408, "n_estimators": 91.49283967882255}, "datetime": {"datetime": "2021-09-24 13:54:24", "elapsed": 266.412791, "delta": 1.613502}}
{"target": 0.3085962824832179, "params": {"eta": 0.6, "max_depth": 2.7924849175690727, "n_estimators": 35.06234263524674}, "datetime": {"datetime": "2021-09-24 13:54:26", "elapsed": 268.368433, "delta": 1.955642}}
{"target": -0.3090683980487057, "params": {"eta": 0.08, "max_depth": 4.0, "n_estimators": 11.48443617219125}, "datetime": {"datetime": "2021-09-24 13:54:28", "elapsed": 269.99897, "delta": 1.630537}}
{"target": 0.45647150381739154, "params": {"eta": 0.21743977054978103, "max_depth": 1.0100090917906215, "n_estimators": 54.74391954931216}, "datetime": {"datetime": "2021-09-24 13:54:29", "elapsed": 271.695335, "delta": 1.696365}}
{"target": 0.042781145502086004, "params": {"eta": 0.09834966876456272, "max_depth": 1.019146212819515, "n_estimators": 12.747429654976596}, "datetime": {"datetime": "2021-09-24 13:54:31", "elapsed": 273.163877, "delta": 1.468542}}
{"target": 0.39465703974738875, "params": {"eta": 0.12311278989052618, "max_depth": 3.2137053556608146, "n_estimators": 53.763868242191315}, "datetime": {"datetime": "2021-09-24 13:54:33", "elapsed": 274.841367, "delta": 1.67749}}
{"target": 0.19257659214881528, "params": {"eta": 0.6, "max_depth": 2.980770200188884, "n_estimators": 97.26862001035691}, "datetime": {"datetime": "2021-09-24 13:54:34", "elapsed": 276.66366, "delta": 1.822293}}
{"target": 0.4125191420402816, "params": {"eta": 0.08, "max_depth": 3.0573411069249876, "n_estimators": 42.219419556401455}, "datetime": {"datetime": "2021-09-24 13:54:37", "elapsed": 278.806204, "delta": 2.142544}}
{"target": -0.28627696693882276, "params": {"eta": 0.09788925852601811, "max_depth": 1.0171474596870063, "n_estimators": 9.253454288518919}, "datetime": {"datetime": "2021-09-24 13:54:39", "elapsed": 281.301069, "delta": 2.494865}}
{"target": 0.39209681931357787, "params": {"eta": 0.08119041602406253, "max_depth": 3.468776522678155, "n_estimators": 89.79677785026284}, "datetime": {"datetime": "2021-09-24 13:54:41", "elapsed": 283.192084, "delta": 1.891015}}
{"target": 0.36946987653435837, "params": {"eta": 0.6, "max_depth": 1.0, "n_estimators": 71.83117248380871}, "datetime": {"datetime": "2021-09-24 13:54:43", "elapsed": 285.493172, "delta": 2.301088}}
{"target": 0.2337462761151693, "params": {"eta": 0.5777366247824796, "max_depth": 3.205807737388432, "n_estimators": 31.80372145590884}, "datetime": {"datetime": "2021-09-24 13:54:45", "elapsed": 286.991129, "delta": 1.497957}}
{"target": 0.39239590299350124, "params": {"eta": 0.08, "max_depth": 1.7298616652471663, "n_estimators": 31.647463804863726}, "datetime": {"datetime": "2021-09-24 13:54:46", "elapsed": 288.550993, "delta": 1.559864}}
{"target": 0.16479799568759823, "params": {"eta": 0.6, "max_depth": 3.0571961376767427, "n_estimators": 67.32550477693295}, "datetime": {"datetime": "2021-09-24 13:54:48", "elapsed": 290.241665, "delta": 1.690672}}
{"target": 0.3383446388196262, "params": {"eta": 0.11766649107204014, "max_depth": 3.9662323984326116, "n_estimators": 17.876090534309775}, "datetime": {"datetime": "2021-09-24 13:54:50", "elapsed": 291.831732, "delta": 1.590067}}
{"target": 0.3440013555391105, "params": {"eta": 0.5481895139600306, "max_depth": 3.958764324768347, "n_estimators": 30.32781752707542}, "datetime": {"datetime": "2021-09-24 13:54:53", "elapsed": 294.817522, "delta": 2.98579}}
{"target": 0.4570094281415569, "params": {"eta": 0.08282632736653255, "max_depth": 2.8787369503155213, "n_estimators": 70.22272459789795}, "datetime": {"datetime": "2021-09-24 13:54:55", "elapsed": 297.163647, "delta": 2.346125}}
{"target": 0.3992975807448872, "params": {"eta": 0.08, "max_depth": 1.8968508353555722, "n_estimators": 33.40380797177507}, "datetime": {"datetime": "2021-09-24 13:54:57", "elapsed": 299.544869, "delta": 2.381222}}
{"target": 0.38165615978569645, "params": {"eta": 0.33681147274206813, "max_depth": 3.9372400258706888, "n_estimators": 25.433822571144958}, "datetime": {"datetime": "2021-09-24 13:54:59", "elapsed": 301.352278, "delta": 1.807409}}
{"target": 0.2380539933103739, "params": {"eta": 0.6, "max_depth": 4.0, "n_estimators": 19.71592790855218}, "datetime": {"datetime": "2021-09-24 13:55:01", "elapsed": 303.298836, "delta": 1.946558}}
{"target": 0.1949064721849859, "params": {"eta": 0.6, "max_depth": 3.1275173668992795, "n_estimators": 40.537489297221015}, "datetime": {"datetime": "2021-09-24 13:55:03", "elapsed": 305.596006, "delta": 2.29717}}
{"target": 0.3106774848288466, "params": {"eta": 0.564955018129955, "max_depth": 3.1995641777595822, "n_estimators": 85.80177800267734}, "datetime": {"datetime": "2021-09-24 13:55:06", "elapsed": 307.869706, "delta": 2.2737}}
{"target": -0.11044001519082203, "params": {"eta": 0.08, "max_depth": 4.0, "n_estimators": 13.141649928459946}, "datetime": {"datetime": "2021-09-24 13:55:08", "elapsed": 310.037633, "delta": 2.167927}}
{"target": 0.42727492420094304, "params": {"eta": 0.08, "max_depth": 1.9124671869578251, "n_estimators": 45.53506549027884}, "datetime": {"datetime": "2021-09-24 13:55:10", "elapsed": 312.656727, "delta": 2.619094}}
{"target": 0.4265689349689078, "params": {"eta": 0.6, "max_depth": 2.071739035262961, "n_estimators": 6.553936311297269}, "datetime": {"datetime": "2021-09-24 13:55:13", "elapsed": 315.400593, "delta": 2.743866}}
