{"target": 0.42784005259313007, "params": {"eta": 0.09492509414460758, "max_depth": 2.275517863095467, "n_estimators": 120.92649006411548}, "datetime": {"datetime": "2021-09-24 13:39:51", "elapsed": 24.953388, "delta": 0.537003}}
{"target": 0.386451252696857, "params": {"eta": 0.5229589036204195, "max_depth": 1.3346653904936372, "n_estimators": 87.19990799455368}, "datetime": {"datetime": "2021-09-24 13:39:51", "elapsed": 25.348385, "delta": 0.394997}}
{"target": 0.4483904954613278, "params": {"eta": 0.12484903282840408, "max_depth": 2.0944117679687837, "n_estimators": 64.50314998652472}, "datetime": {"datetime": "2021-09-24 13:39:52", "elapsed": 25.74806, "delta": 0.399675}}
{"target": 0.3151862646735647, "params": {"eta": 0.4891478282083531, "max_depth": 2.5442021330381266, "n_estimators": 64.59178828749909}, "datetime": {"datetime": "2021-09-24 13:39:52", "elapsed": 26.234655, "delta": 0.486595}}
{"target": 0.4461418747621986, "params": {"eta": 0.08, "max_depth": 1.6032891812055807, "n_estimators": 64.40732862388427}, "datetime": {"datetime": "2021-09-24 13:39:53", "elapsed": 26.738948, "delta": 0.504293}}
{"target": 0.4461418747621986, "params": {"eta": 0.08, "max_depth": 1.7439364489144844, "n_estimators": 64.93983856605703}, "datetime": {"datetime": "2021-09-24 13:39:53", "elapsed": 27.215949, "delta": 0.477001}}
{"target": 0.3879469769494355, "params": {"eta": 0.5715148654477068, "max_depth": 1.4453520345517328, "n_estimators": 64.72643494876014}, "datetime": {"datetime": "2021-09-24 13:39:54", "elapsed": 27.948542, "delta": 0.732593}}
{"target": 0.448815377819329, "params": {"eta": 0.12120573678178595, "max_depth": 1.244605524878054, "n_estimators": 59.62097883943365}, "datetime": {"datetime": "2021-09-24 13:39:55", "elapsed": 28.550254, "delta": 0.601712}}
{"target": 0.44639045198236327, "params": {"eta": 0.08868395204532911, "max_depth": 1.693908589098734, "n_estimators": 61.016129496121984}, "datetime": {"datetime": "2021-09-24 13:39:55", "elapsed": 29.036251, "delta": 0.485997}}
{"target": 0.2808330302388522, "params": {"eta": 0.34297568161561454, "max_depth": 2.979897607950768, "n_estimators": 90.2447957390144}, "datetime": {"datetime": "2021-09-24 13:39:56", "elapsed": 29.522158, "delta": 0.485907}}
{"target": 0.4426262293064629, "params": {"eta": 0.08, "max_depth": 1.63830269974578, "n_estimators": 60.39507370145177}, "datetime": {"datetime": "2021-09-24 13:39:56", "elapsed": 30.268014, "delta": 0.745856}}
{"target": 0.3128371332478401, "params": {"eta": 0.3183356818024747, "max_depth": 2.938563176617838, "n_estimators": 106.90440656495994}, "datetime": {"datetime": "2021-09-24 13:39:57", "elapsed": 30.745017, "delta": 0.477003}}
{"target": 0.4444066862753282, "params": {"eta": 0.08, "max_depth": 1.9226393446383583, "n_estimators": 63.86116528549181}, "datetime": {"datetime": "2021-09-24 13:39:57", "elapsed": 31.275023, "delta": 0.530006}}
{"target": 0.44041904867535053, "params": {"eta": 0.14992315995764416, "max_depth": 2.877275185139397, "n_estimators": 50.947123219350956}, "datetime": {"datetime": "2021-09-24 13:39:58", "elapsed": 31.698911, "delta": 0.423888}}
{"target": 0.4478325392156014, "params": {"eta": 0.08, "max_depth": 1.4960258704154827, "n_estimators": 90.58461431266522}, "datetime": {"datetime": "2021-09-24 13:39:58", "elapsed": 32.360535, "delta": 0.661624}}
{"target": 0.45771377058606033, "params": {"eta": 0.17192235134067724, "max_depth": 1.4184267324632351, "n_estimators": 103.06004277440792}, "datetime": {"datetime": "2021-09-24 13:39:59", "elapsed": 32.767448, "delta": 0.406913}}
{"target": 0.38647313927389304, "params": {"eta": 0.5092147418165247, "max_depth": 1.2397837719955256, "n_estimators": 105.83088563370626}, "datetime": {"datetime": "2021-09-24 13:39:59", "elapsed": 33.400273, "delta": 0.632825}}
{"target": 0.37357216031063234, "params": {"eta": 0.4492913563998462, "max_depth": 1.9125988737688355, "n_estimators": 141.5717067278559}, "datetime": {"datetime": "2021-09-24 13:40:00", "elapsed": 33.89488, "delta": 0.494607}}
{"target": 0.45713526892683365, "params": {"eta": 0.2368779693557499, "max_depth": 1.461811559925506, "n_estimators": 102.48202144760934}, "datetime": {"datetime": "2021-09-24 13:40:01", "elapsed": 34.574293, "delta": 0.679413}}
{"target": 0.44671512162511984, "params": {"eta": 0.35982708532618946, "max_depth": 1.9726286681237066, "n_estimators": 102.68578467976181}, "datetime": {"datetime": "2021-09-24 13:40:01", "elapsed": 35.163289, "delta": 0.588996}}
{"target": 0.28680474846457615, "params": {"eta": 0.5121696096833176, "max_depth": 2.6806601186792145, "n_estimators": 103.74889675603131}, "datetime": {"datetime": "2021-09-24 13:40:02", "elapsed": 35.753106, "delta": 0.589817}}
{"target": 0.37822874602447976, "params": {"eta": 0.5142968050602272, "max_depth": 1.0177150748087016, "n_estimators": 102.68678759385224}, "datetime": {"datetime": "2021-09-24 13:40:03", "elapsed": 36.776106, "delta": 1.023}}
{"target": 0.3652339269187529, "params": {"eta": 0.4921634653500147, "max_depth": 1.2818062540262625, "n_estimators": 129.22616007393907}, "datetime": {"datetime": "2021-09-24 13:40:03", "elapsed": 37.250107, "delta": 0.474001}}
{"target": 0.4481552546169304, "params": {"eta": 0.08, "max_depth": 1.8485322537645739, "n_estimators": 102.07565719854358}, "datetime": {"datetime": "2021-09-24 13:40:04", "elapsed": 37.970781, "delta": 0.720674}}
{"target": 0.44565093806138556, "params": {"eta": 0.2828055807617905, "max_depth": 1.0705806649396175, "n_estimators": 65.48503263479549}, "datetime": {"datetime": "2021-09-24 13:40:04", "elapsed": 38.3561, "delta": 0.385319}}
{"target": 0.3656333283810529, "params": {"eta": 0.5932743972421353, "max_depth": 1.7762318152975793, "n_estimators": 101.88440225944959}, "datetime": {"datetime": "2021-09-24 13:40:05", "elapsed": 39.289097, "delta": 0.932997}}
{"target": 0.4510705928245261, "params": {"eta": 0.17281550271649215, "max_depth": 1.7199664564738297, "n_estimators": 65.87275367362663}, "datetime": {"datetime": "2021-09-24 13:40:06", "elapsed": 39.851785, "delta": 0.562688}}
{"target": 0.45132052976592063, "params": {"eta": 0.30415896132694503, "max_depth": 1.1210964822208291, "n_estimators": 66.10727016427805}, "datetime": {"datetime": "2021-09-24 13:40:07", "elapsed": 40.643398, "delta": 0.791613}}
{"target": 0.42254433112350653, "params": {"eta": 0.4649878666695343, "max_depth": 1.680222709836717, "n_estimators": 66.40258348759023}, "datetime": {"datetime": "2021-09-24 13:40:07", "elapsed": 41.329396, "delta": 0.685998}}
{"target": 0.38714255813475174, "params": {"eta": 0.5582155538331315, "max_depth": 1.5260888023056967, "n_estimators": 65.64733851286401}, "datetime": {"datetime": "2021-09-24 13:40:08", "elapsed": 41.990292, "delta": 0.660896}}
{"target": 0.45455894554912746, "params": {"eta": 0.19847372479503422, "max_depth": 1.0283711914451479, "n_estimators": 66.77763353174211}, "datetime": {"datetime": "2021-09-24 13:40:09", "elapsed": 42.494735, "delta": 0.504443}}
{"target": 0.4604560872255986, "params": {"eta": 0.08, "max_depth": 2.301499499571098, "n_estimators": 66.00668451158585}, "datetime": {"datetime": "2021-09-24 13:40:09", "elapsed": 43.070407, "delta": 0.575672}}
{"target": 0.3439465986764121, "params": {"eta": 0.4086656150795015, "max_depth": 2.776134283540711, "n_estimators": 66.25280557801626}, "datetime": {"datetime": "2021-09-24 13:40:10", "elapsed": 43.817188, "delta": 0.746781}}
{"target": 0.4599313749529129, "params": {"eta": 0.3600079645367545, "max_depth": 1.2464803728854816, "n_estimators": 67.3624801453923}, "datetime": {"datetime": "2021-09-24 13:40:11", "elapsed": 44.563382, "delta": 0.746194}}
{"target": 0.450097990178978, "params": {"eta": 0.14478322643835978, "max_depth": 1.7951815419335766, "n_estimators": 67.26862387622023}, "datetime": {"datetime": "2021-09-24 13:40:11", "elapsed": 45.220388, "delta": 0.657006}}
{"target": 0.45886908599945986, "params": {"eta": 0.08, "max_depth": 2.1606243004467123, "n_estimators": 65.52992708972346}, "datetime": {"datetime": "2021-09-24 13:40:12", "elapsed": 45.892341, "delta": 0.671953}}
{"target": 0.4459374742532881, "params": {"eta": 0.08, "max_depth": 1.472317728434408, "n_estimators": 67.82557089090653}, "datetime": {"datetime": "2021-09-24 13:40:13", "elapsed": 46.60442, "delta": 0.712079}}
{"target": 0.38290961644817834, "params": {"eta": 0.5627820359767155, "max_depth": 1.7838032255403087, "n_estimators": 67.85581189435747}, "datetime": {"datetime": "2021-09-24 13:40:13", "elapsed": 47.293422, "delta": 0.689002}}
{"target": 0.38348969567023494, "params": {"eta": 0.5926718987540825, "max_depth": 1.293441824152117, "n_estimators": 66.85765104495556}, "datetime": {"datetime": "2021-09-24 13:40:14", "elapsed": 47.938356, "delta": 0.644934}}
{"target": 0.4570571415817948, "params": {"eta": 0.15131454203792152, "max_depth": 1.1075938022875107, "n_estimators": 103.589290228614}, "datetime": {"datetime": "2021-09-24 13:40:15", "elapsed": 48.780082, "delta": 0.841726}}
{"target": 0.4610500709001577, "params": {"eta": 0.23337570718726675, "max_depth": 1.0170113329760861, "n_estimators": 65.57551443383056}, "datetime": {"datetime": "2021-09-24 13:40:15", "elapsed": 49.227083, "delta": 0.447001}}
{"target": 0.44945504861623875, "params": {"eta": 0.11893654276767948, "max_depth": 1.0028628767083552, "n_estimators": 67.37299824263965}, "datetime": {"datetime": "2021-09-24 13:40:16", "elapsed": 50.023635, "delta": 0.796552}}
{"target": 0.4218127803247358, "params": {"eta": 0.10927479130848824, "max_depth": 2.346693069292808, "n_estimators": 136.79036019154518}, "datetime": {"datetime": "2021-09-24 13:40:17", "elapsed": 50.653496, "delta": 0.629861}}
{"target": 0.4556939790660286, "params": {"eta": 0.11674293627037832, "max_depth": 1.6607352698939855, "n_estimators": 103.56974247466039}, "datetime": {"datetime": "2021-09-24 13:40:17", "elapsed": 51.31349, "delta": 0.659994}}
{"target": 0.3910559080683833, "params": {"eta": 0.48470415867666267, "max_depth": 1.3642210595623305, "n_estimators": 104.0713083036004}, "datetime": {"datetime": "2021-09-24 13:40:18", "elapsed": 51.867411, "delta": 0.553921}}
{"target": 0.37495570018760704, "params": {"eta": 0.18560546986639942, "max_depth": 2.459632824155606, "n_estimators": 118.64983486777474}, "datetime": {"datetime": "2021-09-24 13:40:19", "elapsed": 52.634259, "delta": 0.766848}}
{"target": 0.355612382167629, "params": {"eta": 0.5978588406745997, "max_depth": 1.7090006575032246, "n_estimators": 103.26726464915106}, "datetime": {"datetime": "2021-09-24 13:40:19", "elapsed": 53.201258, "delta": 0.566999}}
{"target": 0.4562838520976539, "params": {"eta": 0.08, "max_depth": 2.3788104564627006, "n_estimators": 102.38653359259479}, "datetime": {"datetime": "2021-09-24 13:40:20", "elapsed": 54.017115, "delta": 0.815857}}
{"target": 0.4070730654563426, "params": {"eta": 0.13064773673717106, "max_depth": 2.690799693484636, "n_estimators": 101.82979721861275}, "datetime": {"datetime": "2021-09-24 13:40:21", "elapsed": 54.650248, "delta": 0.633133}}
{"target": 0.4275195868097902, "params": {"eta": 0.19553600076550237, "max_depth": 2.6393101598346504, "n_estimators": 58.572442134938754}, "datetime": {"datetime": "2021-09-24 13:40:21", "elapsed": 55.365251, "delta": 0.715003}}
{"target": 0.4481552546169304, "params": {"eta": 0.08, "max_depth": 1.7486136179268106, "n_estimators": 102.67276724922178}, "datetime": {"datetime": "2021-09-24 13:40:22", "elapsed": 56.151386, "delta": 0.786135}}
{"target": 0.4469226266067208, "params": {"eta": 0.17158847195442467, "max_depth": 1.3913054258683193, "n_estimators": 63.830540577786344}, "datetime": {"datetime": "2021-09-24 13:40:23", "elapsed": 56.647576, "delta": 0.49619}}
{"target": 0.3907064809211045, "params": {"eta": 0.5501861666362229, "max_depth": 1.1074095864360214, "n_estimators": 63.38806396644343}, "datetime": {"datetime": "2021-09-24 13:40:23", "elapsed": 57.293603, "delta": 0.646027}}
{"target": 0.45589196824428213, "params": {"eta": 0.16367928240641572, "max_depth": 1.0586025128249323, "n_estimators": 100.81575463384203}, "datetime": {"datetime": "2021-09-24 13:40:24", "elapsed": 58.003229, "delta": 0.709626}}
{"target": 0.4566611189949278, "params": {"eta": 0.19737423455806613, "max_depth": 1.5936953042696866, "n_estimators": 100.45625362451419}, "datetime": {"datetime": "2021-09-24 13:40:25", "elapsed": 58.749426, "delta": 0.746197}}
{"target": 0.4059014359216587, "params": {"eta": 0.4448748655791143, "max_depth": 1.080183262022865, "n_estimators": 100.35879668336992}, "datetime": {"datetime": "2021-09-24 13:40:25", "elapsed": 59.39543, "delta": 0.646004}}
{"target": 0.41980378428162535, "params": {"eta": 0.14755062550434794, "max_depth": 2.0322819585028418, "n_estimators": 100.74166941911773}, "datetime": {"datetime": "2021-09-24 13:40:26", "elapsed": 60.344386, "delta": 0.948956}}
{"target": 0.44010208755522495, "params": {"eta": 0.37482979052903137, "max_depth": 1.6014680883041703, "n_estimators": 94.18918433463966}, "datetime": {"datetime": "2021-09-24 13:40:27", "elapsed": 60.875954, "delta": 0.531568}}
{"target": 0.44838745049172535, "params": {"eta": 0.08, "max_depth": 1.840102878531921, "n_estimators": 99.92516973458399}, "datetime": {"datetime": "2021-09-24 13:40:28", "elapsed": 61.755014, "delta": 0.87906}}
{"target": 0.24464971525615364, "params": {"eta": 0.5519804649354284, "max_depth": 2.0735066222804255, "n_estimators": 99.96719718100258}, "datetime": {"datetime": "2021-09-24 13:40:29", "elapsed": 62.50536, "delta": 0.750346}}
{"target": 0.45091716754270483, "params": {"eta": 0.10033137817196781, "max_depth": 1.3190502999516382, "n_estimators": 99.82808706522255}, "datetime": {"datetime": "2021-09-24 13:40:29", "elapsed": 63.186977, "delta": 0.681617}}
{"target": 0.4459096045945907, "params": {"eta": 0.08, "max_depth": 1.975329491457578, "n_estimators": 66.35042945934887}, "datetime": {"datetime": "2021-09-24 13:40:30", "elapsed": 64.185649, "delta": 0.998672}}
{"target": 0.4530644495869569, "params": {"eta": 0.10167686670320855, "max_depth": 1.0927734457043257, "n_estimators": 101.41194236179322}, "datetime": {"datetime": "2021-09-24 13:40:31", "elapsed": 64.880974, "delta": 0.695325}}
{"target": 0.4111578324033027, "params": {"eta": 0.4783341096626191, "max_depth": 1.011685610681056, "n_estimators": 67.98680256778738}, "datetime": {"datetime": "2021-09-24 13:40:32", "elapsed": 65.901716, "delta": 1.020742}}
{"target": 0.43995196714300167, "params": {"eta": 0.10104783830409361, "max_depth": 2.065484216881101, "n_estimators": 93.90168934447834}, "datetime": {"datetime": "2021-09-24 13:40:33", "elapsed": 66.493007, "delta": 0.591291}}
{"target": 0.4603222202197358, "params": {"eta": 0.1903023009051214, "max_depth": 1.4158496428164475, "n_estimators": 103.048762839267}, "datetime": {"datetime": "2021-09-24 13:40:33", "elapsed": 67.151003, "delta": 0.657996}}
{"target": 0.3119796611622677, "params": {"eta": 0.2981802434918873, "max_depth": 2.178784331961409, "n_estimators": 94.54909300182354}, "datetime": {"datetime": "2021-09-24 13:40:34", "elapsed": 68.124983, "delta": 0.97398}}
{"target": 0.4063886534349296, "params": {"eta": 0.45522313762387945, "max_depth": 1.6511701634970164, "n_estimators": 93.56163699559053}, "datetime": {"datetime": "2021-09-24 13:40:35", "elapsed": 68.904311, "delta": 0.779328}}
{"target": 0.4601119774247273, "params": {"eta": 0.19001745559580135, "max_depth": 1.0505920777554338, "n_estimators": 94.15202335473607}, "datetime": {"datetime": "2021-09-24 13:40:36", "elapsed": 69.697307, "delta": 0.792996}}
{"target": 0.4499853257090364, "params": {"eta": 0.33604351559725115, "max_depth": 1.0899583834025028, "n_estimators": 94.72944773478119}, "datetime": {"datetime": "2021-09-24 13:40:36", "elapsed": 70.271718, "delta": 0.574411}}
{"target": 0.4501480902240903, "params": {"eta": 0.0890609871653614, "max_depth": 1.515709822797629, "n_estimators": 99.10294003933615}, "datetime": {"datetime": "2021-09-24 13:40:37", "elapsed": 70.986665, "delta": 0.714947}}
{"target": 0.3753491261672236, "params": {"eta": 0.29155168095009515, "max_depth": 2.4681627585476256, "n_estimators": 60.44637819694061}, "datetime": {"datetime": "2021-09-24 13:40:38", "elapsed": 71.478663, "delta": 0.491998}}
{"target": 0.4529544498789425, "params": {"eta": 0.10006324655580875, "max_depth": 1.0245949767311173, "n_estimators": 99.3001178234896}, "datetime": {"datetime": "2021-09-24 13:40:38", "elapsed": 72.111617, "delta": 0.632954}}
{"target": 0.3821649699667994, "params": {"eta": 0.5468801088294356, "max_depth": 1.0981611109816947, "n_estimators": 98.85042626297697}, "datetime": {"datetime": "2021-09-24 13:40:39", "elapsed": 72.909728, "delta": 0.798111}}
{"target": 0.3801735218994814, "params": {"eta": 0.5559898780173189, "max_depth": 1.2189057624222661, "n_estimators": 94.1925104226082}, "datetime": {"datetime": "2021-09-24 13:40:40", "elapsed": 73.585101, "delta": 0.675373}}
{"target": 0.34198278679145866, "params": {"eta": 0.29293582199667645, "max_depth": 2.694843235905392, "n_estimators": 103.43178841295779}, "datetime": {"datetime": "2021-09-24 13:40:40", "elapsed": 74.174814, "delta": 0.589713}}
{"target": 0.44775283210345285, "params": {"eta": 0.08, "max_depth": 1.0, "n_estimators": 95.22118133670307}, "datetime": {"datetime": "2021-09-24 13:40:41", "elapsed": 74.8981, "delta": 0.723286}}
{"target": 0.4222480641831189, "params": {"eta": 0.3551357804420689, "max_depth": 1.2829758266648028, "n_estimators": 142.9153504954045}, "datetime": {"datetime": "2021-09-24 13:40:41", "elapsed": 75.439096, "delta": 0.540996}}
{"target": 0.35685599730570094, "params": {"eta": 0.6, "max_depth": 1.0, "n_estimators": 95.30017894740365}, "datetime": {"datetime": "2021-09-24 13:40:42", "elapsed": 76.408748, "delta": 0.969652}}
{"target": 0.37282527355629824, "params": {"eta": 0.3834721851871532, "max_depth": 2.0762507426517116, "n_estimators": 71.08366105926972}, "datetime": {"datetime": "2021-09-24 13:40:43", "elapsed": 76.950268, "delta": 0.54152}}
{"target": 0.4469839572016331, "params": {"eta": 0.08, "max_depth": 1.3048572464433128, "n_estimators": 94.47639270496987}, "datetime": {"datetime": "2021-09-24 13:40:44", "elapsed": 77.768547, "delta": 0.818279}}
{"target": 0.4535747711358089, "params": {"eta": 0.09400897579579062, "max_depth": 1.4607854374883582, "n_estimators": 100.99942564454511}, "datetime": {"datetime": "2021-09-24 13:40:45", "elapsed": 78.487857, "delta": 0.71931}}
{"target": 0.38164459634021297, "params": {"eta": 0.5160435799593933, "max_depth": 1.021126773094423, "n_estimators": 101.10956333804693}, "datetime": {"datetime": "2021-09-24 13:40:45", "elapsed": 79.101061, "delta": 0.613204}}
{"target": 0.4574655790419466, "params": {"eta": 0.08, "max_depth": 2.1393448382554037, "n_estimators": 52.817311635480216}, "datetime": {"datetime": "2021-09-24 13:40:46", "elapsed": 80.157593, "delta": 1.056532}}
{"target": 0.2724686601591879, "params": {"eta": 0.6, "max_depth": 2.205487112095689, "n_estimators": 52.8538138582369}, "datetime": {"datetime": "2021-09-24 13:40:47", "elapsed": 80.791858, "delta": 0.634265}}
{"target": 0.4269341928331243, "params": {"eta": 0.12336511555423552, "max_depth": 2.0719144540223935, "n_estimators": 90.76947083529126}, "datetime": {"datetime": "2021-09-24 13:40:48", "elapsed": 81.62353, "delta": 0.831672}}
{"target": 0.435834722277179, "params": {"eta": 0.08227444166584894, "max_depth": 1.6175550510554968, "n_estimators": 52.7608482358331}, "datetime": {"datetime": "2021-09-24 13:40:48", "elapsed": 82.339349, "delta": 0.715819}}
{"target": 0.38184383649852205, "params": {"eta": 0.5683740395884811, "max_depth": 1.3531019550966625, "n_estimators": 73.73635346133662}, "datetime": {"datetime": "2021-09-24 13:40:49", "elapsed": 83.043121, "delta": 0.703772}}
{"target": 0.3453289675830361, "params": {"eta": 0.3183336839267083, "max_depth": 2.642066197428659, "n_estimators": 79.87163660337816}, "datetime": {"datetime": "2021-09-24 13:40:50", "elapsed": 83.636361, "delta": 0.59324}}
{"target": 0.4002062832292601, "params": {"eta": 0.21048035951738098, "max_depth": 2.659473943833121, "n_estimators": 58.59016358399507}, "datetime": {"datetime": "2021-09-24 13:40:50", "elapsed": 84.255998, "delta": 0.619637}}
{"target": 0.43521641638347963, "params": {"eta": 0.19290316223694742, "max_depth": 2.345189770393948, "n_estimators": 58.331454030738726}, "datetime": {"datetime": "2021-09-24 13:40:51", "elapsed": 85.462317, "delta": 1.206319}}
{"target": 0.4459374742532881, "params": {"eta": 0.08, "max_depth": 1.4193462984067988, "n_estimators": 67.39082182017972}, "datetime": {"datetime": "2021-09-24 13:40:53", "elapsed": 86.596815, "delta": 1.134498}}
{"target": 0.44660167876458434, "params": {"eta": 0.0850548692199764, "max_depth": 2.2456754128160616, "n_estimators": 58.652388037599444}, "datetime": {"datetime": "2021-09-24 13:40:53", "elapsed": 87.436813, "delta": 0.839998}}
{"target": 0.46044632047053446, "params": {"eta": 0.3571971534376082, "max_depth": 1.5741036142424707, "n_estimators": 61.765452482201}, "datetime": {"datetime": "2021-09-24 13:40:54", "elapsed": 88.366091, "delta": 0.929278}}
{"target": 0.45997616411974984, "params": {"eta": 0.09909364246219474, "max_depth": 2.627754732555759, "n_estimators": 58.33784075024019}, "datetime": {"datetime": "2021-09-24 13:40:55", "elapsed": 89.439483, "delta": 1.073392}}
{"target": 0.35791602375385134, "params": {"eta": 0.32594202286848695, "max_depth": 2.0539177366631747, "n_estimators": 65.84594194831178}, "datetime": {"datetime": "2021-09-24 13:40:56", "elapsed": 90.237486, "delta": 0.798003}}
{"target": 0.4478325392156014, "params": {"eta": 0.08, "max_depth": 1.5853234102811884, "n_estimators": 90.13706929524115}, "datetime": {"datetime": "2021-09-24 13:40:58", "elapsed": 91.480487, "delta": 1.243001}}
