{"target": -49.216660262946796, "params": {"eta": 0.473473102873193, "max_depth": 12.261203884938972, "n_estimators": 44.27475204194497}, "datetime": {"datetime": "2021-09-24 15:24:32", "elapsed": 803.888407, "delta": 3.729378}}
{"target": -50.89506997470569, "params": {"eta": 0.6007824802446459, "max_depth": 3.4994963392705882, "n_estimators": 77.13637354298223}, "datetime": {"datetime": "2021-09-24 15:24:37", "elapsed": 808.973573, "delta": 5.085166}}
{"target": -48.88623643459234, "params": {"eta": 0.26924656307594513, "max_depth": 14.345518062840657, "n_estimators": 81.73721161419746}, "datetime": {"datetime": "2021-09-24 15:24:40", "elapsed": 811.776712, "delta": 2.803139}}
{"target": -47.157910770043394, "params": {"eta": 0.9447978815108454, "max_depth": 1.1275305853638908, "n_estimators": 34.632969901614864}, "datetime": {"datetime": "2021-09-24 15:24:43", "elapsed": 814.854357, "delta": 3.077645}}
{"target": -45.77340394213684, "params": {"eta": 0.1803410010795905, "max_depth": 21.019734598069405, "n_estimators": 39.66418502279832}, "datetime": {"datetime": "2021-09-24 15:24:45", "elapsed": 816.840499, "delta": 1.986142}}
{"target": -44.68000690202068, "params": {"eta": 0.08136860472997967, "max_depth": 3.653742534687038, "n_estimators": 33.349238000642124}, "datetime": {"datetime": "2021-09-24 15:24:47", "elapsed": 818.661723, "delta": 1.821224}}
{"target": -43.94328583452038, "params": {"eta": 0.19167018105015682, "max_depth": 1.724141731357789, "n_estimators": 66.30926909059747}, "datetime": {"datetime": "2021-09-24 15:24:51", "elapsed": 822.768368, "delta": 4.106645}}
{"target": -59.43155831143372, "params": {"eta": 0.9629411785400729, "max_depth": 3.9540084266519706, "n_estimators": 75.65324397257548}, "datetime": {"datetime": "2021-09-24 15:24:53", "elapsed": 824.972242, "delta": 2.203874}}
{"target": -55.590537546272564, "params": {"eta": 0.7883305767177221, "max_depth": 3.3180186265961433, "n_estimators": 76.04206354515094}, "datetime": {"datetime": "2021-09-24 15:24:57", "elapsed": 828.885684, "delta": 3.913442}}
{"target": -46.65545682978809, "params": {"eta": 0.1707407340738654, "max_depth": 4.539612916375992, "n_estimators": 33.55341022194356}, "datetime": {"datetime": "2021-09-24 15:25:01", "elapsed": 833.286737, "delta": 4.401053}}
{"target": -61.754260299797345, "params": {"eta": 0.019142767632216447, "max_depth": 11.568322068429502, "n_estimators": 58.61826386052721}, "datetime": {"datetime": "2021-09-24 15:25:04", "elapsed": 835.608734, "delta": 2.321997}}
{"target": -47.45467586087105, "params": {"eta": 0.20479735163897037, "max_depth": 12.941423613526993, "n_estimators": 13.542152219617789}, "datetime": {"datetime": "2021-09-24 15:25:06", "elapsed": 838.131118, "delta": 2.522384}}
{"target": -47.96354715447677, "params": {"eta": 0.16492951692196922, "max_depth": 4.127319435827505, "n_estimators": 75.71101235645133}, "datetime": {"datetime": "2021-09-24 15:25:12", "elapsed": 843.501912, "delta": 5.370794}}
{"target": -47.71269102741901, "params": {"eta": 0.4812022658644828, "max_depth": 4.019462042405564, "n_estimators": 33.013352288706805}, "datetime": {"datetime": "2021-09-24 15:25:16", "elapsed": 847.812769, "delta": 4.310857}}
{"target": -51.2900902956052, "params": {"eta": 0.6241771007128756, "max_depth": 3.959713494757365, "n_estimators": 33.73742004226142}, "datetime": {"datetime": "2021-09-24 15:25:20", "elapsed": 852.315831, "delta": 4.503062}}
{"target": -47.91302552169427, "params": {"eta": 0.7516686200142455, "max_depth": 1.995536306250056, "n_estimators": 78.57756895328075}, "datetime": {"datetime": "2021-09-24 15:25:24", "elapsed": 855.979101, "delta": 3.66327}}
{"target": -48.95282381100762, "params": {"eta": 0.6042426237783545, "max_depth": 3.013459523911459, "n_estimators": 12.371073738828123}, "datetime": {"datetime": "2021-09-24 15:25:27", "elapsed": 858.370591, "delta": 2.39149}}
{"target": -44.63960971688866, "params": {"eta": 0.9592424908074755, "max_depth": 1.5169637650842631, "n_estimators": 14.247844252728363}, "datetime": {"datetime": "2021-09-24 15:25:30", "elapsed": 862.282401, "delta": 3.91181}}
{"target": -55.86311571221603, "params": {"eta": 0.9159201634424023, "max_depth": 3.5585305526525373, "n_estimators": 12.05872934080149}, "datetime": {"datetime": "2021-09-24 15:25:34", "elapsed": 865.679702, "delta": 3.397301}}
{"target": -51.56679669717201, "params": {"eta": 0.7198815132071706, "max_depth": 19.390119102521872, "n_estimators": 15.076987680866221}, "datetime": {"datetime": "2021-09-24 15:25:36", "elapsed": 867.773795, "delta": 2.094093}}
{"target": -55.146677275349326, "params": {"eta": 0.9126236450458572, "max_depth": 8.901468509947803, "n_estimators": 83.09202217482698}, "datetime": {"datetime": "2021-09-24 15:25:40", "elapsed": 872.195843, "delta": 4.422048}}
{"target": -54.75095317238256, "params": {"eta": 0.7827749790256742, "max_depth": 4.614067219638263, "n_estimators": 54.59065720235556}, "datetime": {"datetime": "2021-09-24 15:25:45", "elapsed": 877.268626, "delta": 5.072783}}
{"target": -47.70985289265339, "params": {"eta": 0.8913092546654812, "max_depth": 1.0915802121036977, "n_estimators": 77.39161075035408}, "datetime": {"datetime": "2021-09-24 15:25:50", "elapsed": 882.295059, "delta": 5.026433}}
{"target": -123.49974126027043, "params": {"eta": 0.0022208951024230727, "max_depth": 2.1374836581370085, "n_estimators": 75.52025444830218}, "datetime": {"datetime": "2021-09-24 15:25:55", "elapsed": 886.636162, "delta": 4.341103}}
{"target": -51.51442595173542, "params": {"eta": 0.5214136833695726, "max_depth": 3.7129920615174337, "n_estimators": 75.15533711278115}, "datetime": {"datetime": "2021-09-24 15:26:00", "elapsed": 891.845007, "delta": 5.208845}}
{"target": -44.672501642901196, "params": {"eta": 0.06024034945532045, "max_depth": 23.882759935139223, "n_estimators": 96.11937343545154}, "datetime": {"datetime": "2021-09-24 15:26:03", "elapsed": 894.55953, "delta": 2.714523}}
{"target": -46.14694414640728, "params": {"eta": 0.5155223098741097, "max_depth": 1.429005205295221, "n_estimators": 74.66121614344455}, "datetime": {"datetime": "2021-09-24 15:26:08", "elapsed": 899.378628, "delta": 4.819098}}
{"target": -46.28872977522083, "params": {"eta": 0.5619336753149983, "max_depth": 1.5525917212324114, "n_estimators": 76.14577755745857}, "datetime": {"datetime": "2021-09-24 15:26:13", "elapsed": 905.086803, "delta": 5.708175}}
{"target": -137.1481253114858, "params": {"eta": 0.001, "max_depth": 3.2954601205105525, "n_estimators": 66.36402285725234}, "datetime": {"datetime": "2021-09-24 15:26:19", "elapsed": 910.397082, "delta": 5.310279}}
{"target": -45.09799346350189, "params": {"eta": 0.20175317774127366, "max_depth": 11.148330976583667, "n_estimators": 93.09093851383747}, "datetime": {"datetime": "2021-09-24 15:26:22", "elapsed": 913.51717, "delta": 3.120088}}
{"target": -43.39677050597685, "params": {"eta": 0.3918035068688171, "max_depth": 1.3536002998551977, "n_estimators": 32.136464388231786}, "datetime": {"datetime": "2021-09-24 15:26:24", "elapsed": 915.714524, "delta": 2.197354}}
{"target": -47.8261343590299, "params": {"eta": 0.16664704021871005, "max_depth": 21.461926407403926, "n_estimators": 14.489492105884402}, "datetime": {"datetime": "2021-09-24 15:26:27", "elapsed": 918.447797, "delta": 2.733273}}
{"target": -52.67648260934012, "params": {"eta": 0.7549687500249956, "max_depth": 2.93324120293779, "n_estimators": 74.43426159853837}, "datetime": {"datetime": "2021-09-24 15:26:32", "elapsed": 923.965307, "delta": 5.51751}}
{"target": -53.44670891582518, "params": {"eta": 0.9945281709893606, "max_depth": 2.517192570620396, "n_estimators": 76.54969549916468}, "datetime": {"datetime": "2021-09-24 15:26:35", "elapsed": 926.797331, "delta": 2.832024}}
{"target": -44.75939448076979, "params": {"eta": 0.14707979079713823, "max_depth": 2.1769352326097273, "n_estimators": 78.43043041764234}, "datetime": {"datetime": "2021-09-24 15:26:41", "elapsed": 932.722115, "delta": 5.924784}}
{"target": -46.849183519980066, "params": {"eta": 0.6632788076600538, "max_depth": 1.2541183955694644, "n_estimators": 71.49548652709987}, "datetime": {"datetime": "2021-09-24 15:26:46", "elapsed": 937.929699, "delta": 5.207584}}
{"target": -47.317280446676385, "params": {"eta": 0.337102015944214, "max_depth": 23.770078500228905, "n_estimators": 26.278943889338873}, "datetime": {"datetime": "2021-09-24 15:26:48", "elapsed": 940.315719, "delta": 2.38602}}
{"target": -44.84149313331547, "params": {"eta": 0.12160113519500768, "max_depth": 2.676976255636845, "n_estimators": 22.037208290855393}, "datetime": {"datetime": "2021-09-24 15:26:52", "elapsed": 944.335845, "delta": 4.020126}}
{"target": -53.73729189535729, "params": {"eta": 0.0611751905422229, "max_depth": 1.692390184595685, "n_estimators": 21.713960889249098}, "datetime": {"datetime": "2021-09-24 15:26:58", "elapsed": 950.033691, "delta": 5.697846}}
{"target": -43.97942423999758, "params": {"eta": 0.25007469976991725, "max_depth": 1.665488873184798, "n_estimators": 70.71699803878576}, "datetime": {"datetime": "2021-09-24 15:27:05", "elapsed": 956.999841, "delta": 6.96615}}
{"target": -51.22917846808756, "params": {"eta": 0.55602541246365, "max_depth": 3.8288445263295037, "n_estimators": 65.46424185212999}, "datetime": {"datetime": "2021-09-24 15:27:10", "elapsed": 961.879319, "delta": 4.879478}}
{"target": -46.28853896865271, "params": {"eta": 0.7090558941205894, "max_depth": 1.4478543056445172, "n_estimators": 53.24974294298928}, "datetime": {"datetime": "2021-09-24 15:27:12", "elapsed": 963.806646, "delta": 1.927327}}
{"target": -135.8327253312993, "params": {"eta": 0.001, "max_depth": 1.2007766014094092, "n_estimators": 73.84960286950502}, "datetime": {"datetime": "2021-09-24 15:27:16", "elapsed": 968.22557, "delta": 4.418924}}
{"target": -45.90044433192203, "params": {"eta": 0.5437879944949304, "max_depth": 1.0415142511164044, "n_estimators": 72.75825664926977}, "datetime": {"datetime": "2021-09-24 15:27:22", "elapsed": 973.999586, "delta": 5.774016}}
{"target": -46.936459706241926, "params": {"eta": 0.39547426758421533, "max_depth": 2.3520867674534305, "n_estimators": 73.89545193395385}, "datetime": {"datetime": "2021-09-24 15:27:28", "elapsed": 980.208738, "delta": 6.209152}}
{"target": -45.3323512543413, "params": {"eta": 0.09854365478945463, "max_depth": 21.82062234935173, "n_estimators": 72.45373054626609}, "datetime": {"datetime": "2021-09-24 15:27:32", "elapsed": 983.674092, "delta": 3.465354}}
{"target": -46.6344838823591, "params": {"eta": 0.08688444095544025, "max_depth": 21.85843970184297, "n_estimators": 73.03027652692246}, "datetime": {"datetime": "2021-09-24 15:27:41", "elapsed": 992.478449, "delta": 8.804357}}
{"target": -44.375830657500074, "params": {"eta": 0.33728971135707136, "max_depth": 2.2258588471450045, "n_estimators": 22.005705718663346}, "datetime": {"datetime": "2021-09-24 15:27:45", "elapsed": 996.975056, "delta": 4.496607}}
{"target": -47.99853664771059, "params": {"eta": 0.9642263746735478, "max_depth": 1.0013796533616963, "n_estimators": 67.66999228406011}, "datetime": {"datetime": "2021-09-24 15:27:47", "elapsed": 999.117237, "delta": 2.142181}}
{"target": -54.88138157980783, "params": {"eta": 0.5979363196560356, "max_depth": 4.734361344472623, "n_estimators": 29.46803388265674}, "datetime": {"datetime": "2021-09-24 15:27:49", "elapsed": 1001.16069, "delta": 2.043453}}
{"target": -44.853524487717706, "params": {"eta": 0.09724502063423832, "max_depth": 21.24178960420725, "n_estimators": 72.37774855552003}, "datetime": {"datetime": "2021-09-24 15:27:54", "elapsed": 1006.248523, "delta": 5.087833}}
{"target": -46.55578877155046, "params": {"eta": 0.34884205611073144, "max_depth": 2.025644950645477, "n_estimators": 74.41878330811697}, "datetime": {"datetime": "2021-09-24 15:27:59", "elapsed": 1010.759677, "delta": 4.511154}}
{"target": -51.66013430832024, "params": {"eta": 0.5612445008531304, "max_depth": 14.266285934880752, "n_estimators": 10.59321885864534}, "datetime": {"datetime": "2021-09-24 15:28:01", "elapsed": 1013.178402, "delta": 2.418725}}
{"target": -47.74843468343405, "params": {"eta": 0.17643954714787874, "max_depth": 21.42534053262728, "n_estimators": 72.59515206518606}, "datetime": {"datetime": "2021-09-24 15:28:09", "elapsed": 1020.459179, "delta": 7.280777}}
{"target": -50.06731889480935, "params": {"eta": 0.5161185472836493, "max_depth": 21.844535580171797, "n_estimators": 72.49176996632909}, "datetime": {"datetime": "2021-09-24 15:28:16", "elapsed": 1028.264623, "delta": 7.805444}}
{"target": -46.80960899008844, "params": {"eta": 0.3438713777941407, "max_depth": 2.0786392705330385, "n_estimators": 66.6193578406738}, "datetime": {"datetime": "2021-09-24 15:28:22", "elapsed": 1033.874645, "delta": 5.610022}}
{"target": -51.5650808578147, "params": {"eta": 0.505429009679482, "max_depth": 19.70512621282299, "n_estimators": 22.303594002751332}, "datetime": {"datetime": "2021-09-24 15:28:25", "elapsed": 1037.312612, "delta": 3.437967}}
{"target": -46.3724172204957, "params": {"eta": 0.5663054463584536, "max_depth": 1.1129123932405767, "n_estimators": 75.7417931894791}, "datetime": {"datetime": "2021-09-24 15:28:30", "elapsed": 1041.561612, "delta": 4.249}}
{"target": -45.72655329309908, "params": {"eta": 0.4839625467704634, "max_depth": 1.4890006249300045, "n_estimators": 72.04892826439206}, "datetime": {"datetime": "2021-09-24 15:28:37", "elapsed": 1049.02785, "delta": 7.466238}}
{"target": -51.75826891562096, "params": {"eta": 0.4987611333633403, "max_depth": 19.61676898078751, "n_estimators": 80.74253159500262}, "datetime": {"datetime": "2021-09-24 15:28:40", "elapsed": 1052.068237, "delta": 3.040387}}
{"target": -45.64254232994596, "params": {"eta": 0.7505976406140306, "max_depth": 1.1049620399840698, "n_estimators": 34.10198706168336}, "datetime": {"datetime": "2021-09-24 15:28:44", "elapsed": 1056.036328, "delta": 3.968091}}
{"target": -43.827459062848774, "params": {"eta": 0.19155303224086542, "max_depth": 1.137628920285021, "n_estimators": 75.20666112883836}, "datetime": {"datetime": "2021-09-24 15:28:50", "elapsed": 1061.810628, "delta": 5.7743}}
{"target": -48.85400463046884, "params": {"eta": 0.6717229423724138, "max_depth": 2.493500596157305, "n_estimators": 21.39829353570152}, "datetime": {"datetime": "2021-09-24 15:28:55", "elapsed": 1066.897814, "delta": 5.087186}}
{"target": -49.2530248541581, "params": {"eta": 0.26666709925669013, "max_depth": 15.470698040771422, "n_estimators": 69.35420314935556}, "datetime": {"datetime": "2021-09-24 15:29:00", "elapsed": 1072.025849, "delta": 5.128035}}
{"target": -47.2267692107007, "params": {"eta": 0.6613261565428682, "max_depth": 1.3745735954067948, "n_estimators": 66.54353258014372}, "datetime": {"datetime": "2021-09-24 15:29:07", "elapsed": 1078.796777, "delta": 6.770928}}
{"target": -44.828408004646015, "params": {"eta": 0.18333648070546954, "max_depth": 20.271437116533512, "n_estimators": 75.77394192014413}, "datetime": {"datetime": "2021-09-24 15:29:15", "elapsed": 1086.45958, "delta": 7.662803}}
{"target": -51.58924583205603, "params": {"eta": 0.7125868500895586, "max_depth": 11.114595096117231, "n_estimators": 65.3632796300668}, "datetime": {"datetime": "2021-09-24 15:29:18", "elapsed": 1090.161614, "delta": 3.702034}}
{"target": -43.82382420131138, "params": {"eta": 0.391037820754427, "max_depth": 1.5128112960329378, "n_estimators": 14.635401241368317}, "datetime": {"datetime": "2021-09-24 15:29:27", "elapsed": 1098.471744, "delta": 8.31013}}
{"target": -43.46203880023239, "params": {"eta": 0.36101379707539466, "max_depth": 1.7004214166664031, "n_estimators": 78.15826042185007}, "datetime": {"datetime": "2021-09-24 15:29:35", "elapsed": 1107.057353, "delta": 8.585609}}
{"target": -47.15023746347069, "params": {"eta": 0.4507699647880527, "max_depth": 22.121770365417024, "n_estimators": 85.98450773864298}, "datetime": {"datetime": "2021-09-24 15:29:38", "elapsed": 1110.36639, "delta": 3.309037}}
{"target": -51.115049261795846, "params": {"eta": 0.7118879201019028, "max_depth": 23.495942826699924, "n_estimators": 20.82612879441219}, "datetime": {"datetime": "2021-09-24 15:29:42", "elapsed": 1113.497741, "delta": 3.131351}}
{"target": -46.46424418284481, "params": {"eta": 0.6568081392994659, "max_depth": 1.0008047237864346, "n_estimators": 14.366800767379695}, "datetime": {"datetime": "2021-09-24 15:29:48", "elapsed": 1120.200173, "delta": 6.702432}}
{"target": -45.54665271500896, "params": {"eta": 1.0, "max_depth": 1.3062478530572192, "n_estimators": 11.226819399658835}, "datetime": {"datetime": "2021-09-24 15:29:53", "elapsed": 1124.388956, "delta": 4.188783}}
{"target": -44.04732653969213, "params": {"eta": 0.31559906799868004, "max_depth": 1.6165851783436205, "n_estimators": 50.046654364420604}, "datetime": {"datetime": "2021-09-24 15:29:58", "elapsed": 1129.642735, "delta": 5.253779}}
{"target": -52.40551545566186, "params": {"eta": 0.614376346771708, "max_depth": 4.058907311889621, "n_estimators": 76.153049813347}, "datetime": {"datetime": "2021-09-24 15:30:03", "elapsed": 1135.087342, "delta": 5.444607}}
{"target": -48.15823077438469, "params": {"eta": 0.42357686010538736, "max_depth": 9.215547218373871, "n_estimators": 36.50573050644316}, "datetime": {"datetime": "2021-09-24 15:30:06", "elapsed": 1138.124525, "delta": 3.037183}}
{"target": -46.339768087057244, "params": {"eta": 0.6188066704532944, "max_depth": 1.6734432538929624, "n_estimators": 13.86562415851389}, "datetime": {"datetime": "2021-09-24 15:30:11", "elapsed": 1142.991074, "delta": 4.866549}}
{"target": -43.854375452027284, "params": {"eta": 0.10559200747516904, "max_depth": 1.0110716315088473, "n_estimators": 70.84186263491088}, "datetime": {"datetime": "2021-09-24 15:30:17", "elapsed": 1149.130728, "delta": 6.139654}}
{"target": -47.12085305120712, "params": {"eta": 0.36778233029644725, "max_depth": 7.254575475007134, "n_estimators": 83.43038161967964}, "datetime": {"datetime": "2021-09-24 15:30:25", "elapsed": 1156.631312, "delta": 7.500584}}
{"target": -119.68156477562466, "params": {"eta": 0.008935301597343154, "max_depth": 2.117841735101184, "n_estimators": 22.58035817198215}, "datetime": {"datetime": "2021-09-24 15:30:31", "elapsed": 1163.187592, "delta": 6.55628}}
{"target": -45.67504547233868, "params": {"eta": 0.19019601238690653, "max_depth": 9.127598686183354, "n_estimators": 40.09379036174352}, "datetime": {"datetime": "2021-09-24 15:30:34", "elapsed": 1166.128644, "delta": 2.941052}}
{"target": -46.37297907090725, "params": {"eta": 0.7672548161206111, "max_depth": 1.7563271625052543, "n_estimators": 21.908568862544026}, "datetime": {"datetime": "2021-09-24 15:30:41", "elapsed": 1172.867497, "delta": 6.738853}}
{"target": -47.97048904304218, "params": {"eta": 0.3870653268144856, "max_depth": 12.371658820186912, "n_estimators": 79.17903734769283}, "datetime": {"datetime": "2021-09-24 15:30:44", "elapsed": 1176.291977, "delta": 3.42448}}
{"target": -47.48499536155758, "params": {"eta": 0.1361425321182836, "max_depth": 10.305451578476212, "n_estimators": 67.73460599989792}, "datetime": {"datetime": "2021-09-24 15:30:48", "elapsed": 1180.115514, "delta": 3.823537}}
{"target": -48.720444442634296, "params": {"eta": 0.6109109132810387, "max_depth": 6.737488962356083, "n_estimators": 20.35847855718327}, "datetime": {"datetime": "2021-09-24 15:30:51", "elapsed": 1182.792051, "delta": 2.676537}}
{"target": -45.52248270708815, "params": {"eta": 0.9868161809547636, "max_depth": 1.0, "n_estimators": 11.817045450286153}, "datetime": {"datetime": "2021-09-24 15:30:59", "elapsed": 1191.050156, "delta": 8.258105}}
{"target": -44.53559267431274, "params": {"eta": 0.4072260117280389, "max_depth": 1.0413534199549304, "n_estimators": 77.80233884258053}, "datetime": {"datetime": "2021-09-24 15:31:05", "elapsed": 1196.806464, "delta": 5.756308}}
{"target": -46.69087689622004, "params": {"eta": 0.3103663717615014, "max_depth": 3.3449228019391617, "n_estimators": 22.601398291691595}, "datetime": {"datetime": "2021-09-24 15:31:11", "elapsed": 1202.674298, "delta": 5.867834}}
{"target": -51.789923330894986, "params": {"eta": 0.824075378948488, "max_depth": 19.411568200203185, "n_estimators": 87.64223136260753}, "datetime": {"datetime": "2021-09-24 15:31:13", "elapsed": 1205.207739, "delta": 2.533441}}
{"target": -47.959812565853724, "params": {"eta": 0.3901691363732218, "max_depth": 18.924911045017712, "n_estimators": 42.25655206011441}, "datetime": {"datetime": "2021-09-24 15:31:16", "elapsed": 1208.194245, "delta": 2.986506}}
{"target": -135.97350305901435, "params": {"eta": 0.001, "max_depth": 2.8331176386644663, "n_estimators": 73.7227737195283}, "datetime": {"datetime": "2021-09-24 15:31:24", "elapsed": 1215.765244, "delta": 7.570999}}
{"target": -45.95856639317104, "params": {"eta": 0.40634873922687864, "max_depth": 2.319702246592887, "n_estimators": 20.54992618838568}, "datetime": {"datetime": "2021-09-24 15:31:31", "elapsed": 1222.427315, "delta": 6.662071}}
{"target": -44.893847702141095, "params": {"eta": 0.03431277338042236, "max_depth": 2.9924417712666234, "n_estimators": 74.31513941273916}, "datetime": {"datetime": "2021-09-24 15:31:33", "elapsed": 1224.949451, "delta": 2.522136}}
{"target": -45.09861996299342, "params": {"eta": 0.08281010119260963, "max_depth": 3.4181936623678357, "n_estimators": 74.834971953539}, "datetime": {"datetime": "2021-09-24 15:31:42", "elapsed": 1233.906741, "delta": 8.95729}}
{"target": -49.99534297168703, "params": {"eta": 0.6945561745585581, "max_depth": 2.3750661384925937, "n_estimators": 19.978295680623255}, "datetime": {"datetime": "2021-09-24 15:31:48", "elapsed": 1240.305278, "delta": 6.398537}}
{"target": -141.92934622441916, "params": {"eta": 0.001, "max_depth": 4.023587472083395, "n_estimators": 33.7237209356081}, "datetime": {"datetime": "2021-09-24 15:31:54", "elapsed": 1245.377468, "delta": 5.07219}}
