{"target": -44.079186374979805, "params": {"eta": 0.1998619151299643, "max_depth": 1.6479052436293662, "n_estimators": 113.56059339666356}, "datetime": {"datetime": "2021-09-24 16:42:33", "elapsed": 93.156582, "delta": 1.62014}}
{"target": -45.92733391783291, "params": {"eta": 0.02422615000518749, "max_depth": 1.3132017126357898, "n_estimators": 136.19492713619064}, "datetime": {"datetime": "2021-09-24 16:42:34", "elapsed": 94.309107, "delta": 1.152525}}
{"target": -46.04979201008503, "params": {"eta": 0.45310302139769837, "max_depth": 1.0806776993606095, "n_estimators": 115.6985825680884}, "datetime": {"datetime": "2021-09-24 16:42:35", "elapsed": 95.183508, "delta": 0.874401}}
{"target": -44.851036100459275, "params": {"eta": 0.392855310733159, "max_depth": 1.889673097503036, "n_estimators": 113.76132007077521}, "datetime": {"datetime": "2021-09-24 16:42:36", "elapsed": 96.17566, "delta": 0.992152}}
{"target": -45.84023642002192, "params": {"eta": 0.41043908208909763, "max_depth": 1.5980865108232503, "n_estimators": 136.05235059562693}, "datetime": {"datetime": "2021-09-24 16:42:37", "elapsed": 97.198039, "delta": 1.022379}}
{"target": -44.36290118568822, "params": {"eta": 0.029833539940395892, "max_depth": 3.1309684337622024, "n_estimators": 143.90168934447834}, "datetime": {"datetime": "2021-09-24 16:42:37", "elapsed": 97.903037, "delta": 0.704998}}
{"target": -44.04938154292286, "params": {"eta": 0.11393870662213361, "max_depth": 1.831699285632895, "n_estimators": 153.048762839267}, "datetime": {"datetime": "2021-09-24 16:42:38", "elapsed": 98.62206, "delta": 0.719023}}
{"target": -44.495977932349184, "params": {"eta": 0.37145748625980934, "max_depth": 1.3975530963395322, "n_estimators": 113.80291341104956}, "datetime": {"datetime": "2021-09-24 16:42:40", "elapsed": 100.165308, "delta": 1.543248}}
{"target": -49.919050231015774, "params": {"eta": 0.01, "max_depth": 2.103546144682855, "n_estimators": 153.21511682249692}, "datetime": {"datetime": "2021-09-24 16:42:41", "elapsed": 101.630368, "delta": 1.46506}}
{"target": -43.7439030812199, "params": {"eta": 0.07646165692407027, "max_depth": 1.8404032687807965, "n_estimators": 153.6833650449967}, "datetime": {"datetime": "2021-09-24 16:42:43", "elapsed": 103.128635, "delta": 1.498267}}
{"target": -51.469744632118626, "params": {"eta": 0.01, "max_depth": 1.6202915093453223, "n_estimators": 153.46751113612115}, "datetime": {"datetime": "2021-09-24 16:42:44", "elapsed": 104.780764, "delta": 1.652129}}
{"target": -44.88774487488252, "params": {"eta": 0.03970214232637477, "max_depth": 1.3435685175652234, "n_estimators": 115.5711465847818}, "datetime": {"datetime": "2021-09-24 16:42:46", "elapsed": 106.518352, "delta": 1.737588}}
{"target": -48.87478451262739, "params": {"eta": 0.20934677627989734, "max_depth": 3.936325517095251, "n_estimators": 110.44637819694061}, "datetime": {"datetime": "2021-09-24 16:42:47", "elapsed": 107.193027, "delta": 0.674675}}
{"target": -44.97220393589565, "params": {"eta": 0.032306297897471685, "max_depth": 1.1394894096149915, "n_estimators": 136.83102269336112}, "datetime": {"datetime": "2021-09-24 16:42:48", "elapsed": 108.854065, "delta": 1.661038}}
{"target": -44.18305203430635, "params": {"eta": 0.22604951229561868, "max_depth": 1.9154392140061747, "n_estimators": 153.59899447558942}, "datetime": {"datetime": "2021-09-24 16:42:50", "elapsed": 110.604864, "delta": 1.750799}}
{"target": -43.789241819453416, "params": {"eta": 0.23348609557395067, "max_depth": 1.6103354775969079, "n_estimators": 113.76904045293901}, "datetime": {"datetime": "2021-09-24 16:42:51", "elapsed": 111.523027, "delta": 0.918163}}
{"target": -49.579839476965425, "params": {"eta": 0.21065106303532974, "max_depth": 4.389686471810784, "n_estimators": 153.4317884129578}, "datetime": {"datetime": "2021-09-24 16:42:52", "elapsed": 112.408801, "delta": 0.885774}}
{"target": -44.85581522776668, "params": {"eta": 0.3615513582697278, "max_depth": 1.5978430625691336, "n_estimators": 153.21139151485733}, "datetime": {"datetime": "2021-09-24 16:42:53", "elapsed": 113.729362, "delta": 1.320561}}
{"target": -45.4505805682419, "params": {"eta": 0.2692625623396418, "max_depth": 1.5659516533296056, "n_estimators": 192.9153504954045}, "datetime": {"datetime": "2021-09-24 16:42:54", "elapsed": 114.43751, "delta": 0.708148}}
{"target": -44.362126113776874, "params": {"eta": 0.3355682669422672, "max_depth": 1.0915732519333385, "n_estimators": 115.15647688063295}, "datetime": {"datetime": "2021-09-24 16:42:55", "elapsed": 115.415413, "delta": 0.977903}}
{"target": -50.607582034921286, "params": {"eta": 0.29596417450327894, "max_depth": 3.1525014853034232, "n_estimators": 121.08366105926972}, "datetime": {"datetime": "2021-09-24 16:42:56", "elapsed": 116.762692, "delta": 1.347279}}
{"target": -44.10991760483362, "params": {"eta": 0.13883288235425897, "max_depth": 1.0107305698724027, "n_estimators": 137.1348116688091}, "datetime": {"datetime": "2021-09-24 16:42:57", "elapsed": 117.749311, "delta": 0.986619}}
{"target": -53.86529133732157, "params": {"eta": 0.01, "max_depth": 1.7719956063556854, "n_estimators": 132.06614457706002}, "datetime": {"datetime": "2021-09-24 16:42:58", "elapsed": 118.910037, "delta": 1.160726}}
{"target": -45.4766325126017, "params": {"eta": 0.4316673929424879, "max_depth": 1.5502785091781726, "n_estimators": 109.1344732728661}, "datetime": {"datetime": "2021-09-24 16:43:00", "elapsed": 120.072229, "delta": 1.162192}}
{"target": -46.91863517474411, "params": {"eta": 0.4722700872289493, "max_depth": 1.5564623719103063, "n_estimators": 153.5609997710381}, "datetime": {"datetime": "2021-09-24 16:43:01", "elapsed": 121.093223, "delta": 1.020994}}
{"target": -44.47208381595468, "params": {"eta": 0.26919432946905686, "max_depth": 1.392847750255128, "n_estimators": 114.05874652639861}, "datetime": {"datetime": "2021-09-24 16:43:02", "elapsed": 122.133691, "delta": 1.040468}}
{"target": -44.54931588997518, "params": {"eta": 0.05182523241780669, "max_depth": 1.6655084762897805, "n_estimators": 114.08878011399418}, "datetime": {"datetime": "2021-09-24 16:43:03", "elapsed": 123.057693, "delta": 0.924002}}
{"target": -56.638991621203886, "params": {"eta": 0.01, "max_depth": 1.0, "n_estimators": 115.79437281068023}, "datetime": {"datetime": "2021-09-24 16:43:04", "elapsed": 124.721089, "delta": 1.663396}}
{"target": -46.42337334424929, "params": {"eta": 0.4701986142276072, "max_depth": 1.706203910193325, "n_estimators": 123.73635346133662}, "datetime": {"datetime": "2021-09-24 16:43:05", "elapsed": 125.426736, "delta": 0.705647}}
{"target": -47.81127278607591, "params": {"eta": 0.23458366370016745, "max_depth": 4.284132394857318, "n_estimators": 129.87163660337816}, "datetime": {"datetime": "2021-09-24 16:43:06", "elapsed": 126.795456, "delta": 1.36872}}
{"target": -43.625365006296256, "params": {"eta": 0.10989445407307535, "max_depth": 1.0851513649976532, "n_estimators": 115.16342199181472}, "datetime": {"datetime": "2021-09-24 16:43:07", "elapsed": 127.589928, "delta": 0.794472}}
{"target": -43.77888924734933, "params": {"eta": 0.07847353898972259, "max_depth": 1.7683194021016884, "n_estimators": 131.647037681792}, "datetime": {"datetime": "2021-09-24 16:43:09", "elapsed": 129.560188, "delta": 1.97026}}
{"target": -43.956320110120274, "params": {"eta": 0.13841709533331345, "max_depth": 1.3874702643833792, "n_estimators": 113.65056527630982}, "datetime": {"datetime": "2021-09-24 16:43:10", "elapsed": 130.652029, "delta": 1.091841}}
{"target": -44.279155903292775, "params": {"eta": 0.32922365681413834, "max_depth": 1.1108833568726375, "n_estimators": 116.00853777618588}, "datetime": {"datetime": "2021-09-24 16:43:11", "elapsed": 131.882717, "delta": 1.230688}}
{"target": -44.328510141014156, "params": {"eta": 0.33211440154245564, "max_depth": 1.2889605819478542, "n_estimators": 115.89126633089394}, "datetime": {"datetime": "2021-09-24 16:43:12", "elapsed": 132.846902, "delta": 0.964185}}
{"target": -43.8317765831051, "params": {"eta": 0.16474492558084147, "max_depth": 1.9476899526768459, "n_estimators": 153.86245295952045}, "datetime": {"datetime": "2021-09-24 16:43:14", "elapsed": 134.352549, "delta": 1.505647}}
{"target": -44.29160833717289, "params": {"eta": 0.268136141106094, "max_depth": 1.8041900299812865, "n_estimators": 109.31547736188067}, "datetime": {"datetime": "2021-09-24 16:43:15", "elapsed": 135.772715, "delta": 1.420166}}
{"target": -45.32663371150655, "params": {"eta": 0.02287895564858894, "max_depth": 1.3183055027417172, "n_estimators": 170.66638248304986}, "datetime": {"datetime": "2021-09-24 16:43:17", "elapsed": 137.175718, "delta": 1.403003}}
{"target": -45.55902512629229, "params": {"eta": 0.03160407199355343, "max_depth": 1.0616650335146134, "n_estimators": 114.83474553142311}, "datetime": {"datetime": "2021-09-24 16:43:19", "elapsed": 139.027844, "delta": 1.852126}}
{"target": -45.6587096192783, "params": {"eta": 0.28365776209184346, "max_depth": 1.8616100198088017, "n_estimators": 131.72836011487223}, "datetime": {"datetime": "2021-09-24 16:43:20", "elapsed": 140.374924, "delta": 1.34708}}
{"target": -44.016616046876834, "params": {"eta": 0.17337581333942603, "max_depth": 1.5714192254837136, "n_estimators": 115.12325106536724}, "datetime": {"datetime": "2021-09-24 16:43:21", "elapsed": 141.846672, "delta": 1.471748}}
{"target": -48.645684636625134, "params": {"eta": 0.3524011087875255, "max_depth": 2.2279460045644237, "n_estimators": 113.06876763024755}, "datetime": {"datetime": "2021-09-24 16:43:23", "elapsed": 143.109885, "delta": 1.263213}}
{"target": -44.110559334432274, "params": {"eta": 0.25460423803943294, "max_depth": 1.871013678395593, "n_estimators": 125.36380464862853}, "datetime": {"datetime": "2021-09-24 16:43:24", "elapsed": 144.533078, "delta": 1.423193}}
{"target": -44.94707867615205, "params": {"eta": 0.03249782823725657, "max_depth": 1.0845856296250918, "n_estimators": 137.73075041159362}, "datetime": {"datetime": "2021-09-24 16:43:25", "elapsed": 145.903326, "delta": 1.370248}}
{"target": -48.62278750426787, "params": {"eta": 0.13575112191795677, "max_depth": 3.7677544263040312, "n_estimators": 173.5567123768974}, "datetime": {"datetime": "2021-09-24 16:43:27", "elapsed": 147.146589, "delta": 1.243263}}
{"target": -47.484383776671905, "params": {"eta": 0.01, "max_depth": 2.436161102180007, "n_estimators": 179.91151718092527}, "datetime": {"datetime": "2021-09-24 16:43:28", "elapsed": 148.790567, "delta": 1.643978}}
{"target": -43.989794967766095, "params": {"eta": 0.05192599620348527, "max_depth": 2.0890807541819916, "n_estimators": 153.76352517217916}, "datetime": {"datetime": "2021-09-24 16:43:30", "elapsed": 150.356883, "delta": 1.566316}}
{"target": -49.89645108961521, "params": {"eta": 0.3004193384352809, "max_depth": 4.30766518789104, "n_estimators": 133.33492804579092}, "datetime": {"datetime": "2021-09-24 16:43:31", "elapsed": 151.764086, "delta": 1.407203}}
{"target": -43.74062307257401, "params": {"eta": 0.08087941512901867, "max_depth": 1.5497328211700423, "n_estimators": 168.05998905135544}, "datetime": {"datetime": "2021-09-24 16:43:33", "elapsed": 153.049808, "delta": 1.285722}}
{"target": -43.89465254590027, "params": {"eta": 0.21708979380193402, "max_depth": 1.3590602240218796, "n_estimators": 116.07949829590542}, "datetime": {"datetime": "2021-09-24 16:43:34", "elapsed": 154.582383, "delta": 1.532575}}
{"target": -43.78941861489662, "params": {"eta": 0.07138319790675858, "max_depth": 1.376006610277785, "n_estimators": 131.9172192635754}, "datetime": {"datetime": "2021-09-24 16:43:35", "elapsed": 155.809702, "delta": 1.227319}}
{"target": -49.40325754208672, "params": {"eta": 0.24848502269681236, "max_depth": 4.333787111659992, "n_estimators": 197.76997272748528}, "datetime": {"datetime": "2021-09-24 16:43:36", "elapsed": 156.900023, "delta": 1.090321}}
{"target": -46.13992289492958, "params": {"eta": 0.42578549369907587, "max_depth": 1.590530971667652, "n_estimators": 147.5086592472552}, "datetime": {"datetime": "2021-09-24 16:43:37", "elapsed": 157.752101, "delta": 0.852078}}
{"target": -44.323618723933855, "params": {"eta": 0.2417974441054724, "max_depth": 1.3060197635351956, "n_estimators": 153.2521656330915}, "datetime": {"datetime": "2021-09-24 16:43:39", "elapsed": 159.240765, "delta": 1.488664}}
{"target": -44.251917559401434, "params": {"eta": 0.04214031872600773, "max_depth": 1.3201399130131746, "n_estimators": 152.98902136849955}, "datetime": {"datetime": "2021-09-24 16:43:40", "elapsed": 160.440061, "delta": 1.199296}}
{"target": -43.790642645126, "params": {"eta": 0.09966296237937025, "max_depth": 1.2044169543353025, "n_estimators": 113.86539036590295}, "datetime": {"datetime": "2021-09-24 16:43:41", "elapsed": 161.665062, "delta": 1.225001}}
{"target": -45.40412053846775, "params": {"eta": 0.31086905157866773, "max_depth": 1.5365640806950331, "n_estimators": 170.45677029241702}, "datetime": {"datetime": "2021-09-24 16:43:43", "elapsed": 163.406687, "delta": 1.741625}}
{"target": -44.322196616266005, "params": {"eta": 0.34925871487224824, "max_depth": 1.0941214458957376, "n_estimators": 114.17106294266341}, "datetime": {"datetime": "2021-09-24 16:43:44", "elapsed": 164.870658, "delta": 1.463971}}
{"target": -43.89263325167778, "params": {"eta": 0.11461043467748598, "max_depth": 1.4846856352219548, "n_estimators": 115.9379460496707}, "datetime": {"datetime": "2021-09-24 16:43:46", "elapsed": 166.594566, "delta": 1.723908}}
{"target": -46.302681141329884, "params": {"eta": 0.47539755482645085, "max_depth": 1.663731327534679, "n_estimators": 114.90625888918348}, "datetime": {"datetime": "2021-09-24 16:43:48", "elapsed": 168.060087, "delta": 1.465521}}
{"target": -43.81621712132504, "params": {"eta": 0.08843208510609729, "max_depth": 1.2112089334093565, "n_estimators": 114.13834850803956}, "datetime": {"datetime": "2021-09-24 16:43:49", "elapsed": 169.426868, "delta": 1.366781}}
{"target": -46.09995880700592, "params": {"eta": 0.19247334636422458, "max_depth": 2.012565972725527, "n_estimators": 114.03822355188213}, "datetime": {"datetime": "2021-09-24 16:43:50", "elapsed": 170.820396, "delta": 1.393528}}
{"target": -44.820438126872354, "params": {"eta": 0.25031379294164274, "max_depth": 1.7385777449708506, "n_estimators": 167.74243729338852}, "datetime": {"datetime": "2021-09-24 16:43:52", "elapsed": 172.681954, "delta": 1.861558}}
{"target": -46.85731339992437, "params": {"eta": 0.016803576406721643, "max_depth": 3.9838305603626027, "n_estimators": 108.68614630584003}, "datetime": {"datetime": "2021-09-24 16:43:54", "elapsed": 174.396364, "delta": 1.71441}}
{"target": -44.63485580100153, "params": {"eta": 0.3629049784220836, "max_depth": 1.6646343742482967, "n_estimators": 116.00487229287499}, "datetime": {"datetime": "2021-09-24 16:43:56", "elapsed": 176.052279, "delta": 1.655915}}
{"target": -43.721379932604336, "params": {"eta": 0.12121716194892389, "max_depth": 1.0011862681046022, "n_estimators": 114.40455198997414}, "datetime": {"datetime": "2021-09-24 16:43:57", "elapsed": 177.302546, "delta": 1.250267}}
{"target": -46.34918845327277, "params": {"eta": 0.17609863434206063, "max_depth": 2.263014911701209, "n_estimators": 136.31379966476956}, "datetime": {"datetime": "2021-09-24 16:43:58", "elapsed": 178.274251, "delta": 0.971705}}
{"target": -44.33279688555495, "params": {"eta": 0.03617729771488656, "max_depth": 1.0, "n_estimators": 170.4598446126964}, "datetime": {"datetime": "2021-09-24 16:44:00", "elapsed": 180.31167, "delta": 2.037419}}
{"target": -44.33599767469822, "params": {"eta": 0.2120427109977568, "max_depth": 1.7317223860126818, "n_estimators": 168.34700457161517}, "datetime": {"datetime": "2021-09-24 16:44:01", "elapsed": 181.537519, "delta": 1.225849}}
{"target": -43.90112993053924, "params": {"eta": 0.13872507978996282, "max_depth": 1.0116782888992497, "n_estimators": 114.01274946795192}, "datetime": {"datetime": "2021-09-24 16:44:03", "elapsed": 182.948247, "delta": 1.410728}}
{"target": -51.46331024169922, "params": {"eta": 0.01007375482737669, "max_depth": 1.5254773530055066, "n_estimators": 152.9211723536594}, "datetime": {"datetime": "2021-09-24 16:44:05", "elapsed": 185.128514, "delta": 2.180267}}
{"target": -45.36368575131983, "params": {"eta": 0.17086471115411725, "max_depth": 2.6722060501749447, "n_estimators": 107.11429802107438}, "datetime": {"datetime": "2021-09-24 16:44:06", "elapsed": 185.98377, "delta": 0.855256}}
{"target": -43.77984842859713, "params": {"eta": 0.07281055951758053, "max_depth": 1.14394357429001, "n_estimators": 133.14433907238947}, "datetime": {"datetime": "2021-09-24 16:44:07", "elapsed": 187.132177, "delta": 1.148407}}
{"target": -43.70482882162682, "params": {"eta": 0.07143174512302168, "max_depth": 1.0971903746148763, "n_estimators": 153.190395474091}, "datetime": {"datetime": "2021-09-24 16:44:09", "elapsed": 189.260503, "delta": 2.128326}}
{"target": -45.371008908838256, "params": {"eta": 0.29636656972458947, "max_depth": 1.0121638250350227, "n_estimators": 133.1169251803946}, "datetime": {"datetime": "2021-09-24 16:44:11", "elapsed": 191.030246, "delta": 1.769743}}
{"target": -43.69567922721232, "params": {"eta": 0.2363792987120238, "max_depth": 1.1693449278495658, "n_estimators": 114.48749304736221}, "datetime": {"datetime": "2021-09-24 16:44:12", "elapsed": 192.646625, "delta": 1.616379}}
{"target": -50.04053077124115, "params": {"eta": 0.4834825020758036, "max_depth": 3.242186386691951, "n_estimators": 123.04462278116522}, "datetime": {"datetime": "2021-09-24 16:44:13", "elapsed": 193.854799, "delta": 1.208174}}
{"target": -44.644590248738915, "params": {"eta": 0.36096292797135676, "max_depth": 1.158574151343092, "n_estimators": 152.99737614314708}, "datetime": {"datetime": "2021-09-24 16:44:15", "elapsed": 195.689953, "delta": 1.835154}}
{"target": -43.89373790769649, "params": {"eta": 0.21826151026466686, "max_depth": 1.1068354302236205, "n_estimators": 113.64102483204667}, "datetime": {"datetime": "2021-09-24 16:44:17", "elapsed": 197.4172, "delta": 1.727247}}
{"target": -49.04832406868612, "params": {"eta": 0.012386695141500334, "max_depth": 1.092143953723279, "n_estimators": 152.89404735343896}, "datetime": {"datetime": "2021-09-24 16:44:19", "elapsed": 199.632478, "delta": 2.215278}}
{"target": -51.766945600509644, "params": {"eta": 0.48781311355085527, "max_depth": 2.886929021436933, "n_estimators": 169.91499421364156}, "datetime": {"datetime": "2021-09-24 16:44:20", "elapsed": 200.547983, "delta": 0.915505}}
{"target": -44.104431553890834, "params": {"eta": 0.14649102949292508, "max_depth": 1.7493732513933744, "n_estimators": 153.21149854389006}, "datetime": {"datetime": "2021-09-24 16:44:22", "elapsed": 202.075137, "delta": 1.527154}}
{"target": -46.037579529267504, "params": {"eta": 0.44739256639030633, "max_depth": 1.1111904317063304, "n_estimators": 113.82043235047695}, "datetime": {"datetime": "2021-09-24 16:44:24", "elapsed": 204.475735, "delta": 2.400598}}
{"target": -49.6652515812924, "params": {"eta": 0.16295702088705266, "max_depth": 4.213456007162292, "n_estimators": 115.21546278673905}, "datetime": {"datetime": "2021-09-24 16:44:25", "elapsed": 205.452997, "delta": 0.977262}}
{"target": -46.663854842795466, "params": {"eta": 0.023734937498111383, "max_depth": 1.0641816482215765, "n_estimators": 115.35497883193756}, "datetime": {"datetime": "2021-09-24 16:44:27", "elapsed": 207.031628, "delta": 1.578631}}
{"target": -44.76723850221562, "params": {"eta": 0.09677043216012474, "max_depth": 2.3937154784499457, "n_estimators": 139.65498326782077}, "datetime": {"datetime": "2021-09-24 16:44:28", "elapsed": 208.323625, "delta": 1.291997}}
{"target": -43.71948161878084, "params": {"eta": 0.10032278887537167, "max_depth": 1.6266764430616116, "n_estimators": 115.62538176892429}, "datetime": {"datetime": "2021-09-24 16:44:30", "elapsed": 210.591845, "delta": 2.26822}}
{"target": -43.855877955157055, "params": {"eta": 0.13424513559389586, "max_depth": 1.773350283541279, "n_estimators": 115.8364558648758}, "datetime": {"datetime": "2021-09-24 16:44:32", "elapsed": 212.521, "delta": 1.929155}}
{"target": -44.951815124741174, "params": {"eta": 0.3865120505623815, "max_depth": 1.7184370288626547, "n_estimators": 115.66704746345292}, "datetime": {"datetime": "2021-09-24 16:44:33", "elapsed": 213.922031, "delta": 1.401031}}
{"target": -43.99431810880962, "params": {"eta": 0.06523240995909918, "max_depth": 1.9228271219571962, "n_estimators": 113.54823778554336}, "datetime": {"datetime": "2021-09-24 16:44:35", "elapsed": 215.657568, "delta": 1.735537}}
{"target": -44.31101284170509, "params": {"eta": 0.05492730415618363, "max_depth": 1.716149618452516, "n_estimators": 115.41686502441928}, "datetime": {"datetime": "2021-09-24 16:44:37", "elapsed": 217.377922, "delta": 1.720354}}
{"target": -44.57698575356849, "params": {"eta": 0.048798512573612694, "max_depth": 1.0159646883319473, "n_estimators": 113.73144729978884}, "datetime": {"datetime": "2021-09-24 16:44:38", "elapsed": 218.805691, "delta": 1.427769}}
{"target": -43.979047617517914, "params": {"eta": 0.1325452475294522, "max_depth": 1.9377729711144034, "n_estimators": 181.53829630864766}, "datetime": {"datetime": "2021-09-24 16:44:39", "elapsed": 219.795336, "delta": 0.989645}}
{"target": -44.33238747962435, "params": {"eta": 0.17797213239500664, "max_depth": 1.442241649750864, "n_estimators": 168.29596197641393}, "datetime": {"datetime": "2021-09-24 16:44:42", "elapsed": 222.174269, "delta": 2.378933}}
{"target": -44.46721253359228, "params": {"eta": 0.051062382067158546, "max_depth": 1.9317192417810718, "n_estimators": 115.62590793800372}, "datetime": {"datetime": "2021-09-24 16:44:45", "elapsed": 225.825145, "delta": 3.650876}}
