{"target": -43.14031578006601, "params": {"eta": 0.0935611709254503, "max_depth": 1.6318495859481363, "n_estimators": 355.8737443865958}, "datetime": {"datetime": "2021-09-24 17:05:33", "elapsed": 699.065715, "delta": 4.341841}}
{"target": -50.77578821038841, "params": {"eta": 0.14707599134973487, "max_depth": 2.273719494151504, "n_estimators": 355.81597415646445}, "datetime": {"datetime": "2021-09-24 17:05:37", "elapsed": 703.679281, "delta": 4.613566}}
{"target": -46.952245615478745, "params": {"eta": 0.28242260641218037, "max_depth": 1.0254150369251804, "n_estimators": 419.14375822356345}, "datetime": {"datetime": "2021-09-24 17:05:41", "elapsed": 707.580076, "delta": 3.900795}}
{"target": -44.1056034833865, "params": {"eta": 0.11765180091780539, "max_depth": 1.9947825682457279, "n_estimators": 419.44038614380025}, "datetime": {"datetime": "2021-09-24 17:05:47", "elapsed": 713.465303, "delta": 5.885227}}
{"target": -44.602584172012214, "params": {"eta": 0.14386847215513016, "max_depth": 1.795710759615866, "n_estimators": 419.88069754673256}, "datetime": {"datetime": "2021-09-24 17:05:53", "elapsed": 718.936631, "delta": 5.471328}}
{"target": -43.85731586657072, "params": {"eta": 0.119778681372041, "max_depth": 1.457202524286098, "n_estimators": 355.34783470172573}, "datetime": {"datetime": "2021-09-24 17:05:57", "elapsed": 723.576434, "delta": 4.639803}}
{"target": -50.54401757663354, "params": {"eta": 0.5, "max_depth": 1.6380201582515936, "n_estimators": 419.50194174861747}, "datetime": {"datetime": "2021-09-24 17:06:01", "elapsed": 727.600078, "delta": 4.023644}}
{"target": -46.99073612241817, "params": {"eta": 0.07066280593888191, "max_depth": 2.556732039103129, "n_estimators": 419.32492996015867}, "datetime": {"datetime": "2021-09-24 17:06:05", "elapsed": 731.478802, "delta": 3.878724}}
{"target": -50.91871706525186, "params": {"eta": 0.17083178516934466, "max_depth": 2.1121265052367217, "n_estimators": 463.10547800847974}, "datetime": {"datetime": "2021-09-24 17:06:08", "elapsed": 734.387226, "delta": 2.908424}}
{"target": -42.77630299733097, "params": {"eta": 0.0512164415389866, "max_depth": 1.338675050678842, "n_estimators": 356.5910831784602}, "datetime": {"datetime": "2021-09-24 17:06:14", "elapsed": 740.663114, "delta": 6.275888}}
{"target": -49.875325783751066, "params": {"eta": 0.13078423472053627, "max_depth": 2.6683112165057836, "n_estimators": 378.1094646925219}, "datetime": {"datetime": "2021-09-24 17:06:17", "elapsed": 743.587056, "delta": 2.923942}}
{"target": -44.591596381108566, "params": {"eta": 0.15768248692495138, "max_depth": 1.4078773083485745, "n_estimators": 357.15233465788936}, "datetime": {"datetime": "2021-09-24 17:06:21", "elapsed": 747.158012, "delta": 3.570956}}
{"target": -49.117786665608115, "params": {"eta": 0.461605021949572, "max_depth": 1.674325596964781, "n_estimators": 356.4475008751442}, "datetime": {"datetime": "2021-09-24 17:06:26", "elapsed": 752.231318, "delta": 5.073306}}
{"target": -45.47170285533245, "params": {"eta": 0.17691561868772426, "max_depth": 1.145673984138059, "n_estimators": 420.18091585113626}, "datetime": {"datetime": "2021-09-24 17:06:30", "elapsed": 756.670888, "delta": 4.43957}}
{"target": -47.82470739067049, "params": {"eta": 0.09824865739753186, "max_depth": 2.786515367771541, "n_estimators": 354.2916288305365}, "datetime": {"datetime": "2021-09-24 17:06:35", "elapsed": 761.253973, "delta": 4.583085}}
{"target": -44.46216322246351, "params": {"eta": 0.1557223266469331, "max_depth": 1.0639665819033628, "n_estimators": 356.7871625253023}, "datetime": {"datetime": "2021-09-24 17:06:39", "elapsed": 765.002864, "delta": 3.748891}}
{"target": -42.884842320492396, "params": {"eta": 0.05817241785234975, "max_depth": 1.8806935057024585, "n_estimators": 416.4005330515701}, "datetime": {"datetime": "2021-09-24 17:06:41", "elapsed": 767.104017, "delta": 2.101153}}
{"target": -43.97044123025765, "params": {"eta": 0.14180060884638304, "max_depth": 1.9951186344605827, "n_estimators": 325.3376812517531}, "datetime": {"datetime": "2021-09-24 17:06:43", "elapsed": 769.181584, "delta": 2.077567}}
{"target": -51.55188972071598, "params": {"eta": 0.23610266938284286, "max_depth": 2.3318443393294697, "n_estimators": 416.2306474574561}, "datetime": {"datetime": "2021-09-24 17:06:46", "elapsed": 772.688769, "delta": 3.507185}}
{"target": -43.28330173349022, "params": {"eta": 0.0768047706468864, "max_depth": 1.4884540139611795, "n_estimators": 416.21171087398466}, "datetime": {"datetime": "2021-09-24 17:06:51", "elapsed": 777.002375, "delta": 4.313606}}
{"target": -46.82576728763437, "params": {"eta": 0.23765990211615828, "max_depth": 36.29590017866575, "n_estimators": 10.00514686678052}, "datetime": {"datetime": "2021-09-24 17:08:48", "elapsed": 0.0, "delta": 0.0}}
{"target": -44.84865475417976, "params": {"eta": 0.1860496576843279, "max_depth": 8.19103865003854, "n_estimators": 14.155236764595902}, "datetime": {"datetime": "2021-09-24 17:08:48", "elapsed": 0.133993, "delta": 0.133993}}
{"target": -47.922318594796316, "params": {"eta": 0.1338170951199519, "max_depth": 17.93247562510934, "n_estimators": 27.854536340380147}, "datetime": {"datetime": "2021-09-24 17:08:48", "elapsed": 0.374996, "delta": 0.241003}}
{"target": -46.32624352247195, "params": {"eta": 0.2924675303015106, "max_depth": 21.540531205761447, "n_estimators": 40.83487751785418}, "datetime": {"datetime": "2021-09-24 17:08:49", "elapsed": 0.826248, "delta": 0.451252}}
{"target": -45.78166491286199, "params": {"eta": 0.2349614237434342, "max_depth": 8.088758448055161, "n_estimators": 14.049676326721233}, "datetime": {"datetime": "2021-09-24 17:08:49", "elapsed": 1.033245, "delta": 0.206997}}
{"target": -50.450598723906324, "params": {"eta": 0.12164536735722403, "max_depth": 7.876303172227554, "n_estimators": 14.45477754419278}, "datetime": {"datetime": "2021-09-24 17:08:49", "elapsed": 1.248248, "delta": 0.215003}}
{"target": -45.73525278191818, "params": {"eta": 0.2874581882409387, "max_depth": 8.419706019848402, "n_estimators": 14.405077778159274}, "datetime": {"datetime": "2021-09-24 17:08:50", "elapsed": 1.55652, "delta": 0.308272}}
{"target": -48.0107115265122, "params": {"eta": 0.15238169060210127, "max_depth": 8.623909872022654, "n_estimators": 52.62865529847253}, "datetime": {"datetime": "2021-09-24 17:08:51", "elapsed": 2.557609, "delta": 1.001089}}
{"target": -45.49681974712171, "params": {"eta": 0.3768152233465491, "max_depth": 36.701988678683904, "n_estimators": 18.760961421202385}, "datetime": {"datetime": "2021-09-24 17:08:51", "elapsed": 3.009615, "delta": 0.452006}}
{"target": -48.89658384394825, "params": {"eta": 0.19541413808260616, "max_depth": 8.450831138842444, "n_estimators": 13.967800611308569}, "datetime": {"datetime": "2021-09-24 17:08:51", "elapsed": 3.23761, "delta": 0.227995}}
{"target": -47.140396347619536, "params": {"eta": 0.4799505089935379, "max_depth": 33.53949937626034, "n_estimators": 31.182428796813205}, "datetime": {"datetime": "2021-09-24 17:08:52", "elapsed": 3.92904, "delta": 0.69143}}
{"target": -46.08878999007376, "params": {"eta": 0.269929725293684, "max_depth": 42.217755012881426, "n_estimators": 54.05807972640597}, "datetime": {"datetime": "2021-09-24 17:08:53", "elapsed": 4.671122, "delta": 0.742082}}
{"target": -52.493639680676, "params": {"eta": 0.09018836378094466, "max_depth": 36.731210759768864, "n_estimators": 18.69361858635601}, "datetime": {"datetime": "2021-09-24 17:08:53", "elapsed": 4.941116, "delta": 0.269994}}
{"target": -47.8352434688941, "params": {"eta": 0.38924909001793767, "max_depth": 8.456861982333244, "n_estimators": 14.30037737435126}, "datetime": {"datetime": "2021-09-24 17:08:53", "elapsed": 5.202116, "delta": 0.261}}
{"target": -45.319125440783964, "params": {"eta": 0.35470018682044635, "max_depth": 27.847641092483222, "n_estimators": 27.244412521241717}, "datetime": {"datetime": "2021-09-24 17:08:54", "elapsed": 5.781783, "delta": 0.579667}}
{"target": -45.877852131549574, "params": {"eta": 0.1133402454513884, "max_depth": 7.829598288015604, "n_estimators": 24.257454033304644}, "datetime": {"datetime": "2021-09-24 17:08:55", "elapsed": 7.114572, "delta": 1.332789}}
{"target": -47.52330650960592, "params": {"eta": 0.17330021045786204, "max_depth": 38.453071787459514, "n_estimators": 13.009174554714177}, "datetime": {"datetime": "2021-09-24 17:08:55", "elapsed": 7.335569, "delta": 0.220997}}
{"target": -43.611996643525316, "params": {"eta": 0.1072908073621752, "max_depth": 42.197254962314425, "n_estimators": 54.12329779272847}, "datetime": {"datetime": "2021-09-24 17:08:56", "elapsed": 7.940813, "delta": 0.605244}}
{"target": -45.00662518264656, "params": {"eta": 0.3191909082776412, "max_depth": 6.522400808165522, "n_estimators": 15.25498793579925}, "datetime": {"datetime": "2021-09-24 17:08:56", "elapsed": 8.15281, "delta": 0.211997}}
{"target": -45.56301831123524, "params": {"eta": 0.3261310973230476, "max_depth": 28.312202886416816, "n_estimators": 39.41231141358009}, "datetime": {"datetime": "2021-09-24 17:08:57", "elapsed": 8.682194, "delta": 0.529384}}
{"target": -46.59499838119163, "params": {"eta": 0.05756569926316807, "max_depth": 13.659485012886563, "n_estimators": 46.0263117562418}, "datetime": {"datetime": "2021-09-24 17:08:57", "elapsed": 9.157196, "delta": 0.475002}}
{"target": -45.01777525593464, "params": {"eta": 0.26537787324745044, "max_depth": 6.3678183372015384, "n_estimators": 15.194936569033782}, "datetime": {"datetime": "2021-09-24 17:08:57", "elapsed": 9.356197, "delta": 0.199001}}
{"target": -58.75570050576576, "params": {"eta": 0.0823638876249195, "max_depth": 8.165594745883105, "n_estimators": 14.141714881537553}, "datetime": {"datetime": "2021-09-24 17:08:58", "elapsed": 9.656069, "delta": 0.299872}}
{"target": -47.65205366091621, "params": {"eta": 0.4601306515941625, "max_depth": 31.51105336922227, "n_estimators": 53.61767927339712}, "datetime": {"datetime": "2021-09-24 17:08:59", "elapsed": 10.500203, "delta": 0.844134}}
{"target": -47.43866821518518, "params": {"eta": 0.4118206120661754, "max_depth": 16.580015391302645, "n_estimators": 37.29382385895924}, "datetime": {"datetime": "2021-09-24 17:09:00", "elapsed": 12.28495, "delta": 1.784747}}
{"target": -45.80219004925032, "params": {"eta": 0.15351883183094, "max_depth": 4.174554059167608, "n_estimators": 41.67305413380498}, "datetime": {"datetime": "2021-09-24 17:09:01", "elapsed": 12.557947, "delta": 0.272997}}
{"target": -50.08752120168585, "params": {"eta": 0.4361393237695232, "max_depth": 42.81590612261868, "n_estimators": 49.69833559642657}, "datetime": {"datetime": "2021-09-24 17:09:01", "elapsed": 13.276075, "delta": 0.718128}}
{"target": -45.42660740443638, "params": {"eta": 0.3193100905444317, "max_depth": 6.641433988951507, "n_estimators": 28.412706314917617}, "datetime": {"datetime": "2021-09-24 17:09:02", "elapsed": 13.674437, "delta": 0.398362}}
{"target": -47.58433957207472, "params": {"eta": 0.4276417894397547, "max_depth": 21.507013456554343, "n_estimators": 23.324023781829155}, "datetime": {"datetime": "2021-09-24 17:09:02", "elapsed": 14.323435, "delta": 0.648998}}
{"target": -45.634218373693024, "params": {"eta": 0.18865813537978593, "max_depth": 43.00968415595207, "n_estimators": 44.4114866774622}, "datetime": {"datetime": "2021-09-24 17:09:03", "elapsed": 15.401437, "delta": 1.078002}}
{"target": -48.6770712199964, "params": {"eta": 0.19735514477625637, "max_depth": 28.018421408118698, "n_estimators": 20.038056905501335}, "datetime": {"datetime": "2021-09-24 17:09:04", "elapsed": 15.760211, "delta": 0.358774}}
{"target": -76.3409991156786, "params": {"eta": 0.06934639877839965, "max_depth": 21.328284800252217, "n_estimators": 10.238120785498039}, "datetime": {"datetime": "2021-09-24 17:09:04", "elapsed": 15.980211, "delta": 0.22}}
{"target": -46.04623559363802, "params": {"eta": 0.1016152983708313, "max_depth": 31.991623686517197, "n_estimators": 28.447824494954812}, "datetime": {"datetime": "2021-09-24 17:09:05", "elapsed": 16.569733, "delta": 0.589522}}
{"target": -44.563210336785566, "params": {"eta": 0.11230385409449492, "max_depth": 22.446685914145256, "n_estimators": 41.27828003935366}, "datetime": {"datetime": "2021-09-24 17:09:05", "elapsed": 17.148732, "delta": 0.578999}}
{"target": -48.113046789527836, "params": {"eta": 0.1482192456019424, "max_depth": 37.32734909270849, "n_estimators": 34.09200705455347}, "datetime": {"datetime": "2021-09-24 17:09:07", "elapsed": 18.822826, "delta": 1.674094}}
{"target": -44.62825304762762, "params": {"eta": 0.09644057060487574, "max_depth": 3.8002945273512267, "n_estimators": 26.634073519496432}, "datetime": {"datetime": "2021-09-24 17:09:07", "elapsed": 19.076826, "delta": 0.254}}
{"target": -46.1256642018942, "params": {"eta": 0.24661202314558367, "max_depth": 10.480152745443124, "n_estimators": 13.409466183189743}, "datetime": {"datetime": "2021-09-24 17:09:07", "elapsed": 19.355824, "delta": 0.278998}}
{"target": -47.14721243722098, "params": {"eta": 0.06897737598749876, "max_depth": 6.725072138660804, "n_estimators": 32.57937709019237}, "datetime": {"datetime": "2021-09-24 17:09:08", "elapsed": 19.665376, "delta": 0.309552}}
{"target": -45.13484011198345, "params": {"eta": 0.28421219429869715, "max_depth": 41.504876987686565, "n_estimators": 45.5220963960835}, "datetime": {"datetime": "2021-09-24 17:09:08", "elapsed": 20.381997, "delta": 0.716621}}
{"target": -47.09106471126241, "params": {"eta": 0.139144633455195, "max_depth": 18.332440242938272, "n_estimators": 49.60165265651827}, "datetime": {"datetime": "2021-09-24 17:09:09", "elapsed": 21.187916, "delta": 0.805919}}
{"target": -48.127905092741315, "params": {"eta": 0.3932815049069381, "max_depth": 23.943786710127657, "n_estimators": 18.82001698767312}, "datetime": {"datetime": "2021-09-24 17:09:10", "elapsed": 21.68463, "delta": 0.496714}}
{"target": -48.03661994647263, "params": {"eta": 0.4252467818294779, "max_depth": 7.077338121976133, "n_estimators": 11.628921895541485}, "datetime": {"datetime": "2021-09-24 17:09:10", "elapsed": 21.968586, "delta": 0.283956}}
{"target": -46.624564034598215, "params": {"eta": 0.2726319527506242, "max_depth": 42.809335101373414, "n_estimators": 11.759052220869917}, "datetime": {"datetime": "2021-09-24 17:09:10", "elapsed": 22.211587, "delta": 0.243001}}
{"target": -48.445293684651084, "params": {"eta": 0.16462715481271312, "max_depth": 42.42901507983492, "n_estimators": 15.87955653504433}, "datetime": {"datetime": "2021-09-24 17:09:11", "elapsed": 22.489587, "delta": 0.278}}
{"target": -49.76333803162539, "params": {"eta": 0.3896162767712969, "max_depth": 12.582449932583364, "n_estimators": 49.38357276014495}, "datetime": {"datetime": "2021-09-24 17:09:11", "elapsed": 23.223321, "delta": 0.733734}}
{"target": -46.374267033168245, "params": {"eta": 0.05698761703321778, "max_depth": 39.005112660641565, "n_estimators": 51.45120612995711}, "datetime": {"datetime": "2021-09-24 17:09:12", "elapsed": 23.84428, "delta": 0.620959}}
{"target": -47.80481315555429, "params": {"eta": 0.4148913741933745, "max_depth": 37.61505722847405, "n_estimators": 50.02880488058386}, "datetime": {"datetime": "2021-09-24 17:09:13", "elapsed": 25.08912, "delta": 1.24484}}
{"target": -47.983191526025756, "params": {"eta": 0.3183795085383528, "max_depth": 23.82861676674604, "n_estimators": 54.49013083349351}, "datetime": {"datetime": "2021-09-24 17:09:14", "elapsed": 26.347272, "delta": 1.258152}}
{"target": -47.609535862628675, "params": {"eta": 0.17090498710791002, "max_depth": 33.49513231016242, "n_estimators": 28.437968027917933}, "datetime": {"datetime": "2021-09-24 17:09:15", "elapsed": 26.798227, "delta": 0.450955}}
{"target": -50.190212020300386, "params": {"eta": 0.08758105001156605, "max_depth": 10.91116507990278, "n_estimators": 23.402025477645203}, "datetime": {"datetime": "2021-09-24 17:09:16", "elapsed": 28.288379, "delta": 1.490152}}
{"target": -60.60299486862986, "params": {"eta": 0.07996719074591695, "max_depth": 25.92221643926363, "n_estimators": 14.869848795293429}, "datetime": {"datetime": "2021-09-24 17:09:17", "elapsed": 28.673379, "delta": 0.385}}
{"target": -45.90977047798329, "params": {"eta": 0.21148848142804566, "max_depth": 7.481130653415214, "n_estimators": 29.98145156485833}, "datetime": {"datetime": "2021-09-24 17:09:17", "elapsed": 29.076282, "delta": 0.402903}}
{"target": -47.79127465154892, "params": {"eta": 0.3448900016720542, "max_depth": 13.21588891546591, "n_estimators": 38.92827198176178}, "datetime": {"datetime": "2021-09-24 17:09:18", "elapsed": 29.654061, "delta": 0.577779}}
{"target": -45.451747722195506, "params": {"eta": 0.4963836279655678, "max_depth": 43.03162702191166, "n_estimators": 50.71069615561669}, "datetime": {"datetime": "2021-09-24 17:09:18", "elapsed": 30.20906, "delta": 0.554999}}
{"target": -46.313624618645, "params": {"eta": 0.25483907401166295, "max_depth": 25.9195159305643, "n_estimators": 20.914991121011973}, "datetime": {"datetime": "2021-09-24 17:09:19", "elapsed": 30.587063, "delta": 0.378003}}
{"target": -46.20412468013907, "params": {"eta": 0.06899176225379705, "max_depth": 33.224381049302764, "n_estimators": 54.60265200957216}, "datetime": {"datetime": "2021-09-24 17:09:20", "elapsed": 31.561205, "delta": 0.974142}}
{"target": -45.37379512930275, "params": {"eta": 0.07640812585047249, "max_depth": 1.6664053714016636, "n_estimators": 48.98169830556573}, "datetime": {"datetime": "2021-09-24 17:09:20", "elapsed": 31.976204, "delta": 0.414999}}
{"target": -45.541671494792276, "params": {"eta": 0.09888779309644893, "max_depth": 40.95521999783889, "n_estimators": 53.8583317155443}, "datetime": {"datetime": "2021-09-24 17:09:21", "elapsed": 32.624202, "delta": 0.647998}}
{"target": -49.00293140841606, "params": {"eta": 0.44228615082258604, "max_depth": 9.751163425696538, "n_estimators": 28.845379085287277}, "datetime": {"datetime": "2021-09-24 17:09:21", "elapsed": 33.058247, "delta": 0.434045}}
{"target": -47.22685058134839, "params": {"eta": 0.08236046952232709, "max_depth": 8.649254961790454, "n_estimators": 40.486726985429854}, "datetime": {"datetime": "2021-09-24 17:09:22", "elapsed": 33.537204, "delta": 0.478957}}
{"target": -46.73813153030281, "params": {"eta": 0.3323486320962066, "max_depth": 15.305069603166272, "n_estimators": 36.274509148796646}, "datetime": {"datetime": "2021-09-24 17:09:22", "elapsed": 34.110205, "delta": 0.573001}}
{"target": -46.183845692111134, "params": {"eta": 0.3053984722916551, "max_depth": 14.490943335579477, "n_estimators": 33.05985040052815}, "datetime": {"datetime": "2021-09-24 17:09:23", "elapsed": 34.582207, "delta": 0.472002}}
{"target": -47.05517890758084, "params": {"eta": 0.47864049409100684, "max_depth": 13.180629731853374, "n_estimators": 12.458314272000365}, "datetime": {"datetime": "2021-09-24 17:09:23", "elapsed": 34.992362, "delta": 0.410155}}
{"target": -47.806432709658054, "params": {"eta": 0.16578580005931765, "max_depth": 37.33385209436621, "n_estimators": 39.745967853636365}, "datetime": {"datetime": "2021-09-24 17:09:24", "elapsed": 35.521357, "delta": 0.528995}}
{"target": -55.568995138756314, "params": {"eta": 0.05765474576484242, "max_depth": 15.3727929475935, "n_estimators": 24.02198853107506}, "datetime": {"datetime": "2021-09-24 17:09:24", "elapsed": 35.961798, "delta": 0.440441}}
{"target": -55.48673506428425, "params": {"eta": 0.08881166302458046, "max_depth": 27.813088315235195, "n_estimators": 16.526417493936123}, "datetime": {"datetime": "2021-09-24 17:09:25", "elapsed": 36.418796, "delta": 0.456998}}
{"target": -48.09045805966944, "params": {"eta": 0.19824999262660375, "max_depth": 35.95388194062344, "n_estimators": 40.6419330584671}, "datetime": {"datetime": "2021-09-24 17:09:25", "elapsed": 37.075635, "delta": 0.656839}}
{"target": -46.92787637925686, "params": {"eta": 0.4900850899313632, "max_depth": 8.409814235573279, "n_estimators": 15.379572696480512}, "datetime": {"datetime": "2021-09-24 17:09:26", "elapsed": 37.568637, "delta": 0.493002}}
{"target": -46.401616806374456, "params": {"eta": 0.23275805410826444, "max_depth": 5.8835631924768546, "n_estimators": 17.917756158402415}, "datetime": {"datetime": "2021-09-24 17:09:26", "elapsed": 37.990941, "delta": 0.422304}}
{"target": -45.809629139147304, "params": {"eta": 0.1330978013119214, "max_depth": 44.9222490728407, "n_estimators": 33.4818693997521}, "datetime": {"datetime": "2021-09-24 17:09:27", "elapsed": 38.614939, "delta": 0.623998}}
{"target": -47.154844183670846, "params": {"eta": 0.14779787208064776, "max_depth": 14.80507981658957, "n_estimators": 23.070995450885007}, "datetime": {"datetime": "2021-09-24 17:09:27", "elapsed": 39.098768, "delta": 0.483829}}
{"target": -43.98263698950746, "params": {"eta": 0.11899288404248841, "max_depth": 1.7454171472743853, "n_estimators": 53.19368699390957}, "datetime": {"datetime": "2021-09-24 17:09:28", "elapsed": 39.420768, "delta": 0.322}}
{"target": -46.126054720771045, "params": {"eta": 0.27757510909043565, "max_depth": 49.507491394793824, "n_estimators": 28.11015808255648}, "datetime": {"datetime": "2021-09-24 17:09:28", "elapsed": 40.029051, "delta": 0.608283}}
{"target": -45.060440149522364, "params": {"eta": 0.4200037050252134, "max_depth": 24.352162099284843, "n_estimators": 42.690354929696845}, "datetime": {"datetime": "2021-09-24 17:09:29", "elapsed": 40.725924, "delta": 0.696873}}
{"target": -45.40081919046273, "params": {"eta": 0.2562520323290646, "max_depth": 48.494797827137035, "n_estimators": 35.606982954231974}, "datetime": {"datetime": "2021-09-24 17:09:30", "elapsed": 41.471939, "delta": 0.746015}}
{"target": -44.87572505061788, "params": {"eta": 0.22694137075921111, "max_depth": 34.47733394744484, "n_estimators": 16.218774953998533}, "datetime": {"datetime": "2021-09-24 17:09:30", "elapsed": 42.025921, "delta": 0.553982}}
