{"target": 0.3969498067517798, "params": {"eta": 0.08751391339019639, "max_depth": 3.349641044315807, "n_estimators": 84.81005512391795}, "datetime": {"datetime": "2021-09-24 13:51:10", "elapsed": 72.696444, "delta": 0.85964}}
{"target": 0.4607991588159074, "params": {"eta": 0.08, "max_depth": 2.4570248205029572, "n_estimators": 89.33859644979161}, "datetime": {"datetime": "2021-09-24 13:51:11", "elapsed": 73.40593, "delta": 0.709486}}
{"target": 0.40749734664148474, "params": {"eta": 0.5735154241495535, "max_depth": 1.8644116570049611, "n_estimators": 24.640843885994364}, "datetime": {"datetime": "2021-09-24 13:51:12", "elapsed": 74.157794, "delta": 0.751864}}
{"target": 0.3585137413249091, "params": {"eta": 0.15576570776129647, "max_depth": 3.997233813149835, "n_estimators": 88.62739019550123}, "datetime": {"datetime": "2021-09-24 13:51:13", "elapsed": 74.823791, "delta": 0.665997}}
{"target": 0.20338213926203585, "params": {"eta": 0.6, "max_depth": 4.0, "n_estimators": 51.755147460176104}, "datetime": {"datetime": "2021-09-24 13:51:13", "elapsed": 75.504818, "delta": 0.681027}}
{"target": 0.4606060440857648, "params": {"eta": 0.08, "max_depth": 2.3131854894609707, "n_estimators": 59.84676529432475}, "datetime": {"datetime": "2021-09-24 13:51:14", "elapsed": 76.244359, "delta": 0.739541}}
{"target": 0.40466489691776697, "params": {"eta": 0.11380704489928825, "max_depth": 1.0042127755140169, "n_estimators": 24.62987650354005}, "datetime": {"datetime": "2021-09-24 13:51:15", "elapsed": 77.059364, "delta": 0.815005}}
{"target": 0.44514811808290267, "params": {"eta": 0.08, "max_depth": 1.0, "n_estimators": 69.75835391911924}, "datetime": {"datetime": "2021-09-24 13:51:16", "elapsed": 77.975589, "delta": 0.916225}}
{"target": 0.41638241173288904, "params": {"eta": 0.08, "max_depth": 3.5198174846526666, "n_estimators": 54.69717302132638}, "datetime": {"datetime": "2021-09-24 13:51:16", "elapsed": 78.57759, "delta": 0.602001}}
{"target": 0.4582612487106883, "params": {"eta": 0.08, "max_depth": 2.0648925222181895, "n_estimators": 81.81394003585518}, "datetime": {"datetime": "2021-09-24 13:51:17", "elapsed": 79.186589, "delta": 0.608999}}
{"target": -0.4260047900453743, "params": {"eta": 0.08, "max_depth": 1.0, "n_estimators": 10.84046178669069}, "datetime": {"datetime": "2021-09-24 13:51:18", "elapsed": 79.819556, "delta": 0.632967}}
{"target": 0.39957968151862033, "params": {"eta": 0.6, "max_depth": 1.5371958229045817, "n_estimators": 13.043113857810724}, "datetime": {"datetime": "2021-09-24 13:51:18", "elapsed": 80.427556, "delta": 0.608}}
{"target": 0.4189799944911604, "params": {"eta": 0.5251268488616619, "max_depth": 2.3714098573287026, "n_estimators": 10.057989153832686}, "datetime": {"datetime": "2021-09-24 13:51:19", "elapsed": 80.953735, "delta": 0.526179}}
{"target": 0.384788474422023, "params": {"eta": 0.5376665256757767, "max_depth": 3.764593810260883, "n_estimators": 18.72311035228194}, "datetime": {"datetime": "2021-09-24 13:51:19", "elapsed": 81.706379, "delta": 0.752644}}
{"target": 0.37709139202824227, "params": {"eta": 0.5912835784887481, "max_depth": 2.2533980339170765, "n_estimators": 19.98405643589044}, "datetime": {"datetime": "2021-09-24 13:51:20", "elapsed": 82.485377, "delta": 0.778998}}
{"target": 0.3984978441212085, "params": {"eta": 0.08, "max_depth": 2.09837161005299, "n_estimators": 27.82562009924298}, "datetime": {"datetime": "2021-09-24 13:51:21", "elapsed": 83.220814, "delta": 0.735437}}
{"target": 0.4643360929663527, "params": {"eta": 0.11036058884775203, "max_depth": 2.670564214289489, "n_estimators": 64.0835564438236}, "datetime": {"datetime": "2021-09-24 13:51:22", "elapsed": 83.947265, "delta": 0.726451}}
{"target": 0.16133505015786598, "params": {"eta": 0.6, "max_depth": 3.2322761665532687, "n_estimators": 95.32037896898338}, "datetime": {"datetime": "2021-09-24 13:51:23", "elapsed": 84.734266, "delta": 0.787001}}
{"target": 0.266906701902606, "params": {"eta": 0.5711191843375237, "max_depth": 3.981443390431693, "n_estimators": 98.28178087969728}, "datetime": {"datetime": "2021-09-24 13:51:23", "elapsed": 85.641854, "delta": 0.907588}}
{"target": 0.3450509529354908, "params": {"eta": 0.08, "max_depth": 4.0, "n_estimators": 92.63603423130097}, "datetime": {"datetime": "2021-09-24 13:51:25", "elapsed": 86.767748, "delta": 1.125894}}
{"target": 0.41304202663002487, "params": {"eta": 0.6, "max_depth": 1.0, "n_estimators": 27.872744782653456}, "datetime": {"datetime": "2021-09-24 13:51:25", "elapsed": 87.599578, "delta": 0.83183}}
{"target": 0.39847339303555085, "params": {"eta": 0.6, "max_depth": 1.5851451199270117, "n_estimators": 9.430194082269244}, "datetime": {"datetime": "2021-09-24 13:51:26", "elapsed": 88.50706, "delta": 0.907482}}
{"target": 0.4005198295293424, "params": {"eta": 0.6, "max_depth": 1.0, "n_estimators": 6.066005981976721}, "datetime": {"datetime": "2021-09-24 13:51:27", "elapsed": 89.291048, "delta": 0.783988}}
{"target": 0.26254111751056664, "params": {"eta": 0.1078128285678819, "max_depth": 1.0323557814920759, "n_estimators": 15.984950199342435}, "datetime": {"datetime": "2021-09-24 13:51:28", "elapsed": 90.10884, "delta": 0.817792}}
{"target": 0.36213429685808196, "params": {"eta": 0.5726839194633913, "max_depth": 2.484624449700516, "n_estimators": 22.28411181439794}, "datetime": {"datetime": "2021-09-24 13:51:28", "elapsed": 90.710841, "delta": 0.602001}}
{"target": 0.36721879829226234, "params": {"eta": 0.5881788001747258, "max_depth": 1.042452649468653, "n_estimators": 95.15457110556764}, "datetime": {"datetime": "2021-09-24 13:51:30", "elapsed": 91.743384, "delta": 1.032543}}
{"target": 0.2000644640048711, "params": {"eta": 0.6, "max_depth": 4.0, "n_estimators": 61.30878753035376}, "datetime": {"datetime": "2021-09-24 13:51:31", "elapsed": 92.858031, "delta": 1.114647}}
{"target": 0.402427391245479, "params": {"eta": 0.5579362105580425, "max_depth": 1.0256731024622838, "n_estimators": 45.46401927571959}, "datetime": {"datetime": "2021-09-24 13:51:32", "elapsed": 93.718896, "delta": 0.860865}}
{"target": 0.28305704463831827, "params": {"eta": 0.574545423738701, "max_depth": 3.9583396363717123, "n_estimators": 38.589755337968015}, "datetime": {"datetime": "2021-09-24 13:51:32", "elapsed": 94.385052, "delta": 0.666156}}
{"target": 0.22129464063185844, "params": {"eta": 0.6, "max_depth": 4.0, "n_estimators": 36.08766685803406}, "datetime": {"datetime": "2021-09-24 13:51:33", "elapsed": 95.12805, "delta": 0.742998}}
{"target": 0.2012405047325767, "params": {"eta": 0.6, "max_depth": 4.0, "n_estimators": 58.79240612629572}, "datetime": {"datetime": "2021-09-24 13:51:34", "elapsed": 96.231693, "delta": 1.103643}}
{"target": 0.258743107326584, "params": {"eta": 0.6, "max_depth": 2.168546606279999, "n_estimators": 54.42422712628226}, "datetime": {"datetime": "2021-09-24 13:51:35", "elapsed": 96.987696, "delta": 0.756003}}
{"target": 0.3807066008810639, "params": {"eta": 0.6, "max_depth": 1.0, "n_estimators": 61.288723309638726}, "datetime": {"datetime": "2021-09-24 13:51:36", "elapsed": 97.730568, "delta": 0.742872}}
{"target": 0.34334212497625205, "params": {"eta": 0.1658326424127319, "max_depth": 3.9931861128110073, "n_estimators": 48.50584335735877}, "datetime": {"datetime": "2021-09-24 13:51:36", "elapsed": 98.667464, "delta": 0.936896}}
{"target": 0.21276485252858157, "params": {"eta": 0.6, "max_depth": 2.634911168305961, "n_estimators": 79.3417264920385}, "datetime": {"datetime": "2021-09-24 13:51:38", "elapsed": 99.746195, "delta": 1.078731}}
{"target": 0.383821266458763, "params": {"eta": 0.09966938236027699, "max_depth": 3.9569579413811224, "n_estimators": 80.94862851166323}, "datetime": {"datetime": "2021-09-24 13:51:38", "elapsed": 100.581195, "delta": 0.835}}
{"target": 0.4000581619840692, "params": {"eta": 0.5717419310241241, "max_depth": 1.040470712401215, "n_estimators": 43.15686099762119}, "datetime": {"datetime": "2021-09-24 13:51:39", "elapsed": 101.287556, "delta": 0.706361}}
{"target": 0.20812095248717266, "params": {"eta": 0.5491588791768373, "max_depth": 2.776797776136873, "n_estimators": 87.16879713595098}, "datetime": {"datetime": "2021-09-24 13:51:40", "elapsed": 102.401585, "delta": 1.114029}}
{"target": 0.316687420928332, "params": {"eta": 0.5338707492346074, "max_depth": 3.9570629446356005, "n_estimators": 41.37061734874216}, "datetime": {"datetime": "2021-09-24 13:51:41", "elapsed": 103.394427, "delta": 0.992842}}
{"target": 0.23030605057925946, "params": {"eta": 0.567250366243589, "max_depth": 2.297539129534354, "n_estimators": 84.7346161244906}, "datetime": {"datetime": "2021-09-24 13:51:42", "elapsed": 104.426581, "delta": 1.032154}}
{"target": 0.4537692827842156, "params": {"eta": 0.08, "max_depth": 2.5701403730655468, "n_estimators": 43.13142417485751}, "datetime": {"datetime": "2021-09-24 13:51:43", "elapsed": 105.266226, "delta": 0.839645}}
{"target": 0.43474520700919006, "params": {"eta": 0.08, "max_depth": 1.3862520748465874, "n_estimators": 52.63557414591421}, "datetime": {"datetime": "2021-09-24 13:51:44", "elapsed": 106.086028, "delta": 0.819802}}
{"target": 0.26730481601339195, "params": {"eta": 0.5711962208936184, "max_depth": 3.2091975933578274, "n_estimators": 73.5143727158324}, "datetime": {"datetime": "2021-09-24 13:51:45", "elapsed": 107.123032, "delta": 1.037004}}
{"target": 0.4565089163662285, "params": {"eta": 0.08, "max_depth": 2.266329506030055, "n_estimators": 96.99160397481143}, "datetime": {"datetime": "2021-09-24 13:51:46", "elapsed": 107.880938, "delta": 0.757906}}
{"target": 0.40127310837595487, "params": {"eta": 0.6, "max_depth": 1.0, "n_estimators": 47.789209935127815}, "datetime": {"datetime": "2021-09-24 13:51:47", "elapsed": 108.722611, "delta": 0.841673}}
{"target": 0.1997694967500434, "params": {"eta": 0.6, "max_depth": 4.0, "n_estimators": 64.0166695652763}, "datetime": {"datetime": "2021-09-24 13:51:47", "elapsed": 109.4394, "delta": 0.716789}}
{"target": 0.37398560200809094, "params": {"eta": 0.08, "max_depth": 2.504402921491246, "n_estimators": 25.900813034436393}, "datetime": {"datetime": "2021-09-24 13:51:48", "elapsed": 110.212032, "delta": 0.772632}}
{"target": 0.24119021962943943, "params": {"eta": 0.08271472129056544, "max_depth": 1.0541105447842103, "n_estimators": 19.775276815092795}, "datetime": {"datetime": "2021-09-24 13:51:49", "elapsed": 110.841035, "delta": 0.629003}}
{"target": 0.46090668094552956, "params": {"eta": 0.09903211532958446, "max_depth": 2.1430991079706883, "n_estimators": 63.27010645547561}, "datetime": {"datetime": "2021-09-24 13:51:50", "elapsed": 111.720873, "delta": 0.879838}}
{"target": 0.40518347734519233, "params": {"eta": 0.6, "max_depth": 1.0, "n_estimators": 40.93205782450635}, "datetime": {"datetime": "2021-09-24 13:51:50", "elapsed": 112.515802, "delta": 0.794929}}
{"target": 0.4461418747621986, "params": {"eta": 0.08, "max_depth": 1.7051890459911783, "n_estimators": 64.44446634994807}, "datetime": {"datetime": "2021-09-24 13:51:51", "elapsed": 113.22539, "delta": 0.709588}}
{"target": 0.45223911694731433, "params": {"eta": 0.11018850918630271, "max_depth": 1.0978887573608755, "n_estimators": 87.9621971586835}, "datetime": {"datetime": "2021-09-24 13:51:53", "elapsed": 114.812585, "delta": 1.587195}}
{"target": 0.2568153572851223, "params": {"eta": 0.5579189552154179, "max_depth": 3.8329971915345418, "n_estimators": 43.524272596942815}, "datetime": {"datetime": "2021-09-24 13:51:53", "elapsed": 115.666713, "delta": 0.854128}}
{"target": 0.20552046564785942, "params": {"eta": 0.5790638535832473, "max_depth": 3.949718310826305, "n_estimators": 45.5540830927993}, "datetime": {"datetime": "2021-09-24 13:51:54", "elapsed": 116.569656, "delta": 0.902943}}
{"target": 0.4137676733345024, "params": {"eta": 0.15073303208140448, "max_depth": 3.9738854936488357, "n_estimators": 32.49364478367599}, "datetime": {"datetime": "2021-09-24 13:51:55", "elapsed": 117.367642, "delta": 0.797986}}
{"target": 0.35838873260924753, "params": {"eta": 0.6, "max_depth": 1.726068629316619, "n_estimators": 88.81441083925183}, "datetime": {"datetime": "2021-09-24 13:51:56", "elapsed": 118.359999, "delta": 0.992357}}
{"target": 0.3685211446197283, "params": {"eta": 0.5330947791003428, "max_depth": 2.680174109115442, "n_estimators": 17.870017799383994}, "datetime": {"datetime": "2021-09-24 13:51:57", "elapsed": 119.338998, "delta": 0.978999}}
{"target": 0.41793765757079493, "params": {"eta": 0.10177390187058251, "max_depth": 2.392070765180992, "n_estimators": 23.65882588150581}, "datetime": {"datetime": "2021-09-24 13:51:58", "elapsed": 120.133999, "delta": 0.795001}}
{"target": 0.45515062080611357, "params": {"eta": 0.08, "max_depth": 2.6024878536484763, "n_estimators": 100.0}, "datetime": {"datetime": "2021-09-24 13:51:59", "elapsed": 121.173055, "delta": 1.039056}}
{"target": 0.45249531267679954, "params": {"eta": 0.09898479048479342, "max_depth": 1.0309749649647406, "n_estimators": 85.83149422389903}, "datetime": {"datetime": "2021-09-24 13:52:00", "elapsed": 122.371128, "delta": 1.198073}}
{"target": 0.40282265711732246, "params": {"eta": 0.08866661442322002, "max_depth": 1.0511049890526813, "n_estimators": 30.72924676900425}, "datetime": {"datetime": "2021-09-24 13:52:01", "elapsed": 123.113802, "delta": 0.742674}}
{"target": 0.19643166855944583, "params": {"eta": 0.6, "max_depth": 2.9611159974215644, "n_estimators": 93.12069718873617}, "datetime": {"datetime": "2021-09-24 13:52:02", "elapsed": 123.890696, "delta": 0.776894}}
{"target": 0.4011480796628153, "params": {"eta": 0.6, "max_depth": 1.0, "n_estimators": 4.728604192407513}, "datetime": {"datetime": "2021-09-24 13:52:03", "elapsed": 124.858843, "delta": 0.968147}}
{"target": 0.3664029667700429, "params": {"eta": 0.5990202519677685, "max_depth": 1.6506969259216624, "n_estimators": 76.08384814215079}, "datetime": {"datetime": "2021-09-24 13:52:04", "elapsed": 125.782849, "delta": 0.924006}}
{"target": 0.43155940700691553, "params": {"eta": 0.08, "max_depth": 2.3750321625684268, "n_estimators": 34.26385814813918}, "datetime": {"datetime": "2021-09-24 13:52:04", "elapsed": 126.503918, "delta": 0.721069}}
{"target": 0.44729664564560534, "params": {"eta": 0.08685780863079659, "max_depth": 2.318782046127537, "n_estimators": 82.90327602638071}, "datetime": {"datetime": "2021-09-24 13:52:05", "elapsed": 127.360559, "delta": 0.856641}}
{"target": 0.40655995154352187, "params": {"eta": 0.08942383886024136, "max_depth": 3.071068239405874, "n_estimators": 55.93155923222311}, "datetime": {"datetime": "2021-09-24 13:52:06", "elapsed": 128.287891, "delta": 0.927332}}
{"target": 0.3902072886733635, "params": {"eta": 0.11629012624950386, "max_depth": 3.9936850134219304, "n_estimators": 66.31100046271926}, "datetime": {"datetime": "2021-09-24 13:52:07", "elapsed": 129.289888, "delta": 1.001997}}
{"target": 0.4055178543839282, "params": {"eta": 0.5686951536369161, "max_depth": 3.9455276403765795, "n_estimators": 13.798125486893273}, "datetime": {"datetime": "2021-09-24 13:52:08", "elapsed": 130.128774, "delta": 0.838886}}
{"target": 0.38706202353046193, "params": {"eta": 0.5903532260089503, "max_depth": 2.4477404110942964, "n_estimators": 14.346582124295576}, "datetime": {"datetime": "2021-09-24 13:52:09", "elapsed": 130.862775, "delta": 0.734001}}
{"target": 0.3100249902869431, "params": {"eta": 0.580745600449477, "max_depth": 2.919302735295385, "n_estimators": 47.271264027558885}, "datetime": {"datetime": "2021-09-24 13:52:10", "elapsed": 131.844297, "delta": 0.981522}}
{"target": 0.4000444401130612, "params": {"eta": 0.6, "max_depth": 1.8991125314361894, "n_estimators": 39.436743890622864}, "datetime": {"datetime": "2021-09-24 13:52:11", "elapsed": 132.755161, "delta": 0.910864}}
{"target": 0.39049676283534196, "params": {"eta": 0.6, "max_depth": 1.8175981216989583, "n_estimators": 57.67378982205121}, "datetime": {"datetime": "2021-09-24 13:52:11", "elapsed": 133.67598, "delta": 0.920819}}
{"target": 0.34807266922422253, "params": {"eta": 0.08, "max_depth": 4.0, "n_estimators": 85.46495397376323}, "datetime": {"datetime": "2021-09-24 13:52:12", "elapsed": 134.708476, "delta": 1.032496}}
{"target": 0.42761359162141455, "params": {"eta": 0.1230489683399229, "max_depth": 2.150933419889925, "n_estimators": 99.07996357979445}, "datetime": {"datetime": "2021-09-24 13:52:14", "elapsed": 135.917114, "delta": 1.208638}}
{"target": 0.4407003836056007, "params": {"eta": 0.08723913146410071, "max_depth": 1.197239075228886, "n_estimators": 56.490530655084406}, "datetime": {"datetime": "2021-09-24 13:52:14", "elapsed": 136.702376, "delta": 0.785262}}
{"target": 0.445099260551274, "params": {"eta": 0.08931049415266044, "max_depth": 2.835723856741784, "n_estimators": 80.97296992024312}, "datetime": {"datetime": "2021-09-24 13:52:15", "elapsed": 137.66629, "delta": 0.963914}}
{"target": 0.38613098408067026, "params": {"eta": 0.5570590143114981, "max_depth": 1.0364153279365231, "n_estimators": 67.91718852768442}, "datetime": {"datetime": "2021-09-24 13:52:16", "elapsed": 138.578232, "delta": 0.911942}}
{"target": 0.4062609687583789, "params": {"eta": 0.5891815129965765, "max_depth": 1.8951698364811715, "n_estimators": 26.81411189754276}, "datetime": {"datetime": "2021-09-24 13:52:17", "elapsed": 139.449051, "delta": 0.870819}}
{"target": 0.4591588154027856, "params": {"eta": 0.08, "max_depth": 2.990042753940454, "n_estimators": 77.77124976803081}, "datetime": {"datetime": "2021-09-24 13:52:18", "elapsed": 140.384322, "delta": 0.935271}}
{"target": 0.23121997606032807, "params": {"eta": 0.5969611215483349, "max_depth": 3.919897107267981, "n_estimators": 68.73343430214648}, "datetime": {"datetime": "2021-09-24 13:52:19", "elapsed": 141.346926, "delta": 0.962604}}
{"target": 0.37797944505454817, "params": {"eta": 0.10908290082252084, "max_depth": 2.8433239860276, "n_estimators": 19.149970474369738}, "datetime": {"datetime": "2021-09-24 13:52:20", "elapsed": 142.258525, "delta": 0.911599}}
{"target": 0.4513917620547421, "params": {"eta": 0.09112041689507512, "max_depth": 2.1461289165975357, "n_estimators": 67.61192404847561}, "datetime": {"datetime": "2021-09-24 13:52:21", "elapsed": 143.265135, "delta": 1.00661}}
{"target": 0.4469839572016331, "params": {"eta": 0.08, "max_depth": 1.7872685627946148, "n_estimators": 94.64977036247713}, "datetime": {"datetime": "2021-09-24 13:52:22", "elapsed": 144.199264, "delta": 0.934129}}
{"target": 0.4475733391932959, "params": {"eta": 0.08, "max_depth": 1.0, "n_estimators": 96.11536911628018}, "datetime": {"datetime": "2021-09-24 13:52:23", "elapsed": 145.248264, "delta": 1.049}}
{"target": 0.2724686601591879, "params": {"eta": 0.6, "max_depth": 2.2367597607929883, "n_estimators": 52.575967027865374}, "datetime": {"datetime": "2021-09-24 13:52:24", "elapsed": 146.107788, "delta": 0.859524}}
{"target": 0.31142457772946763, "params": {"eta": 0.6, "max_depth": 3.026271944032377, "n_estimators": 13.200589322830862}, "datetime": {"datetime": "2021-09-24 13:52:25", "elapsed": 146.954909, "delta": 0.847121}}
{"target": 0.19853094219518808, "params": {"eta": 0.6, "max_depth": 4.0, "n_estimators": 70.97685578442952}, "datetime": {"datetime": "2021-09-24 13:52:26", "elapsed": 147.958911, "delta": 1.004002}}
{"target": -1.5056165603091478, "params": {"eta": 0.08, "max_depth": 1.0, "n_estimators": 5.380028213848712}, "datetime": {"datetime": "2021-09-24 13:52:27", "elapsed": 148.968122, "delta": 1.009211}}
{"target": 0.383170403822383, "params": {"eta": 0.21042521231884864, "max_depth": 2.6360610560749307, "n_estimators": 64.01379665586606}, "datetime": {"datetime": "2021-09-24 13:52:28", "elapsed": 150.055332, "delta": 1.08721}}
{"target": 0.4458879914484666, "params": {"eta": 0.1401384887863799, "max_depth": 1.5224574215927158, "n_estimators": 57.039127766916685}, "datetime": {"datetime": "2021-09-24 13:52:29", "elapsed": 151.529614, "delta": 1.474282}}
{"target": 0.4523436565282476, "params": {"eta": 0.24001959840780085, "max_depth": 1.0435863416443913, "n_estimators": 36.008514108855394}, "datetime": {"datetime": "2021-09-24 13:52:30", "elapsed": 152.346768, "delta": 0.817154}}
{"target": 0.4343240793581785, "params": {"eta": 0.15545959639580575, "max_depth": 2.40489160969071, "n_estimators": 64.64709617123005}, "datetime": {"datetime": "2021-09-24 13:52:31", "elapsed": 153.559482, "delta": 1.212714}}
{"target": 0.4552432523638805, "params": {"eta": 0.15054652782193662, "max_depth": 1.7998382180028432, "n_estimators": 82.51240695928696}, "datetime": {"datetime": "2021-09-24 13:52:33", "elapsed": 154.875966, "delta": 1.316484}}
{"target": 0.4539691386497604, "params": {"eta": 0.33963861222840963, "max_depth": 1.4415141833044212, "n_estimators": 81.91063409234678}, "datetime": {"datetime": "2021-09-24 13:52:34", "elapsed": 156.040573, "delta": 1.164607}}
{"target": 0.4146538015064163, "params": {"eta": 0.11644907574789456, "max_depth": 3.924538029242836, "n_estimators": 41.05410062562917}, "datetime": {"datetime": "2021-09-24 13:52:35", "elapsed": 156.790574, "delta": 0.750001}}
{"target": 0.4598261876937402, "params": {"eta": 0.21518064744722937, "max_depth": 1.6475963527549047, "n_estimators": 61.86196504781476}, "datetime": {"datetime": "2021-09-24 13:52:35", "elapsed": 157.515773, "delta": 0.725199}}
{"target": 0.457415854230377, "params": {"eta": 0.2071659501818875, "max_depth": 1.924795972468524, "n_estimators": 56.121344981124025}, "datetime": {"datetime": "2021-09-24 13:52:37", "elapsed": 158.851251, "delta": 1.335478}}
{"target": 0.4335879637899287, "params": {"eta": 0.13622015763092862, "max_depth": 2.066159075295338, "n_estimators": 81.01759566613124}, "datetime": {"datetime": "2021-09-24 13:52:38", "elapsed": 160.188116, "delta": 1.336865}}
{"target": -0.06445940593662214, "params": {"eta": 0.10647797681160584, "max_depth": 1.906045299533921, "n_estimators": 10.983654448481603}, "datetime": {"datetime": "2021-09-24 13:52:39", "elapsed": 161.05208, "delta": 0.863964}}
