{"target": -75.10277619639837, "params": {"eta": 0.030290715520683735, "max_depth": 7.103384151836732, "n_estimators": 8.560557851252316}, "datetime": {"datetime": "2021-09-28 16:33:57", "elapsed": 325.773801, "delta": 1.703346}}
{"target": -37.2559275011546, "params": {"eta": 0.26775703747240504, "max_depth": 27.555611669773384, "n_estimators": 9.151203362681917}, "datetime": {"datetime": "2021-09-28 16:33:58", "elapsed": 327.395315, "delta": 1.621514}}
{"target": -40.10056791241453, "params": {"eta": 0.8313160388815013, "max_depth": 2.3120978706547994, "n_estimators": 3.733736251139047}, "datetime": {"datetime": "2021-09-28 16:34:00", "elapsed": 328.960217, "delta": 1.564902}}
{"target": -50.70147590475462, "params": {"eta": 0.9757634097649236, "max_depth": 9.058609368116215, "n_estimators": 5.653040045465872}, "datetime": {"datetime": "2021-09-28 16:34:01", "elapsed": 330.172216, "delta": 1.211999}}
{"target": -45.972482005085496, "params": {"eta": 0.5365514691848485, "max_depth": 10.726036195962893, "n_estimators": 1.2393325325917606}, "datetime": {"datetime": "2021-09-28 16:34:02", "elapsed": 331.252774, "delta": 1.080558}}
{"target": -37.35839509089558, "params": {"eta": 0.16077987916270756, "max_depth": 10.216307948362326, "n_estimators": 19.114171106247}, "datetime": {"datetime": "2021-09-28 16:34:04", "elapsed": 333.022852, "delta": 1.770078}}
{"target": -39.28660378077776, "params": {"eta": 0.36108824243322, "max_depth": 27.20593153007917, "n_estimators": 9.57993014356551}, "datetime": {"datetime": "2021-09-28 16:34:06", "elapsed": 335.236846, "delta": 2.213994}}
{"target": -38.11488835492593, "params": {"eta": 0.3895734790488095, "max_depth": 1.3681729408378787, "n_estimators": 17.604284271459097}, "datetime": {"datetime": "2021-09-28 16:34:08", "elapsed": 337.052708, "delta": 1.815862}}
{"target": -52.5783718540075, "params": {"eta": 0.09930497104471307, "max_depth": 3.2791313056032267, "n_estimators": 5.021346864148663}, "datetime": {"datetime": "2021-09-28 16:34:10", "elapsed": 338.947792, "delta": 1.895084}}
{"target": -39.67708375237955, "params": {"eta": 0.3942754456452058, "max_depth": 6.302540611005353, "n_estimators": 8.562148277202333}, "datetime": {"datetime": "2021-09-28 16:34:12", "elapsed": 340.766536, "delta": 1.818744}}
{"target": -38.26347222316408, "params": {"eta": 0.1489342260362517, "max_depth": 7.056726893230457, "n_estimators": 15.264397369864867}, "datetime": {"datetime": "2021-09-28 16:34:13", "elapsed": 342.152542, "delta": 1.386006}}
{"target": -39.23202016963517, "params": {"eta": 0.14114858245650777, "max_depth": 1.3067864014842272, "n_estimators": 17.96965285392332}, "datetime": {"datetime": "2021-09-28 16:34:15", "elapsed": 344.358507, "delta": 2.205965}}
{"target": -36.48796108783283, "params": {"eta": 0.028139985949309505, "max_depth": 21.943881549449934, "n_estimators": 43.572684806715884}, "datetime": {"datetime": "2021-09-28 16:34:17", "elapsed": 345.777217, "delta": 1.41871}}
{"target": -44.68528418676975, "params": {"eta": 0.5622662021357493, "max_depth": 27.56318763654353, "n_estimators": 9.398107938986184}, "datetime": {"datetime": "2021-09-28 16:34:18", "elapsed": 347.390466, "delta": 1.613249}}
{"target": -43.01042744093856, "params": {"eta": 0.6761019105950421, "max_depth": 8.30129025510411, "n_estimators": 13.355382628128542}, "datetime": {"datetime": "2021-09-28 16:34:19", "elapsed": 348.522148, "delta": 1.131682}}
{"target": -40.84706920560647, "params": {"eta": 0.6100534659463113, "max_depth": 3.5223721863154838, "n_estimators": 5.281824055593149}, "datetime": {"datetime": "2021-09-28 16:34:22", "elapsed": 350.880148, "delta": 2.358}}
{"target": -40.17840613188149, "params": {"eta": 0.3142707340569812, "max_depth": 22.1662308517621, "n_estimators": 43.65369801480408}, "datetime": {"datetime": "2021-09-28 16:34:24", "elapsed": 352.815352, "delta": 1.935204}}
{"target": -40.68956296770433, "params": {"eta": 0.36447779151662, "max_depth": 24.888889180906762, "n_estimators": 40.401596763832444}, "datetime": {"datetime": "2021-09-28 16:34:26", "elapsed": 354.611827, "delta": 1.796475}}
{"target": -44.04171516743434, "params": {"eta": 0.7154447257918679, "max_depth": 4.730887230200631, "n_estimators": 10.9450895824999}, "datetime": {"datetime": "2021-09-28 16:34:27", "elapsed": 355.828828, "delta": 1.217001}}
{"target": -42.3657669708361, "params": {"eta": 0.5296825055172636, "max_depth": 24.626206910738105, "n_estimators": 5.265365916919423}, "datetime": {"datetime": "2021-09-28 16:34:28", "elapsed": 356.959353, "delta": 1.130525}}
{"target": -49.53557239506118, "params": {"eta": 0.07198856537905757, "max_depth": 26.85601961762623, "n_estimators": 9.390915276982357}, "datetime": {"datetime": "2021-09-28 16:34:30", "elapsed": 359.059282, "delta": 2.099929}}
{"target": -37.59501070508149, "params": {"eta": 0.16494850099687838, "max_depth": 6.459810130341129, "n_estimators": 8.146406861267934}, "datetime": {"datetime": "2021-09-28 16:34:32", "elapsed": 361.122023, "delta": 2.062741}}
{"target": -35.833954922395165, "params": {"eta": 0.05020520858286802, "max_depth": 21.449193932852054, "n_estimators": 43.53520445964585}, "datetime": {"datetime": "2021-09-28 16:34:35", "elapsed": 364.284287, "delta": 3.162264}}
{"target": -34.130062032747226, "params": {"eta": 0.06744706849775865, "max_depth": 2.3756772835776063, "n_estimators": 17.806674794615688}, "datetime": {"datetime": "2021-09-28 16:34:37", "elapsed": 366.21454, "delta": 1.930253}}
{"target": -41.60207332458181, "params": {"eta": 0.7974960064554809, "max_depth": 4.41221664480079, "n_estimators": 5.401509393933666}, "datetime": {"datetime": "2021-09-28 16:34:38", "elapsed": 367.473262, "delta": 1.258722}}
{"target": -45.73590072187029, "params": {"eta": 0.7439135950143968, "max_depth": 27.365757388830243, "n_estimators": 49.67953460247491}, "datetime": {"datetime": "2021-09-28 16:34:41", "elapsed": 369.851886, "delta": 2.378624}}
{"target": -53.70345469126582, "params": {"eta": 0.9260055759804199, "max_depth": 23.534053313283007, "n_estimators": 30.637548273624333}, "datetime": {"datetime": "2021-09-28 16:34:42", "elapsed": 371.339239, "delta": 1.487353}}
{"target": -38.79759339569619, "params": {"eta": 0.20828497272190868, "max_depth": 21.85559166430798, "n_estimators": 15.131624777635782}, "datetime": {"datetime": "2021-09-28 16:34:44", "elapsed": 373.014901, "delta": 1.675662}}
{"target": -39.100448747183314, "params": {"eta": 0.43509535914986347, "max_depth": 23.61802026289897, "n_estimators": 45.30933059646491}, "datetime": {"datetime": "2021-09-28 16:34:46", "elapsed": 375.031406, "delta": 2.016505}}
{"target": -42.871071897894595, "params": {"eta": 0.015650615522011083, "max_depth": 21.601506647239926, "n_estimators": 43.833816495769945}, "datetime": {"datetime": "2021-09-28 16:34:50", "elapsed": 378.699327, "delta": 3.667921}}
{"target": -38.31317758963853, "params": {"eta": 0.34312106376215273, "max_depth": 2.2508745049168457, "n_estimators": 17.78284965966534}, "datetime": {"datetime": "2021-09-28 16:34:52", "elapsed": 381.305683, "delta": 2.606356}}
{"target": -38.58757957904728, "params": {"eta": 0.5300178072117869, "max_depth": 4.117469593902433, "n_estimators": 5.435329825095454}, "datetime": {"datetime": "2021-09-28 16:34:55", "elapsed": 384.223044, "delta": 2.917361}}
{"target": -37.29327099901339, "params": {"eta": 0.06772134121192469, "max_depth": 14.357284629261468, "n_estimators": 21.786032719856898}, "datetime": {"datetime": "2021-09-28 16:34:57", "elapsed": 385.858765, "delta": 1.635721}}
{"target": -90.83398986663617, "params": {"eta": 0.01, "max_depth": 27.400486842585664, "n_estimators": 8.89778439877943}, "datetime": {"datetime": "2021-09-28 16:34:59", "elapsed": 388.114772, "delta": 2.256007}}
{"target": -38.155493660686346, "params": {"eta": 0.22376129220291768, "max_depth": 5.546154700118548, "n_estimators": 4.404566836372366}, "datetime": {"datetime": "2021-09-28 16:35:01", "elapsed": 390.322536, "delta": 2.207764}}
{"target": -47.76594673503244, "params": {"eta": 0.9709788969491906, "max_depth": 25.382689294963978, "n_estimators": 15.873043379475252}, "datetime": {"datetime": "2021-09-28 16:35:03", "elapsed": 391.97662, "delta": 1.654084}}
{"target": -38.60284700934729, "params": {"eta": 0.18972781324755045, "max_depth": 2.584120060352412, "n_estimators": 17.605367432406624}, "datetime": {"datetime": "2021-09-28 16:35:06", "elapsed": 394.974296, "delta": 2.997676}}
{"target": -38.28830935820881, "params": {"eta": 0.5807605616064857, "max_depth": 5.598702528346501, "n_estimators": 4.928259282451531}, "datetime": {"datetime": "2021-09-28 16:35:09", "elapsed": 398.498432, "delta": 3.524136}}
{"target": -37.57151574375202, "params": {"eta": 0.6178964518342356, "max_depth": 3.274357211765894, "n_estimators": 5.591765523859904}, "datetime": {"datetime": "2021-09-28 16:35:12", "elapsed": 400.863881, "delta": 2.365449}}
{"target": -42.592493882463195, "params": {"eta": 0.5376951531241827, "max_depth": 27.27026261541654, "n_estimators": 9.223563315956486}, "datetime": {"datetime": "2021-09-28 16:35:14", "elapsed": 402.884424, "delta": 2.020543}}
{"target": -40.61023359985135, "params": {"eta": 0.4568470700656882, "max_depth": 21.765104529348505, "n_estimators": 43.372826872152395}, "datetime": {"datetime": "2021-09-28 16:35:16", "elapsed": 404.826539, "delta": 1.942115}}
{"target": -34.33715746912846, "params": {"eta": 0.08186111369731418, "max_depth": 2.0489007930466823, "n_estimators": 18.08134553673345}, "datetime": {"datetime": "2021-09-28 16:35:20", "elapsed": 408.663745, "delta": 3.837206}}
{"target": -42.19253125359225, "params": {"eta": 0.4944455163353437, "max_depth": 26.170707899872387, "n_estimators": 39.37874713115608}, "datetime": {"datetime": "2021-09-28 16:35:22", "elapsed": 410.764017, "delta": 2.100272}}
{"target": -80.76334299410743, "params": {"eta": 0.01, "max_depth": 2.250002739678377, "n_estimators": 17.54465053938835}, "datetime": {"datetime": "2021-09-28 16:35:24", "elapsed": 413.448524, "delta": 2.684507}}
{"target": -44.526530472532144, "params": {"eta": 0.7881249271541236, "max_depth": 28.434033291522624, "n_estimators": 14.76552738640115}, "datetime": {"datetime": "2021-09-28 16:35:26", "elapsed": 415.19749, "delta": 1.748966}}
{"target": -39.18974383906953, "params": {"eta": 0.24264034631786038, "max_depth": 2.329064877686756, "n_estimators": 18.25330318558428}, "datetime": {"datetime": "2021-09-28 16:35:29", "elapsed": 417.807734, "delta": 2.610244}}
{"target": -37.81394311662732, "params": {"eta": 0.5919471751819666, "max_depth": 5.5322956891434965, "n_estimators": 4.365976706642815}, "datetime": {"datetime": "2021-09-28 16:35:31", "elapsed": 420.339572, "delta": 2.531838}}
{"target": -36.065839091680644, "params": {"eta": 0.32158877602029057, "max_depth": 4.381158085394018, "n_estimators": 4.922772632358138}, "datetime": {"datetime": "2021-09-28 16:35:34", "elapsed": 422.594793, "delta": 2.255221}}
{"target": -36.834846156624224, "params": {"eta": 0.48813429908964984, "max_depth": 6.138671848348163, "n_estimators": 4.2997813975508326}, "datetime": {"datetime": "2021-09-28 16:35:36", "elapsed": 425.483624, "delta": 2.888831}}
{"target": -40.31041861881949, "params": {"eta": 0.7699756462689707, "max_depth": 9.25776849928258, "n_estimators": 2.524318893749272}, "datetime": {"datetime": "2021-09-28 16:35:38", "elapsed": 427.104862, "delta": 1.621238}}
{"target": -37.80303464793302, "params": {"eta": 0.1726338967930183, "max_depth": 2.4904916087989792, "n_estimators": 17.901979552146788}, "datetime": {"datetime": "2021-09-28 16:35:42", "elapsed": 431.120857, "delta": 4.015995}}
{"target": -39.79710579883247, "params": {"eta": 0.21627037753210052, "max_depth": 1.8196138272001123, "n_estimators": 18.101709827982543}, "datetime": {"datetime": "2021-09-28 16:35:44", "elapsed": 433.068858, "delta": 1.948001}}
{"target": -40.053988790809186, "params": {"eta": 0.14619239175170295, "max_depth": 1.7388733527774558, "n_estimators": 17.789304314438606}, "datetime": {"datetime": "2021-09-28 16:35:47", "elapsed": 435.622334, "delta": 2.553476}}
{"target": -45.600398438531194, "params": {"eta": 0.7460513883720715, "max_depth": 19.770577726731897, "n_estimators": 28.94392783955238}, "datetime": {"datetime": "2021-09-28 16:35:48", "elapsed": 437.270642, "delta": 1.648308}}
{"target": -37.99200436074781, "params": {"eta": 0.4894376987438477, "max_depth": 4.399648500081783, "n_estimators": 5.382750007619015}, "datetime": {"datetime": "2021-09-28 16:35:50", "elapsed": 439.430642, "delta": 2.16}}
{"target": -40.55044990145119, "params": {"eta": 0.5099720657806897, "max_depth": 19.666061367146366, "n_estimators": 28.276741313500956}, "datetime": {"datetime": "2021-09-28 16:35:52", "elapsed": 441.201048, "delta": 1.770406}}
{"target": -36.790448557774745, "params": {"eta": 0.09862448819102046, "max_depth": 7.740492413380268, "n_estimators": 24.96660286322226}, "datetime": {"datetime": "2021-09-28 16:35:54", "elapsed": 442.841046, "delta": 1.639998}}
{"target": -37.481332238844274, "params": {"eta": 0.5112123067245291, "max_depth": 2.4730958466415585, "n_estimators": 4.086620332298403}, "datetime": {"datetime": "2021-09-28 16:35:57", "elapsed": 445.70366, "delta": 2.862614}}
{"target": -39.000539158617876, "params": {"eta": 0.1638240627446633, "max_depth": 14.152431744326341, "n_estimators": 33.5856378937814}, "datetime": {"datetime": "2021-09-28 16:35:59", "elapsed": 447.742808, "delta": 2.039148}}
{"target": -53.92900860846805, "params": {"eta": 0.9880313472661195, "max_depth": 26.55271424536524, "n_estimators": 21.970519079446927}, "datetime": {"datetime": "2021-09-28 16:36:00", "elapsed": 449.475028, "delta": 1.73222}}
{"target": -38.85302391896068, "params": {"eta": 0.6794894373465267, "max_depth": 4.28407644981272, "n_estimators": 5.269954535472282}, "datetime": {"datetime": "2021-09-28 16:36:04", "elapsed": 452.915568, "delta": 3.44054}}
{"target": -38.91148653219538, "params": {"eta": 0.6517101093710664, "max_depth": 4.284249837936107, "n_estimators": 5.289330474288572}, "datetime": {"datetime": "2021-09-28 16:36:06", "elapsed": 454.693191, "delta": 1.777623}}
{"target": -41.71333586339637, "params": {"eta": 0.8712712228868914, "max_depth": 3.041681221292448, "n_estimators": 5.227265415701071}, "datetime": {"datetime": "2021-09-28 16:36:08", "elapsed": 456.805413, "delta": 2.112222}}
{"target": -37.04459395526009, "params": {"eta": 0.04613803404733635, "max_depth": 1.7473971183261419, "n_estimators": 17.39513033404319}, "datetime": {"datetime": "2021-09-28 16:36:11", "elapsed": 460.506937, "delta": 3.701524}}
{"target": -44.57344366725458, "params": {"eta": 0.6817039725807146, "max_depth": 15.778561002352411, "n_estimators": 40.55935549485398}, "datetime": {"datetime": "2021-09-28 16:36:14", "elapsed": 462.761673, "delta": 2.254736}}
{"target": -44.66399519514683, "params": {"eta": 0.8644251083125846, "max_depth": 17.970216374913836, "n_estimators": 11.311125109216247}, "datetime": {"datetime": "2021-09-28 16:36:16", "elapsed": 464.88619, "delta": 2.124517}}
{"target": -43.77127427578075, "params": {"eta": 0.6992895722627894, "max_depth": 2.061514993147183, "n_estimators": 17.510249598594488}, "datetime": {"datetime": "2021-09-28 16:36:18", "elapsed": 467.176543, "delta": 2.290353}}
{"target": -40.39357368991564, "params": {"eta": 0.2789786374371886, "max_depth": 29.428447870961378, "n_estimators": 20.662937132236127}, "datetime": {"datetime": "2021-09-28 16:36:21", "elapsed": 469.976019, "delta": 2.799476}}
{"target": -43.638207749155725, "params": {"eta": 0.876025967253274, "max_depth": 19.320451214422803, "n_estimators": 22.63877947978077}, "datetime": {"datetime": "2021-09-28 16:36:23", "elapsed": 472.045877, "delta": 2.069858}}
{"target": -42.733944164855885, "params": {"eta": 0.04432239651454933, "max_depth": 2.3380484518698825, "n_estimators": 17.996203708396735}, "datetime": {"datetime": "2021-09-28 16:36:27", "elapsed": 475.726639, "delta": 3.680762}}
{"target": -64.13750991352248, "params": {"eta": 0.08797699582901108, "max_depth": 12.133229123123856, "n_estimators": 4.86418509275865}, "datetime": {"datetime": "2021-09-28 16:36:29", "elapsed": 477.646396, "delta": 1.919757}}
{"target": -83.85846912485364, "params": {"eta": 0.01, "max_depth": 7.179524330584254, "n_estimators": 15.609461391874369}, "datetime": {"datetime": "2021-09-28 16:36:33", "elapsed": 481.596629, "delta": 3.950233}}
{"target": -48.774810583466845, "params": {"eta": 0.9774980428664993, "max_depth": 11.814239704058565, "n_estimators": 47.183981050878074}, "datetime": {"datetime": "2021-09-28 16:36:35", "elapsed": 483.943899, "delta": 2.34727}}
{"target": -37.030541546948555, "params": {"eta": 0.39838671536418646, "max_depth": 3.24574772287607, "n_estimators": 5.417823422423878}, "datetime": {"datetime": "2021-09-28 16:36:37", "elapsed": 486.166064, "delta": 2.222165}}
{"target": -41.84980024401102, "params": {"eta": 0.20084944204803873, "max_depth": 21.762429266145478, "n_estimators": 33.71821184275907}, "datetime": {"datetime": "2021-09-28 16:36:39", "elapsed": 487.921799, "delta": 1.755735}}
{"target": -34.666564141986136, "params": {"eta": 0.4312855217695003, "max_depth": 2.719349739881819, "n_estimators": 3.9713672941093026}, "datetime": {"datetime": "2021-09-28 16:36:41", "elapsed": 490.223983, "delta": 2.302184}}
{"target": -39.88527867840189, "params": {"eta": 0.602706124416377, "max_depth": 1.4810957003803997, "n_estimators": 15.438882746526422}, "datetime": {"datetime": "2021-09-28 16:36:44", "elapsed": 492.559988, "delta": 2.336005}}
{"target": -38.58873990562371, "params": {"eta": 0.0560381183339473, "max_depth": 9.978784389740817, "n_estimators": 18.8433658713161}, "datetime": {"datetime": "2021-09-28 16:36:46", "elapsed": 495.524082, "delta": 2.964094}}
{"target": -40.208850245333636, "params": {"eta": 0.21382923799563286, "max_depth": 24.638668195601845, "n_estimators": 48.76984156123261}, "datetime": {"datetime": "2021-09-28 16:36:49", "elapsed": 497.90366, "delta": 2.379578}}
{"target": -48.63227976280847, "params": {"eta": 0.6610257520750953, "max_depth": 12.406786019347877, "n_estimators": 23.904447386217875}, "datetime": {"datetime": "2021-09-28 16:36:51", "elapsed": 499.789421, "delta": 1.885761}}
{"target": -38.51055920701272, "params": {"eta": 0.5841795899416222, "max_depth": 3.243077916945468, "n_estimators": 4.845405560818731}, "datetime": {"datetime": "2021-09-28 16:36:54", "elapsed": 502.56451, "delta": 2.775089}}
{"target": -39.696769946307526, "params": {"eta": 0.32575346140783623, "max_depth": 7.368833355199029, "n_estimators": 15.159373102434774}, "datetime": {"datetime": "2021-09-28 16:36:56", "elapsed": 504.932916, "delta": 2.368406}}
{"target": -53.70345469126582, "params": {"eta": 0.9311872800913469, "max_depth": 27.94564363871222, "n_estimators": 44.6272621158753}, "datetime": {"datetime": "2021-09-28 16:36:58", "elapsed": 506.6951, "delta": 1.762184}}
{"target": -40.13291610389716, "params": {"eta": 0.44662980054467455, "max_depth": 24.90291670992362, "n_estimators": 20.114347033281483}, "datetime": {"datetime": "2021-09-28 16:37:00", "elapsed": 508.828665, "delta": 2.133565}}
{"target": -40.252375733918925, "params": {"eta": 0.46491745467332624, "max_depth": 26.96545562491604, "n_estimators": 8.861957106142931}, "datetime": {"datetime": "2021-09-28 16:37:02", "elapsed": 511.455274, "delta": 2.626609}}
{"target": -39.58322424482223, "params": {"eta": 0.44114832003951876, "max_depth": 2.054322605566619, "n_estimators": 18.09439284424486}, "datetime": {"datetime": "2021-09-28 16:37:05", "elapsed": 513.993816, "delta": 2.538542}}
{"target": -46.671192571538626, "params": {"eta": 0.6489171140936517, "max_depth": 26.98008971346288, "n_estimators": 13.093865280779614}, "datetime": {"datetime": "2021-09-28 16:37:07", "elapsed": 515.758231, "delta": 1.764415}}
{"target": -58.40629550124922, "params": {"eta": 0.02666014528904896, "max_depth": 6.659508771181324, "n_estimators": 15.786420438536412}, "datetime": {"datetime": "2021-09-28 16:37:10", "elapsed": 518.710683, "delta": 2.952452}}
{"target": -39.841290768506596, "params": {"eta": 0.3834254920216931, "max_depth": 10.587293804015438, "n_estimators": 41.82762999439758}, "datetime": {"datetime": "2021-09-28 16:37:11", "elapsed": 520.519326, "delta": 1.808643}}
{"target": -38.335314184368116, "params": {"eta": 0.4832292914670639, "max_depth": 5.1240724983009525, "n_estimators": 4.1492503884131455}, "datetime": {"datetime": "2021-09-28 16:37:14", "elapsed": 523.335929, "delta": 2.816603}}
{"target": -38.54931834549211, "params": {"eta": 0.463974963140122, "max_depth": 6.268479249619263, "n_estimators": 4.797654214160772}, "datetime": {"datetime": "2021-09-28 16:37:16", "elapsed": 525.497538, "delta": 2.161609}}
{"target": -78.89676256856123, "params": {"eta": 0.01, "max_depth": 29.196056635202144, "n_estimators": 20.515751133450696}, "datetime": {"datetime": "2021-09-28 16:37:19", "elapsed": 528.330848, "delta": 2.83331}}
{"target": -36.02252459133097, "params": {"eta": 0.06314488802885981, "max_depth": 21.70237204833162, "n_estimators": 43.37177851491698}, "datetime": {"datetime": "2021-09-28 16:37:23", "elapsed": 532.493248, "delta": 4.1624}}
{"target": -39.18744577880383, "params": {"eta": 0.17209226480252382, "max_depth": 3.950225672719576, "n_estimators": 30.329638019622955}, "datetime": {"datetime": "2021-09-28 16:37:25", "elapsed": 534.253485, "delta": 1.760237}}
{"target": -40.508885334409264, "params": {"eta": 0.22181344408595494, "max_depth": 29.210509387984615, "n_estimators": 21.00614428880326}, "datetime": {"datetime": "2021-09-28 16:37:28", "elapsed": 537.389868, "delta": 3.136383}}
{"target": -39.79504921874719, "params": {"eta": 0.6685380725207366, "max_depth": 3.4230922751613697, "n_estimators": 4.544104728502844}, "datetime": {"datetime": "2021-09-28 16:37:32", "elapsed": 540.686714, "delta": 3.296846}}
