{"target": 0.04180446352553491, "params": {"eta": 0.9108852930115408, "max_depth": 14.244307299008602, "n_estimators": 35.29128748808575}, "datetime": {"datetime": "2021-09-24 12:16:34", "elapsed": 317.202396, "delta": 2.292445}}
{"target": 0.09565199224906862, "params": {"eta": 0.8283777989552593, "max_depth": 25.27474213778021, "n_estimators": 14.209292139845031}, "datetime": {"datetime": "2021-09-24 12:16:37", "elapsed": 319.549407, "delta": 2.347011}}
{"target": -0.6876798676165503, "params": {"eta": 0.5323383007228927, "max_depth": 10.726036195962893, "n_estimators": 1.2393325325917606}, "datetime": {"datetime": "2021-09-24 12:16:38", "elapsed": 320.56077, "delta": 1.011363}}
{"target": -0.10687370855770673, "params": {"eta": 0.9544165976934637, "max_depth": 23.8999215545027, "n_estimators": 38.94505105253863}, "datetime": {"datetime": "2021-09-24 12:16:39", "elapsed": 322.051918, "delta": 1.491148}}
{"target": 0.20113072788333708, "params": {"eta": 0.7137829007554566, "max_depth": 13.94659601912949, "n_estimators": 39.70398074267614}, "datetime": {"datetime": "2021-09-24 12:16:42", "elapsed": 324.999307, "delta": 2.947389}}
{"target": -0.9608412247421911, "params": {"eta": 0.04277484608380294, "max_depth": 8.04790851864807, "n_estimators": 14.086863990877902}, "datetime": {"datetime": "2021-09-24 12:16:44", "elapsed": 327.255705, "delta": 2.256398}}
{"target": -0.19985078027992653, "params": {"eta": 0.07341368036346615, "max_depth": 1.0, "n_estimators": 13.527619749279511}, "datetime": {"datetime": "2021-09-24 12:16:47", "elapsed": 330.270818, "delta": 3.015113}}
{"target": 0.16958910126082294, "params": {"eta": 0.5662880435417601, "max_depth": 23.66747539016363, "n_estimators": 40.349271844941015}, "datetime": {"datetime": "2021-09-24 12:16:52", "elapsed": 335.037979, "delta": 4.767161}}
{"target": -0.059404035052580184, "params": {"eta": 0.9969603625681281, "max_depth": 24.13491432664804, "n_estimators": 11.551668767492746}, "datetime": {"datetime": "2021-09-24 12:16:54", "elapsed": 337.179301, "delta": 2.141322}}
{"target": 0.38157496351901043, "params": {"eta": 0.23943614740706784, "max_depth": 18.46058437327433, "n_estimators": 19.842572143217275}, "datetime": {"datetime": "2021-09-24 12:16:55", "elapsed": 338.465299, "delta": 1.285998}}
{"target": -0.5126109335623592, "params": {"eta": 0.019304894912485045, "max_depth": 21.943881549449934, "n_estimators": 43.572684806715884}, "datetime": {"datetime": "2021-09-24 12:16:57", "elapsed": 340.057739, "delta": 1.59244}}
{"target": 0.28560662522476266, "params": {"eta": 0.2086097487562887, "max_depth": 7.569216693653721, "n_estimators": 15.638991540176303}, "datetime": {"datetime": "2021-09-24 12:16:59", "elapsed": 342.018393, "delta": 1.960654}}
{"target": 0.2834599684117921, "params": {"eta": 0.6731573825095425, "max_depth": 8.30129025510411, "n_estimators": 13.355382628128542}, "datetime": {"datetime": "2021-09-24 12:17:00", "elapsed": 343.373494, "delta": 1.355101}}
{"target": 0.37616214700148787, "params": {"eta": 0.8897677762323515, "max_depth": 1.3911058630615423, "n_estimators": 22.270137557340455}, "datetime": {"datetime": "2021-09-24 12:17:02", "elapsed": 344.654498, "delta": 1.281004}}
{"target": -0.03492809030136246, "params": {"eta": 1.0, "max_depth": 21.032133614119438, "n_estimators": 15.703504457863104}, "datetime": {"datetime": "2021-09-24 12:17:04", "elapsed": 347.12578, "delta": 2.471282}}
{"target": 0.28499576827495143, "params": {"eta": 0.35870031689404386, "max_depth": 24.888889180906762, "n_estimators": 40.401596763832444}, "datetime": {"datetime": "2021-09-24 12:17:06", "elapsed": 348.874929, "delta": 1.749149}}
{"target": 0.24470982344740244, "params": {"eta": 0.7128578596627031, "max_depth": 4.730887230200631, "n_estimators": 10.9450895824999}, "datetime": {"datetime": "2021-09-24 12:17:07", "elapsed": 350.134244, "delta": 1.259315}}
{"target": 0.264332955004834, "params": {"eta": 0.5254068919310569, "max_depth": 24.626206910738105, "n_estimators": 5.265365916919423}, "datetime": {"datetime": "2021-09-24 12:17:08", "elapsed": 351.277085, "delta": 1.142841}}
{"target": -0.003060204025371771, "params": {"eta": 0.9964029343531482, "max_depth": 5.4117357691154515, "n_estimators": 10.546521774593614}, "datetime": {"datetime": "2021-09-24 12:17:11", "elapsed": 353.567427, "delta": 2.290342}}
{"target": 0.3716329167131547, "params": {"eta": 0.9008439844121613, "max_depth": 1.3837590873979555, "n_estimators": 22.23586910248766}, "datetime": {"datetime": "2021-09-24 12:17:12", "elapsed": 354.732927, "delta": 1.1655}}
{"target": 0.27152586304019366, "params": {"eta": 0.21363870950115105, "max_depth": 22.404282636535843, "n_estimators": 10.975602077265405}, "datetime": {"datetime": "2021-09-24 12:17:14", "elapsed": 357.460452, "delta": 2.727525}}
{"target": -0.03445179730073744, "params": {"eta": 1.0, "max_depth": 23.68361944726004, "n_estimators": 8.156353334711548}, "datetime": {"datetime": "2021-09-24 12:17:17", "elapsed": 359.635298, "delta": 2.174846}}
{"target": -0.03475306754243568, "params": {"eta": 1.0, "max_depth": 17.86311145770473, "n_estimators": 17.404472200378482}, "datetime": {"datetime": "2021-09-24 12:17:19", "elapsed": 361.674726, "delta": 2.039428}}
{"target": 0.0686027219215063, "params": {"eta": 0.7415855367872549, "max_depth": 27.365757388830243, "n_estimators": 49.67953460247491}, "datetime": {"datetime": "2021-09-24 12:17:20", "elapsed": 362.997662, "delta": 1.322936}}
{"target": 0.15480119876886034, "params": {"eta": 0.9253328993984238, "max_depth": 23.534053313283007, "n_estimators": 30.637548273624333}, "datetime": {"datetime": "2021-09-24 12:17:21", "elapsed": 364.396893, "delta": 1.399231}}
{"target": 0.3019759087585734, "params": {"eta": 0.20108756338301695, "max_depth": 21.85559166430798, "n_estimators": 15.131624777635782}, "datetime": {"datetime": "2021-09-24 12:17:23", "elapsed": 365.674625, "delta": 1.277732}}
{"target": 0.18912183056559473, "params": {"eta": 0.4299598624148622, "max_depth": 23.61802026289897, "n_estimators": 45.30933059646491}, "datetime": {"datetime": "2021-09-24 12:17:25", "elapsed": 367.887268, "delta": 2.212643}}
{"target": -0.17645050362163772, "params": {"eta": 0.9440331104351503, "max_depth": 5.407787101978747, "n_estimators": 11.49488268457255}, "datetime": {"datetime": "2021-09-24 12:17:27", "elapsed": 370.102233, "delta": 2.214965}}
{"target": 0.17428971304837348, "params": {"eta": 0.5796238432491738, "max_depth": 22.95917461749777, "n_estimators": 10.019137927234143}, "datetime": {"datetime": "2021-09-24 12:17:30", "elapsed": 372.858542, "delta": 2.756309}}
{"target": -0.05581143673137445, "params": {"eta": 0.870497111218193, "max_depth": 14.441738032362517, "n_estimators": 20.23455565967922}, "datetime": {"datetime": "2021-09-24 12:17:33", "elapsed": 376.258447, "delta": 3.399905}}
{"target": -0.025722022342978823, "params": {"eta": 0.05924608067748765, "max_depth": 14.357284629261468, "n_estimators": 21.786032719856898}, "datetime": {"datetime": "2021-09-24 12:17:35", "elapsed": 377.762428, "delta": 1.503981}}
{"target": -3.830705660591314, "params": {"eta": 0.001, "max_depth": 3.0267184123743323, "n_estimators": 20.016466769806655}, "datetime": {"datetime": "2021-09-24 12:17:37", "elapsed": 380.001567, "delta": 2.239139}}
{"target": 0.19123328262913397, "params": {"eta": 0.0538648032693899, "max_depth": 11.989131673426835, "n_estimators": 31.942364288727546}, "datetime": {"datetime": "2021-09-24 12:17:39", "elapsed": 382.346205, "delta": 2.344638}}
{"target": -0.09851190071490379, "params": {"eta": 0.9707150687396379, "max_depth": 25.382689294963978, "n_estimators": 15.873043379475252}, "datetime": {"datetime": "2021-09-24 12:17:41", "elapsed": 383.746295, "delta": 1.40009}}
{"target": 0.26599033990073495, "params": {"eta": 0.08550570240409873, "max_depth": 4.659134040810208, "n_estimators": 19.343059529940547}, "datetime": {"datetime": "2021-09-24 12:17:43", "elapsed": 386.046046, "delta": 2.299751}}
{"target": 0.3740772973024986, "params": {"eta": 0.20892589870200212, "max_depth": 4.002815878973676, "n_estimators": 18.38526233370698}, "datetime": {"datetime": "2021-09-24 12:17:46", "elapsed": 388.761826, "delta": 2.71578}}
{"target": 0.2139760123582879, "params": {"eta": 0.05441524113527608, "max_depth": 16.964227434726677, "n_estimators": 32.542545335059}, "datetime": {"datetime": "2021-09-24 12:17:49", "elapsed": 392.119337, "delta": 3.357511}}
{"target": 0.208462534013521, "params": {"eta": 0.05798416992073646, "max_depth": 11.05917143171241, "n_estimators": 32.77996153286011}, "datetime": {"datetime": "2021-09-24 12:17:52", "elapsed": 395.396103, "delta": 3.276766}}
{"target": -3.7993502668483456, "params": {"eta": 0.001, "max_depth": 23.571086473035145, "n_estimators": 25.21566978152464}, "datetime": {"datetime": "2021-09-24 12:17:55", "elapsed": 397.639126, "delta": 2.243023}}
{"target": -2.3044347030049743, "params": {"eta": 0.00897631068233725, "max_depth": 25.493245251939243, "n_estimators": 28.132082754484763}, "datetime": {"datetime": "2021-09-24 12:17:58", "elapsed": 400.881524, "delta": 3.242398}}
{"target": 0.23957573441498314, "params": {"eta": 0.48984956648384687, "max_depth": 26.170707899872387, "n_estimators": 39.37874713115608}, "datetime": {"datetime": "2021-09-24 12:18:00", "elapsed": 402.593562, "delta": 1.712038}}
{"target": 0.17271903778587694, "params": {"eta": 0.45438575069650344, "max_depth": 25.02759703387913, "n_estimators": 39.473006971648246}, "datetime": {"datetime": "2021-09-24 12:18:03", "elapsed": 406.103198, "delta": 3.509636}}
{"target": 0.05227349227945488, "params": {"eta": 0.9321918013615295, "max_depth": 23.81689593424372, "n_estimators": 27.46715155302614}, "datetime": {"datetime": "2021-09-24 12:18:05", "elapsed": 408.351933, "delta": 2.248735}}
{"target": -0.08098358794065441, "params": {"eta": 0.9211052777618608, "max_depth": 7.46732136405503, "n_estimators": 13.643149734860533}, "datetime": {"datetime": "2021-09-24 12:18:07", "elapsed": 409.711763, "delta": 1.35983}}
{"target": -0.09693553108568187, "params": {"eta": 0.9934161287972538, "max_depth": 23.235131206529235, "n_estimators": 23.730215484428054}, "datetime": {"datetime": "2021-09-24 12:18:09", "elapsed": 412.260045, "delta": 2.548282}}
{"target": -0.01956676209674013, "params": {"eta": 0.9992377626970778, "max_depth": 24.386133277084348, "n_estimators": 15.559761073997688}, "datetime": {"datetime": "2021-09-24 12:18:12", "elapsed": 414.495683, "delta": 2.235638}}
{"target": -0.05712616842262941, "params": {"eta": 0.961925451052976, "max_depth": 7.811735943638762, "n_estimators": 15.626982438763136}, "datetime": {"datetime": "2021-09-24 12:18:14", "elapsed": 417.279424, "delta": 2.783741}}
{"target": 0.11026941785446343, "params": {"eta": 0.7678845157805068, "max_depth": 9.25776849928258, "n_estimators": 2.524318893749272}, "datetime": {"datetime": "2021-09-24 12:18:16", "elapsed": 418.678422, "delta": 1.398998}}
{"target": 0.21426739689844132, "params": {"eta": 0.7672024606505673, "max_depth": 3.1183578939961807, "n_estimators": 17.91924010595976}, "datetime": {"datetime": "2021-09-24 12:18:17", "elapsed": 420.143268, "delta": 1.464846}}
{"target": -3.7421321235505287, "params": {"eta": 0.001, "max_depth": 9.889699417582662, "n_estimators": 32.792633797673126}, "datetime": {"datetime": "2021-09-24 12:18:20", "elapsed": 422.656216, "delta": 2.512948}}
{"target": -0.03198447446330621, "params": {"eta": 0.9802706933305261, "max_depth": 9.463292478193692, "n_estimators": 34.15117639361505}, "datetime": {"datetime": "2021-09-24 12:18:22", "elapsed": 425.40898, "delta": 2.752764}}
{"target": -1.3084551513723914, "params": {"eta": 0.013727281177484875, "max_depth": 12.32319694582058, "n_estimators": 36.86054890094179}, "datetime": {"datetime": "2021-09-24 12:18:25", "elapsed": 427.806545, "delta": 2.397565}}
{"target": 0.09231325101796306, "params": {"eta": 0.9351680720477401, "max_depth": 22.771331737563766, "n_estimators": 11.425677159587389}, "datetime": {"datetime": "2021-09-24 12:18:27", "elapsed": 430.338902, "delta": 2.532357}}
{"target": 0.3317037700258838, "params": {"eta": 0.505517266378696, "max_depth": 19.666061367146366, "n_estimators": 28.276741313500956}, "datetime": {"datetime": "2021-09-24 12:18:29", "elapsed": 431.802157, "delta": 1.463255}}
{"target": 0.30300961023975437, "params": {"eta": 0.09043016535639338, "max_depth": 7.740492413380268, "n_estimators": 24.96660286322226}, "datetime": {"datetime": "2021-09-24 12:18:30", "elapsed": 433.176878, "delta": 1.374721}}
{"target": 0.2932701836440431, "params": {"eta": 0.26461031202452273, "max_depth": 8.781668792114221, "n_estimators": 34.56308452655925}, "datetime": {"datetime": "2021-09-24 12:18:34", "elapsed": 436.501418, "delta": 3.32454}}
{"target": 0.19821842214246377, "params": {"eta": 0.4295372963788446, "max_depth": 14.195429266648773, "n_estimators": 31.50251650794016}, "datetime": {"datetime": "2021-09-24 12:18:36", "elapsed": 439.020095, "delta": 2.518677}}
{"target": -0.024871549262568404, "params": {"eta": 0.9879225413321752, "max_depth": 26.55271424536524, "n_estimators": 21.970519079446927}, "datetime": {"datetime": "2021-09-24 12:18:38", "elapsed": 440.634322, "delta": 1.614227}}
{"target": -3.677697896918347, "params": {"eta": 0.001, "max_depth": 25.771062369873004, "n_estimators": 40.10122474316721}, "datetime": {"datetime": "2021-09-24 12:18:41", "elapsed": 443.665608, "delta": 3.031286}}
{"target": 0.07924215545680768, "params": {"eta": 0.7886638712278398, "max_depth": 13.103029790314219, "n_estimators": 36.45552063935884}, "datetime": {"datetime": "2021-09-24 12:18:42", "elapsed": 445.322187, "delta": 1.656579}}
{"target": 0.1413320615854753, "params": {"eta": 0.7426890253714656, "max_depth": 25.63795036711583, "n_estimators": 38.7188721671858}, "datetime": {"datetime": "2021-09-24 12:18:45", "elapsed": 448.353904, "delta": 3.031717}}
{"target": 0.3353492536200616, "params": {"eta": 0.0946442205996104, "max_depth": 24.591189475171163, "n_estimators": 38.37009779721623}, "datetime": {"datetime": "2021-09-24 12:18:51", "elapsed": 453.552182, "delta": 5.198278}}
{"target": 0.19271151272949127, "params": {"eta": 0.6788103723314484, "max_depth": 15.778561002352411, "n_estimators": 40.55935549485398}, "datetime": {"datetime": "2021-09-24 12:18:52", "elapsed": 455.329445, "delta": 1.777263}}
{"target": -0.05197505879049458, "params": {"eta": 0.8631926092972444, "max_depth": 17.970216374913836, "n_estimators": 11.311125109216247}, "datetime": {"datetime": "2021-09-24 12:18:54", "elapsed": 456.942838, "delta": 1.613393}}
{"target": 0.2849223185161053, "params": {"eta": 0.3821852499927915, "max_depth": 26.574799614781725, "n_estimators": 38.664488790201226}, "datetime": {"datetime": "2021-09-24 12:18:57", "elapsed": 459.866846, "delta": 2.924008}}
{"target": -0.029433195829337677, "params": {"eta": 0.9684905571052995, "max_depth": 24.467119923571545, "n_estimators": 40.026631650041054}, "datetime": {"datetime": "2021-09-24 12:19:00", "elapsed": 462.590542, "delta": 2.723696}}
{"target": 0.14742030410919527, "params": {"eta": 0.9214825935441527, "max_depth": 27.04232896192114, "n_estimators": 39.19876002650205}, "datetime": {"datetime": "2021-09-24 12:19:02", "elapsed": 465.224044, "delta": 2.633502}}
{"target": -3.677697896918347, "params": {"eta": 0.001, "max_depth": 14.741628272419787, "n_estimators": 40.09118123696872}, "datetime": {"datetime": "2021-09-24 12:19:06", "elapsed": 468.986467, "delta": 3.762423}}
{"target": -1.922688281931618, "params": {"eta": 0.07968587760927483, "max_depth": 12.133229123123856, "n_estimators": 4.86418509275865}, "datetime": {"datetime": "2021-09-24 12:19:08", "elapsed": 470.568773, "delta": 1.582306}}
{"target": 0.3428533890583626, "params": {"eta": 0.08946360002696843, "max_depth": 14.904729236934612, "n_estimators": 38.41609448292725}, "datetime": {"datetime": "2021-09-24 12:19:11", "elapsed": 474.01321, "delta": 3.444437}}
{"target": -0.045225603466607645, "params": {"eta": 0.9772934796198312, "max_depth": 11.814239704058565, "n_estimators": 47.183981050878074}, "datetime": {"datetime": "2021-09-24 12:19:13", "elapsed": 475.802772, "delta": 1.789562}}
{"target": 0.278323619703737, "params": {"eta": 0.41793738830197064, "max_depth": 24.528959103620174, "n_estimators": 41.264206990541545}, "datetime": {"datetime": "2021-09-24 12:19:16", "elapsed": 479.022434, "delta": 3.219662}}
{"target": -0.4702776300129472, "params": {"eta": 0.028092233373694483, "max_depth": 20.195047690473146, "n_estimators": 31.084865883914727}, "datetime": {"datetime": "2021-09-24 12:19:19", "elapsed": 481.823327, "delta": 2.800893}}
{"target": -0.02234665051909679, "params": {"eta": 1.0, "max_depth": 14.218803689691537, "n_estimators": 33.13526046313046}, "datetime": {"datetime": "2021-09-24 12:19:22", "elapsed": 484.539397, "delta": 2.71607}}
{"target": -0.00896213900499565, "params": {"eta": 0.8918463022977231, "max_depth": 11.948410925106941, "n_estimators": 31.578584189551663}, "datetime": {"datetime": "2021-09-24 12:19:25", "elapsed": 487.78126, "delta": 3.241863}}
{"target": -0.03463731623748867, "params": {"eta": 1.0, "max_depth": 19.79682850159448, "n_estimators": 29.103140090646043}, "datetime": {"datetime": "2021-09-24 12:19:28", "elapsed": 490.92712, "delta": 3.14586}}
{"target": 0.33314864327590066, "params": {"eta": 0.21171116900247616, "max_depth": 5.773527457429745, "n_estimators": 10.030414755137713}, "datetime": {"datetime": "2021-09-24 12:19:29", "elapsed": 492.34862, "delta": 1.4215}}
{"target": 0.113657284606421, "params": {"eta": 0.6579441680030507, "max_depth": 12.406786019347877, "n_estimators": 23.904447386217875}, "datetime": {"datetime": "2021-09-24 12:19:31", "elapsed": 494.15339, "delta": 1.80477}}
{"target": -3.717845115376921, "params": {"eta": 0.001, "max_depth": 12.84003127399903, "n_estimators": 35.19843286776756}, "datetime": {"datetime": "2021-09-24 12:19:34", "elapsed": 497.134885, "delta": 2.981495}}
{"target": 0.14302317607884052, "params": {"eta": 0.6339929471405836, "max_depth": 11.71706919726696, "n_estimators": 35.87192674737673}, "datetime": {"datetime": "2021-09-24 12:19:37", "elapsed": 499.652348, "delta": 2.517463}}
{"target": -0.48089317765807627, "params": {"eta": 0.03664300495343134, "max_depth": 21.468904255115294, "n_estimators": 23.750922880339882}, "datetime": {"datetime": "2021-09-24 12:19:40", "elapsed": 502.796799, "delta": 3.144451}}
{"target": 0.20533841931823027, "params": {"eta": 0.441599162367808, "max_depth": 24.90291670992362, "n_estimators": 20.114347033281483}, "datetime": {"datetime": "2021-09-24 12:19:42", "elapsed": 504.700313, "delta": 1.903514}}
{"target": -3.7259221299692546, "params": {"eta": 0.001, "max_depth": 9.483109332344322, "n_estimators": 34.43296575367436}, "datetime": {"datetime": "2021-09-24 12:19:45", "elapsed": 507.897609, "delta": 3.197296}}
{"target": 0.3595617197707911, "params": {"eta": 0.12422931640655639, "max_depth": 10.855849487928166, "n_estimators": 34.58886714569284}, "datetime": {"datetime": "2021-09-24 12:19:48", "elapsed": 511.178633, "delta": 3.281024}}
{"target": 0.30853595492433583, "params": {"eta": 0.46387665128582467, "max_depth": 8.331241602376524, "n_estimators": 34.978399513049375}, "datetime": {"datetime": "2021-09-24 12:19:51", "elapsed": 513.749164, "delta": 2.570531}}
{"target": 0.272608784876298, "params": {"eta": 0.08559715059829796, "max_depth": 3.830376215976788, "n_estimators": 19.01811739593879}, "datetime": {"datetime": "2021-09-24 12:19:54", "elapsed": 516.493691, "delta": 2.744527}}
{"target": 0.33799169959967856, "params": {"eta": 0.3778202692218903, "max_depth": 10.587293804015438, "n_estimators": 41.82762999439758}, "datetime": {"datetime": "2021-09-24 12:19:56", "elapsed": 518.553872, "delta": 2.060181}}
{"target": 0.2880174667266212, "params": {"eta": 0.7978062628749782, "max_depth": 2.8323754830017336, "n_estimators": 16.154206042853744}, "datetime": {"datetime": "2021-09-24 12:19:59", "elapsed": 521.63488, "delta": 3.081008}}
{"target": 0.20097138190629638, "params": {"eta": 0.6933467867354084, "max_depth": 8.738746339224667, "n_estimators": 33.88903333325013}, "datetime": {"datetime": "2021-09-24 12:20:02", "elapsed": 525.022879, "delta": 3.387999}}
{"target": -0.05928901150415822, "params": {"eta": 0.9813330014362197, "max_depth": 8.543294857471977, "n_estimators": 34.55371914424354}, "datetime": {"datetime": "2021-09-24 12:20:05", "elapsed": 527.723386, "delta": 2.700507}}
{"target": -0.09491450584638872, "params": {"eta": 0.9703258074412128, "max_depth": 13.614216938607857, "n_estimators": 34.703498521926335}, "datetime": {"datetime": "2021-09-24 12:20:08", "elapsed": 530.602074, "delta": 2.878688}}
{"target": 0.3753180477873208, "params": {"eta": 0.16456583084618312, "max_depth": 3.950225672719576, "n_estimators": 30.329638019622955}, "datetime": {"datetime": "2021-09-24 12:20:09", "elapsed": 532.139997, "delta": 1.537923}}
{"target": 0.35976628345169126, "params": {"eta": 0.16509608800179176, "max_depth": 8.132229158545258, "n_estimators": 34.40273754498339}, "datetime": {"datetime": "2021-09-24 12:20:12", "elapsed": 534.97648, "delta": 2.836483}}
{"target": 0.15065656373897685, "params": {"eta": 0.9149076652656921, "max_depth": 2.293578610993499, "n_estimators": 22.762881981233612}, "datetime": {"datetime": "2021-09-24 12:20:15", "elapsed": 537.880559, "delta": 2.904079}}
{"target": -0.039194759244529864, "params": {"eta": 0.9541070461345709, "max_depth": 12.618908175075783, "n_estimators": 32.255710101184945}, "datetime": {"datetime": "2021-09-24 12:20:19", "elapsed": 541.849703, "delta": 3.969144}}
{"target": 0.37948348624488093, "params": {"eta": 0.9090452569718196, "max_depth": 1.4203587751230802, "n_estimators": 22.239959254631856}, "datetime": {"datetime": "2021-09-24 12:20:21", "elapsed": 543.563314, "delta": 1.713611}}
