{"target": 0.3201400997915329, "params": {"eta": 0.3506099643274924, "max_depth": 11.50871450539371, "n_estimators": 13.391369440540835}, "datetime": {"datetime": "2021-09-24 12:40:53", "elapsed": 47.851635, "delta": 0.559367}}
{"target": 0.326053917948367, "params": {"eta": 0.4, "max_depth": 12.450467723899962, "n_estimators": 29.010903242348263}, "datetime": {"datetime": "2021-09-24 12:40:53", "elapsed": 48.542163, "delta": 0.690528}}
{"target": 0.2580789199721274, "params": {"eta": 0.39310346901853455, "max_depth": 18.07377474083249, "n_estimators": 37.679532385612085}, "datetime": {"datetime": "2021-09-24 12:40:54", "elapsed": 49.492166, "delta": 0.950003}}
{"target": 0.2886464295939484, "params": {"eta": 0.4, "max_depth": 7.0, "n_estimators": 8.206552624163868}, "datetime": {"datetime": "2021-09-24 12:40:55", "elapsed": 49.937828, "delta": 0.445662}}
{"target": 0.17261494864300775, "params": {"eta": 0.0791596033613936, "max_depth": 19.90017239558258, "n_estimators": 21.103524038065775}, "datetime": {"datetime": "2021-09-24 12:40:55", "elapsed": 50.532863, "delta": 0.595035}}
{"target": 0.340526221415247, "params": {"eta": 0.36368638077690396, "max_depth": 15.101928975203428, "n_estimators": 37.98872362490253}, "datetime": {"datetime": "2021-09-24 12:40:56", "elapsed": 51.417863, "delta": 0.885}}
{"target": 0.2892531551296843, "params": {"eta": 0.35581599720714696, "max_depth": 15.586731128705825, "n_estimators": 12.951613120346291}, "datetime": {"datetime": "2021-09-24 12:40:57", "elapsed": 52.026497, "delta": 0.608634}}
{"target": 0.36855714033926634, "params": {"eta": 0.10819911128893023, "max_depth": 17.716477933796234, "n_estimators": 44.27277710906836}, "datetime": {"datetime": "2021-09-24 12:40:58", "elapsed": 52.931033, "delta": 0.904536}}
{"target": 0.3123951032936023, "params": {"eta": 0.23156265660038378, "max_depth": 19.993948701158217, "n_estimators": 14.087113226501316}, "datetime": {"datetime": "2021-09-24 12:40:58", "elapsed": 53.515036, "delta": 0.584003}}
{"target": 0.3236842110814371, "params": {"eta": 0.21149959278893804, "max_depth": 17.660361787115047, "n_estimators": 15.851168158935128}, "datetime": {"datetime": "2021-09-24 12:40:59", "elapsed": 54.189915, "delta": 0.674879}}
{"target": 0.31607110221814927, "params": {"eta": 0.4, "max_depth": 9.173039559913098, "n_estimators": 44.8502182649554}, "datetime": {"datetime": "2021-09-24 12:41:00", "elapsed": 54.901915, "delta": 0.712}}
{"target": 0.16174758962026092, "params": {"eta": 0.04, "max_depth": 14.727969187542158, "n_estimators": 41.12087209098286}, "datetime": {"datetime": "2021-09-24 12:41:01", "elapsed": 55.673913, "delta": 0.771998}}
{"target": 0.31794131027038, "params": {"eta": 0.4, "max_depth": 15.326864404910776, "n_estimators": 47.83214091689112}, "datetime": {"datetime": "2021-09-24 12:41:01", "elapsed": 56.506157, "delta": 0.832244}}
{"target": 0.3157465553302239, "params": {"eta": 0.38584179025599175, "max_depth": 9.070285114129067, "n_estimators": 29.437263822394392}, "datetime": {"datetime": "2021-09-24 12:41:02", "elapsed": 57.270157, "delta": 0.764}}
{"target": 0.31606727799215406, "params": {"eta": 0.4, "max_depth": 9.016307932312037, "n_estimators": 50.0}, "datetime": {"datetime": "2021-09-24 12:41:03", "elapsed": 58.097574, "delta": 0.827417}}
{"target": -0.5141619153752071, "params": {"eta": 0.04280238817468829, "max_depth": 8.21787421624007, "n_estimators": 19.63032215001137}, "datetime": {"datetime": "2021-09-24 12:41:04", "elapsed": 58.668782, "delta": 0.571208}}
{"target": 0.265903686313386, "params": {"eta": 0.34202593361222733, "max_depth": 14.375343611805562, "n_estimators": 34.521911604739174}, "datetime": {"datetime": "2021-09-24 12:41:04", "elapsed": 59.446118, "delta": 0.777336}}
{"target": 0.31792099572296106, "params": {"eta": 0.4, "max_depth": 15.0183096019308, "n_estimators": 29.503192869452658}, "datetime": {"datetime": "2021-09-24 12:41:05", "elapsed": 60.334954, "delta": 0.888836}}
{"target": 0.3621575960577049, "params": {"eta": 0.314214771815954, "max_depth": 16.911109081164668, "n_estimators": 21.617774171513354}, "datetime": {"datetime": "2021-09-24 12:41:06", "elapsed": 61.279059, "delta": 0.944105}}
{"target": 0.3366781255902743, "params": {"eta": 0.4, "max_depth": 17.979960825795608, "n_estimators": 30.738421774217176}, "datetime": {"datetime": "2021-09-24 12:41:07", "elapsed": 62.330503, "delta": 1.051444}}
{"target": 0.21680512125402518, "params": {"eta": 0.04884580813953401, "max_depth": 8.146266647985744, "n_estimators": 38.95371772345108}, "datetime": {"datetime": "2021-09-24 12:41:08", "elapsed": 63.03848, "delta": 0.707977}}
{"target": 0.292743313208935, "params": {"eta": 0.14979227789882238, "max_depth": 19.960232969109363, "n_estimators": 42.31207646759497}, "datetime": {"datetime": "2021-09-24 12:41:09", "elapsed": 63.818604, "delta": 0.780124}}
{"target": 0.18268578998999052, "params": {"eta": 0.043682121000974065, "max_depth": 11.846857501289458, "n_estimators": 38.540631800519115}, "datetime": {"datetime": "2021-09-24 12:41:10", "elapsed": 64.894065, "delta": 1.075461}}
{"target": 0.326114805738386, "params": {"eta": 0.4, "max_depth": 12.164085167350882, "n_estimators": 41.66150702889742}, "datetime": {"datetime": "2021-09-24 12:41:11", "elapsed": 65.727066, "delta": 0.833001}}
{"target": 0.33013048514166154, "params": {"eta": 0.4, "max_depth": 13.318117636784047, "n_estimators": 20.99057835910665}, "datetime": {"datetime": "2021-09-24 12:41:11", "elapsed": 66.476587, "delta": 0.749521}}
{"target": 0.2695685502690288, "params": {"eta": 0.36528354188566836, "max_depth": 16.059614842802013, "n_estimators": 14.811150862784983}, "datetime": {"datetime": "2021-09-24 12:41:12", "elapsed": 67.200587, "delta": 0.724}}
{"target": 0.27157099793900696, "params": {"eta": 0.18420292261032573, "max_depth": 7.015821421883403, "n_estimators": 12.94838990313052}, "datetime": {"datetime": "2021-09-24 12:41:13", "elapsed": 67.986203, "delta": 0.785616}}
{"target": 0.19439471205716663, "params": {"eta": 0.3861690468429189, "max_depth": 8.190588091723512, "n_estimators": 36.427748086420436}, "datetime": {"datetime": "2021-09-24 12:41:14", "elapsed": 68.790872, "delta": 0.804669}}
{"target": 0.2983975433325545, "params": {"eta": 0.39728698303465076, "max_depth": 9.402839362150218, "n_estimators": 32.294646658117216}, "datetime": {"datetime": "2021-09-24 12:41:14", "elapsed": 69.57698, "delta": 0.786108}}
{"target": -0.4104462170865817, "params": {"eta": 0.04, "max_depth": 10.76365629124538, "n_estimators": 22.402425668291976}, "datetime": {"datetime": "2021-09-24 12:41:15", "elapsed": 70.323745, "delta": 0.746765}}
{"target": 0.15177633562173287, "params": {"eta": 0.07087951610753646, "max_depth": 13.7147516412981, "n_estimators": 24.024539263070082}, "datetime": {"datetime": "2021-09-24 12:41:16", "elapsed": 71.031745, "delta": 0.708}}
{"target": 0.35298033136452667, "params": {"eta": 0.3542213712749181, "max_depth": 9.087618638270996, "n_estimators": 25.79334042307809}, "datetime": {"datetime": "2021-09-24 12:41:17", "elapsed": 71.691748, "delta": 0.660003}}
{"target": -0.2669611873922362, "params": {"eta": 0.05848953851191113, "max_depth": 18.971376311291927, "n_estimators": 17.512247999885474}, "datetime": {"datetime": "2021-09-24 12:41:17", "elapsed": 72.485955, "delta": 0.794207}}
{"target": 0.3371522080537719, "params": {"eta": 0.4, "max_depth": 18.505960909542267, "n_estimators": 48.14988487881467}, "datetime": {"datetime": "2021-09-24 12:41:18", "elapsed": 73.523956, "delta": 1.038001}}
{"target": 0.3448744921367789, "params": {"eta": 0.4, "max_depth": 17.53961706728413, "n_estimators": 7.073271309056078}, "datetime": {"datetime": "2021-09-24 12:41:19", "elapsed": 74.098223, "delta": 0.574267}}
{"target": -1.2778326118331522, "params": {"eta": 0.4, "max_depth": 11.507630069000601, "n_estimators": 1.0}, "datetime": {"datetime": "2021-09-24 12:41:20", "elapsed": 74.732585, "delta": 0.634362}}
{"target": 0.2612677556045714, "params": {"eta": 0.39508087910661127, "max_depth": 8.138027730508972, "n_estimators": 22.51414762646588}, "datetime": {"datetime": "2021-09-24 12:41:20", "elapsed": 75.557582, "delta": 0.824997}}
{"target": 0.2974333543918457, "params": {"eta": 0.3285029287432645, "max_depth": 18.28556828236016, "n_estimators": 22.60769532772227}, "datetime": {"datetime": "2021-09-24 12:41:21", "elapsed": 76.232514, "delta": 0.674932}}
{"target": -0.8589704813815813, "params": {"eta": 0.04, "max_depth": 7.0, "n_estimators": 16.550696772132465}, "datetime": {"datetime": "2021-09-24 12:41:22", "elapsed": 76.934766, "delta": 0.702252}}
{"target": 0.30996286458526234, "params": {"eta": 0.34851245316695595, "max_depth": 15.714010018511086, "n_estimators": 6.308882265177467}, "datetime": {"datetime": "2021-09-24 12:41:22", "elapsed": 77.511765, "delta": 0.576999}}
{"target": 0.26344035915478226, "params": {"eta": 0.04479911310891006, "max_depth": 13.81121526288095, "n_estimators": 44.59052729718578}, "datetime": {"datetime": "2021-09-24 12:41:23", "elapsed": 78.384028, "delta": 0.872263}}
{"target": 0.32097298603933044, "params": {"eta": 0.4, "max_depth": 15.937527915926442, "n_estimators": 8.159214773140187}, "datetime": {"datetime": "2021-09-24 12:41:24", "elapsed": 79.046804, "delta": 0.662776}}
{"target": -1.6111950585319175, "params": {"eta": 0.04, "max_depth": 8.663214136545873, "n_estimators": 10.252572681646164}, "datetime": {"datetime": "2021-09-24 12:41:25", "elapsed": 79.650805, "delta": 0.604001}}
{"target": 0.30530242814583597, "params": {"eta": 0.3669196797435049, "max_depth": 11.15072223041253, "n_estimators": 32.981852965498405}, "datetime": {"datetime": "2021-09-24 12:41:25", "elapsed": 80.364967, "delta": 0.714162}}
{"target": 0.22534396769077825, "params": {"eta": 0.04, "max_depth": 11.804140102287604, "n_estimators": 47.39047926547226}, "datetime": {"datetime": "2021-09-24 12:41:26", "elapsed": 81.218968, "delta": 0.854001}}
{"target": 0.28004346425282634, "params": {"eta": 0.3857147709967059, "max_depth": 18.052769791718, "n_estimators": 40.36534774323875}, "datetime": {"datetime": "2021-09-24 12:41:27", "elapsed": 82.327727, "delta": 1.108759}}
{"target": 0.28501108162171374, "params": {"eta": 0.38387839516215516, "max_depth": 18.68013703750878, "n_estimators": 35.125335984956706}, "datetime": {"datetime": "2021-09-24 12:41:28", "elapsed": 83.241727, "delta": 0.914}}
{"target": 0.3242327350302948, "params": {"eta": 0.3697599461694341, "max_depth": 8.846425884474957, "n_estimators": 14.068575865776443}, "datetime": {"datetime": "2021-09-24 12:41:29", "elapsed": 83.877428, "delta": 0.635701}}
{"target": 0.3260566713904294, "params": {"eta": 0.4, "max_depth": 12.508264561649533, "n_estimators": 18.861099479868486}, "datetime": {"datetime": "2021-09-24 12:41:30", "elapsed": 84.680827, "delta": 0.803399}}
{"target": 0.3104702554678026, "params": {"eta": 0.3883571520077697, "max_depth": 11.508722030027442, "n_estimators": 36.2035529896231}, "datetime": {"datetime": "2021-09-24 12:41:30", "elapsed": 85.596829, "delta": 0.916002}}
{"target": -0.03876839311677949, "params": {"eta": 0.0454532559689836, "max_depth": 8.612338934905717, "n_estimators": 27.912207400433786}, "datetime": {"datetime": "2021-09-24 12:41:31", "elapsed": 86.26567, "delta": 0.668841}}
{"target": 0.24804269130396073, "params": {"eta": 0.4, "max_depth": 8.939487099160411, "n_estimators": 41.941332818452565}, "datetime": {"datetime": "2021-09-24 12:41:32", "elapsed": 87.10267, "delta": 0.837}}
{"target": 0.3307581146483537, "params": {"eta": 0.4, "max_depth": 13.336617517971812, "n_estimators": 50.0}, "datetime": {"datetime": "2021-09-24 12:41:33", "elapsed": 88.358549, "delta": 1.255879}}
{"target": 0.37752142501858177, "params": {"eta": 0.13311221646528706, "max_depth": 10.751707035933403, "n_estimators": 29.109725309316595}, "datetime": {"datetime": "2021-09-24 12:41:34", "elapsed": 89.197773, "delta": 0.839224}}
{"target": 0.2935896743136318, "params": {"eta": 0.3660073693318744, "max_depth": 18.622786994740924, "n_estimators": 14.803488728950402}, "datetime": {"datetime": "2021-09-24 12:41:35", "elapsed": 90.002771, "delta": 0.804998}}
{"target": 0.3753215162652269, "params": {"eta": 0.3740923993105417, "max_depth": 11.945852997339287, "n_estimators": 27.33025268733572}, "datetime": {"datetime": "2021-09-24 12:41:36", "elapsed": 90.741092, "delta": 0.738321}}
{"target": 0.329377936196496, "params": {"eta": 0.4, "max_depth": 13.20036932287549, "n_estimators": 16.393152733916626}, "datetime": {"datetime": "2021-09-24 12:41:36", "elapsed": 91.48009, "delta": 0.738998}}
{"target": 0.2937502735227301, "params": {"eta": 0.4, "max_depth": 7.0, "n_estimators": 6.455557617772837}, "datetime": {"datetime": "2021-09-24 12:41:37", "elapsed": 92.324951, "delta": 0.844861}}
{"target": 0.3697146160866599, "params": {"eta": 0.27210244099506814, "max_depth": 10.375192628492904, "n_estimators": 25.630415419442915}, "datetime": {"datetime": "2021-09-24 12:41:38", "elapsed": 93.168288, "delta": 0.843337}}
{"target": 0.33263476338736075, "params": {"eta": 0.4, "max_depth": 14.258518704963036, "n_estimators": 36.16748320608716}, "datetime": {"datetime": "2021-09-24 12:41:39", "elapsed": 94.173142, "delta": 1.004854}}
{"target": 0.33690752591104534, "params": {"eta": 0.4, "max_depth": 20.0, "n_estimators": 28.941299490401658}, "datetime": {"datetime": "2021-09-24 12:41:40", "elapsed": 95.148565, "delta": 0.975423}}
{"target": 0.2952140340767999, "params": {"eta": 0.3910296184593971, "max_depth": 9.965587349119456, "n_estimators": 48.527507722174796}, "datetime": {"datetime": "2021-09-24 12:41:41", "elapsed": 96.169434, "delta": 1.020869}}
{"target": 0.3480939293543823, "params": {"eta": 0.39864437446516116, "max_depth": 10.438388452592758, "n_estimators": 12.720298392912568}, "datetime": {"datetime": "2021-09-24 12:41:42", "elapsed": 96.865993, "delta": 0.696559}}
{"target": 0.050382406905245536, "params": {"eta": 0.04, "max_depth": 20.0, "n_estimators": 34.5277270197489}, "datetime": {"datetime": "2021-09-24 12:41:43", "elapsed": 97.717994, "delta": 0.852001}}
{"target": 0.31160263090359064, "params": {"eta": 0.385354075279162, "max_depth": 19.953290898325022, "n_estimators": 31.702257895451744}, "datetime": {"datetime": "2021-09-24 12:41:43", "elapsed": 98.634769, "delta": 0.916775}}
{"target": 0.3704952711718317, "params": {"eta": 0.3125584005253229, "max_depth": 12.387066405888586, "n_estimators": 12.17650344351286}, "datetime": {"datetime": "2021-09-24 12:41:44", "elapsed": 99.50219, "delta": 0.867421}}
{"target": 0.11161334884355201, "params": {"eta": 0.04, "max_depth": 20.0, "n_estimators": 37.42397513059282}, "datetime": {"datetime": "2021-09-24 12:41:45", "elapsed": 100.369199, "delta": 0.867009}}
{"target": 0.2743755941997471, "params": {"eta": 0.3795161559204845, "max_depth": 18.529123530684988, "n_estimators": 45.564902881219986}, "datetime": {"datetime": "2021-09-24 12:41:47", "elapsed": 101.753199, "delta": 1.384}}
{"target": 0.3303976185608005, "params": {"eta": 0.07631095166968709, "max_depth": 16.671018534172557, "n_estimators": 48.76151918034277}, "datetime": {"datetime": "2021-09-24 12:41:48", "elapsed": 103.209826, "delta": 1.456627}}
{"target": 0.3345838366460351, "params": {"eta": 0.4, "max_depth": 14.484515436386408, "n_estimators": 10.984966747225196}, "datetime": {"datetime": "2021-09-24 12:41:49", "elapsed": 104.041126, "delta": 0.8313}}
{"target": -2.148415793437942, "params": {"eta": 0.04, "max_depth": 19.09943258093781, "n_estimators": 7.716734324540412}, "datetime": {"datetime": "2021-09-24 12:41:50", "elapsed": 105.03444, "delta": 0.993314}}
{"target": 0.2362205245620309, "params": {"eta": 0.35153532200107207, "max_depth": 19.784238358844654, "n_estimators": 5.233575916729865}, "datetime": {"datetime": "2021-09-24 12:41:51", "elapsed": 105.73944, "delta": 0.705}}
{"target": 0.2422301634768178, "params": {"eta": 0.3540840394624042, "max_depth": 17.158181829848253, "n_estimators": 5.485710725042722}, "datetime": {"datetime": "2021-09-24 12:41:51", "elapsed": 106.447646, "delta": 0.708206}}
{"target": 0.23804626638166482, "params": {"eta": 0.4, "max_depth": 13.520809504650709, "n_estimators": 4.827785600704921}, "datetime": {"datetime": "2021-09-24 12:41:52", "elapsed": 107.269647, "delta": 0.822001}}
{"target": 0.20770826600479242, "params": {"eta": 0.04422890018788296, "max_depth": 17.036290460866894, "n_estimators": 41.70728423206669}, "datetime": {"datetime": "2021-09-24 12:41:53", "elapsed": 108.465592, "delta": 1.195945}}
{"target": 0.29945879003352116, "params": {"eta": 0.38743803415799405, "max_depth": 15.648686590429643, "n_estimators": 24.404100463269017}, "datetime": {"datetime": "2021-09-24 12:41:55", "elapsed": 109.65715, "delta": 1.191558}}
{"target": -0.06032159088985822, "params": {"eta": 0.08562752954376504, "max_depth": 12.643861591799407, "n_estimators": 14.433723125311952}, "datetime": {"datetime": "2021-09-24 12:41:55", "elapsed": 110.464656, "delta": 0.807506}}
{"target": 0.3179297853350824, "params": {"eta": 0.4, "max_depth": 15.402615746569827, "n_estimators": 32.94375279520417}, "datetime": {"datetime": "2021-09-24 12:41:56", "elapsed": 111.511656, "delta": 1.047}}
{"target": 0.21881302554572468, "params": {"eta": 0.04, "max_depth": 8.571509020277501, "n_estimators": 46.34849785269125}, "datetime": {"datetime": "2021-09-24 12:41:57", "elapsed": 112.501557, "delta": 0.989901}}
{"target": 0.3530705318823365, "params": {"eta": 0.17669381551899965, "max_depth": 13.79373181612241, "n_estimators": 38.496062280729326}, "datetime": {"datetime": "2021-09-24 12:41:58", "elapsed": 113.465558, "delta": 0.964001}}
{"target": 0.3461767461137545, "params": {"eta": 0.09824744662743154, "max_depth": 15.227295928923565, "n_estimators": 46.28979445919226}, "datetime": {"datetime": "2021-09-24 12:41:59", "elapsed": 114.424106, "delta": 0.958548}}
{"target": -1.9165867402393322, "params": {"eta": 0.054125057461608006, "max_depth": 16.73999994264114, "n_estimators": 6.836540199656887}, "datetime": {"datetime": "2021-09-24 12:42:00", "elapsed": 115.200378, "delta": 0.776272}}
{"target": 0.3421190146439381, "params": {"eta": 0.08865057483053831, "max_depth": 10.97761661471414, "n_estimators": 46.334366189031655}, "datetime": {"datetime": "2021-09-24 12:42:01", "elapsed": 115.996379, "delta": 0.796001}}
{"target": 0.34549419987510654, "params": {"eta": 0.2978077605278352, "max_depth": 12.209113040846276, "n_estimators": 15.746139728309293}, "datetime": {"datetime": "2021-09-24 12:42:02", "elapsed": 116.675973, "delta": 0.679594}}
{"target": 0.36253238626838113, "params": {"eta": 0.21614996863417688, "max_depth": 7.548069724185553, "n_estimators": 30.176695645925623}, "datetime": {"datetime": "2021-09-24 12:42:02", "elapsed": 117.445973, "delta": 0.77}}
{"target": 0.2822488757336771, "params": {"eta": 0.29155999829287593, "max_depth": 10.990824514834376, "n_estimators": 7.403696138821303}, "datetime": {"datetime": "2021-09-24 12:42:03", "elapsed": 118.040972, "delta": 0.594999}}
{"target": 0.30324965299008855, "params": {"eta": 0.21970923611060383, "max_depth": 9.830794454785678, "n_estimators": 13.42826427782798}, "datetime": {"datetime": "2021-09-24 12:42:04", "elapsed": 118.731219, "delta": 0.690247}}
{"target": 0.27355311679132976, "params": {"eta": 0.18626115416766692, "max_depth": 15.019010717148465, "n_estimators": 14.713514455367438}, "datetime": {"datetime": "2021-09-24 12:42:04", "elapsed": 119.592368, "delta": 0.861149}}
{"target": 0.34403849961927535, "params": {"eta": 0.13238857936829476, "max_depth": 15.995201885488102, "n_estimators": 37.04278906467972}, "datetime": {"datetime": "2021-09-24 12:42:05", "elapsed": 120.600211, "delta": 1.007843}}
{"target": 0.3344498673074453, "params": {"eta": 0.12435176296135991, "max_depth": 10.046328204761064, "n_estimators": 32.51849844186444}, "datetime": {"datetime": "2021-09-24 12:42:06", "elapsed": 121.446211, "delta": 0.846}}
{"target": 0.29726222959623694, "params": {"eta": 0.3972584149939253, "max_depth": 9.502726980401192, "n_estimators": 26.83920948119543}, "datetime": {"datetime": "2021-09-24 12:42:07", "elapsed": 122.137209, "delta": 0.690998}}
{"target": 0.30365647102277304, "params": {"eta": 0.2533693098708186, "max_depth": 17.74991186064588, "n_estimators": 17.334114742437553}, "datetime": {"datetime": "2021-09-24 12:42:08", "elapsed": 122.944401, "delta": 0.807192}}
{"target": 0.21810453950273223, "params": {"eta": 0.26102865550174853, "max_depth": 10.03476103332792, "n_estimators": 7.694253645945887}, "datetime": {"datetime": "2021-09-24 12:42:08", "elapsed": 123.600403, "delta": 0.656002}}
{"target": 0.3372952635633921, "params": {"eta": 0.17846732804845963, "max_depth": 11.016883994170101, "n_estimators": 13.512223918125864}, "datetime": {"datetime": "2021-09-24 12:42:09", "elapsed": 124.424515, "delta": 0.824112}}
{"target": 0.3894982628071867, "params": {"eta": 0.3321145670107402, "max_depth": 10.903781125409944, "n_estimators": 13.00920052467619}, "datetime": {"datetime": "2021-09-24 12:42:11", "elapsed": 125.651201, "delta": 1.226686}}
{"target": 0.35111749306221296, "params": {"eta": 0.2152134860629642, "max_depth": 17.834808112894976, "n_estimators": 48.90728663646779}, "datetime": {"datetime": "2021-09-24 12:42:12", "elapsed": 126.795833, "delta": 1.144632}}
{"target": 0.32908288506878736, "params": {"eta": 0.3454750565952394, "max_depth": 8.919225657919869, "n_estimators": 24.279243031155037}, "datetime": {"datetime": "2021-09-24 12:42:12", "elapsed": 127.501837, "delta": 0.706004}}
{"target": 0.33284205921832144, "params": {"eta": 0.2992154313139625, "max_depth": 12.03770342032217, "n_estimators": 27.357503051338075}, "datetime": {"datetime": "2021-09-24 12:42:13", "elapsed": 128.49565, "delta": 0.993813}}
