{"target": -47.83501440062559, "params": {"eta": 0.20539343004068553, "max_depth": 33.3508472924839, "n_estimators": 249.52992608570764}, "datetime": {"datetime": "2021-09-24 16:58:37", "elapsed": 149.930352, "delta": 1.35909}}
{"target": -46.9134348532311, "params": {"eta": 0.2690471471393211, "max_depth": 38.38527801251411, "n_estimators": 242.90277978520027}, "datetime": {"datetime": "2021-09-24 16:58:38", "elapsed": 151.138173, "delta": 1.207821}}
{"target": -44.07505299274187, "params": {"eta": 0.04386775164187718, "max_depth": 2.9338398526296223, "n_estimators": 201.61437411842405}, "datetime": {"datetime": "2021-09-24 16:58:38", "elapsed": 151.778057, "delta": 0.639884}}
{"target": -44.33202947172007, "params": {"eta": 0.15452710869569367, "max_depth": 1.4167776579141105, "n_estimators": 207.78775721691528}, "datetime": {"datetime": "2021-09-24 16:58:39", "elapsed": 152.377437, "delta": 0.59938}}
{"target": -47.259658211155944, "params": {"eta": 0.45115198896367953, "max_depth": 40.93005808572486, "n_estimators": 233.45532290717233}, "datetime": {"datetime": "2021-09-24 16:58:40", "elapsed": 153.215435, "delta": 0.837998}}
{"target": -44.487716273257604, "params": {"eta": 0.03758586104069084, "max_depth": 33.9939801976738, "n_estimators": 243.3951800957726}, "datetime": {"datetime": "2021-09-24 16:58:43", "elapsed": 156.455358, "delta": 3.239923}}
{"target": -44.00106418580937, "params": {"eta": 0.044141200828261826, "max_depth": 2.481143965465219, "n_estimators": 201.49212131183552}, "datetime": {"datetime": "2021-09-24 16:58:44", "elapsed": 157.507943, "delta": 1.052585}}
{"target": -45.509011118035566, "params": {"eta": 0.032027468506484885, "max_depth": 13.582263665265682, "n_estimators": 239.8626365696096}, "datetime": {"datetime": "2021-09-24 16:58:47", "elapsed": 160.369305, "delta": 2.861362}}
{"target": -45.339506393088435, "params": {"eta": 0.0929464836051868, "max_depth": 33.923464532049906, "n_estimators": 243.3797705450408}, "datetime": {"datetime": "2021-09-24 16:58:50", "elapsed": 163.635458, "delta": 3.266153}}
{"target": -45.1865013380696, "params": {"eta": 0.10385056378044175, "max_depth": 2.549788646172292, "n_estimators": 201.4076434401565}, "datetime": {"datetime": "2021-09-24 16:58:51", "elapsed": 164.596177, "delta": 0.960719}}
{"target": -44.403543974223886, "params": {"eta": 0.16451473105916528, "max_depth": 1.3101232910512457, "n_estimators": 207.78532085574653}, "datetime": {"datetime": "2021-09-24 16:58:52", "elapsed": 165.443177, "delta": 0.847}}
{"target": -45.05228854301281, "params": {"eta": 0.0654170903408142, "max_depth": 18.327876831883813, "n_estimators": 219.31181832325183}, "datetime": {"datetime": "2021-09-24 16:58:55", "elapsed": 168.219221, "delta": 2.776044}}
{"target": -47.44254688750532, "params": {"eta": 0.3262150344206104, "max_depth": 11.0243904452344, "n_estimators": 232.92636823855761}, "datetime": {"datetime": "2021-09-24 16:58:56", "elapsed": 169.208919, "delta": 0.989698}}
{"target": -45.39596253588684, "params": {"eta": 0.018313922737146635, "max_depth": 1.4566822563992834, "n_estimators": 207.76067080981414}, "datetime": {"datetime": "2021-09-24 16:58:57", "elapsed": 170.0425, "delta": 0.833581}}
{"target": -47.01510493916676, "params": {"eta": 0.09630452164936171, "max_depth": 10.586982933773822, "n_estimators": 206.91527028889317}, "datetime": {"datetime": "2021-09-24 16:58:58", "elapsed": 171.788946, "delta": 1.746446}}
{"target": -54.15471140065588, "params": {"eta": 0.45306004163797925, "max_depth": 3.631534867682524, "n_estimators": 206.69403198322172}, "datetime": {"datetime": "2021-09-24 16:58:59", "elapsed": 172.498679, "delta": 0.709733}}
{"target": -44.61473677212134, "params": {"eta": 0.17469373880515904, "max_depth": 1.2963770462165078, "n_estimators": 207.57926789455428}, "datetime": {"datetime": "2021-09-24 16:59:00", "elapsed": 173.239819, "delta": 0.74114}}
{"target": -47.473218329867024, "params": {"eta": 0.22655691510371917, "max_depth": 33.17196330402969, "n_estimators": 249.80528650062143}, "datetime": {"datetime": "2021-09-24 16:59:01", "elapsed": 174.547663, "delta": 1.307844}}
{"target": -44.62845387853178, "params": {"eta": 0.2129866279657406, "max_depth": 1.6692066871580125, "n_estimators": 207.79528233642048}, "datetime": {"datetime": "2021-09-24 16:59:02", "elapsed": 175.354792, "delta": 0.807129}}
{"target": -45.43387400118032, "params": {"eta": 0.1659386454834368, "max_depth": 34.19053146302705, "n_estimators": 243.305827121935}, "datetime": {"datetime": "2021-09-24 16:59:04", "elapsed": 177.319089, "delta": 1.964297}}
{"target": -49.26115243954766, "params": {"eta": 0.28782037953697187, "max_depth": 15.735968163452172, "n_estimators": 222.09459216731983}, "datetime": {"datetime": "2021-09-24 16:59:05", "elapsed": 178.51051, "delta": 1.191421}}
{"target": -44.791898254165076, "params": {"eta": 0.23616330592661483, "max_depth": 1.3466563045984872, "n_estimators": 207.37861886823768}, "datetime": {"datetime": "2021-09-24 16:59:06", "elapsed": 179.653791, "delta": 1.143281}}
{"target": -45.85669625074343, "params": {"eta": 0.02972336504673353, "max_depth": 18.307732205010232, "n_estimators": 219.35499391203115}, "datetime": {"datetime": "2021-09-24 16:59:09", "elapsed": 181.904862, "delta": 2.251071}}
{"target": -47.109188954632984, "params": {"eta": 0.1478306301830214, "max_depth": 2.353905335694174, "n_estimators": 201.61542739907983}, "datetime": {"datetime": "2021-09-24 16:59:10", "elapsed": 182.850829, "delta": 0.945967}}
{"target": -45.984626999475005, "params": {"eta": 0.14919994843464982, "max_depth": 33.08777574047403, "n_estimators": 249.50076192718473}, "datetime": {"datetime": "2021-09-24 16:59:12", "elapsed": 184.885275, "delta": 2.034446}}
{"target": -48.579626284147565, "params": {"eta": 0.1929180405329982, "max_depth": 3.0399863735149117, "n_estimators": 201.58316979895926}, "datetime": {"datetime": "2021-09-24 16:59:13", "elapsed": 185.883281, "delta": 0.998006}}
{"target": -45.911908314640364, "params": {"eta": 0.3782021473677983, "max_depth": 1.326228628428609, "n_estimators": 207.47348789165355}, "datetime": {"datetime": "2021-09-24 16:59:14", "elapsed": 186.921256, "delta": 1.037975}}
{"target": -44.51164586920487, "params": {"eta": 0.029833539940395892, "max_depth": 27.10436331358698, "n_estimators": 221.95084467223916}, "datetime": {"datetime": "2021-09-24 16:59:16", "elapsed": 189.203957, "delta": 2.282701}}
{"target": -46.33726495728457, "params": {"eta": 0.24389748069975897, "max_depth": 48.817121865658024, "n_estimators": 245.47556595906568}, "datetime": {"datetime": "2021-09-24 16:59:17", "elapsed": 190.670113, "delta": 1.466156}}
{"target": -44.525014719568695, "params": {"eta": 0.022102743613882182, "max_depth": 40.9739920268054, "n_estimators": 248.74501744078867}, "datetime": {"datetime": "2021-09-24 16:59:20", "elapsed": 192.999227, "delta": 2.329114}}
{"target": -47.24869956109757, "params": {"eta": 0.39160556316235856, "max_depth": 28.170390359396755, "n_estimators": 242.41058505316053}, "datetime": {"datetime": "2021-09-24 16:59:21", "elapsed": 194.015063, "delta": 1.015836}}
{"target": -44.232479095458984, "params": {"eta": 0.13958818972417272, "max_depth": 1.4012080102693587, "n_estimators": 207.39473499765973}, "datetime": {"datetime": "2021-09-24 16:59:22", "elapsed": 194.935175, "delta": 0.920112}}
{"target": -46.646925388422225, "params": {"eta": 0.04933018293307532, "max_depth": 15.355585232505423, "n_estimators": 215.40695972171747}, "datetime": {"datetime": "2021-09-24 16:59:24", "elapsed": 197.416852, "delta": 2.481677}}
{"target": -43.63544355119978, "params": {"eta": 0.06761964109823333, "max_depth": 1.351503864399442, "n_estimators": 207.76775878366348}, "datetime": {"datetime": "2021-09-24 16:59:25", "elapsed": 198.421851, "delta": 1.004999}}
{"target": -46.156540519312806, "params": {"eta": 0.20934677627989734, "max_depth": 36.96998758441683, "n_estimators": 205.2231890984703}, "datetime": {"datetime": "2021-09-24 16:59:26", "elapsed": 199.75585, "delta": 1.333999}}
{"target": -43.75630985346056, "params": {"eta": 0.04690693502786506, "max_depth": 1.4263352998628558, "n_estimators": 207.5047064280604}, "datetime": {"datetime": "2021-09-24 16:59:27", "elapsed": 200.573852, "delta": 0.818002}}
{"target": -44.86101683996674, "params": {"eta": 0.23844207784490426, "max_depth": 1.4638058245099579, "n_estimators": 207.63912427004132}, "datetime": {"datetime": "2021-09-24 16:59:28", "elapsed": 201.42326, "delta": 0.849408}}
{"target": -45.4618822255529, "params": {"eta": 0.01812412372263876, "max_depth": 1.22189698647687, "n_estimators": 207.51830805085478}, "datetime": {"datetime": "2021-09-24 16:59:29", "elapsed": 202.379706, "delta": 0.956446}}
{"target": -46.35856054779282, "params": {"eta": 0.21065106303532974, "max_depth": 42.52365927968211, "n_estimators": 226.71589420647888}, "datetime": {"datetime": "2021-09-24 16:59:31", "elapsed": 203.875683, "delta": 1.495977}}
{"target": -44.50392205374582, "params": {"eta": 0.21715250872598676, "max_depth": 1.148862124031662, "n_estimators": 207.29261384345804}, "datetime": {"datetime": "2021-09-24 16:59:31", "elapsed": 204.826601, "delta": 0.950918}}
{"target": -48.265431511671025, "params": {"eta": 0.2692625623396418, "max_depth": 7.932907753287669, "n_estimators": 246.45767524770224}, "datetime": {"datetime": "2021-09-24 16:59:33", "elapsed": 205.969752, "delta": 1.143151}}
{"target": -47.77962238627269, "params": {"eta": 0.19239332599352818, "max_depth": 27.18131966620296, "n_estimators": 221.95455440445213}, "datetime": {"datetime": "2021-09-24 16:59:34", "elapsed": 207.74692, "delta": 1.777168}}
{"target": -46.69574333133554, "params": {"eta": 0.29596417450327894, "max_depth": 27.368143194966933, "n_estimators": 210.54183052963486}, "datetime": {"datetime": "2021-09-24 16:59:36", "elapsed": 208.896536, "delta": 1.149616}}
{"target": -44.24932390944402, "params": {"eta": 0.12453137189200225, "max_depth": 1.6475707390429224, "n_estimators": 207.52009491019137}, "datetime": {"datetime": "2021-09-24 16:59:37", "elapsed": 210.011535, "delta": 1.114999}}
{"target": -44.68069240025112, "params": {"eta": 0.018139577995815365, "max_depth": 33.0221452207437, "n_estimators": 249.67274620250117}, "datetime": {"datetime": "2021-09-24 16:59:39", "elapsed": 212.63563, "delta": 2.624095}}
{"target": -47.0883605211301, "params": {"eta": 0.011053542769803732, "max_depth": 38.70950261936372, "n_estimators": 203.1999240383393}, "datetime": {"datetime": "2021-09-24 16:59:41", "elapsed": 214.765633, "delta": 2.130003}}
{"target": -43.81300158966753, "params": {"eta": 0.07111420020983748, "max_depth": 1.627129793504201, "n_estimators": 207.67734616348434}, "datetime": {"datetime": "2021-09-24 16:59:42", "elapsed": 215.769631, "delta": 1.003998}}
{"target": -47.84931674756502, "params": {"eta": 0.15287947957468104, "max_depth": 2.8140180546241473, "n_estimators": 201.44993884018317}, "datetime": {"datetime": "2021-09-24 16:59:44", "elapsed": 216.908736, "delta": 1.139105}}
{"target": -45.74105680078492, "params": {"eta": 0.08521502538903802, "max_depth": 26.976531325098378, "n_estimators": 222.10018118174403}, "datetime": {"datetime": "2021-09-24 16:59:46", "elapsed": 219.477229, "delta": 2.568493}}
{"target": -46.94568132099352, "params": {"eta": 0.21100835480134372, "max_depth": 21.22643981166826, "n_estimators": 200.21009776045105}, "datetime": {"datetime": "2021-09-24 16:59:48", "elapsed": 221.356463, "delta": 1.879234}}
{"target": -51.2400612508444, "params": {"eta": 0.4701986142276072, "max_depth": 9.650997899868232, "n_estimators": 211.8681767306683}, "datetime": {"datetime": "2021-09-24 16:59:49", "elapsed": 222.390718, "delta": 1.034255}}
{"target": -44.87248654473097, "params": {"eta": 0.23458366370016745, "max_depth": 41.23062183700215, "n_estimators": 214.93581830168907}, "datetime": {"datetime": "2021-09-24 16:59:50", "elapsed": 223.784016, "delta": 1.393298}}
{"target": -47.23349452198, "params": {"eta": 0.22008001961363652, "max_depth": 37.35217736152981, "n_estimators": 244.6240239029192}, "datetime": {"datetime": "2021-09-24 16:59:52", "elapsed": 225.264226, "delta": 1.48021}}
{"target": -43.96167141333559, "params": {"eta": 0.03620824230435025, "max_depth": 1.5284777643705723, "n_estimators": 207.56815666633457}, "datetime": {"datetime": "2021-09-24 16:59:53", "elapsed": 226.639922, "delta": 1.375696}}
{"target": -45.04411866611108, "params": {"eta": 0.24803641201585622, "max_depth": 1.4238419115344239, "n_estimators": 207.20715966234766}, "datetime": {"datetime": "2021-09-24 16:59:54", "elapsed": 227.651126, "delta": 1.011204}}
{"target": -44.070104756749664, "params": {"eta": 0.12310640128723575, "max_depth": 1.6058803918037614, "n_estimators": 207.33107666963852}, "datetime": {"datetime": "2021-09-24 16:59:55", "elapsed": 228.709837, "delta": 1.058711}}
{"target": -44.54899281666691, "params": {"eta": 0.026908337115534087, "max_depth": 1.4679769986069433, "n_estimators": 207.37456058684683}, "datetime": {"datetime": "2021-09-24 16:59:56", "elapsed": 229.730436, "delta": 1.020599}}
{"target": -44.86563144769884, "params": {"eta": 0.20966570995455794, "max_depth": 1.5026750362165988, "n_estimators": 207.45738879063202}, "datetime": {"datetime": "2021-09-24 16:59:58", "elapsed": 231.121431, "delta": 1.390995}}
{"target": -44.66646813987789, "params": {"eta": 0.22424864601660396, "max_depth": 1.6317570287424388, "n_estimators": 207.21018626054686}, "datetime": {"datetime": "2021-09-24 16:59:59", "elapsed": 232.105016, "delta": 0.983585}}
{"target": -46.954334402442875, "params": {"eta": 0.12922742021350453, "max_depth": 21.45146645841536, "n_estimators": 234.18361685855882}, "datetime": {"datetime": "2021-09-24 17:00:01", "elapsed": 234.593791, "delta": 2.488775}}
{"target": -44.220841658742806, "params": {"eta": 0.03160407199355343, "max_depth": 1.7553966605540139, "n_estimators": 207.41737276571155}, "datetime": {"datetime": "2021-09-24 17:00:03", "elapsed": 235.888809, "delta": 1.295018}}
{"target": -48.511684073541396, "params": {"eta": 0.36090500738510906, "max_depth": 20.634349153959043, "n_estimators": 215.04708135541765}, "datetime": {"datetime": "2021-09-24 17:00:04", "elapsed": 237.08337, "delta": 1.194561}}
{"target": -45.898963067764626, "params": {"eta": 0.3112819666379153, "max_depth": 1.646759654028354, "n_estimators": 207.39047842156083}, "datetime": {"datetime": "2021-09-24 17:00:05", "elapsed": 238.371778, "delta": 1.288408}}
{"target": -46.08621333416243, "params": {"eta": 0.3524011087875255, "max_depth": 16.042338555914192, "n_estimators": 206.5343838151238}, "datetime": {"datetime": "2021-09-24 17:00:06", "elapsed": 239.582537, "delta": 1.210759}}
{"target": -47.42926128645588, "params": {"eta": 0.25460423803943294, "max_depth": 11.669917560346015, "n_estimators": 212.68190232431425}, "datetime": {"datetime": "2021-09-24 17:00:08", "elapsed": 241.035164, "delta": 1.452627}}
{"target": -44.66341282550554, "params": {"eta": 0.17096469776812803, "max_depth": 1.1128028685349913, "n_estimators": 207.4338665239318}, "datetime": {"datetime": "2021-09-24 17:00:09", "elapsed": 242.22214, "delta": 1.186976}}
{"target": -47.61714160890507, "params": {"eta": 0.13575112191795677, "max_depth": 34.90499172222438, "n_estimators": 236.7783561884487}, "datetime": {"datetime": "2021-09-24 17:00:11", "elapsed": 244.341287, "delta": 2.119147}}
{"target": -46.57141543510265, "params": {"eta": 0.12481212180851763, "max_depth": 12.482314002560935, "n_estimators": 232.1617331039433}, "datetime": {"datetime": "2021-09-24 17:00:13", "elapsed": 246.096062, "delta": 1.754775}}
{"target": -44.218906746771104, "params": {"eta": 0.13786967337694456, "max_depth": 1.5417285594316017, "n_estimators": 207.19118338398036}, "datetime": {"datetime": "2021-09-24 17:00:14", "elapsed": 247.160128, "delta": 1.064066}}
{"target": -46.105893099218385, "params": {"eta": 0.3004193384352809, "max_depth": 41.518898551665245, "n_estimators": 216.66746402289547}, "datetime": {"datetime": "2021-09-24 17:00:15", "elapsed": 248.388749, "delta": 1.228621}}
{"target": -45.14972336847979, "params": {"eta": 0.09835038966268711, "max_depth": 34.101952817038594, "n_estimators": 243.49663630477866}, "datetime": {"datetime": "2021-09-24 17:00:18", "elapsed": 251.484161, "delta": 3.095412}}
{"target": -43.84740387765985, "params": {"eta": 0.037155755430256315, "max_depth": 2.852332223816335, "n_estimators": 201.74489982523943}, "datetime": {"datetime": "2021-09-24 17:00:19", "elapsed": 252.621481, "delta": 1.13732}}
{"target": -48.51748742555317, "params": {"eta": 0.2113916110821765, "max_depth": 2.672690882034942, "n_estimators": 201.6920263621829}, "datetime": {"datetime": "2021-09-24 17:00:20", "elapsed": 253.647271, "delta": 1.02579}}
{"target": -48.60864490136168, "params": {"eta": 0.24848502269681236, "max_depth": 41.83889211783491, "n_estimators": 248.88498636374266}, "datetime": {"datetime": "2021-09-24 17:00:22", "elapsed": 255.137079, "delta": 1.489808}}
{"target": -47.718365834171614, "params": {"eta": 0.42578549369907587, "max_depth": 8.234004402928736, "n_estimators": 223.7543296236276}, "datetime": {"datetime": "2021-09-24 17:00:23", "elapsed": 256.560711, "delta": 1.423632}}
{"target": -44.57272195457516, "params": {"eta": 0.027032855069088403, "max_depth": 1.7378203524479743, "n_estimators": 207.23141032234338}, "datetime": {"datetime": "2021-09-24 17:00:24", "elapsed": 257.841509, "delta": 1.280798}}
{"target": -43.70214602821752, "params": {"eta": 0.082417326586814, "max_depth": 1.7461025432631079, "n_estimators": 207.8679689268743}, "datetime": {"datetime": "2021-09-24 17:00:26", "elapsed": 258.944877, "delta": 1.103368}}
{"target": -46.89653373660898, "params": {"eta": 0.18237436525068343, "max_depth": 12.391935715618862, "n_estimators": 206.54973521836683}, "datetime": {"datetime": "2021-09-24 17:00:27", "elapsed": 260.794621, "delta": 1.849744}}
{"target": -43.72402128061854, "params": {"eta": 0.05489645745142562, "max_depth": 1.600369831542893, "n_estimators": 208.0547262949797}, "datetime": {"datetime": "2021-09-24 17:00:29", "elapsed": 262.36667, "delta": 1.572049}}
{"target": -45.143452292994446, "params": {"eta": 0.2461097817575778, "max_depth": 1.7121592777348817, "n_estimators": 208.29002141075833}, "datetime": {"datetime": "2021-09-24 17:00:30", "elapsed": 263.503129, "delta": 1.136459}}
{"target": -43.675208988046286, "params": {"eta": 0.04587802860026714, "max_depth": 1.5052995100383852, "n_estimators": 208.17885890550053}, "datetime": {"datetime": "2021-09-24 17:00:31", "elapsed": 264.735006, "delta": 1.231877}}
{"target": -43.81917193419951, "params": {"eta": 0.04246994217737695, "max_depth": 1.8445670524925566, "n_estimators": 207.74404799358587}, "datetime": {"datetime": "2021-09-24 17:00:32", "elapsed": 265.84308, "delta": 1.108074}}
{"target": -44.89653978849712, "params": {"eta": 0.19391212931783844, "max_depth": 1.9465413403067995, "n_estimators": 207.66640897168435}, "datetime": {"datetime": "2021-09-24 17:00:33", "elapsed": 266.821091, "delta": 0.978011}}
{"target": -44.68245837562963, "params": {"eta": 0.17540477539352206, "max_depth": 1.8476656429258926, "n_estimators": 207.686909867727}, "datetime": {"datetime": "2021-09-24 17:00:34", "elapsed": 267.832909, "delta": 1.011818}}
{"target": -44.290425781020545, "params": {"eta": 0.15906919902303496, "max_depth": 1.843128198481119, "n_estimators": 207.34159797949582}, "datetime": {"datetime": "2021-09-24 17:00:36", "elapsed": 269.175188, "delta": 1.342279}}
{"target": -45.81392706964249, "params": {"eta": 0.016803576406721643, "max_depth": 37.55192436444188, "n_estimators": 204.34307315292}, "datetime": {"datetime": "2021-09-24 17:00:39", "elapsed": 272.208529, "delta": 3.033341}}
{"target": -44.57585987291838, "params": {"eta": 0.02629419163186795, "max_depth": 1.5252685802717276, "n_estimators": 207.98997652355771}, "datetime": {"datetime": "2021-09-24 17:00:41", "elapsed": 274.112219, "delta": 1.90369}}
{"target": -44.172353586756195, "params": {"eta": 0.12121716194892389, "max_depth": 1.014531784281377, "n_estimators": 207.20227599498708}, "datetime": {"datetime": "2021-09-24 17:00:42", "elapsed": 275.240898, "delta": 1.128679}}
{"target": -48.25527902474081, "params": {"eta": 0.17609863434206063, "max_depth": 16.471932668339807, "n_estimators": 218.15689983238477}, "datetime": {"datetime": "2021-09-24 17:00:44", "elapsed": 276.923432, "delta": 1.682534}}
{"target": -43.832809276150584, "params": {"eta": 0.07785068265477288, "max_depth": 1.9805250014539975, "n_estimators": 207.79191034621985}, "datetime": {"datetime": "2021-09-24 17:00:45", "elapsed": 278.501684, "delta": 1.578252}}
{"target": -46.49475160756506, "params": {"eta": 0.37977806408549347, "max_depth": 41.048917719797494, "n_estimators": 214.98837064671295}, "datetime": {"datetime": "2021-09-24 17:00:47", "elapsed": 280.101536, "delta": 1.599852}}
{"target": -44.17251280017365, "params": {"eta": 0.13872507978996282, "max_depth": 1.1430590390158089, "n_estimators": 207.00637473397595}, "datetime": {"datetime": "2021-09-24 17:00:48", "elapsed": 281.138725, "delta": 1.037189}}
{"target": -43.642425594473245, "params": {"eta": 0.045725159304453714, "max_depth": 1.4249783220237073, "n_estimators": 207.71943415594728}, "datetime": {"datetime": "2021-09-24 17:00:49", "elapsed": 282.031725, "delta": 0.893}}
{"target": -45.66777913373216, "params": {"eta": 0.17086471115411725, "max_depth": 21.484524114643072, "n_estimators": 203.5571490105372}, "datetime": {"datetime": "2021-09-24 17:00:51", "elapsed": 283.9058, "delta": 1.874075}}
{"target": -44.92525054816913, "params": {"eta": 0.07281055951758053, "max_depth": 2.7633087850526215, "n_estimators": 216.57216953619474}, "datetime": {"datetime": "2021-09-24 17:00:52", "elapsed": 284.889552, "delta": 0.983752}}
