{"target": -44.210912604081, "params": {"eta": 0.08463837931523573, "max_depth": 1.473737243272942, "n_estimators": 65.37157627615822}, "datetime": {"datetime": "2021-09-24 15:24:58", "elapsed": 831.754976, "delta": 4.367437}}
{"target": -49.84331348964146, "params": {"eta": 0.6333071445981887, "max_depth": 16.083064636831413, "n_estimators": 7.554851129318677}, "datetime": {"datetime": "2021-09-24 15:25:02", "elapsed": 836.20503, "delta": 4.450054}}
{"target": -49.56935141140357, "params": {"eta": 0.7141271055309497, "max_depth": 16.67372903595664, "n_estimators": 8.226775943767276}, "datetime": {"datetime": "2021-09-24 15:25:07", "elapsed": 841.128631, "delta": 4.923601}}
{"target": -46.137733516836526, "params": {"eta": 0.68315252832987, "max_depth": 1.7692758359391476, "n_estimators": 65.92331742062517}, "datetime": {"datetime": "2021-09-24 15:25:09", "elapsed": 843.420005, "delta": 2.291374}}
{"target": -43.863866160686754, "params": {"eta": 0.5266911725380938, "max_depth": 1.0017003382945795, "n_estimators": 29.633143385511165}, "datetime": {"datetime": "2021-09-24 15:25:13", "elapsed": 847.453619, "delta": 4.033614}}
{"target": -47.533638344671495, "params": {"eta": 0.26924656307594513, "max_depth": 14.345518062840657, "n_estimators": 81.73721161419746}, "datetime": {"datetime": "2021-09-24 15:25:16", "elapsed": 849.942063, "delta": 2.488444}}
{"target": -59.656044866805686, "params": {"eta": 0.9750893276117502, "max_depth": 17.045865482032884, "n_estimators": 9.079534110583197}, "datetime": {"datetime": "2021-09-24 15:25:19", "elapsed": 853.617138, "delta": 3.675075}}
{"target": -46.10131921983303, "params": {"eta": 0.1803410010795905, "max_depth": 21.019734598069405, "n_estimators": 39.66418502279832}, "datetime": {"datetime": "2021-09-24 15:25:22", "elapsed": 855.805518, "delta": 2.18838}}
{"target": -45.18496595110212, "params": {"eta": 0.9711087442785635, "max_depth": 1.7505453368018813, "n_estimators": 23.97850423699507}, "datetime": {"datetime": "2021-09-24 15:25:25", "elapsed": 859.157565, "delta": 3.352047}}
{"target": -43.738779225743805, "params": {"eta": 0.062146371161645245, "max_depth": 2.341846851103088, "n_estimators": 66.09006998838262}, "datetime": {"datetime": "2021-09-24 15:25:29", "elapsed": 863.6407, "delta": 4.483135}}
{"target": -46.419354560679956, "params": {"eta": 0.6982294473592869, "max_depth": 1.7236753611826865, "n_estimators": 65.95849345017918}, "datetime": {"datetime": "2021-09-24 15:25:31", "elapsed": 865.603143, "delta": 1.962443}}
{"target": -55.908310740962065, "params": {"eta": 0.7948407722779048, "max_depth": 14.640548991782387, "n_estimators": 8.807354052875002}, "datetime": {"datetime": "2021-09-24 15:25:36", "elapsed": 869.905088, "delta": 4.301945}}
{"target": -136.67105531692505, "params": {"eta": 0.001, "max_depth": 2.585997651293376, "n_estimators": 68.0407136047209}, "datetime": {"datetime": "2021-09-24 15:25:41", "elapsed": 875.628533, "delta": 5.723445}}
{"target": -61.68131775246527, "params": {"eta": 0.019142767632216447, "max_depth": 11.568322068429502, "n_estimators": 58.61826386052721}, "datetime": {"datetime": "2021-09-24 15:25:43", "elapsed": 877.580867, "delta": 1.952334}}
{"target": -47.47905209189967, "params": {"eta": 0.20479735163897037, "max_depth": 12.941423613526993, "n_estimators": 13.542152219617789}, "datetime": {"datetime": "2021-09-24 15:25:45", "elapsed": 879.49992, "delta": 1.919053}}
{"target": -55.586928819355215, "params": {"eta": 0.9410387772468565, "max_depth": 2.1458855663307226, "n_estimators": 67.56310770475817}, "datetime": {"datetime": "2021-09-24 15:25:50", "elapsed": 884.063356, "delta": 4.563436}}
{"target": -49.92295101352204, "params": {"eta": 0.7245628583334718, "max_depth": 9.793865128257629, "n_estimators": 48.804572494379954}, "datetime": {"datetime": "2021-09-24 15:25:54", "elapsed": 888.554445, "delta": 4.491089}}
{"target": -50.29068152348798, "params": {"eta": 0.8568929201451997, "max_depth": 2.316573935885696, "n_estimators": 21.687113179907275}, "datetime": {"datetime": "2021-09-24 15:25:58", "elapsed": 892.471289, "delta": 3.916844}}
{"target": -50.07891908086332, "params": {"eta": 0.48738610514276104, "max_depth": 2.6435444652437665, "n_estimators": 69.01572126895798}, "datetime": {"datetime": "2021-09-24 15:26:02", "elapsed": 896.277822, "delta": 3.806533}}
{"target": -52.64715229478994, "params": {"eta": 0.9217154301607742, "max_depth": 13.047970522639906, "n_estimators": 60.827813108433695}, "datetime": {"datetime": "2021-09-24 15:26:04", "elapsed": 898.335724, "delta": 2.057902}}
{"target": -42.93905197946649, "params": {"eta": 0.24941497379056426, "max_depth": 1.82712865121489, "n_estimators": 67.36535106910092}, "datetime": {"datetime": "2021-09-24 15:26:09", "elapsed": 902.812922, "delta": 4.477198}}
{"target": -44.11426274579271, "params": {"eta": 0.20513081694105995, "max_depth": 1.7212818985838165, "n_estimators": 28.67503091112074}, "datetime": {"datetime": "2021-09-24 15:26:13", "elapsed": 906.977097, "delta": 4.164175}}
{"target": -50.3168603871998, "params": {"eta": 0.7198815132071706, "max_depth": 19.390119102521872, "n_estimators": 15.076987680866221}, "datetime": {"datetime": "2021-09-24 15:26:15", "elapsed": 909.074468, "delta": 2.097371}}
{"target": -137.9597664085546, "params": {"eta": 0.001, "max_depth": 5.403028962566089, "n_estimators": 62.99427227642704}, "datetime": {"datetime": "2021-09-24 15:26:20", "elapsed": 914.321222, "delta": 5.246754}}
{"target": -43.7232463807988, "params": {"eta": 0.4928507759768863, "max_depth": 1.7652507704211935, "n_estimators": 37.55373132778888}, "datetime": {"datetime": "2021-09-24 15:26:28", "elapsed": 922.28358, "delta": 7.962358}}
{"target": -50.3271790984878, "params": {"eta": 0.4283796728349818, "max_depth": 8.042281152043543, "n_estimators": 65.10015463777579}, "datetime": {"datetime": "2021-09-24 15:26:35", "elapsed": 929.440434, "delta": 7.156854}}
{"target": -44.98106636678366, "params": {"eta": 0.039613634783113805, "max_depth": 3.2247159477870593, "n_estimators": 69.04926496031818}, "datetime": {"datetime": "2021-09-24 15:26:40", "elapsed": 934.671494, "delta": 5.23106}}
{"target": -46.58583642486343, "params": {"eta": 0.043234470321915006, "max_depth": 1.8782133545790671, "n_estimators": 63.86580992151885}, "datetime": {"datetime": "2021-09-24 15:26:46", "elapsed": 940.416992, "delta": 5.745498}}
{"target": -45.72404061224228, "params": {"eta": 0.06024034945532045, "max_depth": 23.882759935139223, "n_estimators": 96.11937343545154}, "datetime": {"datetime": "2021-09-24 15:26:49", "elapsed": 943.590964, "delta": 3.173972}}
{"target": -50.768761484246504, "params": {"eta": 0.7239884090806905, "max_depth": 5.9873579487571025, "n_estimators": 63.500534998295976}, "datetime": {"datetime": "2021-09-24 15:26:55", "elapsed": 948.810521, "delta": 5.219557}}
{"target": -46.03650582105593, "params": {"eta": 0.09775076904165367, "max_depth": 10.64450618043566, "n_estimators": 41.50496444076255}, "datetime": {"datetime": "2021-09-24 15:27:01", "elapsed": 954.742847, "delta": 5.932326}}
{"target": -44.52628498507622, "params": {"eta": 0.45657048604775935, "max_depth": 1.5283412843483226, "n_estimators": 70.18183769830064}, "datetime": {"datetime": "2021-09-24 15:27:05", "elapsed": 959.679693, "delta": 4.936846}}
{"target": -46.95843419813572, "params": {"eta": 0.20175317774127366, "max_depth": 11.148330976583667, "n_estimators": 93.09093851383747}, "datetime": {"datetime": "2021-09-24 15:27:08", "elapsed": 962.272939, "delta": 2.593246}}
{"target": -43.18162565303028, "params": {"eta": 0.4075348449416839, "max_depth": 1.6615846413399167, "n_estimators": 22.88795855499261}, "datetime": {"datetime": "2021-09-24 15:27:13", "elapsed": 966.894938, "delta": 4.621999}}
{"target": -47.52918578986835, "params": {"eta": 0.16664704021871005, "max_depth": 21.461926407403926, "n_estimators": 14.489492105884402}, "datetime": {"datetime": "2021-09-24 15:27:15", "elapsed": 968.85847, "delta": 1.963532}}
{"target": -48.09995129233912, "params": {"eta": 0.1439681150797405, "max_depth": 19.504006841201424, "n_estimators": 58.01619148482997}, "datetime": {"datetime": "2021-09-24 15:27:21", "elapsed": 974.888964, "delta": 6.030494}}
{"target": -43.77912472603016, "params": {"eta": 0.06804993249011271, "max_depth": 2.0211027654778935, "n_estimators": 69.7404485113484}, "datetime": {"datetime": "2021-09-24 15:27:23", "elapsed": 977.639461, "delta": 2.750497}}
{"target": -46.20946445321678, "params": {"eta": 0.06029747617422304, "max_depth": 12.903566873684806, "n_estimators": 57.15822599433494}, "datetime": {"datetime": "2021-09-24 15:27:34", "elapsed": 987.85608, "delta": 10.216619}}
{"target": -50.95002147129604, "params": {"eta": 0.5874207964524468, "max_depth": 2.4661028760822408, "n_estimators": 64.13803049711419}, "datetime": {"datetime": "2021-09-24 15:27:40", "elapsed": 994.282749, "delta": 6.426669}}
{"target": -48.97621233660475, "params": {"eta": 0.337102015944214, "max_depth": 23.770078500228905, "n_estimators": 26.278943889338873}, "datetime": {"datetime": "2021-09-24 15:27:43", "elapsed": 996.726112, "delta": 2.443363}}
{"target": -47.97880098873511, "params": {"eta": 0.883073629530184, "max_depth": 1.8864574945724506, "n_estimators": 64.3090535957399}, "datetime": {"datetime": "2021-09-24 15:27:47", "elapsed": 1001.529533, "delta": 4.803421}}
{"target": -49.20371682303293, "params": {"eta": 0.6072499196369439, "max_depth": 13.236879452094739, "n_estimators": 56.544264662532875}, "datetime": {"datetime": "2021-09-24 15:27:52", "elapsed": 1005.939628, "delta": 4.410095}}
{"target": -53.97519591338652, "params": {"eta": 0.773666447576697, "max_depth": 11.353906812471955, "n_estimators": 41.18913541074417}, "datetime": {"datetime": "2021-09-24 15:27:58", "elapsed": 1012.098892, "delta": 6.159264}}
{"target": -51.04295412938398, "params": {"eta": 0.8354675749833627, "max_depth": 2.2624785548214765, "n_estimators": 29.388528308309436}, "datetime": {"datetime": "2021-09-24 15:28:03", "elapsed": 1017.398186, "delta": 5.299294}}
{"target": -45.786282001581405, "params": {"eta": 0.7090558941205894, "max_depth": 1.4478543056445172, "n_estimators": 53.24974294298928}, "datetime": {"datetime": "2021-09-24 15:28:05", "elapsed": 1019.506063, "delta": 2.107877}}
{"target": -47.70712558488201, "params": {"eta": 0.49095035124417286, "max_depth": 2.634105930130959, "n_estimators": 65.66610824651876}, "datetime": {"datetime": "2021-09-24 15:28:10", "elapsed": 1023.803332, "delta": 4.297269}}
{"target": -139.50831893422549, "params": {"eta": 0.001, "max_depth": 14.014369048884141, "n_estimators": 51.11549126956734}, "datetime": {"datetime": "2021-09-24 15:28:16", "elapsed": 1030.427915, "delta": 6.624583}}
{"target": -46.88474322440929, "params": {"eta": 0.09301480983531223, "max_depth": 12.83457961045959, "n_estimators": 51.05641800071149}, "datetime": {"datetime": "2021-09-24 15:28:21", "elapsed": 1035.448022, "delta": 5.020107}}
{"target": -45.75991534469719, "params": {"eta": 0.09854365478945463, "max_depth": 21.82062234935173, "n_estimators": 72.45373054626609}, "datetime": {"datetime": "2021-09-24 15:28:24", "elapsed": 1038.025964, "delta": 2.577942}}
{"target": -58.25717702485565, "params": {"eta": 0.9790250645242274, "max_depth": 13.834410306187102, "n_estimators": 51.66440350953887}, "datetime": {"datetime": "2021-09-24 15:28:29", "elapsed": 1043.278904, "delta": 5.25294}}
{"target": -50.32682496264465, "params": {"eta": 0.5638832672471259, "max_depth": 14.823872049846376, "n_estimators": 51.228216844170674}, "datetime": {"datetime": "2021-09-24 15:28:35", "elapsed": 1048.924363, "delta": 5.645459}}
{"target": -44.801868467402635, "params": {"eta": 0.2777474751819697, "max_depth": 23.95048624932311, "n_estimators": 41.48566875524694}, "datetime": {"datetime": "2021-09-24 15:28:37", "elapsed": 1051.536146, "delta": 2.611783}}
{"target": -48.884746020897886, "params": {"eta": 0.5979363196560356, "max_depth": 4.734361344472623, "n_estimators": 29.46803388265674}, "datetime": {"datetime": "2021-09-24 15:28:40", "elapsed": 1054.226022, "delta": 2.689876}}
{"target": -44.509328053409895, "params": {"eta": 0.11812517006196357, "max_depth": 15.286773089928486, "n_estimators": 51.272856916784626}, "datetime": {"datetime": "2021-09-24 15:28:48", "elapsed": 1062.529223, "delta": 8.303201}}
{"target": -58.83668810622137, "params": {"eta": 0.015805745009670778, "max_depth": 1.3702445934883585, "n_estimators": 66.68629328283492}, "datetime": {"datetime": "2021-09-24 15:28:53", "elapsed": 1067.24891, "delta": 4.719687}}
{"target": -49.39202616985579, "params": {"eta": 0.5612445008531304, "max_depth": 14.266285934880752, "n_estimators": 10.59321885864534}, "datetime": {"datetime": "2021-09-24 15:28:56", "elapsed": 1070.194113, "delta": 2.945203}}
{"target": -49.847989505394956, "params": {"eta": 0.6261127008616731, "max_depth": 13.137344224140566, "n_estimators": 50.72026615463923}, "datetime": {"datetime": "2021-09-24 15:29:03", "elapsed": 1077.58687, "delta": 7.392757}}
{"target": -49.438909286843206, "params": {"eta": 0.4480139133230785, "max_depth": 13.032792372245527, "n_estimators": 51.603668930582316}, "datetime": {"datetime": "2021-09-24 15:29:14", "elapsed": 1087.837337, "delta": 10.250467}}
{"target": -45.66394123278166, "params": {"eta": 0.5953579205923041, "max_depth": 1.0392200310318576, "n_estimators": 63.775530428450686}, "datetime": {"datetime": "2021-09-24 15:29:21", "elapsed": 1095.644506, "delta": 7.807169}}
{"target": -46.073963337374806, "params": {"eta": 0.505429009679482, "max_depth": 19.70512621282299, "n_estimators": 22.303594002751332}, "datetime": {"datetime": "2021-09-24 15:29:25", "elapsed": 1099.232854, "delta": 3.588348}}
{"target": -53.98756827089123, "params": {"eta": 0.7808955666559078, "max_depth": 20.27825195579514, "n_estimators": 57.723418951155594}, "datetime": {"datetime": "2021-09-24 15:29:32", "elapsed": 1106.404386, "delta": 7.171532}}
{"target": -45.161447568047315, "params": {"eta": 0.12164664191206548, "max_depth": 15.089654456437867, "n_estimators": 50.650620526363404}, "datetime": {"datetime": "2021-09-24 15:29:40", "elapsed": 1114.267441, "delta": 7.863055}}
{"target": -45.75644936238913, "params": {"eta": 0.4987611333633403, "max_depth": 19.61676898078751, "n_estimators": 80.74253159500262}, "datetime": {"datetime": "2021-09-24 15:29:44", "elapsed": 1117.792231, "delta": 3.52479}}
{"target": -88.35566647608478, "params": {"eta": 0.00925749699036851, "max_depth": 10.663955117333474, "n_estimators": 59.76570060589209}, "datetime": {"datetime": "2021-09-24 15:29:51", "elapsed": 1124.792174, "delta": 6.999943}}
{"target": -48.38417269771261, "params": {"eta": 0.4603493802875405, "max_depth": 2.3622363487645988, "n_estimators": 67.08729656925658}, "datetime": {"datetime": "2021-09-24 15:29:55", "elapsed": 1128.999197, "delta": 4.207023}}
{"target": -46.4420417556189, "params": {"eta": 0.700665102227185, "max_depth": 1.019099527826934, "n_estimators": 65.6539310738619}, "datetime": {"datetime": "2021-09-24 15:30:01", "elapsed": 1135.362844, "delta": 6.363647}}
{"target": -46.17740834745249, "params": {"eta": 0.26666709925669013, "max_depth": 15.470698040771422, "n_estimators": 69.35420314935556}, "datetime": {"datetime": "2021-09-24 15:30:04", "elapsed": 1138.635287, "delta": 3.272443}}
{"target": -137.24963977283105, "params": {"eta": 0.001, "max_depth": 1.2553455889621539, "n_estimators": 63.48313870924789}, "datetime": {"datetime": "2021-09-24 15:30:10", "elapsed": 1144.335695, "delta": 5.700408}}
{"target": -45.88479969913798, "params": {"eta": 0.8851379356985482, "max_depth": 1.4187089700363416, "n_estimators": 19.895502908696685}, "datetime": {"datetime": "2021-09-24 15:30:15", "elapsed": 1149.27799, "delta": 4.942295}}
{"target": -50.46367474606163, "params": {"eta": 0.7125868500895586, "max_depth": 11.114595096117231, "n_estimators": 65.3632796300668}, "datetime": {"datetime": "2021-09-24 15:30:18", "elapsed": 1151.80002, "delta": 2.52203}}
{"target": -49.12291809311487, "params": {"eta": 0.15649326575357525, "max_depth": 18.297846907902603, "n_estimators": 58.96498454353986}, "datetime": {"datetime": "2021-09-24 15:30:26", "elapsed": 1160.650818, "delta": 8.850798}}
{"target": -141.9413121302325, "params": {"eta": 0.001, "max_depth": 2.2981136434653107, "n_estimators": 31.497913261123404}, "datetime": {"datetime": "2021-09-24 15:30:35", "elapsed": 1168.869937, "delta": 8.219119}}
{"target": -50.12432508540333, "params": {"eta": 0.4507699647880527, "max_depth": 22.121770365417024, "n_estimators": 85.98450773864298}, "datetime": {"datetime": "2021-09-24 15:30:38", "elapsed": 1171.695061, "delta": 2.825124}}
{"target": -49.915366323370684, "params": {"eta": 0.7118879201019028, "max_depth": 23.495942826699924, "n_estimators": 20.82612879441219}, "datetime": {"datetime": "2021-09-24 15:30:42", "elapsed": 1176.571309, "delta": 4.876248}}
{"target": -46.41541336174298, "params": {"eta": 0.22638930146348754, "max_depth": 3.131548940757699, "n_estimators": 30.907825593737947}, "datetime": {"datetime": "2021-09-24 15:30:49", "elapsed": 1183.159617, "delta": 6.588308}}
{"target": -76.70424262025303, "params": {"eta": 0.029005605278264398, "max_depth": 2.194419727971951, "n_estimators": 22.065082055365703}, "datetime": {"datetime": "2021-09-24 15:30:55", "elapsed": 1189.140831, "delta": 5.981214}}
{"target": -53.10180496273184, "params": {"eta": 0.8842396991687945, "max_depth": 2.6635251362410433, "n_estimators": 30.823768385627524}, "datetime": {"datetime": "2021-09-24 15:31:03", "elapsed": 1197.003135, "delta": 7.862304}}
{"target": -45.307703835623606, "params": {"eta": 0.9830588922639097, "max_depth": 1.7012297413071158, "n_estimators": 23.235329509989604}, "datetime": {"datetime": "2021-09-24 15:31:07", "elapsed": 1201.150263, "delta": 4.147128}}
{"target": -46.96349346189571, "params": {"eta": 0.42357686010538736, "max_depth": 9.215547218373871, "n_estimators": 36.50573050644316}, "datetime": {"datetime": "2021-09-24 15:31:10", "elapsed": 1203.722591, "delta": 2.572328}}
{"target": -46.390201611626416, "params": {"eta": 0.7563848133975557, "max_depth": 1.327872073765465, "n_estimators": 66.59569688002794}, "datetime": {"datetime": "2021-09-24 15:31:13", "elapsed": 1207.542033, "delta": 3.819442}}
{"target": -44.9306410022248, "params": {"eta": 0.31351630364092936, "max_depth": 2.732492588202615, "n_estimators": 30.65888708609242}, "datetime": {"datetime": "2021-09-24 15:31:19", "elapsed": 1213.009729, "delta": 5.467696}}
{"target": -45.97416763018845, "params": {"eta": 0.5897745107671295, "max_depth": 1.302258418256467, "n_estimators": 64.81843843722115}, "datetime": {"datetime": "2021-09-24 15:31:24", "elapsed": 1218.116537, "delta": 5.106808}}
{"target": -45.59579616919496, "params": {"eta": 0.8304233962951845, "max_depth": 1.1713372423054134, "n_estimators": 23.95123321964258}, "datetime": {"datetime": "2021-09-24 15:31:29", "elapsed": 1223.24128, "delta": 5.124743}}
{"target": -47.437148531576746, "params": {"eta": 0.19019601238690653, "max_depth": 9.127598686183354, "n_estimators": 40.09379036174352}, "datetime": {"datetime": "2021-09-24 15:31:32", "elapsed": 1226.26709, "delta": 3.02581}}
{"target": -46.75156092823, "params": {"eta": 0.03997398803941878, "max_depth": 1.7841392464565056, "n_estimators": 65.93898719016586}, "datetime": {"datetime": "2021-09-24 15:31:38", "elapsed": 1231.832213, "delta": 5.565123}}
{"target": -47.297562592011644, "params": {"eta": 0.17655420183641068, "max_depth": 7.475713143329501, "n_estimators": 54.75883666764066}, "datetime": {"datetime": "2021-09-24 15:31:41", "elapsed": 1234.956008, "delta": 3.123795}}
{"target": -45.780583202390744, "params": {"eta": 0.1361425321182836, "max_depth": 10.305451578476212, "n_estimators": 67.73460599989792}, "datetime": {"datetime": "2021-09-24 15:31:45", "elapsed": 1238.791465, "delta": 3.835457}}
{"target": -50.00229421056303, "params": {"eta": 0.6109109132810387, "max_depth": 6.737488962356083, "n_estimators": 20.35847855718327}, "datetime": {"datetime": "2021-09-24 15:31:47", "elapsed": 1241.095562, "delta": 2.304097}}
{"target": -51.12400780584579, "params": {"eta": 0.6360594215258498, "max_depth": 13.403685237006597, "n_estimators": 61.36214093039986}, "datetime": {"datetime": "2021-09-24 15:31:53", "elapsed": 1247.175376, "delta": 6.079814}}
{"target": -50.971600625748025, "params": {"eta": 0.5600115041122917, "max_depth": 10.348084698782595, "n_estimators": 68.43446805608141}, "datetime": {"datetime": "2021-09-24 15:31:59", "elapsed": 1253.017553, "delta": 5.842177}}
{"target": -44.45482156509743, "params": {"eta": 0.5248866407564377, "max_depth": 1.2580254847051098, "n_estimators": 21.919057404698627}, "datetime": {"datetime": "2021-09-24 15:32:05", "elapsed": 1259.091083, "delta": 6.07353}}
{"target": -53.18803781495058, "params": {"eta": 0.824075378948488, "max_depth": 19.411568200203185, "n_estimators": 87.64223136260753}, "datetime": {"datetime": "2021-09-24 15:32:08", "elapsed": 1261.872279, "delta": 2.781196}}
{"target": -50.242710601118276, "params": {"eta": 0.3901691363732218, "max_depth": 18.924911045017712, "n_estimators": 42.25655206011441}, "datetime": {"datetime": "2021-09-24 15:32:11", "elapsed": 1265.241355, "delta": 3.369076}}
{"target": -45.58507738615337, "params": {"eta": 0.5493769550938431, "max_depth": 1.4819141642648939, "n_estimators": 64.18287028426397}, "datetime": {"datetime": "2021-09-24 15:32:20", "elapsed": 1274.295737, "delta": 9.054382}}
{"target": -49.26676527898115, "params": {"eta": 0.637598264721764, "max_depth": 12.49365204307945, "n_estimators": 57.551347657145}, "datetime": {"datetime": "2021-09-24 15:32:27", "elapsed": 1281.387031, "delta": 7.091294}}
{"target": -45.072970971128996, "params": {"eta": 0.05942063049378759, "max_depth": 7.767254951478115, "n_estimators": 64.5197727120137}, "datetime": {"datetime": "2021-09-24 15:32:30", "elapsed": 1284.624713, "delta": 3.237682}}
