{"target": -88.99498399218223, "params": {"eta": 0.41760498269787144, "max_depth": 18.287787842611795, "n_estimators": 1.0113231069171438}, "datetime": {"datetime": "2021-09-24 15:11:06", "elapsed": 0.0, "delta": 0.0}}
{"target": -46.01221793038504, "params": {"eta": 0.3030302400592079, "max_depth": 4.522141379610713, "n_estimators": 10.141520882110981}, "datetime": {"datetime": "2021-09-24 15:11:06", "elapsed": 0.464024, "delta": 0.464024}}
{"target": -46.587636875927004, "params": {"eta": 0.18707395116629325, "max_depth": 9.293457449033145, "n_estimators": 40.27997994883632}, "datetime": {"datetime": "2021-09-24 15:11:07", "elapsed": 0.902015, "delta": 0.437991}}
{"target": -47.714912758733995, "params": {"eta": 0.5392779172693536, "max_depth": 11.060668345679076, "n_estimators": 68.83673053927919}, "datetime": {"datetime": "2021-09-24 15:11:07", "elapsed": 1.381017, "delta": 0.479002}}
{"target": -78.31579085041706, "params": {"eta": 0.20524779748178593, "max_depth": 22.07481847338269, "n_estimators": 3.71137172659469}, "datetime": {"datetime": "2021-09-24 15:11:07", "elapsed": 1.439663, "delta": 0.058646}}
{"target": -47.3875906234397, "params": {"eta": 0.6707970426682238, "max_depth": 11.015315256811046, "n_estimators": 56.310293016129414}, "datetime": {"datetime": "2021-09-24 15:11:08", "elapsed": 1.892729, "delta": 0.453066}}
{"target": -45.40978694141359, "params": {"eta": 0.22664123574465278, "max_depth": 3.423557357905443, "n_estimators": 22.76006245765476}, "datetime": {"datetime": "2021-09-24 15:11:08", "elapsed": 2.587293, "delta": 0.694564}}
{"target": -59.35391593875742, "params": {"eta": 1.0, "max_depth": 18.704972089099545, "n_estimators": 28.254612685972646}, "datetime": {"datetime": "2021-09-24 15:11:10", "elapsed": 3.81795, "delta": 1.230657}}
{"target": -138.05169721743218, "params": {"eta": 0.001, "max_depth": 24.75404572692429, "n_estimators": 62.100350987658196}, "datetime": {"datetime": "2021-09-24 15:11:11", "elapsed": 4.966888, "delta": 1.148938}}
{"target": -55.72137063248713, "params": {"eta": 0.9005360371967464, "max_depth": 2.6163781021869736, "n_estimators": 62.40062334907914}, "datetime": {"datetime": "2021-09-24 15:11:12", "elapsed": 5.996728, "delta": 1.02984}}
{"target": -55.625651739593735, "params": {"eta": 1.0, "max_depth": 2.6691249034372735, "n_estimators": 48.87941368269594}, "datetime": {"datetime": "2021-09-24 15:11:12", "elapsed": 6.484901, "delta": 0.488173}}
{"target": -47.03543819341444, "params": {"eta": 1.0, "max_depth": 1.0, "n_estimators": 33.520884011319374}, "datetime": {"datetime": "2021-09-24 15:11:13", "elapsed": 7.008902, "delta": 0.524001}}
{"target": -55.71804109910377, "params": {"eta": 0.8906264416021249, "max_depth": 4.420823013456743, "n_estimators": 79.54082110867986}, "datetime": {"datetime": "2021-09-24 15:11:14", "elapsed": 7.811647, "delta": 0.802745}}
{"target": -133.66488164977022, "params": {"eta": 0.001, "max_depth": 13.786535807600659, "n_estimators": 96.9787878379235}, "datetime": {"datetime": "2021-09-24 15:11:15", "elapsed": 8.963558, "delta": 1.151911}}
{"target": -144.27643542630332, "params": {"eta": 0.001, "max_depth": 13.638935420793773, "n_estimators": 16.802219087446055}, "datetime": {"datetime": "2021-09-24 15:11:16", "elapsed": 9.823557, "delta": 0.859999}}
{"target": -142.20235248346975, "params": {"eta": 0.001, "max_depth": 8.378132738183599, "n_estimators": 31.5965507096113}, "datetime": {"datetime": "2021-09-24 15:11:17", "elapsed": 11.244178, "delta": 1.420621}}
{"target": -54.32336930583294, "params": {"eta": 0.8292757648325719, "max_depth": 3.787023798318261, "n_estimators": 23.982315870680775}, "datetime": {"datetime": "2021-09-24 15:11:18", "elapsed": 12.320145, "delta": 1.075967}}
{"target": -47.34593157660692, "params": {"eta": 0.6667822836673526, "max_depth": 9.356844795431172, "n_estimators": 62.37653303460232}, "datetime": {"datetime": "2021-09-24 15:11:20", "elapsed": 13.881839, "delta": 1.561694}}
{"target": -53.026275907244, "params": {"eta": 0.9869103471852467, "max_depth": 2.8077579734337634, "n_estimators": 40.90206338229568}, "datetime": {"datetime": "2021-09-24 15:11:21", "elapsed": 14.77314, "delta": 0.891301}}
{"target": -47.74663167967832, "params": {"eta": 0.4670664454810446, "max_depth": 9.915172005459059, "n_estimators": 46.693883618257786}, "datetime": {"datetime": "2021-09-24 15:11:22", "elapsed": 16.602856, "delta": 1.829716}}
{"target": -45.462314777804494, "params": {"eta": 1.0, "max_depth": 1.0, "n_estimators": 16.15098805567247}, "datetime": {"datetime": "2021-09-24 15:11:23", "elapsed": 17.060859, "delta": 0.458003}}
{"target": -48.6893752535483, "params": {"eta": 0.30173597122436846, "max_depth": 3.4756185449016987, "n_estimators": 70.92531937724507}, "datetime": {"datetime": "2021-09-24 15:11:24", "elapsed": 17.759672, "delta": 0.698813}}
{"target": -47.38982557712641, "params": {"eta": 1.0, "max_depth": 1.0, "n_estimators": 3.3395738261324945}, "datetime": {"datetime": "2021-09-24 15:11:24", "elapsed": 18.198974, "delta": 0.439302}}
{"target": -59.353915580233235, "params": {"eta": 1.0, "max_depth": 18.00621980181548, "n_estimators": 42.795643241898766}, "datetime": {"datetime": "2021-09-24 15:11:25", "elapsed": 18.727111, "delta": 0.528137}}
{"target": -59.37427271219124, "params": {"eta": 1.0, "max_depth": 25.0, "n_estimators": 33.85871553228797}, "datetime": {"datetime": "2021-09-24 15:11:25", "elapsed": 19.526112, "delta": 0.799001}}
{"target": -136.0978721747721, "params": {"eta": 0.001, "max_depth": 13.695183155588927, "n_estimators": 77.4126248459892}, "datetime": {"datetime": "2021-09-24 15:11:27", "elapsed": 21.217674, "delta": 1.691562}}
{"target": -48.15935252483626, "params": {"eta": 0.955501463217554, "max_depth": 1.244465398049357, "n_estimators": 86.78938983889206}, "datetime": {"datetime": "2021-09-24 15:11:28", "elapsed": 21.911159, "delta": 0.693485}}
{"target": -109.8718885407412, "params": {"eta": 0.2600866760422044, "max_depth": 7.079569766486709, "n_estimators": 1.1112317432313676}, "datetime": {"datetime": "2021-09-24 15:11:28", "elapsed": 22.612698, "delta": 0.701539}}
{"target": -138.73954440418044, "params": {"eta": 0.001, "max_depth": 4.793183447843662, "n_estimators": 55.558780737437694}, "datetime": {"datetime": "2021-09-24 15:11:29", "elapsed": 23.435178, "delta": 0.82248}}
{"target": -53.12123013259773, "params": {"eta": 0.7761836504586188, "max_depth": 6.5264144246877445, "n_estimators": 66.67360887805863}, "datetime": {"datetime": "2021-09-24 15:11:31", "elapsed": 24.794349, "delta": 1.359171}}
{"target": -47.42549080239203, "params": {"eta": 0.25446727811900205, "max_depth": 6.233449847036214, "n_estimators": 44.38071534887866}, "datetime": {"datetime": "2021-09-24 15:11:31", "elapsed": 25.473345, "delta": 0.678996}}
{"target": -48.12253759857407, "params": {"eta": 0.4746513177234097, "max_depth": 14.980575461694547, "n_estimators": 51.999389704777045}, "datetime": {"datetime": "2021-09-24 15:11:32", "elapsed": 26.535904, "delta": 1.062559}}
{"target": -47.9501385796339, "params": {"eta": 0.5071231768426487, "max_depth": 14.586009529524885, "n_estimators": 59.48916988494129}, "datetime": {"datetime": "2021-09-24 15:11:33", "elapsed": 27.512899, "delta": 0.976995}}
{"target": -45.15639323758003, "params": {"eta": 0.8118238243724817, "max_depth": 1.1246669637777504, "n_estimators": 8.581296493384674}, "datetime": {"datetime": "2021-09-24 15:11:34", "elapsed": 28.11277, "delta": 0.599871}}
{"target": -46.74677540485124, "params": {"eta": 0.6877917624753507, "max_depth": 1.0488067420942109, "n_estimators": 93.67231565493309}, "datetime": {"datetime": "2021-09-24 15:11:35", "elapsed": 28.73577, "delta": 0.623}}
{"target": -143.0340161888223, "params": {"eta": 0.001, "max_depth": 25.0, "n_estimators": 25.31491184056406}, "datetime": {"datetime": "2021-09-24 15:11:35", "elapsed": 29.50177, "delta": 0.766}}
{"target": -140.8513312487674, "params": {"eta": 0.001, "max_depth": 25.0, "n_estimators": 41.19836433305766}, "datetime": {"datetime": "2021-09-24 15:11:37", "elapsed": 30.918911, "delta": 1.417141}}
{"target": -56.68256976909207, "params": {"eta": 0.850668685241177, "max_depth": 6.088338688014556, "n_estimators": 89.6439218981802}, "datetime": {"datetime": "2021-09-24 15:11:39", "elapsed": 33.236185, "delta": 2.317274}}
{"target": -51.04496221434801, "params": {"eta": 0.9194290690146593, "max_depth": 13.241781005104105, "n_estimators": 42.54952219198505}, "datetime": {"datetime": "2021-09-24 15:11:40", "elapsed": 34.107886, "delta": 0.871701}}
{"target": -49.84107486466716, "params": {"eta": 0.9930775902610044, "max_depth": 1.4716259276243688, "n_estimators": 99.70193317503973}, "datetime": {"datetime": "2021-09-24 15:11:41", "elapsed": 35.003261, "delta": 0.895375}}
{"target": -137.65952104016355, "params": {"eta": 0.001, "max_depth": 14.36656474173384, "n_estimators": 65.16310502318049}, "datetime": {"datetime": "2021-09-24 15:11:42", "elapsed": 35.913138, "delta": 0.909877}}
{"target": -59.71365617361284, "params": {"eta": 1.0, "max_depth": 7.9056522363879065, "n_estimators": 71.66372726822577}, "datetime": {"datetime": "2021-09-24 15:11:44", "elapsed": 37.768097, "delta": 1.854959}}
{"target": -59.66777503938603, "params": {"eta": 0.9947887762172015, "max_depth": 16.316641654436346, "n_estimators": 56.09756746621096}, "datetime": {"datetime": "2021-09-24 15:11:45", "elapsed": 38.732667, "delta": 0.96457}}
{"target": -58.90588046195812, "params": {"eta": 1.0, "max_depth": 15.3385435988645, "n_estimators": 47.30853899047961}, "datetime": {"datetime": "2021-09-24 15:11:46", "elapsed": 40.292127, "delta": 1.55946}}
{"target": -135.55102908342405, "params": {"eta": 0.001, "max_depth": 1.0, "n_estimators": 75.51166504036108}, "datetime": {"datetime": "2021-09-24 15:11:47", "elapsed": 41.048126, "delta": 0.755999}}
{"target": -54.6442481091148, "params": {"eta": 0.8829758887568587, "max_depth": 5.207112380981645, "n_estimators": 84.22493835233512}, "datetime": {"datetime": "2021-09-24 15:11:49", "elapsed": 43.498572, "delta": 2.450446}}
{"target": -42.96521552523276, "params": {"eta": 0.38586316613894717, "max_depth": 1.0857968430636822, "n_estimators": 66.98340163681672}, "datetime": {"datetime": "2021-09-24 15:11:50", "elapsed": 44.169761, "delta": 0.671189}}
{"target": -55.25159487688452, "params": {"eta": 1.0, "max_depth": 4.8145524891035425, "n_estimators": 18.268538559188375}, "datetime": {"datetime": "2021-09-24 15:11:51", "elapsed": 44.760892, "delta": 0.591131}}
{"target": -48.723297004412885, "params": {"eta": 0.2198832707348802, "max_depth": 4.97006699399955, "n_estimators": 96.38731421003756}, "datetime": {"datetime": "2021-09-24 15:11:52", "elapsed": 46.272575, "delta": 1.511683}}
{"target": -59.35391576666581, "params": {"eta": 1.0, "max_depth": 18.513623397334783, "n_estimators": 34.12347301705913}, "datetime": {"datetime": "2021-09-24 15:11:54", "elapsed": 48.004473, "delta": 1.731898}}
{"target": -144.6991249287039, "params": {"eta": 0.001, "max_depth": 1.0, "n_estimators": 12.43163399408711}, "datetime": {"datetime": "2021-09-24 15:11:55", "elapsed": 48.771795, "delta": 0.767322}}
{"target": -49.34566529352862, "params": {"eta": 0.9047508398813162, "max_depth": 3.3938388732182987, "n_estimators": 6.860142297986877}, "datetime": {"datetime": "2021-09-24 15:11:56", "elapsed": 49.838794, "delta": 1.066999}}
{"target": -45.20209569142277, "params": {"eta": 1.0, "max_depth": 1.0604971223224937, "n_estimators": 19.334536233678588}, "datetime": {"datetime": "2021-09-24 15:11:57", "elapsed": 50.808815, "delta": 0.970021}}
{"target": -46.27416395603266, "params": {"eta": 0.38067193628550616, "max_depth": 9.590931295540209, "n_estimators": 43.604585004896016}, "datetime": {"datetime": "2021-09-24 15:11:58", "elapsed": 52.037745, "delta": 1.22893}}
{"target": -49.81244255008554, "params": {"eta": 0.6545794564533025, "max_depth": 11.197585455313966, "n_estimators": 51.27091356637345}, "datetime": {"datetime": "2021-09-24 15:11:59", "elapsed": 53.444123, "delta": 1.406378}}
{"target": -46.742823321120184, "params": {"eta": 0.31612600736664487, "max_depth": 7.722442492758595, "n_estimators": 9.30072215637699}, "datetime": {"datetime": "2021-09-24 15:12:00", "elapsed": 54.389596, "delta": 0.945473}}
{"target": -133.4560634139785, "params": {"eta": 0.001, "max_depth": 1.9983685350413998, "n_estimators": 90.26854849469574}, "datetime": {"datetime": "2021-09-24 15:12:02", "elapsed": 56.275018, "delta": 1.885422}}
{"target": -48.02122014268, "params": {"eta": 0.912690670189474, "max_depth": 1.5724873033764277, "n_estimators": 96.34936646414982}, "datetime": {"datetime": "2021-09-24 15:12:03", "elapsed": 57.670863, "delta": 1.395845}}
{"target": -48.63509271377907, "params": {"eta": 0.9407144566392621, "max_depth": 1.4563231039933289, "n_estimators": 83.6611471555783}, "datetime": {"datetime": "2021-09-24 15:12:04", "elapsed": 58.687456, "delta": 1.016593}}
{"target": -47.654931061249926, "params": {"eta": 0.1443324904151963, "max_depth": 11.286002368912714, "n_estimators": 59.23803231841364}, "datetime": {"datetime": "2021-09-24 15:12:07", "elapsed": 60.950487, "delta": 2.263031}}
{"target": -61.16785201094204, "params": {"eta": 1.0, "max_depth": 6.314487737187858, "n_estimators": 40.97646993559365}, "datetime": {"datetime": "2021-09-24 15:12:08", "elapsed": 62.331073, "delta": 1.380586}}
{"target": -140.06763395151697, "params": {"eta": 0.001, "max_depth": 2.1114837495005068, "n_estimators": 44.8358988142792}, "datetime": {"datetime": "2021-09-24 15:12:09", "elapsed": 63.475585, "delta": 1.144512}}
{"target": -48.7292527650532, "params": {"eta": 0.26974183354307957, "max_depth": 3.5215742290569345, "n_estimators": 68.18888421569652}, "datetime": {"datetime": "2021-09-24 15:12:10", "elapsed": 64.1955, "delta": 0.719915}}
{"target": -45.932197857620125, "params": {"eta": 0.8306358778462029, "max_depth": 1.974458204636254, "n_estimators": 37.19396330919787}, "datetime": {"datetime": "2021-09-24 15:12:11", "elapsed": 64.943909, "delta": 0.748409}}
{"target": -50.713294853841454, "params": {"eta": 0.7356936503165032, "max_depth": 6.9247701226817355, "n_estimators": 48.271222183545206}, "datetime": {"datetime": "2021-09-24 15:12:12", "elapsed": 66.071506, "delta": 1.127597}}
{"target": -59.59905174083279, "params": {"eta": 0.030720799982123306, "max_depth": 12.842992352062758, "n_estimators": 38.94659351249929}, "datetime": {"datetime": "2021-09-24 15:12:14", "elapsed": 68.058331, "delta": 1.986825}}
{"target": -45.74261454532021, "params": {"eta": 0.17890812569804493, "max_depth": 6.016713375790407, "n_estimators": 63.08725605157958}, "datetime": {"datetime": "2021-09-24 15:12:15", "elapsed": 69.254902, "delta": 1.196571}}
{"target": -51.426384832626, "params": {"eta": 0.7298165982653672, "max_depth": 5.567158280685888, "n_estimators": 99.95482879265721}, "datetime": {"datetime": "2021-09-24 15:12:17", "elapsed": 70.749726, "delta": 1.494824}}
{"target": -47.47078426619221, "params": {"eta": 0.2518033355078938, "max_depth": 9.398432938883705, "n_estimators": 87.58790571185725}, "datetime": {"datetime": "2021-09-24 15:12:19", "elapsed": 72.845011, "delta": 2.095285}}
{"target": -58.50917964322226, "params": {"eta": 0.9951625400424201, "max_depth": 9.519631912080968, "n_estimators": 91.12281361220452}, "datetime": {"datetime": "2021-09-24 15:12:20", "elapsed": 74.437789, "delta": 1.592778}}
{"target": -50.28698209891642, "params": {"eta": 0.7112731118396618, "max_depth": 19.09004086791119, "n_estimators": 50.9143313335893}, "datetime": {"datetime": "2021-09-24 15:12:21", "elapsed": 75.551857, "delta": 1.114068}}
{"target": -59.51022083597972, "params": {"eta": 1.0, "max_depth": 13.386212623617043, "n_estimators": 87.29121913308886}, "datetime": {"datetime": "2021-09-24 15:12:22", "elapsed": 76.69079, "delta": 1.138933}}
{"target": -57.59979866859608, "params": {"eta": 0.9676080857354861, "max_depth": 7.330029758365269, "n_estimators": 13.039055240170809}, "datetime": {"datetime": "2021-09-24 15:12:24", "elapsed": 77.90379, "delta": 1.213}}
{"target": -143.5834889864563, "params": {"eta": 0.001, "max_depth": 6.9775087659078805, "n_estimators": 21.955088833285238}, "datetime": {"datetime": "2021-09-24 15:12:25", "elapsed": 79.297804, "delta": 1.394014}}
{"target": -45.27099962162792, "params": {"eta": 0.5870773498908082, "max_depth": 1.1889511724682134, "n_estimators": 23.46650593434361}, "datetime": {"datetime": "2021-09-24 15:12:26", "elapsed": 80.244044, "delta": 0.94624}}
{"target": -43.612765749594324, "params": {"eta": 0.46331638493309313, "max_depth": 1.0637285385362718, "n_estimators": 28.537945882391803}, "datetime": {"datetime": "2021-09-24 15:12:27", "elapsed": 81.067531, "delta": 0.823487}}
{"target": -45.93701025597135, "params": {"eta": 0.11559049142953115, "max_depth": 9.402568159668583, "n_estimators": 83.89364652507338}, "datetime": {"datetime": "2021-09-24 15:12:29", "elapsed": 82.9383, "delta": 1.870769}}
{"target": -52.0452108060507, "params": {"eta": 0.8345948589656371, "max_depth": 23.342724396106263, "n_estimators": 51.81259255028759}, "datetime": {"datetime": "2021-09-24 15:12:30", "elapsed": 84.583285, "delta": 1.644985}}
{"target": -48.25295753765823, "params": {"eta": 0.5263202376060451, "max_depth": 20.76692856122899, "n_estimators": 54.76502542621003}, "datetime": {"datetime": "2021-09-24 15:12:32", "elapsed": 85.748873, "delta": 1.165588}}
{"target": -50.34283963540443, "params": {"eta": 0.9249510836333057, "max_depth": 21.676926749501025, "n_estimators": 48.081583826599555}, "datetime": {"datetime": "2021-09-24 15:12:33", "elapsed": 86.939438, "delta": 1.190565}}
{"target": -48.00226724954476, "params": {"eta": 0.5070776908304419, "max_depth": 11.730061306610379, "n_estimators": 7.8575860531964645}, "datetime": {"datetime": "2021-09-24 15:12:34", "elapsed": 87.754437, "delta": 0.814999}}
{"target": -45.132492667750306, "params": {"eta": 0.34247710795683434, "max_depth": 15.85163807995987, "n_estimators": 8.01609528508265}, "datetime": {"datetime": "2021-09-24 15:12:34", "elapsed": 88.394792, "delta": 0.640355}}
{"target": -145.7837430525543, "params": {"eta": 0.0010340168762811095, "max_depth": 13.687076425633846, "n_estimators": 5.070169145177209}, "datetime": {"datetime": "2021-09-24 15:12:35", "elapsed": 89.543073, "delta": 1.148281}}
{"target": -56.23736392286487, "params": {"eta": 0.8576913853481776, "max_depth": 13.570529457112187, "n_estimators": 10.237074603436296}, "datetime": {"datetime": "2021-09-24 15:12:37", "elapsed": 90.75362, "delta": 1.210547}}
{"target": -54.88337570204771, "params": {"eta": 0.7751078198867789, "max_depth": 17.86920440195337, "n_estimators": 9.96967936272651}, "datetime": {"datetime": "2021-09-24 15:12:38", "elapsed": 91.720614, "delta": 0.966994}}
{"target": -145.11015089562065, "params": {"eta": 0.001, "max_depth": 10.402348037168256, "n_estimators": 10.445861036503452}, "datetime": {"datetime": "2021-09-24 15:12:38", "elapsed": 92.4769, "delta": 0.756286}}
{"target": -44.99001163109801, "params": {"eta": 0.45213747987706115, "max_depth": 5.956024943898619, "n_estimators": 7.9826212878877865}, "datetime": {"datetime": "2021-09-24 15:12:39", "elapsed": 93.249182, "delta": 0.772282}}
{"target": -50.135603882764514, "params": {"eta": 0.4901401561833259, "max_depth": 3.6500653118612965, "n_estimators": 65.36338542700979}, "datetime": {"datetime": "2021-09-24 15:12:41", "elapsed": 95.33816, "delta": 2.088978}}
{"target": -47.69153253655685, "params": {"eta": 0.3776226770554927, "max_depth": 13.076081416990682, "n_estimators": 54.20067603756225}, "datetime": {"datetime": "2021-09-24 15:12:43", "elapsed": 97.274459, "delta": 1.936299}}
{"target": -99.30310964942875, "params": {"eta": 0.07224721306230711, "max_depth": 1.3399782685903974, "n_estimators": 5.880519645179185}, "datetime": {"datetime": "2021-09-24 15:12:45", "elapsed": 98.798392, "delta": 1.523933}}
{"target": -45.44891047656984, "params": {"eta": 0.06639296717034324, "max_depth": 13.575162739013308, "n_estimators": 56.933624431141205}, "datetime": {"datetime": "2021-09-24 15:12:48", "elapsed": 102.032176, "delta": 3.233784}}
{"target": -51.918240023734874, "params": {"eta": 0.05453846731524668, "max_depth": 1.6194280612188683, "n_estimators": 26.280189957558203}, "datetime": {"datetime": "2021-09-24 15:12:50", "elapsed": 104.114253, "delta": 2.082077}}
{"target": -46.005756736698004, "params": {"eta": 0.6805751542913225, "max_depth": 1.0128258729035622, "n_estimators": 69.47431872995509}, "datetime": {"datetime": "2021-09-24 15:12:52", "elapsed": 105.919468, "delta": 1.805215}}
{"target": -46.714438617677615, "params": {"eta": 0.08586215113745423, "max_depth": 7.630558411522675, "n_estimators": 85.74762184905254}, "datetime": {"datetime": "2021-09-24 15:12:54", "elapsed": 107.996488, "delta": 2.07702}}
{"target": -52.70301468928057, "params": {"eta": 1.0, "max_depth": 1.0, "n_estimators": 1.0}, "datetime": {"datetime": "2021-09-24 15:12:55", "elapsed": 109.06091, "delta": 1.064422}}
{"target": -43.66446393235285, "params": {"eta": 0.11011416944291182, "max_depth": 2.163161058062821, "n_estimators": 30.964086995928405}, "datetime": {"datetime": "2021-09-24 15:12:58", "elapsed": 111.956783, "delta": 2.895873}}
{"target": -59.71365676965929, "params": {"eta": 1.0, "max_depth": 7.518871018755879, "n_estimators": 81.46582646982795}, "datetime": {"datetime": "2021-09-24 15:12:59", "elapsed": 113.376374, "delta": 1.419591}}
{"target": -93.05682771725762, "params": {"eta": 0.013075445886823248, "max_depth": 3.7989129707060334, "n_estimators": 34.90104273956555}, "datetime": {"datetime": "2021-09-24 15:13:01", "elapsed": 115.005489, "delta": 1.629115}}
{"target": -47.142795046469324, "params": {"eta": 0.13949667322915266, "max_depth": 12.539653816944575, "n_estimators": 48.804809856157696}, "datetime": {"datetime": "2021-09-24 15:13:03", "elapsed": 116.824235, "delta": 1.818746}}
