{"target": -46.68404247886256, "params": {"eta": 0.05, "max_depth": 5.0, "n_estimators": 47.6721564180175}, "datetime": {"datetime": "2021-09-24 16:07:46", "elapsed": 201.186204, "delta": 1.036825}}
{"target": -47.61608386218996, "params": {"eta": 0.48947319466430206, "max_depth": 2.226432694733246, "n_estimators": 50.99548894796601}, "datetime": {"datetime": "2021-09-24 16:07:47", "elapsed": 202.531637, "delta": 1.345433}}
{"target": -48.24364748216213, "params": {"eta": 0.4760775103940667, "max_depth": 4.17243180646466, "n_estimators": 78.82397738949166}, "datetime": {"datetime": "2021-09-24 16:07:49", "elapsed": 204.007697, "delta": 1.47606}}
{"target": -54.26553539763716, "params": {"eta": 0.06431485068154207, "max_depth": 1.195939765322061, "n_estimators": 19.380349722388335}, "datetime": {"datetime": "2021-09-24 16:07:50", "elapsed": 205.217288, "delta": 1.209591}}
{"target": -43.13411334044951, "params": {"eta": 0.3978000405065049, "max_depth": 1.0003082100184044, "n_estimators": 21.065985146056434}, "datetime": {"datetime": "2021-09-24 16:07:51", "elapsed": 206.610387, "delta": 1.393099}}
{"target": -45.250833927240585, "params": {"eta": 0.06511072410499938, "max_depth": 3.477414047350324, "n_estimators": 88.03012328682681}, "datetime": {"datetime": "2021-09-24 16:07:53", "elapsed": 208.23254, "delta": 1.622153}}
{"target": -49.100088879578095, "params": {"eta": 0.49080598291692895, "max_depth": 2.0051029817544848, "n_estimators": 43.11260723005638}, "datetime": {"datetime": "2021-09-24 16:07:54", "elapsed": 209.568413, "delta": 1.335873}}
{"target": -44.88489107978075, "params": {"eta": 0.06154237031064168, "max_depth": 3.3099453137836194, "n_estimators": 44.45339263876483}, "datetime": {"datetime": "2021-09-24 16:07:55", "elapsed": 210.667235, "delta": 1.098822}}
{"target": -45.1946886105645, "params": {"eta": 0.05, "max_depth": 2.067841270593023, "n_estimators": 45.53920266826489}, "datetime": {"datetime": "2021-09-24 16:07:57", "elapsed": 212.185382, "delta": 1.518147}}
{"target": -44.330036019920406, "params": {"eta": 0.5, "max_depth": 1.0, "n_estimators": 45.043757751096905}, "datetime": {"datetime": "2021-09-24 16:07:58", "elapsed": 213.394924, "delta": 1.209542}}
{"target": -48.22905169035259, "params": {"eta": 0.49290456498131513, "max_depth": 4.4023528131010305, "n_estimators": 38.716686433585714}, "datetime": {"datetime": "2021-09-24 16:08:00", "elapsed": 214.840926, "delta": 1.446002}}
{"target": -50.16516858294494, "params": {"eta": 0.5, "max_depth": 2.3959685859253637, "n_estimators": 73.41410843297834}, "datetime": {"datetime": "2021-09-24 16:08:01", "elapsed": 215.980923, "delta": 1.139997}}
{"target": -47.14412646186083, "params": {"eta": 0.47257395537633545, "max_depth": 4.792278933847271, "n_estimators": 36.40741255872427}, "datetime": {"datetime": "2021-09-24 16:08:02", "elapsed": 217.06919, "delta": 1.088267}}
{"target": -44.35459406573073, "params": {"eta": 0.05489701327471544, "max_depth": 1.9103987894124903, "n_estimators": 95.4912691743525}, "datetime": {"datetime": "2021-09-24 16:08:03", "elapsed": 218.25668, "delta": 1.18749}}
{"target": -47.7473020051655, "params": {"eta": 0.05, "max_depth": 1.0, "n_estimators": 43.50028112696551}, "datetime": {"datetime": "2021-09-24 16:08:05", "elapsed": 219.848478, "delta": 1.591798}}
{"target": -44.43525454872533, "params": {"eta": 0.49727996183838885, "max_depth": 3.377811444865089, "n_estimators": 7.364606197169132}, "datetime": {"datetime": "2021-09-24 16:08:06", "elapsed": 221.054455, "delta": 1.205977}}
{"target": -46.46733965192522, "params": {"eta": 0.05, "max_depth": 5.0, "n_estimators": 83.34227637300953}, "datetime": {"datetime": "2021-09-24 16:08:07", "elapsed": 222.444212, "delta": 1.389757}}
{"target": -46.91075828380154, "params": {"eta": 0.05997915990738681, "max_depth": 1.3724579751080546, "n_estimators": 41.886896088852346}, "datetime": {"datetime": "2021-09-24 16:08:08", "elapsed": 223.756329, "delta": 1.312117}}
{"target": -50.38082279657063, "params": {"eta": 0.5, "max_depth": 2.1260345705918904, "n_estimators": 91.35386358882104}, "datetime": {"datetime": "2021-09-24 16:08:10", "elapsed": 224.883717, "delta": 1.127388}}
{"target": -48.549719846338256, "params": {"eta": 0.5, "max_depth": 2.8744111630693023, "n_estimators": 40.905088621289565}, "datetime": {"datetime": "2021-09-24 16:08:11", "elapsed": 226.157759, "delta": 1.274042}}
{"target": -44.0924630416067, "params": {"eta": 0.5, "max_depth": 1.0, "n_estimators": 42.47097744396654}, "datetime": {"datetime": "2021-09-24 16:08:13", "elapsed": 227.98015, "delta": 1.822391}}
{"target": -47.59401525052866, "params": {"eta": 0.5, "max_depth": 5.0, "n_estimators": 91.26126885352599}, "datetime": {"datetime": "2021-09-24 16:08:14", "elapsed": 229.673734, "delta": 1.693584}}
{"target": -44.21101218775699, "params": {"eta": 0.06882198482234148, "max_depth": 3.8426373218124756, "n_estimators": 69.44691792826967}, "datetime": {"datetime": "2021-09-24 16:08:16", "elapsed": 231.305866, "delta": 1.632132}}
{"target": -44.086371801849594, "params": {"eta": 0.5, "max_depth": 1.0, "n_estimators": 46.45370637226674}, "datetime": {"datetime": "2021-09-24 16:08:17", "elapsed": 232.673124, "delta": 1.367258}}
{"target": -44.6999916134024, "params": {"eta": 0.05, "max_depth": 1.0, "n_estimators": 91.65630694003151}, "datetime": {"datetime": "2021-09-24 16:08:19", "elapsed": 234.242498, "delta": 1.569374}}
{"target": -47.40879359998201, "params": {"eta": 0.4329084760740814, "max_depth": 2.550605529712598, "n_estimators": 31.5860671830634}, "datetime": {"datetime": "2021-09-24 16:08:20", "elapsed": 235.379096, "delta": 1.136598}}
{"target": -43.616689696347805, "params": {"eta": 0.07801117155362722, "max_depth": 1.8650633561736991, "n_estimators": 99.81399530250768}, "datetime": {"datetime": "2021-09-24 16:08:21", "elapsed": 236.510492, "delta": 1.131396}}
{"target": -47.43256598307674, "params": {"eta": 0.5, "max_depth": 3.681228557919543, "n_estimators": 94.53929942226489}, "datetime": {"datetime": "2021-09-24 16:08:23", "elapsed": 238.052106, "delta": 1.541614}}
{"target": -45.77465596593412, "params": {"eta": 0.5, "max_depth": 3.160719415960563, "n_estimators": 26.93184819190797}, "datetime": {"datetime": "2021-09-24 16:08:24", "elapsed": 239.217501, "delta": 1.165395}}
{"target": -88.04942599992107, "params": {"eta": 0.0631326236357972, "max_depth": 4.000212563232626, "n_estimators": 8.014234695608621}, "datetime": {"datetime": "2021-09-24 16:08:25", "elapsed": 240.313983, "delta": 1.096482}}
{"target": -44.330036019920406, "params": {"eta": 0.5, "max_depth": 1.5580472009141577, "n_estimators": 45.830390819788406}, "datetime": {"datetime": "2021-09-24 16:08:26", "elapsed": 241.733691, "delta": 1.419708}}
{"target": -48.831367664767384, "params": {"eta": 0.21112626887119096, "max_depth": 4.29501919736645, "n_estimators": 80.60730774733494}, "datetime": {"datetime": "2021-09-24 16:08:28", "elapsed": 242.956057, "delta": 1.222366}}
{"target": -43.18944142277079, "params": {"eta": 0.3706566935417581, "max_depth": 1.514605135200087, "n_estimators": 21.09314017688755}, "datetime": {"datetime": "2021-09-24 16:08:29", "elapsed": 243.962932, "delta": 1.006875}}
{"target": -44.01866333466724, "params": {"eta": 0.06684143254409032, "max_depth": 2.0666964257775753, "n_estimators": 45.54080160100887}, "datetime": {"datetime": "2021-09-24 16:08:30", "elapsed": 245.049529, "delta": 1.086597}}
{"target": -45.09208966018562, "params": {"eta": 0.32103329091604943, "max_depth": 2.1198736493095574, "n_estimators": 45.58208845365414}, "datetime": {"datetime": "2021-09-24 16:08:34", "elapsed": 248.915544, "delta": 3.866015}}
{"target": -43.50621652244625, "params": {"eta": 0.1650726686082513, "max_depth": 1.862495214026786, "n_estimators": 45.527519610402116}, "datetime": {"datetime": "2021-09-24 16:08:37", "elapsed": 252.658356, "delta": 3.742812}}
{"target": -43.72532329702736, "params": {"eta": 0.3272498948023444, "max_depth": 1.1589227346118283, "n_estimators": 67.11567209060608}, "datetime": {"datetime": "2021-09-24 16:08:41", "elapsed": 256.424312, "delta": 3.765956}}
{"target": -42.918239163276844, "params": {"eta": 0.19134690708872099, "max_depth": 1.068003037327856, "n_estimators": 67.65365107772945}, "datetime": {"datetime": "2021-09-24 16:08:43", "elapsed": 258.815299, "delta": 2.390987}}
{"target": -44.566765204408114, "params": {"eta": 0.331611691871094, "max_depth": 2.848423990415635, "n_estimators": 30.378056073686306}, "datetime": {"datetime": "2021-09-24 16:08:45", "elapsed": 259.909378, "delta": 1.094079}}
{"target": -53.64640724927859, "params": {"eta": 0.38359708864290765, "max_depth": 4.636656191562793, "n_estimators": 99.35252909479625}, "datetime": {"datetime": "2021-09-24 16:08:46", "elapsed": 261.157427, "delta": 1.248049}}
{"target": -48.30259807844807, "params": {"eta": 0.4663661709001909, "max_depth": 4.10814528459076, "n_estimators": 60.87994447120018}, "datetime": {"datetime": "2021-09-24 16:08:47", "elapsed": 262.353312, "delta": 1.195885}}
{"target": -44.81211956282307, "params": {"eta": 0.14012953305541304, "max_depth": 3.876633333007997, "n_estimators": 29.5516500609376}, "datetime": {"datetime": "2021-09-24 16:08:48", "elapsed": 263.550481, "delta": 1.197169}}
{"target": -49.848796242161804, "params": {"eta": 0.24322516324993793, "max_depth": 4.119726932813651, "n_estimators": 90.5229332459189}, "datetime": {"datetime": "2021-09-24 16:08:50", "elapsed": 264.876461, "delta": 1.32598}}
{"target": -42.49894768851144, "params": {"eta": 0.3456558147056627, "max_depth": 1.384084019641572, "n_estimators": 45.270979484242936}, "datetime": {"datetime": "2021-09-24 16:08:52", "elapsed": 267.522074, "delta": 2.645613}}
{"target": -46.613594456722865, "params": {"eta": 0.058747156547285136, "max_depth": 1.1241394006005474, "n_estimators": 45.14136040476457}, "datetime": {"datetime": "2021-09-24 16:08:54", "elapsed": 269.631763, "delta": 2.109689}}
{"target": -43.84322850507005, "params": {"eta": 0.43465047303701876, "max_depth": 1.1668122837367232, "n_estimators": 44.61992887611679}, "datetime": {"datetime": "2021-09-24 16:08:56", "elapsed": 271.732952, "delta": 2.101189}}
{"target": -43.87007955680216, "params": {"eta": 0.0762369732781476, "max_depth": 2.8423840867946852, "n_estimators": 42.99627018909863}, "datetime": {"datetime": "2021-09-24 16:08:58", "elapsed": 272.927826, "delta": 1.194874}}
{"target": -42.92732448147652, "params": {"eta": 0.300000386561312, "max_depth": 1.5383171145628003, "n_estimators": 46.30582120011948}, "datetime": {"datetime": "2021-09-24 16:09:00", "elapsed": 274.868823, "delta": 1.940997}}
{"target": -43.36450166630566, "params": {"eta": 0.06017104289733078, "max_depth": 2.4010460204651287, "n_estimators": 85.40394918110134}, "datetime": {"datetime": "2021-09-24 16:09:02", "elapsed": 276.959947, "delta": 2.091124}}
{"target": -48.17090870563249, "params": {"eta": 0.4868085895223594, "max_depth": 4.363129557926066, "n_estimators": 31.049618256490817}, "datetime": {"datetime": "2021-09-24 16:09:03", "elapsed": 278.187944, "delta": 1.227997}}
{"target": -44.25313791834322, "params": {"eta": 0.4626910968193349, "max_depth": 1.410965509182144, "n_estimators": 18.235163958893338}, "datetime": {"datetime": "2021-09-24 16:09:05", "elapsed": 280.089832, "delta": 1.901888}}
{"target": -47.2528672756109, "params": {"eta": 0.050661692761488956, "max_depth": 1.133820790063647, "n_estimators": 46.18921505866966}, "datetime": {"datetime": "2021-09-24 16:09:08", "elapsed": 282.95584, "delta": 2.866008}}
{"target": -43.52849705057933, "params": {"eta": 0.32651488358810576, "max_depth": 1.2239573722994779, "n_estimators": 21.500142200295475}, "datetime": {"datetime": "2021-09-24 16:09:10", "elapsed": 285.191829, "delta": 2.235989}}
{"target": -43.69143189164929, "params": {"eta": 0.08407269438925064, "max_depth": 1.9449529375788455, "n_estimators": 85.22917338542426}, "datetime": {"datetime": "2021-09-24 16:09:12", "elapsed": 287.538119, "delta": 2.34629}}
{"target": -42.675341957493835, "params": {"eta": 0.19023008278529083, "max_depth": 1.5622525263596243, "n_estimators": 72.53204502578848}, "datetime": {"datetime": "2021-09-24 16:09:14", "elapsed": 289.351308, "delta": 1.813189}}
{"target": -42.932764067685696, "params": {"eta": 0.292455085855511, "max_depth": 1.1747531605928128, "n_estimators": 72.78281105749943}, "datetime": {"datetime": "2021-09-24 16:09:16", "elapsed": 291.516092, "delta": 2.164784}}
{"target": -49.655416130123285, "params": {"eta": 0.2702025074251562, "max_depth": 4.471821779292743, "n_estimators": 78.5407339996827}, "datetime": {"datetime": "2021-09-24 16:09:17", "elapsed": 292.780778, "delta": 1.264686}}
{"target": -42.56712860451605, "params": {"eta": 0.24422347301573216, "max_depth": 1.6017304465293671, "n_estimators": 71.86665508679856}, "datetime": {"datetime": "2021-09-24 16:09:20", "elapsed": 295.293808, "delta": 2.51303}}
{"target": -44.911147239512964, "params": {"eta": 0.45397247222248754, "max_depth": 1.652428338758782, "n_estimators": 72.22207626855834}, "datetime": {"datetime": "2021-09-24 16:09:22", "elapsed": 297.231813, "delta": 1.938005}}
{"target": -42.55941379518437, "params": {"eta": 0.34473683480333434, "max_depth": 1.3595254142847368, "n_estimators": 45.26542758291909}, "datetime": {"datetime": "2021-09-24 16:09:23", "elapsed": 298.475529, "delta": 1.243716}}
{"target": -44.34147317068918, "params": {"eta": 0.05427566306795707, "max_depth": 1.5508709925395108, "n_estimators": 99.2804897817047}, "datetime": {"datetime": "2021-09-24 16:09:25", "elapsed": 300.174873, "delta": 1.699344}}
{"target": -42.96918467471474, "params": {"eta": 0.29489703836001235, "max_depth": 1.1270002733710167, "n_estimators": 40.96810997194187}, "datetime": {"datetime": "2021-09-24 16:09:27", "elapsed": 302.252452, "delta": 2.077579}}
{"target": -43.33144126261087, "params": {"eta": 0.22848678394579514, "max_depth": 1.6863121943997252, "n_estimators": 40.55385997305263}, "datetime": {"datetime": "2021-09-24 16:09:29", "elapsed": 304.493683, "delta": 2.241231}}
{"target": -46.291171482631135, "params": {"eta": 0.39544347557680487, "max_depth": 2.1390025516251834, "n_estimators": 4.079746336350571}, "datetime": {"datetime": "2021-09-24 16:09:31", "elapsed": 305.837772, "delta": 1.344089}}
{"target": -43.646929633348506, "params": {"eta": 0.11326034220579002, "max_depth": 1.5887475405532152, "n_estimators": 66.76834813963812}, "datetime": {"datetime": "2021-09-24 16:09:33", "elapsed": 307.98893, "delta": 2.151158}}
{"target": -43.60019563373766, "params": {"eta": 0.1085151248614841, "max_depth": 1.3890999973272162, "n_estimators": 66.19219170027631}, "datetime": {"datetime": "2021-09-24 16:09:34", "elapsed": 309.518813, "delta": 1.529883}}
{"target": -43.38348973783335, "params": {"eta": 0.05, "max_depth": 2.922580297808029, "n_estimators": 85.10454157848442}, "datetime": {"datetime": "2021-09-24 16:09:36", "elapsed": 311.380084, "delta": 1.861271}}
{"target": -43.233467331506255, "params": {"eta": 0.3051804468751424, "max_depth": 1.453414734606806, "n_estimators": 80.6883226167143}, "datetime": {"datetime": "2021-09-24 16:09:38", "elapsed": 313.012916, "delta": 1.632832}}
{"target": -43.73443385532924, "params": {"eta": 0.09247037117377867, "max_depth": 1.185101671267231, "n_estimators": 71.6199271471075}, "datetime": {"datetime": "2021-09-24 16:09:39", "elapsed": 314.769594, "delta": 1.756678}}
{"target": -48.858824335542835, "params": {"eta": 0.2772600299003135, "max_depth": 3.5746291540891537, "n_estimators": 56.11015081707336}, "datetime": {"datetime": "2021-09-24 16:09:41", "elapsed": 316.127869, "delta": 1.358275}}
{"target": -44.653566518224274, "params": {"eta": 0.09028385826864567, "max_depth": 1.9297230915007266, "n_estimators": 49.422320070591915}, "datetime": {"datetime": "2021-09-24 16:09:42", "elapsed": 317.567973, "delta": 1.440104}}
{"target": -44.255668410681245, "params": {"eta": 0.5, "max_depth": 3.170445220170175, "n_estimators": 8.763701900654281}, "datetime": {"datetime": "2021-09-24 16:09:45", "elapsed": 320.006932, "delta": 2.438959}}
{"target": -42.77258891629097, "params": {"eta": 0.1881284018175582, "max_depth": 1.1173010184553056, "n_estimators": 90.39400781866742}, "datetime": {"datetime": "2021-09-24 16:09:47", "elapsed": 321.907086, "delta": 1.900154}}
{"target": -50.00706940844543, "params": {"eta": 0.4945597033027816, "max_depth": 4.524512309705551, "n_estimators": 43.36900793602542}, "datetime": {"datetime": "2021-09-24 16:09:48", "elapsed": 323.266909, "delta": 1.359823}}
{"target": -46.821581331410805, "params": {"eta": 0.11547641291021907, "max_depth": 1.0, "n_estimators": 22.962783954136654}, "datetime": {"datetime": "2021-09-24 16:09:50", "elapsed": 325.452161, "delta": 2.185252}}
{"target": -43.676297639545645, "params": {"eta": 0.09304193389331988, "max_depth": 1.7129319874719617, "n_estimators": 73.10797508062281}, "datetime": {"datetime": "2021-09-24 16:09:51", "elapsed": 326.607679, "delta": 1.155518}}
{"target": -48.065011920785544, "params": {"eta": 0.41415504516882284, "max_depth": 2.00723368443376, "n_estimators": 80.97954136273735}, "datetime": {"datetime": "2021-09-24 16:09:54", "elapsed": 329.387974, "delta": 2.780295}}
{"target": -43.87130788932169, "params": {"eta": 0.17331535568892797, "max_depth": 1.113225184114845, "n_estimators": 35.21853897770828}, "datetime": {"datetime": "2021-09-24 16:09:57", "elapsed": 332.473887, "delta": 3.085913}}
{"target": -50.9878295048287, "params": {"eta": 0.3553199875366884, "max_depth": 3.0384222072210223, "n_estimators": 80.92604477531722}, "datetime": {"datetime": "2021-09-24 16:09:59", "elapsed": 333.927606, "delta": 1.453719}}
{"target": -45.470910179883916, "params": {"eta": 0.438375049232993, "max_depth": 3.3407194999881153, "n_estimators": 21.832681343110377}, "datetime": {"datetime": "2021-09-24 16:10:00", "elapsed": 335.213101, "delta": 1.285495}}
{"target": -50.819240736782106, "params": {"eta": 0.5, "max_depth": 2.580583748550599, "n_estimators": 85.11015557241365}, "datetime": {"datetime": "2021-09-24 16:10:02", "elapsed": 336.888189, "delta": 1.675088}}
{"target": -43.70793484565907, "params": {"eta": 0.07806840628660319, "max_depth": 1.5953597670293922, "n_estimators": 90.72383323192112}, "datetime": {"datetime": "2021-09-24 16:10:03", "elapsed": 338.806041, "delta": 1.917852}}
{"target": -42.609247480119976, "params": {"eta": 0.3549112260223637, "max_depth": 1.7833302588209219, "n_estimators": 39.98129957682711}, "datetime": {"datetime": "2021-09-24 16:10:05", "elapsed": 340.625341, "delta": 1.8193}}
{"target": -43.13963917323521, "params": {"eta": 0.3935048214633537, "max_depth": 1.7398493738926453, "n_estimators": 54.345600003470345}, "datetime": {"datetime": "2021-09-24 16:10:08", "elapsed": 342.886559, "delta": 2.261218}}
{"target": -72.64820761429637, "params": {"eta": 0.08544408901318687, "max_depth": 2.535617810086049, "n_estimators": 8.80723110577768}, "datetime": {"datetime": "2021-09-24 16:10:09", "elapsed": 344.090774, "delta": 1.204215}}
{"target": -44.5158777452053, "params": {"eta": 0.05, "max_depth": 3.762366056156461, "n_estimators": 75.86426899379748}, "datetime": {"datetime": "2021-09-24 16:10:11", "elapsed": 345.908011, "delta": 1.817237}}
{"target": -44.56656032935121, "params": {"eta": 0.49817482977298044, "max_depth": 1.0288351843875647, "n_estimators": 14.424874595352469}, "datetime": {"datetime": "2021-09-24 16:10:12", "elapsed": 347.109143, "delta": 1.201132}}
{"target": -43.25665122584293, "params": {"eta": 0.20229101085795687, "max_depth": 1.8283180963970858, "n_estimators": 54.94812984404786}, "datetime": {"datetime": "2021-09-24 16:10:13", "elapsed": 348.821348, "delta": 1.712205}}
{"target": -44.059910308149526, "params": {"eta": 0.101374983063622, "max_depth": 1.2313509265739064, "n_estimators": 55.251934109764385}, "datetime": {"datetime": "2021-09-24 16:10:15", "elapsed": 350.461804, "delta": 1.640456}}
{"target": -43.47694746892255, "params": {"eta": 0.19804883848055227, "max_depth": 1.155153276181876, "n_estimators": 39.550423117907364}, "datetime": {"datetime": "2021-09-24 16:10:17", "elapsed": 352.070643, "delta": 1.608839}}
{"target": -42.998517344768786, "params": {"eta": 0.19067326898108505, "max_depth": 1.8096475515210453, "n_estimators": 74.56683125737888}, "datetime": {"datetime": "2021-09-24 16:10:18", "elapsed": 353.692667, "delta": 1.622024}}
{"target": -43.584407749032614, "params": {"eta": 0.0940881455464474, "max_depth": 2.3376449185967303, "n_estimators": 74.9841794734219}, "datetime": {"datetime": "2021-09-24 16:10:21", "elapsed": 356.078993, "delta": 2.386326}}
{"target": -45.9428459396936, "params": {"eta": 0.1421640767037328, "max_depth": 4.97102347811257, "n_estimators": 71.22721734886449}, "datetime": {"datetime": "2021-09-24 16:10:22", "elapsed": 357.50476, "delta": 1.425767}}
{"target": -47.83262553967928, "params": {"eta": 0.34592079639777057, "max_depth": 2.573349795772121, "n_estimators": 47.2763324741953}, "datetime": {"datetime": "2021-09-24 16:10:24", "elapsed": 358.843296, "delta": 1.338536}}
{"target": -49.399323370223655, "params": {"eta": 0.27237305333162665, "max_depth": 4.634215294962733, "n_estimators": 70.89055284130801}, "datetime": {"datetime": "2021-09-24 16:10:26", "elapsed": 361.474902, "delta": 2.631606}}
{"target": -43.37197583420832, "params": {"eta": 0.42234577242020066, "max_depth": 1.6363687531164826, "n_estimators": 41.091656865674615}, "datetime": {"datetime": "2021-09-24 16:10:28", "elapsed": 363.350822, "delta": 1.87592}}
{"target": -50.56297414105638, "params": {"eta": 0.4687214909506122, "max_depth": 4.716640501891341, "n_estimators": 89.14487651982968}, "datetime": {"datetime": "2021-09-24 16:10:30", "elapsed": 364.842723, "delta": 1.491901}}
