{"target": 0.29317228933228945, "params": {"eta": 0.19604733143864295, "max_depth": 10.089049130521982, "n_estimators": 36.78170041392673}, "datetime": {"datetime": "2021-09-24 12:43:19", "elapsed": 431.026667, "delta": 2.48472}}
{"target": 0.139056626731763, "params": {"eta": 0.59011487530882, "max_depth": 9.577182659244134, "n_estimators": 37.15499631133745}, "datetime": {"datetime": "2021-09-24 12:43:23", "elapsed": 434.971875, "delta": 3.945208}}
{"target": 0.2978841758029681, "params": {"eta": 0.13583220123410142, "max_depth": 10.055327500092616, "n_estimators": 35.96939647427302}, "datetime": {"datetime": "2021-09-24 12:43:25", "elapsed": 437.393926, "delta": 2.422051}}
{"target": 0.25956016727711106, "params": {"eta": 0.08, "max_depth": 10.928335271532434, "n_estimators": 27.177021143745655}, "datetime": {"datetime": "2021-09-24 12:43:27", "elapsed": 439.698202, "delta": 2.304276}}
{"target": 0.1128453510558699, "params": {"eta": 0.6, "max_depth": 12.49818935919527, "n_estimators": 24.768074214780817}, "datetime": {"datetime": "2021-09-24 12:43:30", "elapsed": 441.971232, "delta": 2.27303}}
{"target": 0.16384426338986313, "params": {"eta": 0.573196370588766, "max_depth": 9.30638402644841, "n_estimators": 36.019214561665144}, "datetime": {"datetime": "2021-09-24 12:43:32", "elapsed": 444.638674, "delta": 2.667442}}
{"target": 0.31608548047791296, "params": {"eta": 0.08, "max_depth": 18.019411117904145, "n_estimators": 47.764306803617536}, "datetime": {"datetime": "2021-09-24 12:43:35", "elapsed": 447.778946, "delta": 3.140272}}
{"target": 0.23515514509574953, "params": {"eta": 0.4253034940952591, "max_depth": 14.73935911049521, "n_estimators": 42.218674522393414}, "datetime": {"datetime": "2021-09-24 12:43:38", "elapsed": 449.867474, "delta": 2.088528}}
{"target": 0.2669155943788917, "params": {"eta": 0.08, "max_depth": 12.324709641537485, "n_estimators": 28.553443887018283}, "datetime": {"datetime": "2021-09-24 12:43:40", "elapsed": 452.483457, "delta": 2.615983}}
{"target": 0.281992756112211, "params": {"eta": 0.08, "max_depth": 12.054512577876547, "n_estimators": 30.99203191569337}, "datetime": {"datetime": "2021-09-24 12:43:43", "elapsed": 455.162903, "delta": 2.679446}}
{"target": 0.27528007604398275, "params": {"eta": 0.37984244270336714, "max_depth": 12.885824826714128, "n_estimators": 37.50129471735705}, "datetime": {"datetime": "2021-09-24 12:43:45", "elapsed": 457.516131, "delta": 2.353228}}
{"target": 0.2902760866383426, "params": {"eta": 0.44334066450508547, "max_depth": 13.592662720774234, "n_estimators": 37.55618418565399}, "datetime": {"datetime": "2021-09-24 12:43:48", "elapsed": 460.5822, "delta": 3.066069}}
{"target": 0.2659563231621398, "params": {"eta": 0.4382961419516531, "max_depth": 15.156520752196885, "n_estimators": 7.562648768979672}, "datetime": {"datetime": "2021-09-24 12:43:50", "elapsed": 462.539013, "delta": 1.956813}}
{"target": 0.31407974352738144, "params": {"eta": 0.37485015194649707, "max_depth": 8.44891482067793, "n_estimators": 26.89813998087485}, "datetime": {"datetime": "2021-09-24 12:43:52", "elapsed": 464.189018, "delta": 1.650005}}
{"target": 0.2921460058279798, "params": {"eta": 0.08617890092868163, "max_depth": 16.836694498005627, "n_estimators": 43.779069781468834}, "datetime": {"datetime": "2021-09-24 12:43:54", "elapsed": 466.701608, "delta": 2.51259}}
{"target": 0.26393943705996237, "params": {"eta": 0.13720313418235947, "max_depth": 15.439962737740592, "n_estimators": 28.74932639199821}, "datetime": {"datetime": "2021-09-24 12:43:56", "elapsed": 468.512083, "delta": 1.810475}}
{"target": 0.2846414743580955, "params": {"eta": 0.3850324890045234, "max_depth": 18.4120864404604, "n_estimators": 23.452815876584708}, "datetime": {"datetime": "2021-09-24 12:43:58", "elapsed": 470.289505, "delta": 1.777422}}
{"target": 0.15896975204231045, "params": {"eta": 0.5987197652403344, "max_depth": 14.261081336069568, "n_estimators": 14.41089853948159}, "datetime": {"datetime": "2021-09-24 12:44:00", "elapsed": 471.964973, "delta": 1.675468}}
{"target": 0.24344288397056812, "params": {"eta": 0.5182510227833858, "max_depth": 13.139598914501661, "n_estimators": 37.72280534546935}, "datetime": {"datetime": "2021-09-24 12:44:02", "elapsed": 474.849825, "delta": 2.884852}}
{"target": 0.2636952798678005, "params": {"eta": 0.4545361737469943, "max_depth": 13.3117616399043, "n_estimators": 37.11957947173126}, "datetime": {"datetime": "2021-09-24 12:44:05", "elapsed": 477.452258, "delta": 2.602433}}
{"target": 0.28907362503418654, "params": {"eta": 0.12116464849906339, "max_depth": 11.347889486390574, "n_estimators": 30.464444691086168}, "datetime": {"datetime": "2021-09-24 12:44:08", "elapsed": 480.151458, "delta": 2.6992}}
{"target": 0.3057535128050385, "params": {"eta": 0.10177608743879625, "max_depth": 17.722259286812168, "n_estimators": 22.772152810340284}, "datetime": {"datetime": "2021-09-24 12:44:10", "elapsed": 482.63569, "delta": 2.484232}}
{"target": 0.28848735240709766, "params": {"eta": 0.45253595192201157, "max_depth": 18.333663278466776, "n_estimators": 22.44562871849887}, "datetime": {"datetime": "2021-09-24 12:44:13", "elapsed": 485.253978, "delta": 2.618288}}
{"target": 0.30197793994480715, "params": {"eta": 0.2106710852079498, "max_depth": 17.745871633643773, "n_estimators": 26.74426025975223}, "datetime": {"datetime": "2021-09-24 12:44:15", "elapsed": 487.061844, "delta": 1.807866}}
{"target": 0.19492304094576607, "params": {"eta": 0.4651298352272298, "max_depth": 17.450876726616805, "n_estimators": 23.403374408538337}, "datetime": {"datetime": "2021-09-24 12:44:18", "elapsed": 490.231848, "delta": 3.170004}}
{"target": 0.3112580240166003, "params": {"eta": 0.10066573304405346, "max_depth": 8.146894372998531, "n_estimators": 46.65007251412188}, "datetime": {"datetime": "2021-09-24 12:44:20", "elapsed": 492.823902, "delta": 2.592054}}
{"target": 0.29343060869857873, "params": {"eta": 0.1823274901821904, "max_depth": 9.061542352270095, "n_estimators": 46.43179343203897}, "datetime": {"datetime": "2021-09-24 12:44:24", "elapsed": 495.889902, "delta": 3.066}}
{"target": 0.31854035516819534, "params": {"eta": 0.3522824085618377, "max_depth": 11.130696017534977, "n_estimators": 12.55546297789411}, "datetime": {"datetime": "2021-09-24 12:44:25", "elapsed": 497.554905, "delta": 1.665003}}
{"target": 0.2829181563461829, "params": {"eta": 0.29665852796287157, "max_depth": 17.796821642010478, "n_estimators": 21.80924153263115}, "datetime": {"datetime": "2021-09-24 12:44:28", "elapsed": 500.4259, "delta": 2.870995}}
{"target": 0.275465402795287, "params": {"eta": 0.3136278076015881, "max_depth": 16.660780515611922, "n_estimators": 44.29380431728045}, "datetime": {"datetime": "2021-09-24 12:44:30", "elapsed": 502.210905, "delta": 1.785005}}
{"target": -0.23470907735200863, "params": {"eta": 0.0835783032578754, "max_depth": 11.85069211956402, "n_estimators": 12.345223317883363}, "datetime": {"datetime": "2021-09-24 12:44:32", "elapsed": 504.802903, "delta": 2.591998}}
{"target": 0.25792279707141175, "params": {"eta": 0.5340429236949238, "max_depth": 10.494421720093271, "n_estimators": 12.689362157539046}, "datetime": {"datetime": "2021-09-24 12:44:36", "elapsed": 507.978906, "delta": 3.176003}}
{"target": 0.07327835614350842, "params": {"eta": 0.6, "max_depth": 10.347929156022674, "n_estimators": 29.643359292448345}, "datetime": {"datetime": "2021-09-24 12:44:39", "elapsed": 511.670294, "delta": 3.691388}}
{"target": 0.16831710824850188, "params": {"eta": 0.5965487739815115, "max_depth": 15.742860498213647, "n_estimators": 10.508640673349161}, "datetime": {"datetime": "2021-09-24 12:44:41", "elapsed": 513.488669, "delta": 1.818375}}
{"target": 0.3113570588462298, "params": {"eta": 0.08, "max_depth": 9.671723806303913, "n_estimators": 38.3273163316501}, "datetime": {"datetime": "2021-09-24 12:44:44", "elapsed": 516.770883, "delta": 3.282214}}
{"target": 0.2511729738334144, "params": {"eta": 0.32928661180013574, "max_depth": 10.974198504719663, "n_estimators": 13.375344515233175}, "datetime": {"datetime": "2021-09-24 12:44:47", "elapsed": 519.32486, "delta": 2.553977}}
{"target": 0.33835838113658256, "params": {"eta": 0.08987034582406508, "max_depth": 14.768222870497286, "n_estimators": 46.948410263862264}, "datetime": {"datetime": "2021-09-24 12:44:49", "elapsed": 521.831515, "delta": 2.506655}}
{"target": 0.3554940682212039, "params": {"eta": 0.16300410824647088, "max_depth": 13.988767516720266, "n_estimators": 46.79866971071098}, "datetime": {"datetime": "2021-09-24 12:44:53", "elapsed": 525.420186, "delta": 3.588671}}
{"target": 0.2289429961830548, "params": {"eta": 0.15461843734713954, "max_depth": 14.38167410532622, "n_estimators": 47.45587324216142}, "datetime": {"datetime": "2021-09-24 12:44:56", "elapsed": 528.050374, "delta": 2.630188}}
{"target": 0.16853644411704338, "params": {"eta": 0.5877518383674213, "max_depth": 14.498629174554178, "n_estimators": 46.71409361478612}, "datetime": {"datetime": "2021-09-24 12:44:58", "elapsed": 530.856049, "delta": 2.805675}}
{"target": -0.6636127259641766, "params": {"eta": 0.1002662362473024, "max_depth": 7.364738994498204, "n_estimators": 7.877529741213246}, "datetime": {"datetime": "2021-09-24 12:45:00", "elapsed": 532.557817, "delta": 1.701768}}
{"target": 0.20833753748018613, "params": {"eta": 0.4698723957348978, "max_depth": 13.254179900308596, "n_estimators": 46.76034727173487}, "datetime": {"datetime": "2021-09-24 12:45:03", "elapsed": 535.428555, "delta": 2.870738}}
{"target": 0.14927238614646154, "params": {"eta": 0.6, "max_depth": 17.537847718887324, "n_estimators": 43.67022272521608}, "datetime": {"datetime": "2021-09-24 12:45:06", "elapsed": 537.957026, "delta": 2.528471}}
{"target": -0.26847372540889003, "params": {"eta": 0.15845239653570797, "max_depth": 17.313594294151514, "n_estimators": 6.409105669622802}, "datetime": {"datetime": "2021-09-24 12:45:07", "elapsed": 539.622276, "delta": 1.66525}}
{"target": 0.3090367440793349, "params": {"eta": 0.0811493406615564, "max_depth": 10.939832717791791, "n_estimators": 37.198698044238036}, "datetime": {"datetime": "2021-09-24 12:45:10", "elapsed": 542.229834, "delta": 2.607558}}
{"target": 0.3270064858512427, "params": {"eta": 0.08, "max_depth": 11.52288154845595, "n_estimators": 40.84131079963901}, "datetime": {"datetime": "2021-09-24 12:45:13", "elapsed": 545.191905, "delta": 2.962071}}
{"target": 0.3652908626373328, "params": {"eta": 0.10744353364633502, "max_depth": 9.595453310605455, "n_estimators": 30.784243438399713}, "datetime": {"datetime": "2021-09-24 12:45:15", "elapsed": 547.267055, "delta": 2.07515}}
{"target": 0.3613897910490641, "params": {"eta": 0.20167361432539166, "max_depth": 11.751288294320094, "n_estimators": 31.818626161359617}, "datetime": {"datetime": "2021-09-24 12:45:18", "elapsed": 550.084436, "delta": 2.817381}}
{"target": 0.3472052760610763, "params": {"eta": 0.2309413866502416, "max_depth": 12.460506362930506, "n_estimators": 31.684486738590888}, "datetime": {"datetime": "2021-09-24 12:45:22", "elapsed": 554.73369, "delta": 4.649254}}
{"target": 0.06631268638355248, "params": {"eta": 0.5768203216369963, "max_depth": 13.101522351052974, "n_estimators": 31.558659913882185}, "datetime": {"datetime": "2021-09-24 12:45:26", "elapsed": 558.391802, "delta": 3.658112}}
{"target": 0.2857727357004093, "params": {"eta": 0.2807562437528032, "max_depth": 11.545570461186363, "n_estimators": 32.410658831258196}, "datetime": {"datetime": "2021-09-24 12:45:30", "elapsed": 562.402911, "delta": 4.011109}}
{"target": 0.2872739482285964, "params": {"eta": 0.19364204909187743, "max_depth": 13.544684305390128, "n_estimators": 25.392959412093347}, "datetime": {"datetime": "2021-09-24 12:45:32", "elapsed": 564.824603, "delta": 2.421692}}
{"target": 0.08122202239309417, "params": {"eta": 0.5753710669601355, "max_depth": 12.084013979905828, "n_estimators": 31.396116516958497}, "datetime": {"datetime": "2021-09-24 12:45:35", "elapsed": 567.59484, "delta": 2.770237}}
{"target": 0.21973445524100232, "params": {"eta": 0.5555900327264278, "max_depth": 11.372026795969646, "n_estimators": 8.927496547771383}, "datetime": {"datetime": "2021-09-24 12:45:37", "elapsed": 569.636771, "delta": 2.041931}}
{"target": 0.2782592905837197, "params": {"eta": 0.38328915682233544, "max_depth": 8.198643607382953, "n_estimators": 15.250696676955453}, "datetime": {"datetime": "2021-09-24 12:45:39", "elapsed": 571.690191, "delta": 2.05342}}
{"target": 0.2671975680109906, "params": {"eta": 0.11005770136261213, "max_depth": 14.326903655760637, "n_estimators": 40.345518114294684}, "datetime": {"datetime": "2021-09-24 12:45:43", "elapsed": 574.957517, "delta": 3.267326}}
{"target": 0.2615835049167532, "params": {"eta": 0.3896487465441375, "max_depth": 12.163993459358846, "n_estimators": 48.46267735307695}, "datetime": {"datetime": "2021-09-24 12:45:47", "elapsed": 579.446101, "delta": 4.488584}}
{"target": 0.3094417013755022, "params": {"eta": 0.08, "max_depth": 15.159671780568319, "n_estimators": 41.508444622986}, "datetime": {"datetime": "2021-09-24 12:45:50", "elapsed": 582.566567, "delta": 3.120466}}
{"target": 0.3180500348984976, "params": {"eta": 0.18142558824765853, "max_depth": 15.51371092383406, "n_estimators": 40.739909278235004}, "datetime": {"datetime": "2021-09-24 12:45:54", "elapsed": 585.89983, "delta": 3.333263}}
{"target": 0.07832896481133733, "params": {"eta": 0.5706811504648618, "max_depth": 14.582877826812163, "n_estimators": 41.166045463467405}, "datetime": {"datetime": "2021-09-24 12:45:57", "elapsed": 589.536087, "delta": 3.636257}}
{"target": 0.3094417013755022, "params": {"eta": 0.08, "max_depth": 15.951580836958462, "n_estimators": 41.37880977846215}, "datetime": {"datetime": "2021-09-24 12:46:01", "elapsed": 593.068208, "delta": 3.532121}}
{"target": 0.3080339369146877, "params": {"eta": 0.08, "max_depth": 16.295400177753628, "n_estimators": 40.60839198647487}, "datetime": {"datetime": "2021-09-24 12:46:05", "elapsed": 597.25125, "delta": 4.183042}}
{"target": 0.14515645556305634, "params": {"eta": 0.6, "max_depth": 15.872633327763975, "n_estimators": 40.13498842771024}, "datetime": {"datetime": "2021-09-24 12:46:09", "elapsed": 601.270758, "delta": 4.019508}}
{"target": 0.287981372848064, "params": {"eta": 0.3313829194054402, "max_depth": 16.72240027819341, "n_estimators": 41.14637184634299}, "datetime": {"datetime": "2021-09-24 12:46:12", "elapsed": 604.5054, "delta": 3.234642}}
{"target": 0.31006496219723945, "params": {"eta": 0.09205702011095447, "max_depth": 17.124463635172166, "n_estimators": 40.36754957186808}, "datetime": {"datetime": "2021-09-24 12:46:15", "elapsed": 607.49277, "delta": 2.98737}}
{"target": 0.1492723849635209, "params": {"eta": 0.6, "max_depth": 17.559189306552145, "n_estimators": 40.84898813910093}, "datetime": {"datetime": "2021-09-24 12:46:18", "elapsed": 610.520232, "delta": 3.027462}}
{"target": 0.3060904908515917, "params": {"eta": 0.08, "max_depth": 17.02411340489103, "n_estimators": 39.565753733920346}, "datetime": {"datetime": "2021-09-24 12:46:21", "elapsed": 613.849352, "delta": 3.32912}}
{"target": 0.05028277548391291, "params": {"eta": 0.15658514196010515, "max_depth": 13.814275917422043, "n_estimators": 9.650749241992592}, "datetime": {"datetime": "2021-09-24 12:46:24", "elapsed": 616.746818, "delta": 2.897466}}
{"target": 0.23864238365500334, "params": {"eta": 0.4247424827109247, "max_depth": 13.729638135229669, "n_estimators": 11.133667282228183}, "datetime": {"datetime": "2021-09-24 12:46:28", "elapsed": 620.59506, "delta": 3.848242}}
{"target": 0.1098801134909857, "params": {"eta": 0.6, "max_depth": 12.66961007143803, "n_estimators": 10.630640137192488}, "datetime": {"datetime": "2021-09-24 12:46:31", "elapsed": 623.676378, "delta": 3.081318}}
{"target": 0.3154871496140941, "params": {"eta": 0.08295012057306525, "max_depth": 14.275980355381275, "n_estimators": 45.480631529675605}, "datetime": {"datetime": "2021-09-24 12:46:34", "elapsed": 625.873133, "delta": 2.196755}}
{"target": 0.31572247618508664, "params": {"eta": 0.21266683195557817, "max_depth": 9.239425077537422, "n_estimators": 24.697762485656302}, "datetime": {"datetime": "2021-09-24 12:46:36", "elapsed": 627.916934, "delta": 2.043801}}
{"target": 0.3649880433719871, "params": {"eta": 0.18226277448050815, "max_depth": 13.868444046560874, "n_estimators": 46.22508801404384}, "datetime": {"datetime": "2021-09-24 12:46:38", "elapsed": 630.738417, "delta": 2.821483}}
{"target": 0.3029177695362394, "params": {"eta": 0.25466718816691625, "max_depth": 7.567482848140382, "n_estimators": 35.903630516833395}, "datetime": {"datetime": "2021-09-24 12:46:41", "elapsed": 633.816845, "delta": 3.078428}}
{"target": 0.14645485720802554, "params": {"eta": 0.08, "max_depth": 18.688816442969717, "n_estimators": 21.69537003978806}, "datetime": {"datetime": "2021-09-24 12:46:44", "elapsed": 636.551547, "delta": 2.734702}}
{"target": 0.07549988124989082, "params": {"eta": 0.6, "max_depth": 10.717567515895558, "n_estimators": 11.869356467041486}, "datetime": {"datetime": "2021-09-24 12:46:47", "elapsed": 639.173567, "delta": 2.62202}}
{"target": 0.2821315939484702, "params": {"eta": 0.09551240930277234, "max_depth": 15.440784168046013, "n_estimators": 42.12745408209337}, "datetime": {"datetime": "2021-09-24 12:46:51", "elapsed": 642.859023, "delta": 3.685456}}
{"target": 0.3205714693786257, "params": {"eta": 0.08, "max_depth": 14.31014305411283, "n_estimators": 37.791451419728865}, "datetime": {"datetime": "2021-09-24 12:46:54", "elapsed": 646.304157, "delta": 3.445134}}
{"target": 0.27288963994134563, "params": {"eta": 0.26404982656108933, "max_depth": 17.299262700574715, "n_estimators": 38.77080039323269}, "datetime": {"datetime": "2021-09-24 12:46:57", "elapsed": 649.688852, "delta": 3.384695}}
{"target": 0.19290523774790036, "params": {"eta": 0.5954289170348607, "max_depth": 17.61593154677982, "n_estimators": 39.715325028330206}, "datetime": {"datetime": "2021-09-24 12:47:01", "elapsed": 653.559778, "delta": 3.870926}}
{"target": 0.3066210957043386, "params": {"eta": 0.13306170716536908, "max_depth": 19.934926699253325, "n_estimators": 25.439982007279262}, "datetime": {"datetime": "2021-09-24 12:47:05", "elapsed": 657.853434, "delta": 4.293656}}
{"target": 0.30408761074849444, "params": {"eta": 0.08, "max_depth": 16.456719995938343, "n_estimators": 38.96465940393106}, "datetime": {"datetime": "2021-09-24 12:47:09", "elapsed": 661.478094, "delta": 3.62466}}
{"target": -0.17643187699377627, "params": {"eta": 0.13233530408613933, "max_depth": 9.199912006971147, "n_estimators": 8.148069050248248}, "datetime": {"datetime": "2021-09-24 12:47:11", "elapsed": 663.596125, "delta": 2.118031}}
{"target": -0.11322872423330854, "params": {"eta": 0.08055401877882411, "max_depth": 11.077013847816078, "n_estimators": 14.41582975852854}, "datetime": {"datetime": "2021-09-24 12:47:13", "elapsed": 665.574125, "delta": 1.978}}
{"target": 0.28795887944962195, "params": {"eta": 0.2753114034010528, "max_depth": 16.608354494268724, "n_estimators": 38.151105636810605}, "datetime": {"datetime": "2021-09-24 12:47:16", "elapsed": 668.776829, "delta": 3.202704}}
{"target": 0.300372261243554, "params": {"eta": 0.09236602451330989, "max_depth": 15.014350186874402, "n_estimators": 37.38660303678721}, "datetime": {"datetime": "2021-09-24 12:47:21", "elapsed": 673.054782, "delta": 4.277953}}
{"target": 0.15406341939905732, "params": {"eta": 0.5194417511629397, "max_depth": 8.173130501053112, "n_estimators": 11.464168182934868}, "datetime": {"datetime": "2021-09-24 12:47:23", "elapsed": 675.16788, "delta": 2.113098}}
{"target": 0.2292131126708059, "params": {"eta": 0.11862711732798256, "max_depth": 15.923522109478887, "n_estimators": 37.35231192673369}, "datetime": {"datetime": "2021-09-24 12:47:27", "elapsed": 678.962758, "delta": 3.794878}}
{"target": 0.3256164380439944, "params": {"eta": 0.31748294557039963, "max_depth": 7.298167527487816, "n_estimators": 44.70313257787073}, "datetime": {"datetime": "2021-09-24 12:47:29", "elapsed": 681.28559, "delta": 2.322832}}
{"target": 0.31592823886369936, "params": {"eta": 0.1873349615901435, "max_depth": 14.348668119170421, "n_estimators": 32.92373944602102}, "datetime": {"datetime": "2021-09-24 12:47:31", "elapsed": 683.491174, "delta": 2.205584}}
{"target": 0.2876399371569254, "params": {"eta": 0.17513765313054103, "max_depth": 14.068404316046802, "n_estimators": 20.560699686829672}, "datetime": {"datetime": "2021-09-24 12:47:33", "elapsed": 685.781896, "delta": 2.290722}}
{"target": 0.25684985118674897, "params": {"eta": 0.2582972981076919, "max_depth": 17.64017125255966, "n_estimators": 8.85701578156123}, "datetime": {"datetime": "2021-09-24 12:47:35", "elapsed": 687.680766, "delta": 1.89887}}
{"target": 0.2515397493906497, "params": {"eta": 0.45420154482123243, "max_depth": 14.50343056622061, "n_estimators": 33.63008330214438}, "datetime": {"datetime": "2021-09-24 12:47:39", "elapsed": 691.177169, "delta": 3.496403}}
{"target": 0.31113502538298665, "params": {"eta": 0.15047332411620637, "max_depth": 13.670298479887762, "n_estimators": 33.221238596316496}, "datetime": {"datetime": "2021-09-24 12:47:42", "elapsed": 694.235608, "delta": 3.058439}}
{"target": 0.14190685523640068, "params": {"eta": 0.6, "max_depth": 14.15322928921087, "n_estimators": 39.666701071254685}, "datetime": {"datetime": "2021-09-24 12:47:45", "elapsed": 697.787845, "delta": 3.552237}}
{"target": 0.1707385859577264, "params": {"eta": 0.5334489804909377, "max_depth": 9.944080637153647, "n_estimators": 46.72411535028899}, "datetime": {"datetime": "2021-09-24 12:47:48", "elapsed": 700.689844, "delta": 2.901999}}
{"target": 0.3002058627714397, "params": {"eta": 0.08, "max_depth": 15.175004245168278, "n_estimators": 33.06526208075565}, "datetime": {"datetime": "2021-09-24 12:47:52", "elapsed": 704.334533, "delta": 3.644689}}
