{"target": -44.61692067196495, "params": {"eta": 0.1860496576843279, "max_depth": 1.293511781634226, "n_estimators": 318.4677189537596}, "datetime": {"datetime": "2021-09-24 16:53:54", "elapsed": 0.317004, "delta": 0.317004}}
{"target": -44.327297669604306, "params": {"eta": 0.1338170951199519, "max_depth": 1.6911214540860955, "n_estimators": 379.35349484613397}, "datetime": {"datetime": "2021-09-24 16:53:55", "elapsed": 0.814001, "delta": 0.496997}}
{"target": -47.59741702832674, "params": {"eta": 0.2924675303015106, "max_depth": 1.8383890288065896, "n_estimators": 437.0439000793519}, "datetime": {"datetime": "2021-09-24 16:53:55", "elapsed": 1.469546, "delta": 0.655545}}
{"target": -42.791511965873546, "params": {"eta": 0.056665180298443425, "max_depth": 1.55111253890993, "n_estimators": 379.3596666554711}, "datetime": {"datetime": "2021-09-24 16:53:56", "elapsed": 2.429691, "delta": 0.960145}}
{"target": -45.94556273015818, "params": {"eta": 0.24350445637494816, "max_depth": 1.171532309858097, "n_estimators": 379.3168624682242}, "datetime": {"datetime": "2021-09-24 16:53:57", "elapsed": 3.19198, "delta": 0.762289}}
{"target": -45.54745492003018, "params": {"eta": 0.2143574831336974, "max_depth": 1.6698352801885454, "n_estimators": 379.6063559622937}, "datetime": {"datetime": "2021-09-24 16:53:58", "elapsed": 3.890005, "delta": 0.698025}}
{"target": -45.31112651538132, "params": {"eta": 0.15238169060210127, "max_depth": 1.3111799947764349, "n_estimators": 489.4606902154335}, "datetime": {"datetime": "2021-09-24 16:54:01", "elapsed": 6.889071, "delta": 2.999066}}
{"target": -49.68078168711268, "params": {"eta": 0.3768152233465491, "max_depth": 2.457224027701384, "n_estimators": 338.93760631645506}, "datetime": {"datetime": "2021-09-24 16:54:05", "elapsed": 10.859472, "delta": 3.970401}}
{"target": -42.730542548617024, "params": {"eta": 0.05286470706797525, "max_depth": 1.3985193449647355, "n_estimators": 378.8053678075656}, "datetime": {"datetime": "2021-09-24 16:54:05", "elapsed": 11.603142, "delta": 0.74367}}
{"target": -52.850032744551065, "params": {"eta": 0.4799505089935379, "max_depth": 2.3281428316840955, "n_estimators": 394.14412798583646}, "datetime": {"datetime": "2021-09-24 16:54:06", "elapsed": 12.59366, "delta": 0.990518}}
{"target": -49.72118833011255, "params": {"eta": 0.269929725293684, "max_depth": 2.682357347464548, "n_estimators": 495.8136876729154}, "datetime": {"datetime": "2021-09-24 16:54:08", "elapsed": 13.807943, "delta": 1.214283}}
{"target": -44.418623945766825, "params": {"eta": 0.14494477081116294, "max_depth": 1.8345618332648792, "n_estimators": 378.5413881959168}, "datetime": {"datetime": "2021-09-24 16:54:09", "elapsed": 14.831276, "delta": 1.023333}}
{"target": -43.28252330579256, "params": {"eta": 0.08956243919810977, "max_depth": 1.1792786030871218, "n_estimators": 378.30459813356265}, "datetime": {"datetime": "2021-09-24 16:54:10", "elapsed": 16.581941, "delta": 1.750665}}
{"target": -51.91607202936832, "params": {"eta": 0.35470018682044635, "max_depth": 2.0958220854074785, "n_estimators": 376.64183342774095}, "datetime": {"datetime": "2021-09-24 16:54:11", "elapsed": 17.466448, "delta": 0.884507}}
{"target": -43.58015162245672, "params": {"eta": 0.1133402454513884, "max_depth": 1.2787591137965553, "n_estimators": 363.36646237024286}, "datetime": {"datetime": "2021-09-24 16:54:12", "elapsed": 18.255234, "delta": 0.788786}}
{"target": -49.30781006633787, "params": {"eta": 0.17330021045786204, "max_depth": 2.528696807651409, "n_estimators": 313.374109132063}, "datetime": {"datetime": "2021-09-24 16:54:13", "elapsed": 18.931231, "delta": 0.675997}}
{"target": -46.22090829942459, "params": {"eta": 0.26313485900293004, "max_depth": 1.982218429794684, "n_estimators": 363.26452692424783}, "datetime": {"datetime": "2021-09-24 16:54:14", "elapsed": 19.904414, "delta": 0.973183}}
{"target": -46.92385472749409, "params": {"eta": 0.3191909082776412, "max_depth": 1.225404114619001, "n_estimators": 323.35550193688556}, "datetime": {"datetime": "2021-09-24 16:54:14", "elapsed": 20.414912, "delta": 0.510498}}
{"target": -51.089127354155806, "params": {"eta": 0.3261310973230476, "max_depth": 2.114783791282319, "n_estimators": 430.72138406035594}, "datetime": {"datetime": "2021-09-24 16:54:15", "elapsed": 21.068104, "delta": 0.653192}}
{"target": -43.37256203558212, "params": {"eta": 0.08819342833487029, "max_depth": 1.8571429589518988, "n_estimators": 378.4814327436244}, "datetime": {"datetime": "2021-09-24 16:54:15", "elapsed": 21.652376, "delta": 0.584272}}
{"target": -46.20653341766587, "params": {"eta": 0.07357457475591728, "max_depth": 2.197250175459224, "n_estimators": 378.04831569732363}, "datetime": {"datetime": "2021-09-24 16:54:16", "elapsed": 22.476687, "delta": 0.824311}}
{"target": -43.347446929243276, "params": {"eta": 0.08636794332899621, "max_depth": 1.5965704833206593, "n_estimators": 378.15865181587736}, "datetime": {"datetime": "2021-09-24 16:54:17", "elapsed": 23.120333, "delta": 0.643646}}
{"target": -45.267864653938695, "params": {"eta": 0.20137679059801927, "max_depth": 1.116556073422076, "n_estimators": 363.9929918777577}, "datetime": {"datetime": "2021-09-24 16:54:17", "elapsed": 23.756598, "delta": 0.636265}}
{"target": -44.25777294761256, "params": {"eta": 0.14038703955786552, "max_depth": 1.1456490069961314, "n_estimators": 362.8174435787823}, "datetime": {"datetime": "2021-09-24 16:54:18", "elapsed": 24.446629, "delta": 0.690031}}
{"target": -45.125380896087876, "params": {"eta": 0.15351883183094, "max_depth": 1.1295736350680656, "n_estimators": 440.76912948357773}, "datetime": {"datetime": "2021-09-24 16:54:19", "elapsed": 25.173227, "delta": 0.726598}}
{"target": -49.576172262206114, "params": {"eta": 0.49801799418238474, "max_depth": 1.0623201887453046, "n_estimators": 363.2990067705226}, "datetime": {"datetime": "2021-09-24 16:54:20", "elapsed": 26.011653, "delta": 0.838426}}
{"target": -49.99807343447119, "params": {"eta": 0.4950961727082716, "max_depth": 1.2362946476230754, "n_estimators": 378.43464274092116}, "datetime": {"datetime": "2021-09-24 16:54:21", "elapsed": 27.049152, "delta": 1.037499}}
{"target": -48.85928324649208, "params": {"eta": 0.4276417894397547, "max_depth": 1.8370209574103813, "n_estimators": 359.2178834747962}, "datetime": {"datetime": "2021-09-24 16:54:21", "elapsed": 27.614152, "delta": 0.565}}
{"target": -42.857295875262494, "params": {"eta": 0.058066996775836904, "max_depth": 1.5468255541876255, "n_estimators": 379.12083771061396}, "datetime": {"datetime": "2021-09-24 16:54:22", "elapsed": 28.494389, "delta": 0.880237}}
{"target": -42.743650249968795, "params": {"eta": 0.05, "max_depth": 1.1297807104351871, "n_estimators": 377.83387748548495}, "datetime": {"datetime": "2021-09-24 16:54:23", "elapsed": 29.615659, "delta": 1.12127}}
{"target": -46.29795053668488, "params": {"eta": 0.24938001836115314, "max_depth": 1.0424481001823356, "n_estimators": 377.31332162164966}, "datetime": {"datetime": "2021-09-24 16:54:24", "elapsed": 30.761738, "delta": 1.146079}}
{"target": -44.87404851985157, "params": {"eta": 0.1811217675225278, "max_depth": 1.4866440845442546, "n_estimators": 362.4043404082627}, "datetime": {"datetime": "2021-09-24 16:54:25", "elapsed": 31.711066, "delta": 0.949328}}
{"target": -42.76090842799137, "params": {"eta": 0.05, "max_depth": 1.5471858504502107, "n_estimators": 362.98507392954923}, "datetime": {"datetime": "2021-09-24 16:54:27", "elapsed": 33.016855, "delta": 1.305789}}
{"target": -43.46638918998546, "params": {"eta": 0.1155108004842611, "max_depth": 1.9733219097842687, "n_estimators": 318.0654432742186}, "datetime": {"datetime": "2021-09-24 16:54:27", "elapsed": 33.582289, "delta": 0.565434}}
{"target": -43.372047280906735, "params": {"eta": 0.09644057060487574, "max_depth": 1.1142977358102542, "n_estimators": 373.9292156422064}, "datetime": {"datetime": "2021-09-24 16:54:28", "elapsed": 34.141882, "delta": 0.559593}}
{"target": -44.53805758540792, "params": {"eta": 0.18066200663711363, "max_depth": 1.4856757818044792, "n_estimators": 317.6475830269027}, "datetime": {"datetime": "2021-09-24 16:54:28", "elapsed": 34.678885, "delta": 0.537003}}
{"target": -46.13344482909468, "params": {"eta": 0.27442943823704674, "max_depth": 1.7328828318560037, "n_estimators": 373.9108928977647}, "datetime": {"datetime": "2021-09-24 16:54:29", "elapsed": 35.796448, "delta": 1.117563}}
{"target": -42.73809177714183, "params": {"eta": 0.05, "max_depth": 1.0, "n_estimators": 373.3385022923592}, "datetime": {"datetime": "2021-09-24 16:54:31", "elapsed": 36.957635, "delta": 1.161187}}
{"target": -48.654059947881485, "params": {"eta": 0.40990370350910427, "max_depth": 1.212081903753952, "n_estimators": 372.84785066459176}, "datetime": {"datetime": "2021-09-24 16:54:32", "elapsed": 37.902633, "delta": 0.944998}}
{"target": -53.49642018267983, "params": {"eta": 0.5, "max_depth": 2.2092949903961814, "n_estimators": 317.65087369155793}, "datetime": {"datetime": "2021-09-24 16:54:32", "elapsed": 38.662259, "delta": 0.759626}}
{"target": -44.9263170930676, "params": {"eta": 0.20240878101603266, "max_depth": 1.9223120784128545, "n_estimators": 318.6027525030645}, "datetime": {"datetime": "2021-09-24 16:54:33", "elapsed": 39.28369, "delta": 0.621431}}
{"target": -47.411616067241006, "params": {"eta": 0.3604247963172105, "max_depth": 1.011074337029507, "n_estimators": 373.55104613982286}, "datetime": {"datetime": "2021-09-24 16:54:34", "elapsed": 40.384146, "delta": 1.100456}}
{"target": -43.12545899699505, "params": {"eta": 0.0874941269527988, "max_depth": 1.6234717762910338, "n_estimators": 318.0987158974403}, "datetime": {"datetime": "2021-09-24 16:54:35", "elapsed": 41.216596, "delta": 0.83245}}
{"target": -49.27386728444494, "params": {"eta": 0.3896162767712969, "max_depth": 1.4727530584727904, "n_estimators": 475.0381011561998}, "datetime": {"datetime": "2021-09-24 16:54:36", "elapsed": 42.25766, "delta": 1.041064}}
{"target": -43.01304405613949, "params": {"eta": 0.0706636172169908, "max_depth": 1.0174820598089849, "n_estimators": 374.512554075141}, "datetime": {"datetime": "2021-09-24 16:54:37", "elapsed": 43.17749, "delta": 0.91983}}
{"target": -52.39398299124008, "params": {"eta": 0.4148913741933745, "max_depth": 2.494492131774451, "n_estimators": 477.90579946926164}, "datetime": {"datetime": "2021-09-24 16:54:38", "elapsed": 44.684372, "delta": 1.506882}}
{"target": -48.37842218499435, "params": {"eta": 0.3183795085383528, "max_depth": 1.931780276193716, "n_estimators": 497.7339148155267}, "datetime": {"datetime": "2021-09-24 16:54:39", "elapsed": 45.615487, "delta": 0.931115}}
{"target": -49.92410153553898, "params": {"eta": 0.4961013224625184, "max_depth": 1.329963742465311, "n_estimators": 374.6128286491827}, "datetime": {"datetime": "2021-09-24 16:54:40", "elapsed": 46.454818, "delta": 0.839331}}
{"target": -43.23364002543285, "params": {"eta": 0.08758105001156605, "max_depth": 1.4045373502001135, "n_estimators": 359.5645576784231}, "datetime": {"datetime": "2021-09-24 16:54:41", "elapsed": 47.270541, "delta": 0.815723}}
{"target": -46.21486544788332, "params": {"eta": 0.07996719074591695, "max_depth": 2.0172333240515767, "n_estimators": 321.64377242352634}, "datetime": {"datetime": "2021-09-24 16:54:42", "elapsed": 48.437785, "delta": 1.167244}}
{"target": -45.41292146542915, "params": {"eta": 0.21148848142804566, "max_depth": 1.2645359450373557, "n_estimators": 388.80645139937036}, "datetime": {"datetime": "2021-09-24 16:54:43", "elapsed": 49.288521, "delta": 0.850736}}
{"target": -47.87486150210962, "params": {"eta": 0.3448900016720542, "max_depth": 1.4986077108353433, "n_estimators": 428.570097696719}, "datetime": {"datetime": "2021-09-24 16:54:44", "elapsed": 50.704259, "delta": 1.415738}}
{"target": -43.119067572113266, "params": {"eta": 0.0741066983046048, "max_depth": 1.6861404117380432, "n_estimators": 379.3689093798935}, "datetime": {"datetime": "2021-09-24 16:54:45", "elapsed": 51.415794, "delta": 0.711535}}
{"target": -45.08632687159947, "params": {"eta": 0.18571445442093487, "max_depth": 1.2772229033136606, "n_estimators": 360.0022162648146}, "datetime": {"datetime": "2021-09-24 16:54:46", "elapsed": 52.071793, "delta": 0.655999}}
{"target": -47.76203825957793, "params": {"eta": 0.06899176225379705, "max_depth": 2.315280859155215, "n_estimators": 498.23400893143184}, "datetime": {"datetime": "2021-09-24 16:54:47", "elapsed": 52.862001, "delta": 0.790208}}
{"target": -47.14457384625772, "params": {"eta": 0.31376753770010557, "max_depth": 1.040326647045182, "n_estimators": 359.4800896288476}, "datetime": {"datetime": "2021-09-24 16:54:47", "elapsed": 53.748339, "delta": 0.886338}}
{"target": -49.28099386315597, "params": {"eta": 0.09888779309644893, "max_depth": 2.6308253060342404, "n_estimators": 494.9259187357525}, "datetime": {"datetime": "2021-09-24 16:54:49", "elapsed": 55.003592, "delta": 1.255253}}
{"target": -49.56467195381796, "params": {"eta": 0.44228615082258604, "max_depth": 1.3571903439059811, "n_estimators": 383.75724037905456}, "datetime": {"datetime": "2021-09-24 16:54:50", "elapsed": 56.121498, "delta": 1.117906}}
{"target": -44.78686083886856, "params": {"eta": 0.2064153461800255, "max_depth": 1.040995395578358, "n_estimators": 318.01258443997074}, "datetime": {"datetime": "2021-09-24 16:54:51", "elapsed": 57.099923, "delta": 0.978425}}
{"target": -42.90216649564585, "params": {"eta": 0.06936135083762894, "max_depth": 1.629156589275668, "n_estimators": 363.67479340029087}, "datetime": {"datetime": "2021-09-24 16:54:52", "elapsed": 57.95269, "delta": 0.852767}}
{"target": -47.60661168564531, "params": {"eta": 0.3053984722916551, "max_depth": 1.550650748390999, "n_estimators": 402.48822400234735}, "datetime": {"datetime": "2021-09-24 16:54:52", "elapsed": 58.747087, "delta": 0.794397}}
{"target": -42.88835450939666, "params": {"eta": 0.0641811006170786, "max_depth": 1.845469573410265, "n_estimators": 364.25541452449477}, "datetime": {"datetime": "2021-09-24 16:54:53", "elapsed": 59.505387, "delta": 0.7583}}
{"target": -49.39431324578766, "params": {"eta": 0.4640600821903534, "max_depth": 1.9316676625403455, "n_estimators": 364.1313805504334}, "datetime": {"datetime": "2021-09-24 16:54:54", "elapsed": 60.365756, "delta": 0.860369}}
{"target": -49.06503612833812, "params": {"eta": 0.44748576972438847, "max_depth": 1.55748964881198, "n_estimators": 318.205891886966}, "datetime": {"datetime": "2021-09-24 16:54:55", "elapsed": 61.162755, "delta": 0.796999}}
{"target": -46.85434428910564, "params": {"eta": 0.08881166302458046, "max_depth": 2.0944117679687837, "n_estimators": 329.00629997304947}, "datetime": {"datetime": "2021-09-24 16:54:56", "elapsed": 61.94289, "delta": 0.780135}}
{"target": -43.06495015423997, "params": {"eta": 0.0771798624434583, "max_depth": 1.6170826396664555, "n_estimators": 363.3530378955196}, "datetime": {"datetime": "2021-09-24 16:54:57", "elapsed": 62.839709, "delta": 0.896819}}
{"target": -43.903262934290375, "params": {"eta": 0.12201320789360859, "max_depth": 1.8885989893346593, "n_estimators": 364.7100860629787}, "datetime": {"datetime": "2021-09-24 16:54:57", "elapsed": 63.582196, "delta": 0.742487}}
{"target": -44.055570846213435, "params": {"eta": 0.12841029291402611, "max_depth": 1.558047846295293, "n_estimators": 364.5670358295772}, "datetime": {"datetime": "2021-09-24 16:54:58", "elapsed": 64.297194, "delta": 0.714998}}
{"target": -42.7587824656551, "params": {"eta": 0.05, "max_depth": 1.7234706758483087, "n_estimators": 359.8310882791315}, "datetime": {"datetime": "2021-09-24 16:54:59", "elapsed": 65.024194, "delta": 0.727}}
{"target": -42.82936279755786, "params": {"eta": 0.06524396175503801, "max_depth": 1.867834334998274, "n_estimators": 364.25277312289825}, "datetime": {"datetime": "2021-09-24 16:54:59", "elapsed": 65.687569, "delta": 0.663375}}
{"target": -47.75072255528959, "params": {"eta": 0.09290147144296915, "max_depth": 2.065659185753751, "n_estimators": 360.2554582214793}, "datetime": {"datetime": "2021-09-24 16:55:00", "elapsed": 66.68887, "delta": 1.001301}}
{"target": -50.59186543737139, "params": {"eta": 0.27757510909043565, "max_depth": 2.979897607950768, "n_estimators": 380.48959147802884}, "datetime": {"datetime": "2021-09-24 16:55:01", "elapsed": 67.661249, "delta": 0.972379}}
{"target": -42.83288688946487, "params": {"eta": 0.05, "max_depth": 1.3378547891893646, "n_estimators": 319.03718504272155}, "datetime": {"datetime": "2021-09-24 16:55:02", "elapsed": 68.51599, "delta": 0.854741}}
{"target": -51.75628113925905, "params": {"eta": 0.2562520323290646, "max_depth": 2.938563176617838, "n_estimators": 413.8088131299199}, "datetime": {"datetime": "2021-09-24 16:55:03", "elapsed": 69.284991, "delta": 0.769001}}
{"target": -42.769922930495184, "params": {"eta": 0.07345679137504899, "max_depth": 1.028630218408926, "n_estimators": 319.3564442195143}, "datetime": {"datetime": "2021-09-24 16:55:04", "elapsed": 70.196467, "delta": 0.911476}}
{"target": -47.93181850318622, "params": {"eta": 0.11051042688642285, "max_depth": 2.877275185139397, "n_estimators": 301.8942464387019}, "datetime": {"datetime": "2021-09-24 16:55:05", "elapsed": 71.186683, "delta": 0.990216}}
{"target": -43.549646305858644, "params": {"eta": 0.11988567650411938, "max_depth": 1.4768172124675734, "n_estimators": 319.63286154513884}, "datetime": {"datetime": "2021-09-24 16:55:06", "elapsed": 72.108977, "delta": 0.922294}}
{"target": -44.2356534828817, "params": {"eta": 0.12954818866020146, "max_depth": 1.4184267324632351, "n_estimators": 406.12008554881584}, "datetime": {"datetime": "2021-09-24 16:55:07", "elapsed": 73.061443, "delta": 0.952466}}
{"target": -49.57539665967898, "params": {"eta": 0.4214358342643002, "max_depth": 1.2397837719955256, "n_estimators": 411.6617712674125}, "datetime": {"datetime": "2021-09-24 16:55:08", "elapsed": 73.932326, "delta": 0.870883}}
{"target": -44.55221670910828, "params": {"eta": 0.16630377541253316, "max_depth": 1.513222790119598, "n_estimators": 317.677763733551}, "datetime": {"datetime": "2021-09-24 16:55:08", "elapsed": 74.568213, "delta": 0.635887}}
{"target": -49.030759725355566, "params": {"eta": 0.4691880983215559, "max_depth": 1.005787807815552, "n_estimators": 319.08808213862585}, "datetime": {"datetime": "2021-09-24 16:55:09", "elapsed": 75.560179, "delta": 0.991966}}
{"target": -51.047251405348455, "params": {"eta": 0.20645096724590706, "max_depth": 2.143445099694664, "n_estimators": 319.49427910125286}, "datetime": {"datetime": "2021-09-24 16:55:10", "elapsed": 76.511015, "delta": 0.950836}}
{"target": -51.17787567654947, "params": {"eta": 0.4239929314567171, "max_depth": 2.6806601186792145, "n_estimators": 407.49779351206263}, "datetime": {"datetime": "2021-09-24 16:55:11", "elapsed": 77.640628, "delta": 1.129613}}
{"target": -42.83288688946487, "params": {"eta": 0.05, "max_depth": 1.0201262112173657, "n_estimators": 319.85000778874036}, "datetime": {"datetime": "2021-09-24 16:55:12", "elapsed": 78.609376, "delta": 0.968748}}
{"target": -49.06834339916258, "params": {"eta": 0.4066799219375127, "max_depth": 1.2818062540262625, "n_estimators": 458.45232014787814}, "datetime": {"datetime": "2021-09-24 16:55:13", "elapsed": 79.421983, "delta": 0.812607}}
{"target": -47.75538544188765, "params": {"eta": 0.36820979263103826, "max_depth": 1.1945478349708056, "n_estimators": 320.3167946955986}, "datetime": {"datetime": "2021-09-24 16:55:14", "elapsed": 80.314219, "delta": 0.892236}}
{"target": -45.19482718015972, "params": {"eta": 0.2255048295053957, "max_depth": 1.0705806649396175, "n_estimators": 330.970065269591}, "datetime": {"datetime": "2021-09-24 16:55:15", "elapsed": 80.961367, "delta": 0.647148}}
{"target": -46.18303492553252, "params": {"eta": 0.08433385556223291, "max_depth": 2.461534103908458, "n_estimators": 364.7491138860479}, "datetime": {"datetime": "2021-09-24 16:55:16", "elapsed": 82.042568, "delta": 1.081201}}
{"target": -42.830082714109494, "params": {"eta": 0.05, "max_depth": 1.0, "n_estimators": 317.27427078066836}, "datetime": {"datetime": "2021-09-24 16:55:17", "elapsed": 83.213772, "delta": 1.171204}}
{"target": -49.073832103184294, "params": {"eta": 0.47228697385006696, "max_depth": 1.1899649904112686, "n_estimators": 317.0729352581749}, "datetime": {"datetime": "2021-09-24 16:55:18", "elapsed": 84.099427, "delta": 0.885655}}
{"target": -42.78473671934658, "params": {"eta": 0.05, "max_depth": 1.4604609020809236, "n_estimators": 365.2071005210169}, "datetime": {"datetime": "2021-09-24 16:55:19", "elapsed": 85.380444, "delta": 1.281017}}
{"target": -48.37092687850608, "params": {"eta": 0.39856084215427906, "max_depth": 1.0679774824699761, "n_estimators": 365.2671656460698}, "datetime": {"datetime": "2021-09-24 16:55:20", "elapsed": 86.603871, "delta": 1.223427}}
{"target": -47.49902634154585, "params": {"eta": 0.3113484973812579, "max_depth": 1.8668564807101644, "n_estimators": 365.274155208908}, "datetime": {"datetime": "2021-09-24 16:55:21", "elapsed": 87.625732, "delta": 1.021861}}
{"target": -46.71994624102026, "params": {"eta": 0.26854819765623117, "max_depth": 1.4245109366789377, "n_estimators": 405.5683708079217}, "datetime": {"datetime": "2021-09-24 16:55:23", "elapsed": 88.958048, "delta": 1.332316}}
{"target": -43.272271522005695, "params": {"eta": 0.1081063772764414, "max_depth": 1.0015198258323446, "n_estimators": 317.66725456576796}, "datetime": {"datetime": "2021-09-24 16:55:24", "elapsed": 90.23505, "delta": 1.277002}}
{"target": -47.43056399123113, "params": {"eta": 0.29952169870598533, "max_depth": 1.6795253587178562, "n_estimators": 406.55693485893516}, "datetime": {"datetime": "2021-09-24 16:55:25", "elapsed": 91.272642, "delta": 1.037592}}
