{"target": -44.916858042093146, "params": {"eta": 0.1917106409144886, "max_depth": 1.5351233395572377, "n_estimators": 208.1100280964613}, "datetime": {"datetime": "2021-09-24 17:00:53", "elapsed": 286.425181, "delta": 1.535629}}
{"target": -44.0219859359856, "params": {"eta": 0.09489262657107907, "max_depth": 1.5967275510406207, "n_estimators": 208.4056928024588}, "datetime": {"datetime": "2021-09-24 17:00:55", "elapsed": 288.172564, "delta": 1.747383}}
{"target": -44.47093900522791, "params": {"eta": 0.16293528664369727, "max_depth": 1.9940615787555325, "n_estimators": 208.04278470135904}, "datetime": {"datetime": "2021-09-24 17:00:56", "elapsed": 289.377706, "delta": 1.205142}}
{"target": -48.903284746901434, "params": {"eta": 0.4834825020758036, "max_depth": 28.4667832369764, "n_estimators": 211.52231139058262}, "datetime": {"datetime": "2021-09-24 17:00:57", "elapsed": 290.685016, "delta": 1.30731}}
{"target": -45.30419755519781, "params": {"eta": 0.2511105809794055, "max_depth": 1.7214479548991681, "n_estimators": 207.9527087019708}, "datetime": {"datetime": "2021-09-24 17:00:59", "elapsed": 292.306375, "delta": 1.621359}}
{"target": -43.77195997883503, "params": {"eta": 0.0651222982455273, "max_depth": 1.702014676711726, "n_estimators": 208.1677686065525}, "datetime": {"datetime": "2021-09-24 17:01:01", "elapsed": 293.870597, "delta": 1.564222}}
{"target": -44.014182442112975, "params": {"eta": 0.047071920630950115, "max_depth": 2.414240302546522, "n_estimators": 201.29589465373925}, "datetime": {"datetime": "2021-09-24 17:01:02", "elapsed": 295.390422, "delta": 1.519825}}
{"target": -50.78320843115785, "params": {"eta": 0.48781311355085527, "max_depth": 24.11488051260243, "n_estimators": 234.95749710682077}, "datetime": {"datetime": "2021-09-24 17:01:03", "elapsed": 296.590334, "delta": 1.199912}}
{"target": -45.07014792306082, "params": {"eta": 0.25357432665273244, "max_depth": 1.088518822212598, "n_estimators": 207.1114148176487}, "datetime": {"datetime": "2021-09-24 17:01:05", "elapsed": 297.977151, "delta": 1.386817}}
{"target": -44.509403831080384, "params": {"eta": 0.22066834570545302, "max_depth": 1.891960788395183, "n_estimators": 207.90704250998647}, "datetime": {"datetime": "2021-09-24 17:01:06", "elapsed": 299.228288, "delta": 1.251137}}
{"target": -45.620864179797636, "params": {"eta": 0.16295702088705266, "max_depth": 40.36483608773808, "n_estimators": 207.60773139336953}, "datetime": {"datetime": "2021-09-24 17:01:08", "elapsed": 301.18106, "delta": 1.952772}}
{"target": -44.55320688118612, "params": {"eta": 0.026313811227446963, "max_depth": 1.3877467562298378, "n_estimators": 208.36592391532923}, "datetime": {"datetime": "2021-09-24 17:01:09", "elapsed": 302.36592, "delta": 1.18486}}
{"target": -47.96365402336407, "params": {"eta": 0.2419685413685666, "max_depth": 33.54501073607681, "n_estimators": 217.60955098385458}, "datetime": {"datetime": "2021-09-24 17:01:11", "elapsed": 304.028058, "delta": 1.662138}}
{"target": -45.6256373412627, "params": {"eta": 0.27700393685688, "max_depth": 1.4570473874969296, "n_estimators": 206.98814509209745}, "datetime": {"datetime": "2021-09-24 17:01:12", "elapsed": 305.695296, "delta": 1.667238}}
{"target": -47.13813765963217, "params": {"eta": 0.2368888399122585, "max_depth": 21.492521080263153, "n_estimators": 234.16851658513548}, "datetime": {"datetime": "2021-09-24 17:01:14", "elapsed": 307.217948, "delta": 1.522652}}
{"target": -43.92157624897204, "params": {"eta": 0.07405399957206148, "max_depth": 1.1874012617845167, "n_estimators": 207.17021214414848}, "datetime": {"datetime": "2021-09-24 17:01:16", "elapsed": 309.059582, "delta": 1.841634}}
{"target": -46.90655173394913, "params": {"eta": 0.012642946697053986, "max_depth": 1.4059385788265053, "n_estimators": 207.00490785305973}, "datetime": {"datetime": "2021-09-24 17:01:17", "elapsed": 310.787664, "delta": 1.728082}}
{"target": -48.303815798651904, "params": {"eta": 0.01, "max_depth": 1.7533364982254314, "n_estimators": 207.6038839920278}, "datetime": {"datetime": "2021-09-24 17:01:19", "elapsed": 312.354445, "delta": 1.566781}}
{"target": -46.99323400339686, "params": {"eta": 0.3011667186254083, "max_depth": 1.6696670504515465, "n_estimators": 230.22432469283928}, "datetime": {"datetime": "2021-09-24 17:01:20", "elapsed": 313.559442, "delta": 1.204997}}
{"target": -46.77756460089432, "params": {"eta": 0.1325452475294522, "max_depth": 12.487718896151442, "n_estimators": 240.76914815432383}, "datetime": {"datetime": "2021-09-24 17:01:23", "elapsed": 316.380856, "delta": 2.821414}}
{"target": -45.28845857319079, "params": {"eta": 0.06044337071201339, "max_depth": 32.99916391137823, "n_estimators": 249.6735062599792}, "datetime": {"datetime": "2021-09-24 17:01:26", "elapsed": 319.675617, "delta": 3.294761}}
{"target": -44.764395462839225, "params": {"eta": 0.19070532496184014, "max_depth": 1.890987807795561, "n_estimators": 207.6468730778562}, "datetime": {"datetime": "2021-09-24 17:01:28", "elapsed": 320.844626, "delta": 1.169009}}
{"target": -45.427502252105484, "params": {"eta": 0.06340659942263621, "max_depth": 15.418797597726474, "n_estimators": 215.63248820148013}, "datetime": {"datetime": "2021-09-24 17:01:31", "elapsed": 324.026273, "delta": 3.181647}}
{"target": -47.56623891959513, "params": {"eta": 0.31620883905929187, "max_depth": 7.301954450250881, "n_estimators": 233.48029280703005}, "datetime": {"datetime": "2021-09-24 17:01:32", "elapsed": 325.380052, "delta": 1.353779}}
{"target": -43.63053440868406, "params": {"eta": 0.05582454311918571, "max_depth": 1.168043829586308, "n_estimators": 207.81232009541034}, "datetime": {"datetime": "2021-09-24 17:01:34", "elapsed": 327.271631, "delta": 1.891579}}
{"target": -44.43971212286698, "params": {"eta": 0.1833704223776536, "max_depth": 1.0666966910311788, "n_estimators": 207.9260351573038}, "datetime": {"datetime": "2021-09-24 17:01:36", "elapsed": 328.97043, "delta": 1.698799}}
{"target": -43.68068066933998, "params": {"eta": 0.07905766849209005, "max_depth": 1.9072525701960954, "n_estimators": 208.2004174873344}, "datetime": {"datetime": "2021-09-24 17:01:37", "elapsed": 330.762188, "delta": 1.791758}}
{"target": -47.45397671003987, "params": {"eta": 0.07230805391969997, "max_depth": 4.185776654185672, "n_estimators": 221.86659605100672}, "datetime": {"datetime": "2021-09-24 17:01:39", "elapsed": 332.641681, "delta": 1.879493}}
{"target": -43.69129568114317, "params": {"eta": 0.07961795967462652, "max_depth": 1.7576758202387943, "n_estimators": 208.28856659660207}, "datetime": {"datetime": "2021-09-24 17:01:41", "elapsed": 334.497881, "delta": 1.8562}}
{"target": -46.518294284218236, "params": {"eta": 0.07614588162376826, "max_depth": 3.7575140409929135, "n_estimators": 245.14650926355077}, "datetime": {"datetime": "2021-09-24 17:01:42", "elapsed": 335.812963, "delta": 1.315082}}
{"target": -45.88582332869221, "params": {"eta": 0.0443462444547468, "max_depth": 48.76745447763298, "n_estimators": 220.22934375031775}, "datetime": {"datetime": "2021-09-24 17:01:46", "elapsed": 339.248213, "delta": 3.43525}}
{"target": -47.12203523449432, "params": {"eta": 0.13738176394065843, "max_depth": 11.577407094996776, "n_estimators": 230.73836618576502}, "datetime": {"datetime": "2021-09-24 17:01:48", "elapsed": 341.564993, "delta": 2.31678}}
{"target": -43.92310462320658, "params": {"eta": 0.08658377657895852, "max_depth": 1.296034278096124, "n_estimators": 207.87465730189845}, "datetime": {"datetime": "2021-09-24 17:01:50", "elapsed": 343.598417, "delta": 2.033424}}
{"target": -44.3816283089774, "params": {"eta": 0.15923849619719732, "max_depth": 1.9545209356542315, "n_estimators": 208.16712432202928}, "datetime": {"datetime": "2021-09-24 17:01:52", "elapsed": 345.519149, "delta": 1.920732}}
{"target": -45.46771656122423, "params": {"eta": 0.03495040122632089, "max_depth": 15.798739892387378, "n_estimators": 205.04224972145536}, "datetime": {"datetime": "2021-09-24 17:01:55", "elapsed": 348.113697, "delta": 2.594548}}
{"target": -47.15128114169702, "params": {"eta": 0.32210165611952696, "max_depth": 17.517452816410366, "n_estimators": 212.15957696928737}, "datetime": {"datetime": "2021-09-24 17:01:57", "elapsed": 349.928698, "delta": 1.815001}}
{"target": -45.30578349407454, "params": {"eta": 0.2565553756234359, "max_depth": 1.2267784528172725, "n_estimators": 207.98261218459317}, "datetime": {"datetime": "2021-09-24 17:01:59", "elapsed": 352.167723, "delta": 2.239025}}
{"target": -45.024202016959514, "params": {"eta": 0.020768736923907852, "max_depth": 28.29666875018432, "n_estimators": 218.23817956095945}, "datetime": {"datetime": "2021-09-24 17:02:01", "elapsed": 354.690742, "delta": 2.523019}}
{"target": -45.76112850447346, "params": {"eta": 0.10206531450894032, "max_depth": 41.16961480761786, "n_estimators": 248.8250291470295}, "datetime": {"datetime": "2021-09-24 17:02:05", "elapsed": 358.719477, "delta": 4.028735}}
{"target": -44.45685669174768, "params": {"eta": 0.1626909226946751, "max_depth": 1.9413051666406744, "n_estimators": 208.4790144771472}, "datetime": {"datetime": "2021-09-24 17:02:08", "elapsed": 360.990875, "delta": 2.271398}}
{"target": -47.585924679175356, "params": {"eta": 0.21746999618010895, "max_depth": 38.67943773784856, "n_estimators": 208.07835973889513}, "datetime": {"datetime": "2021-09-24 17:02:10", "elapsed": 363.023193, "delta": 2.032318}}
{"target": -43.784885090992866, "params": {"eta": 0.08572094629341061, "max_depth": 1.0277675317154236, "n_estimators": 207.87697102009483}, "datetime": {"datetime": "2021-09-24 17:02:12", "elapsed": 365.001412, "delta": 1.978219}}
{"target": -43.84553043107341, "params": {"eta": 0.07650729254454494, "max_depth": 1.354866082032542, "n_estimators": 208.14696101293467}, "datetime": {"datetime": "2021-09-24 17:02:13", "elapsed": 366.777109, "delta": 1.775697}}
{"target": -48.59075834518089, "params": {"eta": 0.21626495302977705, "max_depth": 2.0095474594870897, "n_estimators": 207.4041707525585}, "datetime": {"datetime": "2021-09-24 17:02:15", "elapsed": 368.696451, "delta": 1.919342}}
{"target": -47.68648253706165, "params": {"eta": 0.25213510307242665, "max_depth": 33.063792010920295, "n_estimators": 204.40815421947568}, "datetime": {"datetime": "2021-09-24 17:02:17", "elapsed": 370.776766, "delta": 2.080315}}
{"target": -44.30726787022182, "params": {"eta": 0.15400255194648227, "max_depth": 1.3225428841573033, "n_estimators": 208.2276856268349}, "datetime": {"datetime": "2021-09-24 17:02:19", "elapsed": 372.531144, "delta": 1.754378}}
{"target": -46.51079705604037, "params": {"eta": 0.11088026155194784, "max_depth": 31.488834137529125, "n_estimators": 240.1872790367933}, "datetime": {"datetime": "2021-09-24 17:02:22", "elapsed": 375.528258, "delta": 2.997114}}
{"target": -44.28337966230579, "params": {"eta": 0.15217073470410622, "max_depth": 1.6360155718527851, "n_estimators": 208.23625578493892}, "datetime": {"datetime": "2021-09-24 17:02:24", "elapsed": 377.64473, "delta": 2.116472}}
{"target": -45.969629216014894, "params": {"eta": 0.051362563783266174, "max_depth": 38.5257782715624, "n_estimators": 203.2570129035131}, "datetime": {"datetime": "2021-09-24 17:02:27", "elapsed": 380.271909, "delta": 2.627179}}
{"target": -45.38444217882658, "params": {"eta": 0.3615583129047801, "max_depth": 1.876709193720254, "n_estimators": 208.53094691228134}, "datetime": {"datetime": "2021-09-24 17:02:29", "elapsed": 382.450806, "delta": 2.178897}}
{"target": -46.26407379494574, "params": {"eta": 0.09250637341242152, "max_depth": 19.282384865603962, "n_estimators": 222.85512941615042}, "datetime": {"datetime": "2021-09-24 17:02:32", "elapsed": 385.21238, "delta": 2.761574}}
{"target": -50.02317253629068, "params": {"eta": 0.08212194293630304, "max_depth": 5.56675856946157, "n_estimators": 243.00958557737974}, "datetime": {"datetime": "2021-09-24 17:02:33", "elapsed": 386.802518, "delta": 1.590138}}
{"target": -45.95656640189035, "params": {"eta": 0.06736597234639427, "max_depth": 39.02920740631517, "n_estimators": 238.4070766834101}, "datetime": {"datetime": "2021-09-24 17:02:37", "elapsed": 390.41365, "delta": 3.611132}}
{"target": -44.04636007323301, "params": {"eta": 0.08824160853384912, "max_depth": 1.326264352055441, "n_estimators": 208.02537422353345}, "datetime": {"datetime": "2021-09-24 17:02:39", "elapsed": 392.411131, "delta": 1.997481}}
{"target": -46.633317029565795, "params": {"eta": 0.143778912083088, "max_depth": 2.350652584625978, "n_estimators": 201.40167230492864}, "datetime": {"datetime": "2021-09-24 17:02:41", "elapsed": 394.243111, "delta": 1.83198}}
{"target": -44.503006182218854, "params": {"eta": 0.18446269316779557, "max_depth": 1.7782235410296985, "n_estimators": 207.17757591518622}, "datetime": {"datetime": "2021-09-24 17:02:43", "elapsed": 396.771624, "delta": 2.528513}}
{"target": -47.97368888568161, "params": {"eta": 0.12340142783692087, "max_depth": 16.540537047699004, "n_estimators": 234.23507183393812}, "datetime": {"datetime": "2021-09-24 17:02:46", "elapsed": 399.149779, "delta": 2.378155}}
{"target": -48.193356320373994, "params": {"eta": 0.19329421516348014, "max_depth": 2.3872104689445175, "n_estimators": 201.10591711131497}, "datetime": {"datetime": "2021-09-24 17:02:48", "elapsed": 401.436029, "delta": 2.28625}}
{"target": -46.74222619192941, "params": {"eta": 0.0959513056343406, "max_depth": 9.501268588390175, "n_estimators": 208.43819078408364}, "datetime": {"datetime": "2021-09-24 17:02:51", "elapsed": 404.361499, "delta": 2.92547}}
{"target": -45.87823542257897, "params": {"eta": 0.31390731384996123, "max_depth": 1.971099578284194, "n_estimators": 208.2636223264667}, "datetime": {"datetime": "2021-09-24 17:02:54", "elapsed": 406.930387, "delta": 2.568888}}
{"target": -48.72014909041555, "params": {"eta": 0.3160843924370201, "max_depth": 23.831835624653067, "n_estimators": 249.42575292416365}, "datetime": {"datetime": "2021-09-24 17:02:55", "elapsed": 408.448364, "delta": 1.517977}}
{"target": -47.80127541104654, "params": {"eta": 0.45199343284598026, "max_depth": 27.536516834154813, "n_estimators": 215.08267086086008}, "datetime": {"datetime": "2021-09-24 17:02:57", "elapsed": 410.123465, "delta": 1.675101}}
{"target": -46.10640383842296, "params": {"eta": 0.07532689131426257, "max_depth": 40.810313688363685, "n_estimators": 240.21112976021163}, "datetime": {"datetime": "2021-09-24 17:03:01", "elapsed": 414.41195, "delta": 4.288485}}
{"target": -45.46105713234808, "params": {"eta": 0.040902000852690815, "max_depth": 44.41580455652196, "n_estimators": 208.6847015985415}, "datetime": {"datetime": "2021-09-24 17:03:04", "elapsed": 417.313307, "delta": 2.901357}}
{"target": -46.23882451451811, "params": {"eta": 0.10991070584818732, "max_depth": 45.296113373182756, "n_estimators": 207.36810846223761}, "datetime": {"datetime": "2021-09-24 17:03:07", "elapsed": 420.0531, "delta": 2.739793}}
{"target": -49.060708469018, "params": {"eta": 0.40935959497090635, "max_depth": 27.28256760667929, "n_estimators": 220.86371594067037}, "datetime": {"datetime": "2021-09-24 17:03:09", "elapsed": 422.196451, "delta": 2.143351}}
{"target": -47.58584044033423, "params": {"eta": 0.1263203867220467, "max_depth": 10.373593906879883, "n_estimators": 200.04198550992822}, "datetime": {"datetime": "2021-09-24 17:03:11", "elapsed": 424.686633, "delta": 2.490182}}
{"target": -50.67083178068462, "params": {"eta": 0.2770712546192761, "max_depth": 5.239563803883834, "n_estimators": 222.69429929203346}, "datetime": {"datetime": "2021-09-24 17:03:13", "elapsed": 426.16681, "delta": 1.480177}}
{"target": -49.62304435098978, "params": {"eta": 0.49045034436433116, "max_depth": 24.228265073140612, "n_estimators": 206.12169352414907}, "datetime": {"datetime": "2021-09-24 17:03:14", "elapsed": 427.704284, "delta": 1.537474}}
{"target": -44.873641078633476, "params": {"eta": 0.05453850891375406, "max_depth": 40.74780340369805, "n_estimators": 222.81161505914693}, "datetime": {"datetime": "2021-09-24 17:03:18", "elapsed": 430.90352, "delta": 3.199236}}
{"target": -51.27066160503187, "params": {"eta": 0.48873901971756056, "max_depth": 24.648329062812422, "n_estimators": 206.31452699814307}, "datetime": {"datetime": "2021-09-24 17:03:19", "elapsed": 432.722431, "delta": 1.818911}}
{"target": -45.39955784503679, "params": {"eta": 0.06948540274907816, "max_depth": 2.083953747531438, "n_estimators": 207.6596499359801}, "datetime": {"datetime": "2021-09-24 17:03:21", "elapsed": 434.76054, "delta": 2.038109}}
{"target": -48.93430549220035, "params": {"eta": 0.41689603889273147, "max_depth": 9.167705779469252, "n_estimators": 227.7507066959896}, "datetime": {"datetime": "2021-09-24 17:03:23", "elapsed": 436.33496, "delta": 1.57442}}
{"target": -43.82745702643143, "params": {"eta": 0.07136628144578724, "max_depth": 1.1147257358517675, "n_estimators": 207.268380193893}, "datetime": {"datetime": "2021-09-24 17:03:25", "elapsed": 438.523227, "delta": 2.188267}}
{"target": -45.96315837085695, "params": {"eta": 0.2300801517838715, "max_depth": 23.72521919824234, "n_estimators": 249.43476737047868}, "datetime": {"datetime": "2021-09-24 17:03:28", "elapsed": 440.979101, "delta": 2.455874}}
{"target": -46.88084936500492, "params": {"eta": 0.38069768732653386, "max_depth": 13.752070110505723, "n_estimators": 241.9762930167141}, "datetime": {"datetime": "2021-09-24 17:03:29", "elapsed": 442.640654, "delta": 1.661553}}
{"target": -43.70743503427147, "params": {"eta": 0.0462687438114734, "max_depth": 1.8482181838921905, "n_estimators": 207.96403775572753}, "datetime": {"datetime": "2021-09-24 17:03:32", "elapsed": 445.030983, "delta": 2.390329}}
{"target": -45.51947960817724, "params": {"eta": 0.34347986801614305, "max_depth": 1.4889520600988093, "n_estimators": 207.10369715634934}, "datetime": {"datetime": "2021-09-24 17:03:34", "elapsed": 447.043571, "delta": 2.012588}}
{"target": -46.661738488907204, "params": {"eta": 0.1767422247173305, "max_depth": 10.169049697549761, "n_estimators": 247.92318877321947}, "datetime": {"datetime": "2021-09-24 17:03:36", "elapsed": 449.168903, "delta": 2.125332}}
{"target": -44.866812426344794, "params": {"eta": 0.2396317215324457, "max_depth": 1.7859630530383517, "n_estimators": 207.77178257570952}, "datetime": {"datetime": "2021-09-24 17:03:38", "elapsed": 451.255326, "delta": 2.086423}}
{"target": -52.230997444095465, "params": {"eta": 0.49479571846452125, "max_depth": 46.77156736756424, "n_estimators": 202.7606141279936}, "datetime": {"datetime": "2021-09-24 17:03:40", "elapsed": 453.11739, "delta": 1.862064}}
{"target": -46.105044343417745, "params": {"eta": 0.32544189263640194, "max_depth": 1.6868941983817831, "n_estimators": 207.21749061833728}, "datetime": {"datetime": "2021-09-24 17:03:42", "elapsed": 454.903438, "delta": 1.786048}}
{"target": -49.9756053264876, "params": {"eta": 0.26646193997768297, "max_depth": 3.3463778191791005, "n_estimators": 242.70165235519335}, "datetime": {"datetime": "2021-09-24 17:03:44", "elapsed": 457.150325, "delta": 2.246887}}
{"target": -45.69574677316766, "params": {"eta": 0.20559469809755487, "max_depth": 9.920759952134363, "n_estimators": 201.58853172210314}, "datetime": {"datetime": "2021-09-24 17:03:46", "elapsed": 459.008546, "delta": 1.858221}}
{"target": -44.57423059563888, "params": {"eta": 0.18932945561726033, "max_depth": 1.8598788436291522, "n_estimators": 208.15567968611927}, "datetime": {"datetime": "2021-09-24 17:03:48", "elapsed": 461.25682, "delta": 2.248274}}
{"target": -43.94532480454983, "params": {"eta": 0.04307486311365744, "max_depth": 2.9595484753961467, "n_estimators": 201.68268694512025}, "datetime": {"datetime": "2021-09-24 17:03:51", "elapsed": 463.861017, "delta": 2.604197}}
{"target": -46.041253512963316, "params": {"eta": 0.04490904880431185, "max_depth": 33.18847786291752, "n_estimators": 249.64880828521365}, "datetime": {"datetime": "2021-09-24 17:03:55", "elapsed": 468.194057, "delta": 4.33304}}
{"target": -44.36714155154121, "params": {"eta": 0.05196918625696368, "max_depth": 2.595182536162255, "n_estimators": 201.5822322128015}, "datetime": {"datetime": "2021-09-24 17:03:57", "elapsed": 470.37852, "delta": 2.184463}}
{"target": -44.70899200439453, "params": {"eta": 0.1770393692791228, "max_depth": 1.414588034912995, "n_estimators": 208.24491740275613}, "datetime": {"datetime": "2021-09-24 17:04:00", "elapsed": 473.35065, "delta": 2.97213}}
{"target": -47.95159220874758, "params": {"eta": 0.21248342782965615, "max_depth": 16.49460901716687, "n_estimators": 207.4817884999316}, "datetime": {"datetime": "2021-09-24 17:04:02", "elapsed": 475.589517, "delta": 2.238867}}
{"target": -44.288569572276636, "params": {"eta": 0.1310682325723423, "max_depth": 1.6434520969010635, "n_estimators": 208.3833365125564}, "datetime": {"datetime": "2021-09-24 17:04:05", "elapsed": 477.845685, "delta": 2.256168}}
{"target": -47.93808884011175, "params": {"eta": 0.3897383556747988, "max_depth": 46.82094849694941, "n_estimators": 235.20481101491063}, "datetime": {"datetime": "2021-09-24 17:04:06", "elapsed": 479.690261, "delta": 1.844576}}
{"target": -47.653081592760586, "params": {"eta": 0.32012177915951984, "max_depth": 41.940085514587985, "n_estimators": 214.39266982411013}, "datetime": {"datetime": "2021-09-24 17:04:08", "elapsed": 481.47246, "delta": 1.782199}}
{"target": -48.53587960838375, "params": {"eta": 0.28894252140119886, "max_depth": 23.40587134036734, "n_estimators": 235.90305988300784}, "datetime": {"datetime": "2021-09-24 17:04:10", "elapsed": 483.436312, "delta": 1.963852}}
{"target": -47.48627953780325, "params": {"eta": 0.10196647148489556, "max_depth": 10.906814819491068, "n_estimators": 203.37091942169698}, "datetime": {"datetime": "2021-09-24 17:04:14", "elapsed": 487.374012, "delta": 3.9377}}
