{"target": 0.4490107150921918, "params": {"eta": 0.10574625210640573, "max_depth": 1.4720895772938494, "n_estimators": 66.089419328769}, "datetime": {"datetime": "2021-09-24 13:40:59", "elapsed": 92.813704, "delta": 1.333217}}
{"target": 0.4559606033481918, "params": {"eta": 0.24399540439627765, "max_depth": 1.6165663422223773, "n_estimators": 89.51225104352926}, "datetime": {"datetime": "2021-09-24 13:41:00", "elapsed": 93.748226, "delta": 0.934522}}
{"target": 0.45745782315056205, "params": {"eta": 0.14613215875138041, "max_depth": 1.5685223070970238, "n_estimators": 99.50628763944835}, "datetime": {"datetime": "2021-09-24 13:41:01", "elapsed": 94.782219, "delta": 1.033993}}
{"target": 0.4367321430262008, "params": {"eta": 0.44336444197859853, "max_depth": 1.6139730022822119, "n_estimators": 63.06876763024756}, "datetime": {"datetime": "2021-09-24 13:41:02", "elapsed": 95.821218, "delta": 1.038999}}
{"target": 0.45308801553891387, "params": {"eta": 0.3395800077153166, "max_depth": 1.4355068391977965, "n_estimators": 75.36380464862853}, "datetime": {"datetime": "2021-09-24 13:41:03", "elapsed": 96.697864, "delta": 0.876646}}
{"target": 0.4140775494262606, "params": {"eta": 0.12148617015531829, "max_depth": 2.010928602591085, "n_estimators": 102.37162675449873}, "datetime": {"datetime": "2021-09-24 13:41:04", "elapsed": 98.312168, "delta": 1.614304}}
{"target": 0.37820412712179485, "params": {"eta": 0.21345017019864798, "max_depth": 2.3838772131520156, "n_estimators": 123.55671237689738}, "datetime": {"datetime": "2021-09-24 13:41:06", "elapsed": 99.517514, "delta": 1.205346}}
{"target": 0.4517106484483422, "params": {"eta": 0.09967424273702341, "max_depth": 1.3654327649884521, "n_estimators": 89.75597793739234}, "datetime": {"datetime": "2021-09-24 13:41:07", "elapsed": 100.717271, "delta": 1.199757}}
{"target": 0.45097577823738044, "params": {"eta": 0.08, "max_depth": 1.6280705240564748, "n_estimators": 119.37526577275642}, "datetime": {"datetime": "2021-09-24 13:41:08", "elapsed": 101.668277, "delta": 0.951006}}
{"target": 0.32754095286647167, "params": {"eta": 0.38820011425784917, "max_depth": 2.65383259394552, "n_estimators": 83.33492804579092}, "datetime": {"datetime": "2021-09-24 13:41:09", "elapsed": 102.500083, "delta": 0.831806}}
{"target": 0.44976056531806863, "params": {"eta": 0.08176689528417305, "max_depth": 1.265384292903348, "n_estimators": 100.57995053210927}, "datetime": {"datetime": "2021-09-24 13:41:09", "elapsed": 103.269027, "delta": 0.768944}}
{"target": 0.44458814223452015, "params": {"eta": 0.36404624536337127, "max_depth": 1.2576453168739936, "n_estimators": 99.43875856299043}, "datetime": {"datetime": "2021-09-24 13:41:10", "elapsed": 104.219603, "delta": 0.950576}}
{"target": 0.4563094339733206, "params": {"eta": 0.11299856201225075, "max_depth": 1.3569785932480904, "n_estimators": 89.23533884182584}, "datetime": {"datetime": "2021-09-24 13:41:11", "elapsed": 105.224888, "delta": 1.005285}}
{"target": 0.2924860657603996, "params": {"eta": 0.3330861465353927, "max_depth": 2.666893555829996, "n_estimators": 147.76997272748528}, "datetime": {"datetime": "2021-09-24 13:41:12", "elapsed": 105.917762, "delta": 0.692874}}
{"target": 0.39007006285727197, "params": {"eta": 0.5212417484153458, "max_depth": 1.295265485833826, "n_estimators": 97.50865924725518}, "datetime": {"datetime": "2021-09-24 13:41:13", "elapsed": 106.666019, "delta": 0.748257}}
{"target": 0.45184143462206083, "params": {"eta": 0.08, "max_depth": 1.6544881857441378, "n_estimators": 118.81232030612674}, "datetime": {"datetime": "2021-09-24 13:41:13", "elapsed": 107.418021, "delta": 0.752002}}
{"target": 0.4500535567270253, "params": {"eta": 0.08807952154417609, "max_depth": 1.3506412160007124, "n_estimators": 102.05485712666595}, "datetime": {"datetime": "2021-09-24 13:41:15", "elapsed": 108.709247, "delta": 1.291226}}
{"target": 0.4475337220351381, "params": {"eta": 0.08, "max_depth": 1.3802555186366068, "n_estimators": 93.98551933273738}, "datetime": {"datetime": "2021-09-24 13:41:16", "elapsed": 109.578243, "delta": 0.868996}}
{"target": 0.44177250324862005, "params": {"eta": 0.4080935040095962, "max_depth": 1.6819049971334632, "n_estimators": 64.04906478401513}, "datetime": {"datetime": "2021-09-24 13:41:17", "elapsed": 110.485727, "delta": 0.907484}}
{"target": 0.4436048409374641, "params": {"eta": 0.16905413963340693, "max_depth": 1.8658411221775506, "n_estimators": 59.49770459948015}, "datetime": {"datetime": "2021-09-24 13:41:17", "elapsed": 111.442493, "delta": 0.956766}}
{"target": 0.44311870745909265, "params": {"eta": 0.09347603071912099, "max_depth": 2.541480391789512, "n_estimators": 65.46457869049694}, "datetime": {"datetime": "2021-09-24 13:41:18", "elapsed": 112.381811, "delta": 0.939318}}
{"target": 0.45886908599945986, "params": {"eta": 0.08, "max_depth": 2.14185334848306, "n_estimators": 65.15081194648764}, "datetime": {"datetime": "2021-09-24 13:41:20", "elapsed": 113.56342, "delta": 1.181609}}
{"target": 0.39878387609664, "params": {"eta": 0.44166831218771563, "max_depth": 1.7833135808743137, "n_estimators": 119.16148070743414}, "datetime": {"datetime": "2021-09-24 13:41:20", "elapsed": 114.401225, "delta": 0.837805}}
{"target": 0.4471317872810098, "params": {"eta": 0.10285531589563236, "max_depth": 1.235291641617126, "n_estimators": 65.81808419877602}, "datetime": {"datetime": "2021-09-24 13:41:22", "elapsed": 115.476543, "delta": 1.075318}}
{"target": 0.2649038483173397, "params": {"eta": 0.3631129484255503, "max_depth": 2.6475123640740925, "n_estimators": 102.48155622814929}, "datetime": {"datetime": "2021-09-24 13:41:22", "elapsed": 116.429471, "delta": 0.952928}}
{"target": 0.4477714617705071, "params": {"eta": 0.08722012190101072, "max_depth": 2.4919152801813014, "n_estimators": 58.686146305840026}, "datetime": {"datetime": "2021-09-24 13:41:23", "elapsed": 117.251858, "delta": 0.822387}}
{"target": 0.44937415278380066, "params": {"eta": 0.09323601172969684, "max_depth": 1.7763734040185077, "n_estimators": 65.35223229356805}, "datetime": {"datetime": "2021-09-24 13:41:25", "elapsed": 118.604122, "delta": 1.352264}}
{"target": 0.4470922810685881, "params": {"eta": 0.12137799140225386, "max_depth": 1.1772788587947396, "n_estimators": 66.41296886812844}, "datetime": {"datetime": "2021-09-24 13:41:26", "elapsed": 119.64416, "delta": 1.040038}}
{"target": 0.45542139972959716, "params": {"eta": 0.2562679384854521, "max_depth": 1.6315074558506044, "n_estimators": 86.31379966476956}, "datetime": {"datetime": "2021-09-24 13:41:27", "elapsed": 120.648382, "delta": 1.004222}}
{"target": 0.44542055025602945, "params": {"eta": 0.08444537418560294, "max_depth": 1.4361976572260395, "n_estimators": 66.9494113627382}, "datetime": {"datetime": "2021-09-24 13:41:28", "elapsed": 121.662081, "delta": 1.013699}}
{"target": 0.4606060440857648, "params": {"eta": 0.08, "max_depth": 2.903586931000103, "n_estimators": 59.57267237459707}, "datetime": {"datetime": "2021-09-24 13:41:29", "elapsed": 122.818227, "delta": 1.156146}}
{"target": 0.4475337220351381, "params": {"eta": 0.08, "max_depth": 1.0, "n_estimators": 93.77308777800133}, "datetime": {"datetime": "2021-09-24 13:41:30", "elapsed": 123.810522, "delta": 0.992295}}
{"target": 0.44949497913543235, "params": {"eta": 0.08, "max_depth": 1.0, "n_estimators": 103.21046526818621}, "datetime": {"datetime": "2021-09-24 13:41:31", "elapsed": 124.986077, "delta": 1.175555}}
{"target": 0.4472130945623737, "params": {"eta": 0.25071357102069586, "max_depth": 1.8361030250874724, "n_estimators": 57.11429802107438}, "datetime": {"datetime": "2021-09-24 13:41:32", "elapsed": 125.678081, "delta": 0.692004}}
{"target": 0.45419969247142733, "params": {"eta": 0.14665610397784057, "max_depth": 1.071971787145005, "n_estimators": 83.14433907238947}, "datetime": {"datetime": "2021-09-24 13:41:32", "elapsed": 126.372195, "delta": 0.694114}}
{"target": 0.45234863319975194, "params": {"eta": 0.10115087932503113, "max_depth": 1.739101889078616, "n_estimators": 86.69223352033677}, "datetime": {"datetime": "2021-09-24 13:41:34", "elapsed": 127.66307, "delta": 1.290875}}
{"target": 0.43417401267784683, "params": {"eta": 0.3941639038600673, "max_depth": 1.9923650204849137, "n_estimators": 86.42271359055013}, "datetime": {"datetime": "2021-09-24 13:41:35", "elapsed": 128.85515, "delta": 1.19208}}
{"target": 0.4414932413179967, "params": {"eta": 0.3244930399786292, "max_depth": 1.4431924744094036, "n_estimators": 83.05816816859686}, "datetime": {"datetime": "2021-09-24 13:41:36", "elapsed": 129.810151, "delta": 0.955001}}
{"target": 0.2017809479341114, "params": {"eta": 0.5824712266926896, "max_depth": 2.121093193345976, "n_estimators": 73.04462278116522}, "datetime": {"datetime": "2021-09-24 13:41:37", "elapsed": 130.687048, "delta": 0.876897}}
{"target": 0.4551436532238792, "params": {"eta": 0.10899359481731713, "max_depth": 1.0430687032885166, "n_estimators": 82.70387167674107}, "datetime": {"datetime": "2021-09-24 13:41:38", "elapsed": 131.692799, "delta": 1.005751}}
{"target": 0.37205672152979663, "params": {"eta": 0.5605153080800215, "max_depth": 1.1199333492445915, "n_estimators": 82.89297941753325}, "datetime": {"datetime": "2021-09-24 13:41:39", "elapsed": 132.90147, "delta": 1.208671}}
{"target": 0.45138943243519314, "params": {"eta": 0.13268832389903837, "max_depth": 1.325204461657576, "n_estimators": 83.4528583794211}, "datetime": {"datetime": "2021-09-24 13:41:40", "elapsed": 133.799248, "delta": 0.897778}}
{"target": 0.3444085800265092, "params": {"eta": 0.5870669776458055, "max_depth": 1.9434645107184665, "n_estimators": 119.91499421364156}, "datetime": {"datetime": "2021-09-24 13:41:41", "elapsed": 134.959995, "delta": 1.160747}}
{"target": 0.44798476614200367, "params": {"eta": 0.08578741937368473, "max_depth": 1.5695406317275526, "n_estimators": 82.65087642497937}, "datetime": {"datetime": "2021-09-24 13:41:42", "elapsed": 135.943192, "delta": 0.983197}}
{"target": 0.4470772183411337, "params": {"eta": 0.08302573917296492, "max_depth": 1.2882271557598735, "n_estimators": 82.22950173683591}, "datetime": {"datetime": "2021-09-24 13:41:43", "elapsed": 137.090322, "delta": 1.14713}}
{"target": 0.3857447575658248, "params": {"eta": 0.24232173645156607, "max_depth": 2.606728003581146, "n_estimators": 65.21546278673905}, "datetime": {"datetime": "2021-09-24 13:41:44", "elapsed": 137.939778, "delta": 0.849456}}
{"target": 0.4470804296505222, "params": {"eta": 0.08, "max_depth": 1.863359465219695, "n_estimators": 85.96919612441917}, "datetime": {"datetime": "2021-09-24 13:41:45", "elapsed": 139.033735, "delta": 1.093957}}
{"target": 0.45131567366224346, "params": {"eta": 0.09720870411322562, "max_depth": 1.2228094241860223, "n_estimators": 65.81281519685062}, "datetime": {"datetime": "2021-09-24 13:41:46", "elapsed": 139.751739, "delta": 0.718004}}
{"target": 0.4494070134695639, "params": {"eta": 0.3540223793145488, "max_depth": 1.8761128219093468, "n_estimators": 75.49860130012542}, "datetime": {"datetime": "2021-09-24 13:41:47", "elapsed": 141.229198, "delta": 1.477459}}
{"target": 0.44253879815424635, "params": {"eta": 0.39808746120014277, "max_depth": 1.4890926876445272, "n_estimators": 75.85188610881303}, "datetime": {"datetime": "2021-09-24 13:41:48", "elapsed": 142.229281, "delta": 1.000083}}
{"target": 0.4534018317479829, "params": {"eta": 0.09852463829557703, "max_depth": 1.7486478393909834, "n_estimators": 74.99995994238}, "datetime": {"datetime": "2021-09-24 13:41:49", "elapsed": 143.237482, "delta": 1.008201}}
{"target": 0.3802429567331844, "params": {"eta": 0.5961042902367248, "max_depth": 1.6366265956270662, "n_estimators": 75.10313352912675}, "datetime": {"datetime": "2021-09-24 13:41:51", "elapsed": 144.633465, "delta": 1.395983}}
{"target": 0.4497533490214388, "params": {"eta": 0.09187736186718297, "max_depth": 1.1160803529798082, "n_estimators": 75.24702921749298}, "datetime": {"datetime": "2021-09-24 13:41:52", "elapsed": 145.728572, "delta": 1.095107}}
{"target": 0.4464937332064365, "params": {"eta": 0.08312527864901974, "max_depth": 1.6159284031826073, "n_estimators": 75.36259326455087}, "datetime": {"datetime": "2021-09-24 13:41:53", "elapsed": 146.901586, "delta": 1.173014}}
{"target": 0.45090987678996053, "params": {"eta": 0.16312473919648313, "max_depth": 1.1449286092591784, "n_estimators": 75.62640635276398}, "datetime": {"datetime": "2021-09-24 13:41:54", "elapsed": 148.107296, "delta": 1.20571}}
{"target": 0.42197873782182527, "params": {"eta": 0.1611003936444889, "max_depth": 2.2352349338546684, "n_estimators": 74.84297846313774}, "datetime": {"datetime": "2021-09-24 13:41:55", "elapsed": 149.088758, "delta": 0.981462}}
{"target": 0.4494251647576777, "params": {"eta": 0.08279240373331799, "max_depth": 1.5721366612278693, "n_estimators": 101.62146703823528}, "datetime": {"datetime": "2021-09-24 13:41:56", "elapsed": 150.425601, "delta": 1.336843}}
{"target": 0.45318489726254974, "params": {"eta": 0.17061685931058107, "max_depth": 1.157790423915591, "n_estimators": 75.63098523380616}, "datetime": {"datetime": "2021-09-24 13:41:57", "elapsed": 151.305974, "delta": 0.880373}}
{"target": 0.41402967288333536, "params": {"eta": 0.40495631900169754, "max_depth": 1.257222630622485, "n_estimators": 116.96058561406012}, "datetime": {"datetime": "2021-09-24 13:41:58", "elapsed": 152.105779, "delta": 0.799805}}
{"target": 0.3881815801773105, "params": {"eta": 0.5319346085765816, "max_depth": 1.7756763534043423, "n_estimators": 85.88921630245923}, "datetime": {"datetime": "2021-09-24 13:41:59", "elapsed": 153.339052, "delta": 1.233273}}
{"target": 0.4444066862753282, "params": {"eta": 0.08, "max_depth": 1.7395236886775374, "n_estimators": 63.40237330021185}, "datetime": {"datetime": "2021-09-24 13:42:01", "elapsed": 154.885058, "delta": 1.546006}}
{"target": 0.36639705170188586, "params": {"eta": 0.5983943803623897, "max_depth": 1.0799607754167948, "n_estimators": 75.79645748030954}, "datetime": {"datetime": "2021-09-24 13:42:02", "elapsed": 156.07167, "delta": 1.186612}}
{"target": 0.45060875728075156, "params": {"eta": 0.11883687294804843, "max_depth": 1.7921611473688082, "n_estimators": 75.92078777082219}, "datetime": {"datetime": "2021-09-24 13:42:03", "elapsed": 157.359008, "delta": 1.287338}}
{"target": 0.4578670981900016, "params": {"eta": 0.08, "max_depth": 2.2463070826438694, "n_estimators": 75.65490190878828}, "datetime": {"datetime": "2021-09-24 13:42:05", "elapsed": 158.673257, "delta": 1.314249}}
{"target": 0.45672865550656405, "params": {"eta": 0.1501956294782847, "max_depth": 1.1125515935099148, "n_estimators": 140.29301852710154}, "datetime": {"datetime": "2021-09-24 13:42:06", "elapsed": 159.557257, "delta": 0.884}}
{"target": 0.43189209213245416, "params": {"eta": 0.11644907574789456, "max_depth": 2.949692019495224, "n_estimators": 90.45868750063553}, "datetime": {"datetime": "2021-09-24 13:42:06", "elapsed": 160.378794, "delta": 0.821537}}
{"target": 0.4590485214705743, "params": {"eta": 0.21518064744722937, "max_depth": 1.4317309018366031, "n_estimators": 111.47673237153006}, "datetime": {"datetime": "2021-09-24 13:42:08", "elapsed": 161.486884, "delta": 1.10809}}
{"target": 0.35327099165370335, "params": {"eta": 0.4049195120649177, "max_depth": 2.079116988265695, "n_estimators": 76.00119577303461}, "datetime": {"datetime": "2021-09-24 13:42:09", "elapsed": 163.034101, "delta": 1.547217}}
{"target": 0.4578670981900016, "params": {"eta": 0.08, "max_depth": 2.1028772476685336, "n_estimators": 75.3154254218989}, "datetime": {"datetime": "2021-09-24 13:42:10", "elapsed": 164.439804, "delta": 1.405703}}
{"target": 0.44909414188390007, "params": {"eta": 0.10647797681160584, "max_depth": 1.6040301996892807, "n_estimators": 60.08449944291071}, "datetime": {"datetime": "2021-09-24 13:42:11", "elapsed": 165.291382, "delta": 0.851578}}
{"target": 0.437376174656933, "params": {"eta": 0.10898883173483455, "max_depth": 2.777553051516373, "n_estimators": 90.80748039508717}, "datetime": {"datetime": "2021-09-24 13:42:12", "elapsed": 166.436365, "delta": 1.144983}}
{"target": 0.4390858548429437, "params": {"eta": 0.33335683727860116, "max_depth": 1.6992845630636177, "n_estimators": 111.78143305012547}, "datetime": {"datetime": "2021-09-24 13:42:14", "elapsed": 167.794146, "delta": 1.357781}}
{"target": 0.4342471145764566, "params": {"eta": 0.30277266852650486, "max_depth": 1.4728045667892238, "n_estimators": 119.71399437595042}, "datetime": {"datetime": "2021-09-24 13:42:15", "elapsed": 168.640062, "delta": 0.845916}}
{"target": 0.3733662551518804, "params": {"eta": 0.5098190923013177, "max_depth": 1.1547208026915736, "n_estimators": 111.58491809796847}, "datetime": {"datetime": "2021-09-24 13:42:16", "elapsed": 170.060089, "delta": 1.420027}}
{"target": 0.4542816881531997, "params": {"eta": 0.11917256299915774, "max_depth": 1.817579722102325, "n_estimators": 111.39153099503761}, "datetime": {"datetime": "2021-09-24 13:42:17", "elapsed": 171.428994, "delta": 1.368905}}
{"target": 0.4306195265119501, "params": {"eta": 0.10018861698458387, "max_depth": 2.311528731561953, "n_estimators": 136.8049933743625}, "datetime": {"datetime": "2021-09-24 13:42:18", "elapsed": 172.462878, "delta": 1.033884}}
{"target": 0.42796804901415286, "params": {"eta": 0.2864173188409862, "max_depth": 1.3866335047557508, "n_estimators": 139.9877331916267}, "datetime": {"datetime": "2021-09-24 13:42:20", "elapsed": 173.994517, "delta": 1.531639}}
{"target": 0.44944240208679664, "params": {"eta": 0.08, "max_depth": 1.4953829610419274, "n_estimators": 111.09352594419408}, "datetime": {"datetime": "2021-09-24 13:42:22", "elapsed": 175.563559, "delta": 1.569042}}
{"target": 0.4454186891216927, "params": {"eta": 0.08, "max_depth": 1.4883455319664258, "n_estimators": 75.73807596891783}, "datetime": {"datetime": "2021-09-24 13:42:23", "elapsed": 177.041293, "delta": 1.477734}}
{"target": 0.45069102173292896, "params": {"eta": 0.1090007102573632, "max_depth": 2.6244500369900794, "n_estimators": 58.33241576666816}, "datetime": {"datetime": "2021-09-24 13:42:24", "elapsed": 178.06394, "delta": 1.022647}}
{"target": 0.3971917533660785, "params": {"eta": 0.44465700400326463, "max_depth": 1.7208595969525768, "n_estimators": 111.09169924803396}, "datetime": {"datetime": "2021-09-24 13:42:26", "elapsed": 179.656358, "delta": 1.592418}}
{"target": 0.3631304425483963, "params": {"eta": 0.18705660409594466, "max_depth": 2.244442209695066, "n_estimators": 130.3745580735866}, "datetime": {"datetime": "2021-09-24 13:42:27", "elapsed": 180.954504, "delta": 1.298146}}
{"target": 0.45687685238376574, "params": {"eta": 0.11317139821193507, "max_depth": 1.3317077230833991, "n_estimators": 86.61355975941774}, "datetime": {"datetime": "2021-09-24 13:42:29", "elapsed": 182.912474, "delta": 1.95797}}
{"target": 0.3865331642832027, "params": {"eta": 0.4613157413125606, "max_depth": 1.0985528496609478, "n_estimators": 140.5546760472125}, "datetime": {"datetime": "2021-09-24 13:42:30", "elapsed": 184.414061, "delta": 1.501587}}
{"target": 0.4526871790053021, "params": {"eta": 0.11023304596976422, "max_depth": 1.5486576624205133, "n_estimators": 100.14077876301181}, "datetime": {"datetime": "2021-09-24 13:42:32", "elapsed": 185.655014, "delta": 1.240953}}
{"target": 0.456410121468111, "params": {"eta": 0.16755778402950855, "max_depth": 1.7462197904328147, "n_estimators": 95.71025883230081}, "datetime": {"datetime": "2021-09-24 13:42:33", "elapsed": 186.66836, "delta": 1.013346}}
{"target": 0.3688021572334407, "params": {"eta": 0.2563324457959616, "max_depth": 2.5162312577293724, "n_estimators": 75.405228497728}, "datetime": {"datetime": "2021-09-24 13:42:35", "elapsed": 188.791804, "delta": 2.123444}}
{"target": 0.3918359975933978, "params": {"eta": 0.140878174734949, "max_depth": 2.552212547196538, "n_estimators": 126.81415336682021}, "datetime": {"datetime": "2021-09-24 13:42:37", "elapsed": 190.533786, "delta": 1.741982}}
{"target": 0.4469839572016331, "params": {"eta": 0.08, "max_depth": 1.3232658360348222, "n_estimators": 94.95139127457921}, "datetime": {"datetime": "2021-09-24 13:42:38", "elapsed": 192.426768, "delta": 1.892982}}
{"target": 0.44614611375780355, "params": {"eta": 0.08, "max_depth": 1.0, "n_estimators": 65.95777954653754}, "datetime": {"datetime": "2021-09-24 13:42:42", "elapsed": 195.992442, "delta": 3.565674}}
{"target": 0.43826900948563075, "params": {"eta": 0.4440872462644571, "max_depth": 1.4889805468880775, "n_estimators": 59.55461488044187}, "datetime": {"datetime": "2021-09-24 13:42:44", "elapsed": 198.275669, "delta": 2.283227}}
{"target": 0.44990653980293627, "params": {"eta": 0.200344372398365, "max_depth": 1.6343076345999594, "n_estimators": 118.47014366787623}, "datetime": {"datetime": "2021-09-24 13:42:46", "elapsed": 199.562475, "delta": 1.286806}}
{"target": 0.45414342930996043, "params": {"eta": 0.11818222076919509, "max_depth": 1.5379437590292635, "n_estimators": 95.3244377954033}, "datetime": {"datetime": "2021-09-24 13:42:47", "elapsed": 201.172296, "delta": 1.609821}}
{"target": 0.44775283210345285, "params": {"eta": 0.08, "max_depth": 1.3554915166010406, "n_estimators": 95.69498457718613}, "datetime": {"datetime": "2021-09-24 13:42:49", "elapsed": 203.129512, "delta": 1.957216}}
{"target": 0.4458190728748974, "params": {"eta": 0.08, "max_depth": 1.707240875636278, "n_estimators": 83.22611653273063}, "datetime": {"datetime": "2021-09-24 13:42:51", "elapsed": 204.691777, "delta": 1.562265}}
{"target": 0.43637884380761827, "params": {"eta": 0.08846087975198866, "max_depth": 2.024787764535647, "n_estimators": 95.42586058566886}, "datetime": {"datetime": "2021-09-24 13:42:53", "elapsed": 206.528325, "delta": 1.836548}}
{"target": 0.4426262293064629, "params": {"eta": 0.08, "max_depth": 1.9690550973073644, "n_estimators": 60.404725954927486}, "datetime": {"datetime": "2021-09-24 13:42:54", "elapsed": 208.368375, "delta": 1.84005}}
