{"target": -50.41475574235271, "params": {"eta": 0.5, "max_depth": 9.616385277390844, "n_estimators": 18.835840625278987}, "datetime": {"datetime": "2021-09-24 16:18:57", "elapsed": 433.501638, "delta": 2.662645}}
{"target": -50.84128931949013, "params": {"eta": 0.5, "max_depth": 11.141849240539704, "n_estimators": 78.9335845684496}, "datetime": {"datetime": "2021-09-24 16:18:59", "elapsed": 435.531225, "delta": 2.029587}}
{"target": -52.601869683516654, "params": {"eta": 0.4956075856482452, "max_depth": 13.767047229824701, "n_estimators": 72.00094436432028}, "datetime": {"datetime": "2021-09-24 16:19:01", "elapsed": 437.907794, "delta": 2.376569}}
{"target": -51.580828673857496, "params": {"eta": 0.5, "max_depth": 25.0, "n_estimators": 72.38771058954903}, "datetime": {"datetime": "2021-09-24 16:19:04", "elapsed": 440.554854, "delta": 2.64706}}
{"target": -87.30490148157105, "params": {"eta": 0.02854118982710232, "max_depth": 8.460039445083446, "n_estimators": 19.51386834330636}, "datetime": {"datetime": "2021-09-24 16:19:07", "elapsed": 443.570855, "delta": 3.016001}}
{"target": -47.23999869554563, "params": {"eta": 0.37916195436908223, "max_depth": 10.089767567209396, "n_estimators": 20.891025700059327}, "datetime": {"datetime": "2021-09-24 16:19:09", "elapsed": 445.752531, "delta": 2.181676}}
{"target": -74.24112582385987, "params": {"eta": 0.01, "max_depth": 21.34337502031335, "n_estimators": 76.43139555538275}, "datetime": {"datetime": "2021-09-24 16:19:12", "elapsed": 449.140923, "delta": 3.388392}}
{"target": -46.76709973901734, "params": {"eta": 0.37600648896847677, "max_depth": 10.605997838054988, "n_estimators": 19.617989274627572}, "datetime": {"datetime": "2021-09-24 16:19:15", "elapsed": 451.777826, "delta": 2.636903}}
{"target": -48.56031228545913, "params": {"eta": 0.4850674976630778, "max_depth": 18.584742538411163, "n_estimators": 21.876461701600256}, "datetime": {"datetime": "2021-09-24 16:19:18", "elapsed": 454.554832, "delta": 2.777006}}
{"target": -50.80680422675341, "params": {"eta": 0.3235539191016339, "max_depth": 4.268457788710166, "n_estimators": 57.172878411638486}, "datetime": {"datetime": "2021-09-24 16:19:20", "elapsed": 456.540829, "delta": 1.985997}}
{"target": -47.39904179967436, "params": {"eta": 0.17044114846970407, "max_depth": 4.084105447767149, "n_estimators": 55.618540509496405}, "datetime": {"datetime": "2021-09-24 16:19:22", "elapsed": 459.165827, "delta": 2.624998}}
{"target": -48.94941243910252, "params": {"eta": 0.47565269222598905, "max_depth": 19.685069471572135, "n_estimators": 74.41593378866222}, "datetime": {"datetime": "2021-09-24 16:19:25", "elapsed": 462.171831, "delta": 3.006004}}
{"target": -47.45934416118421, "params": {"eta": 0.5, "max_depth": 6.208968600677239, "n_estimators": 66.66761808940808}, "datetime": {"datetime": "2021-09-24 16:19:28", "elapsed": 464.777829, "delta": 2.605998}}
{"target": -48.238853597999515, "params": {"eta": 0.10933355248280932, "max_depth": 5.068622793232047, "n_estimators": 66.9502380424484}, "datetime": {"datetime": "2021-09-24 16:19:31", "elapsed": 467.502832, "delta": 2.725003}}
{"target": -46.92209817413101, "params": {"eta": 0.06671370727753789, "max_depth": 5.1767932277100135, "n_estimators": 54.80165319148374}, "datetime": {"datetime": "2021-09-24 16:19:34", "elapsed": 470.614833, "delta": 3.112001}}
{"target": -52.110913900504436, "params": {"eta": 0.49584864713703697, "max_depth": 14.01147501028316, "n_estimators": 12.767979243225911}, "datetime": {"datetime": "2021-09-24 16:19:36", "elapsed": 472.75583, "delta": 2.140997}}
{"target": -48.73762890808565, "params": {"eta": 0.4763905480891451, "max_depth": 22.61923156385597, "n_estimators": 75.01824061559891}, "datetime": {"datetime": "2021-09-24 16:19:38", "elapsed": 475.243888, "delta": 2.488058}}
{"target": -67.13009386851375, "params": {"eta": 0.05826156776583464, "max_depth": 8.410310065880765, "n_estimators": 16.92204064928714}, "datetime": {"datetime": "2021-09-24 16:19:42", "elapsed": 478.636884, "delta": 3.392996}}
{"target": -49.04366204971657, "params": {"eta": 0.24228013159326744, "max_depth": 5.138075428171117, "n_estimators": 65.56350874762458}, "datetime": {"datetime": "2021-09-24 16:19:44", "elapsed": 481.394472, "delta": 2.757588}}
{"target": -51.65080255494082, "params": {"eta": 0.5, "max_depth": 14.648048950648423, "n_estimators": 61.31927705184904}, "datetime": {"datetime": "2021-09-24 16:19:47", "elapsed": 483.862533, "delta": 2.468061}}
{"target": -51.59442675024047, "params": {"eta": 0.5, "max_depth": 24.617882888264315, "n_estimators": 65.78203888874687}, "datetime": {"datetime": "2021-09-24 16:19:49", "elapsed": 486.325835, "delta": 2.463302}}
{"target": -47.50499137362143, "params": {"eta": 0.45538096517531157, "max_depth": 11.455861915128953, "n_estimators": 15.221791720900368}, "datetime": {"datetime": "2021-09-24 16:19:52", "elapsed": 489.260839, "delta": 2.935004}}
{"target": -51.593354045896604, "params": {"eta": 0.5, "max_depth": 23.109961429309678, "n_estimators": 65.05886403267007}, "datetime": {"datetime": "2021-09-24 16:19:55", "elapsed": 491.840065, "delta": 2.579226}}
{"target": -51.6288494310881, "params": {"eta": 0.4945148713599557, "max_depth": 7.676293420284614, "n_estimators": 15.2430103040653}, "datetime": {"datetime": "2021-09-24 16:19:57", "elapsed": 494.296725, "delta": 2.45666}}
{"target": -44.72945610562662, "params": {"eta": 0.5, "max_depth": 1.0, "n_estimators": 12.221915596156208}, "datetime": {"datetime": "2021-09-24 16:20:00", "elapsed": 496.699887, "delta": 2.403162}}
{"target": -96.01018785175525, "params": {"eta": 0.03641252308352178, "max_depth": 1.3184100170343562, "n_estimators": 11.083915072151829}, "datetime": {"datetime": "2021-09-24 16:20:02", "elapsed": 498.578403, "delta": 1.878516}}
{"target": -51.65540829995521, "params": {"eta": 0.5, "max_depth": 16.904586125976007, "n_estimators": 76.04351228125815}, "datetime": {"datetime": "2021-09-24 16:20:04", "elapsed": 501.171933, "delta": 2.59353}}
{"target": -44.17020100758488, "params": {"eta": 0.35334568889021345, "max_depth": 1.7351485628717969, "n_estimators": 12.86454592474156}, "datetime": {"datetime": "2021-09-24 16:20:06", "elapsed": 503.33663, "delta": 2.164697}}
{"target": -47.58368556660817, "params": {"eta": 0.4253316379286298, "max_depth": 8.320076810925034, "n_estimators": 67.07182725451017}, "datetime": {"datetime": "2021-09-24 16:20:09", "elapsed": 506.045582, "delta": 2.708952}}
{"target": -48.424772592415486, "params": {"eta": 0.20293886893044663, "max_depth": 15.102166873956802, "n_estimators": 77.01399199230131}, "datetime": {"datetime": "2021-09-24 16:20:12", "elapsed": 509.152256, "delta": 3.106674}}
{"target": -51.38802395010353, "params": {"eta": 0.5, "max_depth": 3.9357136966343886, "n_estimators": 66.1942474532495}, "datetime": {"datetime": "2021-09-24 16:20:15", "elapsed": 511.479826, "delta": 2.32757}}
{"target": -50.15111273571961, "params": {"eta": 0.44491911223905345, "max_depth": 5.783224327244737, "n_estimators": 53.8379592519507}, "datetime": {"datetime": "2021-09-24 16:20:18", "elapsed": 514.494981, "delta": 3.015155}}
{"target": -51.612958865058154, "params": {"eta": 0.5, "max_depth": 22.96836717609981, "n_estimators": 22.0841471039959}, "datetime": {"datetime": "2021-09-24 16:20:21", "elapsed": 517.990247, "delta": 3.495266}}
{"target": -112.6737218656038, "params": {"eta": 0.01, "max_depth": 22.15201223501501, "n_estimators": 27.76363770895101}, "datetime": {"datetime": "2021-09-24 16:20:24", "elapsed": 521.144903, "delta": 3.154656}}
{"target": -46.35345367202185, "params": {"eta": 0.14447586180561459, "max_depth": 1.4723803458713087, "n_estimators": 19.692530143854725}, "datetime": {"datetime": "2021-09-24 16:20:26", "elapsed": 522.489205, "delta": 1.344302}}
{"target": -50.768501568557625, "params": {"eta": 0.46219363935447433, "max_depth": 21.811480841629578, "n_estimators": 29.765494733763845}, "datetime": {"datetime": "2021-09-24 16:20:29", "elapsed": 525.834878, "delta": 3.345673}}
{"target": -51.57027653285435, "params": {"eta": 0.5, "max_depth": 18.36878714143868, "n_estimators": 29.262477756243165}, "datetime": {"datetime": "2021-09-24 16:20:32", "elapsed": 528.643799, "delta": 2.808921}}
{"target": -47.43298606585739, "params": {"eta": 0.35731368170431105, "max_depth": 17.414987398850116, "n_estimators": 10.76999255297288}, "datetime": {"datetime": "2021-09-24 16:20:35", "elapsed": 532.237011, "delta": 3.593212}}
{"target": -60.97911088986504, "params": {"eta": 0.04921335585451513, "max_depth": 18.932231482041466, "n_estimators": 23.586879176271623}, "datetime": {"datetime": "2021-09-24 16:20:38", "elapsed": 534.873731, "delta": 2.63672}}
{"target": -46.91860353857055, "params": {"eta": 0.13762461846264706, "max_depth": 7.627260502269973, "n_estimators": 71.15891316846222}, "datetime": {"datetime": "2021-09-24 16:20:41", "elapsed": 538.313834, "delta": 3.440103}}
{"target": -46.70598791595688, "params": {"eta": 0.07267507465175954, "max_depth": 10.03527999123687, "n_estimators": 65.18830677678761}, "datetime": {"datetime": "2021-09-24 16:20:45", "elapsed": 541.806263, "delta": 3.492429}}
{"target": -46.239351200878176, "params": {"eta": 0.03152451033723509, "max_depth": 9.744861736411819, "n_estimators": 73.24945551640096}, "datetime": {"datetime": "2021-09-24 16:20:48", "elapsed": 544.514298, "delta": 2.708035}}
{"target": -46.81133121117613, "params": {"eta": 0.03809243921045535, "max_depth": 8.239478939325453, "n_estimators": 77.97519796700297}, "datetime": {"datetime": "2021-09-24 16:20:51", "elapsed": 547.688933, "delta": 3.174635}}
{"target": -47.08518500077097, "params": {"eta": 0.21374372924668977, "max_depth": 17.239945174980537, "n_estimators": 72.28606966782066}, "datetime": {"datetime": "2021-09-24 16:20:54", "elapsed": 551.338019, "delta": 3.649086}}
{"target": -117.06906690454124, "params": {"eta": 0.01, "max_depth": 14.396928111230578, "n_estimators": 23.17970522926846}, "datetime": {"datetime": "2021-09-24 16:20:57", "elapsed": 554.068084, "delta": 2.730065}}
{"target": -97.67664112005019, "params": {"eta": 0.011412702858149198, "max_depth": 10.738660331967477, "n_estimators": 37.78223081411777}, "datetime": {"datetime": "2021-09-24 16:20:59", "elapsed": 556.195085, "delta": 2.127001}}
{"target": -47.47074657813051, "params": {"eta": 0.2567293670037582, "max_depth": 8.78787379698312, "n_estimators": 37.36399911691062}, "datetime": {"datetime": "2021-09-24 16:21:03", "elapsed": 559.741168, "delta": 3.546083}}
{"target": -53.046617837776814, "params": {"eta": 0.5, "max_depth": 12.244343397518792, "n_estimators": 24.13815603635319}, "datetime": {"datetime": "2021-09-24 16:21:06", "elapsed": 562.702811, "delta": 2.961643}}
{"target": -47.57934157292646, "params": {"eta": 0.04053925764945904, "max_depth": 1.7396706393621209, "n_estimators": 56.54110240078447}, "datetime": {"datetime": "2021-09-24 16:21:08", "elapsed": 565.391868, "delta": 2.689057}}
{"target": -51.84575268738252, "params": {"eta": 0.49405944227095977, "max_depth": 9.719119077194101, "n_estimators": 82.3247931825435}, "datetime": {"datetime": "2021-09-24 16:21:11", "elapsed": 567.904398, "delta": 2.51253}}
{"target": -44.71962307808094, "params": {"eta": 0.04689025665009781, "max_depth": 16.43666129578065, "n_estimators": 77.49032314206163}, "datetime": {"datetime": "2021-09-24 16:21:15", "elapsed": 571.651032, "delta": 3.746634}}
{"target": -49.612811870144725, "params": {"eta": 0.08054670309687281, "max_depth": 17.10065648454578, "n_estimators": 23.850008429939884}, "datetime": {"datetime": "2021-09-24 16:21:17", "elapsed": 574.279992, "delta": 2.62896}}
{"target": -49.166043546863065, "params": {"eta": 0.25668509258189587, "max_depth": 4.506055996683552, "n_estimators": 68.01842065795432}, "datetime": {"datetime": "2021-09-24 16:21:21", "elapsed": 577.773348, "delta": 3.493356}}
{"target": -47.51528827409099, "params": {"eta": 0.5, "max_depth": 3.2167766175385606, "n_estimators": 10.0}, "datetime": {"datetime": "2021-09-24 16:21:24", "elapsed": 580.518304, "delta": 2.744956}}
{"target": -49.07468609343794, "params": {"eta": 0.4738452797182546, "max_depth": 6.661235952745261, "n_estimators": 13.279567681441895}, "datetime": {"datetime": "2021-09-24 16:21:26", "elapsed": 583.016148, "delta": 2.497844}}
{"target": -75.29834545106816, "params": {"eta": 0.01, "max_depth": 25.0, "n_estimators": 74.35638993995863}, "datetime": {"datetime": "2021-09-24 16:21:30", "elapsed": 586.540242, "delta": 3.524094}}
{"target": -55.32220719989977, "params": {"eta": 0.017787079375519134, "max_depth": 24.043043773322214, "n_estimators": 76.36941562231983}, "datetime": {"datetime": "2021-09-24 16:21:33", "elapsed": 589.848772, "delta": 3.30853}}
{"target": -47.03853994383848, "params": {"eta": 0.05814265001430191, "max_depth": 13.941572175326545, "n_estimators": 42.24957386218578}, "datetime": {"datetime": "2021-09-24 16:21:36", "elapsed": 592.786771, "delta": 2.937999}}
{"target": -51.22210504058609, "params": {"eta": 0.49825904780116426, "max_depth": 16.832433087899396, "n_estimators": 78.63634487467789}, "datetime": {"datetime": "2021-09-24 16:21:39", "elapsed": 596.114413, "delta": 3.327642}}
{"target": -45.64371200790979, "params": {"eta": 0.05515468980625899, "max_depth": 23.757418659074617, "n_estimators": 71.35507723650844}, "datetime": {"datetime": "2021-09-24 16:21:44", "elapsed": 600.88009, "delta": 4.765677}}
{"target": -68.86718385739434, "params": {"eta": 0.013404934679776334, "max_depth": 9.464864986170682, "n_estimators": 66.47083032743694}, "datetime": {"datetime": "2021-09-24 16:21:48", "elapsed": 604.629058, "delta": 3.748968}}
{"target": -47.14746509638048, "params": {"eta": 0.05065880350979769, "max_depth": 13.044116464246732, "n_estimators": 43.143158728968004}, "datetime": {"datetime": "2021-09-24 16:21:52", "elapsed": 608.683314, "delta": 4.054256}}
{"target": -49.05626943774689, "params": {"eta": 0.4548253287128922, "max_depth": 6.769126965970194, "n_estimators": 80.47211711566594}, "datetime": {"datetime": "2021-09-24 16:21:55", "elapsed": 612.445989, "delta": 3.762675}}
{"target": -71.52817551175454, "params": {"eta": 0.018826766250409896, "max_depth": 8.585625318599046, "n_estimators": 43.064520940442335}, "datetime": {"datetime": "2021-09-24 16:21:59", "elapsed": 616.374573, "delta": 3.928584}}
{"target": -50.54013282374332, "params": {"eta": 0.49987572387006324, "max_depth": 8.349938880699316, "n_estimators": 68.4193005101476}, "datetime": {"datetime": "2021-09-24 16:22:04", "elapsed": 620.851942, "delta": 4.477369}}
{"target": -121.4387294797969, "params": {"eta": 0.01, "max_depth": 1.0, "n_estimators": 18.87010531857}, "datetime": {"datetime": "2021-09-24 16:22:07", "elapsed": 624.256002, "delta": 3.40406}}
{"target": -47.700922456899086, "params": {"eta": 0.031149646807583448, "max_depth": 1.2666613173499854, "n_estimators": 71.69439753203078}, "datetime": {"datetime": "2021-09-24 16:22:10", "elapsed": 627.189182, "delta": 2.93318}}
{"target": -46.439922504855275, "params": {"eta": 0.10846752461784193, "max_depth": 11.148330976583667, "n_estimators": 84.4169200111818}, "datetime": {"datetime": "2021-09-24 16:22:12", "elapsed": 629.301179, "delta": 2.111997}}
{"target": -43.46079532365154, "params": {"eta": 0.21589410475696483, "max_depth": 3.55795505448265, "n_estimators": 21.72049324368386}, "datetime": {"datetime": "2021-09-24 16:22:14", "elapsed": 631.060183, "delta": 1.759004}}
{"target": -49.98151397705078, "params": {"eta": 0.09124829800517309, "max_depth": 21.461926407403926, "n_estimators": 20.90059968152275}, "datetime": {"datetime": "2021-09-24 16:22:16", "elapsed": 633.075179, "delta": 2.014996}}
{"target": -44.476266903984815, "params": {"eta": 0.254477260553166, "max_depth": 1.4380405334266095, "n_estimators": 17.46045062885844}, "datetime": {"datetime": "2021-09-24 16:22:19", "elapsed": 636.034175, "delta": 2.958996}}
{"target": -50.95755466661955, "params": {"eta": 0.488561580680519, "max_depth": 5.761056841769642, "n_estimators": 60.25467813452781}, "datetime": {"datetime": "2021-09-24 16:22:21", "elapsed": 637.975007, "delta": 1.940832}}
{"target": -46.685835730760616, "params": {"eta": 0.37600348186811716, "max_depth": 3.8165245554428147, "n_estimators": 22.32839487769904}, "datetime": {"datetime": "2021-09-24 16:22:26", "elapsed": 643.434173, "delta": 5.459166}}
{"target": -45.67505545365183, "params": {"eta": 0.5, "max_depth": 1.6592994014105296, "n_estimators": 70.27635438922728}, "datetime": {"datetime": "2021-09-24 16:22:30", "elapsed": 646.887599, "delta": 3.453426}}
{"target": -45.27578293649774, "params": {"eta": 0.09866865804368903, "max_depth": 17.93823976990994, "n_estimators": 30.885715024044398}, "datetime": {"datetime": "2021-09-24 16:22:33", "elapsed": 649.48808, "delta": 2.600481}}
{"target": -46.216501221620945, "params": {"eta": 0.046584541601993844, "max_depth": 6.809158265157061, "n_estimators": 60.26124211521331}, "datetime": {"datetime": "2021-09-24 16:22:36", "elapsed": 652.634004, "delta": 3.145924}}
{"target": -48.998744677780266, "params": {"eta": 0.13009110343249367, "max_depth": 6.863824320306993, "n_estimators": 81.41983022739682}, "datetime": {"datetime": "2021-09-24 16:22:39", "elapsed": 656.194502, "delta": 3.560498}}
{"target": -49.791163265256955, "params": {"eta": 0.46861338572172817, "max_depth": 2.5655341837538277, "n_estimators": 71.30619721563434}, "datetime": {"datetime": "2021-09-24 16:22:43", "elapsed": 660.295177, "delta": 4.100675}}
{"target": -50.444363931067905, "params": {"eta": 0.5, "max_depth": 9.159382658566884, "n_estimators": 72.42862696901256}, "datetime": {"datetime": "2021-09-24 16:22:47", "elapsed": 664.037182, "delta": 3.742005}}
{"target": -43.249135813318695, "params": {"eta": 0.3572946828018907, "max_depth": 1.4478543056445172, "n_estimators": 52.222014499385274}, "datetime": {"datetime": "2021-09-24 16:22:49", "elapsed": 665.897559, "delta": 1.860377}}
{"target": -77.82592040614078, "params": {"eta": 0.01, "max_depth": 6.6623246218426875, "n_estimators": 68.58300860188342}, "datetime": {"datetime": "2021-09-24 16:22:53", "elapsed": 669.961274, "delta": 4.063715}}
{"target": -74.18943418058238, "params": {"eta": 0.019598798347156922, "max_depth": 10.809298604313518, "n_estimators": 39.81634734157882}, "datetime": {"datetime": "2021-09-24 16:22:57", "elapsed": 673.921664, "delta": 3.96039}}
{"target": -46.283416690683005, "params": {"eta": 0.3015302358858099, "max_depth": 11.836500139897561, "n_estimators": 40.97890642591185}, "datetime": {"datetime": "2021-09-24 16:23:01", "elapsed": 677.902498, "delta": 3.980834}}
{"target": -45.85210679706774, "params": {"eta": 0.057844235081914684, "max_depth": 21.82062234935173, "n_estimators": 67.74038832021503}, "datetime": {"datetime": "2021-09-24 16:23:04", "elapsed": 680.788289, "delta": 2.885791}}
{"target": -47.16811319222128, "params": {"eta": 0.16639121355411834, "max_depth": 21.390774983782077, "n_estimators": 66.90268063825562}, "datetime": {"datetime": "2021-09-24 16:23:08", "elapsed": 684.960388, "delta": 4.172099}}
{"target": -126.61111387812106, "params": {"eta": 0.01, "max_depth": 1.344874429618961, "n_estimators": 14.340014355341026}, "datetime": {"datetime": "2021-09-24 16:23:12", "elapsed": 689.327647, "delta": 4.367259}}
{"target": -45.17255496261711, "params": {"eta": 0.4939841746895562, "max_depth": 2.466207886973402, "n_estimators": 14.020161263572044}, "datetime": {"datetime": "2021-09-24 16:23:16", "elapsed": 692.634608, "delta": 3.306961}}
{"target": -48.22387675235146, "params": {"eta": 0.3027915882196771, "max_depth": 4.734361344472623, "n_estimators": 33.004471824369084}, "datetime": {"datetime": "2021-09-24 16:23:18", "elapsed": 694.53994, "delta": 1.905332}}
{"target": -47.650474663067584, "params": {"eta": 0.4954846079778516, "max_depth": 3.1810093707977227, "n_estimators": 21.192533073987576}, "datetime": {"datetime": "2021-09-24 16:23:22", "elapsed": 698.903979, "delta": 4.364039}}
{"target": -48.34380537047422, "params": {"eta": 0.3953326283884375, "max_depth": 2.102279763578598, "n_estimators": 73.90586876368138}, "datetime": {"datetime": "2021-09-24 16:23:25", "elapsed": 701.95147, "delta": 3.047491}}
{"target": -47.77037461359698, "params": {"eta": 0.28479460001805196, "max_depth": 14.266285934880752, "n_estimators": 17.752096047390175}, "datetime": {"datetime": "2021-09-24 16:23:27", "elapsed": 703.961515, "delta": 2.010045}}
{"target": -46.22027653859074, "params": {"eta": 0.40360658853991366, "max_depth": 2.537746106896468, "n_estimators": 14.918929931217093}, "datetime": {"datetime": "2021-09-24 16:23:30", "elapsed": 707.081935, "delta": 3.12042}}
{"target": -43.93185152326311, "params": {"eta": 0.27356251945883836, "max_depth": 1.3758017383957595, "n_estimators": 55.38095068406752}, "datetime": {"datetime": "2021-09-24 16:23:34", "elapsed": 711.20296, "delta": 4.121025}}
{"target": -75.49570396251248, "params": {"eta": 0.053341544366426914, "max_depth": 1.1998272842075606, "n_estimators": 12.944596354572768}, "datetime": {"datetime": "2021-09-24 16:23:38", "elapsed": 715.311818, "delta": 4.108858}}
{"target": -47.56346835946678, "params": {"eta": 0.25741763237532145, "max_depth": 19.70512621282299, "n_estimators": 27.215025456768753}, "datetime": {"datetime": "2021-09-24 16:23:41", "elapsed": 717.937506, "delta": 2.625688}}
{"target": -47.79819878599697, "params": {"eta": 0.040463673292581756, "max_depth": 1.4986136908164083, "n_estimators": 54.69904019211622}, "datetime": {"datetime": "2021-09-24 16:23:44", "elapsed": 721.394529, "delta": 3.457023}}
{"target": -46.58977345057896, "params": {"eta": 0.3947874163411055, "max_depth": 3.2276702561456956, "n_estimators": 22.017794025728055}, "datetime": {"datetime": "2021-09-24 16:23:49", "elapsed": 725.99563, "delta": 4.601101}}
