{"target": 0.41116022349102166, "params": {"eta": 0.31880111140169987, "max_depth": 1.0957705232318, "n_estimators": 135.4033047103867}, "datetime": {"datetime": "2021-09-24 13:38:29", "elapsed": 175.416795, "delta": 1.293558}}
{"target": 0.44854235828608024, "params": {"eta": 0.24551198342358646, "max_depth": 1.364112651107525, "n_estimators": 53.177063444206276}, "datetime": {"datetime": "2021-09-24 13:38:30", "elapsed": 176.421307, "delta": 1.004512}}
{"target": 0.3924456315573156, "params": {"eta": 0.5197794470440634, "max_depth": 1.8643198583917175, "n_estimators": 78.01395267824726}, "datetime": {"datetime": "2021-09-24 13:38:31", "elapsed": 177.764327, "delta": 1.34302}}
{"target": 0.42593232045861873, "params": {"eta": 0.1291998720877994, "max_depth": 2.185209907710231, "n_estimators": 64.86175857514156}, "datetime": {"datetime": "2021-09-24 13:38:32", "elapsed": 178.751122, "delta": 0.986795}}
{"target": 0.42554160383410267, "params": {"eta": 0.3160686181824095, "max_depth": 1.467520197365994, "n_estimators": 108.93105853849623}, "datetime": {"datetime": "2021-09-24 13:38:33", "elapsed": 179.943957, "delta": 1.192835}}
{"target": 0.36786978221766764, "params": {"eta": 0.5435042252780007, "max_depth": 1.1077045813504882, "n_estimators": 113.8898544612021}, "datetime": {"datetime": "2021-09-24 13:38:34", "elapsed": 181.007654, "delta": 1.063697}}
{"target": 0.3133935930828212, "params": {"eta": 0.33757510866147905, "max_depth": 2.088364470286389, "n_estimators": 92.75474375565298}, "datetime": {"datetime": "2021-09-24 13:38:36", "elapsed": 182.313407, "delta": 1.305753}}
{"target": 0.4483144963906821, "params": {"eta": 0.25380657636632065, "max_depth": 1.6324330211088518, "n_estimators": 64.96357699986322}, "datetime": {"datetime": "2021-09-24 13:38:37", "elapsed": 183.422452, "delta": 1.109045}}
{"target": 0.1921611432916629, "params": {"eta": 0.5847831835713018, "max_depth": 2.4122364190858026, "n_estimators": 88.93897456732026}, "datetime": {"datetime": "2021-09-24 13:38:38", "elapsed": 184.594878, "delta": 1.172426}}
{"target": 0.25565302492595443, "params": {"eta": 0.4672359792819006, "max_depth": 2.8702427957938537, "n_estimators": 120.40962202982125}, "datetime": {"datetime": "2021-09-24 13:38:39", "elapsed": 185.587801, "delta": 0.992923}}
{"target": 0.30220171790559025, "params": {"eta": 0.38341193817166674, "max_depth": 2.671023898554612, "n_estimators": 78.78533964822026}, "datetime": {"datetime": "2021-09-24 13:38:40", "elapsed": 186.590714, "delta": 1.002913}}
{"target": 0.4331496302321981, "params": {"eta": 0.34586956658511697, "max_depth": 1.91452536083132, "n_estimators": 121.8061197660157}, "datetime": {"datetime": "2021-09-24 13:38:41", "elapsed": 188.040933, "delta": 1.450219}}
{"target": 0.44531725304424274, "params": {"eta": 0.12073513913487424, "max_depth": 1.4043597885506558, "n_estimators": 56.74183884339394}, "datetime": {"datetime": "2021-09-24 13:38:43", "elapsed": 189.288477, "delta": 1.247544}}
{"target": 0.3956668620742998, "params": {"eta": 0.1271114630940884, "max_depth": 2.3011148203526774, "n_estimators": 127.61394617510628}, "datetime": {"datetime": "2021-09-24 13:38:44", "elapsed": 190.510254, "delta": 1.221777}}
{"target": 0.43035694106975, "params": {"eta": 0.2841321164878714, "max_depth": 1.985033752732358, "n_estimators": 81.90102008315125}, "datetime": {"datetime": "2021-09-24 13:38:45", "elapsed": 191.648826, "delta": 1.138572}}
{"target": 0.3847728976252829, "params": {"eta": 0.5855559714760655, "max_depth": 1.5557661633183597, "n_estimators": 59.4960000927875}, "datetime": {"datetime": "2021-09-24 13:38:46", "elapsed": 192.592956, "delta": 0.94413}}
{"target": 0.4498389372780215, "params": {"eta": 0.323803400827334, "max_depth": 1.6707611169629581, "n_estimators": 50.488433739983186}, "datetime": {"datetime": "2021-09-24 13:38:47", "elapsed": 193.531815, "delta": 0.938859}}
{"target": 0.33783640737976584, "params": {"eta": 0.23603234036498938, "max_depth": 2.4920142060281485, "n_estimators": 120.44551690543064}, "datetime": {"datetime": "2021-09-24 13:38:48", "elapsed": 194.772627, "delta": 1.240812}}
{"target": 0.42499820104238084, "params": {"eta": 0.2538787885559096, "max_depth": 1.6385210512549007, "n_estimators": 146.84267715931406}, "datetime": {"datetime": "2021-09-24 13:38:50", "elapsed": 196.561501, "delta": 1.788874}}
{"target": 0.3458858979846541, "params": {"eta": 0.35277428420669155, "max_depth": 2.21122020064533, "n_estimators": 80.27558820460371}, "datetime": {"datetime": "2021-09-24 13:38:52", "elapsed": 198.229994, "delta": 1.668493}}
{"target": 0.24926374965083786, "params": {"eta": 0.40479462883956074, "max_depth": 2.7106338565555212, "n_estimators": 103.22221068175253}, "datetime": {"datetime": "2021-09-24 13:38:53", "elapsed": 199.79278, "delta": 1.562786}}
{"target": 0.44764691692836545, "params": {"eta": 0.3237950799762663, "max_depth": 1.2646001619330443, "n_estimators": 57.259998527509296}, "datetime": {"datetime": "2021-09-24 13:38:55", "elapsed": 201.391475, "delta": 1.598695}}
{"target": 0.3224145822573711, "params": {"eta": 0.3207412425301499, "max_depth": 2.3059886426374003, "n_estimators": 93.82423932446946}, "datetime": {"datetime": "2021-09-24 13:38:56", "elapsed": 202.726473, "delta": 1.334998}}
{"target": 0.40317937112099855, "params": {"eta": 0.23018027115604417, "max_depth": 2.5559378930523486, "n_estimators": 68.17283700196509}, "datetime": {"datetime": "2021-09-24 13:38:57", "elapsed": 203.731185, "delta": 1.004712}}
{"target": 0.43427230452034515, "params": {"eta": 0.02081069869706324, "max_depth": 2.4444056240999954, "n_estimators": 136.8830302177875}, "datetime": {"datetime": "2021-09-24 13:38:58", "elapsed": 204.951183, "delta": 1.219998}}
{"target": 0.3852725402842866, "params": {"eta": 0.5414188767798159, "max_depth": 1.4661066802779648, "n_estimators": 77.34560295271388}, "datetime": {"datetime": "2021-09-24 13:38:59", "elapsed": 206.075726, "delta": 1.124543}}
{"target": 0.43332385941119844, "params": {"eta": 0.4069698255061362, "max_depth": 1.5035372589726972, "n_estimators": 75.21506658801744}, "datetime": {"datetime": "2021-09-24 13:39:00", "elapsed": 207.114731, "delta": 1.039005}}
{"target": 0.2358226935283645, "params": {"eta": 0.42695453843328307, "max_depth": 2.5905981789289374, "n_estimators": 139.7270982607808}, "datetime": {"datetime": "2021-09-24 13:39:02", "elapsed": 208.298708, "delta": 1.183977}}
{"target": 0.44734156138198644, "params": {"eta": 0.12207274367815335, "max_depth": 1.762382159204806, "n_estimators": 94.55880086332593}, "datetime": {"datetime": "2021-09-24 13:39:03", "elapsed": 209.730709, "delta": 1.432001}}
{"target": 0.333245168027577, "params": {"eta": 0.22125444140889478, "max_depth": 2.647509598683225, "n_estimators": 130.411421967005}, "datetime": {"datetime": "2021-09-24 13:39:04", "elapsed": 210.882401, "delta": 1.151692}}
{"target": 0.42710488782865197, "params": {"eta": 0.4304165537547495, "max_depth": 1.2573025676000436, "n_estimators": 70.29610118877531}, "datetime": {"datetime": "2021-09-24 13:39:05", "elapsed": 212.039993, "delta": 1.157592}}
{"target": 0.33624118953035065, "params": {"eta": 0.3197097760153389, "max_depth": 2.6293935800509036, "n_estimators": 58.70482840187638}, "datetime": {"datetime": "2021-09-24 13:39:07", "elapsed": 213.186735, "delta": 1.146742}}
{"target": 0.44753333807877427, "params": {"eta": 0.1382974008780181, "max_depth": 1.2832227567499002, "n_estimators": 111.77447518834643}, "datetime": {"datetime": "2021-09-24 13:39:08", "elapsed": 214.277615, "delta": 1.09088}}
{"target": 0.4418430596889438, "params": {"eta": 0.09290628154722243, "max_depth": 1.3940795716459176, "n_estimators": 54.7930841784642}, "datetime": {"datetime": "2021-09-24 13:39:09", "elapsed": 215.321985, "delta": 1.04437}}
{"target": 0.4107097931966035, "params": {"eta": 0.44812706210444153, "max_depth": 1.3955995224423117, "n_estimators": 61.04026388004763}, "datetime": {"datetime": "2021-09-24 13:39:10", "elapsed": 216.895428, "delta": 1.573443}}
{"target": 0.34923155171154674, "params": {"eta": 0.599555147743626, "max_depth": 1.4881126590330127, "n_estimators": 119.02177603819086}, "datetime": {"datetime": "2021-09-24 13:39:11", "elapsed": 218.039614, "delta": 1.144186}}
{"target": 0.42988199622335743, "params": {"eta": 0.274922101586598, "max_depth": 1.6600534006824885, "n_estimators": 105.84095708105858}, "datetime": {"datetime": "2021-09-24 13:39:12", "elapsed": 219.064896, "delta": 1.025282}}
{"target": 0.20212019428420103, "params": {"eta": 0.4473828495540344, "max_depth": 2.8183280957813963, "n_estimators": 149.34598898464267}, "datetime": {"datetime": "2021-09-24 13:39:14", "elapsed": 220.167202, "delta": 1.102306}}
{"target": 0.23736313184882663, "params": {"eta": 0.555902312958028, "max_depth": 2.55407264229538, "n_estimators": 110.4847923951517}, "datetime": {"datetime": "2021-09-24 13:39:15", "elapsed": 221.509328, "delta": 1.342126}}
{"target": 0.423091605440285, "params": {"eta": 0.12816983222820819, "max_depth": 2.4383166665039986, "n_estimators": 78.84005056660364}, "datetime": {"datetime": "2021-09-24 13:39:16", "elapsed": 222.699507, "delta": 1.190179}}
{"target": 0.329070993548796, "params": {"eta": 0.26333965848325197, "max_depth": 2.5598634664068256, "n_estimators": 140.427205298908}, "datetime": {"datetime": "2021-09-24 13:39:17", "elapsed": 224.057654, "delta": 1.358147}}
{"target": 0.4107222931064116, "params": {"eta": 0.2683763159669615, "max_depth": 2.0851001812323844, "n_estimators": 53.30898505624423}, "datetime": {"datetime": "2021-09-24 13:39:19", "elapsed": 225.64743, "delta": 1.589776}}
{"target": 0.2495529035906796, "params": {"eta": 0.3904460605261616, "max_depth": 2.9640364283485487, "n_estimators": 113.61042143122098}, "datetime": {"datetime": "2021-09-24 13:39:20", "elapsed": 226.952945, "delta": 1.305515}}
{"target": 0.42729632741299517, "params": {"eta": 0.3633449656435995, "max_depth": 1.55873744631176, "n_estimators": 133.63831876801407}, "datetime": {"datetime": "2021-09-24 13:39:22", "elapsed": 229.011379, "delta": 2.058434}}
{"target": 0.4355181175478383, "params": {"eta": 0.04439958718690462, "max_depth": 1.9211920433973426, "n_estimators": 92.42047493848347}, "datetime": {"datetime": "2021-09-24 13:39:24", "elapsed": 230.237656, "delta": 1.226277}}
{"target": 0.4240000341137826, "params": {"eta": 0.11006640749182078, "max_depth": 2.6469468857183345, "n_estimators": 86.18005091293007}, "datetime": {"datetime": "2021-09-24 13:39:26", "elapsed": 232.278206, "delta": 2.04055}}
{"target": 0.2552342098829351, "params": {"eta": 0.4186562487456985, "max_depth": 2.0686733039355154, "n_estimators": 117.87462437959285}, "datetime": {"datetime": "2021-09-24 13:39:29", "elapsed": 235.487474, "delta": 3.209268}}
{"target": 0.22185939412684785, "params": {"eta": 0.5827045951515378, "max_depth": 2.681564778963033, "n_estimators": 80.35314975403114}, "datetime": {"datetime": "2021-09-24 13:39:31", "elapsed": 237.748673, "delta": 2.261199}}
{"target": 0.4501782013447916, "params": {"eta": 0.09620400952529302, "max_depth": 1.0404012490244576, "n_estimators": 121.22230978610177}, "datetime": {"datetime": "2021-09-24 13:39:33", "elapsed": 239.460964, "delta": 1.712291}}
{"target": 0.43949308543054977, "params": {"eta": 0.23421439720375772, "max_depth": 1.157714756967115, "n_estimators": 119.91119944636156}, "datetime": {"datetime": "2021-09-24 13:39:35", "elapsed": 241.412561, "delta": 1.951597}}
{"target": 0.4419455079443688, "params": {"eta": 0.43808205082279505, "max_depth": 1.8921856758109648, "n_estimators": 53.72103221971407}, "datetime": {"datetime": "2021-09-24 13:39:37", "elapsed": 243.232553, "delta": 1.819992}}
{"target": 0.3967117862006092, "params": {"eta": 0.5240525600123215, "max_depth": 1.9744517179541816, "n_estimators": 73.80593480768334}, "datetime": {"datetime": "2021-09-24 13:39:38", "elapsed": 244.665941, "delta": 1.433388}}
{"target": 0.21546039823111862, "params": {"eta": 0.5231367761709286, "max_depth": 2.4298661629818836, "n_estimators": 123.18018108855868}, "datetime": {"datetime": "2021-09-24 13:39:39", "elapsed": 246.069626, "delta": 1.403685}}
{"target": 0.29928293729286926, "params": {"eta": 0.5361267492453534, "max_depth": 2.231836517683571, "n_estimators": 69.16415758548932}, "datetime": {"datetime": "2021-09-24 13:39:42", "elapsed": 248.438366, "delta": 2.36874}}
{"target": 0.2692932937019771, "params": {"eta": 0.2987099541796493, "max_depth": 2.7359108896463713, "n_estimators": 128.32397373705322}, "datetime": {"datetime": "2021-09-24 13:39:44", "elapsed": 250.450496, "delta": 2.01213}}
{"target": 0.44354383407587217, "params": {"eta": 0.11355644774655184, "max_depth": 1.940435383918338, "n_estimators": 54.1269731935281}, "datetime": {"datetime": "2021-09-24 13:39:46", "elapsed": 252.878667, "delta": 2.428171}}
{"target": 0.25060649777258726, "params": {"eta": 0.47373101719286154, "max_depth": 2.8920022959670773, "n_estimators": 78.09291303347173}, "datetime": {"datetime": "2021-09-24 13:39:48", "elapsed": 254.993041, "delta": 2.114374}}
{"target": 0.45038697339079736, "params": {"eta": 0.10943891771469327, "max_depth": 1.8270503709902748, "n_estimators": 109.92800882206711}, "datetime": {"datetime": "2021-09-24 13:39:50", "elapsed": 256.676277, "delta": 1.683236}}
{"target": 0.3806757001010229, "params": {"eta": 0.5278846523445585, "max_depth": 1.466686033685349, "n_estimators": 111.34177296956895}, "datetime": {"datetime": "2021-09-24 13:39:52", "elapsed": 258.374023, "delta": 1.697746}}
{"target": 0.43277726982059606, "params": {"eta": 0.23644687787133828, "max_depth": 1.5518983978241463, "n_estimators": 143.6951083094271}, "datetime": {"datetime": "2021-09-24 13:39:53", "elapsed": 260.126628, "delta": 1.752605}}
{"target": 0.44904540711124497, "params": {"eta": 0.21332860486072677, "max_depth": 1.4248759355897427, "n_estimators": 96.3880068648158}, "datetime": {"datetime": "2021-09-24 13:39:56", "elapsed": 262.339123, "delta": 2.212495}}
{"target": 0.41841588565690924, "params": {"eta": 0.4629147790895886, "max_depth": 1.5695012758125917, "n_estimators": 53.1108548852026}, "datetime": {"datetime": "2021-09-24 13:39:57", "elapsed": 264.092644, "delta": 1.753521}}
{"target": 0.4190034652167658, "params": {"eta": 0.2615233343333374, "max_depth": 2.5889630983816154, "n_estimators": 65.8867926893873}, "datetime": {"datetime": "2021-09-24 13:39:59", "elapsed": 265.776414, "delta": 1.68377}}
{"target": 0.4323432134262081, "params": {"eta": 0.23574658032373064, "max_depth": 1.1551515881894436, "n_estimators": 148.93419429935466}, "datetime": {"datetime": "2021-09-24 13:40:01", "elapsed": 267.60926, "delta": 1.832846}}
{"target": 0.44422390073105367, "params": {"eta": 0.1854022956320122, "max_depth": 1.1252127615767673, "n_estimators": 147.68561816525508}, "datetime": {"datetime": "2021-09-24 13:40:03", "elapsed": 269.59907, "delta": 1.98981}}
{"target": 0.19488004041538098, "params": {"eta": 0.44865688801971937, "max_depth": 2.294522601843579, "n_estimators": 107.0284241623518}, "datetime": {"datetime": "2021-09-24 13:40:05", "elapsed": 271.381062, "delta": 1.781992}}
{"target": 0.4437981855942804, "params": {"eta": 0.14561685059467905, "max_depth": 1.261839224950601, "n_estimators": 74.49766031905092}, "datetime": {"datetime": "2021-09-24 13:40:06", "elapsed": 273.119361, "delta": 1.738299}}
{"target": 0.3086438760676029, "params": {"eta": 0.3079631503137443, "max_depth": 2.287314577044577, "n_estimators": 105.66681900714481}, "datetime": {"datetime": "2021-09-24 13:40:08", "elapsed": 274.849009, "delta": 1.729648}}
{"target": 0.4449038298789445, "params": {"eta": 0.06281661417444653, "max_depth": 1.4648615457503633, "n_estimators": 98.9114344147393}, "datetime": {"datetime": "2021-09-24 13:40:10", "elapsed": 276.539151, "delta": 1.690142}}
{"target": 0.40175799318804195, "params": {"eta": 0.46097179245223135, "max_depth": 1.680024640019459, "n_estimators": 97.64587868047633}, "datetime": {"datetime": "2021-09-24 13:40:12", "elapsed": 279.006995, "delta": 2.467844}}
{"target": 0.44936438696733283, "params": {"eta": 0.10167292628217306, "max_depth": 1.9070642582294028, "n_estimators": 116.50130182404368}, "datetime": {"datetime": "2021-09-24 13:40:14", "elapsed": 280.856324, "delta": 1.849329}}
{"target": 0.21475122995219864, "params": {"eta": 0.5928671665525358, "max_depth": 2.7622561548527753, "n_estimators": 92.79697771315699}, "datetime": {"datetime": "2021-09-24 13:40:16", "elapsed": 282.651597, "delta": 1.795273}}
{"target": 0.4365249594720425, "params": {"eta": 0.0565906100654649, "max_depth": 1.7739033940915936, "n_estimators": 77.65413871887145}, "datetime": {"datetime": "2021-09-24 13:40:18", "elapsed": 284.513375, "delta": 1.861778}}
{"target": 0.4405572858282467, "params": {"eta": 0.29438199016784355, "max_depth": 1.0727092463647458, "n_estimators": 73.34928333932325}, "datetime": {"datetime": "2021-09-24 13:40:20", "elapsed": 286.215895, "delta": 1.70252}}
{"target": 0.4146247876158815, "params": {"eta": 0.39842533103380834, "max_depth": 1.247907439198345, "n_estimators": 132.61251763138333}, "datetime": {"datetime": "2021-09-24 13:40:22", "elapsed": 288.701347, "delta": 2.485452}}
{"target": 0.4065042165763121, "params": {"eta": 0.5118580294946597, "max_depth": 1.723124330591814, "n_estimators": 60.06894085697273}, "datetime": {"datetime": "2021-09-24 13:40:24", "elapsed": 290.893191, "delta": 2.191844}}
{"target": 0.2218117702270498, "params": {"eta": 0.41030842810365814, "max_depth": 2.019211103610511, "n_estimators": 130.7333785609265}, "datetime": {"datetime": "2021-09-24 13:40:26", "elapsed": 292.718571, "delta": 1.82538}}
{"target": 0.2605721742624053, "params": {"eta": 0.5192028423277019, "max_depth": 2.1703597499940575, "n_estimators": 71.04311246778826}, "datetime": {"datetime": "2021-09-24 13:40:28", "elapsed": 294.437978, "delta": 1.719407}}
{"target": 0.3741027569265232, "params": {"eta": 0.4938272877162241, "max_depth": 1.0330768660027605, "n_estimators": 132.64209440158402}, "datetime": {"datetime": "2021-09-24 13:40:30", "elapsed": 296.290615, "delta": 1.852637}}
{"target": 0.3696371063220577, "params": {"eta": 0.18863678890199223, "max_depth": 2.89616867012212, "n_estimators": 126.64522335097148}, "datetime": {"datetime": "2021-09-24 13:40:32", "elapsed": 298.229937, "delta": 1.939322}}
{"target": 0.2523064294958688, "params": {"eta": 0.5261164855347794, "max_depth": 2.263479394098124, "n_estimators": 94.16077444853218}, "datetime": {"datetime": "2021-09-24 13:40:33", "elapsed": 300.122971, "delta": 1.893034}}
{"target": 0.3134107886804103, "params": {"eta": 0.41768270061739043, "max_depth": 2.380719899788475, "n_estimators": 93.35709252931127}, "datetime": {"datetime": "2021-09-24 13:40:35", "elapsed": 301.990278, "delta": 1.867307}}
{"target": 0.4157421370573917, "params": {"eta": 0.05647113892840055, "max_depth": 1.7678089050430246, "n_estimators": 57.88609202603806}, "datetime": {"datetime": "2021-09-24 13:40:37", "elapsed": 303.509628, "delta": 1.51935}}
{"target": 0.44836284091510104, "params": {"eta": 0.29394760798445924, "max_depth": 1.4652800553878658, "n_estimators": 60.18459743408101}, "datetime": {"datetime": "2021-09-24 13:40:39", "elapsed": 305.240053, "delta": 1.730425}}
{"target": 0.3453888033355784, "params": {"eta": 0.5865897427184188, "max_depth": 1.7458096347626597, "n_estimators": 144.2530225528124}, "datetime": {"datetime": "2021-09-24 13:40:40", "elapsed": 306.860777, "delta": 1.620724}}
{"target": 0.3525488006478853, "params": {"eta": 0.2096303527962295, "max_depth": 2.5298802212484226, "n_estimators": 114.65727379083324}, "datetime": {"datetime": "2021-09-24 13:40:42", "elapsed": 308.550071, "delta": 1.689294}}
{"target": 0.4068015725655979, "params": {"eta": 0.12373855637206346, "max_depth": 2.431891673527274, "n_estimators": 116.77186090358994}, "datetime": {"datetime": "2021-09-24 13:40:44", "elapsed": 310.16423, "delta": 1.614159}}
{"target": 0.3617028573582116, "params": {"eta": 0.24211748974294986, "max_depth": 2.541967412539868, "n_estimators": 86.54952554147093}, "datetime": {"datetime": "2021-09-24 13:40:46", "elapsed": 312.210024, "delta": 2.045794}}
{"target": 0.407337339925145, "params": {"eta": 0.16774475134089187, "max_depth": 2.5381207277403988, "n_estimators": 86.09030090819235}, "datetime": {"datetime": "2021-09-24 13:40:47", "elapsed": 313.847819, "delta": 1.637795}}
{"target": 0.4127465812451032, "params": {"eta": 0.193213113140585, "max_depth": 2.0975438806098734, "n_estimators": 75.98177189086555}, "datetime": {"datetime": "2021-09-24 13:40:49", "elapsed": 315.536081, "delta": 1.688262}}
{"target": 0.45046274405073017, "params": {"eta": 0.13444403374520614, "max_depth": 1.3292087901675687, "n_estimators": 68.42941786762799}, "datetime": {"datetime": "2021-09-24 13:40:50", "elapsed": 317.060541, "delta": 1.52446}}
{"target": 0.43121217751483376, "params": {"eta": 0.39798504416596586, "max_depth": 1.7866748978860605, "n_estimators": 96.74377017595484}, "datetime": {"datetime": "2021-09-24 13:40:52", "elapsed": 318.679919, "delta": 1.619378}}
{"target": 0.2875933386013433, "params": {"eta": 0.2727299788202009, "max_depth": 2.63089668961298, "n_estimators": 146.92867164333217}, "datetime": {"datetime": "2021-09-24 13:40:54", "elapsed": 320.27278, "delta": 1.592861}}
{"target": 0.43650543810121856, "params": {"eta": 0.19253563285257738, "max_depth": 1.9869603386901298, "n_estimators": 149.4773757279208}, "datetime": {"datetime": "2021-09-24 13:40:56", "elapsed": 322.158449, "delta": 1.885669}}
{"target": 0.19786060789875481, "params": {"eta": 0.5589903992463583, "max_depth": 2.8583202509456704, "n_estimators": 139.03522880790877}, "datetime": {"datetime": "2021-09-24 13:40:57", "elapsed": 323.830452, "delta": 1.672003}}
