{"target": -47.344880871306685, "params": {"eta": 1.0, "max_depth": 1.0, "n_estimators": 28.909969054488684}, "datetime": {"datetime": "2021-09-24 15:32:36", "elapsed": 1290.475278, "delta": 5.850565}}
{"target": -140.8513312487674, "params": {"eta": 0.001, "max_depth": 23.50210619383517, "n_estimators": 41.179491996469785}, "datetime": {"datetime": "2021-09-24 15:32:42", "elapsed": 1295.942132, "delta": 5.466854}}
{"target": -45.99152118998363, "params": {"eta": 0.17115492583619962, "max_depth": 9.586934465583894, "n_estimators": 47.28895216686665}, "datetime": {"datetime": "2021-09-24 15:32:47", "elapsed": 1300.739053, "delta": 4.796921}}
{"target": -137.23158036855827, "params": {"eta": 0.001, "max_depth": 2.3211241889233496, "n_estimators": 64.30059364429823}, "datetime": {"datetime": "2021-09-24 15:32:51", "elapsed": 1305.181202, "delta": 4.442149}}
{"target": -47.679136921588636, "params": {"eta": 0.03396635057634824, "max_depth": 1.4196976661655434, "n_estimators": 64.78331514409813}, "datetime": {"datetime": "2021-09-24 15:32:56", "elapsed": 1309.838581, "delta": 4.657379}}
{"target": -47.916076115199495, "params": {"eta": 0.16818164870574545, "max_depth": 10.56670285938121, "n_estimators": 54.2291740862869}, "datetime": {"datetime": "2021-09-24 15:32:59", "elapsed": 1312.730119, "delta": 2.891538}}
{"target": -56.43093556927559, "params": {"eta": 0.8434062824471983, "max_depth": 6.043924788445572, "n_estimators": 89.69817537087354}, "datetime": {"datetime": "2021-09-24 15:33:02", "elapsed": 1315.697715, "delta": 2.967596}}
{"target": -48.09215462476687, "params": {"eta": 0.3553073731641968, "max_depth": 8.914741534246732, "n_estimators": 48.21422821162396}, "datetime": {"datetime": "2021-09-24 15:33:06", "elapsed": 1320.524499, "delta": 4.826784}}
{"target": -43.53676576542675, "params": {"eta": 0.2547797715835985, "max_depth": 1.081475100377208, "n_estimators": 37.18200356411383}, "datetime": {"datetime": "2021-09-24 15:33:13", "elapsed": 1327.279167, "delta": 6.754668}}
{"target": -45.550519297893786, "params": {"eta": 0.17540460146672407, "max_depth": 11.791277822023496, "n_estimators": 47.11802157900825}, "datetime": {"datetime": "2021-09-24 15:33:16", "elapsed": 1329.950169, "delta": 2.671002}}
{"target": -47.222998454158464, "params": {"eta": 0.3336515887626743, "max_depth": 9.664471823580685, "n_estimators": 68.04867453250633}, "datetime": {"datetime": "2021-09-24 15:33:20", "elapsed": 1334.143692, "delta": 4.193523}}
{"target": -51.81841648431649, "params": {"eta": 0.8176395548835745, "max_depth": 2.2375394310414016, "n_estimators": 63.54768590726844}, "datetime": {"datetime": "2021-09-24 15:33:28", "elapsed": 1342.631778, "delta": 8.488086}}
{"target": -53.275084567249266, "params": {"eta": 0.9068845820152004, "max_depth": 14.01637554959547, "n_estimators": 44.36506217775333}, "datetime": {"datetime": "2021-09-24 15:33:31", "elapsed": 1345.432778, "delta": 2.801}}
{"target": -50.253661621782115, "params": {"eta": 0.4309442226035988, "max_depth": 24.33893632754622, "n_estimators": 40.41051990268229}, "datetime": {"datetime": "2021-09-24 15:33:39", "elapsed": 1352.882832, "delta": 7.450054}}
{"target": -58.49200813752368, "params": {"eta": 0.8916664089469429, "max_depth": 13.832736979200483, "n_estimators": 43.669070313078095}, "datetime": {"datetime": "2021-09-24 15:33:41", "elapsed": 1355.528483, "delta": 2.645651}}
{"target": -47.253659040408024, "params": {"eta": 0.09030795145922105, "max_depth": 9.532839357266164, "n_estimators": 47.98198163457501}, "datetime": {"datetime": "2021-09-24 15:33:48", "elapsed": 1362.03342, "delta": 6.504937}}
{"target": -135.3281203418746, "params": {"eta": 0.001, "max_depth": 9.383776618852279, "n_estimators": 83.25702948428089}, "datetime": {"datetime": "2021-09-24 15:33:56", "elapsed": 1370.151443, "delta": 8.118023}}
{"target": -49.98159638024811, "params": {"eta": 0.5499143582448099, "max_depth": 11.442384899743843, "n_estimators": 41.00274030274599}, "datetime": {"datetime": "2021-09-24 15:33:59", "elapsed": 1373.004027, "delta": 2.852584}}
{"target": -51.164220207615905, "params": {"eta": 0.5810775779913661, "max_depth": 3.104758507672922, "n_estimators": 45.97871386404135}, "datetime": {"datetime": "2021-09-24 15:34:02", "elapsed": 1375.987502, "delta": 2.983475}}
{"target": -46.20035091199373, "params": {"eta": 0.08903058395627696, "max_depth": 10.460561199677592, "n_estimators": 82.70009825234938}, "datetime": {"datetime": "2021-09-24 15:34:09", "elapsed": 1383.180988, "delta": 7.193486}}
{"target": -45.99709483555385, "params": {"eta": 0.6058841269235615, "max_depth": 1.9402933615342226, "n_estimators": 64.90185403721314}, "datetime": {"datetime": "2021-09-24 15:34:15", "elapsed": 1389.378484, "delta": 6.197496}}
{"target": -48.709576757330645, "params": {"eta": 0.6241012593390316, "max_depth": 9.634149762861691, "n_estimators": 84.18368620701274}, "datetime": {"datetime": "2021-09-24 15:34:19", "elapsed": 1393.599913, "delta": 4.221429}}
{"target": -50.082061401883465, "params": {"eta": 0.570119733610721, "max_depth": 20.042708024047563, "n_estimators": 58.77303525888084}, "datetime": {"datetime": "2021-09-24 15:34:22", "elapsed": 1396.314488, "delta": 2.714575}}
{"target": -47.347772125014686, "params": {"eta": 0.6430738496844642, "max_depth": 8.951398091217818, "n_estimators": 68.47410733233846}, "datetime": {"datetime": "2021-09-24 15:34:29", "elapsed": 1403.439389, "delta": 7.124901}}
{"target": -53.92950635924375, "params": {"eta": 0.7727784509438765, "max_depth": 24.8395422093777, "n_estimators": 4.281341889110069}, "datetime": {"datetime": "2021-09-24 15:34:32", "elapsed": 1406.0691, "delta": 2.629711}}
{"target": -45.94042481157116, "params": {"eta": 0.4824096953982957, "max_depth": 2.4212856345152423, "n_estimators": 67.57671984193009}, "datetime": {"datetime": "2021-09-24 15:34:34", "elapsed": 1408.552443, "delta": 2.483343}}
{"target": -50.37841944586962, "params": {"eta": 0.5608229984396419, "max_depth": 11.617020366196622, "n_estimators": 46.170382614312494}, "datetime": {"datetime": "2021-09-24 15:34:37", "elapsed": 1411.402079, "delta": 2.849636}}
{"target": -74.2635922539503, "params": {"eta": 0.029028909903036092, "max_depth": 1.0789676525818752, "n_estimators": 23.15732896813202}, "datetime": {"datetime": "2021-09-24 15:34:44", "elapsed": 1418.157028, "delta": 6.754949}}
{"target": -50.25435764628246, "params": {"eta": 0.4386073272870361, "max_depth": 23.954535733038142, "n_estimators": 47.25867147851849}, "datetime": {"datetime": "2021-09-24 15:34:47", "elapsed": 1421.232477, "delta": 3.075449}}
{"target": -138.31785237968415, "params": {"eta": 0.001, "max_depth": 12.832068450424284, "n_estimators": 60.8378035021621}, "datetime": {"datetime": "2021-09-24 15:34:53", "elapsed": 1427.407651, "delta": 6.175174}}
{"target": -49.55556267903263, "params": {"eta": 0.61430811126937, "max_depth": 9.145625638595376, "n_estimators": 83.94560319491471}, "datetime": {"datetime": "2021-09-24 15:34:59", "elapsed": 1433.655571, "delta": 6.24792}}
{"target": -48.0990498191432, "params": {"eta": 0.19057413328293565, "max_depth": 13.019992790219213, "n_estimators": 61.695393958818194}, "datetime": {"datetime": "2021-09-24 15:35:06", "elapsed": 1439.770245, "delta": 6.114674}}
{"target": -49.43809922297198, "params": {"eta": 0.5590841440077099, "max_depth": 12.536640417416649, "n_estimators": 61.65180930986261}, "datetime": {"datetime": "2021-09-24 15:35:10", "elapsed": 1444.369569, "delta": 4.599324}}
{"target": -49.10269064652292, "params": {"eta": 0.5443746207709603, "max_depth": 2.504938951936366, "n_estimators": 38.07736146218621}, "datetime": {"datetime": "2021-09-24 15:35:16", "elapsed": 1450.640957, "delta": 6.271388}}
{"target": -42.97812296931905, "params": {"eta": 0.29165824848546873, "max_depth": 1.6471739486405177, "n_estimators": 39.35226085076337}, "datetime": {"datetime": "2021-09-24 15:35:22", "elapsed": 1456.591957, "delta": 5.951}}
{"target": -46.0137931135364, "params": {"eta": 0.8283263745522097, "max_depth": 1.0755386741637132, "n_estimators": 37.454912930724376}, "datetime": {"datetime": "2021-09-24 15:35:27", "elapsed": 1461.471028, "delta": 4.879071}}
{"target": -51.037084877042844, "params": {"eta": 0.6872103889465319, "max_depth": 13.123287149891626, "n_estimators": 60.15484952435258}, "datetime": {"datetime": "2021-09-24 15:35:33", "elapsed": 1467.275773, "delta": 5.804745}}
{"target": -45.436136776343325, "params": {"eta": 0.6279628309034371, "max_depth": 1.4910938988977112, "n_estimators": 22.35248807475546}, "datetime": {"datetime": "2021-09-24 15:35:38", "elapsed": 1471.880771, "delta": 4.604998}}
{"target": -52.75542779524523, "params": {"eta": 0.7579103232258878, "max_depth": 2.9692597001050505, "n_estimators": 67.38690115834501}, "datetime": {"datetime": "2021-09-24 15:35:43", "elapsed": 1477.03909, "delta": 5.158319}}
{"target": -46.265360452178726, "params": {"eta": 0.7426743171663086, "max_depth": 1.294558468101065, "n_estimators": 66.60334184845085}, "datetime": {"datetime": "2021-09-24 15:35:45", "elapsed": 1479.686511, "delta": 2.647421}}
{"target": -58.94591879306879, "params": {"eta": 0.9977327891805713, "max_depth": 24.181782364162654, "n_estimators": 72.28023498344959}, "datetime": {"datetime": "2021-09-24 15:35:48", "elapsed": 1482.573285, "delta": 2.886774}}
{"target": -52.70520531503778, "params": {"eta": 0.3933130258636026, "max_depth": 4.602787943460114, "n_estimators": 71.12242568556043}, "datetime": {"datetime": "2021-09-24 15:35:51", "elapsed": 1485.15288, "delta": 2.579595}}
{"target": -43.73284258161272, "params": {"eta": 0.07423284331642098, "max_depth": 2.895444101453857, "n_estimators": 44.83462280131841}, "datetime": {"datetime": "2021-09-24 15:35:54", "elapsed": 1487.801061, "delta": 2.648181}}
{"target": -103.23572338075566, "params": {"eta": 0.016133597548453192, "max_depth": 21.53488712318645, "n_estimators": 23.498625013763842}, "datetime": {"datetime": "2021-09-24 15:35:56", "elapsed": 1490.513247, "delta": 2.712186}}
{"target": -46.191990988595144, "params": {"eta": 0.310662468032944, "max_depth": 3.1887645984461983, "n_estimators": 45.24309139926745}, "datetime": {"datetime": "2021-09-24 15:36:05", "elapsed": 1499.585187, "delta": 9.07194}}
{"target": -42.95136077421948, "params": {"eta": 0.1720876914068381, "max_depth": 1.361766485443618, "n_estimators": 69.57831511726661}, "datetime": {"datetime": "2021-09-24 15:36:15", "elapsed": 1508.950516, "delta": 9.365329}}
{"target": -46.196569514453856, "params": {"eta": 0.29934099485200444, "max_depth": 24.17953687648112, "n_estimators": 41.96632385760602}, "datetime": {"datetime": "2021-09-24 15:36:25", "elapsed": 1519.469235, "delta": 10.518719}}
{"target": -57.87923903393566, "params": {"eta": 0.8739492975515951, "max_depth": 19.174797266234926, "n_estimators": 99.36417809962944}, "datetime": {"datetime": "2021-09-24 15:36:29", "elapsed": 1523.105061, "delta": 3.635826}}
{"target": -63.72003145146191, "params": {"eta": 0.020724649938709597, "max_depth": 3.422474587414389, "n_estimators": 44.681801104071106}, "datetime": {"datetime": "2021-09-24 15:36:35", "elapsed": 1529.500471, "delta": 6.39541}}
{"target": -52.19655174599554, "params": {"eta": 0.024610524886769722, "max_depth": 9.193993731637079, "n_estimators": 68.48168893301761}, "datetime": {"datetime": "2021-09-24 15:36:42", "elapsed": 1535.973882, "delta": 6.473411}}
{"target": -47.14695746916577, "params": {"eta": 0.21746887365025153, "max_depth": 10.483141778211326, "n_estimators": 83.30872289625577}, "datetime": {"datetime": "2021-09-24 15:36:50", "elapsed": 1543.836794, "delta": 7.862912}}
{"target": -43.69775829458595, "params": {"eta": 0.30566473104416514, "max_depth": 1.2240724780352634, "n_estimators": 98.38138592187721}, "datetime": {"datetime": "2021-09-24 15:36:53", "elapsed": 1547.43201, "delta": 3.595216}}
{"target": -52.9684872089472, "params": {"eta": 0.6785202614104036, "max_depth": 6.4104334641773155, "n_estimators": 72.66672196737079}, "datetime": {"datetime": "2021-09-24 15:36:57", "elapsed": 1551.253143, "delta": 3.821133}}
{"target": -45.699872984922024, "params": {"eta": 0.6632399398208324, "max_depth": 1.4371769466071758, "n_estimators": 21.16892550165956}, "datetime": {"datetime": "2021-09-24 15:37:05", "elapsed": 1559.066573, "delta": 7.81343}}
{"target": -46.72826411311788, "params": {"eta": 0.16421188352538324, "max_depth": 14.036606785588617, "n_estimators": 61.23613098335016}, "datetime": {"datetime": "2021-09-24 15:37:13", "elapsed": 1566.958425, "delta": 7.891852}}
{"target": -49.279315267290386, "params": {"eta": 0.6509402654703014, "max_depth": 13.676936109686853, "n_estimators": 63.243003784268836}, "datetime": {"datetime": "2021-09-24 15:37:16", "elapsed": 1570.125482, "delta": 3.167057}}
{"target": -44.70560498345167, "params": {"eta": 0.5474995870415247, "max_depth": 1.587854578738673, "n_estimators": 29.013228597683092}, "datetime": {"datetime": "2021-09-24 15:37:24", "elapsed": 1578.584717, "delta": 8.459235}}
{"target": -140.98637696271552, "params": {"eta": 0.001, "max_depth": 23.958212958370037, "n_estimators": 40.262061315436135}, "datetime": {"datetime": "2021-09-24 15:37:34", "elapsed": 1587.986486, "delta": 9.401769}}
{"target": -47.42068957565422, "params": {"eta": 0.5234972486870427, "max_depth": 24.269002358363107, "n_estimators": 40.9953453278696}, "datetime": {"datetime": "2021-09-24 15:37:43", "elapsed": 1597.627471, "delta": 9.640985}}
{"target": -45.46052239353495, "params": {"eta": 0.5403772315702569, "max_depth": 1.6593047628722353, "n_estimators": 88.43806829374118}, "datetime": {"datetime": "2021-09-24 15:37:47", "elapsed": 1601.034935, "delta": 3.407464}}
{"target": -48.0420632469923, "params": {"eta": 0.9718138509334613, "max_depth": 1.6639809340416827, "n_estimators": 39.69530256929634}, "datetime": {"datetime": "2021-09-24 15:37:53", "elapsed": 1606.869188, "delta": 5.834253}}
{"target": -57.56511904063978, "params": {"eta": 0.9499095977583353, "max_depth": 12.39485960404823, "n_estimators": 20.439076642860503}, "datetime": {"datetime": "2021-09-24 15:37:56", "elapsed": 1609.946758, "delta": 3.07757}}
{"target": -46.272649521218206, "params": {"eta": 0.08301029601757068, "max_depth": 8.202246803024195, "n_estimators": 85.98745745387048}, "datetime": {"datetime": "2021-09-24 15:38:03", "elapsed": 1617.441576, "delta": 7.494818}}
{"target": -49.00598221972473, "params": {"eta": 0.763726712170227, "max_depth": 2.7081331337029857, "n_estimators": 22.106060898915494}, "datetime": {"datetime": "2021-09-24 15:38:10", "elapsed": 1623.697875, "delta": 6.256299}}
{"target": -57.67774353887802, "params": {"eta": 0.9737446031227642, "max_depth": 18.792837924551563, "n_estimators": 32.817410253458775}, "datetime": {"datetime": "2021-09-24 15:38:13", "elapsed": 1627.217897, "delta": 3.520022}}
{"target": -44.037824472986664, "params": {"eta": 0.4230777938453923, "max_depth": 1.0251398034549073, "n_estimators": 19.71084898231959}, "datetime": {"datetime": "2021-09-24 15:38:19", "elapsed": 1633.417666, "delta": 6.199769}}
{"target": -50.34136896563652, "params": {"eta": 0.6997072389328084, "max_depth": 20.09931448182875, "n_estimators": 80.42465756396732}, "datetime": {"datetime": "2021-09-24 15:38:28", "elapsed": 1641.755561, "delta": 8.337895}}
{"target": -50.580607751258334, "params": {"eta": 0.6317656229680841, "max_depth": 10.233776434884621, "n_estimators": 82.8150970203808}, "datetime": {"datetime": "2021-09-24 15:38:35", "elapsed": 1649.147631, "delta": 7.39207}}
{"target": -46.91745637592516, "params": {"eta": 0.028954937404965304, "max_depth": 9.52747097745999, "n_estimators": 84.48798430898754}, "datetime": {"datetime": "2021-09-24 15:38:46", "elapsed": 1660.320528, "delta": 11.172897}}
{"target": -48.60500691349345, "params": {"eta": 0.21658513656844414, "max_depth": 15.4968660370476, "n_estimators": 69.32734646753555}, "datetime": {"datetime": "2021-09-24 15:38:51", "elapsed": 1665.266022, "delta": 4.945494}}
{"target": -46.41029502753925, "params": {"eta": 0.28301208476457695, "max_depth": 2.0685532405395826, "n_estimators": 68.82250037518891}, "datetime": {"datetime": "2021-09-24 15:39:00", "elapsed": 1674.283849, "delta": 9.017827}}
{"target": -46.58881263446091, "params": {"eta": 0.4420517895373907, "max_depth": 6.535853896361123, "n_estimators": 64.15090564104861}, "datetime": {"datetime": "2021-09-24 15:39:11", "elapsed": 1685.115052, "delta": 10.831203}}
{"target": -139.92449805252534, "params": {"eta": 0.001, "max_depth": 2.9841333817312705, "n_estimators": 45.7373179128751}, "datetime": {"datetime": "2021-09-24 15:39:26", "elapsed": 1699.991027, "delta": 14.875975}}
{"target": -137.0102459882435, "params": {"eta": 0.017412701534077646, "max_depth": 10.242832643811395, "n_estimators": 4.720701197024995}, "datetime": {"datetime": "2021-09-24 15:39:29", "elapsed": 1703.538273, "delta": 3.547246}}
{"target": -50.64358613724099, "params": {"eta": 0.5664736460099317, "max_depth": 3.197889264021475, "n_estimators": 44.85017978745736}, "datetime": {"datetime": "2021-09-24 15:39:40", "elapsed": 1713.831709, "delta": 10.293436}}
{"target": -52.88772838635552, "params": {"eta": 0.9396813054948572, "max_depth": 12.853373841339913, "n_estimators": 95.17798083717425}, "datetime": {"datetime": "2021-09-24 15:39:44", "elapsed": 1718.038152, "delta": 4.206443}}
{"target": -53.926864222476354, "params": {"eta": 0.8879208226527604, "max_depth": 2.8214827620433764, "n_estimators": 45.47506207391715}, "datetime": {"datetime": "2021-09-24 15:39:52", "elapsed": 1725.833154, "delta": 7.795002}}
{"target": -95.04732080330525, "params": {"eta": 0.006147919308336554, "max_depth": 2.646645668831696, "n_estimators": 69.20122611197642}, "datetime": {"datetime": "2021-09-24 15:40:00", "elapsed": 1734.58801, "delta": 8.754856}}
{"target": -49.98864295787381, "params": {"eta": 0.6903512789232557, "max_depth": 16.266961206531818, "n_estimators": 17.558520279637605}, "datetime": {"datetime": "2021-09-24 15:40:05", "elapsed": 1739.324011, "delta": 4.736001}}
{"target": -50.93087367007607, "params": {"eta": 0.3808640200726439, "max_depth": 3.3436262410052278, "n_estimators": 68.74503460820029}, "datetime": {"datetime": "2021-09-24 15:40:15", "elapsed": 1749.313413, "delta": 9.989402}}
{"target": -47.600123011079944, "params": {"eta": 0.06731918246530062, "max_depth": 8.701221413371009, "n_estimators": 82.71255534439148}, "datetime": {"datetime": "2021-09-24 15:40:20", "elapsed": 1754.353943, "delta": 5.04053}}
{"target": -56.12899327098875, "params": {"eta": 0.2453162147397808, "max_depth": 10.554041576815983, "n_estimators": 5.642130866033367}, "datetime": {"datetime": "2021-09-24 15:40:24", "elapsed": 1758.518068, "delta": 4.164125}}
{"target": -43.16367018850226, "params": {"eta": 0.1692534293812039, "max_depth": 1.7006389388871295, "n_estimators": 64.44104889443298}, "datetime": {"datetime": "2021-09-24 15:40:28", "elapsed": 1762.192464, "delta": 3.674396}}
{"target": -46.104685733192845, "params": {"eta": 0.2022879139702782, "max_depth": 3.752735227351204, "n_estimators": 69.37981241606593}, "datetime": {"datetime": "2021-09-24 15:40:40", "elapsed": 1774.488264, "delta": 12.2958}}
{"target": -43.6145461519858, "params": {"eta": 0.4645066594408614, "max_depth": 1.5595559187870718, "n_estimators": 28.69163064350822}, "datetime": {"datetime": "2021-09-24 15:40:44", "elapsed": 1778.143982, "delta": 3.655718}}
{"target": -46.803630369946475, "params": {"eta": 0.18143802222246813, "max_depth": 10.678710180222012, "n_estimators": 70.18160786754689}, "datetime": {"datetime": "2021-09-24 15:40:49", "elapsed": 1783.133387, "delta": 4.989405}}
{"target": -54.3679784903849, "params": {"eta": 0.7887598898509937, "max_depth": 8.45487767083321, "n_estimators": 83.33496101374647}, "datetime": {"datetime": "2021-09-24 15:40:59", "elapsed": 1793.374496, "delta": 10.241109}}
{"target": -44.585435594831196, "params": {"eta": 0.5408963319073142, "max_depth": 1.6998423263977591, "n_estimators": 36.63375220247572}, "datetime": {"datetime": "2021-09-24 15:41:08", "elapsed": 1802.211141, "delta": 8.836645}}
{"target": -45.636404431852185, "params": {"eta": 0.5226393329582808, "max_depth": 6.134712043634232, "n_estimators": 64.65399997375164}, "datetime": {"datetime": "2021-09-24 15:41:16", "elapsed": 1810.172577, "delta": 7.961436}}
{"target": -43.50848388671875, "params": {"eta": 0.07733721318909466, "max_depth": 2.879761077005633, "n_estimators": 71.80478522591122}, "datetime": {"datetime": "2021-09-24 15:41:19", "elapsed": 1813.64558, "delta": 3.473003}}
{"target": -48.07242194154209, "params": {"eta": 0.4217108652949892, "max_depth": 3.353758359209345, "n_estimators": 71.91961646469825}, "datetime": {"datetime": "2021-09-24 15:41:27", "elapsed": 1821.217463, "delta": 7.571883}}
{"target": -42.83251187317354, "params": {"eta": 0.32133098517924497, "max_depth": 1.1277226596348688, "n_estimators": 36.54768449685898}, "datetime": {"datetime": "2021-09-24 15:41:36", "elapsed": 1830.566332, "delta": 9.348869}}
{"target": -47.229521873302026, "params": {"eta": 0.20148633243644992, "max_depth": 6.284949602953192, "n_estimators": 63.706487950853614}, "datetime": {"datetime": "2021-09-24 15:41:46", "elapsed": 1839.808709, "delta": 9.242377}}
{"target": -50.937456145322415, "params": {"eta": 0.6442000105239054, "max_depth": 10.948127312815165, "n_estimators": 58.87222244922298}, "datetime": {"datetime": "2021-09-24 15:41:58", "elapsed": 1851.702883, "delta": 11.894174}}
{"target": -48.63783157678475, "params": {"eta": 0.36242634846568783, "max_depth": 2.629431884862665, "n_estimators": 56.940821102256024}, "datetime": {"datetime": "2021-09-24 15:42:02", "elapsed": 1855.749215, "delta": 4.046332}}
{"target": -46.00764973719317, "params": {"eta": 0.6706534533184986, "max_depth": 1.3547371871461813, "n_estimators": 67.44720430484904}, "datetime": {"datetime": "2021-09-24 15:42:11", "elapsed": 1864.952522, "delta": 9.203307}}
