{"target": -34.91579874240628, "params": {"eta": 0.03, "max_depth": 39.66697235200818, "n_estimators": 64.57188734907238}, "datetime": {"datetime": "2021-09-29 15:18:13", "elapsed": 28.003496, "delta": 0.548575}}
{"target": -34.911911785446534, "params": {"eta": 0.03, "max_depth": 57.06063420923919, "n_estimators": 69.16671258336083}, "datetime": {"datetime": "2021-09-29 15:18:13", "elapsed": 28.566501, "delta": 0.563005}}
{"target": -34.810222735919524, "params": {"eta": 0.03, "max_depth": 27.97153855839063, "n_estimators": 82.38089533247044}, "datetime": {"datetime": "2021-09-29 15:18:14", "elapsed": 29.158689, "delta": 0.592188}}
{"target": -35.001245672672596, "params": {"eta": 0.03, "max_depth": 94.41751877199268, "n_estimators": 66.07679246545179}, "datetime": {"datetime": "2021-09-29 15:18:14", "elapsed": 29.717689, "delta": 0.559}}
{"target": -35.00620217864408, "params": {"eta": 0.03, "max_depth": 81.59548136510868, "n_estimators": 58.93677562653034}, "datetime": {"datetime": "2021-09-29 15:18:15", "elapsed": 30.301687, "delta": 0.583998}}
{"target": -34.78937984734282, "params": {"eta": 0.03, "max_depth": 94.84745491459813, "n_estimators": 80.92182206602634}, "datetime": {"datetime": "2021-09-29 15:18:15", "elapsed": 30.909952, "delta": 0.608265}}
{"target": -34.82924567143017, "params": {"eta": 0.03, "max_depth": 86.21727110837607, "n_estimators": 72.87636498384293}, "datetime": {"datetime": "2021-09-29 15:18:16", "elapsed": 31.505952, "delta": 0.596}}
{"target": -34.79591948788923, "params": {"eta": 0.03, "max_depth": 49.839505643946254, "n_estimators": 74.90671585638641}, "datetime": {"datetime": "2021-09-29 15:18:17", "elapsed": 32.153948, "delta": 0.647996}}
{"target": -34.77153123020351, "params": {"eta": 0.03, "max_depth": 19.757128886432263, "n_estimators": 79.4239064996589}, "datetime": {"datetime": "2021-09-29 15:18:17", "elapsed": 32.83259, "delta": 0.678642}}
{"target": -34.803871451858974, "params": {"eta": 0.03, "max_depth": 76.34251742274418, "n_estimators": 81.10399676790688}, "datetime": {"datetime": "2021-09-29 15:18:18", "elapsed": 33.458729, "delta": 0.626139}}
{"target": -35.00620217864408, "params": {"eta": 0.03, "max_depth": 56.1507541317207, "n_estimators": 58.55605592818668}, "datetime": {"datetime": "2021-09-29 15:18:19", "elapsed": 33.968731, "delta": 0.510002}}
{"target": -34.803871451858974, "params": {"eta": 0.03, "max_depth": 54.16601536597249, "n_estimators": 81.90166563264314}, "datetime": {"datetime": "2021-09-29 15:18:19", "elapsed": 34.591732, "delta": 0.623001}}
{"target": -34.79591948788923, "params": {"eta": 0.03, "max_depth": 75.87336060385253, "n_estimators": 74.14840906640221}, "datetime": {"datetime": "2021-09-29 15:18:20", "elapsed": 35.22146, "delta": 0.629728}}
{"target": -34.77153123020351, "params": {"eta": 0.03, "max_depth": 40.64909770906957, "n_estimators": 79.82996088476135}, "datetime": {"datetime": "2021-09-29 15:18:21", "elapsed": 35.986506, "delta": 0.765046}}
{"target": -35.00606945500927, "params": {"eta": 0.03, "max_depth": 20.06980222687679, "n_estimators": 62.91565326625877}, "datetime": {"datetime": "2021-09-29 15:18:21", "elapsed": 36.664506, "delta": 0.678}}
{"target": -34.776865541608224, "params": {"eta": 0.03, "max_depth": 97.75325965899003, "n_estimators": 76.70833386745728}, "datetime": {"datetime": "2021-09-29 15:18:22", "elapsed": 37.55533, "delta": 0.890824}}
{"target": -34.78914393049132, "params": {"eta": 0.03, "max_depth": 21.43698787543045, "n_estimators": 75.99971558226265}, "datetime": {"datetime": "2021-09-29 15:18:23", "elapsed": 38.208536, "delta": 0.653206}}
{"target": -34.78937984734282, "params": {"eta": 0.03, "max_depth": 22.26156840300995, "n_estimators": 80.78081201847888}, "datetime": {"datetime": "2021-09-29 15:18:23", "elapsed": 38.857889, "delta": 0.649353}}
{"target": -34.7645115900733, "params": {"eta": 0.03, "max_depth": 30.35461475463138, "n_estimators": 77.27854263748429}, "datetime": {"datetime": "2021-09-29 15:18:24", "elapsed": 39.557111, "delta": 0.699222}}
{"target": -34.76267347051375, "params": {"eta": 0.03, "max_depth": 66.57732580846226, "n_estimators": 78.19342110535064}, "datetime": {"datetime": "2021-09-29 15:18:25", "elapsed": 40.25711, "delta": 0.699999}}
{"target": -34.76267347051375, "params": {"eta": 0.03, "max_depth": 46.430975321133225, "n_estimators": 78.58946216269231}, "datetime": {"datetime": "2021-09-29 15:18:25", "elapsed": 40.887336, "delta": 0.630226}}
{"target": -34.78914393049132, "params": {"eta": 0.03, "max_depth": 61.59429252478836, "n_estimators": 75.44304592025551}, "datetime": {"datetime": "2021-09-29 15:18:26", "elapsed": 41.506337, "delta": 0.619001}}
{"target": -34.7645115900733, "params": {"eta": 0.03, "max_depth": 89.07785963664699, "n_estimators": 77.85201956341388}, "datetime": {"datetime": "2021-09-29 15:18:27", "elapsed": 42.141338, "delta": 0.635001}}
{"target": -34.78914393049132, "params": {"eta": 0.03, "max_depth": 38.15201210590457, "n_estimators": 75.37747530136025}, "datetime": {"datetime": "2021-09-29 15:18:27", "elapsed": 42.745337, "delta": 0.603999}}
{"target": -34.803871451858974, "params": {"eta": 0.03, "max_depth": 70.08123830874771, "n_estimators": 81.61064536420521}, "datetime": {"datetime": "2021-09-29 15:18:28", "elapsed": 43.416474, "delta": 0.671137}}
{"target": -34.77153123020351, "params": {"eta": 0.03, "max_depth": 50.69083663322385, "n_estimators": 79.3307540252718}, "datetime": {"datetime": "2021-09-29 15:18:29", "elapsed": 44.513612, "delta": 1.097138}}
{"target": -34.78937984734282, "params": {"eta": 0.03, "max_depth": 82.47524209867605, "n_estimators": 80.69738687908855}, "datetime": {"datetime": "2021-09-29 15:18:30", "elapsed": 45.44029, "delta": 0.926678}}
{"target": -34.80545154168788, "params": {"eta": 0.03, "max_depth": 70.12429233753471, "n_estimators": 73.88077224887135}, "datetime": {"datetime": "2021-09-29 15:18:31", "elapsed": 46.075291, "delta": 0.635001}}
{"target": -34.87767394932485, "params": {"eta": 0.03, "max_depth": 80.2051874633413, "n_estimators": 70.29377732182672}, "datetime": {"datetime": "2021-09-29 15:18:31", "elapsed": 46.727295, "delta": 0.652004}}
{"target": -34.78937984734282, "params": {"eta": 0.03, "max_depth": 32.8589384949806, "n_estimators": 80.65115330697964}, "datetime": {"datetime": "2021-09-29 15:18:32", "elapsed": 47.630011, "delta": 0.902716}}
{"target": -34.92340733935582, "params": {"eta": 0.03, "max_depth": 44.86252949464322, "n_estimators": 68.15855908489694}, "datetime": {"datetime": "2021-09-29 15:18:33", "elapsed": 48.436632, "delta": 0.806621}}
{"target": -34.776865541608224, "params": {"eta": 0.03, "max_depth": 99.86222100887383, "n_estimators": 76.56004600263435}, "datetime": {"datetime": "2021-09-29 15:18:34", "elapsed": 49.11385, "delta": 0.677218}}
{"target": -34.76267347051375, "params": {"eta": 0.03, "max_depth": 85.0724740077853, "n_estimators": 78.10843540176799}, "datetime": {"datetime": "2021-09-29 15:18:34", "elapsed": 49.892859, "delta": 0.779009}}
{"target": -34.98537901713364, "params": {"eta": 0.03, "max_depth": 34.853106366344846, "n_estimators": 60.30828855088213}, "datetime": {"datetime": "2021-09-29 15:18:35", "elapsed": 50.593849, "delta": 0.70099}}
{"target": -34.77153123020351, "params": {"eta": 0.03, "max_depth": 57.86694907093944, "n_estimators": 79.23891152204918}, "datetime": {"datetime": "2021-09-29 15:18:36", "elapsed": 51.393714, "delta": 0.799865}}
{"target": -34.7645115900733, "params": {"eta": 0.03, "max_depth": 76.82168861164665, "n_estimators": 77.57904995280147}, "datetime": {"datetime": "2021-09-29 15:18:37", "elapsed": 52.170709, "delta": 0.776995}}
{"target": -34.7645115900733, "params": {"eta": 0.03, "max_depth": 43.9060437167049, "n_estimators": 77.5651087573903}, "datetime": {"datetime": "2021-09-29 15:18:37", "elapsed": 52.938697, "delta": 0.767988}}
{"target": -34.76267347051375, "params": {"eta": 0.03, "max_depth": 93.16398796101319, "n_estimators": 78.5585375250877}, "datetime": {"datetime": "2021-09-29 15:18:38", "elapsed": 53.7617, "delta": 0.823003}}
{"target": -34.79591948788923, "params": {"eta": 0.03, "max_depth": 27.543420759558813, "n_estimators": 74.95761721733642}, "datetime": {"datetime": "2021-09-29 15:18:39", "elapsed": 54.514697, "delta": 0.752997}}
{"target": -34.76267347051375, "params": {"eta": 0.03, "max_depth": 28.018628679898814, "n_estimators": 78.69369892075973}, "datetime": {"datetime": "2021-09-29 15:18:40", "elapsed": 55.263327, "delta": 0.74863}}
{"target": -34.776865541608224, "params": {"eta": 0.03, "max_depth": 34.14134265726652, "n_estimators": 76.66180084962627}, "datetime": {"datetime": "2021-09-29 15:18:41", "elapsed": 56.075811, "delta": 0.812484}}
{"target": -34.7645115900733, "params": {"eta": 0.03, "max_depth": 39.440604261832036, "n_estimators": 77.76363498915039}, "datetime": {"datetime": "2021-09-29 15:18:42", "elapsed": 56.983812, "delta": 0.908001}}
{"target": -34.76267347051375, "params": {"eta": 0.03, "max_depth": 53.49293917432516, "n_estimators": 78.28805420362886}, "datetime": {"datetime": "2021-09-29 15:18:42", "elapsed": 57.651811, "delta": 0.667999}}
{"target": -34.78914393049132, "params": {"eta": 0.03, "max_depth": 66.21709130741472, "n_estimators": 75.84882544129019}, "datetime": {"datetime": "2021-09-29 15:18:43", "elapsed": 58.63781, "delta": 0.985999}}
{"target": -34.7645115900733, "params": {"eta": 0.03, "max_depth": 74.41381833056529, "n_estimators": 77.9591910210815}, "datetime": {"datetime": "2021-09-29 15:18:44", "elapsed": 59.646581, "delta": 1.008771}}
{"target": -34.776865541608224, "params": {"eta": 0.03, "max_depth": 17.55267798488301, "n_estimators": 76.59883526591634}, "datetime": {"datetime": "2021-09-29 15:18:45", "elapsed": 60.504106, "delta": 0.857525}}
{"target": -34.7645115900733, "params": {"eta": 0.03, "max_depth": 20.20784122576234, "n_estimators": 77.7138543773698}, "datetime": {"datetime": "2021-09-29 15:18:46", "elapsed": 61.244387, "delta": 0.740281}}
{"target": -34.76267347051375, "params": {"eta": 0.03, "max_depth": 68.76393488244372, "n_estimators": 78.60707506418402}, "datetime": {"datetime": "2021-09-29 15:18:47", "elapsed": 62.145387, "delta": 0.901}}
{"target": -34.76267347051375, "params": {"eta": 0.03, "max_depth": 96.36064962620902, "n_estimators": 78.58983559582677}, "datetime": {"datetime": "2021-09-29 15:18:48", "elapsed": 62.966672, "delta": 0.821285}}
{"target": -76.3640327188984, "params": {"eta": 0.21434078230426126, "max_depth": 21.889410309822583, "n_estimators": 1.0113231069171438}, "datetime": {"datetime": "2021-09-29 15:24:45", "elapsed": 0.0, "delta": 0.0}}
{"target": -35.429621652558254, "params": {"eta": 0.1581429605896015, "max_depth": 5.255920833696278, "n_estimators": 10.141520882110981}, "datetime": {"datetime": "2021-09-29 15:24:45", "elapsed": 0.041994, "delta": 0.041994}}
{"target": -38.96404210130286, "params": {"eta": 0.10126750357505873, "max_depth": 11.021261084248385, "n_estimators": 40.27997994883632}, "datetime": {"datetime": "2021-09-29 15:24:45", "elapsed": 0.269998, "delta": 0.228004}}
{"target": -39.260986564494964, "params": {"eta": 0.2740201996616449, "max_depth": 13.15664091769555, "n_estimators": 68.83673053927919}, "datetime": {"datetime": "2021-09-29 15:24:45", "elapsed": 0.648999, "delta": 0.379001}}
{"target": -66.15860821947426, "params": {"eta": 0.11018160236844353, "max_depth": 26.465405655337417, "n_estimators": 3.71137172659469}, "datetime": {"datetime": "2021-09-29 15:24:45", "elapsed": 0.678999, "delta": 0.03}}
{"target": -43.00026693173512, "params": {"eta": 0.3385290799874171, "max_depth": 13.101839268646682, "n_estimators": 56.310293016129414}, "datetime": {"datetime": "2021-09-29 15:24:46", "elapsed": 1.012001, "delta": 0.333002}}
{"target": -38.15921542444244, "params": {"eta": 0.12514455430095492, "max_depth": 3.8403894863808112, "n_estimators": 21.7206115085554}, "datetime": {"datetime": "2021-09-29 15:24:46", "elapsed": 1.435997, "delta": 0.423996}}
{"target": -42.79056098520517, "params": {"eta": 0.5, "max_depth": 19.44944572603958, "n_estimators": 27.995864372139742}, "datetime": {"datetime": "2021-09-29 15:24:47", "elapsed": 2.076, "delta": 0.640003}}
{"target": -47.41124287141095, "params": {"eta": 0.01, "max_depth": 29.493042330844997, "n_estimators": 69.93221394066515}, "datetime": {"datetime": "2021-09-29 15:24:47", "elapsed": 2.675997, "delta": 0.599997}}
{"target": -38.61069364979169, "params": {"eta": 0.5, "max_depth": 1.0, "n_estimators": 78.20198097241301}, "datetime": {"datetime": "2021-09-29 15:24:48", "elapsed": 3.099343, "delta": 0.423346}}
{"target": -38.18368820553401, "params": {"eta": 0.08767615482404366, "max_depth": 14.02596245981604, "n_estimators": 87.0089051566446}, "datetime": {"datetime": "2021-09-29 15:24:49", "elapsed": 3.993343, "delta": 0.894}}
{"target": -38.82834365809497, "params": {"eta": 0.27868411426420664, "max_depth": 1.1389892032498916, "n_estimators": 97.18398058279091}, "datetime": {"datetime": "2021-09-29 15:24:49", "elapsed": 4.33634, "delta": 0.342997}}
{"target": -42.809234783892045, "params": {"eta": 0.5, "max_depth": 23.60083240691241, "n_estimators": 100.0}, "datetime": {"datetime": "2021-09-29 15:24:50", "elapsed": 4.986781, "delta": 0.650441}}
{"target": -60.581491032252686, "params": {"eta": 0.01, "max_depth": 30.0, "n_estimators": 43.701998956237}, "datetime": {"datetime": "2021-09-29 15:24:50", "elapsed": 5.458772, "delta": 0.471991}}
{"target": -38.63152095718878, "params": {"eta": 0.20190504858786004, "max_depth": 1.004355519352322, "n_estimators": 48.84798874932242}, "datetime": {"datetime": "2021-09-29 15:24:50", "elapsed": 5.839775, "delta": 0.381003}}
{"target": -36.90386539183125, "params": {"eta": 0.3621583491257512, "max_depth": 1.0303332075773908, "n_estimators": 64.459478406154}, "datetime": {"datetime": "2021-09-29 15:24:51", "elapsed": 6.191777, "delta": 0.352002}}
{"target": -38.34906831329332, "params": {"eta": 0.5, "max_depth": 1.0, "n_estimators": 34.88774430693535}, "datetime": {"datetime": "2021-09-29 15:24:51", "elapsed": 6.565773, "delta": 0.373996}}
{"target": -42.798039024217296, "params": {"eta": 0.5, "max_depth": 30.0, "n_estimators": 86.81049093311721}, "datetime": {"datetime": "2021-09-29 15:24:52", "elapsed": 7.143589, "delta": 0.577816}}
{"target": -89.54599893524323, "params": {"eta": 0.08102019971927406, "max_depth": 1.0969265158806816, "n_estimators": 1.8224228456782523}, "datetime": {"datetime": "2021-09-29 15:24:52", "elapsed": 7.457585, "delta": 0.313996}}
{"target": -41.50825337817166, "params": {"eta": 0.30922023949635946, "max_depth": 9.052800446841957, "n_estimators": 15.369366580629542}, "datetime": {"datetime": "2021-09-29 15:24:52", "elapsed": 7.893685, "delta": 0.4361}}
{"target": -41.45999010512708, "params": {"eta": 0.18188051016180337, "max_depth": 5.380053100294356, "n_estimators": 71.25006378332849}, "datetime": {"datetime": "2021-09-29 15:24:53", "elapsed": 8.472688, "delta": 0.579003}}
{"target": -42.64463593070187, "params": {"eta": 0.33429782645219763, "max_depth": 4.453169222830947, "n_estimators": 87.69086839343849}, "datetime": {"datetime": "2021-09-29 15:24:54", "elapsed": 9.006994, "delta": 0.534306}}
{"target": -70.07561780358262, "params": {"eta": 0.01, "max_depth": 8.794842721972381, "n_estimators": 30.36664239056133}, "datetime": {"datetime": "2021-09-29 15:24:54", "elapsed": 9.487994, "delta": 0.481}}
{"target": -38.24737062533401, "params": {"eta": 0.3846771891330379, "max_depth": 1.8391825344665869, "n_estimators": 15.580886257647776}, "datetime": {"datetime": "2021-09-29 15:24:55", "elapsed": 9.962999, "delta": 0.475005}}
{"target": -42.91779917119296, "params": {"eta": 0.46110755240140033, "max_depth": 3.0333297230879306, "n_estimators": 41.89348602529077}, "datetime": {"datetime": "2021-09-29 15:24:55", "elapsed": 10.443994, "delta": 0.480995}}
{"target": -39.67140155278146, "params": {"eta": 0.21654685792278636, "max_depth": 2.9012341268335264, "n_estimators": 57.06636523100679}, "datetime": {"datetime": "2021-09-29 15:24:55", "elapsed": 10.910702, "delta": 0.466708}}
{"target": -40.940046716242726, "params": {"eta": 0.21261811067904182, "max_depth": 11.034334445413997, "n_estimators": 79.07114010377907}, "datetime": {"datetime": "2021-09-29 15:24:56", "elapsed": 11.693698, "delta": 0.782996}}
{"target": -40.48698357331353, "params": {"eta": 0.1889314662338847, "max_depth": 10.839395186040374, "n_estimators": 95.69636444999412}, "datetime": {"datetime": "2021-09-29 15:24:57", "elapsed": 12.6147, "delta": 0.921002}}
{"target": -57.87109767816594, "params": {"eta": 0.01, "max_depth": 9.967819204783389, "n_estimators": 47.90945005443339}, "datetime": {"datetime": "2021-09-29 15:24:58", "elapsed": 13.134442, "delta": 0.519742}}
{"target": -49.20104568221047, "params": {"eta": 0.01, "max_depth": 7.9438338093669385, "n_estimators": 63.13759385835456}, "datetime": {"datetime": "2021-09-29 15:24:58", "elapsed": 13.836443, "delta": 0.702001}}
{"target": -39.76294025191069, "params": {"eta": 0.17563737596758897, "max_depth": 19.739455206254974, "n_estimators": 91.45339778485213}, "datetime": {"datetime": "2021-09-29 15:24:59", "elapsed": 14.899625, "delta": 1.063182}}
{"target": -42.77182877714485, "params": {"eta": 0.5, "max_depth": 20.23626668032045, "n_estimators": 82.71197539103242}, "datetime": {"datetime": "2021-09-29 15:25:00", "elapsed": 15.634623, "delta": 0.734998}}
{"target": -42.79623714715176, "params": {"eta": 0.5, "max_depth": 18.39214007253578, "n_estimators": 73.65595474903581}, "datetime": {"datetime": "2021-09-29 15:25:01", "elapsed": 16.343625, "delta": 0.709002}}
{"target": -42.79054331745969, "params": {"eta": 0.5, "max_depth": 19.556606238880125, "n_estimators": 63.299160665369975}, "datetime": {"datetime": "2021-09-29 15:25:02", "elapsed": 17.021236, "delta": 0.677611}}
{"target": -42.7965629890709, "params": {"eta": 0.5, "max_depth": 27.81132282369821, "n_estimators": 24.14108850568484}, "datetime": {"datetime": "2021-09-29 15:25:02", "elapsed": 17.570235, "delta": 0.548999}}
{"target": -40.44729073706226, "params": {"eta": 0.39723942237183957, "max_depth": 29.936973483495066, "n_estimators": 95.09414326467744}, "datetime": {"datetime": "2021-09-29 15:25:03", "elapsed": 18.266944, "delta": 0.696709}}
{"target": -42.7701633177908, "params": {"eta": 0.5, "max_depth": 20.42827170336351, "n_estimators": 18.91949343247561}, "datetime": {"datetime": "2021-09-29 15:25:03", "elapsed": 18.754131, "delta": 0.487187}}
{"target": -42.7962194405154, "params": {"eta": 0.5, "max_depth": 18.088873985891187, "n_estimators": 38.8657224383789}, "datetime": {"datetime": "2021-09-29 15:25:04", "elapsed": 19.478126, "delta": 0.723995}}
{"target": -39.35169370790575, "params": {"eta": 0.15823174223494665, "max_depth": 29.825913905420474, "n_estimators": 58.71537731409783}, "datetime": {"datetime": "2021-09-29 15:25:05", "elapsed": 20.184127, "delta": 0.706001}}
{"target": -42.84134603946832, "params": {"eta": 0.5, "max_depth": 22.727913628710326, "n_estimators": 55.3945999787159}, "datetime": {"datetime": "2021-09-29 15:25:05", "elapsed": 20.827297, "delta": 0.64317}}
{"target": -44.34205438851882, "params": {"eta": 0.34838869340295037, "max_depth": 6.1643178386648705, "n_estimators": 99.98885214602167}, "datetime": {"datetime": "2021-09-29 15:25:06", "elapsed": 21.514299, "delta": 0.687002}}
{"target": -42.8623057818575, "params": {"eta": 0.5, "max_depth": 16.118746429651825, "n_estimators": 100.0}, "datetime": {"datetime": "2021-09-29 15:25:07", "elapsed": 22.104297, "delta": 0.589998}}
{"target": -82.70853573099967, "params": {"eta": 0.01, "max_depth": 30.0, "n_estimators": 16.143041163128864}, "datetime": {"datetime": "2021-09-29 15:25:07", "elapsed": 22.491298, "delta": 0.387001}}
{"target": -42.79810184404589, "params": {"eta": 0.5, "max_depth": 27.31607132218663, "n_estimators": 31.179469311406876}, "datetime": {"datetime": "2021-09-29 15:25:08", "elapsed": 23.063103, "delta": 0.571805}}
{"target": -89.78600025045364, "params": {"eta": 0.01, "max_depth": 11.264719505363436, "n_estimators": 9.197090323256548}, "datetime": {"datetime": "2021-09-29 15:25:08", "elapsed": 23.475109, "delta": 0.412006}}
{"target": -39.72507049334563, "params": {"eta": 0.20012171168439624, "max_depth": 1.6411931028017355, "n_estimators": 11.038459689613662}, "datetime": {"datetime": "2021-09-29 15:25:08", "elapsed": 23.897353, "delta": 0.422244}}
{"target": -42.54267767746947, "params": {"eta": 0.01, "max_depth": 5.5509868087827146, "n_estimators": 81.29388541164364}, "datetime": {"datetime": "2021-09-29 15:25:09", "elapsed": 24.452358, "delta": 0.555005}}
{"target": -41.33613530830602, "params": {"eta": 0.01, "max_depth": 25.40249149412109, "n_estimators": 91.34953481552712}, "datetime": {"datetime": "2021-09-29 15:25:10", "elapsed": 25.239075, "delta": 0.786717}}
{"target": -44.605185083713636, "params": {"eta": 0.5, "max_depth": 12.262674908415237, "n_estimators": 20.667273303337293}, "datetime": {"datetime": "2021-09-29 15:25:10", "elapsed": 25.833127, "delta": 0.594052}}
{"target": -42.70303115917587, "params": {"eta": 0.4128136091938268, "max_depth": 28.47144817677839, "n_estimators": 79.20531870854758}, "datetime": {"datetime": "2021-09-29 15:25:11", "elapsed": 26.557127, "delta": 0.724}}
{"target": -39.62136598276037, "params": {"eta": 0.2983829843278119, "max_depth": 25.942885344096773, "n_estimators": 62.588392401173046}, "datetime": {"datetime": "2021-09-29 15:25:12", "elapsed": 27.310228, "delta": 0.753101}}
{"target": -39.913551264641654, "params": {"eta": 0.03824707326624202, "max_depth": 1.0018929497045481, "n_estimators": 70.18047179319976}, "datetime": {"datetime": "2021-09-29 15:25:12", "elapsed": 27.755231, "delta": 0.445003}}
