{"target": 0.3987993689126651, "params": {"eta": 0.5959263996093123, "max_depth": 1.7363388276173919, "n_estimators": 44.884274908497126}, "datetime": {"datetime": "2021-09-24 13:49:43", "elapsed": 70.156418, "delta": 0.827819}}
{"target": -1.1733275201904951, "params": {"eta": 0.010413823092636788, "max_depth": 1.3657855627920326, "n_estimators": 49.59750130910286}, "datetime": {"datetime": "2021-09-24 13:49:44", "elapsed": 70.876091, "delta": 0.719673}}
{"target": 0.44904792715858477, "params": {"eta": 0.08973288652782666, "max_depth": 1.917911526472494, "n_estimators": 92.59392352477825}, "datetime": {"datetime": "2021-09-24 13:49:45", "elapsed": 71.581596, "delta": 0.705505}}
{"target": 0.3802817796913651, "params": {"eta": 0.43251827419839656, "max_depth": 2.2021030094260636, "n_estimators": 30.79322108372694}, "datetime": {"datetime": "2021-09-24 13:49:45", "elapsed": 72.160844, "delta": 0.579248}}
{"target": 0.45076949481257833, "params": {"eta": 0.2986902263726787, "max_depth": 1.1264776286582046, "n_estimators": 59.94883406013545}, "datetime": {"datetime": "2021-09-24 13:49:46", "elapsed": 72.758845, "delta": 0.598001}}
{"target": 0.4398408772630549, "params": {"eta": 0.42227888609110215, "max_depth": 1.9209595034233178, "n_estimators": 13.938079953945081}, "datetime": {"datetime": "2021-09-24 13:49:47", "elapsed": 73.246106, "delta": 0.487261}}
{"target": 0.44501975115069414, "params": {"eta": 0.3045234702923784, "max_depth": 1.6532602587966947, "n_estimators": 26.110166602142243}, "datetime": {"datetime": "2021-09-24 13:49:47", "elapsed": 73.741728, "delta": 0.495622}}
{"target": 0.4274527031151467, "params": {"eta": 0.24970578044145408, "max_depth": 2.8505409347265687, "n_estimators": 28.706896552681147}, "datetime": {"datetime": "2021-09-24 13:49:48", "elapsed": 74.304986, "delta": 0.563258}}
{"target": 0.3942257387638314, "params": {"eta": 0.1614146161869275, "max_depth": 3.0758158197280236, "n_estimators": 73.8211452531284}, "datetime": {"datetime": "2021-09-24 13:49:48", "elapsed": 74.903985, "delta": 0.598999}}
{"target": 0.44574012949404374, "params": {"eta": 0.14824316707556204, "max_depth": 1.7029988164833225, "n_estimators": 64.68023154580774}, "datetime": {"datetime": "2021-09-24 13:49:49", "elapsed": 75.545445, "delta": 0.64146}}
{"target": 0.38856888074434137, "params": {"eta": 0.5955068467955997, "max_depth": 1.577552380092583, "n_estimators": 53.205749768129536}, "datetime": {"datetime": "2021-09-24 13:49:49", "elapsed": 76.189389, "delta": 0.643944}}
{"target": 0.3107113749603062, "params": {"eta": 0.35968859117717494, "max_depth": 3.48074889091828, "n_estimators": 34.001578765333015}, "datetime": {"datetime": "2021-09-24 13:49:50", "elapsed": 76.728391, "delta": 0.539002}}
{"target": 0.4636888744729577, "params": {"eta": 0.3722414076278656, "max_depth": 1.7003294692295197, "n_estimators": 14.52512471323761}, "datetime": {"datetime": "2021-09-24 13:49:51", "elapsed": 77.303264, "delta": 0.574873}}
{"target": 0.4515196128015465, "params": {"eta": 0.23693256541275323, "max_depth": 1.9269732294238695, "n_estimators": 26.27979934478491}, "datetime": {"datetime": "2021-09-24 13:49:51", "elapsed": 77.898899, "delta": 0.595635}}
{"target": 0.441961097523225, "params": {"eta": 0.2599225639958741, "max_depth": 1.4339401338539473, "n_estimators": 83.96106237045743}, "datetime": {"datetime": "2021-09-24 13:49:52", "elapsed": 78.708898, "delta": 0.809999}}
{"target": 0.23329592983844938, "params": {"eta": 0.2971554354920802, "max_depth": 3.5003403337449948, "n_estimators": 97.79227300021043}, "datetime": {"datetime": "2021-09-24 13:49:53", "elapsed": 79.321471, "delta": 0.612573}}
{"target": 0.40768287884712406, "params": {"eta": 0.5106396760866423, "max_depth": 1.4428982287507388, "n_estimators": 48.03357265478263}, "datetime": {"datetime": "2021-09-24 13:49:53", "elapsed": 79.866247, "delta": 0.544776}}
{"target": 0.4045970562640633, "params": {"eta": 0.03909376122818579, "max_depth": 2.6754567422839033, "n_estimators": 59.484084026722876}, "datetime": {"datetime": "2021-09-24 13:49:54", "elapsed": 80.505858, "delta": 0.639611}}
{"target": 0.40506604287033565, "params": {"eta": 0.2199486889433141, "max_depth": 2.3788279317625993, "n_estimators": 56.25885337207601}, "datetime": {"datetime": "2021-09-24 13:49:55", "elapsed": 81.4148, "delta": 0.908942}}
{"target": 0.41339585221093733, "params": {"eta": 0.21755280713857797, "max_depth": 1.697465451976665, "n_estimators": 13.968475732366326}, "datetime": {"datetime": "2021-09-24 13:49:55", "elapsed": 81.959649, "delta": 0.544849}}
{"target": 0.31672529179045184, "params": {"eta": 0.35681368086171034, "max_depth": 2.596876896830149, "n_estimators": 79.71626250545837}, "datetime": {"datetime": "2021-09-24 13:49:56", "elapsed": 82.714116, "delta": 0.754467}}
{"target": 0.4483392886251175, "params": {"eta": 0.20691468755539202, "max_depth": 1.8163696817941704, "n_estimators": 49.01310832865599}, "datetime": {"datetime": "2021-09-24 13:49:57", "elapsed": 83.56072, "delta": 0.846604}}
{"target": 0.4318673681791938, "params": {"eta": 0.4659807248641566, "max_depth": 1.6816621747980744, "n_estimators": 29.54918695539173}, "datetime": {"datetime": "2021-09-24 13:49:58", "elapsed": 84.255743, "delta": 0.695023}}
{"target": 0.21494027012868366, "params": {"eta": 0.5559198635244406, "max_depth": 3.2254516038529175, "n_estimators": 54.178181059148415}, "datetime": {"datetime": "2021-09-24 13:49:59", "elapsed": 85.270349, "delta": 1.014606}}
{"target": 0.43618590863813245, "params": {"eta": 0.1321309782002324, "max_depth": 2.2877297208834806, "n_estimators": 77.08349503520574}, "datetime": {"datetime": "2021-09-24 13:49:59", "elapsed": 86.007498, "delta": 0.737149}}
{"target": 0.2703051257688128, "params": {"eta": 0.40359831837775273, "max_depth": 3.638409526078419, "n_estimators": 60.52061533173792}, "datetime": {"datetime": "2021-09-24 13:50:00", "elapsed": 86.851493, "delta": 0.843995}}
{"target": 0.3397977732755535, "params": {"eta": 0.5730620632680287, "max_depth": 2.436146679465889, "n_estimators": 27.861563843548605}, "datetime": {"datetime": "2021-09-24 13:50:01", "elapsed": 87.709913, "delta": 0.85842}}
{"target": -2.755964541058217, "params": {"eta": 0.01819206138768524, "max_depth": 3.2378729202719523, "n_estimators": 9.599284842781625}, "datetime": {"datetime": "2021-09-24 13:50:02", "elapsed": 88.399742, "delta": 0.689829}}
{"target": 0.4502174713170177, "params": {"eta": 0.1641785823824247, "max_depth": 1.2961735893081672, "n_estimators": 73.74810953217353}, "datetime": {"datetime": "2021-09-24 13:50:03", "elapsed": 89.587384, "delta": 1.187642}}
{"target": 0.34892823995904, "params": {"eta": 0.18877293728319153, "max_depth": 3.316551569554697, "n_estimators": 68.29678117512691}, "datetime": {"datetime": "2021-09-24 13:50:04", "elapsed": 90.597047, "delta": 1.009663}}
{"target": 0.44526727887620043, "params": {"eta": 0.2099963148200322, "max_depth": 1.9472611837759066, "n_estimators": 36.95066166812186}, "datetime": {"datetime": "2021-09-24 13:50:05", "elapsed": 91.279638, "delta": 0.682591}}
{"target": -0.18730557586731322, "params": {"eta": 0.039457804565972567, "max_depth": 1.2756239235895963, "n_estimators": 25.315766904542244}, "datetime": {"datetime": "2021-09-24 13:50:06", "elapsed": 92.376889, "delta": 1.097251}}
{"target": 0.18698497287497107, "params": {"eta": 0.5202266141340459, "max_depth": 3.017644418337232, "n_estimators": 58.38684476899385}, "datetime": {"datetime": "2021-09-24 13:50:07", "elapsed": 93.383531, "delta": 1.006642}}
{"target": 0.2527502279019018, "params": {"eta": 0.0393949210482766, "max_depth": 1.4554963250310275, "n_estimators": 42.67100412683546}, "datetime": {"datetime": "2021-09-24 13:50:08", "elapsed": 94.264191, "delta": 0.88066}}
{"target": 0.4514309395782682, "params": {"eta": 0.31349597162575027, "max_depth": 1.2027970940165165, "n_estimators": 57.37004132943377}, "datetime": {"datetime": "2021-09-24 13:50:09", "elapsed": 95.286191, "delta": 1.022}}
{"target": 0.32986306364509754, "params": {"eta": 0.2036942440427126, "max_depth": 2.2541545376312087, "n_estimators": 8.043155040863638}, "datetime": {"datetime": "2021-09-24 13:50:09", "elapsed": 96.024829, "delta": 0.738638}}
{"target": 0.4041347354985484, "params": {"eta": 0.08562904105178064, "max_depth": 1.1079576807175076, "n_estimators": 33.81289568166558}, "datetime": {"datetime": "2021-09-24 13:50:10", "elapsed": 97.098267, "delta": 1.073438}}
{"target": 0.28421615917531007, "params": {"eta": 0.09019683994654926, "max_depth": 1.0260086325647322, "n_estimators": 19.06451956688717}, "datetime": {"datetime": "2021-09-24 13:50:11", "elapsed": 97.933331, "delta": 0.835064}}
{"target": 0.40994936046515273, "params": {"eta": 0.04054332344244699, "max_depth": 1.4390718425009181, "n_estimators": 74.10402555597534}, "datetime": {"datetime": "2021-09-24 13:50:13", "elapsed": 99.43366, "delta": 1.500329}}
{"target": 0.4485905015522237, "params": {"eta": 0.3716981556629294, "max_depth": 1.1327889887522273, "n_estimators": 73.87044737145335}, "datetime": {"datetime": "2021-09-24 13:50:14", "elapsed": 101.148062, "delta": 1.714402}}
{"target": 0.35363552717022595, "params": {"eta": 0.5801115841320901, "max_depth": 2.6816397900189632, "n_estimators": 23.814176553353562}, "datetime": {"datetime": "2021-09-24 13:50:15", "elapsed": 101.830282, "delta": 0.68222}}
{"target": 0.41048586892057026, "params": {"eta": 0.4990576788240839, "max_depth": 1.3478042844003384, "n_estimators": 51.741770079595845}, "datetime": {"datetime": "2021-09-24 13:50:16", "elapsed": 102.841874, "delta": 1.011592}}
{"target": 0.44354923989093575, "params": {"eta": 0.14823982805077715, "max_depth": 1.6446968603889593, "n_estimators": 48.23779802323614}, "datetime": {"datetime": "2021-09-24 13:50:17", "elapsed": 103.685945, "delta": 0.844071}}
{"target": 0.39244818859769115, "params": {"eta": 0.5496130999653916, "max_depth": 1.1198656065503592, "n_estimators": 47.579258052127656}, "datetime": {"datetime": "2021-09-24 13:50:18", "elapsed": 104.612168, "delta": 0.926223}}
{"target": 0.2390486125765291, "params": {"eta": 0.5853259938673563, "max_depth": 2.4151967660777, "n_estimators": 70.21584427150515}, "datetime": {"datetime": "2021-09-24 13:50:19", "elapsed": 105.676481, "delta": 1.064313}}
{"target": 0.36925353786992865, "params": {"eta": 0.4683545277777874, "max_depth": 1.7623587223493884, "n_estimators": 4.552855397128846}, "datetime": {"datetime": "2021-09-24 13:50:20", "elapsed": 106.575092, "delta": 0.898611}}
{"target": 0.4441072629311271, "params": {"eta": 0.12956726379341021, "max_depth": 2.5057069769803793, "n_estimators": 63.33466129599578}, "datetime": {"datetime": "2021-09-24 13:50:21", "elapsed": 107.523429, "delta": 0.948337}}
{"target": 0.4155234215912771, "params": {"eta": 0.19417273943543073, "max_depth": 3.4100920053717187, "n_estimators": 16.063308158871664}, "datetime": {"datetime": "2021-09-24 13:50:22", "elapsed": 108.211142, "delta": 0.687713}}
{"target": 0.34707821292113683, "params": {"eta": 0.4442490183573847, "max_depth": 3.932551895472042, "n_estimators": 4.333267103338765}, "datetime": {"datetime": "2021-09-24 13:50:23", "elapsed": 109.222143, "delta": 1.011001}}
{"target": 0.4287858670495275, "params": {"eta": 0.28930906001521284, "max_depth": 2.9925516777189882, "n_estimators": 35.866910948032064}, "datetime": {"datetime": "2021-09-24 13:50:23", "elapsed": 109.998758, "delta": 0.776615}}
{"target": 0.3928925332922042, "params": {"eta": 0.4023199990557835, "max_depth": 2.1904322860070655, "n_estimators": 7.783032955849324}, "datetime": {"datetime": "2021-09-24 13:50:25", "elapsed": 111.508595, "delta": 1.509837}}
{"target": 0.2633190542410958, "params": {"eta": 0.5007466206765544, "max_depth": 2.5600483275615615, "n_estimators": 84.9904735682957}, "datetime": {"datetime": "2021-09-24 13:50:26", "elapsed": 112.298991, "delta": 0.790396}}
{"target": 0.4379683192020256, "params": {"eta": 0.053709620197219296, "max_depth": 3.161294126972152, "n_estimators": 85.86921962301771}, "datetime": {"datetime": "2021-09-24 13:50:26", "elapsed": 113.095992, "delta": 0.797001}}
{"target": 0.41705572336593355, "params": {"eta": 0.4518400448084337, "max_depth": 1.4549519878765929, "n_estimators": 57.64380486019174}, "datetime": {"datetime": "2021-09-24 13:50:28", "elapsed": 114.617334, "delta": 1.521342}}
{"target": 0.3076817517414958, "params": {"eta": 0.37937942769410393, "max_depth": 3.4286358432970943, "n_estimators": 38.52145783472304}, "datetime": {"datetime": "2021-09-24 13:50:29", "elapsed": 115.632401, "delta": 1.015067}}
{"target": 0.4612623659162087, "params": {"eta": 0.36058849793671605, "max_depth": 1.0410000234970336, "n_estimators": 60.84416289182174}, "datetime": {"datetime": "2021-09-24 13:50:30", "elapsed": 116.447867, "delta": 0.815466}}
{"target": 0.44641886503893824, "params": {"eta": 0.27792464236488856, "max_depth": 1.1700065830462527, "n_estimators": 53.382588113153}, "datetime": {"datetime": "2021-09-24 13:50:31", "elapsed": 117.964874, "delta": 1.517007}}
{"target": 0.18854328937116294, "params": {"eta": 0.5214456056497794, "max_depth": 2.0361467267658435, "n_estimators": 2.339121880087141}, "datetime": {"datetime": "2021-09-24 13:50:32", "elapsed": 118.635146, "delta": 0.670272}}
{"target": 0.41563467252267083, "params": {"eta": 0.11923863833109291, "max_depth": 2.2899647995585575, "n_estimators": 96.03439581416383}, "datetime": {"datetime": "2021-09-24 13:50:33", "elapsed": 119.446669, "delta": 0.811523}}
{"target": 0.4522489750038633, "params": {"eta": 0.07864252510313717, "max_depth": 2.976588604007183, "n_estimators": 54.601323802386595}, "datetime": {"datetime": "2021-09-24 13:50:34", "elapsed": 120.455745, "delta": 1.009076}}
{"target": 0.45543701876096243, "params": {"eta": 0.3787004388673106, "max_depth": 1.3858339459337274, "n_estimators": 67.29097975791952}, "datetime": {"datetime": "2021-09-24 13:50:35", "elapsed": 121.317748, "delta": 0.862003}}
{"target": 0.28347976913187634, "params": {"eta": 0.22273439187706676, "max_depth": 1.8480923842151766, "n_estimators": 7.989952227117698}, "datetime": {"datetime": "2021-09-24 13:50:36", "elapsed": 122.816696, "delta": 1.498948}}
{"target": 0.4163279969387913, "params": {"eta": 0.48555152766642035, "max_depth": 1.6017473124452244, "n_estimators": 48.61358686380339}, "datetime": {"datetime": "2021-09-24 13:50:38", "elapsed": 124.530463, "delta": 1.713767}}
{"target": 0.31588872002050483, "params": {"eta": 0.32119064635576733, "max_depth": 3.4916669316230395, "n_estimators": 46.33453543754232}, "datetime": {"datetime": "2021-09-24 13:50:39", "elapsed": 125.534466, "delta": 1.004003}}
{"target": 0.41899701459284155, "params": {"eta": 0.21225113754409075, "max_depth": 2.057944448281592, "n_estimators": 48.58092844818917}, "datetime": {"datetime": "2021-09-24 13:50:40", "elapsed": 127.032328, "delta": 1.497862}}
{"target": 0.39030173801868817, "params": {"eta": 0.6, "max_depth": 1.4244824865757537, "n_estimators": 18.669119966723255}, "datetime": {"datetime": "2021-09-24 13:50:42", "elapsed": 128.745959, "delta": 1.713631}}
{"target": 0.4492198688250819, "params": {"eta": 0.089645041138823, "max_depth": 1.1688273902648723, "n_estimators": 90.3900883418305}, "datetime": {"datetime": "2021-09-24 13:50:43", "elapsed": 129.631792, "delta": 0.885833}}
{"target": 0.3893886568084063, "params": {"eta": 0.05135568209857268, "max_depth": 3.924538029242836, "n_estimators": 41.05410062562917}, "datetime": {"datetime": "2021-09-24 13:50:44", "elapsed": 130.427237, "delta": 0.795445}}
{"target": 0.45047635942494324, "params": {"eta": 0.16337804229589484, "max_depth": 1.6475963527549047, "n_estimators": 61.86196504781476}, "datetime": {"datetime": "2021-09-24 13:50:45", "elapsed": 131.241233, "delta": 0.813996}}
{"target": 0.412646679256388, "params": {"eta": 0.48596912659440766, "max_depth": 2.0952926745068856, "n_estimators": 19.57860599793046}, "datetime": {"datetime": "2021-09-24 13:50:46", "elapsed": 132.267025, "delta": 1.025792}}
{"target": 0.28953586128211406, "params": {"eta": 0.46227978015322047, "max_depth": 3.2676417871110566, "n_estimators": 24.507883243898746}, "datetime": {"datetime": "2021-09-24 13:50:46", "elapsed": 133.182024, "delta": 0.914999}}
{"target": -1.5406101041719191, "params": {"eta": 0.0400423198439374, "max_depth": 1.906045299533921, "n_estimators": 10.983654448481603}, "datetime": {"datetime": "2021-09-24 13:50:47", "elapsed": 134.029029, "delta": 0.847005}}
{"target": 0.3800455867161483, "params": {"eta": 0.3857958716541243, "max_depth": 2.0112726214128793, "n_estimators": 25.075962399188974}, "datetime": {"datetime": "2021-09-24 13:50:48", "elapsed": 134.839929, "delta": 0.8109}}
{"target": 0.4485576133949737, "params": {"eta": 0.27149970989444466, "max_depth": 1.351829877562053, "n_estimators": 61.340641436214504}, "datetime": {"datetime": "2021-09-24 13:50:50", "elapsed": 136.729057, "delta": 1.889128}}
{"target": -0.35198948471085734, "params": {"eta": 0.022966438336950272, "max_depth": 2.6712246173582237, "n_estimators": 37.11159553069973}, "datetime": {"datetime": "2021-09-24 13:50:51", "elapsed": 137.570293, "delta": 0.841236}}
{"target": 0.39350683597617664, "params": {"eta": 0.5586994884269962, "max_depth": 1.5672215780589465, "n_estimators": 57.21588972795299}, "datetime": {"datetime": "2021-09-24 13:50:52", "elapsed": 139.068242, "delta": 1.497949}}
{"target": 0.4451167770676496, "params": {"eta": 0.05444579263365974, "max_depth": 2.2263695831534878, "n_estimators": 61.777615685087234}, "datetime": {"datetime": "2021-09-24 13:50:54", "elapsed": 140.878286, "delta": 1.810044}}
{"target": 0.4108449971940905, "params": {"eta": 0.25981081172706993, "max_depth": 3.3069043512968506, "n_estimators": 16.995152283012338}, "datetime": {"datetime": "2021-09-24 13:50:55", "elapsed": 141.717656, "delta": 0.83937}}
{"target": 0.2756067870271546, "params": {"eta": 0.09786200056736637, "max_depth": 2.9766897918126842, "n_estimators": 16.486290203065323}, "datetime": {"datetime": "2021-09-24 13:50:57", "elapsed": 143.337844, "delta": 1.620188}}
{"target": 0.18525238533733102, "params": {"eta": 0.5247245473783813, "max_depth": 1.4451667641074706, "n_estimators": 2.8166967468213286}, "datetime": {"datetime": "2021-09-24 13:50:58", "elapsed": 144.420894, "delta": 1.08305}}
{"target": 0.40235649342211643, "params": {"eta": 0.22558002046420872, "max_depth": 2.6786905381011312, "n_estimators": 51.206320644754356}, "datetime": {"datetime": "2021-09-24 13:50:59", "elapsed": 145.296892, "delta": 0.875998}}
{"target": 0.4143322837253285, "params": {"eta": 0.3015504302300647, "max_depth": 2.9630893067910384, "n_estimators": 9.728145354561812}, "datetime": {"datetime": "2021-09-24 13:50:59", "elapsed": 146.105896, "delta": 0.809004}}
{"target": 0.3832269499428044, "params": {"eta": 0.4017184508149898, "max_depth": 2.5671514743309825, "n_estimators": 9.67215185944603}, "datetime": {"datetime": "2021-09-24 13:51:01", "elapsed": 148.00331, "delta": 1.897414}}
{"target": 0.43348000678198895, "params": {"eta": 0.1314680700319372, "max_depth": 2.8666633145425995, "n_estimators": 80.57081249285073}, "datetime": {"datetime": "2021-09-24 13:51:03", "elapsed": 149.242884, "delta": 1.239574}}
{"target": -0.6133839575739595, "params": {"eta": 0.01, "max_depth": 1.0324354825829927, "n_estimators": 73.74855998181374}, "datetime": {"datetime": "2021-09-24 13:51:05", "elapsed": 151.689583, "delta": 2.446699}}
{"target": 0.4317178591659787, "params": {"eta": 0.1498787397914937, "max_depth": 3.681681630777981, "n_estimators": 20.608212241914995}, "datetime": {"datetime": "2021-09-24 13:51:06", "elapsed": 152.628103, "delta": 0.93852}}
{"target": 0.3494697370786025, "params": {"eta": 0.02645828368882973, "max_depth": 1.6705586383536466, "n_estimators": 81.54363032444766}, "datetime": {"datetime": "2021-09-24 13:51:07", "elapsed": 153.825258, "delta": 1.197155}}
{"target": 0.451837519184071, "params": {"eta": 0.10934440880271162, "max_depth": 2.1193296856492223, "n_estimators": 46.2531562439778}, "datetime": {"datetime": "2021-09-24 13:51:08", "elapsed": 154.913898, "delta": 1.08864}}
{"target": 0.44816066301581525, "params": {"eta": 0.09684070680085469, "max_depth": 1.2795974634364227, "n_estimators": 86.15897944321189}, "datetime": {"datetime": "2021-09-24 13:51:09", "elapsed": 156.021387, "delta": 1.107489}}
{"target": 0.41462322160333187, "params": {"eta": 0.07907331364157677, "max_depth": 3.3283188207948062, "n_estimators": 77.04601183315201}, "datetime": {"datetime": "2021-09-24 13:51:10", "elapsed": 156.986546, "delta": 0.965159}}
{"target": 0.4484221790128562, "params": {"eta": 0.12125061497038368, "max_depth": 2.9620676610836654, "n_estimators": 55.797169580685676}, "datetime": {"datetime": "2021-09-24 13:51:12", "elapsed": 158.291541, "delta": 1.304995}}
{"target": 0.3921832691436039, "params": {"eta": 0.513822151313538, "max_depth": 2.8321426052742433, "n_estimators": 22.864792896939612}, "datetime": {"datetime": "2021-09-24 13:51:13", "elapsed": 159.551535, "delta": 1.259994}}
{"target": 0.4497598797375679, "params": {"eta": 0.2087166469520158, "max_depth": 1.987081480024461, "n_estimators": 55.075374437104465}, "datetime": {"datetime": "2021-09-24 13:51:14", "elapsed": 160.471106, "delta": 0.919571}}
{"target": 0.44649091261561413, "params": {"eta": 0.146544576375068, "max_depth": 1.9514614518999391, "n_estimators": 68.78544223119746}, "datetime": {"datetime": "2021-09-24 13:51:15", "elapsed": 161.36411, "delta": 0.893004}}
{"target": 0.4398211098145034, "params": {"eta": 0.3039700868112348, "max_depth": 1.309912364685058, "n_estimators": 74.148488848822}, "datetime": {"datetime": "2021-09-24 13:51:17", "elapsed": 163.932494, "delta": 2.568384}}
{"target": 0.3322601619742124, "params": {"eta": 0.11349238841685909, "max_depth": 1.5204858319422556, "n_estimators": 17.707617752485593}, "datetime": {"datetime": "2021-09-24 13:51:18", "elapsed": 164.783302, "delta": 0.850808}}
