{"target": -89.63571953594237, "params": {"eta": 0.03187889060843688, "max_depth": 9.975682859183522, "n_estimators": 16.189901938452387}, "datetime": {"datetime": "2021-09-24 15:19:46", "elapsed": 517.62665, "delta": 2.308195}}
{"target": -64.64185708268245, "params": {"eta": 0.987719903595263, "max_depth": 3.978334567154058, "n_estimators": 75.64004723475162}, "datetime": {"datetime": "2021-09-24 15:19:48", "elapsed": 519.660714, "delta": 2.034064}}
{"target": -44.521657154972395, "params": {"eta": 0.3084277652318723, "max_depth": 1.2218759893831546, "n_estimators": 77.0485871119653}, "datetime": {"datetime": "2021-09-24 15:19:50", "elapsed": 522.093388, "delta": 2.432674}}
{"target": -52.337212096479604, "params": {"eta": 0.6668164264935952, "max_depth": 10.81737764996705, "n_estimators": 18.64664053415145}, "datetime": {"datetime": "2021-09-24 15:19:52", "elapsed": 524.347503, "delta": 2.254115}}
{"target": -56.05240322772722, "params": {"eta": 1.0, "max_depth": 2.2999525082303043, "n_estimators": 77.97065190904601}, "datetime": {"datetime": "2021-09-24 15:19:55", "elapsed": 526.393287, "delta": 2.045784}}
{"target": -46.982211493011704, "params": {"eta": 0.03134631374849483, "max_depth": 6.242396026679222, "n_estimators": 74.71620209420509}, "datetime": {"datetime": "2021-09-24 15:19:57", "elapsed": 528.807821, "delta": 2.414534}}
{"target": -47.817268601037505, "params": {"eta": 0.1815249367457987, "max_depth": 7.351241891753342, "n_estimators": 75.28658559852678}, "datetime": {"datetime": "2021-09-24 15:19:59", "elapsed": 531.228345, "delta": 2.420524}}
{"target": -47.636392378269285, "params": {"eta": 0.15137659489582095, "max_depth": 9.88324635660023, "n_estimators": 85.39791779062938}, "datetime": {"datetime": "2021-09-24 15:20:03", "elapsed": 534.559915, "delta": 3.33157}}
{"target": -55.30029319103499, "params": {"eta": 0.8237380244459926, "max_depth": 5.205835344285513, "n_estimators": 9.457577322032055}, "datetime": {"datetime": "2021-09-24 15:20:05", "elapsed": 536.960784, "delta": 2.400869}}
{"target": -60.26947856128664, "params": {"eta": 0.9207680923032964, "max_depth": 6.17929249189401, "n_estimators": 75.44772669822704}, "datetime": {"datetime": "2021-09-24 15:20:08", "elapsed": 539.393892, "delta": 2.433108}}
{"target": -72.27191828964348, "params": {"eta": 0.0196113579458846, "max_depth": 8.081831194769816, "n_estimators": 40.01738699667602}, "datetime": {"datetime": "2021-09-24 15:20:11", "elapsed": 542.39409, "delta": 3.000198}}
{"target": -51.017569448714866, "params": {"eta": 0.38013495384691615, "max_depth": 4.602249443450663, "n_estimators": 65.63266140586194}, "datetime": {"datetime": "2021-09-24 15:20:13", "elapsed": 545.142508, "delta": 2.748418}}
{"target": -143.60772554856493, "params": {"eta": 0.001, "max_depth": 3.6134333039061706, "n_estimators": 20.481798337372318}, "datetime": {"datetime": "2021-09-24 15:20:16", "elapsed": 547.534528, "delta": 2.39202}}
{"target": -57.48908852455311, "params": {"eta": 0.761317043043977, "max_depth": 3.5447618496044155, "n_estimators": 54.67869554552501}, "datetime": {"datetime": "2021-09-24 15:20:19", "elapsed": 550.980111, "delta": 3.445583}}
{"target": -49.93476014388235, "params": {"eta": 0.9896245989557418, "max_depth": 2.437677495745721, "n_estimators": 19.36220689071039}, "datetime": {"datetime": "2021-09-24 15:20:23", "elapsed": 554.617057, "delta": 3.636946}}
{"target": -46.209780700224684, "params": {"eta": 0.13559525302137895, "max_depth": 3.0750284631343554, "n_estimators": 77.337445093815}, "datetime": {"datetime": "2021-09-24 15:20:26", "elapsed": 558.226618, "delta": 3.609561}}
{"target": -46.150779724121094, "params": {"eta": 0.05037715309326757, "max_depth": 7.091914327172773, "n_estimators": 82.83374277196307}, "datetime": {"datetime": "2021-09-24 15:20:29", "elapsed": 560.815244, "delta": 2.588626}}
{"target": -58.268066033384855, "params": {"eta": 0.04615734084288849, "max_depth": 8.81650896494569, "n_estimators": 26.019697105577926}, "datetime": {"datetime": "2021-09-24 15:20:33", "elapsed": 564.72754, "delta": 3.912296}}
{"target": -97.34588691883518, "params": {"eta": 0.005774824147812047, "max_depth": 5.2189689720873345, "n_estimators": 73.716721480785}, "datetime": {"datetime": "2021-09-24 15:20:36", "elapsed": 568.168426, "delta": 3.440886}}
{"target": -52.622294311236615, "params": {"eta": 1.0, "max_depth": 4.533178211589998, "n_estimators": 25.361546270797223}, "datetime": {"datetime": "2021-09-24 15:20:39", "elapsed": 570.725907, "delta": 2.557481}}
{"target": -135.14601401637373, "params": {"eta": 0.001, "max_depth": 7.585225977750181, "n_estimators": 84.87124878275326}, "datetime": {"datetime": "2021-09-24 15:20:42", "elapsed": 573.434225, "delta": 2.708318}}
{"target": -59.61661280366711, "params": {"eta": 0.9253328993984238, "max_depth": 19.648871707544558, "n_estimators": 60.87994447120018}, "datetime": {"datetime": "2021-09-24 15:20:43", "elapsed": 575.034831, "delta": 1.600606}}
{"target": -47.17766826314137, "params": {"eta": 0.20108756338301695, "max_depth": 18.25979999804798, "n_estimators": 29.5516500609376}, "datetime": {"datetime": "2021-09-24 15:20:45", "elapsed": 576.981326, "delta": 1.946495}}
{"target": -48.94820966218647, "params": {"eta": 0.4299598624148622, "max_depth": 19.718361596881905, "n_estimators": 90.5229332459189}, "datetime": {"datetime": "2021-09-24 15:20:47", "elapsed": 578.68814, "delta": 1.706814}}
{"target": -48.819883246170846, "params": {"eta": 0.22071025501207886, "max_depth": 5.0773008248700275, "n_estimators": 38.80262981354232}, "datetime": {"datetime": "2021-09-24 15:20:50", "elapsed": 581.51133, "delta": 2.82319}}
{"target": -46.247721248999575, "params": {"eta": 0.3995604206696179, "max_depth": 19.039224718650626, "n_estimators": 28.712293612439556}, "datetime": {"datetime": "2021-09-24 15:20:54", "elapsed": 585.464954, "delta": 3.953624}}
{"target": -50.47727702434798, "params": {"eta": 0.4574884585451293, "max_depth": 17.950514127929587, "n_estimators": 28.487115334546917}, "datetime": {"datetime": "2021-09-24 15:20:56", "elapsed": 588.074488, "delta": 2.609534}}
{"target": -46.84457036068565, "params": {"eta": 0.05924608067748765, "max_depth": 12.054304520768111, "n_estimators": 42.99627018909863}, "datetime": {"datetime": "2021-09-24 15:20:58", "elapsed": 589.910293, "delta": 1.835805}}
{"target": -45.35620845708632, "params": {"eta": 0.3450521812898782, "max_depth": 9.926367938382672, "n_estimators": 25.338318149314212}, "datetime": {"datetime": "2021-09-24 15:21:00", "elapsed": 591.552321, "delta": 1.642028}}
{"target": -60.4142584652829, "params": {"eta": 0.9428565491316871, "max_depth": 2.164389204080681, "n_estimators": 73.09958861664333}, "datetime": {"datetime": "2021-09-24 15:21:03", "elapsed": 595.328429, "delta": 3.776108}}
{"target": -50.98489765654829, "params": {"eta": 0.9761335487369246, "max_depth": 2.8351222507223843, "n_estimators": 22.11775458314565}, "datetime": {"datetime": "2021-09-24 15:21:07", "elapsed": 598.710329, "delta": 3.3819}}
{"target": -49.302145219386965, "params": {"eta": 0.13712644992590184, "max_depth": 5.0958079709527295, "n_estimators": 54.99748310979865}, "datetime": {"datetime": "2021-09-24 15:21:10", "elapsed": 601.452307, "delta": 2.741978}}
{"target": -50.06144803269465, "params": {"eta": 0.6064418779073966, "max_depth": 7.352666149166411, "n_estimators": 74.18264364764576}, "datetime": {"datetime": "2021-09-24 15:21:13", "elapsed": 604.956637, "delta": 3.50433}}
{"target": -143.18492751193224, "params": {"eta": 0.001, "max_depth": 9.735648942851967, "n_estimators": 24.358828860528014}, "datetime": {"datetime": "2021-09-24 15:21:16", "elapsed": 608.172254, "delta": 3.215617}}
{"target": -49.48172037225021, "params": {"eta": 0.9959047328816488, "max_depth": 1.099567766691938, "n_estimators": 75.19725055136571}, "datetime": {"datetime": "2021-09-24 15:21:20", "elapsed": 611.948747, "delta": 3.776493}}
{"target": -119.54422700853276, "params": {"eta": 0.0026853317747441824, "max_depth": 11.651670158510605, "n_estimators": 78.4429229703595}, "datetime": {"datetime": "2021-09-24 15:21:24", "elapsed": 615.860561, "delta": 3.911814}}
{"target": -45.43125118169569, "params": {"eta": 0.9874853082462416, "max_depth": 1.0036208016579424, "n_estimators": 13.814684516264114}, "datetime": {"datetime": "2021-09-24 15:21:27", "elapsed": 618.690848, "delta": 2.830287}}
{"target": -51.77152713976408, "params": {"eta": 0.48984956648384687, "max_depth": 21.83093067575646, "n_estimators": 78.5407339996827}, "datetime": {"datetime": "2021-09-24 15:21:30", "elapsed": 621.380582, "delta": 2.689734}}
{"target": -62.17123923086582, "params": {"eta": 0.9999273953662122, "max_depth": 3.289607824823638, "n_estimators": 66.0111401418441}, "datetime": {"datetime": "2021-09-24 15:21:33", "elapsed": 625.3068, "delta": 3.926218}}
{"target": -57.10499046888567, "params": {"eta": 0.8710576932612408, "max_depth": 2.203677053857085, "n_estimators": 70.95980826723103}, "datetime": {"datetime": "2021-09-24 15:21:37", "elapsed": 628.733942, "delta": 3.427142}}
{"target": -46.68879682497871, "params": {"eta": 0.16937199796098065, "max_depth": 10.924604451883297, "n_estimators": 60.32872873384644}, "datetime": {"datetime": "2021-09-24 15:21:39", "elapsed": 630.45416, "delta": 1.720218}}
{"target": -57.828473679105144, "params": {"eta": 0.9401955088183817, "max_depth": 11.99421812437614, "n_estimators": 79.69901359854761}, "datetime": {"datetime": "2021-09-24 15:21:42", "elapsed": 633.476648, "delta": 3.022488}}
{"target": -50.65827405542359, "params": {"eta": 0.4641213756563274, "max_depth": 9.612613190865146, "n_estimators": 77.4758656423912}, "datetime": {"datetime": "2021-09-24 15:21:45", "elapsed": 637.272041, "delta": 3.795393}}
{"target": -45.117320870994625, "params": {"eta": 0.032741357265075335, "max_depth": 2.1579535026952366, "n_estimators": 76.10495700817089}, "datetime": {"datetime": "2021-09-24 15:21:48", "elapsed": 639.824871, "delta": 2.55283}}
{"target": -49.883103019312806, "params": {"eta": 0.7678845157805068, "max_depth": 7.8340153097511, "n_estimators": 4.079746336350571}, "datetime": {"datetime": "2021-09-24 15:21:49", "elapsed": 641.161623, "delta": 1.336752}}
{"target": -49.46406707190033, "params": {"eta": 0.42688442542204086, "max_depth": 20.06755718057938, "n_estimators": 16.727924762493437}, "datetime": {"datetime": "2021-09-24 15:21:51", "elapsed": 642.671056, "delta": 1.509433}}
{"target": -62.52221601260336, "params": {"eta": 1.0, "max_depth": 10.033669358590698, "n_estimators": 78.47967436523228}, "datetime": {"datetime": "2021-09-24 15:21:53", "elapsed": 645.122559, "delta": 2.451503}}
{"target": -46.04921432724573, "params": {"eta": 0.9299399177207603, "max_depth": 1.8938958174637648, "n_estimators": 21.47991736126285}, "datetime": {"datetime": "2021-09-24 15:21:57", "elapsed": 648.476051, "delta": 3.353492}}
{"target": -46.34271352093919, "params": {"eta": 0.5801852017633492, "max_depth": 2.0417553533599935, "n_estimators": 14.73720852228257}, "datetime": {"datetime": "2021-09-24 15:22:00", "elapsed": 651.464621, "delta": 2.98857}}
{"target": -59.04878141646995, "params": {"eta": 0.9425101720940336, "max_depth": 12.622676354438017, "n_estimators": 76.54967582377066}, "datetime": {"datetime": "2021-09-24 15:22:03", "elapsed": 655.067007, "delta": 3.602386}}
{"target": -49.021728142759855, "params": {"eta": 1.0, "max_depth": 1.0, "n_estimators": 67.73765446196936}, "datetime": {"datetime": "2021-09-24 15:22:07", "elapsed": 658.422891, "delta": 3.355884}}
{"target": -142.907358052139, "params": {"eta": 0.001, "max_depth": 9.912586074267187, "n_estimators": 26.113456974263322}, "datetime": {"datetime": "2021-09-24 15:22:10", "elapsed": 661.671485, "delta": 3.248594}}
{"target": -53.02428916701697, "params": {"eta": 0.8199519629776312, "max_depth": 6.619975953942502, "n_estimators": 83.37908895924372}, "datetime": {"datetime": "2021-09-24 15:22:13", "elapsed": 665.168355, "delta": 3.49687}}
{"target": -53.45626888418556, "params": {"eta": 0.9826039054115733, "max_depth": 2.272241226264442, "n_estimators": 75.51240024767961}, "datetime": {"datetime": "2021-09-24 15:22:16", "elapsed": 668.363176, "delta": 3.194821}}
{"target": -63.44247329683232, "params": {"eta": 0.9879225413321752, "max_depth": 22.147073858233306, "n_estimators": 43.36900793602542}, "datetime": {"datetime": "2021-09-24 15:22:18", "elapsed": 669.923955, "delta": 1.560779}}
{"target": -43.81379412887688, "params": {"eta": 0.06913110160006619, "max_depth": 2.9644978668094346, "n_estimators": 74.339812480982}, "datetime": {"datetime": "2021-09-24 15:22:21", "elapsed": 673.311244, "delta": 3.387289}}
{"target": -44.69388304975696, "params": {"eta": 0.4825213697926707, "max_depth": 1.8725109563769502, "n_estimators": 24.115790505930015}, "datetime": {"datetime": "2021-09-24 15:22:23", "elapsed": 674.931731, "delta": 1.620487}}
{"target": -53.02924232196091, "params": {"eta": 0.888606379973082, "max_depth": 4.593313931038743, "n_estimators": 7.056887020127466}, "datetime": {"datetime": "2021-09-24 15:22:26", "elapsed": 678.267442, "delta": 3.335711}}
{"target": -45.12883666762732, "params": {"eta": 0.49582609933099836, "max_depth": 1.0245649074826506, "n_estimators": 11.4165632827823}, "datetime": {"datetime": "2021-09-24 15:22:30", "elapsed": 681.449857, "delta": 3.182415}}
{"target": -52.189752105483436, "params": {"eta": 0.6788103723314484, "max_depth": 13.230533243326134, "n_estimators": 80.92604477531722}, "datetime": {"datetime": "2021-09-24 15:22:32", "elapsed": 683.75344, "delta": 2.303583}}
{"target": -53.557275585662154, "params": {"eta": 0.8631926092972444, "max_depth": 15.044316999928693, "n_estimators": 21.832681343110377}, "datetime": {"datetime": "2021-09-24 15:22:34", "elapsed": 685.775199, "delta": 2.021759}}
{"target": -45.208524230727576, "params": {"eta": 0.04626617141851953, "max_depth": 20.659140968509647, "n_estimators": 75.30225943653667}, "datetime": {"datetime": "2021-09-24 15:22:38", "elapsed": 689.414444, "delta": 3.639245}}
{"target": -48.27347105786316, "params": {"eta": 0.965707672282258, "max_depth": 1.018704911003649, "n_estimators": 76.39168425199865}, "datetime": {"datetime": "2021-09-24 15:22:42", "elapsed": 693.415488, "delta": 4.001044}}
{"target": -44.49694520190246, "params": {"eta": 0.06949726118352148, "max_depth": 1.9258128703641166, "n_estimators": 78.92121367505378}, "datetime": {"datetime": "2021-09-24 15:22:45", "elapsed": 696.815512, "delta": 3.400024}}
{"target": -46.93788157011333, "params": {"eta": 0.7392941760907017, "max_depth": 1.0094518648713606, "n_estimators": 66.06913811302532}, "datetime": {"datetime": "2021-09-24 15:22:48", "elapsed": 699.79265, "delta": 2.977138}}
{"target": -80.85425313791835, "params": {"eta": 0.07968587760927483, "max_depth": 10.213706860516295, "n_estimators": 8.80723110577768}, "datetime": {"datetime": "2021-09-24 15:22:49", "elapsed": 701.344391, "delta": 1.551741}}
{"target": -144.82702403588402, "params": {"eta": 0.001, "max_depth": 4.934100459146006, "n_estimators": 12.606821422301653}, "datetime": {"datetime": "2021-09-24 15:22:52", "elapsed": 703.88123, "delta": 2.536839}}
{"target": -56.748873868382965, "params": {"eta": 0.9772934796198312, "max_depth": 9.949715617151917, "n_estimators": 94.31049232728427}, "datetime": {"datetime": "2021-09-24 15:22:54", "elapsed": 705.553089, "delta": 1.671859}}
{"target": -43.63101640859045, "params": {"eta": 0.24700720262580475, "max_depth": 4.552164057798957, "n_estimators": 11.046069597052934}, "datetime": {"datetime": "2021-09-24 15:22:58", "elapsed": 709.734828, "delta": 4.181739}}
{"target": -55.78092917822357, "params": {"eta": 0.9781286103310644, "max_depth": 11.901020775018564, "n_estimators": 19.103671190623235}, "datetime": {"datetime": "2021-09-24 15:23:01", "elapsed": 712.453696, "delta": 2.718868}}
{"target": -50.39023125440554, "params": {"eta": 0.03358585676946269, "max_depth": 1.1641461480677764, "n_estimators": 49.65447171673062}, "datetime": {"datetime": "2021-09-24 15:23:04", "elapsed": 716.332251, "delta": 3.878555}}
{"target": -52.060231258994655, "params": {"eta": 0.5894739302005189, "max_depth": 7.402291063227934, "n_estimators": 76.21495048112769}, "datetime": {"datetime": "2021-09-24 15:23:08", "elapsed": 720.057784, "delta": 3.725533}}
{"target": -57.56067931383176, "params": {"eta": 0.9512089528120833, "max_depth": 19.94201833906805, "n_estimators": 75.65618735912732}, "datetime": {"datetime": "2021-09-24 15:23:12", "elapsed": 723.508734, "delta": 3.45095}}
{"target": -45.88167382720718, "params": {"eta": 0.21171116900247616, "max_depth": 4.950505482010824, "n_estimators": 19.245123688951704}, "datetime": {"datetime": "2021-09-24 15:23:13", "elapsed": 724.982917, "delta": 1.474183}}
{"target": -54.83994582900427, "params": {"eta": 0.6579441680030507, "max_depth": 10.440098774632727, "n_estimators": 47.2763324741953}, "datetime": {"datetime": "2021-09-24 15:23:15", "elapsed": 726.788316, "delta": 1.805399}}
{"target": -47.41969534508268, "params": {"eta": 0.3870994473281983, "max_depth": 14.526110983928394, "n_estimators": 76.93413866805992}, "datetime": {"datetime": "2021-09-24 15:23:19", "elapsed": 730.7277, "delta": 3.939384}}
{"target": -141.50678895649156, "params": {"eta": 0.001, "max_depth": 2.78502151433988, "n_estimators": 34.09296759122341}, "datetime": {"datetime": "2021-09-24 15:23:22", "elapsed": 733.856411, "delta": 3.128711}}
{"target": -46.0253069884795, "params": {"eta": 0.6421475274988518, "max_depth": 1.7097386410855657, "n_estimators": 33.00930586815446}, "datetime": {"datetime": "2021-09-24 15:23:25", "elapsed": 736.833249, "delta": 2.976838}}
{"target": -48.364148763785686, "params": {"eta": 0.441599162367808, "max_depth": 20.78172417372989, "n_estimators": 39.6187827815279}, "datetime": {"datetime": "2021-09-24 15:23:27", "elapsed": 738.751331, "delta": 1.918082}}
{"target": -52.90075743825812, "params": {"eta": 0.11253465299599884, "max_depth": 3.3471632026460254, "n_estimators": 11.542902502220269}, "datetime": {"datetime": "2021-09-24 15:23:31", "elapsed": 742.432391, "delta": 3.68106}}
{"target": -135.55662088465868, "params": {"eta": 0.001, "max_depth": 2.0908629051581995, "n_estimators": 76.99005244669817}, "datetime": {"datetime": "2021-09-24 15:23:34", "elapsed": 745.382115, "delta": 2.949724}}
{"target": -53.059561535828095, "params": {"eta": 0.645725451494503, "max_depth": 22.50076390079687, "n_estimators": 25.434544138717992}, "datetime": {"datetime": "2021-09-24 15:23:35", "elapsed": 747.198032, "delta": 1.815917}}
{"target": -47.933382536235605, "params": {"eta": 0.02755892190307611, "max_depth": 1.3723729085455858, "n_estimators": 78.3293824650958}, "datetime": {"datetime": "2021-09-24 15:23:39", "elapsed": 751.363542, "delta": 4.16551}}
{"target": -47.74328527235447, "params": {"eta": 0.3778202692218903, "max_depth": 8.934312113667948, "n_estimators": 83.48847692745635}, "datetime": {"datetime": "2021-09-24 15:23:42", "elapsed": 753.426875, "delta": 2.063333}}
{"target": -46.6704917850351, "params": {"eta": 0.08154149281422357, "max_depth": 1.0332879530205483, "n_estimators": 32.7354094802352}, "datetime": {"datetime": "2021-09-24 15:23:44", "elapsed": 756.082899, "delta": 2.656024}}
{"target": -50.972730306754436, "params": {"eta": 0.7039839249944505, "max_depth": 8.469544867482202, "n_estimators": 83.72732301042967}, "datetime": {"datetime": "2021-09-24 15:23:48", "elapsed": 760.291132, "delta": 4.208233}}
{"target": -45.061558257368276, "params": {"eta": 0.5394317013529117, "max_depth": 1.5214646399688134, "n_estimators": 33.759475393827}, "datetime": {"datetime": "2021-09-24 15:23:53", "elapsed": 765.005521, "delta": 4.714389}}
{"target": -56.4890714946546, "params": {"eta": 0.946775275633779, "max_depth": 9.257488539295334, "n_estimators": 83.76630476726842}, "datetime": {"datetime": "2021-09-24 15:23:56", "elapsed": 768.158026, "delta": 3.152505}}
{"target": -46.69789355858824, "params": {"eta": 0.16456583084618312, "max_depth": 3.4415660739748217, "n_estimators": 60.2578400804627}, "datetime": {"datetime": "2021-09-24 15:23:58", "elapsed": 770.054393, "delta": 1.896367}}
{"target": -43.231787832159746, "params": {"eta": 0.336038434381315, "max_depth": 1.3053585953593183, "n_estimators": 32.18448572037384}, "datetime": {"datetime": "2021-09-24 15:24:02", "elapsed": 774.130311, "delta": 4.075918}}
{"target": -51.42713447083208, "params": {"eta": 0.6006990654543183, "max_depth": 2.8579300201496833, "n_estimators": 66.86524171361248}, "datetime": {"datetime": "2021-09-24 15:24:06", "elapsed": 778.076024, "delta": 3.945713}}
{"target": -45.384151659513776, "params": {"eta": 0.5079283315292594, "max_depth": 1.2527523494305486, "n_estimators": 50.43916795333485}, "datetime": {"datetime": "2021-09-24 15:24:11", "elapsed": 782.384957, "delta": 4.308933}}
{"target": -49.068255431669996, "params": {"eta": 0.416268720286598, "max_depth": 11.072965296392365, "n_estimators": 56.161954618485765}, "datetime": {"datetime": "2021-09-24 15:24:13", "elapsed": 784.368625, "delta": 1.983668}}
{"target": -44.71313915396095, "params": {"eta": 0.8402863633437926, "max_depth": 1.9756620209963165, "n_estimators": 24.801895977175363}, "datetime": {"datetime": "2021-09-24 15:24:18", "elapsed": 789.631119, "delta": 5.262494}}
{"target": -46.186039831405296, "params": {"eta": 0.6483553792063048, "max_depth": 1.0078182278975705, "n_estimators": 32.758519631487445}, "datetime": {"datetime": "2021-09-24 15:24:21", "elapsed": 793.317524, "delta": 3.686405}}
{"target": -45.9779506052347, "params": {"eta": 0.5455207762609421, "max_depth": 1.6225311278618628, "n_estimators": 74.02157104746684}, "datetime": {"datetime": "2021-09-24 15:24:28", "elapsed": 800.159029, "delta": 6.841505}}
