{"target": 0.32183259690826393, "params": {"eta": 0.976939277933792, "max_depth": 2.135767019987343, "n_estimators": 3.71398234437267}, "datetime": {"datetime": "2021-09-24 13:01:35", "elapsed": 165.07497, "delta": 0.839326}}
{"target": 0.4126132044111669, "params": {"eta": 0.6, "max_depth": 1.0, "n_estimators": 35.15064329788211}, "datetime": {"datetime": "2021-09-24 13:01:36", "elapsed": 165.991795, "delta": 0.916825}}
{"target": 0.3900197245452163, "params": {"eta": 0.6, "max_depth": 1.0, "n_estimators": 44.82058605333714}, "datetime": {"datetime": "2021-09-24 13:01:37", "elapsed": 167.017305, "delta": 1.02551}}
{"target": 0.40335924180166094, "params": {"eta": 0.6087734921339467, "max_depth": 1.626606346089131, "n_estimators": 36.16663977151958}, "datetime": {"datetime": "2021-09-24 13:01:38", "elapsed": 167.878221, "delta": 0.860916}}
{"target": 0.3096685491060648, "params": {"eta": 0.6, "max_depth": 2.176216545219744, "n_estimators": 37.14356560426625}, "datetime": {"datetime": "2021-09-24 13:01:39", "elapsed": 168.987668, "delta": 1.109447}}
{"target": 0.4095034899066954, "params": {"eta": 0.6, "max_depth": 1.2289792651882256, "n_estimators": 25.947017268940233}, "datetime": {"datetime": "2021-09-24 13:01:40", "elapsed": 169.849014, "delta": 0.861346}}
{"target": 0.40197743829630295, "params": {"eta": 0.6, "max_depth": 1.3389895588301013, "n_estimators": 31.815555995646722}, "datetime": {"datetime": "2021-09-24 13:01:41", "elapsed": 171.086908, "delta": 1.237894}}
{"target": 0.3910543769135747, "params": {"eta": 1.0, "max_depth": 1.2699897997819878, "n_estimators": 9.232095932952888}, "datetime": {"datetime": "2021-09-24 13:01:42", "elapsed": 171.924744, "delta": 0.837836}}
{"target": 0.42143168506162254, "params": {"eta": 0.9832331705062274, "max_depth": 1.6689529947008115, "n_estimators": 5.308890067982089}, "datetime": {"datetime": "2021-09-24 13:01:43", "elapsed": 172.952116, "delta": 1.027372}}
{"target": 0.3276325510549958, "params": {"eta": 1.0, "max_depth": 1.0, "n_estimators": 37.70196848559733}, "datetime": {"datetime": "2021-09-24 13:01:44", "elapsed": 173.969771, "delta": 1.017655}}
{"target": 0.39901655224355204, "params": {"eta": 0.6, "max_depth": 1.0, "n_estimators": 38.73826611060729}, "datetime": {"datetime": "2021-09-24 13:01:45", "elapsed": 174.871864, "delta": 0.902093}}
{"target": 0.3997902573436638, "params": {"eta": 0.600775992357144, "max_depth": 1.415382193058475, "n_estimators": 12.12826675892167}, "datetime": {"datetime": "2021-09-24 13:01:46", "elapsed": 176.029729, "delta": 1.157865}}
{"target": 0.35144835197004853, "params": {"eta": 0.6, "max_depth": 2.0473473592933447, "n_estimators": 25.59672472164841}, "datetime": {"datetime": "2021-09-24 13:01:47", "elapsed": 177.10064, "delta": 1.070911}}
{"target": 0.40421694714119505, "params": {"eta": 0.6, "max_depth": 1.85110898084984, "n_estimators": 34.48239008249178}, "datetime": {"datetime": "2021-09-24 13:01:48", "elapsed": 177.975923, "delta": 0.875283}}
{"target": 0.3984710299597186, "params": {"eta": 1.0, "max_depth": 1.4286555060061135, "n_estimators": 13.290323565899632}, "datetime": {"datetime": "2021-09-24 13:01:49", "elapsed": 178.857573, "delta": 0.88165}}
{"target": 0.39453602676157595, "params": {"eta": 0.6, "max_depth": 1.3594125342257755, "n_estimators": 43.34578940692123}, "datetime": {"datetime": "2021-09-24 13:01:50", "elapsed": 180.007707, "delta": 1.150134}}
{"target": 0.4067183884713075, "params": {"eta": 0.6, "max_depth": 1.347329001202909, "n_estimators": 37.416339679751346}, "datetime": {"datetime": "2021-09-24 13:01:51", "elapsed": 181.229815, "delta": 1.222108}}
{"target": 0.4045260423597691, "params": {"eta": 0.6104781602441617, "max_depth": 1.3968037262100896, "n_estimators": 38.67531562740242}, "datetime": {"datetime": "2021-09-24 13:01:52", "elapsed": 182.328577, "delta": 1.098762}}
{"target": 0.4053131192779559, "params": {"eta": 0.602937062105643, "max_depth": 1.5791236891636133, "n_estimators": 39.13948256649739}, "datetime": {"datetime": "2021-09-24 13:01:53", "elapsed": 183.291979, "delta": 0.963402}}
{"target": 0.402298764230835, "params": {"eta": 0.817691405906462, "max_depth": 1.335002729400937, "n_estimators": 8.470033028908594}, "datetime": {"datetime": "2021-09-24 13:01:54", "elapsed": 184.535225, "delta": 1.243246}}
{"target": 0.40632016947787364, "params": {"eta": 0.6, "max_depth": 1.0, "n_estimators": 36.794733295828955}, "datetime": {"datetime": "2021-09-24 13:01:55", "elapsed": 185.746534, "delta": 1.211309}}
{"target": 0.4068634798278995, "params": {"eta": 0.6, "max_depth": 1.0, "n_estimators": 30.571317506822755}, "datetime": {"datetime": "2021-09-24 13:01:57", "elapsed": 186.846876, "delta": 1.100342}}
{"target": 0.38921634829005725, "params": {"eta": 0.6, "max_depth": 1.0, "n_estimators": 16.246341060343873}, "datetime": {"datetime": "2021-09-24 13:01:58", "elapsed": 187.798104, "delta": 0.951228}}
{"target": 0.4223593617343483, "params": {"eta": 0.9999568273907369, "max_depth": 1.6416822126032502, "n_estimators": 5.840049121536243}, "datetime": {"datetime": "2021-09-24 13:01:59", "elapsed": 188.92644, "delta": 1.128336}}
{"target": 0.3805946601281578, "params": {"eta": 1.0, "max_depth": 1.0, "n_estimators": 17.228815087609092}, "datetime": {"datetime": "2021-09-24 13:02:00", "elapsed": 190.073941, "delta": 1.147501}}
{"target": 0.3944363295376877, "params": {"eta": 0.6, "max_depth": 1.291185463152516, "n_estimators": 39.14177352745835}, "datetime": {"datetime": "2021-09-24 13:02:01", "elapsed": 191.467262, "delta": 1.393321}}
{"target": 0.403094682917444, "params": {"eta": 0.6223462497067099, "max_depth": 1.8674513253992493, "n_estimators": 8.021061331825965}, "datetime": {"datetime": "2021-09-24 13:02:03", "elapsed": 192.882279, "delta": 1.415017}}
{"target": 0.40231597006501285, "params": {"eta": 0.6104169004263795, "max_depth": 1.0016760785148051, "n_estimators": 36.22379430218129}, "datetime": {"datetime": "2021-09-24 13:02:04", "elapsed": 194.284333, "delta": 1.402054}}
{"target": 0.4220724946985088, "params": {"eta": 0.9948581274756805, "max_depth": 1.2263890955239136, "n_estimators": 5.1701565551138735}, "datetime": {"datetime": "2021-09-24 13:02:05", "elapsed": 195.22315, "delta": 0.938817}}
{"target": 0.41225730695212914, "params": {"eta": 0.8601335893827217, "max_depth": 1.005988230649457, "n_estimators": 9.851290623112714}, "datetime": {"datetime": "2021-09-24 13:02:06", "elapsed": 196.307536, "delta": 1.084386}}
{"target": 0.42236180469702955, "params": {"eta": 1.0, "max_depth": 1.2730126625214861, "n_estimators": 5.94309317280707}, "datetime": {"datetime": "2021-09-24 13:02:07", "elapsed": 197.743426, "delta": 1.43589}}
{"target": 0.3902931692525127, "params": {"eta": 0.6206469617181436, "max_depth": 1.1230366274189352, "n_estimators": 10.99789861378239}, "datetime": {"datetime": "2021-09-24 13:02:08", "elapsed": 198.72831, "delta": 0.984884}}
{"target": 0.39901655224355204, "params": {"eta": 0.6, "max_depth": 1.6057763170580146, "n_estimators": 38.23315205523305}, "datetime": {"datetime": "2021-09-24 13:02:10", "elapsed": 199.888826, "delta": 1.160516}}
{"target": 0.3830355242209319, "params": {"eta": 0.6319620213237361, "max_depth": 1.2844231549291882, "n_estimators": 6.792198513734676}, "datetime": {"datetime": "2021-09-24 13:02:11", "elapsed": 201.056647, "delta": 1.167821}}
{"target": 0.38478584296760954, "params": {"eta": 0.6041650460332371, "max_depth": 2.2241092561032794, "n_estimators": 6.647313973806757}, "datetime": {"datetime": "2021-09-24 13:02:12", "elapsed": 202.037054, "delta": 0.980407}}
{"target": 0.3844995469908339, "params": {"eta": 0.6126727721573783, "max_depth": 1.7882059963657155, "n_estimators": 6.504273509368115}, "datetime": {"datetime": "2021-09-24 13:02:13", "elapsed": 203.525406, "delta": 1.488352}}
{"target": 0.3996556788681954, "params": {"eta": 0.6, "max_depth": 1.871065052342426, "n_estimators": 7.058645565197831}, "datetime": {"datetime": "2021-09-24 13:02:14", "elapsed": 204.602729, "delta": 1.077323}}
{"target": 0.41179257123006596, "params": {"eta": 0.6015906966795337, "max_depth": 1.023096077269903, "n_estimators": 6.0479436092965395}, "datetime": {"datetime": "2021-09-24 13:02:15", "elapsed": 205.725965, "delta": 1.123236}}
{"target": 0.3962676958371181, "params": {"eta": 0.6091091055731737, "max_depth": 1.4620646075199568, "n_estimators": 44.661754848744124}, "datetime": {"datetime": "2021-09-24 13:02:17", "elapsed": 207.076071, "delta": 1.350106}}
{"target": 0.4120095456501258, "params": {"eta": 1.0, "max_depth": 1.0, "n_estimators": 14.541003185457615}, "datetime": {"datetime": "2021-09-24 13:02:18", "elapsed": 208.323977, "delta": 1.247906}}
{"target": 0.388134047766552, "params": {"eta": 0.6, "max_depth": 1.439367406987881, "n_estimators": 45.90906807840155}, "datetime": {"datetime": "2021-09-24 13:02:19", "elapsed": 209.40459, "delta": 1.080613}}
{"target": 0.3935126061696492, "params": {"eta": 0.6070553569450297, "max_depth": 1.4885105452168599, "n_estimators": 45.30823338678417}, "datetime": {"datetime": "2021-09-24 13:02:20", "elapsed": 210.481515, "delta": 1.076925}}
{"target": 0.39265484725967703, "params": {"eta": 0.9453667651348184, "max_depth": 1.0494175271097106, "n_estimators": 11.74727335855322}, "datetime": {"datetime": "2021-09-24 13:02:21", "elapsed": 211.709159, "delta": 1.227644}}
{"target": 0.3950678167840904, "params": {"eta": 0.6, "max_depth": 1.7603037363648502, "n_estimators": 11.61838703742467}, "datetime": {"datetime": "2021-09-24 13:02:23", "elapsed": 212.897116, "delta": 1.187957}}
{"target": 0.40812162842364164, "params": {"eta": 0.6, "max_depth": 1.2841672044879995, "n_estimators": 24.164821467329013}, "datetime": {"datetime": "2021-09-24 13:02:24", "elapsed": 214.026083, "delta": 1.128967}}
{"target": 0.3490653666491017, "params": {"eta": 0.9922128986900438, "max_depth": 1.011661114823964, "n_estimators": 26.382017405967776}, "datetime": {"datetime": "2021-09-24 13:02:26", "elapsed": 215.844371, "delta": 1.818288}}
{"target": 0.39644892012613897, "params": {"eta": 0.6105129066952655, "max_depth": 1.2904554701363606, "n_estimators": 33.674849894238655}, "datetime": {"datetime": "2021-09-24 13:02:27", "elapsed": 217.279751, "delta": 1.43538}}
{"target": 0.4011480796628153, "params": {"eta": 0.6, "max_depth": 1.0, "n_estimators": 4.5685932450411775}, "datetime": {"datetime": "2021-09-24 13:02:28", "elapsed": 218.430836, "delta": 1.151085}}
{"target": 0.4068634798278995, "params": {"eta": 0.6, "max_depth": 1.3484468171500519, "n_estimators": 30.212421175268226}, "datetime": {"datetime": "2021-09-24 13:02:29", "elapsed": 219.559622, "delta": 1.128786}}
{"target": 0.3944363295376877, "params": {"eta": 0.6, "max_depth": 1.7885083353130529, "n_estimators": 39.59018025663786}, "datetime": {"datetime": "2021-09-24 13:02:30", "elapsed": 220.675496, "delta": 1.115874}}
{"target": 0.3831702731869372, "params": {"eta": 0.6303551223871733, "max_depth": 1.1524708760025386, "n_estimators": 6.276862213459042}, "datetime": {"datetime": "2021-09-24 13:02:32", "elapsed": 221.863068, "delta": 1.187572}}
{"target": 0.42766659517579, "params": {"eta": 0.2780162439322438, "max_depth": 2.430378732744839, "n_estimators": 30.53540542751055}, "datetime": {"datetime": "2021-09-24 13:14:02", "elapsed": 0.0, "delta": 0.0}}
{"target": 0.44550728275285767, "params": {"eta": 0.27608252603447325, "max_depth": 1.8473095986778094, "n_estimators": 32.64881154026615}, "datetime": {"datetime": "2021-09-24 13:14:02", "elapsed": 0.049998, "delta": 0.049998}}
{"target": 0.4291743469942383, "params": {"eta": 0.2232929079412447, "max_depth": 2.7835460015641598, "n_estimators": 48.21947526455043}, "datetime": {"datetime": "2021-09-24 13:14:02", "elapsed": 0.143001, "delta": 0.093003}}
{"target": 0.45755382038872516, "params": {"eta": 0.19665322726228263, "max_depth": 2.583450076165329, "n_estimators": 26.91585106789232}, "datetime": {"datetime": "2021-09-24 13:14:02", "elapsed": 0.206002, "delta": 0.063001}}
{"target": 0.38400245176477443, "params": {"eta": 0.33723103577242913, "max_depth": 2.420714084100385, "n_estimators": 42.47260812780618}, "datetime": {"datetime": "2021-09-24 13:14:03", "elapsed": 0.36824, "delta": 0.162238}}
{"target": 0.45091722872586926, "params": {"eta": 0.174131164259792, "max_depth": 2.5754977109455215, "n_estimators": 26.90396433083945}, "datetime": {"datetime": "2021-09-24 13:14:03", "elapsed": 0.562726, "delta": 0.194486}}
{"target": 0.4481860117563422, "params": {"eta": 0.21534315388753308, "max_depth": 2.601485646021871, "n_estimators": 26.921781796658987}, "datetime": {"datetime": "2021-09-24 13:14:03", "elapsed": 0.721725, "delta": 0.158999}}
{"target": 0.4625876033479476, "params": {"eta": 0.3292133769540311, "max_depth": 1.8741990583821102, "n_estimators": 32.55091137473632}, "datetime": {"datetime": "2021-09-24 13:14:03", "elapsed": 0.921724, "delta": 0.199999}}
{"target": 0.44828390088619563, "params": {"eta": 0.1910471360927591, "max_depth": 1.2309575455689123, "n_estimators": 43.00018298015859}, "datetime": {"datetime": "2021-09-24 13:14:03", "elapsed": 1.090727, "delta": 0.169003}}
{"target": 0.46371269618780453, "params": {"eta": 0.37738365705629695, "max_depth": 1.9535730122149748, "n_estimators": 32.505000970629645}, "datetime": {"datetime": "2021-09-24 13:14:03", "elapsed": 1.274721, "delta": 0.183994}}
{"target": 0.4655917390250388, "params": {"eta": 0.37420867519086914, "max_depth": 1.8566370626888014, "n_estimators": 32.61466553093368}, "datetime": {"datetime": "2021-09-24 13:14:04", "elapsed": 1.429723, "delta": 0.155002}}
{"target": -3.095457165187927, "params": {"eta": 0.10937184162363556, "max_depth": 1.3621256961457158, "n_estimators": 1.0182817532548842}, "datetime": {"datetime": "2021-09-24 13:14:04", "elapsed": 1.552431, "delta": 0.122708}}
{"target": 0.43027691142281654, "params": {"eta": 0.5, "max_depth": 1.0, "n_estimators": 28.17561855639475}, "datetime": {"datetime": "2021-09-24 13:14:04", "elapsed": 2.061296, "delta": 0.508865}}
{"target": 0.4093275895902502, "params": {"eta": 0.5, "max_depth": 1.0, "n_estimators": 38.30175711657531}, "datetime": {"datetime": "2021-09-24 13:14:05", "elapsed": 2.481412, "delta": 0.420116}}
{"target": 0.4166798237115983, "params": {"eta": 0.5, "max_depth": 1.0, "n_estimators": 14.796796443752738}, "datetime": {"datetime": "2021-09-24 13:14:05", "elapsed": 2.884945, "delta": 0.403533}}
{"target": -3.3498733872819138, "params": {"eta": 0.008, "max_depth": 3.0, "n_estimators": 10.96284705163348}, "datetime": {"datetime": "2021-09-24 13:14:05", "elapsed": 3.20794, "delta": 0.322995}}
{"target": 0.4197766980875425, "params": {"eta": 0.5, "max_depth": 1.0, "n_estimators": 18.794875034840132}, "datetime": {"datetime": "2021-09-24 13:14:06", "elapsed": 3.540941, "delta": 0.333001}}
{"target": 0.4262992012333904, "params": {"eta": 0.5, "max_depth": 1.0, "n_estimators": 23.27088729420865}, "datetime": {"datetime": "2021-09-24 13:14:06", "elapsed": 3.835794, "delta": 0.294853}}
{"target": -1.567720996040474, "params": {"eta": 0.008, "max_depth": 1.0, "n_estimators": 50.0}, "datetime": {"datetime": "2021-09-24 13:14:06", "elapsed": 4.130792, "delta": 0.294998}}
{"target": 0.24601712445216306, "params": {"eta": 0.5, "max_depth": 3.0, "n_estimators": 45.524241419489165}, "datetime": {"datetime": "2021-09-24 13:14:07", "elapsed": 4.446461, "delta": 0.315669}}
{"target": 0.37139522556687843, "params": {"eta": 0.5, "max_depth": 3.0, "n_estimators": 16.95192925270973}, "datetime": {"datetime": "2021-09-24 13:14:07", "elapsed": 4.70813, "delta": 0.261669}}
{"target": 0.45211315334953783, "params": {"eta": 0.17358137589551317, "max_depth": 2.9764096715762767, "n_estimators": 20.918147480381943}, "datetime": {"datetime": "2021-09-24 13:14:07", "elapsed": 5.084131, "delta": 0.376001}}
{"target": 0.28316809497498585, "params": {"eta": 0.5, "max_depth": 3.0, "n_estimators": 36.45012488666765}, "datetime": {"datetime": "2021-09-24 13:14:08", "elapsed": 5.419131, "delta": 0.335}}
{"target": -1.934871534625029, "params": {"eta": 0.008, "max_depth": 3.0, "n_estimators": 39.65684979610386}, "datetime": {"datetime": "2021-09-24 13:14:08", "elapsed": 5.843765, "delta": 0.424634}}
{"target": -1.2935882810076338, "params": {"eta": 0.01351495890439194, "max_depth": 1.0660260161989101, "n_estimators": 35.78706307302717}, "datetime": {"datetime": "2021-09-24 13:14:08", "elapsed": 6.232765, "delta": 0.389}}
{"target": 0.4265610488245012, "params": {"eta": 0.4844462212110967, "max_depth": 1.0120333189605668, "n_estimators": 25.475101212742135}, "datetime": {"datetime": "2021-09-24 13:14:09", "elapsed": 6.575806, "delta": 0.343041}}
{"target": -2.744125790771269, "params": {"eta": 0.008, "max_depth": 1.0, "n_estimators": 21.048882966919884}, "datetime": {"datetime": "2021-09-24 13:14:09", "elapsed": 6.86278, "delta": 0.286974}}
{"target": 0.4380276422413476, "params": {"eta": 0.26410024354918904, "max_depth": 1.007211544508119, "n_estimators": 17.069251191345465}, "datetime": {"datetime": "2021-09-24 13:14:09", "elapsed": 7.243794, "delta": 0.381014}}
{"target": 0.3837067265832407, "params": {"eta": 0.48250479885047765, "max_depth": 2.971134303028104, "n_estimators": 23.542365046012286}, "datetime": {"datetime": "2021-09-24 13:14:10", "elapsed": 7.594798, "delta": 0.351004}}
{"target": 0.44332431548055184, "params": {"eta": 0.24727908105249738, "max_depth": 2.9331245125006573, "n_estimators": 18.846780868442774}, "datetime": {"datetime": "2021-09-24 13:14:10", "elapsed": 7.978364, "delta": 0.383566}}
{"target": 0.44382825264607895, "params": {"eta": 0.13742765249263084, "max_depth": 1.0111473378285525, "n_estimators": 46.224367610738476}, "datetime": {"datetime": "2021-09-24 13:14:11", "elapsed": 8.313364, "delta": 0.335}}
{"target": 0.41163201066714594, "params": {"eta": 0.5, "max_depth": 1.0, "n_estimators": 6.187981838569281}, "datetime": {"datetime": "2021-09-24 13:14:11", "elapsed": 8.713279, "delta": 0.399915}}
{"target": 0.41691888579774306, "params": {"eta": 0.5, "max_depth": 3.0, "n_estimators": 5.481692297822282}, "datetime": {"datetime": "2021-09-24 13:14:11", "elapsed": 9.030281, "delta": 0.317002}}
{"target": -1.8624833245310284, "params": {"eta": 0.011560590106580795, "max_depth": 2.764282243491939, "n_estimators": 28.712320826193636}, "datetime": {"datetime": "2021-09-24 13:14:12", "elapsed": 9.403285, "delta": 0.373004}}
{"target": 0.4468777053253802, "params": {"eta": 0.4359194482111853, "max_depth": 1.0240938407129723, "n_estimators": 30.598372990797014}, "datetime": {"datetime": "2021-09-24 13:14:12", "elapsed": 9.903372, "delta": 0.500087}}
{"target": 0.41056954803085477, "params": {"eta": 0.5, "max_depth": 1.0, "n_estimators": 44.616447684547516}, "datetime": {"datetime": "2021-09-24 13:14:13", "elapsed": 10.413986, "delta": 0.510614}}
{"target": -1.8634352508812864, "params": {"eta": 0.021436629619286787, "max_depth": 2.9967901519726285, "n_estimators": 15.08232447639295}, "datetime": {"datetime": "2021-09-24 13:14:13", "elapsed": 10.817659, "delta": 0.403673}}
{"target": -3.5295441223489243, "params": {"eta": 0.008, "max_depth": 2.6351140445461496, "n_estimators": 7.194848049954368}, "datetime": {"datetime": "2021-09-24 13:14:14", "elapsed": 11.307662, "delta": 0.490003}}
{"target": 0.38236671163416813, "params": {"eta": 0.49795336698201487, "max_depth": 1.4310727848867002, "n_estimators": 4.600708226519131}, "datetime": {"datetime": "2021-09-24 13:14:14", "elapsed": 11.67394, "delta": 0.366278}}
{"target": 0.34574673017593827, "params": {"eta": 0.4718187381858602, "max_depth": 2.9416838211610075, "n_estimators": 3.9249560654195585}, "datetime": {"datetime": "2021-09-24 13:14:14", "elapsed": 12.059133, "delta": 0.385193}}
{"target": -1.7857939306740716, "params": {"eta": 0.008, "max_depth": 3.0, "n_estimators": 43.88805416924474}, "datetime": {"datetime": "2021-09-24 13:14:15", "elapsed": 12.627776, "delta": 0.568643}}
{"target": -0.5654479311838561, "params": {"eta": 0.028744921524179238, "max_depth": 1.065409614571926, "n_estimators": 26.918238641895304}, "datetime": {"datetime": "2021-09-24 13:14:15", "elapsed": 13.068772, "delta": 0.440996}}
{"target": -2.5952590521656056, "params": {"eta": 0.008, "max_depth": 1.8655881989885008, "n_estimators": 24.438637616062028}, "datetime": {"datetime": "2021-09-24 13:14:16", "elapsed": 13.434777, "delta": 0.366005}}
{"target": 0.38479119230348047, "params": {"eta": 0.46403589056649197, "max_depth": 2.0235212371256113, "n_estimators": 17.891801963536217}, "datetime": {"datetime": "2021-09-24 13:14:16", "elapsed": 13.797697, "delta": 0.36292}}
{"target": 0.2810920049474872, "params": {"eta": 0.5, "max_depth": 2.3204341189006326, "n_estimators": 46.84704925236963}, "datetime": {"datetime": "2021-09-24 13:14:16", "elapsed": 14.199694, "delta": 0.401997}}
{"target": 0.3212625983651596, "params": {"eta": 0.5, "max_depth": 3.0, "n_estimators": 22.29579369352456}, "datetime": {"datetime": "2021-09-24 13:14:17", "elapsed": 14.550797, "delta": 0.351103}}
{"target": 0.4234557560613674, "params": {"eta": 0.49050130710830575, "max_depth": 1.2022182180522387, "n_estimators": 41.52897058928298}, "datetime": {"datetime": "2021-09-24 13:14:17", "elapsed": 14.918562, "delta": 0.367765}}
{"target": 0.4190748210242584, "params": {"eta": 0.4937116742392167, "max_depth": 1.0526956444340652, "n_estimators": 47.577888611831234}, "datetime": {"datetime": "2021-09-24 13:14:17", "elapsed": 15.273561, "delta": 0.354999}}
{"target": 0.286508487139978, "params": {"eta": 0.5, "max_depth": 3.0, "n_estimators": 34.13936479159657}, "datetime": {"datetime": "2021-09-24 13:14:18", "elapsed": 15.632154, "delta": 0.358593}}
{"target": 0.2911545569568247, "params": {"eta": 0.5, "max_depth": 3.0, "n_estimators": 31.552015601707556}, "datetime": {"datetime": "2021-09-24 13:14:18", "elapsed": 16.005296, "delta": 0.373142}}
