{"target": -43.11056644755199, "params": {"eta": 0.05, "max_depth": 1.0, "n_estimators": 236.1029399175149}, "datetime": {"datetime": "2021-09-24 16:37:35", "elapsed": 88.354784, "delta": 1.263984}}
{"target": -42.825965881347656, "params": {"eta": 0.23930804970791897, "max_depth": 1.7867260434642398, "n_estimators": 127.52852742618659}, "datetime": {"datetime": "2021-09-24 16:37:36", "elapsed": 89.201092, "delta": 0.846308}}
{"target": -43.97220892655222, "params": {"eta": 0.05, "max_depth": 1.5623581137983908, "n_estimators": 127.29430124502298}, "datetime": {"datetime": "2021-09-24 16:37:37", "elapsed": 90.147429, "delta": 0.946337}}
{"target": -45.10709975536604, "params": {"eta": 0.3051411648808925, "max_depth": 1.6014680883041703, "n_estimators": 188.37836866927933}, "datetime": {"datetime": "2021-09-24 16:37:38", "elapsed": 90.702162, "delta": 0.554733}}
{"target": -43.97220892655222, "params": {"eta": 0.05, "max_depth": 1.7469557604280617, "n_estimators": 127.85918390857432}, "datetime": {"datetime": "2021-09-24 16:37:39", "elapsed": 91.725669, "delta": 1.023507}}
{"target": -50.62255512323595, "params": {"eta": 0.39511556082194194, "max_depth": 2.125498662037846, "n_estimators": 127.38677841349656}, "datetime": {"datetime": "2021-09-24 16:37:40", "elapsed": 93.037817, "delta": 1.312148}}
{"target": -44.312608231279185, "params": {"eta": 0.3581969321930668, "max_depth": 1.9263317183252227, "n_estimators": 122.03231745858487}, "datetime": {"datetime": "2021-09-24 16:37:41", "elapsed": 93.699815, "delta": 0.661998}}
{"target": -44.934471073007224, "params": {"eta": 0.38923326680230297, "max_depth": 1.5122221590201235, "n_estimators": 127.61886508959736}, "datetime": {"datetime": "2021-09-24 16:37:42", "elapsed": 94.696426, "delta": 0.996611}}
{"target": -46.01055346037212, "params": {"eta": 0.11029136728422848, "max_depth": 2.0369058319537916, "n_estimators": 206.4810515822881}, "datetime": {"datetime": "2021-09-24 16:37:42", "elapsed": 95.58487, "delta": 0.888444}}
{"target": -43.375180352003056, "params": {"eta": 0.19681900614741027, "max_depth": 1.600586729059666, "n_estimators": 166.05560743504043}, "datetime": {"datetime": "2021-09-24 16:37:43", "elapsed": 96.551784, "delta": 0.966914}}
{"target": -44.379780389312515, "params": {"eta": 0.06821447545546562, "max_depth": 2.065484216881101, "n_estimators": 187.80337868895668}, "datetime": {"datetime": "2021-09-24 16:37:44", "elapsed": 97.461592, "delta": 0.909808}}
{"target": -43.14401104575709, "params": {"eta": 0.14545391424481657, "max_depth": 1.4158496428164475, "n_estimators": 206.097525678534}, "datetime": {"datetime": "2021-09-24 16:37:45", "elapsed": 98.294377, "delta": 0.832785}}
{"target": -42.82385299797345, "params": {"eta": 0.08991782924599734, "max_depth": 1.3092565322379104, "n_estimators": 160.3269664032965}, "datetime": {"datetime": "2021-09-24 16:37:46", "elapsed": 99.36125, "delta": 1.066873}}
{"target": -43.28503899825247, "params": {"eta": 0.05, "max_depth": 1.4701369078730124, "n_estimators": 205.37595974733293}, "datetime": {"datetime": "2021-09-24 16:37:48", "elapsed": 100.734905, "delta": 1.373655}}
{"target": -43.55333715453184, "params": {"eta": 0.05, "max_depth": 1.0, "n_estimators": 160.26754977073514}, "datetime": {"datetime": "2021-09-24 16:37:49", "elapsed": 102.050255, "delta": 1.31535}}
{"target": -44.15029339324263, "params": {"eta": 0.05, "max_depth": 1.310938612266955, "n_estimators": 118.11698342254901}, "datetime": {"datetime": "2021-09-24 16:37:50", "elapsed": 102.985089, "delta": 0.934834}}
{"target": -43.118253894318315, "params": {"eta": 0.07260861160379224, "max_depth": 1.0989255095995052, "n_estimators": 168.10683216599512}, "datetime": {"datetime": "2021-09-24 16:37:51", "elapsed": 104.076751, "delta": 1.091662}}
{"target": -47.649014695246414, "params": {"eta": 0.23307357005296697, "max_depth": 2.4681627585476256, "n_estimators": 120.89275639388121}, "datetime": {"datetime": "2021-09-24 16:37:52", "elapsed": 105.50045, "delta": 1.423699}}
{"target": -43.47856897339785, "params": {"eta": 0.052985387917851866, "max_depth": 1.4107875602942466, "n_estimators": 160.75571408656734}, "datetime": {"datetime": "2021-09-24 16:37:54", "elapsed": 106.677469, "delta": 1.177019}}
{"target": -43.1352335994405, "params": {"eta": 0.06370048163365498, "max_depth": 1.6593377576123323, "n_estimators": 169.92403099734202}, "datetime": {"datetime": "2021-09-24 16:37:55", "elapsed": 108.271031, "delta": 1.593562}}
{"target": -44.98519511688921, "params": {"eta": 0.33407815946108166, "max_depth": 1.1092568043847757, "n_estimators": 160.52709208469375}, "datetime": {"datetime": "2021-09-24 16:37:57", "elapsed": 109.949262, "delta": 1.678231}}
{"target": -49.70466506212278, "params": {"eta": 0.2342713844202008, "max_depth": 2.694843235905392, "n_estimators": 206.86357682591557}, "datetime": {"datetime": "2021-09-24 16:37:58", "elapsed": 110.940433, "delta": 0.991171}}
{"target": -43.46541234066612, "params": {"eta": 0.05, "max_depth": 1.0, "n_estimators": 171.65713857118632}, "datetime": {"datetime": "2021-09-24 16:37:59", "elapsed": 112.026611, "delta": 1.086178}}
{"target": -45.91001972937046, "params": {"eta": 0.28809827153640577, "max_depth": 1.2829758266648028, "n_estimators": 285.830700990809}, "datetime": {"datetime": "2021-09-24 16:38:00", "elapsed": 112.934394, "delta": 0.907783}}
{"target": -42.78922905599264, "params": {"eta": 0.1275776150772589, "max_depth": 1.3210812274357522, "n_estimators": 171.9877056568033}, "datetime": {"datetime": "2021-09-24 16:38:02", "elapsed": 114.695032, "delta": 1.760638}}
{"target": -48.93217028106066, "params": {"eta": 0.31262016025811334, "max_depth": 2.0762507426517116, "n_estimators": 142.16732211853943}, "datetime": {"datetime": "2021-09-24 16:38:02", "elapsed": 115.394136, "delta": 0.699104}}
{"target": -44.7354419249341, "params": {"eta": 0.35943149629250565, "max_depth": 1.449617940466906, "n_estimators": 171.689467357335}, "datetime": {"datetime": "2021-09-24 16:38:04", "elapsed": 116.723867, "delta": 1.329731}}
{"target": -46.2064388282317, "params": {"eta": 0.46782181518065585, "max_depth": 1.3365537918715749, "n_estimators": 172.3370120201218}, "datetime": {"datetime": "2021-09-24 16:38:05", "elapsed": 118.189645, "delta": 1.465778}}
{"target": -43.37971840765243, "params": {"eta": 0.056844730431890395, "max_depth": 1.5503766885528634, "n_estimators": 161.82795244456918}, "datetime": {"datetime": "2021-09-24 16:38:07", "elapsed": 119.717031, "delta": 1.527386}}
{"target": -43.10930065642622, "params": {"eta": 0.05, "max_depth": 1.7024988913821877, "n_estimators": 235.23206231624627}, "datetime": {"datetime": "2021-09-24 16:38:08", "elapsed": 121.284389, "delta": 1.567358}}
{"target": -43.31006100303248, "params": {"eta": 0.06277992456986346, "max_depth": 1.1483538746041457, "n_estimators": 162.17009082243518}, "datetime": {"datetime": "2021-09-24 16:38:09", "elapsed": 122.514372, "delta": 1.229983}}
{"target": -45.54162705034241, "params": {"eta": 0.39636414263438696, "max_depth": 1.3962685172995983, "n_estimators": 162.16473450249757}, "datetime": {"datetime": "2021-09-24 16:38:11", "elapsed": 123.888876, "delta": 1.374504}}
{"target": -43.11166869428821, "params": {"eta": 0.06945354546003758, "max_depth": 1.1512192789520517, "n_estimators": 161.35119620561272}, "datetime": {"datetime": "2021-09-24 16:38:12", "elapsed": 125.085732, "delta": 1.196856}}
{"target": -46.48050376347133, "params": {"eta": 0.47263138041310865, "max_depth": 1.3531019550966625, "n_estimators": 147.47270692267324}, "datetime": {"datetime": "2021-09-24 16:38:13", "elapsed": 126.017737, "delta": 0.932005}}
{"target": -49.873278488790184, "params": {"eta": 0.25625030339811294, "max_depth": 2.642066197428659, "n_estimators": 159.74327320675633}, "datetime": {"datetime": "2021-09-24 16:38:14", "elapsed": 126.790601, "delta": 0.772864}}
{"target": -42.95622611942148, "params": {"eta": 0.06818142538503885, "max_depth": 1.2279300986151434, "n_estimators": 200.35503673736054}, "datetime": {"datetime": "2021-09-24 16:38:14", "elapsed": 127.535417, "delta": 0.744816}}
{"target": -44.89394357867707, "params": {"eta": 0.3566998889071468, "max_depth": 1.507335349841942, "n_estimators": 161.3184155055563}, "datetime": {"datetime": "2021-09-24 16:38:16", "elapsed": 129.473501, "delta": 1.938084}}
{"target": -43.565609092999225, "params": {"eta": 0.05, "max_depth": 2.029041386536078, "n_estimators": 162.0760398493944}, "datetime": {"datetime": "2021-09-24 16:38:18", "elapsed": 131.573592, "delta": 2.100091}}
{"target": -46.260108001250074, "params": {"eta": 0.5, "max_depth": 1.2725286848519515, "n_estimators": 119.82455710639486}, "datetime": {"datetime": "2021-09-24 16:38:19", "elapsed": 132.610287, "delta": 1.036695}}
{"target": -43.15058709625015, "params": {"eta": 0.15373196961785723, "max_depth": 1.001995017601629, "n_estimators": 205.2054280623102}, "datetime": {"datetime": "2021-09-24 16:38:21", "elapsed": 133.97649, "delta": 1.366203}}
{"target": -46.1205032068984, "params": {"eta": 0.3850122368895099, "max_depth": 1.3389504493161877, "n_estimators": 205.02365379572458}, "datetime": {"datetime": "2021-09-24 16:38:22", "elapsed": 135.437781, "delta": 1.461291}}
{"target": -43.27938303553072, "params": {"eta": 0.1973344430166462, "max_depth": 1.9655364490031482, "n_estimators": 162.62378694054672}, "datetime": {"datetime": "2021-09-24 16:38:25", "elapsed": 137.664302, "delta": 2.226521}}
{"target": -42.83780010481526, "params": {"eta": 0.09052402324948669, "max_depth": 1.571014312104674, "n_estimators": 162.97433375480708}, "datetime": {"datetime": "2021-09-24 16:38:26", "elapsed": 138.838304, "delta": 1.174002}}
{"target": -42.80764429192794, "params": {"eta": 0.1434284092970821, "max_depth": 1.8450055567774617, "n_estimators": 163.24470539090873}, "datetime": {"datetime": "2021-09-24 16:38:27", "elapsed": 139.961274, "delta": 1.12297}}
{"target": -46.4581932555464, "params": {"eta": 0.4799470076413085, "max_depth": 1.761430255686383, "n_estimators": 163.0097510832059}, "datetime": {"datetime": "2021-09-24 16:38:28", "elapsed": 141.196158, "delta": 1.234884}}
{"target": -44.771443962154535, "params": {"eta": 0.08311926726068808, "max_depth": 2.0443222490833337, "n_estimators": 163.63938352587442}, "datetime": {"datetime": "2021-09-24 16:38:30", "elapsed": 142.699511, "delta": 1.503353}}
{"target": -44.32927540370396, "params": {"eta": 0.3644499978660949, "max_depth": 1.6139730022822119, "n_estimators": 126.13753526049511}, "datetime": {"datetime": "2021-09-24 16:38:31", "elapsed": 143.732645, "delta": 1.033134}}
{"target": -43.52455365747437, "params": {"eta": 0.27463654513825475, "max_depth": 1.4355068391977965, "n_estimators": 150.72760929725706}, "datetime": {"datetime": "2021-09-24 16:38:31", "elapsed": 144.38797, "delta": 0.655325}}
{"target": -43.09409185997526, "params": {"eta": 0.16658615858728565, "max_depth": 1.4396705371956888, "n_estimators": 163.35141946567953}, "datetime": {"datetime": "2021-09-24 16:38:32", "elapsed": 145.488839, "delta": 1.100869}}
{"target": -49.070469189407234, "params": {"eta": 0.16548572421036845, "max_depth": 2.3838772131520156, "n_estimators": 247.11342475379476}, "datetime": {"datetime": "2021-09-24 16:38:33", "elapsed": 146.488179, "delta": 0.99934}}
{"target": -43.092604214087466, "params": {"eta": 0.0793581458350176, "max_depth": 1.2119419787875447, "n_estimators": 162.7999063502121}, "datetime": {"datetime": "2021-09-24 16:38:35", "elapsed": 148.147592, "delta": 1.659413}}
{"target": -45.2286031048997, "params": {"eta": 0.08887859556604888, "max_depth": 2.4073536343160526, "n_estimators": 162.80001300314174}, "datetime": {"datetime": "2021-09-24 16:38:36", "elapsed": 149.535524, "delta": 1.387932}}
{"target": -49.76970268192148, "params": {"eta": 0.31671163733852326, "max_depth": 2.65383259394552, "n_estimators": 166.66985609158183}, "datetime": {"datetime": "2021-09-24 16:38:37", "elapsed": 150.335114, "delta": 0.79959}}
{"target": -46.75746384240631, "params": {"eta": 0.12048609272242942, "max_depth": 2.1564863879438074, "n_estimators": 235.31282612128686}, "datetime": {"datetime": "2021-09-24 16:38:39", "elapsed": 152.217983, "delta": 1.882869}}
{"target": -42.79432833105102, "params": {"eta": 0.09722045093662963, "max_depth": 1.0059120423630914, "n_estimators": 163.1520615087847}, "datetime": {"datetime": "2021-09-24 16:38:40", "elapsed": 153.329898, "delta": 1.111915}}
{"target": -43.01051961568962, "params": {"eta": 0.08073544412127137, "max_depth": 1.0220604500400237, "n_estimators": 163.52182393632125}, "datetime": {"datetime": "2021-09-24 16:38:42", "elapsed": 154.785928, "delta": 1.45603}}
{"target": -50.984200785930895, "params": {"eta": 0.26901685757870525, "max_depth": 2.666893555829996, "n_estimators": 295.53994545497056}, "datetime": {"datetime": "2021-09-24 16:38:43", "elapsed": 155.933926, "delta": 1.147998}}
{"target": -46.73567377535024, "params": {"eta": 0.43184382074404926, "max_depth": 1.295265485833826, "n_estimators": 195.01731849451036}, "datetime": {"datetime": "2021-09-24 16:38:44", "elapsed": 156.755929, "delta": 0.822003}}
{"target": -43.489059362196386, "params": {"eta": 0.24083360009245675, "max_depth": 1.036052368104492, "n_estimators": 173.96712009226042}, "datetime": {"datetime": "2021-09-24 16:38:45", "elapsed": 157.915928, "delta": 1.159999}}
{"target": -43.127340531886965, "params": {"eta": 0.17468160943789277, "max_depth": 1.557728949401908, "n_estimators": 173.63968878029902}, "datetime": {"datetime": "2021-09-24 16:38:46", "elapsed": 159.399928, "delta": 1.484}}
{"target": -46.96100536145662, "params": {"eta": 0.49659667711460953, "max_depth": 1.217903353843288, "n_estimators": 173.5144889214659}, "datetime": {"datetime": "2021-09-24 16:38:48", "elapsed": 160.81693, "delta": 1.417002}}
{"target": -43.466915216661036, "params": {"eta": 0.05, "max_depth": 1.5201302491777646, "n_estimators": 174.0697066178657}, "datetime": {"datetime": "2021-09-24 16:38:49", "elapsed": 162.385929, "delta": 1.568999}}
{"target": -42.799005952992836, "params": {"eta": 0.10609501132629234, "max_depth": 1.0015886843408952, "n_estimators": 161.7125017213396}, "datetime": {"datetime": "2021-09-24 16:38:51", "elapsed": 164.020931, "delta": 1.635002}}
{"target": -43.10322969479668, "params": {"eta": 0.14731658615745097, "max_depth": 1.8880739496268601, "n_estimators": 173.84717195906236}, "datetime": {"datetime": "2021-09-24 16:38:53", "elapsed": 165.78093, "delta": 1.759999}}
{"target": -43.39144943352032, "params": {"eta": 0.05, "max_depth": 1.3727203442989375, "n_estimators": 179.71742468205758}, "datetime": {"datetime": "2021-09-24 16:38:55", "elapsed": 167.813722, "delta": 2.032792}}
{"target": -44.30281302086393, "params": {"eta": 0.28221572209396106, "max_depth": 1.01939968606887, "n_estimators": 174.50758687462735}, "datetime": {"datetime": "2021-09-24 16:38:56", "elapsed": 169.261507, "delta": 1.447785}}
{"target": -44.992691086647206, "params": {"eta": 0.36264738499052257, "max_depth": 1.837681926758035, "n_estimators": 174.324575755813}, "datetime": {"datetime": "2021-09-24 16:38:58", "elapsed": 171.440364, "delta": 2.178857}}
{"target": -43.97220892655222, "params": {"eta": 0.05, "max_depth": 1.0, "n_estimators": 127.88165286913694}, "datetime": {"datetime": "2021-09-24 16:39:00", "elapsed": 172.788977, "delta": 1.348613}}
{"target": -43.61444435980087, "params": {"eta": 0.056248182414336205, "max_depth": 2.4919152801813014, "n_estimators": 117.37229261168005}, "datetime": {"datetime": "2021-09-24 16:39:00", "elapsed": 173.528141, "delta": 0.739164}}
{"target": -46.30497746360033, "params": {"eta": 0.48570665085659404, "max_depth": 1.0225409389123188, "n_estimators": 163.2230119174148}, "datetime": {"datetime": "2021-09-24 16:39:02", "elapsed": 174.947526, "delta": 1.419385}}
{"target": -46.31846094848518, "params": {"eta": 0.472120383662729, "max_depth": 1.3106958040390315, "n_estimators": 151.21671250073553}, "datetime": {"datetime": "2021-09-24 16:39:03", "elapsed": 176.286497, "delta": 1.338971}}
{"target": -43.27608358053337, "params": {"eta": 0.20253956215087204, "max_depth": 1.6315074558506044, "n_estimators": 172.62759932953912}, "datetime": {"datetime": "2021-09-24 16:39:04", "elapsed": 177.008614, "delta": 0.722117}}
{"target": -42.8745387084502, "params": {"eta": 0.08221575831143986, "max_depth": 1.1169912882405764, "n_estimators": 172.9450840990517}, "datetime": {"datetime": "2021-09-24 16:39:06", "elapsed": 178.797028, "delta": 1.788414}}
{"target": -43.45648325296273, "params": {"eta": 0.05, "max_depth": 1.709382946470576, "n_estimators": 172.19493490187665}, "datetime": {"datetime": "2021-09-24 16:39:07", "elapsed": 180.324554, "delta": 1.527526}}
{"target": -43.40254876846657, "params": {"eta": 0.051958860959301995, "max_depth": 1.5667905063929435, "n_estimators": 172.9999713780575}, "datetime": {"datetime": "2021-09-24 16:39:09", "elapsed": 181.875449, "delta": 1.550895}}
{"target": -45.1615071906183, "params": {"eta": 0.36824036888324313, "max_depth": 1.5728313387447013, "n_estimators": 150.19788590253955}, "datetime": {"datetime": "2021-09-24 16:39:10", "elapsed": 183.157051, "delta": 1.281602}}
{"target": -42.98180185762563, "params": {"eta": 0.1977328979986791, "max_depth": 1.8361030250874724, "n_estimators": 114.22859604214877}, "datetime": {"datetime": "2021-09-24 16:39:11", "elapsed": 184.010376, "delta": 0.853325}}
{"target": -42.70609983286463, "params": {"eta": 0.1076831669039005, "max_depth": 1.071971787145005, "n_estimators": 166.28867814477894}, "datetime": {"datetime": "2021-09-24 16:39:12", "elapsed": 184.855127, "delta": 0.844751}}
{"target": -44.389952365617106, "params": {"eta": 0.38753616549588377, "max_depth": 1.748837219447387, "n_estimators": 113.82596818660933}, "datetime": {"datetime": "2021-09-24 16:39:13", "elapsed": 186.070675, "delta": 1.215548}}
{"target": -44.04802273628407, "params": {"eta": 0.09220926083239572, "max_depth": 2.095623009961105, "n_estimators": 114.5456649646275}, "datetime": {"datetime": "2021-09-24 16:39:15", "elapsed": 187.668317, "delta": 1.597642}}
{"target": -42.77814655734184, "params": {"eta": 0.14659597656649903, "max_depth": 1.5075746645907389, "n_estimators": 114.56547129864585}, "datetime": {"datetime": "2021-09-24 16:39:16", "elapsed": 189.157316, "delta": 1.488999}}
{"target": -43.353389137669616, "params": {"eta": 0.24163127880705282, "max_depth": 1.0390555748628811, "n_estimators": 173.95837116532357}, "datetime": {"datetime": "2021-09-24 16:39:17", "elapsed": 190.032317, "delta": 0.875001}}
{"target": -42.77208546229771, "params": {"eta": 0.14828918939487037, "max_depth": 1.4672109215272156, "n_estimators": 114.1681623109051}, "datetime": {"datetime": "2021-09-24 16:39:18", "elapsed": 191.382314, "delta": 1.349997}}
{"target": -42.92005240648313, "params": {"eta": 0.2608710987749655, "max_depth": 1.1292953123736382, "n_estimators": 114.51083839346464}, "datetime": {"datetime": "2021-09-24 16:39:20", "elapsed": 193.104317, "delta": 1.722003}}
{"target": -45.520521680215246, "params": {"eta": 0.4933758297747199, "max_depth": 1.5582131946645608, "n_estimators": 114.35592718012326}, "datetime": {"datetime": "2021-09-24 16:39:21", "elapsed": 194.618314, "delta": 1.513997}}
{"target": -42.64709340719352, "params": {"eta": 0.2596580316714554, "max_depth": 1.166485682384885, "n_estimators": 114.87881698945164}, "datetime": {"datetime": "2021-09-24 16:39:23", "elapsed": 196.247198, "delta": 1.628884}}
{"target": -43.71463408506006, "params": {"eta": 0.06167661261871266, "max_depth": 1.3846232735901651, "n_estimators": 115.22612034054673}, "datetime": {"datetime": "2021-09-24 16:39:25", "elapsed": 197.733293, "delta": 1.486095}}
{"target": -43.19885064605484, "params": {"eta": 0.08894438474994598, "max_depth": 1.0235769273194488, "n_estimators": 114.11060081626354}, "datetime": {"datetime": "2021-09-24 16:39:26", "elapsed": 199.587778, "delta": 1.854485}}
{"target": -45.43790100212384, "params": {"eta": 0.19047073346770144, "max_depth": 2.606728003581146, "n_estimators": 130.4309255734781}, "datetime": {"datetime": "2021-09-24 16:39:27", "elapsed": 200.457777, "delta": 0.869999}}
{"target": -45.96704707468363, "params": {"eta": 0.5, "max_depth": 1.0, "n_estimators": 115.20421305843628}, "datetime": {"datetime": "2021-09-24 16:39:29", "elapsed": 201.889524, "delta": 1.431747}}
{"target": -43.28186276084498, "params": {"eta": 0.08451474524882015, "max_depth": 1.460075723186512, "n_estimators": 114.90323046369295}, "datetime": {"datetime": "2021-09-24 16:39:30", "elapsed": 203.547567, "delta": 1.658043}}
{"target": -43.6140607102473, "params": {"eta": 0.06809380599894377, "max_depth": 1.071639597865555, "n_estimators": 114.70411721952215}, "datetime": {"datetime": "2021-09-24 16:39:32", "elapsed": 205.451839, "delta": 1.904272}}
{"target": -43.82823625722326, "params": {"eta": 0.3111683947455405, "max_depth": 1.0969173249301594, "n_estimators": 113.7487371853227}, "datetime": {"datetime": "2021-09-24 16:39:34", "elapsed": 207.131085, "delta": 1.679246}}
{"target": -43.4576289815114, "params": {"eta": 0.05158585220292787, "max_depth": 1.0961947122172888, "n_estimators": 173.78440871021695}, "datetime": {"datetime": "2021-09-24 16:39:35", "elapsed": 208.564592, "delta": 1.433507}}
{"target": -42.877863977188454, "params": {"eta": 0.1015590869076273, "max_depth": 1.5144178243757331, "n_estimators": 234.9096800076026}, "datetime": {"datetime": "2021-09-24 16:39:37", "elapsed": 209.817799, "delta": 1.253207}}
{"target": -42.833916025950494, "params": {"eta": 0.05962343769766116, "max_depth": 1.764085944398357, "n_estimators": 234.56954353227397}, "datetime": {"datetime": "2021-09-24 16:39:38", "elapsed": 211.146676, "delta": 1.328877}}
