{"target": -40.56457502580018, "params": {"eta": 0.4598942888868651, "max_depth": 18.753633298805134, "n_estimators": 16.896786799537935}, "datetime": {"datetime": "2021-09-29 15:26:30", "elapsed": 105.893505, "delta": 0.845734}}
{"target": -40.274853193709966, "params": {"eta": 0.46104061153378684, "max_depth": 12.280359172116537, "n_estimators": 92.69478437395092}, "datetime": {"datetime": "2021-09-29 15:26:31", "elapsed": 106.911508, "delta": 1.018003}}
{"target": -42.4707767666389, "params": {"eta": 0.5, "max_depth": 20.544289474042476, "n_estimators": 9.682981165864282}, "datetime": {"datetime": "2021-09-29 15:26:32", "elapsed": 107.662734, "delta": 0.751226}}
{"target": -42.798039024217296, "params": {"eta": 0.5, "max_depth": 30.0, "n_estimators": 61.35980537167889}, "datetime": {"datetime": "2021-09-29 15:26:33", "elapsed": 108.735364, "delta": 1.07263}}
{"target": -37.72652519766079, "params": {"eta": 0.16108417292578314, "max_depth": 12.01524849191118, "n_estimators": 24.157810923259344}, "datetime": {"datetime": "2021-09-29 15:26:34", "elapsed": 109.808051, "delta": 1.072687}}
{"target": -39.71613442627672, "params": {"eta": 0.4820883493101917, "max_depth": 27.6048947610158, "n_estimators": 49.3366455016108}, "datetime": {"datetime": "2021-09-29 15:26:35", "elapsed": 110.796052, "delta": 0.988001}}
{"target": -39.70321461073386, "params": {"eta": 0.21120015418256957, "max_depth": 14.483516123172096, "n_estimators": 23.091754592598047}, "datetime": {"datetime": "2021-09-29 15:26:36", "elapsed": 111.750673, "delta": 0.954621}}
{"target": -41.75836557737605, "params": {"eta": 0.38098424110750556, "max_depth": 20.173953123164363, "n_estimators": 79.09245866625132}, "datetime": {"datetime": "2021-09-29 15:26:38", "elapsed": 113.07964, "delta": 1.328967}}
{"target": -39.56810447813855, "params": {"eta": 0.3231875834246209, "max_depth": 20.638883335394652, "n_estimators": 59.65706363142866}, "datetime": {"datetime": "2021-09-29 15:26:39", "elapsed": 114.203642, "delta": 1.124002}}
{"target": -52.975213550113786, "params": {"eta": 0.04510068486949541, "max_depth": 24.099349668539162, "n_estimators": 11.392647220242885}, "datetime": {"datetime": "2021-09-29 15:26:39", "elapsed": 114.913641, "delta": 0.709999}}
{"target": -36.991343414545675, "params": {"eta": 0.16603730698244598, "max_depth": 22.15557251989273, "n_estimators": 74.1962712426679}, "datetime": {"datetime": "2021-09-29 15:26:41", "elapsed": 116.26689, "delta": 1.353249}}
{"target": -49.56009777962656, "params": {"eta": 0.01, "max_depth": 23.0547896529445, "n_estimators": 63.59641291762336}, "datetime": {"datetime": "2021-09-29 15:26:42", "elapsed": 117.600147, "delta": 1.333257}}
{"target": -38.97549459052415, "params": {"eta": 0.0516487563655329, "max_depth": 8.333685828458073, "n_estimators": 86.72447681482633}, "datetime": {"datetime": "2021-09-29 15:26:43", "elapsed": 118.782976, "delta": 1.182829}}
{"target": -40.2569882264081, "params": {"eta": 0.12554171327595082, "max_depth": 11.303910242740217, "n_estimators": 87.45241244247693}, "datetime": {"datetime": "2021-09-29 15:26:45", "elapsed": 120.04055, "delta": 1.257574}}
{"target": -39.570812163548844, "params": {"eta": 0.32482715317912353, "max_depth": 24.364371059512575, "n_estimators": 47.8330387893538}, "datetime": {"datetime": "2021-09-29 15:26:46", "elapsed": 121.235748, "delta": 1.195198}}
{"target": -45.35394995755699, "params": {"eta": 0.48628528744961486, "max_depth": 3.72537567315207, "n_estimators": 97.56531378173433}, "datetime": {"datetime": "2021-09-29 15:26:47", "elapsed": 122.281428, "delta": 1.04568}}
{"target": -42.16351969590267, "params": {"eta": 0.21849511422206902, "max_depth": 8.04069604019245, "n_estimators": 93.3104954415405}, "datetime": {"datetime": "2021-09-29 15:26:48", "elapsed": 123.26221, "delta": 0.980782}}
{"target": -42.047392700477346, "params": {"eta": 0.40519140881328347, "max_depth": 17.733420386546804, "n_estimators": 12.580948584880709}, "datetime": {"datetime": "2021-09-29 15:26:49", "elapsed": 124.082208, "delta": 0.819998}}
{"target": -39.088322004914104, "params": {"eta": 0.4862395069090852, "max_depth": 6.409788433693137, "n_estimators": 16.236370218129423}, "datetime": {"datetime": "2021-09-29 15:26:50", "elapsed": 124.975213, "delta": 0.893005}}
{"target": -41.76142185975152, "params": {"eta": 0.38428112037575635, "max_depth": 27.18832492180374, "n_estimators": 84.0624671655083}, "datetime": {"datetime": "2021-09-29 15:26:51", "elapsed": 126.05513, "delta": 1.079917}}
{"target": -38.29328325983684, "params": {"eta": 0.4789244355634113, "max_depth": 1.0485301095676112, "n_estimators": 94.74012046542676}, "datetime": {"datetime": "2021-09-29 15:26:52", "elapsed": 126.978131, "delta": 0.923001}}
{"target": -39.960504181752945, "params": {"eta": 0.23886373465205143, "max_depth": 13.70166157311822, "n_estimators": 77.23127611599432}, "datetime": {"datetime": "2021-09-29 15:26:53", "elapsed": 128.247086, "delta": 1.268955}}
{"target": -37.824970735164825, "params": {"eta": 0.04536164565953387, "max_depth": 27.00979993716402, "n_estimators": 88.49490537595486}, "datetime": {"datetime": "2021-09-29 15:26:54", "elapsed": 129.67054, "delta": 1.423454}}
{"target": -39.100315957779344, "params": {"eta": 0.43590334775083145, "max_depth": 17.048710660691853, "n_estimators": 64.62693808509673}, "datetime": {"datetime": "2021-09-29 15:26:56", "elapsed": 131.110558, "delta": 1.440018}}
{"target": -38.12366929216881, "params": {"eta": 0.050356290153641514, "max_depth": 26.999450627263446, "n_estimators": 98.61191312966442}, "datetime": {"datetime": "2021-09-29 15:26:57", "elapsed": 132.375792, "delta": 1.265234}}
{"target": -39.75387274325162, "params": {"eta": 0.17603737979189044, "max_depth": 29.992153255522872, "n_estimators": 55.5938460897446}, "datetime": {"datetime": "2021-09-29 15:26:58", "elapsed": 133.557572, "delta": 1.18178}}
{"target": -50.485405393367536, "params": {"eta": 0.01, "max_depth": 17.08275316040092, "n_estimators": 61.4966117691695}, "datetime": {"datetime": "2021-09-29 15:26:59", "elapsed": 134.802572, "delta": 1.245}}
{"target": -52.96803559470641, "params": {"eta": 0.01, "max_depth": 19.453878209787923, "n_estimators": 56.93324023731614}, "datetime": {"datetime": "2021-09-29 15:27:01", "elapsed": 136.046384, "delta": 1.243812}}
{"target": -36.85166625144898, "params": {"eta": 0.0632117058972361, "max_depth": 25.36497315600958, "n_estimators": 53.32615968576514}, "datetime": {"datetime": "2021-09-29 15:27:02", "elapsed": 137.410809, "delta": 1.364425}}
{"target": -43.923193819248766, "params": {"eta": 0.01, "max_depth": 7.918182601338802, "n_estimators": 78.15447688967609}, "datetime": {"datetime": "2021-09-29 15:27:03", "elapsed": 138.711979, "delta": 1.30117}}
{"target": -39.13328847409062, "params": {"eta": 0.14200762097148076, "max_depth": 20.43999274161181, "n_estimators": 76.04003803586086}, "datetime": {"datetime": "2021-09-29 15:27:05", "elapsed": 140.161855, "delta": 1.449876}}
{"target": -42.52767653799357, "params": {"eta": 0.3833575117920459, "max_depth": 9.58694860072036, "n_estimators": 42.84247821565422}, "datetime": {"datetime": "2021-09-29 15:27:06", "elapsed": 141.21585, "delta": 1.053995}}
{"target": -40.59797560338974, "params": {"eta": 0.4638902346471118, "max_depth": 19.103173443500214, "n_estimators": 66.46795836653494}, "datetime": {"datetime": "2021-09-29 15:27:07", "elapsed": 142.463851, "delta": 1.248001}}
{"target": -40.04963995426369, "params": {"eta": 0.01, "max_depth": 8.199675962066232, "n_estimators": 97.20251476675}, "datetime": {"datetime": "2021-09-29 15:27:08", "elapsed": 143.664025, "delta": 1.200174}}
{"target": -43.98022261682908, "params": {"eta": 0.5, "max_depth": 13.956476040827198, "n_estimators": 33.13092647847721}, "datetime": {"datetime": "2021-09-29 15:27:09", "elapsed": 144.757651, "delta": 1.093626}}
{"target": -87.330008318842, "params": {"eta": 0.01, "max_depth": 3.768116825590299, "n_estimators": 11.827450069397756}, "datetime": {"datetime": "2021-09-29 15:27:10", "elapsed": 145.638908, "delta": 0.881257}}
{"target": -69.82195758836825, "params": {"eta": 0.03413413558456361, "max_depth": 5.264279873542106, "n_estimators": 10.185666996008768}, "datetime": {"datetime": "2021-09-29 15:27:11", "elapsed": 146.384313, "delta": 0.745405}}
{"target": -39.67140155278146, "params": {"eta": 0.22078039123693688, "max_depth": 2.4929505579975753, "n_estimators": 57.48240893367905}, "datetime": {"datetime": "2021-09-29 15:27:12", "elapsed": 146.958315, "delta": 0.574002}}
{"target": -39.365315448965625, "params": {"eta": 0.1584724394385828, "max_depth": 23.39333183902874, "n_estimators": 68.29678117512691}, "datetime": {"datetime": "2021-09-29 15:27:13", "elapsed": 148.274596, "delta": 1.316281}}
{"target": -39.82487964689909, "params": {"eta": 0.17609863434206063, "max_depth": 10.156858109833763, "n_estimators": 36.95066166812186}, "datetime": {"datetime": "2021-09-29 15:27:14", "elapsed": 149.275596, "delta": 1.001}}
{"target": -41.62990751826348, "params": {"eta": 0.0344649563344518, "max_depth": 3.664364594699431, "n_estimators": 25.315766904542244}, "datetime": {"datetime": "2021-09-29 15:27:15", "elapsed": 150.059816, "delta": 0.78422}}
{"target": -42.81091554984444, "params": {"eta": 0.4337475269926822, "max_depth": 20.503896043926577, "n_estimators": 58.38684476899385}, "datetime": {"datetime": "2021-09-29 15:27:16", "elapsed": 151.166814, "delta": 1.106998}}
{"target": -36.13398579478238, "params": {"eta": 0.034412731040094124, "max_depth": 5.4031311419666, "n_estimators": 42.67100412683546}, "datetime": {"datetime": "2021-09-29 15:27:17", "elapsed": 152.087818, "delta": 0.921004}}
{"target": -38.75809877424696, "params": {"eta": 0.26205597643494516, "max_depth": 2.9603719088263256, "n_estimators": 57.37004132943377}, "datetime": {"datetime": "2021-09-29 15:27:17", "elapsed": 152.779837, "delta": 0.692019}}
{"target": -35.61953339667619, "params": {"eta": 0.17086471115411725, "max_depth": 13.12349386376835, "n_estimators": 8.043155040863638}, "datetime": {"datetime": "2021-09-29 15:27:18", "elapsed": 153.385602, "delta": 0.605765}}
{"target": -36.53515158079775, "params": {"eta": 0.07281055951758053, "max_depth": 2.043590913602572, "n_estimators": 33.81289568166558}, "datetime": {"datetime": "2021-09-29 15:27:19", "elapsed": 154.085613, "delta": 0.700011}}
{"target": -36.42116601290111, "params": {"eta": 0.076604155209846, "max_depth": 1.2514167814590778, "n_estimators": 19.06451956688717}, "datetime": {"datetime": "2021-09-29 15:27:19", "elapsed": 154.772601, "delta": 0.686988}}
{"target": -37.555101598409415, "params": {"eta": 0.4495599867073353, "max_depth": 24.919062751208234, "n_estimators": 4.699899562623604}, "datetime": {"datetime": "2021-09-29 15:27:20", "elapsed": 155.497822, "delta": 0.725221}}
{"target": -41.242064638131836, "params": {"eta": 0.34731682892622434, "max_depth": 29.11604477837563, "n_estimators": 91.70351292578634}, "datetime": {"datetime": "2021-09-29 15:27:21", "elapsed": 156.537821, "delta": 1.039999}}
{"target": -39.64334190034236, "params": {"eta": 0.4834825020758036, "max_depth": 17.255851303516646, "n_estimators": 23.814176553353562}, "datetime": {"datetime": "2021-09-29 15:27:22", "elapsed": 157.402284, "delta": 0.864463}}
{"target": -42.80691150879212, "params": {"eta": 0.4161665468200019, "max_depth": 4.362108082536606, "n_estimators": 51.741770079595845}, "datetime": {"datetime": "2021-09-29 15:27:23", "elapsed": 158.200284, "delta": 0.798}}
{"target": -41.84054262315923, "params": {"eta": 0.12480934872013696, "max_depth": 7.232069650426608, "n_estimators": 48.23779802323614}, "datetime": {"datetime": "2021-09-29 15:27:24", "elapsed": 159.057283, "delta": 0.856999}}
{"target": -41.41521471767123, "params": {"eta": 0.45815325251363037, "max_depth": 2.1587008633201386, "n_estimators": 47.579258052127656}, "datetime": {"datetime": "2021-09-29 15:27:24", "elapsed": 159.920445, "delta": 0.863162}}
{"target": -41.31421137333164, "params": {"eta": 0.48781311355085527, "max_depth": 14.680235405417765, "n_estimators": 70.21584427150515}, "datetime": {"datetime": "2021-09-29 15:27:25", "elapsed": 160.754442, "delta": 0.833997}}
{"target": -37.23669486598648, "params": {"eta": 0.39066731967985735, "max_depth": 8.369467649377421, "n_estimators": 4.552855397128846}, "datetime": {"datetime": "2021-09-29 15:27:26", "elapsed": 161.600712, "delta": 0.84627}}
{"target": -39.75187236760716, "params": {"eta": 0.10930162586232374, "max_depth": 15.555167444143665, "n_estimators": 63.33466129599578}, "datetime": {"datetime": "2021-09-29 15:27:27", "elapsed": 162.830403, "delta": 1.229691}}
{"target": -35.331209513921564, "params": {"eta": 0.16295702088705266, "max_depth": 24.297556051926616, "n_estimators": 16.063308158871664}, "datetime": {"datetime": "2021-09-29 15:27:28", "elapsed": 163.537883, "delta": 0.70748}}
{"target": -37.927895223382095, "params": {"eta": 0.3706474898222348, "max_depth": 29.34800165622974, "n_estimators": 4.333267103338765}, "datetime": {"datetime": "2021-09-29 15:27:29", "elapsed": 164.576877, "delta": 1.038994}}
{"target": -39.85897354720073, "params": {"eta": 0.2419685413685666, "max_depth": 20.261332884616888, "n_estimators": 35.866910948032064}, "datetime": {"datetime": "2021-09-29 15:27:30", "elapsed": 165.48603, "delta": 0.909153}}
{"target": -38.69352989759358, "params": {"eta": 0.05761649454799047, "max_depth": 4.275624860399136, "n_estimators": 64.81410676179968}, "datetime": {"datetime": "2021-09-29 15:27:31", "elapsed": 166.255034, "delta": 0.769004}}
{"target": -43.87426672044668, "params": {"eta": 0.41756922734154517, "max_depth": 16.080467166428427, "n_estimators": 84.9904735682957}, "datetime": {"datetime": "2021-09-29 15:27:32", "elapsed": 167.326031, "delta": 1.070997}}
{"target": -37.739935331132635, "params": {"eta": 0.04630120999430078, "max_depth": 21.892509894064137, "n_estimators": 85.86921962301771}, "datetime": {"datetime": "2021-09-29 15:27:33", "elapsed": 168.455996, "delta": 1.129965}}
{"target": -38.77155360624342, "params": {"eta": 0.08973168480829401, "max_depth": 3.8605007279761745, "n_estimators": 50.6741583254523}, "datetime": {"datetime": "2021-09-29 15:27:34", "elapsed": 169.372717, "delta": 0.916721}}
{"target": -39.56936677595547, "params": {"eta": 0.31677274503408637, "max_depth": 24.476813151871912, "n_estimators": 38.52145783472304}, "datetime": {"datetime": "2021-09-29 15:27:35", "elapsed": 170.32669, "delta": 0.953973}}
{"target": -38.50381733164885, "params": {"eta": 0.3011667186254083, "max_depth": 1.3963335604713234, "n_estimators": 60.84416289182174}, "datetime": {"datetime": "2021-09-29 15:27:36", "elapsed": 170.994687, "delta": 0.667997}}
{"target": -39.78822335177899, "params": {"eta": 0.1325452475294522, "max_depth": 7.798854040579425, "n_estimators": 81.72291334556118}, "datetime": {"datetime": "2021-09-29 15:27:36", "elapsed": 171.879918, "delta": 0.885231}}
{"target": -42.62354699405911, "params": {"eta": 0.4347599097769354, "max_depth": 11.016085025403155, "n_estimators": 2.339121880087141}, "datetime": {"datetime": "2021-09-29 15:27:37", "elapsed": 172.571919, "delta": 0.692001}}
{"target": -40.25875599155875, "params": {"eta": 0.10072361488514496, "max_depth": 13.469659729066056, "n_estimators": 96.03439581416383}, "datetime": {"datetime": "2021-09-29 15:27:38", "elapsed": 173.904323, "delta": 1.332404}}
{"target": -38.94604902857112, "params": {"eta": 0.06700819881446986, "max_depth": 20.107023172069436, "n_estimators": 54.601323802386595}, "datetime": {"datetime": "2021-09-29 15:27:40", "elapsed": 174.989326, "delta": 1.085003}}
{"target": -43.74154486256202, "params": {"eta": 0.31620883905929187, "max_depth": 4.729728144026032, "n_estimators": 67.29097975791952}, "datetime": {"datetime": "2021-09-29 15:27:40", "elapsed": 175.905677, "delta": 0.916351}}
{"target": -38.92198517177475, "params": {"eta": 0.145566444491703, "max_depth": 11.741818616941256, "n_estimators": 7.405915480485773}, "datetime": {"datetime": "2021-09-29 15:27:41", "elapsed": 176.579674, "delta": 0.673997}}
{"target": -39.81460880636282, "params": {"eta": 0.24289814320665787, "max_depth": 14.501935044514239, "n_estimators": 56.49503506399904}, "datetime": {"datetime": "2021-09-29 15:27:42", "elapsed": 177.609902, "delta": 1.030228}}
{"target": -39.55311073311198, "params": {"eta": 0.2684464690073322, "max_depth": 25.086113672356046, "n_estimators": 46.33453543754232}, "datetime": {"datetime": "2021-09-29 15:27:43", "elapsed": 178.8206, "delta": 1.210698}}
{"target": -37.892098951243376, "params": {"eta": 0.07230805391969997, "max_depth": 2.8854596524772345, "n_estimators": 44.295860180993294}, "datetime": {"datetime": "2021-09-29 15:27:44", "elapsed": 179.57177, "delta": 0.75117}}
{"target": -40.14714574987004, "params": {"eta": 0.26078305054058715, "max_depth": 12.675087815744865, "n_estimators": 18.893326595976532}, "datetime": {"datetime": "2021-09-29 15:27:45", "elapsed": 180.707377, "delta": 1.135607}}
{"target": -38.7700587150157, "params": {"eta": 0.07614588162376826, "max_depth": 2.631998105893765, "n_estimators": 90.3900883418305}, "datetime": {"datetime": "2021-09-29 15:27:46", "elapsed": 181.612167, "delta": 0.90479}}
{"target": -35.27903777076752, "params": {"eta": 0.0443462444547468, "max_depth": 29.270534282680746, "n_estimators": 41.05410062562917}, "datetime": {"datetime": "2021-09-29 15:27:47", "elapsed": 182.524167, "delta": 0.912}}
{"target": -39.67915664449392, "params": {"eta": 0.13738176394065843, "max_depth": 7.2600980766307455, "n_estimators": 61.86196504781476}, "datetime": {"datetime": "2021-09-29 15:27:48", "elapsed": 183.50146, "delta": 0.977293}}
{"target": -42.600728184963536, "params": {"eta": 0.4052963932733216, "max_depth": 11.587829186899896, "n_estimators": 19.57860599793046}, "datetime": {"datetime": "2021-09-29 15:27:49", "elapsed": 184.420514, "delta": 0.919054}}
{"target": -42.44470240649744, "params": {"eta": 0.38562219029674244, "max_depth": 22.920537275406883, "n_estimators": 24.507883243898746}, "datetime": {"datetime": "2021-09-29 15:27:50", "elapsed": 185.513394, "delta": 1.09288}}
{"target": -69.86505803001526, "params": {"eta": 0.03495040122632089, "max_depth": 9.75843789549457, "n_estimators": 10.983654448481603}, "datetime": {"datetime": "2021-09-29 15:27:51", "elapsed": 186.214397, "delta": 0.701003}}
{"target": -41.14816223036918, "params": {"eta": 0.32210165611952696, "max_depth": 10.7756353403245, "n_estimators": 25.075962399188974}, "datetime": {"datetime": "2021-09-29 15:27:52", "elapsed": 187.064397, "delta": 0.85}}
{"target": -34.67700869285149, "params": {"eta": 0.03270195838330919, "max_depth": 4.5250922694031255, "n_estimators": 56.70648862746711}, "datetime": {"datetime": "2021-09-29 15:27:52", "elapsed": 187.894432, "delta": 0.830035}}
{"target": -45.96398622259038, "params": {"eta": 0.020768736923907852, "max_depth": 17.155171301129496, "n_estimators": 37.11159553069973}, "datetime": {"datetime": "2021-09-29 15:27:53", "elapsed": 188.724128, "delta": 0.829696}}
{"target": -38.10276442020736, "params": {"eta": 0.08821142160917857, "max_depth": 27.293798610294928, "n_estimators": 52.302936863745586}, "datetime": {"datetime": "2021-09-29 15:27:54", "elapsed": 189.807266, "delta": 1.083138}}
{"target": -41.795998987174144, "params": {"eta": 0.377776406731815, "max_depth": 17.901717883589896, "n_estimators": 83.15351614929479}, "datetime": {"datetime": "2021-09-29 15:27:55", "elapsed": 190.844242, "delta": 1.036976}}
{"target": -39.48272193150537, "params": {"eta": 0.21746999618010895, "max_depth": 23.300075395869555, "n_estimators": 16.995152283012338}, "datetime": {"datetime": "2021-09-29 15:27:56", "elapsed": 191.617479, "delta": 0.773237}}
{"target": -37.966554806355504, "params": {"eta": 0.44014598268867355, "max_depth": 25.57786656615396, "n_estimators": 7.548397436731434}, "datetime": {"datetime": "2021-09-29 15:27:57", "elapsed": 192.552016, "delta": 0.934537}}
{"target": -38.723374824118615, "params": {"eta": 0.4374830986701811, "max_depth": 5.303278719705548, "n_estimators": 2.8166967468213286}, "datetime": {"datetime": "2021-09-29 15:27:58", "elapsed": 193.522326, "delta": 0.97031}}
{"target": -41.022811365863745, "params": {"eta": 0.1890410339448513, "max_depth": 17.227341868310937, "n_estimators": 51.206320644754356}, "datetime": {"datetime": "2021-09-29 15:27:59", "elapsed": 194.528326, "delta": 1.006}}
{"target": -39.23544591951895, "params": {"eta": 0.25213510307242665, "max_depth": 19.976529965646705, "n_estimators": 9.728145354561812}, "datetime": {"datetime": "2021-09-29 15:28:00", "elapsed": 195.329976, "delta": 0.80165}}
{"target": -37.613381668408316, "params": {"eta": 0.3335307287108351, "max_depth": 1.7644262326031812, "n_estimators": 50.22757644728938}, "datetime": {"datetime": "2021-09-29 15:28:01", "elapsed": 196.214153, "delta": 0.884177}}
{"target": -39.908417244862044, "params": {"eta": 0.11088026155194784, "max_depth": 19.04441204057846, "n_estimators": 80.57081249285073}, "datetime": {"datetime": "2021-09-29 15:28:02", "elapsed": 197.479158, "delta": 1.265005}}
{"target": -39.859283232739415, "params": {"eta": 0.2668154568605028, "max_depth": 5.690304875320413, "n_estimators": 14.81929592261557}, "datetime": {"datetime": "2021-09-29 15:28:03", "elapsed": 198.585386, "delta": 1.106228}}
{"target": -38.36677442323108, "params": {"eta": 0.12617047880988458, "max_depth": 26.92292243085382, "n_estimators": 20.608212241914995}, "datetime": {"datetime": "2021-09-29 15:28:04", "elapsed": 199.608822, "delta": 1.023436}}
{"target": -35.02271609845316, "params": {"eta": 0.023668744080553507, "max_depth": 7.482066837418583, "n_estimators": 81.54363032444766}, "datetime": {"datetime": "2021-09-29 15:28:05", "elapsed": 200.719702, "delta": 1.11088}}
