{"target": -42.77571633704623, "params": {"eta": 0.06755144058613695, "max_depth": 1.4699055318474674, "n_estimators": 306.0328095590669}, "datetime": {"datetime": "2021-09-24 17:00:50", "elapsed": 416.757945, "delta": 2.327074}}
{"target": -43.79620186368326, "params": {"eta": 0.13472983371056027, "max_depth": 1.3446514070727253, "n_estimators": 304.7246385167003}, "datetime": {"datetime": "2021-09-24 17:00:53", "elapsed": 419.188685, "delta": 2.43074}}
{"target": -42.769463273815646, "params": {"eta": 0.06811370471059125, "max_depth": 1.4271827088259026, "n_estimators": 304.1481442567158}, "datetime": {"datetime": "2021-09-24 17:00:55", "elapsed": 421.609707, "delta": 2.421022}}
{"target": -45.55783466826704, "params": {"eta": 0.2673148275860157, "max_depth": 1.8970201503146313, "n_estimators": 304.3277091315568}, "datetime": {"datetime": "2021-09-24 17:00:58", "elapsed": 424.11037, "delta": 2.500663}}
{"target": -46.10808707359142, "params": {"eta": 0.2893415769022039, "max_depth": 1.6707611169629581, "n_estimators": 300.97686747996636}, "datetime": {"datetime": "2021-09-24 17:00:59", "elapsed": 425.601895, "delta": 1.491525}}
{"target": -46.96806744166783, "params": {"eta": 0.3778370816335266, "max_depth": 1.1696587093348827, "n_estimators": 304.3235987530779}, "datetime": {"datetime": "2021-09-24 17:01:02", "elapsed": 428.330566, "delta": 2.728671}}
{"target": -44.811011629893365, "params": {"eta": 0.21603704312596894, "max_depth": 1.7048255444132085, "n_estimators": 303.7408454830713}, "datetime": {"datetime": "2021-09-24 17:01:05", "elapsed": 431.430266, "delta": 3.0997}}
{"target": -43.119704483146954, "params": {"eta": 0.09555401722554141, "max_depth": 1.180265263567821, "n_estimators": 303.68603089538504}, "datetime": {"datetime": "2021-09-24 17:01:08", "elapsed": 434.185208, "delta": 2.754942}}
{"target": -47.093571591198, "params": {"eta": 0.3175120676639886, "max_depth": 1.1290112725095678, "n_estimators": 303.2255764237922}, "datetime": {"datetime": "2021-09-24 17:01:11", "elapsed": 436.799207, "delta": 2.613999}}
{"target": -42.84492730735836, "params": {"eta": 0.05841146830118753, "max_depth": 1.5176300612668552, "n_estimators": 305.2006831483125}, "datetime": {"datetime": "2021-09-24 17:01:13", "elapsed": 439.195667, "delta": 2.39646}}
{"target": -48.74665513433012, "params": {"eta": 0.46054879961349415, "max_depth": 1.214000116746878, "n_estimators": 305.11533980785504}, "datetime": {"datetime": "2021-09-24 17:01:16", "elapsed": 441.825728, "delta": 2.630061}}
{"target": -46.28213933356722, "params": {"eta": 0.2603375989792306, "max_depth": 1.0127884007514003, "n_estimators": 366.6517548198507}, "datetime": {"datetime": "2021-09-24 17:01:18", "elapsed": 444.408589, "delta": 2.582861}}
{"target": -46.54511781563436, "params": {"eta": 0.05824544815877705, "max_depth": 2.4444056240999954, "n_estimators": 473.766060435575}, "datetime": {"datetime": "2021-09-24 17:01:21", "elapsed": 446.840586, "delta": 2.431997}}
{"target": -44.492633475396865, "params": {"eta": 0.16775121162884524, "max_depth": 1.8733712748293316, "n_estimators": 304.9183516769562}, "datetime": {"datetime": "2021-09-24 17:01:23", "elapsed": 449.618825, "delta": 2.778239}}
{"target": -47.302777426583425, "params": {"eta": 0.35277359572501915, "max_depth": 1.5035372589726972, "n_estimators": 350.4301331760349}, "datetime": {"datetime": "2021-09-24 17:01:25", "elapsed": 451.275153, "delta": 1.656328}}
{"target": -53.21537116774939, "params": {"eta": 0.4279616521286041, "max_depth": 2.774150630789351, "n_estimators": 474.43160869769287}, "datetime": {"datetime": "2021-09-24 17:01:28", "elapsed": 454.278642, "delta": 3.003489}}
{"target": -51.85833503608417, "params": {"eta": 0.22990860480388814, "max_depth": 2.9066960030171227, "n_estimators": 398.70600567830667}, "datetime": {"datetime": "2021-09-24 17:01:31", "elapsed": 457.005419, "delta": 2.726777}}
{"target": -50.76230704739578, "params": {"eta": 0.21112626887119096, "max_depth": 2.647509598683225, "n_estimators": 460.82284393401}, "datetime": {"datetime": "2021-09-24 17:01:33", "elapsed": 459.020166, "delta": 2.014747}}
{"target": -47.77005959991226, "params": {"eta": 0.3706566935417581, "max_depth": 1.2573025676000436, "n_estimators": 340.5922023775506}, "datetime": {"datetime": "2021-09-24 17:01:35", "elapsed": 461.078013, "delta": 2.057847}}
{"target": -45.193906837836245, "params": {"eta": 0.1999949590434108, "max_depth": 1.2763407867627208, "n_estimators": 359.97329013617815}, "datetime": {"datetime": "2021-09-24 17:01:37", "elapsed": 463.489002, "delta": 2.410989}}
{"target": -50.12071722073662, "params": {"eta": 0.4650843662634924, "max_depth": 1.023555423328016, "n_estimators": 417.2311956831248}, "datetime": {"datetime": "2021-09-24 17:01:40", "elapsed": 466.253533, "delta": 2.764531}}
{"target": -44.67116757801601, "params": {"eta": 0.18664732559833724, "max_depth": 1.0447561814274389, "n_estimators": 335.5717579300664}, "datetime": {"datetime": "2021-09-24 17:01:43", "elapsed": 469.296952, "delta": 3.043419}}
{"target": -44.932052913465, "params": {"eta": 0.19417426352463824, "max_depth": 1.545195875749306, "n_estimators": 335.19004870279775}, "datetime": {"datetime": "2021-09-24 17:01:47", "elapsed": 473.335809, "delta": 4.038857}}
{"target": -43.85454425955177, "params": {"eta": 0.14248379342744252, "max_depth": 1.6257467055060577, "n_estimators": 335.8970685444839}, "datetime": {"datetime": "2021-09-24 17:01:49", "elapsed": 475.758612, "delta": 2.422803}}
{"target": -45.793481549150066, "params": {"eta": 0.19716500392882452, "max_depth": 1.3697710447536477, "n_estimators": 422.286464594993}, "datetime": {"datetime": "2021-09-24 17:01:52", "elapsed": 478.432296, "delta": 2.673684}}
{"target": -51.2593080477607, "params": {"eta": 0.38359708864290765, "max_depth": 2.8183280957813963, "n_estimators": 498.69197796928535}, "datetime": {"datetime": "2021-09-24 17:01:54", "elapsed": 480.413224, "delta": 1.980928}}
{"target": -52.590906071483644, "params": {"eta": 0.4663661709001909, "max_depth": 2.55407264229538, "n_estimators": 420.96958479030343}, "datetime": {"datetime": "2021-09-24 17:01:56", "elapsed": 482.367713, "delta": 1.954489}}
{"target": -49.03702240778988, "params": {"eta": 0.14012953305541304, "max_depth": 2.4383166665039986, "n_estimators": 357.68010113320724}, "datetime": {"datetime": "2021-09-24 17:01:59", "elapsed": 484.803563, "delta": 2.43585}}
{"target": -52.29189909804136, "params": {"eta": 0.24322516324993793, "max_depth": 2.5598634664068256, "n_estimators": 480.854410597816}, "datetime": {"datetime": "2021-09-24 17:02:01", "elapsed": 486.843864, "delta": 2.040301}}
{"target": -47.94837542942592, "params": {"eta": 0.382801677780542, "max_depth": 1.2532151566912615, "n_estimators": 336.26397295870055}, "datetime": {"datetime": "2021-09-24 17:02:05", "elapsed": 490.911647, "delta": 4.067783}}
{"target": -49.61779516464785, "params": {"eta": 0.1804508625969639, "max_depth": 2.1881494920415663, "n_estimators": 335.70318114216667}, "datetime": {"datetime": "2021-09-24 17:02:08", "elapsed": 494.751337, "delta": 3.83969}}
{"target": -45.962999110831355, "params": {"eta": 0.25280557977160606, "max_depth": 1.113880591459718, "n_estimators": 334.7594270444481}, "datetime": {"datetime": "2021-09-24 17:02:12", "elapsed": 498.644888, "delta": 3.893551}}
{"target": -43.18426100652021, "params": {"eta": 0.0762369732781476, "max_depth": 1.9211920433973426, "n_estimators": 384.84094987696693}, "datetime": {"datetime": "2021-09-24 17:02:15", "elapsed": 501.086406, "delta": 2.441518}}
{"target": -52.513293277052114, "params": {"eta": 0.28815440745332166, "max_depth": 2.259481844082013, "n_estimators": 385.1044395081415}, "datetime": {"datetime": "2021-09-24 17:02:18", "elapsed": 504.167945, "delta": 3.081539}}
{"target": -44.20873851345894, "params": {"eta": 0.12744278824838673, "max_depth": 1.495731098515333, "n_estimators": 384.9704836382646}, "datetime": {"datetime": "2021-09-24 17:02:22", "elapsed": 507.924804, "delta": 3.756859}}
{"target": -52.32361487965835, "params": {"eta": 0.4868085895223594, "max_depth": 2.681564778963033, "n_estimators": 360.7062995080623}, "datetime": {"datetime": "2021-09-24 17:02:23", "elapsed": 509.653456, "delta": 1.728652}}
{"target": -43.15370596978897, "params": {"eta": 0.08182421465912258, "max_depth": 1.7679135168048572, "n_estimators": 384.5041311349754}, "datetime": {"datetime": "2021-09-24 17:02:27", "elapsed": 512.815057, "delta": 3.161601}}
{"target": -48.40709240992266, "params": {"eta": 0.10805844238165191, "max_depth": 2.260074242898898, "n_estimators": 384.0617066691629}, "datetime": {"datetime": "2021-09-24 17:02:30", "elapsed": 516.127385, "delta": 3.312328}}
{"target": -43.334004136852755, "params": {"eta": 0.08607053966929279, "max_depth": 1.2521299619629451, "n_estimators": 384.47548695770064}, "datetime": {"datetime": "2021-09-24 17:02:34", "elapsed": 519.874548, "delta": 3.747163}}
{"target": -50.15183222204223, "params": {"eta": 0.4978660690247553, "max_depth": 1.5180201921885652, "n_estimators": 384.74381733700545}, "datetime": {"datetime": "2021-09-24 17:02:37", "elapsed": 522.948793, "delta": 3.074245}}
{"target": -42.85712992159048, "params": {"eta": 0.05629906736532377, "max_depth": 1.7483490826014239, "n_estimators": 366.9640963748485}, "datetime": {"datetime": "2021-09-24 17:02:40", "elapsed": 525.845882, "delta": 2.897089}}
{"target": -46.202675726180686, "params": {"eta": 0.06362659679328637, "max_depth": 2.098132642364581, "n_estimators": 367.57672833847784}, "datetime": {"datetime": "2021-09-24 17:02:44", "elapsed": 530.711527, "delta": 4.865645}}
{"target": -50.76402977713965, "params": {"eta": 0.2702025074251562, "max_depth": 2.7359108896463713, "n_estimators": 456.64794747410645}, "datetime": {"datetime": "2021-09-24 17:02:46", "elapsed": 532.708925, "delta": 1.997398}}
{"target": -42.76180473843912, "params": {"eta": 0.05993109164161326, "max_depth": 1.7968439841693504, "n_estimators": 366.61032263841406}, "datetime": {"datetime": "2021-09-24 17:02:51", "elapsed": 537.221646, "delta": 4.512721}}
{"target": -48.97077400523021, "params": {"eta": 0.4382334611473641, "max_depth": 1.9442005666907947, "n_estimators": 334.37211709005834}, "datetime": {"datetime": "2021-09-24 17:02:54", "elapsed": 540.38315, "delta": 3.161504}}
{"target": -42.73298315177286, "params": {"eta": 0.05089386685668934, "max_depth": 1.7499850613259211, "n_estimators": 366.97650952887585}, "datetime": {"datetime": "2021-09-24 17:02:56", "elapsed": 542.198166, "delta": 1.815016}}
{"target": -43.35786836667168, "params": {"eta": 0.0882466729911816, "max_depth": 1.2325481889213787, "n_estimators": 385.4635525998937}, "datetime": {"datetime": "2021-09-24 17:02:59", "elapsed": 545.782841, "delta": 3.584675}}
{"target": -43.161968431974714, "params": {"eta": 0.0792808416790889, "max_depth": 1.1069591026189995, "n_estimators": 385.91158063617075}, "datetime": {"datetime": "2021-09-24 17:03:03", "elapsed": 549.586087, "delta": 3.803246}}
{"target": -49.40604650884643, "params": {"eta": 0.48897004004601297, "max_depth": 1.3481987302694853, "n_estimators": 385.9292091450127}, "datetime": {"datetime": "2021-09-24 17:03:07", "elapsed": 552.884244, "delta": 3.298157}}
{"target": -47.87566609490187, "params": {"eta": 0.39544347557680487, "max_depth": 1.5695012758125917, "n_estimators": 306.2217097704052}, "datetime": {"datetime": "2021-09-24 17:03:08", "elapsed": 554.490437, "delta": 1.606193}}
{"target": -43.12838016596056, "params": {"eta": 0.08498904597873932, "max_depth": 1.048804391162458, "n_estimators": 386.52295449119146}, "datetime": {"datetime": "2021-09-24 17:03:11", "elapsed": 557.593775, "delta": 3.103338}}
{"target": -45.53951751020618, "params": {"eta": 0.20150063570230375, "max_depth": 1.0807123499951494, "n_estimators": 386.95284498137687}, "datetime": {"datetime": "2021-09-24 17:03:14", "elapsed": 560.209429, "delta": 2.615654}}
{"target": -45.58443763560818, "params": {"eta": 0.07223394143876122, "max_depth": 2.7875257451722266, "n_estimators": 306.41807615635173}, "datetime": {"datetime": "2021-09-24 17:03:17", "elapsed": 563.262665, "delta": 3.053236}}
{"target": -49.16211340481177, "params": {"eta": 0.1507738855648554, "max_depth": 2.998564825058381, "n_estimators": 307.20396381690875}, "datetime": {"datetime": "2021-09-24 17:03:20", "elapsed": 565.882575, "delta": 2.61991}}
{"target": -43.839367672913056, "params": {"eta": 0.11084597576248084, "max_depth": 1.0856537820492207, "n_estimators": 385.0484292471342}, "datetime": {"datetime": "2021-09-24 17:03:23", "elapsed": 569.077774, "delta": 3.195199}}
{"target": -51.37016778153584, "params": {"eta": 0.2772600299003135, "max_depth": 2.287314577044577, "n_estimators": 411.3336380142896}, "datetime": {"datetime": "2021-09-24 17:03:25", "elapsed": 570.815031, "delta": 1.737257}}
{"target": -43.419248451863915, "params": {"eta": 0.09028385826864567, "max_depth": 1.4648615457503633, "n_estimators": 397.8228688294786}, "datetime": {"datetime": "2021-09-24 17:03:26", "elapsed": 572.642796, "delta": 1.827765}}
{"target": -48.457272816421394, "params": {"eta": 0.3953513789354299, "max_depth": 1.1141213387588427, "n_estimators": 398.0927748260476}, "datetime": {"datetime": "2021-09-24 17:03:30", "elapsed": 575.894801, "delta": 3.252005}}
{"target": -44.651611392659355, "params": {"eta": 0.1397763392076702, "max_depth": 1.4602319468537988, "n_estimators": 397.3407310826161}, "datetime": {"datetime": "2021-09-24 17:03:33", "elapsed": 578.936764, "delta": 3.041963}}
{"target": -53.63040717203814, "params": {"eta": 0.4945597033027816, "max_depth": 2.7622561548527753, "n_estimators": 385.593955426314}, "datetime": {"datetime": "2021-09-24 17:03:35", "elapsed": 580.965378, "delta": 2.028614}}
{"target": -49.23319703295715, "params": {"eta": 0.42226531317239757, "max_depth": 1.944390301456689, "n_estimators": 397.72212977375074}, "datetime": {"datetime": "2021-09-24 17:03:38", "elapsed": 584.652941, "delta": 3.687563}}
{"target": -45.90970471030787, "params": {"eta": 0.26690151792462646, "max_depth": 1.0727092463647458, "n_estimators": 346.6985666786465}, "datetime": {"datetime": "2021-09-24 17:03:40", "elapsed": 586.79153, "delta": 2.138589}}
{"target": -43.238259939322795, "params": {"eta": 0.07163568048472682, "max_depth": 1.0036682920219488, "n_estimators": 422.0922417602517}, "datetime": {"datetime": "2021-09-24 17:03:44", "elapsed": 590.72767, "delta": 3.93614}}
{"target": -46.57327719738609, "params": {"eta": 0.2725742815276826, "max_depth": 1.1160603099851862, "n_estimators": 396.53959406445404}, "datetime": {"datetime": "2021-09-24 17:03:49", "elapsed": 595.643976, "delta": 4.916306}}
{"target": -51.51281374020684, "params": {"eta": 0.3553199875366884, "max_depth": 2.019211103610511, "n_estimators": 461.466757121853}, "datetime": {"datetime": "2021-09-24 17:03:52", "elapsed": 598.004216, "delta": 2.36024}}
{"target": -52.68630033507383, "params": {"eta": 0.438375049232993, "max_depth": 2.1703597499940575, "n_estimators": 342.0862249355765}, "datetime": {"datetime": "2021-09-24 17:03:54", "elapsed": 600.432548, "delta": 2.428332}}
{"target": -43.81103303378686, "params": {"eta": 0.14163616441832097, "max_depth": 1.0610644716329973, "n_estimators": 322.1101965694513}, "datetime": {"datetime": "2021-09-24 17:03:57", "elapsed": 603.508667, "delta": 3.076119}}
{"target": -47.251325155559336, "params": {"eta": 0.3318768795465058, "max_depth": 1.5021296648722278, "n_estimators": 322.3984560576139}, "datetime": {"datetime": "2021-09-24 17:04:01", "elapsed": 607.135513, "delta": 3.626846}}
{"target": -43.21689275870646, "params": {"eta": 0.09949062359124342, "max_depth": 1.0676566188870666, "n_estimators": 321.59249860778124}, "datetime": {"datetime": "2021-09-24 17:04:04", "elapsed": 609.93411, "delta": 2.798597}}
{"target": -47.45252652275831, "params": {"eta": 0.37649006784422046, "max_depth": 1.2286190878770402, "n_estimators": 321.7372184589021}, "datetime": {"datetime": "2021-09-24 17:04:08", "elapsed": 613.87721, "delta": 3.9431}}
{"target": -42.97874158127863, "params": {"eta": 0.08544408901318687, "max_depth": 1.7678089050430246, "n_estimators": 315.7721840520761}, "datetime": {"datetime": "2021-09-24 17:04:09", "elapsed": 615.748757, "delta": 1.871547}}
{"target": -49.75902011699246, "params": {"eta": 0.15535235420673374, "max_depth": 2.2380999040866163, "n_estimators": 316.0781282292997}, "datetime": {"datetime": "2021-09-24 17:04:13", "elapsed": 619.278619, "delta": 3.529862}}
{"target": -44.181216447873226, "params": {"eta": 0.11579480043380166, "max_depth": 1.1499383349174932, "n_estimators": 440.0185978737986}, "datetime": {"datetime": "2021-09-24 17:04:16", "elapsed": 621.944723, "delta": 2.666104}}
{"target": -43.712973085561195, "params": {"eta": 0.1330578392625215, "max_depth": 1.5679779504969902, "n_estimators": 315.3473998485485}, "datetime": {"datetime": "2021-09-24 17:04:19", "elapsed": 625.086758, "delta": 3.142035}}
{"target": -43.37013497029928, "params": {"eta": 0.11359155750610127, "max_depth": 1.1492152836644625, "n_estimators": 321.0130986495753}, "datetime": {"datetime": "2021-09-24 17:04:22", "elapsed": 628.079997, "delta": 2.993239}}
{"target": -45.813417506397215, "params": {"eta": 0.057694182435278484, "max_depth": 2.9831705600948393, "n_estimators": 381.9696955114572}, "datetime": {"datetime": "2021-09-24 17:04:25", "elapsed": 631.529246, "delta": 3.449249}}
{"target": -43.1446274205258, "params": {"eta": 0.08377720653227294, "max_depth": 1.568143475456256, "n_estimators": 386.6226296662594}, "datetime": {"datetime": "2021-09-24 17:04:29", "elapsed": 634.887062, "delta": 3.357816}}
{"target": -50.285815532942465, "params": {"eta": 0.4536412206972939, "max_depth": 1.0038869047891723, "n_estimators": 450.41170538043707}, "datetime": {"datetime": "2021-09-24 17:04:33", "elapsed": 638.861749, "delta": 3.974687}}
{"target": -48.15740706508321, "params": {"eta": 0.372279692997402, "max_depth": 1.7438224497869126, "n_estimators": 387.1650243693626}, "datetime": {"datetime": "2021-09-24 17:04:36", "elapsed": 642.52958, "delta": 3.667831}}
{"target": -47.695693790464475, "params": {"eta": 0.34592079639777057, "max_depth": 1.7866748978860605, "n_estimators": 393.4875403519097}, "datetime": {"datetime": "2021-09-24 17:04:38", "elapsed": 644.523151, "delta": 1.993571}}
{"target": -42.786145776734315, "params": {"eta": 0.06700863962156603, "max_depth": 1.566514095499535, "n_estimators": 321.0486855941034}, "datetime": {"datetime": "2021-09-24 17:04:44", "elapsed": 650.659552, "delta": 6.136401}}
{"target": -42.77907622487921, "params": {"eta": 0.05111394687927374, "max_depth": 1.6852245039154954, "n_estimators": 320.71891183440437}, "datetime": {"datetime": "2021-09-24 17:04:48", "elapsed": 654.074612, "delta": 3.41506}}
{"target": -48.84466825212751, "params": {"eta": 0.36732230455159043, "max_depth": 3.0, "n_estimators": 470.06797510295195}, "datetime": {"datetime": "2021-09-24 17:04:51", "elapsed": 657.797592, "delta": 3.72298}}
{"target": -43.435768873171696, "params": {"eta": 0.09719160669931524, "max_depth": 1.2412760816290922, "n_estimators": 385.46832332384025}, "datetime": {"datetime": "2021-09-24 17:04:53", "elapsed": 659.725701, "delta": 1.928109}}
{"target": -51.81086735035244, "params": {"eta": 0.41242375920305185, "max_depth": 2.8670529746923714, "n_estimators": 464.6981711012079}, "datetime": {"datetime": "2021-09-24 17:04:57", "elapsed": 663.101615, "delta": 3.375914}}
{"target": -45.23925843633207, "params": {"eta": 0.2094579338322013, "max_depth": 1.09956964156819, "n_estimators": 354.826250377987}, "datetime": {"datetime": "2021-09-24 17:05:01", "elapsed": 666.908739, "delta": 3.807124}}
{"target": -50.801637438006864, "params": {"eta": 0.34041687004256893, "max_depth": 2.7917303250664056, "n_estimators": 349.36271543175354}, "datetime": {"datetime": "2021-09-24 17:05:03", "elapsed": 669.037413, "delta": 2.128674}}
{"target": -42.849016978328386, "params": {"eta": 0.06595528969708708, "max_depth": 1.8964396529390468, "n_estimators": 354.6594421514135}, "datetime": {"datetime": "2021-09-24 17:05:07", "elapsed": 673.063165, "delta": 4.025752}}
{"target": -46.491050877965485, "params": {"eta": 0.21973886000986054, "max_depth": 1.6611926761389957, "n_estimators": 466.64338773223506}, "datetime": {"datetime": "2021-09-24 17:05:09", "elapsed": 675.144237, "delta": 2.081072}}
{"target": -47.311282857020096, "params": {"eta": 0.33483704345596305, "max_depth": 1.8116752575896877, "n_estimators": 354.21928590162287}, "datetime": {"datetime": "2021-09-24 17:05:13", "elapsed": 679.114005, "delta": 3.969768}}
{"target": -44.225787083905445, "params": {"eta": 0.13503182694664562, "max_depth": 1.803167669352776, "n_estimators": 355.14238624379703}, "datetime": {"datetime": "2021-09-24 17:05:16", "elapsed": 682.052239, "delta": 2.938234}}
{"target": -44.5690783450478, "params": {"eta": 0.05, "max_depth": 2.358352409690752, "n_estimators": 354.8550976686782}, "datetime": {"datetime": "2021-09-24 17:05:19", "elapsed": 685.507404, "delta": 3.455165}}
{"target": -42.905156644663414, "params": {"eta": 0.06209431429678839, "max_depth": 1.233710313141342, "n_estimators": 355.69565742636513}, "datetime": {"datetime": "2021-09-24 17:05:23", "elapsed": 689.31865, "delta": 3.811246}}
{"target": -44.21468380519322, "params": {"eta": 0.12367830218296537, "max_depth": 1.2034638394979018, "n_estimators": 419.712808243359}, "datetime": {"datetime": "2021-09-24 17:05:25", "elapsed": 691.0747, "delta": 1.75605}}
{"target": -49.43621940899612, "params": {"eta": 0.47263728105935676, "max_depth": 1.0337087380139711, "n_estimators": 355.8972248184297}, "datetime": {"datetime": "2021-09-24 17:05:28", "elapsed": 694.723874, "delta": 3.649174}}
