{"target": 0.44480076550354164, "params": {"eta": 0.24969954982753303, "max_depth": 1.7905268644487884, "n_estimators": 92.15358885730386}, "datetime": {"datetime": "2021-09-24 13:44:35", "elapsed": 541.440146, "delta": 2.354558}}
{"target": 0.20757665404895553, "params": {"eta": 0.4482266860649642, "max_depth": 2.6005379578809844, "n_estimators": 104.22197920242046}, "datetime": {"datetime": "2021-09-24 13:44:37", "elapsed": 544.044016, "delta": 2.60387}}
{"target": 0.4500997944341383, "params": {"eta": 0.16780736033354235, "max_depth": 1.5558215557805475, "n_estimators": 107.86220294671972}, "datetime": {"datetime": "2021-09-24 13:44:40", "elapsed": 546.594806, "delta": 2.55079}}
{"target": 0.44895926903649486, "params": {"eta": 0.1217373846929678, "max_depth": 1.6772998905152796, "n_estimators": 89.48867713307428}, "datetime": {"datetime": "2021-09-24 13:44:43", "elapsed": 549.17258, "delta": 2.577774}}
{"target": 0.28691245223698414, "params": {"eta": 0.5339861837652689, "max_depth": 2.648103078945117, "n_estimators": 61.17826543601886}, "datetime": {"datetime": "2021-09-24 13:44:45", "elapsed": 551.770297, "delta": 2.597717}}
{"target": 0.44912786507905444, "params": {"eta": 0.11368065974322551, "max_depth": 1.539642761944125, "n_estimators": 104.30185521983904}, "datetime": {"datetime": "2021-09-24 13:44:48", "elapsed": 554.309034, "delta": 2.538737}}
{"target": 0.4500226319536912, "params": {"eta": 0.08981390785764495, "max_depth": 1.775454298206351, "n_estimators": 117.40869292918981}, "datetime": {"datetime": "2021-09-24 13:44:50", "elapsed": 556.552407, "delta": 2.243373}}
{"target": 0.4485331307952326, "params": {"eta": 0.37020764648229515, "max_depth": 1.4781240801963402, "n_estimators": 69.55401874462956}, "datetime": {"datetime": "2021-09-24 13:44:52", "elapsed": 558.728992, "delta": 2.176585}}
{"target": 0.3352130026471809, "params": {"eta": 0.5843836896161914, "max_depth": 1.3599117273544765, "n_estimators": 148.67024431150696}, "datetime": {"datetime": "2021-09-24 13:44:54", "elapsed": 561.106176, "delta": 2.377184}}
{"target": 0.43850708417985185, "params": {"eta": 0.19283245779709995, "max_depth": 1.2790063661058249, "n_estimators": 145.00460368393675}, "datetime": {"datetime": "2021-09-24 13:44:57", "elapsed": 564.041708, "delta": 2.935532}}
{"target": 0.40141569526323095, "params": {"eta": 0.034344278763176736, "max_depth": 2.588132792107401, "n_estimators": 65.45794306889138}, "datetime": {"datetime": "2021-09-24 13:45:00", "elapsed": 566.833891, "delta": 2.792183}}
{"target": 0.17813456434601538, "params": {"eta": 0.4961005741537617, "max_depth": 2.534297350016932, "n_estimators": 137.5174054167753}, "datetime": {"datetime": "2021-09-24 13:45:03", "elapsed": 569.246366, "delta": 2.412475}}
{"target": 0.3632239772388062, "params": {"eta": 0.23983963009029116, "max_depth": 2.4937425870848093, "n_estimators": 91.67328490920647}, "datetime": {"datetime": "2021-09-24 13:45:06", "elapsed": 572.210707, "delta": 2.964341}}
{"target": 0.448463598883278, "params": {"eta": 0.32672944084679073, "max_depth": 1.4876936564878847, "n_estimators": 56.92217788012637}, "datetime": {"datetime": "2021-09-24 13:45:08", "elapsed": 574.984885, "delta": 2.774178}}
{"target": 0.35122619147173384, "params": {"eta": 0.3616473385960341, "max_depth": 2.710329626601049, "n_estimators": 71.0355387802857}, "datetime": {"datetime": "2021-09-24 13:45:11", "elapsed": 577.631885, "delta": 2.647}}
{"target": 0.3602407266363553, "params": {"eta": 0.18228105229090208, "max_depth": 2.137218885713197, "n_estimators": 136.81390662622061}, "datetime": {"datetime": "2021-09-24 13:45:13", "elapsed": 579.959959, "delta": 2.328074}}
{"target": 0.41351588437061393, "params": {"eta": 0.4553819673930387, "max_depth": 1.4933494960497953, "n_estimators": 62.90159635714132}, "datetime": {"datetime": "2021-09-24 13:45:16", "elapsed": 582.576015, "delta": 2.616056}}
{"target": 0.42270559986259604, "params": {"eta": 0.2882954911531222, "max_depth": 1.3016522096463594, "n_estimators": 91.71258107202001}, "datetime": {"datetime": "2021-09-24 13:45:19", "elapsed": 585.155013, "delta": 2.578998}}
{"target": 0.38656465440812415, "params": {"eta": 0.014536157124353419, "max_depth": 2.719186526136836, "n_estimators": 147.50023942888905}, "datetime": {"datetime": "2021-09-24 13:45:21", "elapsed": 587.996274, "delta": 2.841261}}
{"target": 0.35295117017852684, "params": {"eta": 0.28023217755569213, "max_depth": 2.3334379296689383, "n_estimators": 101.90336351225744}, "datetime": {"datetime": "2021-09-24 13:45:24", "elapsed": 590.873433, "delta": 2.877159}}
{"target": 0.4167772793277198, "params": {"eta": 0.29269073902225295, "max_depth": 1.5653127419033868, "n_estimators": 107.56674408124576}, "datetime": {"datetime": "2021-09-24 13:45:28", "elapsed": 594.562024, "delta": 3.688591}}
{"target": 0.44541339431980675, "params": {"eta": 0.10873590864503485, "max_depth": 1.7972252382817675, "n_estimators": 103.76684251140091}, "datetime": {"datetime": "2021-09-24 13:45:30", "elapsed": 597.026292, "delta": 2.464268}}
{"target": 0.2766000285328716, "params": {"eta": 0.37758120734188555, "max_depth": 2.2535636446495135, "n_estimators": 104.97700183509275}, "datetime": {"datetime": "2021-09-24 13:45:33", "elapsed": 599.168422, "delta": 2.14213}}
{"target": 0.3592823276908266, "params": {"eta": 0.5801821896703212, "max_depth": 1.597091181022463, "n_estimators": 109.8003048327941}, "datetime": {"datetime": "2021-09-24 13:45:35", "elapsed": 601.987108, "delta": 2.818686}}
{"target": 0.44698839106501576, "params": {"eta": 0.07644081485563439, "max_depth": 2.69798138430452, "n_estimators": 85.78421833303281}, "datetime": {"datetime": "2021-09-24 13:45:38", "elapsed": 604.291862, "delta": 2.304754}}
{"target": 0.44941917975261125, "params": {"eta": 0.11300171658194913, "max_depth": 1.8992731518352912, "n_estimators": 96.58386018081642}, "datetime": {"datetime": "2021-09-24 13:45:40", "elapsed": 606.543142, "delta": 2.25128}}
{"target": 0.45532549639054054, "params": {"eta": 0.048990385792849055, "max_depth": 2.304551076256674, "n_estimators": 116.59940471068276}, "datetime": {"datetime": "2021-09-24 13:45:42", "elapsed": 608.984233, "delta": 2.441091}}
{"target": 0.29259499725825966, "params": {"eta": 0.37587372018130544, "max_depth": 2.303038651924445, "n_estimators": 94.55062725258574}, "datetime": {"datetime": "2021-09-24 13:45:47", "elapsed": 613.34203, "delta": 4.357797}}
{"target": 0.24971286338634346, "params": {"eta": 0.5450069102992675, "max_depth": 2.084697962466289, "n_estimators": 93.80309310884175}, "datetime": {"datetime": "2021-09-24 13:45:49", "elapsed": 615.595225, "delta": 2.253195}}
{"target": 0.4507382145517418, "params": {"eta": 0.34862268168066923, "max_depth": 1.1277935248036772, "n_estimators": 83.84671650270965}, "datetime": {"datetime": "2021-09-24 13:45:51", "elapsed": 618.087216, "delta": 2.491991}}
{"target": 0.2657306032881802, "params": {"eta": 0.5360192004791755, "max_depth": 2.069394748266707, "n_estimators": 93.1000710233112}, "datetime": {"datetime": "2021-09-24 13:45:54", "elapsed": 620.715011, "delta": 2.627795}}
{"target": 0.43480413881539337, "params": {"eta": 0.3303050278555026, "max_depth": 1.817370218466752, "n_estimators": 118.50580533890773}, "datetime": {"datetime": "2021-09-24 13:45:57", "elapsed": 623.882318, "delta": 3.167307}}
{"target": 0.44595959519164563, "params": {"eta": 0.03283179818774654, "max_depth": 2.843974871394636, "n_estimators": 100.0468192991331}, "datetime": {"datetime": "2021-09-24 13:46:00", "elapsed": 626.488318, "delta": 2.606}}
{"target": 0.45555680646587215, "params": {"eta": 0.3341836550194573, "max_depth": 1.8701987416453203, "n_estimators": 90.40680838661211}, "datetime": {"datetime": "2021-09-24 13:46:03", "elapsed": 629.237312, "delta": 2.748994}}
{"target": 0.4335252753704725, "params": {"eta": 0.4026907658760026, "max_depth": 1.6719090118163982, "n_estimators": 74.31239910733194}, "datetime": {"datetime": "2021-09-24 13:46:07", "elapsed": 633.214313, "delta": 3.977001}}
{"target": 0.4414148884413345, "params": {"eta": 0.054687447237029986, "max_depth": 1.493294602278583, "n_estimators": 98.9171066023041}, "datetime": {"datetime": "2021-09-24 13:46:10", "elapsed": 636.189313, "delta": 2.975}}
{"target": 0.4539380136346366, "params": {"eta": 0.21385286127528352, "max_depth": 1.281905604566823, "n_estimators": 59.24693078353883}, "datetime": {"datetime": "2021-09-24 13:46:12", "elapsed": 638.599834, "delta": 2.410521}}
{"target": -2.0339509358113865, "params": {"eta": 0.25604298277451865, "max_depth": 3.1609734803264744, "n_estimators": 1.0113231069171438}, "datetime": {"datetime": "2021-09-24 13:48:33", "elapsed": 0.0, "delta": 0.0}}
{"target": 0.34664044874344846, "params": {"eta": 0.18837621785278547, "max_depth": 1.440267672451339, "n_estimators": 10.141520882110981}, "datetime": {"datetime": "2021-09-24 13:48:33", "elapsed": 0.027, "delta": 0.027}}
{"target": 0.44940023097720816, "params": {"eta": 0.11989352471282583, "max_depth": 2.036682181129143, "n_estimators": 40.27997994883632}, "datetime": {"datetime": "2021-09-24 13:48:33", "elapsed": 0.095998, "delta": 0.068998}}
{"target": 0.3403198117434645, "params": {"eta": 0.3279018730619806, "max_depth": 2.2575835432098845, "n_estimators": 68.83673053927919}, "datetime": {"datetime": "2021-09-24 13:48:34", "elapsed": 0.24, "delta": 0.144002}}
{"target": -1.4769348406059124, "params": {"eta": 0.13062682734159528, "max_depth": 3.6343523091728365, "n_estimators": 3.71137172659469}, "datetime": {"datetime": "2021-09-24 13:48:34", "elapsed": 0.258999, "delta": 0.018999}}
{"target": 0.049913005237619545, "params": {"eta": 0.06751755410662395, "max_depth": 1.2542973443375074, "n_estimators": 18.409550924473944}, "datetime": {"datetime": "2021-09-24 13:48:34", "elapsed": 0.515114, "delta": 0.256115}}
{"target": 0.4245305613039767, "params": {"eta": 0.18851980204929103, "max_depth": 2.102736102829755, "n_estimators": 50.01293744682957}, "datetime": {"datetime": "2021-09-24 13:48:34", "elapsed": 0.793115, "delta": 0.278001}}
{"target": 0.08316385966689588, "params": {"eta": 0.6, "max_depth": 4.0, "n_estimators": 59.50542717048309}, "datetime": {"datetime": "2021-09-24 13:48:34", "elapsed": 1.188981, "delta": 0.395866}}
{"target": 0.07869874250995323, "params": {"eta": 0.6, "max_depth": 4.0, "n_estimators": 80.73924348429136}, "datetime": {"datetime": "2021-09-24 13:48:35", "elapsed": 1.656759, "delta": 0.467778}}
{"target": 0.40118418242642695, "params": {"eta": 0.44991138254997226, "max_depth": 1.0053037123566964, "n_estimators": 96.49936506074755}, "datetime": {"datetime": "2021-09-24 13:48:35", "elapsed": 1.973288, "delta": 0.316529}}
{"target": 0.09758631795275641, "params": {"eta": 0.6, "max_depth": 4.0, "n_estimators": 31.062656155277022}, "datetime": {"datetime": "2021-09-24 13:48:36", "elapsed": 2.291286, "delta": 0.317998}}
{"target": 0.21222100249968245, "params": {"eta": 0.325045744844792, "max_depth": 3.9724879784802996, "n_estimators": 89.6602015137702}, "datetime": {"datetime": "2021-09-24 13:48:36", "elapsed": 2.623286, "delta": 0.332}}
{"target": -0.18964435716651895, "params": {"eta": 0.010000000000000002, "max_depth": 4.0, "n_estimators": 100.0}, "datetime": {"datetime": "2021-09-24 13:48:36", "elapsed": 3.037341, "delta": 0.414055}}
{"target": -1.390980077479123, "params": {"eta": 0.01, "max_depth": 4.0, "n_estimators": 45.08915229174548}, "datetime": {"datetime": "2021-09-24 13:48:37", "elapsed": 3.381865, "delta": 0.344524}}
{"target": 0.4504660017753568, "params": {"eta": 0.2596587321805556, "max_depth": 1.8388429833331137, "n_estimators": 36.78318412228335}, "datetime": {"datetime": "2021-09-24 13:48:37", "elapsed": 3.924868, "delta": 0.543003}}
{"target": 0.46330080782818994, "params": {"eta": 0.3326068480158477, "max_depth": 1.0, "n_estimators": 53.84564891666041}, "datetime": {"datetime": "2021-09-24 13:48:38", "elapsed": 4.335866, "delta": 0.410998}}
{"target": 0.41642506807033197, "params": {"eta": 0.04329514376383189, "max_depth": 1.0840139544561271, "n_estimators": 74.03866770524934}, "datetime": {"datetime": "2021-09-24 13:48:38", "elapsed": 4.666864, "delta": 0.330998}}
{"target": 0.18440379810656393, "params": {"eta": 0.6, "max_depth": 4.0, "n_estimators": 13.759175687602998}, "datetime": {"datetime": "2021-09-24 13:48:38", "elapsed": 4.964865, "delta": 0.298001}}
{"target": 0.44340339345882984, "params": {"eta": 0.31838517989065884, "max_depth": 1.020363194190349, "n_estimators": 25.482838323885822}, "datetime": {"datetime": "2021-09-24 13:48:39", "elapsed": 5.359866, "delta": 0.395001}}
{"target": 0.12169198239727752, "params": {"eta": 0.6, "max_depth": 4.0, "n_estimators": 22.909040382159333}, "datetime": {"datetime": "2021-09-24 13:48:39", "elapsed": 5.739384, "delta": 0.379518}}
{"target": -0.8130205483665172, "params": {"eta": 0.01, "max_depth": 1.0, "n_estimators": 64.02118899896041}, "datetime": {"datetime": "2021-09-24 13:48:39", "elapsed": 6.042384, "delta": 0.303}}
{"target": 0.08006373807555223, "params": {"eta": 0.6, "max_depth": 4.0, "n_estimators": 72.2476166135505}, "datetime": {"datetime": "2021-09-24 13:48:40", "elapsed": 6.460382, "delta": 0.417998}}
{"target": 0.0808564679337157, "params": {"eta": 0.6, "max_depth": 4.0, "n_estimators": 53.25311436235888}, "datetime": {"datetime": "2021-09-24 13:48:40", "elapsed": 6.850383, "delta": 0.390001}}
{"target": 0.3701875550813657, "params": {"eta": 0.6, "max_depth": 1.0, "n_estimators": 92.53686248841618}, "datetime": {"datetime": "2021-09-24 13:48:41", "elapsed": 7.350386, "delta": 0.500003}}
{"target": -0.3962467524849711, "params": {"eta": 0.01, "max_depth": 1.0, "n_estimators": 85.55931388781691}, "datetime": {"datetime": "2021-09-24 13:48:41", "elapsed": 7.690386, "delta": 0.34}}
{"target": -0.27245840910908625, "params": {"eta": 0.01, "max_depth": 4.0, "n_estimators": 94.29794449990301}, "datetime": {"datetime": "2021-09-24 13:48:41", "elapsed": 8.142386, "delta": 0.452}}
{"target": 0.45176328394426424, "params": {"eta": 0.184001496980987, "max_depth": 1.008279737150509, "n_estimators": 77.63992288821498}, "datetime": {"datetime": "2021-09-24 13:48:42", "elapsed": 8.487387, "delta": 0.345001}}
{"target": 0.11307592350727613, "params": {"eta": 0.0473059065665366, "max_depth": 1.005776617226402, "n_estimators": 28.801937238571966}, "datetime": {"datetime": "2021-09-24 13:48:42", "elapsed": 8.748384, "delta": 0.260997}}
{"target": 0.0893196589060895, "params": {"eta": 0.6, "max_depth": 4.0, "n_estimators": 38.166808070506754}, "datetime": {"datetime": "2021-09-24 13:48:42", "elapsed": 9.116384, "delta": 0.368}}
{"target": 0.2701127117143892, "params": {"eta": 0.021326921571867892, "max_depth": 3.9925472019903596, "n_estimators": 76.62522422223323}, "datetime": {"datetime": "2021-09-24 13:48:43", "elapsed": 9.536387, "delta": 0.420003}}
{"target": -0.5287463944982216, "params": {"eta": 0.058192813880323456, "max_depth": 1.0587412669552796, "n_estimators": 13.75220127176281}, "datetime": {"datetime": "2021-09-24 13:48:43", "elapsed": 9.875387, "delta": 0.339}}
{"target": 0.45084025193267974, "params": {"eta": 0.40350644765940735, "max_depth": 1.013869975871477, "n_estimators": 33.52229418244443}, "datetime": {"datetime": "2021-09-24 13:48:44", "elapsed": 10.287384, "delta": 0.411997}}
{"target": 0.2073798228613115, "params": {"eta": 0.6, "max_depth": 4.0, "n_estimators": 9.755770693363585}, "datetime": {"datetime": "2021-09-24 13:48:44", "elapsed": 10.639442, "delta": 0.352058}}
{"target": -0.996093512549344, "params": {"eta": 0.01, "max_depth": 1.0, "n_estimators": 57.172143668282615}, "datetime": {"datetime": "2021-09-24 13:48:44", "elapsed": 11.001441, "delta": 0.361999}}
{"target": 0.4238771404540247, "params": {"eta": 0.44653588316316584, "max_depth": 1.0179667505276488, "n_estimators": 51.67607788453232}, "datetime": {"datetime": "2021-09-24 13:48:45", "elapsed": 11.354438, "delta": 0.352997}}
{"target": -2.231148371876284, "params": {"eta": 0.01, "max_depth": 4.0, "n_estimators": 26.62177641944724}, "datetime": {"datetime": "2021-09-24 13:48:45", "elapsed": 11.695046, "delta": 0.340608}}
{"target": 0.42389190107343744, "params": {"eta": 0.4872218611083116, "max_depth": 1.0901113198272272, "n_estimators": 22.44352464455931}, "datetime": {"datetime": "2021-09-24 13:48:45", "elapsed": 12.084045, "delta": 0.388999}}
{"target": 0.3898382209705883, "params": {"eta": 0.06343574273157765, "max_depth": 3.893471139434025, "n_estimators": 34.2202121662746}, "datetime": {"datetime": "2021-09-24 13:48:46", "elapsed": 12.500042, "delta": 0.415997}}
{"target": -0.6542597773899572, "params": {"eta": 0.01, "max_depth": 1.0, "n_estimators": 71.15814333936252}, "datetime": {"datetime": "2021-09-24 13:48:46", "elapsed": 12.956044, "delta": 0.456002}}
{"target": 0.25826262406406564, "params": {"eta": 0.5972101361932692, "max_depth": 3.9586518784325886, "n_estimators": 19.962372285680992}, "datetime": {"datetime": "2021-09-24 13:48:47", "elapsed": 13.368041, "delta": 0.411997}}
{"target": 0.3813413025835116, "params": {"eta": 0.13609704695633082, "max_depth": 3.9373928817990445, "n_estimators": 67.10832468920832}, "datetime": {"datetime": "2021-09-24 13:48:47", "elapsed": 13.764044, "delta": 0.396003}}
{"target": 0.3723072350890366, "params": {"eta": 0.6, "max_depth": 1.0, "n_estimators": 89.79609096434888}, "datetime": {"datetime": "2021-09-24 13:48:47", "elapsed": 14.112043, "delta": 0.347999}}
{"target": 0.38365243110078073, "params": {"eta": 0.6, "max_depth": 1.0, "n_estimators": 80.47756558513555}, "datetime": {"datetime": "2021-09-24 13:48:48", "elapsed": 14.484043, "delta": 0.372}}
{"target": 0.3996556788681954, "params": {"eta": 0.6, "max_depth": 1.0, "n_estimators": 7.6622762600057275}, "datetime": {"datetime": "2021-09-24 13:48:48", "elapsed": 15.108096, "delta": 0.624053}}
{"target": -0.2007264971942584, "params": {"eta": 0.01, "max_depth": 1.0, "n_estimators": 99.41797609036783}, "datetime": {"datetime": "2021-09-24 13:48:49", "elapsed": 15.561096, "delta": 0.453}}
{"target": 0.4482282782547673, "params": {"eta": 0.26206350212864676, "max_depth": 1.0338521853595002, "n_estimators": 38.590769542520455}, "datetime": {"datetime": "2021-09-24 13:48:49", "elapsed": 15.935095, "delta": 0.373999}}
{"target": 0.23860282331649108, "params": {"eta": 0.5182487486233424, "max_depth": 2.096822457109239, "n_estimators": 75.6056688227085}, "datetime": {"datetime": "2021-09-24 13:48:50", "elapsed": 16.401096, "delta": 0.466001}}
{"target": 0.14208551184374352, "params": {"eta": 0.6, "max_depth": 4.0, "n_estimators": 16.838307998301776}, "datetime": {"datetime": "2021-09-24 13:48:50", "elapsed": 16.761094, "delta": 0.359998}}
{"target": 0.40197743829630295, "params": {"eta": 0.6, "max_depth": 1.0, "n_estimators": 31.308785796982594}, "datetime": {"datetime": "2021-09-24 13:48:51", "elapsed": 17.287095, "delta": 0.526001}}
{"target": 0.1473223666659642, "params": {"eta": 0.4487674783715055, "max_depth": 3.9567405814555, "n_estimators": 69.16773319150943}, "datetime": {"datetime": "2021-09-24 13:48:51", "elapsed": 17.767091, "delta": 0.479996}}
{"target": 0.07893088001375648, "params": {"eta": 0.6, "max_depth": 4.0, "n_estimators": 86.5712727263305}, "datetime": {"datetime": "2021-09-24 13:48:52", "elapsed": 18.391097, "delta": 0.624006}}
{"target": 0.3961232558247949, "params": {"eta": 0.6, "max_depth": 1.0, "n_estimators": 41.98621741249302}, "datetime": {"datetime": "2021-09-24 13:48:52", "elapsed": 18.768097, "delta": 0.377}}
{"target": 0.3884094097914934, "params": {"eta": 0.6, "max_depth": 1.0, "n_estimators": 48.19101495639636}, "datetime": {"datetime": "2021-09-24 13:48:52", "elapsed": 19.178099, "delta": 0.410002}}
{"target": 0.4056396337185445, "params": {"eta": 0.02960258486475982, "max_depth": 2.6229230418481144, "n_estimators": 78.59811977060845}, "datetime": {"datetime": "2021-09-24 13:48:53", "elapsed": 19.592093, "delta": 0.413994}}
{"target": 0.08172123898219963, "params": {"eta": 0.6, "max_depth": 4.0, "n_estimators": 62.62838540595048}, "datetime": {"datetime": "2021-09-24 13:48:53", "elapsed": 20.132098, "delta": 0.540005}}
{"target": -1.2187196624814778, "params": {"eta": 0.01, "max_depth": 4.0, "n_estimators": 50.494145486028515}, "datetime": {"datetime": "2021-09-24 13:48:54", "elapsed": 20.650094, "delta": 0.517996}}
{"target": 0.2324134291801062, "params": {"eta": 0.48656720719525365, "max_depth": 3.996199678914776, "n_estimators": 55.62125122068609}, "datetime": {"datetime": "2021-09-24 13:48:55", "elapsed": 21.21996, "delta": 0.569866}}
{"target": 0.4428367430226665, "params": {"eta": 0.12426431905589043, "max_depth": 1.0045572503220026, "n_estimators": 49.75536915567951}, "datetime": {"datetime": "2021-09-24 13:48:55", "elapsed": 21.662205, "delta": 0.442245}}
{"target": -1.879484336460135, "params": {"eta": 0.01, "max_depth": 2.5789160287233193, "n_estimators": 32.61279250639304}, "datetime": {"datetime": "2021-09-24 13:48:56", "elapsed": 22.261782, "delta": 0.599577}}
{"target": 0.4425016104915014, "params": {"eta": 0.14570944540240593, "max_depth": 1.2077323081231381, "n_estimators": 79.06519726781065}, "datetime": {"datetime": "2021-09-24 13:48:56", "elapsed": 22.957782, "delta": 0.696}}
{"target": 0.4459726728354706, "params": {"eta": 0.2460308577667862, "max_depth": 1.0534079302914576, "n_estimators": 35.10554851104085}, "datetime": {"datetime": "2021-09-24 13:48:57", "elapsed": 23.459937, "delta": 0.502155}}
{"target": 0.28610860926299153, "params": {"eta": 0.3273556941229783, "max_depth": 3.4072143821534264, "n_estimators": 35.73684592889421}, "datetime": {"datetime": "2021-09-24 13:48:57", "elapsed": 24.007185, "delta": 0.547248}}
{"target": -0.17148007127339993, "params": {"eta": 0.04337670770637448, "max_depth": 1.0661100802088683, "n_estimators": 23.92794578186941}, "datetime": {"datetime": "2021-09-24 13:48:58", "elapsed": 24.447178, "delta": 0.439993}}
