{"target": -2.4563017244750904, "params": {"eta": 0.19513177553110977, "max_depth": 1.485868348577882, "n_estimators": 1.9835386314699877}, "datetime": {"datetime": "2021-09-24 13:19:50", "elapsed": 348.106804, "delta": 1.476999}}
{"target": 0.30796012565918407, "params": {"eta": 0.5, "max_depth": 2.166644685839518, "n_estimators": 41.209755169598516}, "datetime": {"datetime": "2021-09-24 13:19:53", "elapsed": 350.737804, "delta": 2.631}}
{"target": 0.36769951577381077, "params": {"eta": 0.4893779852625862, "max_depth": 2.9120829050538695, "n_estimators": 25.092410771871712}, "datetime": {"datetime": "2021-09-24 13:19:55", "elapsed": 353.242728, "delta": 2.504924}}
{"target": 0.40968421198785887, "params": {"eta": 0.5, "max_depth": 1.0, "n_estimators": 39.46245732721743}, "datetime": {"datetime": "2021-09-24 13:19:58", "elapsed": 355.613989, "delta": 2.371261}}
{"target": 0.3205005323952428, "params": {"eta": 0.5, "max_depth": 2.597117607372462, "n_estimators": 38.45989061558176}, "datetime": {"datetime": "2021-09-24 13:20:01", "elapsed": 359.230769, "delta": 3.61678}}
{"target": -2.3171466814957915, "params": {"eta": 0.009380887532488539, "max_depth": 2.9710236806413235, "n_estimators": 25.67405396317071}, "datetime": {"datetime": "2021-09-24 13:20:05", "elapsed": 363.146147, "delta": 3.915378}}
{"target": 0.35630548679112584, "params": {"eta": 0.5, "max_depth": 3.0, "n_estimators": 13.364425188041523}, "datetime": {"datetime": "2021-09-24 13:20:08", "elapsed": 365.965344, "delta": 2.819197}}
{"target": -2.7852105936008265, "params": {"eta": 0.008, "max_depth": 3.0, "n_estimators": 20.354690566678073}, "datetime": {"datetime": "2021-09-24 13:20:10", "elapsed": 367.878467, "delta": 1.913123}}
{"target": 0.3721780913286761, "params": {"eta": 0.49106913247409967, "max_depth": 2.7778335737803554, "n_estimators": 20.717576722841706}, "datetime": {"datetime": "2021-09-24 13:20:13", "elapsed": 370.517776, "delta": 2.639309}}
{"target": -2.2182394096698173, "params": {"eta": 0.008, "max_depth": 3.0, "n_estimators": 32.78367835375614}, "datetime": {"datetime": "2021-09-24 13:20:15", "elapsed": 372.930027, "delta": 2.412251}}
{"target": 0.33316459599087556, "params": {"eta": 0.48093887876913455, "max_depth": 2.8928004006901427, "n_estimators": 37.913954626059216}, "datetime": {"datetime": "2021-09-24 13:20:17", "elapsed": 374.593385, "delta": 1.663358}}
{"target": 0.3798775340002275, "params": {"eta": 0.4851099862247092, "max_depth": 2.310807720522413, "n_estimators": 32.8095839141876}, "datetime": {"datetime": "2021-09-24 13:20:20", "elapsed": 377.529109, "delta": 2.935724}}
{"target": 0.4340392308485077, "params": {"eta": 0.09129901662619663, "max_depth": 2.989713892108978, "n_estimators": 31.890737360905604}, "datetime": {"datetime": "2021-09-24 13:20:22", "elapsed": 380.209919, "delta": 2.68081}}
{"target": 0.3852471225690791, "params": {"eta": 0.49309216390335736, "max_depth": 2.5102949090511064, "n_estimators": 20.138305551287075}, "datetime": {"datetime": "2021-09-24 13:20:25", "elapsed": 383.293967, "delta": 3.084048}}
{"target": 0.2697027092698827, "params": {"eta": 0.5, "max_depth": 3.0, "n_estimators": 38.36180117381047}, "datetime": {"datetime": "2021-09-24 13:20:28", "elapsed": 385.903209, "delta": 2.609242}}
{"target": 0.4075962454874843, "params": {"eta": 0.5, "max_depth": 1.99276786712603, "n_estimators": 8.080676666515894}, "datetime": {"datetime": "2021-09-24 13:20:30", "elapsed": 388.034985, "delta": 2.131776}}
{"target": 0.32830651143082845, "params": {"eta": 0.49131287844387705, "max_depth": 2.071471658995045, "n_estimators": 43.909662512696805}, "datetime": {"datetime": "2021-09-24 13:20:32", "elapsed": 390.092584, "delta": 2.057599}}
{"target": 0.42128560434993234, "params": {"eta": 0.5, "max_depth": 1.0, "n_estimators": 34.77804138471054}, "datetime": {"datetime": "2021-09-24 13:20:35", "elapsed": 392.453179, "delta": 2.360595}}
{"target": 0.2869733167965801, "params": {"eta": 0.5, "max_depth": 3.0, "n_estimators": 24.519162158628006}, "datetime": {"datetime": "2021-09-24 13:20:37", "elapsed": 395.085919, "delta": 2.63274}}
{"target": 0.3662881671537467, "params": {"eta": 0.33471022902859127, "max_depth": 2.1906706323838785, "n_estimators": 42.218674522393414}, "datetime": {"datetime": "2021-09-24 13:20:39", "elapsed": 396.607335, "delta": 1.521416}}
{"target": 0.4309654778514229, "params": {"eta": 0.5, "max_depth": 1.0, "n_estimators": 24.939063485926646}, "datetime": {"datetime": "2021-09-24 13:20:41", "elapsed": 398.545418, "delta": 1.938083}}
{"target": 0.4223857954679786, "params": {"eta": 0.5, "max_depth": 1.4342994222772418, "n_estimators": 10.878513766431803}, "datetime": {"datetime": "2021-09-24 13:20:43", "elapsed": 400.716763, "delta": 2.171345}}
{"target": 0.3690391891598125, "params": {"eta": 0.3366600683692295, "max_depth": 2.195532477218971, "n_estimators": 42.230088423910935}, "datetime": {"datetime": "2021-09-24 13:20:44", "elapsed": 402.204149, "delta": 1.487386}}
{"target": 0.3836209133227835, "params": {"eta": 0.5, "max_depth": 3.0, "n_estimators": 8.617491897958104}, "datetime": {"datetime": "2021-09-24 13:20:47", "elapsed": 404.980987, "delta": 2.776838}}
{"target": 0.4237233882900032, "params": {"eta": 0.347003272769641, "max_depth": 2.254849346491828, "n_estimators": 7.562648768979672}, "datetime": {"datetime": "2021-09-24 13:20:49", "elapsed": 406.472581, "delta": 1.491594}}
{"target": 0.43246267203061095, "params": {"eta": 0.28697360530322413, "max_depth": 1.2229099724119892, "n_estimators": 26.89813998087485}, "datetime": {"datetime": "2021-09-24 13:20:51", "elapsed": 408.479755, "delta": 2.007174}}
{"target": -0.8958731886074955, "params": {"eta": 0.013846190878675693, "max_depth": 2.5133376150777886, "n_estimators": 43.779069781468834}, "datetime": {"datetime": "2021-09-24 13:20:52", "elapsed": 410.264489, "delta": 1.784734}}
{"target": 0.394314622824688, "params": {"eta": 0.44079373518484405, "max_depth": 2.429251480733993, "n_estimators": 5.704321173442435}, "datetime": {"datetime": "2021-09-24 13:20:54", "elapsed": 412.145918, "delta": 1.881429}}
{"target": 0.44237963264563995, "params": {"eta": 0.29660766267351063, "max_depth": 2.7557056062246774, "n_estimators": 23.452815876584708}, "datetime": {"datetime": "2021-09-24 13:20:56", "elapsed": 413.749454, "delta": 1.603536}}
{"target": 0.4167042848709992, "params": {"eta": 0.4987887009581626, "max_depth": 2.1170894363183947, "n_estimators": 14.41089853948159}, "datetime": {"datetime": "2021-09-24 13:20:57", "elapsed": 415.281855, "delta": 1.532401}}
{"target": 0.4168345055728597, "params": {"eta": 0.4945872746019555, "max_depth": 1.913042841863108, "n_estimators": 7.645979076339628}, "datetime": {"datetime": "2021-09-24 13:21:00", "elapsed": 417.982702, "delta": 2.700847}}
{"target": 0.44126296343280336, "params": {"eta": 0.496185488938255, "max_depth": 2.5654035576485468, "n_estimators": 8.088502929859445}, "datetime": {"datetime": "2021-09-24 13:21:02", "elapsed": 420.062223, "delta": 2.079521}}
{"target": 0.31517246836400337, "params": {"eta": 0.5, "max_depth": 3.0, "n_estimators": 21.808545298833646}, "datetime": {"datetime": "2021-09-24 13:21:04", "elapsed": 421.827861, "delta": 1.765638}}
{"target": 0.43214578127063064, "params": {"eta": 0.5, "max_depth": 1.498443437621737, "n_estimators": 27.161832024402457}, "datetime": {"datetime": "2021-09-24 13:21:06", "elapsed": 423.812954, "delta": 1.985093}}
{"target": -1.9745803634829224, "params": {"eta": 0.04209326459184973, "max_depth": 2.0443967105502496, "n_estimators": 7.914397139575705}, "datetime": {"datetime": "2021-09-24 13:21:08", "elapsed": 425.930643, "delta": 2.117689}}
{"target": 0.13389803660922195, "params": {"eta": 0.18037530145537975, "max_depth": 1.4552480997838582, "n_estimators": 7.884881418269937}, "datetime": {"datetime": "2021-09-24 13:21:10", "elapsed": 427.488431, "delta": 1.557788}}
{"target": 0.36537075106231665, "params": {"eta": 0.49436334866910314, "max_depth": 2.3483420829405057, "n_estimators": 23.231518231006014}, "datetime": {"datetime": "2021-09-24 13:21:12", "elapsed": 429.833168, "delta": 2.344737}}
{"target": 0.2829044592987018, "params": {"eta": 0.5, "max_depth": 2.4239096191882985, "n_estimators": 50.0}, "datetime": {"datetime": "2021-09-24 13:21:14", "elapsed": 432.006309, "delta": 2.173141}}
{"target": -0.7051525941786569, "params": {"eta": 0.5, "max_depth": 3.0, "n_estimators": 1.4526151950646353}, "datetime": {"datetime": "2021-09-24 13:21:17", "elapsed": 434.327298, "delta": 2.320989}}
{"target": 0.42506536672961615, "params": {"eta": 0.2656210481008156, "max_depth": 1.6354916950053808, "n_estimators": 12.55546297789411}, "datetime": {"datetime": "2021-09-24 13:21:18", "elapsed": 435.87079, "delta": 1.543492}}
{"target": -0.11360060805562333, "params": {"eta": 0.020979970027377396, "max_depth": 2.7169219209231903, "n_estimators": 49.99648078362002}, "datetime": {"datetime": "2021-09-24 13:21:21", "elapsed": 438.857627, "delta": 2.986837}}
{"target": -0.9833277945917194, "params": {"eta": 0.016835867480876385, "max_depth": 1.012007770106013, "n_estimators": 34.00093987252073}, "datetime": {"datetime": "2021-09-24 13:21:23", "elapsed": 440.421881, "delta": 1.564254}}
{"target": 0.4491170205393268, "params": {"eta": 0.23984236700363468, "max_depth": 1.0404713134883308, "n_estimators": 34.007890074676254}, "datetime": {"datetime": "2021-09-24 13:21:25", "elapsed": 443.042652, "delta": 2.620771}}
{"target": 0.43059022193128815, "params": {"eta": 0.11331855240237385, "max_depth": 1.0, "n_estimators": 34.16273248149984}, "datetime": {"datetime": "2021-09-24 13:21:28", "elapsed": 445.631297, "delta": 2.588645}}
{"target": 0.4361433201859659, "params": {"eta": 0.11191736793310747, "max_depth": 1.2621647745622695, "n_estimators": 38.186764264095096}, "datetime": {"datetime": "2021-09-24 13:21:32", "elapsed": 449.323676, "delta": 3.692379}}
{"target": 0.4349660807644523, "params": {"eta": 0.4967346092286609, "max_depth": 2.345055461263638, "n_estimators": 10.508640673349161}, "datetime": {"datetime": "2021-09-24 13:21:33", "elapsed": 450.962231, "delta": 1.638555}}
{"target": 0.4328359451014333, "params": {"eta": 0.27979315690708473, "max_depth": 2.0057148618985927, "n_estimators": 28.00847967979442}, "datetime": {"datetime": "2021-09-24 13:21:37", "elapsed": 455.124739, "delta": 4.162508}}
{"target": 0.44217759163627735, "params": {"eta": 0.21127734961556757, "max_depth": 1.3971738172795762, "n_estimators": 37.83712804510008}, "datetime": {"datetime": "2021-09-24 13:21:41", "elapsed": 458.95165, "delta": 3.826911}}
{"target": 0.44688010616970886, "params": {"eta": 0.4267034539851225, "max_depth": 1.4851807970810778, "n_estimators": 26.86101560315851}, "datetime": {"datetime": "2021-09-24 13:21:44", "elapsed": 461.850679, "delta": 2.899029}}
{"target": 0.4360717472521798, "params": {"eta": 0.28833468453035566, "max_depth": 1.4411630441008394, "n_estimators": 43.1809366076632}, "datetime": {"datetime": "2021-09-24 13:21:48", "elapsed": 465.926985, "delta": 4.076306}}
{"target": 0.42919697292824144, "params": {"eta": 0.4661646671287029, "max_depth": 1.8996485302129638, "n_estimators": 30.8423199993138}, "datetime": {"datetime": "2021-09-24 13:21:50", "elapsed": 467.606282, "delta": 1.679297}}
{"target": 0.3980548448375745, "params": {"eta": 0.45106179151617654, "max_depth": 2.6364755269191296, "n_estimators": 10.422929340270002}, "datetime": {"datetime": "2021-09-24 13:21:52", "elapsed": 470.221702, "delta": 2.61542}}
{"target": 0.4715884334073488, "params": {"eta": 0.35371253692167703, "max_depth": 1.205171900663222, "n_estimators": 44.06324995261007}, "datetime": {"datetime": "2021-09-24 13:21:54", "elapsed": 471.774114, "delta": 1.552412}}
{"target": 0.42294150164332445, "params": {"eta": 0.4637178481929418, "max_depth": 1.6867730618880856, "n_estimators": 43.35454449506326}, "datetime": {"datetime": "2021-09-24 13:21:57", "elapsed": 475.018153, "delta": 3.244039}}
{"target": 0.4364220833310597, "params": {"eta": 0.12592406807082096, "max_depth": 1.138484382054232, "n_estimators": 34.0900434521568}, "datetime": {"datetime": "2021-09-24 13:22:00", "elapsed": 477.93006, "delta": 2.911907}}
{"target": -1.145178904984275, "params": {"eta": 0.0822280367222468, "max_depth": 2.586706814484849, "n_estimators": 6.409105669622802}, "datetime": {"datetime": "2021-09-24 13:22:02", "elapsed": 479.440595, "delta": 1.510535}}
{"target": 0.4416672364565233, "params": {"eta": 0.29983604447700263, "max_depth": 1.3927785389855014, "n_estimators": 43.59016014544267}, "datetime": {"datetime": "2021-09-24 13:22:06", "elapsed": 483.361471, "delta": 3.920876}}
{"target": 0.4568468847746253, "params": {"eta": 0.37025243075140946, "max_depth": 1.426157971656067, "n_estimators": 43.82989383867911}, "datetime": {"datetime": "2021-09-24 13:22:09", "elapsed": 487.215419, "delta": 3.853948}}
{"target": 0.34013282265531997, "params": {"eta": 0.2780162439322438, "max_depth": 2.430378732744839, "n_estimators": 110.27633760716438}, "datetime": {"datetime": "2021-09-24 13:31:39", "elapsed": 0.0, "delta": 0.0}}
{"target": 0.42856555135171603, "params": {"eta": 0.27608252603447325, "max_depth": 1.8473095986778094, "n_estimators": 114.58941130666561}, "datetime": {"datetime": "2021-09-24 13:31:40", "elapsed": 0.144997, "delta": 0.144997}}
{"target": 0.3165878796228273, "params": {"eta": 0.2232929079412447, "max_depth": 2.7835460015641598, "n_estimators": 146.36627605010293}, "datetime": {"datetime": "2021-09-24 13:31:40", "elapsed": 0.372998, "delta": 0.228001}}
{"target": 0.38135635274002955, "params": {"eta": 0.19665322726228263, "max_depth": 2.583450076165329, "n_estimators": 102.88949197529044}, "datetime": {"datetime": "2021-09-24 13:31:40", "elapsed": 0.515999, "delta": 0.143001}}
{"target": 0.3948878609874058, "params": {"eta": 0.2874779240582147, "max_depth": 2.851193276585322, "n_estimators": 57.1036058197887}, "datetime": {"datetime": "2021-09-24 13:31:40", "elapsed": 0.606997, "delta": 0.090998}}
{"target": 0.2901167797727072, "params": {"eta": 0.33723103577242913, "max_depth": 2.420714084100385, "n_estimators": 134.63797577103304}, "datetime": {"datetime": "2021-09-24 13:31:40", "elapsed": 0.943001, "delta": 0.336004}}
{"target": 0.39984140951482716, "params": {"eta": 0.174131164259792, "max_depth": 2.5754977109455215, "n_estimators": 102.86523332824378}, "datetime": {"datetime": "2021-09-24 13:31:41", "elapsed": 1.318997, "delta": 0.375996}}
{"target": 0.3714279514863521, "params": {"eta": 0.21534315388753308, "max_depth": 2.601485646021871, "n_estimators": 102.90159550338569}, "datetime": {"datetime": "2021-09-24 13:31:41", "elapsed": 1.550114, "delta": 0.231117}}
{"target": 0.4310600120116611, "params": {"eta": 0.3151814496687108, "max_depth": 1.8670975323388856, "n_estimators": 114.44238155026308}, "datetime": {"datetime": "2021-09-24 13:31:41", "elapsed": 1.821114, "delta": 0.271}}
{"target": 0.4382145564186589, "params": {"eta": 0.1910471360927591, "max_depth": 1.2309575455689123, "n_estimators": 135.71465914318082}, "datetime": {"datetime": "2021-09-24 13:31:42", "elapsed": 2.079113, "delta": 0.257999}}
{"target": 0.4489681612671471, "params": {"eta": 0.060695022619994626, "max_depth": 2.4600492462043206, "n_estimators": 102.7139131730325}, "datetime": {"datetime": "2021-09-24 13:31:42", "elapsed": 2.343116, "delta": 0.264003}}
{"target": 0.4510083321915108, "params": {"eta": 0.06344626840058935, "max_depth": 2.646265497694835, "n_estimators": 102.49346859634318}, "datetime": {"datetime": "2021-09-24 13:31:42", "elapsed": 2.658114, "delta": 0.314998}}
{"target": 0.4442833265094127, "params": {"eta": 0.10937184162363556, "max_depth": 1.3621256961457158, "n_estimators": 50.03730970052017}, "datetime": {"datetime": "2021-09-24 13:31:42", "elapsed": 2.830123, "delta": 0.172009}}
{"target": 0.4454088968282264, "params": {"eta": 0.21736626815460836, "max_depth": 1.890655904128849, "n_estimators": 114.58904256668787}, "datetime": {"datetime": "2021-09-24 13:31:43", "elapsed": 3.056111, "delta": 0.225988}}
{"target": -0.2661581653718923, "params": {"eta": 0.008, "max_depth": 2.1280274099641456, "n_estimators": 114.46894370121466}, "datetime": {"datetime": "2021-09-24 13:31:43", "elapsed": 3.475113, "delta": 0.419002}}
{"target": 0.45109557616007323, "params": {"eta": 0.15295438853068083, "max_depth": 1.340823356459263, "n_estimators": 102.97996231066551}, "datetime": {"datetime": "2021-09-24 13:31:43", "elapsed": 3.681489, "delta": 0.206376}}
{"target": 0.35118992591825315, "params": {"eta": 0.2500819842836536, "max_depth": 2.3619877108564147, "n_estimators": 102.39195676584444}, "datetime": {"datetime": "2021-09-24 13:31:43", "elapsed": 3.960487, "delta": 0.278998}}
{"target": 0.45845314244608903, "params": {"eta": 0.06626660575521162, "max_depth": 2.943777454983883, "n_estimators": 102.61685997667773}, "datetime": {"datetime": "2021-09-24 13:31:44", "elapsed": 4.22914, "delta": 0.268653}}
{"target": 0.3029701295034649, "params": {"eta": 0.3095497409783949, "max_depth": 2.8874043283510398, "n_estimators": 102.43257728847748}, "datetime": {"datetime": "2021-09-24 13:31:44", "elapsed": 4.490576, "delta": 0.261436}}
{"target": 0.4458350347867128, "params": {"eta": 0.1761861320548922, "max_depth": 1.3656343405860352, "n_estimators": 102.9978219296716}, "datetime": {"datetime": "2021-09-24 13:31:44", "elapsed": 4.720954, "delta": 0.230378}}
{"target": 0.4409336211530507, "params": {"eta": 0.4381094463513782, "max_depth": 1.3632003726061335, "n_estimators": 54.319080160947244}, "datetime": {"datetime": "2021-09-24 13:31:44", "elapsed": 4.917934, "delta": 0.19698}}
{"target": 0.3608998570712094, "params": {"eta": 0.2619036788600971, "max_depth": 2.8153807386945155, "n_estimators": 92.02719093629847}, "datetime": {"datetime": "2021-09-24 13:31:45", "elapsed": 5.150928, "delta": 0.232994}}
{"target": 0.431233278613, "params": {"eta": 0.3789848387507199, "max_depth": 1.08511230073545, "n_estimators": 102.94397523384197}, "datetime": {"datetime": "2021-09-24 13:31:45", "elapsed": 5.427928, "delta": 0.277}}
{"target": -0.23021018728387088, "params": {"eta": 0.009184370049992752, "max_depth": 2.9901068857806115, "n_estimators": 102.92161406597077}, "datetime": {"datetime": "2021-09-24 13:31:45", "elapsed": 5.720268, "delta": 0.29234}}
{"target": 0.44280110407798867, "params": {"eta": 0.23813837212419894, "max_depth": 1.1097640426524031, "n_estimators": 103.2018838678062}, "datetime": {"datetime": "2021-09-24 13:31:46", "elapsed": 6.113269, "delta": 0.393001}}
{"target": 0.4166125002172607, "params": {"eta": 0.4032498345908798, "max_depth": 1.4317982716188677, "n_estimators": 102.69088467014247}, "datetime": {"datetime": "2021-09-24 13:31:46", "elapsed": 6.418762, "delta": 0.305493}}
{"target": 0.44683996066491927, "params": {"eta": 0.23007394293879319, "max_depth": 1.039462938112315, "n_estimators": 102.60831252227567}, "datetime": {"datetime": "2021-09-24 13:31:46", "elapsed": 6.654881, "delta": 0.236119}}
{"target": 0.3456403503742488, "params": {"eta": 0.217066973061404, "max_depth": 2.952834758873951, "n_estimators": 110.50976028851667}, "datetime": {"datetime": "2021-09-24 13:31:46", "elapsed": 6.931883, "delta": 0.277002}}
{"target": 0.44882167987636756, "params": {"eta": 0.16844077630344026, "max_depth": 1.4043119139640265, "n_estimators": 99.67640688317533}, "datetime": {"datetime": "2021-09-24 13:31:47", "elapsed": 7.162882, "delta": 0.230999}}
{"target": 0.44372904074521435, "params": {"eta": 0.055906154840701404, "max_depth": 1.3283756972901641, "n_estimators": 102.5603691359872}, "datetime": {"datetime": "2021-09-24 13:31:47", "elapsed": 7.485884, "delta": 0.323002}}
{"target": 0.3996525295343012, "params": {"eta": 0.15388973631469924, "max_depth": 2.9895977008294534, "n_estimators": 99.52477648043964}, "datetime": {"datetime": "2021-09-24 13:31:47", "elapsed": 7.749711, "delta": 0.263827}}
{"target": -0.11497255756423619, "params": {"eta": 0.015187908510970516, "max_depth": 1.6214924390028556, "n_estimators": 70.05649542587847}, "datetime": {"datetime": "2021-09-24 13:31:47", "elapsed": 7.98172, "delta": 0.232009}}
{"target": 0.4289968080030422, "params": {"eta": 0.32715280979879074, "max_depth": 1.2468990870570162, "n_estimators": 102.33712740082505}, "datetime": {"datetime": "2021-09-24 13:31:48", "elapsed": 8.397718, "delta": 0.415998}}
{"target": 0.4420757521940061, "params": {"eta": 0.14808773081227933, "max_depth": 1.0334817381480519, "n_estimators": 142.31712445968404}, "datetime": {"datetime": "2021-09-24 13:31:48", "elapsed": 8.85609, "delta": 0.458372}}
{"target": 0.4363991125618477, "params": {"eta": 0.37013922241312336, "max_depth": 1.4519522905839297, "n_estimators": 102.68627892313222}, "datetime": {"datetime": "2021-09-24 13:31:49", "elapsed": 9.205881, "delta": 0.349791}}
{"target": 0.4472022414423489, "params": {"eta": 0.1463992354740229, "max_depth": 1.7250946031921892, "n_estimators": 102.79735825847428}, "datetime": {"datetime": "2021-09-24 13:31:49", "elapsed": 9.683284, "delta": 0.477403}}
{"target": 0.448988974923762, "params": {"eta": 0.12030340841046716, "max_depth": 1.665857813303372, "n_estimators": 102.25035171304134}, "datetime": {"datetime": "2021-09-24 13:31:49", "elapsed": 9.967665, "delta": 0.284381}}
{"target": 0.395156638254074, "params": {"eta": 0.46470835029443813, "max_depth": 1.7260730014614554, "n_estimators": 102.25506694024298}, "datetime": {"datetime": "2021-09-24 13:31:50", "elapsed": 10.325683, "delta": 0.358018}}
{"target": 0.44106461896755933, "params": {"eta": 0.053964352814233875, "max_depth": 1.001362026626252, "n_estimators": 102.990486238351}, "datetime": {"datetime": "2021-09-24 13:31:50", "elapsed": 10.88743, "delta": 0.561747}}
{"target": 0.44326056842847583, "params": {"eta": 0.05705748041611886, "max_depth": 1.2980157055858499, "n_estimators": 102.1009355467135}, "datetime": {"datetime": "2021-09-24 13:31:51", "elapsed": 11.26843, "delta": 0.381}}
