{"target": -39.38741018597971, "params": {"eta": 0.31, "max_depth": 5.5788869628348525, "n_estimators": 12.321646852263385}, "datetime": {"datetime": "2021-09-29 15:01:53", "elapsed": 15.046106, "delta": 0.291996}}
{"target": -36.92062531717624, "params": {"eta": 0.31, "max_depth": 7.1306830590617425, "n_estimators": 5.2872518145766785}, "datetime": {"datetime": "2021-09-29 15:01:54", "elapsed": 15.348108, "delta": 0.302002}}
{"target": -37.058512506358085, "params": {"eta": 0.31, "max_depth": 4.64872953748358, "n_estimators": 3.7058606923409214}, "datetime": {"datetime": "2021-09-29 15:01:54", "elapsed": 15.660107, "delta": 0.311999}}
{"target": -39.30448484859326, "params": {"eta": 0.31, "max_depth": 11.212143686438292, "n_estimators": 8.067461507871041}, "datetime": {"datetime": "2021-09-29 15:01:54", "elapsed": 16.006109, "delta": 0.346002}}
{"target": -37.409472417448214, "params": {"eta": 0.31, "max_depth": 10.325220692000494, "n_estimators": 4.974076113045645}, "datetime": {"datetime": "2021-09-29 15:01:55", "elapsed": 16.329113, "delta": 0.323004}}
{"target": -39.676485682400966, "params": {"eta": 0.31, "max_depth": 1.0027916857189187, "n_estimators": 18.198394174371927}, "datetime": {"datetime": "2021-09-29 15:01:55", "elapsed": 16.585326, "delta": 0.256213}}
{"target": -41.8066174472253, "params": {"eta": 0.31, "max_depth": 9.790172272642755, "n_estimators": 19.956842095457752}, "datetime": {"datetime": "2021-09-29 15:01:55", "elapsed": 16.96933, "delta": 0.384004}}
{"target": -38.097482392173305, "params": {"eta": 0.31, "max_depth": 14.04878049607362, "n_estimators": 8.412102482821208}, "datetime": {"datetime": "2021-09-29 15:01:56", "elapsed": 17.308328, "delta": 0.338998}}
{"target": -37.57953518014911, "params": {"eta": 0.31, "max_depth": 12.166104333837758, "n_estimators": 5.171119156197367}, "datetime": {"datetime": "2021-09-29 15:01:56", "elapsed": 17.69533, "delta": 0.387002}}
{"target": -39.18669440718108, "params": {"eta": 0.31, "max_depth": 13.424685709085585, "n_estimators": 12.061910596467696}, "datetime": {"datetime": "2021-09-29 15:01:57", "elapsed": 18.097329, "delta": 0.401999}}
{"target": -39.61071941700318, "params": {"eta": 0.31, "max_depth": 14.978888918055883, "n_estimators": 18.440344759718354}, "datetime": {"datetime": "2021-09-29 15:01:57", "elapsed": 18.525891, "delta": 0.428562}}
{"target": -39.40058131615834, "params": {"eta": 0.31, "max_depth": 2.298201848224578, "n_estimators": 15.402268580247721}, "datetime": {"datetime": "2021-09-29 15:01:57", "elapsed": 18.812894, "delta": 0.287003}}
{"target": -39.883588959837155, "params": {"eta": 0.31, "max_depth": 9.039969538013041, "n_estimators": 10.084850526389825}, "datetime": {"datetime": "2021-09-29 15:01:58", "elapsed": 19.174081, "delta": 0.361187}}
{"target": -33.53415958600321, "params": {"eta": 0.31, "max_depth": 2.6210936511219947, "n_estimators": 4.753017438859246}, "datetime": {"datetime": "2021-09-29 15:01:58", "elapsed": 19.453085, "delta": 0.279004}}
{"target": -35.386738383358164, "params": {"eta": 0.31, "max_depth": 3.112159883975771, "n_estimators": 5.535811234060597}, "datetime": {"datetime": "2021-09-29 15:01:58", "elapsed": 19.740078, "delta": 0.286993}}
{"target": -39.32945075184413, "params": {"eta": 0.31, "max_depth": 14.996263255465683, "n_estimators": 14.960642561678679}, "datetime": {"datetime": "2021-09-29 15:01:59", "elapsed": 20.154081, "delta": 0.414003}}
{"target": -35.126568139092036, "params": {"eta": 0.31, "max_depth": 4.263223428145116, "n_estimators": 4.38320027995559}, "datetime": {"datetime": "2021-09-29 15:01:59", "elapsed": 20.513584, "delta": 0.359503}}
{"target": -41.864129221878436, "params": {"eta": 0.31, "max_depth": 4.769716291532332, "n_estimators": 13.95981276552088}, "datetime": {"datetime": "2021-09-29 15:01:59", "elapsed": 20.824585, "delta": 0.311001}}
{"target": -44.57154566943815, "params": {"eta": 0.31, "max_depth": 6.204223479053473, "n_estimators": 19.98830740144803}, "datetime": {"datetime": "2021-09-29 15:02:00", "elapsed": 21.164587, "delta": 0.340002}}
{"target": -41.12453541340878, "params": {"eta": 0.31, "max_depth": 11.419863669242623, "n_estimators": 15.200165826151352}, "datetime": {"datetime": "2021-09-29 15:02:00", "elapsed": 21.602599, "delta": 0.438012}}
{"target": -34.258675740311325, "params": {"eta": 0.31, "max_depth": 5.951940962036749, "n_estimators": 5.53841895116172}, "datetime": {"datetime": "2021-09-29 15:02:00", "elapsed": 21.920601, "delta": 0.318002}}
{"target": -36.049935665473384, "params": {"eta": 0.31, "max_depth": 2.2516192729423294, "n_estimators": 6.804417863687324}, "datetime": {"datetime": "2021-09-29 15:02:01", "elapsed": 22.310114, "delta": 0.389513}}
{"target": -38.853509828303, "params": {"eta": 0.31, "max_depth": 2.1782009515656124, "n_estimators": 8.660118009666611}, "datetime": {"datetime": "2021-09-29 15:02:01", "elapsed": 22.715844, "delta": 0.40573}}
{"target": -37.48713306108485, "params": {"eta": 0.31, "max_depth": 12.362962556632823, "n_estimators": 6.443579554149372}, "datetime": {"datetime": "2021-09-29 15:02:02", "elapsed": 23.057095, "delta": 0.341251}}
{"target": -33.53415958600321, "params": {"eta": 0.31, "max_depth": 2.722486589067411, "n_estimators": 4.563607263332447}, "datetime": {"datetime": "2021-09-29 15:02:02", "elapsed": 23.369097, "delta": 0.312002}}
{"target": -35.341444751274246, "params": {"eta": 0.31, "max_depth": 2.23576770746532, "n_estimators": 3.745602438363657}, "datetime": {"datetime": "2021-09-29 15:02:02", "elapsed": 23.722099, "delta": 0.353002}}
{"target": -37.505806169101255, "params": {"eta": 0.31, "max_depth": 8.83149190888076, "n_estimators": 4.046291635566012}, "datetime": {"datetime": "2021-09-29 15:02:03", "elapsed": 24.125806, "delta": 0.403707}}
{"target": -33.53415958600321, "params": {"eta": 0.31, "max_depth": 2.9228577949764567, "n_estimators": 4.944640585367495}, "datetime": {"datetime": "2021-09-29 15:02:03", "elapsed": 24.496291, "delta": 0.370485}}
{"target": -39.14419705752693, "params": {"eta": 0.31, "max_depth": 2.6075230141630312, "n_estimators": 19.953498513427594}, "datetime": {"datetime": "2021-09-29 15:02:03", "elapsed": 24.918291, "delta": 0.422}}
{"target": -34.258675740311325, "params": {"eta": 0.31, "max_depth": 5.585576916468453, "n_estimators": 5.990481700249833}, "datetime": {"datetime": "2021-09-29 15:02:04", "elapsed": 25.293291, "delta": 0.375}}
{"target": -33.53415958600321, "params": {"eta": 0.31, "max_depth": 2.398042118013959, "n_estimators": 4.310454320426251}, "datetime": {"datetime": "2021-09-29 15:02:04", "elapsed": 25.688363, "delta": 0.395072}}
{"target": -33.53415958600321, "params": {"eta": 0.31, "max_depth": 2.7778511873609117, "n_estimators": 4.903344211040052}, "datetime": {"datetime": "2021-09-29 15:02:04", "elapsed": 26.028359, "delta": 0.339996}}
{"target": -33.53415958600321, "params": {"eta": 0.31, "max_depth": 2.460702849314193, "n_estimators": 4.4111447489116475}, "datetime": {"datetime": "2021-09-29 15:02:05", "elapsed": 26.329987, "delta": 0.301628}}
{"target": -37.64114410624412, "params": {"eta": 0.31, "max_depth": 13.789117663237255, "n_estimators": 4.90255456595944}, "datetime": {"datetime": "2021-09-29 15:02:05", "elapsed": 26.738902, "delta": 0.408915}}
{"target": -33.53415958600321, "params": {"eta": 0.31, "max_depth": 2.4431213415413238, "n_estimators": 4.147455714635797}, "datetime": {"datetime": "2021-09-29 15:02:06", "elapsed": 27.121902, "delta": 0.383}}
{"target": -34.22945830677306, "params": {"eta": 0.31, "max_depth": 5.466014676751511, "n_estimators": 4.562141473049911}, "datetime": {"datetime": "2021-09-29 15:02:06", "elapsed": 27.483908, "delta": 0.362006}}
{"target": -34.22945830677306, "params": {"eta": 0.31, "max_depth": 5.489570803526668, "n_estimators": 4.912880921740196}, "datetime": {"datetime": "2021-09-29 15:02:06", "elapsed": 27.935938, "delta": 0.45203}}
{"target": -33.53415958600321, "params": {"eta": 0.31, "max_depth": 2.8443966224533526, "n_estimators": 4.804038310079504}, "datetime": {"datetime": "2021-09-29 15:02:07", "elapsed": 28.313584, "delta": 0.377646}}
{"target": -41.451567927590524, "params": {"eta": 0.31, "max_depth": 14.984540339010367, "n_estimators": 3.8462746690465623}, "datetime": {"datetime": "2021-09-29 15:02:07", "elapsed": 28.652172, "delta": 0.338588}}
{"target": -40.121868383854526, "params": {"eta": 0.31, "max_depth": 1.0179449225496753, "n_estimators": 14.867718394805461}, "datetime": {"datetime": "2021-09-29 15:02:07", "elapsed": 29.049859, "delta": 0.397687}}
{"target": -40.40334533572947, "params": {"eta": 0.31, "max_depth": 11.88766360666119, "n_estimators": 11.378932718102092}, "datetime": {"datetime": "2021-09-29 15:02:08", "elapsed": 29.504859, "delta": 0.455}}
{"target": -38.32667235207695, "params": {"eta": 0.31, "max_depth": 12.11746165700666, "n_estimators": 9.318982015317905}, "datetime": {"datetime": "2021-09-29 15:02:08", "elapsed": 29.975856, "delta": 0.470997}}
{"target": -42.077773822305716, "params": {"eta": 0.31, "max_depth": 6.052401057374661, "n_estimators": 10.038623644552093}, "datetime": {"datetime": "2021-09-29 15:02:09", "elapsed": 30.473354, "delta": 0.497498}}
{"target": -40.09797587331777, "params": {"eta": 0.31, "max_depth": 2.92041186470628, "n_estimators": 10.219618588480262}, "datetime": {"datetime": "2021-09-29 15:02:09", "elapsed": 30.858146, "delta": 0.384792}}
{"target": -40.684642275337545, "params": {"eta": 0.31, "max_depth": 7.4360325221465455, "n_estimators": 12.118537925590001}, "datetime": {"datetime": "2021-09-29 15:02:10", "elapsed": 31.368659, "delta": 0.510513}}
{"target": -37.98751419788977, "params": {"eta": 0.31, "max_depth": 9.930293532442938, "n_estimators": 5.92712280842604}, "datetime": {"datetime": "2021-09-29 15:02:10", "elapsed": 32.020304, "delta": 0.651645}}
{"target": -37.51176703505057, "params": {"eta": 0.31, "max_depth": 8.297938055257923, "n_estimators": 7.6345222593274995}, "datetime": {"datetime": "2021-09-29 15:02:11", "elapsed": 32.421306, "delta": 0.401002}}
{"target": -37.217409507523435, "params": {"eta": 0.31, "max_depth": 2.5620897453935987, "n_estimators": 7.4501643171154255}, "datetime": {"datetime": "2021-09-29 15:02:11", "elapsed": 32.830301, "delta": 0.408995}}
{"target": -38.097482392173305, "params": {"eta": 0.31, "max_depth": 14.972872495379653, "n_estimators": 8.25860177495629}, "datetime": {"datetime": "2021-09-29 15:02:12", "elapsed": 33.251305, "delta": 0.421004}}
{"target": -35.07581617120557, "params": {"eta": 0.31, "max_depth": 3.24670503099357, "n_estimators": 4.728869457172796}, "datetime": {"datetime": "2021-09-29 15:02:12", "elapsed": 33.656303, "delta": 0.404998}}
{"target": -41.85595275877328, "params": {"eta": 0.31, "max_depth": 7.798058471812466, "n_estimators": 15.939932235940669}, "datetime": {"datetime": "2021-09-29 15:02:13", "elapsed": 34.07494, "delta": 0.418637}}
{"target": -40.016951465495794, "params": {"eta": 0.31, "max_depth": 3.8368593959497894, "n_estimators": 18.19040295829022}, "datetime": {"datetime": "2021-09-29 15:02:13", "elapsed": 34.562169, "delta": 0.487229}}
{"target": -39.85594380326835, "params": {"eta": 0.31, "max_depth": 13.239237585979811, "n_estimators": 19.977909773363862}, "datetime": {"datetime": "2021-09-29 15:02:14", "elapsed": 35.13316, "delta": 0.570991}}
{"target": -40.54907320142238, "params": {"eta": 0.31, "max_depth": 1.080838306655455, "n_estimators": 11.615066955845757}, "datetime": {"datetime": "2021-09-29 15:02:14", "elapsed": 35.698159, "delta": 0.564999}}
{"target": -40.99077166964752, "params": {"eta": 0.31, "max_depth": 8.568459833973531, "n_estimators": 18.37420456214735}, "datetime": {"datetime": "2021-09-29 15:02:15", "elapsed": 36.219159, "delta": 0.521}}
{"target": -39.193999985427894, "params": {"eta": 0.31, "max_depth": 2.4582704372205586, "n_estimators": 16.90063047403521}, "datetime": {"datetime": "2021-09-29 15:02:15", "elapsed": 36.689521, "delta": 0.470362}}
{"target": -37.81256755936452, "params": {"eta": 0.31, "max_depth": 13.709156016076717, "n_estimators": 7.209357093486027}, "datetime": {"datetime": "2021-09-29 15:02:16", "elapsed": 37.897523, "delta": 1.208002}}
{"target": -41.120414173904685, "params": {"eta": 0.31, "max_depth": 10.478418969483945, "n_estimators": 12.30326599540602}, "datetime": {"datetime": "2021-09-29 15:02:17", "elapsed": 38.911091, "delta": 1.013568}}
{"target": -38.89964398647016, "params": {"eta": 0.31, "max_depth": 9.965556826336812, "n_estimators": 3.8581016335630363}, "datetime": {"datetime": "2021-09-29 15:02:18", "elapsed": 39.505122, "delta": 0.594031}}
{"target": -39.101949301790675, "params": {"eta": 0.31, "max_depth": 3.7422734421034, "n_estimators": 12.789153574811428}, "datetime": {"datetime": "2021-09-29 15:02:19", "elapsed": 40.307121, "delta": 0.801999}}
{"target": -37.25749415684071, "params": {"eta": 0.31, "max_depth": 5.613324422604109, "n_estimators": 7.21254080284725}, "datetime": {"datetime": "2021-09-29 15:02:19", "elapsed": 41.009571, "delta": 0.70245}}
{"target": -37.47523667648559, "params": {"eta": 0.31, "max_depth": 8.135051782296133, "n_estimators": 6.323452526182157}, "datetime": {"datetime": "2021-09-29 15:02:20", "elapsed": 42.02457, "delta": 1.014999}}
{"target": -39.74965080502202, "params": {"eta": 0.31, "max_depth": 13.7801533148426, "n_estimators": 16.235607870400855}, "datetime": {"datetime": "2021-09-29 15:02:21", "elapsed": 42.67579, "delta": 0.65122}}
{"target": -35.19721648605143, "params": {"eta": 0.31, "max_depth": 4.0746781739770235, "n_estimators": 5.974202805534883}, "datetime": {"datetime": "2021-09-29 15:02:22", "elapsed": 43.280789, "delta": 0.604999}}
{"target": -34.258675740311325, "params": {"eta": 0.31, "max_depth": 5.118427280173193, "n_estimators": 5.922178342955663}, "datetime": {"datetime": "2021-09-29 15:02:22", "elapsed": 43.836788, "delta": 0.555999}}
{"target": -39.30970257179046, "params": {"eta": 0.31, "max_depth": 4.580475285179754, "n_estimators": 8.652557495915298}, "datetime": {"datetime": "2021-09-29 15:02:23", "elapsed": 44.384381, "delta": 0.547593}}
{"target": -37.516662739884346, "params": {"eta": 0.31, "max_depth": 14.504220221850764, "n_estimators": 6.080987341895579}, "datetime": {"datetime": "2021-09-29 15:02:23", "elapsed": 44.86322, "delta": 0.478839}}
{"target": -35.93726725429922, "params": {"eta": 0.31, "max_depth": 1.0093618171776584, "n_estimators": 3.6768475306792006}, "datetime": {"datetime": "2021-09-29 15:02:24", "elapsed": 45.435225, "delta": 0.572005}}
{"target": -39.43493350441919, "params": {"eta": 0.31, "max_depth": 13.541044221493415, "n_estimators": 13.335361951551768}, "datetime": {"datetime": "2021-09-29 15:02:25", "elapsed": 46.132224, "delta": 0.696999}}
{"target": -37.45180549750433, "params": {"eta": 0.31, "max_depth": 6.345065406283517, "n_estimators": 4.985152687960577}, "datetime": {"datetime": "2021-09-29 15:02:25", "elapsed": 46.579986, "delta": 0.447762}}
{"target": -38.136958137632256, "params": {"eta": 0.31, "max_depth": 7.804963709035333, "n_estimators": 4.629596096676837}, "datetime": {"datetime": "2021-09-29 15:02:26", "elapsed": 47.133937, "delta": 0.553951}}
{"target": -47.061833269188554, "params": {"eta": 0.31, "max_depth": 8.4257031854582, "n_estimators": 2.8922473164639917}, "datetime": {"datetime": "2021-09-29 15:02:26", "elapsed": 47.614939, "delta": 0.481002}}
{"target": -80.78114210713122, "params": {"eta": 0.17, "max_depth": 72.31212485077366, "n_estimators": 1.0033168697030017}, "datetime": {"datetime": "2021-09-29 15:05:35", "elapsed": 0.0, "delta": 0.0}}
{"target": -53.67315327095997, "params": {"eta": 0.17, "max_depth": 15.528833190894192, "n_estimators": 3.677819248295136}, "datetime": {"datetime": "2021-09-29 15:05:35", "elapsed": 0.032003, "delta": 0.032003}}
{"target": -33.82561832364427, "params": {"eta": 0.17, "max_depth": 35.210511977261724, "n_estimators": 12.506256752689428}, "datetime": {"datetime": "2021-09-29 15:05:36", "elapsed": 0.127, "delta": 0.094997}}
{"target": -35.59364507836462, "params": {"eta": 0.17, "max_depth": 42.50025692592619, "n_estimators": 20.871365511506024}, "datetime": {"datetime": "2021-09-29 15:05:36", "elapsed": 0.274597, "delta": 0.147597}}
{"target": -80.78114210713122, "params": {"eta": 0.17, "max_depth": 87.93362620270359, "n_estimators": 1.7942402027398587}, "datetime": {"datetime": "2021-09-29 15:05:36", "elapsed": 0.297601, "delta": 0.023004}}
{"target": -33.82561832364427, "params": {"eta": 0.17, "max_depth": 33.97759474012963, "n_estimators": 12.646876573508958}, "datetime": {"datetime": "2021-09-29 15:05:36", "elapsed": 0.4796, "delta": 0.181999}}
{"target": -39.655191102599815, "params": {"eta": 0.17, "max_depth": 1.6738132372331374, "n_estimators": 29.763430620802996}, "datetime": {"datetime": "2021-09-29 15:05:36", "elapsed": 0.6586, "delta": 0.179}}
{"target": -36.50911269324574, "params": {"eta": 0.17, "max_depth": 24.99990500757301, "n_estimators": 29.76634350266548}, "datetime": {"datetime": "2021-09-29 15:05:36", "elapsed": 1.026601, "delta": 0.368001}}
{"target": -36.50911269324574, "params": {"eta": 0.17, "max_depth": 99.4529477131933, "n_estimators": 29.715986546858698}, "datetime": {"datetime": "2021-09-29 15:05:37", "elapsed": 1.353603, "delta": 0.327002}}
{"target": -36.50911269324574, "params": {"eta": 0.17, "max_depth": 68.81519066351719, "n_estimators": 29.96380542840101}, "datetime": {"datetime": "2021-09-29 15:05:37", "elapsed": 1.6946, "delta": 0.340997}}
{"target": -36.50911269324574, "params": {"eta": 0.17, "max_depth": 83.27403712990905, "n_estimators": 29.92958325463944}, "datetime": {"datetime": "2021-09-29 15:05:37", "elapsed": 2.050223, "delta": 0.355623}}
{"target": -36.50911269324574, "params": {"eta": 0.17, "max_depth": 50.34837566114571, "n_estimators": 29.991424151436647}, "datetime": {"datetime": "2021-09-29 15:05:38", "elapsed": 2.402221, "delta": 0.351998}}
{"target": -36.50911269324574, "params": {"eta": 0.17, "max_depth": 37.008730029572526, "n_estimators": 29.910296832468227}, "datetime": {"datetime": "2021-09-29 15:05:38", "elapsed": 2.749218, "delta": 0.346997}}
{"target": -80.78114210713122, "params": {"eta": 0.17, "max_depth": 35.70562907205411, "n_estimators": 1.0704286755617844}, "datetime": {"datetime": "2021-09-29 15:05:38", "elapsed": 2.904218, "delta": 0.155}}
{"target": -39.13668574344402, "params": {"eta": 0.17, "max_depth": 1.0781020279838378, "n_estimators": 13.035854496466287}, "datetime": {"datetime": "2021-09-29 15:05:38", "elapsed": 3.071223, "delta": 0.167005}}
{"target": -35.59364507836462, "params": {"eta": 0.17, "max_depth": 14.874458187904079, "n_estimators": 20.519072610426207}, "datetime": {"datetime": "2021-09-29 15:05:39", "elapsed": 3.350219, "delta": 0.278996}}
{"target": -35.59364507836462, "params": {"eta": 0.17, "max_depth": 31.22031079200676, "n_estimators": 20.743246386119523}, "datetime": {"datetime": "2021-09-29 15:05:39", "elapsed": 3.63922, "delta": 0.289001}}
{"target": -35.59364507836462, "params": {"eta": 0.17, "max_depth": 58.81467473461541, "n_estimators": 20.33839461970355}, "datetime": {"datetime": "2021-09-29 15:05:39", "elapsed": 3.919223, "delta": 0.280003}}
{"target": -78.28715790421268, "params": {"eta": 0.17, "max_depth": 1.284944156820522, "n_estimators": 1.1011590013756591}, "datetime": {"datetime": "2021-09-29 15:05:39", "elapsed": 4.085218, "delta": 0.165995}}
{"target": -35.262398787431856, "params": {"eta": 0.17, "max_depth": 99.96818113199761, "n_estimators": 18.11460539598698}, "datetime": {"datetime": "2021-09-29 15:05:40", "elapsed": 4.354216, "delta": 0.268998}}
{"target": -36.66961838722477, "params": {"eta": 0.17, "max_depth": 12.17105665455517, "n_estimators": 29.942428811367677}, "datetime": {"datetime": "2021-09-29 15:05:40", "elapsed": 4.687632, "delta": 0.333416}}
{"target": -35.87726838723477, "params": {"eta": 0.17, "max_depth": 90.95908635640848, "n_estimators": 22.235762054265898}, "datetime": {"datetime": "2021-09-29 15:05:40", "elapsed": 4.991637, "delta": 0.304005}}
{"target": -38.6513708577491, "params": {"eta": 0.17, "max_depth": 4.155870654596509, "n_estimators": 20.929728770344393}, "datetime": {"datetime": "2021-09-29 15:05:41", "elapsed": 5.189639, "delta": 0.198002}}
{"target": -35.79722586489123, "params": {"eta": 0.17, "max_depth": 74.7219992430265, "n_estimators": 21.391549312010053}, "datetime": {"datetime": "2021-09-29 15:05:41", "elapsed": 5.503631, "delta": 0.313992}}
{"target": -33.82561832364427, "params": {"eta": 0.17, "max_depth": 50.4581101308542, "n_estimators": 12.825875302352319}, "datetime": {"datetime": "2021-09-29 15:05:41", "elapsed": 5.737634, "delta": 0.234003}}
{"target": -34.488655570073654, "params": {"eta": 0.17, "max_depth": 22.94255324879378, "n_estimators": 15.265526172966986}, "datetime": {"datetime": "2021-09-29 15:05:41", "elapsed": 5.984633, "delta": 0.246999}}
{"target": -36.50911269324574, "params": {"eta": 0.17, "max_depth": 58.941799482644896, "n_estimators": 29.656556174113696}, "datetime": {"datetime": "2021-09-29 15:05:42", "elapsed": 6.349633, "delta": 0.365}}
{"target": -35.45232621131584, "params": {"eta": 0.17, "max_depth": 51.000483131056384, "n_estimators": 19.971852114163006}, "datetime": {"datetime": "2021-09-29 15:05:42", "elapsed": 6.656827, "delta": 0.307194}}
{"target": -36.50911269324574, "params": {"eta": 0.17, "max_depth": 91.54599228294103, "n_estimators": 29.91906293339656}, "datetime": {"datetime": "2021-09-29 15:05:42", "elapsed": 6.998964, "delta": 0.342137}}
{"target": -35.79722586489123, "params": {"eta": 0.17, "max_depth": 67.03330295767506, "n_estimators": 21.891831967631997}, "datetime": {"datetime": "2021-09-29 15:05:43", "elapsed": 7.299963, "delta": 0.300999}}
{"target": -36.65940404227284, "params": {"eta": 0.17, "max_depth": 11.694128034565143, "n_estimators": 13.782330867126662}, "datetime": {"datetime": "2021-09-29 15:05:43", "elapsed": 7.541963, "delta": 0.242}}
