{"target": 0.45020998006422164, "params": {"eta": 0.07914731445985657, "max_depth": 1.9019767584247973, "n_estimators": 102.45213495644214}, "datetime": {"datetime": "2021-09-24 13:31:51", "elapsed": 11.804859, "delta": 0.536429}}
{"target": 0.4269144972812403, "params": {"eta": 0.4421034994935333, "max_depth": 1.3567222783056991, "n_estimators": 54.30588460685628}, "datetime": {"datetime": "2021-09-24 13:31:52", "elapsed": 12.043858, "delta": 0.238999}}
{"target": 0.4542590660777335, "params": {"eta": 0.2136651962549017, "max_depth": 1.4879880772261953, "n_estimators": 54.5366035374282}, "datetime": {"datetime": "2021-09-24 13:31:52", "elapsed": 12.339862, "delta": 0.296004}}
{"target": 0.429009188573213, "params": {"eta": 0.1308933652341527, "max_depth": 2.5689520959027723, "n_estimators": 97.77559245880761}, "datetime": {"datetime": "2021-09-24 13:31:52", "elapsed": 12.63758, "delta": 0.297718}}
{"target": 0.44778111777301666, "params": {"eta": 0.06419115038500878, "max_depth": 2.0547661647626767, "n_estimators": 108.34747784254562}, "datetime": {"datetime": "2021-09-24 13:31:52", "elapsed": 12.942579, "delta": 0.304999}}
{"target": 0.4232330105865739, "params": {"eta": 0.46803094903056813, "max_depth": 1.652817886004531, "n_estimators": 54.462718872861636}, "datetime": {"datetime": "2021-09-24 13:31:53", "elapsed": 13.22958, "delta": 0.287001}}
{"target": 0.4447285615457599, "params": {"eta": 0.2730666899303307, "max_depth": 1.1049204081904551, "n_estimators": 54.5125075061372}, "datetime": {"datetime": "2021-09-24 13:31:53", "elapsed": 13.512578, "delta": 0.282998}}
{"target": 0.4568635982971804, "params": {"eta": 0.36714673792605557, "max_depth": 1.3225761971429228, "n_estimators": 54.704588308447555}, "datetime": {"datetime": "2021-09-24 13:31:53", "elapsed": 13.850265, "delta": 0.337687}}
{"target": 0.3945424058584964, "params": {"eta": 0.2831578851663196, "max_depth": 2.84043594793373, "n_estimators": 57.09037828747413}, "datetime": {"datetime": "2021-09-24 13:31:54", "elapsed": 14.136196, "delta": 0.285931}}
{"target": 0.45347101204543905, "params": {"eta": 0.11850836187903707, "max_depth": 1.6410000462174712, "n_estimators": 101.80473813378548}, "datetime": {"datetime": "2021-09-24 13:31:54", "elapsed": 14.445927, "delta": 0.309731}}
{"target": 0.4437186796411563, "params": {"eta": 0.23584843583951845, "max_depth": 1.222784136375316, "n_estimators": 101.73374593534822}, "datetime": {"datetime": "2021-09-24 13:31:54", "elapsed": 14.752496, "delta": 0.306569}}
{"target": 0.42089094572076313, "params": {"eta": 0.4075666936765375, "max_depth": 1.4337937009499373, "n_estimators": 101.97917300263013}, "datetime": {"datetime": "2021-09-24 13:31:55", "elapsed": 15.077497, "delta": 0.325001}}
{"target": 0.4067082426771166, "params": {"eta": 0.44559540790490987, "max_depth": 1.585439990735626, "n_estimators": 101.5392299733085}, "datetime": {"datetime": "2021-09-24 13:31:55", "elapsed": 15.618497, "delta": 0.541}}
{"target": -0.45376101170285654, "params": {"eta": 0.008, "max_depth": 1.9568307059246486, "n_estimators": 102.01268091836597}, "datetime": {"datetime": "2021-09-24 13:31:56", "elapsed": 16.413627, "delta": 0.79513}}
{"target": 0.4340009766686037, "params": {"eta": 0.04188787844373948, "max_depth": 1.6563375156757498, "n_estimators": 101.42454403241177}, "datetime": {"datetime": "2021-09-24 13:31:56", "elapsed": 16.865906, "delta": 0.452279}}
{"target": 0.4334987517282659, "params": {"eta": 0.3887114516101702, "max_depth": 1.951446046462404, "n_estimators": 102.67537716396717}, "datetime": {"datetime": "2021-09-24 13:31:57", "elapsed": 17.374904, "delta": 0.508998}}
{"target": 0.44298002271876147, "params": {"eta": 0.05825541554742742, "max_depth": 1.4058177987788485, "n_estimators": 101.63418949632859}, "datetime": {"datetime": "2021-09-24 13:31:57", "elapsed": 17.797166, "delta": 0.422262}}
{"target": 0.3857728843798911, "params": {"eta": 0.49860217654392336, "max_depth": 1.8136192345766458, "n_estimators": 94.2144631112522}, "datetime": {"datetime": "2021-09-24 13:31:58", "elapsed": 18.174154, "delta": 0.376988}}
{"target": 0.42967697384170034, "params": {"eta": 0.3483351491421174, "max_depth": 1.228263135950508, "n_estimators": 123.85871644757259}, "datetime": {"datetime": "2021-09-24 13:31:58", "elapsed": 18.55916, "delta": 0.385006}}
{"target": 0.44206409210185715, "params": {"eta": 0.363386435283834, "max_depth": 1.0932185920390627, "n_estimators": 99.51384434501867}, "datetime": {"datetime": "2021-09-24 13:31:58", "elapsed": 18.965488, "delta": 0.406328}}
{"target": 0.4497451636008454, "params": {"eta": 0.21403763001231907, "max_depth": 1.6289546235230088, "n_estimators": 102.46824830770177}, "datetime": {"datetime": "2021-09-24 13:31:59", "elapsed": 19.409302, "delta": 0.443814}}
{"target": 0.4354972486479063, "params": {"eta": 0.04299734777903528, "max_depth": 1.2213874656304735, "n_estimators": 99.29431696366805}, "datetime": {"datetime": "2021-09-24 13:31:59", "elapsed": 19.903105, "delta": 0.493803}}
{"target": 0.4240502559971492, "params": {"eta": 0.2860143601426628, "max_depth": 1.5501014660609116, "n_estimators": 99.22897852974435}, "datetime": {"datetime": "2021-09-24 13:32:00", "elapsed": 20.462104, "delta": 0.558999}}
{"target": 0.419954654757432, "params": {"eta": 0.41332773082402835, "max_depth": 1.2142219626359667, "n_estimators": 99.97074530128003}, "datetime": {"datetime": "2021-09-24 13:32:00", "elapsed": 20.952665, "delta": 0.490561}}
{"target": 0.4315206838792328, "params": {"eta": 0.03974701986196433, "max_depth": 1.0222642750040485, "n_estimators": 99.68619112217404}, "datetime": {"datetime": "2021-09-24 13:32:01", "elapsed": 21.400668, "delta": 0.448003}}
{"target": 0.43992334896107377, "params": {"eta": 0.19589298474282454, "max_depth": 1.22985334171908, "n_estimators": 135.71487885154693}, "datetime": {"datetime": "2021-09-24 13:32:01", "elapsed": 21.747323, "delta": 0.346655}}
{"target": 0.3537754370157459, "params": {"eta": 0.5, "max_depth": 1.071110418084894, "n_estimators": 135.9698992713348}, "datetime": {"datetime": "2021-09-24 13:32:02", "elapsed": 22.356808, "delta": 0.609485}}
{"target": 0.4188648674014487, "params": {"eta": 0.31920474149027733, "max_depth": 1.3085772908564495, "n_estimators": 135.34274420211494}, "datetime": {"datetime": "2021-09-24 13:32:02", "elapsed": 22.835539, "delta": 0.478731}}
{"target": 0.3766604656304028, "params": {"eta": 0.29201569290638546, "max_depth": 2.605084698758983, "n_estimators": 69.8427442132804}, "datetime": {"datetime": "2021-09-24 13:32:03", "elapsed": 23.160528, "delta": 0.324989}}
{"target": -0.4174264052001564, "params": {"eta": 0.008, "max_depth": 2.0592298454421876, "n_estimators": 102.77153897332767}, "datetime": {"datetime": "2021-09-24 13:32:04", "elapsed": 24.209083, "delta": 1.048555}}
{"target": 0.2804137246444628, "params": {"eta": 0.3680390584158336, "max_depth": 2.761506587524816, "n_estimators": 89.72898092611871}, "datetime": {"datetime": "2021-09-24 13:32:04", "elapsed": 24.651412, "delta": 0.442329}}
{"target": -1.444580501408165, "params": {"eta": 0.008, "max_depth": 1.2331917607209377, "n_estimators": 54.74538183118775}, "datetime": {"datetime": "2021-09-24 13:32:05", "elapsed": 25.224408, "delta": 0.572996}}
{"target": 0.4506286400205798, "params": {"eta": 0.08997623689039827, "max_depth": 1.1288668944480682, "n_estimators": 136.6904984021121}, "datetime": {"datetime": "2021-09-24 13:32:05", "elapsed": 25.682066, "delta": 0.457658}}
{"target": 0.44588258738781883, "params": {"eta": 0.10303217827827096, "max_depth": 1.6595614043189366, "n_estimators": 54.205390937918864}, "datetime": {"datetime": "2021-09-24 13:32:06", "elapsed": 26.330462, "delta": 0.648396}}
{"target": 0.38457718628919935, "params": {"eta": 0.5, "max_depth": 1.4990234574166608, "n_estimators": 99.58204466115886}, "datetime": {"datetime": "2021-09-24 13:32:06", "elapsed": 26.983331, "delta": 0.652869}}
{"target": 0.42366570957943817, "params": {"eta": 0.26329626996044936, "max_depth": 1.3492283711040909, "n_estimators": 135.77757011535653}, "datetime": {"datetime": "2021-09-24 13:32:07", "elapsed": 27.461311, "delta": 0.47798}}
{"target": 0.4538177214507796, "params": {"eta": 0.05873836804467583, "max_depth": 2.347952379485221, "n_estimators": 114.57126135790547}, "datetime": {"datetime": "2021-09-24 13:32:07", "elapsed": 27.967308, "delta": 0.505997}}
{"target": 0.11478127144982486, "params": {"eta": 0.011384137187544021, "max_depth": 2.559258714299798, "n_estimators": 114.74447796104184}, "datetime": {"datetime": "2021-09-24 13:32:08", "elapsed": 28.497305, "delta": 0.529997}}
{"target": 0.2597282479719438, "params": {"eta": 0.3458805542926885, "max_depth": 2.321500617163027, "n_estimators": 114.6477844385455}, "datetime": {"datetime": "2021-09-24 13:32:08", "elapsed": 29.008411, "delta": 0.511106}}
{"target": 0.4138714567591182, "params": {"eta": 0.4852866332831389, "max_depth": 1.198072680522853, "n_estimators": 54.61937524774654}, "datetime": {"datetime": "2021-09-24 13:32:09", "elapsed": 29.419285, "delta": 0.410874}}
{"target": 0.4505866751953185, "params": {"eta": 0.3513869084186092, "max_depth": 1.1857060424085217, "n_estimators": 99.01575471369354}, "datetime": {"datetime": "2021-09-24 13:32:09", "elapsed": 30.011752, "delta": 0.592467}}
{"target": 0.42835452840795873, "params": {"eta": 0.2562081519838905, "max_depth": 1.970078811409354, "n_estimators": 144.5769221769478}, "datetime": {"datetime": "2021-09-24 13:32:10", "elapsed": 30.460752, "delta": 0.449}}
{"target": 0.39553953886633786, "params": {"eta": 0.4701953271362931, "max_depth": 1.7133494939707223, "n_estimators": 103.00845991407458}, "datetime": {"datetime": "2021-09-24 13:32:10", "elapsed": 31.019674, "delta": 0.558922}}
{"target": 0.25823038500640316, "params": {"eta": 0.017259131027739405, "max_depth": 1.109479203139817, "n_estimators": 98.88733873169515}, "datetime": {"datetime": "2021-09-24 13:32:11", "elapsed": 31.638678, "delta": 0.619004}}
{"target": 0.44555203053570913, "params": {"eta": 0.12402518200661941, "max_depth": 1.8162509860810552, "n_estimators": 54.51341218622069}, "datetime": {"datetime": "2021-09-24 13:32:12", "elapsed": 32.272678, "delta": 0.634}}
{"target": 0.43178368972259806, "params": {"eta": 0.36802399305714967, "max_depth": 1.0061785766815914, "n_estimators": 102.01862452988249}, "datetime": {"datetime": "2021-09-24 13:32:12", "elapsed": 32.800428, "delta": 0.52775}}
{"target": 0.4313212785860826, "params": {"eta": 0.4051314111591285, "max_depth": 1.038582753137782, "n_estimators": 78.9213797651537}, "datetime": {"datetime": "2021-09-24 13:32:13", "elapsed": 33.242436, "delta": 0.442008}}
{"target": 0.29417088897595667, "params": {"eta": 0.29055332058348454, "max_depth": 2.942957779648834, "n_estimators": 143.73364343683903}, "datetime": {"datetime": "2021-09-24 13:32:13", "elapsed": 33.777064, "delta": 0.534628}}
{"target": 0.45539311312506914, "params": {"eta": 0.38251305653158246, "max_depth": 1.6515322621535244, "n_estimators": 54.75129550443522}, "datetime": {"datetime": "2021-09-24 13:32:14", "elapsed": 34.37041, "delta": 0.593346}}
{"target": 0.4487516603841216, "params": {"eta": 0.08481181687312866, "max_depth": 1.2704171560823585, "n_estimators": 100.06320014702683}, "datetime": {"datetime": "2021-09-24 13:32:14", "elapsed": 34.808551, "delta": 0.438141}}
{"target": 0.4476338077406994, "params": {"eta": 0.11156765619382669, "max_depth": 1.6009415418495008, "n_estimators": 100.02236395749938}, "datetime": {"datetime": "2021-09-24 13:32:15", "elapsed": 35.305551, "delta": 0.497}}
{"target": 0.4493771831277088, "params": {"eta": 0.21419651260256709, "max_depth": 1.4409917218604902, "n_estimators": 100.38044028432559}, "datetime": {"datetime": "2021-09-24 13:32:15", "elapsed": 35.75226, "delta": 0.446709}}
{"target": 0.4410311411729123, "params": {"eta": 0.360685933155642, "max_depth": 1.679461346520583, "n_estimators": 100.2067900171544}, "datetime": {"datetime": "2021-09-24 13:32:16", "elapsed": 36.362486, "delta": 0.610226}}
{"target": 0.449704551576084, "params": {"eta": 0.21982660242503793, "max_depth": 1.0233305997178879, "n_estimators": 100.25058844901997}, "datetime": {"datetime": "2021-09-24 13:32:16", "elapsed": 36.984263, "delta": 0.621777}}
{"target": 0.40716794056691985, "params": {"eta": 0.44304879313945245, "max_depth": 1.2477725710102876, "n_estimators": 100.46608705640502}, "datetime": {"datetime": "2021-09-24 13:32:17", "elapsed": 37.603261, "delta": 0.618998}}
{"target": 0.44853076742871867, "params": {"eta": 0.29499727019851985, "max_depth": 1.0605848666103785, "n_estimators": 54.186693408000096}, "datetime": {"datetime": "2021-09-24 13:32:18", "elapsed": 38.23726, "delta": 0.633999}}
{"target": -0.314331111130143, "params": {"eta": 0.009132325673562152, "max_depth": 1.7546030084143147, "n_estimators": 99.57119302423767}, "datetime": {"datetime": "2021-09-24 13:32:18", "elapsed": 38.670886, "delta": 0.433626}}
{"target": 0.45205105559383285, "params": {"eta": 0.15886144893592366, "max_depth": 1.825187358365256, "n_estimators": 100.49770464389104}, "datetime": {"datetime": "2021-09-24 13:32:19", "elapsed": 39.235179, "delta": 0.564293}}
{"target": 0.4238766015089813, "params": {"eta": 0.3642832187248494, "max_depth": 1.498009638120892, "n_estimators": 141.510382362681}, "datetime": {"datetime": "2021-09-24 13:32:19", "elapsed": 39.675838, "delta": 0.440659}}
{"target": 0.4344382547496015, "params": {"eta": 0.34861979450623587, "max_depth": 1.289140943910338, "n_estimators": 115.34729135670013}, "datetime": {"datetime": "2021-09-24 13:32:20", "elapsed": 40.113292, "delta": 0.437454}}
{"target": 0.44485217745781214, "params": {"eta": 0.055633260537459, "max_depth": 1.0049184221630232, "n_estimators": 102.33838833560804}, "datetime": {"datetime": "2021-09-24 13:32:20", "elapsed": 40.623992, "delta": 0.5107}}
{"target": 0.450077955144798, "params": {"eta": 0.15266194026329913, "max_depth": 1.9372536236082607, "n_estimators": 133.3126545301927}, "datetime": {"datetime": "2021-09-24 13:32:21", "elapsed": 41.129356, "delta": 0.505364}}
{"target": 0.44776851787744865, "params": {"eta": 0.18258374141591288, "max_depth": 1.1291939521365844, "n_estimators": 123.72471044795853}, "datetime": {"datetime": "2021-09-24 13:32:21", "elapsed": 41.585356, "delta": 0.456}}
{"target": 0.4307185104742668, "params": {"eta": 0.3225446474300662, "max_depth": 1.6074135668787666, "n_estimators": 100.64155807258697}, "datetime": {"datetime": "2021-09-24 13:32:22", "elapsed": 42.065928, "delta": 0.480572}}
{"target": 0.44652434025735865, "params": {"eta": 0.26766014032800717, "max_depth": 1.9863167307623284, "n_estimators": 54.21653789931892}, "datetime": {"datetime": "2021-09-24 13:32:22", "elapsed": 42.665553, "delta": 0.599625}}
{"target": -0.40792558634019294, "params": {"eta": 0.008434841726600714, "max_depth": 1.6345224834652383, "n_estimators": 100.73468254974745}, "datetime": {"datetime": "2021-09-24 13:32:23", "elapsed": 43.254487, "delta": 0.588934}}
{"target": 0.4396427530077196, "params": {"eta": 0.377903216515233, "max_depth": 1.9920428624947857, "n_estimators": 100.48604278733177}, "datetime": {"datetime": "2021-09-24 13:32:23", "elapsed": 43.785071, "delta": 0.530584}}
{"target": 0.3974969816949273, "params": {"eta": 0.47917574819052794, "max_depth": 1.5752641890049761, "n_estimators": 100.48114406523051}, "datetime": {"datetime": "2021-09-24 13:32:24", "elapsed": 44.37641, "delta": 0.591339}}
{"target": 0.4306401792352791, "params": {"eta": 0.10784305022697152, "max_depth": 2.070137072645995, "n_estimators": 100.23580381128767}, "datetime": {"datetime": "2021-09-24 13:32:25", "elapsed": 45.11424, "delta": 0.73783}}
{"target": 0.4264113277979531, "params": {"eta": 0.18305765815087444, "max_depth": 2.1966333256612085, "n_estimators": 54.499235714871844}, "datetime": {"datetime": "2021-09-24 13:32:25", "elapsed": 45.979686, "delta": 0.865446}}
{"target": 0.4161535802373152, "params": {"eta": 0.4152305619920407, "max_depth": 1.252458890399963, "n_estimators": 99.29169491566276}, "datetime": {"datetime": "2021-09-24 13:32:26", "elapsed": 46.654899, "delta": 0.675213}}
{"target": 0.4169853936273973, "params": {"eta": 0.4370000303564981, "max_depth": 1.522149678149343, "n_estimators": 98.95642157024912}, "datetime": {"datetime": "2021-09-24 13:32:27", "elapsed": 47.408899, "delta": 0.754}}
{"target": 0.3802868140462261, "params": {"eta": 0.0384152894180967, "max_depth": 2.1419927720959384, "n_estimators": 54.022721198312865}, "datetime": {"datetime": "2021-09-24 13:32:27", "elapsed": 47.921917, "delta": 0.513018}}
{"target": 0.4491915593332314, "params": {"eta": 0.0553371338922267, "max_depth": 1.0627838008667914, "n_estimators": 136.3172601056844}, "datetime": {"datetime": "2021-09-24 13:32:28", "elapsed": 48.545906, "delta": 0.623989}}
{"target": 0.4515232649936669, "params": {"eta": 0.08209077788396552, "max_depth": 1.4427193497680169, "n_estimators": 136.48626984286824}, "datetime": {"datetime": "2021-09-24 13:32:29", "elapsed": 49.272815, "delta": 0.726909}}
{"target": 0.4313664879458675, "params": {"eta": 0.3339123044095484, "max_depth": 1.1517769117226269, "n_estimators": 136.47605719077183}, "datetime": {"datetime": "2021-09-24 13:32:29", "elapsed": 49.883535, "delta": 0.61072}}
{"target": 0.3569764211780919, "params": {"eta": 0.43026765044939724, "max_depth": 2.0177753669026854, "n_estimators": 54.75179544750196}, "datetime": {"datetime": "2021-09-24 13:32:30", "elapsed": 50.531009, "delta": 0.647474}}
{"target": 0.4193649381285296, "params": {"eta": 0.3666252428014002, "max_depth": 1.4540959097853368, "n_estimators": 136.72205946849334}, "datetime": {"datetime": "2021-09-24 13:32:31", "elapsed": 51.136455, "delta": 0.605446}}
{"target": 0.4269653102374057, "params": {"eta": 0.3417610637544366, "max_depth": 1.1066298152512017, "n_estimators": 136.9295057869711}, "datetime": {"datetime": "2021-09-24 13:32:31", "elapsed": 51.637453, "delta": 0.500998}}
{"target": 0.44446772197833007, "params": {"eta": 0.05021787667539569, "max_depth": 1.3329381068024932, "n_estimators": 136.17873759474938}, "datetime": {"datetime": "2021-09-24 13:32:32", "elapsed": 52.238932, "delta": 0.601479}}
{"target": 0.41919898140287815, "params": {"eta": 0.31377886275067174, "max_depth": 1.4640041968770119, "n_estimators": 136.27752461774895}, "datetime": {"datetime": "2021-09-24 13:32:32", "elapsed": 52.90419, "delta": 0.665258}}
{"target": 0.44195005006621824, "params": {"eta": 0.04213865792519624, "max_depth": 1.5351848696783035, "n_estimators": 136.80963292123312}, "datetime": {"datetime": "2021-09-24 13:32:33", "elapsed": 53.700191, "delta": 0.796001}}
{"target": 0.4208134490857328, "params": {"eta": 0.024615613893202336, "max_depth": 1.1898508197760793, "n_estimators": 137.09562384338903}, "datetime": {"datetime": "2021-09-24 13:32:34", "elapsed": 54.37472, "delta": 0.674529}}
{"target": 0.4475435605827207, "params": {"eta": 0.19800226211309094, "max_depth": 1.4501665471446117, "n_estimators": 61.51726328623186}, "datetime": {"datetime": "2021-09-24 13:32:34", "elapsed": 54.793558, "delta": 0.418838}}
{"target": 0.43245421898847425, "params": {"eta": 0.2403062406063977, "max_depth": 1.5223209203788002, "n_estimators": 137.07578499829526}, "datetime": {"datetime": "2021-09-24 13:32:35", "elapsed": 55.497045, "delta": 0.703487}}
{"target": 0.42991093016363113, "params": {"eta": 0.2530906602517343, "max_depth": 1.8368594396356253, "n_estimators": 136.80579908531934}, "datetime": {"datetime": "2021-09-24 13:32:36", "elapsed": 56.09532, "delta": 0.598275}}
{"target": 0.3988703418172025, "params": {"eta": 0.4045456298405586, "max_depth": 1.6633290512589705, "n_estimators": 142.98568601202007}, "datetime": {"datetime": "2021-09-24 13:32:36", "elapsed": 56.584319, "delta": 0.488999}}
{"target": -0.08552623778662638, "params": {"eta": 0.008, "max_depth": 1.813821107735787, "n_estimators": 137.08964907375116}, "datetime": {"datetime": "2021-09-24 13:32:37", "elapsed": 57.303016, "delta": 0.718697}}
{"target": 0.4280849788225033, "params": {"eta": 0.2436770223583226, "max_depth": 1.7674745372805767, "n_estimators": 136.38831734267268}, "datetime": {"datetime": "2021-09-24 13:32:37", "elapsed": 58.033463, "delta": 0.730447}}
{"target": -0.425642432020352, "params": {"eta": 0.008, "max_depth": 3.0, "n_estimators": 102.34575559148747}, "datetime": {"datetime": "2021-09-24 13:32:38", "elapsed": 58.738098, "delta": 0.704635}}
{"target": 0.44927892609319164, "params": {"eta": 0.08525517841494223, "max_depth": 1.8118696018921239, "n_estimators": 100.2111788613935}, "datetime": {"datetime": "2021-09-24 13:32:39", "elapsed": 59.451519, "delta": 0.713421}}
{"target": 0.415902328718451, "params": {"eta": 0.3097463963175283, "max_depth": 1.2946129264362745, "n_estimators": 137.25273834891414}, "datetime": {"datetime": "2021-09-24 13:32:40", "elapsed": 60.163814, "delta": 0.712295}}
{"target": 0.4168430059731637, "params": {"eta": 0.26842887652411684, "max_depth": 1.969170773769253, "n_estimators": 144.58190316885322}, "datetime": {"datetime": "2021-09-24 13:32:40", "elapsed": 60.807705, "delta": 0.643891}}
{"target": 0.38389258457335784, "params": {"eta": 0.15880492500502144, "max_depth": 2.2440060261348167, "n_estimators": 144.45371550989321}, "datetime": {"datetime": "2021-09-24 13:32:41", "elapsed": 61.514698, "delta": 0.706993}}
{"target": 0.44870596247724037, "params": {"eta": 0.07706594073333062, "max_depth": 1.8447239334760113, "n_estimators": 144.35429939228715}, "datetime": {"datetime": "2021-09-24 13:32:42", "elapsed": 62.257149, "delta": 0.742451}}
{"target": 0.3509166965190561, "params": {"eta": 0.5, "max_depth": 1.8057122876180078, "n_estimators": 136.61302857782906}, "datetime": {"datetime": "2021-09-24 13:32:43", "elapsed": 63.086257, "delta": 0.829108}}
