{"target": -46.230009152476946, "params": {"eta": 0.8779955158669794, "max_depth": 1.3224723013389283, "n_estimators": 65.31569027737108}, "datetime": {"datetime": "2021-09-24 15:41:53", "elapsed": 1844.508692, "delta": 8.625206}}
{"target": -44.60758745580688, "params": {"eta": 0.485578384058462, "max_depth": 1.5645760135287485, "n_estimators": 15.209339565122685}, "datetime": {"datetime": "2021-09-24 15:42:00", "elapsed": 1852.044121, "delta": 7.535429}}
{"target": -50.08922740391323, "params": {"eta": 0.314216879803395, "max_depth": 3.4306418632246736, "n_estimators": 71.61693906110133}, "datetime": {"datetime": "2021-09-24 15:42:08", "elapsed": 1860.256367, "delta": 8.212246}}
{"target": -45.36685215082384, "params": {"eta": 0.4481560216503944, "max_depth": 1.4184177195171408, "n_estimators": 10.811387599540874}, "datetime": {"datetime": "2021-09-24 15:42:18", "elapsed": 1869.370651, "delta": 9.114284}}
{"target": -47.96254434800686, "params": {"eta": 0.24656388988067515, "max_depth": 20.126723726912836, "n_estimators": 75.06887461101554}, "datetime": {"datetime": "2021-09-24 15:42:32", "elapsed": 1883.738065, "delta": 14.367414}}
{"target": -47.43844925729852, "params": {"eta": 0.9080400452239196, "max_depth": 1.5517841747630592, "n_estimators": 72.53834798676365}, "datetime": {"datetime": "2021-09-24 15:42:43", "elapsed": 1895.310251, "delta": 11.572186}}
{"target": -49.04641436813469, "params": {"eta": 0.4537529097931322, "max_depth": 24.702287981183208, "n_estimators": 26.11663338021584}, "datetime": {"datetime": "2021-09-24 15:42:48", "elapsed": 1899.717996, "delta": 4.407745}}
{"target": -46.71408884148849, "params": {"eta": 0.34828516437586726, "max_depth": 13.05375864249829, "n_estimators": 77.67162006596456}, "datetime": {"datetime": "2021-09-24 15:42:52", "elapsed": 1904.193419, "delta": 4.475423}}
{"target": -47.59248750729668, "params": {"eta": 0.08652345743189756, "max_depth": 8.98515712457751, "n_estimators": 82.18597591623121}, "datetime": {"datetime": "2021-09-24 15:43:05", "elapsed": 1916.605017, "delta": 12.411598}}
{"target": -74.38654258555935, "params": {"eta": 0.04707640582906816, "max_depth": 1.1019842201523842, "n_estimators": 14.979494817429897}, "datetime": {"datetime": "2021-09-24 15:43:16", "elapsed": 1927.54243, "delta": 10.937413}}
{"target": -49.64263482918417, "params": {"eta": 0.4508418443339742, "max_depth": 3.213376688593512, "n_estimators": 21.847340928284595}, "datetime": {"datetime": "2021-09-24 15:43:23", "elapsed": 1935.052042, "delta": 7.509612}}
{"target": -48.83133217087366, "params": {"eta": 0.9533349579603131, "max_depth": 1.040259064711793, "n_estimators": 74.51159848880484}, "datetime": {"datetime": "2021-09-24 15:43:33", "elapsed": 1945.024166, "delta": 9.972124}}
{"target": -44.65960469640287, "params": {"eta": 0.9682803285668113, "max_depth": 1.7868270584322428, "n_estimators": 14.81788195832886}, "datetime": {"datetime": "2021-09-24 15:43:41", "elapsed": 1953.225852, "delta": 8.201686}}
{"target": -45.660964134044214, "params": {"eta": 0.5076133717370034, "max_depth": 1.5139916724540852, "n_estimators": 65.97577197063028}, "datetime": {"datetime": "2021-09-24 15:43:50", "elapsed": 1961.841664, "delta": 8.615812}}
{"target": -44.10919017361519, "params": {"eta": 0.22227522626935278, "max_depth": 2.301563611762588, "n_estimators": 21.448872831415276}, "datetime": {"datetime": "2021-09-24 15:43:54", "elapsed": 1965.592483, "delta": 3.750819}}
{"target": -45.85419349383591, "params": {"eta": 0.08115234253320419, "max_depth": 12.534669516266842, "n_estimators": 82.9121750220696}, "datetime": {"datetime": "2021-09-24 15:43:59", "elapsed": 1970.760053, "delta": 5.16757}}
{"target": -49.46664463129259, "params": {"eta": 0.5616296257479209, "max_depth": 7.959787175339229, "n_estimators": 52.45463574485222}, "datetime": {"datetime": "2021-09-24 15:44:03", "elapsed": 1974.901326, "delta": 4.141273}}
{"target": -46.03627665240065, "params": {"eta": 0.8795679127672401, "max_depth": 1.9640590960118445, "n_estimators": 32.42869405588018}, "datetime": {"datetime": "2021-09-24 15:44:18", "elapsed": 1989.782067, "delta": 14.880741}}
{"target": -48.08020053949571, "params": {"eta": 0.21617985584697483, "max_depth": 19.25087055117092, "n_estimators": 20.143719951535616}, "datetime": {"datetime": "2021-09-24 15:44:26", "elapsed": 1997.431522, "delta": 7.649455}}
{"target": -49.31997953142439, "params": {"eta": 0.2789304234003468, "max_depth": 3.8496367755917587, "n_estimators": 78.28820659426685}, "datetime": {"datetime": "2021-09-24 15:44:42", "elapsed": 2013.464131, "delta": 16.032609}}
{"target": -49.31328783537212, "params": {"eta": 0.42881299368138986, "max_depth": 2.604268633779572, "n_estimators": 78.94143585051441}, "datetime": {"datetime": "2021-09-24 15:44:51", "elapsed": 2022.916383, "delta": 9.452252}}
{"target": -53.57552541288218, "params": {"eta": 0.8247760066780743, "max_depth": 9.479535905469753, "n_estimators": 58.84971947916543}, "datetime": {"datetime": "2021-09-24 15:44:56", "elapsed": 2027.496391, "delta": 4.580008}}
{"target": -58.98275965676272, "params": {"eta": 0.9499414084928983, "max_depth": 5.503834339123351, "n_estimators": 27.763967900587687}, "datetime": {"datetime": "2021-09-24 15:45:01", "elapsed": 2032.862349, "delta": 5.365958}}
{"target": -115.0769585415833, "params": {"eta": 0.21434078230426126, "max_depth": 3.8812979737686324, "n_estimators": 1.0056043660498994}, "datetime": {"datetime": "2021-09-24 15:55:59", "elapsed": 0.0, "delta": 0.0}}
{"target": -65.30285449494096, "params": {"eta": 0.1581429605896015, "max_depth": 1.5870235632684522, "n_estimators": 5.524591143671092}, "datetime": {"datetime": "2021-09-24 15:55:59", "elapsed": 0.023997, "delta": 0.023997}}
{"target": -46.120860106962965, "params": {"eta": 0.10126750357505873, "max_depth": 2.382242908172191, "n_estimators": 20.441606237302828}, "datetime": {"datetime": "2021-09-24 15:55:59", "elapsed": 0.068, "delta": 0.044003}}
{"target": -45.671563514193195, "params": {"eta": 0.2740201996616449, "max_depth": 2.676778057613179, "n_estimators": 34.575755519441216}, "datetime": {"datetime": "2021-09-24 15:55:59", "elapsed": 0.129002, "delta": 0.061002}}
{"target": -44.96538724397358, "params": {"eta": 0.32608841555185897, "max_depth": 2.575536031421506, "n_estimators": 34.75879736328232}, "datetime": {"datetime": "2021-09-24 15:55:59", "elapsed": 0.305001, "delta": 0.175999}}
{"target": -56.24733785758341, "params": {"eta": 0.08695611340257103, "max_depth": 1.0, "n_estimators": 13.668231771770262}, "datetime": {"datetime": "2021-09-24 15:55:59", "elapsed": 0.912594, "delta": 0.607593}}
{"target": -99.33476648832622, "params": {"eta": 0.01, "max_depth": 5.0, "n_estimators": 40.86935312091416}, "datetime": {"datetime": "2021-09-24 15:56:00", "elapsed": 1.401167, "delta": 0.488573}}
{"target": -124.26286621739094, "params": {"eta": 0.01, "max_depth": 5.0, "n_estimators": 17.037536451587954}, "datetime": {"datetime": "2021-09-24 15:56:00", "elapsed": 1.790546, "delta": 0.389379}}
{"target": -45.24993150754082, "params": {"eta": 0.16306815386497273, "max_depth": 1.0, "n_estimators": 22.553904748766495}, "datetime": {"datetime": "2021-09-24 15:56:01", "elapsed": 2.56102, "delta": 0.770474}}
{"target": -116.89608896585335, "params": {"eta": 0.01, "max_depth": 4.081696079982606, "n_estimators": 23.546732674935118}, "datetime": {"datetime": "2021-09-24 15:56:02", "elapsed": 3.23431, "delta": 0.67329}}
{"target": -44.74806557562118, "params": {"eta": 0.5, "max_depth": 1.0, "n_estimators": 20.460577431646037}, "datetime": {"datetime": "2021-09-24 15:56:02", "elapsed": 3.602076, "delta": 0.367766}}
{"target": -44.59855491236637, "params": {"eta": 0.47508971452847576, "max_depth": 1.0157562795485937, "n_estimators": 32.48504819497449}, "datetime": {"datetime": "2021-09-24 15:56:02", "elapsed": 3.886076, "delta": 0.284}}
{"target": -133.39990684681368, "params": {"eta": 0.01, "max_depth": 1.0, "n_estimators": 9.930181566007207}, "datetime": {"datetime": "2021-09-24 15:56:03", "elapsed": 4.287197, "delta": 0.401121}}
{"target": -49.7363734137743, "params": {"eta": 0.5, "max_depth": 3.2875247833830445, "n_estimators": 30.828879546232326}, "datetime": {"datetime": "2021-09-24 15:56:04", "elapsed": 5.083746, "delta": 0.796549}}
{"target": -44.49961967755081, "params": {"eta": 0.4755036763591837, "max_depth": 1.0425068650838445, "n_estimators": 29.435740149394846}, "datetime": {"datetime": "2021-09-24 15:56:04", "elapsed": 5.397582, "delta": 0.313836}}
{"target": -46.258652307037124, "params": {"eta": 0.07807515019390794, "max_depth": 1.00365927740676, "n_estimators": 37.58114636421686}, "datetime": {"datetime": "2021-09-24 15:56:04", "elapsed": 5.875563, "delta": 0.477981}}
{"target": -45.30687441144671, "params": {"eta": 0.5, "max_depth": 1.0, "n_estimators": 50.0}, "datetime": {"datetime": "2021-09-24 15:56:05", "elapsed": 6.920257, "delta": 1.044694}}
{"target": -51.91227007987804, "params": {"eta": 0.5, "max_depth": 4.375529943150478, "n_estimators": 50.0}, "datetime": {"datetime": "2021-09-24 15:56:06", "elapsed": 7.477202, "delta": 0.556945}}
{"target": -90.81905677623318, "params": {"eta": 0.01, "max_depth": 1.7582930500866223, "n_estimators": 46.90021170972229}, "datetime": {"datetime": "2021-09-24 15:56:06", "elapsed": 7.804202, "delta": 0.327}}
{"target": -52.06306684106812, "params": {"eta": 0.5, "max_depth": 5.0, "n_estimators": 36.03401354869825}, "datetime": {"datetime": "2021-09-24 15:56:07", "elapsed": 8.417199, "delta": 0.612997}}
{"target": -43.98097521559637, "params": {"eta": 0.26662849427664925, "max_depth": 1.0118522832776007, "n_estimators": 26.785387181515233}, "datetime": {"datetime": "2021-09-24 15:56:07", "elapsed": 8.714848, "delta": 0.297649}}
{"target": -48.36938305904991, "params": {"eta": 0.4090636404206017, "max_depth": 4.956115670610186, "n_estimators": 28.599074361024503}, "datetime": {"datetime": "2021-09-24 15:56:08", "elapsed": 9.08685, "delta": 0.372002}}
{"target": -107.33715491187304, "params": {"eta": 0.01, "max_depth": 5.0, "n_estimators": 32.67894093705875}, "datetime": {"datetime": "2021-09-24 15:56:08", "elapsed": 9.54548, "delta": 0.45863}}
{"target": -44.981997439735814, "params": {"eta": 0.08854258348996155, "max_depth": 2.8347152632485058, "n_estimators": 28.293971930010606}, "datetime": {"datetime": "2021-09-24 15:56:08", "elapsed": 9.89238, "delta": 0.3469}}
{"target": -44.701411369151636, "params": {"eta": 0.5, "max_depth": 1.0, "n_estimators": 17.250756309975433}, "datetime": {"datetime": "2021-09-24 15:56:09", "elapsed": 10.195374, "delta": 0.302994}}
{"target": -45.220012894250395, "params": {"eta": 0.5, "max_depth": 1.0, "n_estimators": 40.41925500170749}, "datetime": {"datetime": "2021-09-24 15:56:09", "elapsed": 10.498032, "delta": 0.302658}}
{"target": -49.90033063673435, "params": {"eta": 0.4646532164680277, "max_depth": 3.1945258693480247, "n_estimators": 37.616618965817665}, "datetime": {"datetime": "2021-09-24 15:56:09", "elapsed": 10.876509, "delta": 0.378477}}
{"target": -138.30780391047773, "params": {"eta": 0.01, "max_depth": 5.0, "n_estimators": 6.419913251762966}, "datetime": {"datetime": "2021-09-24 15:56:10", "elapsed": 11.200167, "delta": 0.323658}}
{"target": -43.67764437109008, "params": {"eta": 0.4107205866201087, "max_depth": 1.0037538712188838, "n_estimators": 42.80997283357517}, "datetime": {"datetime": "2021-09-24 15:56:10", "elapsed": 11.523188, "delta": 0.323021}}
{"target": -51.97285160265471, "params": {"eta": 0.5, "max_depth": 5.0, "n_estimators": 46.31302258867855}, "datetime": {"datetime": "2021-09-24 15:56:11", "elapsed": 12.053433, "delta": 0.530245}}
{"target": -46.32825378188513, "params": {"eta": 0.08462666307313972, "max_depth": 1.007798484808084, "n_estimators": 34.94397289124513}, "datetime": {"datetime": "2021-09-24 15:56:11", "elapsed": 12.558432, "delta": 0.504999}}
{"target": -142.0067914554051, "params": {"eta": 0.01, "max_depth": 1.0, "n_estimators": 3.1047181278553655}, "datetime": {"datetime": "2021-09-24 15:56:11", "elapsed": 12.969735, "delta": 0.411303}}
{"target": -51.34797824773573, "params": {"eta": 0.5, "max_depth": 3.423602057487153, "n_estimators": 43.88979713107493}, "datetime": {"datetime": "2021-09-24 15:56:12", "elapsed": 13.586896, "delta": 0.617161}}
{"target": -51.58699445796192, "params": {"eta": 0.5, "max_depth": 5.0, "n_estimators": 12.460954433792454}, "datetime": {"datetime": "2021-09-24 15:56:12", "elapsed": 13.879895, "delta": 0.292999}}
{"target": -44.40350106605013, "params": {"eta": 0.22266020855459048, "max_depth": 1.0274840439727981, "n_estimators": 24.873878901912818}, "datetime": {"datetime": "2021-09-24 15:56:13", "elapsed": 14.395896, "delta": 0.516001}}
{"target": -125.29355791278351, "params": {"eta": 0.01, "max_depth": 1.0, "n_estimators": 15.558631744722813}, "datetime": {"datetime": "2021-09-24 15:56:13", "elapsed": 14.899908, "delta": 0.504012}}
{"target": -45.01494500870095, "params": {"eta": 0.5, "max_depth": 1.3584385200633542, "n_estimators": 18.720310302557543}, "datetime": {"datetime": "2021-09-24 15:56:14", "elapsed": 15.413579, "delta": 0.513671}}
{"target": -62.29250863440951, "params": {"eta": 0.030845214190932835, "max_depth": 1.4683444213857428, "n_estimators": 30.922651308895112}, "datetime": {"datetime": "2021-09-24 15:56:14", "elapsed": 15.856076, "delta": 0.442497}}
{"target": -46.89195285883165, "params": {"eta": 0.4979753784260173, "max_depth": 2.286254059315266, "n_estimators": 41.73361013587119}, "datetime": {"datetime": "2021-09-24 15:56:15", "elapsed": 16.296817, "delta": 0.440741}}
{"target": -45.53187070574079, "params": {"eta": 0.5, "max_depth": 2.9415223522577336, "n_estimators": 26.483237948112546}, "datetime": {"datetime": "2021-09-24 15:56:15", "elapsed": 16.906923, "delta": 0.610106}}
{"target": -91.96530692021649, "params": {"eta": 0.01, "max_depth": 5.0, "n_estimators": 48.251174521672354}, "datetime": {"datetime": "2021-09-24 15:56:16", "elapsed": 17.42493, "delta": 0.518007}}
{"target": -44.21691315156177, "params": {"eta": 0.07898270800033635, "max_depth": 2.1830171774298557, "n_estimators": 39.2441616556845}, "datetime": {"datetime": "2021-09-24 15:56:16", "elapsed": 17.922885, "delta": 0.497955}}
{"target": -44.0705489538666, "params": {"eta": 0.5, "max_depth": 2.901050078883145, "n_estimators": 12.849063577909359}, "datetime": {"datetime": "2021-09-24 15:56:17", "elapsed": 18.402884, "delta": 0.479999}}
{"target": -49.645177195843004, "params": {"eta": 0.5, "max_depth": 2.643778010458362, "n_estimators": 50.0}, "datetime": {"datetime": "2021-09-24 15:56:17", "elapsed": 18.79258, "delta": 0.389696}}
{"target": -95.54974918795708, "params": {"eta": 0.01, "max_depth": 5.0, "n_estimators": 44.534897017977634}, "datetime": {"datetime": "2021-09-24 15:56:18", "elapsed": 19.304105, "delta": 0.511525}}
{"target": -78.39367913841305, "params": {"eta": 0.02476493640255255, "max_depth": 4.905753368146073, "n_estimators": 26.898402637457355}, "datetime": {"datetime": "2021-09-24 15:56:18", "elapsed": 19.947103, "delta": 0.642998}}
{"target": -45.14747427459946, "params": {"eta": 0.5, "max_depth": 1.709959919245619, "n_estimators": 44.28078962596969}, "datetime": {"datetime": "2021-09-24 15:56:19", "elapsed": 20.422106, "delta": 0.475003}}
{"target": -133.0397954955137, "params": {"eta": 0.01, "max_depth": 5.0, "n_estimators": 10.54468480775434}, "datetime": {"datetime": "2021-09-24 15:56:19", "elapsed": 20.905105, "delta": 0.482999}}
{"target": -50.6070191519601, "params": {"eta": 0.5, "max_depth": 4.395136569797465, "n_estimators": 13.922116524143044}, "datetime": {"datetime": "2021-09-24 15:56:20", "elapsed": 21.379107, "delta": 0.474002}}
{"target": -52.08257047036537, "params": {"eta": 0.5, "max_depth": 5.0, "n_estimators": 37.96718463019367}, "datetime": {"datetime": "2021-09-24 15:56:20", "elapsed": 21.875107, "delta": 0.496}}
{"target": -51.25289690404907, "params": {"eta": 0.4261334415233683, "max_depth": 3.8701693114367814, "n_estimators": 29.562323564695323}, "datetime": {"datetime": "2021-09-24 15:56:21", "elapsed": 22.419109, "delta": 0.544002}}
{"target": -55.98444188627085, "params": {"eta": 0.041535843083346104, "max_depth": 1.0323543193581397, "n_estimators": 28.113595222725323}, "datetime": {"datetime": "2021-09-24 15:56:21", "elapsed": 22.923109, "delta": 0.504}}
{"target": -51.336275875120236, "params": {"eta": 0.5, "max_depth": 5.0, "n_estimators": 20.418628908267653}, "datetime": {"datetime": "2021-09-24 15:56:22", "elapsed": 23.334108, "delta": 0.410999}}
{"target": -48.58413593034099, "params": {"eta": 0.05386528635806625, "max_depth": 1.9745726590169963, "n_estimators": 36.46114835750521}, "datetime": {"datetime": "2021-09-24 15:56:22", "elapsed": 23.733111, "delta": 0.399003}}
{"target": -52.587306431361604, "params": {"eta": 0.03063640305534416, "max_depth": 2.339884024986894, "n_estimators": 43.13065757045195}, "datetime": {"datetime": "2021-09-24 15:56:23", "elapsed": 24.323105, "delta": 0.589994}}
{"target": -44.67236939050201, "params": {"eta": 0.4871969164334551, "max_depth": 1.7144649735134014, "n_estimators": 33.726077953956064}, "datetime": {"datetime": "2021-09-24 15:56:23", "elapsed": 24.733109, "delta": 0.410004}}
{"target": -45.24933139542888, "params": {"eta": 0.5, "max_depth": 1.0, "n_estimators": 38.91455207930944}, "datetime": {"datetime": "2021-09-24 15:56:24", "elapsed": 25.308108, "delta": 0.574999}}
{"target": -48.736546595293774, "params": {"eta": 0.5, "max_depth": 3.376740706089897, "n_estimators": 19.345097876689284}, "datetime": {"datetime": "2021-09-24 15:56:24", "elapsed": 25.759105, "delta": 0.450997}}
{"target": -44.21999502540531, "params": {"eta": 0.47901315322622057, "max_depth": 1.1670877976544567, "n_estimators": 12.601888226822883}, "datetime": {"datetime": "2021-09-24 15:56:25", "elapsed": 26.152107, "delta": 0.393002}}
{"target": -105.16923723722759, "params": {"eta": 0.012198454333623003, "max_depth": 1.9232592831572775, "n_estimators": 26.10448835433343}, "datetime": {"datetime": "2021-09-24 15:56:25", "elapsed": 26.631106, "delta": 0.478999}}
{"target": -43.78724045143988, "params": {"eta": 0.323410484262081, "max_depth": 1.0288977799384296, "n_estimators": 23.84524752799556}, "datetime": {"datetime": "2021-09-24 15:56:26", "elapsed": 27.188106, "delta": 0.557}}
{"target": -43.84761380073719, "params": {"eta": 0.1116628404534975, "max_depth": 3.525249255259261, "n_estimators": 36.05958464954329}, "datetime": {"datetime": "2021-09-24 15:56:26", "elapsed": 27.684767, "delta": 0.496661}}
{"target": -49.572001779886115, "params": {"eta": 0.5, "max_depth": 3.5501471034113754, "n_estimators": 27.51753771245459}, "datetime": {"datetime": "2021-09-24 15:56:27", "elapsed": 28.094776, "delta": 0.410009}}
{"target": -44.91614879522108, "params": {"eta": 0.46042972741511284, "max_depth": 2.242465722266679, "n_estimators": 17.708602234553794}, "datetime": {"datetime": "2021-09-24 15:56:27", "elapsed": 28.577765, "delta": 0.482989}}
{"target": -46.93865576722568, "params": {"eta": 0.40415020006343033, "max_depth": 2.3221447230751013, "n_estimators": 29.631921320771596}, "datetime": {"datetime": "2021-09-24 15:56:28", "elapsed": 29.090976, "delta": 0.513211}}
{"target": -60.564312239338584, "params": {"eta": 0.030397082449233094, "max_depth": 2.561056623783076, "n_estimators": 32.479736630444904}, "datetime": {"datetime": "2021-09-24 15:56:28", "elapsed": 29.742794, "delta": 0.651818}}
{"target": -45.75242270562882, "params": {"eta": 0.08025080916097908, "max_depth": 1.0398590733790583, "n_estimators": 41.557838350051206}, "datetime": {"datetime": "2021-09-24 15:56:29", "elapsed": 30.360403, "delta": 0.617609}}
{"target": -44.65073767640537, "params": {"eta": 0.5, "max_depth": 2.13293451238069, "n_estimators": 21.757487796789253}, "datetime": {"datetime": "2021-09-24 15:56:29", "elapsed": 30.892027, "delta": 0.531624}}
{"target": -92.80595002138526, "params": {"eta": 0.022603383999374126, "max_depth": 3.7856589820495334, "n_estimators": 20.958763113256172}, "datetime": {"datetime": "2021-09-24 15:56:30", "elapsed": 31.409935, "delta": 0.517908}}
{"target": -48.08219407734118, "params": {"eta": 0.5, "max_depth": 2.6837567770938517, "n_estimators": 40.334600976629375}, "datetime": {"datetime": "2021-09-24 15:56:30", "elapsed": 31.936609, "delta": 0.526674}}
{"target": -50.144794822635504, "params": {"eta": 0.4822912609866661, "max_depth": 3.038510928575936, "n_estimators": 45.38626607991333}, "datetime": {"datetime": "2021-09-24 15:56:31", "elapsed": 32.502609, "delta": 0.566}}
{"target": -45.67598546537241, "params": {"eta": 0.5, "max_depth": 1.0, "n_estimators": 7.005864390251704}, "datetime": {"datetime": "2021-09-24 15:56:31", "elapsed": 32.939609, "delta": 0.437}}
{"target": -109.43761057602732, "params": {"eta": 0.01, "max_depth": 5.0, "n_estimators": 30.114557834231555}, "datetime": {"datetime": "2021-09-24 15:56:32", "elapsed": 33.512489, "delta": 0.57288}}
{"target": -53.02466735266205, "params": {"eta": 0.03328258591844654, "max_depth": 3.7348012574052345, "n_estimators": 38.82649819404912}, "datetime": {"datetime": "2021-09-24 15:56:33", "elapsed": 34.236996, "delta": 0.724507}}
{"target": -104.66355815686677, "params": {"eta": 0.015300782895605755, "max_depth": 1.2947477425193505, "n_estimators": 21.32613192015848}, "datetime": {"datetime": "2021-09-24 15:56:33", "elapsed": 34.618995, "delta": 0.381999}}
{"target": -43.346311526190966, "params": {"eta": 0.33593168116097377, "max_depth": 1.832374504281106, "n_estimators": 19.660951484402556}, "datetime": {"datetime": "2021-09-24 15:56:34", "elapsed": 35.096845, "delta": 0.47785}}
{"target": -44.55402202175972, "params": {"eta": 0.462716825946246, "max_depth": 1.9465638089026784, "n_estimators": 22.88284689221733}, "datetime": {"datetime": "2021-09-24 15:56:34", "elapsed": 35.625443, "delta": 0.528598}}
