{"target": -41.446248171422624, "params": {"eta": 0.01, "max_depth": 3.303820852816616, "n_estimators": 76.80703619682991}, "datetime": {"datetime": "2021-09-29 15:47:56", "elapsed": 989.276157, "delta": 3.820103}}
{"target": -52.72220746074859, "params": {"eta": 0.04872262261401344, "max_depth": 3.3911208148271865, "n_estimators": 10.94579416132962}, "datetime": {"datetime": "2021-09-29 15:48:03", "elapsed": 996.292249, "delta": 7.016092}}
{"target": -38.60206864761697, "params": {"eta": 0.5364220270616606, "max_depth": 1.3772457361753458, "n_estimators": 76.57121863531997}, "datetime": {"datetime": "2021-09-29 15:48:07", "elapsed": 1000.504917, "delta": 4.212668}}
{"target": -40.73415187429405, "params": {"eta": 0.46766762297487097, "max_depth": 28.483741401637364, "n_estimators": 27.01819540426067}, "datetime": {"datetime": "2021-09-29 15:48:09", "elapsed": 1002.919671, "delta": 2.414754}}
{"target": -40.023310728419865, "params": {"eta": 0.5385939832335672, "max_depth": 3.285023352723906, "n_estimators": 11.599033382295442}, "datetime": {"datetime": "2021-09-29 15:48:14", "elapsed": 1007.562831, "delta": 4.64316}}
{"target": -40.65839197495102, "params": {"eta": 0.607747779484418, "max_depth": 3.347329323074919, "n_estimators": 10.246056294003603}, "datetime": {"datetime": "2021-09-29 15:48:20", "elapsed": 1013.5431, "delta": 5.980269}}
{"target": -86.95678421359993, "params": {"eta": 0.02626483935809496, "max_depth": 12.168422777938769, "n_estimators": 4.720701197024995}, "datetime": {"datetime": "2021-09-29 15:48:22", "elapsed": 1015.972735, "delta": 2.429635}}
{"target": -39.15460710121926, "params": {"eta": 0.8564139442448112, "max_depth": 1.0, "n_estimators": 34.24574211040535}, "datetime": {"datetime": "2021-09-29 15:48:27", "elapsed": 1020.606525, "delta": 4.63379}}
{"target": -46.215024942614875, "params": {"eta": 0.9402247171570657, "max_depth": 15.322826724952394, "n_estimators": 95.17798083717425}, "datetime": {"datetime": "2021-09-29 15:48:29", "elapsed": 1023.10937, "delta": 2.502845}}
{"target": -38.52354689547262, "params": {"eta": 0.3348901691181769, "max_depth": 2.857261687675787, "n_estimators": 11.26118397975062}, "datetime": {"datetime": "2021-09-29 15:48:33", "elapsed": 1026.991065, "delta": 3.881695}}
{"target": -38.030294392272914, "params": {"eta": 0.3355211493791175, "max_depth": 2.4714726884656883, "n_estimators": 70.38680481834471}, "datetime": {"datetime": "2021-09-29 15:48:39", "elapsed": 1032.659208, "delta": 5.668143}}
{"target": -42.994555325403816, "params": {"eta": 0.6931409070410642, "max_depth": 19.447578124559282, "n_estimators": 17.558520279637605}, "datetime": {"datetime": "2021-09-29 15:48:42", "elapsed": 1035.5358, "delta": 2.876592}}
{"target": -42.607187596275985, "params": {"eta": 0.07254252960580779, "max_depth": 3.1843088181296193, "n_estimators": 10.246760545751666}, "datetime": {"datetime": "2021-09-29 15:48:47", "elapsed": 1041.046167, "delta": 5.510367}}
{"target": -40.00438324022295, "params": {"eta": 0.07572171235300061, "max_depth": 10.305642541156637, "n_estimators": 82.71255534439148}, "datetime": {"datetime": "2021-09-29 15:48:50", "elapsed": 1044.029566, "delta": 2.983399}}
{"target": -38.23921215066795, "params": {"eta": 0.25211516776014314, "max_depth": 12.544466905319313, "n_estimators": 5.642130866033367}, "datetime": {"datetime": "2021-09-29 15:48:53", "elapsed": 1046.312104, "delta": 2.282538}}
{"target": -37.975823593974184, "params": {"eta": 0.176737632720112, "max_depth": 1.8466053844886148, "n_estimators": 64.44104889443298}, "datetime": {"datetime": "2021-09-29 15:48:55", "elapsed": 1048.828328, "delta": 2.516224}}
{"target": -40.474488111188506, "params": {"eta": 0.18106616003579337, "max_depth": 5.121312414006291, "n_estimators": 88.53501117340157}, "datetime": {"datetime": "2021-09-29 15:48:58", "elapsed": 1051.290779, "delta": 2.462451}}
{"target": -37.785784782738155, "params": {"eta": 0.469330923770223, "max_depth": 1.6761300685343783, "n_estimators": 28.69163064350822}, "datetime": {"datetime": "2021-09-29 15:49:00", "elapsed": 1053.75448, "delta": 2.463701}}
{"target": -41.31533811414776, "params": {"eta": 0.18881245445469816, "max_depth": 12.69510813443493, "n_estimators": 70.18160786754689}, "datetime": {"datetime": "2021-09-29 15:49:03", "elapsed": 1056.459249, "delta": 2.704769}}
{"target": -60.206786669969524, "params": {"eta": 0.03595132604546145, "max_depth": 3.8928675318037014, "n_estimators": 10.102162401225401}, "datetime": {"datetime": "2021-09-29 15:49:06", "elapsed": 1059.716658, "delta": 3.257409}}
{"target": -37.96946462704969, "params": {"eta": 0.6045249515212437, "max_depth": 1.4891695185896072, "n_estimators": 34.00653042600589}, "datetime": {"datetime": "2021-09-29 15:49:10", "elapsed": 1063.80951, "delta": 4.092852}}
{"target": -42.73229290930959, "params": {"eta": 0.6308289757144725, "max_depth": 2.355168448391606, "n_estimators": 73.32683222080287}, "datetime": {"datetime": "2021-09-29 15:49:14", "elapsed": 1068.022332, "delta": 4.212822}}
{"target": -39.19347047398288, "params": {"eta": 0.08564949054775146, "max_depth": 3.2713779680484736, "n_estimators": 71.80478522591122}, "datetime": {"datetime": "2021-09-29 15:49:17", "elapsed": 1070.504245, "delta": 2.481913}}
{"target": -42.712749810384665, "params": {"eta": 0.01, "max_depth": 22.123373652954534, "n_estimators": 87.43108171210346}, "datetime": {"datetime": "2021-09-29 15:49:21", "elapsed": 1075.146201, "delta": 4.641956}}
{"target": -38.464930625187876, "params": {"eta": 0.09088147448687531, "max_depth": 2.486841178880114, "n_estimators": 70.87674414840467}, "datetime": {"datetime": "2021-09-29 15:49:26", "elapsed": 1079.271403, "delta": 4.125202}}
{"target": -41.988867147146195, "params": {"eta": 0.6485026331506619, "max_depth": 6.425842449226763, "n_estimators": 14.247859651357013}, "datetime": {"datetime": "2021-09-29 15:49:29", "elapsed": 1083.239721, "delta": 3.968318}}
{"target": -37.97496850350534, "params": {"eta": 0.15954059508452115, "max_depth": 1.4839479011784942, "n_estimators": 77.28739197055911}, "datetime": {"datetime": "2021-09-29 15:49:37", "elapsed": 1091.177707, "delta": 7.937986}}
{"target": -41.441264432949666, "params": {"eta": 0.36817025523626723, "max_depth": 2.9688968608757205, "n_estimators": 56.940821102256024}, "datetime": {"datetime": "2021-09-29 15:49:40", "elapsed": 1093.507941, "delta": 2.330234}}
{"target": -39.62830795609645, "params": {"eta": 0.6978532533883115, "max_depth": 1.5189743047347268, "n_estimators": 79.48957610600709}, "datetime": {"datetime": "2021-09-29 15:49:44", "elapsed": 1098.077705, "delta": 4.569764}}
{"target": -41.50476070326563, "params": {"eta": 0.4424957355459027, "max_depth": 21.650631455282106, "n_estimators": 87.19724932036675}, "datetime": {"datetime": "2021-09-29 15:49:50", "elapsed": 1103.542983, "delta": 5.465278}}
{"target": -40.517321449225754, "params": {"eta": 0.6576184847142816, "max_depth": 14.676264281547434, "n_estimators": 46.55672700679782}, "datetime": {"datetime": "2021-09-29 15:49:53", "elapsed": 1106.326865, "delta": 2.783882}}
{"target": -38.5037456934069, "params": {"eta": 0.162124641931626, "max_depth": 2.5201890345214952, "n_estimators": 75.63087600798436}, "datetime": {"datetime": "2021-09-29 15:49:56", "elapsed": 1109.823834, "delta": 3.496969}}
{"target": -39.00236818486884, "params": {"eta": 0.6207003433381496, "max_depth": 1.3553203456136085, "n_estimators": 98.74177189197763}, "datetime": {"datetime": "2021-09-29 15:50:01", "elapsed": 1114.82035, "delta": 4.996516}}
{"target": -36.80845704515612, "params": {"eta": 0.2338020886011832, "max_depth": 1.7649482655473978, "n_estimators": 98.64673918090627}, "datetime": {"datetime": "2021-09-29 15:50:06", "elapsed": 1119.407784, "delta": 4.587434}}
{"target": -42.9810467973433, "params": {"eta": 0.011516404607202341, "max_depth": 3.0318867455467466, "n_estimators": 71.14147461920072}, "datetime": {"datetime": "2021-09-29 15:50:10", "elapsed": 1123.662415, "delta": 4.254631}}
{"target": -41.300031742093424, "params": {"eta": 0.30496473063574187, "max_depth": 2.1110104743820424, "n_estimators": 98.37869747218242}, "datetime": {"datetime": "2021-09-29 15:50:16", "elapsed": 1129.817773, "delta": 6.155358}}
{"target": -38.45481791492493, "params": {"eta": 0.5745509878586793, "max_depth": 1.632312786450536, "n_estimators": 98.33930822822451}, "datetime": {"datetime": "2021-09-29 15:50:21", "elapsed": 1134.96047, "delta": 5.142697}}
{"target": -39.91477605669763, "params": {"eta": 0.4586740547499508, "max_depth": 29.640264643929708, "n_estimators": 26.11663338021584}, "datetime": {"datetime": "2021-09-29 15:50:24", "elapsed": 1137.609719, "delta": 2.649249}}
{"target": -40.08181763634754, "params": {"eta": 0.3541564692013099, "max_depth": 15.564958359685432, "n_estimators": 77.67162006596456}, "datetime": {"datetime": "2021-09-29 15:50:27", "elapsed": 1140.487954, "delta": 2.878235}}
{"target": -44.09922114776594, "params": {"eta": 0.6657427379814014, "max_depth": 5.901788683652582, "n_estimators": 75.33152945393081}, "datetime": {"datetime": "2021-09-29 15:50:31", "elapsed": 1144.88343, "delta": 4.395476}}
{"target": -39.47195401529002, "params": {"eta": 0.2696654732596934, "max_depth": 6.967836043349912, "n_estimators": 75.50157698740188}, "datetime": {"datetime": "2021-09-29 15:50:37", "elapsed": 1150.494738, "delta": 5.611308}}
{"target": -37.22886846202499, "params": {"eta": 0.4291676445696649, "max_depth": 1.8614123603377202, "n_estimators": 75.66449026405783}, "datetime": {"datetime": "2021-09-29 15:50:44", "elapsed": 1157.440007, "delta": 6.945269}}
{"target": -38.02143472172668, "params": {"eta": 0.5517458804034445, "max_depth": 1.1388256940938475, "n_estimators": 38.62900237997437}, "datetime": {"datetime": "2021-09-29 15:50:50", "elapsed": 1164.10614, "delta": 6.666133}}
{"target": -35.95079712768934, "params": {"eta": 0.011545822016745332, "max_depth": 1.6859541808787402, "n_estimators": 98.28144849394097}, "datetime": {"datetime": "2021-09-29 15:50:57", "elapsed": 1170.381601, "delta": 6.275461}}
{"target": -39.21704407872693, "params": {"eta": 0.2916945634299122, "max_depth": 27.165986322297414, "n_estimators": 84.91051663660934}, "datetime": {"datetime": "2021-09-29 15:51:00", "elapsed": 1173.547708, "delta": 3.166107}}
{"target": -39.335704993428706, "params": {"eta": 0.07367659827567714, "max_depth": 1.8722692179711462, "n_estimators": 97.81929283085408}, "datetime": {"datetime": "2021-09-29 15:51:06", "elapsed": 1179.885248, "delta": 6.33754}}
{"target": -35.20126559323267, "params": {"eta": 0.18254209117918868, "max_depth": 6.66506736527869, "n_estimators": 14.674656745729177}, "datetime": {"datetime": "2021-09-29 15:51:09", "elapsed": 1182.564191, "delta": 2.678943}}
{"target": -44.275504356088845, "params": {"eta": 0.5655789083988405, "max_depth": 9.409742836868235, "n_estimators": 52.45463574485222}, "datetime": {"datetime": "2021-09-29 15:51:12", "elapsed": 1185.340883, "delta": 2.776692}}
{"target": -50.84083887563571, "params": {"eta": 0.04544062739136397, "max_depth": 4.5135282998205435, "n_estimators": 11.70844850848747}, "datetime": {"datetime": "2021-09-29 15:51:18", "elapsed": 1191.494015, "delta": 6.153132}}
{"target": -40.582038976366576, "params": {"eta": 0.22324129858709216, "max_depth": 23.05313524933153, "n_estimators": 20.143719951535616}, "datetime": {"datetime": "2021-09-29 15:51:21", "elapsed": 1194.296283, "delta": 2.802268}}
{"target": -40.42059210639106, "params": {"eta": 0.82591591513992, "max_depth": 2.096827549296152, "n_estimators": 37.16392360399086}, "datetime": {"datetime": "2021-09-29 15:51:29", "elapsed": 1202.494012, "delta": 8.197729}}
{"target": -45.04347655869687, "params": {"eta": 0.01, "max_depth": 6.464965331051971, "n_estimators": 76.64321478786711}, "datetime": {"datetime": "2021-09-29 15:51:33", "elapsed": 1206.79007, "delta": 4.296058}}
{"target": -37.33854128628885, "params": {"eta": 0.43751015525474063, "max_depth": 1.5613638388925826, "n_estimators": 38.57129258133356}, "datetime": {"datetime": "2021-09-29 15:51:38", "elapsed": 1212.036702, "delta": 5.246632}}
{"target": -49.68874391114564, "params": {"eta": 0.9503923867947641, "max_depth": 6.442133159774049, "n_estimators": 27.763967900587687}, "datetime": {"datetime": "2021-09-29 15:51:41", "elapsed": 1214.6171, "delta": 2.580398}}
