{"target": -39.60286910710261, "params": {"eta": 0.06706741771936638, "max_depth": 1.2444810097466699, "n_estimators": 81.73295239765547}, "datetime": {"datetime": "2021-09-29 15:37:51", "elapsed": 384.986737, "delta": 3.273783}}
{"target": -45.7477960013574, "params": {"eta": 0.08797699582901108, "max_depth": 12.133229123123856, "n_estimators": 8.80723110577768}, "datetime": {"datetime": "2021-09-29 15:37:53", "elapsed": 386.501177, "delta": 1.51444}}
{"target": -38.142456108515645, "params": {"eta": 0.9767271167411903, "max_depth": 1.0210107914115403, "n_estimators": 35.47174501462523}, "datetime": {"datetime": "2021-09-29 15:37:55", "elapsed": 388.621826, "delta": 2.120649}}
{"target": -50.494356137864884, "params": {"eta": 0.9774980428664993, "max_depth": 11.814239704058565, "n_estimators": 94.31049232728427}, "datetime": {"datetime": "2021-09-29 15:37:56", "elapsed": 390.182827, "delta": 1.561001}}
{"target": -39.66968554036826, "params": {"eta": 0.944282121296644, "max_depth": 1.073397789265137, "n_estimators": 36.78624016832932}, "datetime": {"datetime": "2021-09-29 15:37:58", "elapsed": 391.868707, "delta": 1.68588}}
{"target": -40.70367481278148, "params": {"eta": 0.7570335173986865, "max_depth": 1.1986261622977838, "n_estimators": 81.9872537177021}, "datetime": {"datetime": "2021-09-29 15:38:00", "elapsed": 393.791476, "delta": 1.922769}}
{"target": -40.148155558463095, "params": {"eta": 0.25704701024330595, "max_depth": 7.48950641345031, "n_estimators": 75.538744582804}, "datetime": {"datetime": "2021-09-29 15:38:03", "elapsed": 396.486757, "delta": 2.695281}}
{"target": -40.63447120330997, "params": {"eta": 0.6472718797255801, "max_depth": 24.790070496781276, "n_estimators": 81.14084000732603}, "datetime": {"datetime": "2021-09-29 15:38:06", "elapsed": 399.419948, "delta": 2.933191}}
{"target": -35.43894658565124, "params": {"eta": 0.019504774833438442, "max_depth": 6.601065530695002, "n_estimators": 75.76768857958452}, "datetime": {"datetime": "2021-09-29 15:38:09", "elapsed": 402.485841, "delta": 3.065893}}
{"target": -39.22255686567926, "params": {"eta": 0.6617835603168074, "max_depth": 6.1531064872088015, "n_estimators": 3.6586483535578647}, "datetime": {"datetime": "2021-09-29 15:38:10", "elapsed": 404.052392, "delta": 1.566551}}
{"target": -43.87946880213457, "params": {"eta": 0.6610257520750953, "max_depth": 12.406786019347877, "n_estimators": 47.2763324741953}, "datetime": {"datetime": "2021-09-29 15:38:12", "elapsed": 405.631797, "delta": 1.579405}}
{"target": -39.5257372249204, "params": {"eta": 0.9678198533661733, "max_depth": 1.05859202259742, "n_estimators": 37.63695452117864}, "datetime": {"datetime": "2021-09-29 15:38:15", "elapsed": 408.774909, "delta": 3.143112}}
{"target": -40.521392543258, "params": {"eta": 0.6712497273900487, "max_depth": 5.740749791818658, "n_estimators": 3.4489125388535586}, "datetime": {"datetime": "2021-09-29 15:38:17", "elapsed": 410.454913, "delta": 1.680004}}
{"target": -46.48029453312199, "params": {"eta": 0.9311872800913469, "max_depth": 27.94564363871222, "n_estimators": 89.14487651982968}, "datetime": {"datetime": "2021-09-29 15:38:19", "elapsed": 412.343067, "delta": 1.888154}}
{"target": -41.9357346885058, "params": {"eta": 0.44662980054467455, "max_depth": 24.90291670992362, "n_estimators": 39.6187827815279}, "datetime": {"datetime": "2021-09-29 15:38:20", "elapsed": 414.234542, "delta": 1.891475}}
{"target": -38.71922039966649, "params": {"eta": 0.23879256134970175, "max_depth": 6.035961067682805, "n_estimators": 75.47536175952}, "datetime": {"datetime": "2021-09-29 15:38:23", "elapsed": 416.552897, "delta": 2.318355}}
{"target": -40.56866406018466, "params": {"eta": 0.5640552572494452, "max_depth": 2.1021886274420494, "n_estimators": 37.62718409443645}, "datetime": {"datetime": "2021-09-29 15:38:25", "elapsed": 419.013, "delta": 2.460103}}
{"target": -40.63429397825198, "params": {"eta": 0.6489171140936517, "max_depth": 26.98008971346288, "n_estimators": 25.434544138717992}, "datetime": {"datetime": "2021-09-29 15:38:27", "elapsed": 420.733184, "delta": 1.720184}}
{"target": -40.11592318501325, "params": {"eta": 0.03631965233638173, "max_depth": 1.4499505978259162, "n_estimators": 78.3293824650958}, "datetime": {"datetime": "2021-09-29 15:38:30", "elapsed": 423.992906, "delta": 3.259722}}
{"target": -40.476758953170524, "params": {"eta": 0.3834254920216931, "max_depth": 10.587293804015438, "n_estimators": 83.48847692745635}, "datetime": {"datetime": "2021-09-29 15:38:32", "elapsed": 425.953135, "delta": 1.960229}}
{"target": -37.28151010826002, "params": {"eta": 0.33959352753802796, "max_depth": 1.004724856794657, "n_estimators": 76.46450539846931}, "datetime": {"datetime": "2021-09-29 15:38:35", "elapsed": 429.183367, "delta": 3.230232}}
{"target": -39.64804629241648, "params": {"eta": 0.09737163807897851, "max_depth": 6.685211267522446, "n_estimators": 75.17285626672626}, "datetime": {"datetime": "2021-09-29 15:38:38", "elapsed": 431.42247, "delta": 2.239103}}
{"target": -38.53996011313442, "params": {"eta": 0.8059692075369228, "max_depth": 1.6931950242677303, "n_estimators": 35.75239748414107}, "datetime": {"datetime": "2021-09-29 15:38:40", "elapsed": 433.893653, "delta": 2.471183}}
{"target": -38.27025078726865, "params": {"eta": 0.14435427395216244, "max_depth": 1.04762491583835, "n_estimators": 74.35754849474952}, "datetime": {"datetime": "2021-09-29 15:38:43", "elapsed": 436.687042, "delta": 2.793389}}
{"target": -39.4822716660867, "params": {"eta": 0.17209226480252382, "max_depth": 3.950225672719576, "n_estimators": 60.2578400804627}, "datetime": {"datetime": "2021-09-29 15:38:44", "elapsed": 438.210874, "delta": 1.523832}}
{"target": -42.906489830042055, "params": {"eta": 0.01, "max_depth": 22.68879207554836, "n_estimators": 86.8001086638429}, "datetime": {"datetime": "2021-09-29 15:38:47", "elapsed": 441.19574, "delta": 2.984866}}
{"target": -38.70701990558017, "params": {"eta": 0.9704960986835267, "max_depth": 1.4944664538418728, "n_estimators": 34.057676196353974}, "datetime": {"datetime": "2021-09-29 15:38:50", "elapsed": 443.838626, "delta": 2.642886}}
{"target": -38.21676272693308, "params": {"eta": 0.6088844346144288, "max_depth": 1.4025475598604644, "n_estimators": 38.03273537295112}, "datetime": {"datetime": "2021-09-29 15:38:52", "elapsed": 446.241043, "delta": 2.402417}}
{"target": -40.10135083126538, "params": {"eta": 1.0, "max_depth": 1.5791136128586376, "n_estimators": 81.33011055113201}, "datetime": {"datetime": "2021-09-29 15:38:55", "elapsed": 448.800698, "delta": 2.559655}}
{"target": -38.168633446541214, "params": {"eta": 0.5970454645461277, "max_depth": 1.5752317404402412, "n_estimators": 33.59689541442289}, "datetime": {"datetime": "2021-09-29 15:38:59", "elapsed": 452.651584, "delta": 3.850886}}
{"target": -36.60252091870919, "params": {"eta": 0.3604055467666304, "max_depth": 5.886110777404384, "n_estimators": 3.790270824366662}, "datetime": {"datetime": "2021-09-29 15:39:02", "elapsed": 455.610329, "delta": 2.958745}}
{"target": -37.067569747546095, "params": {"eta": 0.3744946556683817, "max_depth": 1.1349258783242664, "n_estimators": 34.07780187199049}, "datetime": {"datetime": "2021-09-29 15:39:05", "elapsed": 458.473226, "delta": 2.862897}}
{"target": -38.47724835347982, "params": {"eta": 0.14154269203781586, "max_depth": 2.526603145672216, "n_estimators": 33.4417944229717}, "datetime": {"datetime": "2021-09-29 15:39:07", "elapsed": 460.756228, "delta": 2.283002}}
{"target": -40.02784148607705, "params": {"eta": 0.08945487437627413, "max_depth": 1.0713375860462497, "n_estimators": 34.99764513769639}, "datetime": {"datetime": "2021-09-29 15:39:09", "elapsed": 462.972199, "delta": 2.215971}}
{"target": -38.48171259136097, "params": {"eta": 0.2758299273725583, "max_depth": 17.125834325932463, "n_estimators": 81.73721161419746}, "datetime": {"datetime": "2021-09-29 15:39:11", "elapsed": 465.049201, "delta": 2.077002}}
{"target": -44.67658334952479, "params": {"eta": 0.8334265301265684, "max_depth": 20.51527863505234, "n_estimators": 58.917760123949336}, "datetime": {"datetime": "2021-09-29 15:39:13", "elapsed": 467.117238, "delta": 2.068037}}
{"target": -41.103296397210016, "params": {"eta": 0.18772531638517978, "max_depth": 25.190512639333864, "n_estimators": 39.66418502279832}, "datetime": {"datetime": "2021-09-29 15:39:15", "elapsed": 469.12224, "delta": 2.005002}}
{"target": -37.375273956779424, "params": {"eta": 0.23896264774460502, "max_depth": 21.81295666715891, "n_estimators": 87.55884697452264}, "datetime": {"datetime": "2021-09-29 15:39:18", "elapsed": 472.12732, "delta": 3.00508}}
{"target": -39.15113478284884, "params": {"eta": 0.06553706814511183, "max_depth": 1.1257339823969887, "n_estimators": 33.57769289277254}, "datetime": {"datetime": "2021-09-29 15:39:21", "elapsed": 475.078865, "delta": 2.951545}}
{"target": -37.37527143975027, "params": {"eta": 0.24085234139812955, "max_depth": 21.45071183815313, "n_estimators": 86.92580652378565}, "datetime": {"datetime": "2021-09-29 15:39:25", "elapsed": 478.288393, "delta": 3.209528}}
{"target": -42.09136257616307, "params": {"eta": 0.6648346802169552, "max_depth": 21.204900811191248, "n_estimators": 87.46077332539431}, "datetime": {"datetime": "2021-09-29 15:39:28", "elapsed": 482.189126, "delta": 3.900733}}
{"target": -41.232072642002784, "params": {"eta": 0.734081321046016, "max_depth": 22.08260563752421, "n_estimators": 87.55796719488606}, "datetime": {"datetime": "2021-09-29 15:39:32", "elapsed": 485.321458, "delta": 3.132332}}
{"target": -37.14330150211434, "params": {"eta": 0.027979319275169452, "max_depth": 13.77005583268565, "n_estimators": 58.61826386052721}, "datetime": {"datetime": "2021-09-29 15:39:34", "elapsed": 487.370084, "delta": 2.048626}}
{"target": -38.444392952132944, "params": {"eta": 0.2119613394620427, "max_depth": 15.429220199678449, "n_estimators": 13.542152219617789}, "datetime": {"datetime": "2021-09-29 15:39:36", "elapsed": 489.353597, "delta": 1.983513}}
{"target": -38.90631163465757, "params": {"eta": 0.021433956443935344, "max_depth": 14.302811538102144, "n_estimators": 58.595182858789926}, "datetime": {"datetime": "2021-09-29 15:39:38", "elapsed": 492.021219, "delta": 2.667622}}
{"target": -41.60081293911517, "params": {"eta": 0.4518029792720669, "max_depth": 13.869224539851553, "n_estimators": 58.35032083300123}, "datetime": {"datetime": "2021-09-29 15:39:41", "elapsed": 494.838588, "delta": 2.817369}}
{"target": -40.47811722938768, "params": {"eta": 0.18836348767017905, "max_depth": 13.992022218943927, "n_estimators": 59.269531183419886}, "datetime": {"datetime": "2021-09-29 15:39:44", "elapsed": 497.711708, "delta": 2.87312}}
{"target": -37.6029610931845, "params": {"eta": 0.6487197577804449, "max_depth": 1.071866495207826, "n_estimators": 33.38079865457175}, "datetime": {"datetime": "2021-09-29 15:39:47", "elapsed": 500.527704, "delta": 2.815996}}
{"target": -38.629424399882986, "params": {"eta": 0.9136324336127973, "max_depth": 1.5311184588064148, "n_estimators": 33.15898609285876}, "datetime": {"datetime": "2021-09-29 15:39:50", "elapsed": 503.97267, "delta": 3.444966}}
{"target": -38.236173250467345, "params": {"eta": 0.5446899275119154, "max_depth": 1.5764887732918287, "n_estimators": 32.68293042799118}, "datetime": {"datetime": "2021-09-29 15:39:52", "elapsed": 506.211324, "delta": 2.238654}}
{"target": -42.884109946672986, "params": {"eta": 0.6968568200918771, "max_depth": 2.0989164348190577, "n_estimators": 32.46562148040926}, "datetime": {"datetime": "2021-09-29 15:39:56", "elapsed": 509.936839, "delta": 3.725515}}
{"target": -40.69742961718265, "params": {"eta": 0.7224051031782772, "max_depth": 23.22139391554726, "n_estimators": 15.076987680866221}, "datetime": {"datetime": "2021-09-29 15:39:58", "elapsed": 512.020032, "delta": 2.083193}}
{"target": -39.81930865556852, "params": {"eta": 0.0889410933649416, "max_depth": 22.325683053762994, "n_estimators": 87.88576766960425}, "datetime": {"datetime": "2021-09-29 15:40:02", "elapsed": 515.424985, "delta": 3.404953}}
{"target": -45.44030682651445, "params": {"eta": 0.8107739716786471, "max_depth": 25.02270433425242, "n_estimators": 80.17626722043008}, "datetime": {"datetime": "2021-09-29 15:40:05", "elapsed": 518.771343, "delta": 3.346358}}
{"target": -40.9274969120497, "params": {"eta": 0.22098500804377863, "max_depth": 11.64784538511911, "n_estimators": 86.53417373337255}, "datetime": {"datetime": "2021-09-29 15:40:07", "elapsed": 521.187119, "delta": 2.415776}}
{"target": -38.55480849102694, "params": {"eta": 0.05752351444957279, "max_depth": 13.269935543247596, "n_estimators": 58.72205657740589}, "datetime": {"datetime": "2021-09-29 15:40:11", "elapsed": 524.614835, "delta": 3.427716}}
{"target": -40.061148129451304, "params": {"eta": 0.09975309466404621, "max_depth": 1.2012016015808404, "n_estimators": 32.705307226781215}, "datetime": {"datetime": "2021-09-29 15:40:13", "elapsed": 527.1412, "delta": 2.526365}}
{"target": -41.679699426175, "params": {"eta": 0.06870665261338062, "max_depth": 28.650001588293225, "n_estimators": 96.11937343545154}, "datetime": {"datetime": "2021-09-29 15:40:16", "elapsed": 529.741484, "delta": 2.600284}}
{"target": -38.84450581915422, "params": {"eta": 0.9191445756576007, "max_depth": 1.066565724280269, "n_estimators": 32.801924727338104}, "datetime": {"datetime": "2021-09-29 15:40:20", "elapsed": 533.353585, "delta": 3.612101}}
{"target": -56.15728935084757, "params": {"eta": 0.03671597154179254, "max_depth": 14.846328347132392, "n_estimators": 13.466855270591498}, "datetime": {"datetime": "2021-09-29 15:40:23", "elapsed": 536.91857, "delta": 3.564985}}
{"target": -36.294669583289036, "params": {"eta": 0.24361727725976026, "max_depth": 15.842790342261159, "n_estimators": 13.863117836775436}, "datetime": {"datetime": "2021-09-29 15:40:26", "elapsed": 539.789766, "delta": 2.871196}}
{"target": -40.46507957831156, "params": {"eta": 0.20894459055441536, "max_depth": 13.262566596705264, "n_estimators": 93.09093851383747}, "datetime": {"datetime": "2021-09-29 15:40:29", "elapsed": 542.38145, "delta": 2.591684}}
{"target": -43.6380526531013, "params": {"eta": 0.4331357242862153, "max_depth": 15.913653280949635, "n_estimators": 13.386742900430715}, "datetime": {"datetime": "2021-09-29 15:40:33", "elapsed": 546.681847, "delta": 4.300397}}
{"target": -38.45746890193418, "params": {"eta": 0.17415472454106404, "max_depth": 25.724827742279743, "n_estimators": 14.489492105884402}, "datetime": {"datetime": "2021-09-29 15:40:35", "elapsed": 548.80011, "delta": 2.118263}}
{"target": -44.016117906387045, "params": {"eta": 0.6055167843482464, "max_depth": 15.923689087855976, "n_estimators": 14.187580364406363}, "datetime": {"datetime": "2021-09-29 15:40:38", "elapsed": 551.318504, "delta": 2.518394}}
{"target": -44.21280914201291, "params": {"eta": 0.010083288959281237, "max_depth": 25.44141130756127, "n_estimators": 80.56970642189017}, "datetime": {"datetime": "2021-09-29 15:40:41", "elapsed": 554.758753, "delta": 3.440249}}
{"target": -42.712749810384665, "params": {"eta": 0.01, "max_depth": 21.351909865719566, "n_estimators": 87.39447926375153}, "datetime": {"datetime": "2021-09-29 15:40:45", "elapsed": 559.117931, "delta": 4.359178}}
{"target": -53.10308921901117, "params": {"eta": 0.01, "max_depth": 13.378869920325199, "n_estimators": 58.12955948592761}, "datetime": {"datetime": "2021-09-29 15:40:48", "elapsed": 562.036462, "delta": 2.918531}}
{"target": -39.01680307243665, "params": {"eta": 0.3430740698546265, "max_depth": 28.51384485444326, "n_estimators": 26.278943889338873}, "datetime": {"datetime": "2021-09-29 15:40:51", "elapsed": 564.244781, "delta": 2.208319}}
{"target": -40.60642148234008, "params": {"eta": 0.438121937049984, "max_depth": 13.3863605002845, "n_estimators": 59.19687936297541}, "datetime": {"datetime": "2021-09-29 15:40:54", "elapsed": 568.190216, "delta": 3.945435}}
{"target": -56.15728935084757, "params": {"eta": 0.04320859795361267, "max_depth": 16.34226235563998, "n_estimators": 13.83933866301719}, "datetime": {"datetime": "2021-09-29 15:40:59", "elapsed": 572.551228, "delta": 4.361012}}
{"target": -40.604888736193736, "params": {"eta": 0.4070413378275054, "max_depth": 26.304837512892266, "n_estimators": 14.380837612210431}, "datetime": {"datetime": "2021-09-29 15:41:03", "elapsed": 577.202737, "delta": 4.651509}}
{"target": -40.566262117394004, "params": {"eta": 0.3754025865630363, "max_depth": 16.774884253855898, "n_estimators": 43.39253226149566}, "datetime": {"datetime": "2021-09-29 15:41:07", "elapsed": 581.185018, "delta": 3.982281}}
{"target": -38.73994374325428, "params": {"eta": 0.7116770121915751, "max_depth": 1.541157285987125, "n_estimators": 53.24974294298928}, "datetime": {"datetime": "2021-09-29 15:41:09", "elapsed": 582.961622, "delta": 1.776604}}
{"target": -38.065076804980016, "params": {"eta": 0.6916677623981319, "max_depth": 1.6751123272284412, "n_estimators": 37.01874400165927}, "datetime": {"datetime": "2021-09-29 15:41:12", "elapsed": 585.958401, "delta": 2.996779}}
{"target": -37.31123863812716, "params": {"eta": 0.05160139168003664, "max_depth": 16.80160115078315, "n_estimators": 44.14246139075445}, "datetime": {"datetime": "2021-09-29 15:41:16", "elapsed": 589.333895, "delta": 3.375494}}
{"target": -89.55238293128484, "params": {"eta": 0.01, "max_depth": 4.975433467056475, "n_estimators": 9.940704906776656}, "datetime": {"datetime": "2021-09-29 15:41:19", "elapsed": 592.434897, "delta": 3.101002}}
{"target": -39.09352026436997, "params": {"eta": 0.10666488312468476, "max_depth": 26.15825200546667, "n_estimators": 72.45373054626609}, "datetime": {"datetime": "2021-09-29 15:41:21", "elapsed": 594.803671, "delta": 2.368774}}
{"target": -38.1516757889871, "params": {"eta": 0.785996795375936, "max_depth": 1.028917625465782, "n_estimators": 33.783843793958425}, "datetime": {"datetime": "2021-09-29 15:41:24", "elapsed": 597.748367, "delta": 2.944696}}
{"target": -37.03887155439946, "params": {"eta": 0.37455554649229134, "max_depth": 1.053088398404705, "n_estimators": 37.723766312633124}, "datetime": {"datetime": "2021-09-29 15:41:28", "elapsed": 601.37601, "delta": 3.627643}}
{"target": -38.64012765706324, "params": {"eta": 0.6187491136925061, "max_depth": 1.0653006898446573, "n_estimators": 74.25180687932804}, "datetime": {"datetime": "2021-09-29 15:41:31", "elapsed": 605.002593, "delta": 3.626583}}
{"target": -37.485817161748756, "params": {"eta": 0.6015585149744497, "max_depth": 5.512353291237752, "n_estimators": 29.46803388265674}, "datetime": {"datetime": "2021-09-29 15:41:33", "elapsed": 606.984775, "delta": 1.982182}}
{"target": -39.95993877211895, "params": {"eta": 0.03569175152909482, "max_depth": 1.820683875660796, "n_estimators": 72.62986952161002}, "datetime": {"datetime": "2021-09-29 15:41:36", "elapsed": 610.193241, "delta": 3.208466}}
{"target": -42.05921560454466, "params": {"eta": 0.7206774557907724, "max_depth": 5.228190610446827, "n_estimators": 9.407676865417985}, "datetime": {"datetime": "2021-09-29 15:41:39", "elapsed": 612.783018, "delta": 2.589777}}
{"target": -43.70052945706628, "params": {"eta": 0.5651972530976968, "max_depth": 17.030095504647576, "n_estimators": 10.59321885864534}, "datetime": {"datetime": "2021-09-29 15:41:41", "elapsed": 614.714992, "delta": 1.931974}}
{"target": -40.988719688097206, "params": {"eta": 0.5815044288968967, "max_depth": 5.506415399764278, "n_estimators": 10.043330411333214}, "datetime": {"datetime": "2021-09-29 15:41:44", "elapsed": 618.036657, "delta": 3.321665}}
{"target": -37.85640073039632, "params": {"eta": 0.3271762083396795, "max_depth": 1.333374128987395, "n_estimators": 79.81245717180123}, "datetime": {"datetime": "2021-09-29 15:41:49", "elapsed": 623.204317, "delta": 5.16766}}
{"target": -40.13945648056945, "params": {"eta": 0.09746649573748946, "max_depth": 1.4262081993503488, "n_estimators": 36.600800676423205}, "datetime": {"datetime": "2021-09-29 15:41:54", "elapsed": 627.94142, "delta": 4.737103}}
{"target": -39.89027523457453, "params": {"eta": 0.509884604186874, "max_depth": 23.60202750716111, "n_estimators": 22.303594002751332}, "datetime": {"datetime": "2021-09-29 15:41:57", "elapsed": 630.356664, "delta": 2.415244}}
{"target": -38.54110861363161, "params": {"eta": 0.5730794700962076, "max_depth": 1.0109860718770298, "n_estimators": 75.23920479031376}, "datetime": {"datetime": "2021-09-29 15:42:00", "elapsed": 633.808812, "delta": 3.452148}}
{"target": -39.44832103086323, "params": {"eta": 0.9348126799052475, "max_depth": 1.7498772485129925, "n_estimators": 34.73833464285546}, "datetime": {"datetime": "2021-09-29 15:42:03", "elapsed": 636.868015, "delta": 3.059203}}
{"target": -40.66341671621244, "params": {"eta": 0.5032767988285355, "max_depth": 23.495262518451575, "n_estimators": 80.74253159500262}, "datetime": {"datetime": "2021-09-29 15:42:06", "elapsed": 639.375658, "delta": 2.507643}}
{"target": -41.03615886763239, "params": {"eta": 0.42570189513294876, "max_depth": 5.029370557914652, "n_estimators": 8.98439927004246}, "datetime": {"datetime": "2021-09-29 15:42:09", "elapsed": 642.690914, "delta": 3.315256}}
{"target": -42.20672258372168, "params": {"eta": 0.5422743759393529, "max_depth": 4.358225981935362, "n_estimators": 10.00029528960754}, "datetime": {"datetime": "2021-09-29 15:42:12", "elapsed": 645.308699, "delta": 2.617785}}
{"target": -38.4716078702016, "params": {"eta": 0.5420300723158639, "max_depth": 1.2498045465666165, "n_estimators": 73.768094385851}, "datetime": {"datetime": "2021-09-29 15:42:15", "elapsed": 648.978524, "delta": 3.669825}}
{"target": -40.0041108097583, "params": {"eta": 0.27327370196608936, "max_depth": 18.48542679926547, "n_estimators": 69.35420314935556}, "datetime": {"datetime": "2021-09-29 15:42:18", "elapsed": 651.575033, "delta": 2.596509}}
