{"target": -46.324408221993885, "params": {"eta": 0.01, "max_depth": 7.658388247727914, "n_estimators": 74.8041522503901}, "datetime": {"datetime": "2021-09-29 15:32:01", "elapsed": 35.040335, "delta": 0.841001}}
{"target": -46.420483722291, "params": {"eta": 0.8208714354660865, "max_depth": 8.198298111762904, "n_estimators": 76.93955243452402}, "datetime": {"datetime": "2021-09-29 15:32:02", "elapsed": 35.760338, "delta": 0.720003}}
{"target": -39.00514384125912, "params": {"eta": 0.9705028156615336, "max_depth": 1.0379133282550363, "n_estimators": 75.08362086168619}, "datetime": {"datetime": "2021-09-29 15:32:03", "elapsed": 36.353929, "delta": 0.593591}}
{"target": -40.6595811952911, "params": {"eta": 0.41223817249215733, "max_depth": 18.245571384326965, "n_estimators": 38.45844293829657}, "datetime": {"datetime": "2021-09-29 15:32:03", "elapsed": 37.090929, "delta": 0.737}}
{"target": -39.71245360375655, "params": {"eta": 0.246745461832457, "max_depth": 17.035091480401636, "n_estimators": 37.74051757885625}, "datetime": {"datetime": "2021-09-29 15:32:04", "elapsed": 38.087932, "delta": 0.997003}}
{"target": -39.76848632546016, "params": {"eta": 0.12663975264432045, "max_depth": 18.29973433760324, "n_estimators": 37.014724104444284}, "datetime": {"datetime": "2021-09-29 15:32:05", "elapsed": 38.779931, "delta": 0.691999}}
{"target": -38.72097260083444, "params": {"eta": 0.4155089955382651, "max_depth": 17.212785049112775, "n_estimators": 36.17948873537173}, "datetime": {"datetime": "2021-09-29 15:32:06", "elapsed": 39.644066, "delta": 0.864135}}
{"target": -47.430750641016324, "params": {"eta": 0.7666489982998822, "max_depth": 18.27940420997054, "n_estimators": 35.66944797331476}, "datetime": {"datetime": "2021-09-29 15:32:07", "elapsed": 40.454071, "delta": 0.810005}}
{"target": -66.5746051631622, "params": {"eta": 0.01, "max_depth": 16.100332480232858, "n_estimators": 36.62188729320011}, "datetime": {"datetime": "2021-09-29 15:32:07", "elapsed": 41.229659, "delta": 0.775588}}
{"target": -46.56414526908444, "params": {"eta": 0.930351413937348, "max_depth": 17.561533067688504, "n_estimators": 37.36012775387646}, "datetime": {"datetime": "2021-09-29 15:32:08", "elapsed": 41.860659, "delta": 0.631}}
{"target": -34.11079722903299, "params": {"eta": 0.12680610997623748, "max_depth": 3.8691253067447806, "n_estimators": 11.379457925933156}, "datetime": {"datetime": "2021-09-29 15:32:09", "elapsed": 42.425659, "delta": 0.565}}
{"target": -48.80345923134938, "params": {"eta": 0.806756108649299, "max_depth": 3.9181556261770503, "n_estimators": 76.74043764157427}, "datetime": {"datetime": "2021-09-29 15:32:09", "elapsed": 42.933659, "delta": 0.508}}
{"target": -41.32827095563512, "params": {"eta": 0.5210947266436722, "max_depth": 17.89666280983811, "n_estimators": 39.74834254852901}, "datetime": {"datetime": "2021-09-29 15:32:10", "elapsed": 43.747661, "delta": 0.814002}}
{"target": -85.98181925499033, "params": {"eta": 0.011383196393052299, "max_depth": 2.584180903563982, "n_estimators": 12.5764243206599}, "datetime": {"datetime": "2021-09-29 15:32:11", "elapsed": 44.351661, "delta": 0.604}}
{"target": -39.21136748287766, "params": {"eta": 0.2939217042227131, "max_depth": 19.724213704356664, "n_estimators": 37.67224267497088}, "datetime": {"datetime": "2021-09-29 15:32:11", "elapsed": 45.090979, "delta": 0.739318}}
{"target": -42.228813212761814, "params": {"eta": 0.6568027509366523, "max_depth": 19.905788884290605, "n_estimators": 39.19993283704321}, "datetime": {"datetime": "2021-09-29 15:32:12", "elapsed": 45.95398, "delta": 0.863001}}
{"target": -36.915014947352965, "params": {"eta": 0.19719320908051974, "max_depth": 3.4380532653906686, "n_estimators": 10.412218447442168}, "datetime": {"datetime": "2021-09-29 15:32:13", "elapsed": 46.26798, "delta": 0.314}}
{"target": -65.89214327496757, "params": {"eta": 0.01, "max_depth": 21.055612963182533, "n_estimators": 37.97152172516787}, "datetime": {"datetime": "2021-09-29 15:32:13", "elapsed": 47.069212, "delta": 0.801232}}
{"target": -49.423451344133916, "params": {"eta": 0.9725742351583054, "max_depth": 4.167015925792493, "n_estimators": 11.159612640701765}, "datetime": {"datetime": "2021-09-29 15:32:14", "elapsed": 47.801218, "delta": 0.732006}}
{"target": -86.82381622728352, "params": {"eta": 0.011752593728122604, "max_depth": 5.244518552220031, "n_estimators": 12.357987779437105}, "datetime": {"datetime": "2021-09-29 15:32:15", "elapsed": 48.332468, "delta": 0.53125}}
{"target": -37.53320348823597, "params": {"eta": 0.2845930547914377, "max_depth": 5.528893850751411, "n_estimators": 13.529193271260139}, "datetime": {"datetime": "2021-09-29 15:32:15", "elapsed": 48.701466, "delta": 0.368998}}
{"target": -76.52770000784074, "params": {"eta": 0.02103066919608575, "max_depth": 4.342333453709552, "n_estimators": 11.08052837591219}, "datetime": {"datetime": "2021-09-29 15:32:16", "elapsed": 49.449043, "delta": 0.747577}}
{"target": -37.189421725639114, "params": {"eta": 0.20350860866328677, "max_depth": 5.239550460633684, "n_estimators": 13.394415197232078}, "datetime": {"datetime": "2021-09-29 15:32:16", "elapsed": 49.865041, "delta": 0.415998}}
{"target": -41.653995508513525, "params": {"eta": 0.5358082732010292, "max_depth": 5.254577366608636, "n_estimators": 13.23061561875099}, "datetime": {"datetime": "2021-09-29 15:32:17", "elapsed": 50.503041, "delta": 0.638}}
{"target": -40.22920338911586, "params": {"eta": 0.47824948861869404, "max_depth": 3.780361617379918, "n_estimators": 11.652869215387717}, "datetime": {"datetime": "2021-09-29 15:32:17", "elapsed": 50.879041, "delta": 0.376}}
{"target": -39.50040384765476, "params": {"eta": 0.29687375363263413, "max_depth": 4.756093818561244, "n_estimators": 13.444756984754287}, "datetime": {"datetime": "2021-09-29 15:32:18", "elapsed": 51.518847, "delta": 0.639806}}
{"target": -38.28179127089971, "params": {"eta": 0.6590079529592304, "max_depth": 1.272134081509019, "n_estimators": 74.688894331208}, "datetime": {"datetime": "2021-09-29 15:32:18", "elapsed": 51.923848, "delta": 0.405001}}
{"target": -41.18523341608846, "params": {"eta": 0.6427140110366281, "max_depth": 3.8750611207033154, "n_estimators": 15.206465672427171}, "datetime": {"datetime": "2021-09-29 15:32:19", "elapsed": 52.290848, "delta": 0.367}}
{"target": -38.32385474399963, "params": {"eta": 0.5640302446944341, "max_depth": 1.5997011279899276, "n_estimators": 75.33953272592946}, "datetime": {"datetime": "2021-09-29 15:32:19", "elapsed": 52.661852, "delta": 0.371004}}
{"target": -37.391290444764905, "params": {"eta": 0.4297295484455695, "max_depth": 1.9771944178874203, "n_estimators": 74.59501955211438}, "datetime": {"datetime": "2021-09-29 15:32:19", "elapsed": 53.07123, "delta": 0.409378}}
{"target": -40.597272484534734, "params": {"eta": 0.36425966255160785, "max_depth": 3.6506137762989868, "n_estimators": 11.206320227972073}, "datetime": {"datetime": "2021-09-29 15:32:20", "elapsed": 53.381232, "delta": 0.310002}}
{"target": -37.26279774832311, "params": {"eta": 0.23647125549427875, "max_depth": 1.3870624692318347, "n_estimators": 71.85073765238744}, "datetime": {"datetime": "2021-09-29 15:32:20", "elapsed": 53.761285, "delta": 0.380053}}
{"target": -38.87488272074629, "params": {"eta": 0.11258145091544276, "max_depth": 1.5189834482391236, "n_estimators": 74.67128294119429}, "datetime": {"datetime": "2021-09-29 15:32:20", "elapsed": 54.224282, "delta": 0.462997}}
{"target": -38.539522126776475, "params": {"eta": 0.5685880092535076, "max_depth": 4.812189730521558, "n_estimators": 10.016805685419449}, "datetime": {"datetime": "2021-09-29 15:32:21", "elapsed": 54.753287, "delta": 0.529005}}
{"target": -39.71239305157068, "params": {"eta": 0.3020037502219117, "max_depth": 1.246664328153249, "n_estimators": 16.419759289492255}, "datetime": {"datetime": "2021-09-29 15:32:21", "elapsed": 55.155575, "delta": 0.402288}}
{"target": -36.36750604027781, "params": {"eta": 0.1838175003898234, "max_depth": 4.094404004866622, "n_estimators": 11.835364811117392}, "datetime": {"datetime": "2021-09-29 15:32:22", "elapsed": 55.561576, "delta": 0.406001}}
{"target": -41.57272482465902, "params": {"eta": 0.06573469883731414, "max_depth": 20.52704950474572, "n_estimators": 86.9224565896297}, "datetime": {"datetime": "2021-09-29 15:32:23", "elapsed": 56.671575, "delta": 1.109999}}
{"target": -38.79597849030152, "params": {"eta": 0.5754690937033167, "max_depth": 1.2876278809264297, "n_estimators": 76.05960059107336}, "datetime": {"datetime": "2021-09-29 15:32:23", "elapsed": 57.189303, "delta": 0.517728}}
{"target": -37.211836211142604, "params": {"eta": 0.3826338967841762, "max_depth": 1.742036649804136, "n_estimators": 76.15215880893936}, "datetime": {"datetime": "2021-09-29 15:32:24", "elapsed": 57.592304, "delta": 0.403001}}
{"target": -36.73598929857545, "params": {"eta": 0.4011246836666535, "max_depth": 1.5512882856543677, "n_estimators": 72.57623675268333}, "datetime": {"datetime": "2021-09-29 15:32:25", "elapsed": 58.337303, "delta": 0.744999}}
{"target": -38.801594649392776, "params": {"eta": 0.6712629709548001, "max_depth": 1.1530733302147766, "n_estimators": 72.09201419973117}, "datetime": {"datetime": "2021-09-29 15:32:25", "elapsed": 58.873304, "delta": 0.536001}}
{"target": -40.49268994451309, "params": {"eta": 0.45678534204726595, "max_depth": 5.066476498580396, "n_estimators": 11.400672161024794}, "datetime": {"datetime": "2021-09-29 15:32:26", "elapsed": 59.506648, "delta": 0.633344}}
{"target": -39.50149262064647, "params": {"eta": 0.010142647726989666, "max_depth": 1.950439314965986, "n_estimators": 75.93212125869626}, "datetime": {"datetime": "2021-09-29 15:32:26", "elapsed": 60.15465, "delta": 0.648002}}
{"target": -37.46427514204236, "params": {"eta": 0.4829224300721899, "max_depth": 1.225874160259881, "n_estimators": 73.3126603690468}, "datetime": {"datetime": "2021-09-29 15:32:27", "elapsed": 60.624649, "delta": 0.469999}}
{"target": -38.62593264777342, "params": {"eta": 0.29496815398584963, "max_depth": 3.652041584012755, "n_estimators": 11.236616960125417}, "datetime": {"datetime": "2021-09-29 15:32:27", "elapsed": 61.1131, "delta": 0.488451}}
{"target": -35.20126559323267, "params": {"eta": 0.18437036006707777, "max_depth": 6.67392867509063, "n_estimators": 14.69223517200848}, "datetime": {"datetime": "2021-09-29 15:32:28", "elapsed": 61.574956, "delta": 0.461856}}
{"target": -43.77768827701176, "params": {"eta": 0.9051621249420396, "max_depth": 2.55743900332231, "n_estimators": 14.254183326778996}, "datetime": {"datetime": "2021-09-29 15:32:28", "elapsed": 62.052955, "delta": 0.477999}}
{"target": -41.94413472027343, "params": {"eta": 0.38549693300369403, "max_depth": 7.0101208526469865, "n_estimators": 14.336450399369403}, "datetime": {"datetime": "2021-09-29 15:32:29", "elapsed": 62.487956, "delta": 0.435001}}
{"target": -43.34983880816933, "params": {"eta": 0.5527761653763661, "max_depth": 6.27126608726954, "n_estimators": 14.850756594631003}, "datetime": {"datetime": "2021-09-29 15:32:29", "elapsed": 63.074242, "delta": 0.586286}}
{"target": -39.50559539931625, "params": {"eta": 0.07953245646954883, "max_depth": 1.6607690550042564, "n_estimators": 73.63191970887902}, "datetime": {"datetime": "2021-09-29 15:32:30", "elapsed": 63.921792, "delta": 0.84755}}
{"target": -39.65882523726169, "params": {"eta": 0.8765369833628494, "max_depth": 1.7044901172971259, "n_estimators": 73.64971143683778}, "datetime": {"datetime": "2021-09-29 15:32:31", "elapsed": 64.513791, "delta": 0.591999}}
{"target": -44.275504746078354, "params": {"eta": 0.5713105627379635, "max_depth": 9.72128728041047, "n_estimators": 44.747292491293265}, "datetime": {"datetime": "2021-09-29 15:32:32", "elapsed": 65.324949, "delta": 0.811158}}
{"target": -40.69608290766979, "params": {"eta": 0.01, "max_depth": 1.3615393279282961, "n_estimators": 71.18301105182775}, "datetime": {"datetime": "2021-09-29 15:32:32", "elapsed": 66.02795, "delta": 0.703001}}
{"target": -39.67373958270955, "params": {"eta": 0.2501945451836316, "max_depth": 26.695379977638204, "n_estimators": 33.53668060593544}, "datetime": {"datetime": "2021-09-29 15:32:33", "elapsed": 66.786579, "delta": 0.758629}}
{"target": -42.96483475221935, "params": {"eta": 0.3891384015503538, "max_depth": 6.403100125666353, "n_estimators": 78.87775935718959}, "datetime": {"datetime": "2021-09-29 15:32:34", "elapsed": 67.635151, "delta": 0.848572}}
{"target": -41.00729170196939, "params": {"eta": 0.9309548815606071, "max_depth": 1.7521034926104968, "n_estimators": 72.73176247444026}, "datetime": {"datetime": "2021-09-29 15:32:35", "elapsed": 68.456149, "delta": 0.820998}}
{"target": -38.08415666680371, "params": {"eta": 0.07507363780110599, "max_depth": 2.827134151884876, "n_estimators": 76.8262981266845}, "datetime": {"datetime": "2021-09-29 15:32:35", "elapsed": 69.084142, "delta": 0.627993}}
{"target": -41.35695916773193, "params": {"eta": 0.3453282276910063, "max_depth": 2.5791209950706913, "n_estimators": 77.28498815052755}, "datetime": {"datetime": "2021-09-29 15:32:36", "elapsed": 70.21814, "delta": 1.133998}}
{"target": -37.31123863812716, "params": {"eta": 0.05007184600202436, "max_depth": 16.449521144775968, "n_estimators": 44.46267245103355}, "datetime": {"datetime": "2021-09-29 15:32:37", "elapsed": 70.926141, "delta": 0.708001}}
{"target": -41.43165158975341, "params": {"eta": 0.4825683793729824, "max_depth": 29.29992926743026, "n_estimators": 91.04162059895003}, "datetime": {"datetime": "2021-09-29 15:32:38", "elapsed": 71.845066, "delta": 0.918925}}
{"target": -49.907165215461085, "params": {"eta": 0.9525023405059382, "max_depth": 5.094108214531181, "n_estimators": 10.412661281383373}, "datetime": {"datetime": "2021-09-29 15:32:39", "elapsed": 72.478065, "delta": 0.632999}}
{"target": -39.602522870854365, "params": {"eta": 0.14680484433091234, "max_depth": 3.3106913381845056, "n_estimators": 70.02889331068134}, "datetime": {"datetime": "2021-09-29 15:32:40", "elapsed": 73.256233, "delta": 0.778168}}
{"target": -38.36254390715309, "params": {"eta": 0.33942119940317167, "max_depth": 5.48845319611386, "n_estimators": 13.568366882406998}, "datetime": {"datetime": "2021-09-29 15:32:40", "elapsed": 73.722234, "delta": 0.466001}}
{"target": -39.5399840754032, "params": {"eta": 0.43804785753616987, "max_depth": 3.863023331975712, "n_estimators": 9.970181045417016}, "datetime": {"datetime": "2021-09-29 15:32:41", "elapsed": 74.249238, "delta": 0.527004}}
{"target": -38.99716195979324, "params": {"eta": 0.15693244791950214, "max_depth": 6.857927402887076, "n_estimators": 76.34031716533103}, "datetime": {"datetime": "2021-09-29 15:32:41", "elapsed": 75.138233, "delta": 0.888995}}
{"target": -40.4202972397551, "params": {"eta": 0.41276185411652727, "max_depth": 22.28835999894057, "n_estimators": 11.341914414971203}, "datetime": {"datetime": "2021-09-29 15:32:42", "elapsed": 75.791233, "delta": 0.653}}
{"target": -83.98493405486572, "params": {"eta": 0.01, "max_depth": 6.991733048559027, "n_estimators": 15.11828726049214}, "datetime": {"datetime": "2021-09-29 15:32:43", "elapsed": 76.503877, "delta": 0.712644}}
{"target": -38.78087382829341, "params": {"eta": 0.29335163178082074, "max_depth": 4.72928525613705, "n_estimators": 13.427590220950876}, "datetime": {"datetime": "2021-09-29 15:32:43", "elapsed": 76.981878, "delta": 0.478001}}
{"target": -39.556787036228975, "params": {"eta": 0.7901387383415348, "max_depth": 1.6713876359098783, "n_estimators": 71.83711104225326}, "datetime": {"datetime": "2021-09-29 15:32:44", "elapsed": 77.783878, "delta": 0.802}}
{"target": -38.74102291400553, "params": {"eta": 0.41539704572444175, "max_depth": 25.575226920628186, "n_estimators": 53.8974705288282}, "datetime": {"datetime": "2021-09-29 15:32:45", "elapsed": 78.607876, "delta": 0.823998}}
{"target": -38.27805332511286, "params": {"eta": 0.31517130755976586, "max_depth": 5.06552615069741, "n_estimators": 9.482038117315694}, "datetime": {"datetime": "2021-09-29 15:32:46", "elapsed": 79.529603, "delta": 0.921727}}
{"target": -42.2061466061281, "params": {"eta": 0.5338161973800927, "max_depth": 5.103149486639641, "n_estimators": 92.98619699045047}, "datetime": {"datetime": "2021-09-29 15:32:47", "elapsed": 80.339603, "delta": 0.81}}
{"target": -37.28676983558891, "params": {"eta": 0.04150390717096768, "max_depth": 2.1814376840721654, "n_estimators": 72.14455687706007}, "datetime": {"datetime": "2021-09-29 15:32:47", "elapsed": 80.858603, "delta": 0.519}}
{"target": -44.94476057327831, "params": {"eta": 0.5877643525678493, "max_depth": 16.60563576844982, "n_estimators": 21.872824448677022}, "datetime": {"datetime": "2021-09-29 15:32:48", "elapsed": 81.635288, "delta": 0.776685}}
{"target": -38.49885222494105, "params": {"eta": 0.24657365340296766, "max_depth": 6.285410170096274, "n_estimators": 14.384110659686785}, "datetime": {"datetime": "2021-09-29 15:32:49", "elapsed": 82.350286, "delta": 0.714998}}
{"target": -40.144421710304115, "params": {"eta": 0.25755492879343583, "max_depth": 7.280014553260911, "n_estimators": 79.27446446514304}, "datetime": {"datetime": "2021-09-29 15:32:49", "elapsed": 83.232468, "delta": 0.882182}}
{"target": -38.724262842472044, "params": {"eta": 0.6067767905667082, "max_depth": 7.299700728834037, "n_estimators": 75.94232867193102}, "datetime": {"datetime": "2021-09-29 15:32:51", "elapsed": 84.260469, "delta": 1.028001}}
{"target": -39.29238929704344, "params": {"eta": 0.5112101284149358, "max_depth": 2.9446938459370156, "n_estimators": 10.16800549273777}, "datetime": {"datetime": "2021-09-29 15:32:51", "elapsed": 84.88347, "delta": 0.623001}}
{"target": -40.10457141370229, "params": {"eta": 0.2768806576407104, "max_depth": 2.24544175119359, "n_estimators": 72.6136184057098}, "datetime": {"datetime": "2021-09-29 15:32:52", "elapsed": 85.667947, "delta": 0.784477}}
{"target": -39.68481754482156, "params": {"eta": 0.10038674647191982, "max_depth": 6.135453658227053, "n_estimators": 76.21112125019965}, "datetime": {"datetime": "2021-09-29 15:32:53", "elapsed": 86.478068, "delta": 0.810121}}
{"target": -44.58171414675056, "params": {"eta": 0.7167955859201741, "max_depth": 7.772142602741924, "n_estimators": 78.94887351878832}, "datetime": {"datetime": "2021-09-29 15:32:54", "elapsed": 87.484612, "delta": 1.006544}}
{"target": -51.22805260881185, "params": {"eta": 0.9397890369088391, "max_depth": 6.119978348901607, "n_estimators": 24.498989926723247}, "datetime": {"datetime": "2021-09-29 15:32:54", "elapsed": 88.159609, "delta": 0.674997}}
{"target": -39.91530599463537, "params": {"eta": 0.4637506674758485, "max_depth": 24.809959862715555, "n_estimators": 30.572920237344377}, "datetime": {"datetime": "2021-09-29 15:32:55", "elapsed": 89.031609, "delta": 0.872}}
{"target": -43.74382080297887, "params": {"eta": 0.4344473865663268, "max_depth": 22.514553948660502, "n_estimators": 89.35556732778001}, "datetime": {"datetime": "2021-09-29 15:32:56", "elapsed": 89.974204, "delta": 0.942595}}
{"target": -38.32217303787467, "params": {"eta": 0.10217391595237203, "max_depth": 3.4000532553224474, "n_estimators": 9.711305487837315}, "datetime": {"datetime": "2021-09-29 15:32:57", "elapsed": 90.803204, "delta": 0.829}}
{"target": -38.83152940490275, "params": {"eta": 0.11096612765259153, "max_depth": 1.3585507022370087, "n_estimators": 76.79367187366202}, "datetime": {"datetime": "2021-09-29 15:32:58", "elapsed": 91.741365, "delta": 0.938161}}
{"target": -38.16710345463153, "params": {"eta": 0.12203345537737957, "max_depth": 2.27183802380551, "n_estimators": 73.90157762981273}, "datetime": {"datetime": "2021-09-29 15:32:59", "elapsed": 92.386366, "delta": 0.645001}}
{"target": -38.7293824730779, "params": {"eta": 0.12464834939070292, "max_depth": 1.4680506845842007, "n_estimators": 72.98152893273117}, "datetime": {"datetime": "2021-09-29 15:32:59", "elapsed": 92.909366, "delta": 0.523}}
{"target": -37.17047488043427, "params": {"eta": 0.3393101403192494, "max_depth": 5.873097915842182, "n_estimators": 9.648433995427236}, "datetime": {"datetime": "2021-09-29 15:33:00", "elapsed": 93.90569, "delta": 0.996324}}
{"target": -35.992963245639245, "params": {"eta": 0.03136625241556396, "max_depth": 7.080036818875976, "n_estimators": 75.77961249483668}, "datetime": {"datetime": "2021-09-29 15:33:01", "elapsed": 94.804806, "delta": 0.899116}}
{"target": -38.59531202167327, "params": {"eta": 0.5500226297921772, "max_depth": 1.7267413572946564, "n_estimators": 77.24325578640212}, "datetime": {"datetime": "2021-09-29 15:33:02", "elapsed": 95.539337, "delta": 0.734531}}
{"target": -44.25405121295739, "params": {"eta": 0.5894642079261057, "max_depth": 23.284463475396073, "n_estimators": 8.102223778816589}, "datetime": {"datetime": "2021-09-29 15:33:03", "elapsed": 96.442008, "delta": 0.902671}}
{"target": -37.0974087433027, "params": {"eta": 0.36126760573753935, "max_depth": 1.7553931588584049, "n_estimators": 76.1925438967693}, "datetime": {"datetime": "2021-09-29 15:33:03", "elapsed": 97.077007, "delta": 0.634999}}
{"target": -40.358533965189366, "params": {"eta": 0.18036548727177665, "max_depth": 16.965200475952482, "n_estimators": 44.83848206511845}, "datetime": {"datetime": "2021-09-29 15:33:05", "elapsed": 98.365548, "delta": 1.288541}}
{"target": -39.15469328530436, "params": {"eta": 0.7017899953054088, "max_depth": 9.902608533092073, "n_estimators": 13.938079953945081}, "datetime": {"datetime": "2021-09-29 15:33:05", "elapsed": 99.126546, "delta": 0.760998}}
{"target": -42.09519583143045, "params": {"eta": 0.5042003993041604, "max_depth": 7.31484916836805, "n_estimators": 26.110166602142243}, "datetime": {"datetime": "2021-09-29 15:33:06", "elapsed": 99.907546, "delta": 0.781}}
{"target": -38.75901620273712, "params": {"eta": 0.08001119575114167, "max_depth": 5.360070337759333, "n_estimators": 76.9920091941876}, "datetime": {"datetime": "2021-09-29 15:33:07", "elapsed": 101.042549, "delta": 1.135003}}
