{"target": 0.45651527203478914, "params": {"eta": 0.4, "max_depth": 1.473436456520637, "n_estimators": 43.83479418378878}, "datetime": {"datetime": "2021-09-24 13:09:31", "elapsed": 191.565921, "delta": 1.031267}}
{"target": 0.45547703962565733, "params": {"eta": 0.4, "max_depth": 1.371765743744967, "n_estimators": 41.07949070001575}, "datetime": {"datetime": "2021-09-24 13:09:32", "elapsed": 192.807562, "delta": 1.241641}}
{"target": 0.4560847379119318, "params": {"eta": 0.40913505881161044, "max_depth": 1.011445855661364, "n_estimators": 21.164900277963035}, "datetime": {"datetime": "2021-09-24 13:09:34", "elapsed": 194.485597, "delta": 1.678035}}
{"target": 0.4525124539014631, "params": {"eta": 0.40541891276179814, "max_depth": 1.8824868961387136, "n_estimators": 48.360921014312105}, "datetime": {"datetime": "2021-09-24 13:09:36", "elapsed": 196.232857, "delta": 1.74726}}
{"target": 0.4486457026656816, "params": {"eta": 0.4, "max_depth": 1.7368393899642616, "n_estimators": 9.56654720688769}, "datetime": {"datetime": "2021-09-24 13:09:37", "elapsed": 197.488531, "delta": 1.255674}}
{"target": 0.45055236069953264, "params": {"eta": 0.40474856856061275, "max_depth": 1.4502452387896962, "n_estimators": 14.013161336563618}, "datetime": {"datetime": "2021-09-24 13:09:39", "elapsed": 199.808838, "delta": 2.320307}}
{"target": 0.4558264686952639, "params": {"eta": 0.4, "max_depth": 1.3139191414295925, "n_estimators": 36.39442944680838}, "datetime": {"datetime": "2021-09-24 13:09:41", "elapsed": 201.098107, "delta": 1.289269}}
{"target": 0.42551721688082933, "params": {"eta": 0.41008589562088127, "max_depth": 2.1582338226059896, "n_estimators": 5.745673035367893}, "datetime": {"datetime": "2021-09-24 13:09:42", "elapsed": 202.70324, "delta": 1.605133}}
{"target": 0.44565554531260243, "params": {"eta": 0.4, "max_depth": 1.990298990369589, "n_estimators": 18.859955250950847}, "datetime": {"datetime": "2021-09-24 13:09:44", "elapsed": 204.201721, "delta": 1.498481}}
{"target": 0.3983475324752811, "params": {"eta": 0.6748478026801104, "max_depth": 1.1234324439025376, "n_estimators": 46.27715682516271}, "datetime": {"datetime": "2021-09-24 13:09:45", "elapsed": 205.408957, "delta": 1.207236}}
{"target": 0.45375855814575106, "params": {"eta": 0.4, "max_depth": 1.3749364455733888, "n_estimators": 25.120350642442908}, "datetime": {"datetime": "2021-09-24 13:09:46", "elapsed": 206.449799, "delta": 1.040842}}
{"target": 0.44293634998618026, "params": {"eta": 0.4, "max_depth": 2.582327672672007, "n_estimators": 15.277582230928491}, "datetime": {"datetime": "2021-09-24 13:09:47", "elapsed": 207.695628, "delta": 1.245829}}
{"target": 0.45347395539935076, "params": {"eta": 0.4056617163543797, "max_depth": 1.4831179965198482, "n_estimators": 38.40531396500605}, "datetime": {"datetime": "2021-09-24 13:09:49", "elapsed": 209.512984, "delta": 1.817356}}
{"target": 0.44992559573888036, "params": {"eta": 0.4, "max_depth": 1.0, "n_estimators": 47.09145729494567}, "datetime": {"datetime": "2021-09-24 13:09:50", "elapsed": 210.765063, "delta": 1.252079}}
{"target": 0.4585835898429075, "params": {"eta": 0.40239750062803004, "max_depth": 1.527260642282465, "n_estimators": 39.250681421739735}, "datetime": {"datetime": "2021-09-24 13:09:52", "elapsed": 212.411109, "delta": 1.646046}}
{"target": 0.3914495276175265, "params": {"eta": 0.8, "max_depth": 1.0, "n_estimators": 44.49197382254808}, "datetime": {"datetime": "2021-09-24 13:09:54", "elapsed": 214.183036, "delta": 1.771927}}
{"target": 0.3290759262219892, "params": {"eta": 0.4, "max_depth": 1.0, "n_estimators": 4.53474249056499}, "datetime": {"datetime": "2021-09-24 13:09:55", "elapsed": 215.570902, "delta": 1.387866}}
{"target": 0.34041454302883856, "params": {"eta": 0.8, "max_depth": 2.0808355169371198, "n_estimators": 5.337770102572263}, "datetime": {"datetime": "2021-09-24 13:09:56", "elapsed": 216.652176, "delta": 1.081274}}
{"target": 0.44948640462665945, "params": {"eta": 0.4, "max_depth": 1.3035611313273734, "n_estimators": 49.664185201448355}, "datetime": {"datetime": "2021-09-24 13:09:58", "elapsed": 218.045552, "delta": 1.393376}}
{"target": 0.44565554531260243, "params": {"eta": 0.4, "max_depth": 1.0, "n_estimators": 18.967367644080326}, "datetime": {"datetime": "2021-09-24 13:09:59", "elapsed": 219.560351, "delta": 1.514799}}
{"target": 0.22669488128334947, "params": {"eta": 0.8, "max_depth": 3.0, "n_estimators": 34.05851632579502}, "datetime": {"datetime": "2021-09-24 13:10:00", "elapsed": 220.718013, "delta": 1.157662}}
{"target": 0.4516711217054554, "params": {"eta": 0.4060521929896579, "max_depth": 1.319041892818773, "n_estimators": 23.888492316922072}, "datetime": {"datetime": "2021-09-24 13:10:01", "elapsed": 221.865826, "delta": 1.147813}}
{"target": 0.45721247856805414, "params": {"eta": 0.4, "max_depth": 1.0, "n_estimators": 38.11528124790641}, "datetime": {"datetime": "2021-09-24 13:10:03", "elapsed": 223.092825, "delta": 1.226999}}
{"target": 0.4503786906064656, "params": {"eta": 0.4, "max_depth": 1.0, "n_estimators": 23.11582762835134}, "datetime": {"datetime": "2021-09-24 13:10:04", "elapsed": 224.59851, "delta": 1.505685}}
{"target": 0.4554630700830077, "params": {"eta": 0.4, "max_depth": 1.9416099518494767, "n_estimators": 44.58588191191572}, "datetime": {"datetime": "2021-09-24 13:10:06", "elapsed": 225.994104, "delta": 1.395594}}
{"target": 0.3966031735499732, "params": {"eta": 0.40622906710608375, "max_depth": 2.2557040000199913, "n_estimators": 34.87416031489922}, "datetime": {"datetime": "2021-09-24 13:10:07", "elapsed": 227.685106, "delta": 1.691002}}
{"target": 0.4486457026656816, "params": {"eta": 0.4, "max_depth": 1.5055140567045742, "n_estimators": 9.017154292760212}, "datetime": {"datetime": "2021-09-24 13:10:09", "elapsed": 229.068104, "delta": 1.382998}}
{"target": 0.4534971425967551, "params": {"eta": 0.4239870413469732, "max_depth": 1.503665037102004, "n_estimators": 34.40000969946352}, "datetime": {"datetime": "2021-09-24 13:10:10", "elapsed": 230.157102, "delta": 1.088998}}
{"target": 0.4519960032703605, "params": {"eta": 0.40611419436033236, "max_depth": 2.9852653895203423, "n_estimators": 11.454080562700282}, "datetime": {"datetime": "2021-09-24 13:10:11", "elapsed": 231.801102, "delta": 1.644}}
{"target": 0.4607578194012536, "params": {"eta": 0.40227238617107064, "max_depth": 1.6598813043445777, "n_estimators": 37.81826805966736}, "datetime": {"datetime": "2021-09-24 13:10:13", "elapsed": 233.531102, "delta": 1.73}}
{"target": 0.37869401138506587, "params": {"eta": 0.44155967530894397, "max_depth": 2.9913158627343366, "n_estimators": 24.8374997367955}, "datetime": {"datetime": "2021-09-24 13:10:15", "elapsed": 235.273675, "delta": 1.742573}}
{"target": 0.4447936393117713, "params": {"eta": 0.4, "max_depth": 1.958081129517649, "n_estimators": 16.54068887972812}, "datetime": {"datetime": "2021-09-24 13:10:16", "elapsed": 236.603508, "delta": 1.329833}}
{"target": 0.4476480522238835, "params": {"eta": 0.4, "max_depth": 1.739779611643338, "n_estimators": 17.21558884132954}, "datetime": {"datetime": "2021-09-24 13:10:18", "elapsed": 238.09028, "delta": 1.486772}}
{"target": 0.45432180748778905, "params": {"eta": 0.40274307837175893, "max_depth": 1.3316205890024908, "n_estimators": 29.833963793662015}, "datetime": {"datetime": "2021-09-24 13:10:19", "elapsed": 239.503763, "delta": 1.413483}}
{"target": 0.44116621450836857, "params": {"eta": 0.4, "max_depth": 2.5311461410902036, "n_estimators": 11.287331604636327}, "datetime": {"datetime": "2021-09-24 13:10:20", "elapsed": 240.920665, "delta": 1.416902}}
{"target": 0.4526825112574331, "params": {"eta": 0.4, "max_depth": 1.0, "n_estimators": 34.82828394087767}, "datetime": {"datetime": "2021-09-24 13:10:22", "elapsed": 242.359531, "delta": 1.438866}}
{"target": 0.4514590524876638, "params": {"eta": 0.4, "max_depth": 1.8070333730981565, "n_estimators": 15.571629164161088}, "datetime": {"datetime": "2021-09-24 13:10:23", "elapsed": 243.60744, "delta": 1.247909}}
{"target": 0.45178970014586295, "params": {"eta": 0.4, "max_depth": 1.0, "n_estimators": 33.24029384665654}, "datetime": {"datetime": "2021-09-24 13:10:24", "elapsed": 244.8711, "delta": 1.26366}}
{"target": 0.45497532325005596, "params": {"eta": 0.4, "max_depth": 1.2419890798210247, "n_estimators": 42.50947928841166}, "datetime": {"datetime": "2021-09-24 13:10:26", "elapsed": 246.178147, "delta": 1.307047}}
{"target": 0.44814915057327365, "params": {"eta": 0.4, "max_depth": 2.133063334421421, "n_estimators": 6.187811952563909}, "datetime": {"datetime": "2021-09-24 13:10:27", "elapsed": 247.587242, "delta": 1.409095}}
{"target": 0.4561171810438539, "params": {"eta": 0.4, "max_depth": 1.3678996953472407, "n_estimators": 20.918412085830337}, "datetime": {"datetime": "2021-09-24 13:10:28", "elapsed": 248.828208, "delta": 1.240966}}
{"target": 0.4126235438371273, "params": {"eta": 0.4045252782332253, "max_depth": 2.2850128895350466, "n_estimators": 25.379977356748295}, "datetime": {"datetime": "2021-09-24 13:10:30", "elapsed": 250.159746, "delta": 1.331538}}
{"target": 0.44056704175928263, "params": {"eta": 0.4, "max_depth": 2.521197695473616, "n_estimators": 20.64870253217487}, "datetime": {"datetime": "2021-09-24 13:10:31", "elapsed": 251.43061, "delta": 1.270864}}
{"target": 0.45651527203478914, "params": {"eta": 0.4, "max_depth": 1.0, "n_estimators": 43.311692112915324}, "datetime": {"datetime": "2021-09-24 13:10:32", "elapsed": 252.814571, "delta": 1.383961}}
{"target": 0.4524533052828906, "params": {"eta": 0.40308616088689375, "max_depth": 1.7708565364748032, "n_estimators": 25.569502476715602}, "datetime": {"datetime": "2021-09-24 13:10:34", "elapsed": 254.393573, "delta": 1.579002}}
{"target": 0.36070521043962933, "params": {"eta": 0.4216177966197821, "max_depth": 2.009977385367847, "n_estimators": 30.35301569076038}, "datetime": {"datetime": "2021-09-24 13:10:36", "elapsed": 256.661575, "delta": 2.268002}}
{"target": 0.36862722425878824, "params": {"eta": 0.7014757293645153, "max_depth": 2.8969359917404858, "n_estimators": 29.861619597052147}, "datetime": {"datetime": "2021-09-24 13:10:38", "elapsed": 258.50657, "delta": 1.844995}}
{"target": 0.12353686079518045, "params": {"eta": 0.8, "max_depth": 2.0190008807461726, "n_estimators": 38.828853367886026}, "datetime": {"datetime": "2021-09-24 13:10:40", "elapsed": 260.367851, "delta": 1.861281}}
{"target": 0.36584605005451387, "params": {"eta": 0.5279282797734528, "max_depth": 2.9998036614075296, "n_estimators": 3.189973035601488}, "datetime": {"datetime": "2021-09-24 13:10:41", "elapsed": 261.638856, "delta": 1.271005}}
{"target": 0.28998913009025884, "params": {"eta": 0.7423875462142182, "max_depth": 2.0480908029316973, "n_estimators": 24.73212717609875}, "datetime": {"datetime": "2021-09-24 13:10:43", "elapsed": 263.212336, "delta": 1.57348}}
{"target": 0.4041053477602984, "params": {"eta": 0.7982241523718041, "max_depth": 1.6963756355484416, "n_estimators": 36.84965697517184}, "datetime": {"datetime": "2021-09-24 13:10:45", "elapsed": 264.970342, "delta": 1.758006}}
{"target": 0.3825020914081726, "params": {"eta": 0.8, "max_depth": 1.875321142501382, "n_estimators": 3.887126583813149}, "datetime": {"datetime": "2021-09-24 13:10:47", "elapsed": 267.025333, "delta": 2.054991}}
{"target": 0.40853529257150745, "params": {"eta": 0.8, "max_depth": 1.8868408629293965, "n_estimators": 21.65169498846305}, "datetime": {"datetime": "2021-09-24 13:10:48", "elapsed": 268.845333, "delta": 1.82}}
{"target": 0.396599867033969, "params": {"eta": 0.7950724837495946, "max_depth": 1.0088505461994077, "n_estimators": 26.326547687281128}, "datetime": {"datetime": "2021-09-24 13:10:51", "elapsed": 271.039645, "delta": 2.194312}}
{"target": 0.4103964846915741, "params": {"eta": 0.794635573834694, "max_depth": 1.1541725878692009, "n_estimators": 22.870535372073096}, "datetime": {"datetime": "2021-09-24 13:10:52", "elapsed": 272.59541, "delta": 1.555765}}
{"target": 0.41253394185473424, "params": {"eta": 0.7949345200577852, "max_depth": 1.0105628676904548, "n_estimators": 8.83223196641266}, "datetime": {"datetime": "2021-09-24 13:10:54", "elapsed": 274.068278, "delta": 1.472868}}
{"target": 0.40660396181965397, "params": {"eta": 0.8, "max_depth": 1.7504676838630417, "n_estimators": 31.101981151403137}, "datetime": {"datetime": "2021-09-24 13:10:55", "elapsed": 275.476811, "delta": 1.408533}}
{"target": 0.3901299318691276, "params": {"eta": 0.7545258543833638, "max_depth": 1.6529078195789333, "n_estimators": 41.645254917203644}, "datetime": {"datetime": "2021-09-24 13:10:57", "elapsed": 277.294261, "delta": 1.81745}}
{"target": 0.4475078952771042, "params": {"eta": 0.40188734989086505, "max_depth": 1.9802228209944726, "n_estimators": 17.93379473238072}, "datetime": {"datetime": "2021-09-24 13:10:58", "elapsed": 278.944318, "delta": 1.650057}}
{"target": 0.4518742725114784, "params": {"eta": 0.4, "max_depth": 1.0, "n_estimators": 35.78531497101458}, "datetime": {"datetime": "2021-09-24 13:11:00", "elapsed": 280.68579, "delta": 1.741472}}
{"target": 0.44328947050266654, "params": {"eta": 0.4116538596308489, "max_depth": 1.3598915187653757, "n_estimators": 12.981254427924215}, "datetime": {"datetime": "2021-09-24 13:11:02", "elapsed": 282.261635, "delta": 1.575845}}
{"target": 0.38131977894599467, "params": {"eta": 0.7705183954617331, "max_depth": 1.0129248187515065, "n_estimators": 21.188077061948192}, "datetime": {"datetime": "2021-09-24 13:11:04", "elapsed": 284.455724, "delta": 2.194089}}
{"target": 0.4084250262133142, "params": {"eta": 0.8, "max_depth": 1.6719265695184378, "n_estimators": 19.509326640288705}, "datetime": {"datetime": "2021-09-24 13:11:06", "elapsed": 286.531008, "delta": 2.075284}}
{"target": 0.42491628721707486, "params": {"eta": 0.7993589659285573, "max_depth": 1.001063783176764, "n_estimators": 5.839064829627464}, "datetime": {"datetime": "2021-09-24 13:11:08", "elapsed": 288.491744, "delta": 1.960736}}
{"target": 0.39580356178377807, "params": {"eta": 0.8, "max_depth": 1.0, "n_estimators": 15.946290180397842}, "datetime": {"datetime": "2021-09-24 13:11:10", "elapsed": 290.078146, "delta": 1.586402}}
{"target": 0.3808474382555299, "params": {"eta": 0.4, "max_depth": 2.230796205500474, "n_estimators": 39.350082339293635}, "datetime": {"datetime": "2021-09-24 13:11:12", "elapsed": 291.999163, "delta": 1.921017}}
{"target": 0.4586401916454298, "params": {"eta": 0.4, "max_depth": 1.7594809498778312, "n_estimators": 39.60418253133442}, "datetime": {"datetime": "2021-09-24 13:11:14", "elapsed": 293.987645, "delta": 1.988482}}
{"target": 0.3883239217269622, "params": {"eta": 0.8, "max_depth": 1.9616984122720318, "n_estimators": 11.564979828013755}, "datetime": {"datetime": "2021-09-24 13:11:16", "elapsed": 296.066268, "delta": 2.078623}}
{"target": 0.3039381360169332, "params": {"eta": 0.7889137195267766, "max_depth": 2.9789751096777, "n_estimators": 21.448987299899773}, "datetime": {"datetime": "2021-09-24 13:11:17", "elapsed": 297.680241, "delta": 1.613973}}
{"target": 0.45692182543761384, "params": {"eta": 0.4, "max_depth": 1.4350208532803146, "n_estimators": 30.7206340506522}, "datetime": {"datetime": "2021-09-24 13:11:19", "elapsed": 299.758453, "delta": 2.078212}}
{"target": 0.45532830403458424, "params": {"eta": 0.4, "max_depth": 1.9593069129215617, "n_estimators": 40.468885554824595}, "datetime": {"datetime": "2021-09-24 13:11:21", "elapsed": 301.758656, "delta": 2.000203}}
{"target": 0.40596650811938784, "params": {"eta": 0.4, "max_depth": 2.053893120808815, "n_estimators": 31.10782319450815}, "datetime": {"datetime": "2021-09-24 13:11:23", "elapsed": 303.638137, "delta": 1.879481}}
{"target": 0.31903469438370147, "params": {"eta": 0.42647805623345425, "max_depth": 2.2190856978528357, "n_estimators": 44.9042249254458}, "datetime": {"datetime": "2021-09-24 13:11:25", "elapsed": 305.260371, "delta": 1.622234}}
{"target": 0.402384678608786, "params": {"eta": 0.8, "max_depth": 1.0, "n_estimators": 10.08181753215458}, "datetime": {"datetime": "2021-09-24 13:11:26", "elapsed": 306.80774, "delta": 1.547369}}
{"target": 0.4585821879792805, "params": {"eta": 0.4072867541842903, "max_depth": 1.7972517856662504, "n_estimators": 44.14375458464719}, "datetime": {"datetime": "2021-09-24 13:11:28", "elapsed": 308.821699, "delta": 2.013959}}
{"target": 0.38302705436820206, "params": {"eta": 0.7989875489303002, "max_depth": 1.9594272278198768, "n_estimators": 14.710791310901357}, "datetime": {"datetime": "2021-09-24 13:11:30", "elapsed": 310.741596, "delta": 1.919897}}
{"target": 0.40230517263196874, "params": {"eta": 0.8, "max_depth": 1.0, "n_estimators": 29.19022394505823}, "datetime": {"datetime": "2021-09-24 13:11:33", "elapsed": 313.001744, "delta": 2.260148}}
{"target": 0.41512739889218153, "params": {"eta": 0.8, "max_depth": 1.0, "n_estimators": 7.3671741853279515}, "datetime": {"datetime": "2021-09-24 13:11:35", "elapsed": 315.0061, "delta": 2.004356}}
{"target": 0.41728968749469963, "params": {"eta": 0.8, "max_depth": 1.9408963155782133, "n_estimators": 18.296202595181757}, "datetime": {"datetime": "2021-09-24 13:11:36", "elapsed": 316.838344, "delta": 1.832244}}
{"target": 0.38061215247806546, "params": {"eta": 0.8, "max_depth": 1.0, "n_estimators": 13.125438559754192}, "datetime": {"datetime": "2021-09-24 13:11:39", "elapsed": 319.037286, "delta": 2.198942}}
{"target": 0.4586401916454298, "params": {"eta": 0.4, "max_depth": 1.803240514419228, "n_estimators": 39.129827152760825}, "datetime": {"datetime": "2021-09-24 13:11:40", "elapsed": 320.909625, "delta": 1.872339}}
{"target": 0.4434253675581168, "params": {"eta": 0.4, "max_depth": 1.8927998175276406, "n_estimators": 13.92337185698816}, "datetime": {"datetime": "2021-09-24 13:11:43", "elapsed": 322.990639, "delta": 2.081014}}
{"target": 0.4447936393117713, "params": {"eta": 0.4, "max_depth": 1.0, "n_estimators": 16.880051069284256}, "datetime": {"datetime": "2021-09-24 13:11:44", "elapsed": 324.936691, "delta": 1.946052}}
{"target": 0.4522828397277592, "params": {"eta": 0.4, "max_depth": 1.612482108376236, "n_estimators": 24.238974445317616}, "datetime": {"datetime": "2021-09-24 13:11:47", "elapsed": 327.800688, "delta": 2.863997}}
{"target": 0.34981343849309754, "params": {"eta": 0.4, "max_depth": 3.0, "n_estimators": 42.35221023407475}, "datetime": {"datetime": "2021-09-24 13:11:50", "elapsed": 330.01369, "delta": 2.213002}}
{"target": 0.45547703962565733, "params": {"eta": 0.4, "max_depth": 1.0, "n_estimators": 41.71179000611433}, "datetime": {"datetime": "2021-09-24 13:11:53", "elapsed": 333.02538, "delta": 3.01169}}
{"target": 0.4561171810438539, "params": {"eta": 0.4, "max_depth": 1.3085293561479923, "n_estimators": 20.318059408129194}, "datetime": {"datetime": "2021-09-24 13:11:55", "elapsed": 335.479827, "delta": 2.454447}}
{"target": 0.45105383713176095, "params": {"eta": 0.4118833443119946, "max_depth": 1.3763124084792617, "n_estimators": 16.096476202089868}, "datetime": {"datetime": "2021-09-24 13:11:57", "elapsed": 337.492004, "delta": 2.012177}}
{"target": 0.4586401916454298, "params": {"eta": 0.4, "max_depth": 1.0, "n_estimators": 39.64390857696807}, "datetime": {"datetime": "2021-09-24 13:11:59", "elapsed": 339.587554, "delta": 2.09555}}
{"target": 0.44683845540514255, "params": {"eta": 0.4, "max_depth": 1.8757656444248687, "n_estimators": 10.12501380952176}, "datetime": {"datetime": "2021-09-24 13:12:01", "elapsed": 341.809578, "delta": 2.222024}}
{"target": 0.4554630700830077, "params": {"eta": 0.4, "max_depth": 1.7188146992104154, "n_estimators": 44.48011150534556}, "datetime": {"datetime": "2021-09-24 13:12:05", "elapsed": 345.11293, "delta": 3.303352}}
{"target": 0.41393114143824705, "params": {"eta": 0.7838363145430413, "max_depth": 1.6560931904575584, "n_estimators": 8.456716673353245}, "datetime": {"datetime": "2021-09-24 13:12:07", "elapsed": 347.280445, "delta": 2.167515}}
{"target": 0.45570003041173013, "params": {"eta": 0.4, "max_depth": 1.768306713957267, "n_estimators": 21.795589907938638}, "datetime": {"datetime": "2021-09-24 13:12:09", "elapsed": 349.456551, "delta": 2.176106}}
{"target": 0.3809738422678767, "params": {"eta": 0.4, "max_depth": 2.023311726488835, "n_estimators": 36.8634120628733}, "datetime": {"datetime": "2021-09-24 13:12:11", "elapsed": 351.480381, "delta": 2.02383}}
{"target": 0.4034725801130601, "params": {"eta": 0.8, "max_depth": 1.0, "n_estimators": 25.538524310197122}, "datetime": {"datetime": "2021-09-24 13:12:14", "elapsed": 354.146751, "delta": 2.66637}}
{"target": 0.418209128865659, "params": {"eta": 0.7818290602626734, "max_depth": 1.5716573699574674, "n_estimators": 36.16411733541957}, "datetime": {"datetime": "2021-09-24 13:12:16", "elapsed": 356.275549, "delta": 2.128798}}
{"target": 0.4257291502492988, "params": {"eta": 0.4, "max_depth": 2.306804537380657, "n_estimators": 28.80619903369326}, "datetime": {"datetime": "2021-09-24 13:12:18", "elapsed": 358.509111, "delta": 2.233562}}
{"target": 0.453793838348274, "params": {"eta": 0.40640513429462516, "max_depth": 1.808007680740071, "n_estimators": 29.5021925231573}, "datetime": {"datetime": "2021-09-24 13:12:20", "elapsed": 360.494965, "delta": 1.985854}}
{"target": 0.4309213396845768, "params": {"eta": 0.41339226768370785, "max_depth": 1.419444574997773, "n_estimators": 7.488185316951404}, "datetime": {"datetime": "2021-09-24 13:12:22", "elapsed": 362.497722, "delta": 2.002757}}
{"target": 0.45320757797171396, "params": {"eta": 0.40691701652759454, "max_depth": 1.989764575245816, "n_estimators": 27.91823955372401}, "datetime": {"datetime": "2021-09-24 13:12:24", "elapsed": 364.520974, "delta": 2.023252}}
{"target": 0.4559030620492278, "params": {"eta": 0.4109511839789765, "max_depth": 1.914648394847265, "n_estimators": 21.169645786629342}, "datetime": {"datetime": "2021-09-24 13:12:27", "elapsed": 367.127079, "delta": 2.606105}}
