{"target": 0.37348185626587893, "params": {"eta": 0.14932649690493172, "max_depth": 2.6249107627903543, "n_estimators": 130.4222595204233}, "datetime": {"datetime": "2021-09-24 13:42:56", "elapsed": 210.063368, "delta": 1.694993}}
{"target": 0.4459096045945907, "params": {"eta": 0.08, "max_depth": 1.9530681554427307, "n_estimators": 66.85351447842766}, "datetime": {"datetime": "2021-09-24 13:42:58", "elapsed": 211.521828, "delta": 1.45846}}
{"target": 0.4319588924793826, "params": {"eta": 0.18602768783889267, "max_depth": 2.8080046274768473, "n_estimators": 64.73621692447522}, "datetime": {"datetime": "2021-09-24 13:42:58", "elapsed": 212.462855, "delta": 0.941027}}
{"target": 0.4571351651144352, "params": {"eta": 0.13480335384289038, "max_depth": 1.0295424779287439, "n_estimators": 101.8016521231772}, "datetime": {"datetime": "2021-09-24 13:43:00", "elapsed": 214.406965, "delta": 1.94411}}
{"target": 0.45270068345519243, "params": {"eta": 0.11077426135773975, "max_depth": 1.3502378944526299, "n_estimators": 102.80887584784341}, "datetime": {"datetime": "2021-09-24 13:43:02", "elapsed": 215.926959, "delta": 1.519994}}
{"target": 0.44472823750524426, "params": {"eta": 0.3634225559224971, "max_depth": 1.173043420566687, "n_estimators": 95.38859858406695}, "datetime": {"datetime": "2021-09-24 13:43:03", "elapsed": 216.933214, "delta": 1.006255}}
{"target": 0.3809869900015661, "params": {"eta": 0.5898656715703106, "max_depth": 1.948092451964923, "n_estimators": 62.24338704829816}, "datetime": {"datetime": "2021-09-24 13:43:04", "elapsed": 218.112338, "delta": 1.179124}}
{"target": 0.419806460781581, "params": {"eta": 0.4187463423941657, "max_depth": 1.6434585416636276, "n_estimators": 95.42998681204779}, "datetime": {"datetime": "2021-09-24 13:43:06", "elapsed": 219.714932, "delta": 1.602594}}
{"target": 0.4210849216903294, "params": {"eta": 0.48110570258466057, "max_depth": 1.8636065634472756, "n_estimators": 63.57735037055842}, "datetime": {"datetime": "2021-09-24 13:43:08", "elapsed": 221.720052, "delta": 2.00512}}
{"target": 0.4532591785490354, "params": {"eta": 0.08, "max_depth": 1.8619317542378375, "n_estimators": 136.8001821225456}, "datetime": {"datetime": "2021-09-24 13:43:09", "elapsed": 223.092092, "delta": 1.37204}}
{"target": 0.4459078954521435, "params": {"eta": 0.32962304376654095, "max_depth": 1.3258316440711093, "n_estimators": 61.997518020095974}, "datetime": {"datetime": "2021-09-24 13:43:11", "elapsed": 224.922954, "delta": 1.830862}}
{"target": 0.4532591785490354, "params": {"eta": 0.08, "max_depth": 1.9325827539355225, "n_estimators": 136.3942414026458}, "datetime": {"datetime": "2021-09-24 13:43:14", "elapsed": 227.607182, "delta": 2.684228}}
{"target": 0.3787855268788589, "params": {"eta": 0.4561579332304968, "max_depth": 1.8612231989106498, "n_estimators": 136.5760537391402}, "datetime": {"datetime": "2021-09-24 13:43:16", "elapsed": 229.714759, "delta": 2.107577}}
{"target": 0.4422667426928467, "params": {"eta": 0.08, "max_depth": 1.0361397890906676, "n_estimators": 58.860114477359154}, "datetime": {"datetime": "2021-09-24 13:43:17", "elapsed": 231.036528, "delta": 1.321769}}
{"target": 0.4532710041176713, "params": {"eta": 0.08, "max_depth": 1.0, "n_estimators": 139.95208762497617}, "datetime": {"datetime": "2021-09-24 13:43:21", "elapsed": 234.770926, "delta": 3.734398}}
{"target": 0.45680840235904774, "params": {"eta": 0.16418099070474237, "max_depth": 1.8621517790743807, "n_estimators": 96.08721168062178}, "datetime": {"datetime": "2021-09-24 13:43:23", "elapsed": 236.562661, "delta": 1.791735}}
{"target": 0.4447138182895999, "params": {"eta": 0.36353212623957387, "max_depth": 1.5178077596212185, "n_estimators": 96.05657767295638}, "datetime": {"datetime": "2021-09-24 13:43:24", "elapsed": 238.426259, "delta": 1.863598}}
{"target": 0.2190486789393582, "params": {"eta": 0.451208886306187, "max_depth": 2.0615884838742105, "n_estimators": 95.90466088481027}, "datetime": {"datetime": "2021-09-24 13:43:27", "elapsed": 240.702945, "delta": 2.276686}}
{"target": 0.2554514615515102, "params": {"eta": 0.5944770889827572, "max_depth": 2.868227239492418, "n_estimators": 55.5212282559872}, "datetime": {"datetime": "2021-09-24 13:43:28", "elapsed": 242.201557, "delta": 1.498612}}
{"target": 0.45715809126959905, "params": {"eta": 0.15863003537680026, "max_depth": 1.6668946333701002, "n_estimators": 96.38594269279477}, "datetime": {"datetime": "2021-09-24 13:43:30", "elapsed": 243.822139, "delta": 1.620582}}
{"target": 0.4521961094251006, "params": {"eta": 0.08360220605448411, "max_depth": 2.527386487628094, "n_estimators": 58.504179883363946}, "datetime": {"datetime": "2021-09-24 13:43:32", "elapsed": 245.994074, "delta": 2.171935}}
{"target": 0.4549874138620723, "params": {"eta": 0.28756988369536435, "max_depth": 1.364112651107525, "n_estimators": 53.177063444206276}, "datetime": {"datetime": "2021-09-24 13:43:33", "elapsed": 247.269429, "delta": 1.275355}}
{"target": 0.4507232336798839, "params": {"eta": 0.08968669390873622, "max_depth": 1.5625211268184196, "n_estimators": 96.06867209566104}, "datetime": {"datetime": "2021-09-24 13:43:35", "elapsed": 249.081509, "delta": 1.81208}}
{"target": 0.4456973352964282, "params": {"eta": 0.351837510059078, "max_depth": 1.4766934383598844, "n_estimators": 100.75567204185096}, "datetime": {"datetime": "2021-09-24 13:43:37", "elapsed": 251.064584, "delta": 1.983075}}
{"target": 0.40680535197405654, "params": {"eta": 0.41475542912122565, "max_depth": 1.599158971122368, "n_estimators": 102.74977612021044}, "datetime": {"datetime": "2021-09-24 13:43:39", "elapsed": 253.059935, "delta": 1.995351}}
{"target": 0.41212171535188513, "params": {"eta": 0.5038651611026946, "max_depth": 1.5703795409046881, "n_estimators": 61.38635170327229}, "datetime": {"datetime": "2021-09-24 13:43:41", "elapsed": 255.418524, "delta": 2.358589}}
{"target": 0.4475733391932959, "params": {"eta": 0.08, "max_depth": 1.9730984456969307, "n_estimators": 96.39739605291166}, "datetime": {"datetime": "2021-09-24 13:43:44", "elapsed": 258.355157, "delta": 2.936633}}
{"target": 0.45467379033556543, "params": {"eta": 0.2948803723906555, "max_depth": 1.6324330211088518, "n_estimators": 64.96357699986322}, "datetime": {"datetime": "2021-09-24 13:43:46", "elapsed": 259.904651, "delta": 1.549494}}
{"target": 0.4528642388198304, "params": {"eta": 0.3380133658130787, "max_depth": 1.1995699341360269, "n_estimators": 103.31311135017802}, "datetime": {"datetime": "2021-09-24 13:43:48", "elapsed": 262.438655, "delta": 2.534004}}
{"target": 0.4584102162669297, "params": {"eta": 0.21342591681282808, "max_depth": 1.8610852175873613, "n_estimators": 58.816263606410345}, "datetime": {"datetime": "2021-09-24 13:43:51", "elapsed": 264.958727, "delta": 2.520072}}
{"target": 0.33188916635973487, "params": {"eta": 0.40910882686316397, "max_depth": 2.671023898554612, "n_estimators": 78.78533964822026}, "datetime": {"datetime": "2021-09-24 13:43:52", "elapsed": 266.271729, "delta": 1.313002}}
{"target": 0.42832704972477187, "params": {"eta": 0.37602063495637433, "max_depth": 1.91452536083132, "n_estimators": 121.8061197660157}, "datetime": {"datetime": "2021-09-24 13:43:54", "elapsed": 267.562256, "delta": 1.290527}}
{"target": 0.4367015060185363, "params": {"eta": 0.4306749617524972, "max_depth": 1.823966565994455, "n_estimators": 59.10815163272368}, "datetime": {"datetime": "2021-09-24 13:43:56", "elapsed": 269.650915, "delta": 2.088659}}
{"target": 0.35138111656617677, "params": {"eta": 0.41871082839927626, "max_depth": 2.0248438018007704, "n_estimators": 65.18350625078244}, "datetime": {"datetime": "2021-09-24 13:43:58", "elapsed": 271.592911, "delta": 1.941996}}
{"target": 0.4448150351237401, "params": {"eta": 0.08, "max_depth": 2.0503462714394862, "n_estimators": 137.12992119235932}, "datetime": {"datetime": "2021-09-24 13:44:01", "elapsed": 274.670707, "delta": 3.077796}}
{"target": 0.38090701729796894, "params": {"eta": 0.5872696697755154, "max_depth": 1.5557661633183597, "n_estimators": 59.4960000927875}, "datetime": {"datetime": "2021-09-24 13:44:02", "elapsed": 276.412081, "delta": 1.741374}}
{"target": 0.46849183348066614, "params": {"eta": 0.35657248886476894, "max_depth": 1.6707611169629581, "n_estimators": 50.488433739983186}, "datetime": {"datetime": "2021-09-24 13:44:04", "elapsed": 277.559824, "delta": 1.147743}}
{"target": 0.45825164235086724, "params": {"eta": 0.37285315558404236, "max_depth": 1.4164884248006495, "n_estimators": 50.67308575884269}, "datetime": {"datetime": "2021-09-24 13:44:06", "elapsed": 279.527096, "delta": 1.967272}}
{"target": 0.4444453682919929, "params": {"eta": 0.16920445700376963, "max_depth": 1.4777725836772193, "n_estimators": 50.346255710449796}, "datetime": {"datetime": "2021-09-24 13:44:08", "elapsed": 281.602325, "delta": 2.075229}}
{"target": 0.44835893729110776, "params": {"eta": 0.1814551599885012, "max_depth": 1.6565377634764813, "n_estimators": 50.750793674850705}, "datetime": {"datetime": "2021-09-24 13:44:10", "elapsed": 283.776869, "delta": 2.174544}}
{"target": 0.4032569892336444, "params": {"eta": 0.5526272246571139, "max_depth": 1.67519788186536, "n_estimators": 50.1841142673675}, "datetime": {"datetime": "2021-09-24 13:44:12", "elapsed": 285.86306, "delta": 2.086191}}
{"target": 0.4224763791056171, "params": {"eta": 0.5151621908316093, "max_depth": 1.8700727371270758, "n_estimators": 50.78823314349328}, "datetime": {"datetime": "2021-09-24 13:44:14", "elapsed": 288.255361, "delta": 2.392301}}
{"target": 0.4496120892629949, "params": {"eta": 0.10788321505401564, "max_depth": 1.5747246005261735, "n_estimators": 59.57297235902246}, "datetime": {"datetime": "2021-09-24 13:44:17", "elapsed": 290.730665, "delta": 2.475304}}
{"target": 0.4469839572016331, "params": {"eta": 0.08, "max_depth": 1.0, "n_estimators": 94.48087762689444}, "datetime": {"datetime": "2021-09-24 13:44:20", "elapsed": 293.983193, "delta": 3.252528}}
{"target": 0.4168788117049662, "params": {"eta": 0.08952807342792014, "max_depth": 2.4444056240999954, "n_estimators": 136.8830302177875}, "datetime": {"datetime": "2021-09-24 13:44:21", "elapsed": 295.463002, "delta": 1.479809}}
{"target": 0.45274244903363103, "params": {"eta": 0.09994571556351908, "max_depth": 1.8599058761812437, "n_estimators": 75.60013311010377}, "datetime": {"datetime": "2021-09-24 13:44:23", "elapsed": 297.169949, "delta": 1.706947}}
{"target": 0.427950831424185, "params": {"eta": 0.42987171061557766, "max_depth": 1.5035372589726972, "n_estimators": 75.21506658801744}, "datetime": {"datetime": "2021-09-24 13:44:24", "elapsed": 298.378035, "delta": 1.208086}}
{"target": 0.3583553593583949, "params": {"eta": 0.40904121224952217, "max_depth": 2.1775862592596456, "n_estimators": 58.83285527517607}, "datetime": {"datetime": "2021-09-24 13:44:27", "elapsed": 300.473937, "delta": 2.095902}}
{"target": 0.4285471117010744, "params": {"eta": 0.33129007270726585, "max_depth": 1.2842549969637034, "n_estimators": 101.66687680001591}, "datetime": {"datetime": "2021-09-24 13:44:28", "elapsed": 302.068096, "delta": 1.594159}}
{"target": 0.31406150174742, "params": {"eta": 0.26619035514004286, "max_depth": 2.647509598683225, "n_estimators": 130.411421967005}, "datetime": {"datetime": "2021-09-24 13:44:30", "elapsed": 303.530178, "delta": 1.462082}}
{"target": 0.4546910612989139, "params": {"eta": 0.11872569882076242, "max_depth": 1.5466184755524224, "n_estimators": 95.32243227024728}, "datetime": {"datetime": "2021-09-24 13:44:31", "elapsed": 304.895117, "delta": 1.364939}}
{"target": 0.4474393220685585, "params": {"eta": 0.11278937809920585, "max_depth": 1.7112050800534495, "n_estimators": 59.20594670168132}, "datetime": {"datetime": "2021-09-24 13:44:33", "elapsed": 307.055624, "delta": 2.160507}}
{"target": 0.4597329411607398, "params": {"eta": 0.08020617619151553, "max_depth": 2.85505246300757, "n_estimators": 58.239262261735604}, "datetime": {"datetime": "2021-09-24 13:44:35", "elapsed": 309.348838, "delta": 2.293214}}
{"target": 0.44387126694264467, "params": {"eta": 0.08995867045861196, "max_depth": 1.8666103705654606, "n_estimators": 50.417396364622846}, "datetime": {"datetime": "2021-09-24 13:44:38", "elapsed": 312.415312, "delta": 3.066474}}
{"target": 0.4475057129048021, "params": {"eta": 0.13209520632256952, "max_depth": 1.8093121879761787, "n_estimators": 58.50387931679254}, "datetime": {"datetime": "2021-09-24 13:44:42", "elapsed": 316.307614, "delta": 3.892302}}
{"target": 0.4499150143125905, "params": {"eta": 0.13519165269647698, "max_depth": 1.4138478942971726, "n_estimators": 65.16211537815171}, "datetime": {"datetime": "2021-09-24 13:44:45", "elapsed": 319.194493, "delta": 2.886879}}
{"target": 0.43745178149803976, "params": {"eta": 0.3847266596931038, "max_depth": 1.1974809627437182, "n_estimators": 89.46363865354093}, "datetime": {"datetime": "2021-09-24 13:44:47", "elapsed": 321.315424, "delta": 2.120931}}
{"target": 0.22952382053671883, "params": {"eta": 0.46548996909847107, "max_depth": 2.8183280957813963, "n_estimators": 149.34598898464267}, "datetime": {"datetime": "2021-09-24 13:44:49", "elapsed": 322.772258, "delta": 1.456834}}
{"target": 0.174467196229254, "params": {"eta": 0.5611342419291094, "max_depth": 2.55407264229538, "n_estimators": 110.4847923951517}, "datetime": {"datetime": "2021-09-24 13:44:50", "elapsed": 324.218446, "delta": 1.446188}}
{"target": 0.39678199349909826, "params": {"eta": 0.18414968264181064, "max_depth": 2.4383166665039986, "n_estimators": 78.84005056660364}, "datetime": {"datetime": "2021-09-24 13:44:51", "elapsed": 325.427241, "delta": 1.208795}}
{"target": 0.3014269167978989, "params": {"eta": 0.30328241086659496, "max_depth": 2.5598634664068256, "n_estimators": 140.427205298908}, "datetime": {"datetime": "2021-09-24 13:44:53", "elapsed": 326.884032, "delta": 1.456791}}
{"target": 0.43636375055359267, "params": {"eta": 0.08, "max_depth": 1.7293078611994273, "n_estimators": 53.24053928192041}, "datetime": {"datetime": "2021-09-24 13:44:56", "elapsed": 329.550705, "delta": 2.666673}}
{"target": 0.44033728864508037, "params": {"eta": 0.08484423120127155, "max_depth": 1.1162005769697234, "n_estimators": 53.46844424267472}, "datetime": {"datetime": "2021-09-24 13:44:59", "elapsed": 332.972821, "delta": 3.422116}}
{"target": 0.4454962595313966, "params": {"eta": 0.08, "max_depth": 1.3332881922408963, "n_estimators": 74.8632851380565}, "datetime": {"datetime": "2021-09-24 13:45:02", "elapsed": 335.49848, "delta": 2.525659}}
{"target": 0.45257850518738896, "params": {"eta": 0.1103182802325261, "max_depth": 1.9211920433973426, "n_estimators": 92.42047493848347}, "datetime": {"datetime": "2021-09-24 13:45:03", "elapsed": 337.269221, "delta": 1.770741}}
{"target": 0.451004874988709, "params": {"eta": 0.2028962406315185, "max_depth": 1.0814141933183394, "n_estimators": 52.95817510707682}, "datetime": {"datetime": "2021-09-24 13:45:06", "elapsed": 339.612749, "delta": 2.343528}}
{"target": 0.42296430336185775, "params": {"eta": 0.5292965894786229, "max_depth": 1.020234199394129, "n_estimators": 53.243702750804324}, "datetime": {"datetime": "2021-09-24 13:45:08", "elapsed": 341.722919, "delta": 2.11017}}
{"target": 0.24595818143466108, "params": {"eta": 0.5847565923369487, "max_depth": 2.681564778963033, "n_estimators": 80.35314975403114}, "datetime": {"datetime": "2021-09-24 13:45:09", "elapsed": 343.433923, "delta": 1.711004}}
{"target": 0.29925798953121985, "params": {"eta": 0.3540090307565075, "max_depth": 2.2585881640021377, "n_estimators": 92.47345728142369}, "datetime": {"datetime": "2021-09-24 13:45:13", "elapsed": 346.562001, "delta": 3.128078}}
{"target": 0.44838745049172535, "params": {"eta": 0.08, "max_depth": 1.9272091289573428, "n_estimators": 99.24172145763714}, "datetime": {"datetime": "2021-09-24 13:45:15", "elapsed": 349.047051, "delta": 2.48505}}
{"target": 0.45661528986397404, "params": {"eta": 0.17122098457682688, "max_depth": 1.6191201014347278, "n_estimators": 92.56693658174629}, "datetime": {"datetime": "2021-09-24 13:45:18", "elapsed": 351.541048, "delta": 2.493997}}
{"target": 0.45039982261042766, "params": {"eta": 0.08, "max_depth": 1.4990431625147176, "n_estimators": 120.6477300072504}, "datetime": {"datetime": "2021-09-24 13:45:22", "elapsed": 355.507042, "delta": 3.965994}}
{"target": 0.45275388689391194, "params": {"eta": 0.09908026591635474, "max_depth": 1.734954938265872, "n_estimators": 92.02402833070173}, "datetime": {"datetime": "2021-09-24 13:45:25", "elapsed": 358.539473, "delta": 3.032431}}
{"target": 0.45269809944030903, "params": {"eta": 0.11093883210041096, "max_depth": 1.553388685253765, "n_estimators": 92.3000747659068}, "datetime": {"datetime": "2021-09-24 13:45:27", "elapsed": 360.960517, "delta": 2.421044}}
{"target": 0.28721026770677704, "params": {"eta": 0.3344562308024028, "max_depth": 2.7359108896463713, "n_estimators": 128.32397373705322}, "datetime": {"datetime": "2021-09-24 13:45:29", "elapsed": 362.555185, "delta": 1.594668}}
{"target": 0.4607576324450584, "params": {"eta": 0.08, "max_depth": 2.202904389499901, "n_estimators": 61.21711883500465}, "datetime": {"datetime": "2021-09-24 13:45:31", "elapsed": 365.15933, "delta": 2.604145}}
{"target": 0.45039982261042766, "params": {"eta": 0.08, "max_depth": 1.0, "n_estimators": 120.77608558041608}, "datetime": {"datetime": "2021-09-24 13:45:33", "elapsed": 367.246967, "delta": 2.087637}}
{"target": 0.442137980253534, "params": {"eta": 0.08, "max_depth": 1.9065848962980398, "n_estimators": 57.55993740456632}, "datetime": {"datetime": "2021-09-24 13:45:35", "elapsed": 369.204549, "delta": 1.957582}}
{"target": 0.43968675556010406, "params": {"eta": 0.44779481964687506, "max_depth": 1.4917291173049727, "n_estimators": 57.44826779725499}, "datetime": {"datetime": "2021-09-24 13:45:37", "elapsed": 370.737104, "delta": 1.532555}}
{"target": 0.2958570007896423, "params": {"eta": 0.5904554274603362, "max_depth": 2.0399084238781047, "n_estimators": 57.3526051498003}, "datetime": {"datetime": "2021-09-24 13:45:39", "elapsed": 373.040444, "delta": 2.30334}}
{"target": 0.44644742176766317, "params": {"eta": 0.24981215248800948, "max_depth": 1.367965446385492, "n_estimators": 57.01822852874652}, "datetime": {"datetime": "2021-09-24 13:45:42", "elapsed": 375.529452, "delta": 2.489008}}
{"target": 0.4291165136107731, "params": {"eta": 0.4791791273331968, "max_depth": 1.5695012758125917, "n_estimators": 53.1108548852026}, "datetime": {"datetime": "2021-09-24 13:45:43", "elapsed": 377.098273, "delta": 1.568821}}
{"target": 0.4477233655486704, "params": {"eta": 0.13287348010970657, "max_depth": 1.4652203381547286, "n_estimators": 57.77728123556371}, "datetime": {"datetime": "2021-09-24 13:45:45", "elapsed": 379.013947, "delta": 1.915674}}
{"target": 0.4459653274792429, "params": {"eta": 0.1176023712250889, "max_depth": 1.1318513858994836, "n_estimators": 57.367374889263736}, "datetime": {"datetime": "2021-09-24 13:45:47", "elapsed": 381.141067, "delta": 2.12712}}
{"target": 0.44906411325267326, "params": {"eta": 0.09712721476625738, "max_depth": 1.7916844027010976, "n_estimators": 56.62076490637149}, "datetime": {"datetime": "2021-09-24 13:45:49", "elapsed": 383.363891, "delta": 2.222824}}
{"target": 0.25027753382471696, "params": {"eta": 0.4666128504580578, "max_depth": 2.294522601843579, "n_estimators": 107.0284241623518}, "datetime": {"datetime": "2021-09-24 13:45:51", "elapsed": 384.789986, "delta": 1.426095}}
{"target": 0.44568600717929874, "params": {"eta": 0.10109284929109869, "max_depth": 1.0189021637622013, "n_estimators": 58.008976363068676}, "datetime": {"datetime": "2021-09-24 13:45:53", "elapsed": 386.752955, "delta": 1.962969}}
{"target": 0.24246565722458546, "params": {"eta": 0.34261159010702896, "max_depth": 2.287314577044577, "n_estimators": 105.66681900714481}, "datetime": {"datetime": "2021-09-24 13:45:55", "elapsed": 388.681048, "delta": 1.928093}}
{"target": 0.45607080564171854, "params": {"eta": 0.1265502362215461, "max_depth": 1.4648615457503633, "n_estimators": 98.9114344147393}, "datetime": {"datetime": "2021-09-24 13:45:56", "elapsed": 390.170352, "delta": 1.489304}}
{"target": 0.448541117532279, "params": {"eta": 0.08, "max_depth": 1.8728635714011281, "n_estimators": 98.72690111334093}, "datetime": {"datetime": "2021-09-24 13:45:59", "elapsed": 392.832348, "delta": 2.661996}}
{"target": 0.3914534774983609, "params": {"eta": 0.566465168163372, "max_depth": 1.5055195584029983, "n_estimators": 56.54370091810827}, "datetime": {"datetime": "2021-09-24 13:46:01", "elapsed": 395.405352, "delta": 2.573004}}
{"target": 0.20741580668690496, "params": {"eta": 0.5937134349276587, "max_depth": 2.7622561548527753, "n_estimators": 92.79697771315699}, "datetime": {"datetime": "2021-09-24 13:46:03", "elapsed": 397.323351, "delta": 1.917999}}
{"target": 0.38207406872279925, "params": {"eta": 0.5101732507769927, "max_depth": 1.944390301456689, "n_estimators": 98.86106488687537}, "datetime": {"datetime": "2021-09-24 13:46:07", "elapsed": 400.501353, "delta": 3.178002}}
{"target": 0.4538476170346746, "params": {"eta": 0.08, "max_depth": 1.9656048632968908, "n_estimators": 135.88992435646315}, "datetime": {"datetime": "2021-09-24 13:46:10", "elapsed": 404.266054, "delta": 3.764701}}
{"target": 0.4532591785490354, "params": {"eta": 0.08, "max_depth": 1.528407173196896, "n_estimators": 136.05212014585203}, "datetime": {"datetime": "2021-09-24 13:46:13", "elapsed": 407.153399, "delta": 2.887345}}
{"target": 0.42478805651213425, "params": {"eta": 0.35638066675517344, "max_depth": 1.6144817617881595, "n_estimators": 135.54833939637783}, "datetime": {"datetime": "2021-09-24 13:46:17", "elapsed": 410.590532, "delta": 3.437133}}
{"target": 0.19208505138876197, "params": {"eta": 0.4328142078201733, "max_depth": 2.019211103610511, "n_estimators": 130.7333785609265}, "datetime": {"datetime": "2021-09-24 13:46:18", "elapsed": 412.209087, "delta": 1.618555}}
