{"target": -45.85090938367342, "params": {"eta": 0.09661913876333048, "max_depth": 11.251454945349261, "n_estimators": 42.999420959459876}, "datetime": {"datetime": "2021-09-24 17:13:10", "elapsed": 32.98646, "delta": 0.471589}}
{"target": -48.600720082906854, "params": {"eta": 0.4144523528655713, "max_depth": 6.874702413890377, "n_estimators": 44.357133960516066}, "datetime": {"datetime": "2021-09-24 17:13:11", "elapsed": 33.385458, "delta": 0.398998}}
{"target": -47.95901755999802, "params": {"eta": 0.3579860858383166, "max_depth": 23.35867240733647, "n_estimators": 61.8701362966494}, "datetime": {"datetime": "2021-09-24 17:13:11", "elapsed": 34.047211, "delta": 0.661753}}
{"target": -46.05904101608391, "params": {"eta": 0.13865563060757677, "max_depth": 48.66426536892524, "n_estimators": 45.24131920616783}, "datetime": {"datetime": "2021-09-24 17:13:12", "elapsed": 34.706444, "delta": 0.659233}}
{"target": -46.8443929342399, "params": {"eta": 0.10907885263219214, "max_depth": 4.1099939157545355, "n_estimators": 51.52858300141503}, "datetime": {"datetime": "2021-09-24 17:13:12", "elapsed": 35.058935, "delta": 0.352491}}
{"target": -49.73581000019733, "params": {"eta": 0.4172367475862031, "max_depth": 42.17617290764075, "n_estimators": 43.336959410455336}, "datetime": {"datetime": "2021-09-24 17:13:13", "elapsed": 35.649935, "delta": 0.591}}
{"target": -46.86133286110441, "params": {"eta": 0.3235662558723106, "max_depth": 48.97935143379242, "n_estimators": 44.92866411179381}, "datetime": {"datetime": "2021-09-24 17:13:14", "elapsed": 36.568832, "delta": 0.918897}}
{"target": -48.45188467843192, "params": {"eta": 0.3983848038875138, "max_depth": 7.904253223643431, "n_estimators": 55.82081843623014}, "datetime": {"datetime": "2021-09-24 17:13:14", "elapsed": 37.099969, "delta": 0.531137}}
{"target": -45.92089987159672, "params": {"eta": 0.16368452267151462, "max_depth": 17.80778518451615, "n_estimators": 36.24396605730108}, "datetime": {"datetime": "2021-09-24 17:13:15", "elapsed": 37.647969, "delta": 0.548}}
{"target": -43.746035583037184, "params": {"eta": 0.20110525879476415, "max_depth": 2.7292262910206277, "n_estimators": 24.587665991049786}, "datetime": {"datetime": "2021-09-24 17:13:15", "elapsed": 37.962621, "delta": 0.314652}}
{"target": -96.69535061829072, "params": {"eta": 0.02245538607240999, "max_depth": 2.769540032232211, "n_estimators": 18.461421661914606}, "datetime": {"datetime": "2021-09-24 17:13:16", "elapsed": 38.284621, "delta": 0.322}}
{"target": -44.148862680994476, "params": {"eta": 0.18555172922614122, "max_depth": 2.2498287911945014, "n_estimators": 24.66525280936351}, "datetime": {"datetime": "2021-09-24 17:13:16", "elapsed": 38.710308, "delta": 0.425687}}
{"target": -43.93506780065092, "params": {"eta": 0.2637233119690684, "max_depth": 2.557432534191547, "n_estimators": 25.124199305102053}, "datetime": {"datetime": "2021-09-24 17:13:16", "elapsed": 39.053454, "delta": 0.343146}}
{"target": -46.7607672555106, "params": {"eta": 0.35139390579808, "max_depth": 3.086507383364786, "n_estimators": 24.886795607162856}, "datetime": {"datetime": "2021-09-24 17:13:17", "elapsed": 39.58748, "delta": 0.534026}}
{"target": -49.61070128132526, "params": {"eta": 0.47005157960160576, "max_depth": 7.595858904635775, "n_estimators": 32.9388179769363}, "datetime": {"datetime": "2021-09-24 17:13:17", "elapsed": 40.224654, "delta": 0.637174}}
{"target": -45.564548922660656, "params": {"eta": 0.1289537054304637, "max_depth": 1.8278631610119467, "n_estimators": 25.050976389315252}, "datetime": {"datetime": "2021-09-24 17:13:18", "elapsed": 40.588654, "delta": 0.364}}
{"target": -46.27273734530112, "params": {"eta": 0.4377129883625293, "max_depth": 2.074096219400147, "n_estimators": 25.242834370095007}, "datetime": {"datetime": "2021-09-24 17:13:18", "elapsed": 41.007268, "delta": 0.418614}}
{"target": -44.40292214988766, "params": {"eta": 0.25760953647003804, "max_depth": 2.300999864371664, "n_estimators": 24.041766136307597}, "datetime": {"datetime": "2021-09-24 17:13:19", "elapsed": 41.416266, "delta": 0.408998}}
{"target": -46.38036805346496, "params": {"eta": 0.4101032096441119, "max_depth": 2.8423437943570664, "n_estimators": 23.99351735129648}, "datetime": {"datetime": "2021-09-24 17:13:19", "elapsed": 41.802508, "delta": 0.386242}}
{"target": -44.282313870308094, "params": {"eta": 0.21300111481342246, "max_depth": 1.5959873435590866, "n_estimators": 24.430162277443216}, "datetime": {"datetime": "2021-09-24 17:13:19", "elapsed": 42.179895, "delta": 0.377387}}
{"target": -105.72968504482643, "params": {"eta": 0.013556901543496107, "max_depth": 1.8095791627792863, "n_estimators": 23.891776009219885}, "datetime": {"datetime": "2021-09-24 17:13:20", "elapsed": 42.489905, "delta": 0.31001}}
{"target": -92.75612975959491, "params": {"eta": 0.018617712144247324, "max_depth": 2.698556275262866, "n_estimators": 24.020873234983142}, "datetime": {"datetime": "2021-09-24 17:13:20", "elapsed": 42.779717, "delta": 0.289812}}
{"target": -43.954806851265126, "params": {"eta": 0.274510224281561, "max_depth": 1.3378418535578271, "n_estimators": 24.84249927840837}, "datetime": {"datetime": "2021-09-24 17:13:20", "elapsed": 43.113716, "delta": 0.333999}}
{"target": -44.85231832633341, "params": {"eta": 0.17147268311261754, "max_depth": 1.1721528545172224, "n_estimators": 24.48806991182082}, "datetime": {"datetime": "2021-09-24 17:13:21", "elapsed": 43.493011, "delta": 0.379295}}
{"target": -47.050015671808914, "params": {"eta": 0.4141280220399297, "max_depth": 2.550981752442313, "n_estimators": 24.612510134077354}, "datetime": {"datetime": "2021-09-24 17:13:21", "elapsed": 44.02002, "delta": 0.527009}}
{"target": -45.16061779968721, "params": {"eta": 0.15452710869569367, "max_depth": 1.4167776579141105, "n_estimators": 24.632002072576974}, "datetime": {"datetime": "2021-09-24 17:13:22", "elapsed": 44.389021, "delta": 0.369001}}
{"target": -46.02780085398739, "params": {"eta": 0.4854495983228009, "max_depth": 2.213963250800543, "n_estimators": 24.325997997421183}, "datetime": {"datetime": "2021-09-24 17:13:22", "elapsed": 44.742008, "delta": 0.352987}}
{"target": -46.54040504398203, "params": {"eta": 0.03758586104069084, "max_depth": 33.9939801976738, "n_estimators": 59.52727649385713}, "datetime": {"datetime": "2021-09-24 17:13:23", "elapsed": 45.378007, "delta": 0.635999}}
{"target": -46.45046302967502, "params": {"eta": 0.10178557848634523, "max_depth": 1.4007059965566684, "n_estimators": 25.37018774419539}, "datetime": {"datetime": "2021-09-24 17:13:23", "elapsed": 45.780009, "delta": 0.402002}}
{"target": -64.53625975874134, "params": {"eta": 0.03465356708407034, "max_depth": 2.9612909896376616, "n_estimators": 25.370885616040443}, "datetime": {"datetime": "2021-09-24 17:13:23", "elapsed": 46.270009, "delta": 0.49}}
{"target": -48.06226561123267, "params": {"eta": 0.20598455893032092, "max_depth": 23.407884021077727, "n_estimators": 65.86877159215588}, "datetime": {"datetime": "2021-09-24 17:13:24", "elapsed": 47.099099, "delta": 0.82909}}
{"target": -45.9240136971151, "params": {"eta": 0.18908766757656223, "max_depth": 11.63906657087718, "n_estimators": 42.64053525153889}, "datetime": {"datetime": "2021-09-24 17:13:25", "elapsed": 47.721101, "delta": 0.622002}}
{"target": -45.79393042657608, "params": {"eta": 0.3792080572509833, "max_depth": 11.69992242374745, "n_estimators": 43.20662108822305}, "datetime": {"datetime": "2021-09-24 17:13:26", "elapsed": 48.43173, "delta": 0.710629}}
{"target": -44.81927131710196, "params": {"eta": 0.4953659998762095, "max_depth": 1.3853312616786573, "n_estimators": 24.415171735590935}, "datetime": {"datetime": "2021-09-24 17:13:26", "elapsed": 48.802729, "delta": 0.370999}}
{"target": -50.19990066298865, "params": {"eta": 0.440274482732881, "max_depth": 3.29593202540151, "n_estimators": 24.403812435035835}, "datetime": {"datetime": "2021-09-24 17:13:26", "elapsed": 49.237728, "delta": 0.434999}}
{"target": -50.829323316875254, "params": {"eta": 0.41929579817191376, "max_depth": 11.635274159089207, "n_estimators": 43.21677883443484}, "datetime": {"datetime": "2021-09-24 17:13:27", "elapsed": 49.831889, "delta": 0.594161}}
{"target": -48.04705721632879, "params": {"eta": 0.09630452164936171, "max_depth": 10.586982933773822, "n_estimators": 23.77696488311531}, "datetime": {"datetime": "2021-09-24 17:13:28", "elapsed": 50.284886, "delta": 0.452997}}
{"target": -49.60074489278004, "params": {"eta": 0.45306004163797925, "max_depth": 3.631534867682524, "n_estimators": 23.56015134355728}, "datetime": {"datetime": "2021-09-24 17:13:28", "elapsed": 50.658884, "delta": 0.373998}}
{"target": -46.207445503177496, "params": {"eta": 0.2990352535406563, "max_depth": 12.049069609780197, "n_estimators": 43.30919674116703}, "datetime": {"datetime": "2021-09-24 17:13:28", "elapsed": 51.244885, "delta": 0.586001}}
{"target": -49.108256662698615, "params": {"eta": 0.1763335285387314, "max_depth": 11.966277836885517, "n_estimators": 42.86714245697499}, "datetime": {"datetime": "2021-09-24 17:13:29", "elapsed": 51.900885, "delta": 0.656}}
{"target": -44.61930359575085, "params": {"eta": 0.48008514711303885, "max_depth": 1.6796145655797434, "n_estimators": 25.18460197587328}, "datetime": {"datetime": "2021-09-24 17:13:29", "elapsed": 52.269887, "delta": 0.369002}}
{"target": -46.01408208402476, "params": {"eta": 0.480361833120402, "max_depth": 2.400024819560761, "n_estimators": 23.774308343010475}, "datetime": {"datetime": "2021-09-24 17:13:30", "elapsed": 52.661888, "delta": 0.392001}}
{"target": -49.2649445067671, "params": {"eta": 0.28782037953697187, "max_depth": 15.735968163452172, "n_estimators": 38.652700323973434}, "datetime": {"datetime": "2021-09-24 17:13:31", "elapsed": 53.287885, "delta": 0.625997}}
{"target": -43.84804339874956, "params": {"eta": 0.4128048866564442, "max_depth": 1.6125609767940732, "n_estimators": 24.796194989877254}, "datetime": {"datetime": "2021-09-24 17:13:31", "elapsed": 53.762885, "delta": 0.475}}
{"target": -48.329584308136674, "params": {"eta": 0.21585230700672703, "max_depth": 21.800572806963817, "n_estimators": 40.04408114574444}, "datetime": {"datetime": "2021-09-24 17:13:32", "elapsed": 54.386887, "delta": 0.624002}}
{"target": -43.354271910244364, "params": {"eta": 0.36583241574079606, "max_depth": 1.7505646493602867, "n_estimators": 25.694340464448285}, "datetime": {"datetime": "2021-09-24 17:13:32", "elapsed": 54.823916, "delta": 0.437029}}
{"target": -43.787675040108816, "params": {"eta": 0.4146781868343184, "max_depth": 1.2551567561100812, "n_estimators": 25.88054845109504}, "datetime": {"datetime": "2021-09-24 17:13:33", "elapsed": 55.293382, "delta": 0.469466}}
{"target": -45.414527749656735, "params": {"eta": 0.4700422663112929, "max_depth": 2.1151579597558374, "n_estimators": 25.920337173837368}, "datetime": {"datetime": "2021-09-24 17:13:33", "elapsed": 55.667377, "delta": 0.373995}}
{"target": -59.28276268521646, "params": {"eta": 0.04004438785543263, "max_depth": 2.2674495804844907, "n_estimators": 25.080185966695964}, "datetime": {"datetime": "2021-09-24 17:13:33", "elapsed": 56.202376, "delta": 0.534999}}
{"target": -60.65998151965607, "params": {"eta": 0.029833539940395892, "max_depth": 27.10436331358698, "n_estimators": 38.511827778794384}, "datetime": {"datetime": "2021-09-24 17:13:34", "elapsed": 56.756377, "delta": 0.554001}}
{"target": -46.33692390040348, "params": {"eta": 0.24389748069975897, "max_depth": 48.817121865658024, "n_estimators": 61.56605463988436}, "datetime": {"datetime": "2021-09-24 17:13:35", "elapsed": 57.620282, "delta": 0.863905}}
{"target": -43.07798124614515, "params": {"eta": 0.32891498294878346, "max_depth": 1.6724539417834374, "n_estimators": 26.31554399600408}, "datetime": {"datetime": "2021-09-24 17:13:35", "elapsed": 58.190687, "delta": 0.570405}}
{"target": -44.14735492907072, "params": {"eta": 0.4420531052170235, "max_depth": 1.2433774040669592, "n_estimators": 26.430676632021573}, "datetime": {"datetime": "2021-09-24 17:13:36", "elapsed": 58.615685, "delta": 0.424998}}
{"target": -46.50472299676193, "params": {"eta": 0.18801459249633534, "max_depth": 18.037251903259524, "n_estimators": 35.91285076495493}, "datetime": {"datetime": "2021-09-24 17:13:37", "elapsed": 59.424051, "delta": 0.808366}}
{"target": -44.254049573625835, "params": {"eta": 0.2716268481601733, "max_depth": 2.140257537690622, "n_estimators": 26.38421332649433}, "datetime": {"datetime": "2021-09-24 17:13:37", "elapsed": 59.99833, "delta": 0.574279}}
{"target": -43.25732846367628, "params": {"eta": 0.35387452857973917, "max_depth": 1.4518736461564488, "n_estimators": 26.74618557535356}, "datetime": {"datetime": "2021-09-24 17:13:38", "elapsed": 60.533327, "delta": 0.534997}}
{"target": -46.107258359292395, "params": {"eta": 0.20934677627989734, "max_depth": 36.96998758441683, "n_estimators": 22.1187253165009}, "datetime": {"datetime": "2021-09-24 17:13:38", "elapsed": 61.168984, "delta": 0.635657}}
{"target": -64.77816583160171, "params": {"eta": 0.03281315409422276, "max_depth": 1.762267770817571, "n_estimators": 26.629053546995443}, "datetime": {"datetime": "2021-09-24 17:13:39", "elapsed": 61.732937, "delta": 0.563953}}
{"target": -43.75859695090387, "params": {"eta": 0.421311607991012, "max_depth": 1.2050864628871616, "n_estimators": 26.90098857411872}, "datetime": {"datetime": "2021-09-24 17:13:39", "elapsed": 62.257864, "delta": 0.524927}}
{"target": -51.01947864733244, "params": {"eta": 0.061597873732931775, "max_depth": 1.983012929267685, "n_estimators": 25.914127922246912}, "datetime": {"datetime": "2021-09-24 17:13:40", "elapsed": 62.752657, "delta": 0.494793}}
{"target": -46.34028963935106, "params": {"eta": 0.21065106303532974, "max_depth": 42.52365927968211, "n_estimators": 43.181576322349315}, "datetime": {"datetime": "2021-09-24 17:13:41", "elapsed": 63.503876, "delta": 0.751219}}
{"target": -49.35068454599022, "params": {"eta": 0.24719378100537684, "max_depth": 11.044510087063719, "n_estimators": 42.45568784789766}, "datetime": {"datetime": "2021-09-24 17:13:41", "elapsed": 64.224669, "delta": 0.720793}}
{"target": -48.259912447821826, "params": {"eta": 0.2692625623396418, "max_depth": 7.932907753287669, "n_estimators": 62.52852174274821}, "datetime": {"datetime": "2021-09-24 17:13:42", "elapsed": 64.920531, "delta": 0.695862}}
{"target": -47.59334374908218, "params": {"eta": 0.45668844658458263, "max_depth": 2.446555551930239, "n_estimators": 26.49937815623342}, "datetime": {"datetime": "2021-09-24 17:13:43", "elapsed": 65.385533, "delta": 0.465002}}
{"target": -46.66358620779855, "params": {"eta": 0.29596417450327894, "max_depth": 27.368143194966933, "n_estimators": 27.330993919042164}, "datetime": {"datetime": "2021-09-24 17:13:43", "elapsed": 66.038281, "delta": 0.652748}}
{"target": -46.688032852975944, "params": {"eta": 0.09571048320224726, "max_depth": 1.1345125951112198, "n_estimators": 26.146914459522293}, "datetime": {"datetime": "2021-09-24 17:13:44", "elapsed": 66.666049, "delta": 0.627768}}
{"target": -43.36426727753833, "params": {"eta": 0.36436823206538843, "max_depth": 1.5717205348399597, "n_estimators": 25.99040039255148}, "datetime": {"datetime": "2021-09-24 17:13:44", "elapsed": 67.104354, "delta": 0.438305}}
{"target": -47.711848438234256, "params": {"eta": 0.4547164358392779, "max_depth": 21.703852353910698, "n_estimators": 40.59025718582201}, "datetime": {"datetime": "2021-09-24 17:13:45", "elapsed": 67.98929, "delta": 0.884936}}
{"target": -44.96170347973816, "params": {"eta": 0.16005846568490553, "max_depth": 21.291824322945505, "n_estimators": 40.29813725828961}, "datetime": {"datetime": "2021-09-24 17:13:46", "elapsed": 68.792288, "delta": 0.802998}}
{"target": -43.46676107994596, "params": {"eta": 0.4103628949112984, "max_depth": 1.3861298107916808, "n_estimators": 27.295817991185885}, "datetime": {"datetime": "2021-09-24 17:13:46", "elapsed": 69.225484, "delta": 0.433196}}
{"target": -96.9478447491065, "params": {"eta": 0.01, "max_depth": 11.720922973671595, "n_estimators": 43.26177800731538}, "datetime": {"datetime": "2021-09-24 17:13:47", "elapsed": 69.842104, "delta": 0.61662}}
{"target": -49.242193637933944, "params": {"eta": 0.5, "max_depth": 3.1237820880637357, "n_estimators": 23.783067388268282}, "datetime": {"datetime": "2021-09-24 17:13:48", "elapsed": 70.511408, "delta": 0.669304}}
{"target": -51.23747792638334, "params": {"eta": 0.4701986142276072, "max_depth": 9.650997899868232, "n_estimators": 28.630813196054937}, "datetime": {"datetime": "2021-09-24 17:13:48", "elapsed": 71.075622, "delta": 0.564214}}
{"target": -44.843928487677324, "params": {"eta": 0.23458366370016745, "max_depth": 41.23062183700215, "n_estimators": 31.6371019356553}, "datetime": {"datetime": "2021-09-24 17:13:49", "elapsed": 71.714617, "delta": 0.638995}}
{"target": -46.93829067488362, "params": {"eta": 0.2424632288580763, "max_depth": 42.23079814104943, "n_estimators": 64.99852895548898}, "datetime": {"datetime": "2021-09-24 17:13:50", "elapsed": 72.569143, "delta": 0.854526}}
{"target": -45.15349510020779, "params": {"eta": 0.09866305454305643, "max_depth": 42.36695563997718, "n_estimators": 65.3436639977252}, "datetime": {"datetime": "2021-09-24 17:13:51", "elapsed": 73.528891, "delta": 0.959748}}
{"target": -44.721807035288414, "params": {"eta": 0.488398228451438, "max_depth": 1.899658144710028, "n_estimators": 26.297538735119538}, "datetime": {"datetime": "2021-09-24 17:13:51", "elapsed": 74.190018, "delta": 0.661127}}
{"target": -44.02081700375206, "params": {"eta": 0.27413602383539104, "max_depth": 1.1082985040451458, "n_estimators": 27.249050798262083}, "datetime": {"datetime": "2021-09-24 17:13:52", "elapsed": 74.63402, "delta": 0.444002}}
{"target": -44.31075005782278, "params": {"eta": 0.5, "max_depth": 1.5844656077126829, "n_estimators": 27.02170864027301}, "datetime": {"datetime": "2021-09-24 17:13:52", "elapsed": 75.210363, "delta": 0.576343}}
{"target": -44.33586114869082, "params": {"eta": 0.2297671832451812, "max_depth": 1.842458697227506, "n_estimators": 24.71667941656844}, "datetime": {"datetime": "2021-09-24 17:13:53", "elapsed": 75.734366, "delta": 0.524003}}
{"target": -45.891833656712585, "params": {"eta": 0.1183375381407132, "max_depth": 1.3756065027240871, "n_estimators": 27.535226589183367}, "datetime": {"datetime": "2021-09-24 17:13:54", "elapsed": 76.326189, "delta": 0.591823}}
{"target": -48.92474273452185, "params": {"eta": 0.4790069656458151, "max_depth": 12.332361846259625, "n_estimators": 43.48758320963921}, "datetime": {"datetime": "2021-09-24 17:13:54", "elapsed": 77.152966, "delta": 0.826777}}
{"target": -55.85171107241982, "params": {"eta": 0.04335949585087339, "max_depth": 1.38615813591333, "n_estimators": 27.121845436074377}, "datetime": {"datetime": "2021-09-24 17:13:55", "elapsed": 77.779964, "delta": 0.626998}}
{"target": -48.51691442503965, "params": {"eta": 0.36090500738510906, "max_depth": 20.634349153959043, "n_estimators": 31.746139728309295}, "datetime": {"datetime": "2021-09-24 17:13:56", "elapsed": 78.589158, "delta": 0.809194}}
{"target": -47.688518724943464, "params": {"eta": 0.4472406874728249, "max_depth": 11.821256880784624, "n_estimators": 43.09542361270336}, "datetime": {"datetime": "2021-09-24 17:13:57", "elapsed": 79.505914, "delta": 0.916756}}
{"target": -46.07016278030281, "params": {"eta": 0.3524011087875255, "max_depth": 16.042338555914192, "n_estimators": 23.403696138821303}, "datetime": {"datetime": "2021-09-24 17:13:57", "elapsed": 80.272315, "delta": 0.766401}}
{"target": -47.4106003323892, "params": {"eta": 0.25460423803943294, "max_depth": 11.669917560346015, "n_estimators": 29.428264277827978}, "datetime": {"datetime": "2021-09-24 17:13:58", "elapsed": 80.982193, "delta": 0.709878}}
{"target": -47.560051509312224, "params": {"eta": 0.11335248675731607, "max_depth": 10.845137133335998, "n_estimators": 43.03361661538114}, "datetime": {"datetime": "2021-09-24 17:13:59", "elapsed": 81.984426, "delta": 1.002233}}
{"target": -47.51563317435129, "params": {"eta": 0.13575112191795677, "max_depth": 34.90499172222438, "n_estimators": 53.04278906467972}, "datetime": {"datetime": "2021-09-24 17:14:00", "elapsed": 82.902071, "delta": 0.917645}}
{"target": -43.26514956825658, "params": {"eta": 0.34467673614849503, "max_depth": 1.1334056890968092, "n_estimators": 27.66787059978754}, "datetime": {"datetime": "2021-09-24 17:14:01", "elapsed": 83.443276, "delta": 0.541205}}
{"target": -45.64159077809269, "params": {"eta": 0.06721137489055472, "max_depth": 41.90885100795752, "n_estimators": 65.19767057583266}, "datetime": {"datetime": "2021-09-24 17:14:02", "elapsed": 84.324117, "delta": 0.880841}}
{"target": -46.10559406137108, "params": {"eta": 0.3004193384352809, "max_depth": 41.518898551665245, "n_estimators": 33.33411474243755}, "datetime": {"datetime": "2021-09-24 17:14:02", "elapsed": 85.176995, "delta": 0.852878}}
{"target": -46.29249326089271, "params": {"eta": 0.3539181285638405, "max_depth": 41.243734415695265, "n_estimators": 32.01353980791871}, "datetime": {"datetime": "2021-09-24 17:14:03", "elapsed": 86.017219, "delta": 0.840224}}
{"target": -43.78772913423696, "params": {"eta": 0.414704453035143, "max_depth": 1.3894560562703715, "n_estimators": 25.57276396863761}, "datetime": {"datetime": "2021-09-24 17:14:04", "elapsed": 86.821549, "delta": 0.80433}}
{"target": -44.480150753394106, "params": {"eta": 0.46308651503040804, "max_depth": 1.1559789509002734, "n_estimators": 25.33626417241556}, "datetime": {"datetime": "2021-09-24 17:14:05", "elapsed": 87.586568, "delta": 0.765019}}
{"target": -48.60875624463074, "params": {"eta": 0.24848502269681236, "max_depth": 41.83889211783491, "n_estimators": 64.90728663646779}, "datetime": {"datetime": "2021-09-24 17:14:06", "elapsed": 88.668577, "delta": 1.082009}}
