{"target": -44.218821188561, "params": {"eta": 0.17165515009749474, "max_depth": 1.2171663018646885, "n_estimators": 30.0229087649574}, "datetime": {"datetime": "2021-09-24 15:42:15", "elapsed": 1869.137735, "delta": 4.185213}}
{"target": -50.84289275972467, "params": {"eta": 0.6545059254844114, "max_depth": 12.318287681280635, "n_estimators": 46.55672700679782}, "datetime": {"datetime": "2021-09-24 15:42:19", "elapsed": 1873.221411, "delta": 4.083676}}
{"target": -45.82146121146984, "params": {"eta": 0.10423494538706154, "max_depth": 1.2701349166109495, "n_estimators": 29.456616948995155}, "datetime": {"datetime": "2021-09-24 15:42:28", "elapsed": 1881.976362, "delta": 8.754951}}
{"target": -48.18089429238685, "params": {"eta": 0.051073078601979044, "max_depth": 10.302664436013533, "n_estimators": 47.106457854115945}, "datetime": {"datetime": "2021-09-24 15:42:36", "elapsed": 1889.877728, "delta": 7.901366}}
{"target": -44.63531753712131, "params": {"eta": 0.37573404000948735, "max_depth": 11.487019035234264, "n_estimators": 56.69859387349327}, "datetime": {"datetime": "2021-09-24 15:42:44", "elapsed": 1898.344943, "delta": 8.467215}}
{"target": -47.23898711240381, "params": {"eta": 0.39819343562888526, "max_depth": 11.167434023679991, "n_estimators": 46.900571637794734}, "datetime": {"datetime": "2021-09-24 15:42:55", "elapsed": 1908.801041, "delta": 10.456098}}
{"target": -55.0374784684719, "params": {"eta": 0.9508136495687931, "max_depth": 6.091309906372279, "n_estimators": 64.2431319028762}, "datetime": {"datetime": "2021-09-24 15:43:09", "elapsed": 1923.4989, "delta": 14.697859}}
{"target": -85.46957288469586, "params": {"eta": 0.009114992688755593, "max_depth": 7.2695617333350295, "n_estimators": 64.13142459958725}, "datetime": {"datetime": "2021-09-24 15:43:22", "elapsed": 1936.141475, "delta": 12.642575}}
{"target": -47.50762514960497, "params": {"eta": 0.4537529097931322, "max_depth": 24.702287981183208, "n_estimators": 26.11663338021584}, "datetime": {"datetime": "2021-09-24 15:43:26", "elapsed": 1940.118507, "delta": 3.977032}}
{"target": -48.334714645729925, "params": {"eta": 0.34828516437586726, "max_depth": 13.05375864249829, "n_estimators": 77.67162006596456}, "datetime": {"datetime": "2021-09-24 15:43:30", "elapsed": 1944.44328, "delta": 4.324773}}
{"target": -47.8769069184038, "params": {"eta": 0.31938790357930136, "max_depth": 12.202020938816931, "n_estimators": 56.42787660450813}, "datetime": {"datetime": "2021-09-24 15:43:41", "elapsed": 1955.167322, "delta": 10.724042}}
{"target": -47.591922899834195, "params": {"eta": 1.0, "max_depth": 1.0, "n_estimators": 67.08626849507165}, "datetime": {"datetime": "2021-09-24 15:43:53", "elapsed": 1967.065596, "delta": 11.898274}}
{"target": -47.90855547539274, "params": {"eta": 0.9818083841706894, "max_depth": 1.3191966506491708, "n_estimators": 63.75310899437365}, "datetime": {"datetime": "2021-09-24 15:44:04", "elapsed": 1977.990219, "delta": 10.924623}}
{"target": -45.23087459937074, "params": {"eta": 0.9755837585333503, "max_depth": 1.0634895987412927, "n_estimators": 23.092931697529586}, "datetime": {"datetime": "2021-09-24 15:44:19", "elapsed": 1993.220335, "delta": 15.230116}}
{"target": -49.998348121356244, "params": {"eta": 0.5895015746635294, "max_depth": 15.446480185130655, "n_estimators": 7.612333344763579}, "datetime": {"datetime": "2021-09-24 15:44:36", "elapsed": 2009.793066, "delta": 16.572731}}
{"target": -46.45825966856533, "params": {"eta": 0.35601028974855864, "max_depth": 20.17091594815831, "n_estimators": 81.04885079144337}, "datetime": {"datetime": "2021-09-24 15:44:43", "elapsed": 2017.577138, "delta": 7.784072}}
{"target": -58.475193353523885, "params": {"eta": 0.9847753158015121, "max_depth": 12.351761612473055, "n_estimators": 56.41197766636955}, "datetime": {"datetime": "2021-09-24 15:44:48", "elapsed": 2022.66623, "delta": 5.089092}}
{"target": -45.643984629695574, "params": {"eta": 0.08115234253320419, "max_depth": 12.534669516266842, "n_estimators": 82.9121750220696}, "datetime": {"datetime": "2021-09-24 15:44:54", "elapsed": 2027.925137, "delta": 5.258907}}
{"target": -48.20994025782535, "params": {"eta": 0.5616296257479209, "max_depth": 7.959787175339229, "n_estimators": 52.45463574485222}, "datetime": {"datetime": "2021-09-24 15:44:59", "elapsed": 2032.757896, "delta": 4.832759}}
{"target": -43.728098819130345, "params": {"eta": 0.24056434828412426, "max_depth": 11.245962176821493, "n_estimators": 47.521327402154135}, "datetime": {"datetime": "2021-09-24 15:45:09", "elapsed": 2042.956728, "delta": 10.198832}}
{"target": -46.351577127786506, "params": {"eta": 0.21617985584697483, "max_depth": 19.25087055117092, "n_estimators": 20.143719951535616}, "datetime": {"datetime": "2021-09-24 15:45:13", "elapsed": 2047.183481, "delta": 4.226753}}
{"target": -55.23768487371, "params": {"eta": 0.7514891248092364, "max_depth": 11.655798593676295, "n_estimators": 47.1883542730714}, "datetime": {"datetime": "2021-09-24 15:45:25", "elapsed": 2059.500522, "delta": 12.317041}}
{"target": -54.066736683809665, "params": {"eta": 0.9340861889464681, "max_depth": 5.230146194977799, "n_estimators": 63.769088530281806}, "datetime": {"datetime": "2021-09-24 15:45:32", "elapsed": 2066.614814, "delta": 7.114292}}
{"target": -54.77807714706077, "params": {"eta": 0.8247760066780743, "max_depth": 9.479535905469753, "n_estimators": 58.84971947916543}, "datetime": {"datetime": "2021-09-24 15:45:36", "elapsed": 2070.114614, "delta": 3.4998}}
{"target": -60.93071849005563, "params": {"eta": 0.9499414084928983, "max_depth": 5.503834339123351, "n_estimators": 27.763967900587687}, "datetime": {"datetime": "2021-09-24 15:45:39", "elapsed": 2073.241713, "delta": 3.127099}}
{"target": -110.72645098463933, "params": {"eta": 0.23765990211615828, "max_depth": 3.8812979737686324, "n_estimators": 1.0113231069171438}, "datetime": {"datetime": "2021-09-24 16:04:25", "elapsed": 0.0, "delta": 0.0}}
{"target": -48.142340294400555, "params": {"eta": 0.1860496576843279, "max_depth": 1.5870235632684522, "n_estimators": 10.141520882110981}, "datetime": {"datetime": "2021-09-24 16:04:25", "elapsed": 0.033006, "delta": 0.033006}}
{"target": -43.52357408337127, "params": {"eta": 0.1338170951199519, "max_depth": 2.382242908172191, "n_estimators": 40.27997994883632}, "datetime": {"datetime": "2021-09-24 16:04:25", "elapsed": 0.104005, "delta": 0.070999}}
{"target": -47.375888437256776, "params": {"eta": 0.2924675303015106, "max_depth": 2.676778057613179, "n_estimators": 68.83673053927919}, "datetime": {"datetime": "2021-09-24 16:04:25", "elapsed": 0.202005, "delta": 0.098}}
{"target": -93.56808584973328, "params": {"eta": 0.14200351237918285, "max_depth": 4.512469745563782, "n_estimators": 3.71137172659469}, "datetime": {"datetime": "2021-09-24 16:04:25", "elapsed": 0.230006, "delta": 0.028001}}
{"target": -44.22122757416919, "params": {"eta": 0.1771543868640425, "max_depth": 2.461721242050595, "n_estimators": 48.034490266206305}, "datetime": {"datetime": "2021-09-24 16:04:25", "elapsed": 0.577, "delta": 0.346994}}
{"target": -54.55602126731012, "params": {"eta": 0.05963476618260954, "max_depth": 2.227525448899494, "n_estimators": 20.74339444643472}, "datetime": {"datetime": "2021-09-24 16:04:26", "elapsed": 1.059176, "delta": 0.482176}}
{"target": -47.57623319697559, "params": {"eta": 0.5, "max_depth": 5.0, "n_estimators": 58.5901969548034}, "datetime": {"datetime": "2021-09-24 16:04:26", "elapsed": 1.521436, "delta": 0.46226}}
{"target": -47.595365108403946, "params": {"eta": 0.5, "max_depth": 5.0, "n_estimators": 82.4281796756581}, "datetime": {"datetime": "2021-09-24 16:04:27", "elapsed": 2.026997, "delta": 0.505561}}
{"target": -44.613474049962555, "params": {"eta": 0.05, "max_depth": 1.0, "n_estimators": 95.07903815734832}, "datetime": {"datetime": "2021-09-24 16:04:27", "elapsed": 2.361995, "delta": 0.334998}}
{"target": -47.3135448255037, "params": {"eta": 0.5, "max_depth": 5.0, "n_estimators": 31.59717807950003}, "datetime": {"datetime": "2021-09-24 16:04:27", "elapsed": 2.757996, "delta": 0.396001}}
{"target": -47.595663457884825, "params": {"eta": 0.5, "max_depth": 5.0, "n_estimators": 100.0}, "datetime": {"datetime": "2021-09-24 16:04:28", "elapsed": 3.344853, "delta": 0.586857}}
{"target": -46.57723253293145, "params": {"eta": 0.05, "max_depth": 5.0, "n_estimators": 90.20467729650231}, "datetime": {"datetime": "2021-09-24 16:04:29", "elapsed": 3.910495, "delta": 0.565642}}
{"target": -45.2858107143775, "params": {"eta": 0.05, "max_depth": 1.0, "n_estimators": 76.54165531976619}, "datetime": {"datetime": "2021-09-24 16:04:29", "elapsed": 4.189333, "delta": 0.278838}}
{"target": -46.306584064225504, "params": {"eta": 0.5, "max_depth": 5.0, "n_estimators": 14.321128184898491}, "datetime": {"datetime": "2021-09-24 16:04:29", "elapsed": 4.438328, "delta": 0.248995}}
{"target": -45.22470130059952, "params": {"eta": 0.5, "max_depth": 1.0, "n_estimators": 86.14817979850363}, "datetime": {"datetime": "2021-09-24 16:04:29", "elapsed": 4.721335, "delta": 0.283007}}
{"target": -43.23137859832075, "params": {"eta": 0.16192223844695675, "max_depth": 1.0227256297556475, "n_estimators": 55.83389199939246}, "datetime": {"datetime": "2021-09-24 16:04:30", "elapsed": 5.050984, "delta": 0.329649}}
{"target": -43.52033893327068, "params": {"eta": 0.2057010765835875, "max_depth": 1.0338842104504868, "n_estimators": 34.54721270301786}, "datetime": {"datetime": "2021-09-24 16:04:30", "elapsed": 5.286989, "delta": 0.236005}}
{"target": -45.999510456744886, "params": {"eta": 0.05, "max_depth": 1.0, "n_estimators": 62.54548957308113}, "datetime": {"datetime": "2021-09-24 16:04:30", "elapsed": 5.560987, "delta": 0.273998}}
{"target": -49.303266539609524, "params": {"eta": 0.05, "max_depth": 5.0, "n_estimators": 37.48510127607767}, "datetime": {"datetime": "2021-09-24 16:04:31", "elapsed": 5.928124, "delta": 0.367137}}
{"target": -47.58719612064218, "params": {"eta": 0.5, "max_depth": 5.0, "n_estimators": 74.5199252237909}, "datetime": {"datetime": "2021-09-24 16:04:31", "elapsed": 6.336123, "delta": 0.407999}}
{"target": -44.59411506366013, "params": {"eta": 0.5, "max_depth": 1.0, "n_estimators": 14.431176570969317}, "datetime": {"datetime": "2021-09-24 16:04:31", "elapsed": 6.585123, "delta": 0.249}}
{"target": -42.9335409465589, "params": {"eta": 0.30088673371373914, "max_depth": 1.0348912627708424, "n_estimators": 44.23684588562384}, "datetime": {"datetime": "2021-09-24 16:04:32", "elapsed": 6.874123, "delta": 0.289}}
{"target": -43.24516927389274, "params": {"eta": 0.28321853352004744, "max_depth": 1.1333551138531863, "n_estimators": 99.99233946019191}, "datetime": {"datetime": "2021-09-24 16:04:32", "elapsed": 7.221121, "delta": 0.346998}}
{"target": -47.3541961612558, "params": {"eta": 0.21215498534587102, "max_depth": 4.9842199806866265, "n_estimators": 52.36628600140556}, "datetime": {"datetime": "2021-09-24 16:04:32", "elapsed": 7.596131, "delta": 0.37501}}
{"target": -44.00984174685371, "params": {"eta": 0.5, "max_depth": 1.0, "n_estimators": 29.20850866107662}, "datetime": {"datetime": "2021-09-24 16:04:33", "elapsed": 7.917125, "delta": 0.320994}}
{"target": -43.61817914919746, "params": {"eta": 0.44295284414624675, "max_depth": 1.0563922143060624, "n_estimators": 51.34618434219316}, "datetime": {"datetime": "2021-09-24 16:04:33", "elapsed": 8.26752, "delta": 0.350395}}
{"target": -47.54141490620778, "params": {"eta": 0.5, "max_depth": 5.0, "n_estimators": 44.18802469585265}, "datetime": {"datetime": "2021-09-24 16:04:33", "elapsed": 8.622521, "delta": 0.355001}}
{"target": -43.92392188624332, "params": {"eta": 0.5, "max_depth": 1.0, "n_estimators": 38.91503451164795}, "datetime": {"datetime": "2021-09-24 16:04:34", "elapsed": 8.97852, "delta": 0.355999}}
{"target": -43.0495729087887, "params": {"eta": 0.19510913998661528, "max_depth": 1.0247484961242206, "n_estimators": 81.21778944040811}, "datetime": {"datetime": "2021-09-24 16:04:34", "elapsed": 9.314084, "delta": 0.335564}}
{"target": -46.1175009074964, "params": {"eta": 0.05, "max_depth": 5.0, "n_estimators": 65.1507366031762}, "datetime": {"datetime": "2021-09-24 16:04:34", "elapsed": 9.760085, "delta": 0.446001}}
{"target": -43.365709519924074, "params": {"eta": 0.3372404494745752, "max_depth": 1.0393193877498752, "n_estimators": 91.01031968016925}, "datetime": {"datetime": "2021-09-24 16:04:35", "elapsed": 10.147452, "delta": 0.387367}}
{"target": -50.708288321817726, "params": {"eta": 0.05, "max_depth": 1.0, "n_estimators": 31.63211824406988}, "datetime": {"datetime": "2021-09-24 16:04:35", "elapsed": 10.526451, "delta": 0.378999}}
{"target": -47.25295736556663, "params": {"eta": 0.5, "max_depth": 5.0, "n_estimators": 26.14516922366618}, "datetime": {"datetime": "2021-09-24 16:04:36", "elapsed": 10.860894, "delta": 0.334443}}
{"target": -44.18146354273746, "params": {"eta": 0.5, "max_depth": 1.0, "n_estimators": 25.702917131394653}, "datetime": {"datetime": "2021-09-24 16:04:36", "elapsed": 11.176529, "delta": 0.315635}}
{"target": -47.593752007735404, "params": {"eta": 0.5, "max_depth": 5.0, "n_estimators": 94.86454968001411}, "datetime": {"datetime": "2021-09-24 16:04:36", "elapsed": 11.718528, "delta": 0.541999}}
{"target": -46.34382508930407, "params": {"eta": 0.05, "max_depth": 5.0, "n_estimators": 78.5054782254414}, "datetime": {"datetime": "2021-09-24 16:04:37", "elapsed": 12.198798, "delta": 0.48027}}
{"target": -44.48213584440991, "params": {"eta": 0.5, "max_depth": 1.0, "n_estimators": 58.979445216851545}, "datetime": {"datetime": "2021-09-24 16:04:37", "elapsed": 12.567794, "delta": 0.368996}}
{"target": -43.30336532019135, "params": {"eta": 0.3447288064348134, "max_depth": 1.1149559220589809, "n_estimators": 72.19497876385364}, "datetime": {"datetime": "2021-09-24 16:04:38", "elapsed": 13.109469, "delta": 0.541675}}
{"target": -44.917457322428994, "params": {"eta": 0.23205482656530013, "max_depth": 4.754541102264987, "n_estimators": 11.299866714755941}, "datetime": {"datetime": "2021-09-24 16:04:38", "elapsed": 13.468289, "delta": 0.35882}}
{"target": -47.3097316483806, "params": {"eta": 0.5, "max_depth": 2.762043762948981, "n_estimators": 27.900453624817125}, "datetime": {"datetime": "2021-09-24 16:04:39", "elapsed": 13.921972, "delta": 0.453683}}
{"target": -42.94568043185356, "params": {"eta": 0.24933681803635066, "max_depth": 1.0206633566958865, "n_estimators": 66.75382081133341}, "datetime": {"datetime": "2021-09-24 16:04:39", "elapsed": 14.280292, "delta": 0.35832}}
{"target": -44.25854887998194, "params": {"eta": 0.5, "max_depth": 1.0, "n_estimators": 47.379754746218985}, "datetime": {"datetime": "2021-09-24 16:04:39", "elapsed": 14.610294, "delta": 0.330002}}
{"target": -78.80564920525802, "params": {"eta": 0.05, "max_depth": 2.6335273195085294, "n_estimators": 12.735459026846202}, "datetime": {"datetime": "2021-09-24 16:04:40", "elapsed": 15.000295, "delta": 0.390001}}
{"target": -44.80798276743494, "params": {"eta": 0.5, "max_depth": 1.0, "n_estimators": 16.967811195334097}, "datetime": {"datetime": "2021-09-24 16:04:40", "elapsed": 15.36851, "delta": 0.368215}}
{"target": -45.61386320644751, "params": {"eta": 0.5, "max_depth": 5.0, "n_estimators": 8.821174554399327}, "datetime": {"datetime": "2021-09-24 16:04:40", "elapsed": 15.690511, "delta": 0.322001}}
{"target": -46.49499580555393, "params": {"eta": 0.05, "max_depth": 5.0, "n_estimators": 86.40094443270966}, "datetime": {"datetime": "2021-09-24 16:04:41", "elapsed": 16.238498, "delta": 0.547987}}
{"target": -46.31891439911118, "params": {"eta": 0.5, "max_depth": 5.0, "n_estimators": 17.559638077722074}, "datetime": {"datetime": "2021-09-24 16:04:41", "elapsed": 16.658501, "delta": 0.420003}}
{"target": -49.71689066492525, "params": {"eta": 0.2918780298588405, "max_depth": 4.847787064050388, "n_estimators": 61.96375673251614}, "datetime": {"datetime": "2021-09-24 16:04:42", "elapsed": 17.147143, "delta": 0.488642}}
{"target": -70.3056360689321, "params": {"eta": 0.10162615602116618, "max_depth": 1.0152579231098953, "n_estimators": 7.714813423157373}, "datetime": {"datetime": "2021-09-24 16:04:42", "elapsed": 17.506444, "delta": 0.359301}}
{"target": -51.4480384884024, "params": {"eta": 0.4528344552611964, "max_depth": 4.088578581377787, "n_estimators": 55.5936304176936}, "datetime": {"datetime": "2021-09-24 16:04:43", "elapsed": 18.015495, "delta": 0.509051}}
{"target": -48.41730226789202, "params": {"eta": 0.38789363784691505, "max_depth": 2.7742027894710826, "n_estimators": 97.55872022237325}, "datetime": {"datetime": "2021-09-24 16:04:43", "elapsed": 18.477495, "delta": 0.462}}
{"target": -44.292995223425386, "params": {"eta": 0.14241460560202246, "max_depth": 4.954711650989019, "n_estimators": 71.20874809491042}, "datetime": {"datetime": "2021-09-24 16:04:44", "elapsed": 18.982496, "delta": 0.505001}}
{"target": -47.72972144220108, "params": {"eta": 0.46740816217642894, "max_depth": 4.991485415926892, "n_estimators": 48.67754978713353}, "datetime": {"datetime": "2021-09-24 16:04:44", "elapsed": 19.443907, "delta": 0.461411}}
{"target": -50.119414523131866, "params": {"eta": 0.450639916929315, "max_depth": 2.3284070271958783, "n_estimators": 88.67746808874739}, "datetime": {"datetime": "2021-09-24 16:04:45", "elapsed": 19.917547, "delta": 0.47364}}
{"target": -49.14724375878958, "params": {"eta": 0.49547899356380776, "max_depth": 2.0334363653977463, "n_estimators": 83.6836349125529}, "datetime": {"datetime": "2021-09-24 16:04:45", "elapsed": 20.387657, "delta": 0.47011}}
{"target": -50.51481765374205, "params": {"eta": 0.5, "max_depth": 2.9105304669041328, "n_estimators": 92.76898565234367}, "datetime": {"datetime": "2021-09-24 16:04:46", "elapsed": 20.873713, "delta": 0.486056}}
{"target": -47.95335933140346, "params": {"eta": 0.4921000211019213, "max_depth": 2.3656147433069337, "n_estimators": 79.2237697026211}, "datetime": {"datetime": "2021-09-24 16:04:46", "elapsed": 21.322601, "delta": 0.448888}}
{"target": -45.189988616713904, "params": {"eta": 0.5, "max_depth": 3.8658383823153453, "n_estimators": 34.58048952857986}, "datetime": {"datetime": "2021-09-24 16:04:46", "elapsed": 21.721599, "delta": 0.398998}}
{"target": -47.6166040520919, "params": {"eta": 0.5, "max_depth": 5.0, "n_estimators": 41.05691112129378}, "datetime": {"datetime": "2021-09-24 16:04:47", "elapsed": 22.169691, "delta": 0.448092}}
{"target": -49.45480277843045, "params": {"eta": 0.4337724211952626, "max_depth": 4.89276367856597, "n_estimators": 22.714923498470952}, "datetime": {"datetime": "2021-09-24 16:04:47", "elapsed": 22.627692, "delta": 0.458001}}
{"target": -43.091808921412415, "params": {"eta": 0.4086829293000939, "max_depth": 1.0089719230246783, "n_estimators": 41.51219722403997}, "datetime": {"datetime": "2021-09-24 16:04:48", "elapsed": 23.022694, "delta": 0.395002}}
{"target": -49.99349449989491, "params": {"eta": 0.5, "max_depth": 2.3992607440150104, "n_estimators": 64.84878432490889}, "datetime": {"datetime": "2021-09-24 16:04:48", "elapsed": 23.539341, "delta": 0.516647}}
{"target": -43.49445343017578, "params": {"eta": 0.05, "max_depth": 2.3306623388108347, "n_estimators": 74.17914146300056}, "datetime": {"datetime": "2021-09-24 16:04:49", "elapsed": 24.115812, "delta": 0.576471}}
{"target": -46.13485617386667, "params": {"eta": 0.05, "max_depth": 5.0, "n_estimators": 67.99604684461262}, "datetime": {"datetime": "2021-09-24 16:04:49", "elapsed": 24.67181, "delta": 0.555998}}
{"target": -46.63299692483773, "params": {"eta": 0.05, "max_depth": 1.0, "n_estimators": 53.56361981342078}, "datetime": {"datetime": "2021-09-24 16:04:50", "elapsed": 25.172939, "delta": 0.501129}}
{"target": -47.7944701918982, "params": {"eta": 0.5, "max_depth": 2.020655131915608, "n_estimators": 36.65348482002108}, "datetime": {"datetime": "2021-09-24 16:04:50", "elapsed": 25.520184, "delta": 0.347245}}
{"target": -43.63779587136175, "params": {"eta": 0.21389480935050226, "max_depth": 2.912132577454131, "n_estimators": 45.627018212909896}, "datetime": {"datetime": "2021-09-24 16:04:51", "elapsed": 25.986648, "delta": 0.466464}}
{"target": -44.80761477821752, "params": {"eta": 0.059283326497870055, "max_depth": 2.885122526341076, "n_estimators": 42.682045359869306}, "datetime": {"datetime": "2021-09-24 16:04:51", "elapsed": 26.42465, "delta": 0.438002}}
{"target": -45.015260739434034, "params": {"eta": 0.05, "max_depth": 3.073069928991691, "n_estimators": 50.648351911022154}, "datetime": {"datetime": "2021-09-24 16:04:52", "elapsed": 26.936652, "delta": 0.512002}}
{"target": -44.83911971759079, "params": {"eta": 0.5, "max_depth": 1.0, "n_estimators": 69.77156523287147}, "datetime": {"datetime": "2021-09-24 16:04:52", "elapsed": 27.365968, "delta": 0.429316}}
{"target": -43.07071049052074, "params": {"eta": 0.3713638022669138, "max_depth": 1.080241265359028, "n_estimators": 23.51175137451526}, "datetime": {"datetime": "2021-09-24 16:04:52", "elapsed": 27.761968, "delta": 0.396}}
{"target": -50.90646333622753, "params": {"eta": 0.05819192780829255, "max_depth": 2.950852239802663, "n_estimators": 24.705015383597427}, "datetime": {"datetime": "2021-09-24 16:04:53", "elapsed": 28.112751, "delta": 0.350783}}
{"target": -53.40718207681986, "params": {"eta": 0.05, "max_depth": 5.0, "n_estimators": 28.95117558288216}, "datetime": {"datetime": "2021-09-24 16:04:53", "elapsed": 28.631751, "delta": 0.519}}
{"target": -46.718821547085184, "params": {"eta": 0.5, "max_depth": 3.1276048773974314, "n_estimators": 72.10183891628476}, "datetime": {"datetime": "2021-09-24 16:04:54", "elapsed": 29.177029, "delta": 0.545278}}
{"target": -43.322907239870915, "params": {"eta": 0.10696961750283718, "max_depth": 2.8351578293096193, "n_estimators": 60.24782648543881}, "datetime": {"datetime": "2021-09-24 16:04:54", "elapsed": 29.67723, "delta": 0.500201}}
