{"target": -45.74452493423806, "params": {"eta": 0.16865240936730608, "max_depth": 11.40016467581648, "n_estimators": 16.168861576294162}, "datetime": {"datetime": "2021-09-24 16:12:18", "elapsed": 35.156627, "delta": 0.649941}}
{"target": -53.02552580295649, "params": {"eta": 0.5, "max_depth": 12.501860384977995, "n_estimators": 14.444100818202068}, "datetime": {"datetime": "2021-09-24 16:12:19", "elapsed": 36.188209, "delta": 1.031582}}
{"target": -50.384725871839024, "params": {"eta": 0.11104655573895861, "max_depth": 10.81173276048047, "n_estimators": 18.260781079338237}, "datetime": {"datetime": "2021-09-24 16:12:20", "elapsed": 36.869216, "delta": 0.681007}}
{"target": -48.62014159582611, "params": {"eta": 0.13167044230333091, "max_depth": 13.382929503354763, "n_estimators": 17.62984467625583}, "datetime": {"datetime": "2021-09-24 16:12:21", "elapsed": 37.504169, "delta": 0.634953}}
{"target": -53.041689908594115, "params": {"eta": 0.5, "max_depth": 12.861256838251338, "n_estimators": 19.911892085770152}, "datetime": {"datetime": "2021-09-24 16:12:21", "elapsed": 38.227032, "delta": 0.722863}}
{"target": -71.9415994658506, "params": {"eta": 0.05004852173789121, "max_depth": 15.146892236688315, "n_estimators": 16.036563765594973}, "datetime": {"datetime": "2021-09-24 16:12:22", "elapsed": 38.826706, "delta": 0.599674}}
{"target": -49.796974827472425, "params": {"eta": 0.5, "max_depth": 2.788766496345423, "n_estimators": 56.41449955455673}, "datetime": {"datetime": "2021-09-24 16:12:23", "elapsed": 39.901191, "delta": 1.074485}}
{"target": -58.82575713422962, "params": {"eta": 0.018052736179085357, "max_depth": 1.5899057032671822, "n_estimators": 58.34024712551443}, "datetime": {"datetime": "2021-09-24 16:12:24", "elapsed": 40.624188, "delta": 0.722997}}
{"target": -51.61915282199257, "params": {"eta": 0.5, "max_depth": 3.51795602279248, "n_estimators": 54.16023332838516}, "datetime": {"datetime": "2021-09-24 16:12:24", "elapsed": 41.310014, "delta": 0.685826}}
{"target": -45.05596906618965, "params": {"eta": 0.5, "max_depth": 1.016396587037814, "n_estimators": 54.684997472194496}, "datetime": {"datetime": "2021-09-24 16:12:25", "elapsed": 41.794618, "delta": 0.484604}}
{"target": -45.14377889418064, "params": {"eta": 0.5, "max_depth": 1.1978280312993221, "n_estimators": 52.75522078027107}, "datetime": {"datetime": "2021-09-24 16:12:26", "elapsed": 42.606617, "delta": 0.811999}}
{"target": -87.18570603105358, "params": {"eta": 0.01, "max_depth": 2.7789881057649217, "n_estimators": 51.57939480723053}, "datetime": {"datetime": "2021-09-24 16:12:26", "elapsed": 43.193624, "delta": 0.587007}}
{"target": -78.63142086688737, "params": {"eta": 0.01, "max_depth": 13.230759169742283, "n_estimators": 68.47945037656801}, "datetime": {"datetime": "2021-09-24 16:12:27", "elapsed": 43.971965, "delta": 0.778341}}
{"target": -49.7029213009024, "params": {"eta": 0.16021630921584176, "max_depth": 8.755358169234833, "n_estimators": 11.76926500377335}, "datetime": {"datetime": "2021-09-24 16:12:28", "elapsed": 44.481968, "delta": 0.510003}}
{"target": -59.6641210685099, "params": {"eta": 0.10412173704408563, "max_depth": 11.361934781204326, "n_estimators": 11.475213876050265}, "datetime": {"datetime": "2021-09-24 16:12:28", "elapsed": 44.961575, "delta": 0.479607}}
{"target": -63.723955097055075, "params": {"eta": 0.09145761483397147, "max_depth": 19.904921811127792, "n_estimators": 11.016495504910404}, "datetime": {"datetime": "2021-09-24 16:12:29", "elapsed": 45.74072, "delta": 0.779145}}
{"target": -45.937720406324345, "params": {"eta": 0.23906637038647602, "max_depth": 12.153800624373119, "n_estimators": 60.78752816683591}, "datetime": {"datetime": "2021-09-24 16:12:30", "elapsed": 46.633807, "delta": 0.893087}}
{"target": -46.52922562907513, "params": {"eta": 0.16890016506741387, "max_depth": 9.110349686135978, "n_estimators": 69.47347458111537}, "datetime": {"datetime": "2021-09-24 16:12:30", "elapsed": 47.367626, "delta": 0.733819}}
{"target": -48.9783704944123, "params": {"eta": 0.17939198486524138, "max_depth": 8.89917959436526, "n_estimators": 71.38492564559007}, "datetime": {"datetime": "2021-09-24 16:12:31", "elapsed": 48.33952, "delta": 0.971894}}
{"target": -48.427335868204445, "params": {"eta": 0.09868757450856255, "max_depth": 6.952928354769402, "n_estimators": 70.16737950058405}, "datetime": {"datetime": "2021-09-24 16:12:32", "elapsed": 48.99652, "delta": 0.657}}
{"target": -47.45913851171508, "params": {"eta": 0.5, "max_depth": 6.81302057724822, "n_estimators": 72.31652853300982}, "datetime": {"datetime": "2021-09-24 16:12:33", "elapsed": 49.937955, "delta": 0.941435}}
{"target": -50.116043348957724, "params": {"eta": 0.29040068988988077, "max_depth": 4.9872011254948685, "n_estimators": 71.40522224958474}, "datetime": {"datetime": "2021-09-24 16:12:34", "elapsed": 50.536956, "delta": 0.599001}}
{"target": -74.55547968068517, "params": {"eta": 0.01, "max_depth": 5.321544793880208, "n_estimators": 73.79653037582531}, "datetime": {"datetime": "2021-09-24 16:12:34", "elapsed": 51.12223, "delta": 0.585274}}
{"target": -49.84979815949175, "params": {"eta": 0.38628584699299673, "max_depth": 4.51877724825336, "n_estimators": 69.18159028290685}, "datetime": {"datetime": "2021-09-24 16:12:35", "elapsed": 51.656226, "delta": 0.533996}}
{"target": -49.861179695989854, "params": {"eta": 0.45339651473553216, "max_depth": 10.68709024663308, "n_estimators": 70.62819951511689}, "datetime": {"datetime": "2021-09-24 16:12:36", "elapsed": 52.575189, "delta": 0.918963}}
{"target": -50.88906458804482, "params": {"eta": 0.5, "max_depth": 8.822260174365745, "n_estimators": 73.5184012891577}, "datetime": {"datetime": "2021-09-24 16:12:36", "elapsed": 53.375735, "delta": 0.800546}}
{"target": -47.26915069809534, "params": {"eta": 0.13044052254589275, "max_depth": 11.004591194446641, "n_estimators": 73.12584589820139}, "datetime": {"datetime": "2021-09-24 16:12:37", "elapsed": 54.292632, "delta": 0.916897}}
{"target": -49.72510772360895, "params": {"eta": 0.5, "max_depth": 10.88857282204007, "n_estimators": 75.15243182578993}, "datetime": {"datetime": "2021-09-24 16:12:38", "elapsed": 55.267603, "delta": 0.974971}}
{"target": -49.01462400049195, "params": {"eta": 0.47413184604874675, "max_depth": 12.952446876352347, "n_estimators": 74.06945169235571}, "datetime": {"datetime": "2021-09-24 16:12:39", "elapsed": 56.202603, "delta": 0.935}}
{"target": -74.43085973065598, "params": {"eta": 0.01, "max_depth": 12.938739635461815, "n_estimators": 76.29200469154246}, "datetime": {"datetime": "2021-09-24 16:12:41", "elapsed": 57.586699, "delta": 1.384096}}
{"target": -47.86508290570482, "params": {"eta": 0.17647601991122897, "max_depth": 12.711332926687007, "n_estimators": 71.92521356391438}, "datetime": {"datetime": "2021-09-24 16:12:42", "elapsed": 58.802313, "delta": 1.215614}}
{"target": -46.60975962473934, "params": {"eta": 0.1875145683808603, "max_depth": 14.68605826995396, "n_estimators": 72.4240517693676}, "datetime": {"datetime": "2021-09-24 16:12:43", "elapsed": 60.439539, "delta": 1.637226}}
{"target": -50.01316274198374, "params": {"eta": 0.4648820371657015, "max_depth": 16.495819659498142, "n_estimators": 73.50411427833097}, "datetime": {"datetime": "2021-09-24 16:12:44", "elapsed": 61.256392, "delta": 0.816853}}
{"target": -51.65540829995521, "params": {"eta": 0.5, "max_depth": 16.458686391324072, "n_estimators": 71.30611376080266}, "datetime": {"datetime": "2021-09-24 16:12:45", "elapsed": 62.257982, "delta": 1.00159}}
{"target": -45.79693589174658, "params": {"eta": 0.28048658565546414, "max_depth": 2.6718161408757224, "n_estimators": 70.48025711832551}, "datetime": {"datetime": "2021-09-24 16:12:46", "elapsed": 63.147858, "delta": 0.889876}}
{"target": -74.56167611143643, "params": {"eta": 0.01, "max_depth": 2.1787243583621234, "n_estimators": 68.63651392249807}, "datetime": {"datetime": "2021-09-24 16:12:47", "elapsed": 63.788056, "delta": 0.640198}}
{"target": -44.262475666246914, "params": {"eta": 0.11416568937499615, "max_depth": 2.078763980063637, "n_estimators": 72.00066728011561}, "datetime": {"datetime": "2021-09-24 16:12:48", "elapsed": 64.730313, "delta": 0.942257}}
{"target": -43.77580117820797, "params": {"eta": 0.14793991177021729, "max_depth": 1.171875090335468, "n_estimators": 73.55887654830468}, "datetime": {"datetime": "2021-09-24 16:12:49", "elapsed": 65.492041, "delta": 0.761728}}
{"target": -44.98124290408945, "params": {"eta": 0.4241961620255819, "max_depth": 1.5016645513501778, "n_estimators": 75.24199748601396}, "datetime": {"datetime": "2021-09-24 16:12:49", "elapsed": 66.244743, "delta": 0.752702}}
{"target": -69.02073021221878, "params": {"eta": 0.01, "max_depth": 1.0, "n_estimators": 77.10180653886756}, "datetime": {"datetime": "2021-09-24 16:12:50", "elapsed": 67.079381, "delta": 0.834638}}
{"target": -44.53316033155398, "params": {"eta": 0.16689950513049073, "max_depth": 2.627020663223253, "n_estimators": 74.31574135349297}, "datetime": {"datetime": "2021-09-24 16:12:51", "elapsed": 67.888367, "delta": 0.808986}}
{"target": -98.23901277556455, "params": {"eta": 0.011459362737649189, "max_depth": 7.026198558058432, "n_estimators": 36.62274060254308}, "datetime": {"datetime": "2021-09-24 16:12:52", "elapsed": 68.73989, "delta": 0.851523}}
{"target": -44.470461852568434, "params": {"eta": 0.2570119885967101, "max_depth": 2.4361059516091066, "n_estimators": 20.222213729490708}, "datetime": {"datetime": "2021-09-24 16:12:53", "elapsed": 69.567675, "delta": 0.827785}}
{"target": -44.18835294336304, "params": {"eta": 0.04182262146150391, "max_depth": 2.241045049521764, "n_estimators": 73.41218066683301}, "datetime": {"datetime": "2021-09-24 16:12:53", "elapsed": 70.272335, "delta": 0.70466}}
{"target": -47.94900171380294, "params": {"eta": 0.21313529931194966, "max_depth": 9.995081524201236, "n_estimators": 40.5040497240431}, "datetime": {"datetime": "2021-09-24 16:12:55", "elapsed": 71.51436, "delta": 1.242025}}
{"target": -49.416280287549014, "params": {"eta": 0.2632563629892229, "max_depth": 3.401127278476383, "n_estimators": 71.61821477170643}, "datetime": {"datetime": "2021-09-24 16:12:55", "elapsed": 72.175327, "delta": 0.660967}}
{"target": -43.705640520368306, "params": {"eta": 0.21379993555369547, "max_depth": 1.7092568730688136, "n_estimators": 53.91074660010504}, "datetime": {"datetime": "2021-09-24 16:12:56", "elapsed": 73.093172, "delta": 0.917845}}
{"target": -47.101422388750805, "params": {"eta": 0.455175490268656, "max_depth": 2.140288468425778, "n_estimators": 18.25152528354865}, "datetime": {"datetime": "2021-09-24 16:12:57", "elapsed": 73.863301, "delta": 0.770129}}
{"target": -47.82372031534525, "params": {"eta": 0.3682096495862688, "max_depth": 12.845876510220105, "n_estimators": 65.04581788379107}, "datetime": {"datetime": "2021-09-24 16:12:58", "elapsed": 75.121369, "delta": 1.258068}}
{"target": -44.78600672671669, "params": {"eta": 0.42409047980046677, "max_depth": 1.0097509728658824, "n_estimators": 70.98231535839481}, "datetime": {"datetime": "2021-09-24 16:12:59", "elapsed": 75.898063, "delta": 0.776694}}
{"target": -50.81268413801838, "params": {"eta": 0.13044695166878323, "max_depth": 10.242941432513401, "n_estimators": 15.51891607335902}, "datetime": {"datetime": "2021-09-24 16:13:00", "elapsed": 76.76442, "delta": 0.866357}}
{"target": -50.23759124870587, "params": {"eta": 0.4868401008052826, "max_depth": 10.55425211162136, "n_estimators": 66.31729426274806}, "datetime": {"datetime": "2021-09-24 16:13:01", "elapsed": 77.638027, "delta": 0.873607}}
{"target": -49.510368892124724, "params": {"eta": 0.485088104237709, "max_depth": 14.699850138442386, "n_estimators": 73.80657597878368}, "datetime": {"datetime": "2021-09-24 16:13:02", "elapsed": 79.042709, "delta": 1.404682}}
{"target": -49.58974560042073, "params": {"eta": 0.40835580414256106, "max_depth": 12.03611788833657, "n_estimators": 17.456742415704127}, "datetime": {"datetime": "2021-09-24 16:13:03", "elapsed": 80.21604, "delta": 1.173331}}
{"target": -48.73852607899143, "params": {"eta": 0.44205887721649784, "max_depth": 4.771854811763689, "n_estimators": 15.118992541724117}, "datetime": {"datetime": "2021-09-24 16:13:04", "elapsed": 81.174061, "delta": 0.958021}}
{"target": -46.8701247882126, "params": {"eta": 0.39572878126979527, "max_depth": 7.532260520376815, "n_estimators": 68.69357123833639}, "datetime": {"datetime": "2021-09-24 16:13:05", "elapsed": 82.165467, "delta": 0.991406}}
{"target": -48.619570796651054, "params": {"eta": 0.13259258019639764, "max_depth": 9.07087176767004, "n_estimators": 68.01837941159515}, "datetime": {"datetime": "2021-09-24 16:13:06", "elapsed": 83.155095, "delta": 0.989628}}
{"target": -48.08053801113501, "params": {"eta": 0.23374923190257493, "max_depth": 5.929687764217715, "n_estimators": 67.88108368973066}, "datetime": {"datetime": "2021-09-24 16:13:07", "elapsed": 83.864515, "delta": 0.70942}}
{"target": -45.19448743547712, "params": {"eta": 0.45111054093851255, "max_depth": 1.0321935391450774, "n_estimators": 72.27239489491095}, "datetime": {"datetime": "2021-09-24 16:13:07", "elapsed": 84.419039, "delta": 0.554524}}
{"target": -46.437043211513895, "params": {"eta": 0.0572626318054937, "max_depth": 9.01444418212219, "n_estimators": 75.97417316464616}, "datetime": {"datetime": "2021-09-24 16:13:09", "elapsed": 85.466783, "delta": 1.047744}}
{"target": -46.03789095771044, "params": {"eta": 0.15266864006424335, "max_depth": 9.290644384728381, "n_estimators": 77.7868080367973}, "datetime": {"datetime": "2021-09-24 16:13:10", "elapsed": 86.5337, "delta": 1.066917}}
{"target": -46.1841195472201, "params": {"eta": 0.39555330721549886, "max_depth": 7.810933408047498, "n_estimators": 77.14075251823199}, "datetime": {"datetime": "2021-09-24 16:13:11", "elapsed": 87.608492, "delta": 1.074792}}
{"target": -49.00578669497841, "params": {"eta": 0.19219519695151588, "max_depth": 8.335994089409686, "n_estimators": 79.13162638903174}, "datetime": {"datetime": "2021-09-24 16:13:12", "elapsed": 88.553525, "delta": 0.945033}}
{"target": -72.37713582892167, "params": {"eta": 0.01, "max_depth": 6.433039724759955, "n_estimators": 78.35738582805132}, "datetime": {"datetime": "2021-09-24 16:13:13", "elapsed": 89.540799, "delta": 0.987274}}
{"target": -45.2080837622621, "params": {"eta": 0.05377712401122911, "max_depth": 10.340196798608071, "n_estimators": 79.45751352975799}, "datetime": {"datetime": "2021-09-24 16:13:14", "elapsed": 90.562675, "delta": 1.021876}}
{"target": -50.444363931067905, "params": {"eta": 0.5, "max_depth": 9.426959245693764, "n_estimators": 80.77293798051663}, "datetime": {"datetime": "2021-09-24 16:13:15", "elapsed": 91.665398, "delta": 1.102723}}
{"target": -72.4553596525264, "params": {"eta": 0.01, "max_depth": 11.605995613016413, "n_estimators": 80.64176407911347}, "datetime": {"datetime": "2021-09-24 16:13:16", "elapsed": 92.731994, "delta": 1.066596}}
{"target": -51.27250516504273, "params": {"eta": 0.4965508541639825, "max_depth": 7.539606293682231, "n_estimators": 75.24505250090544}, "datetime": {"datetime": "2021-09-24 16:13:17", "elapsed": 93.57467, "delta": 0.842676}}
{"target": -102.63346876416888, "params": {"eta": 0.01, "max_depth": 13.208221304463896, "n_estimators": 37.61683825001591}, "datetime": {"datetime": "2021-09-24 16:13:17", "elapsed": 94.315408, "delta": 0.740738}}
{"target": -48.70357496218574, "params": {"eta": 0.11654171759450561, "max_depth": 8.767879300517802, "n_estimators": 17.978166723405362}, "datetime": {"datetime": "2021-09-24 16:13:18", "elapsed": 95.043408, "delta": 0.728}}
{"target": -50.08644778029363, "params": {"eta": 0.42156101265918405, "max_depth": 12.799820679070514, "n_estimators": 41.79516080862078}, "datetime": {"datetime": "2021-09-24 16:13:19", "elapsed": 95.937793, "delta": 0.894385}}
{"target": -47.2873545194927, "params": {"eta": 0.12391398802900255, "max_depth": 10.924034103618368, "n_estimators": 77.95010936151995}, "datetime": {"datetime": "2021-09-24 16:13:20", "elapsed": 97.265083, "delta": 1.32729}}
{"target": -49.29779827146602, "params": {"eta": 0.47110972379103194, "max_depth": 15.023517718021868, "n_estimators": 41.79343163089068}, "datetime": {"datetime": "2021-09-24 16:13:22", "elapsed": 98.734653, "delta": 1.46957}}
{"target": -51.65080289912403, "params": {"eta": 0.5, "max_depth": 14.329508424758805, "n_estimators": 43.702470778409904}, "datetime": {"datetime": "2021-09-24 16:13:23", "elapsed": 100.01056, "delta": 1.275907}}
{"target": -51.65540855809262, "params": {"eta": 0.5, "max_depth": 16.70276356726307, "n_estimators": 43.05179240999925}, "datetime": {"datetime": "2021-09-24 16:13:24", "elapsed": 101.055897, "delta": 1.045337}}
{"target": -49.686796432150935, "params": {"eta": 0.04382356944391421, "max_depth": 16.827713633641554, "n_estimators": 40.99221495140786}, "datetime": {"datetime": "2021-09-24 16:13:25", "elapsed": 101.949656, "delta": 0.893759}}
{"target": -52.730040958949495, "params": {"eta": 0.4953249203189446, "max_depth": 19.10844002015618, "n_estimators": 41.84456045788515}, "datetime": {"datetime": "2021-09-24 16:13:26", "elapsed": 102.695973, "delta": 0.746317}}
{"target": -51.570154089676706, "params": {"eta": 0.5, "max_depth": 18.21723221582811, "n_estimators": 39.38174863255588}, "datetime": {"datetime": "2021-09-24 16:13:27", "elapsed": 103.806959, "delta": 1.110986}}
{"target": -49.97086979572038, "params": {"eta": 0.4200931161516966, "max_depth": 18.479041816907596, "n_estimators": 72.38684383256498}, "datetime": {"datetime": "2021-09-24 16:13:28", "elapsed": 104.807767, "delta": 1.000808}}
{"target": -46.30085479047962, "params": {"eta": 0.05845653029922275, "max_depth": 18.68933645689041, "n_estimators": 74.47055053554453}, "datetime": {"datetime": "2021-09-24 16:13:29", "elapsed": 106.214355, "delta": 1.406588}}
{"target": -46.3308739626318, "params": {"eta": 0.03266840383616552, "max_depth": 20.311813729967344, "n_estimators": 73.82901988102446}, "datetime": {"datetime": "2021-09-24 16:13:31", "elapsed": 107.876218, "delta": 1.661863}}
{"target": -51.54302533945643, "params": {"eta": 0.5, "max_depth": 20.058439228082033, "n_estimators": 75.49980032377731}, "datetime": {"datetime": "2021-09-24 16:13:32", "elapsed": 109.007292, "delta": 1.131074}}
{"target": -51.54302533945643, "params": {"eta": 0.5, "max_depth": 20.626305113410442, "n_estimators": 72.1233917448557}, "datetime": {"datetime": "2021-09-24 16:13:33", "elapsed": 110.220022, "delta": 1.21273}}
{"target": -45.3726692199707, "params": {"eta": 0.07033272814439376, "max_depth": 17.74563044735256, "n_estimators": 75.94675055366773}, "datetime": {"datetime": "2021-09-24 16:13:34", "elapsed": 111.274528, "delta": 1.054506}}
{"target": -73.73787907191685, "params": {"eta": 0.01, "max_depth": 18.549045820377252, "n_estimators": 77.4532881696011}, "datetime": {"datetime": "2021-09-24 16:13:36", "elapsed": 112.825717, "delta": 1.551189}}
{"target": -48.84813368947882, "params": {"eta": 0.20433629636103157, "max_depth": 16.929710305785868, "n_estimators": 74.9515058211327}, "datetime": {"datetime": "2021-09-24 16:13:37", "elapsed": 114.112906, "delta": 1.287189}}
{"target": -49.725087216025905, "params": {"eta": 0.5, "max_depth": 10.523628651883115, "n_estimators": 39.019214145564646}, "datetime": {"datetime": "2021-09-24 16:13:39", "elapsed": 115.899573, "delta": 1.786667}}
{"target": -49.70001556281757, "params": {"eta": 0.025645627996363156, "max_depth": 22.084226751394983, "n_estimators": 74.10997309922037}, "datetime": {"datetime": "2021-09-24 16:13:41", "elapsed": 117.603837, "delta": 1.704264}}
{"target": -51.61267677823404, "params": {"eta": 0.5, "max_depth": 22.850043532282662, "n_estimators": 76.09779945351282}, "datetime": {"datetime": "2021-09-24 16:13:42", "elapsed": 118.97643, "delta": 1.372593}}
{"target": -48.88228739114632, "params": {"eta": 0.35845843093022184, "max_depth": 24.27959419654644, "n_estimators": 73.52500582787044}, "datetime": {"datetime": "2021-09-24 16:13:44", "elapsed": 120.941399, "delta": 1.964969}}
{"target": -47.99905140238597, "params": {"eta": 0.22293470848451832, "max_depth": 22.792929086434135, "n_estimators": 72.04160988318868}, "datetime": {"datetime": "2021-09-24 16:13:46", "elapsed": 122.887005, "delta": 1.945606}}
{"target": -48.16240290591591, "params": {"eta": 0.4255846330978062, "max_depth": 24.673371991922377, "n_estimators": 71.08592100918054}, "datetime": {"datetime": "2021-09-24 16:13:47", "elapsed": 123.931185, "delta": 1.04418}}
{"target": -47.283648182574964, "params": {"eta": 0.44896923784789455, "max_depth": 22.775933039105404, "n_estimators": 70.03544777790572}, "datetime": {"datetime": "2021-09-24 16:13:48", "elapsed": 124.895112, "delta": 0.963927}}
{"target": -47.30761953941862, "params": {"eta": 0.1116204818857548, "max_depth": 24.052303360984027, "n_estimators": 68.79472147205851}, "datetime": {"datetime": "2021-09-24 16:13:49", "elapsed": 126.165991, "delta": 1.270879}}
{"target": -78.57283358466357, "params": {"eta": 0.01, "max_depth": 22.27492475910905, "n_estimators": 68.24908052721445}, "datetime": {"datetime": "2021-09-24 16:13:51", "elapsed": 127.500198, "delta": 1.334207}}
{"target": -48.17323853915796, "params": {"eta": 0.257952459163364, "max_depth": 24.964033273013687, "n_estimators": 69.61503882805204}, "datetime": {"datetime": "2021-09-24 16:13:52", "elapsed": 128.608358, "delta": 1.10816}}
{"target": -48.17716948430341, "params": {"eta": 0.2135281255746976, "max_depth": 9.692099231606303, "n_estimators": 20.034799160977492}, "datetime": {"datetime": "2021-09-24 16:13:53", "elapsed": 129.684354, "delta": 1.075996}}
{"target": -47.425549987563514, "params": {"eta": 0.12102444622997803, "max_depth": 10.412340093168632, "n_estimators": 22.0613955056755}, "datetime": {"datetime": "2021-09-24 16:13:54", "elapsed": 130.462194, "delta": 0.77784}}
