{"target": -60.08524450144373, "params": {"eta": 0.11051042688642285, "max_depth": 46.99324203591522, "n_estimators": 10.426205448707929}, "datetime": {"datetime": "2021-09-24 17:09:31", "elapsed": 42.447924, "delta": 0.422003}}
{"target": -46.079049304015655, "params": {"eta": 0.19311743072483017, "max_depth": 40.498402344268435, "n_estimators": 38.23735453798777}, "datetime": {"datetime": "2021-09-24 17:09:31", "elapsed": 43.319071, "delta": 0.871147}}
{"target": -46.5693168066498, "params": {"eta": 0.12954818866020146, "max_depth": 11.251454945349261, "n_estimators": 33.87701924848356}, "datetime": {"datetime": "2021-09-24 17:09:32", "elapsed": 44.362316, "delta": 1.043245}}
{"target": -45.56457433485447, "params": {"eta": 0.4214358342643002, "max_depth": 6.874702413890377, "n_estimators": 35.12389853516782}, "datetime": {"datetime": "2021-09-24 17:09:33", "elapsed": 44.999613, "delta": 0.637297}}
{"target": -46.24376500638804, "params": {"eta": 0.3695790584229438, "max_depth": 23.35867240733647, "n_estimators": 51.207268027535164}, "datetime": {"datetime": "2021-09-24 17:09:34", "elapsed": 46.052146, "delta": 1.052533}}
{"target": -44.47733149134127, "params": {"eta": 0.28012460135060274, "max_depth": 35.82706299978012, "n_estimators": 51.98671419377132}, "datetime": {"datetime": "2021-09-24 17:09:37", "elapsed": 48.455752, "delta": 2.403606}}
{"target": -47.892523371187366, "params": {"eta": 0.3180842946717024, "max_depth": 47.57030541833603, "n_estimators": 36.735027799527316}, "datetime": {"datetime": "2021-09-24 17:09:38", "elapsed": 49.468377, "delta": 1.012625}}
{"target": -47.95467591823492, "params": {"eta": 0.4239929314567171, "max_depth": 42.17617290764075, "n_estimators": 34.18700354021409}, "datetime": {"datetime": "2021-09-24 17:09:38", "elapsed": 50.346607, "delta": 0.87823}}
{"target": -65.40872067616398, "params": {"eta": 0.06358294963807352, "max_depth": 12.898599790172653, "n_estimators": 15.048608549489217}, "datetime": {"datetime": "2021-09-24 17:09:39", "elapsed": 50.768979, "delta": 0.422372}}
{"target": -47.38131243483465, "params": {"eta": 0.4066799219375127, "max_depth": 7.904253223643431, "n_estimators": 45.65177203327258}, "datetime": {"datetime": "2021-09-24 17:09:40", "elapsed": 51.561006, "delta": 0.792027}}
{"target": -47.19830933190826, "params": {"eta": 0.3534545809028246, "max_depth": 37.17180515106376, "n_estimators": 27.916914676013832}, "datetime": {"datetime": "2021-09-24 17:09:41", "elapsed": 52.596004, "delta": 1.034998}}
{"target": -44.18538281433565, "params": {"eta": 0.2255048295053957, "max_depth": 2.7292262910206277, "n_estimators": 16.968264685657967}, "datetime": {"datetime": "2021-09-24 17:09:41", "elapsed": 53.071148, "delta": 0.475144}}
{"target": -73.49290796150838, "params": {"eta": 0.06143861986241734, "max_depth": 2.769540032232211, "n_estimators": 11.342121934411372}, "datetime": {"datetime": "2021-09-24 17:09:42", "elapsed": 53.467148, "delta": 0.396}}
{"target": -44.83814230897373, "params": {"eta": 0.2258587956039334, "max_depth": 10.05138999413205, "n_estimators": 13.764499632281456}, "datetime": {"datetime": "2021-09-24 17:09:42", "elapsed": 54.005424, "delta": 0.538276}}
{"target": -46.261049514426325, "params": {"eta": 0.2649279178240789, "max_depth": 11.335842910197528, "n_estimators": 46.70133462915474}, "datetime": {"datetime": "2021-09-24 17:09:43", "elapsed": 55.198217, "delta": 1.192793}}
{"target": -48.602438417592445, "params": {"eta": 0.4051832515003394, "max_depth": 36.0918734054127, "n_estimators": 49.83585167530774}, "datetime": {"datetime": "2021-09-24 17:09:44", "elapsed": 56.147917, "delta": 0.9497}}
{"target": -46.22362002035729, "params": {"eta": 0.11826613033891545, "max_depth": 47.25421211190079, "n_estimators": 34.04155248042379}, "datetime": {"datetime": "2021-09-24 17:09:46", "elapsed": 57.959568, "delta": 1.811651}}
{"target": -47.45891654222532, "params": {"eta": 0.2678486634384031, "max_depth": 21.35756234864991, "n_estimators": 45.13512838368174}, "datetime": {"datetime": "2021-09-24 17:09:47", "elapsed": 58.950448, "delta": 0.99088}}
{"target": -50.03535524526037, "params": {"eta": 0.4510071265801787, "max_depth": 41.15224389086649, "n_estimators": 26.546623568975797}, "datetime": {"datetime": "2021-09-24 17:09:48", "elapsed": 59.989504, "delta": 1.039056}}
{"target": -45.93132776246035, "params": {"eta": 0.1752545372775653, "max_depth": 39.27751577527533, "n_estimators": 32.884094759635985}, "datetime": {"datetime": "2021-09-24 17:09:49", "elapsed": 60.769323, "delta": 0.779819}}
{"target": -45.984633080045086, "params": {"eta": 0.33759727774392184, "max_depth": 5.857861893602154, "n_estimators": 16.457484396557806}, "datetime": {"datetime": "2021-09-24 17:09:50", "elapsed": 62.147902, "delta": 1.378579}}
{"target": -45.612566811697825, "params": {"eta": 0.34795836605116026, "max_depth": 43.244343225309315, "n_estimators": 34.52892758520069}, "datetime": {"datetime": "2021-09-24 17:09:51", "elapsed": 62.928722, "delta": 0.78082}}
{"target": -46.85297855577971, "params": {"eta": 0.4170332107538076, "max_depth": 22.033749292495052, "n_estimators": 49.53111487678161}, "datetime": {"datetime": "2021-09-24 17:09:52", "elapsed": 63.642723, "delta": 0.714001}}
{"target": -46.790568703099304, "params": {"eta": 0.22935685806500505, "max_depth": 33.14348643545409, "n_estimators": 22.78828481925116}, "datetime": {"datetime": "2021-09-24 17:09:52", "elapsed": 64.144592, "delta": 0.501869}}
{"target": -50.975475970963785, "params": {"eta": 0.07824178587206963, "max_depth": 43.51320145841438, "n_estimators": 24.38312183804323}, "datetime": {"datetime": "2021-09-24 17:09:53", "elapsed": 64.803244, "delta": 0.658652}}
{"target": -45.15018256624838, "params": {"eta": 0.23282185245777254, "max_depth": 26.64667062244404, "n_estimators": 52.823765787024286}, "datetime": {"datetime": "2021-09-24 17:09:54", "elapsed": 65.669115, "delta": 0.865871}}
{"target": -48.405168518984226, "params": {"eta": 0.42696983556487533, "max_depth": 16.872148780220005, "n_estimators": 37.50593569577299}, "datetime": {"datetime": "2021-09-24 17:09:54", "elapsed": 66.379718, "delta": 0.710603}}
{"target": -45.587069977495005, "params": {"eta": 0.18272897737359622, "max_depth": 1.4167776579141105, "n_estimators": 17.008981495223754}, "datetime": {"datetime": "2021-09-24 17:09:55", "elapsed": 66.744722, "delta": 0.365004}}
{"target": -50.5131950378418, "params": {"eta": 0.45513958170133834, "max_depth": 40.93005808572486, "n_estimators": 40.1097906164551}, "datetime": {"datetime": "2021-09-24 17:09:56", "elapsed": 67.472633, "delta": 0.727911}}
{"target": -45.47555507573866, "params": {"eta": 0.07533395401696098, "max_depth": 33.9939801976738, "n_estimators": 49.05566208619532}, "datetime": {"datetime": "2021-09-24 17:09:56", "elapsed": 68.384461, "delta": 0.911828}}
{"target": -46.34522918471716, "params": {"eta": 0.0847803503556171, "max_depth": 42.34385013436864, "n_estimators": 49.678563364044585}, "datetime": {"datetime": "2021-09-24 17:09:57", "elapsed": 69.183475, "delta": 0.799014}}
{"target": -47.127184387436486, "params": {"eta": 0.4183273669478185, "max_depth": 43.48600936932154, "n_estimators": 52.801464063496255}, "datetime": {"datetime": "2021-09-24 17:09:58", "elapsed": 70.080373, "delta": 0.896898}}
{"target": -44.90323925735359, "params": {"eta": 0.3598114343564121, "max_depth": 29.4737994707918, "n_estimators": 28.30211070872098}, "datetime": {"datetime": "2021-09-24 17:09:59", "elapsed": 70.791575, "delta": 0.711202}}
{"target": -47.507968414995005, "params": {"eta": 0.4789951784639739, "max_depth": 17.624136580858014, "n_estimators": 19.71347144281346}, "datetime": {"datetime": "2021-09-24 17:10:00", "elapsed": 71.468743, "delta": 0.677168}}
{"target": -46.40250913003334, "params": {"eta": 0.22501210545662842, "max_depth": 24.444638697058007, "n_estimators": 17.18641120871822}, "datetime": {"datetime": "2021-09-24 17:10:01", "elapsed": 72.918625, "delta": 1.449882}}
{"target": -47.98911074588173, "params": {"eta": 0.4004682239541262, "max_depth": 47.310175325594415, "n_estimators": 40.11408533717275}, "datetime": {"datetime": "2021-09-24 17:10:02", "elapsed": 73.764625, "delta": 0.846}}
{"target": -45.681384409280646, "params": {"eta": 0.34040156222300955, "max_depth": 11.0243904452344, "n_estimators": 39.633731414701856}, "datetime": {"datetime": "2021-09-24 17:10:03", "elapsed": 74.558393, "delta": 0.793768}}
{"target": -45.988257616086116, "params": {"eta": 0.46578428390074267, "max_depth": 2.076913948856997, "n_estimators": 16.55491729045972}, "datetime": {"datetime": "2021-09-24 17:10:03", "elapsed": 74.937998, "delta": 0.379605}}
{"target": -48.16160529000418, "params": {"eta": 0.12925925457594445, "max_depth": 10.586982933773822, "n_estimators": 16.223743260003854}, "datetime": {"datetime": "2021-09-24 17:10:04", "elapsed": 75.431653, "delta": 0.493655}}
{"target": -44.997508830593944, "params": {"eta": 0.4568918749736544, "max_depth": 3.631534867682524, "n_estimators": 16.024628784899544}, "datetime": {"datetime": "2021-09-24 17:10:04", "elapsed": 75.937335, "delta": 0.505682}}
{"target": -44.32383317875683, "params": {"eta": 0.3724456779590846, "max_depth": 28.690834298770998, "n_estimators": 49.015633786784996}, "datetime": {"datetime": "2021-09-24 17:10:05", "elapsed": 76.921224, "delta": 0.983889}}
{"target": -48.40715388247841, "params": {"eta": 0.47419685908560133, "max_depth": 26.65405692493106, "n_estimators": 40.65512237326634}, "datetime": {"datetime": "2021-09-24 17:10:06", "elapsed": 77.779941, "delta": 0.858717}}
{"target": -42.5268178667341, "params": {"eta": 0.3524139900961202, "max_depth": 10.904150450983979, "n_estimators": 43.70110259131817}, "datetime": {"datetime": "2021-09-24 17:10:07", "elapsed": 78.529996, "delta": 0.750055}}
{"target": -46.3651363688304, "params": {"eta": 0.4962247570401585, "max_depth": 20.655362020054433, "n_estimators": 37.85060703233424}, "datetime": {"datetime": "2021-09-24 17:10:07", "elapsed": 79.251939, "delta": 0.721943}}
{"target": -46.90942988001314, "params": {"eta": 0.3051411648808925, "max_depth": 15.735968163452172, "n_estimators": 29.88513295058785}, "datetime": {"datetime": "2021-09-24 17:10:08", "elapsed": 79.992154, "delta": 0.740215}}
{"target": -47.098881685644166, "params": {"eta": 0.19346122041737845, "max_depth": 40.17605768066698, "n_estimators": 40.92837950148879}, "datetime": {"datetime": "2021-09-24 17:10:09", "elapsed": 80.766519, "delta": 0.774365}}
{"target": -47.03165332536052, "params": {"eta": 0.15917933871983256, "max_depth": 44.416331686354205, "n_estimators": 24.789400275425198}, "datetime": {"datetime": "2021-09-24 17:10:09", "elapsed": 81.339405, "delta": 0.572886}}
{"target": -47.25096334012827, "params": {"eta": 0.3691365801077229, "max_depth": 8.866109504023745, "n_estimators": 51.710341549933844}, "datetime": {"datetime": "2021-09-24 17:10:10", "elapsed": 82.151417, "delta": 0.812012}}
{"target": -49.58372744223229, "params": {"eta": 0.4160561223191514, "max_depth": 5.374913514654825, "n_estimators": 19.231887860188227}, "datetime": {"datetime": "2021-09-24 17:10:11", "elapsed": 82.847419, "delta": 0.696002}}
{"target": -46.3408116218739, "params": {"eta": 0.2747138855497152, "max_depth": 8.87011462168576, "n_estimators": 16.154220000516176}, "datetime": {"datetime": "2021-09-24 17:10:12", "elapsed": 83.422309, "delta": 0.57489}}
{"target": -48.66098550208529, "params": {"eta": 0.49038071003323586, "max_depth": 31.232746050532338, "n_estimators": 14.070660711105408}, "datetime": {"datetime": "2021-09-24 17:10:12", "elapsed": 84.102118, "delta": 0.679809}}
{"target": -49.771984731344354, "params": {"eta": 0.06821447545546562, "max_depth": 27.10436331358698, "n_estimators": 29.75576020501525}, "datetime": {"datetime": "2021-09-24 17:10:13", "elapsed": 84.738424, "delta": 0.636306}}
{"target": -44.76985592949659, "params": {"eta": 0.2648038088059011, "max_depth": 48.817121865658024, "n_estimators": 50.928009363159106}, "datetime": {"datetime": "2021-09-24 17:10:14", "elapsed": 85.631454, "delta": 0.89303}}
{"target": -48.63149227056288, "params": {"eta": 0.14796947273701497, "max_depth": 43.72171260831058, "n_estimators": 19.779405427686537}, "datetime": {"datetime": "2021-09-24 17:10:14", "elapsed": 86.131358, "delta": 0.499904}}
{"target": -47.989179711592826, "params": {"eta": 0.4004540886184926, "max_depth": 28.170390359396755, "n_estimators": 48.16952654784447}, "datetime": {"datetime": "2021-09-24 17:10:15", "elapsed": 86.935758, "delta": 0.8044}}
{"target": -49.15279113081165, "params": {"eta": 0.10388710389373806, "max_depth": 43.13233567750781, "n_estimators": 19.207251223811554}, "datetime": {"datetime": "2021-09-24 17:10:16", "elapsed": 87.444941, "delta": 0.509183}}
{"target": -47.22724636336018, "params": {"eta": 0.13992475660554696, "max_depth": 15.701515615880151, "n_estimators": 43.296489800482455}, "datetime": {"datetime": "2021-09-24 17:10:16", "elapsed": 88.221817, "delta": 0.776876}}
{"target": -45.898983976894755, "params": {"eta": 0.059337755664033466, "max_depth": 27.94592873541734, "n_estimators": 48.10715633631448}, "datetime": {"datetime": "2021-09-24 17:10:17", "elapsed": 89.043594, "delta": 0.821777}}
{"target": -44.41586234874295, "params": {"eta": 0.23307357005296697, "max_depth": 36.96998758441683, "n_estimators": 14.700870188623274}, "datetime": {"datetime": "2021-09-24 17:10:18", "elapsed": 89.51659, "delta": 0.472996}}
{"target": -45.509983492973156, "params": {"eta": 0.15797666833133192, "max_depth": 1.8800392067882195, "n_estimators": 19.053436225297855}, "datetime": {"datetime": "2021-09-24 17:10:18", "elapsed": 89.978595, "delta": 0.462005}}
{"target": -47.22779929369016, "params": {"eta": 0.16890897019964254, "max_depth": 25.1610315882159, "n_estimators": 37.40518348863605}, "datetime": {"datetime": "2021-09-24 17:10:19", "elapsed": 90.669968, "delta": 0.691373}}
{"target": -46.87205413588904, "params": {"eta": 0.3514174857427326, "max_depth": 33.82655166608395, "n_estimators": 32.00547546198599}, "datetime": {"datetime": "2021-09-24 17:10:19", "elapsed": 91.320808, "delta": 0.65084}}
{"target": -46.02920136415869, "params": {"eta": 0.2342713844202008, "max_depth": 42.52365927968211, "n_estimators": 34.044304785831}, "datetime": {"datetime": "2021-09-24 17:10:20", "elapsed": 91.94881, "delta": 0.628002}}
{"target": -61.057039949230685, "params": {"eta": 0.08771398142864892, "max_depth": 45.99100587576318, "n_estimators": 13.185126763903806}, "datetime": {"datetime": "2021-09-24 17:10:21", "elapsed": 92.458812, "delta": 0.510002}}
{"target": -47.42282993632152, "params": {"eta": 0.28809827153640577, "max_depth": 7.932907753287669, "n_estimators": 51.811907722932034}, "datetime": {"datetime": "2021-09-24 17:10:21", "elapsed": 93.060885, "delta": 0.602073}}
{"target": -49.75634407100821, "params": {"eta": 0.4077370422459228, "max_depth": 26.68359553233174, "n_estimators": 37.791870708383726}, "datetime": {"datetime": "2021-09-24 17:10:22", "elapsed": 93.758864, "delta": 0.697979}}
{"target": -44.89700136686626, "params": {"eta": 0.31262016025811334, "max_depth": 27.368143194966933, "n_estimators": 19.487647476671373}, "datetime": {"datetime": "2021-09-24 17:10:22", "elapsed": 94.31086, "delta": 0.551996}}
{"target": -46.97190770887791, "params": {"eta": 0.35593346045262536, "max_depth": 22.797954605023516, "n_estimators": 24.919343936460802}, "datetime": {"datetime": "2021-09-24 17:10:23", "elapsed": 94.972864, "delta": 0.662004}}
{"target": -70.24199482910615, "params": {"eta": 0.06373280358665895, "max_depth": 38.01986534968813, "n_estimators": 13.68518312568686}, "datetime": {"datetime": "2021-09-24 17:10:24", "elapsed": 95.501861, "delta": 0.528997}}
{"target": -45.68401583334557, "params": {"eta": 0.49844802493289414, "max_depth": 47.81815306177607, "n_estimators": 24.935325830150017}, "datetime": {"datetime": "2021-09-24 17:10:24", "elapsed": 96.119864, "delta": 0.618003}}
{"target": -50.51278838537689, "params": {"eta": 0.07360220618212253, "max_depth": 39.59850520094829, "n_estimators": 25.221199620137853}, "datetime": {"datetime": "2021-09-24 17:10:25", "elapsed": 96.67538, "delta": 0.555516}}
{"target": -44.8962036362268, "params": {"eta": 0.14618828170079207, "max_depth": 8.1124398757147, "n_estimators": 29.40556647590633}, "datetime": {"datetime": "2021-09-24 17:10:26", "elapsed": 97.435165, "delta": 0.759785}}
{"target": -45.40784006907528, "params": {"eta": 0.3091533584400737, "max_depth": 41.76436738334862, "n_estimators": 48.21273630715122}, "datetime": {"datetime": "2021-09-24 17:10:26", "elapsed": 98.311167, "delta": 0.876002}}
{"target": -46.46726768895199, "params": {"eta": 0.16700655252954597, "max_depth": 43.8701023828379, "n_estimators": 53.38969744335363}, "datetime": {"datetime": "2021-09-24 17:10:27", "elapsed": 99.208165, "delta": 0.896998}}
{"target": -46.7610593953527, "params": {"eta": 0.47263138041310865, "max_depth": 9.650997899868232, "n_estimators": 20.681359057601476}, "datetime": {"datetime": "2021-09-24 17:10:28", "elapsed": 99.840162, "delta": 0.631997}}
{"target": -45.416382266166515, "params": {"eta": 0.25625030339811294, "max_depth": 41.23062183700215, "n_estimators": 23.44223647152017}, "datetime": {"datetime": "2021-09-24 17:10:29", "elapsed": 100.566163, "delta": 0.726001}}
{"target": -44.90164677899583, "params": {"eta": 0.2429306302574213, "max_depth": 37.35217736152981, "n_estimators": 50.16162151262728}, "datetime": {"datetime": "2021-09-24 17:10:30", "elapsed": 101.460161, "delta": 0.893998}}
{"target": -48.21720088872694, "params": {"eta": 0.43271274759653655, "max_depth": 43.69654667347204, "n_estimators": 44.0268440038965}, "datetime": {"datetime": "2021-09-24 17:10:30", "elapsed": 102.279166, "delta": 0.819005}}
{"target": -44.29961825492687, "params": {"eta": 0.2855396065130895, "max_depth": 1.6572110056450695, "n_estimators": 15.47501128870896}, "datetime": {"datetime": "2021-09-24 17:10:31", "elapsed": 102.714163, "delta": 0.434997}}
{"target": -45.60119393714388, "params": {"eta": 0.2899223397543023, "max_depth": 31.35813638515243, "n_estimators": 38.48171862429338}, "datetime": {"datetime": "2021-09-24 17:10:32", "elapsed": 103.599737, "delta": 0.885574}}
{"target": -48.243067433063246, "params": {"eta": 0.12919065641910682, "max_depth": 30.618100823427493, "n_estimators": 33.9499809185639}, "datetime": {"datetime": "2021-09-24 17:10:32", "elapsed": 104.243734, "delta": 0.643997}}
{"target": -45.582371905334014, "params": {"eta": 0.4899625635179976, "max_depth": 12.762351997123341, "n_estimators": 39.9822984722485}, "datetime": {"datetime": "2021-09-24 17:10:33", "elapsed": 104.959256, "delta": 0.715522}}
{"target": -45.18172423283857, "params": {"eta": 0.49689301665117036, "max_depth": 13.026867517750732, "n_estimators": 29.947397685680514}, "datetime": {"datetime": "2021-09-24 17:10:34", "elapsed": 105.82038, "delta": 0.861124}}
{"target": -50.04430615991578, "params": {"eta": 0.050315627782519586, "max_depth": 6.974497525603199, "n_estimators": 32.08977332231948}, "datetime": {"datetime": "2021-09-24 17:10:35", "elapsed": 106.601381, "delta": 0.781001}}
{"target": -45.497012116855245, "params": {"eta": 0.11081321853817289, "max_depth": 15.992554932384069, "n_estimators": 51.63360160217193}, "datetime": {"datetime": "2021-09-24 17:10:36", "elapsed": 107.472381, "delta": 0.871}}
{"target": -44.56302619876718, "params": {"eta": 0.372259700659794, "max_depth": 20.634349153959043, "n_estimators": 23.542373219875884}, "datetime": {"datetime": "2021-09-24 17:10:36", "elapsed": 108.181379, "delta": 0.708998}}
{"target": -47.94763444599352, "params": {"eta": 0.2701874607927211, "max_depth": 3.0658012680840097, "n_estimators": 36.79492457278884}, "datetime": {"datetime": "2021-09-24 17:10:37", "elapsed": 108.713891, "delta": 0.532512}}
{"target": -47.881960072911774, "params": {"eta": 0.3644499978660949, "max_depth": 16.042338555914192, "n_estimators": 15.880945433611402}, "datetime": {"datetime": "2021-09-24 17:10:37", "elapsed": 109.393258, "delta": 0.679367}}
{"target": -45.171698892923224, "params": {"eta": 0.27463654513825475, "max_depth": 11.669917560346015, "n_estimators": 21.413712091882836}, "datetime": {"datetime": "2021-09-24 17:10:38", "elapsed": 110.054254, "delta": 0.660996}}
{"target": -45.32342629683645, "params": {"eta": 0.23282644270958364, "max_depth": 31.22550193386729, "n_estimators": 22.59404388758234}, "datetime": {"datetime": "2021-09-24 17:10:39", "elapsed": 110.734499, "delta": 0.680245}}
{"target": -47.52414568564049, "params": {"eta": 0.16548572421036845, "max_depth": 34.90499172222438, "n_estimators": 43.10052056960382}, "datetime": {"datetime": "2021-09-24 17:10:40", "elapsed": 111.590161, "delta": 0.855662}}
{"target": -48.50384249005999, "params": {"eta": 0.15543970370169988, "max_depth": 12.482314002560935, "n_estimators": 38.94555979354898}, "datetime": {"datetime": "2021-09-24 17:10:41", "elapsed": 112.427946, "delta": 0.837785}}
{"target": -50.565018732744946, "params": {"eta": 0.49657301874240656, "max_depth": 10.433355541512189, "n_estimators": 33.7298862582407}, "datetime": {"datetime": "2021-09-24 17:10:41", "elapsed": 113.368408, "delta": 0.940462}}
{"target": -48.773351855744096, "params": {"eta": 0.31671163733852326, "max_depth": 41.518898551665245, "n_estimators": 25.000717620605915}, "datetime": {"datetime": "2021-09-24 17:10:42", "elapsed": 114.119371, "delta": 0.750963}}
{"target": -46.50098912518724, "params": {"eta": 0.32628581937718565, "max_depth": 12.438714664082156, "n_estimators": 16.14778396056255}, "datetime": {"datetime": "2021-09-24 17:10:43", "elapsed": 114.736585, "delta": 0.617214}}
{"target": -45.68121418200041, "params": {"eta": 0.22308416006057452, "max_depth": 16.14056274725654, "n_estimators": 21.490817883993138}, "datetime": {"datetime": "2021-09-24 17:10:43", "elapsed": 115.402341, "delta": 0.665756}}
