{"target": 0.2867794506741821, "params": {"eta": 0.24760305201861893, "max_depth": 15.563161657172781, "n_estimators": 33.834280456255385}, "datetime": {"datetime": "2021-09-24 12:47:55", "elapsed": 707.119819, "delta": 2.785286}}
{"target": 0.26285005728802524, "params": {"eta": 0.36705387073388235, "max_depth": 15.90053694338237, "n_estimators": 32.84965795553405}, "datetime": {"datetime": "2021-09-24 12:48:01", "elapsed": 713.206428, "delta": 6.086609}}
{"target": -2.7354908194546095, "params": {"eta": 0.16243658200083855, "max_depth": 17.43357061727746, "n_estimators": 1.753388403747058}, "datetime": {"datetime": "2021-09-24 12:48:03", "elapsed": 715.541622, "delta": 2.335194}}
{"target": 0.2889355279583282, "params": {"eta": 0.12120383858163661, "max_depth": 11.92804307020715, "n_estimators": 47.00185120491755}, "datetime": {"datetime": "2021-09-24 12:48:06", "elapsed": 718.409156, "delta": 2.867534}}
{"target": 0.3289068081856399, "params": {"eta": 0.180508843997491, "max_depth": 14.579973566063448, "n_estimators": 25.059313683799175}, "datetime": {"datetime": "2021-09-24 12:48:09", "elapsed": 721.44327, "delta": 3.034114}}
{"target": 0.2788635442209104, "params": {"eta": 0.2716680070908606, "max_depth": 15.720839158612876, "n_estimators": 15.00577469551269}, "datetime": {"datetime": "2021-09-24 12:48:11", "elapsed": 723.506124, "delta": 2.062854}}
{"target": 0.28437528909128096, "params": {"eta": 0.2741816123161453, "max_depth": 19.499884103520564, "n_estimators": 10.384168375784437}, "datetime": {"datetime": "2021-09-24 12:48:13", "elapsed": 725.374379, "delta": 1.868255}}
{"target": 0.28528239482169027, "params": {"eta": 0.11113799309385913, "max_depth": 14.530020537855126, "n_estimators": 24.160687828867804}, "datetime": {"datetime": "2021-09-24 12:48:16", "elapsed": 728.787619, "delta": 3.41324}}
{"target": 0.09063856706079498, "params": {"eta": 0.5123869835933449, "max_depth": 13.914806140623247, "n_estimators": 21.57457408487296}, "datetime": {"datetime": "2021-09-24 12:48:20", "elapsed": 732.192082, "delta": 3.404463}}
{"target": 0.2626339473215499, "params": {"eta": 0.12967618445611406, "max_depth": 15.342207273470716, "n_estimators": 25.26068426438566}, "datetime": {"datetime": "2021-09-24 12:48:23", "elapsed": 735.217326, "delta": 3.025244}}
{"target": 0.29379578158619, "params": {"eta": 0.14445868966206882, "max_depth": 16.548008306314042, "n_estimators": 33.77143151825641}, "datetime": {"datetime": "2021-09-24 12:48:25", "elapsed": 737.712112, "delta": 2.494786}}
{"target": 0.26408437323123224, "params": {"eta": 0.15885699497400602, "max_depth": 16.23111164603951, "n_estimators": 34.84191258262928}, "datetime": {"datetime": "2021-09-24 12:48:29", "elapsed": 741.519787, "delta": 3.807675}}
{"target": 0.29023829037676707, "params": {"eta": 0.34292824235651653, "max_depth": 10.526491927827514, "n_estimators": 40.384817765614805}, "datetime": {"datetime": "2021-09-24 12:48:31", "elapsed": 743.673506, "delta": 2.153719}}
{"target": 0.28513600659513694, "params": {"eta": 0.34329730244991785, "max_depth": 17.23901732738794, "n_estimators": 34.42340744073101}, "datetime": {"datetime": "2021-09-24 12:48:35", "elapsed": 747.555449, "delta": 3.881943}}
{"target": 0.24830818628318507, "params": {"eta": 0.12604315012701817, "max_depth": 12.430588235209559, "n_estimators": 35.14446655198691}, "datetime": {"datetime": "2021-09-24 12:48:37", "elapsed": 749.814969, "delta": 2.25952}}
{"target": 0.13559458657321644, "params": {"eta": 0.48826399685275806, "max_depth": 17.464688947465277, "n_estimators": 33.16178913637628}, "datetime": {"datetime": "2021-09-24 12:48:42", "elapsed": 754.128153, "delta": 4.313184}}
{"target": 0.18276784347706554, "params": {"eta": 0.5929383683927316, "max_depth": 15.03483220725154, "n_estimators": 23.243911089016862}, "datetime": {"datetime": "2021-09-24 12:48:45", "elapsed": 757.171263, "delta": 3.04311}}
{"target": 0.10202324573466737, "params": {"eta": 0.5661984630102279, "max_depth": 17.165133882154322, "n_estimators": 35.569876550915154}, "datetime": {"datetime": "2021-09-24 12:48:49", "elapsed": 760.966266, "delta": 3.795003}}
{"target": 0.3175351213198917, "params": {"eta": 0.08695959338178905, "max_depth": 15.200792590364678, "n_estimators": 36.34512105651509}, "datetime": {"datetime": "2021-09-24 12:48:53", "elapsed": 765.052643, "delta": 4.086377}}
{"target": 0.2732127869166828, "params": {"eta": 0.24578660771647842, "max_depth": 11.51825420442011, "n_estimators": 14.289249957066955}, "datetime": {"datetime": "2021-09-24 12:48:55", "elapsed": 767.069693, "delta": 2.01705}}
{"target": 0.24587302174225167, "params": {"eta": 0.433808125646553, "max_depth": 18.562228942604456, "n_estimators": 18.526195931505818}, "datetime": {"datetime": "2021-09-24 12:48:57", "elapsed": 769.347751, "delta": 2.278058}}
{"target": 0.20467794315667442, "params": {"eta": 0.4939204059284911, "max_depth": 12.235481314754178, "n_estimators": 14.235853121542924}, "datetime": {"datetime": "2021-09-24 12:49:01", "elapsed": 773.007908, "delta": 3.660157}}
{"target": 0.27197753970483185, "params": {"eta": 0.38671352321395946, "max_depth": 15.286852523889129, "n_estimators": 35.4170709981437}, "datetime": {"datetime": "2021-09-24 12:49:04", "elapsed": 776.706928, "delta": 3.69902}}
{"target": 0.1548270765843639, "params": {"eta": 0.5158613700399939, "max_depth": 14.40445561677128, "n_estimators": 35.90259202563081}, "datetime": {"datetime": "2021-09-24 12:49:08", "elapsed": 780.170792, "delta": 3.463864}}
{"target": 0.086481829408949, "params": {"eta": 0.13786415979240763, "max_depth": 19.998980724144626, "n_estimators": 11.427145378435522}, "datetime": {"datetime": "2021-09-24 12:49:11", "elapsed": 783.656725, "delta": 3.485933}}
{"target": -0.592669281793724, "params": {"eta": 0.10908877657165936, "max_depth": 14.531027052342413, "n_estimators": 7.786352586515397}, "datetime": {"datetime": "2021-09-24 12:49:13", "elapsed": 785.753391, "delta": 2.096666}}
{"target": 0.20754051173420507, "params": {"eta": 0.5917512990934543, "max_depth": 15.817033632432457, "n_estimators": 7.729720747699554}, "datetime": {"datetime": "2021-09-24 12:49:16", "elapsed": 788.381677, "delta": 2.628286}}
{"target": 0.19335023804161777, "params": {"eta": 0.5309193821512316, "max_depth": 9.905613188518032, "n_estimators": 47.42915934256561}, "datetime": {"datetime": "2021-09-24 12:49:18", "elapsed": 790.729132, "delta": 2.347455}}
{"target": 0.17427367809883398, "params": {"eta": 0.4945633698532669, "max_depth": 15.465662021649557, "n_estimators": 6.715125278186936}, "datetime": {"datetime": "2021-09-24 12:49:22", "elapsed": 794.154748, "delta": 3.425616}}
{"target": -0.11318083949780999, "params": {"eta": 0.08, "max_depth": 7.8954359758011, "n_estimators": 14.296875671493218}, "datetime": {"datetime": "2021-09-24 12:49:26", "elapsed": 798.396395, "delta": 4.241647}}
{"target": 0.18694661835775783, "params": {"eta": 0.58761541672708, "max_depth": 15.86498506382781, "n_estimators": 36.254158020485804}, "datetime": {"datetime": "2021-09-24 12:49:30", "elapsed": 802.451772, "delta": 4.055377}}
{"target": 0.0714733119634845, "params": {"eta": 0.08, "max_depth": 7.597367055911558, "n_estimators": 18.1987898114659}, "datetime": {"datetime": "2021-09-24 12:49:34", "elapsed": 805.917013, "delta": 3.465241}}
{"target": 0.06218880153539397, "params": {"eta": 0.2004676239798011, "max_depth": 14.888149841585845, "n_estimators": 7.192005938108478}, "datetime": {"datetime": "2021-09-24 12:49:36", "elapsed": 807.88052, "delta": 1.963507}}
{"target": 0.2615452761547049, "params": {"eta": 0.09921751862353015, "max_depth": 15.212633916273454, "n_estimators": 22.41824381687342}, "datetime": {"datetime": "2021-09-24 12:49:38", "elapsed": 810.025387, "delta": 2.144867}}
{"target": 0.3036105163557292, "params": {"eta": 0.38406831682359316, "max_depth": 7.459591237104082, "n_estimators": 10.235998541918327}, "datetime": {"datetime": "2021-09-24 12:49:40", "elapsed": 812.111531, "delta": 2.086144}}
{"target": 0.19305514823957592, "params": {"eta": 0.6, "max_depth": 8.346553572115003, "n_estimators": 9.973805434798827}, "datetime": {"datetime": "2021-09-24 12:49:45", "elapsed": 817.707671, "delta": 5.59614}}
{"target": -0.06029049373635553, "params": {"eta": 0.08, "max_depth": 15.420541581540219, "n_estimators": 15.998300286304106}, "datetime": {"datetime": "2021-09-24 12:49:51", "elapsed": 823.045251, "delta": 5.33758}}
{"target": 0.08463522395545453, "params": {"eta": 0.5632303918544644, "max_depth": 15.957250739725197, "n_estimators": 14.133567729938285}, "datetime": {"datetime": "2021-09-24 12:49:56", "elapsed": 828.807279, "delta": 5.762028}}
{"target": 0.15972647540787588, "params": {"eta": 0.5061532876373559, "max_depth": 16.82911795403018, "n_estimators": 22.010611000660763}, "datetime": {"datetime": "2021-09-24 12:49:59", "elapsed": 831.044734, "delta": 2.237455}}
{"target": 0.13332087762994116, "params": {"eta": 0.08, "max_depth": 13.128032155476639, "n_estimators": 20.2138292293815}, "datetime": {"datetime": "2021-09-24 12:50:03", "elapsed": 834.89162, "delta": 3.846886}}
{"target": 0.18628626559657335, "params": {"eta": 0.59552752300616, "max_depth": 14.030052576604701, "n_estimators": 24.58873406922537}, "datetime": {"datetime": "2021-09-24 12:50:07", "elapsed": 838.936511, "delta": 4.044891}}
{"target": 0.19783013347552292, "params": {"eta": 0.4942887656596886, "max_depth": 15.098455130969016, "n_estimators": 20.632761062251223}, "datetime": {"datetime": "2021-09-24 12:50:10", "elapsed": 841.8779, "delta": 2.941389}}
{"target": 0.295541694985861, "params": {"eta": 0.09102270650699598, "max_depth": 14.204550301233587, "n_estimators": 27.666439491593724}, "datetime": {"datetime": "2021-09-24 12:50:13", "elapsed": 845.025934, "delta": 3.148034}}
{"target": 0.22083015836338848, "params": {"eta": 0.39419943845051536, "max_depth": 15.056333818470474, "n_estimators": 27.893410374099187}, "datetime": {"datetime": "2021-09-24 12:50:17", "elapsed": 848.878391, "delta": 3.852457}}
{"target": 0.28496619324496586, "params": {"eta": 0.14236728353667355, "max_depth": 11.77494591940452, "n_estimators": 24.450701183385963}, "datetime": {"datetime": "2021-09-24 12:50:19", "elapsed": 851.102157, "delta": 2.223766}}
{"target": 0.34886208505993055, "params": {"eta": 0.18590409599340535, "max_depth": 12.704676664801006, "n_estimators": 27.776060706405765}, "datetime": {"datetime": "2021-09-24 12:50:21", "elapsed": 853.494201, "delta": 2.392044}}
{"target": 0.30537093612633226, "params": {"eta": 0.1116546150976982, "max_depth": 11.86671800633209, "n_estimators": 27.83311710406612}, "datetime": {"datetime": "2021-09-24 12:50:25", "elapsed": 857.464145, "delta": 3.969944}}
{"target": 0.28033059572682295, "params": {"eta": 0.14042789598023458, "max_depth": 12.504162604681033, "n_estimators": 27.604601514578857}, "datetime": {"datetime": "2021-09-24 12:50:28", "elapsed": 860.742829, "delta": 3.278684}}
{"target": 0.20626409652069166, "params": {"eta": 0.524890479430063, "max_depth": 13.623366537823017, "n_estimators": 28.544453988031176}, "datetime": {"datetime": "2021-09-24 12:50:32", "elapsed": 864.438495, "delta": 3.695666}}
{"target": 0.1790731916563193, "params": {"eta": 0.8195254015709299, "max_depth": 2.430378732744839, "n_estimators": 30.53540542751055}, "datetime": {"datetime": "2021-09-24 12:58:50", "elapsed": 0.0, "delta": 0.0}}
{"target": 0.4028275918094091, "params": {"eta": 0.8179532731987588, "max_depth": 1.8473095986778094, "n_estimators": 32.64881154026615}, "datetime": {"datetime": "2021-09-24 12:58:50", "elapsed": 0.051215, "delta": 0.051215}}
{"target": 0.11121002403804381, "params": {"eta": 0.775034884505077, "max_depth": 2.7835460015641598, "n_estimators": 48.21947526455043}, "datetime": {"datetime": "2021-09-24 12:58:50", "elapsed": 0.119213, "delta": 0.067998}}
{"target": 0.1681870720081069, "params": {"eta": 0.7533766075303111, "max_depth": 2.583450076165329, "n_estimators": 26.91585106789232}, "datetime": {"datetime": "2021-09-24 12:58:50", "elapsed": 0.166213, "delta": 0.047}}
{"target": 0.4026677335409071, "params": {"eta": 0.8200982261390558, "max_depth": 1.812744995756033, "n_estimators": 32.68596423746557}, "datetime": {"datetime": "2021-09-24 12:58:50", "elapsed": 0.305215, "delta": 0.139002}}
{"target": 0.19543800032004943, "params": {"eta": 0.6, "max_depth": 3.0, "n_estimators": 34.115243367723416}, "datetime": {"datetime": "2021-09-24 12:58:50", "elapsed": 0.632522, "delta": 0.327307}}
{"target": 0.39367447193947114, "params": {"eta": 0.8302111977811919, "max_depth": 1.0385136345847612, "n_estimators": 32.12235799712178}, "datetime": {"datetime": "2021-09-24 12:58:51", "elapsed": 0.829101, "delta": 0.196579}}
{"target": 0.07943380534382483, "params": {"eta": 0.7812396342420396, "max_depth": 1.76100341903252, "n_estimators": 1.002339718216057}, "datetime": {"datetime": "2021-09-24 12:58:51", "elapsed": 1.0221, "delta": 0.192999}}
{"target": 0.4080748214605455, "params": {"eta": 0.7903700681310079, "max_depth": 1.0216650306649278, "n_estimators": 14.410922586507342}, "datetime": {"datetime": "2021-09-24 12:58:51", "elapsed": 1.2751, "delta": 0.253}}
{"target": 0.3189957363001501, "params": {"eta": 0.9554377337934982, "max_depth": 2.356901897885747, "n_estimators": 12.79604932926922}, "datetime": {"datetime": "2021-09-24 12:58:51", "elapsed": 1.559098, "delta": 0.283998}}
{"target": 0.24589963526458603, "params": {"eta": 1.0, "max_depth": 2.220477797365558, "n_estimators": 16.116267098310853}, "datetime": {"datetime": "2021-09-24 12:58:52", "elapsed": 1.957792, "delta": 0.398694}}
{"target": 0.4068711270440688, "params": {"eta": 0.6, "max_depth": 1.0, "n_estimators": 10.6529408594455}, "datetime": {"datetime": "2021-09-24 12:58:52", "elapsed": 2.249108, "delta": 0.291316}}
{"target": 0.40121563193024834, "params": {"eta": 0.6428526052133735, "max_depth": 1.0, "n_estimators": 8.61815551428833}, "datetime": {"datetime": "2021-09-24 12:58:52", "elapsed": 2.556276, "delta": 0.307168}}
{"target": 0.2957060899797187, "params": {"eta": 0.6, "max_depth": 3.0, "n_estimators": 9.411695535262432}, "datetime": {"datetime": "2021-09-24 12:58:53", "elapsed": 2.890434, "delta": 0.334158}}
{"target": 0.3920427931075954, "params": {"eta": 1.0, "max_depth": 1.0, "n_estimators": 6.394794957025328}, "datetime": {"datetime": "2021-09-24 12:58:53", "elapsed": 3.141435, "delta": 0.251001}}
{"target": 0.3561923598054655, "params": {"eta": 0.6, "max_depth": 3.0, "n_estimators": 6.13452283092807}, "datetime": {"datetime": "2021-09-24 12:58:53", "elapsed": 3.396435, "delta": 0.255}}
{"target": 0.3095865657749597, "params": {"eta": 1.0, "max_depth": 1.0, "n_estimators": 41.01605457492239}, "datetime": {"datetime": "2021-09-24 12:58:53", "elapsed": 3.706436, "delta": 0.310001}}
{"target": 0.3969207021650034, "params": {"eta": 0.6, "max_depth": 1.0, "n_estimators": 21.36623699086868}, "datetime": {"datetime": "2021-09-24 12:58:54", "elapsed": 3.969745, "delta": 0.263309}}
{"target": 0.008989693034846535, "params": {"eta": 1.0, "max_depth": 3.0, "n_estimators": 21.343748152911857}, "datetime": {"datetime": "2021-09-24 12:58:54", "elapsed": 4.239563, "delta": 0.269818}}
{"target": 0.32536515093242124, "params": {"eta": 1.0, "max_depth": 2.042747146053972, "n_estimators": 7.527575074010216}, "datetime": {"datetime": "2021-09-24 12:58:54", "elapsed": 4.528564, "delta": 0.289001}}
{"target": 0.4013327537487411, "params": {"eta": 0.603917356798988, "max_depth": 1.2189087489567185, "n_estimators": 4.863001547186203}, "datetime": {"datetime": "2021-09-24 12:58:55", "elapsed": 4.823383, "delta": 0.294819}}
{"target": 0.24442001135776792, "params": {"eta": 1.0, "max_depth": 3.0, "n_estimators": 4.298017442387502}, "datetime": {"datetime": "2021-09-24 12:58:55", "elapsed": 5.086383, "delta": 0.263}}
{"target": 0.38269294248584906, "params": {"eta": 0.6963065700322921, "max_depth": 1.0024218633447584, "n_estimators": 12.310414691845425}, "datetime": {"datetime": "2021-09-24 12:58:55", "elapsed": 5.412377, "delta": 0.325994}}
{"target": 0.4041346128402179, "params": {"eta": 0.6, "max_depth": 1.0, "n_estimators": 23.32001634899144}, "datetime": {"datetime": "2021-09-24 12:58:55", "elapsed": 5.66938, "delta": 0.257003}}
{"target": 0.20836516156574325, "params": {"eta": 0.6, "max_depth": 3.0, "n_estimators": 43.20720824406432}, "datetime": {"datetime": "2021-09-24 12:58:56", "elapsed": 6.041797, "delta": 0.372417}}
{"target": 0.3707620603737619, "params": {"eta": 0.7618062960515644, "max_depth": 1.0476872426191952, "n_estimators": 38.22438956347352}, "datetime": {"datetime": "2021-09-24 12:58:56", "elapsed": 6.299798, "delta": 0.258001}}
{"target": -0.09770707414784519, "params": {"eta": 1.0, "max_depth": 3.0, "n_estimators": 38.859878773320695}, "datetime": {"datetime": "2021-09-24 12:58:56", "elapsed": 6.603801, "delta": 0.304003}}
{"target": 0.34985546246625665, "params": {"eta": 0.9419902679752106, "max_depth": 1.0061130490031203, "n_estimators": 36.45888366696608}, "datetime": {"datetime": "2021-09-24 12:58:57", "elapsed": 6.913928, "delta": 0.310127}}
{"target": 0.3887251556746215, "params": {"eta": 0.6, "max_depth": 1.0, "n_estimators": 19.21072272642382}, "datetime": {"datetime": "2021-09-24 12:58:57", "elapsed": 7.18093, "delta": 0.267002}}
{"target": 0.40812162842364164, "params": {"eta": 0.6, "max_depth": 1.0, "n_estimators": 24.860345904226175}, "datetime": {"datetime": "2021-09-24 12:58:57", "elapsed": 7.523936, "delta": 0.343006}}
{"target": 0.1317218797694939, "params": {"eta": 1.0, "max_depth": 2.3635064902071474, "n_estimators": 24.31823805905989}, "datetime": {"datetime": "2021-09-24 12:58:58", "elapsed": 7.850931, "delta": 0.326995}}
{"target": 0.3234423413903422, "params": {"eta": 1.0, "max_depth": 1.0, "n_estimators": 45.152534455609086}, "datetime": {"datetime": "2021-09-24 12:58:58", "elapsed": 8.170331, "delta": 0.3194}}
{"target": 0.39200904503304457, "params": {"eta": 0.8060266008994448, "max_depth": 1.0284461335157138, "n_estimators": 17.706969255855874}, "datetime": {"datetime": "2021-09-24 12:58:58", "elapsed": 8.453331, "delta": 0.283}}
{"target": 0.3415043641826262, "params": {"eta": 0.6339953519923707, "max_depth": 2.650622201697472, "n_estimators": 18.297683591753618}, "datetime": {"datetime": "2021-09-24 12:58:58", "elapsed": 8.750571, "delta": 0.29724}}
{"target": 0.2708296198265656, "params": {"eta": 1.0, "max_depth": 2.279710701218867, "n_estimators": 11.033893839662813}, "datetime": {"datetime": "2021-09-24 12:58:59", "elapsed": 9.044189, "delta": 0.293618}}
{"target": 0.40421694714119505, "params": {"eta": 0.6, "max_depth": 1.0, "n_estimators": 34.49253499142947}, "datetime": {"datetime": "2021-09-24 12:58:59", "elapsed": 9.365188, "delta": 0.320999}}
{"target": 0.374024145934691, "params": {"eta": 0.8565781420469236, "max_depth": 1.0875439039783033, "n_estimators": 49.96042398526839}, "datetime": {"datetime": "2021-09-24 12:58:59", "elapsed": 9.695194, "delta": 0.330006}}
{"target": 0.409607129897158, "params": {"eta": 0.9265271276665791, "max_depth": 1.0423372161587643, "n_estimators": 9.514671888694195}, "datetime": {"datetime": "2021-09-24 12:59:00", "elapsed": 10.049866, "delta": 0.354672}}
{"target": 0.308359599339186, "params": {"eta": 1.0, "max_depth": 1.0, "n_estimators": 43.109501665765286}, "datetime": {"datetime": "2021-09-24 12:59:00", "elapsed": 10.422011, "delta": 0.372145}}
{"target": 0.36292395435856506, "params": {"eta": 0.64659678829495, "max_depth": 2.97580580509663, "n_estimators": 14.17146815449346}, "datetime": {"datetime": "2021-09-24 12:59:00", "elapsed": 10.775453, "delta": 0.353442}}
{"target": 0.4057836895345994, "params": {"eta": 0.9358985832339586, "max_depth": 1.0216072991073228, "n_estimators": 13.365701923339817}, "datetime": {"datetime": "2021-09-24 12:59:01", "elapsed": 11.077028, "delta": 0.301575}}
{"target": 0.3386745080892549, "params": {"eta": 1.0, "max_depth": 1.0, "n_estimators": 3.6698277434348174}, "datetime": {"datetime": "2021-09-24 12:59:01", "elapsed": 11.418025, "delta": 0.340997}}
{"target": 0.4039021571060022, "params": {"eta": 0.6, "max_depth": 1.0, "n_estimators": 26.254353806334464}, "datetime": {"datetime": "2021-09-24 12:59:02", "elapsed": 11.801029, "delta": 0.383004}}
{"target": 0.41034057264358126, "params": {"eta": 0.6, "max_depth": 1.0, "n_estimators": 28.129495169145194}, "datetime": {"datetime": "2021-09-24 12:59:02", "elapsed": 12.115846, "delta": 0.314817}}
{"target": 0.3647177054003331, "params": {"eta": 0.8947420273378954, "max_depth": 1.0042662776758775, "n_estimators": 29.382099252469377}, "datetime": {"datetime": "2021-09-24 12:59:02", "elapsed": 12.528846, "delta": 0.413}}
{"target": 0.3317930297269518, "params": {"eta": 1.0, "max_depth": 1.0, "n_estimators": 47.04913287247127}, "datetime": {"datetime": "2021-09-24 12:59:03", "elapsed": 12.925468, "delta": 0.396622}}
{"target": 0.3488370286912382, "params": {"eta": 1.0, "max_depth": 1.0, "n_estimators": 27.278647758421812}, "datetime": {"datetime": "2021-09-24 12:59:03", "elapsed": 13.265462, "delta": 0.339994}}
{"target": 0.346347372555899, "params": {"eta": 1.0, "max_depth": 1.0, "n_estimators": 33.57991079962894}, "datetime": {"datetime": "2021-09-24 12:59:03", "elapsed": 13.68747, "delta": 0.422008}}
{"target": -0.1175896048727676, "params": {"eta": 1.0, "max_depth": 3.0, "n_estimators": 45.522267329067404}, "datetime": {"datetime": "2021-09-24 12:59:04", "elapsed": 14.06726, "delta": 0.37979}}
{"target": 0.38797840926174343, "params": {"eta": 0.6694043421892946, "max_depth": 1.0096343509467782, "n_estimators": 48.41603932599595}, "datetime": {"datetime": "2021-09-24 12:59:04", "elapsed": 14.42839, "delta": 0.36113}}
{"target": 0.42236180469702955, "params": {"eta": 1.0, "max_depth": 1.8397457790052285, "n_estimators": 5.6542090943264744}, "datetime": {"datetime": "2021-09-24 12:59:05", "elapsed": 14.798682, "delta": 0.370292}}
