{"target": 0.43481257720128785, "params": {"C": 124.42129730172276, "epsilon": 0.2798890594406311, "gamma": 0.007744864522599501}, "datetime": {"datetime": "2021-09-24 09:52:27", "elapsed": 925.012002, "delta": 2.735753}}
{"target": 0.35367000405443794, "params": {"C": 124.35794987360508, "epsilon": 0.310630103545402, "gamma": 0.07774173390518377}, "datetime": {"datetime": "2021-09-24 09:52:33", "elapsed": 930.526007, "delta": 5.514005}}
{"target": 0.36977222116184205, "params": {"C": 111.07265704245496, "epsilon": 0.31652721625510616, "gamma": 0.0005}, "datetime": {"datetime": "2021-09-24 09:52:38", "elapsed": 935.918125, "delta": 5.392118}}
{"target": 0.4274607764147985, "params": {"C": 193.5923142576226, "epsilon": 0.3031450614318617, "gamma": 0.006481487475813856}, "datetime": {"datetime": "2021-09-24 09:52:47", "elapsed": 944.834582, "delta": 8.916457}}
{"target": 0.40961564694500285, "params": {"C": 193.479885547226, "epsilon": 0.175089837101522, "gamma": 0.015372209767531356}, "datetime": {"datetime": "2021-09-24 09:52:52", "elapsed": 949.732561, "delta": 4.897979}}
{"target": 0.33422837804287897, "params": {"C": 179.2388375523821, "epsilon": 0.8440785593766643, "gamma": 0.07282321082368384}, "datetime": {"datetime": "2021-09-24 09:52:55", "elapsed": 952.543319, "delta": 2.810758}}
{"target": 0.37042499700306486, "params": {"C": 100.83401055581444, "epsilon": 0.43994804291666223, "gamma": 0.07468640676397185}, "datetime": {"datetime": "2021-09-24 09:52:58", "elapsed": 955.368067, "delta": 2.824748}}
{"target": 0.42840769734322015, "params": {"C": 124.52043070710786, "epsilon": 0.33087366693084475, "gamma": 0.010671598684467038}, "datetime": {"datetime": "2021-09-24 09:53:03", "elapsed": 960.829065, "delta": 5.460998}}
{"target": 0.3280824740559065, "params": {"C": 128.39807657979472, "epsilon": 0.41790117145321787, "gamma": 0.09654295668528484}, "datetime": {"datetime": "2021-09-24 09:53:06", "elapsed": 963.664151, "delta": 2.835086}}
{"target": 0.30031399836943296, "params": {"C": 193.51091322051096, "epsilon": 0.25605443080299506, "gamma": 0.09274591038231113}, "datetime": {"datetime": "2021-09-24 09:53:14", "elapsed": 971.682834, "delta": 8.018683}}
{"target": 0.3273524980480934, "params": {"C": 108.96770899422579, "epsilon": 0.5733923319035039, "gamma": 0.11275768757429315}, "datetime": {"datetime": "2021-09-24 09:53:17", "elapsed": 974.578794, "delta": 2.89596}}
{"target": 0.3126617966217744, "params": {"C": 185.51419251992053, "epsilon": 0.3072322321718916, "gamma": 0.08722459970970083}, "datetime": {"datetime": "2021-09-24 09:53:20", "elapsed": 977.581134, "delta": 3.00234}}
{"target": 0.3192514114785949, "params": {"C": 124.49570113411548, "epsilon": 0.3007719589486283, "gamma": 0.11030996327143579}, "datetime": {"datetime": "2021-09-24 09:53:27", "elapsed": 984.434825, "delta": 6.853691}}
{"target": 0.43600435053567654, "params": {"C": 193.54366494996998, "epsilon": 0.3928630584015625, "gamma": 0.003942258401438114}, "datetime": {"datetime": "2021-09-24 09:53:32", "elapsed": 990.091064, "delta": 5.656239}}
{"target": 0.30670417978475206, "params": {"C": 107.90268100941965, "epsilon": 0.4199487401416694, "gamma": 0.14133776672738813}, "datetime": {"datetime": "2021-09-24 09:53:35", "elapsed": 992.999519, "delta": 2.908455}}
{"target": 0.4036429514537061, "params": {"C": 110.99219513019985, "epsilon": 0.420091533872254, "gamma": 0.051771027782008996}, "datetime": {"datetime": "2021-09-24 09:53:43", "elapsed": 1000.997748, "delta": 7.998229}}
{"target": 0.4312521765245725, "params": {"C": 193.42853267227036, "epsilon": 0.34264204190930503, "gamma": 0.0013788754052799332}, "datetime": {"datetime": "2021-09-24 09:53:49", "elapsed": 1007.185909, "delta": 6.188161}}
{"target": 0.43401808227294847, "params": {"C": 110.55887074945916, "epsilon": 0.5652855083848136, "gamma": 0.008604608385667139}, "datetime": {"datetime": "2021-09-24 09:53:52", "elapsed": 1010.220841, "delta": 3.034932}}
{"target": 0.4246538540533912, "params": {"C": 133.07619318862038, "epsilon": 0.09702478541996759, "gamma": 0.0015366691040155547}, "datetime": {"datetime": "2021-09-24 09:53:55", "elapsed": 1013.139695, "delta": 2.918854}}
{"target": 0.4074047179297453, "params": {"C": 44.16349531205837, "epsilon": 1.0518524636557827, "gamma": 0.08267454044286701}, "datetime": {"datetime": "2021-09-24 09:57:11", "elapsed": 0.0, "delta": 0.0}}
{"target": 0.42679020705189863, "params": {"C": 44.09691686920941, "epsilon": 1.840735604174978, "gamma": 0.04988505574007918}, "datetime": {"datetime": "2021-09-24 09:57:11", "elapsed": 0.051004, "delta": 0.051004}}
{"target": 0.4422023311317075, "params": {"C": 21.26021476974641, "epsilon": 2.2385419327013274, "gamma": 0.04529837371434121}, "datetime": {"datetime": "2021-09-24 09:57:11", "elapsed": 0.141208, "delta": 0.090204}}
{"target": 0.4190613896585783, "params": {"C": 27.4159002351838, "epsilon": 2.2422676655385896, "gamma": 0.07960674309441734}, "datetime": {"datetime": "2021-09-24 09:57:11", "elapsed": 0.194177, "delta": 0.052969}}
{"target": 0.43837325619459633, "params": {"C": 14.323414589148422, "epsilon": 2.027156242531493, "gamma": 0.028073759914213833}, "datetime": {"datetime": "2021-09-24 09:57:11", "elapsed": 0.232792, "delta": 0.038615}}
{"target": 0.3948103978358479, "params": {"C": 63.55890987161433, "epsilon": 1.5419312136749308, "gamma": 0.07791765153039722}, "datetime": {"datetime": "2021-09-24 09:57:12", "elapsed": 0.39641, "delta": 0.163618}}
{"target": 0.4046249344284215, "params": {"C": 42.64037299739112, "epsilon": 1.909166430501818, "gamma": 0.08678097269165881}, "datetime": {"datetime": "2021-09-24 09:57:12", "elapsed": 0.510013, "delta": 0.113603}}
{"target": 0.42975097792558037, "params": {"C": 20.339174042966793, "epsilon": 2.2454289407691803, "gamma": 0.07081980902152865}, "datetime": {"datetime": "2021-09-24 09:57:12", "elapsed": 0.671095, "delta": 0.161082}}
{"target": 0.43130552920667975, "params": {"C": 21.12680502594541, "epsilon": 2.8466951338452384, "gamma": 0.06533239683998902}, "datetime": {"datetime": "2021-09-24 09:57:12", "elapsed": 0.815192, "delta": 0.144097}}
{"target": 0.3949541497366349, "params": {"C": 21.41288371376685, "epsilon": 1.4342026738779754, "gamma": 0.15}, "datetime": {"datetime": "2021-09-24 09:57:12", "elapsed": 1.107506, "delta": 0.292314}}
{"target": 0.3667561525912917, "params": {"C": 48.48955541809827, "epsilon": 2.7375450330862847, "gamma": 0.1303402673471784}, "datetime": {"datetime": "2021-09-24 09:57:12", "elapsed": 1.251666, "delta": 0.14416}}
{"target": 0.4391645086758723, "params": {"C": 21.327185530253246, "epsilon": 2.2349781685936585, "gamma": 0.018871445795487635}, "datetime": {"datetime": "2021-09-24 09:57:13", "elapsed": 1.393174, "delta": 0.141508}}
{"target": 0.39369612058220005, "params": {"C": 15.045819073572181, "epsilon": 1.8849439483640211, "gamma": 0.15}, "datetime": {"datetime": "2021-09-24 09:57:13", "elapsed": 1.636958, "delta": 0.243784}}
{"target": 0.4151926813509952, "params": {"C": 49.14957600387961, "epsilon": 2.7889191159387896, "gamma": 0.0022983504476645376}, "datetime": {"datetime": "2021-09-24 09:57:13", "elapsed": 1.789584, "delta": 0.152626}}
{"target": 0.14105651424490084, "params": {"C": 20.848856986738713, "epsilon": 2.4186232347764123, "gamma": 0.0005}, "datetime": {"datetime": "2021-09-24 09:57:13", "elapsed": 2.105086, "delta": 0.315502}}
{"target": 0.39490879218003017, "params": {"C": 38.85095166247046, "epsilon": 1.2162766851744529, "gamma": 0.10272033591607128}, "datetime": {"datetime": "2021-09-24 09:57:13", "elapsed": 2.254021, "delta": 0.148935}}
{"target": 0.43602221207240965, "params": {"C": 21.365653510074385, "epsilon": 1.9747398916804821, "gamma": 0.015528846861187853}, "datetime": {"datetime": "2021-09-24 09:57:14", "elapsed": 2.472925, "delta": 0.218904}}
{"target": 0.3556879862701835, "params": {"C": 82.17560248957768, "epsilon": 1.9890345172789927, "gamma": 0.10013851295676002}, "datetime": {"datetime": "2021-09-24 09:57:14", "elapsed": 2.660928, "delta": 0.188003}}
{"target": 0.4420183805640763, "params": {"C": 12.638303325986485, "epsilon": 1.8681104154969508, "gamma": 0.05903324071813883}, "datetime": {"datetime": "2021-09-24 09:57:14", "elapsed": 2.858, "delta": 0.197072}}
{"target": 0.4329116119341466, "params": {"C": 18.778999115110942, "epsilon": 1.696634126902143, "gamma": 0.014673064695100048}, "datetime": {"datetime": "2021-09-24 09:57:14", "elapsed": 3.000474, "delta": 0.142474}}
{"target": 0.42888389399000415, "params": {"C": 12.82105905463809, "epsilon": 2.0541064092951293, "gamma": 0.08558778673916818}, "datetime": {"datetime": "2021-09-24 09:57:15", "elapsed": 3.376559, "delta": 0.376085}}
{"target": 0.425857151225291, "params": {"C": 21.382948328233212, "epsilon": 1.969745918247204, "gamma": 0.008608172729663376}, "datetime": {"datetime": "2021-09-24 09:57:15", "elapsed": 3.549268, "delta": 0.172709}}
{"target": 0.4034395586614776, "params": {"C": 21.155469898531017, "epsilon": 1.8875229901735053, "gamma": 0.12935605667382552}, "datetime": {"datetime": "2021-09-24 09:57:15", "elapsed": 3.885253, "delta": 0.335985}}
{"target": 0.4430745876174137, "params": {"C": 12.83573477811177, "epsilon": 1.7023668301869697, "gamma": 0.048190382671616495}, "datetime": {"datetime": "2021-09-24 09:57:15", "elapsed": 4.109503, "delta": 0.22425}}
{"target": 0.42485242432277637, "params": {"C": 12.499479710845993, "epsilon": 1.6436853117784094, "gamma": 0.0933940236182156}, "datetime": {"datetime": "2021-09-24 09:57:16", "elapsed": 4.333262, "delta": 0.223759}}
{"target": 0.42487907288726057, "params": {"C": 13.098553775912448, "epsilon": 1.8250171693442192, "gamma": 0.09286126080053275}, "datetime": {"datetime": "2021-09-24 09:57:16", "elapsed": 4.556274, "delta": 0.223012}}
{"target": 0.4085899658496237, "params": {"C": 14.074880518588744, "epsilon": 2.1957073051778817, "gamma": 0.12257659807896201}, "datetime": {"datetime": "2021-09-24 09:57:16", "elapsed": 4.779422, "delta": 0.223148}}
{"target": 0.3988712974970957, "params": {"C": 12.90118833004496, "epsilon": 1.437220484124728, "gamma": 0.1447950599739602}, "datetime": {"datetime": "2021-09-24 09:57:16", "elapsed": 5.022888, "delta": 0.243466}}
{"target": 0.10220214860580923, "params": {"C": 14.285808849030413, "epsilon": 1.7424656899555024, "gamma": 0.0005}, "datetime": {"datetime": "2021-09-24 09:57:17", "elapsed": 5.389015, "delta": 0.366127}}
{"target": 0.40339953221729596, "params": {"C": 14.366549348704492, "epsilon": 2.2488457959357593, "gamma": 0.1325200495279459}, "datetime": {"datetime": "2021-09-24 09:57:17", "elapsed": 5.642419, "delta": 0.253404}}
{"target": 0.27503303348123154, "params": {"C": 2.1612542039199867, "epsilon": 2.8492362350862663, "gamma": 0.018862369518149603}, "datetime": {"datetime": "2021-09-24 09:57:17", "elapsed": 5.824917, "delta": 0.182498}}
{"target": 0.3964118729570464, "params": {"C": 12.442635148512284, "epsilon": 2.0368898048081587, "gamma": 0.1467906827672459}, "datetime": {"datetime": "2021-09-24 09:57:17", "elapsed": 6.098898, "delta": 0.273981}}
{"target": 0.44060490052365464, "params": {"C": 18.564587018726872, "epsilon": 1.533847952870497, "gamma": 0.05253695800487778}, "datetime": {"datetime": "2021-09-24 09:57:18", "elapsed": 6.342657, "delta": 0.243759}}
{"target": 0.4414952033255688, "params": {"C": 18.526871602813493, "epsilon": 1.768322989149481, "gamma": 0.03194110450339718}, "datetime": {"datetime": "2021-09-24 09:57:18", "elapsed": 6.688484, "delta": 0.345827}}
{"target": 0.4418899654544073, "params": {"C": 18.21667440809663, "epsilon": 1.7120464120831431, "gamma": 0.03868842349191675}, "datetime": {"datetime": "2021-09-24 09:57:18", "elapsed": 7.084561, "delta": 0.396077}}
{"target": 0.3325437984342736, "params": {"C": 74.69062321553075, "epsilon": 2.389602175757009, "gamma": 0.14111436478855224}, "datetime": {"datetime": "2021-09-24 09:57:19", "elapsed": 7.377262, "delta": 0.292701}}
{"target": 0.4076129249379521, "params": {"C": 18.318225003803736, "epsilon": 1.4464077796418897, "gamma": 0.12397463285300195}, "datetime": {"datetime": "2021-09-24 09:57:19", "elapsed": 7.654053, "delta": 0.276791}}
{"target": 0.41700882140548556, "params": {"C": 21.333878802524318, "epsilon": 1.1870611087145118, "gamma": 0.10025902260287342}, "datetime": {"datetime": "2021-09-24 09:57:19", "elapsed": 7.849647, "delta": 0.195594}}
{"target": 0.1259851601876253, "params": {"C": 18.307290887334908, "epsilon": 1.9618611829194361, "gamma": 0.0005}, "datetime": {"datetime": "2021-09-24 09:57:19", "elapsed": 8.203569, "delta": 0.353922}}
{"target": 0.42954305175596197, "params": {"C": 18.386798110282236, "epsilon": 1.5975987347747413, "gamma": 0.012705312822587161}, "datetime": {"datetime": "2021-09-24 09:57:20", "elapsed": 8.609553, "delta": 0.405984}}
{"target": 0.4374229046340513, "params": {"C": 18.067698005102173, "epsilon": 1.6373686958348812, "gamma": 0.061361263273447}, "datetime": {"datetime": "2021-09-24 09:57:20", "elapsed": 9.014659, "delta": 0.405106}}
{"target": 0.3982302103239489, "params": {"C": 31.302587030249462, "epsilon": 2.4865594280994747, "gamma": 0.11600751759555877}, "datetime": {"datetime": "2021-09-24 09:57:20", "elapsed": 9.260552, "delta": 0.245893}}
{"target": 0.39845709670449225, "params": {"C": 18.70943405199568, "epsilon": 1.8643144197617676, "gamma": 0.14194969666897592}, "datetime": {"datetime": "2021-09-24 09:57:21", "elapsed": 9.646363, "delta": 0.385811}}
{"target": 0.4424117911304911, "params": {"C": 18.78279019985755, "epsilon": 1.4353478641624189, "gamma": 0.04071572426010164}, "datetime": {"datetime": "2021-09-24 09:57:21", "elapsed": 9.951511, "delta": 0.305148}}
{"target": 0.4391513093206023, "params": {"C": 19.01076561885176, "epsilon": 1.5319489916125435, "gamma": 0.05839956000366281}, "datetime": {"datetime": "2021-09-24 09:57:22", "elapsed": 10.327309, "delta": 0.375798}}
{"target": 0.4269068676767773, "params": {"C": 18.965763485661558, "epsilon": 1.1920701171833357, "gamma": 0.08226926108205046}, "datetime": {"datetime": "2021-09-24 09:57:22", "elapsed": 10.877492, "delta": 0.550183}}
{"target": 0.44224906958037224, "params": {"C": 18.654575983362943, "epsilon": 1.1654501909748043, "gamma": 0.026814058343604574}, "datetime": {"datetime": "2021-09-24 09:57:22", "elapsed": 11.172394, "delta": 0.294902}}
{"target": 0.4001264100518701, "params": {"C": 80.62557326867966, "epsilon": 1.9982172123116329, "gamma": 0.061799319848620096}, "datetime": {"datetime": "2021-09-24 09:57:23", "elapsed": 11.42416, "delta": 0.251766}}
{"target": 0.10489717727721548, "params": {"C": 14.552846518129932, "epsilon": 2.108461782858432, "gamma": 0.0005}, "datetime": {"datetime": "2021-09-24 09:57:23", "elapsed": 11.761412, "delta": 0.337252}}
{"target": 0.44046301714486435, "params": {"C": 18.202964921481495, "epsilon": 1.704235076947413, "gamma": 0.05424107200172894}, "datetime": {"datetime": "2021-09-24 09:57:23", "elapsed": 11.984187, "delta": 0.222775}}
{"target": 0.4079614358344992, "params": {"C": 18.563280187042192, "epsilon": 1.3468978148872586, "gamma": 0.12343866400701632}, "datetime": {"datetime": "2021-09-24 09:57:24", "elapsed": 12.686094, "delta": 0.701907}}
{"target": 0.3467454073497519, "params": {"C": 65.04526486800088, "epsilon": 1.1587995383529508, "gamma": 0.13301055044785381}, "datetime": {"datetime": "2021-09-24 09:57:24", "elapsed": 12.971428, "delta": 0.285334}}
{"target": 0.40224800170837327, "params": {"C": 21.30415509155067, "epsilon": 2.091811098989419, "gamma": 0.13275382878958117}, "datetime": {"datetime": "2021-09-24 09:57:24", "elapsed": 13.235206, "delta": 0.263778}}
{"target": 0.4034011428339216, "params": {"C": 18.766699270308706, "epsilon": 1.0686361096476449, "gamma": 0.13167674531948348}, "datetime": {"datetime": "2021-09-24 09:57:25", "elapsed": 13.621582, "delta": 0.386376}}
{"target": 0.3999483876529062, "params": {"C": 13.085243025150197, "epsilon": 2.0964522910663623, "gamma": 0.1418350104299087}, "datetime": {"datetime": "2021-09-24 09:57:25", "elapsed": 14.084375, "delta": 0.462793}}
{"target": 0.3948042385771914, "params": {"C": 18.63779923308839, "epsilon": 1.6536040574045971, "gamma": 0.15}, "datetime": {"datetime": "2021-09-24 09:57:26", "elapsed": 14.858878, "delta": 0.774503}}
{"target": 0.35850855356568145, "params": {"C": 84.12231398201752, "epsilon": 2.4111438763654114, "gamma": 0.09506988846399785}, "datetime": {"datetime": "2021-09-24 09:57:26", "elapsed": 15.156712, "delta": 0.297834}}
{"target": 0.4424440059736303, "params": {"C": 19.116821819122702, "epsilon": 1.3327200599000253, "gamma": 0.04139893080545058}, "datetime": {"datetime": "2021-09-24 09:57:27", "elapsed": 15.705827, "delta": 0.549115}}
{"target": 0.41183402305382544, "params": {"C": 19.234260037365033, "epsilon": 1.510153943498511, "gamma": 0.11505969865117564}, "datetime": {"datetime": "2021-09-24 09:57:27", "elapsed": 16.176742, "delta": 0.470915}}
{"target": 0.4375767476200241, "params": {"C": 8.404971437555588, "epsilon": 1.0857820319579825, "gamma": 0.03322618338031094}, "datetime": {"datetime": "2021-09-24 09:57:28", "elapsed": 16.575961, "delta": 0.399219}}
{"target": 0.4353043403425777, "params": {"C": 8.28682616428293, "epsilon": 1.3275373038199558, "gamma": 0.06645728467065606}, "datetime": {"datetime": "2021-09-24 09:57:28", "elapsed": 17.135959, "delta": 0.559998}}
{"target": 0.4065845258402683, "params": {"C": 18.545377883459324, "epsilon": 1.353695118368224, "gamma": 0.1258909052711021}, "datetime": {"datetime": "2021-09-24 09:57:29", "elapsed": 17.436962, "delta": 0.301003}}
{"target": 0.37015197609659556, "params": {"C": 8.216423814459406, "epsilon": 1.0136407742814084, "gamma": 0.14720353379459475}, "datetime": {"datetime": "2021-09-24 09:57:29", "elapsed": 17.752962, "delta": 0.316}}
{"target": 0.38240999947673426, "params": {"C": 8.503511733925208, "epsilon": 1.2891134765144365, "gamma": 0.13583060386888743}, "datetime": {"datetime": "2021-09-24 09:57:30", "elapsed": 18.447723, "delta": 0.694761}}
{"target": 0.39429548501774747, "params": {"C": 19.236085821723414, "epsilon": 1.0829048678333915, "gamma": 0.004361753855473457}, "datetime": {"datetime": "2021-09-24 09:57:30", "elapsed": 19.273829, "delta": 0.826106}}
{"target": 0.4085214273640999, "params": {"C": 12.886161220093124, "epsilon": 1.87142602236795, "gamma": 0.12617397613495882}, "datetime": {"datetime": "2021-09-24 09:57:31", "elapsed": 19.690005, "delta": 0.416176}}
{"target": 0.4305567978760292, "params": {"C": 21.343847647835954, "epsilon": 2.452319817962817, "gamma": 0.06719783327634488}, "datetime": {"datetime": "2021-09-24 09:57:31", "elapsed": 20.198173, "delta": 0.508168}}
{"target": 0.4410814357583248, "params": {"C": 21.409170125801257, "epsilon": 2.8507195844656494, "gamma": 0.039383431118328746}, "datetime": {"datetime": "2021-09-24 09:57:32", "elapsed": 20.665628, "delta": 0.467455}}
{"target": 0.3961202917690131, "params": {"C": 21.304550132533596, "epsilon": 2.6559786942775343, "gamma": 0.14715254920310442}, "datetime": {"datetime": "2021-09-24 09:57:32", "elapsed": 21.240571, "delta": 0.574943}}
{"target": 0.36377905603582383, "params": {"C": 61.45247529877838, "epsilon": 2.3122475687751596, "gamma": 0.11319950900035822}, "datetime": {"datetime": "2021-09-24 09:57:33", "elapsed": 21.636787, "delta": 0.396216}}
{"target": 0.4201170804676395, "params": {"C": 21.549283224774108, "epsilon": 2.6253024815895927, "gamma": 0.005909721349120486}, "datetime": {"datetime": "2021-09-24 09:57:33", "elapsed": 22.24729, "delta": 0.610503}}
{"target": 0.14756534852754677, "params": {"C": 21.635383775313624, "epsilon": 2.9257292599906557, "gamma": 0.0005}, "datetime": {"datetime": "2021-09-24 09:57:34", "elapsed": 22.786182, "delta": 0.538892}}
{"target": 0.4263850120342708, "params": {"C": 65.3228822261059, "epsilon": 2.653273412121098, "gamma": 0.03293951935264004}, "datetime": {"datetime": "2021-09-24 09:57:34", "elapsed": 23.235479, "delta": 0.449297}}
{"target": 0.4041143356374768, "params": {"C": 21.552362524646163, "epsilon": 2.402470124804574, "gamma": 0.1277238334935378}, "datetime": {"datetime": "2021-09-24 09:57:35", "elapsed": 23.787649, "delta": 0.55217}}
{"target": 0.39858489360625793, "params": {"C": 21.308757671976473, "epsilon": 2.903041883734678, "gamma": 0.14152700678968258}, "datetime": {"datetime": "2021-09-24 09:57:35", "elapsed": 24.244644, "delta": 0.456995}}
{"target": 0.41692908632708414, "params": {"C": 76.934581086443, "epsilon": 1.9435594978391129, "gamma": 0.0446387928463297}, "datetime": {"datetime": "2021-09-24 09:57:36", "elapsed": 24.700087, "delta": 0.455443}}
{"target": 0.4291673596325364, "params": {"C": 19.001889446553843, "epsilon": 1.7592462270605005, "gamma": 0.011580423418946108}, "datetime": {"datetime": "2021-09-24 09:57:37", "elapsed": 25.457407, "delta": 0.75732}}
{"target": 0.44063019628563704, "params": {"C": 14.203323658777213, "epsilon": 2.09134305560091, "gamma": 0.030453773237280428}, "datetime": {"datetime": "2021-09-24 09:57:37", "elapsed": 26.144244, "delta": 0.686837}}
{"target": 0.42269082621308063, "params": {"C": 8.260568531253307, "epsilon": 1.5649605647607987, "gamma": 0.019448272198731794}, "datetime": {"datetime": "2021-09-24 09:57:38", "elapsed": 26.881882, "delta": 0.737638}}
{"target": 0.09351594423068077, "params": {"C": 13.06592189424005, "epsilon": 1.6097771628097026, "gamma": 0.0005}, "datetime": {"datetime": "2021-09-24 09:57:39", "elapsed": 27.596071, "delta": 0.714189}}
{"target": 0.43764287956064163, "params": {"C": 12.63693802732008, "epsilon": 1.5293952566315998, "gamma": 0.02626820645552851}, "datetime": {"datetime": "2021-09-24 09:57:40", "elapsed": 28.409317, "delta": 0.813246}}
{"target": 0.4397303441004067, "params": {"C": 13.273171621423003, "epsilon": 1.9697886664327375, "gamma": 0.06471849812340533}, "datetime": {"datetime": "2021-09-24 09:57:40", "elapsed": 29.058339, "delta": 0.649022}}
