{"target": 0.4088041217734776, "params": {"C": 105.0283445986513, "epsilon": 0.5676634479186605, "gamma": 0.03832158447099278}, "datetime": {"datetime": "2021-09-24 09:37:27", "elapsed": 24.922722, "delta": 0.47193}}
{"target": 0.3429794594218776, "params": {"C": 104.97935211763973, "epsilon": 0.6816692498910639, "gamma": 0.09738900132316403}, "datetime": {"datetime": "2021-09-24 09:37:28", "elapsed": 25.410626, "delta": 0.487904}}
{"target": 0.4177674821242199, "params": {"C": 110.32321899948138, "epsilon": 0.7298199943689851, "gamma": 0.022307686291192876}, "datetime": {"datetime": "2021-09-24 09:37:28", "elapsed": 25.690486, "delta": 0.27986}}
{"target": 0.24843482813686613, "params": {"C": 194.51319986750332, "epsilon": 0.3458903981490745, "gamma": 0.1291559396624357}, "datetime": {"datetime": "2021-09-24 09:37:28", "elapsed": 25.94454, "delta": 0.254054}}
{"target": 0.327438643379649, "params": {"C": 161.23520342866664, "epsilon": 0.45568929357953925, "gamma": 0.08254840396809832}, "datetime": {"datetime": "2021-09-24 09:37:28", "elapsed": 26.218256, "delta": 0.273716}}
{"target": 0.3590448488317797, "params": {"C": 110.17450085616663, "epsilon": 0.8387060551907247, "gamma": 0.07941178598481316}, "datetime": {"datetime": "2021-09-24 09:37:29", "elapsed": 26.61424, "delta": 0.395984}}
{"target": 0.43807146354945137, "params": {"C": 110.3360693183548, "epsilon": 0.5657196709970238, "gamma": 0.007199524101908853}, "datetime": {"datetime": "2021-09-24 09:37:29", "elapsed": 27.030526, "delta": 0.416286}}
{"target": 0.3074886806152305, "params": {"C": 109.82824096648328, "epsilon": 0.72740800084963, "gamma": 0.1380744304856794}, "datetime": {"datetime": "2021-09-24 09:37:29", "elapsed": 27.300179, "delta": 0.269653}}
{"target": 0.3145944759475505, "params": {"C": 105.26932658395675, "epsilon": 0.3892319507411614, "gamma": 0.1338809563049748}, "datetime": {"datetime": "2021-09-24 09:37:30", "elapsed": 27.601042, "delta": 0.300863}}
{"target": 0.3899546066381141, "params": {"C": 110.44582146196986, "epsilon": 0.656858619899798, "gamma": 0.0605493863439295}, "datetime": {"datetime": "2021-09-24 09:37:30", "elapsed": 27.980633, "delta": 0.379591}}
{"target": 0.33252464805816095, "params": {"C": 110.19052597515247, "epsilon": 0.5416678244730815, "gamma": 0.10458949955939702}, "datetime": {"datetime": "2021-09-24 09:37:31", "elapsed": 28.53454, "delta": 0.553907}}
{"target": 0.30254988444113684, "params": {"C": 129.12159788585643, "epsilon": 0.10495845868097278, "gamma": 0.12456100819562374}, "datetime": {"datetime": "2021-09-24 09:37:31", "elapsed": 28.851137, "delta": 0.316597}}
{"target": 0.41592954472307475, "params": {"C": 110.3598809872314, "epsilon": 0.4555768762364204, "gamma": 0.020787262789084084}, "datetime": {"datetime": "2021-09-24 09:37:32", "elapsed": 29.332731, "delta": 0.481594}}
{"target": 0.40224355281957225, "params": {"C": 199.01250314551464, "epsilon": 0.7451536257471549, "gamma": 0.02160816760615233}, "datetime": {"datetime": "2021-09-24 09:37:32", "elapsed": 29.662091, "delta": 0.32936}}
{"target": 0.4363970270022254, "params": {"C": 104.90179637317105, "epsilon": 0.7946706051341785, "gamma": 0.004474341031227859}, "datetime": {"datetime": "2021-09-24 09:37:32", "elapsed": 30.16993, "delta": 0.507839}}
{"target": 0.35381602721063854, "params": {"C": 117.66985343856572, "epsilon": 0.5955910846169462, "gamma": 0.08060568609596677}, "datetime": {"datetime": "2021-09-24 09:37:33", "elapsed": 30.85817, "delta": 0.68824}}
{"target": 0.39724561268491565, "params": {"C": 107.85665190911774, "epsilon": 0.08517072435774939, "gamma": 0.05784652176279966}, "datetime": {"datetime": "2021-09-24 09:37:33", "elapsed": 31.305712, "delta": 0.447542}}
{"target": 0.4325465851358592, "params": {"C": 113.42383393752007, "epsilon": 0.349648407669477, "gamma": 0.009007260889849272}, "datetime": {"datetime": "2021-09-24 09:37:34", "elapsed": 31.723071, "delta": 0.417359}}
{"target": 0.42031590741442626, "params": {"C": 118.19637477438263, "epsilon": 0.4930577651182067, "gamma": 0.0011109106940407226}, "datetime": {"datetime": "2021-09-24 09:37:34", "elapsed": 32.028889, "delta": 0.305818}}
{"target": 0.3746835073567746, "params": {"C": 118.26905980565371, "epsilon": 0.36719765038704255, "gamma": 0.0005}, "datetime": {"datetime": "2021-09-24 09:37:35", "elapsed": 32.517918, "delta": 0.489029}}
{"target": 0.4290998763159597, "params": {"C": 113.27528505702315, "epsilon": 0.33413753462002105, "gamma": 0.011055599395626451}, "datetime": {"datetime": "2021-09-24 09:37:35", "elapsed": 33.146665, "delta": 0.628747}}
{"target": 0.4061171210016492, "params": {"C": 113.36867423057573, "epsilon": 0.21320048899527105, "gamma": 0.04760669055548906}, "datetime": {"datetime": "2021-09-24 09:37:36", "elapsed": 33.564111, "delta": 0.417446}}
{"target": 0.3230881729190762, "params": {"C": 113.20893949806829, "epsilon": 0.25654907042545294, "gamma": 0.11407865361351692}, "datetime": {"datetime": "2021-09-24 09:37:36", "elapsed": 34.050777, "delta": 0.486666}}
{"target": 0.4386231117181735, "params": {"C": 113.56655927416534, "epsilon": 0.23846057648830907, "gamma": 0.0063427365335305234}, "datetime": {"datetime": "2021-09-24 09:37:37", "elapsed": 34.619721, "delta": 0.568944}}
{"target": 0.4151839759994108, "params": {"C": 113.53637840721284, "epsilon": 0.06697993482769204, "gamma": 0.02321749858819941}, "datetime": {"datetime": "2021-09-24 09:37:37", "elapsed": 35.089949, "delta": 0.470228}}
{"target": 0.4068370457949865, "params": {"C": 113.72583997840528, "epsilon": 0.21828644503266717, "gamma": 0.0437950594291884}, "datetime": {"datetime": "2021-09-24 09:37:38", "elapsed": 35.491124, "delta": 0.401175}}
{"target": 0.3027183750340471, "params": {"C": 113.60859389822967, "epsilon": 0.2516282361559839, "gamma": 0.1398033679934501}, "datetime": {"datetime": "2021-09-24 09:37:38", "elapsed": 36.040519, "delta": 0.549395}}
{"target": 0.36440536153941916, "params": {"C": 104.89546826561276, "epsilon": 0.5566697159849964, "gamma": 0.0005}, "datetime": {"datetime": "2021-09-24 09:37:39", "elapsed": 36.541456, "delta": 0.500937}}
{"target": 0.4155103330126525, "params": {"C": 113.6999590971576, "epsilon": 0.05665594919717944, "gamma": 0.022051870525291277}, "datetime": {"datetime": "2021-09-24 09:37:39", "elapsed": 37.056745, "delta": 0.515289}}
{"target": 0.43703127461742997, "params": {"C": 196.85199384758846, "epsilon": 0.978682493000365, "gamma": 0.002958920515212661}, "datetime": {"datetime": "2021-09-24 09:37:40", "elapsed": 37.357718, "delta": 0.300973}}
{"target": 0.3967211073967851, "params": {"C": 196.8096507858007, "epsilon": 0.8632990718846512, "gamma": 0.032238189262720124}, "datetime": {"datetime": "2021-09-24 09:37:40", "elapsed": 37.912694, "delta": 0.554976}}
{"target": 0.3549006673100512, "params": {"C": 108.29391058417143, "epsilon": 0.9598458464624114, "gamma": 0.0841524031696038}, "datetime": {"datetime": "2021-09-24 09:37:41", "elapsed": 38.331604, "delta": 0.41891}}
{"target": 0.4384070492858423, "params": {"C": 113.46358129875624, "epsilon": 0.20353488152356944, "gamma": 0.006100976871699585}, "datetime": {"datetime": "2021-09-24 09:37:41", "elapsed": 38.821502, "delta": 0.489898}}
{"target": 0.2800872116864823, "params": {"C": 196.90680588184284, "epsilon": 0.9964599405501545, "gamma": 0.10622185669468692}, "datetime": {"datetime": "2021-09-24 09:37:41", "elapsed": 39.280948, "delta": 0.459446}}
{"target": 0.41524784058622655, "params": {"C": 148.43204538663804, "epsilon": 0.9279552514315418, "gamma": 0.016378320081233896}, "datetime": {"datetime": "2021-09-24 09:37:42", "elapsed": 39.597651, "delta": 0.316703}}
{"target": 0.37111158192557914, "params": {"C": 113.33767085943167, "epsilon": 0.41129667873826353, "gamma": 0.0005}, "datetime": {"datetime": "2021-09-24 09:37:42", "elapsed": 40.038687, "delta": 0.441036}}
{"target": 0.3740652353872683, "params": {"C": 196.75516724853728, "epsilon": 0.9933912006975735, "gamma": 0.04774819236242975}, "datetime": {"datetime": "2021-09-24 09:37:43", "elapsed": 40.764071, "delta": 0.725384}}
{"target": 0.4130713843807411, "params": {"C": 180.315270247768, "epsilon": 0.43743512604705115, "gamma": 0.014586418537894512}, "datetime": {"datetime": "2021-09-24 09:37:43", "elapsed": 41.12451, "delta": 0.360439}}
{"target": 0.3639945891464962, "params": {"C": 105.13158950445649, "epsilon": 0.6333715378317132, "gamma": 0.0005}, "datetime": {"datetime": "2021-09-24 09:37:44", "elapsed": 41.641526, "delta": 0.517016}}
{"target": 0.3559377298825529, "params": {"C": 113.46670202037771, "epsilon": 0.13941594915834793, "gamma": 0.08086080542822299}, "datetime": {"datetime": "2021-09-24 09:37:44", "elapsed": 42.110587, "delta": 0.469061}}
{"target": 0.295013233736102, "params": {"C": 124.86655354023715, "epsilon": 0.8778858270226196, "gamma": 0.1370668599303269}, "datetime": {"datetime": "2021-09-24 09:37:45", "elapsed": 42.458289, "delta": 0.347702}}
{"target": 0.24302122956372763, "params": {"C": 179.73082508449374, "epsilon": 0.5761630677535713, "gamma": 0.14163291836160058}, "datetime": {"datetime": "2021-09-24 09:37:45", "elapsed": 42.827877, "delta": 0.369588}}
{"target": 0.43857794520166726, "params": {"C": 113.84924328342362, "epsilon": 0.09358467459512698, "gamma": 0.00536673758438674}, "datetime": {"datetime": "2021-09-24 09:37:45", "elapsed": 43.244695, "delta": 0.416818}}
{"target": 0.3502716173109591, "params": {"C": 113.8915864677834, "epsilon": 0.14889340722442732, "gamma": 0.08583436209369895}, "datetime": {"datetime": "2021-09-24 09:37:46", "elapsed": 43.713802, "delta": 0.469107}}
{"target": 0.4355782243824754, "params": {"C": 180.2061652849605, "epsilon": 0.399722734364973, "gamma": 0.00511910286526668}, "datetime": {"datetime": "2021-09-24 09:37:47", "elapsed": 44.348993, "delta": 0.635191}}
{"target": 0.3009388090347741, "params": {"C": 164.35745371205508, "epsilon": 0.6232311515095345, "gamma": 0.10475555238169798}, "datetime": {"datetime": "2021-09-24 09:37:47", "elapsed": 44.724868, "delta": 0.375875}}
{"target": 0.41793259158019813, "params": {"C": 144.24826469863856, "epsilon": 0.901564439784334, "gamma": 0.013984704864682763}, "datetime": {"datetime": "2021-09-24 09:37:47", "elapsed": 45.106833, "delta": 0.381965}}
{"target": 0.3551061223354569, "params": {"C": 180.2178307747299, "epsilon": 0.46967428044477694, "gamma": 0.05903282903286298}, "datetime": {"datetime": "2021-09-24 09:37:48", "elapsed": 45.718779, "delta": 0.611946}}
{"target": 0.40081385758190957, "params": {"C": 180.2640606984639, "epsilon": 0.3217255263913707, "gamma": 0.0005}, "datetime": {"datetime": "2021-09-24 09:37:49", "elapsed": 46.50367, "delta": 0.784891}}
{"target": 0.39769244175735075, "params": {"C": 180.1516285405657, "epsilon": 0.28010313112449736, "gamma": 0.0370782247166221}, "datetime": {"datetime": "2021-09-24 09:37:49", "elapsed": 47.058669, "delta": 0.554999}}
{"target": 0.4134097904746997, "params": {"C": 113.79111060995338, "epsilon": 0.03584132636273935, "gamma": 0.02608426419920827}, "datetime": {"datetime": "2021-09-24 09:37:50", "elapsed": 47.684208, "delta": 0.625539}}
{"target": 0.3498519082892094, "params": {"C": 111.34741018017985, "epsilon": 0.8076455999745303, "gamma": 0.08744091393064962}, "datetime": {"datetime": "2021-09-24 09:37:50", "elapsed": 48.101758, "delta": 0.41755}}
{"target": 0.23594448888197084, "params": {"C": 199.42750981129728, "epsilon": 0.8598084282695956, "gamma": 0.13613111903624975}, "datetime": {"datetime": "2021-09-24 09:37:51", "elapsed": 48.470451, "delta": 0.368693}}
{"target": 0.4196569053383613, "params": {"C": 113.46649553739188, "epsilon": 0.2906009987357727, "gamma": 0.017347481912362052}, "datetime": {"datetime": "2021-09-24 09:37:51", "elapsed": 48.924694, "delta": 0.454243}}
{"target": 0.39954504878396224, "params": {"C": 180.13302343012467, "epsilon": 0.2823625809238477, "gamma": 0.029858988686077177}, "datetime": {"datetime": "2021-09-24 09:37:52", "elapsed": 49.431435, "delta": 0.506741}}
{"target": 0.42212685140451756, "params": {"C": 144.10930634464177, "epsilon": 0.9024051497004779, "gamma": 0.012245918335729303}, "datetime": {"datetime": "2021-09-24 09:37:52", "elapsed": 49.992602, "delta": 0.561167}}
{"target": 0.3260438957102614, "params": {"C": 144.1622898912708, "epsilon": 0.9937470616019831, "gamma": 0.09253376383997039}, "datetime": {"datetime": "2021-09-24 09:37:53", "elapsed": 50.578124, "delta": 0.585522}}
{"target": 0.4122652222110563, "params": {"C": 125.20451095937916, "epsilon": 0.5941401750627597, "gamma": 0.02616314790712088}, "datetime": {"datetime": "2021-09-24 09:37:53", "elapsed": 50.995013, "delta": 0.416889}}
{"target": 0.32308981456411856, "params": {"C": 154.4232069206874, "epsilon": 0.3135728059569613, "gamma": 0.08937357098772315}, "datetime": {"datetime": "2021-09-24 09:37:54", "elapsed": 51.412026, "delta": 0.417013}}
{"target": 0.43309590001889087, "params": {"C": 144.15716678662272, "epsilon": 0.7670737696826588, "gamma": 0.007108132573064519}, "datetime": {"datetime": "2021-09-24 09:37:54", "elapsed": 51.952715, "delta": 0.540689}}
{"target": 0.363535753975775, "params": {"C": 140.67094206529765, "epsilon": 0.6893362076735602, "gamma": 0.06400123571770773}, "datetime": {"datetime": "2021-09-24 09:37:55", "elapsed": 52.49273, "delta": 0.540015}}
{"target": 0.3662652681320635, "params": {"C": 144.24749881348714, "epsilon": 0.7455095185960245, "gamma": 0.06186379188585491}, "datetime": {"datetime": "2021-09-24 09:37:55", "elapsed": 53.305107, "delta": 0.812377}}
{"target": 0.4322655333840667, "params": {"C": 110.4780001364185, "epsilon": 0.5040161183451679, "gamma": 0.0030034637549376827}, "datetime": {"datetime": "2021-09-24 09:37:56", "elapsed": 54.155098, "delta": 0.849991}}
{"target": 0.3886607706068079, "params": {"C": 144.00756069603634, "epsilon": 0.7540577198694857, "gamma": 0.05220134428300423}, "datetime": {"datetime": "2021-09-24 09:37:57", "elapsed": 54.676981, "delta": 0.521883}}
{"target": 0.33747564881279135, "params": {"C": 110.46338798872979, "epsilon": 0.4765728983110116, "gamma": 0.099094203911459}, "datetime": {"datetime": "2021-09-24 09:37:58", "elapsed": 55.404286, "delta": 0.727305}}
{"target": 0.2790838880696902, "params": {"C": 133.00514203810303, "epsilon": 0.15319117200448434, "gamma": 0.14642416361937804}, "datetime": {"datetime": "2021-09-24 09:37:58", "elapsed": 55.909424, "delta": 0.505138}}
{"target": 0.3673318274720986, "params": {"C": 107.77969347709487, "epsilon": 0.2854936290733608, "gamma": 0.0005}, "datetime": {"datetime": "2021-09-24 09:37:59", "elapsed": 56.60382, "delta": 0.694396}}
{"target": 0.3689615933602387, "params": {"C": 144.12615846800128, "epsilon": 0.8231368270784188, "gamma": 0.06067012969683979}, "datetime": {"datetime": "2021-09-24 09:37:59", "elapsed": 57.147992, "delta": 0.544172}}
{"target": 0.37473831673993385, "params": {"C": 118.2641331403721, "epsilon": 0.596111041993303, "gamma": 0.0005}, "datetime": {"datetime": "2021-09-24 09:38:00", "elapsed": 57.84795, "delta": 0.699958}}
{"target": 0.4097625359205157, "params": {"C": 146.5341249825987, "epsilon": 0.10475942313892601, "gamma": 0.0211793570453777}, "datetime": {"datetime": "2021-09-24 09:38:00", "elapsed": 58.284968, "delta": 0.437018}}
{"target": 0.35526002509309096, "params": {"C": 148.35859696777175, "epsilon": 0.8133013715975649, "gamma": 0.06679820818977882}, "datetime": {"datetime": "2021-09-24 09:38:01", "elapsed": 59.012928, "delta": 0.72796}}
{"target": 0.41021494204387265, "params": {"C": 113.62560117983749, "epsilon": 0.13443542584624324, "gamma": 0.02868621963484262}, "datetime": {"datetime": "2021-09-24 09:38:02", "elapsed": 59.788979, "delta": 0.776051}}
{"target": 0.4195163928784189, "params": {"C": 113.92566289755587, "epsilon": 0.03937855285462364, "gamma": 0.01623785899263814}, "datetime": {"datetime": "2021-09-24 09:38:03", "elapsed": 60.549116, "delta": 0.760137}}
{"target": 0.3672691491800505, "params": {"C": 107.49220912564371, "epsilon": 0.2815734961349545, "gamma": 0.0005}, "datetime": {"datetime": "2021-09-24 09:38:03", "elapsed": 61.285621, "delta": 0.736505}}
{"target": 0.4368506743989442, "params": {"C": 117.85753350530808, "epsilon": 0.7325782189203912, "gamma": 0.00410828773381572}, "datetime": {"datetime": "2021-09-24 09:38:04", "elapsed": 61.971864, "delta": 0.686243}}
{"target": 0.4176394108300384, "params": {"C": 144.0684174328346, "epsilon": 0.6369807888853635, "gamma": 0.014599697478972282}, "datetime": {"datetime": "2021-09-24 09:38:05", "elapsed": 62.619251, "delta": 0.647387}}
{"target": 0.29308465799969885, "params": {"C": 171.87359393095144, "epsilon": 0.3670700983612025, "gamma": 0.10631524659891856}, "datetime": {"datetime": "2021-09-24 09:38:05", "elapsed": 63.089072, "delta": 0.469821}}
{"target": 0.40818102575092874, "params": {"C": 105.10788123121675, "epsilon": 0.9349319919604558, "gamma": 0.04440936495617995}, "datetime": {"datetime": "2021-09-24 09:38:06", "elapsed": 64.116655, "delta": 1.027583}}
{"target": 0.4379111429485314, "params": {"C": 110.55693014303415, "epsilon": 0.5719065417244518, "gamma": 0.007302305496897933}, "datetime": {"datetime": "2021-09-24 09:38:07", "elapsed": 64.76336, "delta": 0.646705}}
{"target": 0.2863416211678972, "params": {"C": 132.82233192756726, "epsilon": 0.015603841127306003, "gamma": 0.1383265805678182}, "datetime": {"datetime": "2021-09-24 09:38:08", "elapsed": 65.338479, "delta": 0.575119}}
{"target": 0.38700754507669466, "params": {"C": 110.64571133763826, "epsilon": 0.5057841796054331, "gamma": 0.06203532389466437}, "datetime": {"datetime": "2021-09-24 09:38:09", "elapsed": 66.31636, "delta": 0.977881}}
{"target": 0.3204582661178125, "params": {"C": 171.83981780483597, "epsilon": 0.37881605347743746, "gamma": 0.08516188847843405}, "datetime": {"datetime": "2021-09-24 09:38:09", "elapsed": 66.787079, "delta": 0.470719}}
{"target": 0.415827135080471, "params": {"C": 110.58865026249507, "epsilon": 0.6896350261640697, "gamma": 0.02463036220309166}, "datetime": {"datetime": "2021-09-24 09:38:10", "elapsed": 67.519674, "delta": 0.732595}}
{"target": 0.37756603038595293, "params": {"C": 125.06347077921173, "epsilon": 0.5965868137683343, "gamma": 0.0005}, "datetime": {"datetime": "2021-09-24 09:38:10", "elapsed": 68.259339, "delta": 0.739665}}
{"target": 0.3779455619700548, "params": {"C": 105.01849714005104, "epsilon": 0.7973945355302859, "gamma": 0.0006047360602622864}, "datetime": {"datetime": "2021-09-24 09:38:11", "elapsed": 69.05617, "delta": 0.796831}}
{"target": 0.24499519661268265, "params": {"C": 173.84430421480133, "epsilon": 0.8129957026230066, "gamma": 0.14399392556229154}, "datetime": {"datetime": "2021-09-24 09:38:12", "elapsed": 69.563498, "delta": 0.507328}}
{"target": 0.30380930273692364, "params": {"C": 105.18175905036475, "epsilon": 0.8513352911470112, "gamma": 0.148095593728403}, "datetime": {"datetime": "2021-09-24 09:38:13", "elapsed": 70.369074, "delta": 0.805576}}
{"target": 0.3892790706820264, "params": {"C": 112.67825574852873, "epsilon": 0.8230588788069884, "gamma": 0.06006070713789138}, "datetime": {"datetime": "2021-09-24 09:38:13", "elapsed": 70.851401, "delta": 0.482327}}
{"target": 0.4373230142167792, "params": {"C": 144.1924746780736, "epsilon": 0.6237289041401562, "gamma": 0.00452733529984543}, "datetime": {"datetime": "2021-09-24 09:38:14", "elapsed": 71.688559, "delta": 0.837158}}
{"target": 0.3906737548479374, "params": {"C": 144.1457495826739, "epsilon": 0.5227894532504569, "gamma": 0.05135941873181549}, "datetime": {"datetime": "2021-09-24 09:38:15", "elapsed": 72.568697, "delta": 0.880138}}
{"target": 0.4032713084755417, "params": {"C": 103.29753067799881, "epsilon": 0.41289270777610043, "gamma": 0.05491284277556274}, "datetime": {"datetime": "2021-09-24 09:38:15", "elapsed": 73.086631, "delta": 0.517934}}
{"target": 0.36336227118888265, "params": {"C": 104.55633375557058, "epsilon": 0.7305572177931965, "gamma": 0.0005}, "datetime": {"datetime": "2021-09-24 09:38:16", "elapsed": 74.00753, "delta": 0.920899}}
{"target": 0.40377872742626253, "params": {"C": 146.68289271256248, "epsilon": 0.12054705784024915, "gamma": 0.02842259763771333}, "datetime": {"datetime": "2021-09-24 09:38:17", "elapsed": 74.816788, "delta": 0.809258}}
{"target": 0.3691945496270381, "params": {"C": 110.70103376532929, "epsilon": 0.6355364599270236, "gamma": 0.0005}, "datetime": {"datetime": "2021-09-24 09:38:18", "elapsed": 75.657077, "delta": 0.840289}}
{"target": 0.42276597628994894, "params": {"C": 144.25386714806686, "epsilon": 0.8912727574254432, "gamma": 0.011832268293414584}, "datetime": {"datetime": "2021-09-24 09:38:18", "elapsed": 76.189422, "delta": 0.532345}}
{"target": 0.41623683737623984, "params": {"C": 130.63245812659176, "epsilon": 0.9602505369784217, "gamma": 0.018156522685155087}, "datetime": {"datetime": "2021-09-24 09:38:19", "elapsed": 77.263358, "delta": 1.073936}}
{"target": 0.4027796011879118, "params": {"C": 161.99820682025745, "epsilon": 0.27406461787338027, "gamma": 0.026150507662175016}, "datetime": {"datetime": "2021-09-24 09:38:20", "elapsed": 77.762229, "delta": 0.498871}}
{"target": 0.4161415473415724, "params": {"C": 144.11147965348317, "epsilon": 0.8896429626247118, "gamma": 0.015610069341055426}, "datetime": {"datetime": "2021-09-24 09:38:21", "elapsed": 78.332526, "delta": 0.570297}}
{"target": 0.4104191960034711, "params": {"C": 144.3841514727477, "epsilon": 0.9346580881324056, "gamma": 0.023058947976543575}, "datetime": {"datetime": "2021-09-24 09:38:21", "elapsed": 79.272657, "delta": 0.940131}}
{"target": 0.4291544812897924, "params": {"C": 144.06325755054192, "epsilon": 0.6445168269154009, "gamma": 0.009451821040699452}, "datetime": {"datetime": "2021-09-24 09:38:22", "elapsed": 79.759057, "delta": 0.4864}}
