{"target": -37.445381123905335, "params": {"C": 157.02147477608005, "epsilon": 2.542095680941049, "gamma": 0.0018677357367190622}, "datetime": {"datetime": "2021-09-28 13:03:22", "elapsed": 1486.644304, "delta": 10.681147}}
{"target": -37.37170566574111, "params": {"C": 239.3780251016919, "epsilon": 2.908381109182307, "gamma": 0.004964327739737506}, "datetime": {"datetime": "2021-09-28 13:03:26", "elapsed": 1491.00489, "delta": 4.360586}}
{"target": -38.034527638175994, "params": {"C": 239.42479502955308, "epsilon": 2.8512150501593427, "gamma": 0.007537465537008269}, "datetime": {"datetime": "2021-09-28 13:03:33", "elapsed": 1497.616647, "delta": 6.611757}}
{"target": -40.560934761394726, "params": {"C": 239.3655361341899, "epsilon": 2.8977622332675144, "gamma": 0.06484869036223917}, "datetime": {"datetime": "2021-09-28 13:03:40", "elapsed": 1504.405138, "delta": 6.788491}}
{"target": -40.78100927450573, "params": {"C": 193.60862394897165, "epsilon": 0.11557646858263414, "gamma": 0.06009202717909287}, "datetime": {"datetime": "2021-09-28 13:03:46", "elapsed": 1510.473584, "delta": 6.068446}}
{"target": -38.05933617337389, "params": {"C": 174.70444655672725, "epsilon": 0.796244439321544, "gamma": 0.009547521879196788}, "datetime": {"datetime": "2021-09-28 13:03:53", "elapsed": 1517.678191, "delta": 7.204607}}
{"target": -38.9450831775236, "params": {"C": 193.6917728234381, "epsilon": 0.3156203426084707, "gamma": 0.014690838394488804}, "datetime": {"datetime": "2021-09-28 13:04:02", "elapsed": 1526.306221, "delta": 8.62803}}
{"target": -38.82100906786256, "params": {"C": 221.50912554012822, "epsilon": 0.9004245644854533, "gamma": 0.01694293851591785}, "datetime": {"datetime": "2021-09-28 13:04:06", "elapsed": 1530.846722, "delta": 4.540501}}
{"target": -37.963870761100885, "params": {"C": 193.59449961045252, "epsilon": 0.18958467930748582, "gamma": 0.00786058316928135}, "datetime": {"datetime": "2021-09-28 13:04:14", "elapsed": 1538.7909, "delta": 7.944178}}
{"target": -40.651082396594916, "params": {"C": 239.69394311033346, "epsilon": 1.94466968386181, "gamma": 0.06549052077686404}, "datetime": {"datetime": "2021-09-28 13:04:21", "elapsed": 1545.61996, "delta": 6.82906}}
{"target": -40.50160770771723, "params": {"C": 170.96788412760253, "epsilon": 2.7648920349420534, "gamma": 0.06329129669897171}, "datetime": {"datetime": "2021-09-28 13:04:25", "elapsed": 1549.667995, "delta": 4.048035}}
{"target": -38.528776661326845, "params": {"C": 265.03403737440823, "epsilon": 0.0370035272887092, "gamma": 0.008321339379203794}, "datetime": {"datetime": "2021-09-28 13:04:30", "elapsed": 1554.583495, "delta": 4.9155}}
{"target": -39.007753139428964, "params": {"C": 258.3745102205248, "epsilon": 0.08111111946343691, "gamma": 0.015130841833018494}, "datetime": {"datetime": "2021-09-28 13:04:34", "elapsed": 1558.85073, "delta": 4.267235}}
{"target": -37.34370672692337, "params": {"C": 193.6267267165823, "epsilon": 0.3023058355343031, "gamma": 0.0010272185687216317}, "datetime": {"datetime": "2021-09-28 13:04:41", "elapsed": 1565.711514, "delta": 6.860784}}
{"target": -41.21816861384221, "params": {"C": 244.7442432079521, "epsilon": 2.685073155692886, "gamma": 0.08594766475013332}, "datetime": {"datetime": "2021-09-28 13:04:45", "elapsed": 1569.984603, "delta": 4.273089}}
{"target": -41.64535236818756, "params": {"C": 270.11431145548426, "epsilon": 2.0104932861380482, "gamma": 0.08630422593122485}, "datetime": {"datetime": "2021-09-28 13:04:50", "elapsed": 1574.332889, "delta": 4.348286}}
{"target": -40.90195445888252, "params": {"C": 223.60998670246255, "epsilon": 0.010286642955781963, "gamma": 0.06393791193559037}, "datetime": {"datetime": "2021-09-28 13:04:54", "elapsed": 1578.992676, "delta": 4.659787}}
{"target": -40.46367140417477, "params": {"C": 293.3706968132512, "epsilon": 2.3507885430481568, "gamma": 0.04845575522825286}, "datetime": {"datetime": "2021-09-28 13:04:59", "elapsed": 1583.638367, "delta": 4.645691}}
{"target": -39.16649506318339, "params": {"C": 239.784742180124, "epsilon": 1.8213489595056895, "gamma": 0.030706376317825242}, "datetime": {"datetime": "2021-09-28 13:05:07", "elapsed": 1591.737577, "delta": 8.09921}}
{"target": -38.085673886860896, "params": {"C": 178.39446750367455, "epsilon": 1.135118314769726, "gamma": 0.009024369816636908}, "datetime": {"datetime": "2021-09-28 13:05:20", "elapsed": 1604.652194, "delta": 12.914617}}
{"target": -37.53685684292319, "params": {"C": 195.62287414317808, "epsilon": 2.6986991193657057, "gamma": 0.0018748537029177476}, "datetime": {"datetime": "2021-09-28 13:05:25", "elapsed": 1609.464107, "delta": 4.811913}}
{"target": -39.70529698609944, "params": {"C": 203.33183937193525, "epsilon": 0.02452205760050982, "gamma": 0.04112165633454346}, "datetime": {"datetime": "2021-09-28 13:05:29", "elapsed": 1613.821274, "delta": 4.357167}}
{"target": -40.98127005929396, "params": {"C": 195.59578947387112, "epsilon": 2.676913013615042, "gamma": 0.09000500575262572}, "datetime": {"datetime": "2021-09-28 13:05:39", "elapsed": 1623.56435, "delta": 9.743076}}
{"target": -38.089773499230546, "params": {"C": 283.7796201266391, "epsilon": 1.1676651371132445, "gamma": 0.007073442675854226}, "datetime": {"datetime": "2021-09-28 13:05:47", "elapsed": 1632.035443, "delta": 8.471093}}
{"target": -37.38341808541706, "params": {"C": 161.00070536828326, "epsilon": 1.958532719871164, "gamma": 0.0030383791708380407}, "datetime": {"datetime": "2021-09-28 13:05:55", "elapsed": 1639.658805, "delta": 7.623362}}
{"target": -38.84674788964274, "params": {"C": 239.37757775194424, "epsilon": 2.9700859555946844, "gamma": 0.024052030301197628}, "datetime": {"datetime": "2021-09-28 13:06:05", "elapsed": 1649.744966, "delta": 10.086161}}
{"target": -39.220890616875764, "params": {"C": 239.473681817549, "epsilon": 2.925196776737522, "gamma": 0.030173238450532047}, "datetime": {"datetime": "2021-09-28 13:06:13", "elapsed": 1657.349624, "delta": 7.604658}}
{"target": -37.39670362257328, "params": {"C": 160.89800001153574, "epsilon": 2.01693616368903, "gamma": 0.0030091956681629734}, "datetime": {"datetime": "2021-09-28 13:06:20", "elapsed": 1664.790151, "delta": 7.440527}}
{"target": -38.74296794609736, "params": {"C": 160.87343030443915, "epsilon": 1.9673849797492835, "gamma": 0.016965955990936678}, "datetime": {"datetime": "2021-09-28 13:06:30", "elapsed": 1674.689501, "delta": 9.89935}}
{"target": -41.10036049993365, "params": {"C": 240.55133610253296, "epsilon": 1.4033607162528825, "gamma": 0.0825775378260066}, "datetime": {"datetime": "2021-09-28 13:06:34", "elapsed": 1679.052728, "delta": 4.363227}}
{"target": -38.76647583481896, "params": {"C": 241.82977203945885, "epsilon": 1.1665965646439638, "gamma": 0.013611992816172539}, "datetime": {"datetime": "2021-09-28 13:06:38", "elapsed": 1682.967711, "delta": 3.914983}}
{"target": -37.26635949739694, "params": {"C": 178.41526574167472, "epsilon": 1.1010720961731906, "gamma": 0.003708089005836615}, "datetime": {"datetime": "2021-09-28 13:06:45", "elapsed": 1689.870656, "delta": 6.902945}}
{"target": -41.31962558239767, "params": {"C": 267.02912484115143, "epsilon": 0.3064056617419035, "gamma": 0.07954485354324828}, "datetime": {"datetime": "2021-09-28 13:06:49", "elapsed": 1694.024184, "delta": 4.153528}}
{"target": -39.13889788839252, "params": {"C": 160.9107341522274, "epsilon": 2.0707223853495065, "gamma": 0.03701618739391389}, "datetime": {"datetime": "2021-09-28 13:07:00", "elapsed": 1704.872781, "delta": 10.848597}}
{"target": -39.77586789315144, "params": {"C": 195.69701974521578, "epsilon": 2.745749839063299, "gamma": 0.045764561208325255}, "datetime": {"datetime": "2021-09-28 13:07:09", "elapsed": 1713.251929, "delta": 8.379148}}
{"target": -39.52950260252994, "params": {"C": 278.52122166032075, "epsilon": 1.3125002203482032, "gamma": 0.033531848904449525}, "datetime": {"datetime": "2021-09-28 13:07:17", "elapsed": 1721.822242, "delta": 8.570313}}
{"target": -40.68454896409743, "params": {"C": 169.45125765780733, "epsilon": 1.4488774378335385, "gamma": 0.06791924108226144}, "datetime": {"datetime": "2021-09-28 13:07:21", "elapsed": 1725.687435, "delta": 3.865193}}
{"target": -38.80346575805383, "params": {"C": 178.31083812632855, "epsilon": 1.101776103288433, "gamma": 0.01725400343326277}, "datetime": {"datetime": "2021-09-28 13:07:31", "elapsed": 1736.194398, "delta": 10.506963}}
{"target": -37.66303781679669, "params": {"C": 160.9041841728786, "epsilon": 2.301905242133051, "gamma": 0.00788706149103288}, "datetime": {"datetime": "2021-09-28 13:07:38", "elapsed": 1742.897068, "delta": 6.70267}}
{"target": -37.209136854857434, "params": {"C": 164.03456945131117, "epsilon": 0.0896093878894546, "gamma": 0.006396739110351032}, "datetime": {"datetime": "2021-09-28 13:07:48", "elapsed": 1752.484811, "delta": 9.587743}}
{"target": -39.70614563361434, "params": {"C": 160.9626144347915, "epsilon": 2.321543175314228, "gamma": 0.0504397558919006}, "datetime": {"datetime": "2021-09-28 13:07:57", "elapsed": 1761.526896, "delta": 9.042085}}
{"target": -38.9029519925199, "params": {"C": 160.93583023763446, "epsilon": 1.9028595292250379, "gamma": 0.02393360013568113}, "datetime": {"datetime": "2021-09-28 13:08:06", "elapsed": 1771.059804, "delta": 9.532908}}
{"target": -37.629473926448156, "params": {"C": 178.70387129596813, "epsilon": 1.2779569154082633, "gamma": 0.007286954373134002}, "datetime": {"datetime": "2021-09-28 13:08:20", "elapsed": 1784.8368, "delta": 13.776996}}
{"target": -38.08039040391205, "params": {"C": 265.1217914307834, "epsilon": 0.018965557111638793, "gamma": 0.006995950676550352}, "datetime": {"datetime": "2021-09-28 13:08:27", "elapsed": 1791.368678, "delta": 6.531878}}
{"target": -40.34095555589731, "params": {"C": 277.47802533766435, "epsilon": 1.7787332874448698, "gamma": 0.042041766524196486}, "datetime": {"datetime": "2021-09-28 13:08:30", "elapsed": 1794.766709, "delta": 3.398031}}
{"target": -39.24725429387843, "params": {"C": 160.98300216318293, "epsilon": 1.9094412698704788, "gamma": 0.04194888534488676}, "datetime": {"datetime": "2021-09-28 13:08:38", "elapsed": 1802.704977, "delta": 7.938268}}
{"target": -37.5946602599667, "params": {"C": 160.85271451751163, "epsilon": 2.2733336395386146, "gamma": 0.006778738144115572}, "datetime": {"datetime": "2021-09-28 13:08:44", "elapsed": 1808.878342, "delta": 6.173365}}
{"target": -39.54707411389715, "params": {"C": 193.61043136874557, "epsilon": 0.3390627344043241, "gamma": 0.04030345582426392}, "datetime": {"datetime": "2021-09-28 13:08:51", "elapsed": 1815.878084, "delta": 6.999742}}
{"target": -39.1473534466275, "params": {"C": 160.84099912571173, "epsilon": 2.227683296667527, "gamma": 0.037566826781692673}, "datetime": {"datetime": "2021-09-28 13:08:58", "elapsed": 1823.009951, "delta": 7.131867}}
