{"target": 0.4259119030625267, "params": {"C": 101.31643782065748, "epsilon": 0.6475377392058159, "gamma": 0.03150332907571364}, "datetime": {"datetime": "2021-09-24 09:30:26", "elapsed": 90.350251, "delta": 0.830362}}
{"target": 0.41807929931935284, "params": {"C": 180.32662842991422, "epsilon": 0.6397807923337538, "gamma": 0.02446309821328971}, "datetime": {"datetime": "2021-09-24 09:30:27", "elapsed": 91.376793, "delta": 1.026542}}
{"target": 0.4195240282035513, "params": {"C": 180.2331328420384, "epsilon": 0.2719001949173014, "gamma": 0.001}, "datetime": {"datetime": "2021-09-24 09:30:28", "elapsed": 92.281452, "delta": 0.904659}}
{"target": 0.39747903479325986, "params": {"C": 194.5548025226054, "epsilon": 0.6344758274215365, "gamma": 0.02897288912847482}, "datetime": {"datetime": "2021-09-24 09:30:29", "elapsed": 92.9238, "delta": 0.642348}}
{"target": 0.2802715572710416, "params": {"C": 128.2467030703864, "epsilon": 0.41234241964096974, "gamma": 0.14184847737182738}, "datetime": {"datetime": "2021-09-24 09:30:29", "elapsed": 93.542137, "delta": 0.618337}}
{"target": 0.45099515844172267, "params": {"C": 144.19817321438688, "epsilon": 0.9666835485038866, "gamma": 0.013941610547594473}, "datetime": {"datetime": "2021-09-24 09:30:30", "elapsed": 94.645379, "delta": 1.103242}}
{"target": 0.41866412679621046, "params": {"C": 146.65118701148975, "epsilon": 0.14166620498391624, "gamma": 0.002152383577827697}, "datetime": {"datetime": "2021-09-24 09:30:31", "elapsed": 95.580065, "delta": 0.934686}}
{"target": 0.4357199300232024, "params": {"C": 188.96246280356172, "epsilon": 0.480857230446395, "gamma": 0.006135492756667061}, "datetime": {"datetime": "2021-09-24 09:30:32", "elapsed": 96.259157, "delta": 0.679092}}
{"target": 0.30126151711925, "params": {"C": 189.0206626065647, "epsilon": 0.410417734567458, "gamma": 0.08113738307816921}, "datetime": {"datetime": "2021-09-24 09:30:33", "elapsed": 97.121649, "delta": 0.862492}}
{"target": 0.3591136722692372, "params": {"C": 117.91976186839935, "epsilon": 0.06452582148523976, "gamma": 0.061500535179816615}, "datetime": {"datetime": "2021-09-24 09:30:34", "elapsed": 98.033289, "delta": 0.91164}}
{"target": 0.4383719531245318, "params": {"C": 145.19281373624676, "epsilon": 0.8213402742865, "gamma": 0.0186530563158378}, "datetime": {"datetime": "2021-09-24 09:30:34", "elapsed": 98.65534, "delta": 0.622051}}
{"target": 0.2729748848218586, "params": {"C": 133.98303535722422, "epsilon": 0.7403613226494746, "gamma": 0.1435727323185025}, "datetime": {"datetime": "2021-09-24 09:30:35", "elapsed": 99.28337, "delta": 0.62803}}
{"target": 0.448752286971529, "params": {"C": 188.89064113454162, "epsilon": 0.5574211880424474, "gamma": 0.0134152881330859}, "datetime": {"datetime": "2021-09-24 09:30:36", "elapsed": 100.393301, "delta": 1.109931}}
{"target": 0.28117667078523745, "params": {"C": 188.91209733255425, "epsilon": 0.5927423127831564, "gamma": 0.09951636173970868}, "datetime": {"datetime": "2021-09-24 09:30:37", "elapsed": 101.286004, "delta": 0.892703}}
{"target": 0.3252121449153461, "params": {"C": 145.2600285636256, "epsilon": 0.8554469724340151, "gamma": 0.0786672104054859}, "datetime": {"datetime": "2021-09-24 09:30:38", "elapsed": 102.558875, "delta": 1.272871}}
{"target": 0.44918004293833524, "params": {"C": 180.03070995431, "epsilon": 0.47763333443183115, "gamma": 0.013606561074075846}, "datetime": {"datetime": "2021-09-24 09:30:39", "elapsed": 103.540903, "delta": 0.982028}}
{"target": 0.37951220144527453, "params": {"C": 179.93441758731157, "epsilon": 0.4654218839630843, "gamma": 0.036425863622172885}, "datetime": {"datetime": "2021-09-24 09:30:41", "elapsed": 104.849361, "delta": 1.308458}}
{"target": 0.3731494485454627, "params": {"C": 112.32395264790388, "epsilon": 0.4286257299208835, "gamma": 0.05519175072120651}, "datetime": {"datetime": "2021-09-24 09:30:42", "elapsed": 106.341245, "delta": 1.491884}}
{"target": 0.3911190471594137, "params": {"C": 145.11321304099434, "epsilon": 0.7827707211867735, "gamma": 0.03886252720687575}, "datetime": {"datetime": "2021-09-24 09:30:43", "elapsed": 107.421123, "delta": 1.079878}}
{"target": 0.4199971070003191, "params": {"C": 112.77498614552574, "epsilon": 0.6690454952538449, "gamma": 0.03243284637933365}, "datetime": {"datetime": "2021-09-24 09:30:44", "elapsed": 108.612611, "delta": 1.191488}}
{"target": 0.41435351593015857, "params": {"C": 166.63880477018094, "epsilon": 0.7790600846195173, "gamma": 0.026758420498584443}, "datetime": {"datetime": "2021-09-24 09:30:46", "elapsed": 109.933932, "delta": 1.321321}}
{"target": 0.4101075865017927, "params": {"C": 117.83172945798037, "epsilon": 0.5207227312936625, "gamma": 0.001}, "datetime": {"datetime": "2021-09-24 09:30:47", "elapsed": 111.053906, "delta": 1.119974}}
{"target": 0.35223518816831456, "params": {"C": 149.75626024494065, "epsilon": 0.3939586357566267, "gamma": 0.054461398050562326}, "datetime": {"datetime": "2021-09-24 09:30:48", "elapsed": 111.989572, "delta": 0.935666}}
{"target": 0.4418325763168234, "params": {"C": 188.87202175832232, "epsilon": 0.5115175040753842, "gamma": 0.007786263123349658}, "datetime": {"datetime": "2021-09-24 09:30:49", "elapsed": 113.459623, "delta": 1.470051}}
{"target": 0.28093848729168946, "params": {"C": 149.94806234207493, "epsilon": 0.3771545594483865, "gamma": 0.1228655614200848}, "datetime": {"datetime": "2021-09-24 09:30:50", "elapsed": 114.62973, "delta": 1.170107}}
{"target": 0.4380350191790777, "params": {"C": 144.09220234502138, "epsilon": 0.9808059743865096, "gamma": 0.0065588605712656005}, "datetime": {"datetime": "2021-09-24 09:30:52", "elapsed": 116.059298, "delta": 1.429568}}
{"target": 0.31752103643006246, "params": {"C": 144.16100974223508, "epsilon": 0.9985781363453149, "gamma": 0.08987569401779372}, "datetime": {"datetime": "2021-09-24 09:30:53", "elapsed": 117.583527, "delta": 1.524229}}
{"target": 0.2947024655819275, "params": {"C": 148.65294994709993, "epsilon": 0.9989563950125883, "gamma": 0.1107417654202929}, "datetime": {"datetime": "2021-09-24 09:30:55", "elapsed": 119.513688, "delta": 1.930161}}
{"target": 0.42147927644127203, "params": {"C": 148.34542499639915, "epsilon": 0.9929082522640559, "gamma": 0.0015625073427557932}, "datetime": {"datetime": "2021-09-24 09:30:57", "elapsed": 121.254819, "delta": 1.741131}}
{"target": 0.4423885911740961, "params": {"C": 112.60877635514154, "epsilon": 0.7123866935076383, "gamma": 0.010128923596142217}, "datetime": {"datetime": "2021-09-24 09:30:58", "elapsed": 122.451071, "delta": 1.196252}}
{"target": 0.4161228984212879, "params": {"C": 149.8599543556102, "epsilon": 0.5136133949465346, "gamma": 0.001}, "datetime": {"datetime": "2021-09-24 09:31:00", "elapsed": 124.046963, "delta": 1.595892}}
{"target": 0.44353771106422824, "params": {"C": 188.76664384146082, "epsilon": 0.5249367214891941, "gamma": 0.015014603980475688}, "datetime": {"datetime": "2021-09-24 09:31:01", "elapsed": 125.743026, "delta": 1.696063}}
{"target": 0.31873456740720685, "params": {"C": 188.68766280292888, "epsilon": 0.5545803679254145, "gamma": 0.06434065339089762}, "datetime": {"datetime": "2021-09-24 09:31:03", "elapsed": 127.104084, "delta": 1.361058}}
{"target": 0.44118885135351615, "params": {"C": 144.09581125707794, "epsilon": 0.9134696333980316, "gamma": 0.008403308274949296}, "datetime": {"datetime": "2021-09-24 09:31:04", "elapsed": 128.559286, "delta": 1.455202}}
{"target": 0.2858536819892922, "params": {"C": 159.47696510780048, "epsilon": 0.8559069936959197, "gamma": 0.11152239946086057}, "datetime": {"datetime": "2021-09-24 09:31:05", "elapsed": 129.602764, "delta": 1.043478}}
{"target": 0.4350416227692804, "params": {"C": 180.0511922352046, "epsilon": 0.370278928463956, "gamma": 0.018288952260147876}, "datetime": {"datetime": "2021-09-24 09:31:07", "elapsed": 130.863413, "delta": 1.260649}}
{"target": 0.33059964476287307, "params": {"C": 180.0682038817718, "epsilon": 0.23719997272437277, "gamma": 0.057298619611391814}, "datetime": {"datetime": "2021-09-24 09:31:08", "elapsed": 132.319354, "delta": 1.455941}}
{"target": 0.4180474133344194, "params": {"C": 112.55885385583242, "epsilon": 0.4953767480554031, "gamma": 0.002276694576116875}, "datetime": {"datetime": "2021-09-24 09:31:09", "elapsed": 133.640211, "delta": 1.320857}}
{"target": 0.4480004321445793, "params": {"C": 101.03252279509259, "epsilon": 0.6946997885728396, "gamma": 0.013155489693110051}, "datetime": {"datetime": "2021-09-24 09:31:11", "elapsed": 135.523422, "delta": 1.883211}}
{"target": 0.4468924801545382, "params": {"C": 117.87247786329253, "epsilon": 0.32990329928957196, "gamma": 0.016996090854201354}, "datetime": {"datetime": "2021-09-24 09:31:12", "elapsed": 136.464648, "delta": 0.941226}}
{"target": 0.4375770882910187, "params": {"C": 143.99918939906078, "epsilon": 0.924304727223775, "gamma": 0.006757717260259719}, "datetime": {"datetime": "2021-09-24 09:31:13", "elapsed": 137.524982, "delta": 1.060334}}
{"target": 0.3202428473052067, "params": {"C": 107.82681258551138, "epsilon": 0.41255634463383695, "gamma": 0.11582168101621527}, "datetime": {"datetime": "2021-09-24 09:31:14", "elapsed": 138.288762, "delta": 0.76378}}
{"target": 0.4266908208512692, "params": {"C": 188.78237107364163, "epsilon": 0.43798635794808294, "gamma": 0.020527751959968057}, "datetime": {"datetime": "2021-09-24 09:31:15", "elapsed": 139.569477, "delta": 1.280715}}
{"target": 0.34361578810146076, "params": {"C": 143.89692685347097, "epsilon": 0.9968218896266506, "gamma": 0.06392354202928632}, "datetime": {"datetime": "2021-09-24 09:31:17", "elapsed": 141.218405, "delta": 1.648928}}
{"target": 0.4298045120429428, "params": {"C": 192.8708935016084, "epsilon": 0.13134492468864808, "gamma": 0.0033163617830352884}, "datetime": {"datetime": "2021-09-24 09:31:18", "elapsed": 141.936161, "delta": 0.717756}}
{"target": 0.33735450239450404, "params": {"C": 166.9099645412574, "epsilon": 0.5331867274470351, "gamma": 0.057981297349231284}, "datetime": {"datetime": "2021-09-24 09:31:18", "elapsed": 142.726702, "delta": 0.790541}}
{"target": 0.35303470303908824, "params": {"C": 192.53302145216702, "epsilon": 0.18989115074914503, "gamma": 0.043562654319408436}, "datetime": {"datetime": "2021-09-24 09:31:19", "elapsed": 143.660818, "delta": 0.934116}}
{"target": 0.269970047643873, "params": {"C": 192.8154191843191, "epsilon": 0.07960210561881004, "gamma": 0.10579050004576676}, "datetime": {"datetime": "2021-09-24 09:31:21", "elapsed": 144.832054, "delta": 1.171236}}
{"target": 0.27688354845223084, "params": {"C": 146.57787789615253, "epsilon": 0.05566772575492908, "gamma": 0.12901889710943107}, "datetime": {"datetime": "2021-09-24 09:31:22", "elapsed": 146.603034, "delta": 1.77098}}
{"target": 0.42197573091020046, "params": {"C": 192.94404365115346, "epsilon": 0.1992011611471684, "gamma": 0.001}, "datetime": {"datetime": "2021-09-24 09:31:24", "elapsed": 148.330543, "delta": 1.727509}}
{"target": 0.421891391881684, "params": {"C": 192.9741616065602, "epsilon": 0.09304397559814814, "gamma": 0.001}, "datetime": {"datetime": "2021-09-24 09:31:26", "elapsed": 150.179267, "delta": 1.848724}}
{"target": 0.4262758913079646, "params": {"C": 177.8248402593043, "epsilon": 0.4583222658659687, "gamma": 0.02156386970063239}, "datetime": {"datetime": "2021-09-24 09:31:27", "elapsed": 151.080572, "delta": 0.901305}}
{"target": 0.2829275892189279, "params": {"C": 125.48258755838755, "epsilon": 0.5812656787853341, "gamma": 0.141742383413331}, "datetime": {"datetime": "2021-09-24 09:31:28", "elapsed": 151.99039, "delta": 0.909818}}
{"target": 0.4195557626992994, "params": {"C": 144.46096734825872, "epsilon": 0.7722403925102067, "gamma": 0.0021536447686393923}, "datetime": {"datetime": "2021-09-24 09:31:29", "elapsed": 153.553747, "delta": 1.563357}}
{"target": 0.2577255280224938, "params": {"C": 177.72084505377634, "epsilon": 0.48017325327992855, "gamma": 0.12136229751240189}, "datetime": {"datetime": "2021-09-24 09:31:31", "elapsed": 154.964834, "delta": 1.411087}}
{"target": 0.4430314334696873, "params": {"C": 177.95450401262758, "epsilon": 0.46444529246473343, "gamma": 0.008406313237978667}, "datetime": {"datetime": "2021-09-24 09:31:33", "elapsed": 156.855214, "delta": 1.89038}}
{"target": 0.32807489009470436, "params": {"C": 177.89422001354808, "epsilon": 0.5394615160054074, "gamma": 0.06129965636424155}, "datetime": {"datetime": "2021-09-24 09:31:34", "elapsed": 158.237369, "delta": 1.382155}}
{"target": 0.44959446629236444, "params": {"C": 178.08502251111912, "epsilon": 0.49537455593021396, "gamma": 0.010517841292153295}, "datetime": {"datetime": "2021-09-24 09:31:35", "elapsed": 159.636709, "delta": 1.39934}}
{"target": 0.4396080845090248, "params": {"C": 177.89583053931284, "epsilon": 0.3867088614633401, "gamma": 0.01661493025702859}, "datetime": {"datetime": "2021-09-24 09:31:37", "elapsed": 161.212771, "delta": 1.576062}}
{"target": 0.3309610130376539, "params": {"C": 177.98539305551745, "epsilon": 0.42402778326971374, "gamma": 0.058229479790786486}, "datetime": {"datetime": "2021-09-24 09:31:38", "elapsed": 162.652762, "delta": 1.439991}}
{"target": 0.3368012211709298, "params": {"C": 178.12711798878087, "epsilon": 0.6081021001756818, "gamma": 0.054844569640860694}, "datetime": {"datetime": "2021-09-24 09:31:40", "elapsed": 164.226918, "delta": 1.574156}}
{"target": 0.4419079121225268, "params": {"C": 177.84690818207707, "epsilon": 0.2997273564648648, "gamma": 0.00791829537517089}, "datetime": {"datetime": "2021-09-24 09:31:41", "elapsed": 165.391798, "delta": 1.16488}}
{"target": 0.36174022661309013, "params": {"C": 177.82628721604664, "epsilon": 0.3640910867429182, "gamma": 0.04307882376363651}, "datetime": {"datetime": "2021-09-24 09:31:43", "elapsed": 166.772367, "delta": 1.380569}}
{"target": 0.3345642857846616, "params": {"C": 177.90037387033658, "epsilon": 0.20328797701553433, "gamma": 0.055244439843437174}, "datetime": {"datetime": "2021-09-24 09:31:44", "elapsed": 168.223435, "delta": 1.451068}}
{"target": 0.45025671553362945, "params": {"C": 144.00100057124442, "epsilon": 0.8416892837673464, "gamma": 0.011941732623926025}, "datetime": {"datetime": "2021-09-24 09:31:45", "elapsed": 169.555825, "delta": 1.33239}}
{"target": 0.3124840066432102, "params": {"C": 143.92184666813253, "epsilon": 0.8263716250985059, "gamma": 0.0951538512714514}, "datetime": {"datetime": "2021-09-24 09:31:47", "elapsed": 170.78045, "delta": 1.224625}}
{"target": 0.4231651889023912, "params": {"C": 106.3451191075485, "epsilon": 0.9388550263023535, "gamma": 0.032203816323880204}, "datetime": {"datetime": "2021-09-24 09:31:47", "elapsed": 171.687832, "delta": 0.907382}}
{"target": 0.41976333617685513, "params": {"C": 178.21557200606492, "epsilon": 0.4364959460697997, "gamma": 0.024008707270136778}, "datetime": {"datetime": "2021-09-24 09:31:49", "elapsed": 173.06659, "delta": 1.378758}}
{"target": 0.4196582697720118, "params": {"C": 188.82429615027132, "epsilon": 0.5782750825640384, "gamma": 0.0022399056293574164}, "datetime": {"datetime": "2021-09-24 09:31:50", "elapsed": 174.71709, "delta": 1.6505}}
{"target": 0.4214831644889103, "params": {"C": 192.8209157277506, "epsilon": 0.24072459868098797, "gamma": 0.0014656137738864468}, "datetime": {"datetime": "2021-09-24 09:31:52", "elapsed": 176.03839, "delta": 1.3213}}
{"target": 0.42091911009254235, "params": {"C": 101.24055729953649, "epsilon": 0.7020523426951389, "gamma": 0.001989695499078629}, "datetime": {"datetime": "2021-09-24 09:31:54", "elapsed": 177.888801, "delta": 1.850411}}
{"target": 0.2894676065607462, "params": {"C": 180.04853619026727, "epsilon": 0.4388781238873631, "gamma": 0.09728795686314128}, "datetime": {"datetime": "2021-09-24 09:31:55", "elapsed": 179.684338, "delta": 1.795537}}
{"target": 0.4160234353073238, "params": {"C": 145.21749967384508, "epsilon": 0.7333849280788731, "gamma": 0.001}, "datetime": {"datetime": "2021-09-24 09:31:57", "elapsed": 181.019326, "delta": 1.334988}}
{"target": 0.410155903645418, "params": {"C": 113.50389946732139, "epsilon": 0.43857630685403265, "gamma": 0.001}, "datetime": {"datetime": "2021-09-24 09:31:58", "elapsed": 182.543265, "delta": 1.523939}}
{"target": 0.3982936875969577, "params": {"C": 106.31495484250713, "epsilon": 0.8351516205335828, "gamma": 0.04555059869988433}, "datetime": {"datetime": "2021-09-24 09:31:59", "elapsed": 183.730894, "delta": 1.187629}}
{"target": 0.41587736288887023, "params": {"C": 144.43015508661273, "epsilon": 0.6624409667694012, "gamma": 0.001}, "datetime": {"datetime": "2021-09-24 09:32:01", "elapsed": 184.996541, "delta": 1.265647}}
{"target": 0.4100594035314613, "params": {"C": 106.46108456392864, "epsilon": 0.9320161413801115, "gamma": 0.038972582844682004}, "datetime": {"datetime": "2021-09-24 09:32:02", "elapsed": 186.399074, "delta": 1.402533}}
{"target": 0.31063104897535077, "params": {"C": 106.36384705200436, "epsilon": 0.9816635038142278, "gamma": 0.12935624262823156}, "datetime": {"datetime": "2021-09-24 09:32:04", "elapsed": 187.941418, "delta": 1.542344}}
{"target": 0.3403344208554543, "params": {"C": 101.29516125351779, "epsilon": 0.5751138084942775, "gamma": 0.0918704821616054}, "datetime": {"datetime": "2021-09-24 09:32:05", "elapsed": 189.325428, "delta": 1.38401}}
{"target": 0.42770141687620544, "params": {"C": 178.12778917640327, "epsilon": 0.39428623933145185, "gamma": 0.02083750318634842}, "datetime": {"datetime": "2021-09-24 09:32:07", "elapsed": 190.838521, "delta": 1.513093}}
{"target": 0.4111910787780797, "params": {"C": 127.37655805079875, "epsilon": 0.002636204440054207, "gamma": 0.03365417794670576}, "datetime": {"datetime": "2021-09-24 09:32:08", "elapsed": 191.774681, "delta": 0.93616}}
{"target": 0.40890105690283995, "params": {"C": 101.00932135985803, "epsilon": 0.9933717091321922, "gamma": 0.0011198894557822114}, "datetime": {"datetime": "2021-09-24 09:32:09", "elapsed": 193.27115, "delta": 1.496469}}
{"target": 0.4434422351705074, "params": {"C": 178.2165900669241, "epsilon": 0.2839158823809922, "gamma": 0.008447258351261925}, "datetime": {"datetime": "2021-09-24 09:32:11", "elapsed": 194.919412, "delta": 1.648262}}
{"target": 0.3320612154150626, "params": {"C": 178.25212413360222, "epsilon": 0.3525692093660133, "gamma": 0.057106149972194896}, "datetime": {"datetime": "2021-09-24 09:32:12", "elapsed": 196.699778, "delta": 1.780366}}
{"target": 0.4505438053920875, "params": {"C": 178.22229782076602, "epsilon": 0.18714280963043722, "gamma": 0.01125392388096827}, "datetime": {"datetime": "2021-09-24 09:32:14", "elapsed": 198.462692, "delta": 1.762914}}
{"target": 0.3217999764976829, "params": {"C": 178.19823941570536, "epsilon": 0.23532288333140836, "gamma": 0.06535918337498926}, "datetime": {"datetime": "2021-09-24 09:32:16", "elapsed": 199.806903, "delta": 1.344211}}
{"target": 0.44883810252047784, "params": {"C": 178.18905523066493, "epsilon": 0.09273656453952801, "gamma": 0.01030981985573046}, "datetime": {"datetime": "2021-09-24 09:32:17", "elapsed": 201.136855, "delta": 1.329952}}
{"target": 0.43729483247908796, "params": {"C": 178.31774300918914, "epsilon": 0.17601956909116906, "gamma": 0.00660256958133511}, "datetime": {"datetime": "2021-09-24 09:32:18", "elapsed": 202.46447, "delta": 1.327615}}
{"target": 0.3790052773773501, "params": {"C": 178.20041083678086, "epsilon": 0.016513739854527948, "gamma": 0.03675246738673177}, "datetime": {"datetime": "2021-09-24 09:32:20", "elapsed": 203.879301, "delta": 1.414831}}
{"target": 0.43111011674107247, "params": {"C": 110.00119760680764, "epsilon": 0.5141575030200318, "gamma": 0.004354922076190629}, "datetime": {"datetime": "2021-09-24 09:32:21", "elapsed": 204.781907, "delta": 0.902606}}
{"target": 0.41652402364404384, "params": {"C": 178.1510107653482, "epsilon": 0.48529158744311807, "gamma": 0.02504511081972929}, "datetime": {"datetime": "2021-09-24 09:32:22", "elapsed": 206.307573, "delta": 1.525666}}
{"target": 0.22818939652350012, "params": {"C": 197.82300844588394, "epsilon": 0.4127247882545844, "gamma": 0.12599358191850374}, "datetime": {"datetime": "2021-09-24 09:32:23", "elapsed": 207.202311, "delta": 0.894738}}
{"target": 0.40999251477864584, "params": {"C": 110.00404095865001, "epsilon": 0.4131827084578746, "gamma": 0.001}, "datetime": {"datetime": "2021-09-24 09:32:24", "elapsed": 208.656626, "delta": 1.454315}}
{"target": 0.3996965509091587, "params": {"C": 149.92763274483846, "epsilon": 0.562174423029754, "gamma": 0.03434466427786785}, "datetime": {"datetime": "2021-09-24 09:32:25", "elapsed": 209.609324, "delta": 0.952698}}
{"target": 0.42132327995354024, "params": {"C": 171.86112454165445, "epsilon": 0.641538238990029, "gamma": 0.001506492491852003}, "datetime": {"datetime": "2021-09-24 09:32:26", "elapsed": 210.601481, "delta": 0.992157}}
{"target": 0.32507747827259803, "params": {"C": 148.13840090503356, "epsilon": 0.0027833552388659083, "gamma": 0.07521861992148599}, "datetime": {"datetime": "2021-09-24 09:32:27", "elapsed": 211.503221, "delta": 0.90174}}
{"target": 0.44191650893028367, "params": {"C": 110.1237639406238, "epsilon": 0.4846797585078641, "gamma": 0.009257246828526754}, "datetime": {"datetime": "2021-09-24 09:32:29", "elapsed": 213.132946, "delta": 1.629725}}
{"target": 0.4416033961147715, "params": {"C": 178.2859328611413, "epsilon": 0.08123783086734877, "gamma": 0.007763366563147917}, "datetime": {"datetime": "2021-09-24 09:32:31", "elapsed": 214.840843, "delta": 1.707897}}
{"target": 0.3332592085361623, "params": {"C": 110.04026028954752, "epsilon": 0.49113491721541486, "gamma": 0.09390795598897873}, "datetime": {"datetime": "2021-09-24 09:32:32", "elapsed": 216.17692, "delta": 1.336077}}
{"target": 0.4100107124907648, "params": {"C": 110.17236979437577, "epsilon": 0.4093165438165433, "gamma": 0.001}, "datetime": {"datetime": "2021-09-24 09:32:34", "elapsed": 218.406098, "delta": 2.229178}}
