{"target": -44.64207509801464, "params": {"C": 74.76097668103216, "epsilon": 1.217003804061761, "gamma": 0.06406613136533157}, "datetime": {"datetime": "2021-09-24 15:50:13", "elapsed": 89.227397, "delta": 0.737996}}
{"target": -43.476656291900895, "params": {"C": 94.48123140178086, "epsilon": 1.9369401450172055, "gamma": 0.004122512957966706}, "datetime": {"datetime": "2021-09-24 15:50:14", "elapsed": 89.850405, "delta": 0.623008}}
{"target": -43.1644996402793, "params": {"C": 97.28423735569557, "epsilon": 2.489505858839, "gamma": 0.027021877996040417}, "datetime": {"datetime": "2021-09-24 15:50:15", "elapsed": 90.834398, "delta": 0.983993}}
{"target": -43.194016745797896, "params": {"C": 97.2173273100885, "epsilon": 2.572597328177324, "gamma": 0.029178071693272276}, "datetime": {"datetime": "2021-09-24 15:50:16", "elapsed": 91.987404, "delta": 1.153006}}
{"target": -43.24625979714223, "params": {"C": 72.59640686812338, "epsilon": 3.290010899817222, "gamma": 0.012464754980957676}, "datetime": {"datetime": "2021-09-24 15:50:17", "elapsed": 92.584404, "delta": 0.597}}
{"target": -45.473235035176025, "params": {"C": 66.99151767861211, "epsilon": 2.968202653571986, "gamma": 0.09571659274649195}, "datetime": {"datetime": "2021-09-24 15:50:17", "elapsed": 93.186397, "delta": 0.601993}}
{"target": -44.3691922923425, "params": {"C": 62.119298336888704, "epsilon": 1.9331983033065627, "gamma": 0.060401858088667285}, "datetime": {"datetime": "2021-09-24 15:50:18", "elapsed": 94.208937, "delta": 1.02254}}
{"target": -44.350806704113005, "params": {"C": 88.7413317313241, "epsilon": 3.3877138782806293, "gamma": 0.05692436554825214}, "datetime": {"datetime": "2021-09-24 15:50:19", "elapsed": 95.19894, "delta": 0.990003}}
{"target": -45.07816821345443, "params": {"C": 97.30287305662173, "epsilon": 2.555382805184766, "gamma": 0.0776540023874042}, "datetime": {"datetime": "2021-09-24 15:50:21", "elapsed": 96.60194, "delta": 1.403}}
{"target": -43.39632431175098, "params": {"C": 98.25313522122218, "epsilon": 2.5892435468995427, "gamma": 0.0032482419629314206}, "datetime": {"datetime": "2021-09-24 15:50:22", "elapsed": 98.072575, "delta": 1.470635}}
{"target": -44.748884192817876, "params": {"C": 98.32159238984914, "epsilon": 2.566793911254002, "gamma": 0.0007}, "datetime": {"datetime": "2021-09-24 15:50:23", "elapsed": 99.385242, "delta": 1.312667}}
{"target": -44.85829985187969, "params": {"C": 90.19546052569001, "epsilon": 1.818736537914044, "gamma": 0.07238199519696967}, "datetime": {"datetime": "2021-09-24 15:50:25", "elapsed": 100.895002, "delta": 1.50976}}
{"target": -43.48330252792621, "params": {"C": 97.26431334952579, "epsilon": 2.5792600385473277, "gamma": 0.0016616531276479945}, "datetime": {"datetime": "2021-09-24 15:50:26", "elapsed": 101.965706, "delta": 1.070704}}
{"target": -44.70894430474467, "params": {"C": 74.9449825167961, "epsilon": 1.6655150313778428, "gamma": 0.0678717965790219}, "datetime": {"datetime": "2021-09-24 15:50:27", "elapsed": 103.318664, "delta": 1.352958}}
{"target": -43.127724921768646, "params": {"C": 72.56951570569132, "epsilon": 3.2414012610332468, "gamma": 0.01656715554254531}, "datetime": {"datetime": "2021-09-24 15:50:28", "elapsed": 104.305736, "delta": 0.987072}}
{"target": -45.153062645977265, "params": {"C": 90.85346183525897, "epsilon": 0.7569984976319688, "gamma": 0.07714477126053342}, "datetime": {"datetime": "2021-09-24 15:50:30", "elapsed": 105.792965, "delta": 1.487229}}
{"target": -43.10944547920031, "params": {"C": 97.242787475089, "epsilon": 2.5217600541948193, "gamma": 0.007143886681305217}, "datetime": {"datetime": "2021-09-24 15:50:31", "elapsed": 107.039201, "delta": 1.246236}}
{"target": -44.02120075835379, "params": {"C": 97.23467885609742, "epsilon": 2.5149378687529076, "gamma": 0.04595534962900676}, "datetime": {"datetime": "2021-09-24 15:50:32", "elapsed": 108.077507, "delta": 1.038306}}
{"target": -43.145995418700345, "params": {"C": 97.28197472201282, "epsilon": 0.6112108244859573, "gamma": 0.022894396794693853}, "datetime": {"datetime": "2021-09-24 15:50:33", "elapsed": 109.076619, "delta": 0.999112}}
{"target": -43.59297666061674, "params": {"C": 62.113367188072566, "epsilon": 2.059834340096346, "gamma": 0.03868140196372516}, "datetime": {"datetime": "2021-09-24 15:50:35", "elapsed": 110.526711, "delta": 1.450092}}
{"target": -43.33692163535533, "params": {"C": 72.61072011996022, "epsilon": 3.238247283393459, "gamma": 0.03254208267964158}, "datetime": {"datetime": "2021-09-24 15:50:36", "elapsed": 111.867928, "delta": 1.341217}}
{"target": -42.93662956222928, "params": {"C": 93.08305336994897, "epsilon": 2.2932254696020937, "gamma": 0.019341196929428338}, "datetime": {"datetime": "2021-09-24 15:50:37", "elapsed": 113.377825, "delta": 1.509897}}
{"target": -42.929408705850804, "params": {"C": 93.05442605147263, "epsilon": 2.3477549646256017, "gamma": 0.018560914470157997}, "datetime": {"datetime": "2021-09-24 15:50:39", "elapsed": 114.979943, "delta": 1.602118}}
{"target": -45.26265014766068, "params": {"C": 74.58777580698629, "epsilon": 1.3134223558594385, "gamma": 0.08467709958577933}, "datetime": {"datetime": "2021-09-24 15:50:40", "elapsed": 115.833085, "delta": 0.853142}}
{"target": -44.87635968408541, "params": {"C": 93.10132670049883, "epsilon": 2.3358209544839084, "gamma": 0.0007}, "datetime": {"datetime": "2021-09-24 15:50:41", "elapsed": 117.086033, "delta": 1.252948}}
{"target": -43.77407764302076, "params": {"C": 93.01089940094002, "epsilon": 2.3513895873307344, "gamma": 0.040906535031336566}, "datetime": {"datetime": "2021-09-24 15:50:43", "elapsed": 119.016518, "delta": 1.930485}}
{"target": -43.643648043245676, "params": {"C": 93.06788815868157, "epsilon": 2.313984418983888, "gamma": 0.038802881850974566}, "datetime": {"datetime": "2021-09-24 15:50:44", "elapsed": 120.229359, "delta": 1.212841}}
{"target": -43.201877718425365, "params": {"C": 74.87432890065513, "epsilon": 1.688462708886236, "gamma": 0.013181093379551388}, "datetime": {"datetime": "2021-09-24 15:50:46", "elapsed": 121.716387, "delta": 1.487028}}
{"target": -44.796844783967366, "params": {"C": 79.73848255390024, "epsilon": 3.4273781431159174, "gamma": 0.07435687427156681}, "datetime": {"datetime": "2021-09-24 15:50:47", "elapsed": 122.660138, "delta": 0.943751}}
{"target": -44.626913423444705, "params": {"C": 73.81692874595223, "epsilon": 2.253590982784816, "gamma": 0.06757125196764749}, "datetime": {"datetime": "2021-09-24 15:50:48", "elapsed": 123.557816, "delta": 0.897678}}
{"target": -43.37149480294115, "params": {"C": 74.90049090880426, "epsilon": 1.7294727726285424, "gamma": 0.026042022296887832}, "datetime": {"datetime": "2021-09-24 15:50:49", "elapsed": 124.62475, "delta": 1.066934}}
{"target": -44.06019557092405, "params": {"C": 73.61225276261737, "epsilon": 3.2803022426360973, "gamma": 0.049173040878088006}, "datetime": {"datetime": "2021-09-24 15:50:50", "elapsed": 125.766627, "delta": 1.141877}}
{"target": -43.01388683148333, "params": {"C": 83.59342133682942, "epsilon": 3.1955043941943266, "gamma": 0.01561762982249042}, "datetime": {"datetime": "2021-09-24 15:50:51", "elapsed": 126.878612, "delta": 1.111985}}
{"target": -45.35732481481456, "params": {"C": 64.55208006925983, "epsilon": 1.2236835471890388, "gamma": 0.09205153066372276}, "datetime": {"datetime": "2021-09-24 15:50:52", "elapsed": 127.757444, "delta": 0.878832}}
{"target": -44.66846055507458, "params": {"C": 68.22614647543338, "epsilon": 2.4134285777107953, "gamma": 0.07121410412659027}, "datetime": {"datetime": "2021-09-24 15:50:53", "elapsed": 129.169906, "delta": 1.412462}}
{"target": -44.83559021211942, "params": {"C": 53.91340629275569, "epsilon": 1.6655142023987315, "gamma": 0.07722210016718241}, "datetime": {"datetime": "2021-09-24 15:50:54", "elapsed": 130.028897, "delta": 0.858991}}
{"target": -43.21513370011443, "params": {"C": 73.29758013449519, "epsilon": 0.46569888266329196, "gamma": 0.01233178143568151}, "datetime": {"datetime": "2021-09-24 15:50:56", "elapsed": 131.454783, "delta": 1.425886}}
{"target": -43.40269800500036, "params": {"C": 93.09233251524162, "epsilon": 2.2597090341684174, "gamma": 0.0030937706406139677}, "datetime": {"datetime": "2021-09-24 15:50:57", "elapsed": 133.323928, "delta": 1.869145}}
{"target": -43.40488275961752, "params": {"C": 96.4354467508042, "epsilon": 0.5479873383522852, "gamma": 0.0022437229869490213}, "datetime": {"datetime": "2021-09-24 15:50:58", "elapsed": 134.244796, "delta": 0.920868}}
{"target": -43.539042135543326, "params": {"C": 83.4549822706287, "epsilon": 2.1448962041688984, "gamma": 0.03867478407234004}, "datetime": {"datetime": "2021-09-24 15:50:59", "elapsed": 135.174095, "delta": 0.929299}}
{"target": -43.28086231420888, "params": {"C": 96.26651072608351, "epsilon": 0.7806485169910969, "gamma": 0.02906558103300173}, "datetime": {"datetime": "2021-09-24 15:51:00", "elapsed": 136.018008, "delta": 0.843913}}
{"target": -43.10616112689341, "params": {"C": 80.933349814256, "epsilon": 1.1113491278057956, "gamma": 0.021847322154525176}, "datetime": {"datetime": "2021-09-24 15:51:01", "elapsed": 137.236174, "delta": 1.218166}}
{"target": -43.31897018824476, "params": {"C": 83.55806348657052, "epsilon": 3.2279075494767633, "gamma": 0.03243635945796049}, "datetime": {"datetime": "2021-09-24 15:51:03", "elapsed": 138.679914, "delta": 1.44374}}
{"target": -43.08689536630767, "params": {"C": 93.02014706066377, "epsilon": 2.259246901969325, "gamma": 0.012377907407362514}, "datetime": {"datetime": "2021-09-24 15:51:04", "elapsed": 140.116023, "delta": 1.436109}}
{"target": -44.31676165596715, "params": {"C": 83.562956073137, "epsilon": 3.1563020032472804, "gamma": 0.056505492843706}, "datetime": {"datetime": "2021-09-24 15:51:05", "elapsed": 141.196266, "delta": 1.080243}}
{"target": -42.96247209330807, "params": {"C": 88.91242012965215, "epsilon": 1.8473867822701662, "gamma": 0.014404646048810713}, "datetime": {"datetime": "2021-09-24 15:51:06", "elapsed": 142.00505, "delta": 0.808784}}
{"target": -45.36861639888436, "params": {"C": 62.741293779193775, "epsilon": 2.3359607054832594, "gamma": 0.09449676961707228}, "datetime": {"datetime": "2021-09-24 15:51:07", "elapsed": 143.032906, "delta": 1.027856}}
{"target": -43.7838427059859, "params": {"C": 88.94384468030779, "epsilon": 1.8034000680225226, "gamma": 0.04175468506590528}, "datetime": {"datetime": "2021-09-24 15:51:09", "elapsed": 144.45136, "delta": 1.418454}}
{"target": -42.989708267390135, "params": {"C": 79.97449418822333, "epsilon": 2.650246684920823, "gamma": 0.016484085296680436}, "datetime": {"datetime": "2021-09-24 15:51:10", "elapsed": 145.575313, "delta": 1.123953}}
{"target": -43.46347539081424, "params": {"C": 90.20974018622974, "epsilon": 1.734175091739902, "gamma": 0.0020148258626645514}, "datetime": {"datetime": "2021-09-24 15:51:11", "elapsed": 147.17935, "delta": 1.604037}}
{"target": -43.117426187148304, "params": {"C": 90.86354356939327, "epsilon": 0.8124197818037546, "gamma": 0.007041181996074776}, "datetime": {"datetime": "2021-09-24 15:51:13", "elapsed": 148.658312, "delta": 1.478962}}
{"target": -44.286617987244774, "params": {"C": 72.56810578798714, "epsilon": 3.272516937632432, "gamma": 0.058252843449845895}, "datetime": {"datetime": "2021-09-24 15:51:15", "elapsed": 150.473317, "delta": 1.815005}}
{"target": -43.88287915489497, "params": {"C": 88.964057744059, "epsilon": 1.8808001697962442, "gamma": 0.043476120606934406}, "datetime": {"datetime": "2021-09-24 15:51:16", "elapsed": 151.731316, "delta": 1.257999}}
{"target": -42.99972161127719, "params": {"C": 84.09665896448635, "epsilon": 1.7342058475949262, "gamma": 0.019999677139005717}, "datetime": {"datetime": "2021-09-24 15:51:17", "elapsed": 152.701315, "delta": 0.969999}}
{"target": -44.979560012394266, "params": {"C": 96.94410711054681, "epsilon": 1.7524298738885629, "gamma": 0.07356340649405181}, "datetime": {"datetime": "2021-09-24 15:51:18", "elapsed": 153.527315, "delta": 0.826}}
{"target": -44.31826288020133, "params": {"C": 80.65591384023877, "epsilon": 1.9764232762391578, "gamma": 0.05626793411667767}, "datetime": {"datetime": "2021-09-24 15:51:19", "elapsed": 154.623317, "delta": 1.096002}}
{"target": -43.125942208081185, "params": {"C": 80.95612568386494, "epsilon": 1.0906419219636885, "gamma": 0.013297022537321299}, "datetime": {"datetime": "2021-09-24 15:51:20", "elapsed": 156.248313, "delta": 1.624996}}
{"target": -43.00305996530603, "params": {"C": 88.83817811828641, "epsilon": 3.3434277062091518, "gamma": 0.014401749587738467}, "datetime": {"datetime": "2021-09-24 15:51:22", "elapsed": 158.293112, "delta": 2.044799}}
{"target": -43.22640947861715, "params": {"C": 84.09539242448481, "epsilon": 1.7821272324163437, "gamma": 0.023497703043860958}, "datetime": {"datetime": "2021-09-24 15:51:24", "elapsed": 160.177876, "delta": 1.884764}}
{"target": -43.10640244426374, "params": {"C": 98.22039982930036, "epsilon": 2.546425186142965, "gamma": 0.007122761551786457}, "datetime": {"datetime": "2021-09-24 15:51:26", "elapsed": 161.759135, "delta": 1.581259}}
{"target": -43.420463153645294, "params": {"C": 53.17255955377425, "epsilon": 3.75701146588623, "gamma": 0.021495563496384595}, "datetime": {"datetime": "2021-09-24 15:51:27", "elapsed": 162.671047, "delta": 0.911912}}
{"target": -43.319831218658834, "params": {"C": 73.58074101554746, "epsilon": 3.202659307808568, "gamma": 0.03129746824790829}, "datetime": {"datetime": "2021-09-24 15:51:28", "elapsed": 164.423097, "delta": 1.75205}}
{"target": -43.266170929962264, "params": {"C": 97.2088704518751, "epsilon": 0.5988005136728681, "gamma": 0.025929304424817626}, "datetime": {"datetime": "2021-09-24 15:51:30", "elapsed": 166.051987, "delta": 1.62889}}
{"target": -43.20520048223176, "params": {"C": 62.180018292691834, "epsilon": 2.036557561526089, "gamma": 0.008474543052854455}, "datetime": {"datetime": "2021-09-24 15:51:32", "elapsed": 167.768118, "delta": 1.716131}}
{"target": -43.445866702684285, "params": {"C": 88.85254605202297, "epsilon": 1.8421677773363272, "gamma": 0.003919799084619922}, "datetime": {"datetime": "2021-09-24 15:51:34", "elapsed": 170.269636, "delta": 2.501518}}
{"target": -43.16875765412435, "params": {"C": 68.24265711323977, "epsilon": 2.344117205829433, "gamma": 0.01667872796523196}, "datetime": {"datetime": "2021-09-24 15:51:36", "elapsed": 172.258108, "delta": 1.988472}}
{"target": -43.76599318903995, "params": {"C": 84.1362379172387, "epsilon": 1.712499457597287, "gamma": 0.04230050851440538}, "datetime": {"datetime": "2021-09-24 15:51:38", "elapsed": 173.865074, "delta": 1.606966}}
{"target": -43.9108732312103, "params": {"C": 99.52832234166215, "epsilon": 3.0236265510962195, "gamma": 0.043728419526299814}, "datetime": {"datetime": "2021-09-24 15:51:40", "elapsed": 175.680442, "delta": 1.815368}}
{"target": -43.225559137501996, "params": {"C": 74.26542304948542, "epsilon": 3.67524054301616, "gamma": 0.009324121808325132}, "datetime": {"datetime": "2021-09-24 15:51:41", "elapsed": 177.242918, "delta": 1.562476}}
{"target": -44.77123173763725, "params": {"C": 88.89905963941573, "epsilon": 1.849021694425611, "gamma": 0.07035852519370688}, "datetime": {"datetime": "2021-09-24 15:51:43", "elapsed": 178.944322, "delta": 1.701404}}
{"target": -44.12890938779789, "params": {"C": 65.33141031620407, "epsilon": 3.5282417511218234, "gamma": 0.053272046301578224}, "datetime": {"datetime": "2021-09-24 15:51:45", "elapsed": 180.452375, "delta": 1.508053}}
{"target": -43.06986386242928, "params": {"C": 88.80177963540524, "epsilon": 3.2931890279065037, "gamma": 0.007711219279542328}, "datetime": {"datetime": "2021-09-24 15:51:46", "elapsed": 182.253485, "delta": 1.80111}}
{"target": -44.98177361165183, "params": {"C": 88.3753330389463, "epsilon": 1.9143409089905865, "gamma": 0.07572420937273734}, "datetime": {"datetime": "2021-09-24 15:51:48", "elapsed": 183.751927, "delta": 1.498442}}
{"target": -43.24203428842263, "params": {"C": 88.2875029321213, "epsilon": 1.8848102876837485, "gamma": 0.03054641726112232}, "datetime": {"datetime": "2021-09-24 15:51:49", "elapsed": 185.227585, "delta": 1.475658}}
{"target": -43.17887868076491, "params": {"C": 63.688279025399375, "epsilon": 0.036502233860876074, "gamma": 0.02246214677924753}, "datetime": {"datetime": "2021-09-24 15:51:50", "elapsed": 186.045769, "delta": 0.818184}}
{"target": -43.3987818167727, "params": {"C": 74.22081165189843, "epsilon": 3.6564065244183372, "gamma": 0.02544514609710465}, "datetime": {"datetime": "2021-09-24 15:51:52", "elapsed": 187.659639, "delta": 1.61387}}
{"target": -43.28401080941411, "params": {"C": 61.26928254659325, "epsilon": 1.5943742964577547, "gamma": 0.012959110672269267}, "datetime": {"datetime": "2021-09-24 15:51:53", "elapsed": 189.298543, "delta": 1.638904}}
{"target": -43.18629771436192, "params": {"C": 68.27042559384034, "epsilon": 2.391175140914649, "gamma": 0.008927948076284416}, "datetime": {"datetime": "2021-09-24 15:51:55", "elapsed": 190.822184, "delta": 1.523641}}
{"target": -45.941070657878015, "params": {"C": 65.41190103538796, "epsilon": 3.5721613088992026, "gamma": 0.0007}, "datetime": {"datetime": "2021-09-24 15:51:57", "elapsed": 193.143427, "delta": 2.321243}}
{"target": -43.09993304913669, "params": {"C": 83.61834278969349, "epsilon": 3.255516351171741, "gamma": 0.009186096281735185}, "datetime": {"datetime": "2021-09-24 15:51:59", "elapsed": 195.075571, "delta": 1.932144}}
{"target": -43.34339654583489, "params": {"C": 88.3218854867491, "epsilon": 1.9342599869334471, "gamma": 0.0056712608163823645}, "datetime": {"datetime": "2021-09-24 15:52:01", "elapsed": 197.192675, "delta": 2.117104}}
{"target": -44.87669295072758, "params": {"C": 93.03532948795595, "epsilon": 2.3838720094996777, "gamma": 0.0007}, "datetime": {"datetime": "2021-09-24 15:52:03", "elapsed": 199.110312, "delta": 1.917637}}
{"target": -43.65084446726499, "params": {"C": 81.8508809241353, "epsilon": 1.8271851921043871, "gamma": 0.04092876673299607}, "datetime": {"datetime": "2021-09-24 15:52:05", "elapsed": 200.514926, "delta": 1.404614}}
{"target": -43.5594418759528, "params": {"C": 55.00059880340382, "epsilon": 2.0692745615510773, "gamma": 0.0029358641756089226}, "datetime": {"datetime": "2021-09-24 15:52:06", "elapsed": 201.715334, "delta": 1.200408}}
{"target": -44.81444257216603, "params": {"C": 83.61539607354311, "epsilon": 3.227120660011871, "gamma": 0.0742013438492196}, "datetime": {"datetime": "2021-09-24 15:52:08", "elapsed": 203.449733, "delta": 1.734399}}
{"target": -45.403156744610335, "params": {"C": 98.91150422294197, "epsilon": 1.666183592963664, "gamma": 0.0840010918423317}, "datetime": {"datetime": "2021-09-24 15:52:09", "elapsed": 204.734989, "delta": 1.285256}}
{"target": -43.25132261160441, "params": {"C": 88.85001831901026, "epsilon": 3.2940060661937305, "gamma": 0.026805447012511467}, "datetime": {"datetime": "2021-09-24 15:52:11", "elapsed": 206.572197, "delta": 1.837208}}
{"target": -43.20667635570765, "params": {"C": 74.96381637241923, "epsilon": 2.260092551980103, "gamma": 0.022922316528807232}, "datetime": {"datetime": "2021-09-24 15:52:12", "elapsed": 207.851909, "delta": 1.279712}}
{"target": -44.378849556983226, "params": {"C": 85.93056227082722, "epsilon": 2.5754822910814967, "gamma": 0.0010375483519523751}, "datetime": {"datetime": "2021-09-24 15:52:13", "elapsed": 208.752445, "delta": 0.900536}}
{"target": -44.20817675016917, "params": {"C": 74.06920045251678, "epsilon": 0.037087007305603256, "gamma": 0.05016247622955408}, "datetime": {"datetime": "2021-09-24 15:52:14", "elapsed": 209.79474, "delta": 1.042295}}
{"target": -44.926789056692414, "params": {"C": 61.293787801000526, "epsilon": 1.625892271324364, "gamma": 0.08024008163765896}, "datetime": {"datetime": "2021-09-24 15:52:16", "elapsed": 212.217502, "delta": 2.422762}}
{"target": -44.61843210841522, "params": {"C": 76.45420197191494, "epsilon": 1.8046555299008564, "gamma": 0.06479520528729471}, "datetime": {"datetime": "2021-09-24 15:52:18", "elapsed": 213.630876, "delta": 1.413374}}
{"target": -45.01544311657402, "params": {"C": 84.08691356239763, "epsilon": 1.7606257913450332, "gamma": 0.07706629983734889}, "datetime": {"datetime": "2021-09-24 15:52:20", "elapsed": 215.476594, "delta": 1.845718}}
{"target": -43.361487196115284, "params": {"C": 63.6658628365156, "epsilon": 0.07406118758200164, "gamma": 0.02686396462590604}, "datetime": {"datetime": "2021-09-24 15:52:22", "elapsed": 217.580298, "delta": 2.103704}}
{"target": -43.26482396294774, "params": {"C": 72.65779786460644, "epsilon": 3.269531287850199, "gamma": 0.004228847152938752}, "datetime": {"datetime": "2021-09-24 15:52:23", "elapsed": 219.371226, "delta": 1.790928}}
{"target": -45.527675957951324, "params": {"C": 64.78745392131535, "epsilon": 3.8251831148029893, "gamma": 0.09796775554311128}, "datetime": {"datetime": "2021-09-24 15:52:24", "elapsed": 220.376043, "delta": 1.004817}}
{"target": -43.86087128288558, "params": {"C": 59.01434946194842, "epsilon": 2.999470991728338, "gamma": 0.046108324875759485}, "datetime": {"datetime": "2021-09-24 15:52:25", "elapsed": 221.354309, "delta": 0.978266}}
{"target": -43.487448850228816, "params": {"C": 66.61347343343198, "epsilon": 3.242290658050562, "gamma": 0.036792471065664856}, "datetime": {"datetime": "2021-09-24 15:52:27", "elapsed": 222.490781, "delta": 1.136472}}
{"target": -43.385449780228, "params": {"C": 64.5263180519958, "epsilon": 3.3556433208745893, "gamma": 0.005487214766032701}, "datetime": {"datetime": "2021-09-24 15:52:28", "elapsed": 223.705385, "delta": 1.214604}}
{"target": -44.950548743861845, "params": {"C": 90.18106621231907, "epsilon": 1.7997617745661973, "gamma": 0.0007}, "datetime": {"datetime": "2021-09-24 15:52:30", "elapsed": 225.96463, "delta": 2.259245}}
