{"target": -38.67052098086031, "params": {"C": 179.28241182494892, "epsilon": 1.6581594269344733, "gamma": 0.029039428618814228}, "datetime": {"datetime": "2021-09-28 12:39:21", "elapsed": 41.003242, "delta": 0.831051}}
{"target": -38.27426473539639, "params": {"C": 161.02477051407539, "epsilon": 0.291482122547121, "gamma": 0.024456360875515233}, "datetime": {"datetime": "2021-09-28 12:39:22", "elapsed": 42.003238, "delta": 0.999996}}
{"target": -40.205475961860955, "params": {"C": 151.9848271041436, "epsilon": 2.193684055982013, "gamma": 0.06341827472925321}, "datetime": {"datetime": "2021-09-28 12:39:23", "elapsed": 42.882282, "delta": 0.879044}}
{"target": -36.701965595137374, "params": {"C": 161.08193925087843, "epsilon": 0.6794080972201137, "gamma": 0.004248037313720661}, "datetime": {"datetime": "2021-09-28 12:39:24", "elapsed": 43.910873, "delta": 1.028591}}
{"target": -36.46749192165497, "params": {"C": 177.29456216157394, "epsilon": 1.4781583959854874, "gamma": 0.0017314582891858818}, "datetime": {"datetime": "2021-09-28 12:39:24", "elapsed": 44.344398, "delta": 0.433525}}
{"target": -36.26712980355523, "params": {"C": 161.2431077064694, "epsilon": 0.7471017640844133, "gamma": 0.001}, "datetime": {"datetime": "2021-09-28 12:39:25", "elapsed": 44.979232, "delta": 0.634834}}
{"target": -40.277697384763734, "params": {"C": 177.3618271941108, "epsilon": 1.677426140718451, "gamma": 0.06109802265280989}, "datetime": {"datetime": "2021-09-28 12:39:25", "elapsed": 45.627234, "delta": 0.648002}}
{"target": -47.265445141438036, "params": {"C": 177.12223890734123, "epsilon": 1.4607331498071383, "gamma": 0.15349742249956225}, "datetime": {"datetime": "2021-09-28 12:39:26", "elapsed": 46.224234, "delta": 0.597}}
{"target": -38.5042890698535, "params": {"C": 177.40418184443223, "epsilon": 1.3164359143589408, "gamma": 0.025872742345439622}, "datetime": {"datetime": "2021-09-28 12:39:26", "elapsed": 46.763526, "delta": 0.539292}}
{"target": -37.78520398381668, "params": {"C": 161.15587235819038, "epsilon": 0.9361310788652617, "gamma": 0.014885296297399455}, "datetime": {"datetime": "2021-09-28 12:39:27", "elapsed": 47.449529, "delta": 0.686003}}
{"target": -43.07503905570131, "params": {"C": 161.25912786864916, "epsilon": 0.7916498580609977, "gamma": 0.10718392143805329}, "datetime": {"datetime": "2021-09-28 12:39:28", "elapsed": 48.153521, "delta": 0.703992}}
{"target": -47.63919876984173, "params": {"C": 177.56913249083212, "epsilon": 1.4437991651789372, "gamma": 0.15929756754070415}, "datetime": {"datetime": "2021-09-28 12:39:28", "elapsed": 48.660519, "delta": 0.506998}}
{"target": -38.00624281865604, "params": {"C": 151.31077010832263, "epsilon": 2.5219567859674115, "gamma": 0.016301594821406234}, "datetime": {"datetime": "2021-09-28 12:39:29", "elapsed": 49.344529, "delta": 0.68401}}
{"target": -37.61278495622808, "params": {"C": 161.36924348498638, "epsilon": 0.6789366163033274, "gamma": 0.013612351808303742}, "datetime": {"datetime": "2021-09-28 12:39:30", "elapsed": 49.929394, "delta": 0.584865}}
{"target": -36.53450481722089, "params": {"C": 151.6841249270819, "epsilon": 2.2120713533452983, "gamma": 0.0022590345383576905}, "datetime": {"datetime": "2021-09-28 12:39:30", "elapsed": 50.55182, "delta": 0.622426}}
{"target": -36.93142158348248, "params": {"C": 295.27799077138263, "epsilon": 2.936004801309404, "gamma": 0.003944125566709474}, "datetime": {"datetime": "2021-09-28 12:39:31", "elapsed": 51.016821, "delta": 0.465001}}
{"target": -42.98357740651311, "params": {"C": 295.1097382428423, "epsilon": 2.808107071586738, "gamma": 0.08002187861416028}, "datetime": {"datetime": "2021-09-28 12:39:31", "elapsed": 51.675825, "delta": 0.659004}}
{"target": -42.75616205201503, "params": {"C": 162.44086587625713, "epsilon": 2.8794571506914632, "gamma": 0.10115906466460924}, "datetime": {"datetime": "2021-09-28 12:39:32", "elapsed": 52.207818, "delta": 0.531993}}
{"target": -42.356961479116286, "params": {"C": 295.4220137348712, "epsilon": 2.7904517726703735, "gamma": 0.07524080108511179}, "datetime": {"datetime": "2021-09-28 12:39:33", "elapsed": 52.970312, "delta": 0.762494}}
{"target": -38.20248343540268, "params": {"C": 151.2495958228451, "epsilon": 2.4095532275372338, "gamma": 0.022169718088255387}, "datetime": {"datetime": "2021-09-28 12:39:33", "elapsed": 53.463309, "delta": 0.492997}}
{"target": -38.126539062669615, "params": {"C": 222.64806807995706, "epsilon": 2.7837215205637578, "gamma": 0.020011500297932222}, "datetime": {"datetime": "2021-09-28 12:39:34", "elapsed": 53.980313, "delta": 0.517004}}
{"target": -47.71577083226107, "params": {"C": 222.7140776759146, "epsilon": 2.633403325098304, "gamma": 0.13975101998578526}, "datetime": {"datetime": "2021-09-28 12:39:34", "elapsed": 54.602902, "delta": 0.622589}}
{"target": -42.57811236151217, "params": {"C": 222.5575718251588, "epsilon": 2.86942581801578, "gamma": 0.08738739768749242}, "datetime": {"datetime": "2021-09-28 12:39:35", "elapsed": 55.412177, "delta": 0.809275}}
{"target": -38.16211739226409, "params": {"C": 270.472905371652, "epsilon": 1.3111791221372435, "gamma": 0.0178660128313252}, "datetime": {"datetime": "2021-09-28 12:39:36", "elapsed": 55.917178, "delta": 0.505001}}
{"target": -37.085739531622814, "params": {"C": 160.89203099893595, "epsilon": 0.6979904896837555, "gamma": 0.007961374991834223}, "datetime": {"datetime": "2021-09-28 12:39:36", "elapsed": 56.705433, "delta": 0.788255}}
{"target": -37.31791727054109, "params": {"C": 161.09747192351017, "epsilon": 1.116690699706045, "gamma": 0.008846361647146882}, "datetime": {"datetime": "2021-09-28 12:39:37", "elapsed": 57.346435, "delta": 0.641002}}
{"target": -48.134310753671336, "params": {"C": 187.29983031035573, "epsilon": 2.6334130082490854, "gamma": 0.16451483563564226}, "datetime": {"datetime": "2021-09-28 12:39:38", "elapsed": 57.848436, "delta": 0.502001}}
{"target": -49.51790231880439, "params": {"C": 269.5962376267406, "epsilon": 1.727640680873834, "gamma": 0.16998188887442478}, "datetime": {"datetime": "2021-09-28 12:39:38", "elapsed": 58.343434, "delta": 0.494998}}
{"target": -49.48051721550634, "params": {"C": 270.2931039331035, "epsilon": 1.2526697455549503, "gamma": 0.1682919684271613}, "datetime": {"datetime": "2021-09-28 12:39:39", "elapsed": 58.975574, "delta": 0.63214}}
{"target": -38.138561273139935, "params": {"C": 151.5501352671107, "epsilon": 2.283118233251554, "gamma": 0.0178530567917453}, "datetime": {"datetime": "2021-09-28 12:39:39", "elapsed": 59.599578, "delta": 0.624004}}
{"target": -43.08489630641342, "params": {"C": 161.2288248563018, "epsilon": 1.2422000347519024, "gamma": 0.10691695266037833}, "datetime": {"datetime": "2021-09-28 12:39:40", "elapsed": 60.169212, "delta": 0.569634}}
{"target": -47.18096365037049, "params": {"C": 246.5361805680826, "epsilon": 1.8689391625396337, "gamma": 0.12582771823628053}, "datetime": {"datetime": "2021-09-28 12:39:40", "elapsed": 60.75319, "delta": 0.583978}}
{"target": -37.98686412488642, "params": {"C": 216.37239704795786, "epsilon": 2.704496251164382, "gamma": 0.0171455663597205}, "datetime": {"datetime": "2021-09-28 12:39:41", "elapsed": 61.262185, "delta": 0.508995}}
{"target": -37.00199305288026, "params": {"C": 216.2606334268982, "epsilon": 2.5495725652976784, "gamma": 0.006932279351223009}, "datetime": {"datetime": "2021-09-28 12:39:42", "elapsed": 62.344183, "delta": 1.081998}}
{"target": -41.05799000968702, "params": {"C": 180.70763582905388, "epsilon": 1.8636991725048766, "gamma": 0.07781591759433652}, "datetime": {"datetime": "2021-09-28 12:39:43", "elapsed": 62.938184, "delta": 0.594001}}
{"target": -36.23151285747605, "params": {"C": 216.42978089311626, "epsilon": 2.5125928889953255, "gamma": 0.001}, "datetime": {"datetime": "2021-09-28 12:39:43", "elapsed": 63.755185, "delta": 0.817001}}
{"target": -48.206997523972696, "params": {"C": 216.37243895801015, "epsilon": 2.5413073909179116, "gamma": 0.15260370992505248}, "datetime": {"datetime": "2021-09-28 12:39:44", "elapsed": 64.635987, "delta": 0.880802}}
{"target": -43.12688554660032, "params": {"C": 167.02111527026977, "epsilon": 2.422551706029646, "gamma": 0.10509647888686476}, "datetime": {"datetime": "2021-09-28 12:39:45", "elapsed": 65.232257, "delta": 0.59627}}
{"target": -49.79170739374435, "params": {"C": 299.1412647169459, "epsilon": 2.5791446210015185, "gamma": 0.16339445021731575}, "datetime": {"datetime": "2021-09-28 12:39:46", "elapsed": 65.897254, "delta": 0.664997}}
{"target": -41.56526925704705, "params": {"C": 151.7951404902317, "epsilon": 2.191761111598422, "gamma": 0.08825051767401695}, "datetime": {"datetime": "2021-09-28 12:39:46", "elapsed": 66.621201, "delta": 0.723947}}
{"target": -40.55200501537636, "params": {"C": 213.68010544380914, "epsilon": 0.873279627844197, "gamma": 0.06343684688085723}, "datetime": {"datetime": "2021-09-28 12:39:47", "elapsed": 67.241201, "delta": 0.62}}
{"target": -37.95097360661476, "params": {"C": 216.16395951696262, "epsilon": 2.707020064015749, "gamma": 0.01506367479662572}, "datetime": {"datetime": "2021-09-28 12:39:48", "elapsed": 68.046213, "delta": 0.805012}}
{"target": -38.5066447011437, "params": {"C": 216.2914958443995, "epsilon": 2.317349301068173, "gamma": 0.022698018823814264}, "datetime": {"datetime": "2021-09-28 12:39:48", "elapsed": 68.787439, "delta": 0.741226}}
{"target": -38.56789394832455, "params": {"C": 151.294018636184, "epsilon": 2.1446152923569555, "gamma": 0.031126779371548424}, "datetime": {"datetime": "2021-09-28 12:39:49", "elapsed": 69.410437, "delta": 0.622998}}
{"target": -44.74195852571418, "params": {"C": 231.6348103810311, "epsilon": 0.9393441892541812, "gamma": 0.10741049636657155}, "datetime": {"datetime": "2021-09-28 12:39:50", "elapsed": 70.051569, "delta": 0.641132}}
{"target": -39.36010315202171, "params": {"C": 216.6344075609525, "epsilon": 2.4394415485264593, "gamma": 0.03918935566308608}, "datetime": {"datetime": "2021-09-28 12:39:50", "elapsed": 70.756883, "delta": 0.705314}}
{"target": -41.40790343546237, "params": {"C": 211.00641309794645, "epsilon": 2.0673866734864936, "gamma": 0.07703157988942932}, "datetime": {"datetime": "2021-09-28 12:39:51", "elapsed": 71.355878, "delta": 0.598995}}
{"target": -47.06539811487849, "params": {"C": 295.32928947805954, "epsilon": 2.9913902975292985, "gamma": 0.11278954770870078}, "datetime": {"datetime": "2021-09-28 12:39:52", "elapsed": 72.487711, "delta": 1.131833}}
{"target": -36.87559185540504, "params": {"C": 161.14469929140455, "epsilon": 0.5475001967931854, "gamma": 0.005986799900067094}, "datetime": {"datetime": "2021-09-28 12:39:53", "elapsed": 73.42471, "delta": 0.936999}}
{"target": -40.239013499307376, "params": {"C": 216.48738137378135, "epsilon": 2.3515781362848633, "gamma": 0.057525571214155115}, "datetime": {"datetime": "2021-09-28 12:39:54", "elapsed": 74.179711, "delta": 0.755001}}
{"target": -40.46595018113684, "params": {"C": 216.12682541486572, "epsilon": 2.3804735129245636, "gamma": 0.06326975583160206}, "datetime": {"datetime": "2021-09-28 12:39:55", "elapsed": 75.205767, "delta": 1.026056}}
{"target": -48.691565884895276, "params": {"C": 199.50771305715452, "epsilon": 0.45787820304449306, "gamma": 0.17571856379845266}, "datetime": {"datetime": "2021-09-28 12:39:56", "elapsed": 75.81477, "delta": 0.609003}}
{"target": -38.01563861346395, "params": {"C": 216.1948827306398, "epsilon": 2.917463034289321, "gamma": 0.017895942941765372}, "datetime": {"datetime": "2021-09-28 12:39:56", "elapsed": 76.717863, "delta": 0.903093}}
{"target": -41.541737901397575, "params": {"C": 216.3684949493504, "epsilon": 2.947285277811105, "gamma": 0.07712455475786203}, "datetime": {"datetime": "2021-09-28 12:39:57", "elapsed": 77.49387, "delta": 0.776007}}
{"target": -38.10197931268037, "params": {"C": 216.55985380862512, "epsilon": 2.615083160121298, "gamma": 0.01997274817942178}, "datetime": {"datetime": "2021-09-28 12:39:58", "elapsed": 78.278864, "delta": 0.784994}}
{"target": -43.76773328775314, "params": {"C": 216.05923671772814, "epsilon": 2.8759083594578407, "gamma": 0.10133902833740605}, "datetime": {"datetime": "2021-09-28 12:39:59", "elapsed": 79.212188, "delta": 0.933324}}
{"target": -38.482719638021386, "params": {"C": 176.9446420968236, "epsilon": 1.0713298599208307, "gamma": 0.025761078016144707}, "datetime": {"datetime": "2021-09-28 12:40:00", "elapsed": 79.934534, "delta": 0.722346}}
{"target": -41.783085995459274, "params": {"C": 160.97111269971305, "epsilon": 1.1984375633518003, "gamma": 0.09029508137095793}, "datetime": {"datetime": "2021-09-28 12:40:00", "elapsed": 80.764068, "delta": 0.829534}}
{"target": -39.86722097496839, "params": {"C": 216.0689721414668, "epsilon": 2.587698972604768, "gamma": 0.04729970458450334}, "datetime": {"datetime": "2021-09-28 12:40:01", "elapsed": 81.804068, "delta": 1.04}}
{"target": -36.24034101698758, "params": {"C": 161.35390193988434, "epsilon": 0.21580003073173598, "gamma": 0.0013361468323498295}, "datetime": {"datetime": "2021-09-28 12:40:02", "elapsed": 82.617884, "delta": 0.813816}}
{"target": -37.47061100977805, "params": {"C": 180.40749197697156, "epsilon": 1.7387388132325448, "gamma": 0.011398579865993939}, "datetime": {"datetime": "2021-09-28 12:40:03", "elapsed": 83.607884, "delta": 0.99}}
{"target": -39.255550358985246, "params": {"C": 180.56035133733022, "epsilon": 1.6628865107076232, "gamma": 0.0413861577693676}, "datetime": {"datetime": "2021-09-28 12:40:04", "elapsed": 84.624281, "delta": 1.016397}}
{"target": -47.59933534088334, "params": {"C": 257.8103908964272, "epsilon": 1.0999431681533998, "gamma": 0.12769517820204965}, "datetime": {"datetime": "2021-09-28 12:40:05", "elapsed": 85.352611, "delta": 0.72833}}
{"target": -47.60740285985865, "params": {"C": 180.28702981961345, "epsilon": 1.636150396587131, "gamma": 0.15705660603917296}, "datetime": {"datetime": "2021-09-28 12:40:06", "elapsed": 86.498691, "delta": 1.14608}}
{"target": -48.09429737137679, "params": {"C": 180.42330371922324, "epsilon": 1.9369644531234977, "gamma": 0.167612530682655}, "datetime": {"datetime": "2021-09-28 12:40:07", "elapsed": 87.557455, "delta": 1.058764}}
{"target": -48.384544689809275, "params": {"C": 199.2334978913509, "epsilon": 0.0448407603010918, "gamma": 0.16602312991063184}, "datetime": {"datetime": "2021-09-28 12:40:08", "elapsed": 88.250449, "delta": 0.692994}}
{"target": -37.06746128864732, "params": {"C": 216.83081275882466, "epsilon": 2.5971475613610586, "gamma": 0.00711373842567428}, "datetime": {"datetime": "2021-09-28 12:40:09", "elapsed": 89.593042, "delta": 1.342593}}
{"target": -44.780917158569586, "params": {"C": 257.75972670725395, "epsilon": 1.1352045489277627, "gamma": 0.10236774607116852}, "datetime": {"datetime": "2021-09-28 12:40:10", "elapsed": 90.291272, "delta": 0.69823}}
{"target": -47.91043938871905, "params": {"C": 216.89971630015873, "epsilon": 2.595962946154836, "gamma": 0.14546860451108753}, "datetime": {"datetime": "2021-09-28 12:40:11", "elapsed": 91.257972, "delta": 0.9667}}
{"target": -40.902447900983994, "params": {"C": 216.70340375919494, "epsilon": 2.6878080548219834, "gamma": 0.07004788591068084}, "datetime": {"datetime": "2021-09-28 12:40:12", "elapsed": 92.402971, "delta": 1.144999}}
{"target": -40.21528946010722, "params": {"C": 270.6741222705655, "epsilon": 1.157353984094399, "gamma": 0.04639630965012675}, "datetime": {"datetime": "2021-09-28 12:40:13", "elapsed": 93.416862, "delta": 1.013891}}
{"target": -39.054012436885934, "params": {"C": 216.14537997675222, "epsilon": 2.1094038158410893, "gamma": 0.033456440763809665}, "datetime": {"datetime": "2021-09-28 12:40:14", "elapsed": 94.413385, "delta": 0.996523}}
{"target": -37.37886482806761, "params": {"C": 151.28734079082253, "epsilon": 2.165989179032242, "gamma": 0.00917078145244082}, "datetime": {"datetime": "2021-09-28 12:40:15", "elapsed": 95.232199, "delta": 0.818814}}
{"target": -40.652083079214, "params": {"C": 169.0173836227931, "epsilon": 2.4688223999421, "gamma": 0.07231348881393014}, "datetime": {"datetime": "2021-09-28 12:40:16", "elapsed": 95.966197, "delta": 0.733998}}
{"target": -43.55058549816327, "params": {"C": 216.15784109597533, "epsilon": 1.9171645799617743, "gamma": 0.09978000823887531}, "datetime": {"datetime": "2021-09-28 12:40:17", "elapsed": 96.959831, "delta": 0.993634}}
{"target": -38.06184342393546, "params": {"C": 179.53202566036853, "epsilon": 1.641167614905161, "gamma": 0.018190491393974606}, "datetime": {"datetime": "2021-09-28 12:40:18", "elapsed": 97.998833, "delta": 1.039002}}
{"target": -40.36255404612661, "params": {"C": 154.94629601699822, "epsilon": 1.237502733353879, "gamma": 0.0661498251292691}, "datetime": {"datetime": "2021-09-28 12:40:18", "elapsed": 98.785561, "delta": 0.786728}}
{"target": -39.553494181376074, "params": {"C": 179.45767799447586, "epsilon": 1.4846713748276923, "gamma": 0.045559116680267395}, "datetime": {"datetime": "2021-09-28 12:40:20", "elapsed": 99.877556, "delta": 1.091995}}
{"target": -39.82580352302266, "params": {"C": 179.68864836842636, "epsilon": 1.5348504726780547, "gamma": 0.04926509358066845}, "datetime": {"datetime": "2021-09-28 12:40:21", "elapsed": 100.927186, "delta": 1.04963}}
{"target": -39.75570679577095, "params": {"C": 179.7546076208222, "epsilon": 1.7902766335032763, "gamma": 0.04833740935113313}, "datetime": {"datetime": "2021-09-28 12:40:22", "elapsed": 102.097467, "delta": 1.170281}}
{"target": -40.022640451411824, "params": {"C": 154.95730159205522, "epsilon": 1.2144391163944601, "gamma": 0.05724812653151899}, "datetime": {"datetime": "2021-09-28 12:40:23", "elapsed": 102.896496, "delta": 0.799029}}
{"target": -36.783695156921475, "params": {"C": 177.39760086130184, "epsilon": 1.4384188648456042, "gamma": 0.0026233926001295984}, "datetime": {"datetime": "2021-09-28 12:40:24", "elapsed": 104.111488, "delta": 1.214992}}
{"target": -39.108848577667146, "params": {"C": 242.99731023038618, "epsilon": 0.8207405295317993, "gamma": 0.03171197907377477}, "datetime": {"datetime": "2021-09-28 12:40:25", "elapsed": 104.926583, "delta": 0.815095}}
{"target": -36.267892689597886, "params": {"C": 161.84863841674036, "epsilon": 0.6474798097895894, "gamma": 0.001}, "datetime": {"datetime": "2021-09-28 12:40:26", "elapsed": 106.227583, "delta": 1.301}}
{"target": -43.92979126963118, "params": {"C": 161.92599273156216, "epsilon": 0.7069761812710291, "gamma": 0.11759018303320277}, "datetime": {"datetime": "2021-09-28 12:40:27", "elapsed": 107.392401, "delta": 1.164818}}
{"target": -48.03628441996466, "params": {"C": 221.0620086615469, "epsilon": 1.8598309094198433, "gamma": 0.14656983427900372}, "datetime": {"datetime": "2021-09-28 12:40:28", "elapsed": 108.108398, "delta": 0.715997}}
{"target": -40.12882078701088, "params": {"C": 215.10764906683818, "epsilon": 0.5727764292888134, "gamma": 0.0497811560748052}, "datetime": {"datetime": "2021-09-28 12:40:29", "elapsed": 109.10069, "delta": 0.992292}}
{"target": -36.82235001361824, "params": {"C": 151.34997926939448, "epsilon": 1.9767468457545359, "gamma": 0.005912218782972853}, "datetime": {"datetime": "2021-09-28 12:40:30", "elapsed": 110.439504, "delta": 1.338814}}
{"target": -48.056517998350955, "params": {"C": 179.51630909995342, "epsilon": 1.7388029384878236, "gamma": 0.16718579936245287}, "datetime": {"datetime": "2021-09-28 12:40:31", "elapsed": 111.522353, "delta": 1.082849}}
{"target": -37.439332830741066, "params": {"C": 151.44363096338128, "epsilon": 2.210474068862596, "gamma": 0.009683269075302016}, "datetime": {"datetime": "2021-09-28 12:40:32", "elapsed": 112.799353, "delta": 1.277}}
{"target": -38.87584355854763, "params": {"C": 163.6139275297906, "epsilon": 1.8449163489971179, "gamma": 0.035427537104647445}, "datetime": {"datetime": "2021-09-28 12:40:33", "elapsed": 113.661351, "delta": 0.861998}}
{"target": -36.243169210094706, "params": {"C": 222.78280253800907, "epsilon": 2.9000954764559563, "gamma": 0.001}, "datetime": {"datetime": "2021-09-28 12:40:35", "elapsed": 114.96274, "delta": 1.301389}}
{"target": -38.919840870650155, "params": {"C": 224.77227493712184, "epsilon": 1.2516564301177766, "gamma": 0.027202713522543803}, "datetime": {"datetime": "2021-09-28 12:40:36", "elapsed": 115.814737, "delta": 0.851997}}
{"target": -38.22906373112311, "params": {"C": 161.40540738984222, "epsilon": 0.3491142572500094, "gamma": 0.020659839594568512}, "datetime": {"datetime": "2021-09-28 12:40:36", "elapsed": 116.650738, "delta": 0.836001}}
{"target": -41.842358815098656, "params": {"C": 169.0347757997769, "epsilon": 2.462864452383794, "gamma": 0.08814934484777223}, "datetime": {"datetime": "2021-09-28 12:40:37", "elapsed": 117.547404, "delta": 0.896666}}
{"target": -36.78274405505144, "params": {"C": 168.76262371015017, "epsilon": 2.5903022910583395, "gamma": 0.0046110634485295714}, "datetime": {"datetime": "2021-09-28 12:40:38", "elapsed": 118.708406, "delta": 1.161002}}
{"target": -42.41198829397892, "params": {"C": 168.87160954599491, "epsilon": 2.5877258963427163, "gamma": 0.0955971318908155}, "datetime": {"datetime": "2021-09-28 12:40:40", "elapsed": 119.977651, "delta": 1.269245}}
{"target": -38.85233627521906, "params": {"C": 168.5687404049694, "epsilon": 2.6716015706969998, "gamma": 0.035295966723041444}, "datetime": {"datetime": "2021-09-28 12:40:41", "elapsed": 121.236372, "delta": 1.258721}}
{"target": -48.40827391020072, "params": {"C": 192.3700546055796, "epsilon": 1.2358507672705388, "gamma": 0.17020723120508122}, "datetime": {"datetime": "2021-09-28 12:40:42", "elapsed": 122.088363, "delta": 0.851991}}
{"target": -37.22163445118491, "params": {"C": 222.97542315973715, "epsilon": 2.9975358534627743, "gamma": 0.009253789874621051}, "datetime": {"datetime": "2021-09-28 12:40:43", "elapsed": 123.183567, "delta": 1.095204}}
