{"target": 0.4425759561764989, "params": {"C": 21.61714674208647, "epsilon": 0.5083549982607507, "gamma": 0.03233628428726682}, "datetime": {"datetime": "2021-09-24 09:15:01", "elapsed": 188.280146, "delta": 1.87703}}
{"target": 0.35217950989201596, "params": {"C": 78.49813136873799, "epsilon": 0.637936159467779, "gamma": 0.10876333726533348}, "datetime": {"datetime": "2021-09-24 09:15:02", "elapsed": 189.532585, "delta": 1.252439}}
{"target": 0.38479422346296366, "params": {"C": 30.279158764204396, "epsilon": 0.9560095545814072, "gamma": 0.14695061002944187}, "datetime": {"datetime": "2021-09-24 09:15:03", "elapsed": 190.79276, "delta": 1.260175}}
{"target": 0.4352060881445047, "params": {"C": 18.848411934657868, "epsilon": 0.7482296022006575, "gamma": 0.06913535152556056}, "datetime": {"datetime": "2021-09-24 09:15:04", "elapsed": 191.887065, "delta": 1.094305}}
{"target": 0.43014229373813784, "params": {"C": 33.89467739819531, "epsilon": 0.8093320824666276, "gamma": 0.05515688004817788}, "datetime": {"datetime": "2021-09-24 09:15:06", "elapsed": 193.111527, "delta": 1.224462}}
{"target": 0.42875529480357166, "params": {"C": 29.762109742951697, "epsilon": 0.8378558381747392, "gamma": 0.008183232629797303}, "datetime": {"datetime": "2021-09-24 09:15:07", "elapsed": 194.314818, "delta": 1.203291}}
{"target": 0.4403332192178344, "params": {"C": 21.362184121435092, "epsilon": 0.6787693433331553, "gamma": 0.03932930462372437}, "datetime": {"datetime": "2021-09-24 09:15:08", "elapsed": 195.625553, "delta": 1.310735}}
{"target": 0.4206835122412561, "params": {"C": 21.41601614809523, "epsilon": 0.8643320385684902, "gamma": 0.006747996886078541}, "datetime": {"datetime": "2021-09-24 09:15:11", "elapsed": 198.134759, "delta": 2.509206}}
{"target": 0.4280015579235251, "params": {"C": 14.337612471940469, "epsilon": 0.6047468156926676, "gamma": 0.013814545174240404}, "datetime": {"datetime": "2021-09-24 09:15:13", "elapsed": 200.526562, "delta": 2.391803}}
{"target": 0.3283980140640733, "params": {"C": 99.98734543908134, "epsilon": 0.008319060504873802, "gamma": 0.11817281463155188}, "datetime": {"datetime": "2021-09-24 09:15:14", "elapsed": 201.69878, "delta": 1.172218}}
{"target": 0.4405627949168106, "params": {"C": 21.664727437880206, "epsilon": 0.5069680107786826, "gamma": 0.03822803199145152}, "datetime": {"datetime": "2021-09-24 09:15:16", "elapsed": 203.437066, "delta": 1.738286}}
{"target": 0.4446392154779937, "params": {"C": 21.6182505828983, "epsilon": 0.5807482726515161, "gamma": 0.02897133148261776}, "datetime": {"datetime": "2021-09-24 09:15:18", "elapsed": 205.340747, "delta": 1.903681}}
{"target": 0.4293557238782948, "params": {"C": 49.68983557959984, "epsilon": 0.14694016364180812, "gamma": 0.029173251245961637}, "datetime": {"datetime": "2021-09-24 09:15:19", "elapsed": 206.506715, "delta": 1.165968}}
{"target": 0.43914208142648725, "params": {"C": 21.452540483345935, "epsilon": 0.6398433888916838, "gamma": 0.04537426372786745}, "datetime": {"datetime": "2021-09-24 09:15:20", "elapsed": 207.930409, "delta": 1.423694}}
{"target": 0.4054998264814874, "params": {"C": 89.03305088639772, "epsilon": 0.533406459075017, "gamma": 0.05712813765288537}, "datetime": {"datetime": "2021-09-24 09:15:22", "elapsed": 209.133857, "delta": 1.203448}}
{"target": 0.4373942213136015, "params": {"C": 21.403253788569565, "epsilon": 0.6438592846326152, "gamma": 0.017444751734882406}, "datetime": {"datetime": "2021-09-24 09:15:23", "elapsed": 210.735694, "delta": 1.601837}}
{"target": 0.4446957895353054, "params": {"C": 18.802647294806608, "epsilon": 0.3026162770920997, "gamma": 0.03545029029217465}, "datetime": {"datetime": "2021-09-24 09:15:25", "elapsed": 212.780801, "delta": 2.045107}}
{"target": 0.431414626106978, "params": {"C": 21.649330851780615, "epsilon": 0.523959986202598, "gamma": 0.07201467388880924}, "datetime": {"datetime": "2021-09-24 09:15:27", "elapsed": 215.086311, "delta": 2.30551}}
{"target": 0.4255112573008366, "params": {"C": 47.78257524349005, "epsilon": 0.8034873494376182, "gamma": 0.04829781388848102}, "datetime": {"datetime": "2021-09-24 09:15:29", "elapsed": 216.426992, "delta": 1.340681}}
{"target": 0.42120940085081227, "params": {"C": 21.49146678175017, "epsilon": 0.7119697136843421, "gamma": 0.006887734524088212}, "datetime": {"datetime": "2021-09-24 09:15:31", "elapsed": 218.369656, "delta": 1.942664}}
{"target": 0.4349312256426662, "params": {"C": 21.324308655880504, "epsilon": 0.7039212013473097, "gamma": 0.0664935831055819}, "datetime": {"datetime": "2021-09-24 09:15:33", "elapsed": 220.339376, "delta": 1.96972}}
{"target": 0.4309201868982193, "params": {"C": 14.491485397952987, "epsilon": 0.8540338502068083, "gamma": 0.07527468188124932}, "datetime": {"datetime": "2021-09-24 09:15:35", "elapsed": 222.115566, "delta": 1.77619}}
{"target": 0.44472428723344215, "params": {"C": 18.753368733576117, "epsilon": 0.3103729705183934, "gamma": 0.03527048342557735}, "datetime": {"datetime": "2021-09-24 09:15:37", "elapsed": 224.202227, "delta": 2.086661}}
{"target": 0.42914441186277874, "params": {"C": 21.319806684807602, "epsilon": 0.7909571780423456, "gamma": 0.07476785943855964}, "datetime": {"datetime": "2021-09-24 09:15:39", "elapsed": 226.119894, "delta": 1.917667}}
{"target": 0.4271751700304762, "params": {"C": 21.25977899612192, "epsilon": 0.5169665398442653, "gamma": 0.07890861822832057}, "datetime": {"datetime": "2021-09-24 09:15:41", "elapsed": 228.481775, "delta": 2.361881}}
{"target": 0.4149424698072135, "params": {"C": 44.65939070926152, "epsilon": 0.07595197637033445, "gamma": 0.0692615414592873}, "datetime": {"datetime": "2021-09-24 09:15:42", "elapsed": 229.652435, "delta": 1.17066}}
{"target": 0.44157627359903473, "params": {"C": 15.771973591666033, "epsilon": 0.7572953350336914, "gamma": 0.05000166457449036}, "datetime": {"datetime": "2021-09-24 09:15:43", "elapsed": 231.061662, "delta": 1.409227}}
{"target": 0.43715723471630374, "params": {"C": 18.771749791691995, "epsilon": 0.28392665136520856, "gamma": 0.021338230311882377}, "datetime": {"datetime": "2021-09-24 09:15:45", "elapsed": 233.025117, "delta": 1.963455}}
{"target": 0.4343512571522232, "params": {"C": 21.591947173682147, "epsilon": 0.537618110922536, "gamma": 0.014453298224636233}, "datetime": {"datetime": "2021-09-24 09:15:47", "elapsed": 234.803158, "delta": 1.778041}}
{"target": 0.4443793114615846, "params": {"C": 21.69304884205036, "epsilon": 0.45084639407089294, "gamma": 0.029611344428429415}, "datetime": {"datetime": "2021-09-24 09:15:49", "elapsed": 236.543444, "delta": 1.740286}}
{"target": 0.43705824320746156, "params": {"C": 21.682573759817494, "epsilon": 0.5724154513104399, "gamma": 0.05473319298593799}, "datetime": {"datetime": "2021-09-24 09:15:51", "elapsed": 238.747078, "delta": 2.203634}}
{"target": 0.3839852343447946, "params": {"C": 55.48710478413952, "epsilon": 0.34951746942173223, "gamma": 0.09801774886081574}, "datetime": {"datetime": "2021-09-24 09:15:53", "elapsed": 240.10093, "delta": 1.353852}}
{"target": 0.4362814825110446, "params": {"C": 21.33924412886287, "epsilon": 0.6037518016283379, "gamma": 0.06139511122937565}, "datetime": {"datetime": "2021-09-24 09:15:54", "elapsed": 241.98407, "delta": 1.88314}}
{"target": 0.36006180246406594, "params": {"C": 55.0501569423036, "epsilon": 0.6524344204780421, "gamma": 0.1307454835295083}, "datetime": {"datetime": "2021-09-24 09:15:56", "elapsed": 243.322291, "delta": 1.338221}}
{"target": 0.44325019280341793, "params": {"C": 21.59860146199596, "epsilon": 0.46991282373753385, "gamma": 0.02380010590538519}, "datetime": {"datetime": "2021-09-24 09:15:58", "elapsed": 245.625017, "delta": 2.302726}}
{"target": 0.43311673829699937, "params": {"C": 18.747510779917754, "epsilon": 0.27714847526622916, "gamma": 0.07457330091417054}, "datetime": {"datetime": "2021-09-24 09:16:01", "elapsed": 248.495592, "delta": 2.870575}}
{"target": 0.4360095819515928, "params": {"C": 21.648065595055293, "epsilon": 0.6284933254314656, "gamma": 0.060368802042679234}, "datetime": {"datetime": "2021-09-24 09:16:03", "elapsed": 250.240237, "delta": 1.744645}}
{"target": 0.3862865020869133, "params": {"C": 4.116423248878132, "epsilon": 0.6739235927723749, "gamma": 0.06721771931719747}, "datetime": {"datetime": "2021-09-24 09:16:04", "elapsed": 251.586594, "delta": 1.346357}}
{"target": 0.40955570885044146, "params": {"C": 21.337980763513173, "epsilon": 0.5502963452719756, "gamma": 0.0052387779763675675}, "datetime": {"datetime": "2021-09-24 09:16:06", "elapsed": 253.872517, "delta": 2.285923}}
{"target": 0.44384200304868604, "params": {"C": 21.588008624147133, "epsilon": 0.6768840346698095, "gamma": 0.024945334823665538}, "datetime": {"datetime": "2021-09-24 09:16:08", "elapsed": 255.708766, "delta": 1.836249}}
{"target": 0.43503949236374206, "params": {"C": 21.36348298626975, "epsilon": 0.6405189844870656, "gamma": 0.06584764410510191}, "datetime": {"datetime": "2021-09-24 09:16:10", "elapsed": 257.976168, "delta": 2.267402}}
{"target": 0.42506047939308267, "params": {"C": 27.059672047763247, "epsilon": 0.8540429770082639, "gamma": 0.07403335369185862}, "datetime": {"datetime": "2021-09-24 09:16:12", "elapsed": 259.34944, "delta": 1.373272}}
{"target": 0.43561471299138976, "params": {"C": 25.920893686319992, "epsilon": 0.5556763307565281, "gamma": 0.050103503257882785}, "datetime": {"datetime": "2021-09-24 09:16:13", "elapsed": 260.972836, "delta": 1.623396}}
{"target": 0.4214138139906175, "params": {"C": 28.60481700847841, "epsilon": 0.2163811871724585, "gamma": 0.07918938539313772}, "datetime": {"datetime": "2021-09-24 09:16:15", "elapsed": 262.213079, "delta": 1.240243}}
{"target": 0.3543356679148624, "params": {"C": 60.19885886910676, "epsilon": 0.04497285294303662, "gamma": 0.1304674340691369}, "datetime": {"datetime": "2021-09-24 09:16:16", "elapsed": 263.515414, "delta": 1.302335}}
{"target": 0.4235589689606164, "params": {"C": 14.17033521677598, "epsilon": 0.6462002660442837, "gamma": 0.09545749468430423}, "datetime": {"datetime": "2021-09-24 09:16:19", "elapsed": 266.270808, "delta": 2.755394}}
{"target": 0.43709198035793706, "params": {"C": 21.56843479618114, "epsilon": 0.48846202819474027, "gamma": 0.055359131515233334}, "datetime": {"datetime": "2021-09-24 09:16:22", "elapsed": 269.161764, "delta": 2.890956}}
{"target": 0.4353975525879261, "params": {"C": 12.57077960250966, "epsilon": 0.5163899317305772, "gamma": 0.07167748614562847}, "datetime": {"datetime": "2021-09-24 09:16:24", "elapsed": 271.142667, "delta": 1.980903}}
{"target": 0.4393618863959923, "params": {"C": 12.542221104473741, "epsilon": 0.4773887934114188, "gamma": 0.05575463346053233}, "datetime": {"datetime": "2021-09-24 09:16:26", "elapsed": 273.828611, "delta": 2.685944}}
{"target": 0.43051078264371734, "params": {"C": 14.204262853534441, "epsilon": 0.700453398676235, "gamma": 0.07673440694702029}, "datetime": {"datetime": "2021-09-24 09:16:29", "elapsed": 276.276299, "delta": 2.447688}}
{"target": 0.4354428349553383, "params": {"C": 12.512416965135742, "epsilon": 0.5348228804752629, "gamma": 0.07168743921351939}, "datetime": {"datetime": "2021-09-24 09:16:31", "elapsed": 278.124949, "delta": 1.84865}}
{"target": 0.4365018397842685, "params": {"C": 21.580440680850028, "epsilon": 0.6412012556186243, "gamma": 0.05843223149631174}, "datetime": {"datetime": "2021-09-24 09:16:32", "elapsed": 280.056175, "delta": 1.931226}}
{"target": 0.37821880878973313, "params": {"C": 38.0287392047036, "epsilon": 0.36441318854331506, "gamma": 0.140824685932673}, "datetime": {"datetime": "2021-09-24 09:16:34", "elapsed": 281.371413, "delta": 1.315238}}
{"target": 0.43882669668854124, "params": {"C": 21.54387993275416, "epsilon": 0.7518526166374496, "gamma": 0.048055191764981554}, "datetime": {"datetime": "2021-09-24 09:16:36", "elapsed": 283.451212, "delta": 2.079799}}
{"target": 0.43493614003185344, "params": {"C": 21.71144450220531, "epsilon": 0.5188371459747063, "gamma": 0.0637781597554227}, "datetime": {"datetime": "2021-09-24 09:16:39", "elapsed": 286.942041, "delta": 3.490829}}
{"target": 0.4407878402029971, "params": {"C": 21.544638541916022, "epsilon": 0.702242966804398, "gamma": 0.04268043292529627}, "datetime": {"datetime": "2021-09-24 09:16:42", "elapsed": 289.127316, "delta": 2.185275}}
{"target": 0.36909828771759956, "params": {"C": 64.67418288689964, "epsilon": 0.2877155205203689, "gamma": 0.10397231186998647}, "datetime": {"datetime": "2021-09-24 09:16:43", "elapsed": 290.444251, "delta": 1.316935}}
{"target": 0.4210040979338948, "params": {"C": 14.43011879706907, "epsilon": 0.8303454197868506, "gamma": 0.10005422326193286}, "datetime": {"datetime": "2021-09-24 09:16:45", "elapsed": 292.680117, "delta": 2.235866}}
{"target": 0.44136892857617716, "params": {"C": 21.58134135779597, "epsilon": 0.7353462272070846, "gamma": 0.03420984225716074}, "datetime": {"datetime": "2021-09-24 09:16:47", "elapsed": 294.889562, "delta": 2.209445}}
{"target": 0.44029465738823115, "params": {"C": 14.358043540202468, "epsilon": 0.6156499944826935, "gamma": 0.03360005801473599}, "datetime": {"datetime": "2021-09-24 09:16:50", "elapsed": 297.789456, "delta": 2.899894}}
{"target": 0.4408621277549555, "params": {"C": 14.285212522985068, "epsilon": 0.6063677997056954, "gamma": 0.05401579816796644}, "datetime": {"datetime": "2021-09-24 09:16:52", "elapsed": 299.679976, "delta": 1.89052}}
{"target": 0.25282363362805926, "params": {"C": 1.903983542332841, "epsilon": 0.23132882894451154, "gamma": 0.10829839601521575}, "datetime": {"datetime": "2021-09-24 09:16:53", "elapsed": 301.094985, "delta": 1.415009}}
{"target": 0.4227770919624525, "params": {"C": 21.59102116670099, "epsilon": 0.724263090155218, "gamma": 0.08758580675283996}, "datetime": {"datetime": "2021-09-24 09:16:56", "elapsed": 303.558699, "delta": 2.463714}}
{"target": 0.4372351668230243, "params": {"C": 21.011589501621575, "epsilon": 0.7744576476793256, "gamma": 0.016005696788633852}, "datetime": {"datetime": "2021-09-24 09:16:58", "elapsed": 305.705144, "delta": 2.146445}}
{"target": 0.4438909235997949, "params": {"C": 20.985824134545037, "epsilon": 0.8048377476496268, "gamma": 0.026940850146192033}, "datetime": {"datetime": "2021-09-24 09:17:00", "elapsed": 307.932057, "delta": 2.226913}}
{"target": 0.3881742330285767, "params": {"C": 85.69695133332134, "epsilon": 0.42517359356018, "gamma": 0.07111000317621635}, "datetime": {"datetime": "2021-09-24 09:17:02", "elapsed": 309.319808, "delta": 1.387751}}
{"target": 0.4250753744529844, "params": {"C": 14.245631929418888, "epsilon": 0.6116247088660134, "gamma": 0.011768334282217088}, "datetime": {"datetime": "2021-09-24 09:17:04", "elapsed": 311.912579, "delta": 2.592771}}
{"target": 0.40243186833856226, "params": {"C": 12.614404597527768, "epsilon": 0.43781245246457134, "gamma": 0.00805786674978775}, "datetime": {"datetime": "2021-09-24 09:17:06", "elapsed": 313.917244, "delta": 2.004665}}
{"target": 0.43562015954713407, "params": {"C": 21.256447012440294, "epsilon": 0.8282200596609419, "gamma": 0.0648106158944169}, "datetime": {"datetime": "2021-09-24 09:17:08", "elapsed": 316.042857, "delta": 2.125613}}
{"target": 0.42783957376393844, "params": {"C": 14.303855302596274, "epsilon": 0.6044210862856425, "gamma": 0.08522173409310807}, "datetime": {"datetime": "2021-09-24 09:17:11", "elapsed": 318.627484, "delta": 2.584627}}
{"target": 0.43483445027406054, "params": {"C": 18.842060516957662, "epsilon": 0.2709135814432908, "gamma": 0.01666237114143999}, "datetime": {"datetime": "2021-09-24 09:17:13", "elapsed": 320.481184, "delta": 1.8537}}
{"target": 0.3398936591525863, "params": {"C": 94.55749121780205, "epsilon": 0.0581995371258783, "gamma": 0.10854738756765565}, "datetime": {"datetime": "2021-09-24 09:17:14", "elapsed": 321.853591, "delta": 1.372407}}
{"target": 0.4296842751473273, "params": {"C": 21.62813532955971, "epsilon": 0.6635755592288899, "gamma": 0.012369323662430133}, "datetime": {"datetime": "2021-09-24 09:17:17", "elapsed": 324.447666, "delta": 2.594075}}
{"target": 0.3939039201712773, "params": {"C": 70.45549376888005, "epsilon": 0.5518355051815492, "gamma": 0.07604118451103901}, "datetime": {"datetime": "2021-09-24 09:17:18", "elapsed": 325.7822, "delta": 1.334534}}
{"target": 0.417931853620527, "params": {"C": 14.177437495009624, "epsilon": 0.6238816155008671, "gamma": 0.009471484194931157}, "datetime": {"datetime": "2021-09-24 09:17:20", "elapsed": 327.781659, "delta": 1.999459}}
{"target": 0.4314435153274615, "params": {"C": 12.618530404563993, "epsilon": 0.48136849163755874, "gamma": 0.07782302828337562}, "datetime": {"datetime": "2021-09-24 09:17:23", "elapsed": 330.177336, "delta": 2.395677}}
{"target": 0.437813669127498, "params": {"C": 21.391391067438587, "epsilon": 0.45905508501076764, "gamma": 0.050371261734819824}, "datetime": {"datetime": "2021-09-24 09:17:24", "elapsed": 331.929119, "delta": 1.751783}}
{"target": 0.4102225755611507, "params": {"C": 88.48735701731665, "epsilon": 0.5571077812271258, "gamma": 0.0487498511363616}, "datetime": {"datetime": "2021-09-24 09:17:26", "elapsed": 333.266077, "delta": 1.336958}}
{"target": 0.4088059719882723, "params": {"C": 85.3644952913718, "epsilon": 0.6456396370047753, "gamma": 0.05260088435762445}, "datetime": {"datetime": "2021-09-24 09:17:27", "elapsed": 334.660946, "delta": 1.394869}}
{"target": 0.42138562089045783, "params": {"C": 21.439266527462454, "epsilon": 0.5850894959456541, "gamma": 0.09167859776937101}, "datetime": {"datetime": "2021-09-24 09:17:29", "elapsed": 336.691065, "delta": 2.030119}}
{"target": 0.42620777770327367, "params": {"C": 21.11937228194045, "epsilon": 0.7743832879638545, "gamma": 0.08037513605675811}, "datetime": {"datetime": "2021-09-24 09:17:32", "elapsed": 339.84165, "delta": 3.150585}}
{"target": 0.43961979369152504, "params": {"C": 17.994299742619162, "epsilon": 0.998269507372698, "gamma": 0.05577258124437709}, "datetime": {"datetime": "2021-09-24 09:17:34", "elapsed": 341.214035, "delta": 1.372385}}
{"target": 0.4196536765276704, "params": {"C": 21.442770326455488, "epsilon": 0.5960156747190604, "gamma": 0.006208642435103482}, "datetime": {"datetime": "2021-09-24 09:17:37", "elapsed": 344.172468, "delta": 2.958433}}
{"target": 0.4382437459353279, "params": {"C": 21.648221233389926, "epsilon": 0.5510493978024271, "gamma": 0.018138496449473608}, "datetime": {"datetime": "2021-09-24 09:17:39", "elapsed": 346.81324, "delta": 2.640772}}
{"target": 0.4345126166313851, "params": {"C": 21.328964377632733, "epsilon": 0.7021459866863579, "gamma": 0.014392804595306286}, "datetime": {"datetime": "2021-09-24 09:17:42", "elapsed": 349.380075, "delta": 2.566835}}
{"target": 0.418730354823039, "params": {"C": 21.505130693927068, "epsilon": 0.4791826490546628, "gamma": 0.09742946894204284}, "datetime": {"datetime": "2021-09-24 09:17:44", "elapsed": 351.992818, "delta": 2.612743}}
{"target": 0.4223707754478272, "params": {"C": 21.85813239393478, "epsilon": 0.770893377550527, "gamma": 0.08754950528945461}, "datetime": {"datetime": "2021-09-24 09:17:46", "elapsed": 353.356461, "delta": 1.363643}}
{"target": 0.43585771714040744, "params": {"C": 21.620931638304985, "epsilon": 0.6825774347951236, "gamma": 0.06104486380472711}, "datetime": {"datetime": "2021-09-24 09:17:48", "elapsed": 355.668251, "delta": 2.31179}}
{"target": 0.4276973289931506, "params": {"C": 97.33265807482024, "epsilon": 0.4785335665216859, "gamma": 0.013709973884654596}, "datetime": {"datetime": "2021-09-24 09:17:49", "elapsed": 357.043753, "delta": 1.375502}}
{"target": 0.35033881949974055, "params": {"C": 14.405231012215156, "epsilon": 0.6068874306915882, "gamma": 0.0032418338300076676}, "datetime": {"datetime": "2021-09-24 09:17:52", "elapsed": 359.308643, "delta": 2.26489}}
{"target": 0.4215418106954527, "params": {"C": 21.35615532286498, "epsilon": 0.7325775121300958, "gamma": 0.09144144032505935}, "datetime": {"datetime": "2021-09-24 09:17:54", "elapsed": 362.094839, "delta": 2.786196}}
{"target": 0.4196933949148298, "params": {"C": 21.56630010256334, "epsilon": 0.6367954082459182, "gamma": 0.006378744923247561}, "datetime": {"datetime": "2021-09-24 09:17:57", "elapsed": 364.686386, "delta": 2.591547}}
{"target": 0.39034743274676154, "params": {"C": 21.417949452020487, "epsilon": 0.49247346255654206, "gamma": 0.003540900489958262}, "datetime": {"datetime": "2021-09-24 09:18:00", "elapsed": 367.210539, "delta": 2.524153}}
{"target": 0.43929147226763565, "params": {"C": 86.55379415761392, "epsilon": 0.221821863015299, "gamma": 0.00775669657814149}, "datetime": {"datetime": "2021-09-24 09:18:01", "elapsed": 368.860622, "delta": 1.650083}}
{"target": 0.4330118757614748, "params": {"C": 12.557587519816064, "epsilon": 0.4751537123260779, "gamma": 0.02093170513068636}, "datetime": {"datetime": "2021-09-24 09:18:04", "elapsed": 371.287635, "delta": 2.427013}}
{"target": 0.4352804931691202, "params": {"C": 18.797316765647498, "epsilon": 0.33974376840587134, "gamma": 0.06976541006350591}, "datetime": {"datetime": "2021-09-24 09:18:06", "elapsed": 373.816653, "delta": 2.529018}}
{"target": 0.43354286873154546, "params": {"C": 18.80151570473647, "epsilon": 0.2376290293861254, "gamma": 0.01568090124946047}, "datetime": {"datetime": "2021-09-24 09:18:09", "elapsed": 376.498226, "delta": 2.681573}}
{"target": 0.43750694568590276, "params": {"C": 21.278328923337146, "epsilon": 0.6672953733941042, "gamma": 0.05497414199016352}, "datetime": {"datetime": "2021-09-24 09:18:11", "elapsed": 378.614895, "delta": 2.116669}}
{"target": 0.36894864304571073, "params": {"C": 62.203857638514314, "epsilon": 0.027436763339295227, "gamma": 0.10709163235896572}, "datetime": {"datetime": "2021-09-24 09:18:13", "elapsed": 380.116041, "delta": 1.501146}}
{"target": 0.4353116532451996, "params": {"C": 27.56965164425444, "epsilon": 0.8347301316737239, "gamma": 0.04445309336028884}, "datetime": {"datetime": "2021-09-24 09:18:14", "elapsed": 381.665792, "delta": 1.549751}}
