{"target": -39.596100613215874, "params": {"C": 234.03743612518753, "epsilon": 1.3649825815288397, "gamma": 0.03944079530961515}, "datetime": {"datetime": "2021-09-28 13:16:04", "elapsed": 2244.131752, "delta": 6.872471}}
{"target": -36.186468718074764, "params": {"C": 287.135758312118, "epsilon": 0.9719559538256158, "gamma": 0.001}, "datetime": {"datetime": "2021-09-28 13:16:14", "elapsed": 2254.630763, "delta": 10.499011}}
{"target": -36.286443952612224, "params": {"C": 155.74592303640557, "epsilon": 1.6513458638200451, "gamma": 0.001}, "datetime": {"datetime": "2021-09-28 13:16:23", "elapsed": 2262.851327, "delta": 8.220564}}
{"target": -38.73509807013814, "params": {"C": 155.66352894430506, "epsilon": 1.750042934158592, "gamma": 0.033252090250388576}, "datetime": {"datetime": "2021-09-28 13:16:29", "elapsed": 2269.353431, "delta": 6.502104}}
{"target": -40.363286261059, "params": {"C": 287.18502861412816, "epsilon": 0.7133079329306555, "gamma": 0.049621426768246435}, "datetime": {"datetime": "2021-09-28 13:16:36", "elapsed": 2276.254518, "delta": 6.901087}}
{"target": -38.10955901846563, "params": {"C": 155.61003497181966, "epsilon": 1.585197711920859, "gamma": 0.01780862900050024}, "datetime": {"datetime": "2021-09-28 13:16:43", "elapsed": 2283.0792, "delta": 6.824682}}
{"target": -47.36499896376692, "params": {"C": 226.63524763863444, "epsilon": 0.3001868414443724, "gamma": 0.1350786406417737}, "datetime": {"datetime": "2021-09-28 13:16:46", "elapsed": 2286.360115, "delta": 3.280915}}
{"target": -46.791518380298854, "params": {"C": 169.2718637727351, "epsilon": 1.711754819746316, "gamma": 0.15015183688456446}, "datetime": {"datetime": "2021-09-28 13:16:54", "elapsed": 2293.932154, "delta": 7.572039}}
{"target": -41.78926672480354, "params": {"C": 169.0767297625596, "epsilon": 1.3446424072573073, "gamma": 0.08871629479006501}, "datetime": {"datetime": "2021-09-28 13:17:01", "elapsed": 2300.977596, "delta": 7.045442}}
{"target": -49.546238339881974, "params": {"C": 283.88661447299813, "epsilon": 0.9209326666552342, "gamma": 0.16405858178761648}, "datetime": {"datetime": "2021-09-28 13:17:04", "elapsed": 2304.318905, "delta": 3.341309}}
{"target": -36.243342630436956, "params": {"C": 243.39611764518932, "epsilon": 0.36148226925955573, "gamma": 0.001}, "datetime": {"datetime": "2021-09-28 13:17:12", "elapsed": 2312.098044, "delta": 7.779139}}
{"target": -42.34584849754934, "params": {"C": 243.5016731680058, "epsilon": 0.44209799546781586, "gamma": 0.08324255892722207}, "datetime": {"datetime": "2021-09-28 13:17:20", "elapsed": 2319.860703, "delta": 7.762659}}
{"target": -36.82613776415362, "params": {"C": 208.84311841310196, "epsilon": 2.4287875039949136, "gamma": 0.006363369466140366}, "datetime": {"datetime": "2021-09-28 13:17:28", "elapsed": 2327.825585, "delta": 7.964882}}
{"target": -36.99396746577375, "params": {"C": 287.0846519452581, "epsilon": 0.8858915176031942, "gamma": 0.007519528906206945}, "datetime": {"datetime": "2021-09-28 13:17:34", "elapsed": 2334.78774, "delta": 6.962155}}
{"target": -41.27542903355412, "params": {"C": 262.2061449914154, "epsilon": 1.0074474932784063, "gamma": 0.06853450116938072}, "datetime": {"datetime": "2021-09-28 13:17:38", "elapsed": 2337.877999, "delta": 3.090259}}
{"target": -36.3057294230142, "params": {"C": 168.8772255428436, "epsilon": 1.8976503605241306, "gamma": 0.001}, "datetime": {"datetime": "2021-09-28 13:17:49", "elapsed": 2348.830467, "delta": 10.952468}}
{"target": -37.781953931147584, "params": {"C": 168.6256331722462, "epsilon": 1.8713380833077538, "gamma": 0.014612183867038931}, "datetime": {"datetime": "2021-09-28 13:17:54", "elapsed": 2354.406593, "delta": 5.576126}}
{"target": -43.61950375769389, "params": {"C": 168.48147588791676, "epsilon": 1.9467035210600723, "gamma": 0.11088937045120631}, "datetime": {"datetime": "2021-09-28 13:18:01", "elapsed": 2361.623171, "delta": 7.216578}}
{"target": -42.030822755731315, "params": {"C": 168.76552904409382, "epsilon": 1.8048686115605659, "gamma": 0.09141380838459091}, "datetime": {"datetime": "2021-09-28 13:18:10", "elapsed": 2370.463352, "delta": 8.840181}}
{"target": -40.24379570177391, "params": {"C": 276.18138095661004, "epsilon": 0.9199154009258713, "gamma": 0.04399167045643335}, "datetime": {"datetime": "2021-09-28 13:18:13", "elapsed": 2373.752422, "delta": 3.28907}}
{"target": -47.79580346951114, "params": {"C": 155.71143012688682, "epsilon": 1.6824612039411657, "gamma": 0.17742099911890763}, "datetime": {"datetime": "2021-09-28 13:18:25", "elapsed": 2385.226694, "delta": 11.474272}}
{"target": -37.75057953117737, "params": {"C": 287.308813900402, "epsilon": 0.8726969585796958, "gamma": 0.015545654937775145}, "datetime": {"datetime": "2021-09-28 13:18:35", "elapsed": 2395.148937, "delta": 9.922243}}
{"target": -36.15646765784483, "params": {"C": 286.9163514896793, "epsilon": 0.753654191370204, "gamma": 0.001}, "datetime": {"datetime": "2021-09-28 13:18:41", "elapsed": 2401.762925, "delta": 6.613988}}
{"target": -47.06421534268992, "params": {"C": 286.9224246833033, "epsilon": 0.6903419091291915, "gamma": 0.11585520428830692}, "datetime": {"datetime": "2021-09-28 13:18:53", "elapsed": 2413.351189, "delta": 11.588264}}
{"target": -37.467090288072114, "params": {"C": 286.86214727209153, "epsilon": 0.8831175691537254, "gamma": 0.011383662219933397}, "datetime": {"datetime": "2021-09-28 13:19:03", "elapsed": 2423.528445, "delta": 10.177256}}
{"target": -39.13559011446544, "params": {"C": 222.53947995477927, "epsilon": 0.5675522714139836, "gamma": 0.034114405500054054}, "datetime": {"datetime": "2021-09-28 13:19:07", "elapsed": 2427.106205, "delta": 3.57776}}
{"target": -43.53982822194969, "params": {"C": 258.3335684519765, "epsilon": 0.5973621481044437, "gamma": 0.0918099105090663}, "datetime": {"datetime": "2021-09-28 13:19:10", "elapsed": 2430.031001, "delta": 2.924796}}
{"target": -37.496596936459966, "params": {"C": 155.4649429020487, "epsilon": 1.691426139692223, "gamma": 0.01035042734844466}, "datetime": {"datetime": "2021-09-28 13:19:19", "elapsed": 2439.453175, "delta": 9.422174}}
{"target": -38.3533151445008, "params": {"C": 155.2524884507041, "epsilon": 1.5495225949853861, "gamma": 0.02632076709627503}, "datetime": {"datetime": "2021-09-28 13:19:28", "elapsed": 2448.18969, "delta": 8.736515}}
{"target": -37.21257195950887, "params": {"C": 286.7324209595947, "epsilon": 0.8031417274964648, "gamma": 0.009611064060769722}, "datetime": {"datetime": "2021-09-28 13:19:35", "elapsed": 2455.357183, "delta": 7.167493}}
{"target": -40.73414950027974, "params": {"C": 155.08975234710985, "epsilon": 1.6698322635859923, "gamma": 0.07514548409034594}, "datetime": {"datetime": "2021-09-28 13:19:44", "elapsed": 2464.262606, "delta": 8.905423}}
{"target": -42.01818089755061, "params": {"C": 211.3399038954425, "epsilon": 2.0359109675808096, "gamma": 0.08379114503166313}, "datetime": {"datetime": "2021-09-28 13:19:47", "elapsed": 2467.538488, "delta": 3.275882}}
{"target": -36.265092111920296, "params": {"C": 155.4290843084574, "epsilon": 1.5130428884184322, "gamma": 0.001}, "datetime": {"datetime": "2021-09-28 13:19:55", "elapsed": 2474.885541, "delta": 7.347053}}
{"target": -40.9124011571571, "params": {"C": 223.51895590584184, "epsilon": 0.8242794022965709, "gamma": 0.06908706716255038}, "datetime": {"datetime": "2021-09-28 13:19:58", "elapsed": 2478.06233, "delta": 3.176789}}
{"target": -36.80935561395914, "params": {"C": 155.40094449062153, "epsilon": 1.361339001778184, "gamma": 0.005503672512606295}, "datetime": {"datetime": "2021-09-28 13:20:05", "elapsed": 2485.449779, "delta": 7.387449}}
{"target": -44.50860159498776, "params": {"C": 155.31132254540358, "epsilon": 1.4299381935840898, "gamma": 0.12720779669084298}, "datetime": {"datetime": "2021-09-28 13:20:15", "elapsed": 2495.570561, "delta": 10.120782}}
{"target": -39.02842378662267, "params": {"C": 213.73693921159605, "epsilon": 0.24090710082648303, "gamma": 0.029322626663069347}, "datetime": {"datetime": "2021-09-28 13:20:19", "elapsed": 2498.940914, "delta": 3.370353}}
{"target": -37.439830625147266, "params": {"C": 155.32163067404383, "epsilon": 1.1419323662154541, "gamma": 0.010395087953072906}, "datetime": {"datetime": "2021-09-28 13:20:25", "elapsed": 2505.737879, "delta": 6.796965}}
{"target": -37.91159804260517, "params": {"C": 155.16556239653121, "epsilon": 1.0214885415869972, "gamma": 0.015769445102233742}, "datetime": {"datetime": "2021-09-28 13:20:32", "elapsed": 2512.392113, "delta": 6.654234}}
{"target": -36.57297358141742, "params": {"C": 155.57655098895034, "epsilon": 1.3369229449832662, "gamma": 0.002191842963229043}, "datetime": {"datetime": "2021-09-28 13:20:44", "elapsed": 2524.513658, "delta": 12.121545}}
{"target": -46.11570420923485, "params": {"C": 155.51889165979185, "epsilon": 1.05934054410643, "gamma": 0.148575683256466}, "datetime": {"datetime": "2021-09-28 13:20:52", "elapsed": 2532.40476, "delta": 7.891102}}
{"target": -37.8251447954523, "params": {"C": 287.50044167829435, "epsilon": 0.7467151562910158, "gamma": 0.015971213625455206}, "datetime": {"datetime": "2021-09-28 13:21:02", "elapsed": 2541.835561, "delta": 9.430801}}
{"target": -39.5221285578751, "params": {"C": 155.2693840546876, "epsilon": 1.8414885375303367, "gamma": 0.04892636589583619}, "datetime": {"datetime": "2021-09-28 13:21:11", "elapsed": 2551.212138, "delta": 9.376577}}
{"target": -48.6762226825799, "params": {"C": 287.41540242319275, "epsilon": 0.7035780152489345, "gamma": 0.13827721015811317}, "datetime": {"datetime": "2021-09-28 13:21:21", "elapsed": 2561.519867, "delta": 10.307729}}
{"target": -36.16635890875309, "params": {"C": 286.57413372131685, "epsilon": 0.8826178051546781, "gamma": 0.001}, "datetime": {"datetime": "2021-09-28 13:21:34", "elapsed": 2573.825373, "delta": 12.305506}}
{"target": -37.6851631296677, "params": {"C": 286.4634515941756, "epsilon": 0.8289315632211809, "gamma": 0.014967172224555955}, "datetime": {"datetime": "2021-09-28 13:21:44", "elapsed": 2584.172662, "delta": 10.347289}}
{"target": -38.90701544632967, "params": {"C": 287.76104265122103, "epsilon": 0.7010214053721111, "gamma": 0.0224908729345311}, "datetime": {"datetime": "2021-09-28 13:21:52", "elapsed": 2592.40628, "delta": 8.233618}}
{"target": -42.06164437907549, "params": {"C": 286.56378068335596, "epsilon": 1.0406174811068105, "gamma": 0.07442402459374929}, "datetime": {"datetime": "2021-09-28 13:22:04", "elapsed": 2604.57603, "delta": 12.16975}}
{"target": -42.493889912429026, "params": {"C": 287.61356097348715, "epsilon": 0.8706280783805221, "gamma": 0.07815228834362718}, "datetime": {"datetime": "2021-09-28 13:22:13", "elapsed": 2612.992894, "delta": 8.416864}}
{"target": -42.66019044900485, "params": {"C": 155.50608666211994, "epsilon": 1.3853331601466006, "gamma": 0.10309031276893996}, "datetime": {"datetime": "2021-09-28 13:22:24", "elapsed": 2624.502435, "delta": 11.509541}}
{"target": -41.2235103603829, "params": {"C": 153.74472732277795, "epsilon": 0.4870006800695963, "gamma": 0.08477191601767105}, "datetime": {"datetime": "2021-09-28 13:22:28", "elapsed": 2628.644322, "delta": 4.141887}}
{"target": -47.14737094260328, "params": {"C": 236.21938112929405, "epsilon": 1.8538974254328116, "gamma": 0.1285416003154161}, "datetime": {"datetime": "2021-09-28 13:22:32", "elapsed": 2632.684411, "delta": 4.040089}}
{"target": -48.812998341348624, "params": {"C": 286.6428347705435, "epsilon": 0.7461307730810465, "gamma": 0.14153760791176026}, "datetime": {"datetime": "2021-09-28 13:22:40", "elapsed": 2640.67307, "delta": 7.988659}}
{"target": -39.459619261377426, "params": {"C": 154.99730736539098, "epsilon": 0.8644296242047665, "gamma": 0.04708499447906772}, "datetime": {"datetime": "2021-09-28 13:22:48", "elapsed": 2648.576672, "delta": 7.903602}}
{"target": -39.168069555193114, "params": {"C": 160.94851924458206, "epsilon": 0.08390408752336741, "gamma": 0.04007835081297245}, "datetime": {"datetime": "2021-09-28 13:22:52", "elapsed": 2652.533458, "delta": 3.956786}}
{"target": -40.22914079813359, "params": {"C": 155.22432560627414, "epsilon": 1.1937087093144783, "gamma": 0.0626297057028865}, "datetime": {"datetime": "2021-09-28 13:23:07", "elapsed": 2666.809781, "delta": 14.276323}}
{"target": -38.11109273382657, "params": {"C": 155.30309486973363, "epsilon": 0.9325712770327681, "gamma": 0.01854617708004794}, "datetime": {"datetime": "2021-09-28 13:23:21", "elapsed": 2681.018607, "delta": 14.208826}}
{"target": -46.599032996535676, "params": {"C": 155.1749717761956, "epsilon": 0.9329683755940616, "gamma": 0.1559993273856055}, "datetime": {"datetime": "2021-09-28 13:23:34", "elapsed": 2694.159788, "delta": 13.141181}}
{"target": -39.62511675836588, "params": {"C": 243.51495717329408, "epsilon": 0.18808614152124545, "gamma": 0.03830992240970022}, "datetime": {"datetime": "2021-09-28 13:23:43", "elapsed": 2703.49364, "delta": 9.333852}}
{"target": -41.51748938158447, "params": {"C": 193.99404182768365, "epsilon": 1.8003413593725657, "gamma": 0.08105842633959418}, "datetime": {"datetime": "2021-09-28 13:23:47", "elapsed": 2707.261464, "delta": 3.767824}}
{"target": -36.15123028225427, "params": {"C": 287.6092641015926, "epsilon": 0.6248993564772128, "gamma": 0.001}, "datetime": {"datetime": "2021-09-28 13:24:03", "elapsed": 2723.501213, "delta": 16.239749}}
{"target": -38.60177686943077, "params": {"C": 185.41732863333226, "epsilon": 2.7187056706880797, "gamma": 0.027547491980395227}, "datetime": {"datetime": "2021-09-28 13:24:09", "elapsed": 2729.201359, "delta": 5.700146}}
{"target": -37.798853808060116, "params": {"C": 267.43269714757804, "epsilon": 1.2353052440115901, "gamma": 0.016032623650902314}, "datetime": {"datetime": "2021-09-28 13:24:25", "elapsed": 2745.553412, "delta": 16.352053}}
{"target": -47.344734310943224, "params": {"C": 287.62981929033947, "epsilon": 0.5305563657007326, "gamma": 0.11821731081798498}, "datetime": {"datetime": "2021-09-28 13:24:44", "elapsed": 2764.13164, "delta": 18.578228}}
{"target": -39.93497678632463, "params": {"C": 150.24589347290953, "epsilon": 1.9188809919304581, "gamma": 0.05720897634848734}, "datetime": {"datetime": "2021-09-28 13:24:50", "elapsed": 2770.009817, "delta": 5.878177}}
{"target": -43.62634233370309, "params": {"C": 185.5900241451356, "epsilon": 2.585135760498934, "gamma": 0.1067562457762445}, "datetime": {"datetime": "2021-09-28 13:25:05", "elapsed": 2785.757105, "delta": 15.747288}}
{"target": -39.94409584551404, "params": {"C": 185.20555644975104, "epsilon": 2.7541012510238305, "gamma": 0.05267210465095599}, "datetime": {"datetime": "2021-09-28 13:25:17", "elapsed": 2797.567577, "delta": 11.810472}}
{"target": -40.32586373987323, "params": {"C": 155.33918403050276, "epsilon": 1.7011968507009332, "gamma": 0.06551865319342588}, "datetime": {"datetime": "2021-09-28 13:25:38", "elapsed": 2818.609785, "delta": 21.042208}}
{"target": -46.028426866898265, "params": {"C": 197.98128514018242, "epsilon": 2.8640517227380142, "gamma": 0.1272134560704329}, "datetime": {"datetime": "2021-09-28 13:25:44", "elapsed": 2824.290391, "delta": 5.680606}}
{"target": -39.95826804764311, "params": {"C": 185.4712848897989, "epsilon": 2.977139690671945, "gamma": 0.05349286069253154}, "datetime": {"datetime": "2021-09-28 13:25:54", "elapsed": 2834.274387, "delta": 9.983996}}
{"target": -36.183363558051724, "params": {"C": 286.3445978202502, "epsilon": 0.948649483471728, "gamma": 0.001}, "datetime": {"datetime": "2021-09-28 13:26:12", "elapsed": 2852.78595, "delta": 18.511563}}
{"target": -42.445124129904485, "params": {"C": 161.01405806609338, "epsilon": 2.2695870858154947, "gamma": 0.0981078012378735}, "datetime": {"datetime": "2021-09-28 13:26:18", "elapsed": 2858.060288, "delta": 5.274338}}
{"target": -40.28267341435202, "params": {"C": 286.2099859210375, "epsilon": 0.8572306446900727, "gamma": 0.042284845746855475}, "datetime": {"datetime": "2021-09-28 13:26:28", "elapsed": 2868.104305, "delta": 10.044017}}
{"target": -45.43560802536611, "params": {"C": 286.32371321535754, "epsilon": 1.1363020846053893, "gamma": 0.102488871939488}, "datetime": {"datetime": "2021-09-28 13:26:41", "elapsed": 2881.24993, "delta": 13.145625}}
{"target": -36.25377827786077, "params": {"C": 233.86034263386105, "epsilon": 1.4912019104575789, "gamma": 0.001}, "datetime": {"datetime": "2021-09-28 13:26:52", "elapsed": 2892.07649, "delta": 10.82656}}
{"target": -46.368906041337915, "params": {"C": 233.7665395600651, "epsilon": 1.594004720038824, "gamma": 0.12115237565749606}, "datetime": {"datetime": "2021-09-28 13:27:04", "elapsed": 2904.009981, "delta": 11.933491}}
{"target": -36.7837649702136, "params": {"C": 166.5031923548559, "epsilon": 0.8588788485791363, "gamma": 0.004566375414228546}, "datetime": {"datetime": "2021-09-28 13:27:16", "elapsed": 2916.073982, "delta": 12.064001}}
{"target": -49.26170129613626, "params": {"C": 263.1070094535389, "epsilon": 1.2649444132953087, "gamma": 0.16466258752621216}, "datetime": {"datetime": "2021-09-28 13:27:21", "elapsed": 2921.007682, "delta": 4.9337}}
{"target": -40.314509797026346, "params": {"C": 297.0377560031999, "epsilon": 2.4482146043626143, "gamma": 0.05002196924439493}, "datetime": {"datetime": "2021-09-28 13:27:26", "elapsed": 2925.836663, "delta": 4.828981}}
{"target": -41.59851210446207, "params": {"C": 166.4342531424663, "epsilon": 0.7218362021087888, "gamma": 0.08728472970049718}, "datetime": {"datetime": "2021-09-28 13:27:41", "elapsed": 2941.764793, "delta": 15.92813}}
{"target": -36.804105997427676, "params": {"C": 286.44274063379834, "epsilon": 0.922958101541364, "gamma": 0.003929705554451756}, "datetime": {"datetime": "2021-09-28 13:28:06", "elapsed": 2965.951882, "delta": 24.187089}}
{"target": -40.27473329311047, "params": {"C": 168.8934047024661, "epsilon": 1.669059461522454, "gamma": 0.0621326116330281}, "datetime": {"datetime": "2021-09-28 13:28:11", "elapsed": 2971.361302, "delta": 5.40942}}
{"target": -36.27373288987517, "params": {"C": 180.6744093564767, "epsilon": 1.1944623751427152, "gamma": 0.001}, "datetime": {"datetime": "2021-09-28 13:28:25", "elapsed": 2985.092372, "delta": 13.73107}}
{"target": -40.52864824412784, "params": {"C": 180.55488128082015, "epsilon": 1.1479451843124484, "gamma": 0.06819924336141742}, "datetime": {"datetime": "2021-09-28 13:28:36", "elapsed": 2996.743915, "delta": 11.651543}}
{"target": -36.834138264583906, "params": {"C": 208.99308856422925, "epsilon": 2.5590122829273114, "gamma": 0.003126082648246992}, "datetime": {"datetime": "2021-09-28 13:28:50", "elapsed": 3010.093605, "delta": 13.34969}}
{"target": -46.61553773961252, "params": {"C": 225.6522807933292, "epsilon": 1.647575192141708, "gamma": 0.12614640378300757}, "datetime": {"datetime": "2021-09-28 13:28:55", "elapsed": 3015.46973, "delta": 5.376125}}
{"target": -47.17316445799955, "params": {"C": 180.74325176224468, "epsilon": 1.2666231635142526, "gamma": 0.15055883992274027}, "datetime": {"datetime": "2021-09-28 13:29:06", "elapsed": 3026.320474, "delta": 10.850744}}
{"target": -36.79952749011578, "params": {"C": 155.46604805033053, "epsilon": 1.826974893482768, "gamma": 0.005593551909412216}, "datetime": {"datetime": "2021-09-28 13:29:23", "elapsed": 3043.662076, "delta": 17.341602}}
{"target": -36.28050920722158, "params": {"C": 180.95997228484478, "epsilon": 1.4221197431119785, "gamma": 0.001}, "datetime": {"datetime": "2021-09-28 13:29:35", "elapsed": 3055.53158, "delta": 11.869504}}
{"target": -47.38082723583777, "params": {"C": 155.0183189211429, "epsilon": 1.3235605530893673, "gamma": 0.1687462551495691}, "datetime": {"datetime": "2021-09-28 13:29:41", "elapsed": 3060.887979, "delta": 5.356399}}
{"target": -40.15988131798153, "params": {"C": 234.0283130147105, "epsilon": 1.5913444104730978, "gamma": 0.051841389909786074}, "datetime": {"datetime": "2021-09-28 13:29:57", "elapsed": 3076.87896, "delta": 15.990981}}
{"target": -37.90358667878735, "params": {"C": 266.46862891955004, "epsilon": 1.2657186035492587, "gamma": 0.016605963539826796}, "datetime": {"datetime": "2021-09-28 13:30:02", "elapsed": 3082.265808, "delta": 5.386848}}
{"target": -38.36851469688841, "params": {"C": 181.05021534892242, "epsilon": 2.6958333056741544, "gamma": 0.0241867226941088}, "datetime": {"datetime": "2021-09-28 13:30:07", "elapsed": 3087.225013, "delta": 4.959205}}
{"target": -40.13823674314331, "params": {"C": 266.5343017468516, "epsilon": 1.511227890392248, "gamma": 0.04616666934040017}, "datetime": {"datetime": "2021-09-28 13:30:24", "elapsed": 3104.697443, "delta": 17.47243}}
{"target": -37.12815151575526, "params": {"C": 194.18770582649006, "epsilon": 0.42286066805695455, "gamma": 0.008070014498477416}, "datetime": {"datetime": "2021-09-28 13:30:30", "elapsed": 3109.900101, "delta": 5.202658}}
{"target": -38.86149972704365, "params": {"C": 155.54134950635745, "epsilon": 1.9786621484674782, "gamma": 0.03684658278622946}, "datetime": {"datetime": "2021-09-28 13:30:44", "elapsed": 3124.651829, "delta": 14.751728}}
{"target": -41.02686250539598, "params": {"C": 266.2757071486017, "epsilon": 1.2361917715064836, "gamma": 0.0643606927049656}, "datetime": {"datetime": "2021-09-28 13:30:58", "elapsed": 3137.90953, "delta": 13.257701}}
{"target": -43.27959967064254, "params": {"C": 181.21709478092706, "epsilon": 2.702819082696945, "gamma": 0.10369996781308406}, "datetime": {"datetime": "2021-09-28 13:31:09", "elapsed": 3149.43509, "delta": 11.52556}}
{"target": -45.88982131881849, "params": {"C": 180.8918071196842, "epsilon": 2.600365630020095, "gamma": 0.13212162348016876}, "datetime": {"datetime": "2021-09-28 13:31:32", "elapsed": 3172.557266, "delta": 23.122176}}
{"target": -41.541345587351245, "params": {"C": 239.97379191192363, "epsilon": 0.8994779612212296, "gamma": 0.07569960744618374}, "datetime": {"datetime": "2021-09-28 13:31:38", "elapsed": 3177.952056, "delta": 5.39479}}
