{"target": 0.4239598080848376, "params": {"C": 225.1404574505156, "epsilon": 0.2403953251028325, "gamma": 0.019106157873598442}, "datetime": {"datetime": "2021-09-24 09:50:52", "elapsed": 243.200531, "delta": 1.226548}}
{"target": 0.38827851483167497, "params": {"C": 257.8843710355947, "epsilon": 0.8309658938108281, "gamma": 0.02625779145562638}, "datetime": {"datetime": "2021-09-24 09:50:54", "elapsed": 245.329969, "delta": 2.129438}}
{"target": 0.3584252987145614, "params": {"C": 254.7531161015975, "epsilon": 0.002636204440054207, "gamma": 0.03365417794670576}, "datetime": {"datetime": "2021-09-24 09:50:55", "elapsed": 246.736966, "delta": 1.406997}}
{"target": 0.44002327766674, "params": {"C": 233.62943904167935, "epsilon": 0.3708868923324037, "gamma": 0.01439085628468659}, "datetime": {"datetime": "2021-09-24 09:50:57", "elapsed": 249.082539, "delta": 2.345573}}
{"target": 0.4380747964697007, "params": {"C": 233.8395602703867, "epsilon": 0.4037441080655415, "gamma": 0.006585619905367688}, "datetime": {"datetime": "2021-09-24 09:51:00", "elapsed": 251.616174, "delta": 2.533635}}
{"target": 0.3570491034130705, "params": {"C": 233.7270698797539, "epsilon": 0.4035380165146292, "gamma": 0.03657420466379914}, "datetime": {"datetime": "2021-09-24 09:51:02", "elapsed": 254.059727, "delta": 2.443553}}
{"target": 0.29180951126332755, "params": {"C": 233.93869182836107, "epsilon": 0.38615851374706756, "gamma": 0.07204608999528495}, "datetime": {"datetime": "2021-09-24 09:51:05", "elapsed": 256.76674, "delta": 2.707013}}
{"target": 0.37584993475010153, "params": {"C": 399.78479708345503, "epsilon": 0.03880952766957038, "gamma": 0.021618817685229715}, "datetime": {"datetime": "2021-09-24 09:51:06", "elapsed": 257.932131, "delta": 1.165391}}
{"target": 0.4343700805435038, "params": {"C": 257.74872986055027, "epsilon": 0.6604697206788234, "gamma": 0.015247961890735264}, "datetime": {"datetime": "2021-09-24 09:51:08", "elapsed": 259.887709, "delta": 1.955578}}
{"target": 0.18657926220558907, "params": {"C": 257.8424703306938, "epsilon": 0.5792637925972989, "gamma": 0.11773467096660128}, "datetime": {"datetime": "2021-09-24 09:51:10", "elapsed": 261.93326, "delta": 2.045551}}
{"target": 0.4340608818546837, "params": {"C": 233.56529048653576, "epsilon": 0.47739526445862, "gamma": 0.01621503478848014}, "datetime": {"datetime": "2021-09-24 09:51:12", "elapsed": 263.817024, "delta": 1.883764}}
{"target": 0.4342419047530901, "params": {"C": 220.00239521361527, "epsilon": 0.5141575030200318, "gamma": 0.004354922076190629}, "datetime": {"datetime": "2021-09-24 09:51:13", "elapsed": 265.169904, "delta": 1.35288}}
{"target": 0.29017318865703534, "params": {"C": 219.99260936737883, "epsilon": 0.4270096643865209, "gamma": 0.07903623274152466}, "datetime": {"datetime": "2021-09-24 09:51:16", "elapsed": 267.290361, "delta": 2.120457}}
{"target": 0.09825622724746597, "params": {"C": 395.6460168917679, "epsilon": 0.4127247882545844, "gamma": 0.12599358191850374}, "datetime": {"datetime": "2021-09-24 09:51:17", "elapsed": 268.679595, "delta": 1.389234}}
{"target": 0.4218551154924418, "params": {"C": 399.8625362711718, "epsilon": 0.001, "gamma": 0.001}, "datetime": {"datetime": "2021-09-24 09:51:20", "elapsed": 271.304887, "delta": 2.625292}}
{"target": 0.340978803001576, "params": {"C": 299.8552654896769, "epsilon": 0.562174423029754, "gamma": 0.03434466427786785}, "datetime": {"datetime": "2021-09-24 09:51:21", "elapsed": 272.687239, "delta": 1.382352}}
{"target": 0.414901143444001, "params": {"C": 343.7222490833089, "epsilon": 0.641538238990029, "gamma": 0.001506492491852003}, "datetime": {"datetime": "2021-09-24 09:51:22", "elapsed": 274.171801, "delta": 1.484562}}
{"target": 0.2653281559933186, "params": {"C": 296.2768018100671, "epsilon": 0.0027833552388659083, "gamma": 0.07521861992148599}, "datetime": {"datetime": "2021-09-24 09:51:24", "elapsed": 275.557142, "delta": 1.385341}}
{"target": 0.43081315903981676, "params": {"C": 343.77000470115615, "epsilon": 0.737680680791158, "gamma": 0.013627378485772512}, "datetime": {"datetime": "2021-09-24 09:51:26", "elapsed": 277.531827, "delta": 1.974685}}
{"target": 0.12661804252435294, "params": {"C": 343.67326190111714, "epsilon": 0.759366741519555, "gamma": 0.12051219948698498}, "datetime": {"datetime": "2021-09-24 09:51:28", "elapsed": 280.11734, "delta": 2.585513}}
{"target": 0.2923130957586978, "params": {"C": 233.48005333568153, "epsilon": 0.4404662095078802, "gamma": 0.07182323805351683}, "datetime": {"datetime": "2021-09-24 09:51:31", "elapsed": 282.882704, "delta": 2.765364}}
{"target": 0.4232030807022422, "params": {"C": 220.0255442053408, "epsilon": 0.6167650617658588, "gamma": 0.001}, "datetime": {"datetime": "2021-09-24 09:51:36", "elapsed": 287.200816, "delta": 4.318112}}
{"target": 0.3493649960132431, "params": {"C": 257.7174086767132, "epsilon": 0.748520598151331, "gamma": 0.03639891175308648}, "datetime": {"datetime": "2021-09-24 09:51:39", "elapsed": 290.439532, "delta": 3.238716}}
{"target": 0.2932110999590044, "params": {"C": 233.64163756176256, "epsilon": 0.5816107412814753, "gamma": 0.07114628424300785}, "datetime": {"datetime": "2021-09-24 09:51:41", "elapsed": 292.877873, "delta": 2.438341}}
{"target": 0.29597234538993333, "params": {"C": 219.94828182485884, "epsilon": 0.6855043941382906, "gamma": 0.07336266715064374}, "datetime": {"datetime": "2021-09-24 09:51:44", "elapsed": 296.098411, "delta": 3.220538}}
{"target": 0.30077036111699895, "params": {"C": 266.4538937337279, "epsilon": 0.8093320824666276, "gamma": 0.05515688004817788}, "datetime": {"datetime": "2021-09-24 09:51:46", "elapsed": 297.879821, "delta": 1.78141}}
{"target": 0.4118392231488015, "params": {"C": 343.9020837038345, "epsilon": 0.6132238800884032, "gamma": 0.01676468572920912}, "datetime": {"datetime": "2021-09-24 09:51:48", "elapsed": 300.069936, "delta": 2.190115}}
{"target": 0.4236255260607682, "params": {"C": 224.90943371207754, "epsilon": 0.6850176717431762, "gamma": 0.001}, "datetime": {"datetime": "2021-09-24 09:51:51", "elapsed": 302.572428, "delta": 2.502492}}
{"target": 0.4169506806987753, "params": {"C": 245.29570664127573, "epsilon": 0.2274042146293135, "gamma": 0.0021745004807720383}, "datetime": {"datetime": "2021-09-24 09:51:52", "elapsed": 304.098145, "delta": 1.525717}}
{"target": 0.30752857869862193, "params": {"C": 280.891597079869, "epsilon": 0.640013277940267, "gamma": 0.04923563835219303}, "datetime": {"datetime": "2021-09-24 09:51:54", "elapsed": 305.989903, "delta": 1.891758}}
{"target": 0.41673053866589416, "params": {"C": 220.1708676180528, "epsilon": 0.5254931008357576, "gamma": 0.021567701276420354}, "datetime": {"datetime": "2021-09-24 09:51:56", "elapsed": 308.172799, "delta": 2.182896}}
{"target": 0.3615951405459735, "params": {"C": 267.0602993207361, "epsilon": 0.15114071924907035, "gamma": 0.03177940680306283}, "datetime": {"datetime": "2021-09-24 09:51:58", "elapsed": 309.687116, "delta": 1.514317}}
{"target": 0.22422547322580455, "params": {"C": 343.8917858932929, "epsilon": 0.6954232386903493, "gamma": 0.08188334172988208}, "datetime": {"datetime": "2021-09-24 09:52:01", "elapsed": 312.772627, "delta": 3.085511}}
{"target": 0.36306140687067023, "params": {"C": 298.3633042012118, "epsilon": 0.14694016364180812, "gamma": 0.029173251245961637}, "datetime": {"datetime": "2021-09-24 09:52:02", "elapsed": 314.151748, "delta": 1.379121}}
{"target": 0.41018411345773487, "params": {"C": 220.06767694922493, "epsilon": 0.5057590830855935, "gamma": 0.022908835649954627}, "datetime": {"datetime": "2021-09-24 09:52:05", "elapsed": 316.276625, "delta": 2.124877}}
{"target": 0.28542484901912957, "params": {"C": 220.1247485011533, "epsilon": 0.6271635092645406, "gamma": 0.08399816363940552}, "datetime": {"datetime": "2021-09-24 09:52:07", "elapsed": 318.268448, "delta": 1.991823}}
{"target": 0.4489781898159928, "params": {"C": 266.92499122171307, "epsilon": 0.04784559858003305, "gamma": 0.010972289897636819}, "datetime": {"datetime": "2021-09-24 09:52:09", "elapsed": 320.712683, "delta": 2.444235}}
{"target": 0.18923356109937028, "params": {"C": 237.617275401175, "epsilon": 0.7613199296147432, "gamma": 0.12609507314282964}, "datetime": {"datetime": "2021-09-24 09:52:10", "elapsed": 322.117588, "delta": 1.404905}}
{"target": 0.30573731451157893, "params": {"C": 267.0181374103698, "epsilon": 0.053650331353054616, "gamma": 0.05180482947509831}, "datetime": {"datetime": "2021-09-24 09:52:13", "elapsed": 325.081775, "delta": 2.964187}}
{"target": 0.2542177687133834, "params": {"C": 266.8644022249296, "epsilon": 0.06023760710822441, "gamma": 0.08764980102396455}, "datetime": {"datetime": "2021-09-24 09:52:16", "elapsed": 327.65648, "delta": 2.574705}}
{"target": 0.2771514378905473, "params": {"C": 348.20018526762124, "epsilon": 0.6780488632948083, "gamma": 0.05380189201902271}, "datetime": {"datetime": "2021-09-24 09:52:17", "elapsed": 329.18755, "delta": 1.53107}}
{"target": 0.42369466556262425, "params": {"C": 267.1361553835843, "epsilon": 0.09728071086138139, "gamma": 0.001}, "datetime": {"datetime": "2021-09-24 09:52:20", "elapsed": 331.654582, "delta": 2.467032}}
{"target": 0.20334156331141495, "params": {"C": 297.10474475179507, "epsilon": 0.7427758143956509, "gamma": 0.09835038521426473}, "datetime": {"datetime": "2021-09-24 09:52:23", "elapsed": 334.344439, "delta": 2.689857}}
{"target": 0.4212895059111885, "params": {"C": 393.7919753009167, "epsilon": 1.0, "gamma": 0.001}, "datetime": {"datetime": "2021-09-24 09:52:26", "elapsed": 337.278916, "delta": 2.934477}}
{"target": 0.3715676592686592, "params": {"C": 393.10292824088503, "epsilon": 0.623803871486425, "gamma": 0.022976253343694183}, "datetime": {"datetime": "2021-09-24 09:52:27", "elapsed": 338.698369, "delta": 1.419453}}
{"target": 0.40951213915746887, "params": {"C": 393.12131302918596, "epsilon": 0.4918472888168171, "gamma": 0.015738656077334566}, "datetime": {"datetime": "2021-09-24 09:52:30", "elapsed": 341.853145, "delta": 3.154776}}
{"target": 0.43226186678016953, "params": {"C": 245.29678570675966, "epsilon": 0.4809368474187948, "gamma": 0.0032815306242630236}, "datetime": {"datetime": "2021-09-24 09:52:33", "elapsed": 344.388348, "delta": 2.535203}}
{"target": 0.3238697523649444, "params": {"C": 229.84237089225462, "epsilon": 0.7572953350336914, "gamma": 0.05000166457449036}, "datetime": {"datetime": "2021-09-24 09:52:34", "elapsed": 346.046689, "delta": 1.658341}}
{"target": 0.3356764311229111, "params": {"C": 392.97255034696, "epsilon": 0.48787868513530874, "gamma": 0.029253171096453562}, "datetime": {"datetime": "2021-09-24 09:52:37", "elapsed": 348.878704, "delta": 2.832015}}
{"target": 0.4453654629707565, "params": {"C": 343.81107526000903, "epsilon": 0.6687729492158713, "gamma": 0.007083128773230891}, "datetime": {"datetime": "2021-09-24 09:52:39", "elapsed": 351.053904, "delta": 2.1752}}
{"target": 0.4236155038500383, "params": {"C": 245.40957916693446, "epsilon": 0.46715415262671, "gamma": 0.001}, "datetime": {"datetime": "2021-09-24 09:52:42", "elapsed": 354.0011, "delta": 2.947196}}
{"target": 0.3945545998635531, "params": {"C": 391.29690403085976, "epsilon": 0.5315641712009335, "gamma": 0.018384199092393666}, "datetime": {"datetime": "2021-09-24 09:52:44", "elapsed": 355.560937, "delta": 1.559837}}
{"target": 0.19439247921241065, "params": {"C": 310.07495915987784, "epsilon": 0.34951746942173223, "gamma": 0.09801774886081574}, "datetime": {"datetime": "2021-09-24 09:52:45", "elapsed": 357.08332, "delta": 1.522383}}
{"target": 0.36501074708360903, "params": {"C": 220.30440758647362, "epsilon": 0.4874477929706001, "gamma": 0.035581953810721635}, "datetime": {"datetime": "2021-09-24 09:52:48", "elapsed": 359.972523, "delta": 2.889203}}
{"target": 0.42356555477730273, "params": {"C": 220.56428772595052, "epsilon": 0.807191272841113, "gamma": 0.001}, "datetime": {"datetime": "2021-09-24 09:52:51", "elapsed": 362.652105, "delta": 2.679582}}
{"target": 0.3105509220936169, "params": {"C": 224.82437901387198, "epsilon": 0.7700532254489927, "gamma": 0.059116066760221846}, "datetime": {"datetime": "2021-09-24 09:52:54", "elapsed": 365.671507, "delta": 3.019402}}
{"target": 0.44165686776205015, "params": {"C": 233.5516107600793, "epsilon": 0.3607564637841065, "gamma": 0.0072470282422944276}, "datetime": {"datetime": "2021-09-24 09:52:57", "elapsed": 368.648024, "delta": 2.976517}}
{"target": 0.38722685101276544, "params": {"C": 343.8117841252897, "epsilon": 0.600166114870489, "gamma": 0.021821974411634255}, "datetime": {"datetime": "2021-09-24 09:53:00", "elapsed": 371.42432, "delta": 2.776296}}
{"target": 0.3107518428849132, "params": {"C": 245.4755313171315, "epsilon": 0.5893911905451028, "gamma": 0.05439302167578754}, "datetime": {"datetime": "2021-09-24 09:53:03", "elapsed": 374.327468, "delta": 2.903148}}
{"target": 0.42725565048817793, "params": {"C": 325.23982364214334, "epsilon": 0.0020157595147452536, "gamma": 0.001}, "datetime": {"datetime": "2021-09-24 09:53:06", "elapsed": 377.406425, "delta": 3.078957}}
{"target": 0.417609400777019, "params": {"C": 360.66091157091205, "epsilon": 0.6813334766526481, "gamma": 0.00198396059302182}, "datetime": {"datetime": "2021-09-24 09:53:08", "elapsed": 379.800662, "delta": 2.394237}}
{"target": 0.2512624446178221, "params": {"C": 296.99990386794445, "epsilon": 0.984377240156538, "gamma": 0.08178473633818117}, "datetime": {"datetime": "2021-09-24 09:53:11", "elapsed": 382.300718, "delta": 2.500056}}
{"target": 0.28521322036402574, "params": {"C": 252.64580211669343, "epsilon": 0.8540429770082639, "gamma": 0.07403335369185862}, "datetime": {"datetime": "2021-09-24 09:53:12", "elapsed": 384.114505, "delta": 1.813787}}
{"target": 0.43015236475040375, "params": {"C": 297.21569253875595, "epsilon": 0.6801275774300372, "gamma": 0.002965094355581082}, "datetime": {"datetime": "2021-09-24 09:53:16", "elapsed": 387.253305, "delta": 3.1388}}
{"target": 0.27627547253961027, "params": {"C": 255.76730708783518, "epsilon": 0.2163811871724585, "gamma": 0.07918938539313772}, "datetime": {"datetime": "2021-09-24 09:53:17", "elapsed": 389.093022, "delta": 1.839717}}
{"target": 0.13070931431063026, "params": {"C": 319.59365428102376, "epsilon": 0.04497285294303662, "gamma": 0.1304674340691369}, "datetime": {"datetime": "2021-09-24 09:53:19", "elapsed": 390.743303, "delta": 1.650281}}
{"target": 0.43173157060446865, "params": {"C": 235.94812085397058, "epsilon": 0.5614052626799572, "gamma": 0.0036696362169921777}, "datetime": {"datetime": "2021-09-24 09:53:22", "elapsed": 393.889412, "delta": 3.146109}}
{"target": 0.4210914101011263, "params": {"C": 233.8473092946548, "epsilon": 0.3324216275030909, "gamma": 0.0013238108285478982}, "datetime": {"datetime": "2021-09-24 09:53:25", "elapsed": 396.987539, "delta": 3.098127}}
{"target": 0.4208389567121994, "params": {"C": 224.84050204044905, "epsilon": 0.5967845689311952, "gamma": 0.02015693820775338}, "datetime": {"datetime": "2021-09-24 09:53:28", "elapsed": 400.105919, "delta": 3.11838}}
{"target": 0.31387691380272764, "params": {"C": 258.401273569221, "epsilon": 0.0935449948807945, "gamma": 0.04880842518112257}, "datetime": {"datetime": "2021-09-24 09:53:30", "elapsed": 401.9282, "delta": 1.822281}}
{"target": 0.22807889834800588, "params": {"C": 360.7539903026458, "epsilon": 0.7303386882616388, "gamma": 0.0778151370894477}, "datetime": {"datetime": "2021-09-24 09:53:33", "elapsed": 405.166769, "delta": 3.238569}}
{"target": 0.43251896584380767, "params": {"C": 297.36867574966715, "epsilon": 0.5872766726821836, "gamma": 0.01451603815637249}, "datetime": {"datetime": "2021-09-24 09:53:38", "elapsed": 409.730177, "delta": 4.563408}}
{"target": 0.4220382247269332, "params": {"C": 202.48644300998583, "epsilon": 1.0, "gamma": 0.001}, "datetime": {"datetime": "2021-09-24 09:53:43", "elapsed": 414.350288, "delta": 4.620111}}
{"target": 0.149380102868786, "params": {"C": 274.80553374687594, "epsilon": 0.36441318854331506, "gamma": 0.140824685932673}, "datetime": {"datetime": "2021-09-24 09:53:44", "elapsed": 416.101763, "delta": 1.751475}}
{"target": 0.42935731618095985, "params": {"C": 220.437973434669, "epsilon": 0.8097402334724053, "gamma": 0.018115947257219364}, "datetime": {"datetime": "2021-09-24 09:53:47", "elapsed": 418.885407, "delta": 2.783644}}
{"target": 0.20859343216267767, "params": {"C": 220.4820294798145, "epsilon": 0.8572535771065191, "gamma": 0.1243347468675891}, "datetime": {"datetime": "2021-09-24 09:53:51", "elapsed": 422.887155, "delta": 4.001748}}
{"target": 0.4272489262546787, "params": {"C": 225.28580829854698, "epsilon": 0.6818803829929004, "gamma": 0.018354028143003884}, "datetime": {"datetime": "2021-09-24 09:53:55", "elapsed": 426.564964, "delta": 3.677809}}
{"target": 0.16349483728061676, "params": {"C": 328.6347129028276, "epsilon": 0.2877155205203689, "gamma": 0.10397231186998647}, "datetime": {"datetime": "2021-09-24 09:53:56", "elapsed": 428.147687, "delta": 1.582723}}
{"target": 0.44059376917303783, "params": {"C": 385.725829281251, "epsilon": 0.26943212297100305, "gamma": 0.0061899362637367955}, "datetime": {"datetime": "2021-09-24 09:53:58", "elapsed": 429.620625, "delta": 1.472938}}
{"target": 0.4500593472660609, "params": {"C": 233.54926660874452, "epsilon": 0.3657719253638029, "gamma": 0.009851590037082487}, "datetime": {"datetime": "2021-09-24 09:54:00", "elapsed": 431.320831, "delta": 1.700206}}
{"target": 0.27019155143947404, "params": {"C": 391.19192439983374, "epsilon": 0.4562086672989212, "gamma": 0.05208392694462863}, "datetime": {"datetime": "2021-09-24 09:54:02", "elapsed": 433.701985, "delta": 2.381154}}
{"target": 0.43628581342209716, "params": {"C": 392.990423167225, "epsilon": 0.6220223918663361, "gamma": 0.011364058814577794}, "datetime": {"datetime": "2021-09-24 09:54:05", "elapsed": 436.263061, "delta": 2.561076}}
{"target": 0.25859418666011647, "params": {"C": 201.8262293784502, "epsilon": 0.23132882894451154, "gamma": 0.10829839601521575}, "datetime": {"datetime": "2021-09-24 09:54:06", "elapsed": 437.804956, "delta": 1.541895}}
{"target": 0.4221350596150909, "params": {"C": 392.8788789708645, "epsilon": 0.6591890370303973, "gamma": 0.001}, "datetime": {"datetime": "2021-09-24 09:54:09", "elapsed": 440.510397, "delta": 2.705441}}
{"target": 0.2604341299392361, "params": {"C": 392.8836590708517, "epsilon": 0.7624486850930784, "gamma": 0.06136930007415761}, "datetime": {"datetime": "2021-09-24 09:54:12", "elapsed": 443.408862, "delta": 2.898465}}
{"target": 0.4451028374738444, "params": {"C": 391.369437571468, "epsilon": 0.6177408047283376, "gamma": 0.008834650789283766}, "datetime": {"datetime": "2021-09-24 09:54:15", "elapsed": 446.736158, "delta": 3.327296}}
{"target": 0.24524800313141037, "params": {"C": 371.10495218852793, "epsilon": 0.42517359356018, "gamma": 0.07111000317621635}, "datetime": {"datetime": "2021-09-24 09:54:17", "elapsed": 448.468114, "delta": 1.731956}}
{"target": 0.2933185200086915, "params": {"C": 391.27533758142016, "epsilon": 0.6913358024325504, "gamma": 0.0411905388241872}, "datetime": {"datetime": "2021-09-24 09:54:20", "elapsed": 451.934988, "delta": 3.466874}}
{"target": 0.42390387252314277, "params": {"C": 391.5637385247777, "epsilon": 0.6300641699418822, "gamma": 0.0023985472345104996}, "datetime": {"datetime": "2021-09-24 09:54:23", "elapsed": 455.035485, "delta": 3.100497}}
{"target": 0.23486554967111406, "params": {"C": 391.52605694022225, "epsilon": 0.49491206928633974, "gamma": 0.07142680499074348}, "datetime": {"datetime": "2021-09-24 09:54:27", "elapsed": 458.285678, "delta": 3.250193}}
{"target": 0.42390273107440757, "params": {"C": 245.48517982751034, "epsilon": 0.3727832809327188, "gamma": 0.001}, "datetime": {"datetime": "2021-09-24 09:54:30", "elapsed": 461.638529, "delta": 3.352851}}
{"target": 0.2605661386813496, "params": {"C": 391.62873454508855, "epsilon": 0.7380248478082412, "gamma": 0.06143788195872815}, "datetime": {"datetime": "2021-09-24 09:54:33", "elapsed": 464.69737, "delta": 3.058841}}
{"target": 0.27914617556331955, "params": {"C": 224.90241534074315, "epsilon": 0.6032859089745657, "gamma": 0.08689215649290846}, "datetime": {"datetime": "2021-09-24 09:54:36", "elapsed": 467.496136, "delta": 2.798766}}
{"target": 0.43947130545350255, "params": {"C": 393.0624835893925, "epsilon": 0.5805978330572251, "gamma": 0.010702941435889821}, "datetime": {"datetime": "2021-09-24 09:54:39", "elapsed": 470.87853, "delta": 3.382394}}
{"target": 0.4390538492774815, "params": {"C": 297.35957710131385, "epsilon": 0.5860006405766878, "gamma": 0.012787098750109461}, "datetime": {"datetime": "2021-09-24 09:54:41", "elapsed": 472.413494, "delta": 1.534964}}
{"target": 0.24434276476465078, "params": {"C": 392.8733332583088, "epsilon": 0.591726442750651, "gamma": 0.06855413449343055}, "datetime": {"datetime": "2021-09-24 09:54:44", "elapsed": 475.449112, "delta": 3.035618}}
{"target": 0.2846353104856514, "params": {"C": 297.38925991091384, "epsilon": 0.4640074342159311, "gamma": 0.0574827307721822}, "datetime": {"datetime": "2021-09-24 09:54:47", "elapsed": 478.853545, "delta": 3.404433}}
{"target": 0.16921230272447085, "params": {"C": 391.4756989873607, "epsilon": 0.6481997863302147, "gamma": 0.08889991585881478}, "datetime": {"datetime": "2021-09-24 09:54:50", "elapsed": 481.460747, "delta": 2.607202}}
{"target": 0.286683230961288, "params": {"C": 245.4209985041627, "epsilon": 0.4116446649813648, "gamma": 0.07366849190192429}, "datetime": {"datetime": "2021-09-24 09:54:53", "elapsed": 484.385146, "delta": 2.924399}}
{"target": 0.27405347987119155, "params": {"C": 370.4333238209531, "epsilon": 0.6456396370047753, "gamma": 0.05260088435762445}, "datetime": {"datetime": "2021-09-24 09:54:54", "elapsed": 486.174045, "delta": 1.788899}}
