{"target": -43.29883450057177, "params": {"C": 311.8751354587762, "epsilon": 3.684557775973769, "gamma": 0.01592651468518688}, "datetime": {"datetime": "2021-09-24 17:08:34", "elapsed": 626.210254, "delta": 2.284435}}
{"target": -42.656178547211766, "params": {"C": 324.6375197763119, "epsilon": 1.643987989815582, "gamma": 0.008294371087877785}, "datetime": {"datetime": "2021-09-24 17:08:36", "elapsed": 628.076309, "delta": 1.866055}}
{"target": -43.03382694825996, "params": {"C": 389.63265327453036, "epsilon": 2.865431687215515, "gamma": 0.004696335633816119}, "datetime": {"datetime": "2021-09-24 17:08:38", "elapsed": 630.103378, "delta": 2.027069}}
{"target": -42.79609454325192, "params": {"C": 335.28108365256963, "epsilon": 2.011451343510924, "gamma": 0.011288459890152527}, "datetime": {"datetime": "2021-09-24 17:08:40", "elapsed": 632.320837, "delta": 2.217459}}
{"target": -43.982711529465746, "params": {"C": 337.52429657699685, "epsilon": 1.6336659484891607, "gamma": 0.020040158278844093}, "datetime": {"datetime": "2021-09-24 17:08:42", "elapsed": 634.400869, "delta": 2.080032}}
{"target": -43.63742540835752, "params": {"C": 324.42129730172275, "epsilon": 1.1382978638431487, "gamma": 0.0023102043987133477}, "datetime": {"datetime": "2021-09-24 17:08:44", "elapsed": 636.528292, "delta": 2.127423}}
{"target": -44.89304964553746, "params": {"C": 397.5632153150584, "epsilon": 2.7997548719632834, "gamma": 0.027217324200900755}, "datetime": {"datetime": "2021-09-24 17:08:47", "elapsed": 639.406879, "delta": 2.878587}}
{"target": -42.90599863843184, "params": {"C": 302.1687518561604, "epsilon": 0.7091868810308211, "gamma": 0.0066954614044875795}, "datetime": {"datetime": "2021-09-24 17:08:50", "elapsed": 642.40191, "delta": 2.995031}}
{"target": -44.49518128376006, "params": {"C": 364.9491971704402, "epsilon": 3.2065473538799973, "gamma": 0.026582814362365755}, "datetime": {"datetime": "2021-09-24 17:08:54", "elapsed": 645.786572, "delta": 3.384662}}
{"target": -44.580764861708616, "params": {"C": 342.64203311367186, "epsilon": 0.7646691266109397, "gamma": 0.02729869612616917}, "datetime": {"datetime": "2021-09-24 17:08:58", "elapsed": 650.27551, "delta": 4.488938}}
{"target": -43.54046846380437, "params": {"C": 379.2388375523821, "epsilon": 3.3803722529783355, "gamma": 0.014977628327553174}, "datetime": {"datetime": "2021-09-24 17:09:02", "elapsed": 653.939893, "delta": 3.664383}}
{"target": -43.12236432581936, "params": {"C": 300.8340105558145, "epsilon": 1.7743680984776267, "gamma": 0.015340297236331644}, "datetime": {"datetime": "2021-09-24 17:09:05", "elapsed": 657.205185, "delta": 3.265292}}
{"target": -42.99220426906114, "params": {"C": 338.7491890091769, "epsilon": 0.9891241916340715, "gamma": 0.01387564179450582}, "datetime": {"datetime": "2021-09-24 17:09:08", "elapsed": 660.524451, "delta": 3.319266}}
{"target": -43.92132846418079, "params": {"C": 328.39807657979475, "epsilon": 1.6867544050743493, "gamma": 0.01959464909392501}, "datetime": {"datetime": "2021-09-24 17:09:11", "elapsed": 663.298776, "delta": 2.774325}}
{"target": -44.30971159233769, "params": {"C": 320.4460999925475, "epsilon": 3.20801189230783, "gamma": 0.027419840370844377}, "datetime": {"datetime": "2021-09-24 17:09:16", "elapsed": 668.079834, "delta": 4.781058}}
{"target": -44.069147087959685, "params": {"C": 308.9677089942258, "epsilon": 2.304672229886797, "gamma": 0.02275082748101626}, "datetime": {"datetime": "2021-09-24 17:09:19", "elapsed": 670.796515, "delta": 2.716681}}
{"target": -43.99963603816561, "params": {"C": 385.5141925199205, "epsilon": 1.2469589206430527, "gamma": 0.017780841816403305}, "datetime": {"datetime": "2021-09-24 17:09:22", "elapsed": 673.714657, "delta": 2.918142}}
{"target": -43.53385999024581, "params": {"C": 357.1330384377564, "epsilon": 3.393339643578756, "gamma": 0.01559776693913702}, "datetime": {"datetime": "2021-09-24 17:09:24", "elapsed": 676.322248, "delta": 2.607591}}
{"target": -44.063117699870816, "params": {"C": 393.3207933287371, "epsilon": 1.594499208146997, "gamma": 0.01878569441716763}, "datetime": {"datetime": "2021-09-24 17:09:27", "elapsed": 679.135222, "delta": 2.812974}}
{"target": -44.39719129030558, "params": {"C": 307.90268100941967, "epsilon": 1.6948913897521798, "gamma": 0.028313906433224043}, "datetime": {"datetime": "2021-09-24 17:09:30", "elapsed": 681.799379, "delta": 2.664157}}
{"target": -42.70865389278434, "params": {"C": 354.68221853282705, "epsilon": 2.846622772222243, "gamma": 0.009826769624606378}, "datetime": {"datetime": "2021-09-24 17:09:33", "elapsed": 685.160068, "delta": 3.360689}}
{"target": -43.35872208930817, "params": {"C": 303.34560346109345, "epsilon": 0.177086729510282, "gamma": 0.017166211502932332}, "datetime": {"datetime": "2021-09-24 17:09:36", "elapsed": 688.417211, "delta": 3.257143}}
{"target": -43.78896754806588, "params": {"C": 333.4521596074737, "epsilon": 3.796064133501426, "gamma": 0.018248477021656582}, "datetime": {"datetime": "2021-09-24 17:09:39", "elapsed": 691.374461, "delta": 2.95725}}
{"target": -43.57807340020542, "params": {"C": 333.0761931886204, "epsilon": 0.4115999981153867, "gamma": 0.0011017864276043655}, "datetime": {"datetime": "2021-09-24 17:09:43", "elapsed": 694.74788, "delta": 3.373419}}
