{"target": -44.11819441626527, "params": {"C": 13.206294401878996, "epsilon": 2.435162198864964, "gamma": 0.02692512621994948}, "datetime": {"datetime": "2021-09-24 15:39:56", "elapsed": 60.95677, "delta": 0.766002}}
{"target": -45.05437602606112, "params": {"C": 33.55157537859833, "epsilon": 1.8724766216011999, "gamma": 0.13401897483782196}, "datetime": {"datetime": "2021-09-24 15:39:57", "elapsed": 61.979774, "delta": 1.023004}}
{"target": -49.834785538785816, "params": {"C": 45.99392883022635, "epsilon": 2.884667427834883, "gamma": 0.0008}, "datetime": {"datetime": "2021-09-24 15:39:57", "elapsed": 62.874782, "delta": 0.895008}}
{"target": -45.49804163866677, "params": {"C": 44.31366293163349, "epsilon": 3.9937063161057815, "gamma": 0.12948168202732127}, "datetime": {"datetime": "2021-09-24 15:39:58", "elapsed": 63.777093, "delta": 0.902311}}
{"target": -45.65200108801954, "params": {"C": 43.574366698725505, "epsilon": 2.984270554676017, "gamma": 0.15}, "datetime": {"datetime": "2021-09-24 15:39:59", "elapsed": 64.750245, "delta": 0.973152}}
{"target": -44.160402983059775, "params": {"C": 35.72966769350472, "epsilon": 0.8800453973655398, "gamma": 0.08126846402664947}, "datetime": {"datetime": "2021-09-24 15:40:00", "elapsed": 65.756025, "delta": 1.00578}}
{"target": -43.75717933914579, "params": {"C": 36.801647496171555, "epsilon": 1.8099142687301502, "gamma": 0.0603094666522265}, "datetime": {"datetime": "2021-09-24 15:40:01", "elapsed": 66.557028, "delta": 0.801003}}
{"target": -44.008031092266904, "params": {"C": 37.782554206647426, "epsilon": 2.0516036151392165, "gamma": 0.07056781691302132}, "datetime": {"datetime": "2021-09-24 15:40:02", "elapsed": 67.417123, "delta": 0.860095}}
{"target": -43.93417588437832, "params": {"C": 36.6630304136282, "epsilon": 2.7798863125546016, "gamma": 0.03284299341184087}, "datetime": {"datetime": "2021-09-24 15:40:03", "elapsed": 68.217389, "delta": 0.800266}}
{"target": -57.490391712634846, "params": {"C": 7.066463854668005, "epsilon": 1.0328066133085045, "gamma": 0.0008}, "datetime": {"datetime": "2021-09-24 15:40:04", "elapsed": 69.173389, "delta": 0.956}}
{"target": -47.4795725470576, "params": {"C": 8.151870339451587, "epsilon": 2.8420945343565673, "gamma": 0.15}, "datetime": {"datetime": "2021-09-24 15:40:05", "elapsed": 69.954026, "delta": 0.780637}}
{"target": -50.257166101695965, "params": {"C": 42.87247483025252, "epsilon": 1.1420401621827763, "gamma": 0.0008}, "datetime": {"datetime": "2021-09-24 15:40:05", "elapsed": 70.748027, "delta": 0.794001}}
{"target": -45.17623755412566, "params": {"C": 20.125597563814214, "epsilon": 0.894579444104634, "gamma": 0.14642926826555636}, "datetime": {"datetime": "2021-09-24 15:40:06", "elapsed": 71.467676, "delta": 0.719649}}
{"target": -44.555861014920836, "params": {"C": 29.417920043759114, "epsilon": 0.12441815060583081, "gamma": 0.005929865701419197}, "datetime": {"datetime": "2021-09-24 15:40:07", "elapsed": 72.768132, "delta": 1.300456}}
{"target": -45.19178679901188, "params": {"C": 36.019286180018064, "epsilon": 0.07, "gamma": 0.15}, "datetime": {"datetime": "2021-09-24 15:40:08", "elapsed": 73.665521, "delta": 0.897389}}
{"target": -43.54788613080851, "params": {"C": 21.504837058383078, "epsilon": 0.07583914078703241, "gamma": 0.06258817342624004}, "datetime": {"datetime": "2021-09-24 15:40:09", "elapsed": 74.871521, "delta": 1.206}}
{"target": -50.83106901317979, "params": {"C": 3.500894394037962, "epsilon": 4.0, "gamma": 0.15}, "datetime": {"datetime": "2021-09-24 15:40:10", "elapsed": 75.787462, "delta": 0.915941}}
{"target": -45.06154938301182, "params": {"C": 29.14087874931063, "epsilon": 1.7196698398899966, "gamma": 0.15}, "datetime": {"datetime": "2021-09-24 15:40:11", "elapsed": 76.764328, "delta": 0.976866}}
{"target": -45.6064531406067, "params": {"C": 11.416570144868006, "epsilon": 3.2117629630759965, "gamma": 0.137454893525295}, "datetime": {"datetime": "2021-09-24 15:40:12", "elapsed": 77.790058, "delta": 1.02573}}
{"target": -44.3891055591789, "params": {"C": 33.448955718192146, "epsilon": 3.2358763959398957, "gamma": 0.09600324127784314}, "datetime": {"datetime": "2021-09-24 15:40:13", "elapsed": 78.85596, "delta": 1.065902}}
{"target": -44.814366250089186, "params": {"C": 29.623080149773617, "epsilon": 3.9981462387009032, "gamma": 0.1245445137633347}, "datetime": {"datetime": "2021-09-24 15:40:14", "elapsed": 79.616903, "delta": 0.760943}}
{"target": -49.6348683865239, "params": {"C": 48.67900145310302, "epsilon": 0.9274982707630745, "gamma": 0.0008}, "datetime": {"datetime": "2021-09-24 15:40:15", "elapsed": 80.527429, "delta": 0.910526}}
{"target": -44.06292235066904, "params": {"C": 30.798118012969873, "epsilon": 2.1020442489502114, "gamma": 0.030024457062169576}, "datetime": {"datetime": "2021-09-24 15:40:16", "elapsed": 81.310425, "delta": 0.782996}}
{"target": -45.33590280484623, "params": {"C": 47.154336072256704, "epsilon": 0.10530073149292571, "gamma": 0.1322989884529388}, "datetime": {"datetime": "2021-09-24 15:40:17", "elapsed": 82.197669, "delta": 0.887244}}
{"target": -51.37845701824606, "params": {"C": 34.6979814118572, "epsilon": 1.589868433180938, "gamma": 0.0008}, "datetime": {"datetime": "2021-09-24 15:40:17", "elapsed": 82.892669, "delta": 0.695}}
{"target": -55.533573066626644, "params": {"C": 13.54267602837258, "epsilon": 1.1898183502872712, "gamma": 0.0008}, "datetime": {"datetime": "2021-09-24 15:40:18", "elapsed": 83.878296, "delta": 0.985627}}
{"target": -43.83872079382749, "params": {"C": 33.40710652221337, "epsilon": 3.199715600205482, "gamma": 0.040227460767157525}, "datetime": {"datetime": "2021-09-24 15:40:19", "elapsed": 84.576408, "delta": 0.698112}}
{"target": -44.04974281155683, "params": {"C": 30.143448281768766, "epsilon": 0.9709645583247404, "gamma": 0.08288830097730654}, "datetime": {"datetime": "2021-09-24 15:40:20", "elapsed": 85.554957, "delta": 0.978549}}
{"target": -44.47584466688561, "params": {"C": 32.53515231890699, "epsilon": 2.5178162416741445, "gamma": 0.1048463439153802}, "datetime": {"datetime": "2021-09-24 15:40:21", "elapsed": 86.320885, "delta": 0.765928}}
{"target": -43.85270175935794, "params": {"C": 20.8937338770121, "epsilon": 3.042968655338293, "gamma": 0.06864729092888046}, "datetime": {"datetime": "2021-09-24 15:40:22", "elapsed": 87.290887, "delta": 0.970002}}
{"target": -45.6773171478918, "params": {"C": 12.234008252228634, "epsilon": 1.7570629680548477, "gamma": 0.14489552254446122}, "datetime": {"datetime": "2021-09-24 15:40:23", "elapsed": 88.11563, "delta": 0.824743}}
{"target": -43.82830569639229, "params": {"C": 30.479073486882367, "epsilon": 3.062113086674402, "gamma": 0.06554795495269934}, "datetime": {"datetime": "2021-09-24 15:40:24", "elapsed": 89.134627, "delta": 1.018997}}
{"target": -43.79905960601521, "params": {"C": 21.600598384407746, "epsilon": 2.06867639870912, "gamma": 0.019703398311280724}, "datetime": {"datetime": "2021-09-24 15:40:25", "elapsed": 90.156767, "delta": 1.02214}}
{"target": -45.136635974519564, "params": {"C": 24.998226644126248, "epsilon": 4.0, "gamma": 0.15}, "datetime": {"datetime": "2021-09-24 15:40:26", "elapsed": 91.064766, "delta": 0.907999}}
{"target": -45.9381307984517, "params": {"C": 6.560230988288127, "epsilon": 3.2432904983983026, "gamma": 0.08756645055821353}, "datetime": {"datetime": "2021-09-24 15:40:26", "elapsed": 91.616056, "delta": 0.55129}}
{"target": -45.77963738658415, "params": {"C": 49.71947980753567, "epsilon": 3.448495618718229, "gamma": 0.1361589495666118}, "datetime": {"datetime": "2021-09-24 15:40:27", "elapsed": 92.228116, "delta": 0.61206}}
{"target": -47.99660782557436, "params": {"C": 7.091948241773538, "epsilon": 2.8469801640711756, "gamma": 0.15}, "datetime": {"datetime": "2021-09-24 15:40:28", "elapsed": 93.258851, "delta": 1.030735}}
{"target": -43.6942631124742, "params": {"C": 21.802167778310984, "epsilon": 1.2130673349208718, "gamma": 0.052842332707396085}, "datetime": {"datetime": "2021-09-24 15:40:28", "elapsed": 93.782477, "delta": 0.523626}}
{"target": -43.57029786909882, "params": {"C": 22.371969890308307, "epsilon": 0.15635151264678995, "gamma": 0.0701036094985461}, "datetime": {"datetime": "2021-09-24 15:40:29", "elapsed": 94.426977, "delta": 0.6445}}
{"target": -45.32640271222092, "params": {"C": 19.060042703691717, "epsilon": 0.6437142903076792, "gamma": 0.15}, "datetime": {"datetime": "2021-09-24 15:40:30", "elapsed": 95.757833, "delta": 1.330856}}
{"target": -44.06010360317681, "params": {"C": 12.80638624243527, "epsilon": 1.6060330698600607, "gamma": 0.028751997019170635}, "datetime": {"datetime": "2021-09-24 15:40:31", "elapsed": 96.633696, "delta": 0.875863}}
{"target": -44.16997841546872, "params": {"C": 27.66737139113682, "epsilon": 1.299640768179037, "gamma": 0.08949522937370097}, "datetime": {"datetime": "2021-09-24 15:40:32", "elapsed": 97.4691, "delta": 0.835404}}
{"target": -43.87796627858142, "params": {"C": 32.106878127145706, "epsilon": 3.33941716734455, "gamma": 0.06923306924185989}, "datetime": {"datetime": "2021-09-24 15:40:34", "elapsed": 98.953941, "delta": 1.484841}}
{"target": -43.701768267311984, "params": {"C": 20.928761611995846, "epsilon": 2.777869165322414, "gamma": 0.06417380848884276}, "datetime": {"datetime": "2021-09-24 15:40:34", "elapsed": 99.890953, "delta": 0.937012}}
{"target": -43.79628907783525, "params": {"C": 23.193199661386945, "epsilon": 3.9012101129421453, "gamma": 0.060425113897595514}, "datetime": {"datetime": "2021-09-24 15:40:36", "elapsed": 101.054577, "delta": 1.163624}}
{"target": -43.78272563583262, "params": {"C": 36.4966162024394, "epsilon": 1.030310717846337, "gamma": 0.013038064361952104}, "datetime": {"datetime": "2021-09-24 15:40:37", "elapsed": 102.692482, "delta": 1.637905}}
{"target": -45.1834984223753, "params": {"C": 19.830606715327452, "epsilon": 1.9193270612532387, "gamma": 0.14706433517033307}, "datetime": {"datetime": "2021-09-24 15:40:39", "elapsed": 104.464137, "delta": 1.771655}}
{"target": -51.48355302823252, "params": {"C": 34.49453233588876, "epsilon": 3.503949303513454, "gamma": 0.0008}, "datetime": {"datetime": "2021-09-24 15:40:40", "elapsed": 105.716278, "delta": 1.252141}}
{"target": -44.12656518239572, "params": {"C": 36.15558381769725, "epsilon": 1.7118288349666584, "gamma": 0.07950707190960557}, "datetime": {"datetime": "2021-09-24 15:40:41", "elapsed": 106.549013, "delta": 0.832735}}
{"target": -43.93925228405017, "params": {"C": 22.62503619057792, "epsilon": 2.444867191004134, "gamma": 0.03869546934359841}, "datetime": {"datetime": "2021-09-24 15:40:42", "elapsed": 107.538016, "delta": 0.989003}}
{"target": -45.21544826680353, "params": {"C": 14.85060987434048, "epsilon": 1.0295800996417332, "gamma": 0.13669740257112248}, "datetime": {"datetime": "2021-09-24 15:40:43", "elapsed": 108.507996, "delta": 0.96998}}
{"target": -45.51559003165997, "params": {"C": 14.375926728204115, "epsilon": 0.07, "gamma": 0.15}, "datetime": {"datetime": "2021-09-24 15:40:45", "elapsed": 109.975134, "delta": 1.467138}}
{"target": -53.434356207928005, "params": {"C": 23.072068289036014, "epsilon": 0.07, "gamma": 0.0008}, "datetime": {"datetime": "2021-09-24 15:40:46", "elapsed": 111.447043, "delta": 1.471909}}
{"target": -43.708487689681924, "params": {"C": 33.59192156391813, "epsilon": 2.5801656897587217, "gamma": 0.05428882655841494}, "datetime": {"datetime": "2021-09-24 15:40:47", "elapsed": 112.523731, "delta": 1.076688}}
{"target": -43.9246463975601, "params": {"C": 37.2264356367335, "epsilon": 2.4308429722463307, "gamma": 0.03492630356969728}, "datetime": {"datetime": "2021-09-24 15:40:48", "elapsed": 113.733131, "delta": 1.2094}}
{"target": -43.55404280527773, "params": {"C": 24.957805717929688, "epsilon": 0.2728768947290955, "gamma": 0.0638961685444193}, "datetime": {"datetime": "2021-09-24 15:40:50", "elapsed": 114.992398, "delta": 1.259267}}
{"target": -46.339714325419244, "params": {"C": 10.71276556685256, "epsilon": 1.7190299695083535, "gamma": 0.15}, "datetime": {"datetime": "2021-09-24 15:40:50", "elapsed": 115.871458, "delta": 0.87906}}
{"target": -44.87367954696974, "params": {"C": 24.078977909809232, "epsilon": 3.041104350886086, "gamma": 0.14175835901999229}, "datetime": {"datetime": "2021-09-24 15:40:53", "elapsed": 118.040219, "delta": 2.168761}}
{"target": -44.09652344259773, "params": {"C": 41.60772930598785, "epsilon": 2.1506952811663256, "gamma": 0.006885999925246526}, "datetime": {"datetime": "2021-09-24 15:40:54", "elapsed": 119.482336, "delta": 1.442117}}
{"target": -44.652156565387884, "params": {"C": 36.218061026166204, "epsilon": 1.5100955821416677, "gamma": 0.10640290831142908}, "datetime": {"datetime": "2021-09-24 15:40:55", "elapsed": 120.402868, "delta": 0.920532}}
{"target": -44.42431151557876, "params": {"C": 19.414455873647334, "epsilon": 3.3427148540762013, "gamma": 0.10359775247054169}, "datetime": {"datetime": "2021-09-24 15:40:56", "elapsed": 121.918258, "delta": 1.51539}}
{"target": -45.507883153315134, "params": {"C": 36.09627555748738, "epsilon": 3.481972117902533, "gamma": 0.15}, "datetime": {"datetime": "2021-09-24 15:40:58", "elapsed": 123.571383, "delta": 1.653125}}
{"target": -45.15371908131542, "params": {"C": 17.08294264450796, "epsilon": 0.1274505461764891, "gamma": 0.1383500054897557}, "datetime": {"datetime": "2021-09-24 15:40:59", "elapsed": 124.662514, "delta": 1.091131}}
{"target": -51.78123920125033, "params": {"C": 31.950157266310296, "epsilon": 0.7652980622990218, "gamma": 0.0008}, "datetime": {"datetime": "2021-09-24 15:41:00", "elapsed": 125.814129, "delta": 1.151615}}
{"target": -44.20329565210502, "params": {"C": 36.201510724369626, "epsilon": 1.5563033935598893, "gamma": 0.0852919984012198}, "datetime": {"datetime": "2021-09-24 15:41:01", "elapsed": 126.592836, "delta": 0.778707}}
{"target": -48.427142975671096, "params": {"C": 37.38007574450339, "epsilon": 1.3138617012288718, "gamma": 0.001317031466963491}, "datetime": {"datetime": "2021-09-24 15:41:02", "elapsed": 127.545817, "delta": 0.952981}}
{"target": -45.29587697547627, "params": {"C": 30.961319407675663, "epsilon": 3.5298385033548616, "gamma": 0.1493784058971488}, "datetime": {"datetime": "2021-09-24 15:41:03", "elapsed": 128.428178, "delta": 0.882361}}
{"target": -45.02490852919096, "params": {"C": 22.560028354705214, "epsilon": 3.3008712279539756, "gamma": 0.00557906564730735}, "datetime": {"datetime": "2021-09-24 15:41:05", "elapsed": 130.158227, "delta": 1.730049}}
{"target": -44.51769532412945, "params": {"C": 30.887921636957316, "epsilon": 0.09484653187579094, "gamma": 0.10675011549037706}, "datetime": {"datetime": "2021-09-24 15:41:06", "elapsed": 131.037603, "delta": 0.879376}}
{"target": -44.88561694697946, "params": {"C": 26.453402199936207, "epsilon": 3.7219729047313383, "gamma": 0.13647853709320154}, "datetime": {"datetime": "2021-09-24 15:41:07", "elapsed": 132.354024, "delta": 1.316421}}
{"target": -44.87057211452526, "params": {"C": 7.212345316779073, "epsilon": 3.303925319030495, "gamma": 0.06024118732423674}, "datetime": {"datetime": "2021-09-24 15:41:08", "elapsed": 133.021164, "delta": 0.66714}}
{"target": -44.29000422763853, "params": {"C": 18.38211354654771, "epsilon": 1.6485532900284168, "gamma": 0.011136977870656444}, "datetime": {"datetime": "2021-09-24 15:41:09", "elapsed": 134.128435, "delta": 1.107271}}
{"target": -44.07303936332244, "params": {"C": 38.33087695007927, "epsilon": 2.595543156660528, "gamma": 0.02544552072933499}, "datetime": {"datetime": "2021-09-24 15:41:10", "elapsed": 135.519966, "delta": 1.391531}}
{"target": -53.8739143126062, "params": {"C": 20.91586552247477, "epsilon": 0.6986985020204579, "gamma": 0.0008}, "datetime": {"datetime": "2021-09-24 15:41:12", "elapsed": 137.035821, "delta": 1.515855}}
{"target": -54.54113130143371, "params": {"C": 17.9827942301499, "epsilon": 0.5105907215327629, "gamma": 0.0008}, "datetime": {"datetime": "2021-09-24 15:41:13", "elapsed": 138.268867, "delta": 1.233046}}
{"target": -44.36882687509487, "params": {"C": 30.397063991151942, "epsilon": 1.5270539341656209, "gamma": 0.09804583562662066}, "datetime": {"datetime": "2021-09-24 15:41:14", "elapsed": 139.536557, "delta": 1.26769}}
{"target": -43.74792321576783, "params": {"C": 32.743303485999334, "epsilon": 3.2200167568835627, "gamma": 0.05103033828830106}, "datetime": {"datetime": "2021-09-24 15:41:15", "elapsed": 140.546593, "delta": 1.010036}}
{"target": -44.1782537904045, "params": {"C": 43.476467213302136, "epsilon": 0.0848062853539711, "gamma": 0.069159855571488}, "datetime": {"datetime": "2021-09-24 15:41:16", "elapsed": 141.751434, "delta": 1.204841}}
{"target": -45.100998392213924, "params": {"C": 30.313293871223998, "epsilon": 2.4936173980038667, "gamma": 0.1445570932082229}, "datetime": {"datetime": "2021-09-24 15:41:17", "elapsed": 142.852988, "delta": 1.101554}}
{"target": -44.08379306218748, "params": {"C": 31.379121341926158, "epsilon": 1.1442181664087934, "gamma": 0.026399035071548577}, "datetime": {"datetime": "2021-09-24 15:41:18", "elapsed": 143.642706, "delta": 0.789718}}
{"target": -44.08130978130735, "params": {"C": 28.786405347228513, "epsilon": 0.7936502065677875, "gamma": 0.029398613067063924}, "datetime": {"datetime": "2021-09-24 15:41:19", "elapsed": 144.742597, "delta": 1.099891}}
{"target": -43.96374550994621, "params": {"C": 20.306198955131787, "epsilon": 3.498447888774421, "gamma": 0.01327704594899234}, "datetime": {"datetime": "2021-09-24 15:41:21", "elapsed": 146.607276, "delta": 1.864679}}
{"target": -43.7855703656196, "params": {"C": 20.067453758004394, "epsilon": 2.894840909687571, "gamma": 0.02238380255374963}, "datetime": {"datetime": "2021-09-24 15:41:22", "elapsed": 147.385283, "delta": 0.778007}}
{"target": -43.877297976441994, "params": {"C": 22.268498695167132, "epsilon": 0.8192768813287885, "gamma": 0.04146004740983763}, "datetime": {"datetime": "2021-09-24 15:41:23", "elapsed": 148.342454, "delta": 0.957171}}
{"target": -44.80941910939783, "params": {"C": 19.632441960155344, "epsilon": 2.7218534947935304, "gamma": 0.12439285813133379}, "datetime": {"datetime": "2021-09-24 15:41:24", "elapsed": 149.548309, "delta": 1.205855}}
{"target": -43.73790532899892, "params": {"C": 31.39347245251561, "epsilon": 1.8723517169469015, "gamma": 0.06430706214229874}, "datetime": {"datetime": "2021-09-24 15:41:25", "elapsed": 150.729139, "delta": 1.18083}}
{"target": -54.12900154131937, "params": {"C": 19.867060081769342, "epsilon": 3.3158965538661054, "gamma": 0.0008}, "datetime": {"datetime": "2021-09-24 15:41:27", "elapsed": 152.310476, "delta": 1.581337}}
{"target": -46.1322795865572, "params": {"C": 5.447216326398266, "epsilon": 2.4863358624737155, "gamma": 0.029496025340856977}, "datetime": {"datetime": "2021-09-24 15:41:28", "elapsed": 153.061478, "delta": 0.751002}}
{"target": -43.89570194666308, "params": {"C": 22.121302948420162, "epsilon": 2.1698481808880037, "gamma": 0.07375141872280407}, "datetime": {"datetime": "2021-09-24 15:41:29", "elapsed": 154.649494, "delta": 1.588016}}
{"target": -43.85232545742091, "params": {"C": 25.42560981279313, "epsilon": 1.708906225529464, "gamma": 0.022640474064600756}, "datetime": {"datetime": "2021-09-24 15:41:30", "elapsed": 155.449486, "delta": 0.799992}}
{"target": -44.06041819878401, "params": {"C": 20.50975206156257, "epsilon": 3.8888766300144346, "gamma": 0.033543917498692795}, "datetime": {"datetime": "2021-09-24 15:41:32", "elapsed": 157.742784, "delta": 2.293298}}
{"target": -43.540967458320445, "params": {"C": 21.83379584522431, "epsilon": 1.6738751913841605, "gamma": 0.06008799053842436}, "datetime": {"datetime": "2021-09-24 15:41:34", "elapsed": 159.159993, "delta": 1.417209}}
{"target": -45.44097928846827, "params": {"C": 18.794715398837145, "epsilon": 1.2220691490036735, "gamma": 0.005932017829129198}, "datetime": {"datetime": "2021-09-24 15:41:35", "elapsed": 160.53813, "delta": 1.378137}}
{"target": -44.730584891945036, "params": {"C": 21.841229146392802, "epsilon": 0.4021334620543833, "gamma": 0.1276822596924174}, "datetime": {"datetime": "2021-09-24 15:41:36", "elapsed": 161.897342, "delta": 1.359212}}
{"target": -52.43025480031676, "params": {"C": 20.775212328066107, "epsilon": 3.5256702466431573, "gamma": 0.0011045538050651292}, "datetime": {"datetime": "2021-09-24 15:41:38", "elapsed": 163.78881, "delta": 1.891468}}
{"target": -45.38792307561039, "params": {"C": 14.840884504489338, "epsilon": 1.6881939030921034, "gamma": 0.14183753573071575}, "datetime": {"datetime": "2021-09-24 15:41:39", "elapsed": 164.471166, "delta": 0.682356}}
{"target": -43.895954312674526, "params": {"C": 33.282382121892894, "epsilon": 2.8234812325186986, "gamma": 0.020661551403547137}, "datetime": {"datetime": "2021-09-24 15:41:40", "elapsed": 165.883447, "delta": 1.412281}}
{"target": -44.2156519451149, "params": {"C": 25.26575714741151, "epsilon": 1.2450440680006853, "gamma": 0.09600872910078015}, "datetime": {"datetime": "2021-09-24 15:41:41", "elapsed": 166.742349, "delta": 0.858902}}
{"target": -43.80076515218152, "params": {"C": 31.05312458233385, "epsilon": 1.5835995844863509, "gamma": 0.06995038280280745}, "datetime": {"datetime": "2021-09-24 15:41:43", "elapsed": 168.128328, "delta": 1.385979}}
{"target": -44.48091789898668, "params": {"C": 22.266039333641864, "epsilon": 1.2762892977174962, "gamma": 0.11796853095318545}, "datetime": {"datetime": "2021-09-24 15:41:44", "elapsed": 169.785794, "delta": 1.657466}}
{"target": -44.01835086576674, "params": {"C": 28.557613115956045, "epsilon": 1.457529861848927, "gamma": 0.08034015293093898}, "datetime": {"datetime": "2021-09-24 15:41:46", "elapsed": 171.614721, "delta": 1.828927}}
{"target": -43.746940231216875, "params": {"C": 23.14447873076091, "epsilon": 3.2971644423883335, "gamma": 0.018476751693442952}, "datetime": {"datetime": "2021-09-24 15:41:47", "elapsed": 172.405193, "delta": 0.790472}}
