{"target": -45.352181412277844, "params": {"C": 53.951340504709826, "epsilon": 1.6948913897521798, "gamma": 0.09424642298347587}, "datetime": {"datetime": "2021-09-24 16:00:56", "elapsed": 731.87976, "delta": 1.855398}}
{"target": -43.108194707753704, "params": {"C": 74.23027273640322, "epsilon": 3.748866019127854, "gamma": 0.014561934781736055}, "datetime": {"datetime": "2021-09-24 16:00:59", "elapsed": 735.090586, "delta": 3.210826}}
{"target": -43.03978464568675, "params": {"C": 99.37526103162523, "epsilon": 2.9634467429304223, "gamma": 0.019376538315683558}, "datetime": {"datetime": "2021-09-24 16:01:03", "elapsed": 738.576555, "delta": 3.485969}}
{"target": -43.135479380044636, "params": {"C": 74.87360972022219, "epsilon": 1.7262125640110455, "gamma": 0.010376901420343042}, "datetime": {"datetime": "2021-09-24 16:01:06", "elapsed": 742.414165, "delta": 3.83761}}
{"target": -44.18613848657755, "params": {"C": 66.53809659431019, "epsilon": 0.4115999981153867, "gamma": 0.001388570180794278}, "datetime": {"datetime": "2021-09-24 16:01:08", "elapsed": 744.341207, "delta": 1.927042}}
{"target": -43.91055258394117, "params": {"C": 143.5994902142004, "epsilon": 0.1329271403567286, "gamma": 0.03613211132757158}, "datetime": {"datetime": "2021-09-24 16:27:15", "elapsed": 0.0, "delta": 0.0}}
{"target": -43.18235769257444, "params": {"C": 143.5322392618277, "epsilon": 1.6988601742873315, "gamma": 0.024507745513205326}, "datetime": {"datetime": "2021-09-24 16:27:15", "elapsed": 0.027998, "delta": 0.027998}}
{"target": -43.13067550047433, "params": {"C": 120.46486340378425, "epsilon": 2.488505736412135, "gamma": 0.022881697704749727}, "datetime": {"datetime": "2021-09-24 16:27:15", "elapsed": 0.056002, "delta": 0.028004}}
{"target": -43.65609186682665, "params": {"C": 126.68272751028667, "epsilon": 2.4959013160941006, "gamma": 0.035044530996683074}, "datetime": {"datetime": "2021-09-24 16:27:15", "elapsed": 0.093001, "delta": 0.036999}}
{"target": -42.7807541503785, "params": {"C": 113.45799453449335, "epsilon": 2.068905141425013, "gamma": 0.01677531287928651}, "datetime": {"datetime": "2021-09-24 16:27:15", "elapsed": 0.129999, "delta": 0.036998}}
{"target": -43.93439210173231, "params": {"C": 163.19081805213568, "epsilon": 1.1057334591447376, "gamma": 0.03444572261612744}, "datetime": {"datetime": "2021-09-24 16:27:16", "elapsed": 0.237999, "delta": 0.108}}
{"target": -43.8680711063812, "params": {"C": 142.0609828256476, "epsilon": 1.8346953645461086, "gamma": 0.03758790336226032}, "datetime": {"datetime": "2021-09-24 16:27:16", "elapsed": 0.326005, "delta": 0.088006}}
{"target": -43.41422885166162, "params": {"C": 119.53451923531999, "epsilon": 2.502176447426823, "gamma": 0.03192943062301685}, "datetime": {"datetime": "2021-09-24 16:27:16", "elapsed": 0.417002, "delta": 0.090997}}
{"target": -44.25746638894167, "params": {"C": 113.6507075947912, "epsilon": 1.7828898895015621, "gamma": 0.048023235315314904}, "datetime": {"datetime": "2021-09-24 16:27:16", "elapsed": 0.521005, "delta": 0.104003}}
{"target": -43.70305718871007, "params": {"C": 139.3435866798245, "epsilon": 3.310022964927116, "gamma": 0.035326408399480765}, "datetime": {"datetime": "2021-09-24 16:27:16", "elapsed": 0.649029, "delta": 0.128024}}
{"target": -44.47603381622375, "params": {"C": 147.96924789706895, "epsilon": 3.4790268906762756, "gamma": 0.05303032889231074}, "datetime": {"datetime": "2021-09-24 16:27:16", "elapsed": 0.756031, "delta": 0.107002}}
{"target": -43.17590265632175, "params": {"C": 111.99938354946657, "epsilon": 1.6416370639872948, "gamma": 0.026835212826519992}, "datetime": {"datetime": "2021-09-24 16:27:16", "elapsed": 0.866065, "delta": 0.110034}}
{"target": -44.47507622143246, "params": {"C": 113.8654694941486, "epsilon": 1.9112696869645032, "gamma": 0.05350336358409945}, "datetime": {"datetime": "2021-09-24 16:27:16", "elapsed": 0.994031, "delta": 0.127966}}
{"target": -43.02327425946026, "params": {"C": 148.63593535745414, "epsilon": 3.5810044451384972, "gamma": 0.007637542299172044}, "datetime": {"datetime": "2021-09-24 16:27:17", "elapsed": 1.213472, "delta": 0.219441}}
{"target": -44.180847763388286, "params": {"C": 120.552061924507, "epsilon": 2.4833891470616782, "gamma": 0.04571003463104878}, "datetime": {"datetime": "2021-09-24 16:27:17", "elapsed": 1.409468, "delta": 0.195996}}
{"target": -44.331800324826865, "params": {"C": 138.23328450754593, "epsilon": 0.45930922007128894, "gamma": 0.04323864751539651}, "datetime": {"datetime": "2021-09-24 16:27:17", "elapsed": 1.527481, "delta": 0.118013}}
{"target": -43.11442220954342, "params": {"C": 140.4472216470425, "epsilon": 2.5567144925029703, "gamma": 0.01992774516856848}, "datetime": {"datetime": "2021-09-24 16:27:17", "elapsed": 1.707465, "delta": 0.179984}}
{"target": -44.47749661045134, "params": {"C": 181.99555807028048, "epsilon": 1.9932335167988007, "gamma": 0.04232335241945338}, "datetime": {"datetime": "2021-09-24 16:27:17", "elapsed": 1.91147, "delta": 0.204005}}
{"target": -43.18520260503351, "params": {"C": 111.7558619454409, "epsilon": 1.7531991747614475, "gamma": 0.02775091476964119}, "datetime": {"datetime": "2021-09-24 16:27:17", "elapsed": 2.036477, "delta": 0.125007}}
{"target": -42.83514674760474, "params": {"C": 117.95858496475853, "epsilon": 1.4128187419007538, "gamma": 0.012024564741406707}, "datetime": {"datetime": "2021-09-24 16:27:17", "elapsed": 2.14647, "delta": 0.109993}}
{"target": -42.84072745647269, "params": {"C": 136.44313691388973, "epsilon": 2.391849422193985, "gamma": 0.016803807848819408}, "datetime": {"datetime": "2021-09-24 16:27:18", "elapsed": 2.28247, "delta": 0.136}}
{"target": -43.07572759708295, "params": {"C": 112.55584692631999, "epsilon": 2.5697754474595675, "gamma": 0.010530381515660865}, "datetime": {"datetime": "2021-09-24 16:27:18", "elapsed": 2.375475, "delta": 0.093005}}
{"target": -43.18065667285064, "params": {"C": 171.44220178917982, "epsilon": 0.895861424080083, "gamma": 0.022018804543253785}, "datetime": {"datetime": "2021-09-24 16:27:18", "elapsed": 2.477474, "delta": 0.101999}}
{"target": -43.1832633977675, "params": {"C": 104.7275010581174, "epsilon": 3.4808077137481424, "gamma": 0.010300693310722848}, "datetime": {"datetime": "2021-09-24 16:27:18", "elapsed": 2.570475, "delta": 0.093001}}
{"target": -44.56326703858384, "params": {"C": 131.5360171973867, "epsilon": 1.711783211624543, "gamma": 0.05157661316703085}, "datetime": {"datetime": "2021-09-24 16:27:18", "elapsed": 2.742466, "delta": 0.171991}}
{"target": -42.76287573644071, "params": {"C": 124.22390454881021, "epsilon": 2.007163297516704, "gamma": 0.01698078558393715}, "datetime": {"datetime": "2021-09-24 16:27:18", "elapsed": 2.900471, "delta": 0.158005}}
{"target": -43.15705823677244, "params": {"C": 110.1215044845265, "epsilon": 2.7948666211291084, "gamma": 0.024040365582732936}, "datetime": {"datetime": "2021-09-24 16:27:18", "elapsed": 2.998475, "delta": 0.098004}}
{"target": -43.790028273896, "params": {"C": 130.77398426100152, "epsilon": 2.6146965620925453, "gamma": 0.03805483442403435}, "datetime": {"datetime": "2021-09-24 16:27:18", "elapsed": 3.102475, "delta": 0.104}}
{"target": -42.88385956192768, "params": {"C": 125.21083219312956, "epsilon": 2.430284300728081, "gamma": 0.017651362715445006}, "datetime": {"datetime": "2021-09-24 16:27:19", "elapsed": 3.227469, "delta": 0.124994}}
{"target": -42.80555962043713, "params": {"C": 130.72367288223234, "epsilon": 3.5448497202178504, "gamma": 0.01149671588958162}, "datetime": {"datetime": "2021-09-24 16:27:19", "elapsed": 3.382469, "delta": 0.155}}
{"target": -42.90650550287781, "params": {"C": 101.17298404436362, "epsilon": 3.700733926646239, "gamma": 0.013509736350915912}, "datetime": {"datetime": "2021-09-24 16:27:19", "elapsed": 3.497474, "delta": 0.115005}}
{"target": -43.738354954245324, "params": {"C": 110.33064923926845, "epsilon": 3.596071437252957, "gamma": 0.03958518896904818}, "datetime": {"datetime": "2021-09-24 16:27:19", "elapsed": 3.648471, "delta": 0.150997}}
{"target": -43.03349404092589, "params": {"C": 166.55175720133923, "epsilon": 2.85193768035939, "gamma": 0.007780948467766386}, "datetime": {"datetime": "2021-09-24 16:27:19", "elapsed": 3.822466, "delta": 0.173995}}
{"target": -43.18396136964001, "params": {"C": 186.7800807960191, "epsilon": 3.8023257829301205, "gamma": 0.020565209680397645}, "datetime": {"datetime": "2021-09-24 16:27:19", "elapsed": 4.000997, "delta": 0.178531}}
{"target": -43.154928850884446, "params": {"C": 167.146053052103, "epsilon": 1.0678803006036226, "gamma": 0.02141543889825904}, "datetime": {"datetime": "2021-09-24 16:27:19", "elapsed": 4.148995, "delta": 0.147998}}
{"target": -44.972157752921596, "params": {"C": 174.43497294498053, "epsilon": 2.788360318877663, "gamma": 0.056849908587245944}, "datetime": {"datetime": "2021-09-24 16:27:20", "elapsed": 4.331996, "delta": 0.183001}}
{"target": -42.6059175169612, "params": {"C": 133.5299962314615, "epsilon": 0.6086548600572975, "gamma": 0.015202953083655123}, "datetime": {"datetime": "2021-09-24 16:27:20", "elapsed": 4.529999, "delta": 0.198003}}
{"target": -44.1160981418048, "params": {"C": 120.53927151770134, "epsilon": 0.4013163007983058, "gamma": 0.04236607490269091}, "datetime": {"datetime": "2021-09-24 16:27:20", "elapsed": 4.665993, "delta": 0.135994}}
{"target": -43.82334276247083, "params": {"C": 152.4576326366972, "epsilon": 2.709755154897812, "gamma": 0.0355141107418589}, "datetime": {"datetime": "2021-09-24 16:27:20", "elapsed": 4.837994, "delta": 0.172001}}
{"target": -43.33347877692635, "params": {"C": 178.77900849471519, "epsilon": 1.1807849996131063, "gamma": 0.024495411298864754}, "datetime": {"datetime": "2021-09-24 16:27:20", "elapsed": 5.030994, "delta": 0.193}}
{"target": -43.482270542163704, "params": {"C": 165.5845370273073, "epsilon": 1.0519803385485251, "gamma": 0.02730514451357875}, "datetime": {"datetime": "2021-09-24 16:27:20", "elapsed": 5.198001, "delta": 0.167007}}
{"target": -44.2630069059532, "params": {"C": 130.60867376792874, "epsilon": 2.980820464777457, "gamma": 0.04794915339508104}, "datetime": {"datetime": "2021-09-24 16:27:21", "elapsed": 5.341, "delta": 0.142999}}
{"target": -43.876042015778744, "params": {"C": 160.02789636063474, "epsilon": 2.717761294513102, "gamma": 0.03481803798206464}, "datetime": {"datetime": "2021-09-24 16:27:21", "elapsed": 5.482997, "delta": 0.141997}}
{"target": -42.61844112500321, "params": {"C": 181.76683873068666, "epsilon": 0.7788760156217505, "gamma": 0.010651916895748053}, "datetime": {"datetime": "2021-09-24 16:27:21", "elapsed": 5.682, "delta": 0.199003}}
{"target": -44.49340444705319, "params": {"C": 151.8172534439786, "epsilon": 0.23260312884933046, "gamma": 0.04348312275185892}, "datetime": {"datetime": "2021-09-24 16:27:21", "elapsed": 5.897001, "delta": 0.215001}}
{"target": -44.1382918262818, "params": {"C": 116.4987809259163, "epsilon": 1.2068753434309558, "gamma": 0.04489966356638084}, "datetime": {"datetime": "2021-09-24 16:27:21", "elapsed": 6.084993, "delta": 0.187992}}
{"target": -43.078298389866944, "params": {"C": 196.55277175117618, "epsilon": 2.539685750268252, "gamma": 0.017759531191764107}, "datetime": {"datetime": "2021-09-24 16:27:22", "elapsed": 6.274998, "delta": 0.190005}}
{"target": -43.73901557714886, "params": {"C": 180.4298719885653, "epsilon": 2.011461166438591, "gamma": 0.028731531451350267}, "datetime": {"datetime": "2021-09-24 16:27:22", "elapsed": 6.469994, "delta": 0.194996}}
{"target": -42.96072160255314, "params": {"C": 107.74655635692443, "epsilon": 1.0692718213381667, "gamma": 0.019838638758675132}, "datetime": {"datetime": "2021-09-24 16:27:22", "elapsed": 6.667002, "delta": 0.197008}}
{"target": -45.47544521418374, "params": {"C": 197.90217067214144, "epsilon": 0.9395478364351918, "gamma": 0.05991340199962961}, "datetime": {"datetime": "2021-09-24 16:27:22", "elapsed": 6.851997, "delta": 0.184995}}
{"target": -43.18044516812191, "params": {"C": 101.91792665031588, "epsilon": 2.7296109791112757, "gamma": 0.02484924098756361}, "datetime": {"datetime": "2021-09-24 16:27:22", "elapsed": 7.019999, "delta": 0.168002}}
{"target": -45.23415507491954, "params": {"C": 164.69218673535443, "epsilon": 0.3452170836306073, "gamma": 0.05397698443970737}, "datetime": {"datetime": "2021-09-24 16:27:22", "elapsed": 7.182997, "delta": 0.162998}}
{"target": -44.728584672799286, "params": {"C": 188.56627482350007, "epsilon": 2.073681615219204, "gamma": 0.044382795214353066}, "datetime": {"datetime": "2021-09-24 16:27:23", "elapsed": 7.423996, "delta": 0.240999}}
{"target": -44.924634805961084, "params": {"C": 182.18986477391314, "epsilon": 3.816523813893534, "gamma": 0.059379175345753585}, "datetime": {"datetime": "2021-09-24 16:27:23", "elapsed": 7.636992, "delta": 0.212996}}
{"target": -44.64312270560622, "params": {"C": 151.60735181969616, "epsilon": 2.8548650358064105, "gamma": 0.05457247930993779}, "datetime": {"datetime": "2021-09-24 16:27:23", "elapsed": 7.84899, "delta": 0.211998}}
{"target": -42.715445857565726, "params": {"C": 199.89601908462464, "epsilon": 0.16739856314503762, "gamma": 0.009185943376478305}, "datetime": {"datetime": "2021-09-24 16:27:23", "elapsed": 8.071992, "delta": 0.223002}}
{"target": -44.29579153102122, "params": {"C": 183.96193331516923, "epsilon": 2.8311205945853413, "gamma": 0.04052644875312298}, "datetime": {"datetime": "2021-09-24 16:27:24", "elapsed": 8.294616, "delta": 0.222624}}
{"target": -44.36777789430247, "params": {"C": 191.2436206674966, "epsilon": 0.5833134192305759, "gamma": 0.03747747173271034}, "datetime": {"datetime": "2021-09-24 16:27:24", "elapsed": 8.483341, "delta": 0.188725}}
{"target": -45.41398273014053, "params": {"C": 194.49791712262052, "epsilon": 0.5015208606158402, "gamma": 0.0527538502222252}, "datetime": {"datetime": "2021-09-24 16:27:24", "elapsed": 8.754344, "delta": 0.271003}}
{"target": -42.84914864463081, "params": {"C": 107.47976912884403, "epsilon": 0.2002773334365953, "gamma": 0.01860192454285271}, "datetime": {"datetime": "2021-09-24 16:27:24", "elapsed": 8.964341, "delta": 0.209997}}
{"target": -45.30028175684917, "params": {"C": 197.31992893698668, "epsilon": 0.598319451119715, "gamma": 0.04912683804043389}, "datetime": {"datetime": "2021-09-24 16:27:24", "elapsed": 9.177749, "delta": 0.213408}}
{"target": -43.65097020954473, "params": {"C": 135.5337729215542, "epsilon": 3.995536186206168, "gamma": 0.03430842269420743}, "datetime": {"datetime": "2021-09-24 16:27:25", "elapsed": 9.415707, "delta": 0.237958}}
{"target": -42.91160378184414, "params": {"C": 147.19945651852768, "epsilon": 3.254908078263052, "gamma": 0.0156400310023088}, "datetime": {"datetime": "2021-09-24 16:27:25", "elapsed": 9.679709, "delta": 0.264002}}
{"target": -43.77150773751185, "params": {"C": 188.80154441433393, "epsilon": 2.5624658506596076, "gamma": 0.027870512180876248}, "datetime": {"datetime": "2021-09-24 16:27:25", "elapsed": 9.889705, "delta": 0.209996}}
{"target": -42.90635135026597, "params": {"C": 128.89604929652018, "epsilon": 3.41158634231931, "gamma": 0.015189072500124308}, "datetime": {"datetime": "2021-09-24 16:27:25", "elapsed": 10.077857, "delta": 0.188152}}
{"target": -44.480354936876466, "params": {"C": 167.5127305377054, "epsilon": 0.3790848592569406, "gamma": 0.04182064091791371}, "datetime": {"datetime": "2021-09-24 16:27:26", "elapsed": 10.354024, "delta": 0.276167}}
{"target": -44.21182034431163, "params": {"C": 155.81688240969163, "epsilon": 2.621731701614366, "gamma": 0.04113673592864833}, "datetime": {"datetime": "2021-09-24 16:27:26", "elapsed": 10.589017, "delta": 0.234993}}
{"target": -43.122415376088696, "params": {"C": 152.68853272158904, "epsilon": 2.330334182825544, "gamma": 0.021249270405973058}, "datetime": {"datetime": "2021-09-24 16:27:26", "elapsed": 10.817016, "delta": 0.227999}}
{"target": -43.86468911007546, "params": {"C": 122.18159258720921, "epsilon": 0.39164533149159864, "gamma": 0.03759781177995981}, "datetime": {"datetime": "2021-09-24 16:27:26", "elapsed": 11.085295, "delta": 0.268279}}
{"target": -44.463215947029845, "params": {"C": 161.0631063624024, "epsilon": 2.6348114240186917, "gamma": 0.046953672087083516}, "datetime": {"datetime": "2021-09-24 16:27:27", "elapsed": 11.296296, "delta": 0.211001}}
{"target": -43.438820631971254, "params": {"C": 161.19661073827754, "epsilon": 1.108301868003764, "gamma": 0.02748226618533201}, "datetime": {"datetime": "2021-09-24 16:27:27", "elapsed": 11.560294, "delta": 0.263998}}
{"target": -43.83472338060406, "params": {"C": 108.99784896706744, "epsilon": 2.9825151901292624, "gamma": 0.041503421070261004}, "datetime": {"datetime": "2021-09-24 16:27:27", "elapsed": 11.801294, "delta": 0.241}}
{"target": -43.13434769369868, "params": {"C": 164.97260830919788, "epsilon": 3.3117477230603796, "gamma": 0.018500297830701822}, "datetime": {"datetime": "2021-09-24 16:27:27", "elapsed": 12.01596, "delta": 0.214666}}
{"target": -44.64196403362652, "params": {"C": 135.22696703559043, "epsilon": 0.7514365714979677, "gamma": 0.049351720818488876}, "datetime": {"datetime": "2021-09-24 16:27:28", "elapsed": 12.362178, "delta": 0.346218}}
{"target": -42.765740957061446, "params": {"C": 177.60426041637953, "epsilon": 3.374020629325341, "gamma": 0.01107897020437524}, "datetime": {"datetime": "2021-09-24 16:27:28", "elapsed": 12.670919, "delta": 0.308741}}
{"target": -43.21850766859273, "params": {"C": 176.70159705701315, "epsilon": 1.9029656032106392, "gamma": 0.022647866360237284}, "datetime": {"datetime": "2021-09-24 16:27:28", "elapsed": 12.903882, "delta": 0.232963}}
{"target": -43.008624174878875, "params": {"C": 122.62426637239457, "epsilon": 1.632182628702128, "gamma": 0.010994293850383153}, "datetime": {"datetime": "2021-09-24 16:27:28", "elapsed": 13.124366, "delta": 0.220484}}
{"target": -43.299214102888946, "params": {"C": 111.26070415034873, "epsilon": 1.4490557437450273, "gamma": 0.030397132988284857}, "datetime": {"datetime": "2021-09-24 16:27:29", "elapsed": 13.441043, "delta": 0.316677}}
{"target": -44.89702552304995, "params": {"C": 174.9373449277455, "epsilon": 3.5728665695379154, "gamma": 0.05733799362093814}, "datetime": {"datetime": "2021-09-24 16:27:29", "elapsed": 13.772047, "delta": 0.331004}}
{"target": -43.78580188494267, "params": {"C": 112.35378320470377, "epsilon": 1.766603351034669, "gamma": 0.03886902742398656}, "datetime": {"datetime": "2021-09-24 16:27:29", "elapsed": 14.043226, "delta": 0.271179}}
{"target": -43.162505315635215, "params": {"C": 107.65925951294247, "epsilon": 1.9279937562850016, "gamma": 0.027199292663068142}, "datetime": {"datetime": "2021-09-24 16:27:30", "elapsed": 14.355422, "delta": 0.312196}}
{"target": -44.691146240303986, "params": {"C": 131.49730176675513, "epsilon": 1.1498419235248358, "gamma": 0.05282069401206983}, "datetime": {"datetime": "2021-09-24 16:27:30", "elapsed": 14.580471, "delta": 0.225049}}
{"target": -44.72413304543857, "params": {"C": 148.1279683941506, "epsilon": 2.175967875681004, "gamma": 0.054634212815442534}, "datetime": {"datetime": "2021-09-24 16:27:30", "elapsed": 14.947429, "delta": 0.366958}}
{"target": -43.60543912994491, "params": {"C": 151.57824125144015, "epsilon": 0.580454491282299, "gamma": 0.031207756504799924}, "datetime": {"datetime": "2021-09-24 16:27:31", "elapsed": 15.348867, "delta": 0.401438}}
{"target": -44.10282066261787, "params": {"C": 196.30459337562417, "epsilon": 2.164958542617965, "gamma": 0.032592650957520355}, "datetime": {"datetime": "2021-09-24 16:27:31", "elapsed": 15.667873, "delta": 0.319006}}
{"target": -43.52459643407938, "params": {"C": 129.6942914785209, "epsilon": 2.9498420203583438, "gamma": 0.0320209557622974}, "datetime": {"datetime": "2021-09-24 16:27:31", "elapsed": 16.089502, "delta": 0.421629}}
{"target": -44.19928825851794, "params": {"C": 173.70439459326212, "epsilon": 1.4887787147757119, "gamma": 0.03755607506917184}, "datetime": {"datetime": "2021-09-24 16:27:32", "elapsed": 16.401667, "delta": 0.312165}}
{"target": -43.79130435306421, "params": {"C": 132.3292031283853, "epsilon": 0.708665002583836, "gamma": 0.03577667521967051}, "datetime": {"datetime": "2021-09-24 16:27:32", "elapsed": 16.693669, "delta": 0.292002}}
{"target": -42.86897002352443, "params": {"C": 110.32321899948138, "epsilon": 2.9263116893342054, "gamma": 0.014731152999553326}, "datetime": {"datetime": "2021-09-24 16:27:32", "elapsed": 16.971708, "delta": 0.278039}}
{"target": -45.226977140684966, "params": {"C": 194.51319986750332, "epsilon": 1.4005854661179438, "gamma": 0.05261046690373974}, "datetime": {"datetime": "2021-09-24 16:27:33", "elapsed": 17.247228, "delta": 0.27552}}
{"target": -43.97110429403612, "params": {"C": 161.23520342866664, "epsilon": 1.8369234189297006, "gamma": 0.03608739404889104}, "datetime": {"datetime": "2021-09-24 16:27:33", "elapsed": 17.550224, "delta": 0.302996}}
{"target": -43.52615337669349, "params": {"C": 102.3898698364335, "epsilon": 1.091784278837829, "gamma": 0.036096321376908234}, "datetime": {"datetime": "2021-09-24 16:27:33", "elapsed": 17.857138, "delta": 0.306914}}
{"target": -44.30388746585431, "params": {"C": 130.03503839055202, "epsilon": 2.6375585428520822, "gamma": 0.0474758909245252}, "datetime": {"datetime": "2021-09-24 16:27:34", "elapsed": 18.48117, "delta": 0.624032}}
{"target": -44.34681738904923, "params": {"C": 109.82824096648328, "epsilon": 2.916726489862894, "gamma": 0.055772206125357916}, "datetime": {"datetime": "2021-09-24 16:27:34", "elapsed": 18.808171, "delta": 0.327001}}
{"target": -44.49306981900241, "params": {"C": 105.26932658395675, "epsilon": 1.5728236681105212, "gamma": 0.054285556415810454}, "datetime": {"datetime": "2021-09-24 16:27:34", "elapsed": 19.095844, "delta": 0.287673}}
