{"target": -56.80089949682467, "params": {"C": 36.429011470510595, "epsilon": 2.3824551987829596, "gamma": 0.0001}, "datetime": {"datetime": "2021-09-24 15:10:40", "elapsed": 525.201114, "delta": 4.102032}}
{"target": -43.26050176663275, "params": {"C": 44.248240290495225, "epsilon": 1.613364503534619, "gamma": 0.0137917114108848}, "datetime": {"datetime": "2021-09-24 15:10:44", "elapsed": 529.341513, "delta": 4.140399}}
{"target": -44.810778380772284, "params": {"C": 48.912425604566124, "epsilon": 2.60100298789173, "gamma": 0.07793739214316171}, "datetime": {"datetime": "2021-09-24 15:10:49", "elapsed": 533.459978, "delta": 4.118465}}
{"target": -50.820561444509345, "params": {"C": 48.257638475942876, "epsilon": 1.1781897887535222, "gamma": 0.2939030205288655}, "datetime": {"datetime": "2021-09-24 15:10:50", "elapsed": 535.250972, "delta": 1.790994}}
{"target": -44.63240062191749, "params": {"C": 26.279134342263472, "epsilon": 2.9567456959669767, "gamma": 0.06482919948832067}, "datetime": {"datetime": "2021-09-24 15:10:54", "elapsed": 539.278545, "delta": 4.027573}}
{"target": -43.283991250037786, "params": {"C": 43.98827891516615, "epsilon": 1.4671095526145983, "gamma": 0.014591207798905208}, "datetime": {"datetime": "2021-09-24 15:10:58", "elapsed": 542.789041, "delta": 3.510496}}
{"target": -58.730024292513384, "params": {"C": 29.344066550029964, "epsilon": 1.6660598906548354, "gamma": 0.7772337557224461}, "datetime": {"datetime": "2021-09-24 15:11:00", "elapsed": 544.425914, "delta": 1.636873}}
{"target": -46.9132269973573, "params": {"C": 26.087194112026992, "epsilon": 2.99807225715722, "gamma": 0.1326919008174047}, "datetime": {"datetime": "2021-09-24 15:11:03", "elapsed": 548.068561, "delta": 3.642647}}
{"target": -43.926708444664015, "params": {"C": 49.35092130679314, "epsilon": 2.930431014791432, "gamma": 0.04744613573882946}, "datetime": {"datetime": "2021-09-24 15:11:08", "elapsed": 552.489911, "delta": 4.42135}}
{"target": -46.354713774648765, "params": {"C": 49.23639381188462, "epsilon": 2.9093424937763124, "gamma": 0.12449689363704414}, "datetime": {"datetime": "2021-09-24 15:11:12", "elapsed": 557.112152, "delta": 4.622241}}
{"target": -45.88223894287976, "params": {"C": 49.366734964358244, "epsilon": 2.8157686651508698, "gamma": 0.11108542841023952}, "datetime": {"datetime": "2021-09-24 15:11:18", "elapsed": 562.606463, "delta": 5.494311}}
{"target": -45.001208600261286, "params": {"C": 46.420051424114455, "epsilon": 0.36841811889580883, "gamma": 0.07484503262216088}, "datetime": {"datetime": "2021-09-24 15:11:23", "elapsed": 567.627104, "delta": 5.020641}}
{"target": -47.4809033320726, "params": {"C": 27.42321178195434, "epsilon": 1.456948412238384, "gamma": 0.1573169167944753}, "datetime": {"datetime": "2021-09-24 15:11:25", "elapsed": 569.778359, "delta": 2.151255}}
{"target": -43.19544660449085, "params": {"C": 40.556876709542586, "epsilon": 1.3714854037433755, "gamma": 0.011277124311651792}, "datetime": {"datetime": "2021-09-24 15:11:31", "elapsed": 575.480595, "delta": 5.702236}}
{"target": -55.28372686741739, "params": {"C": 45.0516442500372, "epsilon": 1.71809914708737, "gamma": 0.4855480116634348}, "datetime": {"datetime": "2021-09-24 15:11:33", "elapsed": 577.703161, "delta": 2.222566}}
{"target": -44.493018466011, "params": {"C": 36.29647768577978, "epsilon": 2.3566525875554767, "gamma": 0.06273708089255545}, "datetime": {"datetime": "2021-09-24 15:11:39", "elapsed": 584.235432, "delta": 6.532271}}
{"target": -46.2443327947938, "params": {"C": 46.75099180194363, "epsilon": 0.5983412758978407, "gamma": 0.12100186738024504}, "datetime": {"datetime": "2021-09-24 15:11:44", "elapsed": 589.017323, "delta": 4.781891}}
{"target": -43.778562177757486, "params": {"C": 36.36318373467462, "epsilon": 2.2080293900895893, "gamma": 0.028734865556882917}, "datetime": {"datetime": "2021-09-24 15:11:50", "elapsed": 595.122604, "delta": 6.105281}}
{"target": -45.48520620069302, "params": {"C": 46.59478567434035, "epsilon": 0.8343067248390689, "gamma": 0.09646814581475935}, "datetime": {"datetime": "2021-09-24 15:11:55", "elapsed": 600.094043, "delta": 4.971439}}
{"target": -43.594017954339286, "params": {"C": 25.12048888068286, "epsilon": 2.5096502183863274, "gamma": 0.020760895413554286}, "datetime": {"datetime": "2021-09-24 15:12:03", "elapsed": 608.128108, "delta": 8.034065}}
{"target": -56.781274302639694, "params": {"C": 36.34682444661411, "epsilon": 1.8531756279888254, "gamma": 0.0001}, "datetime": {"datetime": "2021-09-24 15:12:09", "elapsed": 613.909836, "delta": 5.781728}}
{"target": -47.6052897832094, "params": {"C": 49.08305077766183, "epsilon": 2.726837177633285, "gamma": 0.17709499750874394}, "datetime": {"datetime": "2021-09-24 15:12:15", "elapsed": 619.484151, "delta": 5.574315}}
{"target": -44.606176889723564, "params": {"C": 48.86416411010992, "epsilon": 2.7288168454151167, "gamma": 0.0714364294929348}, "datetime": {"datetime": "2021-09-24 15:12:20", "elapsed": 625.366106, "delta": 5.881955}}
{"target": -43.8415980196933, "params": {"C": 48.69813964973737, "epsilon": 2.4735619745796815, "gamma": 0.042288556497471264}, "datetime": {"datetime": "2021-09-24 15:12:26", "elapsed": 631.386785, "delta": 6.020679}}
{"target": -59.453982934672844, "params": {"C": 17.35326035674794, "epsilon": 2.4181446825664947, "gamma": 0.8473367513011353}, "datetime": {"datetime": "2021-09-24 15:12:29", "elapsed": 634.112791, "delta": 2.726006}}
{"target": -56.79345591150342, "params": {"C": 5.9774985315888465, "epsilon": 0.1901698884048717, "gamma": 0.2813520123124186}, "datetime": {"datetime": "2021-09-24 15:12:32", "elapsed": 636.953114, "delta": 2.840323}}
{"target": -45.49772815420984, "params": {"C": 36.38074903149995, "epsilon": 2.5409091305977527, "gamma": 0.09248751734775172}, "datetime": {"datetime": "2021-09-24 15:12:36", "elapsed": 641.098138, "delta": 4.145024}}
{"target": -43.28173072078484, "params": {"C": 44.38397023683997, "epsilon": 1.5468773232103608, "gamma": 0.013310467894674534}, "datetime": {"datetime": "2021-09-24 15:12:42", "elapsed": 647.101528, "delta": 6.00339}}
{"target": -44.079030813523495, "params": {"C": 46.525333555495834, "epsilon": 0.8871927533253664, "gamma": 0.05000748200349314}, "datetime": {"datetime": "2021-09-24 15:12:51", "elapsed": 655.605718, "delta": 8.50419}}
{"target": -44.62811124970741, "params": {"C": 40.51383302994559, "epsilon": 1.2474417024732676, "gamma": 0.06390584706892997}, "datetime": {"datetime": "2021-09-24 15:12:59", "elapsed": 663.801621, "delta": 8.195903}}
{"target": -58.26266910594263, "params": {"C": 21.118083681650337, "epsilon": 2.8889763626214657, "gamma": 0.6125284835370215}, "datetime": {"datetime": "2021-09-24 15:13:02", "elapsed": 666.83174, "delta": 3.030119}}
{"target": -46.740050703111805, "params": {"C": 36.06720049053575, "epsilon": 2.116757057255259, "gamma": 0.13317166861793536}, "datetime": {"datetime": "2021-09-24 15:13:05", "elapsed": 669.691399, "delta": 2.859659}}
{"target": -44.196459929172164, "params": {"C": 26.279510962444668, "epsilon": 2.8194944180226567, "gamma": 0.04459741746938011}, "datetime": {"datetime": "2021-09-24 15:13:12", "elapsed": 676.722516, "delta": 7.031117}}
{"target": -44.03749569450382, "params": {"C": 36.23454001001834, "epsilon": 2.4981616394239192, "gamma": 0.048103349180031056}, "datetime": {"datetime": "2021-09-24 15:13:18", "elapsed": 682.706953, "delta": 5.984437}}
{"target": -43.60997357751571, "params": {"C": 40.18524899856034, "epsilon": 1.3351560285624469, "gamma": 0.02293766474806139}, "datetime": {"datetime": "2021-09-24 15:13:27", "elapsed": 691.669605, "delta": 8.962652}}
{"target": -43.861046088777066, "params": {"C": 40.66110345449858, "epsilon": 1.356338348895981, "gamma": 0.03631742825253608}, "datetime": {"datetime": "2021-09-24 15:13:33", "elapsed": 697.421787, "delta": 5.752182}}
{"target": -57.94620170484867, "params": {"C": 26.466508425082466, "epsilon": 2.803619618010101, "gamma": 0.6168104773948548}, "datetime": {"datetime": "2021-09-24 15:13:35", "elapsed": 699.946776, "delta": 2.524989}}
{"target": -43.774035572713544, "params": {"C": 44.292756084555634, "epsilon": 1.5242154229524802, "gamma": 0.03360353732037176}, "datetime": {"datetime": "2021-09-24 15:13:41", "elapsed": 706.346713, "delta": 6.399937}}
{"target": -56.171289333862475, "params": {"C": 43.06323541388965, "epsilon": 0.17087666655427589, "gamma": 0.5385976102326346}, "datetime": {"datetime": "2021-09-24 15:13:44", "elapsed": 709.197809, "delta": 2.851096}}
{"target": -56.812054474354134, "params": {"C": 36.31425823921344, "epsilon": 2.5496267265978263, "gamma": 0.0001}, "datetime": {"datetime": "2021-09-24 15:13:54", "elapsed": 718.707899, "delta": 9.51009}}
{"target": -43.60825849408082, "params": {"C": 25.931778580460346, "epsilon": 2.6034444177185567, "gamma": 0.02231516795056362}, "datetime": {"datetime": "2021-09-24 15:14:01", "elapsed": 725.779291, "delta": 7.071392}}
{"target": -49.6390422664841, "params": {"C": 36.4138718690012, "epsilon": 2.573937770538149, "gamma": 0.2381664719162879}, "datetime": {"datetime": "2021-09-24 15:14:09", "elapsed": 733.444759, "delta": 7.665468}}
{"target": -45.83261888244284, "params": {"C": 40.64287786686662, "epsilon": 1.23717695504097, "gamma": 0.10405143014705934}, "datetime": {"datetime": "2021-09-24 15:14:15", "elapsed": 740.406659, "delta": 6.9619}}
{"target": -44.440675815447435, "params": {"C": 36.13613968957934, "epsilon": 2.507311537554061, "gamma": 0.061624172169711784}, "datetime": {"datetime": "2021-09-24 15:14:25", "elapsed": 749.569055, "delta": 9.162396}}
{"target": -45.66972065381404, "params": {"C": 43.97402426371201, "epsilon": 0.8443996716835678, "gamma": 0.10069179377830806}, "datetime": {"datetime": "2021-09-24 15:14:31", "elapsed": 756.097347, "delta": 6.528292}}
{"target": -43.84118569198545, "params": {"C": 40.76449862434089, "epsilon": 1.2725426932580741, "gamma": 0.03541841195770754}, "datetime": {"datetime": "2021-09-24 15:14:36", "elapsed": 761.082745, "delta": 4.985398}}
{"target": -43.97429261355771, "params": {"C": 44.389581602692786, "epsilon": 1.0635807032254638, "gamma": 0.046931417309895945}, "datetime": {"datetime": "2021-09-24 15:14:42", "elapsed": 767.229519, "delta": 6.146774}}
{"target": -44.49131727129172, "params": {"C": 46.30950247764874, "epsilon": 0.41987941907666343, "gamma": 0.05978943241772932}, "datetime": {"datetime": "2021-09-24 15:14:48", "elapsed": 772.901472, "delta": 5.671953}}
{"target": -46.77981535210051, "params": {"C": 28.202791584183462, "epsilon": 1.0804596480381417, "gamma": 0.13304137967195706}, "datetime": {"datetime": "2021-09-24 15:14:51", "elapsed": 775.859379, "delta": 2.957907}}
{"target": -47.209650906714764, "params": {"C": 40.80045864278629, "epsilon": 1.1619776004749505, "gamma": 0.1538231371826966}, "datetime": {"datetime": "2021-09-24 15:14:59", "elapsed": 784.148021, "delta": 8.288642}}
{"target": -56.2359756874903, "params": {"C": 43.8430350823881, "epsilon": 1.5250041054156769, "gamma": 0.0001}, "datetime": {"datetime": "2021-09-24 15:15:06", "elapsed": 791.093018, "delta": 6.944997}}
{"target": -59.47177701690822, "params": {"C": 25.430764020606208, "epsilon": 1.2749632798987498, "gamma": 0.9871456927166243}, "datetime": {"datetime": "2021-09-24 15:15:09", "elapsed": 793.915444, "delta": 2.822426}}
{"target": -59.611292754267694, "params": {"C": 4.594738322207147, "epsilon": 0.9935938469018073, "gamma": 0.5388133051436687}, "datetime": {"datetime": "2021-09-24 15:15:12", "elapsed": 796.830785, "delta": 2.915341}}
{"target": -57.59932378612893, "params": {"C": 25.788840389189886, "epsilon": 2.243880252267062, "gamma": 0.0001}, "datetime": {"datetime": "2021-09-24 15:15:19", "elapsed": 804.081936, "delta": 7.251151}}
{"target": -48.0294825118395, "params": {"C": 40.69994182531369, "epsilon": 1.3262035290428769, "gamma": 0.18991274080620374}, "datetime": {"datetime": "2021-09-24 15:15:25", "elapsed": 809.774405, "delta": 5.692469}}
{"target": -47.31888110311506, "params": {"C": 25.90198849263619, "epsilon": 2.4713752707099728, "gamma": 0.14795027205542305}, "datetime": {"datetime": "2021-09-24 15:15:31", "elapsed": 816.230565, "delta": 6.45616}}
{"target": -50.244328496500366, "params": {"C": 21.740177781975643, "epsilon": 2.295568917275061, "gamma": 0.2121210362720497}, "datetime": {"datetime": "2021-09-24 15:15:34", "elapsed": 818.855989, "delta": 2.625424}}
{"target": -44.68555670647758, "params": {"C": 40.60731890079337, "epsilon": 1.4568447775607571, "gamma": 0.0652817317631131}, "datetime": {"datetime": "2021-09-24 15:15:40", "elapsed": 825.134485, "delta": 6.278496}}
{"target": -46.39561856582815, "params": {"C": 40.520382075529284, "epsilon": 1.3193191871623808, "gamma": 0.1234376574800583}, "datetime": {"datetime": "2021-09-24 15:15:47", "elapsed": 831.779264, "delta": 6.644779}}
{"target": -45.56271584292894, "params": {"C": 40.810557914355, "epsilon": 1.355661938034095, "gamma": 0.09569875788359539}, "datetime": {"datetime": "2021-09-24 15:15:53", "elapsed": 837.783978, "delta": 6.004714}}
{"target": -45.73078885186023, "params": {"C": 5.796444444817097, "epsilon": 1.6130455932017376, "gamma": 0.02382523983311873}, "datetime": {"datetime": "2021-09-24 15:16:00", "elapsed": 844.548528, "delta": 6.76455}}
{"target": -54.560820412547706, "params": {"C": 3.021049137648236, "epsilon": 1.456775485170671, "gamma": 0.1468854684331398}, "datetime": {"datetime": "2021-09-24 15:16:03", "elapsed": 847.871497, "delta": 3.322969}}
{"target": -59.84072356669872, "params": {"C": 8.716878576580463, "epsilon": 0.4563283959310349, "gamma": 0.8577693489662799}, "datetime": {"datetime": "2021-09-24 15:16:05", "elapsed": 850.390921, "delta": 2.519424}}
{"target": -43.81723058551999, "params": {"C": 44.33962020432165, "epsilon": 1.644639170219643, "gamma": 0.03645625291833203}, "datetime": {"datetime": "2021-09-24 15:16:11", "elapsed": 855.523024, "delta": 5.132103}}
{"target": -50.54132680718679, "params": {"C": 45.40909555913538, "epsilon": 0.9805448894646717, "gamma": 0.28167362048749683}, "datetime": {"datetime": "2021-09-24 15:16:13", "elapsed": 858.050601, "delta": 2.527577}}
{"target": -47.42253178538864, "params": {"C": 36.36297899665287, "epsilon": 2.2265144792861475, "gamma": 0.16126535486173316}, "datetime": {"datetime": "2021-09-24 15:16:19", "elapsed": 863.501468, "delta": 5.450867}}
{"target": -59.08136793176281, "params": {"C": 16.689116257666356, "epsilon": 0.6309668318908196, "gamma": 0.7021212817511079}, "datetime": {"datetime": "2021-09-24 15:16:21", "elapsed": 865.866625, "delta": 2.365157}}
{"target": -44.80037773158011, "params": {"C": 46.75043335114157, "epsilon": 1.3436341825656783, "gamma": 0.07172259135046644}, "datetime": {"datetime": "2021-09-24 15:16:24", "elapsed": 868.426546, "delta": 2.559921}}
{"target": -44.26094511800046, "params": {"C": 48.58062812187076, "epsilon": 2.4936558173888574, "gamma": 0.056246038441231515}, "datetime": {"datetime": "2021-09-24 15:16:31", "elapsed": 876.272863, "delta": 7.846317}}
{"target": -57.591030936413674, "params": {"C": 26.13330580193479, "epsilon": 2.91728737104235, "gamma": 0.0001}, "datetime": {"datetime": "2021-09-24 15:16:41", "elapsed": 885.654761, "delta": 9.381898}}
{"target": -47.11940100730062, "params": {"C": 36.18130486834179, "epsilon": 2.5922152434168964, "gamma": 0.1471313364642631}, "datetime": {"datetime": "2021-09-24 15:16:48", "elapsed": 892.734924, "delta": 7.080163}}
{"target": -43.37057221782579, "params": {"C": 48.087818377787045, "epsilon": 2.9684759858363234, "gamma": 0.008482809418874715}, "datetime": {"datetime": "2021-09-24 15:16:54", "elapsed": 898.920857, "delta": 6.185933}}
{"target": -43.53558240563203, "params": {"C": 48.72688648252159, "epsilon": 2.3662534622787135, "gamma": 0.018980280420692008}, "datetime": {"datetime": "2021-09-24 15:17:00", "elapsed": 905.352959, "delta": 6.432102}}
{"target": -47.25353213971278, "params": {"C": 48.05239619001208, "epsilon": 2.88390605962634, "gamma": 0.1630516212323234}, "datetime": {"datetime": "2021-09-24 15:17:06", "elapsed": 910.945719, "delta": 5.59276}}
{"target": -45.98838197089727, "params": {"C": 36.084938182303944, "epsilon": 2.397356804595027, "gamma": 0.10964967472586462}, "datetime": {"datetime": "2021-09-24 15:17:13", "elapsed": 917.832627, "delta": 6.886908}}
{"target": -46.181808621898526, "params": {"C": 6.424000852956491, "epsilon": 1.2041191247174077, "gamma": 0.04676019384895879}, "datetime": {"datetime": "2021-09-24 15:17:16", "elapsed": 920.995323, "delta": 3.162696}}
{"target": -59.180786491168305, "params": {"C": 31.2383284241315, "epsilon": 1.3725375065768948, "gamma": 0.924187410474381}, "datetime": {"datetime": "2021-09-24 15:17:18", "elapsed": 923.360552, "delta": 2.365229}}
{"target": -59.18010221872624, "params": {"C": 6.818816374800343, "epsilon": 2.76171001766885, "gamma": 0.5164234375848233}, "datetime": {"datetime": "2021-09-24 15:17:21", "elapsed": 925.709999, "delta": 2.349447}}
{"target": -43.96544385287765, "params": {"C": 25.96095559819625, "epsilon": 2.891015685680343, "gamma": 0.035270582328089155}, "datetime": {"datetime": "2021-09-24 15:17:27", "elapsed": 932.0117, "delta": 6.301701}}
{"target": -46.58013839267715, "params": {"C": 44.920000104519865, "epsilon": 2.142929377823509, "gamma": 0.13054522337638272}, "datetime": {"datetime": "2021-09-24 15:17:30", "elapsed": 934.446699, "delta": 2.434999}}
{"target": -56.049460969607594, "params": {"C": 46.788701879259975, "epsilon": 0.5941875300765098, "gamma": 0.0001}, "datetime": {"datetime": "2021-09-24 15:17:36", "elapsed": 940.556766, "delta": 6.110067}}
{"target": -46.9070908748343, "params": {"C": 49.21853944296819, "epsilon": 2.802231265114306, "gamma": 0.0007125328032248813}, "datetime": {"datetime": "2021-09-24 15:17:41", "elapsed": 946.124909, "delta": 5.568143}}
{"target": -44.584849832685265, "params": {"C": 12.96643567784415, "epsilon": 0.83822551477723, "gamma": 0.048555786194964826}, "datetime": {"datetime": "2021-09-24 15:17:44", "elapsed": 948.471146, "delta": 2.346237}}
{"target": -44.470760860038666, "params": {"C": 48.62850131798239, "epsilon": 2.35944221729983, "gamma": 0.06448764559672773}, "datetime": {"datetime": "2021-09-24 15:17:49", "elapsed": 954.297727, "delta": 5.826581}}
{"target": -55.81340151601916, "params": {"C": 48.54891048808928, "epsilon": 2.403685588207069, "gamma": 0.0001}, "datetime": {"datetime": "2021-09-24 15:17:56", "elapsed": 960.5648, "delta": 6.267073}}
{"target": -56.47794123613782, "params": {"C": 40.607809783021004, "epsilon": 1.2671361886180026, "gamma": 0.0001}, "datetime": {"datetime": "2021-09-24 15:18:06", "elapsed": 970.758808, "delta": 10.194008}}
{"target": -43.5292470045066, "params": {"C": 26.00780642565391, "epsilon": 2.7794184306893577, "gamma": 0.019524789381213586}, "datetime": {"datetime": "2021-09-24 15:18:11", "elapsed": 976.081122, "delta": 5.322314}}
{"target": -55.560105167437285, "params": {"C": 39.827030400667226, "epsilon": 2.53192352309371, "gamma": 0.4838189197498426}, "datetime": {"datetime": "2021-09-24 15:18:14", "elapsed": 978.871572, "delta": 2.79045}}
{"target": -59.93703640161107, "params": {"C": 1.4086651723490786, "epsilon": 1.3187229036106807, "gamma": 0.4962805225638492}, "datetime": {"datetime": "2021-09-24 15:18:17", "elapsed": 981.438472, "delta": 2.5669}}
{"target": -46.919198661184645, "params": {"C": 36.22837922616649, "epsilon": 1.733125954867785, "gamma": 0.13923616646137793}, "datetime": {"datetime": "2021-09-24 15:18:24", "elapsed": 989.377765, "delta": 7.939293}}
{"target": -58.94261003381837, "params": {"C": 14.915057524099417, "epsilon": 1.2525381513395397, "gamma": 0.6424635611345573}, "datetime": {"datetime": "2021-09-24 15:18:27", "elapsed": 991.899972, "delta": 2.522207}}
{"target": -45.03815385796276, "params": {"C": 48.17812470951811, "epsilon": 2.9689282602432505, "gamma": 0.08463967797472775}, "datetime": {"datetime": "2021-09-24 15:18:35", "elapsed": 999.475776, "delta": 7.575804}}
{"target": -59.878427387240656, "params": {"C": 5.394177407170636, "epsilon": 1.7193229263049132, "gamma": 0.750912453548734}, "datetime": {"datetime": "2021-09-24 15:18:38", "elapsed": 1002.50656, "delta": 3.030784}}
{"target": -56.753229415321975, "params": {"C": 42.901954334761065, "epsilon": 0.9203097740575605, "gamma": 0.5801396471553836}, "datetime": {"datetime": "2021-09-24 15:18:40", "elapsed": 1005.035778, "delta": 2.529218}}
{"target": -50.226197520525545, "params": {"C": 12.981227198352922, "epsilon": 0.7650461749139502, "gamma": 0.16889765427333028}, "datetime": {"datetime": "2021-09-24 15:18:46", "elapsed": 1011.230905, "delta": 6.195127}}
{"target": -43.5229872230764, "params": {"C": 47.95080963125731, "epsilon": 2.8565991855000132, "gamma": 0.018498243323253664}, "datetime": {"datetime": "2021-09-24 15:18:54", "elapsed": 1018.681648, "delta": 7.450743}}
{"target": -60.00265783629971, "params": {"C": 4.872313694615631, "epsilon": 1.258684956641508, "gamma": 0.9420644344529459}, "datetime": {"datetime": "2021-09-24 15:18:57", "elapsed": 1021.479216, "delta": 2.797568}}
{"target": -55.744874497968, "params": {"C": 49.266243646037545, "epsilon": 2.9732055391275387, "gamma": 0.0001}, "datetime": {"datetime": "2021-09-24 15:19:05", "elapsed": 1029.88154, "delta": 8.402324}}
{"target": -44.940268464163616, "params": {"C": 40.7092470408939, "epsilon": 1.4573382704260254, "gamma": 0.0741936702758084}, "datetime": {"datetime": "2021-09-24 15:19:12", "elapsed": 1037.015659, "delta": 7.134119}}
{"target": -58.4517192263811, "params": {"C": 17.39155820766209, "epsilon": 2.8459436615543514, "gamma": 0.596207978486406}, "datetime": {"datetime": "2021-09-24 15:19:15", "elapsed": 1039.60058, "delta": 2.584921}}
{"target": -44.19123510096859, "params": {"C": 17.20733466242399, "epsilon": 0.2892665980725554, "gamma": 0.0070335480742819605}, "datetime": {"datetime": "2021-09-24 15:19:17", "elapsed": 1042.207871, "delta": 2.607291}}
