{"target": -47.6591750525016, "params": {"C": 161.85402151412947, "epsilon": 1.258684956641508, "gamma": 0.16962849661673896}, "datetime": {"datetime": "2021-09-28 12:54:57", "elapsed": 977.631622, "delta": 3.03352}}
{"target": -44.70259095438405, "params": {"C": 164.19300967521775, "epsilon": 1.7057738910378137, "gamma": 0.1262110065955588}, "datetime": {"datetime": "2021-09-28 12:55:04", "elapsed": 983.994234, "delta": 6.362612}}
{"target": -39.324029111519906, "params": {"C": 160.95094024774883, "epsilon": 0.08899453702824443, "gamma": 0.04308703100213303}, "datetime": {"datetime": "2021-09-28 12:55:07", "elapsed": 986.987283, "delta": 2.993049}}
{"target": -44.08650077780566, "params": {"C": 200.17823941121048, "epsilon": 2.8459436615543514, "gamma": 0.10771399954902158}, "datetime": {"datetime": "2021-09-28 12:55:10", "elapsed": 989.859669, "delta": 2.872386}}
{"target": -36.88098934518319, "params": {"C": 199.61428978293057, "epsilon": 0.2892665980725554, "gamma": 0.002241229228219293}, "datetime": {"datetime": "2021-09-28 12:55:12", "elapsed": 992.68157, "delta": 2.821901}}
{"target": -38.80696851640602, "params": {"C": 199.7140077862045, "epsilon": 0.15028258027247893, "gamma": 0.027232972635393555}, "datetime": {"datetime": "2021-09-28 12:55:21", "elapsed": 1000.941695, "delta": 8.260125}}
{"target": -39.957801187720754, "params": {"C": 289.69296470785923, "epsilon": 1.685672193192437, "gamma": 0.037810902551793285}, "datetime": {"datetime": "2021-09-28 12:55:26", "elapsed": 1005.853018, "delta": 4.911323}}
{"target": -42.812478077153344, "params": {"C": 156.61006937011473, "epsilon": 1.1137373979912775, "gamma": 0.10492046638359052}, "datetime": {"datetime": "2021-09-28 12:55:28", "elapsed": 1008.596756, "delta": 2.743738}}
{"target": -41.47839352836868, "params": {"C": 290.2564069056431, "epsilon": 1.0383705436472956, "gamma": 0.0673653168341468}, "datetime": {"datetime": "2021-09-28 12:55:38", "elapsed": 1018.333701, "delta": 9.736945}}
{"target": -46.78640738889208, "params": {"C": 199.78097446634104, "epsilon": 0.29123504188392796, "gamma": 0.1380670636924222}, "datetime": {"datetime": "2021-09-28 12:55:44", "elapsed": 1024.631577, "delta": 6.297876}}
{"target": -44.16950370080717, "params": {"C": 162.3355540062719, "epsilon": 2.681884707782375, "gamma": 0.11943560380190074}, "datetime": {"datetime": "2021-09-28 12:55:47", "elapsed": 1027.490689, "delta": 2.859112}}
{"target": -36.227855738404585, "params": {"C": 186.48478260304773, "epsilon": 0.815827712372569, "gamma": 0.001}, "datetime": {"datetime": "2021-09-28 12:55:53", "elapsed": 1032.948203, "delta": 5.457514}}
{"target": -47.63453252732195, "params": {"C": 233.29902146779722, "epsilon": 0.12988440988122754, "gamma": 0.13620567391465618}, "datetime": {"datetime": "2021-09-28 12:55:56", "elapsed": 1036.025905, "delta": 3.077702}}
{"target": -41.25920076872476, "params": {"C": 199.5529850852318, "epsilon": 0.11086455496587916, "gamma": 0.0786913057717239}, "datetime": {"datetime": "2021-09-28 12:56:04", "elapsed": 1044.226246, "delta": 8.200341}}
{"target": -49.060205953809124, "params": {"C": 228.320308772334, "epsilon": 1.623484651003012, "gamma": 0.17521799619276618}, "datetime": {"datetime": "2021-09-28 12:56:07", "elapsed": 1047.372921, "delta": 3.146675}}
{"target": -45.48392315740145, "params": {"C": 260.5950274775489, "epsilon": 0.8809419228546717, "gamma": 0.10777513608139495}, "datetime": {"datetime": "2021-09-28 12:56:10", "elapsed": 1050.438472, "delta": 3.065551}}
{"target": -45.295512746121055, "params": {"C": 261.3366832621069, "epsilon": 0.15099065393201444, "gamma": 0.10630559979194255}, "datetime": {"datetime": "2021-09-28 12:56:13", "elapsed": 1053.557043, "delta": 3.118571}}
{"target": -36.35065342481121, "params": {"C": 168.9112098200896, "epsilon": 2.2628800908906683, "gamma": 0.0013664463032619831}, "datetime": {"datetime": "2021-09-28 12:56:19", "elapsed": 1059.348949, "delta": 5.791906}}
{"target": -47.45637225224589, "params": {"C": 168.93916215062058, "epsilon": 2.248726596560726, "gamma": 0.16015811646881276}, "datetime": {"datetime": "2021-09-28 12:56:26", "elapsed": 1066.545638, "delta": 7.196689}}
{"target": -36.17151611257679, "params": {"C": 193.29912967015107, "epsilon": 0.001, "gamma": 0.001}, "datetime": {"datetime": "2021-09-28 12:56:32", "elapsed": 1072.070401, "delta": 5.524763}}
{"target": -40.49640208998409, "params": {"C": 186.38665613610092, "epsilon": 0.5784368276070464, "gamma": 0.06608188585971539}, "datetime": {"datetime": "2021-09-28 12:56:39", "elapsed": 1079.591552, "delta": 7.521151}}
{"target": -39.06339118634804, "params": {"C": 193.1246027422006, "epsilon": 0.04732241910577048, "gamma": 0.032875369951516534}, "datetime": {"datetime": "2021-09-28 12:56:46", "elapsed": 1086.349798, "delta": 6.758246}}
{"target": -43.48157695107181, "params": {"C": 186.37846726228685, "epsilon": 0.8571996153495355, "gamma": 0.10571741199242965}, "datetime": {"datetime": "2021-09-28 12:56:55", "elapsed": 1094.933811, "delta": 8.584013}}
{"target": -37.6831753794416, "params": {"C": 164.73663129730346, "epsilon": 1.7465243074393055, "gamma": 0.013858948229422956}, "datetime": {"datetime": "2021-09-28 12:57:01", "elapsed": 1101.048128, "delta": 6.114317}}
{"target": -38.57470715975122, "params": {"C": 156.38806027025169, "epsilon": 1.44244536134933, "gamma": 0.030905218970235092}, "datetime": {"datetime": "2021-09-28 12:57:07", "elapsed": 1107.437628, "delta": 6.3895}}
{"target": -41.39121063339605, "params": {"C": 196.7604818249397, "epsilon": 0.37617222285889984, "gamma": 0.08041939948920811}, "datetime": {"datetime": "2021-09-28 12:57:10", "elapsed": 1110.409551, "delta": 2.971923}}
{"target": -40.29693737997635, "params": {"C": 196.05750172172438, "epsilon": 1.1904563982147722, "gamma": 0.05881685194788872}, "datetime": {"datetime": "2021-09-28 12:57:13", "elapsed": 1113.541545, "delta": 3.131994}}
{"target": -45.617049477357874, "params": {"C": 293.05026692774385, "epsilon": 0.10500366398522619, "gamma": 0.10315014385705715}, "datetime": {"datetime": "2021-09-28 12:57:17", "elapsed": 1116.816233, "delta": 3.274688}}
{"target": -40.2353120391891, "params": {"C": 284.2384553122957, "epsilon": 2.0864984780055966, "gamma": 0.050039006359052}, "datetime": {"datetime": "2021-09-28 12:57:22", "elapsed": 1121.956969, "delta": 5.140736}}
{"target": -37.39241735203676, "params": {"C": 166.52673606285018, "epsilon": 1.0164640902116668, "gamma": 0.010512177176469076}, "datetime": {"datetime": "2021-09-28 12:57:28", "elapsed": 1127.848478, "delta": 5.891509}}
{"target": -48.075022969282834, "params": {"C": 166.50664968298972, "epsilon": 1.0112135825913053, "gamma": 0.17712455581158193}, "datetime": {"datetime": "2021-09-28 12:57:36", "elapsed": 1136.701135, "delta": 8.852657}}
{"target": -42.72507291000301, "params": {"C": 185.0720398489325, "epsilon": 0.726603318484185, "gamma": 0.09728862086884457}, "datetime": {"datetime": "2021-09-28 12:57:40", "elapsed": 1139.815512, "delta": 3.114377}}
{"target": -36.27014012954038, "params": {"C": 215.84948242035384, "epsilon": 2.0481818442670683, "gamma": 0.001}, "datetime": {"datetime": "2021-09-28 12:57:47", "elapsed": 1147.044267, "delta": 7.228755}}
{"target": -42.097562645945175, "params": {"C": 151.1183904781325, "epsilon": 1.1485779170032726, "gamma": 0.09694879760316832}, "datetime": {"datetime": "2021-09-28 12:57:50", "elapsed": 1150.266609, "delta": 3.222342}}
{"target": -36.79506263874058, "params": {"C": 289.21494119986505, "epsilon": 0.243542232341084, "gamma": 0.0030326220472304717}, "datetime": {"datetime": "2021-09-28 12:57:59", "elapsed": 1159.53519, "delta": 9.268581}}
{"target": -40.62771315839849, "params": {"C": 289.0403665084666, "epsilon": 0.07743843429323946, "gamma": 0.052534128296607106}, "datetime": {"datetime": "2021-09-28 12:58:08", "elapsed": 1168.012922, "delta": 8.477732}}
{"target": -39.70442652849273, "params": {"C": 223.6654479502766, "epsilon": 2.958407974924153, "gamma": 0.042501663210611176}, "datetime": {"datetime": "2021-09-28 12:58:11", "elapsed": 1171.133025, "delta": 3.120103}}
{"target": -44.68261257573495, "params": {"C": 278.30709477517985, "epsilon": 2.022581712492501, "gamma": 0.09768360133080582}, "datetime": {"datetime": "2021-09-28 12:58:14", "elapsed": 1174.233218, "delta": 3.100193}}
{"target": -48.35052607627861, "params": {"C": 284.5026509247042, "epsilon": 1.980640162638071, "gamma": 0.1325148233466036}, "datetime": {"datetime": "2021-09-28 12:58:20", "elapsed": 1180.439755, "delta": 6.206537}}
{"target": -37.529681053310995, "params": {"C": 186.58636736035464, "epsilon": 0.7432270385520391, "gamma": 0.012747088910688622}, "datetime": {"datetime": "2021-09-28 12:58:26", "elapsed": 1186.737284, "delta": 6.297529}}
{"target": -43.99577322319682, "params": {"C": 284.32820174103415, "epsilon": 2.3216124379090557, "gamma": 0.09107361315617253}, "datetime": {"datetime": "2021-09-28 12:58:33", "elapsed": 1192.851575, "delta": 6.114291}}
{"target": -42.709732855680244, "params": {"C": 221.46984539969674, "epsilon": 0.9124891427736197, "gamma": 0.08983425835070767}, "datetime": {"datetime": "2021-09-28 12:58:36", "elapsed": 1196.209051, "delta": 3.357476}}
{"target": -39.03707458281275, "params": {"C": 215.86502591311177, "epsilon": 1.891815575781974, "gamma": 0.032585040643587096}, "datetime": {"datetime": "2021-09-28 12:58:43", "elapsed": 1203.731386, "delta": 7.522335}}
{"target": -36.76229918216804, "params": {"C": 166.66371029229057, "epsilon": 1.0507470431952608, "gamma": 0.004215174043899343}, "datetime": {"datetime": "2021-09-28 12:58:51", "elapsed": 1211.259257, "delta": 7.527871}}
{"target": -40.15561623964281, "params": {"C": 283.19883245378253, "epsilon": 2.117582782298338, "gamma": 0.0463748415815218}, "datetime": {"datetime": "2021-09-28 12:58:59", "elapsed": 1219.299611, "delta": 8.040354}}
{"target": -43.71420102383737, "params": {"C": 156.54531639934413, "epsilon": 1.5925348004243174, "gamma": 0.1156060414535496}, "datetime": {"datetime": "2021-09-28 12:59:05", "elapsed": 1225.206458, "delta": 5.906847}}
{"target": -37.846244614802075, "params": {"C": 164.49866264508395, "epsilon": 1.587870348730895, "gamma": 0.015100199158980452}, "datetime": {"datetime": "2021-09-28 12:59:11", "elapsed": 1231.607842, "delta": 6.401384}}
{"target": -38.853173083276346, "params": {"C": 233.23946210161472, "epsilon": 1.5206607368280671, "gamma": 0.025841661049778343}, "datetime": {"datetime": "2021-09-28 12:59:21", "elapsed": 1241.299702, "delta": 9.69186}}
{"target": -40.61235263197639, "params": {"C": 168.7202715991264, "epsilon": 0.348041248637889, "gamma": 0.07121030275626582}, "datetime": {"datetime": "2021-09-28 12:59:25", "elapsed": 1244.889786, "delta": 3.590084}}
{"target": -37.092042597155114, "params": {"C": 289.0427090384028, "epsilon": 0.27623673550134115, "gamma": 0.009309928124764097}, "datetime": {"datetime": "2021-09-28 12:59:32", "elapsed": 1252.544801, "delta": 7.655015}}
{"target": -45.75832072675563, "params": {"C": 288.8780323045928, "epsilon": 0.26442144495482367, "gamma": 0.10503866653463417}, "datetime": {"datetime": "2021-09-28 12:59:40", "elapsed": 1260.58133, "delta": 8.036529}}
{"target": -36.239470981529365, "params": {"C": 166.6508415851078, "epsilon": 0.9007918928996158, "gamma": 0.001}, "datetime": {"datetime": "2021-09-28 12:59:49", "elapsed": 1269.270428, "delta": 8.689098}}
{"target": -38.695902344793616, "params": {"C": 267.49247225705994, "epsilon": 1.3871004792774346, "gamma": 0.020959286823605868}, "datetime": {"datetime": "2021-09-28 12:59:58", "elapsed": 1278.084031, "delta": 8.813603}}
{"target": -40.29192798211193, "params": {"C": 290.7826758457961, "epsilon": 1.3553529745201496, "gamma": 0.04919992930661436}, "datetime": {"datetime": "2021-09-28 13:00:01", "elapsed": 1281.040898, "delta": 2.956867}}
{"target": -47.99591287237892, "params": {"C": 210.2229129826346, "epsilon": 2.206619719552866, "gamma": 0.15002323521956418}, "datetime": {"datetime": "2021-09-28 13:00:04", "elapsed": 1284.803338, "delta": 3.76244}}
{"target": -40.175529584579984, "params": {"C": 235.5610102745173, "epsilon": 1.0550233455079263, "gamma": 0.05061558619741232}, "datetime": {"datetime": "2021-09-28 13:00:08", "elapsed": 1288.442023, "delta": 3.638685}}
{"target": -43.515799532254654, "params": {"C": 166.7695285527773, "epsilon": 0.739419582648709, "gamma": 0.11094095186711649}, "datetime": {"datetime": "2021-09-28 13:00:16", "elapsed": 1295.835929, "delta": 7.393906}}
{"target": -36.827460590236605, "params": {"C": 224.97071846060697, "epsilon": 1.397596567126292, "gamma": 0.004452504635891817}, "datetime": {"datetime": "2021-09-28 13:00:22", "elapsed": 1302.471846, "delta": 6.635917}}
{"target": -38.79051509704732, "params": {"C": 194.5431613959913, "epsilon": 0.8846665909756347, "gamma": 0.027949374939861816}, "datetime": {"datetime": "2021-09-28 13:00:29", "elapsed": 1309.149446, "delta": 6.6776}}
{"target": -43.30960560518578, "params": {"C": 210.5321912397962, "epsilon": 1.1144421459967981, "gamma": 0.09825693310187782}, "datetime": {"datetime": "2021-09-28 13:00:32", "elapsed": 1312.475614, "delta": 3.326168}}
{"target": -38.878719932663536, "params": {"C": 225.12561733591076, "epsilon": 1.420524661703615, "gamma": 0.026625612132425175}, "datetime": {"datetime": "2021-09-28 13:00:44", "elapsed": 1324.46008, "delta": 11.984466}}
{"target": -47.23060967480076, "params": {"C": 287.07930761402565, "epsilon": 1.1689728977426561, "gamma": 0.11691389867459853}, "datetime": {"datetime": "2021-09-28 13:00:47", "elapsed": 1327.546535, "delta": 3.086455}}
{"target": -37.37466409480614, "params": {"C": 163.3816488601209, "epsilon": 2.1759494052439576, "gamma": 0.010539264030371708}, "datetime": {"datetime": "2021-09-28 13:00:54", "elapsed": 1334.306431, "delta": 6.759896}}
{"target": -36.730245327039526, "params": {"C": 193.7134646927055, "epsilon": 0.1640093027565291, "gamma": 0.0032226305968395697}, "datetime": {"datetime": "2021-09-28 13:01:00", "elapsed": 1340.681637, "delta": 6.375206}}
{"target": -43.56099299782657, "params": {"C": 163.19569188377415, "epsilon": 2.16383645178027, "gamma": 0.11135856600539001}, "datetime": {"datetime": "2021-09-28 13:01:08", "elapsed": 1348.69057, "delta": 8.008933}}
{"target": -37.077955416743265, "params": {"C": 177.2414757653416, "epsilon": 1.3360950920314525, "gamma": 0.0076093879022633305}, "datetime": {"datetime": "2021-09-28 13:01:19", "elapsed": 1359.248886, "delta": 7.369975}}
{"target": -36.88696752568597, "params": {"C": 209.09703776332378, "epsilon": 2.417233223366464, "gamma": 0.00661583915363974}, "datetime": {"datetime": "2021-09-28 13:01:22", "elapsed": 1362.65595, "delta": 3.407064}}
{"target": -36.2374757817276, "params": {"C": 209.14846438582285, "epsilon": 2.564435833788329, "gamma": 0.001}, "datetime": {"datetime": "2021-09-28 13:01:30", "elapsed": 1369.989156, "delta": 7.333206}}
{"target": -43.75335427060719, "params": {"C": 209.08620263306872, "epsilon": 2.4863477112602044, "gamma": 0.10291031649096831}, "datetime": {"datetime": "2021-09-28 13:01:37", "elapsed": 1377.554175, "delta": 7.565019}}
{"target": -40.223888556921175, "params": {"C": 209.31806367743746, "epsilon": 2.6822025945766144, "gamma": 0.058343917237204515}, "datetime": {"datetime": "2021-09-28 13:01:45", "elapsed": 1384.961271, "delta": 7.407096}}
{"target": -37.844391224501436, "params": {"C": 233.62508151865512, "epsilon": 1.1606663993404265, "gamma": 0.015515174013475255}, "datetime": {"datetime": "2021-09-28 13:01:53", "elapsed": 1392.906102, "delta": 7.944831}}
{"target": -42.46262480747789, "params": {"C": 218.57402561620194, "epsilon": 2.4948631666192083, "gamma": 0.08704987588933642}, "datetime": {"datetime": "2021-09-28 13:01:56", "elapsed": 1396.488505, "delta": 3.582403}}
{"target": -40.5299159187986, "params": {"C": 209.19986991888652, "epsilon": 2.2598289764430843, "gamma": 0.06508660865778633}, "datetime": {"datetime": "2021-09-28 13:02:08", "elapsed": 1408.224912, "delta": 11.736407}}
{"target": -38.04515272150221, "params": {"C": 209.01613259495633, "epsilon": 2.7513962759005848, "gamma": 0.01856476713531641}, "datetime": {"datetime": "2021-09-28 13:02:14", "elapsed": 1414.282401, "delta": 6.057489}}
{"target": -46.635624318061616, "params": {"C": 209.14736954684477, "epsilon": 2.8289609328345935, "gamma": 0.13055134326874576}, "datetime": {"datetime": "2021-09-28 13:02:23", "elapsed": 1423.434443, "delta": 9.152042}}
{"target": -46.41074676147813, "params": {"C": 208.80626817283547, "epsilon": 2.7002029225820965, "gamma": 0.12832809015544738}, "datetime": {"datetime": "2021-09-28 13:02:34", "elapsed": 1434.314262, "delta": 10.879819}}
{"target": -41.99807858945744, "params": {"C": 233.25079742857986, "epsilon": 1.7041087178187966, "gamma": 0.0805117775889244}, "datetime": {"datetime": "2021-09-28 13:02:43", "elapsed": 1443.699551, "delta": 9.385289}}
{"target": -36.2427011354069, "params": {"C": 243.08660065561807, "epsilon": 0.45247708648966256, "gamma": 0.001}, "datetime": {"datetime": "2021-09-28 13:02:53", "elapsed": 1453.515621, "delta": 9.81607}}
{"target": -36.24107593429757, "params": {"C": 243.2190369926755, "epsilon": 0.3973109109117921, "gamma": 0.001}, "datetime": {"datetime": "2021-09-28 13:03:04", "elapsed": 1464.034758, "delta": 10.519137}}
{"target": -40.658283598646356, "params": {"C": 243.24588332263045, "epsilon": 0.4935882192080743, "gamma": 0.05938437645137709}, "datetime": {"datetime": "2021-09-28 13:03:13", "elapsed": 1473.74294, "delta": 9.708182}}
{"target": -47.278423799193554, "params": {"C": 243.16830168264147, "epsilon": 0.2757414010948473, "gamma": 0.1290666526750618}, "datetime": {"datetime": "2021-09-28 13:03:20", "elapsed": 1480.434717, "delta": 6.691777}}
{"target": -37.352861952258436, "params": {"C": 233.63049825045874, "epsilon": 1.0098723788393347, "gamma": 0.010984475263595313}, "datetime": {"datetime": "2021-09-28 13:03:30", "elapsed": 1490.195929, "delta": 9.761212}}
{"target": -40.3719590834674, "params": {"C": 242.99664625520427, "epsilon": 0.3162328630001147, "gamma": 0.05332499409258213}, "datetime": {"datetime": "2021-09-28 13:03:34", "elapsed": 1493.924793, "delta": 3.728864}}
{"target": -37.214297524634624, "params": {"C": 208.91775074329178, "epsilon": 2.270559634931169, "gamma": 0.009223963387959253}, "datetime": {"datetime": "2021-09-28 13:03:40", "elapsed": 1499.988281, "delta": 6.063488}}
{"target": -40.217731260457846, "params": {"C": 209.27127442073112, "epsilon": 2.4679686300374293, "gamma": 0.05724307793949591}, "datetime": {"datetime": "2021-09-28 13:03:46", "elapsed": 1506.476726, "delta": 6.488445}}
{"target": -46.64092519784101, "params": {"C": 283.39986683329323, "epsilon": 2.5869849531400413, "gamma": 0.11161756879430078}, "datetime": {"datetime": "2021-09-28 13:03:50", "elapsed": 1510.18002, "delta": 3.703294}}
{"target": -39.89310223759775, "params": {"C": 233.79535384645692, "epsilon": 0.9800223248901574, "gamma": 0.042737118881025896}, "datetime": {"datetime": "2021-09-28 13:04:00", "elapsed": 1520.467257, "delta": 10.287237}}
{"target": -37.24683878014754, "params": {"C": 209.0047367704093, "epsilon": 2.2005458758828467, "gamma": 0.007841891582559726}, "datetime": {"datetime": "2021-09-28 13:04:08", "elapsed": 1527.822865, "delta": 7.355608}}
{"target": -38.65785470757017, "params": {"C": 208.69315079131133, "epsilon": 2.2588875089005764, "gamma": 0.025919190213755095}, "datetime": {"datetime": "2021-09-28 13:04:16", "elapsed": 1536.189444, "delta": 8.366579}}
{"target": -39.37226576498357, "params": {"C": 232.73979172716042, "epsilon": 0.8357631427113866, "gamma": 0.03699111940424085}, "datetime": {"datetime": "2021-09-28 13:04:20", "elapsed": 1539.996109, "delta": 3.806665}}
{"target": -36.94426250234833, "params": {"C": 167.7088470566837, "epsilon": 1.2114885139837432, "gamma": 0.007133247045257239}, "datetime": {"datetime": "2021-09-28 13:04:30", "elapsed": 1550.336645, "delta": 10.340536}}
{"target": -36.2415455955971, "params": {"C": 208.84877257892418, "epsilon": 2.117017475274505, "gamma": 0.001}, "datetime": {"datetime": "2021-09-28 13:04:40", "elapsed": 1559.910096, "delta": 9.573451}}
{"target": -47.32216620768469, "params": {"C": 208.7806795012997, "epsilon": 2.0418191933139833, "gamma": 0.13969425292478674}, "datetime": {"datetime": "2021-09-28 13:04:51", "elapsed": 1571.029033, "delta": 11.118937}}
{"target": -36.26597553062222, "params": {"C": 233.81206765516114, "epsilon": 1.1968542447164356, "gamma": 0.001}, "datetime": {"datetime": "2021-09-28 13:05:04", "elapsed": 1583.907299, "delta": 12.878266}}
{"target": -49.2262909282982, "params": {"C": 233.77535385387364, "epsilon": 1.225489131452256, "gamma": 0.17863680506730018}, "datetime": {"datetime": "2021-09-28 13:05:13", "elapsed": 1593.665675, "delta": 9.758376}}
{"target": -43.41542961151666, "params": {"C": 168.19174275951036, "epsilon": 0.18265196832980496, "gamma": 0.10987095331799523}, "datetime": {"datetime": "2021-09-28 13:05:17", "elapsed": 1597.718823, "delta": 4.053148}}
{"target": -39.79645284444478, "params": {"C": 263.3107924898424, "epsilon": 1.4983273788554539, "gamma": 0.03847014374681567}, "datetime": {"datetime": "2021-09-28 13:05:22", "elapsed": 1602.164335, "delta": 4.445512}}
{"target": -36.81191930857006, "params": {"C": 163.36983183205734, "epsilon": 2.3096464285629184, "gamma": 0.005844454410118971}, "datetime": {"datetime": "2021-09-28 13:05:30", "elapsed": 1610.343226, "delta": 8.178891}}
{"target": -38.52422153489164, "params": {"C": 208.99734712645358, "epsilon": 2.00573647215627, "gamma": 0.022930112036665486}, "datetime": {"datetime": "2021-09-28 13:05:37", "elapsed": 1617.711521, "delta": 7.368295}}
{"target": -40.31970871581087, "params": {"C": 234.0066271494918, "epsilon": 1.1256665955822667, "gamma": 0.055535150113852155}, "datetime": {"datetime": "2021-09-28 13:05:46", "elapsed": 1625.869845, "delta": 8.158324}}
