{"target": 0.34540330014884546, "params": {"C": 251.20333846441554, "epsilon": 0.4795359313879894, "gamma": 0.038107929688322266}, "datetime": {"datetime": "2021-09-24 10:49:17", "elapsed": 44.603379, "delta": 0.600993}}
{"target": 0.2859564364842895, "params": {"C": 307.39971228104946, "epsilon": 1.1796233590586136, "gamma": 0.05559692424226021}, "datetime": {"datetime": "2021-09-24 10:49:17", "elapsed": 45.287378, "delta": 0.683999}}
{"target": 0.21525531493308803, "params": {"C": 293.48064590735436, "epsilon": 1.241725817157578, "gamma": 0.09504036622970932}, "datetime": {"datetime": "2021-09-24 10:49:18", "elapsed": 45.905934, "delta": 0.618556}}
{"target": 0.43194748302595065, "params": {"C": 281.72037004311113, "epsilon": 0.7894020186470891, "gamma": 0.004042240719387058}, "datetime": {"datetime": "2021-09-24 10:49:18", "elapsed": 46.342374, "delta": 0.43644}}
{"target": 0.23177375475894502, "params": {"C": 293.73472990137947, "epsilon": 2.357367934598435, "gamma": 0.08910737271328409}, "datetime": {"datetime": "2021-09-24 10:49:19", "elapsed": 46.797519, "delta": 0.455145}}
{"target": 0.1365024669443453, "params": {"C": 357.8103908964272, "epsilon": 1.0999431681533998, "gamma": 0.10646134945310277}, "datetime": {"datetime": "2021-09-24 10:49:19", "elapsed": 47.256243, "delta": 0.458724}}
{"target": 0.14371157646371457, "params": {"C": 288.3294959403683, "epsilon": 0.33946818898943365, "gamma": 0.13740919627631062}, "datetime": {"datetime": "2021-09-24 10:49:20", "elapsed": 47.691338, "delta": 0.435095}}
{"target": 0.2327394351595149, "params": {"C": 379.1169025426994, "epsilon": 1.3392501031350585, "gamma": 0.07385770544438365}, "datetime": {"datetime": "2021-09-24 10:49:20", "elapsed": 48.187341, "delta": 0.496003}}
{"target": 0.13692012564146938, "params": {"C": 299.2334978913509, "epsilon": 0.0448407603010918, "gamma": 0.1383656221043807}, "datetime": {"datetime": "2021-09-24 10:49:21", "elapsed": 48.635341, "delta": 0.448}}
{"target": 0.3087992244706286, "params": {"C": 257.4125826533682, "epsilon": 1.781013491129903, "gamma": 0.0542572540672693}, "datetime": {"datetime": "2021-09-24 10:49:21", "elapsed": 49.172937, "delta": 0.537596}}
{"target": 0.20334054966065185, "params": {"C": 357.75972670725395, "epsilon": 1.1352045489277627, "gamma": 0.08537873834974363}, "datetime": {"datetime": "2021-09-24 10:49:22", "elapsed": 49.636513, "delta": 0.463576}}
{"target": 0.33191937351498735, "params": {"C": 269.88159498583457, "epsilon": 1.3265755744641976, "gamma": 0.04091426107467941}, "datetime": {"datetime": "2021-09-24 10:49:22", "elapsed": 50.135552, "delta": 0.499039}}
{"target": 0.10177976328400717, "params": {"C": 387.9501171388089, "epsilon": 1.8988832510737372, "gamma": 0.1332863912223208}, "datetime": {"datetime": "2021-09-24 10:49:23", "elapsed": 50.595515, "delta": 0.459963}}
{"target": 0.21576439219599286, "params": {"C": 250.4519564284105, "epsilon": 2.471728033028607, "gamma": 0.10709205928184848}, "datetime": {"datetime": "2021-09-24 10:49:23", "elapsed": 51.118835, "delta": 0.52332}}
{"target": 0.1078628973787431, "params": {"C": 360.766456322202, "epsilon": 2.4386127248912883, "gamma": 0.14401401276776885}, "datetime": {"datetime": "2021-09-24 10:49:24", "elapsed": 51.590211, "delta": 0.471376}}
{"target": 0.26473792445954625, "params": {"C": 368.1767766838474, "epsilon": 0.8749967323075216, "gamma": 0.06291069441201343}, "datetime": {"datetime": "2021-09-24 10:49:24", "elapsed": 52.076568, "delta": 0.486357}}
{"target": 0.29865439764083035, "params": {"C": 269.0173836227931, "epsilon": 2.4688223999421, "gamma": 0.06036150744846699}, "datetime": {"datetime": "2021-09-24 10:49:25", "elapsed": 52.54257, "delta": 0.466002}}
{"target": 0.31871562095909, "params": {"C": 379.0581084895591, "epsilon": 1.6970288971961502, "gamma": 0.035007687449535974}, "datetime": {"datetime": "2021-09-24 10:49:25", "elapsed": 53.191215, "delta": 0.648645}}
{"target": 0.28486355917282324, "params": {"C": 371.6811390736741, "epsilon": 1.0724134661469054, "gamma": 0.046401959977271375}, "datetime": {"datetime": "2021-09-24 10:49:26", "elapsed": 53.674791, "delta": 0.483576}}
{"target": 0.30631851699134205, "params": {"C": 254.94629601699822, "epsilon": 1.237502733353879, "gamma": 0.055230860023805006}, "datetime": {"datetime": "2021-09-24 10:49:26", "elapsed": 54.149749, "delta": 0.474958}}
{"target": 0.4333329443389675, "params": {"C": 269.828909606917, "epsilon": 1.3729977623119525, "gamma": 0.015009150854682119}, "datetime": {"datetime": "2021-09-24 10:49:27", "elapsed": 54.783792, "delta": 0.634043}}
{"target": 0.4231238293452405, "params": {"C": 372.6043808170253, "epsilon": 0.5350836323660142, "gamma": 0.0010002005074475164}, "datetime": {"datetime": "2021-09-24 10:49:28", "elapsed": 55.523935, "delta": 0.740143}}
{"target": 0.29496532494678973, "params": {"C": 260.0502581491103, "epsilon": 2.4530695221518792, "gamma": 0.06653945481597942}, "datetime": {"datetime": "2021-09-24 10:49:28", "elapsed": 56.295753, "delta": 0.771818}}
{"target": 0.3203436545811983, "params": {"C": 254.95730159205522, "epsilon": 1.2144391163944601, "gamma": 0.04782106621897391}, "datetime": {"datetime": "2021-09-24 10:49:29", "elapsed": 56.830365, "delta": 0.534612}}
{"target": 0.4236704219508023, "params": {"C": 257.1279677445639, "epsilon": 2.559543027772656, "gamma": 0.001275941977686146}, "datetime": {"datetime": "2021-09-24 10:49:30", "elapsed": 57.62685, "delta": 0.796485}}
{"target": 0.36460702487628616, "params": {"C": 342.9973102303862, "epsilon": 0.8207405295317993, "gamma": 0.026564720011130954}, "datetime": {"datetime": "2021-09-24 10:49:30", "elapsed": 58.172846, "delta": 0.545996}}
{"target": 0.2722500397892983, "params": {"C": 368.1713799505465, "epsilon": 0.8831823486520182, "gamma": 0.05697956937165955}, "datetime": {"datetime": "2021-09-24 10:49:31", "elapsed": 58.687891, "delta": 0.515045}}
{"target": 0.20851617567476066, "params": {"C": 399.79998327547054, "epsilon": 0.1419335270424712, "gamma": 0.0775976060976242}, "datetime": {"datetime": "2021-09-24 10:49:32", "elapsed": 59.50966, "delta": 0.821769}}
{"target": 0.35417979641659925, "params": {"C": 261.6104543190385, "epsilon": 0.7847011108101543, "gamma": 0.034406995075963696}, "datetime": {"datetime": "2021-09-24 10:49:32", "elapsed": 60.069659, "delta": 0.559999}}
{"target": 0.31316064524228726, "params": {"C": 315.1076490668382, "epsilon": 0.5727764292888134, "gamma": 0.041605543324837846}, "datetime": {"datetime": "2021-09-24 10:49:33", "elapsed": 60.798619, "delta": 0.72896}}
{"target": 0.28857412525198634, "params": {"C": 296.06994886617645, "epsilon": 2.5962018089369217, "gamma": 0.06336907381839614}, "datetime": {"datetime": "2021-09-24 10:49:34", "elapsed": 61.595222, "delta": 0.796603}}
{"target": 0.41525724795448027, "params": {"C": 268.83397585234275, "epsilon": 1.8629357594595752, "gamma": 0.01904768652072211}, "datetime": {"datetime": "2021-09-24 10:49:35", "elapsed": 62.57725, "delta": 0.982028}}
{"target": 0.28471863667947783, "params": {"C": 281.7068708113669, "epsilon": 0.8637366247534868, "gamma": 0.06539966316702406}, "datetime": {"datetime": "2021-09-24 10:49:35", "elapsed": 63.381745, "delta": 0.804495}}
{"target": 0.37370328042497225, "params": {"C": 263.6139275297906, "epsilon": 1.8449163489971179, "gamma": 0.029657558818952344}, "datetime": {"datetime": "2021-09-24 10:49:36", "elapsed": 63.876304, "delta": 0.494559}}
{"target": 0.28004641526862983, "params": {"C": 283.9559209418097, "epsilon": 1.1599589824850511, "gamma": 0.07023227208429914}, "datetime": {"datetime": "2021-09-24 10:49:37", "elapsed": 64.703301, "delta": 0.826997}}
{"target": 0.3883563826322095, "params": {"C": 324.77227493712184, "epsilon": 1.2516564301177766, "gamma": 0.022811197289715233}, "datetime": {"datetime": "2021-09-24 10:49:37", "elapsed": 65.286104, "delta": 0.582803}}
{"target": 0.3464814786336985, "params": {"C": 268.8730915598141, "epsilon": 1.8846359012292413, "gamma": 0.03686928829552708}, "datetime": {"datetime": "2021-09-24 10:49:38", "elapsed": 66.158271, "delta": 0.872167}}
{"target": 0.3188499594750739, "params": {"C": 366.43970219792254, "epsilon": 2.5954133692499557, "gamma": 0.036710193077364485}, "datetime": {"datetime": "2021-09-24 10:49:39", "elapsed": 67.049476, "delta": 0.891205}}
{"target": 0.3281163502797041, "params": {"C": 257.18158784639274, "epsilon": 2.600839859917438, "gamma": 0.04600384223607987}, "datetime": {"datetime": "2021-09-24 10:49:40", "elapsed": 67.760569, "delta": 0.711093}}
{"target": 0.4258280075768649, "params": {"C": 260.05116662843653, "epsilon": 2.551701943053352, "gamma": 0.001}, "datetime": {"datetime": "2021-09-24 10:49:41", "elapsed": 68.615541, "delta": 0.854972}}
{"target": 0.33981248930108676, "params": {"C": 391.8322037839081, "epsilon": 1.9026957021393274, "gamma": 0.02897288912847482}, "datetime": {"datetime": "2021-09-24 10:49:41", "elapsed": 69.18112, "delta": 0.565579}}
{"target": 0.14170355567471615, "params": {"C": 292.3700546055796, "epsilon": 1.2358507672705388, "gamma": 0.14184847737182738}, "datetime": {"datetime": "2021-09-24 10:49:42", "elapsed": 69.780813, "delta": 0.599693}}
{"target": 0.3342980030490311, "params": {"C": 260.09909478357775, "epsilon": 2.5329726674727557, "gamma": 0.042938276953733874}, "datetime": {"datetime": "2021-09-24 10:49:43", "elapsed": 70.651774, "delta": 0.870961}}
{"target": 0.18958628459017557, "params": {"C": 324.2829300430965, "epsilon": 0.8976812111791489, "gamma": 0.0960811034585539}, "datetime": {"datetime": "2021-09-24 10:49:43", "elapsed": 71.207063, "delta": 0.555289}}
{"target": 0.4421444696186134, "params": {"C": 383.4436942053426, "epsilon": 1.4415323664752138, "gamma": 0.006135492756667061}, "datetime": {"datetime": "2021-09-24 10:49:44", "elapsed": 71.792255, "delta": 0.585192}}
{"target": 0.42538197944635225, "params": {"C": 268.7649644671153, "epsilon": 1.9055319884826436, "gamma": 0.001}, "datetime": {"datetime": "2021-09-24 10:49:45", "elapsed": 72.593254, "delta": 0.800999}}
{"target": 0.38913595649921184, "params": {"C": 383.4501876179851, "epsilon": 1.5113212704623176, "gamma": 0.02045711217775623}, "datetime": {"datetime": "2021-09-24 10:49:45", "elapsed": 73.356059, "delta": 0.762805}}
{"target": 0.4072306448405356, "params": {"C": 317.78922060437014, "epsilon": 2.4636631457309446, "gamma": 0.0186530563158378}, "datetime": {"datetime": "2021-09-24 10:49:46", "elapsed": 74.000478, "delta": 0.644419}}
{"target": 0.13904054142815891, "params": {"C": 300.9745530358364, "epsilon": 2.220564170796571, "gamma": 0.1435727323185025}, "datetime": {"datetime": "2021-09-24 10:49:47", "elapsed": 74.640514, "delta": 0.640036}}
{"target": 0.3210961375286885, "params": {"C": 296.0678869611354, "epsilon": 2.7480389217134946, "gamma": 0.04376363306767803}, "datetime": {"datetime": "2021-09-24 10:49:48", "elapsed": 75.603071, "delta": 0.962557}}
{"target": 0.42630725533911373, "params": {"C": 296.1581516701815, "epsilon": 2.6728220609639313, "gamma": 0.001}, "datetime": {"datetime": "2021-09-24 10:49:48", "elapsed": 76.404307, "delta": 0.801236}}
{"target": 0.41495878150467824, "params": {"C": 383.5213432939029, "epsilon": 1.4359204997930228, "gamma": 0.014960999251425215}, "datetime": {"datetime": "2021-09-24 10:49:49", "elapsed": 77.320801, "delta": 0.916494}}
{"target": 0.271648184649827, "params": {"C": 369.39368163779443, "epsilon": 0.9856244684566998, "gamma": 0.0578763232823758}, "datetime": {"datetime": "2021-09-24 10:49:50", "elapsed": 77.913123, "delta": 0.592322}}
{"target": 0.16041096289390655, "params": {"C": 316.40475381757386, "epsilon": 2.6974973882055764, "gamma": 0.10883979600835288}, "datetime": {"datetime": "2021-09-24 10:49:51", "elapsed": 78.777702, "delta": 0.864579}}
{"target": 0.27510521445687386, "params": {"C": 372.6860996141037, "epsilon": 0.5111378647303416, "gamma": 0.050903134125031946}, "datetime": {"datetime": "2021-09-24 10:49:52", "elapsed": 80.049265, "delta": 1.271563}}
{"target": 0.426241734422359, "params": {"C": 316.3029085710257, "epsilon": 2.719526526027985, "gamma": 0.001}, "datetime": {"datetime": "2021-09-24 10:49:53", "elapsed": 81.068312, "delta": 1.019047}}
{"target": 0.3233344334134135, "params": {"C": 276.8518145328496, "epsilon": 1.090739797292171, "gamma": 0.042679311819977146}, "datetime": {"datetime": "2021-09-24 10:49:54", "elapsed": 81.942804, "delta": 0.874492}}
{"target": 0.22001099655101342, "params": {"C": 383.4120153319089, "epsilon": 1.426519842740464, "gamma": 0.07688424304686134}, "datetime": {"datetime": "2021-09-24 10:49:55", "elapsed": 82.764719, "delta": 0.821915}}
{"target": 0.42577648615893393, "params": {"C": 259.98402517972295, "epsilon": 2.5123139901964855, "gamma": 0.001}, "datetime": {"datetime": "2021-09-24 10:49:56", "elapsed": 83.918628, "delta": 1.153909}}
{"target": 0.1794445712085052, "params": {"C": 372.58820452958264, "epsilon": 0.5868669984437682, "gamma": 0.08942265234079064}, "datetime": {"datetime": "2021-09-24 10:49:57", "elapsed": 85.027084, "delta": 1.108456}}
{"target": 0.25727247124265895, "params": {"C": 366.3346831005082, "epsilon": 2.543402112143041, "gamma": 0.06854014367228431}, "datetime": {"datetime": "2021-09-24 10:49:58", "elapsed": 85.87254, "delta": 0.845456}}
{"target": 0.4284111353705551, "params": {"C": 276.9839130094315, "epsilon": 0.9746007029000452, "gamma": 0.003302825777757892}, "datetime": {"datetime": "2021-09-24 10:49:59", "elapsed": 86.872025, "delta": 0.999485}}
{"target": 0.3842088830435437, "params": {"C": 257.05717130940076, "epsilon": 2.491878019483489, "gamma": 0.02785075550671952}, "datetime": {"datetime": "2021-09-24 10:50:00", "elapsed": 87.645831, "delta": 0.773806}}
{"target": 0.31600560080054296, "params": {"C": 257.077630100584, "epsilon": 2.594835689015501, "gamma": 0.052498678519907895}, "datetime": {"datetime": "2021-09-24 10:50:01", "elapsed": 88.570601, "delta": 0.92477}}
{"target": 0.26487912020085636, "params": {"C": 399.9041085110821, "epsilon": 0.03165053787918099, "gamma": 0.05443475873531692}, "datetime": {"datetime": "2021-09-24 10:50:02", "elapsed": 89.649852, "delta": 1.079251}}
{"target": 0.4478936861697086, "params": {"C": 281.69045566067473, "epsilon": 0.7260453860722728, "gamma": 0.010452449526858289}, "datetime": {"datetime": "2021-09-24 10:50:03", "elapsed": 90.645645, "delta": 0.995793}}
{"target": 0.27808700287099053, "params": {"C": 277.0111309226765, "epsilon": 1.0075250137324017, "gamma": 0.07316538821764107}, "datetime": {"datetime": "2021-09-24 10:50:04", "elapsed": 91.507146, "delta": 0.861501}}
{"target": 0.4453051326421642, "params": {"C": 395.2142020324914, "epsilon": 2.922040725366833, "gamma": 0.007390557330987591}, "datetime": {"datetime": "2021-09-24 10:50:05", "elapsed": 92.572605, "delta": 1.065459}}
{"target": 0.35391696050076693, "params": {"C": 268.77868555710336, "epsilon": 1.9620587092711759, "gamma": 0.03463791584954382}, "datetime": {"datetime": "2021-09-24 10:50:06", "elapsed": 93.956869, "delta": 1.384264}}
{"target": 0.4213449068194536, "params": {"C": 322.85461079902916, "epsilon": 2.713978066140249, "gamma": 0.015466749054661617}, "datetime": {"datetime": "2021-09-24 10:50:07", "elapsed": 94.785078, "delta": 0.828209}}
{"target": 0.2130651085762051, "params": {"C": 349.84932053891555, "epsilon": 2.160526598107001, "gamma": 0.0839368098628048}, "datetime": {"datetime": "2021-09-24 10:50:08", "elapsed": 95.59381, "delta": 0.808732}}
{"target": 0.14141170731104258, "params": {"C": 339.2154476617007, "epsilon": 2.567432506600664, "gamma": 0.11152239946086057}, "datetime": {"datetime": "2021-09-24 10:50:08", "elapsed": 96.204617, "delta": 0.610807}}
{"target": 0.4336629681799872, "params": {"C": 283.9968180261728, "epsilon": 1.3028487332718524, "gamma": 0.014444025111552579}, "datetime": {"datetime": "2021-09-24 10:50:09", "elapsed": 96.999431, "delta": 0.794814}}
{"target": 0.20162422866641838, "params": {"C": 322.8859283646268, "epsilon": 2.701089242842911, "gamma": 0.09265131034370237}, "datetime": {"datetime": "2021-09-24 10:50:10", "elapsed": 98.01876, "delta": 1.019329}}
{"target": 0.28951855951874683, "params": {"C": 283.90524692161375, "epsilon": 1.3057340391828698, "gamma": 0.05890514886240218}, "datetime": {"datetime": "2021-09-24 10:50:11", "elapsed": 98.949146, "delta": 0.930386}}
{"target": 0.2452289767372683, "params": {"C": 395.2776739790951, "epsilon": 2.8500177826341573, "gamma": 0.06832628361533315}, "datetime": {"datetime": "2021-09-24 10:50:12", "elapsed": 99.759409, "delta": 0.810263}}
{"target": 0.14236243300533535, "params": {"C": 293.6562402077795, "epsilon": 0.902727193455901, "gamma": 0.13807329374516306}, "datetime": {"datetime": "2021-09-24 10:50:12", "elapsed": 100.385798, "delta": 0.626389}}
{"target": 0.36960684708230906, "params": {"C": 281.7706760125994, "epsilon": 0.748975239194967, "gamma": 0.029142751932207583}, "datetime": {"datetime": "2021-09-24 10:50:13", "elapsed": 101.440883, "delta": 1.055085}}
{"target": 0.18668590789555584, "params": {"C": 261.74021887826706, "epsilon": 1.2364929705274044, "gamma": 0.11582168101621527}, "datetime": {"datetime": "2021-09-24 10:50:14", "elapsed": 102.101456, "delta": 0.660573}}
{"target": 0.29657645201803395, "params": {"C": 296.22595202355456, "epsilon": 2.6743736521201016, "gamma": 0.05546448869030657}, "datetime": {"datetime": "2021-09-24 10:50:15", "elapsed": 103.059989, "delta": 0.958533}}
{"target": 0.42238407254853505, "params": {"C": 383.4807621671246, "epsilon": 1.3774432632888225, "gamma": 0.001}, "datetime": {"datetime": "2021-09-24 10:50:16", "elapsed": 104.204381, "delta": 1.144392}}
{"target": 0.42706855080928985, "params": {"C": 389.3063402524126, "epsilon": 0.39229572486612174, "gamma": 0.0033163617830352884}, "datetime": {"datetime": "2021-09-24 10:50:17", "elapsed": 104.897544, "delta": 0.693163}}
{"target": 0.2779844014095555, "params": {"C": 350.36494681188606, "epsilon": 1.598625621234893, "gamma": 0.057981297349231284}, "datetime": {"datetime": "2021-09-24 10:50:18", "elapsed": 105.576367, "delta": 0.678823}}
{"target": 0.2867788258785864, "params": {"C": 388.7995321782505, "epsilon": 0.5680516127093954, "gamma": 0.043562654319408436}, "datetime": {"datetime": "2021-09-24 10:50:18", "elapsed": 106.227224, "delta": 0.650857}}
{"target": 0.42273400930730765, "params": {"C": 389.3544979091708, "epsilon": 0.35197012253705445, "gamma": 0.01387048447292357}, "datetime": {"datetime": "2021-09-24 10:50:19", "elapsed": 107.270069, "delta": 1.042845}}
{"target": 0.27468565680741086, "params": {"C": 333.0470912080608, "epsilon": 0.4271745244114547, "gamma": 0.06089170192276809}, "datetime": {"datetime": "2021-09-24 10:50:20", "elapsed": 107.945122, "delta": 0.675053}}
{"target": 0.3063419942060813, "params": {"C": 322.7608717082459, "epsilon": 2.7990752651439346, "gamma": 0.04666224854432889}, "datetime": {"datetime": "2021-09-24 10:50:21", "elapsed": 108.945101, "delta": 0.999979}}
{"target": 0.28378901246014676, "params": {"C": 277.3491401524915, "epsilon": 1.4871363234250183, "gamma": 0.0695341811433529}, "datetime": {"datetime": "2021-09-24 10:50:22", "elapsed": 109.969994, "delta": 1.024893}}
{"target": 0.3867107199943792, "params": {"C": 366.73726038895643, "epsilon": 1.3738823576897299, "gamma": 0.02156386970063239}, "datetime": {"datetime": "2021-09-24 10:50:23", "elapsed": 110.753644, "delta": 0.78365}}
{"target": 0.14509288184165192, "params": {"C": 288.2238813375813, "epsilon": 1.7429587294066236, "gamma": 0.141742383413331}, "datetime": {"datetime": "2021-09-24 10:50:24", "elapsed": 111.61528, "delta": 0.861636}}
{"target": 0.41825216806603005, "params": {"C": 334.6966018686761, "epsilon": 2.6622646575980373, "gamma": 0.015724851979790993}, "datetime": {"datetime": "2021-09-24 10:50:25", "elapsed": 112.760885, "delta": 1.145605}}
{"target": 0.4211865373377862, "params": {"C": 268.7393501761586, "epsilon": 1.824485103883736, "gamma": 0.01775809790775176}, "datetime": {"datetime": "2021-09-24 10:50:26", "elapsed": 113.848298, "delta": 1.087413}}
{"target": 0.35286288578960734, "params": {"C": 334.6980561719089, "epsilon": 2.7290935648735934, "gamma": 0.029954397869989612}, "datetime": {"datetime": "2021-09-24 10:50:27", "elapsed": 115.347196, "delta": 1.498898}}
{"target": 0.4171637726043711, "params": {"C": 389.37514635536604, "epsilon": 0.43090290078964605, "gamma": 0.014714677862733536}, "datetime": {"datetime": "2021-09-24 10:50:29", "elapsed": 116.620585, "delta": 1.273389}}
{"target": 0.1539087242368241, "params": {"C": 334.7717932260033, "epsilon": 2.606934910371327, "gamma": 0.10616837853710845}, "datetime": {"datetime": "2021-09-24 10:50:30", "elapsed": 118.060157, "delta": 1.439572}}
{"target": 0.2777106325569274, "params": {"C": 370.4276212370967, "epsilon": 1.24805297842543, "gamma": 0.05092750410773502}, "datetime": {"datetime": "2021-09-24 10:50:31", "elapsed": 119.094248, "delta": 1.034091}}
{"target": 0.422813662200787, "params": {"C": 391.75917487523174, "epsilon": 0.4906736283056904, "gamma": 0.001}, "datetime": {"datetime": "2021-09-24 10:50:32", "elapsed": 120.426605, "delta": 1.332357}}
{"target": 0.426452197470913, "params": {"C": 316.35520487567004, "epsilon": 2.776296801738627, "gamma": 0.001}, "datetime": {"datetime": "2021-09-24 10:50:34", "elapsed": 121.731021, "delta": 1.304416}}
{"target": 0.25724937414032023, "params": {"C": 268.68724669562545, "epsilon": 1.88804759241225, "gamma": 0.08559279700966058}, "datetime": {"datetime": "2021-09-24 10:50:35", "elapsed": 122.910274, "delta": 1.179253}}
{"target": 0.23823741846629265, "params": {"C": 281.67155028872673, "epsilon": 0.7297382971751645, "gamma": 0.08994854007868869}, "datetime": {"datetime": "2021-09-24 10:50:37", "elapsed": 124.617579, "delta": 1.707305}}
{"target": 0.44711243087173624, "params": {"C": 343.8913637399822, "epsilon": 0.24158495786989684, "gamma": 0.009295219344112014}, "datetime": {"datetime": "2021-09-24 10:50:37", "elapsed": 125.448402, "delta": 0.830823}}
