{"target": -37.723739596233074, "params": {"C": 224.676870379213, "epsilon": 1.8903004237466459, "gamma": 0.01340025144445164}, "datetime": {"datetime": "2021-09-28 12:43:25", "elapsed": 285.460194, "delta": 1.600002}}
{"target": -38.46503950158146, "params": {"C": 234.9099403587432, "epsilon": 0.34708459960512283, "gamma": 0.021449558195011414}, "datetime": {"datetime": "2021-09-28 12:43:27", "elapsed": 286.92119, "delta": 1.460996}}
{"target": -39.27918386979355, "params": {"C": 257.6896068434365, "epsilon": 2.0344059402870163, "gamma": 0.03368469581580037}, "datetime": {"datetime": "2021-09-28 12:43:29", "elapsed": 288.974633, "delta": 2.053443}}
{"target": -46.51062179031335, "params": {"C": 171.1140202875567, "epsilon": 0.2866357429529406, "gamma": 0.14697624542474283}, "datetime": {"datetime": "2021-09-28 12:43:30", "elapsed": 290.481766, "delta": 1.507133}}
{"target": -36.876219441980055, "params": {"C": 224.30718034999262, "epsilon": 1.6532231342427057, "gamma": 0.005674657748225359}, "datetime": {"datetime": "2021-09-28 12:43:32", "elapsed": 292.77852, "delta": 2.296754}}
{"target": -39.180424854145244, "params": {"C": 223.77247815090885, "epsilon": 0.43911266342520777, "gamma": 0.03484571793977941}, "datetime": {"datetime": "2021-09-28 12:43:34", "elapsed": 294.222131, "delta": 1.443611}}
{"target": -39.795551513599484, "params": {"C": 164.7700858873892, "epsilon": 1.1968847245076402, "gamma": 0.05108366420019863}, "datetime": {"datetime": "2021-09-28 12:43:36", "elapsed": 296.474101, "delta": 2.25197}}
{"target": -39.03179087133366, "params": {"C": 234.89882440528334, "epsilon": 0.14748575074975998, "gamma": 0.027328965412020373}, "datetime": {"datetime": "2021-09-28 12:43:38", "elapsed": 298.552357, "delta": 2.078256}}
{"target": -39.03397202955951, "params": {"C": 224.3087268555252, "epsilon": 1.5197948266785581, "gamma": 0.031002114956496518}, "datetime": {"datetime": "2021-09-28 12:43:41", "elapsed": 300.80943, "delta": 2.257073}}
{"target": -47.2157073668177, "params": {"C": 178.21295655088124, "epsilon": 2.2834819508654802, "gamma": 0.15128200062125172}, "datetime": {"datetime": "2021-09-28 12:43:42", "elapsed": 302.263879, "delta": 1.454449}}
{"target": -38.54827542296235, "params": {"C": 164.99865722983205, "epsilon": 1.27501411990052, "gamma": 0.029150143842060973}, "datetime": {"datetime": "2021-09-28 12:43:45", "elapsed": 305.464268, "delta": 3.200389}}
{"target": -40.88483221292426, "params": {"C": 235.1158992761504, "epsilon": 0.20091244687144671, "gamma": 0.06377909590594508}, "datetime": {"datetime": "2021-09-28 12:43:47", "elapsed": 307.68833, "delta": 2.224062}}
{"target": -40.92309800937659, "params": {"C": 261.1501389507159, "epsilon": 2.0335020430641944, "gamma": 0.06443314544567158}, "datetime": {"datetime": "2021-09-28 12:43:49", "elapsed": 309.150045, "delta": 1.461715}}
{"target": -41.08501276658166, "params": {"C": 224.13711346193088, "epsilon": 1.6957358397264222, "gamma": 0.07188587310401226}, "datetime": {"datetime": "2021-09-28 12:43:51", "elapsed": 311.131046, "delta": 1.981001}}
{"target": -37.4083323988673, "params": {"C": 165.26297064680674, "epsilon": 1.2841932574535309, "gamma": 0.009289736829088693}, "datetime": {"datetime": "2021-09-28 12:43:53", "elapsed": 313.282784, "delta": 2.151738}}
{"target": -38.00227633157975, "params": {"C": 164.7600841773057, "epsilon": 1.432314421959674, "gamma": 0.016334890167012697}, "datetime": {"datetime": "2021-09-28 12:43:56", "elapsed": 315.823761, "delta": 2.540977}}
{"target": -40.61449939014212, "params": {"C": 215.31981591618774, "epsilon": 1.2339465202962432, "gamma": 0.06480881367510315}, "datetime": {"datetime": "2021-09-28 12:43:57", "elapsed": 317.274759, "delta": 1.450998}}
{"target": -40.40194956327338, "params": {"C": 165.42205587704748, "epsilon": 1.2121426456210935, "gamma": 0.06562262724634492}, "datetime": {"datetime": "2021-09-28 12:44:00", "elapsed": 320.669694, "delta": 3.394935}}
{"target": -36.766469675804345, "params": {"C": 216.80154253234997, "epsilon": 2.298679331513843, "gamma": 0.003541045448105494}, "datetime": {"datetime": "2021-09-28 12:44:03", "elapsed": 323.354347, "delta": 2.684653}}
{"target": -40.17510246711182, "params": {"C": 172.38177816919097, "epsilon": 2.2714001098759162, "gamma": 0.05986777153579714}, "datetime": {"datetime": "2021-09-28 12:44:05", "elapsed": 324.995486, "delta": 1.641139}}
{"target": -46.675155701115955, "params": {"C": 216.88486462673072, "epsilon": 2.2372862891087006, "gamma": 0.12905900817425203}, "datetime": {"datetime": "2021-09-28 12:44:07", "elapsed": 327.504102, "delta": 2.508616}}
{"target": -46.2242494296217, "params": {"C": 234.7275051101323, "epsilon": 0.41686594520820247, "gamma": 0.12066631896839758}, "datetime": {"datetime": "2021-09-28 12:44:09", "elapsed": 329.77194, "delta": 2.267838}}
{"target": -38.93304798104191, "params": {"C": 243.07633737151156, "epsilon": 0.6456711786752521, "gamma": 0.025704457538105227}, "datetime": {"datetime": "2021-09-28 12:44:12", "elapsed": 332.292795, "delta": 2.520855}}
{"target": -38.810220567789244, "params": {"C": 293.4726780231448, "epsilon": 1.5937547041357352, "gamma": 0.02188437340629843}, "datetime": {"datetime": "2021-09-28 12:44:13", "elapsed": 333.711793, "delta": 1.418998}}
{"target": -45.886730831343705, "params": {"C": 232.55621936990838, "epsilon": 1.0472501409367116, "gamma": 0.11755152379923502}, "datetime": {"datetime": "2021-09-28 12:44:15", "elapsed": 335.339794, "delta": 1.628001}}
{"target": -49.354515972098056, "params": {"C": 243.15529093918462, "epsilon": 0.7298800303899925, "gamma": 0.17778061287032065}, "datetime": {"datetime": "2021-09-28 12:44:17", "elapsed": 337.748049, "delta": 2.408255}}
{"target": -36.27089491576733, "params": {"C": 165.3535088852853, "epsilon": 1.425788279150605, "gamma": 0.001}, "datetime": {"datetime": "2021-09-28 12:44:20", "elapsed": 340.695624, "delta": 2.947575}}
{"target": -39.444031652678255, "params": {"C": 165.43905060740755, "epsilon": 1.5135212413945356, "gamma": 0.04621104092023632}, "datetime": {"datetime": "2021-09-28 12:44:23", "elapsed": 343.764703, "delta": 3.069079}}
{"target": -40.184310993828895, "params": {"C": 242.90646141292018, "epsilon": 0.5862172546574955, "gamma": 0.04763225415193921}, "datetime": {"datetime": "2021-09-28 12:44:27", "elapsed": 346.882562, "delta": 3.117859}}
{"target": -36.75362394900533, "params": {"C": 161.3858369316675, "epsilon": 0.0774661182704456, "gamma": 0.005188929111436505}, "datetime": {"datetime": "2021-09-28 12:44:30", "elapsed": 350.188962, "delta": 3.3064}}
{"target": -48.02604333066086, "params": {"C": 165.3024916894485, "epsilon": 1.3616070674018845, "gamma": 0.17659465555564158}, "datetime": {"datetime": "2021-09-28 12:44:33", "elapsed": 353.168865, "delta": 2.979903}}
{"target": -38.962112368718984, "params": {"C": 235.08283681987132, "epsilon": 0.4371259496413829, "gamma": 0.026508660661061608}, "datetime": {"datetime": "2021-09-28 12:44:36", "elapsed": 356.184328, "delta": 3.015463}}
{"target": -38.290606238369826, "params": {"C": 168.83510681635104, "epsilon": 2.3752000070317916, "gamma": 0.024332643587828422}, "datetime": {"datetime": "2021-09-28 12:44:39", "elapsed": 359.342295, "delta": 3.157967}}
{"target": -37.406191938504996, "params": {"C": 163.56104805284693, "epsilon": 2.1995717848299234, "gamma": 0.009872768978449298}, "datetime": {"datetime": "2021-09-28 12:44:41", "elapsed": 361.796726, "delta": 2.454431}}
{"target": -42.17156034557226, "params": {"C": 189.48435158752008, "epsilon": 2.561836724772556, "gamma": 0.08873805577746774}, "datetime": {"datetime": "2021-09-28 12:44:43", "elapsed": 363.455473, "delta": 1.658747}}
{"target": -46.88651831414236, "params": {"C": 163.57742841343085, "epsilon": 2.329427124029499, "gamma": 0.15382316905937765}, "datetime": {"datetime": "2021-09-28 12:44:46", "elapsed": 365.959975, "delta": 2.504502}}
{"target": -42.633644578087896, "params": {"C": 191.82548031587638, "epsilon": 0.6475747550852883, "gamma": 0.09493221466692384}, "datetime": {"datetime": "2021-09-28 12:44:47", "elapsed": 367.618225, "delta": 1.65825}}
{"target": -48.72007014146739, "params": {"C": 239.69524071076782, "epsilon": 0.13300659256873557, "gamma": 0.15653470267366112}, "datetime": {"datetime": "2021-09-28 12:44:49", "elapsed": 369.393764, "delta": 1.775539}}
{"target": -40.737256610945444, "params": {"C": 293.4773967554753, "epsilon": 1.7999317536026092, "gamma": 0.055004448575790614}, "datetime": {"datetime": "2021-09-28 12:44:53", "elapsed": 372.876119, "delta": 3.482355}}
{"target": -49.600791427423225, "params": {"C": 293.4431810725856, "epsilon": 1.4332658736791248, "gamma": 0.16128727712773683}, "datetime": {"datetime": "2021-09-28 12:44:56", "elapsed": 376.391784, "delta": 3.515665}}
{"target": -37.963919813909875, "params": {"C": 216.64263411837555, "epsilon": 2.260229166793872, "gamma": 0.015704077364788807}, "datetime": {"datetime": "2021-09-28 12:44:59", "elapsed": 379.560458, "delta": 3.168674}}
{"target": -40.33007046226787, "params": {"C": 193.80095517691578, "epsilon": 0.27882025990741016, "gamma": 0.05843428260014054}, "datetime": {"datetime": "2021-09-28 12:45:01", "elapsed": 381.386136, "delta": 1.825678}}
{"target": -36.652887936624076, "params": {"C": 165.5201527417101, "epsilon": 1.3803642896173514, "gamma": 0.003459094529187962}, "datetime": {"datetime": "2021-09-28 12:45:04", "elapsed": 384.366639, "delta": 2.980503}}
{"target": -40.916398442708264, "params": {"C": 165.67661832690374, "epsilon": 1.5304380637102033, "gamma": 0.07757521331363401}, "datetime": {"datetime": "2021-09-28 12:45:07", "elapsed": 387.291233, "delta": 2.924594}}
{"target": -48.431707922183456, "params": {"C": 223.7860911725263, "epsilon": 0.2790336927180855, "gamma": 0.1551278083174378}, "datetime": {"datetime": "2021-09-28 12:45:10", "elapsed": 390.142929, "delta": 2.851696}}
{"target": -48.61445448229612, "params": {"C": 206.10415031015697, "epsilon": 1.0919671195609628, "gamma": 0.1689773072613991}, "datetime": {"datetime": "2021-09-28 12:45:11", "elapsed": 391.732857, "delta": 1.589928}}
{"target": -36.18201342936456, "params": {"C": 223.74756248712038, "epsilon": 0.6225086200854383, "gamma": 0.001}, "datetime": {"datetime": "2021-09-28 12:45:16", "elapsed": 395.807497, "delta": 4.07464}}
{"target": -48.736618313373974, "params": {"C": 223.80800261952493, "epsilon": 0.7247892198923265, "gamma": 0.16428277971490654}, "datetime": {"datetime": "2021-09-28 12:45:19", "elapsed": 399.295504, "delta": 3.488007}}
{"target": -45.30680177110023, "params": {"C": 165.68460691394947, "epsilon": 1.2856959365152254, "gamma": 0.13277126863604208}, "datetime": {"datetime": "2021-09-28 12:45:22", "elapsed": 402.528323, "delta": 3.232819}}
{"target": -46.98973517663934, "params": {"C": 246.47603467712068, "epsilon": 0.8617205666071936, "gamma": 0.12470499211226563}, "datetime": {"datetime": "2021-09-28 12:45:24", "elapsed": 404.332324, "delta": 1.804001}}
{"target": -37.00574215475551, "params": {"C": 289.29437196093824, "epsilon": 0.8068337705605988, "gamma": 0.0072348898738851435}, "datetime": {"datetime": "2021-09-28 12:45:26", "elapsed": 405.945971, "delta": 1.613647}}
{"target": -49.823414465531286, "params": {"C": 289.15342767923636, "epsilon": 0.894895332193226, "gamma": 0.16849918983815873}, "datetime": {"datetime": "2021-09-28 12:45:28", "elapsed": 408.552319, "delta": 2.606348}}
{"target": -36.144584028762736, "params": {"C": 289.4340717196439, "epsilon": 0.7517531081801133, "gamma": 0.001}, "datetime": {"datetime": "2021-09-28 12:45:31", "elapsed": 411.653833, "delta": 3.101514}}
{"target": -36.89834343545019, "params": {"C": 289.3574647477195, "epsilon": 0.6759580227219533, "gamma": 0.0058788980381893376}, "datetime": {"datetime": "2021-09-28 12:45:34", "elapsed": 414.66608, "delta": 3.012247}}
{"target": -44.55906690613263, "params": {"C": 151.36967203383765, "epsilon": 0.6924476056102004, "gamma": 0.12990209991089677}, "datetime": {"datetime": "2021-09-28 12:45:36", "elapsed": 416.422742, "delta": 1.756662}}
{"target": -48.72991583536841, "params": {"C": 289.5387250831257, "epsilon": 0.7830892685085526, "gamma": 0.1389293182819079}, "datetime": {"datetime": "2021-09-28 12:45:39", "elapsed": 419.657907, "delta": 3.235165}}
{"target": -36.812580238252465, "params": {"C": 193.9944096436499, "epsilon": 0.15186603910873664, "gamma": 0.005623814376357117}, "datetime": {"datetime": "2021-09-28 12:45:43", "elapsed": 423.110951, "delta": 3.453044}}
{"target": -40.83913427755339, "params": {"C": 193.95870906758807, "epsilon": 0.30507936874948327, "gamma": 0.07274207752540028}, "datetime": {"datetime": "2021-09-28 12:45:46", "elapsed": 426.039603, "delta": 2.928652}}
{"target": -43.21104765272204, "params": {"C": 278.32871414139595, "epsilon": 1.2743699770640438, "gamma": 0.08522611119827334}, "datetime": {"datetime": "2021-09-28 12:45:48", "elapsed": 427.849603, "delta": 1.81}}
{"target": -39.089024563450835, "params": {"C": 193.8506154263832, "epsilon": 0.027939210954783644, "gamma": 0.033396108875362214}, "datetime": {"datetime": "2021-09-28 12:45:52", "elapsed": 431.942801, "delta": 4.093198}}
{"target": -48.473856334271595, "params": {"C": 194.02406887326998, "epsilon": 0.004960874924670016, "gamma": 0.17167022403662024}, "datetime": {"datetime": "2021-09-28 12:45:55", "elapsed": 435.59731, "delta": 3.654509}}
{"target": -39.120029971249075, "params": {"C": 223.53858463473216, "epsilon": 0.6222327575880381, "gamma": 0.033483607777374524}, "datetime": {"datetime": "2021-09-28 12:45:59", "elapsed": 439.587725, "delta": 3.990415}}
{"target": -36.18735522801615, "params": {"C": 267.03691649155195, "epsilon": 1.0495361489057713, "gamma": 0.001}, "datetime": {"datetime": "2021-09-28 12:46:04", "elapsed": 444.087283, "delta": 4.499558}}
{"target": -41.03207659445236, "params": {"C": 267.1433198063504, "epsilon": 0.9659343571260295, "gamma": 0.06325916270881547}, "datetime": {"datetime": "2021-09-28 12:46:08", "elapsed": 448.143255, "delta": 4.055972}}
{"target": -41.865929757941345, "params": {"C": 164.55462831918518, "epsilon": 1.3803573484002731, "gamma": 0.09054981562791775}, "datetime": {"datetime": "2021-09-28 12:46:11", "elapsed": 451.556522, "delta": 3.413267}}
{"target": -44.106925323346054, "params": {"C": 190.96852508628444, "epsilon": 0.20216395862189218, "gamma": 0.11176771264427376}, "datetime": {"datetime": "2021-09-28 12:46:14", "elapsed": 454.54092, "delta": 2.984398}}
{"target": -43.447906794065524, "params": {"C": 255.2355966195152, "epsilon": 1.6546092893287947, "gamma": 0.09115014783540928}, "datetime": {"datetime": "2021-09-28 12:46:16", "elapsed": 456.587917, "delta": 2.046997}}
{"target": -40.35803201810237, "params": {"C": 191.26578394479424, "epsilon": 0.02142525864975916, "gamma": 0.058905357046227826}, "datetime": {"datetime": "2021-09-28 12:46:20", "elapsed": 459.870809, "delta": 3.282892}}
{"target": -36.73426475850441, "params": {"C": 223.69488776471303, "epsilon": 0.5116394409143012, "gamma": 0.00448252580429708}, "datetime": {"datetime": "2021-09-28 12:46:22", "elapsed": 462.574256, "delta": 2.703447}}
{"target": -38.39313617276895, "params": {"C": 289.4310919339955, "epsilon": 0.523211664563426, "gamma": 0.018646909540804866}, "datetime": {"datetime": "2021-09-28 12:46:26", "elapsed": 465.861219, "delta": 3.286963}}
{"target": -37.70697868414741, "params": {"C": 165.20493691163773, "epsilon": 1.1319263330439377, "gamma": 0.01437624885894908}, "datetime": {"datetime": "2021-09-28 12:46:29", "elapsed": 468.887638, "delta": 3.026419}}
{"target": -41.013794945169856, "params": {"C": 277.8249928657149, "epsilon": 1.9362094808581793, "gamma": 0.06299032416117299}, "datetime": {"datetime": "2021-09-28 12:46:30", "elapsed": 470.675341, "delta": 1.787703}}
{"target": -47.83815570458847, "params": {"C": 165.1097882099275, "epsilon": 0.9281010341565904, "gamma": 0.17161891290497677}, "datetime": {"datetime": "2021-09-28 12:46:34", "elapsed": 474.103758, "delta": 3.428417}}
{"target": -38.6976533642106, "params": {"C": 287.08675280827697, "epsilon": 1.1457214552057189, "gamma": 0.02008064058267389}, "datetime": {"datetime": "2021-09-28 12:46:36", "elapsed": 476.053066, "delta": 1.949308}}
{"target": -40.409703119155296, "params": {"C": 175.74893900396842, "epsilon": 2.99480505766839, "gamma": 0.06680061773653355}, "datetime": {"datetime": "2021-09-28 12:46:38", "elapsed": 477.90633, "delta": 1.853264}}
{"target": -47.80475804138666, "params": {"C": 287.26232601991484, "epsilon": 1.169820881672546, "gamma": 0.12233240844183389}, "datetime": {"datetime": "2021-09-28 12:46:41", "elapsed": 481.451562, "delta": 3.545232}}
{"target": -39.930214416798314, "params": {"C": 286.97256778199124, "epsilon": 1.0011290167504028, "gamma": 0.03707235206516585}, "datetime": {"datetime": "2021-09-28 12:46:45", "elapsed": 485.660443, "delta": 4.208881}}
{"target": -40.188810739177285, "params": {"C": 283.07741262845866, "epsilon": 1.8567980318414132, "gamma": 0.04745558965946785}, "datetime": {"datetime": "2021-09-28 12:46:50", "elapsed": 489.969132, "delta": 4.308689}}
{"target": -48.622808157663556, "params": {"C": 286.86589265177037, "epsilon": 1.1947607964740303, "gamma": 0.13748529778003218}, "datetime": {"datetime": "2021-09-28 12:46:54", "elapsed": 494.250454, "delta": 4.281322}}
{"target": -43.390552049789484, "params": {"C": 181.60323089990118, "epsilon": 2.312221460734765, "gamma": 0.10497558017994883}, "datetime": {"datetime": "2021-09-28 12:46:56", "elapsed": 496.317128, "delta": 2.066674}}
{"target": -43.59628726678907, "params": {"C": 224.4270108203292, "epsilon": 1.667513605701554, "gamma": 0.09854033854270809}, "datetime": {"datetime": "2021-09-28 12:47:00", "elapsed": 500.328766, "delta": 4.011638}}
{"target": -39.95712619847386, "params": {"C": 266.9926814343449, "epsilon": 1.1687873146963708, "gamma": 0.039579522166048015}, "datetime": {"datetime": "2021-09-28 12:47:03", "elapsed": 503.802844, "delta": 3.474078}}
{"target": -38.29228808529666, "params": {"C": 257.69406405637426, "epsilon": 1.896875377250867, "gamma": 0.019026931957695732}, "datetime": {"datetime": "2021-09-28 12:47:07", "elapsed": 507.638294, "delta": 3.83545}}
{"target": -39.24925060058209, "params": {"C": 224.55089131185525, "epsilon": 2.3344252516051305, "gamma": 0.03699138015213888}, "datetime": {"datetime": "2021-09-28 12:47:12", "elapsed": 511.986459, "delta": 4.348165}}
{"target": -36.82448279986882, "params": {"C": 215.92487530948551, "epsilon": 2.17672570248778, "gamma": 0.006058540540871017}, "datetime": {"datetime": "2021-09-28 12:47:15", "elapsed": 515.328204, "delta": 3.341745}}
{"target": -48.203694156322136, "params": {"C": 215.96137292916956, "epsilon": 2.1496860360660364, "gamma": 0.15268984061382465}, "datetime": {"datetime": "2021-09-28 12:47:19", "elapsed": 518.93147, "delta": 3.603266}}
{"target": -40.396193550455116, "params": {"C": 161.2495368845319, "epsilon": 1.0274112478919009, "gamma": 0.06600291501365552}, "datetime": {"datetime": "2021-09-28 12:47:22", "elapsed": 521.966008, "delta": 3.034538}}
{"target": -36.19032226576936, "params": {"C": 194.14282857146017, "epsilon": 0.21460880782717479, "gamma": 0.001}, "datetime": {"datetime": "2021-09-28 12:47:25", "elapsed": 525.556304, "delta": 3.590296}}
{"target": -36.91007638746326, "params": {"C": 194.19055683267138, "epsilon": 0.42860309585839285, "gamma": 0.006797106347709164}, "datetime": {"datetime": "2021-09-28 12:47:29", "elapsed": 529.553796, "delta": 3.997492}}
{"target": -38.93484049512809, "params": {"C": 194.2267280963195, "epsilon": 0.3119007704158623, "gamma": 0.02990005473513663}, "datetime": {"datetime": "2021-09-28 12:47:33", "elapsed": 533.258917, "delta": 3.705121}}
{"target": -39.12482809331125, "params": {"C": 194.40748288982388, "epsilon": 0.5751791197392541, "gamma": 0.03680641525540263}, "datetime": {"datetime": "2021-09-28 12:47:37", "elapsed": 537.615163, "delta": 4.356246}}
{"target": -47.19061056365926, "params": {"C": 242.7331176341126, "epsilon": 0.0803632164710174, "gamma": 0.1284523637064085}, "datetime": {"datetime": "2021-09-28 12:47:39", "elapsed": 539.725271, "delta": 2.110108}}
{"target": -39.992400791698195, "params": {"C": 190.25704794584004, "epsilon": 2.5038595244139117, "gamma": 0.05320203833215907}, "datetime": {"datetime": "2021-09-28 12:47:41", "elapsed": 541.790957, "delta": 2.065686}}
{"target": -39.08488677853171, "params": {"C": 194.2630852152489, "epsilon": 0.5888246038033549, "gamma": 0.03491049772247403}, "datetime": {"datetime": "2021-09-28 12:47:46", "elapsed": 546.016946, "delta": 4.225989}}
{"target": -37.38249937116994, "params": {"C": 215.82707479086338, "epsilon": 2.320909635746217, "gamma": 0.010697853923162363}, "datetime": {"datetime": "2021-09-28 12:47:49", "elapsed": 549.757584, "delta": 3.740638}}
{"target": -39.277638298702634, "params": {"C": 215.70435591588057, "epsilon": 2.117050901999749, "gamma": 0.03791701394979807}, "datetime": {"datetime": "2021-09-28 12:47:53", "elapsed": 553.251171, "delta": 3.493587}}
{"target": -40.07926244350964, "params": {"C": 194.08473451260247, "epsilon": 0.5000082634799954, "gamma": 0.05091025679253937}, "datetime": {"datetime": "2021-09-28 12:47:57", "elapsed": 556.814687, "delta": 3.563516}}
{"target": -39.839270046994116, "params": {"C": 186.1357922231448, "epsilon": 2.6255320200146572, "gamma": 0.049514405566539105}, "datetime": {"datetime": "2021-09-28 12:47:58", "elapsed": 558.789576, "delta": 1.974889}}
{"target": -39.94320945711988, "params": {"C": 215.53925224367345, "epsilon": 2.334081526060783, "gamma": 0.04949149052460309}, "datetime": {"datetime": "2021-09-28 12:48:02", "elapsed": 562.649934, "delta": 3.860358}}
{"target": -49.002233161948816, "params": {"C": 224.48574229409758, "epsilon": 2.2092334648714296, "gamma": 0.1760670540196048}, "datetime": {"datetime": "2021-09-28 12:48:06", "elapsed": 566.506275, "delta": 3.856341}}
