{"target": -43.148090689846306, "params": {"C": 80.01493440688837, "epsilon": 2.647498507124299, "gamma": 0.010786264430676172}, "datetime": {"datetime": "2021-09-24 15:52:32", "elapsed": 228.130979, "delta": 2.166349}}
{"target": -44.10563242141192, "params": {"C": 79.96434222107233, "epsilon": 2.613145329783242, "gamma": 0.049946952682531055}, "datetime": {"datetime": "2021-09-24 15:52:34", "elapsed": 230.251863, "delta": 2.120884}}
{"target": -43.53100185850261, "params": {"C": 90.20324681339258, "epsilon": 1.7542194467528198, "gamma": 0.03769224219673291}, "datetime": {"datetime": "2021-09-24 15:52:36", "elapsed": 232.231862, "delta": 1.979999}}
{"target": -44.89779382966876, "params": {"C": 90.81235529438597, "epsilon": 0.8230366656000034, "gamma": 0.0007}, "datetime": {"datetime": "2021-09-24 15:52:38", "elapsed": 234.296892, "delta": 2.06503}}
{"target": -43.33472579449234, "params": {"C": 62.14946901082175, "epsilon": 2.0265874817665073, "gamma": 0.004383418940460123}, "datetime": {"datetime": "2021-09-24 15:52:40", "elapsed": 236.221889, "delta": 1.924997}}
{"target": -43.01922141780647, "params": {"C": 74.59082605030295, "epsilon": 0.6099624120700484, "gamma": 0.01947586475653685}, "datetime": {"datetime": "2021-09-24 15:52:42", "elapsed": 237.762419, "delta": 1.54053}}
{"target": -43.098871212680386, "params": {"C": 93.03525991589366, "epsilon": 2.2220910292181473, "gamma": 0.010936482444183836}, "datetime": {"datetime": "2021-09-24 15:52:44", "elapsed": 240.378125, "delta": 2.615706}}
{"target": -43.60454826879157, "params": {"C": 94.46113681131197, "epsilon": 2.1457694119397575, "gamma": 0.03810620180490951}, "datetime": {"datetime": "2021-09-24 15:52:46", "elapsed": 241.947414, "delta": 1.569289}}
{"target": -45.16753484801688, "params": {"C": 97.25483412834627, "epsilon": 0.6083780236578337, "gamma": 0.07597721940232126}, "datetime": {"datetime": "2021-09-24 15:52:48", "elapsed": 243.819762, "delta": 1.872348}}
{"target": -44.21188343317226, "params": {"C": 80.96498091190676, "epsilon": 1.1255061606486223, "gamma": 0.05308693960006744}, "datetime": {"datetime": "2021-09-24 15:52:50", "elapsed": 245.956212, "delta": 2.13645}}
{"target": -44.238365414344806, "params": {"C": 98.25547122978521, "epsilon": 2.580086667153824, "gamma": 0.050063941039238787}, "datetime": {"datetime": "2021-09-24 15:52:52", "elapsed": 248.048241, "delta": 2.092029}}
{"target": -43.325241816977645, "params": {"C": 73.6275632542879, "epsilon": 3.219063841108453, "gamma": 0.032221294759236005}, "datetime": {"datetime": "2021-09-24 15:52:53", "elapsed": 249.163622, "delta": 1.115381}}
{"target": -44.04012479912231, "params": {"C": 62.55836431735392, "epsilon": 2.433876792096493, "gamma": 0.0017716573794303264}, "datetime": {"datetime": "2021-09-24 15:52:55", "elapsed": 251.031136, "delta": 1.867514}}
{"target": -44.57099651461447, "params": {"C": 62.12106936868379, "epsilon": 2.0148072700396535, "gamma": 0.06808164863842127}, "datetime": {"datetime": "2021-09-24 15:52:57", "elapsed": 253.3502, "delta": 2.319064}}
{"target": -43.233445292058335, "params": {"C": 99.56824447332124, "epsilon": 2.9695528838445853, "gamma": 0.024317695065989357}, "datetime": {"datetime": "2021-09-24 15:52:59", "elapsed": 255.177399, "delta": 1.827199}}
{"target": -45.144441321769285, "params": {"C": 83.62573609905765, "epsilon": 3.215078670880186, "gamma": 0.0007}, "datetime": {"datetime": "2021-09-24 15:53:02", "elapsed": 257.741331, "delta": 2.563932}}
{"target": -45.849056965803136, "params": {"C": 68.20915705114311, "epsilon": 2.360611970897045, "gamma": 0.0007}, "datetime": {"datetime": "2021-09-24 15:53:04", "elapsed": 259.762897, "delta": 2.021566}}
{"target": -43.38047805921114, "params": {"C": 72.6293442499297, "epsilon": 3.2770993727847, "gamma": 0.027599283139469948}, "datetime": {"datetime": "2021-09-24 15:53:06", "elapsed": 262.055961, "delta": 2.293064}}
{"target": -43.987721200569844, "params": {"C": 72.05019732790986, "epsilon": 0.32785720339362134, "gamma": 0.046192423267833745}, "datetime": {"datetime": "2021-09-24 15:53:07", "elapsed": 263.123404, "delta": 1.067443}}
{"target": -43.509344909007496, "params": {"C": 57.460592723063655, "epsilon": 3.0354979780618163, "gamma": 0.033356814041925455}, "datetime": {"datetime": "2021-09-24 15:53:08", "elapsed": 264.265708, "delta": 1.142304}}
{"target": -43.736595039383424, "params": {"C": 64.43532746683792, "epsilon": 3.4518886428977265, "gamma": 0.002162860224574997}, "datetime": {"datetime": "2021-09-24 15:53:10", "elapsed": 266.012373, "delta": 1.746665}}
{"target": -43.19475535903866, "params": {"C": 68.26730282647787, "epsilon": 2.3145873513075284, "gamma": 0.016134510702412758}, "datetime": {"datetime": "2021-09-24 15:53:12", "elapsed": 267.851653, "delta": 1.83928}}
{"target": -42.90896004111247, "params": {"C": 93.06143995857818, "epsilon": 2.280028688600848, "gamma": 0.016968868859093118}, "datetime": {"datetime": "2021-09-24 15:53:13", "elapsed": 269.348601, "delta": 1.496948}}
{"target": -43.23315966112623, "params": {"C": 88.31727322894852, "epsilon": 1.901760003105482, "gamma": 0.027833098559423744}, "datetime": {"datetime": "2021-09-24 15:53:16", "elapsed": 271.532963, "delta": 2.184362}}
{"target": -43.258142785526566, "params": {"C": 64.52855927253128, "epsilon": 3.35814348237901, "gamma": 0.012488948018359536}, "datetime": {"datetime": "2021-09-24 15:53:17", "elapsed": 272.999979, "delta": 1.467016}}
{"target": -43.53044074589242, "params": {"C": 93.05252352000467, "epsilon": 2.247075404243955, "gamma": 0.03720660210537794}, "datetime": {"datetime": "2021-09-24 15:53:19", "elapsed": 275.026512, "delta": 2.026533}}
{"target": -45.27316822777568, "params": {"C": 77.2980590617695, "epsilon": 2.6187834327305577, "gamma": 0.08716796318443071}, "datetime": {"datetime": "2021-09-24 15:53:21", "elapsed": 276.564071, "delta": 1.537559}}
{"target": -43.06454528838958, "params": {"C": 88.87680452625477, "epsilon": 3.311603840897802, "gamma": 0.009157763946390472}, "datetime": {"datetime": "2021-09-24 15:53:23", "elapsed": 279.337845, "delta": 2.773774}}
{"target": -42.90994934984907, "params": {"C": 97.26723861928407, "epsilon": 2.5139548205742464, "gamma": 0.016849491239166684}, "datetime": {"datetime": "2021-09-24 15:53:26", "elapsed": 282.023828, "delta": 2.685983}}
{"target": -42.951318451062065, "params": {"C": 74.54502506578676, "epsilon": 0.6215444018804723, "gamma": 0.01842081519826862}, "datetime": {"datetime": "2021-09-24 15:53:28", "elapsed": 284.219189, "delta": 2.195361}}
{"target": -45.64664824020665, "params": {"C": 73.60254749592512, "epsilon": 3.2222368662689993, "gamma": 0.0007}, "datetime": {"datetime": "2021-09-24 15:53:31", "elapsed": 286.644431, "delta": 2.425242}}
{"target": -43.15257316932358, "params": {"C": 99.52993347491534, "epsilon": 3.0012837882444647, "gamma": 0.00609403370108115}, "datetime": {"datetime": "2021-09-24 15:53:33", "elapsed": 289.214815, "delta": 2.570384}}
{"target": -43.201307132168786, "params": {"C": 80.98039288954878, "epsilon": 1.0936847500109952, "gamma": 0.006990310313858559}, "datetime": {"datetime": "2021-09-24 15:53:35", "elapsed": 291.036352, "delta": 1.821537}}
{"target": -43.438354801346186, "params": {"C": 64.50034404280123, "epsilon": 3.404965564969707, "gamma": 0.035428212797651855}, "datetime": {"datetime": "2021-09-24 15:53:37", "elapsed": 293.117782, "delta": 2.08143}}
{"target": -44.01465604843191, "params": {"C": 63.16145052917336, "epsilon": 3.4199705893121197, "gamma": 0.04937256390336618}, "datetime": {"datetime": "2021-09-24 15:53:39", "elapsed": 294.745008, "delta": 1.627226}}
{"target": -43.15681351949615, "params": {"C": 93.01975616229251, "epsilon": 2.29220774626795, "gamma": 0.028616099423704494}, "datetime": {"datetime": "2021-09-24 15:53:41", "elapsed": 296.613156, "delta": 1.868148}}
{"target": -44.24209742841665, "params": {"C": 63.941826771958794, "epsilon": 0.8859192323069672, "gamma": 0.052808764896232055}, "datetime": {"datetime": "2021-09-24 15:53:42", "elapsed": 298.256112, "delta": 1.642956}}
{"target": -45.42949553416057, "params": {"C": 79.89841357025594, "epsilon": 0.2047469731570124, "gamma": 0.08698265908097515}, "datetime": {"datetime": "2021-09-24 15:53:44", "elapsed": 299.920845, "delta": 1.664733}}
{"target": -43.63792209542179, "params": {"C": 64.47221800230572, "epsilon": 3.3827216264270263, "gamma": 0.04253349943054031}, "datetime": {"datetime": "2021-09-24 15:53:47", "elapsed": 302.805136, "delta": 2.884291}}
{"target": -43.60863711951195, "params": {"C": 68.29148747499826, "epsilon": 2.3345039802260383, "gamma": 0.040925225938604905}, "datetime": {"datetime": "2021-09-24 15:53:50", "elapsed": 306.1262, "delta": 3.321064}}
{"target": -43.24334084027921, "params": {"C": 88.8275937603081, "epsilon": 3.365641592981543, "gamma": 0.027107659050553522}, "datetime": {"datetime": "2021-09-24 15:53:52", "elapsed": 308.272793, "delta": 2.146593}}
{"target": -43.47126163680062, "params": {"C": 64.60031839230525, "epsilon": 0.39777140107783204, "gamma": 0.032561588056949475}, "datetime": {"datetime": "2021-09-24 15:53:54", "elapsed": 309.828107, "delta": 1.555314}}
{"target": -43.288463922264995, "params": {"C": 73.29940210613594, "epsilon": 0.4331259310540486, "gamma": 0.026074135814281845}, "datetime": {"datetime": "2021-09-24 15:53:56", "elapsed": 312.038666, "delta": 2.210559}}
{"target": -43.30513640263446, "params": {"C": 50.61918092778367, "epsilon": 3.7266502377466733, "gamma": 0.010095182649656163}, "datetime": {"datetime": "2021-09-24 15:53:58", "elapsed": 314.417143, "delta": 2.378477}}
{"target": -43.248560934192966, "params": {"C": 50.62371818785413, "epsilon": 3.6838698111248105, "gamma": 0.010917460204958377}, "datetime": {"datetime": "2021-09-24 15:54:01", "elapsed": 316.641157, "delta": 2.224014}}
{"target": -45.48820349707511, "params": {"C": 68.70138343671898, "epsilon": 1.4741945530700309, "gamma": 0.09388517659808342}, "datetime": {"datetime": "2021-09-24 15:54:02", "elapsed": 318.199463, "delta": 1.558306}}
{"target": -43.14847113388796, "params": {"C": 83.58369966571999, "epsilon": 3.2522417085237505, "gamma": 0.010185481881506241}, "datetime": {"datetime": "2021-09-24 15:54:05", "elapsed": 320.787797, "delta": 2.588334}}
{"target": -43.43426044827487, "params": {"C": 90.24002246614094, "epsilon": 1.7656258335273174, "gamma": 0.035586345111874855}, "datetime": {"datetime": "2021-09-24 15:54:08", "elapsed": 324.108269, "delta": 3.320472}}
{"target": -43.38037716324154, "params": {"C": 74.57340540764193, "epsilon": 0.5798426206206302, "gamma": 0.029710540436026587}, "datetime": {"datetime": "2021-09-24 15:54:10", "elapsed": 326.356366, "delta": 2.248097}}
{"target": -44.83473864281807, "params": {"C": 82.1586782257069, "epsilon": 1.169400016482347, "gamma": 0.06932517160194401}, "datetime": {"datetime": "2021-09-24 15:54:12", "elapsed": 327.815361, "delta": 1.458995}}
{"target": -43.83392616142662, "params": {"C": 50.6038234353474, "epsilon": 3.701424479358975, "gamma": 0.04547819120502365}, "datetime": {"datetime": "2021-09-24 15:54:15", "elapsed": 330.586361, "delta": 2.771}}
{"target": -43.44050796474521, "params": {"C": 63.7138931821617, "epsilon": 0.07983385596654974, "gamma": 0.029077744831975928}, "datetime": {"datetime": "2021-09-24 15:54:17", "elapsed": 332.911041, "delta": 2.32468}}
{"target": -43.161346062531166, "params": {"C": 74.5720297442518, "epsilon": 0.6399281991089348, "gamma": 0.02290261191546221}, "datetime": {"datetime": "2021-09-24 15:54:19", "elapsed": 335.375697, "delta": 2.464656}}
{"target": -43.394341334085304, "params": {"C": 88.81283580317142, "epsilon": 3.325089224306887, "gamma": 0.005038308637282419}, "datetime": {"datetime": "2021-09-24 15:54:21", "elapsed": 337.346471, "delta": 1.970774}}
{"target": -44.83060850295251, "params": {"C": 50.45655734461255, "epsilon": 0.9453207716813923, "gamma": 0.0722082598947042}, "datetime": {"datetime": "2021-09-24 15:54:23", "elapsed": 338.793739, "delta": 1.447268}}
{"target": -43.399957689465936, "params": {"C": 74.51452901531263, "epsilon": 0.5897793437246545, "gamma": 0.03050926911902732}, "datetime": {"datetime": "2021-09-24 15:54:25", "elapsed": 341.056731, "delta": 2.262992}}
{"target": -43.260288614122494, "params": {"C": 88.87743705608639, "epsilon": 3.3584320197064668, "gamma": 0.02277067681577497}, "datetime": {"datetime": "2021-09-24 15:54:27", "elapsed": 342.994358, "delta": 1.937627}}
{"target": -45.52131356125074, "params": {"C": 74.90042527892308, "epsilon": 1.6585021189900229, "gamma": 0.0007}, "datetime": {"datetime": "2021-09-24 15:54:30", "elapsed": 345.530099, "delta": 2.535741}}
{"target": -44.08368598979207, "params": {"C": 92.77623804713198, "epsilon": 1.7156548212551699, "gamma": 0.04742431755300861}, "datetime": {"datetime": "2021-09-24 15:54:31", "elapsed": 346.83833, "delta": 1.308231}}
{"target": -43.102956456356615, "params": {"C": 88.75827563500393, "epsilon": 3.275673438514638, "gamma": 0.019034017627127416}, "datetime": {"datetime": "2021-09-24 15:54:34", "elapsed": 349.643751, "delta": 2.805421}}
{"target": -44.030215443482184, "params": {"C": 88.80302982114043, "epsilon": 3.3323406260011343, "gamma": 0.04689083315643135}, "datetime": {"datetime": "2021-09-24 15:54:36", "elapsed": 352.118214, "delta": 2.474463}}
{"target": -43.724514412335104, "params": {"C": 66.76452654250956, "epsilon": 0.6343171961200256, "gamma": 0.042667058274471904}, "datetime": {"datetime": "2021-09-24 15:54:39", "elapsed": 354.529255, "delta": 2.411041}}
{"target": -43.38536923431463, "params": {"C": 98.25930011513736, "epsilon": 2.547082751103019, "gamma": 0.0024732790121299924}, "datetime": {"datetime": "2021-09-24 15:54:41", "elapsed": 357.380885, "delta": 2.85163}}
{"target": -43.392572561610216, "params": {"C": 97.28444292807863, "epsilon": 2.533406854185689, "gamma": 0.0031955972770185514}, "datetime": {"datetime": "2021-09-24 15:54:44", "elapsed": 359.865631, "delta": 2.484746}}
{"target": -45.084472922625665, "params": {"C": 97.25125819080912, "epsilon": 0.25730947186159847, "gamma": 0.07237419856018931}, "datetime": {"datetime": "2021-09-24 15:54:45", "elapsed": 361.305388, "delta": 1.439757}}
{"target": -43.4998754056985, "params": {"C": 84.12929189105714, "epsilon": 1.7720049504242636, "gamma": 0.0048073255069998886}, "datetime": {"datetime": "2021-09-24 15:54:48", "elapsed": 363.681943, "delta": 2.376555}}
{"target": -43.3933973659555, "params": {"C": 50.62001794832794, "epsilon": 3.723424952989197, "gamma": 0.00736019241445636}, "datetime": {"datetime": "2021-09-24 15:54:49", "elapsed": 365.12539, "delta": 1.443447}}
{"target": -44.35671150125047, "params": {"C": 68.24929854473584, "epsilon": 2.3444362946844906, "gamma": 0.06005686782629108}, "datetime": {"datetime": "2021-09-24 15:54:51", "elapsed": 367.083428, "delta": 1.958038}}
{"target": -43.419712498937784, "params": {"C": 74.26090358596282, "epsilon": 3.7240291913410593, "gamma": 0.03405484739900406}, "datetime": {"datetime": "2021-09-24 15:54:53", "elapsed": 369.027295, "delta": 1.943867}}
{"target": -43.232387034942036, "params": {"C": 92.99954667663606, "epsilon": 2.2261679326082753, "gamma": 0.025668872875400255}, "datetime": {"datetime": "2021-09-24 15:54:55", "elapsed": 370.936759, "delta": 1.909464}}
{"target": -43.295188692585285, "params": {"C": 94.18553384712962, "epsilon": 2.2399578493210104, "gamma": 0.03252255179758864}, "datetime": {"datetime": "2021-09-24 15:54:56", "elapsed": 372.131259, "delta": 1.1945}}
{"target": -43.415137968676646, "params": {"C": 92.60833095523827, "epsilon": 2.591781140049007, "gamma": 0.035089045749745695}, "datetime": {"datetime": "2021-09-24 15:54:58", "elapsed": 373.597689, "delta": 1.46643}}
{"target": -43.02392384674528, "params": {"C": 99.46535921512614, "epsilon": 2.967423185261159, "gamma": 0.008872374471707014}, "datetime": {"datetime": "2021-09-24 15:55:00", "elapsed": 375.546224, "delta": 1.948535}}
{"target": -43.20649220412545, "params": {"C": 88.76312757199324, "epsilon": 3.3216180114364993, "gamma": 0.010730121980527967}, "datetime": {"datetime": "2021-09-24 15:55:02", "elapsed": 378.358509, "delta": 2.812285}}
{"target": -43.55298653510493, "params": {"C": 58.58297966798948, "epsilon": 3.993123067336948, "gamma": 0.037202800789037885}, "datetime": {"datetime": "2021-09-24 15:55:04", "elapsed": 379.704275, "delta": 1.345766}}
{"target": -43.10189268027299, "params": {"C": 97.23489408873287, "epsilon": 0.6105672430631577, "gamma": 0.008625470066301748}, "datetime": {"datetime": "2021-09-24 15:55:06", "elapsed": 382.005679, "delta": 2.301404}}
{"target": -44.81946047775602, "params": {"C": 73.57904250895268, "epsilon": 3.1794721574012828, "gamma": 0.07557206484350255}, "datetime": {"datetime": "2021-09-24 15:55:08", "elapsed": 384.221796, "delta": 2.216117}}
{"target": -43.787899064220895, "params": {"C": 88.86601822702849, "epsilon": 3.3274183975852836, "gamma": 0.04136831431818619}, "datetime": {"datetime": "2021-09-24 15:55:10", "elapsed": 386.403861, "delta": 2.182065}}
{"target": -43.31756563581634, "params": {"C": 83.60633575066495, "epsilon": 3.3050187772714947, "gamma": 0.026162704210756692}, "datetime": {"datetime": "2021-09-24 15:55:13", "elapsed": 388.717126, "delta": 2.313265}}
{"target": -44.264549468398236, "params": {"C": 60.534410299967064, "epsilon": 3.089536245120713, "gamma": 0.058380307887535864}, "datetime": {"datetime": "2021-09-24 15:55:14", "elapsed": 389.890954, "delta": 1.173828}}
{"target": -43.100461293817446, "params": {"C": 83.50454336777264, "epsilon": 3.205606360225549, "gamma": 0.013744456067654932}, "datetime": {"datetime": "2021-09-24 15:55:16", "elapsed": 391.779628, "delta": 1.888674}}
{"target": -43.0535965635461, "params": {"C": 98.65285761354558, "epsilon": 1.9277059650561492, "gamma": 0.009170472528497996}, "datetime": {"datetime": "2021-09-24 15:55:17", "elapsed": 393.036081, "delta": 1.256453}}
{"target": -46.672539497771446, "params": {"C": 53.83782777923837, "epsilon": 1.0794763884752205, "gamma": 0.0007}, "datetime": {"datetime": "2021-09-24 15:55:19", "elapsed": 395.09779, "delta": 2.061709}}
{"target": -44.77085761435917, "params": {"C": 99.58079731912744, "epsilon": 2.998077035028475, "gamma": 0.0007}, "datetime": {"datetime": "2021-09-24 15:55:22", "elapsed": 397.671499, "delta": 2.573709}}
{"target": -42.703239194527534, "params": {"C": 97.27382759054191, "epsilon": 0.6372594849277925, "gamma": 0.014927694174474563}, "datetime": {"datetime": "2021-09-24 15:55:24", "elapsed": 399.891181, "delta": 2.219682}}
{"target": -43.003242756712794, "params": {"C": 90.16727624816986, "epsilon": 1.740477567202939, "gamma": 0.020474129134291023}, "datetime": {"datetime": "2021-09-24 15:55:26", "elapsed": 401.630477, "delta": 1.739296}}
{"target": -43.352860275953326, "params": {"C": 93.20898694828986, "epsilon": 0.9075403365072443, "gamma": 0.0052029528201976505}, "datetime": {"datetime": "2021-09-24 15:55:27", "elapsed": 402.892669, "delta": 1.262192}}
{"target": -43.48206171679765, "params": {"C": 62.20850649216025, "epsilon": 2.023446599875186, "gamma": 0.029467219877618297}, "datetime": {"datetime": "2021-09-24 15:55:29", "elapsed": 404.807194, "delta": 1.914525}}
{"target": -43.162329841018064, "params": {"C": 74.97310537612063, "epsilon": 1.70168407174215, "gamma": 0.008802247221923399}, "datetime": {"datetime": "2021-09-24 15:55:31", "elapsed": 407.195758, "delta": 2.388564}}
{"target": -43.45003376844722, "params": {"C": 72.6353721884487, "epsilon": 3.236024108657542, "gamma": 0.005959365821562352}, "datetime": {"datetime": "2021-09-24 15:55:33", "elapsed": 409.303762, "delta": 2.108004}}
{"target": -42.99985879290265, "params": {"C": 99.44554219380996, "epsilon": 3.0046645742520406, "gamma": 0.008062523411969221}, "datetime": {"datetime": "2021-09-24 15:55:36", "elapsed": 411.452762, "delta": 2.149}}
{"target": -45.029401340544865, "params": {"C": 80.91103921137086, "epsilon": 0.13505900946646854, "gamma": 0.07140402076003556}, "datetime": {"datetime": "2021-09-24 15:55:37", "elapsed": 412.726762, "delta": 1.274}}
{"target": -43.47366693572645, "params": {"C": 63.419015981946686, "epsilon": 3.343221844589273, "gamma": 0.02965900785689048}, "datetime": {"datetime": "2021-09-24 15:55:38", "elapsed": 414.044711, "delta": 1.317949}}
{"target": -43.44845099468747, "params": {"C": 98.68549393563467, "epsilon": 1.9553730476831848, "gamma": 0.034907910985904775}, "datetime": {"datetime": "2021-09-24 15:55:41", "elapsed": 416.665775, "delta": 2.621064}}
{"target": -43.45119293545476, "params": {"C": 77.32307582222062, "epsilon": 3.0814523618019893, "gamma": 0.0358327278161495}, "datetime": {"datetime": "2021-09-24 15:55:42", "elapsed": 417.931774, "delta": 1.265999}}
{"target": -43.35505343116675, "params": {"C": 84.12748218793138, "epsilon": 1.7718869453053132, "gamma": 0.006048200032607377}, "datetime": {"datetime": "2021-09-24 15:55:43", "elapsed": 419.239773, "delta": 1.307999}}
{"target": -44.878129863917195, "params": {"C": 68.4448330461194, "epsilon": 1.2284041883983385, "gamma": 0.07422357673339845}, "datetime": {"datetime": "2021-09-24 15:55:45", "elapsed": 420.59664, "delta": 1.356867}}
{"target": -43.50772283834468, "params": {"C": 62.04526407438159, "epsilon": 3.5042888027536474, "gamma": 0.027613298730487894}, "datetime": {"datetime": "2021-09-24 15:55:46", "elapsed": 421.857959, "delta": 1.261319}}
{"target": -43.35784986472278, "params": {"C": 59.00057177389618, "epsilon": 1.440425556674707, "gamma": 0.023742013346838137}, "datetime": {"datetime": "2021-09-24 15:55:49", "elapsed": 425.003453, "delta": 3.145494}}
{"target": -43.00000628257533, "params": {"C": 83.52764944927884, "epsilon": 3.241829499500502, "gamma": 0.015991430992311276}, "datetime": {"datetime": "2021-09-24 15:55:52", "elapsed": 427.457726, "delta": 2.454273}}
