{"target": -43.576940958901396, "params": {"C": 253.40014159327902, "epsilon": 0.6879358756856998, "gamma": 0.0012108986520463268}, "datetime": {"datetime": "2021-09-24 16:51:42", "elapsed": 470.983395, "delta": 2.024231}}
{"target": -43.161549942679656, "params": {"C": 200.63421606784195, "epsilon": 1.8451694064695388, "gamma": 0.01960286445794459}, "datetime": {"datetime": "2021-09-24 16:51:44", "elapsed": 472.715231, "delta": 1.731836}}
{"target": -43.78561764417663, "params": {"C": 239.07640578778475, "epsilon": 0.5416789032250129, "gamma": 0.023150613654319443}, "datetime": {"datetime": "2021-09-24 16:51:46", "elapsed": 474.719945, "delta": 2.004714}}
{"target": -43.78043850639262, "params": {"C": 261.82207842274175, "epsilon": 0.13505900946646854, "gamma": 0.02161990940701948}, "datetime": {"datetime": "2021-09-24 16:51:48", "elapsed": 476.594836, "delta": 1.874891}}
{"target": -42.748560816138514, "params": {"C": 226.83803196389337, "epsilon": 3.343221844589273, "gamma": 0.009386476622714128}, "datetime": {"datetime": "2021-09-24 16:51:50", "elapsed": 478.501804, "delta": 1.906968}}
{"target": -43.25694707881488, "params": {"C": 258.7161867905976, "epsilon": 3.95386870064211, "gamma": 0.01775528156353035}, "datetime": {"datetime": "2021-09-24 16:51:53", "elapsed": 481.598682, "delta": 3.096878}}
{"target": -42.66742522784165, "params": {"C": 254.64615164444123, "epsilon": 3.0814523618019893, "gamma": 0.011195693650049852}, "datetime": {"datetime": "2021-09-24 16:51:55", "elapsed": 483.923159, "delta": 2.324477}}
{"target": -44.39715015158083, "params": {"C": 267.62696858656494, "epsilon": 0.20929658493266026, "gamma": 0.029713204221928878}, "datetime": {"datetime": "2021-09-24 16:51:57", "elapsed": 485.710027, "delta": 1.786868}}
{"target": -43.735565640268455, "params": {"C": 236.8896660922388, "epsilon": 1.2284041883983385, "gamma": 0.022446184118246674}, "datetime": {"datetime": "2021-09-24 16:51:59", "elapsed": 487.709519, "delta": 1.999492}}
{"target": -42.7830971791494, "params": {"C": 224.09052814876318, "epsilon": 3.5042888027536474, "gamma": 0.0087869787820463}, "datetime": {"datetime": "2021-09-24 16:52:01", "elapsed": 489.496212, "delta": 1.786693}}
{"target": -43.52560958784584, "params": {"C": 298.1044373685601, "epsilon": 0.9455951443932223, "gamma": 0.017935013401719168}, "datetime": {"datetime": "2021-09-24 16:52:04", "elapsed": 492.707503, "delta": 3.211291}}
{"target": -43.837546533794274, "params": {"C": 299.96629208412685, "epsilon": 1.717016580953581, "gamma": 0.01995271592326536}, "datetime": {"datetime": "2021-09-24 16:52:06", "elapsed": 494.986027, "delta": 2.278524}}
{"target": -44.23766527411544, "params": {"C": 294.3777585879606, "epsilon": 2.0297921162030934, "gamma": 0.026347161088921676}, "datetime": {"datetime": "2021-09-24 16:52:08", "elapsed": 496.976173, "delta": 1.990146}}
{"target": -43.84064552553598, "params": {"C": 202.413737091785, "epsilon": 1.8427962161102762, "gamma": 0.027400273244402466}, "datetime": {"datetime": "2021-09-24 16:52:11", "elapsed": 499.619264, "delta": 2.643091}}
{"target": -42.87919844076773, "params": {"C": 289.6055390734424, "epsilon": 0.9722781320831391, "gamma": 0.007121283117703641}, "datetime": {"datetime": "2021-09-24 16:52:13", "elapsed": 502.109046, "delta": 2.489782}}
{"target": -43.15198393774485, "params": {"C": 249.39265400770256, "epsilon": 1.3309257478240382, "gamma": 0.005709917914244774}, "datetime": {"datetime": "2021-09-24 16:52:15", "elapsed": 503.996888, "delta": 1.887842}}
{"target": -42.728335912856934, "params": {"C": 298.88027729008166, "epsilon": 0.6442446674844468, "gamma": 0.012115468916519812}, "datetime": {"datetime": "2021-09-24 16:52:19", "elapsed": 507.616879, "delta": 3.619991}}
{"target": -42.76105907170811, "params": {"C": 222.23763072441736, "epsilon": 2.793942160524099, "gamma": 0.009030529691870414}, "datetime": {"datetime": "2021-09-24 16:52:21", "elapsed": 509.778857, "delta": 2.161978}}
{"target": -44.28714999411482, "params": {"C": 279.11009013558794, "epsilon": 0.9155742628249853, "gamma": 0.027655771595573437}, "datetime": {"datetime": "2021-09-24 16:52:24", "elapsed": 513.220463, "delta": 3.441606}}
{"target": -42.5622103451308, "params": {"C": 296.44416015498547, "epsilon": 1.5883339317610816, "gamma": 0.009450522949684955}, "datetime": {"datetime": "2021-09-24 16:52:27", "elapsed": 515.697304, "delta": 2.476841}}
{"target": -43.5764109432977, "params": {"C": 227.5220637528061, "epsilon": 3.9009443085374236, "gamma": 0.002605613800668923}, "datetime": {"datetime": "2021-09-24 16:52:29", "elapsed": 517.614416, "delta": 1.917112}}
{"target": -43.09671920305874, "params": {"C": 283.09271328278754, "epsilon": 0.07333024266528265, "gamma": 0.005507891011847763}, "datetime": {"datetime": "2021-09-24 16:52:31", "elapsed": 520.414355, "delta": 2.799939}}
{"target": -43.91137419814134, "params": {"C": 257.8450337755713, "epsilon": 2.2341639766254406, "gamma": 0.023516853976920875}, "datetime": {"datetime": "2021-09-24 16:52:34", "elapsed": 523.314169, "delta": 2.899814}}
{"target": -43.865518832567865, "params": {"C": 236.72729580988602, "epsilon": 3.366559337240965, "gamma": 0.025086333103457394}, "datetime": {"datetime": "2021-09-24 16:52:38", "elapsed": 526.558991, "delta": 3.244822}}
{"target": -42.82029480121546, "params": {"C": 262.43043200027176, "epsilon": 3.1645922806036118, "gamma": 0.012346274013501303}, "datetime": {"datetime": "2021-09-24 16:52:40", "elapsed": 529.004946, "delta": 2.445955}}
{"target": -44.01590465812964, "params": {"C": 211.3848009646835, "epsilon": 2.797754127528171, "gamma": 0.0296421858388116}, "datetime": {"datetime": "2021-09-24 16:52:43", "elapsed": 531.44238, "delta": 2.437434}}
{"target": -43.06523261389813, "params": {"C": 227.41731040941977, "epsilon": 1.4279762219275896, "gamma": 0.006572137072847956}, "datetime": {"datetime": "2021-09-24 16:52:45", "elapsed": 533.772107, "delta": 2.329727}}
{"target": -43.910567060650685, "params": {"C": 262.96318603242173, "epsilon": 2.4930760342917244, "gamma": 0.023217293486195625}, "datetime": {"datetime": "2021-09-24 16:52:47", "elapsed": 536.010907, "delta": 2.2388}}
{"target": -43.12164313233674, "params": {"C": 253.92492200398846, "epsilon": 1.9573475147003618, "gamma": 0.0054754698257018005}, "datetime": {"datetime": "2021-09-24 16:52:50", "elapsed": 538.625508, "delta": 2.614601}}
{"target": -43.795615772995475, "params": {"C": 296.8254022458082, "epsilon": 2.392138523225266, "gamma": 0.019648003265108727}, "datetime": {"datetime": "2021-09-24 16:52:52", "elapsed": 541.126252, "delta": 2.500744}}
{"target": -43.07513915305821, "params": {"C": 289.90131479599427, "epsilon": 2.3030522220529708, "gamma": 0.015027949934399392}, "datetime": {"datetime": "2021-09-24 16:52:55", "elapsed": 543.458144, "delta": 2.331892}}
{"target": -43.03862615891627, "params": {"C": 245.49320363062736, "epsilon": 2.176404398470437, "gamma": 0.006580640405864859}, "datetime": {"datetime": "2021-09-24 16:52:58", "elapsed": 546.777523, "delta": 3.319379}}
{"target": -43.00178948817367, "params": {"C": 283.43506581518113, "epsilon": 2.9189018459276332, "gamma": 0.0059801478405672875}, "datetime": {"datetime": "2021-09-24 16:53:01", "elapsed": 549.66807, "delta": 2.890547}}
{"target": -43.06371117892884, "params": {"C": 242.15509320854397, "epsilon": 2.1076346293779102, "gamma": 0.006296472175937922}, "datetime": {"datetime": "2021-09-24 16:53:03", "elapsed": 552.1252, "delta": 2.45713}}
{"target": -43.675122392369865, "params": {"C": 226.7098719839238, "epsilon": 1.0809257195785016, "gamma": 0.0017077547423782324}, "datetime": {"datetime": "2021-09-24 16:53:06", "elapsed": 554.646326, "delta": 2.521126}}
{"target": -43.088150766361046, "params": {"C": 229.53121122219827, "epsilon": 3.4898775976876073, "gamma": 0.015088546897948404}, "datetime": {"datetime": "2021-09-24 16:53:08", "elapsed": 557.068076, "delta": 2.42175}}
{"target": -43.035099256786594, "params": {"C": 216.27021098211438, "epsilon": 2.403561089701219, "gamma": 0.00731164269458886}, "datetime": {"datetime": "2021-09-24 16:53:11", "elapsed": 559.467389, "delta": 2.399313}}
{"target": -44.13083823441793, "params": {"C": 267.1908714823595, "epsilon": 2.8340835116544154, "gamma": 0.02789835950470816}, "datetime": {"datetime": "2021-09-24 16:53:14", "elapsed": 562.49668, "delta": 3.029291}}
{"target": -43.25362364699854, "params": {"C": 218.9261585632391, "epsilon": 0.050809695145422065, "gamma": 0.02039808089593658}, "datetime": {"datetime": "2021-09-24 16:53:17", "elapsed": 565.98447, "delta": 3.48779}}
{"target": -43.00304938414766, "params": {"C": 201.9169355595596, "epsilon": 0.3744343817178952, "gamma": 0.007133739896715212}, "datetime": {"datetime": "2021-09-24 16:53:19", "elapsed": 568.162206, "delta": 2.177736}}
{"target": -43.8823575632613, "params": {"C": 233.374000728057, "epsilon": 3.2297547148346064, "gamma": 0.025557055168379875}, "datetime": {"datetime": "2021-09-24 16:53:22", "elapsed": 570.583025, "delta": 2.420819}}
{"target": -42.70753923858835, "params": {"C": 210.15816026854867, "epsilon": 0.28041829175303123, "gamma": 0.00908525208349973}, "datetime": {"datetime": "2021-09-24 16:53:24", "elapsed": 573.124711, "delta": 2.541686}}
{"target": -43.73988796936216, "params": {"C": 212.68239204106425, "epsilon": 1.443537437854363, "gamma": 0.024725359221026567}, "datetime": {"datetime": "2021-09-24 16:53:27", "elapsed": 576.060742, "delta": 2.936031}}
{"target": -42.697508455372414, "params": {"C": 229.15724465738026, "epsilon": 0.46193860827026534, "gamma": 0.013404619623611497}, "datetime": {"datetime": "2021-09-24 16:53:29", "elapsed": 578.170982, "delta": 2.11024}}
{"target": -44.08560981624352, "params": {"C": 276.2145764689499, "epsilon": 3.8806685344622274, "gamma": 0.028146225073255503}, "datetime": {"datetime": "2021-09-24 16:53:32", "elapsed": 581.226348, "delta": 3.055366}}
{"target": -42.5799702268999, "params": {"C": 253.8281207489885, "epsilon": 2.1330921835813252, "gamma": 0.010644403057385787}, "datetime": {"datetime": "2021-09-24 16:53:37", "elapsed": 585.663404, "delta": 4.437056}}
{"target": -43.28648895752626, "params": {"C": 241.0573136360211, "epsilon": 3.8530297297789993, "gamma": 0.01872345121604893}, "datetime": {"datetime": "2021-09-24 16:53:39", "elapsed": 588.075501, "delta": 2.412097}}
{"target": -42.68177256015239, "params": {"C": 233.39559205763484, "epsilon": 2.2287061355422977, "gamma": 0.009424077341183822}, "datetime": {"datetime": "2021-09-24 16:53:42", "elapsed": 590.462764, "delta": 2.387263}}
{"target": -43.40275854602399, "params": {"C": 230.87824023338896, "epsilon": 1.0238708573477087, "gamma": 0.0009016226718914816}, "datetime": {"datetime": "2021-09-24 16:53:44", "elapsed": 593.147356, "delta": 2.684592}}
{"target": -43.65439645254428, "params": {"C": 232.65410266912403, "epsilon": 0.37726559842458596, "gamma": 0.02230404679974477}, "datetime": {"datetime": "2021-09-24 16:53:49", "elapsed": 597.492113, "delta": 4.344757}}
{"target": -42.790521402753676, "params": {"C": 274.3395973526938, "epsilon": 3.2242108689066735, "gamma": 0.011881405626419372}, "datetime": {"datetime": "2021-09-24 16:53:52", "elapsed": 601.1707, "delta": 3.678587}}
{"target": -44.191357414679594, "params": {"C": 262.48365805107403, "epsilon": 2.5144821689434997, "gamma": 0.02867086755455585}, "datetime": {"datetime": "2021-09-24 16:53:56", "elapsed": 604.759888, "delta": 3.589188}}
{"target": -43.39260381643109, "params": {"C": 251.97246617363768, "epsilon": 3.7400366400467164, "gamma": 0.01884806969916019}, "datetime": {"datetime": "2021-09-24 16:53:59", "elapsed": 607.647336, "delta": 2.887448}}
{"target": -42.99326363126519, "params": {"C": 275.42414209147637, "epsilon": 2.475820991500167, "gamma": 0.014231726701763099}, "datetime": {"datetime": "2021-09-24 16:54:04", "elapsed": 612.589087, "delta": 4.941751}}
{"target": -43.13061402112004, "params": {"C": 285.8433375793666, "epsilon": 0.2548784148784512, "gamma": 0.01657184764253392}, "datetime": {"datetime": "2021-09-24 16:54:06", "elapsed": 615.419858, "delta": 2.830771}}
{"target": -43.06546640445747, "params": {"C": 225.2756833362932, "epsilon": 3.0513561479974896, "gamma": 0.016242053839824314}, "datetime": {"datetime": "2021-09-24 16:54:12", "elapsed": 620.599554, "delta": 5.179696}}
{"target": -42.95693902103144, "params": {"C": 202.21551881779016, "epsilon": 0.8868920265753923, "gamma": 0.017301179697218567}, "datetime": {"datetime": "2021-09-24 16:54:15", "elapsed": 624.097571, "delta": 3.498017}}
{"target": -43.00170617114008, "params": {"C": 250.30024468078253, "epsilon": 2.4952349415505233, "gamma": 0.014702960568852645}, "datetime": {"datetime": "2021-09-24 16:54:17", "elapsed": 626.289794, "delta": 2.192223}}
{"target": -42.8252236643448, "params": {"C": 205.16724658664128, "epsilon": 0.6953282549024443, "gamma": 0.01504105090095356}, "datetime": {"datetime": "2021-09-24 16:54:20", "elapsed": 628.766744, "delta": 2.47695}}
{"target": -43.84120975477387, "params": {"C": 247.0829569386936, "epsilon": 3.2225856087299865, "gamma": 0.023857880741192366}, "datetime": {"datetime": "2021-09-24 16:54:22", "elapsed": 631.246587, "delta": 2.479843}}
{"target": -43.64868105740256, "params": {"C": 289.3972228736246, "epsilon": 0.4214863253211124, "gamma": 0.019108690298547497}, "datetime": {"datetime": "2021-09-24 16:54:25", "elapsed": 634.02726, "delta": 2.780673}}
{"target": -43.405409429484365, "params": {"C": 221.25802938216202, "epsilon": 1.5541501152211192, "gamma": 0.021008572404123828}, "datetime": {"datetime": "2021-09-24 16:54:29", "elapsed": 637.468078, "delta": 3.440818}}
{"target": -42.61701541836613, "params": {"C": 289.57221556869064, "epsilon": 0.7923370617264683, "gamma": 0.011517341378919136}, "datetime": {"datetime": "2021-09-24 16:54:31", "elapsed": 640.338837, "delta": 2.870759}}
{"target": -42.4880641855321, "params": {"C": 255.12767499709082, "epsilon": 0.46765133967367056, "gamma": 0.010470249900240638}, "datetime": {"datetime": "2021-09-24 16:54:34", "elapsed": 642.663098, "delta": 2.324261}}
{"target": -43.13436546616856, "params": {"C": 255.51590119221115, "epsilon": 1.4589612546553594, "gamma": 0.004768981046558606}, "datetime": {"datetime": "2021-09-24 16:54:37", "elapsed": 645.515859, "delta": 2.852761}}
{"target": -43.11003119314948, "params": {"C": 268.23123563680616, "epsilon": 2.288841664420181, "gamma": 0.004913537628788473}, "datetime": {"datetime": "2021-09-24 16:54:39", "elapsed": 648.25069, "delta": 2.734831}}
{"target": -43.13147178422296, "params": {"C": 234.7554345518581, "epsilon": 3.5516836090601194, "gamma": 0.016551729997542685}, "datetime": {"datetime": "2021-09-24 16:54:42", "elapsed": 650.989987, "delta": 2.739297}}
{"target": -44.21778675482441, "params": {"C": 249.8587020828698, "epsilon": 1.7164402204728366, "gamma": 0.029625902248278595}, "datetime": {"datetime": "2021-09-24 16:54:45", "elapsed": 653.745453, "delta": 2.755466}}
{"target": -42.9425689424462, "params": {"C": 207.3362006575656, "epsilon": 1.3439705142381377, "gamma": 0.016578124992179973}, "datetime": {"datetime": "2021-09-24 16:54:47", "elapsed": 655.994691, "delta": 2.249238}}
{"target": -43.675232387881195, "params": {"C": 249.39820853389767, "epsilon": 1.9563568913555502, "gamma": 0.021009378863471567}, "datetime": {"datetime": "2021-09-24 16:54:49", "elapsed": 658.340077, "delta": 2.345386}}
{"target": -44.322268350896145, "params": {"C": 275.3667550452676, "epsilon": 1.047097867674774, "gamma": 0.028980276459532037}, "datetime": {"datetime": "2021-09-24 16:54:52", "elapsed": 661.215285, "delta": 2.875208}}
{"target": -44.1034981836295, "params": {"C": 294.67674686474265, "epsilon": 2.4869109424629277, "gamma": 0.024019866044235207}, "datetime": {"datetime": "2021-09-24 16:54:56", "elapsed": 664.474093, "delta": 3.258808}}
{"target": -42.929136313658844, "params": {"C": 242.32689343260336, "epsilon": 3.067492031204399, "gamma": 0.007070429198436489}, "datetime": {"datetime": "2021-09-24 16:54:58", "elapsed": 666.702397, "delta": 2.228304}}
{"target": -42.959510501005305, "params": {"C": 208.96744005278754, "epsilon": 3.924578503472521, "gamma": 0.013827753812474695}, "datetime": {"datetime": "2021-09-24 16:55:01", "elapsed": 669.643071, "delta": 2.940674}}
{"target": -43.14072222058068, "params": {"C": 247.61811112063347, "epsilon": 0.27704797638193746, "gamma": 0.005509623993305394}, "datetime": {"datetime": "2021-09-24 16:55:04", "elapsed": 672.454849, "delta": 2.811778}}
{"target": -43.48967768172254, "params": {"C": 240.43629819548872, "epsilon": 1.5922265837467835, "gamma": 0.0027131306426776787}, "datetime": {"datetime": "2021-09-24 16:55:06", "elapsed": 675.142653, "delta": 2.687804}}
{"target": -43.21956249398724, "params": {"C": 212.21938999914514, "epsilon": 0.45941618409378615, "gamma": 0.02043199363473828}, "datetime": {"datetime": "2021-09-24 16:55:09", "elapsed": 677.737422, "delta": 2.594769}}
{"target": -43.12013373412756, "params": {"C": 204.12459007683313, "epsilon": 1.9571185982419355, "gamma": 0.005171884319836352}, "datetime": {"datetime": "2021-09-24 16:55:11", "elapsed": 680.17084, "delta": 2.433418}}
{"target": -43.833845665248816, "params": {"C": 215.74873178893972, "epsilon": 0.6327521613358482, "gamma": 0.025860674122330975}, "datetime": {"datetime": "2021-09-24 16:55:14", "elapsed": 682.464028, "delta": 2.293188}}
{"target": -42.83492952960537, "params": {"C": 271.29346983168944, "epsilon": 0.4029857966784517, "gamma": 0.014289221705279147}, "datetime": {"datetime": "2021-09-24 16:55:16", "elapsed": 684.846773, "delta": 2.382745}}
{"target": -42.596289067660365, "params": {"C": 290.63080726354156, "epsilon": 1.3266966359368946, "gamma": 0.009094611817367895}, "datetime": {"datetime": "2021-09-24 16:55:18", "elapsed": 687.409627, "delta": 2.562854}}
{"target": -44.08529406662097, "params": {"C": 299.56968616999984, "epsilon": 0.9911808133677074, "gamma": 0.023029708546133443}, "datetime": {"datetime": "2021-09-24 16:55:21", "elapsed": 690.117693, "delta": 2.708066}}
{"target": -43.54259098644694, "params": {"C": 232.01860460748236, "epsilon": 0.8639340855640393, "gamma": 0.02133086238519576}, "datetime": {"datetime": "2021-09-24 16:55:24", "elapsed": 692.525515, "delta": 2.407822}}
{"target": -43.48322073322837, "params": {"C": 293.36823132886036, "epsilon": 1.8073450166007814, "gamma": 0.002984425850883661}, "datetime": {"datetime": "2021-09-24 16:55:26", "elapsed": 695.019989, "delta": 2.494474}}
{"target": -44.26961036007648, "params": {"C": 280.01341840512896, "epsilon": 2.4670859188635546, "gamma": 0.02884071507532052}, "datetime": {"datetime": "2021-09-24 16:55:29", "elapsed": 697.523877, "delta": 2.503888}}
{"target": -44.33587321496724, "params": {"C": 291.6312158157925, "epsilon": 1.255899101974494, "gamma": 0.028119082292519595}, "datetime": {"datetime": "2021-09-24 16:55:31", "elapsed": 700.189017, "delta": 2.66514}}
{"target": -43.21764356790747, "params": {"C": 258.21958117774017, "epsilon": 0.9621062690145848, "gamma": 0.017899043398119593}, "datetime": {"datetime": "2021-09-24 16:55:34", "elapsed": 703.349731, "delta": 3.160714}}
{"target": -43.30776204439867, "params": {"C": 288.62750177616124, "epsilon": 1.4746797751253728, "gamma": 0.016951068100441623}, "datetime": {"datetime": "2021-09-24 16:55:37", "elapsed": 705.606328, "delta": 2.256597}}
{"target": -43.01369490192615, "params": {"C": 256.65099916504676, "epsilon": 1.822824496720545, "gamma": 0.015821683934214258}, "datetime": {"datetime": "2021-09-24 16:55:39", "elapsed": 707.912737, "delta": 2.306409}}
{"target": -43.099789590988294, "params": {"C": 232.20504269302788, "epsilon": 2.183987214926725, "gamma": 0.005289744728765877}, "datetime": {"datetime": "2021-09-24 16:55:41", "elapsed": 710.364767, "delta": 2.45203}}
{"target": -42.73655256747623, "params": {"C": 236.44924645461685, "epsilon": 2.672780885200241, "gamma": 0.00854509803649175}, "datetime": {"datetime": "2021-09-24 16:55:44", "elapsed": 713.089056, "delta": 2.724289}}
{"target": -43.71658469907876, "params": {"C": 211.06938949582957, "epsilon": 1.6226585278853314, "gamma": 0.0022579474357482753}, "datetime": {"datetime": "2021-09-24 16:55:47", "elapsed": 715.892796, "delta": 2.80374}}
{"target": -44.185619848487065, "params": {"C": 261.7108743349622, "epsilon": 1.8456065025376034, "gamma": 0.0277936330081053}, "datetime": {"datetime": "2021-09-24 16:55:50", "elapsed": 718.574801, "delta": 2.682005}}
{"target": -43.119016718341896, "params": {"C": 211.8751354587762, "epsilon": 3.684557775973769, "gamma": 0.01592651468518688}, "datetime": {"datetime": "2021-09-24 16:55:52", "elapsed": 720.980499, "delta": 2.405698}}
{"target": -42.893059889761936, "params": {"C": 224.6375197763119, "epsilon": 1.643987989815582, "gamma": 0.008294371087877785}, "datetime": {"datetime": "2021-09-24 16:55:54", "elapsed": 723.166236, "delta": 2.185737}}
{"target": -43.16487905206727, "params": {"C": 289.63265327453036, "epsilon": 2.865431687215515, "gamma": 0.004696335633816119}, "datetime": {"datetime": "2021-09-24 16:55:56", "elapsed": 725.404632, "delta": 2.238396}}
{"target": -42.58255259056854, "params": {"C": 235.28108365256963, "epsilon": 2.011451343510924, "gamma": 0.011288459890152527}, "datetime": {"datetime": "2021-09-24 16:55:59", "elapsed": 727.501228, "delta": 2.096596}}
{"target": -43.42248887319657, "params": {"C": 237.52429657699685, "epsilon": 1.6336659484891607, "gamma": 0.020040158278844093}, "datetime": {"datetime": "2021-09-24 16:56:01", "elapsed": 729.669714, "delta": 2.168486}}
{"target": -43.77568248890236, "params": {"C": 224.42129730172275, "epsilon": 1.1382978638431487, "gamma": 0.0023102043987133477}, "datetime": {"datetime": "2021-09-24 16:56:03", "elapsed": 731.980353, "delta": 2.310639}}
