{"target": -45.17395350555336, "params": {"C": 81.59540902606784, "epsilon": 1.134894834871239, "gamma": 0.07806229838351347}, "datetime": {"datetime": "2021-09-24 16:19:16", "elapsed": 0.227004, "delta": 0.098992}}
{"target": -45.186871221057274, "params": {"C": 71.0304914128238, "epsilon": 1.8565120359360723, "gamma": 0.08690783361602337}, "datetime": {"datetime": "2021-09-24 16:19:17", "elapsed": 0.324037, "delta": 0.097033}}
{"target": -45.662247795060644, "params": {"C": 71.74055648040873, "epsilon": 1.7554799437794182, "gamma": 0.1050928545079934}, "datetime": {"datetime": "2021-09-24 16:19:17", "elapsed": 0.451005, "delta": 0.126968}}
{"target": -46.33474316027614, "params": {"C": 90.86869041184192, "epsilon": 0.2863254968513189, "gamma": 0.13092888291337865}, "datetime": {"datetime": "2021-09-24 16:19:17", "elapsed": 0.536003, "delta": 0.084998}}
{"target": -45.03961992473739, "params": {"C": 69.67179333991226, "epsilon": 3.3169748746003944, "gamma": 0.08054151194721754}, "datetime": {"datetime": "2021-09-24 16:19:17", "elapsed": 0.631004, "delta": 0.095001}}
{"target": -46.22430027630301, "params": {"C": 73.98462394853448, "epsilon": 3.4842759900145497, "gamma": 0.1303797183157125}, "datetime": {"datetime": "2021-09-24 16:19:17", "elapsed": 0.800997, "delta": 0.169993}}
{"target": -44.137269294084966, "params": {"C": 55.999691774733286, "epsilon": 1.665398907171302, "gamma": 0.056637995353146856}, "datetime": {"datetime": "2021-09-24 16:19:17", "elapsed": 0.890997, "delta": 0.09}}
{"target": -45.856931736963574, "params": {"C": 56.9327347470743, "epsilon": 1.932314828657556, "gamma": 0.131711355599012}, "datetime": {"datetime": "2021-09-24 16:19:17", "elapsed": 0.993008, "delta": 0.102011}}
{"target": -44.254433070393816, "params": {"C": 74.31796767872707, "epsilon": 3.5852260628197214, "gamma": 0.002594741717669224}, "datetime": {"datetime": "2021-09-24 16:19:17", "elapsed": 1.106022, "delta": 0.113014}}
{"target": -45.16235964074232, "params": {"C": 58.326728170490306, "epsilon": 1.422503423479485, "gamma": 0.10002478792877459}, "datetime": {"datetime": "2021-09-24 16:19:18", "elapsed": 1.272003, "delta": 0.165981}}
{"target": -45.602989565417644, "params": {"C": 69.11664225377297, "epsilon": 0.4949836863677999, "gamma": 0.10281521149617281}, "datetime": {"datetime": "2021-09-24 16:19:18", "elapsed": 1.424006, "delta": 0.152003}}
{"target": -43.99439313233123, "params": {"C": 70.22361082352126, "epsilon": 2.571256411973973, "gamma": 0.03719282224812108}, "datetime": {"datetime": "2021-09-24 16:19:18", "elapsed": 1.553, "delta": 0.128994}}
{"target": -45.93030935500023, "params": {"C": 90.99777903514024, "epsilon": 2.0134528264532205, "gamma": 0.10023856945249895}, "datetime": {"datetime": "2021-09-24 16:19:18", "elapsed": 1.677001, "delta": 0.124001}}
{"target": -44.19641918649489, "params": {"C": 55.87793097272045, "epsilon": 1.7758369664515083, "gamma": 0.05921578271000879}, "datetime": {"datetime": "2021-09-24 16:19:18", "elapsed": 1.777999, "delta": 0.100998}}
{"target": -44.067474843780644, "params": {"C": 58.979292482379265, "epsilon": 1.438886059362711, "gamma": 0.01494462376260152}, "datetime": {"datetime": "2021-09-24 16:19:18", "elapsed": 1.88, "delta": 0.102001}}
{"target": -44.16598577136339, "params": {"C": 68.22156845694487, "epsilon": 2.4080524506857337, "gamma": 0.02839864398195954}, "datetime": {"datetime": "2021-09-24 16:19:18", "elapsed": 1.992007, "delta": 0.112007}}
{"target": -43.89184724934935, "params": {"C": 56.27792346315999, "epsilon": 2.5841857704070783, "gamma": 0.010738357021445303}, "datetime": {"datetime": "2021-09-24 16:19:18", "elapsed": 2.087045, "delta": 0.095038}}
{"target": -44.2133907341112, "params": {"C": 85.72110089458991, "epsilon": 0.9271373795049687, "gamma": 0.04307935165761254}, "datetime": {"datetime": "2021-09-24 16:19:18", "elapsed": 2.204998, "delta": 0.117953}}
{"target": -43.91719061592881, "params": {"C": 52.3637505290587, "epsilon": 3.486038870284685, "gamma": 0.010091763055846206}, "datetime": {"datetime": "2021-09-24 16:19:19", "elapsed": 2.324, "delta": 0.119002}}
{"target": -45.97327258359676, "params": {"C": 65.76800859869336, "epsilon": 1.7348382926157315, "gamma": 0.12628737140605664}, "datetime": {"datetime": "2021-09-24 16:19:19", "elapsed": 2.455001, "delta": 0.131001}}
{"target": -44.09939241189868, "params": {"C": 62.111952274405105, "epsilon": 2.027242256735679, "gamma": 0.028896853002328728}, "datetime": {"datetime": "2021-09-24 16:19:19", "elapsed": 2.643001, "delta": 0.188}}
{"target": -43.90581676966689, "params": {"C": 55.06075224226325, "epsilon": 2.807009022931334, "gamma": 0.04877023669705197}, "datetime": {"datetime": "2021-09-24 16:19:19", "elapsed": 2.816999, "delta": 0.173998}}
{"target": -45.137653080858925, "params": {"C": 65.38699213050076, "epsilon": 2.6286542793510588, "gamma": 0.08822228860501745}, "datetime": {"datetime": "2021-09-24 16:19:19", "elapsed": 2.931003, "delta": 0.114004}}
{"target": -44.17001220046586, "params": {"C": 62.60541609656478, "epsilon": 2.4461000760356066, "gamma": 0.030784590889516884}, "datetime": {"datetime": "2021-09-24 16:19:19", "elapsed": 3.057001, "delta": 0.125998}}
{"target": -43.93744349329178, "params": {"C": 65.36183644111617, "epsilon": 3.5494356172433634, "gamma": 0.013458679447652408}, "datetime": {"datetime": "2021-09-24 16:19:19", "elapsed": 3.195003, "delta": 0.138002}}
{"target": -44.07508584016359, "params": {"C": 50.58649202218181, "epsilon": 3.7037492019445137, "gamma": 0.019125521953899136}, "datetime": {"datetime": "2021-09-24 16:19:20", "elapsed": 3.367004, "delta": 0.172001}}
{"target": -45.015520927269925, "params": {"C": 55.16532461963423, "epsilon": 3.6001412464494007, "gamma": 0.09253038102230167}, "datetime": {"datetime": "2021-09-24 16:19:20", "elapsed": 3.549001, "delta": 0.181997}}
{"target": -44.20762092231406, "params": {"C": 83.27587860066961, "epsilon": 2.8635050588948117, "gamma": 0.002998443611146126}, "datetime": {"datetime": "2021-09-24 16:19:20", "elapsed": 3.696002, "delta": 0.147001}}
{"target": -44.15039676714741, "params": {"C": 93.39004039800955, "epsilon": 3.8043174626990863, "gamma": 0.03898734498708168}, "datetime": {"datetime": "2021-09-24 16:19:20", "elapsed": 3.865004, "delta": 0.169002}}
{"target": -44.173238413827995, "params": {"C": 83.5730265260515, "epsilon": 1.0974230683557271, "gamma": 0.041380820445665066}, "datetime": {"datetime": "2021-09-24 16:19:20", "elapsed": 4.062002, "delta": 0.196998}}
{"target": -46.38643715737499, "params": {"C": 87.21748647249026, "epsilon": 2.8005682753625227, "gamma": 0.14113219549466216}, "datetime": {"datetime": "2021-09-24 16:19:21", "elapsed": 4.364002, "delta": 0.302}}
{"target": -44.1111212412065, "params": {"C": 66.76499811573075, "epsilon": 0.642824584389214, "gamma": 0.023892086793987632}, "datetime": {"datetime": "2021-09-24 16:19:21", "elapsed": 4.567001, "delta": 0.202999}}
{"target": -45.27025024499836, "params": {"C": 60.26963575885067, "epsilon": 0.4375750786240156, "gamma": 0.10035883727323555}, "datetime": {"datetime": "2021-09-24 16:19:21", "elapsed": 4.711, "delta": 0.143999}}
{"target": -45.16097036938435, "params": {"C": 76.2288163183486, "epsilon": 2.7227551029592947, "gamma": 0.08106991174878014}, "datetime": {"datetime": "2021-09-24 16:19:21", "elapsed": 4.841, "delta": 0.13}}
{"target": -44.34149126108877, "params": {"C": 89.38950424735759, "epsilon": 1.209190188533881, "gamma": 0.05005123331680419}, "datetime": {"datetime": "2021-09-24 16:19:21", "elapsed": 5.002037, "delta": 0.161037}}
{"target": -44.406468924896444, "params": {"C": 82.79226851365365, "epsilon": 1.0816833074296484, "gamma": 0.05796089738539528}, "datetime": {"datetime": "2021-09-24 16:19:22", "elapsed": 5.274, "delta": 0.271963}}
{"target": -45.829420668719834, "params": {"C": 65.30433688396437, "epsilon": 2.9910892762154675, "gamma": 0.11607572993483191}, "datetime": {"datetime": "2021-09-24 16:19:22", "elapsed": 5.417998, "delta": 0.143998}}
{"target": -45.164738372315824, "params": {"C": 80.01394818031737, "epsilon": 2.7306805761804767, "gamma": 0.07911040126271782}, "datetime": {"datetime": "2021-09-24 16:19:22", "elapsed": 5.581041, "delta": 0.163043}}
{"target": -43.93273606145542, "params": {"C": 90.88341936534333, "epsilon": 0.8113306653384078, "gamma": 0.01108049058199263}, "datetime": {"datetime": "2021-09-24 16:19:22", "elapsed": 5.748042, "delta": 0.167001}}
{"target": -45.815031852233865, "params": {"C": 75.9086267219893, "epsilon": 0.2705617875007226, "gamma": 0.10350343235051605}, "datetime": {"datetime": "2021-09-24 16:19:22", "elapsed": 6.001007, "delta": 0.252965}}
{"target": -45.33943518677982, "params": {"C": 58.24939046295815, "epsilon": 1.235017657351047, "gamma": 0.10749112837932115}, "datetime": {"datetime": "2021-09-24 16:19:22", "elapsed": 6.223002, "delta": 0.221995}}
{"target": -44.085706310395345, "params": {"C": 98.27638587558809, "epsilon": 2.55439924396832, "gamma": 0.03108909535492839}, "datetime": {"datetime": "2021-09-24 16:19:23", "elapsed": 6.46, "delta": 0.236998}}
{"target": -44.62066686843372, "params": {"C": 90.21493599428265, "epsilon": 2.0314968221923584, "gamma": 0.06197631118002755}, "datetime": {"datetime": "2021-09-24 16:19:23", "elapsed": 6.686003, "delta": 0.226003}}
{"target": -43.983996191156386, "params": {"C": 53.873278178462215, "epsilon": 1.0988005687302256, "gamma": 0.03694197929800622}, "datetime": {"datetime": "2021-09-24 16:19:23", "elapsed": 6.959, "delta": 0.272997}}
{"target": -46.533468715989784, "params": {"C": 98.95108533607072, "epsilon": 0.9703836264962982, "gamma": 0.14975621845933468}, "datetime": {"datetime": "2021-09-24 16:19:23", "elapsed": 7.185017, "delta": 0.226017}}
{"target": -43.88130574737941, "params": {"C": 50.95896332515794, "epsilon": 2.742410868490507, "gamma": 0.05104729727065077}, "datetime": {"datetime": "2021-09-24 16:19:24", "elapsed": 7.392006, "delta": 0.206989}}
{"target": -46.226509832915966, "params": {"C": 82.34609336767721, "epsilon": 0.3820410928635483, "gamma": 0.13304464298876115}, "datetime": {"datetime": "2021-09-24 16:19:24", "elapsed": 7.580042, "delta": 0.188036}}
{"target": -46.115526184613394, "params": {"C": 94.28313741175003, "epsilon": 2.0930903646880283, "gamma": 0.10603609520719769}, "datetime": {"datetime": "2021-09-24 16:19:24", "elapsed": 7.817005, "delta": 0.236963}}
{"target": -46.673457906782716, "params": {"C": 91.09493238695657, "epsilon": 3.8183724404538006, "gamma": 0.14825232002993272}, "datetime": {"datetime": "2021-09-24 16:19:24", "elapsed": 8.098002, "delta": 0.280997}}
{"target": -46.27665844719883, "params": {"C": 75.80367590984808, "epsilon": 2.8664029195766227, "gamma": 0.1347210172272211}, "datetime": {"datetime": "2021-09-24 16:19:25", "elapsed": 8.382005, "delta": 0.284003}}
{"target": -43.76158470951365, "params": {"C": 99.94800954231232, "epsilon": 0.20601419475062918, "gamma": 0.006953636825859684}, "datetime": {"datetime": "2021-09-24 16:19:25", "elapsed": 8.594006, "delta": 0.212001}}
{"target": -45.8025144499441, "params": {"C": 91.98096665758462, "epsilon": 2.8428977170580327, "gamma": 0.09518011611256508}, "datetime": {"datetime": "2021-09-24 16:19:25", "elapsed": 8.856002, "delta": 0.261996}}
{"target": -45.774604525816095, "params": {"C": 95.6218103337483, "epsilon": 0.6177384729410991, "gamma": 0.08659695816076195}, "datetime": {"datetime": "2021-09-24 16:19:25", "elapsed": 9.109998, "delta": 0.253996}}
{"target": -46.38767255070476, "params": {"C": 97.24895856131026, "epsilon": 0.5367700207103909, "gamma": 0.1296014047765283}, "datetime": {"datetime": "2021-09-24 16:19:26", "elapsed": 9.384032, "delta": 0.274034}}
{"target": -44.03586111681788, "params": {"C": 53.73988456442201, "epsilon": 0.23856169279743564, "gamma": 0.03346051210931367}, "datetime": {"datetime": "2021-09-24 16:19:26", "elapsed": 9.583002, "delta": 0.19897}}
{"target": -46.3634015505265, "params": {"C": 98.65996446849334, "epsilon": 0.6325933105542769, "gamma": 0.11939102331382523}, "datetime": {"datetime": "2021-09-24 16:19:26", "elapsed": 9.811038, "delta": 0.228036}}
{"target": -44.93035325173771, "params": {"C": 67.7668864607771, "epsilon": 3.99558116166001, "gamma": 0.07767578615048583}, "datetime": {"datetime": "2021-09-24 16:19:26", "elapsed": 10.011037, "delta": 0.199999}}
{"target": -44.1931153528588, "params": {"C": 73.59972825926384, "epsilon": 3.2624153016558672, "gamma": 0.025122502368763643}, "datetime": {"datetime": "2021-09-24 16:19:26", "elapsed": 10.208, "delta": 0.196963}}
{"target": -44.64269450681608, "params": {"C": 94.40077220716697, "epsilon": 2.5769498219375966, "gamma": 0.05955246070541012}, "datetime": {"datetime": "2021-09-24 16:19:27", "elapsed": 10.425041, "delta": 0.217041}}
{"target": -44.08206393327019, "params": {"C": 64.44802464826009, "epsilon": 3.417514943404254, "gamma": 0.023853011641859375}, "datetime": {"datetime": "2021-09-24 16:19:27", "elapsed": 10.633037, "delta": 0.207996}}
{"target": -45.84078997043344, "params": {"C": 83.7563652688527, "epsilon": 0.4155676314558631, "gamma": 0.09882338915005141}, "datetime": {"datetime": "2021-09-24 16:19:27", "elapsed": 10.910042, "delta": 0.277005}}
{"target": -45.57203049717788, "params": {"C": 77.90844120484581, "epsilon": 2.6356185358550275, "gamma": 0.09689813208593077}, "datetime": {"datetime": "2021-09-24 16:19:27", "elapsed": 11.155039, "delta": 0.244997}}
{"target": -44.03460687424799, "params": {"C": 76.34426636079452, "epsilon": 2.34715701221773, "gamma": 0.04091304046360717}, "datetime": {"datetime": "2021-09-24 16:19:28", "elapsed": 11.398003, "delta": 0.242964}}
{"target": -44.89773364770328, "params": {"C": 61.090796293604605, "epsilon": 0.42800154981410143, "gamma": 0.08693572674660384}, "datetime": {"datetime": "2021-09-24 16:19:28", "elapsed": 11.704997, "delta": 0.306994}}
{"target": -46.041995194234, "params": {"C": 80.5315531812012, "epsilon": 2.6485664726431883, "gamma": 0.11327335613948793}, "datetime": {"datetime": "2021-09-24 16:19:28", "elapsed": 11.938003, "delta": 0.233006}}
{"target": -44.40083362657542, "params": {"C": 80.59830536913877, "epsilon": 1.1374373655553633, "gamma": 0.058459511600972375}, "datetime": {"datetime": "2021-09-24 16:19:28", "elapsed": 12.211001, "delta": 0.272998}}
{"target": -45.03218271782275, "params": {"C": 54.49892448353372, "epsilon": 2.9927669262488665, "gamma": 0.09793038535250834}, "datetime": {"datetime": "2021-09-24 16:19:29", "elapsed": 12.458005, "delta": 0.247004}}
{"target": -44.01866493468423, "params": {"C": 82.48630415459894, "epsilon": 3.3186822548179578, "gamma": 0.03317442332718324}, "datetime": {"datetime": "2021-09-24 16:19:29", "elapsed": 12.696001, "delta": 0.237996}}
{"target": -45.89593154200804, "params": {"C": 67.61348351779522, "epsilon": 0.7841676891654945, "gamma": 0.12002408954940641}, "datetime": {"datetime": "2021-09-24 16:19:29", "elapsed": 12.996998, "delta": 0.300997}}
{"target": -44.04878724401585, "params": {"C": 88.80213020818977, "epsilon": 3.380327726259091, "gamma": 0.012282685933826148}, "datetime": {"datetime": "2021-09-24 16:19:30", "elapsed": 13.330004, "delta": 0.333006}}
{"target": -44.32929955913671, "params": {"C": 88.35079852850657, "epsilon": 1.9240944132538569, "gamma": 0.04485022001787553}, "datetime": {"datetime": "2021-09-24 16:19:30", "elapsed": 13.709003, "delta": 0.378999}}
{"target": -43.85388148909839, "params": {"C": 61.312133186197286, "epsilon": 1.6560397306799404, "gamma": 0.01204431400900314}, "datetime": {"datetime": "2021-09-24 16:19:30", "elapsed": 14.017009, "delta": 0.308006}}
{"target": -44.33560927171027, "params": {"C": 55.630352075174365, "epsilon": 1.4747579528760597, "gamma": 0.06666513663871888}, "datetime": {"datetime": "2021-09-24 16:19:31", "elapsed": 14.382999, "delta": 0.36599}}
{"target": -46.50767801778747, "params": {"C": 87.46867246387275, "epsilon": 3.5771701809279612, "gamma": 0.1425062009102636}, "datetime": {"datetime": "2021-09-24 16:19:31", "elapsed": 14.727, "delta": 0.344001}}
{"target": -44.87367319265055, "params": {"C": 56.17689160235189, "epsilon": 1.789106088051952, "gamma": 0.0905143187105433}, "datetime": {"datetime": "2021-09-24 16:19:31", "elapsed": 15.002037, "delta": 0.275037}}
{"target": -44.139449209034865, "params": {"C": 53.829629756471235, "epsilon": 1.9488703935012737, "gamma": 0.05766291444018429}, "datetime": {"datetime": "2021-09-24 16:19:32", "elapsed": 15.352004, "delta": 0.349967}}
{"target": -45.987947409994625, "params": {"C": 65.74865088337756, "epsilon": 1.1785588814742076, "gamma": 0.12978957635095886}, "datetime": {"datetime": "2021-09-24 16:19:32", "elapsed": 15.671998, "delta": 0.319994}}
{"target": -46.21577265309838, "params": {"C": 74.0639841970753, "epsilon": 2.194346033104873, "gamma": 0.13489480286913258}, "datetime": {"datetime": "2021-09-24 16:19:32", "elapsed": 16.03204, "delta": 0.360042}}
{"target": -44.63259337100435, "params": {"C": 75.78912062572007, "epsilon": 0.6149083503122001, "gamma": 0.06894711831162545}, "datetime": {"datetime": "2021-09-24 16:19:33", "elapsed": 16.395003, "delta": 0.362963}}
{"target": -45.339326475465604, "params": {"C": 98.15229668781208, "epsilon": 2.1834476253119908, "gamma": 0.07284572684645353}, "datetime": {"datetime": "2021-09-24 16:19:33", "elapsed": 16.697001, "delta": 0.301998}}
{"target": -44.596228965045675, "params": {"C": 64.84714573926045, "epsilon": 2.9604229571809295, "gamma": 0.07123635093839192}, "datetime": {"datetime": "2021-09-24 16:19:33", "elapsed": 17.179002, "delta": 0.482001}}
{"target": -45.547217707454784, "params": {"C": 86.85219729663106, "epsilon": 1.5140806924605914, "gamma": 0.08681823396831016}, "datetime": {"datetime": "2021-09-24 16:19:34", "elapsed": 17.583004, "delta": 0.404002}}
{"target": -44.88434985868206, "params": {"C": 66.16460156419265, "epsilon": 0.7418270680489862, "gamma": 0.08180905552405358}, "datetime": {"datetime": "2021-09-24 16:19:34", "elapsed": 17.968, "delta": 0.384996}}
{"target": -43.994864503607005, "params": {"C": 55.16160949974069, "epsilon": 2.9371297075776894, "gamma": 0.022563925047799176}, "datetime": {"datetime": "2021-09-24 16:19:34", "elapsed": 18.227042, "delta": 0.259042}}
{"target": -46.361681566530244, "params": {"C": 97.25659993375166, "epsilon": 1.4267760407666297, "gamma": 0.12919776720826356}, "datetime": {"datetime": "2021-09-24 16:19:35", "elapsed": 18.575998, "delta": 0.348956}}
{"target": -45.293987724221694, "params": {"C": 80.61760171433332, "epsilon": 1.8587176414089983, "gamma": 0.08268375834140647}, "datetime": {"datetime": "2021-09-24 16:19:35", "elapsed": 18.891999, "delta": 0.316001}}
{"target": -44.52249789657717, "params": {"C": 51.19493491821675, "epsilon": 1.121086200461629, "gamma": 0.08270888961197563}, "datetime": {"datetime": "2021-09-24 16:19:35", "elapsed": 19.194004, "delta": 0.302005}}
{"target": -45.743335466450894, "params": {"C": 65.01751919527601, "epsilon": 2.6512859126974013, "gamma": 0.11474345143281434}, "datetime": {"datetime": "2021-09-24 16:19:36", "elapsed": 19.585001, "delta": 0.390997}}
{"target": -45.9813532458719, "params": {"C": 54.91412048324164, "epsilon": 2.9276410844234695, "gamma": 0.1380983613944038}, "datetime": {"datetime": "2021-09-24 16:19:36", "elapsed": 19.893998, "delta": 0.308997}}
{"target": -45.68915894998482, "params": {"C": 52.63466329197838, "epsilon": 1.5972788452580224, "gamma": 0.1339133022120551}, "datetime": {"datetime": "2021-09-24 16:19:36", "elapsed": 20.174007, "delta": 0.280009}}
{"target": -43.96107730573048, "params": {"C": 53.35019527659301, "epsilon": 3.3298962929425553, "gamma": 0.011437879750382027}, "datetime": {"datetime": "2021-09-24 16:19:37", "elapsed": 20.541007, "delta": 0.367}}
{"target": -46.034614241927464, "params": {"C": 77.80525293590439, "epsilon": 1.6583354888812258, "gamma": 0.11709392547233304}, "datetime": {"datetime": "2021-09-24 16:19:37", "elapsed": 20.827053, "delta": 0.286046}}
{"target": -45.89507999717707, "params": {"C": 64.56079894292822, "epsilon": 0.4789657083245476, "gamma": 0.12461205633971278}, "datetime": {"datetime": "2021-09-24 16:19:37", "elapsed": 21.228052, "delta": 0.400999}}
{"target": -45.26396691742634, "params": {"C": 75.49832863261155, "epsilon": 0.3523705956823576, "gamma": 0.08437054113421956}, "datetime": {"datetime": "2021-09-24 16:19:38", "elapsed": 21.495055, "delta": 0.267003}}
{"target": -44.26495219929345, "params": {"C": 99.50625157275732, "epsilon": 2.9974512003867053, "gamma": 0.02186581007918346}, "datetime": {"datetime": "2021-09-24 16:19:38", "elapsed": 21.812052, "delta": 0.316997}}
{"target": -44.07866425529803, "params": {"C": 58.9294901208761, "epsilon": 2.025105412844948, "gamma": 0.053897800774453636}, "datetime": {"datetime": "2021-09-24 16:19:38", "elapsed": 22.249091, "delta": 0.437039}}
{"target": -45.16224311082936, "params": {"C": 74.71911914054223, "epsilon": 3.331263870925465, "gamma": 0.08201141699646314}, "datetime": {"datetime": "2021-09-24 16:19:39", "elapsed": 22.61409, "delta": 0.364999}}
{"target": -45.610034694724476, "params": {"C": 73.08915591296079, "epsilon": 2.823707900675916, "gamma": 0.10183284389738967}, "datetime": {"datetime": "2021-09-24 16:19:39", "elapsed": 22.975056, "delta": 0.360966}}
{"target": -44.02733062916909, "params": {"C": 93.03035745496837, "epsilon": 2.333693500470165, "gamma": 0.016120250325427635}, "datetime": {"datetime": "2021-09-24 16:19:40", "elapsed": 23.334091, "delta": 0.359035}}
{"target": -46.273840951798476, "params": {"C": 59.09818738719132, "epsilon": 2.0057227396542068, "gamma": 0.0014096847862934835}, "datetime": {"datetime": "2021-09-24 16:19:40", "elapsed": 23.780055, "delta": 0.445964}}
{"target": -45.263083089440734, "params": {"C": 78.2655260425914, "epsilon": 3.547155323667017, "gamma": 0.0014243886364322664}, "datetime": {"datetime": "2021-09-24 16:19:40", "elapsed": 24.14409, "delta": 0.364035}}
