{"target": -38.6929565580242, "params": {"C": 196.11463686334184, "epsilon": 2.5291105554980446, "gamma": 0.016832193827799713}, "datetime": {"datetime": "2021-09-28 12:53:39", "elapsed": 903.412888, "delta": 3.080996}}
{"target": -38.122984588245764, "params": {"C": 193.6333849103024, "epsilon": 0.23154059857256468, "gamma": 0.00847299588927548}, "datetime": {"datetime": "2021-09-28 12:53:42", "elapsed": 906.601571, "delta": 3.188683}}
{"target": -37.26878454167464, "params": {"C": 184.33830778951867, "epsilon": 1.3539406395194649, "gamma": 0.005165478838373413}, "datetime": {"datetime": "2021-09-28 12:53:48", "elapsed": 913.178213, "delta": 6.576642}}
{"target": -40.76940937526566, "params": {"C": 217.47354414325963, "epsilon": 1.2535563934542406, "gamma": 0.06121301803382773}, "datetime": {"datetime": "2021-09-28 12:53:52", "elapsed": 916.346377, "delta": 3.168164}}
{"target": -37.45672699885564, "params": {"C": 157.0073708237024, "epsilon": 2.509189051628839, "gamma": 0.002398623567401736}, "datetime": {"datetime": "2021-09-28 12:53:57", "elapsed": 921.971639, "delta": 5.625262}}
{"target": -38.61916258124469, "params": {"C": 217.99433002957034, "epsilon": 1.428515585183052, "gamma": 0.012691396339504956}, "datetime": {"datetime": "2021-09-28 12:54:02", "elapsed": 926.856513, "delta": 4.884874}}
{"target": -38.72295017632929, "params": {"C": 156.8083091637513, "epsilon": 2.5350072640484087, "gamma": 0.018117684907014008}, "datetime": {"datetime": "2021-09-28 12:54:07", "elapsed": 932.059514, "delta": 5.203001}}
{"target": -39.18694240969143, "params": {"C": 170.3554130702464, "epsilon": 2.9082839868663255, "gamma": 0.03645711756551629}, "datetime": {"datetime": "2021-09-28 12:54:12", "elapsed": 936.624133, "delta": 4.564619}}
{"target": -37.21545235497868, "params": {"C": 174.75349504336336, "epsilon": 0.7577952121326978, "gamma": 0.0037229135695284504}, "datetime": {"datetime": "2021-09-28 12:54:16", "elapsed": 941.03618, "delta": 4.412047}}
{"target": -38.70323818780719, "params": {"C": 158.3398903455704, "epsilon": 2.4333126756556953, "gamma": 0.01934838207884638}, "datetime": {"datetime": "2021-09-28 12:54:21", "elapsed": 945.899671, "delta": 4.863491}}
{"target": -37.468273082434436, "params": {"C": 222.620411106526, "epsilon": 2.5438619479258207, "gamma": 0.0028666340110417763}, "datetime": {"datetime": "2021-09-28 12:54:26", "elapsed": 950.835729, "delta": 4.936058}}
{"target": -41.91146957060731, "params": {"C": 276.25460201191083, "epsilon": 0.9970999687726724, "gamma": 0.08776333767598242}, "datetime": {"datetime": "2021-09-28 12:54:29", "elapsed": 953.916879, "delta": 3.08115}}
{"target": -39.09787412119142, "params": {"C": 268.0755702564052, "epsilon": 2.051589748828883, "gamma": 0.02501019222195838}, "datetime": {"datetime": "2021-09-28 12:54:32", "elapsed": 956.769014, "delta": 2.852135}}
{"target": -39.384048106976266, "params": {"C": 193.70932755611244, "epsilon": 0.21967811707511586, "gamma": 0.034915711447261105}, "datetime": {"datetime": "2021-09-28 12:54:37", "elapsed": 961.234869, "delta": 4.465855}}
{"target": -38.61088377202036, "params": {"C": 168.57518220847314, "epsilon": 2.066899603635541, "gamma": 0.014175996354573995}, "datetime": {"datetime": "2021-09-28 12:54:43", "elapsed": 967.496601, "delta": 6.261732}}
{"target": -40.74767737971271, "params": {"C": 217.93743010264035, "epsilon": 1.5029072675639057, "gamma": 0.0618729793337217}, "datetime": {"datetime": "2021-09-28 12:54:49", "elapsed": 973.972867, "delta": 6.476266}}
{"target": -38.68241007800538, "params": {"C": 157.23023392633502, "epsilon": 2.6900021735538493, "gamma": 0.015456085544212544}, "datetime": {"datetime": "2021-09-28 12:54:57", "elapsed": 981.279482, "delta": 7.306615}}
{"target": -38.79379203832872, "params": {"C": 184.38838423258852, "epsilon": 1.3830775285439159, "gamma": 0.01916850365244382}, "datetime": {"datetime": "2021-09-28 12:55:03", "elapsed": 987.910082, "delta": 6.6306}}
{"target": -40.24159738228136, "params": {"C": 225.5422842074638, "epsilon": 1.7345026618715105, "gamma": 0.04685954586198549}, "datetime": {"datetime": "2021-09-28 12:55:06", "elapsed": 990.826231, "delta": 2.916149}}
{"target": -37.28088157185063, "params": {"C": 216.02098103219646, "epsilon": 1.6662762683581784, "gamma": 0.0010300406718902265}, "datetime": {"datetime": "2021-09-28 12:55:09", "elapsed": 993.906929, "delta": 3.080698}}
{"target": -39.204929019074584, "params": {"C": 255.41215440831274, "epsilon": 0.6633299457061156, "gamma": 0.022287357259645892}, "datetime": {"datetime": "2021-09-28 12:55:12", "elapsed": 997.094426, "delta": 3.187497}}
{"target": -40.66227150774322, "params": {"C": 216.0305942019645, "epsilon": 1.7046774745393038, "gamma": 0.0688264340952423}, "datetime": {"datetime": "2021-09-28 12:55:17", "elapsed": 1002.189707, "delta": 5.095281}}
{"target": -40.802914647433894, "params": {"C": 274.95291840761837, "epsilon": 2.936678279348295, "gamma": 0.07291740149059953}, "datetime": {"datetime": "2021-09-28 12:55:20", "elapsed": 1005.198346, "delta": 3.008639}}
{"target": -37.25526057942331, "params": {"C": 222.84818323527153, "epsilon": 0.08370563532284025, "gamma": 0.001}, "datetime": {"datetime": "2021-09-28 12:55:27", "elapsed": 1011.94461, "delta": 6.746264}}
{"target": -40.86549181832207, "params": {"C": 238.76739418624754, "epsilon": 0.26238091692983406, "gamma": 0.06843495722351207}, "datetime": {"datetime": "2021-09-28 12:55:31", "elapsed": 1015.361067, "delta": 3.416457}}
{"target": -37.34054008393834, "params": {"C": 193.57103808955225, "epsilon": 0.2411428963845129, "gamma": 0.001}, "datetime": {"datetime": "2021-09-28 12:55:37", "elapsed": 1022.021554, "delta": 6.660487}}
{"target": -40.12389990119994, "params": {"C": 222.59655597805948, "epsilon": 2.4665109234132903, "gamma": 0.047865807730065}, "datetime": {"datetime": "2021-09-28 12:55:44", "elapsed": 1028.907434, "delta": 6.88588}}
{"target": -40.29847832428338, "params": {"C": 222.60222549020597, "epsilon": 2.5762080139094437, "gamma": 0.051736247588133916}, "datetime": {"datetime": "2021-09-28 12:55:49", "elapsed": 1033.226545, "delta": 4.319111}}
{"target": -40.57616125605394, "params": {"C": 179.81743608515598, "epsilon": 2.940748399226444, "gamma": 0.06575303654884945}, "datetime": {"datetime": "2021-09-28 12:55:52", "elapsed": 1036.523064, "delta": 3.296519}}
{"target": -40.51737014029846, "params": {"C": 278.6063089579385, "epsilon": 1.3575331758431501, "gamma": 0.04697644250534804}, "datetime": {"datetime": "2021-09-28 12:55:58", "elapsed": 1042.613485, "delta": 6.090421}}
{"target": -39.10826085818629, "params": {"C": 161.86469555550235, "epsilon": 1.261036068866881, "gamma": 0.02784975067655244}, "datetime": {"datetime": "2021-09-28 12:56:01", "elapsed": 1045.864931, "delta": 3.251446}}
{"target": -37.34622321208544, "params": {"C": 193.5926381334041, "epsilon": 0.2838817918442613, "gamma": 0.001}, "datetime": {"datetime": "2021-09-28 12:56:07", "elapsed": 1051.265776, "delta": 5.400845}}
{"target": -39.48328598495449, "params": {"C": 160.14594993135012, "epsilon": 1.2668762529278308, "gamma": 0.045851380692064195}, "datetime": {"datetime": "2021-09-28 12:56:10", "elapsed": 1054.524328, "delta": 3.258552}}
{"target": -39.22953726987966, "params": {"C": 193.59709679677889, "epsilon": 0.24931418313121778, "gamma": 0.02333842185653116}, "datetime": {"datetime": "2021-09-28 12:56:15", "elapsed": 1059.7529, "delta": 5.228572}}
{"target": -38.8493264307224, "params": {"C": 168.59621850136685, "epsilon": 2.137681088891276, "gamma": 0.026877721739888515}, "datetime": {"datetime": "2021-09-28 12:56:20", "elapsed": 1064.945333, "delta": 5.192433}}
{"target": -39.19609450464595, "params": {"C": 198.66848651357648, "epsilon": 2.5568222015865643, "gamma": 0.036477648994028326}, "datetime": {"datetime": "2021-09-28 12:56:24", "elapsed": 1068.259676, "delta": 3.314343}}
{"target": -38.22531966964713, "params": {"C": 195.9713937300487, "epsilon": 2.5812296394274177, "gamma": 0.009643549863130891}, "datetime": {"datetime": "2021-09-28 12:56:32", "elapsed": 1077.013256, "delta": 8.75358}}
{"target": -39.23488629146732, "params": {"C": 240.87291326344865, "epsilon": 2.8446613880416596, "gamma": 0.028452027888864164}, "datetime": {"datetime": "2021-09-28 12:56:36", "elapsed": 1080.327396, "delta": 3.31414}}
{"target": -40.64654952876198, "params": {"C": 253.8134119386563, "epsilon": 2.119661395696507, "gamma": 0.054376264104321705}, "datetime": {"datetime": "2021-09-28 12:56:42", "elapsed": 1087.003579, "delta": 6.676183}}
{"target": -41.46831298836484, "params": {"C": 229.10592334758354, "epsilon": 0.8991875222189326, "gamma": 0.09095670892385532}, "datetime": {"datetime": "2021-09-28 12:56:46", "elapsed": 1090.711665, "delta": 3.708086}}
{"target": -39.13335725870687, "params": {"C": 239.77848626979932, "epsilon": 1.9797273651482616, "gamma": 0.028000752946636318}, "datetime": {"datetime": "2021-09-28 12:56:54", "elapsed": 1098.557707, "delta": 7.846042}}
{"target": -39.77686269741115, "params": {"C": 216.1177196332169, "epsilon": 2.3725395704808427, "gamma": 0.042329983550530734}, "datetime": {"datetime": "2021-09-28 12:56:57", "elapsed": 1101.930176, "delta": 3.372469}}
{"target": -38.60274164537351, "params": {"C": 157.05536344826174, "epsilon": 2.503153557701124, "gamma": 0.014798619579922446}, "datetime": {"datetime": "2021-09-28 12:57:04", "elapsed": 1109.071909, "delta": 7.141733}}
{"target": -37.34975111751025, "params": {"C": 184.1492447039501, "epsilon": 1.2110049341510687, "gamma": 0.0028181470426613276}, "datetime": {"datetime": "2021-09-28 12:57:10", "elapsed": 1115.030398, "delta": 5.958489}}
{"target": -37.26738737483537, "params": {"C": 175.69284171715785, "epsilon": 2.8203772506462546, "gamma": 0.005514217904374433}, "datetime": {"datetime": "2021-09-28 12:57:15", "elapsed": 1119.605625, "delta": 4.575227}}
{"target": -40.63432171665286, "params": {"C": 238.50528103466308, "epsilon": 0.22059587078911477, "gamma": 0.04907375786420562}, "datetime": {"datetime": "2021-09-28 12:57:18", "elapsed": 1122.907596, "delta": 3.301971}}
{"target": -39.25254067327896, "params": {"C": 193.45405776734086, "epsilon": 0.27958721224088456, "gamma": 0.03002871137053484}, "datetime": {"datetime": "2021-09-28 12:57:24", "elapsed": 1128.373043, "delta": 5.465447}}
{"target": -37.91440679719447, "params": {"C": 156.9033351465019, "epsilon": 2.5036307530637707, "gamma": 0.009209545985288042}, "datetime": {"datetime": "2021-09-28 12:57:29", "elapsed": 1133.956513, "delta": 5.58347}}
{"target": -39.06359689525324, "params": {"C": 216.1209120808087, "epsilon": 1.6218585621756345, "gamma": 0.022695770812787935}, "datetime": {"datetime": "2021-09-28 12:57:34", "elapsed": 1138.62172, "delta": 4.665207}}
{"target": -38.831244790143735, "params": {"C": 168.67960891699332, "epsilon": 2.1947237188327806, "gamma": 0.02629001480025739}, "datetime": {"datetime": "2021-09-28 12:57:40", "elapsed": 1144.89606, "delta": 6.27434}}
{"target": -39.218868740474086, "params": {"C": 164.22460155283483, "epsilon": 0.429828869887126, "gamma": 0.030374179486995143}, "datetime": {"datetime": "2021-09-28 12:57:44", "elapsed": 1148.414431, "delta": 3.518371}}
{"target": -37.392402237436414, "params": {"C": 184.1938697885768, "epsilon": 1.2560310637908132, "gamma": 0.002461842990036334}, "datetime": {"datetime": "2021-09-28 12:57:50", "elapsed": 1154.270719, "delta": 5.856288}}
{"target": -38.97972577320708, "params": {"C": 164.87830150858542, "epsilon": 1.9145264458850497, "gamma": 0.02879436231906787}, "datetime": {"datetime": "2021-09-28 12:57:53", "elapsed": 1157.396882, "delta": 3.126163}}
{"target": -39.12240682845024, "params": {"C": 215.9564269542932, "epsilon": 1.5932686445199686, "gamma": 0.026909695129275095}, "datetime": {"datetime": "2021-09-28 12:58:00", "elapsed": 1164.934676, "delta": 7.537794}}
{"target": -38.92351045661671, "params": {"C": 244.06508994001655, "epsilon": 1.992581566422869, "gamma": 0.018243443391866565}, "datetime": {"datetime": "2021-09-28 12:58:04", "elapsed": 1168.613968, "delta": 3.679292}}
{"target": -39.216147315311, "params": {"C": 184.3118115944869, "epsilon": 1.383152290638177, "gamma": 0.031329617895867475}, "datetime": {"datetime": "2021-09-28 12:58:10", "elapsed": 1175.079873, "delta": 6.465905}}
{"target": -39.23490170949086, "params": {"C": 193.53474853416844, "epsilon": 0.34132420368606037, "gamma": 0.02331739817874555}, "datetime": {"datetime": "2021-09-28 12:58:17", "elapsed": 1181.660577, "delta": 6.580704}}
{"target": -39.18288204221823, "params": {"C": 152.79456879688985, "epsilon": 1.7587113982331897, "gamma": 0.03574668732130469}, "datetime": {"datetime": "2021-09-28 12:58:20", "elapsed": 1185.056627, "delta": 3.39605}}
{"target": -37.41973824303772, "params": {"C": 278.4751383829588, "epsilon": 1.3445068351114295, "gamma": 0.0026166077473956974}, "datetime": {"datetime": "2021-09-28 12:58:26", "elapsed": 1190.834934, "delta": 5.778307}}
{"target": -40.93152426848328, "params": {"C": 201.04869861885047, "epsilon": 1.8372270205213586, "gamma": 0.08643719233317647}, "datetime": {"datetime": "2021-09-28 12:58:29", "elapsed": 1194.083141, "delta": 3.248207}}
{"target": -39.19165873646151, "params": {"C": 278.4201743461613, "epsilon": 1.333231629279844, "gamma": 0.028051282098194828}, "datetime": {"datetime": "2021-09-28 12:58:35", "elapsed": 1199.848903, "delta": 5.765762}}
{"target": -39.2499747473053, "params": {"C": 278.44008663317015, "epsilon": 1.4371066889285355, "gamma": 0.03088111700212092}, "datetime": {"datetime": "2021-09-28 12:58:47", "elapsed": 1211.695199, "delta": 11.846296}}
{"target": -37.10947966657926, "params": {"C": 222.83548779407698, "epsilon": 0.1405106471889857, "gamma": 0.004140899652030846}, "datetime": {"datetime": "2021-09-28 12:58:53", "elapsed": 1217.856319, "delta": 6.16112}}
{"target": -37.534465952568446, "params": {"C": 178.4757294603513, "epsilon": 1.0891018110230477, "gamma": 0.0067057940747672455}, "datetime": {"datetime": "2021-09-28 12:59:00", "elapsed": 1224.251162, "delta": 6.394843}}
{"target": -37.35427246258587, "params": {"C": 184.3097113864857, "epsilon": 1.324154351879839, "gamma": 0.005555080575396508}, "datetime": {"datetime": "2021-09-28 12:59:05", "elapsed": 1229.674321, "delta": 5.423159}}
{"target": -38.79751951598377, "params": {"C": 178.50526846388385, "epsilon": 1.1537965690074021, "gamma": 0.01704310892347794}, "datetime": {"datetime": "2021-09-28 12:59:17", "elapsed": 1241.508625, "delta": 11.834304}}
{"target": -38.19789149758772, "params": {"C": 222.62191167791582, "epsilon": 2.7161684754613886, "gamma": 0.009427409866913147}, "datetime": {"datetime": "2021-09-28 12:59:23", "elapsed": 1247.649641, "delta": 6.141016}}
{"target": -38.099874859086356, "params": {"C": 178.6286448752531, "epsilon": 1.2184265211417067, "gamma": 0.008973186725190499}, "datetime": {"datetime": "2021-09-28 12:59:30", "elapsed": 1254.434143, "delta": 6.784502}}
{"target": -40.88481873162368, "params": {"C": 222.80083475150937, "epsilon": 0.198778634433972, "gamma": 0.06553822393158683}, "datetime": {"datetime": "2021-09-28 12:59:43", "elapsed": 1267.949499, "delta": 13.515356}}
{"target": -39.392198501676525, "params": {"C": 193.4985889292896, "epsilon": 0.1563143293054206, "gamma": 0.03405880766827112}, "datetime": {"datetime": "2021-09-28 12:59:51", "elapsed": 1276.113358, "delta": 8.163859}}
{"target": -38.82434661953689, "params": {"C": 243.2471166297296, "epsilon": 2.1867978425091934, "gamma": 0.017902488616015635}, "datetime": {"datetime": "2021-09-28 12:59:55", "elapsed": 1279.596836, "delta": 3.483478}}
{"target": -39.02532166240381, "params": {"C": 193.52174815208647, "epsilon": 0.22317706816363783, "gamma": 0.016258748425120213}, "datetime": {"datetime": "2021-09-28 13:00:02", "elapsed": 1286.90676, "delta": 7.309924}}
{"target": -40.705280617950365, "params": {"C": 154.03811381086106, "epsilon": 0.7636919848690304, "gamma": 0.07110817086824346}, "datetime": {"datetime": "2021-09-28 13:00:06", "elapsed": 1290.777241, "delta": 3.870481}}
{"target": -40.91987099399556, "params": {"C": 178.7383369377941, "epsilon": 2.4703535988365606, "gamma": 0.09127213879871568}, "datetime": {"datetime": "2021-09-28 13:00:10", "elapsed": 1294.539769, "delta": 3.762528}}
{"target": -38.24665171623184, "params": {"C": 193.6350594715387, "epsilon": 0.15165271961075977, "gamma": 0.009138044082548213}, "datetime": {"datetime": "2021-09-28 13:00:19", "elapsed": 1303.285789, "delta": 8.74602}}
{"target": -37.399477478131494, "params": {"C": 250.00336373668176, "epsilon": 2.289339686869063, "gamma": 0.001}, "datetime": {"datetime": "2021-09-28 13:00:26", "elapsed": 1310.574023, "delta": 7.288234}}
{"target": -37.27420886664638, "params": {"C": 272.60200371676416, "epsilon": 0.6633517153846038, "gamma": 0.004057400559455002}, "datetime": {"datetime": "2021-09-28 13:00:33", "elapsed": 1318.109469, "delta": 7.535446}}
{"target": -41.47556523103903, "params": {"C": 287.78845112903093, "epsilon": 1.5677021211773408, "gamma": 0.08026441132628866}, "datetime": {"datetime": "2021-09-28 13:00:37", "elapsed": 1322.079373, "delta": 3.969904}}
{"target": -37.38858918341568, "params": {"C": 175.6772328941766, "epsilon": 2.7489154760317653, "gamma": 0.0033053770623877126}, "datetime": {"datetime": "2021-09-28 13:00:48", "elapsed": 1332.959737, "delta": 10.880364}}
{"target": -39.05678785181366, "params": {"C": 216.03963019843587, "epsilon": 1.6278644351344105, "gamma": 0.02341261625454787}, "datetime": {"datetime": "2021-09-28 13:00:55", "elapsed": 1340.119424, "delta": 7.159687}}
{"target": -37.61415172502043, "params": {"C": 174.74281651789997, "epsilon": 0.8060114748797919, "gamma": 0.007109207782698324}, "datetime": {"datetime": "2021-09-28 13:01:01", "elapsed": 1346.034494, "delta": 5.91507}}
{"target": -37.74074596374653, "params": {"C": 215.95023524820283, "epsilon": 1.7114480647883528, "gamma": 0.007132082353937984}, "datetime": {"datetime": "2021-09-28 13:01:06", "elapsed": 1350.89134, "delta": 4.856846}}
{"target": -41.746050281320535, "params": {"C": 254.73457348460687, "epsilon": 1.2072925628358464, "gamma": 0.08981040751828198}, "datetime": {"datetime": "2021-09-28 13:01:10", "elapsed": 1354.938761, "delta": 4.047421}}
{"target": -37.269708341348164, "params": {"C": 178.68204438626566, "epsilon": 1.250611179938075, "gamma": 0.003723259826647006}, "datetime": {"datetime": "2021-09-28 13:01:17", "elapsed": 1361.435922, "delta": 6.497161}}
{"target": -37.26579363103152, "params": {"C": 170.3414575129167, "epsilon": 3.0, "gamma": 0.001}, "datetime": {"datetime": "2021-09-28 13:01:24", "elapsed": 1368.612033, "delta": 7.176111}}
{"target": -38.50970921795516, "params": {"C": 161.01747611910207, "epsilon": 2.2898979433686972, "gamma": 0.014033964394699498}, "datetime": {"datetime": "2021-09-28 13:01:28", "elapsed": 1372.4144, "delta": 3.802367}}
{"target": -40.22094158493362, "params": {"C": 272.59714785279573, "epsilon": 0.7306016393112083, "gamma": 0.038908533325096466}, "datetime": {"datetime": "2021-09-28 13:01:36", "elapsed": 1381.030031, "delta": 8.615631}}
{"target": -39.19659329570841, "params": {"C": 156.25934840803518, "epsilon": 1.2674313284216716, "gamma": 0.032372098097133505}, "datetime": {"datetime": "2021-09-28 13:01:40", "elapsed": 1384.516974, "delta": 3.486943}}
{"target": -40.72656063247975, "params": {"C": 178.72853183833425, "epsilon": 1.1905056774767342, "gamma": 0.06951889334416668}, "datetime": {"datetime": "2021-09-28 13:01:49", "elapsed": 1393.734233, "delta": 9.217259}}
{"target": -40.605901451380696, "params": {"C": 161.08408436920337, "epsilon": 2.2417600018269077, "gamma": 0.07615645172777331}, "datetime": {"datetime": "2021-09-28 13:01:55", "elapsed": 1400.011828, "delta": 6.277595}}
{"target": -37.21989196253655, "params": {"C": 178.59411032947273, "epsilon": 1.281015959011732, "gamma": 0.004167135661724509}, "datetime": {"datetime": "2021-09-28 13:02:05", "elapsed": 1409.624496, "delta": 9.612668}}
{"target": -39.164672436341554, "params": {"C": 196.71870583810818, "epsilon": 2.5181014130297843, "gamma": 0.03284482818677652}, "datetime": {"datetime": "2021-09-28 13:02:09", "elapsed": 1414.148501, "delta": 4.524005}}
{"target": -41.44098327500194, "params": {"C": 278.4786716329751, "epsilon": 1.384558259859238, "gamma": 0.08114541253373067}, "datetime": {"datetime": "2021-09-28 13:02:16", "elapsed": 1420.622243, "delta": 6.473742}}
{"target": -38.87358800940587, "params": {"C": 178.48979304330078, "epsilon": 1.0404902410115222, "gamma": 0.016213648353088694}, "datetime": {"datetime": "2021-09-28 13:02:24", "elapsed": 1428.624291, "delta": 8.002048}}
{"target": -40.72353182094629, "params": {"C": 215.93560833521016, "epsilon": 1.6934827486094577, "gamma": 0.06326691998756453}, "datetime": {"datetime": "2021-09-28 13:02:30", "elapsed": 1434.82306, "delta": 6.198769}}
{"target": -40.21660451274901, "params": {"C": 178.58545441685752, "epsilon": 1.2248040400400946, "gamma": 0.05190216095234461}, "datetime": {"datetime": "2021-09-28 13:02:39", "elapsed": 1443.597087, "delta": 8.774027}}
{"target": -40.686139606295896, "params": {"C": 178.59615206742507, "epsilon": 1.3551272700340613, "gamma": 0.07412153295263466}, "datetime": {"datetime": "2021-09-28 13:02:46", "elapsed": 1450.908046, "delta": 7.310959}}
{"target": -40.528318130219326, "params": {"C": 163.5189123953183, "epsilon": 2.7900069542306714, "gamma": 0.06610130266905793}, "datetime": {"datetime": "2021-09-28 13:02:50", "elapsed": 1455.12687, "delta": 4.218824}}
{"target": -40.75296922472326, "params": {"C": 222.8242992602452, "epsilon": 0.10313300915554749, "gamma": 0.0541212344184906}, "datetime": {"datetime": "2021-09-28 13:02:59", "elapsed": 1464.037547, "delta": 8.910677}}
{"target": -38.6342217114704, "params": {"C": 222.6458672638948, "epsilon": 2.595760107563069, "gamma": 0.017964519293903646}, "datetime": {"datetime": "2021-09-28 13:03:11", "elapsed": 1475.963157, "delta": 11.92561}}
