{"target": -44.84267601677512, "params": {"C": 44.46129606895522, "epsilon": 1.4778238821832106, "gamma": 0.07293733745339916}, "datetime": {"datetime": "2021-09-24 15:03:33", "elapsed": 97.514251, "delta": 1.052999}}
{"target": -44.84940622102003, "params": {"C": 49.09882756060588, "epsilon": 2.6777287113311536, "gamma": 0.07929511172106472}, "datetime": {"datetime": "2021-09-24 15:03:34", "elapsed": 98.472001, "delta": 0.95775}}
{"target": -46.42976778605594, "params": {"C": 23.14447873076091, "epsilon": 2.4636631457309446, "gamma": 0.11856504033695449}, "datetime": {"datetime": "2021-09-24 15:03:34", "elapsed": 99.020603, "delta": 0.548602}}
{"target": -59.63271931659229, "params": {"C": 17.651687325039873, "epsilon": 2.220564170796571, "gamma": 0.956868288894434}, "datetime": {"datetime": "2021-09-24 15:03:35", "elapsed": 99.655606, "delta": 0.635003}}
{"target": -45.06420938669485, "params": {"C": 44.44687951817491, "epsilon": 1.2917733282273938, "gamma": 0.08076794545054028}, "datetime": {"datetime": "2021-09-24 15:03:36", "elapsed": 100.976251, "delta": 1.320645}}
{"target": -46.302800048163405, "params": {"C": 44.566658954311514, "epsilon": 1.508988331218285, "gamma": 0.12284377431213792}, "datetime": {"datetime": "2021-09-24 15:03:37", "elapsed": 101.896096, "delta": 0.919845}}
{"target": -44.823949832984965, "params": {"C": 48.991841484484844, "epsilon": 2.727451640240839, "gamma": 0.07855323128906984}, "datetime": {"datetime": "2021-09-24 15:03:38", "elapsed": 103.034712, "delta": 1.138616}}
{"target": -53.543343168878614, "params": {"C": 40.00193600167952, "epsilon": 0.9856244684566998, "gamma": 0.3817821184566951}, "datetime": {"datetime": "2021-09-24 15:03:39", "elapsed": 103.670344, "delta": 0.635632}}
{"target": -47.14752335487757, "params": {"C": 49.030487311883455, "epsilon": 2.587922394055992, "gamma": 0.15778085344147713}, "datetime": {"datetime": "2021-09-24 15:03:40", "elapsed": 104.768665, "delta": 1.098321}}
{"target": -43.46179520761756, "params": {"C": 26.305172713212116, "epsilon": 2.7233687616023112, "gamma": 0.007625482398499582}, "datetime": {"datetime": "2021-09-24 15:03:41", "elapsed": 106.225699, "delta": 1.457034}}
{"target": -43.19909495932432, "params": {"C": 40.25402035359619, "epsilon": 1.4029263703839665, "gamma": 0.011415280444979435}, "datetime": {"datetime": "2021-09-24 15:03:42", "elapsed": 107.319445, "delta": 1.093746}}
{"target": -43.41713297403704, "params": {"C": 26.201695239292377, "epsilon": 2.83709840080189, "gamma": 0.008173167155977495}, "datetime": {"datetime": "2021-09-24 15:03:44", "elapsed": 108.849881, "delta": 1.530436}}
{"target": -46.77997604852855, "params": {"C": 40.23722366019832, "epsilon": 1.3476453781171647, "gamma": 0.1348232835788601}, "datetime": {"datetime": "2021-09-24 15:03:45", "elapsed": 110.38069, "delta": 1.530809}}
{"target": -45.39677804314874, "params": {"C": 44.28367581523094, "epsilon": 1.3700605001999877, "gamma": 0.09272658153731014}, "datetime": {"datetime": "2021-09-24 15:03:47", "elapsed": 111.746838, "delta": 1.366148}}
{"target": -45.67576252757049, "params": {"C": 26.353381603535794, "epsilon": 2.9051158932725336, "gamma": 0.0021219022495038856}, "datetime": {"datetime": "2021-09-24 15:03:48", "elapsed": 113.297037, "delta": 1.550199}}
{"target": -43.312136956611305, "params": {"C": 40.36929441635945, "epsilon": 1.4225324003736213, "gamma": 0.015902204185073356}, "datetime": {"datetime": "2021-09-24 15:03:50", "elapsed": 114.413055, "delta": 1.116018}}
{"target": -48.47768810282824, "params": {"C": 44.418715859841036, "epsilon": 1.38416600357193, "gamma": 0.2100452083829723}, "datetime": {"datetime": "2021-09-24 15:03:51", "elapsed": 115.733228, "delta": 1.320173}}
{"target": -57.88659544735403, "params": {"C": 22.627673264350005, "epsilon": 2.8348719802890145, "gamma": 0.0001}, "datetime": {"datetime": "2021-09-24 15:03:52", "elapsed": 117.283301, "delta": 1.550073}}
{"target": -44.33206916702575, "params": {"C": 26.08349382229677, "epsilon": 2.801038720774735, "gamma": 0.003929870316008548}, "datetime": {"datetime": "2021-09-24 15:03:54", "elapsed": 118.535969, "delta": 1.252668}}
{"target": -57.86686985312836, "params": {"C": 22.855484888104836, "epsilon": 2.9114109921428715, "gamma": 0.0001}, "datetime": {"datetime": "2021-09-24 15:03:55", "elapsed": 120.128637, "delta": 1.592668}}
{"target": -45.786859048686075, "params": {"C": 44.66333426672608, "epsilon": 1.3394548999034548, "gamma": 0.10566558192628513}, "datetime": {"datetime": "2021-09-24 15:03:57", "elapsed": 121.449511, "delta": 1.320874}}
{"target": -44.122225063974696, "params": {"C": 40.27848256361499, "epsilon": 1.5497645343555697, "gamma": 0.05223526811347415}, "datetime": {"datetime": "2021-09-24 15:03:58", "elapsed": 122.504582, "delta": 1.055071}}
{"target": -43.26609206845117, "params": {"C": 48.907091747793544, "epsilon": 2.7377290115628314, "gamma": 0.004597681171725396}, "datetime": {"datetime": "2021-09-24 15:03:59", "elapsed": 123.881487, "delta": 1.376905}}
{"target": -46.56725975234016, "params": {"C": 40.37857041942598, "epsilon": 1.5545380542463303, "gamma": 0.12826326912718464}, "datetime": {"datetime": "2021-09-24 15:04:01", "elapsed": 125.774391, "delta": 1.892904}}
{"target": -56.48366885536648, "params": {"C": 40.41232835385188, "epsilon": 1.5670037670107628, "gamma": 0.0001}, "datetime": {"datetime": "2021-09-24 15:04:02", "elapsed": 126.851342, "delta": 1.076951}}
{"target": -46.47432509906124, "params": {"C": 26.369205043838345, "epsilon": 2.7858144277150534, "gamma": 0.11943289520615231}, "datetime": {"datetime": "2021-09-24 15:04:03", "elapsed": 127.97421, "delta": 1.122868}}
{"target": -58.52180918120864, "params": {"C": 30.14371290282223, "epsilon": 2.567432506600664, "gamma": 0.7417868941000972}, "datetime": {"datetime": "2021-09-24 15:04:04", "elapsed": 128.595293, "delta": 0.621083}}
{"target": -43.513383313232524, "params": {"C": 49.116882130595116, "epsilon": 2.8644800488029816, "gamma": 0.020164506404461987}, "datetime": {"datetime": "2021-09-24 15:04:05", "elapsed": 129.845085, "delta": 1.249792}}
{"target": -47.24575444119666, "params": {"C": 40.2355320451147, "epsilon": 1.5053516741851423, "gamma": 0.15530700796201588}, "datetime": {"datetime": "2021-09-24 15:04:07", "elapsed": 131.699741, "delta": 1.854656}}
{"target": -47.85985405170918, "params": {"C": 49.1127582587104, "epsilon": 2.9029141249131776, "gamma": 0.18585903024174935}, "datetime": {"datetime": "2021-09-24 15:04:08", "elapsed": 133.207197, "delta": 1.507456}}
{"target": -45.18371411685473, "params": {"C": 44.32738257004871, "epsilon": 1.1701701969901985, "gamma": 0.08438596568833709}, "datetime": {"datetime": "2021-09-24 15:04:09", "elapsed": 134.346656, "delta": 1.139459}}
{"target": -59.65852332647477, "params": {"C": 15.261038467874634, "epsilon": 0.902727193455901, "gamma": 0.9199629960791177}, "datetime": {"datetime": "2021-09-24 15:04:10", "elapsed": 135.010455, "delta": 0.663799}}
{"target": -43.36550200863635, "params": {"C": 44.242446586131294, "epsilon": 1.248539394122262, "gamma": 0.0044593218807090235}, "datetime": {"datetime": "2021-09-24 15:04:11", "elapsed": 136.296587, "delta": 1.286132}}
{"target": -59.92023536466668, "params": {"C": 4.835138166900576, "epsilon": 1.2364929705274044, "gamma": 0.7706382473027762}, "datetime": {"datetime": "2021-09-24 15:04:12", "elapsed": 136.945598, "delta": 0.649011}}
{"target": -43.87964780162244, "params": {"C": 44.14096559975125, "epsilon": 1.0658675439056844, "gamma": 0.037671917935460146}, "datetime": {"datetime": "2021-09-24 15:04:14", "elapsed": 138.414421, "delta": 1.468823}}
{"target": -56.17890099377773, "params": {"C": 44.56448470282571, "epsilon": 1.3054723295571955, "gamma": 0.0001}, "datetime": {"datetime": "2021-09-24 15:04:15", "elapsed": 140.117119, "delta": 1.702698}}
{"target": -43.355385471065425, "params": {"C": 46.50673781578812, "epsilon": 0.39229572486612174, "gamma": 0.015644497629912654}, "datetime": {"datetime": "2021-09-24 15:04:16", "elapsed": 140.777915, "delta": 0.660796}}
{"target": -54.08204604588557, "params": {"C": 33.785882625216125, "epsilon": 1.598625621234893, "gamma": 0.3824865719429286}, "datetime": {"datetime": "2021-09-24 15:04:17", "elapsed": 141.48892, "delta": 0.711005}}
{"target": -50.612950236925926, "params": {"C": 46.34118051156183, "epsilon": 0.5680516127093954, "gamma": 0.28572683257702347}, "datetime": {"datetime": "2021-09-24 15:04:17", "elapsed": 142.253936, "delta": 0.765016}}
{"target": -49.153706714815016, "params": {"C": 44.226493486618914, "epsilon": 1.2533123875441081, "gamma": 0.23335649125570432}, "datetime": {"datetime": "2021-09-24 15:04:19", "elapsed": 144.007555, "delta": 1.753619}}
{"target": -55.04448511611131, "params": {"C": 28.12871646129986, "epsilon": 0.4271745244114547, "gamma": 0.40201753525218664}, "datetime": {"datetime": "2021-09-24 15:04:20", "elapsed": 144.695549, "delta": 0.687994}}
{"target": -55.81120183476864, "params": {"C": 48.3468298130596, "epsilon": 2.9763468888455202, "gamma": 0.0001}, "datetime": {"datetime": "2021-09-24 15:04:21", "elapsed": 146.20051, "delta": 1.504961}}
{"target": -50.755185984661516, "params": {"C": 22.721808965323387, "epsilon": 2.7292431164495317, "gamma": 0.22741247027683797}, "datetime": {"datetime": "2021-09-24 15:04:23", "elapsed": 147.511511, "delta": 1.311001}}
{"target": -46.8748153360622, "params": {"C": 39.134171727059105, "epsilon": 1.3738823576897299, "gamma": 0.13809874707155922}, "datetime": {"datetime": "2021-09-24 15:04:23", "elapsed": 148.218943, "delta": 0.707432}}
{"target": -59.740029710861386, "params": {"C": 13.486467903609899, "epsilon": 1.7429587294066236, "gamma": 0.9445852964764407}, "datetime": {"datetime": "2021-09-24 15:04:24", "elapsed": 148.919942, "delta": 0.700999}}
{"target": -46.17874682252662, "params": {"C": 44.19549625609425, "epsilon": 1.1508709276508884, "gamma": 0.11823778808907445}, "datetime": {"datetime": "2021-09-24 15:04:26", "elapsed": 150.602854, "delta": 1.682912}}
{"target": -43.3133358874547, "params": {"C": 48.58130480783422, "epsilon": 2.8435277527647114, "gamma": 0.004237809538859506}, "datetime": {"datetime": "2021-09-24 15:04:27", "elapsed": 151.897923, "delta": 1.295069}}
{"target": -43.79742966726474, "params": {"C": 26.17511878354586, "epsilon": 2.6985240953846215, "gamma": 0.0052037293846402075}, "datetime": {"datetime": "2021-09-24 15:04:29", "elapsed": 154.077785, "delta": 2.179862}}
{"target": -46.975379370737386, "params": {"C": 48.35669275202903, "epsilon": 2.726866812495856, "gamma": 0.1490042863992293}, "datetime": {"datetime": "2021-09-24 15:04:30", "elapsed": 154.749932, "delta": 0.672147}}
{"target": -44.51502919859498, "params": {"C": 44.72530207327138, "epsilon": 1.4760509502831045, "gamma": 0.06151080921144117}, "datetime": {"datetime": "2021-09-24 15:04:32", "elapsed": 156.583762, "delta": 1.83383}}
{"target": -43.835263986932205, "params": {"C": 46.61254065634843, "epsilon": 0.31621354550488034, "gamma": 0.0371716851003384}, "datetime": {"datetime": "2021-09-24 15:04:33", "elapsed": 157.856074, "delta": 1.272312}}
{"target": -56.10067964791356, "params": {"C": 46.48833305715478, "epsilon": 0.2593492551800097, "gamma": 0.0001}, "datetime": {"datetime": "2021-09-24 15:04:34", "elapsed": 159.12708, "delta": 1.271006}}
{"target": -46.73699914703938, "params": {"C": 48.46322548327091, "epsilon": 2.884363789043205, "gamma": 0.13813604458365178}, "datetime": {"datetime": "2021-09-24 15:04:36", "elapsed": 160.89817, "delta": 1.77109}}
{"target": -43.39677648267224, "params": {"C": 46.61782161840563, "epsilon": 0.5157196332263556, "gamma": 0.02006495395260319}, "datetime": {"datetime": "2021-09-24 15:04:37", "elapsed": 162.037561, "delta": 1.139391}}
{"target": -48.42925685342628, "params": {"C": 44.72735416936518, "epsilon": 1.4258804272969057, "gamma": 0.20834378861819736}, "datetime": {"datetime": "2021-09-24 15:04:39", "elapsed": 163.723555, "delta": 1.685994}}
{"target": -47.107985803544565, "params": {"C": 46.66629452570336, "epsilon": 0.48836244278555446, "gamma": 0.15183876524081896}, "datetime": {"datetime": "2021-09-24 15:04:41", "elapsed": 165.606546, "delta": 1.882991}}
{"target": -59.970706455456764, "params": {"C": 2.5557038127769607, "epsilon": 2.2781090071071746, "gamma": 0.6811865576323379}, "datetime": {"datetime": "2021-09-24 15:04:42", "elapsed": 166.427397, "delta": 0.820851}}
{"target": -44.86558788755959, "params": {"C": 46.48059993961276, "epsilon": 0.6075799260754757, "gamma": 0.07100737062226989}, "datetime": {"datetime": "2021-09-24 15:04:43", "elapsed": 168.101981, "delta": 1.674584}}
{"target": -55.94248725688869, "params": {"C": 4.109108362698761, "epsilon": 2.8164426665473057, "gamma": 0.20950064390770348}, "datetime": {"datetime": "2021-09-24 15:04:44", "elapsed": 168.929994, "delta": 0.828013}}
{"target": -47.3426541634416, "params": {"C": 46.580761172492636, "epsilon": 0.4020391636125268, "gamma": 0.16260724889836783}, "datetime": {"datetime": "2021-09-24 15:04:46", "elapsed": 170.810685, "delta": 1.880691}}
{"target": -46.44242394431577, "params": {"C": 46.735131463415854, "epsilon": 0.3401707972235164, "gamma": 0.12651830951034032}, "datetime": {"datetime": "2021-09-24 15:04:48", "elapsed": 172.720422, "delta": 1.909737}}
{"target": -43.48246470549105, "params": {"C": 44.0557952821172, "epsilon": 1.2643729461083562, "gamma": 0.022323849327430763}, "datetime": {"datetime": "2021-09-24 15:04:49", "elapsed": 174.276496, "delta": 1.556074}}
{"target": -46.49853450940675, "params": {"C": 48.772917799306896, "epsilon": 2.9957751516304194, "gamma": 0.12894329881851074}, "datetime": {"datetime": "2021-09-24 15:04:52", "elapsed": 176.502706, "delta": 2.22621}}
{"target": -43.49277729572304, "params": {"C": 44.2886685378928, "epsilon": 1.0208918857170683, "gamma": 0.02073742429567412}, "datetime": {"datetime": "2021-09-24 15:04:53", "elapsed": 178.365755, "delta": 1.863049}}
{"target": -43.40621521313394, "params": {"C": 46.390748067421725, "epsilon": 0.49214823845224875, "gamma": 0.016533475422808037}, "datetime": {"datetime": "2021-09-24 15:04:55", "elapsed": 180.173, "delta": 1.807245}}
{"target": -45.85486633674407, "params": {"C": 49.18649248983034, "epsilon": 2.7745036782207824, "gamma": 0.1103497484712026}, "datetime": {"datetime": "2021-09-24 15:04:57", "elapsed": 181.965462, "delta": 1.792462}}
{"target": -56.17451779390764, "params": {"C": 44.6165786260007, "epsilon": 1.571778973337729, "gamma": 0.0001}, "datetime": {"datetime": "2021-09-24 15:04:59", "elapsed": 184.028554, "delta": 2.063092}}
{"target": -56.074345285361375, "params": {"C": 46.669815579447416, "epsilon": 0.4058960200104464, "gamma": 0.0001}, "datetime": {"datetime": "2021-09-24 15:05:01", "elapsed": 186.03589, "delta": 2.007336}}
{"target": -56.20690422234466, "params": {"C": 44.2316689333327, "epsilon": 1.1253832052561843, "gamma": 0.0001}, "datetime": {"datetime": "2021-09-24 15:05:03", "elapsed": 188.035389, "delta": 1.999499}}
{"target": -45.07339176694247, "params": {"C": 44.16353507923069, "epsilon": 1.2998312206147493, "gamma": 0.08098120757170965}, "datetime": {"datetime": "2021-09-24 15:05:05", "elapsed": 189.965994, "delta": 1.930605}}
{"target": -50.29966040075129, "params": {"C": 48.288684085494644, "epsilon": 2.9661771167455204, "gamma": 0.27324209380696113}, "datetime": {"datetime": "2021-09-24 15:05:07", "elapsed": 191.61005, "delta": 1.644056}}
{"target": -46.908828117474386, "params": {"C": 46.39719085080921, "epsilon": 0.5009486677756563, "gamma": 0.1427294392610585}, "datetime": {"datetime": "2021-09-24 15:05:08", "elapsed": 193.107142, "delta": 1.497092}}
{"target": -52.12581972841097, "params": {"C": 14.414513444891387, "epsilon": 0.005911889004727294, "gamma": 0.21923364113363147}, "datetime": {"datetime": "2021-09-24 15:05:09", "elapsed": 193.958173, "delta": 0.851031}}
{"target": -44.69441756467164, "params": {"C": 44.20083704803356, "epsilon": 0.9467623049660624, "gamma": 0.06588197718954882}, "datetime": {"datetime": "2021-09-24 15:05:11", "elapsed": 195.891676, "delta": 1.933503}}
{"target": -44.98676035890305, "params": {"C": 46.55689922203506, "epsilon": 0.5757423549237004, "gamma": 0.07515426154947522}, "datetime": {"datetime": "2021-09-24 15:05:13", "elapsed": 197.936694, "delta": 2.045018}}
{"target": -45.81038259213207, "params": {"C": 44.412644706778664, "epsilon": 0.9547634879447549, "gamma": 0.10554236501437063}, "datetime": {"datetime": "2021-09-24 15:05:15", "elapsed": 199.734274, "delta": 1.79758}}
{"target": -47.58068766244602, "params": {"C": 44.12472806711101, "epsilon": 1.0492081830012625, "gamma": 0.17375293270540473}, "datetime": {"datetime": "2021-09-24 15:05:17", "elapsed": 201.669276, "delta": 1.935002}}
{"target": -46.36948363944847, "params": {"C": 44.039677841889734, "epsilon": 1.3573116368802236, "gamma": 0.12423824890274685}, "datetime": {"datetime": "2021-09-24 15:05:19", "elapsed": 203.611264, "delta": 1.941988}}
{"target": -44.2852280125303, "params": {"C": 44.024149983300305, "epsilon": 1.1246872145721387, "gamma": 0.05494304477359228}, "datetime": {"datetime": "2021-09-24 15:05:20", "elapsed": 205.384319, "delta": 1.773055}}
{"target": -46.0511765172075, "params": {"C": 43.93756380567762, "epsilon": 1.2615264185843755, "gamma": 0.11418743336391933}, "datetime": {"datetime": "2021-09-24 15:05:23", "elapsed": 207.951864, "delta": 2.567545}}
{"target": -43.33617021559305, "params": {"C": 44.22785408268625, "epsilon": 1.3736025304718753, "gamma": 0.00826315734537308}, "datetime": {"datetime": "2021-09-24 15:05:25", "elapsed": 209.507339, "delta": 1.555475}}
{"target": -45.639572437055236, "params": {"C": 5.900586827335745, "epsilon": 1.541499851408484, "gamma": 0.022614003919349063}, "datetime": {"datetime": "2021-09-24 15:05:26", "elapsed": 210.521735, "delta": 1.014396}}
{"target": -47.35825507866479, "params": {"C": 44.390683913034735, "epsilon": 1.1109362323601992, "gamma": 0.1632407600967437}, "datetime": {"datetime": "2021-09-24 15:05:28", "elapsed": 212.609888, "delta": 2.088153}}
{"target": -58.50903496533267, "params": {"C": 48.93327413848313, "epsilon": 1.2369986386141127, "gamma": 0.8388992118141739}, "datetime": {"datetime": "2021-09-24 15:05:29", "elapsed": 213.524759, "delta": 0.914871}}
{"target": -47.5262268813581, "params": {"C": 44.27507875838417, "epsilon": 1.0256721986970425, "gamma": 0.1714875367804282}, "datetime": {"datetime": "2021-09-24 15:05:30", "elapsed": 215.124914, "delta": 1.600155}}
{"target": -50.17802957071813, "params": {"C": 25.464540044970843, "epsilon": 1.6856467414076397, "gamma": 0.22386731417073868}, "datetime": {"datetime": "2021-09-24 15:05:31", "elapsed": 216.021914, "delta": 0.897}}
{"target": -43.79438838593201, "params": {"C": 36.211951025410684, "epsilon": 1.923897075806904, "gamma": 0.0034989385409585085}, "datetime": {"datetime": "2021-09-24 15:05:32", "elapsed": 217.091024, "delta": 1.06911}}
{"target": -56.920263762852485, "params": {"C": 24.58781644346645, "epsilon": 0.006353635997356216, "gamma": 0.49816173194291163}, "datetime": {"datetime": "2021-09-24 15:05:33", "elapsed": 218.157667, "delta": 1.066643}}
{"target": -56.511345020405734, "params": {"C": 40.16118104367247, "epsilon": 1.508358976794673, "gamma": 0.0001}, "datetime": {"datetime": "2021-09-24 15:05:35", "elapsed": 220.103759, "delta": 1.946092}}
{"target": -56.081688160770454, "params": {"C": 46.35157938568432, "epsilon": 0.6184760639068455, "gamma": 0.0001}, "datetime": {"datetime": "2021-09-24 15:05:37", "elapsed": 222.388313, "delta": 2.284554}}
{"target": -57.57358200185408, "params": {"C": 26.338966170762387, "epsilon": 2.5911324630690213, "gamma": 0.0001}, "datetime": {"datetime": "2021-09-24 15:05:39", "elapsed": 224.220945, "delta": 1.832632}}
{"target": -44.089566033525394, "params": {"C": 36.32377767494171, "epsilon": 1.9493018312504067, "gamma": 0.051251398762031185}, "datetime": {"datetime": "2021-09-24 15:05:42", "elapsed": 227.403687, "delta": 3.182742}}
{"target": -45.98924568059658, "params": {"C": 36.179316356059175, "epsilon": 1.8991381531661773, "gamma": 0.1094770559110134}, "datetime": {"datetime": "2021-09-24 15:05:45", "elapsed": 230.119813, "delta": 2.716126}}
{"target": -43.79349016435682, "params": {"C": 49.04754943882966, "epsilon": 2.966614186414072, "gamma": 0.040965354467886995}, "datetime": {"datetime": "2021-09-24 15:05:50", "elapsed": 234.721907, "delta": 4.602094}}
{"target": -44.13659900774908, "params": {"C": 36.262719284000106, "epsilon": 1.8308156858404947, "gamma": 0.053032304765977555}, "datetime": {"datetime": "2021-09-24 15:05:53", "elapsed": 237.561026, "delta": 2.839119}}
{"target": -55.63631573582418, "params": {"C": 17.281203964763336, "epsilon": 2.4276145298472636, "gamma": 0.3635326467125709}, "datetime": {"datetime": "2021-09-24 15:05:54", "elapsed": 238.813816, "delta": 1.25279}}
{"target": -44.30889222957484, "params": {"C": 46.49642696678022, "epsilon": 0.48791833558269854, "gamma": 0.054698430247167994}, "datetime": {"datetime": "2021-09-24 15:05:56", "elapsed": 240.928603, "delta": 2.114787}}
{"target": -43.54545925738572, "params": {"C": 49.15720477578282, "epsilon": 2.974206905366763, "gamma": 0.02194334461635903}, "datetime": {"datetime": "2021-09-24 15:05:58", "elapsed": 243.397273, "delta": 2.46867}}
{"target": -43.32769063463338, "params": {"C": 44.098957415255875, "epsilon": 0.9511726190399599, "gamma": 0.014507536094160426}, "datetime": {"datetime": "2021-09-24 15:06:01", "elapsed": 246.254843, "delta": 2.85757}}
{"target": -46.25354142531783, "params": {"C": 28.73724718385611, "epsilon": 0.34708459960512283, "gamma": 0.11433191753738499}, "datetime": {"datetime": "2021-09-24 15:06:02", "elapsed": 247.397412, "delta": 1.142569}}
{"target": -43.28823503804289, "params": {"C": 36.29146302893399, "epsilon": 2.11773780866276, "gamma": 0.009103372631847718}, "datetime": {"datetime": "2021-09-24 15:06:04", "elapsed": 249.355915, "delta": 1.958503}}
