{"target": 0.12663048858301307, "params": {"C": 42.28517846555483, "epsilon": 0.7206041689487159, "gamma": 0.00021436337986315216}, "datetime": {"datetime": "2021-09-24 08:39:47", "elapsed": 0.0, "delta": 0.0}}
{"target": 0.41000605096087883, "params": {"C": 30.930924690552136, "epsilon": 0.14760913492629593, "gamma": 0.09242936090932093}, "datetime": {"datetime": "2021-09-24 08:39:47", "elapsed": 0.034997, "delta": 0.034997}}
{"target": 0.2617314808955514, "params": {"C": 19.439760926389418, "epsilon": 0.3462151663160047, "gamma": 0.39682779748324687}, "datetime": {"datetime": "2021-09-24 08:39:47", "elapsed": 0.060001, "delta": 0.025004}}
{"target": 0.23356312775016574, "params": {"C": 54.34285666633234, "epsilon": 0.4197753198888915, "gamma": 0.6852509784467198}, "datetime": {"datetime": "2021-09-24 08:39:47", "elapsed": 0.091096, "delta": 0.031095}}
{"target": 0.44418405518768445, "params": {"C": 21.240772723420225, "epsilon": 0.8782393189545544, "gamma": 0.02748485443860637}, "datetime": {"datetime": "2021-09-24 08:39:47", "elapsed": 0.121007, "delta": 0.029911}}
{"target": 0.17921691744501478, "params": {"C": 38.208197695669, "epsilon": 0.7900886564909997, "gamma": 0.7744694574050779}, "datetime": {"datetime": "2021-09-24 08:39:47", "elapsed": 0.188755, "delta": 0.067748}}
{"target": 0.33873203082723036, "params": {"C": 53.69749411142431, "epsilon": 0.7875966247941151, "gamma": 0.17498228480326983}, "datetime": {"datetime": "2021-09-24 08:39:47", "elapsed": 0.282509, "delta": 0.093754}}
{"target": 0.22291170338987987, "params": {"C": 59.98860006120256, "epsilon": 0.2617638833923677, "gamma": 0.7467542831214856}, "datetime": {"datetime": "2021-09-24 08:39:47", "elapsed": 0.382812, "delta": 0.100303}}
{"target": 0.09612578000744254, "params": {"C": 23.523971932462278, "epsilon": 0.15643440739082923, "gamma": 0.9473087207320596}, "datetime": {"datetime": "2021-09-24 08:39:47", "elapsed": 0.460972, "delta": 0.07816}}
{"target": 0.311356639814134, "params": {"C": 72.8993491362408, "epsilon": 0.7288834018368413, "gamma": 0.19476856277911697}, "datetime": {"datetime": "2021-09-24 08:39:47", "elapsed": 0.558177, "delta": 0.097205}}
{"target": 0.29188141896762687, "params": {"C": 47.554422376931385, "epsilon": 0.42406921865376807, "gamma": 0.4719654790399025}, "datetime": {"datetime": "2021-09-24 08:39:47", "elapsed": 0.68381, "delta": 0.125633}}
{"target": 0.2741876529341086, "params": {"C": 95.58911197857834, "epsilon": 0.6644073444262056, "gamma": 0.4707735678651894}, "datetime": {"datetime": "2021-09-24 08:39:48", "elapsed": 0.768534, "delta": 0.084724}}
{"target": 0.1493601264251705, "params": {"C": 49.38453956461047, "epsilon": 0.8413374950585417, "gamma": 0.9790705315207406}, "datetime": {"datetime": "2021-09-24 08:39:48", "elapsed": 0.884551, "delta": 0.116017}}
{"target": 0.14310046497354312, "params": {"C": 32.924803184248496, "epsilon": 0.763771913328533, "gamma": 0.856975969410257}, "datetime": {"datetime": "2021-09-24 08:39:48", "elapsed": 0.969223, "delta": 0.084672}}
{"target": 0.20381875693210116, "params": {"C": 85.6397899648315, "epsilon": 0.7196327031050553, "gamma": 0.9119797265175791}, "datetime": {"datetime": "2021-09-24 08:39:48", "elapsed": 1.054101, "delta": 0.084878}}
{"target": 0.29461151080479064, "params": {"C": 68.0340411004982, "epsilon": 0.5483631316610356, "gamma": 0.3832708462219909}, "datetime": {"datetime": "2021-09-24 08:39:48", "elapsed": 1.153928, "delta": 0.099827}}
{"target": 0.2879866718513626, "params": {"C": 14.934853999305448, "epsilon": 0.14024017734137936, "gamma": 0.31690062862002916}, "datetime": {"datetime": "2021-09-24 08:39:48", "elapsed": 1.244131, "delta": 0.090203}}
{"target": 0.4282394143559344, "params": {"C": 28.12604630072965, "epsilon": 0.7645840554218787, "gamma": 0.066963858605749}, "datetime": {"datetime": "2021-09-24 08:39:48", "elapsed": 1.319104, "delta": 0.074973}}
{"target": 0.2706011467784579, "params": {"C": 93.99362637650356, "epsilon": 0.9499991061192029, "gamma": 0.27920351059843224}, "datetime": {"datetime": "2021-09-24 08:39:48", "elapsed": 1.432566, "delta": 0.113462}}
{"target": 0.36378288811323556, "params": {"C": 60.221999821081056, "epsilon": 0.11358935525219095, "gamma": 0.11686583193345935}, "datetime": {"datetime": "2021-09-24 08:39:48", "elapsed": 1.532873, "delta": 0.100307}}
{"target": 0.29137988148037075, "params": {"C": 14.963421527381954, "epsilon": 0.10602049122409331, "gamma": 0.31263136021591836}, "datetime": {"datetime": "2021-09-24 08:39:48", "elapsed": 1.61759, "delta": 0.084717}}
{"target": 0.22605324882226185, "params": {"C": 21.081233307517202, "epsilon": 1.0, "gamma": 0.48345106953892236}, "datetime": {"datetime": "2021-09-24 08:39:49", "elapsed": 1.949587, "delta": 0.331997}}
{"target": 0.030696472500271632, "params": {"C": 21.43482722058322, "epsilon": 0.7301306577821022, "gamma": 0.0001}, "datetime": {"datetime": "2021-09-24 08:39:49", "elapsed": 2.177018, "delta": 0.227431}}
{"target": 0.4260063386596842, "params": {"C": 30.857505617826725, "epsilon": 0.05128831391226068, "gamma": 0.06881666477292271}, "datetime": {"datetime": "2021-09-24 08:39:49", "elapsed": 2.287885, "delta": 0.110867}}
{"target": 0.4307876224265711, "params": {"C": 28.216012934381634, "epsilon": 0.8662078737140914, "gamma": 0.009328279172835258}, "datetime": {"datetime": "2021-09-24 08:39:49", "elapsed": 2.419549, "delta": 0.131664}}
{"target": 0.4441246953829615, "params": {"C": 21.137380922724795, "epsilon": 0.9571521588976353, "gamma": 0.028200310559550086}, "datetime": {"datetime": "2021-09-24 08:39:49", "elapsed": 2.63621, "delta": 0.216661}}
{"target": 0.15442653309714904, "params": {"C": 23.7741430028068, "epsilon": 0.06572203071649878, "gamma": 0.7038752628531468}, "datetime": {"datetime": "2021-09-24 08:39:50", "elapsed": 2.736522, "delta": 0.100312}}
{"target": 0.375592381980287, "params": {"C": 21.12399863737569, "epsilon": 0.8746994345514687, "gamma": 0.18895249614740658}, "datetime": {"datetime": "2021-09-24 08:39:50", "elapsed": 2.968032, "delta": 0.23151}}
{"target": 0.3912026148946284, "params": {"C": 27.98416123557662, "epsilon": 0.9101297775267784, "gamma": 0.13978309611812373}, "datetime": {"datetime": "2021-09-24 08:39:50", "elapsed": 3.138941, "delta": 0.170909}}
{"target": 0.28031549357279295, "params": {"C": 84.08119367674604, "epsilon": 0.4190919682264855, "gamma": 0.2961598084322438}, "datetime": {"datetime": "2021-09-24 08:39:50", "elapsed": 3.26114, "delta": 0.122199}}
{"target": 0.37964162789170774, "params": {"C": 28.2696382178456, "epsilon": 0.7777131440093319, "gamma": 0.1694969182082029}, "datetime": {"datetime": "2021-09-24 08:39:50", "elapsed": 3.653611, "delta": 0.392471}}
{"target": 0.045731677569371465, "params": {"C": 31.06359443662858, "epsilon": 0.001, "gamma": 0.0001}, "datetime": {"datetime": "2021-09-24 08:39:51", "elapsed": 3.926, "delta": 0.272389}}
{"target": 0.2718157574904768, "params": {"C": 5.256207731247922, "epsilon": 0.4154480921520809, "gamma": 0.005391043853766423}, "datetime": {"datetime": "2021-09-24 08:39:51", "elapsed": 4.051999, "delta": 0.125999}}
{"target": 0.3453176632567685, "params": {"C": 30.8243972767317, "epsilon": 0.10124471881766685, "gamma": 0.2682497708165425}, "datetime": {"datetime": "2021-09-24 08:39:51", "elapsed": 4.288598, "delta": 0.236599}}
{"target": 0.42662993338366473, "params": {"C": 21.266351705124684, "epsilon": 0.999988616186168, "gamma": 0.07834956957257276}, "datetime": {"datetime": "2021-09-24 08:39:51", "elapsed": 4.536105, "delta": 0.247507}}
{"target": 0.3410138640822409, "params": {"C": 28.17677392021099, "epsilon": 0.9440180958098311, "gamma": 0.28283718375139805}, "datetime": {"datetime": "2021-09-24 08:39:52", "elapsed": 4.852794, "delta": 0.316689}}
{"target": 0.2275397985798313, "params": {"C": 11.216925533072661, "epsilon": 0.05809171903722195, "gamma": 0.3697091136032107}, "datetime": {"datetime": "2021-09-24 08:39:52", "elapsed": 5.055485, "delta": 0.202691}}
{"target": 0.43422838778344575, "params": {"C": 30.915819406246847, "epsilon": 0.3643107048145739, "gamma": 0.0354359128791973}, "datetime": {"datetime": "2021-09-24 08:39:52", "elapsed": 5.274485, "delta": 0.219}}
{"target": 0.4443481607600387, "params": {"C": 21.232754323114612, "epsilon": 0.8576596150614407, "gamma": 0.02807638078441616}, "datetime": {"datetime": "2021-09-24 08:39:52", "elapsed": 5.469542, "delta": 0.195057}}
{"target": 0.4353093486263524, "params": {"C": 30.532542387859465, "epsilon": 0.23806663833793268, "gamma": 0.03341447017964626}, "datetime": {"datetime": "2021-09-24 08:39:53", "elapsed": 5.80434, "delta": 0.334798}}
{"target": 0.4346279093437625, "params": {"C": 30.711020247756995, "epsilon": 0.4102358330198647, "gamma": 0.03057385979244522}, "datetime": {"datetime": "2021-09-24 08:39:53", "elapsed": 6.064741, "delta": 0.260401}}
{"target": 0.41855901914913585, "params": {"C": 30.746245416158363, "epsilon": 0.1940846536213702, "gamma": 0.004240560676365994}, "datetime": {"datetime": "2021-09-24 08:39:53", "elapsed": 6.494307, "delta": 0.429566}}
{"target": 0.38351398782014445, "params": {"C": 30.452142374821392, "epsilon": 0.45773046338505463, "gamma": 0.15063112608150175}, "datetime": {"datetime": "2021-09-24 08:39:54", "elapsed": 6.944545, "delta": 0.450238}}
{"target": 0.3458637874383701, "params": {"C": 30.80803120737781, "epsilon": 0.38758248326878214, "gamma": 0.26654156576635024}, "datetime": {"datetime": "2021-09-24 08:39:54", "elapsed": 7.341658, "delta": 0.397113}}
{"target": 0.3976004936635624, "params": {"C": 26.21797405879688, "epsilon": 0.8456446135664303, "gamma": 0.130743746208685}, "datetime": {"datetime": "2021-09-24 08:39:54", "elapsed": 7.510658, "delta": 0.169}}
{"target": 0.20648764439129885, "params": {"C": 75.71558088968531, "epsilon": 0.2371401527071588, "gamma": 0.8752029867304207}, "datetime": {"datetime": "2021-09-24 08:39:54", "elapsed": 7.656701, "delta": 0.146043}}
{"target": 0.4011038285637445, "params": {"C": 30.38307407802752, "epsilon": 0.11223806863044214, "gamma": 0.10859519477719252}, "datetime": {"datetime": "2021-09-24 08:39:55", "elapsed": 7.883626, "delta": 0.226925}}
{"target": 0.20671276817796835, "params": {"C": 81.2761023225424, "epsilon": 0.7474988198213383, "gamma": 0.8895400444465734}, "datetime": {"datetime": "2021-09-24 08:39:55", "elapsed": 8.119626, "delta": 0.236}}
{"target": 0.43514414476821917, "params": {"C": 28.11771912279231, "epsilon": 0.7615541087637001, "gamma": 0.04424341120611905}, "datetime": {"datetime": "2021-09-24 08:39:55", "elapsed": 8.281616, "delta": 0.16199}}
{"target": 0.045072297346259615, "params": {"C": 30.85735102091036, "epsilon": 0.6425173631689994, "gamma": 0.0001}, "datetime": {"datetime": "2021-09-24 08:39:55", "elapsed": 8.642729, "delta": 0.361113}}
{"target": 0.030049628864182054, "params": {"C": 21.005136903005855, "epsilon": 0.754395960381885, "gamma": 0.0001}, "datetime": {"datetime": "2021-09-24 08:39:56", "elapsed": 8.960465, "delta": 0.317736}}
{"target": 0.3596884718423715, "params": {"C": 30.479530183162957, "epsilon": 0.22307895147199341, "gamma": 0.21858263120254126}, "datetime": {"datetime": "2021-09-24 08:39:56", "elapsed": 9.212816, "delta": 0.252351}}
{"target": 0.4416139642396154, "params": {"C": 30.546394126125826, "epsilon": 0.035489376706714815, "gamma": 0.02122957085306633}, "datetime": {"datetime": "2021-09-24 08:39:56", "elapsed": 9.52601, "delta": 0.313194}}
{"target": 0.442150110996697, "params": {"C": 28.36797815423142, "epsilon": 0.6060620633542201, "gamma": 0.017273590618899604}, "datetime": {"datetime": "2021-09-24 08:39:57", "elapsed": 9.955627, "delta": 0.429617}}
{"target": 0.4354300811833375, "params": {"C": 28.46796395742395, "epsilon": 0.8038442873803356, "gamma": 0.03770712079015444}, "datetime": {"datetime": "2021-09-24 08:39:57", "elapsed": 10.211075, "delta": 0.255448}}
{"target": 0.4251161901173067, "params": {"C": 28.08700216467841, "epsilon": 0.5565673232617736, "gamma": 0.07390428180065071}, "datetime": {"datetime": "2021-09-24 08:39:57", "elapsed": 10.46107, "delta": 0.249995}}
{"target": 0.021127764517585246, "params": {"C": 5.17818769583535, "epsilon": 0.6579827891480298, "gamma": 0.9911709276526934}, "datetime": {"datetime": "2021-09-24 08:39:57", "elapsed": 10.647169, "delta": 0.186099}}
{"target": 0.3700156659245848, "params": {"C": 28.392908794845326, "epsilon": 0.4225077402693297, "gamma": 0.194644372543061}, "datetime": {"datetime": "2021-09-24 08:39:58", "elapsed": 11.038138, "delta": 0.390969}}
{"target": 0.050223148962730724, "params": {"C": 11.755314481218766, "epsilon": 0.8155972403641031, "gamma": 0.9746321307193945}, "datetime": {"datetime": "2021-09-24 08:39:58", "elapsed": 11.295615, "delta": 0.257477}}
{"target": 0.2785224183766205, "params": {"C": 87.30295318096893, "epsilon": 0.1794165767810376, "gamma": 0.4188443232750833}, "datetime": {"datetime": "2021-09-24 08:39:58", "elapsed": 11.52466, "delta": 0.229045}}
{"target": 0.07647746412542444, "params": {"C": 8.119303294911958, "epsilon": 0.15695113687405438, "gamma": 0.6775150736162513}, "datetime": {"datetime": "2021-09-24 08:39:59", "elapsed": 11.759656, "delta": 0.234996}}
{"target": 0.4212662503808998, "params": {"C": 28.755092087961604, "epsilon": 0.7548704953180263, "gamma": 0.077897497900383}, "datetime": {"datetime": "2021-09-24 08:39:59", "elapsed": 12.416267, "delta": 0.656611}}
{"target": 0.42580227559921735, "params": {"C": 28.673757346393224, "epsilon": 0.4331508624117808, "gamma": 0.07218950223127689}, "datetime": {"datetime": "2021-09-24 08:39:59", "elapsed": 12.712994, "delta": 0.296727}}
{"target": 0.34548259521427627, "params": {"C": 28.72163875578539, "epsilon": 0.6582323059683133, "gamma": 0.2696157184129419}, "datetime": {"datetime": "2021-09-24 08:40:00", "elapsed": 13.394916, "delta": 0.681922}}
{"target": 0.38562775219553624, "params": {"C": 28.848296144854835, "epsilon": 0.5481393190395171, "gamma": 0.002446316111852663}, "datetime": {"datetime": "2021-09-24 08:40:01", "elapsed": 13.772186, "delta": 0.37727}}
{"target": 0.11569512822663808, "params": {"C": 2.684044068265331, "epsilon": 0.29402898274787564, "gamma": 0.31166858516048784}, "datetime": {"datetime": "2021-09-24 08:40:01", "elapsed": 14.088733, "delta": 0.316547}}
{"target": 0.3812156100499513, "params": {"C": 9.5385658654077, "epsilon": 0.5476586781004074, "gamma": 0.14511699671526068}, "datetime": {"datetime": "2021-09-24 08:40:01", "elapsed": 14.353648, "delta": 0.264915}}
{"target": 0.04145320132023689, "params": {"C": 28.510767274075572, "epsilon": 0.22902628947279416, "gamma": 0.0001}, "datetime": {"datetime": "2021-09-24 08:40:02", "elapsed": 14.896692, "delta": 0.543044}}
{"target": 0.04250210442602176, "params": {"C": 28.64565269800531, "epsilon": 0.9974523710167225, "gamma": 0.0001}, "datetime": {"datetime": "2021-09-24 08:40:02", "elapsed": 15.474175, "delta": 0.577483}}
{"target": 0.4389374812973431, "params": {"C": 27.895377013505797, "epsilon": 0.5249906764299462, "gamma": 0.014361248936731304}, "datetime": {"datetime": "2021-09-24 08:40:03", "elapsed": 15.789585, "delta": 0.31541}}
{"target": 0.3814386457126129, "params": {"C": 28.511174739167668, "epsilon": 0.6487084775408805, "gamma": 0.1639707351798691}, "datetime": {"datetime": "2021-09-24 08:40:03", "elapsed": 16.301875, "delta": 0.51229}}
{"target": 0.3755447047131606, "params": {"C": 27.779072911757492, "epsilon": 0.6392468880213947, "gamma": 0.1819434508253986}, "datetime": {"datetime": "2021-09-24 08:40:04", "elapsed": 16.764869, "delta": 0.462994}}
{"target": 0.3201891978191752, "params": {"C": 27.98251322951511, "epsilon": 0.49971167493917507, "gamma": 0.33777385732144705}, "datetime": {"datetime": "2021-09-24 08:40:04", "elapsed": 17.270687, "delta": 0.505818}}
{"target": 0.30853272892813566, "params": {"C": 27.97664321205664, "epsilon": 0.508760225621783, "gamma": 0.3633210777013445}, "datetime": {"datetime": "2021-09-24 08:40:04", "elapsed": 17.556177, "delta": 0.28549}}
{"target": 0.4272703478242995, "params": {"C": 28.677542857621276, "epsilon": 0.6009637067680837, "gamma": 0.06895036814921683}, "datetime": {"datetime": "2021-09-24 08:40:05", "elapsed": 17.918073, "delta": 0.361896}}
{"target": 0.26095414850902543, "params": {"C": 46.37544711239421, "epsilon": 0.9693123067206102, "gamma": 0.5690871612430345}, "datetime": {"datetime": "2021-09-24 08:40:05", "elapsed": 18.137175, "delta": 0.219102}}
{"target": 0.43524159175276433, "params": {"C": 27.714128226087013, "epsilon": 0.8738897931025374, "gamma": 0.05192715116273524}, "datetime": {"datetime": "2021-09-24 08:40:05", "elapsed": 18.610705, "delta": 0.47353}}
{"target": 0.4216146275316084, "params": {"C": 14.312293915013026, "epsilon": 0.9386989549771287, "gamma": 0.009570285070290186}, "datetime": {"datetime": "2021-09-24 08:40:06", "elapsed": 18.872101, "delta": 0.261396}}
{"target": 0.3378970069993019, "params": {"C": 14.272872359787412, "epsilon": 0.9636472563797818, "gamma": 0.24173659032179837}, "datetime": {"datetime": "2021-09-24 08:40:06", "elapsed": 19.358101, "delta": 0.486}}
{"target": 0.19251815479358714, "params": {"C": 18.500601505244322, "epsilon": 0.21000415286538596, "gamma": 0.5306473677013047}, "datetime": {"datetime": "2021-09-24 08:40:06", "elapsed": 19.619396, "delta": 0.261295}}
{"target": 0.2725816779503206, "params": {"C": 82.71588353814604, "epsilon": 0.12077199411176504, "gamma": 0.558353025451429}, "datetime": {"datetime": "2021-09-24 08:40:07", "elapsed": 19.859677, "delta": 0.240281}}
{"target": 0.37040817177805097, "params": {"C": 28.253317726466477, "epsilon": 0.8037212566970143, "gamma": 0.1933246620289913}, "datetime": {"datetime": "2021-09-24 08:40:07", "elapsed": 20.133332, "delta": 0.273655}}
{"target": 0.4339192168385658, "params": {"C": 27.508975486681074, "epsilon": 0.7658518083026254, "gamma": 0.05669033284279375}, "datetime": {"datetime": "2021-09-24 08:40:07", "elapsed": 20.546273, "delta": 0.412941}}
{"target": 0.41910977781530967, "params": {"C": 27.569249619466525, "epsilon": 0.45382181778572994, "gamma": 0.08310659080150881}, "datetime": {"datetime": "2021-09-24 08:40:08", "elapsed": 21.132252, "delta": 0.585979}}
{"target": 0.27484285864527747, "params": {"C": 83.27844492047777, "epsilon": 0.8404897292802676, "gamma": 0.537535218663557}, "datetime": {"datetime": "2021-09-24 08:40:08", "elapsed": 21.451467, "delta": 0.319215}}
{"target": 0.41496708358162426, "params": {"C": 27.316439470226037, "epsilon": 0.590508487760255, "gamma": 0.09099805708809496}, "datetime": {"datetime": "2021-09-24 08:40:09", "elapsed": 21.89937, "delta": 0.447903}}
{"target": 0.22746180481676526, "params": {"C": 79.46958282625279, "epsilon": 0.14176222388611812, "gamma": 0.7922823745793166}, "datetime": {"datetime": "2021-09-24 08:40:09", "elapsed": 22.186118, "delta": 0.286748}}
{"target": 0.2803463041978038, "params": {"C": 27.64663432930043, "epsilon": 0.6631155854746167, "gamma": 0.0009744658238146284}, "datetime": {"datetime": "2021-09-24 08:40:10", "elapsed": 22.914985, "delta": 0.728867}}
{"target": 0.3712830320571092, "params": {"C": 39.61106249118704, "epsilon": 0.03625504213733892, "gamma": 0.15493484131532}, "datetime": {"datetime": "2021-09-24 08:40:10", "elapsed": 23.239278, "delta": 0.324293}}
{"target": 0.377853215147544, "params": {"C": 3.516496369731814, "epsilon": 0.03707694882040773, "gamma": 0.029921949382620678}, "datetime": {"datetime": "2021-09-24 08:40:10", "elapsed": 23.582736, "delta": 0.343458}}
{"target": 0.3334380218301516, "params": {"C": 27.674634714755854, "epsilon": 0.9797618407504283, "gamma": 0.3027578271448458}, "datetime": {"datetime": "2021-09-24 08:40:11", "elapsed": 24.440397, "delta": 0.857661}}
{"target": 0.39378864360263865, "params": {"C": 27.372973388933254, "epsilon": 0.9105971504378868, "gamma": 0.13657970111973058}, "datetime": {"datetime": "2021-09-24 08:40:12", "elapsed": 24.852068, "delta": 0.411671}}
{"target": 0.3499742120000334, "params": {"C": 27.52144175288525, "epsilon": 0.7362158259183806, "gamma": 0.25675928277552407}, "datetime": {"datetime": "2021-09-24 08:40:12", "elapsed": 25.402728, "delta": 0.55066}}
{"target": 0.389129019925207, "params": {"C": 27.40696996486785, "epsilon": 0.26320906263565846, "gamma": 0.1492271336289364}, "datetime": {"datetime": "2021-09-24 08:40:13", "elapsed": 25.854389, "delta": 0.451661}}
{"target": 0.335895375863851, "params": {"C": 27.47767587025942, "epsilon": 0.456162291196939, "gamma": 0.29761417810615565}, "datetime": {"datetime": "2021-09-24 08:40:13", "elapsed": 26.567774, "delta": 0.713385}}
{"target": 0.42369555387438185, "params": {"C": 27.781285891450736, "epsilon": 0.29590873933662826, "gamma": 0.07727287936214908}, "datetime": {"datetime": "2021-09-24 08:40:14", "elapsed": 27.162804, "delta": 0.59503}}
{"target": 0.4220625997140459, "params": {"C": 27.6867648923983, "epsilon": 0.029682409963786967, "gamma": 0.07956271302625323}, "datetime": {"datetime": "2021-09-24 08:40:15", "elapsed": 27.756542, "delta": 0.593738}}
{"target": 0.3430448427199927, "params": {"C": 64.27140110366281, "epsilon": 0.10004089860629697, "gamma": 0.14358530329151442}, "datetime": {"datetime": "2021-09-24 08:40:15", "elapsed": 28.104977, "delta": 0.348435}}
{"target": 0.32796106442200557, "params": {"C": 27.841219696487737, "epsilon": 0.11858784155572916, "gamma": 0.31932462289816566}, "datetime": {"datetime": "2021-09-24 08:40:15", "elapsed": 28.516235, "delta": 0.411258}}
{"target": 0.3833707443312223, "params": {"C": 27.600897725190997, "epsilon": 0.2207991904090964, "gamma": 0.16381246578255443}, "datetime": {"datetime": "2021-09-24 08:40:16", "elapsed": 29.005774, "delta": 0.489539}}
{"target": 0.43586901536628975, "params": {"C": 28.01689969947073, "epsilon": 0.25384526465245105, "gamma": 0.03630892948586023}, "datetime": {"datetime": "2021-09-24 08:40:17", "elapsed": 29.843463, "delta": 0.837689}}
