{"target": -45.05209597592415, "params": {"C": 69.16540723232, "epsilon": 2.966357448961462, "gamma": 0.08145672753996105}, "datetime": {"datetime": "2021-09-24 16:19:41", "elapsed": 24.499061, "delta": 0.354971}}
{"target": -44.5112914568966, "params": {"C": 90.59694735862256, "epsilon": 2.005069868019947, "gamma": 0.05700169384180393}, "datetime": {"datetime": "2021-09-24 16:19:41", "elapsed": 24.815095, "delta": 0.316034}}
{"target": -46.16254886167476, "params": {"C": 94.10963090802298, "epsilon": 1.764664925143945, "gamma": 0.10889129445504085}, "datetime": {"datetime": "2021-09-24 16:19:41", "elapsed": 25.204094, "delta": 0.388999}}
{"target": -44.11275408585904, "params": {"C": 97.25075683260496, "epsilon": 0.6135203107443519, "gamma": 0.015100348054263274}, "datetime": {"datetime": "2021-09-24 16:19:42", "elapsed": 25.687061, "delta": 0.482967}}
{"target": -44.532104440257314, "params": {"C": 58.39763868048663, "epsilon": 3.427152668876111, "gamma": 0.0713597706453767}, "datetime": {"datetime": "2021-09-24 16:19:42", "elapsed": 26.00706, "delta": 0.319999}}
{"target": -44.6294573033288, "params": {"C": 71.44972122030666, "epsilon": 1.0710648179081865, "gamma": 0.07072890394816045}, "datetime": {"datetime": "2021-09-24 16:19:43", "elapsed": 26.360054, "delta": 0.352994}}
{"target": -46.146466377597534, "params": {"C": 87.86741629735613, "epsilon": 1.5934187741285506, "gamma": 0.11436252852709428}, "datetime": {"datetime": "2021-09-24 16:19:43", "elapsed": 26.677055, "delta": 0.317001}}
{"target": -45.397170067317184, "params": {"C": 52.57932424332321, "epsilon": 1.4849404653349103, "gamma": 0.11899897048596622}, "datetime": {"datetime": "2021-09-24 16:19:43", "elapsed": 27.109585, "delta": 0.43253}}
{"target": -46.080139038902445, "params": {"C": 75.52359131355749, "epsilon": 0.16874380087141272, "gamma": 0.12384596535465792}, "datetime": {"datetime": "2021-09-24 16:19:44", "elapsed": 27.45559, "delta": 0.346005}}
{"target": -44.17089514360719, "params": {"C": 98.42599692379423, "epsilon": 3.916138335827262, "gamma": 0.003253986226553371}, "datetime": {"datetime": "2021-09-24 16:19:44", "elapsed": 27.765687, "delta": 0.310097}}
{"target": -46.34218300647049, "params": {"C": 99.68223791521271, "epsilon": 1.9285831036379606, "gamma": 0.13326803375096907}, "datetime": {"datetime": "2021-09-24 16:19:44", "elapsed": 28.260646, "delta": 0.494959}}
{"target": -44.82563908138648, "params": {"C": 54.146955292085714, "epsilon": 3.842036212810087, "gamma": 0.0842845388154173}, "datetime": {"datetime": "2021-09-24 16:19:45", "elapsed": 28.611682, "delta": 0.351036}}
{"target": -45.182130489489786, "params": {"C": 80.88551261383401, "epsilon": 1.2736597406477919, "gamma": 0.07883960210623826}, "datetime": {"datetime": "2021-09-24 16:19:45", "elapsed": 29.00465, "delta": 0.392968}}
{"target": -44.421208178923045, "params": {"C": 62.02321552508433, "epsilon": 1.7359590561879727, "gamma": 0.06851349608466575}, "datetime": {"datetime": "2021-09-24 16:19:46", "elapsed": 29.333688, "delta": 0.329038}}
{"target": -44.083323336048835, "params": {"C": 74.21602269331902, "epsilon": 3.716580718844804, "gamma": 0.016646457231572556}, "datetime": {"datetime": "2021-09-24 16:19:46", "elapsed": 29.660644, "delta": 0.326956}}
{"target": -43.828310924902596, "params": {"C": 56.62229171998718, "epsilon": 1.8214883706396376, "gamma": 0.010537495257533953}, "datetime": {"datetime": "2021-09-24 16:19:46", "elapsed": 30.071708, "delta": 0.411064}}
{"target": -46.03478933996167, "params": {"C": 67.35176266235388, "epsilon": 0.4015990889772648, "gamma": 0.1328191101701214}, "datetime": {"datetime": "2021-09-24 16:19:47", "elapsed": 30.482708, "delta": 0.411}}
{"target": -43.98810098240402, "params": {"C": 90.157635123884, "epsilon": 1.7869069523172283, "gamma": 0.014858151477283353}, "datetime": {"datetime": "2021-09-24 16:19:47", "elapsed": 30.92571, "delta": 0.443002}}
{"target": -44.68656753317228, "params": {"C": 91.543960321666, "epsilon": 1.3131901110428714, "gamma": 0.06358755404384682}, "datetime": {"datetime": "2021-09-24 16:19:48", "elapsed": 31.282744, "delta": 0.357034}}
{"target": -44.1369196482046, "params": {"C": 51.183805525193335, "epsilon": 3.007030645014478, "gamma": 0.03439804603341352}, "datetime": {"datetime": "2021-09-24 16:19:48", "elapsed": 31.699703, "delta": 0.416959}}
{"target": -46.19934836746178, "params": {"C": 62.433276770118574, "epsilon": 3.519610911110005, "gamma": 0.13709281271976437}, "datetime": {"datetime": "2021-09-24 16:19:48", "elapsed": 32.104007, "delta": 0.404304}}
{"target": -46.371157960981414, "params": {"C": 89.86541254224687, "epsilon": 2.3326535097813164, "gamma": 0.14164970849197864}, "datetime": {"datetime": "2021-09-24 16:19:49", "elapsed": 32.45205, "delta": 0.348043}}
{"target": -46.17725239256371, "params": {"C": 67.47796808449233, "epsilon": 2.0234151613396842, "gamma": 0.14066978709702363}, "datetime": {"datetime": "2021-09-24 16:19:49", "elapsed": 32.87001, "delta": 0.41796}}
{"target": -44.057765010192654, "params": {"C": 83.06847604307487, "epsilon": 3.199715600205482, "gamma": 0.040227460767157525}, "datetime": {"datetime": "2021-09-24 16:19:50", "elapsed": 33.345015, "delta": 0.475005}}
{"target": -44.17048708573035, "params": {"C": 57.61651173284426, "epsilon": 2.5220397320908234, "gamma": 0.035683519373796456}, "datetime": {"datetime": "2021-09-24 16:19:50", "elapsed": 33.883007, "delta": 0.537992}}
{"target": -45.88221928158228, "params": {"C": 82.17872685602754, "epsilon": 2.5178162416741445, "gamma": 0.1048463439153802}, "datetime": {"datetime": "2021-09-24 16:19:51", "elapsed": 34.314047, "delta": 0.43104}}
{"target": -44.11352184409057, "params": {"C": 72.12413234931928, "epsilon": 3.6127610093617943, "gamma": 0.01425764525625865}, "datetime": {"datetime": "2021-09-24 16:19:51", "elapsed": 34.850009, "delta": 0.535962}}
{"target": -44.39278251578677, "params": {"C": 82.35219765544382, "epsilon": 2.1850704645693972, "gamma": 0.049675154570539864}, "datetime": {"datetime": "2021-09-24 16:19:52", "elapsed": 35.439007, "delta": 0.588998}}
{"target": -44.3182612098308, "params": {"C": 71.7997451071002, "epsilon": 0.17189009108361294, "gamma": 0.05721793539847737}, "datetime": {"datetime": "2021-09-24 16:21:41", "elapsed": 0.0, "delta": 0.0}}
{"target": -44.099651035941115, "params": {"C": 71.76611963091385, "epsilon": 1.722045462203832, "gamma": 0.03638180799536804}, "datetime": {"datetime": "2021-09-24 16:21:41", "elapsed": 0.063995, "delta": 0.063995}}
{"target": -44.22254808007772, "params": {"C": 60.232431701892125, "epsilon": 2.5037348977581084, "gamma": 0.0334671939990797}, "datetime": {"datetime": "2021-09-24 16:21:41", "elapsed": 0.136052, "delta": 0.072057}}
{"target": -44.23814412884849, "params": {"C": 63.341363755143334, "epsilon": 2.511055962783329, "gamma": 0.05526849895631871}, "datetime": {"datetime": "2021-09-24 16:21:41", "elapsed": 0.162048, "delta": 0.025996}}
{"target": -44.03267354545334, "params": {"C": 56.728997267246676, "epsilon": 2.0883620165743833, "gamma": 0.022521787236456953}, "datetime": {"datetime": "2021-09-24 16:21:41", "elapsed": 0.188049, "delta": 0.026001}}
{"target": -44.32867532870374, "params": {"C": 81.59540902606784, "epsilon": 1.134894834871239, "gamma": 0.05419516317985107}, "datetime": {"datetime": "2021-09-24 16:21:41", "elapsed": 0.296053, "delta": 0.108004}}
{"target": -44.40613927014498, "params": {"C": 71.0304914128238, "epsilon": 1.8565120359360723, "gamma": 0.05982737395122132}, "datetime": {"datetime": "2021-09-24 16:21:41", "elapsed": 0.395057, "delta": 0.099004}}
{"target": -43.981261167693816, "params": {"C": 59.767259617659995, "epsilon": 2.5172678686114396, "gamma": 0.04968482847521888}, "datetime": {"datetime": "2021-09-24 16:21:41", "elapsed": 0.487049, "delta": 0.091992}}
{"target": -45.7865716415311, "params": {"C": 90.86869041184192, "epsilon": 0.2863254968513189, "gamma": 0.08785686244484565}, "datetime": {"datetime": "2021-09-24 16:21:41", "elapsed": 0.623051, "delta": 0.136002}}
{"target": -45.197900019211104, "params": {"C": 58.232636065738774, "epsilon": 3.824254303670277, "gamma": 0.1}, "datetime": {"datetime": "2021-09-24 16:21:42", "elapsed": 1.207527, "delta": 0.584476}}
{"target": -44.07854666034662, "params": {"C": 59.089809379635774, "epsilon": 1.5290125449590857, "gamma": 0.029462928032873877}, "datetime": {"datetime": "2021-09-24 16:21:42", "elapsed": 1.84621, "delta": 0.638683}}
{"target": -44.12543086142522, "params": {"C": 57.291616487505856, "epsilon": 0.7663869064837757, "gamma": 0.005}, "datetime": {"datetime": "2021-09-24 16:21:43", "elapsed": 2.239396, "delta": 0.393186}}
{"target": -44.15001214826734, "params": {"C": 55.53244637167079, "epsilon": 1.171729654315745, "gamma": 0.005}, "datetime": {"datetime": "2021-09-24 16:21:43", "elapsed": 2.500397, "delta": 0.261001}}
{"target": -44.185800078836, "params": {"C": 73.38069569672524, "epsilon": 1.9860674961528835, "gamma": 0.005}, "datetime": {"datetime": "2021-09-24 16:21:44", "elapsed": 2.974668, "delta": 0.474271}}
{"target": -44.16597227122211, "params": {"C": 55.059238745753376, "epsilon": 2.9224497758755263, "gamma": 0.005}, "datetime": {"datetime": "2021-09-24 16:21:44", "elapsed": 3.425666, "delta": 0.450998}}
{"target": -45.528788572026244, "params": {"C": 72.43327373625486, "epsilon": 3.598661166315701, "gamma": 0.1}, "datetime": {"datetime": "2021-09-24 16:21:45", "elapsed": 3.902667, "delta": 0.477001}}
{"target": -44.044677230807466, "params": {"C": 73.80120914032999, "epsilon": 0.45171959094277714, "gamma": 0.005}, "datetime": {"datetime": "2021-09-24 16:21:45", "elapsed": 4.455281, "delta": 0.552614}}
{"target": -44.40367050526417, "params": {"C": 75.18306139734617, "epsilon": 1.32875860502706, "gamma": 0.06092387169926892}, "datetime": {"datetime": "2021-09-24 16:21:46", "elapsed": 4.922721, "delta": 0.46744}}
{"target": -45.01019821937688, "params": {"C": 53.46332425794784, "epsilon": 1.7298576601570679, "gamma": 0.1}, "datetime": {"datetime": "2021-09-24 16:21:46", "elapsed": 5.377724, "delta": 0.455003}}
{"target": -45.261567536523145, "params": {"C": 60.14103025033314, "epsilon": 0.07, "gamma": 0.1}, "datetime": {"datetime": "2021-09-24 16:21:47", "elapsed": 5.901724, "delta": 0.524}}
{"target": -45.60605072893279, "params": {"C": 72.78645930116531, "epsilon": 1.0004016126242607, "gamma": 0.1}, "datetime": {"datetime": "2021-09-24 16:21:47", "elapsed": 6.514678, "delta": 0.612954}}
{"target": -43.845411586388835, "params": {"C": 56.27792346315999, "epsilon": 2.5841857704070783, "gamma": 0.011328042339392115}, "datetime": {"datetime": "2021-09-24 16:21:47", "elapsed": 6.636044, "delta": 0.121366}}
{"target": -44.29602717039254, "params": {"C": 85.72110089458991, "epsilon": 0.9271373795049687, "gamma": 0.03192049870960584}, "datetime": {"datetime": "2021-09-24 16:21:47", "elapsed": 6.778039, "delta": 0.141995}}
{"target": -44.10897745160454, "params": {"C": 55.945714747356526, "epsilon": 1.9943988184844346, "gamma": 0.03628853106399787}, "datetime": {"datetime": "2021-09-24 16:21:48", "elapsed": 7.130634, "delta": 0.352595}}
{"target": -45.02165694686534, "params": {"C": 65.76800859869336, "epsilon": 1.7348382926157315, "gamma": 0.08490147643147039}, "datetime": {"datetime": "2021-09-24 16:21:48", "elapsed": 7.25563, "delta": 0.124996}}
{"target": -43.937958252901645, "params": {"C": 62.111952274405105, "epsilon": 2.027242256735679, "gamma": 0.022890087367434513}, "datetime": {"datetime": "2021-09-24 16:21:48", "elapsed": 7.529633, "delta": 0.274003}}
{"target": -44.03425199480225, "params": {"C": 56.09837762305524, "epsilon": 3.358683914770529, "gamma": 0.03872085327900881}, "datetime": {"datetime": "2021-09-24 16:21:49", "elapsed": 8.019346, "delta": 0.489713}}
{"target": -43.93227851323036, "params": {"C": 62.23649779737548, "epsilon": 2.8089035227287473, "gamma": 0.0136781548684007}, "datetime": {"datetime": "2021-09-24 16:21:49", "elapsed": 8.471773, "delta": 0.452427}}
{"target": -44.070318315065705, "params": {"C": 61.47760126432212, "epsilon": 2.4840627098360457, "gamma": 0.03744555732870262}, "datetime": {"datetime": "2021-09-24 16:21:49", "elapsed": 8.82179, "delta": 0.350017}}
{"target": -44.7700739219152, "params": {"C": 56.14486561529172, "epsilon": 3.3616424231725657, "gamma": 0.08144682186326428}, "datetime": {"datetime": "2021-09-24 16:21:50", "elapsed": 8.988274, "delta": 0.166484}}
{"target": -43.97192069693131, "params": {"C": 50.58649202218181, "epsilon": 3.7037492019445137, "gamma": 0.016668395345981354}, "datetime": {"datetime": "2021-09-24 16:21:50", "elapsed": 9.126272, "delta": 0.137998}}
{"target": -44.29758538175721, "params": {"C": 55.16532461963423, "epsilon": 3.6001412464494007, "gamma": 0.06340741418980335}, "datetime": {"datetime": "2021-09-24 16:21:50", "elapsed": 9.347297, "delta": 0.221025}}
{"target": -43.978361016649345, "params": {"C": 83.27587860066961, "epsilon": 2.8635050588948117, "gamma": 0.006399813291279369}, "datetime": {"datetime": "2021-09-24 16:21:50", "elapsed": 9.52927, "delta": 0.181973}}
{"target": -44.17571620408958, "params": {"C": 93.39004039800955, "epsilon": 3.8043174626990863, "gamma": 0.029314998483731633}, "datetime": {"datetime": "2021-09-24 16:21:50", "elapsed": 9.712268, "delta": 0.182998}}
{"target": -44.29777182587779, "params": {"C": 83.5730265260515, "epsilon": 1.0974230683557271, "gamma": 0.03083899425159639}, "datetime": {"datetime": "2021-09-24 16:21:51", "elapsed": 9.943278, "delta": 0.23101}}
{"target": -45.686719931289105, "params": {"C": 87.21748647249026, "epsilon": 2.8005682753625227, "gamma": 0.09435360973185596}, "datetime": {"datetime": "2021-09-24 16:21:51", "elapsed": 10.126997, "delta": 0.183719}}
{"target": -44.1061914667433, "params": {"C": 66.76499811573075, "epsilon": 0.642824584389214, "gamma": 0.01970340647070258}, "datetime": {"datetime": "2021-09-24 16:21:51", "elapsed": 10.33008, "delta": 0.203083}}
{"target": -44.4220052676262, "params": {"C": 60.26963575885067, "epsilon": 0.4375750786240156, "gamma": 0.06839202105199316}, "datetime": {"datetime": "2021-09-24 16:21:51", "elapsed": 10.504076, "delta": 0.173996}}
{"target": -44.493763788344225, "params": {"C": 76.2288163183486, "epsilon": 2.7227551029592947, "gamma": 0.0561101984995584}, "datetime": {"datetime": "2021-09-24 16:21:51", "elapsed": 10.663112, "delta": 0.159036}}
{"target": -44.16653525119328, "params": {"C": 89.38950424735759, "epsilon": 1.209190188533881, "gamma": 0.03635969949796513}, "datetime": {"datetime": "2021-09-24 16:21:52", "elapsed": 10.8567, "delta": 0.193588}}
{"target": -44.16635486189625, "params": {"C": 82.79226851365365, "epsilon": 1.0816833074296484, "gamma": 0.041396013750754364}, "datetime": {"datetime": "2021-09-24 16:21:52", "elapsed": 11.107891, "delta": 0.251191}}
{"target": -44.8518722848439, "params": {"C": 65.30433688396437, "epsilon": 2.9910892762154675, "gamma": 0.07839942589684339}, "datetime": {"datetime": "2021-09-24 16:21:52", "elapsed": 11.280928, "delta": 0.173037}}
{"target": -44.49937301053893, "params": {"C": 80.01394818031737, "epsilon": 2.7306805761804767, "gamma": 0.054862520911247936}, "datetime": {"datetime": "2021-09-24 16:21:52", "elapsed": 11.454888, "delta": 0.17396}}
{"target": -44.016371445510885, "params": {"C": 90.88341936534333, "epsilon": 0.8113306653384078, "gamma": 0.011545888775397452}, "datetime": {"datetime": "2021-09-24 16:21:52", "elapsed": 11.633538, "delta": 0.17865}}
{"target": -44.71203002259737, "params": {"C": 75.9086267219893, "epsilon": 0.2705617875007226, "gamma": 0.07039427663069052}, "datetime": {"datetime": "2021-09-24 16:21:52", "elapsed": 11.833542, "delta": 0.200004}}
{"target": -44.471621875568616, "params": {"C": 58.24939046295815, "epsilon": 1.235017657351047, "gamma": 0.0729333592227581}, "datetime": {"datetime": "2021-09-24 16:21:53", "elapsed": 12.026536, "delta": 0.192994}}
{"target": -44.35883892357488, "params": {"C": 98.27638587558809, "epsilon": 2.55439924396832, "gamma": 0.024285952136180948}, "datetime": {"datetime": "2021-09-24 16:21:53", "elapsed": 12.247545, "delta": 0.221009}}
{"target": -44.344178696053014, "params": {"C": 90.21493599428265, "epsilon": 2.0314968221923584, "gamma": 0.04395274505430708}, "datetime": {"datetime": "2021-09-24 16:21:53", "elapsed": 12.486541, "delta": 0.238996}}
{"target": -44.10166794737816, "params": {"C": 53.873278178462215, "epsilon": 1.0988005687302256, "gamma": 0.02801265437875731}, "datetime": {"datetime": "2021-09-24 16:21:53", "elapsed": 12.70354, "delta": 0.216999}}
{"target": -46.10390387150174, "params": {"C": 98.95108533607072, "epsilon": 0.9703836264962982, "gamma": 0.09984477716914743}, "datetime": {"datetime": "2021-09-24 16:21:54", "elapsed": 12.999145, "delta": 0.295605}}
{"target": -44.1284986846402, "params": {"C": 50.95896332515794, "epsilon": 2.742410868490507, "gamma": 0.03699392252487817}, "datetime": {"datetime": "2021-09-24 16:21:54", "elapsed": 13.289439, "delta": 0.290294}}
{"target": -45.61068866391467, "params": {"C": 82.34609336767721, "epsilon": 0.3820410928635483, "gamma": 0.08920402871268304}, "datetime": {"datetime": "2021-09-24 16:21:54", "elapsed": 13.493472, "delta": 0.204033}}
{"target": -45.18817049222461, "params": {"C": 94.28313741175003, "epsilon": 2.0930903646880283, "gamma": 0.07200689708233098}, "datetime": {"datetime": "2021-09-24 16:21:54", "elapsed": 13.676439, "delta": 0.182967}}
{"target": -45.90860393059255, "params": {"C": 91.09493238695657, "epsilon": 3.8183724404538006, "gamma": 0.09888720109144511}, "datetime": {"datetime": "2021-09-24 16:21:55", "elapsed": 13.949442, "delta": 0.273003}}
{"target": -45.359265719929766, "params": {"C": 75.80367590984808, "epsilon": 2.8664029195766227, "gamma": 0.09027142517819038}, "datetime": {"datetime": "2021-09-24 16:21:55", "elapsed": 14.174566, "delta": 0.225124}}
{"target": -43.83110949672653, "params": {"C": 99.94800954231232, "epsilon": 0.20601419475062918, "gamma": 0.008918200391800737}, "datetime": {"datetime": "2021-09-24 16:21:55", "elapsed": 14.401561, "delta": 0.226995}}
{"target": -44.8070602723053, "params": {"C": 91.98096665758462, "epsilon": 2.8428977170580327, "gamma": 0.06509457795371101}, "datetime": {"datetime": "2021-09-24 16:21:55", "elapsed": 14.59556, "delta": 0.193999}}
{"target": -44.55267040037153, "params": {"C": 95.6218103337483, "epsilon": 0.6177384729410991, "gamma": 0.05962943046429212}, "datetime": {"datetime": "2021-09-24 16:21:56", "elapsed": 14.900307, "delta": 0.304747}}
{"target": -45.81783309938029, "params": {"C": 97.24895856131026, "epsilon": 0.5367700207103909, "gamma": 0.0870116183228565}, "datetime": {"datetime": "2021-09-24 16:21:56", "elapsed": 15.230564, "delta": 0.330257}}
{"target": -44.07759700971272, "params": {"C": 53.73988456442201, "epsilon": 0.23856169279743564, "gamma": 0.02579590248247184}, "datetime": {"datetime": "2021-09-24 16:21:56", "elapsed": 15.491556, "delta": 0.260992}}
{"target": -45.70126903601818, "params": {"C": 98.65996446849334, "epsilon": 0.6325933105542769, "gamma": 0.08051037007247586}, "datetime": {"datetime": "2021-09-24 16:21:56", "elapsed": 15.782555, "delta": 0.290999}}
{"target": -44.34081982083944, "params": {"C": 67.7668864607771, "epsilon": 3.99558116166001, "gamma": 0.05394905954622087}, "datetime": {"datetime": "2021-09-24 16:21:57", "elapsed": 16.055212, "delta": 0.272657}}
{"target": -44.06852675215678, "params": {"C": 73.59972825926384, "epsilon": 3.2624153016558672, "gamma": 0.020486848023006342}, "datetime": {"datetime": "2021-09-24 16:21:57", "elapsed": 16.318435, "delta": 0.263223}}
{"target": -44.37978762215562, "params": {"C": 94.40077220716697, "epsilon": 2.5769498219375966, "gamma": 0.04240940862609894}, "datetime": {"datetime": "2021-09-24 16:21:57", "elapsed": 16.664214, "delta": 0.345779}}
{"target": -43.94095175364568, "params": {"C": 64.44802464826009, "epsilon": 3.417514943404254, "gamma": 0.019678526179468102}, "datetime": {"datetime": "2021-09-24 16:21:58", "elapsed": 17.123623, "delta": 0.459409}}
{"target": -44.73482876902348, "params": {"C": 83.7563652688527, "epsilon": 0.4155676314558631, "gamma": 0.06741435636229816}, "datetime": {"datetime": "2021-09-24 16:21:58", "elapsed": 17.492599, "delta": 0.368976}}
{"target": -44.59949520023411, "params": {"C": 77.90844120484581, "epsilon": 2.6356185358550275, "gamma": 0.06618848892870928}, "datetime": {"datetime": "2021-09-24 16:21:58", "elapsed": 17.832606, "delta": 0.340007}}
{"target": -44.28497506391758, "params": {"C": 76.34426636079452, "epsilon": 2.34715701221773, "gamma": 0.030541145067310198}, "datetime": {"datetime": "2021-09-24 16:21:59", "elapsed": 18.128288, "delta": 0.295682}}
{"target": -44.279598313850215, "params": {"C": 61.090796293604605, "epsilon": 0.42800154981410143, "gamma": 0.059845134322569465}, "datetime": {"datetime": "2021-09-24 16:21:59", "elapsed": 18.351195, "delta": 0.222907}}
{"target": -45.081902198041305, "params": {"C": 80.5315531812012, "epsilon": 2.6485664726431883, "gamma": 0.0766150726089233}, "datetime": {"datetime": "2021-09-24 16:21:59", "elapsed": 18.648155, "delta": 0.29696}}
{"target": -44.15309175832381, "params": {"C": 80.59830536913877, "epsilon": 1.1374373655553633, "gamma": 0.04171349599257624}, "datetime": {"datetime": "2021-09-24 16:22:00", "elapsed": 19.048837, "delta": 0.400682}}
{"target": -44.277140045863106, "params": {"C": 54.49892448353372, "epsilon": 2.9927669262488665, "gamma": 0.06684575474858105}, "datetime": {"datetime": "2021-09-24 16:22:00", "elapsed": 19.355833, "delta": 0.306996}}
{"target": -44.34133987686444, "params": {"C": 82.48630415459894, "epsilon": 3.3186822548179578, "gamma": 0.02561374139465421}, "datetime": {"datetime": "2021-09-24 16:22:00", "elapsed": 19.634835, "delta": 0.279002}}
