{"target": 0.18010770866293624, "params": {"C": 386.86543100124493, "epsilon": 0.41898159805352564, "gamma": 0.08668194883346869}, "datetime": {"datetime": "2021-09-24 10:48:40", "elapsed": 8.374957, "delta": 0.256157}}
{"target": 0.09749318889908487, "params": {"C": 391.7468756839308, "epsilon": 0.3571942219110591, "gamma": 0.12962874873795385}, "datetime": {"datetime": "2021-09-24 10:48:41", "elapsed": 8.636972, "delta": 0.262015}}
{"target": 0.356382293458432, "params": {"C": 261.219653693266, "epsilon": 0.12963015692099478, "gamma": 0.03361673126198214}, "datetime": {"datetime": "2021-09-24 10:48:41", "elapsed": 8.949998, "delta": 0.313026}}
{"target": 0.1041386561789126, "params": {"C": 395.97989340548, "epsilon": 0.43031738889370913, "gamma": 0.11943205411367265}, "datetime": {"datetime": "2021-09-24 10:48:41", "elapsed": 9.225027, "delta": 0.275029}}
{"target": 0.2578570987428216, "params": {"C": 303.3006593823313, "epsilon": 2.9966279653481855, "gamma": 0.07777273549880957}, "datetime": {"datetime": "2021-09-24 10:48:41", "elapsed": 9.430056, "delta": 0.205029}}
{"target": 0.37954800861046645, "params": {"C": 320.79918477779154, "epsilon": 2.4371459261236503, "gamma": 0.025289898478188893}, "datetime": {"datetime": "2021-09-24 10:48:42", "elapsed": 9.693025, "delta": 0.262969}}
{"target": 0.26950731338250533, "params": {"C": 383.2023166215009, "epsilon": 1.9140642534327867, "gamma": 0.05967370405567096}, "datetime": {"datetime": "2021-09-24 10:48:42", "elapsed": 9.920198, "delta": 0.227173}}
{"target": 0.39045263341943115, "params": {"C": 293.34407394478023, "epsilon": 2.555503133656325, "gamma": 0.02402210948148155}, "datetime": {"datetime": "2021-09-24 10:48:42", "elapsed": 10.128039, "delta": 0.207841}}
{"target": 0.16212448634114585, "params": {"C": 351.2690958065581, "epsilon": 0.2647041543857846, "gamma": 0.09889199050507816}, "datetime": {"datetime": "2021-09-24 10:48:42", "elapsed": 10.402882, "delta": 0.274843}}
{"target": 0.1791899866728055, "params": {"C": 333.72532361453744, "epsilon": 1.9588346028064192, "gamma": 0.09696931421450192}, "datetime": {"datetime": "2021-09-24 10:48:43", "elapsed": 10.643994, "delta": 0.241112}}
{"target": 0.31364265671413205, "params": {"C": 329.0327990823836, "epsilon": 1.7387083663208582, "gamma": 0.04105926963188652}, "datetime": {"datetime": "2021-09-24 10:48:43", "elapsed": 10.860438, "delta": 0.216444}}
{"target": 0.2452238057462276, "params": {"C": 283.2723888808138, "epsilon": 0.27419253127035376, "gamma": 0.08702026330592474}, "datetime": {"datetime": "2021-09-24 10:48:43", "elapsed": 11.16434, "delta": 0.303902}}
{"target": 0.1368194067942301, "params": {"C": 341.5946595436036, "epsilon": 1.9687152293783519, "gamma": 0.11332258756557441}, "datetime": {"datetime": "2021-09-24 10:48:43", "elapsed": 11.409595, "delta": 0.245255}}
{"target": 0.2761699509983443, "params": {"C": 341.79491610741627, "epsilon": 0.8155660710688383, "gamma": 0.058582220030461686}, "datetime": {"datetime": "2021-09-24 10:48:44", "elapsed": 11.668933, "delta": 0.259338}}
{"target": 0.2283876631335927, "params": {"C": 263.49677345060115, "epsilon": 2.231376084432659, "gamma": 0.09800018376356397}, "datetime": {"datetime": "2021-09-24 10:48:44", "elapsed": 11.943858, "delta": 0.274925}}
{"target": 0.3365497721007207, "params": {"C": 347.4589124637968, "epsilon": 2.4800834814755865, "gamma": 0.0333310259768787}, "datetime": {"datetime": "2021-09-24 10:48:44", "elapsed": 12.259855, "delta": 0.315997}}
{"target": 0.14676709291988888, "params": {"C": 302.84045055338566, "epsilon": 0.5459844528771801, "gamma": 0.12006427173499702}, "datetime": {"datetime": "2021-09-24 10:48:45", "elapsed": 12.579853, "delta": 0.319998}}
{"target": 0.43223395116451957, "params": {"C": 366.4063906245693, "epsilon": 2.5271254073921154, "gamma": 0.01246729359343228}, "datetime": {"datetime": "2021-09-24 10:48:45", "elapsed": 12.86086, "delta": 0.281007}}
{"target": 0.2915665384119368, "params": {"C": 365.0523955855197, "epsilon": 1.4158674670097497, "gamma": 0.044991171465572743}, "datetime": {"datetime": "2021-09-24 10:48:45", "elapsed": 13.144858, "delta": 0.283998}}
{"target": 0.4422430352402912, "params": {"C": 283.93639955859186, "epsilon": 1.2113137792135218, "gamma": 0.012229241202020562}, "datetime": {"datetime": "2021-09-24 10:48:45", "elapsed": 13.372896, "delta": 0.228038}}
{"target": 0.28822654784443136, "params": {"C": 266.8910562255231, "epsilon": 1.0729768704008404, "gamma": 0.06677684557083856}, "datetime": {"datetime": "2021-09-24 10:48:46", "elapsed": 13.592897, "delta": 0.220001}}
{"target": 0.10887652073591336, "params": {"C": 362.40601739161826, "epsilon": 2.6773367360312865, "gamma": 0.1425162462173544}, "datetime": {"datetime": "2021-09-24 10:48:46", "elapsed": 13.910857, "delta": 0.31796}}
{"target": 0.2447574414371677, "params": {"C": 268.5306748070557, "epsilon": 1.312857292129212, "gamma": 0.09059405822969807}, "datetime": {"datetime": "2021-09-24 10:48:46", "elapsed": 14.245672, "delta": 0.334815}}
{"target": 0.2987864492854738, "params": {"C": 261.48888926941373, "epsilon": 1.434774124710005, "gamma": 0.057786690694285915}, "datetime": {"datetime": "2021-09-24 10:48:47", "elapsed": 14.496674, "delta": 0.251002}}
{"target": 0.14346841482058992, "params": {"C": 297.2459526501327, "epsilon": 0.8469460777458394, "gamma": 0.12981666807166803}, "datetime": {"datetime": "2021-09-24 10:48:47", "elapsed": 14.778836, "delta": 0.282162}}
{"target": 0.1315766265163998, "params": {"C": 322.1919525912259, "epsilon": 1.6220976471454234, "gamma": 0.1349150511226592}, "datetime": {"datetime": "2021-09-24 10:48:47", "elapsed": 15.146864, "delta": 0.368028}}
{"target": 0.26527038831001815, "params": {"C": 327.3673618771602, "epsilon": 0.41682191923315226, "gamma": 0.06905576828707903}, "datetime": {"datetime": "2021-09-24 10:48:48", "elapsed": 15.53941, "delta": 0.392546}}
{"target": 0.22878538239125779, "params": {"C": 394.4568900634363, "epsilon": 1.6137810250154352, "gamma": 0.0729491508051044}, "datetime": {"datetime": "2021-09-24 10:48:48", "elapsed": 15.799449, "delta": 0.260039}}
{"target": 0.2774566130476469, "params": {"C": 294.5414372177814, "epsilon": 2.206694261726618, "gamma": 0.07134193223740212}, "datetime": {"datetime": "2021-09-24 10:48:48", "elapsed": 16.250926, "delta": 0.451477}}
{"target": 0.1961927219132079, "params": {"C": 360.5565918898932, "epsilon": 1.102984223076161, "gamma": 0.08690292802465292}, "datetime": {"datetime": "2021-09-24 10:48:49", "elapsed": 16.561945, "delta": 0.311019}}
{"target": 0.25019472388396036, "params": {"C": 298.49380469257795, "epsilon": 0.5136741417503587, "gamma": 0.08190046429680956}, "datetime": {"datetime": "2021-09-24 10:48:49", "elapsed": 16.875131, "delta": 0.313186}}
{"target": 0.4007279811114154, "params": {"C": 265.4848284992221, "epsilon": 2.188919082194781, "gamma": 0.02273475088553671}, "datetime": {"datetime": "2021-09-24 10:48:49", "elapsed": 17.163958, "delta": 0.288827}}
{"target": 0.10031107005513229, "params": {"C": 391.769799801255, "epsilon": 1.0363616657147892, "gamma": 0.1292256522388155}, "datetime": {"datetime": "2021-09-24 10:48:49", "elapsed": 17.427995, "delta": 0.264037}}
{"target": 0.22237038797515762, "params": {"C": 341.85280514299996, "epsilon": 1.3659781696146527, "gamma": 0.08277399459027858}, "datetime": {"datetime": "2021-09-24 10:48:50", "elapsed": 17.732001, "delta": 0.304006}}
{"target": 0.27169524542483614, "params": {"C": 253.58480475465026, "epsilon": 0.8030884262555791, "gamma": 0.08279909217281749}, "datetime": {"datetime": "2021-09-24 10:48:50", "elapsed": 18.033374, "delta": 0.301373}}
{"target": 0.1627581319318283, "params": {"C": 295.052557585828, "epsilon": 1.9707904458472028, "gamma": 0.1147907122217784}, "datetime": {"datetime": "2021-09-24 10:48:50", "elapsed": 18.370777, "delta": 0.337403}}
{"target": 0.16058608301635202, "params": {"C": 264.7423614497249, "epsilon": 2.1816782728208612, "gamma": 0.1381143153335534}, "datetime": {"datetime": "2021-09-24 10:48:51", "elapsed": 18.694777, "delta": 0.324}}
{"target": 0.16397256260359527, "params": {"C": 257.9039898759351, "epsilon": 1.166473093366109, "gamma": 0.13393486615010863}, "datetime": {"datetime": "2021-09-24 10:48:51", "elapsed": 19.005948, "delta": 0.311171}}
{"target": 0.4448166740861862, "params": {"C": 260.05058582977904, "epsilon": 2.4886409624770285, "gamma": 0.01162361985795524}, "datetime": {"datetime": "2021-09-24 10:48:51", "elapsed": 19.356258, "delta": 0.35031}}
{"target": 0.13497785451229127, "params": {"C": 333.4157588077132, "epsilon": 1.2130656822276833, "gamma": 0.11713803549180712}, "datetime": {"datetime": "2021-09-24 10:48:52", "elapsed": 19.710649, "delta": 0.354391}}
{"target": 0.14693677942379624, "params": {"C": 293.68239682878465, "epsilon": 0.31308350108532274, "gamma": 0.12464608843577216}, "datetime": {"datetime": "2021-09-24 10:48:52", "elapsed": 20.002182, "delta": 0.291533}}
{"target": 0.2262411941101976, "params": {"C": 326.4949858978346, "epsilon": 0.216478223015621, "gamma": 0.08445851628015225}, "datetime": {"datetime": "2021-09-24 10:48:52", "elapsed": 20.287905, "delta": 0.285723}}
{"target": 0.37954727472170624, "params": {"C": 398.51875471827196, "epsilon": 2.2349506742900074, "gamma": 0.022037571727870884}, "datetime": {"datetime": "2021-09-24 10:48:53", "elapsed": 20.618865, "delta": 0.33096}}
{"target": 0.30064559373790223, "params": {"C": 276.7884703626283, "epsilon": 1.4929493977409665, "gamma": 0.054026624097812274}, "datetime": {"datetime": "2021-09-24 10:48:53", "elapsed": 21.03797, "delta": 0.419105}}
{"target": 0.23421173838832254, "params": {"C": 324.15735742162667, "epsilon": 2.489684567151519, "gamma": 0.08210255450719174}, "datetime": {"datetime": "2021-09-24 10:48:53", "elapsed": 21.463224, "delta": 0.425254}}
{"target": 0.17527806874587248, "params": {"C": 319.2674677388824, "epsilon": 2.1023664107193567, "gamma": 0.10189741113077119}, "datetime": {"datetime": "2021-09-24 10:48:54", "elapsed": 21.840844, "delta": 0.37762}}
{"target": 0.4078316880248929, "params": {"C": 379.09107236490513, "epsilon": 1.7284343022671822, "gamma": 0.01629971379684127}, "datetime": {"datetime": "2021-09-24 10:48:54", "elapsed": 22.180056, "delta": 0.339212}}
{"target": 0.41696911813033144, "params": {"C": 277.29456216157394, "epsilon": 1.4781583959854874, "gamma": 0.001608867514461991}, "datetime": {"datetime": "2021-09-24 10:48:55", "elapsed": 22.496015, "delta": 0.315959}}
{"target": 0.42001274414845713, "params": {"C": 334.79657812777424, "epsilon": 2.6544322686201993, "gamma": 0.001623551654345896}, "datetime": {"datetime": "2021-09-24 10:48:55", "elapsed": 22.819784, "delta": 0.323769}}
{"target": 0.2445047440116137, "params": {"C": 307.49622169696005, "epsilon": 2.211222898075172, "gamma": 0.08154860860223992}, "datetime": {"datetime": "2021-09-24 10:48:55", "elapsed": 23.220172, "delta": 0.400388}}
{"target": 0.27392998634240107, "params": {"C": 371.79084207586766, "epsilon": 1.4776601868172572, "gamma": 0.05712635645059508}, "datetime": {"datetime": "2021-09-24 10:48:56", "elapsed": 23.607566, "delta": 0.387394}}
{"target": 0.12050649219978282, "params": {"C": 382.32889272406896, "epsilon": 1.2942061349889797, "gamma": 0.10894639995845233}, "datetime": {"datetime": "2021-09-24 10:48:56", "elapsed": 23.947606, "delta": 0.34004}}
{"target": 0.4127475440163455, "params": {"C": 391.7522704978149, "epsilon": 0.4157627002346848, "gamma": 0.015281178686898308}, "datetime": {"datetime": "2021-09-24 10:48:56", "elapsed": 24.337266, "delta": 0.38966}}
{"target": 0.2845742042883105, "params": {"C": 275.1929160414599, "epsilon": 2.5628577236538055, "gamma": 0.07146518650242044}, "datetime": {"datetime": "2021-09-24 10:48:57", "elapsed": 24.651624, "delta": 0.314358}}
{"target": 0.26760426413960137, "params": {"C": 314.34916366091994, "epsilon": 0.7649168928515652, "gamma": 0.07083516547101815}, "datetime": {"datetime": "2021-09-24 10:48:57", "elapsed": 25.024768, "delta": 0.373144}}
{"target": 0.12345118945416189, "params": {"C": 363.60224889206836, "epsilon": 1.1635274563897005, "gamma": 0.1144102999365754}, "datetime": {"datetime": "2021-09-24 10:48:57", "elapsed": 25.34534, "delta": 0.320572}}
{"target": 0.18407353789214087, "params": {"C": 257.7379727299696, "epsilon": 1.0807471897046808, "gamma": 0.11904052682579737}, "datetime": {"datetime": "2021-09-24 10:48:58", "elapsed": 25.755673, "delta": 0.410333}}
{"target": 0.13014540875476166, "params": {"C": 326.57077394067244, "epsilon": 0.07635182158100934, "gamma": 0.12388102438233263}, "datetime": {"datetime": "2021-09-24 10:48:58", "elapsed": 26.155954, "delta": 0.400281}}
{"target": 0.42389944422776793, "params": {"C": 395.27799077138263, "epsilon": 2.936004801309404, "gamma": 0.0034506967007805114}, "datetime": {"datetime": "2021-09-24 10:48:58", "elapsed": 26.483596, "delta": 0.327642}}
{"target": 0.09461732203135476, "params": {"C": 399.04671374563816, "epsilon": 1.4192928060585859, "gamma": 0.13329046266015007}, "datetime": {"datetime": "2021-09-24 10:48:59", "elapsed": 26.914426, "delta": 0.43083}}
{"target": 0.26388108613095085, "params": {"C": 262.44086587625713, "epsilon": 2.8794571506914632, "gamma": 0.08437262924595965}, "datetime": {"datetime": "2021-09-24 10:48:59", "elapsed": 27.265323, "delta": 0.350897}}
{"target": 0.23382148725017715, "params": {"C": 342.65653784150203, "epsilon": 0.9195179547589637, "gamma": 0.0789349913795543}, "datetime": {"datetime": "2021-09-24 10:49:00", "elapsed": 27.723949, "delta": 0.458626}}
{"target": 0.28172883114872094, "params": {"C": 286.069646575253, "epsilon": 1.2723005622157073, "gamma": 0.06862272732315816}, "datetime": {"datetime": "2021-09-24 10:49:00", "elapsed": 28.100354, "delta": 0.376405}}
{"target": 0.41516690771493625, "params": {"C": 322.64806807995706, "epsilon": 2.7837215205637578, "gamma": 0.01682521533179833}, "datetime": {"datetime": "2021-09-24 10:49:00", "elapsed": 28.472151, "delta": 0.371797}}
{"target": 0.4477485932778351, "params": {"C": 269.8668751599615, "epsilon": 1.3375683520479065, "gamma": 0.010724442314829483}, "datetime": {"datetime": "2021-09-24 10:49:01", "elapsed": 28.949156, "delta": 0.477005}}
{"target": 0.13860655535806077, "params": {"C": 302.0552879870616, "epsilon": 0.2540446991966456, "gamma": 0.1328421408535395}, "datetime": {"datetime": "2021-09-24 10:49:01", "elapsed": 29.3336, "delta": 0.384444}}
{"target": 0.4166006602816902, "params": {"C": 370.472905371652, "epsilon": 1.3111791221372435, "gamma": 0.015039306770209246}, "datetime": {"datetime": "2021-09-24 10:49:02", "elapsed": 29.696701, "delta": 0.363101}}
{"target": 0.2615962860045168, "params": {"C": 374.631880964998, "epsilon": 0.9496837514039622, "gamma": 0.06370338842180413}, "datetime": {"datetime": "2021-09-24 10:49:02", "elapsed": 30.067692, "delta": 0.370991}}
{"target": 0.36000392593544406, "params": {"C": 253.55141657558002, "epsilon": 2.2422607899232623, "gamma": 0.03455300843819446}, "datetime": {"datetime": "2021-09-24 10:49:02", "elapsed": 30.467695, "delta": 0.400003}}
{"target": 0.15072507125952128, "params": {"C": 287.29983031035573, "epsilon": 2.6334130082490854, "gamma": 0.13711011457938935}, "datetime": {"datetime": "2021-09-24 10:49:03", "elapsed": 30.828945, "delta": 0.36125}}
{"target": 0.10338158091283689, "params": {"C": 369.5962376267406, "epsilon": 1.727640680873834, "gamma": 0.14166090191223069}, "datetime": {"datetime": "2021-09-24 10:49:03", "elapsed": 31.17526, "delta": 0.346315}}
{"target": 0.1377164477223929, "params": {"C": 302.433904253477, "epsilon": 1.4916595595057793, "gamma": 0.1406822940848292}, "datetime": {"datetime": "2021-09-24 10:49:04", "elapsed": 31.611963, "delta": 0.436703}}
{"target": 0.31175066561759557, "params": {"C": 349.2054281292246, "epsilon": 2.389299512726779, "gamma": 0.04037460894307286}, "datetime": {"datetime": "2021-09-24 10:49:04", "elapsed": 31.957502, "delta": 0.345539}}
{"target": 0.34815235439157666, "params": {"C": 272.84953519853275, "epsilon": 1.8721621263461525, "gamma": 0.035836758623965626}, "datetime": {"datetime": "2021-09-24 10:49:04", "elapsed": 32.372141, "delta": 0.414639}}
{"target": 0.14845592518824313, "params": {"C": 346.5361805680826, "epsilon": 1.8689391625396337, "gamma": 0.10490687160450167}, "datetime": {"datetime": "2021-09-24 10:49:05", "elapsed": 32.755335, "delta": 0.383194}}
{"target": 0.42815509506822436, "params": {"C": 316.37239704795786, "epsilon": 2.704496251164382, "gamma": 0.014439605517309242}, "datetime": {"datetime": "2021-09-24 10:49:05", "elapsed": 33.139764, "delta": 0.384429}}
{"target": 0.28603491189818275, "params": {"C": 347.05659296633144, "epsilon": 1.6150194206726776, "gamma": 0.04980963827754986}, "datetime": {"datetime": "2021-09-24 10:49:06", "elapsed": 33.621148, "delta": 0.481384}}
{"target": 0.21705124304881107, "params": {"C": 364.78854337725454, "epsilon": 0.26630718363399813, "gamma": 0.08046843240112961}, "datetime": {"datetime": "2021-09-24 10:49:06", "elapsed": 34.008997, "delta": 0.387849}}
{"target": 0.23876653054116903, "params": {"C": 394.00417716498487, "epsilon": 2.266942701189539, "gamma": 0.07026076417680771}, "datetime": {"datetime": "2021-09-24 10:49:06", "elapsed": 34.471766, "delta": 0.462769}}
{"target": 0.13291600312013974, "params": {"C": 317.44375495808947, "epsilon": 2.739442044743922, "gamma": 0.14226982098564062}, "datetime": {"datetime": "2021-09-24 10:49:07", "elapsed": 34.855784, "delta": 0.384018}}
{"target": 0.2526000798107927, "params": {"C": 267.0211152702698, "epsilon": 2.422551706029646, "gamma": 0.08765014164325614}, "datetime": {"datetime": "2021-09-24 10:49:07", "elapsed": 35.261892, "delta": 0.406108}}
{"target": 0.09468763870695829, "params": {"C": 399.1412647169459, "epsilon": 2.5791446210015185, "gamma": 0.13617750325351982}, "datetime": {"datetime": "2021-09-24 10:49:08", "elapsed": 35.731125, "delta": 0.469233}}
{"target": 0.24949986472397023, "params": {"C": 358.92967954972625, "epsilon": 1.697263817229491, "gamma": 0.07207933661468244}, "datetime": {"datetime": "2021-09-24 10:49:08", "elapsed": 36.234602, "delta": 0.503477}}
{"target": 0.28709254134795104, "params": {"C": 313.6801054438091, "epsilon": 0.873279627844197, "gamma": 0.05297257086730574}, "datetime": {"datetime": "2021-09-24 10:49:09", "elapsed": 36.611232, "delta": 0.37663}}
{"target": 0.2835983044083493, "params": {"C": 288.3685643807143, "epsilon": 0.5770523312008882, "gamma": 0.0637514828789511}, "datetime": {"datetime": "2021-09-24 10:49:09", "elapsed": 36.990282, "delta": 0.37905}}
{"target": 0.27566935795796443, "params": {"C": 314.15903002161934, "epsilon": 0.295732523537132, "gamma": 0.06408214029705547}, "datetime": {"datetime": "2021-09-24 10:49:09", "elapsed": 37.382413, "delta": 0.392131}}
{"target": 0.09334807196711059, "params": {"C": 371.2617031974793, "epsilon": 0.6037647018706548, "gamma": 0.14902965209290436}, "datetime": {"datetime": "2021-09-24 10:49:10", "elapsed": 37.844246, "delta": 0.461833}}
{"target": 0.20583980341078445, "params": {"C": 331.6348103810311, "epsilon": 0.9393441892541812, "gamma": 0.08957633496435284}, "datetime": {"datetime": "2021-09-24 10:49:10", "elapsed": 38.286245, "delta": 0.441999}}
{"target": 0.2784181660476771, "params": {"C": 384.5754771715101, "epsilon": 2.2705570526771166, "gamma": 0.05389314015557859}, "datetime": {"datetime": "2021-09-24 10:49:11", "elapsed": 38.694361, "delta": 0.408116}}
{"target": 0.2818195241573722, "params": {"C": 311.00641309794645, "epsilon": 2.0673866734864936, "gamma": 0.06428885700293278}, "datetime": {"datetime": "2021-09-24 10:49:11", "elapsed": 39.180645, "delta": 0.486284}}
{"target": 0.397701891829609, "params": {"C": 268.8644091643019, "epsilon": 0.7552370665060907, "gamma": 0.022924785270246623}, "datetime": {"datetime": "2021-09-24 10:49:12", "elapsed": 39.59504, "delta": 0.414395}}
{"target": 0.178084231258964, "params": {"C": 370.0983517104007, "epsilon": 0.8439923379698558, "gamma": 0.09030859007566104}, "datetime": {"datetime": "2021-09-24 10:49:12", "elapsed": 40.207418, "delta": 0.612378}}
{"target": 0.1294252931330122, "params": {"C": 329.2227505700728, "epsilon": 2.318911254515813, "gamma": 0.13565820130755524}, "datetime": {"datetime": "2021-09-24 10:49:13", "elapsed": 40.649421, "delta": 0.442003}}
{"target": 0.18541204805428124, "params": {"C": 336.4752955594418, "epsilon": 0.08920265755728848, "gamma": 0.09469815285008217}, "datetime": {"datetime": "2021-09-24 10:49:13", "elapsed": 41.147419, "delta": 0.497998}}
{"target": 0.13420537321545267, "params": {"C": 299.50771305715455, "epsilon": 0.45787820304449306, "gamma": 0.1464361229383768}, "datetime": {"datetime": "2021-09-24 10:49:14", "elapsed": 41.599384, "delta": 0.451965}}
{"target": 0.18301866471883577, "params": {"C": 329.44624963212397, "epsilon": 2.387925158769991, "gamma": 0.09658132472261012}, "datetime": {"datetime": "2021-09-24 10:49:14", "elapsed": 42.012378, "delta": 0.412994}}
{"target": 0.14386410402693517, "params": {"C": 354.97200282113954, "epsilon": 0.38915640615955327, "gamma": 0.10405181343115293}, "datetime": {"datetime": "2021-09-24 10:49:15", "elapsed": 42.582377, "delta": 0.569999}}
{"target": 0.31467905327912193, "params": {"C": 320.5281992999313, "epsilon": 1.6031793311101705, "gamma": 0.04147773500235999}, "datetime": {"datetime": "2021-09-24 10:49:15", "elapsed": 43.079384, "delta": 0.497007}}
{"target": 0.39099950606562983, "params": {"C": 319.8011874738981, "epsilon": 0.31248599598962873, "gamma": 0.021610195316128948}, "datetime": {"datetime": "2021-09-24 10:49:16", "elapsed": 43.534379, "delta": 0.454995}}
{"target": 0.3528956925871306, "params": {"C": 350.60601735936643, "epsilon": 2.373011961022439, "gamma": 0.02891249554818748}, "datetime": {"datetime": "2021-09-24 10:49:16", "elapsed": 44.002386, "delta": 0.468007}}
