{"target": -53.46478561654046, "params": {"C": 22.363750204958183, "epsilon": 0.07875276925184611, "gamma": 0.5497075116309212}, "datetime": {"datetime": "2021-09-24 15:01:57", "elapsed": 0.0, "delta": 0.0}}
{"target": -48.818287616508954, "params": {"C": 22.330797238295567, "epsilon": 1.2616830384603794, "gamma": 0.33040178752177374}, "datetime": {"datetime": "2021-09-24 15:01:57", "elapsed": 0.035999, "delta": 0.035999}}
{"target": -51.06185478957116, "params": {"C": 11.027783067854283, "epsilon": 1.8581936280856404, "gamma": 0.2997247082071557}, "datetime": {"datetime": "2021-09-24 15:01:57", "elapsed": 0.070001, "delta": 0.034002}}
{"target": -54.707787494263776, "params": {"C": 14.074536480040464, "epsilon": 1.8637803644751154, "gamma": 0.5291891800676114}, "datetime": {"datetime": "2021-09-24 15:01:57", "elapsed": 0.098, "delta": 0.027999}}
{"target": -48.979520926647425, "params": {"C": 7.594417321901744, "epsilon": 1.5412207856759734, "gamma": 0.18452142166035057}, "datetime": {"datetime": "2021-09-24 15:01:57", "elapsed": 0.117999, "delta": 0.019999}}
{"target": -50.25363441135784, "params": {"C": 39.481422243017, "epsilon": 2.562071902625827, "gamma": 0.4942874136981896}, "datetime": {"datetime": "2021-09-24 15:01:57", "elapsed": 0.138999, "delta": 0.021}}
{"target": -51.524838624780834, "params": {"C": 31.963500845546488, "epsilon": 0.8136258549055587, "gamma": 0.5178920385635062}, "datetime": {"datetime": "2021-09-24 15:01:57", "elapsed": 0.264246, "delta": 0.125247}}
{"target": -53.9678497865047, "params": {"C": 21.609881584567322, "epsilon": 1.364295062537476, "gamma": 0.5771725390929073}, "datetime": {"datetime": "2021-09-24 15:01:58", "elapsed": 0.339255, "delta": 0.075009}}
{"target": -54.77582459016498, "params": {"C": 10.571914425306796, "epsilon": 1.8685206966833863, "gamma": 0.4704195788670669}, "datetime": {"datetime": "2021-09-24 15:01:58", "elapsed": 0.412254, "delta": 0.072999}}
{"target": -54.82497582563043, "params": {"C": 41.051316603605095, "epsilon": 0.16607892240638816, "gamma": 0.872190281669486}, "datetime": {"datetime": "2021-09-24 15:01:58", "elapsed": 0.49025, "delta": 0.077996}}
{"target": -53.620102635232506, "params": {"C": 20.278357473114017, "epsilon": 2.4787805722459497, "gamma": 0.5345070897856757}, "datetime": {"datetime": "2021-09-24 15:01:58", "elapsed": 0.55925, "delta": 0.069}}
{"target": -56.41735791404846, "params": {"C": 24.50493146956379, "epsilon": 2.606448777112884, "gamma": 0.8685099218758775}, "datetime": {"datetime": "2021-09-24 15:01:58", "elapsed": 0.63425, "delta": 0.075}}
{"target": -54.50310872238571, "params": {"C": 6.879697939238619, "epsilon": 1.2184558072790672, "gamma": 0.37431187368372343}, "datetime": {"datetime": "2021-09-24 15:01:58", "elapsed": 0.715258, "delta": 0.081008}}
{"target": -58.816311064057274, "params": {"C": 7.794080052132813, "epsilon": 1.4221405015633612, "gamma": 0.877434212221529}, "datetime": {"datetime": "2021-09-24 15:01:58", "elapsed": 0.898251, "delta": 0.182993}}
{"target": -43.94964409533798, "params": {"C": 24.831608325152533, "epsilon": 2.683484214350215, "gamma": 0.012127897074379739}, "datetime": {"datetime": "2021-09-24 15:01:58", "elapsed": 0.991251, "delta": 0.093}}
{"target": -57.475886413193095, "params": {"C": 9.1601936070805, "epsilon": 1.0331012129809096, "gamma": 0.66507899095162}, "datetime": {"datetime": "2021-09-24 15:01:58", "elapsed": 1.093257, "delta": 0.102006}}
{"target": -55.54669825462233, "params": {"C": 19.7343094086975, "epsilon": 0.3253068894190921, "gamma": 0.6837796915216032}, "datetime": {"datetime": "2021-09-24 15:01:58", "elapsed": 1.171258, "delta": 0.078001}}
{"target": -47.037682876156644, "params": {"C": 20.819138607050828, "epsilon": 1.9097195876615638, "gamma": 0.24399532818965322}, "datetime": {"datetime": "2021-09-24 15:01:59", "elapsed": 1.299248, "delta": 0.12799}}
{"target": -52.73707800843564, "params": {"C": 41.177823454437444, "epsilon": 1.4840572586598495, "gamma": 0.6665116997021027}, "datetime": {"datetime": "2021-09-24 15:01:59", "elapsed": 1.389422, "delta": 0.090174}}
{"target": -54.95486657885029, "params": {"C": 6.760372353266037, "epsilon": 1.3027315680376776, "gamma": 0.39158754109743826}, "datetime": {"datetime": "2021-09-24 15:01:59", "elapsed": 1.481383, "delta": 0.091961}}
{"target": -44.74484347423089, "params": {"C": 9.799706632731679, "epsilon": 1.0456028732897633, "gamma": 0.09489362801759559}, "datetime": {"datetime": "2021-09-24 15:01:59", "elapsed": 1.643044, "delta": 0.161661}}
{"target": -44.1743994122833, "params": {"C": 24.910994309606597, "epsilon": 2.815830503061527, "gamma": 0.08460408119336019}, "datetime": {"datetime": "2021-09-24 15:02:00", "elapsed": 2.763159, "delta": 1.120115}}
{"target": -44.90227824239182, "params": {"C": 7.15236499389679, "epsilon": 1.9195860370103888, "gamma": 0.06670431089640186}, "datetime": {"datetime": "2021-09-24 15:02:00", "elapsed": 2.960137, "delta": 0.196978}}
{"target": -48.73580371904673, "params": {"C": 20.78511156357147, "epsilon": 1.917539707346844, "gamma": 0.31605676401795396}, "datetime": {"datetime": "2021-09-24 15:02:00", "elapsed": 3.072135, "delta": 0.111998}}
{"target": -46.01251975759952, "params": {"C": 25.003705071319203, "epsilon": 2.626301925536994, "gamma": 0.2013324285492105}, "datetime": {"datetime": "2021-09-24 15:02:01", "elapsed": 3.556105, "delta": 0.48397}}
{"target": -44.515249821041564, "params": {"C": 24.59441672338204, "epsilon": 2.836092009918227, "gamma": 0.12250008787009652}, "datetime": {"datetime": "2021-09-24 15:02:01", "elapsed": 4.091158, "delta": 0.535053}}
{"target": -48.6593234715681, "params": {"C": 10.16663724917434, "epsilon": 0.9317884185750829, "gamma": 0.00501882964311156}, "datetime": {"datetime": "2021-09-24 15:02:02", "elapsed": 4.322156, "delta": 0.230998}}
{"target": -59.776224243604815, "params": {"C": 7.467637628150425, "epsilon": 2.1732707905043545, "gamma": 0.0001}, "datetime": {"datetime": "2021-09-24 15:02:02", "elapsed": 4.674155, "delta": 0.351999}}
{"target": -45.662072661186265, "params": {"C": 7.073485517308289, "epsilon": 1.6378913671888267, "gamma": 0.020493590044521233}, "datetime": {"datetime": "2021-09-24 15:02:02", "elapsed": 4.962157, "delta": 0.288002}}
{"target": -49.79005712850287, "params": {"C": 6.7969313495108254, "epsilon": 1.9113205191186058, "gamma": 0.1944745571465676}, "datetime": {"datetime": "2021-09-24 15:02:03", "elapsed": 5.367785, "delta": 0.405628}}
{"target": -58.944557536372415, "params": {"C": 24.510607724027736, "epsilon": 2.5324064297266684, "gamma": 0.0001}, "datetime": {"datetime": "2021-09-24 15:02:03", "elapsed": 5.689792, "delta": 0.322007}}
{"target": -53.67737411635677, "params": {"C": 1.5747621817381754, "epsilon": 2.7739297345118565, "gamma": 0.12291293164680797}, "datetime": {"datetime": "2021-09-24 15:02:03", "elapsed": 5.817516, "delta": 0.127724}}
{"target": -43.86749976909869, "params": {"C": 24.711586949174702, "epsilon": 2.920786724162521, "gamma": 0.040770923166707496}, "datetime": {"datetime": "2021-09-24 15:02:03", "elapsed": 6.190768, "delta": 0.373252}}
{"target": -46.479807061949906, "params": {"C": 24.718161411589815, "epsilon": 2.875360367207224, "gamma": 0.22603959494490464}, "datetime": {"datetime": "2021-09-24 15:02:04", "elapsed": 6.778889, "delta": 0.588121}}
{"target": -59.643938951510094, "params": {"C": 9.765067403881735, "epsilon": 0.8043635203647618, "gamma": 0.0001}, "datetime": {"datetime": "2021-09-24 15:02:04", "elapsed": 7.059893, "delta": 0.281004}}
{"target": -48.54752763939824, "params": {"C": 9.889156249733983, "epsilon": 1.1948628758443236, "gamma": 0.19916354519925275}, "datetime": {"datetime": "2021-09-24 15:02:05", "elapsed": 7.282523, "delta": 0.22263}}
{"target": -55.621770250326726, "params": {"C": 37.47313674304047, "epsilon": 2.084708462547635, "gamma": 0.940570256535608}, "datetime": {"datetime": "2021-09-24 15:02:05", "elapsed": 7.456914, "delta": 0.174391}}
{"target": -46.42453466354322, "params": {"C": 7.055984181526058, "epsilon": 1.7804888506163878, "gamma": 0.10696127460266051}, "datetime": {"datetime": "2021-09-24 15:02:05", "elapsed": 7.772686, "delta": 0.315772}}
{"target": -57.06251164403404, "params": {"C": 11.06424304367365, "epsilon": 0.2814981325174104, "gamma": 0.667317703683031}, "datetime": {"datetime": "2021-09-24 15:02:05", "elapsed": 7.944311, "delta": 0.171625}}
{"target": -44.197053491858696, "params": {"C": 9.65177179958489, "epsilon": 1.1275770766596187, "gamma": 0.028534550246181758}, "datetime": {"datetime": "2021-09-24 15:02:05", "elapsed": 8.192306, "delta": 0.247995}}
{"target": -58.91512270064017, "params": {"C": 25.06089058461426, "epsilon": 2.678607470282953, "gamma": 0.0001}, "datetime": {"datetime": "2021-09-24 15:02:06", "elapsed": 8.548306, "delta": 0.356}}
{"target": -45.83045401106518, "params": {"C": 24.76276036309281, "epsilon": 2.752404687382982, "gamma": 0.19086607848552997}, "datetime": {"datetime": "2021-09-24 15:02:06", "elapsed": 8.989302, "delta": 0.440996}}
{"target": -56.90884927877429, "params": {"C": 15.998250146285088, "epsilon": 2.230095862435162, "gamma": 0.7726482732026704}, "datetime": {"datetime": "2021-09-24 15:02:06", "elapsed": 9.141306, "delta": 0.152004}}
{"target": -59.65119479375686, "params": {"C": 9.800004794759573, "epsilon": 1.188207537285954, "gamma": 0.0001}, "datetime": {"datetime": "2021-09-24 15:02:07", "elapsed": 9.313924, "delta": 0.172618}}
{"target": -44.75388923568063, "params": {"C": 9.506754139600147, "epsilon": 1.0710145117879217, "gamma": 0.09326220896031494}, "datetime": {"datetime": "2021-09-24 15:02:07", "elapsed": 9.487099, "delta": 0.173175}}
{"target": -44.660560257205645, "params": {"C": 24.79306548771519, "epsilon": 2.866157881626802, "gamma": 0.006049396686594469}, "datetime": {"datetime": "2021-09-24 15:02:07", "elapsed": 9.638099, "delta": 0.151}}
{"target": -47.27801332132805, "params": {"C": 9.64385058657304, "epsilon": 1.0042164138077465, "gamma": 0.16174806537765668}, "datetime": {"datetime": "2021-09-24 15:02:07", "elapsed": 9.854812, "delta": 0.216713}}
{"target": -44.23584053299717, "params": {"C": 9.487180454285019, "epsilon": 1.1493457743385458, "gamma": 0.05090751806291593}, "datetime": {"datetime": "2021-09-24 15:02:07", "elapsed": 10.069339, "delta": 0.214527}}
{"target": -48.68757711807227, "params": {"C": 40.410637274397004, "epsilon": 1.4978267098612934, "gamma": 0.41008789241896476}, "datetime": {"datetime": "2021-09-24 15:02:07", "elapsed": 10.235346, "delta": 0.166007}}
{"target": -47.89972054266773, "params": {"C": 7.2150212371568, "epsilon": 1.6911837785137058, "gamma": 0.14674227109359125}, "datetime": {"datetime": "2021-09-24 15:02:08", "elapsed": 10.59805, "delta": 0.362704}}
{"target": -55.420611439675774, "params": {"C": 48.972063629349314, "epsilon": 0.6880866401685491, "gamma": 0.9983662388571632}, "datetime": {"datetime": "2021-09-24 15:02:08", "elapsed": 10.770051, "delta": 0.172001}}
{"target": -47.16928090895388, "params": {"C": 7.021797840092161, "epsilon": 1.7735083382693628, "gamma": 0.1245597930904358}, "datetime": {"datetime": "2021-09-24 15:02:08", "elapsed": 10.939051, "delta": 0.169}}
{"target": -55.68569480731457, "params": {"C": 32.69917150032367, "epsilon": 0.23911990776024972, "gamma": 0.8863695611559134}, "datetime": {"datetime": "2021-09-24 15:02:08", "elapsed": 11.131042, "delta": 0.191991}}
{"target": -45.963206275403934, "params": {"C": 24.793727121995683, "epsilon": 2.5973200159689656, "gamma": 0.19823618148230449}, "datetime": {"datetime": "2021-09-24 15:02:09", "elapsed": 11.649669, "delta": 0.518627}}
{"target": -49.91094445823835, "params": {"C": 9.847364836338333, "epsilon": 1.0171887328254328, "gamma": 0.24150456508409704}, "datetime": {"datetime": "2021-09-24 15:02:09", "elapsed": 12.11211, "delta": 0.462441}}
{"target": -45.34452569732432, "params": {"C": 24.515574590905118, "epsilon": 2.9385057571536626, "gamma": 0.16532302289039194}, "datetime": {"datetime": "2021-09-24 15:02:10", "elapsed": 12.349116, "delta": 0.237006}}
{"target": -47.19485072744979, "params": {"C": 24.934008603980246, "epsilon": 2.7733193977806554, "gamma": 0.2626452962893441}, "datetime": {"datetime": "2021-09-24 15:02:10", "elapsed": 12.734118, "delta": 0.385002}}
{"target": -52.19945646471271, "params": {"C": 42.141347324432914, "epsilon": 2.117010242609934, "gamma": 0.6326112473254277}, "datetime": {"datetime": "2021-09-24 15:02:10", "elapsed": 12.913121, "delta": 0.179003}}
{"target": -59.80670392178445, "params": {"C": 7.006532773130414, "epsilon": 1.9385258697580892, "gamma": 0.0001}, "datetime": {"datetime": "2021-09-24 15:02:10", "elapsed": 13.237762, "delta": 0.324641}}
{"target": -43.751559757376704, "params": {"C": 24.453802216849873, "epsilon": 2.979454705320272, "gamma": 0.01767362154928781}, "datetime": {"datetime": "2021-09-24 15:02:11", "elapsed": 13.45443, "delta": 0.216668}}
{"target": -51.952922284033725, "params": {"C": 4.665086873133573, "epsilon": 0.12963015692099478, "gamma": 0.2189823462339325}, "datetime": {"datetime": "2021-09-24 15:02:11", "elapsed": 13.635465, "delta": 0.181035}}
{"target": -49.07278575519564, "params": {"C": 7.2106441378490045, "epsilon": 1.890361471566951, "gamma": 0.1814639561494418}, "datetime": {"datetime": "2021-09-24 15:02:11", "elapsed": 14.031424, "delta": 0.395959}}
{"target": -46.307572051480506, "params": {"C": 9.642442692689785, "epsilon": 1.127822654564034, "gamma": 0.00970319999227097}, "datetime": {"datetime": "2021-09-24 15:02:11", "elapsed": 14.219424, "delta": 0.188}}
{"target": -45.99510940645316, "params": {"C": 24.383241285007813, "epsilon": 2.9758756544736484, "gamma": 0.1984550724437046}, "datetime": {"datetime": "2021-09-24 15:02:12", "elapsed": 14.412431, "delta": 0.193007}}
{"target": -43.64831505126727, "params": {"C": 24.579287489366024, "epsilon": 2.856499288577438, "gamma": 0.05416486853254601}, "datetime": {"datetime": "2021-09-24 15:02:12", "elapsed": 14.667465, "delta": 0.255034}}
{"target": -45.66356599744476, "params": {"C": 9.575908944618208, "epsilon": 1.2693435288000452, "gamma": 0.12200238040596982}, "datetime": {"datetime": "2021-09-24 15:02:12", "elapsed": 14.912465, "delta": 0.245}}
{"target": -48.59197777108735, "params": {"C": 9.603104038009548, "epsilon": 1.201999704968809, "gamma": 0.19725908135804718}, "datetime": {"datetime": "2021-09-24 15:02:12", "elapsed": 15.161956, "delta": 0.249491}}
{"target": -49.882073773065684, "params": {"C": 24.907494803179706, "epsilon": 2.63148063011296, "gamma": 0.3869731091334599}, "datetime": {"datetime": "2021-09-24 15:02:13", "elapsed": 15.45296, "delta": 0.291004}}
{"target": -43.97622854093963, "params": {"C": 24.586069886991545, "epsilon": 3.0, "gamma": 0.03122895427579581}, "datetime": {"datetime": "2021-09-24 15:02:13", "elapsed": 15.932957, "delta": 0.479997}}
{"target": -44.47270706374356, "params": {"C": 24.331227385672868, "epsilon": 2.778904301928433, "gamma": 0.11675277873214775}, "datetime": {"datetime": "2021-09-24 15:02:13", "elapsed": 16.246961, "delta": 0.314004}}
{"target": -54.68590435616606, "params": {"C": 30.92092211757718, "epsilon": 1.9687152293783519, "gamma": 0.7538674852806567}, "datetime": {"datetime": "2021-09-24 15:02:14", "elapsed": 16.461967, "delta": 0.215006}}
{"target": -44.99407470600461, "params": {"C": 24.220099933542986, "epsilon": 2.8296987263593, "gamma": 0.14908989807599698}, "datetime": {"datetime": "2021-09-24 15:02:14", "elapsed": 16.768304, "delta": 0.306337}}
{"target": -45.71196009094007, "params": {"C": 24.88330652459648, "epsilon": 2.935422420023542, "gamma": 0.1834571895870104}, "datetime": {"datetime": "2021-09-24 15:02:14", "elapsed": 17.042333, "delta": 0.274029}}
{"target": -46.13547070132222, "params": {"C": 32.83657807150696, "epsilon": 2.4800834814755865, "gamma": 0.21706505284752362}, "datetime": {"datetime": "2021-09-24 15:02:15", "elapsed": 17.313296, "delta": 0.270963}}
{"target": -43.8802247662965, "params": {"C": 24.083651675190996, "epsilon": 2.8402216147231214, "gamma": 0.013347590558297096}, "datetime": {"datetime": "2021-09-24 15:02:15", "elapsed": 17.629303, "delta": 0.316007}}
{"target": -44.19296735206962, "params": {"C": 24.318386914200644, "epsilon": 2.9172044673568682, "gamma": 0.08723968791556366}, "datetime": {"datetime": "2021-09-24 15:02:15", "elapsed": 17.884317, "delta": 0.255014}}
{"target": -47.16209729283674, "params": {"C": 38.58378255793644, "epsilon": 1.4158674670097497, "gamma": 0.29531323723775965}, "datetime": {"datetime": "2021-09-24 15:02:15", "elapsed": 18.155299, "delta": 0.270982}}
{"target": -43.96731400782304, "params": {"C": 24.695370753412444, "epsilon": 2.7719431682555014, "gamma": 0.03784460869293905}, "datetime": {"datetime": "2021-09-24 15:02:16", "elapsed": 18.521304, "delta": 0.366005}}
{"target": -44.0711026460988, "params": {"C": 24.17420616334434, "epsilon": 2.679491331773401, "gamma": 0.07866394326628354}, "datetime": {"datetime": "2021-09-24 15:02:16", "elapsed": 19.047298, "delta": 0.525994}}
{"target": -44.634416168248336, "params": {"C": 23.970443885337342, "epsilon": 2.9584866394780933, "gamma": 0.12913131095626973}, "datetime": {"datetime": "2021-09-24 15:02:17", "elapsed": 19.410297, "delta": 0.362999}}
{"target": -43.86028339972109, "params": {"C": 24.200715259247097, "epsilon": 2.8459378138087343, "gamma": 0.021058916595396836}, "datetime": {"datetime": "2021-09-24 15:02:17", "elapsed": 19.823303, "delta": 0.413006}}
{"target": -45.870334759824466, "params": {"C": 23.989248899741575, "epsilon": 2.696404351756368, "gamma": 0.19128481668549144}, "datetime": {"datetime": "2021-09-24 15:02:17", "elapsed": 20.26378, "delta": 0.440477}}
{"target": -43.986423887143886, "params": {"C": 23.93220082973601, "epsilon": 2.835055183228576, "gamma": 0.03351093374112928}, "datetime": {"datetime": "2021-09-24 15:02:18", "elapsed": 20.699787, "delta": 0.436007}}
{"target": -43.62313867793746, "params": {"C": 23.849847723041304, "epsilon": 2.5763810717039486, "gamma": 0.05573878567635901}, "datetime": {"datetime": "2021-09-24 15:02:18", "elapsed": 21.22978, "delta": 0.529993}}
{"target": -45.79241740918118, "params": {"C": 23.8044498162774, "epsilon": 2.5383386560537198, "gamma": 0.18710344688951716}, "datetime": {"datetime": "2021-09-24 15:02:19", "elapsed": 21.596785, "delta": 0.367005}}
{"target": -43.97050485958302, "params": {"C": 23.823797359853312, "epsilon": 2.3671836267043593, "gamma": 0.03696388512065573}, "datetime": {"datetime": "2021-09-24 15:02:19", "elapsed": 21.971778, "delta": 0.374993}}
{"target": -44.708603009398026, "params": {"C": 23.916121699385197, "epsilon": 2.230846603932223, "gamma": 0.13250877494232605}, "datetime": {"datetime": "2021-09-24 15:02:20", "elapsed": 22.473779, "delta": 0.502001}}
{"target": -45.69807205117774, "params": {"C": 23.8875283434054, "epsilon": 2.3790649959553125, "gamma": 0.18293742588926043}, "datetime": {"datetime": "2021-09-24 15:02:20", "elapsed": 22.746819, "delta": 0.27304}}
{"target": -45.118369761781594, "params": {"C": 23.65596422353074, "epsilon": 2.2427005533223925, "gamma": 0.155111788287338}, "datetime": {"datetime": "2021-09-24 15:02:20", "elapsed": 23.090779, "delta": 0.34396}}
{"target": -44.17488848663955, "params": {"C": 24.076025401663212, "epsilon": 2.4797304546026107, "gamma": 0.08760600209419257}, "datetime": {"datetime": "2021-09-24 15:02:21", "elapsed": 23.609779, "delta": 0.519}}
{"target": -54.370483008661466, "params": {"C": 47.31146793507663, "epsilon": 1.0363616657147892, "gamma": 0.8605887897556485}, "datetime": {"datetime": "2021-09-24 15:02:21", "elapsed": 23.88678, "delta": 0.277001}}
{"target": -52.183265380297286, "params": {"C": 31.00524968004665, "epsilon": 1.3659781696146527, "gamma": 0.5488638737638897}, "datetime": {"datetime": "2021-09-24 15:02:21", "elapsed": 24.219777, "delta": 0.332997}}
{"target": -46.649317160746996, "params": {"C": 23.70743973723435, "epsilon": 2.2244861537399183, "gamma": 0.0032188318392420753}, "datetime": {"datetime": "2021-09-24 15:02:22", "elapsed": 24.452783, "delta": 0.233006}}
{"target": -43.57623861153587, "params": {"C": 23.573122247654158, "epsilon": 2.4806596011186217, "gamma": 0.0546758999568729}, "datetime": {"datetime": "2021-09-24 15:02:22", "elapsed": 24.909632, "delta": 0.456849}}
{"target": -59.239126359754025, "params": {"C": 5.815838073576808, "epsilon": 2.1816782728208612, "gamma": 0.920238281221611}, "datetime": {"datetime": "2021-09-24 15:02:22", "elapsed": 25.252635, "delta": 0.343003}}
{"target": -59.48988550577182, "params": {"C": 3.581970026138811, "epsilon": 1.166473093366109, "gamma": 0.8921910917012996}, "datetime": {"datetime": "2021-09-24 15:02:23", "elapsed": 25.560636, "delta": 0.308001}}
{"target": -46.949157756139435, "params": {"C": 23.43515288276725, "epsilon": 2.488001690710084, "gamma": 0.246978115011903}, "datetime": {"datetime": "2021-09-24 15:02:23", "elapsed": 26.044669, "delta": 0.484033}}
{"target": -44.20559897937979, "params": {"C": 23.496693426899725, "epsilon": 2.679482893111274, "gamma": 0.09049728373542655}, "datetime": {"datetime": "2021-09-24 15:02:24", "elapsed": 26.44567, "delta": 0.401001}}
{"target": -57.43706531474843, "params": {"C": 15.269582964069645, "epsilon": 0.31308350108532274, "gamma": 0.8298565357511986}, "datetime": {"datetime": "2021-09-24 15:02:24", "elapsed": 26.78167, "delta": 0.336}}
{"target": -43.98248777167078, "params": {"C": 23.666548172922184, "epsilon": 2.7425628499072645, "gamma": 0.03351296187203732}, "datetime": {"datetime": "2021-09-24 15:02:25", "elapsed": 27.352669, "delta": 0.570999}}
{"target": -43.9228512577444, "params": {"C": 23.710407091316217, "epsilon": 2.945828322152264, "gamma": 0.0684294736381966}, "datetime": {"datetime": "2021-09-24 15:02:25", "elapsed": 27.815674, "delta": 0.463005}}
