{"target": -39.051489514900354, "params": {"C": 170.2556823281138, "epsilon": 1.7028956490069247, "gamma": 0.02896655956565976}, "datetime": {"datetime": "2021-09-28 12:47:14", "elapsed": 518.91807, "delta": 2.083752}}
{"target": -40.72607951538089, "params": {"C": 284.2401373387604, "epsilon": 0.5098072498324409, "gamma": 0.04927766127933133}, "datetime": {"datetime": "2021-09-28 12:47:16", "elapsed": 520.922392, "delta": 2.004322}}
{"target": -41.310273344326596, "params": {"C": 273.5608942345325, "epsilon": 0.7607360894540006, "gamma": 0.07937254216036407}, "datetime": {"datetime": "2021-09-28 12:47:18", "elapsed": 523.150325, "delta": 2.227933}}
{"target": -38.659605045853446, "params": {"C": 222.72242162747966, "epsilon": 2.5727317273443737, "gamma": 0.015025837970852201}, "datetime": {"datetime": "2021-09-28 12:47:21", "elapsed": 526.021864, "delta": 2.871539}}
{"target": -37.40487404146314, "params": {"C": 178.56062888609463, "epsilon": 1.0889061664664437, "gamma": 0.001}, "datetime": {"datetime": "2021-09-28 12:47:24", "elapsed": 529.003864, "delta": 2.982}}
{"target": -40.156968442911264, "params": {"C": 283.83184690237596, "epsilon": 1.2490410067554014, "gamma": 0.03767439484028485}, "datetime": {"datetime": "2021-09-28 12:47:27", "elapsed": 532.144464, "delta": 3.1406}}
{"target": -39.97749584855022, "params": {"C": 178.5656336335355, "epsilon": 1.0826615055231132, "gamma": 0.048793643400655354}, "datetime": {"datetime": "2021-09-28 12:47:33", "elapsed": 537.47178, "delta": 5.327316}}
{"target": -40.74443495293807, "params": {"C": 172.6997489503069, "epsilon": 1.0420623352368723, "gamma": 0.0831643205989907}, "datetime": {"datetime": "2021-09-28 12:47:35", "elapsed": 539.456011, "delta": 1.984231}}
{"target": -40.55186994877751, "params": {"C": 222.64850138169345, "epsilon": 2.679240644803966, "gamma": 0.07213633212705436}, "datetime": {"datetime": "2021-09-28 12:47:38", "elapsed": 542.714025, "delta": 3.258014}}
{"target": -40.60679688929898, "params": {"C": 168.38149002417902, "epsilon": 2.233450901624628, "gamma": 0.06945200667185691}, "datetime": {"datetime": "2021-09-28 12:47:40", "elapsed": 544.931823, "delta": 2.217798}}
{"target": -37.23243785510024, "params": {"C": 156.98479754539176, "epsilon": 2.567428447593046, "gamma": 0.005568300750279604}, "datetime": {"datetime": "2021-09-28 12:47:43", "elapsed": 547.362813, "delta": 2.43099}}
{"target": -39.056430943774615, "params": {"C": 157.15144015723024, "epsilon": 2.4097908668422408, "gamma": 0.03256912115877455}, "datetime": {"datetime": "2021-09-28 12:47:46", "elapsed": 550.337811, "delta": 2.974998}}
{"target": -40.66487126188065, "params": {"C": 151.94908201251778, "epsilon": 0.9902597203227292, "gamma": 0.07065540403802117}, "datetime": {"datetime": "2021-09-28 12:47:48", "elapsed": 552.419914, "delta": 2.082103}}
{"target": -38.84031421954284, "params": {"C": 156.97721643069517, "epsilon": 2.467444472910751, "gamma": 0.029102135239026067}, "datetime": {"datetime": "2021-09-28 12:47:51", "elapsed": 556.152506, "delta": 3.732592}}
{"target": -38.5679408259772, "params": {"C": 222.72707280028575, "epsilon": 2.641042171593706, "gamma": 0.014186440059322201}, "datetime": {"datetime": "2021-09-28 12:47:56", "elapsed": 560.433539, "delta": 4.281033}}
{"target": -37.25816675292887, "params": {"C": 156.89595768206394, "epsilon": 2.5406234583894434, "gamma": 0.0047419382211388045}, "datetime": {"datetime": "2021-09-28 12:48:00", "elapsed": 564.483788, "delta": 4.050249}}
{"target": -40.730132279765655, "params": {"C": 156.99278698152185, "epsilon": 2.5196025135540903, "gamma": 0.08765471429197555}, "datetime": {"datetime": "2021-09-28 12:48:04", "elapsed": 569.013336, "delta": 4.529548}}
{"target": -39.13029018565335, "params": {"C": 156.75904486483566, "epsilon": 2.555669337819883, "gamma": 0.036037828920486716}, "datetime": {"datetime": "2021-09-28 12:48:08", "elapsed": 572.774114, "delta": 3.760778}}
{"target": -38.666076689757574, "params": {"C": 196.1214187493604, "epsilon": 2.531593911284427, "gamma": 0.01302042699277673}, "datetime": {"datetime": "2021-09-28 12:48:11", "elapsed": 575.824423, "delta": 3.050309}}
{"target": -37.68499436130206, "params": {"C": 238.56194085648093, "epsilon": 0.09180618919881577, "gamma": 0.005760590768432223}, "datetime": {"datetime": "2021-09-28 12:48:13", "elapsed": 577.944425, "delta": 2.120002}}
{"target": -40.549674019338674, "params": {"C": 293.7616892293412, "epsilon": 2.0803230591410893, "gamma": 0.049079123755587886}, "datetime": {"datetime": "2021-09-28 12:48:15", "elapsed": 580.078014, "delta": 2.133589}}
{"target": -40.59662516922838, "params": {"C": 156.8830865600775, "epsilon": 2.526068320875855, "gamma": 0.07926600753748621}, "datetime": {"datetime": "2021-09-28 12:48:19", "elapsed": 583.696911, "delta": 3.618897}}
{"target": -41.484090712869076, "params": {"C": 291.671739052725, "epsilon": 1.557040884329761, "gamma": 0.07966259156789746}, "datetime": {"datetime": "2021-09-28 12:48:21", "elapsed": 585.873125, "delta": 2.176214}}
{"target": -40.67694898323687, "params": {"C": 186.38814068481992, "epsilon": 1.484832677703907, "gamma": 0.07487335608593236}, "datetime": {"datetime": "2021-09-28 12:48:25", "elapsed": 589.951752, "delta": 4.078627}}
{"target": -38.671028812299085, "params": {"C": 156.99001907546503, "epsilon": 2.5918275671017668, "gamma": 0.015840500868447443}, "datetime": {"datetime": "2021-09-28 12:48:28", "elapsed": 593.144216, "delta": 3.192464}}
{"target": -37.30981008950394, "params": {"C": 184.21186987863788, "epsilon": 1.285869772828549, "gamma": 0.001448096622901583}, "datetime": {"datetime": "2021-09-28 12:48:34", "elapsed": 598.317026, "delta": 5.17281}}
{"target": -40.65544839143144, "params": {"C": 222.75325764767757, "epsilon": 2.5545988246534725, "gamma": 0.07680285440271592}, "datetime": {"datetime": "2021-09-28 12:48:37", "elapsed": 601.812288, "delta": 3.495262}}
{"target": -39.19010991596727, "params": {"C": 184.15017671054403, "epsilon": 1.3734607636300706, "gamma": 0.030645828809619843}, "datetime": {"datetime": "2021-09-28 12:48:42", "elapsed": 606.846797, "delta": 5.034509}}
{"target": -39.59961562342893, "params": {"C": 168.71234498313143, "epsilon": 2.0385162235315644, "gamma": 0.04689973015601887}, "datetime": {"datetime": "2021-09-28 12:48:46", "elapsed": 611.193614, "delta": 4.346817}}
{"target": -37.35922418767883, "params": {"C": 241.7164159543919, "epsilon": 1.6342320224176516, "gamma": 0.0034095708928199445}, "datetime": {"datetime": "2021-09-28 12:48:49", "elapsed": 613.323268, "delta": 2.129654}}
{"target": -37.343172770247115, "params": {"C": 175.8692128881593, "epsilon": 2.7998253765280015, "gamma": 0.004085700366301331}, "datetime": {"datetime": "2021-09-28 12:48:52", "elapsed": 616.687223, "delta": 3.363955}}
{"target": -37.37832169697132, "params": {"C": 175.71747672391646, "epsilon": 2.6939805717634653, "gamma": 0.0034210616092383984}, "datetime": {"datetime": "2021-09-28 12:48:55", "elapsed": 620.117222, "delta": 3.429999}}
{"target": -41.640767351436835, "params": {"C": 209.11603633386537, "epsilon": 1.4315358770908686, "gamma": 0.09984880744487701}, "datetime": {"datetime": "2021-09-28 12:48:58", "elapsed": 622.384665, "delta": 2.267443}}
{"target": -38.61562658417991, "params": {"C": 170.24640796852265, "epsilon": 2.985165387098492, "gamma": 0.01659436146910272}, "datetime": {"datetime": "2021-09-28 12:49:00", "elapsed": 624.805354, "delta": 2.420689}}
{"target": -37.899064985512716, "params": {"C": 168.661366344196, "epsilon": 2.069409894219187, "gamma": 0.008709736084048191}, "datetime": {"datetime": "2021-09-28 12:49:04", "elapsed": 628.953392, "delta": 4.148038}}
{"target": -38.15894115139254, "params": {"C": 175.84929948593407, "epsilon": 2.828898218417401, "gamma": 0.010963556076220328}, "datetime": {"datetime": "2021-09-28 12:49:08", "elapsed": 632.386716, "delta": 3.433324}}
{"target": -38.99397412915283, "params": {"C": 222.8966998642033, "epsilon": 0.1595986676715147, "gamma": 0.016824242211719794}, "datetime": {"datetime": "2021-09-28 12:49:11", "elapsed": 635.773599, "delta": 3.386883}}
{"target": -38.15686794875247, "params": {"C": 175.79737516590748, "epsilon": 2.804653117551184, "gamma": 0.011150245686098265}, "datetime": {"datetime": "2021-09-28 12:49:15", "elapsed": 639.226671, "delta": 3.453072}}
{"target": -37.68444223187357, "params": {"C": 161.0444872343308, "epsilon": 1.892970769925657, "gamma": 0.008132789005693664}, "datetime": {"datetime": "2021-09-28 12:49:17", "elapsed": 641.838645, "delta": 2.611974}}
{"target": -37.3336967388239, "params": {"C": 196.22740592980912, "epsilon": 2.581026871024638, "gamma": 0.004198855608786484}, "datetime": {"datetime": "2021-09-28 12:49:21", "elapsed": 645.950904, "delta": 4.112259}}
{"target": -39.149852969876314, "params": {"C": 184.1158731853456, "epsilon": 1.2731740583939382, "gamma": 0.023200391804174658}, "datetime": {"datetime": "2021-09-28 12:49:27", "elapsed": 651.267982, "delta": 5.317078}}
{"target": -38.82205767747162, "params": {"C": 241.6634209490117, "epsilon": 1.6291978158676368, "gamma": 0.01671852056302772}, "datetime": {"datetime": "2021-09-28 12:49:30", "elapsed": 654.689001, "delta": 3.421019}}
{"target": -40.43733318265652, "params": {"C": 161.07569195754445, "epsilon": 1.956817086648976, "gamma": 0.06206732818701314}, "datetime": {"datetime": "2021-09-28 12:49:35", "elapsed": 659.356731, "delta": 4.66773}}
{"target": -38.63534295797852, "params": {"C": 175.88380143799242, "epsilon": 2.7669862111078714, "gamma": 0.013762203975529925}, "datetime": {"datetime": "2021-09-28 12:49:39", "elapsed": 663.995722, "delta": 4.638991}}
{"target": -37.517989351118445, "params": {"C": 195.95789831495122, "epsilon": 2.547813996182083, "gamma": 0.0019042115628946752}, "datetime": {"datetime": "2021-09-28 12:49:43", "elapsed": 667.30392, "delta": 3.308198}}
{"target": -39.2567450364285, "params": {"C": 184.2446049599902, "epsilon": 1.1255639230370156, "gamma": 0.038615002813862445}, "datetime": {"datetime": "2021-09-28 12:49:45", "elapsed": 669.651414, "delta": 2.347494}}
{"target": -39.20607835680353, "params": {"C": 222.90998913015963, "epsilon": 0.031788101958614326, "gamma": 0.024258598698612844}, "datetime": {"datetime": "2021-09-28 12:49:49", "elapsed": 673.961934, "delta": 4.31052}}
{"target": -39.55453349236925, "params": {"C": 195.90856377071168, "epsilon": 2.524340101704296, "gamma": 0.04250916556297518}, "datetime": {"datetime": "2021-09-28 12:49:53", "elapsed": 677.935699, "delta": 3.973765}}
{"target": -40.56275140554495, "params": {"C": 241.7510414675447, "epsilon": 1.577146930704342, "gamma": 0.05161923239491895}, "datetime": {"datetime": "2021-09-28 12:49:58", "elapsed": 682.668941, "delta": 4.733242}}
{"target": -38.820113206031046, "params": {"C": 158.44375646797562, "epsilon": 2.562361132498674, "gamma": 0.02862106445433317}, "datetime": {"datetime": "2021-09-28 12:50:02", "elapsed": 686.296077, "delta": 3.627136}}
{"target": -38.16605755124449, "params": {"C": 175.8103965519268, "epsilon": 2.7558172495096946, "gamma": 0.009814999076409973}, "datetime": {"datetime": "2021-09-28 12:50:06", "elapsed": 690.800414, "delta": 4.504337}}
{"target": -38.91149134938329, "params": {"C": 161.01775748839384, "epsilon": 1.8459483996902741, "gamma": 0.02432419407429794}, "datetime": {"datetime": "2021-09-28 12:50:11", "elapsed": 695.533825, "delta": 4.733411}}
{"target": -39.17048357427524, "params": {"C": 161.0931361769398, "epsilon": 1.872786647167419, "gamma": 0.03940123598941086}, "datetime": {"datetime": "2021-09-28 12:50:15", "elapsed": 699.525928, "delta": 3.992103}}
{"target": -38.19569024268469, "params": {"C": 222.60320752260122, "epsilon": 2.608868414719504, "gamma": 0.00982654404444808}, "datetime": {"datetime": "2021-09-28 12:50:19", "elapsed": 703.544136, "delta": 4.018208}}
{"target": -40.26874886783574, "params": {"C": 203.51521019748552, "epsilon": 1.874464776460646, "gamma": 0.05082271491584511}, "datetime": {"datetime": "2021-09-28 12:50:21", "elapsed": 705.991084, "delta": 2.446948}}
{"target": -38.30483373665821, "params": {"C": 168.7033131504023, "epsilon": 2.100105867480326, "gamma": 0.012375632913953157}, "datetime": {"datetime": "2021-09-28 12:50:28", "elapsed": 712.676147, "delta": 6.685063}}
{"target": -40.55870584548653, "params": {"C": 222.8433751220774, "epsilon": 2.6638969482987345, "gamma": 0.06952133420676941}, "datetime": {"datetime": "2021-09-28 12:50:33", "elapsed": 717.664511, "delta": 4.988364}}
{"target": -38.281974161891625, "params": {"C": 170.27105590938345, "epsilon": 2.9197363790049846, "gamma": 0.012101031452761965}, "datetime": {"datetime": "2021-09-28 12:50:38", "elapsed": 722.89976, "delta": 5.235249}}
{"target": -38.95548933240199, "params": {"C": 183.63554047378048, "epsilon": 1.9061447771429179, "gamma": 0.022902411006934586}, "datetime": {"datetime": "2021-09-28 12:50:41", "elapsed": 725.823655, "delta": 2.923895}}
{"target": -38.19074412347959, "params": {"C": 184.15645780927758, "epsilon": 1.3092040300196337, "gamma": 0.009856230337158971}, "datetime": {"datetime": "2021-09-28 12:50:46", "elapsed": 730.85596, "delta": 5.032305}}
{"target": -37.93472164385762, "params": {"C": 222.92176012876598, "epsilon": 0.08122192075883103, "gamma": 0.0069268672704777545}, "datetime": {"datetime": "2021-09-28 12:50:50", "elapsed": 734.215009, "delta": 3.359049}}
{"target": -37.19869897738851, "params": {"C": 156.84778723947784, "epsilon": 2.4803062740290436, "gamma": 0.005993957436849514}, "datetime": {"datetime": "2021-09-28 12:50:55", "elapsed": 740.094334, "delta": 5.879325}}
{"target": -39.05160374333722, "params": {"C": 156.89068664495431, "epsilon": 2.4627481797530355, "gamma": 0.03258992184929804}, "datetime": {"datetime": "2021-09-28 12:50:59", "elapsed": 743.605444, "delta": 3.51111}}
{"target": -37.74586532139448, "params": {"C": 217.87637189660268, "epsilon": 1.4556628727197927, "gamma": 0.006883246359248222}, "datetime": {"datetime": "2021-09-28 12:51:04", "elapsed": 748.539282, "delta": 4.933838}}
{"target": -37.54488449333442, "params": {"C": 175.7655223121722, "epsilon": 2.646512622140315, "gamma": 0.0026066632024788865}, "datetime": {"datetime": "2021-09-28 12:51:09", "elapsed": 753.247108, "delta": 4.707826}}
{"target": -38.09038151194619, "params": {"C": 178.55749440947864, "epsilon": 1.134993613031234, "gamma": 0.00864537151518377}, "datetime": {"datetime": "2021-09-28 12:51:12", "elapsed": 757.059787, "delta": 3.812679}}
{"target": -37.755845491432275, "params": {"C": 217.8714577218487, "epsilon": 1.5021892421363965, "gamma": 0.006779063488883139}, "datetime": {"datetime": "2021-09-28 12:51:16", "elapsed": 760.709157, "delta": 3.64937}}
{"target": -40.78975026221249, "params": {"C": 160.11182221270388, "epsilon": 0.872271665075478, "gamma": 0.08793294621902237}, "datetime": {"datetime": "2021-09-28 12:51:19", "elapsed": 763.734237, "delta": 3.02508}}
{"target": -40.63098013083402, "params": {"C": 158.900740820977, "epsilon": 2.073353257947389, "gamma": 0.08103490695390632}, "datetime": {"datetime": "2021-09-28 12:51:22", "elapsed": 766.392805, "delta": 2.658568}}
{"target": -38.78264059025262, "params": {"C": 170.21268044305722, "epsilon": 2.886049186369033, "gamma": 0.028130583366547897}, "datetime": {"datetime": "2021-09-28 12:51:28", "elapsed": 772.438979, "delta": 6.046174}}
{"target": -37.60134016168506, "params": {"C": 157.13146036117308, "epsilon": 2.6961031618425872, "gamma": 0.0074252851348459055}, "datetime": {"datetime": "2021-09-28 12:51:32", "elapsed": 776.208112, "delta": 3.769133}}
{"target": -39.53678790575185, "params": {"C": 157.14305213239328, "epsilon": 2.7861094715747057, "gamma": 0.048542834468994475}, "datetime": {"datetime": "2021-09-28 12:51:35", "elapsed": 779.872696, "delta": 3.664584}}
{"target": -38.13752437112265, "params": {"C": 156.91096178747537, "epsilon": 2.601593976413614, "gamma": 0.010221762341337922}, "datetime": {"datetime": "2021-09-28 12:51:39", "elapsed": 784.104126, "delta": 4.23143}}
{"target": -40.60121208452408, "params": {"C": 229.58442029266487, "epsilon": 2.300916754589891, "gamma": 0.06985969719057272}, "datetime": {"datetime": "2021-09-28 12:51:42", "elapsed": 786.866547, "delta": 2.762421}}
{"target": -40.71683811871038, "params": {"C": 160.75669993492738, "epsilon": 1.342771319018556, "gamma": 0.08433612072327791}, "datetime": {"datetime": "2021-09-28 12:51:45", "elapsed": 789.377593, "delta": 2.511046}}
{"target": -37.6354135346312, "params": {"C": 184.25616714992233, "epsilon": 1.3159532241854426, "gamma": 0.00706468844298617}, "datetime": {"datetime": "2021-09-28 12:51:49", "elapsed": 793.343774, "delta": 3.966181}}
{"target": -38.68294577487112, "params": {"C": 278.5529421691248, "epsilon": 1.3962782327727354, "gamma": 0.010809930922495492}, "datetime": {"datetime": "2021-09-28 12:51:51", "elapsed": 795.978064, "delta": 2.63429}}
{"target": -39.1323819039993, "params": {"C": 241.72835537669962, "epsilon": 1.682294803081894, "gamma": 0.020106771515771824}, "datetime": {"datetime": "2021-09-28 12:51:56", "elapsed": 800.396665, "delta": 4.418601}}
{"target": -37.18115492448214, "params": {"C": 184.3548624838468, "epsilon": 1.3137779428324095, "gamma": 0.0044008403073634}, "datetime": {"datetime": "2021-09-28 12:52:00", "elapsed": 804.706701, "delta": 4.310036}}
{"target": -40.68910568137923, "params": {"C": 184.2261978485306, "epsilon": 1.3739714663324243, "gamma": 0.07210173513205975}, "datetime": {"datetime": "2021-09-28 12:52:05", "elapsed": 809.563285, "delta": 4.856584}}
{"target": -41.05879201958253, "params": {"C": 276.691372843526, "epsilon": 0.15544274554411994, "gamma": 0.0701764255328866}, "datetime": {"datetime": "2021-09-28 12:52:07", "elapsed": 812.171615, "delta": 2.60833}}
{"target": -39.104772314216625, "params": {"C": 184.39911598403017, "epsilon": 1.31868660647401, "gamma": 0.02657321701126167}, "datetime": {"datetime": "2021-09-28 12:52:14", "elapsed": 818.810865, "delta": 6.63925}}
{"target": -38.630492753084845, "params": {"C": 239.75784145274946, "epsilon": 1.8954788718541395, "gamma": 0.013295832615087363}, "datetime": {"datetime": "2021-09-28 12:52:17", "elapsed": 821.589952, "delta": 2.779087}}
{"target": -37.71915770654534, "params": {"C": 257.6079157820465, "epsilon": 1.363548575951604, "gamma": 0.005959556489964125}, "datetime": {"datetime": "2021-09-28 12:52:20", "elapsed": 824.503395, "delta": 2.913443}}
{"target": -39.07582808523442, "params": {"C": 257.5778857805042, "epsilon": 1.4008843490236709, "gamma": 0.017812884008220363}, "datetime": {"datetime": "2021-09-28 12:52:26", "elapsed": 830.756923, "delta": 6.253528}}
{"target": -40.380160371168046, "params": {"C": 257.67464097127277, "epsilon": 1.3750317859409948, "gamma": 0.04379415404517143}, "datetime": {"datetime": "2021-09-28 12:52:30", "elapsed": 835.068156, "delta": 4.311233}}
{"target": -40.399630624936975, "params": {"C": 216.80960348382646, "epsilon": 2.8370787649943523, "gamma": 0.05404489215114395}, "datetime": {"datetime": "2021-09-28 12:52:33", "elapsed": 837.786493, "delta": 2.718337}}
{"target": -39.97689650661488, "params": {"C": 257.6183065799829, "epsilon": 1.3172141971791125, "gamma": 0.0385605507552665}, "datetime": {"datetime": "2021-09-28 12:52:37", "elapsed": 842.021566, "delta": 4.235073}}
{"target": -40.436586486431445, "params": {"C": 231.9036358572223, "epsilon": 2.9169645889086238, "gamma": 0.053160943692385554}, "datetime": {"datetime": "2021-09-28 12:52:40", "elapsed": 844.560064, "delta": 2.538498}}
{"target": -37.27153126505759, "params": {"C": 217.92190598841887, "epsilon": 1.4873672862730563, "gamma": 0.001}, "datetime": {"datetime": "2021-09-28 12:52:46", "elapsed": 850.728712, "delta": 6.168648}}
{"target": -38.65099337730864, "params": {"C": 175.80989985298072, "epsilon": 2.6113128431762194, "gamma": 0.013917009946937151}, "datetime": {"datetime": "2021-09-28 12:52:50", "elapsed": 854.496155, "delta": 3.767443}}
{"target": -40.63350935892511, "params": {"C": 170.26212467032215, "epsilon": 2.887417381303844, "gamma": 0.0827190398522254}, "datetime": {"datetime": "2021-09-28 12:52:55", "elapsed": 859.946683, "delta": 5.450528}}
{"target": -40.997588038225594, "params": {"C": 217.82497892280327, "epsilon": 1.5537862867292633, "gamma": 0.08489213482148186}, "datetime": {"datetime": "2021-09-28 12:53:00", "elapsed": 864.917109, "delta": 4.970426}}
{"target": -40.680556459141265, "params": {"C": 245.19500111232247, "epsilon": 1.4997801797159889, "gamma": 0.05415384701178883}, "datetime": {"datetime": "2021-09-28 12:53:03", "elapsed": 867.800513, "delta": 2.883404}}
{"target": -39.346427962648924, "params": {"C": 175.72174636324235, "epsilon": 2.6573967049143343, "gamma": 0.04220113378569146}, "datetime": {"datetime": "2021-09-28 12:53:07", "elapsed": 871.967103, "delta": 4.16659}}
{"target": -37.199788178006, "params": {"C": 156.86184874775756, "epsilon": 2.502565835669132, "gamma": 0.0056966850327298015}, "datetime": {"datetime": "2021-09-28 12:53:13", "elapsed": 877.825186, "delta": 5.858083}}
{"target": -38.64430964992889, "params": {"C": 156.8394488538683, "epsilon": 2.4332814581695046, "gamma": 0.015083312767742562}, "datetime": {"datetime": "2021-09-28 12:53:21", "elapsed": 885.72497, "delta": 7.899784}}
{"target": -37.660616496270436, "params": {"C": 170.30825138883384, "epsilon": 2.9550851690723827, "gamma": 0.0076385703813964005}, "datetime": {"datetime": "2021-09-28 12:53:26", "elapsed": 890.43348, "delta": 4.70851}}
{"target": -39.637905811795825, "params": {"C": 184.3182085715264, "epsilon": 1.3015609391192051, "gamma": 0.044093109998626596}, "datetime": {"datetime": "2021-09-28 12:53:29", "elapsed": 894.011414, "delta": 3.577934}}
{"target": -39.111981311632974, "params": {"C": 218.03493684798235, "epsilon": 1.4970473780596383, "gamma": 0.026371344265531622}, "datetime": {"datetime": "2021-09-28 12:53:36", "elapsed": 900.331892, "delta": 6.320478}}
