{"target": -44.892170023656035, "params": {"C": 67.61348351779522, "epsilon": 0.7841676891654945, "gamma": 0.0809134618444612}, "datetime": {"datetime": "2021-09-24 16:22:01", "elapsed": 19.876837, "delta": 0.242002}}
{"target": -44.050892628742346, "params": {"C": 88.80213020818977, "epsilon": 3.380327726259091, "gamma": 0.012311361687087696}, "datetime": {"datetime": "2021-09-24 16:22:01", "elapsed": 20.168126, "delta": 0.291289}}
{"target": -44.129529131656945, "params": {"C": 88.35079852850657, "epsilon": 1.9240944132538569, "gamma": 0.03304806234382155}, "datetime": {"datetime": "2021-09-24 16:22:01", "elapsed": 20.41145, "delta": 0.243324}}
{"target": -43.859131254718, "params": {"C": 61.312133186197286, "epsilon": 1.6560397306799404, "gamma": 0.01215958331672452}, "datetime": {"datetime": "2021-09-24 16:22:01", "elapsed": 20.702417, "delta": 0.290967}}
{"target": -43.9620846120764, "params": {"C": 55.630352075174365, "epsilon": 1.4747579528760597, "gamma": 0.0469382572431521}, "datetime": {"datetime": "2021-09-24 16:22:02", "elapsed": 20.976058, "delta": 0.273641}}
{"target": -45.71895446984277, "params": {"C": 87.46867246387275, "epsilon": 3.5771701809279612, "gamma": 0.09522847913187026}, "datetime": {"datetime": "2021-09-24 16:22:02", "elapsed": 21.384268, "delta": 0.40821}}
{"target": -44.25196708521099, "params": {"C": 56.17689160235189, "epsilon": 1.789106088051952, "gamma": 0.06212372840148535}, "datetime": {"datetime": "2021-09-24 16:22:02", "elapsed": 21.734526, "delta": 0.350258}}
{"target": -43.99379845969694, "params": {"C": 53.829629756471235, "epsilon": 1.9488703935012737, "gamma": 0.041206279301725914}, "datetime": {"datetime": "2021-09-24 16:22:03", "elapsed": 22.218525, "delta": 0.483999}}
{"target": -45.06641545275919, "params": {"C": 65.74865088337756, "epsilon": 1.1785588814742076, "gamma": 0.08713143266314405}, "datetime": {"datetime": "2021-09-24 16:22:03", "elapsed": 22.464522, "delta": 0.245997}}
{"target": -45.322452284416855, "params": {"C": 74.0639841970753, "epsilon": 2.194346033104873, "gamma": 0.09038207957484984}, "datetime": {"datetime": "2021-09-24 16:22:04", "elapsed": 22.85756, "delta": 0.393038}}
{"target": -44.19631888715305, "params": {"C": 75.78912062572007, "epsilon": 0.6149083503122001, "gamma": 0.04839126165954703}, "datetime": {"datetime": "2021-09-24 16:22:04", "elapsed": 23.328521, "delta": 0.470961}}
{"target": -44.472132643707, "params": {"C": 98.15229668781208, "epsilon": 2.1834476253119908, "gamma": 0.05087361964083838}, "datetime": {"datetime": "2021-09-24 16:22:04", "elapsed": 23.589525, "delta": 0.261004}}
{"target": -44.05724206276344, "params": {"C": 64.84714573926045, "epsilon": 2.9604229571809295, "gamma": 0.04984888297015572}, "datetime": {"datetime": "2021-09-24 16:22:05", "elapsed": 24.132533, "delta": 0.543008}}
{"target": -44.49007810781717, "params": {"C": 86.85219729663106, "epsilon": 1.5140806924605914, "gamma": 0.05977032323719481}, "datetime": {"datetime": "2021-09-24 16:22:05", "elapsed": 24.511519, "delta": 0.378986}}
{"target": -44.26536276671476, "params": {"C": 66.16460156419265, "epsilon": 0.7418270680489862, "gamma": 0.05658083294091884}, "datetime": {"datetime": "2021-09-24 16:22:06", "elapsed": 24.893525, "delta": 0.382006}}
{"target": -44.150203419188, "params": {"C": 55.16160949974069, "epsilon": 2.9371297075776894, "gamma": 0.01885772707467106}, "datetime": {"datetime": "2021-09-24 16:22:06", "elapsed": 25.22652, "delta": 0.332995}}
{"target": -45.74597825048024, "params": {"C": 97.25659993375166, "epsilon": 1.4267760407666297, "gamma": 0.08675461048783539}, "datetime": {"datetime": "2021-09-24 16:22:06", "elapsed": 25.486557, "delta": 0.260037}}
{"target": -44.43427494622744, "params": {"C": 80.61760171433332, "epsilon": 1.8587176414089983, "gamma": 0.05713778178574809}, "datetime": {"datetime": "2021-09-24 16:22:06", "elapsed": 25.79252, "delta": 0.305963}}
{"target": -44.092522972750665, "params": {"C": 51.19493491821675, "epsilon": 1.121086200461629, "gamma": 0.05715378360011853}, "datetime": {"datetime": "2021-09-24 16:22:07", "elapsed": 26.17056, "delta": 0.37804}}
{"target": -44.79450254214006, "params": {"C": 65.01751919527601, "epsilon": 2.6512859126974013, "gamma": 0.07755112524207348}, "datetime": {"datetime": "2021-09-24 16:22:07", "elapsed": 26.52856, "delta": 0.358}}
{"target": -44.9589667689837, "params": {"C": 54.91412048324164, "epsilon": 2.9276410844234695, "gamma": 0.09242187890394345}, "datetime": {"datetime": "2021-09-24 16:22:08", "elapsed": 26.859588, "delta": 0.331028}}
{"target": -44.74131652836989, "params": {"C": 52.63466329197838, "epsilon": 1.5972788452580224, "gamma": 0.08975712942456592}, "datetime": {"datetime": "2021-09-24 16:22:08", "elapsed": 27.264589, "delta": 0.405001}}
{"target": -43.91943694234248, "params": {"C": 53.35019527659301, "epsilon": 3.3298962929425553, "gamma": 0.011773448902723142}, "datetime": {"datetime": "2021-09-24 16:22:08", "elapsed": 27.582587, "delta": 0.317998}}
{"target": -45.10613523101635, "params": {"C": 77.80525293590439, "epsilon": 1.6583354888812258, "gamma": 0.07904774074980991}, "datetime": {"datetime": "2021-09-24 16:22:09", "elapsed": 27.881585, "delta": 0.298998}}
{"target": -44.90459884768281, "params": {"C": 64.56079894292822, "epsilon": 0.4789657083245476, "gamma": 0.08383475437180105}, "datetime": {"datetime": "2021-09-24 16:22:09", "elapsed": 28.175626, "delta": 0.294041}}
{"target": -44.3498173125204, "params": {"C": 75.49832863261155, "epsilon": 0.3523705956823576, "gamma": 0.058211805681976266}, "datetime": {"datetime": "2021-09-24 16:22:09", "elapsed": 28.448757, "delta": 0.273131}}
{"target": -44.23548809340921, "params": {"C": 99.50625157275732, "epsilon": 2.9974512003867053, "gamma": 0.018413216873474726}, "datetime": {"datetime": "2021-09-24 16:22:09", "elapsed": 28.770755, "delta": 0.321998}}
{"target": -44.04834187625737, "params": {"C": 58.9294901208761, "epsilon": 2.025105412844948, "gamma": 0.03880892140464541}, "datetime": {"datetime": "2021-09-24 16:22:10", "elapsed": 29.172793, "delta": 0.402038}}
{"target": -44.55030895941692, "params": {"C": 74.71911914054223, "epsilon": 3.331263870925465, "gamma": 0.0567096824039142}, "datetime": {"datetime": "2021-09-24 16:22:10", "elapsed": 29.641757, "delta": 0.468964}}
{"target": -44.63561722474833, "params": {"C": 73.08915591296079, "epsilon": 2.823707900675916, "gamma": 0.06933056414378029}, "datetime": {"datetime": "2021-09-24 16:22:11", "elapsed": 30.035764, "delta": 0.394007}}
{"target": -44.02955940843407, "params": {"C": 93.03035745496837, "epsilon": 2.333693500470165, "gamma": 0.014754851078522958}, "datetime": {"datetime": "2021-09-24 16:22:11", "elapsed": 30.40976, "delta": 0.373996}}
{"target": -44.1392968450184, "params": {"C": 59.09818738719132, "epsilon": 2.0057227396542068, "gamma": 0.005388204119958988}, "datetime": {"datetime": "2021-09-24 16:22:11", "elapsed": 30.739798, "delta": 0.330038}}
{"target": -44.139350828166144, "params": {"C": 78.2655260425914, "epsilon": 3.547155323667017, "gamma": 0.005397566491025907}, "datetime": {"datetime": "2021-09-24 16:22:12", "elapsed": 31.194764, "delta": 0.454966}}
{"target": -44.40437661679235, "params": {"C": 69.16540723232, "epsilon": 2.966357448961462, "gamma": 0.05635649541753552}, "datetime": {"datetime": "2021-09-24 16:22:12", "elapsed": 31.679761, "delta": 0.484997}}
{"target": -44.21697827434589, "params": {"C": 90.59694735862256, "epsilon": 2.005069868019947, "gamma": 0.040785260824204916}, "datetime": {"datetime": "2021-09-24 16:22:13", "elapsed": 32.170756, "delta": 0.490995}}
{"target": -45.29980401564884, "params": {"C": 94.10963090802298, "epsilon": 1.764664925143945, "gamma": 0.07382488587955015}, "datetime": {"datetime": "2021-09-24 16:22:13", "elapsed": 32.567755, "delta": 0.396999}}
{"target": -44.0639386907122, "params": {"C": 97.25075683260496, "epsilon": 0.6135203107443519, "gamma": 0.014105449498357982}, "datetime": {"datetime": "2021-09-24 16:22:14", "elapsed": 33.001764, "delta": 0.434009}}
{"target": -43.9245191069845, "params": {"C": 58.39763868048663, "epsilon": 3.427152668876111, "gamma": 0.04992746790422779}, "datetime": {"datetime": "2021-09-24 16:22:14", "elapsed": 33.43776, "delta": 0.435996}}
{"target": -44.16900164685764, "params": {"C": 71.44972122030666, "epsilon": 1.0710648179081865, "gamma": 0.04952577664259546}, "datetime": {"datetime": "2021-09-24 16:22:15", "elapsed": 33.906765, "delta": 0.469005}}
{"target": -45.29647155173641, "params": {"C": 87.86741629735613, "epsilon": 1.5934187741285506, "gamma": 0.07730858049647425}, "datetime": {"datetime": "2021-09-24 16:22:15", "elapsed": 34.323757, "delta": 0.416992}}
{"target": -44.51282162565252, "params": {"C": 52.57932424332321, "epsilon": 1.4849404653349103, "gamma": 0.08026073858020638}, "datetime": {"datetime": "2021-09-24 16:22:15", "elapsed": 34.796757, "delta": 0.473}}
{"target": -45.2445706863794, "params": {"C": 75.52359131355749, "epsilon": 0.16874380087141272, "gamma": 0.08334696185450739}, "datetime": {"datetime": "2021-09-24 16:22:16", "elapsed": 35.341757, "delta": 0.545}}
{"target": -43.903418197931664, "params": {"C": 98.42599692379423, "epsilon": 3.916138335827262, "gamma": 0.00656252474210838}, "datetime": {"datetime": "2021-09-24 16:22:16", "elapsed": 35.760805, "delta": 0.419048}}
{"target": -45.83247388254708, "params": {"C": 99.68223791521271, "epsilon": 1.9285831036379606, "gamma": 0.08934626813902187}, "datetime": {"datetime": "2021-09-24 16:22:17", "elapsed": 36.251764, "delta": 0.490959}}
{"target": -44.14661765358691, "params": {"C": 54.146955292085714, "epsilon": 3.842036212810087, "gamma": 0.058157045492390376}, "datetime": {"datetime": "2021-09-24 16:22:17", "elapsed": 36.616763, "delta": 0.364999}}
{"target": -44.339584073362744, "params": {"C": 80.88551261383401, "epsilon": 1.2736597406477919, "gamma": 0.054690095174883616}, "datetime": {"datetime": "2021-09-24 16:22:18", "elapsed": 37.079757, "delta": 0.462994}}
{"target": -44.02991645423557, "params": {"C": 62.02321552508433, "epsilon": 1.7359590561879727, "gamma": 0.04811516171610755}, "datetime": {"datetime": "2021-09-24 16:22:18", "elapsed": 37.47376, "delta": 0.394003}}
{"target": -44.171555673686456, "params": {"C": 74.21602269331902, "epsilon": 3.716580718844804, "gamma": 0.015089902392757325}, "datetime": {"datetime": "2021-09-24 16:22:18", "elapsed": 37.798798, "delta": 0.325038}}
{"target": -43.832365655779974, "params": {"C": 56.62229171998718, "epsilon": 1.8214883706396376, "gamma": 0.011200147784622826}, "datetime": {"datetime": "2021-09-24 16:22:19", "elapsed": 38.191761, "delta": 0.392963}}
{"target": -45.18502818156017, "params": {"C": 67.35176266235388, "epsilon": 0.4015990889772648, "gamma": 0.0890604253764178}, "datetime": {"datetime": "2021-09-24 16:22:19", "elapsed": 38.596759, "delta": 0.404998}}
{"target": -43.99994954724359, "params": {"C": 90.157635123884, "epsilon": 1.7869069523172283, "gamma": 0.013951235860200525}, "datetime": {"datetime": "2021-09-24 16:22:20", "elapsed": 38.99676, "delta": 0.400001}}
{"target": -44.32285288571863, "params": {"C": 91.543960321666, "epsilon": 1.3131901110428714, "gamma": 0.0449786704702778}, "datetime": {"datetime": "2021-09-24 16:22:20", "elapsed": 39.393756, "delta": 0.396996}}
{"target": -44.00422869623353, "params": {"C": 51.183805525193335, "epsilon": 3.007030645014478, "gamma": 0.026392857729050163}, "datetime": {"datetime": "2021-09-24 16:22:20", "elapsed": 39.819798, "delta": 0.426042}}
{"target": -45.16509246304725, "params": {"C": 62.433276770118574, "epsilon": 3.519610911110005, "gamma": 0.09178161667813417}, "datetime": {"datetime": "2021-09-24 16:22:21", "elapsed": 40.347586, "delta": 0.527788}}
{"target": -45.7660363742517, "params": {"C": 89.86541254224687, "epsilon": 2.3326535097813164, "gamma": 0.09468312538028131}, "datetime": {"datetime": "2021-09-24 16:22:21", "elapsed": 40.759587, "delta": 0.412001}}
{"target": -45.265254700926434, "params": {"C": 67.47796808449233, "epsilon": 2.0234151613396842, "gamma": 0.09405918079234078}, "datetime": {"datetime": "2021-09-24 16:22:22", "elapsed": 41.202559, "delta": 0.442972}}
{"target": -44.218500186855096, "params": {"C": 83.06847604307487, "epsilon": 3.199715600205482, "gamma": 0.03010461644021424}, "datetime": {"datetime": "2021-09-24 16:22:22", "elapsed": 41.695209, "delta": 0.49265}}
{"target": -43.982322996792504, "params": {"C": 57.61651173284426, "epsilon": 2.5220397320908234, "gamma": 0.027211356169642514}, "datetime": {"datetime": "2021-09-24 16:22:23", "elapsed": 42.338848, "delta": 0.643639}}
{"target": -44.86407134303331, "params": {"C": 82.17872685602754, "epsilon": 2.5178162416741445, "gamma": 0.07124934766729973}, "datetime": {"datetime": "2021-09-24 16:22:23", "elapsed": 42.788853, "delta": 0.450005}}
{"target": -44.03489604225946, "params": {"C": 72.12413234931928, "epsilon": 3.6127610093617943, "gamma": 0.013568876000968979}, "datetime": {"datetime": "2021-09-24 16:22:24", "elapsed": 43.279805, "delta": 0.490952}}
{"target": -44.053187093951216, "params": {"C": 82.35219765544382, "epsilon": 2.1850704645693972, "gamma": 0.03612023917024991}, "datetime": {"datetime": "2021-09-24 16:22:24", "elapsed": 43.845802, "delta": 0.565997}}
{"target": -44.40808041232095, "params": {"C": 88.26284779241819, "epsilon": 0.41766829999386884, "gamma": 0.055667792470518875}, "datetime": {"datetime": "2021-09-24 16:22:25", "elapsed": 44.251604, "delta": 0.405802}}
{"target": -44.551348441309294, "params": {"C": 98.0013923883283, "epsilon": 3.039374730135008, "gamma": 0.04915954762950827}, "datetime": {"datetime": "2021-09-24 16:22:25", "elapsed": 44.801003, "delta": 0.549399}}
{"target": -45.41495238329515, "params": {"C": 72.4812516526965, "epsilon": 3.6585552637024383, "gamma": 0.09507136237339503}, "datetime": {"datetime": "2021-09-24 16:22:26", "elapsed": 45.269797, "delta": 0.468794}}
{"target": -44.23832980623755, "params": {"C": 55.673705090089925, "epsilon": 3.2432904983983026, "gamma": 0.06024673460476063}, "datetime": {"datetime": "2021-09-24 16:22:26", "elapsed": 45.657796, "delta": 0.387999}}
{"target": -45.82086020598943, "params": {"C": 99.71375490564864, "epsilon": 3.448495618718229, "gamma": 0.09118699871868714}, "datetime": {"datetime": "2021-09-24 16:22:27", "elapsed": 46.162469, "delta": 0.504673}}
{"target": -44.10999839620635, "params": {"C": 56.65468345978326, "epsilon": 1.786620409576737, "gamma": 0.033313407674639986}, "datetime": {"datetime": "2021-09-24 16:22:27", "elapsed": 46.769907, "delta": 0.607438}}
{"target": -44.08527224472665, "params": {"C": 71.22670181460305, "epsilon": 1.2130673349208718, "gamma": 0.038136874042913056}, "datetime": {"datetime": "2021-09-24 16:22:28", "elapsed": 47.367941, "delta": 0.598034}}
{"target": -44.29200343047519, "params": {"C": 61.37095734640822, "epsilon": 1.6483630908381204, "gamma": 0.05906876870770495}, "datetime": {"datetime": "2021-09-24 16:22:29", "elapsed": 47.999946, "delta": 0.632005}}
{"target": -44.07810422560033, "params": {"C": 71.38634334053978, "epsilon": 0.45622834861651507, "gamma": 0.04522015656523671}, "datetime": {"datetime": "2021-09-24 16:22:29", "elapsed": 48.51873, "delta": 0.518784}}
{"target": -45.917916889368044, "params": {"C": 90.42056773249311, "epsilon": 0.859885054468714, "gamma": 0.09938132180420078}, "datetime": {"datetime": "2021-09-24 16:22:30", "elapsed": 49.060846, "delta": 0.542116}}
{"target": -44.426698325389445, "params": {"C": 77.2116034603437, "epsilon": 1.299640768179037, "gamma": 0.061474844440359194}, "datetime": {"datetime": "2021-09-24 16:22:30", "elapsed": 49.558178, "delta": 0.497332}}
{"target": -44.40177948895782, "params": {"C": 99.92777712110106, "epsilon": 0.28248764101934803, "gamma": 0.024736849448613017}, "datetime": {"datetime": "2021-09-24 16:22:31", "elapsed": 50.21085, "delta": 0.652672}}
{"target": -44.00395027569722, "params": {"C": 70.33547103264883, "epsilon": 2.777869165322414, "gamma": 0.045351955807239025}, "datetime": {"datetime": "2021-09-24 16:22:31", "elapsed": 50.676079, "delta": 0.465229}}
{"target": -43.985603973719726, "params": {"C": 56.651940355661644, "epsilon": 1.7823740452365264, "gamma": 0.04233465394396107}, "datetime": {"datetime": "2021-09-24 16:22:32", "elapsed": 51.149469, "delta": 0.47339}}
{"target": -44.33398148089256, "params": {"C": 99.99167644408004, "epsilon": 0.16660019895086792, "gamma": 0.02838895281423545}, "datetime": {"datetime": "2021-09-24 16:22:33", "elapsed": 52.021654, "delta": 0.872185}}
{"target": -43.99642761926862, "params": {"C": 64.85773822895133, "epsilon": 2.9633883464274304, "gamma": 0.048047588472873236}, "datetime": {"datetime": "2021-09-24 16:22:33", "elapsed": 52.442071, "delta": 0.420417}}
{"target": -44.10672038952173, "params": {"C": 56.57067707963568, "epsilon": 1.7509819121290733, "gamma": 0.05558296379877736}, "datetime": {"datetime": "2021-09-24 16:22:34", "elapsed": 53.159955, "delta": 0.717884}}
{"target": -45.38450215770453, "params": {"C": 66.50257101905152, "epsilon": 0.6687100159936172, "gamma": 0.09772772939024024}, "datetime": {"datetime": "2021-09-24 16:22:34", "elapsed": 53.764957, "delta": 0.605002}}
{"target": -44.01284433575174, "params": {"C": 56.58240758153739, "epsilon": 1.8660163320028091, "gamma": 0.04007370412905983}, "datetime": {"datetime": "2021-09-24 16:22:35", "elapsed": 54.56268, "delta": 0.797723}}
{"target": -44.57313333002005, "params": {"C": 53.39567597894666, "epsilon": 3.3143613407056476, "gamma": 0.07708931982262895}, "datetime": {"datetime": "2021-09-24 16:22:36", "elapsed": 55.349853, "delta": 0.787173}}
{"target": -43.85690202286411, "params": {"C": 56.21505048054931, "epsilon": 2.625861151402205, "gamma": 0.011532747520007462}, "datetime": {"datetime": "2021-09-24 16:22:37", "elapsed": 56.637927, "delta": 1.288074}}
{"target": -44.16187729089624, "params": {"C": 73.26706249129936, "epsilon": 0.4781827156516309, "gamma": 0.01814072855726342}, "datetime": {"datetime": "2021-09-24 16:22:38", "elapsed": 57.153424, "delta": 0.515497}}
{"target": -44.004196897133816, "params": {"C": 56.02824016926145, "epsilon": 3.3778047153157487, "gamma": 0.024480650309508405}, "datetime": {"datetime": "2021-09-24 16:22:39", "elapsed": 58.203821, "delta": 1.050397}}
{"target": -43.839732864379386, "params": {"C": 56.291814023819065, "epsilon": 2.6712330907772244, "gamma": 0.00921427625866388}, "datetime": {"datetime": "2021-09-24 16:22:40", "elapsed": 59.108697, "delta": 0.904876}}
{"target": -44.83025448830822, "params": {"C": 56.20891275609437, "epsilon": 2.652837326358771, "gamma": 0.0861651353081533}, "datetime": {"datetime": "2021-09-24 16:22:41", "elapsed": 59.904018, "delta": 0.795321}}
{"target": -43.82850665502, "params": {"C": 61.21539981375997, "epsilon": 1.6251889593063586, "gamma": 0.008893046352835155}, "datetime": {"datetime": "2021-09-24 16:22:41", "elapsed": 60.727355, "delta": 0.823337}}
{"target": -44.02455909180841, "params": {"C": 99.87007223113429, "epsilon": 0.1397370935909853, "gamma": 0.012117427422448347}, "datetime": {"datetime": "2021-09-24 16:22:42", "elapsed": 61.444641, "delta": 0.717286}}
{"target": -44.12962843887257, "params": {"C": 61.172877776866514, "epsilon": 1.682460149846073, "gamma": 0.0314269443952277}, "datetime": {"datetime": "2021-09-24 16:22:43", "elapsed": 62.278501, "delta": 0.83386}}
{"target": -44.99917710384575, "params": {"C": 85.93679696547572, "epsilon": 1.5100955821416677, "gamma": 0.07224045770499841}, "datetime": {"datetime": "2021-09-24 16:22:44", "elapsed": 62.868757, "delta": 0.590256}}
{"target": -44.88576442669908, "params": {"C": 61.255416049220436, "epsilon": 1.6217287200512782, "gamma": 0.0852030132552139}, "datetime": {"datetime": "2021-09-24 16:22:45", "elapsed": 64.040702, "delta": 1.171945}}
{"target": -44.69751478532917, "params": {"C": 98.36790674607437, "epsilon": 3.940338836719129, "gamma": 0.05398394965599859}, "datetime": {"datetime": "2021-09-24 16:22:46", "elapsed": 65.074062, "delta": 1.03336}}
{"target": -45.27952669241205, "params": {"C": 66.41116596378363, "epsilon": 0.1274505461764891, "gamma": 0.09258210805312864}, "datetime": {"datetime": "2021-09-24 16:22:46", "elapsed": 65.649477, "delta": 0.575415}}
{"target": -44.084167071663835, "params": {"C": 58.480778133268444, "epsilon": 3.455235893521346, "gamma": 0.05395644129763893}, "datetime": {"datetime": "2021-09-24 16:22:47", "elapsed": 66.630761, "delta": 0.981284}}
{"target": -44.47556066474339, "params": {"C": 85.91990890241799, "epsilon": 1.5563033935598893, "gamma": 0.05879852445117883}, "datetime": {"datetime": "2021-09-24 16:22:48", "elapsed": 67.138392, "delta": 0.507631}}
{"target": -44.11436146769961, "params": {"C": 58.42229964338593, "epsilon": 3.3490535791221867, "gamma": 0.019331767426161658}, "datetime": {"datetime": "2021-09-24 16:22:48", "elapsed": 67.802781, "delta": 0.664389}}
{"target": -44.116914239495664, "params": {"C": 98.5032209145205, "epsilon": 3.8839660288386724, "gamma": 0.005}, "datetime": {"datetime": "2021-09-24 16:22:49", "elapsed": 68.848151, "delta": 1.04537}}
{"target": -44.02111320434244, "params": {"C": 97.26856941473636, "epsilon": 0.7236169726314157, "gamma": 0.012887654066473346}, "datetime": {"datetime": "2021-09-24 16:22:50", "elapsed": 69.849514, "delta": 1.001363}}
{"target": -45.73412406345811, "params": {"C": 86.92215210740066, "epsilon": 3.264337448757173, "gamma": 0.09618343095931571}, "datetime": {"datetime": "2021-09-24 16:22:51", "elapsed": 70.490758, "delta": 0.641244}}
{"target": -44.014019801362245, "params": {"C": 62.046389371702546, "epsilon": 1.9427132756779384, "gamma": 0.0402136186955422}, "datetime": {"datetime": "2021-09-24 16:22:52", "elapsed": 71.643597, "delta": 1.152839}}
{"target": -43.912203737997594, "params": {"C": 56.33912787426436, "epsilon": 3.303925319030495, "gamma": 0.04284794099063331}, "datetime": {"datetime": "2021-09-24 16:22:53", "elapsed": 72.338852, "delta": 0.695255}}
