{"target": -37.884955538664, "params": {"C": 1069.6811133814622, "epsilon": 2.159849654912292, "gamma": 0.006646061995480087}, "datetime": {"datetime": "2021-09-28 16:12:58", "elapsed": 202.824793, "delta": 1.902273}}
{"target": -37.05788940546167, "params": {"C": 906.2958045431882, "epsilon": 2.0211179726970494, "gamma": 0.004499700813692988}, "datetime": {"datetime": "2021-09-28 16:13:00", "elapsed": 204.340813, "delta": 1.51602}}
{"target": -36.61582646506246, "params": {"C": 957.1760020866016, "epsilon": 2.3555364971138038, "gamma": 0.0005620380023882326}, "datetime": {"datetime": "2021-09-28 16:13:02", "elapsed": 206.106815, "delta": 1.766002}}
{"target": -37.093043506746234, "params": {"C": 929.0631227361688, "epsilon": 2.383057117456983, "gamma": 0.004536796870037846}, "datetime": {"datetime": "2021-09-28 16:13:03", "elapsed": 208.048258, "delta": 1.941443}}
{"target": -38.06911073872584, "params": {"C": 963.946604541077, "epsilon": 1.1463589038017734, "gamma": 0.007742656172680515}, "datetime": {"datetime": "2021-09-28 16:13:05", "elapsed": 209.457909, "delta": 1.409651}}
{"target": -37.35635933741953, "params": {"C": 952.6458021166934, "epsilon": 2.561836724772556, "gamma": 0.00495255168825101}, "datetime": {"datetime": "2021-09-28 16:13:06", "elapsed": 210.81915, "delta": 1.361241}}
{"target": -38.5559001347683, "params": {"C": 945.6349088694341, "epsilon": 2.203291737087378, "gamma": 0.009083551141552083}, "datetime": {"datetime": "2021-09-28 16:13:08", "elapsed": 212.557644, "delta": 1.738494}}
{"target": -37.64250738331747, "params": {"C": 955.7673070878352, "epsilon": 0.6475747550852883, "gamma": 0.00529513366034942}, "datetime": {"datetime": "2021-09-28 16:13:09", "elapsed": 213.938386, "delta": 1.380742}}
{"target": -38.33389658183307, "params": {"C": 1019.5936542810238, "epsilon": 0.13300659256873557, "gamma": 0.008702198639492991}, "datetime": {"datetime": "2021-09-28 16:13:11", "elapsed": 215.414079, "delta": 1.475693}}
{"target": -35.74175490398564, "params": {"C": 1042.6138566121974, "epsilon": 1.7501664557832473, "gamma": 0.00022531558812573466}, "datetime": {"datetime": "2021-09-28 16:13:13", "elapsed": 217.847654, "delta": 2.433575}}
{"target": -37.5698357838432, "params": {"C": 1023.3954986657882, "epsilon": 1.4562290341120838, "gamma": 0.004891618924516726}, "datetime": {"datetime": "2021-09-28 16:13:16", "elapsed": 220.273805, "delta": 2.426151}}
{"target": -37.333225943325345, "params": {"C": 1087.1914175772845, "epsilon": 2.4514493358319474, "gamma": 0.004449193683192402}, "datetime": {"datetime": "2021-09-28 16:13:17", "elapsed": 221.80401, "delta": 1.530205}}
{"target": -36.82425398461623, "params": {"C": 958.4012735692211, "epsilon": 0.27882025990741016, "gamma": 0.0032765329482759295}, "datetime": {"datetime": "2021-09-28 16:13:19", "elapsed": 223.320005, "delta": 1.515995}}
{"target": -37.686999704241444, "params": {"C": 927.2724913720119, "epsilon": 1.1175155131717338, "gamma": 0.0056670914660259305}, "datetime": {"datetime": "2021-09-28 16:13:21", "elapsed": 225.302514, "delta": 1.982509}}
{"target": -36.99233564716657, "params": {"C": 999.1052202282092, "epsilon": 2.6118422114505138, "gamma": 0.0006683017170182175}, "datetime": {"datetime": "2021-09-28 16:13:23", "elapsed": 227.121585, "delta": 1.819071}}
{"target": -37.344421425872184, "params": {"C": 902.5695994825386, "epsilon": 2.6174619387033147, "gamma": 0.0015306048981580172}, "datetime": {"datetime": "2021-09-28 16:13:25", "elapsed": 229.258273, "delta": 2.136688}}
{"target": -38.60491585007965, "params": {"C": 974.805533746876, "epsilon": 1.0919671195609628, "gamma": 0.009390365038479615}, "datetime": {"datetime": "2021-09-28 16:13:26", "elapsed": 230.90851, "delta": 1.650237}}
{"target": -36.27751537796186, "params": {"C": 1013.1449359510541, "epsilon": 0.5496807129030422, "gamma": 0.00047184755524492877}, "datetime": {"datetime": "2021-09-28 16:13:28", "elapsed": 232.482304, "delta": 1.573794}}
{"target": -37.970538035869936, "params": {"C": 953.5613271773079, "epsilon": 2.201379336748877, "gamma": 0.007541772527981839}, "datetime": {"datetime": "2021-09-28 16:13:30", "elapsed": 234.668146, "delta": 2.185842}}
{"target": -37.62577764694191, "params": {"C": 1022.7799318430891, "epsilon": 1.308341877401609, "gamma": 0.004995256721859706}, "datetime": {"datetime": "2021-09-28 16:13:33", "elapsed": 237.122859, "delta": 2.454713}}
{"target": -37.86305773706155, "params": {"C": 1028.6347129028277, "epsilon": 0.8617205666071936, "gamma": 0.006941784479952123}, "datetime": {"datetime": "2021-09-28 16:13:34", "elapsed": 238.442143, "delta": 1.319284}}
{"target": -36.2616990425693, "params": {"C": 1085.725829281251, "epsilon": 0.8068337705605988, "gamma": 0.0004448346913489549}, "datetime": {"datetime": "2021-09-28 16:13:35", "elapsed": 239.795711, "delta": 1.353568}}
{"target": -36.71346522023975, "params": {"C": 984.1729753209037, "epsilon": 2.35419668624849, "gamma": 0.0034443350900430617}, "datetime": {"datetime": "2021-09-28 16:13:37", "elapsed": 241.246712, "delta": 1.451001}}
{"target": -37.83838642737656, "params": {"C": 977.2058409187503, "epsilon": 0.2369141050838246, "gamma": 0.006716724084861225}, "datetime": {"datetime": "2021-09-28 16:13:38", "elapsed": 242.733636, "delta": 1.486924}}
{"target": -37.6660168382865, "params": {"C": 938.2412352445461, "epsilon": 1.7681007810555183, "gamma": 0.0060301920145856116}, "datetime": {"datetime": "2021-09-28 16:13:40", "elapsed": 244.295048, "delta": 1.561412}}
{"target": -37.793678331645026, "params": {"C": 901.8262293784502, "epsilon": 0.6924476056102004, "gamma": 0.007229222285574739}, "datetime": {"datetime": "2021-09-28 16:13:41", "elapsed": 245.901279, "delta": 1.606231}}
{"target": -37.637213156587784, "params": {"C": 1044.04861419388, "epsilon": 2.4539664545298794, "gamma": 0.005796256489982454}, "datetime": {"datetime": "2021-09-28 16:13:43", "elapsed": 247.422281, "delta": 1.521002}}
{"target": -36.80380872785176, "params": {"C": 971.5219102532186, "epsilon": 2.2741433871634102, "gamma": 0.0037200955912225567}, "datetime": {"datetime": "2021-09-28 16:13:45", "elapsed": 249.671335, "delta": 2.249054}}
{"target": -37.780053444680064, "params": {"C": 999.2799030215069, "epsilon": 1.8641271954194762, "gamma": 0.006494027983667943}, "datetime": {"datetime": "2021-09-28 16:13:47", "elapsed": 251.99188, "delta": 2.320545}}
{"target": -37.596414632733804, "params": {"C": 1071.104952188528, "epsilon": 1.2743699770640438, "gamma": 0.004758315647278805}, "datetime": {"datetime": "2021-09-28 16:13:49", "elapsed": 253.471883, "delta": 1.480003}}
{"target": -38.061066042122135, "params": {"C": 1041.0301379779064, "epsilon": 2.7038478186721733, "gamma": 0.00725776199661505}, "datetime": {"datetime": "2021-09-28 16:13:50", "elapsed": 254.836359, "delta": 1.364476}}
{"target": -38.171412316934, "params": {"C": 1089.8550662066116, "epsilon": 1.5015118971030597, "gamma": 0.007264116114493258}, "datetime": {"datetime": "2021-09-28 16:13:52", "elapsed": 256.374084, "delta": 1.537725}}
{"target": -38.44946150561473, "params": {"C": 901.7747901226946, "epsilon": 2.513073695016454, "gamma": 0.00887822233755949}, "datetime": {"datetime": "2021-09-28 16:13:53", "elapsed": 257.897881, "delta": 1.523797}}
{"target": -37.385588536155154, "params": {"C": 1056.0309844381509, "epsilon": 1.0993344081654635, "gamma": 0.002205715482647451}, "datetime": {"datetime": "2021-09-28 16:13:55", "elapsed": 259.346758, "delta": 1.448877}}
{"target": -37.21921893469801, "params": {"C": 927.9812051823014, "epsilon": 1.5324282934753153, "gamma": 0.002582584258219115}, "datetime": {"datetime": "2021-09-28 16:13:57", "elapsed": 261.297491, "delta": 1.950733}}
{"target": -37.99604888010084, "params": {"C": 1089.0050327632364, "epsilon": 0.1727131249654745, "gamma": 0.007245766019595913}, "datetime": {"datetime": "2021-09-28 16:13:58", "elapsed": 262.834604, "delta": 1.537113}}
{"target": -38.49335382923203, "params": {"C": 1044.1340948760114, "epsilon": 0.11024162751998977, "gamma": 0.008958312241824912}, "datetime": {"datetime": "2021-09-28 16:14:00", "elapsed": 264.415987, "delta": 1.581383}}
{"target": -37.65084602760982, "params": {"C": 1040.3141288260204, "epsilon": 1.6546092893287947, "gamma": 0.00508595789704219}, "datetime": {"datetime": "2021-09-28 16:14:01", "elapsed": 265.900647, "delta": 1.48466}}
{"target": -37.10567259299218, "params": {"C": 1025.0193841979385, "epsilon": 2.133018621840998, "gamma": 0.0042396379159425806}, "datetime": {"datetime": "2021-09-28 16:14:03", "elapsed": 267.515638, "delta": 1.614991}}
{"target": -37.323067289753396, "params": {"C": 1057.2308215538214, "epsilon": 2.337043814668872, "gamma": 0.004493456428408023}, "datetime": {"datetime": "2021-09-28 16:14:05", "elapsed": 269.081822, "delta": 1.566184}}
{"target": -37.8835735951151, "params": {"C": 1057.750366850398, "epsilon": 0.47657289943850306, "gamma": 0.006323742615442237}, "datetime": {"datetime": "2021-09-28 16:14:07", "elapsed": 271.611877, "delta": 2.530055}}
{"target": -36.84076186784317, "params": {"C": 1076.7421353885184, "epsilon": 1.6704366725727229, "gamma": 0.0032726411157716767}, "datetime": {"datetime": "2021-09-28 16:14:09", "elapsed": 273.128719, "delta": 1.516842}}
{"target": -36.88551390874386, "params": {"C": 1070.433323820953, "epsilon": 1.9362094808581793, "gamma": 0.003528515135171021}, "datetime": {"datetime": "2021-09-28 16:14:10", "elapsed": 274.694593, "delta": 1.565874}}
{"target": -37.57572152410158, "params": {"C": 1098.0518170699725, "epsilon": 0.6374871467961807, "gamma": 0.002004165535820181}, "datetime": {"datetime": "2021-09-28 16:14:12", "elapsed": 276.193217, "delta": 1.498624}}
{"target": -37.39158398952473, "params": {"C": 1082.7823370777026, "epsilon": 1.1457214552057189, "gamma": 0.0011552979987065448}, "datetime": {"datetime": "2021-09-28 16:14:13", "elapsed": 277.594221, "delta": 1.401004}}
{"target": -36.70567868853188, "params": {"C": 934.331918671958, "epsilon": 2.99480505766839, "gamma": 0.003739252042411632}, "datetime": {"datetime": "2021-09-28 16:14:15", "elapsed": 279.240917, "delta": 1.646696}}
{"target": -37.79229648510665, "params": {"C": 911.2005477461164, "epsilon": 0.4434944723951803, "gamma": 0.00687905629281997}, "datetime": {"datetime": "2021-09-28 16:14:16", "elapsed": 280.792277, "delta": 1.55136}}
{"target": -37.911747692443484, "params": {"C": 1053.390244982639, "epsilon": 2.442878926232843, "gamma": 0.006779027722156746}, "datetime": {"datetime": "2021-09-28 16:14:18", "elapsed": 282.300236, "delta": 1.507959}}
{"target": -38.68005450302684, "params": {"C": 1015.3393022489847, "epsilon": 1.012095042015887, "gamma": 0.009497809389365914}, "datetime": {"datetime": "2021-09-28 16:14:20", "elapsed": 284.526263, "delta": 2.226027}}
{"target": -37.95376890161096, "params": {"C": 938.2161805893277, "epsilon": 1.5303250548218306, "gamma": 0.007591285834713638}, "datetime": {"datetime": "2021-09-28 16:14:22", "elapsed": 286.522479, "delta": 1.996216}}
{"target": -37.55752000131142, "params": {"C": 942.1376411998682, "epsilon": 2.312221460734765, "gamma": 0.0058506047138630925}, "datetime": {"datetime": "2021-09-28 16:14:24", "elapsed": 288.087163, "delta": 1.564684}}
{"target": -36.72916811520212, "params": {"C": 986.6275554392072, "epsilon": 2.579454880626741, "gamma": 0.0030406156812224465}, "datetime": {"datetime": "2021-09-28 16:14:25", "elapsed": 289.509001, "delta": 1.421838}}
{"target": -37.33646450491072, "params": {"C": 1094.6114304541823, "epsilon": 1.4345567227212572, "gamma": 0.0009444881977052385}, "datetime": {"datetime": "2021-09-28 16:14:26", "elapsed": 290.940405, "delta": 1.431404}}
{"target": -37.02658501625413, "params": {"C": 995.8628237536667, "epsilon": 0.4931088359043243, "gamma": 0.004001987906815405}, "datetime": {"datetime": "2021-09-28 16:14:28", "elapsed": 292.909086, "delta": 1.968681}}
{"target": -38.29344763770216, "params": {"C": 906.6218258528208, "epsilon": 0.44637418585413297, "gamma": 0.009242606760675197}, "datetime": {"datetime": "2021-09-28 16:14:31", "elapsed": 295.338791, "delta": 2.429705}}
{"target": -38.073735807972106, "params": {"C": 935.290082639032, "epsilon": 1.5589953949190376, "gamma": 0.00782901063412324}, "datetime": {"datetime": "2021-09-28 16:14:32", "elapsed": 296.697019, "delta": 1.358228}}
{"target": -37.041714984669326, "params": {"C": 1002.5736557921606, "epsilon": 2.524895754212046, "gamma": 0.0026588967846097452}, "datetime": {"datetime": "2021-09-28 16:14:34", "elapsed": 298.210202, "delta": 1.513183}}
{"target": -36.58948477318707, "params": {"C": 1072.8359477931594, "epsilon": 0.6639076748577395, "gamma": 0.0005489348733127568}, "datetime": {"datetime": "2021-09-28 16:14:35", "elapsed": 299.690347, "delta": 1.480145}}
{"target": -38.653528524917576, "params": {"C": 959.269806577572, "epsilon": 0.44325700350958713, "gamma": 0.009840387804416297}, "datetime": {"datetime": "2021-09-28 16:14:37", "elapsed": 301.284894, "delta": 1.594547}}
{"target": -35.55326421178005, "params": {"C": 1006.8002831865581, "epsilon": 0.49801503556206894, "gamma": 0.0002057696445106061}, "datetime": {"datetime": "2021-09-28 16:14:38", "elapsed": 302.775372, "delta": 1.490478}}
{"target": -37.72954627343503, "params": {"C": 901.2684321356838, "epsilon": 1.3722073173808933, "gamma": 0.0064628301764141395}, "datetime": {"datetime": "2021-09-28 16:14:40", "elapsed": 304.250721, "delta": 1.475349}}
{"target": -37.980412848952945, "params": {"C": 978.1528115755694, "epsilon": 0.3875302344513384, "gamma": 0.007669796397861255}, "datetime": {"datetime": "2021-09-28 16:14:41", "elapsed": 305.768724, "delta": 1.518003}}
{"target": -37.87117808440646, "params": {"C": 1023.6441568454835, "epsilon": 0.0803632164710174, "gamma": 0.007149041344656114}, "datetime": {"datetime": "2021-09-28 16:14:43", "elapsed": 307.25541, "delta": 1.486686}}
{"target": -36.7817090545731, "params": {"C": 953.6760639277868, "epsilon": 2.5038595244139117, "gamma": 0.002987151840717178}, "datetime": {"datetime": "2021-09-28 16:14:44", "elapsed": 308.77759, "delta": 1.52218}}
{"target": -37.55492279985172, "params": {"C": 1017.4323735811952, "epsilon": 2.9651516960266213, "gamma": 0.005834271047386615}, "datetime": {"datetime": "2021-09-28 16:14:47", "elapsed": 311.353513, "delta": 2.575923}}
{"target": -36.79103654261468, "params": {"C": 1009.2923032888825, "epsilon": 2.306114769028757, "gamma": 0.0036026586644499503}, "datetime": {"datetime": "2021-09-28 16:14:48", "elapsed": 312.842983, "delta": 1.48947}}
{"target": -38.7695504350903, "params": {"C": 1035.2539371731298, "epsilon": 0.1364434403559315, "gamma": 0.009902430302305702}, "datetime": {"datetime": "2021-09-28 16:14:50", "elapsed": 314.327744, "delta": 1.484761}}
{"target": -37.89832142785113, "params": {"C": 973.7793321844775, "epsilon": 0.9062932395482663, "gamma": 0.007430145112393199}, "datetime": {"datetime": "2021-09-28 16:14:51", "elapsed": 315.878755, "delta": 1.551011}}
{"target": -36.95206389503158, "params": {"C": 948.1810562975264, "epsilon": 2.6255320200146572, "gamma": 0.002783198967087917}, "datetime": {"datetime": "2021-09-28 16:14:53", "elapsed": 317.373222, "delta": 1.494467}}
{"target": -37.87691764841847, "params": {"C": 1096.2088747371204, "epsilon": 0.6926548710416307, "gamma": 0.005895416930481779}, "datetime": {"datetime": "2021-09-28 16:14:55", "elapsed": 319.413332, "delta": 2.04011}}
{"target": -37.90512075335652, "params": {"C": 1099.9325841682537, "epsilon": 1.2753986716069996, "gamma": 0.006581851808945947}, "datetime": {"datetime": "2021-09-28 16:14:56", "elapsed": 320.949548, "delta": 1.536216}}
{"target": -38.663257486990595, "params": {"C": 1088.7555171759213, "epsilon": 1.5116741955901956, "gamma": 0.008757281607571292}, "datetime": {"datetime": "2021-09-28 16:14:58", "elapsed": 322.470255, "delta": 1.520707}}
{"target": -38.40070422610049, "params": {"C": 904.8274741835701, "epsilon": 1.3704145723210877, "gamma": 0.009115556876961663}, "datetime": {"datetime": "2021-09-28 16:15:00", "elapsed": 324.069035, "delta": 1.59878}}
{"target": -37.377214184532264, "params": {"C": 1079.2110781468848, "epsilon": 0.7128116166542403, "gamma": 0.0022165189988063937}, "datetime": {"datetime": "2021-09-28 16:15:01", "elapsed": 325.615036, "delta": 1.546001}}
{"target": -37.542691378036956, "params": {"C": 998.7853080154051, "epsilon": 0.9837396266308037, "gamma": 0.001736363826495645}, "datetime": {"datetime": "2021-09-28 16:15:03", "elapsed": 327.188361, "delta": 1.573325}}
{"target": -37.13667514091315, "params": {"C": 1097.7605545801634, "epsilon": 0.4650100145556312, "gamma": 0.003915571899434576}, "datetime": {"datetime": "2021-09-28 16:15:05", "elapsed": 329.374876, "delta": 2.186515}}
{"target": -36.92225570990443, "params": {"C": 944.4752614488348, "epsilon": 2.088925072899691, "gamma": 0.0028660564931105533}, "datetime": {"datetime": "2021-09-28 16:15:06", "elapsed": 330.909053, "delta": 1.534177}}
{"target": -38.66156394942449, "params": {"C": 1058.2201802711759, "epsilon": 0.6699766282650204, "gamma": 0.0092024789964322}, "datetime": {"datetime": "2021-09-28 16:15:08", "elapsed": 332.967665, "delta": 2.058612}}
{"target": -36.814648354218306, "params": {"C": 1092.8883203099708, "epsilon": 1.1781897887535222, "gamma": 0.0030089407973155004}, "datetime": {"datetime": "2021-09-28 16:15:10", "elapsed": 334.602654, "delta": 1.634989}}
{"target": -36.992947730207185, "params": {"C": 955.0441275056122, "epsilon": 2.9251717837037114, "gamma": 0.0006802603651760256}, "datetime": {"datetime": "2021-09-28 16:15:12", "elapsed": 336.128813, "delta": 1.526159}}
{"target": -37.69406842255067, "params": {"C": 1066.185426565575, "epsilon": 0.03373234200332057, "gamma": 0.0016676330246492394}, "datetime": {"datetime": "2021-09-28 16:15:14", "elapsed": 338.313983, "delta": 2.18517}}
{"target": -38.2690916962641, "params": {"C": 1015.6900675511426, "epsilon": 1.6660598906548354, "gamma": 0.007794393621014319}, "datetime": {"datetime": "2021-09-28 16:15:15", "elapsed": 340.017587, "delta": 1.703604}}
{"target": -38.441979237208415, "params": {"C": 973.454591619772, "epsilon": 2.5214890308276208, "gamma": 0.008328340127980352}, "datetime": {"datetime": "2021-09-28 16:15:18", "elapsed": 342.489074, "delta": 2.471487}}
{"target": -36.97577864567983, "params": {"C": 1024.8608640005436, "epsilon": 2.3689199620982953, "gamma": 0.003994093221088073}, "datetime": {"datetime": "2021-09-28 16:15:20", "elapsed": 344.120946, "delta": 1.631872}}
{"target": -38.68463446175761, "params": {"C": 922.769601929367, "epsilon": 2.091804692306545, "gamma": 0.009878269409080235}, "datetime": {"datetime": "2021-09-28 16:15:21", "elapsed": 345.802944, "delta": 1.681998}}
{"target": -37.430005881196145, "params": {"C": 954.8346208188395, "epsilon": 1.0570530704183478, "gamma": 0.002029696117566831}, "datetime": {"datetime": "2021-09-28 16:15:23", "elapsed": 347.559744, "delta": 1.7568}}
{"target": -38.25655632531302, "params": {"C": 1025.9263720648435, "epsilon": 1.8616461024788116, "gamma": 0.0076924812891181}, "datetime": {"datetime": "2021-09-28 16:15:25", "elapsed": 349.474672, "delta": 1.914928}}
{"target": -37.54443828403316, "params": {"C": 1007.8498440079769, "epsilon": 1.456948412238384, "gamma": 0.0016566031365789634}, "datetime": {"datetime": "2021-09-28 16:15:27", "elapsed": 351.467028, "delta": 1.992356}}
{"target": -37.88421021747136, "params": {"C": 1093.6508044916163, "epsilon": 1.7853963302651317, "gamma": 0.006478186677820495}, "datetime": {"datetime": "2021-09-28 16:15:28", "elapsed": 353.009326, "delta": 1.542298}}
{"target": -37.6404670109241, "params": {"C": 1079.8026295919885, "epsilon": 1.71809914708737, "gamma": 0.004906415957063711}, "datetime": {"datetime": "2021-09-28 16:15:30", "elapsed": 355.017771, "delta": 2.008445}}
{"target": -37.51210664915271, "params": {"C": 990.9864072612547, "epsilon": 1.6224274032777934, "gamma": 0.002032589004057117}, "datetime": {"datetime": "2021-09-28 16:15:33", "elapsed": 357.881095, "delta": 2.863324}}
{"target": -37.577060910529056, "params": {"C": 1066.8701316303623, "epsilon": 2.1833215707649805, "gamma": 0.0018282977189558818}, "datetime": {"datetime": "2021-09-28 16:15:35", "elapsed": 359.843541, "delta": 1.962446}}
{"target": -37.4929166214217, "params": {"C": 984.310186417088, "epsilon": 1.5704776457189806, "gamma": 0.001935913214494345}, "datetime": {"datetime": "2021-09-28 16:15:37", "elapsed": 361.529538, "delta": 1.685997}}
{"target": -35.74756589605752, "params": {"C": 953.4197439678476, "epsilon": 0.7948857010115683, "gamma": 0.00037480315977816156}, "datetime": {"datetime": "2021-09-28 16:15:39", "elapsed": 363.25786, "delta": 1.728322}}
{"target": -37.345153167843186, "params": {"C": 959.0624224443966, "epsilon": 2.6146455706461293, "gamma": 0.004927031418889664}, "datetime": {"datetime": "2021-09-28 16:15:41", "elapsed": 365.097894, "delta": 1.840034}}
{"target": -37.43556291059543, "params": {"C": 932.5404219642287, "epsilon": 1.7940251153687548, "gamma": 0.002281280504344664}, "datetime": {"datetime": "2021-09-28 16:15:42", "elapsed": 366.939689, "delta": 1.841795}}
{"target": -38.736304149996, "params": {"C": 1034.381742964719, "epsilon": 2.1192484764361694, "gamma": 0.009285008903663601}, "datetime": {"datetime": "2021-09-28 16:15:44", "elapsed": 368.631141, "delta": 1.691452}}
{"target": -37.80051221233475, "params": {"C": 937.8523171264783, "epsilon": 0.016719968700534202, "gamma": 0.00673336772748358}, "datetime": {"datetime": "2021-09-28 16:15:47", "elapsed": 371.08353, "delta": 2.452389}}
{"target": -37.418915866936565, "params": {"C": 903.8338711191192, "epsilon": 0.2611911110256846, "gamma": 0.0022207568720783713}, "datetime": {"datetime": "2021-09-28 16:15:48", "elapsed": 372.784953, "delta": 1.701423}}
