{"target": -44.66846800378979, "params": {"C": 17.39155820766209, "epsilon": 3.796064133501426, "gamma": 0.059899442207920914}, "datetime": {"datetime": "2021-09-24 15:46:10", "elapsed": 1047.218596, "delta": 2.348491}}
{"target": -48.67270903331825, "params": {"C": 17.20733466242399, "epsilon": 0.4115999981153867, "gamma": 0.001388570180794278}, "datetime": {"datetime": "2021-09-24 15:46:13", "elapsed": 1049.615658, "delta": 2.397062}}
{"target": -44.385273061917005, "params": {"C": 71.7997451071002, "epsilon": 0.1329271403567286, "gamma": 0.05528148405335582}, "datetime": {"datetime": "2021-09-24 15:48:44", "elapsed": 0.0, "delta": 0.0}}
{"target": -43.39954719892272, "params": {"C": 71.76611963091385, "epsilon": 1.6988601742873315, "gamma": 0.0335022477256847}, "datetime": {"datetime": "2021-09-24 15:48:44", "elapsed": 0.034996, "delta": 0.034996}}
{"target": -43.5040849283793, "params": {"C": 60.232431701892125, "epsilon": 2.488505736412135, "gamma": 0.03045570909588015}, "datetime": {"datetime": "2021-09-24 15:48:44", "elapsed": 0.060995, "delta": 0.025999}}
{"target": -44.16639796501455, "params": {"C": 63.341363755143334, "epsilon": 2.4959013160941006, "gamma": 0.05324380996170998}, "datetime": {"datetime": "2021-09-24 15:48:44", "elapsed": 0.097998, "delta": 0.037003}}
{"target": -43.27286160763181, "params": {"C": 56.728997267246676, "epsilon": 2.068905141425013, "gamma": 0.019014878658738688}, "datetime": {"datetime": "2021-09-24 15:48:44", "elapsed": 0.135997, "delta": 0.037999}}
{"target": -44.18756060156689, "params": {"C": 81.59540902606784, "epsilon": 1.1057334591447376, "gamma": 0.05212189161851802}, "datetime": {"datetime": "2021-09-24 15:48:44", "elapsed": 0.224996, "delta": 0.088999}}
{"target": -44.32067989021882, "params": {"C": 71.0304914128238, "epsilon": 1.8346953645461086, "gamma": 0.058009034035329234}, "datetime": {"datetime": "2021-09-24 15:48:44", "elapsed": 0.317992, "delta": 0.092996}}
{"target": -44.73088149207154, "params": {"C": 71.74055648040873, "epsilon": 1.7326349559298448, "gamma": 0.0701120673769688}, "datetime": {"datetime": "2021-09-24 15:48:44", "elapsed": 0.402997, "delta": 0.085005}}
{"target": -45.543768358591976, "params": {"C": 90.86869041184192, "epsilon": 0.24852728307881325, "gamma": 0.0873072256923492}, "datetime": {"datetime": "2021-09-24 15:48:45", "elapsed": 0.483996, "delta": 0.080999}}
{"target": -44.17557065011224, "params": {"C": 69.67179333991226, "epsilon": 3.310022964927116, "gamma": 0.05377193120883848}, "datetime": {"datetime": "2021-09-24 15:48:45", "elapsed": 0.564001, "delta": 0.080005}}
{"target": -45.21214608514972, "params": {"C": 73.98462394853448, "epsilon": 3.4790268906762756, "gamma": 0.08694172941521616}, "datetime": {"datetime": "2021-09-24 15:48:45", "elapsed": 0.664999, "delta": 0.100998}}
{"target": -43.65552370871297, "params": {"C": 55.999691774733286, "epsilon": 1.6416370639872948, "gamma": 0.03786295535232897}, "datetime": {"datetime": "2021-09-24 15:48:45", "elapsed": 0.846997, "delta": 0.181998}}
{"target": -45.119028593226666, "params": {"C": 56.9327347470743, "epsilon": 1.9112696869645032, "gamma": 0.0878280000736052}, "datetime": {"datetime": "2021-09-24 15:48:45", "elapsed": 0.987606, "delta": 0.140609}}
{"target": -43.749176393253315, "params": {"C": 74.31796767872707, "epsilon": 3.5810044451384972, "gamma": 0.0018944896284487532}, "datetime": {"datetime": "2021-09-24 15:48:45", "elapsed": 1.101131, "delta": 0.113525}}
{"target": -44.58410557263412, "params": {"C": 58.326728170490306, "epsilon": 1.396269361631948, "gamma": 0.0667390177032662}, "datetime": {"datetime": "2021-09-24 15:48:45", "elapsed": 1.239129, "delta": 0.137998}}
{"target": -44.78669381560041, "params": {"C": 69.11664225377297, "epsilon": 0.45930922007128894, "gamma": 0.06859618298639385}, "datetime": {"datetime": "2021-09-24 15:48:45", "elapsed": 1.368132, "delta": 0.129003}}
{"target": -43.32678092083121, "params": {"C": 70.22361082352126, "epsilon": 2.5567144925029703, "gamma": 0.02492122821205377}, "datetime": {"datetime": "2021-09-24 15:48:46", "elapsed": 1.484133, "delta": 0.116001}}
{"target": -44.64158690100524, "params": {"C": 90.99777903514024, "epsilon": 1.9932335167988007, "gamma": 0.06688129991040984}, "datetime": {"datetime": "2021-09-24 15:48:46", "elapsed": 1.617141, "delta": 0.133008}}
{"target": -43.70424074945313, "params": {"C": 55.87793097272045, "epsilon": 1.7531991747614475, "gamma": 0.03957860069104472}, "datetime": {"datetime": "2021-09-24 15:48:46", "elapsed": 1.753243, "delta": 0.136102}}
{"target": -43.24576965137935, "params": {"C": 58.979292482379265, "epsilon": 1.4128187419007538, "gamma": 0.010113948657012942}, "datetime": {"datetime": "2021-09-24 15:48:46", "elapsed": 1.870422, "delta": 0.117179}}
{"target": -43.13519885162558, "params": {"C": 68.22156845694487, "epsilon": 2.391849422193985, "gamma": 0.019068266403542776}, "datetime": {"datetime": "2021-09-24 15:48:46", "elapsed": 1.986415, "delta": 0.115993}}
{"target": -43.41805020083855, "params": {"C": 56.27792346315999, "epsilon": 2.5697754474595675, "gamma": 0.007314469518964601}, "datetime": {"datetime": "2021-09-24 15:48:46", "elapsed": 2.217415, "delta": 0.231}}
{"target": -43.298397471764225, "params": {"C": 85.72110089458991, "epsilon": 0.895861424080083, "gamma": 0.028839005493303788}, "datetime": {"datetime": "2021-09-24 15:48:46", "elapsed": 2.345424, "delta": 0.128009}}
{"target": -43.42830242914931, "params": {"C": 52.3637505290587, "epsilon": 3.4808077137481424, "gamma": 0.006884129165184506}, "datetime": {"datetime": "2021-09-24 15:48:47", "elapsed": 2.497426, "delta": 0.152002}}
{"target": -45.05247337942503, "params": {"C": 65.76800859869336, "epsilon": 1.711783211624543, "gamma": 0.08421806957521064}, "datetime": {"datetime": "2021-09-24 15:48:47", "elapsed": 2.618418, "delta": 0.120992}}
{"target": -43.15403973744061, "params": {"C": 62.111952274405105, "epsilon": 2.007163297516704, "gamma": 0.019399849216697337}, "datetime": {"datetime": "2021-09-24 15:48:47", "elapsed": 2.981813, "delta": 0.363395}}
{"target": -43.563833654906645, "params": {"C": 55.06075224226325, "epsilon": 2.7948666211291084, "gamma": 0.032626571742743034}, "datetime": {"datetime": "2021-09-24 15:48:47", "elapsed": 3.162534, "delta": 0.180721}}
{"target": -44.31801677498088, "params": {"C": 65.38699213050076, "epsilon": 2.6146965620925453, "gamma": 0.058883869024653035}, "datetime": {"datetime": "2021-09-24 15:48:47", "elapsed": 3.324532, "delta": 0.161998}}
{"target": -43.248462256171536, "params": {"C": 62.60541609656478, "epsilon": 2.430284300728081, "gamma": 0.02065623240837149}, "datetime": {"datetime": "2021-09-24 15:48:48", "elapsed": 3.486529, "delta": 0.161997}}
{"target": -43.23246640290723, "params": {"C": 65.36183644111617, "epsilon": 3.5448497202178504, "gamma": 0.009124979015763297}, "datetime": {"datetime": "2021-09-24 15:48:48", "elapsed": 3.675237, "delta": 0.188708}}
{"target": -43.23807340887616, "params": {"C": 50.58649202218181, "epsilon": 3.700733926646239, "gamma": 0.01289654376690472}, "datetime": {"datetime": "2021-09-24 15:48:48", "elapsed": 3.857435, "delta": 0.182198}}
{"target": -44.30506581845818, "params": {"C": 55.16532461963423, "epsilon": 3.596071437252957, "gamma": 0.06175111820049971}, "datetime": {"datetime": "2021-09-24 15:48:48", "elapsed": 4.026443, "delta": 0.169008}}
{"target": -43.349502353497456, "params": {"C": 83.27587860066961, "epsilon": 2.85193768035939, "gamma": 0.0021631732613056993}, "datetime": {"datetime": "2021-09-24 15:48:48", "elapsed": 4.274437, "delta": 0.247994}}
{"target": -43.252327184889616, "params": {"C": 93.39004039800955, "epsilon": 3.8023257829301205, "gamma": 0.026115572099311063}, "datetime": {"datetime": "2021-09-24 15:48:49", "elapsed": 4.526646, "delta": 0.252209}}
{"target": -43.318182351587964, "params": {"C": 83.5730265260515, "epsilon": 1.0678803006036226, "gamma": 0.027708548728247594}, "datetime": {"datetime": "2021-09-24 15:48:49", "elapsed": 4.922269, "delta": 0.395623}}
{"target": -45.504155439616525, "params": {"C": 87.21748647249026, "epsilon": 2.788360318877663, "gamma": 0.09409803627761364}, "datetime": {"datetime": "2021-09-24 15:48:49", "elapsed": 5.187327, "delta": 0.265058}}
{"target": -43.07399141128923, "params": {"C": 66.76499811573075, "epsilon": 0.6086548600572975, "gamma": 0.016068929079376487}, "datetime": {"datetime": "2021-09-24 15:48:49", "elapsed": 5.414327, "delta": 0.227}}
{"target": -44.701843108578345, "params": {"C": 60.26963575885067, "epsilon": 0.4013163007983058, "gamma": 0.066961344110136}, "datetime": {"datetime": "2021-09-24 15:48:50", "elapsed": 5.569327, "delta": 0.155}}
{"target": -44.211750455227055, "params": {"C": 76.2288163183486, "epsilon": 2.709755154897812, "gamma": 0.054123607484275256}, "datetime": {"datetime": "2021-09-24 15:48:50", "elapsed": 5.722922, "delta": 0.153595}}
{"target": -43.35245550200156, "params": {"C": 89.38950424735759, "epsilon": 1.1807849996131063, "gamma": 0.03347913852787302}, "datetime": {"datetime": "2021-09-24 15:48:50", "elapsed": 5.885129, "delta": 0.162207}}
{"target": -43.522315885145304, "params": {"C": 82.79226851365365, "epsilon": 1.0519803385485251, "gamma": 0.038743412267893775}, "datetime": {"datetime": "2021-09-24 15:48:50", "elapsed": 6.201095, "delta": 0.315966}}
{"target": -44.751412168512275, "params": {"C": 65.30433688396437, "epsilon": 2.980820464777457, "gamma": 0.07742171570059524}, "datetime": {"datetime": "2021-09-24 15:48:50", "elapsed": 6.397094, "delta": 0.195999}}
{"target": -44.18131389394467, "params": {"C": 80.01394818031737, "epsilon": 2.717761294513102, "gamma": 0.05281945606828337}, "datetime": {"datetime": "2021-09-24 15:48:51", "elapsed": 6.563094, "delta": 0.166}}
{"target": -43.112977192312115, "params": {"C": 90.88341936534333, "epsilon": 0.7788760156217505, "gamma": 0.007542176372599652}, "datetime": {"datetime": "2021-09-24 15:48:51", "elapsed": 6.875096, "delta": 0.312002}}
{"target": -44.886960366454716, "params": {"C": 75.9086267219893, "epsilon": 0.23260312884933046, "gamma": 0.06905422809923757}, "datetime": {"datetime": "2021-09-24 15:48:51", "elapsed": 7.278346, "delta": 0.40325}}
{"target": -44.74883228583831, "params": {"C": 58.24939046295815, "epsilon": 1.2068753434309558, "gamma": 0.07170823758757769}, "datetime": {"datetime": "2021-09-24 15:48:52", "elapsed": 7.554346, "delta": 0.276}}
{"target": -43.054195084474394, "params": {"C": 98.27638587558809, "epsilon": 2.539685750268252, "gamma": 0.02085889523287124}, "datetime": {"datetime": "2021-09-24 15:48:52", "elapsed": 7.802352, "delta": 0.248006}}
{"target": -43.7784757202876, "params": {"C": 90.21493599428265, "epsilon": 2.011461166438591, "gamma": 0.041415869304133615}, "datetime": {"datetime": "2021-09-24 15:48:52", "elapsed": 8.003327, "delta": 0.200975}}
{"target": -43.46456161392703, "params": {"C": 53.873278178462215, "epsilon": 1.0692718213381667, "gamma": 0.02475427978748001}, "datetime": {"datetime": "2021-09-24 15:48:52", "elapsed": 8.243321, "delta": 0.239994}}
{"target": -45.84014700935951, "params": {"C": 98.95108533607072, "epsilon": 0.9395478364351918, "gamma": 0.09983775129364568}, "datetime": {"datetime": "2021-09-24 15:48:52", "elapsed": 8.430319, "delta": 0.186998}}
{"target": -43.628180357361316, "params": {"C": 50.95896332515794, "epsilon": 2.7296109791112757, "gamma": 0.03414206849179371}, "datetime": {"datetime": "2021-09-24 15:48:53", "elapsed": 8.757318, "delta": 0.326999}}
{"target": -45.48339944553225, "params": {"C": 82.34609336767721, "epsilon": 0.3452170836306073, "gamma": 0.08871536895967817}, "datetime": {"datetime": "2021-09-24 15:48:53", "elapsed": 9.059895, "delta": 0.302577}}
{"target": -44.80267847373461, "params": {"C": 94.28313741175003, "epsilon": 2.073681615219204, "gamma": 0.07073984084500491}, "datetime": {"datetime": "2021-09-24 15:48:53", "elapsed": 9.322895, "delta": 0.263}}
{"target": -45.52240297210636, "params": {"C": 91.09493238695657, "epsilon": 3.816523813893534, "gamma": 0.0988368322987421}, "datetime": {"datetime": "2021-09-24 15:48:54", "elapsed": 9.610163, "delta": 0.287268}}
{"target": -45.33223115476301, "params": {"C": 75.80367590984808, "epsilon": 2.8548650358064105, "gamma": 0.08983107915994006}, "datetime": {"datetime": "2021-09-24 15:48:54", "elapsed": 9.896029, "delta": 0.285866}}
{"target": -43.27647797512343, "params": {"C": 99.94800954231232, "epsilon": 0.16739856314503762, "gamma": 0.004795550514798033}, "datetime": {"datetime": "2021-09-24 15:48:54", "elapsed": 10.183031, "delta": 0.287002}}
{"target": -44.471967791032185, "params": {"C": 91.98096665758462, "epsilon": 2.8311205945853413, "gamma": 0.06351464832424741}, "datetime": {"datetime": "2021-09-24 15:48:54", "elapsed": 10.388027, "delta": 0.204996}}
{"target": -44.66409942211466, "params": {"C": 95.6218103337483, "epsilon": 0.5833134192305759, "gamma": 0.05780213100109693}, "datetime": {"datetime": "2021-09-24 15:48:55", "elapsed": 10.690037, "delta": 0.30201}}
{"target": -45.573633884688554, "params": {"C": 97.24895856131026, "epsilon": 0.5015208606158402, "gamma": 0.08642372315220685}, "datetime": {"datetime": "2021-09-24 15:48:55", "elapsed": 11.014749, "delta": 0.324712}}
{"target": -43.26945870816737, "params": {"C": 53.73988456442201, "epsilon": 0.2002773334365953, "gamma": 0.02243719070009951}, "datetime": {"datetime": "2021-09-24 15:48:55", "elapsed": 11.291932, "delta": 0.277183}}
{"target": -45.305280499750275, "params": {"C": 98.65996446849334, "epsilon": 0.598319451119715, "gamma": 0.07962820787575633}, "datetime": {"datetime": "2021-09-24 15:48:56", "elapsed": 11.574928, "delta": 0.282996}}
{"target": -44.06000455655396, "params": {"C": 67.7668864607771, "epsilon": 3.995536186206168, "gamma": 0.05186464855726034}, "datetime": {"datetime": "2021-09-24 15:48:56", "elapsed": 11.817676, "delta": 0.242748}}
{"target": -43.104157321481445, "params": {"C": 73.59972825926384, "epsilon": 3.254908078263052, "gamma": 0.016887831670363472}, "datetime": {"datetime": "2021-09-24 15:48:56", "elapsed": 12.063329, "delta": 0.245653}}
{"target": -43.72420414603825, "params": {"C": 94.40077220716697, "epsilon": 2.5624658506596076, "gamma": 0.039802676595490784}, "datetime": {"datetime": "2021-09-24 15:48:56", "elapsed": 12.359333, "delta": 0.296004}}
{"target": -43.213433715435514, "params": {"C": 64.44802464826009, "epsilon": 3.41158634231931, "gamma": 0.016042922627591393}, "datetime": {"datetime": "2021-09-24 15:48:57", "elapsed": 12.627347, "delta": 0.268014}}
{"target": -44.848870243879304, "params": {"C": 83.7563652688527, "epsilon": 0.3790848592569406, "gamma": 0.06593942722922323}, "datetime": {"datetime": "2021-09-24 15:48:57", "elapsed": 12.979986, "delta": 0.352639}}
{"target": -44.540893765584826, "params": {"C": 77.90844120484581, "epsilon": 2.621731701614366, "gamma": 0.0646580731644298}, "datetime": {"datetime": "2021-09-24 15:48:57", "elapsed": 13.24423, "delta": 0.264244}}
{"target": -43.35208657261509, "params": {"C": 76.34426636079452, "epsilon": 2.330334182825544, "gamma": 0.027397217949304237}, "datetime": {"datetime": "2021-09-24 15:48:58", "elapsed": 13.493228, "delta": 0.248998}}
{"target": -44.44351728759083, "params": {"C": 61.090796293604605, "epsilon": 0.39164533149159864, "gamma": 0.05802759829716998}, "datetime": {"datetime": "2021-09-24 15:48:58", "elapsed": 13.778943, "delta": 0.285715}}
{"target": -44.88898424664206, "params": {"C": 80.5315531812012, "epsilon": 2.6348114240186917, "gamma": 0.07555659694806402}, "datetime": {"datetime": "2021-09-24 15:48:58", "elapsed": 14.059245, "delta": 0.280302}}
{"target": -43.52890366511905, "params": {"C": 80.59830536913877, "epsilon": 1.108301868003764, "gamma": 0.03907526475855601}, "datetime": {"datetime": "2021-09-24 15:48:58", "elapsed": 14.402247, "delta": 0.343002}}
{"target": -44.385353466284236, "params": {"C": 54.49892448353372, "epsilon": 2.9825151901292624, "gamma": 0.06534508891088525}, "datetime": {"datetime": "2021-09-24 15:48:59", "elapsed": 14.741556, "delta": 0.339309}}
{"target": -43.2446878260523, "params": {"C": 82.48630415459894, "epsilon": 3.3117477230603796, "gamma": 0.022246784426201715}, "datetime": {"datetime": "2021-09-24 15:48:59", "elapsed": 15.005187, "delta": 0.263631}}
{"target": -45.06811498553647, "params": {"C": 67.61348351779522, "epsilon": 0.7514365714979677, "gamma": 0.08004954485426312}, "datetime": {"datetime": "2021-09-24 15:48:59", "elapsed": 15.254433, "delta": 0.249246}}
{"target": -43.06011873634551, "params": {"C": 88.80213020818977, "epsilon": 3.374020629325341, "gamma": 0.008342297005555874}, "datetime": {"datetime": "2021-09-24 15:49:00", "elapsed": 15.634436, "delta": 0.380003}}
{"target": -43.22009038166104, "params": {"C": 88.35079852850657, "epsilon": 1.9029656032106392, "gamma": 0.030017606218331366}, "datetime": {"datetime": "2021-09-24 15:49:00", "elapsed": 15.978411, "delta": 0.343975}}
{"target": -43.20370130852169, "params": {"C": 61.312133186197286, "epsilon": 1.632182628702128, "gamma": 0.008183648666849945}, "datetime": {"datetime": "2021-09-24 15:49:00", "elapsed": 16.270407, "delta": 0.291996}}
{"target": -43.8333749305201, "params": {"C": 55.630352075174365, "epsilon": 1.4490557437450273, "gamma": 0.04453651520257899}, "datetime": {"datetime": "2021-09-24 15:49:01", "elapsed": 16.564408, "delta": 0.294001}}
{"target": -45.45906880115466, "params": {"C": 87.46867246387275, "epsilon": 3.5728665695379154, "gamma": 0.09501250502941806}, "datetime": {"datetime": "2021-09-24 15:49:01", "elapsed": 17.060678, "delta": 0.49627}}
{"target": -44.392302444913454, "params": {"C": 56.17689160235189, "epsilon": 1.766603351034669, "gamma": 0.06040932873965784}, "datetime": {"datetime": "2021-09-24 15:49:02", "elapsed": 17.458208, "delta": 0.39753}}
{"target": -43.690590197630144, "params": {"C": 53.829629756471235, "epsilon": 1.9279937562850016, "gamma": 0.03854508983854088}, "datetime": {"datetime": "2021-09-24 15:49:02", "elapsed": 17.778165, "delta": 0.319957}}
{"target": -45.172591677444046, "params": {"C": 65.74865088337756, "epsilon": 1.1498419235248358, "gamma": 0.08654896066789688}, "datetime": {"datetime": "2021-09-24 15:49:02", "elapsed": 18.167966, "delta": 0.389801}}
{"target": -45.38137553840099, "params": {"C": 74.0639841970753, "epsilon": 2.175967875681004, "gamma": 0.08994674212402726}, "datetime": {"datetime": "2021-09-24 15:49:03", "elapsed": 18.623967, "delta": 0.456001}}
{"target": -43.98059464851693, "params": {"C": 75.78912062572007, "epsilon": 0.580454491282299, "gamma": 0.04605528718729495}, "datetime": {"datetime": "2021-09-24 15:49:03", "elapsed": 18.967616, "delta": 0.343649}}
{"target": -44.15991935467575, "params": {"C": 98.15229668781208, "epsilon": 2.164958542617965, "gamma": 0.04865000452984474}, "datetime": {"datetime": "2021-09-24 15:49:03", "elapsed": 19.229889, "delta": 0.262273}}
{"target": -43.95407898630639, "params": {"C": 64.84714573926045, "epsilon": 2.9498420203583438, "gamma": 0.04757888504143645}, "datetime": {"datetime": "2021-09-24 15:49:04", "elapsed": 19.705853, "delta": 0.475964}}
{"target": -44.48694363689257, "params": {"C": 86.85219729663106, "epsilon": 1.4887787147757119, "gamma": 0.057949401025825735}, "datetime": {"datetime": "2021-09-24 15:49:04", "elapsed": 20.050974, "delta": 0.345121}}
{"target": -44.31625732516257, "params": {"C": 66.16460156419265, "epsilon": 0.708665002583836, "gamma": 0.054615544326665696}, "datetime": {"datetime": "2021-09-24 15:49:04", "elapsed": 20.38297, "delta": 0.331996}}
{"target": -43.41179530153838, "params": {"C": 55.16160949974069, "epsilon": 2.9263116893342054, "gamma": 0.015184971563314064}, "datetime": {"datetime": "2021-09-24 15:49:05", "elapsed": 20.779974, "delta": 0.397004}}
{"target": -45.47739816473446, "params": {"C": 97.25659993375166, "epsilon": 1.4005854661179438, "gamma": 0.086155082330969}, "datetime": {"datetime": "2021-09-24 15:49:05", "elapsed": 21.121763, "delta": 0.341789}}
{"target": -44.272146089367645, "params": {"C": 80.61760171433332, "epsilon": 1.8369234189297006, "gamma": 0.05519770243499774}, "datetime": {"datetime": "2021-09-24 15:49:06", "elapsed": 21.488758, "delta": 0.366995}}
{"target": -44.303956051331596, "params": {"C": 51.19493491821675, "epsilon": 1.091784278837829, "gamma": 0.055214428542018634}, "datetime": {"datetime": "2021-09-24 15:49:06", "elapsed": 21.906783, "delta": 0.418025}}
{"target": -44.74975465107398, "params": {"C": 65.01751919527601, "epsilon": 2.6375585428520822, "gamma": 0.07653501827934628}, "datetime": {"datetime": "2021-09-24 15:49:06", "elapsed": 22.327784, "delta": 0.421001}}
{"target": -45.22268687983599, "params": {"C": 54.91412048324164, "epsilon": 2.916726489862894, "gamma": 0.0920788692122272}, "datetime": {"datetime": "2021-09-24 15:49:07", "elapsed": 22.650785, "delta": 0.323001}}
{"target": -45.2207898316587, "params": {"C": 52.63466329197838, "epsilon": 1.5728236681105212, "gamma": 0.08929350475641469}, "datetime": {"datetime": "2021-09-24 15:49:07", "elapsed": 22.99842, "delta": 0.347635}}
{"target": -43.42061929330342, "params": {"C": 53.35019527659301, "epsilon": 3.323075898977594, "gamma": 0.0077800365898990295}, "datetime": {"datetime": "2021-09-24 15:49:07", "elapsed": 23.379601, "delta": 0.381181}}
{"target": -45.03101085308924, "params": {"C": 77.80525293590439, "epsilon": 1.6345017533991009, "gamma": 0.0780993753311171}, "datetime": {"datetime": "2021-09-24 15:49:08", "elapsed": 23.703604, "delta": 0.324003}}
{"target": -45.15317015887725, "params": {"C": 64.56079894292822, "epsilon": 0.4431282091726346, "gamma": 0.08310306430652467}, "datetime": {"datetime": "2021-09-24 15:49:08", "elapsed": 24.030273, "delta": 0.326669}}
{"target": -44.38379453132121, "params": {"C": 75.49832863261155, "epsilon": 0.31524459665622384, "gamma": 0.056320340044423614}, "datetime": {"datetime": "2021-09-24 15:49:08", "elapsed": 24.442264, "delta": 0.411991}}
