{"target": -41.67296756195691, "params": {"C": 65.96324041915857, "epsilon": 0.07875276925184611, "gamma": 0.09938958354028893}, "datetime": {"datetime": "2021-09-28 11:57:10", "elapsed": 0.0, "delta": 0.0}}
{"target": -39.787007331995284, "params": {"C": 65.86303650012326, "epsilon": 1.2616830384603794, "gamma": 0.06012993295969347}, "datetime": {"datetime": "2021-09-28 11:57:11", "elapsed": 0.124003, "delta": 0.124003}}
{"target": -40.290184132093884, "params": {"C": 31.492646471638533, "epsilon": 1.8581936280856404, "gamma": 0.05463818658773964}, "datetime": {"datetime": "2021-09-28 11:57:11", "elapsed": 0.163003, "delta": 0.039}}
{"target": -41.824066086701926, "params": {"C": 40.757263990327125, "epsilon": 1.8637803644751154, "gamma": 0.09571643487558999}, "datetime": {"datetime": "2021-09-28 11:57:11", "elapsed": 0.211002, "delta": 0.047999}}
{"target": -41.563538256506845, "params": {"C": 95.15431889768217, "epsilon": 0.8136258549055587, "gamma": 0.09369404430729833}, "datetime": {"datetime": "2021-09-28 11:57:11", "elapsed": 0.327003, "delta": 0.116001}}
{"target": -41.96555579913574, "params": {"C": 63.67086441021492, "epsilon": 1.364295062537476, "gamma": 0.10430631512914333}, "datetime": {"datetime": "2021-09-28 11:57:11", "elapsed": 0.43, "delta": 0.102997}}
{"target": -41.59720591414912, "params": {"C": 30.106433660626788, "epsilon": 1.8685206966833863, "gamma": 0.08519562417962294}, "datetime": {"datetime": "2021-09-28 11:57:11", "elapsed": 0.565004, "delta": 0.135004}}
{"target": -42.545161178349986, "params": {"C": 65.80107421014577, "epsilon": 1.2795618770165185, "gamma": 0.12177072229630942}, "datetime": {"datetime": "2021-09-28 11:57:11", "elapsed": 0.654003, "delta": 0.088999}}
{"target": -41.49786682687691, "params": {"C": 59.621944152938546, "epsilon": 2.4787805722459497, "gamma": 0.09666843591522747}, "datetime": {"datetime": "2021-09-28 11:57:11", "elapsed": 0.830005, "delta": 0.176002}}
{"target": -43.73400092333035, "params": {"C": 72.47417936663274, "epsilon": 2.606448777112884, "gamma": 0.15646092210799287}, "datetime": {"datetime": "2021-09-28 11:57:11", "elapsed": 0.953794, "delta": 0.123789}}
{"target": -40.93454452924114, "params": {"C": 18.87908148870519, "epsilon": 1.2184558072790672, "gamma": 0.06799062445183168}, "datetime": {"datetime": "2021-09-28 11:57:12", "elapsed": 1.091795, "delta": 0.138001}}
{"target": -44.20687798501572, "params": {"C": 21.659549546281408, "epsilon": 1.4221405015633612, "gamma": 0.15805852984063776}, "datetime": {"datetime": "2021-09-28 11:57:12", "elapsed": 1.272789, "delta": 0.180994}}
{"target": -36.30180518088958, "params": {"C": 73.46754368260669, "epsilon": 2.683484214350215, "gamma": 0.0031532088972036935}, "datetime": {"datetime": "2021-09-28 11:57:12", "elapsed": 1.369791, "delta": 0.097002}}
{"target": -42.91000549643273, "params": {"C": 25.81364994806111, "epsilon": 1.0331012129809096, "gamma": 0.12004314369470946}, "datetime": {"datetime": "2021-09-28 11:57:12", "elapsed": 1.48679, "delta": 0.116999}}
{"target": -42.68805870949096, "params": {"C": 57.967593916243416, "epsilon": 0.3253068894190921, "gamma": 0.12339090387275424}, "datetime": {"datetime": "2021-09-28 11:57:12", "elapsed": 1.720796, "delta": 0.234006}}
{"target": -39.3610547213067, "params": {"C": 61.266360254093335, "epsilon": 1.9097195876615638, "gamma": 0.04466162990893882}, "datetime": {"datetime": "2021-09-28 11:57:12", "elapsed": 1.948793, "delta": 0.227997}}
{"target": -43.211244113221376, "params": {"C": 123.17338152471794, "epsilon": 1.4840572586598495, "gamma": 0.12029962420909728}, "datetime": {"datetime": "2021-09-28 11:57:13", "elapsed": 2.085789, "delta": 0.136996}}
{"target": -41.02358126773345, "params": {"C": 18.51623429870693, "epsilon": 1.3027315680376776, "gamma": 0.07108327818425987}, "datetime": {"datetime": "2021-09-28 11:57:13", "elapsed": 2.263794, "delta": 0.178005}}
{"target": -38.41861062215224, "params": {"C": 27.758291597490206, "epsilon": 1.0456028732897633, "gamma": 0.017969756390788686}, "datetime": {"datetime": "2021-09-28 11:57:13", "elapsed": 2.593793, "delta": 0.329999}}
{"target": -39.192337362790255, "params": {"C": 55.30027400169571, "epsilon": 1.7851779388311744, "gamma": 0.034110973678088186}, "datetime": {"datetime": "2021-09-28 11:57:13", "elapsed": 2.822796, "delta": 0.229003}}
{"target": -37.69575898906312, "params": {"C": 19.70821192021677, "epsilon": 1.9195860370103888, "gamma": 0.012923363986854619}, "datetime": {"datetime": "2021-09-28 11:57:13", "elapsed": 2.987404, "delta": 0.164608}}
{"target": -39.41533402287106, "params": {"C": 107.44888066587794, "epsilon": 0.655085242019186, "gamma": 0.05172388704230995}, "datetime": {"datetime": "2021-09-28 11:57:14", "elapsed": 3.26263, "delta": 0.275226}}
{"target": -38.7563470341061, "params": {"C": 8.043976576594925, "epsilon": 2.607794038672715, "gamma": 0.012147624577724336}, "datetime": {"datetime": "2021-09-28 11:57:14", "elapsed": 3.462718, "delta": 0.200088}}
{"target": -43.380003114900525, "params": {"C": 47.98866562410622, "epsilon": 1.2714453026856434, "gamma": 0.15155120296034946}, "datetime": {"datetime": "2021-09-28 11:57:14", "elapsed": 3.671712, "delta": 0.208994}}
{"target": -39.40764391011746, "params": {"C": 37.09361777772722, "epsilon": 1.4945800325573286, "gamma": 0.034708690934429236}, "datetime": {"datetime": "2021-09-28 11:57:14", "elapsed": 3.852719, "delta": 0.181007}}
{"target": -40.47282798274755, "params": {"C": 16.08104168194447, "epsilon": 2.0896234248781353, "gamma": 0.05855142338319238}, "datetime": {"datetime": "2021-09-28 11:57:14", "elapsed": 4.007169, "delta": 0.15445}}
{"target": -42.03058691114697, "params": {"C": 46.85323654889225, "epsilon": 1.9535201485429579, "gamma": 0.10588330871513488}, "datetime": {"datetime": "2021-09-28 11:57:15", "elapsed": 4.192698, "delta": 0.185529}}
{"target": -39.489257927486776, "params": {"C": 38.56413996776305, "epsilon": 1.814212246318266, "gamma": 0.036973470303106715}, "datetime": {"datetime": "2021-09-28 11:57:15", "elapsed": 4.3707, "delta": 0.178002}}
{"target": -38.218818859350996, "params": {"C": 46.77827259452618, "epsilon": 2.6561723705121745, "gamma": 0.016187021589341696}, "datetime": {"datetime": "2021-09-28 11:57:15", "elapsed": 4.640699, "delta": 0.269999}}
{"target": -42.92820276090862, "params": {"C": 2.7477462261017984, "epsilon": 2.7739297345118565, "gamma": 0.022985713336112237}, "datetime": {"datetime": "2021-09-28 11:57:15", "elapsed": 4.876697, "delta": 0.235998}}
{"target": -42.917199569010265, "params": {"C": 16.392667366509993, "epsilon": 2.6948660554966293, "gamma": 0.11105186463131367}, "datetime": {"datetime": "2021-09-28 11:57:16", "elapsed": 5.123719, "delta": 0.247022}}
{"target": -36.600094507644926, "params": {"C": 100.16211822999543, "epsilon": 2.1327357943067535, "gamma": 0.003637542938305339}, "datetime": {"datetime": "2021-09-28 11:57:16", "elapsed": 5.276722, "delta": 0.153003}}
{"target": -39.18217170831581, "params": {"C": 130.3023203860685, "epsilon": 2.850673809321771, "gamma": 0.0468145760903996}, "datetime": {"datetime": "2021-09-28 11:57:16", "elapsed": 5.455723, "delta": 0.179001}}
{"target": -39.319024290531125, "params": {"C": 101.04761904763346, "epsilon": 0.7850309877859607, "gamma": 0.04968610495827109}, "datetime": {"datetime": "2021-09-28 11:57:16", "elapsed": 5.645721, "delta": 0.189998}}
{"target": -45.656464039485485, "params": {"C": 111.90810968802101, "epsilon": 2.084708462547635, "gamma": 0.16936101202107592}, "datetime": {"datetime": "2021-09-28 11:57:16", "elapsed": 5.951725, "delta": 0.306004}}
{"target": -39.15347426707562, "params": {"C": 50.95969438487765, "epsilon": 0.43812491821456806, "gamma": 0.028704313244797493}, "datetime": {"datetime": "2021-09-28 11:57:17", "elapsed": 6.238727, "delta": 0.287002}}
{"target": -42.89632465436851, "params": {"C": 31.603514561374983, "epsilon": 0.2814981325174104, "gamma": 0.1204439133505976}, "datetime": {"datetime": "2021-09-28 11:57:17", "elapsed": 6.443725, "delta": 0.204998}}
{"target": -41.61116599089898, "params": {"C": 79.16187262867885, "epsilon": 2.0253288940903116, "gamma": 0.09730237401495741}, "datetime": {"datetime": "2021-09-28 11:57:17", "elapsed": 6.655722, "delta": 0.211997}}
{"target": -39.881809059958904, "params": {"C": 118.38072265712562, "epsilon": 0.8703209606649133, "gamma": 0.060088275896165874}, "datetime": {"datetime": "2021-09-28 11:57:17", "elapsed": 6.896721, "delta": 0.240999}}
{"target": -40.095026115021255, "params": {"C": 98.72096017068786, "epsilon": 0.7730199081377901, "gamma": 0.0695777522251056}, "datetime": {"datetime": "2021-09-28 11:57:18", "elapsed": 7.160903, "delta": 0.264182}}
{"target": -43.082770767797925, "params": {"C": 46.60692391421384, "epsilon": 2.230095862435162, "gamma": 0.13929997090036803}, "datetime": {"datetime": "2021-09-28 11:57:18", "elapsed": 7.3569, "delta": 0.195997}}
{"target": -41.566907077113754, "params": {"C": 90.44156557734576, "epsilon": 2.0313768569886133, "gamma": 0.09495148676961454}, "datetime": {"datetime": "2021-09-28 11:57:18", "elapsed": 7.574903, "delta": 0.218003}}
{"target": -37.578754828138145, "params": {"C": 122.83258970872312, "epsilon": 0.5667126374936095, "gamma": 0.01333383253469625}, "datetime": {"datetime": "2021-09-28 11:57:18", "elapsed": 7.902901, "delta": 0.327998}}
{"target": -42.60483007416016, "params": {"C": 78.20770763152807, "epsilon": 0.15404956761187458, "gamma": 0.12421658438835372}, "datetime": {"datetime": "2021-09-28 11:57:19", "elapsed": 8.134901, "delta": 0.232}}
{"target": -43.281564606296726, "params": {"C": 25.583183579615287, "epsilon": 0.8900300138411679, "gamma": 0.12900075053551263}, "datetime": {"datetime": "2021-09-28 11:57:19", "elapsed": 8.394046, "delta": 0.259145}}
{"target": -38.81495585575734, "params": {"C": 144.8636299092525, "epsilon": 1.8968558098374024, "gamma": 0.037338794025014624}, "datetime": {"datetime": "2021-09-28 11:57:19", "elapsed": 8.649041, "delta": 0.254995}}
{"target": -40.53693906633026, "params": {"C": 120.84050926296231, "epsilon": 1.4978267098612934, "gamma": 0.07439517226022072}, "datetime": {"datetime": "2021-09-28 11:57:19", "elapsed": 8.956662, "delta": 0.307621}}
{"target": -40.057758174380204, "params": {"C": 12.542368971817398, "epsilon": 0.7860821642803935, "gamma": 0.04436068561892167}, "datetime": {"datetime": "2021-09-28 11:57:20", "elapsed": 9.345032, "delta": 0.38837}}
{"target": -47.54392464541131, "params": {"C": 146.87423430149076, "epsilon": 0.6880866401685491, "gamma": 0.17970752750818303}, "datetime": {"datetime": "2021-09-28 11:57:20", "elapsed": 9.642033, "delta": 0.297001}}
{"target": -43.07912158036846, "params": {"C": 3.8577107089706475, "epsilon": 2.0403282937921197, "gamma": 0.061283285599507284}, "datetime": {"datetime": "2021-09-28 11:57:20", "elapsed": 9.958034, "delta": 0.316001}}
{"target": -44.52775901587689, "params": {"C": 97.3913582356781, "epsilon": 0.23911990776024972, "gamma": 0.15965811725863435}, "datetime": {"datetime": "2021-09-28 11:57:21", "elapsed": 10.297034, "delta": 0.339}}
{"target": -43.919008764340525, "params": {"C": 132.96374948701506, "epsilon": 1.5448290085749101, "gamma": 0.12725510081828678}, "datetime": {"datetime": "2021-09-28 11:57:21", "elapsed": 10.678031, "delta": 0.380997}}
{"target": -46.52975039634581, "params": {"C": 123.46289851313061, "epsilon": 2.861399223644007, "gamma": 0.17790325258282813}, "datetime": {"datetime": "2021-09-28 11:57:21", "elapsed": 10.958204, "delta": 0.280173}}
{"target": -44.07980218792634, "params": {"C": 77.89495421134728, "epsilon": 2.1349471643283184, "gamma": 0.16166931691469555}, "datetime": {"datetime": "2021-09-28 11:57:22", "elapsed": 11.333206, "delta": 0.375002}}
{"target": -37.03198003264732, "params": {"C": 149.84506843609074, "epsilon": 0.10479302037077276, "gamma": 0.008382714422445599}, "datetime": {"datetime": "2021-09-28 11:57:22", "elapsed": 11.59221, "delta": 0.259004}}
{"target": -42.8858006611262, "params": {"C": 126.10328063960213, "epsilon": 2.117010242609934, "gamma": 0.11423083635488705}, "datetime": {"datetime": "2021-09-28 11:57:22", "elapsed": 11.809208, "delta": 0.216998}}
{"target": -42.25800691538529, "params": {"C": 136.95299479456992, "epsilon": 0.41898159805352564, "gamma": 0.10393334792745568}, "datetime": {"datetime": "2021-09-28 11:57:23", "elapsed": 12.125207, "delta": 0.315999}}
{"target": -45.98052328681832, "params": {"C": 141.8018965127046, "epsilon": 0.3571942219110591, "gamma": 0.15552715452411908}, "datetime": {"datetime": "2021-09-28 11:57:23", "elapsed": 12.526208, "delta": 0.401001}}
{"target": -39.71327383337313, "params": {"C": 12.144856001977601, "epsilon": 0.12963015692099478, "gamma": 0.040183858361710095}, "datetime": {"datetime": "2021-09-28 11:57:23", "elapsed": 12.821204, "delta": 0.294996}}
{"target": -45.31988217301025, "params": {"C": 146.00669411611017, "epsilon": 0.43031738889370913, "gamma": 0.14327743413655974}, "datetime": {"datetime": "2021-09-28 11:57:24", "elapsed": 13.249534, "delta": 0.42833}}
{"target": -41.35249422704001, "params": {"C": 53.945321653115755, "epsilon": 2.9966279653481855, "gamma": 0.09323033325024775}, "datetime": {"datetime": "2021-09-28 11:57:24", "elapsed": 13.563727, "delta": 0.314193}}
{"target": -38.84345778966068, "params": {"C": 71.32719021260624, "epsilon": 2.4371459261236503, "gamma": 0.030180482064401423}, "datetime": {"datetime": "2021-09-28 11:57:24", "elapsed": 13.999735, "delta": 0.436008}}
{"target": -40.449772465196325, "params": {"C": 133.31430117735755, "epsilon": 1.9140642534327867, "gamma": 0.07148720151654431}, "datetime": {"datetime": "2021-09-28 11:57:25", "elapsed": 14.347723, "delta": 0.347988}}
{"target": -39.237315558518844, "params": {"C": 44.05511345181506, "epsilon": 2.555503133656325, "gamma": 0.028657433538155686}, "datetime": {"datetime": "2021-09-28 11:57:25", "elapsed": 14.550724, "delta": 0.203001}}
{"target": -42.480378623098325, "params": {"C": 101.59396850118107, "epsilon": 0.2647041543857846, "gamma": 0.11860178725106706}, "datetime": {"datetime": "2021-09-28 11:57:25", "elapsed": 14.850723, "delta": 0.299999}}
{"target": -42.244978566699416, "params": {"C": 84.16715479044053, "epsilon": 1.9588346028064192, "gamma": 0.11629199492883116}, "datetime": {"datetime": "2021-09-28 11:57:26", "elapsed": 15.245034, "delta": 0.394311}}
{"target": -39.28976811222773, "params": {"C": 79.50591375516767, "epsilon": 1.7387083663208582, "gamma": 0.04912489438998448}, "datetime": {"datetime": "2021-09-28 11:57:26", "elapsed": 15.576032, "delta": 0.330998}}
{"target": -42.35203792531628, "params": {"C": 34.05057295494172, "epsilon": 0.27419253127035376, "gamma": 0.10433977940778878}, "datetime": {"datetime": "2021-09-28 11:57:27", "elapsed": 16.090036, "delta": 0.514004}}
{"target": -43.27837686469375, "params": {"C": 91.98402847997959, "epsilon": 1.9687152293783519, "gamma": 0.13593787365260282}, "datetime": {"datetime": "2021-09-28 11:57:27", "elapsed": 16.411032, "delta": 0.320996}}
{"target": -40.10048241901376, "params": {"C": 92.18295000003353, "epsilon": 0.8155660710688383, "gamma": 0.0701759556070647}, "datetime": {"datetime": "2021-09-28 11:57:28", "elapsed": 17.038774, "delta": 0.627742}}
{"target": -42.97994817654518, "params": {"C": 14.406794960930494, "epsilon": 2.231376084432659, "gamma": 0.11753042210522113}, "datetime": {"datetime": "2021-09-28 11:57:28", "elapsed": 17.412777, "delta": 0.374003}}
{"target": -38.89790583709749, "params": {"C": 97.80918638070486, "epsilon": 2.4800834814755865, "gamma": 0.039840628522558985}, "datetime": {"datetime": "2021-09-28 11:57:28", "elapsed": 17.746774, "delta": 0.333997}}
{"target": -43.20150528557625, "params": {"C": 53.488180883029756, "epsilon": 0.5459844528771801, "gamma": 0.1440369438964058}, "datetime": {"datetime": "2021-09-28 11:57:29", "elapsed": 18.074775, "delta": 0.328001}}
{"target": -37.94255237477882, "params": {"C": 116.6303480204055, "epsilon": 2.5271254073921154, "gamma": 0.014776144652512604}, "datetime": {"datetime": "2021-09-28 11:57:29", "elapsed": 18.410447, "delta": 0.335672}}
{"target": -39.5447570368629, "params": {"C": 115.28537961494958, "epsilon": 1.4158674670097497, "gamma": 0.05384845431099008}, "datetime": {"datetime": "2021-09-28 11:57:29", "elapsed": 18.709449, "delta": 0.299002}}
{"target": -37.9194701620904, "params": {"C": 34.7101568948679, "epsilon": 1.2113137792135218, "gamma": 0.014490162249407253}, "datetime": {"datetime": "2021-09-28 11:57:30", "elapsed": 19.023717, "delta": 0.314268}}
{"target": -41.3319575774309, "params": {"C": 17.77844918401961, "epsilon": 1.0729768704008404, "gamma": 0.08002050575288659}, "datetime": {"datetime": "2021-09-28 11:57:30", "elapsed": 19.339721, "delta": 0.316004}}
{"target": -45.793500089709006, "params": {"C": 112.65664394234079, "epsilon": 2.6773367360312865, "gamma": 0.17100945015373448}, "datetime": {"datetime": "2021-09-28 11:57:30", "elapsed": 19.793722, "delta": 0.454001}}
{"target": -42.584838130933406, "params": {"C": 19.40713697500862, "epsilon": 1.312857292129212, "gamma": 0.10863313035648291}, "datetime": {"datetime": "2021-09-28 11:57:31", "elapsed": 20.763231, "delta": 0.969509}}
{"target": -41.29338037172413, "params": {"C": 12.412296674284285, "epsilon": 1.434774124710005, "gamma": 0.06922025257904146}, "datetime": {"datetime": "2021-09-28 11:57:32", "elapsed": 21.214523, "delta": 0.451292}}
{"target": -43.50518818740773, "params": {"C": 47.93097963246515, "epsilon": 0.8469460777458394, "gamma": 0.15575290996529245}, "datetime": {"datetime": "2021-09-28 11:57:33", "elapsed": 22.050519, "delta": 0.835996}}
{"target": -43.95061341391262, "params": {"C": 72.71067290728439, "epsilon": 1.6220976471454234, "gamma": 0.16187781309366442}, "datetime": {"datetime": "2021-09-28 11:57:33", "elapsed": 22.609524, "delta": 0.559005}}
{"target": -40.81547323290498, "params": {"C": 77.85157946464581, "epsilon": 0.41682191923315226, "gamma": 0.08275827196904126}, "datetime": {"datetime": "2021-09-28 11:57:34", "elapsed": 23.046171, "delta": 0.436647}}
{"target": -41.37205125535059, "params": {"C": 144.49384412967999, "epsilon": 1.6137810250154352, "gamma": 0.08743555700747441}, "datetime": {"datetime": "2021-09-28 11:57:34", "elapsed": 23.376883, "delta": 0.330712}}
{"target": -41.17731696420028, "params": {"C": 45.24449430299615, "epsilon": 2.206694261726618, "gamma": 0.08550473738587236}, "datetime": {"datetime": "2021-09-28 11:57:35", "elapsed": 24.134338, "delta": 0.757455}}
{"target": -41.96444323070919, "params": {"C": 110.81954794396056, "epsilon": 1.102984223076161, "gamma": 0.10419881957324076}, "datetime": {"datetime": "2021-09-28 11:57:35", "elapsed": 24.79537, "delta": 0.661032}}
{"target": -41.702507661808866, "params": {"C": 49.170512661294076, "epsilon": 0.5136741417503587, "gamma": 0.0981891483834155}, "datetime": {"datetime": "2021-09-28 11:57:36", "elapsed": 25.378366, "delta": 0.582996}}
{"target": -39.09832822605173, "params": {"C": 16.38159630922725, "epsilon": 2.188919082194781, "gamma": 0.02711087522490652}, "datetime": {"datetime": "2021-09-28 11:57:36", "elapsed": 25.791369, "delta": 0.413003}}
{"target": -45.99909605376209, "params": {"C": 141.82466780257994, "epsilon": 1.0363616657147892, "gamma": 0.15504289765602666}, "datetime": {"datetime": "2021-09-28 11:57:37", "elapsed": 26.173369, "delta": 0.382}}
{"target": -41.80119057662511, "params": {"C": 92.24045310871328, "epsilon": 1.3659781696146527, "gamma": 0.09923855725946219}, "datetime": {"datetime": "2021-09-28 11:57:37", "elapsed": 26.558371, "delta": 0.385002}}
{"target": -44.52438264451995, "params": {"C": 4.560906056285932, "epsilon": 0.8030884262555791, "gamma": 0.09926870804653913}, "datetime": {"datetime": "2021-09-28 11:57:38", "elapsed": 27.055895, "delta": 0.497524}}
{"target": -43.07672419922129, "params": {"C": 45.75220720192249, "epsilon": 1.9707904458472028, "gamma": 0.13770159387717001}, "datetime": {"datetime": "2021-09-28 11:57:38", "elapsed": 27.496898, "delta": 0.441003}}
{"target": -44.854500594381925, "params": {"C": 15.64407904006009, "epsilon": 2.1816782728208612, "gamma": 0.16572122446111448}, "datetime": {"datetime": "2021-09-28 11:57:38", "elapsed": 27.878894, "delta": 0.381996}}
{"target": -45.82962829793767, "params": {"C": 8.851296610095568, "epsilon": 1.166473093366109, "gamma": 0.16070027544207682}, "datetime": {"datetime": "2021-09-28 11:57:39", "elapsed": 28.236893, "delta": 0.357999}}
{"target": -38.0772360727491, "params": {"C": 10.983581924247186, "epsilon": 2.4886409624770285, "gamma": 0.013762603721973073}, "datetime": {"datetime": "2021-09-28 11:57:39", "elapsed": 28.590753, "delta": 0.35386}}
{"target": -43.28075863923894, "params": {"C": 83.8596537489951, "epsilon": 1.2130656822276833, "gamma": 0.14052153257069447}, "datetime": {"datetime": "2021-09-28 11:57:40", "elapsed": 29.029456, "delta": 0.438703}}
{"target": -43.442315935330704, "params": {"C": 44.391180849926066, "epsilon": 0.31308350108532274, "gamma": 0.1495412740268672}, "datetime": {"datetime": "2021-09-28 11:57:40", "elapsed": 29.473459, "delta": 0.444003}}
{"target": -41.859515712052584, "params": {"C": 76.9850193251824, "epsilon": 0.216478223015621, "gamma": 0.10126224439025001}, "datetime": {"datetime": "2021-09-28 11:57:40", "elapsed": 29.867458, "delta": 0.393999}}
{"target": -38.33855228351729, "params": {"C": 148.52862968681683, "epsilon": 2.2349506742900074, "gamma": 0.02627332442475764}, "datetime": {"datetime": "2021-09-28 11:57:41", "elapsed": 30.253457, "delta": 0.385999}}
{"target": -40.85990571080509, "params": {"C": 27.60988056021079, "epsilon": 1.4929493977409665, "gamma": 0.06470312559401609}, "datetime": {"datetime": "2021-09-28 11:57:41", "elapsed": 30.918461, "delta": 0.665004}}
