{"target": -38.484267161813925, "params": {"C": 966.748001456114, "epsilon": 2.4181446825664947, "gamma": 0.008488482686149854}, "datetime": {"datetime": "2021-09-28 16:15:50", "elapsed": 374.853914, "delta": 2.068961}}
{"target": -36.87220727029531, "params": {"C": 920.3163205370973, "epsilon": 0.1901698884048717, "gamma": 0.002884673389231867}, "datetime": {"datetime": "2021-09-28 16:15:52", "elapsed": 376.679887, "delta": 1.825973}}
{"target": -38.16358938500082, "params": {"C": 925.3647840821285, "epsilon": 1.0688082559509406, "gamma": 0.008205534580349245}, "datetime": {"datetime": "2021-09-28 16:15:55", "elapsed": 379.388092, "delta": 2.708205}}
{"target": -37.157870093889386, "params": {"C": 958.3144893147605, "epsilon": 0.32729317032809213, "gamma": 0.0043541489441152525}, "datetime": {"datetime": "2021-09-28 16:15:57", "elapsed": 381.219454, "delta": 1.831362}}
{"target": -38.74432151824124, "params": {"C": 1052.4291529378997, "epsilon": 2.9098551473179395, "gamma": 0.00936933430327249}, "datetime": {"datetime": "2021-09-28 16:15:59", "elapsed": 383.084445, "delta": 1.864991}}
{"target": -36.843344116708906, "params": {"C": 1007.656241497977, "epsilon": 1.5897086797381346, "gamma": 0.003415106194780732}, "datetime": {"datetime": "2021-09-28 16:16:00", "elapsed": 384.989658, "delta": 1.905213}}
{"target": -37.59372168916219, "params": {"C": 982.1146272720422, "epsilon": 2.8889763626214657, "gamma": 0.006163648351851699}, "datetime": {"datetime": "2021-09-28 16:16:02", "elapsed": 387.049131, "delta": 2.059473}}
{"target": -36.811383191068856, "params": {"C": 966.7911841152697, "epsilon": 1.6619369522648237, "gamma": 0.0029999438377223317}, "datetime": {"datetime": "2021-09-28 16:16:04", "elapsed": 388.895354, "delta": 1.846223}}
{"target": -35.95180553635139, "params": {"C": 961.7564804667779, "epsilon": 0.7517855670493144, "gamma": 0.00010055204301462778}, "datetime": {"datetime": "2021-09-28 16:16:06", "elapsed": 390.826601, "delta": 1.931247}}
{"target": -37.833034779003725, "params": {"C": 965.3082053382481, "epsilon": 0.2633298563413938, "gamma": 0.007381789117438944}, "datetime": {"datetime": "2021-09-28 16:16:09", "elapsed": 393.618795, "delta": 2.792194}}
{"target": -36.91974317931654, "params": {"C": 1048.6791947053875, "epsilon": 2.41395677477358, "gamma": 0.003835942120328241}, "datetime": {"datetime": "2021-09-28 16:16:12", "elapsed": 396.056832, "delta": 2.438037}}
{"target": -38.76243946405541, "params": {"C": 1024.967316102148, "epsilon": 1.8778166308971171, "gamma": 0.009547820920622093}, "datetime": {"datetime": "2021-09-28 16:16:14", "elapsed": 398.600676, "delta": 2.543844}}
{"target": -37.64388429950169, "params": {"C": 1003.9449323472754, "epsilon": 2.803619618010101, "gamma": 0.006206044330642128}, "datetime": {"datetime": "2021-09-28 16:16:16", "elapsed": 400.45148, "delta": 1.850804}}
{"target": -37.468837758605176, "params": {"C": 1050.8482841829527, "epsilon": 1.848611373679849, "gamma": 0.004635535888228685}, "datetime": {"datetime": "2021-09-28 16:16:18", "elapsed": 402.217547, "delta": 1.766067}}
{"target": -37.8420646912273, "params": {"C": 1071.6866751587334, "epsilon": 0.17087666655427589, "gamma": 0.0054316595072538085}, "datetime": {"datetime": "2021-09-28 16:16:19", "elapsed": 403.987515, "delta": 1.769968}}
{"target": -37.520335184571955, "params": {"C": 950.5513666725865, "epsilon": 2.283379619104401, "gamma": 0.0053194616156103346}, "datetime": {"datetime": "2021-09-28 16:16:22", "elapsed": 406.77581, "delta": 2.788295}}
{"target": -37.67659944674757, "params": {"C": 904.4310376355803, "epsilon": 0.6483096190679097, "gamma": 0.005679782783589823}, "datetime": {"datetime": "2021-09-28 16:16:24", "elapsed": 408.469015, "delta": 1.693205}}
{"target": -37.46194056116832, "params": {"C": 1000.600489361565, "epsilon": 1.86327697473804, "gamma": 0.00479585256466121}, "datetime": {"datetime": "2021-09-28 16:16:26", "elapsed": 410.227717, "delta": 1.758702}}
{"target": -37.378721430318244, "params": {"C": 910.3344931732826, "epsilon": 0.5035993542701336, "gamma": 0.004910872986922346}, "datetime": {"datetime": "2021-09-28 16:16:27", "elapsed": 411.994106, "delta": 1.766389}}
{"target": -38.307098584159746, "params": {"C": 994.1659138773872, "epsilon": 2.412729027854214, "gamma": 0.007910413035663384}, "datetime": {"datetime": "2021-09-28 16:16:29", "elapsed": 413.780248, "delta": 1.786142}}
{"target": -37.89308216714877, "params": {"C": 1078.7944457472493, "epsilon": 0.2967348840398025, "gamma": 0.006294709070639871}, "datetime": {"datetime": "2021-09-28 16:16:31", "elapsed": 415.6314, "delta": 1.851152}}
{"target": -37.832029911255525, "params": {"C": 942.516058764324, "epsilon": 1.1523667998861804, "gamma": 0.006941060714805014}, "datetime": {"datetime": "2021-09-28 16:16:33", "elapsed": 417.461956, "delta": 1.830556}}
{"target": -36.98778484190406, "params": {"C": 1079.1444311373812, "epsilon": 0.5768813219439995, "gamma": 0.0037120852113848614}, "datetime": {"datetime": "2021-09-28 16:16:35", "elapsed": 419.252803, "delta": 1.790847}}
{"target": -36.87369694703148, "params": {"C": 1010.2553499941816, "epsilon": 0.3316086568466846, "gamma": 0.0033558582134839286}, "datetime": {"datetime": "2021-09-28 16:16:36", "elapsed": 421.045019, "delta": 1.792216}}
{"target": -37.50952551687295, "params": {"C": 1011.0318023844222, "epsilon": 1.0804596480381417, "gamma": 0.0014162512838807632}, "datetime": {"datetime": "2021-09-28 16:16:38", "elapsed": 422.809343, "delta": 1.764324}}
{"target": -37.471960692329915, "params": {"C": 1036.4624712736122, "epsilon": 1.7073642699234568, "gamma": 0.0014654303273197902}, "datetime": {"datetime": "2021-09-28 16:16:40", "elapsed": 424.614702, "delta": 1.805359}}
{"target": -37.476572610802386, "params": {"C": 969.5108691037161, "epsilon": 2.6613347968693444, "gamma": 0.005424815359988749}, "datetime": {"datetime": "2021-09-28 16:16:42", "elapsed": 426.453701, "delta": 1.838999}}
{"target": -38.73218205509535, "params": {"C": 999.7174041657396, "epsilon": 1.2749632798987498, "gamma": 0.009872729630857667}, "datetime": {"datetime": "2021-09-28 16:16:44", "elapsed": 428.452196, "delta": 1.998495}}
{"target": -37.623668134894814, "params": {"C": 914.6724013151312, "epsilon": 0.9935938469018073, "gamma": 0.005433795100432363}, "datetime": {"datetime": "2021-09-28 16:16:46", "elapsed": 430.361115, "delta": 1.908919}}
{"target": -37.863695561445034, "params": {"C": 998.7964170677953, "epsilon": 1.4562000798930212, "gamma": 0.006941335077263524}, "datetime": {"datetime": "2021-09-28 16:16:48", "elapsed": 432.204276, "delta": 1.843161}}
{"target": -38.75592383624731, "params": {"C": 1050.7335100905352, "epsilon": 0.7693316133895837, "gamma": 0.009653083743964508}, "datetime": {"datetime": "2021-09-28 16:16:50", "elapsed": 434.23816, "delta": 2.033884}}
{"target": -38.4956315040275, "params": {"C": 1089.3534937294853, "epsilon": 1.8569888958303074, "gamma": 0.007965521437729503}, "datetime": {"datetime": "2021-09-28 16:16:52", "elapsed": 436.676707, "delta": 2.438547}}
{"target": -37.55252490635929, "params": {"C": 984.6537868652067, "epsilon": 2.295568917275061, "gamma": 0.0021992181809113833}, "datetime": {"datetime": "2021-09-28 16:16:54", "elapsed": 438.615886, "delta": 1.939179}}
{"target": -37.01543293487409, "params": {"C": 917.9348801055751, "epsilon": 2.9430254236559423, "gamma": 0.004498101812491392}, "datetime": {"datetime": "2021-09-28 16:16:57", "elapsed": 441.090727, "delta": 2.474841}}
{"target": -37.641095723797925, "params": {"C": 995.236222241267, "epsilon": 0.18762389953889932, "gamma": 0.0016682225956605981}, "datetime": {"datetime": "2021-09-28 16:16:59", "elapsed": 443.226054, "delta": 2.135327}}
{"target": -37.05984717360112, "params": {"C": 980.8725963909774, "epsilon": 1.1811303588555675, "gamma": 0.0007168382598800353}, "datetime": {"datetime": "2021-09-28 16:17:01", "elapsed": 445.410084, "delta": 2.18403}}
{"target": -37.79471118897085, "params": {"C": 924.4387799982903, "epsilon": 0.3253876917121573, "gamma": 0.006744905050993436}, "datetime": {"datetime": "2021-09-28 16:17:03", "elapsed": 447.430792, "delta": 2.020708}}
{"target": -37.388042180653095, "params": {"C": 908.2491801536663, "epsilon": 1.456775485170671, "gamma": 0.0015533214696350477}, "datetime": {"datetime": "2021-09-28 16:17:05", "elapsed": 449.517641, "delta": 2.086849}}
{"target": -38.16064975837614, "params": {"C": 931.4974635778794, "epsilon": 0.4563283959310349, "gamma": 0.008591775732339404}, "datetime": {"datetime": "2021-09-28 16:17:07", "elapsed": 451.553093, "delta": 2.035452}}
{"target": -37.47160243127565, "params": {"C": 1042.5869396633789, "epsilon": 0.2827592957780041, "gamma": 0.004655096044064041}, "datetime": {"datetime": "2021-09-28 16:17:09", "elapsed": 453.572972, "delta": 2.019879}}
{"target": -36.840047229443265, "params": {"C": 1081.261614527083, "epsilon": 0.9805448894646717, "gamma": 0.0028878576285890777}, "datetime": {"datetime": "2021-09-28 16:17:11", "elapsed": 455.639796, "delta": 2.066824}}
{"target": -38.21673762785052, "params": {"C": 1099.1393723399997, "epsilon": 0.7270909973022052, "gamma": 0.00762866373218973}, "datetime": {"datetime": "2021-09-28 16:17:13", "elapsed": 457.66325, "delta": 2.023454}}
{"target": -37.84129602579934, "params": {"C": 964.0372092149647, "epsilon": 0.6309668318908196, "gamma": 0.007050705759911961}, "datetime": {"datetime": "2021-09-28 16:17:15", "elapsed": 459.549315, "delta": 1.886065}}
{"target": -37.098401032274914, "params": {"C": 1086.7364626577207, "epsilon": 1.3436341825656783, "gamma": 0.0008091345678264004}, "datetime": {"datetime": "2021-09-28 16:17:17", "elapsed": 461.568108, "delta": 2.018793}}
{"target": -38.789664413292094, "params": {"C": 1060.026836810258, "epsilon": 1.8420127633934005, "gamma": 0.009605604097789456}, "datetime": {"datetime": "2021-09-28 16:17:19", "elapsed": 463.528312, "delta": 1.960204}}
{"target": -38.75071441852118, "params": {"C": 1083.262431631585, "epsilon": 0.9270633266552915, "gamma": 0.009360100161372646}, "datetime": {"datetime": "2021-09-28 16:17:21", "elapsed": 465.465573, "delta": 1.937261}}
{"target": -37.83879587461443, "params": {"C": 1016.4391623554803, "epsilon": 0.7051276324369622, "gamma": 0.005883179712762337}, "datetime": {"datetime": "2021-09-28 16:17:23", "elapsed": 467.621275, "delta": 2.155702}}
{"target": -37.825387448484854, "params": {"C": 1077.2550035523225, "epsilon": 1.0923336638793433, "gamma": 0.005560672652727564}, "datetime": {"datetime": "2021-09-28 16:17:25", "elapsed": 469.631123, "delta": 2.009848}}
{"target": -37.675281032567234, "params": {"C": 1013.3019983300935, "epsilon": 1.3553276235931773, "gamma": 0.0051764491734955734}, "datetime": {"datetime": "2021-09-28 16:17:27", "elapsed": 471.706695, "delta": 2.075572}}
{"target": -37.48553680927005, "params": {"C": 964.4100853860558, "epsilon": 1.6281555812506923, "gamma": 0.0015934183097863297}, "datetime": {"datetime": "2021-09-28 16:17:29", "elapsed": 473.731068, "delta": 2.024373}}
{"target": -37.101481390220044, "params": {"C": 972.8984929092337, "epsilon": 1.9973979533288468, "gamma": 0.0027009096412806987}, "datetime": {"datetime": "2021-09-28 16:17:32", "elapsed": 476.322825, "delta": 2.591757}}
{"target": -36.542382418588375, "params": {"C": 922.1387789916591, "epsilon": 1.2041191247174077, "gamma": 0.0005619821173164237}, "datetime": {"datetime": "2021-09-28 16:17:34", "elapsed": 478.50676, "delta": 2.183935}}
{"target": -38.67503201115905, "params": {"C": 1023.4217486699245, "epsilon": 1.3725375065768948, "gamma": 0.009249380301726545}, "datetime": {"datetime": "2021-09-28 16:17:36", "elapsed": 480.506394, "delta": 1.999634}}
{"target": -37.42033687174358, "params": {"C": 923.7502709175524, "epsilon": 2.76171001766885, "gamma": 0.0052121132434140936}, "datetime": {"datetime": "2021-09-28 16:17:38", "elapsed": 482.550836, "delta": 2.044442}}
{"target": -37.13107533369919, "params": {"C": 949.2750395526238, "epsilon": 1.2202317333644659, "gamma": 0.0026156107824738856}, "datetime": {"datetime": "2021-09-28 16:17:40", "elapsed": 484.594503, "delta": 2.043667}}
{"target": -37.4216321267094, "params": {"C": 1079.2653065490606, "epsilon": 2.142929377823509, "gamma": 0.0013915368651127005}, "datetime": {"datetime": "2021-09-28 16:17:42", "elapsed": 486.66241, "delta": 2.067907}}
{"target": -36.88605272488225, "params": {"C": 970.5621673051393, "epsilon": 1.4978192894683275, "gamma": 0.003634218313144675}, "datetime": {"datetime": "2021-09-28 16:17:44", "elapsed": 488.579814, "delta": 1.917404}}
{"target": -37.80878609391652, "params": {"C": 975.0485931539937, "epsilon": 1.212434302145842, "gamma": 0.006611600239194383}, "datetime": {"datetime": "2021-09-28 16:17:46", "elapsed": 490.487615, "delta": 1.907801}}
{"target": -36.57649705282739, "params": {"C": 948.8425946034455, "epsilon": 0.83822551477723, "gamma": 0.0005797602593560874}, "datetime": {"datetime": "2021-09-28 16:17:48", "elapsed": 492.677545, "delta": 2.18993}}
{"target": -38.77639547026331, "params": {"C": 1095.1264306301168, "epsilon": 2.0933160858987123, "gamma": 0.009053316480718814}, "datetime": {"datetime": "2021-09-28 16:17:50", "elapsed": 494.84816, "delta": 2.170615}}
{"target": -37.4514166087091, "params": {"C": 904.3375037123208, "epsilon": 0.514068376879454, "gamma": 0.002071651818021548}, "datetime": {"datetime": "2021-09-28 16:17:52", "elapsed": 496.961101, "delta": 2.112941}}
{"target": -38.64291254642091, "params": {"C": 1029.8983943408803, "epsilon": 2.4006134796690457, "gamma": 0.008837452308846083}, "datetime": {"datetime": "2021-09-28 16:17:54", "elapsed": 499.038586, "delta": 2.077485}}
{"target": -38.4568797187974, "params": {"C": 985.2840662273437, "epsilon": 0.5559805316640323, "gamma": 0.009080999713026625}, "datetime": {"datetime": "2021-09-28 16:17:57", "elapsed": 501.765444, "delta": 2.726858}}
{"target": -37.51311167834041, "params": {"C": 1058.477675104764, "epsilon": 2.53192352309371, "gamma": 0.004889296235146957}, "datetime": {"datetime": "2021-09-28 16:17:59", "elapsed": 503.927681, "delta": 2.162237}}
{"target": -37.420018968917496, "params": {"C": 901.668021111629, "epsilon": 1.3187229036106807, "gamma": 0.0050126784412262305}, "datetime": {"datetime": "2021-09-28 16:18:02", "elapsed": 506.120007, "delta": 2.192326}}
{"target": -37.27846695785637, "params": {"C": 977.4983780183538, "epsilon": 0.7255373931260908, "gamma": 0.004514393600192703}, "datetime": {"datetime": "2021-09-28 16:18:04", "elapsed": 508.251264, "delta": 2.131257}}
{"target": -37.79023216033474, "params": {"C": 956.7961531595895, "epsilon": 1.2525381513395397, "gamma": 0.006460035258757994}, "datetime": {"datetime": "2021-09-28 16:18:06", "elapsed": 510.557382, "delta": 2.306118}}
{"target": -38.55025020471528, "params": {"C": 940.892199985095, "epsilon": 2.4017198148693155, "gamma": 0.009122213734410974}, "datetime": {"datetime": "2021-09-28 16:18:09", "elapsed": 513.507429, "delta": 2.950047}}
{"target": -37.90287223328436, "params": {"C": 917.9354179884516, "epsilon": 1.7193229263049132, "gamma": 0.007533786668799347}, "datetime": {"datetime": "2021-09-28 16:18:11", "elapsed": 515.747656, "delta": 2.240227}}
{"target": -37.86251473382132, "params": {"C": 1071.0283850398412, "epsilon": 0.9203097740575605, "gamma": 0.005842966803518651}, "datetime": {"datetime": "2021-09-28 16:18:13", "elapsed": 517.99028, "delta": 2.242624}}
{"target": -37.50275391585806, "params": {"C": 1014.2660768755128, "epsilon": 2.5417192924666723, "gamma": 0.00510027122671672}, "datetime": {"datetime": "2021-09-28 16:18:16", "elapsed": 520.299181, "delta": 2.308901}}
{"target": -37.88428907835009, "params": {"C": 1086.6415866574741, "epsilon": 1.182847134819356, "gamma": 0.0061848238738817715}, "datetime": {"datetime": "2021-09-28 16:18:18", "elapsed": 522.543272, "delta": 2.244091}}
{"target": -38.50529947780955, "params": {"C": 915.8053620188393, "epsilon": 1.258684956641508, "gamma": 0.009426380539138078}, "datetime": {"datetime": "2021-09-28 16:18:20", "elapsed": 524.697638, "delta": 2.154366}}
{"target": -36.70487066323604, "params": {"C": 1009.3644370656541, "epsilon": 2.1287208296963493, "gamma": 0.0031369422434227886}, "datetime": {"datetime": "2021-09-28 16:18:22", "elapsed": 526.953906, "delta": 2.256268}}
{"target": -37.66543786460036, "params": {"C": 906.6912069221869, "epsilon": 0.11211161254441705, "gamma": 0.005633865769038835}, "datetime": {"datetime": "2021-09-28 16:18:25", "elapsed": 529.166803, "delta": 2.212897}}
{"target": -37.539280523104416, "params": {"C": 966.9043192149473, "epsilon": 2.8459436615543514, "gamma": 0.006002059192934714}, "datetime": {"datetime": "2021-09-28 16:18:27", "elapsed": 531.343077, "delta": 2.176274}}
{"target": -35.77518486849592, "params": {"C": 966.1523863772408, "epsilon": 0.2892665980725554, "gamma": 0.00016864899083447488}, "datetime": {"datetime": "2021-09-28 16:18:29", "elapsed": 533.579301, "delta": 2.236224}}
