{"target": -43.08861146556533, "params": {"C": 146.51305722309297, "epsilon": 0.43608156158129496, "gamma": 0.02121881616086214}, "datetime": {"datetime": "2021-09-24 16:28:34", "elapsed": 79.182207, "delta": 0.748001}}
{"target": -44.20179332715779, "params": {"C": 161.99344485789393, "epsilon": 1.1142831640990976, "gamma": 0.038614886236228}, "datetime": {"datetime": "2021-09-24 16:28:35", "elapsed": 79.906206, "delta": 0.723999}}
{"target": -43.03692331410092, "params": {"C": 194.5548025226054, "epsilon": 2.547416451314815, "gamma": 0.016950088079256142}, "datetime": {"datetime": "2021-09-24 16:28:36", "elapsed": 80.661206, "delta": 0.755}}
{"target": -44.72719126770972, "params": {"C": 128.2467030703864, "epsilon": 1.6646640700446946, "gamma": 0.05710046510541511}, "datetime": {"datetime": "2021-09-24 16:28:37", "elapsed": 81.317207, "delta": 0.656001}}
{"target": -42.57678900730018, "params": {"C": 194.48062770213602, "epsilon": 0.6130547847147042, "gamma": 0.013325323259056767}, "datetime": {"datetime": "2021-09-24 16:28:37", "elapsed": 82.03413, "delta": 0.716923}}
{"target": -44.25012810170951, "params": {"C": 149.52195336206432, "epsilon": 1.217003804061761, "gamma": 0.04082079518995542}, "datetime": {"datetime": "2021-09-24 16:28:38", "elapsed": 82.867022, "delta": 0.832892}}
{"target": -42.94221506632415, "params": {"C": 188.96246280356172, "epsilon": 1.9369401450172055, "gamma": 0.008826718900022512}, "datetime": {"datetime": "2021-09-24 16:28:39", "elapsed": 83.449937, "delta": 0.582915}}
{"target": -44.468678623859944, "params": {"C": 181.77594700456405, "epsilon": 0.7650275671003706, "gamma": 0.040214071889593056}, "datetime": {"datetime": "2021-09-24 16:28:40", "elapsed": 84.3447, "delta": 0.894763}}
{"target": -42.891589120958145, "params": {"C": 124.3812784248744, "epsilon": 0.17823316273167983, "gamma": 0.010376831449038363}, "datetime": {"datetime": "2021-09-24 16:28:40", "elapsed": 85.042451, "delta": 0.697751}}
{"target": -42.779720952652795, "params": {"C": 145.19281373624676, "epsilon": 3.290010899817222, "gamma": 0.013279275065365123}, "datetime": {"datetime": "2021-09-24 16:28:41", "elapsed": 85.925017, "delta": 0.882566}}
{"target": -44.58407941707372, "params": {"C": 133.98303535722422, "epsilon": 2.968202653571986, "gamma": 0.05771379069047405}, "datetime": {"datetime": "2021-09-24 16:28:42", "elapsed": 86.686987, "delta": 0.76197}}
{"target": -43.82007506414004, "params": {"C": 136.44852578467595, "epsilon": 2.379728425065854, "gamma": 0.037937067506057257}, "datetime": {"datetime": "2021-09-24 16:28:43", "elapsed": 87.581568, "delta": 0.894581}}
{"target": -44.86387330126229, "params": {"C": 170.37104860434084, "epsilon": 3.0070423253550747, "gamma": 0.05586144977170635}, "datetime": {"datetime": "2021-09-24 16:28:44", "elapsed": 88.205907, "delta": 0.624339}}
{"target": -44.557641498190186, "params": {"C": 117.97831622785768, "epsilon": 1.407622337416935, "gamma": 0.05283074668872472}, "datetime": {"datetime": "2021-09-24 16:28:44", "elapsed": 88.97412, "delta": 0.768213}}
{"target": -43.61572886511746, "params": {"C": 179.59578775852964, "epsilon": 1.3334208535422136, "gamma": 0.027231175395744413}, "datetime": {"datetime": "2021-09-24 16:28:45", "elapsed": 89.635417, "delta": 0.661297}}
{"target": -43.76755847808466, "params": {"C": 109.0842181646658, "epsilon": 2.4812496010885057, "gamma": 0.04010635776027444}, "datetime": {"datetime": "2021-09-24 16:28:46", "elapsed": 90.523245, "delta": 0.887828}}
{"target": -43.095501823975226, "params": {"C": 101.14908758994855, "epsilon": 3.697640755641437, "gamma": 0.012278792883126988}, "datetime": {"datetime": "2021-09-24 16:28:47", "elapsed": 91.393842, "delta": 0.870597}}
{"target": -43.174106884769735, "params": {"C": 144.35028739798344, "epsilon": 2.9783369533185042, "gamma": 0.024435963766219773}, "datetime": {"datetime": "2021-09-24 16:28:48", "elapsed": 92.243151, "delta": 0.849309}}
{"target": -44.00899524782931, "params": {"C": 143.41592036558393, "epsilon": 0.8137362734463081, "gamma": 0.03864653199542136}, "datetime": {"datetime": "2021-09-24 16:28:48", "elapsed": 93.163216, "delta": 0.920065}}
{"target": -44.76997063588932, "params": {"C": 194.4964966709127, "epsilon": 0.6045323296675271, "gamma": 0.04265715883553449}, "datetime": {"datetime": "2021-09-24 16:28:49", "elapsed": 93.966086, "delta": 0.80287}}
{"target": -43.394081325239014, "params": {"C": 112.58747583993512, "epsilon": 1.0396268636640982, "gamma": 0.03256874165192586}, "datetime": {"datetime": "2021-09-24 16:28:50", "elapsed": 95.018327, "delta": 1.052241}}
{"target": -43.07518800768094, "params": {"C": 107.75293585187717, "epsilon": 1.0874330207563552, "gamma": 0.008723220697083782}, "datetime": {"datetime": "2021-09-24 16:28:52", "elapsed": 96.302806, "delta": 1.284479}}
{"target": -44.276572006362876, "params": {"C": 186.0648867650188, "epsilon": 2.356609153943728, "gamma": 0.03795295274759221}, "datetime": {"datetime": "2021-09-24 16:28:53", "elapsed": 97.378645, "delta": 1.075839}}
{"target": -42.91492201128266, "params": {"C": 120.36742745298186, "epsilon": 3.126425858918573, "gamma": 0.01589113005203035}, "datetime": {"datetime": "2021-09-24 16:28:54", "elapsed": 98.720154, "delta": 1.341509}}
{"target": -43.02300287979079, "params": {"C": 101.16665530456716, "epsilon": 3.7298625073175335, "gamma": 0.016962379777175702}, "datetime": {"datetime": "2021-09-24 16:28:55", "elapsed": 99.835001, "delta": 1.114847}}
{"target": -44.132964884231825, "params": {"C": 199.89216815651076, "epsilon": 0.17456880765578559, "gamma": 0.0314767067604293}, "datetime": {"datetime": "2021-09-24 16:28:56", "elapsed": 101.104246, "delta": 1.269245}}
{"target": -43.06800178359651, "params": {"C": 124.37514660408875, "epsilon": 0.15381123865817667, "gamma": 0.02145472156636215}, "datetime": {"datetime": "2021-09-24 16:28:58", "elapsed": 102.933932, "delta": 1.829686}}
{"target": -44.26563991962507, "params": {"C": 146.55627275299878, "epsilon": 0.4166537325838724, "gamma": 0.04121779204465355}, "datetime": {"datetime": "2021-09-24 16:28:59", "elapsed": 103.98029, "delta": 1.046358}}
{"target": -44.79327256959613, "params": {"C": 149.17555161397257, "epsilon": 1.3134223558594385, "gamma": 0.05182161407901616}, "datetime": {"datetime": "2021-09-24 16:29:00", "elapsed": 104.924723, "delta": 0.944433}}
{"target": -42.93847574509938, "params": {"C": 148.44572858492114, "epsilon": 3.70050276518881, "gamma": 0.007}, "datetime": {"datetime": "2021-09-24 16:29:01", "elapsed": 106.199084, "delta": 1.274361}}
{"target": -42.78565514249801, "params": {"C": 113.48374411971665, "epsilon": 2.0593091750545485, "gamma": 0.01573464542133856}, "datetime": {"datetime": "2021-09-24 16:29:03", "elapsed": 107.612901, "delta": 1.413817}}
{"target": -43.84322678687402, "params": {"C": 159.815396932245, "epsilon": 2.0856274800155443, "gamma": 0.03391031925719771}, "datetime": {"datetime": "2021-09-24 16:29:04", "elapsed": 108.540883, "delta": 0.927982}}
{"target": -43.32712825500831, "params": {"C": 124.37369893640732, "epsilon": 0.1820355676790625, "gamma": 0.02922579579801158}, "datetime": {"datetime": "2021-09-24 16:29:05", "elapsed": 109.783222, "delta": 1.242339}}
{"target": -44.301400523215136, "params": {"C": 159.47696510780048, "epsilon": 3.4273781431159174, "gamma": 0.04631333672097725}, "datetime": {"datetime": "2021-09-24 16:29:06", "elapsed": 110.602393, "delta": 0.819171}}
{"target": -44.29428633797966, "params": {"C": 147.63385749190445, "epsilon": 2.253590982784816, "gamma": 0.042691604776287174}, "datetime": {"datetime": "2021-09-24 16:29:07", "elapsed": 111.474976, "delta": 0.872583}}
{"target": -43.3449791041553, "params": {"C": 112.56815927586668, "epsilon": 1.0104888964022893, "gamma": 0.03131119027369532}, "datetime": {"datetime": "2021-09-24 16:29:08", "elapsed": 112.347157, "delta": 0.872181}}
{"target": -43.112287266006796, "params": {"C": 145.20688163566507, "epsilon": 3.3041956122304277, "gamma": 0.0213256322879823}, "datetime": {"datetime": "2021-09-24 16:29:09", "elapsed": 113.503053, "delta": 1.155896}}
{"target": -42.73058786871084, "params": {"C": 161.9775173887527, "epsilon": 1.1264087621979693, "gamma": 0.015426926348393384}, "datetime": {"datetime": "2021-09-24 16:29:10", "elapsed": 114.647557, "delta": 1.144504}}
{"target": -44.775622921378506, "params": {"C": 129.10416013851966, "epsilon": 1.2236835471890388, "gamma": 0.0557576145536486}, "datetime": {"datetime": "2021-09-24 16:29:11", "elapsed": 115.687406, "delta": 1.039849}}
{"target": -42.705069992245356, "params": {"C": 149.85519999753592, "epsilon": 1.6611605458705303, "gamma": 0.011123112977766265}, "datetime": {"datetime": "2021-09-24 16:29:12", "elapsed": 116.88745, "delta": 1.200044}}
{"target": -44.202166052227916, "params": {"C": 107.82681258551138, "epsilon": 1.6655142023987315, "gamma": 0.047842611368183956}, "datetime": {"datetime": "2021-09-24 16:29:13", "elapsed": 117.947133, "delta": 1.059683}}
{"target": -42.68984977886771, "params": {"C": 152.6660291241908, "epsilon": 2.3581774655829517, "gamma": 0.011023264506460961}, "datetime": {"datetime": "2021-09-24 16:29:15", "elapsed": 119.28477, "delta": 1.337637}}
{"target": -43.11287266147453, "params": {"C": 112.5567745932554, "epsilon": 1.0383671359596531, "gamma": 0.007}, "datetime": {"datetime": "2021-09-24 16:29:16", "elapsed": 120.925774, "delta": 1.641004}}
{"target": -42.97380819397565, "params": {"C": 192.8708935016084, "epsilon": 0.5479873383522852, "gamma": 0.007823940768462217}, "datetime": {"datetime": "2021-09-24 16:29:17", "elapsed": 121.826603, "delta": 0.900829}}
{"target": -43.502943521569854, "params": {"C": 166.9099645412574, "epsilon": 2.1448962041688984, "gamma": 0.027268515164491663}, "datetime": {"datetime": "2021-09-24 16:29:18", "elapsed": 123.031687, "delta": 1.205084}}
{"target": -43.2276269543898, "params": {"C": 192.53302145216702, "epsilon": 0.7806485169910969, "gamma": 0.022139736100192264}, "datetime": {"datetime": "2021-09-24 16:29:19", "elapsed": 124.098422, "delta": 1.066735}}
{"target": -43.32980582034643, "params": {"C": 124.22216087887853, "epsilon": 1.9739969995108686, "gamma": 0.029592225700098694}, "datetime": {"datetime": "2021-09-24 16:29:21", "elapsed": 125.509417, "delta": 1.410995}}
{"target": -43.63217032934338, "params": {"C": 166.5406546764388, "epsilon": 2.867217171242131, "gamma": 0.02889000441407381}, "datetime": {"datetime": "2021-09-24 16:29:22", "elapsed": 126.700128, "delta": 1.190711}}
{"target": -43.47190672194235, "params": {"C": 194.47629172852567, "epsilon": 0.5722144498267753, "gamma": 0.02412586800393288}, "datetime": {"datetime": "2021-09-24 16:29:23", "elapsed": 127.673286, "delta": 0.973158}}
{"target": -42.48783901581962, "params": {"C": 199.89520598982222, "epsilon": 0.14525584035400374, "gamma": 0.011777469154869083}, "datetime": {"datetime": "2021-09-24 16:29:24", "elapsed": 128.778312, "delta": 1.105026}}
{"target": -42.702901341803106, "params": {"C": 177.8248402593043, "epsilon": 1.8473867822701662, "gamma": 0.014314665061298769}, "datetime": {"datetime": "2021-09-24 16:29:25", "elapsed": 129.557315, "delta": 0.779003}}
{"target": -44.565560608057176, "params": {"C": 125.48258755838755, "epsilon": 2.3359607054832594, "gamma": 0.05706272698594995}, "datetime": {"datetime": "2021-09-24 16:29:26", "elapsed": 130.280704, "delta": 0.723389}}
{"target": -43.5787343108295, "params": {"C": 128.92204918172956, "epsilon": 3.413799890546172, "gamma": 0.032373889055407}, "datetime": {"datetime": "2021-09-24 16:29:27", "elapsed": 131.674111, "delta": 1.393407}}
{"target": -42.843061499400925, "params": {"C": 159.94898837644666, "epsilon": 2.650246684920823, "gamma": 0.015424536966002649}, "datetime": {"datetime": "2021-09-24 16:29:28", "elapsed": 132.530302, "delta": 0.856191}}
{"target": -43.07367658006705, "params": {"C": 115.2573427360378, "epsilon": 2.5453225831950674, "gamma": 0.009727913999227148}, "datetime": {"datetime": "2021-09-24 16:29:29", "elapsed": 134.16375, "delta": 1.633448}}
{"target": -44.9448918813293, "params": {"C": 180.29456374542087, "epsilon": 1.7821868128020157, "gamma": 0.04881888225090474}, "datetime": {"datetime": "2021-09-24 16:29:31", "elapsed": 135.639839, "delta": 1.476089}}
{"target": -43.71973440905118, "params": {"C": 147.20662421277274, "epsilon": 3.2653903294771154, "gamma": 0.03376473240263537}, "datetime": {"datetime": "2021-09-24 16:29:32", "elapsed": 136.855164, "delta": 1.215325}}
{"target": -43.05681425783479, "params": {"C": 181.76634856888697, "epsilon": 0.7972056589780121, "gamma": 0.019318830455799633}, "datetime": {"datetime": "2021-09-24 16:29:33", "elapsed": 137.950527, "delta": 1.095363}}
{"target": -42.99646796551109, "params": {"C": 168.1933179289727, "epsilon": 1.7342058475949262, "gamma": 0.017300935431694895}, "datetime": {"datetime": "2021-09-24 16:29:34", "elapsed": 138.983608, "delta": 1.033081}}
{"target": -44.93651446097383, "params": {"C": 193.88821422109362, "epsilon": 1.7524298738885629, "gamma": 0.045889834281820197}, "datetime": {"datetime": "2021-09-24 16:29:35", "elapsed": 140.028915, "delta": 1.045307}}
{"target": -44.00026636064275, "params": {"C": 161.31182768047753, "epsilon": 1.9764232762391578, "gamma": 0.03665861538956613}, "datetime": {"datetime": "2021-09-24 16:29:36", "elapsed": 141.122254, "delta": 1.093339}}
{"target": -42.77856138460471, "params": {"C": 159.94729054213568, "epsilon": 2.6860637329336026, "gamma": 0.010085499939951541}, "datetime": {"datetime": "2021-09-24 16:29:38", "elapsed": 142.226549, "delta": 1.104295}}
{"target": -44.02908674362296, "params": {"C": 177.83728431242224, "epsilon": 1.8399358152268022, "gamma": 0.03392414815296525}, "datetime": {"datetime": "2021-09-24 16:29:39", "elapsed": 143.48606, "delta": 1.259511}}
{"target": -43.892972951200385, "params": {"C": 103.17490574036114, "epsilon": 3.044379045753746, "gamma": 0.04310119767428134}, "datetime": {"datetime": "2021-09-24 16:29:40", "elapsed": 144.458883, "delta": 0.972823}}
{"target": -42.99026596884733, "params": {"C": 136.446182432363, "epsilon": 2.415834334788793, "gamma": 0.007}, "datetime": {"datetime": "2021-09-24 16:29:41", "elapsed": 145.957041, "delta": 1.498158}}
{"target": -43.1204491405407, "params": {"C": 106.3451191075485, "epsilon": 3.75701146588623, "gamma": 0.018099344061514436}, "datetime": {"datetime": "2021-09-24 16:29:42", "elapsed": 147.062277, "delta": 1.105236}}
{"target": -42.684690954103765, "params": {"C": 149.84585101138572, "epsilon": 1.7214787012168078, "gamma": 0.011274508192389194}, "datetime": {"datetime": "2021-09-24 16:29:44", "elapsed": 148.60056, "delta": 1.538283}}
{"target": -42.82554743349749, "params": {"C": 144.232872174977, "epsilon": 3.572433874464446, "gamma": 0.010501715378762943}, "datetime": {"datetime": "2021-09-24 16:29:46", "elapsed": 150.327761, "delta": 1.727201}}
{"target": -43.30954791820468, "params": {"C": 138.29228830836772, "epsilon": 3.745499256759503, "gamma": 0.02583729321958017}, "datetime": {"datetime": "2021-09-24 16:29:47", "elapsed": 151.343915, "delta": 1.016154}}
{"target": -44.16662371606329, "params": {"C": 144.21121071366042, "epsilon": 3.617498994099916, "gamma": 0.045004783509235695}, "datetime": {"datetime": "2021-09-24 16:29:48", "elapsed": 153.017045, "delta": 1.67313}}
{"target": -42.93468611331941, "params": {"C": 122.61128811628465, "epsilon": 1.603480299837761, "gamma": 0.011355358697722334}, "datetime": {"datetime": "2021-09-24 16:29:50", "elapsed": 155.069723, "delta": 2.052678}}
{"target": -43.3516877154428, "params": {"C": 177.60668169562544, "epsilon": 3.401536845457961, "gamma": 0.023264850068181585}, "datetime": {"datetime": "2021-09-24 16:29:52", "elapsed": 156.483342, "delta": 1.413619}}
{"target": -42.65536043328105, "params": {"C": 186.02325200281183, "epsilon": 2.305772216699655, "gamma": 0.012724631142647488}, "datetime": {"datetime": "2021-09-24 16:29:53", "elapsed": 158.113189, "delta": 1.629847}}
{"target": -44.55745966444155, "params": {"C": 180.2630382443868, "epsilon": 3.1673941123523086, "gamma": 0.04548751244482121}, "datetime": {"datetime": "2021-09-24 16:29:54", "elapsed": 159.134178, "delta": 1.020989}}
{"target": -43.565636502599865, "params": {"C": 124.21095835494151, "epsilon": 2.0264185985053795, "gamma": 0.03396251969605258}, "datetime": {"datetime": "2021-09-24 16:29:56", "elapsed": 160.335947, "delta": 1.201769}}
{"target": -43.497357839160806, "params": {"C": 144.24768888438925, "epsilon": 3.585891489917872, "gamma": 0.028127864015689022}, "datetime": {"datetime": "2021-09-24 16:29:57", "elapsed": 162.171604, "delta": 1.835657}}
{"target": -43.32893503456577, "params": {"C": 199.90894111529965, "epsilon": 0.1384783312713892, "gamma": 0.02269271512971865}, "datetime": {"datetime": "2021-09-24 16:29:59", "elapsed": 163.924383, "delta": 1.752779}}
{"target": -44.03187812345656, "params": {"C": 149.80777584273554, "epsilon": 1.7020880944165326, "gamma": 0.03872452045331494}, "datetime": {"datetime": "2021-09-24 16:30:01", "elapsed": 165.216363, "delta": 1.29198}}
{"target": -42.98523630172926, "params": {"C": 180.33379106872331, "epsilon": 1.7754470272305312, "gamma": 0.017699409539569194}, "datetime": {"datetime": "2021-09-24 16:30:02", "elapsed": 166.591685, "delta": 1.375322}}
{"target": -42.881581918665745, "params": {"C": 127.37655805079875, "epsilon": 0.036502233860876074, "gamma": 0.018615244504532922}, "datetime": {"datetime": "2021-09-24 16:30:03", "elapsed": 167.620568, "delta": 1.028883}}
{"target": -43.73312510942892, "params": {"C": 120.3797097731347, "epsilon": 3.107172139824912, "gamma": 0.03845137720757957}, "datetime": {"datetime": "2021-09-24 16:30:04", "elapsed": 169.12031, "delta": 1.499742}}
{"target": -44.52301074614762, "params": {"C": 152.68724375165834, "epsilon": 2.355221569769051, "gamma": 0.04926590776823968}, "datetime": {"datetime": "2021-09-24 16:30:06", "elapsed": 170.56959, "delta": 1.44928}}
{"target": -43.20629599777236, "params": {"C": 111.24409738762216, "epsilon": 1.4193174004880327, "gamma": 0.028133985844365553}, "datetime": {"datetime": "2021-09-24 16:30:07", "elapsed": 171.71341, "delta": 1.14382}}
{"target": -44.31512170058214, "params": {"C": 107.48031624350227, "epsilon": 0.21650650968382537, "gamma": 0.048329516416688756}, "datetime": {"datetime": "2021-09-24 16:30:08", "elapsed": 173.075924, "delta": 1.362514}}
{"target": -44.09128761764284, "params": {"C": 159.95939536214058, "epsilon": 2.669170974431699, "gamma": 0.039185001912034126}, "datetime": {"datetime": "2021-09-24 16:30:10", "elapsed": 174.475019, "delta": 1.399095}}
{"target": -42.56471607027978, "params": {"C": 162.03174362531448, "epsilon": 1.1238386890399337, "gamma": 0.012277568209000396}, "datetime": {"datetime": "2021-09-24 16:30:11", "elapsed": 175.967508, "delta": 1.492489}}
{"target": -43.15317437557451, "params": {"C": 133.4966875395308, "epsilon": 0.5950854106056569, "gamma": 0.007378338668877207}, "datetime": {"datetime": "2021-09-24 16:30:13", "elapsed": 177.487987, "delta": 1.520479}}
{"target": -43.52905887677923, "params": {"C": 163.7017618482706, "epsilon": 1.8271851921043871, "gamma": 0.02847154719888008}, "datetime": {"datetime": "2021-09-24 16:30:14", "elapsed": 178.565653, "delta": 1.077666}}
{"target": -43.05016504144433, "params": {"C": 110.00119760680764, "epsilon": 2.0692745615510773, "gamma": 0.008193361543879889}, "datetime": {"datetime": "2021-09-24 16:30:15", "elapsed": 179.513583, "delta": 0.94793}}
{"target": -43.68435222411089, "params": {"C": 188.9763919741341, "epsilon": 1.9570827816070897, "gamma": 0.026977765292841727}, "datetime": {"datetime": "2021-09-24 16:30:16", "elapsed": 180.704283, "delta": 1.1907}}
{"target": -45.17806020462466, "params": {"C": 197.82300844588394, "epsilon": 1.666183592963664, "gamma": 0.05146080430658187}, "datetime": {"datetime": "2021-09-24 16:30:17", "elapsed": 181.825899, "delta": 1.121616}}
{"target": -43.488824223718076, "params": {"C": 130.69936099352236, "epsilon": 3.54648184044774, "gamma": 0.030171337479142902}, "datetime": {"datetime": "2021-09-24 16:30:18", "elapsed": 183.09734, "delta": 1.271441}}
{"target": -43.06783358291927, "params": {"C": 149.92763274483846, "epsilon": 2.260092551980103, "gamma": 0.018860853736422795}, "datetime": {"datetime": "2021-09-24 16:30:20", "elapsed": 184.265892, "delta": 1.168552}}
{"target": -43.04707216621075, "params": {"C": 171.86112454165445, "epsilon": 2.5754822910814967, "gamma": 0.007180161758846686}, "datetime": {"datetime": "2021-09-24 16:30:21", "elapsed": 185.327433, "delta": 1.061541}}
{"target": -43.788058886894945, "params": {"C": 148.13840090503356, "epsilon": 0.037087007305603256, "gamma": 0.03339991178415273}, "datetime": {"datetime": "2021-09-24 16:30:22", "elapsed": 186.426577, "delta": 1.099144}}
{"target": -43.22187138134176, "params": {"C": 103.75579937906048, "epsilon": 2.4566543652931045, "gamma": 0.0229439282129183}, "datetime": {"datetime": "2021-09-24 16:30:23", "elapsed": 187.657275, "delta": 1.230698}}
{"target": -44.27037404500869, "params": {"C": 152.90840394382988, "epsilon": 1.8046555299008564, "gamma": 0.04120992830036878}, "datetime": {"datetime": "2021-09-24 16:30:24", "elapsed": 188.926358, "delta": 1.269083}}
{"target": -43.341752224618446, "params": {"C": 113.4871445388445, "epsilon": 2.0764812874706173, "gamma": 0.03114288079651942}, "datetime": {"datetime": "2021-09-24 16:30:26", "elapsed": 190.226385, "delta": 1.300027}}
{"target": -43.89764892898517, "params": {"C": 113.47824164341033, "epsilon": 2.037948081463774, "gamma": 0.041797865733845065}, "datetime": {"datetime": "2021-09-24 16:30:27", "elapsed": 191.983749, "delta": 1.757364}}
{"target": -44.59727307661905, "params": {"C": 178.28094077650303, "epsilon": 2.5611677208078905, "gamma": 0.0453319253359911}, "datetime": {"datetime": "2021-09-24 16:30:28", "elapsed": 193.023476, "delta": 1.039727}}
