{"target": -45.44159253107001, "params": {"C": 167.62696858656494, "epsilon": 0.20929658493266026, "gamma": 0.05947765717395981}, "datetime": {"datetime": "2021-09-24 16:33:25", "elapsed": 369.497276, "delta": 1.725495}}
{"target": -44.48937110556048, "params": {"C": 136.8896660922388, "epsilon": 1.2284041883983385, "gamma": 0.04624219100574136}, "datetime": {"datetime": "2021-09-24 16:33:27", "elapsed": 371.283216, "delta": 1.78594}}
{"target": -43.1603988690674, "params": {"C": 124.09052814876318, "epsilon": 3.5042888027536474, "gamma": 0.021364600530874706}, "datetime": {"datetime": "2021-09-24 16:33:29", "elapsed": 373.226258, "delta": 1.943042}}
{"target": -42.919238022226345, "params": {"C": 128.8621762220903, "epsilon": 3.3862870588618557, "gamma": 0.015389100839891}, "datetime": {"datetime": "2021-09-24 16:33:33", "elapsed": 377.655755, "delta": 4.429497}}
{"target": -43.11394931273504, "params": {"C": 186.02920250290816, "epsilon": 2.335651874206265, "gamma": 0.018912478025920457}, "datetime": {"datetime": "2021-09-24 16:33:36", "elapsed": 380.940458, "delta": 3.284703}}
{"target": -44.04994530800223, "params": {"C": 122.62066307529368, "epsilon": 1.6276575853224238, "gamma": 0.042999805855425705}, "datetime": {"datetime": "2021-09-24 16:33:39", "elapsed": 383.333148, "delta": 2.39269}}
{"target": -44.489775379328506, "params": {"C": 102.41373709178502, "epsilon": 1.8427962161102762, "gamma": 0.05526510247262305}, "datetime": {"datetime": "2021-09-24 16:33:40", "elapsed": 385.117566, "delta": 1.784418}}
{"target": -43.185104235353954, "params": {"C": 185.99894635532794, "epsilon": 2.3047274176359274, "gamma": 0.02092091127989668}, "datetime": {"datetime": "2021-09-24 16:33:43", "elapsed": 387.410554, "delta": 2.292988}}
{"target": -43.328257372280255, "params": {"C": 122.57516146999349, "epsilon": 1.5848197613915103, "gamma": 0.029702597171830394}, "datetime": {"datetime": "2021-09-24 16:33:45", "elapsed": 390.103568, "delta": 2.693014}}
{"target": -43.729515590195504, "params": {"C": 100.83575123623963, "epsilon": 0.6867096769927143, "gamma": 0.03854037708767664}, "datetime": {"datetime": "2021-09-24 16:33:48", "elapsed": 393.164336, "delta": 3.060768}}
{"target": -43.01487392920364, "params": {"C": 110.30554544234253, "epsilon": 2.9521813902574205, "gamma": 0.007}, "datetime": {"datetime": "2021-09-24 16:33:51", "elapsed": 395.877174, "delta": 2.712838}}
{"target": -43.05369249623176, "params": {"C": 133.54755843080002, "epsilon": 0.6038076204468137, "gamma": 0.008241344124106825}, "datetime": {"datetime": "2021-09-24 16:33:54", "elapsed": 398.270456, "delta": 2.393282}}
{"target": -43.34572381662845, "params": {"C": 196.44416015498547, "epsilon": 1.5883339317610816, "gamma": 0.02257311739976985}, "datetime": {"datetime": "2021-09-24 16:33:55", "elapsed": 400.084058, "delta": 1.813602}}
{"target": -42.86553886069577, "params": {"C": 148.63520147768995, "epsilon": 3.6245729825175057, "gamma": 0.009715609290651241}, "datetime": {"datetime": "2021-09-24 16:33:58", "elapsed": 402.861181, "delta": 2.777123}}
{"target": -43.96063125124017, "params": {"C": 111.78033712416092, "epsilon": 1.7786688996041309, "gamma": 0.04301821315373181}, "datetime": {"datetime": "2021-09-24 16:34:02", "elapsed": 406.284627, "delta": 3.423446}}
{"target": -44.54710112276774, "params": {"C": 157.84503377557135, "epsilon": 2.2341639766254406, "gamma": 0.048192208274117056}, "datetime": {"datetime": "2021-09-24 16:34:04", "elapsed": 408.595564, "delta": 2.310937}}
{"target": -43.51816108173861, "params": {"C": 147.191470787821, "epsilon": 3.2024099375168023, "gamma": 0.029283291023286386}, "datetime": {"datetime": "2021-09-24 16:34:06", "elapsed": 411.13051, "delta": 2.534946}}
{"target": -43.11495824950675, "params": {"C": 100.82137528619837, "epsilon": 0.6298945916130447, "gamma": 0.00732962647722689}, "datetime": {"datetime": "2021-09-24 16:34:09", "elapsed": 413.322664, "delta": 2.192154}}
{"target": -44.43490357021965, "params": {"C": 111.3848009646835, "epsilon": 2.797754127528171, "gamma": 0.05934831097790429}, "datetime": {"datetime": "2021-09-24 16:34:10", "elapsed": 415.157321, "delta": 1.834657}}
{"target": -43.030113479029914, "params": {"C": 177.77156708244934, "epsilon": 1.8640850511715545, "gamma": 0.018555500111185726}, "datetime": {"datetime": "2021-09-24 16:34:14", "elapsed": 418.870024, "delta": 3.712703}}
{"target": -43.00228068078848, "params": {"C": 197.32249766408182, "epsilon": 1.9090673671436407, "gamma": 0.0173571764223354}, "datetime": {"datetime": "2021-09-24 16:34:17", "elapsed": 421.482811, "delta": 2.612787}}
{"target": -42.721876324420336, "params": {"C": 153.92492200398846, "epsilon": 1.9573475147003618, "gamma": 0.0153333299230995}, "datetime": {"datetime": "2021-09-24 16:34:19", "elapsed": 423.590207, "delta": 2.107396}}
{"target": -44.18883632292193, "params": {"C": 192.90282154780212, "epsilon": 0.5435518230365497, "gamma": 0.0336192321309131}, "datetime": {"datetime": "2021-09-24 16:34:22", "elapsed": 426.981711, "delta": 3.391504}}
{"target": -44.0632052246056, "params": {"C": 189.9013147959943, "epsilon": 2.3030522220529708, "gamma": 0.03273131774993704}, "datetime": {"datetime": "2021-09-24 16:34:24", "elapsed": 428.693091, "delta": 1.71138}}
{"target": -43.98785825358082, "params": {"C": 115.23835175520331, "epsilon": 2.5341716373162297, "gamma": 0.04351070299896176}, "datetime": {"datetime": "2021-09-24 16:34:28", "elapsed": 432.386646, "delta": 3.693555}}
{"target": -43.012088469038424, "params": {"C": 183.43506581518113, "epsilon": 2.9189018459276332, "gamma": 0.01625250293986482}, "datetime": {"datetime": "2021-09-24 16:34:30", "elapsed": 434.227955, "delta": 1.841309}}
{"target": -44.79955152364613, "params": {"C": 197.30058964441764, "epsilon": 1.948791865709628, "gamma": 0.043748586340047274}, "datetime": {"datetime": "2021-09-24 16:34:32", "elapsed": 436.642224, "delta": 2.414269}}
{"target": -43.055390623059026, "params": {"C": 126.7098719839238, "epsilon": 1.0809257195785016, "gamma": 0.008471168431135613}, "datetime": {"datetime": "2021-09-24 16:34:34", "elapsed": 438.470076, "delta": 1.827852}}
{"target": -42.73053716921234, "params": {"C": 124.2434248628735, "epsilon": 2.024685863307338, "gamma": 0.01423656674485115}, "datetime": {"datetime": "2021-09-24 16:34:37", "elapsed": 441.600836, "delta": 3.13076}}
{"target": -43.06192106224296, "params": {"C": 183.46794517665958, "epsilon": 2.897805458976131, "gamma": 0.01723630340842564}, "datetime": {"datetime": "2021-09-24 16:34:40", "elapsed": 444.231357, "delta": 2.630521}}
{"target": -42.87308667441051, "params": {"C": 111.72861663014828, "epsilon": 1.7641394432698436, "gamma": 0.018491097619201462}, "datetime": {"datetime": "2021-09-24 16:34:42", "elapsed": 446.872364, "delta": 2.641007}}
{"target": -42.636107368899864, "params": {"C": 177.81761193908176, "epsilon": 1.8780876739681278, "gamma": 0.010923201872794247}, "datetime": {"datetime": "2021-09-24 16:34:44", "elapsed": 449.121442, "delta": 2.249078}}
{"target": -42.78800687973893, "params": {"C": 148.4714550743886, "epsilon": 3.7447598569353593, "gamma": 0.011250833184993734}, "datetime": {"datetime": "2021-09-24 16:34:48", "elapsed": 452.21703, "delta": 3.095588}}
{"target": -44.31293840202467, "params": {"C": 133.374000728057, "epsilon": 3.2297547148346064, "gamma": 0.05190803862282245}, "datetime": {"datetime": "2021-09-24 16:34:50", "elapsed": 454.448238, "delta": 2.231208}}
{"target": -43.0869732023326, "params": {"C": 110.15816026854867, "epsilon": 0.28041829175303123, "gamma": 0.021907847437301915}, "datetime": {"datetime": "2021-09-24 16:34:52", "elapsed": 456.556108, "delta": 2.10787}}
{"target": -43.61656724091982, "params": {"C": 128.82539452695926, "epsilon": 3.4249799929486526, "gamma": 0.03335544567033302}, "datetime": {"datetime": "2021-09-24 16:34:54", "elapsed": 458.948715, "delta": 2.392607}}
{"target": -42.82119992326621, "params": {"C": 199.85974142404265, "epsilon": 0.04798470199973578, "gamma": 0.015398241523683267}, "datetime": {"datetime": "2021-09-24 16:34:57", "elapsed": 461.582989, "delta": 2.634274}}
{"target": -43.57788138996268, "params": {"C": 177.79563948328178, "epsilon": 1.8387789869258313, "gamma": 0.026793892169921077}, "datetime": {"datetime": "2021-09-24 16:35:01", "elapsed": 465.671335, "delta": 4.088346}}
{"target": -43.48804601347072, "params": {"C": 152.66289221205324, "epsilon": 2.302462969499133, "gamma": 0.028905340916459608}, "datetime": {"datetime": "2021-09-24 16:35:04", "elapsed": 468.675185, "delta": 3.00385}}
{"target": -43.89542566148268, "params": {"C": 141.0573136360211, "epsilon": 3.8530297297789993, "gamma": 0.03946195582304444}, "datetime": {"datetime": "2021-09-24 16:35:06", "elapsed": 470.42513, "delta": 1.749945}}
{"target": -43.1101660463395, "params": {"C": 133.39559205763484, "epsilon": 2.2287061355422977, "gamma": 0.022524951858513494}, "datetime": {"datetime": "2021-09-24 16:35:08", "elapsed": 472.386983, "delta": 1.961853}}
{"target": -43.19334963348205, "params": {"C": 153.91674481497293, "epsilon": 2.0025057886802182, "gamma": 0.02383514298267905}, "datetime": {"datetime": "2021-09-24 16:35:11", "elapsed": 475.235757, "delta": 2.848774}}
{"target": -43.837274101236176, "params": {"C": 111.28360060806747, "epsilon": 1.3863172517277706, "gamma": 0.03968615680126022}, "datetime": {"datetime": "2021-09-24 16:35:13", "elapsed": 477.446348, "delta": 2.210591}}
{"target": -44.06480096153185, "params": {"C": 128.89240382012403, "epsilon": 3.3940506110247797, "gamma": 0.04294895269003261}, "datetime": {"datetime": "2021-09-24 16:35:16", "elapsed": 480.82525, "delta": 3.378902}}
{"target": -43.6267909620267, "params": {"C": 146.51365724152117, "epsilon": 0.4648220952347, "gamma": 0.031946493633557574}, "datetime": {"datetime": "2021-09-24 16:35:19", "elapsed": 483.617304, "delta": 2.792054}}
{"target": -44.00092341555762, "params": {"C": 151.97246617363768, "epsilon": 3.7400366400467164, "gamma": 0.03968892419434674}, "datetime": {"datetime": "2021-09-24 16:35:21", "elapsed": 485.758253, "delta": 2.140949}}
{"target": -44.483188187331855, "params": {"C": 152.62058609275948, "epsilon": 2.322077131959293, "gamma": 0.048176234299716764}, "datetime": {"datetime": "2021-09-24 16:35:24", "elapsed": 489.000248, "delta": 3.241995}}
{"target": -44.248750114922856, "params": {"C": 185.84333757936662, "epsilon": 0.2548784148784512, "gamma": 0.03554322766509614}, "datetime": {"datetime": "2021-09-24 16:35:26", "elapsed": 491.089251, "delta": 2.089003}}
{"target": -43.08743333409523, "params": {"C": 186.42108417805724, "epsilon": 0.9299237109687079, "gamma": 0.01949758215100328}, "datetime": {"datetime": "2021-09-24 16:35:29", "elapsed": 494.142678, "delta": 3.053427}}
{"target": -44.8770336498817, "params": {"C": 153.94020674428316, "epsilon": 1.972509447579743, "gamma": 0.05595985241558564}, "datetime": {"datetime": "2021-09-24 16:35:32", "elapsed": 496.932135, "delta": 2.789457}}
{"target": -43.23018054082583, "params": {"C": 122.56488221253397, "epsilon": 1.6394182409965885, "gamma": 0.027730378625670515}, "datetime": {"datetime": "2021-09-24 16:35:36", "elapsed": 500.673149, "delta": 3.741014}}
{"target": -43.10377489535239, "params": {"C": 146.98230011197685, "epsilon": 2.159228251471058, "gamma": 0.021046238669370994}, "datetime": {"datetime": "2021-09-24 16:35:40", "elapsed": 504.732189, "delta": 4.05904}}
{"target": -44.31710663410556, "params": {"C": 147.0829569386936, "epsilon": 3.2225856087299865, "gamma": 0.048813322312137294}, "datetime": {"datetime": "2021-09-24 16:35:43", "elapsed": 507.205908, "delta": 2.473719}}
{"target": -43.06733602352329, "params": {"C": 125.23387714770725, "epsilon": 2.463524911655288, "gamma": 0.019837274846960032}, "datetime": {"datetime": "2021-09-24 16:35:45", "elapsed": 510.066162, "delta": 2.860254}}
{"target": -42.70521722066084, "params": {"C": 126.7432727918756, "epsilon": 1.0945059176721477, "gamma": 0.016475799875963565}, "datetime": {"datetime": "2021-09-24 16:35:49", "elapsed": 513.356854, "delta": 3.290692}}
{"target": -43.14626221966752, "params": {"C": 144.26698733023346, "epsilon": 3.626078046250664, "gamma": 0.023022645604977254}, "datetime": {"datetime": "2021-09-24 16:35:52", "elapsed": 516.490161, "delta": 3.133307}}
{"target": -45.20376584245661, "params": {"C": 177.8070984491523, "epsilon": 1.8974674611401345, "gamma": 0.059303905014528}, "datetime": {"datetime": "2021-09-24 16:35:55", "elapsed": 519.706531, "delta": 3.21637}}
{"target": -42.604868764950716, "params": {"C": 155.51590119221115, "epsilon": 1.4589612546553594, "gamma": 0.014046597782391965}, "datetime": {"datetime": "2021-09-24 16:35:57", "elapsed": 522.178493, "delta": 2.471962}}
{"target": -43.15375380742398, "params": {"C": 166.59309092487703, "epsilon": 2.8274303771996276, "gamma": 0.02199194145077526}, "datetime": {"datetime": "2021-09-24 16:36:03", "elapsed": 527.246487, "delta": 5.067994}}
{"target": -43.68211772122566, "params": {"C": 134.7554345518581, "epsilon": 3.5516836090601194, "gamma": 0.03550658728074785}, "datetime": {"datetime": "2021-09-24 16:36:05", "elapsed": 529.93673, "delta": 2.690243}}
{"target": -44.99091809503926, "params": {"C": 149.8587020828698, "epsilon": 1.7164402204728366, "gamma": 0.05931865357933902}, "datetime": {"datetime": "2021-09-24 16:36:08", "elapsed": 532.634293, "delta": 2.697563}}
{"target": -43.52365404034622, "params": {"C": 107.3362006575656, "epsilon": 1.3439705142381377, "gamma": 0.035554660638678307}, "datetime": {"datetime": "2021-09-24 16:36:10", "elapsed": 535.015686, "delta": 2.381393}}
{"target": -43.68162648106344, "params": {"C": 155.5000999844579, "epsilon": 1.4774391576882142, "gamma": 0.03178032271383527}, "datetime": {"datetime": "2021-09-24 16:36:14", "elapsed": 539.1819, "delta": 4.166214}}
{"target": -45.30352572469964, "params": {"C": 175.36675504526758, "epsilon": 1.047097867674774, "gamma": 0.058142771558597865}, "datetime": {"datetime": "2021-09-24 16:36:17", "elapsed": 542.081574, "delta": 2.899674}}
{"target": -43.14104005269723, "params": {"C": 183.43630855847397, "epsilon": 2.876043849117421, "gamma": 0.020207312286058706}, "datetime": {"datetime": "2021-09-24 16:36:21", "elapsed": 545.771611, "delta": 3.690037}}
{"target": -43.187912914912616, "params": {"C": 196.54505049850815, "epsilon": 2.540259973393432, "gamma": 0.020161964395199614}, "datetime": {"datetime": "2021-09-24 16:36:24", "elapsed": 548.560341, "delta": 2.78873}}
{"target": -42.768598834420324, "params": {"C": 126.77689735890586, "epsilon": 1.0980078739242687, "gamma": 0.01709523039776547}, "datetime": {"datetime": "2021-09-24 16:36:29", "elapsed": 553.427886, "delta": 4.867545}}
{"target": -43.665138573559474, "params": {"C": 148.50466079239953, "epsilon": 3.7596212251493926, "gamma": 0.03136552149222586}, "datetime": {"datetime": "2021-09-24 16:36:32", "elapsed": 557.015088, "delta": 3.587202}}
{"target": -42.84256355917106, "params": {"C": 199.86929220063854, "epsilon": 0.07716744816188009, "gamma": 0.008256845412980844}, "datetime": {"datetime": "2021-09-24 16:36:35", "elapsed": 559.808966, "delta": 2.793878}}
{"target": -43.02038033086591, "params": {"C": 152.6325019243188, "epsilon": 2.3403537887703925, "gamma": 0.008916802454873505}, "datetime": {"datetime": "2021-09-24 16:36:39", "elapsed": 564.038206, "delta": 4.22924}}
{"target": -42.76827000688236, "params": {"C": 112.56497185158572, "epsilon": 1.033623063418747, "gamma": 0.017414545892531896}, "datetime": {"datetime": "2021-09-24 16:36:42", "elapsed": 566.687079, "delta": 2.648873}}
{"target": -44.6108893520825, "params": {"C": 115.74873178893972, "epsilon": 0.6327521613358482, "gamma": 0.052461021597372565}, "datetime": {"datetime": "2021-09-24 16:36:45", "elapsed": 569.886406, "delta": 3.199327}}
{"target": -44.329475877146166, "params": {"C": 171.8839539683446, "epsilon": 2.575973029327807, "gamma": 0.04237180765614172}, "datetime": {"datetime": "2021-09-24 16:36:49", "elapsed": 573.769712, "delta": 3.883306}}
{"target": -43.21790070373151, "params": {"C": 190.63080726354158, "epsilon": 1.3266966359368946, "gamma": 0.02192489437527486}, "datetime": {"datetime": "2021-09-24 16:36:52", "elapsed": 576.676806, "delta": 2.907094}}
{"target": -43.12600259499044, "params": {"C": 118.17245622500198, "epsilon": 1.954952241013033, "gamma": 0.02135896473885565}, "datetime": {"datetime": "2021-09-24 16:36:56", "elapsed": 580.388702, "delta": 3.711896}}
{"target": -44.31225100543467, "params": {"C": 132.01860460748236, "epsilon": 0.8639340855640393, "gamma": 0.04421084901771049}, "datetime": {"datetime": "2021-09-24 16:36:58", "elapsed": 582.80418, "delta": 2.415478}}
{"target": -42.6284100367777, "params": {"C": 193.36823132886036, "epsilon": 1.8073450166007814, "gamma": 0.010796376979272649}, "datetime": {"datetime": "2021-09-24 16:37:01", "elapsed": 585.814818, "delta": 3.010638}}
{"target": -43.07685634709426, "params": {"C": 159.9185756382571, "epsilon": 2.693463294053494, "gamma": 0.018081650187375585}, "datetime": {"datetime": "2021-09-24 16:37:06", "elapsed": 590.624546, "delta": 4.809728}}
{"target": -43.09601215156877, "params": {"C": 136.4127396527349, "epsilon": 2.420657092211746, "gamma": 0.021325368305696913}, "datetime": {"datetime": "2021-09-24 16:37:10", "elapsed": 594.941928, "delta": 4.317382}}
{"target": -43.36673311675207, "params": {"C": 126.71232495683766, "epsilon": 1.0468459590533752, "gamma": 0.030177748780635536}, "datetime": {"datetime": "2021-09-24 16:37:14", "elapsed": 598.696261, "delta": 3.754333}}
{"target": -43.590389321721844, "params": {"C": 186.0897110561533, "epsilon": 2.3039389111107265, "gamma": 0.02566686882843967}, "datetime": {"datetime": "2021-09-24 16:37:18", "elapsed": 603.047069, "delta": 4.350808}}
{"target": -43.831968432729724, "params": {"C": 156.65099916504673, "epsilon": 1.822824496720545, "gamma": 0.03417695012073387}, "datetime": {"datetime": "2021-09-24 16:37:21", "elapsed": 605.780504, "delta": 2.733435}}
{"target": -42.717499436308486, "params": {"C": 132.20504269302788, "epsilon": 2.183987214926725, "gamma": 0.014995067719058126}, "datetime": {"datetime": "2021-09-24 16:37:24", "elapsed": 608.39463, "delta": 2.614126}}
{"target": -42.61323868669977, "params": {"C": 162.0580795785089, "epsilon": 1.0897816104262368, "gamma": 0.011365732439339204}, "datetime": {"datetime": "2021-09-24 16:37:28", "elapsed": 612.564911, "delta": 4.170281}}
{"target": -43.07779900156021, "params": {"C": 111.06938949582957, "epsilon": 1.6226585278853314, "gamma": 0.009473237597754591}, "datetime": {"datetime": "2021-09-24 16:37:31", "elapsed": 615.339089, "delta": 2.774178}}
{"target": -43.264752529693794, "params": {"C": 144.26261375579085, "epsilon": 3.6289435075622274, "gamma": 0.02489134596395702}, "datetime": {"datetime": "2021-09-24 16:37:33", "elapsed": 617.676094, "delta": 2.337005}}
{"target": -43.54375560441169, "params": {"C": 111.87513545877621, "epsilon": 3.684557775973769, "gamma": 0.03436787897989363}, "datetime": {"datetime": "2021-09-24 16:37:35", "elapsed": 620.068864, "delta": 2.39277}}
{"target": -43.03254860827197, "params": {"C": 188.96646156430918, "epsilon": 1.8851209144523782, "gamma": 0.018107792597960474}, "datetime": {"datetime": "2021-09-24 16:37:39", "elapsed": 623.301747, "delta": 3.232883}}
{"target": -42.77942055044255, "params": {"C": 189.63265327453036, "epsilon": 2.865431687215515, "gamma": 0.013914288267775063}, "datetime": {"datetime": "2021-09-24 16:37:41", "elapsed": 625.98283, "delta": 2.681083}}
{"target": -43.04600392888905, "params": {"C": 155.52974469243287, "epsilon": 1.426942726360113, "gamma": 0.008303761895138505}, "datetime": {"datetime": "2021-09-24 16:37:47", "elapsed": 631.615429, "delta": 5.632599}}
{"target": -43.53410780355574, "params": {"C": 148.59186711501414, "epsilon": 3.6424662227384847, "gamma": 0.028254821628069172}, "datetime": {"datetime": "2021-09-24 16:37:51", "elapsed": 635.605824, "delta": 3.990395}}
{"target": -43.064232827907205, "params": {"C": 124.42129730172276, "epsilon": 1.1382978638431487, "gamma": 0.009568413509684104}, "datetime": {"datetime": "2021-09-24 16:37:54", "elapsed": 638.904697, "delta": 3.298873}}
{"target": -43.1314810088234, "params": {"C": 132.1864704545215, "epsilon": 2.211081379371708, "gamma": 0.024245081231265876}, "datetime": {"datetime": "2021-09-24 16:37:59", "elapsed": 643.304512, "delta": 4.399815}}
{"target": -44.41224554661108, "params": {"C": 100.8415833696573, "epsilon": 0.6329248369210008, "gamma": 0.051844478893533455}, "datetime": {"datetime": "2021-09-24 16:38:02", "elapsed": 646.86721, "delta": 3.562698}}
{"target": -43.74766560252543, "params": {"C": 132.18095880539065, "epsilon": 2.1704072060491297, "gamma": 0.036034233628019226}, "datetime": {"datetime": "2021-09-24 16:38:07", "elapsed": 651.387106, "delta": 4.519896}}
{"target": -42.930964943844835, "params": {"C": 192.86132196656646, "epsilon": 1.1389175406550904, "gamma": 0.016696462656219487}, "datetime": {"datetime": "2021-09-24 16:38:10", "elapsed": 655.001952, "delta": 3.614846}}
{"target": -43.916755627518896, "params": {"C": 179.2388375523821, "epsilon": 3.3803722529783355, "gamma": 0.032639666713413}, "datetime": {"datetime": "2021-09-24 16:38:13", "elapsed": 657.673534, "delta": 2.671582}}
{"target": -43.367571260867926, "params": {"C": 100.83401055581444, "epsilon": 1.7743680984776267, "gamma": 0.03330019771565557}, "datetime": {"datetime": "2021-09-24 16:38:16", "elapsed": 660.485525, "delta": 2.811991}}
{"target": -44.869197090492804, "params": {"C": 199.87967403757722, "epsilon": 0.05565122683585891, "gamma": 0.04263465562104954}, "datetime": {"datetime": "2021-09-24 16:38:20", "elapsed": 664.42136, "delta": 3.935835}}
{"target": -43.97609399664203, "params": {"C": 128.39807657979472, "epsilon": 1.6867544050743493, "gamma": 0.041048673607492286}, "datetime": {"datetime": "2021-09-24 16:38:23", "elapsed": 667.528857, "delta": 3.107497}}
