{"target": 0.24685506682765335, "params": {"C": 174.9373449277455, "epsilon": 2.7848194304976905, "gamma": 0.1424911329496274}, "datetime": {"datetime": "2021-09-24 10:13:57", "elapsed": 19.231227, "delta": 0.463333}}
{"target": 0.34553719838105146, "params": {"C": 112.35378320470377, "epsilon": 1.8748631491358534, "gamma": 0.09039470943181115}, "datetime": {"datetime": "2021-09-24 10:13:57", "elapsed": 19.6602, "delta": 0.428973}}
{"target": 0.39401594464648493, "params": {"C": 107.65925951294247, "epsilon": 1.9561681391863988, "gamma": 0.057477250059031836}, "datetime": {"datetime": "2021-09-24 10:13:58", "elapsed": 20.051536, "delta": 0.391336}}
{"target": 0.2981505439060419, "params": {"C": 131.49730176675513, "epsilon": 1.5641521025314034, "gamma": 0.1297489387698951}, "datetime": {"datetime": "2021-09-24 10:13:58", "elapsed": 20.363428, "delta": 0.311892}}
{"target": 0.2784839557015958, "params": {"C": 148.1279683941506, "epsilon": 2.081092128806551, "gamma": 0.1348644304888426}, "datetime": {"datetime": "2021-09-24 10:13:58", "elapsed": 20.843993, "delta": 0.480565}}
{"target": 0.35154981827940446, "params": {"C": 151.57824125144015, "epsilon": 1.2773070485049365, "gamma": 0.06878414334844507}, "datetime": {"datetime": "2021-09-24 10:13:59", "elapsed": 21.252457, "delta": 0.408464}}
{"target": 0.3304064810393508, "params": {"C": 196.30459337562417, "epsilon": 2.0755458652987233, "gamma": 0.07269059090847724}, "datetime": {"datetime": "2021-09-24 10:13:59", "elapsed": 21.563402, "delta": 0.310945}}
{"target": 0.35745474155330303, "params": {"C": 129.6942914785209, "epsilon": 2.470953158870702, "gamma": 0.07107797898987664}, "datetime": {"datetime": "2021-09-24 10:14:00", "elapsed": 22.339272, "delta": 0.77587}}
{"target": 0.3204313281080785, "params": {"C": 173.70439459326212, "epsilon": 1.7349011157560261, "gamma": 0.08669119288379605}, "datetime": {"datetime": "2021-09-24 10:14:00", "elapsed": 22.783104, "delta": 0.443832}}
{"target": 0.3435424934107686, "params": {"C": 132.3292031283853, "epsilon": 1.3418967267424866, "gamma": 0.08167194236491965}, "datetime": {"datetime": "2021-09-24 10:14:01", "elapsed": 23.217413, "delta": 0.434309}}
{"target": 0.4214210657048124, "params": {"C": 110.32321899948138, "epsilon": 2.459099087825796, "gamma": 0.022307686291192876}, "datetime": {"datetime": "2021-09-24 10:14:01", "elapsed": 23.584652, "delta": 0.367239}}
{"target": 0.24865451207266875, "params": {"C": 194.51319986750332, "epsilon": 1.6904712675657148, "gamma": 0.1291559396624357}, "datetime": {"datetime": "2021-09-24 10:14:02", "elapsed": 23.976598, "delta": 0.391946}}
{"target": 0.32937743880669934, "params": {"C": 161.23520342866664, "epsilon": 1.9102888760351135, "gamma": 0.08254840396809832}, "datetime": {"datetime": "2021-09-24 10:14:02", "elapsed": 24.391468, "delta": 0.41487}}
{"target": 0.35959410019984583, "params": {"C": 102.3898698364335, "epsilon": 1.5349039188099893, "gamma": 0.08257358577071285}, "datetime": {"datetime": "2021-09-24 10:14:03", "elapsed": 24.957986, "delta": 0.566518}}
{"target": 0.3146753982620618, "params": {"C": 130.03503839055202, "epsilon": 2.313631507734047, "gamma": 0.11467256024936825}, "datetime": {"datetime": "2021-09-24 10:14:03", "elapsed": 25.518631, "delta": 0.560645}}
{"target": 0.30719594904742065, "params": {"C": 109.82824096648328, "epsilon": 2.4542702719712315, "gamma": 0.1380744304856794}, "datetime": {"datetime": "2021-09-24 10:14:04", "elapsed": 25.872216, "delta": 0.353585}}
{"target": 0.31525942010127517, "params": {"C": 105.26932658395675, "epsilon": 1.7772411426249477, "gamma": 0.1338809563049748}, "datetime": {"datetime": "2021-09-24 10:14:04", "elapsed": 26.326401, "delta": 0.454185}}
{"target": 0.4329139137139064, "params": {"C": 106.70039055318603, "epsilon": 2.6589803017519364, "gamma": 0.011159269589022205}, "datetime": {"datetime": "2021-09-24 10:14:05", "elapsed": 26.933684, "delta": 0.607283}}
{"target": 0.2940659923203648, "params": {"C": 155.61050587180878, "epsilon": 1.8083132258937535, "gamma": 0.11702776044312191}, "datetime": {"datetime": "2021-09-24 10:14:05", "elapsed": 27.325906, "delta": 0.392222}}
{"target": 0.30427375322346817, "params": {"C": 129.12159788585643, "epsilon": 1.20812504240435, "gamma": 0.12456100819562374}, "datetime": {"datetime": "2021-09-24 10:14:05", "elapsed": 27.831605, "delta": 0.505699}}
{"target": 0.33063061770965296, "params": {"C": 150.9966572652231, "epsilon": 1.1437000486933118, "gamma": 0.08423857841532055}, "datetime": {"datetime": "2021-09-24 10:14:06", "elapsed": 28.277824, "delta": 0.446219}}
{"target": 0.408686247571422, "params": {"C": 199.01250314551464, "epsilon": 2.4897970485428527, "gamma": 0.02160816760615233}, "datetime": {"datetime": "2021-09-24 10:14:06", "elapsed": 28.754934, "delta": 0.47711}}
{"target": 0.39460433716490706, "params": {"C": 117.8589802417522, "epsilon": 1.994964586689541, "gamma": 0.053704565789415674}, "datetime": {"datetime": "2021-09-24 10:14:07", "elapsed": 29.32829, "delta": 0.573356}}
{"target": 0.3361528908534587, "params": {"C": 149.43823828108447, "epsilon": 2.6596762701910763, "gamma": 0.08187471073037024}, "datetime": {"datetime": "2021-09-24 10:14:08", "elapsed": 29.86683, "delta": 0.53854}}
{"target": 0.3176262461859952, "params": {"C": 146.17831182592158, "epsilon": 2.4013780665017386, "gamma": 0.1017359930473174}, "datetime": {"datetime": "2021-09-24 10:14:08", "elapsed": 30.432606, "delta": 0.565776}}
{"target": 0.41407665433665375, "params": {"C": 186.06071490993673, "epsilon": 2.1520068704682775, "gamma": 0.01585105511830718}, "datetime": {"datetime": "2021-09-24 10:14:09", "elapsed": 31.093893, "delta": 0.661287}}
{"target": 0.41984007293551084, "params": {"C": 118.19637477438263, "epsilon": 1.9851006308672807, "gamma": 0.0011109106940407226}, "datetime": {"datetime": "2021-09-24 10:14:09", "elapsed": 31.523545, "delta": 0.429652}}
{"target": 0.42525750497252246, "params": {"C": 156.5310520851828, "epsilon": 2.7695446939781254, "gamma": 0.001125644109561822}, "datetime": {"datetime": "2021-09-24 10:14:10", "elapsed": 31.989332, "delta": 0.465787}}
{"target": 0.3416788359251298, "params": {"C": 138.33081446464, "epsilon": 2.4739732564689376, "gamma": 0.08131890594654274}, "datetime": {"datetime": "2021-09-24 10:14:10", "elapsed": 32.615933, "delta": 0.626601}}
{"target": 0.35902693831111676, "params": {"C": 181.19389471724512, "epsilon": 1.9847683806717287, "gamma": 0.05681469992861721}, "datetime": {"datetime": "2021-09-24 10:14:11", "elapsed": 33.107551, "delta": 0.491618}}
{"target": 0.2833000987547152, "params": {"C": 188.21926181604596, "epsilon": 1.862424898292084, "gamma": 0.10880863619992365}, "datetime": {"datetime": "2021-09-24 10:14:11", "elapsed": 33.635942, "delta": 0.528391}}
{"target": 0.4130889139238362, "params": {"C": 194.50151366520993, "epsilon": 1.2766006670454717, "gamma": 0.01482910210531072}, "datetime": {"datetime": "2021-09-24 10:14:12", "elapsed": 34.196544, "delta": 0.560602}}
{"target": 0.3638479254505076, "params": {"C": 116.79527736097326, "epsilon": 2.7084746406494205, "gamma": 0.0712016468598111}, "datetime": {"datetime": "2021-09-24 10:14:12", "elapsed": 34.725285, "delta": 0.528741}}
{"target": 0.3530038383455337, "params": {"C": 142.8994424406133, "epsilon": 1.5094477444825376, "gamma": 0.0705695116638739}, "datetime": {"datetime": "2021-09-24 10:14:13", "elapsed": 35.255868, "delta": 0.530583}}
{"target": 0.2839606082092051, "params": {"C": 175.73483259471226, "epsilon": 1.7752767298364125, "gamma": 0.11429087141287263}, "datetime": {"datetime": "2021-09-24 10:14:14", "elapsed": 35.864801, "delta": 0.608933}}
{"target": 0.325875070081761, "params": {"C": 105.15864848664641, "epsilon": 1.7200714836309976, "gamma": 0.1189366359762195}, "datetime": {"datetime": "2021-09-24 10:14:14", "elapsed": 36.488322, "delta": 0.623521}}
{"target": 0.2882035037622158, "params": {"C": 151.04718262711498, "epsilon": 1.0502512981533907, "gamma": 0.12379337681314584}, "datetime": {"datetime": "2021-09-24 10:14:15", "elapsed": 37.062039, "delta": 0.573717}}
{"target": 0.4338577199457877, "params": {"C": 196.85199384758846, "epsilon": 2.957322308309039, "gamma": 0.002958920515212661}, "datetime": {"datetime": "2021-09-24 10:14:15", "elapsed": 37.531048, "delta": 0.469009}}
{"target": 0.23915209794359327, "params": {"C": 199.36447583042542, "epsilon": 1.9458438186452724, "gamma": 0.13323439038719756}, "datetime": {"datetime": "2021-09-24 10:14:16", "elapsed": 38.312106, "delta": 0.781058}}
{"target": 0.3548602214981815, "params": {"C": 108.29391058417143, "epsilon": 2.919611304229052, "gamma": 0.0841524031696038}, "datetime": {"datetime": "2021-09-24 10:14:17", "elapsed": 38.874886, "delta": 0.56278}}
{"target": 0.33406855089336207, "params": {"C": 161.77102522766802, "epsilon": 1.612549486334754, "gamma": 0.07869651819626422}, "datetime": {"datetime": "2021-09-24 10:14:17", "elapsed": 39.393971, "delta": 0.519085}}
{"target": 0.3647895864281492, "params": {"C": 124.04643105016866, "epsilon": 1.8478163135816654, "gamma": 0.06834964922692716}, "datetime": {"datetime": "2021-09-24 10:14:18", "elapsed": 39.86258, "delta": 0.468609}}
{"target": 0.42026696190137325, "params": {"C": 148.43204538663804, "epsilon": 2.855766269132216, "gamma": 0.016378320081233896}, "datetime": {"datetime": "2021-09-24 10:14:18", "elapsed": 40.344125, "delta": 0.481545}}
{"target": 0.4327406134908195, "params": {"C": 113.24458343997436, "epsilon": 1.8913426822593575, "gamma": 0.010257074671590656}, "datetime": {"datetime": "2021-09-24 10:14:19", "elapsed": 40.884206, "delta": 0.540081}}
{"target": 0.2911091914795022, "params": {"C": 134.70352532470775, "epsilon": 1.168752717036776, "gamma": 0.13278456414499432}, "datetime": {"datetime": "2021-09-24 10:14:19", "elapsed": 41.478977, "delta": 0.594771}}
{"target": 0.4147413842556782, "params": {"C": 180.315270247768, "epsilon": 1.8737439960901925, "gamma": 0.014586418537894512}, "datetime": {"datetime": "2021-09-24 10:14:20", "elapsed": 42.028929, "delta": 0.549952}}
{"target": 0.3480781485889167, "params": {"C": 183.087920643332, "epsilon": 1.6326667231770338, "gamma": 0.06341380247691086}, "datetime": {"datetime": "2021-09-24 10:14:20", "elapsed": 42.584109, "delta": 0.55518}}
{"target": 0.4176329559639008, "params": {"C": 102.36761105038667, "epsilon": 2.494672083976834, "gamma": 0.034165602426242093}, "datetime": {"datetime": "2021-09-24 10:14:21", "elapsed": 43.229258, "delta": 0.645149}}
{"target": 0.2954498409599252, "params": {"C": 124.86655354023715, "epsilon": 2.7555271812264657, "gamma": 0.1370668599303269}, "datetime": {"datetime": "2021-09-24 10:14:21", "elapsed": 43.723926, "delta": 0.494668}}
{"target": 0.24415777067332045, "params": {"C": 179.73082508449374, "epsilon": 2.151477613120263, "gamma": 0.14163291836160058}, "datetime": {"datetime": "2021-09-24 10:14:22", "elapsed": 44.255868, "delta": 0.531942}}
{"target": 0.28277240962950445, "params": {"C": 134.95593616898466, "epsilon": 1.9941044078064551, "gamma": 0.14065102661531523}, "datetime": {"datetime": "2021-09-24 10:14:22", "elapsed": 44.854416, "delta": 0.598548}}
{"target": 0.39632170170543723, "params": {"C": 166.13695208614973, "epsilon": 2.5927305853463016, "gamma": 0.04000673850328451}, "datetime": {"datetime": "2021-09-24 10:14:23", "elapsed": 45.407203, "delta": 0.552787}}
{"target": 0.4105656100160101, "params": {"C": 115.23302346568852, "epsilon": 2.2478573700207756, "gamma": 0.03545366049854269}, "datetime": {"datetime": "2021-09-24 10:14:24", "elapsed": 46.074271, "delta": 0.667068}}
{"target": 0.30343268003115265, "params": {"C": 164.35745371205508, "epsilon": 2.245708011030099, "gamma": 0.10475555238169798}, "datetime": {"datetime": "2021-09-24 10:14:24", "elapsed": 46.579358, "delta": 0.505087}}
{"target": 0.42383081936614597, "params": {"C": 144.24826469863856, "epsilon": 2.802931811380048, "gamma": 0.013984704864682763}, "datetime": {"datetime": "2021-09-24 10:14:25", "elapsed": 47.113941, "delta": 0.534583}}
{"target": 0.38304219230625713, "params": {"C": 164.70439531088763, "epsilon": 2.07637173769435, "gamma": 0.04947342901002486}, "datetime": {"datetime": "2021-09-24 10:14:25", "elapsed": 47.683932, "delta": 0.569991}}
{"target": 0.3248802074640431, "params": {"C": 176.52569558483637, "epsilon": 1.1769304325668544, "gamma": 0.0802351049930797}, "datetime": {"datetime": "2021-09-24 10:14:26", "elapsed": 48.462924, "delta": 0.778992}}
{"target": 0.3349899659581581, "params": {"C": 196.0027847766566, "epsilon": 2.511132178185755, "gamma": 0.06999318284854196}, "datetime": {"datetime": "2021-09-24 10:14:27", "elapsed": 49.265144, "delta": 0.80222}}
{"target": 0.2735797599419656, "params": {"C": 144.962503305393, "epsilon": 2.826236775421088, "gamma": 0.14224388078760586}, "datetime": {"datetime": "2021-09-24 10:14:28", "elapsed": 49.86401, "delta": 0.598866}}
{"target": 0.3499387612385768, "params": {"C": 111.34741018017985, "epsilon": 2.6149061060551158, "gamma": 0.08744091393064962}, "datetime": {"datetime": "2021-09-24 10:14:28", "elapsed": 50.43936, "delta": 0.57535}}
{"target": 0.2373397271096307, "params": {"C": 199.42750981129728, "epsilon": 2.719336192731923, "gamma": 0.13613111903624975}, "datetime": {"datetime": "2021-09-24 10:14:29", "elapsed": 50.994128, "delta": 0.554768}}
{"target": 0.3403561021979288, "params": {"C": 172.61978636648416, "epsilon": 2.1312196180256695, "gamma": 0.0718178578784901}, "datetime": {"datetime": "2021-09-24 10:14:29", "elapsed": 51.681877, "delta": 0.687749}}
{"target": 0.38621242761373764, "params": {"C": 142.4534036292061, "epsilon": 1.5817136564482808, "gamma": 0.052646975467531595}, "datetime": {"datetime": "2021-09-24 10:14:30", "elapsed": 52.393735, "delta": 0.711858}}
{"target": 0.37333228025962395, "params": {"C": 125.5790429204762, "epsilon": 1.3841629417811858, "gamma": 0.06346205832485362}, "datetime": {"datetime": "2021-09-24 10:14:31", "elapsed": 52.997392, "delta": 0.603657}}
{"target": 0.36231909944103835, "params": {"C": 142.77268668107956, "epsilon": 1.1965538669804148, "gamma": 0.06379382533160935}, "datetime": {"datetime": "2021-09-24 10:14:31", "elapsed": 53.595163, "delta": 0.597771}}
{"target": 0.23768855136597244, "params": {"C": 180.84113546498622, "epsilon": 1.4019771269560886, "gamma": 0.14902639589187386}, "datetime": {"datetime": "2021-09-24 10:14:32", "elapsed": 54.172284, "delta": 0.577121}}
{"target": 0.3251703793803844, "params": {"C": 154.4232069206874, "epsilon": 1.6257713832972198, "gamma": 0.08937357098772315}, "datetime": {"datetime": "2021-09-24 10:14:33", "elapsed": 54.866299, "delta": 0.694015}}
{"target": 0.3630234608355619, "params": {"C": 189.71698478100672, "epsilon": 2.513542549301178, "gamma": 0.05357063391448993}, "datetime": {"datetime": "2021-09-24 10:14:33", "elapsed": 55.462248, "delta": 0.595949}}
{"target": 0.3634843694097255, "params": {"C": 140.67094206529765, "epsilon": 2.378050465812933, "gamma": 0.06400123571770773}, "datetime": {"datetime": "2021-09-24 10:14:34", "elapsed": 56.056865, "delta": 0.594617}}
{"target": 0.4188016724459974, "params": {"C": 112.57627277620126, "epsilon": 1.5029923751291034, "gamma": 0.022498358375180334}, "datetime": {"datetime": "2021-09-24 10:14:34", "elapsed": 56.622366, "delta": 0.565501}}
{"target": 0.3139194681722889, "params": {"C": 180.06556780693384, "epsilon": 1.5621822860752623, "gamma": 0.09010828333094849}, "datetime": {"datetime": "2021-09-24 10:14:35", "elapsed": 57.317107, "delta": 0.694741}}
{"target": 0.2745484711392272, "params": {"C": 152.81516704671517, "epsilon": 2.5457894328214827, "gamma": 0.13561007446630544}, "datetime": {"datetime": "2021-09-24 10:14:36", "elapsed": 58.008245, "delta": 0.691138}}
{"target": 0.3178429570891924, "params": {"C": 157.65019703962787, "epsilon": 1.058821378831136, "gamma": 0.09451257618179384}, "datetime": {"datetime": "2021-09-24 10:14:36", "elapsed": 58.725966, "delta": 0.717721}}
{"target": 0.27937252258338596, "params": {"C": 133.00514203810303, "epsilon": 1.3046870310400087, "gamma": 0.14642416361937804}, "datetime": {"datetime": "2021-09-24 10:14:37", "elapsed": 59.384376, "delta": 0.65841}}
{"target": 0.31902268662157096, "params": {"C": 152.964166421416, "epsilon": 2.591814043861281, "gamma": 0.09640206742302157}, "datetime": {"datetime": "2021-09-24 10:14:38", "elapsed": 59.987985, "delta": 0.603609}}
{"target": 0.2998133647785338, "params": {"C": 169.98133521409304, "epsilon": 1.2588572231807624, "gamma": 0.10389762488561989}, "datetime": {"datetime": "2021-09-24 10:14:38", "elapsed": 60.796581, "delta": 0.808596}}
{"target": 0.3984063968092135, "params": {"C": 147.01879953328753, "epsilon": 2.0684757126443287, "gamma": 0.04111356632787126}, "datetime": {"datetime": "2021-09-24 10:14:39", "elapsed": 61.519647, "delta": 0.723066}}
{"target": 0.4128231674755981, "params": {"C": 146.5341249825987, "epsilon": 1.2077265728507027, "gamma": 0.0211793570453777}, "datetime": {"datetime": "2021-09-24 10:14:40", "elapsed": 62.137834, "delta": 0.618187}}
{"target": 0.4047123901335833, "params": {"C": 167.07067823957763, "epsilon": 2.581868596880586, "gamma": 0.02850616164063106}, "datetime": {"datetime": "2021-09-24 10:14:40", "elapsed": 62.746436, "delta": 0.608602}}
{"target": 0.4119821279378345, "params": {"C": 100.80222564294368, "epsilon": 1.3191303310356715, "gamma": 0.037732452942309924}, "datetime": {"datetime": "2021-09-24 10:14:41", "elapsed": 63.553349, "delta": 0.806913}}
{"target": 0.3827114323416765, "params": {"C": 138.266474854033, "epsilon": 1.7860109096756343, "gamma": 0.05528013539743558}, "datetime": {"datetime": "2021-09-24 10:14:42", "elapsed": 64.475164, "delta": 0.921815}}
{"target": 0.33140572037919225, "params": {"C": 128.98709727156958, "epsilon": 1.8274263535562374, "gamma": 0.09485593792846675}, "datetime": {"datetime": "2021-09-24 10:14:43", "elapsed": 65.244892, "delta": 0.769728}}
{"target": 0.43245863917541394, "params": {"C": 121.14691336207409, "epsilon": 1.525776604632937, "gamma": 0.0035524495808615104}, "datetime": {"datetime": "2021-09-24 10:14:44", "elapsed": 65.899469, "delta": 0.654577}}
{"target": 0.3374252895459653, "params": {"C": 129.15648660091966, "epsilon": 2.571435768321731, "gamma": 0.0889030350378253}, "datetime": {"datetime": "2021-09-24 10:14:44", "elapsed": 66.464772, "delta": 0.565303}}
{"target": 0.2964228670536637, "params": {"C": 171.87359393095144, "epsilon": 1.7328730697921972, "gamma": 0.10631524659891856}, "datetime": {"datetime": "2021-09-24 10:14:45", "elapsed": 67.236535, "delta": 0.771763}}
{"target": 0.29408412333870937, "params": {"C": 125.55299729357888, "epsilon": 1.2257206995594756, "gamma": 0.1373669452571036}, "datetime": {"datetime": "2021-09-24 10:14:46", "elapsed": 68.061914, "delta": 0.825379}}
{"target": 0.33216587580934176, "params": {"C": 186.07793502846627, "epsilon": 1.8924642234978717, "gamma": 0.0736021943888279}, "datetime": {"datetime": "2021-09-24 10:14:47", "elapsed": 68.951431, "delta": 0.889517}}
{"target": 0.2863892065299385, "params": {"C": 132.82233192756726, "epsilon": 1.0292369191737858, "gamma": 0.1383265805678182}, "datetime": {"datetime": "2021-09-24 10:14:47", "elapsed": 69.678494, "delta": 0.727063}}
{"target": 0.39750581844465016, "params": {"C": 104.94172176891212, "epsilon": 2.18707135120367, "gamma": 0.0539359696849447}, "datetime": {"datetime": "2021-09-24 10:14:48", "elapsed": 70.242407, "delta": 0.563913}}
{"target": 0.3226998139297881, "params": {"C": 171.83981780483597, "epsilon": 1.7563884954503253, "gamma": 0.08516188847843405}, "datetime": {"datetime": "2021-09-24 10:14:49", "elapsed": 71.002419, "delta": 0.760012}}
{"target": 0.4349842294655274, "params": {"C": 106.66740695466585, "epsilon": 2.6918113885906814, "gamma": 0.004685541441015942}, "datetime": {"datetime": "2021-09-24 10:14:49", "elapsed": 71.600114, "delta": 0.597695}}
{"target": 0.35765782906428834, "params": {"C": 196.8714600546643, "epsilon": 2.904673285759812, "gamma": 0.05551252531061901}, "datetime": {"datetime": "2021-09-24 10:14:50", "elapsed": 72.525059, "delta": 0.924945}}
{"target": 0.4205458285448225, "params": {"C": 104.74863926240509, "epsilon": 2.6765230825133894, "gamma": 0.025911266656919212}, "datetime": {"datetime": "2021-09-24 10:14:51", "elapsed": 73.650421, "delta": 1.125362}}
{"target": 0.2463721641813511, "params": {"C": 173.84430421480133, "epsilon": 2.6256170222682815, "gamma": 0.14399392556229154}, "datetime": {"datetime": "2021-09-24 10:14:52", "elapsed": 74.345667, "delta": 0.695246}}
{"target": 0.3502299693240353, "params": {"C": 178.7845177892316, "epsilon": 1.5828587744631688, "gamma": 0.06261844842010743}, "datetime": {"datetime": "2021-09-24 10:14:53", "elapsed": 75.033315, "delta": 0.687648}}
{"target": 0.3848383607072924, "params": {"C": 112.67825574852873, "epsilon": 2.6457635211351116, "gamma": 0.06006070713789138}, "datetime": {"datetime": "2021-09-24 10:14:53", "elapsed": 75.854447, "delta": 0.821132}}
{"target": 0.35222170134573394, "params": {"C": 104.71289724989182, "epsilon": 2.7252806603808977, "gamma": 0.08906218056578936}, "datetime": {"datetime": "2021-09-24 10:14:54", "elapsed": 76.765732, "delta": 0.911285}}
{"target": 0.3845941722703863, "params": {"C": 181.12075938244942, "epsilon": 1.7145138153697268, "gamma": 0.0460543155476649}, "datetime": {"datetime": "2021-09-24 10:14:55", "elapsed": 77.461514, "delta": 0.695782}}
{"target": 0.3985678532171977, "params": {"C": 103.29753067799881, "epsilon": 1.8246100255777786, "gamma": 0.05491284277556274}, "datetime": {"datetime": "2021-09-24 10:14:56", "elapsed": 78.155669, "delta": 0.694155}}
{"target": 0.34000742247646354, "params": {"C": 169.28985208911854, "epsilon": 1.712813939378709, "gamma": 0.07223832289058221}, "datetime": {"datetime": "2021-09-24 10:14:57", "elapsed": 78.949476, "delta": 0.793807}}
