{"target": 0.41958953929204057, "params": {"C": 97.30141451864208, "epsilon": 0.5357927697723812, "gamma": 0.0361918661318686}, "datetime": {"datetime": "2021-09-24 09:20:27", "elapsed": 407.131164, "delta": 2.729976}}
{"target": 0.40679950900421435, "params": {"C": 61.758507146071864, "epsilon": 0.17238148726899455, "gamma": 0.0015744389901111357}, "datetime": {"datetime": "2021-09-24 09:20:30", "elapsed": 409.94239, "delta": 2.811226}}
{"target": 0.21495559621861748, "params": {"C": 3.3895997208671673, "epsilon": 0.4571671082856841, "gamma": 0.13668868430982706}, "datetime": {"datetime": "2021-09-24 09:20:32", "elapsed": 411.407675, "delta": 1.465285}}
{"target": 0.44061612199248523, "params": {"C": 62.88570187886576, "epsilon": 0.06019067791231189, "gamma": 0.015147923613142298}, "datetime": {"datetime": "2021-09-24 09:20:34", "elapsed": 413.864356, "delta": 2.456681}}
{"target": 0.4225267954981061, "params": {"C": 61.80327230148386, "epsilon": 0.25489519356826573, "gamma": 0.005461150474442858}, "datetime": {"datetime": "2021-09-24 09:20:38", "elapsed": 417.404399, "delta": 3.540043}}
{"target": 0.43707034754488727, "params": {"C": 48.99011493310701, "epsilon": 0.9916927689663163, "gamma": 0.015225362323859529}, "datetime": {"datetime": "2021-09-24 09:20:41", "elapsed": 420.938301, "delta": 3.533902}}
{"target": 0.3830877651015492, "params": {"C": 57.1311783005977, "epsilon": 0.2192653884488875, "gamma": 0.07798789599629152}, "datetime": {"datetime": "2021-09-24 09:20:44", "elapsed": 424.053176, "delta": 3.114875}}
{"target": 0.42827652753955725, "params": {"C": 98.96719265890067, "epsilon": 0.7370336350739746, "gamma": 0.030354116824744225}, "datetime": {"datetime": "2021-09-24 09:20:47", "elapsed": 426.683952, "delta": 2.630776}}
{"target": 0.40498912489241723, "params": {"C": 96.4797185534356, "epsilon": 0.3931349112920203, "gamma": 0.04478102816161713}, "datetime": {"datetime": "2021-09-24 09:20:49", "elapsed": 428.338537, "delta": 1.654585}}
{"target": 0.41229676402676485, "params": {"C": 47.11513406928989, "epsilon": 0.21914677444438432, "gamma": 0.05123858564513122}, "datetime": {"datetime": "2021-09-24 09:20:51", "elapsed": 430.982881, "delta": 2.644344}}
{"target": 0.3863802377716734, "params": {"C": 78.03614337821332, "epsilon": 0.5472237556218774, "gamma": 0.06290921295503057}, "datetime": {"datetime": "2021-09-24 09:20:54", "elapsed": 433.777005, "delta": 2.794124}}
{"target": 0.35244594287366837, "params": {"C": 58.26658343781564, "epsilon": 0.5556498268636815, "gamma": 0.11680451005364983}, "datetime": {"datetime": "2021-09-24 09:20:56", "elapsed": 435.312827, "delta": 1.535822}}
{"target": 0.41156180531391995, "params": {"C": 46.81829908632517, "epsilon": 0.2188992021299237, "gamma": 0.002888373552939262}, "datetime": {"datetime": "2021-09-24 09:20:58", "elapsed": 438.232102, "delta": 2.919275}}
{"target": 0.44464585322621875, "params": {"C": 81.99269050536245, "epsilon": 0.26988040284708786, "gamma": 0.01915926483155271}, "datetime": {"datetime": "2021-09-24 09:21:01", "elapsed": 440.812518, "delta": 2.580416}}
{"target": 0.4376555685001672, "params": {"C": 67.4231201664392, "epsilon": 0.9160277874513352, "gamma": 0.007935711125354208}, "datetime": {"datetime": "2021-09-24 09:21:04", "elapsed": 443.853332, "delta": 3.040814}}
{"target": 0.42535020171513094, "params": {"C": 67.2633254462788, "epsilon": 0.8380773160356355, "gamma": 0.038528554836723274}, "datetime": {"datetime": "2021-09-24 09:21:08", "elapsed": 447.381806, "delta": 3.528474}}
{"target": 0.38718269657388094, "params": {"C": 49.00134106887198, "epsilon": 0.9422609567901635, "gamma": 0.001}, "datetime": {"datetime": "2021-09-24 09:21:11", "elapsed": 450.46325, "delta": 3.081444}}
{"target": 0.43537110455639205, "params": {"C": 54.385672783948564, "epsilon": 0.4859924854371943, "gamma": 0.02442766336871369}, "datetime": {"datetime": "2021-09-24 09:21:12", "elapsed": 451.954389, "delta": 1.491139}}
{"target": 0.42806470527502305, "params": {"C": 54.33183408166537, "epsilon": 0.4848808038113117, "gamma": 0.03265620573258835}, "datetime": {"datetime": "2021-09-24 09:21:16", "elapsed": 455.435118, "delta": 3.480729}}
{"target": 0.36503189146191517, "params": {"C": 90.00230164803435, "epsilon": 0.5729846775392741, "gamma": 0.07333898763661545}, "datetime": {"datetime": "2021-09-24 09:21:17", "elapsed": 456.921609, "delta": 1.486491}}
{"target": 0.3716201706171417, "params": {"C": 68.52280999157712, "epsilon": 0.3782398073420971, "gamma": 0.0809577642936827}, "datetime": {"datetime": "2021-09-24 09:21:21", "elapsed": 461.013836, "delta": 4.092227}}
{"target": 0.4329104468137377, "params": {"C": 83.60071515702934, "epsilon": 0.7279554015319157, "gamma": 0.027011753547921853}, "datetime": {"datetime": "2021-09-24 09:21:23", "elapsed": 462.50659, "delta": 1.492754}}
{"target": 0.44128038457302854, "params": {"C": 80.42290709195191, "epsilon": 0.4480144516179298, "gamma": 0.011560553968811386}, "datetime": {"datetime": "2021-09-24 09:21:26", "elapsed": 465.374768, "delta": 2.868178}}
{"target": 0.4134996011189801, "params": {"C": 27.44277326408457, "epsilon": 0.26545208913323, "gamma": 0.005135926344135966}, "datetime": {"datetime": "2021-09-24 09:21:27", "elapsed": 466.857691, "delta": 1.482923}}
{"target": 0.4258859844596763, "params": {"C": 54.372140962970285, "epsilon": 0.4238041032670537, "gamma": 0.03533293561594496}, "datetime": {"datetime": "2021-09-24 09:21:31", "elapsed": 471.006274, "delta": 4.148583}}
{"target": 0.44470805393786794, "params": {"C": 83.59044152602445, "epsilon": 0.6549995379000025, "gamma": 0.01379981078616755}, "datetime": {"datetime": "2021-09-24 09:21:34", "elapsed": 473.814229, "delta": 2.807955}}
{"target": 0.426198833372436, "params": {"C": 83.55860168357137, "epsilon": 0.6950295095578208, "gamma": 0.034987629597728116}, "datetime": {"datetime": "2021-09-24 09:21:37", "elapsed": 476.742621, "delta": 2.928392}}
{"target": 0.44521510569763556, "params": {"C": 83.64900513215049, "epsilon": 0.6398724319986978, "gamma": 0.013971942172953423}, "datetime": {"datetime": "2021-09-24 09:21:40", "elapsed": 479.894666, "delta": 3.152045}}
{"target": 0.44226991001900173, "params": {"C": 81.96126971349524, "epsilon": 0.33733189438151256, "gamma": 0.011978844354629686}, "datetime": {"datetime": "2021-09-24 09:21:42", "elapsed": 481.571065, "delta": 1.676399}}
{"target": 0.3676652099716339, "params": {"C": 34.040260720776445, "epsilon": 0.8061775718185823, "gamma": 0.12725090103397255}, "datetime": {"datetime": "2021-09-24 09:21:43", "elapsed": 483.108335, "delta": 1.53727}}
{"target": 0.41794807347243723, "params": {"C": 11.05657866586318, "epsilon": 0.06401457769805496, "gamma": 0.04291074090864123}, "datetime": {"datetime": "2021-09-24 09:21:45", "elapsed": 484.651411, "delta": 1.543076}}
{"target": 0.40218619484254037, "params": {"C": 68.49912036224801, "epsilon": 0.4852379404731113, "gamma": 0.001}, "datetime": {"datetime": "2021-09-24 09:21:48", "elapsed": 487.70119, "delta": 3.049779}}
{"target": 0.4053001699196126, "params": {"C": 83.63515642514902, "epsilon": 0.6129420801553983, "gamma": 0.048837040475575653}, "datetime": {"datetime": "2021-09-24 09:21:51", "elapsed": 490.390877, "delta": 2.689687}}
{"target": 0.4291716769774442, "params": {"C": 81.88479260026057, "epsilon": 0.2914333870747822, "gamma": 0.030398031922339794}, "datetime": {"datetime": "2021-09-24 09:21:55", "elapsed": 495.104972, "delta": 4.714095}}
{"target": 0.37527564705905825, "params": {"C": 54.3796559954821, "epsilon": 0.47872590312932245, "gamma": 0.08939641748930875}, "datetime": {"datetime": "2021-09-24 09:22:00", "elapsed": 499.521658, "delta": 4.416686}}
{"target": 0.3810126274225978, "params": {"C": 41.646740499660886, "epsilon": 0.9630168010199548, "gamma": 0.0922609701440306}, "datetime": {"datetime": "2021-09-24 09:22:02", "elapsed": 501.437787, "delta": 1.916129}}
{"target": 0.4428282100925852, "params": {"C": 99.15783058287857, "epsilon": 0.7029846546493701, "gamma": 0.020184780167013996}, "datetime": {"datetime": "2021-09-24 09:22:03", "elapsed": 503.204217, "delta": 1.76643}}
{"target": 0.431481665453191, "params": {"C": 81.88463988398875, "epsilon": 0.3810612621576971, "gamma": 0.028324426028161747}, "datetime": {"datetime": "2021-09-24 09:22:08", "elapsed": 507.855877, "delta": 4.65166}}
{"target": 0.4141030192890013, "params": {"C": 67.36392955602872, "epsilon": 0.9859446630654154, "gamma": 0.00193986117243001}, "datetime": {"datetime": "2021-09-24 09:22:12", "elapsed": 511.457265, "delta": 3.601388}}
{"target": 0.41958805347576, "params": {"C": 44.254399412371164, "epsilon": 0.4347268700753331, "gamma": 0.006041847253358795}, "datetime": {"datetime": "2021-09-24 09:22:16", "elapsed": 516.274683, "delta": 4.817418}}
{"target": 0.434522573761174, "params": {"C": 99.20650595787926, "epsilon": 0.7174237503550209, "gamma": 0.024015608071606017}, "datetime": {"datetime": "2021-09-24 09:22:20", "elapsed": 519.551541, "delta": 3.276858}}
{"target": 0.37440211537636914, "params": {"C": 52.45274151190131, "epsilon": 0.9345835273064659, "gamma": 0.09289905103693706}, "datetime": {"datetime": "2021-09-24 09:22:22", "elapsed": 521.351432, "delta": 1.799891}}
{"target": 0.3902906634741323, "params": {"C": 81.94258488147143, "epsilon": 0.3614229566782458, "gamma": 0.05864268291918363}, "datetime": {"datetime": "2021-09-24 09:22:26", "elapsed": 525.49945, "delta": 4.148018}}
{"target": 0.35887658913248377, "params": {"C": 85.98490420357297, "epsilon": 0.057587792560093894, "gamma": 0.08124416834149671}, "datetime": {"datetime": "2021-09-24 09:22:28", "elapsed": 527.496653, "delta": 1.997203}}
{"target": 0.42497720230553604, "params": {"C": 83.71805653792394, "epsilon": 0.6918189286143279, "gamma": 0.03602973315553233}, "datetime": {"datetime": "2021-09-24 09:22:33", "elapsed": 533.036229, "delta": 5.539576}}
{"target": 0.438838598996544, "params": {"C": 62.449883901580286, "epsilon": 0.24445659034292724, "gamma": 0.012047373359630627}, "datetime": {"datetime": "2021-09-24 09:22:38", "elapsed": 537.319547, "delta": 4.283318}}
{"target": 0.3865146710811679, "params": {"C": 45.765076241041605, "epsilon": 0.7661345931703087, "gamma": 0.001}, "datetime": {"datetime": "2021-09-24 09:22:42", "elapsed": 541.354794, "delta": 4.035247}}
{"target": 0.35569113393612484, "params": {"C": 83.66777582375393, "epsilon": 0.679788328196261, "gamma": 0.08930627508778008}, "datetime": {"datetime": "2021-09-24 09:22:46", "elapsed": 545.717218, "delta": 4.362424}}
{"target": 0.4321581924479635, "params": {"C": 83.6812385666253, "epsilon": 0.749092327738143, "gamma": 0.005937106261459465}, "datetime": {"datetime": "2021-09-24 09:22:49", "elapsed": 548.987184, "delta": 3.269966}}
{"target": 0.40271759168657595, "params": {"C": 81.93960807869517, "epsilon": 0.2874757696718541, "gamma": 0.001}, "datetime": {"datetime": "2021-09-24 09:22:53", "elapsed": 553.199175, "delta": 4.211991}}
{"target": 0.3975782016748354, "params": {"C": 49.027171441371145, "epsilon": 0.9980560895564471, "gamma": 0.06795167671029984}, "datetime": {"datetime": "2021-09-24 09:22:57", "elapsed": 556.66309, "delta": 3.463915}}
{"target": 0.39298109271316195, "params": {"C": 54.36115164601858, "epsilon": 0.5370649994150617, "gamma": 0.001}, "datetime": {"datetime": "2021-09-24 09:23:00", "elapsed": 560.204965, "delta": 3.541875}}
{"target": 0.4265475603536194, "params": {"C": 60.32407949581737, "epsilon": 0.6163476735553371, "gamma": 0.006229862226734376}, "datetime": {"datetime": "2021-09-24 09:23:04", "elapsed": 564.186446, "delta": 3.981481}}
{"target": 0.4400699902312707, "params": {"C": 55.96074218028904, "epsilon": 0.3605799227709582, "gamma": 0.020810246595781182}, "datetime": {"datetime": "2021-09-24 09:23:06", "elapsed": 566.192093, "delta": 2.005647}}
{"target": 0.4296417330986032, "params": {"C": 57.14255589578889, "epsilon": 0.3199442302427737, "gamma": 0.00686464036726499}, "datetime": {"datetime": "2021-09-24 09:23:10", "elapsed": 570.105418, "delta": 3.913325}}
{"target": 0.4375487784003753, "params": {"C": 55.91065157998525, "epsilon": 0.3490494033495476, "gamma": 0.023290075060853073}, "datetime": {"datetime": "2021-09-24 09:23:13", "elapsed": 573.227965, "delta": 3.122547}}
{"target": 0.34389325499475754, "params": {"C": 50.36011506204111, "epsilon": 0.42537122928271126, "gamma": 0.14808451666644368}, "datetime": {"datetime": "2021-09-24 09:23:16", "elapsed": 575.345211, "delta": 2.117246}}
{"target": 0.3716150335522903, "params": {"C": 8.262838650989949, "epsilon": 0.33164396567352633, "gamma": 0.08127631009741636}, "datetime": {"datetime": "2021-09-24 09:23:17", "elapsed": 577.189383, "delta": 1.844172}}
{"target": 0.40433598013719907, "params": {"C": 83.70421236514126, "epsilon": 0.6402020455409049, "gamma": 0.001}, "datetime": {"datetime": "2021-09-24 09:23:21", "elapsed": 580.800443, "delta": 3.61106}}
{"target": 0.4096720587841648, "params": {"C": 82.01816870633898, "epsilon": 0.20102921559404427, "gamma": 0.001427004114468535}, "datetime": {"datetime": "2021-09-24 09:23:24", "elapsed": 583.803948, "delta": 3.003505}}
{"target": 0.4391640397847605, "params": {"C": 62.430431509146985, "epsilon": 0.3358163491148906, "gamma": 0.012293725936575545}, "datetime": {"datetime": "2021-09-24 09:23:27", "elapsed": 586.945421, "delta": 3.141473}}
{"target": 0.43039173426622346, "params": {"C": 95.69079588624214, "epsilon": 0.521675919942493, "gamma": 0.028010996671222213}, "datetime": {"datetime": "2021-09-24 09:23:29", "elapsed": 588.897164, "delta": 1.951743}}
{"target": 0.4189561024477556, "params": {"C": 62.47350651747486, "epsilon": 0.28502231067702716, "gamma": 0.004803061872273793}, "datetime": {"datetime": "2021-09-24 09:23:34", "elapsed": 593.925568, "delta": 5.028404}}
{"target": 0.42309339180379635, "params": {"C": 55.958469031497124, "epsilon": 0.27613656345927556, "gamma": 0.03959809641672203}, "datetime": {"datetime": "2021-09-24 09:23:38", "elapsed": 597.418712, "delta": 3.493144}}
{"target": 0.4349484369972304, "params": {"C": 41.03193521353383, "epsilon": 0.39411444764812004, "gamma": 0.010283727345669215}, "datetime": {"datetime": "2021-09-24 09:23:40", "elapsed": 599.447742, "delta": 2.02903}}
{"target": 0.39102343015096197, "params": {"C": 55.91124275081294, "epsilon": 0.2994494582097641, "gamma": 0.07080024759744283}, "datetime": {"datetime": "2021-09-24 09:23:43", "elapsed": 603.01717, "delta": 3.569428}}
{"target": 0.4200637062341157, "params": {"C": 82.02853242363784, "epsilon": 0.36587586095300995, "gamma": 0.002422456825624534}, "datetime": {"datetime": "2021-09-24 09:23:45", "elapsed": 604.923276, "delta": 1.906106}}
{"target": 0.3647069766077219, "params": {"C": 16.59124447105032, "epsilon": 0.1526749141497512, "gamma": 0.1288055135473304}, "datetime": {"datetime": "2021-09-24 09:23:47", "elapsed": 606.593028, "delta": 1.669752}}
{"target": 0.4435124712123577, "params": {"C": 82.03799935225723, "epsilon": 0.34772061896985496, "gamma": 0.020337676526606566}, "datetime": {"datetime": "2021-09-24 09:23:50", "elapsed": 609.512127, "delta": 2.919099}}
{"target": 0.41058514748847896, "params": {"C": 90.72449919090617, "epsilon": 0.3272972139297122, "gamma": 0.04295866531916895}, "datetime": {"datetime": "2021-09-24 09:23:51", "elapsed": 611.237488, "delta": 1.725361}}
{"target": 0.4152806170806489, "params": {"C": 65.30574264662164, "epsilon": 0.8277963720487326, "gamma": 0.0021438912894344367}, "datetime": {"datetime": "2021-09-24 09:23:55", "elapsed": 614.353976, "delta": 3.116488}}
{"target": 0.379976998560828, "params": {"C": 32.698418561407536, "epsilon": 0.21084890465452777, "gamma": 0.1056116321441295}, "datetime": {"datetime": "2021-09-24 09:23:56", "elapsed": 615.99956, "delta": 1.645584}}
{"target": 0.4435995685489469, "params": {"C": 93.43454901557173, "epsilon": 0.4482462648826651, "gamma": 0.011672833394558952}, "datetime": {"datetime": "2021-09-24 09:23:58", "elapsed": 617.856646, "delta": 1.857086}}
{"target": 0.4095385181774205, "params": {"C": 82.04399730360642, "epsilon": 0.2683143148527865, "gamma": 0.0013294675002026757}, "datetime": {"datetime": "2021-09-24 09:24:02", "elapsed": 621.792434, "delta": 3.935788}}
{"target": 0.42356146452275956, "params": {"C": 57.08083555227915, "epsilon": 0.19281071030630925, "gamma": 0.039007883162410495}, "datetime": {"datetime": "2021-09-24 09:24:08", "elapsed": 627.353866, "delta": 5.561432}}
{"target": 0.4428334942425223, "params": {"C": 62.4070605027991, "epsilon": 0.28411162458273626, "gamma": 0.01943854722493876}, "datetime": {"datetime": "2021-09-24 09:24:12", "elapsed": 631.747512, "delta": 4.393646}}
{"target": 0.41549080331990873, "params": {"C": 93.45375427566603, "epsilon": 0.4219264044209167, "gamma": 0.039541754158616535}, "datetime": {"datetime": "2021-09-24 09:24:16", "elapsed": 635.601716, "delta": 3.854204}}
{"target": 0.42037872512414076, "params": {"C": 80.47454471501231, "epsilon": 0.3343277553853443, "gamma": 0.03994618260318087}, "datetime": {"datetime": "2021-09-24 09:24:20", "elapsed": 639.897476, "delta": 4.29576}}
{"target": 0.42869328240350535, "params": {"C": 32.8829922660976, "epsilon": 0.5430234830508308, "gamma": 0.023476699813955868}, "datetime": {"datetime": "2021-09-24 09:24:22", "elapsed": 642.018959, "delta": 2.121483}}
{"target": 0.41985654303148345, "params": {"C": 65.25382997819135, "epsilon": 0.8196339003703129, "gamma": 0.004432187577823644}, "datetime": {"datetime": "2021-09-24 09:24:26", "elapsed": 645.988998, "delta": 3.970039}}
{"target": 0.4081399506379546, "params": {"C": 11.958695600871279, "epsilon": 0.4017722592839914, "gamma": 0.007953064189913851}, "datetime": {"datetime": "2021-09-24 09:24:28", "elapsed": 648.055893, "delta": 2.066895}}
{"target": 0.42080583906110214, "params": {"C": 67.43146208114575, "epsilon": 0.761973266086001, "gamma": 0.003514574736485604}, "datetime": {"datetime": "2021-09-24 09:24:32", "elapsed": 651.90529, "delta": 3.849397}}
{"target": 0.3967691670823251, "params": {"C": 12.756384104188447, "epsilon": 0.920622976876019, "gamma": 0.07793988618875755}, "datetime": {"datetime": "2021-09-24 09:24:34", "elapsed": 653.857133, "delta": 1.951843}}
{"target": 0.44026744463693523, "params": {"C": 81.9104285106772, "epsilon": 0.355515693541112, "gamma": 0.009671758521109911}, "datetime": {"datetime": "2021-09-24 09:24:39", "elapsed": 659.024324, "delta": 5.167191}}
{"target": 0.4429469371869488, "params": {"C": 89.73632674178504, "epsilon": 0.7145003162539798, "gamma": 0.020438282111292155}, "datetime": {"datetime": "2021-09-24 09:24:42", "elapsed": 661.35023, "delta": 2.325906}}
{"target": 0.4481550516317837, "params": {"C": 95.71038350331709, "epsilon": 0.5723141933435526, "gamma": 0.016273334200550462}, "datetime": {"datetime": "2021-09-24 09:24:48", "elapsed": 667.836957, "delta": 6.486727}}
{"target": 0.43720324888974904, "params": {"C": 47.07368759431492, "epsilon": 0.26662249221989154, "gamma": 0.015027007176394606}, "datetime": {"datetime": "2021-09-24 09:24:51", "elapsed": 671.072321, "delta": 3.235364}}
{"target": 0.4189662862889091, "params": {"C": 25.17708432870553, "epsilon": 0.2798890594406311, "gamma": 0.008220634206470404}, "datetime": {"datetime": "2021-09-24 09:24:53", "elapsed": 673.258104, "delta": 2.185783}}
{"target": 0.4194464877447889, "params": {"C": 81.9553913796296, "epsilon": 0.21667992293154234, "gamma": 0.04016828495543636}, "datetime": {"datetime": "2021-09-24 09:24:57", "elapsed": 676.317518, "delta": 3.059414}}
{"target": 0.41447507780447235, "params": {"C": 81.91863285588646, "epsilon": 0.15011536881942622, "gamma": 0.04328128933300895}, "datetime": {"datetime": "2021-09-24 09:25:01", "elapsed": 680.672007, "delta": 4.354489}}
{"target": 0.425824713227261, "params": {"C": 81.85395474034863, "epsilon": 0.34334813501290334, "gamma": 0.03502261076780204}, "datetime": {"datetime": "2021-09-24 09:25:07", "elapsed": 686.473513, "delta": 5.801506}}
{"target": 0.4044433766907394, "params": {"C": 83.62986685279378, "epsilon": 0.6823084939843197, "gamma": 0.001}, "datetime": {"datetime": "2021-09-24 09:25:11", "elapsed": 690.471946, "delta": 3.998433}}
{"target": 0.4368389702717378, "params": {"C": 60.346770397812435, "epsilon": 0.6629749536076731, "gamma": 0.024141862894193167}, "datetime": {"datetime": "2021-09-24 09:25:13", "elapsed": 692.673772, "delta": 2.201826}}
{"target": 0.2345279777804088, "params": {"C": 1.8256704502563017, "epsilon": 0.43994804291666223, "gamma": 0.07493829169118264}, "datetime": {"datetime": "2021-09-24 09:25:15", "elapsed": 695.000347, "delta": 2.326575}}
{"target": 0.37040377784813505, "params": {"C": 89.75385094595381, "epsilon": 0.6804733663001135, "gamma": 0.06827077255698642}, "datetime": {"datetime": "2021-09-24 09:25:19", "elapsed": 699.162594, "delta": 4.162247}}
{"target": 0.3879025833975912, "params": {"C": 29.11409581399678, "epsilon": 0.41790117145321787, "gamma": 0.09672174278332737}, "datetime": {"datetime": "2021-09-24 09:25:22", "elapsed": 701.784801, "delta": 2.622207}}
{"target": 0.420715986048266, "params": {"C": 95.73528885601498, "epsilon": 0.5270234668763407, "gamma": 0.0019569306446534608}, "datetime": {"datetime": "2021-09-24 09:25:26", "elapsed": 705.728608, "delta": 3.943807}}
{"target": 0.3443757886466694, "params": {"C": 9.87803190428353, "epsilon": 0.5733923319035039, "gamma": 0.11288224380314167}, "datetime": {"datetime": "2021-09-24 09:25:28", "elapsed": 707.721371, "delta": 1.992763}}
{"target": 0.35489930182199403, "params": {"C": 85.65905059472134, "epsilon": 0.3072322321718916, "gamma": 0.08743455088124027}, "datetime": {"datetime": "2021-09-24 09:25:30", "elapsed": 709.798796, "delta": 2.077425}}
{"target": 0.4083515490275782, "params": {"C": 99.18855013084243, "epsilon": 0.6763852885455661, "gamma": 0.042032347772416025}, "datetime": {"datetime": "2021-09-24 09:25:34", "elapsed": 713.436675, "delta": 3.637879}}
