{"target": -37.12237746730073, "params": {"C": 892.0055695533132, "epsilon": 2.266942701189539, "gamma": 0.004701889700338231}, "datetime": {"datetime": "2021-09-28 15:51:29", "elapsed": 49.945398, "delta": 0.698984}}
{"target": -38.32950660349926, "params": {"C": 789.925006610786, "epsilon": 2.739442044743922, "gamma": 0.009486384078911694}, "datetime": {"datetime": "2021-09-28 15:51:29", "elapsed": 50.4784, "delta": 0.533002}}
{"target": -37.32275169796938, "params": {"C": 722.6948203603597, "epsilon": 2.422551706029646, "gamma": 0.005857291290390845}, "datetime": {"datetime": "2021-09-28 15:51:30", "elapsed": 51.065059, "delta": 0.586659}}
{"target": -38.47906349202571, "params": {"C": 898.8550196225946, "epsilon": 2.5791446210015185, "gamma": 0.00908159249805266}, "datetime": {"datetime": "2021-09-28 15:51:31", "elapsed": 51.659061, "delta": 0.594002}}
{"target": -37.144032973187905, "params": {"C": 845.2395727329683, "epsilon": 1.697263817229491, "gamma": 0.004822721023391653}, "datetime": {"datetime": "2021-09-28 15:51:31", "elapsed": 52.310348, "delta": 0.651287}}
{"target": -36.77218986373607, "params": {"C": 784.9068072584122, "epsilon": 0.873279627844197, "gamma": 0.003553211084471992}, "datetime": {"datetime": "2021-09-28 15:51:32", "elapsed": 52.836359, "delta": 0.526011}}
{"target": -36.844228218511525, "params": {"C": 751.1580858409524, "epsilon": 0.5770523312008882, "gamma": 0.004269393828869906}, "datetime": {"datetime": "2021-09-28 15:51:32", "elapsed": 53.366344, "delta": 0.529985}}
{"target": -36.87048416221362, "params": {"C": 785.5453733621591, "epsilon": 0.295732523537132, "gamma": 0.004291363684166774}, "datetime": {"datetime": "2021-09-28 15:51:33", "elapsed": 54.004, "delta": 0.637656}}
{"target": -38.46653738659081, "params": {"C": 861.6822709299724, "epsilon": 0.6037647018706548, "gamma": 0.00993552721959566}, "datetime": {"datetime": "2021-09-28 15:51:33", "elapsed": 54.607001, "delta": 0.603001}}
{"target": -37.60240852695941, "params": {"C": 808.8464138413748, "epsilon": 0.9393441892541812, "gamma": 0.0059852732627321695}, "datetime": {"datetime": "2021-09-28 15:51:34", "elapsed": 55.109001, "delta": 0.502}}
{"target": -36.677848109758834, "params": {"C": 879.4339695620134, "epsilon": 2.2705570526771166, "gamma": 0.0036143764264444838}, "datetime": {"datetime": "2021-09-28 15:51:35", "elapsed": 55.740081, "delta": 0.63108}}
{"target": -36.82386085353366, "params": {"C": 781.3418841305953, "epsilon": 2.0673866734864936, "gamma": 0.004305098552543857}, "datetime": {"datetime": "2021-09-28 15:51:35", "elapsed": 56.275996, "delta": 0.535915}}
{"target": -37.26699725901875, "params": {"C": 725.1525455524026, "epsilon": 0.7552370665060907, "gamma": 0.0015567474776875274}, "datetime": {"datetime": "2021-09-28 15:51:36", "elapsed": 56.840995, "delta": 0.564999}}
{"target": -37.68197954163249, "params": {"C": 860.1311356138676, "epsilon": 0.8439923379698558, "gamma": 0.006033926454691574}, "datetime": {"datetime": "2021-09-28 15:51:36", "elapsed": 57.387991, "delta": 0.546996}}
{"target": -38.288629704766834, "params": {"C": 805.6303340934304, "epsilon": 2.318911254515813, "gamma": 0.009047088543253671}, "datetime": {"datetime": "2021-09-28 15:51:37", "elapsed": 58.140184, "delta": 0.752193}}
{"target": -37.6834180451655, "params": {"C": 815.3003940792557, "epsilon": 0.08920265755728848, "gamma": 0.006325581967891366}, "datetime": {"datetime": "2021-09-28 15:51:38", "elapsed": 58.872183, "delta": 0.731999}}
{"target": -38.143342941751136, "params": {"C": 766.0102840762061, "epsilon": 0.45787820304449306, "gamma": 0.009763205483825036}, "datetime": {"datetime": "2021-09-28 15:51:38", "elapsed": 59.452186, "delta": 0.580003}}
{"target": -37.47164245375213, "params": {"C": 805.928332842832, "epsilon": 2.387925158769991, "gamma": 0.00645070546814658}, "datetime": {"datetime": "2021-09-28 15:51:39", "elapsed": 60.051402, "delta": 0.599216}}
{"target": -37.72625914879421, "params": {"C": 839.9626704281861, "epsilon": 0.38915640615955327, "gamma": 0.006947066798445733}, "datetime": {"datetime": "2021-09-28 15:51:40", "elapsed": 60.720759, "delta": 0.669357}}
{"target": -37.08752840869979, "params": {"C": 794.037599066575, "epsilon": 1.6031793311101705, "gamma": 0.0027894602451232478}, "datetime": {"datetime": "2021-09-28 15:51:40", "elapsed": 61.363756, "delta": 0.642997}}
{"target": -37.427915585394054, "params": {"C": 793.0682499651974, "epsilon": 0.31248599598962873, "gamma": 0.0014694022391253463}, "datetime": {"datetime": "2021-09-28 15:51:41", "elapsed": 61.990245, "delta": 0.626489}}
{"target": -37.39095268458389, "params": {"C": 834.1413564791553, "epsilon": 2.373011961022439, "gamma": 0.0019545886303829266}, "datetime": {"datetime": "2021-09-28 15:51:41", "elapsed": 62.509246, "delta": 0.519001}}
{"target": -37.09527336187783, "params": {"C": 701.6044512858874, "epsilon": 0.4795359313879894, "gamma": 0.0025655604289556407}, "datetime": {"datetime": "2021-09-28 15:51:42", "elapsed": 63.245245, "delta": 0.735999}}
{"target": -36.77569093498417, "params": {"C": 776.532949708066, "epsilon": 1.1796233590586136, "gamma": 0.003727580872472323}, "datetime": {"datetime": "2021-09-28 15:51:43", "elapsed": 64.004844, "delta": 0.759599}}
{"target": -37.55769111818748, "params": {"C": 757.9741945431392, "epsilon": 1.241725817157578, "gamma": 0.006348319635396795}, "datetime": {"datetime": "2021-09-28 15:51:44", "elapsed": 64.721844, "delta": 0.717}}
{"target": -35.57372944734755, "params": {"C": 742.2938267241482, "epsilon": 0.7894020186470891, "gamma": 0.0003021354571941736}, "datetime": {"datetime": "2021-09-28 15:51:44", "elapsed": 65.265849, "delta": 0.544005}}
{"target": -37.390855979599046, "params": {"C": 758.3129732018393, "epsilon": 2.357367934598435, "gamma": 0.005954114025916192}, "datetime": {"datetime": "2021-09-28 15:51:45", "elapsed": 65.866129, "delta": 0.60028}}
{"target": -37.730073231530085, "params": {"C": 843.7471878619028, "epsilon": 1.0999431681533998, "gamma": 0.007107163487152467}, "datetime": {"datetime": "2021-09-28 15:51:45", "elapsed": 66.457129, "delta": 0.591}}
{"target": -37.928927288597095, "params": {"C": 751.1059945871577, "epsilon": 0.33946818898943365, "gamma": 0.009163429819701176}, "datetime": {"datetime": "2021-09-28 15:51:46", "elapsed": 67.021129, "delta": 0.564}}
{"target": -37.32262942941886, "params": {"C": 872.1558700569326, "epsilon": 1.3392501031350585, "gamma": 0.004940881099995961}, "datetime": {"datetime": "2021-09-28 15:51:46", "elapsed": 67.573125, "delta": 0.551996}}
{"target": -37.94090283414736, "params": {"C": 765.6446638551345, "epsilon": 0.0448407603010918, "gamma": 0.009226977576062879}, "datetime": {"datetime": "2021-09-28 15:51:47", "elapsed": 68.146531, "delta": 0.573406}}
{"target": -36.68671385552967, "params": {"C": 709.8834435378243, "epsilon": 1.781013491129903, "gamma": 0.003638569229972927}, "datetime": {"datetime": "2021-09-28 15:51:48", "elapsed": 68.788524, "delta": 0.641993}}
{"target": -37.58809327105484, "params": {"C": 843.679635609672, "epsilon": 1.1352045489277627, "gamma": 0.005706372548070215}, "datetime": {"datetime": "2021-09-28 15:51:48", "elapsed": 69.486525, "delta": 0.698001}}
{"target": -37.32867264986275, "params": {"C": 784.5787098870196, "epsilon": 1.2344704012276453, "gamma": 0.0020329135425421734}, "datetime": {"datetime": "2021-09-28 15:51:49", "elapsed": 70.20101, "delta": 0.714485}}
{"target": -38.38838991747542, "params": {"C": 883.9334895184119, "epsilon": 1.8988832510737372, "gamma": 0.008889498477187759}, "datetime": {"datetime": "2021-09-28 15:51:50", "elapsed": 70.953623, "delta": 0.752613}}
{"target": -37.45425194047633, "params": {"C": 700.602608571214, "epsilon": 2.471728033028607, "gamma": 0.007149069710673155}, "datetime": {"datetime": "2021-09-28 15:51:51", "elapsed": 71.650626, "delta": 0.697003}}
{"target": -38.50267276627901, "params": {"C": 847.6886084296027, "epsilon": 2.4386127248912883, "gamma": 0.009602273331549742}, "datetime": {"datetime": "2021-09-28 15:51:51", "elapsed": 72.400508, "delta": 0.749882}}
{"target": -35.76783582100618, "params": {"C": 733.6456246590536, "epsilon": 0.14397347376263414, "gamma": 0.00021210022975931038}, "datetime": {"datetime": "2021-09-28 15:51:52", "elapsed": 73.058512, "delta": 0.658004}}
{"target": -36.63987412289785, "params": {"C": 725.3565114970575, "epsilon": 2.4688223999421, "gamma": 0.004044153850602841}, "datetime": {"datetime": "2021-09-28 15:51:53", "elapsed": 73.761507, "delta": 0.702995}}
{"target": -37.08459331133915, "params": {"C": 714.053244017694, "epsilon": 1.0484013394267202, "gamma": 0.005210756200717705}, "datetime": {"datetime": "2021-09-28 15:51:53", "elapsed": 74.384254, "delta": 0.622747}}
{"target": -36.78828919358522, "params": {"C": 862.2415187648988, "epsilon": 1.0724134661469054, "gamma": 0.0031166402937918562}, "datetime": {"datetime": "2021-09-28 15:51:54", "elapsed": 75.203786, "delta": 0.819532}}
{"target": -36.76045967776605, "params": {"C": 706.5950613559976, "epsilon": 1.237502733353879, "gamma": 0.0037032584848031517}, "datetime": {"datetime": "2021-09-28 15:51:55", "elapsed": 75.793439, "delta": 0.589653}}
{"target": -37.19700930769761, "params": {"C": 838.5797041782371, "epsilon": 1.069864502098374, "gamma": 0.0048505645258646425}, "datetime": {"datetime": "2021-09-28 15:51:55", "elapsed": 76.462603, "delta": 0.669164}}
{"target": -36.841199489212265, "params": {"C": 743.0674609081485, "epsilon": 1.085754387359571, "gamma": 0.004472934119908866}, "datetime": {"datetime": "2021-09-28 15:51:56", "elapsed": 77.099598, "delta": 0.636995}}
{"target": -36.22003536226694, "params": {"C": 807.3183875922632, "epsilon": 1.1699383345733505, "gamma": 0.0005298008704024934}, "datetime": {"datetime": "2021-09-28 15:51:57", "elapsed": 77.742595, "delta": 0.642997}}
{"target": -36.97345132242729, "params": {"C": 795.2515515749527, "epsilon": 0.40912728973189044, "gamma": 0.004610763446809011}, "datetime": {"datetime": "2021-09-28 15:51:57", "elapsed": 78.528381, "delta": 0.785786}}
{"target": -37.1222041572827, "params": {"C": 733.6626478622181, "epsilon": 0.15218106290899208, "gamma": 0.005209135293886825}, "datetime": {"datetime": "2021-09-28 15:51:58", "elapsed": 79.530377, "delta": 1.001996}}
{"target": -37.45939627860266, "params": {"C": 823.9964136405149, "epsilon": 0.8207405295317993, "gamma": 0.0017985954906724595}, "datetime": {"datetime": "2021-09-28 15:51:59", "elapsed": 80.286365, "delta": 0.755988}}
{"target": -36.85479442006761, "params": {"C": 857.561839934062, "epsilon": 0.8831823486520182, "gamma": 0.003819447897848521}, "datetime": {"datetime": "2021-09-28 15:52:00", "elapsed": 81.063956, "delta": 0.777591}}
{"target": -38.11033344535355, "params": {"C": 899.7821147388037, "epsilon": 0.09847440089980024, "gamma": 0.008798445651641678}, "datetime": {"datetime": "2021-09-28 15:52:01", "elapsed": 81.839957, "delta": 0.776001}}
{"target": -37.22543562589031, "params": {"C": 715.4806057587181, "epsilon": 0.7847011108101543, "gamma": 0.0023196594043761115}, "datetime": {"datetime": "2021-09-28 15:52:02", "elapsed": 82.658461, "delta": 0.818504}}
{"target": -36.97081087049583, "params": {"C": 786.8101987557842, "epsilon": 0.5727764292888134, "gamma": 0.002797952207489226}, "datetime": {"datetime": "2021-09-28 15:52:02", "elapsed": 83.326464, "delta": 0.668003}}
{"target": -38.3258924612778, "params": {"C": 857.8518410555619, "epsilon": 1.1036609589790602, "gamma": 0.009364232116911264}, "datetime": {"datetime": "2021-09-28 15:52:03", "elapsed": 84.149066, "delta": 0.822602}}
{"target": -37.25943848210774, "params": {"C": 707.5801115474387, "epsilon": 1.8193224597685147, "gamma": 0.0010799559895775053}, "datetime": {"datetime": "2021-09-28 15:52:04", "elapsed": 84.816047, "delta": 0.666981}}
{"target": -38.49058203085258, "params": {"C": 892.597326914959, "epsilon": 1.6184196464110958, "gamma": 0.009424696041729755}, "datetime": {"datetime": "2021-09-28 15:52:05", "elapsed": 85.627674, "delta": 0.811627}}
{"target": -37.244573446288484, "params": {"C": 718.1519033730541, "epsilon": 1.8449163489971179, "gamma": 0.002004092834279384}, "datetime": {"datetime": "2021-09-28 15:52:05", "elapsed": 86.239017, "delta": 0.611343}}
{"target": -36.81940524698725, "params": {"C": 740.9179623785453, "epsilon": 1.865364053962344, "gamma": 0.004347051049687686}, "datetime": {"datetime": "2021-09-28 15:52:06", "elapsed": 87.265013, "delta": 1.025996}}
{"target": -37.24037411090501, "params": {"C": 799.6963665828291, "epsilon": 1.2516564301177766, "gamma": 0.0015492003568334284}, "datetime": {"datetime": "2021-09-28 15:52:07", "elapsed": 87.980017, "delta": 0.715004}}
{"target": -37.18125529068798, "params": {"C": 829.4111133546866, "epsilon": 1.6261640112895404, "gamma": 0.004926409898990404}, "datetime": {"datetime": "2021-09-28 15:52:08", "elapsed": 88.798806, "delta": 0.818789}}
{"target": -38.18468605815886, "params": {"C": 771.0713158449975, "epsilon": 2.994567030419806, "gamma": 0.009215672214328605}, "datetime": {"datetime": "2021-09-28 15:52:08", "elapsed": 89.522806, "delta": 0.724}}
{"target": -37.56398144636418, "params": {"C": 766.1904706482846, "epsilon": 1.8178443908893762, "gamma": 0.006864579275097978}, "datetime": {"datetime": "2021-09-28 15:52:09", "elapsed": 90.261761, "delta": 0.738955}}
{"target": -37.61995122582928, "params": {"C": 854.0054129821631, "epsilon": 0.8088376484262267, "gamma": 0.0057543154986016256}, "datetime": {"datetime": "2021-09-28 15:52:10", "elapsed": 91.070569, "delta": 0.808808}}
{"target": -37.41235602151329, "params": {"C": 889.1096050452109, "epsilon": 1.9026957021393274, "gamma": 0.001958601358200676}, "datetime": {"datetime": "2021-09-28 15:52:11", "elapsed": 91.838562, "delta": 0.767993}}
{"target": -38.17240000423831, "params": {"C": 756.4934061407728, "epsilon": 1.2358507672705388, "gamma": 0.009458388764973766}, "datetime": {"datetime": "2021-09-28 15:52:11", "elapsed": 92.529179, "delta": 0.690617}}
{"target": -37.56051035357292, "params": {"C": 784.7315754807571, "epsilon": 2.5084686556355744, "gamma": 0.007047842171829428}, "datetime": {"datetime": "2021-09-28 15:52:12", "elapsed": 93.284183, "delta": 0.755004}}
{"target": -37.640001772670125, "params": {"C": 799.0439067241286, "epsilon": 0.8976812111791489, "gamma": 0.00641746929019922}, "datetime": {"datetime": "2021-09-28 15:52:13", "elapsed": 94.094038, "delta": 0.809855}}
{"target": -35.94022325069695, "params": {"C": 877.9249256071234, "epsilon": 1.4415323664752138, "gamma": 0.00044121730396646917}, "datetime": {"datetime": "2021-09-28 15:52:14", "elapsed": 94.827038, "delta": 0.733}}
{"target": -37.655167899368465, "params": {"C": 737.7883938084888, "epsilon": 0.7919386102059152, "gamma": 0.00756035456392986}, "datetime": {"datetime": "2021-09-28 15:52:15", "elapsed": 95.79163, "delta": 0.964592}}
{"target": -36.67666629579431, "params": {"C": 748.7625568497488, "epsilon": 0.11297764610385587, "gamma": 0.0007307666291599963}, "datetime": {"datetime": "2021-09-28 15:52:15", "elapsed": 96.594107, "delta": 0.802477}}
{"target": -37.251921827384805, "params": {"C": 790.3856274724935, "epsilon": 2.4636631457309446, "gamma": 0.001272921191454995}, "datetime": {"datetime": "2021-09-28 15:52:16", "elapsed": 97.346105, "delta": 0.751998}}
{"target": -38.35302125664095, "params": {"C": 767.9660707144485, "epsilon": 2.220564170796571, "gamma": 0.009572953355390436}, "datetime": {"datetime": "2021-09-28 15:52:17", "elapsed": 98.167048, "delta": 0.820943}}
{"target": -37.300628436720984, "params": {"C": 720.3876623544699, "epsilon": 0.14595880014570758, "gamma": 0.005685583734232041}, "datetime": {"datetime": "2021-09-28 15:52:18", "elapsed": 99.17305, "delta": 1.006002}}
{"target": -38.43359210385825, "params": {"C": 840.7420972086817, "epsilon": 2.2499042654256596, "gamma": 0.009226950051696093}, "datetime": {"datetime": "2021-09-28 15:52:19", "elapsed": 99.933057, "delta": 0.760007}}
{"target": -36.68374628469685, "params": {"C": 877.8364412314104, "epsilon": 1.8717760739758502, "gamma": 0.0033301751800328674}, "datetime": {"datetime": "2021-09-28 15:52:20", "elapsed": 100.696665, "delta": 0.763608}}
{"target": -36.85461466701501, "params": {"C": 859.1915755170593, "epsilon": 0.9856244684566998, "gamma": 0.003879030875808862}, "datetime": {"datetime": "2021-09-28 15:52:20", "elapsed": 101.379666, "delta": 0.683001}}
{"target": -37.9430107515213, "params": {"C": 843.641721658435, "epsilon": 0.4679704344763232, "gamma": 0.008399601721824744}, "datetime": {"datetime": "2021-09-28 15:52:21", "elapsed": 102.395632, "delta": 1.015966}}
{"target": -37.274078549676545, "params": {"C": 724.7713925709244, "epsilon": 1.206588984632852, "gamma": 0.0054988037907755406}, "datetime": {"datetime": "2021-09-28 15:52:22", "elapsed": 103.524637, "delta": 1.129005}}
{"target": -36.687035198490044, "params": {"C": 788.7005747959669, "epsilon": 2.228219779093752, "gamma": 0.0033569064393504863}, "datetime": {"datetime": "2021-09-28 15:52:23", "elapsed": 104.296595, "delta": 0.771958}}
{"target": -37.48726422969098, "params": {"C": 776.3108974500653, "epsilon": 1.6917397918077908, "gamma": 0.0058530521393395955}, "datetime": {"datetime": "2021-09-28 15:52:24", "elapsed": 105.344686, "delta": 1.048091}}
{"target": -37.3622094527458, "params": {"C": 737.2043990541066, "epsilon": 2.7927781068591013, "gamma": 0.002550598936931649}, "datetime": {"datetime": "2021-09-28 15:52:25", "elapsed": 106.07429, "delta": 0.729604}}
{"target": -36.77604763960334, "params": {"C": 712.7911823187873, "epsilon": 2.295557306527713, "gamma": 0.004491566079179118}, "datetime": {"datetime": "2021-09-28 15:52:26", "elapsed": 106.969715, "delta": 0.895425}}
{"target": -38.19906026946745, "params": {"C": 815.5026824997061, "epsilon": 1.1607428991099067, "gamma": 0.009108784756909101}, "datetime": {"datetime": "2021-09-28 15:52:27", "elapsed": 108.088715, "delta": 1.119}}
{"target": -36.82682021069278, "params": {"C": 882.5672709338288, "epsilon": 0.588262739695043, "gamma": 0.0035886788644905404}, "datetime": {"datetime": "2021-09-28 15:52:28", "elapsed": 109.163724, "delta": 1.075009}}
{"target": -37.236338795484535, "params": {"C": 740.7348549059637, "epsilon": 2.340088451107506, "gamma": 0.001760795990850952}, "datetime": {"datetime": "2021-09-28 15:52:29", "elapsed": 110.098728, "delta": 0.935004}}
{"target": -37.49791282179718, "params": {"C": 811.1325572003353, "epsilon": 1.3111334083098647, "gamma": 0.0055793134932072925}, "datetime": {"datetime": "2021-09-28 15:52:30", "elapsed": 111.065138, "delta": 0.96641}}
{"target": -38.05263985442275, "params": {"C": 771.4398437828081, "epsilon": 0.8215906940084847, "gamma": 0.00913010460097555}, "datetime": {"datetime": "2021-09-28 15:52:31", "elapsed": 112.074138, "delta": 1.009}}
{"target": -36.78874488625434, "params": {"C": 781.998224751685, "epsilon": 0.5131416937469101, "gamma": 0.003627958007692761}, "datetime": {"datetime": "2021-09-28 15:52:32", "elapsed": 113.401407, "delta": 1.327269}}
{"target": -37.29782026926622, "params": {"C": 807.7264280360607, "epsilon": 0.08881829162546125, "gamma": 0.0023806921936446457}, "datetime": {"datetime": "2021-09-28 15:52:33", "elapsed": 114.317966, "delta": 0.916559}}
{"target": -37.90116251131308, "params": {"C": 798.3511032279451, "epsilon": 0.9705172909880242, "gamma": 0.008472339233627547}, "datetime": {"datetime": "2021-09-28 15:52:34", "elapsed": 115.280966, "delta": 0.963}}
{"target": -36.96623443970311, "params": {"C": 871.5569021392505, "epsilon": 1.6191495924279238, "gamma": 0.004339229518042519}, "datetime": {"datetime": "2021-09-28 15:52:36", "elapsed": 116.621142, "delta": 1.340176}}
{"target": -37.13676121338841, "params": {"C": 899.6954485306004, "epsilon": 2.3996167873588052, "gamma": 0.0008384923756124037}, "datetime": {"datetime": "2021-09-28 15:52:37", "elapsed": 117.782139, "delta": 1.160997}}
{"target": -37.29604778371466, "params": {"C": 819.63079386449, "epsilon": 1.5538531014021708, "gamma": 0.005126644540495422}, "datetime": {"datetime": "2021-09-28 15:52:38", "elapsed": 118.834337, "delta": 1.052198}}
{"target": -36.91654941599498, "params": {"C": 762.5005191257476, "epsilon": 0.18372059027707655, "gamma": 0.0028880228532130433}, "datetime": {"datetime": "2021-09-28 15:52:39", "elapsed": 119.945337, "delta": 1.111}}
{"target": -37.68653187414342, "params": {"C": 818.953930215601, "epsilon": 2.567432506600664, "gamma": 0.007443434595050468}, "datetime": {"datetime": "2021-09-28 15:52:40", "elapsed": 120.915366, "delta": 0.970029}}
{"target": -37.600112094789715, "params": {"C": 795.2677149838089, "epsilon": 1.6807353545016783, "gamma": 0.006766922401608359}, "datetime": {"datetime": "2021-09-28 15:52:41", "elapsed": 121.850364, "delta": 0.934998}}
{"target": -37.33542672561028, "params": {"C": 751.6800677557757, "epsilon": 0.6921043335757642, "gamma": 0.0055343052823410704}, "datetime": {"datetime": "2021-09-28 15:52:42", "elapsed": 122.665329, "delta": 0.814965}}
{"target": -38.11851483473262, "params": {"C": 838.9728451359514, "epsilon": 0.8095309182585992, "gamma": 0.00884638161726436}, "datetime": {"datetime": "2021-09-28 15:52:43", "elapsed": 123.879332, "delta": 1.214003}}
{"target": -36.858208121849316, "params": {"C": 775.0716477803355, "epsilon": 0.5447266201555597, "gamma": 0.004341022956514539}, "datetime": {"datetime": "2021-09-28 15:52:44", "elapsed": 124.839053, "delta": 0.959721}}
{"target": -38.06047546287165, "params": {"C": 758.2083202770393, "epsilon": 0.902727193455901, "gamma": 0.009207554416624929}, "datetime": {"datetime": "2021-09-28 15:52:45", "elapsed": 125.947052, "delta": 1.107999}}
{"target": -36.99798397397569, "params": {"C": 857.839246603611, "epsilon": 0.5077633107303607, "gamma": 0.002749046546250041}, "datetime": {"datetime": "2021-09-28 15:52:46", "elapsed": 127.114555, "delta": 1.167503}}
