{"target": 0.3337840337539202, "params": {"C": 178.2641109107303, "epsilon": 0.1232878940176236, "gamma": 0.055417630037210425}, "datetime": {"datetime": "2021-09-24 09:32:36", "elapsed": 220.212444, "delta": 1.806346}}
{"target": 0.41917464576861907, "params": {"C": 178.42797127226203, "epsilon": 0.12166001701371998, "gamma": 0.0025017663711560346}, "datetime": {"datetime": "2021-09-24 09:32:37", "elapsed": 221.545311, "delta": 1.332867}}
{"target": 0.3519247116168186, "params": {"C": 118.02869892389684, "epsilon": 0.7482296022006575, "gamma": 0.06913535152556056}, "datetime": {"datetime": "2021-09-24 09:32:38", "elapsed": 222.539582, "delta": 0.994271}}
{"target": 0.3615212530981565, "params": {"C": 133.22694686686395, "epsilon": 0.8093320824666276, "gamma": 0.05515688004817788}, "datetime": {"datetime": "2021-09-24 09:32:39", "elapsed": 223.46556, "delta": 0.925978}}
{"target": 0.4103013071111725, "params": {"C": 118.09907398502799, "epsilon": 0.4134811464189473, "gamma": 0.001}, "datetime": {"datetime": "2021-09-24 09:32:41", "elapsed": 224.872, "delta": 1.40644}}
{"target": 0.42175092003176573, "params": {"C": 110.08521259913557, "epsilon": 0.6063731460538174, "gamma": 0.0019091179291093343}, "datetime": {"datetime": "2021-09-24 09:32:42", "elapsed": 226.469805, "delta": 1.597805}}
{"target": 0.4394204277688083, "params": {"C": 112.49251291100325, "epsilon": 0.7828213990015289, "gamma": 0.007185674598567931}, "datetime": {"datetime": "2021-09-24 09:32:44", "elapsed": 228.434451, "delta": 1.964646}}
{"target": 0.41990548624887913, "params": {"C": 117.63411850085244, "epsilon": 0.33962074444435825, "gamma": 0.00160642719982738}, "datetime": {"datetime": "2021-09-24 09:32:47", "elapsed": 230.817853, "delta": 2.383402}}
{"target": 0.4427640556307064, "params": {"C": 178.34405144862143, "epsilon": 0.03274910520847895, "gamma": 0.015532720686581538}, "datetime": {"datetime": "2021-09-24 09:32:48", "elapsed": 232.280666, "delta": 1.462813}}
{"target": 0.44552929403682806, "params": {"C": 110.19736090608141, "epsilon": 0.5443526758596969, "gamma": 0.011589460381574608}, "datetime": {"datetime": "2021-09-24 09:32:50", "elapsed": 234.001015, "delta": 1.720349}}
{"target": 0.38399980156233426, "params": {"C": 110.28320903551653, "epsilon": 0.483209567235026, "gamma": 0.050697384807600006}, "datetime": {"datetime": "2021-09-24 09:32:52", "elapsed": 236.084198, "delta": 2.083183}}
{"target": 0.4129662598068221, "params": {"C": 149.1816521006059, "epsilon": 0.14694016364180812, "gamma": 0.029173251245961637}, "datetime": {"datetime": "2021-09-24 09:32:53", "elapsed": 237.509554, "delta": 1.425356}}
{"target": 0.36574733582537333, "params": {"C": 178.09691740005928, "epsilon": 0.10664217726676978, "gamma": 0.041135029311236006}, "datetime": {"datetime": "2021-09-24 09:32:56", "elapsed": 239.795602, "delta": 2.286048}}
{"target": 0.437412096002439, "params": {"C": 144.05714679209837, "epsilon": 0.8230204055785536, "gamma": 0.006655124040118243}, "datetime": {"datetime": "2021-09-24 09:32:58", "elapsed": 241.979546, "delta": 2.183944}}
{"target": 0.4328836115462642, "params": {"C": 192.89871317268376, "epsilon": 0.33265553307418055, "gamma": 0.0035539668149529497}, "datetime": {"datetime": "2021-09-24 09:33:00", "elapsed": 243.912727, "delta": 1.933181}}
{"target": 0.3017234382090178, "params": {"C": 192.8762792972662, "epsilon": 0.30939954671623127, "gamma": 0.07863411819180842}, "datetime": {"datetime": "2021-09-24 09:33:03", "elapsed": 246.846122, "delta": 2.933395}}
{"target": 0.44021291607628665, "params": {"C": 193.0003968397342, "epsilon": 0.34067910220130593, "gamma": 0.015727502839199305}, "datetime": {"datetime": "2021-09-24 09:33:06", "elapsed": 249.942495, "delta": 3.096373}}
{"target": 0.33351671789242177, "params": {"C": 178.4634948774974, "epsilon": 0.02608062452922522, "gamma": 0.05532431548751995}, "datetime": {"datetime": "2021-09-24 09:33:08", "elapsed": 251.790226, "delta": 1.847731}}
{"target": 0.3587657586234404, "params": {"C": 193.04140277466877, "epsilon": 0.40017491156984575, "gamma": 0.041647258778811216}, "datetime": {"datetime": "2021-09-24 09:33:09", "elapsed": 253.639613, "delta": 1.849387}}
{"target": 0.43481302969204516, "params": {"C": 180.0166334578119, "epsilon": 0.5412499710570579, "gamma": 0.018435945220284272}, "datetime": {"datetime": "2021-09-24 09:33:11", "elapsed": 255.524634, "delta": 1.885021}}
{"target": 0.4489077491222918, "params": {"C": 101.03981026341022, "epsilon": 0.7802663405743387, "gamma": 0.01526301953019174}, "datetime": {"datetime": "2021-09-24 09:33:13", "elapsed": 257.157416, "delta": 1.632782}}
{"target": 0.3657295384947866, "params": {"C": 193.07175013699577, "epsilon": 0.25773194664050353, "gamma": 0.03885119956835125}, "datetime": {"datetime": "2021-09-24 09:33:15", "elapsed": 259.37154, "delta": 2.214124}}
{"target": 0.4244897137602869, "params": {"C": 112.51977291887079, "epsilon": 0.3574495863474875, "gamma": 0.030063674109968033}, "datetime": {"datetime": "2021-09-24 09:33:17", "elapsed": 261.194318, "delta": 1.822778}}
{"target": 0.41883418526343075, "params": {"C": 178.39508004519794, "epsilon": 0.22964198513182288, "gamma": 0.001}, "datetime": {"datetime": "2021-09-24 09:33:19", "elapsed": 263.616506, "delta": 2.422188}}
{"target": 0.43963586507259544, "params": {"C": 110.16079424244674, "epsilon": 0.6707268075234508, "gamma": 0.007675701678607928}, "datetime": {"datetime": "2021-09-24 09:33:21", "elapsed": 265.120755, "delta": 1.504249}}
{"target": 0.38194812539605705, "params": {"C": 114.92118544612731, "epsilon": 0.7572953350336914, "gamma": 0.05000166457449036}, "datetime": {"datetime": "2021-09-24 09:33:22", "elapsed": 266.197651, "delta": 1.076896}}
{"target": 0.40915113226164135, "params": {"C": 110.07021090121951, "epsilon": 0.6922364066267969, "gamma": 0.001}, "datetime": {"datetime": "2021-09-24 09:33:24", "elapsed": 268.264393, "delta": 2.066742}}
{"target": 0.30141065708220416, "params": {"C": 198.92788712980723, "epsilon": 0.7147286212964238, "gamma": 0.07679827535171628}, "datetime": {"datetime": "2021-09-24 09:33:26", "elapsed": 269.858989, "delta": 1.594596}}
{"target": 0.4498605583259133, "params": {"C": 110.21093428530668, "epsilon": 0.7715460412716523, "gamma": 0.014042455241266138}, "datetime": {"datetime": "2021-09-24 09:33:27", "elapsed": 271.603225, "delta": 1.744236}}
{"target": 0.40554450640416106, "params": {"C": 112.45823783119432, "epsilon": 0.4629510690037385, "gamma": 0.03972134214159322}, "datetime": {"datetime": "2021-09-24 09:33:29", "elapsed": 273.53002, "delta": 1.926795}}
{"target": 0.3279789445686574, "params": {"C": 110.17501926917329, "epsilon": 0.7532062868402741, "gamma": 0.10269708258380914}, "datetime": {"datetime": "2021-09-24 09:33:31", "elapsed": 275.301502, "delta": 1.771482}}
{"target": 0.43527225682175785, "params": {"C": 199.10435706204564, "epsilon": 0.6916167626123146, "gamma": 0.005203647704486527}, "datetime": {"datetime": "2021-09-24 09:33:33", "elapsed": 277.048766, "delta": 1.747264}}
{"target": 0.29520314928284697, "params": {"C": 199.11752163433908, "epsilon": 0.7746723767024692, "gamma": 0.08348676203452085}, "datetime": {"datetime": "2021-09-24 09:33:35", "elapsed": 279.270488, "delta": 2.221722}}
{"target": 0.4304764955137885, "params": {"C": 110.24538756494972, "epsilon": 0.7147039694784022, "gamma": 0.004400605824828201}, "datetime": {"datetime": "2021-09-24 09:33:37", "elapsed": 281.359279, "delta": 2.088791}}
{"target": 0.43301515869027507, "params": {"C": 199.11889787683907, "epsilon": 0.5907987423050503, "gamma": 0.003635540631271863}, "datetime": {"datetime": "2021-09-24 09:33:40", "elapsed": 283.991894, "delta": 2.632615}}
{"target": 0.41201834420489725, "params": {"C": 199.01909091055006, "epsilon": 0.5931081392634369, "gamma": 0.024187445151707506}, "datetime": {"datetime": "2021-09-24 09:33:42", "elapsed": 285.811295, "delta": 1.819401}}
{"target": 0.35701501197231955, "params": {"C": 110.16895679667962, "epsilon": 0.5763961408756243, "gamma": 0.06858520170594427}, "datetime": {"datetime": "2021-09-24 09:33:44", "elapsed": 287.890827, "delta": 2.079532}}
{"target": 0.45108714696741714, "params": {"C": 166.7047623736759, "epsilon": 0.8547520647161166, "gamma": 0.011740265630818172}, "datetime": {"datetime": "2021-09-24 09:33:48", "elapsed": 291.862464, "delta": 3.971637}}
{"target": 0.35744079951695795, "params": {"C": 166.7804546703111, "epsilon": 0.8470961747186778, "gamma": 0.04756801952545158}, "datetime": {"datetime": "2021-09-24 09:33:50", "elapsed": 294.549113, "delta": 2.686649}}
{"target": 0.2586208700257936, "params": {"C": 199.15536725786748, "epsilon": 0.5813597351078115, "gamma": 0.10948909860220321}, "datetime": {"datetime": "2021-09-24 09:33:53", "elapsed": 296.988472, "delta": 2.439359}}
{"target": 0.3412581087511797, "params": {"C": 126.32290105834672, "epsilon": 0.8540429770082639, "gamma": 0.07403335369185862}, "datetime": {"datetime": "2021-09-24 09:33:54", "elapsed": 298.419741, "delta": 1.431269}}
{"target": 0.4089211246825587, "params": {"C": 166.64403542413635, "epsilon": 0.8889472209096881, "gamma": 0.028505070586460606}, "datetime": {"datetime": "2021-09-24 09:33:57", "elapsed": 300.90036, "delta": 2.480619}}
{"target": 0.33258854119013925, "params": {"C": 127.88365354391759, "epsilon": 0.2163811871724585, "gamma": 0.07918938539313772}, "datetime": {"datetime": "2021-09-24 09:33:58", "elapsed": 302.272497, "delta": 1.372137}}
{"target": 0.26225045912927436, "params": {"C": 159.79682714051188, "epsilon": 0.04497285294303662, "gamma": 0.1304674340691369}, "datetime": {"datetime": "2021-09-24 09:33:59", "elapsed": 303.729645, "delta": 1.457148}}
{"target": 0.4376516797683683, "params": {"C": 117.76972308847068, "epsilon": 0.16035716618951568, "gamma": 0.005241163856465729}, "datetime": {"datetime": "2021-09-24 09:34:03", "elapsed": 307.297039, "delta": 3.567394}}
{"target": 0.4358608767003376, "params": {"C": 101.3340590551359, "epsilon": 0.7502998814845244, "gamma": 0.005656758680809223}, "datetime": {"datetime": "2021-09-24 09:34:06", "elapsed": 310.613448, "delta": 3.316409}}
{"target": 0.3677074792797811, "params": {"C": 101.37157357493113, "epsilon": 0.8667905647539296, "gamma": 0.06539386547377103}, "datetime": {"datetime": "2021-09-24 09:34:08", "elapsed": 312.765334, "delta": 2.151886}}
{"target": 0.443574212906542, "params": {"C": 118.03552844609155, "epsilon": 0.21306843217592308, "gamma": 0.009759094230641061}, "datetime": {"datetime": "2021-09-24 09:34:11", "elapsed": 315.419777, "delta": 2.654443}}
{"target": 0.3854534578195902, "params": {"C": 118.10667647922097, "epsilon": 0.11184805420070684, "gamma": 0.04743783586523939}, "datetime": {"datetime": "2021-09-24 09:34:13", "elapsed": 317.435998, "delta": 2.016221}}
{"target": 0.43825684870784953, "params": {"C": 144.01425347216752, "epsilon": 0.7229262778872543, "gamma": 0.007247867699374241}, "datetime": {"datetime": "2021-09-24 09:34:16", "elapsed": 320.196154, "delta": 2.760156}}
{"target": 0.44336391721403345, "params": {"C": 143.94553941703907, "epsilon": 0.652877417386547, "gamma": 0.017057168057858316}, "datetime": {"datetime": "2021-09-24 09:34:18", "elapsed": 322.533845, "delta": 2.337691}}
{"target": 0.272520684718182, "params": {"C": 137.40276687343797, "epsilon": 0.36441318854331506, "gamma": 0.140824685932673}, "datetime": {"datetime": "2021-09-24 09:34:20", "elapsed": 323.774319, "delta": 1.240474}}
{"target": 0.30105830189169924, "params": {"C": 144.00712131591396, "epsilon": 0.621787304503589, "gamma": 0.10783993681731435}, "datetime": {"datetime": "2021-09-24 09:34:22", "elapsed": 326.74906, "delta": 2.974741}}
{"target": 0.32399451685245717, "params": {"C": 171.7678652059373, "epsilon": 0.6724199139170556, "gamma": 0.06688285687816849}, "datetime": {"datetime": "2021-09-24 09:34:26", "elapsed": 330.219761, "delta": 3.470701}}
{"target": 0.4091975061329046, "params": {"C": 110.4009686094405, "epsilon": 0.6712891345270052, "gamma": 0.001}, "datetime": {"datetime": "2021-09-24 09:34:29", "elapsed": 333.681094, "delta": 3.461333}}
{"target": 0.2912679580810317, "params": {"C": 164.3173564514138, "epsilon": 0.2877155205203689, "gamma": 0.10397231186998647}, "datetime": {"datetime": "2021-09-24 09:34:31", "elapsed": 334.927853, "delta": 1.246759}}
{"target": 0.4363824636290189, "params": {"C": 143.8094088547721, "epsilon": 0.6385392398147745, "gamma": 0.0050408500388405735}, "datetime": {"datetime": "2021-09-24 09:34:33", "elapsed": 337.128298, "delta": 2.200445}}
{"target": 0.36835804332169997, "params": {"C": 143.8039584993436, "epsilon": 0.561569087482275, "gamma": 0.04753919178416078}, "datetime": {"datetime": "2021-09-24 09:34:35", "elapsed": 339.499705, "delta": 2.371407}}
{"target": 0.44984287448779214, "params": {"C": 171.9618205282276, "epsilon": 0.6766770059916188, "gamma": 0.010631388282136257}, "datetime": {"datetime": "2021-09-24 09:34:38", "elapsed": 342.121043, "delta": 2.621338}}
{"target": 0.44989723965020656, "params": {"C": 143.8774603853656, "epsilon": 0.7010071874425153, "gamma": 0.011506304893560953}, "datetime": {"datetime": "2021-09-24 09:34:40", "elapsed": 344.248757, "delta": 2.127714}}
{"target": 0.3291026642269502, "params": {"C": 100.9131146892251, "epsilon": 0.23132882894451154, "gamma": 0.10829839601521575}, "datetime": {"datetime": "2021-09-24 09:34:41", "elapsed": 345.581957, "delta": 1.3332}}
{"target": 0.4178082849467474, "params": {"C": 171.92551477698677, "epsilon": 0.7527588943553187, "gamma": 0.001}, "datetime": {"datetime": "2021-09-24 09:34:44", "elapsed": 347.816182, "delta": 2.234225}}
{"target": 0.44849942199050363, "params": {"C": 101.42963124415063, "epsilon": 0.6645637012442884, "gamma": 0.016155967383055875}, "datetime": {"datetime": "2021-09-24 09:34:46", "elapsed": 350.571797, "delta": 2.755615}}
{"target": 0.4102747587899711, "params": {"C": 101.44063568071805, "epsilon": 0.7344305854925006, "gamma": 0.040181477157601286}, "datetime": {"datetime": "2021-09-24 09:34:49", "elapsed": 353.007171, "delta": 2.435374}}
{"target": 0.31094729647678543, "params": {"C": 185.55247609426397, "epsilon": 0.42517359356018, "gamma": 0.07111000317621635}, "datetime": {"datetime": "2021-09-24 09:34:50", "elapsed": 354.590398, "delta": 1.583227}}
{"target": 0.41590746562940994, "params": {"C": 143.7791026631362, "epsilon": 0.7263227042078629, "gamma": 0.001}, "datetime": {"datetime": "2021-09-24 09:34:54", "elapsed": 357.979875, "delta": 3.389477}}
{"target": 0.38928341726829985, "params": {"C": 101.54218262158568, "epsilon": 0.6518629494464421, "gamma": 0.05144916858098596}, "datetime": {"datetime": "2021-09-24 09:34:56", "elapsed": 360.103529, "delta": 2.123654}}
{"target": 0.27926219127756513, "params": {"C": 172.05795353607687, "epsilon": 0.6919485600815765, "gamma": 0.10970881311213017}, "datetime": {"datetime": "2021-09-24 09:34:59", "elapsed": 363.130661, "delta": 3.027132}}
{"target": 0.44627539958907303, "params": {"C": 101.41206385551878, "epsilon": 0.559537866269541, "gamma": 0.012549611067980245}, "datetime": {"datetime": "2021-09-24 09:35:02", "elapsed": 366.0292, "delta": 2.898539}}
{"target": 0.43028643446058545, "params": {"C": 101.46555877473101, "epsilon": 0.4358262279816689, "gamma": 0.02709939500088126}, "datetime": {"datetime": "2021-09-24 09:35:06", "elapsed": 369.995462, "delta": 3.966262}}
{"target": 0.4307600948205135, "params": {"C": 101.38475465767485, "epsilon": 0.4618550091217435, "gamma": 0.004414210349385788}, "datetime": {"datetime": "2021-09-24 09:35:08", "elapsed": 372.227965, "delta": 2.232503}}
{"target": 0.3529411774762733, "params": {"C": 101.42217232191318, "epsilon": 0.4878494410324242, "gamma": 0.07798467155960945}, "datetime": {"datetime": "2021-09-24 09:35:11", "elapsed": 375.321203, "delta": 3.093238}}
{"target": 0.43685053017514797, "params": {"C": 192.93234233403433, "epsilon": 0.4004917301693612, "gamma": 0.006516521593325379}, "datetime": {"datetime": "2021-09-24 09:35:14", "elapsed": 377.868703, "delta": 2.5475}}
{"target": 0.4330861131602287, "params": {"C": 171.95786295504493, "epsilon": 0.5506556045843527, "gamma": 0.019537460566798708}, "datetime": {"datetime": "2021-09-24 09:35:16", "elapsed": 380.338056, "delta": 2.469353}}
{"target": 0.36349031202670157, "params": {"C": 101.47836163304788, "epsilon": 0.32698655190477516, "gamma": 0.06713324742087452}, "datetime": {"datetime": "2021-09-24 09:35:18", "elapsed": 382.517769, "delta": 2.179713}}
{"target": 0.4401034518294237, "params": {"C": 101.53536526144697, "epsilon": 0.526006074295782, "gamma": 0.008252711473616364}, "datetime": {"datetime": "2021-09-24 09:35:21", "elapsed": 385.139115, "delta": 2.621346}}
{"target": 0.41360513727583514, "params": {"C": 101.5790830826219, "epsilon": 0.4478010238967556, "gamma": 0.038410585661455963}, "datetime": {"datetime": "2021-09-24 09:35:23", "elapsed": 386.78137, "delta": 1.642255}}
{"target": 0.3373996581993465, "params": {"C": 185.21666191047655, "epsilon": 0.6456396370047753, "gamma": 0.05260088435762445}, "datetime": {"datetime": "2021-09-24 09:35:24", "elapsed": 388.023047, "delta": 1.241677}}
{"target": 0.42350001194500897, "params": {"C": 106.22141473798581, "epsilon": 0.9290742992514762, "gamma": 0.0033453576188752525}, "datetime": {"datetime": "2021-09-24 09:35:26", "elapsed": 390.184234, "delta": 2.161187}}
{"target": 0.4250170501595669, "params": {"C": 196.71738261961843, "epsilon": 0.9864431102217347, "gamma": 0.002885567510236369}, "datetime": {"datetime": "2021-09-24 09:35:29", "elapsed": 392.974304, "delta": 2.79007}}
{"target": 0.3710919703057377, "params": {"C": 117.16595933597895, "epsilon": 0.998269507372698, "gamma": 0.05577258124437709}, "datetime": {"datetime": "2021-09-24 09:35:30", "elapsed": 394.342933, "delta": 1.368629}}
{"target": 0.4298706848090127, "params": {"C": 178.2735250871696, "epsilon": 0.22637003988293197, "gamma": 0.0034188293844941414}, "datetime": {"datetime": "2021-09-24 09:35:33", "elapsed": 397.369048, "delta": 3.026115}}
{"target": 0.33780421730852994, "params": {"C": 196.60716745782406, "epsilon": 0.9775136331723556, "gamma": 0.049728100992619866}, "datetime": {"datetime": "2021-09-24 09:35:36", "elapsed": 400.138724, "delta": 2.769676}}
{"target": 0.3158375131478196, "params": {"C": 171.92281538139457, "epsilon": 0.6148791833746076, "gamma": 0.07343327567316688}, "datetime": {"datetime": "2021-09-24 09:35:39", "elapsed": 403.579784, "delta": 3.44106}}
{"target": 0.4459118683877963, "params": {"C": 107.3670171736336, "epsilon": 0.04551614620060617, "gamma": 0.011365118869210086}, "datetime": {"datetime": "2021-09-24 09:35:42", "elapsed": 406.417024, "delta": 2.83724}}
{"target": 0.3316618618788335, "params": {"C": 121.06882059993413, "epsilon": 0.770893377550527, "gamma": 0.08754950528945461}, "datetime": {"datetime": "2021-09-24 09:35:44", "elapsed": 407.935902, "delta": 1.518878}}
{"target": 0.32323622521898865, "params": {"C": 107.39042448600271, "epsilon": 0.036585048933463024, "gamma": 0.11049248746199901}, "datetime": {"datetime": "2021-09-24 09:35:46", "elapsed": 410.112155, "delta": 2.176253}}
{"target": 0.4469561981149398, "params": {"C": 197.30571522709116, "epsilon": 0.4785335665216859, "gamma": 0.013709973884654596}, "datetime": {"datetime": "2021-09-24 09:35:47", "elapsed": 411.648041, "delta": 1.535886}}
{"target": 0.4098492302360812, "params": {"C": 107.40298434865556, "epsilon": 0.12307021344658069, "gamma": 0.001}, "datetime": {"datetime": "2021-09-24 09:35:50", "elapsed": 414.154988, "delta": 2.506947}}
{"target": 0.3908587690858544, "params": {"C": 197.20906092477082, "epsilon": 0.4489592078356555, "gamma": 0.030784422637839006}, "datetime": {"datetime": "2021-09-24 09:35:53", "elapsed": 417.560329, "delta": 3.405341}}
{"target": 0.4097265141140707, "params": {"C": 197.37999950328066, "epsilon": 0.4378280127952849, "gamma": 0.02480278846841026}, "datetime": {"datetime": "2021-09-24 09:35:56", "elapsed": 420.146764, "delta": 2.586435}}
{"target": 0.4389398849959786, "params": {"C": 107.22884060388033, "epsilon": 0.048660504572246535, "gamma": 0.007898901623046291}, "datetime": {"datetime": "2021-09-24 09:35:59", "elapsed": 422.791763, "delta": 2.644999}}
{"target": 0.2988990672522873, "params": {"C": 197.3001186651953, "epsilon": 0.5602989366797887, "gamma": 0.0800838449275505}, "datetime": {"datetime": "2021-09-24 09:36:01", "elapsed": 425.399417, "delta": 2.607654}}
{"target": 0.4119315976025084, "params": {"C": 107.1179276579623, "epsilon": 0.12835605881040552, "gamma": 0.037959274153885}, "datetime": {"datetime": "2021-09-24 09:36:03", "elapsed": 427.719893, "delta": 2.320476}}
{"target": 0.4138095558136031, "params": {"C": 107.13553593350397, "epsilon": 0.007642800660373972, "gamma": 0.03695095466790527}, "datetime": {"datetime": "2021-09-24 09:36:08", "elapsed": 431.776222, "delta": 4.056329}}
{"target": 0.44917490198023713, "params": {"C": 107.27309264168588, "epsilon": 0.16114693354791934, "gamma": 0.014925287746915868}, "datetime": {"datetime": "2021-09-24 09:36:10", "elapsed": 434.353883, "delta": 2.577661}}
{"target": 0.32440404824112223, "params": {"C": 107.27122982905532, "epsilon": 0.15086891639660882, "gamma": 0.10908348887155515}, "datetime": {"datetime": "2021-09-24 09:36:12", "elapsed": 436.635624, "delta": 2.281741}}
{"target": 0.28935137353797324, "params": {"C": 161.82207842274173, "epsilon": 0.027436763339295227, "gamma": 0.10709163235896572}, "datetime": {"datetime": "2021-09-24 09:36:14", "elapsed": 438.126524, "delta": 1.4909}}
{"target": 0.38717862799754954, "params": {"C": 126.83803196389337, "epsilon": 0.8347301316737239, "gamma": 0.04445309336028884}, "datetime": {"datetime": "2021-09-24 09:36:15", "elapsed": 439.622371, "delta": 1.495847}}
{"target": 0.41512315907118, "params": {"C": 146.73253672850612, "epsilon": 0.049391660318987736, "gamma": 0.001}, "datetime": {"datetime": "2021-09-24 09:36:18", "elapsed": 442.687381, "delta": 3.06501}}
