{"target": -44.33364889688956, "params": {"C": 25.518575191729845, "epsilon": 1.5772607277796002, "gamma": 0.052938200088762634}, "datetime": {"datetime": "2021-09-24 15:34:17", "elapsed": 333.479884, "delta": 1.107787}}
{"target": -43.589979408304735, "params": {"C": 31.04978324729832, "epsilon": 1.0953206453625266, "gamma": 0.021324515362581543}, "datetime": {"datetime": "2021-09-24 15:34:19", "elapsed": 335.925525, "delta": 2.445641}}
{"target": -43.66702079565066, "params": {"C": 25.09900952929689, "epsilon": 0.6099624120700484, "gamma": 0.01947586475653685}, "datetime": {"datetime": "2021-09-24 15:34:20", "elapsed": 337.030434, "delta": 1.104909}}
{"target": -43.421596877332355, "params": {"C": 35.723960553586764, "epsilon": 0.7992828641800854, "gamma": 0.006158294091003503}, "datetime": {"datetime": "2021-09-24 15:34:23", "elapsed": 339.240229, "delta": 2.209795}}
{"target": -44.52365793920728, "params": {"C": 28.835723920856257, "epsilon": 0.6121925969768063, "gamma": 0.06528400958245863}, "datetime": {"datetime": "2021-09-24 15:34:25", "elapsed": 341.719479, "delta": 2.47925}}
{"target": -43.60267707891793, "params": {"C": 31.5223856198509, "epsilon": 1.4021089150846506, "gamma": 0.004894831852739664}, "datetime": {"datetime": "2021-09-24 15:34:27", "elapsed": 343.995043, "delta": 2.275564}}
{"target": -44.35196757170147, "params": {"C": 25.517963263841025, "epsilon": 1.5732923028386334, "gamma": 0.0543379434904017}, "datetime": {"datetime": "2021-09-24 15:34:28", "elapsed": 344.965747, "delta": 0.970704}}
{"target": -50.43418487975229, "params": {"C": 23.12012856809487, "epsilon": 3.158870430466713, "gamma": 0.0007}, "datetime": {"datetime": "2021-09-24 15:34:31", "elapsed": 347.642518, "delta": 2.676771}}
{"target": -44.56085617577703, "params": {"C": 44.68515365271648, "epsilon": 1.8066053769230332, "gamma": 0.0018999904639523068}, "datetime": {"datetime": "2021-09-24 15:34:33", "elapsed": 350.120084, "delta": 2.477566}}
{"target": -45.19112359646853, "params": {"C": 23.05808476726535, "epsilon": 3.379451402631507, "gamma": 0.08135229471978717}, "datetime": {"datetime": "2021-09-24 15:34:36", "elapsed": 352.725651, "delta": 2.605567}}
{"target": -44.696088005484036, "params": {"C": 47.746656669523844, "epsilon": 2.5731409982323736, "gamma": 0.0737315985367108}, "datetime": {"datetime": "2021-09-24 15:34:39", "elapsed": 355.5301, "delta": 2.804449}}
{"target": -44.54583654090438, "params": {"C": 23.590683213808617, "epsilon": 3.8393940042147037, "gamma": 0.05304894187798046}, "datetime": {"datetime": "2021-09-24 15:34:41", "elapsed": 357.690953, "delta": 2.160853}}
{"target": -43.544321824307104, "params": {"C": 31.663319922473686, "epsilon": 1.3552235437862834, "gamma": 0.020756097982437254}, "datetime": {"datetime": "2021-09-24 15:34:43", "elapsed": 360.088446, "delta": 2.397493}}
{"target": -47.164034828133445, "params": {"C": 48.06603306780466, "epsilon": 0.03, "gamma": 0.0007}, "datetime": {"datetime": "2021-09-24 15:34:46", "elapsed": 362.761549, "delta": 2.673103}}
{"target": -48.716153385073504, "params": {"C": 32.761707750635715, "epsilon": 3.3901450171876237, "gamma": 0.0007}, "datetime": {"datetime": "2021-09-24 15:34:49", "elapsed": 366.029586, "delta": 3.268037}}
{"target": -44.57119231100881, "params": {"C": 47.9673557402121, "epsilon": 0.212998728713393, "gamma": 0.061608526166794166}, "datetime": {"datetime": "2021-09-24 15:34:52", "elapsed": 368.452989, "delta": 2.423403}}
{"target": -45.0048909056291, "params": {"C": 8.31138086860238, "epsilon": 3.0354979780618163, "gamma": 0.033356814041925455}, "datetime": {"datetime": "2021-09-24 15:34:53", "elapsed": 369.601264, "delta": 1.148275}}
{"target": -43.407665593700706, "params": {"C": 31.421955779389098, "epsilon": 1.2339278623813201, "gamma": 0.011008495458749408}, "datetime": {"datetime": "2021-09-24 15:34:56", "elapsed": 372.27338, "delta": 2.672116}}
{"target": -44.46570300041235, "params": {"C": 31.507558156095737, "epsilon": 1.3047296363728003, "gamma": 0.0635401019118175}, "datetime": {"datetime": "2021-09-24 15:34:58", "elapsed": 374.385755, "delta": 2.112375}}
{"target": -48.73220949835222, "params": {"C": 32.59883382149467, "epsilon": 3.42518056561614, "gamma": 0.0007}, "datetime": {"datetime": "2021-09-24 15:35:00", "elapsed": 376.770185, "delta": 2.38443}}
{"target": -43.254089801699934, "params": {"C": 47.867741487560636, "epsilon": 2.1384482078755815, "gamma": 0.01228557697902477}, "datetime": {"datetime": "2021-09-24 15:35:01", "elapsed": 378.044246, "delta": 1.274061}}
{"target": -44.57811292161192, "params": {"C": 27.968364994170066, "epsilon": 1.4149993529572342, "gamma": 0.06535679504616781}, "datetime": {"datetime": "2021-09-24 15:35:03", "elapsed": 379.256144, "delta": 1.211898}}
{"target": -47.72970197846884, "params": {"C": 40.67366101056785, "epsilon": 1.5365222044465034, "gamma": 0.0007}, "datetime": {"datetime": "2021-09-24 15:35:05", "elapsed": 381.53586, "delta": 2.279716}}
{"target": -45.36371305798116, "params": {"C": 27.75209788053411, "epsilon": 2.6187834327305577, "gamma": 0.08716796318443071}, "datetime": {"datetime": "2021-09-24 15:35:06", "elapsed": 382.945164, "delta": 1.409304}}
{"target": -44.244829696267715, "params": {"C": 47.32516319664751, "epsilon": 2.4419968926500815, "gamma": 0.05519919892411786}, "datetime": {"datetime": "2021-09-24 15:35:09", "elapsed": 385.427181, "delta": 2.482017}}
{"target": -44.27361563101653, "params": {"C": 47.597088757041, "epsilon": 2.576282921303015, "gamma": 0.056554567752588984}, "datetime": {"datetime": "2021-09-24 15:35:12", "elapsed": 388.623181, "delta": 3.196}}
{"target": -44.02168060590653, "params": {"C": 28.664462972931798, "epsilon": 0.5255709079389902, "gamma": 0.04462914192100563}, "datetime": {"datetime": "2021-09-24 15:35:15", "elapsed": 391.263179, "delta": 2.639998}}
{"target": -43.316790094006414, "params": {"C": 48.438234261234996, "epsilon": 3.1185055793918086, "gamma": 0.010749608673354753}, "datetime": {"datetime": "2021-09-24 15:35:17", "elapsed": 393.429904, "delta": 2.166725}}
{"target": -48.89228670106466, "params": {"C": 31.585819847026467, "epsilon": 1.3264783632495403, "gamma": 0.0007}, "datetime": {"datetime": "2021-09-24 15:35:20", "elapsed": 396.401615, "delta": 2.971711}}
{"target": -43.94946928806498, "params": {"C": 35.88538806715007, "epsilon": 1.4706500535509346, "gamma": 0.042273887446878475}, "datetime": {"datetime": "2021-09-24 15:35:22", "elapsed": 398.634928, "delta": 2.233313}}
{"target": -43.90713960320816, "params": {"C": 31.722914163800976, "epsilon": 1.3823041160824345, "gamma": 0.03795381012248668}, "datetime": {"datetime": "2021-09-24 15:35:24", "elapsed": 400.721003, "delta": 2.086075}}
{"target": -44.57903189505314, "params": {"C": 13.89822151858989, "epsilon": 3.4199705893121197, "gamma": 0.04937256390336618}, "datetime": {"datetime": "2021-09-24 15:35:25", "elapsed": 401.882686, "delta": 1.161683}}
{"target": -43.386099088189795, "params": {"C": 35.901441400213535, "epsilon": 1.1380186652391835, "gamma": 0.006821050269904829}, "datetime": {"datetime": "2021-09-24 15:35:27", "elapsed": 403.843863, "delta": 1.961177}}
{"target": -44.4804774406477, "params": {"C": 14.662990236519617, "epsilon": 0.8859192323069672, "gamma": 0.052808764896232055}, "datetime": {"datetime": "2021-09-24 15:35:28", "elapsed": 405.149369, "delta": 1.305506}}
{"target": -45.375525174468656, "params": {"C": 30.30044529885082, "epsilon": 0.2047469731570124, "gamma": 0.08698265908097515}, "datetime": {"datetime": "2021-09-24 15:35:30", "elapsed": 406.494196, "delta": 1.344827}}
{"target": -43.28401692240803, "params": {"C": 40.31205313213842, "epsilon": 1.6947581015236652, "gamma": 0.010267225386425048}, "datetime": {"datetime": "2021-09-24 15:35:33", "elapsed": 410.041383, "delta": 3.547187}}
{"target": -45.442311823287966, "params": {"C": 31.243350344598284, "epsilon": 1.1584535307901922, "gamma": 0.08856833662474974}, "datetime": {"datetime": "2021-09-24 15:35:37", "elapsed": 413.340381, "delta": 3.298998}}
{"target": -50.283882102634145, "params": {"C": 23.68651591306649, "epsilon": 3.8463502714473568, "gamma": 0.0007}, "datetime": {"datetime": "2021-09-24 15:35:39", "elapsed": 415.981436, "delta": 2.641055}}
{"target": -43.61113403274627, "params": {"C": 40.488238058161755, "epsilon": 1.8834205654118654, "gamma": 0.019840774362690855}, "datetime": {"datetime": "2021-09-24 15:35:41", "elapsed": 417.358439, "delta": 1.377003}}
{"target": -43.87038865421309, "params": {"C": 35.783203691291, "epsilon": 0.8529088992133501, "gamma": 0.03561966625181915}, "datetime": {"datetime": "2021-09-24 15:35:43", "elapsed": 419.684738, "delta": 2.326299}}
{"target": -43.90924216172658, "params": {"C": 40.78994026860582, "epsilon": 1.6440467562769114, "gamma": 0.039149291877337074}, "datetime": {"datetime": "2021-09-24 15:35:46", "elapsed": 422.284121, "delta": 2.599383}}
{"target": -43.37047280155106, "params": {"C": 31.452890918883224, "epsilon": 1.1596875505262039, "gamma": 0.008457574440270956}, "datetime": {"datetime": "2021-09-24 15:35:48", "elapsed": 424.705898, "delta": 2.421777}}
{"target": -45.5071287047135, "params": {"C": 19.327355767984606, "epsilon": 1.4741945530700309, "gamma": 0.09388517659808342}, "datetime": {"datetime": "2021-09-24 15:35:49", "elapsed": 426.078625, "delta": 1.372727}}
{"target": -43.31550903885189, "params": {"C": 39.0570128053841, "epsilon": 1.8461600176586404, "gamma": 0.013729864938926592}, "datetime": {"datetime": "2021-09-24 15:35:53", "elapsed": 429.321937, "delta": 3.243312}}
{"target": -47.01121749447355, "params": {"C": 48.552077068619674, "epsilon": 2.2937935257428013, "gamma": 0.0007}, "datetime": {"datetime": "2021-09-24 15:35:56", "elapsed": 433.028859, "delta": 3.706922}}
{"target": -43.30724316385324, "params": {"C": 35.87507636923321, "epsilon": 1.0597893176646773, "gamma": 0.011394050138074074}, "datetime": {"datetime": "2021-09-24 15:35:59", "elapsed": 435.756383, "delta": 2.727524}}
{"target": -44.70693587431388, "params": {"C": 32.51550466119276, "epsilon": 1.169400016482347, "gamma": 0.06932517160194401}, "datetime": {"datetime": "2021-09-24 15:36:01", "elapsed": 437.422415, "delta": 1.666032}}
{"target": -43.78234657312032, "params": {"C": 21.352247790091937, "epsilon": 0.9703421915479117, "gamma": 0.018409161927567697}, "datetime": {"datetime": "2021-09-24 15:36:02", "elapsed": 438.838058, "delta": 1.415643}}
{"target": -43.69496139308754, "params": {"C": 48.44567876020873, "epsilon": 2.283599635200731, "gamma": 0.029496066908874963}, "datetime": {"datetime": "2021-09-24 15:36:05", "elapsed": 441.5086, "delta": 2.670542}}
{"target": -43.50155194975929, "params": {"C": 24.652904353038327, "epsilon": 3.791548422876169, "gamma": 0.021108137567521872}, "datetime": {"datetime": "2021-09-24 15:36:08", "elapsed": 444.731461, "delta": 3.222861}}
{"target": -44.14232338179088, "params": {"C": 31.503414743243003, "epsilon": 1.191580519392231, "gamma": 0.05558018306754079}, "datetime": {"datetime": "2021-09-24 15:36:12", "elapsed": 448.720804, "delta": 3.989343}}
{"target": -53.592113442560446, "params": {"C": 1.447426197720295, "epsilon": 0.9453207716813923, "gamma": 0.0722082598947042}, "datetime": {"datetime": "2021-09-24 15:36:14", "elapsed": 450.742986, "delta": 2.022182}}
{"target": -43.403940075408926, "params": {"C": 31.151251995821962, "epsilon": 1.1055930157635037, "gamma": 0.015816191556043326}, "datetime": {"datetime": "2021-09-24 15:36:18", "elapsed": 454.337625, "delta": 3.594639}}
{"target": -43.93267058966647, "params": {"C": 36.06530051252264, "epsilon": 1.3334645120973199, "gamma": 0.0437351718639281}, "datetime": {"datetime": "2021-09-24 15:36:20", "elapsed": 457.174851, "delta": 2.837226}}
{"target": -43.70852799327013, "params": {"C": 35.82182440399474, "epsilon": 1.0841300154131284, "gamma": 0.027603412616834806}, "datetime": {"datetime": "2021-09-24 15:36:23", "elapsed": 459.982286, "delta": 2.807435}}
{"target": -43.979111831998694, "params": {"C": 42.92071328618935, "epsilon": 1.7156548212551699, "gamma": 0.04742431755300861}, "datetime": {"datetime": "2021-09-24 15:36:25", "elapsed": 461.492894, "delta": 1.510608}}
{"target": -44.54591999031044, "params": {"C": 40.34125657955976, "epsilon": 1.6760442974071361, "gamma": 0.0624430131539871}, "datetime": {"datetime": "2021-09-24 15:36:29", "elapsed": 465.62867, "delta": 4.135776}}
{"target": -44.43099932344204, "params": {"C": 49.556399844931995, "epsilon": 2.966701618289908, "gamma": 0.06561760704638822}, "datetime": {"datetime": "2021-09-24 15:36:32", "elapsed": 468.645461, "delta": 3.016791}}
{"target": -45.22020677011787, "params": {"C": 35.86017503076247, "epsilon": 1.4179467500036782, "gamma": 0.00169717242717072}, "datetime": {"datetime": "2021-09-24 15:36:36", "elapsed": 472.314086, "delta": 3.668625}}
{"target": -48.339166666784834, "params": {"C": 35.99434171975311, "epsilon": 1.1906757108822865, "gamma": 0.0007}, "datetime": {"datetime": "2021-09-24 15:36:39", "elapsed": 476.005724, "delta": 3.691638}}
{"target": -43.94368099441072, "params": {"C": 49.67224359308845, "epsilon": 2.9418755476876477, "gamma": 0.04805232226192845}, "datetime": {"datetime": "2021-09-24 15:36:43", "elapsed": 479.627935, "delta": 3.622211}}
{"target": -44.93585150260635, "params": {"C": 47.306233026992935, "epsilon": 0.25730947186159847, "gamma": 0.07237419856018931}, "datetime": {"datetime": "2021-09-24 15:36:45", "elapsed": 481.330595, "delta": 1.70266}}
{"target": -45.25895153297679, "params": {"C": 35.95705700610112, "epsilon": 1.0657079919195334, "gamma": 0.08291364917601794}, "datetime": {"datetime": "2021-09-24 15:36:49", "elapsed": 485.835404, "delta": 4.504809}}
{"target": -43.30089764896351, "params": {"C": 24.500383061726794, "epsilon": 3.9611204801192135, "gamma": 0.010456022186038562}, "datetime": {"datetime": "2021-09-24 15:36:51", "elapsed": 487.93364, "delta": 2.098236}}
{"target": -43.68560178626079, "params": {"C": 21.27893935742794, "epsilon": 0.9197937891744136, "gamma": 0.015931763305245657}, "datetime": {"datetime": "2021-09-24 15:36:55", "elapsed": 491.791273, "delta": 3.857633}}
{"target": -44.150512395427725, "params": {"C": 31.009394360961355, "epsilon": 1.0232126006749516, "gamma": 0.0033339023923702684}, "datetime": {"datetime": "2021-09-24 15:36:58", "elapsed": 495.19803, "delta": 3.406757}}
{"target": -43.38531357386928, "params": {"C": 36.10558568403089, "epsilon": 1.4620461219648422, "gamma": 0.01070363035536917}, "datetime": {"datetime": "2021-09-24 15:37:03", "elapsed": 499.576766, "delta": 4.378736}}
{"target": -43.975851629277216, "params": {"C": 35.99541257084713, "epsilon": 1.3821701839138496, "gamma": 0.003147060373496095}, "datetime": {"datetime": "2021-09-24 15:37:07", "elapsed": 503.623064, "delta": 4.046298}}
{"target": -43.75589515559633, "params": {"C": 42.756164336133516, "epsilon": 2.591781140049007, "gamma": 0.035089045749745695}, "datetime": {"datetime": "2021-09-24 15:37:08", "elapsed": 505.079904, "delta": 1.45684}}
{"target": -43.88400090819913, "params": {"C": 47.774453411471185, "epsilon": 0.11884017414769185, "gamma": 0.04159788049392356}, "datetime": {"datetime": "2021-09-24 15:37:12", "elapsed": 508.252197, "delta": 3.172293}}
{"target": -43.84803156442725, "params": {"C": 35.82537772033708, "epsilon": 1.562214673361821, "gamma": 0.034289145578856005}, "datetime": {"datetime": "2021-09-24 15:37:16", "elapsed": 512.755093, "delta": 4.502896}}
{"target": -44.978027360934334, "params": {"C": 9.411320074629687, "epsilon": 3.993123067336948, "gamma": 0.037202800789037885}, "datetime": {"datetime": "2021-09-24 15:37:18", "elapsed": 514.469348, "delta": 1.714255}}
{"target": -47.79887649162463, "params": {"C": 23.81726925312261, "epsilon": 3.898249805629677, "gamma": 0.0012049310878911442}, "datetime": {"datetime": "2021-09-24 15:37:21", "elapsed": 517.856634, "delta": 3.387286}}
{"target": -43.467770565542956, "params": {"C": 35.78691798851042, "epsilon": 0.7769065825484857, "gamma": 0.018541905954701333}, "datetime": {"datetime": "2021-09-24 15:37:27", "elapsed": 523.588468, "delta": 5.731834}}
{"target": -43.4000781739081, "params": {"C": 40.15307189708487, "epsilon": 1.1600462458241156, "gamma": 0.01735969104185161}, "datetime": {"datetime": "2021-09-24 15:37:32", "elapsed": 529.102593, "delta": 5.514125}}
{"target": -43.62126378685895, "params": {"C": 31.442601575769462, "epsilon": 1.3919324951077743, "gamma": 0.022368780189315332}, "datetime": {"datetime": "2021-09-24 15:37:37", "elapsed": 533.440707, "delta": 4.338114}}
{"target": -45.306468221851325, "params": {"C": 11.32372209396772, "epsilon": 3.089536245120713, "gamma": 0.058380307887535864}, "datetime": {"datetime": "2021-09-24 15:37:39", "elapsed": 535.644865, "delta": 2.204158}}
{"target": -48.35256389558691, "params": {"C": 31.311551496548123, "epsilon": 1.1243918458850453, "gamma": 0.0008068538836969106}, "datetime": {"datetime": "2021-09-24 15:37:42", "elapsed": 539.191141, "delta": 3.546276}}
{"target": -43.24390203094875, "params": {"C": 48.67980046127467, "epsilon": 1.9277059650561492, "gamma": 0.009170472528497996}, "datetime": {"datetime": "2021-09-24 15:37:44", "elapsed": 540.785449, "delta": 1.594308}}
{"target": -43.41029276161523, "params": {"C": 31.10335816402124, "epsilon": 0.9296469356250845, "gamma": 0.012642418823176165}, "datetime": {"datetime": "2021-09-24 15:37:47", "elapsed": 544.115635, "delta": 3.330186}}
{"target": -43.6083062788166, "params": {"C": 40.66595908349761, "epsilon": 1.6923735373751716, "gamma": 0.0038399459574679187}, "datetime": {"datetime": "2021-09-24 15:37:52", "elapsed": 548.37581, "delta": 4.260175}}
{"target": -43.39943602621377, "params": {"C": 31.10706356164135, "epsilon": 1.0543680385268945, "gamma": 0.010359167940630076}, "datetime": {"datetime": "2021-09-24 15:37:55", "elapsed": 551.575338, "delta": 3.199528}}
{"target": -44.10610900861698, "params": {"C": 47.77087999668394, "epsilon": 0.03062005020953228, "gamma": 0.04935822689592802}, "datetime": {"datetime": "2021-09-24 15:37:58", "elapsed": 554.74091, "delta": 3.165572}}
{"target": -50.87890669042854, "params": {"C": 21.28952565847683, "epsilon": 0.9925045886841503, "gamma": 0.0007}, "datetime": {"datetime": "2021-09-24 15:38:01", "elapsed": 557.771918, "delta": 3.031008}}
{"target": -43.65009227235684, "params": {"C": 31.453774125625213, "epsilon": 1.0855267451406636, "gamma": 0.02290629126645245}, "datetime": {"datetime": "2021-09-24 15:38:04", "elapsed": 561.136386, "delta": 3.364468}}
{"target": -43.295972952763115, "params": {"C": 40.296446343779884, "epsilon": 1.7481925486512049, "gamma": 0.007573432307426065}, "datetime": {"datetime": "2021-09-24 15:38:08", "elapsed": 564.30368, "delta": 3.167294}}
{"target": -43.39411566732144, "params": {"C": 31.204606005820338, "epsilon": 1.1178262432857429, "gamma": 0.00795866754573501}, "datetime": {"datetime": "2021-09-24 15:38:11", "elapsed": 568.092316, "delta": 3.788636}}
{"target": -44.57220030996208, "params": {"C": 35.72432023784175, "epsilon": 0.8038976050935024, "gamma": 0.06515987352000625}, "datetime": {"datetime": "2021-09-24 15:38:15", "elapsed": 571.272187, "delta": 3.179871}}
{"target": -44.73429317811052, "params": {"C": 31.292818427143448, "epsilon": 0.13505900946646854, "gamma": 0.07140402076003556}, "datetime": {"datetime": "2021-09-24 15:38:16", "elapsed": 572.688826, "delta": 1.416639}}
{"target": -44.10852098599879, "params": {"C": 14.150635662307753, "epsilon": 3.343221844589273, "gamma": 0.02965900785689048}, "datetime": {"datetime": "2021-09-24 15:38:18", "elapsed": 574.362291, "delta": 1.673465}}
{"target": -43.971005406570306, "params": {"C": 31.39996656054949, "epsilon": 1.1414392927729615, "gamma": 0.045875535281982585}, "datetime": {"datetime": "2021-09-24 15:38:22", "elapsed": 578.968957, "delta": 4.606666}}
{"target": -44.36482502926507, "params": {"C": 21.32757088027247, "epsilon": 0.875262316206636, "gamma": 0.05521006983671662}, "datetime": {"datetime": "2021-09-24 15:38:25", "elapsed": 582.009648, "delta": 3.040691}}
{"target": -45.76258191079057, "params": {"C": 34.137214607416816, "epsilon": 0.20929658493266026, "gamma": 0.09902134636555113}, "datetime": {"datetime": "2021-09-24 15:38:27", "elapsed": 583.556397, "delta": 1.546749}}
{"target": -44.8844221549544, "params": {"C": 19.075936385197007, "epsilon": 1.2284041883983385, "gamma": 0.07422357673339845}, "datetime": {"datetime": "2021-09-24 15:38:29", "elapsed": 585.322508, "delta": 1.766111}}
{"target": -44.228198150705175, "params": {"C": 12.804358792893963, "epsilon": 3.5042888027536474, "gamma": 0.027613298730487894}, "datetime": {"datetime": "2021-09-24 15:38:30", "elapsed": 586.903636, "delta": 1.581128}}
{"target": -44.29763245989743, "params": {"C": 31.068931642456715, "epsilon": 1.050871845972981, "gamma": 0.05979420159907068}, "datetime": {"datetime": "2021-09-24 15:38:35", "elapsed": 591.685243, "delta": 4.781607}}
{"target": -44.99816956218098, "params": {"C": 36.124985122898075, "epsilon": 1.4108250768132553, "gamma": 0.07474598695286311}, "datetime": {"datetime": "2021-09-24 15:38:40", "elapsed": 597.112852, "delta": 5.427609}}
{"target": -43.66308475137126, "params": {"C": 35.8482926204675, "epsilon": 1.1364480005125748, "gamma": 0.026343496495437976}, "datetime": {"datetime": "2021-09-24 15:38:44", "elapsed": 600.730136, "delta": 3.617284}}
{"target": -52.812958409508624, "params": {"C": 2.1827311749746587, "epsilon": 1.8427962161102762, "gamma": 0.0911287674628579}, "datetime": {"datetime": "2021-09-24 15:38:46", "elapsed": 602.987138, "delta": 2.257002}}
{"target": -43.59522651828613, "params": {"C": 40.05780505221274, "epsilon": 1.311743879091062, "gamma": 0.020961042256241708}, "datetime": {"datetime": "2021-09-24 15:38:50", "elapsed": 606.469054, "delta": 3.481916}}
