{"target": 0.4415484564433163, "params": {"C": 141.8235343275997, "epsilon": 2.1313608495650245, "gamma": 0.017416540939483062}, "datetime": {"datetime": "2021-09-24 10:13:44", "elapsed": 355.865947, "delta": 2.369603}}
{"target": 0.36622663369434605, "params": {"C": 142.01015622021134, "epsilon": 2.1607812247875833, "gamma": 0.052607160484320604}, "datetime": {"datetime": "2021-09-24 10:13:47", "elapsed": 359.454546, "delta": 3.588599}}
{"target": 0.28114567772891563, "params": {"C": 141.90555883263906, "epsilon": 2.0162964355644557, "gamma": 0.12962314869400557}, "datetime": {"datetime": "2021-09-24 10:13:50", "elapsed": 362.069627, "delta": 2.615081}}
{"target": 0.29668237354752325, "params": {"C": 141.7500433648874, "epsilon": 2.2522999609229615, "gamma": 0.11359949244804594}, "datetime": {"datetime": "2021-09-24 10:13:52", "elapsed": 364.371808, "delta": 2.302181}}
{"target": 0.30888075477817767, "params": {"C": 270.4333238209531, "epsilon": 2.290569843853404, "gamma": 0.05260088435762445}, "datetime": {"datetime": "2021-09-24 10:13:54", "elapsed": 366.141596, "delta": 1.769788}}
{"target": 0.35703065350367313, "params": {"C": 127.70358284755632, "epsilon": 1.9113887808534977, "gamma": 0.06401090011262923}, "datetime": {"datetime": "2021-09-24 10:13:56", "elapsed": 368.411338, "delta": 2.269742}}
{"target": 0.15962188634114827, "params": {"C": 255.61927191631915, "epsilon": 1.8227754003538006, "gamma": 0.15}, "datetime": {"datetime": "2021-09-24 10:14:00", "elapsed": 372.135559, "delta": 3.724221}}
{"target": 0.36919791277402914, "params": {"C": 134.3319186719579, "epsilon": 2.996535550295692, "gamma": 0.05577258124437709}, "datetime": {"datetime": "2021-09-24 10:14:02", "elapsed": 373.838881, "delta": 1.703322}}
{"target": 0.44512979709189915, "params": {"C": 193.31114957485653, "epsilon": 1.2824992626699658, "gamma": 0.008907063686760728}, "datetime": {"datetime": "2021-09-24 10:14:05", "elapsed": 376.933249, "delta": 3.094368}}
{"target": 0.4390649202598268, "params": {"C": 141.7135782492726, "epsilon": 2.101199995600455, "gamma": 0.018138496449473608}, "datetime": {"datetime": "2021-09-24 10:14:09", "elapsed": 381.040531, "delta": 4.107282}}
{"target": 0.3040912779465158, "params": {"C": 115.09898684931537, "epsilon": 1.2459878242723124, "gamma": 0.12797400505496173}, "datetime": {"datetime": "2021-09-24 10:14:12", "elapsed": 384.608847, "delta": 3.568316}}
{"target": 0.2966907590593343, "params": {"C": 193.46395241665184, "epsilon": 1.3330981575927492, "gamma": 0.08545562217745399}, "datetime": {"datetime": "2021-09-24 10:14:16", "elapsed": 388.363221, "delta": 3.754374}}
{"target": 0.3225855972057886, "params": {"C": 142.13764119986826, "epsilon": 2.541328083184238, "gamma": 0.08754950528945461}, "datetime": {"datetime": "2021-09-24 10:14:18", "elapsed": 390.114569, "delta": 1.751348}}
{"target": 0.30015809667038884, "params": {"C": 118.11981183676583, "epsilon": 2.7242457871745636, "gamma": 0.13003840745096173}, "datetime": {"datetime": "2021-09-24 10:14:21", "elapsed": 392.949731, "delta": 2.835162}}
{"target": 0.44981188730142185, "params": {"C": 126.91201500240217, "epsilon": 1.5358360757041694, "gamma": 0.01213346870193063}, "datetime": {"datetime": "2021-09-24 10:14:23", "elapsed": 395.584434, "delta": 2.634703}}
{"target": 0.4489641748074943, "params": {"C": 126.70446214934967, "epsilon": 1.5669666148989265, "gamma": 0.015528467841158616}, "datetime": {"datetime": "2021-09-24 10:14:26", "elapsed": 398.340209, "delta": 2.755775}}
{"target": 0.29463438326215574, "params": {"C": 126.70417694012595, "epsilon": 1.5346725921164004, "gamma": 0.1279390808585826}, "datetime": {"datetime": "2021-09-24 10:14:30", "elapsed": 402.049282, "delta": 3.709073}}
{"target": 0.3764154568080169, "params": {"C": 126.8207035225015, "epsilon": 1.4335170486113464, "gamma": 0.049209427844704966}, "datetime": {"datetime": "2021-09-24 10:14:33", "elapsed": 404.981999, "delta": 2.932717}}
{"target": 0.4180415416768055, "params": {"C": 141.0611938992768, "epsilon": 2.6507852076279517, "gamma": 0.001}, "datetime": {"datetime": "2021-09-24 10:14:36", "elapsed": 408.199923, "delta": 3.217924}}
{"target": 0.4116260916381165, "params": {"C": 126.51193056411822, "epsilon": 1.6109538387497513, "gamma": 0.033894801520318055}, "datetime": {"datetime": "2021-09-24 10:14:39", "elapsed": 410.873852, "delta": 2.673929}}
{"target": 0.2568856268839581, "params": {"C": 141.01523209171108, "epsilon": 2.637993804019696, "gamma": 0.14985463990827966}, "datetime": {"datetime": "2021-09-24 10:14:42", "elapsed": 413.759364, "delta": 2.885512}}
{"target": 0.3811360631926701, "params": {"C": 126.51669657598765, "epsilon": 1.7596277175814532, "gamma": 0.0467801420521362}, "datetime": {"datetime": "2021-09-24 10:14:45", "elapsed": 417.074819, "delta": 3.315455}}
{"target": 0.43001222370903025, "params": {"C": 126.6537404007125, "epsilon": 1.7313755292063475, "gamma": 0.026018568332734644}, "datetime": {"datetime": "2021-09-24 10:14:49", "elapsed": 420.769551, "delta": 3.694732}}
{"target": 0.44065283310463366, "params": {"C": 126.76395662050648, "epsilon": 1.6621471461160235, "gamma": 0.01880240994102305}, "datetime": {"datetime": "2021-09-24 10:14:51", "elapsed": 423.482707, "delta": 2.713156}}
{"target": 0.2399522711354295, "params": {"C": 223.64415684548345, "epsilon": 1.0529264531317222, "gamma": 0.10709163235896572}, "datetime": {"datetime": "2021-09-24 10:14:53", "elapsed": 425.423734, "delta": 1.941027}}
{"target": 0.37584340624372947, "params": {"C": 153.67606392778674, "epsilon": 2.669129392740188, "gamma": 0.04445309336028884}, "datetime": {"datetime": "2021-09-24 10:14:55", "elapsed": 427.292098, "delta": 1.868364}}
{"target": 0.42112861407144364, "params": {"C": 190.50262516536915, "epsilon": 2.723276305397966, "gamma": 0.001}, "datetime": {"datetime": "2021-09-24 10:14:59", "elapsed": 431.32, "delta": 4.027902}}
{"target": 0.43652386119679676, "params": {"C": 136.4151733097534, "epsilon": 1.8347782031984978, "gamma": 0.01990968020707339}, "datetime": {"datetime": "2021-09-24 10:15:02", "elapsed": 434.469206, "delta": 3.149206}}
{"target": 0.4395250249421119, "params": {"C": 136.5498667611549, "epsilon": 1.8630909624400716, "gamma": 0.006550263740068775}, "datetime": {"datetime": "2021-09-24 10:15:05", "elapsed": 437.417926, "delta": 2.94872}}
{"target": 0.2766239206466403, "params": {"C": 173.7793321844776, "epsilon": 1.6037300697220849, "gamma": 0.11132238603500874}, "datetime": {"datetime": "2021-09-24 10:15:07", "elapsed": 439.561403, "delta": 2.143477}}
{"target": 0.3835090092860305, "params": {"C": 148.18105629752637, "epsilon": 2.75027143715549, "gamma": 0.041383499605666625}, "datetime": {"datetime": "2021-09-24 10:15:10", "elapsed": 442.209516, "delta": 2.648113}}
{"target": 0.27848672592366, "params": {"C": 136.45139079489383, "epsilon": 1.8795341347666412, "gamma": 0.13661714373678338}, "datetime": {"datetime": "2021-09-24 10:15:16", "elapsed": 448.177729, "delta": 5.968213}}
{"target": 0.43834311772354806, "params": {"C": 150.53232894685334, "epsilon": 2.162094907255705, "gamma": 0.0061645286235496805}, "datetime": {"datetime": "2021-09-24 10:15:21", "elapsed": 453.547088, "delta": 5.369359}}
{"target": 0.4179440426993489, "params": {"C": 136.52298712294566, "epsilon": 1.5971351789519974, "gamma": 0.0013140786108718611}, "datetime": {"datetime": "2021-09-24 10:15:26", "elapsed": 458.078213, "delta": 4.531125}}
{"target": 0.42373891177551404, "params": {"C": 136.40236980331878, "epsilon": 1.6604409961438507, "gamma": 0.0025379646217163713}, "datetime": {"datetime": "2021-09-24 10:15:30", "elapsed": 461.976063, "delta": 3.89785}}
{"target": 0.415421638196221, "params": {"C": 136.40020194644393, "epsilon": 1.4998784600403567, "gamma": 0.001}, "datetime": {"datetime": "2021-09-24 10:15:34", "elapsed": 466.072565, "delta": 4.096502}}
{"target": 0.4390110000202053, "params": {"C": 197.13767765273053, "epsilon": 2.966190397921726, "gamma": 0.006730143481695627}, "datetime": {"datetime": "2021-09-24 10:15:39", "elapsed": 471.349319, "delta": 5.276754}}
{"target": 0.3226731883608869, "params": {"C": 136.5270071726634, "epsilon": 1.4401453771171084, "gamma": 0.08959594949572079}, "datetime": {"datetime": "2021-09-24 10:15:43", "elapsed": 475.079459, "delta": 3.73014}}
{"target": 0.3871864128149588, "params": {"C": 136.49693539860394, "epsilon": 1.697088980681976, "gamma": 0.04213025533356579}, "datetime": {"datetime": "2021-09-24 10:15:47", "elapsed": 479.614269, "delta": 4.53481}}
{"target": 0.286692345576966, "params": {"C": 193.25803618580613, "epsilon": 1.2848963301956797, "gamma": 0.09380699172802684}, "datetime": {"datetime": "2021-09-24 10:15:52", "elapsed": 484.253534, "delta": 4.639265}}
{"target": 0.315637915495246, "params": {"C": 292.88832030997094, "epsilon": 1.785054877461502, "gamma": 0.04478102816161713}, "datetime": {"datetime": "2021-09-24 10:15:54", "elapsed": 486.341547, "delta": 2.088013}}
{"target": 0.4306923667233379, "params": {"C": 136.27974408513154, "epsilon": 1.707369394557166, "gamma": 0.02432705723750872}, "datetime": {"datetime": "2021-09-24 10:15:57", "elapsed": 489.445024, "delta": 3.103477}}
{"target": 0.41665815390280714, "params": {"C": 136.6634998257972, "epsilon": 1.788457422729347, "gamma": 0.001}, "datetime": {"datetime": "2021-09-24 10:16:01", "elapsed": 493.346128, "delta": 3.901104}}
{"target": 0.22578634404766906, "params": {"C": 215.6900675511427, "epsilon": 2.110410063791154, "gamma": 0.11680451005364983}, "datetime": {"datetime": "2021-09-24 10:16:03", "elapsed": 495.509336, "delta": 2.163208}}
{"target": 0.4171358190244153, "params": {"C": 136.70357493821385, "epsilon": 1.9236643850710602, "gamma": 0.001}, "datetime": {"datetime": "2021-09-24 10:16:07", "elapsed": 498.750869, "delta": 3.241533}}
{"target": 0.4358530149269595, "params": {"C": 126.86509360514073, "epsilon": 1.6144780543612842, "gamma": 0.021411773075856955}, "datetime": {"datetime": "2021-09-24 10:16:10", "elapsed": 501.749692, "delta": 2.998823}}
{"target": 0.450317609605718, "params": {"C": 136.82663195486504, "epsilon": 1.7791762338875012, "gamma": 0.0129118133525787}, "datetime": {"datetime": "2021-09-24 10:16:13", "elapsed": 504.791676, "delta": 3.041984}}
{"target": 0.3469356798604103, "params": {"C": 136.92749570104573, "epsilon": 1.7497211671758448, "gamma": 0.06706536020823012}, "datetime": {"datetime": "2021-09-24 10:16:17", "elapsed": 508.762171, "delta": 3.970495}}
{"target": 0.44596735875694127, "params": {"C": 136.82877800892686, "epsilon": 1.9255405309597708, "gamma": 0.01051630655222302}, "datetime": {"datetime": "2021-09-24 10:16:20", "elapsed": 512.450988, "delta": 3.688817}}
{"target": 0.41389898131153513, "params": {"C": 136.30728664394482, "epsilon": 1.5979435968711064, "gamma": 0.031317734035147565}, "datetime": {"datetime": "2021-09-24 10:16:24", "elapsed": 515.751777, "delta": 3.300789}}
{"target": 0.349327241488011, "params": {"C": 136.72494889940606, "epsilon": 1.8385372996563962, "gamma": 0.06561429401096368}, "datetime": {"datetime": "2021-09-24 10:16:28", "elapsed": 520.414608, "delta": 4.662831}}
{"target": 0.2793975168365843, "params": {"C": 279.8026295919886, "epsilon": 2.145114469548096, "gamma": 0.07333898763661545}, "datetime": {"datetime": "2021-09-24 10:16:30", "elapsed": 522.569346, "delta": 2.154738}}
{"target": 0.3965216680539646, "params": {"C": 136.86291579929147, "epsilon": 2.0870834202711075, "gamma": 0.03895631563343833}, "datetime": {"datetime": "2021-09-24 10:16:35", "elapsed": 527.537054, "delta": 4.967708}}
{"target": 0.3092822851063455, "params": {"C": 190.6555096121017, "epsilon": 2.78922605769604, "gamma": 0.07622058215862573}, "datetime": {"datetime": "2021-09-24 10:16:39", "elapsed": 531.388959, "delta": 3.851905}}
{"target": 0.41227807045373377, "params": {"C": 125.39130632795992, "epsilon": 2.2005140708784765, "gamma": 0.001}, "datetime": {"datetime": "2021-09-24 10:16:44", "elapsed": 536.140871, "delta": 4.751912}}
{"target": 0.44325737186871694, "params": {"C": 112.73630344397638, "epsilon": 2.7401740754883877, "gamma": 0.00841283509688209}, "datetime": {"datetime": "2021-09-24 10:16:48", "elapsed": 539.837195, "delta": 3.696324}}
{"target": 0.35994035832644333, "params": {"C": 112.57924162007657, "epsilon": 2.6383471070026934, "gamma": 0.07121909215119591}, "datetime": {"datetime": "2021-09-24 10:16:54", "elapsed": 546.156561, "delta": 6.319366}}
{"target": 0.4416881226008278, "params": {"C": 136.7402905720724, "epsilon": 1.7069408523554346, "gamma": 0.00835226638914623}, "datetime": {"datetime": "2021-09-24 10:16:58", "elapsed": 550.460841, "delta": 4.30428}}
{"target": 0.2869404630197968, "params": {"C": 112.83240320662209, "epsilon": 2.6519163221092596, "gamma": 0.14996789512690714}, "datetime": {"datetime": "2021-09-24 10:17:03", "elapsed": 554.788276, "delta": 4.327435}}
{"target": 0.3015093615721619, "params": {"C": 136.78165094873003, "epsilon": 1.5719926271676021, "gamma": 0.11307541756315127}, "datetime": {"datetime": "2021-09-24 10:17:07", "elapsed": 559.288529, "delta": 4.500253}}
{"target": 0.43487917808828347, "params": {"C": 125.56030008398898, "epsilon": 2.1574905867985397, "gamma": 0.022359155032200845}, "datetime": {"datetime": "2021-09-24 10:17:11", "elapsed": 563.480624, "delta": 4.192095}}
{"target": 0.2595251047249344, "params": {"C": 166.74800145611403, "epsilon": 2.6119671107479125, "gamma": 0.12725090103397255}, "datetime": {"datetime": "2021-09-24 10:17:14", "elapsed": 566.048428, "delta": 2.567804}}
{"target": 0.395638170399896, "params": {"C": 120.31632053709734, "epsilon": 1.1261553107068167, "gamma": 0.04291074090864123}, "datetime": {"datetime": "2021-09-24 10:17:16", "elapsed": 568.605874, "delta": 2.557446}}
{"target": 0.412817296434945, "params": {"C": 125.47133622405536, "epsilon": 2.0503442073581577, "gamma": 0.001}, "datetime": {"datetime": "2021-09-24 10:17:20", "elapsed": 572.366361, "delta": 3.760487}}
{"target": 0.3721298712473877, "params": {"C": 125.68022007952598, "epsilon": 2.082150591934143, "gamma": 0.05452118043942691}, "datetime": {"datetime": "2021-09-24 10:17:24", "elapsed": 575.842232, "delta": 3.475871}}
{"target": 0.3037177691735339, "params": {"C": 136.9671567987609, "epsilon": 1.9441389834790601, "gamma": 0.11083097753191243}, "datetime": {"datetime": "2021-09-24 10:17:29", "elapsed": 581.365291, "delta": 5.523059}}
{"target": 0.4288516241081486, "params": {"C": 127.1436753647237, "epsilon": 1.7977344902646357, "gamma": 0.0037793325203435433}, "datetime": {"datetime": "2021-09-24 10:17:34", "elapsed": 586.051313, "delta": 4.686022}}
{"target": 0.29625695526601437, "params": {"C": 182.11462727204218, "epsilon": 2.925959561601511, "gamma": 0.0922609701440306}, "datetime": {"datetime": "2021-09-24 10:17:36", "elapsed": 588.062046, "delta": 2.010733}}
{"target": 0.3674787622308745, "params": {"C": 166.7911841152697, "epsilon": 2.107660521683777, "gamma": 0.044645619375820955}, "datetime": {"datetime": "2021-09-24 10:17:38", "elapsed": 589.988623, "delta": 1.926577}}
{"target": 0.3064930117514405, "params": {"C": 125.38059567885009, "epsilon": 2.070764243772855, "gamma": 0.11730476509422073}, "datetime": {"datetime": "2021-09-24 10:17:43", "elapsed": 595.315696, "delta": 5.327073}}
{"target": 0.3281328401524237, "params": {"C": 125.49092149559304, "epsilon": 2.3357908669336673, "gamma": 0.09304505078276601}, "datetime": {"datetime": "2021-09-24 10:17:46", "elapsed": 598.116612, "delta": 2.800916}}
{"target": 0.44526030332582356, "params": {"C": 117.68410149348838, "epsilon": 2.0503982320608536, "gamma": 0.017432435100261465}, "datetime": {"datetime": "2021-09-24 10:17:51", "elapsed": 603.075717, "delta": 4.959105}}
{"target": 0.33894564602151034, "params": {"C": 117.4800458763036, "epsilon": 1.9454336944242712, "gamma": 0.08479406716961296}, "datetime": {"datetime": "2021-09-24 10:17:55", "elapsed": 606.697205, "delta": 3.621488}}
{"target": 0.2822256298522019, "params": {"C": 203.94493234727537, "epsilon": 2.869036090703635, "gamma": 0.09289905103693706}, "datetime": {"datetime": "2021-09-24 10:17:57", "elapsed": 608.95198, "delta": 2.254775}}
{"target": 0.4486124230901448, "params": {"C": 117.85661636230522, "epsilon": 1.9213041185459747, "gamma": 0.014800338348998653}, "datetime": {"datetime": "2021-09-24 10:18:01", "elapsed": 612.725602, "delta": 3.773622}}
{"target": 0.2838715233613647, "params": {"C": 117.70459234142272, "epsilon": 2.044289416719073, "gamma": 0.14851715375079877}, "datetime": {"datetime": "2021-09-24 10:18:04", "elapsed": 615.96323, "delta": 3.237628}}
{"target": 0.3347492289114268, "params": {"C": 117.93967176198679, "epsilon": 1.8246942595027502, "gamma": 0.08932972751384209}, "datetime": {"datetime": "2021-09-24 10:18:09", "elapsed": 621.252778, "delta": 5.289548}}
{"target": 0.4199998963634912, "params": {"C": 126.61844610825631, "epsilon": 1.6030725271748016, "gamma": 0.0017783425437981216}, "datetime": {"datetime": "2021-09-24 10:18:13", "elapsed": 625.42727, "delta": 4.174492}}
{"target": 0.3922407939610991, "params": {"C": 117.7065822491971, "epsilon": 1.9151983222947537, "gamma": 0.045325240156942656}, "datetime": {"datetime": "2021-09-24 10:18:17", "elapsed": 629.549141, "delta": 4.121871}}
{"target": 0.41941378928370265, "params": {"C": 135.26505208515104, "epsilon": 1.3359295653611656, "gamma": 0.001799309139776187}, "datetime": {"datetime": "2021-09-24 10:18:21", "elapsed": 633.45584, "delta": 3.906699}}
{"target": 0.43503293206813776, "params": {"C": 117.93195941193005, "epsilon": 2.0483155584817365, "gamma": 0.022531050223792856}, "datetime": {"datetime": "2021-09-24 10:18:25", "elapsed": 637.329873, "delta": 3.874033}}
{"target": 0.3316149534870009, "params": {"C": 135.14724203220686, "epsilon": 1.3249412229704292, "gamma": 0.0795616318259727}, "datetime": {"datetime": "2021-09-24 10:18:30", "elapsed": 642.3182, "delta": 4.988327}}
{"target": 0.33816693604967774, "params": {"C": 154.66054878657562, "epsilon": 1.141139160337259, "gamma": 0.06413694991913312}, "datetime": {"datetime": "2021-09-24 10:18:34", "elapsed": 645.804606, "delta": 3.486406}}
{"target": 0.4339301877084384, "params": {"C": 197.06270537688403, "epsilon": 2.642616212998913, "gamma": 0.004768204056995409}, "datetime": {"datetime": "2021-09-24 10:18:38", "elapsed": 649.825797, "delta": 4.021191}}
{"target": 0.43188919143147375, "params": {"C": 197.00378348232005, "epsilon": 2.5276879323039596, "gamma": 0.01838922341902512}, "datetime": {"datetime": "2021-09-24 10:18:41", "elapsed": 653.341798, "delta": 3.516001}}
{"target": 0.4223838974343399, "params": {"C": 211.0318023844223, "epsilon": 1.7198797252671836, "gamma": 0.020810246595781182}, "datetime": {"datetime": "2021-09-24 10:18:43", "elapsed": 655.47261, "delta": 2.130812}}
{"target": 0.4112296437908197, "params": {"C": 211.1158079123304, "epsilon": 1.8444366657351106, "gamma": 0.023447509097415817}, "datetime": {"datetime": "2021-09-24 10:18:49", "elapsed": 661.162597, "delta": 5.689987}}
{"target": 0.37247789853719027, "params": {"C": 211.26110887444503, "epsilon": 1.713936987157736, "gamma": 0.03454620381453389}, "datetime": {"datetime": "2021-09-24 10:18:53", "elapsed": 665.367413, "delta": 4.204816}}
{"target": 0.184890630493437, "params": {"C": 211.01874899718615, "epsilon": 1.796721478605217, "gamma": 0.15}, "datetime": {"datetime": "2021-09-24 10:18:57", "elapsed": 669.248198, "delta": 3.880785}}
{"target": 0.34306376228191215, "params": {"C": 114.67240131513121, "epsilon": 1.661949881228281, "gamma": 0.08127631009741636}, "datetime": {"datetime": "2021-09-24 10:18:59", "elapsed": 671.585225, "delta": 2.337027}}
{"target": 0.42586653237568883, "params": {"C": 117.83090001071932, "epsilon": 2.047615692039568, "gamma": 0.029052951823316558}, "datetime": {"datetime": "2021-09-24 10:19:03", "elapsed": 675.435614, "delta": 3.850389}}
{"target": 0.4324397502925241, "params": {"C": 136.32186747700365, "epsilon": 1.8606149058097101, "gamma": 0.023159729102782564}, "datetime": {"datetime": "2021-09-24 10:19:07", "elapsed": 678.829492, "delta": 3.393878}}
{"target": 0.3621061250217009, "params": {"C": 196.90857444027085, "epsilon": 2.57457105294767, "gamma": 0.04174082320917918}, "datetime": {"datetime": "2021-09-24 10:19:11", "elapsed": 683.230335, "delta": 4.400843}}
{"target": 0.45032463654946575, "params": {"C": 150.53574846394903, "epsilon": 2.162402667196905, "gamma": 0.012347465321773315}, "datetime": {"datetime": "2021-09-24 10:19:13", "elapsed": 685.55264, "delta": 2.322305}}
{"target": 0.41033837956947794, "params": {"C": 118.233526213422, "epsilon": 2.7563026417888516, "gamma": 0.001}, "datetime": {"datetime": "2021-09-24 10:19:18", "elapsed": 690.399591, "delta": 4.846951}}
{"target": 0.3305896892579764, "params": {"C": 150.51786986938538, "epsilon": 2.2015313979670754, "gamma": 0.07421143702610322}, "datetime": {"datetime": "2021-09-24 10:19:22", "elapsed": 694.488652, "delta": 4.089061}}
{"target": 0.2607892347947004, "params": {"C": 197.10295187764802, "epsilon": 2.51489876357987, "gamma": 0.10869391752700892}, "datetime": {"datetime": "2021-09-24 10:19:26", "elapsed": 698.318422, "delta": 3.82977}}
{"target": 0.4422865258897257, "params": {"C": 193.36580033723357, "epsilon": 1.1176441671068955, "gamma": 0.008210862150136151}, "datetime": {"datetime": "2021-09-24 10:19:30", "elapsed": 702.05641, "delta": 3.737988}}
{"target": 0.43488307638573387, "params": {"C": 108.24918015366627, "epsilon": 1.9708406036483301, "gamma": 0.022873222118749707}, "datetime": {"datetime": "2021-09-24 10:19:32", "elapsed": 704.280063, "delta": 2.223653}}
{"target": 0.28991492550515097, "params": {"C": 131.49746357787944, "epsilon": 1.3036534817812837, "gamma": 0.1288055135473304}, "datetime": {"datetime": "2021-09-24 10:19:35", "elapsed": 706.699227, "delta": 2.419164}}
