{"target": 0.08613236611872022, "params": {"C": 27.744085194308646, "epsilon": 0.04323067184237211, "gamma": 0.0001}, "datetime": {"datetime": "2021-09-24 08:39:58", "elapsed": 26.622977, "delta": 1.023496}}
{"target": 0.4179144170569835, "params": {"C": 28.961783579296643, "epsilon": 0.029290149160972084, "gamma": 0.040224605194074385}, "datetime": {"datetime": "2021-09-24 08:39:59", "elapsed": 27.053892, "delta": 0.430915}}
{"target": 0.31195073866630185, "params": {"C": 28.036313646890928, "epsilon": 0.062417580050753645, "gamma": 0.21701189540572854}, "datetime": {"datetime": "2021-09-24 08:39:59", "elapsed": 27.665573, "delta": 0.611681}}
{"target": 0.35499542112241866, "params": {"C": 30.20037502219117, "epsilon": 0.00949716082155503, "gamma": 0.1558395688238718}, "datetime": {"datetime": "2021-09-24 08:40:00", "elapsed": 28.037239, "delta": 0.371666}}
{"target": 0.08926164735644415, "params": {"C": 28.95075028100189, "epsilon": 0.20629296670849234, "gamma": 0.0001}, "datetime": {"datetime": "2021-09-24 08:40:00", "elapsed": 28.655886, "delta": 0.618647}}
{"target": 0.32114931246202727, "params": {"C": 9.544279627865157, "epsilon": 0.5474972460611296, "gamma": 0.12921664909419367}, "datetime": {"datetime": "2021-09-24 08:40:01", "elapsed": 29.083777, "delta": 0.427891}}
{"target": 0.3076997353326554, "params": {"C": 27.519342702166615, "epsilon": 0.47206162940071633, "gamma": 0.21994354932236654}, "datetime": {"datetime": "2021-09-24 08:40:01", "elapsed": 29.525744, "delta": 0.441967}}
{"target": 0.08548466104464292, "params": {"C": 27.497060610113515, "epsilon": 0.2769042288162519, "gamma": 0.0001}, "datetime": {"datetime": "2021-09-24 08:40:02", "elapsed": 30.158084, "delta": 0.63234}}
{"target": 0.40729465279067034, "params": {"C": 14.41657266463478, "epsilon": 0.5715174145183288, "gamma": 0.06727952080353851}, "datetime": {"datetime": "2021-09-24 08:40:03", "elapsed": 30.83506, "delta": 0.676976}}
{"target": 0.3149106403925763, "params": {"C": 14.298726080848127, "epsilon": 0.5545893782906045, "gamma": 0.16343666518092967}, "datetime": {"datetime": "2021-09-24 08:40:03", "elapsed": 31.447184, "delta": 0.612124}}
{"target": 0.3463771989113641, "params": {"C": 27.982074490286532, "epsilon": 0.49117244030380586, "gamma": 0.17037098418197477}, "datetime": {"datetime": "2021-09-24 08:40:04", "elapsed": 32.06281, "delta": 0.615626}}
{"target": 0.4068642676381673, "params": {"C": 27.79158992293915, "epsilon": 0.2476446969917804, "gamma": 0.0658985090312771}, "datetime": {"datetime": "2021-09-24 08:40:04", "elapsed": 32.544185, "delta": 0.481375}}
{"target": 0.4173921604180645, "params": {"C": 14.50882867612199, "epsilon": 0.708109677329122, "gamma": 0.01397486644268087}, "datetime": {"datetime": "2021-09-24 08:40:05", "elapsed": 33.075334, "delta": 0.531149}}
{"target": 0.40022474461502167, "params": {"C": 14.767613540793619, "epsilon": 0.6970097185628541, "gamma": 0.07923992257820256}, "datetime": {"datetime": "2021-09-24 08:40:05", "elapsed": 33.602047, "delta": 0.526713}}
{"target": 0.3612181262812747, "params": {"C": 18.437036006707775, "epsilon": 0.1964570602212255, "gamma": 0.13839157523728562}, "datetime": {"datetime": "2021-09-24 08:40:06", "elapsed": 33.940418, "delta": 0.338371}}
{"target": 0.3212231891714552, "params": {"C": 90.51621249420397, "epsilon": 0.05465108842479268, "gamma": 0.13396725160046785}, "datetime": {"datetime": "2021-09-24 08:40:06", "elapsed": 34.319412, "delta": 0.378994}}
{"target": 0.24050861865328899, "params": {"C": 14.598352835802093, "epsilon": 0.6378060074366959, "gamma": 0.23555390821239483}, "datetime": {"datetime": "2021-09-24 08:40:07", "elapsed": 34.867985, "delta": 0.548573}}
{"target": 0.04388606697268982, "params": {"C": 14.63033364073017, "epsilon": 0.5593870439345703, "gamma": 0.0001}, "datetime": {"datetime": "2021-09-24 08:40:07", "elapsed": 35.388916, "delta": 0.520931}}
{"target": 0.3014064338722522, "params": {"C": 14.828377307231651, "epsilon": 0.8324515268615444, "gamma": 0.17813895680637964}, "datetime": {"datetime": "2021-09-24 08:40:08", "elapsed": 35.994568, "delta": 0.605652}}
{"target": 0.33877244616489655, "params": {"C": 27.692116856257385, "epsilon": 0.7165983666004276, "gamma": 0.18198251093344536}, "datetime": {"datetime": "2021-09-24 08:40:08", "elapsed": 36.603777, "delta": 0.609209}}
{"target": 0.18135900613406208, "params": {"C": 57.131056273796354, "epsilon": 0.30143331010793306, "gamma": 0.441947654162062}, "datetime": {"datetime": "2021-09-24 08:40:09", "elapsed": 36.946719, "delta": 0.342942}}
{"target": 0.42206205510712147, "params": {"C": 28.77686127584522, "epsilon": 0.001, "gamma": 0.009213050814771997}, "datetime": {"datetime": "2021-09-24 08:40:10", "elapsed": 37.791019, "delta": 0.8443}}
{"target": 0.3204319816435631, "params": {"C": 28.87779232032303, "epsilon": 0.0010254289689544907, "gamma": 0.20895023851966307}, "datetime": {"datetime": "2021-09-24 08:40:10", "elapsed": 38.27462, "delta": 0.483601}}
{"target": 0.370015232611021, "params": {"C": 27.668975390036813, "epsilon": 0.48537279673863515, "gamma": 0.13219427683953133}, "datetime": {"datetime": "2021-09-24 08:40:11", "elapsed": 38.887275, "delta": 0.612655}}
{"target": 0.08172205747937378, "params": {"C": 26.360877942836456, "epsilon": 0.7920208131132132, "gamma": 0.0001}, "datetime": {"datetime": "2021-09-24 08:40:12", "elapsed": 39.800379, "delta": 0.913104}}
{"target": 0.3850420124391918, "params": {"C": 28.305190261713335, "epsilon": 0.5946141935292564, "gamma": 0.1020093434120776}, "datetime": {"datetime": "2021-09-24 08:40:12", "elapsed": 40.365747, "delta": 0.565368}}
{"target": 0.41763829510080586, "params": {"C": 14.68946165877426, "epsilon": 0.8246187265490538, "gamma": 0.04738210091103049}, "datetime": {"datetime": "2021-09-24 08:40:13", "elapsed": 41.028706, "delta": 0.662959}}
{"target": 0.032625177029794616, "params": {"C": 5.007184600202436, "epsilon": 0.53320936633211, "gamma": 0.43907299175543885}, "datetime": {"datetime": "2021-09-24 08:40:13", "elapsed": 41.476494, "delta": 0.447788}}
{"target": 0.0452062041072131, "params": {"C": 48.25683793729824, "epsilon": 0.9758837702814769, "gamma": 0.9095203680493953}, "datetime": {"datetime": "2021-09-24 08:40:14", "elapsed": 41.882674, "delta": 0.40618}}
{"target": 0.08496745385166882, "params": {"C": 27.44797311788587, "epsilon": 0.746423858996241, "gamma": 0.0001}, "datetime": {"datetime": "2021-09-24 08:40:14", "elapsed": 42.652525, "delta": 0.769851}}
{"target": 0.39015313300823806, "params": {"C": 28.851093634670168, "epsilon": 0.9343186241877559, "gamma": 0.09326197179093443}, "datetime": {"datetime": "2021-09-24 08:40:15", "elapsed": 43.213292, "delta": 0.560767}}
{"target": 0.0434146578812068, "params": {"C": 14.283204522548857, "epsilon": 0.603690882687054, "gamma": 0.0001}, "datetime": {"datetime": "2021-09-24 08:40:16", "elapsed": 44.161083, "delta": 0.947791}}
{"target": 0.37192196658564114, "params": {"C": 29.03945604538016, "epsilon": 0.9955913346488634, "gamma": 0.12588406467435045}, "datetime": {"datetime": "2021-09-24 08:40:16", "elapsed": 44.771109, "delta": 0.610026}}
{"target": 0.26702050761020013, "params": {"C": 28.8987063354002, "epsilon": 0.8569032622118807, "gamma": 0.2686542265318743}, "datetime": {"datetime": "2021-09-24 08:40:17", "elapsed": 45.520135, "delta": 0.749026}}
{"target": 0.3728341081551909, "params": {"C": 41.276185411652726, "epsilon": 0.734347297894539, "gamma": 0.10455333559120915}, "datetime": {"datetime": "2021-09-24 08:40:18", "elapsed": 45.973061, "delta": 0.452926}}
{"target": 0.3756378697346019, "params": {"C": 29.098114705584237, "epsilon": 0.001, "gamma": 0.11900664352139868}, "datetime": {"datetime": "2021-09-24 08:40:18", "elapsed": 46.776607, "delta": 0.803546}}
{"target": 0.4205779914022565, "params": {"C": 14.61262133153512, "epsilon": 0.9609927867027706, "gamma": 0.03418799509862143}, "datetime": {"datetime": "2021-09-24 08:40:19", "elapsed": 47.478046, "delta": 0.701439}}
{"target": 0.42101120834271155, "params": {"C": 28.00034475718682, "epsilon": 0.21429360462647493, "gamma": 0.03406216183184557}, "datetime": {"datetime": "2021-09-24 08:40:20", "elapsed": 48.281053, "delta": 0.803007}}
{"target": 0.12122208920093724, "params": {"C": 41.53970457244417, "epsilon": 0.8475741963347434, "gamma": 0.5343644523411648}, "datetime": {"datetime": "2021-09-24 08:40:20", "elapsed": 48.756684, "delta": 0.475631}}
{"target": 0.4146561366008127, "params": {"C": 27.708665193477742, "epsilon": 0.3401532684298944, "gamma": 0.048535054467562413}, "datetime": {"datetime": "2021-09-24 08:40:21", "elapsed": 49.536117, "delta": 0.779433}}
{"target": 0.046676594103395086, "params": {"C": 53.38161973800926, "epsilon": 0.142346425419069, "gamma": 0.9291605896035497}, "datetime": {"datetime": "2021-09-24 08:40:22", "elapsed": 50.023123, "delta": 0.487006}}
{"target": 0.3018581123780353, "params": {"C": 14.696565965035557, "epsilon": 0.9826434882864873, "gamma": 0.17696970367563578}, "datetime": {"datetime": "2021-09-24 08:40:23", "elapsed": 50.781627, "delta": 0.758504}}
{"target": 0.306251091441354, "params": {"C": 58.776435256784936, "epsilon": 0.53858724595453, "gamma": 0.21091552693163793}, "datetime": {"datetime": "2021-09-24 08:40:23", "elapsed": 51.21834, "delta": 0.436713}}
{"target": 0.08992895554579017, "params": {"C": 28.99556153333045, "epsilon": 0.860653063829178, "gamma": 0.0001}, "datetime": {"datetime": "2021-09-24 08:40:24", "elapsed": 52.150377, "delta": 0.932037}}
{"target": 0.33969698825899297, "params": {"C": 14.365436054004014, "epsilon": 0.7404542660057515, "gamma": 0.14254140920683336}, "datetime": {"datetime": "2021-09-24 08:40:25", "elapsed": 52.830061, "delta": 0.679684}}
{"target": 0.40129278779332067, "params": {"C": 28.383737163840003, "epsilon": 0.00889707058305175, "gamma": 0.0025946184413144584}, "datetime": {"datetime": "2021-09-24 08:40:25", "elapsed": 53.47276, "delta": 0.642699}}
{"target": 0.41635120102111856, "params": {"C": 14.757725475669274, "epsilon": 0.94798720256745, "gamma": 0.011854042610265484}, "datetime": {"datetime": "2021-09-24 08:40:26", "elapsed": 54.350874, "delta": 0.878114}}
{"target": 0.326999885608538, "params": {"C": 14.406943560766324, "epsilon": 0.4047216948962595, "gamma": 0.1535484460912706}, "datetime": {"datetime": "2021-09-24 08:40:27", "elapsed": 55.066824, "delta": 0.71595}}
{"target": 0.027968116929510844, "params": {"C": 9.714026987992096, "epsilon": 0.5427061123621552, "gamma": 0.0001}, "datetime": {"datetime": "2021-09-24 08:40:28", "elapsed": 55.866802, "delta": 0.799978}}
{"target": 0.41925694725368845, "params": {"C": 30.987444857645233, "epsilon": 0.001, "gamma": 0.03848239133183773}, "datetime": {"datetime": "2021-09-24 08:40:29", "elapsed": 57.265147, "delta": 1.398345}}
{"target": 0.25049341111333234, "params": {"C": 93.97890369088391, "epsilon": 0.17737442657078295, "gamma": 0.23743979825990477}, "datetime": {"datetime": "2021-09-24 08:40:30", "elapsed": 57.893152, "delta": 0.628005}}
{"target": 0.261802452845702, "params": {"C": 46.375066747584846, "epsilon": 0.8212120656156152, "gamma": 0.2987864943971782}, "datetime": {"datetime": "2021-09-24 08:40:30", "elapsed": 58.565154, "delta": 0.672002}}
{"target": 0.41096091698304427, "params": {"C": 27.68921633483506, "epsilon": 0.3544939495590007, "gamma": 0.05796598305322279}, "datetime": {"datetime": "2021-09-24 08:40:31", "elapsed": 59.224145, "delta": 0.658991}}
{"target": 0.41790709886035093, "params": {"C": 28.62806471205594, "epsilon": 0.22684824157904204, "gamma": 0.039589694057052476}, "datetime": {"datetime": "2021-09-24 08:40:32", "elapsed": 60.446336, "delta": 1.222191}}
{"target": 0.08919952536623021, "params": {"C": 28.76791307898236, "epsilon": 1.0, "gamma": 0.0001}, "datetime": {"datetime": "2021-09-24 08:40:33", "elapsed": 61.600402, "delta": 1.154066}}
{"target": 0.3614117546263297, "params": {"C": 27.916643071517626, "epsilon": 0.6582424909675717, "gamma": 0.14513654706500292}, "datetime": {"datetime": "2021-09-24 08:40:34", "elapsed": 62.692293, "delta": 1.091891}}
{"target": 0.08665188125176104, "params": {"C": 27.942887416551358, "epsilon": 0.31796431072036374, "gamma": 0.0001}, "datetime": {"datetime": "2021-09-24 08:40:35", "elapsed": 63.541066, "delta": 0.848773}}
{"target": 0.4151272359533593, "params": {"C": 28.21621914002085, "epsilon": 0.8372483930980937, "gamma": 0.04498049843135649}, "datetime": {"datetime": "2021-09-24 08:40:36", "elapsed": 64.24507, "delta": 0.704004}}
{"target": 0.3858195477621774, "params": {"C": 28.111313136478113, "epsilon": 0.6071436693770637, "gamma": 0.0017061770074716209}, "datetime": {"datetime": "2021-09-24 08:40:37", "elapsed": 65.278015, "delta": 1.032945}}
{"target": 0.34947115977199716, "params": {"C": 28.01794741310752, "epsilon": 0.20715389270484078, "gamma": 0.16614752665453883}, "datetime": {"datetime": "2021-09-24 08:40:38", "elapsed": 66.225389, "delta": 0.947374}}
{"target": 0.36669396479688987, "params": {"C": 28.60583486496044, "epsilon": 0.14898175055302684, "gamma": 0.1372008317326854}, "datetime": {"datetime": "2021-09-24 08:40:39", "elapsed": 66.898554, "delta": 0.673165}}
{"target": 0.38137970232032836, "params": {"C": 27.835427500314104, "epsilon": 0.4431296290775328, "gamma": 0.1100547356159517}, "datetime": {"datetime": "2021-09-24 08:40:39", "elapsed": 67.68168, "delta": 0.783126}}
{"target": 0.42414759585713935, "params": {"C": 27.773170451818082, "epsilon": 0.4315137675060225, "gamma": 0.029734748071455482}, "datetime": {"datetime": "2021-09-24 08:40:41", "elapsed": 68.930815, "delta": 1.249135}}
{"target": 0.3389500204684326, "params": {"C": 70.17899953054088, "epsilon": 0.30767951463996485, "gamma": 0.13077460753484532}, "datetime": {"datetime": "2021-09-24 08:40:41", "elapsed": 69.517622, "delta": 0.586807}}
{"target": 0.2906030335375298, "params": {"C": 50.420039930416046, "epsilon": 0.21853566617929937, "gamma": 0.25371268268163666}, "datetime": {"datetime": "2021-09-24 08:40:42", "elapsed": 70.037172, "delta": 0.51955}}
{"target": 0.044979618127248266, "params": {"C": 14.831957103523349, "epsilon": 0.8012849588254668, "gamma": 0.0001}, "datetime": {"datetime": "2021-09-24 08:40:43", "elapsed": 71.20117, "delta": 1.163998}}
{"target": 0.04365490847629527, "params": {"C": 26.406859326281058, "epsilon": 0.6922466679694318, "gamma": 0.735593567056597}, "datetime": {"datetime": "2021-09-24 08:40:43", "elapsed": 71.720391, "delta": 0.519221}}
{"target": 0.055873193639837226, "params": {"C": 24.196734814373972, "epsilon": 0.2350986058889464, "gamma": 0.6432703386126583}, "datetime": {"datetime": "2021-09-24 08:40:44", "elapsed": 72.357389, "delta": 0.636998}}
{"target": 0.4213261377196036, "params": {"C": 14.485789311221694, "epsilon": 0.9119243048580797, "gamma": 0.019733293605921777}, "datetime": {"datetime": "2021-09-24 08:40:45", "elapsed": 73.099576, "delta": 0.742187}}
{"target": 0.23689050565660752, "params": {"C": 59.676560214475124, "epsilon": 0.8270893806757873, "gamma": 0.3334159455298634}, "datetime": {"datetime": "2021-09-24 08:40:45", "elapsed": 73.641828, "delta": 0.542252}}
{"target": 0.42789491492368514, "params": {"C": 28.39191393779497, "epsilon": 0.6883462140881245, "gamma": 0.02283097911961176}, "datetime": {"datetime": "2021-09-24 08:40:46", "elapsed": 74.400677, "delta": 0.758849}}
{"target": 0.3881105719102468, "params": {"C": 30.6582657871835, "epsilon": 0.34569758508501414, "gamma": 0.09443493619685193}, "datetime": {"datetime": "2021-09-24 08:40:47", "elapsed": 75.212433, "delta": 0.811756}}
{"target": 0.2861158880386103, "params": {"C": 14.681789286959974, "epsilon": 0.7753585689973981, "gamma": 0.191195490589272}, "datetime": {"datetime": "2021-09-24 08:40:48", "elapsed": 76.010125, "delta": 0.797692}}
{"target": 0.03905544835092789, "params": {"C": 49.183708667315145, "epsilon": 0.8336133311370832, "gamma": 0.9777019573021254}, "datetime": {"datetime": "2021-09-24 08:40:48", "elapsed": 76.568742, "delta": 0.558617}}
{"target": 0.16609666674582124, "params": {"C": 85.00564056369083, "epsilon": 0.14848511017399607, "gamma": 0.47513908381330455}, "datetime": {"datetime": "2021-09-24 08:40:49", "elapsed": 77.176605, "delta": 0.607863}}
{"target": 0.18249314771197467, "params": {"C": 28.534983290015507, "epsilon": 0.8411031577629389, "gamma": 0.00023253125933348173}, "datetime": {"datetime": "2021-09-24 08:40:50", "elapsed": 78.089588, "delta": 0.912983}}
{"target": 0.3337373418735289, "params": {"C": 31.01862973207823, "epsilon": 0.06984380015865758, "gamma": 0.1912782770164302}, "datetime": {"datetime": "2021-09-24 08:40:51", "elapsed": 78.91802, "delta": 0.828432}}
{"target": 0.35557105590693194, "params": {"C": 28.41845840621088, "epsilon": 0.7277010012808992, "gamma": 0.15481372731267304}, "datetime": {"datetime": "2021-09-24 08:40:52", "elapsed": 79.828091, "delta": 0.910071}}
{"target": 0.41680389926432493, "params": {"C": 28.671565494912763, "epsilon": 0.0926091147301972, "gamma": 0.04326952272686369}, "datetime": {"datetime": "2021-09-24 08:40:52", "elapsed": 80.77825, "delta": 0.950159}}
{"target": 0.4071459048802646, "params": {"C": 28.054990879568955, "epsilon": 0.11927770315767602, "gamma": 0.06527936086508393}, "datetime": {"datetime": "2021-09-24 08:40:53", "elapsed": 81.633222, "delta": 0.854972}}
{"target": 0.3610402646361791, "params": {"C": 28.477581867089086, "epsilon": 0.9298661482433513, "gamma": 0.14454925252783926}, "datetime": {"datetime": "2021-09-24 08:40:54", "elapsed": 82.510118, "delta": 0.876896}}
{"target": 0.35240376610020596, "params": {"C": 28.060283929414343, "epsilon": 0.6564093932457791, "gamma": 0.16074089274957384}, "datetime": {"datetime": "2021-09-24 08:40:55", "elapsed": 83.488113, "delta": 0.977995}}
{"target": 0.4251531614997026, "params": {"C": 28.25305742897297, "epsilon": 0.01253016442229999, "gamma": 0.02687807917918509}, "datetime": {"datetime": "2021-09-24 08:40:56", "elapsed": 84.464752, "delta": 0.976639}}
{"target": 0.4270383760866516, "params": {"C": 27.945050485126245, "epsilon": 0.4975835815328426, "gamma": 0.011955462135212404}, "datetime": {"datetime": "2021-09-24 08:40:57", "elapsed": 85.533551, "delta": 1.068799}}
{"target": 0.3530091184755195, "params": {"C": 14.309796660917542, "epsilon": 0.952847854924861, "gamma": 0.13017938569738793}, "datetime": {"datetime": "2021-09-24 08:40:59", "elapsed": 87.039904, "delta": 1.506353}}
{"target": 0.250352223554682, "params": {"C": 2.374600131153964, "epsilon": 0.74621168245056, "gamma": 0.08695277691209442}, "datetime": {"datetime": "2021-09-24 08:40:59", "elapsed": 87.69114, "delta": 0.651236}}
{"target": 0.27041680021636205, "params": {"C": 30.761637327365364, "epsilon": 0.3997443919175379, "gamma": 0.2700854720785449}, "datetime": {"datetime": "2021-09-24 08:41:01", "elapsed": 88.939234, "delta": 1.248094}}
{"target": 0.4050668794041242, "params": {"C": 28.392498899207276, "epsilon": 0.5291146622705946, "gamma": 0.06895459599668669}, "datetime": {"datetime": "2021-09-24 08:41:02", "elapsed": 90.130255, "delta": 1.191021}}
{"target": 0.2024344330181559, "params": {"C": 34.55870367319184, "epsilon": 0.3164379741973769, "gamma": 0.3632016828480307}, "datetime": {"datetime": "2021-09-24 08:41:02", "elapsed": 90.739335, "delta": 0.60908}}
{"target": 0.34492439609062997, "params": {"C": 14.853957469036532, "epsilon": 0.5896936211762002, "gamma": 0.14034848200597796}, "datetime": {"datetime": "2021-09-24 08:41:03", "elapsed": 91.660035, "delta": 0.9207}}
{"target": 0.2981996079188679, "params": {"C": 21.109950039347382, "epsilon": 0.9561481894541667, "gamma": 0.210122933507036}, "datetime": {"datetime": "2021-09-24 08:41:04", "elapsed": 92.597554, "delta": 0.937519}}
{"target": 0.4205243632847582, "params": {"C": 14.602247353808199, "epsilon": 0.8693860752363414, "gamma": 0.03470070881097232}, "datetime": {"datetime": "2021-09-24 08:41:05", "elapsed": 93.409279, "delta": 0.811725}}
{"target": 0.37501790486024145, "params": {"C": 28.212479670284477, "epsilon": 0.13025707304597597, "gamma": 0.12167688768123573}, "datetime": {"datetime": "2021-09-24 08:41:06", "elapsed": 94.25089, "delta": 0.841611}}
{"target": 0.40172666293253234, "params": {"C": 33.5012375597094, "epsilon": 0.4186334610311924, "gamma": 0.07123586591272277}, "datetime": {"datetime": "2021-09-24 08:41:07", "elapsed": 94.808388, "delta": 0.557498}}
{"target": 0.14521505324056228, "params": {"C": 13.690296718858109, "epsilon": 0.03694990767892998, "gamma": 0.33151024638482235}, "datetime": {"datetime": "2021-09-24 08:41:07", "elapsed": 95.482586, "delta": 0.674198}}
{"target": 0.3831077009780316, "params": {"C": 33.59097131229296, "epsilon": 0.23762595829539818, "gamma": 0.09871637755417328}, "datetime": {"datetime": "2021-09-24 08:41:08", "elapsed": 96.38395, "delta": 0.901364}}
{"target": 0.3643136937844432, "params": {"C": 33.38352609423838, "epsilon": 0.3056842518558323, "gamma": 0.13438052044498766}, "datetime": {"datetime": "2021-09-24 08:41:09", "elapsed": 97.728719, "delta": 1.344769}}
{"target": 0.1013391466359933, "params": {"C": 33.476887738355984, "epsilon": 0.28414188422901204, "gamma": 0.0001}, "datetime": {"datetime": "2021-09-24 08:41:11", "elapsed": 98.927617, "delta": 1.198898}}
{"target": 0.2503467095319176, "params": {"C": 96.66279123572359, "epsilon": 0.5609860500763147, "gamma": 0.23052318318887097}, "datetime": {"datetime": "2021-09-24 08:41:11", "elapsed": 99.612367, "delta": 0.68475}}
{"target": 0.34551310349250475, "params": {"C": 33.45510863851151, "epsilon": 0.48383450956864466, "gamma": 0.16955499804903276}, "datetime": {"datetime": "2021-09-24 08:41:13", "elapsed": 100.887646, "delta": 1.275279}}
{"target": 0.43375543455521404, "params": {"C": 33.74715496088864, "epsilon": 0.23828985959615434, "gamma": 0.01614226541517756}, "datetime": {"datetime": "2021-09-24 08:41:14", "elapsed": 102.681705, "delta": 1.794059}}
