{"target": -38.21443836778503, "params": {"C": 31.689160926440355, "epsilon": 1.857125829003567, "gamma": 0.0394254772055671}, "datetime": {"datetime": "2021-09-28 12:05:46", "elapsed": 500.645745, "delta": 3.313595}}
{"target": -37.08485621047551, "params": {"C": 16.337730285864833, "epsilon": 2.327534565813352, "gamma": 0.01768640196846798}, "datetime": {"datetime": "2021-09-28 12:05:49", "elapsed": 504.021104, "delta": 3.375359}}
{"target": -38.157833393088325, "params": {"C": 19.467508416224707, "epsilon": 2.092458960073688, "gamma": 0.055417233317816623}, "datetime": {"datetime": "2021-09-28 12:05:53", "elapsed": 507.632048, "delta": 3.610944}}
{"target": -47.47617484604472, "params": {"C": 16.390885717101142, "epsilon": 2.2807443122448245, "gamma": 0.001}, "datetime": {"datetime": "2021-09-28 12:05:57", "elapsed": 511.288376, "delta": 3.656328}}
{"target": -37.097259468877155, "params": {"C": 27.74434282684583, "epsilon": 1.173946200204191, "gamma": 0.013035332122750206}, "datetime": {"datetime": "2021-09-28 12:06:00", "elapsed": 514.543023, "delta": 3.254647}}
{"target": -40.24081331184061, "params": {"C": 144.70179863092832, "epsilon": 1.1781897887535222, "gamma": 0.05947264835007925}, "datetime": {"datetime": "2021-09-28 12:06:02", "elapsed": 516.52802, "delta": 1.984997}}
{"target": -38.96258792999425, "params": {"C": 139.30814141073742, "epsilon": 0.4090988130849452, "gamma": 0.021147620609588493}, "datetime": {"datetime": "2021-09-28 12:06:05", "elapsed": 519.962668, "delta": 3.434648}}
{"target": -38.63215184333707, "params": {"C": 73.50136742646056, "epsilon": 2.6365423941088553, "gamma": 0.024535810819870742}, "datetime": {"datetime": "2021-09-28 12:06:08", "elapsed": 523.150889, "delta": 3.188221}}
{"target": -41.49417007086376, "params": {"C": 87.18910032560132, "epsilon": 1.6660598906548354, "gamma": 0.1556650838971565}, "datetime": {"datetime": "2021-09-28 12:06:11", "elapsed": 525.448266, "delta": 2.297377}}
{"target": -37.16220329301047, "params": {"C": 27.84304739491163, "epsilon": 0.9524688623248513, "gamma": 0.014371613285956257}, "datetime": {"datetime": "2021-09-28 12:06:14", "elapsed": 528.408971, "delta": 2.960705}}
{"target": -37.986383631997775, "params": {"C": 16.368348909831866, "epsilon": 2.3213806431987805, "gamma": 0.05215210652032886}, "datetime": {"datetime": "2021-09-28 12:06:17", "elapsed": 531.542042, "delta": 3.133071}}
{"target": -41.38537379722235, "params": {"C": 17.963353437378423, "epsilon": 2.091804692306545, "gamma": 0.1975530921623199}, "datetime": {"datetime": "2021-09-28 12:06:19", "elapsed": 533.425364, "delta": 1.883322}}
{"target": -38.07585327199436, "params": {"C": 16.425660307603934, "epsilon": 2.3766576585895645, "gamma": 0.05529121249655324}, "datetime": {"datetime": "2021-09-28 12:06:23", "elapsed": 538.057192, "delta": 4.631828}}
{"target": -38.67197741364781, "params": {"C": 37.35925586815765, "epsilon": 0.05220175998910165, "gamma": 0.002742609848577649}, "datetime": {"datetime": "2021-09-28 12:06:27", "elapsed": 541.324648, "delta": 3.267456}}
{"target": -38.95260737351492, "params": {"C": 81.34813378594279, "epsilon": 1.456948412238384, "gamma": 0.03228929537163775}, "datetime": {"datetime": "2021-09-28 12:06:29", "elapsed": 543.531318, "delta": 2.20667}}
{"target": -39.499388370025244, "params": {"C": 27.670645539680443, "epsilon": 1.1429448066597392, "gamma": 0.0029891659378964044}, "datetime": {"datetime": "2021-09-28 12:06:33", "elapsed": 547.490132, "delta": 3.958814}}
{"target": -40.86440441011352, "params": {"C": 134.95295904603148, "epsilon": 1.71809914708737, "gamma": 0.0976138157025938}, "datetime": {"datetime": "2021-09-28 12:06:35", "elapsed": 549.815137, "delta": 2.325005}}
{"target": -38.03694402819182, "params": {"C": 19.605498825649033, "epsilon": 1.7397190953316086, "gamma": 0.006578761084041696}, "datetime": {"datetime": "2021-09-28 12:06:40", "elapsed": 554.947133, "delta": 5.131996}}
{"target": -39.039691940345335, "params": {"C": 125.31824806461992, "epsilon": 2.1833215707649805, "gamma": 0.035740529906284894}, "datetime": {"datetime": "2021-09-28 12:06:42", "elapsed": 557.071583, "delta": 2.12445}}
{"target": -37.559086225062885, "params": {"C": 19.548428318082124, "epsilon": 2.0490667194087475, "gamma": 0.03237203457827634}, "datetime": {"datetime": "2021-09-28 12:06:45", "elapsed": 560.128294, "delta": 3.056711}}
{"target": -37.09672670344367, "params": {"C": 40.79770925604647, "epsilon": 0.7948857010115683, "gamma": 0.006523821090490318}, "datetime": {"datetime": "2021-09-28 12:06:48", "elapsed": 562.395809, "delta": 2.267515}}
{"target": -38.05897140520255, "params": {"C": 27.461261269582614, "epsilon": 1.2724057014564476, "gamma": 0.04456973228059069}, "datetime": {"datetime": "2021-09-28 12:06:51", "elapsed": 565.826229, "delta": 3.43042}}
{"target": -39.15094798147555, "params": {"C": 139.3983502541789, "epsilon": 0.8149351046619158, "gamma": 0.029281458779960128}, "datetime": {"datetime": "2021-09-28 12:06:54", "elapsed": 568.797803, "delta": 2.971574}}
{"target": -38.089198554378854, "params": {"C": 27.710146124614223, "epsilon": 1.201113882291149, "gamma": 0.045246437956969796}, "datetime": {"datetime": "2021-09-28 12:06:57", "elapsed": 571.944224, "delta": 3.146421}}
{"target": -37.36677841532231, "params": {"C": 16.58511558994896, "epsilon": 2.2249872031261906, "gamma": 0.02726202182447596}, "datetime": {"datetime": "2021-09-28 12:07:00", "elapsed": 574.898745, "delta": 2.954521}}
{"target": -40.801399834533264, "params": {"C": 3.8562339837437816, "epsilon": 0.2611911110256846, "gamma": 0.043629355307433934}, "datetime": {"datetime": "2021-09-28 12:07:02", "elapsed": 577.189697, "delta": 2.290952}}
{"target": -41.15022197222273, "params": {"C": 50.72726108480496, "epsilon": 2.4181446825664947, "gamma": 0.16961697520644659}, "datetime": {"datetime": "2021-09-28 12:07:05", "elapsed": 579.555355, "delta": 2.365658}}
{"target": -38.17157087620342, "params": {"C": 16.135658800137513, "epsilon": 0.1901698884048717, "gamma": 0.05697474792496379}, "datetime": {"datetime": "2021-09-28 12:07:08", "elapsed": 582.245067, "delta": 2.689712}}
{"target": -47.381320473011876, "params": {"C": 16.56076730570978, "epsilon": 2.4690104927359986, "gamma": 0.0010073324934017035}, "datetime": {"datetime": "2021-09-28 12:07:11", "elapsed": 585.950668, "delta": 3.705601}}
{"target": -38.01231672356853, "params": {"C": 19.725448270938802, "epsilon": 1.939140807024326, "gamma": 0.04556337922672427}, "datetime": {"datetime": "2021-09-28 12:07:15", "elapsed": 589.715954, "delta": 3.765286}}
{"target": -38.08502749751449, "params": {"C": 19.660376907400806, "epsilon": 2.076501720308128, "gamma": 0.052127238060820986}, "datetime": {"datetime": "2021-09-28 12:07:21", "elapsed": 595.240725, "delta": 5.524771}}
{"target": -38.45511751008493, "params": {"C": 44.207649315582294, "epsilon": 2.5380050795752007, "gamma": 0.03209631392388521}, "datetime": {"datetime": "2021-09-28 12:07:25", "elapsed": 599.257, "delta": 4.016275}}
{"target": -40.86571750276891, "params": {"C": 62.17539731767143, "epsilon": 2.8889763626214657, "gamma": 0.12288545676954424}, "datetime": {"datetime": "2021-09-28 12:07:27", "elapsed": 601.696151, "delta": 2.439151}}
{"target": -39.27079080758266, "params": {"C": 50.75943216587592, "epsilon": 1.6619369522648237, "gamma": 0.05929180037441859}, "datetime": {"datetime": "2021-09-28 12:07:29", "elapsed": 603.631601, "delta": 1.93545}}
{"target": -38.21888768802098, "params": {"C": 44.24245107785429, "epsilon": 2.5156129310567446, "gamma": 0.027050926598831068}, "datetime": {"datetime": "2021-09-28 12:07:33", "elapsed": 607.778782, "delta": 4.147181}}
{"target": -38.94616974507331, "params": {"C": 19.50580715950341, "epsilon": 1.9062765899545717, "gamma": 0.09782135167730695}, "datetime": {"datetime": "2021-09-28 12:07:36", "elapsed": 611.010188, "delta": 3.231406}}
{"target": -38.5487935842616, "params": {"C": 27.755451128569746, "epsilon": 1.1561219463577201, "gamma": 0.0650557648627243}, "datetime": {"datetime": "2021-09-28 12:07:41", "elapsed": 615.287391, "delta": 4.277203}}
{"target": -36.901148031096334, "params": {"C": 19.45648511372965, "epsilon": 2.061592263379069, "gamma": 0.014838105046943849}, "datetime": {"datetime": "2021-09-28 12:07:44", "elapsed": 618.57588, "delta": 3.288489}}
{"target": -41.031597403129055, "params": {"C": 78.43897459872015, "epsilon": 2.803619618010101, "gamma": 0.12373765876745287}, "datetime": {"datetime": "2021-09-28 12:07:46", "elapsed": 620.959138, "delta": 2.383258}}
{"target": -37.41266377296237, "params": {"C": 16.655621850823593, "epsilon": 2.3266881033888156, "gamma": 0.027812187962132116}, "datetime": {"datetime": "2021-09-28 12:07:49", "elapsed": 624.063311, "delta": 3.104173}}
{"target": -41.04934819806637, "params": {"C": 128.90657299325628, "epsilon": 0.17087666655427589, "gamma": 0.10817174161045534}, "datetime": {"datetime": "2021-09-28 12:07:52", "elapsed": 626.325884, "delta": 2.262573}}
{"target": -38.503976714660524, "params": {"C": 16.58257874925569, "epsilon": 2.390702517272018, "gamma": 0.0771223899485166}, "datetime": {"datetime": "2021-09-28 12:07:56", "elapsed": 630.635421, "delta": 4.309537}}
{"target": -37.8191938827507, "params": {"C": 19.341818844297787, "epsilon": 2.032526314623969, "gamma": 0.0077101383905393926}, "datetime": {"datetime": "2021-09-28 12:08:00", "elapsed": 634.375229, "delta": 3.739808}}
{"target": -37.67127545904749, "params": {"C": 19.482148412138415, "epsilon": 1.9095004956937691, "gamma": 0.03771055226820422}, "datetime": {"datetime": "2021-09-28 12:08:02", "elapsed": 636.691626, "delta": 2.316397}}
{"target": -37.009715525473645, "params": {"C": 16.471947398900397, "epsilon": 2.408271091156107, "gamma": 0.0234447875942348}, "datetime": {"datetime": "2021-09-28 12:08:07", "elapsed": 641.389438, "delta": 4.697812}}
{"target": -41.39447959610771, "params": {"C": 71.15360583865348, "epsilon": 2.412729027854214, "gamma": 0.15799719132293064}, "datetime": {"datetime": "2021-09-28 12:08:10", "elapsed": 645.172226, "delta": 3.782788}}
{"target": -38.260128374397816, "params": {"C": 16.55916834012729, "epsilon": 2.422776248579424, "gamma": 0.06598434362967462}, "datetime": {"datetime": "2021-09-28 12:08:16", "elapsed": 650.518201, "delta": 5.345975}}
{"target": -38.52092414539361, "params": {"C": 40.84747645989464, "epsilon": 0.8051443947352067, "gamma": 0.036578946704089614}, "datetime": {"datetime": "2021-09-28 12:08:21", "elapsed": 655.241091, "delta": 4.72289}}
{"target": -38.04598033989277, "params": {"C": 27.633302587684017, "epsilon": 1.246468900794782, "gamma": 0.04245005283956574}, "datetime": {"datetime": "2021-09-28 12:08:24", "elapsed": 658.957701, "delta": 3.71661}}
{"target": -37.27197753404819, "params": {"C": 44.27273713739626, "epsilon": 2.4224021920510004, "gamma": 0.012467411383299327}, "datetime": {"datetime": "2021-09-28 12:08:29", "elapsed": 663.342372, "delta": 4.384671}}
{"target": -38.73364876297974, "params": {"C": 83.7186927763946, "epsilon": 1.0804596480381417, "gamma": 0.027457980352754735}, "datetime": {"datetime": "2021-09-28 12:08:31", "elapsed": 666.158905, "delta": 2.816533}}
{"target": -39.36940266402411, "params": {"C": 16.43189907186042, "epsilon": 2.34754355749964, "gamma": 0.005727380111167642}, "datetime": {"datetime": "2021-09-28 12:08:36", "elapsed": 670.748116, "delta": 4.589211}}
{"target": -40.1770250249769, "params": {"C": 52.785597482268535, "epsilon": 2.6613347968693444, "gamma": 0.10803416733714757}, "datetime": {"datetime": "2021-09-28 12:08:38", "elapsed": 673.09465, "delta": 2.346534}}
{"target": -41.81126722570351, "params": {"C": 75.28946610347602, "epsilon": 1.2749632798987498, "gamma": 0.1974417370243107}, "datetime": {"datetime": "2021-09-28 12:08:41", "elapsed": 675.910574, "delta": 2.815924}}
{"target": -39.54140844086692, "params": {"C": 11.930938979772753, "epsilon": 0.9935938469018073, "gamma": 0.10821466919050911}, "datetime": {"datetime": "2021-09-28 12:08:44", "elapsed": 678.505005, "delta": 2.594431}}
{"target": -37.481142106832124, "params": {"C": 16.404718480674433, "epsilon": 2.208586514837261, "gamma": 0.028608324458179103}, "datetime": {"datetime": "2021-09-28 12:08:48", "elapsed": 683.186094, "delta": 4.681089}}
{"target": -42.88139898293292, "params": {"C": 113.29646501744868, "epsilon": 0.7693316133895837, "gamma": 0.19302663283322596}, "datetime": {"datetime": "2021-09-28 12:08:52", "elapsed": 686.356276, "delta": 3.170182}}
{"target": -40.88032403080319, "params": {"C": 16.377036408381027, "epsilon": 2.1981226224263573, "gamma": 0.003850348532172667}, "datetime": {"datetime": "2021-09-28 12:08:56", "elapsed": 690.479298, "delta": 4.123022}}
{"target": -38.85355980804565, "params": {"C": 64.06707121457899, "epsilon": 2.295568917275061, "gamma": 0.043196405858723766}, "datetime": {"datetime": "2021-09-28 12:08:59", "elapsed": 693.78065, "delta": 3.301352}}
{"target": -38.06949462507138, "params": {"C": 27.659928010085785, "epsilon": 1.0915432418243103, "gamma": 0.0395705746763604}, "datetime": {"datetime": "2021-09-28 12:09:04", "elapsed": 699.181334, "delta": 5.400684}}
{"target": -38.717012225040534, "params": {"C": 19.46678887764396, "epsilon": 1.763667848658934, "gamma": 0.08584385631789736}, "datetime": {"datetime": "2021-09-28 12:09:09", "elapsed": 703.475128, "delta": 4.293794}}
{"target": -37.49403390282347, "params": {"C": 61.25008431127819, "epsilon": 1.1811303588555675, "gamma": 0.01339907209253808}, "datetime": {"datetime": "2021-09-28 12:09:12", "elapsed": 706.828194, "delta": 3.353066}}
{"target": -37.318080066026724, "params": {"C": 37.37091762382193, "epsilon": 0.13294128557488435, "gamma": 0.0042006503034374785}, "datetime": {"datetime": "2021-09-28 12:09:18", "elapsed": 712.234113, "delta": 5.405919}}
{"target": -38.05500744667652, "params": {"C": 7.1456392144813705, "epsilon": 1.456775485170671, "gamma": 0.03021322954114894}, "datetime": {"datetime": "2021-09-28 12:09:20", "elapsed": 714.952673, "delta": 2.71856}}
{"target": -40.72024732199593, "params": {"C": 24.46561036552018, "epsilon": 0.4563283959310349, "gamma": 0.1716932697712668}, "datetime": {"datetime": "2021-09-28 12:09:23", "elapsed": 718.01846, "delta": 3.065787}}
{"target": -38.18135195074511, "params": {"C": 44.17896405715233, "epsilon": 2.451255677725712, "gamma": 0.023006741835155615}, "datetime": {"datetime": "2021-09-28 12:09:28", "elapsed": 722.782157, "delta": 4.763697}}
{"target": -39.94631417313497, "params": {"C": 136.03990282267696, "epsilon": 0.9805448894646717, "gamma": 0.057038754352447124}, "datetime": {"datetime": "2021-09-28 12:09:31", "elapsed": 726.162525, "delta": 3.380368}}
{"target": -37.06395385719169, "params": {"C": 19.49057283645778, "epsilon": 2.195474824437391, "gamma": 0.021619028759692092}, "datetime": {"datetime": "2021-09-28 12:09:36", "elapsed": 731.031547, "delta": 4.869022}}
{"target": -40.50447797329985, "params": {"C": 48.707720865148715, "epsilon": 0.6309668318908196, "gamma": 0.1407162066891394}, "datetime": {"datetime": "2021-09-28 12:09:40", "elapsed": 734.481955, "delta": 3.450408}}
{"target": -38.60658016489715, "params": {"C": 140.1186646800019, "epsilon": 1.3436341825656783, "gamma": 0.015254321110853907}, "datetime": {"datetime": "2021-09-28 12:09:43", "elapsed": 737.584947, "delta": 3.102992}}
{"target": -38.336479682449095, "params": {"C": 16.543000661181672, "epsilon": 2.3787877861195224, "gamma": 0.07066563076406328}, "datetime": {"datetime": "2021-09-28 12:09:48", "elapsed": 742.799174, "delta": 5.214227}}
{"target": -37.89022331769105, "params": {"C": 27.671993986826322, "epsilon": 1.3154794162425545, "gamma": 0.030042726787723566}, "datetime": {"datetime": "2021-09-28 12:09:53", "elapsed": 748.103353, "delta": 5.304179}}
{"target": -37.424326853132456, "params": {"C": 16.614967463579372, "epsilon": 2.332785856966232, "gamma": 0.010486334071614613}, "datetime": {"datetime": "2021-09-28 12:09:59", "elapsed": 754.001745, "delta": 5.898392}}
{"target": -37.40404410973185, "params": {"C": 19.503316596059943, "epsilon": 2.255511781989136, "gamma": 0.028408152320115718}, "datetime": {"datetime": "2021-09-28 12:10:07", "elapsed": 761.758982, "delta": 7.757237}}
{"target": -40.607012559013825, "params": {"C": 85.40998875591963, "epsilon": 1.3553276235931773, "gamma": 0.1030417561136989}, "datetime": {"datetime": "2021-09-28 12:10:12", "elapsed": 766.393168, "delta": 4.634186}}
{"target": -38.535888788182845, "params": {"C": 48.98551361261155, "epsilon": 1.6281555812506923, "gamma": 0.031019216530048445}, "datetime": {"datetime": "2021-09-28 12:10:15", "elapsed": 769.24891, "delta": 2.855742}}
{"target": -37.83913589749183, "params": {"C": 16.48241717574376, "epsilon": 2.3815913275208827, "gamma": 0.04189658281126427}, "datetime": {"datetime": "2021-09-28 12:10:19", "elapsed": 773.636152, "delta": 4.387242}}
{"target": -37.04882600611678, "params": {"C": 17.493390348786065, "epsilon": 1.2041191247174077, "gamma": 0.010286307206663466}, "datetime": {"datetime": "2021-09-28 12:10:22", "elapsed": 776.518808, "delta": 2.882656}}
{"target": -38.885576002694386, "params": {"C": 73.55102706545055, "epsilon": 2.576681300868015, "gamma": 0.02930201020644615}, "datetime": {"datetime": "2021-09-28 12:10:25", "elapsed": 779.289499, "delta": 2.770691}}
{"target": -39.15395514383654, "params": {"C": 18.693951833576552, "epsilon": 2.76171001766885, "gamma": 0.1037586399433742}, "datetime": {"datetime": "2021-09-28 12:10:27", "elapsed": 782.190757, "delta": 2.901258}}
{"target": -38.74319040949356, "params": {"C": 61.24293505650892, "epsilon": 1.219823812161108, "gamma": 0.034640588102302264}, "datetime": {"datetime": "2021-09-28 12:10:33", "elapsed": 787.301063, "delta": 5.110306}}
{"target": -38.769759460512255, "params": {"C": 134.5526533790502, "epsilon": 2.142929377823509, "gamma": 0.02696119557145731}, "datetime": {"datetime": "2021-09-28 12:10:36", "elapsed": 790.251232, "delta": 2.950169}}
{"target": -38.20847411712842, "params": {"C": 19.472968093539702, "epsilon": 2.1996065547795607, "gamma": 0.05825032635406357}, "datetime": {"datetime": "2021-09-28 12:10:41", "elapsed": 795.678193, "delta": 5.426961}}
{"target": -37.0541333446317, "params": {"C": 19.430007838833195, "epsilon": 2.0476354531742103, "gamma": 0.016279330796319498}, "datetime": {"datetime": "2021-09-28 12:10:45", "elapsed": 800.071455, "delta": 4.393262}}
{"target": -36.86584039601555, "params": {"C": 37.387732979566906, "epsilon": 0.83822551477723, "gamma": 0.010643665819379939}, "datetime": {"datetime": "2021-09-28 12:10:49", "elapsed": 803.516088, "delta": 3.444633}}
{"target": -38.49578944359476, "params": {"C": 19.567711914698297, "epsilon": 1.8864542812009122, "gamma": 0.07601318783922595}, "datetime": {"datetime": "2021-09-28 12:10:53", "elapsed": 807.308744, "delta": 3.792656}}
{"target": -38.08318840869858, "params": {"C": 145.19738677714048, "epsilon": 2.958877852679434, "gamma": 0.011217100944943329}, "datetime": {"datetime": "2021-09-28 12:10:56", "elapsed": 810.948824, "delta": 3.64008}}
{"target": -37.11047193960339, "params": {"C": 17.498788732126265, "epsilon": 1.2437538745708048, "gamma": 0.015458584481627475}, "datetime": {"datetime": "2021-09-28 12:11:05", "elapsed": 819.218539, "delta": 8.269715}}
{"target": -37.57200741052137, "params": {"C": 19.439188416078455, "epsilon": 2.1335991509327843, "gamma": 0.008443592757392437}, "datetime": {"datetime": "2021-09-28 12:11:11", "elapsed": 825.319382, "delta": 6.100843}}
{"target": -40.815087306037576, "params": {"C": 119.06586795304932, "epsilon": 2.53192352309371, "gamma": 0.09726969199941864}, "datetime": {"datetime": "2021-09-28 12:11:14", "elapsed": 828.594691, "delta": 3.275309}}
{"target": -44.77973438433886, "params": {"C": 2.242675728163525, "epsilon": 1.3187229036106807, "gamma": 0.09974979897010301}, "datetime": {"datetime": "2021-09-28 12:11:18", "elapsed": 832.81022, "delta": 4.215529}}
{"target": -37.66616946774109, "params": {"C": 19.534683575779994, "epsilon": 2.1620150707330397, "gamma": 0.037856601677901176}, "datetime": {"datetime": "2021-09-28 12:11:22", "elapsed": 837.102293, "delta": 4.292073}}
{"target": -40.312975803169174, "params": {"C": 43.31313410389414, "epsilon": 1.2525381513395397, "gamma": 0.12884313297907482}, "datetime": {"datetime": "2021-09-28 12:11:27", "elapsed": 841.22067, "delta": 4.118377}}
{"target": -37.3247299257476, "params": {"C": 17.533274792604423, "epsilon": 1.2303711935870845, "gamma": 0.024269664695443928}, "datetime": {"datetime": "2021-09-28 12:11:34", "elapsed": 848.568785, "delta": 7.348115}}
{"target": -40.58085997121401, "params": {"C": 14.361886401396422, "epsilon": 1.7193229263049132, "gamma": 0.1504266209182899}, "datetime": {"datetime": "2021-09-28 12:11:38", "elapsed": 852.918225, "delta": 4.34944}}
{"target": -41.09385428313114, "params": {"C": 128.41614685468159, "epsilon": 0.9203097740575605, "gamma": 0.11643943372729408}, "datetime": {"datetime": "2021-09-28 12:11:43", "elapsed": 857.668874, "delta": 4.750649}}
{"target": -37.345288751687065, "params": {"C": 14.473637458981136, "epsilon": 1.8238247918215214, "gamma": 0.027000788097480397}, "datetime": {"datetime": "2021-09-28 12:11:51", "elapsed": 865.392023, "delta": 7.723149}}
{"target": -37.080930189834426, "params": {"C": 19.46437382817356, "epsilon": 2.287186732072246, "gamma": 0.01241338985724269}, "datetime": {"datetime": "2021-09-28 12:11:56", "elapsed": 870.419193, "delta": 5.02717}}
{"target": -41.62369369321846, "params": {"C": 12.774994704035285, "epsilon": 1.258684956641508, "gamma": 0.18846966942307852}, "datetime": {"datetime": "2021-09-28 12:11:59", "elapsed": 873.53128, "delta": 3.112087}}
{"target": -37.42861762398037, "params": {"C": 27.497075607949885, "epsilon": 1.250458351424672, "gamma": 0.019352335731212585}, "datetime": {"datetime": "2021-09-28 12:12:04", "elapsed": 879.141786, "delta": 5.610506}}
