{"target": -44.2580174026071, "params": {"C": 141.8796726315315, "epsilon": 1.9935908574415393, "gamma": 0.12869688868656617}, "datetime": {"datetime": "2021-09-28 12:06:50", "elapsed": 580.007944, "delta": 3.083939}}
{"target": -36.405253186590464, "params": {"C": 139.5533613623201, "epsilon": 0.9835958195601725, "gamma": 0.001899364720867381}, "datetime": {"datetime": "2021-09-28 12:06:55", "elapsed": 584.327026, "delta": 4.319082}}
{"target": -40.053196927495556, "params": {"C": 139.54971571607214, "epsilon": 0.9171307064618172, "gamma": 0.05984797491942246}, "datetime": {"datetime": "2021-09-28 12:06:59", "elapsed": 588.884459, "delta": 4.557433}}
{"target": -41.218661963247285, "params": {"C": 139.62769085475853, "epsilon": 1.056623389015941, "gamma": 0.08487747351335902}, "datetime": {"datetime": "2021-09-28 12:07:03", "elapsed": 592.436417, "delta": 3.551958}}
{"target": -38.885680597270515, "params": {"C": 67.05366729833575, "epsilon": 2.6306396091494917, "gamma": 0.032339729030516275}, "datetime": {"datetime": "2021-09-28 12:07:08", "elapsed": 597.864784, "delta": 5.428367}}
{"target": -39.78193411090316, "params": {"C": 144.70179863092832, "epsilon": 1.1781897887535222, "gamma": 0.0535960002746944}, "datetime": {"datetime": "2021-09-28 12:07:10", "elapsed": 599.996388, "delta": 2.131604}}
{"target": -40.82246750582187, "params": {"C": 139.34632684362956, "epsilon": 1.1533573187856516, "gamma": 0.07754893009572286}, "datetime": {"datetime": "2021-09-28 12:07:15", "elapsed": 604.091674, "delta": 4.095286}}
{"target": -37.25765154660201, "params": {"C": 27.896765116184106, "epsilon": 1.0817447816235535, "gamma": 0.010166404779736557}, "datetime": {"datetime": "2021-09-28 12:07:19", "elapsed": 608.30215, "delta": 4.210476}}
{"target": -43.34327961217962, "params": {"C": 87.18910032560132, "epsilon": 1.6660598906548354, "gamma": 0.14012085435975383}, "datetime": {"datetime": "2021-09-28 12:07:21", "elapsed": 610.622447, "delta": 2.320297}}
{"target": -39.12017799961313, "params": {"C": 27.880621459618823, "epsilon": 0.9745024115042412, "gamma": 0.02775423295841315}, "datetime": {"datetime": "2021-09-28 12:07:25", "elapsed": 614.591722, "delta": 3.969275}}
{"target": -38.58806688954945, "params": {"C": 27.99212960194651, "epsilon": 1.22591688408268, "gamma": 0.020479900326270672}, "datetime": {"datetime": "2021-09-28 12:07:29", "elapsed": 618.610323, "delta": 4.018601}}
{"target": -42.40861479268076, "params": {"C": 27.859142010791427, "epsilon": 1.230286583675053, "gamma": 0.10449563301411517}, "datetime": {"datetime": "2021-09-28 12:07:33", "elapsed": 622.281504, "delta": 3.671181}}
{"target": -38.814617362613305, "params": {"C": 139.4780362295117, "epsilon": 1.0285696072607922, "gamma": 0.035729315284020464}, "datetime": {"datetime": "2021-09-28 12:07:37", "elapsed": 626.221906, "delta": 3.940402}}
{"target": -41.40096371988408, "params": {"C": 27.98684927584806, "epsilon": 1.079269200916243, "gamma": 0.07722842873439581}, "datetime": {"datetime": "2021-09-28 12:07:41", "elapsed": 630.500111, "delta": 4.278205}}
{"target": -38.781706490020426, "params": {"C": 81.34813378594279, "epsilon": 1.456948412238384, "gamma": 0.029144642570468126}, "datetime": {"datetime": "2021-09-28 12:07:43", "elapsed": 632.767117, "delta": 2.267006}}
{"target": -41.06287334480314, "params": {"C": 150.0, "epsilon": 0.001, "gamma": 0.08170247291991257}, "datetime": {"datetime": "2021-09-28 12:07:47", "elapsed": 636.314862, "delta": 3.547745}}
{"target": -41.366535688501415, "params": {"C": 134.95295904603148, "epsilon": 1.71809914708737, "gamma": 0.08790388447620244}, "datetime": {"datetime": "2021-09-28 12:07:49", "elapsed": 638.292039, "delta": 1.977177}}
{"target": -37.0858587044543, "params": {"C": 117.7200695085806, "epsilon": 0.8014543976981519, "gamma": 0.007325131836268727}, "datetime": {"datetime": "2021-09-28 12:07:54", "elapsed": 643.347108, "delta": 5.055069}}
{"target": -38.81265275828672, "params": {"C": 46.81394262436466, "epsilon": 2.531593911284427, "gamma": 0.022733903350576106}, "datetime": {"datetime": "2021-09-28 12:07:57", "elapsed": 646.516146, "delta": 3.169038}}
{"target": -38.65809900271632, "params": {"C": 118.2448218556871, "epsilon": 0.7996975462694006, "gamma": 0.034052572711339366}, "datetime": {"datetime": "2021-09-28 12:08:02", "elapsed": 651.028349, "delta": 4.512203}}
{"target": -40.61665958688563, "params": {"C": 117.70359782520381, "epsilon": 0.8836184505644726, "gamma": 0.07593438667463476}, "datetime": {"datetime": "2021-09-28 12:08:05", "elapsed": 654.723407, "delta": 3.695058}}
{"target": -36.21300021457517, "params": {"C": 133.6690619918258, "epsilon": 1.399600642247224, "gamma": 0.001}, "datetime": {"datetime": "2021-09-28 12:08:15", "elapsed": 664.046921, "delta": 9.323514}}
{"target": -36.38458560256291, "params": {"C": 107.971644381765, "epsilon": 1.8086217683877561, "gamma": 0.001}, "datetime": {"datetime": "2021-09-28 12:08:20", "elapsed": 669.265618, "delta": 5.218697}}
{"target": -36.525813983061326, "params": {"C": 85.23706917825709, "epsilon": 2.443993072860035, "gamma": 0.001}, "datetime": {"datetime": "2021-09-28 12:08:26", "elapsed": 675.614078, "delta": 6.34846}}
{"target": -36.32648115056347, "params": {"C": 100.10961418294073, "epsilon": 2.0174298390785816, "gamma": 0.001}, "datetime": {"datetime": "2021-09-28 12:08:31", "elapsed": 680.98663, "delta": 5.372552}}
{"target": -42.26197819149359, "params": {"C": 3.8562339837437816, "epsilon": 0.2611911110256846, "gamma": 0.03934499799010389}, "datetime": {"datetime": "2021-09-28 12:08:34", "elapsed": 683.709235, "delta": 2.722605}}
{"target": -43.375819065139005, "params": {"C": 50.72726108480496, "epsilon": 2.4181446825664947, "gamma": 0.15267054553745696}, "datetime": {"datetime": "2021-09-28 12:08:37", "elapsed": 686.440835, "delta": 2.7316}}
{"target": -40.4330636434596, "params": {"C": 16.135658800137513, "epsilon": 0.1901698884048717, "gamma": 0.05134914511843477}, "datetime": {"datetime": "2021-09-28 12:08:39", "elapsed": 688.705996, "delta": 2.265161}}
{"target": -36.3809943046104, "params": {"C": 85.3547099314243, "epsilon": 2.4432767815882, "gamma": 0.002816352365615652}, "datetime": {"datetime": "2021-09-28 12:08:44", "elapsed": 693.251738, "delta": 4.545742}}
{"target": -36.50728315605056, "params": {"C": 85.3103785995588, "epsilon": 2.355059932826158, "gamma": 0.001}, "datetime": {"datetime": "2021-09-28 12:08:49", "elapsed": 698.729815, "delta": 5.478077}}
{"target": -39.220227468730556, "params": {"C": 85.46711439400735, "epsilon": 2.3987964746737367, "gamma": 0.0480170991136419}, "datetime": {"datetime": "2021-09-28 12:08:58", "elapsed": 707.043637, "delta": 8.313822}}
{"target": -40.887677953610726, "params": {"C": 100.02149708078757, "epsilon": 1.926916901097574, "gamma": 0.08220704533504417}, "datetime": {"datetime": "2021-09-28 12:09:04", "elapsed": 713.297908, "delta": 6.254271}}
{"target": -42.22679463206033, "params": {"C": 62.17539731767143, "epsilon": 2.8889763626214657, "gamma": 0.11063566211933877}, "datetime": {"datetime": "2021-09-28 12:09:06", "elapsed": 715.939615, "delta": 2.641707}}
{"target": -39.59763511628232, "params": {"C": 149.84905683997698, "epsilon": 0.3056555413267627, "gamma": 0.04955121759564762}, "datetime": {"datetime": "2021-09-28 12:09:09", "elapsed": 718.474085, "delta": 2.53447}}
{"target": -36.38076082998412, "params": {"C": 107.87507197020481, "epsilon": 1.7636364371751345, "gamma": 0.001}, "datetime": {"datetime": "2021-09-28 12:09:15", "elapsed": 724.97452, "delta": 6.500435}}
{"target": -42.95897727604198, "params": {"C": 107.84996035486876, "epsilon": 1.8024554319272572, "gamma": 0.1221568740836014}, "datetime": {"datetime": "2021-09-28 12:09:20", "elapsed": 729.469391, "delta": 4.494871}}
{"target": -39.74291048770064, "params": {"C": 85.20321404537427, "epsilon": 2.2775660924439136, "gamma": 0.06315729261273001}, "datetime": {"datetime": "2021-09-28 12:09:26", "elapsed": 735.718802, "delta": 6.249411}}
{"target": -42.885291367293085, "params": {"C": 66.91059992089824, "epsilon": 2.637756702800823, "gamma": 0.13589438009156624}, "datetime": {"datetime": "2021-09-28 12:09:32", "elapsed": 741.090247, "delta": 5.371445}}
{"target": -42.10565132236624, "params": {"C": 78.43897459872015, "epsilon": 2.803619618010101, "gamma": 0.11140221567524654}, "datetime": {"datetime": "2021-09-28 12:09:35", "elapsed": 744.122151, "delta": 3.031904}}
{"target": -38.33441309150799, "params": {"C": 107.89415225088273, "epsilon": 1.6848252365149303, "gamma": 0.020052262573091416}, "datetime": {"datetime": "2021-09-28 12:09:40", "elapsed": 749.238679, "delta": 5.116528}}
{"target": -41.91439381141137, "params": {"C": 85.36164800204891, "epsilon": 2.3956325540866676, "gamma": 0.10582652671844088}, "datetime": {"datetime": "2021-09-28 12:09:45", "elapsed": 754.080341, "delta": 4.841662}}
{"target": -38.94933196780045, "params": {"C": 11.011918866795137, "epsilon": 2.3575511662373425, "gamma": 0.022819997957634335}, "datetime": {"datetime": "2021-09-28 12:09:52", "elapsed": 761.668223, "delta": 7.587882}}
{"target": -38.95676620394219, "params": {"C": 139.2564757658664, "epsilon": 0.7175352212616792, "gamma": 0.03935740499794924}, "datetime": {"datetime": "2021-09-28 12:09:58", "elapsed": 767.738904, "delta": 6.070681}}
{"target": -39.55976448691397, "params": {"C": 32.5311236579528, "epsilon": 0.8262227844609853, "gamma": 0.03770623309467245}, "datetime": {"datetime": "2021-09-28 12:10:01", "elapsed": 770.494473, "delta": 2.755569}}
{"target": -37.30039621166525, "params": {"C": 116.60503753461693, "epsilon": 2.5256062565872117, "gamma": 0.009420096009984367}, "datetime": {"datetime": "2021-09-28 12:10:06", "elapsed": 775.383704, "delta": 4.889231}}
{"target": -40.00794792412926, "params": {"C": 148.57268886274232, "epsilon": 2.368485716339115, "gamma": 0.05979370032403256}, "datetime": {"datetime": "2021-09-28 12:10:13", "elapsed": 782.78789, "delta": 7.404186}}
{"target": -37.65325659333623, "params": {"C": 32.34041739275371, "epsilon": 0.8714110147552034, "gamma": 0.012048331867292393}, "datetime": {"datetime": "2021-09-28 12:10:19", "elapsed": 788.920045, "delta": 6.132155}}
{"target": -40.30776128338356, "params": {"C": 32.423473044101826, "epsilon": 0.9559690521674922, "gamma": 0.001}, "datetime": {"datetime": "2021-09-28 12:10:23", "elapsed": 792.81253, "delta": 3.892485}}
{"target": -37.65306258311204, "params": {"C": 139.38990800458504, "epsilon": 0.3360418375613912, "gamma": 0.013928932233559694}, "datetime": {"datetime": "2021-09-28 12:10:29", "elapsed": 798.773925, "delta": 5.961395}}
{"target": -39.25324295175514, "params": {"C": 100.24306982761097, "epsilon": 1.895462413372619, "gamma": 0.049061819024579824}, "datetime": {"datetime": "2021-09-28 12:10:35", "elapsed": 804.182952, "delta": 5.409027}}
{"target": -38.6984250318463, "params": {"C": 83.7186927763946, "epsilon": 1.0804596480381417, "gamma": 0.024798886849965313}, "datetime": {"datetime": "2021-09-28 12:10:37", "elapsed": 806.819521, "delta": 2.636569}}
{"target": -37.80776564286174, "params": {"C": 28.138819407276042, "epsilon": 1.27421108830941, "gamma": 0.013862068958910505}, "datetime": {"datetime": "2021-09-28 12:10:42", "elapsed": 811.75825, "delta": 4.938729}}
{"target": -36.198131919156154, "params": {"C": 117.84509498448031, "epsilon": 1.2394471467952133, "gamma": 0.001}, "datetime": {"datetime": "2021-09-28 12:10:47", "elapsed": 816.990602, "delta": 5.232352}}
{"target": -40.91030288155814, "params": {"C": 117.8340292973494, "epsilon": 1.2643432884423689, "gamma": 0.07985055930018008}, "datetime": {"datetime": "2021-09-28 12:10:52", "elapsed": 821.741468, "delta": 4.750866}}
{"target": -42.430799667968515, "params": {"C": 11.930938979772753, "epsilon": 0.9935938469018073, "gamma": 0.097439325553272}, "datetime": {"datetime": "2021-09-28 12:10:55", "elapsed": 824.515546, "delta": 2.774078}}
{"target": -36.48364070305539, "params": {"C": 85.3878080061806, "epsilon": 2.2714873750265907, "gamma": 0.001}, "datetime": {"datetime": "2021-09-28 12:11:04", "elapsed": 833.194598, "delta": 8.679052}}
{"target": -43.24370196871589, "params": {"C": 28.10860536289658, "epsilon": 1.3817272477476468, "gamma": 0.13333609409429142}, "datetime": {"datetime": "2021-09-28 12:11:09", "elapsed": 838.615236, "delta": 5.420638}}
{"target": -39.69228045570662, "params": {"C": 85.41326043743955, "epsilon": 2.126975505175644, "gamma": 0.06152418988935096}, "datetime": {"datetime": "2021-09-28 12:11:16", "elapsed": 845.677939, "delta": 7.062703}}
{"target": -39.30513042475195, "params": {"C": 144.85212524277716, "epsilon": 1.8972895869538797, "gamma": 0.045452672202655295}, "datetime": {"datetime": "2021-09-28 12:11:20", "elapsed": 849.083341, "delta": 3.405402}}
{"target": -39.0245776310248, "params": {"C": 32.24286694421946, "epsilon": 0.9156232130368576, "gamma": 0.027400355389540373}, "datetime": {"datetime": "2021-09-28 12:11:26", "elapsed": 855.778394, "delta": 6.695053}}
{"target": -40.8283523992521, "params": {"C": 19.911224699765132, "epsilon": 0.9585505211833338, "gamma": 0.06312054969901071}, "datetime": {"datetime": "2021-09-28 12:11:33", "elapsed": 862.443475, "delta": 6.665081}}
{"target": -38.71852689779063, "params": {"C": 85.47401140815235, "epsilon": 2.559551686745813, "gamma": 0.034908420684946595}, "datetime": {"datetime": "2021-09-28 12:11:40", "elapsed": 869.3109, "delta": 6.867425}}
{"target": -38.99606511242582, "params": {"C": 117.04768423990413, "epsilon": 1.2673080316435503, "gamma": 0.04100074078659557}, "datetime": {"datetime": "2021-09-28 12:11:49", "elapsed": 878.479013, "delta": 9.168113}}
{"target": -39.963981297081624, "params": {"C": 7.1456392144813705, "epsilon": 1.456775485170671, "gamma": 0.027277226572189246}, "datetime": {"datetime": "2021-09-28 12:11:52", "elapsed": 881.386852, "delta": 2.907839}}
{"target": -44.05564657757211, "params": {"C": 24.46561036552018, "epsilon": 0.4563283959310349, "gamma": 0.15453816728169226}, "datetime": {"datetime": "2021-09-28 12:11:55", "elapsed": 884.206916, "delta": 2.820064}}
{"target": -39.553677114765655, "params": {"C": 85.5411892473569, "epsilon": 2.1982668123675877, "gamma": 0.057677489601080906}, "datetime": {"datetime": "2021-09-28 12:12:01", "elapsed": 890.096763, "delta": 5.889847}}
{"target": -39.578580494610534, "params": {"C": 136.03990282267696, "epsilon": 0.9805448894646717, "gamma": 0.05140671873913585}, "datetime": {"datetime": "2021-09-28 12:12:04", "elapsed": 893.426516, "delta": 3.329753}}
{"target": -36.21704801796321, "params": {"C": 149.75350272132232, "epsilon": 0.22452569629149657, "gamma": 0.001}, "datetime": {"datetime": "2021-09-28 12:12:09", "elapsed": 898.486085, "delta": 5.059569}}
{"target": -42.77369243659689, "params": {"C": 48.707720865148715, "epsilon": 0.6309668318908196, "gamma": 0.12667437687113542}, "datetime": {"datetime": "2021-09-28 12:12:12", "elapsed": 901.315287, "delta": 2.829202}}
{"target": -37.68672533907687, "params": {"C": 140.1186646800019, "epsilon": 1.3436341825656783, "gamma": 0.013821726024335925}, "datetime": {"datetime": "2021-09-28 12:12:14", "elapsed": 904.010498, "delta": 2.695211}}
{"target": -38.53322526786772, "params": {"C": 85.29504830849984, "epsilon": 2.217369112453877, "gamma": 0.022622901021840953}, "datetime": {"datetime": "2021-09-28 12:12:20", "elapsed": 909.205809, "delta": 5.195311}}
{"target": -45.769925915673085, "params": {"C": 116.96844722450541, "epsilon": 1.3315900038477335, "gamma": 0.16806575556906062}, "datetime": {"datetime": "2021-09-28 12:12:25", "elapsed": 914.444638, "delta": 5.238829}}
{"target": -36.8308011124665, "params": {"C": 149.6951011424144, "epsilon": 0.32589039358083244, "gamma": 0.00571531553247593}, "datetime": {"datetime": "2021-09-28 12:12:32", "elapsed": 921.493307, "delta": 7.048669}}
{"target": -39.32476819800122, "params": {"C": 32.564574566806726, "epsilon": 0.7933888829041484, "gamma": 0.03187427882115911}, "datetime": {"datetime": "2021-09-28 12:12:35", "elapsed": 924.658513, "delta": 3.165206}}
{"target": -42.03257428142036, "params": {"C": 140.00187248293565, "epsilon": 1.4675443457998347, "gamma": 0.09825803601505524}, "datetime": {"datetime": "2021-09-28 12:12:40", "elapsed": 929.454359, "delta": 4.795846}}
{"target": -40.67745676819279, "params": {"C": 149.6098406444389, "epsilon": 0.2725443591204508, "gamma": 0.07440983355152046}, "datetime": {"datetime": "2021-09-28 12:12:44", "elapsed": 933.899369, "delta": 4.44501}}
{"target": -39.32806375131463, "params": {"C": 145.01428762898746, "epsilon": 1.8250304866199727, "gamma": 0.04588232112202729}, "datetime": {"datetime": "2021-09-28 12:12:52", "elapsed": 941.318447, "delta": 7.419078}}
{"target": -37.518634827833566, "params": {"C": 17.493390348786065, "epsilon": 1.2041191247174077, "gamma": 0.009353009999963618}, "datetime": {"datetime": "2021-09-28 12:12:55", "elapsed": 944.172859, "delta": 2.854412}}
{"target": -44.70395189392745, "params": {"C": 92.94920275909374, "epsilon": 1.3725375065768948, "gamma": 0.1664281892938436}, "datetime": {"datetime": "2021-09-28 12:12:57", "elapsed": 946.93694, "delta": 2.764081}}
{"target": -42.012096841247086, "params": {"C": 18.693951833576552, "epsilon": 2.76171001766885, "gamma": 0.09343113844152753}, "datetime": {"datetime": "2021-09-28 12:13:00", "elapsed": 949.3282, "delta": 2.39126}}
{"target": -37.71423959503967, "params": {"C": 17.366904813743993, "epsilon": 1.2308066919451992, "gamma": 0.012459276059837241}, "datetime": {"datetime": "2021-09-28 12:13:06", "elapsed": 955.19508, "delta": 5.86688}}
{"target": -38.265955962991306, "params": {"C": 134.5526533790502, "epsilon": 2.142929377823509, "gamma": 0.02435203018739125}, "datetime": {"datetime": "2021-09-28 12:13:08", "elapsed": 957.979396, "delta": 2.784316}}
{"target": -36.26414546658235, "params": {"C": 140.20062074170025, "epsilon": 1.2568829528113767, "gamma": 0.001}, "datetime": {"datetime": "2021-09-28 12:13:15", "elapsed": 964.058043, "delta": 6.078647}}
{"target": -36.822311398409724, "params": {"C": 139.39766325287005, "epsilon": 0.6846267658558768, "gamma": 0.003972075115937303}, "datetime": {"datetime": "2021-09-28 12:13:20", "elapsed": 969.572142, "delta": 5.514099}}
{"target": -37.320647593198316, "params": {"C": 37.387732979566906, "epsilon": 0.83822551477723, "gamma": 0.009674453174216124}, "datetime": {"datetime": "2021-09-28 12:13:23", "elapsed": 972.995912, "delta": 3.42377}}
{"target": -38.32411157150152, "params": {"C": 140.32550532815662, "epsilon": 1.275033292360692, "gamma": 0.02555720552480824}, "datetime": {"datetime": "2021-09-28 12:13:28", "elapsed": 977.517313, "delta": 4.521401}}
{"target": -41.15097159121824, "params": {"C": 140.2025161747594, "epsilon": 1.1765193425355231, "gamma": 0.08315137280773523}, "datetime": {"datetime": "2021-09-28 12:13:34", "elapsed": 983.099951, "delta": 5.582638}}
{"target": -37.05394206782861, "params": {"C": 67.0572511978814, "epsilon": 2.767286390845107, "gamma": 0.001}, "datetime": {"datetime": "2021-09-28 12:13:39", "elapsed": 988.940151, "delta": 5.8402}}
{"target": -42.68963212022675, "params": {"C": 37.37375776509206, "epsilon": 0.7638236047033042, "gamma": 0.11812442654383498}, "datetime": {"datetime": "2021-09-28 12:13:45", "elapsed": 994.415802, "delta": 5.475651}}
{"target": -41.314610674898454, "params": {"C": 119.06586795304932, "epsilon": 2.53192352309371, "gamma": 0.08759434606982881}, "datetime": {"datetime": "2021-09-28 12:13:48", "elapsed": 997.233571, "delta": 2.817769}}
{"target": -40.40898534646265, "params": {"C": 32.26646084285569, "epsilon": 0.7799756664232382, "gamma": 0.001}, "datetime": {"datetime": "2021-09-28 12:13:54", "elapsed": 1003.302031, "delta": 6.06846}}
{"target": -38.76486683309969, "params": {"C": 140.25613858994916, "epsilon": 1.3669505667990145, "gamma": 0.03441789414345413}, "datetime": {"datetime": "2021-09-28 12:13:59", "elapsed": 1008.372585, "delta": 5.070554}}
{"target": -42.541217889066026, "params": {"C": 43.31313410389414, "epsilon": 1.2525381513395397, "gamma": 0.11599457690077583}, "datetime": {"datetime": "2021-09-28 12:14:03", "elapsed": 1012.242375, "delta": 3.86979}}
{"target": -39.46678070580278, "params": {"C": 37.48025294837538, "epsilon": 0.9086234302788256, "gamma": 0.034594572095297337}, "datetime": {"datetime": "2021-09-28 12:14:11", "elapsed": 1020.543319, "delta": 8.300944}}
{"target": -43.7261816095276, "params": {"C": 14.361886401396422, "epsilon": 1.7193229263049132, "gamma": 0.1354088700722306}, "datetime": {"datetime": "2021-09-28 12:14:14", "elapsed": 1023.551895, "delta": 3.008576}}
{"target": -42.19531388496801, "params": {"C": 128.41614685468159, "epsilon": 0.9203097740575605, "gamma": 0.10483748058887256}, "datetime": {"datetime": "2021-09-28 12:14:18", "elapsed": 1027.468554, "delta": 3.916659}}
{"target": -39.94855636815126, "params": {"C": 31.48430015634106, "epsilon": 1.8753419128386788, "gamma": 0.04816707728608015}, "datetime": {"datetime": "2021-09-28 12:14:22", "elapsed": 1031.328441, "delta": 3.859887}}
{"target": -37.05412734911994, "params": {"C": 67.16950838295459, "epsilon": 2.7434516949010868, "gamma": 0.001}, "datetime": {"datetime": "2021-09-28 12:14:29", "elapsed": 1038.344638, "delta": 7.016197}}
{"target": -45.379386470566004, "params": {"C": 12.774994704035285, "epsilon": 1.258684956641508, "gamma": 0.16962849661673896}, "datetime": {"datetime": "2021-09-28 12:14:32", "elapsed": 1041.89728, "delta": 3.552642}}
{"target": -42.803046241536094, "params": {"C": 67.17740197924586, "epsilon": 2.75678031003304, "gamma": 0.13311445763131038}, "datetime": {"datetime": "2021-09-28 12:14:39", "elapsed": 1048.849134, "delta": 6.951854}}
{"target": -36.682588096221096, "params": {"C": 149.92536320504848, "epsilon": 0.12375248738210365, "gamma": 0.004188612722790907}, "datetime": {"datetime": "2021-09-28 12:14:42", "elapsed": 1051.883556, "delta": 3.034422}}
