{"target": -44.11924951564122, "params": {"C": 98.418450990176, "epsilon": 3.822662854420898, "gamma": 0.005}, "datetime": {"datetime": "2021-09-24 16:25:09", "elapsed": 208.263967, "delta": 2.26938}}
{"target": -44.15975162654175, "params": {"C": 74.92471689150454, "epsilon": 1.7924474744457932, "gamma": 0.005}, "datetime": {"datetime": "2021-09-24 16:25:11", "elapsed": 210.545479, "delta": 2.281512}}
{"target": -44.1953627169208, "params": {"C": 56.24201416172873, "epsilon": 3.225062206351814, "gamma": 0.05814271451931668}, "datetime": {"datetime": "2021-09-24 16:25:13", "elapsed": 212.468815, "delta": 1.923336}}
{"target": -44.31647596287451, "params": {"C": 71.7997451071002, "epsilon": 0.18485320699755858, "gamma": 0.05721793539847737}, "datetime": {"datetime": "2021-09-24 16:25:20", "elapsed": 0.0, "delta": 0.0}}
{"target": -44.06498022146928, "params": {"C": 71.76611963091385, "epsilon": 1.9322293632475764, "gamma": 0.03638180799536804}, "datetime": {"datetime": "2021-09-24 16:25:20", "elapsed": 0.046995, "delta": 0.046995}}
{"target": -44.22889758022997, "params": {"C": 60.232431701892125, "epsilon": 2.81337038093344, "gamma": 0.0334671939990797}, "datetime": {"datetime": "2021-09-24 16:25:20", "elapsed": 0.080999, "delta": 0.034004}}
{"target": -44.26052744617409, "params": {"C": 63.341363755143334, "epsilon": 2.8216228791679763, "gamma": 0.05526849895631871}, "datetime": {"datetime": "2021-09-24 16:25:20", "elapsed": 0.126002, "delta": 0.045003}}
{"target": -44.339863062628865, "params": {"C": 81.59540902606784, "epsilon": 1.2703776382899716, "gamma": 0.05419516317985107}, "datetime": {"datetime": "2021-09-24 16:25:21", "elapsed": 0.266997, "delta": 0.140995}}
{"target": -44.437963082936626, "params": {"C": 71.0304914128238, "epsilon": 2.0838036435615264, "gamma": 0.05982737395122132}, "datetime": {"datetime": "2021-09-24 16:25:21", "elapsed": 0.362997, "delta": 0.096}}
{"target": -43.96519085679202, "params": {"C": 59.767259617659995, "epsilon": 2.8286251038037347, "gamma": 0.04968482847521888}, "datetime": {"datetime": "2021-09-24 16:25:21", "elapsed": 0.461738, "delta": 0.098741}}
{"target": -43.96032397624701, "params": {"C": 59.79723092782964, "epsilon": 2.776239133559996, "gamma": 0.04905955059304903}, "datetime": {"datetime": "2021-09-24 16:25:21", "elapsed": 0.570965, "delta": 0.109227}}
{"target": -44.403287951309736, "params": {"C": 69.67179333991226, "epsilon": 3.7300760036844136, "gamma": 0.05577375090472967}, "datetime": {"datetime": "2021-09-24 16:25:21", "elapsed": 0.669965, "delta": 0.099}}
{"target": -45.265657184917394, "params": {"C": 73.98462394853448, "epsilon": 3.918662248286121, "gamma": 0.08750719329753813}, "datetime": {"datetime": "2021-09-24 16:25:21", "elapsed": 0.757966, "delta": 0.088001}}
{"target": -44.7237189840736, "params": {"C": 59.028609196178984, "epsilon": 2.211716533527591, "gamma": 0.08074183844755098}, "datetime": {"datetime": "2021-09-24 16:25:21", "elapsed": 1.175965, "delta": 0.417999}}
{"target": -44.31886765648997, "params": {"C": 72.41621787382637, "epsilon": 1.5823379127982815, "gamma": 0.05467658978526755}, "datetime": {"datetime": "2021-09-24 16:25:22", "elapsed": 1.331986, "delta": 0.156021}}
{"target": -44.05891720962003, "params": {"C": 74.31796767872707, "epsilon": 4.032455841804419, "gamma": 0.006142764498515927}, "datetime": {"datetime": "2021-09-24 16:25:22", "elapsed": 1.426614, "delta": 0.094628}}
{"target": -44.143166608751116, "params": {"C": 59.618619832026745, "epsilon": 2.703943594910645, "gamma": 0.005}, "datetime": {"datetime": "2021-09-24 16:25:22", "elapsed": 1.553614, "delta": 0.127}}
{"target": -44.566270916614734, "params": {"C": 69.11664225377297, "epsilon": 0.5490528576614131, "gamma": 0.06995606630118242}, "datetime": {"datetime": "2021-09-24 16:25:22", "elapsed": 1.647248, "delta": 0.093634}}
{"target": -43.904228431033985, "params": {"C": 74.51353496706572, "epsilon": 4.115501436024234, "gamma": 0.010701857140961231}, "datetime": {"datetime": "2021-09-24 16:25:22", "elapsed": 1.750245, "delta": 0.102997}}
{"target": -44.90111239268783, "params": {"C": 90.99777903514024, "epsilon": 2.2607114557729684, "gamma": 0.06831544301600136}, "datetime": {"datetime": "2021-09-24 16:25:22", "elapsed": 1.952246, "delta": 0.202001}}
{"target": -43.98400829608769, "params": {"C": 55.87793097272045, "epsilon": 1.992864570325746, "gamma": 0.042195035907847414}, "datetime": {"datetime": "2021-09-24 16:25:22", "elapsed": 2.054245, "delta": 0.101999}}
{"target": -44.00049257183494, "params": {"C": 58.979292482379265, "epsilon": 1.6130445910882467, "gamma": 0.014006295291200701}, "datetime": {"datetime": "2021-09-24 16:25:22", "elapsed": 2.155245, "delta": 0.101}}
{"target": -44.9576167366321, "params": {"C": 74.60549064747482, "epsilon": 3.8436638642407455, "gamma": 0.0753968164029125}, "datetime": {"datetime": "2021-09-24 16:25:23", "elapsed": 2.751084, "delta": 0.595839}}
{"target": -43.99653172451144, "params": {"C": 58.95427999078336, "epsilon": 1.6227280169255187, "gamma": 0.021991581480163273}, "datetime": {"datetime": "2021-09-24 16:25:23", "elapsed": 2.866087, "delta": 0.115003}}
{"target": -45.430598295948855, "params": {"C": 74.41958260665994, "epsilon": 4.256074613168844, "gamma": 0.09294573725530923}, "datetime": {"datetime": "2021-09-24 16:25:23", "elapsed": 3.070085, "delta": 0.203998}}
{"target": -44.98023995697868, "params": {"C": 55.72571131596489, "epsilon": 1.9591434246656148, "gamma": 0.0954979124289683}, "datetime": {"datetime": "2021-09-24 16:25:23", "elapsed": 3.184093, "delta": 0.114008}}
{"target": -44.668330194016654, "params": {"C": 74.49215863332078, "epsilon": 4.051588999104647, "gamma": 0.060606878081960906}, "datetime": {"datetime": "2021-09-24 16:25:24", "elapsed": 3.304082, "delta": 0.119989}}
{"target": -43.96950270676689, "params": {"C": 59.74402656554669, "epsilon": 2.7420064802140396, "gamma": 0.04972302508054737}, "datetime": {"datetime": "2021-09-24 16:25:24", "elapsed": 3.400754, "delta": 0.096672}}
{"target": -45.207353768566904, "params": {"C": 59.63689973326069, "epsilon": 2.7650794946590236, "gamma": 0.09933799826426627}, "datetime": {"datetime": "2021-09-24 16:25:24", "elapsed": 3.615992, "delta": 0.215238}}
{"target": -43.93718092806236, "params": {"C": 59.716003957667795, "epsilon": 2.7454138917427993, "gamma": 0.042773372008650064}, "datetime": {"datetime": "2021-09-24 16:25:24", "elapsed": 3.830995, "delta": 0.215003}}
{"target": -44.079538925333516, "params": {"C": 62.60541609656478, "epsilon": 2.748402884691536, "gamma": 0.02409206524466558}, "datetime": {"datetime": "2021-09-24 16:25:24", "elapsed": 4.052994, "delta": 0.221999}}
{"target": -44.09536918027673, "params": {"C": 55.95457908206349, "epsilon": 1.940353501831187, "gamma": 0.036584169788980096}, "datetime": {"datetime": "2021-09-24 16:25:25", "elapsed": 4.268992, "delta": 0.215998}}
{"target": -43.96549453045371, "params": {"C": 50.58649202218181, "epsilon": 4.16605826071608, "gamma": 0.016668395345981354}, "datetime": {"datetime": "2021-09-24 16:25:25", "elapsed": 4.398, "delta": 0.129008}}
{"target": -43.985264168852204, "params": {"C": 55.91141660147951, "epsilon": 2.073043266182325, "gamma": 0.05122234958936481}, "datetime": {"datetime": "2021-09-24 16:25:25", "elapsed": 4.553917, "delta": 0.155917}}
{"target": -43.91257105640089, "params": {"C": 50.58038571741165, "epsilon": 4.263627682143783, "gamma": 0.01416457189547684}, "datetime": {"datetime": "2021-09-24 16:25:25", "elapsed": 4.738921, "delta": 0.185004}}
{"target": -43.81305987709412, "params": {"C": 50.655487441514715, "epsilon": 4.2326797090731025, "gamma": 0.026276134974912078}, "datetime": {"datetime": "2021-09-24 16:25:25", "elapsed": 4.924922, "delta": 0.186001}}
{"target": -44.05312175882812, "params": {"C": 50.751810038608475, "epsilon": 4.192340885619103, "gamma": 0.03892714072377138}, "datetime": {"datetime": "2021-09-24 16:25:25", "elapsed": 5.149916, "delta": 0.224994}}
{"target": -45.684123840125345, "params": {"C": 87.21748647249026, "epsilon": 3.1479688193017745, "gamma": 0.09435360973185596}, "datetime": {"datetime": "2021-09-24 16:25:26", "elapsed": 5.284918, "delta": 0.135002}}
{"target": -44.493248592002345, "params": {"C": 58.844389189633795, "epsilon": 1.5285453184162696, "gamma": 0.07332497031937547}, "datetime": {"datetime": "2021-09-24 16:25:26", "elapsed": 5.455578, "delta": 0.17066}}
{"target": -44.4200760663537, "params": {"C": 60.26963575885067, "epsilon": 0.4843403558026435, "gamma": 0.06839202105199316}, "datetime": {"datetime": "2021-09-24 16:25:26", "elapsed": 5.747865, "delta": 0.292287}}
{"target": -43.981739416629, "params": {"C": 59.87847495752333, "epsilon": 2.888226092511347, "gamma": 0.03933464703916192}, "datetime": {"datetime": "2021-09-24 16:25:26", "elapsed": 5.937861, "delta": 0.189996}}
{"target": -43.90052107052909, "params": {"C": 74.62300566521932, "epsilon": 4.153945318178943, "gamma": 0.009884258631232004}, "datetime": {"datetime": "2021-09-24 16:25:26", "elapsed": 6.162862, "delta": 0.225001}}
{"target": -44.89394777359486, "params": {"C": 50.67595910233325, "epsilon": 4.36733547087596, "gamma": 0.09013983336012993}, "datetime": {"datetime": "2021-09-24 16:25:27", "elapsed": 6.394864, "delta": 0.232002}}
{"target": -44.87460871557957, "params": {"C": 65.30433688396437, "epsilon": 3.3627291332403355, "gamma": 0.07839942589684339}, "datetime": {"datetime": "2021-09-24 16:25:27", "elapsed": 6.622662, "delta": 0.227798}}
{"target": -44.215470822514156, "params": {"C": 55.945790492434085, "epsilon": 1.9573630590887732, "gamma": 0.059836108728310355}, "datetime": {"datetime": "2021-09-24 16:25:27", "elapsed": 6.840669, "delta": 0.218007}}
{"target": -43.87801121760584, "params": {"C": 59.840401063952136, "epsilon": 3.011340923870641, "gamma": 0.01185821415185703}, "datetime": {"datetime": "2021-09-24 16:25:27", "elapsed": 7.050666, "delta": 0.209997}}
{"target": -44.40284533503329, "params": {"C": 59.87348647179979, "epsilon": 3.09110359737403, "gamma": 0.06629690054434305}, "datetime": {"datetime": "2021-09-24 16:25:27", "elapsed": 7.212662, "delta": 0.161996}}
{"target": -45.02209885912389, "params": {"C": 59.070284906359994, "epsilon": 1.664841777725999, "gamma": 0.09329189021339457}, "datetime": {"datetime": "2021-09-24 16:25:28", "elapsed": 7.388702, "delta": 0.17604}}
{"target": -44.256961871109674, "params": {"C": 59.764103890507826, "epsilon": 2.9483310046931694, "gamma": 0.057422678125531985}, "datetime": {"datetime": "2021-09-24 16:25:28", "elapsed": 7.566442, "delta": 0.17774}}
{"target": -44.36079390976737, "params": {"C": 90.21493599428265, "epsilon": 2.2810511252702663, "gamma": 0.04395274505430708}, "datetime": {"datetime": "2021-09-24 16:25:28", "elapsed": 7.717613, "delta": 0.151171}}
{"target": -44.08098250700796, "params": {"C": 53.873278178462215, "epsilon": 1.2296912263294908, "gamma": 0.02801265437875731}, "datetime": {"datetime": "2021-09-24 16:25:28", "elapsed": 7.90362, "delta": 0.186007}}
{"target": -43.92096686827916, "params": {"C": 50.59228188544477, "epsilon": 4.175054973676487, "gamma": 0.023364084756473568}, "datetime": {"datetime": "2021-09-24 16:25:28", "elapsed": 8.091615, "delta": 0.187995}}
{"target": -44.11755687064157, "params": {"C": 74.75732658887155, "epsilon": 4.1340883087749685, "gamma": 0.022988961349274063}, "datetime": {"datetime": "2021-09-24 16:25:29", "elapsed": 8.36565, "delta": 0.274035}}
{"target": -45.60596838686194, "params": {"C": 82.34609336767721, "epsilon": 0.421740977451786, "gamma": 0.08920402871268304}, "datetime": {"datetime": "2021-09-24 16:25:29", "elapsed": 8.536889, "delta": 0.171239}}
{"target": -44.10370602437552, "params": {"C": 50.67585221382125, "epsilon": 4.067309979624952, "gamma": 0.03686529088434415}, "datetime": {"datetime": "2021-09-24 16:25:29", "elapsed": 8.904142, "delta": 0.367253}}
{"target": -44.19376923582913, "params": {"C": 60.01632017059509, "epsilon": 2.9869294023727235, "gamma": 0.03482540372657157}, "datetime": {"datetime": "2021-09-24 16:25:29", "elapsed": 9.171138, "delta": 0.266996}}
{"target": -44.14224944040984, "params": {"C": 55.82554706225114, "epsilon": 2.1554897048806048, "gamma": 0.01712239050541272}, "datetime": {"datetime": "2021-09-24 16:25:30", "elapsed": 9.405133, "delta": 0.233995}}
{"target": -44.17815949367471, "params": {"C": 71.71656532790435, "epsilon": 1.7898369921911341, "gamma": 0.049293814907695736}, "datetime": {"datetime": "2021-09-24 16:25:30", "elapsed": 9.747737, "delta": 0.342604}}
{"target": -44.83465581819584, "params": {"C": 91.98096665758462, "epsilon": 3.1956836861493856, "gamma": 0.06509457795371101}, "datetime": {"datetime": "2021-09-24 16:25:30", "elapsed": 10.004743, "delta": 0.257006}}
{"target": -44.191381954724186, "params": {"C": 55.99745302146141, "epsilon": 2.1860842680046044, "gamma": 0.005}, "datetime": {"datetime": "2021-09-24 16:25:31", "elapsed": 10.36174, "delta": 0.356997}}
{"target": -44.51406879280083, "params": {"C": 59.9722962658399, "epsilon": 2.7650982457962954, "gamma": 0.07160948114112398}, "datetime": {"datetime": "2021-09-24 16:25:31", "elapsed": 10.676826, "delta": 0.315086}}
{"target": -44.07431547374559, "params": {"C": 53.73988456442201, "epsilon": 0.26000720078693124, "gamma": 0.02579590248247184}, "datetime": {"datetime": "2021-09-24 16:25:31", "elapsed": 10.903825, "delta": 0.226999}}
{"target": -43.99245626497721, "params": {"C": 59.743429688112315, "epsilon": 2.5680250504843936, "gamma": 0.021775545411096987}, "datetime": {"datetime": "2021-09-24 16:25:31", "elapsed": 11.144828, "delta": 0.241003}}
{"target": -44.012535765499216, "params": {"C": 50.435350846334636, "epsilon": 4.259271530322236, "gamma": 0.017969550275360596}, "datetime": {"datetime": "2021-09-24 16:25:32", "elapsed": 11.405827, "delta": 0.260999}}
{"target": -44.660042055618504, "params": {"C": 59.65419855034544, "epsilon": 2.449713530416461, "gamma": 0.07717684924466957}, "datetime": {"datetime": "2021-09-24 16:25:32", "elapsed": 11.71683, "delta": 0.311003}}
{"target": -45.46375139812381, "params": {"C": 71.60620395088326, "epsilon": 1.9196794269247937, "gamma": 0.09819039402426155}, "datetime": {"datetime": "2021-09-24 16:25:32", "elapsed": 12.147816, "delta": 0.430986}}
{"target": -44.38568612515443, "params": {"C": 71.91525654097676, "epsilon": 1.8716529031478555, "gamma": 0.05748322512122061}, "datetime": {"datetime": "2021-09-24 16:25:33", "elapsed": 12.415844, "delta": 0.268028}}
{"target": -43.8024022002716, "params": {"C": 53.68206798157061, "epsilon": 0.38971042954055435, "gamma": 0.012587800837394934}, "datetime": {"datetime": "2021-09-24 16:25:33", "elapsed": 12.708718, "delta": 0.292874}}
{"target": -43.98420750312669, "params": {"C": 53.646685167129654, "epsilon": 0.4900119732819372, "gamma": 0.03707961457655253}, "datetime": {"datetime": "2021-09-24 16:25:33", "elapsed": 13.039721, "delta": 0.331003}}
{"target": -43.85930481210097, "params": {"C": 53.881292470232054, "epsilon": 0.40782989411983855, "gamma": 0.04459422805457462}, "datetime": {"datetime": "2021-09-24 16:25:34", "elapsed": 13.32972, "delta": 0.289999}}
{"target": -44.44328596164484, "params": {"C": 53.57311804079335, "epsilon": 0.35636481281582993, "gamma": 0.07446660593006878}, "datetime": {"datetime": "2021-09-24 16:25:34", "elapsed": 13.639592, "delta": 0.309872}}
{"target": -45.090597460814884, "params": {"C": 80.5315531812012, "epsilon": 2.9766283648369782, "gamma": 0.0766150726089233}, "datetime": {"datetime": "2021-09-24 16:25:34", "elapsed": 13.861606, "delta": 0.222014}}
{"target": -44.817538096842846, "params": {"C": 54.029208904614066, "epsilon": 0.48969585680554323, "gamma": 0.09089270337145271}, "datetime": {"datetime": "2021-09-24 16:25:35", "elapsed": 14.245591, "delta": 0.383985}}
{"target": -44.193068431884996, "params": {"C": 74.71175772633507, "epsilon": 4.259834744957484, "gamma": 0.015483592054012993}, "datetime": {"datetime": "2021-09-24 16:25:35", "elapsed": 14.529513, "delta": 0.283922}}
{"target": -44.32475249645783, "params": {"C": 82.48630415459894, "epsilon": 3.732000607848232, "gamma": 0.02561374139465421}, "datetime": {"datetime": "2021-09-24 16:25:35", "elapsed": 14.772724, "delta": 0.243211}}
{"target": -44.87391222058152, "params": {"C": 53.744126482817784, "epsilon": 0.4567959964115099, "gamma": 0.0937161982171944}, "datetime": {"datetime": "2021-09-24 16:25:35", "elapsed": 15.095723, "delta": 0.322999}}
{"target": -44.08984659781932, "params": {"C": 53.88550349119475, "epsilon": 0.3018028438042728, "gamma": 0.056609542119890124}, "datetime": {"datetime": "2021-09-24 16:25:36", "elapsed": 15.385723, "delta": 0.29}}
{"target": -44.103351598310496, "params": {"C": 88.35079852850657, "epsilon": 2.159984287713635, "gamma": 0.03304806234382155}, "datetime": {"datetime": "2021-09-24 16:25:36", "elapsed": 15.674551, "delta": 0.288828}}
{"target": -44.078647148677604, "params": {"C": 50.41626784835965, "epsilon": 4.38105831960647, "gamma": 0.03329316184264544}, "datetime": {"datetime": "2021-09-24 16:25:36", "elapsed": 16.033588, "delta": 0.359037}}
{"target": -43.96423427886214, "params": {"C": 53.532591591770206, "epsilon": 0.5559031700219048, "gamma": 0.05077872416944034}, "datetime": {"datetime": "2021-09-24 16:25:37", "elapsed": 16.38259, "delta": 0.349002}}
{"target": -43.884405813548376, "params": {"C": 53.57209609894392, "epsilon": 0.49044378993122273, "gamma": 0.007184755603756228}, "datetime": {"datetime": "2021-09-24 16:25:37", "elapsed": 16.745471, "delta": 0.362881}}
{"target": -43.9767900602633, "params": {"C": 53.59362353048749, "epsilon": 0.633420891387382, "gamma": 0.051127133083624036}, "datetime": {"datetime": "2021-09-24 16:25:37", "elapsed": 17.08651, "delta": 0.341039}}
{"target": -44.77876133873442, "params": {"C": 50.47454989755014, "epsilon": 4.085262262943412, "gamma": 0.08592349126402332}, "datetime": {"datetime": "2021-09-24 16:25:38", "elapsed": 17.509431, "delta": 0.422921}}
{"target": -44.36054977078207, "params": {"C": 53.48048042033796, "epsilon": 0.6980830857654694, "gamma": 0.06827112819350539}, "datetime": {"datetime": "2021-09-24 16:25:38", "elapsed": 17.895223, "delta": 0.385792}}
{"target": -44.04697054752844, "params": {"C": 59.75971088397944, "epsilon": 2.6472129710441368, "gamma": 0.019847294401469064}, "datetime": {"datetime": "2021-09-24 16:25:38", "elapsed": 18.185214, "delta": 0.289991}}
{"target": -44.12515960212922, "params": {"C": 59.88649051886085, "epsilon": 2.5320374754938766, "gamma": 0.006076039136267549}, "datetime": {"datetime": "2021-09-24 16:25:39", "elapsed": 18.463828, "delta": 0.278614}}
{"target": -44.18074526524156, "params": {"C": 56.0617230935406, "epsilon": 2.0304285821211856, "gamma": 0.005}, "datetime": {"datetime": "2021-09-24 16:25:39", "elapsed": 18.774095, "delta": 0.310267}}
{"target": -44.98985218531696, "params": {"C": 50.3276721222317, "epsilon": 4.300271795639826, "gamma": 0.09604222901524626}, "datetime": {"datetime": "2021-09-24 16:25:40", "elapsed": 19.403059, "delta": 0.628964}}
{"target": -43.9579071852092, "params": {"C": 53.74340956601981, "epsilon": 1.1747954922485686, "gamma": 0.045765271400781446}, "datetime": {"datetime": "2021-09-24 16:25:40", "elapsed": 19.865954, "delta": 0.462895}}
{"target": -44.576571941580966, "params": {"C": 53.84720953983039, "epsilon": 1.0542853110659374, "gamma": 0.08163398040216535}, "datetime": {"datetime": "2021-09-24 16:25:41", "elapsed": 20.306956, "delta": 0.441002}}
{"target": -44.1523817421828, "params": {"C": 55.16160949974069, "epsilon": 3.301904479534138, "gamma": 0.01885772707467106}, "datetime": {"datetime": "2021-09-24 16:25:41", "elapsed": 20.684613, "delta": 0.377657}}
{"target": -44.48156345186753, "params": {"C": 59.767945422890335, "epsilon": 2.943374762946414, "gamma": 0.06978565199292998}, "datetime": {"datetime": "2021-09-24 16:25:41", "elapsed": 21.072605, "delta": 0.387992}}
{"target": -44.46229012772522, "params": {"C": 80.61760171433332, "epsilon": 2.0862898604177764, "gamma": 0.05713778178574809}, "datetime": {"datetime": "2021-09-24 16:25:42", "elapsed": 21.382606, "delta": 0.310001}}
{"target": -44.36559522580528, "params": {"C": 53.62382083926271, "epsilon": 1.2168413583438977, "gamma": 0.07145748663867102}, "datetime": {"datetime": "2021-09-24 16:25:42", "elapsed": 21.753477, "delta": 0.370871}}
{"target": -45.15091459979375, "params": {"C": 74.63297245754053, "epsilon": 4.138978079419643, "gamma": 0.08191640916800953}, "datetime": {"datetime": "2021-09-24 16:25:42", "elapsed": 22.167481, "delta": 0.414004}}
{"target": -45.002774221641886, "params": {"C": 54.91412048324164, "epsilon": 3.2912086524162767, "gamma": 0.09242187890394345}, "datetime": {"datetime": "2021-09-24 16:25:43", "elapsed": 22.54718, "delta": 0.379699}}
{"target": -44.752648087470355, "params": {"C": 52.63466329197838, "epsilon": 1.791589130914259, "gamma": 0.08975712942456592}, "datetime": {"datetime": "2021-09-24 16:25:43", "elapsed": 22.935389, "delta": 0.388209}}
{"target": -44.040456441850814, "params": {"C": 53.626307577925694, "epsilon": 0.5530763596850796, "gamma": 0.02641818211663021}, "datetime": {"datetime": "2021-09-24 16:25:44", "elapsed": 23.343387, "delta": 0.407998}}
{"target": -45.11203479890058, "params": {"C": 77.80525293590439, "epsilon": 1.860413795354664, "gamma": 0.07904774074980991}, "datetime": {"datetime": "2021-09-24 16:25:44", "elapsed": 23.756618, "delta": 0.413231}}
{"target": -44.906430721905735, "params": {"C": 64.56079894292822, "epsilon": 0.5309969689256351, "gamma": 0.08383475437180105}, "datetime": {"datetime": "2021-09-24 16:25:44", "elapsed": 24.108615, "delta": 0.351997}}
{"target": -44.13882052796137, "params": {"C": 59.74077662991801, "epsilon": 2.7893086662889464, "gamma": 0.005}, "datetime": {"datetime": "2021-09-24 16:25:45", "elapsed": 24.634887, "delta": 0.526272}}
