{"target": -37.70649905303346, "params": {"C": 951.6800677557757, "epsilon": 0.6921043335757642, "gamma": 0.0055343052823410704}, "datetime": {"datetime": "2021-09-28 16:11:06", "elapsed": 90.529252, "delta": 0.848004}}
{"target": -38.50803360666198, "params": {"C": 1038.9728451359513, "epsilon": 0.8095309182585992, "gamma": 0.00884638161726436}, "datetime": {"datetime": "2021-09-28 16:11:07", "elapsed": 91.169492, "delta": 0.64024}}
{"target": -37.16812715220874, "params": {"C": 975.0716477803355, "epsilon": 0.5447266201555597, "gamma": 0.004341022956514539}, "datetime": {"datetime": "2021-09-28 16:11:08", "elapsed": 92.068487, "delta": 0.898995}}
{"target": -38.47845345440529, "params": {"C": 958.2083202770393, "epsilon": 0.902727193455901, "gamma": 0.009207554416624929}, "datetime": {"datetime": "2021-09-28 16:11:08", "elapsed": 92.749532, "delta": 0.681045}}
{"target": -36.915051108761716, "params": {"C": 1057.839246603611, "epsilon": 0.5077633107303607, "gamma": 0.002749046546250041}, "datetime": {"datetime": "2021-09-28 16:11:09", "elapsed": 93.499778, "delta": 0.750246}}
{"target": -37.93840861823794, "params": {"C": 915.6536251710228, "epsilon": 1.2364929705274044, "gamma": 0.007729091557453231}, "datetime": {"datetime": "2021-09-28 16:11:10", "elapsed": 94.444423, "delta": 0.944645}}
{"target": -36.9656677619806, "params": {"C": 986.7425985352413, "epsilon": 0.2457531321018875, "gamma": 0.002708344411106277}, "datetime": {"datetime": "2021-09-28 16:11:11", "elapsed": 95.165161, "delta": 0.720738}}
{"target": -36.94820069644413, "params": {"C": 1096.743626299539, "epsilon": 1.029467700435263, "gamma": 0.0033539299892129493}, "datetime": {"datetime": "2021-09-28 16:11:12", "elapsed": 96.439161, "delta": 1.274}}
{"target": -35.60310095525794, "params": {"C": 1085.7417870032168, "epsilon": 0.39229572486612174, "gamma": 0.0002539059171278481}, "datetime": {"datetime": "2021-09-28 16:11:13", "elapsed": 97.106315, "delta": 0.667154}}
{"target": -36.987791545865846, "params": {"C": 1033.8199290825148, "epsilon": 1.598625621234893, "gamma": 0.0038860056628012736}, "datetime": {"datetime": "2021-09-28 16:11:13", "elapsed": 97.835946, "delta": 0.729631}}
{"target": -36.8198232153546, "params": {"C": 1085.066042904334, "epsilon": 0.5680516127093954, "gamma": 0.002927988441356668}, "datetime": {"datetime": "2021-09-28 16:11:14", "elapsed": 98.645754, "delta": 0.809808}}
{"target": -37.62891843065944, "params": {"C": 914.1121154690703, "epsilon": 1.2445903036136499, "gamma": 0.005470569533841266}, "datetime": {"datetime": "2021-09-28 16:11:15", "elapsed": 99.441414, "delta": 0.79566}}
{"target": -37.10077917596795, "params": {"C": 1010.729454944081, "epsilon": 0.4271745244114547, "gamma": 0.004079381537150364}, "datetime": {"datetime": "2021-09-28 16:11:16", "elapsed": 100.18241, "delta": 0.740996}}
{"target": -37.48160542542443, "params": {"C": 1089.520878916367, "epsilon": 2.4486823492497116, "gamma": 0.0022672893879170934}, "datetime": {"datetime": "2021-09-28 16:11:17", "elapsed": 101.249629, "delta": 1.067219}}
{"target": -37.182303938178435, "params": {"C": 930.9240400886997, "epsilon": 2.541920924674714, "gamma": 0.004714204176262268}, "datetime": {"datetime": "2021-09-28 16:11:18", "elapsed": 102.108595, "delta": 0.858966}}
{"target": -37.538782671420066, "params": {"C": 1055.6496805186086, "epsilon": 1.3738823576897299, "gamma": 0.0014663242284312797}, "datetime": {"datetime": "2021-09-28 16:11:18", "elapsed": 102.816591, "delta": 0.707996}}
{"target": -38.644730260256146, "params": {"C": 950.9651751167751, "epsilon": 1.7429587294066236, "gamma": 0.009451339569073671}, "datetime": {"datetime": "2021-09-28 16:11:19", "elapsed": 103.608358, "delta": 0.791767}}
{"target": -37.246781776888774, "params": {"C": 1078.213896759867, "epsilon": 0.38205562572211166, "gamma": 0.004154635417829706}, "datetime": {"datetime": "2021-09-28 16:11:20", "elapsed": 104.623835, "delta": 1.015477}}
{"target": -37.547314477279514, "params": {"C": 1019.8979767528933, "epsilon": 1.980375266518274, "gamma": 0.0016736399238382312}, "datetime": {"datetime": "2021-09-28 16:11:21", "elapsed": 105.556421, "delta": 0.932586}}
{"target": -38.20403350017464, "params": {"C": 990.229514394762, "epsilon": 0.32950739711369814, "gamma": 0.008418692145940128}, "datetime": {"datetime": "2021-09-28 16:11:22", "elapsed": 106.662423, "delta": 1.106002}}
{"target": -37.779882465057554, "params": {"C": 951.3240390719479, "epsilon": 0.09477646555553829, "gamma": 0.005811966682901624}, "datetime": {"datetime": "2021-09-28 16:11:23", "elapsed": 107.552695, "delta": 0.890272}}
{"target": -37.55771060363591, "params": {"C": 1077.5314308752934, "epsilon": 2.16030502867428, "gamma": 0.002241635060704287}, "datetime": {"datetime": "2021-09-28 16:11:24", "elapsed": 108.274696, "delta": 0.722001}}
{"target": -38.758804476112005, "params": {"C": 1013.8156831061038, "epsilon": 2.651685823314828, "gamma": 0.00979317263400099}, "datetime": {"datetime": "2021-09-28 16:11:25", "elapsed": 109.224553, "delta": 0.949857}}
{"target": -37.455710313205756, "params": {"C": 1036.3866358579453, "epsilon": 1.2883837120748574, "gamma": 0.002024136995731688}, "datetime": {"datetime": "2021-09-28 16:11:26", "elapsed": 110.088557, "delta": 0.864004}}
{"target": -38.20248270465251, "params": {"C": 1087.7764284421871, "epsilon": 1.30215042614403, "gamma": 0.007364327535660755}, "datetime": {"datetime": "2021-09-28 16:11:27", "elapsed": 111.22998, "delta": 1.141423}}
{"target": -37.729104494441934, "params": {"C": 1022.623655360955, "epsilon": 1.4713585404134089, "gamma": 0.00564000551616424}, "datetime": {"datetime": "2021-09-28 16:11:28", "elapsed": 112.361978, "delta": 1.131998}}
{"target": -37.49164403047481, "params": {"C": 980.6544737261015, "epsilon": 2.1688931743236597, "gamma": 0.005014312791690393}, "datetime": {"datetime": "2021-09-28 16:11:29", "elapsed": 113.88512, "delta": 1.523142}}
{"target": -36.72976307725065, "params": {"C": 1025.1884849866428, "epsilon": 0.24158495786989684, "gamma": 0.0006511588691725433}, "datetime": {"datetime": "2021-09-28 16:11:30", "elapsed": 114.86873, "delta": 0.98361}}
{"target": -37.70043044397205, "params": {"C": 906.3498114807223, "epsilon": 2.2781090071071746, "gamma": 0.006843431263686516}, "datetime": {"datetime": "2021-09-28 16:11:31", "elapsed": 115.844693, "delta": 0.975963}}
{"target": -37.66728623630792, "params": {"C": 972.9947470976866, "epsilon": 1.8647920323040972, "gamma": 0.005854244226289185}, "datetime": {"datetime": "2021-09-28 16:11:32", "elapsed": 116.886692, "delta": 1.041999}}
{"target": -37.508416639663054, "params": {"C": 912.690238215097, "epsilon": 2.8164426665473057, "gamma": 0.00217327370205647}, "datetime": {"datetime": "2021-09-28 16:11:33", "elapsed": 117.881414, "delta": 0.994722}}
{"target": -37.017891952138996, "params": {"C": 1012.9860782556509, "epsilon": 1.243574970394555, "gamma": 0.00395166778378041}, "datetime": {"datetime": "2021-09-28 16:11:34", "elapsed": 118.997409, "delta": 1.115995}}
{"target": -36.92345837936635, "params": {"C": 969.4553319450372, "epsilon": 1.987930889503574, "gamma": 0.003937531246330064}, "datetime": {"datetime": "2021-09-28 16:11:35", "elapsed": 120.029211, "delta": 1.031802}}
{"target": -36.70534104069142, "params": {"C": 976.5845766167354, "epsilon": 2.8077461639853274, "gamma": 0.003618664205166863}, "datetime": {"datetime": "2021-09-28 16:11:37", "elapsed": 121.101212, "delta": 1.072001}}
{"target": -38.76971130275225, "params": {"C": 1030.5943300966455, "epsilon": 0.7833633269348755, "gamma": 0.009944010577127361}, "datetime": {"datetime": "2021-09-28 16:11:38", "elapsed": 122.407211, "delta": 1.305999}}
{"target": -37.677223702357225, "params": {"C": 1012.3398490760464, "epsilon": 1.8989364448131294, "gamma": 0.005691874654460577}, "datetime": {"datetime": "2021-09-28 16:11:39", "elapsed": 123.404087, "delta": 0.996876}}
{"target": -36.91438792137497, "params": {"C": 1086.9049672757733, "epsilon": 1.0043553706497992, "gamma": 0.0006221730896256386}, "datetime": {"datetime": "2021-09-28 16:11:40", "elapsed": 124.684785, "delta": 1.280698}}
{"target": -37.645647811119005, "params": {"C": 906.1075854222763, "epsilon": 0.6225667040391081, "gamma": 0.005547958232889966}, "datetime": {"datetime": "2021-09-28 16:11:41", "elapsed": 125.706753, "delta": 1.021968}}
{"target": -38.13602059120708, "params": {"C": 1060.5260764887737, "epsilon": 2.371036509557827, "gamma": 0.007289176852900567}, "datetime": {"datetime": "2021-09-28 16:11:42", "elapsed": 126.773754, "delta": 1.067001}}
{"target": -36.88971123842911, "params": {"C": 989.538614312655, "epsilon": 1.8516114540415423, "gamma": 0.0037151540529796663}, "datetime": {"datetime": "2021-09-28 16:11:43", "elapsed": 127.788024, "delta": 1.01427}}
{"target": -37.55106109618529, "params": {"C": 974.4063798620015, "epsilon": 2.2650061064717324, "gamma": 0.002113958253611171}, "datetime": {"datetime": "2021-09-28 16:11:44", "elapsed": 128.848021, "delta": 1.059997}}
{"target": -37.82472251660907, "params": {"C": 999.4096912246399, "epsilon": 0.31804854490237267, "gamma": 0.005734748828956441}, "datetime": {"datetime": "2021-09-28 16:11:46", "elapsed": 130.161107, "delta": 1.313086}}
{"target": -36.83846784901848, "params": {"C": 992.5056000070637, "epsilon": 0.8267672247196034, "gamma": 0.000641967416624419}, "datetime": {"datetime": "2021-09-28 16:11:47", "elapsed": 131.201335, "delta": 1.040228}}
{"target": -36.96962864433499, "params": {"C": 986.4985469967675, "epsilon": 1.7069805015600839, "gamma": 0.0027873615244017142}, "datetime": {"datetime": "2021-09-28 16:11:48", "elapsed": 132.616331, "delta": 1.414996}}
{"target": -37.396330018606214, "params": {"C": 954.7531161015975, "epsilon": 0.005911889004727294, "gamma": 0.002269640011224074}, "datetime": {"datetime": "2021-09-28 16:11:49", "elapsed": 133.710267, "delta": 1.093936}}
{"target": -38.431599360719105, "params": {"C": 1016.3919830776405, "epsilon": 2.2380919295310373, "gamma": 0.008075944420526851}, "datetime": {"datetime": "2021-09-28 16:11:50", "elapsed": 134.793919, "delta": 1.083652}}
{"target": -37.47809693834769, "params": {"C": 940.8615328650134, "epsilon": 0.7090538715801599, "gamma": 0.004997456977140142}, "datetime": {"datetime": "2021-09-28 16:11:51", "elapsed": 135.905823, "delta": 1.111904}}
{"target": -37.36260841937587, "params": {"C": 923.9323992858411, "epsilon": 0.9557681349071208, "gamma": 0.0013765320959723939}, "datetime": {"datetime": "2021-09-28 16:11:53", "elapsed": 137.255059, "delta": 1.349236}}
{"target": -37.87812483092184, "params": {"C": 994.540825938674, "epsilon": 1.1765080074585328, "gamma": 0.007190221418985255}, "datetime": {"datetime": "2021-09-28 16:11:54", "elapsed": 138.36506, "delta": 1.110001}}
{"target": -36.92597181312836, "params": {"C": 1020.4527895641318, "epsilon": 0.08281873484927826, "gamma": 0.0034488319333788042}, "datetime": {"datetime": "2021-09-28 16:11:55", "elapsed": 139.499816, "delta": 1.134756}}
{"target": -38.754209987925094, "params": {"C": 1071.4559901328234, "epsilon": 0.7828097993361822, "gamma": 0.009464401821523758}, "datetime": {"datetime": "2021-09-28 16:11:56", "elapsed": 140.704812, "delta": 1.204996}}
{"target": -37.575138976499275, "params": {"C": 1047.070034250313, "epsilon": 2.4310352214889894, "gamma": 0.0018539029525047712}, "datetime": {"datetime": "2021-09-28 16:11:57", "elapsed": 141.873115, "delta": 1.168303}}
{"target": -37.11071581104463, "params": {"C": 1027.4035236965412, "epsilon": 1.3586217609876716, "gamma": 0.004110722967337978}, "datetime": {"datetime": "2021-09-28 16:11:58", "elapsed": 143.03212, "delta": 1.159005}}
{"target": -35.69325296565917, "params": {"C": 920.0023952136153, "epsilon": 1.541499851408484, "gamma": 0.0003229109298945452}, "datetime": {"datetime": "2021-09-28 16:12:00", "elapsed": 144.141112, "delta": 1.108992}}
{"target": -37.823083370347206, "params": {"C": 1091.5678206675966, "epsilon": 2.4206707895076103, "gamma": 0.006304750834282317}, "datetime": {"datetime": "2021-09-28 16:12:01", "elapsed": 145.639337, "delta": 1.498225}}
{"target": -38.516897929427955, "params": {"C": 1095.6460168917679, "epsilon": 1.2369986386141127, "gamma": 0.008404942691229444}, "datetime": {"datetime": "2021-09-28 16:12:02", "elapsed": 146.732338, "delta": 1.093001}}
{"target": -37.852754231094345, "params": {"C": 1073.6165422530491, "epsilon": 2.0531412145788903, "gamma": 0.006429301934848315}, "datetime": {"datetime": "2021-09-28 16:12:04", "elapsed": 148.138684, "delta": 1.406346}}
{"target": -37.42192105186497, "params": {"C": 999.8552654896769, "epsilon": 1.6856467414076397, "gamma": 0.0023155179620865216}, "datetime": {"datetime": "2021-09-28 16:12:05", "elapsed": 149.212395, "delta": 1.073711}}
{"target": -35.96961199451512, "params": {"C": 1043.722249083309, "epsilon": 1.923897075806904, "gamma": 0.00013365285684117337}, "datetime": {"datetime": "2021-09-28 16:12:06", "elapsed": 150.209928, "delta": 0.997533}}
{"target": -37.575718516884365, "params": {"C": 996.2768018100671, "epsilon": 0.006353635997356216, "gamma": 0.005031304276662493}, "datetime": {"datetime": "2021-09-28 16:12:07", "elapsed": 151.281163, "delta": 1.071235}}
{"target": -38.3043459684192, "params": {"C": 937.7237402009192, "epsilon": 1.1950895066744576, "gamma": 0.00859576383623407}, "datetime": {"datetime": "2021-09-28 16:12:08", "elapsed": 152.520161, "delta": 1.238998}}
{"target": -37.82840647687177, "params": {"C": 1005.8168078876597, "epsilon": 1.3416025023104956, "gamma": 0.0064901564183707725}, "datetime": {"datetime": "2021-09-28 16:12:09", "elapsed": 153.630168, "delta": 1.110007}}
{"target": -37.645471423080195, "params": {"C": 982.0118407775334, "epsilon": 0.40260694905535105, "gamma": 0.0052031483641928776}, "datetime": {"datetime": "2021-09-28 16:12:10", "elapsed": 154.677925, "delta": 1.047757}}
{"target": -35.83163230501253, "params": {"C": 1085.2327245795364, "epsilon": 2.8560212244645973, "gamma": 0.00027437168140492747}, "datetime": {"datetime": "2021-09-28 16:12:11", "elapsed": 155.737138, "delta": 1.059213}}
{"target": -38.094730227024556, "params": {"C": 1056.561881553006, "epsilon": 1.913083625869739, "gamma": 0.007260114355213433}, "datetime": {"datetime": "2021-09-28 16:12:12", "elapsed": 156.84714, "delta": 1.110002}}
{"target": -38.710298217673675, "params": {"C": 959.1498156852614, "epsilon": 2.8679405947844248, "gamma": 0.00979738952544614}, "datetime": {"datetime": "2021-09-28 16:12:13", "elapsed": 157.911868, "delta": 1.064728}}
{"target": -37.16590371472049, "params": {"C": 936.0573978477937, "epsilon": 2.244184761761533, "gamma": 0.004627113960423152}, "datetime": {"datetime": "2021-09-28 16:12:14", "elapsed": 158.985109, "delta": 1.073241}}
{"target": -36.770014824326076, "params": {"C": 966.4538937337279, "epsilon": 2.4276145298472636, "gamma": 0.0036983430367581276}, "datetime": {"datetime": "2021-09-28 16:12:16", "elapsed": 160.055418, "delta": 1.070309}}
{"target": -36.65683743667248, "params": {"C": 958.1052722079833, "epsilon": 2.5132429015876308, "gamma": 0.0005772751881543176}, "datetime": {"datetime": "2021-09-28 16:12:17", "elapsed": 161.137413, "delta": 1.081995}}
{"target": -38.79108947141667, "params": {"C": 1097.3160502064552, "epsilon": 1.5265855558166106, "gamma": 0.009346069634219994}, "datetime": {"datetime": "2021-09-28 16:12:18", "elapsed": 162.200399, "delta": 1.062986}}
{"target": -37.34348832961899, "params": {"C": 936.6222086206535, "epsilon": 2.7163612498296086, "gamma": 0.0014217427911697525}, "datetime": {"datetime": "2021-09-28 16:12:19", "elapsed": 163.224395, "delta": 1.023996}}
{"target": -37.517038529551414, "params": {"C": 1013.2132538116576, "epsilon": 0.34708459960512283, "gamma": 0.0012310090845285644}, "datetime": {"datetime": "2021-09-28 16:12:20", "elapsed": 164.288822, "delta": 1.064427}}
{"target": -38.1842024614288, "params": {"C": 1099.9744352304674, "epsilon": 0.022971834288404942, "gamma": 0.007885307817801099}, "datetime": {"datetime": "2021-09-28 16:12:21", "elapsed": 165.320107, "delta": 1.031285}}
{"target": -38.011129873825794, "params": {"C": 928.1520270500756, "epsilon": 0.2866357429529406, "gamma": 0.008173546534664549}, "datetime": {"datetime": "2021-09-28 16:12:22", "elapsed": 166.407148, "delta": 1.087041}}
{"target": -36.966479673605456, "params": {"C": 1000.4894379373152, "epsilon": 0.5431002340620791, "gamma": 0.0038905063108826865}, "datetime": {"datetime": "2021-09-28 16:12:24", "elapsed": 168.337646, "delta": 1.930498}}
{"target": -37.57194866767814, "params": {"C": 998.3633042012118, "epsilon": 0.43911266342520777, "gamma": 0.001971914008959867}, "datetime": {"datetime": "2021-09-28 16:12:25", "elapsed": 169.365523, "delta": 1.027877}}
{"target": -37.6773149685519, "params": {"C": 1045.5721289440269, "epsilon": 0.15911414664037174, "gamma": 0.0016240742572613356}, "datetime": {"datetime": "2021-09-28 16:12:26", "elapsed": 170.825526, "delta": 1.460003}}
{"target": -37.0144957581453, "params": {"C": 1077.844547245248, "epsilon": 1.5992852560219981, "gamma": 0.0038293192131782904}, "datetime": {"datetime": "2021-09-28 16:12:27", "elapsed": 171.933747, "delta": 1.108221}}
{"target": -37.06570739765313, "params": {"C": 1022.0772094324175, "epsilon": 0.9053152265508373, "gamma": 0.003997843734293727}, "datetime": {"datetime": "2021-09-28 16:12:28", "elapsed": 173.042744, "delta": 1.108997}}
{"target": -38.39336264802943, "params": {"C": 937.617275401175, "epsilon": 2.2834819508654802, "gamma": 0.008411686067879285}, "datetime": {"datetime": "2021-09-28 16:12:30", "elapsed": 174.158615, "delta": 1.115871}}
{"target": -37.800665708383434, "params": {"C": 905.0032719893887, "epsilon": 0.05987561432165446, "gamma": 0.007112472936178171}, "datetime": {"datetime": "2021-09-28 16:12:31", "elapsed": 175.356629, "delta": 1.198014}}
{"target": -36.69609845326238, "params": {"C": 994.5102530171516, "epsilon": 2.41006862959301, "gamma": 0.0032426064261473968}, "datetime": {"datetime": "2021-09-28 16:12:32", "elapsed": 176.545634, "delta": 1.189005}}
{"target": -36.87867392727673, "params": {"C": 1048.2001852676212, "epsilon": 2.0335020430641944, "gamma": 0.0036083136307941267}, "datetime": {"datetime": "2021-09-28 16:12:33", "elapsed": 177.640087, "delta": 1.094453}}
{"target": -37.776580034094046, "params": {"C": 1018.4047119005508, "epsilon": 0.4963958502016697, "gamma": 0.005449579675532487}, "datetime": {"datetime": "2021-09-28 16:12:34", "elapsed": 178.819092, "delta": 1.179005}}
{"target": -38.19466995220001, "params": {"C": 1005.6132088287396, "epsilon": 2.9298732176766022, "gamma": 0.0076498446898930475}, "datetime": {"datetime": "2021-09-28 16:12:36", "elapsed": 180.409476, "delta": 1.590384}}
{"target": -36.788444770756804, "params": {"C": 988.6809736333304, "epsilon": 1.7390539699736434, "gamma": 0.0033996458473551433}, "datetime": {"datetime": "2021-09-28 16:12:37", "elapsed": 181.995623, "delta": 1.586147}}
{"target": -37.12033987110549, "params": {"C": 1032.3037659895901, "epsilon": 2.0775163712828397, "gamma": 0.004238153657496428}, "datetime": {"datetime": "2021-09-28 16:12:39", "elapsed": 183.138623, "delta": 1.143}}
{"target": -37.82848913491411, "params": {"C": 1057.1886785670931, "epsilon": 1.3276494522898425, "gamma": 0.005986252090444675}, "datetime": {"datetime": "2021-09-28 16:12:40", "elapsed": 184.27971, "delta": 1.141087}}
{"target": -37.36726190139334, "params": {"C": 988.2007893116395, "epsilon": 0.22600598311775077, "gamma": 0.004635498392261371}, "datetime": {"datetime": "2021-09-28 16:12:41", "elapsed": 185.463973, "delta": 1.184263}}
{"target": -36.669969677117855, "params": {"C": 929.8423708922546, "epsilon": 2.2714001098759162, "gamma": 0.003355815297231239}, "datetime": {"datetime": "2021-09-28 16:12:42", "elapsed": 186.633973, "delta": 1.17}}
{"target": -38.71317404234159, "params": {"C": 951.2600061303109, "epsilon": 2.740371307688683, "gamma": 0.009869768985582972}, "datetime": {"datetime": "2021-09-28 16:12:44", "elapsed": 188.334413, "delta": 1.70044}}
{"target": -37.606674615954674, "params": {"C": 1092.1388349186159, "epsilon": 2.549916761814624, "gamma": 0.005401858628804649}, "datetime": {"datetime": "2021-09-28 16:12:45", "elapsed": 189.689678, "delta": 1.355265}}
{"target": -38.71155229767792, "params": {"C": 945.6888470813973, "epsilon": 2.1017695495004793, "gamma": 0.009889360757874383}, "datetime": {"datetime": "2021-09-28 16:12:47", "elapsed": 191.248678, "delta": 1.559}}
{"target": -37.40902048455071, "params": {"C": 1091.2969040308597, "epsilon": 1.5937547041357352, "gamma": 0.0012550575235885724}, "datetime": {"datetime": "2021-09-28 16:12:48", "elapsed": 192.696597, "delta": 1.447919}}
{"target": -37.85105971325449, "params": {"C": 1010.0749591598778, "epsilon": 1.0472501409367116, "gamma": 0.006546145729678363}, "datetime": {"datetime": "2021-09-28 16:12:50", "elapsed": 194.15045, "delta": 1.453853}}
{"target": -36.85680454625977, "params": {"C": 1082.8708849354653, "epsilon": 0.8490791991948512, "gamma": 0.003107372635079378}, "datetime": {"datetime": "2021-09-28 16:12:51", "elapsed": 195.54087, "delta": 1.39042}}
{"target": -38.56236593408972, "params": {"C": 1009.192236247078, "epsilon": 1.9566074344480964, "gamma": 0.008720673066725719}, "datetime": {"datetime": "2021-09-28 16:12:53", "elapsed": 197.059873, "delta": 1.519003}}
{"target": -37.13705945935819, "params": {"C": 972.8030357871648, "epsilon": 2.4920624998598044, "gamma": 0.0008102231892884794}, "datetime": {"datetime": "2021-09-28 16:12:54", "elapsed": 198.469401, "delta": 1.409528}}
{"target": -36.874564989415205, "params": {"C": 911.869289084889, "epsilon": 1.455738696682037, "gamma": 0.0029288846921433046}, "datetime": {"datetime": "2021-09-28 16:12:56", "elapsed": 200.92252, "delta": 2.453119}}
