{"target": -44.068204780633366, "params": {"C": 62.1491132623533, "epsilon": 1.933289965819496, "gamma": 0.014577012553061864}, "datetime": {"datetime": "2021-09-24 16:22:54", "elapsed": 73.707739, "delta": 1.368887}}
{"target": -43.89927189979257, "params": {"C": 53.25562492969118, "epsilon": 3.2840961108240294, "gamma": 0.007672133857550756}, "datetime": {"datetime": "2021-09-24 16:22:56", "elapsed": 75.370615, "delta": 1.662876}}
{"target": -43.99707129005992, "params": {"C": 51.648765338999404, "epsilon": 1.690358700260335, "gamma": 0.03957672283396963}, "datetime": {"datetime": "2021-09-24 16:22:57", "elapsed": 76.006614, "delta": 0.635999}}
{"target": -45.0595370006375, "params": {"C": 56.665498420761736, "epsilon": 1.889390430172433, "gamma": 0.09795002551091037}, "datetime": {"datetime": "2021-09-24 16:22:58", "elapsed": 77.097188, "delta": 1.090574}}
{"target": -44.16414730414333, "params": {"C": 61.13390493398589, "epsilon": 1.5830170371130712, "gamma": 0.005}, "datetime": {"datetime": "2021-09-24 16:22:59", "elapsed": 78.469602, "delta": 1.372414}}
{"target": -44.13571059451125, "params": {"C": 56.18468042590252, "epsilon": 2.524197520224823, "gamma": 0.0056799879398686}, "datetime": {"datetime": "2021-09-24 16:23:00", "elapsed": 79.556375, "delta": 1.086773}}
{"target": -44.1933850599629, "params": {"C": 56.37500792595757, "epsilon": 2.62462175527883, "gamma": 0.005}, "datetime": {"datetime": "2021-09-24 16:23:01", "elapsed": 80.76252, "delta": 1.206145}}
{"target": -44.10212490707025, "params": {"C": 53.26893268213051, "epsilon": 3.381134089747552, "gamma": 0.005}, "datetime": {"datetime": "2021-09-24 16:23:03", "elapsed": 82.007983, "delta": 1.245463}}
{"target": -44.247711889988715, "params": {"C": 80.99910341012873, "epsilon": 1.1442181664087934, "gamma": 0.021299653698372088}, "datetime": {"datetime": "2021-09-24 16:23:03", "elapsed": 82.83765, "delta": 0.829667}}
{"target": -44.34533919987227, "params": {"C": 75.50120840761873, "epsilon": 0.3541421946935436, "gamma": 0.05796992702070474}, "datetime": {"datetime": "2021-09-24 16:23:04", "elapsed": 83.65487, "delta": 0.81722}}
{"target": -43.99412891913771, "params": {"C": 61.34581101554116, "epsilon": 1.7568056626839126, "gamma": 0.021977734942741096}, "datetime": {"datetime": "2021-09-24 16:23:05", "elapsed": 84.782093, "delta": 1.127223}}
{"target": -44.163772594580514, "params": {"C": 64.95452140624342, "epsilon": 2.9230210812813104, "gamma": 0.005}, "datetime": {"datetime": "2021-09-24 16:23:07", "elapsed": 85.874922, "delta": 1.092829}}
{"target": -44.155840729882684, "params": {"C": 71.70254968894605, "epsilon": 0.8192768813287885, "gamma": 0.030889440374896614}, "datetime": {"datetime": "2021-09-24 16:23:07", "elapsed": 86.49664, "delta": 0.621718}}
{"target": -45.1661637610555, "params": {"C": 64.45618085740546, "epsilon": 3.3361158097753365, "gamma": 0.0891027026991937}, "datetime": {"datetime": "2021-09-24 16:23:09", "elapsed": 88.144604, "delta": 1.647964}}
{"target": -43.96823349829446, "params": {"C": 97.17524882414699, "epsilon": 0.6821904553755126, "gamma": 0.005}, "datetime": {"datetime": "2021-09-24 16:23:10", "elapsed": 89.232465, "delta": 1.087861}}
{"target": -44.04770264289721, "params": {"C": 64.41438818934989, "epsilon": 3.541011278031389, "gamma": 0.024014077155157593}, "datetime": {"datetime": "2021-09-24 16:23:11", "elapsed": 90.665196, "delta": 1.432731}}
{"target": -44.024777648527696, "params": {"C": 54.53797584326354, "epsilon": 2.4863358624737155, "gamma": 0.023271597904701163}, "datetime": {"datetime": "2021-09-24 16:23:12", "elapsed": 91.384221, "delta": 0.719025}}
{"target": -43.92052631502206, "params": {"C": 56.43363852114599, "epsilon": 3.2893013720190787, "gamma": 0.01449335400982582}, "datetime": {"datetime": "2021-09-24 16:23:13", "elapsed": 92.578209, "delta": 1.193988}}
{"target": -43.97132774075799, "params": {"C": 74.92409164570728, "epsilon": 1.708906225529464, "gamma": 0.018906468070623808}, "datetime": {"datetime": "2021-09-24 16:23:14", "elapsed": 93.327358, "delta": 0.749149}}
{"target": -44.003994773535, "params": {"C": 61.94910622661654, "epsilon": 1.8243435607027, "gamma": 0.020015984015767083}, "datetime": {"datetime": "2021-09-24 16:23:15", "elapsed": 94.263386, "delta": 0.936028}}
{"target": -44.99471894758137, "params": {"C": 55.54086401663445, "epsilon": 1.410528830495419, "gamma": 0.09652861275107821}, "datetime": {"datetime": "2021-09-24 16:23:16", "elapsed": 95.222529, "delta": 0.959143}}
{"target": -44.358148858028066, "params": {"C": 62.13669279766464, "epsilon": 2.8519185423573896, "gamma": 0.06174055259139869}, "datetime": {"datetime": "2021-09-24 16:23:17", "elapsed": 96.097681, "delta": 0.875152}}
{"target": -45.027189840214476, "params": {"C": 56.45018790177138, "epsilon": 3.337911558790492, "gamma": 0.09207695684400108}, "datetime": {"datetime": "2021-09-24 16:23:18", "elapsed": 97.167126, "delta": 1.069445}}
{"target": -44.35485351427874, "params": {"C": 97.2774012613027, "epsilon": 2.5620520538204588, "gamma": 0.022835063538289315}, "datetime": {"datetime": "2021-09-24 16:23:19", "elapsed": 98.073063, "delta": 0.905937}}
{"target": -45.213580818510636, "params": {"C": 64.1233515351932, "epsilon": 1.6881939030921034, "gamma": 0.09480272047197048}, "datetime": {"datetime": "2021-09-24 16:23:20", "elapsed": 98.871178, "delta": 0.798115}}
{"target": -44.04507569995046, "params": {"C": 56.45023997187145, "epsilon": 3.180128312271746, "gamma": 0.02540838878521714}, "datetime": {"datetime": "2021-09-24 16:23:21", "elapsed": 100.495324, "delta": 1.624146}}
{"target": -44.5045041107699, "params": {"C": 74.76097668103216, "epsilon": 1.2450440680006853, "gamma": 0.06562218005746726}, "datetime": {"datetime": "2021-09-24 16:23:22", "elapsed": 101.323556, "delta": 0.828232}}
{"target": -43.80351469264815, "params": {"C": 94.48123140178086, "epsilon": 1.957726642296629, "gamma": 0.008274307462304502}, "datetime": {"datetime": "2021-09-24 16:23:23", "elapsed": 102.035769, "delta": 0.712213}}
{"target": -44.07637677427751, "params": {"C": 55.71493539636148, "epsilon": 1.53947553901273, "gamma": 0.01889140821315801}, "datetime": {"datetime": "2021-09-24 16:23:24", "elapsed": 103.274858, "delta": 1.239089}}
{"target": -44.24068107379024, "params": {"C": 94.55458728310336, "epsilon": 2.026876852722311, "gamma": 0.029232065102558682}, "datetime": {"datetime": "2021-09-24 16:23:25", "elapsed": 104.43205, "delta": 1.157192}}
{"target": -44.164582425120145, "params": {"C": 72.59640686812338, "epsilon": 3.2971644423883335, "gamma": 0.01625530436244692}, "datetime": {"datetime": "2021-09-24 16:23:26", "elapsed": 105.204845, "delta": 0.772795}}
{"target": -45.325050447115416, "params": {"C": 66.99151767861211, "epsilon": 2.9785985966090442, "gamma": 0.0959020776527365}, "datetime": {"datetime": "2021-09-24 16:23:26", "elapsed": 105.782139, "delta": 0.577294}}
{"target": -43.871318030154754, "params": {"C": 56.05147458071486, "epsilon": 3.2710825974739914, "gamma": 0.013135204874837492}, "datetime": {"datetime": "2021-09-24 16:23:28", "elapsed": 107.388606, "delta": 1.606467}}
{"target": -44.12124216825113, "params": {"C": 56.35514214790532, "epsilon": 3.1742330959620504, "gamma": 0.03080245130637213}, "datetime": {"datetime": "2021-09-24 16:23:29", "elapsed": 108.558526, "delta": 1.16992}}
{"target": -43.873032780581845, "params": {"C": 94.53651518742174, "epsilon": 1.8731619603579734, "gamma": 0.009513063041901082}, "datetime": {"datetime": "2021-09-24 16:23:30", "elapsed": 109.791552, "delta": 1.233026}}
{"target": -44.3305064958556, "params": {"C": 80.87521105253924, "epsilon": 1.27690713993728, "gamma": 0.05273830419249031}, "datetime": {"datetime": "2021-09-24 16:23:31", "elapsed": 110.471172, "delta": 0.67962}}
{"target": -43.86863434872002, "params": {"C": 64.85962150129593, "epsilon": 3.077726778699298, "gamma": 0.012534087385967712}, "datetime": {"datetime": "2021-09-24 16:23:33", "elapsed": 111.891212, "delta": 1.42004}}
{"target": -45.025371113404944, "params": {"C": 56.65359254596589, "epsilon": 1.6901789207415865, "gamma": 0.0965300266748657}, "datetime": {"datetime": "2021-09-24 16:23:35", "elapsed": 113.978535, "delta": 2.087323}}
{"target": -45.16172289448808, "params": {"C": 64.91550167003003, "epsilon": 3.043144948389054, "gamma": 0.08872414578138196}, "datetime": {"datetime": "2021-09-24 16:23:36", "elapsed": 115.184296, "delta": 1.205761}}
{"target": -44.19048314715397, "params": {"C": 55.97120513129363, "epsilon": 3.306031240926157, "gamma": 0.03507269372054126}, "datetime": {"datetime": "2021-09-24 16:23:37", "elapsed": 116.381182, "delta": 1.196886}}
{"target": -44.94937831277192, "params": {"C": 94.483767239829, "epsilon": 1.8680083879758689, "gamma": 0.06755394673936028}, "datetime": {"datetime": "2021-09-24 16:23:38", "elapsed": 117.493873, "delta": 1.112691}}
{"target": -43.934214877041484, "params": {"C": 64.51301049146474, "epsilon": 3.506100923317851, "gamma": 0.008051896080259885}, "datetime": {"datetime": "2021-09-24 16:23:40", "elapsed": 119.172082, "delta": 1.678209}}
{"target": -44.01513347544936, "params": {"C": 55.729895230086214, "epsilon": 1.4428055033130938, "gamma": 0.050160706515944634}, "datetime": {"datetime": "2021-09-24 16:23:41", "elapsed": 120.333086, "delta": 1.161004}}
{"target": -44.31870246944868, "params": {"C": 94.64581704553956, "epsilon": 1.9176226181682208, "gamma": 0.028364571474513444}, "datetime": {"datetime": "2021-09-24 16:23:42", "elapsed": 121.749912, "delta": 1.416826}}
{"target": -45.0259870389564, "params": {"C": 62.118495284220856, "epsilon": 1.991146423759023, "gamma": 0.08914750736023375}, "datetime": {"datetime": "2021-09-24 16:23:44", "elapsed": 123.008945, "delta": 1.259033}}
{"target": -44.12067451094126, "params": {"C": 62.007860354503954, "epsilon": 1.8511131214034053, "gamma": 0.03455548008592202}, "datetime": {"datetime": "2021-09-24 16:23:45", "elapsed": 124.55072, "delta": 1.541775}}
{"target": -44.366762948263265, "params": {"C": 61.92138907454219, "epsilon": 1.7208058803050872, "gamma": 0.0648578728605476}, "datetime": {"datetime": "2021-09-24 16:23:47", "elapsed": 126.112985, "delta": 1.562265}}
{"target": -44.06490453036323, "params": {"C": 61.9556701693337, "epsilon": 1.9478813930128247, "gamma": 0.03837292561477125}, "datetime": {"datetime": "2021-09-24 16:23:49", "elapsed": 128.121215, "delta": 2.00823}}
{"target": -45.2534882924048, "params": {"C": 64.50968794711179, "epsilon": 3.569912380016193, "gamma": 0.09386689920548841}, "datetime": {"datetime": "2021-09-24 16:23:51", "elapsed": 129.861321, "delta": 1.740106}}
{"target": -44.591539805572516, "params": {"C": 55.65852198496929, "epsilon": 1.5630042689548855, "gamma": 0.07990060234883904}, "datetime": {"datetime": "2021-09-24 16:23:52", "elapsed": 131.548291, "delta": 1.68697}}
{"target": -44.15374326781755, "params": {"C": 62.0278642018123, "epsilon": 2.0315307622374403, "gamma": 0.005}, "datetime": {"datetime": "2021-09-24 16:23:54", "elapsed": 132.969619, "delta": 1.421328}}
{"target": -44.08266117059586, "params": {"C": 56.39360515295712, "epsilon": 3.237769395662825, "gamma": 0.005597340516514483}, "datetime": {"datetime": "2021-09-24 16:23:56", "elapsed": 134.867292, "delta": 1.897673}}
{"target": -43.91888288299926, "params": {"C": 64.7657045447951, "epsilon": 3.0781810591501064, "gamma": 0.04051299385762889}, "datetime": {"datetime": "2021-09-24 16:23:57", "elapsed": 136.273632, "delta": 1.40634}}
{"target": -44.35046781386641, "params": {"C": 58.38870209276233, "epsilon": 3.537122071229666, "gamma": 0.0628214440293861}, "datetime": {"datetime": "2021-09-24 16:23:58", "elapsed": 137.543145, "delta": 1.269513}}
{"target": -45.03317217355008, "params": {"C": 79.73848255390024, "epsilon": 3.4331476328578225, "gamma": 0.0754673016696762}, "datetime": {"datetime": "2021-09-24 16:23:59", "elapsed": 138.235347, "delta": 0.692202}}
{"target": -43.8924184371595, "params": {"C": 64.39075491134841, "epsilon": 3.4805875510158995, "gamma": 0.012847556130006273}, "datetime": {"datetime": "2021-09-24 16:24:00", "elapsed": 139.44441, "delta": 1.209063}}
{"target": -43.935739744349796, "params": {"C": 62.31928540578762, "epsilon": 2.8175565142809695, "gamma": 0.042187518709460095}, "datetime": {"datetime": "2021-09-24 16:24:02", "elapsed": 140.993072, "delta": 1.548662}}
{"target": -44.46149800436161, "params": {"C": 62.30342048069273, "epsilon": 2.7263121489195474, "gamma": 0.06630294452103459}, "datetime": {"datetime": "2021-09-24 16:24:03", "elapsed": 142.490687, "delta": 1.497615}}
{"target": -43.9244296009305, "params": {"C": 64.77433162527035, "epsilon": 3.1806982570310534, "gamma": 0.03929951104232604}, "datetime": {"datetime": "2021-09-24 16:24:04", "elapsed": 143.586593, "delta": 1.095906}}
{"target": -45.17292573637377, "params": {"C": 64.55208006925983, "epsilon": 1.2516565089302072, "gamma": 0.09239572419993618}, "datetime": {"datetime": "2021-09-24 16:24:05", "elapsed": 144.346798, "delta": 0.760205}}
{"target": -43.86343193895961, "params": {"C": 64.81846446096166, "epsilon": 3.1220787104197303, "gamma": 0.012070088607796505}, "datetime": {"datetime": "2021-09-24 16:24:06", "elapsed": 145.678266, "delta": 1.331468}}
{"target": -44.50720692871832, "params": {"C": 53.91340629275569, "epsilon": 1.68903546988086, "gamma": 0.07820845433919767}, "datetime": {"datetime": "2021-09-24 16:24:07", "elapsed": 146.545896, "delta": 0.86763}}
{"target": -43.965450719442195, "params": {"C": 53.29318277276517, "epsilon": 3.181732461912276, "gamma": 0.01136316976932079}, "datetime": {"datetime": "2021-09-24 16:24:09", "elapsed": 147.873802, "delta": 1.327906}}
{"target": -44.078870424821964, "params": {"C": 53.22375046728033, "epsilon": 3.2167376518971853, "gamma": 0.057331724732392064}, "datetime": {"datetime": "2021-09-24 16:24:11", "elapsed": 150.29972, "delta": 2.425918}}
{"target": -43.84461388577219, "params": {"C": 96.4354467508042, "epsilon": 0.5827683223487357, "gamma": 0.0064768749623379356}, "datetime": {"datetime": "2021-09-24 16:24:12", "elapsed": 151.024525, "delta": 0.724805}}
{"target": -44.12809529794582, "params": {"C": 83.4549822706287, "epsilon": 2.163587426293141, "gamma": 0.04133035737031525}, "datetime": {"datetime": "2021-09-24 16:24:12", "elapsed": 151.709224, "delta": 0.684699}}
{"target": -44.26391626257546, "params": {"C": 96.26651072608351, "epsilon": 0.813085307751892, "gamma": 0.03213726282109934}, "datetime": {"datetime": "2021-09-24 16:24:13", "elapsed": 152.553704, "delta": 0.84448}}
{"target": -44.221022329846384, "params": {"C": 96.5222879446054, "epsilon": 0.5567326727609143, "gamma": 0.036318669292595605}, "datetime": {"datetime": "2021-09-24 16:24:15", "elapsed": 153.947471, "delta": 1.393767}}
{"target": -44.02014021696363, "params": {"C": 56.51696724816994, "epsilon": 1.8128303886062787, "gamma": 0.02263656788877259}, "datetime": {"datetime": "2021-09-24 16:24:16", "elapsed": 155.815423, "delta": 1.867952}}
{"target": -44.320860113172955, "params": {"C": 96.43471806500678, "epsilon": 0.6783468353526163, "gamma": 0.042113469240083475}, "datetime": {"datetime": "2021-09-24 16:24:18", "elapsed": 157.411167, "delta": 1.595744}}
{"target": -44.58124475133552, "params": {"C": 62.32079646333321, "epsilon": 2.931392195419539, "gamma": 0.07218995321913027}, "datetime": {"datetime": "2021-09-24 16:24:20", "elapsed": 158.906567, "delta": 1.4954}}
{"target": -43.9861612423211, "params": {"C": 88.91242012965215, "epsilon": 1.869075580433691, "gamma": 0.018111192091007228}, "datetime": {"datetime": "2021-09-24 16:24:21", "elapsed": 159.914054, "delta": 1.007487}}
{"target": -45.18128839523184, "params": {"C": 62.741293779193775, "epsilon": 2.352726844470834, "gamma": 0.09473507667292917}, "datetime": {"datetime": "2021-09-24 16:24:21", "elapsed": 160.761697, "delta": 0.847643}}
{"target": -45.26192568744845, "params": {"C": 96.39968631337405, "epsilon": 0.5357476370534879, "gamma": 0.07140163062310688}, "datetime": {"datetime": "2021-09-24 16:24:23", "elapsed": 162.379826, "delta": 1.618129}}
{"target": -44.05247864570914, "params": {"C": 50.56799871185875, "epsilon": 3.811396058135256, "gamma": 0.020436836200903568}, "datetime": {"datetime": "2021-09-24 16:24:24", "elapsed": 163.726841, "delta": 1.347015}}
{"target": -44.16078768333145, "params": {"C": 74.8497348294424, "epsilon": 1.764938633854333, "gamma": 0.026434466556616385}, "datetime": {"datetime": "2021-09-24 16:24:26", "elapsed": 165.434011, "delta": 1.70717}}
{"target": -45.511019416830464, "params": {"C": 74.87164523224072, "epsilon": 1.6665372263203382, "gamma": 0.09619123363264567}, "datetime": {"datetime": "2021-09-24 16:24:28", "elapsed": 166.894811, "delta": 1.4608}}
{"target": -44.130041374562914, "params": {"C": 75.00963732157365, "epsilon": 1.8097660999593532, "gamma": 0.0052492369566289636}, "datetime": {"datetime": "2021-09-24 16:24:29", "elapsed": 168.374776, "delta": 1.479965}}
{"target": -43.95972060718825, "params": {"C": 64.68023984056803, "epsilon": 3.118851851423112, "gamma": 0.008874941853706455}, "datetime": {"datetime": "2021-09-24 16:24:30", "elapsed": 169.70451, "delta": 1.329734}}
{"target": -44.25597365654201, "params": {"C": 84.09665896448635, "epsilon": 1.7570350078206702, "gamma": 0.02346394086813236}, "datetime": {"datetime": "2021-09-24 16:24:31", "elapsed": 170.537756, "delta": 0.833246}}
{"target": -43.9776681760736, "params": {"C": 64.65769886919634, "epsilon": 3.215120902904165, "gamma": 0.020745336960365478}, "datetime": {"datetime": "2021-09-24 16:24:33", "elapsed": 172.452323, "delta": 1.914567}}
{"target": -44.10483037373947, "params": {"C": 61.26302797291989, "epsilon": 1.695838480038397, "gamma": 0.01625500603779782}, "datetime": {"datetime": "2021-09-24 16:24:35", "elapsed": 174.068908, "delta": 1.616585}}
{"target": -43.867771931934676, "params": {"C": 62.167841848279224, "epsilon": 2.106567780980685, "gamma": 0.007991999604560662}, "datetime": {"datetime": "2021-09-24 16:24:36", "elapsed": 175.827595, "delta": 1.758687}}
{"target": -44.084957814905806, "params": {"C": 62.17005930528393, "epsilon": 2.195942919202094, "gamma": 0.02823305529947944}, "datetime": {"datetime": "2021-09-24 16:24:39", "elapsed": 178.085455, "delta": 2.25786}}
{"target": -44.27047349552619, "params": {"C": 51.58745287018057, "epsilon": 3.0540074684665544, "gamma": 0.06970969394446656}, "datetime": {"datetime": "2021-09-24 16:24:40", "elapsed": 178.885023, "delta": 0.799568}}
{"target": -44.065479076298665, "params": {"C": 62.1026556065588, "epsilon": 1.79843342877096, "gamma": 0.006093870009533286}, "datetime": {"datetime": "2021-09-24 16:24:41", "elapsed": 180.425687, "delta": 1.540664}}
{"target": -43.9255548168561, "params": {"C": 53.17255955377425, "epsilon": 3.759459713081331, "gamma": 0.024895050676299463}, "datetime": {"datetime": "2021-09-24 16:24:42", "elapsed": 181.253866, "delta": 0.828179}}
{"target": -44.421318306184354, "params": {"C": 50.656873837113935, "epsilon": 3.7583183879289033, "gamma": 0.0756813729670001}, "datetime": {"datetime": "2021-09-24 16:24:44", "elapsed": 183.125617, "delta": 1.871751}}
{"target": -44.420377105205695, "params": {"C": 53.07203307288435, "epsilon": 3.7787200976275375, "gamma": 0.07243923097040018}, "datetime": {"datetime": "2021-09-24 16:24:46", "elapsed": 185.652938, "delta": 2.527321}}
{"target": -45.36686018335035, "params": {"C": 64.69695040490386, "epsilon": 3.1547151772433386, "gamma": 0.1}, "datetime": {"datetime": "2021-09-24 16:24:48", "elapsed": 187.373693, "delta": 1.720755}}
{"target": -43.937306478956636, "params": {"C": 64.84015242831954, "epsilon": 3.252999025429207, "gamma": 0.043161990185621384}, "datetime": {"datetime": "2021-09-24 16:24:50", "elapsed": 189.551733, "delta": 2.17804}}
{"target": -43.9867799632726, "params": {"C": 62.094196594248906, "epsilon": 2.1617179842985843, "gamma": 0.047765728608827766}, "datetime": {"datetime": "2021-09-24 16:24:52", "elapsed": 191.339685, "delta": 1.787952}}
{"target": -43.92206425480178, "params": {"C": 53.190571507011406, "epsilon": 3.670757864412854, "gamma": 0.027333993139472875}, "datetime": {"datetime": "2021-09-24 16:24:53", "elapsed": 192.830793, "delta": 1.491108}}
{"target": -44.017108647285944, "params": {"C": 58.31541986178431, "epsilon": 3.394591230619095, "gamma": 0.02362099712356212}, "datetime": {"datetime": "2021-09-24 16:24:55", "elapsed": 194.531411, "delta": 1.700618}}
{"target": -44.185539691940114, "params": {"C": 53.29901864959747, "epsilon": 3.7108091526664353, "gamma": 0.05985015856942583}, "datetime": {"datetime": "2021-09-24 16:24:56", "elapsed": 195.848887, "delta": 1.317476}}
{"target": -43.910966814591866, "params": {"C": 50.48478308815347, "epsilon": 3.7501926012433966, "gamma": 0.025816472055980953}, "datetime": {"datetime": "2021-09-24 16:24:58", "elapsed": 197.131129, "delta": 1.282242}}
{"target": -44.206102641448894, "params": {"C": 50.49296386228538, "epsilon": 3.6582767044172866, "gamma": 0.06368066887454872}, "datetime": {"datetime": "2021-09-24 16:25:00", "elapsed": 199.42307, "delta": 2.291941}}
{"target": -43.89448533635388, "params": {"C": 56.130580167932074, "epsilon": 3.218190866678224, "gamma": 0.008745564398651057}, "datetime": {"datetime": "2021-09-24 16:25:02", "elapsed": 201.375212, "delta": 1.952142}}
{"target": -44.87512342403331, "params": {"C": 56.03851058631527, "epsilon": 3.1895424131103973, "gamma": 0.08613300857858693}, "datetime": {"datetime": "2021-09-24 16:25:04", "elapsed": 203.191293, "delta": 1.816081}}
{"target": -44.00189355135941, "params": {"C": 64.76250943947386, "epsilon": 3.264959948544228, "gamma": 0.021187882548036715}, "datetime": {"datetime": "2021-09-24 16:25:06", "elapsed": 204.965859, "delta": 1.774566}}
{"target": -44.238865650334446, "params": {"C": 63.688279025399375, "epsilon": 0.07643672016958263, "gamma": 0.025819777885483543}, "datetime": {"datetime": "2021-09-24 16:25:07", "elapsed": 205.994587, "delta": 1.028728}}
