{"target": -43.12409566719776, "params": {"C": 599.6430222105691, "epsilon": 0.9375906659413141, "gamma": 0.054869253237446576}, "datetime": {"datetime": "2021-09-28 15:33:16", "elapsed": 298.061991, "delta": 2.48037}}
{"target": -43.059462075563175, "params": {"C": 613.0270495786198, "epsilon": 0.25541858457483085, "gamma": 0.0527408491143839}, "datetime": {"datetime": "2021-09-28 15:33:19", "elapsed": 300.847505, "delta": 2.785514}}
{"target": -43.23027033117896, "params": {"C": 558.4012735692211, "epsilon": 0.27882025990741016, "gamma": 0.057823058322711084}, "datetime": {"datetime": "2021-09-28 15:33:20", "elapsed": 302.633149, "delta": 1.785644}}
{"target": -41.59589507535191, "params": {"C": 691.514066092033, "epsilon": 1.6655224362893724, "gamma": 0.03597726648663057}, "datetime": {"datetime": "2021-09-28 15:33:23", "elapsed": 305.031089, "delta": 2.39794}}
{"target": -41.301044569380124, "params": {"C": 520.2490055848898, "epsilon": 1.7214111265489487, "gamma": 0.0410864194281201}, "datetime": {"datetime": "2021-09-28 15:33:26", "elapsed": 307.761934, "delta": 2.730845}}
{"target": -38.92846815716954, "params": {"C": 599.974474703135, "epsilon": 1.5127081840675247, "gamma": 0.01476520164065247}, "datetime": {"datetime": "2021-09-28 15:33:28", "elapsed": 310.008117, "delta": 2.246183}}
{"target": -52.83531836141424, "params": {"C": 574.805533746876, "epsilon": 1.0919671195609628, "gamma": 0.16892188590126087}, "datetime": {"datetime": "2021-09-28 15:33:29", "elapsed": 311.539422, "delta": 1.531305}}
{"target": -37.099229820005384, "params": {"C": 613.1845574393986, "epsilon": 0.48530949584954175, "gamma": 0.0001}, "datetime": {"datetime": "2021-09-28 15:33:32", "elapsed": 314.626767, "delta": 3.087345}}
{"target": -47.443444361550355, "params": {"C": 500.95916632514366, "epsilon": 2.905274796945398, "gamma": 0.08764007661664969}, "datetime": {"datetime": "2021-09-28 15:33:36", "elapsed": 317.752096, "delta": 3.125329}}
{"target": -37.592818563445654, "params": {"C": 520.2341287407896, "epsilon": 1.9100775822161147, "gamma": 0.0001}, "datetime": {"datetime": "2021-09-28 15:33:39", "elapsed": 321.624241, "delta": 3.872145}}
{"target": -52.07075165258871, "params": {"C": 628.6347129028276, "epsilon": 0.8617205666071936, "gamma": 0.12442697251953401}, "datetime": {"datetime": "2021-09-28 15:33:41", "elapsed": 323.1763, "delta": 1.552059}}
{"target": -37.48284267286305, "params": {"C": 685.725829281251, "epsilon": 0.8068337705605988, "gamma": 0.0063662384821895944}, "datetime": {"datetime": "2021-09-28 15:33:43", "elapsed": 324.887927, "delta": 1.711627}}
{"target": -43.72752834255048, "params": {"C": 584.1729753209037, "epsilon": 2.35419668624849, "gamma": 0.060872311383711804}, "datetime": {"datetime": "2021-09-28 15:33:44", "elapsed": 326.333924, "delta": 1.445997}}
{"target": -36.299690135291954, "params": {"C": 685.7209276857689, "epsilon": 0.9364012914670063, "gamma": 0.0001}, "datetime": {"datetime": "2021-09-28 15:33:47", "elapsed": 329.023058, "delta": 2.689134}}
{"target": -42.10350280787768, "params": {"C": 685.5686643915037, "epsilon": 0.855947301781665, "gamma": 0.03908567624242896}, "datetime": {"datetime": "2021-09-28 15:33:49", "elapsed": 331.229314, "delta": 2.206256}}
{"target": -50.955456448077285, "params": {"C": 501.8262293784502, "epsilon": 0.6924476056102004, "gamma": 0.1296502110277672}, "datetime": {"datetime": "2021-09-28 15:33:51", "elapsed": 332.909189, "delta": 1.679875}}
{"target": -39.203444155185366, "params": {"C": 526.8173857849282, "epsilon": 1.4746274608434933, "gamma": 0.018467204341047375}, "datetime": {"datetime": "2021-09-28 15:33:53", "elapsed": 334.797231, "delta": 1.888042}}
{"target": -48.858540809820425, "params": {"C": 685.7314148212955, "epsilon": 0.9123215090003783, "gamma": 0.08218630264370642}, "datetime": {"datetime": "2021-09-28 15:33:55", "elapsed": 337.423022, "delta": 2.625791}}
{"target": -52.785110865449205, "params": {"C": 600.0129179905855, "epsilon": 1.5072834864317055, "gamma": 0.17085441091351702}, "datetime": {"datetime": "2021-09-28 15:33:58", "elapsed": 339.855408, "delta": 2.432386}}
{"target": -48.98182992444102, "params": {"C": 671.1049521885279, "epsilon": 1.2743699770640438, "gamma": 0.08474959443893505}, "datetime": {"datetime": "2021-09-28 15:34:00", "elapsed": 341.914597, "delta": 2.059189}}
{"target": -39.507462672233885, "params": {"C": 520.0173079467847, "epsilon": 1.536323571781272, "gamma": 0.021396033010726064}, "datetime": {"datetime": "2021-09-28 15:34:01", "elapsed": 343.703276, "delta": 1.788679}}
{"target": -48.3832966613819, "params": {"C": 520.3743525079552, "epsilon": 1.9080275046694308, "gamma": 0.09279984116974199}, "datetime": {"datetime": "2021-09-28 15:34:05", "elapsed": 346.731686, "delta": 3.02841}}
{"target": -36.417338754361786, "params": {"C": 526.703975098073, "epsilon": 1.1298749953088831, "gamma": 0.0007508545587278947}, "datetime": {"datetime": "2021-09-28 15:34:07", "elapsed": 349.705584, "delta": 2.973898}}
{"target": -41.282058100266134, "params": {"C": 526.572448447328, "epsilon": 1.011752776737619, "gamma": 0.03950371516855376}, "datetime": {"datetime": "2021-09-28 15:34:10", "elapsed": 352.088145, "delta": 2.382561}}
{"target": -37.022910761564795, "params": {"C": 526.6500371072415, "epsilon": 1.1751359653972486, "gamma": 0.002180939186289093}, "datetime": {"datetime": "2021-09-28 15:34:13", "elapsed": 354.833496, "delta": 2.745351}}
{"target": -49.860478692804804, "params": {"C": 526.6909402982128, "epsilon": 1.13309884879746, "gamma": 0.11218796143654101}, "datetime": {"datetime": "2021-09-28 15:34:15", "elapsed": 357.205725, "delta": 2.372229}}
{"target": -41.28533799930205, "params": {"C": 613.2042479351682, "epsilon": 0.6239388353413916, "gamma": 0.02687279535393392}, "datetime": {"datetime": "2021-09-28 15:34:17", "elapsed": 359.493894, "delta": 2.288169}}
{"target": -49.15604566032086, "params": {"C": 640.3141288260204, "epsilon": 1.6546092893287947, "gamma": 0.0907034167351404}, "datetime": {"datetime": "2021-09-28 15:34:19", "elapsed": 360.986487, "delta": 1.492593}}
{"target": -38.134388465420145, "params": {"C": 685.6511108697609, "epsilon": 1.1036924632489702, "gamma": 0.010097303266480478}, "datetime": {"datetime": "2021-09-28 15:34:21", "elapsed": 363.367641, "delta": 2.381154}}
{"target": -41.57662004651203, "params": {"C": 685.430324343039, "epsilon": 1.1496335357449818, "gamma": 0.03491306651505853}, "datetime": {"datetime": "2021-09-28 15:34:24", "elapsed": 365.85584, "delta": 2.488199}}
{"target": -36.44338630759118, "params": {"C": 643.875738505926, "epsilon": 1.980447392404479, "gamma": 0.0001}, "datetime": {"datetime": "2021-09-28 15:34:26", "elapsed": 368.267811, "delta": 2.411971}}
{"target": -41.848356040300914, "params": {"C": 519.9907009209111, "epsilon": 1.7174341839231693, "gamma": 0.0474293146802817}, "datetime": {"datetime": "2021-09-28 15:34:28", "elapsed": 370.570951, "delta": 2.30314}}
{"target": -44.62343470151471, "params": {"C": 670.4333238209531, "epsilon": 1.9362094808581793, "gamma": 0.06240200735527946}, "datetime": {"datetime": "2021-09-28 15:34:30", "elapsed": 372.305593, "delta": 1.734642}}
{"target": -42.5900991958485, "params": {"C": 685.6869451131695, "epsilon": 1.3304139278289118, "gamma": 0.044914810287016944}, "datetime": {"datetime": "2021-09-28 15:34:33", "elapsed": 375.041346, "delta": 2.735753}}
{"target": -39.94517788361517, "params": {"C": 682.7823370777027, "epsilon": 1.1457214552057189, "gamma": 0.019276576764374484}, "datetime": {"datetime": "2021-09-28 15:34:34", "elapsed": 376.605335, "delta": 1.563989}}
{"target": -43.97171937861942, "params": {"C": 534.331918671958, "epsilon": 2.99480505766839, "gamma": 0.06623145883129825}, "datetime": {"datetime": "2021-09-28 15:34:36", "elapsed": 378.338506, "delta": 1.733171}}
{"target": -50.24219227949448, "params": {"C": 685.6240855553291, "epsilon": 1.199296281943118, "gamma": 0.09904114350665862}, "datetime": {"datetime": "2021-09-28 15:34:39", "elapsed": 380.818798, "delta": 2.480292}}
{"target": -40.853966520326516, "params": {"C": 685.7793781675484, "epsilon": 1.1070129636495172, "gamma": 0.02280017629399672}, "datetime": {"datetime": "2021-09-28 15:34:42", "elapsed": 384.562845, "delta": 3.744047}}
{"target": -46.394780818890055, "params": {"C": 502.4060788702899, "epsilon": 2.9442410697304817, "gamma": 0.08204230690856786}, "datetime": {"datetime": "2021-09-28 15:34:45", "elapsed": 387.265115, "delta": 2.70227}}
{"target": -39.091378725437714, "params": {"C": 550.1813458060831, "epsilon": 1.6881518137043203, "gamma": 0.017377103432078208}, "datetime": {"datetime": "2021-09-28 15:34:47", "elapsed": 389.386686, "delta": 2.121571}}
{"target": -49.299898262204806, "params": {"C": 542.1376411998682, "epsilon": 2.312221460734765, "gamma": 0.10459836242666366}, "datetime": {"datetime": "2021-09-28 15:34:49", "elapsed": 391.062693, "delta": 1.676007}}
{"target": -41.04218410670135, "params": {"C": 599.8441274534596, "epsilon": 1.4866245068527617, "gamma": 0.032263749614182845}, "datetime": {"datetime": "2021-09-28 15:34:51", "elapsed": 392.794776, "delta": 1.732083}}
{"target": -51.995081826944244, "params": {"C": 682.684708110326, "epsilon": 1.1511360971144207, "gamma": 0.11648688106062084}, "datetime": {"datetime": "2021-09-28 15:34:53", "elapsed": 395.019799, "delta": 2.225023}}
{"target": -42.32832605181742, "params": {"C": 682.9045853664913, "epsilon": 1.1416527241848626, "gamma": 0.04167440700018874}, "datetime": {"datetime": "2021-09-28 15:34:56", "elapsed": 397.744107, "delta": 2.724308}}
{"target": -41.36983471053296, "params": {"C": 685.6084503523646, "epsilon": 1.0000953658444973, "gamma": 0.02597647980093993}, "datetime": {"datetime": "2021-09-28 15:34:59", "elapsed": 400.860305, "delta": 3.116198}}
{"target": -50.096918910602994, "params": {"C": 520.1660398725123, "epsilon": 1.8695097077536795, "gamma": 0.1168545762949276}, "datetime": {"datetime": "2021-09-28 15:35:01", "elapsed": 403.27727, "delta": 2.416965}}
{"target": -40.649145726318395, "params": {"C": 596.8337313113606, "epsilon": 2.59912492989971, "gamma": 0.026359969006291967}, "datetime": {"datetime": "2021-09-28 15:35:04", "elapsed": 406.552246, "delta": 3.274976}}
{"target": -37.43404171125573, "params": {"C": 550.2023454068985, "epsilon": 1.302541600377526, "gamma": 0.007708634359940233}, "datetime": {"datetime": "2021-09-28 15:35:07", "elapsed": 409.071676, "delta": 2.51943}}
{"target": -45.92837288398081, "params": {"C": 501.31491557458065, "epsilon": 2.870214809205127, "gamma": 0.07997409990669549}, "datetime": {"datetime": "2021-09-28 15:35:09", "elapsed": 411.260127, "delta": 2.188451}}
{"target": -36.76751122764059, "params": {"C": 520.2460625063984, "epsilon": 2.0544084222425463, "gamma": 0.00545420378739017}, "datetime": {"datetime": "2021-09-28 15:35:13", "elapsed": 414.730522, "delta": 3.470395}}
{"target": -39.51881027307646, "params": {"C": 520.2564463271713, "epsilon": 2.021275571147417, "gamma": 0.022358591271364216}, "datetime": {"datetime": "2021-09-28 15:35:15", "elapsed": 416.880751, "delta": 2.150229}}
{"target": -44.9803831378326, "params": {"C": 506.583399854768, "epsilon": 1.2402154939203145, "gamma": 0.07540342219157099}, "datetime": {"datetime": "2021-09-28 15:35:16", "elapsed": 418.615046, "delta": 1.734295}}
{"target": -52.39915583345906, "params": {"C": 623.6441568454835, "epsilon": 0.0803632164710174, "gamma": 0.12819318564683177}, "datetime": {"datetime": "2021-09-28 15:35:18", "elapsed": 420.38898, "delta": 1.773934}}
{"target": -42.43805246114506, "params": {"C": 553.6760639277868, "epsilon": 2.5038595244139117, "gamma": 0.05256450668131519}, "datetime": {"datetime": "2021-09-28 15:35:20", "elapsed": 422.103425, "delta": 1.714445}}
{"target": -43.224278708720306, "params": {"C": 520.145208937469, "epsilon": 2.1584323370500584, "gamma": 0.06149565400766854}, "datetime": {"datetime": "2021-09-28 15:35:23", "elapsed": 425.328945, "delta": 3.22552}}
{"target": -37.0815563993944, "params": {"C": 550.1169996891998, "epsilon": 1.1527880373388097, "gamma": 0.0018147890550702162}, "datetime": {"datetime": "2021-09-28 15:35:26", "elapsed": 427.99583, "delta": 2.666885}}
{"target": -47.5449251437016, "params": {"C": 643.9028387287914, "epsilon": 2.028517477182874, "gamma": 0.07787653920400586}, "datetime": {"datetime": "2021-09-28 15:35:28", "elapsed": 430.445762, "delta": 2.449932}}
{"target": -38.8975725506622, "params": {"C": 550.2048314736577, "epsilon": 1.1747761566707364, "gamma": 0.01512104843913799}, "datetime": {"datetime": "2021-09-28 15:35:31", "elapsed": 433.415601, "delta": 2.969839}}
{"target": -41.984670262856106, "params": {"C": 548.1810562975264, "epsilon": 2.6255320200146572, "gamma": 0.04885833274536528}, "datetime": {"datetime": "2021-09-28 15:35:33", "elapsed": 435.123602, "delta": 1.708001}}
{"target": -35.763105542848464, "params": {"C": 550.1465054836041, "epsilon": 1.2355247573808732, "gamma": 0.0005223713239578393}, "datetime": {"datetime": "2021-09-28 15:35:36", "elapsed": 438.427683, "delta": 3.304081}}
{"target": -41.1440981808639, "params": {"C": 691.5347663786954, "epsilon": 1.6608243832568776, "gamma": 0.02795627299642986}, "datetime": {"datetime": "2021-09-28 15:35:38", "elapsed": 440.201257, "delta": 1.773574}}
{"target": -39.31988021102883, "params": {"C": 520.11875821545, "epsilon": 2.042491884526322, "gamma": 0.020383354811143173}, "datetime": {"datetime": "2021-09-28 15:35:41", "elapsed": 443.184544, "delta": 2.983287}}
{"target": -37.62046498431353, "params": {"C": 520.312344641733, "epsilon": 2.1566052977764674, "gamma": 0.0001}, "datetime": {"datetime": "2021-09-28 15:35:45", "elapsed": 446.801339, "delta": 3.616795}}
{"target": -37.68902391185616, "params": {"C": 536.0384615559389, "epsilon": 0.6613538949926944, "gamma": 0.0001}, "datetime": {"datetime": "2021-09-28 15:35:48", "elapsed": 449.8847, "delta": 3.083361}}
{"target": -38.51202033622719, "params": {"C": 535.9294791254937, "epsilon": 0.5540412214030654, "gamma": 0.013840628385862575}, "datetime": {"datetime": "2021-09-28 15:35:51", "elapsed": 453.472788, "delta": 3.588088}}
{"target": -44.899468839439265, "params": {"C": 536.1267973195256, "epsilon": 0.5996364617521196, "gamma": 0.0720511387827207}, "datetime": {"datetime": "2021-09-28 15:35:54", "elapsed": 456.679514, "delta": 3.206726}}
{"target": -37.61949236032522, "params": {"C": 520.4464471879108, "epsilon": 2.216690494668315, "gamma": 0.0001}, "datetime": {"datetime": "2021-09-28 15:35:57", "elapsed": 459.5079, "delta": 2.828386}}
{"target": -42.794923820227105, "params": {"C": 502.01643584148457, "epsilon": 2.8726835432218443, "gamma": 0.05955756606873754}, "datetime": {"datetime": "2021-09-28 15:36:02", "elapsed": 463.898497, "delta": 4.390597}}
{"target": -43.426906633816195, "params": {"C": 692.8883203099709, "epsilon": 1.1781897887535222, "gamma": 0.052960449438086726}, "datetime": {"datetime": "2021-09-28 15:36:04", "elapsed": 466.133924, "delta": 2.235427}}
{"target": -37.13483616073542, "params": {"C": 655.4785304042882, "epsilon": 1.176272286074176, "gamma": 0.005576652141598925}, "datetime": {"datetime": "2021-09-28 15:36:06", "elapsed": 468.282296, "delta": 2.148372}}
{"target": -52.60826473218748, "params": {"C": 520.4056188958681, "epsilon": 2.2605007700742727, "gamma": 0.17161103881737194}, "datetime": {"datetime": "2021-09-28 15:36:10", "elapsed": 472.611318, "delta": 4.329022}}
{"target": -53.04332254643145, "params": {"C": 615.6900675511426, "epsilon": 1.6660598906548354, "gamma": 0.13992034468893694}, "datetime": {"datetime": "2021-09-28 15:36:13", "elapsed": 475.29544, "delta": 2.684122}}
{"target": -52.73548160666771, "params": {"C": 550.0425652527966, "epsilon": 1.1542548595429263, "gamma": 0.14623779600766607}, "datetime": {"datetime": "2021-09-28 15:36:17", "elapsed": 478.878103, "delta": 3.582663}}
{"target": -42.06864284221594, "params": {"C": 550.0394856414858, "epsilon": 1.8175406040804563, "gamma": 0.048676703643267885}, "datetime": {"datetime": "2021-09-28 15:36:20", "elapsed": 482.630802, "delta": 3.752699}}
{"target": -36.204254902310616, "params": {"C": 691.5438144166462, "epsilon": 1.510109102238583, "gamma": 0.0001}, "datetime": {"datetime": "2021-09-28 15:36:25", "elapsed": 486.779847, "delta": 4.149045}}
{"target": -39.024130318127206, "params": {"C": 535.968630568321, "epsilon": 0.4413999160275132, "gamma": 0.015553347179838585}, "datetime": {"datetime": "2021-09-28 15:36:28", "elapsed": 490.37622, "delta": 3.596373}}
{"target": -43.36614489142383, "params": {"C": 691.5845596778993, "epsilon": 1.4140255757814781, "gamma": 0.05263884962335729}, "datetime": {"datetime": "2021-09-28 15:36:32", "elapsed": 494.345318, "delta": 3.969098}}
{"target": -37.761978529757265, "params": {"C": 535.8240681301114, "epsilon": 0.44026068039376576, "gamma": 0.0001}, "datetime": {"datetime": "2021-09-28 15:36:36", "elapsed": 498.238043, "delta": 3.892725}}
{"target": -49.147378250566796, "params": {"C": 535.7028814043705, "epsilon": 0.33256089549795087, "gamma": 0.09954774164019327}, "datetime": {"datetime": "2021-09-28 15:36:39", "elapsed": 501.439986, "delta": 3.201943}}
{"target": -49.17653585214426, "params": {"C": 679.8026295919885, "epsilon": 1.71809914708737, "gamma": 0.08744083138139007}, "datetime": {"datetime": "2021-09-28 15:36:42", "elapsed": 503.760481, "delta": 2.320495}}
{"target": -38.6713046188588, "params": {"C": 520.4880985513192, "epsilon": 2.0671699303940474, "gamma": 0.014574552753019025}, "datetime": {"datetime": "2021-09-28 15:36:47", "elapsed": 508.797096, "delta": 5.036615}}
{"target": -36.81064197995343, "params": {"C": 685.828558843311, "epsilon": 0.6759500140522141, "gamma": 0.004582956826415147}, "datetime": {"datetime": "2021-09-28 15:36:50", "elapsed": 512.322015, "delta": 3.524919}}
{"target": -36.011680390746356, "params": {"C": 550.1711094794986, "epsilon": 1.5196927867625483, "gamma": 0.0002001918853532746}, "datetime": {"datetime": "2021-09-28 15:36:53", "elapsed": 514.868949, "delta": 2.546934}}
{"target": -51.77347832949049, "params": {"C": 535.9049663977461, "epsilon": 0.42758690505536795, "gamma": 0.1355560276895488}, "datetime": {"datetime": "2021-09-28 15:36:56", "elapsed": 518.719076, "delta": 3.850127}}
{"target": -52.28695971563807, "params": {"C": 685.9357181339874, "epsilon": 0.665838404172137, "gamma": 0.1187082255154361}, "datetime": {"datetime": "2021-09-28 15:37:03", "elapsed": 525.687054, "delta": 6.967978}}
{"target": -40.23725991375336, "params": {"C": 643.9103494918767, "epsilon": 2.3130625745626245, "gamma": 0.022174010042449954}, "datetime": {"datetime": "2021-09-28 15:37:09", "elapsed": 531.271084, "delta": 5.58403}}
{"target": -44.26456000576839, "params": {"C": 685.0755464391345, "epsilon": 0.5841851334144103, "gamma": 0.05894789773821213}, "datetime": {"datetime": "2021-09-28 15:37:11", "elapsed": 533.577452, "delta": 2.306368}}
{"target": -39.480181447868254, "params": {"C": 520.6507212306551, "epsilon": 2.054155933163751, "gamma": 0.022070612506107166}, "datetime": {"datetime": "2021-09-28 15:37:15", "elapsed": 537.351729, "delta": 3.774277}}
{"target": -41.256620416453046, "params": {"C": 503.8338711191192, "epsilon": 0.2611911110256846, "gamma": 0.038637794069383745}, "datetime": {"datetime": "2021-09-28 15:37:17", "elapsed": 539.425355, "delta": 2.073626}}
{"target": -52.94756938211764, "params": {"C": 566.748001456114, "epsilon": 2.4181446825664947, "gamma": 0.15253313487256148}, "datetime": {"datetime": "2021-09-28 15:37:20", "elapsed": 541.915099, "delta": 2.489744}}
{"target": -42.28466605918905, "params": {"C": 520.3163205370973, "epsilon": 0.1901698884048717, "gamma": 0.05070229724472858}, "datetime": {"datetime": "2021-09-28 15:37:22", "elapsed": 544.374087, "delta": 2.458988}}
{"target": -41.80088799362493, "params": {"C": 685.6720061867426, "epsilon": 0.7199057790176436, "gamma": 0.03657530227143235}, "datetime": {"datetime": "2021-09-28 15:37:26", "elapsed": 547.748709, "delta": 3.374622}}
{"target": -37.61765302717202, "params": {"C": 520.5723181733115, "epsilon": 2.1774153740195348, "gamma": 0.0001}, "datetime": {"datetime": "2021-09-28 15:37:29", "elapsed": 551.371805, "delta": 3.623096}}
{"target": -51.14547705571915, "params": {"C": 520.6242510344415, "epsilon": 2.1285888472369003, "gamma": 0.13042220138981572}, "datetime": {"datetime": "2021-09-28 15:37:35", "elapsed": 557.68065, "delta": 6.308845}}
{"target": -42.4212220911026, "params": {"C": 501.4342971937283, "epsilon": 2.6970186697421132, "gamma": 0.056138424647710766}, "datetime": {"datetime": "2021-09-28 15:37:40", "elapsed": 561.850012, "delta": 4.169362}}
{"target": -50.13963587645737, "params": {"C": 582.1146272720422, "epsilon": 2.8889763626214657, "gamma": 0.11028690287859803}, "datetime": {"datetime": "2021-09-28 15:37:42", "elapsed": 564.479292, "delta": 2.62928}}
{"target": -42.62168548493596, "params": {"C": 566.7911841152697, "epsilon": 1.6619369522648237, "gamma": 0.0527969592329543}, "datetime": {"datetime": "2021-09-28 15:37:45", "elapsed": 567.234635, "delta": 2.755343}}
{"target": -37.27860313111485, "params": {"C": 526.8102058519491, "epsilon": 1.0471012826445336, "gamma": 0.0068320976121851364}, "datetime": {"datetime": "2021-09-28 15:37:52", "elapsed": 574.11184, "delta": 6.877205}}
{"target": -40.67954691138876, "params": {"C": 691.6509580090925, "epsilon": 1.5279067031544034, "gamma": 0.022295821696731697}, "datetime": {"datetime": "2021-09-28 15:37:55", "elapsed": 577.603538, "delta": 3.491698}}
{"target": -40.91744363668019, "params": {"C": 526.8906158428435, "epsilon": 1.075579871462446, "gamma": 0.028186976997706358}, "datetime": {"datetime": "2021-09-28 15:38:02", "elapsed": 583.783184, "delta": 6.179646}}
{"target": -39.52722479395093, "params": {"C": 526.8565769668611, "epsilon": 0.9381461072946166, "gamma": 0.020611546718325997}, "datetime": {"datetime": "2021-09-28 15:38:05", "elapsed": 587.026413, "delta": 3.243229}}
