{"target": -44.04649004773417, "params": {"C": 41.703349155799835, "epsilon": 1.0794447036130477, "gamma": 0.027180387366380315}, "datetime": {"datetime": "2021-09-24 15:05:49", "elapsed": 231.284026, "delta": 1.569508}}
{"target": -58.09022819461037, "params": {"C": 41.63990091003066, "epsilon": 0.7671885243738521, "gamma": 0.0001}, "datetime": {"datetime": "2021-09-24 15:05:51", "elapsed": 233.505773, "delta": 2.221747}}
{"target": -43.96882796348401, "params": {"C": 22.21054936497574, "epsilon": 1.3499949514043692, "gamma": 0.08695337064064235}, "datetime": {"datetime": "2021-09-24 15:05:53", "elapsed": 235.717903, "delta": 2.21213}}
{"target": -45.714133087346404, "params": {"C": 25.09900952929689, "epsilon": 0.43911266342520777, "gamma": 0.18916331490494656}, "datetime": {"datetime": "2021-09-24 15:05:54", "elapsed": 237.024322, "delta": 1.306419}}
{"target": -45.87025858072611, "params": {"C": 41.5925907068205, "epsilon": 1.1249272155543713, "gamma": 0.18721283708187206}, "datetime": {"datetime": "2021-09-24 15:05:56", "elapsed": 238.558195, "delta": 1.533873}}
{"target": -46.057368225038026, "params": {"C": 46.159261760107036, "epsilon": 0.058884508091949096, "gamma": 0.1960169025866601}, "datetime": {"datetime": "2021-09-24 15:05:58", "elapsed": 240.501626, "delta": 1.943431}}
{"target": -45.53138250487493, "params": {"C": 44.40092106613391, "epsilon": 1.9030848929665658, "gamma": 0.14632055162247928}, "datetime": {"datetime": "2021-09-24 15:06:00", "elapsed": 242.59235, "delta": 2.090724}}
{"target": -46.339204726671284, "params": {"C": 46.383291523842125, "epsilon": 0.05003221554536078, "gamma": 0.21778942675242305}, "datetime": {"datetime": "2021-09-24 15:06:02", "elapsed": 245.091007, "delta": 2.498657}}
{"target": -56.938200739238226, "params": {"C": 25.297656444073517, "epsilon": 1.442958416203671, "gamma": 0.0002708959738267691}, "datetime": {"datetime": "2021-09-24 15:06:05", "elapsed": 247.508507, "delta": 2.4175}}
{"target": -59.0334701283886, "params": {"C": 22.027922579837703, "epsilon": 1.4153499741342168, "gamma": 0.0001}, "datetime": {"datetime": "2021-09-24 15:06:07", "elapsed": 249.482064, "delta": 1.973557}}
{"target": -44.24922671286027, "params": {"C": 25.628684760720702, "epsilon": 1.6226791001774028, "gamma": 0.09469319564262733}, "datetime": {"datetime": "2021-09-24 15:06:09", "elapsed": 251.39435, "delta": 1.912286}}
{"target": -43.824883040995324, "params": {"C": 25.656230427738045, "epsilon": 1.4703422056243427, "gamma": 0.016403525211737886}, "datetime": {"datetime": "2021-09-24 15:06:11", "elapsed": 253.775387, "delta": 2.381037}}
{"target": -49.26434111706176, "params": {"C": 25.431398278982638, "epsilon": 1.2741532318106825, "gamma": 0.36917944782661877}, "datetime": {"datetime": "2021-09-24 15:06:13", "elapsed": 255.486374, "delta": 1.710987}}
{"target": -47.04796402966607, "params": {"C": 25.582425148659382, "epsilon": 1.2811016636038492, "gamma": 0.0026823389355815196}, "datetime": {"datetime": "2021-09-24 15:06:15", "elapsed": 257.758218, "delta": 2.271844}}
{"target": -58.15428769361904, "params": {"C": 40.322025622259915, "epsilon": 1.673378744680956, "gamma": 0.0001}, "datetime": {"datetime": "2021-09-24 15:06:17", "elapsed": 259.822909, "delta": 2.064691}}
{"target": -44.224764431362, "params": {"C": 41.0961346139446, "epsilon": 0.7898776340034197, "gamma": 0.005756355706210777}, "datetime": {"datetime": "2021-09-24 15:06:19", "elapsed": 261.907071, "delta": 2.084162}}
{"target": -46.50493663094997, "params": {"C": 40.431918157763256, "epsilon": 1.7497594156681235, "gamma": 0.23233419683955928}, "datetime": {"datetime": "2021-09-24 15:06:21", "elapsed": 263.411172, "delta": 1.504101}}
{"target": -52.79903739539136, "params": {"C": 8.31138086860238, "epsilon": 2.2714001098759162, "gamma": 0.3289373450203551}, "datetime": {"datetime": "2021-09-24 15:06:22", "elapsed": 264.72703, "delta": 1.315858}}
{"target": -43.73591272023889, "params": {"C": 23.32489217517411, "epsilon": 2.9974726248920818, "gamma": 0.061521936909434756}, "datetime": {"datetime": "2021-09-24 15:06:24", "elapsed": 266.392845, "delta": 1.665815}}
{"target": -44.39718069563666, "params": {"C": 48.270545931729735, "epsilon": 2.8223090404549005, "gamma": 0.08057697956999466}, "datetime": {"datetime": "2021-09-24 15:06:25", "elapsed": 267.971552, "delta": 1.578707}}
{"target": -45.62996065207115, "params": {"C": 41.04380145734967, "epsilon": 1.3015915456597922, "gamma": 0.16630027715459508}, "datetime": {"datetime": "2021-09-24 15:06:27", "elapsed": 270.160043, "delta": 2.188491}}
{"target": -57.836292850053745, "params": {"C": 48.23952321502452, "epsilon": 3.0, "gamma": 0.0001}, "datetime": {"datetime": "2021-09-24 15:06:29", "elapsed": 272.267139, "delta": 2.107096}}
{"target": -54.00643502254885, "params": {"C": 27.968364994170066, "epsilon": 1.0472501409367116, "gamma": 0.6511607186975146}, "datetime": {"datetime": "2021-09-24 15:06:31", "elapsed": 273.41119, "delta": 1.144051}}
{"target": -45.08311006949689, "params": {"C": 23.24403817236947, "epsilon": 2.61560214871818, "gamma": 0.005193282446204179}, "datetime": {"datetime": "2021-09-24 15:06:33", "elapsed": 275.465297, "delta": 2.054107}}
{"target": -47.20370564614713, "params": {"C": 48.257943671041296, "epsilon": 2.6812214195819553, "gamma": 0.28163639346892794}, "datetime": {"datetime": "2021-09-24 15:06:34", "elapsed": 277.089639, "delta": 1.624342}}
{"target": -44.01626318886425, "params": {"C": 22.30520252491802, "epsilon": 1.1453186678353793, "gamma": 0.09100959655235577}, "datetime": {"datetime": "2021-09-24 15:06:37", "elapsed": 279.518081, "delta": 2.428442}}
{"target": -44.85259316972226, "params": {"C": 48.35507537991698, "epsilon": 2.6553294561702594, "gamma": 0.09767227711829479}, "datetime": {"datetime": "2021-09-24 15:06:39", "elapsed": 282.008607, "delta": 2.490526}}
{"target": -46.24977397728171, "params": {"C": 22.720381090964604, "epsilon": 1.4117350250694491, "gamma": 0.0038279506218269824}, "datetime": {"datetime": "2021-09-24 15:06:41", "elapsed": 283.58282, "delta": 1.574213}}
{"target": -46.753775607270406, "params": {"C": 22.362793038988197, "epsilon": 2.048331616184676, "gamma": 0.23607261507024987}, "datetime": {"datetime": "2021-09-24 15:06:43", "elapsed": 285.278827, "delta": 1.696007}}
{"target": -46.049527184274986, "params": {"C": 44.76974124596934, "epsilon": 1.6862655824857455, "gamma": 0.18917505876008547}, "datetime": {"datetime": "2021-09-24 15:06:45", "elapsed": 287.893879, "delta": 2.615052}}
{"target": -45.395852107523844, "params": {"C": 40.32026017251645, "epsilon": 2.0370393058548424, "gamma": 0.14593464743253404}, "datetime": {"datetime": "2021-09-24 15:06:47", "elapsed": 289.687809, "delta": 1.79393}}
{"target": -47.61185907897076, "params": {"C": 40.22288245266055, "epsilon": 1.9141779030267922, "gamma": 0.3274653288917732}, "datetime": {"datetime": "2021-09-24 15:06:49", "elapsed": 291.395582, "delta": 1.707773}}
{"target": -54.19978564235513, "params": {"C": 13.89822151858989, "epsilon": 2.561836724772556, "gamma": 0.49020772051335193}, "datetime": {"datetime": "2021-09-24 15:06:50", "elapsed": 292.625759, "delta": 1.230177}}
{"target": -44.11511883047753, "params": {"C": 40.58431040366998, "epsilon": 1.9208743266278334, "gamma": 0.019729037422978712}, "datetime": {"datetime": "2021-09-24 15:06:52", "elapsed": 294.654695, "delta": 2.028936}}
{"target": -54.50177662767233, "params": {"C": 14.662990236519617, "epsilon": 0.6475747550852883, "gamma": 0.5248084996952913}, "datetime": {"datetime": "2021-09-24 15:06:53", "elapsed": 296.05462, "delta": 1.399925}}
{"target": -55.81966908432539, "params": {"C": 30.30044529885082, "epsilon": 0.13300659256873557, "gamma": 0.868922062588792}, "datetime": {"datetime": "2021-09-24 15:06:55", "elapsed": 297.302972, "delta": 1.248352}}
{"target": -57.90489032092857, "params": {"C": 46.161225836724334, "epsilon": 0.19516126027702754, "gamma": 0.0001}, "datetime": {"datetime": "2021-09-24 15:06:58", "elapsed": 300.485119, "delta": 3.182147}}
{"target": -46.643455777028585, "params": {"C": 41.382276142180515, "epsilon": 1.7268645355158587, "gamma": 0.2410307068914032}, "datetime": {"datetime": "2021-09-24 15:07:00", "elapsed": 303.237854, "delta": 2.752735}}
{"target": -43.930621910078415, "params": {"C": 48.12260152898984, "epsilon": 2.5787233227621327, "gamma": 0.04702861338691291}, "datetime": {"datetime": "2021-09-24 15:07:02", "elapsed": 305.009856, "delta": 1.772002}}
{"target": -50.42856731303725, "params": {"C": 15.30831202445915, "epsilon": 0.27882025990741016, "gamma": 0.32092982777586887}, "datetime": {"datetime": "2021-09-24 15:07:04", "elapsed": 306.35086, "delta": 1.341004}}
{"target": -46.348018873554864, "params": {"C": 22.586804307330713, "epsilon": 2.289028979960713, "gamma": 0.21397862102667145}, "datetime": {"datetime": "2021-09-24 15:07:05", "elapsed": 308.028463, "delta": 1.677603}}
{"target": -43.96721705486764, "params": {"C": 22.509298026674244, "epsilon": 1.2108859921684287, "gamma": 0.08736287193406614}, "datetime": {"datetime": "2021-09-24 15:07:08", "elapsed": 310.519974, "delta": 2.491511}}
{"target": -44.09636589691549, "params": {"C": 48.29287107569772, "epsilon": 2.4298188069882816, "gamma": 0.02144115553434545}, "datetime": {"datetime": "2021-09-24 15:07:10", "elapsed": 312.768692, "delta": 2.248718}}
{"target": -57.47908373363625, "params": {"C": 19.327355767984606, "epsilon": 1.0919671195609628, "gamma": 0.9384268688864411}, "datetime": {"datetime": "2021-09-24 15:07:11", "elapsed": 313.88765, "delta": 1.118958}}
{"target": -44.01145753061102, "params": {"C": 48.12148004620926, "epsilon": 2.3825777870800033, "gamma": 0.007418544592496618}, "datetime": {"datetime": "2021-09-24 15:07:14", "elapsed": 317.147653, "delta": 3.260003}}
{"target": -46.31789097328214, "params": {"C": 48.175701374492526, "epsilon": 2.423425135010109, "gamma": 0.19110063381222228}, "datetime": {"datetime": "2021-09-24 15:07:18", "elapsed": 320.421212, "delta": 3.273559}}
{"target": -43.8793216850919, "params": {"C": 22.59972888385217, "epsilon": 1.0739654926491409, "gamma": 0.026663288314257988}, "datetime": {"datetime": "2021-09-24 15:07:20", "elapsed": 322.618736, "delta": 2.197524}}
{"target": -53.846072274938265, "params": {"C": 32.51550466119276, "epsilon": 0.8617205666071936, "gamma": 0.6911202324751643}, "datetime": {"datetime": "2021-09-24 15:07:21", "elapsed": 324.135425, "delta": 1.516689}}
{"target": -45.54346573926765, "params": {"C": 22.71818216678901, "epsilon": 1.0516659644464557, "gamma": 0.17434861564890847}, "datetime": {"datetime": "2021-09-24 15:07:24", "elapsed": 326.75926, "delta": 2.623835}}
{"target": -45.40163100071988, "params": {"C": 22.47547798173558, "epsilon": 0.999082322939183, "gamma": 0.16658381541819403}, "datetime": {"datetime": "2021-09-24 15:07:28", "elapsed": 330.495705, "delta": 3.736445}}
{"target": -57.8294629796521, "params": {"C": 48.25986401356615, "epsilon": 2.2090832083951497, "gamma": 0.0001}, "datetime": {"datetime": "2021-09-24 15:07:31", "elapsed": 334.156049, "delta": 3.660344}}
{"target": -44.02755159637135, "params": {"C": 22.63440939343939, "epsilon": 0.8577048083269017, "gamma": 0.012717259638058682}, "datetime": {"datetime": "2021-09-24 15:07:34", "elapsed": 336.874883, "delta": 2.718834}}
{"target": -59.6964834281059, "params": {"C": 1.447426197720295, "epsilon": 0.6924476056102004, "gamma": 0.7201514508430485}, "datetime": {"datetime": "2021-09-24 15:07:36", "elapsed": 338.624869, "delta": 1.749986}}
{"target": -57.849951331147075, "params": {"C": 47.94027321080633, "epsilon": 2.467269409392507, "gamma": 0.0001}, "datetime": {"datetime": "2021-09-24 15:07:40", "elapsed": 342.39178, "delta": 3.766911}}
{"target": -45.23413589918228, "params": {"C": 23.518190930137393, "epsilon": 2.3604123456349875, "gamma": 0.16096504494175218}, "datetime": {"datetime": "2021-09-24 15:07:43", "elapsed": 345.599731, "delta": 3.207951}}
{"target": -46.17997501901757, "params": {"C": 22.59077479874203, "epsilon": 0.790448907537717, "gamma": 0.20438495212528843}, "datetime": {"datetime": "2021-09-24 15:07:46", "elapsed": 348.74134, "delta": 3.141609}}
{"target": -49.44673294293612, "params": {"C": 42.92071328618935, "epsilon": 1.2743699770640438, "gamma": 0.47058988037515925}, "datetime": {"datetime": "2021-09-24 15:07:48", "elapsed": 350.536515, "delta": 1.795175}}
{"target": -43.874548221014244, "params": {"C": 22.45021454820527, "epsilon": 0.8942214519324981, "gamma": 0.026597291332763014}, "datetime": {"datetime": "2021-09-24 15:07:52", "elapsed": 354.388325, "delta": 3.85181}}
{"target": -43.971743910437496, "params": {"C": 22.844992167581783, "epsilon": 0.8121319817330338, "gamma": 0.08920899206309173}, "datetime": {"datetime": "2021-09-24 15:07:54", "elapsed": 356.910637, "delta": 2.522312}}
{"target": -43.93869778172409, "params": {"C": 22.262479724690554, "epsilon": 0.7870059562321139, "gamma": 0.031998205620740336}, "datetime": {"datetime": "2021-09-24 15:07:57", "elapsed": 359.504836, "delta": 2.594199}}
{"target": -43.64641341005985, "params": {"C": 22.39713191783649, "epsilon": 0.6982377106759093, "gamma": 0.0711994981484418}, "datetime": {"datetime": "2021-09-24 15:08:00", "elapsed": 363.006343, "delta": 3.501507}}
{"target": -58.0861797220312, "params": {"C": 41.54879912998081, "epsilon": 1.099303811782037, "gamma": 0.0001}, "datetime": {"datetime": "2021-09-24 15:08:03", "elapsed": 365.837081, "delta": 2.830738}}
{"target": -44.20972487399412, "params": {"C": 41.825233219510935, "epsilon": 1.157404633742325, "gamma": 0.07956853095678666}, "datetime": {"datetime": "2021-09-24 15:08:06", "elapsed": 368.498934, "delta": 2.661853}}
{"target": -58.94840227175616, "params": {"C": 24.1295213516841, "epsilon": 3.0, "gamma": 0.0001}, "datetime": {"datetime": "2021-09-24 15:08:10", "elapsed": 372.6432, "delta": 4.144266}}
{"target": -50.86696898310533, "params": {"C": 35.37696156237497, "epsilon": 1.6546092893287947, "gamma": 0.5036817476012612}, "datetime": {"datetime": "2021-09-24 15:08:12", "elapsed": 374.306049, "delta": 1.662849}}
{"target": -45.3541218597498, "params": {"C": 41.77488552399446, "epsilon": 1.008429982440704, "gamma": 0.14803346830083683}, "datetime": {"datetime": "2021-09-24 15:08:15", "elapsed": 377.826405, "delta": 3.520356}}
{"target": -44.80879286301379, "params": {"C": 23.356527030999473, "epsilon": 2.8385117112303115, "gamma": 0.1379243538081417}, "datetime": {"datetime": "2021-09-24 15:08:19", "elapsed": 381.52081, "delta": 3.694405}}
{"target": -58.9880663924132, "params": {"C": 22.25710990566365, "epsilon": 0.5975148920095346, "gamma": 0.0001}, "datetime": {"datetime": "2021-09-24 15:08:21", "elapsed": 383.884922, "delta": 2.364112}}
{"target": -45.48682409340663, "params": {"C": 22.27539874690888, "epsilon": 0.8235593712476169, "gamma": 0.16971455384569956}, "datetime": {"datetime": "2021-09-24 15:08:24", "elapsed": 387.179375, "delta": 3.294453}}
{"target": -47.7199868463358, "params": {"C": 42.756164336133516, "epsilon": 1.9362094808581793, "gamma": 0.3463800286522731}, "datetime": {"datetime": "2021-09-24 15:08:26", "elapsed": 389.061896, "delta": 1.882521}}
{"target": -44.13003763980376, "params": {"C": 22.55666728712466, "epsilon": 0.6998529390667462, "gamma": 0.011889450447151544}, "datetime": {"datetime": "2021-09-24 15:08:29", "elapsed": 391.733675, "delta": 2.671779}}
{"target": -58.16588409905793, "params": {"C": 40.43346758307739, "epsilon": 1.9970344248482772, "gamma": 0.0001}, "datetime": {"datetime": "2021-09-24 15:08:33", "elapsed": 396.026256, "delta": 4.292581}}
{"target": -53.272519183949456, "params": {"C": 9.411320074629687, "epsilon": 2.99480505766839, "gamma": 0.36766445628357486}, "datetime": {"datetime": "2021-09-24 15:08:35", "elapsed": 397.466981, "delta": 1.440725}}
{"target": -58.9876350316428, "params": {"C": 22.79908011743663, "epsilon": 0.9719900441844602, "gamma": 0.0001}, "datetime": {"datetime": "2021-09-24 15:08:37", "elapsed": 399.896433, "delta": 2.429452}}
{"target": -46.00532390682591, "params": {"C": 22.822607469657022, "epsilon": 0.7521374596991006, "gamma": 0.19476901818385822}, "datetime": {"datetime": "2021-09-24 15:08:40", "elapsed": 403.047369, "delta": 3.150936}}
{"target": -44.71929838530735, "params": {"C": 22.790638736252628, "epsilon": 0.6964967552205421, "gamma": 0.006293825238514393}, "datetime": {"datetime": "2021-09-24 15:08:43", "elapsed": 406.269329, "delta": 3.22196}}
{"target": -44.926165911960034, "params": {"C": 40.67598939885688, "epsilon": 1.8124917731831591, "gamma": 0.11334233644342255}, "datetime": {"datetime": "2021-09-24 15:08:46", "elapsed": 409.119618, "delta": 2.850289}}
{"target": -56.06219437209195, "params": {"C": 11.32372209396772, "epsilon": 2.312221460734765, "gamma": 0.5809110761001723}, "datetime": {"datetime": "2021-09-24 15:08:48", "elapsed": 410.449269, "delta": 1.329651}}
{"target": -44.96873345987579, "params": {"C": 22.25677851316482, "epsilon": 1.677959592606655, "gamma": 0.1426044860829453}, "datetime": {"datetime": "2021-09-24 15:08:50", "elapsed": 412.838567, "delta": 2.389298}}
{"target": -45.409312690632284, "params": {"C": 41.09857474643743, "epsilon": 0.6928902143656852, "gamma": 0.15580722343162343}, "datetime": {"datetime": "2021-09-24 15:08:52", "elapsed": 415.111796, "delta": 2.273229}}
{"target": -43.56856249276337, "params": {"C": 22.268454203354057, "epsilon": 0.9475460056487125, "gamma": 0.05828003709814323}, "datetime": {"datetime": "2021-09-24 15:08:54", "elapsed": 417.078345, "delta": 1.966549}}
{"target": -44.04781392603888, "params": {"C": 48.280732054969164, "epsilon": 2.623315942176896, "gamma": 0.007212413082635659}, "datetime": {"datetime": "2021-09-24 15:08:58", "elapsed": 420.566946, "delta": 3.488601}}
{"target": -44.06274155385161, "params": {"C": 41.07543866048493, "epsilon": 1.0059781522662674, "gamma": 0.006533355012421661}, "datetime": {"datetime": "2021-09-24 15:09:00", "elapsed": 422.889764, "delta": 2.322818}}
{"target": -44.25853213297496, "params": {"C": 23.034908106902133, "epsilon": 2.384030706391156, "gamma": 0.008690908760325087}, "datetime": {"datetime": "2021-09-24 15:09:03", "elapsed": 425.723468, "delta": 2.833704}}
{"target": -45.186717013294604, "params": {"C": 40.56709559984451, "epsilon": 1.4659629902111955, "gamma": 0.12972646404517443}, "datetime": {"datetime": "2021-09-24 15:09:05", "elapsed": 428.212088, "delta": 2.48862}}
{"target": -43.98973114666907, "params": {"C": 41.3306653164305, "epsilon": 1.0060329457385548, "gamma": 0.03278630608285993}, "datetime": {"datetime": "2021-09-24 15:09:08", "elapsed": 430.433225, "delta": 2.221137}}
{"target": -44.741374422238295, "params": {"C": 22.450532654283293, "epsilon": 0.7858464937746059, "gamma": 0.12839618940787553}, "datetime": {"datetime": "2021-09-24 15:09:10", "elapsed": 433.046837, "delta": 2.613612}}
{"target": -58.071207728679, "params": {"C": 41.859788761702916, "epsilon": 1.0298309207083094, "gamma": 0.0001}, "datetime": {"datetime": "2021-09-24 15:09:13", "elapsed": 435.581278, "delta": 2.534441}}
{"target": -44.344509186222474, "params": {"C": 40.69083754029859, "epsilon": 1.2827119621078966, "gamma": 0.08883885438549051}, "datetime": {"datetime": "2021-09-24 15:09:15", "elapsed": 437.691622, "delta": 2.110344}}
{"target": -54.273357726006694, "params": {"C": 31.292818427143448, "epsilon": 0.0803632164710174, "gamma": 0.7120531758102674}, "datetime": {"datetime": "2021-09-24 15:09:16", "elapsed": 439.06292, "delta": 1.371298}}
{"target": -49.83741993624089, "params": {"C": 14.150635662307753, "epsilon": 2.5038595244139117, "gamma": 0.29170233591243494}, "datetime": {"datetime": "2021-09-24 15:09:18", "elapsed": 440.574188, "delta": 1.511268}}
{"target": -43.86544313962335, "params": {"C": 41.747353360065304, "epsilon": 1.2594447546223304, "gamma": 0.04354997261858676}, "datetime": {"datetime": "2021-09-24 15:09:21", "elapsed": 443.377025, "delta": 2.802837}}
{"target": -43.67159402271614, "params": {"C": 22.977456406528724, "epsilon": 0.7066085157691276, "gamma": 0.07063160480965072}, "datetime": {"datetime": "2021-09-24 15:09:23", "elapsed": 445.982092, "delta": 2.605067}}
{"target": -44.01574684013325, "params": {"C": 22.83314387633146, "epsilon": 2.421492300105058, "gamma": 0.029605320626907586}, "datetime": {"datetime": "2021-09-24 15:09:25", "elapsed": 448.049061, "delta": 2.066969}}
{"target": -58.008893325633686, "params": {"C": 44.086188365426004, "epsilon": 1.9897958782973462, "gamma": 0.0001}, "datetime": {"datetime": "2021-09-24 15:09:28", "elapsed": 450.43743, "delta": 2.388369}}
{"target": -49.65580775749362, "params": {"C": 12.804358792893963, "epsilon": 2.6255320200146572, "gamma": 0.2711030956758796}, "datetime": {"datetime": "2021-09-24 15:09:29", "elapsed": 452.064384, "delta": 1.626954}}
{"target": -44.73748728350346, "params": {"C": 22.32153271936431, "epsilon": 1.8702501925602357, "gamma": 0.12842036574308216}, "datetime": {"datetime": "2021-09-24 15:09:35", "elapsed": 457.626061, "delta": 5.561677}}
{"target": -57.999809894676524, "params": {"C": 44.34946628414118, "epsilon": 1.9699631778713764, "gamma": 0.0001}, "datetime": {"datetime": "2021-09-24 15:09:40", "elapsed": 463.13177, "delta": 5.505709}}
{"target": -45.8345806633385, "params": {"C": 41.05075580844109, "epsilon": 0.9459249300427304, "gamma": 0.1866099586473741}, "datetime": {"datetime": "2021-09-24 15:09:43", "elapsed": 466.203817, "delta": 3.072047}}
{"target": -57.394628797543916, "params": {"C": 22.34977453102456, "epsilon": 1.9056351034491599, "gamma": 0.0002590165703292681}, "datetime": {"datetime": "2021-09-24 15:09:47", "elapsed": 469.537881, "delta": 3.334064}}
{"target": -43.905352247336346, "params": {"C": 22.955354716040162, "epsilon": 2.0591794365749845, "gamma": 0.013011478898350312}, "datetime": {"datetime": "2021-09-24 15:09:50", "elapsed": 472.987916, "delta": 3.450035}}
