{"target": 0.3962575526859097, "params": {"C": 12.709376348704167, "epsilon": 1.753576376913634, "gamma": 0.14795034446923644}, "datetime": {"datetime": "2021-09-24 09:57:41", "elapsed": 29.7882, "delta": 0.729861}}
{"target": 0.4017148554323636, "params": {"C": 18.91960208368157, "epsilon": 1.3590461122894926, "gamma": 0.0052284859332923286}, "datetime": {"datetime": "2021-09-24 09:57:42", "elapsed": 30.567634, "delta": 0.779434}}
{"target": 0.43877439034629373, "params": {"C": 12.408119157957806, "epsilon": 1.419185849805097, "gamma": 0.029579399142320634}, "datetime": {"datetime": "2021-09-24 09:57:42", "elapsed": 31.267216, "delta": 0.699582}}
{"target": 0.41450839555323093, "params": {"C": 12.436856097351203, "epsilon": 1.210532080490632, "gamma": 0.11562025252270715}, "datetime": {"datetime": "2021-09-24 09:57:43", "elapsed": 32.017845, "delta": 0.750629}}
{"target": 0.4168436162834456, "params": {"C": 12.198961999676204, "epsilon": 1.371021372806112, "gamma": 0.11017172524673156}, "datetime": {"datetime": "2021-09-24 09:57:44", "elapsed": 33.007011, "delta": 0.989166}}
{"target": 0.43569725813548443, "params": {"C": 12.6346143357643, "epsilon": 1.2754276261951512, "gamma": 0.024337650604328298}, "datetime": {"datetime": "2021-09-24 09:57:45", "elapsed": 33.710422, "delta": 0.703411}}
{"target": 0.43667347106597565, "params": {"C": 8.067761241528748, "epsilon": 1.367072876704388, "gamma": 0.05468888730333281}, "datetime": {"datetime": "2021-09-24 09:57:45", "elapsed": 34.197845, "delta": 0.487423}}
{"target": 0.3254087994892577, "params": {"C": 94.56806786882828, "epsilon": 1.6904712675657148, "gamma": 0.1291559396624357}, "datetime": {"datetime": "2021-09-24 09:57:46", "elapsed": 34.634456, "delta": 0.436611}}
{"target": 0.3902398752987358, "params": {"C": 61.622851394379964, "epsilon": 1.9102888760351135, "gamma": 0.08254840396809832}, "datetime": {"datetime": "2021-09-24 09:57:46", "elapsed": 35.080301, "delta": 0.445845}}
{"target": 0.4424423148313038, "params": {"C": 17.983881228881838, "epsilon": 1.4195724621822055, "gamma": 0.039625735999171824}, "datetime": {"datetime": "2021-09-24 09:57:47", "elapsed": 35.63848, "delta": 0.558179}}
{"target": 0.4370898558539179, "params": {"C": 17.848601913312645, "epsilon": 1.6605862869710204, "gamma": 0.020501746241455843}, "datetime": {"datetime": "2021-09-24 09:57:47", "elapsed": 36.196819, "delta": 0.558339}}
{"target": 0.3975809163771128, "params": {"C": 10.729958556818449, "epsilon": 2.4542702719712315, "gamma": 0.1380744304856794}, "datetime": {"datetime": "2021-09-24 09:57:48", "elapsed": 36.951713, "delta": 0.754894}}
{"target": 0.36425098963906, "params": {"C": 6.216633318117189, "epsilon": 1.7772411426249477, "gamma": 0.1338809563049748}, "datetime": {"datetime": "2021-09-24 09:57:49", "elapsed": 37.708765, "delta": 0.757052}}
{"target": 0.4249387273389321, "params": {"C": 17.70456063938201, "epsilon": 1.372252072154592, "gamma": 0.009283794267472174}, "datetime": {"datetime": "2021-09-24 09:57:50", "elapsed": 38.431046, "delta": 0.722281}}
{"target": 0.08780415436353595, "params": {"C": 12.2705203398322, "epsilon": 1.605474843547474, "gamma": 0.0005}, "datetime": {"datetime": "2021-09-24 09:57:51", "elapsed": 39.401927, "delta": 0.970881}}
{"target": 0.3946809602963999, "params": {"C": 29.830381906997857, "epsilon": 1.20812504240435, "gamma": 0.12456100819562374}, "datetime": {"datetime": "2021-09-24 09:57:51", "elapsed": 39.956265, "delta": 0.554338}}
{"target": 0.415475008324652, "params": {"C": 12.569618823581907, "epsilon": 1.4074346254553358, "gamma": 0.11297839009722026}, "datetime": {"datetime": "2021-09-24 09:57:52", "elapsed": 40.809405, "delta": 0.85314}}
{"target": 0.42354271107535957, "params": {"C": 99.0223781140595, "epsilon": 2.4897970485428527, "gamma": 0.02160816760615233}, "datetime": {"datetime": "2021-09-24 09:57:53", "elapsed": 41.430838, "delta": 0.621433}}
{"target": 0.2760060029048287, "params": {"C": 17.666931353906488, "epsilon": 1.5628504751791044, "gamma": 0.0015250260606884645}, "datetime": {"datetime": "2021-09-24 09:57:54", "elapsed": 42.334645, "delta": 0.903807}}
{"target": 0.44067644823687413, "params": {"C": 17.86042065076855, "epsilon": 1.2574069861147372, "gamma": 0.029797392276503486}, "datetime": {"datetime": "2021-09-24 09:57:55", "elapsed": 43.389523, "delta": 1.054878}}
{"target": 0.438452515129535, "params": {"C": 17.697798248647928, "epsilon": 1.0990947287721249, "gamma": 0.022643871791886736}, "datetime": {"datetime": "2021-09-24 09:57:55", "elapsed": 44.282194, "delta": 0.892671}}
{"target": 0.41533691482135804, "params": {"C": 17.8652457760923, "epsilon": 1.0705825168778886, "gamma": 0.1093429419457971}, "datetime": {"datetime": "2021-09-24 09:57:56", "elapsed": 45.089706, "delta": 0.807512}}
{"target": 0.24024644328360356, "params": {"C": 19.014411026638804, "epsilon": 1.9851006308672807, "gamma": 0.0011109106940407226}, "datetime": {"datetime": "2021-09-24 09:57:57", "elapsed": 45.731615, "delta": 0.641909}}
{"target": 0.3948917566168282, "params": {"C": 18.91334472382665, "epsilon": 1.6484926205273578, "gamma": 0.15}, "datetime": {"datetime": "2021-09-24 09:57:58", "elapsed": 46.420471, "delta": 0.688856}}
{"target": 0.40068644216109084, "params": {"C": 17.83237574404101, "epsilon": 1.4120227535372438, "gamma": 0.1374367605052323}, "datetime": {"datetime": "2021-09-24 09:57:58", "elapsed": 47.208777, "delta": 0.788306}}
{"target": 0.4427754744295832, "params": {"C": 17.573823823511564, "epsilon": 1.2434371800277864, "gamma": 0.036568215242645905}, "datetime": {"datetime": "2021-09-24 09:57:59", "elapsed": 47.85035, "delta": 0.641573}}
{"target": 0.124981288974786, "params": {"C": 18.08110369821518, "epsilon": 1.2449708112732918, "gamma": 0.0005}, "datetime": {"datetime": "2021-09-24 09:58:00", "elapsed": 48.38644, "delta": 0.53609}}
{"target": 0.397265232468785, "params": {"C": 17.726990098800613, "epsilon": 1.153357942547368, "gamma": 0.14426584482199442}, "datetime": {"datetime": "2021-09-24 09:58:01", "elapsed": 49.486281, "delta": 1.099841}}
{"target": 0.4063185934246222, "params": {"C": 17.93906909131657, "epsilon": 1.7519277172875785, "gamma": 0.12589024266258997}, "datetime": {"datetime": "2021-09-24 09:58:01", "elapsed": 50.246515, "delta": 0.760234}}
{"target": 0.4235857013083839, "params": {"C": 17.542203545643385, "epsilon": 1.0278175944870398, "gamma": 0.009095205855099946}, "datetime": {"datetime": "2021-09-24 09:58:02", "elapsed": 50.962575, "delta": 0.71606}}
{"target": 0.08789203075761987, "params": {"C": 12.3046434704281, "epsilon": 1.257861381416932, "gamma": 0.0005}, "datetime": {"datetime": "2021-09-24 09:58:03", "elapsed": 51.75764, "delta": 0.795065}}
{"target": 0.39428477386056815, "params": {"C": 14.23974122417869, "epsilon": 2.0590862400802266, "gamma": 0.14979220883992986}, "datetime": {"datetime": "2021-09-24 09:58:04", "elapsed": 52.556671, "delta": 0.799031}}
{"target": 0.40205897939867297, "params": {"C": 19.05744879434831, "epsilon": 1.4189082204468302, "gamma": 0.13383188763402518}, "datetime": {"datetime": "2021-09-24 09:58:04", "elapsed": 53.134267, "delta": 0.577596}}
{"target": 0.43280749953266495, "params": {"C": 96.88347390911257, "epsilon": 2.957322308309039, "gamma": 0.002958920515212661}, "datetime": {"datetime": "2021-09-24 09:58:05", "elapsed": 53.605826, "delta": 0.471559}}
{"target": 0.4404480458911074, "params": {"C": 18.1803181354835, "epsilon": 1.5661289511156116, "gamma": 0.05506365375432503}, "datetime": {"datetime": "2021-09-24 09:58:05", "elapsed": 54.276528, "delta": 0.670702}}
{"target": 0.4268727078498902, "params": {"C": 9.210971478329713, "epsilon": 2.919611304229052, "gamma": 0.0841524031696038}, "datetime": {"datetime": "2021-09-24 09:58:06", "elapsed": 54.763072, "delta": 0.486544}}
{"target": 0.37712411280991676, "params": {"C": 8.187374595786657, "epsilon": 1.4420029562679015, "gamma": 0.13927325917799063}, "datetime": {"datetime": "2021-09-24 09:58:07", "elapsed": 55.526505, "delta": 0.763433}}
{"target": 0.4423833565595152, "params": {"C": 12.640731363663072, "epsilon": 1.531055697901643, "gamma": 0.03966566786692722}, "datetime": {"datetime": "2021-09-24 09:58:07", "elapsed": 56.128468, "delta": 0.601963}}
{"target": 0.4361679213386681, "params": {"C": 48.94772493277166, "epsilon": 2.855766269132216, "gamma": 0.016378320081233896}, "datetime": {"datetime": "2021-09-24 09:58:08", "elapsed": 56.76704, "delta": 0.638572}}
{"target": 0.4084273044777783, "params": {"C": 17.94426693942004, "epsilon": 1.5635453586038555, "gamma": 0.12193334867322657}, "datetime": {"datetime": "2021-09-24 09:58:09", "elapsed": 57.621146, "delta": 0.854106}}
{"target": 0.39526360681806794, "params": {"C": 12.62884553572699, "epsilon": 1.7016970055689962, "gamma": 0.006906007449895281}, "datetime": {"datetime": "2021-09-24 09:58:10", "elapsed": 58.928765, "delta": 1.307619}}
{"target": 0.4322782996795621, "params": {"C": 80.51211754529032, "epsilon": 1.8737439960901925, "gamma": 0.014586418537894512}, "datetime": {"datetime": "2021-09-24 09:58:11", "elapsed": 59.468907, "delta": 0.540142}}
{"target": 0.42911780784239506, "params": {"C": 12.640108126053352, "epsilon": 2.0572251869471767, "gamma": 0.08485290850590427}, "datetime": {"datetime": "2021-09-24 09:58:11", "elapsed": 60.145538, "delta": 0.676631}}
{"target": 0.41784886167787194, "params": {"C": 12.562430919784978, "epsilon": 1.0849553483019958, "gamma": 0.10784059375694277}, "datetime": {"datetime": "2021-09-24 09:58:12", "elapsed": 60.806329, "delta": 0.660791}}
{"target": 0.39663435667884517, "params": {"C": 25.617888004834775, "epsilon": 2.7555271812264657, "gamma": 0.1370668599303269}, "datetime": {"datetime": "2021-09-24 09:58:13", "elapsed": 61.437082, "delta": 0.630753}}
{"target": 0.44036977909530706, "params": {"C": 12.636138209857302, "epsilon": 1.2775850335461267, "gamma": 0.03226845005675884}, "datetime": {"datetime": "2021-09-24 09:58:13", "elapsed": 61.987485, "delta": 0.550403}}
{"target": 0.4318496366098453, "params": {"C": 12.732123291460676, "epsilon": 1.1933587198095752, "gamma": 0.07765049265682242}, "datetime": {"datetime": "2021-09-24 09:58:14", "elapsed": 62.689704, "delta": 0.702219}}
{"target": 0.432654499680856, "params": {"C": 19.174351229636205, "epsilon": 1.6605086257482833, "gamma": 0.01435106007601314}, "datetime": {"datetime": "2021-09-24 09:58:15", "elapsed": 63.505135, "delta": 0.815431}}
{"target": 0.4099094914393885, "params": {"C": 12.743521904350978, "epsilon": 1.3351120445884213, "gamma": 0.12431925504544597}, "datetime": {"datetime": "2021-09-24 09:58:15", "elapsed": 64.266714, "delta": 0.761579}}
{"target": 0.3678850162143972, "params": {"C": 64.71387917493453, "epsilon": 2.245708011030099, "gamma": 0.10475555238169798}, "datetime": {"datetime": "2021-09-24 09:58:16", "elapsed": 64.897742, "delta": 0.631028}}
{"target": 0.4382960506801409, "params": {"C": 44.80578205165217, "epsilon": 2.802931811380048, "gamma": 0.013984704864682763}, "datetime": {"datetime": "2021-09-24 09:58:17", "elapsed": 65.476249, "delta": 0.578507}}
{"target": 0.4322284572525099, "params": {"C": 18.767073971307422, "epsilon": 1.2306007726227415, "gamma": 0.013933716979219213}, "datetime": {"datetime": "2021-09-24 09:58:18", "elapsed": 66.617084, "delta": 1.140835}}
{"target": 0.43962052138715524, "params": {"C": 8.139654697372375, "epsilon": 1.2275109737727095, "gamma": 0.042817626638674916}, "datetime": {"datetime": "2021-09-24 09:58:19", "elapsed": 67.517066, "delta": 0.899982}}
{"target": 0.4351154765829408, "params": {"C": 7.9014162902650416, "epsilon": 1.2426992274419135, "gamma": 0.06230831796991815}, "datetime": {"datetime": "2021-09-24 09:58:19", "elapsed": 68.202925, "delta": 0.685859}}
{"target": 0.057697088712394984, "params": {"C": 7.892079500288816, "epsilon": 1.4180890226935021, "gamma": 0.0005}, "datetime": {"datetime": "2021-09-24 09:58:20", "elapsed": 69.230589, "delta": 1.027664}}
{"target": 0.428927578945803, "params": {"C": 12.233936078378052, "epsilon": 2.6149061060551158, "gamma": 0.08744091393064962}, "datetime": {"datetime": "2021-09-24 09:58:21", "elapsed": 69.860829, "delta": 0.63024}}
{"target": 0.3168769950161131, "params": {"C": 99.43323471318432, "epsilon": 2.719336192731923, "gamma": 0.13613111903624975}, "datetime": {"datetime": "2021-09-24 09:58:22", "elapsed": 70.527928, "delta": 0.667099}}
{"target": 0.4313396489751963, "params": {"C": 8.015531699598668, "epsilon": 1.1486208642513849, "gamma": 0.0273918606659178}, "datetime": {"datetime": "2021-09-24 09:58:23", "elapsed": 71.459586, "delta": 0.931658}}
{"target": 0.37150451231660764, "params": {"C": 8.066483497209521, "epsilon": 1.2610718116981552, "gamma": 0.14490674264173514}, "datetime": {"datetime": "2021-09-24 09:58:24", "elapsed": 72.364361, "delta": 0.904775}}
{"target": 0.3830735354222351, "params": {"C": 7.800962040130757, "epsilon": 1.1059105565487612, "gamma": 0.12695847427279797}, "datetime": {"datetime": "2021-09-24 09:58:25", "elapsed": 73.359933, "delta": 0.995572}}
{"target": 0.4200087777557473, "params": {"C": 21.211929814446627, "epsilon": 2.069521298483517, "gamma": 0.005986465393640348}, "datetime": {"datetime": "2021-09-24 09:58:25", "elapsed": 74.084615, "delta": 0.724682}}
{"target": 0.4338799059272148, "params": {"C": 21.299081178037575, "epsilon": 2.7411581451832765, "gamma": 0.014824534363662106}, "datetime": {"datetime": "2021-09-24 09:58:26", "elapsed": 74.867228, "delta": 0.782613}}
{"target": 0.3903218192230431, "params": {"C": 54.87897485148052, "epsilon": 1.6257713832972198, "gamma": 0.08937357098772315}, "datetime": {"datetime": "2021-09-24 09:58:27", "elapsed": 75.423725, "delta": 0.556497}}
{"target": 0.4177605846964031, "params": {"C": 13.117474560839508, "epsilon": 1.9649310490670775, "gamma": 0.009921269293645537}, "datetime": {"datetime": "2021-09-24 09:58:27", "elapsed": 76.218079, "delta": 0.794354}}
{"target": 0.4197539257712085, "params": {"C": 41.264232644644665, "epsilon": 2.378050465812933, "gamma": 0.06400123571770773}, "datetime": {"datetime": "2021-09-24 09:58:28", "elapsed": 76.857991, "delta": 0.639912}}
{"target": 0.43312498887666573, "params": {"C": 44.87830080972043, "epsilon": 2.6350980609934194, "gamma": 0.007638283856833503}, "datetime": {"datetime": "2021-09-24 09:58:29", "elapsed": 78.2238, "delta": 1.365809}}
{"target": 0.3987820429943024, "params": {"C": 17.434122133348726, "epsilon": 1.1955709979214197, "gamma": 0.14101753071307252}, "datetime": {"datetime": "2021-09-24 09:58:31", "elapsed": 79.57655, "delta": 1.35275}}
{"target": 0.40704150136796347, "params": {"C": 18.371438201258066, "epsilon": 1.666734186079273, "gamma": 0.12465641637842725}, "datetime": {"datetime": "2021-09-24 09:58:31", "elapsed": 80.240626, "delta": 0.664076}}
{"target": 0.4183837243690459, "params": {"C": 45.00377002946116, "epsilon": 2.7265546832497707, "gamma": 0.06300923163872668}, "datetime": {"datetime": "2021-09-24 09:58:33", "elapsed": 82.039523, "delta": 1.798897}}
{"target": 0.3787114925626427, "params": {"C": 33.67509061772199, "epsilon": 1.3046870310400087, "gamma": 0.14642416361937804}, "datetime": {"datetime": "2021-09-24 09:58:34", "elapsed": 82.770922, "delta": 0.731399}}
{"target": 0.4246121510092131, "params": {"C": 12.78153527133251, "epsilon": 1.8834969074930041, "gamma": 0.011326238072278087}, "datetime": {"datetime": "2021-09-24 09:58:35", "elapsed": 83.599327, "delta": 0.828405}}
{"target": 0.42041163452714614, "params": {"C": 44.68489688332127, "epsilon": 2.645919573730568, "gamma": 0.06067012969683979}, "datetime": {"datetime": "2021-09-24 09:58:36", "elapsed": 84.349507, "delta": 0.75018}}
{"target": 0.441542744141426, "params": {"C": 13.41464224758062, "epsilon": 1.902539090600478, "gamma": 0.03338367335068313}, "datetime": {"datetime": "2021-09-24 09:58:37", "elapsed": 85.460978, "delta": 1.111471}}
{"target": 0.43199852692594476, "params": {"C": 47.06878373277274, "epsilon": 1.2077265728507027, "gamma": 0.0211793570453777}, "datetime": {"datetime": "2021-09-24 09:58:38", "elapsed": 86.34986, "delta": 0.888882}}
{"target": 0.43476010887751504, "params": {"C": 13.369509092287412, "epsilon": 2.0536857483739626, "gamma": 0.02113559962705577}, "datetime": {"datetime": "2021-09-24 09:58:39", "elapsed": 87.338849, "delta": 0.988989}}
{"target": 0.36693265234028194, "params": {"C": 49.01630643210052, "epsilon": 2.9919238105295753, "gamma": 0.12818701138686764}, "datetime": {"datetime": "2021-09-24 09:58:40", "elapsed": 88.660575, "delta": 1.321726}}
{"target": 0.44230745512419845, "params": {"C": 13.542878335661326, "epsilon": 2.013910303229978, "gamma": 0.05330807959908083}, "datetime": {"datetime": "2021-09-24 09:58:41", "elapsed": 89.842352, "delta": 1.181777}}
{"target": 0.40251729221960963, "params": {"C": 13.583477969480217, "epsilon": 1.8208807189061997, "gamma": 0.13656446497633584}, "datetime": {"datetime": "2021-09-24 09:58:42", "elapsed": 90.834892, "delta": 0.99254}}
{"target": 0.36936820760672684, "params": {"C": 44.848514792977305, "epsilon": 2.755329470585295, "gamma": 0.1339209391945405}, "datetime": {"datetime": "2021-09-24 09:58:43", "elapsed": 91.994715, "delta": 1.159823}}
{"target": 0.42952263639075383, "params": {"C": 48.80929372357615, "epsilon": 2.7422837129925837, "gamma": 0.03473843669775151}, "datetime": {"datetime": "2021-09-24 09:58:44", "elapsed": 93.063228, "delta": 1.068513}}
{"target": 0.35925826461268073, "params": {"C": 72.15485799164193, "epsilon": 1.7328730697921972, "gamma": 0.10631524659891856}, "datetime": {"datetime": "2021-09-24 09:58:45", "elapsed": 93.864675, "delta": 0.801447}}
{"target": 0.42947085472999835, "params": {"C": 13.497132378106311, "epsilon": 2.1620315783970376, "gamma": 0.08199071565622967}, "datetime": {"datetime": "2021-09-24 09:58:46", "elapsed": 95.250092, "delta": 1.385417}}
{"target": 0.44265045747091103, "params": {"C": 19.29584826875549, "epsilon": 1.3375464798401007, "gamma": 0.03878179058339791}, "datetime": {"datetime": "2021-09-24 09:58:48", "elapsed": 96.406573, "delta": 1.156481}}
{"target": 0.3824387343976742, "params": {"C": 33.49410860829159, "epsilon": 1.0292369191737858, "gamma": 0.1383265805678182}, "datetime": {"datetime": "2021-09-24 09:58:49", "elapsed": 97.362688, "delta": 0.956115}}
{"target": 0.4301639866147864, "params": {"C": 8.288769836022896, "epsilon": 1.1624817309404456, "gamma": 0.025478361652745734}, "datetime": {"datetime": "2021-09-24 09:58:50", "elapsed": 98.540094, "delta": 1.177406}}
{"target": 0.37854986844790184, "params": {"C": 72.12141962678761, "epsilon": 1.7563884954503253, "gamma": 0.08516188847843405}, "datetime": {"datetime": "2021-09-24 09:58:51", "elapsed": 99.302152, "delta": 0.762058}}
{"target": 0.4089338678396859, "params": {"C": 48.963569171327, "epsilon": 2.6634045686580583, "gamma": 0.07380965126282221}, "datetime": {"datetime": "2021-09-24 09:58:52", "elapsed": 100.2967, "delta": 0.994548}}
{"target": 0.39535054493689703, "params": {"C": 13.265127194298183, "epsilon": 1.8159153767106728, "gamma": 0.14968917007322544}, "datetime": {"datetime": "2021-09-24 09:58:53", "elapsed": 101.402533, "delta": 1.105833}}
{"target": 0.35978905426745467, "params": {"C": 18.732743391317495, "epsilon": 1.571559097650746, "gamma": 0.0027700685983322385}, "datetime": {"datetime": "2021-09-24 09:58:54", "elapsed": 102.450305, "delta": 1.047772}}
{"target": 0.3309657031816964, "params": {"C": 74.1058611726533, "epsilon": 2.6256170222682815, "gamma": 0.14399392556229154}, "datetime": {"datetime": "2021-09-24 09:58:54", "elapsed": 103.262678, "delta": 0.812373}}
{"target": 0.40354330712547337, "params": {"C": 17.743873118754728, "epsilon": 1.236698743059531, "gamma": 0.005774510029611645}, "datetime": {"datetime": "2021-09-24 09:58:56", "elapsed": 104.409503, "delta": 1.146825}}
{"target": 0.44117026157450123, "params": {"C": 13.551473191043435, "epsilon": 2.6457635211351116, "gamma": 0.06006070713789138}, "datetime": {"datetime": "2021-09-24 09:58:56", "elapsed": 105.22676, "delta": 0.817257}}
{"target": 0.39687419742709074, "params": {"C": 18.819770814993056, "epsilon": 1.336552923038995, "gamma": 0.1459559762764513}, "datetime": {"datetime": "2021-09-24 09:58:58", "elapsed": 106.656983, "delta": 1.430223}}
{"target": 0.4195387661499824, "params": {"C": 13.397232223199266, "epsilon": 2.6975962871398655, "gamma": 0.10090123427919775}, "datetime": {"datetime": "2021-09-24 09:58:59", "elapsed": 107.687352, "delta": 1.030369}}
{"target": 0.395946568766148, "params": {"C": 4.264555371218817, "epsilon": 1.8246100255777786, "gamma": 0.05491284277556274}, "datetime": {"datetime": "2021-09-24 09:59:00", "elapsed": 108.578304, "delta": 0.890952}}
{"target": 0.4114531904870238, "params": {"C": 19.183149706801338, "epsilon": 1.210660786656495, "gamma": 0.11631576198720045}, "datetime": {"datetime": "2021-09-24 09:59:02", "elapsed": 110.310921, "delta": 1.732617}}
{"target": 0.4332138035006404, "params": {"C": 13.532855626947127, "epsilon": 2.468456500471442, "gamma": 0.07472218518908802}, "datetime": {"datetime": "2021-09-24 09:59:03", "elapsed": 111.675926, "delta": 1.365005}}
{"target": 0.09827877440653221, "params": {"C": 13.545500983188337, "epsilon": 2.809579807637127, "gamma": 0.0005}, "datetime": {"datetime": "2021-09-24 09:59:04", "elapsed": 113.225917, "delta": 1.549991}}
{"target": 0.40927181575109595, "params": {"C": 13.379695269331611, "epsilon": 2.487291331532896, "gamma": 0.12208126839404632}, "datetime": {"datetime": "2021-09-24 09:59:06", "elapsed": 114.560368, "delta": 1.334451}}
{"target": 0.44100180982809567, "params": {"C": 13.710074889271306, "epsilon": 2.605429426454914, "gamma": 0.06060225568176756}, "datetime": {"datetime": "2021-09-24 09:59:07", "elapsed": 115.726968, "delta": 1.1666}}
{"target": 0.4295671156348987, "params": {"C": 62.37822475205489, "epsilon": 1.546675911658419, "gamma": 0.026150507662175016}, "datetime": {"datetime": "2021-09-24 09:59:08", "elapsed": 116.664944, "delta": 0.937976}}
