{"target": 0.33587287303198865, "params": {"C": 329.94521661839576, "epsilon": 0.8268100693544885, "gamma": 0.0333310259768787}, "datetime": {"datetime": "2021-09-24 09:47:10", "elapsed": 21.259538, "delta": 0.355795}}
{"target": 0.17160042451228819, "params": {"C": 270.45393407118087, "epsilon": 0.18254033625351881, "gamma": 0.12006427173499702}, "datetime": {"datetime": "2021-09-24 09:47:10", "elapsed": 21.622297, "delta": 0.362759}}
{"target": 0.4341300440051121, "params": {"C": 355.20852083275906, "epsilon": 0.8424802540796009, "gamma": 0.01246729359343228}, "datetime": {"datetime": "2021-09-24 09:47:10", "elapsed": 21.985078, "delta": 0.362781}}
{"target": 0.29318612737172534, "params": {"C": 353.4031941140263, "epsilon": 0.4723079691706369, "gamma": 0.044991171465572743}, "datetime": {"datetime": "2021-09-24 09:47:11", "elapsed": 22.354057, "delta": 0.368979}}
{"target": 0.44698444248262315, "params": {"C": 245.24853274478914, "epsilon": 0.4041688781041375, "gamma": 0.012229241202020562}, "datetime": {"datetime": "2021-09-24 09:47:11", "elapsed": 22.760929, "delta": 0.406872}}
{"target": 0.29997251683782045, "params": {"C": 222.52140830069746, "epsilon": 0.35808732695246404, "gamma": 0.06677684557083856}, "datetime": {"datetime": "2021-09-24 09:47:12", "elapsed": 23.269758, "delta": 0.508829}}
{"target": 0.11147228645757767, "params": {"C": 349.874689855491, "epsilon": 0.8925173055335963, "gamma": 0.1425162462173544}, "datetime": {"datetime": "2021-09-24 09:47:12", "elapsed": 23.786989, "delta": 0.517231}}
{"target": 0.2731783004549253, "params": {"C": 224.70756640940755, "epsilon": 0.43799414299335876, "gamma": 0.09059405822969807}, "datetime": {"datetime": "2021-09-24 09:47:12", "elapsed": 24.172237, "delta": 0.385248}}
{"target": 0.31658704022792317, "params": {"C": 215.31851902588494, "epsilon": 0.47860598552360617, "gamma": 0.057786690694285915}, "datetime": {"datetime": "2021-09-24 09:47:13", "elapsed": 24.61631, "delta": 0.444073}}
{"target": 0.1612914539984205, "params": {"C": 262.99460353351026, "epsilon": 0.282793975214436, "gamma": 0.12981666807166803}, "datetime": {"datetime": "2021-09-24 09:47:13", "elapsed": 25.068355, "delta": 0.452045}}
{"target": 0.32669353462205386, "params": {"C": 245.24466882855114, "epsilon": 0.40981055842476066, "gamma": 0.04482069436914191}, "datetime": {"datetime": "2021-09-24 09:47:14", "elapsed": 25.562581, "delta": 0.494226}}
{"target": 0.34651664508556224, "params": {"C": 355.2291085294046, "epsilon": 0.8208047842937253, "gamma": 0.02919883174202466}, "datetime": {"datetime": "2021-09-24 09:47:14", "elapsed": 26.03242, "delta": 0.469839}}
{"target": 0.27319082204321254, "params": {"C": 342.88522319398083, "epsilon": 0.22303579671521961, "gamma": 0.05950474596708354}, "datetime": {"datetime": "2021-09-24 09:47:15", "elapsed": 26.560532, "delta": 0.528112}}
{"target": 0.4417513091767761, "params": {"C": 202.39931472486077, "epsilon": 0.9359435572894482, "gamma": 0.007859932225619133}, "datetime": {"datetime": "2021-09-24 09:47:16", "elapsed": 27.39403, "delta": 0.833498}}
{"target": 0.42898318119834, "params": {"C": 202.35750786348044, "epsilon": 0.9674263175774379, "gamma": 0.019105693056352503}, "datetime": {"datetime": "2021-09-24 09:47:16", "elapsed": 27.902368, "delta": 0.508338}}
{"target": 0.43201424140018396, "params": {"C": 225.02757347786905, "epsilon": 0.6504140855129587, "gamma": 0.0034157754078894082}, "datetime": {"datetime": "2021-09-24 09:47:17", "elapsed": 28.377335, "delta": 0.474967}}
{"target": 0.41070324101428657, "params": {"C": 220.64643799896277, "epsilon": 0.7298199943689851, "gamma": 0.02273475088553671}, "datetime": {"datetime": "2021-09-24 09:47:17", "elapsed": 28.897305, "delta": 0.51997}}
{"target": 0.09894100118093141, "params": {"C": 389.02639973500663, "epsilon": 0.3458903981490745, "gamma": 0.1292256522388155}, "datetime": {"datetime": "2021-09-24 09:47:18", "elapsed": 29.383863, "delta": 0.486558}}
{"target": 0.23346410911239213, "params": {"C": 322.4704068573333, "epsilon": 0.45568929357953925, "gamma": 0.08277399459027858}, "datetime": {"datetime": "2021-09-24 09:47:18", "elapsed": 29.873492, "delta": 0.489629}}
{"target": 0.30430727476277897, "params": {"C": 225.0955462847254, "epsilon": 0.674828192897491, "gamma": 0.06235939134185479}, "datetime": {"datetime": "2021-09-24 09:47:19", "elapsed": 30.398889, "delta": 0.525397}}
{"target": 0.27576999516033585, "params": {"C": 399.82825294306207, "epsilon": 0.06778900226264024, "gamma": 0.0465651974503734}, "datetime": {"datetime": "2021-09-24 09:47:19", "elapsed": 31.004111, "delta": 0.605222}}
{"target": 0.1871767331234374, "params": {"C": 219.65648193296656, "epsilon": 0.72740800084963, "gamma": 0.1381143153335534}, "datetime": {"datetime": "2021-09-24 09:47:20", "elapsed": 31.539786, "delta": 0.535675}}
{"target": 0.20233065745835221, "params": {"C": 210.5386531679135, "epsilon": 0.3892319507411614, "gamma": 0.13393486615010863}, "datetime": {"datetime": "2021-09-24 09:47:20", "elapsed": 32.002604, "delta": 0.462818}}
{"target": 0.40327014769189307, "params": {"C": 209.52359702821616, "epsilon": 0.851235534063357, "gamma": 0.025712565008637164}, "datetime": {"datetime": "2021-09-24 09:47:21", "elapsed": 32.517908, "delta": 0.515304}}
{"target": 0.1452524537537594, "params": {"C": 311.22101174361757, "epsilon": 0.40475245633392987, "gamma": 0.11713803549180712}, "datetime": {"datetime": "2021-09-24 09:47:21", "elapsed": 33.073723, "delta": 0.555815}}
{"target": 0.17336432666577917, "params": {"C": 258.24319577171286, "epsilon": 0.10495845868097278, "gamma": 0.12464608843577216}, "datetime": {"datetime": "2021-09-24 09:47:22", "elapsed": 33.613879, "delta": 0.540156}}
{"target": 0.311426207909967, "params": {"C": 235.90047767542646, "epsilon": 0.38855418324090724, "gamma": 0.055843313355338764}, "datetime": {"datetime": "2021-09-24 09:47:22", "elapsed": 34.173464, "delta": 0.559585}}
{"target": 0.3760093980499666, "params": {"C": 398.0250062910293, "epsilon": 0.7451536257471549, "gamma": 0.022037571727870884}, "datetime": {"datetime": "2021-09-24 09:47:23", "elapsed": 34.650084, "delta": 0.47662}}
{"target": 0.4051070874202327, "params": {"C": 209.48680730993166, "epsilon": 0.9150952518330591, "gamma": 0.025102545079357243}, "datetime": {"datetime": "2021-09-24 09:47:24", "elapsed": 35.459885, "delta": 0.809801}}
{"target": 0.3823829383470745, "params": {"C": 209.45579298525743, "epsilon": 0.8088141739707447, "gamma": 0.031931937197991055}, "datetime": {"datetime": "2021-09-24 09:47:24", "elapsed": 35.96916, "delta": 0.509275}}
{"target": 0.39103953206969055, "params": {"C": 363.5908985567927, "epsilon": 0.2000114980810807, "gamma": 0.019696186261164397}, "datetime": {"datetime": "2021-09-24 09:47:25", "elapsed": 36.532145, "delta": 0.562985}}
{"target": 0.3225026903705467, "params": {"C": 202.39658425648622, "epsilon": 0.8880291971985217, "gamma": 0.05822467555317055}, "datetime": {"datetime": "2021-09-24 09:47:25", "elapsed": 37.147001, "delta": 0.614856}}
{"target": 0.42285293610566965, "params": {"C": 236.39274954876527, "epsilon": 0.4930577651182067, "gamma": 0.001608867514461991}, "datetime": {"datetime": "2021-09-24 09:47:26", "elapsed": 37.818533, "delta": 0.671532}}
{"target": 0.437758895640451, "params": {"C": 261.4563648097506, "epsilon": 0.8278659036947137, "gamma": 0.006426345070114353}, "datetime": {"datetime": "2021-09-24 09:47:27", "elapsed": 38.53348, "delta": 0.714947}}
{"target": 0.29230606610806753, "params": {"C": 261.51370024673906, "epsilon": 0.908025903389617, "gamma": 0.06171383478332634}, "datetime": {"datetime": "2021-09-24 09:47:27", "elapsed": 39.170787, "delta": 0.637307}}
{"target": 0.36261301665014134, "params": {"C": 225.03598721920247, "epsilon": 0.5877631954388035, "gamma": 0.03577696340315535}, "datetime": {"datetime": "2021-09-24 09:47:28", "elapsed": 39.81886, "delta": 0.648073}}
{"target": 0.36764414562616365, "params": {"C": 399.70197236565116, "epsilon": 0.003596078639097641, "gamma": 0.023143067808901793}, "datetime": {"datetime": "2021-09-24 09:47:29", "elapsed": 40.37939, "delta": 0.56053}}
{"target": 0.3010772407166402, "params": {"C": 235.9128179532048, "epsilon": 0.2885743228074654, "gamma": 0.061011506955145615}, "datetime": {"datetime": "2021-09-24 09:47:29", "elapsed": 41.187284, "delta": 0.807894}}
{"target": 0.4330801932234829, "params": {"C": 236.305201589642, "epsilon": 0.5117863284228832, "gamma": 0.003997252264257241}, "datetime": {"datetime": "2021-09-24 09:47:30", "elapsed": 42.179894, "delta": 0.99261}}
{"target": 0.3473476302381461, "params": {"C": 236.33160290117615, "epsilon": 0.5832410921077964, "gamma": 0.039395644045749675}, "datetime": {"datetime": "2021-09-24 09:47:31", "elapsed": 42.789739, "delta": 0.609845}}
{"target": 0.1260661312087612, "params": {"C": 351.4696651894245, "epsilon": 0.388250726553288, "gamma": 0.1144102999365754}, "datetime": {"datetime": "2021-09-24 09:47:32", "elapsed": 43.322151, "delta": 0.532412}}
{"target": 0.27920898042876374, "params": {"C": 333.19580928559066, "epsilon": 0.7009081825358435, "gamma": 0.05490455009565622}, "datetime": {"datetime": "2021-09-24 09:47:32", "elapsed": 43.976687, "delta": 0.654536}}
{"target": 0.4350693437250218, "params": {"C": 355.14503723197396, "epsilon": 0.8710579322567612, "gamma": 0.005617827671821401}, "datetime": {"datetime": "2021-09-24 09:47:33", "elapsed": 44.648737, "delta": 0.67205}}
{"target": 0.4260347854522789, "params": {"C": 393.7039876951769, "epsilon": 0.978682493000365, "gamma": 0.0034506967007805114}, "datetime": {"datetime": "2021-09-24 09:47:34", "elapsed": 45.227868, "delta": 0.579131}}
{"target": 0.3823214905787765, "params": {"C": 261.35352120220404, "epsilon": 0.849317376701575, "gamma": 0.027625014599642558}, "datetime": {"datetime": "2021-09-24 09:47:34", "elapsed": 45.882037, "delta": 0.654169}}
{"target": 0.2869749715722131, "params": {"C": 216.58782116834286, "epsilon": 0.9598458464624114, "gamma": 0.08437262924595965}, "datetime": {"datetime": "2021-09-24 09:47:35", "elapsed": 46.3912, "delta": 0.509163}}
{"target": 0.31748164323893124, "params": {"C": 363.5057989004849, "epsilon": 0.29944406437990834, "gamma": 0.035321221384404376}, "datetime": {"datetime": "2021-09-24 09:47:36", "elapsed": 47.340638, "delta": 0.949438}}
{"target": 0.29041673448979943, "params": {"C": 248.09286210033733, "epsilon": 0.4244842486340419, "gamma": 0.06862272732315816}, "datetime": {"datetime": "2021-09-24 09:47:36", "elapsed": 47.919343, "delta": 0.578705}}
{"target": 0.4198875794039044, "params": {"C": 296.8640907732761, "epsilon": 0.9279552514315418, "gamma": 0.01682521533179833}, "datetime": {"datetime": "2021-09-24 09:47:37", "elapsed": 48.468342, "delta": 0.548999}}
{"target": 0.42340854925096294, "params": {"C": 225.1474370330557, "epsilon": 0.575759985082995, "gamma": 0.001}, "datetime": {"datetime": "2021-09-24 09:47:37", "elapsed": 49.185775, "delta": 0.717433}}
{"target": 0.22031728349717294, "params": {"C": 297.2414091052504, "epsilon": 0.9261506844239698, "gamma": 0.09240822715067742}, "datetime": {"datetime": "2021-09-24 09:47:38", "elapsed": 49.918683, "delta": 0.732908}}
{"target": 0.41953573596158855, "params": {"C": 360.630540495536, "epsilon": 0.43743512604705115, "gamma": 0.015039306770209246}, "datetime": {"datetime": "2021-09-24 09:47:39", "elapsed": 50.52565, "delta": 0.606967}}
{"target": 0.4482351459677537, "params": {"C": 245.2673361779636, "epsilon": 0.3207810466882017, "gamma": 0.008768777668327876}, "datetime": {"datetime": "2021-09-24 09:47:40", "elapsed": 51.200621, "delta": 0.674971}}
{"target": 0.4435969621648097, "params": {"C": 245.31841349555037, "epsilon": 0.4021636789267789, "gamma": 0.013251406336047506}, "datetime": {"datetime": "2021-09-24 09:47:40", "elapsed": 51.839411, "delta": 0.63879}}
{"target": 0.16590288196789815, "params": {"C": 249.7331070804743, "epsilon": 0.8778858270226196, "gamma": 0.13711011457938935}, "datetime": {"datetime": "2021-09-24 09:47:41", "elapsed": 52.498801, "delta": 0.65939}}
{"target": 0.10597195896967004, "params": {"C": 359.4616501689875, "epsilon": 0.5761630677535713, "gamma": 0.14166090191223069}, "datetime": {"datetime": "2021-09-24 09:47:41", "elapsed": 53.095885, "delta": 0.597084}}
{"target": 0.4239581086284908, "params": {"C": 245.35176425376596, "epsilon": 0.3227878604083137, "gamma": 0.001}, "datetime": {"datetime": "2021-09-24 09:47:42", "elapsed": 53.890262, "delta": 0.794377}}
{"target": 0.21422899142278018, "params": {"C": 355.1594661591738, "epsilon": 0.9417870922009054, "gamma": 0.08280309680685391}, "datetime": {"datetime": "2021-09-24 09:47:43", "elapsed": 54.840237, "delta": 0.949975}}
{"target": 0.3240046304186467, "params": {"C": 236.35082175171033, "epsilon": 0.40687571763554425, "gamma": 0.04773198186209935}, "datetime": {"datetime": "2021-09-24 09:47:44", "elapsed": 55.533435, "delta": 0.693198}}
{"target": 0.16052490999740032, "params": {"C": 328.71490742411015, "epsilon": 0.6232311515095345, "gamma": 0.10490687160450167}, "datetime": {"datetime": "2021-09-24 09:47:44", "elapsed": 56.174344, "delta": 0.640909}}
{"target": 0.433391070807596, "params": {"C": 288.49652939727713, "epsilon": 0.901564439784334, "gamma": 0.014439605517309242}, "datetime": {"datetime": "2021-09-24 09:47:45", "elapsed": 56.742175, "delta": 0.567831}}
{"target": 0.4133764444564081, "params": {"C": 288.53378704247444, "epsilon": 0.812689655456488, "gamma": 0.018501573556530936}, "datetime": {"datetime": "2021-09-24 09:47:46", "elapsed": 57.581532, "delta": 0.839357}}
{"target": 0.22360623764199095, "params": {"C": 353.05139116967274, "epsilon": 0.08937675106714375, "gamma": 0.08046843240112961}, "datetime": {"datetime": "2021-09-24 09:47:46", "elapsed": 58.186348, "delta": 0.604816}}
{"target": 0.261560760945455, "params": {"C": 288.4327080984634, "epsilon": 0.9095776335997815, "gamma": 0.0796759838747478}, "datetime": {"datetime": "2021-09-24 09:47:48", "elapsed": 59.209395, "delta": 1.023047}}
{"target": 0.30231087292958714, "params": {"C": 333.0138494560459, "epsilon": 0.6972324585603661, "gamma": 0.04372013763968837}, "datetime": {"datetime": "2021-09-24 09:47:48", "elapsed": 59.888235, "delta": 0.67884}}
{"target": 0.2792309918986924, "params": {"C": 222.6948203603597, "epsilon": 0.8076455999745303, "gamma": 0.08765014164325614}, "datetime": {"datetime": "2021-09-24 09:47:49", "elapsed": 60.606678, "delta": 0.718443}}
{"target": 0.0900676494484024, "params": {"C": 398.85501962259457, "epsilon": 0.8598084282695956, "gamma": 0.13617750325351982}, "datetime": {"datetime": "2021-09-24 09:47:50", "elapsed": 61.456677, "delta": 0.849999}}
{"target": 0.4256884350241148, "params": {"C": 288.5796741423332, "epsilon": 0.8968846818745836, "gamma": 0.001}, "datetime": {"datetime": "2021-09-24 09:47:51", "elapsed": 62.266592, "delta": 0.809915}}
{"target": 0.29727723896120595, "params": {"C": 284.9068072584122, "epsilon": 0.2915659713959162, "gamma": 0.05297257086730574}, "datetime": {"datetime": "2021-09-24 09:47:51", "elapsed": 62.984126, "delta": 0.717534}}
{"target": 0.29707047007751863, "params": {"C": 209.37091418164826, "epsilon": 0.9093533782086765, "gamma": 0.07728049512845755}, "datetime": {"datetime": "2021-09-24 09:47:52", "elapsed": 63.730989, "delta": 0.746863}}
{"target": 0.17368792096723806, "params": {"C": 296.838567150327, "epsilon": 0.8977854792410345, "gamma": 0.1092027225534707}, "datetime": {"datetime": "2021-09-24 09:47:53", "elapsed": 64.568845, "delta": 0.837856}}
{"target": 0.09765088196286609, "params": {"C": 361.68227092997245, "epsilon": 0.20178757491456623, "gamma": 0.14902965209290436}, "datetime": {"datetime": "2021-09-24 09:47:54", "elapsed": 65.272899, "delta": 0.704054}}
{"target": 0.2214557086747062, "params": {"C": 308.8464138413748, "epsilon": 0.3135728059569613, "gamma": 0.08957633496435284}, "datetime": {"datetime": "2021-09-24 09:47:54", "elapsed": 65.898992, "delta": 0.626093}}
{"target": 0.4445817954224164, "params": {"C": 360.65127331231497, "epsilon": 0.5231433746342069, "gamma": 0.009930199014279183}, "datetime": {"datetime": "2021-09-24 09:47:55", "elapsed": 66.840486, "delta": 0.941494}}
{"target": 0.28535509119972025, "params": {"C": 281.3418841305953, "epsilon": 0.6893362076735602, "gamma": 0.06428885700293278}, "datetime": {"datetime": "2021-09-24 09:47:56", "elapsed": 67.531667, "delta": 0.691181}}
{"target": 0.408542816559337, "params": {"C": 225.15254555240253, "epsilon": 0.2522446913769872, "gamma": 0.022924785270246623}, "datetime": {"datetime": "2021-09-24 09:47:56", "elapsed": 68.142736, "delta": 0.611069}}
{"target": 0.4244145939222398, "params": {"C": 360.71105631480134, "epsilon": 0.4703314478657534, "gamma": 0.001}, "datetime": {"datetime": "2021-09-24 09:47:58", "elapsed": 69.313015, "delta": 1.170279}}
{"target": 0.13714598686739599, "params": {"C": 305.63033409343035, "epsilon": 0.7731218216943305, "gamma": 0.13565820130755524}, "datetime": {"datetime": "2021-09-24 09:47:58", "elapsed": 70.058641, "delta": 0.745626}}
{"target": 0.4250677423659889, "params": {"C": 297.33158927291936, "epsilon": 0.8324474750354909, "gamma": 0.001}, "datetime": {"datetime": "2021-09-24 09:47:59", "elapsed": 71.129558, "delta": 1.070917}}
{"target": 0.1512136400004258, "params": {"C": 266.01028407620606, "epsilon": 0.15319117200448434, "gamma": 0.1464361229383768}, "datetime": {"datetime": "2021-09-24 09:48:00", "elapsed": 71.879365, "delta": 0.749807}}
{"target": 0.20196201483255816, "params": {"C": 305.928332842832, "epsilon": 0.7961111149087099, "gamma": 0.09658132472261012}, "datetime": {"datetime": "2021-09-24 09:48:01", "elapsed": 72.580535, "delta": 0.70117}}
{"target": 0.3440938080921693, "params": {"C": 220.70508378731228, "epsilon": 0.6621561940091001, "gamma": 0.04260648148967815}, "datetime": {"datetime": "2021-09-24 09:48:02", "elapsed": 73.53506, "delta": 0.954525}}
{"target": 0.4375746063005851, "params": {"C": 297.26193021564177, "epsilon": 0.7829524600489021, "gamma": 0.013034152444804329}, "datetime": {"datetime": "2021-09-24 09:48:03", "elapsed": 74.610934, "delta": 1.075874}}
{"target": 0.3964479757723147, "params": {"C": 293.0682499651974, "epsilon": 0.10475942313892601, "gamma": 0.021610195316128948}, "datetime": {"datetime": "2021-09-24 09:48:04", "elapsed": 75.414559, "delta": 0.803625}}
{"target": 0.35388746798357507, "params": {"C": 334.14135647915526, "epsilon": 0.7911433641418527, "gamma": 0.02891249554818748}, "datetime": {"datetime": "2021-09-24 09:48:05", "elapsed": 76.207467, "delta": 0.792908}}
{"target": 0.2893097377983601, "params": {"C": 393.78353050100566, "epsilon": 0.8786680453706113, "gamma": 0.0424483604057838}, "datetime": {"datetime": "2021-09-24 09:48:06", "elapsed": 77.462735, "delta": 1.255268}}
{"target": 0.11911374032484745, "params": {"C": 360.57782408753314, "epsilon": 0.5008337571592152, "gamma": 0.11969186993796672}, "datetime": {"datetime": "2021-09-24 09:48:07", "elapsed": 78.487625, "delta": 1.02489}}
{"target": 0.21994949828297639, "params": {"C": 288.6582553338375, "epsilon": 0.8487199478491234, "gamma": 0.09464941734531065}, "datetime": {"datetime": "2021-09-24 09:48:08", "elapsed": 79.538575, "delta": 1.05095}}
{"target": 0.21784782833912664, "params": {"C": 225.12752329545756, "epsilon": 0.29168977144298586, "gamma": 0.11713219845373728}, "datetime": {"datetime": "2021-09-24 09:48:09", "elapsed": 80.710441, "delta": 1.171866}}
{"target": 0.11991144542020005, "params": {"C": 393.6521403433153, "epsilon": 0.9712881063750238, "gamma": 0.1047157030126454}, "datetime": {"datetime": "2021-09-24 09:48:10", "elapsed": 82.001293, "delta": 1.290852}}
{"target": 0.1453431209281737, "params": {"C": 343.7471878619029, "epsilon": 0.3670700983612025, "gamma": 0.10646134945310277}, "datetime": {"datetime": "2021-09-24 09:48:11", "elapsed": 82.824444, "delta": 0.823151}}
{"target": 0.42403101755318207, "params": {"C": 245.30384210120286, "epsilon": 0.23622897451142982, "gamma": 0.001}, "datetime": {"datetime": "2021-09-24 09:48:13", "elapsed": 84.204324, "delta": 1.37988}}
{"target": 0.4143903897896668, "params": {"C": 297.3357686592055, "epsilon": 0.7341382206891652, "gamma": 0.0018510336355778134}, "datetime": {"datetime": "2021-09-24 09:48:14", "elapsed": 85.534898, "delta": 1.330574}}
{"target": 0.15346596179231387, "params": {"C": 265.6446638551345, "epsilon": 0.015603841127306003, "gamma": 0.1383656221043807}, "datetime": {"datetime": "2021-09-24 09:48:15", "elapsed": 86.310865, "delta": 0.775967}}
{"target": 0.4409066153584523, "params": {"C": 236.00435709246364, "epsilon": 0.4013619397644259, "gamma": 0.007072013615132419}, "datetime": {"datetime": "2021-09-24 09:48:16", "elapsed": 87.418261, "delta": 1.107396}}
{"target": 0.21242120029262979, "params": {"C": 343.67963560967195, "epsilon": 0.37881605347743746, "gamma": 0.08537873834974363}, "datetime": {"datetime": "2021-09-24 09:48:17", "elapsed": 88.301552, "delta": 0.883291}}
{"target": 0.4259338488735601, "params": {"C": 288.54094822681907, "epsilon": 0.9826241465889031, "gamma": 0.001}, "datetime": {"datetime": "2021-09-24 09:48:18", "elapsed": 89.368274, "delta": 1.066722}}
{"target": 0.4237291171360136, "params": {"C": 225.2024235644105, "epsilon": 0.17524847201640364, "gamma": 0.001}, "datetime": {"datetime": "2021-09-24 09:48:19", "elapsed": 90.881918, "delta": 1.513644}}
{"target": 0.4234039973228175, "params": {"C": 333.09843865695586, "epsilon": 0.8040049900295919, "gamma": 0.001}, "datetime": {"datetime": "2021-09-24 09:48:20", "elapsed": 91.91637, "delta": 1.034452}}
{"target": 0.1114068209407364, "params": {"C": 347.68860842960265, "epsilon": 0.8129957026230066, "gamma": 0.14401401276776885}, "datetime": {"datetime": "2021-09-24 09:48:21", "elapsed": 92.675726, "delta": 0.759356}}
