{"target": -39.35685437667448, "params": {"C": 10.92010134377065, "epsilon": 2.6864840843697237, "gamma": 0.028876021173159964}, "datetime": {"datetime": "2021-09-28 12:14:45", "elapsed": 1054.694455, "delta": 2.810899}}
{"target": -36.485118475200075, "params": {"C": 50.283527851044376, "epsilon": 0.2892665980725554, "gamma": 0.002241229228219293}, "datetime": {"datetime": "2021-09-28 12:14:48", "elapsed": 1057.699483, "delta": 3.005028}}
{"target": -39.04322285024874, "params": {"C": 50.38258106762978, "epsilon": 0.15028258027247893, "gamma": 0.027232972635393555}, "datetime": {"datetime": "2021-09-28 12:14:58", "elapsed": 1067.044025, "delta": 9.344542}}
{"target": -42.4321510626161, "params": {"C": 17.47429263154643, "epsilon": 1.18407481283086, "gamma": 0.10491105872831805}, "datetime": {"datetime": "2021-09-28 12:15:03", "elapsed": 1072.231225, "delta": 5.1872}}
{"target": -37.91575300834759, "params": {"C": 50.37719498469697, "epsilon": 0.30261308221233885, "gamma": 0.012646095522290696}, "datetime": {"datetime": "2021-09-28 12:15:09", "elapsed": 1078.289485, "delta": 6.05826}}
{"target": -36.34115675107829, "params": {"C": 144.9678154583557, "epsilon": 1.9792256955948708, "gamma": 0.001}, "datetime": {"datetime": "2021-09-28 12:15:16", "elapsed": 1085.138907, "delta": 6.849422}}
{"target": -41.767484101897395, "params": {"C": 50.30056348482915, "epsilon": 0.2542269965239606, "gamma": 0.10005577115718198}, "datetime": {"datetime": "2021-09-28 12:15:22", "elapsed": 1091.056876, "delta": 5.917969}}
{"target": -43.132483833054444, "params": {"C": 13.253316979563435, "epsilon": 2.681884707782375, "gamma": 0.11943560380190074}, "datetime": {"datetime": "2021-09-28 12:15:25", "elapsed": 1094.106131, "delta": 3.049255}}
{"target": -41.07190979917789, "params": {"C": 144.96210976485008, "epsilon": 2.0684644304658875, "gamma": 0.08108540578817956}, "datetime": {"datetime": "2021-09-28 12:15:31", "elapsed": 1100.414376, "delta": 6.308245}}
{"target": -43.08431835147741, "params": {"C": 83.7436946580119, "epsilon": 0.12988440988122754, "gamma": 0.13620567391465618}, "datetime": {"datetime": "2021-09-28 12:15:34", "elapsed": 1103.12796, "delta": 2.713584}}
{"target": -39.449111132347184, "params": {"C": 145.1147858592787, "epsilon": 1.9236259319514881, "gamma": 0.04943134568075987}, "datetime": {"datetime": "2021-09-28 12:15:41", "elapsed": 1110.45461, "delta": 7.32665}}
{"target": -44.590190639383565, "params": {"C": 78.79817338051845, "epsilon": 1.623484651003012, "gamma": 0.17521799619276618}, "datetime": {"datetime": "2021-09-28 12:15:44", "elapsed": 1113.342774, "delta": 2.888164}}
{"target": -38.57327397270443, "params": {"C": 139.52689935847394, "epsilon": 0.728884051774562, "gamma": 0.030956762109686196}, "datetime": {"datetime": "2021-09-28 12:15:50", "elapsed": 1119.465951, "delta": 6.123177}}
{"target": -42.04223873608057, "params": {"C": 111.59443870702617, "epsilon": 0.15099065393201444, "gamma": 0.10630559979194255}, "datetime": {"datetime": "2021-09-28 12:15:53", "elapsed": 1122.533085, "delta": 3.067134}}
{"target": -40.58066617872196, "params": {"C": 37.34911439572598, "epsilon": 0.9464535234509099, "gamma": 0.060308691836061856}, "datetime": {"datetime": "2021-09-28 12:15:59", "elapsed": 1128.025476, "delta": 5.492391}}
{"target": -37.55785151507774, "params": {"C": 85.33334232671753, "epsilon": 2.5402937777437, "gamma": 0.010944326554278148}, "datetime": {"datetime": "2021-09-28 12:16:05", "elapsed": 1134.858235, "delta": 6.832759}}
{"target": -36.44563637732105, "params": {"C": 118.31975441816027, "epsilon": 0.9593130189228631, "gamma": 0.0023393652045358123}, "datetime": {"datetime": "2021-09-28 12:16:12", "elapsed": 1141.146238, "delta": 6.288003}}
{"target": -41.3563891444469, "params": {"C": 149.68387353987907, "epsilon": 0.4344362207046787, "gamma": 0.08748876741352497}, "datetime": {"datetime": "2021-09-28 12:16:18", "elapsed": 1147.738942, "delta": 6.592704}}
{"target": -41.851909795530915, "params": {"C": 134.55040464509398, "epsilon": 2.014516644134042, "gamma": 0.09627497623786022}, "datetime": {"datetime": "2021-09-28 12:16:25", "elapsed": 1154.689949, "delta": 6.951007}}
{"target": -40.52875993701532, "params": {"C": 17.41022286848615, "epsilon": 1.3777165888633152, "gamma": 0.05560316680695255}, "datetime": {"datetime": "2021-09-28 12:16:33", "elapsed": 1162.121549, "delta": 7.4316}}
{"target": -41.38217071270418, "params": {"C": 134.50756414609867, "epsilon": 2.26387113498853, "gamma": 0.08816048999139499}, "datetime": {"datetime": "2021-09-28 12:16:38", "elapsed": 1167.699249, "delta": 5.5777}}
{"target": -37.757185692020066, "params": {"C": 140.02136828802008, "epsilon": 1.2046636051225619, "gamma": 0.014921793251510135}, "datetime": {"datetime": "2021-09-28 12:16:44", "elapsed": 1173.500561, "delta": 5.801312}}
{"target": -41.098627132449664, "params": {"C": 47.448745279440075, "epsilon": 0.37617222285889984, "gamma": 0.08041939948920811}, "datetime": {"datetime": "2021-09-28 12:16:47", "elapsed": 1176.326442, "delta": 2.825881}}
{"target": -40.298111667419676, "params": {"C": 46.750451710246224, "epsilon": 1.1904563982147722, "gamma": 0.05881685194788872}, "datetime": {"datetime": "2021-09-28 12:16:50", "elapsed": 1179.443333, "delta": 3.116891}}
{"target": -42.30715796801217, "params": {"C": 143.09659848155889, "epsilon": 0.10500366398522619, "gamma": 0.10315014385705715}, "datetime": {"datetime": "2021-09-28 12:16:53", "elapsed": 1182.379415, "delta": 2.936082}}
{"target": -36.2170500342475, "params": {"C": 116.70282967572858, "epsilon": 2.7051606418156195, "gamma": 0.001}, "datetime": {"datetime": "2021-09-28 12:16:59", "elapsed": 1188.852507, "delta": 6.473092}}
{"target": -40.95748299461036, "params": {"C": 139.46758916599433, "epsilon": 0.6272006764621483, "gamma": 0.08027171512276765}, "datetime": {"datetime": "2021-09-28 12:17:06", "elapsed": 1195.340235, "delta": 6.487728}}
{"target": -39.26146526691693, "params": {"C": 116.8057290415868, "epsilon": 2.632786354854449, "gamma": 0.04881961465656703}, "datetime": {"datetime": "2021-09-28 12:17:16", "elapsed": 1205.309946, "delta": 9.969711}}
{"target": -42.07431406165771, "params": {"C": 35.8382262499396, "epsilon": 0.726603318484185, "gamma": 0.09728862086884457}, "datetime": {"datetime": "2021-09-28 12:17:19", "elapsed": 1208.456968, "delta": 3.147022}}
{"target": -38.903398650747405, "params": {"C": 116.70003868983363, "epsilon": 2.8935419062852503, "gamma": 0.04175478761832736}, "datetime": {"datetime": "2021-09-28 12:17:26", "elapsed": 1215.928141, "delta": 7.471173}}
{"target": -48.23076385816648, "params": {"C": 2.1109345416116247, "epsilon": 1.1485779170032726, "gamma": 0.09694879760316832}, "datetime": {"datetime": "2021-09-28 12:17:30", "elapsed": 1219.014117, "delta": 3.085976}}
{"target": -36.20174297180937, "params": {"C": 117.08336458560727, "epsilon": 1.4103020266026074, "gamma": 0.001}, "datetime": {"datetime": "2021-09-28 12:17:40", "elapsed": 1229.257946, "delta": 10.243829}}
{"target": -38.597384798577046, "params": {"C": 116.63606741874065, "epsilon": 2.800296321550623, "gamma": 0.03367687633993335}, "datetime": {"datetime": "2021-09-28 12:17:49", "elapsed": 1238.529172, "delta": 9.271226}}
{"target": -38.94958490428384, "params": {"C": 74.17434496394141, "epsilon": 2.958407974924153, "gamma": 0.042501663210611176}, "datetime": {"datetime": "2021-09-28 12:17:52", "elapsed": 1241.802692, "delta": 3.27352}}
{"target": -41.83559549234674, "params": {"C": 128.45171414334527, "epsilon": 2.022581712492501, "gamma": 0.09768360133080582}, "datetime": {"datetime": "2021-09-28 12:17:55", "elapsed": 1244.826362, "delta": 3.02367}}
{"target": -38.405677361954545, "params": {"C": 117.04660483943235, "epsilon": 1.4902305083246323, "gamma": 0.024978809156680395}, "datetime": {"datetime": "2021-09-28 12:18:01", "elapsed": 1250.549831, "delta": 5.723469}}
{"target": -37.70666757860796, "params": {"C": 28.12859384690049, "epsilon": 1.1490176747589518, "gamma": 0.002246204556426684}, "datetime": {"datetime": "2021-09-28 12:18:08", "elapsed": 1257.445916, "delta": 6.896085}}
{"target": -36.28428692019009, "params": {"C": 117.70824609892054, "epsilon": 1.191596664924555, "gamma": 0.0017267341811304598}, "datetime": {"datetime": "2021-09-28 12:18:14", "elapsed": 1263.626273, "delta": 6.180357}}
{"target": -41.182091290776334, "params": {"C": 71.99337976369875, "epsilon": 0.9124891427736197, "gamma": 0.08983425835070767}, "datetime": {"datetime": "2021-09-28 12:18:17", "elapsed": 1266.767207, "delta": 3.140934}}
{"target": -38.636846555546796, "params": {"C": 116.84849486724713, "epsilon": 2.765893052969915, "gamma": 0.03459598568128618}, "datetime": {"datetime": "2021-09-28 12:18:25", "elapsed": 1274.50834, "delta": 7.741133}}
{"target": -41.7555539033867, "params": {"C": 117.63375326664506, "epsilon": 1.266038113804051, "gamma": 0.09827423776741502}, "datetime": {"datetime": "2021-09-28 12:18:33", "elapsed": 1282.870294, "delta": 8.361954}}
{"target": -36.246888495607465, "params": {"C": 117.67002824751795, "epsilon": 0.6926455325432871, "gamma": 0.001}, "datetime": {"datetime": "2021-09-28 12:18:41", "elapsed": 1290.819912, "delta": 7.949618}}
{"target": -40.183127873688214, "params": {"C": 117.66576632045106, "epsilon": 0.5529056107206197, "gamma": 0.06842912937267438}, "datetime": {"datetime": "2021-09-28 12:18:53", "elapsed": 1302.69904, "delta": 11.879128}}
{"target": -38.925249354138955, "params": {"C": 116.48980929967848, "epsilon": 0.7573343689545265, "gamma": 0.03845336146691673}, "datetime": {"datetime": "2021-09-28 12:18:56", "elapsed": 1306.002466, "delta": 3.303426}}
{"target": -40.51418113971735, "params": {"C": 117.15616546016854, "epsilon": 1.4400150117583035, "gamma": 0.07448579888367193}, "datetime": {"datetime": "2021-09-28 12:19:05", "elapsed": 1314.9142, "delta": 8.911734}}
{"target": -41.058424006459965, "params": {"C": 19.59546978846555, "epsilon": 0.348041248637889, "gamma": 0.07121030275626582}, "datetime": {"datetime": "2021-09-28 12:19:09", "elapsed": 1318.153107, "delta": 3.238907}}
{"target": -40.15696428701974, "params": {"C": 117.5949243067958, "epsilon": 0.7508701758442027, "gamma": 0.06810197094160568}, "datetime": {"datetime": "2021-09-28 12:19:16", "elapsed": 1325.310448, "delta": 7.157341}}
{"target": -36.1871425693527, "params": {"C": 133.82102290295998, "epsilon": 1.5335142357192506, "gamma": 0.001}, "datetime": {"datetime": "2021-09-28 12:19:27", "elapsed": 1336.054862, "delta": 10.744414}}
{"target": -39.68560231587476, "params": {"C": 133.99326574853265, "epsilon": 1.5116902245782837, "gamma": 0.05410761752503026}, "datetime": {"datetime": "2021-09-28 12:19:36", "elapsed": 1345.423406, "delta": 9.368544}}
{"target": -42.83669949461904, "params": {"C": 133.75087201274349, "epsilon": 1.609123540572602, "gamma": 0.11168242124055466}, "datetime": {"datetime": "2021-09-28 12:19:46", "elapsed": 1355.852686, "delta": 10.42928}}
{"target": -39.48088506891815, "params": {"C": 140.8441246734908, "epsilon": 1.3553529745201496, "gamma": 0.04919992930661436}, "datetime": {"datetime": "2021-09-28 12:19:49", "elapsed": 1358.913721, "delta": 3.061035}}
{"target": -43.369753283451736, "params": {"C": 60.82142689608371, "epsilon": 2.206619719552866, "gamma": 0.15002323521956418}, "datetime": {"datetime": "2021-09-28 12:19:53", "elapsed": 1362.208991, "delta": 3.29527}}
{"target": -39.316468186757334, "params": {"C": 85.99060353935384, "epsilon": 1.0550233455079263, "gamma": 0.05061558619741232}, "datetime": {"datetime": "2021-09-28 12:19:56", "elapsed": 1365.562833, "delta": 3.353842}}
{"target": -36.16173068821973, "params": {"C": 139.556158101765, "epsilon": 0.3036147503588276, "gamma": 0.001}, "datetime": {"datetime": "2021-09-28 12:20:04", "elapsed": 1373.475619, "delta": 7.912786}}
{"target": -39.58930940177232, "params": {"C": 28.277952748737338, "epsilon": 1.247099814788948, "gamma": 0.03613561994273139}, "datetime": {"datetime": "2021-09-28 12:20:11", "elapsed": 1380.984386, "delta": 7.508767}}
{"target": -38.56054050873315, "params": {"C": 10.781496711815501, "epsilon": 2.741470811643066, "gamma": 0.01857171852791024}, "datetime": {"datetime": "2021-09-28 12:20:18", "elapsed": 1387.447417, "delta": 6.463031}}
{"target": -41.579441032138796, "params": {"C": 61.12864329819755, "epsilon": 1.1144421459967981, "gamma": 0.09825693310187782}, "datetime": {"datetime": "2021-09-28 12:20:21", "elapsed": 1390.580683, "delta": 3.133266}}
{"target": -36.76446901866948, "params": {"C": 149.7747369464162, "epsilon": 0.08925482030998379, "gamma": 0.0052223014864383015}, "datetime": {"datetime": "2021-09-28 12:20:33", "elapsed": 1402.312679, "delta": 11.731996}}
{"target": -43.30224110221744, "params": {"C": 137.16544556326548, "epsilon": 1.1689728977426561, "gamma": 0.11691389867459853}, "datetime": {"datetime": "2021-09-28 12:20:36", "elapsed": 1405.460817, "delta": 3.148138}}
{"target": -36.65044299961543, "params": {"C": 133.88584098846437, "epsilon": 1.601119544121016, "gamma": 0.0032215796347042085}, "datetime": {"datetime": "2021-09-28 12:20:45", "elapsed": 1414.765931, "delta": 9.305114}}
{"target": -37.086304048787426, "params": {"C": 50.372754669264125, "epsilon": 0.43784500156324546, "gamma": 0.006940263722790295}, "datetime": {"datetime": "2021-09-28 12:20:52", "elapsed": 1421.620975, "delta": 6.855044}}
{"target": -37.32346878310819, "params": {"C": 139.67628867393248, "epsilon": 0.4297944963483479, "gamma": 0.010476645534419016}, "datetime": {"datetime": "2021-09-28 12:20:59", "elapsed": 1428.127162, "delta": 6.506187}}
{"target": -44.3789382183339, "params": {"C": 131.59568713990308, "epsilon": 1.0887590055309346, "gamma": 0.13521877737074003}, "datetime": {"datetime": "2021-09-28 12:21:02", "elapsed": 1431.304686, "delta": 3.177524}}
{"target": -40.91261393217282, "params": {"C": 139.76853833236754, "epsilon": 0.35052522630942, "gamma": 0.07948648945565855}, "datetime": {"datetime": "2021-09-28 12:21:08", "elapsed": 1437.437062, "delta": 6.132376}}
{"target": -37.10692550384883, "params": {"C": 59.70305751156829, "epsilon": 2.417233223366464, "gamma": 0.00661583915363974}, "datetime": {"datetime": "2021-09-28 12:21:11", "elapsed": 1440.550441, "delta": 3.113379}}
{"target": -44.672604941406256, "params": {"C": 84.67680440363942, "epsilon": 0.5986158868386284, "gamma": 0.17339074565384288}, "datetime": {"datetime": "2021-09-28 12:21:14", "elapsed": 1443.844936, "delta": 3.294495}}
{"target": -36.71012521157434, "params": {"C": 133.91086589919863, "epsilon": 1.5080146696688315, "gamma": 0.003668190933275859}, "datetime": {"datetime": "2021-09-28 12:21:20", "elapsed": 1449.423931, "delta": 5.578995}}
{"target": -42.53326136694279, "params": {"C": 59.80473287538839, "epsilon": 2.394840676854155, "gamma": 0.12057793650321058}, "datetime": {"datetime": "2021-09-28 12:21:27", "elapsed": 1456.200566, "delta": 6.776635}}
{"target": -36.299648134226366, "params": {"C": 122.60640832126772, "epsilon": 0.5357579303916045, "gamma": 0.001}, "datetime": {"datetime": "2021-09-28 12:21:32", "elapsed": 1462.007753, "delta": 5.807187}}
{"target": -41.04250975139894, "params": {"C": 69.11686544542725, "epsilon": 2.4948631666192083, "gamma": 0.08704987588933642}, "datetime": {"datetime": "2021-09-28 12:21:35", "elapsed": 1464.918474, "delta": 2.910721}}
{"target": -36.78629168254043, "params": {"C": 117.74388149553135, "epsilon": 1.0922898822125449, "gamma": 0.004959884931839712}, "datetime": {"datetime": "2021-09-28 12:21:41", "elapsed": 1470.818718, "delta": 5.900244}}
{"target": -41.34495717166954, "params": {"C": 143.4273843137061, "epsilon": 1.7097579162897958, "gamma": 0.0868981092284826}, "datetime": {"datetime": "2021-09-28 12:21:48", "elapsed": 1477.401668, "delta": 6.58295}}
{"target": -36.326227673092404, "params": {"C": 50.21492565753365, "epsilon": 0.39107771831870114, "gamma": 0.0034381326602592075}, "datetime": {"datetime": "2021-09-28 12:21:56", "elapsed": 1485.615906, "delta": 8.214238}}
{"target": -38.38096557623295, "params": {"C": 122.49403722501918, "epsilon": 0.44897410393298587, "gamma": 0.020807495615706658}, "datetime": {"datetime": "2021-09-28 12:22:03", "elapsed": 1492.832191, "delta": 7.216285}}
{"target": -38.36607564512693, "params": {"C": 50.21381714495773, "epsilon": 0.3022891792546964, "gamma": 0.01909473065895602}, "datetime": {"datetime": "2021-09-28 12:22:10", "elapsed": 1499.822994, "delta": 6.990803}}
{"target": -39.30172152028355, "params": {"C": 122.5472701566896, "epsilon": 0.5831003043839581, "gamma": 0.047283167683459845}, "datetime": {"datetime": "2021-09-28 12:22:17", "elapsed": 1506.71301, "delta": 6.890016}}
{"target": -36.7045608861658, "params": {"C": 149.61588689299563, "epsilon": 0.017465449726608212, "gamma": 0.003663113871528124}, "datetime": {"datetime": "2021-09-28 12:22:30", "elapsed": 1519.325171, "delta": 12.612161}}
{"target": -41.30378732474363, "params": {"C": 122.58294252708113, "epsilon": 0.3900968363482301, "gamma": 0.08761523628272244}, "datetime": {"datetime": "2021-09-28 12:22:38", "elapsed": 1527.168225, "delta": 7.843054}}
{"target": -38.74292201921308, "params": {"C": 137.94526823538004, "epsilon": 1.0448536748417399, "gamma": 0.03416071261449475}, "datetime": {"datetime": "2021-09-28 12:22:41", "elapsed": 1530.775501, "delta": 3.607276}}
{"target": -36.69447916427672, "params": {"C": 149.6667014450935, "epsilon": 0.1766540512401068, "gamma": 0.0026142834740219218}, "datetime": {"datetime": "2021-09-28 12:22:50", "elapsed": 1539.746097, "delta": 8.970596}}
{"target": -39.486112858370376, "params": {"C": 93.37666861350291, "epsilon": 0.3162328630001147, "gamma": 0.05332499409258213}, "datetime": {"datetime": "2021-09-28 12:22:54", "elapsed": 1543.013558, "delta": 3.267461}}
{"target": -38.97395883841602, "params": {"C": 139.61416501235874, "epsilon": 0.36865282771022473, "gamma": 0.039363404650669065}, "datetime": {"datetime": "2021-09-28 12:23:03", "elapsed": 1552.852488, "delta": 9.83893}}
{"target": -39.79819240339946, "params": {"C": 139.63496558320801, "epsilon": 0.55881629174873, "gamma": 0.0541837870321973}, "datetime": {"datetime": "2021-09-28 12:23:10", "elapsed": 1559.133075, "delta": 6.280587}}
{"target": -42.92887094550635, "params": {"C": 133.51053438773792, "epsilon": 2.5869849531400413, "gamma": 0.11161756879430078}, "datetime": {"datetime": "2021-09-28 12:23:12", "elapsed": 1561.970315, "delta": 2.83724}}
{"target": -38.6012004065363, "params": {"C": 85.47447174591521, "epsilon": 0.40230515956138807, "gamma": 0.023090325296498213}, "datetime": {"datetime": "2021-09-28 12:23:19", "elapsed": 1568.716227, "delta": 6.745912}}
{"target": -37.32860407816263, "params": {"C": 149.80524643956159, "epsilon": 0.006534609264919606, "gamma": 0.011562064753575418}, "datetime": {"datetime": "2021-09-28 12:23:25", "elapsed": 1574.188901, "delta": 5.472674}}
{"target": -38.76252540056235, "params": {"C": 50.45019797604452, "epsilon": 0.5439725109523348, "gamma": 0.02399123803533244}, "datetime": {"datetime": "2021-09-28 12:23:31", "elapsed": 1580.571536, "delta": 6.382635}}
{"target": -38.899156348945176, "params": {"C": 83.188193115646, "epsilon": 0.8357631427113866, "gamma": 0.03699111940424085}, "datetime": {"datetime": "2021-09-28 12:23:34", "elapsed": 1583.204202, "delta": 2.632666}}
{"target": -41.551278755878386, "params": {"C": 116.72893780366762, "epsilon": 2.7405939064066773, "gamma": 0.09368509336928942}, "datetime": {"datetime": "2021-09-28 12:23:44", "elapsed": 1593.52389, "delta": 10.319688}}
{"target": -37.1004095188227, "params": {"C": 117.95603385596317, "epsilon": 1.3348428874277605, "gamma": 0.007287776683354637}, "datetime": {"datetime": "2021-09-28 12:23:50", "elapsed": 1599.801257, "delta": 6.277367}}
{"target": -40.84288568831279, "params": {"C": 149.6252052511858, "epsilon": 0.11393520487500011, "gamma": 0.07814679024390322}, "datetime": {"datetime": "2021-09-28 12:23:59", "elapsed": 1608.147845, "delta": 8.346588}}
{"target": -43.08296293704646, "params": {"C": 117.96279354695598, "epsilon": 1.4410214410131583, "gamma": 0.12047264863881428}, "datetime": {"datetime": "2021-09-28 12:24:09", "elapsed": 1618.181594, "delta": 10.033749}}
{"target": -36.74027574452794, "params": {"C": 145.439723187487, "epsilon": 2.883024869331886, "gamma": 0.003613939716350509}, "datetime": {"datetime": "2021-09-28 12:24:16", "elapsed": 1625.462443, "delta": 7.280849}}
{"target": -42.53397243835526, "params": {"C": 19.070464474446965, "epsilon": 0.18265196832980496, "gamma": 0.10987095331799523}, "datetime": {"datetime": "2021-09-28 12:24:19", "elapsed": 1628.079688, "delta": 2.617245}}
{"target": -38.89243717639883, "params": {"C": 113.5553872065768, "epsilon": 1.4983273788554539, "gamma": 0.03847014374681567}, "datetime": {"datetime": "2021-09-28 12:24:21", "elapsed": 1630.802602, "delta": 2.722914}}
{"target": -44.09294840918055, "params": {"C": 85.44821228605063, "epsilon": 0.2462620799771212, "gamma": 0.15867580578171409}, "datetime": {"datetime": "2021-09-28 12:24:27", "elapsed": 1636.377114, "delta": 5.574512}}
{"target": -39.034138860378995, "params": {"C": 143.59199233050046, "epsilon": 1.4730363844861727, "gamma": 0.04047871234374352}, "datetime": {"datetime": "2021-09-28 12:24:32", "elapsed": 1641.408376, "delta": 5.031262}}
{"target": -40.07224402746937, "params": {"C": 85.32151219662691, "epsilon": 0.5014752983258054, "gamma": 0.06805785682616149}, "datetime": {"datetime": "2021-09-28 12:24:39", "elapsed": 1648.060297, "delta": 6.651921}}
{"target": -38.764575161783846, "params": {"C": 50.274884320969434, "epsilon": 0.4641288176605148, "gamma": 0.001}, "datetime": {"datetime": "2021-09-28 12:24:48", "elapsed": 1657.386255, "delta": 9.325958}}
{"target": -42.814625388695184, "params": {"C": 61.848315993345594, "epsilon": 2.5756112744712376, "gamma": 0.1314138642932202}, "datetime": {"datetime": "2021-09-28 12:24:51", "elapsed": 1660.022098, "delta": 2.635843}}
