{"target": -42.97949718807648, "params": {"C": 361.99820682025745, "epsilon": 1.1151516846419618, "gamma": 0.005892841290764501}, "datetime": {"datetime": "2021-09-24 16:59:28", "elapsed": 80.609089, "delta": 0.724654}}
{"target": -42.746596745150065, "params": {"C": 361.4342085437066, "epsilon": 0.7903556186666931, "gamma": 0.006869934125580528}, "datetime": {"datetime": "2021-09-24 16:59:29", "elapsed": 81.644147, "delta": 1.035058}}
{"target": -43.5122070937643, "params": {"C": 327.68225790564617, "epsilon": 2.1559526571080347, "gamma": 0.0030798503444437342}, "datetime": {"datetime": "2021-09-24 16:59:30", "elapsed": 82.390148, "delta": 0.746001}}
{"target": -44.28910420566631, "params": {"C": 347.3746724410313, "epsilon": 2.4906731278415397, "gamma": 0.024565263561558706}, "datetime": {"datetime": "2021-09-24 16:59:31", "elapsed": 83.08995, "delta": 0.699802}}
{"target": -42.575347718797026, "params": {"C": 343.4050993778921, "epsilon": 0.7869031091285726, "gamma": 0.00883034436746833}, "datetime": {"datetime": "2021-09-24 16:59:32", "elapsed": 84.057779, "delta": 0.967829}}
{"target": -44.940381589128584, "params": {"C": 378.92592052778093, "epsilon": 1.4896745605691464, "gamma": 0.028131227737587656}, "datetime": {"datetime": "2021-09-24 16:59:33", "elapsed": 84.85193, "delta": 0.794151}}
{"target": -43.3368371367302, "params": {"C": 303.79005577371936, "epsilon": 2.437049071450818, "gamma": 0.0037804766966369092}, "datetime": {"datetime": "2021-09-24 16:59:33", "elapsed": 85.575507, "delta": 0.723577}}
{"target": -42.87753451751178, "params": {"C": 327.8109129884074, "epsilon": 1.1939254961799517, "gamma": 0.006521515883380222}, "datetime": {"datetime": "2021-09-24 16:59:34", "elapsed": 86.343097, "delta": 0.76759}}
{"target": -42.868219220619615, "params": {"C": 309.07595168652705, "epsilon": 2.470929611710089, "gamma": 0.006496878937124249}, "datetime": {"datetime": "2021-09-24 16:59:35", "elapsed": 86.971009, "delta": 0.627912}}
{"target": -43.174565955068545, "params": {"C": 350.3158764731605, "epsilon": 1.2684816947845905, "gamma": 0.005297326773575448}, "datetime": {"datetime": "2021-09-24 16:59:36", "elapsed": 88.092713, "delta": 1.121704}}
{"target": -43.145895930021815, "params": {"C": 349.84818329141456, "epsilon": 1.6855872049241658, "gamma": 0.0051597707458437125}, "datetime": {"datetime": "2021-09-24 16:59:37", "elapsed": 88.835714, "delta": 0.743001}}
{"target": -43.069893021107845, "params": {"C": 329.8783095336487, "epsilon": 2.925494349365629, "gamma": 0.013829458770177692}, "datetime": {"datetime": "2021-09-24 16:59:37", "elapsed": 89.631282, "delta": 0.795568}}
{"target": -42.99425636976941, "params": {"C": 305.2273724887863, "epsilon": 2.5547959131725047, "gamma": 0.013160276953158965}, "datetime": {"datetime": "2021-09-24 16:59:38", "elapsed": 90.477281, "delta": 0.845999}}
{"target": -44.0188112410318, "params": {"C": 333.0952353241423, "epsilon": 2.4350924414240827, "gamma": 0.020783763323772842}, "datetime": {"datetime": "2021-09-24 16:59:39", "elapsed": 91.463814, "delta": 0.986533}}
{"target": -43.947039502565296, "params": {"C": 377.00270649108154, "epsilon": 1.0993949530683962, "gamma": 0.017520260708010837}, "datetime": {"datetime": "2021-09-24 16:59:40", "elapsed": 92.481809, "delta": 1.017995}}
{"target": -42.705100123460525, "params": {"C": 394.5548025226054, "epsilon": 2.547416451314815, "gamma": 0.00636316156804441}, "datetime": {"datetime": "2021-09-24 16:59:41", "elapsed": 93.28981, "delta": 0.808001}}
{"target": -44.52251878950711, "params": {"C": 328.2467030703864, "epsilon": 1.6646640700446946, "gamma": 0.02840799121825622}, "datetime": {"datetime": "2021-09-24 16:59:42", "elapsed": 94.303812, "delta": 1.014002}}
{"target": -44.01579843177769, "params": {"C": 342.36578774037855, "epsilon": 3.3493232953895404, "gamma": 0.021322445171741044}, "datetime": {"datetime": "2021-09-24 16:59:43", "elapsed": 95.215854, "delta": 0.912042}}
{"target": -43.98502067244939, "params": {"C": 349.5219533620643, "epsilon": 1.217003804061761, "gamma": 0.019469530943918918}, "datetime": {"datetime": "2021-09-24 16:59:44", "elapsed": 96.102916, "delta": 0.887062}}
{"target": -43.799880339756676, "params": {"C": 388.9624628035617, "epsilon": 1.9369401450172055, "gamma": 0.001902972075295379}, "datetime": {"datetime": "2021-09-24 16:59:45", "elapsed": 97.105742, "delta": 1.002826}}
{"target": -44.130794887677446, "params": {"C": 318.8941969042444, "epsilon": 1.0770244356510448, "gamma": 0.022828920990945342}, "datetime": {"datetime": "2021-09-24 16:59:46", "elapsed": 97.943409, "delta": 0.837667}}
{"target": -43.48542497146858, "params": {"C": 324.3812784248744, "epsilon": 0.17823316273167983, "gamma": 0.002754071606924837}, "datetime": {"datetime": "2021-09-24 16:59:47", "elapsed": 98.806218, "delta": 0.862809}}
{"target": -43.18007678756174, "params": {"C": 345.19281373624676, "epsilon": 3.290010899817222, "gamma": 0.00434767744154953}, "datetime": {"datetime": "2021-09-24 16:59:47", "elapsed": 99.619008, "delta": 0.81279}}
{"target": -44.58554621160696, "params": {"C": 333.98303535722425, "epsilon": 2.968202653571986, "gamma": 0.02874474168099613}, "datetime": {"datetime": "2021-09-24 16:59:48", "elapsed": 100.487643, "delta": 0.868635}}
{"target": -43.44099695460006, "params": {"C": 310.1938311772349, "epsilon": 0.2218927764516369, "gamma": 0.017318230976379027}, "datetime": {"datetime": "2021-09-24 16:59:49", "elapsed": 101.332901, "delta": 0.845258}}
{"target": -44.73437692599898, "params": {"C": 370.37104860434084, "epsilon": 3.0070423253550747, "gamma": 0.027727701667106697}, "datetime": {"datetime": "2021-09-24 16:59:50", "elapsed": 102.204194, "delta": 0.871293}}
{"target": -42.86617216940954, "params": {"C": 388.9182206157052, "epsilon": 2.5064858331724325, "gamma": 0.010394757347369336}, "datetime": {"datetime": "2021-09-24 16:59:51", "elapsed": 103.381726, "delta": 1.177532}}
{"target": -43.00504267796699, "params": {"C": 379.59578775852964, "epsilon": 1.3334208535422136, "gamma": 0.012008060453135138}, "datetime": {"datetime": "2021-09-24 16:59:52", "elapsed": 104.244403, "delta": 0.862677}}
{"target": -44.59933906488085, "params": {"C": 371.8208608292175, "epsilon": 0.6481635961557196, "gamma": 0.025295799000515155}, "datetime": {"datetime": "2021-09-24 16:59:53", "elapsed": 105.1541, "delta": 0.909697}}
{"target": -43.47044608802711, "params": {"C": 312.3856962854622, "epsilon": 1.6259280656860362, "gamma": 0.016769211142582646}, "datetime": {"datetime": "2021-09-24 16:59:54", "elapsed": 106.004306, "delta": 0.850206}}
{"target": -42.784976762646544, "params": {"C": 344.35028739798344, "epsilon": 2.9783369533185042, "gamma": 0.010473331048999912}, "datetime": {"datetime": "2021-09-24 16:59:55", "elapsed": 107.122438, "delta": 1.118132}}
{"target": -43.837313644859705, "params": {"C": 338.15544872503267, "epsilon": 2.2681583772847382, "gamma": 0.01781048659139214}, "datetime": {"datetime": "2021-09-24 16:59:56", "elapsed": 108.079612, "delta": 0.957174}}
{"target": -42.705644578616464, "params": {"C": 318.6021995270533, "epsilon": 3.7256849230512277, "gamma": 0.008103275663102118}, "datetime": {"datetime": "2021-09-24 16:59:57", "elapsed": 109.109018, "delta": 1.029406}}
{"target": -43.01761015273102, "params": {"C": 306.39559115939363, "epsilon": 3.067476661192071, "gamma": 0.013808542717587103}, "datetime": {"datetime": "2021-09-24 16:59:58", "elapsed": 110.493605, "delta": 1.384587}}
{"target": -44.61212104504844, "params": {"C": 357.75134124985306, "epsilon": 1.5652381825496267, "gamma": 0.027380367315763116}, "datetime": {"datetime": "2021-09-24 16:59:59", "elapsed": 111.430194, "delta": 0.936589}}
{"target": -42.88299473440787, "params": {"C": 391.2836354669144, "epsilon": 0.8074034933608938, "gamma": 0.011154601510775224}, "datetime": {"datetime": "2021-09-24 17:00:00", "elapsed": 112.485738, "delta": 1.055544}}
{"target": -42.955799282336564, "params": {"C": 320.3674274529819, "epsilon": 3.126425858918573, "gamma": 0.00578173367007704}, "datetime": {"datetime": "2021-09-24 17:00:01", "elapsed": 113.629975, "delta": 1.144237}}
{"target": -43.80660770477478, "params": {"C": 355.56627860016766, "epsilon": 1.7643213174358665, "gamma": 0.01700586087397295}, "datetime": {"datetime": "2021-09-24 17:00:02", "elapsed": 114.549369, "delta": 0.919394}}
{"target": -44.51424578729319, "params": {"C": 335.71992189140406, "epsilon": 1.1162771107748197, "gamma": 0.027443034736200862}, "datetime": {"datetime": "2021-09-24 17:00:03", "elapsed": 115.585573, "delta": 1.036204}}
{"target": -42.75436235648434, "params": {"C": 340.9991123758425, "epsilon": 0.7079601614455596, "gamma": 0.011270058386248418}, "datetime": {"datetime": "2021-09-24 17:00:05", "elapsed": 116.671543, "delta": 1.08597}}
{"target": -42.657183795584984, "params": {"C": 353.86321401803036, "epsilon": 0.14625162312540219, "gamma": 0.00760385281162214}, "datetime": {"datetime": "2021-09-24 17:00:06", "elapsed": 118.021717, "delta": 1.350174}}
{"target": -44.453646189860855, "params": {"C": 349.1755516139726, "epsilon": 1.3134223558594385, "gamma": 0.025509603201874908}, "datetime": {"datetime": "2021-09-24 17:00:07", "elapsed": 118.861342, "delta": 0.839625}}
{"target": -43.194576119073474, "params": {"C": 385.77845106962525, "epsilon": 2.1720653157515364, "gamma": 0.013360765553034067}, "datetime": {"datetime": "2021-09-24 17:00:08", "elapsed": 119.962339, "delta": 1.100997}}
{"target": -43.624226504653684, "params": {"C": 399.8477242653002, "epsilon": 3.2052279579241274, "gamma": 0.003070720013163732}, "datetime": {"datetime": "2021-09-24 17:00:10", "elapsed": 121.721098, "delta": 1.758759}}
{"target": -43.59719288825703, "params": {"C": 359.815396932245, "epsilon": 2.0856274800155443, "gamma": 0.015675288497819875}, "datetime": {"datetime": "2021-09-24 17:00:11", "elapsed": 122.855356, "delta": 1.134258}}
{"target": -42.52781100086731, "params": {"C": 331.2502595628738, "epsilon": 0.27188087475825073, "gamma": 0.009095097477626216}, "datetime": {"datetime": "2021-09-24 17:00:12", "elapsed": 123.689069, "delta": 0.833713}}
{"target": -44.12249186106005, "params": {"C": 359.4769651078005, "epsilon": 3.4273781431159174, "gamma": 0.02248524714302713}, "datetime": {"datetime": "2021-09-24 17:00:13", "elapsed": 124.689238, "delta": 1.000169}}
{"target": -44.03563117241974, "params": {"C": 347.63385749190445, "epsilon": 2.253590982784816, "gamma": 0.020496711301697296}, "datetime": {"datetime": "2021-09-24 17:00:13", "elapsed": 125.603908, "delta": 0.91467}}
{"target": -43.53371555838426, "params": {"C": 325.84003387788783, "epsilon": 0.9448663568842227, "gamma": 0.016873564011729812}, "datetime": {"datetime": "2021-09-24 17:00:15", "elapsed": 126.720306, "delta": 1.116398}}
{"target": -44.63978024858691, "params": {"C": 369.4864225679757, "epsilon": 1.1003126860575656, "gamma": 0.02660906111741342}, "datetime": {"datetime": "2021-09-24 17:00:16", "elapsed": 127.661523, "delta": 0.941217}}
{"target": -42.94673781906956, "params": {"C": 337.53582389016776, "epsilon": 0.749771484500691, "gamma": 0.0133660371752094}, "datetime": {"datetime": "2021-09-24 17:00:17", "elapsed": 128.990918, "delta": 1.329395}}
{"target": -44.486689453563805, "params": {"C": 329.10416013851966, "epsilon": 1.2236835471890388, "gamma": 0.027670690254927816}, "datetime": {"datetime": "2021-09-24 17:00:18", "elapsed": 129.963336, "delta": 0.972418}}
{"target": -42.62048314832352, "params": {"C": 378.9196233018055, "epsilon": 0.7008403946647324, "gamma": 0.008686591363219818}, "datetime": {"datetime": "2021-09-24 17:00:19", "elapsed": 130.853463, "delta": 0.890127}}
{"target": -44.10128169540664, "params": {"C": 307.8268125855114, "epsilon": 1.6655142023987315, "gamma": 0.023324905487059493}, "datetime": {"datetime": "2021-09-24 17:00:20", "elapsed": 131.950449, "delta": 1.096986}}
{"target": -42.58387541105395, "params": {"C": 343.37129926762066, "epsilon": 0.3539979774739891, "gamma": 0.008566951753857844}, "datetime": {"datetime": "2021-09-24 17:00:21", "elapsed": 132.991063, "delta": 1.040614}}
{"target": -42.84094356711015, "params": {"C": 398.37181314976954, "epsilon": 1.3914594100460136, "gamma": 0.010464582089504728}, "datetime": {"datetime": "2021-09-24 17:00:22", "elapsed": 134.621261, "delta": 1.630198}}
{"target": -44.042686659592185, "params": {"C": 392.8708935016084, "epsilon": 0.5479873383522852, "gamma": 0.0013523901200424623}, "datetime": {"datetime": "2021-09-24 17:00:24", "elapsed": 135.70889, "delta": 1.087629}}
{"target": -43.02001096303518, "params": {"C": 366.9099645412574, "epsilon": 2.1448962041688984, "gamma": 0.012028562099749196}, "datetime": {"datetime": "2021-09-24 17:00:25", "elapsed": 137.160051, "delta": 1.451161}}
{"target": -42.67741942382122, "params": {"C": 392.533021452167, "epsilon": 0.7806485169910969, "gamma": 0.009212572085199901}, "datetime": {"datetime": "2021-09-24 17:00:26", "elapsed": 138.322251, "delta": 1.1622}}
{"target": -43.410478362194716, "params": {"C": 307.05605773453516, "epsilon": 1.6762332461974627, "gamma": 0.016686219538866752}, "datetime": {"datetime": "2021-09-24 17:00:27", "elapsed": 139.4728, "delta": 1.150549}}
{"target": -42.91041029314375, "params": {"C": 355.3647274720405, "epsilon": 0.5941590069734829, "gamma": 0.012596969972835914}, "datetime": {"datetime": "2021-09-24 17:00:29", "elapsed": 140.7938, "delta": 1.321}}
{"target": -42.78153908839875, "params": {"C": 394.76043945818355, "epsilon": 3.2701797020744765, "gamma": 0.007270517291756304}, "datetime": {"datetime": "2021-09-24 17:00:30", "elapsed": 142.268306, "delta": 1.474506}}
{"target": -43.15289710274445, "params": {"C": 315.46202004434986, "epsilon": 3.393606559172596, "gamma": 0.014462963790831514}, "datetime": {"datetime": "2021-09-24 17:00:31", "elapsed": 143.315185, "delta": 1.046879}}
{"target": -43.137197454863255, "params": {"C": 377.8248402593043, "epsilon": 1.8473867822701662, "gamma": 0.0049161651562980024}, "datetime": {"datetime": "2021-09-24 17:00:32", "elapsed": 144.497259, "delta": 1.182074}}
{"target": -44.474382326505385, "params": {"C": 325.48258755838754, "epsilon": 2.3359607054832594, "gamma": 0.028387270854549878}, "datetime": {"datetime": "2021-09-24 17:00:33", "elapsed": 145.543269, "delta": 1.04601}}
{"target": -43.01307572523353, "params": {"C": 389.10694837993356, "epsilon": 0.5344317552906913, "gamma": 0.012818170773620647}, "datetime": {"datetime": "2021-09-24 17:00:35", "elapsed": 146.859093, "delta": 1.315824}}
{"target": -42.9621558745019, "params": {"C": 359.94898837644666, "epsilon": 2.650246684920823, "gamma": 0.005525547654918436}, "datetime": {"datetime": "2021-09-24 17:00:36", "elapsed": 147.914369, "delta": 1.055276}}
{"target": -44.503565166040104, "params": {"C": 345.114757197381, "epsilon": 0.4648697454289369, "gamma": 0.025351913277460378}, "datetime": {"datetime": "2021-09-24 17:00:38", "elapsed": 150.390159, "delta": 2.47579}}
{"target": -43.64322670557356, "params": {"C": 325.66201953597397, "epsilon": 0.15413890238595765, "gamma": 0.017689720249741137}, "datetime": {"datetime": "2021-09-24 17:00:39", "elapsed": 151.601466, "delta": 1.211307}}
{"target": -42.76353296969773, "params": {"C": 388.7657154376467, "epsilon": 2.888433132323071, "gamma": 0.007195109117827752}, "datetime": {"datetime": "2021-09-24 17:00:41", "elapsed": 153.129634, "delta": 1.528168}}
{"target": -44.87109115168893, "params": {"C": 356.9078415530519, "epsilon": 3.5389105430343, "gamma": 0.029392052893881696}, "datetime": {"datetime": "2021-09-24 17:00:42", "elapsed": 154.463086, "delta": 1.333452}}
{"target": -42.74569217062318, "params": {"C": 368.1933179289727, "epsilon": 1.7342058475949262, "gamma": 0.006555796623817385}, "datetime": {"datetime": "2021-09-24 17:00:43", "elapsed": 155.452612, "delta": 0.989526}}
{"target": -44.34146326139983, "params": {"C": 393.8882142210936, "epsilon": 1.7524298738885629, "gamma": 0.02225272033209373}, "datetime": {"datetime": "2021-09-24 17:00:44", "elapsed": 156.516677, "delta": 1.064065}}
{"target": -43.86435396794731, "params": {"C": 361.3118276804775, "epsilon": 1.9764232762391578, "gamma": 0.017184258638422156}, "datetime": {"datetime": "2021-09-24 17:00:46", "elapsed": 157.697862, "delta": 1.181185}}
{"target": -43.40832399318486, "params": {"C": 340.32723686305076, "epsilon": 2.8998019013220837, "gamma": 0.015345101236180847}, "datetime": {"datetime": "2021-09-24 17:00:47", "elapsed": 159.348044, "delta": 1.650182}}
{"target": -43.575573700692516, "params": {"C": 362.5942424933215, "epsilon": 0.34848025433260765, "gamma": 0.0025200730396889902}, "datetime": {"datetime": "2021-09-24 17:00:48", "elapsed": 160.48691, "delta": 1.138866}}
{"target": -43.89073850987195, "params": {"C": 303.17490574036117, "epsilon": 3.044379045753746, "gamma": 0.020721600987199756}, "datetime": {"datetime": "2021-09-24 17:00:49", "elapsed": 161.413604, "delta": 0.926694}}
{"target": -43.81667201565205, "params": {"C": 336.4973735488433, "epsilon": 2.4972405362611756, "gamma": 0.017813990604546998}, "datetime": {"datetime": "2021-09-24 17:00:51", "elapsed": 162.74398, "delta": 1.330376}}
{"target": -42.741595884247914, "params": {"C": 306.3451191075485, "epsilon": 3.75701146588623, "gamma": 0.006994168154529624}, "datetime": {"datetime": "2021-09-24 17:00:51", "elapsed": 163.640728, "delta": 0.896748}}
{"target": -42.988648679874046, "params": {"C": 356.49303912782545, "epsilon": 1.6748891738800877, "gamma": 0.012221568940203022}, "datetime": {"datetime": "2021-09-24 17:00:53", "elapsed": 165.355359, "delta": 1.714631}}
{"target": -42.99640775869348, "params": {"C": 334.7276659725186, "epsilon": 2.660248626651947, "gamma": 0.01218001608769746}, "datetime": {"datetime": "2021-09-24 17:00:54", "elapsed": 166.633744, "delta": 1.278385}}
{"target": -42.98114693988808, "params": {"C": 338.2922883083677, "epsilon": 3.745499256759503, "gamma": 0.011242740239429868}, "datetime": {"datetime": "2021-09-24 17:00:56", "elapsed": 167.93792, "delta": 1.304176}}
{"target": -45.16064520292586, "params": {"C": 365.2971650483227, "epsilon": 1.0656726935416658, "gamma": 0.029835425029738}, "datetime": {"datetime": "2021-09-24 17:00:57", "elapsed": 169.578193, "delta": 1.640273}}
{"target": -43.8565990443054, "params": {"C": 356.1699245380232, "epsilon": 2.5424400419833693, "gamma": 0.017336722469172}, "datetime": {"datetime": "2021-09-24 17:00:59", "elapsed": 170.705402, "delta": 1.127209}}
{"target": -43.618199566553194, "params": {"C": 393.45248363788664, "epsilon": 1.3582163459418817, "gamma": 0.00243487241496021}, "datetime": {"datetime": "2021-09-24 17:01:00", "elapsed": 172.346777, "delta": 1.641375}}
{"target": -43.36076668972204, "params": {"C": 303.05379271113816, "epsilon": 0.8528142097483358, "gamma": 0.01691369541182808}, "datetime": {"datetime": "2021-09-24 17:01:01", "elapsed": 173.633351, "delta": 1.286574}}
{"target": -44.19509186514566, "params": {"C": 380.2630382443868, "epsilon": 3.1673941123523086, "gamma": 0.022031822870647116}, "datetime": {"datetime": "2021-09-24 17:01:03", "elapsed": 174.839823, "delta": 1.206472}}
{"target": -42.92846422774592, "params": {"C": 344.7693071563275, "epsilon": 2.4797924216555263, "gamma": 0.011526361913303865}, "datetime": {"datetime": "2021-09-24 17:01:04", "elapsed": 176.315326, "delta": 1.475503}}
{"target": -42.71494924660553, "params": {"C": 337.20318993100074, "epsilon": 3.027033758817198, "gamma": 0.0068198166848570775}, "datetime": {"datetime": "2021-09-24 17:01:06", "elapsed": 177.7663, "delta": 1.450974}}
{"target": -43.78265076658754, "params": {"C": 349.70484561231996, "epsilon": 0.449700808023481, "gamma": 0.01746274655784166}, "datetime": {"datetime": "2021-09-24 17:01:07", "elapsed": 179.37958, "delta": 1.61328}}
{"target": -43.529955607737094, "params": {"C": 346.25280000353183, "epsilon": 1.123129670602476, "gamma": 0.002493055739774807}, "datetime": {"datetime": "2021-09-24 17:01:08", "elapsed": 180.464917, "delta": 1.085337}}
{"target": -42.65237110477338, "params": {"C": 343.24927349838373, "epsilon": 2.2883336416117146, "gamma": 0.008799214177786856}, "datetime": {"datetime": "2021-09-24 17:01:10", "elapsed": 182.158239, "delta": 1.693322}}
{"target": -42.71298489394726, "params": {"C": 327.37655805079874, "epsilon": 0.036502233860876074, "gamma": 0.007277426699658642}, "datetime": {"datetime": "2021-09-24 17:01:11", "elapsed": 183.327473, "delta": 1.169234}}
{"target": -44.26030350963132, "params": {"C": 358.19599153882024, "epsilon": 2.99140545523115, "gamma": 0.024344442690639533}, "datetime": {"datetime": "2021-09-24 17:01:12", "elapsed": 184.516476, "delta": 1.189003}}
{"target": -43.14544973180501, "params": {"C": 320.4307664325067, "epsilon": 0.9673037246326225, "gamma": 0.015295555357048293}, "datetime": {"datetime": "2021-09-24 17:01:14", "elapsed": 185.718476, "delta": 1.202}}
{"target": -43.16068847060411, "params": {"C": 311.96619964292057, "epsilon": 1.2938977977930208, "gamma": 0.004652230706343096}, "datetime": {"datetime": "2021-09-24 17:01:15", "elapsed": 187.367758, "delta": 1.649282}}
{"target": -44.1201307696589, "params": {"C": 347.270412969337, "epsilon": 1.5861076324142633, "gamma": 0.021740953867926353}, "datetime": {"datetime": "2021-09-24 17:01:17", "elapsed": 188.802227, "delta": 1.434469}}
{"target": -42.707487867514516, "params": {"C": 360.2263947820659, "epsilon": 0.13830956230464647, "gamma": 0.010743536289022545}, "datetime": {"datetime": "2021-09-24 17:01:18", "elapsed": 190.38462, "delta": 1.582393}}
{"target": -45.088369342480746, "params": {"C": 385.7279950664117, "epsilon": 1.0649399477708048, "gamma": 0.028425665960236497}, "datetime": {"datetime": "2021-09-24 17:01:20", "elapsed": 191.898627, "delta": 1.514007}}
{"target": -42.779751114607976, "params": {"C": 373.53501712515646, "epsilon": 3.24681888273134, "gamma": 0.006055411708877659}, "datetime": {"datetime": "2021-09-24 17:01:21", "elapsed": 193.62162, "delta": 1.722993}}
