{"target": 0.3303804994626366, "params": {"C": 93.27869886280975, "epsilon": 0.018773807290189917, "gamma": 0.1225848383894496}, "datetime": {"datetime": "2021-09-24 09:10:26", "elapsed": 29.213794, "delta": 0.407615}}
{"target": 0.3363399752062013, "params": {"C": 85.74725773118553, "epsilon": 0.0983038463908096, "gamma": 0.12220236022109793}, "datetime": {"datetime": "2021-09-24 09:10:27", "elapsed": 29.686367, "delta": 0.472573}}
{"target": 0.4123330235753706, "params": {"C": 34.18539350975827, "epsilon": 0.9927365724878146, "gamma": 0.08439479076992261}, "datetime": {"datetime": "2021-09-24 09:10:27", "elapsed": 30.164776, "delta": 0.478409}}
{"target": 0.4346347563857954, "params": {"C": 33.62463088783449, "epsilon": 0.001, "gamma": 0.03}, "datetime": {"datetime": "2021-09-24 09:10:28", "elapsed": 30.806549, "delta": 0.641773}}
{"target": 0.38771365261795754, "params": {"C": 7.9267901979608295, "epsilon": 0.28862487351193356, "gamma": 0.1225929147313828}, "datetime": {"datetime": "2021-09-24 09:10:28", "elapsed": 31.136255, "delta": 0.329706}}
{"target": 0.4371872191664721, "params": {"C": 7.56695815039763, "epsilon": 0.5230309623343721, "gamma": 0.04715406111311732}, "datetime": {"datetime": "2021-09-24 09:10:29", "elapsed": 31.798291, "delta": 0.662036}}
{"target": 0.4349969265928061, "params": {"C": 7.913633806758892, "epsilon": 0.5323973034156168, "gamma": 0.031117243309138}, "datetime": {"datetime": "2021-09-24 09:10:29", "elapsed": 32.443629, "delta": 0.645338}}
{"target": 0.3940916477162979, "params": {"C": 22.18468479212379, "epsilon": 0.7791029471691204, "gamma": 0.15}, "datetime": {"datetime": "2021-09-24 09:10:30", "elapsed": 32.913759, "delta": 0.47013}}
{"target": 0.4092612617795317, "params": {"C": 6.147956868120733, "epsilon": 0.41466101657657006, "gamma": 0.08065886941672677}, "datetime": {"datetime": "2021-09-24 09:10:30", "elapsed": 33.252961, "delta": 0.339202}}
{"target": 0.42076792738126867, "params": {"C": 5.899169201781226, "epsilon": 0.2646595018922879, "gamma": 0.04393755311829827}, "datetime": {"datetime": "2021-09-24 09:10:31", "elapsed": 33.876395, "delta": 0.623434}}
{"target": 0.4357300216009261, "params": {"C": 7.567548021147016, "epsilon": 0.5075383576145788, "gamma": 0.054593628891796975}, "datetime": {"datetime": "2021-09-24 09:10:31", "elapsed": 34.282555, "delta": 0.40616}}
{"target": 0.44296680708753733, "params": {"C": 21.525738174834007, "epsilon": 1.0, "gamma": 0.03}, "datetime": {"datetime": "2021-09-24 09:10:32", "elapsed": 34.992558, "delta": 0.710003}}
{"target": 0.4388645743112227, "params": {"C": 18.913731075213782, "epsilon": 0.7457491613411141, "gamma": 0.05597410480839719}, "datetime": {"datetime": "2021-09-24 09:10:33", "elapsed": 35.673555, "delta": 0.680997}}
{"target": 0.41688876421195087, "params": {"C": 34.07565326752057, "epsilon": 0.6171384728014683, "gamma": 0.07741613864186686}, "datetime": {"datetime": "2021-09-24 09:10:33", "elapsed": 36.003308, "delta": 0.329753}}
{"target": 0.43474371550091695, "params": {"C": 30.406435679731658, "epsilon": 0.27314645916284813, "gamma": 0.04548466741534006}, "datetime": {"datetime": "2021-09-24 09:10:33", "elapsed": 36.336693, "delta": 0.333385}}
{"target": 0.43504031531661114, "params": {"C": 30.120465283820774, "epsilon": 0.0032439286599473954, "gamma": 0.049275402642679225}, "datetime": {"datetime": "2021-09-24 09:10:34", "elapsed": 36.984035, "delta": 0.647342}}
{"target": 0.4302165867159624, "params": {"C": 17.585480923839352, "epsilon": 0.4888206007848867, "gamma": 0.07969193986264123}, "datetime": {"datetime": "2021-09-24 09:10:34", "elapsed": 37.318675, "delta": 0.33464}}
{"target": 0.41650476866623054, "params": {"C": 18.366098959602734, "epsilon": 0.7224876160664565, "gamma": 0.10737614886451852}, "datetime": {"datetime": "2021-09-24 09:10:35", "elapsed": 37.828924, "delta": 0.510249}}
{"target": 0.4019747958144617, "params": {"C": 21.29679832383262, "epsilon": 0.21693438355795583, "gamma": 0.13057458221696217}, "datetime": {"datetime": "2021-09-24 09:10:35", "elapsed": 38.175517, "delta": 0.346593}}
{"target": 0.3944981290122809, "params": {"C": 16.625013387373123, "epsilon": 0.7766592312885894, "gamma": 0.14952404070743625}, "datetime": {"datetime": "2021-09-24 09:10:36", "elapsed": 38.700161, "delta": 0.524644}}
{"target": 0.416436982295437, "params": {"C": 30.787608534031033, "epsilon": 0.9385592379976644, "gamma": 0.08227734249708693}, "datetime": {"datetime": "2021-09-24 09:10:36", "elapsed": 39.325734, "delta": 0.625573}}
{"target": 0.39865022983475296, "params": {"C": 19.075397714001053, "epsilon": 0.32221168382495036, "gamma": 0.14096703119186307}, "datetime": {"datetime": "2021-09-24 09:10:37", "elapsed": 40.072059, "delta": 0.746325}}
{"target": 0.44446431194889646, "params": {"C": 20.97868372695258, "epsilon": 0.706972818569118, "gamma": 0.03}, "datetime": {"datetime": "2021-09-24 09:10:38", "elapsed": 40.983354, "delta": 0.911295}}
{"target": 0.4077887155358798, "params": {"C": 29.92979815463465, "epsilon": 0.42037140349573104, "gamma": 0.09832783460588813}, "datetime": {"datetime": "2021-09-24 09:10:39", "elapsed": 41.761974, "delta": 0.77862}}
{"target": 0.39464944680098724, "params": {"C": 21.340069143671066, "epsilon": 0.7264572325235888, "gamma": 0.15}, "datetime": {"datetime": "2021-09-24 09:10:40", "elapsed": 42.690973, "delta": 0.928999}}
{"target": 0.39740160907711286, "params": {"C": 20.822646543065, "epsilon": 0.9613136848091097, "gamma": 0.14470764287195284}, "datetime": {"datetime": "2021-09-24 09:10:40", "elapsed": 43.473489, "delta": 0.782516}}
{"target": 0.4359324035788027, "params": {"C": 20.688311874968633, "epsilon": 0.44123975400958637, "gamma": 0.06543702256054466}, "datetime": {"datetime": "2021-09-24 09:10:41", "elapsed": 44.114684, "delta": 0.641195}}
{"target": 0.423554450677916, "params": {"C": 8.85725372174688, "epsilon": 0.3663471424330514, "gamma": 0.0915259456930601}, "datetime": {"datetime": "2021-09-24 09:10:42", "elapsed": 44.83841, "delta": 0.723726}}
{"target": 0.42922887497143225, "params": {"C": 7.204442925149324, "epsilon": 0.803068024978313, "gamma": 0.03}, "datetime": {"datetime": "2021-09-24 09:10:42", "elapsed": 45.476312, "delta": 0.637902}}
{"target": 0.4270051276380047, "params": {"C": 41.89899879773096, "epsilon": 0.4656073257231343, "gamma": 0.052728542788623475}, "datetime": {"datetime": "2021-09-24 09:10:43", "elapsed": 46.150933, "delta": 0.674621}}
{"target": 0.44031852590200504, "params": {"C": 12.85928129532323, "epsilon": 0.0069529245443901, "gamma": 0.053155711056636815}, "datetime": {"datetime": "2021-09-24 09:10:44", "elapsed": 46.781071, "delta": 0.630138}}
{"target": 0.4316011283313904, "params": {"C": 15.921557404275232, "epsilon": 0.9406111724611952, "gamma": 0.07315079701738428}, "datetime": {"datetime": "2021-09-24 09:10:45", "elapsed": 47.798019, "delta": 1.016948}}
{"target": 0.4436269892567425, "params": {"C": 22.40116153314589, "epsilon": 0.09420844969823428, "gamma": 0.03}, "datetime": {"datetime": "2021-09-24 09:10:45", "elapsed": 48.417343, "delta": 0.619324}}
{"target": 0.4352613649777608, "params": {"C": 18.652539998804475, "epsilon": 0.07593366553533883, "gamma": 0.06988855272001743}, "datetime": {"datetime": "2021-09-24 09:10:46", "elapsed": 49.190824, "delta": 0.773481}}
{"target": 0.44108434073775515, "params": {"C": 12.516462886117422, "epsilon": 0.4452953947529108, "gamma": 0.04506541127979588}, "datetime": {"datetime": "2021-09-24 09:10:47", "elapsed": 49.936065, "delta": 0.745241}}
{"target": 0.4204017949792095, "params": {"C": 12.202948803421885, "epsilon": 0.2043870689247064, "gamma": 0.1035024924246115}, "datetime": {"datetime": "2021-09-24 09:10:48", "elapsed": 50.569839, "delta": 0.633774}}
{"target": 0.31845150404713496, "params": {"C": 96.98472599220126, "epsilon": 0.8789758045474181, "gamma": 0.13822041984131356}, "datetime": {"datetime": "2021-09-24 09:10:48", "elapsed": 50.981163, "delta": 0.411324}}
{"target": 0.44118455124994826, "params": {"C": 22.125455802239124, "epsilon": 0.22612719413042948, "gamma": 0.033760510094931626}, "datetime": {"datetime": "2021-09-24 09:10:49", "elapsed": 51.587734, "delta": 0.606571}}
{"target": 0.36611777141275914, "params": {"C": 67.71938287639288, "epsilon": 0.4752176883096063, "gamma": 0.10397250010989671}, "datetime": {"datetime": "2021-09-24 09:10:49", "elapsed": 52.015369, "delta": 0.427635}}
{"target": 0.4068994327843949, "params": {"C": 86.70973940438364, "epsilon": 0.2314704697730592, "gamma": 0.057083037140660445}, "datetime": {"datetime": "2021-09-24 09:10:49", "elapsed": 52.438352, "delta": 0.422983}}
{"target": 0.4195736283098874, "params": {"C": 5.933478655039007, "epsilon": 0.6658418755913408, "gamma": 0.03226477734058722}, "datetime": {"datetime": "2021-09-24 09:10:50", "elapsed": 53.046669, "delta": 0.608317}}
{"target": 0.37526164839800047, "params": {"C": 8.75411662201107, "epsilon": 0.9459890505714184, "gamma": 0.14564816656926174}, "datetime": {"datetime": "2021-09-24 09:10:51", "elapsed": 53.650374, "delta": 0.603705}}
{"target": 0.3966980821978313, "params": {"C": 17.102225777383488, "epsilon": 0.6007518803654364, "gamma": 0.14550579636446642}, "datetime": {"datetime": "2021-09-24 09:10:51", "elapsed": 54.278862, "delta": 0.628488}}
{"target": 0.4337833359095832, "params": {"C": 31.177972518350586, "epsilon": 0.5983880150034009, "gamma": 0.03}, "datetime": {"datetime": "2021-09-24 09:10:52", "elapsed": 54.924591, "delta": 0.645729}}
{"target": 0.3931090848426825, "params": {"C": 29.34217100385612, "epsilon": 0.1941860318874647, "gamma": 0.1300306573767862}, "datetime": {"datetime": "2021-09-24 09:10:53", "elapsed": 55.659449, "delta": 0.734858}}
{"target": 0.43029764123993897, "params": {"C": 50.07948238578998, "epsilon": 0.6107414456890596, "gamma": 0.03}, "datetime": {"datetime": "2021-09-24 09:10:53", "elapsed": 56.310822, "delta": 0.651373}}
{"target": 0.441035812030783, "params": {"C": 22.113168952930465, "epsilon": 0.23329961872703478, "gamma": 0.04134359587102435}, "datetime": {"datetime": "2021-09-24 09:10:54", "elapsed": 56.711504, "delta": 0.400682}}
{"target": 0.4304806390581978, "params": {"C": 28.60072843137462, "epsilon": 0.01204280360374825, "gamma": 0.06307108434415817}, "datetime": {"datetime": "2021-09-24 09:10:54", "elapsed": 57.406681, "delta": 0.695177}}
{"target": 0.42801354346434384, "params": {"C": 12.516171519416808, "epsilon": 0.8397096852083265, "gamma": 0.0855843038746793}, "datetime": {"datetime": "2021-09-24 09:10:55", "elapsed": 58.047667, "delta": 0.640986}}
{"target": 0.43001772196050936, "params": {"C": 28.49166221190873, "epsilon": 0.5363095297161856, "gamma": 0.06283342125449076}, "datetime": {"datetime": "2021-09-24 09:10:56", "elapsed": 58.907186, "delta": 0.859519}}
{"target": 0.3946901753527533, "params": {"C": 24.894803562096172, "epsilon": 0.4394714908620008, "gamma": 0.142114149296849}, "datetime": {"datetime": "2021-09-24 09:10:56", "elapsed": 59.35861, "delta": 0.451424}}
{"target": 0.4350421200220982, "params": {"C": 31.61714253081842, "epsilon": 0.6666122414423441, "gamma": 0.033595817799916876}, "datetime": {"datetime": "2021-09-24 09:10:57", "elapsed": 60.091151, "delta": 0.732541}}
{"target": 0.4344275806038521, "params": {"C": 33.43783662965953, "epsilon": 0.38280420002793664, "gamma": 0.04615467159614132}, "datetime": {"datetime": "2021-09-24 09:10:58", "elapsed": 60.735405, "delta": 0.644254}}
{"target": 0.4049752542337721, "params": {"C": 33.087983529652895, "epsilon": 0.07971973735682164, "gamma": 0.09723663580718793}, "datetime": {"datetime": "2021-09-24 09:10:58", "elapsed": 61.326121, "delta": 0.590716}}
{"target": 0.40605215381254, "params": {"C": 93.64232207994516, "epsilon": 0.41804510992292987, "gamma": 0.054492340412729344}, "datetime": {"datetime": "2021-09-24 09:10:59", "elapsed": 61.766528, "delta": 0.440407}}
{"target": 0.400451865945778, "params": {"C": 50.30400140991924, "epsilon": 0.9980521353972053, "gamma": 0.08461496523448972}, "datetime": {"datetime": "2021-09-24 09:11:00", "elapsed": 62.641011, "delta": 0.874483}}
{"target": 0.3795581151257216, "params": {"C": 33.80352901720178, "epsilon": 0.2788461665120638, "gamma": 0.15}, "datetime": {"datetime": "2021-09-24 09:11:00", "elapsed": 63.271055, "delta": 0.630044}}
{"target": 0.404616167873713, "params": {"C": 9.040872751939997, "epsilon": 0.006883513494571175, "gamma": 0.11710740332307358}, "datetime": {"datetime": "2021-09-24 09:11:01", "elapsed": 64.03904, "delta": 0.767985}}
{"target": 0.4230180485468279, "params": {"C": 58.63258990176594, "epsilon": 0.24906813018998195, "gamma": 0.04375883004541889}, "datetime": {"datetime": "2021-09-24 09:11:02", "elapsed": 64.585811, "delta": 0.546771}}
{"target": 0.39163642670646037, "params": {"C": 30.054390198139128, "epsilon": 0.9586186542038928, "gamma": 0.12974159432662286}, "datetime": {"datetime": "2021-09-24 09:11:02", "elapsed": 65.278585, "delta": 0.692774}}
{"target": 0.43267068830485245, "params": {"C": 42.04429277468295, "epsilon": 0.9550075594011379, "gamma": 0.033963932528959836}, "datetime": {"datetime": "2021-09-24 09:11:03", "elapsed": 65.949363, "delta": 0.670778}}
{"target": 0.39714977097662807, "params": {"C": 20.308086750334116, "epsilon": 0.5082766582154119, "gamma": 0.14473152237858614}, "datetime": {"datetime": "2021-09-24 09:11:04", "elapsed": 66.85421, "delta": 0.904847}}
{"target": 0.4244140852405276, "params": {"C": 8.48732027403977, "epsilon": 0.2888356461209917, "gamma": 0.08782315795120427}, "datetime": {"datetime": "2021-09-24 09:11:05", "elapsed": 67.609711, "delta": 0.755501}}
{"target": 0.3899865086247709, "params": {"C": 31.576015467912516, "epsilon": 0.3102340363549611, "gamma": 0.12954408564625236}, "datetime": {"datetime": "2021-09-24 09:11:05", "elapsed": 68.19112, "delta": 0.581409}}
{"target": 0.3991916625832146, "params": {"C": 47.42161983524066, "epsilon": 0.9125260206866539, "gamma": 0.08876304227718304}, "datetime": {"datetime": "2021-09-24 09:11:06", "elapsed": 68.930834, "delta": 0.739714}}
{"target": 0.3743504648129813, "params": {"C": 44.943502894832804, "epsilon": 0.40308080863450996, "gamma": 0.13133103520645922}, "datetime": {"datetime": "2021-09-24 09:11:06", "elapsed": 69.387314, "delta": 0.45648}}
{"target": 0.41235258085164306, "params": {"C": 19.110364118817817, "epsilon": 0.9999876236829663, "gamma": 0.11452426262653621}, "datetime": {"datetime": "2021-09-24 09:11:07", "elapsed": 70.112115, "delta": 0.724801}}
{"target": 0.3819981596417015, "params": {"C": 33.24221695934887, "epsilon": 0.7254854461350911, "gamma": 0.14210796743180282}, "datetime": {"datetime": "2021-09-24 09:11:08", "elapsed": 70.993417, "delta": 0.881302}}
{"target": 0.3705099132332763, "params": {"C": 41.53926520529473, "epsilon": 0.1746909463544766, "gamma": 0.14974629218013533}, "datetime": {"datetime": "2021-09-24 09:11:09", "elapsed": 71.691019, "delta": 0.697602}}
{"target": 0.430683389211829, "params": {"C": 42.200147854531906, "epsilon": 0.08982459063331047, "gamma": 0.03172066201516237}, "datetime": {"datetime": "2021-09-24 09:11:10", "elapsed": 72.646445, "delta": 0.955426}}
{"target": 0.4353066723409542, "params": {"C": 27.820274285972133, "epsilon": 0.2641153207211377, "gamma": 0.0402339705164243}, "datetime": {"datetime": "2021-09-24 09:11:10", "elapsed": 73.233822, "delta": 0.587377}}
{"target": 0.4277173967277792, "params": {"C": 28.223099354907394, "epsilon": 0.2584286603928357, "gamma": 0.06885088277291142}, "datetime": {"datetime": "2021-09-24 09:11:11", "elapsed": 73.958675, "delta": 0.724853}}
{"target": 0.43093952836744287, "params": {"C": 49.66668445385588, "epsilon": 0.7542971803963531, "gamma": 0.03}, "datetime": {"datetime": "2021-09-24 09:11:12", "elapsed": 75.320367, "delta": 1.361692}}
{"target": 0.4217684565529213, "params": {"C": 30.07436338594718, "epsilon": 0.9477781244601468, "gamma": 0.07517022651489358}, "datetime": {"datetime": "2021-09-24 09:11:13", "elapsed": 75.930758, "delta": 0.610391}}
{"target": 0.4428140683148367, "params": {"C": 18.769691899596175, "epsilon": 0.4070982423880608, "gamma": 0.03920094240680911}, "datetime": {"datetime": "2021-09-24 09:11:14", "elapsed": 76.512746, "delta": 0.581988}}
{"target": 0.43500493178507693, "params": {"C": 30.40184328329512, "epsilon": 0.001, "gamma": 0.03}, "datetime": {"datetime": "2021-09-24 09:11:14", "elapsed": 77.44172, "delta": 0.928974}}
{"target": 0.4353142720756664, "params": {"C": 30.288735322956114, "epsilon": 0.741200196560645, "gamma": 0.03508082717671983}, "datetime": {"datetime": "2021-09-24 09:11:15", "elapsed": 78.453107, "delta": 1.011387}}
{"target": 0.43146861510143253, "params": {"C": 22.87867585818856, "epsilon": 0.9996984945200403, "gamma": 0.06800123984406278}, "datetime": {"datetime": "2021-09-24 09:11:16", "elapsed": 79.449336, "delta": 0.996229}}
{"target": 0.38349830631140525, "params": {"C": 31.657899878302665, "epsilon": 0.9545264888943842, "gamma": 0.14259375297545349}, "datetime": {"datetime": "2021-09-24 09:11:18", "elapsed": 80.570976, "delta": 1.12164}}
{"target": 0.40597280088157606, "params": {"C": 17.953028484409508, "epsilon": 0.6632850047011016, "gamma": 0.12783565680499195}, "datetime": {"datetime": "2021-09-24 09:11:19", "elapsed": 81.50096, "delta": 0.929984}}
{"target": 0.34725281683715326, "params": {"C": 58.91941876854502, "epsilon": 0.6153026631152528, "gamma": 0.14436813479398644}, "datetime": {"datetime": "2021-09-24 09:11:19", "elapsed": 82.059232, "delta": 0.558272}}
{"target": 0.4434162637078909, "params": {"C": 18.490809035998158, "epsilon": 0.33390655383832324, "gamma": 0.03}, "datetime": {"datetime": "2021-09-24 09:11:20", "elapsed": 82.923463, "delta": 0.864231}}
{"target": 0.3946968370463788, "params": {"C": 22.64148931587097, "epsilon": 0.20452975016337757, "gamma": 0.14745699136564844}, "datetime": {"datetime": "2021-09-24 09:11:21", "elapsed": 83.92156, "delta": 0.998097}}
{"target": 0.43858186088340234, "params": {"C": 17.28743879407476, "epsilon": 0.9228972020041589, "gamma": 0.06132501990340839}, "datetime": {"datetime": "2021-09-24 09:11:22", "elapsed": 84.570837, "delta": 0.649277}}
{"target": 0.42680219787758866, "params": {"C": 19.561319616270648, "epsilon": 0.038017800677196185, "gamma": 0.08464788278585009}, "datetime": {"datetime": "2021-09-24 09:11:22", "elapsed": 85.352894, "delta": 0.782057}}
{"target": 0.4385004873212065, "params": {"C": 13.477540892030978, "epsilon": 0.18501918527857747, "gamma": 0.03}, "datetime": {"datetime": "2021-09-24 09:11:23", "elapsed": 86.154932, "delta": 0.802038}}
{"target": 0.4155228848001963, "params": {"C": 69.65151340044605, "epsilon": 0.3046609052544157, "gamma": 0.05067313133715156}, "datetime": {"datetime": "2021-09-24 09:11:24", "elapsed": 86.69708, "delta": 0.542148}}
{"target": 0.4286932194288905, "params": {"C": 60.84002051806862, "epsilon": 0.8627439633963155, "gamma": 0.032419822573455874}, "datetime": {"datetime": "2021-09-24 09:11:24", "elapsed": 87.280218, "delta": 0.583138}}
{"target": 0.44048549767647993, "params": {"C": 13.82949958808038, "epsilon": 0.1283772626026631, "gamma": 0.03608543307984275}, "datetime": {"datetime": "2021-09-24 09:11:25", "elapsed": 88.137437, "delta": 0.857219}}
{"target": 0.4407590721060548, "params": {"C": 13.827112060972688, "epsilon": 0.4423803794185858, "gamma": 0.03786711784986012}, "datetime": {"datetime": "2021-09-24 09:11:26", "elapsed": 89.21678, "delta": 1.079343}}
{"target": 0.43936820539927846, "params": {"C": 14.207124182989313, "epsilon": 0.29365596366491475, "gamma": 0.032205978438002984}, "datetime": {"datetime": "2021-09-24 09:11:27", "elapsed": 90.028932, "delta": 0.812152}}
{"target": 0.43852817017901313, "params": {"C": 14.20051470342551, "epsilon": 0.6677270422482641, "gamma": 0.03044710277020048}, "datetime": {"datetime": "2021-09-24 09:11:28", "elapsed": 90.885105, "delta": 0.856173}}
{"target": 0.43840472490575655, "params": {"C": 13.895549465454394, "epsilon": 0.8435355150066117, "gamma": 0.03}, "datetime": {"datetime": "2021-09-24 09:11:29", "elapsed": 91.843573, "delta": 0.958468}}
{"target": 0.40434206086348157, "params": {"C": 14.202499543036538, "epsilon": 0.9915429842568403, "gamma": 0.13363192495577791}, "datetime": {"datetime": "2021-09-24 09:11:30", "elapsed": 92.771326, "delta": 0.927753}}
{"target": 0.42528631522334537, "params": {"C": 14.323747574447486, "epsilon": 0.003108050164325961, "gamma": 0.09376349804650248}, "datetime": {"datetime": "2021-09-24 09:11:31", "elapsed": 93.578312, "delta": 0.806986}}
{"target": 0.43198766118993015, "params": {"C": 36.23057521572191, "epsilon": 0.21299540876253126, "gamma": 0.03595067618296788}, "datetime": {"datetime": "2021-09-24 09:11:31", "elapsed": 94.164869, "delta": 0.586557}}
{"target": 0.4347275391894141, "params": {"C": 36.08328885148313, "epsilon": 0.5377458496555656, "gamma": 0.03}, "datetime": {"datetime": "2021-09-24 09:11:32", "elapsed": 95.108393, "delta": 0.943524}}
{"target": 0.41109796889607064, "params": {"C": 35.81818912235007, "epsilon": 0.2867119890963278, "gamma": 0.08435611165927909}, "datetime": {"datetime": "2021-09-24 09:11:33", "elapsed": 96.077792, "delta": 0.969399}}
{"target": 0.43895585405057613, "params": {"C": 14.070240591830553, "epsilon": 0.5491680540601861, "gamma": 0.0608393620601345}, "datetime": {"datetime": "2021-09-24 09:11:34", "elapsed": 96.605006, "delta": 0.527214}}
{"target": 0.4095223214356555, "params": {"C": 36.5009942650641, "epsilon": 0.5137502888393056, "gamma": 0.08650320550907957}, "datetime": {"datetime": "2021-09-24 09:11:34", "elapsed": 97.470002, "delta": 0.864996}}
{"target": 0.4334192254897773, "params": {"C": 9.718261837756984, "epsilon": 0.033695929453198006, "gamma": 0.07131579905627995}, "datetime": {"datetime": "2021-09-24 09:11:36", "elapsed": 98.594426, "delta": 1.124424}}
