{"target": 0.22384614813958226, "params": {"C": 254.76235861054172, "epsilon": 2.2781090071071746, "gamma": 0.10249204629184754}, "datetime": {"datetime": "2021-09-24 10:50:38", "elapsed": 126.403032, "delta": 0.95463}}
{"target": 0.14420396444922456, "params": {"C": 389.3125899443385, "epsilon": 0.33748035153055744, "gamma": 0.09646687988071273}, "datetime": {"datetime": "2021-09-24 10:50:40", "elapsed": 127.867421, "delta": 1.464389}}
{"target": 0.3669638473922263, "params": {"C": 259.51767866132275, "epsilon": 2.8164426665473057, "gamma": 0.032203816323880204}, "datetime": {"datetime": "2021-09-24 10:50:41", "elapsed": 128.866417, "delta": 0.998996}}
{"target": 0.28091863202636447, "params": {"C": 391.82332536931256, "epsilon": 0.47507984601954717, "gamma": 0.04526772107216354}, "datetime": {"datetime": "2021-09-24 10:50:43", "elapsed": 130.507275, "delta": 1.640858}}
{"target": 0.3827390767183081, "params": {"C": 343.8390008246604, "epsilon": 0.284736958067297, "gamma": 0.02264801067199939}, "datetime": {"datetime": "2021-09-24 10:50:44", "elapsed": 131.740788, "delta": 1.233513}}
{"target": 0.27171218465164027, "params": {"C": 343.8433043816358, "epsilon": 0.21872364209266248, "gamma": 0.06079268029737819}, "datetime": {"datetime": "2021-09-24 10:50:45", "elapsed": 132.996975, "delta": 1.256187}}
{"target": 0.42611458910838995, "params": {"C": 366.45435653507326, "epsilon": 2.477197897246452, "gamma": 0.001}, "datetime": {"datetime": "2021-09-24 10:50:46", "elapsed": 134.399443, "delta": 1.402468}}
{"target": 0.422945016278254, "params": {"C": 389.30581102187995, "epsilon": 0.47616109443924043, "gamma": 0.001}, "datetime": {"datetime": "2021-09-24 10:50:48", "elapsed": 135.792664, "delta": 1.393221}}
{"target": 0.24889398441718225, "params": {"C": 395.2639153191333, "epsilon": 2.998072494427382, "gamma": 0.0673292921448634}, "datetime": {"datetime": "2021-09-24 10:50:49", "elapsed": 137.162525, "delta": 1.369861}}
{"target": 0.44606383416996254, "params": {"C": 276.8899289547742, "epsilon": 0.9109668531050121, "gamma": 0.007636821289709161}, "datetime": {"datetime": "2021-09-24 10:50:51", "elapsed": 138.995797, "delta": 1.833272}}
{"target": 0.27575697065911153, "params": {"C": 366.4781052421677, "epsilon": 2.491262461361183, "gamma": 0.05934989846839299}, "datetime": {"datetime": "2021-09-24 10:50:52", "elapsed": 140.242473, "delta": 1.246676}}
{"target": 0.3956566977500938, "params": {"C": 322.57958842473386, "epsilon": 2.794196682555568, "gamma": 0.021620990575881783}, "datetime": {"datetime": "2021-09-24 10:50:54", "elapsed": 141.614469, "delta": 1.371996}}
{"target": 0.27374277640205436, "params": {"C": 281.7072923534263, "epsilon": 0.8468393014062999, "gamma": 0.07483779229960148}, "datetime": {"datetime": "2021-09-24 10:50:55", "elapsed": 142.686525, "delta": 1.072056}}
{"target": 0.43545587574523736, "params": {"C": 366.4053389062157, "epsilon": 2.466063953322822, "gamma": 0.011520359241206514}, "datetime": {"datetime": "2021-09-24 10:50:56", "elapsed": 144.307466, "delta": 1.620941}}
{"target": 0.2968926773129521, "params": {"C": 257.0704337908779, "epsilon": 2.5954638431030856, "gamma": 0.06596746853534238}, "datetime": {"datetime": "2021-09-24 10:50:57", "elapsed": 145.273463, "delta": 0.965997}}
{"target": 0.29990778001165397, "params": {"C": 276.96120304317134, "epsilon": 0.9037674757543801, "gamma": 0.053792235414908955}, "datetime": {"datetime": "2021-09-24 10:50:59", "elapsed": 146.819549, "delta": 1.546086}}
{"target": 0.3464982289035403, "params": {"C": 291.0648370761981, "epsilon": 0.005911889004727294, "gamma": 0.03365417794670576}, "datetime": {"datetime": "2021-09-24 10:51:00", "elapsed": 147.871268, "delta": 1.051719}}
{"target": 0.3930647877349265, "params": {"C": 276.84987233989636, "epsilon": 0.9978802436805227, "gamma": 0.023768549973895044}, "datetime": {"datetime": "2021-09-24 10:51:02", "elapsed": 149.651016, "delta": 1.779748}}
{"target": 0.4259756746097043, "params": {"C": 284.00752979358754, "epsilon": 1.232164991603723, "gamma": 0.001}, "datetime": {"datetime": "2021-09-24 10:51:04", "elapsed": 151.531231, "delta": 1.880215}}
{"target": 0.4389455108308701, "params": {"C": 251.7779486473278, "epsilon": 2.70422914275838, "gamma": 0.0063882910633582}, "datetime": {"datetime": "2021-09-24 10:51:05", "elapsed": 153.220868, "delta": 1.689637}}
{"target": 0.2063785004889639, "params": {"C": 317.75749125824734, "epsilon": 2.5339068271651164, "gamma": 0.09225116206062604}, "datetime": {"datetime": "2021-09-24 10:51:07", "elapsed": 155.018926, "delta": 1.798058}}
{"target": 0.37613985548842344, "params": {"C": 399.8385978125913, "epsilon": 0.11450427775880037, "gamma": 0.021618817685229715}, "datetime": {"datetime": "2021-09-24 10:51:08", "elapsed": 155.998814, "delta": 0.979888}}
{"target": 0.42882956041128695, "params": {"C": 322.86023428096576, "epsilon": 2.647673467042506, "gamma": 0.00382973220609857}, "datetime": {"datetime": "2021-09-24 10:51:09", "elapsed": 157.355148, "delta": 1.356334}}
{"target": 0.4299069095737239, "params": {"C": 277.2444365034924, "epsilon": 1.4255760911547055, "gamma": 0.0029138827649666833}, "datetime": {"datetime": "2021-09-24 10:51:11", "elapsed": 159.189347, "delta": 1.834199}}
{"target": 0.29980213096620467, "params": {"C": 322.6027539177333, "epsilon": 2.667820937855664, "gamma": 0.04884240162423027}, "datetime": {"datetime": "2021-09-24 10:51:13", "elapsed": 160.57931, "delta": 1.389963}}
{"target": 0.43343964825709946, "params": {"C": 265.00179641021145, "epsilon": 1.541499851408484, "gamma": 0.004354922076190629}, "datetime": {"datetime": "2021-09-24 10:51:13", "elapsed": 161.45415, "delta": 0.87484}}
{"target": 0.4258626280401795, "params": {"C": 276.81276655596895, "epsilon": 0.8978677564061118, "gamma": 0.001}, "datetime": {"datetime": "2021-09-24 10:51:15", "elapsed": 162.694936, "delta": 1.240786}}
{"target": 0.10074573610022464, "params": {"C": 396.7345126688259, "epsilon": 1.2369986386141127, "gamma": 0.12599358191850374}, "datetime": {"datetime": "2021-09-24 10:51:16", "elapsed": 163.590938, "delta": 0.896002}}
{"target": 0.31049641488093616, "params": {"C": 317.83143981919415, "epsilon": 2.4063615297730263, "gamma": 0.04474374140042267}, "datetime": {"datetime": "2021-09-24 10:51:17", "elapsed": 165.03523, "delta": 1.444292}}
{"target": 0.3351905845458961, "params": {"C": 324.8914491172577, "epsilon": 1.6856467414076397, "gamma": 0.03434466427786785}, "datetime": {"datetime": "2021-09-24 10:51:18", "elapsed": 165.972084, "delta": 0.936854}}
{"target": 0.4164196566393866, "params": {"C": 357.79168681248166, "epsilon": 1.923897075806904, "gamma": 0.001506492491852003}, "datetime": {"datetime": "2021-09-24 10:51:19", "elapsed": 166.855659, "delta": 0.883575}}
{"target": 0.2543992381939474, "params": {"C": 322.20760135755035, "epsilon": 0.006353635997356216, "gamma": 0.07521861992148599}, "datetime": {"datetime": "2021-09-24 10:51:20", "elapsed": 167.761584, "delta": 0.905925}}
{"target": 0.3493037803036686, "params": {"C": 343.9980212851791, "epsilon": 0.229425880059421, "gamma": 0.029142785543972906}, "datetime": {"datetime": "2021-09-24 10:51:21", "elapsed": 169.175338, "delta": 1.413754}}
{"target": 0.29174731074345484, "params": {"C": 264.98794764612916, "epsilon": 1.6030059372534904, "gamma": 0.06571552135704846}, "datetime": {"datetime": "2021-09-24 10:51:23", "elapsed": 170.597168, "delta": 1.42183}}
{"target": 0.23877684732285664, "params": {"C": 251.6884141770613, "epsilon": 2.666108557616009, "gamma": 0.0972733013497075}, "datetime": {"datetime": "2021-09-24 10:51:24", "elapsed": 171.898533, "delta": 1.301365}}
{"target": 0.3288009747985262, "params": {"C": 379.188370706718, "epsilon": 1.7089884650160538, "gamma": 0.032289261429715346}, "datetime": {"datetime": "2021-09-24 10:51:26", "elapsed": 173.547164, "delta": 1.648631}}
{"target": 0.4063180718439736, "params": {"C": 357.69178476344644, "epsilon": 1.8991381531661773, "gamma": 0.01729881121186218}, "datetime": {"datetime": "2021-09-24 10:51:27", "elapsed": 174.937143, "delta": 1.389979}}
{"target": 0.4085368957670966, "params": {"C": 277.17136803727647, "epsilon": 1.4891875241819807, "gamma": 0.019956381972411587}, "datetime": {"datetime": "2021-09-24 10:51:28", "elapsed": 176.380666, "delta": 1.443523}}
{"target": 0.2864354955774995, "params": {"C": 277.0430483858453, "epsilon": 2.244184761761533, "gamma": 0.06913535152556056}, "datetime": {"datetime": "2021-09-24 10:51:29", "elapsed": 177.384353, "delta": 1.003687}}
{"target": 0.29438157034032963, "params": {"C": 299.84042030029593, "epsilon": 2.4276145298472636, "gamma": 0.05515688004817788}, "datetime": {"datetime": "2021-09-24 10:51:30", "elapsed": 178.376354, "delta": 0.992001}}
{"target": 0.27722192044139105, "params": {"C": 357.7405167529603, "epsilon": 1.986766281559051, "gamma": 0.05843349649964802}, "datetime": {"datetime": "2021-09-24 10:51:32", "elapsed": 180.355354, "delta": 1.979}}
{"target": 0.4226451354629166, "params": {"C": 370.48225044583074, "epsilon": 1.3923429130771783, "gamma": 0.001}, "datetime": {"datetime": "2021-09-24 10:51:34", "elapsed": 182.236463, "delta": 1.881109}}
{"target": 0.3116997458174886, "params": {"C": 383.44050581745245, "epsilon": 1.5046289188058612, "gamma": 0.036310497158761806}, "datetime": {"datetime": "2021-09-24 10:51:35", "elapsed": 183.190458, "delta": 0.953995}}
{"target": 0.40623077747052283, "params": {"C": 334.9099403587432, "epsilon": 0.34708459960512283, "gamma": 0.01802225793886425}, "datetime": {"datetime": "2021-09-24 10:51:36", "elapsed": 184.057354, "delta": 0.866896}}
{"target": 0.44648551744005605, "params": {"C": 391.64923812878527, "epsilon": 0.4791732302651616, "gamma": 0.007965344792347246}, "datetime": {"datetime": "2021-09-24 10:51:37", "elapsed": 185.258315, "delta": 1.200961}}
{"target": 0.3508172345388667, "params": {"C": 300.2952244905521, "epsilon": 0.4517227397677297, "gamma": 0.03177940680306283}, "datetime": {"datetime": "2021-09-24 10:51:38", "elapsed": 186.28032, "delta": 1.022005}}
{"target": 0.24894058983039824, "params": {"C": 277.23903212618063, "epsilon": 1.4032969371192363, "gamma": 0.08674442308880376}, "datetime": {"datetime": "2021-09-24 10:51:40", "elapsed": 187.856309, "delta": 1.575989}}
{"target": 0.355148778139736, "params": {"C": 323.77247815090885, "epsilon": 0.43911266342520777, "gamma": 0.029173251245961637}, "datetime": {"datetime": "2021-09-24 10:51:41", "elapsed": 188.771355, "delta": 0.915046}}
{"target": 0.39963950911044954, "params": {"C": 265.0507577119187, "epsilon": 1.5162877779516464, "gamma": 0.022908835649954627}, "datetime": {"datetime": "2021-09-24 10:51:42", "elapsed": 190.170354, "delta": 1.398999}}
{"target": 0.43490338884162894, "params": {"C": 383.5344288619227, "epsilon": 1.5169638661896414, "gamma": 0.011454390479406211}, "datetime": {"datetime": "2021-09-24 10:51:44", "elapsed": 191.589312, "delta": 1.418958}}
{"target": 0.41252991874629863, "params": {"C": 343.93019566398846, "epsilon": 0.30546837148521694, "gamma": 0.01668819400013911}, "datetime": {"datetime": "2021-09-24 10:51:45", "elapsed": 192.993311, "delta": 1.403999}}
{"target": 0.1599955079647234, "params": {"C": 278.21295655088124, "epsilon": 2.2834819508654802, "gamma": 0.12609507314282964}, "datetime": {"datetime": "2021-09-24 10:51:46", "elapsed": 193.938316, "delta": 0.945005}}
{"target": 0.42262037302495026, "params": {"C": 370.4032566151662, "epsilon": 1.3708219056949489, "gamma": 0.001}, "datetime": {"datetime": "2021-09-24 10:51:48", "elapsed": 195.910353, "delta": 1.972037}}
{"target": 0.3218044679352815, "params": {"C": 300.243509938549, "epsilon": 0.38017496562045644, "gamma": 0.039663350813984116}, "datetime": {"datetime": "2021-09-24 10:51:49", "elapsed": 197.388672, "delta": 1.478319}}
{"target": 0.42822731539629444, "params": {"C": 389.3068254490322, "epsilon": 0.47751770331438415, "gamma": 0.0037985752783277985}, "datetime": {"datetime": "2021-09-24 10:51:50", "elapsed": 198.379695, "delta": 0.991023}}
{"target": 0.19449403682251343, "params": {"C": 370.4483866284337, "epsilon": 1.3923832385313275, "gamma": 0.08563606112851405}, "datetime": {"datetime": "2021-09-24 10:51:52", "elapsed": 200.483409, "delta": 2.103714}}
{"target": 0.4361733870620219, "params": {"C": 391.64668753476917, "epsilon": 0.5624051550609201, "gamma": 0.005624120927878763}, "datetime": {"datetime": "2021-09-24 10:51:54", "elapsed": 202.296447, "delta": 1.813038}}
{"target": 0.1619262743342036, "params": {"C": 391.59741716057977, "epsilon": 0.5432137475136216, "gamma": 0.0907997618032466}, "datetime": {"datetime": "2021-09-24 10:51:56", "elapsed": 204.224082, "delta": 1.927635}}
{"target": 0.37583008730683154, "params": {"C": 357.73438438958, "epsilon": 1.8461713901398913, "gamma": 0.024164156031689372}, "datetime": {"datetime": "2021-09-24 10:51:58", "elapsed": 205.817058, "delta": 1.592976}}
{"target": 0.3772827129959504, "params": {"C": 265.0034224687354, "epsilon": 1.4495757359807684, "gamma": 0.028746911372874277}, "datetime": {"datetime": "2021-09-24 10:52:00", "elapsed": 207.590715, "delta": 1.773657}}
{"target": 0.32827947595552887, "params": {"C": 251.87395662987137, "epsilon": 2.702566683124417, "gamma": 0.0471870152152758}, "datetime": {"datetime": "2021-09-24 10:52:01", "elapsed": 208.865869, "delta": 1.275154}}
{"target": 0.31511441527763717, "params": {"C": 272.38177816919097, "epsilon": 2.2714001098759162, "gamma": 0.05000166457449036}, "datetime": {"datetime": "2021-09-24 10:52:02", "elapsed": 209.861306, "delta": 0.995437}}
{"target": 0.42602883453449036, "params": {"C": 322.92862173503664, "epsilon": 2.7654125096332534, "gamma": 0.001}, "datetime": {"datetime": "2021-09-24 10:52:04", "elapsed": 211.895688, "delta": 2.034382}}
{"target": 0.177064377547703, "params": {"C": 389.30513667414647, "epsilon": 0.5666971341399838, "gamma": 0.08715415943117008}, "datetime": {"datetime": "2021-09-24 10:52:05", "elapsed": 213.421732, "delta": 1.526044}}
{"target": 0.4033489949809749, "params": {"C": 334.98280305956683, "epsilon": 0.2972437754621398, "gamma": 0.018488507186381366}, "datetime": {"datetime": "2021-09-24 10:52:07", "elapsed": 215.155273, "delta": 1.733541}}
{"target": 0.34544774977039716, "params": {"C": 391.69092421333943, "epsilon": 0.6374419080980748, "gamma": 0.027384753225493642}, "datetime": {"datetime": "2021-09-24 10:52:09", "elapsed": 216.811673, "delta": 1.6564}}
{"target": 0.177358732048724, "params": {"C": 332.5562193699084, "epsilon": 1.0472501409367116, "gamma": 0.09801774886081574}, "datetime": {"datetime": "2021-09-24 10:52:10", "elapsed": 217.865876, "delta": 1.054203}}
{"target": 0.43908927140143905, "params": {"C": 379.16572082636566, "epsilon": 1.8135759342159385, "gamma": 0.005846691879794065}, "datetime": {"datetime": "2021-09-24 10:52:11", "elapsed": 219.424215, "delta": 1.558339}}
{"target": 0.44561113756160586, "params": {"C": 395.096890931894, "epsilon": 2.932522454069845, "gamma": 0.008073791633547517}, "datetime": {"datetime": "2021-09-24 10:52:13", "elapsed": 221.062813, "delta": 1.638598}}
{"target": 0.4008250636410988, "params": {"C": 334.9758489068455, "epsilon": 0.3841521020833342, "gamma": 0.018934554015740047}, "datetime": {"datetime": "2021-09-24 10:52:15", "elapsed": 222.996672, "delta": 1.933859}}
{"target": 0.27429239459762345, "params": {"C": 379.1287614440486, "epsilon": 1.7971197443181812, "gamma": 0.0565678861725662}, "datetime": {"datetime": "2021-09-24 10:52:17", "elapsed": 225.133924, "delta": 2.137252}}
{"target": 0.44370299720714845, "params": {"C": 335.092113747887, "epsilon": 0.33714080610249175, "gamma": 0.006909210897352335}, "datetime": {"datetime": "2021-09-24 10:52:19", "elapsed": 227.206716, "delta": 2.072792}}
{"target": 0.1250282271193368, "params": {"C": 395.0992499721449, "epsilon": 2.97628740755878, "gamma": 0.10531788436604803}, "datetime": {"datetime": "2021-09-24 10:52:21", "elapsed": 228.664426, "delta": 1.45771}}
{"target": 0.13851906833172278, "params": {"C": 335.02356499733156, "epsilon": 0.3305444910770478, "gamma": 0.1119012688054409}, "datetime": {"datetime": "2021-09-24 10:52:23", "elapsed": 230.786682, "delta": 2.122256}}
{"target": 0.3895700672962199, "params": {"C": 379.2026448665991, "epsilon": 1.857075417315826, "gamma": 0.02064034181162155}, "datetime": {"datetime": "2021-09-24 10:52:24", "elapsed": 232.343834, "delta": 1.557152}}
{"target": 0.36991679695718604, "params": {"C": 265.4587812472358, "epsilon": 2.1220784130873356, "gamma": 0.030485602709090728}, "datetime": {"datetime": "2021-09-24 10:52:26", "elapsed": 233.862594, "delta": 1.51876}}
{"target": 0.27457311323395983, "params": {"C": 289.48435158752005, "epsilon": 2.561836724772556, "gamma": 0.07403335369185862}, "datetime": {"datetime": "2021-09-24 10:52:27", "elapsed": 234.904021, "delta": 1.041427}}
{"target": 0.20260510141453736, "params": {"C": 268.8815109044834, "epsilon": 0.7086783939738523, "gamma": 0.10660506548278038}, "datetime": {"datetime": "2021-09-24 10:52:28", "elapsed": 236.420129, "delta": 1.516108}}
{"target": 0.2606934326242878, "params": {"C": 291.82548031587635, "epsilon": 0.6475747550852883, "gamma": 0.07918938539313772}, "datetime": {"datetime": "2021-09-24 10:52:29", "elapsed": 237.463277, "delta": 1.043148}}
{"target": 0.12127652809860157, "params": {"C": 339.69524071076785, "epsilon": 0.13300659256873557, "gamma": 0.1304674340691369}, "datetime": {"datetime": "2021-09-24 10:52:31", "elapsed": 238.586693, "delta": 1.123416}}
{"target": 0.4267299964410066, "params": {"C": 322.63269937338293, "epsilon": 2.867404035800298, "gamma": 0.001}, "datetime": {"datetime": "2021-09-24 10:52:33", "elapsed": 241.090904, "delta": 2.504211}}
{"target": 0.3574699695715412, "params": {"C": 335.10394426152106, "epsilon": 0.42419839620655714, "gamma": 0.027988059739955013}, "datetime": {"datetime": "2021-09-24 10:52:35", "elapsed": 243.20752, "delta": 2.116616}}
{"target": 0.4386889168892306, "params": {"C": 383.5227327910375, "epsilon": 1.610231422957282, "gamma": 0.010781297026097158}, "datetime": {"datetime": "2021-09-24 10:52:37", "elapsed": 245.083631, "delta": 1.876111}}
{"target": 0.31028247346140536, "params": {"C": 357.8919066850939, "epsilon": 1.900387492173955, "gamma": 0.039242704289406384}, "datetime": {"datetime": "2021-09-24 10:52:41", "elapsed": 248.744429, "delta": 1.756734}}
{"target": 0.42583712854059197, "params": {"C": 284.0787273781708, "epsilon": 1.3034724134733935, "gamma": 0.001}, "datetime": {"datetime": "2021-09-24 10:52:43", "elapsed": 250.838407, "delta": 2.093978}}
{"target": 0.4257014622890777, "params": {"C": 251.82914900229252, "epsilon": 2.775216872188265, "gamma": 0.001}, "datetime": {"datetime": "2021-09-24 10:52:45", "elapsed": 252.952855, "delta": 2.114448}}
{"target": 0.1347954401699587, "params": {"C": 306.10415031015697, "epsilon": 1.0919671195609628, "gamma": 0.140824685932673}, "datetime": {"datetime": "2021-09-24 10:52:46", "elapsed": 254.034449, "delta": 1.081594}}
{"target": 0.42262329090757444, "params": {"C": 383.6023505271739, "epsilon": 1.5889645616762593, "gamma": 0.001}, "datetime": {"datetime": "2021-09-24 10:52:48", "elapsed": 256.228405, "delta": 2.193956}}
{"target": 0.3075775964329752, "params": {"C": 395.0835315858579, "epsilon": 2.8272280740353217, "gamma": 0.038110888462906174}, "datetime": {"datetime": "2021-09-24 10:52:51", "elapsed": 258.900272, "delta": 2.671867}}
{"target": 0.3810805825098408, "params": {"C": 316.28410171022796, "epsilon": 2.842226387075103, "gamma": 0.025449060828300715}, "datetime": {"datetime": "2021-09-24 10:52:53", "elapsed": 261.183512, "delta": 2.28324}}
{"target": 0.15020825155099027, "params": {"C": 346.47603467712065, "epsilon": 0.8617205666071936, "gamma": 0.10397231186998647}, "datetime": {"datetime": "2021-09-24 10:52:54", "elapsed": 262.296915, "delta": 1.113403}}
{"target": 0.27719433108007707, "params": {"C": 284.05090692906765, "epsilon": 1.3805151866436949, "gamma": 0.07265348421802549}, "datetime": {"datetime": "2021-09-24 10:52:56", "elapsed": 264.231404, "delta": 1.934489}}
{"target": 0.43307295866856166, "params": {"C": 268.79047757207314, "epsilon": 0.8494519311230168, "gamma": 0.015205218062110459}, "datetime": {"datetime": "2021-09-24 10:52:58", "elapsed": 266.346268, "delta": 2.114864}}
{"target": 0.20939583954063645, "params": {"C": 265.4661711556833, "epsilon": 2.211418162874947, "gamma": 0.10470973559854337}, "datetime": {"datetime": "2021-09-24 10:53:01", "elapsed": 268.70728, "delta": 2.361012}}
{"target": 0.4277711976773231, "params": {"C": 349.76552116007406, "epsilon": 2.122279442019566, "gamma": 0.013763316551810584}, "datetime": {"datetime": "2021-09-24 10:53:03", "elapsed": 270.62434, "delta": 1.91706}}
{"target": 0.21380486448791103, "params": {"C": 251.36967203383765, "epsilon": 0.6924476056102004, "gamma": 0.10829839601521575}, "datetime": {"datetime": "2021-09-24 10:53:04", "elapsed": 271.884845, "delta": 1.260505}}
{"target": 0.42546545204344954, "params": {"C": 322.93654757463815, "epsilon": 2.5867544930965978, "gamma": 0.001}, "datetime": {"datetime": "2021-09-24 10:53:06", "elapsed": 273.866896, "delta": 1.982051}}
{"target": 0.4169633813044581, "params": {"C": 276.81705038414964, "epsilon": 0.81538840589052, "gamma": 0.0183048182162918}, "datetime": {"datetime": "2021-09-24 10:53:08", "elapsed": 276.024255, "delta": 2.157359}}
{"target": 0.4264622000450695, "params": {"C": 257.10866402853185, "epsilon": 2.6830169772591796, "gamma": 0.001}, "datetime": {"datetime": "2021-09-24 10:53:11", "elapsed": 278.924163, "delta": 2.899908}}
{"target": 0.24327074601246357, "params": {"C": 378.32871414139595, "epsilon": 1.2743699770640438, "gamma": 0.07111000317621635}, "datetime": {"datetime": "2021-09-24 10:53:12", "elapsed": 280.320475, "delta": 1.396312}}
