{"target": 0.42257960225822155, "params": {"C": 233.6456246590536, "epsilon": 0.048626042110327276, "gamma": 0.002687165074155277}, "datetime": {"datetime": "2021-09-24 09:48:22", "elapsed": 93.516206, "delta": 0.84048}}
{"target": 0.30810339076098925, "params": {"C": 225.35651149705745, "epsilon": 0.8230588788069884, "gamma": 0.06036150744846699}, "datetime": {"datetime": "2021-09-24 09:48:23", "elapsed": 94.331995, "delta": 0.815789}}
{"target": 0.43407825714850956, "params": {"C": 296.91881332566413, "epsilon": 0.9915289126222365, "gamma": 0.013940886292071443}, "datetime": {"datetime": "2021-09-24 09:48:24", "elapsed": 95.550617, "delta": 1.218622}}
{"target": 0.44449149946536115, "params": {"C": 296.9434692892811, "epsilon": 0.926207344360543, "gamma": 0.0115309345391965}, "datetime": {"datetime": "2021-09-24 09:48:25", "elapsed": 96.756482, "delta": 1.205865}}
{"target": 0.32358674686530964, "params": {"C": 206.59506135599761, "epsilon": 0.41289270777610043, "gamma": 0.055230860023805006}, "datetime": {"datetime": "2021-09-24 09:48:26", "elapsed": 97.927152, "delta": 1.17067}}
{"target": 0.2545788500123689, "params": {"C": 338.5797041782371, "epsilon": 0.3570505627196651, "gamma": 0.07249839538927592}, "datetime": {"datetime": "2021-09-24 09:48:27", "elapsed": 98.83849, "delta": 0.911338}}
{"target": 0.2954696087834454, "params": {"C": 233.7267141328472, "epsilon": 0.06863984684979808, "gamma": 0.06597563665219854}, "datetime": {"datetime": "2021-09-24 09:48:28", "elapsed": 100.146953, "delta": 1.308463}}
{"target": 0.45105791784227856, "params": {"C": 225.0887684668531, "epsilon": 0.09629284808778553, "gamma": 0.010948108732428182}, "datetime": {"datetime": "2021-09-24 09:48:30", "elapsed": 101.244016, "delta": 1.097063}}
{"target": 0.27528216989329846, "params": {"C": 295.2515515749527, "epsilon": 0.13695170471562473, "gamma": 0.06888926803783257}, "datetime": {"datetime": "2021-09-24 09:48:30", "elapsed": 102.117322, "delta": 0.873306}}
{"target": 0.450155510654643, "params": {"C": 233.52865815228586, "epsilon": 0.09406786882266033, "gamma": 0.009940964298693435}, "datetime": {"datetime": "2021-09-24 09:48:32", "elapsed": 103.618381, "delta": 1.501059}}
{"target": 0.36860993193322167, "params": {"C": 323.9964136405149, "epsilon": 0.27406461787338027, "gamma": 0.026564720011130954}, "datetime": {"datetime": "2021-09-24 09:48:33", "elapsed": 104.532548, "delta": 0.914167}}
{"target": 0.34492826973646484, "params": {"C": 322.86841708741315, "epsilon": 0.19233381940756333, "gamma": 0.0315677039419759}, "datetime": {"datetime": "2021-09-24 09:48:34", "elapsed": 105.414525, "delta": 0.881977}}
{"target": 0.2743312952623661, "params": {"C": 233.54857754440306, "epsilon": 0.037284336628132804, "gamma": 0.08680417386431483}, "datetime": {"datetime": "2021-09-24 09:48:35", "elapsed": 106.533126, "delta": 1.118601}}
{"target": 0.14933145740818832, "params": {"C": 294.74934488206253, "epsilon": 0.6201970918674303, "gamma": 0.12217265534956176}, "datetime": {"datetime": "2021-09-24 09:48:36", "elapsed": 107.417645, "delta": 0.884519}}
{"target": 0.3198547273429324, "params": {"C": 286.8101987557842, "epsilon": 0.19146503929960806, "gamma": 0.041605543324837846}, "datetime": {"datetime": "2021-09-24 09:48:37", "elapsed": 108.272047, "delta": 0.854402}}
{"target": 0.2050971340257406, "params": {"C": 225.11873791766678, "epsilon": 0.11302206558532364, "gamma": 0.12410496172869767}, "datetime": {"datetime": "2021-09-24 09:48:38", "elapsed": 109.309181, "delta": 1.037134}}
{"target": 0.44899243032621283, "params": {"C": 233.63082658562854, "epsilon": 0.1481733961325703, "gamma": 0.011952148002679165}, "datetime": {"datetime": "2021-09-24 09:48:39", "elapsed": 110.617089, "delta": 1.307908}}
{"target": 0.37476849082487296, "params": {"C": 255.62182597681473, "epsilon": 0.293887045512285, "gamma": 0.029783706756826567}, "datetime": {"datetime": "2021-09-24 09:48:40", "elapsed": 111.530206, "delta": 0.913117}}
{"target": 0.38728920926228416, "params": {"C": 218.15190337305415, "epsilon": 0.615228887178433, "gamma": 0.029657558818952344}, "datetime": {"datetime": "2021-09-24 09:48:41", "elapsed": 112.289635, "delta": 0.759429}}
{"target": 0.14274038127263255, "params": {"C": 297.3658673383789, "epsilon": 0.7500737193149828, "gamma": 0.13139544020391397}, "datetime": {"datetime": "2021-09-24 09:48:42", "elapsed": 113.636941, "delta": 1.347306}}
{"target": 0.3905705972616855, "params": {"C": 299.6963665828291, "epsilon": 0.41760746038268054, "gamma": 0.022811197289715233}, "datetime": {"datetime": "2021-09-24 09:48:43", "elapsed": 114.560436, "delta": 0.923495}}
{"target": 0.28886856690186247, "params": {"C": 259.7566190672974, "epsilon": 0.7296143211627868, "gamma": 0.06720238339369335}, "datetime": {"datetime": "2021-09-24 09:48:44", "elapsed": 115.412259, "delta": 0.851823}}
{"target": 0.30874086529858746, "params": {"C": 210.45474497757255, "epsilon": 0.6363327751282952, "gamma": 0.06377598852304762}, "datetime": {"datetime": "2021-09-24 09:48:45", "elapsed": 116.305194, "delta": 0.892935}}
{"target": 0.3439972489143224, "params": {"C": 233.50957111040725, "epsilon": 0.17589738677795674, "gamma": 0.04046878307897829}, "datetime": {"datetime": "2021-09-24 09:48:46", "elapsed": 117.639188, "delta": 1.333994}}
{"target": 0.4235544110151941, "params": {"C": 360.7157417698775, "epsilon": 0.5855878296890308, "gamma": 0.001}, "datetime": {"datetime": "2021-09-24 09:48:48", "elapsed": 119.472965, "delta": 1.833777}}
{"target": 0.338397950658324, "params": {"C": 389.1096050452108, "epsilon": 0.6344758274215365, "gamma": 0.02897288912847482}, "datetime": {"datetime": "2021-09-24 09:48:49", "elapsed": 120.511635, "delta": 1.03867}}
{"target": 0.15833120586656924, "params": {"C": 256.4934061407728, "epsilon": 0.41234241964096974, "gamma": 0.14184847737182738}, "datetime": {"datetime": "2021-09-24 09:48:50", "elapsed": 121.513038, "delta": 1.001403}}
{"target": 0.39137150033426615, "params": {"C": 236.22565980391636, "epsilon": 0.4643026563456463, "gamma": 0.02702700928520484}, "datetime": {"datetime": "2021-09-24 09:48:51", "elapsed": 122.776853, "delta": 1.263815}}
{"target": 0.20862737649661645, "params": {"C": 299.04390672412865, "epsilon": 0.299694408125365, "gamma": 0.0960811034585539}, "datetime": {"datetime": "2021-09-24 09:48:52", "elapsed": 123.587253, "delta": 0.8104}}
{"target": 0.43971406471999896, "params": {"C": 377.92492560712344, "epsilon": 0.480857230446395, "gamma": 0.006135492756667061}, "datetime": {"datetime": "2021-09-24 09:48:53", "elapsed": 124.448617, "delta": 0.861364}}
{"target": 0.2143765123926814, "params": {"C": 237.7883938084887, "epsilon": 0.26447038065878936, "gamma": 0.11328210404298475}, "datetime": {"datetime": "2021-09-24 09:48:54", "elapsed": 125.238678, "delta": 0.790061}}
{"target": 0.24518264296408543, "params": {"C": 378.01583284483763, "epsilon": 0.4885637387911433, "gamma": 0.07020840141474996}, "datetime": {"datetime": "2021-09-24 09:48:55", "elapsed": 126.719291, "delta": 1.480613}}
{"target": 0.4119952732870251, "params": {"C": 290.3856274724935, "epsilon": 0.8213402742865, "gamma": 0.0186530563158378}, "datetime": {"datetime": "2021-09-24 09:48:56", "elapsed": 127.84356, "delta": 1.124269}}
{"target": 0.1531504374842939, "params": {"C": 267.96607071444845, "epsilon": 0.7403613226494746, "gamma": 0.1435727323185025}, "datetime": {"datetime": "2021-09-24 09:48:57", "elapsed": 128.757278, "delta": 0.913718}}
{"target": 0.421654683656177, "params": {"C": 235.9776584622395, "epsilon": 0.3086651402145832, "gamma": 0.0013995850236229019}, "datetime": {"datetime": "2021-09-24 09:48:58", "elapsed": 130.172943, "delta": 1.415665}}
{"target": 0.39175178457906756, "params": {"C": 377.82309777270007, "epsilon": 0.5033275568146272, "gamma": 0.019290651437652316}, "datetime": {"datetime": "2021-09-24 09:49:00", "elapsed": 131.82153, "delta": 1.648587}}
{"target": 0.4228776071898199, "params": {"C": 377.902096891613, "epsilon": 0.5727876204598341, "gamma": 0.001}, "datetime": {"datetime": "2021-09-24 09:49:02", "elapsed": 133.341557, "delta": 1.520027}}
{"target": 0.2714761366358903, "params": {"C": 359.1915755170593, "epsilon": 0.3289892777553328, "gamma": 0.0578763232823758}, "datetime": {"datetime": "2021-09-24 09:49:03", "elapsed": 134.294612, "delta": 0.953055}}
{"target": 0.36316017580583027, "params": {"C": 288.54741163440286, "epsilon": 0.8053684295916397, "gamma": 0.02996193569131336}, "datetime": {"datetime": "2021-09-24 09:49:04", "elapsed": 135.391022, "delta": 1.09641}}
{"target": 0.374259620113475, "params": {"C": 377.8513626398404, "epsilon": 0.39263542549031166, "gamma": 0.02294281669907826}, "datetime": {"datetime": "2021-09-24 09:49:06", "elapsed": 137.19474, "delta": 1.803718}}
{"target": 0.3502045247256853, "params": {"C": 236.10139991860106, "epsilon": 0.37188348395417664, "gamma": 0.038352977948782445}, "datetime": {"datetime": "2021-09-24 09:49:07", "elapsed": 138.633196, "delta": 1.438456}}
{"target": 0.2832263784342678, "params": {"C": 290.3558185571234, "epsilon": 0.7194541904795985, "gamma": 0.06385908782884496}, "datetime": {"datetime": "2021-09-24 09:49:08", "elapsed": 140.176169, "delta": 1.542973}}
{"target": 0.3050424302177075, "params": {"C": 290.48027205782057, "epsilon": 0.8278497913870617, "gamma": 0.04924721189454445}, "datetime": {"datetime": "2021-09-24 09:49:10", "elapsed": 142.042696, "delta": 1.866527}}
{"target": 0.44895245645260373, "params": {"C": 225.1988225042941, "epsilon": 0.6270249632451208, "gamma": 0.011959890608030321}, "datetime": {"datetime": "2021-09-24 09:49:12", "elapsed": 143.662557, "delta": 1.619861}}
{"target": 0.36391892203194565, "params": {"C": 225.0587251419493, "epsilon": 0.004405087019298667, "gamma": 0.03512801542161247}, "datetime": {"datetime": "2021-09-24 09:49:14", "elapsed": 145.225116, "delta": 1.562559}}
{"target": 0.4237059690284877, "params": {"C": 225.08267782234134, "epsilon": 0.182904934478104, "gamma": 0.001}, "datetime": {"datetime": "2021-09-24 09:49:15", "elapsed": 147.01045, "delta": 1.785334}}
{"target": 0.2975698225822314, "params": {"C": 225.23173590111122, "epsilon": 0.5650198131778035, "gamma": 0.06955610243617413}, "datetime": {"datetime": "2021-09-24 09:49:18", "elapsed": 149.531766, "delta": 2.521316}}
{"target": 0.4252490631661028, "params": {"C": 288.4430444826872, "epsilon": 0.7858974055793566, "gamma": 0.001}, "datetime": {"datetime": "2021-09-24 09:49:19", "elapsed": 150.757077, "delta": 1.225311}}
{"target": 0.4328794608118769, "params": {"C": 224.99876870427312, "epsilon": 0.10901558521208442, "gamma": 0.016889793391527397}, "datetime": {"datetime": "2021-09-24 09:49:21", "elapsed": 152.266509, "delta": 1.509432}}
{"target": 0.42564961024170234, "params": {"C": 290.3214674155138, "epsilon": 0.907045644211374, "gamma": 0.001}, "datetime": {"datetime": "2021-09-24 09:49:23", "elapsed": 154.887567, "delta": 2.621058}}
{"target": 0.44325440426382956, "params": {"C": 297.1687919777628, "epsilon": 0.6900355353652579, "gamma": 0.01188780617892398}, "datetime": {"datetime": "2021-09-24 09:49:25", "elapsed": 156.864226, "delta": 1.976659}}
{"target": 0.45034147761546517, "params": {"C": 225.2175527102831, "epsilon": 0.7123866935076383, "gamma": 0.010128923596142217}, "datetime": {"datetime": "2021-09-24 09:49:27", "elapsed": 158.264316, "delta": 1.40009}}
{"target": 0.4366599188810617, "params": {"C": 297.28174659118434, "epsilon": 0.6129254308523634, "gamma": 0.013404048504776892}, "datetime": {"datetime": "2021-09-24 09:49:28", "elapsed": 160.032772, "delta": 1.768456}}
{"target": 0.2428689751429327, "params": {"C": 290.2554765469457, "epsilon": 0.8955457861818626, "gamma": 0.08602217825669965}, "datetime": {"datetime": "2021-09-24 09:49:30", "elapsed": 162.138232, "delta": 2.10546}}
{"target": 0.4223332856618166, "params": {"C": 355.1202149183954, "epsilon": 0.7796926262998669, "gamma": 0.001}, "datetime": {"datetime": "2021-09-24 09:49:32", "elapsed": 163.941271, "delta": 1.803039}}
{"target": 0.38346306041533873, "params": {"C": 290.41004279467927, "epsilon": 0.9396234840894204, "gamma": 0.025514509620650223}, "datetime": {"datetime": "2021-09-24 09:49:34", "elapsed": 165.637019, "delta": 1.695748}}
{"target": 0.15127340615587426, "params": {"C": 318.95393021560096, "epsilon": 0.8559069936959197, "gamma": 0.11152239946086057}, "datetime": {"datetime": "2021-09-24 09:49:35", "elapsed": 166.763245, "delta": 1.126226}}
{"target": 0.43896921705222947, "params": {"C": 236.06910295662885, "epsilon": 0.5125826829366817, "gamma": 0.014534939161029378}, "datetime": {"datetime": "2021-09-24 09:49:37", "elapsed": 168.582888, "delta": 1.819643}}
{"target": 0.3979773944836408, "params": {"C": 297.0457477565991, "epsilon": 0.7333227534955845, "gamma": 0.021231605250370107}, "datetime": {"datetime": "2021-09-24 09:49:38", "elapsed": 170.110862, "delta": 1.527974}}
{"target": 0.17976325644006708, "params": {"C": 236.11538261022366, "epsilon": 0.5936039789674228, "gamma": 0.13262526946355696}, "datetime": {"datetime": "2021-09-24 09:49:40", "elapsed": 171.829677, "delta": 1.718815}}
{"target": 0.22132930046297705, "params": {"C": 297.16683438148885, "epsilon": 0.5789597330288713, "gamma": 0.09217194485882135}, "datetime": {"datetime": "2021-09-24 09:49:42", "elapsed": 173.480585, "delta": 1.650908}}
{"target": 0.15877648842241032, "params": {"C": 258.2083202770393, "epsilon": 0.30137528051431983, "gamma": 0.13807329374516306}, "datetime": {"datetime": "2021-09-24 09:49:43", "elapsed": 174.603479, "delta": 1.122894}}
{"target": 0.4279403415411993, "params": {"C": 297.12574820377057, "epsilon": 0.8434978838475294, "gamma": 0.0026676718251697853}, "datetime": {"datetime": "2021-09-24 09:49:45", "elapsed": 176.692162, "delta": 2.088683}}
{"target": 0.22955608272300077, "params": {"C": 215.65362517102275, "epsilon": 0.41255634463383695, "gamma": 0.11582168101621527}, "datetime": {"datetime": "2021-09-24 09:49:46", "elapsed": 177.749634, "delta": 1.057472}}
{"target": 0.40083562020933683, "params": {"C": 220.5027423971402, "epsilon": 0.7299076043756886, "gamma": 0.025479024963578397}, "datetime": {"datetime": "2021-09-24 09:49:48", "elapsed": 180.025933, "delta": 2.276299}}
{"target": 0.42338295924686975, "params": {"C": 225.27554491267435, "epsilon": 0.271845993900195, "gamma": 0.001}, "datetime": {"datetime": "2021-09-24 09:49:50", "elapsed": 181.815651, "delta": 1.789718}}
{"target": 0.427561260229802, "params": {"C": 385.7417870032168, "epsilon": 0.13134492468864808, "gamma": 0.0033163617830352884}, "datetime": {"datetime": "2021-09-24 09:49:51", "elapsed": 183.124133, "delta": 1.308482}}
{"target": 0.2774948823614094, "params": {"C": 333.8199290825148, "epsilon": 0.5331867274470351, "gamma": 0.057981297349231284}, "datetime": {"datetime": "2021-09-24 09:49:53", "elapsed": 184.334257, "delta": 1.210124}}
{"target": 0.28721156251963387, "params": {"C": 385.06604290433404, "epsilon": 0.18989115074914503, "gamma": 0.043562654319408436}, "datetime": {"datetime": "2021-09-24 09:49:54", "elapsed": 185.694267, "delta": 1.36001}}
{"target": 0.43501739470748346, "params": {"C": 209.45749446994998, "epsilon": 0.8570977164496103, "gamma": 0.004608970760113233}, "datetime": {"datetime": "2021-09-24 09:49:55", "elapsed": 186.996214, "delta": 1.301947}}
{"target": 0.3812453485313424, "params": {"C": 399.70336440995334, "epsilon": 0.017987873345312377, "gamma": 0.020421262217192825}, "datetime": {"datetime": "2021-09-24 09:49:56", "elapsed": 188.089908, "delta": 1.093694}}
{"target": 0.28000660047371895, "params": {"C": 385.8057304645295, "epsilon": 0.057200131977703426, "gamma": 0.04602079856695539}, "datetime": {"datetime": "2021-09-24 09:49:59", "elapsed": 190.265214, "delta": 2.175306}}
{"target": 0.42330548154495073, "params": {"C": 385.6707703704227, "epsilon": 0.21373565568247774, "gamma": 0.001}, "datetime": {"datetime": "2021-09-24 09:50:00", "elapsed": 191.839805, "delta": 1.574591}}
{"target": 0.38573945936825904, "params": {"C": 355.6496805186086, "epsilon": 0.4583222658659687, "gamma": 0.02156386970063239}, "datetime": {"datetime": "2021-09-24 09:50:02", "elapsed": 193.283368, "delta": 1.443563}}
{"target": 0.1620514536663561, "params": {"C": 250.9651751167751, "epsilon": 0.5812656787853341, "gamma": 0.141742383413331}, "datetime": {"datetime": "2021-09-24 09:50:03", "elapsed": 194.551759, "delta": 1.268391}}
{"target": 0.12068591926699568, "params": {"C": 385.5987452534962, "epsilon": 0.11939233827390187, "gamma": 0.10514571539834656}, "datetime": {"datetime": "2021-09-24 09:50:05", "elapsed": 196.631381, "delta": 2.079622}}
{"target": 0.24187974672672785, "params": {"C": 220.57863558408644, "epsilon": 0.6476172191121294, "gamma": 0.10769509356017397}, "datetime": {"datetime": "2021-09-24 09:50:07", "elapsed": 198.30745, "delta": 1.676069}}
{"target": 0.41395938579749936, "params": {"C": 385.7221515910978, "epsilon": 0.28857055514714336, "gamma": 0.0014698219412492268}, "datetime": {"datetime": "2021-09-24 09:50:09", "elapsed": 200.386393, "delta": 2.078943}}
{"target": 0.4494632248590872, "params": {"C": 225.16936911031053, "epsilon": 0.2557386518923752, "gamma": 0.009725291019710564}, "datetime": {"datetime": "2021-09-24 09:50:10", "elapsed": 201.563379, "delta": 1.176986}}
{"target": 0.3980145642120576, "params": {"C": 297.01155113158757, "epsilon": 0.8305944455005849, "gamma": 0.021255586823801225}, "datetime": {"datetime": "2021-09-24 09:50:12", "elapsed": 203.455813, "delta": 1.892434}}
{"target": 0.42885993292090563, "params": {"C": 385.7799608248748, "epsilon": 0.23201222099607768, "gamma": 0.01303300748865266}, "datetime": {"datetime": "2021-09-24 09:50:14", "elapsed": 205.323025, "delta": 1.867212}}
{"target": 0.42551724739786556, "params": {"C": 297.0502731247347, "epsilon": 0.9740632505634683, "gamma": 0.001}, "datetime": {"datetime": "2021-09-24 09:50:16", "elapsed": 207.228354, "delta": 1.905329}}
{"target": 0.3895154002852429, "params": {"C": 245.15917747880445, "epsilon": 0.15995106907223836, "gamma": 0.026673807984116803}, "datetime": {"datetime": "2021-09-24 09:50:17", "elapsed": 208.745148, "delta": 1.516794}}
{"target": 0.25088995614665677, "params": {"C": 293.19831655452515, "epsilon": 0.12189264253893425, "gamma": 0.08272404543566693}, "datetime": {"datetime": "2021-09-24 09:50:19", "elapsed": 210.610775, "delta": 1.865627}}
{"target": 0.2792941254008108, "params": {"C": 292.9386680581641, "epsilon": 0.08688183304846601, "gamma": 0.06553207134095203}, "datetime": {"datetime": "2021-09-24 09:50:21", "elapsed": 212.659048, "delta": 2.048273}}
{"target": 0.44901153094788404, "params": {"C": 325.18848498664295, "epsilon": 0.08114150480561085, "gamma": 0.009295219344112014}, "datetime": {"datetime": "2021-09-24 09:50:22", "elapsed": 213.737583, "delta": 1.078535}}
{"target": 0.26537956039399424, "params": {"C": 206.34981148072228, "epsilon": 0.7595301427476051, "gamma": 0.10249204629184754}, "datetime": {"datetime": "2021-09-24 09:50:23", "elapsed": 215.098258, "delta": 1.360675}}
{"target": 0.3337785560853308, "params": {"C": 325.07853024858827, "epsilon": 0.13471121239802245, "gamma": 0.03411418751015573}, "datetime": {"datetime": "2021-09-24 09:50:26", "elapsed": 217.217252, "delta": 2.118994}}
{"target": 0.38032191952011096, "params": {"C": 212.690238215097, "epsilon": 0.9388550263023535, "gamma": 0.032203816323880204}, "datetime": {"datetime": "2021-09-24 09:50:27", "elapsed": 218.322421, "delta": 1.105169}}
{"target": 0.27043315296657844, "params": {"C": 325.2673294191533, "epsilon": 0.1241911522170321, "gamma": 0.06553751062295043}, "datetime": {"datetime": "2021-09-24 09:50:29", "elapsed": 220.781561, "delta": 2.45914}}
{"target": 0.42444426462010365, "params": {"C": 224.89181102303203, "epsilon": 0.038233026419368155, "gamma": 0.001}, "datetime": {"datetime": "2021-09-24 09:50:31", "elapsed": 222.570165, "delta": 1.788604}}
{"target": 0.18701541464200566, "params": {"C": 325.11151719689155, "epsilon": 0.022232894363682233, "gamma": 0.09672216923441311}, "datetime": {"datetime": "2021-09-24 09:50:33", "elapsed": 225.124249, "delta": 2.554084}}
{"target": 0.3022608618959064, "params": {"C": 224.8694165937929, "epsilon": 0.11262679795548354, "gamma": 0.06301737350626549}, "datetime": {"datetime": "2021-09-24 09:50:36", "elapsed": 227.976681, "delta": 2.852432}}
{"target": 0.23261454606006227, "params": {"C": 245.34352037368583, "epsilon": 0.17998527422837696, "gamma": 0.1026734945209521}, "datetime": {"datetime": "2021-09-24 09:50:38", "elapsed": 229.563971, "delta": 1.58729}}
{"target": 0.42359531326432565, "params": {"C": 233.66607180895414, "epsilon": 0.2632420472152759, "gamma": 0.0012148902947242606}, "datetime": {"datetime": "2021-09-24 09:50:40", "elapsed": 231.705805, "delta": 2.141834}}
{"target": 0.42062949970579644, "params": {"C": 233.77176243607076, "epsilon": 0.3076240774707404, "gamma": 0.019661938371858256}, "datetime": {"datetime": "2021-09-24 09:50:42", "elapsed": 233.791501, "delta": 2.085696}}
{"target": 0.26800624797640693, "params": {"C": 233.71009974649368, "epsilon": 0.2508244656025766, "gamma": 0.09061440526018394}, "datetime": {"datetime": "2021-09-24 09:50:44", "elapsed": 235.576463, "delta": 1.784962}}
{"target": 0.23962759085707575, "params": {"C": 257.67905343469334, "epsilon": 0.892838573455221, "gamma": 0.09573025209823262}, "datetime": {"datetime": "2021-09-24 09:50:46", "elapsed": 237.344944, "delta": 1.768481}}
{"target": 0.43857052326220214, "params": {"C": 257.830347172429, "epsilon": 0.7201536405552728, "gamma": 0.013861715616417223}, "datetime": {"datetime": "2021-09-24 09:50:48", "elapsed": 239.588572, "delta": 2.243628}}
{"target": 0.4239859640178423, "params": {"C": 245.15504462476275, "epsilon": 0.2987597857750202, "gamma": 0.001}, "datetime": {"datetime": "2021-09-24 09:50:50", "elapsed": 241.973983, "delta": 2.385411}}
