{"target": -45.33838483719785, "params": {"C": 633.8199290825148, "epsilon": 1.598625621234893, "gamma": 0.06889822411494435}, "datetime": {"datetime": "2021-09-28 15:30:24", "elapsed": 126.031831, "delta": 1.035436}}
{"target": -43.28455675037644, "params": {"C": 685.066042904334, "epsilon": 0.5680516127093954, "gamma": 0.05148940612121865}, "datetime": {"datetime": "2021-09-28 15:30:25", "elapsed": 126.941751, "delta": 0.90992}}
{"target": -42.73713976526265, "params": {"C": 685.6595051074117, "epsilon": 0.3386871683792047, "gamma": 0.0441907756499221}, "datetime": {"datetime": "2021-09-28 15:30:26", "elapsed": 128.138285, "delta": 1.196534}}
{"target": -45.76189025797104, "params": {"C": 610.729454944081, "epsilon": 0.4271745244114547, "gamma": 0.07241219581144953}, "datetime": {"datetime": "2021-09-28 15:30:27", "elapsed": 129.02129, "delta": 0.883005}}
{"target": -46.272597727569284, "params": {"C": 685.7388722600272, "epsilon": 0.46523210158333234, "gamma": 0.07038119069780019}, "datetime": {"datetime": "2021-09-28 15:30:28", "elapsed": 130.19838, "delta": 1.17709}}
{"target": -36.658937702464435, "params": {"C": 501.7979724969376, "epsilon": 2.5445234988472176, "gamma": 0.0051497615805745954}, "datetime": {"datetime": "2021-09-28 15:30:29", "elapsed": 131.545383, "delta": 1.347003}}
{"target": -41.104311657363745, "params": {"C": 655.6496805186086, "epsilon": 1.3738823576897299, "gamma": 0.024928457443917897}, "datetime": {"datetime": "2021-09-28 15:30:30", "elapsed": 132.521655, "delta": 0.976272}}
{"target": -52.72166529439887, "params": {"C": 550.9651751167751, "epsilon": 1.7429587294066236, "gamma": 0.17002989782589426}, "datetime": {"datetime": "2021-09-28 15:30:31", "elapsed": 133.455659, "delta": 0.934004}}
{"target": -36.852745547183915, "params": {"C": 501.9406448552506, "epsilon": 2.7630543254630036, "gamma": 0.0059456241593813085}, "datetime": {"datetime": "2021-09-28 15:30:33", "elapsed": 134.771746, "delta": 1.316087}}
{"target": -52.05575312544018, "params": {"C": 501.87970192391396, "epsilon": 2.5228869584875544, "gamma": 0.14630977038646248}, "datetime": {"datetime": "2021-09-28 15:30:34", "elapsed": 135.988811, "delta": 1.217065}}
{"target": -41.969495037777854, "params": {"C": 624.0675811246563, "epsilon": 0.9991401983103511, "gamma": 0.04112859344573689}, "datetime": {"datetime": "2021-09-28 15:30:36", "elapsed": 137.859168, "delta": 1.870357}}
{"target": -43.007994797279196, "params": {"C": 550.2961081084071, "epsilon": 1.4295504270749115, "gamma": 0.05742600824780776}, "datetime": {"datetime": "2021-09-28 15:30:37", "elapsed": 138.821161, "delta": 0.961993}}
{"target": -36.54303975924736, "params": {"C": 501.48099654970736, "epsilon": 2.9822647013359176, "gamma": 0.004189962326359864}, "datetime": {"datetime": "2021-09-28 15:30:37", "elapsed": 139.692162, "delta": 0.871001}}
{"target": -45.01179402079539, "params": {"C": 501.6227255924428, "epsilon": 2.4639366708752495, "gamma": 0.07556055785361045}, "datetime": {"datetime": "2021-09-28 15:30:39", "elapsed": 141.022393, "delta": 1.330231}}
{"target": -51.18045878206387, "params": {"C": 685.8505807627232, "epsilon": 0.2704684509558653, "gamma": 0.10733918188547288}, "datetime": {"datetime": "2021-09-28 15:30:40", "elapsed": 142.163917, "delta": 1.141524}}
{"target": -43.1744787596955, "params": {"C": 655.4423517652069, "epsilon": 1.3882935490435566, "gamma": 0.05263146433299056}, "datetime": {"datetime": "2021-09-28 15:30:41", "elapsed": 143.474907, "delta": 1.31099}}
{"target": -43.55676735642582, "params": {"C": 550.0545611425562, "epsilon": 1.3565922463349025, "gamma": 0.06173981818303887}, "datetime": {"datetime": "2021-09-28 15:30:43", "elapsed": 144.862211, "delta": 1.387304}}
{"target": -38.43685304396504, "params": {"C": 655.8041622024317, "epsilon": 1.416295074628351, "gamma": 0.011459035946845893}, "datetime": {"datetime": "2021-09-28 15:30:44", "elapsed": 146.660217, "delta": 1.798006}}
{"target": -37.842871738961954, "params": {"C": 625.188484986643, "epsilon": 0.24158495786989684, "gamma": 0.01011550308728692}, "datetime": {"datetime": "2021-09-28 15:30:45", "elapsed": 147.577872, "delta": 0.917655}}
{"target": -50.41216743638949, "params": {"C": 506.3498114807223, "epsilon": 2.2781090071071746, "gamma": 0.12263972569062667}, "datetime": {"datetime": "2021-09-28 15:30:47", "elapsed": 148.877275, "delta": 1.299403}}
{"target": -41.32639403170441, "params": {"C": 660.6318498856812, "epsilon": 1.3060253555526042, "gamma": 0.03301236620389459}, "datetime": {"datetime": "2021-09-28 15:30:48", "elapsed": 149.93405, "delta": 1.056775}}
{"target": -40.84982659271606, "params": {"C": 512.690238215097, "epsilon": 2.8164426665473057, "gamma": 0.037774943333329196}, "datetime": {"datetime": "2021-09-28 15:30:49", "elapsed": 150.915046, "delta": 0.980996}}
{"target": -37.23375780515825, "params": {"C": 502.34432803385147, "epsilon": 2.8887267070468683, "gamma": 0.0026498016109966368}, "datetime": {"datetime": "2021-09-28 15:30:50", "elapsed": 152.43705, "delta": 1.522004}}
{"target": -40.4254752847087, "params": {"C": 625.238848661624, "epsilon": 0.14571780525908268, "gamma": 0.02277437208245469}, "datetime": {"datetime": "2021-09-28 15:30:52", "elapsed": 153.997588, "delta": 1.560538}}
{"target": -49.01728407693271, "params": {"C": 655.9478114714436, "epsilon": 1.4525083245353556, "gamma": 0.08671546195240822}, "datetime": {"datetime": "2021-09-28 15:30:54", "elapsed": 155.769588, "delta": 1.772}}
{"target": -45.3859893913194, "params": {"C": 625.0713151011556, "epsilon": 0.17828665012305953, "gamma": 0.06935208394062303}, "datetime": {"datetime": "2021-09-28 15:30:56", "elapsed": 158.07605, "delta": 2.306462}}
{"target": -36.74358525034794, "params": {"C": 501.883600757636, "epsilon": 2.652203348553945, "gamma": 0.0037912011477876377}, "datetime": {"datetime": "2021-09-28 15:30:57", "elapsed": 159.519049, "delta": 1.442999}}
{"target": -40.75042604279241, "params": {"C": 625.1018292600913, "epsilon": 0.40355159632581517, "gamma": 0.023847419350785614}, "datetime": {"datetime": "2021-09-28 15:30:59", "elapsed": 161.071826, "delta": 1.552777}}
{"target": -49.54722624833373, "params": {"C": 625.3067474265171, "epsilon": 0.29776532407434686, "gamma": 0.09555604336744287}, "datetime": {"datetime": "2021-09-28 15:31:01", "elapsed": 162.831336, "delta": 1.75951}}
{"target": -41.413211158804685, "params": {"C": 655.6699962623286, "epsilon": 1.165723893996731, "gamma": 0.03445817908981444}, "datetime": {"datetime": "2021-09-28 15:31:02", "elapsed": 164.312608, "delta": 1.481272}}
{"target": -46.44203702974764, "params": {"C": 655.7671983402532, "epsilon": 1.5975166226128186, "gamma": 0.07264808607657412}, "datetime": {"datetime": "2021-09-28 15:31:04", "elapsed": 165.882952, "delta": 1.570344}}
{"target": -36.79616635755132, "params": {"C": 655.8182194712034, "epsilon": 1.2716001690266245, "gamma": 0.004703316304096415}, "datetime": {"datetime": "2021-09-28 15:31:06", "elapsed": 167.812683, "delta": 1.929731}}
{"target": -49.173575429722085, "params": {"C": 655.7768118301129, "epsilon": 1.1550417804808857, "gamma": 0.0884570612017322}, "datetime": {"datetime": "2021-09-28 15:31:07", "elapsed": 169.681107, "delta": 1.868424}}
{"target": -41.12810961577828, "params": {"C": 597.6465686915702, "epsilon": 2.140988625720226, "gamma": 0.03552202188666296}, "datetime": {"datetime": "2021-09-28 15:31:08", "elapsed": 170.718267, "delta": 1.03716}}
{"target": -37.168209757969315, "params": {"C": 655.4800299026799, "epsilon": 1.16424598068373, "gamma": 0.0016478850586545755}, "datetime": {"datetime": "2021-09-28 15:31:11", "elapsed": 172.75055, "delta": 2.032283}}
{"target": -41.614811481728076, "params": {"C": 554.7531161015975, "epsilon": 0.005911889004727294, "gamma": 0.03952608464840515}, "datetime": {"datetime": "2021-09-28 15:31:12", "elapsed": 173.905552, "delta": 1.155002}}
{"target": -52.58372215629804, "params": {"C": 655.4724950761787, "epsilon": 1.2108951549021945, "gamma": 0.17891370496205083}, "datetime": {"datetime": "2021-09-28 15:31:14", "elapsed": 175.826864, "delta": 1.921312}}
{"target": -44.84848198913277, "params": {"C": 550.0347424842262, "epsilon": 1.3504329859412927, "gamma": 0.07100098745920688}, "datetime": {"datetime": "2021-09-28 15:31:15", "elapsed": 177.118484, "delta": 1.29162}}
{"target": -46.914121951008866, "params": {"C": 655.5271311434911, "epsilon": 1.0071240068669751, "gamma": 0.07468006674788978}, "datetime": {"datetime": "2021-09-28 15:31:17", "elapsed": 179.040368, "delta": 1.921884}}
{"target": -37.14848115432435, "params": {"C": 599.5523232039602, "epsilon": 1.046370786219774, "gamma": 0.0023044580552825013}, "datetime": {"datetime": "2021-09-28 15:31:19", "elapsed": 180.844836, "delta": 1.804468}}
{"target": -44.098265245089195, "params": {"C": 620.4527895641318, "epsilon": 0.08281873484927826, "gamma": 0.06095402674897443}, "datetime": {"datetime": "2021-09-28 15:31:20", "elapsed": 181.986794, "delta": 1.141958}}
{"target": -53.13389500604331, "params": {"C": 599.4656711010117, "epsilon": 1.0628534942948296, "gamma": 0.1469725024209884}, "datetime": {"datetime": "2021-09-28 15:31:22", "elapsed": 184.115251, "delta": 2.128457}}
{"target": -37.04676743063478, "params": {"C": 536.3259153379898, "epsilon": 1.4255760911547055, "gamma": 0.002410788653808767}, "datetime": {"datetime": "2021-09-28 15:31:23", "elapsed": 185.654256, "delta": 1.539005}}
{"target": -39.07076463542644, "params": {"C": 599.7066197152045, "epsilon": 1.0695362997606945, "gamma": 0.015195090921063777}, "datetime": {"datetime": "2021-09-28 15:31:25", "elapsed": 187.070095, "delta": 1.415839}}
{"target": -36.70576702943049, "params": {"C": 520.0023952136153, "epsilon": 1.541499851408484, "gamma": 0.004150674372528149}, "datetime": {"datetime": "2021-09-28 15:31:26", "elapsed": 188.313869, "delta": 1.243774}}
{"target": -48.57690835463898, "params": {"C": 519.8823785962172, "epsilon": 1.5636069437593927, "gamma": 0.09479368560270704}, "datetime": {"datetime": "2021-09-28 15:31:28", "elapsed": 190.0518, "delta": 1.737931}}
{"target": -53.4627906111523, "params": {"C": 695.6460168917679, "epsilon": 1.2369986386141127, "gamma": 0.1510150697123411}, "datetime": {"datetime": "2021-09-28 15:31:29", "elapsed": 191.158803, "delta": 1.107003}}
{"target": -37.16630391139557, "params": {"C": 655.5441732229114, "epsilon": 1.2157334400023116, "gamma": 0.001774591299641152}, "datetime": {"datetime": "2021-09-28 15:31:31", "elapsed": 192.816319, "delta": 1.657516}}
{"target": -41.656404722476296, "params": {"C": 599.8552654896769, "epsilon": 1.6856467414076397, "gamma": 0.04035976579589549}, "datetime": {"datetime": "2021-09-28 15:31:32", "elapsed": 194.22364, "delta": 1.407321}}
{"target": -36.54586531583256, "params": {"C": 643.722249083309, "epsilon": 1.923897075806904, "gamma": 0.0007115301965380896}, "datetime": {"datetime": "2021-09-28 15:31:33", "elapsed": 195.367642, "delta": 1.144002}}
{"target": -48.91708831901027, "params": {"C": 596.2768018100671, "epsilon": 0.006353635997356216, "gamma": 0.08971026660319013}, "datetime": {"datetime": "2021-09-28 15:31:34", "elapsed": 196.621086, "delta": 1.253444}}
{"target": -44.267444521388384, "params": {"C": 643.6061706184222, "epsilon": 1.734538762714678, "gamma": 0.06090466243227131}, "datetime": {"datetime": "2021-09-28 15:31:36", "elapsed": 198.663636, "delta": 2.04255}}
{"target": -40.45651375159419, "params": {"C": 501.73776585143423, "epsilon": 2.634877241552193, "gamma": 0.0290603700482949}, "datetime": {"datetime": "2021-09-28 15:31:38", "elapsed": 200.534999, "delta": 1.871363}}
{"target": -49.77226924387105, "params": {"C": 520.080520579095, "epsilon": 1.472386002731761, "gamma": 0.1122754448484381}, "datetime": {"datetime": "2021-09-28 15:31:41", "elapsed": 202.755772, "delta": 2.220773}}
{"target": -36.43404074692508, "params": {"C": 643.7836362289654, "epsilon": 2.0252619243118946, "gamma": 0.0001}, "datetime": {"datetime": "2021-09-28 15:31:43", "elapsed": 204.858147, "delta": 2.102375}}
{"target": -42.9775540620919, "params": {"C": 643.9032634388963, "epsilon": 1.8494839178898994, "gamma": 0.0519350859801255}, "datetime": {"datetime": "2021-09-28 15:31:45", "elapsed": 206.822015, "delta": 1.963868}}
{"target": -47.87072702966835, "params": {"C": 512.5834603454689, "epsilon": 2.9741003118738, "gamma": 0.0895862298628417}, "datetime": {"datetime": "2021-09-28 15:31:46", "elapsed": 208.661177, "delta": 1.839162}}
{"target": -41.716109958487465, "params": {"C": 643.5483119132765, "epsilon": 1.955916503775063, "gamma": 0.0388493065613491}, "datetime": {"datetime": "2021-09-28 15:31:48", "elapsed": 210.36718, "delta": 1.706003}}
{"target": -44.210455757534326, "params": {"C": 566.4538937337279, "epsilon": 2.4276145298472636, "gamma": 0.06548807195078658}, "datetime": {"datetime": "2021-09-28 15:31:49", "elapsed": 211.688788, "delta": 1.321608}}
{"target": -45.55815007526292, "params": {"C": 643.6540223372804, "epsilon": 1.986766281559051, "gamma": 0.0694442014784341}, "datetime": {"datetime": "2021-09-28 15:31:51", "elapsed": 213.613962, "delta": 1.925174}}
{"target": -48.75242233423589, "params": {"C": 643.7629510914475, "epsilon": 1.8626422634273871, "gamma": 0.08528269002834195}, "datetime": {"datetime": "2021-09-28 15:31:53", "elapsed": 215.585201, "delta": 1.971239}}
{"target": -40.01050717626619, "params": {"C": 536.6222086206535, "epsilon": 2.7163612498296086, "gamma": 0.02411833617489277}, "datetime": {"datetime": "2021-09-28 15:31:54", "elapsed": 216.714135, "delta": 1.128934}}
{"target": -39.963889431725164, "params": {"C": 613.2132538116576, "epsilon": 0.34708459960512283, "gamma": 0.02065237720269583}, "datetime": {"datetime": "2021-09-28 15:31:56", "elapsed": 217.969737, "delta": 1.255602}}
{"target": -37.99384770257843, "params": {"C": 599.6850289823277, "epsilon": 0.8276344572757645, "gamma": 0.010637544367023343}, "datetime": {"datetime": "2021-09-28 15:31:58", "elapsed": 219.832282, "delta": 1.862545}}
{"target": -52.50624574010894, "params": {"C": 528.1520270500756, "epsilon": 0.2866357429529406, "gamma": 0.14681020420062144}, "datetime": {"datetime": "2021-09-28 15:31:59", "elapsed": 221.286345, "delta": 1.454063}}
{"target": -37.38454680984464, "params": {"C": 550.1868257084222, "epsilon": 1.528345164971971, "gamma": 0.0001}, "datetime": {"datetime": "2021-09-28 15:32:02", "elapsed": 224.314203, "delta": 3.027858}}
{"target": -41.42719328328898, "params": {"C": 598.3633042012118, "epsilon": 0.43911266342520777, "gamma": 0.03411589194059395}, "datetime": {"datetime": "2021-09-28 15:32:04", "elapsed": 225.9392, "delta": 1.624997}}
{"target": -38.01103805432435, "params": {"C": 599.5493406559598, "epsilon": 0.9206501464979875, "gamma": 0.010651847233180531}, "datetime": {"datetime": "2021-09-28 15:32:05", "elapsed": 227.713159, "delta": 1.773959}}
{"target": -49.36201057742204, "params": {"C": 599.7772465894507, "epsilon": 0.8570108601619177, "gamma": 0.09642799971720621}, "datetime": {"datetime": "2021-09-28 15:32:08", "elapsed": 229.76524, "delta": 2.052081}}
{"target": -51.05798534647978, "params": {"C": 501.3182290647737, "epsilon": 2.990604692843902, "gamma": 0.13288822457550292}, "datetime": {"datetime": "2021-09-28 15:32:10", "elapsed": 232.020491, "delta": 2.255251}}
{"target": -52.692027553099884, "params": {"C": 537.617275401175, "epsilon": 2.2834819508654802, "gamma": 0.1511376084456044}, "datetime": {"datetime": "2021-09-28 15:32:11", "elapsed": 233.489495, "delta": 1.469004}}
{"target": -40.73865915626469, "params": {"C": 643.911078819258, "epsilon": 2.1216854615263134, "gamma": 0.023996878958065664}, "datetime": {"datetime": "2021-09-28 15:32:15", "elapsed": 236.943024, "delta": 3.453529}}
{"target": -37.659475993082054, "params": {"C": 599.5943925528085, "epsilon": 1.2343661053610364, "gamma": 0.008860401839081435}, "datetime": {"datetime": "2021-09-28 15:32:17", "elapsed": 239.129553, "delta": 2.186529}}
{"target": -44.64787999278305, "params": {"C": 648.2001852676212, "epsilon": 2.0335020430641944, "gamma": 0.06385208304847105}, "datetime": {"datetime": "2021-09-28 15:32:19", "elapsed": 240.840138, "delta": 1.710585}}
{"target": -47.85966318046376, "params": {"C": 536.6678837891205, "epsilon": 2.875633076741149, "gamma": 0.08743422967132453}, "datetime": {"datetime": "2021-09-28 15:32:21", "elapsed": 243.026699, "delta": 2.186561}}
{"target": -49.7839250448708, "params": {"C": 599.5641271864826, "epsilon": 0.7419043438169498, "gamma": 0.10230015125469298}, "datetime": {"datetime": "2021-09-28 15:32:23", "elapsed": 244.908421, "delta": 1.881722}}
{"target": -52.933410576869434, "params": {"C": 613.2745591518186, "epsilon": 0.35213431198766476, "gamma": 0.16949758577874324}, "datetime": {"datetime": "2021-09-28 15:32:25", "elapsed": 247.353366, "delta": 2.444945}}
{"target": -46.77274718563326, "params": {"C": 632.30376598959, "epsilon": 2.0775163712828397, "gamma": 0.07529735787713206}, "datetime": {"datetime": "2021-09-28 15:32:27", "elapsed": 248.80175, "delta": 1.448384}}
{"target": -36.81652503558728, "params": {"C": 599.6824553712081, "epsilon": 1.3752389049891875, "gamma": 0.0032910247727265993}, "datetime": {"datetime": "2021-09-28 15:32:29", "elapsed": 250.986728, "delta": 2.184978}}
{"target": -40.690598456360355, "params": {"C": 655.7077483491768, "epsilon": 1.287800335004131, "gamma": 0.023007874284911953}, "datetime": {"datetime": "2021-09-28 15:32:31", "elapsed": 253.485544, "delta": 2.498816}}
{"target": -43.018601307005994, "params": {"C": 529.8423708922546, "epsilon": 2.2714001098759162, "gamma": 0.059263754744636354}, "datetime": {"datetime": "2021-09-28 15:32:33", "elapsed": 255.030072, "delta": 1.544528}}
{"target": -48.60018600860979, "params": {"C": 512.8545213815339, "epsilon": 2.780066241109939, "gamma": 0.09725947221846393}, "datetime": {"datetime": "2021-09-28 15:32:35", "elapsed": 256.85237, "delta": 1.822298}}
{"target": -51.0144525234967, "params": {"C": 536.6016477680214, "epsilon": 2.5798979563315894, "gamma": 0.1260899929626769}, "datetime": {"datetime": "2021-09-28 15:32:37", "elapsed": 258.921782, "delta": 2.069412}}
{"target": -39.41214911603863, "params": {"C": 623.9657364105792, "epsilon": 1.134589036610429, "gamma": 0.017413388494137125}, "datetime": {"datetime": "2021-09-28 15:32:39", "elapsed": 260.974301, "delta": 2.052519}}
{"target": -40.25983909589323, "params": {"C": 691.2969040308598, "epsilon": 1.5937547041357352, "gamma": 0.021089378635715573}, "datetime": {"datetime": "2021-09-28 15:32:40", "elapsed": 262.41736, "delta": 1.443059}}
{"target": -51.21976467205845, "params": {"C": 610.0749591598778, "epsilon": 1.0472501409367116, "gamma": 0.11723753704738761}, "datetime": {"datetime": "2021-09-28 15:32:42", "elapsed": 263.962356, "delta": 1.544996}}
{"target": -38.99166241847457, "params": {"C": 599.8411723238, "epsilon": 1.4855192976831668, "gamma": 0.015039266790905077}, "datetime": {"datetime": "2021-09-28 15:32:45", "elapsed": 266.775612, "delta": 2.813256}}
{"target": -53.009408259678146, "params": {"C": 623.9909819865491, "epsilon": 1.2305617319632494, "gamma": 0.16415458572763517}, "datetime": {"datetime": "2021-09-28 15:32:47", "elapsed": 268.726623, "delta": 1.951011}}
{"target": -36.999676863633965, "params": {"C": 524.0974585343487, "epsilon": 1.3759903784785747, "gamma": 0.002328691216719198}, "datetime": {"datetime": "2021-09-28 15:32:49", "elapsed": 271.373905, "delta": 2.647282}}
{"target": -36.72870261116277, "params": {"C": 520.0827492846943, "epsilon": 1.659627578576459, "gamma": 0.004984886580081309}, "datetime": {"datetime": "2021-09-28 15:32:51", "elapsed": 273.416834, "delta": 2.042929}}
{"target": -36.848144321680195, "params": {"C": 501.936352635606, "epsilon": 2.8950701350753483, "gamma": 0.003580428702246046}, "datetime": {"datetime": "2021-09-28 15:32:53", "elapsed": 275.675824, "delta": 2.25899}}
{"target": -38.17213637134545, "params": {"C": 613.0733168132548, "epsilon": 0.43294008237576503, "gamma": 0.011556178236252235}, "datetime": {"datetime": "2021-09-28 15:32:56", "elapsed": 277.966814, "delta": 2.29099}}
{"target": -40.99673274751587, "params": {"C": 520.0640623846382, "epsilon": 1.8340000374813834, "gamma": 0.03752168880551559}, "datetime": {"datetime": "2021-09-28 15:32:59", "elapsed": 280.942397, "delta": 2.975583}}
{"target": -53.12500068110862, "params": {"C": 612.9904825160542, "epsilon": 0.5011577743971176, "gamma": 0.14155122252277963}, "datetime": {"datetime": "2021-09-28 15:33:01", "elapsed": 283.374245, "delta": 2.431848}}
{"target": -38.639534499102005, "params": {"C": 691.4037607218955, "epsilon": 1.4930632501202779, "gamma": 0.01242974127693404}, "datetime": {"datetime": "2021-09-28 15:33:04", "elapsed": 286.03906, "delta": 2.664815}}
{"target": -48.19584024101043, "params": {"C": 552.6458021166934, "epsilon": 2.561836724772556, "gamma": 0.08827919684003602}, "datetime": {"datetime": "2021-09-28 15:33:05", "elapsed": 287.685784, "delta": 1.646724}}
{"target": -53.075081534204884, "params": {"C": 691.4113672121109, "epsilon": 1.383337581626923, "gamma": 0.16480091996387364}, "datetime": {"datetime": "2021-09-28 15:33:08", "elapsed": 290.232941, "delta": 2.547157}}
{"target": -48.94324155659104, "params": {"C": 555.7673070878352, "epsilon": 0.6475747550852883, "gamma": 0.09450449954513743}, "datetime": {"datetime": "2021-09-28 15:33:10", "elapsed": 291.790254, "delta": 1.557313}}
{"target": -53.27230412564209, "params": {"C": 619.5936542810238, "epsilon": 0.13300659256873557, "gamma": 0.15641672073179685}, "datetime": {"datetime": "2021-09-28 15:33:11", "elapsed": 293.297872, "delta": 1.507618}}
{"target": -37.520617436757774, "params": {"C": 597.7815310934974, "epsilon": 2.117204509976606, "gamma": 0.008164059758539842}, "datetime": {"datetime": "2021-09-28 15:33:13", "elapsed": 295.581621, "delta": 2.283749}}
