{"target": 0.3818426130479131, "params": {"C": 33.876850395552836, "epsilon": 0.6447380812117487, "gamma": 0.10050802307879085}, "datetime": {"datetime": "2021-09-24 08:43:47", "elapsed": 255.260564, "delta": 1.982674}}
{"target": 0.4161061075108654, "params": {"C": 14.539677744583612, "epsilon": 0.9959431004136253, "gamma": 0.010982420313351744}, "datetime": {"datetime": "2021-09-24 08:43:49", "elapsed": 257.518951, "delta": 2.258387}}
{"target": 0.27480652933253746, "params": {"C": 67.6101910595042, "epsilon": 0.25251686085686226, "gamma": 0.25222545081358627}, "datetime": {"datetime": "2021-09-24 08:43:51", "elapsed": 258.853094, "delta": 1.334143}}
{"target": 0.35352658904092604, "params": {"C": 30.546541034059917, "epsilon": 0.259537879013949, "gamma": 0.0009242962343395286}, "datetime": {"datetime": "2021-09-24 08:43:53", "elapsed": 260.880666, "delta": 2.027572}}
{"target": 0.10805422458388236, "params": {"C": 19.805426481588444, "epsilon": 0.38180988852280057, "gamma": 0.44564344983239595}, "datetime": {"datetime": "2021-09-24 08:43:54", "elapsed": 262.206586, "delta": 1.32592}}
{"target": 0.04733521184732925, "params": {"C": 36.447779151662004, "epsilon": 0.8239310445422708, "gamma": 0.8041338082480829}, "datetime": {"datetime": "2021-09-24 08:43:55", "elapsed": 263.428201, "delta": 1.221615}}
{"target": 0.42447780884271324, "params": {"C": 33.72619755013696, "epsilon": 0.6892077914540812, "gamma": 0.009018096306228044}, "datetime": {"datetime": "2021-09-24 08:43:56", "elapsed": 264.621712, "delta": 1.193511}}
{"target": 0.36670573358418057, "params": {"C": 14.498839626575847, "epsilon": 0.7080015655884464, "gamma": 0.11861709161183497}, "datetime": {"datetime": "2021-09-24 08:43:58", "elapsed": 266.515958, "delta": 1.894246}}
{"target": 0.37847011006415765, "params": {"C": 33.64768990045892, "epsilon": 0.5740682997234248, "gamma": 0.10672861760646608}, "datetime": {"datetime": "2021-09-24 08:44:00", "elapsed": 268.621383, "delta": 2.105425}}
{"target": 0.4118214102287927, "params": {"C": 27.547337412000907, "epsilon": 0.5142832430821695, "gamma": 0.05534161994810116}, "datetime": {"datetime": "2021-09-24 08:44:02", "elapsed": 270.606146, "delta": 1.984763}}
{"target": 0.397153102357902, "params": {"C": 28.728092903346294, "epsilon": 0.02325126885435231, "gamma": 0.08389984106942802}, "datetime": {"datetime": "2021-09-24 08:44:05", "elapsed": 272.889867, "delta": 2.283721}}
{"target": 0.4186267797560803, "params": {"C": 53.664959032605935, "epsilon": 0.44341305330984687, "gamma": 0.045221799526907046}, "datetime": {"datetime": "2021-09-24 08:44:07", "elapsed": 275.229737, "delta": 2.33987}}
{"target": 0.38475374649342653, "params": {"C": 33.68538547816736, "epsilon": 0.7706350036658998, "gamma": 0.09548803860428083}, "datetime": {"datetime": "2021-09-24 08:44:09", "elapsed": 277.235176, "delta": 2.005439}}
{"target": 0.050630207460640064, "params": {"C": 74.39135950143968, "epsilon": 0.9092548838428074, "gamma": 0.9934605438574421}, "datetime": {"datetime": "2021-09-24 08:44:10", "elapsed": 278.295374, "delta": 1.060198}}
{"target": 0.12324798429468309, "params": {"C": 92.60055759804199, "epsilon": 0.7772592848265423, "gamma": 0.6048874391591218}, "datetime": {"datetime": "2021-09-24 08:44:11", "elapsed": 279.602715, "delta": 1.307341}}
{"target": 0.2215874986855716, "params": {"C": 20.82849727219087, "epsilon": 0.7194391749187473, "gamma": 0.2884716656154698}, "datetime": {"datetime": "2021-09-24 08:44:13", "elapsed": 280.945532, "delta": 1.342817}}
{"target": 0.04217070726503058, "params": {"C": 43.509535914986344, "epsilon": 0.7801518014702093, "gamma": 0.9042816257837809}, "datetime": {"datetime": "2021-09-24 08:44:14", "elapsed": 282.141616, "delta": 1.196084}}
{"target": 0.40615810843395506, "params": {"C": 28.476023816933477, "epsilon": 0.033033413391362024, "gamma": 0.06713835676454716}, "datetime": {"datetime": "2021-09-24 08:44:17", "elapsed": 285.09996, "delta": 2.958344}}
{"target": 0.35612137961610624, "params": {"C": 53.74876149736793, "epsilon": 0.40576727333805407, "gamma": 0.11757977541069906}, "datetime": {"datetime": "2021-09-24 08:44:20", "elapsed": 287.81737, "delta": 2.71741}}
{"target": 0.37303257629083786, "params": {"C": 53.6407332388031, "epsilon": 0.3487484556072699, "gamma": 0.09252789996586956}, "datetime": {"datetime": "2021-09-24 08:44:22", "elapsed": 290.642086, "delta": 2.824716}}
{"target": 0.048846880309058927, "params": {"C": 6.77213412119247, "epsilon": 0.46113542567697263, "gamma": 0.4242623289098962}, "datetime": {"datetime": "2021-09-24 08:44:24", "elapsed": 291.81891, "delta": 1.176824}}
{"target": 0.41095658202555607, "params": {"C": 28.420210042931622, "epsilon": 0.969902359228007, "gamma": 0.05749777713774618}, "datetime": {"datetime": "2021-09-24 08:44:25", "elapsed": 293.689684, "delta": 1.870774}}
{"target": 0.3686683651440513, "params": {"C": 28.223182019639513, "epsilon": 0.912449718850602, "gamma": 0.13279284150235418}, "datetime": {"datetime": "2021-09-24 08:44:28", "elapsed": 296.118856, "delta": 2.429172}}
{"target": 0.2198251684998277, "params": {"C": 97.09788969491906, "epsilon": 0.840941607092035, "gamma": 0.30360114439055724}, "datetime": {"datetime": "2021-09-24 08:44:29", "elapsed": 297.494122, "delta": 1.375266}}
{"target": 0.42787426622351277, "params": {"C": 40.4582856540047, "epsilon": 0.27383969628195126, "gamma": 0.028593476235794408}, "datetime": {"datetime": "2021-09-24 08:44:32", "elapsed": 300.328261, "delta": 2.834139}}
{"target": 0.37125727864525815, "params": {"C": 40.40496187081386, "epsilon": 0.17500844473779917, "gamma": 0.0008908456857156994}, "datetime": {"datetime": "2021-09-24 08:44:35", "elapsed": 303.065824, "delta": 2.737563}}
{"target": 0.3979875240997526, "params": {"C": 40.6035083793784, "epsilon": 0.291862400397625, "gamma": 0.06917201435074179}, "datetime": {"datetime": "2021-09-24 08:44:37", "elapsed": 305.286768, "delta": 2.220944}}
{"target": 0.39989551828029823, "params": {"C": 33.24592124851928, "epsilon": 0.5602810728558428, "gamma": 0.002073457456722353}, "datetime": {"datetime": "2021-09-24 08:44:40", "elapsed": 308.702175, "delta": 3.415407}}
{"target": 0.15772489004381185, "params": {"C": 53.76018728428918, "epsilon": 0.38451500839033914, "gamma": 0.0001}, "datetime": {"datetime": "2021-09-24 08:44:43", "elapsed": 311.294709, "delta": 2.592534}}
{"target": 0.3698620253266607, "params": {"C": 40.41862906908956, "epsilon": 0.18934962516070147, "gamma": 0.11107916588637207}, "datetime": {"datetime": "2021-09-24 08:44:45", "elapsed": 313.609965, "delta": 2.315256}}
{"target": 0.0629992061626441, "params": {"C": 49.444551633534374, "epsilon": 0.8680874893783626, "gamma": 0.7832614133967952}, "datetime": {"datetime": "2021-09-24 08:44:47", "elapsed": 314.858115, "delta": 1.24815}}
{"target": 0.21869640542185775, "params": {"C": 14.227331964915152, "epsilon": 0.8608858475649301, "gamma": 0.2533125161249037}, "datetime": {"datetime": "2021-09-24 08:44:50", "elapsed": 318.226905, "delta": 3.36879}}
{"target": 0.24529999398704716, "params": {"C": 78.81249271541236, "epsilon": 0.9460551468355552, "gamma": 0.28100103742168386}, "datetime": {"datetime": "2021-09-24 08:44:51", "elapsed": 319.447982, "delta": 1.221077}}
{"target": 0.3672512362681214, "params": {"C": 33.245141799913284, "epsilon": 0.5942795536208989, "gamma": 0.12912874979440073}, "datetime": {"datetime": "2021-09-24 08:44:54", "elapsed": 322.453593, "delta": 3.005611}}
{"target": 0.12213536424885318, "params": {"C": 87.89928912222254, "epsilon": 0.2341096738258319, "gamma": 0.61345638792272}, "datetime": {"datetime": "2021-09-24 08:44:55", "elapsed": 323.756194, "delta": 1.302601}}
{"target": 0.03513726610189738, "params": {"C": 38.99701849027541, "epsilon": 0.2766732497131611, "gamma": 0.9369573879859617}, "datetime": {"datetime": "2021-09-24 08:44:57", "elapsed": 325.176035, "delta": 1.419841}}
{"target": 0.43756395105085133, "params": {"C": 53.56632105071261, "epsilon": 0.2699479048468138, "gamma": 0.02293436347808759}, "datetime": {"datetime": "2021-09-24 08:44:59", "elapsed": 327.357872, "delta": 2.181837}}
{"target": 0.42896037086196825, "params": {"C": 76.99756462689707, "epsilon": 0.28546588726838956, "gamma": 0.03120543799714076}, "datetime": {"datetime": "2021-09-24 08:45:00", "elapsed": 328.688003, "delta": 1.330131}}
{"target": 0.3442154361781936, "params": {"C": 53.66122315622307, "epsilon": 0.5467473279406876, "gamma": 0.1415852233520021}, "datetime": {"datetime": "2021-09-24 08:45:03", "elapsed": 331.163214, "delta": 2.475211}}
{"target": 0.030702739515203192, "params": {"C": 38.879510935676834, "epsilon": 0.0784982183006271, "gamma": 0.9893430087992472}, "datetime": {"datetime": "2021-09-24 08:45:04", "elapsed": 332.42779, "delta": 1.264576}}
{"target": 0.024340638801803594, "params": {"C": 30.431910622998654, "epsilon": 0.06354377440759527, "gamma": 0.9768584960343855}, "datetime": {"datetime": "2021-09-24 08:45:05", "elapsed": 333.752792, "delta": 1.325002}}
{"target": 0.13345097477159262, "params": {"C": 74.60513883720715, "epsilon": 0.6476140396208678, "gamma": 0.5703272131993556}, "datetime": {"datetime": "2021-09-24 08:45:07", "elapsed": 335.218606, "delta": 1.465814}}
{"target": 0.42625455915442767, "params": {"C": 53.55971353219976, "epsilon": 0.3973118629526286, "gamma": 0.034704370677915396}, "datetime": {"datetime": "2021-09-24 08:45:09", "elapsed": 337.358476, "delta": 2.13987}}
{"target": 0.12412304152500775, "params": {"C": 50.99720657806897, "epsilon": 0.6440136312337661, "gamma": 0.5567125232524409}, "datetime": {"datetime": "2021-09-24 08:45:10", "elapsed": 338.75875, "delta": 1.400274}}
{"target": 0.0484557654453589, "params": {"C": 9.862448819102047, "epsilon": 0.23319834210230647, "gamma": 0.48916543271297835}, "datetime": {"datetime": "2021-09-24 08:45:12", "elapsed": 340.079191, "delta": 1.320441}}
{"target": 0.4280283903088231, "params": {"C": 76.89556828563408, "epsilon": 0.34180510748667686, "gamma": 0.03257290264370399}, "datetime": {"datetime": "2021-09-24 08:45:15", "elapsed": 342.840874, "delta": 2.761683}}
{"target": 0.0354510185546415, "params": {"C": 16.38240627446633, "epsilon": 0.4540785969855867, "gamma": 0.6650465169386127}, "datetime": {"datetime": "2021-09-24 08:45:16", "elapsed": 344.243187, "delta": 1.402313}}
{"target": 0.17468245397588378, "params": {"C": 98.80313472661194, "epsilon": 0.8812469493489613, "gamma": 0.42802698015385676}, "datetime": {"datetime": "2021-09-24 08:45:17", "elapsed": 345.625433, "delta": 1.382246}}
{"target": 0.35225257295201606, "params": {"C": 40.5062191120679, "epsilon": 0.29215457943913903, "gamma": 0.14459870741097916}, "datetime": {"datetime": "2021-09-24 08:45:20", "elapsed": 348.658749, "delta": 3.033316}}
{"target": 0.3510036311027649, "params": {"C": 76.98979314054502, "epsilon": 0.2054023812587686, "gamma": 0.10022877553329519}, "datetime": {"datetime": "2021-09-24 08:45:24", "elapsed": 352.676089, "delta": 4.01734}}
{"target": 0.3578181225128825, "params": {"C": 77.0815760328127, "epsilon": 0.4037070048047712, "gamma": 0.09060085426855441}, "datetime": {"datetime": "2021-09-24 08:45:27", "elapsed": 355.298284, "delta": 2.622195}}
{"target": 0.28114465570931946, "params": {"C": 76.95215409297798, "epsilon": 0.35221002599362117, "gamma": 0.22046253621908338}, "datetime": {"datetime": "2021-09-24 08:45:31", "elapsed": 359.116953, "delta": 3.818669}}
{"target": 0.07203554622373765, "params": {"C": 68.17039725807146, "epsilon": 0.5100959462534503, "gamma": 0.807353052230704}, "datetime": {"datetime": "2021-09-24 08:45:32", "elapsed": 360.433139, "delta": 1.316186}}
{"target": 0.274811901416421, "params": {"C": 86.44251083125846, "epsilon": 0.5855946951220318, "gamma": 0.2105100815654148}, "datetime": {"datetime": "2021-09-24 08:45:34", "elapsed": 361.836313, "delta": 1.403174}}
{"target": 0.3309053905486701, "params": {"C": 27.29565003671306, "epsilon": 0.719988075782327, "gamma": 0.19274348203388483}, "datetime": {"datetime": "2021-09-24 08:45:36", "elapsed": 364.644247, "delta": 2.807934}}
{"target": 0.37587854055156056, "params": {"C": 30.88803115914552, "epsilon": 0.06133836127286068, "gamma": 0.11543479913007404}, "datetime": {"datetime": "2021-09-24 08:45:39", "elapsed": 367.73412, "delta": 3.089873}}
{"target": 0.17656702348042475, "params": {"C": 87.6025967253274, "epsilon": 0.6321079573520131, "gamma": 0.4416635837108733}, "datetime": {"datetime": "2021-09-24 08:45:41", "elapsed": 369.04019, "delta": 1.30607}}
{"target": 0.3457436749736169, "params": {"C": 40.586903790344515, "epsilon": 0.1665443135122581, "gamma": 0.15925567020162937}, "datetime": {"datetime": "2021-09-24 08:45:43", "elapsed": 371.557282, "delta": 2.517092}}
{"target": 0.37754850169196963, "params": {"C": 8.797699582901108, "epsilon": 0.3845205480689908, "gamma": 0.07895303416835457}, "datetime": {"datetime": "2021-09-24 08:45:45", "elapsed": 372.846447, "delta": 1.289165}}
{"target": 0.33344654043829536, "params": {"C": 28.25220631654316, "epsilon": 0.026918438471014706, "gamma": 0.1913359382457511}, "datetime": {"datetime": "2021-09-24 08:45:48", "elapsed": 375.981173, "delta": 3.134726}}
{"target": 0.42208468969252677, "params": {"C": 53.59504871957659, "epsilon": 0.5145510151350814, "gamma": 0.04093854943612342}, "datetime": {"datetime": "2021-09-24 08:45:51", "elapsed": 378.849545, "delta": 2.868372}}
{"target": 0.07369248395690098, "params": {"C": 34.497296486146986, "epsilon": 0.7651751705135871, "gamma": 0.6466080806345417}, "datetime": {"datetime": "2021-09-24 08:45:52", "elapsed": 380.268465, "delta": 1.41892}}
{"target": 0.32171827753732396, "params": {"C": 27.79655110351446, "epsilon": 0.39184748973668904, "gamma": 0.2050291249267454}, "datetime": {"datetime": "2021-09-24 08:45:53", "elapsed": 381.738377, "delta": 1.469912}}
{"target": 0.3312685640219365, "params": {"C": 34.12241376180604, "epsilon": 0.4705284442180243, "gamma": 0.19418435739126813}, "datetime": {"datetime": "2021-09-24 08:45:56", "elapsed": 384.339992, "delta": 2.601615}}
{"target": 0.38322950611784534, "params": {"C": 28.450041800390114, "epsilon": 0.4219787432912308, "gamma": 0.10519720275970697}, "datetime": {"datetime": "2021-09-24 08:45:59", "elapsed": 387.256992, "delta": 2.917}}
{"target": 0.15755992203556224, "params": {"C": 53.647962705603696, "epsilon": 0.19251692859981584, "gamma": 0.0001}, "datetime": {"datetime": "2021-09-24 08:46:02", "elapsed": 390.672459, "delta": 3.415467}}
{"target": 0.41559981419716885, "params": {"C": 76.8169749698191, "epsilon": 0.2646260494557986, "gamma": 0.04405175848996181}, "datetime": {"datetime": "2021-09-24 08:46:05", "elapsed": 393.59279, "delta": 2.920331}}
{"target": 0.422883476334436, "params": {"C": 33.75661341518164, "epsilon": 0.6880171231521565, "gamma": 0.008144619747356962}, "datetime": {"datetime": "2021-09-24 08:46:07", "elapsed": 394.929764, "delta": 1.336974}}
{"target": 0.35463522304608186, "params": {"C": 53.50201802006193, "epsilon": 0.3030665671332904, "gamma": 0.12032900626353187}, "datetime": {"datetime": "2021-09-24 08:46:11", "elapsed": 399.001297, "delta": 4.071533}}
{"target": 0.36797443409074315, "params": {"C": 76.80851008637099, "epsilon": 0.37182510174669337, "gamma": 0.07773664990917659}, "datetime": {"datetime": "2021-09-24 08:46:13", "elapsed": 401.627273, "delta": 2.625976}}
{"target": 0.06749344697204585, "params": {"C": 93.11872800913468, "epsilon": 0.9292309653473624, "gamma": 0.8903632528502798}, "datetime": {"datetime": "2021-09-24 08:46:15", "elapsed": 403.115818, "delta": 1.488545}}
{"target": 0.12346289191874826, "params": {"C": 40.64725666427747, "epsilon": 0.18494420942975748, "gamma": 0.0001}, "datetime": {"datetime": "2021-09-24 08:46:18", "elapsed": 406.152772, "delta": 3.036954}}
{"target": 0.3859933383720531, "params": {"C": 33.943248851819334, "epsilon": 0.7906573445232868, "gamma": 0.09289518610986443}, "datetime": {"datetime": "2021-09-24 08:46:20", "elapsed": 408.616825, "delta": 2.464053}}
{"target": 0.4295189820353048, "params": {"C": 40.53828057795004, "epsilon": 0.369308396339659, "gamma": 0.027124656847792313}, "datetime": {"datetime": "2021-09-24 08:46:23", "elapsed": 411.242376, "delta": 2.625551}}
{"target": 0.2798528005987435, "params": {"C": 64.89171140936517, "epsilon": 0.8959692973706697, "gamma": 0.24688889580105172}, "datetime": {"datetime": "2021-09-24 08:46:24", "elapsed": 412.725565, "delta": 1.483189}}
{"target": 0.4321172610120444, "params": {"C": 33.77616977428208, "epsilon": 0.8511625227777762, "gamma": 0.019696931081831057}, "datetime": {"datetime": "2021-09-24 08:46:28", "elapsed": 416.359719, "delta": 3.634154}}
{"target": 0.04555302463608957, "params": {"C": 38.34254920216931, "epsilon": 0.33126574173142836, "gamma": 0.833233616967309}, "datetime": {"datetime": "2021-09-24 08:46:30", "elapsed": 417.885558, "delta": 1.525839}}
{"target": 0.40164794025795625, "params": {"C": 53.474141978404404, "epsilon": 0.3383983604799707, "gamma": 0.0012307619494588235}, "datetime": {"datetime": "2021-09-24 08:46:33", "elapsed": 420.992886, "delta": 3.107328}}
{"target": 0.36534581698143664, "params": {"C": 33.77656208618856, "epsilon": 0.810464297738532, "gamma": 0.1315889428936849}, "datetime": {"datetime": "2021-09-24 08:46:36", "elapsed": 424.059333, "delta": 3.066447}}
{"target": 0.34904822233913557, "params": {"C": 40.64519652473157, "epsilon": 0.38021359501540225, "gamma": 0.15193209968399451}, "datetime": {"datetime": "2021-09-24 08:46:39", "elapsed": 427.659058, "delta": 3.599725}}
{"target": 0.30094638896604486, "params": {"C": 28.316627065037185, "epsilon": 0.597903152659127, "gamma": 0.22874851921515243}, "datetime": {"datetime": "2021-09-24 08:46:43", "elapsed": 431.270853, "delta": 3.611795}}
{"target": 0.04908575557696626, "params": {"C": 17.20922648025238, "epsilon": 0.10263018782920195, "gamma": 0.5986041848126733}, "datetime": {"datetime": "2021-09-24 08:46:44", "elapsed": 432.630358, "delta": 1.359505}}
{"target": 0.42217995464690683, "params": {"C": 33.904902290148485, "epsilon": 0.9142557816297723, "gamma": 0.007552833759923169}, "datetime": {"datetime": "2021-09-24 08:46:50", "elapsed": 438.059055, "delta": 5.428697}}
{"target": 0.38604399017593527, "params": {"C": 34.031241799700034, "epsilon": 0.93445156189703, "gamma": 0.09259675986625295}, "datetime": {"datetime": "2021-09-24 08:46:54", "elapsed": 442.642385, "delta": 4.58333}}
{"target": 0.20412222085344955, "params": {"C": 76.91055109233093, "epsilon": 0.22122054150353454, "gamma": 0.0001}, "datetime": {"datetime": "2021-09-24 08:46:58", "elapsed": 446.471621, "delta": 3.829236}}
{"target": 0.3501017778519636, "params": {"C": 33.91841213531346, "epsilon": 0.914833691445675, "gamma": 0.1581539567281849}, "datetime": {"datetime": "2021-09-24 08:47:01", "elapsed": 449.725901, "delta": 3.25428}}
{"target": 0.3773783450643904, "params": {"C": 33.5740764938973, "epsilon": 0.05432135746853401, "gamma": 0.10869914056486593}, "datetime": {"datetime": "2021-09-24 08:47:06", "elapsed": 454.251861, "delta": 4.52596}}
{"target": 0.41114292151274834, "params": {"C": 77.12124299110738, "epsilon": 0.2491089448567028, "gamma": 0.04678589899661597}, "datetime": {"datetime": "2021-09-24 08:47:10", "elapsed": 458.354915, "delta": 4.103054}}
{"target": 0.4235849526387071, "params": {"C": 33.62284743453263, "epsilon": 0.4004794118148252, "gamma": 0.03165385544619274}, "datetime": {"datetime": "2021-09-24 08:47:15", "elapsed": 462.805151, "delta": 4.450236}}
{"target": 0.4118646991593241, "params": {"C": 34.106469598170804, "epsilon": 0.833825206830168, "gamma": 0.003876831471169473}, "datetime": {"datetime": "2021-09-24 08:47:19", "elapsed": 467.123633, "delta": 4.318482}}
{"target": 0.1273263215668622, "params": {"C": 85.29111938228893, "epsilon": 0.22786947255820922, "gamma": 0.5947561528631103}, "datetime": {"datetime": "2021-09-24 08:47:21", "elapsed": 468.890123, "delta": 1.76649}}
{"target": 0.035170496112243654, "params": {"C": 27.582992737255825, "epsilon": 0.5565071893657424, "gamma": 0.8155458373033944}, "datetime": {"datetime": "2021-09-24 08:47:22", "elapsed": 470.762927, "delta": 1.872804}}
{"target": 0.3980373619344696, "params": {"C": 28.150857480543955, "epsilon": 0.013595129727547523, "gamma": 0.0832749228443699}, "datetime": {"datetime": "2021-09-24 08:47:26", "elapsed": 473.906689, "delta": 3.143762}}
{"target": 0.1334294673035149, "params": {"C": 18.77253163851798, "epsilon": 0.834321452644639, "gamma": 0.39060826873026305}, "datetime": {"datetime": "2021-09-24 08:47:28", "elapsed": 475.859302, "delta": 1.952613}}
{"target": 0.39077612661923977, "params": {"C": 76.95196667719605, "epsilon": 0.41598271639406054, "gamma": 0.0006370225461525906}, "datetime": {"datetime": "2021-09-24 08:47:31", "elapsed": 479.183337, "delta": 3.324035}}
{"target": 0.12276782445784518, "params": {"C": 40.41401202418391, "epsilon": 0.4065491214253034, "gamma": 0.0001}, "datetime": {"datetime": "2021-09-24 08:47:35", "elapsed": 483.334195, "delta": 4.150858}}
{"target": 0.3875223149005679, "params": {"C": 34.18374685106854, "epsilon": 0.7534359000398477, "gamma": 0.09008970300940329}, "datetime": {"datetime": "2021-09-24 08:47:38", "elapsed": 486.579539, "delta": 3.245344}}
{"target": 0.3190194235485797, "params": {"C": 77.1888681347931, "epsilon": 0.24336134156134176, "gamma": 0.15741535394078066}, "datetime": {"datetime": "2021-09-24 08:47:42", "elapsed": 490.101307, "delta": 3.521768}}
{"target": 0.3188996022992865, "params": {"C": 34.09068520421101, "epsilon": 0.7909917068240895, "gamma": 0.21238574674908978}, "datetime": {"datetime": "2021-09-24 08:47:45", "elapsed": 492.926498, "delta": 2.825191}}
{"target": 0.005465345028389912, "params": {"C": 2.797931927516945, "epsilon": 0.44090640609837806, "gamma": 0.5820444649913248}, "datetime": {"datetime": "2021-09-24 08:47:46", "elapsed": 494.62007, "delta": 1.693572}}
