{"target": -46.123272973578175, "params": {"C": 103.34718084971858, "epsilon": 2.0811446508251796, "gamma": 0.09773717048560863}, "datetime": {"datetime": "2021-09-24 16:40:21", "elapsed": 90.260191, "delta": 0.943746}}
{"target": -44.409376112806626, "params": {"C": 194.5548025226054, "epsilon": 3.196161991179354, "gamma": 0.01958601358200676}, "datetime": {"datetime": "2021-09-24 16:40:22", "elapsed": 91.033194, "delta": 0.773003}}
{"target": -46.37444225045166, "params": {"C": 128.2467030703864, "epsilon": 2.0999480769068875, "gamma": 0.09458388764973767}, "datetime": {"datetime": "2021-09-24 16:40:23", "elapsed": 91.750568, "delta": 0.717374}}
{"target": -44.352440532262705, "params": {"C": 117.69775163506922, "epsilon": 1.3618179708636606, "gamma": 0.02887162038801228}, "datetime": {"datetime": "2021-09-24 16:40:24", "elapsed": 92.764194, "delta": 1.013626}}
{"target": -44.51280353349727, "params": {"C": 180.24890467003286, "epsilon": 2.3029224832944513, "gamma": 0.014393215230688011}, "datetime": {"datetime": "2021-09-24 16:40:24", "elapsed": 93.647845, "delta": 0.883651}}
{"target": -43.92888872408403, "params": {"C": 188.96246280356172, "epsilon": 2.438064210311038, "gamma": 0.004412173039664692}, "datetime": {"datetime": "2021-09-24 16:40:25", "elapsed": 94.304692, "delta": 0.656847}}
{"target": -44.36576157283033, "params": {"C": 189.0041588614891, "epsilon": 2.4585144528016833, "gamma": 0.011096748670665752}, "datetime": {"datetime": "2021-09-24 16:40:26", "elapsed": 95.312912, "delta": 1.00822}}
{"target": -44.27858779272491, "params": {"C": 103.73445977920146, "epsilon": 3.0977524540083556, "gamma": 0.018367762791582823}, "datetime": {"datetime": "2021-09-24 16:40:27", "elapsed": 96.225551, "delta": 0.912639}}
{"target": -44.234604362266545, "params": {"C": 145.19281373624676, "epsilon": 4.118325878110555, "gamma": 0.01272921191454995}, "datetime": {"datetime": "2021-09-24 16:40:28", "elapsed": 97.060558, "delta": 0.835007}}
{"target": -46.28620151586, "params": {"C": 133.98303535722422, "epsilon": 3.718700020682592, "gamma": 0.09572953355390436}, "datetime": {"datetime": "2021-09-24 16:40:29", "elapsed": 97.967556, "delta": 0.906998}}
{"target": -44.066251071607155, "params": {"C": 109.10920228837901, "epsilon": 3.162549990669003, "gamma": 0.031028129187384474}, "datetime": {"datetime": "2021-09-24 16:40:30", "elapsed": 99.215406, "delta": 1.24785}}
{"target": -44.201177775045124, "params": {"C": 196.76030590039377, "epsilon": 4.945936071584893, "gamma": 0.0027527811760376586}, "datetime": {"datetime": "2021-09-24 16:40:31", "elapsed": 100.248931, "delta": 1.033525}}
{"target": -45.99375642298978, "params": {"C": 118.0961408284478, "epsilon": 1.903168846444363, "gamma": 0.08064336918901771}, "datetime": {"datetime": "2021-09-24 16:40:32", "elapsed": 101.524217, "delta": 1.275286}}
{"target": -44.72585765491924, "params": {"C": 179.59578775852964, "epsilon": 1.6886057450788696, "gamma": 0.03879030875808862}, "datetime": {"datetime": "2021-09-24 16:40:33", "elapsed": 102.55734, "delta": 1.033123}}
{"target": -44.202301664725276, "params": {"C": 143.4085440848374, "epsilon": 3.407055360678722, "gamma": 0.003761394883760077}, "datetime": {"datetime": "2021-09-24 16:40:34", "elapsed": 103.691245, "delta": 1.133905}}
{"target": -44.51389173875783, "params": {"C": 143.42724732471714, "epsilon": 3.3399578027151486, "gamma": 0.03460107896795761}, "datetime": {"datetime": "2021-09-24 16:40:36", "elapsed": 104.907045, "delta": 1.2158}}
{"target": -44.767389492086, "params": {"C": 109.17008354210401, "epsilon": 3.158304373058842, "gamma": 0.055793006160045136}, "datetime": {"datetime": "2021-09-24 16:40:37", "elapsed": 105.824047, "delta": 0.917002}}
{"target": -44.074042253437, "params": {"C": 103.76805642808858, "epsilon": 2.966443854768813, "gamma": 0.005128512138040185}, "datetime": {"datetime": "2021-09-24 16:40:38", "elapsed": 106.800238, "delta": 0.976191}}
{"target": -45.81285074568242, "params": {"C": 188.9413435546059, "epsilon": 2.413385403371286, "gamma": 0.051419731957310554}, "datetime": {"datetime": "2021-09-24 16:40:39", "elapsed": 108.129539, "delta": 1.329301}}
{"target": -45.053241897781, "params": {"C": 117.9105124278539, "epsilon": 1.8698181152476796, "gamma": 0.001}, "datetime": {"datetime": "2021-09-24 16:40:40", "elapsed": 109.156929, "delta": 1.02739}}
{"target": -44.04509486283697, "params": {"C": 117.62007568591741, "epsilon": 1.7553619279470707, "gamma": 0.004391974472489834}, "datetime": {"datetime": "2021-09-24 16:40:41", "elapsed": 110.371345, "delta": 1.214416}}
{"target": -44.32553276897018, "params": {"C": 109.06122325921396, "epsilon": 3.157298563731068, "gamma": 0.025096725921075688}, "datetime": {"datetime": "2021-09-24 16:40:42", "elapsed": 111.223203, "delta": 0.851858}}
{"target": -46.195717086404684, "params": {"C": 117.72211780462628, "epsilon": 1.3624330011003603, "gamma": 0.08855272556491178}, "datetime": {"datetime": "2021-09-24 16:40:43", "elapsed": 112.443029, "delta": 1.219826}}
{"target": -44.952726779257844, "params": {"C": 143.35721695515295, "epsilon": 3.379376761941037, "gamma": 0.04883845976270648}, "datetime": {"datetime": "2021-09-24 16:40:45", "elapsed": 113.744598, "delta": 1.301569}}
{"target": -44.40429021137411, "params": {"C": 103.8130622309161, "epsilon": 2.966979971932175, "gamma": 0.023216866687959366}, "datetime": {"datetime": "2021-09-24 16:40:46", "elapsed": 115.125728, "delta": 1.38113}}
{"target": -44.163710721952825, "params": {"C": 103.87072486577202, "epsilon": 3.0725225694100313, "gamma": 0.017149655773600694}, "datetime": {"datetime": "2021-09-24 16:40:47", "elapsed": 116.537653, "delta": 1.411925}}
{"target": -44.29637127330988, "params": {"C": 180.17663900568948, "epsilon": 2.266204622943476, "gamma": 0.010412451914756968}, "datetime": {"datetime": "2021-09-24 16:40:49", "elapsed": 117.726695, "delta": 1.189042}}
{"target": -46.43133862093204, "params": {"C": 149.17555161397257, "epsilon": 1.6637713386365318, "gamma": 0.08472339233627547}, "datetime": {"datetime": "2021-09-24 16:40:50", "elapsed": 118.887567, "delta": 1.160872}}
{"target": -45.55058135411373, "params": {"C": 119.92336492116448, "epsilon": 3.244934579157646, "gamma": 0.06680561281131918}, "datetime": {"datetime": "2021-09-24 16:40:51", "elapsed": 120.538256, "delta": 1.650689}}
{"target": -44.30865179803433, "params": {"C": 118.06579332866336, "epsilon": 2.0503302318989176, "gamma": 0.03533214870427309}, "datetime": {"datetime": "2021-09-24 16:40:53", "elapsed": 122.319474, "delta": 1.781218}}
{"target": -44.07245805009419, "params": {"C": 103.7139734637496, "epsilon": 3.0522522541862784, "gamma": 0.014610278652319033}, "datetime": {"datetime": "2021-09-24 16:40:54", "elapsed": 123.189769, "delta": 0.870295}}
{"target": -44.2075601951533, "params": {"C": 103.73911145200799, "epsilon": 2.911252354020525, "gamma": 0.0043103178602505775}, "datetime": {"datetime": "2021-09-24 16:40:56", "elapsed": 124.802448, "delta": 1.612679}}
{"target": -46.14782442841066, "params": {"C": 159.47696510780048, "epsilon": 4.288910389310194, "gamma": 0.07443434595050467}, "datetime": {"datetime": "2021-09-24 16:40:56", "elapsed": 125.663088, "delta": 0.86064}}
{"target": -44.387007638552234, "params": {"C": 110.34405581817697, "epsilon": 3.727029010708088, "gamma": 0.038873732588952846}, "datetime": {"datetime": "2021-09-24 16:40:57", "elapsed": 126.718571, "delta": 1.055483}}
{"target": -45.07342797798496, "params": {"C": 148.99831073288885, "epsilon": 4.182233182908889, "gamma": 0.049845458627523244}, "datetime": {"datetime": "2021-09-24 16:40:59", "elapsed": 127.975204, "delta": 1.256633}}
{"target": -46.165770500048765, "params": {"C": 103.72602399905033, "epsilon": 2.978402029094007, "gamma": 0.0992792095126151}, "datetime": {"datetime": "2021-09-24 16:41:00", "elapsed": 129.154835, "delta": 1.179631}}
{"target": -44.356480170053416, "params": {"C": 103.7979374086346, "epsilon": 3.11000986420262, "gamma": 0.0037604510658630847}, "datetime": {"datetime": "2021-09-24 16:41:01", "elapsed": 130.710048, "delta": 1.555213}}
{"target": -46.40054504720985, "params": {"C": 129.10416013851966, "epsilon": 1.5523324654009976, "gamma": 0.09207554416624929}, "datetime": {"datetime": "2021-09-24 16:41:03", "elapsed": 131.754715, "delta": 1.044667}}
{"target": -45.76087629533878, "params": {"C": 103.83616389772328, "epsilon": 3.1021930183230952, "gamma": 0.08521754585249104}, "datetime": {"datetime": "2021-09-24 16:41:04", "elapsed": 133.037255, "delta": 1.28254}}
{"target": -45.70030192816748, "params": {"C": 107.82681258551138, "epsilon": 2.1010037828276436, "gamma": 0.0772909155745323}, "datetime": {"datetime": "2021-09-24 16:41:05", "elapsed": 134.09723, "delta": 1.059975}}
{"target": -44.410590488638455, "params": {"C": 118.12223957364104, "epsilon": 2.05646341660011, "gamma": 0.0017276204210212903}, "datetime": {"datetime": "2021-09-24 16:41:06", "elapsed": 135.603862, "delta": 1.506632}}
{"target": -45.83374797562224, "params": {"C": 147.1801219414576, "epsilon": 4.007285034135359, "gamma": 0.06434430252136114}, "datetime": {"datetime": "2021-09-24 16:41:08", "elapsed": 137.488446, "delta": 1.884584}}
{"target": -44.24139846052213, "params": {"C": 192.8708935016084, "epsilon": 0.7132437224374724, "gamma": 0.0025390591712784807}, "datetime": {"datetime": "2021-09-24 16:41:09", "elapsed": 138.62097, "delta": 1.132524}}
{"target": -44.69105020190078, "params": {"C": 166.9099645412574, "epsilon": 2.6963068731870696, "gamma": 0.038860056628012736}, "datetime": {"datetime": "2021-09-24 16:41:11", "elapsed": 139.728667, "delta": 1.107697}}
{"target": -44.485325489253306, "params": {"C": 192.53302145216702, "epsilon": 1.002165538732017, "gamma": 0.029279884413566683}, "datetime": {"datetime": "2021-09-24 16:41:12", "elapsed": 140.724607, "delta": 0.99594}}
{"target": -44.14582039088512, "params": {"C": 103.87842662557127, "epsilon": 2.9986619675773065, "gamma": 0.017254901218284754}, "datetime": {"datetime": "2021-09-24 16:41:13", "elapsed": 142.420236, "delta": 1.695629}}
{"target": -44.09732397694186, "params": {"C": 192.8218833936551, "epsilon": 0.6667035296210462, "gamma": 0.0030817264199999124}, "datetime": {"datetime": "2021-09-24 16:41:15", "elapsed": 144.249823, "delta": 1.829587}}
{"target": -45.90002020706257, "params": {"C": 192.74140266342542, "epsilon": 0.6777318994633799, "gamma": 0.04991260786739802}, "datetime": {"datetime": "2021-09-24 16:41:16", "elapsed": 145.586817, "delta": 1.336994}}
{"target": -44.3872945001264, "params": {"C": 117.99820507318154, "epsilon": 1.9075613922073213, "gamma": 0.025240095345251297}, "datetime": {"datetime": "2021-09-24 16:41:18", "elapsed": 147.246821, "delta": 1.660004}}
{"target": -44.493984001444325, "params": {"C": 177.8248402593043, "epsilon": 2.326855626345571, "gamma": 0.014663242284312795}, "datetime": {"datetime": "2021-09-24 16:41:19", "elapsed": 148.351336, "delta": 1.104515}}
{"target": -46.276235134180546, "params": {"C": 125.48258755838755, "epsilon": 2.9335733697814783, "gamma": 0.0945133956907367}, "datetime": {"datetime": "2021-09-24 16:41:21", "elapsed": 149.726207, "delta": 1.374871}}
{"target": -44.53880117242886, "params": {"C": 103.31388418975698, "epsilon": 2.2011780454644163, "gamma": 0.05253882179726806}, "datetime": {"datetime": "2021-09-24 16:41:23", "elapsed": 152.055713, "delta": 2.329506}}
{"target": -44.35522100510993, "params": {"C": 159.94898837644666, "epsilon": 3.3238579739696865, "gamma": 0.01673639923838231}, "datetime": {"datetime": "2021-09-24 16:41:24", "elapsed": 153.498602, "delta": 1.442889}}
{"target": -44.17060413571819, "params": {"C": 120.58907012767123, "epsilon": 3.1608195566153308, "gamma": 0.004220820063333205}, "datetime": {"datetime": "2021-09-24 16:41:27", "elapsed": 156.009665, "delta": 2.511063}}
{"target": -44.51517537669238, "params": {"C": 192.87939047689372, "epsilon": 0.6417798765086967, "gamma": 0.001}, "datetime": {"datetime": "2021-09-24 16:41:29", "elapsed": 158.226999, "delta": 2.217334}}
{"target": -45.76507383581672, "params": {"C": 144.26326624744664, "epsilon": 4.47892963747608, "gamma": 0.06403464769777145}, "datetime": {"datetime": "2021-09-24 16:41:31", "elapsed": 159.932025, "delta": 1.705026}}
{"target": -44.245114183687846, "params": {"C": 149.6810811121215, "epsilon": 4.183816382930427, "gamma": 0.012357881679965786}, "datetime": {"datetime": "2021-09-24 16:41:33", "elapsed": 161.826209, "delta": 1.894184}}
{"target": -44.451590002284966, "params": {"C": 168.1933179289727, "epsilon": 2.186306002177074, "gamma": 0.02024136995731688}, "datetime": {"datetime": "2021-09-24 16:41:34", "elapsed": 163.463824, "delta": 1.637615}}
{"target": -46.54676106845986, "params": {"C": 193.88821422109362, "epsilon": 2.2089368459119934, "gamma": 0.07364327535660754}, "datetime": {"datetime": "2021-09-24 16:41:36", "elapsed": 165.109521, "delta": 1.645697}}
{"target": -45.74668476480138, "params": {"C": 161.31182768047753, "epsilon": 2.487094899712606, "gamma": 0.0564000551616424}, "datetime": {"datetime": "2021-09-24 16:41:37", "elapsed": 166.236831, "delta": 1.12731}}
{"target": -44.67142524249501, "params": {"C": 145.16382790516408, "epsilon": 4.178537741588324, "gamma": 0.03775358624308543}, "datetime": {"datetime": "2021-09-24 16:41:39", "elapsed": 168.11623, "delta": 1.879399}}
{"target": -44.037815245470945, "params": {"C": 113.38979674205248, "epsilon": 2.562579501480504, "gamma": 0.01222153627122528}, "datetime": {"datetime": "2021-09-24 16:41:42", "elapsed": 170.850197, "delta": 2.733967}}
{"target": -45.29121429183648, "params": {"C": 103.17490574036114, "epsilon": 3.813296900646339, "gamma": 0.06843431263686515}, "datetime": {"datetime": "2021-09-24 16:41:43", "elapsed": 172.308549, "delta": 1.458352}}
{"target": -46.032219316066524, "params": {"C": 113.38366529920555, "epsilon": 2.5366267767551403, "gamma": 0.08769043176940815}, "datetime": {"datetime": "2021-09-24 16:41:45", "elapsed": 174.099492, "delta": 1.790943}}
{"target": -44.40864885293612, "params": {"C": 106.3451191075485, "epsilon": 4.698253533203807, "gamma": 0.021732737020564705}, "datetime": {"datetime": "2021-09-24 16:41:46", "elapsed": 175.373439, "delta": 1.273947}}
{"target": -46.24540439660971, "params": {"C": 160.00659332421048, "epsilon": 3.3628795820176096, "gamma": 0.07440528114504509}, "datetime": {"datetime": "2021-09-24 16:41:48", "elapsed": 177.717746, "delta": 2.344307}}
{"target": -44.32607736845008, "params": {"C": 119.96757026690324, "epsilon": 3.4318285056001776, "gamma": 0.01600411304734665}, "datetime": {"datetime": "2021-09-24 16:41:51", "elapsed": 180.001408, "delta": 2.283662}}
{"target": -43.82198868971233, "params": {"C": 119.87807160421265, "epsilon": 3.2974852123127176, "gamma": 0.00805712933217281}, "datetime": {"datetime": "2021-09-24 16:41:53", "elapsed": 182.318977, "delta": 2.317569}}
{"target": -44.47410438025627, "params": {"C": 117.66303552130027, "epsilon": 1.2543530313912687, "gamma": 0.019294762029556625}, "datetime": {"datetime": "2021-09-24 16:41:55", "elapsed": 184.709715, "delta": 2.390738}}
{"target": -44.29134466366496, "params": {"C": 110.21181458941753, "epsilon": 3.793400694594, "gamma": 0.002149860504286224}, "datetime": {"datetime": "2021-09-24 16:41:58", "elapsed": 187.348236, "delta": 2.638521}}
{"target": -45.46180585878328, "params": {"C": 196.84261021275555, "epsilon": 4.996831409645547, "gamma": 0.04507114041839917}, "datetime": {"datetime": "2021-09-24 16:42:00", "elapsed": 188.910766, "delta": 1.56253}}
{"target": -44.29926541920276, "params": {"C": 119.85639310369955, "epsilon": 3.330085108537638, "gamma": 0.03577592067607155}, "datetime": {"datetime": "2021-09-24 16:42:02", "elapsed": 190.953582, "delta": 2.042816}}
{"target": -44.21255963035574, "params": {"C": 110.19454419799928, "epsilon": 3.6592343350705425, "gamma": 0.004121419726056773}, "datetime": {"datetime": "2021-09-24 16:42:03", "elapsed": 192.358916, "delta": 1.405334}}
{"target": -44.37962221742862, "params": {"C": 148.36449919654703, "epsilon": 4.662654022711821, "gamma": 0.015252544632317865}, "datetime": {"datetime": "2021-09-24 16:42:05", "elapsed": 194.21461, "delta": 1.855694}}
{"target": -44.041190304206495, "params": {"C": 103.9554722783072, "epsilon": 3.008559062130727, "gamma": 0.032431844675499345}, "datetime": {"datetime": "2021-09-24 16:42:07", "elapsed": 195.91996, "delta": 1.70535}}
{"target": -45.02744820742215, "params": {"C": 120.42045471064897, "epsilon": 3.0977973859573966, "gamma": 0.001}, "datetime": {"datetime": "2021-09-24 16:42:09", "elapsed": 198.447952, "delta": 2.527992}}
{"target": -44.25168585596493, "params": {"C": 110.1305190418775, "epsilon": 3.620288931963588, "gamma": 0.019233217700835827}, "datetime": {"datetime": "2021-09-24 16:42:11", "elapsed": 200.122542, "delta": 1.67459}}
{"target": -44.05142810422076, "params": {"C": 113.41032916241082, "epsilon": 2.656790937029303, "gamma": 0.01579509467024253}, "datetime": {"datetime": "2021-09-24 16:42:13", "elapsed": 202.133922, "delta": 2.01138}}
{"target": -44.512582542744894, "params": {"C": 127.37655805079875, "epsilon": 0.07807456245191917, "gamma": 0.022696400112240743}, "datetime": {"datetime": "2021-09-24 16:42:14", "elapsed": 203.698834, "delta": 1.564912}}
{"target": -45.384278207266526, "params": {"C": 110.17110508810994, "epsilon": 3.5827886619755014, "gamma": 0.06789064951602047}, "datetime": {"datetime": "2021-09-24 16:42:16", "elapsed": 205.679996, "delta": 1.981162}}
{"target": -43.83408790456109, "params": {"C": 103.92929610947743, "epsilon": 3.034288499249977, "gamma": 0.006954815686629479}, "datetime": {"datetime": "2021-09-24 16:42:18", "elapsed": 207.454154, "delta": 1.774158}}
{"target": -44.41991724255542, "params": {"C": 113.30545345542107, "epsilon": 2.159225382940216, "gamma": 0.018898069437441982}, "datetime": {"datetime": "2021-09-24 16:42:20", "elapsed": 209.194452, "delta": 1.740298}}
{"target": -44.55292619613892, "params": {"C": 117.77735223596216, "epsilon": 1.2508770217523997, "gamma": 0.0014443455326675905}, "datetime": {"datetime": "2021-09-24 16:42:22", "elapsed": 211.255136, "delta": 2.060684}}
{"target": -43.845923074959686, "params": {"C": 103.92474272507988, "epsilon": 3.088718584471447, "gamma": 0.009518895832449872}, "datetime": {"datetime": "2021-09-24 16:42:24", "elapsed": 213.09989, "delta": 1.844754}}
{"target": -44.41081274226232, "params": {"C": 159.9122872536792, "epsilon": 3.266346391318539, "gamma": 0.019510907794068583}, "datetime": {"datetime": "2021-09-24 16:42:26", "elapsed": 214.902785, "delta": 1.802895}}
{"target": -44.067657699515365, "params": {"C": 188.91249344368367, "epsilon": 2.5137722669071283, "gamma": 0.004028702828822613}, "datetime": {"datetime": "2021-09-24 16:42:29", "elapsed": 218.084562, "delta": 3.181777}}
{"target": -44.70654191295539, "params": {"C": 163.7017618482706, "epsilon": 2.301769016895372, "gamma": 0.04110722967337978}, "datetime": {"datetime": "2021-09-24 16:42:30", "elapsed": 219.582286, "delta": 1.497724}}
{"target": -44.304995451383704, "params": {"C": 110.00119760680764, "epsilon": 2.6023988887775342, "gamma": 0.0032291092989454517}, "datetime": {"datetime": "2021-09-24 16:42:32", "elapsed": 220.918905, "delta": 1.336619}}
{"target": -44.73098667116401, "params": {"C": 188.95115919434954, "epsilon": 2.5577494770545344, "gamma": 0.03585720394766605}, "datetime": {"datetime": "2021-09-24 16:42:34", "elapsed": 223.152311, "delta": 2.233406}}
{"target": -46.60000570951713, "params": {"C": 197.82300844588394, "epsilon": 2.101835041136237, "gamma": 0.08404942691229444}, "datetime": {"datetime": "2021-09-24 16:42:35", "elapsed": 224.539499, "delta": 1.387188}}
{"target": -45.35217990526663, "params": {"C": 103.91331546782017, "epsilon": 2.9284742929452556, "gamma": 0.0698749441666478}, "datetime": {"datetime": "2021-09-24 16:42:37", "elapsed": 226.410239, "delta": 1.87074}}
{"target": -44.30304259099828, "params": {"C": 149.92763274483846, "epsilon": 2.8393592648014883, "gamma": 0.02315517962086522}, "datetime": {"datetime": "2021-09-24 16:42:39", "elapsed": 227.762458, "delta": 1.352219}}
{"target": -44.36185607129042, "params": {"C": 171.86112454165445, "epsilon": 3.2310145327535964, "gamma": 0.0013365285684117335}, "datetime": {"datetime": "2021-09-24 16:42:40", "elapsed": 229.266273, "delta": 1.503815}}
{"target": -45.063701783767186, "params": {"C": 148.13840090503356, "epsilon": 0.07880074206967862, "gamma": 0.05031304276662492}, "datetime": {"datetime": "2021-09-24 16:42:42", "elapsed": 231.007173, "delta": 1.7409}}
{"target": -45.448846545506065, "params": {"C": 104.01118309871198, "epsilon": 3.0887023964238516, "gamma": 0.07261822566136111}, "datetime": {"datetime": "2021-09-24 16:42:45", "elapsed": 233.83066, "delta": 2.823487}}
{"target": -44.128063956888745, "params": {"C": 120.61253331384731, "epsilon": 3.1132102163549606, "gamma": 0.028398379518060776}, "datetime": {"datetime": "2021-09-24 16:42:47", "elapsed": 236.265227, "delta": 2.434567}}
{"target": -44.61189591716052, "params": {"C": 145.2718635063223, "epsilon": 4.128207714554505, "gamma": 0.03681005290330142}, "datetime": {"datetime": "2021-09-24 16:42:49", "elapsed": 238.388414, "delta": 2.123187}}
{"target": -44.87618957339516, "params": {"C": 120.11702157134789, "epsilon": 3.213643060180698, "gamma": 0.053943384877427177}, "datetime": {"datetime": "2021-09-24 16:42:52", "elapsed": 241.210004, "delta": 2.82159}}
{"target": -44.10258632498127, "params": {"C": 113.31602310500355, "epsilon": 2.654651070296182, "gamma": 0.030186236188311732}, "datetime": {"datetime": "2021-09-24 16:42:54", "elapsed": 242.79178, "delta": 1.581776}}
{"target": -46.13145792753994, "params": {"C": 129.5749078426307, "epsilon": 4.7829100141004375, "gamma": 0.0979738952544614}, "datetime": {"datetime": "2021-09-24 16:42:55", "elapsed": 244.044999, "delta": 1.253219}}
