{"target": -43.04934953090177, "params": {"C": 209.07595168652708, "epsilon": 2.470929611710089, "gamma": 0.006496878937124249}, "datetime": {"datetime": "2021-09-24 16:45:36", "elapsed": 104.536736, "delta": 0.757779}}
{"target": -43.16701959031513, "params": {"C": 250.31587647316047, "epsilon": 1.2684816947845905, "gamma": 0.005297326773575448}, "datetime": {"datetime": "2021-09-24 16:45:37", "elapsed": 106.18938, "delta": 1.652644}}
{"target": -43.12014785455979, "params": {"C": 249.84818329141456, "epsilon": 1.6855872049241658, "gamma": 0.0051597707458437125}, "datetime": {"datetime": "2021-09-24 16:45:38", "elapsed": 107.252608, "delta": 1.063228}}
{"target": -42.89228285723637, "params": {"C": 229.8783095336487, "epsilon": 2.925494349365629, "gamma": 0.013829458770177692}, "datetime": {"datetime": "2021-09-24 16:45:39", "elapsed": 108.020801, "delta": 0.768193}}
{"target": -42.711850075134166, "params": {"C": 205.22737248878627, "epsilon": 2.5547959131725047, "gamma": 0.013160276953158965}, "datetime": {"datetime": "2021-09-24 16:45:40", "elapsed": 109.028361, "delta": 1.00756}}
{"target": -43.520092801201976, "params": {"C": 233.09523532414235, "epsilon": 2.4350924414240827, "gamma": 0.020783763323772842}, "datetime": {"datetime": "2021-09-24 16:45:41", "elapsed": 109.951705, "delta": 0.923344}}
{"target": -43.30674195731421, "params": {"C": 277.00270649108154, "epsilon": 1.0993949530683962, "gamma": 0.017520260708010837}, "datetime": {"datetime": "2021-09-24 16:45:42", "elapsed": 111.091842, "delta": 1.140137}}
{"target": -42.946197031117755, "params": {"C": 294.5548025226054, "epsilon": 2.547416451314815, "gamma": 0.00636316156804441}, "datetime": {"datetime": "2021-09-24 16:45:43", "elapsed": 111.998245, "delta": 0.906403}}
{"target": -44.09780401454614, "params": {"C": 228.2467030703864, "epsilon": 1.6646640700446946, "gamma": 0.02840799121825622}, "datetime": {"datetime": "2021-09-24 16:45:44", "elapsed": 112.884456, "delta": 0.886211}}
{"target": -43.59670386522897, "params": {"C": 242.36578774037858, "epsilon": 3.3493232953895404, "gamma": 0.021322445171741044}, "datetime": {"datetime": "2021-09-24 16:45:45", "elapsed": 113.980418, "delta": 1.095962}}
{"target": -43.4255147719402, "params": {"C": 249.52195336206432, "epsilon": 1.217003804061761, "gamma": 0.019469530943918918}, "datetime": {"datetime": "2021-09-24 16:45:46", "elapsed": 114.762195, "delta": 0.781777}}
{"target": -43.85547377866481, "params": {"C": 288.9624628035617, "epsilon": 1.9369401450172055, "gamma": 0.001902972075295379}, "datetime": {"datetime": "2021-09-24 16:45:47", "elapsed": 115.73129, "delta": 0.969095}}
{"target": -43.65185790366797, "params": {"C": 218.89419690424435, "epsilon": 1.0770244356510448, "gamma": 0.022828920990945342}, "datetime": {"datetime": "2021-09-24 16:45:48", "elapsed": 116.635012, "delta": 0.903722}}
{"target": -43.62634967502991, "params": {"C": 224.3812784248744, "epsilon": 0.17823316273167983, "gamma": 0.002754071606924837}, "datetime": {"datetime": "2021-09-24 16:45:49", "elapsed": 117.474159, "delta": 0.839147}}
{"target": -43.250458291131416, "params": {"C": 245.19281373624676, "epsilon": 3.290010899817222, "gamma": 0.00434767744154953}, "datetime": {"datetime": "2021-09-24 16:45:50", "elapsed": 118.692707, "delta": 1.218548}}
{"target": -44.01920514179325, "params": {"C": 233.98303535722422, "epsilon": 2.968202653571986, "gamma": 0.02874474168099613}, "datetime": {"datetime": "2021-09-24 16:45:51", "elapsed": 119.739584, "delta": 1.046877}}
{"target": -42.951587896814814, "params": {"C": 210.19383117723493, "epsilon": 0.2218927764516369, "gamma": 0.017318230976379027}, "datetime": {"datetime": "2021-09-24 16:45:52", "elapsed": 120.613998, "delta": 0.874414}}
{"target": -44.113874757076, "params": {"C": 270.37104860434084, "epsilon": 3.0070423253550747, "gamma": 0.027727701667106697}, "datetime": {"datetime": "2021-09-24 16:45:53", "elapsed": 121.611661, "delta": 0.997663}}
{"target": -42.58107084078025, "params": {"C": 288.9182206157052, "epsilon": 2.5064858331724325, "gamma": 0.010394757347369336}, "datetime": {"datetime": "2021-09-24 16:45:54", "elapsed": 122.804101, "delta": 1.19244}}
{"target": -42.67286898590299, "params": {"C": 279.59578775852964, "epsilon": 1.3334208535422136, "gamma": 0.012008060453135138}, "datetime": {"datetime": "2021-09-24 16:45:55", "elapsed": 123.704805, "delta": 0.900704}}
{"target": -44.156895060454296, "params": {"C": 271.8208608292175, "epsilon": 0.6481635961557196, "gamma": 0.025295799000515155}, "datetime": {"datetime": "2021-09-24 16:45:56", "elapsed": 124.970377, "delta": 1.265572}}
{"target": -42.976764437605134, "params": {"C": 212.3856962854622, "epsilon": 1.6259280656860362, "gamma": 0.016769211142582646}, "datetime": {"datetime": "2021-09-24 16:45:57", "elapsed": 126.009302, "delta": 1.038925}}
{"target": -42.63434020638232, "params": {"C": 244.35028739798344, "epsilon": 2.9783369533185042, "gamma": 0.010473331048999912}, "datetime": {"datetime": "2021-09-24 16:45:58", "elapsed": 127.097276, "delta": 1.087974}}
{"target": -43.199796843660614, "params": {"C": 238.15544872503267, "epsilon": 2.2681583772847382, "gamma": 0.01781048659139214}, "datetime": {"datetime": "2021-09-24 16:45:59", "elapsed": 128.031991, "delta": 0.934715}}
{"target": -42.83606676954615, "params": {"C": 218.6021995270533, "epsilon": 3.7256849230512277, "gamma": 0.008103275663102118}, "datetime": {"datetime": "2021-09-24 16:46:01", "elapsed": 129.916336, "delta": 1.884345}}
{"target": -42.83410841497175, "params": {"C": 206.39559115939366, "epsilon": 3.067476661192071, "gamma": 0.013808542717587103}, "datetime": {"datetime": "2021-09-24 16:46:02", "elapsed": 131.154454, "delta": 1.238118}}
{"target": -44.151305977386635, "params": {"C": 257.75134124985306, "epsilon": 1.5652381825496267, "gamma": 0.027380367315763116}, "datetime": {"datetime": "2021-09-24 16:46:03", "elapsed": 132.170155, "delta": 1.015701}}
{"target": -42.578202854381274, "params": {"C": 291.2836354669144, "epsilon": 0.8074034933608938, "gamma": 0.011154601510775224}, "datetime": {"datetime": "2021-09-24 16:46:04", "elapsed": 133.264957, "delta": 1.094802}}
{"target": -43.02102170006401, "params": {"C": 220.36742745298187, "epsilon": 3.126425858918573, "gamma": 0.00578173367007704}, "datetime": {"datetime": "2021-09-24 16:46:06", "elapsed": 135.039795, "delta": 1.774838}}
{"target": -43.15939951960594, "params": {"C": 255.56627860016766, "epsilon": 1.7643213174358665, "gamma": 0.01700586087397295}, "datetime": {"datetime": "2021-09-24 16:46:07", "elapsed": 136.151001, "delta": 1.111206}}
{"target": -44.08868273034117, "params": {"C": 235.71992189140406, "epsilon": 1.1162771107748197, "gamma": 0.027443034736200862}, "datetime": {"datetime": "2021-09-24 16:46:08", "elapsed": 137.149013, "delta": 0.998012}}
{"target": -42.514756512215605, "params": {"C": 240.99911237584254, "epsilon": 0.7079601614455596, "gamma": 0.011270058386248418}, "datetime": {"datetime": "2021-09-24 16:46:10", "elapsed": 138.474117, "delta": 1.325104}}
{"target": -42.81228111423155, "params": {"C": 253.8632140180304, "epsilon": 0.14625162312540219, "gamma": 0.00760385281162214}, "datetime": {"datetime": "2021-09-24 16:46:11", "elapsed": 140.066529, "delta": 1.592412}}
{"target": -44.009560603276036, "params": {"C": 249.17555161397257, "epsilon": 1.3134223558594385, "gamma": 0.025509603201874908}, "datetime": {"datetime": "2021-09-24 16:46:12", "elapsed": 141.215742, "delta": 1.149213}}
{"target": -42.960243490997364, "params": {"C": 285.77845106962525, "epsilon": 2.1720653157515364, "gamma": 0.013360765553034067}, "datetime": {"datetime": "2021-09-24 16:46:13", "elapsed": 142.075739, "delta": 0.859997}}
{"target": -43.498543256429954, "params": {"C": 299.8477242653002, "epsilon": 3.2052279579241274, "gamma": 0.003070720013163732}, "datetime": {"datetime": "2021-09-24 16:46:15", "elapsed": 143.758397, "delta": 1.682658}}
{"target": -43.0362325012061, "params": {"C": 259.815396932245, "epsilon": 2.0856274800155443, "gamma": 0.015675288497819875}, "datetime": {"datetime": "2021-09-24 16:46:16", "elapsed": 145.145599, "delta": 1.387202}}
{"target": -42.64949172727451, "params": {"C": 231.25025956287382, "epsilon": 0.27188087475825073, "gamma": 0.009095097477626216}, "datetime": {"datetime": "2021-09-24 16:46:17", "elapsed": 146.362095, "delta": 1.216496}}
{"target": -43.788253314299965, "params": {"C": 259.4769651078005, "epsilon": 3.4273781431159174, "gamma": 0.02248524714302713}, "datetime": {"datetime": "2021-09-24 16:46:19", "elapsed": 147.540893, "delta": 1.178798}}
{"target": -43.607806149930774, "params": {"C": 247.63385749190445, "epsilon": 2.253590982784816, "gamma": 0.020496711301697296}, "datetime": {"datetime": "2021-09-24 16:46:20", "elapsed": 149.043388, "delta": 1.502495}}
{"target": -42.959892960620635, "params": {"C": 225.84003387788783, "epsilon": 0.9448663568842227, "gamma": 0.016873564011729812}, "datetime": {"datetime": "2021-09-24 16:46:22", "elapsed": 151.35438, "delta": 2.310992}}
{"target": -44.18104398497533, "params": {"C": 269.4864225679757, "epsilon": 1.1003126860575656, "gamma": 0.02660906111741342}, "datetime": {"datetime": "2021-09-24 16:46:24", "elapsed": 152.79065, "delta": 1.43627}}
{"target": -42.738194132066354, "params": {"C": 237.53582389016776, "epsilon": 0.749771484500691, "gamma": 0.0133660371752094}, "datetime": {"datetime": "2021-09-24 16:46:26", "elapsed": 154.456636, "delta": 1.665986}}
{"target": -44.06151964364469, "params": {"C": 229.10416013851966, "epsilon": 1.2236835471890388, "gamma": 0.027670690254927816}, "datetime": {"datetime": "2021-09-24 16:46:27", "elapsed": 156.177388, "delta": 1.720752}}
{"target": -42.63756299758454, "params": {"C": 278.9196233018055, "epsilon": 0.7008403946647324, "gamma": 0.008686591363219818}, "datetime": {"datetime": "2021-09-24 16:46:29", "elapsed": 158.256267, "delta": 2.078879}}
{"target": -43.59918421951574, "params": {"C": 207.8268125855114, "epsilon": 1.6655142023987315, "gamma": 0.023324905487059493}, "datetime": {"datetime": "2021-09-24 16:46:31", "elapsed": 159.622116, "delta": 1.365849}}
{"target": -42.690065101824366, "params": {"C": 243.37129926762066, "epsilon": 0.3539979774739891, "gamma": 0.008566951753857844}, "datetime": {"datetime": "2021-09-24 16:46:32", "elapsed": 160.959897, "delta": 1.337781}}
{"target": -42.54908861467832, "params": {"C": 298.37181314976954, "epsilon": 1.3914594100460136, "gamma": 0.010464582089504728}, "datetime": {"datetime": "2021-09-24 16:46:35", "elapsed": 164.058071, "delta": 3.098174}}
{"target": -43.715223490412995, "params": {"C": 292.8708935016084, "epsilon": 0.5479873383522852, "gamma": 0.0013523901200424623}, "datetime": {"datetime": "2021-09-24 16:46:37", "elapsed": 165.83064, "delta": 1.772569}}
{"target": -42.66025447996633, "params": {"C": 266.9099645412574, "epsilon": 2.1448962041688984, "gamma": 0.012028562099749196}, "datetime": {"datetime": "2021-09-24 16:46:38", "elapsed": 167.254835, "delta": 1.424195}}
{"target": -42.55215666570711, "params": {"C": 292.533021452167, "epsilon": 0.7806485169910969, "gamma": 0.009212572085199901}, "datetime": {"datetime": "2021-09-24 16:46:40", "elapsed": 168.749879, "delta": 1.495044}}
{"target": -42.968942605616526, "params": {"C": 207.0560577345352, "epsilon": 1.6762332461974627, "gamma": 0.016686219538866752}, "datetime": {"datetime": "2021-09-24 16:46:41", "elapsed": 170.096722, "delta": 1.346843}}
{"target": -42.65879398745147, "params": {"C": 255.36472747204053, "epsilon": 0.5941590069734829, "gamma": 0.012596969972835914}, "datetime": {"datetime": "2021-09-24 16:46:43", "elapsed": 171.574006, "delta": 1.477284}}
{"target": -42.73741045086185, "params": {"C": 294.76043945818355, "epsilon": 3.2701797020744765, "gamma": 0.007270517291756304}, "datetime": {"datetime": "2021-09-24 16:46:44", "elapsed": 173.06689, "delta": 1.492884}}
{"target": -42.98227971521736, "params": {"C": 215.46202004434986, "epsilon": 3.393606559172596, "gamma": 0.014462963790831514}, "datetime": {"datetime": "2021-09-24 16:46:45", "elapsed": 174.149059, "delta": 1.082169}}
{"target": -43.11350743661902, "params": {"C": 277.8248402593043, "epsilon": 1.8473867822701662, "gamma": 0.0049161651562980024}, "datetime": {"datetime": "2021-09-24 16:46:47", "elapsed": 175.631683, "delta": 1.482624}}
{"target": -44.05439010496385, "params": {"C": 225.48258755838754, "epsilon": 2.3359607054832594, "gamma": 0.028387270854549878}, "datetime": {"datetime": "2021-09-24 16:46:49", "elapsed": 177.459645, "delta": 1.827962}}
{"target": -42.756096916935796, "params": {"C": 289.10694837993356, "epsilon": 0.5344317552906913, "gamma": 0.012818170773620647}, "datetime": {"datetime": "2021-09-24 16:46:50", "elapsed": 179.257836, "delta": 1.798191}}
{"target": -43.05088301788631, "params": {"C": 259.94898837644666, "epsilon": 2.650246684920823, "gamma": 0.005525547654918436}, "datetime": {"datetime": "2021-09-24 16:46:52", "elapsed": 181.32438, "delta": 2.066544}}
{"target": -44.00209123467021, "params": {"C": 245.11475719738098, "epsilon": 0.4648697454289369, "gamma": 0.025351913277460378}, "datetime": {"datetime": "2021-09-24 16:46:54", "elapsed": 183.332073, "delta": 2.007693}}
{"target": -43.012069878058256, "params": {"C": 225.66201953597397, "epsilon": 0.15413890238595765, "gamma": 0.017689720249741137}, "datetime": {"datetime": "2021-09-24 16:46:56", "elapsed": 184.455576, "delta": 1.123503}}
{"target": -42.74402606427532, "params": {"C": 288.7657154376467, "epsilon": 2.888433132323071, "gamma": 0.007195109117827752}, "datetime": {"datetime": "2021-09-24 16:46:57", "elapsed": 185.68017, "delta": 1.224594}}
{"target": -44.09017237792325, "params": {"C": 256.9078415530519, "epsilon": 3.5389105430343, "gamma": 0.029392052893881696}, "datetime": {"datetime": "2021-09-24 16:46:58", "elapsed": 187.039834, "delta": 1.359664}}
{"target": -43.04424159344195, "params": {"C": 268.1933179289727, "epsilon": 1.7342058475949262, "gamma": 0.006555796623817385}, "datetime": {"datetime": "2021-09-24 16:47:00", "elapsed": 188.433898, "delta": 1.394064}}
{"target": -43.99052892420069, "params": {"C": 293.8882142210936, "epsilon": 1.7524298738885629, "gamma": 0.02225272033209373}, "datetime": {"datetime": "2021-09-24 16:47:01", "elapsed": 190.125746, "delta": 1.691848}}
{"target": -43.21422707072294, "params": {"C": 261.3118276804775, "epsilon": 1.9764232762391578, "gamma": 0.017184258638422156}, "datetime": {"datetime": "2021-09-24 16:47:03", "elapsed": 191.5891, "delta": 1.463354}}
{"target": -43.03093805669426, "params": {"C": 240.32723686305076, "epsilon": 2.8998019013220837, "gamma": 0.015345101236180847}, "datetime": {"datetime": "2021-09-24 16:47:05", "elapsed": 193.47963, "delta": 1.89053}}
{"target": -43.71565252031426, "params": {"C": 262.5942424933215, "epsilon": 0.34848025433260765, "gamma": 0.0025200730396889902}, "datetime": {"datetime": "2021-09-24 16:47:06", "elapsed": 195.058972, "delta": 1.579342}}
{"target": -43.24952421425846, "params": {"C": 203.17490574036114, "epsilon": 3.044379045753746, "gamma": 0.020721600987199756}, "datetime": {"datetime": "2021-09-24 16:47:08", "elapsed": 196.918584, "delta": 1.859612}}
{"target": -43.19564216559433, "params": {"C": 236.49737354884329, "epsilon": 2.4972405362611756, "gamma": 0.017813990604546998}, "datetime": {"datetime": "2021-09-24 16:47:09", "elapsed": 198.316511, "delta": 1.397927}}
{"target": -42.94904296179672, "params": {"C": 206.3451191075485, "epsilon": 3.75701146588623, "gamma": 0.006994168154529624}, "datetime": {"datetime": "2021-09-24 16:47:11", "elapsed": 200.4025, "delta": 2.085989}}
{"target": -42.65225392182363, "params": {"C": 256.49303912782545, "epsilon": 1.6748891738800877, "gamma": 0.012221568940203022}, "datetime": {"datetime": "2021-09-24 16:47:14", "elapsed": 202.495347, "delta": 2.092847}}
{"target": -42.68646520236976, "params": {"C": 234.7276659725186, "epsilon": 2.660248626651947, "gamma": 0.01218001608769746}, "datetime": {"datetime": "2021-09-24 16:47:15", "elapsed": 204.265007, "delta": 1.76966}}
{"target": -42.73072976386143, "params": {"C": 238.29228830836772, "epsilon": 3.745499256759503, "gamma": 0.011242740239429868}, "datetime": {"datetime": "2021-09-24 16:47:17", "elapsed": 205.660984, "delta": 1.395977}}
{"target": -44.31957174790099, "params": {"C": 265.2971650483227, "epsilon": 1.0656726935416658, "gamma": 0.029835425029738}, "datetime": {"datetime": "2021-09-24 16:47:19", "elapsed": 207.892763, "delta": 2.231779}}
{"target": -43.229114773038894, "params": {"C": 256.1699245380232, "epsilon": 2.5424400419833693, "gamma": 0.017336722469172}, "datetime": {"datetime": "2021-09-24 16:47:20", "elapsed": 209.161662, "delta": 1.268899}}
{"target": -43.56599034829363, "params": {"C": 293.45248363788664, "epsilon": 1.3582163459418817, "gamma": 0.00243487241496021}, "datetime": {"datetime": "2021-09-24 16:47:22", "elapsed": 211.386071, "delta": 2.224409}}
{"target": -42.93731244092767, "params": {"C": 203.0537927111382, "epsilon": 0.8528142097483358, "gamma": 0.01691369541182808}, "datetime": {"datetime": "2021-09-24 16:47:24", "elapsed": 212.732102, "delta": 1.346031}}
{"target": -43.8748308352005, "params": {"C": 280.2630382443868, "epsilon": 3.1673941123523086, "gamma": 0.022031822870647116}, "datetime": {"datetime": "2021-09-24 16:47:25", "elapsed": 214.204905, "delta": 1.472803}}
{"target": -42.62547460810556, "params": {"C": 244.76930715632753, "epsilon": 2.4797924216555263, "gamma": 0.011526361913303865}, "datetime": {"datetime": "2021-09-24 16:47:27", "elapsed": 215.898468, "delta": 1.693563}}
{"target": -42.968583073626455, "params": {"C": 237.20318993100074, "epsilon": 3.027033758817198, "gamma": 0.0068198166848570775}, "datetime": {"datetime": "2021-09-24 16:47:28", "elapsed": 217.393517, "delta": 1.495049}}
{"target": -43.0842562339274, "params": {"C": 249.70484561231993, "epsilon": 0.449700808023481, "gamma": 0.01746274655784166}, "datetime": {"datetime": "2021-09-24 16:47:31", "elapsed": 219.530748, "delta": 2.137231}}
{"target": -43.65441248947393, "params": {"C": 246.25280000353183, "epsilon": 1.123129670602476, "gamma": 0.002493055739774807}, "datetime": {"datetime": "2021-09-24 16:47:32", "elapsed": 221.255928, "delta": 1.72518}}
{"target": -42.71166353176323, "params": {"C": 243.2492734983837, "epsilon": 2.2883336416117146, "gamma": 0.008799214177786856}, "datetime": {"datetime": "2021-09-24 16:47:34", "elapsed": 223.076971, "delta": 1.821043}}
{"target": -42.90116052590122, "params": {"C": 227.37655805079874, "epsilon": 0.036502233860876074, "gamma": 0.007277426699658642}, "datetime": {"datetime": "2021-09-24 16:47:36", "elapsed": 224.516104, "delta": 1.439133}}
{"target": -43.94874802523642, "params": {"C": 258.19599153882024, "epsilon": 2.99140545523115, "gamma": 0.024344442690639533}, "datetime": {"datetime": "2021-09-24 16:47:37", "elapsed": 225.965021, "delta": 1.448917}}
{"target": -42.89496193793186, "params": {"C": 220.4307664325067, "epsilon": 0.9673037246326225, "gamma": 0.015295555357048293}, "datetime": {"datetime": "2021-09-24 16:47:39", "elapsed": 227.837252, "delta": 1.872231}}
{"target": -43.18012980704977, "params": {"C": 211.9661996429206, "epsilon": 1.2938977977930208, "gamma": 0.004652230706343096}, "datetime": {"datetime": "2021-09-24 16:47:41", "elapsed": 229.944959, "delta": 2.107707}}
{"target": -43.73584178626135, "params": {"C": 247.27041296933695, "epsilon": 1.5861076324142633, "gamma": 0.021740953867926353}, "datetime": {"datetime": "2021-09-24 16:47:43", "elapsed": 232.010124, "delta": 2.065165}}
{"target": -42.48466725696126, "params": {"C": 260.2263947820659, "epsilon": 0.13830956230464647, "gamma": 0.010743536289022545}, "datetime": {"datetime": "2021-09-24 16:47:45", "elapsed": 233.438681, "delta": 1.428557}}
{"target": -44.337141944639555, "params": {"C": 285.7279950664117, "epsilon": 1.0649399477708048, "gamma": 0.028425665960236497}, "datetime": {"datetime": "2021-09-24 16:47:46", "elapsed": 235.045211, "delta": 1.60653}}
{"target": -42.97913416750859, "params": {"C": 273.53501712515646, "epsilon": 3.24681888273134, "gamma": 0.006055411708877659}, "datetime": {"datetime": "2021-09-24 16:47:48", "elapsed": 237.135926, "delta": 2.090715}}
{"target": -42.765044337040656, "params": {"C": 263.70176184827056, "epsilon": 1.8271851921043871, "gamma": 0.012689094782781326}, "datetime": {"datetime": "2021-09-24 16:47:50", "elapsed": 239.001389, "delta": 1.865463}}
{"target": -43.49497307171054, "params": {"C": 210.00119760680764, "epsilon": 2.0692745615510773, "gamma": 0.0015552230363566934}, "datetime": {"datetime": "2021-09-24 16:47:52", "elapsed": 240.708718, "delta": 1.707329}}
{"target": -43.71597825457097, "params": {"C": 295.7839103337983, "epsilon": 3.233098711018744, "gamma": 0.01913820699773893}, "datetime": {"datetime": "2021-09-24 16:47:54", "elapsed": 242.657884, "delta": 1.949166}}
{"target": -44.19028910590068, "params": {"C": 297.82300844588394, "epsilon": 1.666183592963664, "gamma": 0.025311498213613823}, "datetime": {"datetime": "2021-09-24 16:47:55", "elapsed": 244.152316, "delta": 1.494432}}
{"target": -43.707242154803986, "params": {"C": 286.8082711265246, "epsilon": 2.7465723980920957, "gamma": 0.01950431174788747}, "datetime": {"datetime": "2021-09-24 16:47:57", "elapsed": 246.154213, "delta": 2.001897}}
{"target": -42.91313891091077, "params": {"C": 249.92763274483846, "epsilon": 2.260092551980103, "gamma": 0.007412280070375533}, "datetime": {"datetime": "2021-09-24 16:47:59", "elapsed": 247.523815, "delta": 1.369602}}
{"target": -43.34135377978205, "params": {"C": 271.8611245416545, "epsilon": 2.5754822910814967, "gamma": 0.0009989190034422368}, "datetime": {"datetime": "2021-09-24 16:48:00", "elapsed": 249.102626, "delta": 1.578811}}
