{"target": -39.773382594351155, "params": {"C": 179.30177885298, "epsilon": 1.8685206966833863, "gamma": 0.047566294937333366}, "datetime": {"datetime": "2021-09-28 12:38:36", "elapsed": 0.752113, "delta": 0.165998}}
{"target": -41.950253658151205, "params": {"C": 272.6060712355258, "epsilon": 0.16607892240638816, "gamma": 0.08734557244252336}, "datetime": {"datetime": "2021-09-28 12:38:36", "elapsed": 0.864115, "delta": 0.112002}}
{"target": -40.37551196803668, "params": {"C": 209.0153800197368, "epsilon": 2.4787805722459497, "gamma": 0.05391159304808671}, "datetime": {"datetime": "2021-09-28 12:38:36", "elapsed": 1.026111, "delta": 0.161996}}
{"target": -41.04075183158517, "params": {"C": 221.95387184560343, "epsilon": 2.606448777112884, "gamma": 0.08698118038375026}, "datetime": {"datetime": "2021-09-28 12:38:36", "elapsed": 1.191115, "delta": 0.165004}}
{"target": -39.20491829246584, "params": {"C": 167.99907532419985, "epsilon": 1.2184558072790672, "gamma": 0.038050680562744896}, "datetime": {"datetime": "2021-09-28 12:38:37", "elapsed": 1.378112, "delta": 0.186997}}
{"target": -40.77151982922093, "params": {"C": 170.7982042412229, "epsilon": 1.4221405015633612, "gamma": 0.0878647734872801}, "datetime": {"datetime": "2021-09-28 12:38:37", "elapsed": 1.542114, "delta": 0.164002}}
{"target": -37.58729403460501, "params": {"C": 222.95390303618123, "epsilon": 2.683484214350215, "gamma": 0.0021908808984534398}, "datetime": {"datetime": "2021-09-28 12:38:37", "elapsed": 1.699115, "delta": 0.157001}}
{"target": -40.74717703450433, "params": {"C": 174.98018451147092, "epsilon": 1.0331012129809096, "gamma": 0.06683950405461585}, "datetime": {"datetime": "2021-09-28 12:38:37", "elapsed": 1.832115, "delta": 0.133}}
{"target": -40.85146659729771, "params": {"C": 207.34992676131887, "epsilon": 0.3253068894190921, "gamma": 0.06869105856649538}, "datetime": {"datetime": "2021-09-28 12:38:37", "elapsed": 1.967115, "delta": 0.135}}
{"target": -39.009592068368015, "params": {"C": 210.67083247056377, "epsilon": 1.9097195876615638, "gamma": 0.025148052296005273}, "datetime": {"datetime": "2021-09-28 12:38:37", "elapsed": 2.164115, "delta": 0.197}}
{"target": -40.782753296827, "params": {"C": 272.9933371054207, "epsilon": 1.4840572586598495, "gamma": 0.06698135640614877}, "datetime": {"datetime": "2021-09-28 12:38:38", "elapsed": 2.350114, "delta": 0.185999}}
{"target": -39.21693021457037, "params": {"C": 167.63379291816133, "epsilon": 1.3027315680376776, "gamma": 0.03976114268291468}, "datetime": {"datetime": "2021-09-28 12:38:38", "elapsed": 2.543115, "delta": 0.193001}}
{"target": -38.30289257848529, "params": {"C": 176.9378774471378, "epsilon": 1.0456028732897633, "gamma": 0.010385507724514412}, "datetime": {"datetime": "2021-09-28 12:38:38", "elapsed": 2.705114, "delta": 0.161999}}
{"target": -38.219624100093334, "params": {"C": 223.19692135593857, "epsilon": 2.815830503061527, "gamma": 0.00936674071221388}, "datetime": {"datetime": "2021-09-28 12:38:39", "elapsed": 3.210115, "delta": 0.505001}}
{"target": -37.68136270793587, "params": {"C": 168.83377038947998, "epsilon": 1.9195860370103888, "gamma": 0.007594486227366521}, "datetime": {"datetime": "2021-09-28 12:38:39", "elapsed": 3.416116, "delta": 0.206001}}
{"target": -40.493948647077985, "params": {"C": 180.7427812480329, "epsilon": 1.784498516539991, "gamma": 0.05931248293672163}, "datetime": {"datetime": "2021-09-28 12:38:39", "elapsed": 3.575179, "delta": 0.159063}}
{"target": -37.58918488034412, "params": {"C": 157.0912515871761, "epsilon": 2.607794038672715, "gamma": 0.007165445995501169}, "datetime": {"datetime": "2021-09-28 12:38:39", "elapsed": 3.715185, "delta": 0.140006}}
{"target": -40.83786024745286, "params": {"C": 197.30402579608008, "epsilon": 1.2714453026856434, "gamma": 0.08426574912332178}, "datetime": {"datetime": "2021-09-28 12:38:39", "elapsed": 3.915181, "delta": 0.199996}}
{"target": -38.80066942438138, "params": {"C": 186.33585682321532, "epsilon": 1.4945800325573286, "gamma": 0.01964335420395807}, "datetime": {"datetime": "2021-09-28 12:38:39", "elapsed": 4.091181, "delta": 0.176}}
{"target": -39.14108633803231, "params": {"C": 165.18225672678975, "epsilon": 2.0896234248781353, "gamma": 0.032830116843218134}, "datetime": {"datetime": "2021-09-28 12:38:40", "elapsed": 4.272856, "delta": 0.181675}}
{"target": -40.566000229811436, "params": {"C": 196.16097639150226, "epsilon": 1.9535201485429579, "gamma": 0.05900808694300756}, "datetime": {"datetime": "2021-09-28 12:38:40", "elapsed": 4.490858, "delta": 0.218002}}
{"target": -38.883261425091426, "params": {"C": 187.81624828969433, "epsilon": 1.814212246318266, "gamma": 0.02089594167601992}, "datetime": {"datetime": "2021-09-28 12:38:40", "elapsed": 4.664857, "delta": 0.173999}}
{"target": -38.22323100112814, "params": {"C": 196.0855093233485, "epsilon": 2.6561723705121745, "gamma": 0.009399525906954347}, "datetime": {"datetime": "2021-09-28 12:38:40", "elapsed": 4.896862, "delta": 0.232005}}
{"target": -38.268620130472684, "params": {"C": 151.75947606654543, "epsilon": 2.7739297345118565, "gamma": 0.013159696202654253}, "datetime": {"datetime": "2021-09-28 12:38:40", "elapsed": 5.074866, "delta": 0.178004}}
{"target": -40.414911517567, "params": {"C": 165.4959738589027, "epsilon": 2.6948660554966293, "gamma": 0.061866673734637175}, "datetime": {"datetime": "2021-09-28 12:38:41", "elapsed": 5.27286, "delta": 0.197994}}
{"target": -37.53426060144533, "params": {"C": 249.8276358020088, "epsilon": 2.1327357943067535, "gamma": 0.0024587527982806064}, "datetime": {"datetime": "2021-09-28 12:38:41", "elapsed": 5.464862, "delta": 0.192002}}
{"target": -39.2862426487982, "params": {"C": 280.17012119402864, "epsilon": 2.850673809321771, "gamma": 0.026338787893572965}, "datetime": {"datetime": "2021-09-28 12:38:41", "elapsed": 5.677867, "delta": 0.213005}}
{"target": -39.2365790670846, "params": {"C": 250.7190795781545, "epsilon": 0.7850309877859607, "gamma": 0.027926951904295186}, "datetime": {"datetime": "2021-09-28 12:38:41", "elapsed": 5.928856, "delta": 0.250989}}
{"target": -42.08359176522308, "params": {"C": 261.6524594174708, "epsilon": 2.084708462547635, "gamma": 0.09411586698372357}, "datetime": {"datetime": "2021-09-28 12:38:41", "elapsed": 6.110857, "delta": 0.182001}}
{"target": -38.947030670432035, "params": {"C": 200.29499434719227, "epsilon": 0.43812491821456806, "gamma": 0.016322497269469008}, "datetime": {"datetime": "2021-09-28 12:38:42", "elapsed": 6.386858, "delta": 0.276001}}
{"target": -40.83266556526958, "params": {"C": 180.808907276552, "epsilon": 0.2814981325174104, "gamma": 0.06706115878049812}, "datetime": {"datetime": "2021-09-28 12:38:42", "elapsed": 6.604027, "delta": 0.217169}}
{"target": -40.54371377451825, "params": {"C": 228.68644895504582, "epsilon": 2.0253288940903116, "gamma": 0.05426220685743455}, "datetime": {"datetime": "2021-09-28 12:38:42", "elapsed": 6.883025, "delta": 0.278998}}
{"target": -39.470173732077, "params": {"C": 268.1685127420728, "epsilon": 0.8703209606649133, "gamma": 0.03368010789787945}, "datetime": {"datetime": "2021-09-28 12:38:42", "elapsed": 7.131023, "delta": 0.247998}}
{"target": -39.966760963728284, "params": {"C": 248.37680554096093, "epsilon": 0.7730199081377901, "gamma": 0.03892847748762824}, "datetime": {"datetime": "2021-09-28 12:38:43", "elapsed": 7.378032, "delta": 0.247009}}
{"target": -40.61170620671904, "params": {"C": 195.91301065189313, "epsilon": 2.230095862435162, "gamma": 0.07748992803986836}, "datetime": {"datetime": "2021-09-28 12:38:43", "elapsed": 7.592026, "delta": 0.213994}}
{"target": -40.55300713228871, "params": {"C": 240.0418445409521, "epsilon": 2.0313768569886133, "gamma": 0.05296199547593207}, "datetime": {"datetime": "2021-09-28 12:38:43", "elapsed": 7.911028, "delta": 0.319002}}
{"target": -38.28521603433469, "params": {"C": 272.65025809603, "epsilon": 0.5667126374936095, "gamma": 0.007821505144887872}, "datetime": {"datetime": "2021-09-28 12:38:44", "elapsed": 8.243025, "delta": 0.331997}}
{"target": -40.86919162813217, "params": {"C": 227.72588016596785, "epsilon": 0.15404956761187458, "gamma": 0.06914771985724591}, "datetime": {"datetime": "2021-09-28 12:38:44", "elapsed": 8.579068, "delta": 0.336043}}
{"target": -40.75964095739189, "params": {"C": 174.74817138887445, "epsilon": 0.8900300138411679, "gamma": 0.07179371119003214}, "datetime": {"datetime": "2021-09-28 12:38:44", "elapsed": 9.004058, "delta": 0.42499}}
{"target": -39.151928293926495, "params": {"C": 294.82915762676424, "epsilon": 1.8968558098374024, "gamma": 0.02109799222612541}, "datetime": {"datetime": "2021-09-28 12:38:45", "elapsed": 9.293059, "delta": 0.289001}}
{"target": -40.31884450148819, "params": {"C": 270.64480798284796, "epsilon": 1.4978267098612934, "gamma": 0.04159286063554107}, "datetime": {"datetime": "2021-09-28 12:38:45", "elapsed": 9.526057, "delta": 0.232998}}
{"target": -39.16139839930806, "params": {"C": 161.61983453538664, "epsilon": 0.7860821642803935, "gamma": 0.024981608247336567}, "datetime": {"datetime": "2021-09-28 12:38:45", "elapsed": 9.869058, "delta": 0.343001}}
{"target": -43.00840211299754, "params": {"C": 296.85325600821216, "epsilon": 0.6880866401685491, "gamma": 0.09983824147100627}, "datetime": {"datetime": "2021-09-28 12:38:46", "elapsed": 10.226057, "delta": 0.356999}}
{"target": -38.70492603979794, "params": {"C": 170.18699180174002, "epsilon": 1.5412207856759734, "gamma": 0.019259546699044613}, "datetime": {"datetime": "2021-09-28 12:38:48", "elapsed": 12.671405, "delta": 2.445348}}
{"target": -40.41182150694336, "params": {"C": 267.800272172501, "epsilon": 2.562071902625827, "gamma": 0.04992944690081086}, "datetime": {"datetime": "2021-09-28 12:38:48", "elapsed": 12.730398, "delta": 0.058993}}
{"target": -40.83789900614259, "params": {"C": 276.9842228036202, "epsilon": 0.23985678555017392, "gamma": 0.05101936292204869}, "datetime": {"datetime": "2021-09-28 12:38:48", "elapsed": 12.788395, "delta": 0.057997}}
{"target": -38.09677195866359, "params": {"C": 159.7929756580317, "epsilon": 1.2849388604645708, "gamma": 0.010556560650400643}, "datetime": {"datetime": "2021-09-28 12:38:48", "elapsed": 12.8284, "delta": 0.040005}}
{"target": -38.9338772345503, "params": {"C": 169.07399575519162, "epsilon": 1.7906391816268088, "gamma": 0.023375188059819352}, "datetime": {"datetime": "2021-09-28 12:38:48", "elapsed": 12.858399, "delta": 0.029999}}
{"target": -39.31756962271797, "params": {"C": 166.04185264649743, "epsilon": 0.6616983150046085, "gamma": 0.03563280221532663}, "datetime": {"datetime": "2021-09-28 12:38:48", "elapsed": 12.9224, "delta": 0.064001}}
{"target": -41.39831131876668, "params": {"C": 228.20760661281417, "epsilon": 2.746179953044725, "gamma": 0.09215782592335255}, "datetime": {"datetime": "2021-09-28 12:38:49", "elapsed": 13.223401, "delta": 0.301001}}
{"target": -40.571311995060135, "params": {"C": 170.64997238823776, "epsilon": 0.9397447245965623, "gamma": 0.06110375440205004}, "datetime": {"datetime": "2021-09-28 12:38:49", "elapsed": 13.649401, "delta": 0.426}}
{"target": -40.83630864564054, "params": {"C": 259.956204728934, "epsilon": 0.058415122134698495, "gamma": 0.051735682472214835}, "datetime": {"datetime": "2021-09-28 12:38:49", "elapsed": 14.009401, "delta": 0.36}}
{"target": -37.596715005738076, "params": {"C": 174.80307920599367, "epsilon": 0.7405699131362402, "gamma": 0.0069956677344945395}, "datetime": {"datetime": "2021-09-28 12:38:50", "elapsed": 14.443264, "delta": 0.433863}}
{"target": -40.34277126916788, "params": {"C": 245.51946745011313, "epsilon": 2.2859519868885516, "gamma": 0.04959099737753684}, "datetime": {"datetime": "2021-09-28 12:38:50", "elapsed": 14.85326, "delta": 0.409996}}
{"target": -42.5050412822836, "params": {"C": 285.7519428119075, "epsilon": 2.7404750346664417, "gamma": 0.09387037423691158}, "datetime": {"datetime": "2021-09-28 12:38:51", "elapsed": 15.256263, "delta": 0.403003}}
{"target": -38.68293078116311, "params": {"C": 175.54393810496794, "epsilon": 2.394291982503979, "gamma": 0.014544186944462339}, "datetime": {"datetime": "2021-09-28 12:38:51", "elapsed": 15.621259, "delta": 0.364996}}
{"target": -40.74205729818246, "params": {"C": 195.48171597094088, "epsilon": 1.0106044198037558, "gamma": 0.07263345831943958}, "datetime": {"datetime": "2021-09-28 12:38:51", "elapsed": 15.98226, "delta": 0.361001}}
{"target": -39.149324474781274, "params": {"C": 168.80497905698965, "epsilon": 1.881629755310455, "gamma": 0.03673147536269362}, "datetime": {"datetime": "2021-09-28 12:38:52", "elapsed": 16.380261, "delta": 0.398001}}
{"target": -38.763892671055636, "params": {"C": 253.75672955720873, "epsilon": 2.0622865750052806, "gamma": 0.016552402141247067}, "datetime": {"datetime": "2021-09-28 12:38:52", "elapsed": 16.779958, "delta": 0.399697}}
{"target": -39.030310760631096, "params": {"C": 168.84081841577859, "epsilon": 1.9493340397051409, "gamma": 0.029978752481908646}, "datetime": {"datetime": "2021-09-28 12:38:52", "elapsed": 17.101967, "delta": 0.322009}}
{"target": -38.71235573752008, "params": {"C": 151.74683045798, "epsilon": 2.7307163541886936, "gamma": 0.025999324620532043}, "datetime": {"datetime": "2021-09-28 12:38:53", "elapsed": 17.54896, "delta": 0.446993}}
{"target": -40.72582871764655, "params": {"C": 269.51475028409016, "epsilon": 1.8689332947709527, "gamma": 0.06530478040848847}, "datetime": {"datetime": "2021-09-28 12:38:53", "elapsed": 17.899956, "delta": 0.350996}}
{"target": -41.218875685550415, "params": {"C": 196.40971468363102, "epsilon": 0.8000044059426077, "gamma": 0.09382731248201337}, "datetime": {"datetime": "2021-09-28 12:38:54", "elapsed": 18.230956, "delta": 0.331}}
{"target": -38.82374986812495, "params": {"C": 201.61678952851804, "epsilon": 0.5398159371482223, "gamma": 0.014087001056749336}, "datetime": {"datetime": "2021-09-28 12:38:54", "elapsed": 18.661735, "delta": 0.430779}}
{"target": -38.235214168665856, "params": {"C": 222.99985990609488, "epsilon": 2.674529604525529, "gamma": 0.009066420113726627}, "datetime": {"datetime": "2021-09-28 12:38:54", "elapsed": 19.181736, "delta": 0.520001}}
{"target": -37.387680683351036, "params": {"C": 267.85150018411366, "epsilon": 0.15978348812916449, "gamma": 0.0023752122911887196}, "datetime": {"datetime": "2021-09-28 12:38:55", "elapsed": 19.661735, "delta": 0.479999}}
{"target": -38.23273535363542, "params": {"C": 272.69432472025545, "epsilon": 0.6298728846101825, "gamma": 0.007656885366607948}, "datetime": {"datetime": "2021-09-28 12:38:55", "elapsed": 20.165737, "delta": 0.504002}}
{"target": -38.64483980533024, "params": {"C": 249.81426867401967, "epsilon": 2.118658220379778, "gamma": 0.010733874981725768}, "datetime": {"datetime": "2021-09-28 12:38:56", "elapsed": 20.914419, "delta": 0.748682}}
{"target": -40.27922470647217, "params": {"C": 268.1588474418422, "epsilon": 0.8386078647498915, "gamma": 0.039800098663472255}, "datetime": {"datetime": "2021-09-28 12:38:57", "elapsed": 21.336422, "delta": 0.422003}}
{"target": -40.88506317525004, "params": {"C": 272.61247764823406, "epsilon": 0.5840911267633153, "gamma": 0.05891377312068537}, "datetime": {"datetime": "2021-09-28 12:38:57", "elapsed": 21.761424, "delta": 0.425002}}
{"target": -41.78243974231659, "params": {"C": 296.4577119965844, "epsilon": 2.2667322435256283, "gamma": 0.08394505414235336}, "datetime": {"datetime": "2021-09-28 12:38:58", "elapsed": 22.343443, "delta": 0.582019}}
{"target": -39.44757709503661, "params": {"C": 159.83470772107708, "epsilon": 1.234673570861883, "gamma": 0.04513685545827735}, "datetime": {"datetime": "2021-09-28 12:38:58", "elapsed": 22.756599, "delta": 0.413156}}
{"target": -40.13182448545827, "params": {"C": 222.96429132481933, "epsilon": 2.7456828473862958, "gamma": 0.04876464469076364}, "datetime": {"datetime": "2021-09-28 12:38:59", "elapsed": 23.216597, "delta": 0.459998}}
{"target": -40.01400828601707, "params": {"C": 192.32648672865815, "epsilon": 2.3812370245502104, "gamma": 0.05000836889464134}, "datetime": {"datetime": "2021-09-28 12:38:59", "elapsed": 23.713595, "delta": 0.496998}}
{"target": -37.23195353571187, "params": {"C": 174.7716946737032, "epsilon": 0.6894841693944824, "gamma": 0.0012045554368036325}, "datetime": {"datetime": "2021-09-28 12:39:00", "elapsed": 24.50853, "delta": 0.794935}}
{"target": -39.12739324897778, "params": {"C": 294.81665586904273, "epsilon": 1.9132655429758991, "gamma": 0.025480017427183952}, "datetime": {"datetime": "2021-09-28 12:39:00", "elapsed": 25.198407, "delta": 0.689877}}
{"target": -38.71403238079175, "params": {"C": 187.83518394852055, "epsilon": 1.8535299869470667, "gamma": 0.01553430541033083}, "datetime": {"datetime": "2021-09-28 12:39:01", "elapsed": 25.774411, "delta": 0.576004}}
{"target": -42.40799572918611, "params": {"C": 288.74751607069146, "epsilon": 2.535941983881681, "gamma": 0.09213493124221314}, "datetime": {"datetime": "2021-09-28 12:39:02", "elapsed": 26.347408, "delta": 0.572997}}
{"target": -40.60607582651815, "params": {"C": 247.1783681301265, "epsilon": 2.446556224754417, "gamma": 0.06683143239131935}, "datetime": {"datetime": "2021-09-28 12:39:02", "elapsed": 26.761761, "delta": 0.414353}}
{"target": -40.720954865524014, "params": {"C": 174.7957446714525, "epsilon": 0.7328153963028847, "gamma": 0.06420741494545473}, "datetime": {"datetime": "2021-09-28 12:39:03", "elapsed": 27.321758, "delta": 0.559997}}
{"target": -41.159469560613346, "params": {"C": 267.90097681468023, "epsilon": 0.14387829962801404, "gamma": 0.0744533184899296}, "datetime": {"datetime": "2021-09-28 12:39:03", "elapsed": 28.014759, "delta": 0.693001}}
{"target": -40.645963341357124, "params": {"C": 275.1459547507526, "epsilon": 2.843922576267812, "gamma": 0.060136081683542904}, "datetime": {"datetime": "2021-09-28 12:39:04", "elapsed": 28.659135, "delta": 0.644376}}
{"target": -39.066643015391364, "params": {"C": 235.73754999834858, "epsilon": 0.5907126034119698, "gamma": 0.019100104593821526}, "datetime": {"datetime": "2021-09-28 12:39:05", "elapsed": 29.289141, "delta": 0.630006}}
{"target": -40.70082209585377, "params": {"C": 215.383039361987, "epsilon": 1.3550186747381159, "gamma": 0.07028298216666996}, "datetime": {"datetime": "2021-09-28 12:39:05", "elapsed": 29.800134, "delta": 0.510993}}
{"target": -38.360752437631554, "params": {"C": 151.80211852274402, "epsilon": 2.7654313422710244, "gamma": 0.01374419228229835}, "datetime": {"datetime": "2021-09-28 12:39:06", "elapsed": 30.266339, "delta": 0.466205}}
{"target": -39.72000306954824, "params": {"C": 177.65329497463475, "epsilon": 2.150529405414705, "gamma": 0.04755741614016674}, "datetime": {"datetime": "2021-09-28 12:39:06", "elapsed": 30.713342, "delta": 0.447003}}
{"target": -40.689258325119646, "params": {"C": 244.68193950479025, "epsilon": 1.1941114767355918, "gamma": 0.05266879332040392}, "datetime": {"datetime": "2021-09-28 12:39:07", "elapsed": 31.265341, "delta": 0.551999}}
{"target": -41.23997070427713, "params": {"C": 178.8700955691963, "epsilon": 0.5898628060369075, "gamma": 0.0993287353647841}, "datetime": {"datetime": "2021-09-28 12:39:07", "elapsed": 31.730338, "delta": 0.464997}}
{"target": -41.86146681531998, "params": {"C": 254.01493950012357, "epsilon": 0.4299485481122405, "gamma": 0.09054093595741425}, "datetime": {"datetime": "2021-09-28 12:39:07", "elapsed": 32.199339, "delta": 0.469001}}
{"target": -38.76375439764392, "params": {"C": 271.5767662242966, "epsilon": 0.2703612799430414, "gamma": 0.01093584259598672}, "datetime": {"datetime": "2021-09-28 12:39:08", "elapsed": 32.752672, "delta": 0.553333}}
{"target": -41.43093461096236, "params": {"C": 298.14619087928804, "epsilon": 2.0950485040251388, "gamma": 0.0787519475863378}, "datetime": {"datetime": "2021-09-28 12:39:09", "elapsed": 33.284668, "delta": 0.531996}}
{"target": -39.77520860069362, "params": {"C": 186.25720952411316, "epsilon": 0.01147605506529685, "gamma": 0.044025054426899475}, "datetime": {"datetime": "2021-09-28 12:39:09", "elapsed": 33.71767, "delta": 0.433002}}
{"target": -40.59777994965395, "params": {"C": 196.1204638832925, "epsilon": 2.6514546153310725, "gamma": 0.07860725542596886}, "datetime": {"datetime": "2021-09-28 12:39:10", "elapsed": 34.295, "delta": 0.57733}}
{"target": -41.19502791006626, "params": {"C": 245.83167210157657, "epsilon": 2.1197678843768517, "gamma": 0.08463760137836158}, "datetime": {"datetime": "2021-09-28 12:39:10", "elapsed": 34.755459, "delta": 0.460459}}
{"target": -38.635696416605576, "params": {"C": 264.65090096363326, "epsilon": 1.7971101735814718, "gamma": 0.013614086918210346}, "datetime": {"datetime": "2021-09-28 12:39:11", "elapsed": 35.244456, "delta": 0.488997}}
{"target": -40.650403659589585, "params": {"C": 223.21095567491597, "epsilon": 2.8002647213034746, "gamma": 0.06052514539098158}, "datetime": {"datetime": "2021-09-28 12:39:11", "elapsed": 35.761463, "delta": 0.517007}}
{"target": -39.31699321262839, "params": {"C": 174.81638466855333, "epsilon": 0.6740366252033789, "gamma": 0.034325248632386354}, "datetime": {"datetime": "2021-09-28 12:39:12", "elapsed": 36.651802, "delta": 0.890339}}
{"target": -38.497321323782316, "params": {"C": 222.9709763865053, "epsilon": 0.09644024475770188, "gamma": 0.010154130134707597}, "datetime": {"datetime": "2021-09-28 12:39:13", "elapsed": 37.291799, "delta": 0.639997}}
{"target": -39.360710432773445, "params": {"C": 264.3035765410411, "epsilon": 2.4652065379125494, "gamma": 0.034189931486290424}, "datetime": {"datetime": "2021-09-28 12:39:13", "elapsed": 37.792799, "delta": 0.501}}
{"target": -38.96048734507261, "params": {"C": 179.8001176427855, "epsilon": 0.7230983163835459, "gamma": 0.020219115043366463}, "datetime": {"datetime": "2021-09-28 12:39:14", "elapsed": 38.233799, "delta": 0.441}}
