{"target": -37.56799040478743, "params": {"C": 181.09180772328412, "epsilon": 1.3866299154856676, "gamma": 0.0127473467627446}, "datetime": {"datetime": "2021-09-28 13:31:53", "elapsed": 3192.830817, "delta": 14.878761}}
{"target": -36.827683612052006, "params": {"C": 168.92659161837153, "epsilon": 2.039124652710895, "gamma": 0.006110651725388477}, "datetime": {"datetime": "2021-09-28 13:32:14", "elapsed": 3214.107042, "delta": 21.276225}}
{"target": -38.15966116305318, "params": {"C": 155.39985909941242, "epsilon": 2.0028399998949373, "gamma": 0.018349452793931523}, "datetime": {"datetime": "2021-09-28 13:32:27", "elapsed": 3226.857949, "delta": 12.750907}}
{"target": -39.906048684841, "params": {"C": 181.1219102750954, "epsilon": 1.140101961415508, "gamma": 0.05016696867920917}, "datetime": {"datetime": "2021-09-28 13:32:42", "elapsed": 3242.531561, "delta": 15.673612}}
{"target": -49.97413104492835, "params": {"C": 290.96854350709094, "epsilon": 0.7252908502104385, "gamma": 0.17186931770108668}, "datetime": {"datetime": "2021-09-28 13:32:48", "elapsed": 3248.461748, "delta": 5.930187}}
{"target": -40.04231312367524, "params": {"C": 205.69514161260065, "epsilon": 1.4324249680932608, "gamma": 0.0515618322691954}, "datetime": {"datetime": "2021-09-28 13:32:54", "elapsed": 3253.814149, "delta": 5.352401}}
{"target": -36.98167683663648, "params": {"C": 154.83419939313737, "epsilon": 0.9461433855688449, "gamma": 0.006525899844906678}, "datetime": {"datetime": "2021-09-28 13:33:07", "elapsed": 3267.765128, "delta": 13.950979}}
{"target": -38.889953297015076, "params": {"C": 154.75786400405363, "epsilon": 0.8068959895136628, "gamma": 0.03595480948996204}, "datetime": {"datetime": "2021-09-28 13:33:27", "elapsed": 3286.989344, "delta": 19.224216}}
{"target": -37.689445292886916, "params": {"C": 154.74210753623836, "epsilon": 1.1751759344945958, "gamma": 0.014310898686304332}, "datetime": {"datetime": "2021-09-28 13:33:43", "elapsed": 3303.601397, "delta": 16.612053}}
{"target": -46.462785500487215, "params": {"C": 154.62180325751734, "epsilon": 1.2605543351968838, "gamma": 0.1538526332011451}, "datetime": {"datetime": "2021-09-28 13:34:01", "elapsed": 3321.51025, "delta": 17.908853}}
{"target": -43.95508238501003, "params": {"C": 154.84004099431291, "epsilon": 0.944562359998899, "gamma": 0.12001512619415398}, "datetime": {"datetime": "2021-09-28 13:34:17", "elapsed": 3337.69121, "delta": 16.18096}}
{"target": -37.51607544597598, "params": {"C": 154.5801788209661, "epsilon": 0.8901088839005191, "gamma": 0.012337702314530803}, "datetime": {"datetime": "2021-09-28 13:34:42", "elapsed": 3362.121966, "delta": 24.430756}}
{"target": -45.505851124714944, "params": {"C": 154.55819649685506, "epsilon": 0.7477520065354665, "gamma": 0.140899258796996}, "datetime": {"datetime": "2021-09-28 13:34:57", "elapsed": 3377.604302, "delta": 15.482336}}
{"target": -40.368771882180084, "params": {"C": 241.878396210876, "epsilon": 0.8915278299410886, "gamma": 0.05566227652609765}, "datetime": {"datetime": "2021-09-28 13:35:03", "elapsed": 3383.424723, "delta": 5.820421}}
{"target": -43.2333809848829, "params": {"C": 155.28388740713558, "epsilon": 2.1432602643909258, "gamma": 0.10945505529871452}, "datetime": {"datetime": "2021-09-28 13:35:18", "elapsed": 3398.152581, "delta": 14.727858}}
{"target": -48.59211656118592, "params": {"C": 213.91339199765943, "epsilon": 0.2156144059626758, "gamma": 0.16422750052571988}, "datetime": {"datetime": "2021-09-28 13:35:30", "elapsed": 3410.481842, "delta": 12.329261}}
{"target": -38.715327035754314, "params": {"C": 180.99493097294467, "epsilon": 2.8797604785297333, "gamma": 0.029584319463434313}, "datetime": {"datetime": "2021-09-28 13:35:51", "elapsed": 3430.878749, "delta": 20.396907}}
{"target": -36.908199554568206, "params": {"C": 214.80118677274316, "epsilon": 0.16827796844134962, "gamma": 0.002114496781926433}, "datetime": {"datetime": "2021-09-28 13:35:57", "elapsed": 3436.967502, "delta": 6.088753}}
{"target": -46.41717479576512, "params": {"C": 214.8057357741212, "epsilon": 0.06863206137617488, "gamma": 0.12889933522027908}, "datetime": {"datetime": "2021-09-28 13:36:10", "elapsed": 3450.104011, "delta": 13.136509}}
{"target": -38.91444105103054, "params": {"C": 214.9175615850285, "epsilon": 0.3302376352429493, "gamma": 0.027562330169835236}, "datetime": {"datetime": "2021-09-28 13:36:28", "elapsed": 3467.93175, "delta": 17.827739}}
{"target": -48.83365870056514, "params": {"C": 220.8454242759252, "epsilon": 2.266331841532464, "gamma": 0.17094558344490315}, "datetime": {"datetime": "2021-09-28 13:36:34", "elapsed": 3474.460235, "delta": 6.528485}}
{"target": -47.36959501900992, "params": {"C": 272.9245332383513, "epsilon": 0.08003614380761612, "gamma": 0.12220906354092616}, "datetime": {"datetime": "2021-09-28 13:36:40", "elapsed": 3480.434057, "delta": 5.973822}}
{"target": -48.721327086712975, "params": {"C": 199.97962410651735, "epsilon": 2.3052784400180855, "gamma": 0.17994621068361388}, "datetime": {"datetime": "2021-09-28 13:36:46", "elapsed": 3486.302988, "delta": 5.868931}}
{"target": -40.43073178346618, "params": {"C": 213.56686057963594, "epsilon": 0.30786008133970366, "gamma": 0.05919062879948044}, "datetime": {"datetime": "2021-09-28 13:36:59", "elapsed": 3499.703263, "delta": 13.400275}}
{"target": -48.88431909977336, "params": {"C": 278.6690962932613, "epsilon": 1.0028152185071928, "gamma": 0.14602779825253484}, "datetime": {"datetime": "2021-09-28 13:37:06", "elapsed": 3505.937248, "delta": 6.233985}}
{"target": -37.369444100587295, "params": {"C": 242.33346615689038, "epsilon": 1.8807301075593608, "gamma": 0.010592922322926811}, "datetime": {"datetime": "2021-09-28 13:37:12", "elapsed": 3511.836219, "delta": 5.898971}}
{"target": -42.012298056958855, "params": {"C": 242.39386900714703, "epsilon": 2.021550956597266, "gamma": 0.07916634717302938}, "datetime": {"datetime": "2021-09-28 13:37:27", "elapsed": 3527.327461, "delta": 15.491242}}
{"target": -45.33202630048219, "params": {"C": 259.545238363355, "epsilon": 0.2242332109330399, "gamma": 0.10693372897634569}, "datetime": {"datetime": "2021-09-28 13:37:33", "elapsed": 3533.299967, "delta": 5.972506}}
{"target": -37.42062269174603, "params": {"C": 242.16218659669568, "epsilon": 1.822170831670173, "gamma": 0.011101572556366783}, "datetime": {"datetime": "2021-09-28 13:37:54", "elapsed": 3554.543035, "delta": 21.243068}}
{"target": -48.83597796598606, "params": {"C": 242.2848455476325, "epsilon": 1.7003126650897442, "gamma": 0.16003307575866682}, "datetime": {"datetime": "2021-09-28 13:38:16", "elapsed": 3576.47154, "delta": 21.928505}}
{"target": -39.13665092048653, "params": {"C": 214.66931785703318, "epsilon": 0.2988242352506752, "gamma": 0.034649236752775814}, "datetime": {"datetime": "2021-09-28 13:38:34", "elapsed": 3593.964829, "delta": 17.493289}}
{"target": -36.241843711614074, "params": {"C": 209.20961112562333, "epsilon": 1.9918720969376644, "gamma": 0.001}, "datetime": {"datetime": "2021-09-28 13:38:55", "elapsed": 3615.179723, "delta": 21.214894}}
{"target": -43.262081017602064, "params": {"C": 209.35464711612505, "epsilon": 1.9913488401513135, "gamma": 0.09789218574670475}, "datetime": {"datetime": "2021-09-28 13:39:09", "elapsed": 3628.847101, "delta": 13.667378}}
{"target": -39.97210716583061, "params": {"C": 209.100213789044, "epsilon": 1.8300128359968975, "gamma": 0.0500865833524727}, "datetime": {"datetime": "2021-09-28 13:39:23", "elapsed": 3643.367693, "delta": 14.520592}}
{"target": -44.65896563827266, "params": {"C": 185.2480551146148, "epsilon": 2.8120768552859325, "gamma": 0.11720538775761534}, "datetime": {"datetime": "2021-09-28 13:39:29", "elapsed": 3649.167747, "delta": 5.800054}}
{"target": -43.186614562655464, "params": {"C": 171.2003566488065, "epsilon": 0.10962266156154736, "gamma": 0.10639864349463081}, "datetime": {"datetime": "2021-09-28 13:39:35", "elapsed": 3655.260025, "delta": 6.092278}}
{"target": -38.675637337001795, "params": {"C": 209.1154695360226, "epsilon": 2.087071680109261, "gamma": 0.02582057498916774}, "datetime": {"datetime": "2021-09-28 13:39:47", "elapsed": 3667.571877, "delta": 12.311852}}
{"target": -38.968263629266886, "params": {"C": 242.03217732965084, "epsilon": 2.0266035682987056, "gamma": 0.027403833327568988}, "datetime": {"datetime": "2021-09-28 13:40:05", "elapsed": 3685.041137, "delta": 17.46926}}
{"target": -38.80292154521899, "params": {"C": 154.70040982993393, "epsilon": 1.0391000319433932, "gamma": 0.03400109721491084}, "datetime": {"datetime": "2021-09-28 13:40:24", "elapsed": 3704.260268, "delta": 19.219131}}
{"target": -38.52309550977808, "params": {"C": 241.9842424459115, "epsilon": 1.8204077168582111, "gamma": 0.02083105183252636}, "datetime": {"datetime": "2021-09-28 13:40:38", "elapsed": 3718.411975, "delta": 14.151707}}
{"target": -42.81715718869468, "params": {"C": 185.1794582291099, "epsilon": 2.53901448535109, "gamma": 0.09701825468268424}, "datetime": {"datetime": "2021-09-28 13:40:53", "elapsed": 3733.63404, "delta": 15.222065}}
{"target": -42.731277257241494, "params": {"C": 242.1426816548361, "epsilon": 1.941395817816672, "gamma": 0.08611835376417867}, "datetime": {"datetime": "2021-09-28 13:41:08", "elapsed": 3748.150094, "delta": 14.516054}}
{"target": -43.1477305130405, "params": {"C": 266.4501548431751, "epsilon": 1.2986155901234073, "gamma": 0.08665670831548145}, "datetime": {"datetime": "2021-09-28 13:41:16", "elapsed": 3756.039073, "delta": 7.888979}}
{"target": -36.2845984541565, "params": {"C": 181.28749307319947, "epsilon": 1.3439077416878595, "gamma": 0.001}, "datetime": {"datetime": "2021-09-28 13:41:30", "elapsed": 3769.933443, "delta": 13.89437}}
{"target": -43.352300413644286, "params": {"C": 181.4863670316094, "epsilon": 1.3949365965305691, "gamma": 0.10501476574551576}, "datetime": {"datetime": "2021-09-28 13:41:44", "elapsed": 3784.677382, "delta": 14.743939}}
{"target": -38.68911970048185, "params": {"C": 154.4425241139582, "epsilon": 1.0414095755224875, "gamma": 0.03232836729930728}, "datetime": {"datetime": "2021-09-28 13:41:59", "elapsed": 3799.453207, "delta": 14.775825}}
{"target": -38.670743541807184, "params": {"C": 180.7142158463554, "epsilon": 1.0282436902978327, "gamma": 0.02860967272168582}, "datetime": {"datetime": "2021-09-28 13:42:14", "elapsed": 3814.483451, "delta": 15.030244}}
{"target": -48.00469245506681, "params": {"C": 181.16784096889782, "epsilon": 1.3010727741604224, "gamma": 0.16501885555410817}, "datetime": {"datetime": "2021-09-28 13:42:31", "elapsed": 3831.803173, "delta": 17.319722}}
{"target": -40.29828647279082, "params": {"C": 266.4373839685995, "epsilon": 1.0453179383679108, "gamma": 0.05159475339907578}, "datetime": {"datetime": "2021-09-28 13:42:47", "elapsed": 3847.107879, "delta": 15.304706}}
{"target": -36.23969348169577, "params": {"C": 154.35123774855427, "epsilon": 0.8926114043257092, "gamma": 0.001}, "datetime": {"datetime": "2021-09-28 13:43:06", "elapsed": 3866.104333, "delta": 18.996454}}
{"target": -41.044094637898105, "params": {"C": 154.17735039066815, "epsilon": 0.9630025003820497, "gamma": 0.08049683649637274}, "datetime": {"datetime": "2021-09-28 13:43:24", "elapsed": 3884.260446, "delta": 18.156113}}
{"target": -48.609657416229865, "params": {"C": 193.99103615681938, "epsilon": 0.7429089328102232, "gamma": 0.17573556219577913}, "datetime": {"datetime": "2021-09-28 13:43:31", "elapsed": 3890.966604, "delta": 6.706158}}
{"target": -46.7021690564605, "params": {"C": 210.97602155589036, "epsilon": 2.462810969682965, "gamma": 0.13106126152792286}, "datetime": {"datetime": "2021-09-28 13:43:37", "elapsed": 3897.614658, "delta": 6.648054}}
{"target": -45.22845790046969, "params": {"C": 226.18848676064334, "epsilon": 0.6610664779917936, "gamma": 0.11303448120110512}, "datetime": {"datetime": "2021-09-28 13:43:43", "elapsed": 3903.759259, "delta": 6.144601}}
{"target": -37.103559730801706, "params": {"C": 241.96727199452602, "epsilon": 2.251199907404891, "gamma": 0.00854228730524704}, "datetime": {"datetime": "2021-09-28 13:44:00", "elapsed": 3920.052525, "delta": 16.293266}}
{"target": -42.52680556471172, "params": {"C": 241.8597364869305, "epsilon": 2.3409288083458266, "gamma": 0.08395600716138184}, "datetime": {"datetime": "2021-09-28 13:44:18", "elapsed": 3938.5022, "delta": 18.449675}}
{"target": -37.50689995438746, "params": {"C": 154.27876879704365, "epsilon": 0.6812308738106502, "gamma": 0.012528538626901831}, "datetime": {"datetime": "2021-09-28 13:44:34", "elapsed": 3954.161619, "delta": 15.659419}}
{"target": -39.046900932800185, "params": {"C": 233.30004662598617, "epsilon": 0.8365327845339698, "gamma": 0.029041957570486346}, "datetime": {"datetime": "2021-09-28 13:44:50", "elapsed": 3969.823701, "delta": 15.662082}}
{"target": -45.18996073164139, "params": {"C": 180.31279155934521, "epsilon": 0.7102498034941815, "gamma": 0.12616866584874029}, "datetime": {"datetime": "2021-09-28 13:44:56", "elapsed": 3976.352629, "delta": 6.528928}}
{"target": -49.06815672030868, "params": {"C": 269.7393449517548, "epsilon": 2.300931992518725, "gamma": 0.15632217139598117}, "datetime": {"datetime": "2021-09-28 13:45:03", "elapsed": 3983.162835, "delta": 6.810206}}
{"target": -41.02926558256681, "params": {"C": 213.68522900661108, "epsilon": 2.3574642307609786, "gamma": 0.0720785264724544}, "datetime": {"datetime": "2021-09-28 13:45:10", "elapsed": 3989.97234, "delta": 6.809505}}
{"target": -48.40041480499162, "params": {"C": 288.82120786522523, "epsilon": 1.6577736661515812, "gamma": 0.132068253353063}, "datetime": {"datetime": "2021-09-28 13:45:17", "elapsed": 3996.950089, "delta": 6.977749}}
{"target": -37.16179146246151, "params": {"C": 154.26474069227083, "epsilon": 0.5060406538952432, "gamma": 0.008689237777811587}, "datetime": {"datetime": "2021-09-28 13:45:33", "elapsed": 4013.4095, "delta": 16.459411}}
{"target": -49.7117026144051, "params": {"C": 289.49696253221214, "epsilon": 2.025383294367425, "gamma": 0.165663915019812}, "datetime": {"datetime": "2021-09-28 13:45:40", "elapsed": 4020.085226, "delta": 6.675726}}
{"target": -45.305235340564295, "params": {"C": 154.13629399316997, "epsilon": 0.3459809700365484, "gamma": 0.13894034029812363}, "datetime": {"datetime": "2021-09-28 13:45:56", "elapsed": 4036.712765, "delta": 16.627539}}
{"target": -38.78044914117834, "params": {"C": 242.15157707430376, "epsilon": 2.21870104000052, "gamma": 0.025258166483390018}, "datetime": {"datetime": "2021-09-28 13:46:11", "elapsed": 4050.823184, "delta": 14.110419}}
{"target": -47.03597549292267, "params": {"C": 154.10703701084702, "epsilon": 0.6742165451737593, "gamma": 0.16409198157212138}, "datetime": {"datetime": "2021-09-28 13:46:28", "elapsed": 4068.76194, "delta": 17.938756}}
{"target": -38.84620090963875, "params": {"C": 173.6755808340233, "epsilon": 2.9963419199979073, "gamma": 0.03664415276386993}, "datetime": {"datetime": "2021-09-28 13:46:35", "elapsed": 4075.57641, "delta": 6.81447}}
{"target": -36.28742447505839, "params": {"C": 154.3974004337509, "epsilon": 0.5577831367780628, "gamma": 0.001}, "datetime": {"datetime": "2021-09-28 13:46:55", "elapsed": 4094.94492, "delta": 19.36851}}
{"target": -47.109389433236636, "params": {"C": 217.93539767872255, "epsilon": 2.3604918311481513, "gamma": 0.13340104193903818}, "datetime": {"datetime": "2021-09-28 13:47:01", "elapsed": 4100.943803, "delta": 5.998883}}
{"target": -40.0371075972943, "params": {"C": 186.32936796034534, "epsilon": 0.8747074017640889, "gamma": 0.05178917842968544}, "datetime": {"datetime": "2021-09-28 13:47:07", "elapsed": 4107.253477, "delta": 6.309674}}
{"target": -43.62628169808062, "params": {"C": 154.50254175115143, "epsilon": 0.33836694052617294, "gamma": 0.11630921428374624}, "datetime": {"datetime": "2021-09-28 13:47:25", "elapsed": 4124.961246, "delta": 17.707769}}
{"target": -36.811135754690774, "params": {"C": 278.1770652807099, "epsilon": 2.1532615918378193, "gamma": 0.004971479336207369}, "datetime": {"datetime": "2021-09-28 13:47:31", "elapsed": 4131.46511, "delta": 6.503864}}
{"target": -37.78005923396937, "params": {"C": 277.9837849083772, "epsilon": 2.11175017976491, "gamma": 0.013474679019628982}, "datetime": {"datetime": "2021-09-28 13:47:47", "elapsed": 4146.977989, "delta": 15.512879}}
{"target": -41.04886567624038, "params": {"C": 231.75312392997307, "epsilon": 1.9560972614818208, "gamma": 0.07032490787895375}, "datetime": {"datetime": "2021-09-28 13:47:53", "elapsed": 4153.388733, "delta": 6.410744}}
{"target": -39.885696637248635, "params": {"C": 266.7441495167939, "epsilon": 2.958131482612084, "gamma": 0.04210674878976792}, "datetime": {"datetime": "2021-09-28 13:48:00", "elapsed": 4160.272845, "delta": 6.884112}}
{"target": -49.90055535368742, "params": {"C": 278.01256657616966, "epsilon": 2.2394114084294645, "gamma": 0.17710607185758345}, "datetime": {"datetime": "2021-09-28 13:48:20", "elapsed": 4179.962975, "delta": 19.69013}}
{"target": -38.102604860550784, "params": {"C": 160.49285048237704, "epsilon": 0.44160277263421244, "gamma": 0.017729067408974574}, "datetime": {"datetime": "2021-09-28 13:48:27", "elapsed": 4186.833561, "delta": 6.870586}}
{"target": -49.027272520774396, "params": {"C": 242.0183902095269, "epsilon": 2.2015835625731826, "gamma": 0.1672903449161252}, "datetime": {"datetime": "2021-09-28 13:48:42", "elapsed": 4202.012277, "delta": 15.178716}}
{"target": -43.92153587247935, "params": {"C": 160.3190664463919, "epsilon": 0.39736611585739684, "gamma": 0.11829605944873031}, "datetime": {"datetime": "2021-09-28 13:49:03", "elapsed": 4223.400881, "delta": 21.388604}}
{"target": -41.11939855960847, "params": {"C": 173.51013310322963, "epsilon": 2.9375922167517374, "gamma": 0.0785019915460283}, "datetime": {"datetime": "2021-09-28 13:49:28", "elapsed": 4248.259009, "delta": 24.858128}}
{"target": -37.53718832262509, "params": {"C": 242.14279014588303, "epsilon": 2.4111550416392706, "gamma": 0.011988302501427097}, "datetime": {"datetime": "2021-09-28 13:49:45", "elapsed": 4265.192884, "delta": 16.933875}}
{"target": -39.38224645207218, "params": {"C": 242.28570743962922, "epsilon": 2.3629663413190305, "gamma": 0.03662796534087643}, "datetime": {"datetime": "2021-09-28 13:50:01", "elapsed": 4281.212421, "delta": 16.019537}}
{"target": -48.36946505833743, "params": {"C": 276.47317588411056, "epsilon": 0.8907746989328363, "gamma": 0.13480769150943184}, "datetime": {"datetime": "2021-09-28 13:50:07", "elapsed": 4287.766469, "delta": 6.554048}}
{"target": -36.899760429612314, "params": {"C": 176.1273811834266, "epsilon": 0.18982384966236304, "gamma": 0.0070111747418514165}, "datetime": {"datetime": "2021-09-28 13:50:14", "elapsed": 4294.256175, "delta": 6.489706}}
{"target": -42.058531098414015, "params": {"C": 176.2876312328187, "epsilon": 0.1936888299682556, "gamma": 0.09201099140967355}, "datetime": {"datetime": "2021-09-28 13:50:36", "elapsed": 4316.003436, "delta": 21.747261}}
{"target": -37.62203499265788, "params": {"C": 157.78060898645148, "epsilon": 2.796409311415141, "gamma": 0.01252269851661842}, "datetime": {"datetime": "2021-09-28 13:50:43", "elapsed": 4323.488411, "delta": 7.484975}}
{"target": -37.84579810776498, "params": {"C": 280.1552757398425, "epsilon": 2.45162423876212, "gamma": 0.015370602570059979}, "datetime": {"datetime": "2021-09-28 13:50:50", "elapsed": 4330.415562, "delta": 6.927151}}
{"target": -36.26248671183344, "params": {"C": 157.64463638393744, "epsilon": 2.903232928726312, "gamma": 0.001}, "datetime": {"datetime": "2021-09-28 13:51:12", "elapsed": 4352.66719, "delta": 22.251628}}
{"target": -39.244612160479484, "params": {"C": 157.52833861903957, "epsilon": 2.8306787543233685, "gamma": 0.046167524743350216}, "datetime": {"datetime": "2021-09-28 13:51:25", "elapsed": 4365.462082, "delta": 12.794892}}
{"target": -40.582945986887424, "params": {"C": 175.98418244665217, "epsilon": 0.243094906446914, "gamma": 0.06951208248612502}, "datetime": {"datetime": "2021-09-28 13:51:48", "elapsed": 4388.511212, "delta": 23.04913}}
{"target": -37.27997278807719, "params": {"C": 211.69450043653097, "epsilon": 0.11452627196817093, "gamma": 0.01108499992182774}, "datetime": {"datetime": "2021-09-28 13:51:54", "elapsed": 4394.008333, "delta": 5.497121}}
{"target": -39.149665606312745, "params": {"C": 211.86811868266744, "epsilon": 0.11853182582819383, "gamma": 0.034882461658500674}, "datetime": {"datetime": "2021-09-28 13:52:14", "elapsed": 4413.916111, "delta": 19.907778}}
{"target": -37.22070730503436, "params": {"C": 202.26077100688417, "epsilon": 1.4664902979307972, "gamma": 0.009889535323135374}, "datetime": {"datetime": "2021-09-28 13:52:20", "elapsed": 4420.240737, "delta": 6.324626}}
{"target": -39.00463383060451, "params": {"C": 171.32241313024485, "epsilon": 2.373766764665617, "gamma": 0.03870023176598014}, "datetime": {"datetime": "2021-09-28 13:52:25", "elapsed": 4425.662895, "delta": 5.422158}}
{"target": -40.18669800297516, "params": {"C": 157.77307436001462, "epsilon": 2.9757490457979787, "gamma": 0.06247898072807861}, "datetime": {"datetime": "2021-09-28 13:52:41", "elapsed": 4441.625947, "delta": 15.963052}}
{"target": -36.235795404474445, "params": {"C": 176.08530783721505, "epsilon": 0.0400692643815344, "gamma": 0.001}, "datetime": {"datetime": "2021-09-28 13:53:08", "elapsed": 4468.367147, "delta": 26.7412}}
{"target": -47.30161301054041, "params": {"C": 202.14940095600318, "epsilon": 1.4480431382028314, "gamma": 0.1425576285767193}, "datetime": {"datetime": "2021-09-28 13:53:23", "elapsed": 4483.602289, "delta": 15.235142}}
{"target": -48.08344616071075, "params": {"C": 176.1250093787147, "epsilon": 0.004582015939661786, "gamma": 0.1715187093137308}, "datetime": {"datetime": "2021-09-28 13:53:41", "elapsed": 4501.627571, "delta": 18.025282}}
