{"target": -52.39598543168555, "params": {"C": 28.943225147208874, "epsilon": 2.2053770499919447, "gamma": 0.0008}, "datetime": {"datetime": "2021-09-24 15:48:48", "elapsed": 593.545664, "delta": 3.169831}}
{"target": -44.55814156470524, "params": {"C": 29.344066550029964, "epsilon": 2.2519557753496176, "gamma": 0.11675995234902387}, "datetime": {"datetime": "2021-09-24 15:48:50", "elapsed": 595.664319, "delta": 2.118655}}
{"target": -45.4673558037646, "params": {"C": 17.08577168830337, "epsilon": 2.9403198704307068, "gamma": 0.15}, "datetime": {"datetime": "2021-09-24 15:48:55", "elapsed": 599.975262, "delta": 4.310943}}
{"target": -44.211419072336234, "params": {"C": 19.36290519011139, "epsilon": 0.3828959374760155, "gamma": 0.013236503506752411}, "datetime": {"datetime": "2021-09-24 15:48:58", "elapsed": 603.003455, "delta": 3.028193}}
{"target": -45.04946164910906, "params": {"C": 24.661914086570214, "epsilon": 3.4862013092545237, "gamma": 0.15}, "datetime": {"datetime": "2021-09-24 15:49:00", "elapsed": 605.935638, "delta": 2.932183}}
{"target": -45.19699398952893, "params": {"C": 35.44702607092999, "epsilon": 1.1732219084489288, "gamma": 0.14393221367462655}, "datetime": {"datetime": "2021-09-24 15:49:04", "elapsed": 609.802204, "delta": 3.866566}}
{"target": -43.978293296017945, "params": {"C": 25.03467559688149, "epsilon": 1.3881912263503797, "gamma": 0.011749908648862627}, "datetime": {"datetime": "2021-09-24 15:49:08", "elapsed": 613.035831, "delta": 3.233627}}
{"target": -43.96406397479098, "params": {"C": 27.052718433499212, "epsilon": 3.580704358098644, "gamma": 0.06480512674550144}, "datetime": {"datetime": "2021-09-24 15:49:11", "elapsed": 616.229501, "delta": 3.19367}}
{"target": -43.93295232118426, "params": {"C": 27.446212411548895, "epsilon": 3.9315664326545687, "gamma": 0.062430955338505255}, "datetime": {"datetime": "2021-09-24 15:49:16", "elapsed": 621.199149, "delta": 4.969648}}
{"target": -44.161470419011565, "params": {"C": 45.0516442500372, "epsilon": 2.3201499326620088, "gamma": 0.07323608694887936}, "datetime": {"datetime": "2021-09-24 15:49:18", "elapsed": 623.123928, "delta": 1.924779}}
{"target": -45.19544341529722, "params": {"C": 26.181301115293483, "epsilon": 4.0, "gamma": 0.15}, "datetime": {"datetime": "2021-09-24 15:49:22", "elapsed": 627.254754, "delta": 4.130826}}
{"target": -43.81973292462269, "params": {"C": 27.1968640756556, "epsilon": 1.8456215925937631, "gamma": 0.04212282823491363}, "datetime": {"datetime": "2021-09-24 15:49:25", "elapsed": 630.078414, "delta": 2.82366}}
{"target": -44.31570080042546, "params": {"C": 27.19504864285278, "epsilon": 2.269357379032001, "gamma": 0.10004744417711053}, "datetime": {"datetime": "2021-09-24 15:49:28", "elapsed": 633.926395, "delta": 3.847981}}
{"target": -44.92712199264906, "params": {"C": 35.4266405415288, "epsilon": 0.6245085236871672, "gamma": 0.0035739188244374447}, "datetime": {"datetime": "2021-09-24 15:49:32", "elapsed": 637.081418, "delta": 3.155023}}
{"target": -53.115488385870435, "params": {"C": 25.302817831144008, "epsilon": 0.10691202367999679, "gamma": 0.0008}, "datetime": {"datetime": "2021-09-24 15:49:36", "elapsed": 641.376282, "delta": 4.294864}}
{"target": -45.77249787499657, "params": {"C": 12.581599231893504, "epsilon": 1.3042885528766492, "gamma": 0.15}, "datetime": {"datetime": "2021-09-24 15:49:40", "elapsed": 645.827294, "delta": 4.451012}}
{"target": -43.96758811369144, "params": {"C": 27.408439592092094, "epsilon": 1.5591510111608067, "gamma": 0.03714209691026641}, "datetime": {"datetime": "2021-09-24 15:49:44", "elapsed": 649.584208, "delta": 3.756914}}
{"target": -54.35768925197985, "params": {"C": 18.712429680692143, "epsilon": 0.3886854821873295, "gamma": 0.0008}, "datetime": {"datetime": "2021-09-24 15:49:48", "elapsed": 653.271821, "delta": 3.687613}}
{"target": -44.01877081808823, "params": {"C": 30.728729088383236, "epsilon": 1.744544168854248, "gamma": 0.023491885979175856}, "datetime": {"datetime": "2021-09-24 15:49:50", "elapsed": 655.554121, "delta": 2.2823}}
{"target": -44.33443348723662, "params": {"C": 21.490736591633453, "epsilon": 1.1695512466521658, "gamma": 0.11105690698351531}, "datetime": {"datetime": "2021-09-24 15:49:54", "elapsed": 658.951275, "delta": 3.397154}}
{"target": -45.47042773613706, "params": {"C": 5.9774985315888465, "epsilon": 0.3178951855388949, "gamma": 0.04276699693670652}, "datetime": {"datetime": "2021-09-24 15:49:56", "elapsed": 661.20543, "delta": 2.254155}}
{"target": -44.08220741931111, "params": {"C": 23.972351233907425, "epsilon": 0.24422150380460403, "gamma": 0.09711617626056475}, "datetime": {"datetime": "2021-09-24 15:49:59", "elapsed": 664.39669, "delta": 3.19126}}
{"target": -43.56880817017486, "params": {"C": 24.308209836019053, "epsilon": 1.3021011118180812, "gamma": 0.06036421493218572}, "datetime": {"datetime": "2021-09-24 15:50:03", "elapsed": 668.086425, "delta": 3.689735}}
{"target": -45.52549908010936, "params": {"C": 43.22293988464689, "epsilon": 1.9890268309612975, "gamma": 0.14903752710317192}, "datetime": {"datetime": "2021-09-24 15:50:07", "elapsed": 672.886141, "delta": 4.799716}}
{"target": -45.23996425400976, "params": {"C": 20.061427847268924, "epsilon": 1.4887483082425599, "gamma": 0.15}, "datetime": {"datetime": "2021-09-24 15:50:11", "elapsed": 676.41161, "delta": 3.525469}}
{"target": -44.17398606090914, "params": {"C": 21.118083681650337, "epsilon": 3.854510538546969, "gamma": 0.09218346809053266}, "datetime": {"datetime": "2021-09-24 15:50:13", "elapsed": 678.286633, "delta": 1.875023}}
{"target": -43.5425915124086, "params": {"C": 21.8357461552385, "epsilon": 1.6777694437541366, "gamma": 0.05881371162521816}, "datetime": {"datetime": "2021-09-24 15:50:14", "elapsed": 679.900631, "delta": 1.613998}}
{"target": -45.55183853210866, "params": {"C": 46.69205314464997, "epsilon": 1.5482070770627723, "gamma": 0.1435234427721198}, "datetime": {"datetime": "2021-09-24 15:50:19", "elapsed": 684.243165, "delta": 4.342534}}
{"target": -54.71888930846727, "params": {"C": 16.99029600990589, "epsilon": 3.491321285788137, "gamma": 0.0008}, "datetime": {"datetime": "2021-09-24 15:50:22", "elapsed": 687.787513, "delta": 3.544348}}
{"target": -43.92792217079983, "params": {"C": 22.10177752671708, "epsilon": 3.2790585022497267, "gamma": 0.02657714922281337}, "datetime": {"datetime": "2021-09-24 15:50:28", "elapsed": 693.302889, "delta": 5.515376}}
{"target": -45.263320601091884, "params": {"C": 19.27348633864328, "epsilon": 2.862950673105091, "gamma": 0.15}, "datetime": {"datetime": "2021-09-24 15:50:32", "elapsed": 697.263743, "delta": 3.960854}}
{"target": -44.215537647110295, "params": {"C": 26.466508425082466, "epsilon": 3.7426559182326438, "gamma": 0.09282240546785912}, "datetime": {"datetime": "2021-09-24 15:50:34", "elapsed": 699.3256, "delta": 2.061857}}
{"target": -44.254356563234296, "params": {"C": 26.77391563183323, "epsilon": 3.879813566265005, "gamma": 0.10325574539392808}, "datetime": {"datetime": "2021-09-24 15:50:37", "elapsed": 702.667055, "delta": 3.341455}}
{"target": -43.97143544749212, "params": {"C": 31.271420463279856, "epsilon": 3.7104714238177197, "gamma": 0.026628818680865265}, "datetime": {"datetime": "2021-09-24 15:50:40", "elapsed": 705.761099, "delta": 3.094044}}
{"target": -45.032666754369956, "params": {"C": 23.496693348908494, "epsilon": 2.749376208345161, "gamma": 0.15}, "datetime": {"datetime": "2021-09-24 15:50:46", "elapsed": 711.745612, "delta": 5.984513}}
{"target": -45.357729186759585, "params": {"C": 47.18978926029243, "epsilon": 1.0013202706136661, "gamma": 0.12963240784517652}, "datetime": {"datetime": "2021-09-24 15:50:50", "elapsed": 715.190859, "delta": 3.445247}}
{"target": -53.485930997692535, "params": {"C": 23.000546390885898, "epsilon": 2.6723224135832346, "gamma": 0.0008}, "datetime": {"datetime": "2021-09-24 15:50:54", "elapsed": 719.390128, "delta": 4.199269}}
{"target": -45.110937872812116, "params": {"C": 27.368848587961686, "epsilon": 3.6114113658156732, "gamma": 0.1445298875332184}, "datetime": {"datetime": "2021-09-24 15:50:59", "elapsed": 724.034044, "delta": 4.643916}}
{"target": -44.45097808224337, "params": {"C": 25.216319419714555, "epsilon": 3.4369393897967195, "gamma": 0.11913702588565951}, "datetime": {"datetime": "2021-09-24 15:51:02", "elapsed": 727.28429, "delta": 3.250246}}
{"target": -44.44999600245755, "params": {"C": 11.917067157362137, "epsilon": 2.778647432597559, "gamma": 0.09814754886351587}, "datetime": {"datetime": "2021-09-24 15:51:06", "elapsed": 731.465283, "delta": 4.180993}}
{"target": -43.89073360623902, "params": {"C": 22.321749470250545, "epsilon": 2.905204691273236, "gamma": 0.04044747064293435}, "datetime": {"datetime": "2021-09-24 15:51:10", "elapsed": 734.94848, "delta": 3.483197}}
{"target": -43.83734259892562, "params": {"C": 41.63291391504716, "epsilon": 2.58094548575662, "gamma": 0.04876667231711551}, "datetime": {"datetime": "2021-09-24 15:51:15", "elapsed": 740.600542, "delta": 5.652062}}
{"target": -52.23950972728661, "params": {"C": 29.811933870725046, "epsilon": 3.6421762516587033, "gamma": 0.0008}, "datetime": {"datetime": "2021-09-24 15:51:19", "elapsed": 744.492568, "delta": 3.892026}}
{"target": -43.85707368725461, "params": {"C": 28.202791584183462, "epsilon": 1.4845636601500158, "gamma": 0.020636837530809072}, "datetime": {"datetime": "2021-09-24 15:51:21", "elapsed": 746.715457, "delta": 2.222889}}
{"target": -44.99700218638131, "params": {"C": 30.43377220789086, "epsilon": 3.69509631741486, "gamma": 0.13251525978471082}, "datetime": {"datetime": "2021-09-24 15:51:26", "elapsed": 751.936536, "delta": 5.221079}}
{"target": -44.198230004321665, "params": {"C": 13.136951345755284, "epsilon": 3.2510899191968274, "gamma": 0.01728281576776321}, "datetime": {"datetime": "2021-09-24 15:51:30", "elapsed": 755.330212, "delta": 3.393676}}
{"target": -44.139174504129144, "params": {"C": 26.691541917570454, "epsilon": 3.348745012650529, "gamma": 0.008594716547465957}, "datetime": {"datetime": "2021-09-24 15:51:34", "elapsed": 759.470859, "delta": 4.140647}}
{"target": -47.349974011989175, "params": {"C": 4.594738322207147, "epsilon": 1.370731516613572, "gamma": 0.08118406353378874}, "datetime": {"datetime": "2021-09-24 15:51:36", "elapsed": 761.594337, "delta": 2.123478}}
{"target": -44.36354997083537, "params": {"C": 29.610049569571128, "epsilon": 2.608779041715832, "gamma": 0.10213551849834229}, "datetime": {"datetime": "2021-09-24 15:51:40", "elapsed": 765.715045, "delta": 4.120708}}
{"target": -44.074592836751606, "params": {"C": 13.528912847689007, "epsilon": 3.2564703689238903, "gamma": 0.025933796166007234}, "datetime": {"datetime": "2021-09-24 15:51:45", "elapsed": 770.401849, "delta": 4.686804}}
{"target": -44.24515670996396, "params": {"C": 36.540362187190574, "epsilon": 0.271037506381128, "gamma": 0.08692772088144458}, "datetime": {"datetime": "2021-09-24 15:51:48", "elapsed": 773.913339, "delta": 3.51149}}
{"target": -43.928626372420055, "params": {"C": 27.438545083698575, "epsilon": 3.9244030761211386, "gamma": 0.06654057247323243}, "datetime": {"datetime": "2021-09-24 15:51:50", "elapsed": 775.903998, "delta": 1.990659}}
{"target": -45.90691666123617, "params": {"C": 11.327794864962732, "epsilon": 2.766838315099032, "gamma": 0.009571222370220506}, "datetime": {"datetime": "2021-09-24 15:51:54", "elapsed": 779.709428, "delta": 3.80543}}
{"target": -45.16149233372108, "params": {"C": 31.231029604916657, "epsilon": 0.8416046960293672, "gamma": 0.15}, "datetime": {"datetime": "2021-09-24 15:51:58", "elapsed": 783.512988, "delta": 3.80356}}
{"target": -45.86866359912609, "params": {"C": 11.252999543673965, "epsilon": 2.0810502055639426, "gamma": 0.009482594413486296}, "datetime": {"datetime": "2021-09-24 15:52:03", "elapsed": 788.100946, "delta": 4.587958}}
{"target": -44.41699578796236, "params": {"C": 10.614779582723939, "epsilon": 2.672533035739399, "gamma": 0.021620391179955272}, "datetime": {"datetime": "2021-09-24 15:52:07", "elapsed": 792.374956, "delta": 4.27401}}
{"target": -45.0995286507445, "params": {"C": 27.00351046771107, "epsilon": 3.135931052740491, "gamma": 0.15}, "datetime": {"datetime": "2021-09-24 15:52:12", "elapsed": 797.601544, "delta": 5.226588}}
{"target": -46.39336919863696, "params": {"C": 8.716878576580463, "epsilon": 0.6666790917002225, "gamma": 0.12877706457222618}, "datetime": {"datetime": "2021-09-24 15:52:14", "elapsed": 799.610658, "delta": 2.009114}}
{"target": -50.956667208008284, "params": {"C": 36.753645327893295, "epsilon": 3.1626394287231014, "gamma": 0.0008}, "datetime": {"datetime": "2021-09-24 15:52:18", "elapsed": 803.845199, "delta": 4.234541}}
{"target": -43.90043143546627, "params": {"C": 45.40909555913538, "epsilon": 1.3536316824261954, "gamma": 0.042814985675302064}, "datetime": {"datetime": "2021-09-24 15:52:21", "elapsed": 806.293259, "delta": 2.44806}}
{"target": -44.1466556270049, "params": {"C": 45.31556328088364, "epsilon": 1.8875487243676083, "gamma": 0.06909463574411683}, "datetime": {"datetime": "2021-09-24 15:52:25", "elapsed": 810.120267, "delta": 3.827008}}
{"target": -44.375169939544065, "params": {"C": 16.689116257666356, "epsilon": 0.8955317270193135, "gamma": 0.10555205044230953}, "datetime": {"datetime": "2021-09-24 15:52:27", "elapsed": 812.031009, "delta": 1.910742}}
{"target": -43.83393359113143, "params": {"C": 46.75043335114157, "epsilon": 1.8294372582471212, "gamma": 0.011487159345424134}, "datetime": {"datetime": "2021-09-24 15:52:29", "elapsed": 814.443592, "delta": 2.412583}}
{"target": -49.68281697832316, "params": {"C": 47.124828980125976, "epsilon": 1.7085537639205792, "gamma": 0.0008}, "datetime": {"datetime": "2021-09-24 15:52:35", "elapsed": 820.211094, "delta": 5.767502}}
{"target": -44.14659924782914, "params": {"C": 46.491481542506804, "epsilon": 2.081797732309505, "gamma": 0.06753507988904371}, "datetime": {"datetime": "2021-09-24 15:52:39", "elapsed": 824.862124, "delta": 4.65103}}
{"target": -44.71053002560108, "params": {"C": 45.0838021672674, "epsilon": 1.5525890735403054, "gamma": 0.1000282657890451}, "datetime": {"datetime": "2021-09-24 15:52:46", "elapsed": 831.563641, "delta": 6.701517}}
{"target": -50.012116859359196, "params": {"C": 44.898972709996016, "epsilon": 1.968200469169074, "gamma": 0.0008}, "datetime": {"datetime": "2021-09-24 15:52:50", "elapsed": 835.510447, "delta": 3.946806}}
{"target": -45.503500216777574, "params": {"C": 45.594582173064644, "epsilon": 1.7235629700446065, "gamma": 0.14234446136316367}, "datetime": {"datetime": "2021-09-24 15:52:55", "elapsed": 840.514361, "delta": 5.003914}}
{"target": -44.37596628641534, "params": {"C": 45.43935183102877, "epsilon": 2.2477829630400903, "gamma": 0.08421733941722831}, "datetime": {"datetime": "2021-09-24 15:52:59", "elapsed": 844.877628, "delta": 4.363267}}
{"target": -45.68798962009556, "params": {"C": 45.18928506898518, "epsilon": 2.6339188766248545, "gamma": 0.15}, "datetime": {"datetime": "2021-09-24 15:53:04", "elapsed": 849.218121, "delta": 4.340493}}
{"target": -45.53000649504757, "params": {"C": 45.14060209839597, "epsilon": 1.1148431319183982, "gamma": 0.15}, "datetime": {"datetime": "2021-09-24 15:53:07", "elapsed": 852.809258, "delta": 3.591137}}
{"target": -45.03040105572772, "params": {"C": 31.2383284241315, "epsilon": 1.8673132380284083, "gamma": 0.13868763040581822}, "datetime": {"datetime": "2021-09-24 15:53:09", "elapsed": 854.812603, "delta": 2.003345}}
{"target": -44.805172063343925, "params": {"C": 17.021550715194095, "epsilon": 0.6913192814301732, "gamma": 0.12467307463941167}, "datetime": {"datetime": "2021-09-24 15:53:13", "elapsed": 858.236629, "delta": 3.424026}}
{"target": -44.992551228193214, "params": {"C": 46.81748330748527, "epsilon": 2.2239762354905794, "gamma": 0.10786306881265156}, "datetime": {"datetime": "2021-09-24 15:53:19", "elapsed": 864.437088, "delta": 6.200459}}
{"target": -44.13478039467099, "params": {"C": 44.920000104519865, "epsilon": 2.8768631059841248, "gamma": 0.020264373765132813}, "datetime": {"datetime": "2021-09-24 15:53:22", "elapsed": 867.064909, "delta": 2.627821}}
{"target": -45.239676842649686, "params": {"C": 13.594618183789498, "epsilon": 3.668334548581022, "gamma": 0.009066782645456342}, "datetime": {"datetime": "2021-09-24 15:53:27", "elapsed": 872.501112, "delta": 5.436203}}
{"target": -45.12117850006234, "params": {"C": 10.679806374603423, "epsilon": 2.300700930793299, "gamma": 0.1161209484331069}, "datetime": {"datetime": "2021-09-24 15:53:32", "elapsed": 877.87677, "delta": 5.375658}}
{"target": -45.238900347719145, "params": {"C": 15.631692648719794, "epsilon": 0.5636151222477821, "gamma": 0.14025055612979365}, "datetime": {"datetime": "2021-09-24 15:53:36", "elapsed": 881.872854, "delta": 3.996084}}
{"target": -44.051632668418165, "params": {"C": 11.359993055820835, "epsilon": 3.969833027962612, "gamma": 0.030754700738886982}, "datetime": {"datetime": "2021-09-24 15:53:41", "elapsed": 886.859345, "delta": 4.986491}}
{"target": -44.81365244890646, "params": {"C": 11.155491513789215, "epsilon": 3.637555007481107, "gamma": 0.10788590297264188}, "datetime": {"datetime": "2021-09-24 15:53:45", "elapsed": 890.842061, "delta": 3.982716}}
{"target": -44.253355914946184, "params": {"C": 24.765720967054058, "epsilon": 0.09001573127523842, "gamma": 0.10509683463082325}, "datetime": {"datetime": "2021-09-24 15:53:52", "elapsed": 897.16002, "delta": 6.317959}}
{"target": -45.32554334867463, "params": {"C": 19.15258767695585, "epsilon": 0.07, "gamma": 0.15}, "datetime": {"datetime": "2021-09-24 15:53:56", "elapsed": 901.047892, "delta": 3.887872}}
{"target": -44.797538104352675, "params": {"C": 26.830412758965416, "epsilon": 1.9971598528210948, "gamma": 0.13835835159060317}, "datetime": {"datetime": "2021-09-24 15:54:00", "elapsed": 905.251583, "delta": 4.203691}}
{"target": -44.016693674692554, "params": {"C": 19.710795925026876, "epsilon": 0.18311791905979075, "gamma": 0.021003560861490224}, "datetime": {"datetime": "2021-09-24 15:54:04", "elapsed": 909.171131, "delta": 3.919548}}
{"target": -54.10209138177255, "params": {"C": 19.784452856437284, "epsilon": 0.9013560589667755, "gamma": 0.0008}, "datetime": {"datetime": "2021-09-24 15:54:08", "elapsed": 913.547502, "delta": 4.376371}}
{"target": -45.0277946840697, "params": {"C": 19.211974018505604, "epsilon": 0.9554206349694803, "gamma": 0.13491063430354547}, "datetime": {"datetime": "2021-09-24 15:54:12", "elapsed": 917.566588, "delta": 4.019086}}
{"target": -45.40690453302033, "params": {"C": 17.86760238868641, "epsilon": 1.94488513651418, "gamma": 0.15}, "datetime": {"datetime": "2021-09-24 15:54:17", "elapsed": 922.851426, "delta": 5.284838}}
{"target": -47.678412244934485, "params": {"C": 5.394177407170636, "epsilon": 2.3217536179987692, "gamma": 0.11283242131160226}, "datetime": {"datetime": "2021-09-24 15:54:20", "elapsed": 925.05717, "delta": 2.205744}}
{"target": -44.36491924268333, "params": {"C": 42.901954334761065, "epsilon": 1.2746973698053394, "gamma": 0.08735057041262449}, "datetime": {"datetime": "2021-09-24 15:54:22", "elapsed": 927.390623, "delta": 2.333453}}
{"target": -43.94581188601651, "params": {"C": 42.96273814547908, "epsilon": 1.6023432849941368, "gamma": 0.058135533433059175}, "datetime": {"datetime": "2021-09-24 15:54:27", "elapsed": 932.406584, "delta": 5.015961}}
{"target": -45.41911658008521, "params": {"C": 42.642711414696315, "epsilon": 1.4835986720694476, "gamma": 0.14738437276936706}, "datetime": {"datetime": "2021-09-24 15:54:31", "elapsed": 936.938247, "delta": 4.531663}}
{"target": -49.04941084246012, "params": {"C": 4.872313694615631, "epsilon": 1.718116665422183, "gamma": 0.14135514913529304}, "datetime": {"datetime": "2021-09-24 15:54:34", "elapsed": 939.252791, "delta": 2.314544}}
{"target": -45.37074809483467, "params": {"C": 43.23572800531902, "epsilon": 1.5154258874759587, "gamma": 0.14044981957197397}, "datetime": {"datetime": "2021-09-24 15:54:39", "elapsed": 944.580988, "delta": 5.328197}}
{"target": -45.05833983009703, "params": {"C": 29.642097267932268, "epsilon": 1.9988982862071816, "gamma": 0.14656107543187646}, "datetime": {"datetime": "2021-09-24 15:54:44", "elapsed": 949.453853, "delta": 4.872865}}
{"target": -44.19755787322538, "params": {"C": 17.39155820766209, "epsilon": 3.7981189029371794, "gamma": 0.08974820521069285}, "datetime": {"datetime": "2021-09-24 15:54:46", "elapsed": 951.750954, "delta": 2.297101}}
{"target": -50.89453821944621, "params": {"C": 17.20733466242399, "epsilon": 0.447755161862335, "gamma": 0.001834588831566025}, "datetime": {"datetime": "2021-09-24 15:54:49", "elapsed": 954.113171, "delta": 2.362217}}
{"target": -45.11868723694491, "params": {"C": 71.7997451071002, "epsilon": 0.17189009108361294, "gamma": 0.0828096416995034}, "datetime": {"datetime": "2021-09-24 16:19:16", "elapsed": 0.0, "delta": 0.0}}
{"target": -44.20202233385786, "params": {"C": 71.76611963091385, "epsilon": 1.722045462203832, "gamma": 0.050085955293778024}, "datetime": {"datetime": "2021-09-24 16:19:16", "elapsed": 0.036003, "delta": 0.036003}}
{"target": -43.95259113279189, "params": {"C": 60.232431701892125, "epsilon": 2.5037348977581084, "gamma": 0.04550847731223885}, "datetime": {"datetime": "2021-09-24 16:19:16", "elapsed": 0.067002, "delta": 0.030999}}
{"target": -44.82219184731346, "params": {"C": 63.341363755143334, "epsilon": 2.511055962783329, "gamma": 0.07974800046613423}, "datetime": {"datetime": "2021-09-24 16:19:16", "elapsed": 0.102001, "delta": 0.034999}}
{"target": -44.02773721259284, "params": {"C": 56.728997267246676, "epsilon": 2.0883620165743833, "gamma": 0.02831842795451976}, "datetime": {"datetime": "2021-09-24 16:19:16", "elapsed": 0.128012, "delta": 0.026011}}
