{"target": -44.168181962731786, "params": {"C": 51.71243025278262, "epsilon": 2.1789623922531405, "gamma": 0.00542086954865164}, "datetime": {"datetime": "2021-09-24 16:32:31", "elapsed": 430.323003, "delta": 2.55747}}
{"target": -44.7616594822426, "params": {"C": 51.20686854589251, "epsilon": 2.0928431328384187, "gamma": 0.09151291952639981}, "datetime": {"datetime": "2021-09-24 16:32:32", "elapsed": 431.91645, "delta": 1.593447}}
{"target": -44.459336306865225, "params": {"C": 58.66694371274572, "epsilon": 4.429739044564692, "gamma": 0.06423530101050526}, "datetime": {"datetime": "2021-09-24 16:32:35", "elapsed": 434.281924, "delta": 2.365474}}
{"target": -44.93863433123471, "params": {"C": 58.4972367606562, "epsilon": 4.457990509150287, "gamma": 0.08348335535750485}, "datetime": {"datetime": "2021-09-24 16:32:38", "elapsed": 437.666576, "delta": 3.384652}}
{"target": -44.09409093899701, "params": {"C": 51.83101595606415, "epsilon": 2.1014882930003562, "gamma": 0.03252361605964101}, "datetime": {"datetime": "2021-09-24 16:32:41", "elapsed": 440.814062, "delta": 3.147486}}
{"target": -45.33909883668689, "params": {"C": 143.5994902142004, "epsilon": 0.19781632291150428, "gamma": 0.05541658530999221}, "datetime": {"datetime": "2021-09-24 16:38:51", "elapsed": 0.0, "delta": 0.0}}
{"target": -44.451158907846676, "params": {"C": 143.5322392618277, "epsilon": 2.1424132642913207, "gamma": 0.03370314727938354}, "datetime": {"datetime": "2021-09-24 16:38:51", "elapsed": 0.059007, "delta": 0.059007}}
{"target": -44.118795855097574, "params": {"C": 120.46486340378425, "epsilon": 3.1230058641087717, "gamma": 0.030665812693777793}, "datetime": {"datetime": "2021-09-24 16:38:51", "elapsed": 0.109998, "delta": 0.050991}}
{"target": -44.94898613296594, "params": {"C": 126.68272751028667, "epsilon": 3.1321897955526237, "gamma": 0.05338506733342687}, "datetime": {"datetime": "2021-09-24 16:38:51", "elapsed": 0.180001, "delta": 0.070003}}
{"target": -44.35998288894441, "params": {"C": 113.45799453449335, "epsilon": 2.6019401378401295, "gamma": 0.019259546699044613}, "datetime": {"datetime": "2021-09-24 16:38:51", "elapsed": 0.217001, "delta": 0.037}}
{"target": -45.509022864485175, "params": {"C": 163.19081805213568, "epsilon": 1.4058604417087044, "gamma": 0.05226653847163428}, "datetime": {"datetime": "2021-09-24 16:38:51", "elapsed": 0.345994, "delta": 0.128993}}
{"target": -45.563104725336444, "params": {"C": 142.0609828256476, "epsilon": 2.311095251186981, "gamma": 0.058135894959693804}, "datetime": {"datetime": "2021-09-24 16:38:51", "elapsed": 0.462997, "delta": 0.117003}}
{"target": -44.646649006564736, "params": {"C": 119.53451923531999, "epsilon": 3.1399823389960297, "gamma": 0.047566294937333366}, "datetime": {"datetime": "2021-09-24 16:38:51", "elapsed": 0.624998, "delta": 0.162001}}
{"target": -44.50163523176325, "params": {"C": 120.39268028625743, "epsilon": 3.658528542289706, "gamma": 0.03858639751787907}, "datetime": {"datetime": "2021-09-24 16:38:52", "elapsed": 0.907999, "delta": 0.283001}}
{"target": -46.31255897028646, "params": {"C": 121.06666026205573, "epsilon": 2.8299226339240127, "gamma": 0.1}, "datetime": {"datetime": "2021-09-24 16:38:52", "elapsed": 1.229004, "delta": 0.321005}}
{"target": -46.22688392419758, "params": {"C": 147.96924789706895, "epsilon": 4.353048506557692, "gamma": 0.08698118038375026}, "datetime": {"datetime": "2021-09-24 16:38:52", "elapsed": 1.333002, "delta": 0.103998}}
{"target": -44.100326657407734, "params": {"C": 120.53251063661943, "epsilon": 3.114221185583368, "gamma": 0.013165706580289472}, "datetime": {"datetime": "2021-09-24 16:38:52", "elapsed": 1.491998, "delta": 0.158996}}
{"target": -44.27548150701405, "params": {"C": 120.04649324321718, "epsilon": 3.3629796180894957, "gamma": 0.018771991530758265}, "datetime": {"datetime": "2021-09-24 16:38:52", "elapsed": 1.681002, "delta": 0.189004}}
{"target": -44.28401685369171, "params": {"C": 148.63593535745414, "epsilon": 4.479685620789116, "gamma": 0.0021908808984534398}, "datetime": {"datetime": "2021-09-24 16:38:53", "elapsed": 1.818, "delta": 0.136998}}
{"target": -44.2957222479432, "params": {"C": 148.9982880466932, "epsilon": 4.631593538941443, "gamma": 0.002671193201841843}, "datetime": {"datetime": "2021-09-24 16:38:53", "elapsed": 2.217996, "delta": 0.399996}}
{"target": -46.0607962942671, "params": {"C": 138.23328450754593, "epsilon": 0.6031220289550263, "gamma": 0.06869105856649538}, "datetime": {"datetime": "2021-09-24 16:38:53", "elapsed": 2.342999, "delta": 0.125003}}
{"target": -44.059246811569835, "params": {"C": 149.0322063810993, "epsilon": 4.213640468185939, "gamma": 0.00840929389481175}, "datetime": {"datetime": "2021-09-24 16:38:53", "elapsed": 2.498998, "delta": 0.155999}}
{"target": -46.375539178934666, "params": {"C": 181.99555807028048, "epsilon": 2.5079700850927167, "gamma": 0.06698135640614877}, "datetime": {"datetime": "2021-09-24 16:38:53", "elapsed": 2.705997, "delta": 0.206999}}
{"target": -44.44320179844015, "params": {"C": 111.7558619454409, "epsilon": 2.2098921741999833, "gamma": 0.03976114268291468}, "datetime": {"datetime": "2021-09-24 16:38:54", "elapsed": 2.837, "delta": 0.131003}}
{"target": -43.98224682202455, "params": {"C": 117.95858496475853, "epsilon": 1.7872031228137824, "gamma": 0.010385507724514412}, "datetime": {"datetime": "2021-09-24 16:38:54", "elapsed": 3.100057, "delta": 0.263057}}
{"target": -45.803213337321885, "params": {"C": 118.32875830215205, "epsilon": 2.123820932244734, "gamma": 0.07447701247129435}, "datetime": {"datetime": "2021-09-24 16:38:54", "elapsed": 3.684795, "delta": 0.584738}}
{"target": -44.501614346594216, "params": {"C": 143.5561876637969, "epsilon": 2.11246082682165, "gamma": 0.035014320403917075}, "datetime": {"datetime": "2021-09-24 16:38:55", "elapsed": 3.902794, "delta": 0.217999}}
{"target": -44.2726732435527, "params": {"C": 117.78799284184709, "epsilon": 1.3880261744141729, "gamma": 0.033316814980398936}, "datetime": {"datetime": "2021-09-24 16:38:55", "elapsed": 4.220793, "delta": 0.317999}}
{"target": -44.291086135133426, "params": {"C": 117.53127476559663, "epsilon": 1.7778004345291076, "gamma": 0.03451464571902284}, "datetime": {"datetime": "2021-09-24 16:38:55", "elapsed": 4.394107, "delta": 0.173314}}
{"target": -44.30432219879152, "params": {"C": 149.60362470086355, "epsilon": 4.203621903712249, "gamma": 0.010285523143023674}, "datetime": {"datetime": "2021-09-24 16:38:56", "elapsed": 4.748686, "delta": 0.354579}}
{"target": -46.1931579986047, "params": {"C": 149.10580787444633, "epsilon": 3.649946189902444, "gamma": 0.08078985243491292}, "datetime": {"datetime": "2021-09-24 16:38:56", "elapsed": 5.160776, "delta": 0.41209}}
{"target": -44.316086192586475, "params": {"C": 149.58627744647566, "epsilon": 4.689964390725099, "gamma": 0.002027053934563301}, "datetime": {"datetime": "2021-09-24 16:38:57", "elapsed": 5.769583, "delta": 0.608807}}
{"target": -44.49963193455644, "params": {"C": 150.14707641055153, "epsilon": 4.4585759298012055, "gamma": 0.001}, "datetime": {"datetime": "2021-09-24 16:38:57", "elapsed": 6.21558, "delta": 0.445997}}
{"target": -45.05229816010839, "params": {"C": 118.29403999810883, "epsilon": 1.3333174223130717, "gamma": 0.001}, "datetime": {"datetime": "2021-09-24 16:38:58", "elapsed": 6.890271, "delta": 0.674691}}
{"target": -44.421204049380776, "params": {"C": 112.78015785700462, "epsilon": 2.4951900839033567, "gamma": 0.02091336897633746}, "datetime": {"datetime": "2021-09-24 16:38:58", "elapsed": 7.277436, "delta": 0.387165}}
{"target": -44.70204298014683, "params": {"C": 112.94973633446827, "epsilon": 3.0518015819961866, "gamma": 0.05233201986472735}, "datetime": {"datetime": "2021-09-24 16:38:58", "elapsed": 7.506435, "delta": 0.228999}}
{"target": -44.17755278514053, "params": {"C": 113.2539424245843, "epsilon": 2.107722125552474, "gamma": 0.03166304898671705}, "datetime": {"datetime": "2021-09-24 16:38:59", "elapsed": 7.75443, "delta": 0.247995}}
{"target": -45.1353053112537, "params": {"C": 113.77688593297742, "epsilon": 2.2222706233326615, "gamma": 0.06206454096650066}, "datetime": {"datetime": "2021-09-24 16:38:59", "elapsed": 8.117093, "delta": 0.362663}}
{"target": -44.44510142050732, "params": {"C": 112.83585640457378, "epsilon": 1.7646207118104207, "gamma": 0.045505680932279885}, "datetime": {"datetime": "2021-09-24 16:38:59", "elapsed": 8.504728, "delta": 0.387635}}
{"target": -44.10738196946659, "params": {"C": 143.3858724788406, "epsilon": 2.7683207364851845, "gamma": 0.010754253717792782}, "datetime": {"datetime": "2021-09-24 16:39:00", "elapsed": 8.763049, "delta": 0.258321}}
{"target": -46.456414683558826, "params": {"C": 174.43497294498053, "epsilon": 3.4953693632410268, "gamma": 0.09411586698372357}, "datetime": {"datetime": "2021-09-24 16:39:00", "elapsed": 8.977046, "delta": 0.213997}}
{"target": -44.23546744418558, "params": {"C": 143.89350691531894, "epsilon": 2.986012011842578, "gamma": 0.024444620566730278}, "datetime": {"datetime": "2021-09-24 16:39:00", "elapsed": 9.28922, "delta": 0.312174}}
{"target": -45.64622727634403, "params": {"C": 120.53927151770134, "epsilon": 0.5311056329812714, "gamma": 0.06706115878049812}, "datetime": {"datetime": "2021-09-24 16:39:00", "elapsed": 9.501216, "delta": 0.211996}}
{"target": -44.233282399056705, "params": {"C": 143.45318994966826, "epsilon": 3.389975647917268, "gamma": 0.030152365505986635}, "datetime": {"datetime": "2021-09-24 16:39:01", "elapsed": 9.797248, "delta": 0.296032}}
{"target": -44.56702996725955, "params": {"C": 144.05695508208223, "epsilon": 3.655140584037442, "gamma": 0.001}, "datetime": {"datetime": "2021-09-24 16:39:01", "elapsed": 10.134214, "delta": 0.336966}}
{"target": -43.81686494937045, "params": {"C": 142.90766046560273, "epsilon": 3.204807030131863, "gamma": 0.00741292270297932}, "datetime": {"datetime": "2021-09-24 16:39:01", "elapsed": 10.376251, "delta": 0.242037}}
{"target": -46.31513597642323, "params": {"C": 142.839512652855, "epsilon": 3.7236859094862282, "gamma": 0.09324922001028262}, "datetime": {"datetime": "2021-09-24 16:39:02", "elapsed": 10.785597, "delta": 0.409346}}
{"target": -44.6566215379947, "params": {"C": 142.7615010858996, "epsilon": 2.7680066935556, "gamma": 0.042575442783452634}, "datetime": {"datetime": "2021-09-24 16:39:02", "elapsed": 11.425568, "delta": 0.639971}}
{"target": -45.4121984276758, "params": {"C": 143.25464336731244, "epsilon": 3.1200338890990427, "gamma": 0.056165832021645545}, "datetime": {"datetime": "2021-09-24 16:39:03", "elapsed": 11.974564, "delta": 0.548996}}
{"target": -46.13293935068821, "params": {"C": 143.65233277870962, "epsilon": 2.7001018182830956, "gamma": 0.07281349588472388}, "datetime": {"datetime": "2021-09-24 16:39:03", "elapsed": 12.18257, "delta": 0.208006}}
{"target": -45.606386343915474, "params": {"C": 117.80527055219851, "epsilon": 1.7536367587372135, "gamma": 0.06769531046569426}, "datetime": {"datetime": "2021-09-24 16:39:03", "elapsed": 12.405569, "delta": 0.222999}}
{"target": -44.54378207222299, "params": {"C": 142.93538678404872, "epsilon": 3.056994427049693, "gamma": 0.0350360699190692}, "datetime": {"datetime": "2021-09-24 16:39:03", "elapsed": 12.604681, "delta": 0.199112}}
{"target": -44.901276369352736, "params": {"C": 180.4298719885653, "epsilon": 2.5306054283481747, "gamma": 0.04159286063554107}, "datetime": {"datetime": "2021-09-24 16:39:04", "elapsed": 12.770686, "delta": 0.166005}}
{"target": -46.10356584327359, "params": {"C": 148.96790540405223, "epsilon": 4.324493473169557, "gamma": 0.08038605221006627}, "datetime": {"datetime": "2021-09-24 16:39:04", "elapsed": 13.20468, "delta": 0.433994}}
{"target": -44.59162518780499, "params": {"C": 120.43259782517059, "epsilon": 3.1425658540306483, "gamma": 0.04227764477616988}, "datetime": {"datetime": "2021-09-24 16:39:04", "elapsed": 13.430795, "delta": 0.226115}}
{"target": -46.05771501277726, "params": {"C": 142.83907163472722, "epsilon": 3.203542123406148, "gamma": 0.07181145735535056}, "datetime": {"datetime": "2021-09-24 16:39:04", "elapsed": 13.683123, "delta": 0.252328}}
{"target": -46.68508642684522, "params": {"C": 164.69218673535443, "epsilon": 0.4614408620400237, "gamma": 0.08874946150058549}, "datetime": {"datetime": "2021-09-24 16:39:05", "elapsed": 14.055122, "delta": 0.371999}}
{"target": -46.430748480166635, "params": {"C": 188.56627482350007, "epsilon": 2.6078716279674246, "gamma": 0.0708282401173765}, "datetime": {"datetime": "2021-09-24 16:39:05", "elapsed": 14.310123, "delta": 0.255001}}
{"target": -45.33990683667068, "params": {"C": 120.46657294631822, "epsilon": 3.0500947285710054, "gamma": 0.06229492731108273}, "datetime": {"datetime": "2021-09-24 16:39:05", "elapsed": 14.540812, "delta": 0.230689}}
{"target": -44.65383250189004, "params": {"C": 117.97005235332082, "epsilon": 1.765421327224174, "gamma": 0.051860005186375825}, "datetime": {"datetime": "2021-09-24 16:39:06", "elapsed": 14.849077, "delta": 0.308265}}
{"target": -45.034357424729784, "params": {"C": 148.57889654864547, "epsilon": 4.463650044127442, "gamma": 0.04881876932447048}, "datetime": {"datetime": "2021-09-24 16:39:06", "elapsed": 15.181078, "delta": 0.332001}}
{"target": -46.27193168114866, "params": {"C": 183.96193331516923, "epsilon": 3.548469655240738, "gamma": 0.06362487597281463}, "datetime": {"datetime": "2021-09-24 16:39:06", "elapsed": 15.461622, "delta": 0.280544}}
{"target": -44.42804479221001, "params": {"C": 142.9374987347961, "epsilon": 3.2057263470011583, "gamma": 0.019243860230443242}, "datetime": {"datetime": "2021-09-24 16:39:07", "elapsed": 15.903624, "delta": 0.442002}}
{"target": -45.40005285274675, "params": {"C": 143.44485235262022, "epsilon": 2.7517612185855125, "gamma": 0.05597777547302716}, "datetime": {"datetime": "2021-09-24 16:39:07", "elapsed": 16.220628, "delta": 0.317004}}
{"target": -44.47520401118396, "params": {"C": 107.47976912884403, "epsilon": 0.28145270877642686, "gamma": 0.02267151942910223}, "datetime": {"datetime": "2021-09-24 16:39:07", "elapsed": 16.565792, "delta": 0.345164}}
{"target": -44.314483528885695, "params": {"C": 143.8433304480813, "epsilon": 2.997877358720446, "gamma": 0.014468934062167906}, "datetime": {"datetime": "2021-09-24 16:39:08", "elapsed": 16.910519, "delta": 0.344727}}
{"target": -44.14432291098262, "params": {"C": 120.54497605689781, "epsilon": 3.1215046180197055, "gamma": 0.028061516650584508}, "datetime": {"datetime": "2021-09-24 16:39:08", "elapsed": 17.22452, "delta": 0.314001}}
{"target": -44.34206155717826, "params": {"C": 147.19945651852768, "epsilon": 4.0747347168354775, "gamma": 0.01713892583450135}, "datetime": {"datetime": "2021-09-24 16:39:08", "elapsed": 17.515517, "delta": 0.290997}}
{"target": -44.51961874105499, "params": {"C": 120.10700855833895, "epsilon": 3.2948622819016373, "gamma": 0.03914514828802124}, "datetime": {"datetime": "2021-09-24 16:39:08", "elapsed": 17.714524, "delta": 0.199007}}
{"target": -44.241605205049545, "params": {"C": 118.00409659595749, "epsilon": 1.8390410858502986, "gamma": 0.03188115121533158}, "datetime": {"datetime": "2021-09-24 16:39:09", "elapsed": 18.098918, "delta": 0.384394}}
{"target": -44.29913360912314, "params": {"C": 149.00007331433503, "epsilon": 4.1291432956643, "gamma": 0.010217149662800032}, "datetime": {"datetime": "2021-09-24 16:39:09", "elapsed": 18.315915, "delta": 0.216997}}
{"target": -46.12874841724274, "params": {"C": 149.0951306710776, "epsilon": 4.127167513955514, "gamma": 0.07770114116066042}, "datetime": {"datetime": "2021-09-24 16:39:09", "elapsed": 18.610432, "delta": 0.294517}}
{"target": -44.29755706952026, "params": {"C": 143.35437458736618, "epsilon": 2.7043343893854703, "gamma": 0.02975956625381605}, "datetime": {"datetime": "2021-09-24 16:39:10", "elapsed": 18.999128, "delta": 0.388696}}
{"target": -45.06774051350569, "params": {"C": 122.18159258720921, "epsilon": 0.5190960917515317, "gamma": 0.05815440313615135}, "datetime": {"datetime": "2021-09-24 16:39:10", "elapsed": 19.376438, "delta": 0.37731}}
{"target": -46.250047480201836, "params": {"C": 161.0631063624024, "epsilon": 3.304690257030768, "gamma": 0.07563044408719374}, "datetime": {"datetime": "2021-09-24 16:39:10", "elapsed": 19.682431, "delta": 0.305993}}
{"target": -44.029655423341865, "params": {"C": 117.94120702383049, "epsilon": 1.9145276140827572, "gamma": 0.014253881924277675}, "datetime": {"datetime": "2021-09-24 16:39:11", "elapsed": 20.057431, "delta": 0.375}}
{"target": -43.975552257499714, "params": {"C": 148.948311522577, "epsilon": 4.193077638477279, "gamma": 0.004670846639009061}, "datetime": {"datetime": "2021-09-24 16:39:11", "elapsed": 20.389437, "delta": 0.332006}}
{"target": -44.45190463328607, "params": {"C": 164.97260830919788, "epsilon": 4.145318960878507, "gamma": 0.022481688400744913}, "datetime": {"datetime": "2021-09-24 16:39:11", "elapsed": 20.648796, "delta": 0.259359}}
{"target": -46.340794884347766, "params": {"C": 135.22696703559043, "epsilon": 0.9658897474773249, "gamma": 0.08010981813264903}, "datetime": {"datetime": "2021-09-24 16:39:12", "elapsed": 21.012203, "delta": 0.363407}}
{"target": -45.796713187556065, "params": {"C": 148.90173596024687, "epsilon": 4.131828155073779, "gamma": 0.06291715790308196}, "datetime": {"datetime": "2021-09-24 16:39:12", "elapsed": 21.34649, "delta": 0.334287}}
{"target": -44.507294956495286, "params": {"C": 176.70159705701315, "epsilon": 2.395874162173413, "gamma": 0.030229033389877195}, "datetime": {"datetime": "2021-09-24 16:39:12", "elapsed": 21.673745, "delta": 0.327255}}
{"target": -43.83249097124124, "params": {"C": 113.17738753968618, "epsilon": 2.080433864940809, "gamma": 0.006568182799341914}, "datetime": {"datetime": "2021-09-24 16:39:13", "elapsed": 22.001748, "delta": 0.328003}}
{"target": -44.46528226549985, "params": {"C": 113.13719836347963, "epsilon": 2.0299538296617268, "gamma": 0.04435513240441391}, "datetime": {"datetime": "2021-09-24 16:39:13", "elapsed": 22.378746, "delta": 0.376998}}
{"target": -44.32961377021611, "params": {"C": 143.35753375689143, "epsilon": 2.854963325419971, "gamma": 0.022426009410210775}, "datetime": {"datetime": "2021-09-24 16:39:13", "elapsed": 22.70568, "delta": 0.326934}}
{"target": -44.38428566842488, "params": {"C": 149.10919512559678, "epsilon": 4.609912024937157, "gamma": 0.010016754662727181}, "datetime": {"datetime": "2021-09-24 16:39:14", "elapsed": 23.086991, "delta": 0.381311}}
{"target": -46.27706745981681, "params": {"C": 113.22319977039487, "epsilon": 2.081440431230754, "gamma": 0.09646110317553425}, "datetime": {"datetime": "2021-09-24 16:39:14", "elapsed": 23.559395, "delta": 0.472404}}
{"target": -45.091944036210585, "params": {"C": 143.27227795757705, "epsilon": 2.755147234192645, "gamma": 0.051556936273995664}, "datetime": {"datetime": "2021-09-24 16:39:15", "elapsed": 23.958385, "delta": 0.39899}}
{"target": -44.24632683680531, "params": {"C": 117.9531627382737, "epsilon": 1.830221997576326, "gamma": 0.030180614653136154}, "datetime": {"datetime": "2021-09-24 16:39:15", "elapsed": 24.304385, "delta": 0.346}}
{"target": -44.41570630013548, "params": {"C": 113.3224303197922, "epsilon": 2.0913988155768783, "gamma": 0.019817329933778865}, "datetime": {"datetime": "2021-09-24 16:39:15", "elapsed": 24.719386, "delta": 0.415001}}
{"target": -44.39694414879099, "params": {"C": 117.85316499469562, "epsilon": 1.8834016187599734, "gamma": 0.03733257527524227}, "datetime": {"datetime": "2021-09-24 16:39:16", "elapsed": 25.070386, "delta": 0.351}}
{"target": -46.35873687141569, "params": {"C": 117.91533054174042, "epsilon": 1.9086151951870174, "gamma": 0.09716545628841097}, "datetime": {"datetime": "2021-09-24 16:39:16", "elapsed": 25.569387, "delta": 0.499001}}
{"target": -44.04942877998553, "params": {"C": 117.86187456697084, "epsilon": 1.8424936575557012, "gamma": 0.004905626694543181}, "datetime": {"datetime": "2021-09-24 16:39:17", "elapsed": 25.955387, "delta": 0.386}}
{"target": -44.27519977243207, "params": {"C": 118.05391566315754, "epsilon": 1.8954587716155378, "gamma": 0.002726720421185281}, "datetime": {"datetime": "2021-09-24 16:39:17", "elapsed": 26.330385, "delta": 0.374998}}
{"target": -44.13198877656639, "params": {"C": 110.32321899948138, "epsilon": 3.6666792514905873, "gamma": 0.015441210319920368}, "datetime": {"datetime": "2021-09-24 16:39:17", "elapsed": 26.688383, "delta": 0.357998}}
{"target": -46.62259298242743, "params": {"C": 194.51319986750332, "epsilon": 1.772011674549487, "gamma": 0.08619690987679687}, "datetime": {"datetime": "2021-09-24 16:39:18", "elapsed": 27.121386, "delta": 0.433003}}
{"target": -45.68454288308946, "params": {"C": 161.23520342866664, "epsilon": 2.3138620794265545, "gamma": 0.05533305680830591}, "datetime": {"datetime": "2021-09-24 16:39:18", "elapsed": 27.477386, "delta": 0.356}}
{"target": -43.92956546409256, "params": {"C": 120.4923371934319, "epsilon": 3.1536728869642645, "gamma": 0.00583713483325628}, "datetime": {"datetime": "2021-09-24 16:39:19", "elapsed": 27.903386, "delta": 0.426}}
{"target": -43.87673604483889, "params": {"C": 113.14369654211737, "epsilon": 2.114506378846115, "gamma": 0.009070840321670989}, "datetime": {"datetime": "2021-09-24 16:39:19", "elapsed": 28.275386, "delta": 0.372}}
{"target": -46.06151792964924, "params": {"C": 109.82824096648328, "epsilon": 3.654776220409085, "gamma": 0.0921028001209516}, "datetime": {"datetime": "2021-09-24 16:39:19", "elapsed": 28.681387, "delta": 0.406001}}
{"target": -45.94298275371502, "params": {"C": 105.26932658395675, "epsilon": 1.985899416570496, "gamma": 0.08932585066349501}, "datetime": {"datetime": "2021-09-24 16:39:20", "elapsed": 28.988384, "delta": 0.306997}}
{"target": -44.31226596617251, "params": {"C": 113.22239390149666, "epsilon": 2.1543345255346478, "gamma": 0.026828292005645973}, "datetime": {"datetime": "2021-09-24 16:39:20", "elapsed": 29.504383, "delta": 0.515999}}
