{"target": -46.92329867706128, "params": {"C": 19.50614694796162, "epsilon": 1.8729312870306505, "gamma": 0.001}, "datetime": {"datetime": "2021-09-28 11:59:13", "elapsed": 108.19276, "delta": 1.345998}}
{"target": -37.23126610411839, "params": {"C": 37.328104853062854, "epsilon": 0.11297764610385587, "gamma": 0.013679046384125176}, "datetime": {"datetime": "2021-09-28 11:59:14", "elapsed": 109.028808, "delta": 0.836048}}
{"target": -38.521436547070046, "params": {"C": 68.33729246700766, "epsilon": 2.4636631457309446, "gamma": 0.02457690071712566}, "datetime": {"datetime": "2021-09-28 11:59:15", "elapsed": 109.92137, "delta": 0.892562}}
{"target": -41.46635871932817, "params": {"C": 51.63472268226411, "epsilon": 2.220564170796571, "gamma": 0.19141593108310068}, "datetime": {"datetime": "2021-09-28 11:59:16", "elapsed": 110.82576, "delta": 0.90439}}
{"target": -38.39322957816668, "params": {"C": 27.553992577715203, "epsilon": 1.1274662045614354, "gamma": 0.05611613181159395}, "datetime": {"datetime": "2021-09-28 11:59:17", "elapsed": 111.891761, "delta": 1.066001}}
{"target": -42.54825175203532, "params": {"C": 105.85286242046784, "epsilon": 2.2499042654256596, "gamma": 0.18446091518055782}, "datetime": {"datetime": "2021-09-28 11:59:18", "elapsed": 112.724755, "delta": 0.832994}}
{"target": -38.67874753921412, "params": {"C": 31.733911341971652, "epsilon": 1.987944661368138, "gamma": 0.06529242291944873}, "datetime": {"datetime": "2021-09-28 11:59:19", "elapsed": 113.829176, "delta": 1.104421}}
{"target": -40.51696479730313, "params": {"C": 119.59772376020915, "epsilon": 0.9856244684566998, "gamma": 0.07696233780666299}, "datetime": {"datetime": "2021-09-28 11:59:20", "elapsed": 114.681814, "delta": 0.852638}}
{"target": -39.22853952562038, "params": {"C": 133.49881875115085, "epsilon": 1.4262272323603047, "gamma": 0.03920461717340977}, "datetime": {"datetime": "2021-09-28 11:59:21", "elapsed": 115.956697, "delta": 1.274883}}
{"target": -38.47356847025772, "params": {"C": 27.590056241233142, "epsilon": 1.1870620755367527, "gamma": 0.06209135213603348}, "datetime": {"datetime": "2021-09-28 11:59:23", "elapsed": 117.416357, "delta": 1.45966}}
{"target": -38.42122989859581, "params": {"C": 27.527144411738682, "epsilon": 1.2321869264483893, "gamma": 0.05755709236337653}, "datetime": {"datetime": "2021-09-28 11:59:24", "elapsed": 118.723036, "delta": 1.306679}}
{"target": -37.18484941469899, "params": {"C": 16.366434365821434, "epsilon": 2.405787858496563, "gamma": 0.013638127615903165}, "datetime": {"datetime": "2021-09-28 11:59:25", "elapsed": 119.723414, "delta": 1.000378}}
{"target": -37.42384649222784, "params": {"C": 16.54834065435511, "epsilon": 2.2481073851079483, "gamma": 0.027841865943119222}, "datetime": {"datetime": "2021-09-28 11:59:26", "elapsed": 120.987586, "delta": 1.264172}}
{"target": -39.55106817765653, "params": {"C": 19.677651873865685, "epsilon": 1.8962886991010568, "gamma": 0.004282893919575647}, "datetime": {"datetime": "2021-09-28 11:59:28", "elapsed": 122.417589, "delta": 1.430003}}
{"target": -38.040880999763665, "params": {"C": 27.879532980834767, "epsilon": 0.9881229631078619, "gamma": 0.035753438373481265}, "datetime": {"datetime": "2021-09-28 11:59:29", "elapsed": 123.9101, "delta": 1.492511}}
{"target": -37.84941630399409, "params": {"C": 16.420584897935218, "epsilon": 2.2941596108293223, "gamma": 0.044600697018176975}, "datetime": {"datetime": "2021-09-28 11:59:30", "elapsed": 125.081723, "delta": 1.171623}}
{"target": -37.73659359759763, "params": {"C": 14.504425974700755, "epsilon": 1.9017533029593314, "gamma": 0.041138669274893874}, "datetime": {"datetime": "2021-09-28 11:59:32", "elapsed": 126.349717, "delta": 1.267994}}
{"target": -40.80453959991296, "params": {"C": 83.79375511424982, "epsilon": 1.3111334083098647, "gamma": 0.11113973587356073}, "datetime": {"datetime": "2021-09-28 11:59:33", "elapsed": 127.35498, "delta": 1.005263}}
{"target": -38.81459779166806, "params": {"C": 14.534752814819349, "epsilon": 1.8958395252535378, "gamma": 0.08565191411858968}, "datetime": {"datetime": "2021-09-28 11:59:34", "elapsed": 128.600979, "delta": 1.245999}}
{"target": -38.74301261805366, "params": {"C": 37.31896844009225, "epsilon": 0.09452894325840601, "gamma": 0.05527338852275601}, "datetime": {"datetime": "2021-09-28 11:59:35", "elapsed": 130.068885, "delta": 1.467906}}
{"target": -37.83369155561016, "params": {"C": 16.355681829608073, "epsilon": 2.4307570180273124, "gamma": 0.040505243659134466}, "datetime": {"datetime": "2021-09-28 11:59:37", "elapsed": 131.480029, "delta": 1.411144}}
{"target": -41.41019393252044, "params": {"C": 74.27157190481915, "epsilon": 0.9705172909880242, "gamma": 0.1692924755042305}, "datetime": {"datetime": "2021-09-28 11:59:38", "elapsed": 132.435031, "delta": 0.955002}}
{"target": -37.843606731589375, "params": {"C": 19.43089737122841, "epsilon": 2.1007849627204007, "gamma": 0.007318438898390552}, "datetime": {"datetime": "2021-09-28 11:59:39", "elapsed": 134.072561, "delta": 1.63753}}
{"target": -37.12492307804657, "params": {"C": 16.442547501804555, "epsilon": 2.150524208171425, "gamma": 0.01911776126769824}, "datetime": {"datetime": "2021-09-28 11:59:41", "elapsed": 135.84535, "delta": 1.772789}}
{"target": -37.04140520411182, "params": {"C": 16.348263940369684, "epsilon": 2.271348250102619, "gamma": 0.023644004526904377}, "datetime": {"datetime": "2021-09-28 11:59:42", "elapsed": 136.964763, "delta": 1.119413}}
{"target": -39.22921660213943, "params": {"C": 47.56288674868199, "epsilon": 0.18372059027707655, "gamma": 0.05704207553428239}, "datetime": {"datetime": "2021-09-28 11:59:43", "elapsed": 137.893765, "delta": 0.929002}}
{"target": -41.542143272721646, "params": {"C": 89.6206780106227, "epsilon": 2.567432506600664, "gamma": 0.14861045297121647}, "datetime": {"datetime": "2021-09-28 11:59:44", "elapsed": 138.82867, "delta": 0.934905}}
{"target": -41.04753376664322, "params": {"C": 71.97444766293764, "epsilon": 1.6807353545016783, "gamma": 0.13501187453738014}, "datetime": {"datetime": "2021-09-28 11:59:45", "elapsed": 139.751509, "delta": 0.922839}}
{"target": -38.005166493099644, "params": {"C": 19.699613920020806, "epsilon": 1.744836459202531, "gamma": 0.045284060115826676}, "datetime": {"datetime": "2021-09-28 11:59:46", "elapsed": 141.09126, "delta": 1.339751}}
{"target": -37.38743208419063, "params": {"C": 14.428297488046798, "epsilon": 1.8670597108930886, "gamma": 0.02752383060103198}, "datetime": {"datetime": "2021-09-28 11:59:48", "elapsed": 142.367256, "delta": 1.275996}}
{"target": -38.70063244976059, "params": {"C": 73.42537762979613, "epsilon": 2.6965968084618903, "gamma": 0.03490970567899432}, "datetime": {"datetime": "2021-09-28 11:59:49", "elapsed": 143.544869, "delta": 1.177613}}
{"target": -40.978532447530185, "params": {"C": 44.3651986063943, "epsilon": 0.902727193455901, "gamma": 0.18407104332407684}, "datetime": {"datetime": "2021-09-28 11:59:50", "elapsed": 144.69928, "delta": 1.154411}}
{"target": -38.81678085954776, "params": {"C": 16.57428630769504, "epsilon": 2.2572635527127782, "gamma": 0.08807811755791427}, "datetime": {"datetime": "2021-09-28 11:59:52", "elapsed": 146.221142, "delta": 1.521862}}
{"target": -40.82105451383148, "params": {"C": 12.661950752411952, "epsilon": 1.2364929705274044, "gamma": 0.15435244645789828}, "datetime": {"datetime": "2021-09-28 11:59:53", "elapsed": 147.310073, "delta": 1.088931}}
{"target": -36.99490952907289, "params": {"C": 16.532538973829602, "epsilon": 2.315984992509046, "gamma": 0.022784403954125277}, "datetime": {"datetime": "2021-09-28 11:59:54", "elapsed": 149.033398, "delta": 1.723325}}
{"target": -39.12437528903554, "params": {"C": 14.395092728121078, "epsilon": 1.886762985001664, "gamma": 0.09898194423971882}, "datetime": {"datetime": "2021-09-28 11:59:56", "elapsed": 150.810252, "delta": 1.776854}}
{"target": -37.07760477420477, "params": {"C": 139.37763131739652, "epsilon": 0.39229572486612174, "gamma": 0.004093664394792097}, "datetime": {"datetime": "2021-09-28 11:59:57", "elapsed": 152.057536, "delta": 1.247284}}
{"target": -40.29427181279486, "params": {"C": 100.69584716647351, "epsilon": 1.598625621234893, "gamma": 0.07710253807044984}, "datetime": {"datetime": "2021-09-28 11:59:59", "elapsed": 153.263036, "delta": 1.2055}}
{"target": -40.11045290727574, "params": {"C": 138.87420196372884, "epsilon": 0.5680516127093954, "gamma": 0.0578454242252502}, "datetime": {"datetime": "2021-09-28 12:00:00", "elapsed": 154.459261, "delta": 1.196225}}
{"target": -39.01221468740341, "params": {"C": 139.42546792310966, "epsilon": 0.35197012253705445, "gamma": 0.018189438994038867}, "datetime": {"datetime": "2021-09-28 12:00:02", "elapsed": 156.361432, "delta": 1.902171}}
{"target": -40.20127262961519, "params": {"C": 83.49344393334039, "epsilon": 0.4271745244114547, "gamma": 0.08098958847403255}, "datetime": {"datetime": "2021-09-28 12:00:03", "elapsed": 157.655904, "delta": 1.294472}}
{"target": -39.29770205554182, "params": {"C": 139.39267401528426, "epsilon": 0.41101030795435894, "gamma": 0.033531253203534554}, "datetime": {"datetime": "2021-09-28 12:00:05", "elapsed": 159.398634, "delta": 1.74273}}
{"target": -38.69090523817016, "params": {"C": 66.94560353581552, "epsilon": 2.7668440554771556, "gamma": 0.027403046768843364}, "datetime": {"datetime": "2021-09-28 12:00:06", "elapsed": 161.048631, "delta": 1.649997}}
{"target": -38.961643607669146, "params": {"C": 116.95901198636341, "epsilon": 1.3738823576897299, "gamma": 0.028464497116951985}, "datetime": {"datetime": "2021-09-28 12:00:08", "elapsed": 162.217635, "delta": 1.169004}}
{"target": -40.913409186187735, "params": {"C": 38.96905546199745, "epsilon": 1.7429587294066236, "gamma": 0.1889713711359253}, "datetime": {"datetime": "2021-09-28 12:00:09", "elapsed": 163.341604, "delta": 1.123969}}
{"target": -38.17741469915989, "params": {"C": 16.508309029272077, "epsilon": 2.316045606243061, "gamma": 0.060558877767657185}, "datetime": {"datetime": "2021-09-28 12:00:10", "elapsed": 164.820511, "delta": 1.478907}}
{"target": -38.81430716408023, "params": {"C": 90.32399268090552, "epsilon": 1.980375266518274, "gamma": 0.03263175200442505}, "datetime": {"datetime": "2021-09-28 12:00:11", "elapsed": 166.077722, "delta": 1.257211}}
{"target": -38.76271030971626, "params": {"C": 73.5470751446077, "epsilon": 2.573854703547734, "gamma": 0.0267147854987272}, "datetime": {"datetime": "2021-09-28 12:00:14", "elapsed": 168.274393, "delta": 2.196671}}
{"target": -37.797790463555444, "params": {"C": 16.50698417376737, "epsilon": 2.180292779687073, "gamma": 0.04003842416844731}, "datetime": {"datetime": "2021-09-28 12:00:15", "elapsed": 169.550609, "delta": 1.276216}}
{"target": -38.28757025032369, "params": {"C": 16.30919695205771, "epsilon": 2.291175418365495, "gamma": 0.0073418337220250264}, "datetime": {"datetime": "2021-09-28 12:00:17", "elapsed": 171.495853, "delta": 1.945244}}
{"target": -38.12251115953748, "params": {"C": 19.529074340098745, "epsilon": 1.7597736016610213, "gamma": 0.05395320468745551}, "datetime": {"datetime": "2021-09-28 12:00:18", "elapsed": 173.010859, "delta": 1.515006}}
{"target": -39.224475935744266, "params": {"C": 102.6080437141693, "epsilon": 1.2883837120748574, "gamma": 0.03967709718692989}, "datetime": {"datetime": "2021-09-28 12:00:20", "elapsed": 174.602468, "delta": 1.591609}}
{"target": -42.327279177635326, "params": {"C": 140.89343918942947, "epsilon": 1.30215042614403, "gamma": 0.14702032117136266}, "datetime": {"datetime": "2021-09-28 12:00:21", "elapsed": 176.043486, "delta": 1.441018}}
{"target": -40.90553074352992, "params": {"C": 92.35462324391152, "epsilon": 1.4713585404134089, "gamma": 0.11235970684006906}, "datetime": {"datetime": "2021-09-28 12:00:23", "elapsed": 177.272234, "delta": 1.228748}}
{"target": -37.84899121228489, "params": {"C": 16.458488079930984, "epsilon": 2.255947715868363, "gamma": 0.04519276286378253}, "datetime": {"datetime": "2021-09-28 12:00:24", "elapsed": 178.690239, "delta": 1.418005}}
{"target": -37.79912253675999, "params": {"C": 94.26542131504898, "epsilon": 0.24158495786989684, "gamma": 0.012078849996498595}, "datetime": {"datetime": "2021-09-28 12:00:25", "elapsed": 179.73707, "delta": 1.046831}}
{"target": -41.66594876919862, "params": {"C": 5.730609553138105, "epsilon": 2.2781090071071746, "gamma": 0.13654977994682996}, "datetime": {"datetime": "2021-09-28 12:00:26", "elapsed": 180.839063, "delta": 1.101993}}
{"target": -36.99959262001736, "params": {"C": 16.560518652784456, "epsilon": 2.3560361471418116, "gamma": 0.020189626240749405}, "datetime": {"datetime": "2021-09-28 12:00:28", "elapsed": 182.564582, "delta": 1.725519}}
{"target": -37.715853118417655, "params": {"C": 10.454227470247252, "epsilon": 2.8164426665473057, "gamma": 0.042674895627195716}, "datetime": {"datetime": "2021-09-28 12:00:29", "elapsed": 183.666159, "delta": 1.101577}}
{"target": -37.911163332062806, "params": {"C": 10.422163507076565, "epsilon": 2.8603227828217013, "gamma": 0.016740838188867128}, "datetime": {"datetime": "2021-09-28 12:00:30", "elapsed": 185.064749, "delta": 1.39859}}
{"target": -39.588585756132744, "params": {"C": 52.74422229905272, "epsilon": 1.987930889503574, "gamma": 0.0781382543454225}, "datetime": {"datetime": "2021-09-28 12:00:31", "elapsed": 186.155942, "delta": 1.091193}}
{"target": -39.51966262828915, "params": {"C": 58.055509579467895, "epsilon": 2.8077461639853274, "gamma": 0.07172870473012179}, "datetime": {"datetime": "2021-09-28 12:00:33", "elapsed": 187.509897, "delta": 1.353955}}
{"target": -37.30672645091254, "params": {"C": 19.54919696272656, "epsilon": 1.8144492109288664, "gamma": 0.025701120089785066}, "datetime": {"datetime": "2021-09-28 12:00:35", "elapsed": 189.231246, "delta": 1.721349}}
{"target": -38.865093429168176, "params": {"C": 31.730619114433672, "epsilon": 1.8805390695817514, "gamma": 0.07149660111588574}, "datetime": {"datetime": "2021-09-28 12:00:37", "elapsed": 191.266661, "delta": 2.035415}}
{"target": -38.82593102171688, "params": {"C": 14.454331685934296, "epsilon": 1.8168680519790719, "gamma": 0.0856959926402022}, "datetime": {"datetime": "2021-09-28 12:00:39", "elapsed": 193.245602, "delta": 1.978941}}
{"target": -38.25212696351249, "params": {"C": 16.613419699069226, "epsilon": 2.3394040793674877, "gamma": 0.06573778649174772}, "datetime": {"datetime": "2021-09-28 12:00:40", "elapsed": 195.194785, "delta": 1.949183}}
{"target": -37.43579558941502, "params": {"C": 27.713731475084607, "epsilon": 1.028576017326792, "gamma": 0.01847791283961133}, "datetime": {"datetime": "2021-09-28 12:00:42", "elapsed": 196.824553, "delta": 1.629768}}
{"target": -37.95097211047725, "params": {"C": 19.445523912431028, "epsilon": 1.9699381945814967, "gamma": 0.04367477080604764}, "datetime": {"datetime": "2021-09-28 12:00:44", "elapsed": 198.566289, "delta": 1.741736}}
{"target": -38.87966094909972, "params": {"C": 56.43275299719108, "epsilon": 2.2650061064717324, "gamma": 0.041482595198850815}, "datetime": {"datetime": "2021-09-28 12:00:45", "elapsed": 199.794291, "delta": 1.228002}}
{"target": -39.20431082536299, "params": {"C": 145.39060871520115, "epsilon": 2.963961941993798, "gamma": 0.04030566750203114}, "datetime": {"datetime": "2021-09-28 12:00:47", "elapsed": 201.987118, "delta": 2.192827}}
{"target": -37.9777838749772, "params": {"C": 16.31003441763742, "epsilon": 2.287811555102399, "gamma": 0.051935229638095305}, "datetime": {"datetime": "2021-09-28 12:00:49", "elapsed": 204.181684, "delta": 2.194566}}
{"target": -38.05854841265862, "params": {"C": 19.746086531049674, "epsilon": 1.9008166109075246, "gamma": 0.04921287237844051}, "datetime": {"datetime": "2021-09-28 12:00:52", "elapsed": 206.217802, "delta": 2.036118}}
{"target": -38.60808076982012, "params": {"C": 41.79107149569013, "epsilon": 0.005911889004727294, "gamma": 0.04461195578117079}, "datetime": {"datetime": "2021-09-28 12:00:53", "elapsed": 207.646472, "delta": 1.42867}}
{"target": -37.40880412730736, "params": {"C": 16.561140310111533, "epsilon": 2.422798136817407, "gamma": 0.027854880187347084}, "datetime": {"datetime": "2021-09-28 12:00:55", "elapsed": 209.970439, "delta": 2.323967}}
{"target": -38.16777856726321, "params": {"C": 37.29883317699281, "epsilon": 0.15231564671119, "gamma": 0.030175427955110672}, "datetime": {"datetime": "2021-09-28 12:00:58", "elapsed": 212.231244, "delta": 2.260805}}
{"target": -36.935828911098106, "params": {"C": 19.59500233484075, "epsilon": 1.8075496382001144, "gamma": 0.011507330622329313}, "datetime": {"datetime": "2021-09-28 12:01:00", "elapsed": 214.739946, "delta": 2.508702}}
{"target": -37.418491177120714, "params": {"C": 14.449606559424799, "epsilon": 1.8104985969634928, "gamma": 0.011914203251141332}, "datetime": {"datetime": "2021-09-28 12:01:02", "elapsed": 217.02494, "delta": 2.284994}}
{"target": -37.87779850368205, "params": {"C": 16.516867262040027, "epsilon": 2.253017882517097, "gamma": 0.04820524491854403}, "datetime": {"datetime": "2021-09-28 12:01:05", "elapsed": 219.206431, "delta": 2.181491}}
{"target": -37.5266365722949, "params": {"C": 19.49176840234309, "epsilon": 1.762230852705845, "gamma": 0.030630091833541425}, "datetime": {"datetime": "2021-09-28 12:01:07", "elapsed": 221.576285, "delta": 2.369854}}
{"target": -36.99407074690278, "params": {"C": 16.42864525802993, "epsilon": 2.38056560937219, "gamma": 0.022080087018178304}, "datetime": {"datetime": "2021-09-28 12:01:09", "elapsed": 223.856367, "delta": 2.280082}}
{"target": -40.349497456801565, "params": {"C": 95.91562515392317, "epsilon": 1.3586217609876716, "gamma": 0.08161958287881389}, "datetime": {"datetime": "2021-09-28 12:01:11", "elapsed": 225.27636, "delta": 1.419993}}
{"target": -39.30476809737258, "params": {"C": 15.901784434143389, "epsilon": 1.541499851408484, "gamma": 0.005480734853435807}, "datetime": {"datetime": "2021-09-28 12:01:12", "elapsed": 226.683519, "delta": 1.407159}}
{"target": -44.874350417628406, "params": {"C": 27.650739038268906, "epsilon": 1.006334513798188, "gamma": 0.001}, "datetime": {"datetime": "2021-09-28 12:01:14", "elapsed": 228.892699, "delta": 2.20918}}
{"target": -43.19066945255281, "params": {"C": 146.75628258436709, "epsilon": 1.2369986386141127, "gamma": 0.1679377369247131}, "datetime": {"datetime": "2021-09-28 12:01:16", "elapsed": 230.86678, "delta": 1.974081}}
{"target": -38.35627307679344, "params": {"C": 16.53082664977927, "epsilon": 2.474269345263794, "gamma": 0.07126923121179318}, "datetime": {"datetime": "2021-09-28 12:01:18", "elapsed": 233.070778, "delta": 2.203998}}
{"target": -39.038358826545505, "params": {"C": 75.39217278980931, "epsilon": 1.6856467414076397, "gamma": 0.04553414893487049}, "datetime": {"datetime": "2021-09-28 12:01:20", "elapsed": 235.118788, "delta": 2.04801}}
{"target": -37.17859051007395, "params": {"C": 108.07307556706513, "epsilon": 1.923897075806904, "gamma": 0.0016764564152922726}, "datetime": {"datetime": "2021-09-28 12:01:22", "elapsed": 236.618779, "delta": 1.499991}}
{"target": -40.43828691828148, "params": {"C": 72.72621734850003, "epsilon": 0.006353635997356216, "gamma": 0.10012419707634707}, "datetime": {"datetime": "2021-09-28 12:01:24", "elapsed": 238.41421, "delta": 1.795431}}
{"target": -37.82499919877786, "params": {"C": 16.395932805795816, "epsilon": 2.0993526595495906, "gamma": 0.009046683492359518}, "datetime": {"datetime": "2021-09-28 12:01:26", "elapsed": 240.60146, "delta": 2.18725}}
{"target": -41.026435326527704, "params": {"C": 79.8335218763065, "epsilon": 1.3416025023104956, "gamma": 0.12944859871270542}, "datetime": {"datetime": "2021-09-28 12:01:27", "elapsed": 242.163462, "delta": 1.562002}}
{"target": -38.20797442886095, "params": {"C": 145.29834477944874, "epsilon": 2.9874013173095366, "gamma": 0.013043460028793329}, "datetime": {"datetime": "2021-09-28 12:01:30", "elapsed": 244.381134, "delta": 2.217672}}
{"target": -37.06234458174987, "params": {"C": 16.508967712354252, "epsilon": 2.372614901696848, "gamma": 0.017417423105937576}, "datetime": {"datetime": "2021-09-28 12:01:32", "elapsed": 246.497131, "delta": 2.115997}}
{"target": -38.05412452990814, "params": {"C": 19.576643935044384, "epsilon": 1.7664743848828524, "gamma": 0.04853996704970869}, "datetime": {"datetime": "2021-09-28 12:01:34", "elapsed": 248.730701, "delta": 2.23357}}
{"target": -41.37029839121341, "params": {"C": 45.06661268551975, "epsilon": 2.8679405947844248, "gamma": 0.1959273248044224}, "datetime": {"datetime": "2021-09-28 12:01:36", "elapsed": 250.336387, "delta": 1.605686}}
{"target": -39.27360229454735, "params": {"C": 27.862761396606285, "epsilon": 2.244184761761533, "gamma": 0.09199956344688962}, "datetime": {"datetime": "2021-09-28 12:01:38", "elapsed": 252.342432, "delta": 2.006045}}
{"target": -39.35236231101871, "params": {"C": 50.50815083162728, "epsilon": 2.4276145298472636, "gamma": 0.07333032972877448}, "datetime": {"datetime": "2021-09-28 12:01:39", "elapsed": 254.051663, "delta": 1.709231}}
{"target": -37.097222087600976, "params": {"C": 44.2884277949475, "epsilon": 2.5132429015876308, "gamma": 0.010593713378051435}, "datetime": {"datetime": "2021-09-28 12:01:41", "elapsed": 255.540834, "delta": 1.489171}}
{"target": -37.17084896615831, "params": {"C": 16.58474112375439, "epsilon": 2.245952667189669, "gamma": 0.011414797465377439}, "datetime": {"datetime": "2021-09-28 12:01:43", "elapsed": 257.718834, "delta": 2.178}}
{"target": -37.85663141470943, "params": {"C": 28.28354542238683, "epsilon": 2.7163612498296086, "gamma": 0.027568365196240476}, "datetime": {"datetime": "2021-09-28 12:01:44", "elapsed": 259.116833, "delta": 1.397999}}
{"target": -38.755753173050515, "params": {"C": 85.3438740896849, "epsilon": 0.34708459960512283, "gamma": 0.023734425032442857}, "datetime": {"datetime": "2021-09-28 12:01:46", "elapsed": 260.54796, "delta": 1.431127}}
