{"target": -38.87770467307809, "params": {"C": 272.6931739175945, "epsilon": 0.5984329156608219, "gamma": 0.01342229825406225}, "datetime": {"datetime": "2021-09-28 12:39:14", "elapsed": 38.758799, "delta": 0.525}}
{"target": -41.42532547545261, "params": {"C": 297.7528075407329, "epsilon": 2.3551835921514215, "gamma": 0.07888156529077305}, "datetime": {"datetime": "2021-09-28 12:39:15", "elapsed": 39.228457, "delta": 0.469658}}
{"target": -38.987440036206166, "params": {"C": 267.8590437502482, "epsilon": 0.1742158031090332, "gamma": 0.01605411831737786}, "datetime": {"datetime": "2021-09-28 12:39:15", "elapsed": 39.955463, "delta": 0.727006}}
{"target": -38.717834068474524, "params": {"C": 157.07479345963648, "epsilon": 2.5943116212052133, "gamma": 0.019138534426613344}, "datetime": {"datetime": "2021-09-28 12:39:16", "elapsed": 40.602458, "delta": 0.646995}}
{"target": -39.246207852280484, "params": {"C": 166.05908803273147, "epsilon": 0.6708353634163905, "gamma": 0.02745089996824154}, "datetime": {"datetime": "2021-09-28 12:39:16", "elapsed": 41.127625, "delta": 0.525167}}
{"target": -38.744571855364995, "params": {"C": 159.76305458225931, "epsilon": 1.3495343522331025, "gamma": 0.01893327203323867}, "datetime": {"datetime": "2021-09-28 12:39:17", "elapsed": 41.810628, "delta": 0.683003}}
{"target": -39.180312331998834, "params": {"C": 213.0137694175945, "epsilon": 2.6382684976895137, "gamma": 0.032002063229363296}, "datetime": {"datetime": "2021-09-28 12:39:18", "elapsed": 42.468627, "delta": 0.657999}}
{"target": -39.21437149382722, "params": {"C": 276.07986085968696, "epsilon": 0.7433949946628847, "gamma": 0.018422787354928062}, "datetime": {"datetime": "2021-09-28 12:39:18", "elapsed": 43.195204, "delta": 0.726577}}
{"target": -39.115928574077564, "params": {"C": 174.766284699387, "epsilon": 0.655988671090853, "gamma": 0.023030506273837764}, "datetime": {"datetime": "2021-09-28 12:39:19", "elapsed": 44.124203, "delta": 0.928999}}
{"target": -38.795221805551925, "params": {"C": 168.8478331011786, "epsilon": 1.8708162269191808, "gamma": 0.021061579782960724}, "datetime": {"datetime": "2021-09-28 12:39:20", "elapsed": 44.722091, "delta": 0.597888}}
{"target": -40.70896553856841, "params": {"C": 159.78232092606035, "epsilon": 1.29852460130723, "gamma": 0.08281656301723672}, "datetime": {"datetime": "2021-09-28 12:39:21", "elapsed": 45.469094, "delta": 0.747003}}
{"target": -38.06663038102643, "params": {"C": 176.94785204747558, "epsilon": 1.0467594855926796, "gamma": 0.009302116162866237}, "datetime": {"datetime": "2021-09-28 12:39:22", "elapsed": 46.296124, "delta": 0.82703}}
{"target": -37.30255639417638, "params": {"C": 159.8281373253333, "epsilon": 1.2959754168765023, "gamma": 0.0017410777253942151}, "datetime": {"datetime": "2021-09-28 12:39:22", "elapsed": 47.150059, "delta": 0.853935}}
{"target": -38.14729513360144, "params": {"C": 238.56295580159946, "epsilon": 0.0885422219639324, "gamma": 0.007511533019278819}, "datetime": {"datetime": "2021-09-28 12:39:23", "elapsed": 48.054731, "delta": 0.904672}}
{"target": -39.22818027317809, "params": {"C": 249.8430371909853, "epsilon": 2.163467221650318, "gamma": 0.033396516471975744}, "datetime": {"datetime": "2021-09-28 12:39:24", "elapsed": 48.742253, "delta": 0.687522}}
{"target": -40.87795662616834, "params": {"C": 238.60232557359654, "epsilon": 0.08947001876840971, "gamma": 0.058708341438663346}, "datetime": {"datetime": "2021-09-28 12:39:25", "elapsed": 49.398093, "delta": 0.65584}}
{"target": -39.791156243658236, "params": {"C": 222.94637091864448, "epsilon": 2.651037294074375, "gamma": 0.04167630715368762}, "datetime": {"datetime": "2021-09-28 12:39:25", "elapsed": 50.000091, "delta": 0.601998}}
{"target": -39.14958790580318, "params": {"C": 284.53486341653826, "epsilon": 1.6099359974169456, "gamma": 0.02211734104173847}, "datetime": {"datetime": "2021-09-28 12:39:26", "elapsed": 50.492094, "delta": 0.492003}}
{"target": -39.234631273297026, "params": {"C": 176.95312570999656, "epsilon": 1.0323258364067074, "gamma": 0.03666503708967132}, "datetime": {"datetime": "2021-09-28 12:39:26", "elapsed": 51.095382, "delta": 0.603288}}
{"target": -39.22707246559916, "params": {"C": 164.91558919682507, "epsilon": 1.2019588495219526, "gamma": 0.0402482700113935}, "datetime": {"datetime": "2021-09-28 12:39:27", "elapsed": 51.68638, "delta": 0.590998}}
{"target": -39.21153061772002, "params": {"C": 223.24878414264015, "epsilon": 2.8689705627148054, "gamma": 0.029225312514655894}, "datetime": {"datetime": "2021-09-28 12:39:28", "elapsed": 52.33038, "delta": 0.644}}
{"target": -40.43675790099102, "params": {"C": 272.7312809919555, "epsilon": 0.6368649164318422, "gamma": 0.04113761245829709}, "datetime": {"datetime": "2021-09-28 12:39:28", "elapsed": 53.029374, "delta": 0.698994}}
{"target": -40.92786791221306, "params": {"C": 176.40698101767387, "epsilon": 0.47498741093162195, "gamma": 0.08949227950215172}, "datetime": {"datetime": "2021-09-28 12:39:29", "elapsed": 53.620377, "delta": 0.591003}}
{"target": -40.65524189166777, "params": {"C": 201.64265639113472, "epsilon": 0.5118540749458997, "gamma": 0.05662458925634656}, "datetime": {"datetime": "2021-09-28 12:39:30", "elapsed": 54.402249, "delta": 0.781872}}
{"target": -40.54845747709581, "params": {"C": 264.6578532894406, "epsilon": 1.7608455894653063, "gamma": 0.050039448596105374}, "datetime": {"datetime": "2021-09-28 12:39:30", "elapsed": 55.012681, "delta": 0.610432}}
{"target": -40.377320535606884, "params": {"C": 231.33936474826868, "epsilon": 2.26165421515435, "gamma": 0.051381421760134535}, "datetime": {"datetime": "2021-09-28 12:39:31", "elapsed": 55.549679, "delta": 0.536998}}
{"target": -37.41125195916096, "params": {"C": 249.87295401083395, "epsilon": 2.138626671754016, "gamma": 0.0010004446550627892}, "datetime": {"datetime": "2021-09-28 12:39:32", "elapsed": 56.234677, "delta": 0.684998}}
{"target": -37.29907480455496, "params": {"C": 168.86670273774277, "epsilon": 1.9136416398964773, "gamma": 0.001}, "datetime": {"datetime": "2021-09-28 12:39:32", "elapsed": 56.966175, "delta": 0.731498}}
{"target": -39.80884345125501, "params": {"C": 169.11747362952917, "epsilon": 1.671440004008679, "gamma": 0.04950881893366346}, "datetime": {"datetime": "2021-09-28 12:39:33", "elapsed": 57.523166, "delta": 0.556991}}
{"target": -38.996948945113594, "params": {"C": 267.77089432330814, "epsilon": 0.11639052382804706, "gamma": 0.01496493585344549}, "datetime": {"datetime": "2021-09-28 12:39:33", "elapsed": 58.170171, "delta": 0.647005}}
{"target": -37.24229307360741, "params": {"C": 168.84985347269793, "epsilon": 1.9033446538559806, "gamma": 0.0010380692025663445}, "datetime": {"datetime": "2021-09-28 12:39:34", "elapsed": 58.778172, "delta": 0.608001}}
{"target": -38.68004424043242, "params": {"C": 176.9530932704167, "epsilon": 1.1084910125758451, "gamma": 0.014740239419772715}, "datetime": {"datetime": "2021-09-28 12:39:35", "elapsed": 59.510039, "delta": 0.731867}}
{"target": -40.25923259104352, "params": {"C": 235.05061785907716, "epsilon": 2.521633468963268, "gamma": 0.049338834459867635}, "datetime": {"datetime": "2021-09-28 12:39:35", "elapsed": 60.106038, "delta": 0.595999}}
{"target": -38.94979871662721, "params": {"C": 151.81807911605512, "epsilon": 2.807730812953579, "gamma": 0.032246039862510664}, "datetime": {"datetime": "2021-09-28 12:39:36", "elapsed": 60.728034, "delta": 0.621996}}
{"target": -39.168767845731196, "params": {"C": 176.98570756926262, "epsilon": 1.0737390796003952, "gamma": 0.025399613876169246}, "datetime": {"datetime": "2021-09-28 12:39:37", "elapsed": 61.639289, "delta": 0.911255}}
{"target": -38.76964359189609, "params": {"C": 159.83554682731867, "epsilon": 1.2641719778806866, "gamma": 0.018846155869038296}, "datetime": {"datetime": "2021-09-28 12:39:38", "elapsed": 62.39533, "delta": 0.756041}}
{"target": -38.59001619258247, "params": {"C": 196.1132059259723, "epsilon": 2.7036091322254974, "gamma": 0.014415013175967571}, "datetime": {"datetime": "2021-09-28 12:39:38", "elapsed": 63.082432, "delta": 0.687102}}
{"target": -42.43948997763734, "params": {"C": 296.9222553337422, "epsilon": 2.378155332205364, "gamma": 0.09114260752339592}, "datetime": {"datetime": "2021-09-28 12:39:39", "elapsed": 63.82243, "delta": 0.739998}}
{"target": -39.282840894495216, "params": {"C": 298.0740519028087, "epsilon": 1.1095701114149115, "gamma": 0.018094514208122477}, "datetime": {"datetime": "2021-09-28 12:39:40", "elapsed": 64.345065, "delta": 0.522635}}
{"target": -39.216870415279566, "params": {"C": 174.84356750526072, "epsilon": 0.7738188959440554, "gamma": 0.024898044005215596}, "datetime": {"datetime": "2021-09-28 12:39:40", "elapsed": 64.995043, "delta": 0.649978}}
{"target": -41.05552663475116, "params": {"C": 284.21122794685937, "epsilon": 0.4153363669209697, "gamma": 0.06976455978648263}, "datetime": {"datetime": "2021-09-28 12:39:41", "elapsed": 65.613042, "delta": 0.617999}}
{"target": -38.24357544435891, "params": {"C": 222.98024829375717, "epsilon": 2.7145205241826362, "gamma": 0.008966056401213177}, "datetime": {"datetime": "2021-09-28 12:39:42", "elapsed": 66.335042, "delta": 0.722}}
{"target": -39.08353082645445, "params": {"C": 159.85154328396874, "epsilon": 1.3122030971292793, "gamma": 0.025864137351353466}, "datetime": {"datetime": "2021-09-28 12:39:42", "elapsed": 67.12405, "delta": 0.789008}}
{"target": -39.202955599179404, "params": {"C": 174.71584579213072, "epsilon": 0.7110839622538044, "gamma": 0.030396218296889547}, "datetime": {"datetime": "2021-09-28 12:39:43", "elapsed": 67.855044, "delta": 0.730994}}
{"target": -40.12863215387109, "params": {"C": 264.665061651013, "epsilon": 1.852647535957577, "gamma": 0.04032027591441867}, "datetime": {"datetime": "2021-09-28 12:39:44", "elapsed": 68.599042, "delta": 0.743998}}
{"target": -40.63226255072827, "params": {"C": 168.92661130829165, "epsilon": 1.9501140664359775, "gamma": 0.06670038552278852}, "datetime": {"datetime": "2021-09-28 12:39:45", "elapsed": 69.414112, "delta": 0.81507}}
{"target": -38.64042696240239, "params": {"C": 151.70341762536842, "epsilon": 2.767812543982623, "gamma": 0.017021978765137863}, "datetime": {"datetime": "2021-09-28 12:39:45", "elapsed": 70.168113, "delta": 0.754001}}
{"target": -38.60407672596694, "params": {"C": 196.05481049894038, "epsilon": 2.7131127486582893, "gamma": 0.019667712874031965}, "datetime": {"datetime": "2021-09-28 12:39:46", "elapsed": 70.923058, "delta": 0.754945}}
{"target": -41.612788977759756, "params": {"C": 296.52728325129834, "epsilon": 2.517694653260685, "gamma": 0.08163038480351835}, "datetime": {"datetime": "2021-09-28 12:39:47", "elapsed": 71.60406, "delta": 0.681002}}
{"target": -38.610082149230244, "params": {"C": 249.9523103870318, "epsilon": 2.1797457497034327, "gamma": 0.01215246089883205}, "datetime": {"datetime": "2021-09-28 12:39:48", "elapsed": 72.426059, "delta": 0.821999}}
{"target": -38.72087315537223, "params": {"C": 157.11399717287705, "epsilon": 2.6206231181424364, "gamma": 0.026566713254184457}, "datetime": {"datetime": "2021-09-28 12:39:49", "elapsed": 73.320295, "delta": 0.894236}}
{"target": -39.53122628412187, "params": {"C": 203.3257690902343, "epsilon": 0.2984349609562692, "gamma": 0.038667529096362015}, "datetime": {"datetime": "2021-09-28 12:39:49", "elapsed": 74.074292, "delta": 0.753997}}
{"target": -38.63208638557355, "params": {"C": 168.90743770342706, "epsilon": 1.8782913868978002, "gamma": 0.01370056637550271}, "datetime": {"datetime": "2021-09-28 12:39:50", "elapsed": 75.016734, "delta": 0.942442}}
{"target": -40.483854591595474, "params": {"C": 151.70900909989012, "epsilon": 2.774118573767037, "gamma": 0.06779445288233427}, "datetime": {"datetime": "2021-09-28 12:39:51", "elapsed": 75.965738, "delta": 0.949004}}
{"target": -42.45979360542174, "params": {"C": 286.8791088142092, "epsilon": 0.41727986776483267, "gamma": 0.09308362202187087}, "datetime": {"datetime": "2021-09-28 12:39:52", "elapsed": 76.715735, "delta": 0.749997}}
{"target": -37.12163967674443, "params": {"C": 222.93155452534867, "epsilon": 0.05607500741957996, "gamma": 0.003844247051207701}, "datetime": {"datetime": "2021-09-28 12:39:53", "elapsed": 77.563564, "delta": 0.847829}}
{"target": -37.89251022823597, "params": {"C": 196.02048656212878, "epsilon": 2.675480099336952, "gamma": 0.0079624468603905}, "datetime": {"datetime": "2021-09-28 12:39:54", "elapsed": 78.402576, "delta": 0.839012}}
{"target": -38.61306692543452, "params": {"C": 170.15835277201913, "epsilon": 1.4827991135538154, "gamma": 0.01454390528615018}, "datetime": {"datetime": "2021-09-28 12:39:55", "elapsed": 79.355624, "delta": 0.953048}}
{"target": -37.31380874464576, "params": {"C": 195.97194276965354, "epsilon": 2.669655006585673, "gamma": 0.0049050010590985585}, "datetime": {"datetime": "2021-09-28 12:39:55", "elapsed": 80.177623, "delta": 0.821999}}
{"target": -39.16631356070953, "params": {"C": 170.10846646132737, "epsilon": 1.5618480940466741, "gamma": 0.037135577051460325}, "datetime": {"datetime": "2021-09-28 12:39:56", "elapsed": 81.023719, "delta": 0.846096}}
{"target": -37.31013271916391, "params": {"C": 195.98582289394204, "epsilon": 2.738135178522065, "gamma": 0.0011910457561361523}, "datetime": {"datetime": "2021-09-28 12:39:57", "elapsed": 82.131719, "delta": 1.108}}
{"target": -39.15800775823985, "params": {"C": 249.89090463184283, "epsilon": 2.097434344338749, "gamma": 0.028641139469829994}, "datetime": {"datetime": "2021-09-28 12:39:58", "elapsed": 83.097035, "delta": 0.965316}}
{"target": -42.766931427198, "params": {"C": 296.6828784733845, "epsilon": 1.4602268636747633, "gamma": 0.09546919659481769}, "datetime": {"datetime": "2021-09-28 12:39:59", "elapsed": 83.83204, "delta": 0.735005}}
{"target": -39.67224528706018, "params": {"C": 238.48731692950724, "epsilon": 0.04955653272817912, "gamma": 0.03719134178458606}, "datetime": {"datetime": "2021-09-28 12:40:00", "elapsed": 84.761396, "delta": 0.929356}}
{"target": -39.19507356255797, "params": {"C": 195.96218897412888, "epsilon": 2.641910743808602, "gamma": 0.03658063808888735}, "datetime": {"datetime": "2021-09-28 12:40:01", "elapsed": 85.66692, "delta": 0.905524}}
{"target": -37.30597946021169, "params": {"C": 161.75741120479435, "epsilon": 0.0717535838508659, "gamma": 0.002179560655097794}, "datetime": {"datetime": "2021-09-28 12:40:02", "elapsed": 86.454924, "delta": 0.788004}}
{"target": -41.65346702999821, "params": {"C": 222.90755661219308, "epsilon": 0.062588443071857, "gamma": 0.09430557308468503}, "datetime": {"datetime": "2021-09-28 12:40:03", "elapsed": 87.348739, "delta": 0.893815}}
{"target": -39.2290167811219, "params": {"C": 161.7853782372754, "epsilon": 0.07003284132750315, "gamma": 0.028824721201374803}, "datetime": {"datetime": "2021-09-28 12:40:04", "elapsed": 88.241744, "delta": 0.893005}}
{"target": -38.969665045000205, "params": {"C": 272.6564093274711, "epsilon": 0.5152491952443052, "gamma": 0.012502352851653447}, "datetime": {"datetime": "2021-09-28 12:40:05", "elapsed": 89.211464, "delta": 0.96972}}
{"target": -38.3858348418553, "params": {"C": 283.8792698695253, "epsilon": 1.1044422700099978, "gamma": 0.008698794926271059}, "datetime": {"datetime": "2021-09-28 12:40:05", "elapsed": 89.955548, "delta": 0.744084}}
{"target": -37.92609325836347, "params": {"C": 223.14477767701868, "epsilon": 2.75405667640561, "gamma": 0.007465023609847096}, "datetime": {"datetime": "2021-09-28 12:40:06", "elapsed": 91.008306, "delta": 1.052758}}
{"target": -39.937623003512535, "params": {"C": 150.59251278888422, "epsilon": 1.3220866296254015, "gamma": 0.054291490362842}, "datetime": {"datetime": "2021-09-28 12:40:07", "elapsed": 91.949307, "delta": 0.941001}}
{"target": -40.82808312100158, "params": {"C": 283.9123740015476, "epsilon": 1.037945280589586, "gamma": 0.06191255512190088}, "datetime": {"datetime": "2021-09-28 12:40:08", "elapsed": 92.987305, "delta": 1.037998}}
{"target": -40.546331030233645, "params": {"C": 223.09884142116022, "epsilon": 2.7267119017505954, "gamma": 0.07168367125674704}, "datetime": {"datetime": "2021-09-28 12:40:09", "elapsed": 94.043899, "delta": 1.056594}}
{"target": -40.868800139997035, "params": {"C": 272.779269245099, "epsilon": 0.21983392620612985, "gamma": 0.05261255931448556}, "datetime": {"datetime": "2021-09-28 12:40:10", "elapsed": 94.85613, "delta": 0.812231}}
{"target": -37.46470383325454, "params": {"C": 249.90072294537214, "epsilon": 2.2381837182730893, "gamma": 0.004948162842760253}, "datetime": {"datetime": "2021-09-28 12:40:11", "elapsed": 95.872825, "delta": 1.016695}}
{"target": -38.81270597359151, "params": {"C": 223.20624280745875, "epsilon": 2.713580265726495, "gamma": 0.021442468953655962}, "datetime": {"datetime": "2021-09-28 12:40:12", "elapsed": 96.804829, "delta": 0.932004}}
{"target": -40.65580871429009, "params": {"C": 187.8779027172526, "epsilon": 1.832366430013403, "gamma": 0.0635309877794094}, "datetime": {"datetime": "2021-09-28 12:40:13", "elapsed": 97.721715, "delta": 0.916886}}
{"target": -38.653242120644734, "params": {"C": 222.84309072934315, "epsilon": 0.01293099216163466, "gamma": 0.011532038390759645}, "datetime": {"datetime": "2021-09-28 12:40:14", "elapsed": 98.55872, "delta": 0.837005}}
{"target": -37.80442180169067, "params": {"C": 161.7110983233185, "epsilon": 0.07254792334077426, "gamma": 0.007881265530899961}, "datetime": {"datetime": "2021-09-28 12:40:15", "elapsed": 99.586052, "delta": 1.027332}}
{"target": -40.86838517443122, "params": {"C": 286.9641606233537, "epsilon": 2.7784311165873907, "gamma": 0.07198107907122803}, "datetime": {"datetime": "2021-09-28 12:40:16", "elapsed": 100.395056, "delta": 0.809004}}
{"target": -37.541568679659356, "params": {"C": 249.97471533604912, "epsilon": 2.2374580519074496, "gamma": 0.0024331495068045}, "datetime": {"datetime": "2021-09-28 12:40:17", "elapsed": 101.41069, "delta": 1.015634}}
{"target": -40.56103066652456, "params": {"C": 196.00447683350274, "epsilon": 2.7091078575535774, "gamma": 0.07190062810993307}, "datetime": {"datetime": "2021-09-28 12:40:18", "elapsed": 102.427687, "delta": 1.016997}}
{"target": -39.37679626123433, "params": {"C": 161.6968405638962, "epsilon": 0.047783263228481324, "gamma": 0.03539661511105232}, "datetime": {"datetime": "2021-09-28 12:40:19", "elapsed": 103.435416, "delta": 1.007729}}
{"target": -37.23949447263669, "params": {"C": 159.81281869204852, "epsilon": 1.3444728085986852, "gamma": 0.00581125074362256}, "datetime": {"datetime": "2021-09-28 12:40:20", "elapsed": 104.398412, "delta": 0.962996}}
{"target": -41.04041716482084, "params": {"C": 269.7601999845007, "epsilon": 1.0805431695659635, "gamma": 0.0757245434785585}, "datetime": {"datetime": "2021-09-28 12:40:21", "elapsed": 105.291047, "delta": 0.892635}}
{"target": -38.67708410394089, "params": {"C": 249.9445812703823, "epsilon": 2.2638669920345746, "gamma": 0.014951370358616118}, "datetime": {"datetime": "2021-09-28 12:40:22", "elapsed": 106.594325, "delta": 1.303278}}
{"target": -40.260771992935524, "params": {"C": 249.97009579361756, "epsilon": 2.2118110902778203, "gamma": 0.045798435673792076}, "datetime": {"datetime": "2021-09-28 12:40:23", "elapsed": 107.888347, "delta": 1.294022}}
{"target": -37.27915467180708, "params": {"C": 157.17575237310334, "epsilon": 2.5660497767438524, "gamma": 0.0013162192716793236}, "datetime": {"datetime": "2021-09-28 12:40:24", "elapsed": 109.105691, "delta": 1.217344}}
{"target": -40.8495125044749, "params": {"C": 204.673679955608, "epsilon": 0.24753728888422213, "gamma": 0.06207741956192064}, "datetime": {"datetime": "2021-09-28 12:40:25", "elapsed": 109.965438, "delta": 0.859747}}
{"target": -40.71680790589616, "params": {"C": 271.8286100425917, "epsilon": 2.3964151515644025, "gamma": 0.0583872658996317}, "datetime": {"datetime": "2021-09-28 12:40:26", "elapsed": 110.909437, "delta": 0.943999}}
{"target": -37.33104959864523, "params": {"C": 159.81998206835675, "epsilon": 1.3877574590212847, "gamma": 0.001}, "datetime": {"datetime": "2021-09-28 12:40:27", "elapsed": 112.007255, "delta": 1.097818}}
{"target": -39.57796433564657, "params": {"C": 157.23508314929208, "epsilon": 2.513749595615138, "gamma": 0.04906915206420194}, "datetime": {"datetime": "2021-09-28 12:40:28", "elapsed": 113.100467, "delta": 1.093212}}
{"target": -38.926264017653196, "params": {"C": 157.18158784639277, "epsilon": 2.600839859917438, "gamma": 0.030901881754173875}, "datetime": {"datetime": "2021-09-28 12:40:30", "elapsed": 114.369362, "delta": 1.268895}}
{"target": -38.65120776178809, "params": {"C": 250.04236727488205, "epsilon": 2.2445310004675934, "gamma": 0.011067883301180068}, "datetime": {"datetime": "2021-09-28 12:40:31", "elapsed": 115.614207, "delta": 1.244845}}
{"target": -39.03891752880981, "params": {"C": 223.02356303481633, "epsilon": 0.02445539344839178, "gamma": 0.01628177539144485}, "datetime": {"datetime": "2021-09-28 12:40:32", "elapsed": 116.696211, "delta": 1.082004}}
{"target": -38.78909774543383, "params": {"C": 195.9876580306116, "epsilon": 2.783720424373705, "gamma": 0.022501376159609014}, "datetime": {"datetime": "2021-09-28 12:40:33", "elapsed": 118.031205, "delta": 1.334994}}
{"target": -39.575198152, "params": {"C": 195.93201314303624, "epsilon": 2.730452275902668, "gamma": 0.04290506585564862}, "datetime": {"datetime": "2021-09-28 12:40:34", "elapsed": 119.09821, "delta": 1.067005}}
{"target": -39.91424806028048, "params": {"C": 242.5192609344333, "epsilon": 2.471374679434257, "gamma": 0.04061393771834746}, "datetime": {"datetime": "2021-09-28 12:40:35", "elapsed": 119.973592, "delta": 0.875382}}
{"target": -39.38460983593892, "params": {"C": 204.815036859732, "epsilon": 2.028681998592948, "gamma": 0.039432064423123525}, "datetime": {"datetime": "2021-09-28 12:40:36", "elapsed": 120.888602, "delta": 0.91501}}
