{"target": 0.4361376502811424, "params": {"C": 118.36835987222037, "epsilon": 2.460039843374192, "gamma": 0.006118941348653686}, "datetime": {"datetime": "2021-09-24 10:19:38", "elapsed": 710.510187, "delta": 3.81096}}
{"target": 0.3236048795641191, "params": {"C": 281.26161452708317, "epsilon": 1.6532476755349594, "gamma": 0.04295866531916895}, "datetime": {"datetime": "2021-09-24 10:19:41", "elapsed": 713.187518, "delta": 2.677331}}
{"target": 0.3784156626034373, "params": {"C": 108.3330639544427, "epsilon": 2.023327909898924, "gamma": 0.05660816357674117}, "datetime": {"datetime": "2021-09-24 10:19:45", "elapsed": 717.091218, "delta": 3.9037}}
{"target": 0.29002107033985336, "params": {"C": 164.03720921496472, "epsilon": 1.4201179272362918, "gamma": 0.1056116321441295}, "datetime": {"datetime": "2021-09-24 10:19:47", "elapsed": 719.437081, "delta": 2.345863}}
{"target": 0.4435082877533014, "params": {"C": 286.7364626577207, "epsilon": 1.8953879176830133, "gamma": 0.011672833394558952}, "datetime": {"datetime": "2021-09-24 10:19:50", "elapsed": 721.939613, "delta": 2.502532}}
{"target": 0.3216557547809823, "params": {"C": 286.84889277901976, "epsilon": 1.742191777895582, "gamma": 0.04317764543804453}, "datetime": {"datetime": "2021-09-24 10:19:55", "elapsed": 727.141135, "delta": 5.201522}}
{"target": 0.21317834993548457, "params": {"C": 286.68922516741895, "epsilon": 1.9961278513776917, "gamma": 0.09740867930278208}, "datetime": {"datetime": "2021-09-24 10:20:00", "elapsed": 732.473045, "delta": 5.33191}}
{"target": 0.3988788119028198, "params": {"C": 150.28756343523625, "epsilon": 2.1772429600275496, "gamma": 0.035053544692936846}, "datetime": {"datetime": "2021-09-24 10:20:05", "elapsed": 737.517652, "delta": 5.044607}}
{"target": 0.38864669183818845, "params": {"C": 108.17357213999581, "epsilon": 2.0053822174543776, "gamma": 0.049764249449969704}, "datetime": {"datetime": "2021-09-24 10:20:10", "elapsed": 741.723946, "delta": 4.206294}}
{"target": 0.4506600738464085, "params": {"C": 193.44830933253422, "epsilon": 1.0528267482791063, "gamma": 0.012147680637507978}, "datetime": {"datetime": "2021-09-24 10:20:13", "elapsed": 745.016177, "delta": 3.292231}}
{"target": 0.26493858201538745, "params": {"C": 193.411618028786, "epsilon": 1.1032640344465272, "gamma": 0.10888173331314227}, "datetime": {"datetime": "2021-09-24 10:20:17", "elapsed": 748.761181, "delta": 3.745004}}
{"target": 0.44234783462336547, "params": {"C": 108.21534135341244, "epsilon": 1.8982052127842313, "gamma": 0.010640581359552988}, "datetime": {"datetime": "2021-09-24 10:20:21", "elapsed": 753.622561, "delta": 4.86138}}
{"target": 0.4412602396326719, "params": {"C": 122.13877899165915, "epsilon": 1.8023468654334163, "gamma": 0.007953064189913851}, "datetime": {"datetime": "2021-09-24 10:20:24", "elapsed": 756.393028, "delta": 2.770467}}
{"target": 0.18429344548638893, "params": {"C": 223.42174866992448, "epsilon": 1.9146632254597498, "gamma": 0.1387027944401268}, "datetime": {"datetime": "2021-09-24 10:20:27", "elapsed": 759.014477, "delta": 2.621449}}
{"target": 0.3440843364565197, "params": {"C": 123.75027091755243, "epsilon": 2.841087040792831, "gamma": 0.07793988618875755}, "datetime": {"datetime": "2021-09-24 10:20:29", "elapsed": 761.479916, "delta": 2.465439}}
{"target": 0.43493795120796586, "params": {"C": 122.11271462586998, "epsilon": 1.9195285854135757, "gamma": 0.022528830232206223}, "datetime": {"datetime": "2021-09-24 10:20:34", "elapsed": 765.719819, "delta": 4.239903}}
{"target": 0.40701655131901304, "params": {"C": 279.2653065490607, "epsilon": 2.4284290615695294, "gamma": 0.020438282111292155}, "datetime": {"datetime": "2021-09-24 10:20:36", "elapsed": 768.260015, "delta": 2.540196}}
{"target": 0.37549515281710943, "params": {"C": 108.31043769143398, "epsilon": 1.8271156473805799, "gamma": 0.0584728547630329}, "datetime": {"datetime": "2021-09-24 10:20:40", "elapsed": 772.346666, "delta": 4.086651}}
{"target": 0.42672180476031163, "params": {"C": 136.20768071287, "epsilon": 1.7809013974390546, "gamma": 0.026193239797406037}, "datetime": {"datetime": "2021-09-24 10:20:44", "elapsed": 776.311015, "delta": 3.964349}}
{"target": 0.4415230357083689, "params": {"C": 148.84259460344552, "epsilon": 1.5583364553365988, "gamma": 0.008220634206470404}, "datetime": {"datetime": "2021-09-24 10:20:47", "elapsed": 778.913774, "delta": 2.602759}}
{"target": 0.262847578095442, "params": {"C": 148.83423582179785, "epsilon": 1.580238584308477, "gamma": 0.13877792654214172}, "datetime": {"datetime": "2021-09-24 10:20:51", "elapsed": 782.890113, "delta": 3.976339}}
{"target": 0.4109935181831237, "params": {"C": 122.03221383735745, "epsilon": 1.8363454730116677, "gamma": 0.001}, "datetime": {"datetime": "2021-09-24 10:20:55", "elapsed": 787.022361, "delta": 4.132248}}
{"target": 0.3107080412423817, "params": {"C": 122.21881959423848, "epsilon": 1.9657696569509426, "gamma": 0.1150837178845916}, "datetime": {"datetime": "2021-09-24 10:21:03", "elapsed": 794.708839, "delta": 7.686478}}
{"target": 0.25392877402289904, "params": {"C": 190.32868585890782, "epsilon": 2.4634713299507434, "gamma": 0.11547011512554335}, "datetime": {"datetime": "2021-09-24 10:21:08", "elapsed": 799.822197, "delta": 5.113358}}
{"target": 0.2881596607966572, "params": {"C": 258.4776751047642, "epsilon": 2.687844963717046, "gamma": 0.07308132717544409}, "datetime": {"datetime": "2021-09-24 10:21:11", "elapsed": 802.889034, "delta": 3.066837}}
{"target": 0.3605287726861883, "params": {"C": 101.66802111162889, "epsilon": 1.8787748606940184, "gamma": 0.07493829169118264}, "datetime": {"datetime": "2021-09-24 10:21:14", "elapsed": 805.772305, "delta": 2.883271}}
{"target": 0.435637569348308, "params": {"C": 150.62552418291017, "epsilon": 2.155641570229156, "gamma": 0.019599666125250114}, "datetime": {"datetime": "2021-09-24 10:21:17", "elapsed": 809.617813, "delta": 3.845508}}
{"target": 0.30503365023204376, "params": {"C": 156.79615315958947, "epsilon": 1.834636979886322, "gamma": 0.09672174278332737}, "datetime": {"datetime": "2021-09-24 10:21:21", "elapsed": 812.723032, "delta": 3.105219}}
{"target": 0.43591637666721406, "params": {"C": 193.55082495407424, "epsilon": 1.0183131444975362, "gamma": 0.006307121112690352}, "datetime": {"datetime": "2021-09-24 10:21:26", "elapsed": 818.148978, "delta": 5.425946}}
{"target": 0.3157828374470858, "params": {"C": 117.93541798845158, "epsilon": 2.1459305944014093, "gamma": 0.11288224380314167}, "datetime": {"datetime": "2021-09-24 10:21:29", "elapsed": 821.015495, "delta": 2.866517}}
{"target": 0.2510289742251619, "params": {"C": 271.02838503984106, "epsilon": 1.6130775418856689, "gamma": 0.08743455088124027}, "datetime": {"datetime": "2021-09-24 10:21:32", "elapsed": 823.896388, "delta": 2.880893}}
{"target": 0.304424226234712, "params": {"C": 136.38462285025076, "epsilon": 1.5835500433526721, "gamma": 0.11043088613600333}, "datetime": {"datetime": "2021-09-24 10:21:37", "elapsed": 828.785295, "delta": 4.888907}}
{"target": 0.4254058130228652, "params": {"C": 286.6800751739106, "epsilon": 1.8148817392063616, "gamma": 0.001}, "datetime": {"datetime": "2021-09-24 10:21:41", "elapsed": 833.479932, "delta": 4.694637}}
{"target": 0.2922717808022117, "params": {"C": 115.8053620188393, "epsilon": 1.8387362164998386, "gamma": 0.14136673740722963}, "datetime": {"datetime": "2021-09-24 10:21:44", "elapsed": 835.972319, "delta": 2.492387}}
{"target": 0.3078037573980503, "params": {"C": 108.22939047500726, "epsilon": 1.894351161870446, "gamma": 0.13080549549283635}, "datetime": {"datetime": "2021-09-24 10:21:50", "elapsed": 841.787329, "delta": 5.81501}}
{"target": 0.2817177159948968, "params": {"C": 122.05511849681315, "epsilon": 1.7481422941197797, "gamma": 0.14662961227845686}, "datetime": {"datetime": "2021-09-24 10:21:55", "elapsed": 846.836239, "delta": 5.04891}}
{"target": 0.3075221100633533, "params": {"C": 166.9043192149473, "epsilon": 2.8972615282123053, "gamma": 0.08982897169164367}, "datetime": {"datetime": "2021-09-24 10:21:57", "elapsed": 849.371577, "delta": 2.535338}}
{"target": 0.4228830995378776, "params": {"C": 166.15238637724076, "epsilon": 1.1922418126525878, "gamma": 0.0020332019832663387}, "datetime": {"datetime": "2021-09-24 10:22:00", "elapsed": 851.832559, "delta": 2.460982}}
{"target": -0.2302919894907205, "params": {"C": 1584.410705501792, "epsilon": 0.07875276925184611, "gamma": 0.08289970920392765}, "datetime": {"datetime": "2021-09-24 10:48:24", "elapsed": 0.0, "delta": 0.0}}
{"target": 0.039751110869379214, "params": {"C": 1585.8229755016187, "epsilon": 1.2616830384603794, "gamma": 0.050219888329577245}, "datetime": {"datetime": "2021-09-24 10:48:24", "elapsed": 0.074, "delta": 0.074}}
{"target": 0.009726176278825771, "params": {"C": 2070.237868520531, "epsilon": 1.8581936280856404, "gamma": 0.04564854637750395}, "datetime": {"datetime": "2021-09-24 10:48:24", "elapsed": 0.150002, "delta": 0.076002}}
{"target": -0.27726112718975804, "params": {"C": 1939.6627222839802, "epsilon": 1.8637803644751154, "gamma": 0.07984217204727882}, "datetime": {"datetime": "2021-09-24 10:48:24", "elapsed": 0.211963, "delta": 0.061961}}
{"target": 0.17170125356018207, "params": {"C": 2217.3821147756394, "epsilon": 1.5412207856759734, "gamma": 0.028481539981390375}, "datetime": {"datetime": "2021-09-24 10:48:24", "elapsed": 0.283964, "delta": 0.072001}}
{"target": 0.23711844348007038, "params": {"C": 315.3992353213006, "epsilon": 0.07875276925184611, "gamma": 0.08289970920392765}, "datetime": {"datetime": "2021-09-24 10:48:32", "elapsed": 0.0, "delta": 0.0}}
{"target": 0.2944847523716575, "params": {"C": 315.29835889274153, "epsilon": 1.2616830384603794, "gamma": 0.050219888329577245}, "datetime": {"datetime": "2021-09-24 10:48:32", "elapsed": 0.036075, "delta": 0.036075}}
{"target": 0.31827583899480527, "params": {"C": 280.6972951056764, "epsilon": 1.8581936280856404, "gamma": 0.04564854637750395}, "datetime": {"datetime": "2021-09-24 10:48:32", "elapsed": 0.070037, "delta": 0.033962}}
{"target": 0.26039962593764443, "params": {"C": 290.02409126543, "epsilon": 1.8637803644751154, "gamma": 0.07984217204727882}, "datetime": {"datetime": "2021-09-24 10:48:32", "elapsed": 0.105039, "delta": 0.035002}}
{"target": 0.37696448697127516, "params": {"C": 270.18699180174, "epsilon": 1.5412207856759734, "gamma": 0.028481539981390375}, "datetime": {"datetime": "2021-09-24 10:48:32", "elapsed": 0.134997, "delta": 0.029958}}
{"target": 0.35487118485522484, "params": {"C": 269.6894889232527, "epsilon": 1.2405250352398338, "gamma": 0.03362528551696924}, "datetime": {"datetime": "2021-09-24 10:48:32", "elapsed": 0.27585, "delta": 0.140853}}
{"target": 0.19744134721040285, "params": {"C": 270.29536954317194, "epsilon": 2.922573908046346, "gamma": 0.10735317864090853}, "datetime": {"datetime": "2021-09-24 10:48:32", "elapsed": 0.39581, "delta": 0.11996}}
{"target": 0.24119658110891196, "params": {"C": 270.5201545242447, "epsilon": 1.0857711831499375, "gamma": 0.09155325486282256}, "datetime": {"datetime": "2021-09-24 10:48:33", "elapsed": 0.499849, "delta": 0.104039}}
{"target": 0.24832501265571816, "params": {"C": 269.73507953998245, "epsilon": 1.2975746068112564, "gamma": 0.08889006997722715}, "datetime": {"datetime": "2021-09-24 10:48:33", "elapsed": 0.576848, "delta": 0.076999}}
{"target": 0.24627968048601, "params": {"C": 309.01538001973677, "epsilon": 2.4787805722459497, "gamma": 0.08063461984004969}, "datetime": {"datetime": "2021-09-24 10:48:33", "elapsed": 0.668808, "delta": 0.09196}}
{"target": 0.1373407962222274, "params": {"C": 321.95387184560343, "epsilon": 2.606448777112884, "gamma": 0.1304060189614019}, "datetime": {"datetime": "2021-09-24 10:48:33", "elapsed": 0.785812, "delta": 0.117004}}
{"target": 0.2974061088378308, "params": {"C": 267.99907532419985, "epsilon": 1.2184558072790672, "gamma": 0.056763145493424136}, "datetime": {"datetime": "2021-09-24 10:48:33", "elapsed": 0.882808, "delta": 0.096996}}
{"target": 0.15868210251819004, "params": {"C": 270.7982042412229, "epsilon": 1.4221405015633612, "gamma": 0.13173587120812863}, "datetime": {"datetime": "2021-09-24 10:48:33", "elapsed": 1.013809, "delta": 0.131001}}
{"target": 0.4257671053966158, "params": {"C": 322.95390303618126, "epsilon": 2.683484214350215, "gamma": 0.0027923358976723483}, "datetime": {"datetime": "2021-09-24 10:48:33", "elapsed": 1.11885, "delta": 0.105041}}
{"target": 0.21513756058567202, "params": {"C": 274.9801845114709, "epsilon": 1.0331012129809096, "gamma": 0.10009177882967436}, "datetime": {"datetime": "2021-09-24 10:48:33", "elapsed": 1.218849, "delta": 0.099999}}
{"target": 0.18252149901648862, "params": {"C": 307.3499267613189, "epsilon": 0.3253068894190921, "gamma": 0.10287846188290717}, "datetime": {"datetime": "2021-09-24 10:48:33", "elapsed": 1.311808, "delta": 0.092959}}
{"target": 0.3318216867804714, "params": {"C": 310.67083247056377, "epsilon": 1.9097195876615638, "gamma": 0.03734403830408874}, "datetime": {"datetime": "2021-09-24 10:48:33", "elapsed": 1.413812, "delta": 0.102004}}
{"target": 0.14302562926412443, "params": {"C": 372.9933371054207, "epsilon": 1.4840572586598495, "gamma": 0.10030527378299159}, "datetime": {"datetime": "2021-09-24 10:48:34", "elapsed": 1.512804, "delta": 0.098992}}
{"target": 0.2937302437875542, "params": {"C": 267.63379291816136, "epsilon": 1.3027315680376776, "gamma": 0.05933747737125542}, "datetime": {"datetime": "2021-09-24 10:48:34", "elapsed": 1.60785, "delta": 0.095046}}
{"target": 0.43220954108526943, "params": {"C": 276.9378774471378, "epsilon": 1.0456028732897633, "gamma": 0.015125663140935833}, "datetime": {"datetime": "2021-09-24 10:48:34", "elapsed": 1.702075, "delta": 0.094225}}
{"target": 0.36629693570442723, "params": {"C": 304.6647053708346, "epsilon": 1.7851779388311744, "gamma": 0.02856164848064324}, "datetime": {"datetime": "2021-09-24 10:48:34", "elapsed": 1.848112, "delta": 0.146037}}
{"target": 0.44654454051564796, "params": {"C": 268.83377038948, "epsilon": 1.9195860370103888, "gamma": 0.01092503482704658}, "datetime": {"datetime": "2021-09-24 10:48:34", "elapsed": 1.935112, "delta": 0.087}}
{"target": 0.2970175181589817, "params": {"C": 357.16330268376976, "epsilon": 0.655085242019186, "gamma": 0.04322267692348705}, "datetime": {"datetime": "2021-09-24 10:48:34", "elapsed": 2.038112, "delta": 0.103}}
{"target": 0.4487453765139999, "params": {"C": 257.0912515871761, "epsilon": 2.607794038672715, "gamma": 0.010279307609390647}, "datetime": {"datetime": "2021-09-24 10:48:34", "elapsed": 2.138111, "delta": 0.099999}}
{"target": 0.14614039252007804, "params": {"C": 297.30402579608005, "epsilon": 1.2714453026856434, "gamma": 0.12631915777146407}, "datetime": {"datetime": "2021-09-24 10:48:34", "elapsed": 2.244118, "delta": 0.106007}}
{"target": 0.36883229375975224, "params": {"C": 286.3358568232153, "epsilon": 1.4945800325573286, "gamma": 0.02905918966050255}, "datetime": {"datetime": "2021-09-24 10:48:34", "elapsed": 2.349115, "delta": 0.104997}}
{"target": 0.31858917894682315, "params": {"C": 265.1822567267897, "epsilon": 2.0896234248781353, "gamma": 0.048905933430702035}, "datetime": {"datetime": "2021-09-24 10:48:35", "elapsed": 2.559074, "delta": 0.209959}}
{"target": 0.23273379359210333, "params": {"C": 296.16097639150223, "epsilon": 1.9535201485429579, "gamma": 0.08830510055058713}, "datetime": {"datetime": "2021-09-24 10:48:35", "elapsed": 2.713068, "delta": 0.153994}}
{"target": 0.3603705040943228, "params": {"C": 287.81624828969433, "epsilon": 1.814212246318266, "gamma": 0.030944397067949166}, "datetime": {"datetime": "2021-09-24 10:48:35", "elapsed": 2.821071, "delta": 0.108003}}
{"target": 0.43393347150567885, "params": {"C": 296.0855093233485, "epsilon": 2.6561723705121745, "gamma": 0.013641710708446438}, "datetime": {"datetime": "2021-09-24 10:48:35", "elapsed": 2.949111, "delta": 0.12804}}
{"target": 0.41822635547617104, "params": {"C": 251.75947606654543, "epsilon": 2.7739297345118565, "gamma": 0.01930095691106549}, "datetime": {"datetime": "2021-09-24 10:48:35", "elapsed": 3.06163, "delta": 0.112519}}
{"target": 0.24088340125819463, "params": {"C": 265.4959738589027, "epsilon": 2.6948660554966293, "gamma": 0.09260741804505998}, "datetime": {"datetime": "2021-09-24 10:48:35", "elapsed": 3.192629, "delta": 0.130999}}
{"target": 0.423882973975063, "params": {"C": 349.8276358020088, "epsilon": 2.1327357943067535, "gamma": 0.003195496635796064}, "datetime": {"datetime": "2021-09-24 10:48:35", "elapsed": 3.339671, "delta": 0.147042}}
{"target": 0.3088956536873563, "params": {"C": 380.17012119402864, "epsilon": 2.850673809321771, "gamma": 0.03913615551658961}, "datetime": {"datetime": "2021-09-24 10:48:36", "elapsed": 3.50293, "delta": 0.163259}}
{"target": 0.30288073662166226, "params": {"C": 350.7190795781545, "epsilon": 0.7850309877859607, "gamma": 0.04152642256303012}, "datetime": {"datetime": "2021-09-24 10:48:36", "elapsed": 3.680773, "delta": 0.177843}}
{"target": 0.10912716578160253, "params": {"C": 361.6524594174708, "epsilon": 2.084708462547635, "gamma": 0.1411440826320688}, "datetime": {"datetime": "2021-09-24 10:48:36", "elapsed": 3.834775, "delta": 0.154002}}
{"target": 0.38609238208514574, "params": {"C": 300.29499434719224, "epsilon": 0.43812491821456806, "gamma": 0.024061132254049312}, "datetime": {"datetime": "2021-09-24 10:48:36", "elapsed": 4.033455, "delta": 0.19868}}
{"target": 0.21012470199108324, "params": {"C": 280.808907276552, "epsilon": 0.2814981325174104, "gamma": 0.1004253803868103}, "datetime": {"datetime": "2021-09-24 10:48:36", "elapsed": 4.179421, "delta": 0.145966}}
{"target": 0.23451073843032721, "params": {"C": 328.6864489550458, "epsilon": 2.0253288940903116, "gamma": 0.08116231133088633}, "datetime": {"datetime": "2021-09-24 10:48:36", "elapsed": 4.3191, "delta": 0.139679}}
{"target": 0.27813007497871445, "params": {"C": 368.1685127420728, "epsilon": 0.8703209606649133, "gamma": 0.05018521289680847}, "datetime": {"datetime": "2021-09-24 10:48:37", "elapsed": 4.550525, "delta": 0.231425}}
{"target": 0.27503285443525904, "params": {"C": 348.37680554096096, "epsilon": 0.7730199081377901, "gamma": 0.05808427419855158}, "datetime": {"datetime": "2021-09-24 10:48:37", "elapsed": 4.782099, "delta": 0.231574}}
{"target": 0.15957582025257333, "params": {"C": 295.9130106518931, "epsilon": 2.230095862435162, "gamma": 0.11612120482768065}, "datetime": {"datetime": "2021-09-24 10:48:37", "elapsed": 4.945101, "delta": 0.163002}}
{"target": 0.234290354970505, "params": {"C": 340.04184454095207, "epsilon": 2.0313768569886133, "gamma": 0.0792054275344836}, "datetime": {"datetime": "2021-09-24 10:48:37", "elapsed": 5.137706, "delta": 0.192605}}
{"target": 0.43900767891431147, "params": {"C": 372.65025809603, "epsilon": 0.5667126374936095, "gamma": 0.011266709763518106}, "datetime": {"datetime": "2021-09-24 10:48:37", "elapsed": 5.35225, "delta": 0.214544}}
{"target": 0.1654161843294295, "params": {"C": 327.72588016596785, "epsilon": 0.15404956761187458, "gamma": 0.10356576018918828}, "datetime": {"datetime": "2021-09-24 10:48:38", "elapsed": 5.521546, "delta": 0.169296}}
{"target": 0.19540245864395223, "params": {"C": 274.7481713888744, "epsilon": 0.8900300138411679, "gamma": 0.10754811078095744}, "datetime": {"datetime": "2021-09-24 10:48:38", "elapsed": 5.740023, "delta": 0.218477}}
{"target": 0.32927061605905306, "params": {"C": 394.82915762676424, "epsilon": 1.8968558098374024, "gamma": 0.031248493350431165}, "datetime": {"datetime": "2021-09-24 10:48:38", "elapsed": 5.940032, "delta": 0.200009}}
{"target": 0.26728087012277746, "params": {"C": 370.64480798284796, "epsilon": 1.4978267098612934, "gamma": 0.062094305400965846}, "datetime": {"datetime": "2021-09-24 10:48:38", "elapsed": 6.132178, "delta": 0.192146}}
{"target": 0.3457754396025353, "params": {"C": 261.61983453538664, "epsilon": 0.7860821642803935, "gamma": 0.037093531604577255}, "datetime": {"datetime": "2021-09-24 10:48:38", "elapsed": 6.324851, "delta": 0.192673}}
{"target": 0.07965562716955521, "params": {"C": 396.85325600821216, "epsilon": 0.6880866401685491, "gamma": 0.14975654524424173}, "datetime": {"datetime": "2021-09-24 10:48:39", "elapsed": 6.498855, "delta": 0.174004}}
{"target": 0.3188239232398261, "params": {"C": 252.8768899754738, "epsilon": 2.0403282937921197, "gamma": 0.0511799416442826}, "datetime": {"datetime": "2021-09-24 10:48:39", "elapsed": 6.70981, "delta": 0.210955}}
{"target": 0.11612964196812647, "params": {"C": 347.03828010303164, "epsilon": 0.23911990776024972, "gamma": 0.13306737134936603}, "datetime": {"datetime": "2021-09-24 10:48:39", "elapsed": 6.883911, "delta": 0.174101}}
{"target": 0.1246899074379233, "params": {"C": 382.84941223525004, "epsilon": 1.5448290085749101, "gamma": 0.10609502805544542}, "datetime": {"datetime": "2021-09-24 10:48:39", "elapsed": 7.265093, "delta": 0.381182}}
{"target": 0.09952566795562334, "params": {"C": 373.28479716086974, "epsilon": 2.861399223644007, "gamma": 0.14825466276447705}, "datetime": {"datetime": "2021-09-24 10:48:39", "elapsed": 7.472517, "delta": 0.207424}}
{"target": 0.13038615344152948, "params": {"C": 327.41102772954423, "epsilon": 2.1349471643283184, "gamma": 0.1347414984373723}, "datetime": {"datetime": "2021-09-24 10:48:40", "elapsed": 7.69296, "delta": 0.220443}}
{"target": 0.44522464956950336, "params": {"C": 399.84402862693696, "epsilon": 0.10479302037077276, "gamma": 0.007145387982929577}, "datetime": {"datetime": "2021-09-24 10:48:40", "elapsed": 7.933803, "delta": 0.240843}}
{"target": 0.15692826403486715, "params": {"C": 375.9428999727538, "epsilon": 2.117010242609934, "gamma": 0.0952536012116099}, "datetime": {"datetime": "2021-09-24 10:48:40", "elapsed": 8.1188, "delta": 0.184997}}
