{"target": 0.30811352346120546, "params": {"C": 105.26932658395675, "epsilon": 0.3892319507411614, "gamma": 0.13393486615010863}, "datetime": {"datetime": "2021-09-24 09:29:22", "elapsed": 25.799183, "delta": 0.385729}}
{"target": 0.44993327610992906, "params": {"C": 112.43392078474729, "epsilon": 0.32056405268385396, "gamma": 0.013909163090727018}, "datetime": {"datetime": "2021-09-24 09:29:22", "elapsed": 26.104449, "delta": 0.305266}}
{"target": 0.282668757368162, "params": {"C": 155.61050587180878, "epsilon": 0.40475245633392987, "gamma": 0.11713803549180712}, "datetime": {"datetime": "2021-09-24 09:29:22", "elapsed": 26.500448, "delta": 0.395999}}
{"target": 0.29588935884105483, "params": {"C": 129.12159788585643, "epsilon": 0.10495845868097278, "gamma": 0.12464608843577216}, "datetime": {"datetime": "2021-09-24 09:29:23", "elapsed": 26.820893, "delta": 0.320445}}
{"target": 0.41144730750419756, "params": {"C": 112.33174594344229, "epsilon": 0.31988978989443345, "gamma": 0.03705613342153235}, "datetime": {"datetime": "2021-09-24 09:29:23", "elapsed": 27.249899, "delta": 0.429006}}
{"target": 0.42091583934711263, "params": {"C": 199.01250314551464, "epsilon": 0.7451536257471549, "gamma": 0.022037571727870884}, "datetime": {"datetime": "2021-09-24 09:29:23", "elapsed": 27.618544, "delta": 0.368645}}
{"target": 0.2961971667121094, "params": {"C": 112.42866483756407, "epsilon": 0.30905983690127004, "gamma": 0.1406753091314157}, "datetime": {"datetime": "2021-09-24 09:29:24", "elapsed": 28.146536, "delta": 0.527992}}
{"target": 0.4129237920659907, "params": {"C": 110.43654352776004, "epsilon": 0.764821949588956, "gamma": 0.03677129976601744}, "datetime": {"datetime": "2021-09-24 09:29:24", "elapsed": 28.591317, "delta": 0.444781}}
{"target": 0.34678602058148045, "params": {"C": 110.30844365767219, "epsilon": 0.8531925840744448, "gamma": 0.07862421442324911}, "datetime": {"datetime": "2021-09-24 09:29:25", "elapsed": 29.073611, "delta": 0.482294}}
{"target": 0.3166576025989969, "params": {"C": 110.29873262242765, "epsilon": 0.6511643783944084, "gamma": 0.11822008587552717}, "datetime": {"datetime": "2021-09-24 09:29:25", "elapsed": 29.493814, "delta": 0.420203}}
{"target": 0.4199789473057214, "params": {"C": 118.19637477438263, "epsilon": 0.4930577651182067, "gamma": 0.001608867514461991}, "datetime": {"datetime": "2021-09-24 09:29:26", "elapsed": 29.82884, "delta": 0.335026}}
{"target": 0.4417314194055535, "params": {"C": 112.33106058818004, "epsilon": 0.6912811838375523, "gamma": 0.019869797991269936}, "datetime": {"datetime": "2021-09-24 09:29:26", "elapsed": 30.402038, "delta": 0.573198}}
{"target": 0.3624050341617564, "params": {"C": 118.0713738064848, "epsilon": 0.5299120496180159, "gamma": 0.06009707326125206}, "datetime": {"datetime": "2021-09-24 09:29:27", "elapsed": 30.872092, "delta": 0.470054}}
{"target": 0.42342753735161265, "params": {"C": 166.71878809166054, "epsilon": 0.747580243088137, "gamma": 0.002919401882737144}, "datetime": {"datetime": "2021-09-24 09:29:27", "elapsed": 31.402121, "delta": 0.530029}}
{"target": 0.4475123539689976, "params": {"C": 112.52387520242723, "epsilon": 0.41560201633743393, "gamma": 0.01690883338276152}, "datetime": {"datetime": "2021-09-24 09:29:28", "elapsed": 31.802777, "delta": 0.400656}}
{"target": 0.44965927577739295, "params": {"C": 112.51841975199567, "epsilon": 0.27512399270751503, "gamma": 0.014280849274937633}, "datetime": {"datetime": "2021-09-24 09:29:28", "elapsed": 32.476347, "delta": 0.67357}}
{"target": 0.4493905329444803, "params": {"C": 112.68882275353258, "epsilon": 0.28718418366377485, "gamma": 0.014954144178904356}, "datetime": {"datetime": "2021-09-24 09:29:29", "elapsed": 33.042347, "delta": 0.566}}
{"target": 0.3910215826500596, "params": {"C": 112.79400318707694, "epsilon": 0.3205490319309971, "gamma": 0.04680748790401501}, "datetime": {"datetime": "2021-09-24 09:29:29", "elapsed": 33.499214, "delta": 0.456867}}
{"target": 0.434461472373169, "params": {"C": 112.65385636867636, "epsilon": 0.3568141558292031, "gamma": 0.0047676142646681414}, "datetime": {"datetime": "2021-09-24 09:29:30", "elapsed": 34.01264, "delta": 0.513426}}
{"target": 0.4103177286829014, "params": {"C": 112.61608881653865, "epsilon": 0.2063663392431949, "gamma": 0.001}, "datetime": {"datetime": "2021-09-24 09:29:30", "elapsed": 34.60846, "delta": 0.59582}}
{"target": 0.34376568991582945, "params": {"C": 112.8956522171387, "epsilon": 0.8284641678473903, "gamma": 0.07948759382190873}, "datetime": {"datetime": "2021-09-24 09:29:31", "elapsed": 35.028436, "delta": 0.419976}}
{"target": 0.4327814035933376, "params": {"C": 196.85199384758846, "epsilon": 0.978682493000365, "gamma": 0.0034506967007805114}, "datetime": {"datetime": "2021-09-24 09:29:31", "elapsed": 35.455435, "delta": 0.426999}}
{"target": 0.3846381541611127, "params": {"C": 196.8096507858007, "epsilon": 0.8632990718846512, "gamma": 0.032632041472543796}, "datetime": {"datetime": "2021-09-24 09:29:32", "elapsed": 36.108472, "delta": 0.653037}}
{"target": 0.342565456558685, "params": {"C": 108.29391058417143, "epsilon": 0.9598458464624114, "gamma": 0.08437262924595965}, "datetime": {"datetime": "2021-09-24 09:29:32", "elapsed": 36.560169, "delta": 0.451697}}
{"target": 0.3177121019700476, "params": {"C": 196.9480091565808, "epsilon": 0.9301971726901311, "gamma": 0.06279820872447851}, "datetime": {"datetime": "2021-09-24 09:29:33", "elapsed": 37.223452, "delta": 0.663283}}
{"target": 0.42301890235353, "params": {"C": 166.67242505310566, "epsilon": 0.6249926396000413, "gamma": 0.0028716212228884932}, "datetime": {"datetime": "2021-09-24 09:29:34", "elapsed": 37.773503, "delta": 0.550051}}
{"target": 0.4433259874761978, "params": {"C": 148.43204538663804, "epsilon": 0.9279552514315418, "gamma": 0.01682521533179833}, "datetime": {"datetime": "2021-09-24 09:29:34", "elapsed": 38.19228, "delta": 0.418777}}
{"target": 0.33381232273731665, "params": {"C": 112.6246441325539, "epsilon": 0.3007803356822095, "gamma": 0.08989880242563814}, "datetime": {"datetime": "2021-09-24 09:29:34", "elapsed": 38.770444, "delta": 0.578164}}
{"target": 0.3983682476007494, "params": {"C": 148.34098575598682, "epsilon": 0.8969654702893122, "gamma": 0.03531006256841243}, "datetime": {"datetime": "2021-09-24 09:29:35", "elapsed": 39.400907, "delta": 0.630463}}
{"target": 0.44453331173131627, "params": {"C": 180.315270247768, "epsilon": 0.43743512604705115, "gamma": 0.015039306770209246}, "datetime": {"datetime": "2021-09-24 09:29:36", "elapsed": 39.832189, "delta": 0.431282}}
{"target": 0.4398487717427274, "params": {"C": 180.26457274928802, "epsilon": 0.3715236993075889, "gamma": 0.016404808751397045}, "datetime": {"datetime": "2021-09-24 09:29:36", "elapsed": 40.35498, "delta": 0.522791}}
{"target": 0.4408634288067431, "params": {"C": 180.1943511482616, "epsilon": 0.5100585327437701, "gamma": 0.016078513958463676}, "datetime": {"datetime": "2021-09-24 09:29:37", "elapsed": 40.967553, "delta": 0.612573}}
{"target": 0.2875932837022813, "params": {"C": 124.86655354023715, "epsilon": 0.8778858270226196, "gamma": 0.13711011457938935}, "datetime": {"datetime": "2021-09-24 09:29:37", "elapsed": 41.397784, "delta": 0.430231}}
{"target": 0.4469896094885665, "params": {"C": 112.33598846460491, "epsilon": 0.7975490466759754, "gamma": 0.016981154310288325}, "datetime": {"datetime": "2021-09-24 09:29:38", "elapsed": 41.815828, "delta": 0.418044}}
{"target": 0.3328669921847883, "params": {"C": 112.37466458430629, "epsilon": 0.8299978721321524, "gamma": 0.0936547675126903}, "datetime": {"datetime": "2021-09-24 09:29:38", "elapsed": 42.320519, "delta": 0.504691}}
{"target": 0.3290266762366193, "params": {"C": 180.20263845347523, "epsilon": 0.44355330491777206, "gamma": 0.05915747803624298}, "datetime": {"datetime": "2021-09-24 09:29:39", "elapsed": 43.080438, "delta": 0.759919}}
{"target": 0.3818601812748458, "params": {"C": 112.29646669299022, "epsilon": 0.7841125403841633, "gamma": 0.05100941879165543}, "datetime": {"datetime": "2021-09-24 09:29:39", "elapsed": 43.688982, "delta": 0.608544}}
{"target": 0.29037029082500476, "params": {"C": 164.35745371205508, "epsilon": 0.6232311515095345, "gamma": 0.10490687160450167}, "datetime": {"datetime": "2021-09-24 09:29:40", "elapsed": 44.222073, "delta": 0.533091}}
{"target": 0.45015679163038613, "params": {"C": 144.24826469863856, "epsilon": 0.901564439784334, "gamma": 0.014439605517309242}, "datetime": {"datetime": "2021-09-24 09:29:40", "elapsed": 44.707374, "delta": 0.485301}}
{"target": 0.4389031974773637, "params": {"C": 144.26689352123722, "epsilon": 0.812689655456488, "gamma": 0.018501573556530936}, "datetime": {"datetime": "2021-09-24 09:29:41", "elapsed": 45.510243, "delta": 0.802869}}
{"target": 0.3584312533113281, "params": {"C": 144.20139584652085, "epsilon": 0.8204851598654828, "gamma": 0.05336953257810351}, "datetime": {"datetime": "2021-09-24 09:29:42", "elapsed": 46.155821, "delta": 0.645578}}
{"target": 0.41846174361161736, "params": {"C": 112.7180135201864, "epsilon": 0.5987865810579123, "gamma": 0.03327610791641969}, "datetime": {"datetime": "2021-09-24 09:29:43", "elapsed": 46.927389, "delta": 0.771568}}
{"target": 0.43869429353727196, "params": {"C": 144.34894219854434, "epsilon": 0.8023493947476867, "gamma": 0.0185739683903289}, "datetime": {"datetime": "2021-09-24 09:29:43", "elapsed": 47.434378, "delta": 0.506989}}
{"target": 0.3374064701249452, "params": {"C": 111.34741018017985, "epsilon": 0.8076455999745303, "gamma": 0.08765014164325614}, "datetime": {"datetime": "2021-09-24 09:29:44", "elapsed": 47.864634, "delta": 0.430256}}
{"target": 0.4166841527008178, "params": {"C": 117.9095386521785, "epsilon": 0.36775730681370855, "gamma": 0.033160012675847214}, "datetime": {"datetime": "2021-09-24 09:29:44", "elapsed": 48.39805, "delta": 0.533416}}
{"target": 0.3881188296816399, "params": {"C": 144.33498625925574, "epsilon": 0.9595841114301465, "gamma": 0.040002671347991736}, "datetime": {"datetime": "2021-09-24 09:29:45", "elapsed": 49.009158, "delta": 0.611108}}
{"target": 0.45005484635310244, "params": {"C": 117.81103022393972, "epsilon": 0.4304925279303266, "gamma": 0.014093318608270528}, "datetime": {"datetime": "2021-09-24 09:29:45", "elapsed": 49.465582, "delta": 0.456424}}
{"target": 0.4397991850166195, "params": {"C": 112.39240633505221, "epsilon": 0.7444559571186647, "gamma": 0.0076729546716910275}, "datetime": {"datetime": "2021-09-24 09:29:46", "elapsed": 50.200141, "delta": 0.734559}}
{"target": 0.34021288409864014, "params": {"C": 142.77268668107956, "epsilon": 0.09917865655671718, "gamma": 0.06408214029705547}, "datetime": {"datetime": "2021-09-24 09:29:46", "elapsed": 50.659097, "delta": 0.458956}}
{"target": 0.4278740418631116, "params": {"C": 125.20451095937916, "epsilon": 0.5941401750627597, "gamma": 0.026577317981010106}, "datetime": {"datetime": "2021-09-24 09:29:47", "elapsed": 51.13712, "delta": 0.478023}}
{"target": 0.31108486447255, "params": {"C": 154.4232069206874, "epsilon": 0.3135728059569613, "gamma": 0.08957633496435284}, "datetime": {"datetime": "2021-09-24 09:29:47", "elapsed": 51.646118, "delta": 0.508998}}
{"target": 0.3304800138603281, "params": {"C": 148.48302960218808, "epsilon": 0.9368560988037367, "gamma": 0.07231761376564971}, "datetime": {"datetime": "2021-09-24 09:29:48", "elapsed": 52.247792, "delta": 0.601674}}
{"target": 0.3436724599165992, "params": {"C": 140.67094206529765, "epsilon": 0.6893362076735602, "gamma": 0.06428885700293278}, "datetime": {"datetime": "2021-09-24 09:29:48", "elapsed": 52.738784, "delta": 0.490992}}
{"target": 0.40981819219902993, "params": {"C": 112.39592411218804, "epsilon": 0.5290007087157856, "gamma": 0.001}, "datetime": {"datetime": "2021-09-24 09:29:49", "elapsed": 53.402865, "delta": 0.664081}}
{"target": 0.40916818912789943, "params": {"C": 112.19471553579035, "epsilon": 0.6728234985809258, "gamma": 0.001}, "datetime": {"datetime": "2021-09-24 09:29:50", "elapsed": 54.432551, "delta": 1.029686}}
{"target": 0.26278085975610455, "params": {"C": 152.81516704671517, "epsilon": 0.7731218216943305, "gamma": 0.13565820130755524}, "datetime": {"datetime": "2021-09-24 09:29:51", "elapsed": 54.953734, "delta": 0.521183}}
{"target": 0.4511756537205367, "params": {"C": 180.27482861602, "epsilon": 0.549331426580181, "gamma": 0.012581259685368086}, "datetime": {"datetime": "2021-09-24 09:29:51", "elapsed": 55.628641, "delta": 0.674907}}
{"target": 0.2708225976896492, "params": {"C": 133.00514203810303, "epsilon": 0.15319117200448434, "gamma": 0.1464361229383768}, "datetime": {"datetime": "2021-09-24 09:29:52", "elapsed": 56.208122, "delta": 0.579481}}
{"target": 0.39940489237393406, "params": {"C": 180.35030880544997, "epsilon": 0.3317072178169271, "gamma": 0.029985745907495677}, "datetime": {"datetime": "2021-09-24 09:29:53", "elapsed": 56.902816, "delta": 0.694694}}
{"target": 0.43787266866035257, "params": {"C": 180.23401875780348, "epsilon": 0.5949246954007397, "gamma": 0.017298151486658413}, "datetime": {"datetime": "2021-09-24 09:29:53", "elapsed": 57.544591, "delta": 0.641775}}
{"target": 0.4482659255421817, "params": {"C": 112.19579928297476, "epsilon": 0.5103458299362882, "gamma": 0.016560055232953442}, "datetime": {"datetime": "2021-09-24 09:29:54", "elapsed": 58.392662, "delta": 0.848071}}
{"target": 0.4316636167907355, "params": {"C": 146.5341249825987, "epsilon": 0.10475942313892601, "gamma": 0.021610195316128948}, "datetime": {"datetime": "2021-09-24 09:29:55", "elapsed": 58.853999, "delta": 0.461337}}
{"target": 0.3578390594082068, "params": {"C": 112.21775503370128, "epsilon": 0.5658681467624898, "gamma": 0.06657136701869201}, "datetime": {"datetime": "2021-09-24 09:29:56", "elapsed": 59.830158, "delta": 0.976159}}
{"target": 0.40921563914331627, "params": {"C": 112.85852655165075, "epsilon": 0.677102930478153, "gamma": 0.001}, "datetime": {"datetime": "2021-09-24 09:29:56", "elapsed": 60.575376, "delta": 0.745218}}
{"target": 0.43210237974719357, "params": {"C": 112.19017885557592, "epsilon": 0.4049693590703401, "gamma": 0.02459224156959646}, "datetime": {"datetime": "2021-09-24 09:29:57", "elapsed": 61.33258, "delta": 0.757204}}
{"target": 0.3126914147366492, "params": {"C": 144.32912766691874, "epsilon": 0.8487199478491234, "gamma": 0.09464941734531065}, "datetime": {"datetime": "2021-09-24 09:29:58", "elapsed": 62.12087, "delta": 0.78829}}
{"target": 0.44809494845808107, "params": {"C": 112.5281239458352, "epsilon": 0.7124956526142053, "gamma": 0.012316535198574414}, "datetime": {"datetime": "2021-09-24 09:29:59", "elapsed": 62.914136, "delta": 0.793266}}
{"target": 0.44308545488435624, "params": {"C": 112.24278398159568, "epsilon": 0.4519690436527886, "gamma": 0.019238688033662677}, "datetime": {"datetime": "2021-09-24 09:29:59", "elapsed": 63.734668, "delta": 0.820532}}
{"target": 0.28324381534204235, "params": {"C": 171.87359393095144, "epsilon": 0.3670700983612025, "gamma": 0.10646134945310277}, "datetime": {"datetime": "2021-09-24 09:30:00", "elapsed": 64.266428, "delta": 0.53176}}
{"target": 0.40936274939909667, "params": {"C": 112.07950026168596, "epsilon": 0.6229114761717179, "gamma": 0.001}, "datetime": {"datetime": "2021-09-24 09:30:01", "elapsed": 65.233268, "delta": 0.96684}}
{"target": 0.43709979983919045, "params": {"C": 112.45448713641188, "epsilon": 0.38855996059193926, "gamma": 0.005679026715088639}, "datetime": {"datetime": "2021-09-24 09:30:02", "elapsed": 65.998598, "delta": 0.76533}}
{"target": 0.2794609649272578, "params": {"C": 132.82233192756726, "epsilon": 0.015603841127306003, "gamma": 0.1383656221043807}, "datetime": {"datetime": "2021-09-24 09:30:02", "elapsed": 66.641436, "delta": 0.642838}}
{"target": 0.4378569784472125, "params": {"C": 112.62809418239961, "epsilon": 0.44753977906803055, "gamma": 0.021206536779125165}, "datetime": {"datetime": "2021-09-24 09:30:03", "elapsed": 67.510453, "delta": 0.869017}}
{"target": 0.30549497597470154, "params": {"C": 171.83981780483597, "epsilon": 0.37881605347743746, "gamma": 0.08537873834974363}, "datetime": {"datetime": "2021-09-24 09:30:04", "elapsed": 68.090082, "delta": 0.579629}}
{"target": 0.4159850902681599, "params": {"C": 144.31156815583344, "epsilon": 0.7275600849138018, "gamma": 0.001}, "datetime": {"datetime": "2021-09-24 09:30:05", "elapsed": 68.932292, "delta": 0.84221}}
{"target": 0.410277525382737, "params": {"C": 112.44709798426321, "epsilon": 0.22819339879925998, "gamma": 0.001}, "datetime": {"datetime": "2021-09-24 09:30:06", "elapsed": 69.892757, "delta": 0.960465}}
{"target": 0.3489311203679021, "params": {"C": 125.21657728286596, "epsilon": 0.47038100242007863, "gamma": 0.06681685697095151}, "datetime": {"datetime": "2021-09-24 09:30:06", "elapsed": 70.708603, "delta": 0.815846}}
{"target": 0.22697035366778295, "params": {"C": 173.84430421480133, "epsilon": 0.8129957026230066, "gamma": 0.14401401276776885}, "datetime": {"datetime": "2021-09-24 09:30:07", "elapsed": 71.391025, "delta": 0.682422}}
{"target": 0.4103502713956234, "params": {"C": 117.7758602969167, "epsilon": 0.37535433408712776, "gamma": 0.001}, "datetime": {"datetime": "2021-09-24 09:30:08", "elapsed": 72.314579, "delta": 0.923554}}
{"target": 0.366620604159705, "params": {"C": 112.67825574852873, "epsilon": 0.8230588788069884, "gamma": 0.06036150744846699}, "datetime": {"datetime": "2021-09-24 09:30:09", "elapsed": 72.885207, "delta": 0.570628}}
{"target": 0.33309144095570764, "params": {"C": 146.47334837164982, "epsilon": 0.16761818204445536, "gamma": 0.06928432188086504}, "datetime": {"datetime": "2021-09-24 09:30:09", "elapsed": 73.716516, "delta": 0.831309}}
{"target": 0.4156068427400792, "params": {"C": 146.62309819929283, "epsilon": 0.03196918460167137, "gamma": 0.028665512278933675}, "datetime": {"datetime": "2021-09-24 09:30:10", "elapsed": 74.513906, "delta": 0.79739}}
{"target": 0.3791330397278301, "params": {"C": 103.29753067799881, "epsilon": 0.41289270777610043, "gamma": 0.055230860023805006}, "datetime": {"datetime": "2021-09-24 09:30:11", "elapsed": 75.180875, "delta": 0.666969}}
{"target": 0.43337875901380807, "params": {"C": 112.71172846413322, "epsilon": 0.43190531433866935, "gamma": 0.023740984423208638}, "datetime": {"datetime": "2021-09-24 09:30:12", "elapsed": 75.891154, "delta": 0.710279}}
{"target": 0.41494515893952255, "params": {"C": 146.51285012246584, "epsilon": 0.010619149818872345, "gamma": 0.001}, "datetime": {"datetime": "2021-09-24 09:30:12", "elapsed": 76.671902, "delta": 0.780748}}
{"target": 0.3988346694007602, "params": {"C": 125.09408826448669, "epsilon": 0.5755039489860917, "gamma": 0.040005079467063574}, "datetime": {"datetime": "2021-09-24 09:30:13", "elapsed": 77.510568, "delta": 0.838666}}
{"target": 0.44085592445314303, "params": {"C": 112.39444622504612, "epsilon": 0.7427568098471784, "gamma": 0.008903892012677744}, "datetime": {"datetime": "2021-09-24 09:30:14", "elapsed": 78.118161, "delta": 0.607593}}
{"target": 0.4357196901301891, "params": {"C": 101.11001666065229, "epsilon": 0.869448813863334, "gamma": 0.005731995971911967}, "datetime": {"datetime": "2021-09-24 09:30:15", "elapsed": 79.09094, "delta": 0.972779}}
{"target": 0.41674617586060647, "params": {"C": 161.99820682025745, "epsilon": 0.27406461787338027, "gamma": 0.026564720011130954}, "datetime": {"datetime": "2021-09-24 09:30:15", "elapsed": 79.680971, "delta": 0.590031}}
{"target": 0.408356190522256, "params": {"C": 101.28644829979558, "epsilon": 0.5321797807287286, "gamma": 0.001}, "datetime": {"datetime": "2021-09-24 09:30:16", "elapsed": 80.591276, "delta": 0.910305}}
{"target": 0.44032982884191574, "params": {"C": 180.12875228234472, "epsilon": 0.5395381937019952, "gamma": 0.016232371907114986}, "datetime": {"datetime": "2021-09-24 09:30:17", "elapsed": 81.428382, "delta": 0.837106}}
{"target": 0.2857595557593873, "params": {"C": 180.15687963453138, "epsilon": 0.6043285971367125, "gamma": 0.10033154832161462}, "datetime": {"datetime": "2021-09-24 09:30:18", "elapsed": 82.342687, "delta": 0.914305}}
{"target": 0.4429610195095731, "params": {"C": 117.83544925606584, "epsilon": 0.24445623052116425, "gamma": 0.018874781606268494}, "datetime": {"datetime": "2021-09-24 09:30:19", "elapsed": 83.516422, "delta": 1.173735}}
{"target": 0.3048754049113013, "params": {"C": 166.74764097797618, "epsilon": 0.6751811410586153, "gamma": 0.08921562228780508}, "datetime": {"datetime": "2021-09-24 09:30:20", "elapsed": 84.364765, "delta": 0.848343}}
{"target": 0.41031306079161567, "params": {"C": 112.73873008062512, "epsilon": 0.21134177774799012, "gamma": 0.001}, "datetime": {"datetime": "2021-09-24 09:30:21", "elapsed": 85.488503, "delta": 1.123738}}
{"target": 0.4221231154204582, "params": {"C": 117.71231934338995, "epsilon": 0.19386480594468328, "gamma": 0.030247369917614335}, "datetime": {"datetime": "2021-09-24 09:30:22", "elapsed": 86.427585, "delta": 0.939082}}
{"target": 0.4412581655501536, "params": {"C": 101.21185965427148, "epsilon": 0.596545629414732, "gamma": 0.020802279668007743}, "datetime": {"datetime": "2021-09-24 09:30:23", "elapsed": 87.073825, "delta": 0.64624}}
{"target": 0.4347017222519095, "params": {"C": 117.81060313700323, "epsilon": 0.09690957146799715, "gamma": 0.02199195570888828}, "datetime": {"datetime": "2021-09-24 09:30:24", "elapsed": 88.002525, "delta": 0.9287}}
{"target": 0.4284984744380007, "params": {"C": 149.84818329141456, "epsilon": 0.41760746038268054, "gamma": 0.022811197289715233}, "datetime": {"datetime": "2021-09-24 09:30:24", "elapsed": 88.698995, "delta": 0.69647}}
{"target": 0.3263166242171941, "params": {"C": 117.71173153934026, "epsilon": 0.09561263926412558, "gamma": 0.09536674424210262}, "datetime": {"datetime": "2021-09-24 09:30:25", "elapsed": 89.519889, "delta": 0.820894}}
