{"target": 0.3455186117195973, "params": {"C": 33.62644718176874, "epsilon": 0.43549142668164964, "gamma": 0.1693397983937636}, "datetime": {"datetime": "2021-09-24 08:41:16", "elapsed": 103.872138, "delta": 1.190433}}
{"target": 0.3867800602371638, "params": {"C": 33.51488195176587, "epsilon": 0.4260653073515491, "gamma": 0.09238755446080557}, "datetime": {"datetime": "2021-09-24 08:41:16", "elapsed": 104.579512, "delta": 0.707374}}
{"target": 0.23671341023223658, "params": {"C": 33.531383886206896, "epsilon": 0.27844853402752495, "gamma": 0.31678709309524417}, "datetime": {"datetime": "2021-09-24 08:41:17", "elapsed": 105.552203, "delta": 0.972691}}
{"target": 0.42241114463770646, "params": {"C": 33.730852741377845, "epsilon": 0.363543810315621, "gamma": 0.033731212036665584}, "datetime": {"datetime": "2021-09-24 08:41:18", "elapsed": 106.674314, "delta": 1.122111}}
{"target": 0.35468831047541205, "params": {"C": 31.903561362894308, "epsilon": 0.8035606377887824, "gamma": 0.15223941240460379}, "datetime": {"datetime": "2021-09-24 08:41:19", "elapsed": 107.433045, "delta": 0.758731}}
{"target": 0.423003747612132, "params": {"C": 27.64881323346189, "epsilon": 0.5306742286097933, "gamma": 0.009884329490496935}, "datetime": {"datetime": "2021-09-24 08:41:21", "elapsed": 108.95317, "delta": 1.520125}}
{"target": 0.3491311798438189, "params": {"C": 60.241359663187964, "epsilon": 0.10933456948644633, "gamma": 0.11936854443459363}, "datetime": {"datetime": "2021-09-24 08:41:22", "elapsed": 109.892688, "delta": 0.939518}}
{"target": 0.3623625607791574, "params": {"C": 33.79666380075649, "epsilon": 0.32701257348274165, "gamma": 0.1372525731941664}, "datetime": {"datetime": "2021-09-24 08:41:23", "elapsed": 111.609598, "delta": 1.71691}}
{"target": 0.42180491687871713, "params": {"C": 33.40353732553042, "epsilon": 0.5475649811087072, "gamma": 0.034439889467855506}, "datetime": {"datetime": "2021-09-24 08:41:25", "elapsed": 113.225083, "delta": 1.615485}}
{"target": 0.4279406493185446, "params": {"C": 33.60367824721773, "epsilon": 0.5531009534793067, "gamma": 0.026105497474417236}, "datetime": {"datetime": "2021-09-24 08:41:26", "elapsed": 114.606914, "delta": 1.381831}}
{"target": 0.3657577691970415, "params": {"C": 33.73019759357742, "epsilon": 0.1227692838599932, "gamma": 0.13092626920493805}, "datetime": {"datetime": "2021-09-24 08:41:28", "elapsed": 116.409574, "delta": 1.80266}}
{"target": 0.4065102251356091, "params": {"C": 33.478253446953794, "epsilon": 0.723759571260678, "gamma": 0.06484753483336887}, "datetime": {"datetime": "2021-09-24 08:41:30", "elapsed": 117.937183, "delta": 1.527609}}
{"target": 0.3823800455131786, "params": {"C": 33.31305752956929, "epsilon": 0.4720499531442401, "gamma": 0.10040382439109341}, "datetime": {"datetime": "2021-09-24 08:41:31", "elapsed": 119.332847, "delta": 1.395664}}
{"target": 0.03265440730266567, "params": {"C": 25.759141847787284, "epsilon": 0.23520879953582224, "gamma": 0.815401424790168}, "datetime": {"datetime": "2021-09-24 08:41:32", "elapsed": 120.120912, "delta": 0.788065}}
{"target": 0.36421138058395375, "params": {"C": 33.760898458303544, "epsilon": 0.6068895573862942, "gamma": 0.1338204209450485}, "datetime": {"datetime": "2021-09-24 08:41:33", "elapsed": 121.426621, "delta": 1.305709}}
{"target": 0.3911057760283483, "params": {"C": 41.12118743633623, "epsilon": 0.6316809037555198, "gamma": 0.07910241869640497}, "datetime": {"datetime": "2021-09-24 08:41:35", "elapsed": 123.434503, "delta": 2.007882}}
{"target": 0.40799910447383214, "params": {"C": 28.053642987440533, "epsilon": 0.1339138500134047, "gamma": 0.06374006776467855}, "datetime": {"datetime": "2021-09-24 08:41:36", "elapsed": 124.341826, "delta": 0.907323}}
{"target": 0.43080584013356416, "params": {"C": 28.628807057997392, "epsilon": 0.2282030681053431, "gamma": 0.01756160714865201}, "datetime": {"datetime": "2021-09-24 08:41:37", "elapsed": 125.341568, "delta": 0.999742}}
{"target": 0.41267091386959387, "params": {"C": 33.63046594498903, "epsilon": 0.6949246346615061, "gamma": 0.003960390164361355}, "datetime": {"datetime": "2021-09-24 08:41:39", "elapsed": 126.836772, "delta": 1.495204}}
{"target": 0.3563410688172982, "params": {"C": 33.56030876266338, "epsilon": 0.6775732765088934, "gamma": 0.14738767839539335}, "datetime": {"datetime": "2021-09-24 08:41:40", "elapsed": 128.326204, "delta": 1.489432}}
{"target": 0.4282582459359312, "params": {"C": 33.945810526465436, "epsilon": 0.32928113194645614, "gamma": 0.02704872424903591}, "datetime": {"datetime": "2021-09-24 08:41:42", "elapsed": 130.041027, "delta": 1.714823}}
{"target": 0.08417730049670824, "params": {"C": 13.588770077653667, "epsilon": 0.06595083423533646, "gamma": 0.4373881878280323}, "datetime": {"datetime": "2021-09-24 08:41:43", "elapsed": 130.943585, "delta": 0.902558}}
{"target": 0.43287447744708707, "params": {"C": 33.947228624823786, "epsilon": 0.5678810992630855, "gamma": 0.017121764337178637}, "datetime": {"datetime": "2021-09-24 08:41:44", "elapsed": 132.436269, "delta": 1.492684}}
{"target": 0.419692072555474, "params": {"C": 27.767375991843107, "epsilon": 0.4434336933566179, "gamma": 0.03562284440909136}, "datetime": {"datetime": "2021-09-24 08:41:45", "elapsed": 133.239778, "delta": 0.803509}}
{"target": 0.06422406998683938, "params": {"C": 7.939343267387619, "epsilon": 0.9748711637378643, "gamma": 0.4046464163188546}, "datetime": {"datetime": "2021-09-24 08:41:46", "elapsed": 134.192174, "delta": 0.952396}}
{"target": 0.06786685107326085, "params": {"C": 26.73631557168405, "epsilon": 0.21664958546738325, "gamma": 0.6148058469829291}, "datetime": {"datetime": "2021-09-24 08:41:47", "elapsed": 134.976054, "delta": 0.78388}}
{"target": 0.3817248560114471, "params": {"C": 34.0326108647575, "epsilon": 0.6498201650981048, "gamma": 0.10048201782192223}, "datetime": {"datetime": "2021-09-24 08:41:48", "elapsed": 136.575211, "delta": 1.599157}}
{"target": 0.12468475969412474, "params": {"C": 41.114869832212634, "epsilon": 0.7992559571086714, "gamma": 0.0001}, "datetime": {"datetime": "2021-09-24 08:41:50", "elapsed": 138.189749, "delta": 1.614538}}
{"target": 0.32122775738840936, "params": {"C": 6.040999431440344, "epsilon": 0.30271308474479575, "gamma": 0.1009349099296642}, "datetime": {"datetime": "2021-09-24 08:41:51", "elapsed": 138.859081, "delta": 0.669332}}
{"target": 0.3818977916834907, "params": {"C": 34.05017398851843, "epsilon": 0.40677012415869984, "gamma": 0.10020988692159018}, "datetime": {"datetime": "2021-09-24 08:41:52", "elapsed": 140.263311, "delta": 1.40423}}
{"target": 0.2989124216048611, "params": {"C": 41.186329977932445, "epsilon": 0.6265527868310312, "gamma": 0.24330701230310198}, "datetime": {"datetime": "2021-09-24 08:41:54", "elapsed": 142.107721, "delta": 1.84441}}
{"target": 0.4208318563221254, "params": {"C": 27.3536794030391, "epsilon": 0.5429510659753098, "gamma": 0.008140656327599922}, "datetime": {"datetime": "2021-09-24 08:41:55", "elapsed": 143.132717, "delta": 1.024996}}
{"target": 0.42283033933023284, "params": {"C": 33.87877123981912, "epsilon": 0.44776764060007646, "gamma": 0.03328400250424913}, "datetime": {"datetime": "2021-09-24 08:41:57", "elapsed": 145.202088, "delta": 2.069371}}
{"target": 0.37771586286883885, "params": {"C": 27.43810807561222, "epsilon": 0.5672678655324235, "gamma": 0.1177451153346489}, "datetime": {"datetime": "2021-09-24 08:41:58", "elapsed": 146.275155, "delta": 1.073067}}
{"target": 0.33956133065648963, "params": {"C": 27.289349197043492, "epsilon": 0.5212293932516324, "gamma": 0.18109040891269673}, "datetime": {"datetime": "2021-09-24 08:41:59", "elapsed": 147.489929, "delta": 1.214774}}
{"target": 0.4070477560647773, "params": {"C": 28.505397793487315, "epsilon": 0.13407472399673875, "gamma": 0.0036464186729035395}, "datetime": {"datetime": "2021-09-24 08:42:00", "elapsed": 148.669812, "delta": 1.179883}}
{"target": 0.422861525599993, "params": {"C": 33.55923182091553, "epsilon": 0.6205414086154901, "gamma": 0.03302168228848775}, "datetime": {"datetime": "2021-09-24 08:42:02", "elapsed": 149.96308, "delta": 1.293268}}
{"target": 0.3919765579517098, "params": {"C": 27.242652626380906, "epsilon": 0.6469437681406616, "gamma": 0.09287377911972657}, "datetime": {"datetime": "2021-09-24 08:42:03", "elapsed": 151.126623, "delta": 1.163543}}
{"target": 0.3991811753983364, "params": {"C": 27.363218401408773, "epsilon": 0.663762884861176, "gamma": 0.0820114455596064}, "datetime": {"datetime": "2021-09-24 08:42:04", "elapsed": 152.482315, "delta": 1.355692}}
{"target": 0.15823770485361166, "params": {"C": 66.36641253545443, "epsilon": 0.027333165736916486, "gamma": 0.4972985221176227}, "datetime": {"datetime": "2021-09-24 08:42:05", "elapsed": 153.252344, "delta": 0.770029}}
{"target": 0.027904968509196326, "params": {"C": 21.381930395189464, "epsilon": 0.6225988837426856, "gamma": 0.8037652061777925}, "datetime": {"datetime": "2021-09-24 08:42:06", "elapsed": 153.984491, "delta": 0.732147}}
{"target": 0.4103807389427776, "params": {"C": 27.431921570382734, "epsilon": 0.5745458547100407, "gamma": 0.059142988300255}, "datetime": {"datetime": "2021-09-24 08:42:08", "elapsed": 155.828009, "delta": 1.843518}}
{"target": 0.38421090752532017, "params": {"C": 27.333976736785345, "epsilon": 0.5166052483580715, "gamma": 0.10548778382567145}, "datetime": {"datetime": "2021-09-24 08:42:09", "elapsed": 157.67063, "delta": 1.842621}}
{"target": 0.42324401738550166, "params": {"C": 33.813299763707775, "epsilon": 0.3239233825280729, "gamma": 0.032671809070411395}, "datetime": {"datetime": "2021-09-24 08:42:11", "elapsed": 159.202017, "delta": 1.531387}}
{"target": 0.09404557863259932, "params": {"C": 17.669655036387205, "epsilon": 0.373736785321191, "gamma": 0.45715687806417576}, "datetime": {"datetime": "2021-09-24 08:42:12", "elapsed": 160.533128, "delta": 1.331111}}
{"target": 0.42375294392646456, "params": {"C": 33.74882038265137, "epsilon": 0.5821084064961489, "gamma": 0.031260052536854446}, "datetime": {"datetime": "2021-09-24 08:42:14", "elapsed": 161.805172, "delta": 1.272044}}
{"target": 0.016847205450666536, "params": {"C": 12.59026788223068, "epsilon": 0.7763301673246705, "gamma": 0.7681647195148352}, "datetime": {"datetime": "2021-09-24 08:42:14", "elapsed": 162.641838, "delta": 0.836666}}
{"target": 0.36714361626664127, "params": {"C": 33.93916522537407, "epsilon": 0.5211803521002369, "gamma": 0.12820879405696625}, "datetime": {"datetime": "2021-09-24 08:42:16", "elapsed": 164.00238, "delta": 1.360542}}
{"target": 0.41204999913612184, "params": {"C": 33.88371921914901, "epsilon": 0.19954861308684285, "gamma": 0.05614115635271146}, "datetime": {"datetime": "2021-09-24 08:42:18", "elapsed": 165.933119, "delta": 1.930739}}
{"target": 0.1031093991927049, "params": {"C": 33.99868962558428, "epsilon": 0.4608354398348826, "gamma": 0.0001}, "datetime": {"datetime": "2021-09-24 08:42:19", "elapsed": 167.57094, "delta": 1.637821}}
{"target": 0.04740934171626077, "params": {"C": 23.911717052765646, "epsilon": 0.31783666348267975, "gamma": 0.6847329665350944}, "datetime": {"datetime": "2021-09-24 08:42:20", "elapsed": 168.484723, "delta": 0.913783}}
{"target": 0.04807424403756766, "params": {"C": 54.99707321036683, "epsilon": 0.4601429873377775, "gamma": 0.9267601543457928}, "datetime": {"datetime": "2021-09-24 08:42:21", "elapsed": 169.43962, "delta": 0.954897}}
{"target": 0.4132981855182716, "params": {"C": 33.7402738567395, "epsilon": 0.10423922170020296, "gamma": 0.004296080636146625}, "datetime": {"datetime": "2021-09-24 08:42:23", "elapsed": 170.861618, "delta": 1.421998}}
{"target": 0.08765701265336379, "params": {"C": 28.302705463946978, "epsilon": 0.5933690006972806, "gamma": 0.0001}, "datetime": {"datetime": "2021-09-24 08:42:24", "elapsed": 172.558199, "delta": 1.696581}}
{"target": 0.044145396258396974, "params": {"C": 14.434194960548144, "epsilon": 0.805978518161939, "gamma": 0.0001}, "datetime": {"datetime": "2021-09-24 08:42:26", "elapsed": 174.374661, "delta": 1.816462}}
{"target": 0.4331805390012681, "params": {"C": 33.8819769820284, "epsilon": 0.589619423966281, "gamma": 0.018334101932385084}, "datetime": {"datetime": "2021-09-24 08:42:28", "elapsed": 175.909497, "delta": 1.534836}}
{"target": 0.01697874326760862, "params": {"C": 14.198698449208154, "epsilon": 0.8126429260137821, "gamma": 0.8042421729447126}, "datetime": {"datetime": "2021-09-24 08:42:29", "elapsed": 176.898434, "delta": 0.988937}}
{"target": 0.4058040817180275, "params": {"C": 28.03924994244185, "epsilon": 0.5004118502665492, "gamma": 0.06773134316061766}, "datetime": {"datetime": "2021-09-24 08:42:30", "elapsed": 178.714733, "delta": 1.816299}}
{"target": 0.35914480899053025, "params": {"C": 21.186040569327645, "epsilon": 0.9040983114246852, "gamma": 0.14744743302782762}, "datetime": {"datetime": "2021-09-24 08:42:31", "elapsed": 179.760194, "delta": 1.045461}}
{"target": 0.366937162338268, "params": {"C": 33.94640581043496, "epsilon": 0.31687697316325253, "gamma": 0.12846141326924462}, "datetime": {"datetime": "2021-09-24 08:42:33", "elapsed": 181.696878, "delta": 1.936684}}
{"target": 0.36857451389239104, "params": {"C": 14.478791106841834, "epsilon": 0.9576142612197023, "gamma": 0.11648064133347624}, "datetime": {"datetime": "2021-09-24 08:42:35", "elapsed": 183.351356, "delta": 1.654478}}
{"target": 0.17427327218078237, "params": {"C": 54.95929430062926, "epsilon": 0.08743518857306021, "gamma": 0.45394059724208546}, "datetime": {"datetime": "2021-09-24 08:42:36", "elapsed": 184.272275, "delta": 0.920919}}
{"target": 0.3232175383958281, "params": {"C": 98.07057977973221, "epsilon": 0.47457217975647903, "gamma": 0.12252162709593331}, "datetime": {"datetime": "2021-09-24 08:42:37", "elapsed": 185.336631, "delta": 1.064356}}
{"target": 0.42120050187909663, "params": {"C": 30.91942645314984, "epsilon": 0.05910773879879453, "gamma": 0.008225325635595492}, "datetime": {"datetime": "2021-09-24 08:42:39", "elapsed": 187.138641, "delta": 1.80201}}
{"target": 0.40609011198153, "params": {"C": 33.778548993231674, "epsilon": 0.4747339776650612, "gamma": 0.06501575949138726}, "datetime": {"datetime": "2021-09-24 08:42:41", "elapsed": 188.955373, "delta": 1.816732}}
{"target": 0.4194971109562139, "params": {"C": 27.85740603311005, "epsilon": 0.5699023892729819, "gamma": 0.00755520770042142}, "datetime": {"datetime": "2021-09-24 08:42:43", "elapsed": 190.906538, "delta": 1.951165}}
{"target": 0.043488795107515466, "params": {"C": 14.254888180699897, "epsilon": 0.8197827320420797, "gamma": 0.0001}, "datetime": {"datetime": "2021-09-24 08:42:44", "elapsed": 192.563895, "delta": 1.657357}}
{"target": 0.41009324271865233, "params": {"C": 28.320727904848848, "epsilon": 0.7538910424365114, "gamma": 0.05942525405899669}, "datetime": {"datetime": "2021-09-24 08:42:46", "elapsed": 194.628183, "delta": 2.064288}}
{"target": 0.4113356707999699, "params": {"C": 27.38682879214103, "epsilon": 0.5238040923396079, "gamma": 0.056676828811820935}, "datetime": {"datetime": "2021-09-24 08:42:48", "elapsed": 196.764469, "delta": 2.136286}}
{"target": 0.0707876869401417, "params": {"C": 75.8960633578099, "epsilon": 0.26098608245704524, "gamma": 0.8395419077482486}, "datetime": {"datetime": "2021-09-24 08:42:50", "elapsed": 197.926162, "delta": 1.161693}}
{"target": 0.37888196765957394, "params": {"C": 28.12611034783465, "epsilon": 0.46008963079244897, "gamma": 0.11432484617884911}, "datetime": {"datetime": "2021-09-24 08:42:52", "elapsed": 199.932055, "delta": 2.005893}}
{"target": 0.4020906662602246, "params": {"C": 27.88797873791239, "epsilon": 0.5419087563880751, "gamma": 0.0764311320158175}, "datetime": {"datetime": "2021-09-24 08:42:54", "elapsed": 202.037012, "delta": 2.104957}}
{"target": 0.38196842825977817, "params": {"C": 28.322402863088016, "epsilon": 0.46697096424838, "gamma": 0.10781419966428622}, "datetime": {"datetime": "2021-09-24 08:42:56", "elapsed": 203.965139, "delta": 1.928127}}
{"target": 0.4153748192544703, "params": {"C": 33.95305743662194, "epsilon": 0.2491439301477804, "gamma": 0.005272145555444065}, "datetime": {"datetime": "2021-09-24 08:42:58", "elapsed": 206.070253, "delta": 2.105114}}
{"target": 0.382693368895921, "params": {"C": 98.94852271017878, "epsilon": 0.9341795061264628, "gamma": 0.055306761331616}, "datetime": {"datetime": "2021-09-24 08:42:59", "elapsed": 207.209848, "delta": 1.139595}}
{"target": 0.4305285922687059, "params": {"C": 28.547301793628794, "epsilon": 0.20874159172379675, "gamma": 0.015075159370233385}, "datetime": {"datetime": "2021-09-24 08:43:01", "elapsed": 209.278301, "delta": 2.068453}}
{"target": 0.39152527601563114, "params": {"C": 28.87183664238935, "epsilon": 0.03798010938239087, "gamma": 0.09215678543136292}, "datetime": {"datetime": "2021-09-24 08:43:03", "elapsed": 211.49896, "delta": 2.220659}}
{"target": 0.42414219352100746, "params": {"C": 40.518112472771286, "epsilon": 0.18287426922820874, "gamma": 0.031867457378618534}, "datetime": {"datetime": "2021-09-24 08:43:04", "elapsed": 212.560304, "delta": 1.061344}}
{"target": 0.4141062745096854, "params": {"C": 33.482691642998404, "epsilon": 0.5004770799157939, "gamma": 0.004207886807183506}, "datetime": {"datetime": "2021-09-24 08:43:06", "elapsed": 214.658797, "delta": 2.098493}}
{"target": 0.41934420494380664, "params": {"C": 27.35626852402138, "epsilon": 0.617807807602152, "gamma": 0.035905357069990436}, "datetime": {"datetime": "2021-09-24 08:43:08", "elapsed": 216.506539, "delta": 1.847742}}
{"target": 0.42758470342084376, "params": {"C": 33.91129867342641, "epsilon": 0.07557661801206568, "gamma": 0.028298005829436458}, "datetime": {"datetime": "2021-09-24 08:43:10", "elapsed": 218.330387, "delta": 1.823848}}
{"target": 0.4175205393521476, "params": {"C": 28.31214691974129, "epsilon": 0.9545162141811794, "gamma": 0.04046411475932026}, "datetime": {"datetime": "2021-09-24 08:43:13", "elapsed": 220.818739, "delta": 2.488352}}
{"target": 0.4213925747741033, "params": {"C": 14.359239445778218, "epsilon": 0.9878282629168205, "gamma": 0.024796808343187156}, "datetime": {"datetime": "2021-09-24 08:43:15", "elapsed": 223.204769, "delta": 2.38603}}
{"target": 0.3489196794360703, "params": {"C": 41.909917051297874, "epsilon": 0.3169002940438715, "gamma": 0.14972080642163238}, "datetime": {"datetime": "2021-09-24 08:43:16", "elapsed": 224.186619, "delta": 0.98185}}
{"target": 0.35806239723595534, "params": {"C": 33.970387161463215, "epsilon": 0.06724420073593217, "gamma": 0.14461683369220435}, "datetime": {"datetime": "2021-09-24 08:43:18", "elapsed": 226.06378, "delta": 1.877161}}
{"target": 0.40273956780597286, "params": {"C": 33.987989180193225, "epsilon": 0.15408682428453094, "gamma": 0.06937238957382137}, "datetime": {"datetime": "2021-09-24 08:43:20", "elapsed": 227.918794, "delta": 1.855014}}
{"target": 0.2588621389354169, "params": {"C": 63.65725742202544, "epsilon": 0.8356764373280285, "gamma": 0.2879246111425544}, "datetime": {"datetime": "2021-09-24 08:43:21", "elapsed": 229.057254, "delta": 1.13846}}
{"target": 0.0822441325285922, "params": {"C": 57.35777473207895, "epsilon": 0.4578054177352443, "gamma": 0.718089391540391}, "datetime": {"datetime": "2021-09-24 08:43:22", "elapsed": 230.153944, "delta": 1.09669}}
{"target": 0.3659561288684834, "params": {"C": 34.06637321305525, "epsilon": 0.27196963186214074, "gamma": 0.13009850109721088}, "datetime": {"datetime": "2021-09-24 08:43:24", "elapsed": 232.086419, "delta": 1.932475}}
{"target": 0.38075277681833697, "params": {"C": 33.47789051377691, "epsilon": 0.6012553713733, "gamma": 0.10312473126529031}, "datetime": {"datetime": "2021-09-24 08:43:26", "elapsed": 234.567808, "delta": 2.481389}}
{"target": 0.41753219847471756, "params": {"C": 33.843015740320205, "epsilon": 0.03132175887473649, "gamma": 0.046272191344954056}, "datetime": {"datetime": "2021-09-24 08:43:28", "elapsed": 236.20626, "delta": 1.638452}}
{"target": 0.3400946738322217, "params": {"C": 97.57634097649236, "epsilon": 0.2786051985775207, "gamma": 0.09505050492778215}, "datetime": {"datetime": "2021-09-24 08:43:29", "elapsed": 237.570502, "delta": 1.364242}}
{"target": 0.41901469816474324, "params": {"C": 53.65514691848485, "epsilon": 0.3360451779229976, "gamma": 0.004983848966091868}, "datetime": {"datetime": "2021-09-24 08:43:31", "elapsed": 238.809865, "delta": 1.239363}}
{"target": 0.06666346898255104, "params": {"C": 38.92746050192195, "epsilon": 0.7462610959110602, "gamma": 0.704484723537401}, "datetime": {"datetime": "2021-09-24 08:43:32", "elapsed": 239.93685, "delta": 1.126985}}
{"target": 0.4336710824449478, "params": {"C": 33.96414097284542, "epsilon": 0.6900700624266222, "gamma": 0.01599369113326126}, "datetime": {"datetime": "2021-09-24 08:43:34", "elapsed": 242.132687, "delta": 2.195837}}
{"target": 0.3988786896192177, "params": {"C": 33.352275518863486, "epsilon": 0.6580542744448314, "gamma": 0.07503034840695882}, "datetime": {"datetime": "2021-09-24 08:43:36", "elapsed": 244.338065, "delta": 2.205378}}
{"target": 0.4277862517420127, "params": {"C": 33.63904154309456, "epsilon": 0.14524748572305243, "gamma": 0.027915093430218377}, "datetime": {"datetime": "2021-09-24 08:43:38", "elapsed": 246.070997, "delta": 1.732932}}
{"target": 0.4123638899811115, "params": {"C": 14.603452125429147, "epsilon": 0.7492716945949293, "gamma": 0.05994167202925914}, "datetime": {"datetime": "2021-09-24 08:43:40", "elapsed": 248.30374, "delta": 2.232743}}
{"target": 0.39347809063021155, "params": {"C": 27.31729968189446, "epsilon": 0.5842261705914361, "gamma": 0.090850381394917}, "datetime": {"datetime": "2021-09-24 08:43:42", "elapsed": 250.439542, "delta": 2.135802}}
{"target": 0.4035549431237263, "params": {"C": 33.73548679397239, "epsilon": 0.6865946746276831, "gamma": 0.002504466255125376}, "datetime": {"datetime": "2021-09-24 08:43:45", "elapsed": 253.27789, "delta": 2.838348}}
