{"target": -50.73549840633969, "params": {"C": 541.0785430354026, "epsilon": 0.2814981325174104, "gamma": 0.12014446933951124}, "datetime": {"datetime": "2021-09-28 15:28:23", "elapsed": 4.926898, "delta": 0.194995}}
{"target": -40.71193992391118, "params": {"C": 597.6324746554815, "epsilon": 2.263877167192459, "gamma": 0.03140840398081852}, "datetime": {"datetime": "2021-09-28 15:28:23", "elapsed": 5.075352, "delta": 0.148454}}
{"target": -37.208035574426525, "params": {"C": 597.2941593498921, "epsilon": 2.813887824251217, "gamma": 0.0011080842497358128}, "datetime": {"datetime": "2021-09-28 15:28:23", "elapsed": 5.24886, "delta": 0.173508}}
{"target": -40.0063459532503, "params": {"C": 535.8797888161938, "epsilon": 0.9487424778670196, "gamma": 0.023674242125596743}, "datetime": {"datetime": "2021-09-28 15:28:23", "elapsed": 5.46645, "delta": 0.21759}}
{"target": -52.39096799405621, "params": {"C": 561.2173475358575, "epsilon": 2.230095862435162, "gamma": 0.13909533388254866}, "datetime": {"datetime": "2021-09-28 15:28:23", "elapsed": 5.627729, "delta": 0.161279}}
{"target": -38.067587855714415, "params": {"C": 526.7975154608987, "epsilon": 1.4554963785396815, "gamma": 0.011647484941885567}, "datetime": {"datetime": "2021-09-28 15:28:24", "elapsed": 5.808027, "delta": 0.180298}}
{"target": -48.70594277162915, "params": {"C": 535.7679880349352, "epsilon": 1.1631284545469651, "gamma": 0.09432340132041031}, "datetime": {"datetime": "2021-09-28 15:28:24", "elapsed": 6.021298, "delta": 0.213271}}
{"target": -36.95774219872985, "params": {"C": 536.0539187842487, "epsilon": 0.9476817438359867, "gamma": 0.005922765248427271}, "datetime": {"datetime": "2021-09-28 15:28:24", "elapsed": 6.214588, "delta": 0.19329}}
{"target": -41.12506954749668, "params": {"C": 536.1786163885363, "epsilon": 1.0031767543057408, "gamma": 0.03649296176778438}, "datetime": {"datetime": "2021-09-28 15:28:24", "elapsed": 6.421616, "delta": 0.207028}}
{"target": -52.8390153869313, "params": {"C": 536.0342470270247, "epsilon": 1.0482204918098463, "gamma": 0.1641540028007107}, "datetime": {"datetime": "2021-09-28 15:28:24", "elapsed": 6.615501, "delta": 0.193885}}
{"target": -46.81579798102633, "params": {"C": 660.8597439771306, "epsilon": 1.4978267098612934, "gamma": 0.07386419826599837}, "datetime": {"datetime": "2021-09-28 15:28:25", "elapsed": 6.800099, "delta": 0.184598}}
{"target": -36.64696137214929, "params": {"C": 597.6401396294357, "epsilon": 2.029435249786214, "gamma": 0.0044443962116659476}, "datetime": {"datetime": "2021-09-28 15:28:25", "elapsed": 6.978801, "delta": 0.178702}}
{"target": -40.48166421000802, "params": {"C": 502.36912754177905, "epsilon": 2.7800202857913736, "gamma": 0.034875777344100994}, "datetime": {"datetime": "2021-09-28 15:28:25", "elapsed": 7.171519, "delta": 0.192718}}
{"target": -42.97391529911703, "params": {"C": 597.3201893439618, "epsilon": 2.97515140859624, "gamma": 0.054589799073764635}, "datetime": {"datetime": "2021-09-28 15:28:25", "elapsed": 7.469526, "delta": 0.298007}}
{"target": -53.231100756063455, "params": {"C": 629.3843734707089, "epsilon": 0.23911990776024972, "gamma": 0.15955583963591238}, "datetime": {"datetime": "2021-09-28 15:28:25", "elapsed": 7.663253, "delta": 0.193727}}
{"target": -45.86976322563886, "params": {"C": 597.5865944781663, "epsilon": 1.93526195888632, "gamma": 0.0735973747157904}, "datetime": {"datetime": "2021-09-28 15:28:26", "elapsed": 7.883657, "delta": 0.220404}}
{"target": -42.23824933910791, "params": {"C": 597.808806459758, "epsilon": 1.9738662242690341, "gamma": 0.047540134809944755}, "datetime": {"datetime": "2021-09-28 15:28:26", "elapsed": 8.123373, "delta": 0.239716}}
{"target": -41.987152070721315, "params": {"C": 597.6351393777293, "epsilon": 2.152318600888001, "gamma": 0.044115297332540666}, "datetime": {"datetime": "2021-09-28 15:28:26", "elapsed": 8.39237, "delta": 0.268997}}
{"target": -36.69954422417283, "params": {"C": 597.4702406065969, "epsilon": 2.919053913973052, "gamma": 0.0001}, "datetime": {"datetime": "2021-09-28 15:28:26", "elapsed": 8.693155, "delta": 0.300785}}
{"target": -51.49717563977473, "params": {"C": 667.9238666303385, "epsilon": 2.117010242609934, "gamma": 0.11390015340918538}, "datetime": {"datetime": "2021-09-28 15:28:27", "elapsed": 8.882154, "delta": 0.188999}}
{"target": -39.26792718592993, "params": {"C": 502.26418904656197, "epsilon": 2.913069072795575, "gamma": 0.022090361887023794}, "datetime": {"datetime": "2021-09-28 15:28:27", "elapsed": 9.102312, "delta": 0.220158}}
{"target": -41.05955505718773, "params": {"C": 536.1548260040627, "epsilon": 0.8785894698851354, "gamma": 0.029257878137618647}, "datetime": {"datetime": "2021-09-28 15:28:27", "elapsed": 9.357739, "delta": 0.255427}}
{"target": -41.39305432966911, "params": {"C": 514.9595382576881, "epsilon": 0.12963015692099478, "gamma": 0.039480872174701934}, "datetime": {"datetime": "2021-09-28 15:28:27", "elapsed": 9.566697, "delta": 0.208958}}
{"target": -38.604811761257594, "params": {"C": 502.1237246133585, "epsilon": 2.9050489336800265, "gamma": 0.014814512587802205}, "datetime": {"datetime": "2021-09-28 15:28:28", "elapsed": 9.900736, "delta": 0.334039}}
{"target": -49.11960126597022, "params": {"C": 523.4822369112165, "epsilon": 1.3008059152280222, "gamma": 0.10271066964239443}, "datetime": {"datetime": "2021-09-28 15:28:28", "elapsed": 10.120761, "delta": 0.220025}}
{"target": -50.7318704405163, "params": {"C": 502.1502888870435, "epsilon": 2.671283317944451, "gamma": 0.12802735255174544}, "datetime": {"datetime": "2021-09-28 15:28:28", "elapsed": 10.36025, "delta": 0.239489}}
{"target": -46.09480984911202, "params": {"C": 597.5680644978917, "epsilon": 2.9573700447121625, "gamma": 0.07423825837944494}, "datetime": {"datetime": "2021-09-28 15:28:28", "elapsed": 10.63633, "delta": 0.27608}}
{"target": -40.76109291730269, "params": {"C": 597.6606665447182, "epsilon": 2.2654355959255597, "gamma": 0.026462971573951354}, "datetime": {"datetime": "2021-09-28 15:28:29", "elapsed": 10.832646, "delta": 0.196316}}
{"target": -43.62240543986057, "params": {"C": 526.7886665590977, "epsilon": 1.3341826888697503, "gamma": 0.06354511099941876}, "datetime": {"datetime": "2021-09-28 15:28:29", "elapsed": 11.085071, "delta": 0.252425}}
{"target": -38.654325487732216, "params": {"C": 535.9453628747676, "epsilon": 0.7653416580480282, "gamma": 0.014280986244864577}, "datetime": {"datetime": "2021-09-28 15:28:29", "elapsed": 11.304061, "delta": 0.21899}}
{"target": -52.083819758012325, "params": {"C": 535.8764051506886, "epsilon": 0.7240435717495973, "gamma": 0.13934403886851246}, "datetime": {"datetime": "2021-09-28 15:28:30", "elapsed": 11.762256, "delta": 0.458195}}
{"target": -36.715927999784746, "params": {"C": 597.1512335672348, "epsilon": 2.718074040177092, "gamma": 0.0001}, "datetime": {"datetime": "2021-09-28 15:28:30", "elapsed": 12.144271, "delta": 0.382015}}
{"target": -52.92560389655876, "params": {"C": 622.1262127248049, "epsilon": 1.9687152293783519, "gamma": 0.13571633223521365}, "datetime": {"datetime": "2021-09-28 15:28:30", "elapsed": 12.36128, "delta": 0.217009}}
{"target": -40.41236347080287, "params": {"C": 501.9952731672209, "epsilon": 2.98443427059225, "gamma": 0.03167416669788242}, "datetime": {"datetime": "2021-09-28 15:28:30", "elapsed": 12.597239, "delta": 0.235959}}
{"target": -50.797922186645096, "params": {"C": 502.18890302083327, "epsilon": 2.9507894600153977, "gamma": 0.1290803327018958}, "datetime": {"datetime": "2021-09-28 15:28:31", "elapsed": 12.884535, "delta": 0.287296}}
{"target": -41.6321379518881, "params": {"C": 629.9452166183958, "epsilon": 2.4800834814755865, "gamma": 0.03913591659892939}, "datetime": {"datetime": "2021-09-28 15:28:31", "elapsed": 13.114104, "delta": 0.229569}}
{"target": -37.25301174728591, "params": {"C": 550.5409373683037, "epsilon": 1.9380144780907826, "gamma": 0.001477556100803211}, "datetime": {"datetime": "2021-09-28 15:28:31", "elapsed": 13.390631, "delta": 0.276527}}
{"target": -40.7362802777781, "params": {"C": 597.1563908234122, "epsilon": 2.5436006751945475, "gamma": 0.028352804264814502}, "datetime": {"datetime": "2021-09-28 15:28:31", "elapsed": 13.683628, "delta": 0.292997}}
{"target": -43.22948007232023, "params": {"C": 653.4031941140263, "epsilon": 1.4158674670097497, "gamma": 0.0532141727963526}, "datetime": {"datetime": "2021-09-28 15:28:32", "elapsed": 13.927672, "delta": 0.244044}}
{"target": -45.54311912000013, "params": {"C": 550.600087194983, "epsilon": 2.088677889010298, "gamma": 0.07513623629985829}, "datetime": {"datetime": "2021-09-28 15:28:32", "elapsed": 14.294633, "delta": 0.366961}}
{"target": -44.06158675323709, "params": {"C": 597.8249326066629, "epsilon": 1.953992632767798, "gamma": 0.06205619654295527}, "datetime": {"datetime": "2021-09-28 15:28:32", "elapsed": 14.607641, "delta": 0.313008}}
{"target": -52.10740842378514, "params": {"C": 550.5989402703635, "epsilon": 1.946635681505718, "gamma": 0.13690078112717496}, "datetime": {"datetime": "2021-09-28 15:28:33", "elapsed": 14.951634, "delta": 0.343993}}
{"target": -41.52767210416964, "params": {"C": 536.0132643268946, "epsilon": 0.8189658746439179, "gamma": 0.04125517186511025}, "datetime": {"datetime": "2021-09-28 15:28:33", "elapsed": 15.270028, "delta": 0.318394}}
{"target": -37.092205119314876, "params": {"C": 527.1264431855299, "epsilon": 1.5656658694813308, "gamma": 0.001776032612212409}, "datetime": {"datetime": "2021-09-28 15:28:33", "elapsed": 15.606031, "delta": 0.336003}}
{"target": -46.04404082457112, "params": {"C": 527.0794120388962, "epsilon": 1.6822589750847359, "gamma": 0.07920166237551522}, "datetime": {"datetime": "2021-09-28 15:28:34", "elapsed": 15.894067, "delta": 0.288036}}
{"target": -43.06760117020305, "params": {"C": 597.0286652725747, "epsilon": 2.6790464755734913, "gamma": 0.055326085586323286}, "datetime": {"datetime": "2021-09-28 15:28:34", "elapsed": 16.378742, "delta": 0.484675}}
{"target": -37.21938735895391, "params": {"C": 523.6228138295337, "epsilon": 1.2359047240754717, "gamma": 0.0066737803053329705}, "datetime": {"datetime": "2021-09-28 15:28:34", "elapsed": 16.67974, "delta": 0.300998}}
{"target": -41.848835560796275, "params": {"C": 597.6079995379114, "epsilon": 2.153052439049482, "gamma": 0.042977275668910596}, "datetime": {"datetime": "2021-09-28 15:28:35", "elapsed": 16.965388, "delta": 0.285648}}
{"target": -51.45744426143006, "params": {"C": 523.6713524633177, "epsilon": 1.1795207837543809, "gamma": 0.13376021692003118}, "datetime": {"datetime": "2021-09-28 15:28:35", "elapsed": 17.400767, "delta": 0.435379}}
{"target": -52.788086825043514, "params": {"C": 526.6576835848548, "epsilon": 1.516161828713358, "gamma": 0.15860212332609894}, "datetime": {"datetime": "2021-09-28 15:28:35", "elapsed": 17.709947, "delta": 0.30918}}
{"target": -52.62561612843175, "params": {"C": 527.2375427940758, "epsilon": 1.4174146206934746, "gamma": 0.14983482089990627}, "datetime": {"datetime": "2021-09-28 15:28:36", "elapsed": 18.015594, "delta": 0.305647}}
{"target": -37.07673006852101, "params": {"C": 597.1827310133516, "epsilon": 2.8449243191243188, "gamma": 0.0030821608595178593}, "datetime": {"datetime": "2021-09-28 15:28:36", "elapsed": 18.34463, "delta": 0.329036}}
{"target": -53.36210739678493, "params": {"C": 689.0263997350066, "epsilon": 1.0363616657147892, "gamma": 0.154917415018543}, "datetime": {"datetime": "2021-09-28 15:28:36", "elapsed": 18.625433, "delta": 0.280803}}
{"target": -49.633566814319416, "params": {"C": 622.4704068573333, "epsilon": 1.3659781696146527, "gamma": 0.09883249413953771}, "datetime": {"datetime": "2021-09-28 15:28:37", "elapsed": 18.951875, "delta": 0.326442}}
{"target": -52.76316497053239, "params": {"C": 515.1047674074723, "epsilon": 0.2596714436428361, "gamma": 0.16781666062995113}, "datetime": {"datetime": "2021-09-28 15:28:37", "elapsed": 19.301834, "delta": 0.349959}}
{"target": -42.75534665072145, "params": {"C": 597.0690575782013, "epsilon": 2.8546161934594076, "gamma": 0.05309838153415879}, "datetime": {"datetime": "2021-09-28 15:28:37", "elapsed": 19.661844, "delta": 0.36001}}
{"target": -52.70747021203396, "params": {"C": 519.6564819329666, "epsilon": 2.1816782728208612, "gamma": 0.16564943173494132}, "datetime": {"datetime": "2021-09-28 15:28:38", "elapsed": 19.951835, "delta": 0.289991}}
{"target": -52.70300437138273, "params": {"C": 510.53865316791354, "epsilon": 1.166473093366109, "gamma": 0.16060323772083587}, "datetime": {"datetime": "2021-09-28 15:28:38", "elapsed": 20.284841, "delta": 0.333006}}
{"target": -46.3061652437964, "params": {"C": 514.7608153556092, "epsilon": 0.09410421680042758, "gamma": 0.08193508075017429}, "datetime": {"datetime": "2021-09-28 15:28:38", "elapsed": 20.641837, "delta": 0.356996}}
{"target": -37.27875436748922, "params": {"C": 550.5715449266929, "epsilon": 1.8119861591828341, "gamma": 0.0001}, "datetime": {"datetime": "2021-09-28 15:28:39", "elapsed": 20.987689, "delta": 0.345852}}
{"target": -52.89271699406805, "params": {"C": 558.2431957717129, "epsilon": 0.31308350108532274, "gamma": 0.14938812959460007}, "datetime": {"datetime": "2021-09-28 15:28:39", "elapsed": 21.311653, "delta": 0.323964}}
{"target": -41.507691421505854, "params": {"C": 550.5245768735884, "epsilon": 1.6533003966059334, "gamma": 0.04178665639010946}, "datetime": {"datetime": "2021-09-28 15:28:39", "elapsed": 21.68665, "delta": 0.374997}}
{"target": -41.024275094581334, "params": {"C": 698.0250062910293, "epsilon": 2.2349506742900074, "gamma": 0.025500397005664244}, "datetime": {"datetime": "2021-09-28 15:28:40", "elapsed": 22.042229, "delta": 0.355579}}
{"target": -42.85414848751612, "params": {"C": 697.9030623117294, "epsilon": 2.40939365564811, "gamma": 0.048921869073955924}, "datetime": {"datetime": "2021-09-28 15:28:40", "elapsed": 22.449347, "delta": 0.407118}}
{"target": -38.15034083304476, "params": {"C": 523.6680176398493, "epsilon": 1.383235081473891, "gamma": 0.011998984743659475}, "datetime": {"datetime": "2021-09-28 15:28:41", "elapsed": 22.825776, "delta": 0.376429}}
{"target": -49.610985983107774, "params": {"C": 523.6282005367514, "epsilon": 1.5199221454304332, "gamma": 0.10996186986043378}, "datetime": {"datetime": "2021-09-28 15:28:41", "elapsed": 23.280285, "delta": 0.454509}}
{"target": -50.56170740145946, "params": {"C": 698.1463433488082, "epsilon": 2.119521269219199, "gamma": 0.10197545091399421}, "datetime": {"datetime": "2021-09-28 15:28:41", "elapsed": 23.621795, "delta": 0.34151}}
{"target": -36.625610596517085, "params": {"C": 536.3927495487652, "epsilon": 1.4781583959854874, "gamma": 0.0008351360124275985}, "datetime": {"datetime": "2021-09-28 15:28:42", "elapsed": 23.936725, "delta": 0.31493}}
{"target": -43.64427924044066, "params": {"C": 550.7079811549086, "epsilon": 1.7085064578568712, "gamma": 0.06222833022385743}, "datetime": {"datetime": "2021-09-28 15:28:42", "elapsed": 24.332731, "delta": 0.396006}}
{"target": -52.83122818199239, "params": {"C": 536.4786426362826, "epsilon": 1.3639503852617787, "gamma": 0.16337100358556092}, "datetime": {"datetime": "2021-09-28 15:28:43", "elapsed": 24.801189, "delta": 0.468458}}
{"target": -37.205741414091385, "params": {"C": 550.4303606943665, "epsilon": 2.0308045411081386, "gamma": 0.0001}, "datetime": {"datetime": "2021-09-28 15:28:43", "elapsed": 25.278511, "delta": 0.477322}}
{"target": -45.085627962694495, "params": {"C": 536.1604509071226, "epsilon": 1.4152215373539268, "gamma": 0.07375394674444827}, "datetime": {"datetime": "2021-09-28 15:28:43", "elapsed": 25.639552, "delta": 0.361041}}
{"target": -37.57792856130602, "params": {"C": 523.7525651014222, "epsilon": 1.2983408155671206, "gamma": 0.0001}, "datetime": {"datetime": "2021-09-28 15:28:44", "elapsed": 26.188381, "delta": 0.548829}}
{"target": -36.73455346577373, "params": {"C": 536.305201589642, "epsilon": 1.5343815805207475, "gamma": 0.0037188300828179706}, "datetime": {"datetime": "2021-09-28 15:28:44", "elapsed": 26.668895, "delta": 0.480514}}
{"target": -41.62714711399074, "params": {"C": 536.4553953153475, "epsilon": 1.6140442092254412, "gamma": 0.04404905475387162}, "datetime": {"datetime": "2021-09-28 15:28:45", "elapsed": 27.054496, "delta": 0.385601}}
{"target": -50.170428478176454, "params": {"C": 550.2491948800263, "epsilon": 2.1747128051186664, "gamma": 0.1140162395345612}, "datetime": {"datetime": "2021-09-28 15:28:45", "elapsed": 27.528808, "delta": 0.474312}}
{"target": -46.94277746059875, "params": {"C": 536.3148628246099, "epsilon": 1.641409285291715, "gamma": 0.08269041267041233}, "datetime": {"datetime": "2021-09-28 15:28:46", "elapsed": 27.927809, "delta": 0.399001}}
{"target": -43.78203551141603, "params": {"C": 629.739242762556, "epsilon": 2.3636945787492754, "gamma": 0.058894707903897364}, "datetime": {"datetime": "2021-09-28 15:28:46", "elapsed": 28.390809, "delta": 0.463}}
{"target": -36.913563706195134, "params": {"C": 693.7039876951769, "epsilon": 2.936004801309404, "gamma": 0.0030589284326873424}, "datetime": {"datetime": "2021-09-28 15:28:47", "elapsed": 28.755809, "delta": 0.365}}
{"target": -48.4530643097439, "params": {"C": 693.4796509904563, "epsilon": 2.808107071586738, "gamma": 0.07951919532227618}, "datetime": {"datetime": "2021-09-28 15:28:47", "elapsed": 29.219423, "delta": 0.463614}}
{"target": -48.81030584140231, "params": {"C": 516.5878211683429, "epsilon": 2.8794571506914632, "gamma": 0.10076265772716873}, "datetime": {"datetime": "2021-09-28 15:28:47", "elapsed": 29.601421, "delta": 0.381998}}
{"target": -47.53808882149268, "params": {"C": 693.8960183131617, "epsilon": 2.7904517726703735, "gamma": 0.07471407885593079}, "datetime": {"datetime": "2021-09-28 15:28:48", "elapsed": 30.077424, "delta": 0.476003}}
{"target": -41.569312443037916, "params": {"C": 629.944237293639, "epsilon": 2.4370688007413444, "gamma": 0.03854123130294005}, "datetime": {"datetime": "2021-09-28 15:28:48", "elapsed": 30.439424, "delta": 0.362}}
{"target": -39.29880691849371, "params": {"C": 596.8640907732761, "epsilon": 2.7837215205637578, "gamma": 0.01920708884691624}, "datetime": {"datetime": "2021-09-28 15:28:49", "elapsed": 30.828419, "delta": 0.388995}}
{"target": -53.013718222459886, "params": {"C": 596.6071082852436, "epsilon": 2.847737499214662, "gamma": 0.14580798149279328}, "datetime": {"datetime": "2021-09-28 15:28:49", "elapsed": 31.323099, "delta": 0.49468}}
{"target": -40.44173427304045, "params": {"C": 501.82299578448317, "epsilon": 2.7847558957973875, "gamma": 0.0318907448151984}, "datetime": {"datetime": "2021-09-28 15:28:50", "elapsed": 31.818885, "delta": 0.495786}}
{"target": -39.431076897502614, "params": {"C": 660.630540495536, "epsilon": 1.3111791221372435, "gamma": 0.01705081401315868}, "datetime": {"datetime": "2021-09-28 15:28:50", "elapsed": 32.227883, "delta": 0.408998}}
{"target": -47.79419359671529, "params": {"C": 660.6173401563829, "epsilon": 1.1452188952766333, "gamma": 0.07804836265213846}, "datetime": {"datetime": "2021-09-28 15:28:50", "elapsed": 32.654737, "delta": 0.426854}}
{"target": -40.41691587379318, "params": {"C": 501.81328901493305, "epsilon": 2.9467447482135274, "gamma": 0.031153798451649374}, "datetime": {"datetime": "2021-09-28 15:28:51", "elapsed": 33.22304, "delta": 0.568303}}
{"target": -52.77259777764218, "params": {"C": 549.7331070804743, "epsilon": 2.6334130082490854, "gamma": 0.16443697726732984}, "datetime": {"datetime": "2021-09-28 15:28:51", "elapsed": 33.648037, "delta": 0.424997}}
{"target": -52.87009699656454, "params": {"C": 659.4616501689875, "epsilon": 1.727640680873834, "gamma": 0.1699315184832906}, "datetime": {"datetime": "2021-09-28 15:28:52", "elapsed": 34.123046, "delta": 0.475009}}
{"target": -40.4424151403813, "params": {"C": 501.64153066264134, "epsilon": 2.8081321695394794, "gamma": 0.03168615025083786}, "datetime": {"datetime": "2021-09-28 15:28:52", "elapsed": 34.69304, "delta": 0.569994}}
{"target": -53.44360113702153, "params": {"C": 693.7378615906791, "epsilon": 2.9225177151308963, "gamma": 0.14308090963415143}, "datetime": {"datetime": "2021-09-28 15:28:53", "elapsed": 35.413047, "delta": 0.720007}}
{"target": -37.56337563634903, "params": {"C": 523.8354676510145, "epsilon": 1.4121823774897277, "gamma": 0.0001}, "datetime": {"datetime": "2021-09-28 15:28:54", "elapsed": 36.158038, "delta": 0.744991}}
{"target": -52.14329937880736, "params": {"C": 628.7149074241102, "epsilon": 1.8689391625396337, "gamma": 0.1255553436352339}, "datetime": {"datetime": "2021-09-28 15:28:54", "elapsed": 36.63004, "delta": 0.472002}}
{"target": -38.94285016232261, "params": {"C": 588.4965293972771, "epsilon": 2.704496251164382, "gamma": 0.016326745184992837}, "datetime": {"datetime": "2021-09-28 15:28:55", "elapsed": 37.098642, "delta": 0.468602}}
{"target": -37.09953993249761, "params": {"C": 588.3475112358643, "epsilon": 2.5495725652976784, "gamma": 0.006062106454106255}, "datetime": {"datetime": "2021-09-28 15:28:56", "elapsed": 37.773943, "delta": 0.675301}}
{"target": -38.14111403838698, "params": {"C": 523.5956401314882, "epsilon": 1.2429807239259487, "gamma": 0.012075447889631122}, "datetime": {"datetime": "2021-09-28 15:28:56", "elapsed": 38.175943, "delta": 0.402}}
{"target": -52.969250746558174, "params": {"C": 588.3160381224977, "epsilon": 2.6702085769369766, "gamma": 0.15797335933702486}, "datetime": {"datetime": "2021-09-28 15:28:57", "elapsed": 38.758944, "delta": 0.583001}}
{"target": -49.91710677099939, "params": {"C": 588.5233575373236, "epsilon": 2.4491917599400623, "gamma": 0.10674727487257}, "datetime": {"datetime": "2021-09-28 15:28:57", "elapsed": 39.396354, "delta": 0.63741}}
{"target": -49.130004942449695, "params": {"C": 522.6948203603597, "epsilon": 2.422551706029646, "gamma": 0.10471986900417303}, "datetime": {"datetime": "2021-09-28 15:28:58", "elapsed": 39.905358, "delta": 0.509004}}
