{"target": -48.58854443372412, "params": {"C": 194.40308472184216, "epsilon": 0.44096401443391825, "gamma": 0.17481575311967243}, "datetime": {"datetime": "2021-09-28 12:48:10", "elapsed": 569.880972, "delta": 3.374697}}
{"target": -38.76192963597275, "params": {"C": 163.60370438213766, "epsilon": 2.0748872513203254, "gamma": 0.03249470865905464}, "datetime": {"datetime": "2021-09-28 12:48:13", "elapsed": 573.172565, "delta": 3.291593}}
{"target": -40.75342441336048, "params": {"C": 161.75213431091132, "epsilon": 0.6400508438661243, "gamma": 0.07508320079523782}, "datetime": {"datetime": "2021-09-28 12:48:17", "elapsed": 576.976473, "delta": 3.803908}}
{"target": -36.83857340108438, "params": {"C": 224.74214140876535, "epsilon": 2.4196442441851356, "gamma": 0.003966032819784951}, "datetime": {"datetime": "2021-09-28 12:48:22", "elapsed": 581.976676, "delta": 5.000203}}
{"target": -41.15171329281819, "params": {"C": 224.71805716764646, "epsilon": 2.2890433556987038, "gamma": 0.07227870094948162}, "datetime": {"datetime": "2021-09-28 12:48:26", "elapsed": 586.596124, "delta": 4.619448}}
{"target": -42.500343504587114, "params": {"C": 224.67653084791448, "epsilon": 2.4674955184210496, "gamma": 0.08649738277712032}, "datetime": {"datetime": "2021-09-28 12:48:31", "elapsed": 590.861115, "delta": 4.264991}}
{"target": -36.82928924439109, "params": {"C": 194.47595800244395, "epsilon": 0.7639484650086921, "gamma": 0.0027536667534704823}, "datetime": {"datetime": "2021-09-28 12:48:35", "elapsed": 595.177542, "delta": 4.316427}}
{"target": -40.69592709808785, "params": {"C": 294.66624023247823, "epsilon": 1.1781897887535222, "gamma": 0.0535960002746944}, "datetime": {"datetime": "2021-09-28 12:48:37", "elapsed": 597.281432, "delta": 2.10389}}
{"target": -43.65591627060729, "params": {"C": 194.31636644437197, "epsilon": 0.8722208993701273, "gamma": 0.1058599627878118}, "datetime": {"datetime": "2021-09-28 12:48:41", "elapsed": 600.903002, "delta": 3.62157}}
{"target": -45.22770924531832, "params": {"C": 224.93771829113592, "epsilon": 2.3649344961450023, "gamma": 0.1122852093704584}, "datetime": {"datetime": "2021-09-28 12:48:44", "elapsed": 604.602306, "delta": 3.699304}}
{"target": -47.99217900995748, "params": {"C": 236.76755066335704, "epsilon": 1.6660598906548354, "gamma": 0.14012085435975383}, "datetime": {"datetime": "2021-09-28 12:48:46", "elapsed": 606.769758, "delta": 2.167452}}
{"target": -48.68302984310345, "params": {"C": 194.68304205734233, "epsilon": 0.6876550021138021, "gamma": 0.17843935462067434}, "datetime": {"datetime": "2021-09-28 12:48:50", "elapsed": 610.479896, "delta": 3.710138}}
{"target": -42.57817503032145, "params": {"C": 215.7231722875884, "epsilon": 2.479337560477505, "gamma": 0.08873765346070206}, "datetime": {"datetime": "2021-09-28 12:48:54", "elapsed": 614.306399, "delta": 3.826503}}
{"target": -36.2217070073099, "params": {"C": 293.64756345989053, "epsilon": 1.6522834848672174, "gamma": 0.001}, "datetime": {"datetime": "2021-09-28 12:48:58", "elapsed": 618.032811, "delta": 3.726412}}
{"target": -41.4784355427161, "params": {"C": 293.8839802841938, "epsilon": 1.4703373689242216, "gamma": 0.06724067861880789}, "datetime": {"datetime": "2021-09-28 12:49:02", "elapsed": 622.77624, "delta": 4.743429}}
{"target": -40.16433626833912, "params": {"C": 293.87389325419326, "epsilon": 1.8023043261513674, "gamma": 0.04193024969285841}, "datetime": {"datetime": "2021-09-28 12:49:07", "elapsed": 627.184863, "delta": 4.408623}}
{"target": -37.956914534170124, "params": {"C": 293.6759989622987, "epsilon": 1.4878246396581027, "gamma": 0.0162771896945712}, "datetime": {"datetime": "2021-09-28 12:49:11", "elapsed": 630.987731, "delta": 3.802868}}
{"target": -39.22488086786238, "params": {"C": 215.4805307716128, "epsilon": 2.008503250156044, "gamma": 0.03704859806946776}, "datetime": {"datetime": "2021-09-28 12:49:16", "elapsed": 636.109812, "delta": 5.122081}}
{"target": -43.65137962452925, "params": {"C": 284.8519721939914, "epsilon": 1.71809914708737, "gamma": 0.08790388447620244}, "datetime": {"datetime": "2021-09-28 12:49:18", "elapsed": 638.248038, "delta": 2.138226}}
{"target": -37.749388761723765, "params": {"C": 267.5652978637679, "epsilon": 1.2170335866639015, "gamma": 0.015558220690380625}, "datetime": {"datetime": "2021-09-28 12:49:23", "elapsed": 643.783848, "delta": 5.53581}}
{"target": -50.012455847608365, "params": {"C": 293.6683906810457, "epsilon": 1.6852188729020172, "gamma": 0.17206597317149627}, "datetime": {"datetime": "2021-09-28 12:49:27", "elapsed": 647.737123, "delta": 3.953275}}
{"target": -36.265887914045294, "params": {"C": 161.34513790534984, "epsilon": 0.7935567023802055, "gamma": 0.0011633862449893335}, "datetime": {"datetime": "2021-09-28 12:49:32", "elapsed": 652.445242, "delta": 4.708119}}
{"target": -44.02368394828007, "params": {"C": 267.767775205373, "epsilon": 1.267191474590888, "gamma": 0.0944411463173516}, "datetime": {"datetime": "2021-09-28 12:49:36", "elapsed": 656.303872, "delta": 3.85863}}
{"target": -48.64593785804351, "params": {"C": 215.45175653299907, "epsilon": 2.1391205980113, "gamma": 0.1657740238151012}, "datetime": {"datetime": "2021-09-28 12:49:43", "elapsed": 662.89506, "delta": 6.591188}}
{"target": -47.02077338443594, "params": {"C": 164.7944335040517, "epsilon": 1.3487886444400987, "gamma": 0.15645333671050995}, "datetime": {"datetime": "2021-09-28 12:49:47", "elapsed": 667.350308, "delta": 4.455248}}
{"target": -43.114045695609875, "params": {"C": 266.93357513263953, "epsilon": 0.9169341253400949, "gamma": 0.08650404814304166}, "datetime": {"datetime": "2021-09-28 12:49:51", "elapsed": 671.493149, "delta": 4.142841}}
{"target": -37.88274439773513, "params": {"C": 223.16951407748513, "epsilon": 2.9897868807477446, "gamma": 0.014432919853133004}, "datetime": {"datetime": "2021-09-28 12:49:55", "elapsed": 675.780815, "delta": 4.287666}}
{"target": -38.67656559059144, "params": {"C": 177.41050875727498, "epsilon": 1.3247840453708986, "gamma": 0.02944151918232933}, "datetime": {"datetime": "2021-09-28 12:49:58", "elapsed": 677.918081, "delta": 2.137266}}
{"target": -47.923900215560224, "params": {"C": 200.06100109208552, "epsilon": 2.4181446825664947, "gamma": 0.15267054553745696}, "datetime": {"datetime": "2021-09-28 12:50:00", "elapsed": 680.282968, "delta": 2.364887}}
{"target": -39.863560530498226, "params": {"C": 165.237240402823, "epsilon": 0.1901698884048717, "gamma": 0.05134914511843477}, "datetime": {"datetime": "2021-09-28 12:50:02", "elapsed": 682.46322, "delta": 2.180252}}
{"target": -37.74210532117668, "params": {"C": 223.8587532506492, "epsilon": 0.5321780878698038, "gamma": 0.013917076339504803}, "datetime": {"datetime": "2021-09-28 12:50:06", "elapsed": 686.133557, "delta": 3.670337}}
{"target": -42.460037681343245, "params": {"C": 223.31859635373098, "epsilon": 2.949376749494371, "gamma": 0.0859227406601893}, "datetime": {"datetime": "2021-09-28 12:50:09", "elapsed": 689.705933, "delta": 3.572376}}
{"target": -40.187518053896525, "params": {"C": 215.65498630018328, "epsilon": 1.8962946257749456, "gamma": 0.054675611976934456}, "datetime": {"datetime": "2021-09-28 12:50:15", "elapsed": 695.593069, "delta": 5.887136}}
{"target": -36.71519303585104, "params": {"C": 160.69136271210616, "epsilon": 0.928599889171096, "gamma": 0.002786023557989856}, "datetime": {"datetime": "2021-09-28 12:50:20", "elapsed": 699.943458, "delta": 4.350389}}
{"target": -44.75060413268328, "params": {"C": 211.58597045403164, "epsilon": 2.8889763626214657, "gamma": 0.11063566211933877}, "datetime": {"datetime": "2021-09-28 12:50:22", "elapsed": 702.026227, "delta": 2.082769}}
{"target": -40.07419940429674, "params": {"C": 200.09338808645228, "epsilon": 1.6619369522648237, "gamma": 0.05343332797497953}, "datetime": {"datetime": "2021-09-28 12:50:24", "elapsed": 704.256088, "delta": 2.229861}}
{"target": -38.03167375925849, "params": {"C": 161.5132604856556, "epsilon": 0.7660451624456301, "gamma": 0.0167859252583617}, "datetime": {"datetime": "2021-09-28 12:50:30", "elapsed": 709.924745, "delta": 5.668657}}
{"target": -42.2674246910238, "params": {"C": 160.48704611896767, "epsilon": 0.9589485990149713, "gamma": 0.09728347952444161}, "datetime": {"datetime": "2021-09-28 12:50:33", "elapsed": 713.638656, "delta": 3.713911}}
{"target": -36.1832683529581, "params": {"C": 193.86154916179245, "epsilon": 0.16375238423611319, "gamma": 0.001}, "datetime": {"datetime": "2021-09-28 12:50:39", "elapsed": 719.584372, "delta": 5.945716}}
{"target": -48.94098932681949, "params": {"C": 235.11202677090444, "epsilon": 0.615395495736927, "gamma": 0.16637780657874157}, "datetime": {"datetime": "2021-09-28 12:50:43", "elapsed": 723.301051, "delta": 3.716679}}
{"target": -45.238711611725634, "params": {"C": 227.9586992604565, "epsilon": 2.803619618010101, "gamma": 0.11140221567524654}, "datetime": {"datetime": "2021-09-28 12:50:45", "elapsed": 725.304102, "delta": 2.003051}}
{"target": -39.14381184523091, "params": {"C": 194.2320211161158, "epsilon": 0.12158458547283539, "gamma": 0.03651753912452097}, "datetime": {"datetime": "2021-09-28 12:50:49", "elapsed": 729.63156, "delta": 4.327458}}
{"target": -38.21775377868279, "params": {"C": 160.74083320760218, "epsilon": 1.093713745477668, "gamma": 0.02179676642397974}, "datetime": {"datetime": "2021-09-28 12:50:53", "elapsed": 732.909149, "delta": 3.277589}}
{"target": -36.721395375315275, "params": {"C": 160.83465655169056, "epsilon": 0.937011856913414, "gamma": 0.0031253952565685923}, "datetime": {"datetime": "2021-09-28 12:50:58", "elapsed": 738.575688, "delta": 5.666539}}
{"target": -37.161224811348035, "params": {"C": 193.66351493300056, "epsilon": 0.030053361796430512, "gamma": 0.009970237037266322}, "datetime": {"datetime": "2021-09-28 12:51:03", "elapsed": 743.000895, "delta": 4.425207}}
{"target": -39.248277936073734, "params": {"C": 194.3963652736968, "epsilon": 0.592287830016445, "gamma": 0.03860657802294708}, "datetime": {"datetime": "2021-09-28 12:51:05", "elapsed": 745.391281, "delta": 2.390386}}
{"target": -39.829763091554504, "params": {"C": 266.97517133647574, "epsilon": 1.174797716695751, "gamma": 0.03829347069735027}, "datetime": {"datetime": "2021-09-28 12:51:08", "elapsed": 747.841249, "delta": 2.449968}}
{"target": -37.35471931144126, "params": {"C": 168.96385491833618, "epsilon": 2.1663585984248357, "gamma": 0.010513124640849709}, "datetime": {"datetime": "2021-09-28 12:51:12", "elapsed": 752.504931, "delta": 4.663682}}
{"target": -40.37651310843724, "params": {"C": 168.801102797996, "epsilon": 2.1085138660042655, "gamma": 0.06514299618845801}, "datetime": {"datetime": "2021-09-28 12:51:17", "elapsed": 757.764085, "delta": 5.259154}}
{"target": -37.158843127696244, "params": {"C": 193.42703831433954, "epsilon": 0.08177404399127583, "gamma": 0.009826789775642383}, "datetime": {"datetime": "2021-09-28 12:51:21", "elapsed": 761.757948, "delta": 3.993863}}
{"target": -43.52002837383804, "params": {"C": 169.09788714394946, "epsilon": 2.023555016143124, "gamma": 0.1094092098746827}, "datetime": {"datetime": "2021-09-28 12:51:26", "elapsed": 766.733844, "delta": 4.975896}}
{"target": -46.009221747545226, "params": {"C": 193.3993243517554, "epsilon": 0.17560993111108678, "gamma": 0.131343068904904}, "datetime": {"datetime": "2021-09-28 12:51:31", "elapsed": 771.074069, "delta": 4.340225}}
{"target": -38.82514964661674, "params": {"C": 233.27385178831673, "epsilon": 1.0804596480381417, "gamma": 0.024798886849965313}, "datetime": {"datetime": "2021-09-28 12:51:33", "elapsed": 773.56876, "delta": 2.494691}}
{"target": -36.34597634397941, "params": {"C": 233.47645612700745, "epsilon": 1.1169574001835885, "gamma": 0.0013030967819593797}, "datetime": {"datetime": "2021-09-28 12:51:38", "elapsed": 778.155133, "delta": 4.586373}}
{"target": -47.99112545722016, "params": {"C": 233.46771070377662, "epsilon": 1.093905146300213, "gamma": 0.1411031048099848}, "datetime": {"datetime": "2021-09-28 12:51:43", "elapsed": 783.140695, "delta": 4.985562}}
{"target": -36.27104755707723, "params": {"C": 233.41080867431234, "epsilon": 1.240582266141715, "gamma": 0.001}, "datetime": {"datetime": "2021-09-28 12:51:47", "elapsed": 787.139731, "delta": 3.999036}}
{"target": -42.292235046736046, "params": {"C": 161.0043009863484, "epsilon": 0.9935938469018073, "gamma": 0.097439325553272}, "datetime": {"datetime": "2021-09-28 12:51:49", "elapsed": 789.518567, "delta": 2.378836}}
{"target": -37.86154090875054, "params": {"C": 233.298981249679, "epsilon": 1.3251136870078701, "gamma": 0.014995445399038264}, "datetime": {"datetime": "2021-09-28 12:51:54", "elapsed": 794.590974, "delta": 5.072407}}
{"target": -44.2282844493925, "params": {"C": 233.46524000272646, "epsilon": 1.3335070558500124, "gamma": 0.10226913275670964}, "datetime": {"datetime": "2021-09-28 12:52:00", "elapsed": 800.132849, "delta": 5.541875}}
{"target": -38.8132199104659, "params": {"C": 215.36968773199607, "epsilon": 1.872370427447383, "gamma": 0.026849979812723915}, "datetime": {"datetime": "2021-09-28 12:52:05", "elapsed": 805.31543, "delta": 5.182581}}
{"target": -39.122085058038344, "params": {"C": 151.29259471009763, "epsilon": 2.1425812543717626, "gamma": 0.04186311904054192}, "datetime": {"datetime": "2021-09-28 12:52:07", "elapsed": 807.800753, "delta": 2.485323}}
{"target": -40.61736173757159, "params": {"C": 233.1455175987992, "epsilon": 1.2734498318610834, "gamma": 0.061487558527454765}, "datetime": {"datetime": "2021-09-28 12:52:12", "elapsed": 812.604865, "delta": 4.804112}}
{"target": -45.06685893207479, "params": {"C": 215.22167299122657, "epsilon": 1.6963545698800373, "gamma": 0.11346033649882142}, "datetime": {"datetime": "2021-09-28 12:52:18", "elapsed": 818.486172, "delta": 5.881307}}
{"target": -36.70579162622297, "params": {"C": 164.90443787206888, "epsilon": 1.4733454367277177, "gamma": 0.004158168228848794}, "datetime": {"datetime": "2021-09-28 12:52:22", "elapsed": 822.242204, "delta": 3.756032}}
{"target": -36.81401246791848, "params": {"C": 164.6829931984197, "epsilon": 1.6130455932017376, "gamma": 0.005247242654393692}, "datetime": {"datetime": "2021-09-28 12:52:27", "elapsed": 827.124063, "delta": 4.881859}}
{"target": -38.411119112984395, "params": {"C": 156.1868851152497, "epsilon": 1.456775485170671, "gamma": 0.027277226572189246}, "datetime": {"datetime": "2021-09-28 12:52:29", "elapsed": 829.555259, "delta": 2.431196}}
{"target": -47.14416543623179, "params": {"C": 173.62309768340958, "epsilon": 0.4563283959310349, "gamma": 0.15453816728169226}, "datetime": {"datetime": "2021-09-28 12:52:32", "elapsed": 832.152636, "delta": 2.597377}}
{"target": -36.5407435487345, "params": {"C": 164.5051627784449, "epsilon": 1.7458106684565278, "gamma": 0.0020893596736290343}, "datetime": {"datetime": "2021-09-28 12:52:37", "elapsed": 837.181708, "delta": 5.029072}}
{"target": -40.427188563115465, "params": {"C": 285.9462108953124, "epsilon": 0.9805448894646717, "gamma": 0.05140671873913585}, "datetime": {"datetime": "2021-09-28 12:52:39", "elapsed": 839.685414, "delta": 2.503706}}
{"target": -43.503650051725074, "params": {"C": 164.52790788986903, "epsilon": 1.7262375988965455, "gamma": 0.11056446066743096}, "datetime": {"datetime": "2021-09-28 12:52:44", "elapsed": 844.350584, "delta": 4.66517}}
{"target": -45.78768253608546, "params": {"C": 198.02790691122354, "epsilon": 0.6309668318908196, "gamma": 0.12667437687113542}, "datetime": {"datetime": "2021-09-28 12:52:46", "elapsed": 846.760856, "delta": 2.410272}}
{"target": -37.6970485888932, "params": {"C": 290.0523469932905, "epsilon": 1.3436341825656783, "gamma": 0.013821726024335925}, "datetime": {"datetime": "2021-09-28 12:52:49", "elapsed": 849.218864, "delta": 2.458008}}
{"target": -39.70758214631008, "params": {"C": 290.23496435877826, "epsilon": 1.2356193911616962, "gamma": 0.03443979843476349}, "datetime": {"datetime": "2021-09-28 12:52:54", "elapsed": 854.43923, "delta": 5.220366}}
{"target": -40.34734163241318, "params": {"C": 193.48306038052377, "epsilon": 0.0059153649083928395, "gamma": 0.05807108324073179}, "datetime": {"datetime": "2021-09-28 12:53:00", "elapsed": 860.451247, "delta": 6.012017}}
{"target": -48.95569279016107, "params": {"C": 290.1690318523581, "epsilon": 1.382193452123332, "gamma": 0.14405546401103234}, "datetime": {"datetime": "2021-09-28 12:53:06", "elapsed": 865.901438, "delta": 5.450191}}
{"target": -45.4535969706384, "params": {"C": 156.12085185064407, "epsilon": 1.3164839688920615, "gamma": 0.1389092367821394}, "datetime": {"datetime": "2021-09-28 12:53:11", "elapsed": 871.178782, "delta": 5.277344}}
{"target": -37.54548808361113, "params": {"C": 164.32638765454877, "epsilon": 1.8103577866405829, "gamma": 0.011838692376030177}, "datetime": {"datetime": "2021-09-28 12:53:16", "elapsed": 876.59587, "delta": 5.417088}}
{"target": -41.03431536317369, "params": {"C": 156.28097998176273, "epsilon": 1.6504414982489415, "gamma": 0.08005768842305341}, "datetime": {"datetime": "2021-09-28 12:53:20", "elapsed": 880.591118, "delta": 3.995248}}
{"target": -41.98478498644408, "params": {"C": 164.41501224312225, "epsilon": 1.9631163192210275, "gamma": 0.09142694997867978}, "datetime": {"datetime": "2021-09-28 12:53:26", "elapsed": 886.23678, "delta": 5.645662}}
{"target": -37.395982942152386, "params": {"C": 166.60408424374435, "epsilon": 1.2041191247174077, "gamma": 0.009353009999963618}, "datetime": {"datetime": "2021-09-28 12:53:29", "elapsed": 888.812557, "delta": 2.575777}}
{"target": -49.028749089579, "params": {"C": 242.56631150244334, "epsilon": 1.3725375065768948, "gamma": 0.1664281892938436}, "datetime": {"datetime": "2021-09-28 12:53:31", "elapsed": 891.545561, "delta": 2.733004}}
{"target": -42.238004761141724, "params": {"C": 167.8127031881643, "epsilon": 2.76171001766885, "gamma": 0.09343113844152753}, "datetime": {"datetime": "2021-09-28 12:53:34", "elapsed": 894.024574, "delta": 2.479013}}
{"target": -43.68710885807362, "params": {"C": 166.73891409780623, "epsilon": 1.1847507630196743, "gamma": 0.11265721960243033}, "datetime": {"datetime": "2021-09-28 12:53:38", "elapsed": 898.524028, "delta": 4.499454}}
{"target": -38.915086703902226, "params": {"C": 284.4489799117955, "epsilon": 2.142929377823509, "gamma": 0.02435203018739125}, "datetime": {"datetime": "2021-09-28 12:53:41", "elapsed": 901.080414, "delta": 2.556386}}
{"target": -36.79586838287478, "params": {"C": 290.0975111476098, "epsilon": 1.159411292695897, "gamma": 0.002757261187013348}, "datetime": {"datetime": "2021-09-28 12:53:46", "elapsed": 906.054751, "delta": 4.974337}}
{"target": -37.807612189844356, "params": {"C": 289.8112987830658, "epsilon": 1.3491168314002837, "gamma": 0.015551226121501793}, "datetime": {"datetime": "2021-09-28 12:53:51", "elapsed": 911.21952, "delta": 5.164769}}
{"target": -37.29536588462431, "params": {"C": 186.63194595258415, "epsilon": 0.83822551477723, "gamma": 0.009674453174216124}, "datetime": {"datetime": "2021-09-28 12:53:54", "elapsed": 914.058481, "delta": 2.838961}}
{"target": -48.37020800802246, "params": {"C": 289.95833726823116, "epsilon": 1.1861796654155523, "gamma": 0.13083863787864217}, "datetime": {"datetime": "2021-09-28 12:53:58", "elapsed": 918.320666, "delta": 4.262185}}
{"target": -36.92072633534795, "params": {"C": 164.41004868308346, "epsilon": 1.6987112250334822, "gamma": 0.006956463182687609}, "datetime": {"datetime": "2021-09-28 12:54:03", "elapsed": 923.403654, "delta": 5.082988}}
{"target": -39.31727791755449, "params": {"C": 166.48138434233348, "epsilon": 1.210115745355323, "gamma": 0.0431641512190147}, "datetime": {"datetime": "2021-09-28 12:54:08", "elapsed": 928.187659, "delta": 4.784005}}
{"target": -37.27340563040592, "params": {"C": 289.7420136829492, "epsilon": 1.5212637938681568, "gamma": 0.009871169931199863}, "datetime": {"datetime": "2021-09-28 12:54:13", "elapsed": 932.993583, "delta": 4.805924}}
{"target": -43.38219894269783, "params": {"C": 268.85825632857313, "epsilon": 2.53192352309371, "gamma": 0.08759434606982881}, "datetime": {"datetime": "2021-09-28 12:54:15", "elapsed": 935.738502, "delta": 2.744919}}
{"target": -39.25479703842409, "params": {"C": 186.50890897960764, "epsilon": 1.0097556906480034, "gamma": 0.03968668844834413}, "datetime": {"datetime": "2021-09-28 12:54:21", "elapsed": 941.460808, "delta": 5.722306}}
{"target": -47.73698929243874, "params": {"C": 186.64567494249036, "epsilon": 0.8450841304328515, "gamma": 0.156686411225347}, "datetime": {"datetime": "2021-09-28 12:54:26", "elapsed": 946.523866, "delta": 5.063058}}
{"target": -44.6400532303874, "params": {"C": 192.5971148696921, "epsilon": 1.2525381513395397, "gamma": 0.11599457690077583}, "datetime": {"datetime": "2021-09-28 12:54:29", "elapsed": 949.516024, "delta": 2.992158}}
{"target": -41.40276063651105, "params": {"C": 289.90275452258027, "epsilon": 1.5253812436825196, "gamma": 0.06679890322930832}, "datetime": {"datetime": "2021-09-28 12:54:36", "elapsed": 956.313135, "delta": 6.797111}}
{"target": -45.47994972531166, "params": {"C": 163.45156349133867, "epsilon": 1.7193229263049132, "gamma": 0.1354088700722306}, "datetime": {"datetime": "2021-09-28 12:54:39", "elapsed": 959.328213, "delta": 3.015078}}
{"target": -45.54144398081508, "params": {"C": 278.2712887798808, "epsilon": 0.9203097740575605, "gamma": 0.10483748058887256}, "datetime": {"datetime": "2021-09-28 12:54:42", "elapsed": 962.163522, "delta": 2.835309}}
{"target": -42.102188956224616, "params": {"C": 289.67376930315834, "epsilon": 1.4733372415756085, "gamma": 0.07440144464872839}, "datetime": {"datetime": "2021-09-28 12:54:49", "elapsed": 969.099008, "delta": 6.935486}}
{"target": -41.228482719257784, "params": {"C": 166.60464175825996, "epsilon": 1.3879487640301948, "gamma": 0.08254287072548147}, "datetime": {"datetime": "2021-09-28 12:54:54", "elapsed": 974.598102, "delta": 5.499094}}
