{"target": 0.44093859025868243, "params": {"C": 76.7132191122076, "epsilon": 0.5415175104642588, "gamma": 0.011228930692199901}, "datetime": {"datetime": "2021-09-24 08:54:16", "elapsed": 884.359177, "delta": 5.239306}}
{"target": 0.31931649383191874, "params": {"C": 76.69377691121566, "epsilon": 0.46326376309592526, "gamma": 0.15782448455930653}, "datetime": {"datetime": "2021-09-24 08:54:23", "elapsed": 891.374382, "delta": 7.015205}}
{"target": 0.3908680531543307, "params": {"C": 33.23431328056651, "epsilon": 0.18448359462226524, "gamma": 0.0872764952490556}, "datetime": {"datetime": "2021-09-24 08:54:28", "elapsed": 896.768987, "delta": 5.394605}}
{"target": 0.3853092171243703, "params": {"C": 44.16349531205837, "epsilon": 0.02690030559606344, "gamma": 0.08289970920392765}, "datetime": {"datetime": "2021-09-24 09:13:40", "elapsed": 0.0, "delta": 0.0}}
{"target": 0.4139016565311959, "params": {"C": 44.09691686920941, "epsilon": 0.42094743428540154, "gamma": 0.050219888329577245}, "datetime": {"datetime": "2021-09-24 09:13:40", "elapsed": 0.042996, "delta": 0.042996}}
{"target": 0.4145422736714913, "params": {"C": 21.26021476974641, "epsilon": 0.6196516953843131, "gamma": 0.04564854637750395}, "datetime": {"datetime": "2021-09-24 09:13:40", "elapsed": 0.069991, "delta": 0.026995}}
{"target": 0.40039388673828513, "params": {"C": 27.4159002351838, "epsilon": 0.6215126989365256, "gamma": 0.07984217204727882}, "datetime": {"datetime": "2021-09-24 09:13:40", "elapsed": 0.101331, "delta": 0.03134}}
{"target": 0.42001684642240755, "params": {"C": 14.323414589148422, "epsilon": 0.5140645431444807, "gamma": 0.028481539981390375}, "datetime": {"datetime": "2021-09-24 09:13:40", "elapsed": 0.133728, "delta": 0.032397}}
{"target": 0.3788856469791909, "params": {"C": 63.55890987161433, "epsilon": 0.2716946412306279, "gamma": 0.07815872961892431}, "datetime": {"datetime": "2021-09-24 09:13:40", "elapsed": 0.276495, "delta": 0.142767}}
{"target": 0.3839321184933916, "params": {"C": 42.64037299739112, "epsilon": 0.455128632035658, "gamma": 0.08699240756559976}, "datetime": {"datetime": "2021-09-24 09:13:41", "elapsed": 0.390923, "delta": 0.114428}}
{"target": 0.40847111366376443, "params": {"C": 20.339174042966793, "epsilon": 0.6230917559142056, "gamma": 0.07108462571376435}, "datetime": {"datetime": "2021-09-24 09:13:41", "elapsed": 0.486269, "delta": 0.095346}}
{"target": 0.3294675686427657, "params": {"C": 81.92000701544703, "epsilon": 0.055989611031671147, "gamma": 0.13095444741349474}, "datetime": {"datetime": "2021-09-24 09:13:41", "elapsed": 0.577526, "delta": 0.091257}}
{"target": 0.39069720495797344, "params": {"C": 39.95015081302628, "epsilon": 0.8263760559098713, "gamma": 0.08063461984004969}, "datetime": {"datetime": "2021-09-24 09:13:41", "elapsed": 0.668861, "delta": 0.091335}}
{"target": 0.4053758611145303, "params": {"C": 44.07798474344258, "epsilon": 0.440273716021629, "gamma": 0.05925054086264003}, "datetime": {"datetime": "2021-09-24 09:13:41", "elapsed": 0.780606, "delta": 0.111745}}
{"target": 0.3984506725274416, "params": {"C": 44.21760599311591, "epsilon": 0.35905163440111304, "gamma": 0.0668212737203949}, "datetime": {"datetime": "2021-09-24 09:13:41", "elapsed": 0.89234, "delta": 0.111734}}
{"target": 0.4135572170500349, "params": {"C": 14.436387772424686, "epsilon": 0.5029553541250825, "gamma": 0.0573962090843726}, "datetime": {"datetime": "2021-09-24 09:13:41", "elapsed": 1.024229, "delta": 0.131889}}
{"target": 0.3872399636398005, "params": {"C": 44.22219267992005, "epsilon": 0.35517905876672445, "gamma": 0.08125397025873424}, "datetime": {"datetime": "2021-09-24 09:13:41", "elapsed": 1.135239, "delta": 0.11101}}
{"target": 0.4345240860449815, "params": {"C": 44.20145404765643, "epsilon": 0.4138099422240457, "gamma": 0.009326880759225352}, "datetime": {"datetime": "2021-09-24 09:13:41", "elapsed": 1.267573, "delta": 0.132334}}
{"target": 0.3757929749077977, "params": {"C": 38.85095166247046, "epsilon": 0.1090302042446392, "gamma": 0.10287846188290717}, "datetime": {"datetime": "2021-09-24 09:13:42", "elapsed": 1.397818, "delta": 0.130245}}
{"target": 0.3812454121863784, "params": {"C": 14.301935091214885, "epsilon": 0.6277547577306871, "gamma": 0.10382477027877224}, "datetime": {"datetime": "2021-09-24 09:13:42", "elapsed": 1.529366, "delta": 0.131548}}
{"target": 0.34830636382637414, "params": {"C": 82.17560248957768, "epsilon": 0.4950227413808569, "gamma": 0.10030527378299159}, "datetime": {"datetime": "2021-09-24 09:13:42", "elapsed": 1.646818, "delta": 0.117452}}
{"target": 0.408837569741749, "params": {"C": 12.638303325986485, "epsilon": 0.4346211525407269, "gamma": 0.05933747737125542}, "datetime": {"datetime": "2021-09-24 09:13:42", "elapsed": 1.890928, "delta": 0.24411}}
{"target": 0.4238057262660364, "params": {"C": 18.778999115110942, "epsilon": 0.34896874638762043, "gamma": 0.015125663140935833}, "datetime": {"datetime": "2021-09-24 09:13:42", "elapsed": 2.072797, "delta": 0.181869}}
{"target": 0.4033365437441524, "params": {"C": 44.18780053397708, "epsilon": 0.49589098494101524, "gamma": 0.06119896709605304}, "datetime": {"datetime": "2021-09-24 09:13:43", "elapsed": 2.337584, "delta": 0.264787}}
{"target": 0.4147361727670622, "params": {"C": 13.43028845705678, "epsilon": 0.6401021843859215, "gamma": 0.01092503482704658}, "datetime": {"datetime": "2021-09-24 09:13:43", "elapsed": 2.532729, "delta": 0.195145}}
{"target": 0.4125125755939818, "params": {"C": 18.6845611658954, "epsilon": 0.3592587583230264, "gamma": 0.06008713992090277}, "datetime": {"datetime": "2021-09-24 09:13:43", "elapsed": 2.689785, "delta": 0.157056}}
{"target": 0.42129109382971486, "params": {"C": 18.828958838716915, "epsilon": 0.4431070404998705, "gamma": 0.023941893226483737}, "datetime": {"datetime": "2021-09-24 09:13:43", "elapsed": 2.841888, "delta": 0.152103}}
{"target": 0.37577515852231114, "params": {"C": 18.88778810594416, "epsilon": 0.3437505438964936, "gamma": 0.12385012099292948}, "datetime": {"datetime": "2021-09-24 09:13:43", "elapsed": 3.006345, "delta": 0.164457}}
{"target": 0.4109130397286247, "params": {"C": 18.737647575548735, "epsilon": 0.4844298622340584, "gamma": 0.065531352921874}, "datetime": {"datetime": "2021-09-24 09:13:43", "elapsed": 3.137955, "delta": 0.13161}}
{"target": 0.4180757259555158, "params": {"C": 14.33521682635819, "epsilon": 0.3589948966992246, "gamma": 0.015234795608267331}, "datetime": {"datetime": "2021-09-24 09:13:44", "elapsed": 3.395384, "delta": 0.257429}}
{"target": 0.34787058187308173, "params": {"C": 14.237005891616278, "epsilon": 0.43364411633537137, "gamma": 0.1347379421465519}, "datetime": {"datetime": "2021-09-24 09:13:44", "elapsed": 3.553126, "delta": 0.157742}}
{"target": 0.4235039528601138, "params": {"C": 25.958723871198266, "epsilon": 0.6050010116945473, "gamma": 0.030944397067949166}, "datetime": {"datetime": "2021-09-24 09:13:44", "elapsed": 3.721476, "delta": 0.16835}}
{"target": 0.37018068542913685, "params": {"C": 25.992950774381512, "epsilon": 0.6350051627423623, "gamma": 0.1331858595060049}, "datetime": {"datetime": "2021-09-24 09:13:44", "elapsed": 3.853021, "delta": 0.131545}}
{"target": 0.32112702261266024, "params": {"C": 2.1612542039199867, "epsilon": 0.9246934994255901, "gamma": 0.01930095691106549}, "datetime": {"datetime": "2021-09-24 09:13:44", "elapsed": 3.991205, "delta": 0.138184}}
{"target": 0.3429047330340701, "params": {"C": 25.88611047667642, "epsilon": 0.5413053885547561, "gamma": 0.001}, "datetime": {"datetime": "2021-09-24 09:13:44", "elapsed": 4.175827, "delta": 0.184622}}
{"target": 0.41974672917381306, "params": {"C": 66.88623962932581, "epsilon": 0.7111047210778415, "gamma": 0.003195496635796064}, "datetime": {"datetime": "2021-09-24 09:13:45", "elapsed": 4.347473, "delta": 0.171646}}
{"target": 0.41485584835721545, "params": {"C": 14.370513709119772, "epsilon": 0.4525295693565383, "gamma": 0.05394206566000419}, "datetime": {"datetime": "2021-09-24 09:13:45", "elapsed": 4.554203, "delta": 0.20673}}
{"target": 0.3431951641275438, "params": {"C": 26.009086094333426, "epsilon": 0.6492489557547109, "gamma": 0.001}, "datetime": {"datetime": "2021-09-24 09:13:45", "elapsed": 4.723609, "delta": 0.169406}}
{"target": 0.330559892938032, "params": {"C": 74.69062321553075, "epsilon": 0.6951062867906259, "gamma": 0.1411440826320688}, "datetime": {"datetime": "2021-09-24 09:13:45", "elapsed": 4.892957, "delta": 0.169348}}
{"target": 0.43667890006860044, "params": {"C": 44.17839019521973, "epsilon": 0.4374156586814851, "gamma": 0.016125503815110756}, "datetime": {"datetime": "2021-09-24 09:13:45", "elapsed": 5.055776, "delta": 0.162819}}
{"target": 0.39378378217072996, "params": {"C": 21.333878802524318, "epsilon": 0.09443702380289862, "gamma": 0.1004253803868103}, "datetime": {"datetime": "2021-09-24 09:13:45", "elapsed": 5.256383, "delta": 0.200607}}
{"target": 0.3835364235556906, "params": {"C": 52.933056310330244, "epsilon": 0.675326297164462, "gamma": 0.08116231133088633}, "datetime": {"datetime": "2021-09-24 09:13:46", "elapsed": 5.479105, "delta": 0.222722}}
{"target": 0.39163652801603954, "params": {"C": 18.80996940645917, "epsilon": 0.4756776622998616, "gamma": 0.10364998751592827}, "datetime": {"datetime": "2021-09-24 09:13:46", "elapsed": 5.71067, "delta": 0.231565}}
{"target": 0.4161259061479261, "params": {"C": 18.76986616372846, "epsilon": 0.4636906714356663, "gamma": 0.00912047306736087}, "datetime": {"datetime": "2021-09-24 09:13:46", "elapsed": 5.92692, "delta": 0.21625}}
{"target": 0.3752794194485831, "params": {"C": 31.302587030249462, "epsilon": 0.7435364343356875, "gamma": 0.11612120482768065}, "datetime": {"datetime": "2021-09-24 09:13:46", "elapsed": 6.08078, "delta": 0.15386}}
{"target": 0.381041010203402, "params": {"C": 60.42761739702839, "epsilon": 0.6773409403573273, "gamma": 0.0792054275344836}, "datetime": {"datetime": "2021-09-24 09:13:47", "elapsed": 6.304697, "delta": 0.223917}}
{"target": 0.4417481475086008, "params": {"C": 81.94917034337979, "epsilon": 0.18944512332648078, "gamma": 0.011266709763518106}, "datetime": {"datetime": "2021-09-24 09:13:47", "elapsed": 6.56644, "delta": 0.261743}}
{"target": 0.44661089758669514, "params": {"C": 81.90823288201109, "epsilon": 0.16195064376281634, "gamma": 0.01582411609393787}, "datetime": {"datetime": "2021-09-24 09:13:47", "elapsed": 6.84271, "delta": 0.27627}}
{"target": 0.3866362888203807, "params": {"C": 17.333793116657137, "epsilon": 0.29714570984572414, "gamma": 0.10754811078095744}, "datetime": {"datetime": "2021-09-24 09:13:47", "elapsed": 7.045317, "delta": 0.202607}}
{"target": 0.40770429008197706, "params": {"C": 81.8711385805796, "epsilon": 0.2112439534094028, "gamma": 0.04767683354717046}, "datetime": {"datetime": "2021-09-24 09:13:48", "elapsed": 7.298789, "delta": 0.253472}}
{"target": 0.3854747969661231, "params": {"C": 80.62557326867966, "epsilon": 0.4996094975496606, "gamma": 0.062094305400965846}, "datetime": {"datetime": "2021-09-24 09:13:48", "elapsed": 7.519763, "delta": 0.220974}}
{"target": 0.4085592573417065, "params": {"C": 8.669090793355183, "epsilon": 0.2625195338833321, "gamma": 0.037093531604577255}, "datetime": {"datetime": "2021-09-24 09:13:48", "elapsed": 7.720362, "delta": 0.200599}}
{"target": 0.3040037956854663, "params": {"C": 97.92314896542004, "epsilon": 0.22987614322386815, "gamma": 0.14975654524424173}, "datetime": {"datetime": "2021-09-24 09:13:48", "elapsed": 7.920963, "delta": 0.200601}}
{"target": 0.41805936769411234, "params": {"C": 18.749852769864287, "epsilon": 0.2618448727965984, "gamma": 0.010638240488889082}, "datetime": {"datetime": "2021-09-24 09:13:48", "elapsed": 8.121588, "delta": 0.200625}}
{"target": 0.3403498286219767, "params": {"C": 65.04526486800088, "epsilon": 0.08032036940729892, "gamma": 0.13306737134936603}, "datetime": {"datetime": "2021-09-24 09:13:49", "elapsed": 8.316009, "delta": 0.194421}}
{"target": 0.3400757853262798, "params": {"C": 88.68061207526505, "epsilon": 0.5152664820161171, "gamma": 0.10609502805544542}, "datetime": {"datetime": "2021-09-24 09:13:49", "elapsed": 8.544179, "delta": 0.22817}}
{"target": 0.36418106829845454, "params": {"C": 66.8527476805524, "epsilon": 0.7495553828273395, "gamma": 0.09237018884360981}, "datetime": {"datetime": "2021-09-24 09:13:49", "elapsed": 8.846179, "delta": 0.302}}
{"target": 0.4197310827477546, "params": {"C": 82.0152652456437, "epsilon": 0.09859468998510666, "gamma": 0.0033998480203576817}, "datetime": {"datetime": "2021-09-24 09:13:49", "elapsed": 9.093682, "delta": 0.247503}}
{"target": 0.43232199154374007, "params": {"C": 81.96166022957294, "epsilon": 0.11908142719994444, "gamma": 0.027083559589124073}, "datetime": {"datetime": "2021-09-24 09:13:50", "elapsed": 9.447601, "delta": 0.353919}}
{"target": 0.35105984336440976, "params": {"C": 84.12231398201752, "epsilon": 0.7058663662445229, "gamma": 0.0952536012116099}, "datetime": {"datetime": "2021-09-24 09:13:50", "elapsed": 9.663855, "delta": 0.216254}}
{"target": 0.4228014915082742, "params": {"C": 82.04908210557109, "epsilon": 0.2586102853538875, "gamma": 0.03759652463285522}, "datetime": {"datetime": "2021-09-24 09:13:50", "elapsed": 9.979983, "delta": 0.316128}}
{"target": 0.4162285816957886, "params": {"C": 18.652942787229836, "epsilon": 0.23397812350365282, "gamma": 0.04328298068929287}, "datetime": {"datetime": "2021-09-24 09:13:51", "elapsed": 10.412523, "delta": 0.43254}}
{"target": 0.40829366712191384, "params": {"C": 8.404971437555588, "epsilon": 0.04384812496301226, "gamma": 0.03361673126198214}, "datetime": {"datetime": "2021-09-24 09:13:51", "elapsed": 10.853152, "delta": 0.440629}}
{"target": 0.3452224318691174, "params": {"C": 82.03065467740353, "epsilon": 0.22174538607552519, "gamma": 0.10426077561944562}, "datetime": {"datetime": "2021-09-24 09:13:51", "elapsed": 11.242639, "delta": 0.389487}}
{"target": 0.39457010092352207, "params": {"C": 36.178435192338654, "epsilon": 0.9988767380402925, "gamma": 0.07777273549880957}, "datetime": {"datetime": "2021-09-24 09:13:52", "elapsed": 11.472988, "delta": 0.230349}}
{"target": 0.43217064195198807, "params": {"C": 47.727461953342406, "epsilon": 0.8125070957644305, "gamma": 0.025289898478188893}, "datetime": {"datetime": "2021-09-24 09:13:52", "elapsed": 11.895388, "delta": 0.4224}}
{"target": 0.4226483319702298, "params": {"C": 47.75413733139299, "epsilon": 0.7461537072684685, "gamma": 0.03795624432932786}, "datetime": {"datetime": "2021-09-24 09:13:53", "elapsed": 12.354778, "delta": 0.45939}}
{"target": 0.42710532623426456, "params": {"C": 29.607088803554976, "epsilon": 0.8519331879035241, "gamma": 0.02402210948148155}, "datetime": {"datetime": "2021-09-24 09:13:53", "elapsed": 12.64006, "delta": 0.285282}}
{"target": 0.4132306232598588, "params": {"C": 29.56334282325882, "epsilon": 0.7599405436801298, "gamma": 0.0045806077203700436}, "datetime": {"datetime": "2021-09-24 09:13:53", "elapsed": 12.933858, "delta": 0.293798}}
{"target": 0.35980128728857763, "params": {"C": 47.724684870090336, "epsilon": 0.8264505224659872, "gamma": 0.12164334160587999}, "datetime": {"datetime": "2021-09-24 09:13:53", "elapsed": 13.21418, "delta": 0.280322}}
{"target": 0.43533025548505144, "params": {"C": 47.65299179292416, "epsilon": 0.7225223272336047, "gamma": 0.017202264800546894}, "datetime": {"datetime": "2021-09-24 09:13:54", "elapsed": 13.547015, "delta": 0.332835}}
{"target": 0.4000326287557817, "params": {"C": 22.959776661337116, "epsilon": 0.09200344739549296, "gamma": 0.08702026330592474}, "datetime": {"datetime": "2021-09-24 09:13:54", "elapsed": 13.81564, "delta": 0.268625}}
{"target": 0.35280199852195415, "params": {"C": 61.45247529877838, "epsilon": 0.6564676606031922, "gamma": 0.11332258756557441}, "datetime": {"datetime": "2021-09-24 09:13:54", "elapsed": 14.063108, "delta": 0.247468}}
{"target": 0.4134531053673547, "params": {"C": 29.520267598982926, "epsilon": 0.8209168786524815, "gamma": 0.05373988764874189}, "datetime": {"datetime": "2021-09-24 09:13:55", "elapsed": 14.364361, "delta": 0.301253}}
{"target": 0.4381830571925476, "params": {"C": 82.09453166184421, "epsilon": 0.2990261067280598, "gamma": 0.023900045843368013}, "datetime": {"datetime": "2021-09-24 09:13:55", "elapsed": 14.698079, "delta": 0.333718}}
{"target": 0.42910026563260206, "params": {"C": 65.3228822261059, "epsilon": 0.8268100693544885, "gamma": 0.0333310259768787}, "datetime": {"datetime": "2021-09-24 09:13:55", "elapsed": 15.022103, "delta": 0.324024}}
{"target": 0.36945900254641906, "params": {"C": 35.87469736523453, "epsilon": 0.18254033625351881, "gamma": 0.12006427173499702}, "datetime": {"datetime": "2021-09-24 09:13:56", "elapsed": 15.323614, "delta": 0.301511}}
{"target": 0.42435047143702165, "params": {"C": 47.61606634065317, "epsilon": 0.8378971890664462, "gamma": 0.006810959326766337}, "datetime": {"datetime": "2021-09-24 09:13:56", "elapsed": 15.640151, "delta": 0.316537}}
{"target": 0.4142238589728563, "params": {"C": 76.934581086443, "epsilon": 0.4723079691706369, "gamma": 0.044991171465572743}, "datetime": {"datetime": "2021-09-24 09:13:56", "elapsed": 15.978563, "delta": 0.338412}}
{"target": 0.42202437162149276, "params": {"C": 81.9815485187373, "epsilon": 0.33692645474509175, "gamma": 0.003992117882958521}, "datetime": {"datetime": "2021-09-24 09:13:57", "elapsed": 16.357301, "delta": 0.378738}}
{"target": 0.402551267867272, "params": {"C": 12.148097108845246, "epsilon": 0.35808732695246404, "gamma": 0.06677684557083856}, "datetime": {"datetime": "2021-09-24 09:13:57", "elapsed": 16.663538, "delta": 0.306237}}
{"target": 0.40261164319593734, "params": {"C": 82.12083416943227, "epsilon": 0.23758244122956665, "gamma": 0.001}, "datetime": {"datetime": "2021-09-24 09:13:57", "elapsed": 17.117588, "delta": 0.45405}}
{"target": 0.419286952551705, "params": {"C": 65.37961286576304, "epsilon": 0.8378457117678542, "gamma": 0.002605153962740644}, "datetime": {"datetime": "2021-09-24 09:13:58", "elapsed": 17.647221, "delta": 0.529633}}
{"target": 0.3749939913079905, "params": {"C": 65.36784852485711, "epsilon": 0.7724327193613388, "gamma": 0.08179636840949608}, "datetime": {"datetime": "2021-09-24 09:13:58", "elapsed": 18.105046, "delta": 0.457825}}
{"target": 0.43975967733700827, "params": {"C": 82.0670885701218, "epsilon": 0.36269159459647016, "gamma": 0.009356197990006383}, "datetime": {"datetime": "2021-09-24 09:13:59", "elapsed": 18.543868, "delta": 0.438822}}
{"target": 0.3866535080406077, "params": {"C": 47.70815785225441, "epsilon": 0.6663343470147474, "gamma": 0.001}, "datetime": {"datetime": "2021-09-24 09:13:59", "elapsed": 18.975197, "delta": 0.431329}}
{"target": 0.43625912011919155, "params": {"C": 47.59582950055259, "epsilon": 0.7092207816375689, "gamma": 0.022288513239454525}, "datetime": {"datetime": "2021-09-24 09:14:00", "elapsed": 19.322996, "delta": 0.347799}}
{"target": 0.36131776789724956, "params": {"C": 96.34154744186792, "epsilon": 0.5382351597167122, "gamma": 0.0729491508051044}, "datetime": {"datetime": "2021-09-24 09:14:00", "elapsed": 19.677349, "delta": 0.354353}}
{"target": 0.41951463428198377, "params": {"C": 47.596286428914745, "epsilon": 0.7464963820718151, "gamma": 0.005507496505257838}, "datetime": {"datetime": "2021-09-24 09:14:00", "elapsed": 20.163328, "delta": 0.485979}}
{"target": 0.39768317282896537, "params": {"C": 29.62762028805898, "epsilon": 0.7938508205642025, "gamma": 0.08173502600450837}, "datetime": {"datetime": "2021-09-24 09:14:01", "elapsed": 20.611513, "delta": 0.448185}}
{"target": 0.3710846418811611, "params": {"C": 82.07242773069822, "epsilon": 0.3660519572192631, "gamma": 0.07055979808704074}, "datetime": {"datetime": "2021-09-24 09:14:01", "elapsed": 21.011733, "delta": 0.40022}}
{"target": 0.41790834680503164, "params": {"C": 11.219986809486562, "epsilon": 0.7298199943689851, "gamma": 0.02273475088553671}, "datetime": {"datetime": "2021-09-24 09:14:02", "elapsed": 21.334917, "delta": 0.323184}}
{"target": 0.32132797454170436, "params": {"C": 94.56806786882828, "epsilon": 0.3458903981490745, "gamma": 0.1292256522388155}, "datetime": {"datetime": "2021-09-24 09:14:02", "elapsed": 21.669421, "delta": 0.334504}}
{"target": 0.3762337742827341, "params": {"C": 61.622851394379964, "epsilon": 0.45568929357953925, "gamma": 0.08277399459027858}, "datetime": {"datetime": "2021-09-24 09:14:02", "elapsed": 22.001723, "delta": 0.332302}}
{"target": 0.3756475460265878, "params": {"C": 47.51980762757942, "epsilon": 0.6693628299620341, "gamma": 0.09553313533325641}, "datetime": {"datetime": "2021-09-24 09:14:03", "elapsed": 22.396451, "delta": 0.394728}}
{"target": 0.43725382938512924, "params": {"C": 47.8232234540842, "epsilon": 0.8240296904051666, "gamma": 0.012197511223510541}, "datetime": {"datetime": "2021-09-24 09:14:03", "elapsed": 22.758527, "delta": 0.362076}}
{"target": 0.3199819180601602, "params": {"C": 10.729958556818449, "epsilon": 0.72740800084963, "gamma": 0.1381143153335534}, "datetime": {"datetime": "2021-09-24 09:14:03", "elapsed": 23.085717, "delta": 0.32719}}
{"target": 0.27946739664731945, "params": {"C": 6.216633318117189, "epsilon": 0.3892319507411614, "gamma": 0.13393486615010863}, "datetime": {"datetime": "2021-09-24 09:14:04", "elapsed": 23.408763, "delta": 0.323046}}
{"target": 0.43742143376497633, "params": {"C": 65.2060690750291, "epsilon": 0.8426567737774154, "gamma": 0.008030402403355416}, "datetime": {"datetime": "2021-09-24 09:14:04", "elapsed": 23.78743, "delta": 0.378667}}
{"target": 0.3540138340949852, "params": {"C": 56.0544008130907, "epsilon": 0.40475245633392987, "gamma": 0.11713803549180712}, "datetime": {"datetime": "2021-09-24 09:14:04", "elapsed": 24.057089, "delta": 0.269659}}
{"target": 0.3718758324884601, "params": {"C": 29.830381906997857, "epsilon": 0.10495845868097278, "gamma": 0.12464608843577216}, "datetime": {"datetime": "2021-09-24 09:14:05", "elapsed": 24.494264, "delta": 0.437175}}
