{"target": 0.34189551121060713, "params": {"C": 109.94645387013801, "epsilon": 0.5014522222378726, "gamma": 0.09515810492512292}, "datetime": {"datetime": "2021-09-24 09:40:50", "elapsed": 227.379782, "delta": 2.398682}}
{"target": 0.4021796642860095, "params": {"C": 149.92763274483846, "epsilon": 0.562174423029754, "gamma": 0.03395655912443788}, "datetime": {"datetime": "2021-09-24 09:40:51", "elapsed": 228.537713, "delta": 1.157931}}
{"target": 0.4219257791212718, "params": {"C": 171.86112454165445, "epsilon": 0.641538238990029, "gamma": 0.0010081921310864056}, "datetime": {"datetime": "2021-09-24 09:40:52", "elapsed": 229.52579, "delta": 0.988077}}
{"target": 0.34437070676909454, "params": {"C": 148.13840090503356, "epsilon": 0.0027833552388659083, "gamma": 0.0749676756930346}, "datetime": {"datetime": "2021-09-24 09:40:53", "elapsed": 230.594607, "delta": 1.068817}}
{"target": 0.36062973678649, "params": {"C": 171.84000690522916, "epsilon": 0.7751879768460602, "gamma": 0.05812063661058218}, "datetime": {"datetime": "2021-09-24 09:40:55", "elapsed": 232.337444, "delta": 1.742837}}
{"target": 0.3282811480468292, "params": {"C": 105.98291530409728, "epsilon": 0.8914289968225757, "gamma": 0.11447320797725692}, "datetime": {"datetime": "2021-09-24 09:40:56", "elapsed": 234.306996, "delta": 1.969552}}
{"target": 0.4305513880504722, "params": {"C": 188.6422108194684, "epsilon": 0.4645735908434034, "gamma": 0.0015475870208818644}, "datetime": {"datetime": "2021-09-24 09:40:58", "elapsed": 236.153501, "delta": 1.846505}}
{"target": 0.3689374779676966, "params": {"C": 110.04171573800586, "epsilon": 0.41631553073413147, "gamma": 0.0005}, "datetime": {"datetime": "2021-09-24 09:41:00", "elapsed": 238.074801, "delta": 1.9213}}
{"target": 0.2964080494429434, "params": {"C": 188.66969510142454, "epsilon": 0.550731085829996, "gamma": 0.0973644054350859}, "datetime": {"datetime": "2021-09-24 09:41:02", "elapsed": 239.890147, "delta": 1.815346}}
{"target": 0.38004454673967547, "params": {"C": 188.54336874425383, "epsilon": 0.40240782086568583, "gamma": 0.046817886506569185}, "datetime": {"datetime": "2021-09-24 09:41:04", "elapsed": 242.033938, "delta": 2.143791}}
{"target": 0.36808962624615127, "params": {"C": 118.02869892389684, "epsilon": 0.7482296022006575, "gamma": 0.06886399364477384}, "datetime": {"datetime": "2021-09-24 09:41:05", "elapsed": 243.013793, "delta": 0.979855}}
{"target": 0.3881398037758038, "params": {"C": 133.22694686686395, "epsilon": 0.8093320824666276, "gamma": 0.054838614544983844}, "datetime": {"datetime": "2021-09-24 09:41:06", "elapsed": 244.184766, "delta": 1.170973}}
{"target": 0.41799057703788633, "params": {"C": 188.85271036469317, "epsilon": 0.49579923260654923, "gamma": 0.010520321628264055}, "datetime": {"datetime": "2021-09-24 09:41:09", "elapsed": 246.734099, "delta": 2.549333}}
{"target": 0.42146746276900904, "params": {"C": 110.08521259913557, "epsilon": 0.6063731460538174, "gamma": 0.0014121686604150702}, "datetime": {"datetime": "2021-09-24 09:41:12", "elapsed": 250.02571, "delta": 3.291611}}
{"target": 0.3821659010683215, "params": {"C": 143.53366264571937, "epsilon": 0.4084523719936123, "gamma": 0.055480666309811966}, "datetime": {"datetime": "2021-09-24 09:41:14", "elapsed": 251.606214, "delta": 1.580504}}
{"target": 0.42606820235720677, "params": {"C": 113.557997146806, "epsilon": 0.24050067013448967, "gamma": 0.0123862908933118}, "datetime": {"datetime": "2021-09-24 09:41:15", "elapsed": 252.966323, "delta": 1.360109}}
{"target": 0.3864908063015623, "params": {"C": 143.51849872927235, "epsilon": 0.5469845380940901, "gamma": 0.0005}, "datetime": {"datetime": "2021-09-24 09:41:18", "elapsed": 255.887556, "delta": 2.921233}}
{"target": 0.43323635295733354, "params": {"C": 143.9519046874554, "epsilon": 0.5946106861334415, "gamma": 0.006978875714820081}, "datetime": {"datetime": "2021-09-24 09:41:20", "elapsed": 257.675849, "delta": 1.788293}}
{"target": 0.4287965940369526, "params": {"C": 106.1260015641865, "epsilon": 0.6734883393733642, "gamma": 0.01186537973131993}, "datetime": {"datetime": "2021-09-24 09:41:23", "elapsed": 260.613858, "delta": 2.938009}}
{"target": 0.40308581410330124, "params": {"C": 149.1816521006059, "epsilon": 0.14694016364180812, "gamma": 0.028767792357525267}, "datetime": {"datetime": "2021-09-24 09:41:24", "elapsed": 261.762857, "delta": 1.148999}}
{"target": 0.3984909526739794, "params": {"C": 162.5556167682052, "epsilon": 0.022026858164973965, "gamma": 0.0005386054329061834}, "datetime": {"datetime": "2021-09-24 09:41:26", "elapsed": 263.858175, "delta": 2.095318}}
{"target": 0.4047927392802958, "params": {"C": 106.03586375929719, "epsilon": 0.6572996417144421, "gamma": 0.05182168874509033}, "datetime": {"datetime": "2021-09-24 09:41:29", "elapsed": 266.314154, "delta": 2.455979}}
{"target": 0.41964130625493257, "params": {"C": 106.21872736503103, "epsilon": 0.6368853756038956, "gamma": 0.020069154362407717}, "datetime": {"datetime": "2021-09-24 09:41:31", "elapsed": 268.379765, "delta": 2.065611}}
{"target": 0.37063881209985283, "params": {"C": 144.00870219430203, "epsilon": 0.7586593838640946, "gamma": 0.05997400673831522}, "datetime": {"datetime": "2021-09-24 09:41:32", "elapsed": 270.066, "delta": 1.686235}}
{"target": 0.4380964938422849, "params": {"C": 106.19043814731013, "epsilon": 0.7172415342251823, "gamma": 0.007081159893052696}, "datetime": {"datetime": "2021-09-24 09:41:35", "elapsed": 273.239903, "delta": 3.173903}}
{"target": 0.3782002331890243, "params": {"C": 106.1156261795081, "epsilon": 0.7239129947132071, "gamma": 0.06799171435247248}, "datetime": {"datetime": "2021-09-24 09:41:38", "elapsed": 275.381836, "delta": 2.141933}}
{"target": 0.4103736873014916, "params": {"C": 113.55640201612272, "epsilon": 0.3966281343722442, "gamma": 0.031087374137142666}, "datetime": {"datetime": "2021-09-24 09:41:39", "elapsed": 277.058611, "delta": 1.676775}}
{"target": 0.4216063792889623, "params": {"C": 106.31104995729791, "epsilon": 0.7061698339868154, "gamma": 0.018552512634342225}, "datetime": {"datetime": "2021-09-24 09:41:42", "elapsed": 279.389782, "delta": 2.331171}}
{"target": 0.3650502628689296, "params": {"C": 106.10882032718051, "epsilon": 0.5649419498745494, "gamma": 0.0005}, "datetime": {"datetime": "2021-09-24 09:41:44", "elapsed": 281.994835, "delta": 2.605053}}
{"target": 0.4059970143092455, "params": {"C": 145.39380978456487, "epsilon": 0.9972543609744986, "gamma": 0.02980761148195446}, "datetime": {"datetime": "2021-09-24 09:41:47", "elapsed": 285.244644, "delta": 3.249809}}
{"target": 0.419438053637058, "params": {"C": 118.09959129125733, "epsilon": 0.42105852273708644, "gamma": 0.014887750957232153}, "datetime": {"datetime": "2021-09-24 09:41:50", "elapsed": 288.064398, "delta": 2.819754}}
{"target": 0.3872157185539047, "params": {"C": 145.26874320871036, "epsilon": 0.845617411869783, "gamma": 0.0005}, "datetime": {"datetime": "2021-09-24 09:41:54", "elapsed": 291.683655, "delta": 3.619257}}
{"target": 0.435194955022533, "params": {"C": 113.50773302877444, "epsilon": 0.4736463257483885, "gamma": 0.0037760548128074212}, "datetime": {"datetime": "2021-09-24 09:41:57", "elapsed": 294.89163, "delta": 3.207975}}
{"target": 0.4042387746368835, "params": {"C": 114.92118544612731, "epsilon": 0.7572953350336914, "gamma": 0.04966609969051214}, "datetime": {"datetime": "2021-09-24 09:41:58", "elapsed": 296.225279, "delta": 1.333649}}
{"target": 0.4091606731905869, "params": {"C": 188.71792528343627, "epsilon": 0.42878535476047275, "gamma": 0.016912456033824567}, "datetime": {"datetime": "2021-09-24 09:42:01", "elapsed": 298.834668, "delta": 2.609389}}
{"target": 0.4355765175315184, "params": {"C": 110.00393007719354, "epsilon": 0.676658970630149, "gamma": 0.0039994425513378935}, "datetime": {"datetime": "2021-09-24 09:42:03", "elapsed": 300.954064, "delta": 2.119396}}
{"target": 0.3304355826690816, "params": {"C": 107.73786057680033, "epsilon": 0.05909291206204476, "gamma": 0.10789978686077438}, "datetime": {"datetime": "2021-09-24 09:42:06", "elapsed": 303.456445, "delta": 2.502381}}
{"target": 0.3696187130318992, "params": {"C": 110.55822934913803, "epsilon": 0.48870641793185415, "gamma": 0.0005}, "datetime": {"datetime": "2021-09-24 09:42:08", "elapsed": 306.238883, "delta": 2.782438}}
{"target": 0.31401998583438295, "params": {"C": 155.03747957993892, "epsilon": 0.34951746942173223, "gamma": 0.09784331177645607}, "datetime": {"datetime": "2021-09-24 09:42:10", "elapsed": 307.632978, "delta": 1.394095}}
{"target": 0.4120183307296704, "params": {"C": 106.25688870691481, "epsilon": 0.7920838984875564, "gamma": 0.0010274709238280266}, "datetime": {"datetime": "2021-09-24 09:42:12", "elapsed": 309.705955, "delta": 2.072977}}
{"target": 0.36509299689528574, "params": {"C": 146.5678113090735, "epsilon": 0.41194274278727766, "gamma": 0.06185988628617105}, "datetime": {"datetime": "2021-09-24 09:42:15", "elapsed": 312.323927, "delta": 2.617972}}
{"target": 0.41735638947506415, "params": {"C": 110.0213946386819, "epsilon": 0.7795411076034977, "gamma": 0.02068226146957545}, "datetime": {"datetime": "2021-09-24 09:42:18", "elapsed": 315.579839, "delta": 3.255912}}
{"target": 0.3643343182012775, "params": {"C": 106.14164261588805, "epsilon": 0.8845716885923085, "gamma": 0.0005}, "datetime": {"datetime": "2021-09-24 09:42:21", "elapsed": 318.930076, "delta": 3.350237}}
{"target": 0.4355908246049296, "params": {"C": 107.590557954445, "epsilon": 0.026471707953376174, "gamma": 0.00399857487240088}, "datetime": {"datetime": "2021-09-24 09:42:24", "elapsed": 321.578865, "delta": 2.648789}}
{"target": 0.31969973577818145, "params": {"C": 118.15766579190311, "epsilon": 0.42308687941065, "gamma": 0.1149188713762408}, "datetime": {"datetime": "2021-09-24 09:42:26", "elapsed": 323.849458, "delta": 2.270593}}
{"target": 0.348117552461358, "params": {"C": 106.27890103162079, "epsilon": 0.6674431929470773, "gamma": 0.09202469880210365}, "datetime": {"datetime": "2021-09-24 09:42:29", "elapsed": 327.175902, "delta": 3.326444}}
{"target": 0.34104841372396244, "params": {"C": 104.89108773509422, "epsilon": 0.8463402475055928, "gamma": 0.09948537738850168}, "datetime": {"datetime": "2021-09-24 09:42:32", "elapsed": 329.783561, "delta": 2.607659}}
{"target": 0.4047730506478875, "params": {"C": 117.8334224605191, "epsilon": 0.6458279310661067, "gamma": 0.04767717879264396}, "datetime": {"datetime": "2021-09-24 09:42:34", "elapsed": 331.955857, "delta": 2.172296}}
{"target": 0.35714522683328975, "params": {"C": 126.32290105834672, "epsilon": 0.8540429770082639, "gamma": 0.0737784320599521}, "datetime": {"datetime": "2021-09-24 09:42:36", "elapsed": 333.383385, "delta": 1.427528}}
{"target": 0.3454522150728506, "params": {"C": 110.0150914702971, "epsilon": 0.6462486681971903, "gamma": 0.0921818185744653}, "datetime": {"datetime": "2021-09-24 09:42:38", "elapsed": 336.048107, "delta": 2.664722}}
{"target": 0.35041267510514373, "params": {"C": 127.88365354391759, "epsilon": 0.2163811871724585, "gamma": 0.07895176588103416}, "datetime": {"datetime": "2021-09-24 09:42:40", "elapsed": 337.582486, "delta": 1.534379}}
{"target": 0.27283791309511585, "params": {"C": 159.79682714051188, "epsilon": 0.04497285294303662, "gamma": 0.130401888545879}, "datetime": {"datetime": "2021-09-24 09:42:42", "elapsed": 339.403585, "delta": 1.821099}}
{"target": 0.4378434232461731, "params": {"C": 106.00014206058201, "epsilon": 0.769316061288538, "gamma": 0.005393498764132839}, "datetime": {"datetime": "2021-09-24 09:42:46", "elapsed": 343.649705, "delta": 4.24612}}
{"target": 0.4355994880326918, "params": {"C": 113.63728236576749, "epsilon": 0.22408758050628522, "gamma": 0.008293250925057961}, "datetime": {"datetime": "2021-09-24 09:42:50", "elapsed": 347.850818, "delta": 4.201113}}
{"target": 0.4126943873276884, "params": {"C": 110.42477110541063, "epsilon": 0.4179182649738554, "gamma": 0.0009818373816401012}, "datetime": {"datetime": "2021-09-24 09:42:53", "elapsed": 350.496823, "delta": 2.646005}}
{"target": 0.41270019671549196, "params": {"C": 105.90529770879554, "epsilon": 0.7562357210378894, "gamma": 0.03142025363838666}, "datetime": {"datetime": "2021-09-24 09:42:56", "elapsed": 353.430772, "delta": 2.933949}}
{"target": 0.37125957271619636, "params": {"C": 113.62045495521369, "epsilon": 0.3034107452275474, "gamma": 0.0005}, "datetime": {"datetime": "2021-09-24 09:42:58", "elapsed": 356.179497, "delta": 2.748725}}
{"target": 0.4335564294215083, "params": {"C": 110.26110214057401, "epsilon": 0.48623187751117247, "gamma": 0.00879963451263856}, "datetime": {"datetime": "2021-09-24 09:43:01", "elapsed": 358.937992, "delta": 2.758495}}
{"target": 0.32450645871801564, "params": {"C": 148.78649146615248, "epsilon": 0.910783388579179, "gamma": 0.09194698242195976}, "datetime": {"datetime": "2021-09-24 09:43:04", "elapsed": 361.451996, "delta": 2.514004}}
{"target": 0.2798708587279115, "params": {"C": 137.40276687343797, "epsilon": 0.36441318854331506, "gamma": 0.14079389628815175}, "datetime": {"datetime": "2021-09-24 09:43:05", "elapsed": 362.901071, "delta": 1.449075}}
{"target": 0.42914711729272736, "params": {"C": 144.3161539588271, "epsilon": 0.6332498958986753, "gamma": 0.009493400594172755}, "datetime": {"datetime": "2021-09-24 09:43:08", "elapsed": 366.146993, "delta": 3.245922}}
{"target": 0.31317380019920593, "params": {"C": 144.2610170978682, "epsilon": 0.5862730984717176, "gamma": 0.10498138555251364}, "datetime": {"datetime": "2021-09-24 09:43:12", "elapsed": 369.818976, "delta": 3.671983}}
{"target": 0.33890961469418224, "params": {"C": 130.48540096403192, "epsilon": 0.92534200058092, "gamma": 0.08601562990850631}, "datetime": {"datetime": "2021-09-24 09:43:15", "elapsed": 373.253094, "delta": 3.434118}}
{"target": 0.3015300018446173, "params": {"C": 164.3173564514138, "epsilon": 0.2877155205203689, "gamma": 0.10381785654069113}, "datetime": {"datetime": "2021-09-24 09:43:17", "elapsed": 374.58031, "delta": 1.327216}}
{"target": 0.4195180792024501, "params": {"C": 171.96911018689832, "epsilon": 0.6220384441402035, "gamma": 0.01094213552982078}, "datetime": {"datetime": "2021-09-24 09:43:19", "elapsed": 376.783014, "delta": 2.202704}}
{"target": 0.41320766870400216, "params": {"C": 143.97272142827592, "epsilon": 0.5235071337398397, "gamma": 0.019070754900664056}, "datetime": {"datetime": "2021-09-24 09:43:21", "elapsed": 378.975829, "delta": 2.192815}}
{"target": 0.40590790468945326, "params": {"C": 192.9514544789246, "epsilon": 0.08730818111595863, "gamma": 0.0005}, "datetime": {"datetime": "2021-09-24 09:43:25", "elapsed": 382.365767, "delta": 3.389938}}
{"target": 0.4026465619754839, "params": {"C": 144.02316235507803, "epsilon": 0.9909106610475793, "gamma": 0.03770366000163713}, "datetime": {"datetime": "2021-09-24 09:43:27", "elapsed": 384.77369, "delta": 2.407923}}
{"target": 0.33548015075199744, "params": {"C": 100.9131146892251, "epsilon": 0.23132882894451154, "gamma": 0.10815845774681043}, "datetime": {"datetime": "2021-09-24 09:43:28", "elapsed": 386.119485, "delta": 1.345795}}
{"target": 0.43245519564395263, "params": {"C": 144.3524985588693, "epsilon": 0.8148743742297536, "gamma": 0.0021718207125174817}, "datetime": {"datetime": "2021-09-24 09:43:31", "elapsed": 388.585551, "delta": 2.466066}}
{"target": 0.43310269265958645, "params": {"C": 110.30338321541848, "epsilon": 0.3639084239724831, "gamma": 0.009091829819154566}, "datetime": {"datetime": "2021-09-24 09:43:34", "elapsed": 391.569168, "delta": 2.983617}}
{"target": 0.2984925786339132, "params": {"C": 171.88895992847466, "epsilon": 0.6122524298229557, "gamma": 0.10286182113075978}, "datetime": {"datetime": "2021-09-24 09:43:37", "elapsed": 394.54546, "delta": 2.976292}}
{"target": 0.33429186999655724, "params": {"C": 185.55247609426397, "epsilon": 0.42517359356018, "gamma": 0.07084527164325063}, "datetime": {"datetime": "2021-09-24 09:43:38", "elapsed": 395.804675, "delta": 1.259215}}
{"target": 0.3186154865498637, "params": {"C": 144.39507249075592, "epsilon": 0.8555336349730365, "gamma": 0.10004701682600955}, "datetime": {"datetime": "2021-09-24 09:43:41", "elapsed": 398.842849, "delta": 3.038174}}
{"target": 0.415979694885905, "params": {"C": 109.84046180659895, "epsilon": 0.3268366366719251, "gamma": 0.021212790935905442}, "datetime": {"datetime": "2021-09-24 09:43:44", "elapsed": 401.523634, "delta": 2.680785}}
{"target": 0.4356751519877954, "params": {"C": 105.95675088452955, "epsilon": 0.6949744114113756, "gamma": 0.004113903107543731}, "datetime": {"datetime": "2021-09-24 09:43:47", "elapsed": 404.458227, "delta": 2.934593}}
{"target": 0.41790510952796434, "params": {"C": 105.90963142786964, "epsilon": 0.600846848960071, "gamma": 0.02281760092676689}, "datetime": {"datetime": "2021-09-24 09:43:50", "elapsed": 407.729781, "delta": 3.271554}}
{"target": 0.40579584508804645, "params": {"C": 144.43081531052619, "epsilon": 0.6931711303323864, "gamma": 0.028066142800907648}, "datetime": {"datetime": "2021-09-24 09:43:53", "elapsed": 411.07879, "delta": 3.349009}}
{"target": 0.31301138383342775, "params": {"C": 105.88270209862489, "epsilon": 0.6491036949137841, "gamma": 0.13566198120781198}, "datetime": {"datetime": "2021-09-24 09:43:55", "elapsed": 413.28122, "delta": 2.20243}}
{"target": 0.3321702941870247, "params": {"C": 145.29748009834205, "epsilon": 0.7130462412641868, "gamma": 0.08484038086163546}, "datetime": {"datetime": "2021-09-24 09:43:58", "elapsed": 416.263176, "delta": 2.981956}}
{"target": 0.34119585245200146, "params": {"C": 109.94054079306468, "epsilon": 0.29398440429391953, "gamma": 0.09579663541021537}, "datetime": {"datetime": "2021-09-24 09:44:01", "elapsed": 418.734579, "delta": 2.471403}}
{"target": 0.30064748620333803, "params": {"C": 143.9256439468571, "epsilon": 0.595177390480876, "gamma": 0.11639330602555886}, "datetime": {"datetime": "2021-09-24 09:44:03", "elapsed": 421.117371, "delta": 2.382792}}
{"target": 0.4331247239817635, "params": {"C": 109.76477898960395, "epsilon": 0.40403436450713315, "gamma": 0.003499668905029527}, "datetime": {"datetime": "2021-09-24 09:44:06", "elapsed": 423.548011, "delta": 2.43064}}
{"target": 0.4240199493808545, "params": {"C": 110.43954376663582, "epsilon": 0.7623902166006987, "gamma": 0.0019234728129395326}, "datetime": {"datetime": "2021-09-24 09:44:08", "elapsed": 426.160739, "delta": 2.612728}}
{"target": 0.41600849860068223, "params": {"C": 109.70224948676427, "epsilon": 0.27221297746785583, "gamma": 0.021361476583806015}, "datetime": {"datetime": "2021-09-24 09:44:11", "elapsed": 428.384417, "delta": 2.223678}}
{"target": 0.3681171681187274, "params": {"C": 185.21666191047655, "epsilon": 0.6456396370047753, "gamma": 0.0522740416876836}, "datetime": {"datetime": "2021-09-24 09:44:12", "elapsed": 429.823083, "delta": 1.438666}}
{"target": 0.36238477867789576, "params": {"C": 109.73456435837792, "epsilon": 0.3404318852246151, "gamma": 0.07637996114287034}, "datetime": {"datetime": "2021-09-24 09:44:14", "elapsed": 432.163827, "delta": 2.340744}}
{"target": 0.43116239348670893, "params": {"C": 172.06651188305443, "epsilon": 0.6292831103853163, "gamma": 0.006448861095190349}, "datetime": {"datetime": "2021-09-24 09:44:18", "elapsed": 435.689315, "delta": 3.525488}}
{"target": 0.3950827593664735, "params": {"C": 117.16595933597895, "epsilon": 0.998269507372698, "gamma": 0.05545638185257969}, "datetime": {"datetime": "2021-09-24 09:44:19", "elapsed": 437.078617, "delta": 1.389302}}
{"target": 0.38873399353349014, "params": {"C": 146.55914114482545, "epsilon": 0.2798996720357004, "gamma": 0.0005}, "datetime": {"datetime": "2021-09-24 09:44:23", "elapsed": 440.710205, "delta": 3.631588}}
{"target": 0.4008415472567476, "params": {"C": 172.00098100858537, "epsilon": 0.689638136812103, "gamma": 0.029866176926473174}, "datetime": {"datetime": "2021-09-24 09:44:26", "elapsed": 443.636209, "delta": 2.926004}}
{"target": 0.4160058924982456, "params": {"C": 109.82589397742436, "epsilon": 0.4937658105198123, "gamma": 0.02480237434900151}, "datetime": {"datetime": "2021-09-24 09:44:29", "elapsed": 447.108279, "delta": 3.47207}}
{"target": 0.40674231265281136, "params": {"C": 172.15425483119134, "epsilon": 0.5950029332208656, "gamma": 0.02147095759583582}, "datetime": {"datetime": "2021-09-24 09:44:33", "elapsed": 450.623041, "delta": 3.514762}}
{"target": 0.3434635447183845, "params": {"C": 121.06882059993413, "epsilon": 0.770893377550527, "gamma": 0.08733993987096285}, "datetime": {"datetime": "2021-09-24 09:44:34", "elapsed": 452.004413, "delta": 1.381372}}
{"target": 0.41577509719271366, "params": {"C": 110.21296969163492, "epsilon": 0.394863737022964, "gamma": 0.023728158280988933}, "datetime": {"datetime": "2021-09-24 09:44:37", "elapsed": 454.87215, "delta": 2.867737}}
{"target": 0.4120210080391137, "params": {"C": 197.30571522709116, "epsilon": 0.4785335665216859, "gamma": 0.013252624803730621}, "datetime": {"datetime": "2021-09-24 09:44:38", "elapsed": 456.160799, "delta": 1.288649}}
{"target": 0.4247419822588673, "params": {"C": 144.42520735397608, "epsilon": 0.5839482116824497, "gamma": 0.01110795792950578}, "datetime": {"datetime": "2021-09-24 09:44:41", "elapsed": 459.099702, "delta": 2.938903}}
{"target": 0.42189934045113, "params": {"C": 144.44236615971215, "epsilon": 0.47013016003790126, "gamma": 0.0012912145954807786}, "datetime": {"datetime": "2021-09-24 09:44:46", "elapsed": 463.608758, "delta": 4.509056}}
{"target": 0.4273776426173417, "params": {"C": 109.70881068837079, "epsilon": 0.483317976751527, "gamma": 0.012559042628034835}, "datetime": {"datetime": "2021-09-24 09:44:49", "elapsed": 467.151649, "delta": 3.542891}}
{"target": 0.3959969193499262, "params": {"C": 110.5203387897796, "epsilon": 0.33686555555590997, "gamma": 0.057589245378956794}, "datetime": {"datetime": "2021-09-24 09:44:53", "elapsed": 470.974999, "delta": 3.82335}}
