{"target": 0.3610320025371051, "params": {"C": 32.98300618321703, "epsilon": 0.18120740269812757, "gamma": 0.20488610535952925}, "datetime": {"datetime": "2021-09-24 08:54:13", "elapsed": 866.45027, "delta": 2.262793}}
{"target": 0.400531506530004, "params": {"C": 19.37295613980609, "epsilon": 0.10238876946400088, "gamma": 0.13598016189966106}, "datetime": {"datetime": "2021-09-24 08:54:19", "elapsed": 872.427402, "delta": 5.977132}}
{"target": 0.37851875754975695, "params": {"C": 18.445729074104833, "epsilon": 0.06182108047089966, "gamma": 0.18278039047569003}, "datetime": {"datetime": "2021-09-24 08:54:25", "elapsed": 878.554571, "delta": 6.127169}}
{"target": 0.426390868789538, "params": {"C": 14.416501495812698, "epsilon": 0.8964460133312007, "gamma": 0.08812850593701604}, "datetime": {"datetime": "2021-09-24 08:54:31", "elapsed": 884.114511, "delta": 5.55994}}
{"target": 0.3550994808544211, "params": {"C": 77.36074368340785, "epsilon": 0.021731197410042098, "gamma": 0.10603778819115305}, "datetime": {"datetime": "2021-09-24 09:09:57", "elapsed": 0.0, "delta": 0.0}}
{"target": 0.4095426256038427, "params": {"C": 75.13158437132257, "epsilon": 0.49900850529028784, "gamma": 0.05697559746370172}, "datetime": {"datetime": "2021-09-24 09:09:57", "elapsed": 0.043995, "delta": 0.043995}}
{"target": 0.4389348543820971, "params": {"C": 20.608223611202774, "epsilon": 0.7607701814867598, "gamma": 0.05029330038750425}, "datetime": {"datetime": "2021-09-24 09:09:57", "elapsed": 0.076002, "delta": 0.032007}}
{"target": 0.38392680987880135, "params": {"C": 9.745641603227016, "epsilon": 0.6856744585494294, "gamma": 0.14440720154339237}, "datetime": {"datetime": "2021-09-24 09:09:57", "elapsed": 0.095561, "delta": 0.019559}}
{"target": 0.17900129930141317, "params": {"C": 1.3908783664635307, "epsilon": 0.5126800711223909, "gamma": 0.12751451539825362}, "datetime": {"datetime": "2021-09-24 09:09:57", "elapsed": 0.122214, "delta": 0.026653}}
{"target": 0.39547690044769757, "params": {"C": 16.09868439984728, "epsilon": 0.001, "gamma": 0.15}, "datetime": {"datetime": "2021-09-24 09:09:57", "elapsed": 0.322588, "delta": 0.200374}}
{"target": 0.42711225836468614, "params": {"C": 69.09645869428039, "epsilon": 1.0, "gamma": 0.03}, "datetime": {"datetime": "2021-09-24 09:09:58", "elapsed": 0.623141, "delta": 0.300553}}
{"target": 0.4085767357539878, "params": {"C": 13.174576695933766, "epsilon": 0.6496125531693814, "gamma": 0.12691778133401566}, "datetime": {"datetime": "2021-09-24 09:09:58", "elapsed": 0.723274, "delta": 0.100133}}
{"target": 0.4362631976484954, "params": {"C": 28.51509014193561, "epsilon": 1.0, "gamma": 0.03}, "datetime": {"datetime": "2021-09-24 09:09:58", "elapsed": 0.994636, "delta": 0.271362}}
{"target": 0.4008449439991524, "params": {"C": 13.206835115552442, "epsilon": 0.6814369836631107, "gamma": 0.1415704058427976}, "datetime": {"datetime": "2021-09-24 09:09:58", "elapsed": 1.143637, "delta": 0.149001}}
{"target": 0.4403153898033333, "params": {"C": 12.51264226575752, "epsilon": 0.001, "gamma": 0.03}, "datetime": {"datetime": "2021-09-24 09:09:58", "elapsed": 1.309679, "delta": 0.166042}}
{"target": 0.4168124572688202, "params": {"C": 11.94438894675836, "epsilon": 0.8827102729540341, "gamma": 0.11122022833451269}, "datetime": {"datetime": "2021-09-24 09:09:59", "elapsed": 1.499143, "delta": 0.189464}}
{"target": 0.4180961052741393, "params": {"C": 19.429269314197807, "epsilon": 0.6292772714136157, "gamma": 0.10289400975045279}, "datetime": {"datetime": "2021-09-24 09:09:59", "elapsed": 1.661352, "delta": 0.162209}}
{"target": 0.39430293238222247, "params": {"C": 21.572511058386073, "epsilon": 0.001, "gamma": 0.15}, "datetime": {"datetime": "2021-09-24 09:09:59", "elapsed": 1.791506, "delta": 0.130154}}
{"target": 0.43307069440264534, "params": {"C": 29.72156224220068, "epsilon": 0.9247978526482629, "gamma": 0.053729289601002886}, "datetime": {"datetime": "2021-09-24 09:09:59", "elapsed": 2.061509, "delta": 0.270003}}
{"target": 0.43401103672180674, "params": {"C": 29.020669906935886, "epsilon": 0.013120638972127858, "gamma": 0.04461368018186264}, "datetime": {"datetime": "2021-09-24 09:09:59", "elapsed": 2.213504, "delta": 0.151995}}
{"target": 0.3896185768106536, "params": {"C": 27.598858900433523, "epsilon": 0.022270930582682993, "gamma": 0.14661744128700882}, "datetime": {"datetime": "2021-09-24 09:09:59", "elapsed": 2.33716, "delta": 0.123656}}
{"target": 0.3851899323160872, "params": {"C": 30.71122566016569, "epsilon": 0.06459102050030648, "gamma": 0.14615989364119525}, "datetime": {"datetime": "2021-09-24 09:10:00", "elapsed": 2.549169, "delta": 0.212009}}
{"target": 0.3342001325349381, "params": {"C": 70.40900287750084, "epsilon": 0.5664499081001265, "gamma": 0.14780332737843466}, "datetime": {"datetime": "2021-09-24 09:10:00", "elapsed": 2.849484, "delta": 0.300315}}
{"target": 0.4275251044374385, "params": {"C": 67.89926926199702, "epsilon": 1.0, "gamma": 0.03}, "datetime": {"datetime": "2021-09-24 09:10:00", "elapsed": 3.020211, "delta": 0.170727}}
{"target": 0.373850721591109, "params": {"C": 68.41533504763744, "epsilon": 0.08726525328842108, "gamma": 0.09441125170260167}, "datetime": {"datetime": "2021-09-24 09:10:00", "elapsed": 3.221633, "delta": 0.201422}}
{"target": 0.34925064782137427, "params": {"C": 66.53527386932078, "epsilon": 0.9089396847973105, "gamma": 0.12685439835284362}, "datetime": {"datetime": "2021-09-24 09:10:00", "elapsed": 3.443631, "delta": 0.221998}}
{"target": 0.4126562788573591, "params": {"C": 20.148894423869173, "epsilon": 0.03458220319702257, "gamma": 0.1122912973436278}, "datetime": {"datetime": "2021-09-24 09:10:01", "elapsed": 3.67294, "delta": 0.229309}}
{"target": 0.4413628585993038, "params": {"C": 17.91136860704248, "epsilon": 1.0, "gamma": 0.03}, "datetime": {"datetime": "2021-09-24 09:10:01", "elapsed": 3.917943, "delta": 0.245003}}
{"target": 0.39518994248578365, "params": {"C": 18.06060156579831, "epsilon": 0.001, "gamma": 0.15}, "datetime": {"datetime": "2021-09-24 09:10:01", "elapsed": 4.147945, "delta": 0.230002}}
{"target": 0.4398857093173498, "params": {"C": 16.959644493800997, "epsilon": 1.0, "gamma": 0.03}, "datetime": {"datetime": "2021-09-24 09:10:01", "elapsed": 4.323467, "delta": 0.175522}}
{"target": 0.42413885475537927, "params": {"C": 73.55295749082319, "epsilon": 0.001, "gamma": 0.03}, "datetime": {"datetime": "2021-09-24 09:10:02", "elapsed": 4.49409, "delta": 0.170623}}
{"target": 0.3495617220108035, "params": {"C": 72.82865780528243, "epsilon": 0.9668237072568954, "gamma": 0.11742532603178463}, "datetime": {"datetime": "2021-09-24 09:10:02", "elapsed": 4.671351, "delta": 0.177261}}
{"target": 0.42807874677968283, "params": {"C": 50.522152501607074, "epsilon": 0.7005485405280194, "gamma": 0.04011641761479183}, "datetime": {"datetime": "2021-09-24 09:10:02", "elapsed": 4.915724, "delta": 0.244373}}
{"target": 0.40309673717948824, "params": {"C": 49.35348936143524, "epsilon": 0.3325278465725718, "gamma": 0.08330138601435891}, "datetime": {"datetime": "2021-09-24 09:10:02", "elapsed": 5.148955, "delta": 0.233231}}
{"target": 0.3640773983211052, "params": {"C": 51.53822736455017, "epsilon": 0.07079781268594411, "gamma": 0.1343995688045616}, "datetime": {"datetime": "2021-09-24 09:10:02", "elapsed": 5.375489, "delta": 0.226534}}
{"target": 0.40759430137751296, "params": {"C": 11.292293938432818, "epsilon": 0.006175738732116266, "gamma": 0.12756057429738005}, "datetime": {"datetime": "2021-09-24 09:10:03", "elapsed": 5.629876, "delta": 0.254387}}
{"target": 0.4209248517325005, "params": {"C": 46.91293138677004, "epsilon": 0.9350559286528218, "gamma": 0.05698665824412964}, "datetime": {"datetime": "2021-09-24 09:10:03", "elapsed": 5.81792, "delta": 0.188044}}
{"target": 0.4201632038955442, "params": {"C": 45.74131825523943, "epsilon": 0.5630207043315784, "gamma": 0.059815980478119604}, "datetime": {"datetime": "2021-09-24 09:10:03", "elapsed": 6.049911, "delta": 0.231991}}
{"target": 0.3768077199411438, "params": {"C": 46.75319778276725, "epsilon": 0.007289639176012461, "gamma": 0.12303920495210256}, "datetime": {"datetime": "2021-09-24 09:10:03", "elapsed": 6.343906, "delta": 0.293995}}
{"target": 0.4325840940215515, "params": {"C": 44.673945101745446, "epsilon": 1.0, "gamma": 0.03}, "datetime": {"datetime": "2021-09-24 09:10:04", "elapsed": 6.779079, "delta": 0.435173}}
{"target": 0.4280422312766323, "params": {"C": 44.5775583213669, "epsilon": 0.0019609647498387748, "gamma": 0.048590286107775896}, "datetime": {"datetime": "2021-09-24 09:10:04", "elapsed": 7.12134, "delta": 0.342261}}
{"target": 0.37374285626984227, "params": {"C": 43.659760408907886, "epsilon": 0.7314258386766083, "gamma": 0.1347413510849418}, "datetime": {"datetime": "2021-09-24 09:10:04", "elapsed": 7.38734, "delta": 0.266}}
{"target": 0.3921496181934825, "params": {"C": 29.078192614715835, "epsilon": 0.7892612070259839, "gamma": 0.13289883022330917}, "datetime": {"datetime": "2021-09-24 09:10:05", "elapsed": 7.695594, "delta": 0.308254}}
{"target": 0.4435181387341435, "params": {"C": 17.428744798099785, "epsilon": 0.637768059327287, "gamma": 0.033839699118674696}, "datetime": {"datetime": "2021-09-24 09:10:05", "elapsed": 7.844602, "delta": 0.149008}}
{"target": 0.4384228015174556, "params": {"C": 13.159181079937197, "epsilon": 0.001, "gamma": 0.03}, "datetime": {"datetime": "2021-09-24 09:10:05", "elapsed": 8.1201, "delta": 0.275498}}
{"target": 0.4086811566101046, "params": {"C": 30.713178616621633, "epsilon": 0.09898093038544586, "gamma": 0.09506929935362894}, "datetime": {"datetime": "2021-09-24 09:10:05", "elapsed": 8.367955, "delta": 0.247855}}
{"target": 0.413112791291412, "params": {"C": 57.554526098995524, "epsilon": 0.9959065960280521, "gamma": 0.06194330031083807}, "datetime": {"datetime": "2021-09-24 09:10:06", "elapsed": 8.536679, "delta": 0.168724}}
{"target": 0.4424345566013398, "params": {"C": 17.663915336461194, "epsilon": 0.852228598249167, "gamma": 0.04586834131606855}, "datetime": {"datetime": "2021-09-24 09:10:06", "elapsed": 8.855254, "delta": 0.318575}}
{"target": 0.43938402044859626, "params": {"C": 17.296874761593624, "epsilon": 0.9163104234793273, "gamma": 0.05730915087261754}, "datetime": {"datetime": "2021-09-24 09:10:06", "elapsed": 9.203677, "delta": 0.348423}}
{"target": 0.4412940164949123, "params": {"C": 12.867371207542316, "epsilon": 0.2367486727939358, "gamma": 0.048413293373424204}, "datetime": {"datetime": "2021-09-24 09:10:06", "elapsed": 9.462917, "delta": 0.25924}}
{"target": 0.4335583715951171, "params": {"C": 30.689187904674956, "epsilon": 0.5448890064998333, "gamma": 0.03}, "datetime": {"datetime": "2021-09-24 09:10:07", "elapsed": 9.904235, "delta": 0.441318}}
{"target": 0.4253573896276789, "params": {"C": 30.670182267535388, "epsilon": 0.06410990731214024, "gamma": 0.07018618015627749}, "datetime": {"datetime": "2021-09-24 09:10:07", "elapsed": 10.124152, "delta": 0.219917}}
{"target": 0.4334855131448251, "params": {"C": 30.410018189280063, "epsilon": 0.27893960734068995, "gamma": 0.04040210841273014}, "datetime": {"datetime": "2021-09-24 09:10:08", "elapsed": 10.510777, "delta": 0.386625}}
{"target": 0.34426313990264346, "params": {"C": 88.56504487566463, "epsilon": 0.8367847147856026, "gamma": 0.10928253271964317}, "datetime": {"datetime": "2021-09-24 09:10:08", "elapsed": 10.684996, "delta": 0.174219}}
{"target": 0.20891546324589694, "params": {"C": 1.1520643075717514, "epsilon": 0.25454291733524886, "gamma": 0.0313242876039756}, "datetime": {"datetime": "2021-09-24 09:10:08", "elapsed": 10.885826, "delta": 0.20083}}
{"target": 0.43475882183795866, "params": {"C": 29.708720177355808, "epsilon": 0.001, "gamma": 0.03}, "datetime": {"datetime": "2021-09-24 09:10:08", "elapsed": 11.205786, "delta": 0.31996}}
{"target": 0.39732575427274097, "params": {"C": 45.06914483453188, "epsilon": 0.5105023679793226, "gamma": 0.09383463406481674}, "datetime": {"datetime": "2021-09-24 09:10:09", "elapsed": 11.68168, "delta": 0.475894}}
{"target": 0.4362876177614182, "params": {"C": 12.870522678272367, "epsilon": 0.24687880689998146, "gamma": 0.06655455588344376}, "datetime": {"datetime": "2021-09-24 09:10:09", "elapsed": 11.865547, "delta": 0.183867}}
{"target": 0.40784715823153217, "params": {"C": 20.053279635226865, "epsilon": 0.9429452225297676, "gamma": 0.12243424703653628}, "datetime": {"datetime": "2021-09-24 09:10:09", "elapsed": 12.118597, "delta": 0.25305}}
{"target": 0.42717148797716786, "params": {"C": 16.850792591081486, "epsilon": 0.36140367955905645, "gamma": 0.08688741197588991}, "datetime": {"datetime": "2021-09-24 09:10:09", "elapsed": 12.400888, "delta": 0.282291}}
{"target": 0.4012177490921981, "params": {"C": 50.663706279421056, "epsilon": 0.20261138723101257, "gamma": 0.08475309211622191}, "datetime": {"datetime": "2021-09-24 09:10:10", "elapsed": 12.600522, "delta": 0.199634}}
{"target": 0.4435633551936413, "params": {"C": 21.189422549984474, "epsilon": 1.0, "gamma": 0.03}, "datetime": {"datetime": "2021-09-24 09:10:10", "elapsed": 12.981112, "delta": 0.38059}}
{"target": 0.44365240331028877, "params": {"C": 18.622227435923275, "epsilon": 0.962307539247644, "gamma": 0.03424755007179918}, "datetime": {"datetime": "2021-09-24 09:10:10", "elapsed": 13.298102, "delta": 0.31699}}
{"target": 0.3882770899419087, "params": {"C": 27.867933651575193, "epsilon": 0.9921997467914291, "gamma": 0.1498433289616954}, "datetime": {"datetime": "2021-09-24 09:10:11", "elapsed": 13.561621, "delta": 0.263519}}
{"target": 0.4427933079518346, "params": {"C": 21.85342854221794, "epsilon": 1.0, "gamma": 0.03}, "datetime": {"datetime": "2021-09-24 09:10:11", "elapsed": 13.857135, "delta": 0.295514}}
{"target": 0.42796642519049044, "params": {"C": 41.84037615507478, "epsilon": 0.055379521680096105, "gamma": 0.052332832893242434}, "datetime": {"datetime": "2021-09-24 09:10:11", "elapsed": 14.046599, "delta": 0.189464}}
{"target": 0.4423594459840572, "params": {"C": 22.522021948739063, "epsilon": 1.0, "gamma": 0.03}, "datetime": {"datetime": "2021-09-24 09:10:11", "elapsed": 14.401148, "delta": 0.354549}}
{"target": 0.3435364801720998, "params": {"C": 63.01176118954824, "epsilon": 0.6538937054447093, "gamma": 0.14371636931875784}, "datetime": {"datetime": "2021-09-24 09:10:12", "elapsed": 14.585539, "delta": 0.184391}}
{"target": 0.4432118340694037, "params": {"C": 22.37347825402153, "epsilon": 0.43978123159916394, "gamma": 0.03}, "datetime": {"datetime": "2021-09-24 09:10:12", "elapsed": 14.978874, "delta": 0.393335}}
{"target": 0.39490463579054946, "params": {"C": 22.972394738306374, "epsilon": 0.5230901196343735, "gamma": 0.1465306538635685}, "datetime": {"datetime": "2021-09-24 09:10:12", "elapsed": 15.373717, "delta": 0.394843}}
{"target": 0.4398149448993004, "params": {"C": 16.245141015060113, "epsilon": 1.0, "gamma": 0.03}, "datetime": {"datetime": "2021-09-24 09:10:13", "elapsed": 15.761377, "delta": 0.38766}}
{"target": 0.4266460501730299, "params": {"C": 15.427620599188574, "epsilon": 0.9478733270917719, "gamma": 0.0864421432228856}, "datetime": {"datetime": "2021-09-24 09:10:13", "elapsed": 16.172341, "delta": 0.410964}}
{"target": 0.42041223836448405, "params": {"C": 41.06036562671706, "epsilon": 0.16381717092084702, "gamma": 0.06334462854775479}, "datetime": {"datetime": "2021-09-24 09:10:14", "elapsed": 16.604813, "delta": 0.432472}}
{"target": 0.4325992963443257, "params": {"C": 41.66494272872129, "epsilon": 0.8260766050975723, "gamma": 0.03}, "datetime": {"datetime": "2021-09-24 09:10:14", "elapsed": 17.048735, "delta": 0.443922}}
{"target": 0.42671713379329546, "params": {"C": 42.351116604563266, "epsilon": 0.6247346738930976, "gamma": 0.052512488075941555}, "datetime": {"datetime": "2021-09-24 09:10:14", "elapsed": 17.395738, "delta": 0.347003}}
{"target": 0.37217899431749324, "params": {"C": 40.95358173558164, "epsilon": 0.9797558700676141, "gamma": 0.14453717248834194}, "datetime": {"datetime": "2021-09-24 09:10:15", "elapsed": 17.73208, "delta": 0.336342}}
{"target": 0.4357467759037916, "params": {"C": 30.36418650073701, "epsilon": 0.983177515789787, "gamma": 0.034270522621752696}, "datetime": {"datetime": "2021-09-24 09:10:15", "elapsed": 18.084019, "delta": 0.351939}}
{"target": 0.43350492016834263, "params": {"C": 9.364741906772013, "epsilon": 0.04913506733973647, "gamma": 0.06963736172323412}, "datetime": {"datetime": "2021-09-24 09:10:15", "elapsed": 18.319527, "delta": 0.235508}}
{"target": 0.435679026214269, "params": {"C": 8.692256978252631, "epsilon": 0.0027690611041616296, "gamma": 0.0562744053658924}, "datetime": {"datetime": "2021-09-24 09:10:16", "elapsed": 18.679687, "delta": 0.36016}}
{"target": 0.43787763237030897, "params": {"C": 8.483925041102472, "epsilon": 0.6887422552933948, "gamma": 0.03}, "datetime": {"datetime": "2021-09-24 09:10:16", "elapsed": 19.009938, "delta": 0.330251}}
{"target": 0.43269452176362877, "params": {"C": 7.90454807375396, "epsilon": 0.3264746764513652, "gamma": 0.06488789697745173}, "datetime": {"datetime": "2021-09-24 09:10:16", "elapsed": 19.3867, "delta": 0.376762}}
{"target": 0.42798825475845936, "params": {"C": 7.692930017057545, "epsilon": 0.9239828636845063, "gamma": 0.0774606971736618}, "datetime": {"datetime": "2021-09-24 09:10:17", "elapsed": 19.778006, "delta": 0.391306}}
{"target": 0.42519688911436304, "params": {"C": 7.064790782496596, "epsilon": 0.3127342242191341, "gamma": 0.07273242469617353}, "datetime": {"datetime": "2021-09-24 09:10:17", "elapsed": 20.137572, "delta": 0.359566}}
{"target": 0.43290098318908654, "params": {"C": 41.44831210326104, "epsilon": 0.5586188231754511, "gamma": 0.03632498306866797}, "datetime": {"datetime": "2021-09-24 09:10:17", "elapsed": 20.41857, "delta": 0.280998}}
{"target": 0.4317913139369114, "params": {"C": 6.66938108636206, "epsilon": 0.9896643722688504, "gamma": 0.048965102269606736}, "datetime": {"datetime": "2021-09-24 09:10:18", "elapsed": 20.833575, "delta": 0.415005}}
{"target": 0.421925384808697, "params": {"C": 6.1298879422466275, "epsilon": 0.409050267616082, "gamma": 0.06577540521469348}, "datetime": {"datetime": "2021-09-24 09:10:18", "elapsed": 21.214304, "delta": 0.380729}}
{"target": 0.367227083786121, "params": {"C": 5.318575607858483, "epsilon": 0.9016471949358573, "gamma": 0.11817517640850568}, "datetime": {"datetime": "2021-09-24 09:10:19", "elapsed": 21.746474, "delta": 0.53217}}
{"target": 0.33009196905585236, "params": {"C": 74.32463747063908, "epsilon": 0.001, "gamma": 0.15}, "datetime": {"datetime": "2021-09-24 09:10:19", "elapsed": 22.09612, "delta": 0.349646}}
{"target": 0.43404757404016403, "params": {"C": 31.287202815610772, "epsilon": 1.0, "gamma": 0.03}, "datetime": {"datetime": "2021-09-24 09:10:19", "elapsed": 22.427036, "delta": 0.330916}}
{"target": 0.40646351769520916, "params": {"C": 32.08146180138834, "epsilon": 0.9899148157253349, "gamma": 0.09774121751541952}, "datetime": {"datetime": "2021-09-24 09:10:20", "elapsed": 22.798498, "delta": 0.371462}}
{"target": 0.4318970746754168, "params": {"C": 47.84730374432735, "epsilon": 1.0, "gamma": 0.03}, "datetime": {"datetime": "2021-09-24 09:10:20", "elapsed": 23.112515, "delta": 0.314017}}
{"target": 0.39426670996151436, "params": {"C": 48.21511737171137, "epsilon": 0.351964188615161, "gamma": 0.09430300456154275}, "datetime": {"datetime": "2021-09-24 09:10:21", "elapsed": 23.540596, "delta": 0.428081}}
{"target": 0.39575034075641513, "params": {"C": 14.809240693284682, "epsilon": 0.39700021984108985, "gamma": 0.14984605808433535}, "datetime": {"datetime": "2021-09-24 09:10:21", "elapsed": 24.323446, "delta": 0.78285}}
{"target": 0.4103854943844024, "params": {"C": 57.74306418132868, "epsilon": 0.5506999581228241, "gamma": 0.0664800393587936}, "datetime": {"datetime": "2021-09-24 09:10:22", "elapsed": 24.601588, "delta": 0.278142}}
{"target": 0.4315659670447791, "params": {"C": 49.91997239987333, "epsilon": 1.0, "gamma": 0.03}, "datetime": {"datetime": "2021-09-24 09:10:22", "elapsed": 25.000063, "delta": 0.398475}}
{"target": 0.3476252365265079, "params": {"C": 56.388596423370664, "epsilon": 0.7926616320356508, "gamma": 0.14888801738958793}, "datetime": {"datetime": "2021-09-24 09:10:22", "elapsed": 25.367967, "delta": 0.367904}}
{"target": 0.44382553657785306, "params": {"C": 18.77192672157575, "epsilon": 0.3968131669446147, "gamma": 0.03}, "datetime": {"datetime": "2021-09-24 09:10:23", "elapsed": 25.884294, "delta": 0.516327}}
{"target": 0.43606140500050483, "params": {"C": 19.18451523736692, "epsilon": 0.007732467969852442, "gamma": 0.06642527664893749}, "datetime": {"datetime": "2021-09-24 09:10:23", "elapsed": 26.272287, "delta": 0.387993}}
{"target": 0.39397601351698575, "params": {"C": 58.77179769997705, "epsilon": 0.9831251904893606, "gamma": 0.08407949140453846}, "datetime": {"datetime": "2021-09-24 09:10:24", "elapsed": 26.670109, "delta": 0.397822}}
{"target": 0.32753237110930455, "params": {"C": 98.20124014779405, "epsilon": 0.7540630717387531, "gamma": 0.1221551805659566}, "datetime": {"datetime": "2021-09-24 09:10:24", "elapsed": 27.044638, "delta": 0.374529}}
{"target": 0.3380631125702196, "params": {"C": 82.8952824359922, "epsilon": 0.8684807705179791, "gamma": 0.1227647788519507}, "datetime": {"datetime": "2021-09-24 09:10:25", "elapsed": 27.64712, "delta": 0.602482}}
{"target": 0.4070957921020253, "params": {"C": 75.91061052373337, "epsilon": 0.9833401065807486, "gamma": 0.05907356669637332}, "datetime": {"datetime": "2021-09-24 09:10:25", "elapsed": 28.157124, "delta": 0.510004}}
{"target": 0.3992081034492101, "params": {"C": 36.30739702949268, "epsilon": 0.04359298399862246, "gamma": 0.10129242309494242}, "datetime": {"datetime": "2021-09-24 09:10:26", "elapsed": 28.806179, "delta": 0.649055}}
