{"target": 0.34366040454011093, "params": {"C": 121.06882059993413, "epsilon": 2.541328083184238, "gamma": 0.08733993987096285}, "datetime": {"datetime": "2021-09-24 10:21:29", "elapsed": 471.207209, "delta": 1.74608}}
{"target": 0.3952306515436068, "params": {"C": 143.3137777196036, "epsilon": 2.7195431014516447, "gamma": 0.04490626710532886}, "datetime": {"datetime": "2021-09-24 10:21:31", "elapsed": 473.141767, "delta": 1.934558}}
{"target": 0.4151655538378155, "params": {"C": 197.30571522709116, "epsilon": 1.9560231561995713, "gamma": 0.013252624803730621}, "datetime": {"datetime": "2021-09-24 10:21:33", "elapsed": 474.87987, "delta": 1.738103}}
{"target": 0.43519998500377055, "params": {"C": 118.39029229785714, "epsilon": 2.789586207852164, "gamma": 0.009920596024482914}, "datetime": {"datetime": "2021-09-24 10:21:37", "elapsed": 479.453582, "delta": 4.573712}}
{"target": 0.4241745520825886, "params": {"C": 106.44706452553933, "epsilon": 2.8386255706552443, "gamma": 0.0014902157537294324}, "datetime": {"datetime": "2021-09-24 10:21:41", "elapsed": 483.828904, "delta": 4.375322}}
{"target": 0.3201259456608131, "params": {"C": 117.64504131951598, "epsilon": 2.0390099332571108, "gamma": 0.11721586765670955}, "datetime": {"datetime": "2021-09-24 10:21:43", "elapsed": 485.764668, "delta": 1.935764}}
{"target": 0.36565084261971226, "params": {"C": 106.36601843226948, "epsilon": 2.7802970776278464, "gamma": 0.0005}, "datetime": {"datetime": "2021-09-24 10:21:47", "elapsed": 489.490628, "delta": 3.72596}}
{"target": 0.35134265586692026, "params": {"C": 106.42947243925728, "epsilon": 2.908031626834394, "gamma": 0.08893304190406633}, "datetime": {"datetime": "2021-09-24 10:21:51", "elapsed": 493.803971, "delta": 4.313343}}
{"target": 0.28123169099930667, "params": {"C": 129.634903288786, "epsilon": 1.2949363144445396, "gamma": 0.1475896946222461}, "datetime": {"datetime": "2021-09-24 10:21:53", "elapsed": 495.480649, "delta": 1.676678}}
{"target": 0.3997736762987857, "params": {"C": 118.48887745419295, "epsilon": 2.827483436072926, "gamma": 0.04560584392393874}, "datetime": {"datetime": "2021-09-24 10:21:57", "elapsed": 499.583562, "delta": 4.102913}}
{"target": 0.34724172127655484, "params": {"C": 100.63421606784195, "epsilon": 1.9144430259292387, "gamma": 0.09658516276504178}, "datetime": {"datetime": "2021-09-24 10:21:59", "elapsed": 501.291044, "delta": 1.707482}}
{"target": 0.30671857912349076, "params": {"C": 139.07640578778475, "epsilon": 1.2577727472166311, "gamma": 0.11481157186669266}, "datetime": {"datetime": "2021-09-24 10:22:01", "elapsed": 502.909569, "delta": 1.618525}}
{"target": 0.30074461461698265, "params": {"C": 161.82207842274173, "epsilon": 1.0529264531317222, "gamma": 0.10694764454808978}, "datetime": {"datetime": "2021-09-24 10:22:02", "elapsed": 504.4532, "delta": 1.543631}}
{"target": 0.39939111823396733, "params": {"C": 126.83803196389337, "epsilon": 2.669129392740188, "gamma": 0.044098909109820006}, "datetime": {"datetime": "2021-09-24 10:22:04", "elapsed": 506.027612, "delta": 1.574412}}
{"target": 0.31406513596082775, "params": {"C": 148.6238109935644, "epsilon": 2.7870489962581306, "gamma": 0.10354166308542037}, "datetime": {"datetime": "2021-09-24 10:22:08", "elapsed": 510.528497, "delta": 4.500885}}
{"target": 0.36076601410679254, "params": {"C": 101.13376181216387, "epsilon": 2.6507139781865217, "gamma": 0.0005}, "datetime": {"datetime": "2021-09-24 10:22:11", "elapsed": 513.253991, "delta": 2.725494}}
{"target": 0.3609461461867497, "params": {"C": 101.30936374961209, "epsilon": 2.637642751877951, "gamma": 0.0005}, "datetime": {"datetime": "2021-09-24 10:22:14", "elapsed": 516.202315, "delta": 2.948324}}
{"target": 0.3127416045228938, "params": {"C": 136.8896660922388, "epsilon": 1.6037300697220849, "gamma": 0.1111925953841195}, "datetime": {"datetime": "2021-09-24 10:22:15", "elapsed": 517.804759, "delta": 1.602444}}
{"target": 0.40153107372999597, "params": {"C": 124.09052814876318, "epsilon": 2.75027143715549, "gamma": 0.041019014705014505}, "datetime": {"datetime": "2021-09-24 10:22:17", "elapsed": 519.276416, "delta": 1.471657}}
{"target": 0.41664234355193885, "params": {"C": 171.96027699525735, "epsilon": 2.2818540548523947, "gamma": 0.01507391002253491}, "datetime": {"datetime": "2021-09-24 10:22:21", "elapsed": 523.609039, "delta": 4.332623}}
