{"target": -45.652127999612944, "params": {"C": 108.96770899422579, "epsilon": 2.8947189151994737, "gamma": 0.07533786668799347}, "datetime": {"datetime": "2021-09-24 16:54:16", "elapsed": 925.407147, "delta": 2.832271}}
{"target": -46.26584340755311, "params": {"C": 185.51419251992053, "epsilon": 1.5812361407481736, "gamma": 0.058429668035186504}, "datetime": {"datetime": "2021-09-24 16:54:19", "elapsed": 928.183943, "delta": 2.776796}}
{"target": -44.34218293986311, "params": {"C": 127.08617439634862, "epsilon": 4.284655546980217, "gamma": 0.025923482358795748}, "datetime": {"datetime": "2021-09-24 16:54:24", "elapsed": 933.460195, "delta": 5.276252}}
{"target": -44.451872109144354, "params": {"C": 193.3590245726747, "epsilon": 2.213988749926049, "gamma": 0.001}, "datetime": {"datetime": "2021-09-24 16:54:30", "elapsed": 939.018906, "delta": 5.558711}}
{"target": -46.126091260612924, "params": {"C": 107.90268100941965, "epsilon": 2.137484773672102, "gamma": 0.09426380539138078}, "datetime": {"datetime": "2021-09-24 16:54:33", "elapsed": 941.850727, "delta": 2.831821}}
{"target": -45.054966546646206, "params": {"C": 117.65192859332565, "epsilon": 2.1308683097638976, "gamma": 0.001}, "datetime": {"datetime": "2021-09-24 16:54:39", "elapsed": 947.81683, "delta": 5.966103}}
{"target": -45.63631795882703, "params": {"C": 127.01696383343001, "epsilon": 4.267248897821882, "gamma": 0.06763813970240361}, "datetime": {"datetime": "2021-09-24 16:54:44", "elapsed": 953.444718, "delta": 5.627888}}
{"target": -45.39650004128834, "params": {"C": 133.45215960747365, "epsilon": 4.746749667043332, "gamma": 0.06002059192934714}, "datetime": {"datetime": "2021-09-24 16:54:47", "elapsed": 956.060462, "delta": 2.615744}}
{"target": -44.311267231512915, "params": {"C": 133.07619318862038, "epsilon": 0.5438760681886288, "gamma": 0.0016864899083447486}, "datetime": {"datetime": "2021-09-24 16:54:50", "elapsed": 958.95934, "delta": 2.898878}}
