{"target": 0.40850988143885303, "params": {"C": 101.32589233539771, "epsilon": 0.37278859749812987, "gamma": 0.001}, "datetime": {"datetime": "2021-09-24 09:36:21", "elapsed": 444.91018, "delta": 2.222799}}
{"target": 0.228134339284925, "params": {"C": 167.62696858656494, "epsilon": 0.04611770487348302, "gamma": 0.1485315267720757}, "datetime": {"datetime": "2021-09-24 09:36:22", "elapsed": 446.393412, "delta": 1.483232}}
{"target": 0.3023552668513657, "params": {"C": 136.8896660922388, "epsilon": 0.3025631698261814, "gamma": 0.11132238603500874}, "datetime": {"datetime": "2021-09-24 09:36:24", "elapsed": 447.879383, "delta": 1.485971}}
{"target": 0.3966513806609817, "params": {"C": 124.09052814876318, "epsilon": 0.8752605828591672, "gamma": 0.041383499605666625}, "datetime": {"datetime": "2021-09-24 09:36:25", "elapsed": 449.478833, "delta": 1.59945}}
{"target": 0.44925547002912414, "params": {"C": 107.22507764308172, "epsilon": 0.26525415129868835, "gamma": 0.014823467900436725}, "datetime": {"datetime": "2021-09-24 09:36:29", "elapsed": 453.278204, "delta": 3.799371}}
{"target": 0.44791327752460985, "params": {"C": 107.09282173808292, "epsilon": 0.32763255413309406, "gamma": 0.016954945257348537}, "datetime": {"datetime": "2021-09-24 09:36:33", "elapsed": 457.576658, "delta": 4.298454}}
{"target": 0.3290192555992989, "params": {"C": 107.13245394429454, "epsilon": 0.33092032475979855, "gamma": 0.10244216677650951}, "datetime": {"datetime": "2021-09-24 09:36:36", "elapsed": 460.209549, "delta": 2.632891}}
{"target": 0.3087685144192638, "params": {"C": 102.41373709178502, "epsilon": 0.4571671082856841, "gamma": 0.13668868430982706}, "datetime": {"datetime": "2021-09-24 09:36:38", "elapsed": 461.793099, "delta": 1.58355}}
{"target": 0.43492295593350416, "params": {"C": 107.30227486506473, "epsilon": 0.23844476303201215, "gamma": 0.004897523869165343}, "datetime": {"datetime": "2021-09-24 09:36:40", "elapsed": 464.240661, "delta": 2.447562}}
{"target": 0.3744282953568754, "params": {"C": 118.24647829315329, "epsilon": 0.40069631684837437, "gamma": 0.052100088831872365}, "datetime": {"datetime": "2021-09-24 09:36:44", "elapsed": 468.186578, "delta": 3.945917}}
{"target": 0.4386112603357729, "params": {"C": 107.18129613417756, "epsilon": 0.2332308447092169, "gamma": 0.007250729755278507}, "datetime": {"datetime": "2021-09-24 09:36:47", "elapsed": 471.647018, "delta": 3.46044}}
{"target": 0.380605331605921, "params": {"C": 197.31521704429016, "epsilon": 0.32530941634897925, "gamma": 0.033744011866447085}, "datetime": {"datetime": "2021-09-24 09:36:51", "elapsed": 474.956776, "delta": 3.309758}}
{"target": 0.41011508469242375, "params": {"C": 117.6079855798487, "epsilon": 0.509881877821867, "gamma": 0.001}, "datetime": {"datetime": "2021-09-24 09:36:55", "elapsed": 479.241762, "delta": 4.284986}}
{"target": 0.3480241296268204, "params": {"C": 196.44416015498547, "epsilon": 0.3931349112920203, "gamma": 0.04478102816161713}, "datetime": {"datetime": "2021-09-24 09:36:57", "elapsed": 480.990304, "delta": 1.748542}}
{"target": 0.3992217996908768, "params": {"C": 106.95513243742178, "epsilon": 0.28460146380587736, "gamma": 0.04462292598029951}, "datetime": {"datetime": "2021-09-24 09:37:00", "elapsed": 483.904676, "delta": 2.914372}}
{"target": 0.41181532352555905, "params": {"C": 107.05266607106543, "epsilon": 0.43743544047194755, "gamma": 0.038094785446168976}, "datetime": {"datetime": "2021-09-24 09:37:02", "elapsed": 486.733929, "delta": 2.829253}}
{"target": 0.28140390648080393, "params": {"C": 157.84503377557135, "epsilon": 0.5556498268636815, "gamma": 0.11680451005364983}, "datetime": {"datetime": "2021-09-24 09:37:04", "elapsed": 488.425508, "delta": 1.691579}}
{"target": 0.42002770499802766, "params": {"C": 107.04429056501586, "epsilon": 0.25073641888328835, "gamma": 0.003082439001177288}, "datetime": {"datetime": "2021-09-24 09:37:08", "elapsed": 492.697359, "delta": 4.271851}}
{"target": 0.40868824967794026, "params": {"C": 110.14849556091211, "epsilon": 0.8348019742054442, "gamma": 0.001}, "datetime": {"datetime": "2021-09-24 09:37:12", "elapsed": 496.766099, "delta": 4.06874}}
{"target": 0.4084650650997007, "params": {"C": 101.641730296469, "epsilon": 0.5436339062501181, "gamma": 0.001}, "datetime": {"datetime": "2021-09-24 09:37:15", "elapsed": 499.535757, "delta": 2.769658}}
{"target": 0.4276011295459894, "params": {"C": 112.20713498364972, "epsilon": 0.25421867986771013, "gamma": 0.0035420473841190564}, "datetime": {"datetime": "2021-09-24 09:37:19", "elapsed": 503.024776, "delta": 3.489019}}
{"target": 0.4432916568347255, "params": {"C": 107.01787504159388, "epsilon": 0.3639521505567348, "gamma": 0.01027275347637838}, "datetime": {"datetime": "2021-09-24 09:37:22", "elapsed": 505.943926, "delta": 2.91915}}
{"target": 0.42509694917472385, "params": {"C": 153.92492200398846, "epsilon": 0.4859924854371943, "gamma": 0.02442766336871369}, "datetime": {"datetime": "2021-09-24 09:37:23", "elapsed": 507.764371, "delta": 1.820445}}
{"target": 0.32505572772055724, "params": {"C": 112.18398393257766, "epsilon": 0.3005407988027633, "gamma": 0.1036381513403278}, "datetime": {"datetime": "2021-09-24 09:37:27", "elapsed": 511.716106, "delta": 3.951735}}
{"target": 0.30856988012506203, "params": {"C": 189.9013147959943, "epsilon": 0.5729846775392741, "gamma": 0.07333898763661545}, "datetime": {"datetime": "2021-09-24 09:37:29", "elapsed": 513.18912, "delta": 1.473014}}
{"target": 0.3434584573106271, "params": {"C": 153.95524013575852, "epsilon": 0.5800400077494472, "gamma": 0.05865584167495336}, "datetime": {"datetime": "2021-09-24 09:37:33", "elapsed": 517.501606, "delta": 4.312486}}
{"target": 0.4389523338676723, "params": {"C": 153.8361233083727, "epsilon": 0.44005492976446703, "gamma": 0.01799567318129025}, "datetime": {"datetime": "2021-09-24 09:37:35", "elapsed": 519.67494, "delta": 2.173334}}
{"target": 0.41033363630208797, "params": {"C": 112.28874439146492, "epsilon": 0.19350261180735379, "gamma": 0.001}, "datetime": {"datetime": "2021-09-24 09:37:41", "elapsed": 524.975339, "delta": 5.300399}}
{"target": 0.313143605605526, "params": {"C": 153.89277639798092, "epsilon": 0.39945371133570706, "gamma": 0.08778691206293111}, "datetime": {"datetime": "2021-09-24 09:37:43", "elapsed": 527.080621, "delta": 2.105282}}
{"target": 0.3322395947740824, "params": {"C": 153.75660402919564, "epsilon": 0.4728349879688481, "gamma": 0.06748787167230944}, "datetime": {"datetime": "2021-09-24 09:37:47", "elapsed": 530.960801, "delta": 3.88018}}
{"target": 0.43477704705633224, "params": {"C": 107.29572830928431, "epsilon": 0.08118548264452576, "gamma": 0.022762263236978178}, "datetime": {"datetime": "2021-09-24 09:37:49", "elapsed": 533.52991, "delta": 2.569109}}
{"target": 0.44425142698761855, "params": {"C": 172.00856769355013, "epsilon": 0.49874806639603125, "gamma": 0.015473968841152007}, "datetime": {"datetime": "2021-09-24 09:37:52", "elapsed": 536.281789, "delta": 2.751879}}
{"target": 0.44474360883189046, "params": {"C": 107.27585778916053, "epsilon": 0.3386857887815365, "gamma": 0.011148967552643722}, "datetime": {"datetime": "2021-09-24 09:37:55", "elapsed": 539.478322, "delta": 3.196533}}
{"target": 0.42837671479579054, "params": {"C": 107.36413674422937, "epsilon": 0.43620107479844156, "gamma": 0.028409973991841208}, "datetime": {"datetime": "2021-09-24 09:37:58", "elapsed": 542.207333, "delta": 2.729011}}
{"target": 0.2898050069882012, "params": {"C": 133.374000728057, "epsilon": 0.8061775718185823, "gamma": 0.12725090103397255}, "datetime": {"datetime": "2021-09-24 09:38:00", "elapsed": 543.78916, "delta": 1.581827}}
{"target": 0.4006242871281681, "params": {"C": 110.15816026854867, "epsilon": 0.06401457769805496, "gamma": 0.04291074090864123}, "datetime": {"datetime": "2021-09-24 09:38:01", "elapsed": 545.388318, "delta": 1.599158}}
{"target": 0.3689590757410366, "params": {"C": 107.34747206609558, "epsilon": 0.32214334529956684, "gamma": 0.06030852392980821}, "datetime": {"datetime": "2021-09-24 09:38:04", "elapsed": 548.044892, "delta": 2.656574}}
{"target": 0.38356655805272466, "params": {"C": 172.13068810505075, "epsilon": 0.4570920520975096, "gamma": 0.036389204173634344}, "datetime": {"datetime": "2021-09-24 09:38:08", "elapsed": 551.872196, "delta": 3.827304}}
{"target": 0.33939998336376376, "params": {"C": 107.27342475680996, "epsilon": 0.46814504050500144, "gamma": 0.08668520860886722}, "datetime": {"datetime": "2021-09-24 09:38:11", "elapsed": 555.60568, "delta": 3.733484}}
{"target": 0.4395892528079136, "params": {"C": 107.45620185438014, "epsilon": 0.47277594908134235, "gamma": 0.020980590742241116}, "datetime": {"datetime": "2021-09-24 09:38:15", "elapsed": 559.181718, "delta": 3.576038}}
{"target": 0.31721691147919573, "params": {"C": 141.0573136360211, "epsilon": 0.9630168010199548, "gamma": 0.0922609701440306}, "datetime": {"datetime": "2021-09-24 09:38:16", "elapsed": 560.659225, "delta": 1.477507}}
{"target": 0.4372095591961984, "params": {"C": 107.50591364308556, "epsilon": 0.39525062706860675, "gamma": 0.006169171081956736}, "datetime": {"datetime": "2021-09-24 09:38:20", "elapsed": 563.915673, "delta": 3.256448}}
{"target": 0.35627263438794887, "params": {"C": 107.4435845048708, "epsilon": 0.410158530171575, "gamma": 0.07042645681619868}, "datetime": {"datetime": "2021-09-24 09:38:23", "elapsed": 567.417839, "delta": 3.502166}}
{"target": 0.44587925507599113, "params": {"C": 107.42116516755078, "epsilon": 0.5414416512251636, "gamma": 0.01788631155335891}, "datetime": {"datetime": "2021-09-24 09:38:27", "elapsed": 571.05355, "delta": 3.635711}}
{"target": 0.45010579727976874, "params": {"C": 107.47747567708994, "epsilon": 0.6697293843401629, "gamma": 0.01368151361132575}, "datetime": {"datetime": "2021-09-24 09:38:31", "elapsed": 575.147747, "delta": 4.094197}}
{"target": 0.419534800490017, "params": {"C": 107.57104534290703, "epsilon": 0.6635938039013513, "gamma": 0.002948277826503097}, "datetime": {"datetime": "2021-09-24 09:38:36", "elapsed": 580.434549, "delta": 5.286802}}
{"target": 0.3098320622513553, "params": {"C": 151.97246617363768, "epsilon": 0.9345835273064659, "gamma": 0.09289905103693706}, "datetime": {"datetime": "2021-09-24 09:38:38", "elapsed": 582.550907, "delta": 2.116358}}
{"target": 0.4096645980650907, "params": {"C": 107.50696774682098, "epsilon": 0.5671668062039812, "gamma": 0.001}, "datetime": {"datetime": "2021-09-24 09:38:42", "elapsed": 586.213327, "delta": 3.66242}}
{"target": 0.30205924389395933, "params": {"C": 185.84333757936662, "epsilon": 0.057587792560093894, "gamma": 0.08124416834149671}, "datetime": {"datetime": "2021-09-24 09:38:44", "elapsed": 588.085918, "delta": 1.872591}}
{"target": 0.3334351034012152, "params": {"C": 107.49003651142283, "epsilon": 0.6443406838795496, "gamma": 0.09653852619433245}, "datetime": {"datetime": "2021-09-24 09:38:49", "elapsed": 593.384612, "delta": 5.298694}}
{"target": 0.43774418939903936, "params": {"C": 107.58957310749928, "epsilon": 0.4032908569681399, "gamma": 0.005601689989192316}, "datetime": {"datetime": "2021-09-24 09:38:53", "elapsed": 596.895577, "delta": 3.510965}}
{"target": 0.4022837312162113, "params": {"C": 107.60964445786276, "epsilon": 0.5036149951610378, "gamma": 0.04294598357579927}, "datetime": {"datetime": "2021-09-24 09:38:57", "elapsed": 600.832437, "delta": 3.93686}}
{"target": 0.44438136446845466, "params": {"C": 101.49356721793163, "epsilon": 0.5859379851730359, "gamma": 0.01175635426162434}, "datetime": {"datetime": "2021-09-24 09:39:00", "elapsed": 604.460027, "delta": 3.62759}}
{"target": 0.44272901744901294, "params": {"C": 113.13847133276676, "epsilon": 0.4718329507602612, "gamma": 0.019353470091296586}, "datetime": {"datetime": "2021-09-24 09:39:04", "elapsed": 607.907862, "delta": 3.447835}}
{"target": 0.32365276402074694, "params": {"C": 113.14694226755209, "epsilon": 0.4905253410315827, "gamma": 0.10551613281606441}, "datetime": {"datetime": "2021-09-24 09:39:07", "elapsed": 610.888134, "delta": 2.980272}}
{"target": 0.4274430319499831, "params": {"C": 107.50899361988898, "epsilon": 0.796741462148403, "gamma": 0.02969572551442988}, "datetime": {"datetime": "2021-09-24 09:39:11", "elapsed": 615.693473, "delta": 4.805339}}
{"target": 0.4329013706792072, "params": {"C": 107.41626003344541, "epsilon": 0.793008955099093, "gamma": 0.005082714151783951}, "datetime": {"datetime": "2021-09-24 09:39:16", "elapsed": 620.239636, "delta": 4.546163}}
{"target": 0.416443862205238, "params": {"C": 107.3747305909049, "epsilon": 0.6491819976011625, "gamma": 0.035535740825940076}, "datetime": {"datetime": "2021-09-24 09:39:19", "elapsed": 623.331618, "delta": 3.091982}}
{"target": 0.43246611820164305, "params": {"C": 155.51590119221115, "epsilon": 0.3605799227709582, "gamma": 0.020810246595781182}, "datetime": {"datetime": "2021-09-24 09:39:21", "elapsed": 625.097714, "delta": 1.766096}}
{"target": 0.44973563693299934, "params": {"C": 113.12419166459227, "epsilon": 0.3527020261961667, "gamma": 0.014146265897505172}, "datetime": {"datetime": "2021-09-24 09:39:25", "elapsed": 628.920661, "delta": 3.822947}}
{"target": 0.34783161627249704, "params": {"C": 113.11084607581694, "epsilon": 0.2533635954305564, "gamma": 0.07410381384275491}, "datetime": {"datetime": "2021-09-24 09:39:28", "elapsed": 632.172379, "delta": 3.251718}}
{"target": 0.24980421387505447, "params": {"C": 149.8587020828698, "epsilon": 0.42537122928271126, "gamma": 0.14808451666644368}, "datetime": {"datetime": "2021-09-24 09:39:30", "elapsed": 634.038964, "delta": 1.866585}}
{"target": 0.3443124285054082, "params": {"C": 107.3362006575656, "epsilon": 0.33164396567352633, "gamma": 0.08127631009741636}, "datetime": {"datetime": "2021-09-24 09:39:32", "elapsed": 635.808549, "delta": 1.769585}}
{"target": 0.4502335640330617, "params": {"C": 112.98812881747274, "epsilon": 0.42264059761837347, "gamma": 0.013485641127528848}, "datetime": {"datetime": "2021-09-24 09:39:36", "elapsed": 640.36297, "delta": 4.554421}}
{"target": 0.3402979851454302, "params": {"C": 113.01677520023708, "epsilon": 0.3822437216988479, "gamma": 0.08127934352941248}, "datetime": {"datetime": "2021-09-24 09:39:40", "elapsed": 644.321391, "delta": 3.958421}}
{"target": 0.3279046975884813, "params": {"C": 107.43060140582122, "epsilon": 0.8743672659775628, "gamma": 0.10601926945141692}, "datetime": {"datetime": "2021-09-24 09:39:44", "elapsed": 648.040255, "delta": 3.718864}}
{"target": 0.3263472178506749, "params": {"C": 155.39763354655344, "epsilon": 0.31139971574206715, "gamma": 0.07136160988046504}, "datetime": {"datetime": "2021-09-24 09:39:48", "elapsed": 652.662555, "delta": 4.6223}}
{"target": 0.38961331497214247, "params": {"C": 107.59915648816319, "epsilon": 0.30865124859021154, "gamma": 0.049005928305274456}, "datetime": {"datetime": "2021-09-24 09:39:53", "elapsed": 657.36898, "delta": 4.706425}}
{"target": 0.4493127901004996, "params": {"C": 113.01732111595926, "epsilon": 0.48580151123558024, "gamma": 0.015606202894256078}, "datetime": {"datetime": "2021-09-24 09:39:56", "elapsed": 660.567002, "delta": 3.198022}}
{"target": 0.45023108614199625, "params": {"C": 112.92843079464538, "epsilon": 0.5458830691946367, "gamma": 0.013615755330558896}, "datetime": {"datetime": "2021-09-24 09:40:00", "elapsed": 664.098, "delta": 3.530998}}
{"target": 0.38337423957360595, "params": {"C": 112.93196404911909, "epsilon": 0.46893980617488035, "gamma": 0.05000999357731571}, "datetime": {"datetime": "2021-09-24 09:40:04", "elapsed": 668.087975, "delta": 3.989975}}
{"target": 0.4204855126549789, "params": {"C": 107.39233096835599, "epsilon": 0.7128383392195591, "gamma": 0.00176250750314448}, "datetime": {"datetime": "2021-09-24 09:40:08", "elapsed": 672.181605, "delta": 4.09363}}
{"target": 0.3027093796114778, "params": {"C": 115.74873178893972, "epsilon": 0.1526749141497512, "gamma": 0.1288055135473304}, "datetime": {"datetime": "2021-09-24 09:40:10", "elapsed": 674.303063, "delta": 2.121458}}
{"target": 0.4443125636986699, "params": {"C": 113.03824692374648, "epsilon": 0.5621463982812965, "gamma": 0.01857488058082086}, "datetime": {"datetime": "2021-09-24 09:40:15", "elapsed": 679.22452, "delta": 4.921457}}
{"target": 0.35599202746361935, "params": {"C": 190.63080726354158, "epsilon": 0.3272972139297122, "gamma": 0.04295866531916895}, "datetime": {"datetime": "2021-09-24 09:40:17", "elapsed": 681.6617, "delta": 2.43718}}
{"target": 0.44627134346468955, "params": {"C": 113.01610597690531, "epsilon": 0.6408608687023845, "gamma": 0.017408852659765398}, "datetime": {"datetime": "2021-09-24 09:40:21", "elapsed": 685.602699, "delta": 3.940999}}
{"target": 0.3109008710499468, "params": {"C": 132.01860460748236, "epsilon": 0.21084890465452777, "gamma": 0.1056116321441295}, "datetime": {"datetime": "2021-09-24 09:40:24", "elapsed": 688.151487, "delta": 2.548788}}
{"target": 0.45158994792839924, "params": {"C": 193.36823132886036, "epsilon": 0.4482462648826651, "gamma": 0.011672833394558952}, "datetime": {"datetime": "2021-09-24 09:40:26", "elapsed": 690.416257, "delta": 2.26477}}
{"target": 0.4188229535583615, "params": {"C": 193.45513341938857, "epsilon": 0.4696095335055937, "gamma": 0.002308943591101735}, "datetime": {"datetime": "2021-09-24 09:40:32", "elapsed": 695.836516, "delta": 5.420259}}
{"target": 0.2813029052909588, "params": {"C": 193.34461258370948, "epsilon": 0.498565861763157, "gamma": 0.09740867930278208}, "datetime": {"datetime": "2021-09-24 09:40:39", "elapsed": 703.438787, "delta": 7.602271}}
{"target": 0.43713360703043014, "params": {"C": 112.95914331197885, "epsilon": 0.6055324996746994, "gamma": 0.005404142733176714}, "datetime": {"datetime": "2021-09-24 09:40:44", "elapsed": 708.632493, "delta": 5.193706}}
{"target": 0.3159346341523215, "params": {"C": 113.02266399148233, "epsilon": 0.6514932068098234, "gamma": 0.11638365913622647}, "datetime": {"datetime": "2021-09-24 09:40:48", "elapsed": 712.660237, "delta": 4.027744}}
{"target": 0.43365256922575035, "params": {"C": 113.08787516077574, "epsilon": 0.4055006330745501, "gamma": 0.023508552255767364}, "datetime": {"datetime": "2021-09-24 09:40:53", "elapsed": 717.458213, "delta": 4.797976}}
{"target": 0.4344202620593949, "params": {"C": 193.41607785501148, "epsilon": 0.29844720095596144, "gamma": 0.005649378543248895}, "datetime": {"datetime": "2021-09-24 09:40:57", "elapsed": 721.482526, "delta": 4.024313}}
{"target": 0.41868521024328487, "params": {"C": 193.31921299012504, "epsilon": 0.34267670009245516, "gamma": 0.023003936562293804}, "datetime": {"datetime": "2021-09-24 09:41:03", "elapsed": 726.826394, "delta": 5.343868}}
{"target": 0.4394728157498472, "params": {"C": 111.06938949582957, "epsilon": 0.4017722592839914, "gamma": 0.007953064189913851}, "datetime": {"datetime": "2021-09-24 09:41:05", "elapsed": 729.018195, "delta": 2.191801}}
{"target": 0.3215273757993433, "params": {"C": 111.05116909493682, "epsilon": 0.34095596380199367, "gamma": 0.11057265401147226}, "datetime": {"datetime": "2021-09-24 09:41:10", "elapsed": 733.950501, "delta": 4.932306}}
{"target": 0.3465918504635025, "params": {"C": 111.87513545877621, "epsilon": 0.920622976876019, "gamma": 0.07793988618875755}, "datetime": {"datetime": "2021-09-24 09:41:13", "elapsed": 737.018276, "delta": 3.067775}}
{"target": 0.29690858882981275, "params": {"C": 193.49338205260278, "epsilon": 0.26400120481657646, "gamma": 0.08365068595025435}, "datetime": {"datetime": "2021-09-24 09:41:19", "elapsed": 743.506922, "delta": 6.488646}}
{"target": 0.4270277307179152, "params": {"C": 189.63265327453036, "epsilon": 0.7145003162539798, "gamma": 0.020438282111292155}, "datetime": {"datetime": "2021-09-24 09:41:22", "elapsed": 746.407445, "delta": 2.900523}}
{"target": 0.41930382494088847, "params": {"C": 193.39834076507321, "epsilon": 0.3868795869967327, "gamma": 0.002462748138910552}, "datetime": {"datetime": "2021-09-24 09:41:27", "elapsed": 751.682803, "delta": 5.275358}}
{"target": 0.29188293325218484, "params": {"C": 189.6079809901372, "epsilon": 0.642896602338259, "gamma": 0.09101825077820967}, "datetime": {"datetime": "2021-09-24 09:41:32", "elapsed": 756.150827, "delta": 4.468024}}
{"target": 0.44065851609845186, "params": {"C": 124.42129730172276, "epsilon": 0.2798890594406311, "gamma": 0.008220634206470404}, "datetime": {"datetime": "2021-09-24 09:41:34", "elapsed": 758.717453, "delta": 2.566626}}
{"target": 0.44584870381306985, "params": {"C": 111.14923983555731, "epsilon": 0.4782265718594578, "gamma": 0.011560250582330529}, "datetime": {"datetime": "2021-09-24 09:41:39", "elapsed": 763.243213, "delta": 4.52576}}
{"target": 0.4274232075223502, "params": {"C": 111.0655261589929, "epsilon": 0.5175209168064765, "gamma": 0.028866758316172553}, "datetime": {"datetime": "2021-09-24 09:41:44", "elapsed": 768.254727, "delta": 5.011514}}
{"target": 0.44982915555909686, "params": {"C": 124.41118113415469, "epsilon": 0.3788161417518518, "gamma": 0.015315128558367117}, "datetime": {"datetime": "2021-09-24 09:41:52", "elapsed": 776.695491, "delta": 8.440764}}
{"target": 0.4159111407773751, "params": {"C": 124.45582037732748, "epsilon": 0.4619330588485525, "gamma": 0.032290383312946654}, "datetime": {"datetime": "2021-09-24 09:41:57", "elapsed": 781.722545, "delta": 5.027054}}
{"target": 0.31373616806488247, "params": {"C": 179.2388375523821, "epsilon": 0.8440785593766643, "gamma": 0.07308132717544409}, "datetime": {"datetime": "2021-09-24 09:42:00", "elapsed": 784.381703, "delta": 2.659158}}
{"target": 0.3561543875516924, "params": {"C": 100.83401055581444, "epsilon": 0.43994804291666223, "gamma": 0.07493829169118264}, "datetime": {"datetime": "2021-09-24 09:42:03", "elapsed": 787.187355, "delta": 2.805652}}
{"target": 0.38705831754309883, "params": {"C": 124.34307076642722, "epsilon": 0.3437325884482708, "gamma": 0.04509726746888582}, "datetime": {"datetime": "2021-09-24 09:42:10", "elapsed": 794.618738, "delta": 7.431383}}
