{"target": -43.1734775030843, "params": {"C": 261.23520342866664, "epsilon": 1.8369234189297006, "gamma": 0.0168706257891081}, "datetime": {"datetime": "2021-09-24 16:44:19", "elapsed": 27.64442, "delta": 0.860825}}
{"target": -42.93867268131595, "params": {"C": 202.38986983643352, "epsilon": 1.091784278837829, "gamma": 0.016875527397509995}, "datetime": {"datetime": "2021-09-24 16:44:19", "elapsed": 28.073419, "delta": 0.428999}}
{"target": -43.70890115018262, "params": {"C": 230.03503839055202, "epsilon": 2.6375585428520822, "gamma": 0.023123555205729875}, "datetime": {"datetime": "2021-09-24 16:44:20", "elapsed": 28.454684, "delta": 0.381265}}
{"target": -43.89533776295801, "params": {"C": 209.8282409664833, "epsilon": 2.916726489862894, "gamma": 0.027678701853734253}, "datetime": {"datetime": "2021-09-24 16:44:20", "elapsed": 28.834683, "delta": 0.379999}}
{"target": -43.82533949258419, "params": {"C": 205.26932658395677, "epsilon": 1.5728236681105212, "gamma": 0.026862447013209136}, "datetime": {"datetime": "2021-09-24 16:44:20", "elapsed": 29.277108, "delta": 0.442425}}
{"target": -43.42804729642081, "params": {"C": 206.70039055318603, "epsilon": 3.323075898977594, "gamma": 0.0029748143480972985}, "datetime": {"datetime": "2021-09-24 16:44:21", "elapsed": 29.796104, "delta": 0.518996}}
{"target": -43.887490468492864, "params": {"C": 255.61050587180878, "epsilon": 1.6345017533991009, "gamma": 0.02358199216652072}, "datetime": {"datetime": "2021-09-24 16:44:21", "elapsed": 30.301714, "delta": 0.50561}}
{"target": -43.86858128692107, "params": {"C": 229.12159788585643, "epsilon": 0.4431282091726346, "gamma": 0.025048330023362212}, "datetime": {"datetime": "2021-09-24 16:44:22", "elapsed": 30.763073, "delta": 0.461359}}
{"target": -43.05565546754471, "params": {"C": 250.9966572652231, "epsilon": 0.31524459665622384, "gamma": 0.017199616266794837}, "datetime": {"datetime": "2021-09-24 16:44:22", "elapsed": 31.27909, "delta": 0.516017}}
{"target": -43.055832012380684, "params": {"C": 299.01250314551464, "epsilon": 2.9872471413575625, "gamma": 0.005008680115980152}, "datetime": {"datetime": "2021-09-24 16:44:23", "elapsed": 31.68509, "delta": 0.406}}
{"target": -42.57921682115841, "params": {"C": 217.85898024175222, "epsilon": 2.005004704578739, "gamma": 0.011256206451317698}, "datetime": {"datetime": "2021-09-24 16:44:23", "elapsed": 32.057087, "delta": 0.371997}}
{"target": -43.17842262689813, "params": {"C": 249.43823828108447, "epsilon": 3.3244573963292865, "gamma": 0.016739492188988455}, "datetime": {"datetime": "2021-09-24 16:44:24", "elapsed": 32.916672, "delta": 0.859585}}
{"target": -43.55948359776843, "params": {"C": 246.17831182592158, "epsilon": 2.8117354620059505, "gamma": 0.02060546754298954}, "datetime": {"datetime": "2021-09-24 16:44:24", "elapsed": 33.380933, "delta": 0.464261}}
{"target": -43.321778154412605, "params": {"C": 286.06071490993673, "epsilon": 2.3167336378795307, "gamma": 0.0038880649093159794}, "datetime": {"datetime": "2021-09-24 16:44:25", "elapsed": 33.793934, "delta": 0.413001}}
{"target": -43.40286985379595, "params": {"C": 218.19637477438263, "epsilon": 1.9854247522715525, "gamma": 0.001018913051482174}, "datetime": {"datetime": "2021-09-24 16:44:25", "elapsed": 34.241078, "delta": 0.447144}}
{"target": -43.31881186500252, "params": {"C": 256.5310520851828, "epsilon": 3.542546217546579, "gamma": 0.001021780893566883}, "datetime": {"datetime": "2021-09-24 16:44:26", "elapsed": 34.725303, "delta": 0.484225}}
{"target": -43.13644737481639, "params": {"C": 238.33081446464, "epsilon": 2.9558369140908405, "gamma": 0.01663130543842404}, "datetime": {"datetime": "2021-09-24 16:44:26", "elapsed": 35.195234, "delta": 0.469931}}
{"target": -42.66150804483542, "params": {"C": 281.19389471724514, "epsilon": 1.9847652356333816, "gamma": 0.011861590420888031}, "datetime": {"datetime": "2021-09-24 16:44:27", "elapsed": 35.645567, "delta": 0.450333}}
{"target": -43.92995290358746, "params": {"C": 288.21926181604596, "epsilon": 1.7419134231097866, "gamma": 0.021982149253630623}, "datetime": {"datetime": "2021-09-24 16:44:28", "elapsed": 36.494568, "delta": 0.849001}}
{"target": -43.29020916202111, "params": {"C": 294.5015136652099, "epsilon": 0.5790523240852614, "gamma": 0.003689142951602287}, "datetime": {"datetime": "2021-09-24 16:44:28", "elapsed": 37.062268, "delta": 0.5677}}
{"target": -43.01754917844045, "params": {"C": 216.79527736097327, "epsilon": 3.421322161689099, "gamma": 0.014661992800137144}, "datetime": {"datetime": "2021-09-24 16:44:29", "elapsed": 37.527909, "delta": 0.465641}}
{"target": -42.88553216261282, "params": {"C": 242.8994424406133, "epsilon": 1.0412537727978373, "gamma": 0.014538948424205556}, "datetime": {"datetime": "2021-09-24 16:44:29", "elapsed": 38.083501, "delta": 0.555592}}
{"target": -43.95722684686279, "params": {"C": 275.73483259471226, "epsilon": 1.5689243087252789, "gamma": 0.023049259920498954}, "datetime": {"datetime": "2021-09-24 16:44:30", "elapsed": 38.625068, "delta": 0.541567}}
{"target": -43.629394905239366, "params": {"C": 205.1586484866464, "epsilon": 1.4593418950075303, "gamma": 0.02395355255456848}, "datetime": {"datetime": "2021-09-24 16:44:30", "elapsed": 39.151782, "delta": 0.526714}}
{"target": -44.01807532990529, "params": {"C": 251.04718262711498, "epsilon": 0.12974882683448052, "gamma": 0.024898911473328053}, "datetime": {"datetime": "2021-09-24 16:44:31", "elapsed": 39.694517, "delta": 0.542735}}
{"target": -43.591904942148695, "params": {"C": 296.85199384758846, "epsilon": 3.9152847819934427, "gamma": 0.0013786259999510931}, "datetime": {"datetime": "2021-09-24 16:44:31", "elapsed": 40.310622, "delta": 0.616105}}
{"target": -44.280631995570836, "params": {"C": 299.3644758304254, "epsilon": 1.9074999800108658, "gamma": 0.02673659371416354}, "datetime": {"datetime": "2021-09-24 16:44:32", "elapsed": 41.021939, "delta": 0.711317}}
{"target": -43.11358480672002, "params": {"C": 208.2939105841714, "epsilon": 3.840428438894668, "gamma": 0.017182842356090106}, "datetime": {"datetime": "2021-09-24 16:44:33", "elapsed": 41.45225, "delta": 0.430311}}
{"target": -43.00640792390927, "params": {"C": 261.771025227668, "epsilon": 1.2459107303744867, "gamma": 0.016120860732516982}, "datetime": {"datetime": "2021-09-24 16:44:33", "elapsed": 41.997246, "delta": 0.544996}}
{"target": -42.87780230063093, "params": {"C": 224.04643105016865, "epsilon": 1.712915382459606, "gamma": 0.01410685479935505}, "datetime": {"datetime": "2021-09-24 16:44:34", "elapsed": 42.626216, "delta": 0.62897}}
{"target": -43.26699102670667, "params": {"C": 248.43204538663804, "epsilon": 3.7136960442274485, "gamma": 0.003990696417149875}, "datetime": {"datetime": "2021-09-24 16:44:34", "elapsed": 43.122223, "delta": 0.496007}}
{"target": -43.47086984447112, "params": {"C": 213.24458343997438, "epsilon": 1.7993152242848247, "gamma": 0.0027992031635002547}, "datetime": {"datetime": "2021-09-24 16:44:35", "elapsed": 43.775623, "delta": 0.6534}}
{"target": -44.041347768247505, "params": {"C": 234.70352532470775, "epsilon": 0.36497414331800027, "gamma": 0.026649035562671133}, "datetime": {"datetime": "2021-09-24 16:44:35", "elapsed": 44.29351, "delta": 0.517887}}
{"target": -43.370602103140634, "params": {"C": 280.315270247768, "epsilon": 1.764381832239032, "gamma": 0.0036419048792824763}, "datetime": {"datetime": "2021-09-24 16:44:36", "elapsed": 44.897914, "delta": 0.604404}}
{"target": -42.87542014453108, "params": {"C": 283.08792064333204, "epsilon": 1.285843445506412, "gamma": 0.01314609800721141}, "datetime": {"datetime": "2021-09-24 16:44:37", "elapsed": 45.804861, "delta": 0.906947}}
{"target": -42.97799297109253, "params": {"C": 202.36761105038667, "epsilon": 2.996924086694015, "gamma": 0.007452970104372207}, "datetime": {"datetime": "2021-09-24 16:44:37", "elapsed": 46.393659, "delta": 0.588798}}
{"target": -43.91282533841224, "params": {"C": 224.86655354023713, "epsilon": 3.5147214547345342, "gamma": 0.027482579424565303}, "datetime": {"datetime": "2021-09-24 16:44:38", "elapsed": 46.996826, "delta": 0.603167}}
{"target": -44.255028310787466, "params": {"C": 279.73082508449374, "epsilon": 2.3156830620437217, "gamma": 0.028371357353328273}, "datetime": {"datetime": "2021-09-24 16:44:39", "elapsed": 47.57847, "delta": 0.581644}}
{"target": -44.09906637833989, "params": {"C": 234.95593616898466, "epsilon": 2.0032972494958137, "gamma": 0.028180233274285437}, "datetime": {"datetime": "2021-09-24 16:44:39", "elapsed": 48.111276, "delta": 0.532806}}
{"target": -42.73385918754034, "params": {"C": 266.13695208614973, "epsilon": 3.191570211912408, "gamma": 0.008589940404318257}, "datetime": {"datetime": "2021-09-24 16:44:40", "elapsed": 48.599471, "delta": 0.488195}}
{"target": -42.964755104704345, "params": {"C": 215.23302346568852, "epsilon": 2.506996879491239, "gamma": 0.007703689100385232}, "datetime": {"datetime": "2021-09-24 16:44:41", "elapsed": 49.969582, "delta": 1.370111}}
{"target": -43.74206286276822, "params": {"C": 264.3574537120551, "epsilon": 2.5027304018947465, "gamma": 0.021193221232825493}, "datetime": {"datetime": "2021-09-24 16:44:42", "elapsed": 50.491206, "delta": 0.521624}}
{"target": -43.38924892027235, "params": {"C": 244.24826469863856, "epsilon": 3.6088196455893953, "gamma": 0.0035247820171389185}, "datetime": {"datetime": "2021-09-24 16:44:42", "elapsed": 51.125207, "delta": 0.634001}}
{"target": -42.5830162697609, "params": {"C": 264.70439531088766, "epsilon": 2.166597899323284, "gamma": 0.010432620630044971}, "datetime": {"datetime": "2021-09-24 16:44:43", "elapsed": 51.730458, "delta": 0.605251}}
{"target": -43.05756161572227, "params": {"C": 276.5256955848364, "epsilon": 0.3812069086452059, "gamma": 0.01642034485149578}, "datetime": {"datetime": "2021-09-24 16:44:44", "elapsed": 52.687682, "delta": 0.957224}}
{"target": -43.05593509177975, "params": {"C": 296.0027847766566, "epsilon": 3.029597373698723, "gamma": 0.014426766694933585}, "datetime": {"datetime": "2021-09-24 16:44:45", "elapsed": 53.539131, "delta": 0.851449}}
{"target": -43.98747107632077, "params": {"C": 244.962503305393, "epsilon": 3.65507999921086, "gamma": 0.02849028047437679}, "datetime": {"datetime": "2021-09-24 16:44:45", "elapsed": 54.145083, "delta": 0.605952}}
{"target": -43.123918947745864, "params": {"C": 211.34741018017985, "epsilon": 3.2355886205194047, "gamma": 0.01782294712630036}, "datetime": {"datetime": "2021-09-24 16:44:46", "elapsed": 54.733185, "delta": 0.588102}}
{"target": -44.17284205972407, "params": {"C": 299.4275098112973, "epsilon": 3.4428823425728674, "gamma": 0.02730043855488206}, "datetime": {"datetime": "2021-09-24 16:44:46", "elapsed": 55.430351, "delta": 0.697166}}
{"target": -42.99628667464484, "params": {"C": 272.61978636648416, "epsilon": 2.2754709417809535, "gamma": 0.014781937553605764}, "datetime": {"datetime": "2021-09-24 16:44:47", "elapsed": 56.210355, "delta": 0.780004}}
{"target": -42.527858571294225, "params": {"C": 242.4534036292061, "epsilon": 1.1847016080498374, "gamma": 0.011050347733144946}, "datetime": {"datetime": "2021-09-24 16:44:48", "elapsed": 56.834352, "delta": 0.623997}}
{"target": -42.669545066898216, "params": {"C": 225.5790429204762, "epsilon": 0.7925634394356539, "gamma": 0.01315549095152669}, "datetime": {"datetime": "2021-09-24 16:44:49", "elapsed": 57.666255, "delta": 0.831903}}
{"target": -42.700089841221505, "params": {"C": 242.77268668107956, "epsilon": 0.4201594259561233, "gamma": 0.013220069011035666}, "datetime": {"datetime": "2021-09-24 16:44:49", "elapsed": 58.360407, "delta": 0.694152}}
{"target": -44.40078609551363, "params": {"C": 280.8411354649862, "epsilon": 0.8279245970078358, "gamma": 0.029810489100023606}, "datetime": {"datetime": "2021-09-24 16:44:50", "elapsed": 59.014159, "delta": 0.653752}}
{"target": -43.26521446300649, "params": {"C": 254.4232069206874, "epsilon": 1.2721561958449814, "gamma": 0.018199136560152134}, "datetime": {"datetime": "2021-09-24 16:44:51", "elapsed": 60.01827, "delta": 1.004111}}
{"target": -42.72405729257159, "params": {"C": 289.7169847810067, "epsilon": 3.034381960362839, "gamma": 0.011230136768639844}, "datetime": {"datetime": "2021-09-24 16:44:52", "elapsed": 60.659986, "delta": 0.641716}}
{"target": -42.83434807870767, "params": {"C": 240.67094206529765, "epsilon": 2.7654301746386727, "gamma": 0.013260441199901638}, "datetime": {"datetime": "2021-09-24 16:44:53", "elapsed": 61.510898, "delta": 0.850912}}
{"target": -43.171497107159915, "params": {"C": 212.57627277620128, "epsilon": 1.0284398646312705, "gamma": 0.005181954707142125}, "datetime": {"datetime": "2021-09-24 16:44:53", "elapsed": 62.3159, "delta": 0.805002}}
{"target": -43.49277150124424, "params": {"C": 280.0655678069338, "epsilon": 1.145931837859396, "gamma": 0.018342147457729774}, "datetime": {"datetime": "2021-09-24 16:44:54", "elapsed": 63.372482, "delta": 1.056582}}
{"target": -44.01156019151269, "params": {"C": 252.81516704671517, "epsilon": 3.098392024150643, "gamma": 0.027199017839260792}, "datetime": {"datetime": "2021-09-24 16:44:55", "elapsed": 64.299242, "delta": 0.92676}}
{"target": -43.369256466984154, "params": {"C": 257.65019703962787, "epsilon": 0.146760436979805, "gamma": 0.019199437905620075}, "datetime": {"datetime": "2021-09-24 16:44:56", "elapsed": 64.957358, "delta": 0.658116}}
{"target": -44.18501808855721, "params": {"C": 233.00514203810303, "epsilon": 0.6348037566144173, "gamma": 0.02930396763427359}, "datetime": {"datetime": "2021-09-24 16:44:57", "elapsed": 65.891811, "delta": 0.934453}}
{"target": -43.51759168986456, "params": {"C": 252.964166421416, "epsilon": 3.1897508770646428, "gamma": 0.019567225163946003}, "datetime": {"datetime": "2021-09-24 16:44:58", "elapsed": 66.613849, "delta": 0.722038}}
{"target": -43.77681831208869, "params": {"C": 269.98133521409306, "epsilon": 0.5438315880138135, "gamma": 0.02102622664997685}, "datetime": {"datetime": "2021-09-24 16:44:59", "elapsed": 67.834492, "delta": 1.220643}}
{"target": -42.699805014865824, "params": {"C": 247.01879953328753, "epsilon": 2.150924289598992, "gamma": 0.008805383144756212}, "datetime": {"datetime": "2021-09-24 16:45:00", "elapsed": 68.869065, "delta": 1.034573}}
{"target": -43.17595343588204, "params": {"C": 246.5341249825987, "epsilon": 0.44233724710864497, "gamma": 0.004925212642277532}, "datetime": {"datetime": "2021-09-24 16:45:01", "elapsed": 69.557287, "delta": 0.688222}}
{"target": -42.96559366850952, "params": {"C": 267.07067823957766, "epsilon": 3.1700091648079636, "gamma": 0.0063513665802164805}, "datetime": {"datetime": "2021-09-24 16:45:01", "elapsed": 70.205286, "delta": 0.647999}}
{"target": -42.96307261610361, "params": {"C": 200.80222564294368, "epsilon": 0.6634737071058079, "gamma": 0.008147253382081731}, "datetime": {"datetime": "2021-09-24 16:45:02", "elapsed": 71.109132, "delta": 0.903846}}
{"target": -42.566844114308076, "params": {"C": 238.266474854033, "epsilon": 1.590231655706134, "gamma": 0.011562889231206524}, "datetime": {"datetime": "2021-09-24 16:45:03", "elapsed": 72.247285, "delta": 1.138153}}
{"target": -43.24589055490967, "params": {"C": 228.98709727156958, "epsilon": 1.6724413118091312, "gamma": 0.019266272867681487}, "datetime": {"datetime": "2021-09-24 16:45:05", "elapsed": 73.548005, "delta": 1.30072}}
{"target": -43.60574826077512, "params": {"C": 221.1469133620741, "epsilon": 1.0736665601963802, "gamma": 0.001494155737813177}, "datetime": {"datetime": "2021-09-24 16:45:06", "elapsed": 74.744078, "delta": 1.196073}}
{"target": -43.19342376923041, "params": {"C": 229.15648660091966, "epsilon": 3.149300000118635, "gamma": 0.01810754728829911}, "datetime": {"datetime": "2021-09-24 16:45:07", "elapsed": 75.622073, "delta": 0.877995}}
{"target": -43.82093388678989, "params": {"C": 271.8735939309514, "epsilon": 1.4847530435375116, "gamma": 0.02149681388647846}, "datetime": {"datetime": "2021-09-24 16:45:08", "elapsed": 76.475076, "delta": 0.853003}}
{"target": -44.043375655102594, "params": {"C": 225.55299729357887, "epsilon": 0.4780555886255591, "gamma": 0.027540990682151937}, "datetime": {"datetime": "2021-09-24 16:45:09", "elapsed": 77.729181, "delta": 1.254105}}
{"target": -43.02838801487408, "params": {"C": 286.0779350284663, "epsilon": 1.8015414836432755, "gamma": 0.015129256566654793}, "datetime": {"datetime": "2021-09-24 16:45:10", "elapsed": 78.596887, "delta": 0.867706}}
{"target": -44.13525119459304, "params": {"C": 232.82233192756726, "epsilon": 0.08803528455996479, "gamma": 0.02772778257206361}, "datetime": {"datetime": "2021-09-24 16:45:11", "elapsed": 79.697205, "delta": 1.100318}}
{"target": -42.61811015378076, "params": {"C": 204.94172176891212, "epsilon": 2.3863366321392845, "gamma": 0.0113012489487083}, "datetime": {"datetime": "2021-09-24 16:45:12", "elapsed": 80.544203, "delta": 0.846998}}
{"target": -43.2646164203752, "params": {"C": 271.839817804836, "epsilon": 1.5314311634688957, "gamma": 0.017379337489782147}, "datetime": {"datetime": "2021-09-24 16:45:13", "elapsed": 82.02706, "delta": 1.482857}}
{"target": -43.05153055463425, "params": {"C": 242.2893549435098, "epsilon": 1.6628367765501009, "gamma": 0.0065815943523209325}, "datetime": {"datetime": "2021-09-24 16:45:14", "elapsed": 83.173414, "delta": 1.146354}}
{"target": -44.20467969007707, "params": {"C": 291.96674475920594, "epsilon": 2.5423696254627335, "gamma": 0.026735798554157957}, "datetime": {"datetime": "2021-09-24 16:45:15", "elapsed": 84.069676, "delta": 0.896262}}
{"target": -43.32655918471433, "params": {"C": 200.30130428560702, "epsilon": 3.300686992705425, "gamma": 0.021619992785918057}, "datetime": {"datetime": "2021-09-24 16:45:16", "elapsed": 84.90499, "delta": 0.835314}}
{"target": -44.1658019030525, "params": {"C": 273.84430421480135, "epsilon": 3.2568497892025388, "gamma": 0.02883092464122197}, "datetime": {"datetime": "2021-09-24 16:45:17", "elapsed": 85.74761, "delta": 0.84262}}
{"target": -43.5270995285544, "params": {"C": 216.82281232952678, "epsilon": 0.21926465182982913, "gamma": 0.0012295067359591849}, "datetime": {"datetime": "2021-09-24 16:45:18", "elapsed": 86.877127, "delta": 1.129517}}
{"target": -42.75913103249491, "params": {"C": 212.67825574852873, "epsilon": 3.296840589453197, "gamma": 0.012493421924499256}, "datetime": {"datetime": "2021-09-24 16:45:19", "elapsed": 87.98165, "delta": 1.104523}}
{"target": -42.936588659613534, "params": {"C": 207.02662200884703, "epsilon": 1.416523280268116, "gamma": 0.015922525802109615}, "datetime": {"datetime": "2021-09-24 16:45:21", "elapsed": 89.735983, "delta": 1.754333}}
{"target": -42.548221949044596, "params": {"C": 281.1207593824494, "epsilon": 1.4483099235089079, "gamma": 0.009767094196903334}, "datetime": {"datetime": "2021-09-24 16:45:22", "elapsed": 90.571006, "delta": 0.835023}}
{"target": -42.57004007802342, "params": {"C": 203.2975306779988, "epsilon": 1.6668509007718906, "gamma": 0.011491396152300172}, "datetime": {"datetime": "2021-09-24 16:45:22", "elapsed": 91.355193, "delta": 0.784187}}
{"target": -42.929708227979184, "params": {"C": 269.28985208911854, "epsilon": 1.4449356696667375, "gamma": 0.014863780576026369}, "datetime": {"datetime": "2021-09-24 16:45:23", "elapsed": 92.130671, "delta": 0.775478}}
{"target": -42.77656871191027, "params": {"C": 221.53373045407426, "epsilon": 1.465970296037845, "gamma": 0.013753776049429088}, "datetime": {"datetime": "2021-09-24 16:45:24", "elapsed": 93.35431, "delta": 1.223639}}
{"target": -43.797170093786654, "params": {"C": 253.6591937961316, "epsilon": 1.5774108663741921, "gamma": 0.0021633540736073287}, "datetime": {"datetime": "2021-09-24 16:45:25", "elapsed": 94.344216, "delta": 0.989906}}
{"target": -42.81165839920201, "params": {"C": 247.62577578747636, "epsilon": 0.5702685362572875, "gamma": 0.01415891073759012}, "datetime": {"datetime": "2021-09-24 16:45:26", "elapsed": 95.151247, "delta": 0.807031}}
{"target": -43.864561428459105, "params": {"C": 240.19585019192687, "epsilon": 0.7689054256374187, "gamma": 0.024349845509390237}, "datetime": {"datetime": "2021-09-24 16:45:27", "elapsed": 95.952106, "delta": 0.800859}}
{"target": -43.13772801993479, "params": {"C": 261.99820682025745, "epsilon": 1.1151516846419618, "gamma": 0.005892841290764501}, "datetime": {"datetime": "2021-09-24 16:45:28", "elapsed": 97.312721, "delta": 1.360615}}
{"target": -42.993547193660035, "params": {"C": 261.4342085437066, "epsilon": 0.7903556186666931, "gamma": 0.006869934125580528}, "datetime": {"datetime": "2021-09-24 16:45:29", "elapsed": 98.082722, "delta": 0.770001}}
{"target": -43.313413016761906, "params": {"C": 227.6822579056462, "epsilon": 2.1559526571080347, "gamma": 0.0030798503444437342}, "datetime": {"datetime": "2021-09-24 16:45:30", "elapsed": 98.943921, "delta": 0.861199}}
{"target": -43.92742757745363, "params": {"C": 247.37467244103127, "epsilon": 2.4906731278415397, "gamma": 0.024565263561558706}, "datetime": {"datetime": "2021-09-24 16:45:31", "elapsed": 99.790911, "delta": 0.84699}}
{"target": -42.66889288764466, "params": {"C": 243.4050993778921, "epsilon": 0.7869031091285726, "gamma": 0.00883034436746833}, "datetime": {"datetime": "2021-09-24 16:45:32", "elapsed": 100.552113, "delta": 0.761202}}
{"target": -44.27809894149382, "params": {"C": 278.92592052778093, "epsilon": 1.4896745605691464, "gamma": 0.028131227737587656}, "datetime": {"datetime": "2021-09-24 16:45:33", "elapsed": 101.854464, "delta": 1.302351}}
{"target": -43.324952466985074, "params": {"C": 203.79005577371936, "epsilon": 2.437049071450818, "gamma": 0.0037804766966369092}, "datetime": {"datetime": "2021-09-24 16:45:34", "elapsed": 102.865489, "delta": 1.011025}}
{"target": -43.07812370048351, "params": {"C": 227.81091298840738, "epsilon": 1.1939254961799517, "gamma": 0.006521515883380222}, "datetime": {"datetime": "2021-09-24 16:45:35", "elapsed": 103.778957, "delta": 0.913468}}
