{"target": -38.475324074446, "params": {"C": 85.3438740896849, "epsilon": 0.34708459960512283, "gamma": 0.021449558195011414}, "datetime": {"datetime": "2021-09-28 12:02:07", "elapsed": 296.306716, "delta": 1.239998}}
{"target": -39.0326726996709, "params": {"C": 16.02729637544934, "epsilon": 1.575529338745182, "gamma": 0.02570884918442445}, "datetime": {"datetime": "2021-09-28 12:02:09", "elapsed": 298.315997, "delta": 2.009281}}
{"target": -39.562894544935375, "params": {"C": 118.37721382811216, "epsilon": 0.8696341514632886, "gamma": 0.053153886259258286}, "datetime": {"datetime": "2021-09-28 12:02:10", "elapsed": 299.635092, "delta": 1.319095}}
{"target": -39.30482571751796, "params": {"C": 145.1472678874961, "epsilon": 2.782190672198641, "gamma": 0.048465389667006024}, "datetime": {"datetime": "2021-09-28 12:02:13", "elapsed": 302.021378, "delta": 2.386286}}
{"target": -39.08033391055714, "params": {"C": 74.2806616299028, "epsilon": 0.43911266342520777, "gamma": 0.03484571793977941}, "datetime": {"datetime": "2021-09-28 12:02:14", "elapsed": 303.362788, "delta": 1.34141}}
{"target": -44.62902160524995, "params": {"C": 10.886838587768473, "epsilon": 2.468633559406991, "gamma": 0.14547567788586138}, "datetime": {"datetime": "2021-09-28 12:02:16", "elapsed": 305.255792, "delta": 1.893004}}
{"target": -40.225008041659926, "params": {"C": 120.70981252896702, "epsilon": 1.1975873503623602, "gamma": 0.06940570784802014}, "datetime": {"datetime": "2021-09-28 12:02:18", "elapsed": 307.305213, "delta": 2.049421}}
{"target": -38.495709726756154, "params": {"C": 139.47427297465885, "epsilon": 0.3772394022061182, "gamma": 0.029045575573415736}, "datetime": {"datetime": "2021-09-28 12:02:20", "elapsed": 309.995167, "delta": 2.689954}}
{"target": -43.69672123655548, "params": {"C": 29.024870173875367, "epsilon": 2.2834819508654802, "gamma": 0.15128200062125172}, "datetime": {"datetime": "2021-09-28 12:02:22", "elapsed": 311.329519, "delta": 1.334352}}
{"target": -41.948669280460436, "params": {"C": 148.52216655995647, "epsilon": 2.1397804714895954, "gamma": 0.09420199190207611}, "datetime": {"datetime": "2021-09-28 12:02:25", "elapsed": 314.581881, "delta": 3.252362}}
{"target": -36.23631085362754, "params": {"C": 133.74288152628392, "epsilon": 1.2694199394046815, "gamma": 0.001}, "datetime": {"datetime": "2021-09-28 12:02:28", "elapsed": 317.316403, "delta": 2.734522}}
{"target": -39.926333535114296, "params": {"C": 111.40913802437784, "epsilon": 2.0335020430641944, "gamma": 0.06443314544567158}, "datetime": {"datetime": "2021-09-28 12:02:29", "elapsed": 318.762205, "delta": 1.445802}}
{"target": -38.475108337574646, "params": {"C": 133.71053108812615, "epsilon": 1.1410803245751744, "gamma": 0.029619688208137922}, "datetime": {"datetime": "2021-09-28 12:02:31", "elapsed": 320.788548, "delta": 2.026343}}
{"target": -39.596554541836056, "params": {"C": 10.925697350925894, "epsilon": 2.686709766895341, "gamma": 0.03303333343929911}, "datetime": {"datetime": "2021-09-28 12:02:34", "elapsed": 323.30556, "delta": 2.517012}}
{"target": -36.285702026711064, "params": {"C": 145.3270794683771, "epsilon": 2.8046897256160683, "gamma": 0.001}, "datetime": {"datetime": "2021-09-28 12:02:37", "elapsed": 326.308261, "delta": 3.002701}}
{"target": -40.451967713861805, "params": {"C": 99.5663056622446, "epsilon": 2.0775163712828397, "gamma": 0.07582116209008692}, "datetime": {"datetime": "2021-09-28 12:02:38", "elapsed": 327.644264, "delta": 1.336003}}
{"target": -36.2270494651883, "params": {"C": 118.24418168148691, "epsilon": 0.8968324006663915, "gamma": 0.001}, "datetime": {"datetime": "2021-09-28 12:02:42", "elapsed": 331.11663, "delta": 3.472366}}
{"target": -40.42492178193536, "params": {"C": 19.82079318630476, "epsilon": 0.7838049492463606, "gamma": 0.0018047441341201384}, "datetime": {"datetime": "2021-09-28 12:02:44", "elapsed": 333.526715, "delta": 2.410085}}
{"target": -40.762375123409726, "params": {"C": 23.232566314729684, "epsilon": 2.2714001098759162, "gamma": 0.05986777153579714}, "datetime": {"datetime": "2021-09-28 12:02:45", "elapsed": 334.940006, "delta": 1.413291}}
{"target": -38.890294207103075, "params": {"C": 118.15755300075399, "epsilon": 0.8577025031528801, "gamma": 0.03770353386258445}, "datetime": {"datetime": "2021-09-28 12:02:48", "elapsed": 337.864572, "delta": 2.924566}}
{"target": -36.72061790990651, "params": {"C": 116.60294379815005, "epsilon": 2.5903835946673492, "gamma": 0.00591009014916959}, "datetime": {"datetime": "2021-09-28 12:02:51", "elapsed": 340.186769, "delta": 2.322197}}
{"target": -36.21901064036435, "params": {"C": 118.26720339492773, "epsilon": 0.9791411910960711, "gamma": 0.001}, "datetime": {"datetime": "2021-09-28 12:02:54", "elapsed": 343.061416, "delta": 2.874647}}
{"target": -38.268474880956546, "params": {"C": 143.51619350299052, "epsilon": 1.5937547041357352, "gamma": 0.02188437340629843}, "datetime": {"datetime": "2021-09-28 12:02:55", "elapsed": 344.603921, "delta": 1.542505}}
{"target": -42.35487809577595, "params": {"C": 83.00584457410898, "epsilon": 1.0472501409367116, "gamma": 0.11755152379923502}, "datetime": {"datetime": "2021-09-28 12:02:57", "elapsed": 346.183588, "delta": 1.579667}}
{"target": -36.12624586327929, "params": {"C": 129.18124678504964, "epsilon": 1.839191380139439, "gamma": 0.0010015474932364955}, "datetime": {"datetime": "2021-09-28 12:03:00", "elapsed": 349.022019, "delta": 2.838431}}
{"target": -36.824156534506855, "params": {"C": 118.16347860806714, "epsilon": 1.0058444678982383, "gamma": 0.004554519057942881}, "datetime": {"datetime": "2021-09-28 12:03:02", "elapsed": 351.368745, "delta": 2.346726}}
{"target": -38.83558420460722, "params": {"C": 129.11025967932176, "epsilon": 1.8181237730621944, "gamma": 0.036730139615849415}, "datetime": {"datetime": "2021-09-28 12:03:05", "elapsed": 354.674337, "delta": 3.305592}}
{"target": -36.19364991318763, "params": {"C": 149.92857403694998, "epsilon": 0.12277122731637424, "gamma": 0.001}, "datetime": {"datetime": "2021-09-28 12:03:09", "elapsed": 358.151628, "delta": 3.477291}}
{"target": -39.87465859251099, "params": {"C": 129.25644295275328, "epsilon": 1.8449345239613655, "gamma": 0.05902645892847397}, "datetime": {"datetime": "2021-09-28 12:03:12", "elapsed": 361.070695, "delta": 2.919067}}
{"target": -37.60141181737118, "params": {"C": 149.94702553045218, "epsilon": 0.2734557500226509, "gamma": 0.013678943095669607}, "datetime": {"datetime": "2021-09-28 12:03:14", "elapsed": 363.459319, "delta": 2.388624}}
{"target": -42.93443258358144, "params": {"C": 118.17362287718753, "epsilon": 1.091769285848709, "gamma": 0.1188264571274037}, "datetime": {"datetime": "2021-09-28 12:03:18", "elapsed": 367.567747, "delta": 4.108428}}
{"target": -41.033327201251055, "params": {"C": 19.804670300447153, "epsilon": 0.5928751923941319, "gamma": 0.07068542625630708}, "datetime": {"datetime": "2021-09-28 12:03:21", "elapsed": 370.165312, "delta": 2.597565}}
{"target": -36.22352651872049, "params": {"C": 118.08052853955951, "epsilon": 0.9550910785737787, "gamma": 0.001}, "datetime": {"datetime": "2021-09-28 12:03:23", "elapsed": 372.907313, "delta": 2.742001}}
{"target": -41.4979804132815, "params": {"C": 40.22112257693661, "epsilon": 2.561836724772556, "gamma": 0.08873805577746774}, "datetime": {"datetime": "2021-09-28 12:03:25", "elapsed": 374.577497, "delta": 1.670184}}
{"target": -39.11477915628087, "params": {"C": 122.73330352708686, "epsilon": 0.5134061415968234, "gamma": 0.042930610654892655}, "datetime": {"datetime": "2021-09-28 12:03:28", "elapsed": 377.036886, "delta": 2.459389}}
{"target": -41.79955638017284, "params": {"C": 42.5466437804372, "epsilon": 0.6475747550852883, "gamma": 0.09493221466692384}, "datetime": {"datetime": "2021-09-28 12:03:29", "elapsed": 378.59678, "delta": 1.559894}}
{"target": -44.135553797539345, "params": {"C": 90.0972724393627, "epsilon": 0.13300659256873557, "gamma": 0.15653470267366112}, "datetime": {"datetime": "2021-09-28 12:03:31", "elapsed": 380.445782, "delta": 1.849002}}
{"target": -36.208242695300584, "params": {"C": 133.39209638943632, "epsilon": 1.422369723147393, "gamma": 0.001}, "datetime": {"datetime": "2021-09-28 12:03:35", "elapsed": 384.284938, "delta": 3.839156}}
{"target": -39.019175619259705, "params": {"C": 118.21967080181963, "epsilon": 0.9507871464563764, "gamma": 0.04097849407811911}, "datetime": {"datetime": "2021-09-28 12:03:38", "elapsed": 387.413257, "delta": 3.128319}}
{"target": -37.15529304193894, "params": {"C": 133.2740863913057, "epsilon": 1.4360066413569352, "gamma": 0.008489099681320122}, "datetime": {"datetime": "2021-09-28 12:03:41", "elapsed": 390.995653, "delta": 3.582396}}
{"target": -40.41112426874301, "params": {"C": 44.508948809069665, "epsilon": 0.27882025990741016, "gamma": 0.05843428260014054}, "datetime": {"datetime": "2021-09-28 12:03:43", "elapsed": 392.59488, "delta": 1.599227}}
{"target": -38.42666504794737, "params": {"C": 118.3375520407493, "epsilon": 1.054698630073225, "gamma": 0.022908826976292103}, "datetime": {"datetime": "2021-09-28 12:03:47", "elapsed": 396.135198, "delta": 3.540318}}
{"target": -39.58848096656117, "params": {"C": 133.37579982180273, "epsilon": 1.5128214761984449, "gamma": 0.05260189677038589}, "datetime": {"datetime": "2021-09-28 12:03:50", "elapsed": 399.837778, "delta": 3.70258}}
{"target": -36.16749769004316, "params": {"C": 149.92110081996427, "epsilon": 0.02033940217678562, "gamma": 0.001}, "datetime": {"datetime": "2021-09-28 12:03:54", "elapsed": 403.764904, "delta": 3.927126}}
{"target": -43.90850845754725, "params": {"C": 56.73012264142258, "epsilon": 1.0919671195609628, "gamma": 0.1689773072613991}, "datetime": {"datetime": "2021-09-28 12:03:56", "elapsed": 405.564303, "delta": 1.799399}}
{"target": -36.24732817816591, "params": {"C": 133.82496911551337, "epsilon": 1.2098871166868395, "gamma": 0.001}, "datetime": {"datetime": "2021-09-28 12:04:00", "elapsed": 409.21605, "delta": 3.651747}}
{"target": -42.83022033243752, "params": {"C": 15.923793989724382, "epsilon": 1.4842872374569929, "gamma": 0.1118306057434502}, "datetime": {"datetime": "2021-09-28 12:04:03", "elapsed": 412.877106, "delta": 3.661056}}
{"target": -42.95092373358839, "params": {"C": 20.745225087838378, "epsilon": 1.2256026885656781, "gamma": 0.001}, "datetime": {"datetime": "2021-09-28 12:04:08", "elapsed": 417.183413, "delta": 4.306307}}
{"target": -42.75538459945657, "params": {"C": 96.83286111260654, "epsilon": 0.8617205666071936, "gamma": 0.12470499211226563}, "datetime": {"datetime": "2021-09-28 12:04:09", "elapsed": 418.824689, "delta": 1.641276}}
{"target": -37.094141428753744, "params": {"C": 139.36574281453198, "epsilon": 0.8068337705605988, "gamma": 0.0072348898738851435}, "datetime": {"datetime": "2021-09-28 12:04:11", "elapsed": 420.532127, "delta": 1.707438}}
{"target": -39.78585335233861, "params": {"C": 63.708866614073244, "epsilon": 2.35419668624849, "gamma": 0.06146828092098061}, "datetime": {"datetime": "2021-09-28 12:04:13", "elapsed": 422.399321, "delta": 1.867194}}
{"target": -41.75873094957824, "params": {"C": 133.29383795482755, "epsilon": 1.3492498888202897, "gamma": 0.09600652830302109}, "datetime": {"datetime": "2021-09-28 12:04:16", "elapsed": 425.462136, "delta": 3.062815}}
{"target": -36.806671064680216, "params": {"C": 133.90132648583221, "epsilon": 1.2015983399725096, "gamma": 0.0050905851122347665}, "datetime": {"datetime": "2021-09-28 12:04:18", "elapsed": 427.981289, "delta": 2.519153}}
{"target": -49.46488166899694, "params": {"C": 2.3605408869453868, "epsilon": 0.6924476056102004, "gamma": 0.12990209991089677}, "datetime": {"datetime": "2021-09-28 12:04:20", "elapsed": 429.8967, "delta": 1.915411}}
{"target": -36.38891973383062, "params": {"C": 108.07429226500649, "epsilon": 1.8536863302405724, "gamma": 0.001}, "datetime": {"datetime": "2021-09-28 12:04:25", "elapsed": 434.669925, "delta": 4.773225}}
{"target": -39.967664187308756, "params": {"C": 133.8969680476509, "epsilon": 1.1208579083432113, "gamma": 0.05881193346592646}, "datetime": {"datetime": "2021-09-28 12:04:29", "elapsed": 438.325693, "delta": 3.655768}}
{"target": -39.788886447248814, "params": {"C": 143.62654499185678, "epsilon": 1.6587252791308207, "gamma": 0.05443301520602789}, "datetime": {"datetime": "2021-09-28 12:04:33", "elapsed": 442.151936, "delta": 3.826243}}
{"target": -41.21914391658928, "params": {"C": 128.47318938045333, "epsilon": 1.2743699770640438, "gamma": 0.08522611119827334}, "datetime": {"datetime": "2021-09-28 12:04:35", "elapsed": 444.064867, "delta": 1.912931}}
{"target": -38.57159937731826, "params": {"C": 118.04667886373818, "epsilon": 0.853149167302588, "gamma": 0.03225711384190938}, "datetime": {"datetime": "2021-09-28 12:04:39", "elapsed": 448.270881, "delta": 4.206014}}
{"target": -39.7234902425263, "params": {"C": 129.16696494711408, "epsilon": 1.9751438186301993, "gamma": 0.056236403695369974}, "datetime": {"datetime": "2021-09-28 12:04:42", "elapsed": 451.963294, "delta": 3.692413}}
{"target": -38.33244900076351, "params": {"C": 139.23920172249044, "epsilon": 0.8521184456156325, "gamma": 0.024097902109536593}, "datetime": {"datetime": "2021-09-28 12:04:46", "elapsed": 455.502836, "delta": 3.539542}}
{"target": -39.03868240263568, "params": {"C": 108.0483394448355, "epsilon": 1.717411924458789, "gamma": 0.04353280559935513}, "datetime": {"datetime": "2021-09-28 12:04:50", "elapsed": 459.468659, "delta": 3.965823}}
{"target": -36.259452786318654, "params": {"C": 139.3625242363543, "epsilon": 0.913021039809175, "gamma": 0.001}, "datetime": {"datetime": "2021-09-28 12:04:54", "elapsed": 463.027749, "delta": 3.55909}}
{"target": -38.318601653515486, "params": {"C": 139.22847809687684, "epsilon": 1.027556016633891, "gamma": 0.024495799283661204}, "datetime": {"datetime": "2021-09-28 12:04:56", "elapsed": 465.622043, "delta": 2.594294}}
{"target": -40.113081569441604, "params": {"C": 139.40552095506425, "epsilon": 0.8668382348192535, "gamma": 0.061757085611546594}, "datetime": {"datetime": "2021-09-28 12:04:59", "elapsed": 468.241505, "delta": 2.619462}}
{"target": -41.4568799066889, "params": {"C": 105.53402597538512, "epsilon": 1.6546092893287947, "gamma": 0.09115014783540928}, "datetime": {"datetime": "2021-09-28 12:05:01", "elapsed": 470.038208, "delta": 1.796703}}
{"target": -39.243926524611986, "params": {"C": 133.95738586278503, "epsilon": 1.2467389661780546, "gamma": 0.04458357768466277}, "datetime": {"datetime": "2021-09-28 12:05:03", "elapsed": 472.931546, "delta": 2.893338}}
{"target": -40.97096833468729, "params": {"C": 118.136962057597, "epsilon": 2.337043814668872, "gamma": 0.08043724249343799}, "datetime": {"datetime": "2021-09-28 12:05:05", "elapsed": 474.792164, "delta": 1.860618}}
{"target": -36.218635836897796, "params": {"C": 118.01476956658541, "epsilon": 1.0153568655600995, "gamma": 0.001}, "datetime": {"datetime": "2021-09-28 12:05:08", "elapsed": 477.897861, "delta": 3.105697}}
{"target": -37.3264227493342, "params": {"C": 117.89937883240614, "epsilon": 1.1294342560345583, "gamma": 0.009496850756105978}, "datetime": {"datetime": "2021-09-28 12:05:11", "elapsed": 480.730552, "delta": 2.832691}}
{"target": -40.013801220651196, "params": {"C": 127.97282624661008, "epsilon": 1.9362094808581793, "gamma": 0.06299032416117299}, "datetime": {"datetime": "2021-09-28 12:05:13", "elapsed": 482.476378, "delta": 1.745826}}
{"target": -36.175541344166334, "params": {"C": 150.0, "epsilon": 0.05320270588279254, "gamma": 0.001}, "datetime": {"datetime": "2021-09-28 12:05:17", "elapsed": 486.071315, "delta": 3.594937}}
{"target": -40.72797569118238, "params": {"C": 20.731383235921136, "epsilon": 1.3353747884323748, "gamma": 0.05796156747195547}, "datetime": {"datetime": "2021-09-28 12:05:18", "elapsed": 487.796741, "delta": 1.725426}}
{"target": -40.93006458224829, "params": {"C": 26.57727941060864, "epsilon": 2.99480505766839, "gamma": 0.06680061773653355}, "datetime": {"datetime": "2021-09-28 12:05:20", "elapsed": 489.646683, "delta": 1.849942}}
{"target": -44.364010101881085, "params": {"C": 15.89636949217703, "epsilon": 1.6593876091532023, "gamma": 0.001}, "datetime": {"datetime": "2021-09-28 12:05:23", "elapsed": 492.795632, "delta": 3.148949}}
{"target": -43.8003564576673, "params": {"C": 117.86556259661843, "epsilon": 1.0984697154882872, "gamma": 0.13197152522294855}, "datetime": {"datetime": "2021-09-28 12:05:28", "elapsed": 497.805129, "delta": 5.009497}}
{"target": -44.24169539687436, "params": {"C": 133.82718571227088, "epsilon": 1.2612491971476243, "gamma": 0.13202140747833774}, "datetime": {"datetime": "2021-09-28 12:05:32", "elapsed": 501.847266, "delta": 4.042137}}
{"target": -37.225380334687884, "params": {"C": 117.9469124332925, "epsilon": 1.1944610255886294, "gamma": 0.009010723619614587}, "datetime": {"datetime": "2021-09-28 12:05:35", "elapsed": 504.767365, "delta": 2.920099}}
{"target": -42.255254883065255, "params": {"C": 32.392542693901845, "epsilon": 2.312221460734765, "gamma": 0.10497558017994883}, "datetime": {"datetime": "2021-09-28 12:05:37", "elapsed": 506.461772, "delta": 1.694407}}
{"target": -43.42644205058169, "params": {"C": 120.55479963228899, "epsilon": 1.3383633401321362, "gamma": 0.12466669229410621}, "datetime": {"datetime": "2021-09-28 12:05:40", "elapsed": 509.875743, "delta": 3.413971}}
{"target": -37.31046412490305, "params": {"C": 117.94217434153978, "epsilon": 0.8800292189778026, "gamma": 0.009481026723975931}, "datetime": {"datetime": "2021-09-28 12:05:44", "elapsed": 513.051526, "delta": 3.175783}}
{"target": -38.861554871318575, "params": {"C": 118.06427875245892, "epsilon": 1.1183617616090227, "gamma": 0.03731708923215053}, "datetime": {"datetime": "2021-09-28 12:05:47", "elapsed": 516.257469, "delta": 3.205943}}
{"target": -41.31628546634687, "params": {"C": 118.00339705395444, "epsilon": 0.9956929234418685, "gamma": 0.08807924596747474}, "datetime": {"datetime": "2021-09-28 12:05:51", "elapsed": 520.431836, "delta": 4.174367}}
{"target": -41.265216941929154, "params": {"C": 139.28442535975952, "epsilon": 0.9557840888022189, "gamma": 0.08595283366053572}, "datetime": {"datetime": "2021-09-28 12:05:54", "elapsed": 523.995769, "delta": 3.563933}}
{"target": -37.40242553658393, "params": {"C": 46.87807090005341, "epsilon": 2.5928856818197388, "gamma": 0.0012726428899036799}, "datetime": {"datetime": "2021-09-28 12:05:58", "elapsed": 527.300243, "delta": 3.304474}}
{"target": -36.2687077642648, "params": {"C": 117.83440387524381, "epsilon": 0.8444396813970463, "gamma": 0.0012253297351585018}, "datetime": {"datetime": "2021-09-28 12:06:01", "elapsed": 530.949739, "delta": 3.649496}}
{"target": -40.67936739190623, "params": {"C": 145.39410701590586, "epsilon": 2.7308220496048627, "gamma": 0.07447134941852375}, "datetime": {"datetime": "2021-09-28 12:06:05", "elapsed": 534.812393, "delta": 3.862654}}
{"target": -42.01291234084199, "params": {"C": 117.93547801344083, "epsilon": 0.6908280524896219, "gamma": 0.10444544404736682}, "datetime": {"datetime": "2021-09-28 12:06:09", "elapsed": 538.564655, "delta": 3.752262}}
{"target": -41.56457306040597, "params": {"C": 46.94263350434808, "epsilon": 2.6296259495049705, "gamma": 0.09511845683840628}, "datetime": {"datetime": "2021-09-28 12:06:13", "elapsed": 542.646689, "delta": 4.082034}}
{"target": -38.24685994923209, "params": {"C": 141.8881390358511, "epsilon": 1.924332416620932, "gamma": 0.023276761672235174}, "datetime": {"datetime": "2021-09-28 12:06:15", "elapsed": 544.764763, "delta": 2.118074}}
{"target": -42.828380789559375, "params": {"C": 93.11489684988518, "epsilon": 0.0803632164710174, "gamma": 0.1284523637064085}, "datetime": {"datetime": "2021-09-28 12:06:17", "elapsed": 546.602764, "delta": 1.838001}}
{"target": -40.10255555630202, "params": {"C": 40.98866762620112, "epsilon": 2.5038595244139117, "gamma": 0.05320203833215907}, "datetime": {"datetime": "2021-09-28 12:06:19", "elapsed": 548.519088, "delta": 1.916324}}
{"target": -38.55820985328674, "params": {"C": 117.85680906569095, "epsilon": 0.8761391517607454, "gamma": 0.03130340631415706}, "datetime": {"datetime": "2021-09-28 12:06:24", "elapsed": 553.066916, "delta": 4.547828}}
{"target": -36.254476870282545, "params": {"C": 139.38740790515408, "epsilon": 1.013190444920822, "gamma": 0.001}, "datetime": {"datetime": "2021-09-28 12:06:27", "elapsed": 556.112369, "delta": 3.045453}}
{"target": -38.180307194028984, "params": {"C": 139.43647545109607, "epsilon": 1.1551459724753792, "gamma": 0.019186082518911553}, "datetime": {"datetime": "2021-09-28 12:06:30", "elapsed": 559.282622, "delta": 3.170253}}
{"target": -42.95182942113988, "params": {"C": 55.9656024774358, "epsilon": 0.9062932395482663, "gamma": 0.1335349469816548}, "datetime": {"datetime": "2021-09-28 12:06:32", "elapsed": 561.147858, "delta": 1.865236}}
{"target": -40.0494423874837, "params": {"C": 36.894886941657155, "epsilon": 2.6255320200146572, "gamma": 0.049514405566539105}, "datetime": {"datetime": "2021-09-28 12:06:33", "elapsed": 562.965544, "delta": 1.817686}}
{"target": -46.205670491817706, "params": {"C": 11.050277414708875, "epsilon": 2.5848503885866556, "gamma": 0.001}, "datetime": {"datetime": "2021-09-28 12:06:38", "elapsed": 567.585188, "delta": 4.619644}}
{"target": -39.126619838161645, "params": {"C": 117.83265087241143, "epsilon": 0.7560621422238035, "gamma": 0.04421927750840813}, "datetime": {"datetime": "2021-09-28 12:06:42", "elapsed": 571.483304, "delta": 3.898116}}
{"target": -36.16394396988547, "params": {"C": 150.0, "epsilon": 0.001, "gamma": 0.001}, "datetime": {"datetime": "2021-09-28 12:06:45", "elapsed": 574.940014, "delta": 3.45671}}
{"target": -48.611057324183264, "params": {"C": 4.596468266759676, "epsilon": 1.3704145723210877, "gamma": 0.1640085536339533}, "datetime": {"datetime": "2021-09-28 12:06:47", "elapsed": 576.924005, "delta": 1.983991}}
