{"target": -45.19049704828494, "params": {"C": 32.79975118903184, "epsilon": 3.5305525875362407, "gamma": 0.08008529414261067}, "datetime": {"datetime": "2021-09-24 15:29:41", "elapsed": 57.995648, "delta": 0.850581}}
{"target": -44.85453255819627, "params": {"C": 49.503348049260914, "epsilon": 3.1423085405804065, "gamma": 0.07972909911160846}, "datetime": {"datetime": "2021-09-24 15:29:42", "elapsed": 58.747645, "delta": 0.751997}}
{"target": -52.33969390786566, "params": {"C": 9.916223639447487, "epsilon": 1.9854247522715525, "gamma": 0.0011057754643360785}, "datetime": {"datetime": "2021-09-24 15:29:43", "elapsed": 59.442104, "delta": 0.694459}}
{"target": -43.66198032085091, "params": {"C": 49.735169057128246, "epsilon": 2.9252926175462655, "gamma": 0.03068223644769987}, "datetime": {"datetime": "2021-09-24 15:29:44", "elapsed": 60.736417, "delta": 1.294313}}
{"target": -48.72565193007949, "params": {"C": 32.61364567943207, "epsilon": 2.9635561136149633, "gamma": 0.0007}, "datetime": {"datetime": "2021-09-24 15:29:45", "elapsed": 62.12695, "delta": 1.390533}}
{"target": -43.655770260628955, "params": {"C": 49.342033336350504, "epsilon": 2.8433092789246603, "gamma": 0.0350272934572987}, "datetime": {"datetime": "2021-09-24 15:29:47", "elapsed": 63.481464, "delta": 1.354514}}
{"target": -44.96184228367168, "params": {"C": 49.542908663674346, "epsilon": 2.7693468606570293, "gamma": 0.08248961169731968}, "datetime": {"datetime": "2021-09-24 15:29:47", "elapsed": 64.070077, "delta": 0.588613}}
{"target": -45.70397033507476, "params": {"C": 21.387130653042025, "epsilon": 1.1801041650559945, "gamma": 0.1}, "datetime": {"datetime": "2021-09-24 15:29:48", "elapsed": 64.824086, "delta": 0.754009}}
{"target": -44.24263524362229, "params": {"C": 32.49262649994401, "epsilon": 3.4617406680313896, "gamma": 0.05549447315828827}, "datetime": {"datetime": "2021-09-24 15:29:49", "elapsed": 65.695497, "delta": 0.871411}}
{"target": -50.70630616381998, "params": {"C": 21.726563710986937, "epsilon": 0.9277828213047188, "gamma": 0.0007}, "datetime": {"datetime": "2021-09-24 15:29:50", "elapsed": 66.404497, "delta": 0.709}}
{"target": -44.15476267942051, "params": {"C": 32.704985851412694, "epsilon": 3.2424876502470417, "gamma": 0.053056698369083895}, "datetime": {"datetime": "2021-09-24 15:29:51", "elapsed": 67.259117, "delta": 0.85462}}
{"target": -44.01839340277988, "params": {"C": 49.28709198348716, "epsilon": 3.0558946242497216, "gamma": 0.049835654230386134}, "datetime": {"datetime": "2021-09-24 15:29:51", "elapsed": 67.996162, "delta": 0.737045}}
{"target": -43.386021260146144, "params": {"C": 48.00656122479587, "epsilon": 0.11426207509241673, "gamma": 0.023320057823636588}, "datetime": {"datetime": "2021-09-24 15:29:52", "elapsed": 68.68516, "delta": 0.688998}}
{"target": -44.19034054695412, "params": {"C": 48.45747698531834, "epsilon": 3.9152847819934427, "gamma": 0.0023332495462248643}, "datetime": {"datetime": "2021-09-24 15:29:52", "elapsed": 69.118862, "delta": 0.433702}}
{"target": -44.195834001257516, "params": {"C": 48.05550964239999, "epsilon": 0.26827136328340717, "gamma": 0.0020016105076384435}, "datetime": {"datetime": "2021-09-24 15:29:53", "elapsed": 69.918173, "delta": 0.799311}}
{"target": -47.30545824432754, "params": {"C": 5.064016186243999, "epsilon": 3.840428438894668, "gamma": 0.05626310123573015}, "datetime": {"datetime": "2021-09-24 15:29:54", "elapsed": 70.396175, "delta": 0.478002}}
{"target": -44.87666934233031, "params": {"C": 23.37393565356298, "epsilon": 0.8079664548310094, "gamma": 0.07447282860502107}, "datetime": {"datetime": "2021-09-24 15:29:55", "elapsed": 71.290194, "delta": 0.894019}}
{"target": -50.25211123483708, "params": {"C": 23.687777320367807, "epsilon": 0.6105545312027073, "gamma": 0.0007}, "datetime": {"datetime": "2021-09-24 15:29:56", "elapsed": 72.379424, "delta": 1.08923}}
{"target": -43.24536639470083, "params": {"C": 24.73170223945264, "epsilon": 3.7136960442274485, "gamma": 0.011246603237903182}, "datetime": {"datetime": "2021-09-24 15:29:56", "elapsed": 72.944425, "delta": 0.565001}}
{"target": -45.02127084123478, "params": {"C": 24.753265374132113, "epsilon": 3.5147086364255644, "gamma": 0.07767193455077363}, "datetime": {"datetime": "2021-09-24 15:29:57", "elapsed": 73.832643, "delta": 0.888218}}
{"target": -44.834326175976784, "params": {"C": 23.303595212622028, "epsilon": 0.5547375785827213, "gamma": 0.0737960698137034}, "datetime": {"datetime": "2021-09-24 15:29:58", "elapsed": 74.730636, "delta": 0.897993}}
{"target": -43.31104877465418, "params": {"C": 40.35448242140632, "epsilon": 1.764381832239032, "gamma": 0.010056397062293812}, "datetime": {"datetime": "2021-09-24 15:29:59", "elapsed": 75.263295, "delta": 0.532659}}
{"target": -43.262617705336105, "params": {"C": 24.639917176220326, "epsilon": 3.8535429351111365, "gamma": 0.012449936916607911}, "datetime": {"datetime": "2021-09-24 15:29:59", "elapsed": 76.072484, "delta": 0.809189}}
{"target": -44.0480022144057, "params": {"C": 24.602914677736962, "epsilon": 3.6987733071615856, "gamma": 0.0404955411275713}, "datetime": {"datetime": "2021-09-24 15:30:01", "elapsed": 77.673455, "delta": 1.600971}}
{"target": -46.23199559409369, "params": {"C": 13.184611234716202, "epsilon": 3.5147214547345342, "gamma": 0.09140962669619708}, "datetime": {"datetime": "2021-09-24 15:30:01", "elapsed": 78.217835, "delta": 0.54438}}
{"target": -43.88140361583034, "params": {"C": 35.80684606371982, "epsilon": 1.175714934811572, "gamma": 0.03295912823705728}, "datetime": {"datetime": "2021-09-24 15:30:02", "elapsed": 78.647835, "delta": 0.43}}
{"target": -45.97865204648443, "params": {"C": 24.782871065600734, "epsilon": 3.8466972066395693, "gamma": 0.1}, "datetime": {"datetime": "2021-09-24 15:30:03", "elapsed": 79.322413, "delta": 0.674578}}
{"target": -43.712049092895164, "params": {"C": 35.8425767425027, "epsilon": 0.9997605665171235, "gamma": 0.02776200672496706}, "datetime": {"datetime": "2021-09-24 15:30:03", "elapsed": 80.094245, "delta": 0.771832}}
{"target": -43.59403319254365, "params": {"C": 40.30102098963065, "epsilon": 1.6145137691981413, "gamma": 0.003768073006829307}, "datetime": {"datetime": "2021-09-24 15:30:05", "elapsed": 81.569267, "delta": 1.475022}}
{"target": -44.791550401078666, "params": {"C": 32.53515231890699, "epsilon": 2.5027304018947465, "gamma": 0.06994800235118803}, "datetime": {"datetime": "2021-09-24 15:30:05", "elapsed": 82.141425, "delta": 0.572158}}
{"target": -43.438054342959234, "params": {"C": 22.681649702332894, "epsilon": 3.6088196455893953, "gamma": 0.00965673038838126}, "datetime": {"datetime": "2021-09-24 15:30:06", "elapsed": 82.788427, "delta": 0.647002}}
{"target": -43.76251336897619, "params": {"C": 40.49092379676229, "epsilon": 1.6611977696904232, "gamma": 0.02738485350277858}, "datetime": {"datetime": "2021-09-24 15:30:07", "elapsed": 83.879217, "delta": 1.09079}}
{"target": -44.02700968689803, "params": {"C": 22.6369748241172, "epsilon": 3.410772262222015, "gamma": 0.03613554119684703}, "datetime": {"datetime": "2021-09-24 15:30:09", "elapsed": 85.91431, "delta": 2.035093}}
{"target": -43.85202532114874, "params": {"C": 22.50842755499499, "epsilon": 3.586310386891594, "gamma": 0.029955657949169334}, "datetime": {"datetime": "2021-09-24 15:30:10", "elapsed": 86.781313, "delta": 0.867003}}
{"target": -45.938515127445676, "params": {"C": 22.815830387047015, "epsilon": 3.5246684869292983, "gamma": 0.1}, "datetime": {"datetime": "2021-09-24 15:30:11", "elapsed": 87.596126, "delta": 0.814813}}
{"target": -46.768297545895855, "params": {"C": 6.560230988288127, "epsilon": 3.2355886205194047, "gamma": 0.058447376276344526}, "datetime": {"datetime": "2021-09-24 15:30:11", "elapsed": 88.179597, "delta": 0.583471}}
{"target": -43.94006428369032, "params": {"C": 38.592203595100294, "epsilon": 1.9097374090367825, "gamma": 0.041658827542513384}, "datetime": {"datetime": "2021-09-24 15:30:12", "elapsed": 88.748598, "delta": 0.569001}}
{"target": -44.74570091058141, "params": {"C": 23.646763073683612, "epsilon": 1.0470217104795765, "gamma": 0.07048006661152584}, "datetime": {"datetime": "2021-09-24 15:30:13", "elapsed": 89.612476, "delta": 0.863878}}
{"target": -43.28801360267635, "params": {"C": 24.50756773177379, "epsilon": 3.9534442720181886, "gamma": 0.010911143137483889}, "datetime": {"datetime": "2021-09-24 15:30:14", "elapsed": 90.681552, "delta": 1.069076}}
{"target": -44.56900373477214, "params": {"C": 40.20986606935446, "epsilon": 1.758978297748327, "gamma": 0.06308221826187306}, "datetime": {"datetime": "2021-09-24 15:30:15", "elapsed": 91.69251, "delta": 1.010958}}
{"target": -44.93751052350685, "params": {"C": 22.587283893794158, "epsilon": 3.7549094712504165, "gamma": 0.0732627401523629}, "datetime": {"datetime": "2021-09-24 15:30:16", "elapsed": 92.766601, "delta": 1.074091}}
{"target": -43.45828967025508, "params": {"C": 40.487454981535265, "epsilon": 1.8924515316631114, "gamma": 0.017794499118666936}, "datetime": {"datetime": "2021-09-24 15:30:17", "elapsed": 93.70434, "delta": 0.937739}}
{"target": -44.36776280924838, "params": {"C": 27.66737139113682, "epsilon": 1.2721561958449814, "gamma": 0.05973107424134388}, "datetime": {"datetime": "2021-09-24 15:30:18", "elapsed": 94.44363, "delta": 0.73929}}
{"target": -43.3369651081091, "params": {"C": 24.363158284653686, "epsilon": 3.793595422445309, "gamma": 0.017078362742727074}, "datetime": {"datetime": "2021-09-24 15:30:19", "elapsed": 95.674567, "delta": 1.230937}}
{"target": -44.255549891940696, "params": {"C": 20.928761611995846, "epsilon": 2.7654301746386727, "gamma": 0.04287841275430353}, "datetime": {"datetime": "2021-09-24 15:30:20", "elapsed": 96.281756, "delta": 0.607189}}
{"target": -43.6355802765829, "params": {"C": 40.6789978243704, "epsilon": 1.7900569509731528, "gamma": 0.021774748957378402}, "datetime": {"datetime": "2021-09-24 15:30:21", "elapsed": 97.367326, "delta": 1.08557}}
{"target": -43.88657722677792, "params": {"C": 24.257650293026476, "epsilon": 3.9439427516209915, "gamma": 0.0318025802020413}, "datetime": {"datetime": "2021-09-24 15:30:23", "elapsed": 99.401211, "delta": 2.033885}}
{"target": -45.65499635640543, "params": {"C": 40.66887452847223, "epsilon": 1.9597394743584178, "gamma": 0.09895701717741401}, "datetime": {"datetime": "2021-09-24 15:30:24", "elapsed": 100.273096, "delta": 0.871885}}
{"target": -44.984689265382585, "params": {"C": 24.26620588969039, "epsilon": 3.6398583422776665, "gamma": 0.07651639960784445}, "datetime": {"datetime": "2021-09-24 15:30:25", "elapsed": 101.329667, "delta": 1.056571}}
{"target": -45.794225664000386, "params": {"C": 17.17251959867048, "epsilon": 0.6348037566144173, "gamma": 0.09762487924685112}, "datetime": {"datetime": "2021-09-24 15:30:25", "elapsed": 101.983769, "delta": 0.654102}}
{"target": -43.13892287988963, "params": {"C": 47.82054208861757, "epsilon": 0.06461316169460792, "gamma": 0.009161080667907672}, "datetime": {"datetime": "2021-09-24 15:30:26", "elapsed": 103.172432, "delta": 1.188663}}
{"target": -43.82891631361983, "params": {"C": 47.800814265091255, "epsilon": 0.2531174526528515, "gamma": 0.03804272409881276}, "datetime": {"datetime": "2021-09-24 15:30:27", "elapsed": 104.23297, "delta": 1.060538}}
{"target": -45.8472740410991, "params": {"C": 24.482495477106806, "epsilon": 3.8264014061058567, "gamma": 0.09602639928748304}, "datetime": {"datetime": "2021-09-24 15:30:29", "elapsed": 105.871446, "delta": 1.638476}}
{"target": -43.878014533422544, "params": {"C": 47.69525076506637, "epsilon": 0.09066706595617972, "gamma": 0.04099962649863599}, "datetime": {"datetime": "2021-09-24 15:30:30", "elapsed": 107.097447, "delta": 1.226001}}
{"target": -44.699664121184384, "params": {"C": 48.60980359082805, "epsilon": 3.3521210326144097, "gamma": 0.0015884573541034164}, "datetime": {"datetime": "2021-09-24 15:30:32", "elapsed": 108.560494, "delta": 1.463047}}
{"target": -43.32671311329836, "params": {"C": 40.724946667622746, "epsilon": 1.610987009171256, "gamma": 0.014140498550937207}, "datetime": {"datetime": "2021-09-24 15:30:33", "elapsed": 109.480109, "delta": 0.919615}}
{"target": -45.628826208384815, "params": {"C": 40.35438485585456, "epsilon": 1.9817833056890959, "gamma": 0.09808719830516698}, "datetime": {"datetime": "2021-09-24 15:30:34", "elapsed": 110.536552, "delta": 1.056443}}
{"target": -43.496913280465854, "params": {"C": 40.70881543000102, "epsilon": 1.4502786575334672, "gamma": 0.018170279382931753}, "datetime": {"datetime": "2021-09-24 15:30:35", "elapsed": 111.451077, "delta": 0.914525}}
{"target": -45.69988070173784, "params": {"C": 40.86229463144156, "epsilon": 1.5265453291608189, "gamma": 0.1}, "datetime": {"datetime": "2021-09-24 15:30:36", "elapsed": 112.54131, "delta": 1.090233}}
{"target": -44.56154801783777, "params": {"C": 40.56150137085722, "epsilon": 1.4730528241372203, "gamma": 0.06254331046539348}, "datetime": {"datetime": "2021-09-24 15:30:37", "elapsed": 113.523568, "delta": 0.982258}}
{"target": -44.8444389579724, "params": {"C": 36.218061026166204, "epsilon": 1.4847530435375116, "gamma": 0.07098397315901414}, "datetime": {"datetime": "2021-09-24 15:30:38", "elapsed": 114.319672, "delta": 0.796104}}
{"target": -48.37018864784576, "params": {"C": 35.57610503050181, "epsilon": 1.3048904642715278, "gamma": 0.0007}, "datetime": {"datetime": "2021-09-24 15:30:40", "elapsed": 116.725462, "delta": 2.40579}}
{"target": -43.32541570159933, "params": {"C": 49.18085049770094, "epsilon": 0.059637973124900386, "gamma": 0.01954671863560851}, "datetime": {"datetime": "2021-09-24 15:30:41", "elapsed": 117.993181, "delta": 1.267719}}
{"target": -45.56698786287126, "params": {"C": 17.08294264450796, "epsilon": 0.08803528455996479, "gamma": 0.0922463508386913}, "datetime": {"datetime": "2021-09-24 15:30:42", "elapsed": 118.774917, "delta": 0.781736}}
{"target": -43.430735693599104, "params": {"C": 49.254505900629155, "epsilon": 0.16793508551734293, "gamma": 0.004849459564980709}, "datetime": {"datetime": "2021-09-24 15:30:43", "elapsed": 119.931887, "delta": 1.15697}}
{"target": -44.27686698875581, "params": {"C": 36.201510724369626, "epsilon": 1.5314311634688957, "gamma": 0.056933615557916394}, "datetime": {"datetime": "2021-09-24 15:30:44", "elapsed": 120.741884, "delta": 0.809997}}
{"target": -43.357872398775015, "params": {"C": 35.927748544904674, "epsilon": 1.399097287980367, "gamma": 0.01454357472027033}, "datetime": {"datetime": "2021-09-24 15:30:45", "elapsed": 122.204498, "delta": 1.462614}}
{"target": -45.450864493074164, "params": {"C": 49.07545433749651, "epsilon": 0.18188770753225977, "gamma": 0.0935330614394117}, "datetime": {"datetime": "2021-09-24 15:30:47", "elapsed": 123.508551, "delta": 1.304053}}
{"target": -45.23608706938754, "params": {"C": 21.4452269332571, "epsilon": 0.8872371698268046, "gamma": 0.08630228735986581}, "datetime": {"datetime": "2021-09-24 15:30:48", "elapsed": 124.709419, "delta": 1.200868}}
{"target": -45.573185795817245, "params": {"C": 37.18370906525265, "epsilon": 3.2568497892025388, "gamma": 0.09601068099221105}, "datetime": {"datetime": "2021-09-24 15:30:49", "elapsed": 125.449413, "delta": 0.739994}}
{"target": -45.19009238293166, "params": {"C": 36.04790413163799, "epsilon": 1.652175915293687, "gamma": 0.0809127344902562}, "datetime": {"datetime": "2021-09-24 15:30:50", "elapsed": 126.873714, "delta": 1.424301}}
{"target": -45.672188809355106, "params": {"C": 7.212345316779073, "epsilon": 3.296840589453197, "gamma": 0.04026105831968303}, "datetime": {"datetime": "2021-09-24 15:30:51", "elapsed": 127.616385, "delta": 0.742671}}
{"target": -43.33839213989531, "params": {"C": 36.046152795733875, "epsilon": 1.2587954813283353, "gamma": 0.008160058306242703}, "datetime": {"datetime": "2021-09-24 15:30:52", "elapsed": 128.88329, "delta": 1.266905}}
{"target": -43.430913275759025, "params": {"C": 35.97448465748859, "epsilon": 1.1130708222655956, "gamma": 0.016563325893663376}, "datetime": {"datetime": "2021-09-24 15:30:53", "elapsed": 130.189408, "delta": 1.306118}}
{"target": -48.66447932866459, "params": {"C": 2.6157900322194148, "epsilon": 1.6668509007718906, "gamma": 0.036841774499086155}, "datetime": {"datetime": "2021-09-24 15:30:54", "elapsed": 131.024314, "delta": 0.834906}}
{"target": -45.596793291514174, "params": {"C": 47.8623999091482, "epsilon": 0.1021219503882624, "gamma": 0.09979984098531232}, "datetime": {"datetime": "2021-09-24 15:30:56", "elapsed": 132.56508, "delta": 1.540766}}
{"target": -44.965320069098944, "params": {"C": 36.14372838060571, "epsilon": 1.1782195015003465, "gamma": 0.0741194975766317}, "datetime": {"datetime": "2021-09-24 15:30:57", "elapsed": 134.090487, "delta": 1.525407}}
{"target": -43.80724440024827, "params": {"C": 21.452726073687117, "epsilon": 0.6917397146701286, "gamma": 0.0073276934164243895}, "datetime": {"datetime": "2021-09-24 15:30:59", "elapsed": 135.364483, "delta": 1.273996}}
{"target": -44.541205823467855, "params": {"C": 48.288467691714494, "epsilon": 0.21035513056260055, "gamma": 0.060765615297399315}, "datetime": {"datetime": "2021-09-24 15:31:00", "elapsed": 136.904693, "delta": 1.54021}}
{"target": -43.44423949973002, "params": {"C": 35.69185156355967, "epsilon": 0.9135204278888677, "gamma": 0.017041522779265687}, "datetime": {"datetime": "2021-09-24 15:31:02", "elapsed": 139.119752, "delta": 2.215059}}
{"target": -43.56533443603697, "params": {"C": 31.379121341926158, "epsilon": 1.1151516846419618, "gamma": 0.017737427497351032}, "datetime": {"datetime": "2021-09-24 15:31:03", "elapsed": 139.906639, "delta": 0.786887}}
{"target": -43.570899790751284, "params": {"C": 31.266111528743522, "epsilon": 0.9823440089893284, "gamma": 0.01910133125206567}, "datetime": {"datetime": "2021-09-24 15:31:04", "elapsed": 141.155772, "delta": 1.249133}}
{"target": -44.75148177709537, "params": {"C": 31.399218261344856, "epsilon": 0.9699174779991031, "gamma": 0.07068594842759221}, "datetime": {"datetime": "2021-09-24 15:31:06", "elapsed": 142.547536, "delta": 1.391764}}
{"target": -43.40403526541786, "params": {"C": 31.260255074477598, "epsilon": 0.9749857381057866, "gamma": 0.009738348297457197}, "datetime": {"datetime": "2021-09-24 15:31:07", "elapsed": 143.246005, "delta": 0.698469}}
{"target": -43.83985173356021, "params": {"C": 22.268498695167132, "epsilon": 0.7869031091285726, "gamma": 0.027761278202391933}, "datetime": {"datetime": "2021-09-24 15:31:07", "elapsed": 144.055141, "delta": 0.809136}}
{"target": -43.69399540843682, "params": {"C": 31.119909630030815, "epsilon": 0.839110597425166, "gamma": 0.025849150921567907}, "datetime": {"datetime": "2021-09-24 15:31:09", "elapsed": 145.268181, "delta": 1.21304}}
{"target": -46.13563902585848, "params": {"C": 31.279849015138808, "epsilon": 0.7934025052044668, "gamma": 0.0014396309974108097}, "datetime": {"datetime": "2021-09-24 15:31:10", "elapsed": 146.378206, "delta": 1.110025}}
{"target": -43.91449822305185, "params": {"C": 31.139401388935426, "epsilon": 0.9922430824971892, "gamma": 0.03917028111545023}, "datetime": {"datetime": "2021-09-24 15:31:11", "elapsed": 147.697217, "delta": 1.319011}}
{"target": -45.9609971689866, "params": {"C": 5.447216326398266, "epsilon": 2.470929611710089, "gamma": 0.01979862812565079}, "datetime": {"datetime": "2021-09-24 15:31:12", "elapsed": 148.359113, "delta": 0.661896}}
{"target": -43.67597613380488, "params": {"C": 30.931146412141995, "epsilon": 0.8367227381585689, "gamma": 0.02454559486749287}, "datetime": {"datetime": "2021-09-24 15:31:13", "elapsed": 149.837754, "delta": 1.478641}}
{"target": -43.510961504534876, "params": {"C": 25.42560981279313, "epsilon": 1.6855872049241658, "gamma": 0.015235918730662568}, "datetime": {"datetime": "2021-09-24 15:31:14", "elapsed": 150.532646, "delta": 0.694892}}
{"target": -44.43759045181427, "params": {"C": 25.532552380859368, "epsilon": 1.584661836239748, "gamma": 0.059584844085044664}, "datetime": {"datetime": "2021-09-24 15:31:15", "elapsed": 151.986998, "delta": 1.454352}}
{"target": -44.36065140497727, "params": {"C": 25.52474239212716, "epsilon": 1.815300477437571, "gamma": 0.05277822833294175}, "datetime": {"datetime": "2021-09-24 15:31:16", "elapsed": 153.166631, "delta": 1.179633}}
{"target": -43.38924336270703, "params": {"C": 31.21596255000375, "epsilon": 1.1833321145483053, "gamma": 0.007499771111331651}, "datetime": {"datetime": "2021-09-24 15:31:18", "elapsed": 154.605688, "delta": 1.439057}}
{"target": -44.05204512843907, "params": {"C": 31.371020762690883, "epsilon": 1.3351966300304312, "gamma": 0.05194494766171376}, "datetime": {"datetime": "2021-09-24 15:31:19", "elapsed": 155.77899, "delta": 1.173302}}
{"target": -43.56141110421874, "params": {"C": 47.33185323607665, "epsilon": 2.547416451314815, "gamma": 0.019342334835285566}, "datetime": {"datetime": "2021-09-24 15:31:20", "elapsed": 156.721752, "delta": 0.942762}}
{"target": -46.04192053457888, "params": {"C": 14.840884504489338, "epsilon": 1.6646640700446946, "gamma": 0.09456747518807021}, "datetime": {"datetime": "2021-09-24 15:31:21", "elapsed": 157.39575, "delta": 0.673998}}
{"target": -45.20981617379921, "params": {"C": 24.657364276014544, "epsilon": 3.991822735669379, "gamma": 0.002758222015126829}, "datetime": {"datetime": "2021-09-24 15:31:22", "elapsed": 158.612001, "delta": 1.216251}}
{"target": -43.2804172671774, "params": {"C": 36.858727772464384, "epsilon": 1.6710173482111859, "gamma": 0.011377844853921591}, "datetime": {"datetime": "2021-09-24 15:31:23", "elapsed": 159.606001, "delta": 0.994}}
{"target": -43.409427882497404, "params": {"C": 44.59160677374525, "epsilon": 1.9369401450172055, "gamma": 0.004122512957966706}, "datetime": {"datetime": "2021-09-24 15:31:24", "elapsed": 160.301427, "delta": 0.695426}}
