{"target": -42.88813477344129, "params": {"C": 248.13840090503356, "epsilon": 0.037087007305603256, "gamma": 0.015395045904129141}, "datetime": {"datetime": "2021-09-24 16:48:02", "elapsed": 250.804533, "delta": 1.701907}}
{"target": -43.8607356914231, "params": {"C": 218.86187010045958, "epsilon": 1.6107053489488485, "gamma": 0.025872396730748627}, "datetime": {"datetime": "2021-09-24 16:48:04", "elapsed": 252.92676, "delta": 2.122227}}
{"target": -43.52513450081488, "params": {"C": 252.90840394382988, "epsilon": 1.8046555299008564, "gamma": 0.019683187047938328}, "datetime": {"datetime": "2021-09-24 16:48:06", "elapsed": 254.518521, "delta": 1.591761}}
{"target": -42.910984251101326, "params": {"C": 241.0059203887667, "epsilon": 0.5616370749415618, "gamma": 0.015900163373536638}, "datetime": {"datetime": "2021-09-24 16:48:08", "elapsed": 256.621235, "delta": 2.102714}}
{"target": -43.59325616999858, "params": {"C": 292.6163622897681, "epsilon": 3.809404555226559, "gamma": 0.0014125470635235745}, "datetime": {"datetime": "2021-09-24 16:48:09", "elapsed": 258.265042, "delta": 1.643807}}
{"target": -43.88711508206613, "params": {"C": 278.28094077650303, "epsilon": 2.5611677208078905, "gamma": 0.021946396741081908}, "datetime": {"datetime": "2021-09-24 16:48:11", "elapsed": 260.160316, "delta": 1.895274}}
{"target": -43.966312542905236, "params": {"C": 229.5749078426307, "epsilon": 3.8251831148029893, "gamma": 0.02940444799903865}, "datetime": {"datetime": "2021-09-24 16:48:13", "elapsed": 261.702318, "delta": 1.542002}}
{"target": -42.90835342780246, "params": {"C": 218.02869892389683, "epsilon": 2.999470991728338, "gamma": 0.014206971338213505}, "datetime": {"datetime": "2021-09-24 16:48:15", "elapsed": 263.596786, "delta": 1.894468}}
{"target": -42.68628458786367, "params": {"C": 233.22694686686395, "epsilon": 3.242290658050562, "gamma": 0.011476947714107223}, "datetime": {"datetime": "2021-09-24 16:48:16", "elapsed": 265.154054, "delta": 1.557268}}
{"target": -43.62609900835798, "params": {"C": 229.0526361039916, "epsilon": 3.3556433208745893, "gamma": 0.002302899795483903}, "datetime": {"datetime": "2021-09-24 16:48:18", "elapsed": 266.639235, "delta": 1.485181}}
{"target": -44.3262991365664, "params": {"C": 298.6580251032276, "epsilon": 2.04953139599598, "gamma": 0.028077841046040587}, "datetime": {"datetime": "2021-09-24 16:48:19", "elapsed": 268.304808, "delta": 1.665573}}
{"target": -43.18752417256286, "params": {"C": 218.31110431032673, "epsilon": 3.6245262293509652, "gamma": 0.004785122749801998}, "datetime": {"datetime": "2021-09-24 16:48:21", "elapsed": 269.704409, "delta": 1.399601}}
{"target": -43.21787666950611, "params": {"C": 256.6066269058288, "epsilon": 0.48813799947727166, "gamma": 0.004224481248462749}, "datetime": {"datetime": "2021-09-24 16:48:22", "elapsed": 271.338975, "delta": 1.634566}}
{"target": -44.23880243044183, "params": {"C": 299.9872176152337, "epsilon": 0.05908575596030931, "gamma": 0.023784086615960803}, "datetime": {"datetime": "2021-09-24 16:48:25", "elapsed": 273.54922, "delta": 2.210245}}
{"target": -43.73582286897899, "params": {"C": 214.0760135250378, "epsilon": 0.4081173389540427, "gamma": 0.024631333753407914}, "datetime": {"datetime": "2021-09-24 16:48:26", "elapsed": 274.964662, "delta": 1.415442}}
{"target": -42.5925376514077, "params": {"C": 250.24471896865757, "epsilon": 0.7476185159141228, "gamma": 0.012041791277443047}, "datetime": {"datetime": "2021-09-24 16:48:29", "elapsed": 277.499304, "delta": 2.534642}}
{"target": -43.06213628610558, "params": {"C": 249.1816521006059, "epsilon": 0.6099624120700484, "gamma": 0.0064022926930032455}, "datetime": {"datetime": "2021-09-24 16:48:31", "elapsed": 279.683951, "delta": 2.184647}}
{"target": -43.1372437590788, "params": {"C": 272.7860644720134, "epsilon": 0.2393074898840533, "gamma": 0.005379854634980288}, "datetime": {"datetime": "2021-09-24 16:48:33", "elapsed": 281.792828, "delta": 2.108877}}
{"target": -42.70268702956916, "params": {"C": 288.92227362262395, "epsilon": 2.1457694119397575, "gamma": 0.01186193829328164}, "datetime": {"datetime": "2021-09-24 16:48:34", "elapsed": 283.396141, "delta": 1.603313}}
{"target": -42.67478820172199, "params": {"C": 261.03860471620874, "epsilon": 1.2271095196421553, "gamma": 0.012357298249287618}, "datetime": {"datetime": "2021-09-24 16:48:37", "elapsed": 286.068352, "delta": 2.672211}}
{"target": -43.79321181656536, "params": {"C": 218.8086377005875, "epsilon": 3.051491612182713, "gamma": 0.025331319654069415}, "datetime": {"datetime": "2021-09-24 16:48:39", "elapsed": 287.870814, "delta": 1.802462}}
{"target": -43.253984913481865, "params": {"C": 202.5016359946944, "epsilon": 0.107938042299756, "gamma": 0.021512420448766136}, "datetime": {"datetime": "2021-09-24 16:48:41", "elapsed": 289.583389, "delta": 1.712575}}
{"target": -42.659689477616624, "params": {"C": 247.2551265085758, "epsilon": 3.219063841108453, "gamma": 0.010137358282918105}, "datetime": {"datetime": "2021-09-24 16:48:43", "elapsed": 292.187207, "delta": 2.603818}}
{"target": -42.656677626153936, "params": {"C": 274.1000926338106, "epsilon": 2.7205745618422315, "gamma": 0.0112123158238494}, "datetime": {"datetime": "2021-09-24 16:48:45", "elapsed": 293.92483, "delta": 1.737623}}
{"target": -43.015228308296265, "params": {"C": 259.2023559502754, "epsilon": 0.6857924392466251, "gamma": 0.016624522076565187}, "datetime": {"datetime": "2021-09-24 16:48:47", "elapsed": 296.036574, "delta": 2.111744}}
{"target": -43.76999488730929, "params": {"C": 252.80660441436982, "epsilon": 3.907167947374495, "gamma": 0.023091967724837136}, "datetime": {"datetime": "2021-09-24 16:48:50", "elapsed": 298.72672, "delta": 2.690146}}
{"target": -42.599975239041406, "params": {"C": 244.34048681666516, "epsilon": 2.3307916841598413, "gamma": 0.010598959005862087}, "datetime": {"datetime": "2021-09-24 16:48:52", "elapsed": 301.074305, "delta": 2.347585}}
{"target": -42.88042412440417, "params": {"C": 266.151882994795, "epsilon": 2.778839611201358, "gamma": 0.013063663781125862}, "datetime": {"datetime": "2021-09-24 16:48:54", "elapsed": 302.981351, "delta": 1.907046}}
{"target": -43.47982271433457, "params": {"C": 278.5943392835466, "epsilon": 1.7861848368091615, "gamma": 0.018202013720397984}, "datetime": {"datetime": "2021-09-24 16:48:56", "elapsed": 305.060231, "delta": 2.07888}}
{"target": -42.79505357220854, "params": {"C": 244.1003946558197, "epsilon": 0.32785720339362134, "gamma": 0.014231616486344027}, "datetime": {"datetime": "2021-09-24 16:48:59", "elapsed": 308.270785, "delta": 3.210554}}
{"target": -42.68707997381864, "params": {"C": 214.9211854461273, "epsilon": 3.0354979780618163, "gamma": 0.01047012375246758}, "datetime": {"datetime": "2021-09-24 16:49:01", "elapsed": 310.204783, "delta": 1.933998}}
{"target": -43.96987595085311, "params": {"C": 225.63000306515545, "epsilon": 3.656310133885986, "gamma": 0.029617199745501463}, "datetime": {"datetime": "2021-09-24 16:49:04", "elapsed": 312.766115, "delta": 2.561332}}
{"target": -43.318070258700864, "params": {"C": 296.06941745930794, "epsilon": 3.4041912452164245, "gamma": 0.016484251121031846}, "datetime": {"datetime": "2021-09-24 16:49:06", "elapsed": 314.883541, "delta": 2.117426}}
{"target": -44.042606944355164, "params": {"C": 222.84442354069867, "epsilon": 2.810945352289731, "gamma": 0.02967478768223682}, "datetime": {"datetime": "2021-09-24 16:49:09", "elapsed": 317.616272, "delta": 2.732731}}
{"target": -43.250659963227136, "params": {"C": 295.6484520154299, "epsilon": 2.1384482078755815, "gamma": 0.0042951690844876215}, "datetime": {"datetime": "2021-09-24 16:49:11", "elapsed": 319.715504, "delta": 2.099232}}
{"target": -43.56103881485445, "params": {"C": 255.03747957993892, "epsilon": 1.4149993529572342, "gamma": 0.0198477616902667}, "datetime": {"datetime": "2021-09-24 16:49:13", "elapsed": 322.221334, "delta": 2.50583}}
{"target": -42.52658992286879, "params": {"C": 291.4354424677327, "epsilon": 1.1526656954996863, "gamma": 0.009739852897051504}, "datetime": {"datetime": "2021-09-24 16:49:16", "elapsed": 324.638325, "delta": 2.416991}}
{"target": -44.043861929052774, "params": {"C": 254.596118123539, "epsilon": 2.6187834327305577, "gamma": 0.026239554165830143}, "datetime": {"datetime": "2021-09-24 16:49:18", "elapsed": 327.013136, "delta": 2.374811}}
{"target": -43.56405548870974, "params": {"C": 236.4015178935824, "epsilon": 3.3276052432288843, "gamma": 0.0029876257382115906}, "datetime": {"datetime": "2021-09-24 16:49:21", "elapsed": 329.527079, "delta": 2.513943}}
{"target": -42.744005950385045, "params": {"C": 205.93464454244452, "epsilon": 1.9557461239838903, "gamma": 0.009215206519330318}, "datetime": {"datetime": "2021-09-24 16:49:25", "elapsed": 334.074551, "delta": 4.547472}}
{"target": -43.75252811303549, "params": {"C": 284.8405566907311, "epsilon": 2.8878303201073017, "gamma": 0.02014145495641116}, "datetime": {"datetime": "2021-09-24 16:49:28", "elapsed": 337.344524, "delta": 3.269973}}
{"target": -42.78433384697235, "params": {"C": 203.14790227159406, "epsilon": 2.7041808441504784, "gamma": 0.013832453906915747}, "datetime": {"datetime": "2021-09-24 16:49:31", "elapsed": 340.280866, "delta": 2.936342}}
{"target": -43.6499671931254, "params": {"C": 228.58800104330078, "epsilon": 3.1468755897105036, "gamma": 0.002258111703989653}, "datetime": {"datetime": "2021-09-24 16:49:35", "elapsed": 343.551399, "delta": 3.270533}}
{"target": -42.8998983912173, "params": {"C": 214.5315613680844, "epsilon": 3.183306687663962, "gamma": 0.01394149383011124}, "datetime": {"datetime": "2021-09-24 16:49:38", "elapsed": 346.697797, "delta": 3.146398}}
{"target": -43.76312064983685, "params": {"C": 231.97330227053848, "epsilon": 1.5461970150360256, "gamma": 0.023364777234848786}, "datetime": {"datetime": "2021-09-24 16:49:40", "elapsed": 348.966302, "delta": 2.268505}}
{"target": -43.08258265785021, "params": {"C": 226.3229010583467, "epsilon": 3.4199705893121197, "gamma": 0.015163561023040844}, "datetime": {"datetime": "2021-09-24 16:49:42", "elapsed": 350.871034, "delta": 1.904732}}
{"target": -43.94164042826346, "params": {"C": 222.81745443471706, "epsilon": 2.9453378446938614, "gamma": 0.027306195779713698}, "datetime": {"datetime": "2021-09-24 16:49:45", "elapsed": 354.060778, "delta": 3.189744}}
{"target": -42.92544952409921, "params": {"C": 227.88365354391757, "epsilon": 0.8859192323069672, "gamma": 0.016170544395572535}, "datetime": {"datetime": "2021-09-24 16:49:47", "elapsed": 356.340163, "delta": 2.279385}}
{"target": -44.20114655283618, "params": {"C": 259.7968271405119, "epsilon": 0.2047469731570124, "gamma": 0.026185250546388487}, "datetime": {"datetime": "2021-09-24 16:49:50", "elapsed": 358.546477, "delta": 2.206314}}
{"target": -43.55819725402439, "params": {"C": 271.3069283060987, "epsilon": 2.3455021105233382, "gamma": 0.0012683518802483714}, "datetime": {"datetime": "2021-09-24 16:49:54", "elapsed": 362.46918, "delta": 3.922703}}
{"target": -42.969952012426646, "params": {"C": 261.6977493328941, "epsilon": 1.9563952202150627, "gamma": 0.014984455626609767}, "datetime": {"datetime": "2021-09-24 16:49:58", "elapsed": 366.439673, "delta": 3.970493}}
{"target": -43.019796408271574, "params": {"C": 293.59570878864224, "epsilon": 3.273842568607146, "gamma": 0.013683993553626147}, "datetime": {"datetime": "2021-09-24 16:50:00", "elapsed": 369.163996, "delta": 2.724323}}
{"target": -42.53899628827169, "params": {"C": 229.2006367846105, "epsilon": 0.39777140107783204, "gamma": 0.010237081696447428}, "datetime": {"datetime": "2021-09-24 16:50:02", "elapsed": 371.025588, "delta": 1.861592}}
{"target": -42.99854308268552, "params": {"C": 213.63624568600596, "epsilon": 1.50801486738639, "gamma": 0.01726387491528834}, "datetime": {"datetime": "2021-09-24 16:50:05", "elapsed": 374.215734, "delta": 3.190146}}
{"target": -43.65458911686378, "params": {"C": 249.55261011410462, "epsilon": 3.4861665820135177, "gamma": 0.0025704626227505177}, "datetime": {"datetime": "2021-09-24 16:50:09", "elapsed": 377.432268, "delta": 3.216534}}
{"target": -43.17831192263975, "params": {"C": 201.2847997412693, "epsilon": 3.493605834162107, "gamma": 0.0051051113673129585}, "datetime": {"datetime": "2021-09-24 16:50:12", "elapsed": 380.707158, "delta": 3.27489}}
{"target": -44.11820258891398, "params": {"C": 237.40276687343797, "epsilon": 1.4741945530700309, "gamma": 0.028208042688864322}, "datetime": {"datetime": "2021-09-24 16:50:14", "elapsed": 383.080677, "delta": 2.373519}}
{"target": -43.91400417290798, "params": {"C": 256.57246797552705, "epsilon": 0.7563295866038939, "gamma": 0.0019930064502653964}, "datetime": {"datetime": "2021-09-24 16:50:16", "elapsed": 385.356284, "delta": 2.275607}}
{"target": -43.65115915816648, "params": {"C": 226.78066358865397, "epsilon": 2.9428062577169194, "gamma": 0.02277430106709813}, "datetime": {"datetime": "2021-09-24 16:50:19", "elapsed": 387.557956, "delta": 2.201672}}
{"target": -42.97060036349059, "params": {"C": 261.38996592154456, "epsilon": 1.7606259597480454, "gamma": 0.015289087940011858}, "datetime": {"datetime": "2021-09-24 16:50:22", "elapsed": 390.848724, "delta": 3.290768}}
{"target": -43.761772689855356, "params": {"C": 264.3173564514138, "epsilon": 1.169400016482347, "gamma": 0.02101069983501078}, "datetime": {"datetime": "2021-09-24 16:50:24", "elapsed": 392.687405, "delta": 1.838681}}
{"target": -43.9173048139475, "params": {"C": 292.8629146406255, "epsilon": 1.0967422704653476, "gamma": 0.0019136050018438975}, "datetime": {"datetime": "2021-09-24 16:50:26", "elapsed": 394.617814, "delta": 1.930409}}
{"target": -42.6398290379845, "params": {"C": 242.08648766045184, "epsilon": 3.1451019821295447, "gamma": 0.010730318294975059}, "datetime": {"datetime": "2021-09-24 16:50:27", "elapsed": 396.127078, "delta": 1.509264}}
{"target": -43.39887859179178, "params": {"C": 238.60292045937516, "epsilon": 0.34229709809362574, "gamma": 0.02034915867368299}, "datetime": {"datetime": "2021-09-24 16:50:29", "elapsed": 397.707919, "delta": 1.580841}}
{"target": -43.169348212207304, "params": {"C": 219.1206176222731, "epsilon": 2.369243114635014, "gamma": 0.01833117046711528}, "datetime": {"datetime": "2021-09-24 16:50:30", "elapsed": 399.199483, "delta": 1.491564}}
{"target": -43.2490213574309, "params": {"C": 200.9131146892251, "epsilon": 0.9453207716813923, "gamma": 0.021855592778810592}, "datetime": {"datetime": "2021-09-24 16:50:32", "elapsed": 401.212187, "delta": 2.012704}}
{"target": -43.35048188197079, "params": {"C": 272.02430709693994, "epsilon": 3.2771746663833348, "gamma": 0.01764354180388782}, "datetime": {"datetime": "2021-09-24 16:50:34", "elapsed": 402.782249, "delta": 1.570062}}
{"target": -42.67272836021175, "params": {"C": 235.7609551266093, "epsilon": 3.0391294588325235, "gamma": 0.011540887040866301}, "datetime": {"datetime": "2021-09-24 16:50:36", "elapsed": 405.018082, "delta": 2.235833}}
{"target": -43.49843360864471, "params": {"C": 249.63995151075346, "epsilon": 2.496360442085802, "gamma": 0.019694567103508802}, "datetime": {"datetime": "2021-09-24 16:50:39", "elapsed": 407.529043, "delta": 2.510961}}
{"target": -42.95149860820197, "params": {"C": 285.55247609426397, "epsilon": 1.7156548212551699, "gamma": 0.014592624781395272}, "datetime": {"datetime": "2021-09-24 16:50:41", "elapsed": 409.619477, "delta": 2.090434}}
{"target": -43.78416227608756, "params": {"C": 270.5150689889532, "epsilon": 3.607961267131887, "gamma": 0.02193948223247454}, "datetime": {"datetime": "2021-09-24 16:50:42", "elapsed": 411.229169, "delta": 1.609692}}
{"target": -43.97837950193844, "params": {"C": 294.9275331033058, "epsilon": 2.016339523674274, "gamma": 0.021958159488055937}, "datetime": {"datetime": "2021-09-24 16:50:44", "elapsed": 412.849223, "delta": 1.620054}}
{"target": -43.76997506284641, "params": {"C": 200.88739506134732, "epsilon": 3.355419329514946, "gamma": 0.026702653537674866}, "datetime": {"datetime": "2021-09-24 16:50:47", "elapsed": 415.895324, "delta": 3.046101}}
{"target": -42.955349538243745, "params": {"C": 278.0154922190755, "epsilon": 1.4839471825331414, "gamma": 0.0070895273277819006}, "datetime": {"datetime": "2021-09-24 16:50:49", "elapsed": 417.448312, "delta": 1.552988}}
{"target": -42.93375174277128, "params": {"C": 213.99060259115075, "epsilon": 2.0572658636535515, "gamma": 0.008197293122644065}, "datetime": {"datetime": "2021-09-24 16:50:52", "elapsed": 420.889019, "delta": 3.440707}}
{"target": -43.98492465134526, "params": {"C": 294.50251638161825, "epsilon": 0.25730947186159847, "gamma": 0.021904221330327378}, "datetime": {"datetime": "2021-09-24 16:50:54", "elapsed": 422.823302, "delta": 1.934283}}
{"target": -44.315881636842995, "params": {"C": 272.0670474380057, "epsilon": 0.1746112908484026, "gamma": 0.026938069316879285}, "datetime": {"datetime": "2021-09-24 16:50:56", "elapsed": 424.571265, "delta": 1.747963}}
{"target": -43.06974803229986, "params": {"C": 270.1570644130102, "epsilon": 2.2190059615322824, "gamma": 0.015555694424639162}, "datetime": {"datetime": "2021-09-24 16:50:58", "elapsed": 426.752551, "delta": 2.181286}}
{"target": -42.869975150484166, "params": {"C": 262.5096920989692, "epsilon": 2.8523120802630086, "gamma": 0.013068026601406976}, "datetime": {"datetime": "2021-09-24 16:51:00", "elapsed": 428.484518, "delta": 1.731967}}
{"target": -43.00120702606197, "params": {"C": 278.6154107769107, "epsilon": 3.122395446560661, "gamma": 0.013814099198653885}, "datetime": {"datetime": "2021-09-24 16:51:02", "elapsed": 430.496321, "delta": 2.011803}}
{"target": -43.58486608208104, "params": {"C": 278.87518342519894, "epsilon": 0.6595513206971848, "gamma": 0.019194031324178695}, "datetime": {"datetime": "2021-09-24 16:51:04", "elapsed": 433.049347, "delta": 2.553026}}
{"target": -42.57257482434916, "params": {"C": 288.37106769425924, "epsilon": 2.2399578493210104, "gamma": 0.01022564206757129}, "datetime": {"datetime": "2021-09-24 16:51:06", "elapsed": 434.881844, "delta": 1.832497}}
{"target": -42.642145348148844, "params": {"C": 285.21666191047655, "epsilon": 2.591781140049007, "gamma": 0.01097775660944209}, "datetime": {"datetime": "2021-09-24 16:51:09", "elapsed": 437.668591, "delta": 2.786747}}
{"target": -42.97543548587682, "params": {"C": 299.02590853498623, "epsilon": 0.8725655127645339, "gamma": 0.006497092635592651}, "datetime": {"datetime": "2021-09-24 16:51:11", "elapsed": 439.482024, "delta": 1.813433}}
{"target": -43.263744231716274, "params": {"C": 291.39116853885133, "epsilon": 1.545353176781162, "gamma": 0.00400193654165257}, "datetime": {"datetime": "2021-09-24 16:51:12", "elapsed": 441.362468, "delta": 1.880444}}
{"target": -42.750184390761504, "params": {"C": 217.16595933597895, "epsilon": 3.993123067336948, "gamma": 0.011597195397391766}, "datetime": {"datetime": "2021-09-24 16:51:15", "elapsed": 443.575399, "delta": 2.212931}}
{"target": -43.21546721983383, "params": {"C": 205.6002738730582, "epsilon": 0.6157629394494385, "gamma": 0.020826316981925365}, "datetime": {"datetime": "2021-09-24 16:51:16", "elapsed": 445.270725, "delta": 1.695326}}
{"target": -43.72067252101784, "params": {"C": 276.69512249131947, "epsilon": 3.2624972781408426, "gamma": 0.020532293607551644}, "datetime": {"datetime": "2021-09-24 16:51:18", "elapsed": 446.797676, "delta": 1.526951}}
{"target": -44.200335167262985, "params": {"C": 257.66965112449236, "epsilon": 1.368461926243105, "gamma": 0.028523863962681625}, "datetime": {"datetime": "2021-09-24 16:51:20", "elapsed": 449.314365, "delta": 2.516689}}
{"target": -43.62956477418483, "params": {"C": 219.1080902946638, "epsilon": 2.054481649764144, "gamma": 0.022919840180824932}, "datetime": {"datetime": "2021-09-24 16:51:22", "elapsed": 451.414116, "delta": 2.099751}}
{"target": -43.15198977455411, "params": {"C": 221.06882059993413, "epsilon": 3.089536245120713, "gamma": 0.017803292643779393}, "datetime": {"datetime": "2021-09-24 16:51:24", "elapsed": 453.063744, "delta": 1.649628}}
{"target": -42.69610661457767, "params": {"C": 243.3137777196036, "epsilon": 3.4432930563815147, "gamma": 0.00954362791147204}, "datetime": {"datetime": "2021-09-24 16:51:26", "elapsed": 454.728002, "delta": 1.664258}}
{"target": -43.4380130565885, "params": {"C": 297.3057152270911, "epsilon": 1.9277059650561492, "gamma": 0.0033822834902244884}, "datetime": {"datetime": "2021-09-24 16:51:27", "elapsed": 456.408969, "delta": 1.680967}}
{"target": -42.62574596087489, "params": {"C": 247.93141187683335, "epsilon": 0.6814411732378018, "gamma": 0.012369479604881644}, "datetime": {"datetime": "2021-09-24 16:51:30", "elapsed": 458.614336, "delta": 2.205367}}
{"target": -43.893840567095594, "params": {"C": 203.31091292641042, "epsilon": 0.6195750309572885, "gamma": 0.02777372290259073}, "datetime": {"datetime": "2021-09-24 16:51:33", "elapsed": 461.612679, "delta": 2.998343}}
{"target": -43.67067395891767, "params": {"C": 217.645041319516, "epsilon": 2.092434717515365, "gamma": 0.023618607015453163}, "datetime": {"datetime": "2021-09-24 16:51:35", "elapsed": 463.440118, "delta": 1.827439}}
{"target": -42.74018766161592, "params": {"C": 251.2868278960803, "epsilon": 3.3710690710976405, "gamma": 0.008421605700216522}, "datetime": {"datetime": "2021-09-24 16:51:36", "elapsed": 465.079802, "delta": 1.639684}}
{"target": -43.781206454155765, "params": {"C": 286.4179738965797, "epsilon": 0.9075403365072443, "gamma": 0.002219596445798103}, "datetime": {"datetime": "2021-09-24 16:51:38", "elapsed": 467.304117, "delta": 2.224315}}
{"target": -44.182719455201365, "params": {"C": 229.634903288786, "epsilon": 0.6154485841724112, "gamma": 0.0295308368796479}, "datetime": {"datetime": "2021-09-24 16:51:40", "elapsed": 468.959164, "delta": 1.655047}}
