{"target": 0.3897134473004501, "params": {"C": 33.77387586948139, "epsilon": 0.14162241160313455, "gamma": 0.12394475823289514}, "datetime": {"datetime": "2021-09-24 08:44:15", "elapsed": 268.172542, "delta": 2.157011}}
{"target": 0.3773313231247263, "params": {"C": 39.60643429027702, "epsilon": 0.052576069378760644, "gamma": 0.1401363963525445}, "datetime": {"datetime": "2021-09-24 08:44:16", "elapsed": 269.244482, "delta": 1.07194}}
{"target": 0.08056663392279328, "params": {"C": 53.66864696379573, "epsilon": 0.49327174578089344, "gamma": 0.0001}, "datetime": {"datetime": "2021-09-24 08:44:18", "elapsed": 271.455274, "delta": 2.210792}}
{"target": 0.3015205749912049, "params": {"C": 67.6101910595042, "epsilon": 0.25251686085686226, "gamma": 0.25222545081358627}, "datetime": {"datetime": "2021-09-24 08:44:19", "elapsed": 272.68585, "delta": 1.230576}}
{"target": 0.3997792648972932, "params": {"C": 27.962188553438896, "epsilon": 0.6149379215034457, "gamma": 0.11963523849880943}, "datetime": {"datetime": "2021-09-24 08:44:21", "elapsed": 274.576059, "delta": 1.890209}}
{"target": 0.4155669938235329, "params": {"C": 33.91640409658979, "epsilon": 0.3680780816734624, "gamma": 0.07922401824736407}, "datetime": {"datetime": "2021-09-24 08:44:23", "elapsed": 275.902618, "delta": 1.326559}}
{"target": 0.16648710530142752, "params": {"C": 36.447779151662004, "epsilon": 0.8239310445422708, "gamma": 0.8041338082480829}, "datetime": {"datetime": "2021-09-24 08:44:24", "elapsed": 277.041913, "delta": 1.139295}}
{"target": 0.3627096545816746, "params": {"C": 27.202088337686465, "epsilon": 0.5007125923155854, "gamma": 0.21880121349473222}, "datetime": {"datetime": "2021-09-24 08:44:25", "elapsed": 278.230372, "delta": 1.188459}}
{"target": 0.41729597020484854, "params": {"C": 53.56476978226633, "epsilon": 0.21185004880748418, "gamma": 0.05832792566165544}, "datetime": {"datetime": "2021-09-24 08:44:27", "elapsed": 280.438934, "delta": 2.208562}}
{"target": 0.4341168114914955, "params": {"C": 27.381369465630986, "epsilon": 0.7365642061915104, "gamma": 0.011781476229897427}, "datetime": {"datetime": "2021-09-24 08:44:29", "elapsed": 282.331734, "delta": 1.8928}}
{"target": 0.4305590106150551, "params": {"C": 27.420911747059705, "epsilon": 0.423754838021029, "gamma": 0.06359609683951895}, "datetime": {"datetime": "2021-09-24 08:44:31", "elapsed": 284.504899, "delta": 2.173165}}
{"target": 0.36666082322888394, "params": {"C": 18.893861013793977, "epsilon": 0.006319312229185506, "gamma": 0.20706148808445987}, "datetime": {"datetime": "2021-09-24 08:44:34", "elapsed": 287.456517, "delta": 2.951618}}
{"target": 0.4215889472797587, "params": {"C": 53.75514112853232, "epsilon": 0.15725786665959646, "gamma": 0.050207599322902266}, "datetime": {"datetime": "2021-09-24 08:44:36", "elapsed": 289.463112, "delta": 2.006595}}
{"target": 0.37748062478172817, "params": {"C": 28.46885957311817, "epsilon": 0.7901955015079093, "gamma": 0.1742707498398629}, "datetime": {"datetime": "2021-09-24 08:44:39", "elapsed": 291.892903, "delta": 2.429791}}
{"target": 0.17964313136515708, "params": {"C": 74.39135950143968, "epsilon": 0.9092548838428074, "gamma": 0.9934605438574421}, "datetime": {"datetime": "2021-09-24 08:44:40", "elapsed": 292.990613, "delta": 1.09771}}
{"target": 0.2649242230131946, "params": {"C": 92.60055759804199, "epsilon": 0.7772592848265423, "gamma": 0.6048874391591218}, "datetime": {"datetime": "2021-09-24 08:44:41", "elapsed": 294.356868, "delta": 1.366255}}
{"target": 0.33192573769287426, "params": {"C": 20.82849727219087, "epsilon": 0.7194391749187473, "gamma": 0.2884716656154698}, "datetime": {"datetime": "2021-09-24 08:44:42", "elapsed": 295.498034, "delta": 1.141166}}
{"target": 0.15674781135342508, "params": {"C": 43.509535914986344, "epsilon": 0.7801518014702093, "gamma": 0.9042816257837809}, "datetime": {"datetime": "2021-09-24 08:44:44", "elapsed": 296.834224, "delta": 1.33619}}
{"target": 0.39148334161850384, "params": {"C": 28.77557975276268, "epsilon": 0.5523332082706103, "gamma": 0.13561380961882877}, "datetime": {"datetime": "2021-09-24 08:44:47", "elapsed": 300.134454, "delta": 3.30023}}
{"target": 0.4253207086157781, "params": {"C": 27.210997305155576, "epsilon": 0.9532365564413745, "gamma": 0.008015151722991859}, "datetime": {"datetime": "2021-09-24 08:44:50", "elapsed": 303.03456, "delta": 2.900106}}
{"target": 0.3322657270710222, "params": {"C": 33.833462534806564, "epsilon": 0.021598356034458165, "gamma": 0.0011982888057947383}, "datetime": {"datetime": "2021-09-24 08:44:52", "elapsed": 305.674733, "delta": 2.640173}}
{"target": 0.14266071864178642, "params": {"C": 6.77213412119247, "epsilon": 0.46113542567697263, "gamma": 0.4242623289098962}, "datetime": {"datetime": "2021-09-24 08:44:54", "elapsed": 306.862278, "delta": 1.187545}}
{"target": 0.3309417634531707, "params": {"C": 53.68012717197965, "epsilon": 0.24820935283602574, "gamma": 0.2023505590043083}, "datetime": {"datetime": "2021-09-24 08:44:56", "elapsed": 308.793323, "delta": 1.931045}}
{"target": 0.4337411584760963, "params": {"C": 28.259011845276866, "epsilon": 0.48642504084423727, "gamma": 0.011330949912077623}, "datetime": {"datetime": "2021-09-24 08:44:58", "elapsed": 311.04943, "delta": 2.256107}}
{"target": 0.2667568358083581, "params": {"C": 97.09788969491906, "epsilon": 0.840941607092035, "gamma": 0.30360114439055724}, "datetime": {"datetime": "2021-09-24 08:44:59", "elapsed": 312.324006, "delta": 1.274576}}
{"target": 0.4028503079109035, "params": {"C": 30.332702540945057, "epsilon": 0.17221572982992805, "gamma": 0.003139300650904628}, "datetime": {"datetime": "2021-09-24 08:45:02", "elapsed": 315.328118, "delta": 3.004112}}
{"target": 0.3586607837725585, "params": {"C": 32.998055204652815, "epsilon": 0.18382556892340504, "gamma": 0.2123494993353035}, "datetime": {"datetime": "2021-09-24 08:45:05", "elapsed": 318.389461, "delta": 3.061343}}
{"target": 0.4137228884788424, "params": {"C": 27.061166806953604, "epsilon": 0.09315401248151173, "gamma": 0.004425070312001466}, "datetime": {"datetime": "2021-09-24 08:45:07", "elapsed": 320.442281, "delta": 2.05282}}
{"target": 0.026458790245202812, "params": {"C": 18.734371825582947, "epsilon": 0.001, "gamma": 0.0001}, "datetime": {"datetime": "2021-09-24 08:45:11", "elapsed": 323.983028, "delta": 3.540747}}
{"target": 0.4427758725707911, "params": {"C": 19.286236599758283, "epsilon": 0.026885251690748464, "gamma": 0.04498104792589213}, "datetime": {"datetime": "2021-09-24 08:45:14", "elapsed": 326.857631, "delta": 2.874603}}
{"target": 0.43326591313211194, "params": {"C": 30.37944225210967, "epsilon": 0.5378729518714863, "gamma": 0.03757026151631826}, "datetime": {"datetime": "2021-09-24 08:45:16", "elapsed": 329.380533, "delta": 2.522902}}
{"target": 0.19792194677284747, "params": {"C": 49.444551633534374, "epsilon": 0.8680874893783626, "gamma": 0.7832614133967952}, "datetime": {"datetime": "2021-09-24 08:45:17", "elapsed": 330.502343, "delta": 1.12181}}
{"target": 0.39930285310736024, "params": {"C": 18.478557546971306, "epsilon": 0.5087673659066227, "gamma": 0.14000912214954425}, "datetime": {"datetime": "2021-09-24 08:45:21", "elapsed": 333.797667, "delta": 3.295324}}
{"target": 0.286631107775667, "params": {"C": 78.81249271541236, "epsilon": 0.9460551468355552, "gamma": 0.28100103742168386}, "datetime": {"datetime": "2021-09-24 08:45:22", "elapsed": 335.016389, "delta": 1.218722}}
{"target": 0.04876339168172117, "params": {"C": 32.93346516995112, "epsilon": 0.001, "gamma": 0.0001}, "datetime": {"datetime": "2021-09-24 08:45:25", "elapsed": 338.237897, "delta": 3.221508}}
{"target": 0.2641856868536081, "params": {"C": 87.89928912222254, "epsilon": 0.2341096738258319, "gamma": 0.61345638792272}, "datetime": {"datetime": "2021-09-24 08:45:26", "elapsed": 339.572207, "delta": 1.33431}}
{"target": 0.41492448923716285, "params": {"C": 18.945263459774512, "epsilon": 0.14256298917119317, "gamma": 0.11022956430503311}, "datetime": {"datetime": "2021-09-24 08:45:29", "elapsed": 341.869902, "delta": 2.297695}}
{"target": 0.344891995630648, "params": {"C": 28.269775602816182, "epsilon": 0.6260733525127213, "gamma": 0.0015442240128028279}, "datetime": {"datetime": "2021-09-24 08:45:31", "elapsed": 344.234677, "delta": 2.364775}}
{"target": 0.42195710351054094, "params": {"C": 76.99756462689707, "epsilon": 0.28546588726838956, "gamma": 0.03120543799714076}, "datetime": {"datetime": "2021-09-24 08:45:32", "elapsed": 345.539843, "delta": 1.305166}}
{"target": 0.39763841351087015, "params": {"C": 32.8826207610626, "epsilon": 0.21767933765969721, "gamma": 0.10948589672523866}, "datetime": {"datetime": "2021-09-24 08:45:35", "elapsed": 347.815336, "delta": 2.275493}}
{"target": 0.12774585386463966, "params": {"C": 38.879510935676834, "epsilon": 0.0784982183006271, "gamma": 0.9893430087992472}, "datetime": {"datetime": "2021-09-24 08:45:36", "elapsed": 349.242561, "delta": 1.427225}}
{"target": 0.04877791224201411, "params": {"C": 32.94244246369923, "epsilon": 0.21721315274392755, "gamma": 0.0001}, "datetime": {"datetime": "2021-09-24 08:45:39", "elapsed": 352.524552, "delta": 3.281991}}
{"target": 0.2725668497140904, "params": {"C": 74.60513883720715, "epsilon": 0.6476140396208678, "gamma": 0.5703272131993556}, "datetime": {"datetime": "2021-09-24 08:45:41", "elapsed": 353.733361, "delta": 1.208809}}
{"target": 0.4233286345134806, "params": {"C": 30.380114506425915, "epsilon": 0.4376151479753365, "gamma": 0.006226823879403723}, "datetime": {"datetime": "2021-09-24 08:45:43", "elapsed": 355.727563, "delta": 1.994202}}
{"target": 0.27052223326002467, "params": {"C": 50.99720657806897, "epsilon": 0.6440136312337661, "gamma": 0.5567125232524409}, "datetime": {"datetime": "2021-09-24 08:45:44", "elapsed": 357.28251, "delta": 1.554947}}
{"target": 0.15006940756257858, "params": {"C": 9.862448819102047, "epsilon": 0.23319834210230647, "gamma": 0.48916543271297835}, "datetime": {"datetime": "2021-09-24 08:45:45", "elapsed": 358.579468, "delta": 1.296958}}
{"target": 0.44174732916853576, "params": {"C": 27.157620083661246, "epsilon": 0.5058429624010881, "gamma": 0.02483225235069441}, "datetime": {"datetime": "2021-09-24 08:45:48", "elapsed": 360.960163, "delta": 2.380695}}
{"target": 0.13333210564799813, "params": {"C": 16.38240627446633, "epsilon": 0.4540785969855867, "gamma": 0.6650465169386127}, "datetime": {"datetime": "2021-09-24 08:45:49", "elapsed": 362.248149, "delta": 1.287986}}
{"target": 0.27228527764125554, "params": {"C": 98.80313472661194, "epsilon": 0.8812469493489613, "gamma": 0.42802698015385676}, "datetime": {"datetime": "2021-09-24 08:45:50", "elapsed": 363.694429, "delta": 1.44628}}
{"target": 0.409730887525358, "params": {"C": 27.242174093164927, "epsilon": 0.303494243678168, "gamma": 0.10021076022575648}, "datetime": {"datetime": "2021-09-24 08:45:53", "elapsed": 366.667953, "delta": 2.973524}}
{"target": 0.43287660842552234, "params": {"C": 33.729036909570524, "epsilon": 0.252153025269546, "gamma": 0.026411013910704644}, "datetime": {"datetime": "2021-09-24 08:45:57", "elapsed": 370.383169, "delta": 3.715216}}
{"target": 0.43496229150707333, "params": {"C": 30.61451388014579, "epsilon": 0.13656007312951132, "gamma": 0.046758128975267745}, "datetime": {"datetime": "2021-09-24 08:46:00", "elapsed": 373.120305, "delta": 2.737136}}
{"target": 0.011310478573551053, "params": {"C": 9.318916183825369, "epsilon": 0.41876898033741977, "gamma": 0.0001}, "datetime": {"datetime": "2021-09-24 08:46:04", "elapsed": 377.035154, "delta": 3.914849}}
{"target": 0.21649103268560976, "params": {"C": 68.17039725807146, "epsilon": 0.5100959462534503, "gamma": 0.807353052230704}, "datetime": {"datetime": "2021-09-24 08:46:05", "elapsed": 378.483575, "delta": 1.448421}}
{"target": 0.2902619045255953, "params": {"C": 86.44251083125846, "epsilon": 0.5855946951220318, "gamma": 0.2105100815654148}, "datetime": {"datetime": "2021-09-24 08:46:07", "elapsed": 379.820555, "delta": 1.33698}}
{"target": 0.4148914139962899, "params": {"C": 14.475948604440022, "epsilon": 0.6173353082503338, "gamma": 0.008840659150503598}, "datetime": {"datetime": "2021-09-24 08:46:09", "elapsed": 382.560714, "delta": 2.740159}}
{"target": 0.22666193375540566, "params": {"C": 18.501221916551124, "epsilon": 0.7021230866124027, "gamma": 0.0010468892143749872}, "datetime": {"datetime": "2021-09-24 08:46:13", "elapsed": 385.925406, "delta": 3.364692}}
{"target": 0.2789472438286037, "params": {"C": 87.6025967253274, "epsilon": 0.6321079573520131, "gamma": 0.4416635837108733}, "datetime": {"datetime": "2021-09-24 08:46:14", "elapsed": 387.605409, "delta": 1.680003}}
{"target": 0.4235619106432149, "params": {"C": 18.69728057892762, "epsilon": 0.4039621423284232, "gamma": 0.091584941864026}, "datetime": {"datetime": "2021-09-24 08:46:17", "elapsed": 390.672679, "delta": 3.06727}}
{"target": 0.4305132456928519, "params": {"C": 8.797699582901108, "epsilon": 0.3845205480689908, "gamma": 0.07895303416835457}, "datetime": {"datetime": "2021-09-24 08:46:19", "elapsed": 392.140955, "delta": 1.468276}}
{"target": 0.039255579388976614, "params": {"C": 27.349656861453873, "epsilon": 0.31587338748839716, "gamma": 0.0001}, "datetime": {"datetime": "2021-09-24 08:46:22", "elapsed": 395.293486, "delta": 3.152531}}
{"target": 0.44282165444122923, "params": {"C": 18.50571553428285, "epsilon": 0.1294091168240229, "gamma": 0.04331570975375588}, "datetime": {"datetime": "2021-09-24 08:46:26", "elapsed": 398.778997, "delta": 3.485511}}
{"target": 0.2096413919294049, "params": {"C": 34.497296486146986, "epsilon": 0.7651751705135871, "gamma": 0.6466080806345417}, "datetime": {"datetime": "2021-09-24 08:46:27", "elapsed": 400.236246, "delta": 1.457249}}
{"target": 0.1504590582238048, "params": {"C": 20.08494420480387, "epsilon": 0.7162298909268736, "gamma": 0.6677518371749959}, "datetime": {"datetime": "2021-09-24 08:46:29", "elapsed": 401.968238, "delta": 1.731992}}
{"target": 0.02675179981179099, "params": {"C": 18.942214495136703, "epsilon": 0.6504796484634188, "gamma": 0.0001}, "datetime": {"datetime": "2021-09-24 08:46:31", "elapsed": 404.455391, "delta": 2.487153}}
{"target": 0.4390401911631666, "params": {"C": 27.288711496030942, "epsilon": 0.8405933633226681, "gamma": 0.02703911332864466}, "datetime": {"datetime": "2021-09-24 08:46:34", "elapsed": 407.467102, "delta": 3.011711}}
{"target": 0.081110277133294, "params": {"C": 53.6726488942366, "epsilon": 0.2304261356918855, "gamma": 0.0001}, "datetime": {"datetime": "2021-09-24 08:46:38", "elapsed": 410.99172, "delta": 3.524618}}
{"target": 0.41954637422128793, "params": {"C": 18.707521517343146, "epsilon": 0.6725943741882775, "gamma": 0.10015273397815311}, "datetime": {"datetime": "2021-09-24 08:46:40", "elapsed": 413.253019, "delta": 2.261299}}
{"target": 0.29054525271327647, "params": {"C": 66.10257520750952, "epsilon": 0.3939441114940872, "gamma": 0.4674909579893725}, "datetime": {"datetime": "2021-09-24 08:46:41", "elapsed": 414.656792, "delta": 1.403773}}
{"target": 0.050226321931303275, "params": {"C": 33.8389521181561, "epsilon": 0.31268973179370524, "gamma": 0.0001}, "datetime": {"datetime": "2021-09-24 08:46:45", "elapsed": 418.605537, "delta": 3.948745}}
{"target": 0.43705262274499224, "params": {"C": 18.621222075394524, "epsilon": 0.19903882996721745, "gamma": 0.022286785580186704}, "datetime": {"datetime": "2021-09-24 08:46:48", "elapsed": 420.750871, "delta": 2.145334}}
{"target": 0.21126697437711994, "params": {"C": 93.11872800913468, "epsilon": 0.9292309653473624, "gamma": 0.8903632528502798}, "datetime": {"datetime": "2021-09-24 08:46:49", "elapsed": 422.372181, "delta": 1.62131}}
{"target": 0.4070144634031023, "params": {"C": 30.097099304593776, "epsilon": 0.41918362519761515, "gamma": 0.09939804864198576}, "datetime": {"datetime": "2021-09-24 08:46:52", "elapsed": 424.89541, "delta": 2.523229}}
{"target": 0.41279244710767327, "params": {"C": 27.443871733214817, "epsilon": 0.5207734036526686, "gamma": 0.094507154304677}, "datetime": {"datetime": "2021-09-24 08:46:55", "elapsed": 427.832142, "delta": 2.936732}}
{"target": 0.42037674622466215, "params": {"C": 18.845643273537963, "epsilon": 0.7666676524173838, "gamma": 0.09794430438443537}, "datetime": {"datetime": "2021-09-24 08:46:57", "elapsed": 430.61154, "delta": 2.779398}}
{"target": 0.30576255276859965, "params": {"C": 64.89171140936517, "epsilon": 0.8959692973706697, "gamma": 0.24688889580105172}, "datetime": {"datetime": "2021-09-24 08:46:59", "elapsed": 432.058071, "delta": 1.446531}}
{"target": 0.40666196515809494, "params": {"C": 18.715188529639054, "epsilon": 0.2394741488342681, "gamma": 0.12559001256263436}, "datetime": {"datetime": "2021-09-24 08:47:02", "elapsed": 435.293596, "delta": 3.235525}}
{"target": 0.16320300197864945, "params": {"C": 38.34254920216931, "epsilon": 0.33126574173142836, "gamma": 0.833233616967309}, "datetime": {"datetime": "2021-09-24 08:47:03", "elapsed": 436.650627, "delta": 1.357031}}
{"target": 0.4340131703949647, "params": {"C": 18.559268129937433, "epsilon": 0.278232328579358, "gamma": 0.07261579353152386}, "datetime": {"datetime": "2021-09-24 08:47:07", "elapsed": 440.056795, "delta": 3.406168}}
{"target": 0.3952558913564598, "params": {"C": 30.801156291856014, "epsilon": 0.15993852901325412, "gamma": 0.11985461736874435}, "datetime": {"datetime": "2021-09-24 08:47:10", "elapsed": 442.963372, "delta": 2.906577}}
{"target": 0.4173046459963716, "params": {"C": 18.63054562332085, "epsilon": 0.7806833726923149, "gamma": 0.10525891739203934}, "datetime": {"datetime": "2021-09-24 08:47:13", "elapsed": 446.409385, "delta": 3.446013}}
{"target": 0.41396732100154376, "params": {"C": 27.85887115097013, "epsilon": 0.16144286835374688, "gamma": 0.09161428055814314}, "datetime": {"datetime": "2021-09-24 08:47:17", "elapsed": 450.141869, "delta": 3.732484}}
{"target": 0.1598523555189777, "params": {"C": 17.20922648025238, "epsilon": 0.10263018782920195, "gamma": 0.5986041848126733}, "datetime": {"datetime": "2021-09-24 08:47:18", "elapsed": 451.654649, "delta": 1.51278}}
{"target": 0.3878153475399072, "params": {"C": 30.301833709538347, "epsilon": 0.37044097790194824, "gamma": 0.1395004321853605}, "datetime": {"datetime": "2021-09-24 08:47:22", "elapsed": 455.690406, "delta": 4.035757}}
{"target": 0.4416158183610588, "params": {"C": 33.658968606841746, "epsilon": 0.33437176828813386, "gamma": 0.017632409433033482}, "datetime": {"datetime": "2021-09-24 08:47:27", "elapsed": 460.377641, "delta": 4.687235}}
{"target": 0.4138088893383802, "params": {"C": 33.01070871982873, "epsilon": 0.11660001071420052, "gamma": 0.08290088923557165}, "datetime": {"datetime": "2021-09-24 08:47:31", "elapsed": 464.105366, "delta": 3.727725}}
{"target": 0.4152255826700352, "params": {"C": 30.518160463451828, "epsilon": 0.12133092956980837, "gamma": 0.08462565581655587}, "datetime": {"datetime": "2021-09-24 08:47:34", "elapsed": 466.85312, "delta": 2.747754}}
{"target": 0.40565885040805816, "params": {"C": 34.00323627035069, "epsilon": 0.32870645503888635, "gamma": 0.09541792996759023}, "datetime": {"datetime": "2021-09-24 08:47:38", "elapsed": 471.349098, "delta": 4.495978}}
{"target": 0.4169107983578323, "params": {"C": 19.22622325642507, "epsilon": 0.05889926526510202, "gamma": 0.10601158742681598}, "datetime": {"datetime": "2021-09-24 08:47:41", "elapsed": 474.706881, "delta": 3.357783}}
{"target": 0.4122481690284314, "params": {"C": 19.141595027542195, "epsilon": 0.6844443052372167, "gamma": 0.11496934182253937}, "datetime": {"datetime": "2021-09-24 08:47:45", "elapsed": 478.688151, "delta": 3.98127}}
{"target": 0.3997823934266087, "params": {"C": 33.695574253698176, "epsilon": 0.2645721910830092, "gamma": 0.1042698446289127}, "datetime": {"datetime": "2021-09-24 08:47:49", "elapsed": 481.992314, "delta": 3.304163}}
{"target": 0.2671521811492933, "params": {"C": 85.29111938228893, "epsilon": 0.22786947255820922, "gamma": 0.5947561528631103}, "datetime": {"datetime": "2021-09-24 08:47:50", "elapsed": 483.617345, "delta": 1.625031}}
{"target": 0.13746733851373127, "params": {"C": 27.582992737255825, "epsilon": 0.5565071893657424, "gamma": 0.8155458373033944}, "datetime": {"datetime": "2021-09-24 08:47:52", "elapsed": 485.360539, "delta": 1.743194}}
{"target": 0.4218906371783947, "params": {"C": 53.52924444071206, "epsilon": 0.3199617345554159, "gamma": 0.04905878865464887}, "datetime": {"datetime": "2021-09-24 08:47:55", "elapsed": 488.325142, "delta": 2.964603}}
{"target": 0.2620994097729942, "params": {"C": 18.77253163851798, "epsilon": 0.834321452644639, "gamma": 0.39060826873026305}, "datetime": {"datetime": "2021-09-24 08:47:57", "elapsed": 489.854355, "delta": 1.529213}}
{"target": 0.4415503381509659, "params": {"C": 14.745088747249623, "epsilon": 0.5062821074789059, "gamma": 0.05070003434307712}, "datetime": {"datetime": "2021-09-24 08:47:59", "elapsed": 492.644194, "delta": 2.789839}}
{"target": 0.37143664082657724, "params": {"C": 27.230147052475584, "epsilon": 0.7099157258097155, "gamma": 0.002122222864595885}, "datetime": {"datetime": "2021-09-24 08:48:03", "elapsed": 496.368228, "delta": 3.724034}}
{"target": 0.42625521037174696, "params": {"C": 18.64081441102464, "epsilon": 0.9177884662781477, "gamma": 0.08539972536202772}, "datetime": {"datetime": "2021-09-24 08:48:06", "elapsed": 499.074671, "delta": 2.706443}}
{"target": 0.43504834688393856, "params": {"C": 28.065571417284612, "epsilon": 0.413654675661209, "gamma": 0.01020454875949091}, "datetime": {"datetime": "2021-09-24 08:48:09", "elapsed": 502.270644, "delta": 3.195973}}
{"target": 0.3888564276417419, "params": {"C": 33.123570525451626, "epsilon": 0.26372416823990663, "gamma": 0.12719877405351243}, "datetime": {"datetime": "2021-09-24 08:48:12", "elapsed": 504.87309, "delta": 2.602446}}
