{"target": -41.66258189472518, "params": {"C": 74.66297503881584, "epsilon": 2.489684567151519, "gamma": 0.09843192789790149}, "datetime": {"datetime": "2021-09-28 11:57:42", "elapsed": 31.425251, "delta": 0.50679}}
{"target": -42.464496590849386, "params": {"C": 69.80568462062314, "epsilon": 2.1023664107193567, "gamma": 0.12221232612354391}, "datetime": {"datetime": "2021-09-28 11:57:42", "elapsed": 31.867248, "delta": 0.441997}}
{"target": -38.217631158064655, "params": {"C": 129.23046521580574, "epsilon": 1.7284343022671822, "gamma": 0.01938019308479589}, "datetime": {"datetime": "2021-09-28 11:57:43", "elapsed": 32.317255, "delta": 0.450007}}
{"target": -38.85877620177814, "params": {"C": 28.112598413830117, "epsilon": 1.4781583959854874, "gamma": 0.0017314582891858818}, "datetime": {"datetime": "2021-09-28 11:57:43", "elapsed": 32.707248, "delta": 0.389993}}
{"target": -36.31340844125451, "params": {"C": 85.2312676069224, "epsilon": 2.6544322686201993, "gamma": 0.0017490989673014457}, "datetime": {"datetime": "2021-09-28 11:57:44", "elapsed": 33.204254, "delta": 0.497006}}
{"target": -41.55034842861004, "params": {"C": 58.11291355231364, "epsilon": 2.211222898075172, "gamma": 0.09776644926040903}, "datetime": {"datetime": "2021-09-28 11:57:44", "elapsed": 33.802017, "delta": 0.597763}}
{"target": -40.18864788710244, "params": {"C": 121.97890312869522, "epsilon": 1.4776601868172572, "gamma": 0.06842696513192295}, "datetime": {"datetime": "2021-09-28 11:57:45", "elapsed": 34.329802, "delta": 0.527785}}
{"target": -44.12008255351112, "params": {"C": 132.44670010590846, "epsilon": 1.2942061349889797, "gamma": 0.1306805744467313}, "datetime": {"datetime": "2021-09-28 11:57:45", "elapsed": 34.9258, "delta": 0.595998}}
{"target": -38.174386880953115, "params": {"C": 141.8072553611628, "epsilon": 0.4157627002346848, "gamma": 0.018156583791642936}, "datetime": {"datetime": "2021-09-28 11:57:46", "elapsed": 35.480733, "delta": 0.554933}}
{"target": -41.601352946238435, "params": {"C": 26.024963267850158, "epsilon": 2.5628577236538055, "gamma": 0.08565280794586079}, "datetime": {"datetime": "2021-09-28 11:57:46", "elapsed": 35.915736, "delta": 0.435003}}
{"target": -40.85411445052589, "params": {"C": 64.92016923651381, "epsilon": 0.7649168928515652, "gamma": 0.08489593704236408}, "datetime": {"datetime": "2021-09-28 11:57:47", "elapsed": 36.472733, "delta": 0.556997}}
{"target": -44.012140162429326, "params": {"C": 113.84490056612125, "epsilon": 1.1635274563897005, "gamma": 0.13724458851440935}, "datetime": {"datetime": "2021-09-28 11:57:48", "elapsed": 37.12552, "delta": 0.652787}}
{"target": -45.156625622679634, "params": {"C": 8.686386245103153, "epsilon": 1.0807471897046808, "gamma": 0.1428070758511257}, "datetime": {"datetime": "2021-09-28 11:57:48", "elapsed": 37.638518, "delta": 0.512998}}
{"target": -43.50272710865144, "params": {"C": 77.0603021144013, "epsilon": 0.07635182158100934, "gamma": 0.14862217023112445}, "datetime": {"datetime": "2021-09-28 11:57:49", "elapsed": 38.225515, "delta": 0.586997}}
{"target": -36.732849052783614, "params": {"C": 145.30947083290678, "epsilon": 2.936004801309404, "gamma": 0.003944125566709474}, "datetime": {"datetime": "2021-09-28 11:57:49", "elapsed": 38.677402, "delta": 0.451887}}
{"target": -46.64498348115399, "params": {"C": 149.0530689873339, "epsilon": 1.4192928060585859, "gamma": 0.1599261262829991}, "datetime": {"datetime": "2021-09-28 11:57:50", "elapsed": 39.313564, "delta": 0.636162}}
{"target": -42.55376242229021, "params": {"C": 13.357926770415427, "epsilon": 2.8794571506914632, "gamma": 0.10115906466460924}, "datetime": {"datetime": "2021-09-28 11:57:50", "elapsed": 39.805559, "delta": 0.491995}}
{"target": -41.5976047837628, "params": {"C": 93.03882758922535, "epsilon": 0.9195179547589637, "gamma": 0.09462660038214914}, "datetime": {"datetime": "2021-09-28 11:57:51", "elapsed": 40.378559, "delta": 0.573}}
{"target": -41.37337250325533, "params": {"C": 36.8291822647513, "epsilon": 1.2723005622157073, "gamma": 0.0822380415492974}, "datetime": {"datetime": "2021-09-28 11:57:51", "elapsed": 40.864558, "delta": 0.485999}}
{"target": -38.51520460803768, "params": {"C": 73.16374762609068, "epsilon": 2.7837215205637578, "gamma": 0.020011500297932222}, "datetime": {"datetime": "2021-09-28 11:57:52", "elapsed": 41.399204, "delta": 0.534646}}
{"target": -37.53540606953804, "params": {"C": 20.734429325561806, "epsilon": 1.3375683520479065, "gamma": 0.01268238372049985}, "datetime": {"datetime": "2021-09-28 11:57:52", "elapsed": 41.984202, "delta": 0.584998}}
{"target": -43.58749136202652, "params": {"C": 52.70825273381453, "epsilon": 0.2540446991966456, "gamma": 0.1593875383408293}, "datetime": {"datetime": "2021-09-28 11:57:53", "elapsed": 42.680204, "delta": 0.696002}}
{"target": -38.098397698183334, "params": {"C": 120.66975266917431, "epsilon": 1.3111791221372435, "gamma": 0.0178660128313252}, "datetime": {"datetime": "2021-09-28 11:57:54", "elapsed": 43.139924, "delta": 0.45972}}
{"target": -40.693130881279615, "params": {"C": 124.8010017585647, "epsilon": 0.9496837514039622, "gamma": 0.07632823172820764}, "datetime": {"datetime": "2021-09-28 11:57:54", "elapsed": 43.680724, "delta": 0.5408}}
{"target": -41.63489020511984, "params": {"C": 4.527740465076146, "epsilon": 2.2422607899232623, "gamma": 0.04130864772105241}, "datetime": {"datetime": "2021-09-28 11:57:55", "elapsed": 44.246795, "delta": 0.566071}}
{"target": -43.72892470310651, "params": {"C": 38.05116477495335, "epsilon": 2.6334130082490854, "gamma": 0.16451483563564226}, "datetime": {"datetime": "2021-09-28 11:57:55", "elapsed": 44.741791, "delta": 0.494996}}
{"target": -45.99527848162468, "params": {"C": 119.79892937589565, "epsilon": 1.727640680873834, "gamma": 0.16998188887442478}, "datetime": {"datetime": "2021-09-28 11:57:56", "elapsed": 45.237068, "delta": 0.495277}}
{"target": -43.8436946401114, "params": {"C": 53.084344891787154, "epsilon": 1.4916595595057793, "gamma": 0.16880624591398946}, "datetime": {"datetime": "2021-09-28 11:57:56", "elapsed": 45.873067, "delta": 0.635999}}
{"target": -39.21828133761144, "params": {"C": 99.54405860836309, "epsilon": 2.389299512726779, "gamma": 0.04830238255577209}, "datetime": {"datetime": "2021-09-28 11:57:57", "elapsed": 46.419064, "delta": 0.545997}}
{"target": -40.06201893053763, "params": {"C": 23.697204963875883, "epsilon": 1.8721621263461525, "gamma": 0.04285087109858957}, "datetime": {"datetime": "2021-09-28 11:57:58", "elapsed": 47.038069, "delta": 0.619005}}
{"target": -42.88175720023386, "params": {"C": 96.89260603096207, "epsilon": 1.8689391625396337, "gamma": 0.12582771823628053}, "datetime": {"datetime": "2021-09-28 11:57:58", "elapsed": 47.533359, "delta": 0.49529}}
{"target": -38.216740393641516, "params": {"C": 66.92991440097146, "epsilon": 2.704496251164382, "gamma": 0.0171455663597205}, "datetime": {"datetime": "2021-09-28 11:57:59", "elapsed": 48.141355, "delta": 0.607996}}
{"target": -39.659065159888485, "params": {"C": 97.40954901322257, "epsilon": 1.6150194206726776, "gamma": 0.05963708222604983}, "datetime": {"datetime": "2021-09-28 11:57:59", "elapsed": 48.721109, "delta": 0.579754}}
{"target": -41.65873680676091, "params": {"C": 115.0232864214062, "epsilon": 0.26630718363399813, "gamma": 0.09646878791813557}, "datetime": {"datetime": "2021-09-28 11:58:00", "elapsed": 49.291235, "delta": 0.570126}}
{"target": -41.22191221502959, "params": {"C": 144.0441493172183, "epsilon": 2.266942701189539, "gamma": 0.08420588448086296}, "datetime": {"datetime": "2021-09-28 11:58:00", "elapsed": 49.851225, "delta": 0.55999}}
{"target": -44.182607000623555, "params": {"C": 67.99412992503555, "epsilon": 2.739442044743922, "gamma": 0.17071340910355484}, "datetime": {"datetime": "2021-09-28 11:58:01", "elapsed": 50.442228, "delta": 0.591003}}
{"target": -42.59036074724615, "params": {"C": 17.90764116846798, "epsilon": 2.422551706029646, "gamma": 0.10509647888686476}, "datetime": {"datetime": "2021-09-28 11:58:01", "elapsed": 50.995229, "delta": 0.553001}}
{"target": -46.94516627951173, "params": {"C": 149.14698961883295, "epsilon": 2.5791446210015185, "gamma": 0.16339445021731575}, "datetime": {"datetime": "2021-09-28 11:58:02", "elapsed": 51.501196, "delta": 0.505967}}
{"target": -41.239068439610385, "params": {"C": 109.20348168606138, "epsilon": 1.697263817229491, "gamma": 0.08639061244314199}, "datetime": {"datetime": "2021-09-28 11:58:03", "elapsed": 52.160202, "delta": 0.659006}}
{"target": -39.991927854937146, "params": {"C": 64.25557140751707, "epsilon": 0.873279627844197, "gamma": 0.06343684688085723}, "datetime": {"datetime": "2021-09-28 11:58:03", "elapsed": 52.647194, "delta": 0.486992}}
{"target": -41.190016669665944, "params": {"C": 39.11277395150954, "epsilon": 0.5770523312008882, "gamma": 0.07638600963310233}, "datetime": {"datetime": "2021-09-28 11:58:04", "elapsed": 53.072194, "delta": 0.425}}
{"target": -40.603251137370385, "params": {"C": 64.73130315480856, "epsilon": 0.295732523537132, "gamma": 0.07678324237028812}, "datetime": {"datetime": "2021-09-28 11:58:04", "elapsed": 53.724588, "delta": 0.652394}}
{"target": -46.392604558493474, "params": {"C": 121.45329184282944, "epsilon": 0.6037647018706548, "gamma": 0.17883428003107305}, "datetime": {"datetime": "2021-09-28 11:58:05", "elapsed": 54.333259, "delta": 0.608671}}
{"target": -42.09887196724626, "params": {"C": 82.09057831182422, "epsilon": 0.9393441892541812, "gamma": 0.10741049636657155}, "datetime": {"datetime": "2021-09-28 11:58:05", "elapsed": 54.941258, "delta": 0.607999}}
{"target": -40.10279012903715, "params": {"C": 134.6783073237, "epsilon": 2.2705570526771166, "gamma": 0.06454276569025885}, "datetime": {"datetime": "2021-09-28 11:58:06", "elapsed": 55.661833, "delta": 0.720575}}
{"target": -40.46557608561906, "params": {"C": 61.59970367729349, "epsilon": 2.0673866734864936, "gamma": 0.07703157988942932}, "datetime": {"datetime": "2021-09-28 11:58:07", "elapsed": 56.273831, "delta": 0.611998}}
{"target": -39.13671089444076, "params": {"C": 19.73864643653989, "epsilon": 0.7552370665060907, "gamma": 0.02733917156626943}, "datetime": {"datetime": "2021-09-28 11:58:07", "elapsed": 56.817828, "delta": 0.543997}}
{"target": -42.25863374392548, "params": {"C": 120.29769603233142, "epsilon": 0.8439923379698558, "gamma": 0.10829018539290823}, "datetime": {"datetime": "2021-09-28 11:58:08", "elapsed": 57.619531, "delta": 0.801703}}
{"target": -44.169259333043144, "params": {"C": 79.69459889960562, "epsilon": 2.318911254515813, "gamma": 0.16277059083256637}, "datetime": {"datetime": "2021-09-28 11:58:09", "elapsed": 58.278088, "delta": 0.658557}}
{"target": -42.25332587746099, "params": {"C": 86.89879358904551, "epsilon": 0.08920265755728848, "gamma": 0.11356355275278328}, "datetime": {"datetime": "2021-09-28 11:58:10", "elapsed": 59.022731, "delta": 0.744643}}
{"target": -43.939563813409364, "params": {"C": 50.1776616367735, "epsilon": 0.45787820304449306, "gamma": 0.17571856379845266}, "datetime": {"datetime": "2021-09-28 11:58:10", "elapsed": 59.64818, "delta": 0.625449}}
{"target": -42.24824047653886, "params": {"C": 79.91660796790981, "epsilon": 2.387925158769991, "gamma": 0.11582588674729673}, "datetime": {"datetime": "2021-09-28 11:58:11", "elapsed": 60.295179, "delta": 0.646999}}
{"target": -42.93877907215658, "params": {"C": 105.27218946899862, "epsilon": 0.38915640615955327, "gamma": 0.1248005006991703}, "datetime": {"datetime": "2021-09-28 11:58:12", "elapsed": 61.222277, "delta": 0.927098}}
{"target": -39.382379562070966, "params": {"C": 71.05801130459841, "epsilon": 1.6031793311101705, "gamma": 0.0496276145330365}, "datetime": {"datetime": "2021-09-28 11:58:13", "elapsed": 62.088276, "delta": 0.865999}}
{"target": -38.768598918181105, "params": {"C": 70.3358462240721, "epsilon": 0.31248599598962873, "gamma": 0.025759899071054238}, "datetime": {"datetime": "2021-09-28 11:58:13", "elapsed": 62.787279, "delta": 0.699003}}
{"target": -38.632786396230344, "params": {"C": 100.93531057697066, "epsilon": 2.373011961022439, "gamma": 0.03453246109480241}, "datetime": {"datetime": "2021-09-28 11:58:14", "elapsed": 63.491954, "delta": 0.704675}}
{"target": -44.99902665046957, "params": {"C": 2.195316207986095, "epsilon": 0.4795359313879894, "gamma": 0.04557932492758179}, "datetime": {"datetime": "2021-09-28 11:58:15", "elapsed": 64.360164, "delta": 0.86821}}
{"target": -40.19207813707366, "params": {"C": 58.017047532509146, "epsilon": 1.1796233590586136, "gamma": 0.0665895935527824}, "datetime": {"datetime": "2021-09-28 11:58:16", "elapsed": 65.242164, "delta": 0.882}}
{"target": -42.43999066156901, "params": {"C": 44.19077493463868, "epsilon": 1.241725817157578, "gamma": 0.11397466815515415}, "datetime": {"datetime": "2021-09-28 11:58:17", "elapsed": 66.11916, "delta": 0.876996}}
{"target": -36.58265214358, "params": {"C": 32.5089009094904, "epsilon": 0.7894020186470891, "gamma": 0.00465477240785425}, "datetime": {"datetime": "2021-09-28 11:58:17", "elapsed": 66.805164, "delta": 0.686004}}
{"target": -42.105983411936236, "params": {"C": 44.44316503537028, "epsilon": 2.357367934598435, "gamma": 0.10684711218575739}, "datetime": {"datetime": "2021-09-28 11:58:18", "elapsed": 67.519394, "delta": 0.71423}}
{"target": -43.27579109454806, "params": {"C": 108.09165495711764, "epsilon": 1.0999431681533998, "gamma": 0.12769517820204965}, "datetime": {"datetime": "2021-09-28 11:58:19", "elapsed": 68.275645, "delta": 0.756251}}
{"target": -43.854917394641504, "params": {"C": 39.073965967432535, "epsilon": 0.33946818898943365, "gamma": 0.16487413512388993}, "datetime": {"datetime": "2021-09-28 11:58:19", "elapsed": 68.982636, "delta": 0.706991}}
{"target": -41.35117915425761, "params": {"C": 129.25612319241475, "epsilon": 1.3392501031350585, "gamma": 0.08852704211103808}, "datetime": {"datetime": "2021-09-28 11:58:20", "elapsed": 69.718987, "delta": 0.736351}}
{"target": -43.74143211129148, "params": {"C": 49.90527457207522, "epsilon": 0.0448407603010918, "gamma": 0.16602312991063184}, "datetime": {"datetime": "2021-09-28 11:58:21", "elapsed": 70.748989, "delta": 1.030002}}
{"target": -41.703362259692476, "params": {"C": 8.363165435679061, "epsilon": 1.781013491129903, "gamma": 0.06498019112779332}, "datetime": {"datetime": "2021-09-28 11:58:22", "elapsed": 71.529567, "delta": 0.780578}}
{"target": -41.8622910898106, "params": {"C": 108.0413285292056, "epsilon": 1.1352045489277627, "gamma": 0.10236774607116852}, "datetime": {"datetime": "2021-09-28 11:58:23", "elapsed": 72.302571, "delta": 0.773004}}
{"target": -40.359021387349145, "params": {"C": 20.749051019262353, "epsilon": 1.3265755744641976, "gamma": 0.04895068947897727}, "datetime": {"datetime": "2021-09-28 11:58:24", "elapsed": 73.038565, "delta": 0.735994}}
{"target": -46.22508187568449, "params": {"C": 138.03044969121686, "epsilon": 1.8988832510737372, "gamma": 0.15992123509258674}, "datetime": {"datetime": "2021-09-28 11:58:24", "elapsed": 73.798098, "delta": 0.759533}}
{"target": -50.96168472597448, "params": {"C": 1.4489433855544402, "epsilon": 2.471728033028607, "gamma": 0.12845287658691865}, "datetime": {"datetime": "2021-09-28 11:58:25", "elapsed": 74.579782, "delta": 0.781684}}
{"target": -45.797468517352584, "params": {"C": 111.02801328005398, "epsilon": 2.4386127248912883, "gamma": 0.1728087804391317}, "datetime": {"datetime": "2021-09-28 11:58:26", "elapsed": 75.272762, "delta": 0.69298}}
{"target": -40.582092691327446, "params": {"C": 118.38893150595509, "epsilon": 0.8749967323075216, "gamma": 0.07537593489765372}, "datetime": {"datetime": "2021-09-28 11:58:26", "elapsed": 75.992762, "delta": 0.72}}
{"target": -41.04750562074782, "params": {"C": 19.890601065307795, "epsilon": 2.4688223999421, "gamma": 0.07231348881393014}, "datetime": {"datetime": "2021-09-28 11:58:27", "elapsed": 76.77676, "delta": 0.783998}}
{"target": -38.99850487814869, "params": {"C": 129.19772109962875, "epsilon": 1.6970288971961502, "gamma": 0.04185487284205999}, "datetime": {"datetime": "2021-09-28 11:58:28", "elapsed": 77.588903, "delta": 0.812143}}
{"target": -38.989110785893914, "params": {"C": 32.526748618197985, "epsilon": 0.8424053316149788, "gamma": 0.026184553533994126}, "datetime": {"datetime": "2021-09-28 11:58:29", "elapsed": 78.681112, "delta": 1.092209}}
{"target": -42.057673706064165, "params": {"C": 5.913320710218221, "epsilon": 1.237502733353879, "gamma": 0.0661498251292691}, "datetime": {"datetime": "2021-09-28 11:58:30", "elapsed": 79.398243, "delta": 0.717131}}
{"target": -39.3886394373449, "params": {"C": 73.41922193265518, "epsilon": 2.730414071841341, "gamma": 0.05071837930407685}, "datetime": {"datetime": "2021-09-28 11:58:31", "elapsed": 80.727247, "delta": 1.329004}}
{"target": -41.35914674386469, "params": {"C": 149.83637772559092, "epsilon": 0.07123390500597886, "gamma": 0.08775861880436868}, "datetime": {"datetime": "2021-09-28 11:58:32", "elapsed": 81.754988, "delta": 1.027741}}
{"target": -39.223437007222444, "params": {"C": 85.25961853364805, "epsilon": 2.675664699848654, "gamma": 0.04812744514358823}, "datetime": {"datetime": "2021-09-28 11:58:33", "elapsed": 83.011986, "delta": 1.256998}}
{"target": -40.799014630619915, "params": {"C": 71.96240592333977, "epsilon": 0.40912728973189044, "gamma": 0.08255824817967806}, "datetime": {"datetime": "2021-09-28 11:58:34", "elapsed": 83.743722, "delta": 0.731736}}
{"target": -37.1745515722403, "params": {"C": 145.24419129614793, "epsilon": 2.9778267495837456, "gamma": 0.008222978371244838}, "datetime": {"datetime": "2021-09-28 11:58:35", "elapsed": 84.797974, "delta": 1.054252}}
{"target": -38.73417209433603, "params": {"C": 93.37732816218362, "epsilon": 0.8207405295317993, "gamma": 0.03171197907377477}, "datetime": {"datetime": "2021-09-28 11:58:36", "elapsed": 85.538661, "delta": 0.740687}}
{"target": -40.16475185605989, "params": {"C": 118.3835707508762, "epsilon": 0.8831823486520182, "gamma": 0.06825062360756416}, "datetime": {"datetime": "2021-09-28 11:58:37", "elapsed": 86.510663, "delta": 0.972002}}
{"target": -38.53210674841258, "params": {"C": 100.11052615983617, "epsilon": 2.144271472883868, "gamma": 0.030985306223293988}, "datetime": {"datetime": "2021-09-28 11:58:38", "elapsed": 87.807883, "delta": 1.29722}}
{"target": -39.84943218663473, "params": {"C": 12.533051290244936, "epsilon": 0.7847011108101543, "gamma": 0.04113323569528524}, "datetime": {"datetime": "2021-09-28 11:58:39", "elapsed": 88.607542, "delta": 0.799659}}
{"target": -39.64182441427248, "params": {"C": 65.67359807305924, "epsilon": 0.5727764292888134, "gamma": 0.0497811560748052}, "datetime": {"datetime": "2021-09-28 11:58:40", "elapsed": 89.367567, "delta": 0.760025}}
{"target": -40.8074722067247, "params": {"C": 145.31952987450927, "epsilon": 2.918599328436452, "gamma": 0.07623793517133788}, "datetime": {"datetime": "2021-09-28 11:58:41", "elapsed": 90.639575, "delta": 1.272008}}
{"target": -40.34940450121978, "params": {"C": 73.52291935712383, "epsilon": 2.6308800818593796, "gamma": 0.07539287145774463}, "datetime": {"datetime": "2021-09-28 11:58:42", "elapsed": 91.960568, "delta": 1.320993}}
{"target": -38.65010136915364, "params": {"C": 85.20176563866258, "epsilon": 2.669663207977133, "gamma": 0.03186768281797951}, "datetime": {"datetime": "2021-09-28 11:58:43", "elapsed": 92.962564, "delta": 1.001996}}
{"target": -39.577396383661714, "params": {"C": 14.523168012925339, "epsilon": 1.8449163489971179, "gamma": 0.035427537104647445}, "datetime": {"datetime": "2021-09-28 11:58:44", "elapsed": 93.8697, "delta": 0.907136}}
{"target": -38.482924699586675, "params": {"C": 100.23190654700522, "epsilon": 2.191250353109927, "gamma": 0.0223610961522348}, "datetime": {"datetime": "2021-09-28 11:58:45", "elapsed": 94.96653, "delta": 1.09683}}
{"target": -38.82040656852445, "params": {"C": 75.27379310420768, "epsilon": 1.2516564301177766, "gamma": 0.027202713522543803}, "datetime": {"datetime": "2021-09-28 11:58:46", "elapsed": 95.842353, "delta": 0.875823}}
{"target": -40.03219018376449, "params": {"C": 19.74727094941536, "epsilon": 1.8846359012292413, "gamma": 0.044091292650331196}, "datetime": {"datetime": "2021-09-28 11:58:48", "elapsed": 97.140353, "delta": 1.298}}
{"target": -39.677605966513575, "params": {"C": 32.576802547369496, "epsilon": 0.7813926950768805, "gamma": 0.040763809404200504}, "datetime": {"datetime": "2021-09-28 11:58:49", "elapsed": 98.323365, "delta": 1.183012}}
{"target": -39.57707470392059, "params": {"C": 66.91700741183466, "epsilon": 2.7802136928097982, "gamma": 0.05673513919687096}, "datetime": {"datetime": "2021-09-28 11:58:50", "elapsed": 99.444498, "delta": 1.121133}}
{"target": -37.47349446793439, "params": {"C": 20.67823372125589, "epsilon": 1.2801082964894952, "gamma": 0.011260302380698688}, "datetime": {"datetime": "2021-09-28 11:58:52", "elapsed": 101.252507, "delta": 1.808009}}
{"target": -38.741587118203874, "params": {"C": 141.88665575868205, "epsilon": 1.9026957021393274, "gamma": 0.03460501445635565}, "datetime": {"datetime": "2021-09-28 11:58:53", "elapsed": 102.164066, "delta": 0.911559}}
{"target": -43.83229497853248, "params": {"C": 43.08758757487574, "epsilon": 1.2358507672705388, "gamma": 0.17020723120508122}, "datetime": {"datetime": "2021-09-28 11:58:54", "elapsed": 103.443103, "delta": 1.279037}}
{"target": -39.44319450727695, "params": {"C": 20.719554110968215, "epsilon": 1.4024208637245694, "gamma": 0.0021522363702568053}, "datetime": {"datetime": "2021-09-28 11:58:55", "elapsed": 104.930835, "delta": 1.487732}}
{"target": -42.34237771090938, "params": {"C": 74.78771050947582, "epsilon": 0.8976812111791489, "gamma": 0.11522494979249094}, "datetime": {"datetime": "2021-09-28 11:58:56", "elapsed": 105.834334, "delta": 0.903499}}
