{"target": 0.40643036321538484, "params": {"C": 141.5322207773881, "epsilon": 2.312968164087612, "gamma": 0.033318850255705516}, "datetime": {"datetime": "2021-09-24 10:08:00", "elapsed": 11.952512, "delta": 0.329933}}
{"target": 0.4229043921862192, "params": {"C": 197.79601625566795, "epsilon": 3.0, "gamma": 0.001}, "datetime": {"datetime": "2021-09-24 10:08:00", "elapsed": 12.287046, "delta": 0.334534}}
{"target": 0.22689819317609583, "params": {"C": 222.12621272480482, "epsilon": 2.3122475687751596, "gamma": 0.11332258756557441}, "datetime": {"datetime": "2021-09-24 10:08:00", "elapsed": 12.532751, "delta": 0.245705}}
{"target": 0.43287788639608205, "params": {"C": 141.47882029864715, "epsilon": 2.1016965568697072, "gamma": 0.02250115106124881}, "datetime": {"datetime": "2021-09-24 10:08:01", "elapsed": 12.807181, "delta": 0.27443}}
{"target": 0.27681920768609103, "params": {"C": 141.5211109402194, "epsilon": 2.046317589530962, "gamma": 0.1336503826967875}, "datetime": {"datetime": "2021-09-24 10:08:01", "elapsed": 13.051247, "delta": 0.244066}}
{"target": 0.37206199849277466, "params": {"C": 229.94521661839576, "epsilon": 2.653273412121098, "gamma": 0.0333310259768787}, "datetime": {"datetime": "2021-09-24 10:08:01", "elapsed": 13.320978, "delta": 0.269731}}
{"target": 0.44690239663073594, "params": {"C": 141.33672042537037, "epsilon": 2.2209651899111167, "gamma": 0.015358307785096944}, "datetime": {"datetime": "2021-09-24 10:08:02", "elapsed": 13.729136, "delta": 0.408158}}
{"target": 0.3217515396917273, "params": {"C": 114.78718393475336, "epsilon": 1.1091933868870443, "gamma": 0.10801010199525182}, "datetime": {"datetime": "2021-09-24 10:08:02", "elapsed": 14.044564, "delta": 0.315428}}
{"target": 0.3289259912173703, "params": {"C": 253.40319411402626, "epsilon": 1.9435594978391129, "gamma": 0.044991171465572743}, "datetime": {"datetime": "2021-09-24 10:08:02", "elapsed": 14.351397, "delta": 0.306833}}
{"target": 0.26686794807633507, "params": {"C": 135.80223819605203, "epsilon": 1.6008049324051268, "gamma": 0.1473641246294245}, "datetime": {"datetime": "2021-09-24 10:08:03", "elapsed": 14.68416, "delta": 0.332763}}
{"target": 0.3321919722023935, "params": {"C": 102.06279920043298, "epsilon": 2.7746001633734307, "gamma": 0.10969465738833668}, "datetime": {"datetime": "2021-09-24 10:08:03", "elapsed": 15.003709, "delta": 0.319549}}
{"target": 0.4117944216784557, "params": {"C": 124.98199502849528, "epsilon": 2.3142828471967594, "gamma": 0.001}, "datetime": {"datetime": "2021-09-24 10:08:03", "elapsed": 15.405088, "delta": 0.401379}}
{"target": 0.4375992597540205, "params": {"C": 135.9696331348522, "epsilon": 1.4855734868376138, "gamma": 0.0061853169795248126}, "datetime": {"datetime": "2021-09-24 10:08:04", "elapsed": 15.859135, "delta": 0.454047}}
{"target": 0.36969372660858035, "params": {"C": 115.12446071537232, "epsilon": 1.0523193649719222, "gamma": 0.057595646946852916}, "datetime": {"datetime": "2021-09-24 10:08:04", "elapsed": 16.324, "delta": 0.464865}}
{"target": 0.4466681299189439, "params": {"C": 141.30597089601082, "epsilon": 2.645966065197468, "gamma": 0.015068449797902981}, "datetime": {"datetime": "2021-09-24 10:08:04", "elapsed": 16.650623, "delta": 0.326623}}
{"target": 0.40521850552096106, "params": {"C": 141.1833754318584, "epsilon": 2.7037413596930984, "gamma": 0.034126745851381916}, "datetime": {"datetime": "2021-09-24 10:08:05", "elapsed": 17.097095, "delta": 0.446472}}
{"target": 0.258431144557015, "params": {"C": 141.35266719605312, "epsilon": 2.7424237430159035, "gamma": 0.14826568864630213}, "datetime": {"datetime": "2021-09-24 10:08:05", "elapsed": 17.443323, "delta": 0.346228}}
{"target": 0.42146112133844016, "params": {"C": 135.5572379854288, "epsilon": 1.494224925039659, "gamma": 0.028248925184314478}, "datetime": {"datetime": "2021-09-24 10:08:06", "elapsed": 17.772561, "delta": 0.329238}}
{"target": 0.4431925724012794, "params": {"C": 127.0968480174403, "epsilon": 2.079033215072511, "gamma": 0.017688457061649097}, "datetime": {"datetime": "2021-09-24 10:08:06", "elapsed": 18.241514, "delta": 0.468953}}
{"target": 0.4360077548443325, "params": {"C": 127.26524257059432, "epsilon": 1.8867322964643878, "gamma": 0.005166933666792211}, "datetime": {"datetime": "2021-09-24 10:08:07", "elapsed": 18.669618, "delta": 0.428104}}
{"target": 0.2935225603168683, "params": {"C": 127.11599121351381, "epsilon": 1.9241201392589702, "gamma": 0.12891578477998597}, "datetime": {"datetime": "2021-09-24 10:08:07", "elapsed": 19.100609, "delta": 0.430991}}
{"target": 0.4349188034274878, "params": {"C": 120.64643799896275, "epsilon": 2.459099087825796, "gamma": 0.02273475088553671}, "datetime": {"datetime": "2021-09-24 10:08:07", "elapsed": 19.370771, "delta": 0.270162}}
{"target": 0.15026616729464604, "params": {"C": 289.02639973500663, "epsilon": 1.6904712675657148, "gamma": 0.1292256522388155}, "datetime": {"datetime": "2021-09-24 10:08:08", "elapsed": 19.689984, "delta": 0.319213}}
{"target": 0.28752127782548964, "params": {"C": 222.47040685733327, "epsilon": 1.9102888760351135, "gamma": 0.08277399459027858}, "datetime": {"datetime": "2021-09-24 10:08:08", "elapsed": 19.988868, "delta": 0.298884}}
{"target": 0.3119300726900367, "params": {"C": 120.62228450691568, "epsilon": 2.585853280704688, "gamma": 0.11521645253029189}, "datetime": {"datetime": "2021-09-24 10:08:08", "elapsed": 20.340103, "delta": 0.351235}}
{"target": 0.3972801330244393, "params": {"C": 127.42880434919523, "epsilon": 1.8501103090670858, "gamma": 0.040639312453060884}, "datetime": {"datetime": "2021-09-24 10:08:09", "elapsed": 20.718671, "delta": 0.378568}}
{"target": 0.29165714465476866, "params": {"C": 119.65648193296656, "epsilon": 2.4542702719712315, "gamma": 0.1381143153335534}, "datetime": {"datetime": "2021-09-24 10:08:09", "elapsed": 21.000167, "delta": 0.281496}}
{"target": 0.3033762711942911, "params": {"C": 110.53865316791351, "epsilon": 1.7772411426249477, "gamma": 0.13393486615010863}, "datetime": {"datetime": "2021-09-24 10:08:09", "elapsed": 21.508253, "delta": 0.508086}}
{"target": 0.4343665948624422, "params": {"C": 127.06374487911319, "epsilon": 2.2339072025130893, "gamma": 0.0229157843708032}, "datetime": {"datetime": "2021-09-24 10:08:10", "elapsed": 21.869303, "delta": 0.36105}}
{"target": 0.4352246419385638, "params": {"C": 127.26246417288117, "epsilon": 2.193025371543458, "gamma": 0.021285107133211145}, "datetime": {"datetime": "2021-09-24 10:08:10", "elapsed": 22.250632, "delta": 0.381329}}
{"target": 0.27205334280827265, "params": {"C": 158.24319577171283, "epsilon": 1.20812504240435, "gamma": 0.12464608843577216}, "datetime": {"datetime": "2021-09-24 10:08:10", "elapsed": 22.56844, "delta": 0.317808}}
{"target": 0.3495456004219569, "params": {"C": 127.33201072891211, "epsilon": 2.047888513065203, "gamma": 0.07025617488911251}, "datetime": {"datetime": "2021-09-24 10:08:11", "elapsed": 22.93346, "delta": 0.36502}}
{"target": 0.39719137112599656, "params": {"C": 298.0250062910293, "epsilon": 2.4897970485428527, "gamma": 0.022037571727870884}, "datetime": {"datetime": "2021-09-24 10:08:11", "elapsed": 23.329076, "delta": 0.395616}}
{"target": 0.33457206365356806, "params": {"C": 127.14585422515742, "epsilon": 2.34979034499902, "gamma": 0.08428836991420516}, "datetime": {"datetime": "2021-09-24 10:08:12", "elapsed": 23.767821, "delta": 0.438745}}
{"target": 0.42298713286991074, "params": {"C": 135.96775241568514, "epsilon": 1.838967318668605, "gamma": 0.027602675094341476}, "datetime": {"datetime": "2021-09-24 10:08:12", "elapsed": 24.104422, "delta": 0.336601}}
{"target": 0.4433088349706048, "params": {"C": 120.73561354679607, "epsilon": 2.3511924796404338, "gamma": 0.010408536652632479}, "datetime": {"datetime": "2021-09-24 10:08:12", "elapsed": 24.535921, "delta": 0.431499}}
{"target": 0.30912909803784383, "params": {"C": 120.5974652448553, "epsilon": 2.301630387175993, "gamma": 0.11822008587552717}, "datetime": {"datetime": "2021-09-24 10:08:13", "elapsed": 25.014591, "delta": 0.47867}}
{"target": 0.42102410324106343, "params": {"C": 136.39274954876527, "epsilon": 1.9851006308672807, "gamma": 0.001608867514461991}, "datetime": {"datetime": "2021-09-24 10:08:13", "elapsed": 25.460827, "delta": 0.446236}}
{"target": 0.4468878484568981, "params": {"C": 141.21955045437352, "epsilon": 2.562203554170957, "gamma": 0.015040796150927342}, "datetime": {"datetime": "2021-09-24 10:08:14", "elapsed": 25.925584, "delta": 0.464757}}
{"target": 0.3580467388939068, "params": {"C": 120.89327546909195, "epsilon": 2.254437230459138, "gamma": 0.06738290046054428}, "datetime": {"datetime": "2021-09-24 10:08:14", "elapsed": 26.408391, "delta": 0.482807}}
{"target": 0.4187077137812648, "params": {"C": 150.55458557125473, "epsilon": 2.2894719769448697, "gamma": 0.001}, "datetime": {"datetime": "2021-09-24 10:08:15", "elapsed": 26.928406, "delta": 0.520015}}
{"target": 0.3551612985309385, "params": {"C": 136.16045090712265, "epsilon": 1.9431287344807782, "gamma": 0.06200299091118838}, "datetime": {"datetime": "2021-09-24 10:08:15", "elapsed": 27.284603, "delta": 0.356197}}
{"target": 0.4122624368726123, "params": {"C": 127.24215328105073, "epsilon": 1.7399741364273624, "gamma": 0.03352929629577917}, "datetime": {"datetime": "2021-09-24 10:08:16", "elapsed": 27.769612, "delta": 0.485009}}
{"target": 0.4344057270415016, "params": {"C": 197.3480463678158, "epsilon": 2.6662614343246247, "gamma": 0.01745191165060903}, "datetime": {"datetime": "2021-09-24 10:08:16", "elapsed": 28.188971, "delta": 0.419359}}
{"target": 0.4363783665726121, "params": {"C": 135.41402126270006, "epsilon": 1.3939104938516738, "gamma": 0.02076451983940947}, "datetime": {"datetime": "2021-09-24 10:08:16", "elapsed": 28.652003, "delta": 0.463032}}
{"target": 0.41847692354199395, "params": {"C": 141.33529619906025, "epsilon": 2.0939267846614418, "gamma": 0.0012063124813215087}, "datetime": {"datetime": "2021-09-24 10:08:17", "elapsed": 29.192694, "delta": 0.540691}}
{"target": 0.3670290097557266, "params": {"C": 135.17412980253005, "epsilon": 1.5376354760406612, "gamma": 0.05270286869902154}, "datetime": {"datetime": "2021-09-24 10:08:18", "elapsed": 29.671922, "delta": 0.479228}}
{"target": 0.34903697406432266, "params": {"C": 127.40996379529517, "epsilon": 1.5657874788610808, "gamma": 0.06907477586939591}, "datetime": {"datetime": "2021-09-24 10:08:18", "elapsed": 30.116547, "delta": 0.444625}}
{"target": 0.4267559602844887, "params": {"C": 293.7039876951769, "epsilon": 2.957322308309039, "gamma": 0.0034506967007805114}, "datetime": {"datetime": "2021-09-24 10:08:18", "elapsed": 30.426739, "delta": 0.310192}}
{"target": 0.449869278836754, "params": {"C": 136.49121233130484, "epsilon": 2.169750858141996, "gamma": 0.013090971567068475}, "datetime": {"datetime": "2021-09-24 10:08:19", "elapsed": 30.86096, "delta": 0.434221}}
{"target": 0.3426583452815424, "params": {"C": 116.58782116834286, "epsilon": 2.919611304229052, "gamma": 0.08437262924595965}, "datetime": {"datetime": "2021-09-24 10:08:19", "elapsed": 31.321319, "delta": 0.460359}}
{"target": 0.4187183171399744, "params": {"C": 136.6036098584037, "epsilon": 2.1993783918920053, "gamma": 0.0014293047887916001}, "datetime": {"datetime": "2021-09-24 10:08:20", "elapsed": 31.783666, "delta": 0.462347}}
{"target": 0.31491016144216444, "params": {"C": 136.3690714119238, "epsilon": 2.1212456966853535, "gamma": 0.09897909264289473}, "datetime": {"datetime": "2021-09-24 10:08:20", "elapsed": 32.185701, "delta": 0.402035}}
{"target": 0.41127759969008737, "params": {"C": 125.11815098815026, "epsilon": 2.299354870390782, "gamma": 0.03425316712434237}, "datetime": {"datetime": "2021-09-24 10:08:20", "elapsed": 32.545484, "delta": 0.359783}}
{"target": 0.3043133471914924, "params": {"C": 136.5614231058347, "epsilon": 2.0302671804697585, "gamma": 0.11059696887404775}, "datetime": {"datetime": "2021-09-24 10:08:21", "elapsed": 33.104305, "delta": 0.558821}}
{"target": 0.4429695287849319, "params": {"C": 136.41078352367782, "epsilon": 2.2943639136353413, "gamma": 0.0093971754069044}, "datetime": {"datetime": "2021-09-24 10:08:21", "elapsed": 33.665708, "delta": 0.561403}}
{"target": 0.43395871299745103, "params": {"C": 260.630540495536, "epsilon": 1.8737439960901925, "gamma": 0.015039306770209246}, "datetime": {"datetime": "2021-09-24 10:08:22", "elapsed": 34.032476, "delta": 0.366768}}
{"target": 0.4285268274701983, "params": {"C": 260.52914549857604, "epsilon": 1.7417891878029808, "gamma": 0.016404808751397045}, "datetime": {"datetime": "2021-09-24 10:08:22", "elapsed": 34.501741, "delta": 0.469265}}
{"target": 0.4418721191570554, "params": {"C": 136.55300682007828, "epsilon": 2.37632236793372, "gamma": 0.017629923559580346}, "datetime": {"datetime": "2021-09-24 10:08:23", "elapsed": 35.029816, "delta": 0.528075}}
{"target": 0.2638582078737153, "params": {"C": 149.7331070804743, "epsilon": 2.7555271812264657, "gamma": 0.13711011457938935}, "datetime": {"datetime": "2021-09-24 10:08:23", "elapsed": 35.536479, "delta": 0.506663}}
{"target": 0.1620840531778781, "params": {"C": 259.4616501689875, "epsilon": 2.151477613120263, "gamma": 0.14166090191223069}, "datetime": {"datetime": "2021-09-24 10:08:24", "elapsed": 35.907296, "delta": 0.370817}}
{"target": 0.3023817530863523, "params": {"C": 136.4541754686055, "epsilon": 2.522076831878632, "gamma": 0.11241155246185439}, "datetime": {"datetime": "2021-09-24 10:08:24", "elapsed": 36.45305, "delta": 0.545754}}
{"target": 0.29899958050789044, "params": {"C": 260.40527690695046, "epsilon": 1.885992602437982, "gamma": 0.05915747803624298}, "datetime": {"datetime": "2021-09-24 10:08:25", "elapsed": 36.971015, "delta": 0.517965}}
{"target": 0.32020178070175087, "params": {"C": 260.62542855821914, "epsilon": 1.6807551202981261, "gamma": 0.04791632829407409}, "datetime": {"datetime": "2021-09-24 10:08:25", "elapsed": 37.40254, "delta": 0.431525}}
{"target": 0.23923452914583343, "params": {"C": 228.71490742411015, "epsilon": 2.245708011030099, "gamma": 0.10490687160450167}, "datetime": {"datetime": "2021-09-24 10:08:26", "elapsed": 37.83847, "delta": 0.43593}}
{"target": 0.44385338923532025, "params": {"C": 188.49652939727713, "epsilon": 2.802931811380048, "gamma": 0.014439605517309242}, "datetime": {"datetime": "2021-09-24 10:08:26", "elapsed": 38.243697, "delta": 0.405227}}
{"target": 0.42500793822464833, "params": {"C": 120.75682253914923, "epsilon": 2.4929855191971733, "gamma": 0.0027518770603503074}, "datetime": {"datetime": "2021-09-24 10:08:27", "elapsed": 38.909311, "delta": 0.665614}}
{"target": 0.2567281118626058, "params": {"C": 188.54674361561166, "epsilon": 2.918694599092077, "gamma": 0.11472157526929883}, "datetime": {"datetime": "2021-09-24 10:08:27", "elapsed": 39.617217, "delta": 0.707906}}
{"target": 0.29501590331297833, "params": {"C": 188.34025819202333, "epsilon": 2.7037115252459163, "gamma": 0.09046267386182086}, "datetime": {"datetime": "2021-09-24 10:08:28", "elapsed": 40.187725, "delta": 0.570508}}
{"target": 0.4350128480268226, "params": {"C": 127.16180907860178, "epsilon": 2.201316680832933, "gamma": 0.021998947619864113}, "datetime": {"datetime": "2021-09-24 10:08:29", "elapsed": 40.781934, "delta": 0.594209}}
{"target": 0.334959904472639, "params": {"C": 122.6948203603597, "epsilon": 2.6149061060551158, "gamma": 0.08765014164325614}, "datetime": {"datetime": "2021-09-24 10:08:29", "elapsed": 41.196512, "delta": 0.414578}}
{"target": 0.3041006521106082, "params": {"C": 136.55302693804907, "epsilon": 2.3307939486035067, "gamma": 0.11077771802565739}, "datetime": {"datetime": "2021-09-24 10:08:30", "elapsed": 41.777442, "delta": 0.58093}}
{"target": 0.34508368442232473, "params": {"C": 293.58134452666445, "epsilon": 2.847585246900856, "gamma": 0.035948817815786814}, "datetime": {"datetime": "2021-09-24 10:08:30", "elapsed": 42.226811, "delta": 0.449369}}
{"target": 0.2744362136895995, "params": {"C": 135.39327159093318, "epsilon": 1.5445082716662362, "gamma": 0.14104154488130405}, "datetime": {"datetime": "2021-09-24 10:08:31", "elapsed": 42.810938, "delta": 0.584127}}
{"target": 0.1511854982480626, "params": {"C": 293.7792768713099, "epsilon": 2.916773009646959, "gamma": 0.1309903149270919}, "datetime": {"datetime": "2021-09-24 10:08:31", "elapsed": 43.373634, "delta": 0.562696}}
{"target": 0.28364971554096385, "params": {"C": 197.34463808169048, "epsilon": 2.755214396368281, "gamma": 0.09461152345903892}, "datetime": {"datetime": "2021-09-24 10:08:32", "elapsed": 43.921261, "delta": 0.547627}}
{"target": 0.31521443955479844, "params": {"C": 120.72362257807504, "epsilon": 2.4374829190388745, "gamma": 0.1113861529298103}, "datetime": {"datetime": "2021-09-24 10:08:32", "elapsed": 44.527388, "delta": 0.606127}}
{"target": 0.2841576169963893, "params": {"C": 208.84641384137478, "epsilon": 1.6257713832972198, "gamma": 0.08957633496435284}, "datetime": {"datetime": "2021-09-24 10:08:33", "elapsed": 44.970455, "delta": 0.443067}}
{"target": 0.373957623751196, "params": {"C": 102.40171942425238, "epsilon": 2.9992235783120806, "gamma": 0.06550964424557927}, "datetime": {"datetime": "2021-09-24 10:08:33", "elapsed": 45.487781, "delta": 0.517326}}
{"target": 0.3268480603671169, "params": {"C": 181.3418841305953, "epsilon": 2.378050465812933, "gamma": 0.06428885700293278}, "datetime": {"datetime": "2021-09-24 10:08:34", "elapsed": 46.026227, "delta": 0.538446}}
{"target": 0.3806098990405822, "params": {"C": 188.60851575472032, "epsilon": 2.747241963731133, "gamma": 0.035613151129374784}, "datetime": {"datetime": "2021-09-24 10:08:35", "elapsed": 46.7562, "delta": 0.729973}}
{"target": 0.2881945515930666, "params": {"C": 127.13548252570439, "epsilon": 2.132023054489262, "gamma": 0.13456247406221078}, "datetime": {"datetime": "2021-09-24 10:08:35", "elapsed": 47.465869, "delta": 0.709669}}
{"target": 0.43262283806678736, "params": {"C": 136.6564676223504, "epsilon": 2.405957414867226, "gamma": 0.0039710410017708905}, "datetime": {"datetime": "2021-09-24 10:08:36", "elapsed": 48.054835, "delta": 0.588966}}
{"target": 0.37369372221925556, "params": {"C": 135.43276366357134, "epsilon": 1.2750976633608033, "gamma": 0.047692005972224304}, "datetime": {"datetime": "2021-09-24 10:08:37", "elapsed": 48.788779, "delta": 0.733944}}
{"target": 0.23255925355671903, "params": {"C": 166.01028407620603, "epsilon": 1.3046870310400087, "gamma": 0.1464361229383768}, "datetime": {"datetime": "2021-09-24 10:08:37", "elapsed": 49.403434, "delta": 0.614655}}
{"target": 0.4211601536630408, "params": {"C": 136.53775963492137, "epsilon": 2.277654182969701, "gamma": 0.0019805602647745193}, "datetime": {"datetime": "2021-09-24 10:08:38", "elapsed": 49.953753, "delta": 0.550319}}
{"target": 0.29663717240046084, "params": {"C": 127.32340952992449, "epsilon": 1.8338577737044417, "gamma": 0.12539067807693494}, "datetime": {"datetime": "2021-09-24 10:08:38", "elapsed": 50.463097, "delta": 0.509344}}
{"target": 0.320237187850278, "params": {"C": 197.6956824521921, "epsilon": 2.9192585966828233, "gamma": 0.06501763239411723}, "datetime": {"datetime": "2021-09-24 10:08:39", "elapsed": 51.143795, "delta": 0.680698}}
{"target": 0.42411963498646776, "params": {"C": 193.06824996519745, "epsilon": 1.2077265728507027, "gamma": 0.021610195316128948}, "datetime": {"datetime": "2021-09-24 10:08:40", "elapsed": 51.667308, "delta": 0.523513}}
{"target": 0.29167884880730655, "params": {"C": 193.09668137611033, "epsilon": 1.1010871738216441, "gamma": 0.0900827141322843}, "datetime": {"datetime": "2021-09-24 10:08:40", "elapsed": 52.394865, "delta": 0.727557}}
{"target": 0.3273462968104288, "params": {"C": 141.26871211898725, "epsilon": 2.5328368442023765, "gamma": 0.08350844096570814}, "datetime": {"datetime": "2021-09-24 10:08:41", "elapsed": 53.077445, "delta": 0.68258}}
{"target": 0.42187594527720307, "params": {"C": 135.5517488805272, "epsilon": 1.376294289678492, "gamma": 0.02808824031335602}, "datetime": {"datetime": "2021-09-24 10:08:41", "elapsed": 53.641941, "delta": 0.564496}}
{"target": 0.4206875574038439, "params": {"C": 127.071860982979, "epsilon": 2.1246998008468285, "gamma": 0.0017350699996673022}, "datetime": {"datetime": "2021-09-24 10:08:42", "elapsed": 54.485947, "delta": 0.844006}}
{"target": 0.44932325567671216, "params": {"C": 125.05624789167041, "epsilon": 2.42441572094936, "gamma": 0.012316535198574414}, "datetime": {"datetime": "2021-09-24 10:08:43", "elapsed": 55.245885, "delta": 0.759938}}
{"target": 0.4212334809562217, "params": {"C": 197.1389147924095, "epsilon": 2.7719327585537874, "gamma": 0.022066427497748575}, "datetime": {"datetime": "2021-09-24 10:08:44", "elapsed": 55.948323, "delta": 0.702438}}
{"target": 0.2237413717679244, "params": {"C": 243.7471878619029, "epsilon": 1.7328730697921972, "gamma": 0.10646134945310277}, "datetime": {"datetime": "2021-09-24 10:08:45", "elapsed": 56.680724, "delta": 0.732401}}
{"target": 0.4329983730255179, "params": {"C": 127.21701002627816, "epsilon": 2.0440520335051433, "gamma": 0.004310209514386536}, "datetime": {"datetime": "2021-09-24 10:08:45", "elapsed": 57.503454, "delta": 0.82273}}
{"target": 0.4180025191061002, "params": {"C": 136.58833977434705, "epsilon": 2.4884537059597274, "gamma": 0.001}, "datetime": {"datetime": "2021-09-24 10:08:46", "elapsed": 58.526, "delta": 1.022546}}
{"target": 0.24385961412349055, "params": {"C": 165.64466385513452, "epsilon": 1.0292369191737858, "gamma": 0.1383656221043807}, "datetime": {"datetime": "2021-09-24 10:08:47", "elapsed": 59.266345, "delta": 0.740345}}
{"target": 0.43758693423413364, "params": {"C": 193.13177022697334, "epsilon": 1.3369949734782864, "gamma": 0.01653557704787739}, "datetime": {"datetime": "2021-09-24 10:08:48", "elapsed": 60.173003, "delta": 0.906658}}
