{"target": 0.32041088967683207, "params": {"C": 128.39807657979472, "epsilon": 0.41790117145321787, "gamma": 0.09672174278332737}, "datetime": {"datetime": "2021-09-24 09:42:13", "elapsed": 797.151214, "delta": 2.532476}}
{"target": 0.42259837760128327, "params": {"C": 124.48339124052039, "epsilon": 0.30333938207687455, "gamma": 0.028964196883794993}, "datetime": {"datetime": "2021-09-24 09:42:18", "elapsed": 802.758773, "delta": 5.607559}}
{"target": 0.3217973921883637, "params": {"C": 108.96770899422579, "epsilon": 0.5733923319035039, "gamma": 0.11288224380314167}, "datetime": {"datetime": "2021-09-24 09:42:21", "elapsed": 805.071353, "delta": 2.31258}}
{"target": 0.2970075102814378, "params": {"C": 185.51419251992053, "epsilon": 0.3072322321718916, "gamma": 0.08743455088124027}, "datetime": {"datetime": "2021-09-24 09:42:23", "elapsed": 807.508798, "delta": 2.437445}}
{"target": 0.3443563097064233, "params": {"C": 111.1899937438673, "epsilon": 0.5381622176021841, "gamma": 0.07918891789656234}, "datetime": {"datetime": "2021-09-24 09:42:27", "elapsed": 811.730771, "delta": 4.221973}}
{"target": 0.4512033162707815, "params": {"C": 189.7201038968929, "epsilon": 0.7479922075736904, "gamma": 0.011214165272956343}, "datetime": {"datetime": "2021-09-24 09:42:32", "elapsed": 816.749942, "delta": 5.019171}}
{"target": 0.30003637682580575, "params": {"C": 107.90268100941965, "epsilon": 0.4199487401416694, "gamma": 0.14136673740722963}, "datetime": {"datetime": "2021-09-24 09:42:35", "elapsed": 819.083146, "delta": 2.333204}}
{"target": 0.33768398894678364, "params": {"C": 189.6641265429207, "epsilon": 0.8352077292951589, "gamma": 0.05150733969793511}, "datetime": {"datetime": "2021-09-24 09:42:41", "elapsed": 824.90338, "delta": 5.820234}}
{"target": 0.4400619226031942, "params": {"C": 106.92328399312386, "epsilon": 0.4079635800090293, "gamma": 0.008523122047813084}, "datetime": {"datetime": "2021-09-24 09:42:46", "elapsed": 830.09964, "delta": 5.19626}}
{"target": 0.3232348229708045, "params": {"C": 133.45215960747365, "epsilon": 0.9486821333420464, "gamma": 0.08982897169164367}, "datetime": {"datetime": "2021-09-24 09:42:49", "elapsed": 833.056416, "delta": 2.956776}}
{"target": 0.41841039075972963, "params": {"C": 133.07619318862038, "epsilon": 0.09702478541996759, "gamma": 0.0020332019832663387}, "datetime": {"datetime": "2021-09-24 09:42:51", "elapsed": 835.599841, "delta": 2.543425}}
{"target": 0.27581901162028455, "params": {"C": 243.5994902142004, "epsilon": 0.02690030559606344, "gamma": 0.08289970920392765}, "datetime": {"datetime": "2021-09-24 09:46:38", "elapsed": 0.0, "delta": 0.0}}
{"target": 0.3179139350628444, "params": {"C": 243.5322392618277, "epsilon": 0.42094743428540154, "gamma": 0.050219888329577245}, "datetime": {"datetime": "2021-09-24 09:46:38", "elapsed": 0.047131, "delta": 0.047131}}
{"target": 0.33551845474956155, "params": {"C": 220.46486340378425, "epsilon": 0.6196516953843131, "gamma": 0.04564854637750395}, "datetime": {"datetime": "2021-09-24 09:46:38", "elapsed": 0.111146, "delta": 0.064015}}
{"target": 0.28743781223435083, "params": {"C": 226.68272751028667, "epsilon": 0.6215126989365256, "gamma": 0.07984217204727882}, "datetime": {"datetime": "2021-09-24 09:46:38", "elapsed": 0.189291, "delta": 0.078145}}
{"target": 0.39304930643284797, "params": {"C": 213.45799453449337, "epsilon": 0.5140645431444807, "gamma": 0.028481539981390375}, "datetime": {"datetime": "2021-09-24 09:46:38", "elapsed": 0.242713, "delta": 0.053422}}
{"target": 0.40775709862293985, "params": {"C": 213.2569130882264, "epsilon": 0.32561746131909963, "gamma": 0.023935982350448068}, "datetime": {"datetime": "2021-09-24 09:46:38", "elapsed": 0.434373, "delta": 0.19166}}
{"target": 0.2968781374370132, "params": {"C": 212.60247100853067, "epsilon": 0.7068078947415404, "gamma": 0.07559706627685683}, "datetime": {"datetime": "2021-09-24 09:46:38", "elapsed": 0.678031, "delta": 0.243658}}
{"target": 0.29831071694502354, "params": {"C": 213.5391319514195, "epsilon": 0.038409954902956185, "gamma": 0.07221895141961662}, "datetime": {"datetime": "2021-09-24 09:46:39", "elapsed": 0.913009, "delta": 0.234978}}
{"target": 0.32885172571378884, "params": {"C": 213.21143016243457, "epsilon": 0.6042231075187275, "gamma": 0.05003671299198902}, "datetime": {"datetime": "2021-09-24 09:46:39", "elapsed": 1.082433, "delta": 0.169424}}
{"target": 0.28178325767894663, "params": {"C": 239.3435866798245, "epsilon": 0.8263760559098713, "gamma": 0.08063461984004969}, "datetime": {"datetime": "2021-09-24 09:46:39", "elapsed": 1.242262, "delta": 0.159829}}
{"target": 0.17295444101652324, "params": {"C": 247.96924789706895, "epsilon": 0.8689037440265993, "gamma": 0.1304060189614019}, "datetime": {"datetime": "2021-09-24 09:46:39", "elapsed": 1.426688, "delta": 0.184426}}
{"target": 0.22643633685959708, "params": {"C": 213.44786302345176, "epsilon": 0.32598914762634906, "gamma": 0.11841879781631282}, "datetime": {"datetime": "2021-09-24 09:46:39", "elapsed": 1.606057, "delta": 0.179369}}
{"target": 0.20248106990916792, "params": {"C": 213.86546949414858, "epsilon": 0.47439758621600464, "gamma": 0.13173587120812863}, "datetime": {"datetime": "2021-09-24 09:46:40", "elapsed": 1.898412, "delta": 0.292355}}
{"target": 0.42808888613259033, "params": {"C": 248.63593535745414, "epsilon": 0.8945650984114254, "gamma": 0.0027923358976723483}, "datetime": {"datetime": "2021-09-24 09:46:40", "elapsed": 2.20318, "delta": 0.304768}}
{"target": 0.2622018577729186, "params": {"C": 216.6534563409806, "epsilon": 0.3448043053577622, "gamma": 0.10009177882967436}, "datetime": {"datetime": "2021-09-24 09:46:40", "elapsed": 2.411626, "delta": 0.208446}}
{"target": 0.23796879404349247, "params": {"C": 238.23328450754593, "epsilon": 0.1090302042446392, "gamma": 0.10287846188290717}, "datetime": {"datetime": "2021-09-24 09:46:40", "elapsed": 2.558624, "delta": 0.146998}}
{"target": 0.35269987334925046, "params": {"C": 240.4472216470425, "epsilon": 0.6368155612117047, "gamma": 0.03734403830408874}, "datetime": {"datetime": "2021-09-24 09:46:41", "elapsed": 2.797132, "delta": 0.238508}}
{"target": 0.2537334480395871, "params": {"C": 287.1989804284008, "epsilon": 0.02690030559606344, "gamma": 0.08289970920392765}, "datetime": {"datetime": "2021-09-24 09:46:48", "elapsed": 0.0, "delta": 0.0}}
{"target": 0.30300914124696465, "params": {"C": 287.0644785236554, "epsilon": 0.42094743428540154, "gamma": 0.050219888329577245}, "datetime": {"datetime": "2021-09-24 09:46:48", "elapsed": 0.107276, "delta": 0.107276}}
{"target": 0.3270638286632406, "params": {"C": 240.9297268075685, "epsilon": 0.6196516953843131, "gamma": 0.04564854637750395}, "datetime": {"datetime": "2021-09-24 09:46:48", "elapsed": 0.176123, "delta": 0.068847}}
{"target": 0.2772039463753243, "params": {"C": 253.36545502057334, "epsilon": 0.6215126989365256, "gamma": 0.07984217204727882}, "datetime": {"datetime": "2021-09-24 09:46:49", "elapsed": 0.24866, "delta": 0.072537}}
{"target": 0.3885341726949427, "params": {"C": 226.9159890689867, "epsilon": 0.5140645431444807, "gamma": 0.028481539981390375}, "datetime": {"datetime": "2021-09-24 09:46:49", "elapsed": 0.302089, "delta": 0.053429}}
{"target": 0.19153024808552632, "params": {"C": 226.68178305968922, "epsilon": 0.37849940056920534, "gamma": 0.13075726670155738}, "datetime": {"datetime": "2021-09-24 09:46:49", "elapsed": 0.502494, "delta": 0.200405}}
{"target": 0.244546853270187, "params": {"C": 284.1219656512952, "epsilon": 0.455128632035658, "gamma": 0.08699240756559976}, "datetime": {"datetime": "2021-09-24 09:46:49", "elapsed": 0.703147, "delta": 0.200653}}
{"target": 0.291550027538823, "params": {"C": 239.06903847063998, "epsilon": 0.6230917559142056, "gamma": 0.07108462571376435}, "datetime": {"datetime": "2021-09-24 09:46:49", "elapsed": 0.84861, "delta": 0.145463}}
{"target": 0.10882418663944937, "params": {"C": 363.4747616473677, "epsilon": 0.055989611031671147, "gamma": 0.13095444741349474}, "datetime": {"datetime": "2021-09-24 09:46:49", "elapsed": 1.012645, "delta": 0.164035}}
{"target": 0.2640854159428695, "params": {"C": 278.687173359649, "epsilon": 0.8263760559098713, "gamma": 0.08063461984004969}, "datetime": {"datetime": "2021-09-24 09:46:49", "elapsed": 1.144878, "delta": 0.132233}}
{"target": 0.14400619160675687, "params": {"C": 295.9384957941379, "epsilon": 0.8689037440265993, "gamma": 0.1304060189614019}, "datetime": {"datetime": "2021-09-24 09:46:50", "elapsed": 1.307493, "delta": 0.162615}}
{"target": 0.3145413684372894, "params": {"C": 223.99876709893314, "epsilon": 0.40654796647942254, "gamma": 0.056763145493424136}, "datetime": {"datetime": "2021-09-24 09:46:50", "elapsed": 1.510409, "delta": 0.202916}}
{"target": 0.18909945043353815, "params": {"C": 227.7309389882972, "epsilon": 0.47439758621600464, "gamma": 0.13173587120812863}, "datetime": {"datetime": "2021-09-24 09:46:50", "elapsed": 1.829105, "delta": 0.318696}}
{"target": 0.42985569485566233, "params": {"C": 297.2718707149083, "epsilon": 0.8945650984114254, "gamma": 0.0027923358976723483}, "datetime": {"datetime": "2021-09-24 09:46:50", "elapsed": 2.01261, "delta": 0.183505}}
{"target": 0.2489839558680904, "params": {"C": 233.30691268196122, "epsilon": 0.3448043053577622, "gamma": 0.10009177882967436}, "datetime": {"datetime": "2021-09-24 09:46:51", "elapsed": 2.328247, "delta": 0.315637}}
{"target": 0.20702807368227594, "params": {"C": 276.46656901509186, "epsilon": 0.1090302042446392, "gamma": 0.10287846188290717}, "datetime": {"datetime": "2021-09-24 09:46:51", "elapsed": 2.614535, "delta": 0.286288}}
{"target": 0.3373078913396922, "params": {"C": 280.894443294085, "epsilon": 0.6368155612117047, "gamma": 0.03734403830408874}, "datetime": {"datetime": "2021-09-24 09:46:51", "elapsed": 2.903247, "delta": 0.288712}}
{"target": 0.14873165274812816, "params": {"C": 363.99111614056096, "epsilon": 0.4950227413808569, "gamma": 0.10030527378299159}, "datetime": {"datetime": "2021-09-24 09:46:51", "elapsed": 3.084453, "delta": 0.181206}}
{"target": 0.3101179731328416, "params": {"C": 223.5117238908818, "epsilon": 0.4346211525407269, "gamma": 0.05933747737125542}, "datetime": {"datetime": "2021-09-24 09:46:52", "elapsed": 3.256916, "delta": 0.172463}}
{"target": 0.43711619095197685, "params": {"C": 235.91716992951706, "epsilon": 0.34896874638762043, "gamma": 0.015125663140935833}, "datetime": {"datetime": "2021-09-24 09:46:52", "elapsed": 3.459428, "delta": 0.202512}}
{"target": 0.37484718553012264, "params": {"C": 272.88627382777946, "epsilon": 0.5953293634185873, "gamma": 0.02856164848064324}, "datetime": {"datetime": "2021-09-24 09:46:52", "elapsed": 3.697918, "delta": 0.23849}}
{"target": 0.45105851135198005, "params": {"C": 225.11169385263997, "epsilon": 0.6401021843859215, "gamma": 0.01092503482704658}, "datetime": {"datetime": "2021-09-24 09:46:52", "elapsed": 3.981921, "delta": 0.284003}}
{"target": 0.2999353066934469, "params": {"C": 342.88440357835964, "epsilon": 0.21888301326347676, "gamma": 0.04322267692348705}, "datetime": {"datetime": "2021-09-24 09:46:53", "elapsed": 4.264803, "delta": 0.282882}}
{"target": 0.4504510466097096, "params": {"C": 209.4550021162348, "epsilon": 0.8693518654998474, "gamma": 0.010279307609390647}, "datetime": {"datetime": "2021-09-24 09:46:53", "elapsed": 4.652983, "delta": 0.38818}}
{"target": 0.16591126897727448, "params": {"C": 263.0720343947734, "epsilon": 0.4241993522450676, "gamma": 0.12631915777146407}, "datetime": {"datetime": "2021-09-24 09:46:53", "elapsed": 4.995434, "delta": 0.342451}}
{"target": 0.38001618245183455, "params": {"C": 248.44780909762042, "epsilon": 0.49852799350609245, "gamma": 0.02905918966050255}, "datetime": {"datetime": "2021-09-24 09:46:54", "elapsed": 5.268176, "delta": 0.272742}}
{"target": 0.3284139849100516, "params": {"C": 220.243008969053, "epsilon": 0.6967435149894154, "gamma": 0.048905933430702035}, "datetime": {"datetime": "2021-09-24 09:46:54", "elapsed": 5.554149, "delta": 0.285973}}
{"target": 0.2559430327229626, "params": {"C": 261.54796852200303, "epsilon": 0.6514060114686279, "gamma": 0.08830510055058713}, "datetime": {"datetime": "2021-09-24 09:46:54", "elapsed": 5.800327, "delta": 0.246178}}
{"target": 0.37189336589490707, "params": {"C": 250.42166438625912, "epsilon": 0.6050010116945473, "gamma": 0.030944397067949166}, "datetime": {"datetime": "2021-09-24 09:46:54", "elapsed": 6.00358, "delta": 0.203253}}
{"target": 0.438599383186965, "params": {"C": 261.44734576446467, "epsilon": 0.8854672217878168, "gamma": 0.013641710708446438}, "datetime": {"datetime": "2021-09-24 09:46:55", "elapsed": 6.204077, "delta": 0.200497}}
{"target": 0.42821360456576674, "params": {"C": 202.34596808872723, "epsilon": 0.9246934994255901, "gamma": 0.01930095691106549}, "datetime": {"datetime": "2021-09-24 09:46:55", "elapsed": 6.408999, "delta": 0.204922}}
{"target": 0.27254828367303785, "params": {"C": 220.6612984785369, "epsilon": 0.8983565153188172, "gamma": 0.09260741804505998}, "datetime": {"datetime": "2021-09-24 09:46:55", "elapsed": 6.630197, "delta": 0.221198}}
{"target": 0.427459096625567, "params": {"C": 333.10351440267846, "epsilon": 0.7111047210778415, "gamma": 0.003195496635796064}, "datetime": {"datetime": "2021-09-24 09:46:55", "elapsed": 6.862097, "delta": 0.2319}}
{"target": 0.30361478758577176, "params": {"C": 373.5601615920382, "epsilon": 0.9502577977700731, "gamma": 0.03913615551658961}, "datetime": {"datetime": "2021-09-24 09:46:55", "elapsed": 7.110503, "delta": 0.248406}}
{"target": 0.30647456680120133, "params": {"C": 334.292106104206, "epsilon": 0.2621693753911886, "gamma": 0.04152642256303012}, "datetime": {"datetime": "2021-09-24 09:46:56", "elapsed": 7.388961, "delta": 0.278458}}
{"target": 0.11229067705913365, "params": {"C": 348.86994588996106, "epsilon": 0.6951062867906259, "gamma": 0.1411440826320688}, "datetime": {"datetime": "2021-09-24 09:46:56", "elapsed": 7.844679, "delta": 0.455718}}
{"target": 0.3930033261807614, "params": {"C": 267.059992462923, "epsilon": 0.14661113481038796, "gamma": 0.024061132254049312}, "datetime": {"datetime": "2021-09-24 09:46:57", "elapsed": 8.291384, "delta": 0.446705}}
{"target": 0.24167950553198347, "params": {"C": 241.07854303540267, "epsilon": 0.09443702380289862, "gamma": 0.1004253803868103}, "datetime": {"datetime": "2021-09-24 09:46:57", "elapsed": 8.709775, "delta": 0.418391}}
{"target": 0.2486075686524586, "params": {"C": 304.9152652733944, "epsilon": 0.675326297164462, "gamma": 0.08116231133088633}, "datetime": {"datetime": "2021-09-24 09:46:57", "elapsed": 9.071023, "delta": 0.361248}}
{"target": 0.2791433797298304, "params": {"C": 357.55801698943037, "epsilon": 0.29058040670365065, "gamma": 0.05018521289680847}, "datetime": {"datetime": "2021-09-24 09:46:58", "elapsed": 9.405931, "delta": 0.334908}}
{"target": 0.2766246220831179, "params": {"C": 331.1690740546146, "epsilon": 0.25816835219394874, "gamma": 0.05808427419855158}, "datetime": {"datetime": "2021-09-24 09:46:58", "elapsed": 9.713391, "delta": 0.30746}}
{"target": 0.18696158708868116, "params": {"C": 261.21734753585747, "epsilon": 0.7435364343356875, "gamma": 0.11612120482768065}, "datetime": {"datetime": "2021-09-24 09:46:58", "elapsed": 10.058606, "delta": 0.345215}}
{"target": 0.24602712702061713, "params": {"C": 320.0557927212695, "epsilon": 0.6773409403573273, "gamma": 0.0792054275344836}, "datetime": {"datetime": "2021-09-24 09:46:59", "elapsed": 10.391474, "delta": 0.332868}}
{"target": 0.44047795068166573, "params": {"C": 363.5336774613733, "epsilon": 0.18944512332648078, "gamma": 0.011266709763518106}, "datetime": {"datetime": "2021-09-24 09:46:59", "elapsed": 10.782757, "delta": 0.391283}}
{"target": 0.18373301157792032, "params": {"C": 303.6345068879572, "epsilon": 0.05198250018148139, "gamma": 0.10356576018918828}, "datetime": {"datetime": "2021-09-24 09:47:00", "elapsed": 11.408785, "delta": 0.626028}}
{"target": 0.2315988620821654, "params": {"C": 232.9975618518326, "epsilon": 0.29714570984572414, "gamma": 0.10754811078095744}, "datetime": {"datetime": "2021-09-24 09:47:00", "elapsed": 11.848127, "delta": 0.439342}}
{"target": 0.326235124835742, "params": {"C": 393.10554350235236, "epsilon": 0.6325304948408019, "gamma": 0.031248493350431165}, "datetime": {"datetime": "2021-09-24 09:47:01", "elapsed": 12.352757, "delta": 0.50463}}
{"target": 0.2666968920260968, "params": {"C": 360.8597439771306, "epsilon": 0.4996094975496606, "gamma": 0.062094305400965846}, "datetime": {"datetime": "2021-09-24 09:47:01", "elapsed": 12.772197, "delta": 0.41944}}
{"target": 0.36182319239936755, "params": {"C": 215.49311271384886, "epsilon": 0.2625195338833321, "gamma": 0.037093531604577255}, "datetime": {"datetime": "2021-09-24 09:47:01", "elapsed": 13.035827, "delta": 0.26363}}
{"target": 0.07879444696419868, "params": {"C": 395.8043413442829, "epsilon": 0.22987614322386815, "gamma": 0.14975654524424173}, "datetime": {"datetime": "2021-09-24 09:47:02", "elapsed": 13.337347, "delta": 0.30152}}
{"target": 0.3311604069904639, "params": {"C": 203.83585330063175, "epsilon": 0.6803227627536939, "gamma": 0.0511799416442826}, "datetime": {"datetime": "2021-09-24 09:47:02", "elapsed": 13.584977, "delta": 0.24763}}
{"target": 0.12455036009874376, "params": {"C": 329.38437347070885, "epsilon": 0.08032036940729892, "gamma": 0.13306737134936603}, "datetime": {"datetime": "2021-09-24 09:47:02", "elapsed": 13.928083, "delta": 0.343106}}
{"target": 0.12452065413039759, "params": {"C": 377.13254964700013, "epsilon": 0.5152664820161171, "gamma": 0.10609502805544542}, "datetime": {"datetime": "2021-09-24 09:47:03", "elapsed": 14.324088, "delta": 0.396005}}
{"target": 0.09853288933229198, "params": {"C": 364.3797295478263, "epsilon": 0.9538305516573401, "gamma": 0.14825466276447705}, "datetime": {"datetime": "2021-09-24 09:47:03", "elapsed": 14.616589, "delta": 0.292501}}
{"target": 0.13869444068124137, "params": {"C": 303.2147036393923, "epsilon": 0.7118413528389431, "gamma": 0.1347414984373723}, "datetime": {"datetime": "2021-09-24 09:47:03", "elapsed": 14.891343, "delta": 0.274754}}
{"target": 0.44514741152582316, "params": {"C": 399.7920381692493, "epsilon": 0.03557460065035078, "gamma": 0.007145387982929577}, "datetime": {"datetime": "2021-09-24 09:47:03", "elapsed": 15.179999, "delta": 0.288656}}
{"target": 0.1620964118029401, "params": {"C": 367.92386663033847, "epsilon": 0.7058663662445229, "gamma": 0.0952536012116099}, "datetime": {"datetime": "2021-09-24 09:47:04", "elapsed": 15.483689, "delta": 0.30369}}
{"target": 0.1826273559356999, "params": {"C": 382.4872413349932, "epsilon": 0.14023428357968393, "gamma": 0.08668194883346869}, "datetime": {"datetime": "2021-09-24 09:47:04", "elapsed": 15.765514, "delta": 0.281825}}
{"target": 0.09787913280432836, "params": {"C": 388.99583424524104, "epsilon": 0.11965222663859555, "gamma": 0.12962874873795385}, "datetime": {"datetime": "2021-09-24 09:47:04", "elapsed": 16.135465, "delta": 0.369951}}
{"target": 0.373963143349773, "params": {"C": 214.95953825768805, "epsilon": 0.04384812496301226, "gamma": 0.03361673126198214}, "datetime": {"datetime": "2021-09-24 09:47:05", "elapsed": 16.429824, "delta": 0.294359}}
{"target": 0.10366591977436557, "params": {"C": 394.63985787397337, "epsilon": 0.1440103606218124, "gamma": 0.11943205411367265}, "datetime": {"datetime": "2021-09-24 09:47:05", "elapsed": 16.853305, "delta": 0.423481}}
{"target": 0.2737429093753293, "params": {"C": 271.0675458431084, "epsilon": 0.9988767380402925, "gamma": 0.07777273549880957}, "datetime": {"datetime": "2021-09-24 09:47:06", "elapsed": 17.198526, "delta": 0.345221}}
{"target": 0.3830888744962958, "params": {"C": 294.39891303705537, "epsilon": 0.8125070957644305, "gamma": 0.025289898478188893}, "datetime": {"datetime": "2021-09-24 09:47:06", "elapsed": 17.523251, "delta": 0.324725}}
{"target": 0.26635872035123076, "params": {"C": 377.60308882866786, "epsilon": 0.6382628173322288, "gamma": 0.05967370405567096}, "datetime": {"datetime": "2021-09-24 09:47:06", "elapsed": 17.877718, "delta": 0.354467}}
{"target": 0.39626641698082, "params": {"C": 257.79209859304035, "epsilon": 0.8519331879035241, "gamma": 0.02402210948148155}, "datetime": {"datetime": "2021-09-24 09:47:07", "elapsed": 18.212971, "delta": 0.335253}}
{"target": 0.17378628936785745, "params": {"C": 335.0254610754108, "epsilon": 0.08884276433191024, "gamma": 0.09889199050507816}, "datetime": {"datetime": "2021-09-24 09:47:07", "elapsed": 18.647116, "delta": 0.434145}}
{"target": 0.19644954802210157, "params": {"C": 311.63376481938326, "epsilon": 0.6531763148394841, "gamma": 0.09696931421450192}, "datetime": {"datetime": "2021-09-24 09:47:07", "elapsed": 19.031613, "delta": 0.384497}}
{"target": 0.3172997580361233, "params": {"C": 305.3770654431781, "epsilon": 0.5798498359301558, "gamma": 0.04105926963188652}, "datetime": {"datetime": "2021-09-24 09:47:08", "elapsed": 19.379616, "delta": 0.348003}}
{"target": 0.26826908579810504, "params": {"C": 244.36318517441842, "epsilon": 0.09200344739549296, "gamma": 0.08702026330592474}, "datetime": {"datetime": "2021-09-24 09:47:08", "elapsed": 19.723017, "delta": 0.343401}}
{"target": 0.1449637425651107, "params": {"C": 322.1262127248048, "epsilon": 0.6564676606031922, "gamma": 0.11332258756557441}, "datetime": {"datetime": "2021-09-24 09:47:08", "elapsed": 20.111954, "delta": 0.388937}}
{"target": 0.27816646282050195, "params": {"C": 322.3932214765551, "epsilon": 0.2723409486488061, "gamma": 0.058582220030461686}, "datetime": {"datetime": "2021-09-24 09:47:09", "elapsed": 20.527799, "delta": 0.415845}}
{"target": 0.26489086217315905, "params": {"C": 217.99569793413488, "epsilon": 0.7439628904128799, "gamma": 0.09800018376356397}, "datetime": {"datetime": "2021-09-24 09:47:09", "elapsed": 20.903743, "delta": 0.375944}}
