{"target": -37.232013256906555, "params": {"C": 195.98267178212384, "epsilon": 2.702353903013045, "gamma": 0.001}, "datetime": {"datetime": "2021-09-28 12:40:37", "elapsed": 122.158262, "delta": 1.26966}}
{"target": -39.293115186796214, "params": {"C": 283.89010682269156, "epsilon": 1.1672553226336468, "gamma": 0.019093129283414244}, "datetime": {"datetime": "2021-09-28 12:40:39", "elapsed": 123.454507, "delta": 1.296245}}
{"target": -38.91041180323009, "params": {"C": 168.8337821523342, "epsilon": 1.9248195258997076, "gamma": 0.024690761494940292}, "datetime": {"datetime": "2021-09-28 12:40:40", "elapsed": 124.334508, "delta": 0.880001}}
{"target": -39.07774425713985, "params": {"C": 157.11002197017157, "epsilon": 2.5332822916244413, "gamma": 0.032955607131526836}, "datetime": {"datetime": "2021-09-28 12:40:41", "elapsed": 125.862225, "delta": 1.527717}}
{"target": -40.42277851403519, "params": {"C": 266.4033074225478, "epsilon": 2.8382582200205895, "gamma": 0.05048294193030373}, "datetime": {"datetime": "2021-09-28 12:40:42", "elapsed": 126.775223, "delta": 0.912998}}
{"target": -40.440798017587596, "params": {"C": 159.85902215090806, "epsilon": 1.3861425760980293, "gamma": 0.06044200872753761}, "datetime": {"datetime": "2021-09-28 12:40:43", "elapsed": 128.029425, "delta": 1.254202}}
{"target": -37.45138803800305, "params": {"C": 267.7986902252068, "epsilon": 0.16210945481187305, "gamma": 0.0019532154954441253}, "datetime": {"datetime": "2021-09-28 12:40:45", "elapsed": 129.314606, "delta": 1.285181}}
{"target": -40.73411415771482, "params": {"C": 256.02657011532915, "epsilon": 1.8467238779966768, "gamma": 0.058060602154230326}, "datetime": {"datetime": "2021-09-28 12:40:46", "elapsed": 130.207603, "delta": 0.892997}}
{"target": -37.4263296700965, "params": {"C": 184.29695165004935, "epsilon": 1.1934797598381772, "gamma": 0.0021022559879845474}, "datetime": {"datetime": "2021-09-28 12:40:46", "elapsed": 131.161604, "delta": 0.954001}}
{"target": -39.13071295207652, "params": {"C": 184.26306828796478, "epsilon": 1.2638363077296155, "gamma": 0.02894693087264406}, "datetime": {"datetime": "2021-09-28 12:40:48", "elapsed": 132.395439, "delta": 1.233835}}
{"target": -38.52968371266552, "params": {"C": 222.86217165191454, "epsilon": 2.6954147954234147, "gamma": 0.01140521597206787}, "datetime": {"datetime": "2021-09-28 12:40:49", "elapsed": 133.415598, "delta": 1.020159}}
{"target": -37.60691927002754, "params": {"C": 196.00813785333722, "epsilon": 2.631398882411946, "gamma": 0.006423767790128029}, "datetime": {"datetime": "2021-09-28 12:40:50", "elapsed": 134.483527, "delta": 1.067929}}
{"target": -39.39983702975519, "params": {"C": 174.81130551938742, "epsilon": 0.6684261506423549, "gamma": 0.040637836471832035}, "datetime": {"datetime": "2021-09-28 12:40:51", "elapsed": 135.475066, "delta": 0.991539}}
{"target": -41.43608314505278, "params": {"C": 206.19726121987358, "epsilon": 2.2173386086297797, "gamma": 0.09778704712398559}, "datetime": {"datetime": "2021-09-28 12:40:52", "elapsed": 136.573061, "delta": 1.097995}}
{"target": -38.987866333743504, "params": {"C": 267.82908021480256, "epsilon": 0.16430093148352876, "gamma": 0.014660951993114155}, "datetime": {"datetime": "2021-09-28 12:40:53", "elapsed": 137.807901, "delta": 1.23484}}
{"target": -38.95436985357556, "params": {"C": 223.08590570835898, "epsilon": 2.8414173367136653, "gamma": 0.02583073704436619}, "datetime": {"datetime": "2021-09-28 12:40:55", "elapsed": 139.259827, "delta": 1.451926}}
{"target": -39.324565325295325, "params": {"C": 184.24442183396582, "epsilon": 1.1226931019782929, "gamma": 0.039622870474041345}, "datetime": {"datetime": "2021-09-28 12:40:56", "elapsed": 141.097829, "delta": 1.838002}}
{"target": -39.12824380035989, "params": {"C": 278.6102648273402, "epsilon": 0.6123233943032355, "gamma": 0.024186236562489628}, "datetime": {"datetime": "2021-09-28 12:40:57", "elapsed": 142.153827, "delta": 1.055998}}
{"target": -40.8191225732399, "params": {"C": 161.70790111076235, "epsilon": 0.11929867264185984, "gamma": 0.07545095277188386}, "datetime": {"datetime": "2021-09-28 12:40:59", "elapsed": 143.826631, "delta": 1.672804}}
{"target": -39.22315017437291, "params": {"C": 267.8606120360272, "epsilon": 0.11272610294558265, "gamma": 0.021447127791980648}, "datetime": {"datetime": "2021-09-28 12:41:01", "elapsed": 145.419357, "delta": 1.592726}}
{"target": -40.33768395402107, "params": {"C": 245.53732296969787, "epsilon": 2.224758518653844, "gamma": 0.048949391813067025}, "datetime": {"datetime": "2021-09-28 12:41:02", "elapsed": 146.503359, "delta": 1.084002}}
{"target": -40.94026097351138, "params": {"C": 168.57640512484247, "epsilon": 0.10244427011886234, "gamma": 0.09089103089517576}, "datetime": {"datetime": "2021-09-28 12:41:03", "elapsed": 147.652648, "delta": 1.149289}}
{"target": -38.10168948697621, "params": {"C": 157.16548871176826, "epsilon": 2.5023625928202713, "gamma": 0.011661666686073682}, "datetime": {"datetime": "2021-09-28 12:41:04", "elapsed": 149.084649, "delta": 1.432001}}
{"target": -40.87764617890039, "params": {"C": 180.17603606940295, "epsilon": 0.30458408355166905, "gamma": 0.08586902144222994}, "datetime": {"datetime": "2021-09-28 12:41:06", "elapsed": 150.205334, "delta": 1.120685}}
{"target": -37.67772353243219, "params": {"C": 283.7837940939671, "epsilon": 1.1273591477724663, "gamma": 0.0056985283204027065}, "datetime": {"datetime": "2021-09-28 12:41:07", "elapsed": 151.577878, "delta": 1.372544}}
{"target": -40.715032179589585, "params": {"C": 283.80308638009535, "epsilon": 1.120539753769513, "gamma": 0.050290198254972614}, "datetime": {"datetime": "2021-09-28 12:41:08", "elapsed": 152.89173, "delta": 1.313852}}
{"target": -39.385687881440454, "params": {"C": 179.11991578528202, "epsilon": 0.17216967429385777, "gamma": 0.03570815034799015}, "datetime": {"datetime": "2021-09-28 12:41:09", "elapsed": 153.994694, "delta": 1.102964}}
{"target": -38.866385345894216, "params": {"C": 159.82354129573255, "epsilon": 1.4630265191083036, "gamma": 0.02183033380436567}, "datetime": {"datetime": "2021-09-28 12:41:11", "elapsed": 155.690913, "delta": 1.696219}}
{"target": -39.03899388903575, "params": {"C": 161.7851183397518, "epsilon": 0.0608648127254821, "gamma": 0.02117057084224858}, "datetime": {"datetime": "2021-09-28 12:41:12", "elapsed": 156.843089, "delta": 1.152176}}
{"target": -37.465419533885665, "params": {"C": 157.1335778127387, "epsilon": 2.5759115688862124, "gamma": 0.001}, "datetime": {"datetime": "2021-09-28 12:41:14", "elapsed": 158.493912, "delta": 1.650823}}
{"target": -38.812350467381066, "params": {"C": 272.6667996866969, "epsilon": 0.6964068091004783, "gamma": 0.014761846782655262}, "datetime": {"datetime": "2021-09-28 12:41:15", "elapsed": 160.076655, "delta": 1.582743}}
{"target": -40.64864024175992, "params": {"C": 248.74151363897107, "epsilon": 2.4191537272084442, "gamma": 0.05623253210651096}, "datetime": {"datetime": "2021-09-28 12:41:16", "elapsed": 161.175663, "delta": 1.099008}}
{"target": -39.190566252648615, "params": {"C": 223.14410573374198, "epsilon": 2.859979458562403, "gamma": 0.032210640340466154}, "datetime": {"datetime": "2021-09-28 12:41:18", "elapsed": 162.683098, "delta": 1.507435}}
{"target": -38.7923934317642, "params": {"C": 184.35328552622775, "epsilon": 1.221449039682435, "gamma": 0.01865468815806399}, "datetime": {"datetime": "2021-09-28 12:41:20", "elapsed": 164.537788, "delta": 1.85469}}
{"target": -39.13813335495002, "params": {"C": 175.59334296307438, "epsilon": 2.3377473570249885, "gamma": 0.03371392065641624}, "datetime": {"datetime": "2021-09-28 12:41:21", "elapsed": 165.8203, "delta": 1.282512}}
{"target": -40.65578982081751, "params": {"C": 184.38629162558635, "epsilon": 1.1546578094562623, "gamma": 0.06167707085643997}, "datetime": {"datetime": "2021-09-28 12:41:23", "elapsed": 167.270299, "delta": 1.449999}}
{"target": -40.50604618961957, "params": {"C": 253.70039312192108, "epsilon": 2.0430278818990613, "gamma": 0.05100556897390761}, "datetime": {"datetime": "2021-09-28 12:41:24", "elapsed": 168.702634, "delta": 1.432335}}
{"target": -38.697508608048494, "params": {"C": 157.1619958348701, "epsilon": 2.542611429917381, "gamma": 0.02324412071602899}, "datetime": {"datetime": "2021-09-28 12:41:26", "elapsed": 170.276387, "delta": 1.573753}}
{"target": -40.68357736093795, "params": {"C": 268.7714946920146, "epsilon": 2.211278731797944, "gamma": 0.06062128344542714}, "datetime": {"datetime": "2021-09-28 12:41:27", "elapsed": 171.444723, "delta": 1.168336}}
{"target": -39.14877036473107, "params": {"C": 184.30297068749837, "epsilon": 1.1583922162699876, "gamma": 0.025648640354882523}, "datetime": {"datetime": "2021-09-28 12:41:28", "elapsed": 172.941727, "delta": 1.497004}}
{"target": -41.12156642326305, "params": {"C": 239.50439789354152, "epsilon": 1.7619456658250403, "gamma": 0.08360612602798023}, "datetime": {"datetime": "2021-09-28 12:41:29", "elapsed": 174.060077, "delta": 1.11835}}
{"target": -37.1924760566703, "params": {"C": 184.23747282535035, "epsilon": 1.1939821460369755, "gamma": 0.0043091674130309445}, "datetime": {"datetime": "2021-09-28 12:41:31", "elapsed": 175.756832, "delta": 1.696755}}
{"target": -37.568190714144755, "params": {"C": 291.09230674374385, "epsilon": 2.9632567806354233, "gamma": 0.0025310234326414603}, "datetime": {"datetime": "2021-09-28 12:41:32", "elapsed": 176.915832, "delta": 1.159}}
{"target": -41.17202995097221, "params": {"C": 220.64521542514998, "epsilon": 2.9793185917444345, "gamma": 0.0904521989909405}, "datetime": {"datetime": "2021-09-28 12:41:33", "elapsed": 178.042069, "delta": 1.126237}}
{"target": -39.35040369649742, "params": {"C": 192.25889695274907, "epsilon": 1.5720278651286226, "gamma": 0.03988276694049914}, "datetime": {"datetime": "2021-09-28 12:41:34", "elapsed": 179.125072, "delta": 1.083003}}
{"target": -39.16361428289431, "params": {"C": 249.87478704270745, "epsilon": 2.2506604560518304, "gamma": 0.027098855589799697}, "datetime": {"datetime": "2021-09-28 12:41:36", "elapsed": 180.75308, "delta": 1.628008}}
{"target": -38.34197246016278, "params": {"C": 217.81130688667474, "epsilon": 1.3637248398570647, "gamma": 0.010540316913883054}, "datetime": {"datetime": "2021-09-28 12:41:37", "elapsed": 181.982321, "delta": 1.229241}}
{"target": -40.70779694906192, "params": {"C": 217.82986258361848, "epsilon": 1.3106119883126335, "gamma": 0.07046122318192617}, "datetime": {"datetime": "2021-09-28 12:41:39", "elapsed": 183.238318, "delta": 1.255997}}
{"target": -38.57883403737851, "params": {"C": 290.9820901922667, "epsilon": 2.9211573387634457, "gamma": 0.011431839646545257}, "datetime": {"datetime": "2021-09-28 12:41:40", "elapsed": 184.724981, "delta": 1.486663}}
{"target": -39.02970171032486, "params": {"C": 257.37331691789257, "epsilon": 0.46874885281348555, "gamma": 0.0178420877660665}, "datetime": {"datetime": "2021-09-28 12:41:41", "elapsed": 185.832627, "delta": 1.107646}}
{"target": -39.21596165624625, "params": {"C": 184.28592941375692, "epsilon": 1.2012846299752615, "gamma": 0.034513763247703784}, "datetime": {"datetime": "2021-09-28 12:41:43", "elapsed": 187.320638, "delta": 1.488011}}
{"target": -40.955097537934016, "params": {"C": 214.39851323873563, "epsilon": 2.6480529806698603, "gamma": 0.0856120413799435}, "datetime": {"datetime": "2021-09-28 12:41:44", "elapsed": 188.334858, "delta": 1.01422}}
{"target": -40.070275811221194, "params": {"C": 236.74598275987188, "epsilon": 2.0246636666959685, "gamma": 0.043196968028260736}, "datetime": {"datetime": "2021-09-28 12:41:45", "elapsed": 189.480859, "delta": 1.146001}}
{"target": -41.08252932473089, "params": {"C": 266.5095494942667, "epsilon": 1.394378675101968, "gamma": 0.07788686779220641}, "datetime": {"datetime": "2021-09-28 12:41:46", "elapsed": 190.574285, "delta": 1.093426}}
{"target": -37.309618118814534, "params": {"C": 184.2002811902183, "epsilon": 1.2103084933775874, "gamma": 0.001}, "datetime": {"datetime": "2021-09-28 12:41:48", "elapsed": 192.500484, "delta": 1.926199}}
{"target": -37.68660897432333, "params": {"C": 196.04378912003426, "epsilon": 2.5473801533497302, "gamma": 0.007091850001772094}, "datetime": {"datetime": "2021-09-28 12:41:49", "elapsed": 194.100952, "delta": 1.600468}}
{"target": -38.056699675870235, "params": {"C": 217.8710819466717, "epsilon": 1.3925377941813448, "gamma": 0.007730441983598122}, "datetime": {"datetime": "2021-09-28 12:41:51", "elapsed": 195.696763, "delta": 1.595811}}
{"target": -39.956021321738035, "params": {"C": 184.17443106990814, "epsilon": 1.1495031105560318, "gamma": 0.047742138844328486}, "datetime": {"datetime": "2021-09-28 12:41:53", "elapsed": 197.436761, "delta": 1.739998}}
{"target": -38.615652468540866, "params": {"C": 199.5855336383103, "epsilon": 2.5555325483561835, "gamma": 0.018801197932489553}, "datetime": {"datetime": "2021-09-28 12:41:54", "elapsed": 198.593931, "delta": 1.15717}}
{"target": -40.74920812796511, "params": {"C": 197.35912894366442, "epsilon": 1.2197967516225343, "gamma": 0.07923309331775284}, "datetime": {"datetime": "2021-09-28 12:41:55", "elapsed": 199.774645, "delta": 1.180714}}
{"target": -38.06768724097399, "params": {"C": 159.74552329420112, "epsilon": 1.4453943432209335, "gamma": 0.009622841845331891}, "datetime": {"datetime": "2021-09-28 12:41:57", "elapsed": 201.373641, "delta": 1.598996}}
{"target": -38.46887380373501, "params": {"C": 281.6916506959907, "epsilon": 1.5918073823750891, "gamma": 0.009500911669545416}, "datetime": {"datetime": "2021-09-28 12:41:58", "elapsed": 202.640191, "delta": 1.26655}}
{"target": -40.69481260877487, "params": {"C": 217.88734520880826, "epsilon": 1.3948951146097432, "gamma": 0.06927951082349275}, "datetime": {"datetime": "2021-09-28 12:41:59", "elapsed": 204.198578, "delta": 1.558387}}
{"target": -40.79504306612437, "params": {"C": 219.6374071824762, "epsilon": 0.6086920618933896, "gamma": 0.06950068403437758}, "datetime": {"datetime": "2021-09-28 12:42:01", "elapsed": 205.393367, "delta": 1.194789}}
{"target": -37.4732281719363, "params": {"C": 272.6472282037971, "epsilon": 0.635411886205532, "gamma": 0.001}, "datetime": {"datetime": "2021-09-28 12:42:03", "elapsed": 207.202045, "delta": 1.808678}}
{"target": -40.64918394054106, "params": {"C": 291.00868662702135, "epsilon": 2.973716840745995, "gamma": 0.06613882978007533}, "datetime": {"datetime": "2021-09-28 12:42:04", "elapsed": 208.533715, "delta": 1.33167}}
{"target": -37.389810620952204, "params": {"C": 238.49792021119245, "epsilon": 0.11441706402420704, "gamma": 0.0021918579023766536}, "datetime": {"datetime": "2021-09-28 12:42:06", "elapsed": 210.49773, "delta": 1.964015}}
{"target": -40.73329394719147, "params": {"C": 281.2602359454545, "epsilon": 2.567492639946086, "gamma": 0.06988694162671927}, "datetime": {"datetime": "2021-09-28 12:42:07", "elapsed": 211.705017, "delta": 1.207287}}
{"target": -40.580059763775985, "params": {"C": 196.0732313576927, "epsilon": 2.557077872938795, "gamma": 0.07073518878155048}, "datetime": {"datetime": "2021-09-28 12:42:09", "elapsed": 213.25587, "delta": 1.550853}}
{"target": -38.99590686250944, "params": {"C": 238.4356794342177, "epsilon": 0.15948717635296542, "gamma": 0.015715923932764518}, "datetime": {"datetime": "2021-09-28 12:42:10", "elapsed": 214.84317, "delta": 1.5873}}
{"target": -39.23946203153148, "params": {"C": 159.71128303294014, "epsilon": 1.3933801735077456, "gamma": 0.034322351189102485}, "datetime": {"datetime": "2021-09-28 12:42:12", "elapsed": 216.594725, "delta": 1.751555}}
{"target": -40.97987096833743, "params": {"C": 267.27114961763755, "epsilon": 0.6517463373525587, "gamma": 0.07194032692692465}, "datetime": {"datetime": "2021-09-28 12:42:13", "elapsed": 217.848985, "delta": 1.25426}}
{"target": -38.62071827474695, "params": {"C": 217.82481380115098, "epsilon": 1.4106159341013818, "gamma": 0.012682621575165271}, "datetime": {"datetime": "2021-09-28 12:42:15", "elapsed": 220.118362, "delta": 2.269377}}
{"target": -37.40781253876705, "params": {"C": 175.63923360776232, "epsilon": 2.846757880140829, "gamma": 0.001519333153322641}, "datetime": {"datetime": "2021-09-28 12:42:17", "elapsed": 221.302359, "delta": 1.183997}}
{"target": -40.97128491606406, "params": {"C": 293.8927800726771, "epsilon": 1.8485763821778216, "gamma": 0.07106904807567581}, "datetime": {"datetime": "2021-09-28 12:42:18", "elapsed": 222.45214, "delta": 1.149781}}
{"target": -40.84835735396022, "params": {"C": 159.76799260147038, "epsilon": 1.4941044780844166, "gamma": 0.09212867544302987}, "datetime": {"datetime": "2021-09-28 12:42:20", "elapsed": 224.236633, "delta": 1.784493}}
{"target": -37.48161071716491, "params": {"C": 168.8139067269776, "epsilon": 2.0420992428691878, "gamma": 0.0025469252184041093}, "datetime": {"datetime": "2021-09-28 12:42:21", "elapsed": 225.830143, "delta": 1.59351}}
{"target": -40.667186798448306, "params": {"C": 170.17251335684435, "epsilon": 1.5184971866833634, "gamma": 0.07882051114015162}, "datetime": {"datetime": "2021-09-28 12:42:23", "elapsed": 227.739138, "delta": 1.908995}}
{"target": -39.32743464703164, "params": {"C": 270.0075041918652, "epsilon": 2.7774172430875996, "gamma": 0.0336947148872429}, "datetime": {"datetime": "2021-09-28 12:42:24", "elapsed": 229.133392, "delta": 1.394254}}
{"target": -38.51543257097988, "params": {"C": 222.95797733529065, "epsilon": 0.04322674369274346, "gamma": 0.010923551390447612}, "datetime": {"datetime": "2021-09-28 12:42:27", "elapsed": 231.594259, "delta": 2.460867}}
{"target": -40.66424953034718, "params": {"C": 252.22766510662478, "epsilon": 2.0339627910910805, "gamma": 0.0665221324308424}, "datetime": {"datetime": "2021-09-28 12:42:28", "elapsed": 232.958139, "delta": 1.36388}}
{"target": -39.358850952263836, "params": {"C": 265.30487666272273, "epsilon": 2.174939236687789, "gamma": 0.033840933860043845}, "datetime": {"datetime": "2021-09-28 12:42:30", "elapsed": 234.392132, "delta": 1.433993}}
{"target": -37.254486585329396, "params": {"C": 222.89948087384838, "epsilon": 0.07969516878392437, "gamma": 0.001}, "datetime": {"datetime": "2021-09-28 12:42:32", "elapsed": 236.422119, "delta": 2.029987}}
{"target": -40.44509398175382, "params": {"C": 281.73252276663044, "epsilon": 1.5445739229451136, "gamma": 0.0445058026047302}, "datetime": {"datetime": "2021-09-28 12:42:34", "elapsed": 238.673828, "delta": 2.251709}}
{"target": -40.5803138957625, "params": {"C": 273.23045804208573, "epsilon": 1.0775894886119841, "gamma": 0.047766485353201334}, "datetime": {"datetime": "2021-09-28 12:42:35", "elapsed": 239.955791, "delta": 1.281963}}
{"target": -38.798867713377625, "params": {"C": 227.85325717739158, "epsilon": 2.8388514239712745, "gamma": 0.023434310655713685}, "datetime": {"datetime": "2021-09-28 12:42:37", "elapsed": 241.417794, "delta": 1.462003}}
{"target": -40.36020515059325, "params": {"C": 291.1131291476871, "epsilon": 2.935921718445641, "gamma": 0.04824980707025517}, "datetime": {"datetime": "2021-09-28 12:42:39", "elapsed": 243.215264, "delta": 1.79747}}
{"target": -38.60632943618851, "params": {"C": 175.68063561880462, "epsilon": 2.887525744204482, "gamma": 0.021117948184781417}, "datetime": {"datetime": "2021-09-28 12:42:41", "elapsed": 245.709076, "delta": 2.493812}}
{"target": -37.348392305957404, "params": {"C": 175.7063789427129, "epsilon": 2.778364721032249, "gamma": 0.004019261467188559}, "datetime": {"datetime": "2021-09-28 12:42:43", "elapsed": 247.634223, "delta": 1.925147}}
{"target": -40.760962194856305, "params": {"C": 222.9848133834997, "epsilon": 0.9089569831441796, "gamma": 0.05734523821794386}, "datetime": {"datetime": "2021-09-28 12:42:44", "elapsed": 249.060143, "delta": 1.42592}}
{"target": -38.62134592518139, "params": {"C": 175.62028506694443, "epsilon": 2.8354942892689383, "gamma": 0.015265618935513592}, "datetime": {"datetime": "2021-09-28 12:42:46", "elapsed": 250.814064, "delta": 1.753921}}
{"target": -40.6166828011179, "params": {"C": 168.8167448690391, "epsilon": 2.055666233926505, "gamma": 0.07655038833576905}, "datetime": {"datetime": "2021-09-28 12:42:48", "elapsed": 252.965498, "delta": 2.151434}}
{"target": -37.40844836959194, "params": {"C": 249.89824738733947, "epsilon": 2.193895917816139, "gamma": 0.001}, "datetime": {"datetime": "2021-09-28 12:42:51", "elapsed": 255.296603, "delta": 2.331105}}
{"target": -38.67733517233733, "params": {"C": 157.15777055278994, "epsilon": 2.506639740415209, "gamma": 0.022036039021015724}, "datetime": {"datetime": "2021-09-28 12:42:52", "elapsed": 256.777756, "delta": 1.481153}}
{"target": -39.187515179807484, "params": {"C": 238.54942005781209, "epsilon": 0.14065614477614136, "gamma": 0.025369869301474002}, "datetime": {"datetime": "2021-09-28 12:42:54", "elapsed": 258.744111, "delta": 1.966355}}
{"target": -38.71681883847894, "params": {"C": 168.87382290338388, "epsilon": 2.0848862626755484, "gamma": 0.01925997724820272}, "datetime": {"datetime": "2021-09-28 12:42:56", "elapsed": 261.020522, "delta": 2.276411}}
{"target": -37.777776425548694, "params": {"C": 168.77971599082844, "epsilon": 2.0297132579763537, "gamma": 0.008389878557767155}, "datetime": {"datetime": "2021-09-28 12:42:58", "elapsed": 262.940296, "delta": 1.919774}}
{"target": -37.69317509972734, "params": {"C": 175.65628410740288, "epsilon": 2.8118417400668014, "gamma": 0.0076499927363946835}, "datetime": {"datetime": "2021-09-28 12:43:00", "elapsed": 265.050418, "delta": 2.110122}}
{"target": -38.80671430239367, "params": {"C": 223.09592764295644, "epsilon": 2.834800795142083, "gamma": 0.022944048337452734}, "datetime": {"datetime": "2021-09-28 12:43:02", "elapsed": 266.341418, "delta": 1.291}}
{"target": -40.783174924075574, "params": {"C": 177.62656437437948, "epsilon": 2.2703410675170295, "gamma": 0.08675983135678042}, "datetime": {"datetime": "2021-09-28 12:43:03", "elapsed": 267.814421, "delta": 1.473003}}
