{"target": 0.4364832102175573, "params": {"C": 50.33332266883232, "epsilon": 0.3471679259458411, "gamma": 0.02300073580129892}, "datetime": {"datetime": "2021-09-24 09:15:09", "elapsed": 88.365873, "delta": 1.150278}}
{"target": 0.3730348320615817, "params": {"C": 50.02673382844367, "epsilon": 0.299694408125365, "gamma": 0.0960811034585539}, "datetime": {"datetime": "2021-09-24 09:15:09", "elapsed": 89.072379, "delta": 0.706506}}
{"target": 0.4353892922877952, "params": {"C": 89.07283817552612, "epsilon": 0.480857230446395, "gamma": 0.006135492756667061}, "datetime": {"datetime": "2021-09-24 09:15:10", "elapsed": 89.722823, "delta": 0.650444}}
{"target": 0.3852688272969437, "params": {"C": 19.70525493520191, "epsilon": 0.26447038065878936, "gamma": 0.11328210404298475}, "datetime": {"datetime": "2021-09-24 09:15:11", "elapsed": 90.460107, "delta": 0.737284}}
{"target": 0.4257812880091433, "params": {"C": 62.37406892345268, "epsilon": 0.17751900460809025, "gamma": 0.03683165187399726}, "datetime": {"datetime": "2021-09-24 09:15:12", "elapsed": 91.550352, "delta": 1.090245}}
{"target": 0.43470104047916225, "params": {"C": 45.74088559888428, "epsilon": 0.8213402742865, "gamma": 0.0186530563158378}, "datetime": {"datetime": "2021-09-24 09:15:12", "elapsed": 92.221373, "delta": 0.671021}}
{"target": 0.3575509019949622, "params": {"C": 34.64320500365199, "epsilon": 0.7403613226494746, "gamma": 0.1435727323185025}, "datetime": {"datetime": "2021-09-24 09:15:13", "elapsed": 92.983414, "delta": 0.762041}}
{"target": 0.43537159124375147, "params": {"C": 47.91853824638219, "epsilon": 0.81456349287349, "gamma": 0.01801571015989382}, "datetime": {"datetime": "2021-09-24 09:15:14", "elapsed": 94.023656, "delta": 1.040242}}
{"target": 0.4215166407245605, "params": {"C": 50.27311766104014, "epsilon": 0.3702522333707648, "gamma": 0.04082040023989668}, "datetime": {"datetime": "2021-09-24 09:15:15", "elapsed": 94.995141, "delta": 0.971485}}
{"target": 0.4067014451407358, "params": {"C": 89.15510575699518, "epsilon": 0.48897819539643805, "gamma": 0.001}, "datetime": {"datetime": "2021-09-24 09:15:17", "elapsed": 96.313588, "delta": 1.318447}}
{"target": 0.3934087993155202, "params": {"C": 79.79982988094434, "epsilon": 0.3289892777553328, "gamma": 0.0578763232823758}, "datetime": {"datetime": "2021-09-24 09:15:17", "elapsed": 96.999713, "delta": 0.686125}}
{"target": 0.3397207052195137, "params": {"C": 72.10265222092535, "epsilon": 0.1565530056825098, "gamma": 0.12591319763150371}, "datetime": {"datetime": "2021-09-24 09:15:18", "elapsed": 97.794919, "delta": 0.795206}}
{"target": 0.38704133980622835, "params": {"C": 50.346311957905456, "epsilon": 0.3919478301977301, "gamma": 0.07816050948276018}, "datetime": {"datetime": "2021-09-24 09:15:19", "elapsed": 99.227747, "delta": 1.432828}}
{"target": 0.38585222600771396, "params": {"C": 44.882486254817486, "epsilon": 0.9022329692869704, "gamma": 0.001}, "datetime": {"datetime": "2021-09-24 09:15:21", "elapsed": 100.399457, "delta": 1.17171}}
{"target": 0.38616637625621497, "params": {"C": 38.77389423778233, "epsilon": 0.5642040853671167, "gamma": 0.08758634027894945}, "datetime": {"datetime": "2021-09-24 09:15:21", "elapsed": 101.133879, "delta": 0.734422}}
{"target": 0.3620687234654584, "params": {"C": 89.05193011905986, "epsilon": 0.4758563930969401, "gamma": 0.07688424304686134}, "datetime": {"datetime": "2021-09-24 09:15:23", "elapsed": 102.431478, "delta": 1.297599}}
{"target": 0.4270018697829463, "params": {"C": 45.66971880683024, "epsilon": 0.839204432655565, "gamma": 0.007583182674956591}, "datetime": {"datetime": "2021-09-24 09:15:24", "elapsed": 104.066525, "delta": 1.635047}}
{"target": 0.34296312754727043, "params": {"C": 58.17382783735451, "epsilon": 0.3873231597901957, "gamma": 0.13658676048277335}, "datetime": {"datetime": "2021-09-24 09:15:25", "elapsed": 104.831981, "delta": 0.765456}}
{"target": 0.39219781899514206, "params": {"C": 91.37079911224527, "epsilon": 0.19662370021852213, "gamma": 0.053506378869605103}, "datetime": {"datetime": "2021-09-24 09:15:26", "elapsed": 105.592945, "delta": 0.760964}}
{"target": 0.3610573744329998, "params": {"C": 62.37000326356462, "epsilon": 0.2552292106987604, "gamma": 0.09948684802786535}, "datetime": {"datetime": "2021-09-24 09:15:28", "elapsed": 107.340241, "delta": 1.747296}}
{"target": 0.427058538498843, "params": {"C": 45.75333727430177, "epsilon": 0.9097440605123595, "gamma": 0.028982007369098724}, "datetime": {"datetime": "2021-09-24 09:15:29", "elapsed": 108.519813, "delta": 1.179572}}
{"target": 0.380873241205237, "params": {"C": 45.81008453739548, "epsilon": 0.8345669756299114, "gamma": 0.0897237271211455}, "datetime": {"datetime": "2021-09-24 09:15:30", "elapsed": 109.966516, "delta": 1.446703}}
{"target": 0.4462017012141768, "params": {"C": 98.95811381625367, "epsilon": 0.6792789260524855, "gamma": 0.018003603590221677}, "datetime": {"datetime": "2021-09-24 09:15:32", "elapsed": 111.673075, "delta": 1.706559}}
{"target": 0.3689534137776638, "params": {"C": 98.94379873212642, "epsilon": 0.6295755342809034, "gamma": 0.06484734031025373}, "datetime": {"datetime": "2021-09-24 09:15:33", "elapsed": 113.03345, "delta": 1.360375}}
{"target": 0.3544054218542372, "params": {"C": 49.68379609783286, "epsilon": 0.32395691020241285, "gamma": 0.12700793392025297}, "datetime": {"datetime": "2021-09-24 09:15:34", "elapsed": 113.909435, "delta": 0.875985}}
{"target": 0.3891232784532126, "params": {"C": 50.4001289884701, "epsilon": 0.37489087154006845, "gamma": 0.001}, "datetime": {"datetime": "2021-09-24 09:15:36", "elapsed": 115.445481, "delta": 1.536046}}
{"target": 0.4192158705865764, "params": {"C": 98.920761102556, "epsilon": 0.7087595573628819, "gamma": 0.0023073637332633543}, "datetime": {"datetime": "2021-09-24 09:15:37", "elapsed": 117.133979, "delta": 1.688498}}
{"target": 0.4071197530801385, "params": {"C": 65.2592842569262, "epsilon": 0.7086984683487522, "gamma": 0.053786640017203485}, "datetime": {"datetime": "2021-09-24 09:15:38", "elapsed": 118.22974, "delta": 1.095761}}
{"target": 0.3998953610128102, "params": {"C": 65.42284390607229, "epsilon": 0.9364857900250241, "gamma": 0.001}, "datetime": {"datetime": "2021-09-24 09:15:40", "elapsed": 119.436636, "delta": 1.206896}}
{"target": 0.35505847520261724, "params": {"C": 59.88219545672247, "epsilon": 0.8559069936959197, "gamma": 0.11152239946086057}, "datetime": {"datetime": "2021-09-24 09:15:40", "elapsed": 120.232368, "delta": 0.795732}}
{"target": 0.4078921101233015, "params": {"C": 47.83121671535957, "epsilon": 0.7743982603426776, "gamma": 0.05557965813896858}, "datetime": {"datetime": "2021-09-24 09:15:42", "elapsed": 121.41802, "delta": 1.185652}}
{"target": 0.3891493951086178, "params": {"C": 50.298010536567915, "epsilon": 0.4253478088607516, "gamma": 0.001}, "datetime": {"datetime": "2021-09-24 09:15:43", "elapsed": 122.675176, "delta": 1.257156}}
{"target": 0.4267160704536267, "params": {"C": 61.788674488646, "epsilon": 0.13346859486132037, "gamma": 0.035381107018242715}, "datetime": {"datetime": "2021-09-24 09:15:44", "elapsed": 123.993353, "delta": 1.318177}}
{"target": 0.3657571142856859, "params": {"C": 65.3749234339138, "epsilon": 0.8846935362576258, "gamma": 0.09229448752172031}, "datetime": {"datetime": "2021-09-24 09:15:45", "elapsed": 125.270973, "delta": 1.27762}}
{"target": 0.365036462325098, "params": {"C": 29.813118537134468, "epsilon": 0.30137528051431983, "gamma": 0.13807329374516306}, "datetime": {"datetime": "2021-09-24 09:15:46", "elapsed": 126.084575, "delta": 0.813602}}
{"target": 0.41927141163268267, "params": {"C": 79.13042706878743, "epsilon": 0.16980845195719585, "gamma": 0.040869488423359204}, "datetime": {"datetime": "2021-09-24 09:15:47", "elapsed": 126.937559, "delta": 0.852984}}
{"target": 0.3312790196546188, "params": {"C": 8.748544459656264, "epsilon": 0.41255634463383695, "gamma": 0.11582168101621527}, "datetime": {"datetime": "2021-09-24 09:15:48", "elapsed": 127.719251, "delta": 0.781692}}
{"target": 0.4210825021229886, "params": {"C": 43.93758627494445, "epsilon": 0.08252996964647737, "gamma": 0.04025690073281164}, "datetime": {"datetime": "2021-09-24 09:15:49", "elapsed": 128.830691, "delta": 1.11144}}
{"target": 0.4458910506400303, "params": {"C": 80.46690996066216, "epsilon": 0.41006352939347274, "gamma": 0.018066256041119194}, "datetime": {"datetime": "2021-09-24 09:15:50", "elapsed": 130.259541, "delta": 1.42885}}
{"target": 0.418849129358309, "params": {"C": 92.94218456659233, "epsilon": 0.13134492468864808, "gamma": 0.0033163617830352884}, "datetime": {"datetime": "2021-09-24 09:15:52", "elapsed": 131.294447, "delta": 1.034906}}
{"target": 0.4011994971777182, "params": {"C": 67.24086489584482, "epsilon": 0.5331867274470351, "gamma": 0.057981297349231284}, "datetime": {"datetime": "2021-09-24 09:15:52", "elapsed": 132.239953, "delta": 0.945506}}
{"target": 0.40867406729027356, "params": {"C": 92.60769123764534, "epsilon": 0.18989115074914503, "gamma": 0.043562654319408436}, "datetime": {"datetime": "2021-09-24 09:15:53", "elapsed": 133.102267, "delta": 0.862314}}
{"target": 0.36883930641338525, "params": {"C": 7.98549715718983, "epsilon": 0.41525365565523054, "gamma": 0.08182978389316652}, "datetime": {"datetime": "2021-09-24 09:15:54", "elapsed": 133.887722, "delta": 0.785455}}
{"target": 0.40088376131895387, "params": {"C": 55.81108019732012, "epsilon": 0.1429634377749394, "gamma": 0.06089170192276809}, "datetime": {"datetime": "2021-09-24 09:15:55", "elapsed": 134.787102, "delta": 0.89938}}
{"target": 0.3862497252171889, "params": {"C": 45.71763856136108, "epsilon": 0.8744144528058119, "gamma": 0.001}, "datetime": {"datetime": "2021-09-24 09:15:57", "elapsed": 136.466784, "delta": 1.679682}}
{"target": 0.4084153243581321, "params": {"C": 16.307399843906357, "epsilon": 0.8474088041847414, "gamma": 0.07044610325889676}, "datetime": {"datetime": "2021-09-24 09:15:58", "elapsed": 137.353461, "delta": 0.886677}}
{"target": 0.44191155782071134, "params": {"C": 78.04659185671125, "epsilon": 0.4583222658659687, "gamma": 0.02156386970063239}, "datetime": {"datetime": "2021-09-24 09:15:59", "elapsed": 138.526298, "delta": 1.172837}}
{"target": 0.3648657396125896, "params": {"C": 26.227761682803674, "epsilon": 0.5812656787853341, "gamma": 0.141742383413331}, "datetime": {"datetime": "2021-09-24 09:16:00", "elapsed": 139.437316, "delta": 0.911018}}
{"target": 0.3847825938601124, "params": {"C": 78.04407678625248, "epsilon": 0.4216534530503518, "gamma": 0.06381059182976744}, "datetime": {"datetime": "2021-09-24 09:16:01", "elapsed": 140.972615, "delta": 1.535299}}
{"target": 0.4364277858929889, "params": {"C": 60.34949849268219, "epsilon": 0.6603517476664741, "gamma": 0.02468407562140368}, "datetime": {"datetime": "2021-09-24 09:16:02", "elapsed": 141.959268, "delta": 0.986653}}
{"target": 0.4462395450194323, "params": {"C": 78.09203246765556, "epsilon": 0.4991690503564439, "gamma": 0.015868552879500654}, "datetime": {"datetime": "2021-09-24 09:16:04", "elapsed": 143.88179, "delta": 1.922522}}
{"target": 0.3970956489828541, "params": {"C": 26.405399340614238, "epsilon": 0.0322379756885571, "gamma": 0.08696798340932746}, "datetime": {"datetime": "2021-09-24 09:16:05", "elapsed": 144.76814, "delta": 0.88635}}
{"target": 0.42699950998364455, "params": {"C": 88.87805828327019, "epsilon": 0.7202883373276444, "gamma": 0.03323268929746856}, "datetime": {"datetime": "2021-09-24 09:16:06", "elapsed": 145.763477, "delta": 0.995337}}
{"target": 0.4149253225424, "params": {"C": 47.99139322752473, "epsilon": 0.8493774614175167, "gamma": 0.04908458843675176}, "datetime": {"datetime": "2021-09-24 09:16:07", "elapsed": 147.257308, "delta": 1.493831}}
{"target": 0.43186060719572117, "params": {"C": 68.51138474968296, "epsilon": 0.4298417233620482, "gamma": 0.02995923357212338}, "datetime": {"datetime": "2021-09-24 09:16:08", "elapsed": 148.185222, "delta": 0.927914}}
{"target": 0.3331123921943716, "params": {"C": 93.94933207888266, "epsilon": 0.4344275677618827, "gamma": 0.11033179826398508}, "datetime": {"datetime": "2021-09-24 09:16:09", "elapsed": 149.204073, "delta": 1.018851}}
{"target": 0.37501214657043536, "params": {"C": 61.69870940367275, "epsilon": 0.49079265817705753, "gamma": 0.08437988100085572}, "datetime": {"datetime": "2021-09-24 09:16:10", "elapsed": 150.159193, "delta": 0.95512}}
{"target": 0.43677169665019955, "params": {"C": 99.0021244411935, "epsilon": 0.6952140054100199, "gamma": 0.022841462883537614}, "datetime": {"datetime": "2021-09-24 09:16:12", "elapsed": 151.479634, "delta": 1.320441}}
{"target": 0.4403390138361394, "params": {"C": 62.968300068388245, "epsilon": 0.08114150480561085, "gamma": 0.009295219344112014}, "datetime": {"datetime": "2021-09-24 09:16:13", "elapsed": 152.332323, "delta": 0.852689}}
{"target": 0.284834521332366, "params": {"C": 4.1431566829575335, "epsilon": 0.7595301427476051, "gamma": 0.10249204629184754}, "datetime": {"datetime": "2021-09-24 09:16:13", "elapsed": 153.247206, "delta": 0.914883}}
{"target": 0.38731871160812714, "params": {"C": 37.13239981335486, "epsilon": 0.6218496966561498, "gamma": 0.08760428178960489}, "datetime": {"datetime": "2021-09-24 09:16:14", "elapsed": 154.095109, "delta": 0.847903}}
{"target": 0.40345741461498075, "params": {"C": 7.2816679164730065, "epsilon": 0.9388550263023535, "gamma": 0.032203816323880204}, "datetime": {"datetime": "2021-09-24 09:16:15", "elapsed": 154.960482, "delta": 0.865373}}
{"target": 0.4399019419312653, "params": {"C": 78.05430522762347, "epsilon": 0.4922231858247527, "gamma": 0.009761715174346826}, "datetime": {"datetime": "2021-09-24 09:16:17", "elapsed": 156.767421, "delta": 1.806939}}
{"target": 0.4099975818496776, "params": {"C": 35.38038931279342, "epsilon": 0.6628686090743816, "gamma": 0.05875678340436157}, "datetime": {"datetime": "2021-09-24 09:16:18", "elapsed": 157.669145, "delta": 0.901724}}
{"target": 0.400782339992763, "params": {"C": 65.22944538713804, "epsilon": 0.7305328988409077, "gamma": 0.001}, "datetime": {"datetime": "2021-09-24 09:16:20", "elapsed": 159.544179, "delta": 1.875034}}
{"target": 0.38595247874139704, "params": {"C": 80.50796200594458, "epsilon": 0.42628658909606326, "gamma": 0.061864313330590066}, "datetime": {"datetime": "2021-09-24 09:16:21", "elapsed": 160.767315, "delta": 1.223136}}
{"target": 0.3776422334957892, "params": {"C": 56.608225292643, "epsilon": 0.6332235773152105, "gamma": 0.0851605377287501}, "datetime": {"datetime": "2021-09-24 09:16:22", "elapsed": 161.806792, "delta": 1.039477}}
{"target": 0.43859732996462664, "params": {"C": 65.30224713757427, "epsilon": 0.9115918831057978, "gamma": 0.009110256204672023}, "datetime": {"datetime": "2021-09-24 09:16:23", "elapsed": 163.023291, "delta": 1.216499}}
{"target": 0.4375693104399586, "params": {"C": 62.921731478133914, "epsilon": 0.03992155511219783, "gamma": 0.02527192222344104}, "datetime": {"datetime": "2021-09-24 09:16:25", "elapsed": 164.954163, "delta": 1.930872}}
{"target": 0.4032059403654221, "params": {"C": 80.4747847306863, "epsilon": 0.4640071555666238, "gamma": 0.001}, "datetime": {"datetime": "2021-09-24 09:16:26", "elapsed": 166.203814, "delta": 1.249651}}
{"target": 0.3696347664579829, "params": {"C": 62.96051443985576, "epsilon": 0.06386591229980482, "gamma": 0.08831593158565058}, "datetime": {"datetime": "2021-09-24 09:16:28", "elapsed": 167.368222, "delta": 1.164408}}
{"target": 0.42430463553088593, "params": {"C": 37.83115803169072, "epsilon": 0.7551654219290632, "gamma": 0.03131108886748126}, "datetime": {"datetime": "2021-09-24 09:16:29", "elapsed": 168.359046, "delta": 0.990824}}
{"target": 0.438218126547927, "params": {"C": 50.29113406975233, "epsilon": 0.3060639482956465, "gamma": 0.011945528501472406}, "datetime": {"datetime": "2021-09-24 09:16:30", "elapsed": 169.679069, "delta": 1.320023}}
{"target": 0.4355980827836763, "params": {"C": 46.790272003496526, "epsilon": 0.276072176557147, "gamma": 0.009156883341114991}, "datetime": {"datetime": "2021-09-24 09:16:31", "elapsed": 170.587973, "delta": 0.908904}}
{"target": 0.4254693257027785, "params": {"C": 50.32654096656318, "epsilon": 0.27038913527284714, "gamma": 0.03488079297098483}, "datetime": {"datetime": "2021-09-24 09:16:32", "elapsed": 171.937207, "delta": 1.349234}}
{"target": 0.4215265651493658, "params": {"C": 28.102792470290762, "epsilon": 0.002636204440054207, "gamma": 0.03365417794670576}, "datetime": {"datetime": "2021-09-24 09:16:33", "elapsed": 172.996567, "delta": 1.05936}}
{"target": 0.35014663246709865, "params": {"C": 58.61403162343201, "epsilon": 0.7462000125380148, "gamma": 0.12104199178368695}, "datetime": {"datetime": "2021-09-24 09:16:34", "elapsed": 173.967663, "delta": 0.971096}}
{"target": 0.4065827460907848, "params": {"C": 21.22645876818163, "epsilon": 0.23686055942266745, "gamma": 0.07470920096907889}, "datetime": {"datetime": "2021-09-24 09:16:35", "elapsed": 174.886107, "delta": 0.918444}}
{"target": 0.38482614613228283, "params": {"C": 44.15061898001376, "epsilon": 0.38414898816971105, "gamma": 0.001}, "datetime": {"datetime": "2021-09-24 09:16:37", "elapsed": 176.565197, "delta": 1.67909}}
{"target": 0.440386725904262, "params": {"C": 65.28021594020049, "epsilon": 0.8629468659690223, "gamma": 0.01145802201335596}, "datetime": {"datetime": "2021-09-24 09:16:38", "elapsed": 178.132983, "delta": 1.567786}}
{"target": 0.4095015039956449, "params": {"C": 60.6241308342452, "epsilon": 0.028254723612680558, "gamma": 0.05140161192661028}, "datetime": {"datetime": "2021-09-24 09:16:39", "elapsed": 179.045964, "delta": 0.912981}}
{"target": 0.32021850023395937, "params": {"C": 85.87071511574761, "epsilon": 0.2614294730032831, "gamma": 0.141938976909802}, "datetime": {"datetime": "2021-09-24 09:16:40", "elapsed": 180.014072, "delta": 0.968108}}
{"target": 0.44422611669535284, "params": {"C": 82.05643563394378, "epsilon": 0.3211640913268918, "gamma": 0.013661251410605143}, "datetime": {"datetime": "2021-09-24 09:16:42", "elapsed": 181.493189, "delta": 1.479117}}
{"target": 0.39842566431172743, "params": {"C": 64.06474422978789, "epsilon": 0.45323879267311906, "gamma": 0.06136340627609683}, "datetime": {"datetime": "2021-09-24 09:16:43", "elapsed": 182.495711, "delta": 1.002522}}
{"target": 0.38357095530433494, "params": {"C": 10.901185630739567, "epsilon": 0.5141575030200318, "gamma": 0.004354922076190629}, "datetime": {"datetime": "2021-09-24 09:16:44", "elapsed": 183.460282, "delta": 0.964571}}
{"target": 0.4215201135028209, "params": {"C": 65.21908916305809, "epsilon": 0.794202346831419, "gamma": 0.042917721664344266}, "datetime": {"datetime": "2021-09-24 09:16:45", "elapsed": 185.218783, "delta": 1.758501}}
{"target": 0.32090159735248436, "params": {"C": 97.8447783614251, "epsilon": 0.4127247882545844, "gamma": 0.12599358191850374}, "datetime": {"datetime": "2021-09-24 09:16:46", "elapsed": 186.247905, "delta": 1.029122}}
{"target": 0.402949166964501, "params": {"C": 82.11890913826024, "epsilon": 0.34312229215823165, "gamma": 0.001}, "datetime": {"datetime": "2021-09-24 09:16:48", "elapsed": 187.855704, "delta": 1.607799}}
{"target": 0.4262383436501812, "params": {"C": 50.42835641739007, "epsilon": 0.562174423029754, "gamma": 0.03434466427786785}, "datetime": {"datetime": "2021-09-24 09:16:49", "elapsed": 188.922038, "delta": 1.066334}}
{"target": 0.4096132632639212, "params": {"C": 72.14251329623791, "epsilon": 0.641538238990029, "gamma": 0.001506492491852003}, "datetime": {"datetime": "2021-09-24 09:16:50", "elapsed": 189.942136, "delta": 1.020098}}
{"target": 0.38961579901936794, "params": {"C": 48.65701689598324, "epsilon": 0.0027833552388659083, "gamma": 0.07521861992148599}, "datetime": {"datetime": "2021-09-24 09:16:51", "elapsed": 190.931335, "delta": 0.989199}}
{"target": 0.39802096186110025, "params": {"C": 50.25195827748343, "epsilon": 0.30990377638668715, "gamma": 0.06572964471189675}, "datetime": {"datetime": "2021-09-24 09:16:53", "elapsed": 192.491182, "delta": 1.559847}}
{"target": 0.43283240063389394, "params": {"C": 50.379318461844875, "epsilon": 0.48460277810046076, "gamma": 0.02564628178388084}, "datetime": {"datetime": "2021-09-24 09:16:54", "elapsed": 193.989588, "delta": 1.498406}}
{"target": 0.40850017119252124, "params": {"C": 60.29911327807313, "epsilon": 0.6805342712883088, "gamma": 0.05326846864384813}, "datetime": {"datetime": "2021-09-24 09:16:56", "elapsed": 195.476874, "delta": 1.487286}}
{"target": 0.4347201835293062, "params": {"C": 45.7045656732889, "epsilon": 0.7773304901565419, "gamma": 0.018200269065007796}, "datetime": {"datetime": "2021-09-24 09:16:58", "elapsed": 197.419107, "delta": 1.942233}}
{"target": 0.4462276667326489, "params": {"C": 78.1414517721759, "epsilon": 0.48600248488876074, "gamma": 0.015957073311596733}, "datetime": {"datetime": "2021-09-24 09:16:59", "elapsed": 198.906508, "delta": 1.487401}}
{"target": 0.3585189426972083, "params": {"C": 30.279158764204396, "epsilon": 0.9560095545814072, "gamma": 0.14695061002944187}, "datetime": {"datetime": "2021-09-24 09:17:00", "elapsed": 200.03609, "delta": 1.129582}}
{"target": 0.40971989816464216, "params": {"C": 18.848411934657868, "epsilon": 0.7482296022006575, "gamma": 0.06913535152556056}, "datetime": {"datetime": "2021-09-24 09:17:01", "elapsed": 201.103306, "delta": 1.067216}}
{"target": 0.41322868655664013, "params": {"C": 33.89467739819531, "epsilon": 0.8093320824666276, "gamma": 0.05515688004817788}, "datetime": {"datetime": "2021-09-24 09:17:02", "elapsed": 202.159128, "delta": 1.055822}}
{"target": 0.4221725120253301, "params": {"C": 29.762109742951697, "epsilon": 0.8378558381747392, "gamma": 0.008183232629797303}, "datetime": {"datetime": "2021-09-24 09:17:03", "elapsed": 203.266621, "delta": 1.107493}}
