{"target": -43.039554411898706, "params": {"C": 363.70176184827056, "epsilon": 1.8271851921043871, "gamma": 0.012689094782781326}, "datetime": {"datetime": "2021-09-24 17:01:23", "elapsed": 195.162038, "delta": 1.540418}}
{"target": -43.90768237801213, "params": {"C": 310.00119760680764, "epsilon": 2.0692745615510773, "gamma": 0.0015552230363566934}, "datetime": {"datetime": "2021-09-24 17:01:24", "elapsed": 196.475463, "delta": 1.313425}}
{"target": -44.01177614820733, "params": {"C": 395.7839103337983, "epsilon": 3.233098711018744, "gamma": 0.01913820699773893}, "datetime": {"datetime": "2021-09-24 17:01:26", "elapsed": 198.214797, "delta": 1.739334}}
{"target": -44.61740910998155, "params": {"C": 397.82300844588394, "epsilon": 1.666183592963664, "gamma": 0.025311498213613823}, "datetime": {"datetime": "2021-09-24 17:01:27", "elapsed": 199.567807, "delta": 1.35301}}
{"target": -44.05137018998785, "params": {"C": 386.8082711265246, "epsilon": 2.7465723980920957, "gamma": 0.01950431174788747}, "datetime": {"datetime": "2021-09-24 17:01:29", "elapsed": 201.590911, "delta": 2.023104}}
{"target": -42.71042994960866, "params": {"C": 349.92763274483843, "epsilon": 2.260092551980103, "gamma": 0.007412280070375533}, "datetime": {"datetime": "2021-09-24 17:01:31", "elapsed": 202.948451, "delta": 1.35754}}
{"target": -43.52981119629191, "params": {"C": 371.8611245416545, "epsilon": 2.5754822910814967, "gamma": 0.0009989190034422368}, "datetime": {"datetime": "2021-09-24 17:01:32", "elapsed": 204.123029, "delta": 1.174578}}
{"target": -43.24530100247905, "params": {"C": 348.13840090503356, "epsilon": 0.037087007305603256, "gamma": 0.015395045904129141}, "datetime": {"datetime": "2021-09-24 17:01:33", "elapsed": 205.609198, "delta": 1.486169}}
{"target": -44.31929864589886, "params": {"C": 318.8618701004596, "epsilon": 1.6107053489488485, "gamma": 0.025872396730748627}, "datetime": {"datetime": "2021-09-24 17:01:36", "elapsed": 207.803608, "delta": 2.19441}}
{"target": -44.00539189818718, "params": {"C": 352.90840394382985, "epsilon": 1.8046555299008564, "gamma": 0.019683187047938328}, "datetime": {"datetime": "2021-09-24 17:01:37", "elapsed": 209.346036, "delta": 1.542428}}
{"target": -43.38283303146697, "params": {"C": 341.0059203887667, "epsilon": 0.5616370749415618, "gamma": 0.015900163373536638}, "datetime": {"datetime": "2021-09-24 17:01:39", "elapsed": 210.829844, "delta": 1.483808}}
{"target": -43.846678969951874, "params": {"C": 392.6163622897681, "epsilon": 3.809404555226559, "gamma": 0.0014125470635235745}, "datetime": {"datetime": "2021-09-24 17:01:40", "elapsed": 212.500361, "delta": 1.670517}}
{"target": -44.23098216561862, "params": {"C": 378.28094077650303, "epsilon": 2.5611677208078905, "gamma": 0.021946396741081908}, "datetime": {"datetime": "2021-09-24 17:01:42", "elapsed": 214.085878, "delta": 1.585517}}
{"target": -44.57671128560114, "params": {"C": 329.5749078426307, "epsilon": 3.8251831148029893, "gamma": 0.02940444799903865}, "datetime": {"datetime": "2021-09-24 17:01:44", "elapsed": 215.69725, "delta": 1.611372}}
{"target": -43.09111503478283, "params": {"C": 318.02869892389685, "epsilon": 2.999470991728338, "gamma": 0.014206971338213505}, "datetime": {"datetime": "2021-09-24 17:01:45", "elapsed": 217.399391, "delta": 1.702141}}
{"target": -42.924421578579846, "params": {"C": 333.22694686686395, "epsilon": 3.242290658050562, "gamma": 0.011476947714107223}, "datetime": {"datetime": "2021-09-24 17:01:47", "elapsed": 219.130851, "delta": 1.73146}}
{"target": -43.71748189109738, "params": {"C": 329.05263610399163, "epsilon": 3.3556433208745893, "gamma": 0.002302899795483903}, "datetime": {"datetime": "2021-09-24 17:01:49", "elapsed": 220.711172, "delta": 1.580321}}
{"target": -45.11921519425238, "params": {"C": 398.6580251032276, "epsilon": 2.04953139599598, "gamma": 0.028077841046040587}, "datetime": {"datetime": "2021-09-24 17:01:50", "elapsed": 222.119648, "delta": 1.408476}}
{"target": -43.064950089086274, "params": {"C": 318.31110431032675, "epsilon": 3.6245262293509652, "gamma": 0.004785122749801998}, "datetime": {"datetime": "2021-09-24 17:01:52", "elapsed": 223.84415, "delta": 1.724502}}
{"target": -43.16387885088116, "params": {"C": 356.6066269058288, "epsilon": 0.48813799947727166, "gamma": 0.004224481248462749}, "datetime": {"datetime": "2021-09-24 17:01:53", "elapsed": 225.167212, "delta": 1.323062}}
{"target": -44.681669512051506, "params": {"C": 399.9872176152337, "epsilon": 0.05908575596030931, "gamma": 0.023784086615960803}, "datetime": {"datetime": "2021-09-24 17:01:54", "elapsed": 226.607875, "delta": 1.440663}}
{"target": -44.337731412833, "params": {"C": 314.0760135250378, "epsilon": 0.4081173389540427, "gamma": 0.024631333753407914}, "datetime": {"datetime": "2021-09-24 17:01:56", "elapsed": 227.996775, "delta": 1.3889}}
{"target": -42.867882404350894, "params": {"C": 350.2447189686576, "epsilon": 0.7476185159141228, "gamma": 0.012041791277443047}, "datetime": {"datetime": "2021-09-24 17:01:58", "elapsed": 230.605598, "delta": 2.608823}}
{"target": -42.8513468812497, "params": {"C": 349.1816521006059, "epsilon": 0.6099624120700484, "gamma": 0.0064022926930032455}, "datetime": {"datetime": "2021-09-24 17:02:00", "elapsed": 232.0479, "delta": 1.442302}}
{"target": -43.07747702252266, "params": {"C": 372.7860644720134, "epsilon": 0.2393074898840533, "gamma": 0.005379854634980288}, "datetime": {"datetime": "2021-09-24 17:02:02", "elapsed": 234.098922, "delta": 2.051022}}
{"target": -43.048514297740404, "params": {"C": 388.92227362262395, "epsilon": 2.1457694119397575, "gamma": 0.01186193829328164}, "datetime": {"datetime": "2021-09-24 17:02:03", "elapsed": 235.659105, "delta": 1.560183}}
{"target": -42.983208399794755, "params": {"C": 361.03860471620874, "epsilon": 1.2271095196421553, "gamma": 0.012357298249287618}, "datetime": {"datetime": "2021-09-24 17:02:05", "elapsed": 237.21868, "delta": 1.559575}}
{"target": -44.16122973556969, "params": {"C": 318.8086377005875, "epsilon": 3.051491612182713, "gamma": 0.025331319654069415}, "datetime": {"datetime": "2021-09-24 17:02:06", "elapsed": 238.602396, "delta": 1.383716}}
{"target": -44.00852782591943, "params": {"C": 302.50163599469437, "epsilon": 0.107938042299756, "gamma": 0.021512420448766136}, "datetime": {"datetime": "2021-09-24 17:02:09", "elapsed": 240.72337, "delta": 2.120974}}
{"target": -42.765318646329284, "params": {"C": 347.2551265085758, "epsilon": 3.219063841108453, "gamma": 0.010137358282918105}, "datetime": {"datetime": "2021-09-24 17:02:10", "elapsed": 242.259983, "delta": 1.536613}}
{"target": -42.95872152545506, "params": {"C": 374.1000926338106, "epsilon": 2.7205745618422315, "gamma": 0.0112123158238494}, "datetime": {"datetime": "2021-09-24 17:02:12", "elapsed": 244.458921, "delta": 2.198938}}
{"target": -43.712705310499686, "params": {"C": 359.2023559502754, "epsilon": 0.6857924392466251, "gamma": 0.016624522076565187}, "datetime": {"datetime": "2021-09-24 17:02:14", "elapsed": 246.149986, "delta": 1.691065}}
{"target": -44.09209386752697, "params": {"C": 352.8066044143698, "epsilon": 3.907167947374495, "gamma": 0.023091967724837136}, "datetime": {"datetime": "2021-09-24 17:02:16", "elapsed": 248.557304, "delta": 2.407318}}
{"target": -42.731967202776765, "params": {"C": 344.3404868166652, "epsilon": 2.3307916841598413, "gamma": 0.010598959005862087}, "datetime": {"datetime": "2021-09-24 17:02:19", "elapsed": 250.67308, "delta": 2.115776}}
{"target": -43.106624411301446, "params": {"C": 366.151882994795, "epsilon": 2.778839611201358, "gamma": 0.013063663781125862}, "datetime": {"datetime": "2021-09-24 17:02:20", "elapsed": 252.49715, "delta": 1.82407}}
{"target": -44.00137941579762, "params": {"C": 378.5943392835466, "epsilon": 1.7861848368091615, "gamma": 0.018202013720397984}, "datetime": {"datetime": "2021-09-24 17:02:22", "elapsed": 254.110839, "delta": 1.613689}}
{"target": -43.006117775781306, "params": {"C": 344.10039465581974, "epsilon": 0.32785720339362134, "gamma": 0.014231616486344027}, "datetime": {"datetime": "2021-09-24 17:02:24", "elapsed": 256.049494, "delta": 1.938655}}
{"target": -42.70369174527754, "params": {"C": 314.9211854461273, "epsilon": 3.0354979780618163, "gamma": 0.01047012375246758}, "datetime": {"datetime": "2021-09-24 17:02:25", "elapsed": 257.266909, "delta": 1.217415}}
{"target": -44.5872384241341, "params": {"C": 325.63000306515545, "epsilon": 3.656310133885986, "gamma": 0.029617199745501463}, "datetime": {"datetime": "2021-09-24 17:02:27", "elapsed": 259.37409, "delta": 2.107181}}
{"target": -43.861062700186835, "params": {"C": 396.06941745930794, "epsilon": 3.4041912452164245, "gamma": 0.016484251121031846}, "datetime": {"datetime": "2021-09-24 17:02:29", "elapsed": 261.206985, "delta": 1.832895}}
{"target": -44.63931207370733, "params": {"C": 322.84442354069864, "epsilon": 2.810945352289731, "gamma": 0.02967478768223682}, "datetime": {"datetime": "2021-09-24 17:02:31", "elapsed": 263.619811, "delta": 2.412826}}
{"target": -43.17991283934133, "params": {"C": 395.6484520154299, "epsilon": 2.1384482078755815, "gamma": 0.0042951690844876215}, "datetime": {"datetime": "2021-09-24 17:02:33", "elapsed": 265.08399, "delta": 1.464179}}
{"target": -44.02094371504341, "params": {"C": 355.0374795799389, "epsilon": 1.4149993529572342, "gamma": 0.0198477616902667}, "datetime": {"datetime": "2021-09-24 17:02:34", "elapsed": 266.444412, "delta": 1.360422}}
{"target": -42.7031298346427, "params": {"C": 391.4354424677327, "epsilon": 1.1526656954996863, "gamma": 0.009739852897051504}, "datetime": {"datetime": "2021-09-24 17:02:36", "elapsed": 268.215427, "delta": 1.771015}}
{"target": -44.412145320829346, "params": {"C": 354.596118123539, "epsilon": 2.6187834327305577, "gamma": 0.026239554165830143}, "datetime": {"datetime": "2021-09-24 17:02:38", "elapsed": 269.740398, "delta": 1.524971}}
{"target": -43.54019500004175, "params": {"C": 336.4015178935824, "epsilon": 3.3276052432288843, "gamma": 0.0029876257382115906}, "datetime": {"datetime": "2021-09-24 17:02:40", "elapsed": 272.089914, "delta": 2.349516}}
{"target": -42.595928486811935, "params": {"C": 305.9346445424445, "epsilon": 1.9557461239838903, "gamma": 0.009215206519330318}, "datetime": {"datetime": "2021-09-24 17:02:43", "elapsed": 275.336136, "delta": 3.246222}}
{"target": -44.09035205447362, "params": {"C": 384.8405566907311, "epsilon": 2.8878303201073017, "gamma": 0.02014145495641116}, "datetime": {"datetime": "2021-09-24 17:02:46", "elapsed": 277.660647, "delta": 2.324511}}
{"target": -43.01541621693728, "params": {"C": 303.1479022715941, "epsilon": 2.7041808441504784, "gamma": 0.013832453906915747}, "datetime": {"datetime": "2021-09-24 17:02:48", "elapsed": 279.740834, "delta": 2.080187}}
{"target": -43.681717030092756, "params": {"C": 328.5880010433008, "epsilon": 3.1468755897105036, "gamma": 0.002258111703989653}, "datetime": {"datetime": "2021-09-24 17:02:51", "elapsed": 283.060678, "delta": 3.319844}}
{"target": -43.05044752530755, "params": {"C": 314.5315613680844, "epsilon": 3.183306687663962, "gamma": 0.01394149383011124}, "datetime": {"datetime": "2021-09-24 17:02:53", "elapsed": 285.573305, "delta": 2.512627}}
{"target": -44.19175367055153, "params": {"C": 331.9733022705385, "epsilon": 1.5461970150360256, "gamma": 0.023364777234848786}, "datetime": {"datetime": "2021-09-24 17:02:55", "elapsed": 287.177541, "delta": 1.604236}}
{"target": -43.27814457385366, "params": {"C": 326.3229010583467, "epsilon": 3.4199705893121197, "gamma": 0.015163561023040844}, "datetime": {"datetime": "2021-09-24 17:02:57", "elapsed": 288.872644, "delta": 1.695103}}
{"target": -44.32940632076929, "params": {"C": 322.81745443471704, "epsilon": 2.9453378446938614, "gamma": 0.027306195779713698}, "datetime": {"datetime": "2021-09-24 17:03:00", "elapsed": 291.83885, "delta": 2.966206}}
{"target": -43.39722429480521, "params": {"C": 327.8836535439176, "epsilon": 0.8859192323069672, "gamma": 0.016170544395572535}, "datetime": {"datetime": "2021-09-24 17:03:01", "elapsed": 293.589132, "delta": 1.750282}}
{"target": -44.66189716272138, "params": {"C": 359.7968271405119, "epsilon": 0.2047469731570124, "gamma": 0.026185250546388487}, "datetime": {"datetime": "2021-09-24 17:03:04", "elapsed": 295.761159, "delta": 2.172027}}
{"target": -43.94148386236457, "params": {"C": 371.3069283060987, "epsilon": 2.3455021105233382, "gamma": 0.0012683518802483714}, "datetime": {"datetime": "2021-09-24 17:03:06", "elapsed": 298.429121, "delta": 2.667962}}
{"target": -43.43574169605886, "params": {"C": 361.6977493328941, "epsilon": 1.9563952202150627, "gamma": 0.014984455626609767}, "datetime": {"datetime": "2021-09-24 17:03:09", "elapsed": 300.993632, "delta": 2.564511}}
{"target": -43.361878994122286, "params": {"C": 393.59570878864224, "epsilon": 3.273842568607146, "gamma": 0.013683993553626147}, "datetime": {"datetime": "2021-09-24 17:03:11", "elapsed": 302.67281, "delta": 1.679178}}
{"target": -42.5904702084416, "params": {"C": 329.20063678461054, "epsilon": 0.39777140107783204, "gamma": 0.010237081696447428}, "datetime": {"datetime": "2021-09-24 17:03:12", "elapsed": 304.168781, "delta": 1.495971}}
{"target": -43.5849894282068, "params": {"C": 313.63624568600596, "epsilon": 1.50801486738639, "gamma": 0.01726387491528834}, "datetime": {"datetime": "2021-09-24 17:03:14", "elapsed": 306.46346, "delta": 2.294679}}
{"target": -43.68235412185551, "params": {"C": 349.5526101141046, "epsilon": 3.4861665820135177, "gamma": 0.0025704626227505177}, "datetime": {"datetime": "2021-09-24 17:03:16", "elapsed": 308.64232, "delta": 2.17886}}
{"target": -43.00263008867503, "params": {"C": 301.2847997412693, "epsilon": 3.493605834162107, "gamma": 0.0051051113673129585}, "datetime": {"datetime": "2021-09-24 17:03:19", "elapsed": 310.718611, "delta": 2.076291}}
{"target": -44.568761461829915, "params": {"C": 337.402766873438, "epsilon": 1.4741945530700309, "gamma": 0.028208042688864322}, "datetime": {"datetime": "2021-09-24 17:03:20", "elapsed": 312.316445, "delta": 1.597834}}
{"target": -43.868935481393024, "params": {"C": 356.57246797552705, "epsilon": 0.7563295866038939, "gamma": 0.0019930064502653964}, "datetime": {"datetime": "2021-09-24 17:03:22", "elapsed": 314.332454, "delta": 2.016009}}
{"target": -44.10573410843031, "params": {"C": 326.78066358865397, "epsilon": 2.9428062577169194, "gamma": 0.02277430106709813}, "datetime": {"datetime": "2021-09-24 17:03:24", "elapsed": 316.356066, "delta": 2.023612}}
{"target": -43.50169703013815, "params": {"C": 361.38996592154456, "epsilon": 1.7606259597480454, "gamma": 0.015289087940011858}, "datetime": {"datetime": "2021-09-24 17:03:27", "elapsed": 318.971771, "delta": 2.615705}}
{"target": -44.13524913244372, "params": {"C": 364.3173564514138, "epsilon": 1.169400016482347, "gamma": 0.02101069983501078}, "datetime": {"datetime": "2021-09-24 17:03:29", "elapsed": 320.844043, "delta": 1.872272}}
{"target": -43.84039627837842, "params": {"C": 392.8629146406255, "epsilon": 1.0967422704653476, "gamma": 0.0019136050018438975}, "datetime": {"datetime": "2021-09-24 17:03:30", "elapsed": 322.26234, "delta": 1.418297}}
{"target": -42.85145048495801, "params": {"C": 342.08648766045184, "epsilon": 3.1451019821295447, "gamma": 0.010730318294975059}, "datetime": {"datetime": "2021-09-24 17:03:32", "elapsed": 324.141162, "delta": 1.878822}}
{"target": -44.061578579424314, "params": {"C": 338.6029204593751, "epsilon": 0.34229709809362574, "gamma": 0.02034915867368299}, "datetime": {"datetime": "2021-09-24 17:03:34", "elapsed": 326.003256, "delta": 1.862094}}
{"target": -43.79283528395224, "params": {"C": 319.1206176222731, "epsilon": 2.369243114635014, "gamma": 0.01833117046711528}, "datetime": {"datetime": "2021-09-24 17:03:36", "elapsed": 328.091642, "delta": 2.088386}}
{"target": -43.980275078610134, "params": {"C": 300.9131146892251, "epsilon": 0.9453207716813923, "gamma": 0.021855592778810592}, "datetime": {"datetime": "2021-09-24 17:03:38", "elapsed": 329.875151, "delta": 1.783509}}
{"target": -43.91415568871536, "params": {"C": 372.02430709693994, "epsilon": 3.2771746663833348, "gamma": 0.01764354180388782}, "datetime": {"datetime": "2021-09-24 17:03:40", "elapsed": 331.884565, "delta": 2.009414}}
{"target": -42.90369615340436, "params": {"C": 335.7609551266093, "epsilon": 3.0391294588325235, "gamma": 0.011540887040866301}, "datetime": {"datetime": "2021-09-24 17:03:42", "elapsed": 334.365577, "delta": 2.481012}}
{"target": -44.002313362702154, "params": {"C": 349.63995151075346, "epsilon": 2.496360442085802, "gamma": 0.019694567103508802}, "datetime": {"datetime": "2021-09-24 17:03:45", "elapsed": 337.135725, "delta": 2.770148}}
{"target": -43.49379583951989, "params": {"C": 385.55247609426397, "epsilon": 1.7156548212551699, "gamma": 0.014592624781395272}, "datetime": {"datetime": "2021-09-24 17:03:47", "elapsed": 338.792562, "delta": 1.656837}}
{"target": -44.1132288726259, "params": {"C": 370.5150689889532, "epsilon": 3.607961267131887, "gamma": 0.02193948223247454}, "datetime": {"datetime": "2021-09-24 17:03:49", "elapsed": 340.681662, "delta": 1.8891}}
{"target": -44.29282541137814, "params": {"C": 394.9275331033058, "epsilon": 2.016339523674274, "gamma": 0.021958159488055937}, "datetime": {"datetime": "2021-09-24 17:03:50", "elapsed": 342.456198, "delta": 1.774536}}
{"target": -44.14656158337266, "params": {"C": 300.8873950613473, "epsilon": 3.355419329514946, "gamma": 0.026702653537674866}, "datetime": {"datetime": "2021-09-24 17:03:52", "elapsed": 344.456901, "delta": 2.000703}}
{"target": -42.73358501646922, "params": {"C": 378.0154922190755, "epsilon": 1.4839471825331414, "gamma": 0.0070895273277819006}, "datetime": {"datetime": "2021-09-24 17:03:54", "elapsed": 346.502582, "delta": 2.045681}}
{"target": -42.675446288853024, "params": {"C": 313.9906025911507, "epsilon": 2.0572658636535515, "gamma": 0.008197293122644065}, "datetime": {"datetime": "2021-09-24 17:03:57", "elapsed": 349.054701, "delta": 2.552119}}
{"target": -44.46486000978783, "params": {"C": 394.50251638161825, "epsilon": 0.25730947186159847, "gamma": 0.021904221330327378}, "datetime": {"datetime": "2021-09-24 17:03:59", "elapsed": 350.737137, "delta": 1.682436}}
{"target": -44.7839086042811, "params": {"C": 372.0670474380057, "epsilon": 0.1746112908484026, "gamma": 0.026938069316879285}, "datetime": {"datetime": "2021-09-24 17:04:01", "elapsed": 353.344695, "delta": 2.607558}}
{"target": -43.64399454157769, "params": {"C": 370.1570644130102, "epsilon": 2.2190059615322824, "gamma": 0.015555694424639162}, "datetime": {"datetime": "2021-09-24 17:04:03", "elapsed": 355.135976, "delta": 1.791281}}
{"target": -43.09596382219466, "params": {"C": 362.5096920989692, "epsilon": 2.8523120802630086, "gamma": 0.013068026601406976}, "datetime": {"datetime": "2021-09-24 17:04:05", "elapsed": 356.666862, "delta": 1.530886}}
{"target": -43.30633176188131, "params": {"C": 378.6154107769107, "epsilon": 3.122395446560661, "gamma": 0.013814099198653885}, "datetime": {"datetime": "2021-09-24 17:04:06", "elapsed": 358.485443, "delta": 1.818581}}
{"target": -44.0961536232965, "params": {"C": 378.87518342519894, "epsilon": 0.6595513206971848, "gamma": 0.019194031324178695}, "datetime": {"datetime": "2021-09-24 17:04:09", "elapsed": 360.739638, "delta": 2.254195}}
{"target": -42.80605389724404, "params": {"C": 388.37106769425924, "epsilon": 2.2399578493210104, "gamma": 0.01022564206757129}, "datetime": {"datetime": "2021-09-24 17:04:10", "elapsed": 362.572148, "delta": 1.83251}}
{"target": -42.95360913781913, "params": {"C": 385.21666191047655, "epsilon": 2.591781140049007, "gamma": 0.01097775660944209}, "datetime": {"datetime": "2021-09-24 17:04:12", "elapsed": 364.44881, "delta": 1.876662}}
{"target": -42.75037522488596, "params": {"C": 399.02590853498623, "epsilon": 0.8725655127645339, "gamma": 0.006497092635592651}, "datetime": {"datetime": "2021-09-24 17:04:14", "elapsed": 366.412801, "delta": 1.963991}}
{"target": -43.255302529187276, "params": {"C": 391.39116853885133, "epsilon": 1.545353176781162, "gamma": 0.00400193654165257}, "datetime": {"datetime": "2021-09-24 17:04:16", "elapsed": 368.346318, "delta": 1.933517}}
{"target": -42.9764810855101, "params": {"C": 317.165959335979, "epsilon": 3.993123067336948, "gamma": 0.011597195397391766}, "datetime": {"datetime": "2021-09-24 17:04:18", "elapsed": 370.253207, "delta": 1.906889}}
{"target": -43.92423543045775, "params": {"C": 305.6002738730582, "epsilon": 0.6157629394494385, "gamma": 0.020826316981925365}, "datetime": {"datetime": "2021-09-24 17:04:20", "elapsed": 371.987386, "delta": 1.734179}}
{"target": -44.07003346845118, "params": {"C": 376.69512249131947, "epsilon": 3.2624972781408426, "gamma": 0.020532293607551644}, "datetime": {"datetime": "2021-09-24 17:04:22", "elapsed": 373.937032, "delta": 1.949646}}
{"target": -44.807966899117375, "params": {"C": 357.66965112449236, "epsilon": 1.368461926243105, "gamma": 0.028523863962681625}, "datetime": {"datetime": "2021-09-24 17:04:24", "elapsed": 376.60128, "delta": 2.664248}}
{"target": -44.10018610579645, "params": {"C": 319.10809029466384, "epsilon": 2.054481649764144, "gamma": 0.022919840180824932}, "datetime": {"datetime": "2021-09-24 17:04:27", "elapsed": 378.812946, "delta": 2.211666}}
{"target": -43.70204900566875, "params": {"C": 321.0688205999341, "epsilon": 3.089536245120713, "gamma": 0.017803292643779393}, "datetime": {"datetime": "2021-09-24 17:04:29", "elapsed": 380.746094, "delta": 1.933148}}
{"target": -42.73533274389391, "params": {"C": 343.3137777196036, "epsilon": 3.4432930563815147, "gamma": 0.00954362791147204}, "datetime": {"datetime": "2021-09-24 17:04:31", "elapsed": 382.735551, "delta": 1.989457}}
{"target": -43.43758949174196, "params": {"C": 397.3057152270911, "epsilon": 1.9277059650561492, "gamma": 0.0033822834902244884}, "datetime": {"datetime": "2021-09-24 17:04:32", "elapsed": 384.611776, "delta": 1.876225}}
