{"target": -47.226664039499525, "params": {"C": 404.9152652733944, "epsilon": 2.0253288940903116, "gamma": 0.09688657589547955}, "datetime": {"datetime": "2021-09-28 14:46:26", "elapsed": 8.122365, "delta": 0.428178}}
{"target": -42.563612889754346, "params": {"C": 457.55801698943037, "epsilon": 0.8703209606649133, "gamma": 0.059485367786146603}, "datetime": {"datetime": "2021-09-28 14:46:27", "elapsed": 8.577861, "delta": 0.455496}}
{"target": -43.353787189139645, "params": {"C": 431.1690740546146, "epsilon": 0.7730199081377901, "gamma": 0.06902255656590223}, "datetime": {"datetime": "2021-09-28 14:46:27", "elapsed": 8.98187, "delta": 0.404009}}
{"target": -49.57891917462727, "params": {"C": 361.21734753585747, "epsilon": 2.230095862435162, "gamma": 0.13909533388254866}, "datetime": {"datetime": "2021-09-28 14:46:27", "elapsed": 9.333453, "delta": 0.351583}}
{"target": -47.159173249746466, "params": {"C": 420.0557927212695, "epsilon": 2.0313768569886133, "gamma": 0.09452386854666847}, "datetime": {"datetime": "2021-09-28 14:46:28", "elapsed": 9.935353, "delta": 0.6019}}
{"target": -37.87359490765531, "params": {"C": 463.5336774613733, "epsilon": 0.5667126374936095, "gamma": 0.012495846217831594}, "datetime": {"datetime": "2021-09-28 14:46:28", "elapsed": 10.393349, "delta": 0.457996}}
{"target": -49.40012440278007, "params": {"C": 403.6345068879572, "epsilon": 0.15404956761187458, "gamma": 0.12393610911432869}, "datetime": {"datetime": "2021-09-28 14:46:29", "elapsed": 10.863467, "delta": 0.470118}}
{"target": -48.808744330369294, "params": {"C": 332.9975618518326, "epsilon": 0.8900300138411679, "gamma": 0.12874432972814928}, "datetime": {"datetime": "2021-09-28 14:46:29", "elapsed": 11.223985, "delta": 0.360518}}
{"target": -40.7941801482243, "params": {"C": 493.10554350235236, "epsilon": 1.8968558098374024, "gamma": 0.03662150304525213}, "datetime": {"datetime": "2021-09-28 14:46:30", "elapsed": 11.499639, "delta": 0.275654}}
{"target": -44.2816895427939, "params": {"C": 460.8597439771306, "epsilon": 1.4978267098612934, "gamma": 0.07386419826599837}, "datetime": {"datetime": "2021-09-28 14:46:30", "elapsed": 11.722632, "delta": 0.222993}}
{"target": -40.432834718933165, "params": {"C": 315.49311271384886, "epsilon": 0.7860821642803935, "gamma": 0.043678700239352004}, "datetime": {"datetime": "2021-09-28 14:46:30", "elapsed": 12.09526, "delta": 0.372628}}
{"target": -52.514851676396646, "params": {"C": 495.8043413442829, "epsilon": 0.6880866401685491, "gamma": 0.17970605697610126}, "datetime": {"datetime": "2021-09-28 14:46:31", "elapsed": 12.454257, "delta": 0.358997}}
{"target": -41.13743131483049, "params": {"C": 303.83585330063175, "epsilon": 2.0403282937921197, "gamma": 0.06068638591816403}, "datetime": {"datetime": "2021-09-28 14:46:31", "elapsed": 12.697258, "delta": 0.243001}}
{"target": -51.7586761462214, "params": {"C": 429.38437347070885, "epsilon": 0.23911990776024972, "gamma": 0.15955583963591238}, "datetime": {"datetime": "2021-09-28 14:46:31", "elapsed": 12.951916, "delta": 0.254658}}
{"target": -50.41248175654606, "params": {"C": 477.13254964700013, "epsilon": 1.5448290085749101, "gamma": 0.12698990300117202}, "datetime": {"datetime": "2021-09-28 14:46:31", "elapsed": 13.397925, "delta": 0.446009}}
{"target": -52.36185152219306, "params": {"C": 464.3797295478263, "epsilon": 2.861399223644007, "gamma": 0.17789271027737866}, "datetime": {"datetime": "2021-09-28 14:46:32", "elapsed": 13.720927, "delta": 0.323002}}
{"target": -51.43853973453548, "params": {"C": 403.2147036393923, "epsilon": 2.1349471643283184, "gamma": 0.16157715146901525}, "datetime": {"datetime": "2021-09-28 14:46:32", "elapsed": 14.053451, "delta": 0.332524}}
{"target": -37.30773416714387, "params": {"C": 499.7920381692493, "epsilon": 0.10479302037077276, "gamma": 0.00751983421563108}, "datetime": {"datetime": "2021-09-28 14:46:32", "elapsed": 14.285452, "delta": 0.232001}}
{"target": -49.30710565542897, "params": {"C": 467.92386663033847, "epsilon": 2.117010242609934, "gamma": 0.11390015340918538}, "datetime": {"datetime": "2021-09-28 14:46:33", "elapsed": 14.511447, "delta": 0.225995}}
{"target": -48.93253635181052, "params": {"C": 482.4872413349932, "epsilon": 0.41898159805352564, "gamma": 0.1035508899002753}, "datetime": {"datetime": "2021-09-28 14:46:33", "elapsed": 14.864474, "delta": 0.353027}}
{"target": -52.44866137937769, "params": {"C": 488.99583424524104, "epsilon": 0.3571942219110591, "gamma": 0.15540410669770402}, "datetime": {"datetime": "2021-09-28 14:46:33", "elapsed": 15.209476, "delta": 0.345002}}
{"target": -40.445550177652244, "params": {"C": 314.95953825768805, "epsilon": 0.12963015692099478, "gamma": 0.039480872174701934}, "datetime": {"datetime": "2021-09-28 14:46:34", "elapsed": 15.489473, "delta": 0.279997}}
{"target": -51.73714402696348, "params": {"C": 494.63985787397337, "epsilon": 0.43031738889370913, "gamma": 0.14309279553724635}, "datetime": {"datetime": "2021-09-28 14:46:34", "elapsed": 15.813474, "delta": 0.324001}}
{"target": -46.00867649100486, "params": {"C": 371.0675458431084, "epsilon": 2.9966279653481855, "gamma": 0.0927940611827909}, "datetime": {"datetime": "2021-09-28 14:46:34", "elapsed": 16.302024, "delta": 0.48855}}
{"target": -40.00140720263321, "params": {"C": 394.39891303705537, "epsilon": 2.4371459261236503, "gamma": 0.0294271995719878}, "datetime": {"datetime": "2021-09-28 14:46:35", "elapsed": 17.051681, "delta": 0.749657}}
{"target": -44.059262663934156, "params": {"C": 477.60308882866786, "epsilon": 1.9140642534327867, "gamma": 0.07094160644037052}, "datetime": {"datetime": "2021-09-28 14:46:36", "elapsed": 17.510679, "delta": 0.458998}}
{"target": -39.302837183214265, "params": {"C": 357.79209859304035, "epsilon": 2.555503133656325, "gamma": 0.02789649325985591}, "datetime": {"datetime": "2021-09-28 14:46:36", "elapsed": 17.905681, "delta": 0.395002}}
{"target": -49.38874310394264, "params": {"C": 435.0254610754108, "epsilon": 0.2647041543857846, "gamma": 0.11829308115344674}, "datetime": {"datetime": "2021-09-28 14:46:37", "elapsed": 18.454822, "delta": 0.549141}}
{"target": -48.89866648025637, "params": {"C": 411.63376481938326, "epsilon": 1.9588346028064192, "gamma": 0.11597167535026104}, "datetime": {"datetime": "2021-09-28 14:46:37", "elapsed": 18.895819, "delta": 0.440997}}
{"target": -41.12315060223255, "params": {"C": 405.3770654431781, "epsilon": 1.7387083663208582, "gamma": 0.04846686313272742}, "datetime": {"datetime": "2021-09-28 14:46:37", "elapsed": 19.232823, "delta": 0.337004}}
{"target": -46.84032281274434, "params": {"C": 344.3631851744184, "epsilon": 0.27419253127035376, "gamma": 0.10395936489084472}, "datetime": {"datetime": "2021-09-28 14:46:38", "elapsed": 19.76082, "delta": 0.527997}}
{"target": -50.280762980596506, "params": {"C": 422.1262127248048, "epsilon": 1.9687152293783519, "gamma": 0.13571633223521365}, "datetime": {"datetime": "2021-09-28 14:46:38", "elapsed": 20.086651, "delta": 0.325831}}
{"target": -43.32497143940173, "params": {"C": 422.3932214765551, "epsilon": 0.8155660710688383, "gamma": 0.0696237676743628}, "datetime": {"datetime": "2021-09-28 14:46:39", "elapsed": 20.598189, "delta": 0.511538}}
{"target": -47.944322579388185, "params": {"C": 317.9956979341349, "epsilon": 2.231376084432659, "gamma": 0.11721632925547086}, "datetime": {"datetime": "2021-09-28 14:46:39", "elapsed": 21.108783, "delta": 0.510594}}
{"target": -40.54861396730629, "params": {"C": 429.94521661839576, "epsilon": 2.4800834814755865, "gamma": 0.03913591659892939}, "datetime": {"datetime": "2021-09-28 14:46:40", "elapsed": 21.462588, "delta": 0.353805}}
{"target": -50.015670424949356, "params": {"C": 370.45393407118087, "epsilon": 0.5459844528771801, "gamma": 0.14385612406124806}, "datetime": {"datetime": "2021-09-28 14:46:40", "elapsed": 21.894591, "delta": 0.432003}}
{"target": -38.36920514659488, "params": {"C": 455.20852083275906, "epsilon": 2.5271254073921154, "gamma": 0.013945410184285013}, "datetime": {"datetime": "2021-09-28 14:46:40", "elapsed": 22.297656, "delta": 0.403065}}
{"target": -41.88887987016919, "params": {"C": 453.4031941140263, "epsilon": 1.4158674670097497, "gamma": 0.0532141727963526}, "datetime": {"datetime": "2021-09-28 14:46:41", "elapsed": 22.737651, "delta": 0.439995}}
{"target": -37.69372038539838, "params": {"C": 345.24853274478914, "epsilon": 1.2113137792135218, "gamma": 0.013657989880828853}, "datetime": {"datetime": "2021-09-28 14:46:41", "elapsed": 23.074653, "delta": 0.337002}}
{"target": -43.25388151826056, "params": {"C": 322.5214083006975, "epsilon": 1.0729768704008404, "gamma": 0.07951781555834804}, "datetime": {"datetime": "2021-09-28 14:46:42", "elapsed": 23.45108, "delta": 0.376427}}
{"target": -52.38600450707768, "params": {"C": 449.874689855491, "epsilon": 2.6773367360312865, "gamma": 0.17096424627182588}, "datetime": {"datetime": "2021-09-28 14:46:42", "elapsed": 23.882074, "delta": 0.430994}}
{"target": -47.054554858933315, "params": {"C": 324.70756640940755, "epsilon": 1.312857292129212, "gamma": 0.10827430252028647}, "datetime": {"datetime": "2021-09-28 14:46:42", "elapsed": 24.307806, "delta": 0.425732}}
{"target": -41.874277464575464, "params": {"C": 315.31851902588494, "epsilon": 1.434774124710005, "gamma": 0.06866325943558414}, "datetime": {"datetime": "2021-09-28 14:46:43", "elapsed": 24.727326, "delta": 0.41952}}
{"target": -50.48915444753796, "params": {"C": 362.99460353351026, "epsilon": 0.8469460777458394, "gamma": 0.1556309972221012}, "datetime": {"datetime": "2021-09-28 14:46:43", "elapsed": 25.210329, "delta": 0.483003}}
{"target": -51.332763911433275, "params": {"C": 396.2559367883012, "epsilon": 1.6220976471454234, "gamma": 0.16178669595279457}, "datetime": {"datetime": "2021-09-28 14:46:44", "elapsed": 25.651328, "delta": 0.440999}}
{"target": -44.70586022329489, "params": {"C": 403.1564825028803, "epsilon": 0.41682191923315226, "gamma": 0.08226934707950012}, "datetime": {"datetime": "2021-09-28 14:46:44", "elapsed": 26.125941, "delta": 0.474613}}
{"target": -47.096978796401736, "params": {"C": 492.60918675124833, "epsilon": 1.6137810250154352, "gamma": 0.08697014919354552}, "datetime": {"datetime": "2021-09-28 14:46:45", "elapsed": 26.548077, "delta": 0.422136}}
{"target": -44.50202290204256, "params": {"C": 359.3885829570418, "epsilon": 2.206694261726618, "gamma": 0.08502962154032646}, "datetime": {"datetime": "2021-09-28 14:46:45", "elapsed": 27.046078, "delta": 0.498001}}
{"target": -48.54884453624583, "params": {"C": 447.40878918652425, "epsilon": 1.102984223076161, "gamma": 0.1038176963196984}, "datetime": {"datetime": "2021-09-28 14:46:46", "elapsed": 27.442076, "delta": 0.395998}}
{"target": -46.42299005042453, "params": {"C": 364.6584062567706, "epsilon": 0.5136741417503587, "gamma": 0.09777780890601369}, "datetime": {"datetime": "2021-09-28 14:46:46", "elapsed": 27.889079, "delta": 0.447003}}
{"target": -39.0467244714779, "params": {"C": 320.64643799896277, "epsilon": 2.188919082194781, "gamma": 0.026342158955087614}, "datetime": {"datetime": "2021-09-28 14:46:46", "elapsed": 28.382076, "delta": 0.492997}}
{"target": -52.413569319654876, "params": {"C": 489.02639973500663, "epsilon": 1.0363616657147892, "gamma": 0.154917415018543}, "datetime": {"datetime": "2021-09-28 14:46:47", "elapsed": 28.807076, "delta": 0.425}}
{"target": -47.76861479053907, "params": {"C": 422.4704068573333, "epsilon": 1.3659781696146527, "gamma": 0.09883249413953771}, "datetime": {"datetime": "2021-09-28 14:46:47", "elapsed": 29.135077, "delta": 0.328001}}
{"target": -45.3388151001617, "params": {"C": 304.77973967286704, "epsilon": 0.8030884262555791, "gamma": 0.09886279652275079}, "datetime": {"datetime": "2021-09-28 14:46:48", "elapsed": 29.519079, "delta": 0.384002}}
{"target": -49.48794495162527, "params": {"C": 360.07007678110404, "epsilon": 1.9707904458472028, "gamma": 0.13748892032683177}, "datetime": {"datetime": "2021-09-28 14:46:48", "elapsed": 30.042091, "delta": 0.523012}}
{"target": -50.22682351530913, "params": {"C": 319.6564819329666, "epsilon": 2.1816782728208612, "gamma": 0.16564943173494132}, "datetime": {"datetime": "2021-09-28 14:46:49", "elapsed": 30.44209, "delta": 0.399999}}
{"target": -49.88379802135497, "params": {"C": 310.53865316791354, "epsilon": 1.166473093366109, "gamma": 0.16060323772083587}, "datetime": {"datetime": "2021-09-28 14:46:49", "elapsed": 30.871091, "delta": 0.429001}}
{"target": -37.75211067353727, "params": {"C": 313.40078110637205, "epsilon": 2.4886409624770285, "gamma": 0.01292677323789361}, "datetime": {"datetime": "2021-09-28 14:46:49", "elapsed": 31.29909, "delta": 0.427999}}
{"target": -50.42300188388323, "params": {"C": 411.22101174361757, "epsilon": 1.2130656822276833, "gamma": 0.14032303748306107}, "datetime": {"datetime": "2021-09-28 14:46:50", "elapsed": 31.797746, "delta": 0.498656}}
{"target": -50.14300861681933, "params": {"C": 358.24319577171286, "epsilon": 0.31308350108532274, "gamma": 0.14938812959460007}, "datetime": {"datetime": "2021-09-28 14:46:50", "elapsed": 32.290895, "delta": 0.493149}}
{"target": -47.650123177855875, "params": {"C": 401.9933145304462, "epsilon": 0.216478223015621, "gamma": 0.10086635623355296}, "datetime": {"datetime": "2021-09-28 14:46:51", "elapsed": 32.709891, "delta": 0.418996}}
{"target": -40.12003612044168, "params": {"C": 498.0250062910293, "epsilon": 2.2349506742900074, "gamma": 0.025500397005664244}, "datetime": {"datetime": "2021-09-28 14:46:51", "elapsed": 33.227895, "delta": 0.518004}}
{"target": -41.68196861497903, "params": {"C": 335.71796048350444, "epsilon": 1.4929493977409665, "gamma": 0.06412342063890221}, "datetime": {"datetime": "2021-09-28 14:46:52", "elapsed": 33.751896, "delta": 0.524001}}
{"target": -47.27848743622878, "params": {"C": 398.87647656216893, "epsilon": 2.489684567151519, "gamma": 0.0980218090996228}, "datetime": {"datetime": "2021-09-28 14:46:52", "elapsed": 34.313345, "delta": 0.561449}}
{"target": -49.05836328067364, "params": {"C": 392.35662365184317, "epsilon": 2.1023664107193567, "gamma": 0.1219217735733271}, "datetime": {"datetime": "2021-09-28 14:46:53", "elapsed": 34.748346, "delta": 0.435001}}
{"target": -38.98745274053238, "params": {"C": 472.12142981987347, "epsilon": 1.7284343022671822, "gamma": 0.018572607463434528}, "datetime": {"datetime": "2021-09-28 14:46:53", "elapsed": 35.273344, "delta": 0.524998}}
{"target": -36.101582007827254, "params": {"C": 336.39274954876527, "epsilon": 1.4781583959854874, "gamma": 0.0008351360124275985}, "datetime": {"datetime": "2021-09-28 14:46:54", "elapsed": 35.688889, "delta": 0.415545}}
{"target": -36.329944198854406, "params": {"C": 413.0621041703656, "epsilon": 2.6544322686201993, "gamma": 0.0008528653866901122}, "datetime": {"datetime": "2021-09-28 14:46:54", "elapsed": 36.140879, "delta": 0.45199}}
{"target": -46.75195957282391, "params": {"C": 376.66162892928, "epsilon": 2.211222898075172, "gamma": 0.09735298448015411}, "datetime": {"datetime": "2021-09-28 14:46:55", "elapsed": 36.607468, "delta": 0.466589}}
{"target": -43.57087957012401, "params": {"C": 462.38778943449023, "epsilon": 1.4776601868172572, "gamma": 0.06786598339236279}, "datetime": {"datetime": "2021-09-28 14:46:55", "elapsed": 37.184469, "delta": 0.577001}}
{"target": -50.661059366777714, "params": {"C": 476.4385236320919, "epsilon": 1.2942061349889797, "gamma": 0.13043259968137969}, "datetime": {"datetime": "2021-09-28 14:46:56", "elapsed": 37.721467, "delta": 0.536998}}
{"target": -39.18215290281834, "params": {"C": 489.00302733041985, "epsilon": 0.4157627002346848, "gamma": 0.017342845944785273}, "datetime": {"datetime": "2021-09-28 14:46:56", "elapsed": 38.219724, "delta": 0.498257}}
{"target": -44.14855688127073, "params": {"C": 333.59055472194655, "epsilon": 2.5628577236538055, "gamma": 0.085178436589164}, "datetime": {"datetime": "2021-09-28 14:46:57", "elapsed": 38.704726, "delta": 0.485002}}
{"target": -44.75527885342661, "params": {"C": 385.7988848812266, "epsilon": 0.7649168928515652, "gamma": 0.08441776018950446}, "datetime": {"datetime": "2021-09-28 14:46:57", "elapsed": 39.242727, "delta": 0.538001}}
{"target": -50.75867336699419, "params": {"C": 451.4696651894245, "epsilon": 1.1635274563897005, "gamma": 0.1370296171717444}, "datetime": {"datetime": "2021-09-28 14:46:58", "elapsed": 39.682727, "delta": 0.44}}
{"target": -49.13897177224396, "params": {"C": 310.3172969732928, "epsilon": 1.0807471897046808, "gamma": 0.14262007232188556}, "datetime": {"datetime": "2021-09-28 14:46:58", "elapsed": 40.224404, "delta": 0.541677}}
{"target": -50.734681454047795, "params": {"C": 402.09436525422996, "epsilon": 0.07635182158100934, "gamma": 0.1484644046065882}, "datetime": {"datetime": "2021-09-28 14:46:59", "elapsed": 40.7234, "delta": 0.498996}}
{"target": -37.18082701461499, "params": {"C": 493.7039876951769, "epsilon": 2.936004801309404, "gamma": 0.0030589284326873424}, "datetime": {"datetime": "2021-09-28 14:46:59", "elapsed": 41.202401, "delta": 0.479001}}
{"target": -52.59429421095383, "params": {"C": 498.72895166085084, "epsilon": 1.4192928060585859, "gamma": 0.15982519619168456}, "datetime": {"datetime": "2021-09-28 14:47:00", "elapsed": 41.804123, "delta": 0.601722}}
{"target": -45.99839735602832, "params": {"C": 316.5878211683428, "epsilon": 2.8794571506914632, "gamma": 0.10076265772716873}, "datetime": {"datetime": "2021-09-28 14:47:00", "elapsed": 42.270506, "delta": 0.466383}}
{"target": -47.09055710732168, "params": {"C": 423.54205045533604, "epsilon": 0.9195179547589637, "gamma": 0.09419734865222698}, "datetime": {"datetime": "2021-09-28 14:47:01", "elapsed": 42.896511, "delta": 0.626005}}
{"target": -43.89161748604008, "params": {"C": 348.0928621003373, "epsilon": 1.2723005622157073, "gamma": 0.08174650097608158}, "datetime": {"datetime": "2021-09-28 14:47:01", "elapsed": 43.390507, "delta": 0.493996}}
{"target": -38.753887503161195, "params": {"C": 396.8640907732761, "epsilon": 2.7837215205637578, "gamma": 0.01920708884691624}, "datetime": {"datetime": "2021-09-28 14:47:02", "elapsed": 43.93451, "delta": 0.544003}}
{"target": -37.63779246127534, "params": {"C": 326.48916687994875, "epsilon": 1.3375683520479065, "gamma": 0.01184112196266996}, "datetime": {"datetime": "2021-09-28 14:47:03", "elapsed": 44.483178, "delta": 0.548668}}
{"target": -50.75499821894711, "params": {"C": 369.4070506494155, "epsilon": 0.2540446991966456, "gamma": 0.159283900265448}, "datetime": {"datetime": "2021-09-28 14:47:03", "elapsed": 45.120178, "delta": 0.637}}
{"target": -38.91573494378409, "params": {"C": 460.630540495536, "epsilon": 1.3111791221372435, "gamma": 0.01705081401315868}, "datetime": {"datetime": "2021-09-28 14:47:04", "elapsed": 45.623181, "delta": 0.503003}}
{"target": -44.61935434221557, "params": {"C": 466.175841286664, "epsilon": 0.9496837514039622, "gamma": 0.07580697702739976}, "datetime": {"datetime": "2021-09-28 14:47:04", "elapsed": 46.110521, "delta": 0.48734}}
{"target": -40.128865772899516, "params": {"C": 304.73522210077334, "epsilon": 2.2422607899232623, "gamma": 0.040611316899538154}, "datetime": {"datetime": "2021-09-28 14:47:05", "elapsed": 46.660759, "delta": 0.550238}}
{"target": -50.672910029101615, "params": {"C": 349.73310708047427, "epsilon": 2.6334130082490854, "gamma": 0.16443697726732984}, "datetime": {"datetime": "2021-09-28 14:47:05", "elapsed": 47.133761, "delta": 0.473002}}
{"target": -52.445350455128825, "params": {"C": 459.4616501689875, "epsilon": 1.727640680873834, "gamma": 0.1699315184832906}, "datetime": {"datetime": "2021-09-28 14:47:06", "elapsed": 47.701758, "delta": 0.567997}}
{"target": -51.22727330003926, "params": {"C": 369.9118723379693, "epsilon": 1.4916595595057793, "gamma": 0.16874996446886428}, "datetime": {"datetime": "2021-09-28 14:47:06", "elapsed": 48.309424, "delta": 0.607666}}
{"target": -41.11387397647735, "params": {"C": 432.27390417229947, "epsilon": 2.389299512726779, "gamma": 0.047640215764153074}, "datetime": {"datetime": "2021-09-28 14:47:07", "elapsed": 48.840426, "delta": 0.531002}}
{"target": -40.321519204740085, "params": {"C": 330.46604693137704, "epsilon": 1.8721621263461525, "gamma": 0.0421612944728283}, "datetime": {"datetime": "2021-09-28 14:47:07", "elapsed": 49.378429, "delta": 0.538003}}
{"target": -49.65972406164733, "params": {"C": 428.71490742411015, "epsilon": 1.8689391625396337, "gamma": 0.1255553436352339}, "datetime": {"datetime": "2021-09-28 14:47:08", "elapsed": 49.903423, "delta": 0.524994}}
{"target": -38.527207310876435, "params": {"C": 388.49652939727713, "epsilon": 2.704496251164382, "gamma": 0.016326745184992837}, "datetime": {"datetime": "2021-09-28 14:47:09", "elapsed": 50.466171, "delta": 0.562748}}
{"target": -42.191363842927686, "params": {"C": 429.40879062177527, "epsilon": 1.6150194206726776, "gamma": 0.05903190554450484}, "datetime": {"datetime": "2021-09-28 14:47:09", "elapsed": 51.175167, "delta": 0.708996}}
{"target": -47.907604567213596, "params": {"C": 453.05139116967274, "epsilon": 0.26630718363399813, "gamma": 0.09604879858364575}, "datetime": {"datetime": "2021-09-28 14:47:10", "elapsed": 51.724846, "delta": 0.549679}}
{"target": -46.50764037137821, "params": {"C": 492.0055695533132, "epsilon": 2.266942701189539, "gamma": 0.08372423808998462}, "datetime": {"datetime": "2021-09-28 14:47:11", "elapsed": 52.442709, "delta": 0.717863}}
{"target": -51.678304441369015, "params": {"C": 389.925006610786, "epsilon": 2.739442044743922, "gamma": 0.17066671674709227}, "datetime": {"datetime": "2021-09-28 14:47:11", "elapsed": 53.037708, "delta": 0.594999}}
{"target": -46.61136987725174, "params": {"C": 322.6948203603597, "epsilon": 2.422551706029646, "gamma": 0.10471986900417303}, "datetime": {"datetime": "2021-09-28 14:47:12", "elapsed": 53.725705, "delta": 0.687997}}
