{"target": -45.42711617257059, "params": {"C": 224.28293004309646, "epsilon": 0.8976812111791489, "gamma": 0.11522494979249094}, "datetime": {"datetime": "2021-09-28 12:40:44", "elapsed": 124.002571, "delta": 0.819004}}
{"target": -37.02980015935724, "params": {"C": 283.4436942053426, "epsilon": 1.4415323664752138, "gamma": 0.007169484586868483}, "datetime": {"datetime": "2021-09-28 12:40:45", "elapsed": 124.939747, "delta": 0.937176}}
{"target": -36.74435440081846, "params": {"C": 160.89966580462232, "epsilon": 0.6971021791835149, "gamma": 0.003083421163607592}, "datetime": {"datetime": "2021-09-28 12:40:46", "elapsed": 125.805743, "delta": 0.865996}}
{"target": -40.24635790267171, "params": {"C": 283.66376184931005, "epsilon": 1.4943011911740995, "gamma": 0.046658312140610565}, "datetime": {"datetime": "2021-09-28 12:40:47", "elapsed": 126.997579, "delta": 1.191836}}
{"target": -38.45191975753797, "params": {"C": 217.78922060437014, "epsilon": 2.4636631457309446, "gamma": 0.022207362956610514}, "datetime": {"datetime": "2021-09-28 12:40:48", "elapsed": 127.982577, "delta": 0.984998}}
{"target": -48.61355047207632, "params": {"C": 200.97455303583635, "epsilon": 2.220564170796571, "gamma": 0.1722786515772614}, "datetime": {"datetime": "2021-09-28 12:40:49", "elapsed": 128.811741, "delta": 0.829164}}
{"target": -47.87581395940073, "params": {"C": 222.9581030336832, "epsilon": 2.847585537364833, "gamma": 0.1425026538580936}, "datetime": {"datetime": "2021-09-28 12:40:50", "elapsed": 130.299673, "delta": 1.487932}}
{"target": -48.66238119569253, "params": {"C": 283.4439275013924, "epsilon": 1.3506873318337411, "gamma": 0.13962243261496304}, "datetime": {"datetime": "2021-09-28 12:40:51", "elapsed": 131.580208, "delta": 1.280535}}
{"target": -36.23107018311601, "params": {"C": 283.4356694766206, "epsilon": 1.5862892980582142, "gamma": 0.001}, "datetime": {"datetime": "2021-09-28 12:40:53", "elapsed": 132.895046, "delta": 1.314838}}
{"target": -41.398151351229764, "params": {"C": 269.39368163779443, "epsilon": 0.9856244684566998, "gamma": 0.0693279319969481}, "datetime": {"datetime": "2021-09-28 12:40:54", "elapsed": 133.936043, "delta": 1.040997}}
{"target": -37.04160649606171, "params": {"C": 283.35083316950755, "epsilon": 1.7081741333068177, "gamma": 0.006997471572597004}, "datetime": {"datetime": "2021-09-28 12:40:55", "elapsed": 135.286969, "delta": 1.350926}}
{"target": -48.025750804924414, "params": {"C": 283.48339754395647, "epsilon": 1.6758254367734702, "gamma": 0.12682498270924542}, "datetime": {"datetime": "2021-09-28 12:40:57", "elapsed": 137.304971, "delta": 2.018002}}
{"target": -46.68034210375173, "params": {"C": 283.2341576427149, "epsilon": 1.5432739844075292, "gamma": 0.1126857184890364}, "datetime": {"datetime": "2021-09-28 12:40:58", "elapsed": 138.668973, "delta": 1.364002}}
{"target": -42.121329517768444, "params": {"C": 168.5896687604395, "epsilon": 2.43919772715248, "gamma": 0.09212275872045711}, "datetime": {"datetime": "2021-09-28 12:41:00", "elapsed": 139.99383, "delta": 1.324857}}
{"target": -46.18821966703166, "params": {"C": 217.69200888465576, "epsilon": 2.3409694495447946, "gamma": 0.12318746437703038}, "datetime": {"datetime": "2021-09-28 12:41:01", "elapsed": 141.477499, "delta": 1.483669}}
{"target": -43.420644580463346, "params": {"C": 217.88223247097912, "epsilon": 2.5827369579893844, "gamma": 0.09790740799520276}, "datetime": {"datetime": "2021-09-28 12:41:03", "elapsed": 142.8605, "delta": 1.383001}}
{"target": -37.36824651562142, "params": {"C": 161.72710910952168, "epsilon": 0.7564782952269702, "gamma": 0.010659860882608025}, "datetime": {"datetime": "2021-09-28 12:41:04", "elapsed": 144.330792, "delta": 1.470292}}
{"target": -39.531549755423114, "params": {"C": 161.904637458085, "epsilon": 0.5251944532610744, "gamma": 0.047223918121889356}, "datetime": {"datetime": "2021-09-28 12:41:05", "elapsed": 145.802477, "delta": 1.471685}}
{"target": -39.073841741781116, "params": {"C": 283.2945798719356, "epsilon": 1.8971766897223372, "gamma": 0.029542075096345963}, "datetime": {"datetime": "2021-09-28 12:41:08", "elapsed": 147.893878, "delta": 2.091401}}
{"target": -39.21971683674336, "params": {"C": 168.71255356314555, "epsilon": 2.711462949006143, "gamma": 0.04424200038608012}, "datetime": {"datetime": "2021-09-28 12:41:09", "elapsed": 149.176839, "delta": 1.282961}}
{"target": -41.332839582617495, "params": {"C": 224.9864449637814, "epsilon": 1.2190187491363988, "gamma": 0.0750768051582074}, "datetime": {"datetime": "2021-09-28 12:41:11", "elapsed": 150.93678, "delta": 1.759941}}
{"target": -38.14564239707655, "params": {"C": 163.70951365990226, "epsilon": 2.0304976248485755, "gamma": 0.01852274906864283}, "datetime": {"datetime": "2021-09-28 12:41:13", "elapsed": 152.890234, "delta": 1.953454}}
{"target": -47.65465629948187, "params": {"C": 163.4452260727128, "epsilon": 1.8920325806879077, "gamma": 0.1676691620575577}, "datetime": {"datetime": "2021-09-28 12:41:14", "elapsed": 154.360057, "delta": 1.469823}}
{"target": -47.477191384385506, "params": {"C": 163.80916501922053, "epsilon": 1.8328361155789195, "gamma": 0.1641150448044752}, "datetime": {"datetime": "2021-09-28 12:41:16", "elapsed": 156.104799, "delta": 1.744742}}
{"target": -36.25003708542896, "params": {"C": 224.67626576537606, "epsilon": 1.4290484765418667, "gamma": 0.001}, "datetime": {"datetime": "2021-09-28 12:41:18", "elapsed": 157.857251, "delta": 1.752452}}
{"target": -45.499847256445506, "params": {"C": 224.55775620776373, "epsilon": 1.3557559505374368, "gamma": 0.11555332372117225}, "datetime": {"datetime": "2021-09-28 12:41:19", "elapsed": 159.618245, "delta": 1.760994}}
{"target": -37.24585367731814, "params": {"C": 224.69352820818432, "epsilon": 1.5189996324627095, "gamma": 0.010000798782391424}, "datetime": {"datetime": "2021-09-28 12:41:21", "elapsed": 160.935916, "delta": 1.317671}}
{"target": -37.24186470020284, "params": {"C": 224.8597634139505, "epsilon": 1.3698351129716382, "gamma": 0.007533813330428344}, "datetime": {"datetime": "2021-09-28 12:41:22", "elapsed": 162.482442, "delta": 1.546526}}
{"target": -47.680133801392685, "params": {"C": 239.2154476617007, "epsilon": 2.567432506600664, "gamma": 0.1337752315670741}, "datetime": {"datetime": "2021-09-28 12:41:23", "elapsed": 163.562776, "delta": 1.080334}}
{"target": -39.84567725304642, "params": {"C": 222.7254924883119, "epsilon": 2.9957718459349656, "gamma": 0.04707461688673468}, "datetime": {"datetime": "2021-09-28 12:41:25", "elapsed": 165.559529, "delta": 1.996753}}
{"target": -36.25570526752349, "params": {"C": 224.85076479096873, "epsilon": 1.5221154918722886, "gamma": 0.001}, "datetime": {"datetime": "2021-09-28 12:41:27", "elapsed": 167.151872, "delta": 1.592343}}
{"target": -39.77570711750922, "params": {"C": 163.80920487006037, "epsilon": 2.206722603700968, "gamma": 0.051878948921700876}, "datetime": {"datetime": "2021-09-28 12:41:29", "elapsed": 168.927869, "delta": 1.775997}}
{"target": -39.21366164359924, "params": {"C": 224.77170977628322, "epsilon": 1.4471631684827968, "gamma": 0.035384132773640456}, "datetime": {"datetime": "2021-09-28 12:41:30", "elapsed": 170.305842, "delta": 1.377973}}
{"target": -48.28465797157745, "params": {"C": 193.6562402077795, "epsilon": 0.902727193455901, "gamma": 0.16567194349251133}, "datetime": {"datetime": "2021-09-28 12:41:31", "elapsed": 171.256978, "delta": 0.951136}}
{"target": -40.25879660022642, "params": {"C": 224.97753384627413, "epsilon": 1.568893864034973, "gamma": 0.05558212065978102}, "datetime": {"datetime": "2021-09-28 12:41:33", "elapsed": 172.861978, "delta": 1.605}}
{"target": -45.66637099047833, "params": {"C": 161.74021887826706, "epsilon": 1.2364929705274044, "gamma": 0.13894014028122506}, "datetime": {"datetime": "2021-09-28 12:41:34", "elapsed": 173.953213, "delta": 1.091235}}
{"target": -36.828499008234836, "params": {"C": 224.853283388172, "epsilon": 1.695204182917985, "gamma": 0.005447074770081061}, "datetime": {"datetime": "2021-09-28 12:41:36", "elapsed": 175.812221, "delta": 1.859008}}
{"target": -49.05750738812537, "params": {"C": 224.88348286897354, "epsilon": 1.7496957079764666, "gamma": 0.177342278945649}, "datetime": {"datetime": "2021-09-28 12:41:37", "elapsed": 177.488464, "delta": 1.676243}}
{"target": -36.74639742393897, "params": {"C": 289.3063402524126, "epsilon": 0.39229572486612174, "gamma": 0.0037827433500893736}, "datetime": {"datetime": "2021-09-28 12:41:38", "elapsed": 178.469461, "delta": 0.980997}}
{"target": -41.164366488081384, "params": {"C": 250.36494681188609, "epsilon": 1.598625621234893, "gamma": 0.06945404178196242}, "datetime": {"datetime": "2021-09-28 12:41:39", "elapsed": 179.57283, "delta": 1.103369}}
{"target": -40.54815684968086, "params": {"C": 288.7995321782505, "epsilon": 0.5680516127093954, "gamma": 0.052132316262913495}, "datetime": {"datetime": "2021-09-28 12:41:40", "elapsed": 180.56412, "delta": 0.99129}}
{"target": -49.50476259002824, "params": {"C": 289.2173799984783, "epsilon": 0.4648242103206217, "gamma": 0.16023603441464518}, "datetime": {"datetime": "2021-09-28 12:41:42", "elapsed": 182.176772, "delta": 1.612652}}
{"target": -39.5723126697451, "params": {"C": 151.78362600844866, "epsilon": 2.7699848265078932, "gamma": 0.05097879685681243}, "datetime": {"datetime": "2021-09-28 12:41:43", "elapsed": 183.269999, "delta": 1.093227}}
{"target": -36.23052657002609, "params": {"C": 216.79188468317867, "epsilon": 2.474820844518337, "gamma": 0.001}, "datetime": {"datetime": "2021-09-28 12:41:44", "elapsed": 184.767999, "delta": 1.498}}
{"target": -40.38231099803741, "params": {"C": 289.54506140252965, "epsilon": 0.3835459713097264, "gamma": 0.04503388483839445}, "datetime": {"datetime": "2021-09-28 12:41:46", "elapsed": 186.470429, "delta": 1.70243}}
{"target": -38.99879989026262, "params": {"C": 266.73726038895643, "epsilon": 1.3738823576897299, "gamma": 0.025704246150424145}, "datetime": {"datetime": "2021-09-28 12:41:47", "elapsed": 187.45363, "delta": 0.983201}}
{"target": -48.33039012673982, "params": {"C": 188.22388133758133, "epsilon": 1.7429587294066236, "gamma": 0.17007977604688757}, "datetime": {"datetime": "2021-09-28 12:41:48", "elapsed": 188.445626, "delta": 0.991996}}
{"target": -40.43638676469027, "params": {"C": 289.3562955455494, "epsilon": 0.12706593357251902, "gamma": 0.04672047393696107}, "datetime": {"datetime": "2021-09-28 12:41:50", "elapsed": 190.58458, "delta": 2.138954}}
{"target": -36.71586124763223, "params": {"C": 161.47924220036919, "epsilon": 0.8676703282279634, "gamma": 0.0024777441772496633}, "datetime": {"datetime": "2021-09-28 12:41:52", "elapsed": 192.112903, "delta": 1.528323}}
{"target": -36.273733879671596, "params": {"C": 224.71585165247598, "epsilon": 1.6805983640814877, "gamma": 0.001}, "datetime": {"datetime": "2021-09-28 12:41:54", "elapsed": 194.192073, "delta": 2.07917}}
{"target": -42.71885577769882, "params": {"C": 161.68205690836947, "epsilon": 0.9181285098194824, "gamma": 0.10258008878256142}, "datetime": {"datetime": "2021-09-28 12:41:56", "elapsed": 195.831791, "delta": 1.639718}}
{"target": -45.272194826642924, "params": {"C": 161.34782664533247, "epsilon": 0.21808097894638262, "gamma": 0.1352543495828328}, "datetime": {"datetime": "2021-09-28 12:41:57", "elapsed": 197.642338, "delta": 1.810547}}
{"target": -43.17234491018231, "params": {"C": 216.32869076319787, "epsilon": 2.140337201046119, "gamma": 0.09539435376245432}, "datetime": {"datetime": "2021-09-28 12:41:59", "elapsed": 199.211666, "delta": 1.569328}}
{"target": -37.744061815571975, "params": {"C": 161.23493136268743, "epsilon": 0.6139033094314759, "gamma": 0.014599919671109175}, "datetime": {"datetime": "2021-09-28 12:42:00", "elapsed": 200.713508, "delta": 1.501842}}
{"target": -37.15105716240398, "params": {"C": 224.6895919110303, "epsilon": 1.8788288238596371, "gamma": 0.007206987928860389}, "datetime": {"datetime": "2021-09-28 12:42:02", "elapsed": 202.480194, "delta": 1.766686}}
{"target": -36.27849031811277, "params": {"C": 224.56875393493604, "epsilon": 1.7655959496782176, "gamma": 0.001}, "datetime": {"datetime": "2021-09-28 12:42:04", "elapsed": 203.989859, "delta": 1.509665}}
{"target": -43.76362657483383, "params": {"C": 224.4049535926925, "epsilon": 1.8734250684108917, "gamma": 0.10001245167613439}, "datetime": {"datetime": "2021-09-28 12:42:06", "elapsed": 205.852873, "delta": 1.863014}}
{"target": -41.403609409020575, "params": {"C": 176.82857595239614, "epsilon": 0.7408127615530646, "gamma": 0.0830997005175962}, "datetime": {"datetime": "2021-09-28 12:42:07", "elapsed": 206.943871, "delta": 1.090998}}
{"target": -44.216947909914595, "params": {"C": 154.76235861054172, "epsilon": 2.2781090071071746, "gamma": 0.12292668648483698}, "datetime": {"datetime": "2021-09-28 12:42:08", "elapsed": 208.027068, "delta": 1.083197}}
{"target": -36.79422261640276, "params": {"C": 266.9105527945221, "epsilon": 1.2682661647866398, "gamma": 0.003676617153255938}, "datetime": {"datetime": "2021-09-28 12:42:10", "elapsed": 209.924313, "delta": 1.897245}}
{"target": -38.86674394483343, "params": {"C": 159.51767866132275, "epsilon": 2.8164426665473057, "gamma": 0.03848646390586951}, "datetime": {"datetime": "2021-09-28 12:42:11", "elapsed": 211.096311, "delta": 1.171998}}
{"target": -48.477138051809845, "params": {"C": 266.78163473350116, "epsilon": 1.1880431857443037, "gamma": 0.1404554422448151}, "datetime": {"datetime": "2021-09-28 12:42:13", "elapsed": 213.081865, "delta": 1.985554}}
{"target": -38.00207099081911, "params": {"C": 267.08450087137976, "epsilon": 1.2123590737046412, "gamma": 0.01721076953332799}, "datetime": {"datetime": "2021-09-28 12:42:15", "elapsed": 214.884067, "delta": 1.802202}}
{"target": -43.23205972518538, "params": {"C": 266.96085860358266, "epsilon": 1.4525083245353556, "gamma": 0.0871821439104006}, "datetime": {"datetime": "2021-09-28 12:42:17", "elapsed": 216.879506, "delta": 1.995439}}
{"target": -36.95696222977888, "params": {"C": 267.32204076396295, "epsilon": 1.2455155528170845, "gamma": 0.006180741393740401}, "datetime": {"datetime": "2021-09-28 12:42:18", "elapsed": 218.650292, "delta": 1.770786}}
{"target": -46.36870588913166, "params": {"C": 267.2930379962476, "epsilon": 1.3111340558025861, "gamma": 0.11342623767717762}, "datetime": {"datetime": "2021-09-28 12:42:20", "elapsed": 220.260778, "delta": 1.610486}}
{"target": -36.93279361071056, "params": {"C": 161.33531596261096, "epsilon": 1.045137631711218, "gamma": 0.006083048671456689}, "datetime": {"datetime": "2021-09-28 12:42:22", "elapsed": 222.193289, "delta": 1.932511}}
{"target": -40.43550544669456, "params": {"C": 267.38209510491237, "epsilon": 1.089806234943383, "gamma": 0.05386187647820513}, "datetime": {"datetime": "2021-09-28 12:42:24", "elapsed": 224.288538, "delta": 2.095249}}
{"target": -39.31622413136985, "params": {"C": 159.70470852090517, "epsilon": 2.7805652602577164, "gamma": 0.04666326686067757}, "datetime": {"datetime": "2021-09-28 12:42:26", "elapsed": 225.928407, "delta": 1.639869}}
{"target": -36.78930913565525, "params": {"C": 216.70442571440367, "epsilon": 2.5350281613866184, "gamma": 0.003519518750369723}, "datetime": {"datetime": "2021-09-28 12:42:27", "elapsed": 227.718283, "delta": 1.789876}}
{"target": -36.81129738350614, "params": {"C": 161.28272830598493, "epsilon": 0.9238169576499503, "gamma": 0.00494550684102612}, "datetime": {"datetime": "2021-09-28 12:42:29", "elapsed": 229.453475, "delta": 1.735192}}
{"target": -45.851075861529736, "params": {"C": 224.64458463483635, "epsilon": 1.7683909379133944, "gamma": 0.11850608766456074}, "datetime": {"datetime": "2021-09-28 12:42:31", "elapsed": 231.403894, "delta": 1.950419}}
{"target": -38.421536848706936, "params": {"C": 224.59229784698414, "epsilon": 2.043933148546384, "gamma": 0.0212469460701509}, "datetime": {"datetime": "2021-09-28 12:42:33", "elapsed": 233.204264, "delta": 1.80037}}
{"target": -37.99389987907482, "params": {"C": 267.220990692805, "epsilon": 1.1523317047406092, "gamma": 0.01715150339608333}, "datetime": {"datetime": "2021-09-28 12:42:35", "elapsed": 235.003658, "delta": 1.799394}}
{"target": -39.32472047408293, "params": {"C": 191.06483707619813, "epsilon": 0.005911889004727294, "gamma": 0.04022884464738478}, "datetime": {"datetime": "2021-09-28 12:42:36", "elapsed": 236.339938, "delta": 1.33628}}
{"target": -36.748399591061414, "params": {"C": 224.47581963372568, "epsilon": 1.5734626560706102, "gamma": 0.0019328375610289735}, "datetime": {"datetime": "2021-09-28 12:42:38", "elapsed": 238.314401, "delta": 1.974463}}
{"target": -38.78673156819107, "params": {"C": 159.62778376327543, "epsilon": 2.9882772152552115, "gamma": 0.036959672967983005}, "datetime": {"datetime": "2021-09-28 12:42:40", "elapsed": 240.356217, "delta": 2.041816}}
{"target": -44.79666315192924, "params": {"C": 159.4519880192486, "epsilon": 2.9663803773286803, "gamma": 0.12801329178282447}, "datetime": {"datetime": "2021-09-28 12:42:42", "elapsed": 242.456367, "delta": 2.10015}}
{"target": -46.2646208212011, "params": {"C": 159.592391930566, "epsilon": 2.6621296757944983, "gamma": 0.1464511590128508}, "datetime": {"datetime": "2021-09-28 12:42:44", "elapsed": 244.699288, "delta": 2.242921}}
{"target": -40.63473203930441, "params": {"C": 161.445358803764, "epsilon": 1.0161856120684063, "gamma": 0.07270447748507297}, "datetime": {"datetime": "2021-09-28 12:42:47", "elapsed": 247.136202, "delta": 2.436914}}
{"target": -36.804582716500214, "params": {"C": 224.61258262977705, "epsilon": 1.5641933488783326, "gamma": 0.002663073682037831}, "datetime": {"datetime": "2021-09-28 12:42:49", "elapsed": 249.442728, "delta": 2.306526}}
{"target": -40.200038811690746, "params": {"C": 224.7446343277364, "epsilon": 2.0796045817023625, "gamma": 0.05450457495864062}, "datetime": {"datetime": "2021-09-28 12:42:51", "elapsed": 251.6769, "delta": 2.234172}}
{"target": -39.66388960051776, "params": {"C": 159.7920586437579, "epsilon": 2.907723745653558, "gamma": 0.05121257072326335}, "datetime": {"datetime": "2021-09-28 12:42:53", "elapsed": 253.326899, "delta": 1.649999}}
{"target": -36.80990272687109, "params": {"C": 165.00179641021145, "epsilon": 1.541499851408484, "gamma": 0.005030409742537736}, "datetime": {"datetime": "2021-09-28 12:42:54", "elapsed": 254.487254, "delta": 1.160355}}
{"target": -42.235635760779346, "params": {"C": 164.9117839471629, "epsilon": 1.5636069437593927, "gamma": 0.09521995399046448}, "datetime": {"datetime": "2021-09-28 12:42:56", "elapsed": 256.142665, "delta": 1.655411}}
{"target": -49.29273730133731, "params": {"C": 296.7345126688259, "epsilon": 1.2369986386141127, "gamma": 0.15116007492222935}, "datetime": {"datetime": "2021-09-28 12:42:57", "elapsed": 257.483669, "delta": 1.341004}}
{"target": -38.2484861793887, "params": {"C": 165.16873809368246, "epsilon": 1.4376481158098786, "gamma": 0.024222354770094923}, "datetime": {"datetime": "2021-09-28 12:42:59", "elapsed": 259.245437, "delta": 1.761768}}
{"target": -39.64492623617398, "params": {"C": 224.89144911725768, "epsilon": 1.6856467414076397, "gamma": 0.04105835507206943}, "datetime": {"datetime": "2021-09-28 12:43:00", "elapsed": 260.568561, "delta": 1.323124}}
{"target": -36.76445114413149, "params": {"C": 257.79168681248166, "epsilon": 1.923897075806904, "gamma": 0.0016084708459161647}, "datetime": {"datetime": "2021-09-28 12:43:01", "elapsed": 261.798564, "delta": 1.230003}}
{"target": -42.71204454403212, "params": {"C": 222.20760135755035, "epsilon": 0.006353635997356216, "gamma": 0.09016196621440263}, "datetime": {"datetime": "2021-09-28 12:43:03", "elapsed": 263.083561, "delta": 1.284997}}
{"target": -47.95892358917137, "params": {"C": 257.94411958088773, "epsilon": 1.996509529078142, "gamma": 0.13305684055781516}, "datetime": {"datetime": "2021-09-28 12:43:05", "elapsed": 264.995563, "delta": 1.912002}}
{"target": -39.036971200567166, "params": {"C": 257.7830274613686, "epsilon": 1.7602771531344321, "gamma": 0.03008063635463703}, "datetime": {"datetime": "2021-09-28 12:43:07", "elapsed": 267.205368, "delta": 2.209805}}
{"target": -40.99726124896511, "params": {"C": 257.5271020481683, "epsilon": 1.8111967200474328, "gamma": 0.0661145875425469}, "datetime": {"datetime": "2021-09-28 12:43:09", "elapsed": 269.050249, "delta": 1.844881}}
{"target": -36.26804823864104, "params": {"C": 165.00835062330842, "epsilon": 1.3900375370145712, "gamma": 0.001}, "datetime": {"datetime": "2021-09-28 12:43:11", "elapsed": 271.136697, "delta": 2.086448}}
{"target": -42.987115060542116, "params": {"C": 165.05143318739832, "epsilon": 1.418767699619269, "gamma": 0.10455073866499202}, "datetime": {"datetime": "2021-09-28 12:43:13", "elapsed": 273.191822, "delta": 2.055125}}
{"target": -43.86562063133705, "params": {"C": 165.17621307034858, "epsilon": 1.7049897111519494, "gamma": 0.1151785116089268}, "datetime": {"datetime": "2021-09-28 12:43:15", "elapsed": 275.356598, "delta": 2.164776}}
{"target": -36.267016389327935, "params": {"C": 164.87208172486763, "epsilon": 1.3403310535453057, "gamma": 0.001}, "datetime": {"datetime": "2021-09-28 12:43:17", "elapsed": 277.587811, "delta": 2.231213}}
{"target": -40.52332798614887, "params": {"C": 199.84042030029593, "epsilon": 2.4276145298472636, "gamma": 0.06606094985653584}, "datetime": {"datetime": "2021-09-28 12:43:19", "elapsed": 278.981664, "delta": 1.393853}}
{"target": -43.93308480882775, "params": {"C": 242.82073340095437, "epsilon": 0.8907754710431042, "gamma": 0.0981781397838301}, "datetime": {"datetime": "2021-09-28 12:43:21", "elapsed": 281.080611, "delta": 2.098947}}
{"target": -37.40210370719813, "params": {"C": 289.34780099215436, "epsilon": 0.30751073084309855, "gamma": 0.011258115717851243}, "datetime": {"datetime": "2021-09-28 12:43:24", "elapsed": 283.860192, "delta": 2.779581}}
