{"target": -38.45994855731073, "params": {"C": 848.8699458899611, "epsilon": 2.084708462547635, "gamma": 0.009411586698372356}, "datetime": {"datetime": "2021-09-28 15:50:46", "elapsed": 7.558067, "delta": 0.286}}
{"target": -37.38891885537973, "params": {"C": 767.059992462923, "epsilon": 0.43812491821456806, "gamma": 0.0016322497269469008}, "datetime": {"datetime": "2021-09-28 15:50:47", "elapsed": 7.782068, "delta": 0.224001}}
{"target": -37.628348814816434, "params": {"C": 741.0785430354026, "epsilon": 0.2814981325174104, "gamma": 0.006706115878049813}, "datetime": {"datetime": "2021-09-28 15:50:47", "elapsed": 8.038069, "delta": 0.256001}}
{"target": -37.37402439665983, "params": {"C": 804.9152652733944, "epsilon": 2.0253288940903116, "gamma": 0.005426220685743456}, "datetime": {"datetime": "2021-09-28 15:50:47", "elapsed": 8.290073, "delta": 0.252004}}
{"target": -36.7727906976602, "params": {"C": 857.5580169894304, "epsilon": 0.8703209606649133, "gamma": 0.003368010789787945}, "datetime": {"datetime": "2021-09-28 15:50:47", "elapsed": 8.494066, "delta": 0.203993}}
{"target": -36.85178389765781, "params": {"C": 831.1690740546146, "epsilon": 0.7730199081377901, "gamma": 0.0038928477487628235}, "datetime": {"datetime": "2021-09-28 15:50:48", "elapsed": 8.691069, "delta": 0.197003}}
{"target": -37.65243871483115, "params": {"C": 761.2173475358575, "epsilon": 2.230095862435162, "gamma": 0.007748992803986837}, "datetime": {"datetime": "2021-09-28 15:50:48", "elapsed": 8.863072, "delta": 0.172003}}
{"target": -37.35274758231813, "params": {"C": 820.0557927212694, "epsilon": 2.0313768569886133, "gamma": 0.005296199547593207}, "datetime": {"datetime": "2021-09-28 15:50:48", "elapsed": 9.144071, "delta": 0.280999}}
{"target": -36.8662843792766, "params": {"C": 863.5336774613734, "epsilon": 0.5667126374936095, "gamma": 0.0007821505144887872}, "datetime": {"datetime": "2021-09-28 15:50:48", "elapsed": 9.383071, "delta": 0.239}}
{"target": -37.69853753376777, "params": {"C": 803.6345068879572, "epsilon": 0.15404956761187458, "gamma": 0.0069147719857245915}, "datetime": {"datetime": "2021-09-28 15:50:48", "elapsed": 9.606807, "delta": 0.223736}}
{"target": -37.64026377873158, "params": {"C": 732.9975618518326, "epsilon": 0.8900300138411679, "gamma": 0.007179371119003214}, "datetime": {"datetime": "2021-09-28 15:50:49", "elapsed": 9.853812, "delta": 0.247005}}
{"target": -37.46832540576021, "params": {"C": 893.1055435023524, "epsilon": 1.8968558098374024, "gamma": 0.0021097992226125407}, "datetime": {"datetime": "2021-09-28 15:50:49", "elapsed": 10.227812, "delta": 0.374}}
{"target": -36.89547846554923, "params": {"C": 860.8597439771306, "epsilon": 1.4978267098612934, "gamma": 0.004159286063554107}, "datetime": {"datetime": "2021-09-28 15:50:49", "elapsed": 10.48481, "delta": 0.256998}}
{"target": -37.14031884625865, "params": {"C": 715.4931127138489, "epsilon": 0.7860821642803935, "gamma": 0.0024981608247336565}, "datetime": {"datetime": "2021-09-28 15:50:50", "elapsed": 10.886514, "delta": 0.401704}}
{"target": -38.55702832385845, "params": {"C": 895.8043413442829, "epsilon": 0.6880866401685491, "gamma": 0.009983824147100626}, "datetime": {"datetime": "2021-09-28 15:50:50", "elapsed": 11.158511, "delta": 0.271997}}
{"target": -36.71163255496123, "params": {"C": 703.8358533006317, "epsilon": 2.0403282937921197, "gamma": 0.0034341035052241464}, "datetime": {"datetime": "2021-09-28 15:50:50", "elapsed": 11.40551, "delta": 0.246999}}
{"target": -38.01104952354628, "params": {"C": 829.3843734707089, "epsilon": 0.23911990776024972, "gamma": 0.008874946150058549}, "datetime": {"datetime": "2021-09-28 15:50:51", "elapsed": 11.682425, "delta": 0.276915}}
{"target": -37.7389885014785, "params": {"C": 877.1325496470001, "epsilon": 1.5448290085749101, "gamma": 0.00708282401173765}, "datetime": {"datetime": "2021-09-28 15:50:51", "elapsed": 12.01344, "delta": 0.331015}}
{"target": -38.596551377070334, "params": {"C": 864.3797295478263, "epsilon": 2.861399223644007, "gamma": 0.009884034640055859}, "datetime": {"datetime": "2021-09-28 15:50:51", "elapsed": 12.278423, "delta": 0.264983}}
{"target": -38.252655512925415, "params": {"C": 803.2147036393924, "epsilon": 2.1349471643283184, "gamma": 0.008986180097516682}, "datetime": {"datetime": "2021-09-28 15:50:52", "elapsed": 12.623422, "delta": 0.344999}}
{"target": -36.19923573953556, "params": {"C": 899.7920381692493, "epsilon": 0.10479302037077276, "gamma": 0.0005083177250402873}, "datetime": {"datetime": "2021-09-28 15:50:52", "elapsed": 12.951425, "delta": 0.328003}}
{"target": -37.577253108451494, "params": {"C": 867.9238666303385, "epsilon": 2.117010242609934, "gamma": 0.006362487597281464}, "datetime": {"datetime": "2021-09-28 15:50:52", "elapsed": 13.263424, "delta": 0.311999}}
{"target": -37.67484239098551, "params": {"C": 882.4872413349932, "epsilon": 0.41898159805352564, "gamma": 0.0057929617010157065}, "datetime": {"datetime": "2021-09-28 15:50:52", "elapsed": 13.517423, "delta": 0.253999}}
{"target": -38.084092931438555, "params": {"C": 888.995834245241, "epsilon": 0.3571942219110591, "gamma": 0.008646473909434519}, "datetime": {"datetime": "2021-09-28 15:50:53", "elapsed": 13.908715, "delta": 0.391292}}
{"target": -37.33850695261351, "params": {"C": 714.9595382576881, "epsilon": 0.12963015692099478, "gamma": 0.0022671519429102232}, "datetime": {"datetime": "2021-09-28 15:50:53", "elapsed": 14.189714, "delta": 0.280999}}
{"target": -37.915449138291365, "params": {"C": 894.6398578739734, "epsilon": 0.43031738889370913, "gamma": 0.007968975407552746}, "datetime": {"datetime": "2021-09-28 15:50:53", "elapsed": 14.496715, "delta": 0.307001}}
{"target": -37.10735471784442, "params": {"C": 771.0675458431084, "epsilon": 2.9966279653481855, "gamma": 0.005201007257974597}, "datetime": {"datetime": "2021-09-28 15:50:54", "elapsed": 14.774712, "delta": 0.277997}}
{"target": -37.28751386022556, "params": {"C": 794.3989130370553, "epsilon": 2.4371459261236503, "gamma": 0.0017138925834501348}, "datetime": {"datetime": "2021-09-28 15:50:54", "elapsed": 15.128713, "delta": 0.354001}}
{"target": -36.86103215443163, "params": {"C": 877.6030888286679, "epsilon": 1.9140642534327867, "gamma": 0.003998454162088206}, "datetime": {"datetime": "2021-09-28 15:50:54", "elapsed": 15.399713, "delta": 0.271}}
{"target": -37.240351425328114, "params": {"C": 757.7920985930404, "epsilon": 2.555503133656325, "gamma": 0.0016296569387024655}, "datetime": {"datetime": "2021-09-28 15:50:55", "elapsed": 15.682239, "delta": 0.282526}}
{"target": -37.72969712583425, "params": {"C": 835.0254610754108, "epsilon": 0.2647041543857846, "gamma": 0.006604232926176335}, "datetime": {"datetime": "2021-09-28 15:50:55", "elapsed": 15.983238, "delta": 0.300999}}
{"target": -37.55077835303015, "params": {"C": 811.6337648193833, "epsilon": 1.9588346028064192, "gamma": 0.006476484635728651}, "datetime": {"datetime": "2021-09-28 15:50:55", "elapsed": 16.376238, "delta": 0.393}}
{"target": -37.129049544267275, "params": {"C": 805.377065443178, "epsilon": 1.7387083663208582, "gamma": 0.002761656170172326}, "datetime": {"datetime": "2021-09-28 15:50:56", "elapsed": 16.789243, "delta": 0.413005}}
{"target": -37.40853997183488, "params": {"C": 744.3631851744184, "epsilon": 0.27419253127035376, "gamma": 0.005815440313615135}, "datetime": {"datetime": "2021-09-28 15:50:56", "elapsed": 17.215239, "delta": 0.425996}}
{"target": -37.715267984257636, "params": {"C": 822.1262127248049, "epsilon": 1.9687152293783519, "gamma": 0.007563044408719374}, "datetime": {"datetime": "2021-09-28 15:50:56", "elapsed": 17.539239, "delta": 0.324}}
{"target": -36.846742998039666, "params": {"C": 822.393221476555, "epsilon": 0.8155660710688383, "gamma": 0.003925932740278998}, "datetime": {"datetime": "2021-09-28 15:50:57", "elapsed": 17.891294, "delta": 0.352055}}
{"target": -37.41181431315399, "params": {"C": 717.9956979341349, "epsilon": 2.231376084432659, "gamma": 0.006544978652746869}, "datetime": {"datetime": "2021-09-28 15:50:57", "elapsed": 18.217293, "delta": 0.325999}}
{"target": -37.41495102628108, "params": {"C": 829.9452166183958, "epsilon": 2.4800834814755865, "gamma": 0.0022481688400744913}, "datetime": {"datetime": "2021-09-28 15:50:57", "elapsed": 18.549299, "delta": 0.332006}}
{"target": -37.74358310616016, "params": {"C": 770.4539340711809, "epsilon": 0.5459844528771801, "gamma": 0.008010981813264904}, "datetime": {"datetime": "2021-09-28 15:50:58", "elapsed": 18.947295, "delta": 0.397996}}
{"target": -37.15138241323048, "params": {"C": 855.2085208327591, "epsilon": 2.5271254073921154, "gamma": 0.0008619208494965073}, "datetime": {"datetime": "2021-09-28 15:50:58", "elapsed": 19.290296, "delta": 0.343001}}
{"target": -36.84124567851028, "params": {"C": 853.4031941140263, "epsilon": 1.4158674670097497, "gamma": 0.0030229033389877194}, "datetime": {"datetime": "2021-09-28 15:50:59", "elapsed": 19.648418, "delta": 0.358122}}
{"target": -37.04583398166797, "params": {"C": 745.2485327447891, "epsilon": 1.2113137792135218, "gamma": 0.0008461039456376079}, "datetime": {"datetime": "2021-09-28 15:50:59", "elapsed": 19.966148, "delta": 0.31773}}
{"target": -36.82836048858712, "params": {"C": 722.5214083006974, "epsilon": 1.0729768704008404, "gamma": 0.004470407860075852}, "datetime": {"datetime": "2021-09-28 15:50:59", "elapsed": 20.27615, "delta": 0.310002}}
{"target": -38.47013299733212, "params": {"C": 849.8746898554909, "epsilon": 2.6773367360312865, "gamma": 0.009502757299005427}, "datetime": {"datetime": "2021-09-28 15:51:00", "elapsed": 20.778323, "delta": 0.502173}}
{"target": -37.48904596802018, "params": {"C": 724.7075664094075, "epsilon": 1.312857292129212, "gamma": 0.006052893801839}, "datetime": {"datetime": "2021-09-28 15:51:00", "elapsed": 21.339325, "delta": 0.561002}}
{"target": -36.7296718262712, "params": {"C": 715.3185190258849, "epsilon": 1.434774124710005, "gamma": 0.003873075421969333}, "datetime": {"datetime": "2021-09-28 15:51:01", "elapsed": 21.748701, "delta": 0.409376}}
{"target": -37.85749667455055, "params": {"C": 762.9946035335103, "epsilon": 0.8469460777458394, "gamma": 0.008658959824896064}, "datetime": {"datetime": "2021-09-28 15:51:01", "elapsed": 22.123704, "delta": 0.375003}}
{"target": -38.195242847736644, "params": {"C": 796.2559367883011, "epsilon": 1.6220976471454234, "gamma": 0.00899771145043172}, "datetime": {"datetime": "2021-09-28 15:51:01", "elapsed": 22.517702, "delta": 0.393998}}
{"target": -36.99414063560188, "params": {"C": 803.1564825028803, "epsilon": 0.41682191923315226, "gamma": 0.0046218262150475335}, "datetime": {"datetime": "2021-09-28 15:51:02", "elapsed": 23.124165, "delta": 0.606463}}
{"target": -37.30992353472793, "params": {"C": 892.6091867512483, "epsilon": 1.6137810250154352, "gamma": 0.004880514046782105}, "datetime": {"datetime": "2021-09-28 15:51:02", "elapsed": 23.527162, "delta": 0.402997}}
{"target": -36.92521217614427, "params": {"C": 759.3885829570418, "epsilon": 2.206694261726618, "gamma": 0.0047737256989951755}, "datetime": {"datetime": "2021-09-28 15:51:03", "elapsed": 24.076179, "delta": 0.549017}}
{"target": -37.615849455795356, "params": {"C": 847.4087891865242, "epsilon": 1.102984223076161, "gamma": 0.005807644211033987}, "datetime": {"datetime": "2021-09-28 15:51:03", "elapsed": 24.499179, "delta": 0.423}}
{"target": -37.32827658425337, "params": {"C": 764.6584062567706, "epsilon": 0.5136741417503587, "gamma": 0.0054752657485799645}, "datetime": {"datetime": "2021-09-28 15:51:04", "elapsed": 24.960179, "delta": 0.461}}
{"target": -37.167108316207006, "params": {"C": 720.6464379989627, "epsilon": 2.188919082194781, "gamma": 0.0015441210319920367}, "datetime": {"datetime": "2021-09-28 15:51:04", "elapsed": 25.408181, "delta": 0.448002}}
{"target": -38.199153895312904, "params": {"C": 889.0263997350066, "epsilon": 1.0363616657147892, "gamma": 0.008619690987679687}, "datetime": {"datetime": "2021-09-28 15:51:05", "elapsed": 25.923783, "delta": 0.515602}}
{"target": -37.501197046528056, "params": {"C": 822.4704068573333, "epsilon": 1.3659781696146527, "gamma": 0.005533305680830591}, "datetime": {"datetime": "2021-09-28 15:51:05", "elapsed": 26.327779, "delta": 0.403996}}
{"target": -37.23378574442755, "params": {"C": 704.779739672867, "epsilon": 0.8030884262555791, "gamma": 0.005534973238328143}, "datetime": {"datetime": "2021-09-28 15:51:06", "elapsed": 26.811781, "delta": 0.484002}}
{"target": -37.627028992989665, "params": {"C": 760.070076781104, "epsilon": 1.9707904458472028, "gamma": 0.007660590946279237}, "datetime": {"datetime": "2021-09-28 15:51:06", "elapsed": 27.367784, "delta": 0.556003}}
{"target": -38.0452426479874, "params": {"C": 719.6564819329666, "epsilon": 2.1816782728208612, "gamma": 0.00921028001209516}, "datetime": {"datetime": "2021-09-28 15:51:07", "elapsed": 27.774301, "delta": 0.406517}}
{"target": -37.855030325446464, "params": {"C": 710.5386531679135, "epsilon": 1.166473093366109, "gamma": 0.0089325850663495}, "datetime": {"datetime": "2021-09-28 15:51:07", "elapsed": 28.152303, "delta": 0.378002}}
{"target": -36.90687705211625, "params": {"C": 713.400781106372, "epsilon": 2.4886409624770285, "gamma": 0.0008058646751258852}, "datetime": {"datetime": "2021-09-28 15:51:07", "elapsed": 28.567302, "delta": 0.414999}}
{"target": -37.77852907316088, "params": {"C": 811.2210117436176, "epsilon": 1.2130656822276833, "gamma": 0.007816554036032822}, "datetime": {"datetime": "2021-09-28 15:51:08", "elapsed": 29.097302, "delta": 0.53}}
{"target": -37.76993816740196, "params": {"C": 758.2431957717129, "epsilon": 0.31308350108532274, "gamma": 0.008315411245061372}, "datetime": {"datetime": "2021-09-28 15:51:08", "elapsed": 29.553306, "delta": 0.456004}}
{"target": -37.46621927193934, "params": {"C": 801.9933145304462, "epsilon": 0.216478223015621, "gamma": 0.005645230276332265}, "datetime": {"datetime": "2021-09-28 15:51:09", "elapsed": 30.024554, "delta": 0.471248}}
{"target": -37.30730955223173, "params": {"C": 898.0250062910293, "epsilon": 2.2349506742900074, "gamma": 0.0014977983899726293}, "datetime": {"datetime": "2021-09-28 15:51:09", "elapsed": 30.499549, "delta": 0.474995}}
{"target": -36.718631649260026, "params": {"C": 735.7179604835044, "epsilon": 1.4929493977409665, "gamma": 0.0036232454937472586}, "datetime": {"datetime": "2021-09-28 15:51:10", "elapsed": 31.036217, "delta": 0.536668}}
{"target": -37.34169405135677, "params": {"C": 798.8764765621689, "epsilon": 2.489684567151519, "gamma": 0.005488693218934217}, "datetime": {"datetime": "2021-09-28 15:51:10", "elapsed": 31.546217, "delta": 0.51}}
{"target": -37.54663085778871, "params": {"C": 792.3566236518432, "epsilon": 2.1023664107193567, "gamma": 0.006803921947615}, "datetime": {"datetime": "2021-09-28 15:51:11", "elapsed": 32.044828, "delta": 0.498611}}
{"target": -37.28747115748388, "params": {"C": 872.1214298198735, "epsilon": 1.7284343022671822, "gamma": 0.0011165581650250242}, "datetime": {"datetime": "2021-09-28 15:51:11", "elapsed": 32.505828, "delta": 0.461}}
{"target": -36.014426557641436, "params": {"C": 736.3927495487652, "epsilon": 1.4781583959854874, "gamma": 0.00014045495565888398}, "datetime": {"datetime": "2021-09-28 15:51:12", "elapsed": 32.994824, "delta": 0.488996}}
{"target": -35.89766329220284, "params": {"C": 813.0621041703656, "epsilon": 2.6544322686201993, "gamma": 0.00014143061327533135}, "datetime": {"datetime": "2021-09-28 15:51:12", "elapsed": 33.417826, "delta": 0.423002}}
{"target": -37.31452064099392, "params": {"C": 776.66162892928, "epsilon": 2.211222898075172, "gamma": 0.005451887417195808}, "datetime": {"datetime": "2021-09-28 15:51:13", "elapsed": 33.910923, "delta": 0.493097}}
{"target": -36.836288983317495, "params": {"C": 862.3877894344903, "epsilon": 1.4776601868172572, "gamma": 0.0038292008648381968}, "datetime": {"datetime": "2021-09-28 15:51:13", "elapsed": 34.387922, "delta": 0.476999}}
{"target": -37.79975742097342, "params": {"C": 876.4385236320919, "epsilon": 1.2942061349889797, "gamma": 0.007272277581132068}, "datetime": {"datetime": "2021-09-28 15:51:14", "elapsed": 34.919003, "delta": 0.531081}}
{"target": -37.31927931336842, "params": {"C": 889.0030273304199, "epsilon": 0.4157627002346848, "gamma": 0.0010488836845657266}, "datetime": {"datetime": "2021-09-28 15:51:14", "elapsed": 35.457002, "delta": 0.537999}}
{"target": -36.86011677036042, "params": {"C": 733.5905547219465, "epsilon": 2.5628577236538055, "gamma": 0.004781915076335319}, "datetime": {"datetime": "2021-09-28 15:51:15", "elapsed": 35.932474, "delta": 0.475472}}
{"target": -37.01857883701242, "params": {"C": 785.7988848812266, "epsilon": 0.7649168928515652, "gamma": 0.004740054618544159}, "datetime": {"datetime": "2021-09-28 15:51:15", "elapsed": 36.449476, "delta": 0.517002}}
{"target": -37.79168680062986, "params": {"C": 851.4696651894245, "epsilon": 1.1635274563897005, "gamma": 0.0076353152306852115}, "datetime": {"datetime": "2021-09-28 15:51:16", "elapsed": 36.857477, "delta": 0.408001}}
{"target": -37.68033255262577, "params": {"C": 710.3172969732929, "epsilon": 1.0807471897046808, "gamma": 0.007942961178358349}, "datetime": {"datetime": "2021-09-28 15:51:16", "elapsed": 37.441475, "delta": 0.583998}}
{"target": -37.774284776986725, "params": {"C": 802.09436525423, "epsilon": 0.07635182158100934, "gamma": 0.008264578130101296}, "datetime": {"datetime": "2021-09-28 15:51:17", "elapsed": 37.911081, "delta": 0.469606}}
{"target": -35.707251983289915, "params": {"C": 893.7039876951769, "epsilon": 2.936004801309404, "gamma": 0.0002628315257565575}, "datetime": {"datetime": "2021-09-28 15:51:17", "elapsed": 38.38708, "delta": 0.475999}}
{"target": -38.33969299190029, "params": {"C": 898.7289516608508, "epsilon": 1.4192928060585859, "gamma": 0.008889768995540174}, "datetime": {"datetime": "2021-09-28 15:51:18", "elapsed": 38.952079, "delta": 0.564999}}
{"target": -37.229910841612295, "params": {"C": 716.5878211683429, "epsilon": 2.8794571506914632, "gamma": 0.005639523688154366}, "datetime": {"datetime": "2021-09-28 15:51:18", "elapsed": 39.485085, "delta": 0.533006}}
{"target": -37.39448321758948, "params": {"C": 823.542050455336, "epsilon": 0.9195179547589637, "gamma": 0.005278230970856294}, "datetime": {"datetime": "2021-09-28 15:51:19", "elapsed": 40.085089, "delta": 0.600004}}
{"target": -36.874634670767826, "params": {"C": 748.0928621003374, "epsilon": 1.2723005622157073, "gamma": 0.004593053694625946}, "datetime": {"datetime": "2021-09-28 15:51:19", "elapsed": 40.546089, "delta": 0.461}}
{"target": -37.36148138119974, "params": {"C": 796.8640907732761, "epsilon": 2.7837215205637578, "gamma": 0.0011514740388241845}, "datetime": {"datetime": "2021-09-28 15:51:20", "elapsed": 41.040718, "delta": 0.494629}}
{"target": -36.770508603425874, "params": {"C": 726.4891668799487, "epsilon": 1.3375683520479065, "gamma": 0.0007461206638712209}, "datetime": {"datetime": "2021-09-28 15:51:20", "elapsed": 41.558722, "delta": 0.518004}}
{"target": -37.87831418054605, "params": {"C": 769.4070506494155, "epsilon": 0.2540446991966456, "gamma": 0.008859981170805643}, "datetime": {"datetime": "2021-09-28 15:51:21", "elapsed": 42.300383, "delta": 0.741661}}
{"target": -37.202351413191664, "params": {"C": 860.630540495536, "epsilon": 1.3111791221372435, "gamma": 0.0010328130001682654}, "datetime": {"datetime": "2021-09-28 15:51:22", "elapsed": 42.85538, "delta": 0.554997}}
{"target": -36.944776622759704, "params": {"C": 866.1758412866641, "epsilon": 0.9496837514039622, "gamma": 0.004266198291113161}, "datetime": {"datetime": "2021-09-28 15:51:22", "elapsed": 43.364383, "delta": 0.509003}}
{"target": -37.295422180604064, "params": {"C": 704.7352221007734, "epsilon": 2.2422607899232623, "gamma": 0.0023293609633431222}, "datetime": {"datetime": "2021-09-28 15:51:23", "elapsed": 44.009898, "delta": 0.645515}}
{"target": -38.14584359537385, "params": {"C": 749.7331070804743, "epsilon": 2.6334130082490854, "gamma": 0.009143557948563455}, "datetime": {"datetime": "2021-09-28 15:51:23", "elapsed": 44.580906, "delta": 0.571008}}
{"target": -38.43668146445114, "params": {"C": 859.4616501689875, "epsilon": 1.727640680873834, "gamma": 0.009445925697524052}, "datetime": {"datetime": "2021-09-28 15:51:24", "elapsed": 45.136905, "delta": 0.555999}}
{"target": -38.22228868190492, "params": {"C": 769.9118723379694, "epsilon": 1.4916595595057793, "gamma": 0.009380904103622882}, "datetime": {"datetime": "2021-09-28 15:51:25", "elapsed": 45.761722, "delta": 0.624817}}
{"target": -37.16800858981673, "params": {"C": 832.2739041722995, "epsilon": 2.389299512726779, "gamma": 0.0027161652921907473}, "datetime": {"datetime": "2021-09-28 15:51:25", "elapsed": 46.243723, "delta": 0.482001}}
{"target": -37.31686826623055, "params": {"C": 730.466046931377, "epsilon": 1.8721621263461525, "gamma": 0.002414657116625904}, "datetime": {"datetime": "2021-09-28 15:51:26", "elapsed": 46.877723, "delta": 0.634}}
{"target": -37.63639527338653, "params": {"C": 828.7149074241102, "epsilon": 1.8689391625396337, "gamma": 0.007003879388487025}, "datetime": {"datetime": "2021-09-28 15:51:26", "elapsed": 47.43672, "delta": 0.558997}}
{"target": -37.245548966668416, "params": {"C": 788.4965293972771, "epsilon": 2.704496251164382, "gamma": 0.000992967077995715}, "datetime": {"datetime": "2021-09-28 15:51:27", "elapsed": 48.059413, "delta": 0.622693}}
{"target": -36.73775727520158, "params": {"C": 829.4087906217753, "epsilon": 1.6150194206726776, "gamma": 0.003343056503004991}, "datetime": {"datetime": "2021-09-28 15:51:28", "elapsed": 48.72941, "delta": 0.669997}}
{"target": -37.45745496254892, "params": {"C": 853.0513911696728, "epsilon": 0.26630718363399813, "gamma": 0.005380117320611968}, "datetime": {"datetime": "2021-09-28 15:51:28", "elapsed": 49.246414, "delta": 0.517004}}
