{"target": -43.19744644458801, "params": {"C": 106.70039055318603, "epsilon": 3.323075898977594, "gamma": 0.010778871493098172}, "datetime": {"datetime": "2021-09-24 16:27:35", "elapsed": 19.569462, "delta": 0.473618}}
{"target": -44.62039721581786, "params": {"C": 155.61050587180878, "epsilon": 1.6345017533991009, "gamma": 0.048310844839367637}, "datetime": {"datetime": "2021-09-24 16:27:35", "elapsed": 20.014466, "delta": 0.445004}}
{"target": -44.692420166542874, "params": {"C": 129.12159788585643, "epsilon": 0.4431282091726346, "gamma": 0.050981494544267945}, "datetime": {"datetime": "2021-09-24 16:27:36", "elapsed": 20.592761, "delta": 0.578295}}
{"target": -44.00792186804448, "params": {"C": 150.9966572652231, "epsilon": 0.31524459665622384, "gamma": 0.036686586327839395}, "datetime": {"datetime": "2021-09-24 16:27:36", "elapsed": 20.946762, "delta": 0.354001}}
{"target": -42.88212398773482, "params": {"C": 199.01250314551464, "epsilon": 2.9872471413575625, "gamma": 0.014483163097833268}, "datetime": {"datetime": "2021-09-24 16:27:37", "elapsed": 21.42122, "delta": 0.474458}}
{"target": -43.1347580414048, "params": {"C": 117.8589802417522, "epsilon": 2.005004704578739, "gamma": 0.02586181930996007}, "datetime": {"datetime": "2021-09-24 16:27:37", "elapsed": 21.920229, "delta": 0.499009}}
{"target": -43.76851920910974, "params": {"C": 149.43823828108447, "epsilon": 3.3244573963292865, "gamma": 0.035848559656920555}, "datetime": {"datetime": "2021-09-24 16:27:38", "elapsed": 22.497222, "delta": 0.576993}}
{"target": -44.215999981743714, "params": {"C": 146.17831182592158, "epsilon": 2.8117354620059505, "gamma": 0.042889683153898475}, "datetime": {"datetime": "2021-09-24 16:27:38", "elapsed": 22.897229, "delta": 0.400007}}
{"target": -42.6599313432829, "params": {"C": 186.06071490993673, "epsilon": 2.3167336378795307, "gamma": 0.012442180075386493}, "datetime": {"datetime": "2021-09-24 16:27:39", "elapsed": 23.296224, "delta": 0.398995}}
{"target": -43.064230492685915, "params": {"C": 118.19637477438263, "epsilon": 1.9854247522715525, "gamma": 0.007216577035345541}, "datetime": {"datetime": "2021-09-24 16:27:39", "elapsed": 23.720223, "delta": 0.423999}}
{"target": -42.99298715187534, "params": {"C": 156.5310520851828, "epsilon": 3.542546217546579, "gamma": 0.007221800252888138}, "datetime": {"datetime": "2021-09-24 16:27:40", "elapsed": 24.220226, "delta": 0.500003}}
{"target": -43.715535577052385, "params": {"C": 138.33081446464, "epsilon": 2.9558369140908405, "gamma": 0.035651518496098766}, "datetime": {"datetime": "2021-09-24 16:27:40", "elapsed": 24.697507, "delta": 0.477281}}
{"target": -43.617302366929124, "params": {"C": 181.19389471724512, "epsilon": 1.9847652356333816, "gamma": 0.0269644086703459}, "datetime": {"datetime": "2021-09-24 16:27:41", "elapsed": 25.319581, "delta": 0.622074}}
{"target": -44.847338804357925, "params": {"C": 188.21926181604596, "epsilon": 1.7419134231097866, "gamma": 0.04539704159595955}, "datetime": {"datetime": "2021-09-24 16:27:41", "elapsed": 25.723575, "delta": 0.403994}}
{"target": -42.50853662623726, "params": {"C": 194.50151366520993, "epsilon": 0.5790523240852614, "gamma": 0.012079882351715506}, "datetime": {"datetime": "2021-09-24 16:27:42", "elapsed": 26.213517, "delta": 0.489942}}
{"target": -43.45745214990328, "params": {"C": 116.79527736097326, "epsilon": 3.421322161689099, "gamma": 0.032064797883411295}, "datetime": {"datetime": "2021-09-24 16:27:42", "elapsed": 26.59452, "delta": 0.381003}}
{"target": -43.55890538786497, "params": {"C": 142.8994424406133, "epsilon": 1.0412537727978373, "gamma": 0.031840696442711154}, "datetime": {"datetime": "2021-09-24 16:27:42", "elapsed": 26.951516, "delta": 0.356996}}
{"target": -44.84441324426845, "params": {"C": 175.73483259471226, "epsilon": 1.5689243087252789, "gamma": 0.04734057648750668}, "datetime": {"datetime": "2021-09-24 16:27:43", "elapsed": 27.38552, "delta": 0.434004}}
{"target": -44.25402035257739, "params": {"C": 105.15864848664641, "epsilon": 1.4593418950075303, "gamma": 0.04898756994474671}, "datetime": {"datetime": "2021-09-24 16:27:43", "elapsed": 27.792194, "delta": 0.406674}}
{"target": -44.90951383378512, "params": {"C": 151.04718262711498, "epsilon": 0.12974882683448052, "gamma": 0.05070935766619886}, "datetime": {"datetime": "2021-09-24 16:27:43", "elapsed": 28.153162, "delta": 0.360968}}
{"target": -42.91585962528363, "params": {"C": 196.85199384758846, "epsilon": 3.9152847819934427, "gamma": 0.007871724329807834}, "datetime": {"datetime": "2021-09-24 16:27:44", "elapsed": 28.592991, "delta": 0.439829}}
{"target": -45.20949779481224, "params": {"C": 199.36447583042542, "epsilon": 1.9074999800108658, "gamma": 0.05405633906703325}, "datetime": {"datetime": "2021-09-24 16:27:44", "elapsed": 28.948986, "delta": 0.355995}}
{"target": -43.618700017512765, "params": {"C": 108.29391058417143, "epsilon": 3.840428438894668, "gamma": 0.03665603590628095}, "datetime": {"datetime": "2021-09-24 16:27:45", "elapsed": 29.46083, "delta": 0.511844}}
{"target": -43.92559811866386, "params": {"C": 161.77102522766802, "epsilon": 1.2459107303744867, "gamma": 0.03472184257125086}, "datetime": {"datetime": "2021-09-24 16:27:45", "elapsed": 29.912832, "delta": 0.452002}}
{"target": -43.39208687574949, "params": {"C": 124.04643105016866, "epsilon": 1.712915382459606, "gamma": 0.031053721799512636}, "datetime": {"datetime": "2021-09-24 16:27:46", "elapsed": 30.340047, "delta": 0.427215}}
{"target": -42.786176617921505, "params": {"C": 148.43204538663804, "epsilon": 3.7136960442274485, "gamma": 0.012629103440169875}, "datetime": {"datetime": "2021-09-24 16:27:46", "elapsed": 30.869046, "delta": 0.528999}}
{"target": -43.06282991631064, "params": {"C": 113.24458343997436, "epsilon": 1.7993152242848247, "gamma": 0.010459029816684312}, "datetime": {"datetime": "2021-09-24 16:27:47", "elapsed": 31.503247, "delta": 0.634201}}
{"target": -44.879633806002914, "params": {"C": 134.70352532470775, "epsilon": 0.36497414331800027, "gamma": 0.05389686889421203}, "datetime": {"datetime": "2021-09-24 16:27:47", "elapsed": 31.972255, "delta": 0.469008}}
{"target": -42.612491424062, "params": {"C": 180.315270247768, "epsilon": 1.764381832239032, "gamma": 0.011993847374638187}, "datetime": {"datetime": "2021-09-24 16:27:48", "elapsed": 32.385091, "delta": 0.412836}}
{"target": -43.792952286981475, "params": {"C": 183.087920643332, "epsilon": 1.285843445506412, "gamma": 0.02930388984131288}, "datetime": {"datetime": "2021-09-24 16:27:48", "elapsed": 32.804745, "delta": 0.419654}}
{"target": -43.02682064610985, "params": {"C": 102.36761105038667, "epsilon": 2.996924086694015, "gamma": 0.018934962733049038}, "datetime": {"datetime": "2021-09-24 16:27:49", "elapsed": 33.452409, "delta": 0.647664}}
{"target": -44.33420275910251, "params": {"C": 124.86655354023715, "epsilon": 3.5147214547345342, "gamma": 0.055415007199380105}, "datetime": {"datetime": "2021-09-24 16:27:49", "elapsed": 33.992408, "delta": 0.539999}}
{"target": -45.10151907097975, "params": {"C": 179.73082508449374, "epsilon": 2.3156830620437217, "gamma": 0.057033743633209566}, "datetime": {"datetime": "2021-09-24 16:27:50", "elapsed": 34.434786, "delta": 0.442378}}
{"target": -44.71268800594444, "params": {"C": 134.95593616898466, "epsilon": 2.0032972494958137, "gamma": 0.056685648231516436}, "datetime": {"datetime": "2021-09-24 16:27:50", "elapsed": 34.932784, "delta": 0.497998}}
{"target": -43.12578055578914, "params": {"C": 166.13695208614973, "epsilon": 3.191570211912408, "gamma": 0.02100573338243531}, "datetime": {"datetime": "2021-09-24 16:27:51", "elapsed": 35.412756, "delta": 0.479972}}
{"target": -42.994145123108396, "params": {"C": 115.23302346568852, "epsilon": 2.506996879491239, "gamma": 0.01939159870516898}, "datetime": {"datetime": "2021-09-24 16:27:51", "elapsed": 36.139135, "delta": 0.726379}}
{"target": -44.36337673552117, "params": {"C": 164.35745371205508, "epsilon": 2.5027304018947465, "gamma": 0.043960162382809316}, "datetime": {"datetime": "2021-09-24 16:27:52", "elapsed": 36.633283, "delta": 0.494148}}
{"target": -42.78102744439915, "params": {"C": 144.24826469863856, "epsilon": 3.6088196455893953, "gamma": 0.011780530821593221}, "datetime": {"datetime": "2021-09-24 16:27:53", "elapsed": 37.263329, "delta": 0.630046}}
{"target": -43.257088483866845, "params": {"C": 164.70439531088763, "epsilon": 2.166597899323284, "gamma": 0.02436181764234995}, "datetime": {"datetime": "2021-09-24 16:27:53", "elapsed": 37.947323, "delta": 0.683994}}
{"target": -44.14827011913352, "params": {"C": 176.52569558483637, "epsilon": 0.3812069086452059, "gamma": 0.03526729474671053}, "datetime": {"datetime": "2021-09-24 16:27:54", "elapsed": 38.458712, "delta": 0.511389}}
{"target": -43.99362460536845, "params": {"C": 196.0027847766566, "epsilon": 3.029597373698723, "gamma": 0.03163637920383093}, "datetime": {"datetime": "2021-09-24 16:27:54", "elapsed": 39.089375, "delta": 0.630663}}
{"target": -44.587451738368095, "params": {"C": 144.962503305393, "epsilon": 3.65507999921086, "gamma": 0.057250339008315124}, "datetime": {"datetime": "2021-09-24 16:27:55", "elapsed": 39.618641, "delta": 0.529266}}
{"target": -43.67269365856594, "params": {"C": 111.34741018017985, "epsilon": 3.2355886205194047, "gamma": 0.03782186246370856}, "datetime": {"datetime": "2021-09-24 16:27:55", "elapsed": 40.146294, "delta": 0.527653}}
{"target": -45.02177430132274, "params": {"C": 199.42750981129728, "epsilon": 3.4428823425728674, "gamma": 0.05508327296937282}, "datetime": {"datetime": "2021-09-24 16:27:56", "elapsed": 40.588568, "delta": 0.442274}}
{"target": -43.89931882303685, "params": {"C": 172.61978636648416, "epsilon": 2.2754709417809535, "gamma": 0.032283253963611876}, "datetime": {"datetime": "2021-09-24 16:27:57", "elapsed": 41.264242, "delta": 0.675674}}
{"target": -43.217349300525896, "params": {"C": 142.4534036292061, "epsilon": 1.1847016080498374, "gamma": 0.025486887623940968}, "datetime": {"datetime": "2021-09-24 16:27:57", "elapsed": 41.783247, "delta": 0.519005}}
{"target": -43.32940582270648, "params": {"C": 125.5790429204762, "epsilon": 0.7925634394356539, "gamma": 0.02932099726566717}, "datetime": {"datetime": "2021-09-24 16:27:58", "elapsed": 42.28591, "delta": 0.502663}}
{"target": -43.42766744596257, "params": {"C": 142.77268668107956, "epsilon": 0.4201594259561233, "gamma": 0.029438613662711006}, "datetime": {"datetime": "2021-09-24 16:27:58", "elapsed": 42.806174, "delta": 0.520264}}
{"target": -45.403127642646915, "params": {"C": 180.84113546498622, "epsilon": 0.8279245970078358, "gamma": 0.059654842690764646}, "datetime": {"datetime": "2021-09-24 16:27:59", "elapsed": 43.495641, "delta": 0.689467}}
{"target": -44.10129211956125, "params": {"C": 154.4232069206874, "epsilon": 1.2721561958449814, "gamma": 0.038507018477253026}, "datetime": {"datetime": "2021-09-24 16:27:59", "elapsed": 44.076643, "delta": 0.581002}}
{"target": -43.63274697166861, "params": {"C": 189.71698478100672, "epsilon": 3.034381960362839, "gamma": 0.02581433844460178}, "datetime": {"datetime": "2021-09-24 16:28:00", "elapsed": 44.725443, "delta": 0.6488}}
{"target": -43.4487074448531, "params": {"C": 140.67094206529765, "epsilon": 2.7654301746386727, "gamma": 0.029512143766143875}, "datetime": {"datetime": "2021-09-24 16:28:01", "elapsed": 45.478119, "delta": 0.752676}}
{"target": -42.6571472865878, "params": {"C": 112.57627277620126, "epsilon": 1.0284398646312705, "gamma": 0.014798749122973631}, "datetime": {"datetime": "2021-09-24 16:28:01", "elapsed": 46.123774, "delta": 0.645655}}
{"target": -44.36098358517411, "params": {"C": 180.06556780693384, "epsilon": 1.145931837859396, "gamma": 0.038767485060470036}, "datetime": {"datetime": "2021-09-24 16:28:02", "elapsed": 46.905059, "delta": 0.781285}}
{"target": -44.636298882177115, "params": {"C": 152.81516704671517, "epsilon": 3.098392024150643, "gamma": 0.05489855482751965}, "datetime": {"datetime": "2021-09-24 16:28:03", "elapsed": 47.507011, "delta": 0.601952}}
{"target": -44.342126009692976, "params": {"C": 157.65019703962787, "epsilon": 0.146760436979805, "gamma": 0.04032887316143862}, "datetime": {"datetime": "2021-09-24 16:28:03", "elapsed": 48.137423, "delta": 0.630412}}
{"target": -45.04003793948528, "params": {"C": 133.00514203810303, "epsilon": 0.6348037566144173, "gamma": 0.05873231218613403}, "datetime": {"datetime": "2021-09-24 16:28:04", "elapsed": 48.887123, "delta": 0.7497}}
{"target": -44.11873562800386, "params": {"C": 152.964166421416, "epsilon": 3.1897508770646428, "gamma": 0.040998726243613}, "datetime": {"datetime": "2021-09-24 16:28:05", "elapsed": 49.382352, "delta": 0.495229}}
{"target": -44.57776946724212, "params": {"C": 169.98133521409304, "epsilon": 0.5438315880138135, "gamma": 0.04365601417349735}, "datetime": {"datetime": "2021-09-24 16:28:05", "elapsed": 50.133351, "delta": 0.750999}}
{"target": -43.11294693376696, "params": {"C": 147.01879953328753, "epsilon": 2.150924289598992, "gamma": 0.021398120504195164}, "datetime": {"datetime": "2021-09-24 16:28:06", "elapsed": 50.732615, "delta": 0.599264}}
{"target": -42.55796830058968, "params": {"C": 146.5341249825987, "epsilon": 0.44233724710864497, "gamma": 0.014331143300368014}, "datetime": {"datetime": "2021-09-24 16:28:07", "elapsed": 51.249408, "delta": 0.516793}}
{"target": -43.047063072486786, "params": {"C": 167.07067823957763, "epsilon": 3.1700091648079636, "gamma": 0.016928605799019707}, "datetime": {"datetime": "2021-09-24 16:28:07", "elapsed": 51.938644, "delta": 0.689236}}
{"target": -42.97117190439069, "params": {"C": 100.80222564294368, "epsilon": 0.6634737071058079, "gamma": 0.020199464922691812}, "datetime": {"datetime": "2021-09-24 16:28:08", "elapsed": 52.448407, "delta": 0.509763}}
{"target": -43.23630157956557, "params": {"C": 138.266474854033, "epsilon": 1.590231655706134, "gamma": 0.026420382448589203}, "datetime": {"datetime": "2021-09-24 16:28:08", "elapsed": 53.098927, "delta": 0.65052}}
{"target": -43.94929876987647, "params": {"C": 128.98709727156958, "epsilon": 1.6724413118091312, "gamma": 0.040450600068285866}, "datetime": {"datetime": "2021-09-24 16:28:09", "elapsed": 53.64815, "delta": 0.549223}}
{"target": -43.08571242645526, "params": {"C": 121.14691336207409, "epsilon": 1.0736665601963802, "gamma": 0.00808213931629204}, "datetime": {"datetime": "2021-09-24 16:28:09", "elapsed": 54.201748, "delta": 0.553598}}
{"target": -43.76022355578097, "params": {"C": 129.15648660091966, "epsilon": 3.149300000118635, "gamma": 0.03834020640136951}, "datetime": {"datetime": "2021-09-24 16:28:10", "elapsed": 54.761879, "delta": 0.560131}}
{"target": -44.5774137734904, "params": {"C": 171.87359393095144, "epsilon": 1.4847530435375116, "gamma": 0.0445130974564728}, "datetime": {"datetime": "2021-09-24 16:28:11", "elapsed": 55.27554, "delta": 0.513661}}
{"target": -44.831902726177304, "params": {"C": 125.55299729357888, "epsilon": 0.4780555886255591, "gamma": 0.055521391964056796}, "datetime": {"datetime": "2021-09-24 16:28:11", "elapsed": 55.7837, "delta": 0.50816}}
{"target": -44.05082558436192, "params": {"C": 186.07793502846627, "epsilon": 1.8015414836432755, "gamma": 0.032915828111089486}, "datetime": {"datetime": "2021-09-24 16:28:12", "elapsed": 56.500219, "delta": 0.716519}}
{"target": -44.98825824633396, "params": {"C": 132.82233192756726, "epsilon": 0.08803528455996479, "gamma": 0.05586159712437702}, "datetime": {"datetime": "2021-09-24 16:28:12", "elapsed": 57.021213, "delta": 0.520994}}
{"target": -43.15283406832465, "params": {"C": 104.94172176891212, "epsilon": 2.3863366321392845, "gamma": 0.025943855473592434}, "datetime": {"datetime": "2021-09-24 16:28:13", "elapsed": 57.629579, "delta": 0.608366}}
{"target": -44.150773984740816, "params": {"C": 171.83981780483597, "epsilon": 1.5314311634688957, "gamma": 0.037013913641183976}, "datetime": {"datetime": "2021-09-24 16:28:13", "elapsed": 58.130906, "delta": 0.501327}}
{"target": -43.57383377263345, "params": {"C": 177.59454018474244, "epsilon": 3.358738556812879, "gamma": 0.025935206855358255}, "datetime": {"datetime": "2021-09-24 16:28:14", "elapsed": 58.750718, "delta": 0.619812}}
{"target": -45.078012640265214, "params": {"C": 191.96674475920594, "epsilon": 2.5423696254627335, "gamma": 0.05405489083746982}, "datetime": {"datetime": "2021-09-24 16:28:15", "elapsed": 59.336611, "delta": 0.585893}}
{"target": -43.96634498725599, "params": {"C": 100.301304285607, "epsilon": 3.300686992705425, "gamma": 0.04473744390562395}, "datetime": {"datetime": "2021-09-24 16:28:15", "elapsed": 59.898624, "delta": 0.562013}}
{"target": -44.94292462650683, "params": {"C": 173.84430421480133, "epsilon": 3.2568497892025388, "gamma": 0.05787075621940771}, "datetime": {"datetime": "2021-09-24 16:28:16", "elapsed": 60.587087, "delta": 0.688463}}
{"target": -43.716346250052176, "params": {"C": 178.7845177892316, "epsilon": 1.1869746673093902, "gamma": 0.029021924857964506}, "datetime": {"datetime": "2021-09-24 16:28:16", "elapsed": 61.159083, "delta": 0.571996}}
{"target": -43.22674064935565, "params": {"C": 112.67825574852873, "epsilon": 3.296840589453197, "gamma": 0.028115167078984902}, "datetime": {"datetime": "2021-09-24 16:28:17", "elapsed": 61.855592, "delta": 0.696509}}
{"target": -43.99803728569881, "params": {"C": 199.01797378232828, "epsilon": 2.9493265334001255, "gamma": 0.031035565235816128}, "datetime": {"datetime": "2021-09-24 16:28:18", "elapsed": 62.570364, "delta": 0.714772}}
{"target": -43.24565333057241, "params": {"C": 181.12075938244942, "epsilon": 1.4483099235089079, "gamma": 0.023149690461713977}, "datetime": {"datetime": "2021-09-24 16:28:19", "elapsed": 63.309348, "delta": 0.738984}}
{"target": -43.19101932097253, "params": {"C": 103.29753067799881, "epsilon": 1.6668509007718906, "gamma": 0.0262901716863199}, "datetime": {"datetime": "2021-09-24 16:28:19", "elapsed": 63.96093, "delta": 0.651582}}
{"target": -43.70511496996727, "params": {"C": 148.42321230375933, "epsilon": 3.7222136227108407, "gamma": 0.033409553877006545}, "datetime": {"datetime": "2021-09-24 16:28:20", "elapsed": 64.651767, "delta": 0.690837}}
{"target": -42.996643374326084, "params": {"C": 136.47385930278375, "epsilon": 2.4016931420349263, "gamma": 0.0076254266935331}, "datetime": {"datetime": "2021-09-24 16:28:21", "elapsed": 65.492132, "delta": 0.840365}}
{"target": -43.25267498081453, "params": {"C": 146.5306994629772, "epsilon": 0.4069855659573315, "gamma": 0.026098554078405455}, "datetime": {"datetime": "2021-09-24 16:28:22", "elapsed": 66.224128, "delta": 0.731996}}
{"target": -42.73228089408106, "params": {"C": 111.25104138658112, "epsilon": 1.4305267548560723, "gamma": 0.0162819175132091}, "datetime": {"datetime": "2021-09-24 16:28:22", "elapsed": 67.135916, "delta": 0.911788}}
{"target": -44.68311804102877, "params": {"C": 140.19585019192687, "epsilon": 0.7689054256374187, "gamma": 0.04970934061847706}, "datetime": {"datetime": "2021-09-24 16:28:23", "elapsed": 67.84607, "delta": 0.710154}}
{"target": -42.80433937298794, "params": {"C": 161.99820682025745, "epsilon": 1.1151516846419618, "gamma": 0.016093491010670744}, "datetime": {"datetime": "2021-09-24 16:28:24", "elapsed": 68.604447, "delta": 0.758377}}
{"target": -43.5881082193885, "params": {"C": 178.78091996703102, "epsilon": 1.1978105782422515, "gamma": 0.02691219581676481}, "datetime": {"datetime": "2021-09-24 16:28:25", "elapsed": 69.255052, "delta": 0.650605}}
{"target": -43.796366974403035, "params": {"C": 110.33585303394808, "epsilon": 2.9078184299316834, "gamma": 0.04071119431766642}, "datetime": {"datetime": "2021-09-24 16:28:26", "elapsed": 70.505141, "delta": 1.250089}}
{"target": -42.88511205816384, "params": {"C": 107.74030287935902, "epsilon": 1.067443617844719, "gamma": 0.018883025094134736}, "datetime": {"datetime": "2021-09-24 16:28:27", "elapsed": 71.260837, "delta": 0.755696}}
{"target": -43.09419229079154, "params": {"C": 143.4050993778921, "epsilon": 0.7869031091285726, "gamma": 0.02144358252494232}, "datetime": {"datetime": "2021-09-24 16:28:27", "elapsed": 71.994043, "delta": 0.733206}}
{"target": -45.21858742412284, "params": {"C": 178.92592052778093, "epsilon": 1.4896745605691464, "gamma": 0.05659639416124212}, "datetime": {"datetime": "2021-09-24 16:28:28", "elapsed": 72.62529, "delta": 0.631247}}
{"target": -42.9992089487089, "params": {"C": 103.79005577371936, "epsilon": 2.437049071450818, "gamma": 0.012246229035111897}, "datetime": {"datetime": "2021-09-24 16:28:29", "elapsed": 73.353668, "delta": 0.728378}}
{"target": -44.646295268921925, "params": {"C": 133.53717876051886, "epsilon": 0.6087074421805149, "gamma": 0.04938758902524079}, "datetime": {"datetime": "2021-09-24 16:28:30", "elapsed": 74.348804, "delta": 0.995136}}
{"target": -42.86592385369165, "params": {"C": 109.07595168652708, "epsilon": 2.470929611710089, "gamma": 0.017193628304728016}, "datetime": {"datetime": "2021-09-24 16:28:30", "elapsed": 75.018579, "delta": 0.669775}}
{"target": -44.54782937737274, "params": {"C": 194.52088286810067, "epsilon": 0.5623122420524909, "gamma": 0.04001278717537069}, "datetime": {"datetime": "2021-09-24 16:28:31", "elapsed": 75.903432, "delta": 0.884853}}
{"target": -42.64976906311764, "params": {"C": 149.84818329141456, "epsilon": 1.6855872049241658, "gamma": 0.014758345344663807}, "datetime": {"datetime": "2021-09-24 16:28:32", "elapsed": 76.584878, "delta": 0.681446}}
{"target": -43.12827748304744, "params": {"C": 124.25039339123379, "epsilon": 1.9918498906968911, "gamma": 0.024565914320741667}, "datetime": {"datetime": "2021-09-24 16:28:33", "elapsed": 77.58111, "delta": 0.996232}}
{"target": -42.72633342292476, "params": {"C": 111.25922143663264, "epsilon": 1.4111020257042952, "gamma": 0.016077415836602636}, "datetime": {"datetime": "2021-09-24 16:28:34", "elapsed": 78.434206, "delta": 0.853096}}
