{"target": -54.961113672179366, "params": {"C": 17.39155820766209, "epsilon": 2.8459436615543514, "gamma": 0.596207978486406}, "datetime": {"datetime": "2021-09-24 15:19:16", "elapsed": 1038.618837, "delta": 2.709275}}
{"target": -45.251842587280585, "params": {"C": 17.20733466242399, "epsilon": 0.2892665980725554, "gamma": 0.0070335480742819605}, "datetime": {"datetime": "2021-09-24 15:19:18", "elapsed": 1041.019464, "delta": 2.400627}}
{"target": -43.78522433784807, "params": {"C": 22.725063356446885, "epsilon": 0.5602501614339618, "gamma": 0.08175345546487701}, "datetime": {"datetime": "2021-09-24 15:19:25", "elapsed": 1047.424357, "delta": 6.404893}}
{"target": -47.42184094321572, "params": {"C": 9.210880622472354, "epsilon": 1.2226788948558531, "gamma": 0.16090815341040157}, "datetime": {"datetime": "2021-09-24 15:19:30", "elapsed": 1052.523072, "delta": 5.098715}}
{"target": -43.73030331218254, "params": {"C": 40.876675389076404, "epsilon": 1.0692399384084823, "gamma": 0.011611702712776213}, "datetime": {"datetime": "2021-09-24 15:19:34", "elapsed": 1057.157271, "delta": 4.634199}}
{"target": -59.687370747259266, "params": {"C": 9.188798483258708, "epsilon": 1.3282882880756166, "gamma": 0.0001}, "datetime": {"datetime": "2021-09-24 15:19:42", "elapsed": 1064.679289, "delta": 7.522018}}
{"target": -45.56047715364891, "params": {"C": 22.40419951553498, "epsilon": 1.2047105544632508, "gamma": 0.0046882334682255425}, "datetime": {"datetime": "2021-09-24 15:19:46", "elapsed": 1069.236787, "delta": 4.557498}}
{"target": -58.518668856855236, "params": {"C": 5.029614308715492, "epsilon": 2.681884707782375, "gamma": 0.6616852527459248}, "datetime": {"datetime": "2021-09-24 15:19:49", "elapsed": 1071.586454, "delta": 2.349667}}
{"target": -45.80267218616764, "params": {"C": 9.363434987703894, "epsilon": 1.2162958763911904, "gamma": 0.12434582972212967}, "datetime": {"datetime": "2021-09-24 15:19:54", "elapsed": 1076.528417, "delta": 4.941963}}
{"target": -55.116192544297775, "params": {"C": 28.211013679480423, "epsilon": 0.12988440988122754, "gamma": 0.755363426521032}, "datetime": {"datetime": "2021-09-24 15:19:56", "elapsed": 1078.928955, "delta": 2.400538}}
{"target": -46.24033305176396, "params": {"C": 23.02664261179186, "epsilon": 0.6335356247754571, "gamma": 0.21031890067358225}, "datetime": {"datetime": "2021-09-24 15:20:03", "elapsed": 1086.017516, "delta": 7.088561}}
{"target": -56.85272020670743, "params": {"C": 26.58463419896244, "epsilon": 1.623484651003012, "gamma": 0.9732875664421614}, "datetime": {"datetime": "2021-09-24 15:20:06", "elapsed": 1088.604811, "delta": 2.587295}}
{"target": -43.915217685755906, "params": {"C": 46.47878667026675, "epsilon": 0.03308858543457412, "gamma": 0.015943475442335132}, "datetime": {"datetime": "2021-09-24 15:20:11", "elapsed": 1093.977061, "delta": 5.37225}}
{"target": -44.85192299426457, "params": {"C": 40.9670139921253, "epsilon": 1.1160386801058224, "gamma": 0.11022655352357807}, "datetime": {"datetime": "2021-09-24 15:20:18", "elapsed": 1100.300488, "delta": 6.323427}}
{"target": -43.84016449969175, "params": {"C": 22.119438127826523, "epsilon": 1.0711228033106355, "gamma": 0.08107929633113106}, "datetime": {"datetime": "2021-09-24 15:20:24", "elapsed": 1107.056354, "delta": 6.755866}}
{"target": -58.94971937903814, "params": {"C": 23.032739688803733, "epsilon": 0.5622588944438446, "gamma": 0.0001}, "datetime": {"datetime": "2021-09-24 15:20:32", "elapsed": 1114.887678, "delta": 7.831324}}
{"target": -43.98900423724119, "params": {"C": 13.122639649020282, "epsilon": 0.8932929510935715, "gamma": 0.0582513356198101}, "datetime": {"datetime": "2021-09-24 15:20:39", "elapsed": 1121.73504, "delta": 6.847362}}
{"target": -47.85994950723361, "params": {"C": 22.79494313122859, "epsilon": 0.4935383994461568, "gamma": 0.2932619678211258}, "datetime": {"datetime": "2021-09-24 15:20:47", "elapsed": 1129.758278, "delta": 8.023238}}
{"target": -44.235882992745516, "params": {"C": 12.980211783004691, "epsilon": 0.979843905236891, "gamma": 0.08679689210449938}, "datetime": {"datetime": "2021-09-24 15:20:55", "elapsed": 1137.822008, "delta": 8.06373}}
{"target": -59.064343893224, "params": {"C": 21.931897103699942, "epsilon": 2.0572872838325105, "gamma": 0.0001}, "datetime": {"datetime": "2021-09-24 15:21:02", "elapsed": 1145.107114, "delta": 7.285106}}
{"target": -47.212395598464205, "params": {"C": 12.976298934456972, "epsilon": 0.8523687299332909, "gamma": 0.19120263335151003}, "datetime": {"datetime": "2021-09-24 15:21:09", "elapsed": 1151.303527, "delta": 6.196413}}
{"target": -45.90721959402638, "params": {"C": 22.20429572500464, "epsilon": 1.0645822826208324, "gamma": 0.18696299367941102}, "datetime": {"datetime": "2021-09-24 15:21:14", "elapsed": 1157.002478, "delta": 5.698951}}
{"target": -52.793168343638946, "params": {"C": 16.275090729480294, "epsilon": 0.37617222285889984, "gamma": 0.44373942764949265}, "datetime": {"datetime": "2021-09-24 15:21:17", "elapsed": 1159.716394, "delta": 2.713916}}
{"target": -50.23300830246342, "params": {"C": 16.045450562429966, "epsilon": 1.1904563982147722, "gamma": 0.3230668729759438}, "datetime": {"datetime": "2021-09-24 15:21:20", "elapsed": 1162.4627, "delta": 2.746306}}
{"target": -50.79050595354157, "params": {"C": 47.72975386306299, "epsilon": 0.10500366398522619, "gamma": 0.5707141276126897}, "datetime": {"datetime": "2021-09-24 15:21:22", "elapsed": 1165.239917, "delta": 2.777217}}
{"target": -44.069015694421665, "params": {"C": 13.117404199427542, "epsilon": 1.080691058989411, "gamma": 0.07570183611442531}, "datetime": {"datetime": "2021-09-24 15:21:31", "elapsed": 1174.032871, "delta": 8.792954}}
{"target": -43.84709713414468, "params": {"C": 23.078249806969588, "epsilon": 0.8291993507173087, "gamma": 0.08271861626473706}, "datetime": {"datetime": "2021-09-24 15:21:38", "elapsed": 1180.954294, "delta": 6.921423}}
{"target": -45.50184726148355, "params": {"C": 22.978430922672857, "epsilon": 0.8023942532787501, "gamma": 0.17303755617304342}, "datetime": {"datetime": "2021-09-24 15:21:48", "elapsed": 1190.349322, "delta": 9.395028}}
{"target": -55.21588692106365, "params": {"C": 12.456866350651278, "epsilon": 0.726603318484185, "gamma": 0.5379714637249032}, "datetime": {"datetime": "2021-09-24 15:21:50", "elapsed": 1192.942743, "delta": 2.593421}}
{"target": -45.76051531022667, "params": {"C": 46.77102072887598, "epsilon": 1.1804813088208654, "gamma": 0.16073302006967027}, "datetime": {"datetime": "2021-09-24 15:21:58", "elapsed": 1200.501028, "delta": 7.558285}}
{"target": -59.34571484119924, "params": {"C": 1.365340889523286, "epsilon": 1.1485779170032726, "gamma": 0.5360731995721117}, "datetime": {"datetime": "2021-09-24 15:22:00", "elapsed": 1203.071212, "delta": 2.570184}}
{"target": -44.36115833815536, "params": {"C": 41.71641365212127, "epsilon": 1.1681679009977586, "gamma": 0.08843028088082294}, "datetime": {"datetime": "2021-09-24 15:22:10", "elapsed": 1213.116133, "delta": 10.044921}}
{"target": -44.342104296443104, "params": {"C": 41.40754033947966, "epsilon": 1.2133176933451555, "gamma": 0.08777574751267808}, "datetime": {"datetime": "2021-09-24 15:22:18", "elapsed": 1220.834088, "delta": 7.717955}}
{"target": -46.59959943138861, "params": {"C": 25.064046330423686, "epsilon": 2.958407974924153, "gamma": 0.23192968181167664}, "datetime": {"datetime": "2021-09-24 15:22:21", "elapsed": 1223.697382, "delta": 2.863294}}
{"target": -50.687060042092504, "params": {"C": 42.913650959892074, "epsilon": 2.022581712492501, "gamma": 0.5401778378249874}, "datetime": {"datetime": "2021-09-24 15:22:24", "elapsed": 1226.67777, "delta": 2.980388}}
{"target": -43.932955320040335, "params": {"C": 22.20433751550036, "epsilon": 2.1077154769318516, "gamma": 0.039464240765685124}, "datetime": {"datetime": "2021-09-24 15:22:30", "elapsed": 1233.188834, "delta": 6.511064}}
{"target": -43.79965844774578, "params": {"C": 22.14185197105241, "epsilon": 0.8820119267396068, "gamma": 0.08015644154611452}, "datetime": {"datetime": "2021-09-24 15:22:40", "elapsed": 1243.055397, "delta": 9.866563}}
{"target": -43.57090154326511, "params": {"C": 25.91272830421216, "epsilon": 1.5481310475483603, "gamma": 0.05295872062484228}, "datetime": {"datetime": "2021-09-24 15:22:47", "elapsed": 1249.721163, "delta": 6.665766}}
{"target": -52.34048383131891, "params": {"C": 24.346816163900932, "epsilon": 0.9124891427736197, "gamma": 0.4963311448316905}, "datetime": {"datetime": "2021-09-24 15:22:50", "elapsed": 1252.363524, "delta": 2.642361}}
{"target": -45.51920609431961, "params": {"C": 25.852087544987807, "epsilon": 1.6993494720109272, "gamma": 0.17688378660021642}, "datetime": {"datetime": "2021-09-24 15:22:56", "elapsed": 1259.184963, "delta": 6.821439}}
{"target": -43.873249190964025, "params": {"C": 24.960220218845915, "epsilon": 2.989601077286168, "gamma": 0.019061840140753974}, "datetime": {"datetime": "2021-09-24 15:23:04", "elapsed": 1267.170384, "delta": 7.985421}}
{"target": -43.68576305608215, "params": {"C": 22.522506989746052, "epsilon": 2.7378270011647596, "gamma": 0.06175752071530109}, "datetime": {"datetime": "2021-09-24 15:23:13", "elapsed": 1275.53405, "delta": 8.363666}}
{"target": -58.849619418813404, "params": {"C": 25.921236839410177, "epsilon": 1.7016634763946024, "gamma": 0.0001}, "datetime": {"datetime": "2021-09-24 15:23:25", "elapsed": 1287.381383, "delta": 11.847333}}
{"target": -45.98956607166053, "params": {"C": 38.97987017237749, "epsilon": 0.7573343689545265, "gamma": 0.2093157325741343}, "datetime": {"datetime": "2021-09-24 15:23:27", "elapsed": 1290.195464, "delta": 2.814081}}
{"target": -44.79959671656445, "params": {"C": 25.956568344941395, "epsilon": 1.4501142104148417, "gamma": 0.13955942820965378}, "datetime": {"datetime": "2021-09-24 15:23:35", "elapsed": 1298.087135, "delta": 7.891671}}
{"target": -54.741130452402764, "params": {"C": 7.115288722381289, "epsilon": 0.348041248637889, "gamma": 0.3922971046144703}, "datetime": {"datetime": "2021-09-24 15:23:38", "elapsed": 1301.26784, "delta": 3.180705}}
{"target": -46.91079639797236, "params": {"C": 12.940944258676494, "epsilon": 1.1547034646162369, "gamma": 0.18190413929676297}, "datetime": {"datetime": "2021-09-24 15:23:46", "elapsed": 1308.743539, "delta": 7.475699}}
{"target": -59.11922137396588, "params": {"C": 13.26799571167621, "epsilon": 1.0341423254152329, "gamma": 0.00014892698070937289}, "datetime": {"datetime": "2021-09-24 15:23:54", "elapsed": 1317.174921, "delta": 8.431382}}
{"target": -44.321647161374294, "params": {"C": 25.620986205350643, "epsilon": 1.7803859853397503, "gamma": 0.1006909369382602}, "datetime": {"datetime": "2021-09-24 15:24:01", "elapsed": 1324.254443, "delta": 7.079522}}
{"target": -44.04394848740077, "params": {"C": 13.01681117339639, "epsilon": 1.127748740742907, "gamma": 0.031601915468193714}, "datetime": {"datetime": "2021-09-24 15:24:09", "elapsed": 1331.937568, "delta": 7.683125}}
{"target": -47.08100893544894, "params": {"C": 46.98900744296006, "epsilon": 1.3553529745201496, "gamma": 0.26934642074683635}, "datetime": {"datetime": "2021-09-24 15:24:12", "elapsed": 1334.441659, "delta": 2.504091}}
{"target": -56.672622949258255, "params": {"C": 20.67281824099397, "epsilon": 2.206619719552866, "gamma": 0.8325487871287275}, "datetime": {"datetime": "2021-09-24 15:24:15", "elapsed": 1337.355718, "delta": 2.914059}}
{"target": -47.11202718989041, "params": {"C": 28.949930023008985, "epsilon": 1.0550233455079263, "gamma": 0.27725432759102003}, "datetime": {"datetime": "2021-09-24 15:24:17", "elapsed": 1340.073267, "delta": 2.717549}}
{"target": -46.21305338432666, "params": {"C": 40.87027057144764, "epsilon": 1.6453993074285573, "gamma": 0.213391572345911}, "datetime": {"datetime": "2021-09-24 15:24:25", "elapsed": 1347.98222, "delta": 7.908953}}
{"target": -44.45011440198153, "params": {"C": 21.997448729201942, "epsilon": 0.9821320407758204, "gamma": 0.11688358500183788}, "datetime": {"datetime": "2021-09-24 15:24:34", "elapsed": 1356.63791, "delta": 8.65569}}
{"target": -46.96726850732137, "params": {"C": 22.067420945423933, "epsilon": 0.8919002710210034, "gamma": 0.24776515024982035}, "datetime": {"datetime": "2021-09-24 15:24:41", "elapsed": 1363.9433, "delta": 7.30539}}
{"target": -53.62890869108804, "params": {"C": 20.77384913833342, "epsilon": 1.1144421459967981, "gamma": 0.5433804883160203}, "datetime": {"datetime": "2021-09-24 15:24:44", "elapsed": 1366.506072, "delta": 2.562772}}
{"target": -47.54511530041977, "params": {"C": 40.34639439038725, "epsilon": 2.110633017604007, "gamma": 0.32189046115648945}, "datetime": {"datetime": "2021-09-24 15:24:55", "elapsed": 1377.712413, "delta": 11.206341}}
{"target": -52.1123379714663, "params": {"C": 45.77924048724838, "epsilon": 1.1689728977426561, "gamma": 0.6475989233783859}, "datetime": {"datetime": "2021-09-24 15:24:58", "elapsed": 1380.299814, "delta": 2.587401}}
{"target": -46.470350500904004, "params": {"C": 22.057218545950168, "epsilon": 2.117517246663977, "gamma": 0.2198867184189286}, "datetime": {"datetime": "2021-09-24 15:25:07", "elapsed": 1389.662466, "delta": 9.362652}}
{"target": -44.003666529549484, "params": {"C": 46.89941467570509, "epsilon": 1.2789721832365546, "gamma": 0.03249042291723032}, "datetime": {"datetime": "2021-09-24 15:25:14", "elapsed": 1396.519634, "delta": 6.857168}}
{"target": -43.970503526872, "params": {"C": 13.127413096826206, "epsilon": 0.6952231762044684, "gamma": 0.054422488942286}, "datetime": {"datetime": "2021-09-24 15:25:20", "elapsed": 1402.819964, "delta": 6.30033}}
{"target": -53.476463810481434, "params": {"C": 43.94757496547149, "epsilon": 1.0887590055309346, "gamma": 0.7498505893463854}, "datetime": {"datetime": "2021-09-24 15:25:23", "elapsed": 1405.752477, "delta": 2.932513}}
{"target": -46.8757965552935, "params": {"C": 13.064670354138102, "epsilon": 0.5573322416301139, "gamma": 0.005684994590033275}, "datetime": {"datetime": "2021-09-24 15:25:28", "elapsed": 1411.095392, "delta": 5.342915}}
{"target": -43.97608133763033, "params": {"C": 20.305032336019103, "epsilon": 2.417233223366464, "gamma": 0.03147026575265015}, "datetime": {"datetime": "2021-09-24 15:25:31", "elapsed": 1414.167985, "delta": 3.072593}}
{"target": -56.617368164215875, "params": {"C": 28.51787527368008, "epsilon": 0.5986158868386284, "gamma": 0.9630804836831145}, "datetime": {"datetime": "2021-09-24 15:25:34", "elapsed": 1417.237839, "delta": 3.069854}}
{"target": -57.97827454989275, "params": {"C": 23.79226655898306, "epsilon": 2.6877526874807813, "gamma": 0.0001893730557944873}, "datetime": {"datetime": "2021-09-24 15:25:44", "elapsed": 1426.49171, "delta": 9.253871}}
{"target": -43.87442694683325, "params": {"C": 46.8866103331162, "epsilon": 1.435269303303856, "gamma": 0.046885149815041854}, "datetime": {"datetime": "2021-09-24 15:25:51", "elapsed": 1433.872957, "delta": 7.381247}}
{"target": -44.20013897426474, "params": {"C": 23.947237223550744, "epsilon": 2.5306746386013144, "gamma": 0.09005517659102195}, "datetime": {"datetime": "2021-09-24 15:26:00", "elapsed": 1442.809123, "delta": 8.936166}}
{"target": -52.223436943389416, "params": {"C": 23.400848367959295, "epsilon": 2.4948631666192083, "gamma": 0.48077749107121504}, "datetime": {"datetime": "2021-09-24 15:26:03", "elapsed": 1446.092916, "delta": 3.283793}}
{"target": -46.18297568795014, "params": {"C": 25.728653850892847, "epsilon": 1.8240653073716377, "gamma": 0.21521038903536177}, "datetime": {"datetime": "2021-09-24 15:26:12", "elapsed": 1454.69598, "delta": 8.603064}}
{"target": -58.842555713717424, "params": {"C": 25.793221277572, "epsilon": 1.49860607913763, "gamma": 0.0001}, "datetime": {"datetime": "2021-09-24 15:26:18", "elapsed": 1461.169216, "delta": 6.473236}}
{"target": -45.73464328945932, "params": {"C": 46.8447004544572, "epsilon": 1.4239131451580906, "gamma": 0.15700613812362352}, "datetime": {"datetime": "2021-09-24 15:26:28", "elapsed": 1471.057421, "delta": 9.888205}}
{"target": -43.99485840878002, "params": {"C": 22.912846470233664, "epsilon": 2.537376010108169, "gamma": 0.07633310359897282}, "datetime": {"datetime": "2021-09-24 15:26:37", "elapsed": 1480.108997, "delta": 9.051576}}
{"target": -45.40670256400063, "params": {"C": 40.3890267536924, "epsilon": 1.4089472826823926, "gamma": 0.1529434005398158}, "datetime": {"datetime": "2021-09-24 15:26:46", "elapsed": 1488.652871, "delta": 8.543874}}
{"target": -44.737419753487565, "params": {"C": 23.71720857947214, "epsilon": 2.8235542110078744, "gamma": 0.1339474079368241}, "datetime": {"datetime": "2021-09-24 15:26:56", "elapsed": 1498.888761, "delta": 10.23589}}
{"target": -45.45722811307338, "params": {"C": 25.863333749995256, "epsilon": 1.2733880494940677, "gamma": 0.17446022312880533}, "datetime": {"datetime": "2021-09-24 15:27:14", "elapsed": 1517.127313, "delta": 18.238552}}
{"target": -45.04839829930403, "params": {"C": 46.42703192522009, "epsilon": 0.12618589448347137, "gamma": 0.11350436040314017}, "datetime": {"datetime": "2021-09-24 15:27:24", "elapsed": 1527.034058, "delta": 9.906745}}
{"target": -45.98815639811474, "params": {"C": 46.035692238480685, "epsilon": 1.0448536748417399, "gamma": 0.18533685219683407}, "datetime": {"datetime": "2021-09-24 15:27:28", "elapsed": 1531.097873, "delta": 4.063815}}
{"target": -50.91471261286622, "params": {"C": 13.024200680159542, "epsilon": 0.7414265102621818, "gamma": 0.0024398055914177813}, "datetime": {"datetime": "2021-09-24 15:27:43", "elapsed": 1545.534954, "delta": 14.437081}}
{"target": -47.18788306778607, "params": {"C": 31.37890444336673, "epsilon": 0.3162328630001147, "gamma": 0.2923891709115803}, "datetime": {"datetime": "2021-09-24 15:27:46", "elapsed": 1549.004373, "delta": 3.469419}}
{"target": -43.74469439378242, "params": {"C": 41.28638490143474, "epsilon": 1.3788651862979076, "gamma": 0.011689708034063427}, "datetime": {"datetime": "2021-09-24 15:27:58", "elapsed": 1560.335485, "delta": 11.331112}}
{"target": -44.10074921165578, "params": {"C": 25.68334722289562, "epsilon": 1.3570375848827034, "gamma": 0.08832335556804878}, "datetime": {"datetime": "2021-09-24 15:28:05", "elapsed": 1567.948906, "delta": 7.613421}}
{"target": -51.79198127436411, "params": {"C": 44.57728983220911, "epsilon": 2.5869849531400413, "gamma": 0.6180134471364321}, "datetime": {"datetime": "2021-09-24 15:28:08", "elapsed": 1570.714315, "delta": 2.765409}}
{"target": -59.16139088438885, "params": {"C": 20.30604168937141, "epsilon": 2.269040330283684, "gamma": 0.0001}, "datetime": {"datetime": "2021-09-24 15:28:19", "elapsed": 1581.71842, "delta": 11.004105}}
{"target": -45.68211051530643, "params": {"C": 13.231954433430365, "epsilon": 0.6229233275524292, "gamma": 0.1514672332315828}, "datetime": {"datetime": "2021-09-24 15:28:27", "elapsed": 1589.360847, "delta": 7.642427}}
{"target": -44.99081125713457, "params": {"C": 40.5470023233551, "epsilon": 1.0157314237013093, "gamma": 0.1191762165029472}, "datetime": {"datetime": "2021-09-24 15:28:34", "elapsed": 1597.169203, "delta": 7.808356}}
{"target": -45.82381774447287, "params": {"C": 28.028331964205734, "epsilon": 0.8357631427113866, "gamma": 0.2011475993983264}, "datetime": {"datetime": "2021-09-24 15:28:38", "elapsed": 1600.557984, "delta": 3.388781}}
{"target": -45.4253664400297, "params": {"C": 13.198731497912314, "epsilon": 0.7917429027037829, "gamma": 0.1413480636088007}, "datetime": {"datetime": "2021-09-24 15:28:49", "elapsed": 1611.743282, "delta": 11.185298}}
{"target": -43.95750664068191, "params": {"C": 20.387150614164312, "epsilon": 2.477038895114443, "gamma": 0.03369466960420369}, "datetime": {"datetime": "2021-09-24 15:29:00", "elapsed": 1622.844983, "delta": 11.101701}}
{"target": -45.87818432996843, "params": {"C": 20.38945169979019, "epsilon": 2.4780118064778627, "gamma": 0.18360977496479655}, "datetime": {"datetime": "2021-09-24 15:29:16", "elapsed": 1638.962166, "delta": 16.117183}}
{"target": -48.1771075018857, "params": {"C": 25.901306424649995, "epsilon": 1.5649552960222524, "gamma": 0.32298297748171856}, "datetime": {"datetime": "2021-09-24 15:29:36", "elapsed": 1659.184531, "delta": 20.222365}}
{"target": -43.82467134638886, "params": {"C": 20.25240820796932, "epsilon": 2.488233935739089, "gamma": 0.07190730552002897}, "datetime": {"datetime": "2021-09-24 15:29:47", "elapsed": 1669.897306, "delta": 10.712775}}
{"target": -57.624330148233994, "params": {"C": 6.942635968106719, "epsilon": 0.18265196832980496, "gamma": 0.6082567945400192}, "datetime": {"datetime": "2021-09-24 15:29:50", "elapsed": 1673.262343, "delta": 3.365037}}
{"target": -46.036324830886684, "params": {"C": 38.01485888001519, "epsilon": 1.4983273788554539, "gamma": 0.2094094789521843}, "datetime": {"datetime": "2021-09-24 15:29:54", "elapsed": 1676.760149, "delta": 3.497806}}
{"target": -45.865521515625844, "params": {"C": 40.56156246335776, "epsilon": 1.6073038125927517, "gamma": 0.18564357741821885}, "datetime": {"datetime": "2021-09-24 15:30:02", "elapsed": 1685.032066, "delta": 8.271917}}
{"target": -45.876473565944835, "params": {"C": 22.536691742573495, "epsilon": 2.821841181198117, "gamma": 0.18825463009832877}, "datetime": {"datetime": "2021-09-24 15:30:13", "elapsed": 1695.538706, "delta": 10.50664}}
{"target": -45.84336310107593, "params": {"C": 41.2014587892061, "epsilon": 1.663974986350249, "gamma": 0.18115264531741418}, "datetime": {"datetime": "2021-09-24 15:30:25", "elapsed": 1708.031001, "delta": 12.492295}}
{"target": -43.994174156062336, "params": {"C": 47.032897720450464, "epsilon": 1.3731901120311254, "gamma": 0.03622877478059944}, "datetime": {"datetime": "2021-09-24 15:30:42", "elapsed": 1724.592152, "delta": 16.561151}}
{"target": -55.79969829163904, "params": {"C": 21.010520024657275, "epsilon": 2.5756112744712376, "gamma": 0.7285962173563736}, "datetime": {"datetime": "2021-09-24 15:30:46", "elapsed": 1729.132784, "delta": 4.540632}}
