{"target": -47.266594597825744, "params": {"C": 24.650774809016646, "epsilon": 1.7957448792420334, "gamma": 0.26868887162569}, "datetime": {"datetime": "2021-09-24 15:30:50", "elapsed": 1732.946942, "delta": 3.814158}}
{"target": -46.228008592893765, "params": {"C": 25.761693948500806, "epsilon": 1.4479195160962741, "gamma": 0.2198127427110986}, "datetime": {"datetime": "2021-09-24 15:31:03", "elapsed": 1745.380978, "delta": 12.434036}}
{"target": -43.73516266421256, "params": {"C": 22.363750204958183, "epsilon": 0.17189009108361294, "gamma": 0.0828096416995034}, "datetime": {"datetime": "2021-09-24 15:38:55", "elapsed": 0.0, "delta": 0.0}}
{"target": -43.653288776073765, "params": {"C": 22.330797238295567, "epsilon": 1.722045462203832, "gamma": 0.050085955293778024}, "datetime": {"datetime": "2021-09-24 15:38:55", "elapsed": 0.027, "delta": 0.027}}
{"target": -44.00348672027632, "params": {"C": 11.027783067854283, "epsilon": 2.5037348977581084, "gamma": 0.04550847731223885}, "datetime": {"datetime": "2021-09-24 15:38:55", "elapsed": 0.064002, "delta": 0.037002}}
{"target": -43.965384120944535, "params": {"C": 14.074536480040464, "epsilon": 2.511055962783329, "gamma": 0.07974800046613423}, "datetime": {"datetime": "2021-09-24 15:38:55", "elapsed": 0.091, "delta": 0.026998}}
{"target": -44.838712510776986, "params": {"C": 7.594417321901744, "epsilon": 2.0883620165743833, "gamma": 0.02831842795451976}, "datetime": {"datetime": "2021-09-24 15:38:55", "elapsed": 0.111999, "delta": 0.020999}}
{"target": -52.86405049588338, "params": {"C": 26.01872267385987, "epsilon": 2.2740813266634983, "gamma": 0.0008}, "datetime": {"datetime": "2021-09-24 15:38:55", "elapsed": 0.507999, "delta": 0.396}}
{"target": -43.84011123803892, "params": {"C": 19.27532760318886, "epsilon": 1.3208835429119556, "gamma": 0.08212172644555184}, "datetime": {"datetime": "2021-09-24 15:38:56", "elapsed": 1.138721, "delta": 0.630722}}
{"target": -56.16696298611364, "params": {"C": 1.0, "epsilon": 4.0, "gamma": 0.15}, "datetime": {"datetime": "2021-09-24 15:38:56", "elapsed": 1.69332, "delta": 0.554599}}
{"target": -45.66040590332078, "params": {"C": 50.0, "epsilon": 0.07, "gamma": 0.15}, "datetime": {"datetime": "2021-09-24 15:38:57", "elapsed": 2.430323, "delta": 0.737003}}
{"target": -45.82544816868741, "params": {"C": 43.027602535859884, "epsilon": 4.0, "gamma": 0.15}, "datetime": {"datetime": "2021-09-24 15:38:58", "elapsed": 3.262656, "delta": 0.832333}}
{"target": -51.02380042175732, "params": {"C": 37.740316837537044, "epsilon": 0.07, "gamma": 0.0008}, "datetime": {"datetime": "2021-09-24 15:38:58", "elapsed": 3.725931, "delta": 0.463275}}
{"target": -44.997438765123114, "params": {"C": 48.18866698896507, "epsilon": 3.9919079552279024, "gamma": 0.09915743814242807}, "datetime": {"datetime": "2021-09-24 15:38:59", "elapsed": 4.111927, "delta": 0.385996}}
{"target": -45.80256209610899, "params": {"C": 12.398909870316267, "epsilon": 0.07, "gamma": 0.15}, "datetime": {"datetime": "2021-09-24 15:38:59", "elapsed": 4.580117, "delta": 0.46819}}
{"target": -54.52388853318524, "params": {"C": 17.946180430371218, "epsilon": 4.0, "gamma": 0.0008}, "datetime": {"datetime": "2021-09-24 15:38:59", "elapsed": 4.86471, "delta": 0.284593}}
{"target": -44.18775076031386, "params": {"C": 20.454356409248796, "epsilon": 0.10780517317844149, "gamma": 0.10654519845000388}, "datetime": {"datetime": "2021-09-24 15:39:00", "elapsed": 5.348863, "delta": 0.484153}}
{"target": -45.47174878378199, "params": {"C": 16.463979704856097, "epsilon": 0.07, "gamma": 0.15}, "datetime": {"datetime": "2021-09-24 15:39:00", "elapsed": 5.859878, "delta": 0.511015}}
{"target": -49.827160981945056, "params": {"C": 46.10554324177004, "epsilon": 1.110292378911084, "gamma": 0.0008}, "datetime": {"datetime": "2021-09-24 15:39:01", "elapsed": 6.287869, "delta": 0.427991}}
{"target": -46.87790817012202, "params": {"C": 9.164056390183532, "epsilon": 4.0, "gamma": 0.15}, "datetime": {"datetime": "2021-09-24 15:39:01", "elapsed": 6.825706, "delta": 0.537837}}
{"target": -56.86478723786012, "params": {"C": 9.199952595125724, "epsilon": 0.07, "gamma": 0.0008}, "datetime": {"datetime": "2021-09-24 15:39:02", "elapsed": 7.44868, "delta": 0.622974}}
{"target": -45.81242633437882, "params": {"C": 12.506906936677582, "epsilon": 3.38232506940178, "gamma": 0.15}, "datetime": {"datetime": "2021-09-24 15:39:03", "elapsed": 8.08419, "delta": 0.63551}}
{"target": -45.175561823586285, "params": {"C": 20.810036583900445, "epsilon": 1.7776084401706922, "gamma": 0.15}, "datetime": {"datetime": "2021-09-24 15:39:03", "elapsed": 8.773859, "delta": 0.689669}}
{"target": -43.895120978571754, "params": {"C": 14.263669350369279, "epsilon": 0.6930692379170202, "gamma": 0.05151311818710665}, "datetime": {"datetime": "2021-09-24 15:39:04", "elapsed": 9.404438, "delta": 0.630579}}
{"target": -57.849923878298824, "params": {"C": 6.024122091059999, "epsilon": 3.4409963403803436, "gamma": 0.0008}, "datetime": {"datetime": "2021-09-24 15:39:05", "elapsed": 10.058018, "delta": 0.65358}}
{"target": -43.96949554630215, "params": {"C": 12.803991259800277, "epsilon": 1.6054049731269784, "gamma": 0.04192874656649915}, "datetime": {"datetime": "2021-09-24 15:39:06", "elapsed": 11.000014, "delta": 0.941996}}
{"target": -45.91208231639139, "params": {"C": 50.0, "epsilon": 2.6741936358494796, "gamma": 0.15}, "datetime": {"datetime": "2021-09-24 15:39:06", "elapsed": 11.787916, "delta": 0.787902}}
{"target": -43.73092407969504, "params": {"C": 18.524367454742634, "epsilon": 0.0738083878642148, "gamma": 0.06028128071939215}, "datetime": {"datetime": "2021-09-24 15:39:07", "elapsed": 12.104916, "delta": 0.317}}
{"target": -45.71276001487407, "params": {"C": 40.20608268411899, "epsilon": 4.0, "gamma": 0.15}, "datetime": {"datetime": "2021-09-24 15:39:07", "elapsed": 12.491916, "delta": 0.387}}
{"target": -44.3365182422391, "params": {"C": 32.70844041379358, "epsilon": 3.8977390089771813, "gamma": 0.09175795031711477}, "datetime": {"datetime": "2021-09-24 15:39:07", "elapsed": 12.825939, "delta": 0.334023}}
{"target": -45.21605108018684, "params": {"C": 32.1422884511778, "epsilon": 1.6811434828003988, "gamma": 0.15}, "datetime": {"datetime": "2021-09-24 15:39:08", "elapsed": 13.194666, "delta": 0.368727}}
{"target": -43.74606194180055, "params": {"C": 30.480509681202946, "epsilon": 3.9518719987006183, "gamma": 0.046315549691541155}, "datetime": {"datetime": "2021-09-24 15:39:09", "elapsed": 14.0541, "delta": 0.859434}}
{"target": -45.55485310482327, "params": {"C": 35.22760054291151, "epsilon": 4.0, "gamma": 0.15}, "datetime": {"datetime": "2021-09-24 15:39:09", "elapsed": 14.521101, "delta": 0.467001}}
{"target": -44.00887836604425, "params": {"C": 29.93690766602661, "epsilon": 1.937174713574407, "gamma": 0.009773631060753313}, "datetime": {"datetime": "2021-09-24 15:39:09", "elapsed": 14.902955, "delta": 0.381854}}
{"target": -43.73118188540014, "params": {"C": 30.28632004161654, "epsilon": 0.10919672049748128, "gamma": 0.04574347119521622}, "datetime": {"datetime": "2021-09-24 15:39:10", "elapsed": 15.347154, "delta": 0.444199}}
{"target": -45.40163625209681, "params": {"C": 41.86883055696883, "epsilon": 1.2470685148651428, "gamma": 0.15}, "datetime": {"datetime": "2021-09-24 15:39:10", "elapsed": 15.752071, "delta": 0.404917}}
{"target": -43.76572406678632, "params": {"C": 22.573939519034003, "epsilon": 3.96143929015777, "gamma": 0.016933047033361313}, "datetime": {"datetime": "2021-09-24 15:39:11", "elapsed": 16.179064, "delta": 0.426993}}
{"target": -51.42523305593503, "params": {"C": 33.797400130049375, "epsilon": 0.07, "gamma": 0.0008}, "datetime": {"datetime": "2021-09-24 15:39:11", "elapsed": 16.629063, "delta": 0.449999}}
{"target": -45.02393258490536, "params": {"C": 28.358290966331687, "epsilon": 0.14837920502478935, "gamma": 0.14855899408453518}, "datetime": {"datetime": "2021-09-24 15:39:12", "elapsed": 17.229638, "delta": 0.600575}}
{"target": -50.81406885143782, "params": {"C": 37.71167304153457, "epsilon": 4.0, "gamma": 0.0008}, "datetime": {"datetime": "2021-09-24 15:39:12", "elapsed": 17.757484, "delta": 0.527846}}
{"target": -44.60333669814809, "params": {"C": 45.748205961041585, "epsilon": 3.9628241661934362, "gamma": 0.08713619422410998}, "datetime": {"datetime": "2021-09-24 15:39:13", "elapsed": 18.271245, "delta": 0.513761}}
{"target": -56.10251686722026, "params": {"C": 1.0, "epsilon": 0.07, "gamma": 0.15}, "datetime": {"datetime": "2021-09-24 15:39:14", "elapsed": 19.02226, "delta": 0.751015}}
{"target": -45.33481092963567, "params": {"C": 28.658871752772725, "epsilon": 4.0, "gamma": 0.15}, "datetime": {"datetime": "2021-09-24 15:39:14", "elapsed": 19.651112, "delta": 0.628852}}
{"target": -43.95408037373593, "params": {"C": 24.329022348075654, "epsilon": 0.07295687717563892, "gamma": 0.09088051312927749}, "datetime": {"datetime": "2021-09-24 15:39:15", "elapsed": 20.228112, "delta": 0.577}}
{"target": -44.08175162199855, "params": {"C": 43.48175441736422, "epsilon": 0.07925233677739735, "gamma": 0.06342700016173637}, "datetime": {"datetime": "2021-09-24 15:39:15", "elapsed": 20.924716, "delta": 0.696604}}
{"target": -43.93721612147623, "params": {"C": 43.608029946493815, "epsilon": 2.0745179492663373, "gamma": 0.031958637105177795}, "datetime": {"datetime": "2021-09-24 15:39:16", "elapsed": 21.460947, "delta": 0.536231}}
{"target": -43.85397527270443, "params": {"C": 15.634974054819955, "epsilon": 1.8545133512563576, "gamma": 0.05291646185479581}, "datetime": {"datetime": "2021-09-24 15:39:17", "elapsed": 22.078949, "delta": 0.618002}}
{"target": -48.86823011353531, "params": {"C": 5.626296029650928, "epsilon": 0.07, "gamma": 0.15}, "datetime": {"datetime": "2021-09-24 15:39:17", "elapsed": 22.836947, "delta": 0.757998}}
{"target": -44.90441745964412, "params": {"C": 21.207174760870178, "epsilon": 3.884824574609163, "gamma": 0.13843694698746872}, "datetime": {"datetime": "2021-09-24 15:39:18", "elapsed": 23.43738, "delta": 0.600433}}
{"target": -44.4316549421234, "params": {"C": 31.298118490699725, "epsilon": 2.9148445878040987, "gamma": 0.10462590626103523}, "datetime": {"datetime": "2021-09-24 15:39:19", "elapsed": 24.114627, "delta": 0.677247}}
{"target": -55.31553493692235, "params": {"C": 14.747558840128168, "epsilon": 4.0, "gamma": 0.0008}, "datetime": {"datetime": "2021-09-24 15:39:19", "elapsed": 24.927363, "delta": 0.812736}}
{"target": -44.01985486616438, "params": {"C": 34.14521096227398, "epsilon": 2.7929127165386856, "gamma": 0.008500727867372592}, "datetime": {"datetime": "2021-09-24 15:39:20", "elapsed": 25.601037, "delta": 0.673674}}
{"target": -45.27100295269933, "params": {"C": 40.62157185682459, "epsilon": 0.07, "gamma": 0.15}, "datetime": {"datetime": "2021-09-24 15:39:21", "elapsed": 26.158035, "delta": 0.556998}}
{"target": -45.439279037073184, "params": {"C": 17.579321508018435, "epsilon": 1.2821235552978034, "gamma": 0.15}, "datetime": {"datetime": "2021-09-24 15:39:21", "elapsed": 26.655034, "delta": 0.496999}}
{"target": -53.41225526969684, "params": {"C": 23.553079840776622, "epsilon": 1.2764932330545442, "gamma": 0.0008}, "datetime": {"datetime": "2021-09-24 15:39:22", "elapsed": 27.323279, "delta": 0.668245}}
{"target": -44.482155622938116, "params": {"C": 21.937193779264042, "epsilon": 2.860445723010606, "gamma": 0.11318661257810685}, "datetime": {"datetime": "2021-09-24 15:39:23", "elapsed": 28.146969, "delta": 0.82369}}
{"target": -45.00943521241606, "params": {"C": 25.83325803317929, "epsilon": 0.07, "gamma": 0.15}, "datetime": {"datetime": "2021-09-24 15:39:24", "elapsed": 28.962553, "delta": 0.815584}}
{"target": -43.90141973916358, "params": {"C": 41.553776298221436, "epsilon": 2.9340558618210664, "gamma": 0.04309163549383649}, "datetime": {"datetime": "2021-09-24 15:39:24", "elapsed": 29.551148, "delta": 0.588595}}
{"target": -50.56871315782401, "params": {"C": 40.113469583901505, "epsilon": 2.0398962612115583, "gamma": 0.0008}, "datetime": {"datetime": "2021-09-24 15:39:25", "elapsed": 30.222432, "delta": 0.671284}}
{"target": -43.93284891740452, "params": {"C": 48.470363423972294, "epsilon": 1.7399467078261939, "gamma": 0.04336201859986593}, "datetime": {"datetime": "2021-09-24 15:39:25", "elapsed": 30.793425, "delta": 0.570993}}
{"target": -45.58508230323265, "params": {"C": 48.2668292011995, "epsilon": 0.07, "gamma": 0.15}, "datetime": {"datetime": "2021-09-24 15:39:26", "elapsed": 31.204037, "delta": 0.410612}}
{"target": -44.152575800329615, "params": {"C": 10.955027178848919, "epsilon": 3.964275598654759, "gamma": 0.026624325139693945}, "datetime": {"datetime": "2021-09-24 15:39:26", "elapsed": 31.740686, "delta": 0.536649}}
{"target": -44.65542491956104, "params": {"C": 47.083640347023916, "epsilon": 3.011758382419912, "gamma": 0.08969111152467663}, "datetime": {"datetime": "2021-09-24 15:39:27", "elapsed": 32.255687, "delta": 0.515001}}
{"target": -43.81397549357273, "params": {"C": 28.580569766332957, "epsilon": 2.0105878563161785, "gamma": 0.014646530305321556}, "datetime": {"datetime": "2021-09-24 15:39:27", "elapsed": 32.841686, "delta": 0.585999}}
{"target": -45.714136888972305, "params": {"C": 44.61045459654502, "epsilon": 3.074326813551453, "gamma": 0.15}, "datetime": {"datetime": "2021-09-24 15:39:28", "elapsed": 33.331547, "delta": 0.489861}}
{"target": -43.877385147665954, "params": {"C": 21.585302622546116, "epsilon": 0.745004982977342, "gamma": 0.020758086060897633}, "datetime": {"datetime": "2021-09-24 15:39:28", "elapsed": 33.866634, "delta": 0.535087}}
{"target": -45.34479396309435, "params": {"C": 35.604059696543175, "epsilon": 2.181361715960149, "gamma": 0.15}, "datetime": {"datetime": "2021-09-24 15:39:29", "elapsed": 34.338283, "delta": 0.471649}}
{"target": -45.32326577241056, "params": {"C": 42.19860084373493, "epsilon": 0.07, "gamma": 0.15}, "datetime": {"datetime": "2021-09-24 15:39:29", "elapsed": 34.931287, "delta": 0.593004}}
{"target": -44.9968668445008, "params": {"C": 14.452011165209413, "epsilon": 1.6897111060371088, "gamma": 0.12488326889772178}, "datetime": {"datetime": "2021-09-24 15:39:30", "elapsed": 35.519463, "delta": 0.588176}}
{"target": -45.20950212137121, "params": {"C": 29.553941606965992, "epsilon": 3.0467232752855984, "gamma": 0.15}, "datetime": {"datetime": "2021-09-24 15:39:31", "elapsed": 36.144463, "delta": 0.625}}
{"target": -43.616134488027974, "params": {"C": 29.340895018903822, "epsilon": 0.9979917186382656, "gamma": 0.054522642904300964}, "datetime": {"datetime": "2021-09-24 15:39:31", "elapsed": 36.732464, "delta": 0.588001}}
{"target": -50.33500236836715, "params": {"C": 41.57946020964358, "epsilon": 4.0, "gamma": 0.0008}, "datetime": {"datetime": "2021-09-24 15:39:32", "elapsed": 37.241898, "delta": 0.509434}}
{"target": -45.553488975955254, "params": {"C": 42.54610525464879, "epsilon": 2.492839524496389, "gamma": 0.15}, "datetime": {"datetime": "2021-09-24 15:39:32", "elapsed": 37.920521, "delta": 0.678623}}
{"target": -44.42702484439885, "params": {"C": 30.9128603150636, "epsilon": 1.128400603330855, "gamma": 0.10152463471314788}, "datetime": {"datetime": "2021-09-24 15:39:33", "elapsed": 38.462521, "delta": 0.542}}
{"target": -44.41728240911107, "params": {"C": 24.09622686682488, "epsilon": 3.943337368156229, "gamma": 0.11407812891848923}, "datetime": {"datetime": "2021-09-24 15:39:33", "elapsed": 38.936519, "delta": 0.473998}}
{"target": -45.475159965506585, "params": {"C": 15.12669567090024, "epsilon": 0.07, "gamma": 0.15}, "datetime": {"datetime": "2021-09-24 15:39:34", "elapsed": 39.696142, "delta": 0.759623}}
{"target": -43.76167347179854, "params": {"C": 33.84226161741013, "epsilon": 3.978241795931497, "gamma": 0.057552055507028126}, "datetime": {"datetime": "2021-09-24 15:39:35", "elapsed": 40.817147, "delta": 1.121005}}
{"target": -46.03618941456421, "params": {"C": 49.99393741127544, "epsilon": 3.987476918796849, "gamma": 0.1459722925888505}, "datetime": {"datetime": "2021-09-24 15:39:36", "elapsed": 41.418133, "delta": 0.600986}}
{"target": -50.068354943113484, "params": {"C": 44.15581740937557, "epsilon": 1.0448149779809497, "gamma": 0.0008}, "datetime": {"datetime": "2021-09-24 15:39:37", "elapsed": 41.949039, "delta": 0.530906}}
{"target": -43.84857538677104, "params": {"C": 32.89829559638619, "epsilon": 2.6697325091568462, "gamma": 0.06848698180930633}, "datetime": {"datetime": "2021-09-24 15:39:37", "elapsed": 42.490041, "delta": 0.541002}}
{"target": -47.26686474573749, "params": {"C": 9.679099467633591, "epsilon": 2.5989457150949438, "gamma": 0.007264788531808781}, "datetime": {"datetime": "2021-09-24 15:39:38", "elapsed": 43.106382, "delta": 0.616341}}
{"target": -49.46073533127532, "params": {"C": 48.49886387659558, "epsilon": 2.8301112544550664, "gamma": 0.0008}, "datetime": {"datetime": "2021-09-24 15:39:38", "elapsed": 43.790203, "delta": 0.683821}}
{"target": -44.70400004488902, "params": {"C": 49.49002278654389, "epsilon": 1.2316749574591328, "gamma": 0.09258409442445982}, "datetime": {"datetime": "2021-09-24 15:39:39", "elapsed": 44.477202, "delta": 0.686999}}
{"target": -44.909078993719724, "params": {"C": 47.12330391142307, "epsilon": 3.984866424360352, "gamma": 0.09515885272892732}, "datetime": {"datetime": "2021-09-24 15:39:40", "elapsed": 45.296038, "delta": 0.818836}}
{"target": -44.852705356678086, "params": {"C": 11.535506803714298, "epsilon": 1.3594190748196144, "gamma": 0.11308455359096431}, "datetime": {"datetime": "2021-09-24 15:39:41", "elapsed": 45.954415, "delta": 0.658377}}
{"target": -44.33818160561256, "params": {"C": 31.48263739549838, "epsilon": 0.09356199253333827, "gamma": 0.09631897878085555}, "datetime": {"datetime": "2021-09-24 15:39:41", "elapsed": 46.626414, "delta": 0.671999}}
{"target": -43.955926180197935, "params": {"C": 19.430894537357915, "epsilon": 0.08230948786338078, "gamma": 0.09706215366770929}, "datetime": {"datetime": "2021-09-24 15:39:42", "elapsed": 47.247036, "delta": 0.620622}}
{"target": -43.83256445938818, "params": {"C": 31.480113461255954, "epsilon": 3.9172504843706313, "gamma": 0.059027060833458836}, "datetime": {"datetime": "2021-09-24 15:39:42", "elapsed": 47.722775, "delta": 0.475739}}
{"target": -45.57576438860488, "params": {"C": 13.601360062594592, "epsilon": 0.07, "gamma": 0.15}, "datetime": {"datetime": "2021-09-24 15:39:43", "elapsed": 48.449033, "delta": 0.726258}}
{"target": -58.717930746608175, "params": {"C": 3.581477952342512, "epsilon": 1.4691874613841063, "gamma": 0.0008}, "datetime": {"datetime": "2021-09-24 15:39:44", "elapsed": 49.281161, "delta": 0.832128}}
{"target": -43.767991900666715, "params": {"C": 27.08129550327046, "epsilon": 3.9395350988671853, "gamma": 0.053894399851714604}, "datetime": {"datetime": "2021-09-24 15:39:45", "elapsed": 49.963158, "delta": 0.681997}}
{"target": -43.968783883086296, "params": {"C": 25.853318422753386, "epsilon": 3.9787397377516402, "gamma": 0.0661558621329427}, "datetime": {"datetime": "2021-09-24 15:39:45", "elapsed": 50.500158, "delta": 0.537}}
{"target": -45.65827126928311, "params": {"C": 47.68759464944784, "epsilon": 1.2415474069332928, "gamma": 0.15}, "datetime": {"datetime": "2021-09-24 15:39:46", "elapsed": 51.280968, "delta": 0.78081}}
{"target": -44.075472886778, "params": {"C": 12.075206740363951, "epsilon": 2.4059193367087843, "gamma": 0.02542214327264616}, "datetime": {"datetime": "2021-09-24 15:39:46", "elapsed": 51.780538, "delta": 0.49957}}
{"target": -54.96996942976102, "params": {"C": 16.161559857868593, "epsilon": 1.138752652818454, "gamma": 0.0008}, "datetime": {"datetime": "2021-09-24 15:39:47", "elapsed": 52.402481, "delta": 0.621943}}
{"target": -45.19126779869315, "params": {"C": 15.399372514084467, "epsilon": 2.5340895716751324, "gamma": 0.1293050298582074}, "datetime": {"datetime": "2021-09-24 15:39:48", "elapsed": 53.093264, "delta": 0.690783}}
{"target": -52.55965797018819, "params": {"C": 27.91363085721895, "epsilon": 3.0057936086448556, "gamma": 0.0008}, "datetime": {"datetime": "2021-09-24 15:39:48", "elapsed": 53.650975, "delta": 0.557711}}
{"target": -43.63955031070034, "params": {"C": 28.23722365439387, "epsilon": 1.151266930522648, "gamma": 0.06321157216254375}, "datetime": {"datetime": "2021-09-24 15:39:49", "elapsed": 54.448959, "delta": 0.797984}}
{"target": -44.012651164348945, "params": {"C": 23.16321424942608, "epsilon": 3.12799612481745, "gamma": 0.0743949345847287}, "datetime": {"datetime": "2021-09-24 15:39:50", "elapsed": 55.087955, "delta": 0.638996}}
{"target": -43.79561310716259, "params": {"C": 17.559573856281958, "epsilon": 0.0894511947278931, "gamma": 0.06846481705417269}, "datetime": {"datetime": "2021-09-24 15:39:50", "elapsed": 55.912165, "delta": 0.82421}}
{"target": -43.95743403403639, "params": {"C": 20.076882988229794, "epsilon": 2.8911009694783543, "gamma": 0.029156000771180562}, "datetime": {"datetime": "2021-09-24 15:39:51", "elapsed": 56.70417, "delta": 0.792005}}
{"target": -45.30771490154213, "params": {"C": 18.996089898126044, "epsilon": 2.3014458142130207, "gamma": 0.15}, "datetime": {"datetime": "2021-09-24 15:39:52", "elapsed": 57.481061, "delta": 0.776891}}
{"target": -44.73649955914884, "params": {"C": 27.070985682851102, "epsilon": 0.15184284649208354, "gamma": 0.00513240990722648}, "datetime": {"datetime": "2021-09-24 15:39:53", "elapsed": 58.244383, "delta": 0.763322}}
{"target": -43.98960298448862, "params": {"C": 18.44633917828728, "epsilon": 0.9420061215794411, "gamma": 0.018701104908829293}, "datetime": {"datetime": "2021-09-24 15:39:54", "elapsed": 59.148399, "delta": 0.904016}}
{"target": -43.94556276098823, "params": {"C": 19.98663473441805, "epsilon": 3.955715712831834, "gamma": 0.04177392787367323}, "datetime": {"datetime": "2021-09-24 15:39:55", "elapsed": 60.190768, "delta": 1.042369}}
