{"target": -38.90316586617148, "params": {"C": 168.7604388479932, "epsilon": 1.9495361723506495, "gamma": 0.02332369882952439}, "datetime": {"datetime": "2021-09-28 12:43:05", "elapsed": 269.95042, "delta": 2.135999}}
{"target": -37.655576527985524, "params": {"C": 175.75559295117205, "epsilon": 2.7609990593312794, "gamma": 0.007408787710601032}, "datetime": {"datetime": "2021-09-28 12:43:09", "elapsed": 273.217109, "delta": 3.266689}}
{"target": -40.389349008877765, "params": {"C": 256.9578648109249, "epsilon": 2.6752604998475342, "gamma": 0.05055424459044632}, "datetime": {"datetime": "2021-09-28 12:43:10", "elapsed": 274.673558, "delta": 1.456449}}
{"target": -39.1665743525368, "params": {"C": 196.02065142091547, "epsilon": 2.5244740296283545, "gamma": 0.03296003151014893}, "datetime": {"datetime": "2021-09-28 12:43:12", "elapsed": 276.960682, "delta": 2.287124}}
{"target": -38.83247861032819, "params": {"C": 199.65453368379198, "epsilon": 2.5856329814458867, "gamma": 0.025124269384993948}, "datetime": {"datetime": "2021-09-28 12:43:15", "elapsed": 279.534454, "delta": 2.573772}}
{"target": -39.156567740091994, "params": {"C": 175.7557997912808, "epsilon": 2.8359566244098198, "gamma": 0.0343344442579845}, "datetime": {"datetime": "2021-09-28 12:43:17", "elapsed": 281.663671, "delta": 2.129217}}
{"target": -40.36927873631454, "params": {"C": 157.79038930269348, "epsilon": 0.8023953685557121, "gamma": 0.05815459849752167}, "datetime": {"datetime": "2021-09-28 12:43:18", "elapsed": 283.13352, "delta": 1.469849}}
{"target": -38.77046143443488, "params": {"C": 267.74242450994126, "epsilon": 0.172910187775406, "gamma": 0.01102446468135268}, "datetime": {"datetime": "2021-09-28 12:43:21", "elapsed": 285.411469, "delta": 2.277949}}
{"target": -39.73730494864774, "params": {"C": 206.1745161557412, "epsilon": 0.7388941676214785, "gamma": 0.04145017773360657}, "datetime": {"datetime": "2021-09-28 12:43:22", "elapsed": 286.998612, "delta": 1.587143}}
{"target": -42.93015531681616, "params": {"C": 288.4461560502273, "epsilon": 0.00276510678213893, "gamma": 0.09971159110041392}, "datetime": {"datetime": "2021-09-28 12:43:24", "elapsed": 288.716052, "delta": 1.71744}}
{"target": -40.5278532562457, "params": {"C": 208.20461179147594, "epsilon": 1.7896759001997944, "gamma": 0.055600808984565445}, "datetime": {"datetime": "2021-09-28 12:43:26", "elapsed": 290.602051, "delta": 1.885999}}
{"target": -41.75149607187113, "params": {"C": 262.56954943867845, "epsilon": 2.164174533012546, "gamma": 0.08964656983561414}, "datetime": {"datetime": "2021-09-28 12:43:28", "elapsed": 292.269487, "delta": 1.667436}}
{"target": -39.132924373409466, "params": {"C": 184.22095177962746, "epsilon": 1.2065692976905422, "gamma": 0.028978686315555877}, "datetime": {"datetime": "2021-09-28 12:43:30", "elapsed": 295.014627, "delta": 2.74514}}
{"target": -39.13801780044476, "params": {"C": 175.72674334471748, "epsilon": 2.7791469231159063, "gamma": 0.03290025545945662}, "datetime": {"datetime": "2021-09-28 12:43:33", "elapsed": 297.958384, "delta": 2.943757}}
{"target": -39.60367998382595, "params": {"C": 283.7329615438332, "epsilon": 1.065395358630129, "gamma": 0.03355978409691019}, "datetime": {"datetime": "2021-09-28 12:43:35", "elapsed": 299.931497, "delta": 1.973113}}
{"target": -38.597839399217854, "params": {"C": 175.77106814144022, "epsilon": 2.7009446108315096, "gamma": 0.020961562443889532}, "datetime": {"datetime": "2021-09-28 12:43:38", "elapsed": 302.516211, "delta": 2.584714}}
{"target": -38.925431402989034, "params": {"C": 151.87395662987137, "epsilon": 2.702566683124417, "gamma": 0.03168801682088795}, "datetime": {"datetime": "2021-09-28 12:43:40", "elapsed": 304.789289, "delta": 2.273078}}
{"target": -40.33704515201455, "params": {"C": 290.99119900716573, "epsilon": 2.8529138976253514, "gamma": 0.047780085802330216}, "datetime": {"datetime": "2021-09-28 12:43:43", "elapsed": 307.222732, "delta": 2.433443}}
{"target": -37.23004161229126, "params": {"C": 164.06384302287407, "epsilon": 0.058756277597956534, "gamma": 0.001381307510044977}, "datetime": {"datetime": "2021-09-28 12:43:44", "elapsed": 308.899256, "delta": 1.676524}}
{"target": -39.10293867234507, "params": {"C": 294.81668708954487, "epsilon": 1.9052337915991202, "gamma": 0.022757932133101982}, "datetime": {"datetime": "2021-09-28 12:43:46", "elapsed": 310.690191, "delta": 1.790935}}
{"target": -38.01102998827201, "params": {"C": 164.03205871970223, "epsilon": 0.018491857069460067, "gamma": 0.00875720515089776}, "datetime": {"datetime": "2021-09-28 12:43:48", "elapsed": 313.114905, "delta": 2.424714}}
{"target": -39.04657268011308, "params": {"C": 155.7208310857439, "epsilon": 0.015874838642731214, "gamma": 0.022921743999183525}, "datetime": {"datetime": "2021-09-28 12:43:50", "elapsed": 314.754898, "delta": 1.639993}}
{"target": -40.80909571541393, "params": {"C": 164.09177213506447, "epsilon": 0.10623766095149245, "gamma": 0.07645427003507242}, "datetime": {"datetime": "2021-09-28 12:43:53", "elapsed": 317.21064, "delta": 2.455742}}
{"target": -38.73825380066358, "params": {"C": 178.52850650294317, "epsilon": 1.0151703912899617, "gamma": 0.015225289397014716}, "datetime": {"datetime": "2021-09-28 12:43:54", "elapsed": 319.003472, "delta": 1.792832}}
{"target": -38.718081253071475, "params": {"C": 168.7616055056228, "epsilon": 2.0989267346219194, "gamma": 0.015412918580373764}, "datetime": {"datetime": "2021-09-28 12:43:57", "elapsed": 322.138616, "delta": 3.135144}}
{"target": -37.405219295479434, "params": {"C": 283.74863447449235, "epsilon": 1.1585477801404325, "gamma": 0.001}, "datetime": {"datetime": "2021-09-28 12:44:00", "elapsed": 324.33655, "delta": 2.197934}}
{"target": -39.71104833422967, "params": {"C": 163.99753105385724, "epsilon": 0.05056425625883482, "gamma": 0.046606483293761096}, "datetime": {"datetime": "2021-09-28 12:44:02", "elapsed": 327.088202, "delta": 2.751652}}
{"target": -38.289276827031195, "params": {"C": 281.60078215767453, "epsilon": 1.6612885843213907, "gamma": 0.008825021119677659}, "datetime": {"datetime": "2021-09-28 12:44:05", "elapsed": 329.276345, "delta": 2.188143}}
{"target": -41.046991068124676, "params": {"C": 281.67680359424, "epsilon": 1.6687234354432419, "gamma": 0.0750497513637936}, "datetime": {"datetime": "2021-09-28 12:44:08", "elapsed": 332.450172, "delta": 3.173827}}
{"target": -37.391729464528616, "params": {"C": 196.07809751832127, "epsilon": 2.5071391807612335, "gamma": 0.003776683114781094}, "datetime": {"datetime": "2021-09-28 12:44:10", "elapsed": 334.801412, "delta": 2.35124}}
{"target": -39.92976907163114, "params": {"C": 199.51121194913472, "epsilon": 2.596241535175849, "gamma": 0.04756766502162749}, "datetime": {"datetime": "2021-09-28 12:44:13", "elapsed": 337.212651, "delta": 2.411239}}
{"target": -39.15285150259366, "params": {"C": 200.09965229228288, "epsilon": 2.1644121536675636, "gamma": 0.030149049921979768}, "datetime": {"datetime": "2021-09-28 12:44:14", "elapsed": 338.930952, "delta": 1.718301}}
{"target": -40.83066969628481, "params": {"C": 242.24269807702902, "epsilon": 1.5393358035495146, "gamma": 0.0763995348606541}, "datetime": {"datetime": "2021-09-28 12:44:16", "elapsed": 340.719903, "delta": 1.788951}}
{"target": -42.36861748822378, "params": {"C": 255.09330613124558, "epsilon": 2.253294566299158, "gamma": 0.09915734504832588}, "datetime": {"datetime": "2021-09-28 12:44:18", "elapsed": 342.330086, "delta": 1.610183}}
{"target": -37.460849500014994, "params": {"C": 157.06974277792327, "epsilon": 2.654151071628133, "gamma": 0.001}, "datetime": {"datetime": "2021-09-28 12:44:21", "elapsed": 345.641479, "delta": 3.311393}}
{"target": -38.1208843304976, "params": {"C": 217.8443521764401, "epsilon": 1.408143733252269, "gamma": 0.007868017545147859}, "datetime": {"datetime": "2021-09-28 12:44:23", "elapsed": 347.243566, "delta": 1.602087}}
{"target": -41.12460461998263, "params": {"C": 196.3305631861964, "epsilon": 1.5289445940741733, "gamma": 0.09235786603044115}, "datetime": {"datetime": "2021-09-28 12:44:24", "elapsed": 349.090749, "delta": 1.847183}}
{"target": -40.46702075209283, "params": {"C": 242.13888569628824, "epsilon": 1.7887931725153734, "gamma": 0.05058442701064741}, "datetime": {"datetime": "2021-09-28 12:44:26", "elapsed": 350.774417, "delta": 1.683668}}
{"target": -38.19674866833965, "params": {"C": 217.88563355616367, "epsilon": 1.3762769216019362, "gamma": 0.008841376557509072}, "datetime": {"datetime": "2021-09-28 12:44:28", "elapsed": 352.416601, "delta": 1.642184}}
{"target": -40.219729772158594, "params": {"C": 227.04357821268684, "epsilon": 2.7174224254569146, "gamma": 0.050256396470405126}, "datetime": {"datetime": "2021-09-28 12:44:29", "elapsed": 354.147146, "delta": 1.730545}}
{"target": -37.372701681395164, "params": {"C": 159.7964773809281, "epsilon": 1.416657228684277, "gamma": 0.002265432480893095}, "datetime": {"datetime": "2021-09-28 12:44:32", "elapsed": 356.570726, "delta": 2.42358}}
{"target": -39.96749237269952, "params": {"C": 175.6600662604527, "epsilon": 2.693188432277943, "gamma": 0.052490027895240966}, "datetime": {"datetime": "2021-09-28 12:44:35", "elapsed": 360.073916, "delta": 3.50319}}
{"target": -38.463863617968016, "params": {"C": 176.9435883564307, "epsilon": 1.059650888514257, "gamma": 0.012452302889302602}, "datetime": {"datetime": "2021-09-28 12:44:37", "elapsed": 361.716186, "delta": 1.64227}}
{"target": -39.167434589559285, "params": {"C": 187.75511023172172, "epsilon": 1.8915610291887726, "gamma": 0.03225404876518024}, "datetime": {"datetime": "2021-09-28 12:44:41", "elapsed": 366.082585, "delta": 4.366399}}
{"target": -37.30881973336608, "params": {"C": 196.1402675065793, "epsilon": 2.5648755219116124, "gamma": 0.005094943645255826}, "datetime": {"datetime": "2021-09-28 12:44:44", "elapsed": 368.921004, "delta": 2.838419}}
{"target": -39.811860340309266, "params": {"C": 188.4333805395382, "epsilon": 2.880862178392731, "gamma": 0.04765422553708585}, "datetime": {"datetime": "2021-09-28 12:44:46", "elapsed": 370.54808, "delta": 1.627076}}
{"target": -38.658303523342965, "params": {"C": 196.17035584473388, "epsilon": 2.493597054085081, "gamma": 0.017285034232703642}, "datetime": {"datetime": "2021-09-28 12:44:48", "elapsed": 372.816615, "delta": 2.268535}}
{"target": -40.47894288996013, "params": {"C": 283.73228925314174, "epsilon": 1.219883512013819, "gamma": 0.0422775178599349}, "datetime": {"datetime": "2021-09-28 12:44:50", "elapsed": 375.124412, "delta": 2.307797}}
{"target": -40.71894317831674, "params": {"C": 208.58846459815516, "epsilon": 1.2233062071213237, "gamma": 0.0696438411112566}, "datetime": {"datetime": "2021-09-28 12:44:52", "elapsed": 376.809978, "delta": 1.685566}}
{"target": -40.590932148390536, "params": {"C": 199.63559068620305, "epsilon": 2.528919905863868, "gamma": 0.07763697607287981}, "datetime": {"datetime": "2021-09-28 12:44:55", "elapsed": 379.729282, "delta": 2.919304}}
{"target": -38.98707562886203, "params": {"C": 271.5387179210755, "epsilon": 0.19074983611673366, "gamma": 0.01332297444890591}, "datetime": {"datetime": "2021-09-28 12:44:57", "elapsed": 382.083636, "delta": 2.354354}}
{"target": -37.490391470012256, "params": {"C": 196.20271684163026, "epsilon": 2.615601519844421, "gamma": 0.0016403822936187726}, "datetime": {"datetime": "2021-09-28 12:45:00", "elapsed": 384.571994, "delta": 2.488358}}
{"target": -39.16882440692845, "params": {"C": 281.6229112744828, "epsilon": 1.5847743878649911, "gamma": 0.027370672305998347}, "datetime": {"datetime": "2021-09-28 12:45:02", "elapsed": 387.0853, "delta": 2.513306}}
{"target": -39.18007442016855, "params": {"C": 195.26543485333457, "epsilon": 1.932232588814937, "gamma": 0.03540326255644738}, "datetime": {"datetime": "2021-09-28 12:45:04", "elapsed": 388.894492, "delta": 1.809192}}
{"target": -38.82208421183449, "params": {"C": 175.77399659205696, "epsilon": 2.7049890947731696, "gamma": 0.027936188952241675}, "datetime": {"datetime": "2021-09-28 12:45:06", "elapsed": 390.453497, "delta": 1.559005}}
{"target": -40.48926918190101, "params": {"C": 178.49877288549465, "epsilon": 0.9469294055240178, "gamma": 0.056974091209639734}, "datetime": {"datetime": "2021-09-28 12:45:08", "elapsed": 393.120783, "delta": 2.667286}}
{"target": -40.6476481667581, "params": {"C": 278.04347977701417, "epsilon": 2.55741818944932, "gamma": 0.06600655388253794}, "datetime": {"datetime": "2021-09-28 12:45:10", "elapsed": 394.833374, "delta": 1.712591}}
{"target": -38.61560663370068, "params": {"C": 196.1187537368316, "epsilon": 2.5925210821774027, "gamma": 0.012725629641613907}, "datetime": {"datetime": "2021-09-28 12:45:13", "elapsed": 397.609716, "delta": 2.776342}}
{"target": -39.218723044522626, "params": {"C": 281.51211813264734, "epsilon": 1.6161008081053516, "gamma": 0.018305866749384253}, "datetime": {"datetime": "2021-09-28 12:45:16", "elapsed": 400.341354, "delta": 2.731638}}
{"target": -40.74244274511807, "params": {"C": 159.8998751142569, "epsilon": 0.8733081495085911, "gamma": 0.08247606571306008}, "datetime": {"datetime": "2021-09-28 12:45:17", "elapsed": 402.158397, "delta": 1.817043}}
{"target": -38.797656814695245, "params": {"C": 196.30637335115858, "epsilon": 2.669173110724274, "gamma": 0.022340114365462193}, "datetime": {"datetime": "2021-09-28 12:45:21", "elapsed": 405.40861, "delta": 3.250213}}
{"target": -39.17026950897981, "params": {"C": 196.170844701193, "epsilon": 2.6008780387458725, "gamma": 0.03273288273164519}, "datetime": {"datetime": "2021-09-28 12:45:23", "elapsed": 407.749181, "delta": 2.340571}}
{"target": -40.57614089475754, "params": {"C": 196.2941004925742, "epsilon": 2.584169304528259, "gamma": 0.06158203262541024}, "datetime": {"datetime": "2021-09-28 12:45:26", "elapsed": 410.277828, "delta": 2.528647}}
{"target": -37.58805078264819, "params": {"C": 156.97617548175543, "epsilon": 2.6387111323795867, "gamma": 0.007187686909535926}, "datetime": {"datetime": "2021-09-28 12:45:28", "elapsed": 413.020171, "delta": 2.742343}}
{"target": -38.59126786792946, "params": {"C": 196.11858415144346, "epsilon": 2.703098087928597, "gamma": 0.012639913242353154}, "datetime": {"datetime": "2021-09-28 12:45:30", "elapsed": 414.76669, "delta": 1.746519}}
{"target": -40.635628568558595, "params": {"C": 156.99284591191892, "epsilon": 2.7692990205719785, "gamma": 0.08254798586563476}, "datetime": {"datetime": "2021-09-28 12:45:33", "elapsed": 417.230692, "delta": 2.464002}}
{"target": -39.319833929942064, "params": {"C": 201.6007632150896, "epsilon": 0.6301365372874351, "gamma": 0.03172453494981824}, "datetime": {"datetime": "2021-09-28 12:45:36", "elapsed": 420.658812, "delta": 3.42812}}
{"target": -40.56624742771074, "params": {"C": 156.94649128118257, "epsilon": 2.659444507830971, "gamma": 0.07039909911140231}, "datetime": {"datetime": "2021-09-28 12:45:39", "elapsed": 423.688767, "delta": 3.029955}}
{"target": -39.07015126435574, "params": {"C": 213.52025857081912, "epsilon": 1.8078633744384511, "gamma": 0.02571163253541968}, "datetime": {"datetime": "2021-09-28 12:45:41", "elapsed": 425.662239, "delta": 1.973472}}
{"target": -39.98294082272037, "params": {"C": 196.09052095194335, "epsilon": 2.465903729083046, "gamma": 0.049095773966110444}, "datetime": {"datetime": "2021-09-28 12:45:43", "elapsed": 428.128806, "delta": 2.466567}}
{"target": -40.851817206703686, "params": {"C": 155.15330937945413, "epsilon": 2.3647671969659756, "gamma": 0.09312202837824077}, "datetime": {"datetime": "2021-09-28 12:45:45", "elapsed": 429.986458, "delta": 1.857652}}
{"target": -40.696740885285415, "params": {"C": 265.51571348172564, "epsilon": 2.367099526312745, "gamma": 0.05680432388079273}, "datetime": {"datetime": "2021-09-28 12:45:47", "elapsed": 431.739454, "delta": 1.752996}}
{"target": -38.85909445727812, "params": {"C": 203.64765280946884, "epsilon": 2.09708265730326, "gamma": 0.020109561446268114}, "datetime": {"datetime": "2021-09-28 12:45:49", "elapsed": 433.73125, "delta": 1.991796}}
{"target": -39.98860190730246, "params": {"C": 164.07680917074103, "epsilon": 0.01711622767627639, "gamma": 0.05031273058122196}, "datetime": {"datetime": "2021-09-28 12:45:53", "elapsed": 437.208031, "delta": 3.476781}}
{"target": -39.86919100024986, "params": {"C": 196.2637238381058, "epsilon": 2.7130864818354685, "gamma": 0.04713748437783086}, "datetime": {"datetime": "2021-09-28 12:45:55", "elapsed": 439.923168, "delta": 2.715137}}
{"target": -39.143990599392474, "params": {"C": 210.2660061117154, "epsilon": 2.23758363289581, "gamma": 0.030936031562979742}, "datetime": {"datetime": "2021-09-28 12:45:57", "elapsed": 441.770598, "delta": 1.84743}}
{"target": -39.28704572509032, "params": {"C": 157.05274871560758, "epsilon": 2.690869736604613, "gamma": 0.042830309370250175}, "datetime": {"datetime": "2021-09-28 12:46:00", "elapsed": 444.946252, "delta": 3.175654}}
{"target": -39.62619580417646, "params": {"C": 175.46404725691258, "epsilon": 2.3637650309431857, "gamma": 0.04672987520465784}, "datetime": {"datetime": "2021-09-28 12:46:03", "elapsed": 447.850143, "delta": 2.903891}}
{"target": -37.525487213106985, "params": {"C": 196.00786971732146, "epsilon": 2.587315779726894, "gamma": 0.006012469901680053}, "datetime": {"datetime": "2021-09-28 12:46:07", "elapsed": 451.78911, "delta": 3.938967}}
{"target": -40.767641674739295, "params": {"C": 297.505891992555, "epsilon": 1.2138946119270528, "gamma": 0.05093252983665612}, "datetime": {"datetime": "2021-09-28 12:46:09", "elapsed": 453.842517, "delta": 2.053407}}
{"target": -37.32753167255929, "params": {"C": 283.80179860580995, "epsilon": 1.203466801712649, "gamma": 0.003340616031248505}, "datetime": {"datetime": "2021-09-28 12:46:13", "elapsed": 457.44678, "delta": 3.604263}}
{"target": -37.49765924965427, "params": {"C": 175.86749110773508, "epsilon": 2.7298406017428603, "gamma": 0.0017376373673451042}, "datetime": {"datetime": "2021-09-28 12:46:16", "elapsed": 460.739773, "delta": 3.292993}}
{"target": -40.626384647281874, "params": {"C": 191.34687997780964, "epsilon": 2.1474203145790893, "gamma": 0.07875306852298775}, "datetime": {"datetime": "2021-09-28 12:46:18", "elapsed": 462.90369, "delta": 2.163917}}
{"target": -37.62598184743531, "params": {"C": 158.38505592002736, "epsilon": 2.493149319242606, "gamma": 0.007362774734508988}, "datetime": {"datetime": "2021-09-28 12:46:20", "elapsed": 464.994673, "delta": 2.090983}}
{"target": -39.66463455351052, "params": {"C": 175.86844899843845, "epsilon": 2.704578770202698, "gamma": 0.04759728012816513}, "datetime": {"datetime": "2021-09-28 12:46:23", "elapsed": 467.595858, "delta": 2.601185}}
{"target": -39.836172058467184, "params": {"C": 162.23941916774407, "epsilon": 0.15790087510282783, "gamma": 0.04871551916348016}, "datetime": {"datetime": "2021-09-28 12:46:25", "elapsed": 469.715076, "delta": 2.119218}}
{"target": -39.69255399102134, "params": {"C": 158.44156163633286, "epsilon": 2.4885914823148485, "gamma": 0.05088207327284492}, "datetime": {"datetime": "2021-09-28 12:46:29", "elapsed": 473.360496, "delta": 3.64542}}
{"target": -37.72018175267288, "params": {"C": 158.39109081468325, "epsilon": 2.5273741453296856, "gamma": 0.00839472262896962}, "datetime": {"datetime": "2021-09-28 12:46:33", "elapsed": 477.658613, "delta": 4.298117}}
{"target": -40.755563244442506, "params": {"C": 158.33474946114683, "epsilon": 2.5245084463930163, "gamma": 0.08850950386342303}, "datetime": {"datetime": "2021-09-28 12:46:36", "elapsed": 480.479926, "delta": 2.821313}}
{"target": -38.721758340130805, "params": {"C": 175.93649982623444, "epsilon": 2.8155524622571115, "gamma": 0.025178879970603606}, "datetime": {"datetime": "2021-09-28 12:46:38", "elapsed": 482.968179, "delta": 2.488253}}
{"target": -38.63064514235267, "params": {"C": 158.40147585162234, "epsilon": 2.618462104939702, "gamma": 0.02018163123258464}, "datetime": {"datetime": "2021-09-28 12:46:41", "elapsed": 485.794416, "delta": 2.826237}}
{"target": -37.28210459803192, "params": {"C": 168.71155553991167, "epsilon": 2.0306047082696654, "gamma": 0.001}, "datetime": {"datetime": "2021-09-28 12:46:45", "elapsed": 489.268307, "delta": 3.473891}}
{"target": -38.36841104333077, "params": {"C": 222.76753483370175, "epsilon": 2.652327671075909, "gamma": 0.010756844440475588}, "datetime": {"datetime": "2021-09-28 12:46:48", "elapsed": 492.292302, "delta": 3.023995}}
{"target": -37.40627795850052, "params": {"C": 196.24666588212887, "epsilon": 2.600510508536536, "gamma": 0.0034601379711806483}, "datetime": {"datetime": "2021-09-28 12:46:52", "elapsed": 496.571277, "delta": 4.278975}}
{"target": -37.76075666789129, "params": {"C": 196.1940545745366, "epsilon": 2.544227445053973, "gamma": 0.0074789183710981585}, "datetime": {"datetime": "2021-09-28 12:46:55", "elapsed": 499.562362, "delta": 2.991085}}
{"target": -38.802243553446715, "params": {"C": 168.5966356444565, "epsilon": 1.982078287143162, "gamma": 0.02151922162771728}, "datetime": {"datetime": "2021-09-28 12:46:58", "elapsed": 502.322191, "delta": 2.759829}}
{"target": -40.162329775196056, "params": {"C": 168.6660074410795, "epsilon": 1.9946996356458704, "gamma": 0.055078123745626276}, "datetime": {"datetime": "2021-09-28 12:47:02", "elapsed": 506.239586, "delta": 3.917395}}
{"target": -37.4066496052411, "params": {"C": 222.6760687476921, "epsilon": 2.6798439595642147, "gamma": 0.0038118064979990375}, "datetime": {"datetime": "2021-09-28 12:47:05", "elapsed": 509.915332, "delta": 3.675746}}
{"target": -38.81490894271992, "params": {"C": 222.69877781499594, "epsilon": 2.721460733320385, "gamma": 0.023807034481262236}, "datetime": {"datetime": "2021-09-28 12:47:09", "elapsed": 513.958026, "delta": 4.042694}}
{"target": -38.19640957935454, "params": {"C": 222.8201846651948, "epsilon": 2.602751168303735, "gamma": 0.009830396935631092}, "datetime": {"datetime": "2021-09-28 12:47:12", "elapsed": 516.834318, "delta": 2.876292}}
