{"target": 0.3737946610742737, "params": {"C": 65.23057984098108, "epsilon": 0.8834581871357974, "gamma": 0.08350932608619721}, "datetime": {"datetime": "2021-09-24 09:14:05", "elapsed": 24.974129, "delta": 0.479865}}
{"target": 0.43869404401852163, "params": {"C": 99.0223781140595, "epsilon": 0.7451536257471549, "gamma": 0.022037571727870884}, "datetime": {"datetime": "2021-09-24 09:14:06", "elapsed": 25.306341, "delta": 0.332212}}
{"target": 0.3356638379206921, "params": {"C": 99.01861756638361, "epsilon": 0.7622895606563148, "gamma": 0.10170406531838845}, "datetime": {"datetime": "2021-09-24 09:14:06", "elapsed": 25.867871, "delta": 0.56153}}
{"target": 0.37948864033481466, "params": {"C": 47.62786569651677, "epsilon": 0.7036548206365161, "gamma": 0.09016016991312288}, "datetime": {"datetime": "2021-09-24 09:14:06", "elapsed": 26.263337, "delta": 0.395466}}
{"target": 0.4238230892618512, "params": {"C": 47.78528095389979, "epsilon": 0.8728533269063964, "gamma": 0.036224333759024285}, "datetime": {"datetime": "2021-09-24 09:14:07", "elapsed": 26.788963, "delta": 0.525626}}
{"target": 0.4344902828033559, "params": {"C": 47.93024771585507, "epsilon": 0.8622593468035319, "gamma": 0.023532237075404423}, "datetime": {"datetime": "2021-09-24 09:14:07", "elapsed": 27.173067, "delta": 0.384104}}
{"target": 0.3586494285714924, "params": {"C": 19.014411026638804, "epsilon": 0.4930577651182067, "gamma": 0.001608867514461991}, "datetime": {"datetime": "2021-09-24 09:14:08", "elapsed": 27.553833, "delta": 0.380766}}
{"target": 0.4271534968318419, "params": {"C": 47.88100811197221, "epsilon": 0.8865484996854371, "gamma": 0.030832814865152405}, "datetime": {"datetime": "2021-09-24 09:14:08", "elapsed": 28.089933, "delta": 0.5361}}
{"target": 0.35609159685365577, "params": {"C": 47.89028565370577, "epsilon": 0.8657862832013529, "gamma": 0.12803447754808892}, "datetime": {"datetime": "2021-09-24 09:14:09", "elapsed": 28.538156, "delta": 0.448223}}
{"target": 0.3935810211409707, "params": {"C": 81.38195577007266, "epsilon": 0.49289180614552847, "gamma": 0.05712635645059508}, "datetime": {"datetime": "2021-09-24 09:14:09", "elapsed": 28.869145, "delta": 0.330989}}
{"target": 0.42060474279168447, "params": {"C": 99.05240812855219, "epsilon": 0.6633020541601937, "gamma": 0.002059871003853438}, "datetime": {"datetime": "2021-09-24 09:14:10", "elapsed": 29.39493, "delta": 0.525785}}
{"target": 0.4345452831407761, "params": {"C": 65.37662096503897, "epsilon": 0.9148695717714248, "gamma": 0.02683704868331253}, "datetime": {"datetime": "2021-09-24 09:14:10", "elapsed": 29.897754, "delta": 0.502824}}
{"target": 0.4297836079070193, "params": {"C": 99.1477356040615, "epsilon": 0.7049735053415765, "gamma": 0.028974849177858898}, "datetime": {"datetime": "2021-09-24 09:14:11", "elapsed": 30.457195, "delta": 0.559441}}
{"target": 0.4330059875963045, "params": {"C": 65.18560956701988, "epsilon": 0.7574342810286041, "gamma": 0.028354637495540888}, "datetime": {"datetime": "2021-09-24 09:14:11", "elapsed": 30.97242, "delta": 0.515225}}
{"target": 0.344351083298975, "params": {"C": 75.97748426876512, "epsilon": 0.388250726553288, "gamma": 0.1144102999365754}, "datetime": {"datetime": "2021-09-24 09:14:12", "elapsed": 31.358007, "delta": 0.385587}}
{"target": 0.4205156061080728, "params": {"C": 65.11508828749216, "epsilon": 0.8460635646486906, "gamma": 0.0033761457709158373}, "datetime": {"datetime": "2021-09-24 09:14:12", "elapsed": 31.935474, "delta": 0.577467}}
{"target": 0.4355340245981848, "params": {"C": 47.878610037094724, "epsilon": 0.7587843103968862, "gamma": 0.018266047290287923}, "datetime": {"datetime": "2021-09-24 09:14:13", "elapsed": 32.444056, "delta": 0.508582}}
{"target": 0.4223434358354443, "params": {"C": 96.88347390911257, "epsilon": 0.978682493000365, "gamma": 0.0034506967007805114}, "datetime": {"datetime": "2021-09-24 09:14:13", "elapsed": 32.897155, "delta": 0.453099}}
{"target": 0.4077962011433446, "params": {"C": 99.1786468140576, "epsilon": 0.6242281677004858, "gamma": 0.001}, "datetime": {"datetime": "2021-09-24 09:14:14", "elapsed": 33.482992, "delta": 0.585837}}
{"target": 0.37486738767943895, "params": {"C": 9.210971478329713, "epsilon": 0.9598458464624114, "gamma": 0.08437262924595965}, "datetime": {"datetime": "2021-09-24 09:14:14", "elapsed": 33.868158, "delta": 0.385166}}
{"target": 0.44076579428746, "params": {"C": 65.27423641911955, "epsilon": 0.7743500568287245, "gamma": 0.015137163743026483}, "datetime": {"datetime": "2021-09-24 09:14:15", "elapsed": 34.532175, "delta": 0.664017}}
{"target": 0.4068478473720275, "params": {"C": 24.805966739666975, "epsilon": 0.4244842486340419, "gamma": 0.06862272732315816}, "datetime": {"datetime": "2021-09-24 09:14:15", "elapsed": 34.962018, "delta": 0.429843}}
{"target": 0.4351927452598966, "params": {"C": 48.94772493277166, "epsilon": 0.9279552514315418, "gamma": 0.01682521533179833}, "datetime": {"datetime": "2021-09-24 09:14:16", "elapsed": 35.335437, "delta": 0.373419}}
{"target": 0.435333062745485, "params": {"C": 48.01173884778998, "epsilon": 0.8051998123064685, "gamma": 0.017011589040000483}, "datetime": {"datetime": "2021-09-24 09:14:16", "elapsed": 35.968305, "delta": 0.632868}}
{"target": 0.39352113517655507, "params": {"C": 48.8879974046048, "epsilon": 0.9565042988321989, "gamma": 0.0729090628795328}, "datetime": {"datetime": "2021-09-24 09:14:17", "elapsed": 36.505318, "delta": 0.537013}}
{"target": 0.44645121107402586, "params": {"C": 80.51211754529032, "epsilon": 0.43743512604705115, "gamma": 0.015039306770209246}, "datetime": {"datetime": "2021-09-24 09:14:17", "elapsed": 36.890241, "delta": 0.384923}}
{"target": 0.38017903523465135, "params": {"C": 83.25704143689869, "epsilon": 0.31701702822692834, "gamma": 0.06370338842180413}, "datetime": {"datetime": "2021-09-24 09:14:18", "elapsed": 37.291424, "delta": 0.401183}}
{"target": 0.41597551192015914, "params": {"C": 49.01134657928906, "epsilon": 0.9041804227600225, "gamma": 0.048038412077461214}, "datetime": {"datetime": "2021-09-24 09:14:18", "elapsed": 37.739538, "delta": 0.448114}}
{"target": 0.3678890757246478, "params": {"C": 25.617888004834775, "epsilon": 0.8778858270226196, "gamma": 0.13711011457938935}, "datetime": {"datetime": "2021-09-24 09:14:18", "elapsed": 38.155993, "delta": 0.416455}}
{"target": 0.3258488279920284, "params": {"C": 79.9335168336488, "epsilon": 0.5761630677535713, "gamma": 0.14166090191223069}, "datetime": {"datetime": "2021-09-24 09:14:19", "elapsed": 38.557253, "delta": 0.40126}}
{"target": 0.4180245169293134, "params": {"C": 80.46615510302087, "epsilon": 0.5260898248003121, "gamma": 0.041837065750956845}, "datetime": {"datetime": "2021-09-24 09:14:19", "elapsed": 39.026692, "delta": 0.469439}}
{"target": 0.44642134230226693, "params": {"C": 80.48531222416217, "epsilon": 0.37311730622026434, "gamma": 0.015058838915554026}, "datetime": {"datetime": "2021-09-24 09:14:20", "elapsed": 39.72764, "delta": 0.700948}}
{"target": 0.3927303716880647, "params": {"C": 80.41422964442283, "epsilon": 0.4019229007669647, "gamma": 0.05800120815341744}, "datetime": {"datetime": "2021-09-24 09:14:20", "elapsed": 40.247316, "delta": 0.519676}}
{"target": 0.3565406310075857, "params": {"C": 64.71387917493453, "epsilon": 0.6232311515095345, "gamma": 0.10490687160450167}, "datetime": {"datetime": "2021-09-24 09:14:21", "elapsed": 40.696869, "delta": 0.449553}}
{"target": 0.4371874919120122, "params": {"C": 44.80578205165217, "epsilon": 0.901564439784334, "gamma": 0.014439605517309242}, "datetime": {"datetime": "2021-09-24 09:14:21", "elapsed": 41.097521, "delta": 0.400652}}
{"target": 0.4199218424102583, "params": {"C": 44.73201806175283, "epsilon": 0.8499576501275027, "gamma": 0.0059380425884482035}, "datetime": {"datetime": "2021-09-24 09:14:22", "elapsed": 41.721038, "delta": 0.623517}}
{"target": 0.364895135400631, "params": {"C": 76.76043862898801, "epsilon": 0.08937675106714375, "gamma": 0.08046843240112961}, "datetime": {"datetime": "2021-09-24 09:14:22", "elapsed": 42.141324, "delta": 0.420286}}
{"target": 0.4199458137944382, "params": {"C": 80.54878776037899, "epsilon": 0.27371878566476526, "gamma": 0.003435077136833287}, "datetime": {"datetime": "2021-09-24 09:14:23", "elapsed": 42.764171, "delta": 0.622847}}
{"target": 0.4119609666052293, "params": {"C": 44.85308286030629, "epsilon": 0.8062633711065593, "gamma": 0.0524115618136256}, "datetime": {"datetime": "2021-09-24 09:14:23", "elapsed": 43.2429, "delta": 0.478729}}
{"target": 0.38673851740180687, "params": {"C": 12.233936078378052, "epsilon": 0.8076455999745303, "gamma": 0.08765014164325614}, "datetime": {"datetime": "2021-09-24 09:14:24", "elapsed": 43.728568, "delta": 0.485668}}
{"target": 0.3120047924116315, "params": {"C": 99.43323471318432, "epsilon": 0.8598084282695956, "gamma": 0.13617750325351982}, "datetime": {"datetime": "2021-09-24 09:14:24", "elapsed": 44.167616, "delta": 0.439048}}
{"target": 0.37543848445953754, "params": {"C": 44.77500954219943, "epsilon": 0.9162736101597013, "gamma": 0.0982868730305185}, "datetime": {"datetime": "2021-09-24 09:14:25", "elapsed": 44.848061, "delta": 0.680445}}
{"target": 0.4113970796103541, "params": {"C": 43.02886959291403, "epsilon": 0.2915659713959162, "gamma": 0.05297257086730574}, "datetime": {"datetime": "2021-09-24 09:14:25", "elapsed": 45.232295, "delta": 0.384234}}
{"target": 0.3961404955315502, "params": {"C": 48.022909531126174, "epsilon": 0.7048609916657093, "gamma": 0.06943732707982814}, "datetime": {"datetime": "2021-09-24 09:14:26", "elapsed": 45.954576, "delta": 0.722281}}
{"target": 0.40080759661505216, "params": {"C": 43.344959814268776, "epsilon": 0.09917865655671718, "gamma": 0.06408214029705547}, "datetime": {"datetime": "2021-09-24 09:14:27", "elapsed": 46.388533, "delta": 0.433957}}
{"target": 0.3202239625926866, "params": {"C": 81.03272411033635, "epsilon": 0.20178757491456623, "gamma": 0.14902965209290436}, "datetime": {"datetime": "2021-09-24 09:14:27", "elapsed": 46.850539, "delta": 0.462006}}
{"target": 0.3744827297253208, "params": {"C": 54.87897485148052, "epsilon": 0.3135728059569613, "gamma": 0.08957633496435284}, "datetime": {"datetime": "2021-09-24 09:14:27", "elapsed": 47.272819, "delta": 0.42228}}
{"target": 0.3397690884641158, "params": {"C": 80.56373412552112, "epsilon": 0.3372146566471982, "gamma": 0.1154140404207871}, "datetime": {"datetime": "2021-09-24 09:14:28", "elapsed": 47.817042, "delta": 0.544223}}
{"target": 0.40208455225904716, "params": {"C": 41.264232644644665, "epsilon": 0.6893362076735602, "gamma": 0.06428885700293278}, "datetime": {"datetime": "2021-09-24 09:14:29", "elapsed": 48.334011, "delta": 0.516969}}
{"target": 0.4197705734402778, "params": {"C": 13.450510048439257, "epsilon": 0.2522446913769872, "gamma": 0.022924785270246623}, "datetime": {"datetime": "2021-09-24 09:14:29", "elapsed": 48.804094, "delta": 0.470083}}
{"target": 0.40293475680612334, "params": {"C": 80.54708389227746, "epsilon": 0.38258149327819235, "gamma": 0.001}, "datetime": {"datetime": "2021-09-24 09:14:30", "elapsed": 49.568317, "delta": 0.764223}}
{"target": 0.347167720134939, "params": {"C": 53.28701537624803, "epsilon": 0.7731218216943305, "gamma": 0.13565820130755524}, "datetime": {"datetime": "2021-09-24 09:14:30", "elapsed": 50.007366, "delta": 0.439049}}
{"target": 0.4354617955599779, "params": {"C": 48.06092947696813, "epsilon": 0.8865564175132504, "gamma": 0.018665630110693006}, "datetime": {"datetime": "2021-09-24 09:14:31", "elapsed": 50.849885, "delta": 0.842519}}
{"target": 0.3572301367771461, "params": {"C": 33.67509061772199, "epsilon": 0.15319117200448434, "gamma": 0.1464361229383768}, "datetime": {"datetime": "2021-09-24 09:14:32", "elapsed": 51.323649, "delta": 0.473764}}
{"target": 0.37071893112524146, "params": {"C": 53.43452475720182, "epsilon": 0.7961111149087099, "gamma": 0.09658132472261012}, "datetime": {"datetime": "2021-09-24 09:14:32", "elapsed": 51.777608, "delta": 0.453959}}
{"target": 0.3978377964450138, "params": {"C": 48.12104631861503, "epsilon": 0.8685756704537444, "gamma": 0.0674960114956612}, "datetime": {"datetime": "2021-09-24 09:14:33", "elapsed": 52.511842, "delta": 0.734234}}
{"target": 0.3861642911039158, "params": {"C": 47.986842804372486, "epsilon": 0.9251568579065746, "gamma": 0.001}, "datetime": {"datetime": "2021-09-24 09:14:33", "elapsed": 53.171796, "delta": 0.659954}}
{"target": 0.4362871231645611, "params": {"C": 47.06878373277274, "epsilon": 0.10475942313892601, "gamma": 0.021610195316128948}, "datetime": {"datetime": "2021-09-24 09:14:34", "elapsed": 53.644257, "delta": 0.472461}}
{"target": 0.43248910417479525, "params": {"C": 67.39997145718185, "epsilon": 0.7911433641418527, "gamma": 0.02891249554818748}, "datetime": {"datetime": "2021-09-24 09:14:34", "elapsed": 54.10729, "delta": 0.463033}}
{"target": 0.40743175225105643, "params": {"C": 99.08547395689298, "epsilon": 0.7570092940629098, "gamma": 0.001}, "datetime": {"datetime": "2021-09-24 09:14:35", "elapsed": 54.857393, "delta": 0.750103}}
{"target": 0.4362182990157163, "params": {"C": 47.10185812687259, "epsilon": 0.19352401716158968, "gamma": 0.02206242021836739}, "datetime": {"datetime": "2021-09-24 09:14:36", "elapsed": 55.712708, "delta": 0.855315}}
{"target": 0.3780316943578661, "params": {"C": 47.109898409726405, "epsilon": 0.09395246840868668, "gamma": 0.09107835457169634}, "datetime": {"datetime": "2021-09-24 09:14:37", "elapsed": 56.389466, "delta": 0.676758}}
{"target": 0.4128925301691948, "params": {"C": 47.0467767084593, "epsilon": 0.1828827250406053, "gamma": 0.050584559392262696}, "datetime": {"datetime": "2021-09-24 09:14:37", "elapsed": 57.266793, "delta": 0.877327}}
{"target": 0.41975391570920895, "params": {"C": 67.4666633940042, "epsilon": 0.8172455527674102, "gamma": 0.0043363175554870115}, "datetime": {"datetime": "2021-09-24 09:14:38", "elapsed": 58.178181, "delta": 0.911388}}
{"target": 0.350576956861272, "params": {"C": 72.15485799164193, "epsilon": 0.3670700983612025, "gamma": 0.10646134945310277}, "datetime": {"datetime": "2021-09-24 09:14:39", "elapsed": 58.709443, "delta": 0.531262}}
{"target": 0.4410736999311803, "params": {"C": 65.23983951719622, "epsilon": 0.6755739952101321, "gamma": 0.015323296861288523}, "datetime": {"datetime": "2021-09-24 09:14:40", "elapsed": 59.388989, "delta": 0.679546}}
{"target": 0.364862146465152, "params": {"C": 65.21720557238639, "epsilon": 0.6226036720506697, "gamma": 0.09275359387059294}, "datetime": {"datetime": "2021-09-24 09:14:40", "elapsed": 60.148792, "delta": 0.759803}}
{"target": 0.36196818663360397, "params": {"C": 33.49410860829159, "epsilon": 0.015603841127306003, "gamma": 0.1383656221043807}, "datetime": {"datetime": "2021-09-24 09:14:41", "elapsed": 60.791421, "delta": 0.642629}}
{"target": 0.44054560555031497, "params": {"C": 65.4746439034103, "epsilon": 0.9256396221165004, "gamma": 0.011486551261978981}, "datetime": {"datetime": "2021-09-24 09:14:42", "elapsed": 61.802039, "delta": 1.010618}}
{"target": 0.3650133747300198, "params": {"C": 72.12141962678761, "epsilon": 0.37881605347743746, "gamma": 0.08537873834974363}, "datetime": {"datetime": "2021-09-24 09:14:43", "elapsed": 62.318265, "delta": 0.516226}}
{"target": 0.419499867109963, "params": {"C": 80.46200219524515, "epsilon": 0.28793675108682515, "gamma": 0.0021440188109063062}, "datetime": {"datetime": "2021-09-24 09:14:44", "elapsed": 63.462651, "delta": 1.144386}}
{"target": 0.4316486849274357, "params": {"C": 65.44848298963642, "epsilon": 0.9822288781451948, "gamma": 0.03015343924596147}, "datetime": {"datetime": "2021-09-24 09:14:45", "elapsed": 64.442881, "delta": 0.98023}}
{"target": 0.4339563646875034, "params": {"C": 67.37076303277654, "epsilon": 0.8712220994675627, "gamma": 0.007325618247293914}, "datetime": {"datetime": "2021-09-24 09:14:46", "elapsed": 65.447167, "delta": 1.004286}}
{"target": 0.32948197919075883, "params": {"C": 74.1058611726533, "epsilon": 0.8129957026230066, "gamma": 0.14401401276776885}, "datetime": {"datetime": "2021-09-24 09:14:46", "elapsed": 66.086246, "delta": 0.639079}}
{"target": 0.3844293799726348, "params": {"C": 17.654584206231526, "epsilon": 0.048626042110327276, "gamma": 0.002687165074155277}, "datetime": {"datetime": "2021-09-24 09:14:47", "elapsed": 66.681117, "delta": 0.594871}}
{"target": 0.4107641518648397, "params": {"C": 13.551473191043435, "epsilon": 0.8230588788069884, "gamma": 0.06036150744846699}, "datetime": {"datetime": "2021-09-24 09:14:48", "elapsed": 67.336446, "delta": 0.655329}}
{"target": 0.38369253741669673, "params": {"C": 65.49783924304292, "epsilon": 0.9058677152087684, "gamma": 0.07341728726808106}, "datetime": {"datetime": "2021-09-24 09:14:49", "elapsed": 68.308212, "delta": 0.971766}}
{"target": 0.43302455977899434, "params": {"C": 47.13603312978791, "epsilon": 0.2774113478295515, "gamma": 0.025307274321723146}, "datetime": {"datetime": "2021-09-24 09:14:49", "elapsed": 69.037994, "delta": 0.729782}}
{"target": 0.3561438665052846, "params": {"C": 4.264555371218817, "epsilon": 0.41289270777610043, "gamma": 0.055230860023805006}, "datetime": {"datetime": "2021-09-24 09:14:50", "elapsed": 69.717142, "delta": 0.679148}}
{"target": 0.3802918012555434, "params": {"C": 69.59695356822736, "epsilon": 0.3570505627196651, "gamma": 0.07249839538927592}, "datetime": {"datetime": "2021-09-24 09:14:51", "elapsed": 70.332324, "delta": 0.615182}}
{"target": 0.3876058307094419, "params": {"C": 47.186263064848326, "epsilon": 0.20795359454197523, "gamma": 0.001}, "datetime": {"datetime": "2021-09-24 09:14:52", "elapsed": 71.313084, "delta": 0.98076}}
{"target": 0.3789301061875108, "params": {"C": 67.41022039644628, "epsilon": 0.8569804370907931, "gamma": 0.07609515521653902}, "datetime": {"datetime": "2021-09-24 09:14:52", "elapsed": 72.215623, "delta": 0.902539}}
{"target": 0.39568219023014783, "params": {"C": 48.14951802960159, "epsilon": 0.13695170471562473, "gamma": 0.06888926803783257}, "datetime": {"datetime": "2021-09-24 09:14:53", "elapsed": 72.901272, "delta": 0.685649}}
{"target": 0.3992036905113737, "params": {"C": 47.0618625921708, "epsilon": 0.31979773016937335, "gamma": 0.06484817628668114}, "datetime": {"datetime": "2021-09-24 09:14:54", "elapsed": 73.840332, "delta": 0.93906}}
{"target": 0.4359293627616301, "params": {"C": 62.37822475205489, "epsilon": 0.27406461787338027, "gamma": 0.026564720011130954}, "datetime": {"datetime": "2021-09-24 09:14:55", "elapsed": 74.463288, "delta": 0.622956}}
{"target": 0.43031388521454295, "params": {"C": 61.8198664582695, "epsilon": 0.19233381940756333, "gamma": 0.0315677039419759}, "datetime": {"datetime": "2021-09-24 09:14:55", "elapsed": 75.198303, "delta": 0.735015}}
{"target": 0.42559097699436255, "params": {"C": 62.307875194681785, "epsilon": 0.2390735720279102, "gamma": 0.037489070326806775}, "datetime": {"datetime": "2021-09-24 09:14:56", "elapsed": 75.985438, "delta": 0.787135}}
{"target": 0.3590228507895078, "params": {"C": 47.90092571662096, "epsilon": 0.6201970918674303, "gamma": 0.12217265534956176}, "datetime": {"datetime": "2021-09-24 09:14:57", "elapsed": 76.613538, "delta": 0.6281}}
{"target": 0.42032759336890657, "params": {"C": 43.97104838411319, "epsilon": 0.19146503929960806, "gamma": 0.041605543324837846}, "datetime": {"datetime": "2021-09-24 09:14:57", "elapsed": 77.282639, "delta": 0.669101}}
{"target": 0.4263336217961786, "params": {"C": 67.32729599178175, "epsilon": 0.8169130675541496, "gamma": 0.03746070164232644}, "datetime": {"datetime": "2021-09-24 09:14:58", "elapsed": 78.254092, "delta": 0.971453}}
{"target": 0.3758472371012246, "params": {"C": 4.752155215982165, "epsilon": 0.6067032801963141, "gamma": 0.015748832570408915}, "datetime": {"datetime": "2021-09-24 09:14:59", "elapsed": 78.987921, "delta": 0.733829}}
{"target": 0.4241989374445817, "params": {"C": 28.53280385852329, "epsilon": 0.293887045512285, "gamma": 0.029783706756826567}, "datetime": {"datetime": "2021-09-24 09:15:00", "elapsed": 79.688522, "delta": 0.700601}}
{"target": 0.41660168814379206, "params": {"C": 9.985192169661802, "epsilon": 0.615228887178433, "gamma": 0.029657558818952344}, "datetime": {"datetime": "2021-09-24 09:15:01", "elapsed": 80.321275, "delta": 0.632753}}
{"target": 0.39908227944834096, "params": {"C": 62.3309063356838, "epsilon": 0.3299029899874034, "gamma": 0.061294887230089315}, "datetime": {"datetime": "2021-09-24 09:15:02", "elapsed": 81.56279, "delta": 1.241515}}
{"target": 0.43663135486109506, "params": {"C": 50.349701458500405, "epsilon": 0.41760746038268054, "gamma": 0.022811197289715233}, "datetime": {"datetime": "2021-09-24 09:15:03", "elapsed": 82.33946, "delta": 0.77667}}
{"target": 0.40573566590905885, "params": {"C": 30.579526438312197, "epsilon": 0.7296143211627868, "gamma": 0.06720238339369335}, "datetime": {"datetime": "2021-09-24 09:15:03", "elapsed": 83.01842, "delta": 0.67896}}
{"target": 0.37287006099769726, "params": {"C": 6.175098763898412, "epsilon": 0.6363327751282952, "gamma": 0.06377598852304762}, "datetime": {"datetime": "2021-09-24 09:15:04", "elapsed": 83.700555, "delta": 0.682135}}
{"target": 0.4274587382703554, "params": {"C": 48.93572546598105, "epsilon": 0.8439682735662232, "gamma": 0.03196469267174988}, "datetime": {"datetime": "2021-09-24 09:15:05", "elapsed": 84.88912, "delta": 1.188565}}
{"target": 0.3861675368359425, "params": {"C": 47.6934950466613, "epsilon": 0.8943253319488648, "gamma": 0.001}, "datetime": {"datetime": "2021-09-24 09:15:06", "elapsed": 85.912042, "delta": 1.022922}}
{"target": 0.43015314434575525, "params": {"C": 94.60925449737934, "epsilon": 0.6344758274215365, "gamma": 0.02897288912847482}, "datetime": {"datetime": "2021-09-24 09:15:07", "elapsed": 86.582042, "delta": 0.67}}
{"target": 0.36324392806421657, "params": {"C": 28.96423603968254, "epsilon": 0.41234241964096974, "gamma": 0.14184847737182738}, "datetime": {"datetime": "2021-09-24 09:15:07", "elapsed": 87.215595, "delta": 0.633553}}
