{"target": -41.53367471448981, "params": {"C": 335.9161235576838, "epsilon": 0.6861097323527667, "gamma": 0.06015694340823998}, "datetime": {"datetime": "2021-09-28 14:51:28", "elapsed": 309.709779, "delta": 2.473848}}
{"target": -39.11905019787223, "params": {"C": 361.6980140239429, "epsilon": 2.6660866503096674, "gamma": 0.0001}, "datetime": {"datetime": "2021-09-28 14:51:31", "elapsed": 312.446685, "delta": 2.736906}}
{"target": -41.64627826564647, "params": {"C": 358.401273569221, "epsilon": 0.27882025990741016, "gamma": 0.057823058322711084}, "datetime": {"datetime": "2021-09-28 14:51:32", "elapsed": 313.818908, "delta": 1.372223}}
{"target": -39.427803272074165, "params": {"C": 324.88528279970154, "epsilon": 1.918925526550237, "gamma": 0.0001}, "datetime": {"datetime": "2021-09-28 14:51:34", "elapsed": 316.245508, "delta": 2.4266}}
{"target": -39.23091468771764, "params": {"C": 345.26260931973434, "epsilon": 1.3836201942933761, "gamma": 0.0001}, "datetime": {"datetime": "2021-09-28 14:51:37", "elapsed": 319.229922, "delta": 2.984414}}
{"target": -39.70355832752319, "params": {"C": 302.4485239981617, "epsilon": 2.6772540533331717, "gamma": 0.0001}, "datetime": {"datetime": "2021-09-28 14:51:40", "elapsed": 322.293414, "delta": 3.063492}}
{"target": -51.315597331435924, "params": {"C": 374.80553374687594, "epsilon": 1.0919671195609628, "gamma": 0.16892188590126087}, "datetime": {"datetime": "2021-09-28 14:51:42", "elapsed": 323.62721, "delta": 1.333796}}
{"target": -43.36353753257701, "params": {"C": 434.3157035328618, "epsilon": 2.356399778868323, "gamma": 0.06896062277436213}, "datetime": {"datetime": "2021-09-28 14:51:45", "elapsed": 326.87241, "delta": 3.2452}}
{"target": -43.86677602757256, "params": {"C": 335.8348028230882, "epsilon": 0.8353892795450778, "gamma": 0.08315475657165224}, "datetime": {"datetime": "2021-09-28 14:51:48", "elapsed": 329.455481, "delta": 2.583071}}
{"target": -40.24350013711291, "params": {"C": 320.50067082429655, "epsilon": 2.135178583738584, "gamma": 0.042260413309256145}, "datetime": {"datetime": "2021-09-28 14:51:51", "elapsed": 333.209768, "delta": 3.754287}}
{"target": -49.6501779414276, "params": {"C": 428.6347129028276, "epsilon": 0.8617205666071936, "gamma": 0.12442697251953401}, "datetime": {"datetime": "2021-09-28 14:51:53", "elapsed": 334.519749, "delta": 1.309981}}
{"target": -36.981285487761255, "params": {"C": 485.725829281251, "epsilon": 0.8068337705605988, "gamma": 0.0063662384821895944}, "datetime": {"datetime": "2021-09-28 14:51:54", "elapsed": 335.901945, "delta": 1.382196}}
{"target": -41.866863155575814, "params": {"C": 384.1729753209037, "epsilon": 2.35419668624849, "gamma": 0.060872311383711804}, "datetime": {"datetime": "2021-09-28 14:51:55", "elapsed": 337.251646, "delta": 1.349701}}
{"target": -38.059279787432246, "params": {"C": 485.6934623086154, "epsilon": 0.9222849076556796, "gamma": 0.0001}, "datetime": {"datetime": "2021-09-28 14:51:58", "elapsed": 339.653596, "delta": 2.40195}}
{"target": -41.079732589187756, "params": {"C": 485.5686643915038, "epsilon": 0.855947301781665, "gamma": 0.03908567624242896}, "datetime": {"datetime": "2021-09-28 14:52:00", "elapsed": 341.764148, "delta": 2.110552}}
{"target": -48.47654475271811, "params": {"C": 301.8262293784502, "epsilon": 0.6924476056102004, "gamma": 0.1296502110277672}, "datetime": {"datetime": "2021-09-28 14:52:01", "elapsed": 343.142148, "delta": 1.378}}
{"target": -39.240883574394545, "params": {"C": 325.1411027975388, "epsilon": 0.7229113560262519, "gamma": 0.027254818334868494}, "datetime": {"datetime": "2021-09-28 14:52:03", "elapsed": 344.654142, "delta": 1.511994}}
{"target": -45.96700361049032, "params": {"C": 485.7314148212955, "epsilon": 0.9123215090003783, "gamma": 0.08218630264370642}, "datetime": {"datetime": "2021-09-28 14:52:06", "elapsed": 347.50457, "delta": 2.850428}}
{"target": -36.943794485649875, "params": {"C": 335.98172623079336, "epsilon": 0.8356786308541004, "gamma": 0.007319966483186815}, "datetime": {"datetime": "2021-09-28 14:52:08", "elapsed": 350.098282, "delta": 2.593712}}
{"target": -46.281201992333706, "params": {"C": 471.10495218852793, "epsilon": 1.2743699770640438, "gamma": 0.08474959443893505}, "datetime": {"datetime": "2021-09-28 14:52:10", "elapsed": 351.592873, "delta": 1.494591}}
{"target": -42.76579418590547, "params": {"C": 448.1942101207163, "epsilon": 2.045586499691857, "gamma": 0.06350068119916376}, "datetime": {"datetime": "2021-09-28 14:52:11", "elapsed": 353.056112, "delta": 1.463239}}
{"target": -40.80022511366892, "params": {"C": 325.123775939189, "epsilon": 0.5088372202780157, "gamma": 0.05096775990059728}, "datetime": {"datetime": "2021-09-28 14:52:14", "elapsed": 355.791196, "delta": 2.735084}}
{"target": -38.13246198409691, "params": {"C": 388.2807768856446, "epsilon": 2.7697792505011, "gamma": 0.014452337378136263}, "datetime": {"datetime": "2021-09-28 14:52:17", "elapsed": 358.902023, "delta": 3.110827}}
{"target": -39.320508393814926, "params": {"C": 336.2075649871104, "epsilon": 1.4801958336704033, "gamma": 0.0001}, "datetime": {"datetime": "2021-09-28 14:52:20", "elapsed": 361.964304, "delta": 3.062281}}
{"target": -50.96854819731167, "params": {"C": 336.6571922846153, "epsilon": 2.6855940715935107, "gamma": 0.17586373060811872}, "datetime": {"datetime": "2021-09-28 14:52:23", "elapsed": 364.693955, "delta": 2.729651}}
{"target": -38.13749317857357, "params": {"C": 488.9090451041694, "epsilon": 0.5192282781144204, "gamma": 0.0001}, "datetime": {"datetime": "2021-09-28 14:52:25", "elapsed": 367.259185, "delta": 2.56523}}
{"target": -36.89348599376033, "params": {"C": 335.89207962749276, "epsilon": 0.869494494599759, "gamma": 0.001421580606501913}, "datetime": {"datetime": "2021-09-28 14:52:28", "elapsed": 369.736506, "delta": 2.477321}}
{"target": -46.87279267123369, "params": {"C": 440.3141288260203, "epsilon": 1.6546092893287947, "gamma": 0.0907034167351404}, "datetime": {"datetime": "2021-09-28 14:52:29", "elapsed": 371.140605, "delta": 1.404099}}
{"target": -41.68416231388768, "params": {"C": 485.74888382114574, "epsilon": 0.6941851712114752, "gamma": 0.046859575386734416}, "datetime": {"datetime": "2021-09-28 14:52:32", "elapsed": 374.200998, "delta": 3.060393}}
{"target": -45.15638743306912, "params": {"C": 457.2308215538215, "epsilon": 2.337043814668872, "gamma": 0.07993664762329326}, "datetime": {"datetime": "2021-09-28 14:52:34", "elapsed": 375.623001, "delta": 1.422003}}
{"target": -38.33668580689302, "params": {"C": 443.8425327157715, "epsilon": 1.894463172589566, "gamma": 0.0001}, "datetime": {"datetime": "2021-09-28 14:52:36", "elapsed": 377.97662, "delta": 2.353619}}
{"target": -35.79465172929373, "params": {"C": 485.6416322437347, "epsilon": 0.451384870949647, "gamma": 0.0004348573847885462}, "datetime": {"datetime": "2021-09-28 14:52:39", "elapsed": 380.404713, "delta": 2.428093}}
{"target": -42.860738164040356, "params": {"C": 470.4333238209531, "epsilon": 1.9362094808581793, "gamma": 0.06240200735527946}, "datetime": {"datetime": "2021-09-28 14:52:40", "elapsed": 381.805512, "delta": 1.400799}}
{"target": -40.22389046926082, "params": {"C": 303.84221563255744, "epsilon": 2.0595974530926178, "gamma": 0.04683929568605505}, "datetime": {"datetime": "2021-09-28 14:52:45", "elapsed": 386.417533, "delta": 1.464151}}
{"target": -41.784190446540485, "params": {"C": 334.3319186719579, "epsilon": 2.99480505766839, "gamma": 0.06623145883129825}, "datetime": {"datetime": "2021-09-28 14:52:46", "elapsed": 387.870765, "delta": 1.453232}}
{"target": -50.38906755784684, "params": {"C": 413.24779199119706, "epsilon": 0.2655146921362001, "gamma": 0.13882261272401716}, "datetime": {"datetime": "2021-09-28 14:52:49", "elapsed": 391.302512, "delta": 3.431747}}
{"target": -41.04842811598384, "params": {"C": 485.53651499083674, "epsilon": 0.30315738820721083, "gamma": 0.035902952758792434}, "datetime": {"datetime": "2021-09-28 14:52:53", "elapsed": 394.779455, "delta": 3.476943}}
{"target": -41.51008377584323, "params": {"C": 485.5569343879929, "epsilon": 0.5551144937848864, "gamma": 0.04404657782110222}, "datetime": {"datetime": "2021-09-28 14:52:56", "elapsed": 398.118188, "delta": 3.338733}}
{"target": -39.820864352793485, "params": {"C": 325.2529339330351, "epsilon": 0.38890766926587894, "gamma": 0.0001}, "datetime": {"datetime": "2021-09-28 14:52:59", "elapsed": 400.806664, "delta": 2.688476}}
{"target": -47.007775341344036, "params": {"C": 342.13764119986826, "epsilon": 2.312221460734765, "gamma": 0.10459836242666366}, "datetime": {"datetime": "2021-09-28 14:53:00", "elapsed": 402.379863, "delta": 1.573199}}
{"target": -40.19865347578904, "params": {"C": 399.7093040612241, "epsilon": 1.2896301277513003, "gamma": 0.029530937992441383}, "datetime": {"datetime": "2021-09-28 14:53:02", "elapsed": 403.997863, "delta": 1.618}}
{"target": -39.00264046588984, "params": {"C": 455.3290434772085, "epsilon": 2.3864148558688916, "gamma": 0.019689341346044966}, "datetime": {"datetime": "2021-09-28 14:53:05", "elapsed": 406.738343, "delta": 2.74048}}
{"target": -40.72418607985968, "params": {"C": 413.0754615777026, "epsilon": 0.47617499653815915, "gamma": 0.03485567295117913}, "datetime": {"datetime": "2021-09-28 14:53:10", "elapsed": 411.987014, "delta": 5.248671}}
{"target": -38.26887373325114, "params": {"C": 455.21319715048264, "epsilon": 2.260234766196143, "gamma": 0.013511167609585272}, "datetime": {"datetime": "2021-09-28 14:53:14", "elapsed": 416.173965, "delta": 4.186951}}
{"target": -44.356706728319054, "params": {"C": 390.26970509577296, "epsilon": 2.372556776830001, "gamma": 0.08062747457884188}, "datetime": {"datetime": "2021-09-28 14:53:17", "elapsed": 419.1244, "delta": 2.950435}}
{"target": -38.14584093133915, "params": {"C": 485.6440995906835, "epsilon": 0.35971425774033705, "gamma": 0.013343464972691918}, "datetime": {"datetime": "2021-09-28 14:53:21", "elapsed": 422.734042, "delta": 3.609642}}
{"target": -48.77031868625931, "params": {"C": 455.2315049694447, "epsilon": 2.120652813057376, "gamma": 0.10738912314803262}, "datetime": {"datetime": "2021-09-28 14:53:24", "elapsed": 426.282734, "delta": 3.548692}}
{"target": -40.9843374091312, "params": {"C": 499.76790017227574, "epsilon": 0.10926742975760925, "gamma": 0.029686987229903858}, "datetime": {"datetime": "2021-09-28 14:53:26", "elapsed": 428.057565, "delta": 1.774831}}
{"target": -40.34315631451693, "params": {"C": 390.52780996071965, "epsilon": 2.531531682825602, "gamma": 0.039479440937659004}, "datetime": {"datetime": "2021-09-28 14:53:30", "elapsed": 432.027948, "delta": 3.970383}}
{"target": -39.07572067209622, "params": {"C": 388.354654807019, "epsilon": 2.654722892951064, "gamma": 0.02393070820048398}, "datetime": {"datetime": "2021-09-28 14:53:32", "elapsed": 433.79203, "delta": 1.764082}}
{"target": -42.47120670871444, "params": {"C": 306.583399854768, "epsilon": 1.2402154939203145, "gamma": 0.07540342219157099}, "datetime": {"datetime": "2021-09-28 14:53:34", "elapsed": 435.568674, "delta": 1.776644}}
{"target": -49.85507597319893, "params": {"C": 423.64415684548345, "epsilon": 0.0803632164710174, "gamma": 0.12819318564683177}, "datetime": {"datetime": "2021-09-28 14:53:35", "elapsed": 437.229712, "delta": 1.661038}}
{"target": -40.925738846001124, "params": {"C": 353.67606392778674, "epsilon": 2.5038595244139117, "gamma": 0.05256450668131519}, "datetime": {"datetime": "2021-09-28 14:53:37", "elapsed": 438.943357, "delta": 1.713645}}
{"target": -38.84237516293338, "params": {"C": 390.3740602947565, "epsilon": 2.615549500899292, "gamma": 0.0001}, "datetime": {"datetime": "2021-09-28 14:53:41", "elapsed": 442.537345, "delta": 3.593988}}
{"target": -42.21047338128, "params": {"C": 455.08677693394844, "epsilon": 2.37520640068704, "gamma": 0.057391938378361984}, "datetime": {"datetime": "2021-09-28 14:53:43", "elapsed": 445.17972, "delta": 2.642375}}
{"target": -42.57205972166887, "params": {"C": 491.2495896784533, "epsilon": 1.7327400953223304, "gamma": 0.05764646843159946}, "datetime": {"datetime": "2021-09-28 14:53:46", "elapsed": 447.65161, "delta": 2.47189}}
{"target": -39.08293272762363, "params": {"C": 361.36957619875085, "epsilon": 2.5412945841761068, "gamma": 0.0001}, "datetime": {"datetime": "2021-09-28 14:53:49", "elapsed": 450.931822, "delta": 3.280212}}
{"target": -40.58596117503929, "params": {"C": 348.18105629752637, "epsilon": 2.6255320200146572, "gamma": 0.04885833274536528}, "datetime": {"datetime": "2021-09-28 14:53:51", "elapsed": 452.829042, "delta": 1.89722}}
{"target": -52.369411327609505, "params": {"C": 472.0938669733489, "epsilon": 1.720601036636791, "gamma": 0.16007903192384637}, "datetime": {"datetime": "2021-09-28 14:53:55", "elapsed": 456.902098, "delta": 4.073056}}
{"target": -40.749605863477214, "params": {"C": 397.19529904792233, "epsilon": 2.7414774820048935, "gamma": 0.04636164340169625}, "datetime": {"datetime": "2021-09-28 14:53:57", "elapsed": 458.722084, "delta": 1.819986}}
{"target": -39.50828849213124, "params": {"C": 325.20455553108997, "epsilon": 2.520704103250857, "gamma": 0.0001}, "datetime": {"datetime": "2021-09-28 14:54:00", "elapsed": 461.995019, "delta": 3.272935}}
{"target": -36.80601781036329, "params": {"C": 345.1349850140215, "epsilon": 1.227557403509521, "gamma": 0.0028901098603783854}, "datetime": {"datetime": "2021-09-28 14:54:04", "elapsed": 465.450328, "delta": 3.455309}}
{"target": -39.60108275066791, "params": {"C": 336.07913297971476, "epsilon": 0.7351742256434538, "gamma": 0.0001}, "datetime": {"datetime": "2021-09-28 14:54:07", "elapsed": 469.048, "delta": 3.597672}}
{"target": -37.032597958178094, "params": {"C": 388.1581036210822, "epsilon": 2.74471503356551, "gamma": 0.0035228171363535336}, "datetime": {"datetime": "2021-09-28 14:54:11", "elapsed": 472.925556, "delta": 3.877556}}
{"target": -38.90648537131634, "params": {"C": 325.1214485334981, "epsilon": 1.0717955704904958, "gamma": 0.021344285712064422}, "datetime": {"datetime": "2021-09-28 14:54:15", "elapsed": 477.01016, "delta": 4.084604}}
{"target": -42.93278810588487, "params": {"C": 388.11842940699245, "epsilon": 2.6172227428279156, "gamma": 0.0700046114944474}, "datetime": {"datetime": "2021-09-28 14:54:18", "elapsed": 480.401981, "delta": 3.391821}}
{"target": -37.602493172168685, "params": {"C": 388.21058316032116, "epsilon": 2.9635608699979756, "gamma": 0.010631924399263387}, "datetime": {"datetime": "2021-09-28 14:54:23", "elapsed": 484.984926, "delta": 4.582945}}
{"target": -42.179724726540016, "params": {"C": 492.88832030997094, "epsilon": 1.1781897887535222, "gamma": 0.052960449438086726}, "datetime": {"datetime": "2021-09-28 14:54:25", "elapsed": 486.65359, "delta": 1.668664}}
{"target": -43.83441096631352, "params": {"C": 351.14776345337503, "epsilon": 0.597841465173387, "gamma": 0.08108120408871498}, "datetime": {"datetime": "2021-09-28 14:54:27", "elapsed": 488.650822, "delta": 1.997232}}
{"target": -44.31911875036775, "params": {"C": 388.19021403626294, "epsilon": 2.842008254755196, "gamma": 0.0804754608333415}, "datetime": {"datetime": "2021-09-28 14:54:31", "elapsed": 492.485383, "delta": 3.834561}}
{"target": -50.44426182713367, "params": {"C": 415.6900675511427, "epsilon": 1.6660598906548354, "gamma": 0.13992034468893694}, "datetime": {"datetime": "2021-09-28 14:54:32", "elapsed": 494.342293, "delta": 1.85691}}
{"target": -39.35903282616533, "params": {"C": 336.6758894576288, "epsilon": 1.2284664039300968, "gamma": 0.0001}, "datetime": {"datetime": "2021-09-28 14:54:36", "elapsed": 497.958507, "delta": 3.616214}}
{"target": -39.10746524123912, "params": {"C": 413.32368912528045, "epsilon": 0.48381721181866866, "gamma": 0.01940294145249275}, "datetime": {"datetime": "2021-09-28 14:54:40", "elapsed": 501.730281, "delta": 3.771774}}
{"target": -37.41261077024169, "params": {"C": 306.68003960399614, "epsilon": 1.0795713191962504, "gamma": 0.010746663793164428}, "datetime": {"datetime": "2021-09-28 14:54:44", "elapsed": 506.037186, "delta": 4.306905}}
{"target": -49.496339437089254, "params": {"C": 306.81021910819504, "epsilon": 1.1546373097465934, "gamma": 0.15307663606233982}, "datetime": {"datetime": "2021-09-28 14:54:49", "elapsed": 510.996234, "delta": 4.959048}}
{"target": -36.79743823739934, "params": {"C": 325.1112213119973, "epsilon": 1.073234481397186, "gamma": 0.003201182102990972}, "datetime": {"datetime": "2021-09-28 14:54:51", "elapsed": 512.931977, "delta": 1.935743}}
{"target": -46.01712054345159, "params": {"C": 324.9585831400403, "epsilon": 0.9968940184586872, "gamma": 0.1006656678107706}, "datetime": {"datetime": "2021-09-28 14:54:55", "elapsed": 517.15729, "delta": 4.225313}}
{"target": -37.310738301950934, "params": {"C": 493.55183839060476, "epsilon": 2.688286030748969, "gamma": 0.0016188065085489796}, "datetime": {"datetime": "2021-09-28 14:54:59", "elapsed": 520.872128, "delta": 3.714838}}
{"target": -46.974193949105455, "params": {"C": 479.8026295919886, "epsilon": 1.71809914708737, "gamma": 0.08744083138139007}, "datetime": {"datetime": "2021-09-28 14:55:01", "elapsed": 522.867103, "delta": 1.994975}}
{"target": -40.49686520571651, "params": {"C": 413.2145292337896, "epsilon": 0.6102201102835466, "gamma": 0.030824929704939674}, "datetime": {"datetime": "2021-09-28 14:55:06", "elapsed": 527.857988, "delta": 4.990885}}
{"target": -44.46574980165621, "params": {"C": 493.5100291580552, "epsilon": 2.8180436018735837, "gamma": 0.07261865316880167}, "datetime": {"datetime": "2021-09-28 14:55:09", "elapsed": 531.209101, "delta": 3.351113}}
{"target": -39.38660573709726, "params": {"C": 386.8012380906209, "epsilon": 0.560000383758015, "gamma": 0.024354470827870765}, "datetime": {"datetime": "2021-09-28 14:55:11", "elapsed": 533.30653, "delta": 2.097429}}
{"target": -50.71404281316303, "params": {"C": 493.6342127127723, "epsilon": 2.6833361542262755, "gamma": 0.12923060636829814}, "datetime": {"datetime": "2021-09-28 14:55:15", "elapsed": 536.787251, "delta": 3.480721}}
{"target": -38.89845864230527, "params": {"C": 386.7178557129586, "epsilon": 0.44307764841461195, "gamma": 0.0001}, "datetime": {"datetime": "2021-09-28 14:55:21", "elapsed": 543.098822, "delta": 6.311571}}
{"target": -39.28177785402789, "params": {"C": 336.30004820383084, "epsilon": 1.733228664448105, "gamma": 0.0001}, "datetime": {"datetime": "2021-09-28 14:55:25", "elapsed": 547.07988, "delta": 3.981058}}
{"target": -42.76318545388416, "params": {"C": 485.07554643913454, "epsilon": 0.5841851334144103, "gamma": 0.05894789773821213}, "datetime": {"datetime": "2021-09-28 14:55:27", "elapsed": 549.179315, "delta": 2.099435}}
{"target": -38.95725384986129, "params": {"C": 386.6100758835877, "epsilon": 0.6136325438234337, "gamma": 0.018732752268748206}, "datetime": {"datetime": "2021-09-28 14:55:32", "elapsed": 553.515283, "delta": 4.335968}}
{"target": -40.289097341268345, "params": {"C": 303.8338711191192, "epsilon": 0.2611911110256846, "gamma": 0.038637794069383745}, "datetime": {"datetime": "2021-09-28 14:55:34", "elapsed": 555.459091, "delta": 1.943808}}
{"target": -50.37739729589495, "params": {"C": 366.748001456114, "epsilon": 2.4181446825664947, "gamma": 0.15253313487256148}, "datetime": {"datetime": "2021-09-28 14:55:36", "elapsed": 557.784277, "delta": 2.325186}}
{"target": -40.777244528281265, "params": {"C": 320.31632053709734, "epsilon": 0.1901698884048717, "gamma": 0.05070229724472858}, "datetime": {"datetime": "2021-09-28 14:55:38", "elapsed": 559.853027, "delta": 2.06875}}
{"target": -40.280077020883105, "params": {"C": 306.5840722455347, "epsilon": 1.0448377148605568, "gamma": 0.04012855686312497}, "datetime": {"datetime": "2021-09-28 14:55:42", "elapsed": 563.790201, "delta": 3.937174}}
{"target": -37.62315894067037, "params": {"C": 306.75359735523693, "epsilon": 0.9488775966399204, "gamma": 0.012213177444883492}, "datetime": {"datetime": "2021-09-28 14:55:47", "elapsed": 568.742428, "delta": 4.952227}}
{"target": -40.21518477209162, "params": {"C": 325.0566281098771, "epsilon": 1.2146146143377812, "gamma": 0.03729953724025047}, "datetime": {"datetime": "2021-09-28 14:55:53", "elapsed": 575.107235, "delta": 6.364807}}
{"target": -48.886098649869936, "params": {"C": 320.68768163818334, "epsilon": 2.2989151383805164, "gamma": 0.13441524461516755}, "datetime": {"datetime": "2021-09-28 14:55:58", "elapsed": 580.152081, "delta": 5.044846}}
{"target": -48.23821658533858, "params": {"C": 382.1146272720422, "epsilon": 2.8889763626214657, "gamma": 0.11028690287859803}, "datetime": {"datetime": "2021-09-28 14:56:00", "elapsed": 582.212191, "delta": 2.06011}}
{"target": -41.161553003703816, "params": {"C": 366.7911841152697, "epsilon": 1.6619369522648237, "gamma": 0.0527969592329543}, "datetime": {"datetime": "2021-09-28 14:56:02", "elapsed": 584.394577, "delta": 2.182386}}
{"target": -49.450310163145105, "params": {"C": 390.36722062495147, "epsilon": 2.583622437515151, "gamma": 0.1301738371241299}, "datetime": {"datetime": "2021-09-28 14:56:07", "elapsed": 588.697194, "delta": 4.302617}}
{"target": -37.34997592094457, "params": {"C": 361.27312352914345, "epsilon": 2.6995245060389785, "gamma": 0.009655501065243391}, "datetime": {"datetime": "2021-09-28 14:56:11", "elapsed": 593.187583, "delta": 4.490389}}
{"target": -41.16053504850224, "params": {"C": 306.695684744748, "epsilon": 0.8234133988012582, "gamma": 0.05795688466271056}, "datetime": {"datetime": "2021-09-28 14:56:17", "elapsed": 599.264749, "delta": 6.077166}}
{"target": -39.04899616917989, "params": {"C": 336.4840347424952, "epsilon": 2.7730238126942224, "gamma": 0.026850248747657533}, "datetime": {"datetime": "2021-09-28 14:56:21", "elapsed": 602.892794, "delta": 3.628045}}
{"target": -48.514717966222406, "params": {"C": 403.94493234727537, "epsilon": 2.803619618010101, "gamma": 0.11105731061439583}, "datetime": {"datetime": "2021-09-28 14:56:23", "elapsed": 605.126304, "delta": 2.23351}}
