{"target": -37.37977579294913, "params": {"C": 930.466046931377, "epsilon": 1.8721621263461525, "gamma": 0.002414657116625904}, "datetime": {"datetime": "2021-09-28 16:10:07", "elapsed": 31.808029, "delta": 0.514}}
{"target": -37.92444743877754, "params": {"C": 1028.7149074241102, "epsilon": 1.8689391625396337, "gamma": 0.007003879388487025}, "datetime": {"datetime": "2021-09-28 16:10:08", "elapsed": 32.190983, "delta": 0.382954}}
{"target": -37.32789980274573, "params": {"C": 988.4965293972771, "epsilon": 2.704496251164382, "gamma": 0.000992967077995715}, "datetime": {"datetime": "2021-09-28 16:10:08", "elapsed": 32.571453, "delta": 0.38047}}
{"target": -36.832662109599966, "params": {"C": 1029.4087906217753, "epsilon": 1.6150194206726776, "gamma": 0.003343056503004991}, "datetime": {"datetime": "2021-09-28 16:10:08", "elapsed": 33.02872, "delta": 0.457267}}
{"target": -37.8024384744193, "params": {"C": 1053.0513911696728, "epsilon": 0.26630718363399813, "gamma": 0.005380117320611968}, "datetime": {"datetime": "2021-09-28 16:10:09", "elapsed": 33.400842, "delta": 0.372122}}
{"target": -37.51734861831512, "params": {"C": 1092.005569553313, "epsilon": 2.266942701189539, "gamma": 0.004701889700338231}, "datetime": {"datetime": "2021-09-28 16:10:09", "elapsed": 33.894835, "delta": 0.493993}}
{"target": -38.701237371301204, "params": {"C": 989.925006610786, "epsilon": 2.739442044743922, "gamma": 0.009486384078911694}, "datetime": {"datetime": "2021-09-28 16:10:10", "elapsed": 34.364577, "delta": 0.469742}}
{"target": -37.52065637394376, "params": {"C": 922.6948203603597, "epsilon": 2.422551706029646, "gamma": 0.005857291290390845}, "datetime": {"datetime": "2021-09-28 16:10:10", "elapsed": 34.86081, "delta": 0.496233}}
{"target": -38.76406617744957, "params": {"C": 1098.8550196225947, "epsilon": 2.5791446210015185, "gamma": 0.00908159249805266}, "datetime": {"datetime": "2021-09-28 16:10:11", "elapsed": 35.257338, "delta": 0.396528}}
{"target": -37.555826376464914, "params": {"C": 1045.2395727329683, "epsilon": 1.697263817229491, "gamma": 0.004822721023391653}, "datetime": {"datetime": "2021-09-28 16:10:11", "elapsed": 35.661764, "delta": 0.404426}}
{"target": -36.90286996012365, "params": {"C": 984.9068072584122, "epsilon": 0.873279627844197, "gamma": 0.003553211084471992}, "datetime": {"datetime": "2021-09-28 16:10:11", "elapsed": 36.045042, "delta": 0.383278}}
{"target": -37.09491770909467, "params": {"C": 951.1580858409524, "epsilon": 0.5770523312008882, "gamma": 0.004269393828869906}, "datetime": {"datetime": "2021-09-28 16:10:12", "elapsed": 36.608548, "delta": 0.563506}}
{"target": -37.17395342902573, "params": {"C": 985.5453733621591, "epsilon": 0.295732523537132, "gamma": 0.004291363684166774}, "datetime": {"datetime": "2021-09-28 16:10:12", "elapsed": 36.984954, "delta": 0.376406}}
{"target": -38.81642705739376, "params": {"C": 1061.6822709299724, "epsilon": 0.6037647018706548, "gamma": 0.00993552721959566}, "datetime": {"datetime": "2021-09-28 16:10:13", "elapsed": 37.370744, "delta": 0.38579}}
{"target": -37.823718473446384, "params": {"C": 1008.8464138413748, "epsilon": 0.9393441892541812, "gamma": 0.0059852732627321695}, "datetime": {"datetime": "2021-09-28 16:10:13", "elapsed": 37.831358, "delta": 0.460614}}
{"target": -36.871627460827646, "params": {"C": 1079.4339695620135, "epsilon": 2.2705570526771166, "gamma": 0.0036143764264444838}, "datetime": {"datetime": "2021-09-28 16:10:14", "elapsed": 38.242169, "delta": 0.410811}}
{"target": -37.076617386213556, "params": {"C": 981.3418841305953, "epsilon": 2.0673866734864936, "gamma": 0.004305098552543857}, "datetime": {"datetime": "2021-09-28 16:10:14", "elapsed": 38.685413, "delta": 0.443244}}
{"target": -37.57877584991902, "params": {"C": 925.1525455524026, "epsilon": 0.7552370665060907, "gamma": 0.0015567474776875274}, "datetime": {"datetime": "2021-09-28 16:10:15", "elapsed": 39.101711, "delta": 0.416298}}
{"target": -37.85864507695169, "params": {"C": 1060.1311356138676, "epsilon": 0.8439923379698558, "gamma": 0.006033926454691574}, "datetime": {"datetime": "2021-09-28 16:10:15", "elapsed": 39.583163, "delta": 0.481452}}
{"target": -38.661845481848495, "params": {"C": 1005.6303340934304, "epsilon": 2.318911254515813, "gamma": 0.009047088543253671}, "datetime": {"datetime": "2021-09-28 16:10:16", "elapsed": 40.096078, "delta": 0.512915}}
{"target": -37.84418256427629, "params": {"C": 1015.3003940792557, "epsilon": 0.08920265755728848, "gamma": 0.006325581967891366}, "datetime": {"datetime": "2021-09-28 16:10:16", "elapsed": 40.566992, "delta": 0.470914}}
{"target": -38.64167904555115, "params": {"C": 966.0102840762061, "epsilon": 0.45787820304449306, "gamma": 0.009763205483825036}, "datetime": {"datetime": "2021-09-28 16:10:16", "elapsed": 40.985156, "delta": 0.418164}}
{"target": -37.751199674682745, "params": {"C": 1005.928332842832, "epsilon": 2.387925158769991, "gamma": 0.00645070546814658}, "datetime": {"datetime": "2021-09-28 16:10:17", "elapsed": 41.383785, "delta": 0.398629}}
{"target": -37.88340598124802, "params": {"C": 1039.9626704281861, "epsilon": 0.38915640615955327, "gamma": 0.006947066798445733}, "datetime": {"datetime": "2021-09-28 16:10:17", "elapsed": 41.950788, "delta": 0.567003}}
{"target": -36.95234695807959, "params": {"C": 994.037599066575, "epsilon": 1.6031793311101705, "gamma": 0.0027894602451232478}, "datetime": {"datetime": "2021-09-28 16:10:18", "elapsed": 42.417779, "delta": 0.466991}}
{"target": -37.64506130981427, "params": {"C": 993.0682499651974, "epsilon": 0.31248599598962873, "gamma": 0.0014694022391253463}, "datetime": {"datetime": "2021-09-28 16:10:18", "elapsed": 42.86267, "delta": 0.444891}}
{"target": -37.59212316167093, "params": {"C": 1034.1413564791553, "epsilon": 2.373011961022439, "gamma": 0.0019545886303829266}, "datetime": {"datetime": "2021-09-28 16:10:19", "elapsed": 43.353588, "delta": 0.490918}}
{"target": -37.1207792606548, "params": {"C": 901.6044512858874, "epsilon": 0.4795359313879894, "gamma": 0.0025655604289556407}, "datetime": {"datetime": "2021-09-28 16:10:19", "elapsed": 43.777186, "delta": 0.423598}}
{"target": -36.912391375506814, "params": {"C": 976.532949708066, "epsilon": 1.1796233590586136, "gamma": 0.003727580872472323}, "datetime": {"datetime": "2021-09-28 16:10:20", "elapsed": 44.213916, "delta": 0.43673}}
{"target": -37.783107157033186, "params": {"C": 957.9741945431392, "epsilon": 1.241725817157578, "gamma": 0.006348319635396795}, "datetime": {"datetime": "2021-09-28 16:10:20", "elapsed": 44.637626, "delta": 0.42371}}
{"target": -35.54378742900749, "params": {"C": 942.2938267241482, "epsilon": 0.7894020186470891, "gamma": 0.0003021354571941736}, "datetime": {"datetime": "2021-09-28 16:10:21", "elapsed": 45.124688, "delta": 0.487062}}
{"target": -37.58290658720058, "params": {"C": 958.3129732018393, "epsilon": 2.357367934598435, "gamma": 0.005954114025916192}, "datetime": {"datetime": "2021-09-28 16:10:21", "elapsed": 45.567723, "delta": 0.443035}}
{"target": -37.92083293643078, "params": {"C": 1043.7471878619028, "epsilon": 1.0999431681533998, "gamma": 0.007107163487152467}, "datetime": {"datetime": "2021-09-28 16:10:22", "elapsed": 46.097682, "delta": 0.529959}}
{"target": -38.37830236905173, "params": {"C": 951.1059945871577, "epsilon": 0.33946818898943365, "gamma": 0.009163429819701176}, "datetime": {"datetime": "2021-09-28 16:10:22", "elapsed": 46.558693, "delta": 0.461011}}
{"target": -37.67810884665723, "params": {"C": 1072.1558700569326, "epsilon": 1.3392501031350585, "gamma": 0.004940881099995961}, "datetime": {"datetime": "2021-09-28 16:10:22", "elapsed": 47.013124, "delta": 0.454431}}
{"target": -38.40644505669326, "params": {"C": 965.6446638551345, "epsilon": 0.0448407603010918, "gamma": 0.009226977576062879}, "datetime": {"datetime": "2021-09-28 16:10:23", "elapsed": 47.470321, "delta": 0.457197}}
{"target": -36.78204698660383, "params": {"C": 909.8834435378243, "epsilon": 1.781013491129903, "gamma": 0.003638569229972927}, "datetime": {"datetime": "2021-09-28 16:10:23", "elapsed": 47.94613, "delta": 0.475809}}
{"target": -37.79858521292999, "params": {"C": 1043.679635609672, "epsilon": 1.1352045489277627, "gamma": 0.005706372548070215}, "datetime": {"datetime": "2021-09-28 16:10:24", "elapsed": 48.414439, "delta": 0.468309}}
{"target": -37.42906581754104, "params": {"C": 984.5787098870196, "epsilon": 1.2344704012276453, "gamma": 0.0020329135425421734}, "datetime": {"datetime": "2021-09-28 16:10:24", "elapsed": 48.973938, "delta": 0.559499}}
{"target": -38.72611910263287, "params": {"C": 1083.933489518412, "epsilon": 1.8988832510737372, "gamma": 0.008889498477187759}, "datetime": {"datetime": "2021-09-28 16:10:25", "elapsed": 49.428556, "delta": 0.454618}}
{"target": -37.75284818343273, "params": {"C": 900.602608571214, "epsilon": 2.471728033028607, "gamma": 0.007149069710673155}, "datetime": {"datetime": "2021-09-28 16:10:25", "elapsed": 49.907768, "delta": 0.479212}}
{"target": -38.78214704804928, "params": {"C": 1047.6886084296027, "epsilon": 2.4386127248912883, "gamma": 0.009602273331549742}, "datetime": {"datetime": "2021-09-28 16:10:26", "elapsed": 50.447077, "delta": 0.539309}}
{"target": -35.497959490924366, "params": {"C": 933.6456246590536, "epsilon": 0.14397347376263414, "gamma": 0.00021210022975931038}, "datetime": {"datetime": "2021-09-28 16:10:26", "elapsed": 50.936484, "delta": 0.489407}}
{"target": -36.864995706555895, "params": {"C": 925.3565114970575, "epsilon": 2.4688223999421, "gamma": 0.004044153850602841}, "datetime": {"datetime": "2021-09-28 16:10:27", "elapsed": 51.428157, "delta": 0.491673}}
{"target": -37.53602802846259, "params": {"C": 914.053244017694, "epsilon": 1.0484013394267202, "gamma": 0.005210756200717705}, "datetime": {"datetime": "2021-09-28 16:10:27", "elapsed": 51.975494, "delta": 0.547337}}
{"target": -36.837861959347514, "params": {"C": 1062.241518764899, "epsilon": 1.0724134661469054, "gamma": 0.0031166402937918562}, "datetime": {"datetime": "2021-09-28 16:10:28", "elapsed": 52.522996, "delta": 0.547502}}
{"target": -36.8593390963471, "params": {"C": 906.5950613559976, "epsilon": 1.237502733353879, "gamma": 0.0037032584848031517}, "datetime": {"datetime": "2021-09-28 16:10:28", "elapsed": 52.998836, "delta": 0.47584}}
{"target": -37.58832454727199, "params": {"C": 1038.579704178237, "epsilon": 1.069864502098374, "gamma": 0.0048505645258646425}, "datetime": {"datetime": "2021-09-28 16:10:29", "elapsed": 53.46193, "delta": 0.463094}}
{"target": -37.180652072575214, "params": {"C": 943.0674609081485, "epsilon": 1.085754387359571, "gamma": 0.004472934119908866}, "datetime": {"datetime": "2021-09-28 16:10:30", "elapsed": 54.05577, "delta": 0.59384}}
{"target": -36.53651761599591, "params": {"C": 1007.3183875922632, "epsilon": 1.1699383345733505, "gamma": 0.0005298008704024934}, "datetime": {"datetime": "2021-09-28 16:10:30", "elapsed": 54.535554, "delta": 0.479784}}
{"target": -37.3749445185598, "params": {"C": 995.2515515749527, "epsilon": 0.40912728973189044, "gamma": 0.004610763446809011}, "datetime": {"datetime": "2021-09-28 16:10:30", "elapsed": 55.040039, "delta": 0.504485}}
{"target": -38.11804449130991, "params": {"C": 980.3917003838537, "epsilon": 0.5591806981074606, "gamma": 0.008077782492885339}, "datetime": {"datetime": "2021-09-28 16:10:31", "elapsed": 55.532088, "delta": 0.492049}}
{"target": -37.55074247193227, "params": {"C": 1023.9964136405149, "epsilon": 0.8207405295317993, "gamma": 0.0017985954906724595}, "datetime": {"datetime": "2021-09-28 16:10:32", "elapsed": 56.11787, "delta": 0.585782}}
{"target": -37.47659743498231, "params": {"C": 1022.8684170874131, "epsilon": 0.5753845089121946, "gamma": 0.0021310085169500767}, "datetime": {"datetime": "2021-09-28 16:10:32", "elapsed": 56.618875, "delta": 0.501005}}
{"target": -37.1478134066773, "params": {"C": 955.3645158112923, "epsilon": 1.606977838455163, "gamma": 0.0008415985707901367}, "datetime": {"datetime": "2021-09-28 16:10:33", "elapsed": 57.142199, "delta": 0.523324}}
{"target": -38.38876425096785, "params": {"C": 994.7493448820626, "epsilon": 1.8598309094198433, "gamma": 0.008151069046715849}, "datetime": {"datetime": "2021-09-28 16:10:33", "elapsed": 57.652198, "delta": 0.509999}}
{"target": -36.902736461525976, "params": {"C": 986.8101987557842, "epsilon": 0.5727764292888134, "gamma": 0.002797952207489226}, "datetime": {"datetime": "2021-09-28 16:10:34", "elapsed": 58.231203, "delta": 0.579005}}
{"target": -38.72738584168987, "params": {"C": 1057.8518410555619, "epsilon": 1.1036609589790602, "gamma": 0.009364232116911264}, "datetime": {"datetime": "2021-09-28 16:10:34", "elapsed": 58.773421, "delta": 0.542218}}
{"target": -37.29195687138932, "params": {"C": 907.5801115474387, "epsilon": 1.8193224597685147, "gamma": 0.0010799559895775053}, "datetime": {"datetime": "2021-09-28 16:10:35", "elapsed": 59.427106, "delta": 0.653685}}
{"target": -37.46239658149677, "params": {"C": 955.6218259768148, "epsilon": 0.8802474969883312, "gamma": 0.002012474475789148}, "datetime": {"datetime": "2021-09-28 16:10:36", "elapsed": 60.06809, "delta": 0.640984}}
{"target": -37.458908719609454, "params": {"C": 918.1519033730541, "epsilon": 1.8449163489971179, "gamma": 0.002004092834279384}, "datetime": {"datetime": "2021-09-28 16:10:36", "elapsed": 60.785755, "delta": 0.717665}}
{"target": -37.612011321594565, "params": {"C": 1000.631752946321, "epsilon": 0.9365684137680067, "gamma": 0.001595997768329792}, "datetime": {"datetime": "2021-09-28 16:10:37", "elapsed": 61.665676, "delta": 0.879921}}
{"target": -37.54504836267473, "params": {"C": 999.6963665828291, "epsilon": 1.2516564301177766, "gamma": 0.0015492003568334284}, "datetime": {"datetime": "2021-09-28 16:10:38", "elapsed": 62.280669, "delta": 0.614993}}
{"target": -37.13870678316468, "params": {"C": 959.7566190672974, "epsilon": 2.1883016508180155, "gamma": 0.004498681849648082}, "datetime": {"datetime": "2021-09-28 16:10:38", "elapsed": 62.864906, "delta": 0.584237}}
{"target": -36.97839056292856, "params": {"C": 910.4547449775725, "epsilon": 1.90827026287263, "gamma": 0.00427102205622934}, "datetime": {"datetime": "2021-09-28 16:10:39", "elapsed": 63.4359, "delta": 0.570994}}
{"target": -37.79206050186717, "params": {"C": 966.1904706482846, "epsilon": 1.8178443908893762, "gamma": 0.006864579275097978}, "datetime": {"datetime": "2021-09-28 16:10:40", "elapsed": 64.295738, "delta": 0.859838}}
{"target": -37.85250650733296, "params": {"C": 1054.005412982163, "epsilon": 0.8088376484262267, "gamma": 0.0057543154986016256}, "datetime": {"datetime": "2021-09-28 16:10:41", "elapsed": 65.191927, "delta": 0.896189}}
{"target": -37.621757759476736, "params": {"C": 1089.1096050452109, "epsilon": 1.9026957021393274, "gamma": 0.001958601358200676}, "datetime": {"datetime": "2021-09-28 16:10:41", "elapsed": 65.798926, "delta": 0.606999}}
{"target": -38.60616308567082, "params": {"C": 956.4934061407728, "epsilon": 1.2358507672705388, "gamma": 0.009458388764973766}, "datetime": {"datetime": "2021-09-28 16:10:42", "elapsed": 66.44893, "delta": 0.650004}}
{"target": -37.88321008599102, "params": {"C": 984.7315754807571, "epsilon": 2.5084686556355744, "gamma": 0.007047842171829428}, "datetime": {"datetime": "2021-09-28 16:10:43", "elapsed": 67.057741, "delta": 0.608811}}
{"target": -37.83282567531479, "params": {"C": 999.0439067241286, "epsilon": 0.8976812111791489, "gamma": 0.00641746929019922}, "datetime": {"datetime": "2021-09-28 16:10:43", "elapsed": 67.655707, "delta": 0.597966}}
{"target": -36.2427104933268, "params": {"C": 1077.9249256071234, "epsilon": 1.4415323664752138, "gamma": 0.00044121730396646917}, "datetime": {"datetime": "2021-09-28 16:10:44", "elapsed": 68.256703, "delta": 0.600996}}
{"target": -37.87137480814206, "params": {"C": 937.7883938084888, "epsilon": 0.7919386102059152, "gamma": 0.00756035456392986}, "datetime": {"datetime": "2021-09-28 16:10:44", "elapsed": 68.836289, "delta": 0.579586}}
{"target": -36.846900665452324, "params": {"C": 948.7625568497488, "epsilon": 0.11297764610385587, "gamma": 0.0007307666291599963}, "datetime": {"datetime": "2021-09-28 16:10:45", "elapsed": 69.454838, "delta": 0.618549}}
{"target": -37.31523904347695, "params": {"C": 990.3856274724935, "epsilon": 2.4636631457309446, "gamma": 0.001272921191454995}, "datetime": {"datetime": "2021-09-28 16:10:46", "elapsed": 70.164834, "delta": 0.709996}}
{"target": -38.70196528745597, "params": {"C": 967.9660707144485, "epsilon": 2.220564170796571, "gamma": 0.009572953355390436}, "datetime": {"datetime": "2021-09-28 16:10:47", "elapsed": 71.071761, "delta": 0.906927}}
{"target": -37.700646365034835, "params": {"C": 920.3876623544699, "epsilon": 0.14595880014570758, "gamma": 0.005685583734232041}, "datetime": {"datetime": "2021-09-28 16:10:47", "elapsed": 71.743756, "delta": 0.671995}}
{"target": -38.73133822233722, "params": {"C": 1040.7420972086816, "epsilon": 2.2499042654256596, "gamma": 0.009226950051696093}, "datetime": {"datetime": "2021-09-28 16:10:48", "elapsed": 72.333754, "delta": 0.589998}}
{"target": -36.82325846402499, "params": {"C": 1077.8364412314104, "epsilon": 1.8717760739758502, "gamma": 0.0033301751800328674}, "datetime": {"datetime": "2021-09-28 16:10:49", "elapsed": 73.173532, "delta": 0.839778}}
{"target": -37.051062709822816, "params": {"C": 1059.1915755170594, "epsilon": 0.9856244684566998, "gamma": 0.003879030875808862}, "datetime": {"datetime": "2021-09-28 16:10:49", "elapsed": 73.803541, "delta": 0.630009}}
{"target": -38.315551262761986, "params": {"C": 1043.641721658435, "epsilon": 0.4679704344763232, "gamma": 0.008399601721824744}, "datetime": {"datetime": "2021-09-28 16:10:50", "elapsed": 74.563536, "delta": 0.759995}}
{"target": -37.64938953625915, "params": {"C": 924.7713925709244, "epsilon": 1.206588984632852, "gamma": 0.0054988037907755406}, "datetime": {"datetime": "2021-09-28 16:10:51", "elapsed": 75.273079, "delta": 0.709543}}
{"target": -36.709120231059565, "params": {"C": 988.7005747959669, "epsilon": 2.228219779093752, "gamma": 0.0033569064393504863}, "datetime": {"datetime": "2021-09-28 16:10:51", "elapsed": 76.047077, "delta": 0.773998}}
{"target": -37.69211566048292, "params": {"C": 976.3108974500653, "epsilon": 1.6917397918077908, "gamma": 0.0058530521393395955}, "datetime": {"datetime": "2021-09-28 16:10:52", "elapsed": 76.751076, "delta": 0.703999}}
{"target": -37.173029119901045, "params": {"C": 937.2043990541066, "epsilon": 2.7927781068591013, "gamma": 0.002550598936931649}, "datetime": {"datetime": "2021-09-28 16:10:53", "elapsed": 77.585827, "delta": 0.834751}}
{"target": -37.04618218601614, "params": {"C": 912.7911823187873, "epsilon": 2.295557306527713, "gamma": 0.004491566079179118}, "datetime": {"datetime": "2021-09-28 16:10:54", "elapsed": 78.605856, "delta": 1.020029}}
{"target": -38.60538396887166, "params": {"C": 1015.5026824997061, "epsilon": 1.1607428991099067, "gamma": 0.009108784756909101}, "datetime": {"datetime": "2021-09-28 16:10:55", "elapsed": 79.302945, "delta": 0.697089}}
{"target": -36.96387382295502, "params": {"C": 1082.567270933829, "epsilon": 0.588262739695043, "gamma": 0.0035886788644905404}, "datetime": {"datetime": "2021-09-28 16:10:55", "elapsed": 79.955946, "delta": 0.653001}}
{"target": -37.4842278540051, "params": {"C": 940.7348549059637, "epsilon": 2.340088451107506, "gamma": 0.001760795990850952}, "datetime": {"datetime": "2021-09-28 16:10:56", "elapsed": 80.928905, "delta": 0.972959}}
{"target": -37.74332524228479, "params": {"C": 1011.1325572003353, "epsilon": 1.3111334083098647, "gamma": 0.0055793134932072925}, "datetime": {"datetime": "2021-09-28 16:10:57", "elapsed": 81.562117, "delta": 0.633212}}
{"target": -38.4700222111919, "params": {"C": 971.4398437828081, "epsilon": 0.8215906940084847, "gamma": 0.00913010460097555}, "datetime": {"datetime": "2021-09-28 16:10:58", "elapsed": 82.249112, "delta": 0.686995}}
{"target": -36.91735101665096, "params": {"C": 981.998224751685, "epsilon": 0.5131416937469101, "gamma": 0.003627958007692761}, "datetime": {"datetime": "2021-09-28 16:10:59", "elapsed": 83.347248, "delta": 1.098136}}
{"target": -37.3211442377588, "params": {"C": 1007.7264280360607, "epsilon": 0.08881829162546125, "gamma": 0.0023806921936446457}, "datetime": {"datetime": "2021-09-28 16:11:00", "elapsed": 84.110975, "delta": 0.763727}}
{"target": -38.340764841220384, "params": {"C": 998.3511032279451, "epsilon": 0.9705172909880242, "gamma": 0.008472339233627547}, "datetime": {"datetime": "2021-09-28 16:11:00", "elapsed": 84.864014, "delta": 0.753039}}
{"target": -37.30963196978616, "params": {"C": 1071.5569021392505, "epsilon": 1.6191495924279238, "gamma": 0.004339229518042519}, "datetime": {"datetime": "2021-09-28 16:11:01", "elapsed": 85.539229, "delta": 0.675215}}
{"target": -37.23743368687949, "params": {"C": 1099.6954485306005, "epsilon": 2.3996167873588052, "gamma": 0.0008384923756124037}, "datetime": {"datetime": "2021-09-28 16:11:02", "elapsed": 86.676187, "delta": 1.136958}}
{"target": -37.65113282250257, "params": {"C": 1019.63079386449, "epsilon": 1.5538531014021708, "gamma": 0.005126644540495422}, "datetime": {"datetime": "2021-09-28 16:11:03", "elapsed": 87.512898, "delta": 0.836711}}
{"target": -36.85602576989112, "params": {"C": 962.5005191257476, "epsilon": 0.18372059027707655, "gamma": 0.0028880228532130433}, "datetime": {"datetime": "2021-09-28 16:11:04", "elapsed": 88.179905, "delta": 0.667007}}
{"target": -38.120206337691926, "params": {"C": 1018.953930215601, "epsilon": 2.567432506600664, "gamma": 0.007443434595050468}, "datetime": {"datetime": "2021-09-28 16:11:04", "elapsed": 88.849897, "delta": 0.669992}}
{"target": -37.829299815130014, "params": {"C": 995.2677149838089, "epsilon": 1.6807353545016783, "gamma": 0.006766922401608359}, "datetime": {"datetime": "2021-09-28 16:11:05", "elapsed": 89.681248, "delta": 0.831351}}
