{"target": -43.970888984090905, "params": {"C": 44.59160677374525, "epsilon": 1.4415323664752138, "gamma": 0.03456294770061339}, "datetime": {"datetime": "2021-09-24 15:03:35", "elapsed": 97.678899, "delta": 0.590699}}
{"target": -43.96706298243008, "params": {"C": 44.645101637060534, "epsilon": 1.6562637455613718, "gamma": 0.03232859262921953}, "datetime": {"datetime": "2021-09-24 15:03:36", "elapsed": 98.639841, "delta": 0.960942}}
{"target": -43.65917117400983, "params": {"C": 22.57616079464656, "epsilon": 2.0817164729503466, "gamma": 0.048050839656991}, "datetime": {"datetime": "2021-09-24 15:03:37", "elapsed": 99.557836, "delta": 0.917995}}
{"target": -44.532900105435864, "params": {"C": 23.14447873076091, "epsilon": 2.4636631457309446, "gamma": 0.11856504033695449}, "datetime": {"datetime": "2021-09-24 15:03:37", "elapsed": 100.156652, "delta": 0.598816}}
{"target": -57.75504582764416, "params": {"C": 17.651687325039873, "epsilon": 2.220564170796571, "gamma": 0.956868288894434}, "datetime": {"datetime": "2021-09-24 15:03:38", "elapsed": 100.844302, "delta": 0.68765}}
{"target": -46.14862754748465, "params": {"C": 44.784885673074136, "epsilon": 1.4800083761946445, "gamma": 0.19825250373505038}, "datetime": {"datetime": "2021-09-24 15:03:39", "elapsed": 102.046928, "delta": 1.202626}}
{"target": -45.94840826770788, "params": {"C": 44.32730076199357, "epsilon": 1.518757369727278, "gamma": 0.1829475401584354}, "datetime": {"datetime": "2021-09-24 15:03:40", "elapsed": 102.969251, "delta": 0.922323}}
{"target": -46.57245712687258, "params": {"C": 44.55940988303742, "epsilon": 1.6077173292640299, "gamma": 0.22857255213670194}, "datetime": {"datetime": "2021-09-24 15:03:41", "elapsed": 103.976292, "delta": 1.007041}}
{"target": -48.252122635154116, "params": {"C": 40.00193600167952, "epsilon": 0.9856244684566998, "gamma": 0.3817821184566951}, "datetime": {"datetime": "2021-09-24 15:03:42", "elapsed": 104.607029, "delta": 0.630737}}
{"target": -45.69946487642752, "params": {"C": 22.16031975593756, "epsilon": 1.7851560220935396, "gamma": 0.17936391718398167}, "datetime": {"datetime": "2021-09-24 15:03:43", "elapsed": 105.637386, "delta": 1.030357}}
{"target": -57.94839918520712, "params": {"C": 44.77451303378507, "epsilon": 1.2842145730830903, "gamma": 0.0001}, "datetime": {"datetime": "2021-09-24 15:03:44", "elapsed": 106.982475, "delta": 1.345089}}
{"target": -44.00179444304185, "params": {"C": 40.910683121226924, "epsilon": 0.9518876626515002, "gamma": 0.06514948918256429}, "datetime": {"datetime": "2021-09-24 15:03:45", "elapsed": 107.81066, "delta": 0.828185}}
{"target": -45.89039538705753, "params": {"C": 40.84374849398233, "epsilon": 1.2057155821669245, "gamma": 0.19087795894276144}, "datetime": {"datetime": "2021-09-24 15:03:46", "elapsed": 109.082432, "delta": 1.271772}}
{"target": -43.79329089026433, "params": {"C": 40.947665939014385, "epsilon": 0.7033731710016458, "gamma": 0.053344046996406776}, "datetime": {"datetime": "2021-09-24 15:03:47", "elapsed": 110.206362, "delta": 1.12393}}
{"target": -46.68589282988224, "params": {"C": 40.94877632841087, "epsilon": 0.8037369351335208, "gamma": 0.25406565944415327}, "datetime": {"datetime": "2021-09-24 15:03:49", "elapsed": 111.409626, "delta": 1.203264}}
{"target": -43.93360117980741, "params": {"C": 44.44709815949386, "epsilon": 1.8023801250711293, "gamma": 0.05606829633856436}, "datetime": {"datetime": "2021-09-24 15:03:50", "elapsed": 112.643813, "delta": 1.234187}}
{"target": -44.16552634996451, "params": {"C": 44.44470644310859, "epsilon": 2.0538430851422866, "gamma": 0.07438623251754428}, "datetime": {"datetime": "2021-09-24 15:03:51", "elapsed": 113.68149, "delta": 1.037677}}
{"target": -57.98497920017409, "params": {"C": 44.637644871962806, "epsilon": 1.9277641160255172, "gamma": 0.0001}, "datetime": {"datetime": "2021-09-24 15:03:52", "elapsed": 114.750893, "delta": 1.069403}}
{"target": -46.02080838992724, "params": {"C": 44.327365151812494, "epsilon": 1.7938635044592683, "gamma": 0.18685780789350107}, "datetime": {"datetime": "2021-09-24 15:03:53", "elapsed": 115.90986, "delta": 1.158967}}
{"target": -46.39904095439277, "params": {"C": 44.390484109035285, "epsilon": 2.1148883437719657, "gamma": 0.21230934113186473}, "datetime": {"datetime": "2021-09-24 15:03:54", "elapsed": 116.710374, "delta": 0.800514}}
{"target": -43.77615862948505, "params": {"C": 41.20679492280829, "epsilon": 0.9047292421222042, "gamma": 0.04982794405762565}, "datetime": {"datetime": "2021-09-24 15:03:55", "elapsed": 117.887226, "delta": 1.176852}}
{"target": -44.773220500541704, "params": {"C": 41.16435344924445, "epsilon": 1.0635925913948963, "gamma": 0.10598139968678119}, "datetime": {"datetime": "2021-09-24 15:03:56", "elapsed": 118.848107, "delta": 0.960881}}
{"target": -57.97755059003377, "params": {"C": 44.45264927408737, "epsilon": 1.5890070706462414, "gamma": 0.0001}, "datetime": {"datetime": "2021-09-24 15:03:57", "elapsed": 119.823845, "delta": 0.975738}}
{"target": -44.128548869538385, "params": {"C": 44.23134472694575, "epsilon": 2.0841408207942127, "gamma": 0.021112627965928506}, "datetime": {"datetime": "2021-09-24 15:03:58", "elapsed": 120.950856, "delta": 1.127011}}
{"target": -46.83598794027853, "params": {"C": 44.47397035639413, "epsilon": 1.293625525538198, "gamma": 0.25133509290030587}, "datetime": {"datetime": "2021-09-24 15:04:00", "elapsed": 122.332815, "delta": 1.381959}}
{"target": -44.32725763452331, "params": {"C": 41.22654932880921, "epsilon": 0.6237794398558306, "gamma": 0.08717735115845174}, "datetime": {"datetime": "2021-09-24 15:04:01", "elapsed": 123.337023, "delta": 1.004208}}
{"target": -44.96035261596438, "params": {"C": 41.478095548829025, "epsilon": 0.6498638079625679, "gamma": 0.11642727026752711}, "datetime": {"datetime": "2021-09-24 15:04:02", "elapsed": 124.368895, "delta": 1.031872}}
{"target": -54.65189496427443, "params": {"C": 30.14371290282223, "epsilon": 2.567432506600664, "gamma": 0.7417868941000972}, "datetime": {"datetime": "2021-09-24 15:04:02", "elapsed": 125.033901, "delta": 0.665006}}
{"target": -43.79482430616984, "params": {"C": 41.39243989224654, "epsilon": 0.8089933847092723, "gamma": 0.0544887176066404}, "datetime": {"datetime": "2021-09-24 15:04:03", "elapsed": 126.172975, "delta": 1.139074}}
{"target": -46.44566579723788, "params": {"C": 41.27986154102208, "epsilon": 0.8012468596143607, "gamma": 0.23504177158272022}, "datetime": {"datetime": "2021-09-24 15:04:05", "elapsed": 127.378092, "delta": 1.205117}}
{"target": -43.89477903249454, "params": {"C": 44.2437444286935, "epsilon": 1.8912603999434794, "gamma": 0.030103627363854545}, "datetime": {"datetime": "2021-09-24 15:04:06", "elapsed": 128.49229, "delta": 1.114198}}
{"target": -44.92536690378748, "params": {"C": 41.573728764323064, "epsilon": 0.9396831076624024, "gamma": 0.11371139707547562}, "datetime": {"datetime": "2021-09-24 15:04:07", "elapsed": 129.332327, "delta": 0.840037}}
{"target": -57.92806547845534, "params": {"C": 15.261038467874634, "epsilon": 0.902727193455901, "gamma": 0.9199629960791177}, "datetime": {"datetime": "2021-09-24 15:04:07", "elapsed": 129.963345, "delta": 0.631018}}
{"target": -44.14634556462237, "params": {"C": 41.08765881064955, "epsilon": 0.4295256279160427, "gamma": 0.023475540677426535}, "datetime": {"datetime": "2021-09-24 15:04:09", "elapsed": 131.398784, "delta": 1.435439}}
{"target": -58.997767439763685, "params": {"C": 4.835138166900576, "epsilon": 1.2364929705274044, "gamma": 0.7706382473027762}, "datetime": {"datetime": "2021-09-24 15:04:09", "elapsed": 132.090289, "delta": 0.691505}}
{"target": -58.122818858696576, "params": {"C": 41.32990447291681, "epsilon": 0.4246207630660924, "gamma": 0.0001}, "datetime": {"datetime": "2021-09-24 15:04:11", "elapsed": 133.381043, "delta": 1.290754}}
{"target": -45.55940711536026, "params": {"C": 40.99360015347192, "epsilon": 0.5199860884664288, "gamma": 0.167033653167039}, "datetime": {"datetime": "2021-09-24 15:04:12", "elapsed": 134.91815, "delta": 1.537107}}
{"target": -43.91819865309461, "params": {"C": 46.50673781578812, "epsilon": 0.39229572486612174, "gamma": 0.015644497629912654}, "datetime": {"datetime": "2021-09-24 15:04:13", "elapsed": 135.629328, "delta": 0.711178}}
{"target": -48.71653246490013, "params": {"C": 33.785882625216125, "epsilon": 1.598625621234893, "gamma": 0.3824865719429286}, "datetime": {"datetime": "2021-09-24 15:04:14", "elapsed": 136.414274, "delta": 0.784946}}
{"target": -47.16044702423538, "params": {"C": 46.34118051156183, "epsilon": 0.5680516127093954, "gamma": 0.28572683257702347}, "datetime": {"datetime": "2021-09-24 15:04:14", "elapsed": 137.132037, "delta": 0.717763}}
{"target": -57.875817421916814, "params": {"C": 46.53497201915253, "epsilon": 0.6049283440410943, "gamma": 0.0001}, "datetime": {"datetime": "2021-09-24 15:04:16", "elapsed": 138.279707, "delta": 1.14767}}
{"target": -48.22711826073114, "params": {"C": 40.00575014626812, "epsilon": 1.0043731421706454, "gamma": 0.37962859683780625}, "datetime": {"datetime": "2021-09-24 15:04:16", "elapsed": 138.956509, "delta": 0.676802}}
{"target": -43.824676476011774, "params": {"C": 46.46812763073496, "epsilon": 0.2170230809369597, "gamma": 0.051424599129004975}, "datetime": {"datetime": "2021-09-24 15:04:17", "elapsed": 140.189526, "delta": 1.233017}}
{"target": -46.84572534089091, "params": {"C": 41.58992366469666, "epsilon": 0.7265764467829499, "gamma": 0.2661215884263522}, "datetime": {"datetime": "2021-09-24 15:04:19", "elapsed": 141.531102, "delta": 1.341576}}
{"target": -45.216176204941966, "params": {"C": 39.134171727059105, "epsilon": 1.3738823576897299, "gamma": 0.13809874707155922}, "datetime": {"datetime": "2021-09-24 15:04:19", "elapsed": 142.225104, "delta": 0.694002}}
{"target": -58.252234208596455, "params": {"C": 13.486467903609899, "epsilon": 1.7429587294066236, "gamma": 0.9445852964764407}, "datetime": {"datetime": "2021-09-24 15:04:20", "elapsed": 142.926105, "delta": 0.701001}}
{"target": -43.73084822492398, "params": {"C": 41.389314609998095, "epsilon": 1.1444938347830407, "gamma": 0.010107671826287296}, "datetime": {"datetime": "2021-09-24 15:04:23", "elapsed": 145.337147, "delta": 2.411042}}
{"target": -43.975562720633846, "params": {"C": 40.79900810365129, "epsilon": 0.550056572980742, "gamma": 0.007828341386940807}, "datetime": {"datetime": "2021-09-24 15:04:24", "elapsed": 146.320529, "delta": 0.983382}}
{"target": -58.1437063400074, "params": {"C": 40.899684680787885, "epsilon": 0.34392763280740063, "gamma": 0.0001}, "datetime": {"datetime": "2021-09-24 15:04:26", "elapsed": 148.525912, "delta": 2.205383}}
{"target": -55.44595770025864, "params": {"C": 13.57438957262725, "epsilon": 0.09477646555553829, "gamma": 0.577008634973064}, "datetime": {"datetime": "2021-09-24 15:04:27", "elapsed": 149.300508, "delta": 0.774596}}
{"target": -43.86060264193631, "params": {"C": 22.46649974491681, "epsilon": 1.6789048113114855, "gamma": 0.025153217519690015}, "datetime": {"datetime": "2021-09-24 15:04:27", "elapsed": 150.107551, "delta": 0.807043}}
{"target": -45.81175116538195, "params": {"C": 41.38541034743627, "epsilon": 1.0444757286475865, "gamma": 0.1829483453820085}, "datetime": {"datetime": "2021-09-24 15:04:28", "elapsed": 151.203731, "delta": 1.09618}}
{"target": -57.883860210987066, "params": {"C": 46.65543709400614, "epsilon": 0.2557402563400475, "gamma": 0.0001}, "datetime": {"datetime": "2021-09-24 15:04:30", "elapsed": 152.427703, "delta": 1.223972}}
{"target": -44.098649379345524, "params": {"C": 46.37592877571988, "epsilon": 0.30228161111985635, "gamma": 0.06216516103810516}, "datetime": {"datetime": "2021-09-24 15:04:31", "elapsed": 153.674523, "delta": 1.24682}}
{"target": -48.07273844519302, "params": {"C": 44.243479570419694, "epsilon": 1.4656624707727302, "gamma": 0.3840846375402273}, "datetime": {"datetime": "2021-09-24 15:04:32", "elapsed": 154.615315, "delta": 0.940792}}
{"target": -44.70780868090596, "params": {"C": 41.37355533692039, "epsilon": 1.372264180917046, "gamma": 0.10323600510955462}, "datetime": {"datetime": "2021-09-24 15:04:33", "elapsed": 155.943251, "delta": 1.327936}}
{"target": -45.99184089070693, "params": {"C": 44.10067117292121, "epsilon": 1.9958832734573753, "gamma": 0.18266698917210228}, "datetime": {"datetime": "2021-09-24 15:04:35", "elapsed": 157.549675, "delta": 1.606424}}
{"target": -44.47779220411451, "params": {"C": 40.83739213087491, "epsilon": 1.2401987461400366, "gamma": 0.0041714249309724085}, "datetime": {"datetime": "2021-09-24 15:04:36", "elapsed": 158.783762, "delta": 1.234087}}
{"target": -44.13016158880892, "params": {"C": 41.5789376786313, "epsilon": 1.2321641360506999, "gamma": 0.07153486399859724}, "datetime": {"datetime": "2021-09-24 15:04:37", "elapsed": 159.994118, "delta": 1.210356}}
{"target": -52.26231325323375, "params": {"C": 4.109108362698761, "epsilon": 2.8164426665473057, "gamma": 0.20950064390770348}, "datetime": {"datetime": "2021-09-24 15:04:38", "elapsed": 160.766531, "delta": 0.772413}}
{"target": -43.99283678593603, "params": {"C": 41.12284242562078, "epsilon": 1.4233909134206, "gamma": 0.01774766953524429}, "datetime": {"datetime": "2021-09-24 15:04:39", "elapsed": 162.028286, "delta": 1.261755}}
{"target": -44.0187249813833, "params": {"C": 40.839194841482296, "epsilon": 1.4174956600211455, "gamma": 0.06513159527698205}, "datetime": {"datetime": "2021-09-24 15:04:41", "elapsed": 163.71214, "delta": 1.683854}}
{"target": -46.019479267087966, "params": {"C": 41.015057124340366, "epsilon": 1.529852677960557, "gamma": 0.19980573557272538}, "datetime": {"datetime": "2021-09-24 15:04:42", "elapsed": 164.996031, "delta": 1.283891}}
{"target": -44.443172189933904, "params": {"C": 41.122599617174835, "epsilon": 0.5991111032099646, "gamma": 0.005042636109647633}, "datetime": {"datetime": "2021-09-24 15:04:44", "elapsed": 167.021594, "delta": 2.025563}}
{"target": -46.75562218176774, "params": {"C": 46.45254432161844, "epsilon": 0.29117095191553216, "gamma": 0.24882036804742974}, "datetime": {"datetime": "2021-09-24 15:04:46", "elapsed": 168.6192, "delta": 1.597606}}
{"target": -58.14364962168339, "params": {"C": 40.63651169484286, "epsilon": 0.647651376530927, "gamma": 0.0001}, "datetime": {"datetime": "2021-09-24 15:04:47", "elapsed": 169.757276, "delta": 1.138076}}
{"target": -44.61567365712171, "params": {"C": 41.226658126239464, "epsilon": 1.2771853020200852, "gamma": 0.0983065632038967}, "datetime": {"datetime": "2021-09-24 15:04:49", "elapsed": 171.27499, "delta": 1.517714}}
{"target": -43.993796432493134, "params": {"C": 44.80438922078146, "epsilon": 1.6152625866656984, "gamma": 0.03758617280511539}, "datetime": {"datetime": "2021-09-24 15:04:50", "elapsed": 173.134355, "delta": 1.859365}}
{"target": -43.97978072601967, "params": {"C": 22.166945238963947, "epsilon": 1.5565642830462063, "gamma": 0.08586227216950847}, "datetime": {"datetime": "2021-09-24 15:04:52", "elapsed": 174.916096, "delta": 1.781741}}
{"target": -44.011654980438415, "params": {"C": 41.0159664117785, "epsilon": 1.189510919135861, "gamma": 0.024600685457657073}, "datetime": {"datetime": "2021-09-24 15:04:54", "elapsed": 176.37335, "delta": 1.457254}}
{"target": -46.54038884354033, "params": {"C": 22.37903538772058, "epsilon": 1.52160284198637, "gamma": 0.22532084557964574}, "datetime": {"datetime": "2021-09-24 15:04:55", "elapsed": 177.804823, "delta": 1.431473}}
{"target": -44.01424595758018, "params": {"C": 40.888310884439555, "epsilon": 1.6819252624892496, "gamma": 0.06423642731050241}, "datetime": {"datetime": "2021-09-24 15:04:56", "elapsed": 179.111018, "delta": 1.306195}}
{"target": -44.68531952138912, "params": {"C": 40.67108198912686, "epsilon": 1.688415385843856, "gamma": 0.1021539754987311}, "datetime": {"datetime": "2021-09-24 15:04:58", "elapsed": 180.682482, "delta": 1.571464}}
{"target": -47.59694730327279, "params": {"C": 14.414513444891387, "epsilon": 0.005911889004727294, "gamma": 0.21923364113363147}, "datetime": {"datetime": "2021-09-24 15:04:59", "elapsed": 181.705151, "delta": 1.022669}}
{"target": -44.03925967394259, "params": {"C": 41.29176756113586, "epsilon": 1.6153063052834198, "gamma": 0.06499107648615249}, "datetime": {"datetime": "2021-09-24 15:05:01", "elapsed": 183.494483, "delta": 1.789332}}
{"target": -44.129057650412626, "params": {"C": 41.10229095710672, "epsilon": 1.6411615908054007, "gamma": 0.07333570335604442}, "datetime": {"datetime": "2021-09-24 15:05:02", "elapsed": 184.831779, "delta": 1.337296}}
{"target": -58.12855621224614, "params": {"C": 41.05095924885529, "epsilon": 1.8603150920941611, "gamma": 0.0001}, "datetime": {"datetime": "2021-09-24 15:05:04", "elapsed": 186.539582, "delta": 1.707803}}
{"target": -47.66285162960128, "params": {"C": 40.75615063544022, "epsilon": 1.5454174677305061, "gamma": 0.0014273673235367425}, "datetime": {"datetime": "2021-09-24 15:05:06", "elapsed": 188.791671, "delta": 2.252089}}
{"target": -46.09463422727921, "params": {"C": 41.52384300739946, "epsilon": 1.553823645129864, "gamma": 0.20414666301891068}, "datetime": {"datetime": "2021-09-24 15:05:08", "elapsed": 190.372635, "delta": 1.580964}}
{"target": -47.17598216045537, "params": {"C": 41.258033937460404, "epsilon": 1.492573503995398, "gamma": 0.29271581226469673}, "datetime": {"datetime": "2021-09-24 15:05:09", "elapsed": 191.94273, "delta": 1.570095}}
{"target": -46.5978458039636, "params": {"C": 40.77380878965934, "epsilon": 1.4797823049440515, "gamma": 0.2414774677011803}, "datetime": {"datetime": "2021-09-24 15:05:12", "elapsed": 194.909284, "delta": 2.966554}}
{"target": -58.08445286102333, "params": {"C": 41.5668167019021, "epsilon": 1.4430982722946484, "gamma": 0.0001}, "datetime": {"datetime": "2021-09-24 15:05:14", "elapsed": 196.349811, "delta": 1.440527}}
{"target": -46.11530642847443, "params": {"C": 5.900586827335745, "epsilon": 1.541499851408484, "gamma": 0.022614003919349063}, "datetime": {"datetime": "2021-09-24 15:05:15", "elapsed": 197.335856, "delta": 0.986045}}
{"target": -46.22893842699817, "params": {"C": 41.754476942149964, "epsilon": 1.2052872984832927, "gamma": 0.21526527365103834}, "datetime": {"datetime": "2021-09-24 15:05:16", "elapsed": 198.56186, "delta": 1.226004}}
{"target": -54.08329634284672, "params": {"C": 48.93327413848313, "epsilon": 1.2369986386141127, "gamma": 0.8388992118141739}, "datetime": {"datetime": "2021-09-24 15:05:17", "elapsed": 199.519865, "delta": 0.958005}}
{"target": -46.917841441956135, "params": {"C": 41.48856258641627, "epsilon": 1.2719369167534251, "gamma": 0.2660346015761839}, "datetime": {"datetime": "2021-09-24 15:05:18", "elapsed": 200.789856, "delta": 1.269991}}
{"target": -46.32472781215837, "params": {"C": 25.464540044970843, "epsilon": 1.6856467414076397, "gamma": 0.22386731417073868}, "datetime": {"datetime": "2021-09-24 15:05:19", "elapsed": 201.720886, "delta": 0.93103}}
{"target": -44.96353365104399, "params": {"C": 36.211951025410684, "epsilon": 1.923897075806904, "gamma": 0.0034989385409585085}, "datetime": {"datetime": "2021-09-24 15:05:20", "elapsed": 202.692912, "delta": 0.972026}}
{"target": -52.32887354204556, "params": {"C": 24.58781644346645, "epsilon": 0.006353635997356216, "gamma": 0.49816173194291163}, "datetime": {"datetime": "2021-09-24 15:05:21", "elapsed": 203.641922, "delta": 0.94901}}
{"target": -43.78719735878924, "params": {"C": 46.32429112837614, "epsilon": 0.07394077307544095, "gamma": 0.0485786478356114}, "datetime": {"datetime": "2021-09-24 15:05:24", "elapsed": 206.344316, "delta": 2.702394}}
{"target": -47.25374789317756, "params": {"C": 40.715670496152306, "epsilon": 1.7319804618429664, "gamma": 0.30155444233029166}, "datetime": {"datetime": "2021-09-24 15:05:25", "elapsed": 208.161546, "delta": 1.81723}}
{"target": -44.027952953105164, "params": {"C": 40.47494055940094, "epsilon": 1.8127091851926556, "gamma": 0.06591995728382584}, "datetime": {"datetime": "2021-09-24 15:05:27", "elapsed": 210.060591, "delta": 1.899045}}
{"target": -46.09433838585009, "params": {"C": 40.55172355085949, "epsilon": 1.9412406117466365, "gamma": 0.2033051190405917}, "datetime": {"datetime": "2021-09-24 15:05:30", "elapsed": 212.368538, "delta": 2.307947}}
{"target": -45.85122848100448, "params": {"C": 40.3038439586596, "epsilon": 1.7650946065435882, "gamma": 0.18324380541493576}, "datetime": {"datetime": "2021-09-24 15:05:32", "elapsed": 214.587358, "delta": 2.21882}}
{"target": -43.638702413356334, "params": {"C": 25.47537745030891, "epsilon": 1.457669878620289, "gamma": 0.047468295757182956}, "datetime": {"datetime": "2021-09-24 15:05:34", "elapsed": 216.621408, "delta": 2.03405}}
{"target": -46.55156845228435, "params": {"C": 25.31778304064435, "epsilon": 1.477577964058468, "gamma": 0.23594107856604962}, "datetime": {"datetime": "2021-09-24 15:05:36", "elapsed": 218.317969, "delta": 1.696561}}
{"target": -50.902587750467106, "params": {"C": 17.281203964763336, "epsilon": 2.4276145298472636, "gamma": 0.3635326467125709}, "datetime": {"datetime": "2021-09-24 15:05:37", "elapsed": 219.501302, "delta": 1.183333}}
{"target": -45.88760679853683, "params": {"C": 25.60097258855599, "epsilon": 1.4103858329409804, "gamma": 0.1985114724078551}, "datetime": {"datetime": "2021-09-24 15:05:38", "elapsed": 220.851068, "delta": 1.349766}}
{"target": -44.06085404999565, "params": {"C": 22.363936823187554, "epsilon": 1.3594411197951677, "gamma": 0.01211035080295936}, "datetime": {"datetime": "2021-09-24 15:05:40", "elapsed": 223.17834, "delta": 2.327272}}
{"target": -43.70364030831402, "params": {"C": 41.437119267959645, "epsilon": 0.9750407176146098, "gamma": 0.011166868187645044}, "datetime": {"datetime": "2021-09-24 15:05:44", "elapsed": 226.364591, "delta": 3.186251}}
{"target": -58.01534924928465, "params": {"C": 44.37550848303833, "epsilon": 2.2542243781976454, "gamma": 0.0001}, "datetime": {"datetime": "2021-09-24 15:05:47", "elapsed": 229.714518, "delta": 3.349927}}
