{"target": -44.563813584467105, "params": {"C": 40.11782944523151, "epsilon": 1.1714076174216537, "gamma": 0.06249476251872697}, "datetime": {"datetime": "2021-09-24 15:38:55", "elapsed": 611.463607, "delta": 4.994553}}
{"target": -43.97204174719896, "params": {"C": 31.198160673760658, "epsilon": 1.077438403162022, "gamma": 0.045405265211249275}, "datetime": {"datetime": "2021-09-24 15:39:00", "elapsed": 617.035462, "delta": 5.571855}}
{"target": -44.08748456026534, "params": {"C": 40.248283581962255, "epsilon": 1.691078369911398, "gamma": 0.00261789153551224}, "datetime": {"datetime": "2021-09-24 15:39:05", "elapsed": 621.315609, "delta": 4.280147}}
{"target": -45.01731793530081, "params": {"C": 40.08822243967587, "epsilon": 1.3486062766642288, "gamma": 0.07616310835191778}, "datetime": {"datetime": "2021-09-24 15:39:09", "elapsed": 626.228548, "delta": 4.912939}}
{"target": -43.7083968444944, "params": {"C": 48.257638475942876, "epsilon": 1.5883339317610816, "gamma": 0.029877557694285777}, "datetime": {"datetime": "2021-09-24 15:39:12", "elapsed": 628.486231, "delta": 2.257683}}
{"target": -43.61558764098925, "params": {"C": 31.11579742226758, "epsilon": 1.1613682687391607, "gamma": 0.02229341638696014}, "datetime": {"datetime": "2021-09-24 15:39:16", "elapsed": 632.868541, "delta": 4.38231}}
{"target": -45.15624962358934, "params": {"C": 36.884340026173106, "epsilon": 1.68504110633597, "gamma": 0.07918799586536027}, "datetime": {"datetime": "2021-09-24 15:39:21", "elapsed": 637.40663, "delta": 4.538089}}
{"target": -45.03484477339127, "params": {"C": 29.344066550029964, "epsilon": 2.2341639766254406, "gamma": 0.07787709965320423}, "datetime": {"datetime": "2021-09-24 15:39:23", "elapsed": 640.005568, "delta": 2.598938}}
{"target": -47.79823861693485, "params": {"C": 40.11672274114598, "epsilon": 1.1030585634258823, "gamma": 0.0007}, "datetime": {"datetime": "2021-09-24 15:39:28", "elapsed": 644.399984, "delta": 4.394416}}
{"target": -43.37121693291825, "params": {"C": 40.17417071016699, "epsilon": 1.2052128932615171, "gamma": 0.008912341090282723}, "datetime": {"datetime": "2021-09-24 15:39:31", "elapsed": 648.100057, "delta": 3.700073}}
{"target": -43.3527317903473, "params": {"C": 40.73548057320137, "epsilon": 1.6796834682546884, "gamma": 0.00912440212687237}, "datetime": {"datetime": "2021-09-24 15:39:36", "elapsed": 652.239744, "delta": 4.139687}}
{"target": -43.20843487935294, "params": {"C": 40.73665996367762, "epsilon": 1.7471927209924412, "gamma": 0.011365201876973789}, "datetime": {"datetime": "2021-09-24 15:39:40", "elapsed": 656.666637, "delta": 4.426893}}
{"target": -43.67558012815864, "params": {"C": 48.47358970796109, "epsilon": 3.1567431965236983, "gamma": 0.035708349007888274}, "datetime": {"datetime": "2021-09-24 15:39:44", "elapsed": 660.54931, "delta": 3.882673}}
{"target": -43.48157270831825, "params": {"C": 27.42321178195434, "epsilon": 1.9573475147003618, "gamma": 0.016313201157807176}, "datetime": {"datetime": "2021-09-24 15:39:46", "elapsed": 662.652561, "delta": 2.103251}}
{"target": -43.29100140938746, "params": {"C": 36.037882360900824, "epsilon": 1.4455677475045228, "gamma": 0.01168607717183192}, "datetime": {"datetime": "2021-09-24 15:39:51", "elapsed": 667.842766, "delta": 5.190205}}
{"target": -44.01333090098296, "params": {"C": 45.0516442500372, "epsilon": 2.3030522220529708, "gamma": 0.04890980853903298}, "datetime": {"datetime": "2021-09-24 15:39:53", "elapsed": 670.177982, "delta": 2.335216}}
{"target": -43.4156677206218, "params": {"C": 31.041513032481827, "epsilon": 0.863935233846182, "gamma": 0.009387025201871856}, "datetime": {"datetime": "2021-09-24 15:40:01", "elapsed": 677.280623, "delta": 7.102641}}
{"target": -43.4899576479181, "params": {"C": 41.88318224943877, "epsilon": 2.9189018459276332, "gamma": 0.018035349847708992}, "datetime": {"datetime": "2021-09-24 15:40:03", "elapsed": 680.08699, "delta": 2.806367}}
{"target": -44.02851800247944, "params": {"C": 49.353248504734665, "epsilon": 2.790180796878529, "gamma": 0.0022880490629441333}, "datetime": {"datetime": "2021-09-24 15:40:08", "elapsed": 685.120122, "delta": 5.033132}}
{"target": -46.14898265598103, "params": {"C": 14.087837272122664, "epsilon": 1.0809257195785016, "gamma": 0.0034563589662597416}, "datetime": {"datetime": "2021-09-24 15:40:11", "elapsed": 688.076927, "delta": 2.956805}}
{"target": -45.14089772033657, "params": {"C": 44.55231088285914, "epsilon": 2.075818319703226, "gamma": 0.0855603930466561}, "datetime": {"datetime": "2021-09-24 15:40:17", "elapsed": 694.079267, "delta": 6.00234}}
{"target": -43.46744459425406, "params": {"C": 24.576894142731465, "epsilon": 3.882482021193154, "gamma": 0.020366864927395666}, "datetime": {"datetime": "2021-09-24 15:40:22", "elapsed": 698.329492, "delta": 4.250225}}
{"target": -43.74838773858578, "params": {"C": 24.583922347139634, "epsilon": 3.800759326426354, "gamma": 0.028246921257176004}, "datetime": {"datetime": "2021-09-24 15:40:26", "elapsed": 702.370364, "delta": 4.040872}}
{"target": -44.06578955387034, "params": {"C": 24.323863499268885, "epsilon": 3.8835399651284495, "gamma": 0.040700884577534326}, "datetime": {"datetime": "2021-09-24 15:40:30", "elapsed": 707.218293, "delta": 4.847929}}
{"target": -43.56185549329237, "params": {"C": 24.68153176320913, "epsilon": 3.6527324273231057, "gamma": 0.024216927723034923}, "datetime": {"datetime": "2021-09-24 15:40:36", "elapsed": 713.061387, "delta": 5.843094}}
{"target": -45.3449562348738, "params": {"C": 17.35326035674794, "epsilon": 3.2297547148346064, "gamma": 0.0848390233065334}, "datetime": {"datetime": "2021-09-24 15:40:39", "elapsed": 716.176734, "delta": 3.115347}}
{"target": -45.75255462750863, "params": {"C": 5.9774985315888465, "epsilon": 0.28041829175303123, "gamma": 0.028631117934416604}, "datetime": {"datetime": "2021-09-24 15:40:42", "elapsed": 718.454603, "delta": 2.277869}}
{"target": -43.77627229905617, "params": {"C": 21.236613784954745, "epsilon": 0.8632757315808681, "gamma": 0.023847883342208467}, "datetime": {"datetime": "2021-09-24 15:40:46", "elapsed": 722.993699, "delta": 4.539096}}
{"target": -45.739880488209984, "params": {"C": 24.6873651296086, "epsilon": 3.7229713832240865, "gamma": 0.09357882952058391}, "datetime": {"datetime": "2021-09-24 15:40:52", "elapsed": 728.595295, "delta": 5.601596}}
{"target": -47.07872019882532, "params": {"C": 49.19421852214986, "epsilon": 0.1256166977648948, "gamma": 0.0007}, "datetime": {"datetime": "2021-09-24 15:41:00", "elapsed": 736.333107, "delta": 7.737812}}
{"target": -43.375482593594064, "params": {"C": 40.751095538100714, "epsilon": 1.7997523038624872, "gamma": 0.009374488034533945}, "datetime": {"datetime": "2021-09-24 15:41:04", "elapsed": 741.193823, "delta": 4.860716}}
{"target": -44.7658145797202, "params": {"C": 21.118083681650337, "epsilon": 3.8530297297789993, "gamma": 0.06152023043827006}, "datetime": {"datetime": "2021-09-24 15:41:07", "elapsed": 743.391012, "delta": 2.197189}}
{"target": -43.862992357719584, "params": {"C": 40.03033129003681, "epsilon": 1.21328999272819, "gamma": 0.030253365070529725}, "datetime": {"datetime": "2021-09-24 15:41:12", "elapsed": 748.922413, "delta": 5.531401}}
{"target": -43.78950006523043, "params": {"C": 49.32102793448888, "epsilon": 0.15208996029673671, "gamma": 0.035821128601837705}, "datetime": {"datetime": "2021-09-24 15:41:16", "elapsed": 753.195594, "delta": 4.273181}}
{"target": -44.086304477026786, "params": {"C": 40.19985445174802, "epsilon": 1.1680801921454897, "gamma": 0.05119171770449443}, "datetime": {"datetime": "2021-09-24 15:41:21", "elapsed": 757.915874, "delta": 4.72028}}
{"target": -43.62041275888067, "params": {"C": 31.433616360136497, "epsilon": 1.3231309504604623, "gamma": 0.022396822632128197}, "datetime": {"datetime": "2021-09-24 15:41:27", "elapsed": 763.590075, "delta": 5.674201}}
{"target": -44.672629889654885, "params": {"C": 49.3506096522773, "epsilon": 2.7574009714455063, "gamma": 0.07390656539860192}, "datetime": {"datetime": "2021-09-24 15:41:32", "elapsed": 768.285381, "delta": 4.695306}}
{"target": -44.5871746285555, "params": {"C": 26.466508425082466, "epsilon": 3.7400366400467164, "gamma": 0.061945474952804364}, "datetime": {"datetime": "2021-09-24 15:41:34", "elapsed": 770.523215, "delta": 2.237834}}
{"target": -44.72506655977357, "params": {"C": 24.62899054162377, "epsilon": 3.878253162248098, "gamma": 0.06801700841165757}, "datetime": {"datetime": "2021-09-24 15:41:38", "elapsed": 774.522413, "delta": 3.999198}}
{"target": -44.26249227146714, "params": {"C": 43.06323541388965, "epsilon": 0.2548784148784512, "gamma": 0.05417816051215183}, "datetime": {"datetime": "2021-09-24 15:41:40", "elapsed": 776.465404, "delta": 1.942991}}
{"target": -43.273747632941216, "params": {"C": 40.57442684166952, "epsilon": 1.6915835036836329, "gamma": 0.015013777911531892}, "datetime": {"datetime": "2021-09-24 15:41:46", "elapsed": 783.141992, "delta": 6.676588}}
{"target": -43.71485961924524, "params": {"C": 36.12809670944876, "epsilon": 1.2809723061947202, "gamma": 0.0276085001329625}, "datetime": {"datetime": "2021-09-24 15:41:50", "elapsed": 787.059551, "delta": 3.917559}}
{"target": -43.8600355119131, "params": {"C": 40.60680242145511, "epsilon": 1.7437345414549499, "gamma": 0.031158828057691015}, "datetime": {"datetime": "2021-09-24 15:41:55", "elapsed": 791.669548, "delta": 4.609997}}
{"target": -43.47688665720768, "params": {"C": 28.756741286921567, "epsilon": 0.5513167461752684, "gamma": 0.008615256820343089}, "datetime": {"datetime": "2021-09-24 15:42:00", "elapsed": 796.482029, "delta": 4.812481}}
{"target": -44.87363259893598, "params": {"C": 28.743332363732424, "epsilon": 0.5309121569613611, "gamma": 0.0748772411322629}, "datetime": {"datetime": "2021-09-24 15:42:04", "elapsed": 800.841586, "delta": 4.359557}}
{"target": -45.61677402351835, "params": {"C": 21.4088019270289, "epsilon": 0.9275995919026676, "gamma": 0.002776573187553722}, "datetime": {"datetime": "2021-09-24 15:42:09", "elapsed": 805.604596, "delta": 4.76301}}
{"target": -44.758178643098894, "params": {"C": 48.656162538241645, "epsilon": 1.935284959297938, "gamma": 0.07424645669667244}, "datetime": {"datetime": "2021-09-24 15:42:13", "elapsed": 809.833574, "delta": 4.228978}}
{"target": -43.137156796160475, "params": {"C": 49.288630751655674, "epsilon": 0.21489010760641789, "gamma": 0.011026639147382312}, "datetime": {"datetime": "2021-09-24 15:42:19", "elapsed": 815.801021, "delta": 5.967447}}
{"target": -44.64784316387399, "params": {"C": 31.370124585663397, "epsilon": 1.2553202983495966, "gamma": 0.06804652274748359}, "datetime": {"datetime": "2021-09-24 15:42:24", "elapsed": 820.793125, "delta": 4.992104}}
{"target": -43.4415581412568, "params": {"C": 28.202791584183462, "epsilon": 1.4589612546553594, "gamma": 0.013902399241349471}, "datetime": {"datetime": "2021-09-24 15:42:26", "elapsed": 823.158379, "delta": 2.365254}}
{"target": -43.67177318056244, "params": {"C": 47.797345289583916, "epsilon": 2.1567346789775423, "gamma": 0.0028091783741515555}, "datetime": {"datetime": "2021-09-24 15:42:32", "elapsed": 828.329969, "delta": 5.17159}}
{"target": -43.333081675150225, "params": {"C": 49.55666528616598, "epsilon": 3.037099384183426, "gamma": 0.014277455353995055}, "datetime": {"datetime": "2021-09-24 15:42:36", "elapsed": 832.84534, "delta": 4.515371}}
{"target": -45.8431860498269, "params": {"C": 25.430764020606208, "epsilon": 1.7164402204728366, "gamma": 0.09872343963072387}, "datetime": {"datetime": "2021-09-24 15:42:38", "elapsed": 835.154205, "delta": 2.308865}}
{"target": -47.332883394992606, "params": {"C": 4.594738322207147, "epsilon": 1.3439705142381377, "gamma": 0.05419958115888218}, "datetime": {"datetime": "2021-09-24 15:42:41", "elapsed": 837.639605, "delta": 2.4854}}
{"target": -45.102606022924775, "params": {"C": 40.535190051092115, "epsilon": 1.6759997940904117, "gamma": 0.08065469740654363}, "datetime": {"datetime": "2021-09-24 15:42:46", "elapsed": 842.76241, "delta": 5.122805}}
{"target": -43.32652480873071, "params": {"C": 44.57789657882077, "epsilon": 2.1652827008147963, "gamma": 0.0075830618673560545}, "datetime": {"datetime": "2021-09-24 15:42:51", "elapsed": 847.258503, "delta": 4.496093}}
{"target": -47.00848402182033, "params": {"C": 48.45047035036074, "epsilon": 2.2121995280090383, "gamma": 0.0007}, "datetime": {"datetime": "2021-09-24 15:42:55", "elapsed": 851.819947, "delta": 4.561444}}
{"target": -50.08468188726554, "params": {"C": 24.668462573950215, "epsilon": 3.718236859114098, "gamma": 0.0007}, "datetime": {"datetime": "2021-09-24 15:43:03", "elapsed": 860.070229, "delta": 8.250282}}
{"target": -43.80736477591482, "params": {"C": 32.65581429247881, "epsilon": 3.30966808663141, "gamma": 0.0275132343165239}, "datetime": {"datetime": "2021-09-24 15:43:09", "elapsed": 866.162509, "delta": 6.09228}}
{"target": -43.88276048980526, "params": {"C": 35.914664117516445, "epsilon": 1.0997964927015063, "gamma": 0.032402313276408454}, "datetime": {"datetime": "2021-09-24 15:43:14", "elapsed": 870.873782, "delta": 4.711273}}
{"target": -43.8837260288385, "params": {"C": 20.813786115789473, "epsilon": 1.5922265837467835, "gamma": 0.006887074667281565}, "datetime": {"datetime": "2021-09-24 15:43:16", "elapsed": 873.155307, "delta": 2.281525}}
{"target": -44.88090338556308, "params": {"C": 49.57723801919753, "epsilon": 2.9934842719236316, "gamma": 0.0014448013471626124}, "datetime": {"datetime": "2021-09-24 15:43:21", "elapsed": 877.453904, "delta": 4.298597}}
{"target": -44.00412457114116, "params": {"C": 24.76951103260304, "epsilon": 3.738743493289953, "gamma": 0.036787771571426583}, "datetime": {"datetime": "2021-09-24 15:43:25", "elapsed": 882.030514, "delta": 4.57661}}
{"target": -46.97360465335946, "params": {"C": 8.716878576580463, "epsilon": 0.6327521613358482, "gamma": 0.08587508386073767}, "datetime": {"datetime": "2021-09-24 15:43:28", "elapsed": 884.605244, "delta": 2.57473}}
{"target": -43.31332376894224, "params": {"C": 47.76275942890366, "epsilon": 0.07689129826835316, "gamma": 0.007842010550235399}, "datetime": {"datetime": "2021-09-24 15:43:32", "elapsed": 888.909834, "delta": 4.30459}}
{"target": -43.76985016722271, "params": {"C": 45.40909555913538, "epsilon": 1.3266966359368946, "gamma": 0.028663056820090446}, "datetime": {"datetime": "2021-09-24 15:43:35", "elapsed": 891.749666, "delta": 2.839832}}
{"target": -43.327999867686714, "params": {"C": 49.12761811079006, "epsilon": 0.047336853171302984, "gamma": 0.01990512484288546}, "datetime": {"datetime": "2021-09-24 15:43:40", "elapsed": 896.302051, "delta": 4.552385}}
{"target": -44.85241329691162, "params": {"C": 16.689116257666356, "epsilon": 0.8639340855640393, "gamma": 0.07041768504638966}, "datetime": {"datetime": "2021-09-24 15:43:42", "elapsed": 898.473757, "delta": 2.171706}}
{"target": -43.34754854485978, "params": {"C": 46.75043335114157, "epsilon": 1.8073450166007814, "gamma": 0.007812834604561772}, "datetime": {"datetime": "2021-09-24 15:43:44", "elapsed": 901.002359, "delta": 2.528602}}
{"target": -44.29134551160571, "params": {"C": 47.842911334874564, "epsilon": 2.1711066048344128, "gamma": 0.05638428886656698}, "datetime": {"datetime": "2021-09-24 15:43:51", "elapsed": 907.569564, "delta": 6.567205}}
{"target": -43.67892646908152, "params": {"C": 47.6649252142278, "epsilon": 2.6663494115432123, "gamma": 0.02835816468711485}, "datetime": {"datetime": "2021-09-24 15:43:57", "elapsed": 913.303043, "delta": 5.733479}}
{"target": -43.34920167080245, "params": {"C": 24.63550607675162, "epsilon": 3.6077601522040763, "gamma": 0.017090165138718957}, "datetime": {"datetime": "2021-09-24 15:44:03", "elapsed": 919.525917, "delta": 6.222874}}
{"target": -43.9507290738685, "params": {"C": 24.73030989994335, "epsilon": 3.637955464132864, "gamma": 0.03392304322224239}, "datetime": {"datetime": "2021-09-24 15:44:08", "elapsed": 924.865743, "delta": 5.339826}}
{"target": -45.795447259344535, "params": {"C": 24.672552447521227, "epsilon": 3.6186239859491898, "gamma": 0.09510709224695732}, "datetime": {"datetime": "2021-09-24 15:44:15", "elapsed": 931.816749, "delta": 6.951006}}
{"target": -43.801969082955544, "params": {"C": 16.780470919583664, "epsilon": 2.183987214926725, "gamma": 0.01567943819815985}, "datetime": {"datetime": "2021-09-24 15:44:19", "elapsed": 935.851907, "delta": 4.035158}}
{"target": -45.38327859454179, "params": {"C": 36.14220526943751, "epsilon": 1.3477697161991447, "gamma": 0.0016101045418831024}, "datetime": {"datetime": "2021-09-24 15:44:28", "elapsed": 944.418517, "delta": 8.56661}}
{"target": -47.889057419157844, "params": {"C": 6.424000852956491, "epsilon": 1.6226585278853314, "gamma": 0.0053338206312647345}, "datetime": {"datetime": "2021-09-24 15:44:31", "elapsed": 948.236283, "delta": 3.817766}}
{"target": -44.009517355711615, "params": {"C": 49.23634566959093, "epsilon": 0.22368911786674378, "gamma": 0.04707271168197389}, "datetime": {"datetime": "2021-09-24 15:44:39", "elapsed": 955.391966, "delta": 7.155683}}
{"target": -46.34904388501149, "params": {"C": 6.818816374800343, "epsilon": 3.684557775973769, "gamma": 0.051976044956668625}, "datetime": {"datetime": "2021-09-24 15:44:41", "elapsed": 957.830443, "delta": 2.438477}}
{"target": -43.94996253771167, "params": {"C": 24.77612735670235, "epsilon": 3.6898367410744255, "gamma": 0.005575722942025415}, "datetime": {"datetime": "2021-09-24 15:44:49", "elapsed": 965.471077, "delta": 7.640634}}
{"target": -43.265897962170854, "params": {"C": 44.920000104519865, "epsilon": 2.865431687215515, "gamma": 0.013654506131887992}, "datetime": {"datetime": "2021-09-24 15:44:51", "elapsed": 968.163287, "delta": 2.69221}}
{"target": -44.5655355153608, "params": {"C": 39.07818471488264, "epsilon": 1.8997864309771653, "gamma": 0.0632378911532805}, "datetime": {"datetime": "2021-09-24 15:44:59", "elapsed": 975.456504, "delta": 7.293217}}
{"target": -43.296077423696865, "params": {"C": 48.398211193631155, "epsilon": 3.1490530938097274, "gamma": 0.01109388134280306}, "datetime": {"datetime": "2021-09-24 15:45:04", "elapsed": 980.82228, "delta": 5.365776}}
{"target": -45.36176330397106, "params": {"C": 12.96643567784415, "epsilon": 1.1382978638431487, "gamma": 0.0055121407832383305}, "datetime": {"datetime": "2021-09-24 15:45:06", "elapsed": 983.112978, "delta": 2.290698}}
{"target": -44.64956672550985, "params": {"C": 31.201097184306885, "epsilon": 1.0126565920834911, "gamma": 0.002616707444131386}, "datetime": {"datetime": "2021-09-24 15:45:11", "elapsed": 987.281874, "delta": 4.168896}}
{"target": -43.5866379646137, "params": {"C": 30.984133497461322, "epsilon": 0.8905313320284076, "gamma": 0.017865817897329477}, "datetime": {"datetime": "2021-09-24 15:45:15", "elapsed": 991.846853, "delta": 4.564979}}
{"target": -43.51595450678363, "params": {"C": 49.26938095750603, "epsilon": 2.759965277921312, "gamma": 0.003298716157859998}, "datetime": {"datetime": "2021-09-24 15:45:23", "elapsed": 1000.152856, "delta": 8.306003}}
{"target": -43.29827155976806, "params": {"C": 49.22200606491744, "epsilon": 2.80311042462467, "gamma": 0.008781932915282054}, "datetime": {"datetime": "2021-09-24 15:45:28", "elapsed": 1004.438925, "delta": 4.286069}}
{"target": -44.07279175027461, "params": {"C": 39.827030400667226, "epsilon": 3.3803722529783355, "gamma": 0.04873809254041341}, "datetime": {"datetime": "2021-09-24 15:45:30", "elapsed": 1006.627707, "delta": 2.188782}}
{"target": -52.52893992770598, "params": {"C": 1.4086651723490786, "epsilon": 1.7743680984776267, "gamma": 0.04997565345593582}, "datetime": {"datetime": "2021-09-24 15:45:32", "elapsed": 1008.606595, "delta": 1.978888}}
{"target": -48.31634728105276, "params": {"C": 36.10230338581366, "epsilon": 1.5314339243902044, "gamma": 0.0007}, "datetime": {"datetime": "2021-09-24 15:45:36", "elapsed": 1012.748821, "delta": 4.142226}}
{"target": -44.76708950913838, "params": {"C": 14.915057524099417, "epsilon": 1.6867544050743493, "gamma": 0.06449308092875443}, "datetime": {"datetime": "2021-09-24 15:45:38", "elapsed": 1014.94232, "delta": 2.193499}}
{"target": -44.19693926543615, "params": {"C": 49.235703903167, "epsilon": 2.819010472665097, "gamma": 0.053814403692315764}, "datetime": {"datetime": "2021-09-24 15:45:43", "elapsed": 1019.918321, "delta": 4.976001}}
{"target": -47.97693893972577, "params": {"C": 5.394177407170636, "epsilon": 2.304672229886797, "gamma": 0.07526313295068436}, "datetime": {"datetime": "2021-09-24 15:45:45", "elapsed": 1021.80532, "delta": 1.886999}}
{"target": -44.39425900005539, "params": {"C": 42.901954334761065, "epsilon": 1.2469589206430527, "gamma": 0.058303697332262816}, "datetime": {"datetime": "2021-09-24 15:45:47", "elapsed": 1023.924325, "delta": 2.119005}}
{"target": -43.327610147336614, "params": {"C": 35.68099205365816, "epsilon": 0.8488610149462306, "gamma": 0.011120289255488193}, "datetime": {"datetime": "2021-09-24 15:45:52", "elapsed": 1028.79522, "delta": 4.870895}}
{"target": -44.10536089707043, "params": {"C": 31.497274027611606, "epsilon": 1.4502423848315775, "gamma": 0.054589569474685226}, "datetime": {"datetime": "2021-09-24 15:45:56", "elapsed": 1033.162267, "delta": 4.367047}}
{"target": -49.613036511703484, "params": {"C": 4.872313694615631, "epsilon": 1.6948913897521798, "gamma": 0.09424642298347587}, "datetime": {"datetime": "2021-09-24 15:45:58", "elapsed": 1035.06156, "delta": 1.899293}}
{"target": -44.64741989246632, "params": {"C": 44.945526879467494, "epsilon": 2.8557436659240523, "gamma": 0.07146617801567036}, "datetime": {"datetime": "2021-09-24 15:46:04", "elapsed": 1040.48143, "delta": 5.41987}}
{"target": -43.538011059982914, "params": {"C": 47.78847836924931, "epsilon": 2.0884079565100455, "gamma": 0.023599841383030427}, "datetime": {"datetime": "2021-09-24 15:46:08", "elapsed": 1044.870105, "delta": 4.388675}}
