{"target": -37.65173875240691, "params": {"C": 715.6536251710228, "epsilon": 1.2364929705274044, "gamma": 0.007729091557453231}, "datetime": {"datetime": "2021-09-28 15:52:47", "elapsed": 128.101555, "delta": 0.987}}
{"target": -37.029596300482154, "params": {"C": 786.7425985352413, "epsilon": 0.2457531321018875, "gamma": 0.002708344411106277}, "datetime": {"datetime": "2021-09-28 15:52:48", "elapsed": 129.430974, "delta": 1.329419}}
{"target": -36.77319593311949, "params": {"C": 896.7436262995391, "epsilon": 1.029467700435263, "gamma": 0.0033539299892129493}, "datetime": {"datetime": "2021-09-28 15:52:50", "elapsed": 130.686133, "delta": 1.255159}}
{"target": -35.55530691353624, "params": {"C": 885.7417870032168, "epsilon": 0.39229572486612174, "gamma": 0.0002539059171278481}, "datetime": {"datetime": "2021-09-28 15:52:51", "elapsed": 131.699135, "delta": 1.013002}}
{"target": -36.81286646151871, "params": {"C": 833.8199290825148, "epsilon": 1.598625621234893, "gamma": 0.0038860056628012736}, "datetime": {"datetime": "2021-09-28 15:52:52", "elapsed": 132.724338, "delta": 1.025203}}
{"target": -36.85785178813016, "params": {"C": 885.066042904334, "epsilon": 0.5680516127093954, "gamma": 0.002927988441356668}, "datetime": {"datetime": "2021-09-28 15:52:53", "elapsed": 133.697336, "delta": 0.972998}}
{"target": -37.232844876270825, "params": {"C": 714.1121154690703, "epsilon": 1.2445903036136499, "gamma": 0.005470569533841266}, "datetime": {"datetime": "2021-09-28 15:52:54", "elapsed": 134.9301, "delta": 1.232764}}
{"target": -36.86554001717175, "params": {"C": 810.729454944081, "epsilon": 0.4271745244114547, "gamma": 0.004079381537150364}, "datetime": {"datetime": "2021-09-28 15:52:55", "elapsed": 136.332479, "delta": 1.402379}}
{"target": -37.50136167190297, "params": {"C": 889.5208789163671, "epsilon": 2.4486823492497116, "gamma": 0.0022672893879170934}, "datetime": {"datetime": "2021-09-28 15:52:56", "elapsed": 137.359477, "delta": 1.026998}}
{"target": -36.83360049651206, "params": {"C": 730.9240400886997, "epsilon": 2.541920924674714, "gamma": 0.004714204176262268}, "datetime": {"datetime": "2021-09-28 15:52:58", "elapsed": 138.889914, "delta": 1.530437}}
{"target": -37.24340867362936, "params": {"C": 855.6496805186086, "epsilon": 1.3738823576897299, "gamma": 0.0014663242284312797}, "datetime": {"datetime": "2021-09-28 15:52:59", "elapsed": 139.966916, "delta": 1.077002}}
{"target": -38.23331757082933, "params": {"C": 750.9651751167751, "epsilon": 1.7429587294066236, "gamma": 0.009451339569073671}, "datetime": {"datetime": "2021-09-28 15:53:00", "elapsed": 141.127124, "delta": 1.160208}}
{"target": -36.92537082053962, "params": {"C": 878.2138967598671, "epsilon": 0.38205562572211166, "gamma": 0.004154635417829706}, "datetime": {"datetime": "2021-09-28 15:53:01", "elapsed": 142.521438, "delta": 1.394314}}
{"target": -37.30388826099156, "params": {"C": 819.8979767528933, "epsilon": 1.980375266518274, "gamma": 0.0016736399238382312}, "datetime": {"datetime": "2021-09-28 15:53:03", "elapsed": 143.717435, "delta": 1.195997}}
{"target": -37.796682409056196, "params": {"C": 790.229514394762, "epsilon": 0.32950739711369814, "gamma": 0.008418692145940128}, "datetime": {"datetime": "2021-09-28 15:53:04", "elapsed": 145.067394, "delta": 1.349959}}
{"target": -37.4169068666861, "params": {"C": 751.3240390719479, "epsilon": 0.09477646555553829, "gamma": 0.005811966682901624}, "datetime": {"datetime": "2021-09-28 15:53:06", "elapsed": 146.775939, "delta": 1.708545}}
{"target": -37.46446927657208, "params": {"C": 877.5314308752934, "epsilon": 2.16030502867428, "gamma": 0.002241635060704287}, "datetime": {"datetime": "2021-09-28 15:53:07", "elapsed": 148.248526, "delta": 1.472587}}
{"target": -38.47396565517041, "params": {"C": 813.8156831061038, "epsilon": 2.651685823314828, "gamma": 0.00979317263400099}, "datetime": {"datetime": "2021-09-28 15:53:08", "elapsed": 149.411831, "delta": 1.163305}}
{"target": -37.36431192989924, "params": {"C": 836.3866358579454, "epsilon": 1.2883837120748574, "gamma": 0.002024136995731688}, "datetime": {"datetime": "2021-09-28 15:53:10", "elapsed": 150.641313, "delta": 1.229482}}
{"target": -37.814932562739656, "params": {"C": 887.7764284421872, "epsilon": 1.30215042614403, "gamma": 0.007364327535660755}, "datetime": {"datetime": "2021-09-28 15:53:11", "elapsed": 151.835314, "delta": 1.194001}}
{"target": -37.53132530519068, "params": {"C": 822.623655360955, "epsilon": 1.4713585404134089, "gamma": 0.00564000551616424}, "datetime": {"datetime": "2021-09-28 15:53:12", "elapsed": 152.922101, "delta": 1.086787}}
{"target": -37.071690976946854, "params": {"C": 780.6544737261015, "epsilon": 2.1688931743236597, "gamma": 0.005014312791690393}, "datetime": {"datetime": "2021-09-28 15:53:13", "elapsed": 154.136095, "delta": 1.213994}}
{"target": -36.628358341854934, "params": {"C": 825.188484986643, "epsilon": 0.24158495786989684, "gamma": 0.0006511588691725433}, "datetime": {"datetime": "2021-09-28 15:53:15", "elapsed": 155.704251, "delta": 1.568156}}
{"target": -37.41922579291298, "params": {"C": 706.3498114807223, "epsilon": 2.2781090071071746, "gamma": 0.006843431263686516}, "datetime": {"datetime": "2021-09-28 15:53:16", "elapsed": 156.745548, "delta": 1.041297}}
{"target": -37.46073693418677, "params": {"C": 772.9947470976866, "epsilon": 1.8647920323040972, "gamma": 0.005854244226289185}, "datetime": {"datetime": "2021-09-28 15:53:17", "elapsed": 158.323549, "delta": 1.578001}}
{"target": -37.36438960600898, "params": {"C": 712.690238215097, "epsilon": 2.8164426665473057, "gamma": 0.00217327370205647}, "datetime": {"datetime": "2021-09-28 15:53:18", "elapsed": 159.451544, "delta": 1.127995}}
{"target": -36.82759366960366, "params": {"C": 812.9860782556509, "epsilon": 1.243574970394555, "gamma": 0.00395166778378041}, "datetime": {"datetime": "2021-09-28 15:53:20", "elapsed": 160.627501, "delta": 1.175957}}
{"target": -36.690729683315745, "params": {"C": 769.4553319450372, "epsilon": 1.987930889503574, "gamma": 0.003937531246330064}, "datetime": {"datetime": "2021-09-28 15:53:21", "elapsed": 162.042501, "delta": 1.415}}
{"target": -36.58859150429272, "params": {"C": 776.5845766167354, "epsilon": 2.8077461639853274, "gamma": 0.003618664205166863}, "datetime": {"datetime": "2021-09-28 15:53:22", "elapsed": 163.239454, "delta": 1.196953}}
{"target": -38.41074080854355, "params": {"C": 830.5943300966454, "epsilon": 0.7833633269348755, "gamma": 0.009944010577127361}, "datetime": {"datetime": "2021-09-28 15:53:24", "elapsed": 165.037507, "delta": 1.798053}}
{"target": -37.47697613541281, "params": {"C": 812.3398490760464, "epsilon": 1.8989364448131294, "gamma": 0.005691874654460577}, "datetime": {"datetime": "2021-09-28 15:53:25", "elapsed": 166.60674, "delta": 1.569233}}
{"target": -36.64491752974439, "params": {"C": 886.9049672757733, "epsilon": 1.0043553706497992, "gamma": 0.0006221730896256386}, "datetime": {"datetime": "2021-09-28 15:53:27", "elapsed": 167.83974, "delta": 1.233}}
{"target": -37.23867362463031, "params": {"C": 706.1075854222763, "epsilon": 0.6225667040391081, "gamma": 0.005547958232889966}, "datetime": {"datetime": "2021-09-28 15:53:28", "elapsed": 169.186121, "delta": 1.346381}}
{"target": -37.716729700586235, "params": {"C": 860.5260764887736, "epsilon": 2.371036509557827, "gamma": 0.007289176852900567}, "datetime": {"datetime": "2021-09-28 15:53:29", "elapsed": 170.423131, "delta": 1.23701}}
{"target": -36.670201144401155, "params": {"C": 789.538614312655, "epsilon": 1.8516114540415423, "gamma": 0.0037151540529796663}, "datetime": {"datetime": "2021-09-28 15:53:30", "elapsed": 171.502036, "delta": 1.078905}}
{"target": -37.34386771972157, "params": {"C": 774.4063798620015, "epsilon": 2.2650061064717324, "gamma": 0.002113958253611171}, "datetime": {"datetime": "2021-09-28 15:53:32", "elapsed": 172.898038, "delta": 1.396002}}
{"target": -37.503160178584736, "params": {"C": 799.4096912246399, "epsilon": 0.31804854490237267, "gamma": 0.005734748828956441}, "datetime": {"datetime": "2021-09-28 15:53:33", "elapsed": 174.475788, "delta": 1.57775}}
{"target": -36.58649051638449, "params": {"C": 792.5056000070637, "epsilon": 0.8267672247196034, "gamma": 0.000641967416624419}, "datetime": {"datetime": "2021-09-28 15:53:35", "elapsed": 175.736488, "delta": 1.2607}}
{"target": -37.10538993445005, "params": {"C": 786.4985469967675, "epsilon": 1.7069805015600839, "gamma": 0.0027873615244017142}, "datetime": {"datetime": "2021-09-28 15:53:36", "elapsed": 176.952112, "delta": 1.215624}}
{"target": -37.35937743370063, "params": {"C": 754.7531161015975, "epsilon": 0.005911889004727294, "gamma": 0.002269640011224074}, "datetime": {"datetime": "2021-09-28 15:53:37", "elapsed": 178.10646, "delta": 1.154348}}
{"target": -37.859428580981636, "params": {"C": 816.3919830776405, "epsilon": 2.2380919295310373, "gamma": 0.008075944420526851}, "datetime": {"datetime": "2021-09-28 15:53:39", "elapsed": 180.039093, "delta": 1.932633}}
{"target": -37.04502160887657, "params": {"C": 740.8615328650134, "epsilon": 0.7090538715801599, "gamma": 0.004997456977140142}, "datetime": {"datetime": "2021-09-28 15:53:41", "elapsed": 181.618533, "delta": 1.57944}}
{"target": -37.253948422924026, "params": {"C": 723.9323992858411, "epsilon": 0.9557681349071208, "gamma": 0.0013765320959723939}, "datetime": {"datetime": "2021-09-28 15:53:42", "elapsed": 182.770267, "delta": 1.151734}}
{"target": -37.68919852234933, "params": {"C": 794.540825938674, "epsilon": 1.1765080074585328, "gamma": 0.007190221418985255}, "datetime": {"datetime": "2021-09-28 15:53:43", "elapsed": 183.898263, "delta": 1.127996}}
{"target": -36.78883598195877, "params": {"C": 820.4527895641318, "epsilon": 0.08281873484927826, "gamma": 0.0034488319333788042}, "datetime": {"datetime": "2021-09-28 15:53:44", "elapsed": 185.215927, "delta": 1.317664}}
{"target": -38.32424376582006, "params": {"C": 871.4559901328234, "epsilon": 0.7828097993361822, "gamma": 0.009464401821523758}, "datetime": {"datetime": "2021-09-28 15:53:46", "elapsed": 186.858596, "delta": 1.642669}}
{"target": -37.416481904829965, "params": {"C": 847.0700342503129, "epsilon": 2.4310352214889894, "gamma": 0.0018539029525047712}, "datetime": {"datetime": "2021-09-28 15:53:47", "elapsed": 188.277599, "delta": 1.419003}}
{"target": -36.86595027401064, "params": {"C": 827.4035236965411, "epsilon": 1.3586217609876716, "gamma": 0.004110722967337978}, "datetime": {"datetime": "2021-09-28 15:53:48", "elapsed": 189.433238, "delta": 1.155639}}
{"target": -35.67723179650564, "params": {"C": 720.0023952136153, "epsilon": 1.541499851408484, "gamma": 0.0003229109298945452}, "datetime": {"datetime": "2021-09-28 15:53:50", "elapsed": 190.799583, "delta": 1.366345}}
{"target": -37.54571678265843, "params": {"C": 891.5678206675966, "epsilon": 2.4206707895076103, "gamma": 0.006304750834282317}, "datetime": {"datetime": "2021-09-28 15:53:51", "elapsed": 192.055579, "delta": 1.255996}}
{"target": -38.19478951543523, "params": {"C": 895.6460168917679, "epsilon": 1.2369986386141127, "gamma": 0.008404942691229444}, "datetime": {"datetime": "2021-09-28 15:53:52", "elapsed": 193.123228, "delta": 1.067649}}
{"target": -37.608117267475166, "params": {"C": 873.6165422530491, "epsilon": 2.0531412145788903, "gamma": 0.006429301934848315}, "datetime": {"datetime": "2021-09-28 15:53:53", "elapsed": 194.403228, "delta": 1.28}}
{"target": -37.37179479112269, "params": {"C": 799.8552654896769, "epsilon": 1.6856467414076397, "gamma": 0.0023155179620865216}, "datetime": {"datetime": "2021-09-28 15:53:54", "elapsed": 195.524404, "delta": 1.121176}}
{"target": -35.914563980554256, "params": {"C": 843.722249083309, "epsilon": 1.923897075806904, "gamma": 0.00013365285684117337}, "datetime": {"datetime": "2021-09-28 15:53:56", "elapsed": 196.854504, "delta": 1.3301}}
{"target": -37.19000261000947, "params": {"C": 796.2768018100671, "epsilon": 0.006353635997356216, "gamma": 0.005031304276662493}, "datetime": {"datetime": "2021-09-28 15:53:57", "elapsed": 198.130503, "delta": 1.275999}}
{"target": -37.84138927839026, "params": {"C": 737.7237402009192, "epsilon": 1.1950895066744576, "gamma": 0.00859576383623407}, "datetime": {"datetime": "2021-09-28 15:53:58", "elapsed": 199.33325, "delta": 1.202747}}
{"target": -37.62793937070013, "params": {"C": 805.8168078876597, "epsilon": 1.3416025023104956, "gamma": 0.0064901564183707725}, "datetime": {"datetime": "2021-09-28 15:54:00", "elapsed": 200.731651, "delta": 1.398401}}
{"target": -37.24261598573648, "params": {"C": 782.0118407775334, "epsilon": 0.40260694905535105, "gamma": 0.0052031483641928776}, "datetime": {"datetime": "2021-09-28 15:54:01", "elapsed": 201.85065, "delta": 1.118999}}
{"target": -35.750514115546075, "params": {"C": 885.2327245795362, "epsilon": 2.8560212244645973, "gamma": 0.00027437168140492747}, "datetime": {"datetime": "2021-09-28 15:54:02", "elapsed": 203.597852, "delta": 1.747202}}
{"target": -37.69987613780116, "params": {"C": 856.5618815530061, "epsilon": 1.913083625869739, "gamma": 0.007260114355213433}, "datetime": {"datetime": "2021-09-28 15:54:04", "elapsed": 204.797674, "delta": 1.199822}}
{"target": -38.31450373193072, "params": {"C": 759.1498156852614, "epsilon": 2.8679405947844248, "gamma": 0.00979738952544614}, "datetime": {"datetime": "2021-09-28 15:54:05", "elapsed": 206.135989, "delta": 1.338315}}
{"target": -36.839662376728, "params": {"C": 736.0573978477937, "epsilon": 2.244184761761533, "gamma": 0.004627113960423152}, "datetime": {"datetime": "2021-09-28 15:54:06", "elapsed": 207.610828, "delta": 1.474839}}
{"target": -36.59888174107958, "params": {"C": 766.4538937337279, "epsilon": 2.4276145298472636, "gamma": 0.0036983430367581276}, "datetime": {"datetime": "2021-09-28 15:54:08", "elapsed": 208.90755, "delta": 1.296722}}
{"target": -36.39998146188738, "params": {"C": 758.1052722079833, "epsilon": 2.5132429015876308, "gamma": 0.0005772751881543176}, "datetime": {"datetime": "2021-09-28 15:54:09", "elapsed": 210.463542, "delta": 1.555992}}
{"target": -38.46448474370857, "params": {"C": 897.3160502064552, "epsilon": 1.5265855558166106, "gamma": 0.009346069634219994}, "datetime": {"datetime": "2021-09-28 15:54:11", "elapsed": 212.185723, "delta": 1.722181}}
{"target": -37.2803814946938, "params": {"C": 736.6222086206535, "epsilon": 2.7163612498296086, "gamma": 0.0014217427911697525}, "datetime": {"datetime": "2021-09-28 15:54:13", "elapsed": 214.041179, "delta": 1.855456}}
{"target": -37.357344526672634, "params": {"C": 813.2132538116576, "epsilon": 0.34708459960512283, "gamma": 0.0012310090845285644}, "datetime": {"datetime": "2021-09-28 15:54:15", "elapsed": 215.885308, "delta": 1.844129}}
{"target": -37.854806966953014, "params": {"C": 899.9744352304674, "epsilon": 0.022971834288404942, "gamma": 0.007885307817801099}, "datetime": {"datetime": "2021-09-28 15:54:16", "elapsed": 217.211515, "delta": 1.326207}}
{"target": -37.69367866763262, "params": {"C": 728.1520270500756, "epsilon": 0.2866357429529406, "gamma": 0.008173546534664549}, "datetime": {"datetime": "2021-09-28 15:54:18", "elapsed": 218.850945, "delta": 1.63943}}
{"target": -36.8436795138446, "params": {"C": 800.4894379373152, "epsilon": 0.5431002340620791, "gamma": 0.0038905063108826865}, "datetime": {"datetime": "2021-09-28 15:54:19", "elapsed": 220.10294, "delta": 1.251995}}
{"target": -37.43817009183237, "params": {"C": 798.3633042012118, "epsilon": 0.43911266342520777, "gamma": 0.001971914008959867}, "datetime": {"datetime": "2021-09-28 15:54:20", "elapsed": 221.316861, "delta": 1.213921}}
{"target": -37.522527525658084, "params": {"C": 845.5721289440268, "epsilon": 0.15911414664037174, "gamma": 0.0016240742572613356}, "datetime": {"datetime": "2021-09-28 15:54:21", "elapsed": 222.54386, "delta": 1.226999}}
{"target": -36.842452096092316, "params": {"C": 877.8445472452479, "epsilon": 1.5992852560219981, "gamma": 0.0038293192131782904}, "datetime": {"datetime": "2021-09-28 15:54:23", "elapsed": 223.775451, "delta": 1.231591}}
{"target": -36.84668829321217, "params": {"C": 822.0772094324175, "epsilon": 0.9053152265508373, "gamma": 0.003997843734293727}, "datetime": {"datetime": "2021-09-28 15:54:24", "elapsed": 225.566514, "delta": 1.791063}}
{"target": -37.80400952904397, "params": {"C": 737.617275401175, "epsilon": 2.2834819508654802, "gamma": 0.008411686067879285}, "datetime": {"datetime": "2021-09-28 15:54:26", "elapsed": 226.964568, "delta": 1.398054}}
{"target": -37.62382857306264, "params": {"C": 705.0032719893887, "epsilon": 0.05987561432165446, "gamma": 0.007112472936178171}, "datetime": {"datetime": "2021-09-28 15:54:28", "elapsed": 228.620571, "delta": 1.656003}}
{"target": -36.71931245359269, "params": {"C": 794.5102530171516, "epsilon": 2.41006862959301, "gamma": 0.0032426064261473968}, "datetime": {"datetime": "2021-09-28 15:54:29", "elapsed": 230.133465, "delta": 1.512894}}
{"target": -36.67493486305731, "params": {"C": 848.2001852676212, "epsilon": 2.0335020430641944, "gamma": 0.0036083136307941267}, "datetime": {"datetime": "2021-09-28 15:54:31", "elapsed": 231.713947, "delta": 1.580482}}
{"target": -37.421791623233176, "params": {"C": 818.4047119005508, "epsilon": 0.4963958502016697, "gamma": 0.005449579675532487}, "datetime": {"datetime": "2021-09-28 15:54:32", "elapsed": 233.374843, "delta": 1.660896}}
{"target": -37.71997008154614, "params": {"C": 805.6132088287396, "epsilon": 2.9298732176766022, "gamma": 0.0076498446898930475}, "datetime": {"datetime": "2021-09-28 15:54:34", "elapsed": 234.834466, "delta": 1.459623}}
{"target": -36.7207690954568, "params": {"C": 788.6809736333304, "epsilon": 1.7390539699736434, "gamma": 0.0033996458473551433}, "datetime": {"datetime": "2021-09-28 15:54:35", "elapsed": 236.606267, "delta": 1.771801}}
{"target": -36.85987120772803, "params": {"C": 832.30376598959, "epsilon": 2.0775163712828397, "gamma": 0.004238153657496428}, "datetime": {"datetime": "2021-09-28 15:54:37", "elapsed": 238.334746, "delta": 1.728479}}
{"target": -37.63096700849084, "params": {"C": 857.1886785670932, "epsilon": 1.3276494522898425, "gamma": 0.005986252090444675}, "datetime": {"datetime": "2021-09-28 15:54:40", "elapsed": 240.745981, "delta": 2.411235}}
{"target": -36.97633692009067, "params": {"C": 788.2007893116395, "epsilon": 0.22600598311775077, "gamma": 0.004635498392261371}, "datetime": {"datetime": "2021-09-28 15:54:41", "elapsed": 241.96738, "delta": 1.221399}}
{"target": -36.718066184529214, "params": {"C": 729.8423708922546, "epsilon": 2.2714001098759162, "gamma": 0.003355815297231239}, "datetime": {"datetime": "2021-09-28 15:54:42", "elapsed": 243.538233, "delta": 1.570853}}
{"target": -38.33121641131168, "params": {"C": 751.2600061303109, "epsilon": 2.740371307688683, "gamma": 0.009869768985582972}, "datetime": {"datetime": "2021-09-28 15:54:44", "elapsed": 244.898462, "delta": 1.360229}}
{"target": -37.41889827534845, "params": {"C": 892.1388349186159, "epsilon": 2.549916761814624, "gamma": 0.005401858628804649}, "datetime": {"datetime": "2021-09-28 15:54:45", "elapsed": 246.167061, "delta": 1.268599}}
{"target": -38.36795853213585, "params": {"C": 745.6888470813973, "epsilon": 2.1017695495004793, "gamma": 0.009889360757874383}, "datetime": {"datetime": "2021-09-28 15:54:47", "elapsed": 247.705754, "delta": 1.538693}}
{"target": -37.293088608905485, "params": {"C": 891.2969040308598, "epsilon": 1.5937547041357352, "gamma": 0.0012550575235885724}, "datetime": {"datetime": "2021-09-28 15:54:48", "elapsed": 249.215813, "delta": 1.510059}}
{"target": -37.67468770924169, "params": {"C": 810.0749591598778, "epsilon": 1.0472501409367116, "gamma": 0.006546145729678363}, "datetime": {"datetime": "2021-09-28 15:54:49", "elapsed": 250.556823, "delta": 1.34101}}
{"target": -36.78071101050737, "params": {"C": 882.8708849354654, "epsilon": 0.8490791991948512, "gamma": 0.003107372635079378}, "datetime": {"datetime": "2021-09-28 15:54:51", "elapsed": 252.217869, "delta": 1.661046}}
{"target": -38.14090181873445, "params": {"C": 809.192236247078, "epsilon": 1.9566074344480964, "gamma": 0.008720673066725719}, "datetime": {"datetime": "2021-09-28 15:54:52", "elapsed": 253.362219, "delta": 1.14435}}
{"target": -37.08799855734617, "params": {"C": 772.8030357871648, "epsilon": 2.4920624998598044, "gamma": 0.0008102231892884794}, "datetime": {"datetime": "2021-09-28 15:54:54", "elapsed": 254.951454, "delta": 1.589235}}
{"target": -36.97208390207262, "params": {"C": 711.869289084889, "epsilon": 1.455738696682037, "gamma": 0.0029288846921433046}, "datetime": {"datetime": "2021-09-28 15:54:55", "elapsed": 256.420058, "delta": 1.468604}}
{"target": -37.614402239251476, "params": {"C": 869.6811133814622, "epsilon": 2.159849654912292, "gamma": 0.006646061995480087}, "datetime": {"datetime": "2021-09-28 15:54:56", "elapsed": 257.505327, "delta": 1.085269}}
{"target": -36.79896465733564, "params": {"C": 706.2958045431882, "epsilon": 2.0211179726970494, "gamma": 0.004499700813692988}, "datetime": {"datetime": "2021-09-28 15:54:58", "elapsed": 258.679328, "delta": 1.174001}}
{"target": -36.32735131351662, "params": {"C": 757.1760020866016, "epsilon": 2.3555364971138038, "gamma": 0.0005620380023882326}, "datetime": {"datetime": "2021-09-28 15:54:59", "elapsed": 259.862528, "delta": 1.1832}}
{"target": -36.79583928923419, "params": {"C": 729.0631227361688, "epsilon": 2.383057117456983, "gamma": 0.004536796870037846}, "datetime": {"datetime": "2021-09-28 15:55:00", "elapsed": 261.012318, "delta": 1.14979}}
{"target": -37.7309739059277, "params": {"C": 763.946604541077, "epsilon": 1.1463589038017734, "gamma": 0.007742656172680515}, "datetime": {"datetime": "2021-09-28 15:55:01", "elapsed": 262.600317, "delta": 1.587999}}
{"target": -36.9667763325599, "params": {"C": 752.6458021166934, "epsilon": 2.561836724772556, "gamma": 0.00495255168825101}, "datetime": {"datetime": "2021-09-28 15:55:03", "elapsed": 263.767049, "delta": 1.166732}}
