{"target": 0.39522576204768056, "params": {"C": 60.9559479345734, "epsilon": 0.2681845074455897, "gamma": 0.08257358577071285}, "datetime": {"datetime": "2021-09-24 09:27:45", "elapsed": 19.459958, "delta": 0.366444}}
{"target": 0.352548878731062, "params": {"C": 72.0140153562208, "epsilon": 0.6571589381131563, "gamma": 0.11467256024936825}, "datetime": {"datetime": "2021-09-24 09:27:45", "elapsed": 19.799843, "delta": 0.339885}}
{"target": 0.3455119889627022, "params": {"C": 63.93129638659331, "epsilon": 0.72740800084963, "gamma": 0.1380744304856794}, "datetime": {"datetime": "2021-09-24 09:27:45", "elapsed": 20.162145, "delta": 0.362302}}
{"target": 0.3494914337247663, "params": {"C": 62.107730633582705, "epsilon": 0.3892319507411614, "gamma": 0.1338809563049748}, "datetime": {"datetime": "2021-09-24 09:27:46", "elapsed": 20.535145, "delta": 0.373}}
{"target": 0.4390279126425106, "params": {"C": 62.680156221274416, "epsilon": 0.8296606607250923, "gamma": 0.011159269589022205}, "datetime": {"datetime": "2021-09-24 09:27:46", "elapsed": 20.868349, "delta": 0.333204}}
{"target": 0.34296699676798426, "params": {"C": 82.24420234872352, "epsilon": 0.40475245633392987, "gamma": 0.11702776044312191}, "datetime": {"datetime": "2021-09-24 09:27:47", "elapsed": 21.217869, "delta": 0.34952}}
{"target": 0.3466052354931287, "params": {"C": 71.64863915434256, "epsilon": 0.10495845868097278, "gamma": 0.12456100819562374}, "datetime": {"datetime": "2021-09-24 09:27:47", "elapsed": 21.531866, "delta": 0.313997}}
{"target": 0.37426738056656095, "params": {"C": 80.39866290608924, "epsilon": 0.07277817432230922, "gamma": 0.08423857841532055}, "datetime": {"datetime": "2021-09-24 09:27:47", "elapsed": 21.891612, "delta": 0.359746}}
{"target": 0.41941387149476217, "params": {"C": 99.60500125820586, "epsilon": 0.7451536257471549, "gamma": 0.02160816760615233}, "datetime": {"datetime": "2021-09-24 09:27:48", "elapsed": 22.244602, "delta": 0.35299}}
{"target": 0.4147695250942772, "params": {"C": 67.14359209670089, "epsilon": 0.49798481105142567, "gamma": 0.053704565789415674}, "datetime": {"datetime": "2021-09-24 09:27:48", "elapsed": 22.578124, "delta": 0.333522}}
{"target": 0.37731370709746404, "params": {"C": 79.77529531243378, "epsilon": 0.8300082969604426, "gamma": 0.08187471073037024}, "datetime": {"datetime": "2021-09-24 09:27:48", "elapsed": 22.918948, "delta": 0.340824}}
{"target": 0.35769649080884725, "params": {"C": 78.47132473036862, "epsilon": 0.7009883442176184, "gamma": 0.1017359930473174}, "datetime": {"datetime": "2021-09-24 09:27:49", "elapsed": 23.256383, "delta": 0.337435}}
{"target": 0.4248372231305889, "params": {"C": 94.42428596397468, "epsilon": 0.5764274317989047, "gamma": 0.01585105511830718}, "datetime": {"datetime": "2021-09-24 09:27:49", "elapsed": 23.600851, "delta": 0.344468}}
{"target": 0.3898566411563019, "params": {"C": 67.27854990975305, "epsilon": 0.4930577651182067, "gamma": 0.0011109106940407226}, "datetime": {"datetime": "2021-09-24 09:27:49", "elapsed": 23.911351, "delta": 0.3105}}
{"target": 0.40337327859169003, "params": {"C": 82.61242083407313, "epsilon": 0.8848875746420738, "gamma": 0.001125644109561822}, "datetime": {"datetime": "2021-09-24 09:27:50", "elapsed": 24.313143, "delta": 0.401792}}
{"target": 0.3819533863247493, "params": {"C": 75.33232578585601, "epsilon": 0.7372496416062342, "gamma": 0.08131890594654274}, "datetime": {"datetime": "2021-09-24 09:27:50", "elapsed": 24.623646, "delta": 0.310503}}
{"target": 0.40513249126533024, "params": {"C": 92.47755788689804, "epsilon": 0.49289180614552847, "gamma": 0.05681469992861721}, "datetime": {"datetime": "2021-09-24 09:27:50", "elapsed": 24.936131, "delta": 0.312485}}
{"target": 0.33938889259708205, "params": {"C": 95.28770472641838, "epsilon": 0.4317812366968959, "gamma": 0.10880863619992365}, "datetime": {"datetime": "2021-09-24 09:27:51", "elapsed": 25.330496, "delta": 0.394365}}
{"target": 0.4234693883155216, "params": {"C": 97.80060546608397, "epsilon": 0.1391620331892131, "gamma": 0.01482910210531072}, "datetime": {"datetime": "2021-09-24 09:27:51", "elapsed": 25.713958, "delta": 0.383462}}
{"target": 0.401854916712597, "params": {"C": 66.71811094438931, "epsilon": 0.8543830830043854, "gamma": 0.0712016468598111}, "datetime": {"datetime": "2021-09-24 09:27:51", "elapsed": 26.071739, "delta": 0.357781}}
{"target": 0.39591432278672023, "params": {"C": 77.15977697624533, "epsilon": 0.2554691483690275, "gamma": 0.0705695116638739}, "datetime": {"datetime": "2021-09-24 09:27:52", "elapsed": 26.43906, "delta": 0.367321}}
{"target": 0.33879054183913393, "params": {"C": 90.2939330378849, "epsilon": 0.388250726553288, "gamma": 0.11429087141287263}, "datetime": {"datetime": "2021-09-24 09:27:52", "elapsed": 26.801472, "delta": 0.362412}}
{"target": 0.3600953023969702, "params": {"C": 62.063459394658565, "epsilon": 0.3606757060736833, "gamma": 0.1189366359762195}, "datetime": {"datetime": "2021-09-24 09:27:52", "elapsed": 27.130469, "delta": 0.328997}}
{"target": 0.42187050657830805, "params": {"C": 65.01418095346187, "epsilon": 0.617387523720401, "gamma": 0.04009885337660402}, "datetime": {"datetime": "2021-09-24 09:27:53", "elapsed": 27.680762, "delta": 0.550293}}
{"target": 0.43266984044915857, "params": {"C": 98.74079753903538, "epsilon": 0.978682493000365, "gamma": 0.002958920515212661}, "datetime": {"datetime": "2021-09-24 09:27:53", "elapsed": 28.046927, "delta": 0.366165}}
{"target": 0.43280003601077555, "params": {"C": 99.98313802242127, "epsilon": 0.001424322629961966, "gamma": 0.003394931385568886}, "datetime": {"datetime": "2021-09-24 09:27:54", "elapsed": 28.757421, "delta": 0.710494}}
{"target": 0.38952254230325645, "params": {"C": 63.31756423366857, "epsilon": 0.9598458464624114, "gamma": 0.0841524031696038}, "datetime": {"datetime": "2021-09-24 09:27:54", "elapsed": 29.145048, "delta": 0.387627}}
{"target": 0.4112494717659857, "params": {"C": 69.09619958764057, "epsilon": 0.37171805743350034, "gamma": 0.0015691564817124492}, "datetime": {"datetime": "2021-09-24 09:27:55", "elapsed": 30.038921, "delta": 0.893873}}
{"target": 0.41719975427598377, "params": {"C": 85.9888474587278, "epsilon": 0.8124814044483505, "gamma": 0.032445325624177526}, "datetime": {"datetime": "2021-09-24 09:27:56", "elapsed": 30.477916, "delta": 0.438995}}
{"target": 0.4226964972525553, "params": {"C": 65.02528668144554, "epsilon": 0.6416051794352687, "gamma": 0.0029782821650473435}, "datetime": {"datetime": "2021-09-24 09:27:56", "elapsed": 30.908364, "delta": 0.430448}}
{"target": 0.42434352064504255, "params": {"C": 65.00682065306911, "epsilon": 0.6623606067575963, "gamma": 0.03529926718392833}, "datetime": {"datetime": "2021-09-24 09:27:57", "elapsed": 31.653818, "delta": 0.745454}}
{"target": 0.4242930632757612, "params": {"C": 99.95098474004755, "epsilon": 0.0036052040287613903, "gamma": 0.013678345709020975}, "datetime": {"datetime": "2021-09-24 09:27:57", "elapsed": 32.117639, "delta": 0.463821}}
{"target": 0.4270993277241396, "params": {"C": 92.1261080991072, "epsilon": 0.43743512604705115, "gamma": 0.014586418537894512}, "datetime": {"datetime": "2021-09-24 09:27:58", "elapsed": 32.520942, "delta": 0.403303}}
{"target": 0.3956542033391238, "params": {"C": 93.2351682573328, "epsilon": 0.31701702822692834, "gamma": 0.06341380247691086}, "datetime": {"datetime": "2021-09-24 09:27:58", "elapsed": 32.953115, "delta": 0.432173}}
{"target": 0.41015198905214445, "params": {"C": 92.69091275907721, "epsilon": 0.1651290496498648, "gamma": 0.04418153674570705}, "datetime": {"datetime": "2021-09-24 09:27:59", "elapsed": 33.654916, "delta": 0.701801}}
{"target": 0.34001756072692246, "params": {"C": 69.94662141609486, "epsilon": 0.8778858270226196, "gamma": 0.1370668599303269}, "datetime": {"datetime": "2021-09-24 09:27:59", "elapsed": 34.083249, "delta": 0.428333}}
{"target": 0.4015492599941153, "params": {"C": 99.97256838857415, "epsilon": 0.039557563822922095, "gamma": 0.0009202422012121116}, "datetime": {"datetime": "2021-09-24 09:28:00", "elapsed": 34.528532, "delta": 0.445283}}
{"target": 0.4210440625694468, "params": {"C": 99.92109925884897, "epsilon": 0.03221353697625381, "gamma": 0.02029526727147087}, "datetime": {"datetime": "2021-09-24 09:28:00", "elapsed": 35.129376, "delta": 0.600844}}
{"target": 0.43777488461780556, "params": {"C": 62.68513246343184, "epsilon": 0.8601059355253234, "gamma": 0.011655962084719989}, "datetime": {"datetime": "2021-09-24 09:28:01", "elapsed": 35.728957, "delta": 0.599581}}
{"target": 0.422537887068405, "params": {"C": 62.705051319208444, "epsilon": 0.8183889739231003, "gamma": 0.04088771416861307}, "datetime": {"datetime": "2021-09-24 09:28:02", "elapsed": 36.360028, "delta": 0.631071}}
{"target": 0.350013484900665, "params": {"C": 85.74298148482202, "epsilon": 0.6232311515095345, "gamma": 0.10475555238169798}, "datetime": {"datetime": "2021-09-24 09:28:02", "elapsed": 36.94203, "delta": 0.582002}}
{"target": 0.4316348868220231, "params": {"C": 77.69930587945542, "epsilon": 0.901564439784334, "gamma": 0.013984704864682763}, "datetime": {"datetime": "2021-09-24 09:28:03", "elapsed": 37.425024, "delta": 0.482994}}
{"target": 0.4288620657052984, "params": {"C": 61.85934682074912, "epsilon": 0.8628562373252803, "gamma": 0.0314207890863876}, "datetime": {"datetime": "2021-09-24 09:28:03", "elapsed": 38.122344, "delta": 0.69732}}
{"target": 0.4289923397564911, "params": {"C": 64.1025241232017, "epsilon": 0.6859541018602165, "gamma": 0.0214515914063997}, "datetime": {"datetime": "2021-09-24 09:28:04", "elapsed": 38.929502, "delta": 0.807158}}
{"target": 0.43626554577813614, "params": {"C": 69.08689021694687, "epsilon": 0.4333795819599743, "gamma": 0.011848596562553673}, "datetime": {"datetime": "2021-09-24 09:28:05", "elapsed": 39.676701, "delta": 0.747199}}
{"target": 0.2995196349012852, "params": {"C": 60.50948824428044, "epsilon": 0.9177661628971939, "gamma": 0.0005171285688829963}, "datetime": {"datetime": "2021-09-24 09:28:06", "elapsed": 40.276563, "delta": 0.599862}}
{"target": 0.38519600053993197, "params": {"C": 64.53896407207193, "epsilon": 0.8076455999745303, "gamma": 0.08744091393064962}, "datetime": {"datetime": "2021-09-24 09:28:06", "elapsed": 40.758558, "delta": 0.481995}}
{"target": 0.4087725401343363, "params": {"C": 80.62432859305821, "epsilon": 0.1412988365591168, "gamma": 0.056166987887490076}, "datetime": {"datetime": "2021-09-24 09:28:07", "elapsed": 41.187046, "delta": 0.428488}}
{"target": 0.4282161592603465, "params": {"C": 69.04816124056813, "epsilon": 0.4385648695834118, "gamma": 0.0221383780623501}, "datetime": {"datetime": "2021-09-24 09:28:07", "elapsed": 41.8468, "delta": 0.659754}}
{"target": 0.4148708359522021, "params": {"C": 60.44993536941541, "epsilon": 0.9239491670281105, "gamma": 0.05807968952690091}, "datetime": {"datetime": "2021-09-24 09:28:08", "elapsed": 42.726353, "delta": 0.879553}}
{"target": 0.41511229340573264, "params": {"C": 64.10667834702026, "epsilon": 0.6844213061209106, "gamma": 0.05521846261444578}, "datetime": {"datetime": "2021-09-24 09:28:09", "elapsed": 43.575117, "delta": 0.848764}}
{"target": 0.4060717569009419, "params": {"C": 77.10907467243183, "epsilon": 0.09917865655671718, "gamma": 0.06379382533160935}, "datetime": {"datetime": "2021-09-24 09:28:09", "elapsed": 44.057445, "delta": 0.482328}}
{"target": 0.4175782629843672, "params": {"C": 77.68694108393136, "epsilon": 0.9258906431413798, "gamma": 0.03681244627725002}, "datetime": {"datetime": "2021-09-24 09:28:10", "elapsed": 44.846774, "delta": 0.789329}}
{"target": 0.36667228595735046, "params": {"C": 81.76928276827496, "epsilon": 0.3135728059569613, "gamma": 0.08937357098772315}, "datetime": {"datetime": "2021-09-24 09:28:11", "elapsed": 45.267837, "delta": 0.421063}}
{"target": 0.40508983131695553, "params": {"C": 95.88679391240268, "epsilon": 0.7570145033759386, "gamma": 0.05357063391448993}, "datetime": {"datetime": "2021-09-24 09:28:11", "elapsed": 45.714844, "delta": 0.447007}}
{"target": 0.4046301584776153, "params": {"C": 76.26837682611907, "epsilon": 0.6893362076735602, "gamma": 0.06400123571770773}, "datetime": {"datetime": "2021-09-24 09:28:11", "elapsed": 46.127886, "delta": 0.413042}}
{"target": 0.42761970709555486, "params": {"C": 72.25306361309373, "epsilon": 0.8634302724097893, "gamma": 0.021221066800474392}, "datetime": {"datetime": "2021-09-24 09:28:12", "elapsed": 46.876827, "delta": 0.748941}}
{"target": 0.299179455546867, "params": {"C": 61.86373092719431, "epsilon": 0.8959352176916969, "gamma": 0.0005042310144650364}, "datetime": {"datetime": "2021-09-24 09:28:13", "elapsed": 47.600634, "delta": 0.723807}}
{"target": 0.4019092864789082, "params": {"C": 71.88619058316107, "epsilon": 0.7364949002750645, "gamma": 0.06824331028099526}, "datetime": {"datetime": "2021-09-24 09:28:13", "elapsed": 48.011905, "delta": 0.411271}}
{"target": 0.40882218673375614, "params": {"C": 99.96243747233996, "epsilon": 0.01998259160678952, "gamma": 0.04763485150205497}, "datetime": {"datetime": "2021-09-24 09:28:14", "elapsed": 48.741026, "delta": 0.729121}}
{"target": 0.33254419034982596, "params": {"C": 73.2020568152412, "epsilon": 0.15319117200448434, "gamma": 0.14642416361937804}, "datetime": {"datetime": "2021-09-24 09:28:15", "elapsed": 49.262343, "delta": 0.521317}}
{"target": 0.42391197895893795, "params": {"C": 61.89706591276722, "epsilon": 0.8736253734659201, "gamma": 0.03910831951010683}, "datetime": {"datetime": "2021-09-24 09:28:15", "elapsed": 49.984799, "delta": 0.722456}}
{"target": 0.42969654379545963, "params": {"C": 61.851188861800196, "epsilon": 0.8228334072391025, "gamma": 0.02487668667549074}, "datetime": {"datetime": "2021-09-24 09:28:16", "elapsed": 50.704636, "delta": 0.719837}}
{"target": 0.4281415158883084, "params": {"C": 61.896569211029735, "epsilon": 0.8541232467108818, "gamma": 0.026803417207666592}, "datetime": {"datetime": "2021-09-24 09:28:17", "elapsed": 51.451474, "delta": 0.746838}}
{"target": 0.4089926920750844, "params": {"C": 92.47269766492917, "epsilon": 0.49081890088547137, "gamma": 0.04969146826731352}, "datetime": {"datetime": "2021-09-24 09:28:17", "elapsed": 51.962573, "delta": 0.511099}}
{"target": 0.42236534603555076, "params": {"C": 65.04581913615185, "epsilon": 0.6451237898430159, "gamma": 0.03898404757826729}, "datetime": {"datetime": "2021-09-24 09:28:18", "elapsed": 52.803785, "delta": 0.841212}}
{"target": 0.411267382433789, "params": {"C": 69.08442379445658, "epsilon": 0.40921287395105943, "gamma": 0.05791735646879313}, "datetime": {"datetime": "2021-09-24 09:28:19", "elapsed": 53.505283, "delta": 0.701498}}
{"target": 0.41563663900371617, "params": {"C": 77.59349046736315, "epsilon": 0.7475475869356941, "gamma": 0.042444567431927184}, "datetime": {"datetime": "2021-09-24 09:28:19", "elapsed": 54.092551, "delta": 0.587268}}
{"target": 0.42238599564465684, "params": {"C": 62.64558069041452, "epsilon": 0.8620778657617651, "gamma": 0.003025738680310564}, "datetime": {"datetime": "2021-09-24 09:28:20", "elapsed": 54.816084, "delta": 0.723533}}
{"target": 0.4245288632431391, "params": {"C": 64.09796696296078, "epsilon": 0.7283950713344403, "gamma": 0.03582417898262087}, "datetime": {"datetime": "2021-09-24 09:28:21", "elapsed": 55.541983, "delta": 0.725899}}
{"target": 0.4213253677801757, "params": {"C": 62.66682776708041, "epsilon": 0.8462532538558596, "gamma": 0.042388683897253567}, "datetime": {"datetime": "2021-09-24 09:28:22", "elapsed": 56.328307, "delta": 0.786324}}
{"target": 0.34630338149363504, "params": {"C": 88.74943757238057, "epsilon": 0.3670700983612025, "gamma": 0.10631524659891856}, "datetime": {"datetime": "2021-09-24 09:28:22", "elapsed": 56.758257, "delta": 0.42995}}
{"target": 0.4167799547819001, "params": {"C": 72.27620602735911, "epsilon": 0.8832401900864263, "gamma": 0.04442080403647853}, "datetime": {"datetime": "2021-09-24 09:28:23", "elapsed": 57.475561, "delta": 0.717304}}
{"target": 0.4325347575826586, "params": {"C": 72.29436014757049, "epsilon": 0.8337891721408868, "gamma": 0.0043563435188579795}, "datetime": {"datetime": "2021-09-24 09:28:24", "elapsed": 58.354597, "delta": 0.879036}}
{"target": 0.33693709025086693, "params": {"C": 73.12893277102691, "epsilon": 0.015603841127306003, "gamma": 0.1383265805678182}, "datetime": {"datetime": "2021-09-24 09:28:24", "elapsed": 58.818603, "delta": 0.464006}}
{"target": 0.41320081203610526, "params": {"C": 61.83608027369152, "epsilon": 0.8378906950334205, "gamma": 0.058920077162310194}, "datetime": {"datetime": "2021-09-24 09:28:25", "elapsed": 59.581619, "delta": 0.763016}}
{"target": 0.36568570483217766, "params": {"C": 88.7359271219344, "epsilon": 0.37881605347743746, "gamma": 0.08516188847843405}, "datetime": {"datetime": "2021-09-24 09:28:25", "elapsed": 60.179161, "delta": 0.597542}}
{"target": 0.43240710894750123, "params": {"C": 77.55800994459759, "epsilon": 0.7638519505636832, "gamma": 0.003619161105061798}, "datetime": {"datetime": "2021-09-24 09:28:26", "elapsed": 61.114405, "delta": 0.935244}}
{"target": 0.32109351064984737, "params": {"C": 96.78669790368238, "epsilon": 0.633205857893519, "gamma": 0.13323030528682525}, "datetime": {"datetime": "2021-09-24 09:28:27", "elapsed": 61.661005, "delta": 0.5466}}
{"target": 0.37133267642362955, "params": {"C": 60.120521714242805, "epsilon": 0.8240267772576121, "gamma": 0.10694807290359964}, "datetime": {"datetime": "2021-09-24 09:28:28", "elapsed": 62.258284, "delta": 0.597279}}
{"target": 0.32053252746638483, "params": {"C": 89.53772168592053, "epsilon": 0.8129957026230066, "gamma": 0.14399392556229154}, "datetime": {"datetime": "2021-09-24 09:28:28", "elapsed": 62.813191, "delta": 0.554907}}
{"target": 0.4247496997122403, "params": {"C": 67.14541411922445, "epsilon": 0.34106766135808614, "gamma": 0.03307967774044204}, "datetime": {"datetime": "2021-09-24 09:28:29", "elapsed": 63.739416, "delta": 0.926225}}
{"target": 0.4107891090256933, "params": {"C": 65.07130229941149, "epsilon": 0.8230588788069884, "gamma": 0.06006070713789138}, "datetime": {"datetime": "2021-09-24 09:28:30", "elapsed": 64.381381, "delta": 0.641965}}
{"target": 0.41266740445908856, "params": {"C": 98.72470032028237, "epsilon": 0.994760501443989, "gamma": 0.036518004471228216}, "datetime": {"datetime": "2021-09-24 09:28:31", "elapsed": 65.347848, "delta": 0.966467}}
{"target": 0.4101217929961113, "params": {"C": 92.44830375297977, "epsilon": 0.35789965077717856, "gamma": 0.0460543155476649}, "datetime": {"datetime": "2021-09-24 09:28:31", "elapsed": 65.865167, "delta": 0.517319}}
{"target": 0.4165818734610993, "params": {"C": 61.319012271199526, "epsilon": 0.41289270777610043, "gamma": 0.05491284277556274}, "datetime": {"datetime": "2021-09-24 09:28:32", "elapsed": 66.379718, "delta": 0.514551}}
{"target": 0.43788880406341957, "params": {"C": 92.74016260751895, "epsilon": 0.17961092036109502, "gamma": 0.008813424242395425}, "datetime": {"datetime": "2021-09-24 09:28:33", "elapsed": 67.208857, "delta": 0.829139}}
{"target": 0.4129735541796268, "params": {"C": 92.73565874943118, "epsilon": 0.21226171948282127, "gamma": 0.033918623531960734}, "datetime": {"datetime": "2021-09-24 09:28:33", "elapsed": 67.952421, "delta": 0.743564}}
{"target": 0.4265527741919518, "params": {"C": 67.19068573362459, "epsilon": 0.30532764664105083, "gamma": 0.01856069107086515}, "datetime": {"datetime": "2021-09-24 09:28:34", "elapsed": 68.743492, "delta": 0.791071}}
{"target": 0.4392393599592297, "params": {"C": 64.98261283288925, "epsilon": 0.631281444882594, "gamma": 0.009757229851132782}, "datetime": {"datetime": "2021-09-24 09:28:35", "elapsed": 69.649924, "delta": 0.906432}}
{"target": 0.4314810287258748, "params": {"C": 62.653391890652316, "epsilon": 0.7906630644299085, "gamma": 0.01757818478698931}, "datetime": {"datetime": "2021-09-24 09:28:36", "elapsed": 70.594681, "delta": 0.944757}}
{"target": 0.4205714125358093, "params": {"C": 84.79928272810298, "epsilon": 0.27406461787338027, "gamma": 0.026150507662175016}, "datetime": {"datetime": "2021-09-24 09:28:36", "elapsed": 71.130204, "delta": 0.535523}}
{"target": 0.404832591144451, "params": {"C": 67.18229331630346, "epsilon": 0.3415645206866219, "gamma": 0.06935787829977598}, "datetime": {"datetime": "2021-09-24 09:28:37", "elapsed": 72.034649, "delta": 0.904445}}
{"target": 0.41303053950330026, "params": {"C": 77.53639224712646, "epsilon": 0.8215155276685402, "gamma": 0.0014498498606790133}, "datetime": {"datetime": "2021-09-24 09:28:38", "elapsed": 72.961602, "delta": 0.926953}}
{"target": 0.4260928881872498, "params": {"C": 63.09612115174361, "epsilon": 0.26205948972969123, "gamma": 0.03401909908628572}, "datetime": {"datetime": "2021-09-24 09:28:39", "elapsed": 73.514262, "delta": 0.55266}}
{"target": 0.4165855205377046, "params": {"C": 98.77001639054077, "epsilon": 0.9543884792875404, "gamma": 0.028607237578919364}, "datetime": {"datetime": "2021-09-24 09:28:40", "elapsed": 74.705804, "delta": 1.191542}}
{"target": 0.32060009624200125, "params": {"C": 91.57036821111237, "epsilon": 0.36830853551853326, "gamma": 0.14039926277557918}, "datetime": {"datetime": "2021-09-24 09:28:41", "elapsed": 75.292785, "delta": 0.586981}}
{"target": 0.43352269175926295, "params": {"C": 61.516022309487745, "epsilon": 0.6067032801963141, "gamma": 0.015298325297155255}, "datetime": {"datetime": "2021-09-24 09:28:41", "elapsed": 75.852898, "delta": 0.560113}}
{"target": 0.41310710910789705, "params": {"C": 90.99867725563809, "epsilon": 0.8241021571517172, "gamma": 0.04075609704022873}, "datetime": {"datetime": "2021-09-24 09:28:42", "elapsed": 76.825775, "delta": 0.972877}}
{"target": 0.4276485278942459, "params": {"C": 63.63038067461083, "epsilon": 0.615228887178433, "gamma": 0.02925372512371393}, "datetime": {"datetime": "2021-09-24 09:28:43", "elapsed": 77.456313, "delta": 0.630538}}
