{"target": 0.406680363021954, "params": {"C": 106.7422215000515, "epsilon": 2.7042145485714864, "gamma": 0.04038800286436321}, "datetime": {"datetime": "2021-09-24 10:14:58", "elapsed": 80.128851, "delta": 1.179375}}
{"target": 0.4181443772467037, "params": {"C": 112.51067261744664, "epsilon": 2.26740760111256, "gamma": 0.027161320428029233}, "datetime": {"datetime": "2021-09-24 10:14:59", "elapsed": 81.449716, "delta": 1.320865}}
{"target": 0.3535248672935466, "params": {"C": 147.62577578747636, "epsilon": 1.2721755850162657, "gamma": 0.06861708437353001}, "datetime": {"datetime": "2021-09-24 10:15:00", "elapsed": 82.262362, "delta": 0.812646}}
{"target": 0.3639460061305373, "params": {"C": 104.78925459204285, "epsilon": 2.7310988245161, "gamma": 0.0005}, "datetime": {"datetime": "2021-09-24 10:15:01", "elapsed": 83.464137, "delta": 1.201775}}
{"target": 0.40681896263076667, "params": {"C": 161.99820682025745, "epsilon": 1.546675911658419, "gamma": 0.026150507662175016}, "datetime": {"datetime": "2021-09-24 10:15:02", "elapsed": 84.383274, "delta": 0.919137}}
{"target": 0.4016579237574355, "params": {"C": 161.43420854370657, "epsilon": 1.3830506895046313, "gamma": 0.031170280129700655}, "datetime": {"datetime": "2021-09-24 10:15:03", "elapsed": 85.227695, "delta": 0.844421}}
{"target": 0.41673293193238914, "params": {"C": 113.18600916867008, "epsilon": 1.8809094257081034, "gamma": 0.02836956733834462}, "datetime": {"datetime": "2021-09-24 10:15:04", "elapsed": 86.174556, "delta": 0.946861}}
{"target": 0.294948657538762, "params": {"C": 147.37467244103127, "epsilon": 2.239633817552413, "gamma": 0.12207927499838579}, "datetime": {"datetime": "2021-09-24 10:15:05", "elapsed": 86.956266, "delta": 0.78171}}
{"target": 0.4012724632187509, "params": {"C": 143.4050993778921, "epsilon": 1.3813113899892053, "gamma": 0.0412418035373373}, "datetime": {"datetime": "2021-09-24 10:15:06", "elapsed": 87.987368, "delta": 1.031102}}
{"target": 0.4004341771900879, "params": {"C": 199.84595226917236, "epsilon": 1.036507863489518, "gamma": 0.022723808393406313}, "datetime": {"datetime": "2021-09-24 10:15:07", "elapsed": 89.005119, "delta": 1.017751}}
{"target": 0.4268580293155725, "params": {"C": 103.79005577371936, "epsilon": 2.212619179572201, "gamma": 0.015298325297155255}, "datetime": {"datetime": "2021-09-24 10:15:08", "elapsed": 89.957141, "delta": 0.952022}}
{"target": 0.41145533392780476, "params": {"C": 127.81091298840737, "epsilon": 1.586360451476046, "gamma": 0.029380296376815915}, "datetime": {"datetime": "2021-09-24 10:15:09", "elapsed": 91.026013, "delta": 1.068872}}
{"target": 0.4187708494847029, "params": {"C": 109.07595168652708, "epsilon": 2.229687461818685, "gamma": 0.02925372512371393}, "datetime": {"datetime": "2021-09-24 10:15:10", "elapsed": 91.95541, "delta": 0.929397}}
{"target": 0.4135111131359681, "params": {"C": 166.59859499799006, "epsilon": 2.460653786668841, "gamma": 0.018340692037760353}, "datetime": {"datetime": "2021-09-24 10:15:11", "elapsed": 93.637232, "delta": 1.681822}}
{"target": 0.41319264884560636, "params": {"C": 149.84818329141456, "epsilon": 1.8340489697350961, "gamma": 0.022384389226929043}, "datetime": {"datetime": "2021-09-24 10:15:12", "elapsed": 94.585648, "delta": 0.948416}}
{"target": 0.36393260576884545, "params": {"C": 129.8783095336487, "epsilon": 2.4586873296552287, "gamma": 0.06692453904266546}, "datetime": {"datetime": "2021-09-24 10:15:13", "elapsed": 95.78897, "delta": 1.203322}}
{"target": 0.3842250026054478, "params": {"C": 105.22737248878627, "epsilon": 2.271937487744335, "gamma": 0.06348664620265518}, "datetime": {"datetime": "2021-09-24 10:15:15", "elapsed": 96.915245, "delta": 1.126275}}
{"target": 0.4041788558327625, "params": {"C": 121.2080807064954, "epsilon": 1.57160646430957, "gamma": 0.04186457763144035}, "datetime": {"datetime": "2021-09-24 10:15:17", "elapsed": 98.921852, "delta": 2.006607}}
{"target": 0.3682597457478193, "params": {"C": 106.65877581918602, "epsilon": 2.6663294951076666, "gamma": 0.07216372855325973}, "datetime": {"datetime": "2021-09-24 10:15:19", "elapsed": 101.046729, "delta": 2.124877}}
{"target": 0.39815518348861123, "params": {"C": 194.5548025226054, "epsilon": 2.268219874717791, "gamma": 0.0285667578839395}, "datetime": {"datetime": "2021-09-24 10:15:20", "elapsed": 102.115378, "delta": 1.068649}}
{"target": 0.28693017874437676, "params": {"C": 128.2467030703864, "epsilon": 1.823508347629569, "gamma": 0.14182112326904828}, "datetime": {"datetime": "2021-09-24 10:15:21", "elapsed": 102.956271, "delta": 0.840893}}
{"target": 0.43006124742039253, "params": {"C": 104.66116190848412, "epsilon": 2.6875915380173705, "gamma": 0.012788759522957297}, "datetime": {"datetime": "2021-09-24 10:15:22", "elapsed": 104.808472, "delta": 1.852201}}
{"target": 0.3210364484047754, "params": {"C": 149.52195336206432, "epsilon": 1.5979868030537838, "gamma": 0.09590016756411952}, "datetime": {"datetime": "2021-09-24 10:15:23", "elapsed": 105.705413, "delta": 0.896941}}
{"target": 0.43334584801522213, "params": {"C": 188.96246280356172, "epsilon": 1.9606751360288188, "gamma": 0.005652725953837085}, "datetime": {"datetime": "2021-09-24 10:15:24", "elapsed": 106.776783, "delta": 1.07137}}
{"target": 0.32199410985306565, "params": {"C": 118.89419690424435, "epsilon": 1.5274682295471258, "gamma": 0.11315888962702161}, "datetime": {"datetime": "2021-09-24 10:15:26", "elapsed": 108.005575, "delta": 1.228792}}
{"target": 0.43534928559341257, "params": {"C": 148.54466778758038, "epsilon": 2.8188423841544896, "gamma": 0.008600871393096015}, "datetime": {"datetime": "2021-09-24 10:15:27", "elapsed": 109.729593, "delta": 1.724018}}
{"target": 0.4179431547781094, "params": {"C": 145.19281373624676, "epsilon": 2.6423228714444447, "gamma": 0.01821229475985068}, "datetime": {"datetime": "2021-09-24 10:15:28", "elapsed": 110.754334, "delta": 1.024741}}
{"target": 0.2811585207867372, "params": {"C": 133.98303535722422, "epsilon": 2.4802028481470964, "gamma": 0.1435511643061485}, "datetime": {"datetime": "2021-09-24 10:15:29", "elapsed": 111.833483, "delta": 1.079149}}
{"target": 0.42993275829553856, "params": {"C": 112.55111547043464, "epsilon": 2.356660410089216, "gamma": 0.012808060292061581}, "datetime": {"datetime": "2021-09-24 10:15:31", "elapsed": 113.375636, "delta": 1.542153}}
{"target": 0.4336286891056079, "params": {"C": 196.76030590039377, "epsilon": 2.978067371839713, "gamma": 0.003146876624420504}, "datetime": {"datetime": "2021-09-24 10:15:33", "elapsed": 115.231987, "delta": 1.856351}}
{"target": 0.41117980497945383, "params": {"C": 148.558774821895, "epsilon": 2.7315837673718972, "gamma": 0.02863320918274586}, "datetime": {"datetime": "2021-09-24 10:15:35", "elapsed": 117.207812, "delta": 1.975825}}
{"target": 0.3580326278603132, "params": {"C": 179.59578775852964, "epsilon": 1.656635190701367, "gamma": 0.05756718342761867}, "datetime": {"datetime": "2021-09-24 10:15:36", "elapsed": 118.149973, "delta": 0.942161}}
{"target": 0.2710159997940159, "params": {"C": 171.8208608292175, "epsilon": 1.3114174287938134, "gamma": 0.12583236943563628}, "datetime": {"datetime": "2021-09-24 10:15:37", "elapsed": 119.20761, "delta": 1.057637}}
{"target": 0.3263065665841274, "params": {"C": 148.47971719703344, "epsilon": 2.840941151348007, "gamma": 0.09113149153108453}, "datetime": {"datetime": "2021-09-24 10:15:39", "elapsed": 121.182236, "delta": 1.974626}}
{"target": 0.33706813466373353, "params": {"C": 112.61638795447239, "epsilon": 2.3066282702011196, "gamma": 0.09883927669051829}, "datetime": {"datetime": "2021-09-24 10:15:40", "elapsed": 122.332388, "delta": 1.150152}}
{"target": 0.3345242651523629, "params": {"C": 138.15544872503267, "epsilon": 2.127535706440674, "gamma": 0.08737689846780498}, "datetime": {"datetime": "2021-09-24 10:15:41", "elapsed": 123.345141, "delta": 1.012753}}
{"target": 0.3267560953579298, "params": {"C": 188.9413435546059, "epsilon": 1.9506634496435238, "gamma": 0.07663888815775684}, "datetime": {"datetime": "2021-09-24 10:15:43", "elapsed": 124.886266, "delta": 1.541125}}
{"target": 0.4353981515010866, "params": {"C": 122.60900688397518, "epsilon": 1.8925431299709499, "gamma": 0.007392399562319565}, "datetime": {"datetime": "2021-09-24 10:15:45", "elapsed": 127.0985, "delta": 2.212234}}
{"target": 0.269401835020584, "params": {"C": 157.75134124985306, "epsilon": 1.773419739319711, "gamma": 0.13654174961191018}, "datetime": {"datetime": "2021-09-24 10:15:46", "elapsed": 127.971181, "delta": 0.872681}}
{"target": 0.3631953180921217, "params": {"C": 191.2836354669144, "epsilon": 1.3916390394765208, "gamma": 0.0531825747718521}, "datetime": {"datetime": "2021-09-24 10:15:47", "elapsed": 129.143487, "delta": 1.172306}}
{"target": 0.4211048215472524, "params": {"C": 110.23183016386203, "epsilon": 2.4102208809794226, "gamma": 0.020782920018958224}, "datetime": {"datetime": "2021-09-24 10:15:48", "elapsed": 130.691193, "delta": 1.547706}}
{"target": 0.39894282418099536, "params": {"C": 199.95837143163132, "epsilon": 1.0187786591799974, "gamma": 0.027650944181812312}, "datetime": {"datetime": "2021-09-24 10:15:50", "elapsed": 132.23344, "delta": 1.542247}}
{"target": 0.38318748526825397, "params": {"C": 113.21407082862169, "epsilon": 1.952773368672851, "gamma": 0.06184777014284961}, "datetime": {"datetime": "2021-09-24 10:15:52", "elapsed": 133.899376, "delta": 1.665936}}
{"target": 0.4341935675975255, "params": {"C": 122.70140459270257, "epsilon": 1.8554342954662466, "gamma": 0.008818851471077253}, "datetime": {"datetime": "2021-09-24 10:15:54", "elapsed": 135.871433, "delta": 1.972057}}
{"target": 0.36191062496247095, "params": {"C": 122.6872572296309, "epsilon": 1.8229995337627907, "gamma": 0.07078673040284177}, "datetime": {"datetime": "2021-09-24 10:15:55", "elapsed": 137.660921, "delta": 1.789488}}
{"target": 0.31588267247751944, "params": {"C": 199.92616500086802, "epsilon": 1.1165550442737786, "gamma": 0.08226156256454112}, "datetime": {"datetime": "2021-09-24 10:15:57", "elapsed": 138.957691, "delta": 1.29677}}
{"target": 0.3458730707070313, "params": {"C": 185.77845106962522, "epsilon": 2.079126103653167, "gamma": 0.06451664777246024}, "datetime": {"datetime": "2021-09-24 10:15:58", "elapsed": 140.422461, "delta": 1.46477}}
{"target": 0.3417814822484265, "params": {"C": 166.57751095897376, "epsilon": 2.3586623694322477, "gamma": 0.07239584991495342}, "datetime": {"datetime": "2021-09-24 10:16:00", "elapsed": 142.741847, "delta": 2.319386}}
{"target": 0.3963540166248254, "params": {"C": 166.52504612814624, "epsilon": 2.4770074903163364, "gamma": 0.03699932378604939}, "datetime": {"datetime": "2021-09-24 10:16:02", "elapsed": 144.395615, "delta": 1.653768}}
{"target": 0.434594900378822, "params": {"C": 103.73911145200799, "epsilon": 2.1526378718136003, "gamma": 0.005498914344519811}, "datetime": {"datetime": "2021-09-24 10:16:04", "elapsed": 145.93182, "delta": 1.536205}}
{"target": 0.2994665227512058, "params": {"C": 159.47696510780048, "epsilon": 2.7115255129047444, "gamma": 0.11139327999596413}, "datetime": {"datetime": "2021-09-24 10:16:04", "elapsed": 146.775024, "delta": 0.843204}}
{"target": 0.37299523170731297, "params": {"C": 110.23732490207806, "epsilon": 2.48681353333607, "gamma": 0.06760700631339422}, "datetime": {"datetime": "2021-09-24 10:16:06", "elapsed": 148.202691, "delta": 1.427667}}
{"target": 0.3872298263577688, "params": {"C": 103.79763666268266, "epsilon": 2.1180486693525165, "gamma": 0.06249061122830399}, "datetime": {"datetime": "2021-09-24 10:16:08", "elapsed": 150.508545, "delta": 2.305854}}
{"target": 0.2644649639471903, "params": {"C": 169.4864225679757, "epsilon": 1.5392003456209398, "gamma": 0.13257919714959815}, "datetime": {"datetime": "2021-09-24 10:16:09", "elapsed": 151.683731, "delta": 1.175186}}
{"target": 0.3708508605930777, "params": {"C": 112.47348935481004, "epsilon": 2.3464729934015356, "gamma": 0.0005}, "datetime": {"datetime": "2021-09-24 10:16:11", "elapsed": 153.188844, "delta": 1.505113}}
{"target": 0.2903540358724007, "params": {"C": 129.10416013851966, "epsilon": 1.6013519129415812, "gamma": 0.1380332712409522}, "datetime": {"datetime": "2021-09-24 10:16:12", "elapsed": 154.11057, "delta": 0.921726}}
{"target": 0.3945882251133478, "params": {"C": 178.91962330180547, "epsilon": 1.337954858773165, "gamma": 0.040503278652967795}, "datetime": {"datetime": "2021-09-24 10:16:13", "elapsed": 155.393156, "delta": 1.282586}}
{"target": 0.32668912069154543, "params": {"C": 107.82681258551138, "epsilon": 1.8239366258935674, "gamma": 0.1157069886706321}, "datetime": {"datetime": "2021-09-24 10:16:14", "elapsed": 156.422121, "delta": 1.028965}}
{"target": 0.40252718054491676, "params": {"C": 143.37129926762066, "epsilon": 1.1632231624554101, "gamma": 0.03988863529902913}, "datetime": {"datetime": "2021-09-24 10:16:15", "elapsed": 157.543829, "delta": 1.121708}}
{"target": 0.40613960358642875, "params": {"C": 189.02968161793328, "epsilon": 1.9924029517525432, "gamma": 0.0005}, "datetime": {"datetime": "2021-09-24 10:16:17", "elapsed": 159.352184, "delta": 1.808355}}
{"target": 0.43428585721745294, "params": {"C": 192.8708935016084, "epsilon": 1.2609508001774736, "gamma": 0.0028241348091528565}, "datetime": {"datetime": "2021-09-24 10:16:18", "elapsed": 160.456057, "delta": 1.103873}}
{"target": 0.3626642794978836, "params": {"C": 166.9099645412574, "epsilon": 2.0654388937878583, "gamma": 0.05767250975644347}, "datetime": {"datetime": "2021-09-24 10:16:19", "elapsed": 161.52892, "delta": 1.072863}}
{"target": 0.3860095641234401, "params": {"C": 192.53302145216702, "epsilon": 1.3781604619602503, "gamma": 0.043205482018466856}, "datetime": {"datetime": "2021-09-24 10:16:20", "elapsed": 162.750656, "delta": 1.221736}}
{"target": 0.3577469516731455, "params": {"C": 107.05605773453519, "epsilon": 1.8293366479584194, "gamma": 0.08160102477871406}, "datetime": {"datetime": "2021-09-24 10:16:21", "elapsed": 163.807636, "delta": 1.05698}}
{"target": 0.362277341090264, "params": {"C": 155.36472747204053, "epsilon": 1.2842110866365153, "gamma": 0.060592680788280735}, "datetime": {"datetime": "2021-09-24 10:16:23", "elapsed": 165.057598, "delta": 1.249962}}
{"target": 0.363897798122668, "params": {"C": 104.65652718944052, "epsilon": 2.771164445683618, "gamma": 0.0005}, "datetime": {"datetime": "2021-09-24 10:16:25", "elapsed": 167.346844, "delta": 2.289246}}
{"target": 0.36596992266540584, "params": {"C": 115.46202004434986, "epsilon": 2.6945121204899727, "gamma": 0.0701791438738595}, "datetime": {"datetime": "2021-09-24 10:16:26", "elapsed": 168.65471, "delta": 1.307866}}
{"target": 0.4106620934761718, "params": {"C": 177.8248402593043, "epsilon": 1.9155600918237612, "gamma": 0.021132875974795583}, "datetime": {"datetime": "2021-09-24 10:16:27", "elapsed": 169.84653, "delta": 1.19182}}
{"target": 0.28968601820388096, "params": {"C": 125.48258755838755, "epsilon": 2.1616930506212895, "gamma": 0.14171467329055693}, "datetime": {"datetime": "2021-09-24 10:16:29", "elapsed": 171.098437, "delta": 1.251907}}
{"target": 0.43448439132542993, "params": {"C": 113.35655084449074, "epsilon": 1.9557105017828371, "gamma": 0.005296845430352677}, "datetime": {"datetime": "2021-09-24 10:16:31", "elapsed": 172.888811, "delta": 1.790374}}
{"target": 0.40822240110484065, "params": {"C": 113.42319075753453, "epsilon": 1.8927496245312982, "gamma": 0.03770720357688698}, "datetime": {"datetime": "2021-09-24 10:16:32", "elapsed": 174.746293, "delta": 1.857482}}
{"target": 0.3557023219142066, "params": {"C": 192.89219365250148, "epsilon": 1.324622975291536, "gamma": 0.05638458769950798}, "datetime": {"datetime": "2021-09-24 10:16:35", "elapsed": 177.195926, "delta": 2.449633}}
{"target": 0.3409096142725325, "params": {"C": 125.66201953597398, "epsilon": 1.0625384898669812, "gamma": 0.08675646657513057}, "datetime": {"datetime": "2021-09-24 10:16:36", "elapsed": 178.503869, "delta": 1.307943}}
{"target": 0.3953636205544244, "params": {"C": 188.76571543764666, "epsilon": 2.4400166913466355, "gamma": 0.03284085268437282}, "datetime": {"datetime": "2021-09-24 10:16:38", "elapsed": 179.915163, "delta": 1.411294}}
{"target": 0.4239327867593192, "params": {"C": 104.67720543489115, "epsilon": 2.5998403943413138, "gamma": 0.019246394749470243}, "datetime": {"datetime": "2021-09-24 10:16:40", "elapsed": 182.85289, "delta": 2.937727}}
{"target": 0.35003615710017766, "params": {"C": 113.39650441946296, "epsilon": 1.9709061099523721, "gamma": 0.08596644222955979}, "datetime": {"datetime": "2021-09-24 10:16:42", "elapsed": 184.785321, "delta": 1.932431}}
{"target": 0.37149741977398554, "params": {"C": 113.30208804838378, "epsilon": 1.8554143825246603, "gamma": 0.06791814986304436}, "datetime": {"datetime": "2021-09-24 10:16:46", "elapsed": 188.1819, "delta": 3.396579}}
{"target": 0.4192256769576267, "params": {"C": 122.52605594583979, "epsilon": 1.8273987175767923, "gamma": 0.018211825291060777}, "datetime": {"datetime": "2021-09-24 10:16:48", "elapsed": 190.098983, "delta": 1.917083}}
{"target": 0.3456165377345246, "params": {"C": 103.72599325853989, "epsilon": 2.2007662480275227, "gamma": 0.09604118250221437}, "datetime": {"datetime": "2021-09-24 10:16:50", "elapsed": 192.549079, "delta": 2.450096}}
{"target": 0.42922022802082926, "params": {"C": 162.59424249332147, "epsilon": 1.160443453064286, "gamma": 0.00882305565063588}, "datetime": {"datetime": "2021-09-24 10:16:51", "elapsed": 193.816152, "delta": 1.267073}}
{"target": 0.3400955653353691, "params": {"C": 103.17490574036114, "epsilon": 2.5185788643595695, "gamma": 0.10233262362839736}, "datetime": {"datetime": "2021-09-24 10:16:53", "elapsed": 195.0915, "delta": 1.275348}}
{"target": 0.3353904311307284, "params": {"C": 136.49737354884329, "epsilon": 2.2429423356479474, "gamma": 0.08739490018487202}, "datetime": {"datetime": "2021-09-24 10:16:54", "elapsed": 196.236791, "delta": 1.145291}}
{"target": 0.4204550159536693, "params": {"C": 106.3451191075485, "epsilon": 2.8775876402449523, "gamma": 0.031808527116913364}, "datetime": {"datetime": "2021-09-24 10:16:55", "elapsed": 197.3391, "delta": 1.102309}}
{"target": 0.42734645714043606, "params": {"C": 121.20188841981903, "epsilon": 1.4831902156361454, "gamma": 0.013032862368578427}, "datetime": {"datetime": "2021-09-24 10:16:58", "elapsed": 199.871468, "delta": 2.532368}}
{"target": 0.3424026304509421, "params": {"C": 121.19287197561286, "epsilon": 1.4685470468324746, "gamma": 0.08790355749664913}, "datetime": {"datetime": "2021-09-24 10:17:00", "elapsed": 202.358773, "delta": 2.487305}}
{"target": 0.37825677875499075, "params": {"C": 110.31115138182552, "epsilon": 2.3795027101922592, "gamma": 0.06498775438772048}, "datetime": {"datetime": "2021-09-24 10:17:03", "elapsed": 205.042503, "delta": 2.68373}}
{"target": 0.3648384812475417, "params": {"C": 162.5356575505778, "epsilon": 1.1182305102521237, "gamma": 0.05804967509240212}, "datetime": {"datetime": "2021-09-24 10:17:05", "elapsed": 207.083787, "delta": 2.041284}}
{"target": 0.3290425671044578, "params": {"C": 156.16992453802322, "epsilon": 2.265712867497919, "gamma": 0.08494295564059154}, "datetime": {"datetime": "2021-09-24 10:17:06", "elapsed": 208.213614, "delta": 1.129827}}
{"target": 0.3400908514666907, "params": {"C": 196.84261021275555, "epsilon": 2.998714567807524, "gamma": 0.06705187366212803}, "datetime": {"datetime": "2021-09-24 10:17:08", "elapsed": 210.44456, "delta": 2.230946}}
{"target": 0.3708598884579417, "params": {"C": 113.43835989583485, "epsilon": 1.9587988995916432, "gamma": 0.0005}, "datetime": {"datetime": "2021-09-24 10:17:10", "elapsed": 212.476592, "delta": 2.032032}}
{"target": 0.43458526744545056, "params": {"C": 122.71391073896334, "epsilon": 1.9525990986258053, "gamma": 0.00466586383032566}, "datetime": {"datetime": "2021-09-24 10:17:12", "elapsed": 214.190651, "delta": 1.714059}}
{"target": 0.4012570791721195, "params": {"C": 122.72602284506299, "epsilon": 1.9097015015595378, "gamma": 0.04614744199053623}, "datetime": {"datetime": "2021-09-24 10:17:14", "elapsed": 215.991954, "delta": 1.801303}}
{"target": 0.4103096263336996, "params": {"C": 137.20318993100074, "epsilon": 2.5098406845426693, "gamma": 0.030912803930794958}, "datetime": {"datetime": "2021-09-24 10:17:15", "elapsed": 217.539123, "delta": 1.547169}}
{"target": 0.4320052027695198, "params": {"C": 196.71924371264072, "epsilon": 2.900529859745061, "gamma": 0.0020548498029825685}, "datetime": {"datetime": "2021-09-24 10:17:17", "elapsed": 219.291184, "delta": 1.752061}}
{"target": 0.43299691689816067, "params": {"C": 146.25280000353183, "epsilon": 1.5506950481624564, "gamma": 0.0086842554328637}, "datetime": {"datetime": "2021-09-24 10:17:18", "elapsed": 220.734921, "delta": 1.443737}}
{"target": 0.3436966522582181, "params": {"C": 146.22153296701293, "epsilon": 1.5958368169026227, "gamma": 0.07629097278853603}, "datetime": {"datetime": "2021-09-24 10:17:20", "elapsed": 222.687635, "delta": 1.952714}}
{"target": 0.4069082442520341, "params": {"C": 127.37655805079875, "epsilon": 1.003275684564673, "gamma": 0.033263755725050415}, "datetime": {"datetime": "2021-09-24 10:17:21", "elapsed": 223.853152, "delta": 1.165517}}
{"target": 0.2885600983782024, "params": {"C": 158.1959915388202, "epsilon": 2.4918919169930227, "gamma": 0.12094481725947114}, "datetime": {"datetime": "2021-09-24 10:17:23", "elapsed": 225.485308, "delta": 1.632156}}
{"target": 0.3585931055742406, "params": {"C": 120.4307664325067, "epsilon": 1.4721933121574924, "gamma": 0.07445654728105566}, "datetime": {"datetime": "2021-09-24 10:17:24", "elapsed": 226.76527, "delta": 1.279962}}
{"target": 0.41647734163223515, "params": {"C": 113.45252378355718, "epsilon": 2.1070070904467055, "gamma": 0.030719634293017734}, "datetime": {"datetime": "2021-09-24 10:17:27", "elapsed": 229.015234, "delta": 2.249964}}
