{"target": 0.2819137419040949, "params": {"C": 276.7272578152643, "epsilon": 0.8553489930510522, "gamma": 0.06984317893564382}, "datetime": {"datetime": "2021-09-24 10:53:15", "elapsed": 282.645759, "delta": 2.325284}}
{"target": 0.29030618985936196, "params": {"C": 268.7624213050693, "epsilon": 0.802752034595309, "gamma": 0.06102116136340262}, "datetime": {"datetime": "2021-09-24 10:53:17", "elapsed": 284.674555, "delta": 2.028796}}
{"target": 0.25156431989419814, "params": {"C": 383.60129279239425, "epsilon": 1.655744738265541, "gamma": 0.06800546327354247}, "datetime": {"datetime": "2021-09-24 10:53:19", "elapsed": 287.21872, "delta": 2.544165}}
{"target": 0.31181601127406167, "params": {"C": 268.82841307165916, "epsilon": 0.946210945775754, "gamma": 0.049688277310772244}, "datetime": {"datetime": "2021-09-24 10:53:21", "elapsed": 289.48798, "delta": 2.26926}}
{"target": 0.36756970560002866, "params": {"C": 349.7980721858698, "epsilon": 1.9867600029369763, "gamma": 0.02600624850720873}, "datetime": {"datetime": "2021-09-24 10:53:24", "elapsed": 292.324676, "delta": 2.836696}}
{"target": 0.43986976643329223, "params": {"C": 265.5776352420933, "epsilon": 2.1289836206056254, "gamma": 0.012949392605649864}, "datetime": {"datetime": "2021-09-24 10:53:26", "elapsed": 294.039219, "delta": 1.714543}}
{"target": 0.44057073966184346, "params": {"C": 277.2443030279614, "epsilon": 1.5895471619751103, "gamma": 0.006854913613252328}, "datetime": {"datetime": "2021-09-24 10:53:28", "elapsed": 296.057727, "delta": 2.018508}}
{"target": 0.4489681107025476, "params": {"C": 277.19307359469315, "epsilon": 1.6658666925580357, "gamma": 0.008866518042472026}, "datetime": {"datetime": "2021-09-24 10:53:30", "elapsed": 298.261053, "delta": 2.203326}}
{"target": 0.3013504782974422, "params": {"C": 300.34612775796944, "epsilon": 0.3559066911112484, "gamma": 0.04864551512987694}, "datetime": {"datetime": "2021-09-24 10:53:32", "elapsed": 299.90891, "delta": 1.647857}}
{"target": 0.41857190162942504, "params": {"C": 277.1032652060979, "epsilon": 1.620833752227497, "gamma": 0.017945294944230472}, "datetime": {"datetime": "2021-09-24 10:53:34", "elapsed": 301.935385, "delta": 2.026475}}
{"target": 0.28896609860595546, "params": {"C": 265.65549578226984, "epsilon": 2.1494180472257964, "gamma": 0.06953612696043007}, "datetime": {"datetime": "2021-09-24 10:53:36", "elapsed": 303.758915, "delta": 1.82353}}
{"target": 0.24211048854804307, "params": {"C": 277.23865031484956, "epsilon": 1.6836925473592848, "gamma": 0.08933102444168137}, "datetime": {"datetime": "2021-09-24 10:53:37", "elapsed": 305.431313, "delta": 1.672398}}
{"target": 0.2787911483810549, "params": {"C": 377.8249928657149, "epsilon": 1.9362094808581793, "gamma": 0.05260088435762445}, "datetime": {"datetime": "2021-09-24 10:53:39", "elapsed": 306.819425, "delta": 1.388112}}
{"target": 0.3309218490293965, "params": {"C": 349.6809054296265, "epsilon": 2.0670974671232134, "gamma": 0.03429765827744132}, "datetime": {"datetime": "2021-09-24 10:53:41", "elapsed": 308.742239, "delta": 1.922814}}
{"target": 0.35395175862568695, "params": {"C": 277.1898243362622, "epsilon": 1.5891096727195764, "gamma": 0.033447490437405136}, "datetime": {"datetime": "2021-09-24 10:53:43", "elapsed": 311.102187, "delta": 2.359948}}
{"target": 0.3043734122591307, "params": {"C": 275.7489390039684, "epsilon": 2.99480505766839, "gamma": 0.05577258124437709}, "datetime": {"datetime": "2021-09-24 10:53:44", "elapsed": 312.412626, "delta": 1.310439}}
{"target": 0.42544918891525707, "params": {"C": 264.9185000212828, "epsilon": 1.505517105120882, "gamma": 0.001}, "datetime": {"datetime": "2021-09-24 10:53:47", "elapsed": 315.279336, "delta": 2.86671}}
{"target": 0.3715652995933779, "params": {"C": 277.0183502460367, "epsilon": 1.7271384923362616, "gamma": 0.0291697377763366}, "datetime": {"datetime": "2021-09-24 10:53:50", "elapsed": 317.877967, "delta": 2.598631}}
{"target": 0.42259321376570524, "params": {"C": 370.55788914166925, "epsilon": 1.3321247017830506, "gamma": 0.001}, "datetime": {"datetime": "2021-09-24 10:53:53", "elapsed": 320.620683, "delta": 2.742716}}
{"target": 0.3996176968374474, "params": {"C": 391.7022100641647, "epsilon": 0.44031724112385945, "gamma": 0.017335996185472973}, "datetime": {"datetime": "2021-09-24 10:53:55", "elapsed": 322.839251, "delta": 2.218568}}
{"target": 0.24358512343696193, "params": {"C": 281.6032308999012, "epsilon": 2.312221460734765, "gamma": 0.08754950528945461}, "datetime": {"datetime": "2021-09-24 10:53:56", "elapsed": 323.987842, "delta": 1.148591}}
{"target": 0.18821398387808774, "params": {"C": 322.62481214361327, "epsilon": 2.8527564587902217, "gamma": 0.09647639034633335}, "datetime": {"datetime": "2021-09-24 10:53:58", "elapsed": 326.023572, "delta": 2.03573}}
{"target": 0.42123271563750153, "params": {"C": 395.95857284063675, "epsilon": 1.4345567227212572, "gamma": 0.013709973884654596}, "datetime": {"datetime": "2021-09-24 10:53:59", "elapsed": 327.271806, "delta": 1.248234}}
{"target": 0.3731324759743201, "params": {"C": 268.8850818629548, "epsilon": 0.8452319013351375, "gamma": 0.029284238510913652}, "datetime": {"datetime": "2021-09-24 10:54:02", "elapsed": 329.798829, "delta": 2.527023}}
{"target": 0.4218678295922623, "params": {"C": 277.1065046805484, "epsilon": 1.7551180278100693, "gamma": 0.017241653236110866}, "datetime": {"datetime": "2021-09-24 10:54:05", "elapsed": 332.529828, "delta": 2.730999}}
{"target": 0.4255207137713467, "params": {"C": 277.1242183361603, "epsilon": 1.6880028122081983, "gamma": 0.001}, "datetime": {"datetime": "2021-09-24 10:54:07", "elapsed": 334.816993, "delta": 2.287165}}
{"target": 0.44322483964286463, "params": {"C": 335.18818080923177, "epsilon": 0.26782111226168814, "gamma": 0.011198813705839639}, "datetime": {"datetime": "2021-09-24 10:54:09", "elapsed": 337.196366, "delta": 2.379373}}
{"target": 0.17925655181282862, "params": {"C": 396.0423917461137, "epsilon": 1.364323513627218, "gamma": 0.08569722615641437}, "datetime": {"datetime": "2021-09-24 10:54:11", "elapsed": 339.420522, "delta": 2.224156}}
{"target": 0.3020056825934332, "params": {"C": 335.26848913606347, "epsilon": 0.17849051181257836, "gamma": 0.04313107282606155}, "datetime": {"datetime": "2021-09-24 10:54:13", "elapsed": 341.343307, "delta": 1.922785}}
{"target": 0.29147573662238313, "params": {"C": 276.8405674176331, "epsilon": 0.862832105586234, "gamma": 0.05770327060778486}, "datetime": {"datetime": "2021-09-24 10:54:17", "elapsed": 344.914476, "delta": 3.571169}}
{"target": 0.3413910966677802, "params": {"C": 323.0076178535254, "epsilon": 2.587206368745686, "gamma": 0.033817956216443304}, "datetime": {"datetime": "2021-09-24 10:54:19", "elapsed": 346.890215, "delta": 1.975739}}
{"target": 0.2680784927724601, "params": {"C": 335.25383454261356, "epsilon": 0.3371310588060941, "gamma": 0.0656535027367446}, "datetime": {"datetime": "2021-09-24 10:54:21", "elapsed": 349.151801, "delta": 2.261586}}
{"target": 0.14432140394571435, "params": {"C": 342.7331176341126, "epsilon": 0.0803632164710174, "gamma": 0.10709163235896572}, "datetime": {"datetime": "2021-09-24 10:54:22", "elapsed": 350.3988, "delta": 1.246999}}
{"target": 0.32026503317809374, "params": {"C": 290.25704794584004, "epsilon": 2.5038595244139117, "gamma": 0.04445309336028884}, "datetime": {"datetime": "2021-09-24 10:54:24", "elapsed": 351.680859, "delta": 1.282059}}
{"target": 0.4480979277982936, "params": {"C": 276.832357946983, "epsilon": 0.7413718783759177, "gamma": 0.010531006328274372}, "datetime": {"datetime": "2021-09-24 10:54:26", "elapsed": 354.345169, "delta": 2.66431}}
{"target": 0.42956104586364363, "params": {"C": 335.16721846914106, "epsilon": 0.18068204991633555, "gamma": 0.003998638566645967}, "datetime": {"datetime": "2021-09-24 10:54:28", "elapsed": 356.299534, "delta": 1.954365}}
{"target": 0.2705748362610365, "params": {"C": 335.1142356834133, "epsilon": 0.27102118197627106, "gamma": 0.06359674848518446}, "datetime": {"datetime": "2021-09-24 10:54:31", "elapsed": 358.658172, "delta": 2.358638}}
{"target": 0.16215085174954036, "params": {"C": 305.3344991383582, "epsilon": 0.9062932395482663, "gamma": 0.11132238603500874}, "datetime": {"datetime": "2021-09-24 10:54:32", "elapsed": 360.036872, "delta": 1.3787}}
{"target": 0.33010210065974444, "params": {"C": 286.1357922231448, "epsilon": 2.6255320200146572, "gamma": 0.041383499605666625}, "datetime": {"datetime": "2021-09-24 10:54:33", "elapsed": 361.364586, "delta": 1.327714}}
{"target": 0.28323363191403517, "params": {"C": 251.84335517789526, "epsilon": 2.809508350033011, "gamma": 0.07785585840006982}, "datetime": {"datetime": "2021-09-24 10:54:37", "elapsed": 364.614446, "delta": 3.24986}}
{"target": 0.18365823583709517, "params": {"C": 395.87891744991333, "epsilon": 1.4563567697614637, "gamma": 0.08447779480373485}, "datetime": {"datetime": "2021-09-24 10:54:40", "elapsed": 367.615909, "delta": 3.001463}}
{"target": 0.3913221543353882, "params": {"C": 284.1539863666722, "epsilon": 1.2336166797816468, "gamma": 0.02397336534786254}, "datetime": {"datetime": "2021-09-24 10:54:42", "elapsed": 369.97174, "delta": 2.355831}}
{"target": 0.16536982138867096, "params": {"C": 253.62060563767753, "epsilon": 1.3704145723210877, "gamma": 0.13668868430982706}, "datetime": {"datetime": "2021-09-24 10:54:43", "elapsed": 371.48375, "delta": 1.51201}}
{"target": 0.24197073127171664, "params": {"C": 293.265683841079, "epsilon": 2.566377205708932, "gamma": 0.08548220313505302}, "datetime": {"datetime": "2021-09-24 10:54:46", "elapsed": 373.604341, "delta": 2.120591}}
{"target": 0.3234817255314536, "params": {"C": 276.72173190872365, "epsilon": 0.7008174176313002, "gamma": 0.042065625656741296}, "datetime": {"datetime": "2021-09-24 10:54:49", "elapsed": 376.808539, "delta": 3.204198}}
{"target": 0.25684148959934694, "params": {"C": 277.0848240103799, "epsilon": 1.7344824333455715, "gamma": 0.08377706390142126}, "datetime": {"datetime": "2021-09-24 10:54:51", "elapsed": 379.414734, "delta": 2.606195}}
{"target": 0.4250201516075578, "params": {"C": 265.56503738048406, "epsilon": 2.2024687338838445, "gamma": 0.001}, "datetime": {"datetime": "2021-09-24 10:54:54", "elapsed": 382.042617, "delta": 2.627883}}
{"target": 0.4389598673575832, "params": {"C": 269.8876236140488, "epsilon": 1.4283132484618997, "gamma": 0.006643369459086523}, "datetime": {"datetime": "2021-09-24 10:54:58", "elapsed": 386.108961, "delta": 4.066344}}
{"target": 0.2823052341958592, "params": {"C": 394.66624023247823, "epsilon": 1.1781897887535222, "gamma": 0.04478102816161713}, "datetime": {"datetime": "2021-09-24 10:55:00", "elapsed": 387.626901, "delta": 1.51794}}
{"target": 0.33243164037274764, "params": {"C": 265.548315804908, "epsilon": 2.0139742046997444, "gamma": 0.04205496239921008}, "datetime": {"datetime": "2021-09-24 10:55:02", "elapsed": 390.0429, "delta": 2.415999}}
{"target": 0.42553984417456014, "params": {"C": 277.06897678854153, "epsilon": 1.8351894184944226, "gamma": 0.001}, "datetime": {"datetime": "2021-09-24 10:55:05", "elapsed": 392.943934, "delta": 2.901034}}
{"target": 0.13503911948606218, "params": {"C": 336.76755066335704, "epsilon": 1.6660598906548354, "gamma": 0.11680451005364983}, "datetime": {"datetime": "2021-09-24 10:55:07", "elapsed": 394.714068, "delta": 1.770134}}
{"target": 0.4156903341989133, "params": {"C": 277.1980880918493, "epsilon": 1.8614133555055086, "gamma": 0.01857373889497384}, "datetime": {"datetime": "2021-09-24 10:55:09", "elapsed": 397.452241, "delta": 2.738173}}
{"target": 0.423125604590739, "params": {"C": 389.4469226305671, "epsilon": 0.3470184159955936, "gamma": 0.001}, "datetime": {"datetime": "2021-09-24 10:55:12", "elapsed": 400.361928, "delta": 2.909687}}
{"target": 0.287266629605313, "params": {"C": 269.90941526996755, "epsilon": 1.507257158944306, "gamma": 0.06829832407667101}, "datetime": {"datetime": "2021-09-24 10:55:15", "elapsed": 402.912521, "delta": 2.550593}}
{"target": 0.4098251402837031, "params": {"C": 276.9214528577069, "epsilon": 0.9805151638887468, "gamma": 0.019663569685130396}, "datetime": {"datetime": "2021-09-24 10:55:18", "elapsed": 405.930864, "delta": 3.018343}}
{"target": 0.42440691433427224, "params": {"C": 334.89276635733955, "epsilon": 2.7315626004946694, "gamma": 0.0032280653722214035}, "datetime": {"datetime": "2021-09-24 10:55:20", "elapsed": 408.35129, "delta": 2.420426}}
{"target": 0.37992832074441496, "params": {"C": 330.88738300598266, "epsilon": 1.456948412238384, "gamma": 0.02442766336871369}, "datetime": {"datetime": "2021-09-24 10:55:22", "elapsed": 409.936866, "delta": 1.585576}}
{"target": 0.3257127680081279, "params": {"C": 395.9903672797726, "epsilon": 1.528881045101743, "gamma": 0.03189835400178957}, "datetime": {"datetime": "2021-09-24 10:55:25", "elapsed": 413.123218, "delta": 3.186352}}
{"target": 0.2318687236639284, "params": {"C": 384.8519721939914, "epsilon": 1.71809914708737, "gamma": 0.07333898763661545}, "datetime": {"datetime": "2021-09-24 10:55:27", "elapsed": 414.820463, "delta": 1.697245}}
{"target": 0.427669848736261, "params": {"C": 277.0086733456196, "epsilon": 1.6194142179289615, "gamma": 0.003144584663001201}, "datetime": {"datetime": "2021-09-24 10:55:30", "elapsed": 418.388566, "delta": 3.568103}}
{"target": 0.42265814450003036, "params": {"C": 383.445709143961, "epsilon": 1.6016837458262536, "gamma": 0.001}, "datetime": {"datetime": "2021-09-24 10:55:33", "elapsed": 420.902777, "delta": 2.514211}}
{"target": 0.32025348173601764, "params": {"C": 389.5202540928692, "epsilon": 0.44337965609575447, "gamma": 0.032963650285464774}, "datetime": {"datetime": "2021-09-24 10:55:37", "elapsed": 424.81476, "delta": 3.911983}}
{"target": 0.22171269181122932, "params": {"C": 276.9508634142404, "epsilon": 1.5696390224567807, "gamma": 0.09693912511664518}, "datetime": {"datetime": "2021-09-24 10:55:39", "elapsed": 427.434424, "delta": 2.619664}}
{"target": 0.3152252787201084, "params": {"C": 293.43378039721864, "epsilon": 2.6172722592726996, "gamma": 0.046832573126039945}, "datetime": {"datetime": "2021-09-24 10:55:44", "elapsed": 431.722241, "delta": 4.287817}}
{"target": 0.27681168774745823, "params": {"C": 276.9206673247248, "epsilon": 0.7051557714281116, "gamma": 0.07361508073301384}, "datetime": {"datetime": "2021-09-24 10:55:47", "elapsed": 434.757917, "delta": 3.035676}}
{"target": 0.3936829262427579, "params": {"C": 391.7268373194155, "epsilon": 0.5536428150215891, "gamma": 0.018546490489391283}, "datetime": {"datetime": "2021-09-24 10:55:50", "elapsed": 437.662803, "delta": 2.904886}}
{"target": 0.4249005829127587, "params": {"C": 349.8125434880304, "epsilon": 2.0669209031462374, "gamma": 0.001}, "datetime": {"datetime": "2021-09-24 10:55:53", "elapsed": 440.927882, "delta": 3.265079}}
{"target": 0.1933969797266143, "params": {"C": 277.1496331899831, "epsilon": 1.8742771331415786, "gamma": 0.10711566779601313}, "datetime": {"datetime": "2021-09-24 10:55:56", "elapsed": 443.556484, "delta": 2.628602}}
{"target": 0.14820547618975544, "params": {"C": 300.0610010920855, "epsilon": 2.4181446825664947, "gamma": 0.12725090103397255}, "datetime": {"datetime": "2021-09-24 10:55:57", "elapsed": 445.417048, "delta": 1.860564}}
{"target": 0.3234039342611551, "params": {"C": 265.237240402823, "epsilon": 0.1901698884048717, "gamma": 0.04291074090864123}, "datetime": {"datetime": "2021-09-24 10:55:59", "elapsed": 447.085117, "delta": 1.668069}}
{"target": 0.43104018820242895, "params": {"C": 334.93113739401747, "epsilon": 0.20515726065822829, "gamma": 0.004690481028468864}, "datetime": {"datetime": "2021-09-24 10:56:02", "elapsed": 449.882579, "delta": 2.797462}}
{"target": 0.4152253197171336, "params": {"C": 276.8903179247261, "epsilon": 0.8138202860159403, "gamma": 0.00180167696390748}, "datetime": {"datetime": "2021-09-24 10:56:05", "elapsed": 453.354407, "delta": 3.471828}}
{"target": 0.4277985862414313, "params": {"C": 277.28884990459267, "epsilon": 1.7711356918866834, "gamma": 0.0029561651385636633}, "datetime": {"datetime": "2021-09-24 10:56:10", "elapsed": 457.648698, "delta": 4.294291}}
{"target": 0.3397808471843341, "params": {"C": 277.3937661852648, "epsilon": 1.8433204354933759, "gamma": 0.038173426305240586}, "datetime": {"datetime": "2021-09-24 10:56:13", "elapsed": 461.255317, "delta": 3.606619}}
{"target": 0.21043929137555228, "params": {"C": 311.58597045403167, "epsilon": 2.8889763626214657, "gamma": 0.0922609701440306}, "datetime": {"datetime": "2021-09-24 10:56:15", "elapsed": 462.907253, "delta": 1.651936}}
{"target": 0.17269965641546092, "params": {"C": 319.86389553658626, "epsilon": 0.3346377367168651, "gamma": 0.10301850630893179}, "datetime": {"datetime": "2021-09-24 10:56:18", "elapsed": 466.436682, "delta": 3.529429}}
{"target": 0.4240979931485803, "params": {"C": 357.601284584645, "epsilon": 1.844754585504987, "gamma": 0.001}, "datetime": {"datetime": "2021-09-24 10:56:22", "elapsed": 470.269097, "delta": 3.832415}}
{"target": 0.4470931113079849, "params": {"C": 277.28680406018896, "epsilon": 1.6808654786907402, "gamma": 0.01056489710164376}, "datetime": {"datetime": "2021-09-24 10:56:26", "elapsed": 474.341042, "delta": 4.071945}}
{"target": 0.4446007942603579, "params": {"C": 334.96244129488144, "epsilon": 2.64060002140611, "gamma": 0.006511706246134873}, "datetime": {"datetime": "2021-09-24 10:56:30", "elapsed": 477.649171, "delta": 3.308129}}
{"target": 0.16021131527530275, "params": {"C": 334.9701662258193, "epsilon": 2.678453999845451, "gamma": 0.10353507832687164}, "datetime": {"datetime": "2021-09-24 10:56:33", "elapsed": 481.30549, "delta": 3.656319}}
{"target": 0.19713571758590365, "params": {"C": 327.9586992604565, "epsilon": 2.803619618010101, "gamma": 0.09289905103693706}, "datetime": {"datetime": "2021-09-24 10:56:35", "elapsed": 482.928992, "delta": 1.623502}}
{"target": 0.43803933548983276, "params": {"C": 277.4131171329935, "epsilon": 1.6576900312706184, "gamma": 0.006368111958015007}, "datetime": {"datetime": "2021-09-24 10:56:38", "elapsed": 485.844768, "delta": 2.915776}}
{"target": 0.20598937508082849, "params": {"C": 378.76500636904996, "epsilon": 0.17087666655427589, "gamma": 0.08124416834149671}, "datetime": {"datetime": "2021-09-24 10:56:40", "elapsed": 487.635076, "delta": 1.790308}}
{"target": 0.314071145917568, "params": {"C": 277.481519629338, "epsilon": 1.6229289684033752, "gamma": 0.04808886900862527}, "datetime": {"datetime": "2021-09-24 10:56:44", "elapsed": 492.312259, "delta": 4.677183}}
{"target": 0.42580326400199076, "params": {"C": 284.1946232214631, "epsilon": 1.3296360725199696, "gamma": 0.001}, "datetime": {"datetime": "2021-09-24 10:56:47", "elapsed": 495.358781, "delta": 3.046522}}
{"target": 0.36279484212481194, "params": {"C": 284.2852402294838, "epsilon": 1.2716336636944618, "gamma": 0.03044524403280205}, "datetime": {"datetime": "2021-09-24 10:56:51", "elapsed": 498.724225, "delta": 3.365444}}
{"target": 0.42848544215517337, "params": {"C": 334.9326064792685, "epsilon": 0.1031693964970743, "gamma": 0.0030408803903086766}, "datetime": {"datetime": "2021-09-24 10:56:54", "elapsed": 502.308303, "delta": 3.584078}}
{"target": 0.4268004456637523, "params": {"C": 334.8467397578999, "epsilon": 0.1525423953570013, "gamma": 0.001}, "datetime": {"datetime": "2021-09-24 10:56:57", "elapsed": 505.135886, "delta": 2.827583}}
{"target": 0.12617148370471232, "params": {"C": 334.90685688960775, "epsilon": 0.05132776697196748, "gamma": 0.12497784703704422}, "datetime": {"datetime": "2021-09-24 10:57:00", "elapsed": 508.200152, "delta": 3.064266}}
{"target": 0.42491570716775273, "params": {"C": 281.72253245572625, "epsilon": 0.642605445486902, "gamma": 0.001}, "datetime": {"datetime": "2021-09-24 10:57:05", "elapsed": 513.175208, "delta": 4.975056}}
{"target": 0.44452961212584263, "params": {"C": 277.28807691076463, "epsilon": 1.9500461941523028, "gamma": 0.011446834484655506}, "datetime": {"datetime": "2021-09-24 10:57:10", "elapsed": 517.522668, "delta": 4.34746}}
{"target": 0.4336824055303461, "params": {"C": 277.33671385658823, "epsilon": 1.5703797271759663, "gamma": 0.005355697784916071}, "datetime": {"datetime": "2021-09-24 10:57:13", "elapsed": 520.797191, "delta": 3.274523}}
{"target": 0.3937165553350648, "params": {"C": 333.27385178831673, "epsilon": 1.0804596480381417, "gamma": 0.020810246595781182}, "datetime": {"datetime": "2021-09-24 10:57:14", "elapsed": 522.488187, "delta": 1.690996}}
{"target": 0.43450282263990614, "params": {"C": 357.5609845242344, "epsilon": 1.9631135904604395, "gamma": 0.005377946714328946}, "datetime": {"datetime": "2021-09-24 10:57:18", "elapsed": 526.243062, "delta": 3.754875}}
{"target": 0.44707675426426463, "params": {"C": 334.8868053496275, "epsilon": 2.6252048069249385, "gamma": 0.006938452661083409}, "datetime": {"datetime": "2021-09-24 10:57:22", "elapsed": 529.588515, "delta": 3.345453}}
{"target": 0.12226277878485059, "params": {"C": 324.7880531243047, "epsilon": 1.2749632798987498, "gamma": 0.14808451666644368}, "datetime": {"datetime": "2021-09-24 10:57:24", "elapsed": 531.805064, "delta": 2.216549}}
{"target": 0.2712642110969683, "params": {"C": 261.0043009863484, "epsilon": 0.9935938469018073, "gamma": 0.08127631009741636}, "datetime": {"datetime": "2021-09-24 10:57:26", "elapsed": 533.952798, "delta": 2.147734}}
{"target": 0.2654695260905092, "params": {"C": 357.594713466903, "epsilon": 1.9332983632218828, "gamma": 0.06563965332013}, "datetime": {"datetime": "2021-09-24 10:57:29", "elapsed": 537.151941, "delta": 3.199143}}
{"target": 0.44373399344546594, "params": {"C": 357.53101065176554, "epsilon": 2.0452397823449404, "gamma": 0.009649263010853289}, "datetime": {"datetime": "2021-09-24 10:57:32", "elapsed": 539.885643, "delta": 2.733702}}
