{"target": -45.98633754984517, "params": {"C": 36.269517832538206, "epsilon": 2.10386232406414, "gamma": 0.10946422406930247}, "datetime": {"datetime": "2021-09-24 15:06:07", "elapsed": 252.252471, "delta": 2.896556}}
{"target": -43.91940816074933, "params": {"C": 36.13012874193258, "epsilon": 2.043813584903999, "gamma": 0.039745602217645976}, "datetime": {"datetime": "2021-09-24 15:06:09", "elapsed": 254.363713, "delta": 2.111242}}
{"target": -48.70936398724209, "params": {"C": 25.09900952929689, "epsilon": 0.43911266342520777, "gamma": 0.18916331490494656}, "datetime": {"datetime": "2021-09-24 15:06:10", "elapsed": 255.31379, "delta": 0.950077}}
{"target": -45.15321300342448, "params": {"C": 46.63400139224588, "epsilon": 0.22630591401805195, "gamma": 0.07994308720020375}, "datetime": {"datetime": "2021-09-24 15:06:12", "elapsed": 256.951877, "delta": 1.638087}}
{"target": -56.198147275880885, "params": {"C": 44.33574442837009, "epsilon": 1.3111823329891594, "gamma": 0.0001}, "datetime": {"datetime": "2021-09-24 15:06:14", "elapsed": 259.034653, "delta": 2.082776}}
{"target": -43.84975328313827, "params": {"C": 44.22431501459533, "epsilon": 1.4933167683108055, "gamma": 0.03730908072998904}, "datetime": {"datetime": "2021-09-24 15:06:16", "elapsed": 261.340326, "delta": 2.305673}}
{"target": -59.74255454797504, "params": {"C": 10.216232473287873, "epsilon": 2.2834819508654802, "gamma": 0.8395802928558078}, "datetime": {"datetime": "2021-09-24 15:06:17", "elapsed": 262.29132, "delta": 0.950994}}
{"target": -44.669678598484204, "params": {"C": 44.01871836870472, "epsilon": 0.9852898037531949, "gamma": 0.06515133972300248}, "datetime": {"datetime": "2021-09-24 15:06:20", "elapsed": 264.615098, "delta": 2.323778}}
{"target": -46.800778890281556, "params": {"C": 44.54668323334557, "epsilon": 1.392035163810448, "gamma": 0.13709831736921532}, "datetime": {"datetime": "2021-09-24 15:06:22", "elapsed": 267.002442, "delta": 2.387344}}
{"target": -56.7790896017858, "params": {"C": 36.40075798445727, "epsilon": 2.059404254730631, "gamma": 0.0001}, "datetime": {"datetime": "2021-09-24 15:06:25", "elapsed": 269.792953, "delta": 2.790511}}
{"target": -46.14041080160943, "params": {"C": 44.15011386590307, "epsilon": 1.4902015334852494, "gamma": 0.1178061932794694}, "datetime": {"datetime": "2021-09-24 15:06:27", "elapsed": 272.121453, "delta": 2.3285}}
{"target": -45.42674089717836, "params": {"C": 35.965843026362684, "epsilon": 2.031506672516171, "gamma": 0.08859590162274893}, "datetime": {"datetime": "2021-09-24 15:06:30", "elapsed": 274.455513, "delta": 2.33406}}
{"target": -47.558444951256185, "params": {"C": 44.2656861297454, "epsilon": 1.4666673095100808, "gamma": 0.17342538737841545}, "datetime": {"datetime": "2021-09-24 15:06:32", "elapsed": 276.981389, "delta": 2.525876}}
{"target": -44.48495707004267, "params": {"C": 25.299789060646333, "epsilon": 2.685137146309823, "gamma": 0.054414644792601254}, "datetime": {"datetime": "2021-09-24 15:06:34", "elapsed": 279.197018, "delta": 2.215629}}
{"target": -47.00819463151493, "params": {"C": 36.06797559573279, "epsilon": 2.1200258959385696, "gamma": 0.1426169403007822}, "datetime": {"datetime": "2021-09-24 15:06:38", "elapsed": 282.540447, "delta": 3.343429}}
{"target": -57.62081918737871, "params": {"C": 25.57354132086266, "epsilon": 2.289785315275663, "gamma": 0.0001}, "datetime": {"datetime": "2021-09-24 15:06:40", "elapsed": 284.628051, "delta": 2.087604}}
{"target": -56.95483408726663, "params": {"C": 8.31138086860238, "epsilon": 2.2714001098759162, "gamma": 0.3289373450203551}, "datetime": {"datetime": "2021-09-24 15:06:41", "elapsed": 285.635234, "delta": 1.007183}}
{"target": -47.30535155516013, "params": {"C": 43.94072459535454, "epsilon": 1.1183808285035555, "gamma": 0.159985843909572}, "datetime": {"datetime": "2021-09-24 15:06:43", "elapsed": 287.94246, "delta": 2.307226}}
{"target": -43.947998589102696, "params": {"C": 36.23371343870222, "epsilon": 2.0056557304288267, "gamma": 0.0409222849688159}, "datetime": {"datetime": "2021-09-24 15:06:45", "elapsed": 289.813285, "delta": 1.870825}}
{"target": -47.14486226473908, "params": {"C": 36.3464109016089, "epsilon": 1.859511255030482, "gamma": 0.14872533417557887}, "datetime": {"datetime": "2021-09-24 15:06:47", "elapsed": 291.953221, "delta": 2.139936}}
{"target": -44.557275795162866, "params": {"C": 44.72528627627005, "epsilon": 1.485688582032269, "gamma": 0.06285099377268949}, "datetime": {"datetime": "2021-09-24 15:06:48", "elapsed": 292.973095, "delta": 1.019874}}
{"target": -58.08322677847789, "params": {"C": 27.968364994170066, "epsilon": 1.0472501409367116, "gamma": 0.6511607186975146}, "datetime": {"datetime": "2021-09-24 15:06:49", "elapsed": 293.978598, "delta": 1.005503}}
{"target": -47.37879484784629, "params": {"C": 25.61430463535902, "epsilon": 2.4323812260986677, "gamma": 0.14987701296073186}, "datetime": {"datetime": "2021-09-24 15:06:51", "elapsed": 295.867102, "delta": 1.888504}}
{"target": -43.41190661758858, "params": {"C": 36.217630702373164, "epsilon": 2.29010385065943, "gamma": 0.01832640907145871}, "datetime": {"datetime": "2021-09-24 15:06:53", "elapsed": 297.75447, "delta": 1.887368}}
{"target": -56.80367101468411, "params": {"C": 36.04904835040359, "epsilon": 1.93412777784799, "gamma": 0.0001}, "datetime": {"datetime": "2021-09-24 15:06:56", "elapsed": 300.506388, "delta": 2.751918}}
{"target": -43.28905196789869, "params": {"C": 25.52819523084877, "epsilon": 2.645621166921132, "gamma": 0.010471465760469006}, "datetime": {"datetime": "2021-09-24 15:06:59", "elapsed": 303.84526, "delta": 3.338872}}
{"target": -46.37452068219999, "params": {"C": 36.248096140764005, "epsilon": 2.2666364131247536, "gamma": 0.12159149503848897}, "datetime": {"datetime": "2021-09-24 15:07:01", "elapsed": 306.397267, "delta": 2.552007}}
{"target": -47.342780940578066, "params": {"C": 35.82611500682023, "epsilon": 2.0568595433374375, "gamma": 0.15725378321622857}, "datetime": {"datetime": "2021-09-24 15:07:05", "elapsed": 309.50487, "delta": 3.107603}}
{"target": -43.194525731192435, "params": {"C": 44.038501713760326, "epsilon": 1.3796314955570008, "gamma": 0.011138074497463131}, "datetime": {"datetime": "2021-09-24 15:07:07", "elapsed": 312.371383, "delta": 2.866513}}
{"target": -56.80686611184218, "params": {"C": 36.18564396018843, "epsilon": 2.1609937932786236, "gamma": 0.0001}, "datetime": {"datetime": "2021-09-24 15:07:10", "elapsed": 315.001094, "delta": 2.629711}}
{"target": -48.40781776233034, "params": {"C": 46.65772044758771, "epsilon": 0.2607438231337013, "gamma": 0.2082991518252055}, "datetime": {"datetime": "2021-09-24 15:07:12", "elapsed": 317.162061, "delta": 2.160967}}
{"target": -58.00316113983887, "params": {"C": 13.89822151858989, "epsilon": 2.561836724772556, "gamma": 0.49020772051335193}, "datetime": {"datetime": "2021-09-24 15:07:13", "elapsed": 318.253098, "delta": 1.091037}}
{"target": -43.45432635270115, "params": {"C": 44.02772568718343, "epsilon": 0.8359468134401884, "gamma": 0.005163072074081983}, "datetime": {"datetime": "2021-09-24 15:07:15", "elapsed": 320.364056, "delta": 2.110958}}
{"target": -58.201613779057524, "params": {"C": 14.662990236519617, "epsilon": 0.6475747550852883, "gamma": 0.5248084996952913}, "datetime": {"datetime": "2021-09-24 15:07:17", "elapsed": 321.475604, "delta": 1.111548}}
{"target": -59.04979351874585, "params": {"C": 30.30044529885082, "epsilon": 0.13300659256873557, "gamma": 0.868922062588792}, "datetime": {"datetime": "2021-09-24 15:07:18", "elapsed": 322.556615, "delta": 1.081011}}
{"target": -56.21564634473007, "params": {"C": 44.322810678944336, "epsilon": 0.9199954020681524, "gamma": 0.0001}, "datetime": {"datetime": "2021-09-24 15:07:21", "elapsed": 326.34883, "delta": 3.792215}}
{"target": -43.281629885498475, "params": {"C": 36.31494340597869, "epsilon": 2.3257027392116916, "gamma": 0.009313849945456516}, "datetime": {"datetime": "2021-09-24 15:07:25", "elapsed": 330.255644, "delta": 3.906814}}
{"target": -46.960239466710505, "params": {"C": 36.23870707548361, "epsilon": 2.407642115235669, "gamma": 0.14080121588109953}, "datetime": {"datetime": "2021-09-24 15:07:28", "elapsed": 333.330858, "delta": 3.075214}}
{"target": -55.11846633439772, "params": {"C": 15.30831202445915, "epsilon": 0.27882025990741016, "gamma": 0.32092982777586887}, "datetime": {"datetime": "2021-09-24 15:07:30", "elapsed": 334.481935, "delta": 1.151077}}
{"target": -46.60326910292743, "params": {"C": 44.1005127625094, "epsilon": 0.926973380225008, "gamma": 0.13071939333303462}, "datetime": {"datetime": "2021-09-24 15:07:33", "elapsed": 338.260671, "delta": 3.778736}}
{"target": -47.14168510782776, "params": {"C": 44.41469595174661, "epsilon": 1.224499170938626, "gamma": 0.15241407397661233}, "datetime": {"datetime": "2021-09-24 15:07:37", "elapsed": 341.673938, "delta": 3.413267}}
{"target": -43.55889729581412, "params": {"C": 44.06255169686369, "epsilon": 1.54549989937162, "gamma": 0.020279870157466337}, "datetime": {"datetime": "2021-09-24 15:07:39", "elapsed": 344.279212, "delta": 2.605274}}
{"target": -59.56041273209041, "params": {"C": 19.327355767984606, "epsilon": 1.0919671195609628, "gamma": 0.9384268688864411}, "datetime": {"datetime": "2021-09-24 15:07:41", "elapsed": 345.608699, "delta": 1.329487}}
{"target": -45.41688453439223, "params": {"C": 36.3992164110916, "epsilon": 2.300620701739917, "gamma": 0.08870727430146728}, "datetime": {"datetime": "2021-09-24 15:07:44", "elapsed": 349.184708, "delta": 3.576009}}
{"target": -43.57226997855689, "params": {"C": 46.67887896026221, "epsilon": 0.599228103367692, "gamma": 0.026067151833077642}, "datetime": {"datetime": "2021-09-24 15:07:49", "elapsed": 354.00222, "delta": 4.817512}}
{"target": -44.77702328915557, "params": {"C": 44.139621209141076, "epsilon": 1.6105900944540743, "gamma": 0.07086952007512859}, "datetime": {"datetime": "2021-09-24 15:07:53", "elapsed": 357.882643, "delta": 3.880423}}
{"target": -58.11245543266044, "params": {"C": 32.51550466119276, "epsilon": 0.8617205666071936, "gamma": 0.6911202324751643}, "datetime": {"datetime": "2021-09-24 15:07:54", "elapsed": 359.068085, "delta": 1.185442}}
{"target": -43.78673577556712, "params": {"C": 46.502828173906494, "epsilon": 0.8068337705605988, "gamma": 0.03492830382624444}, "datetime": {"datetime": "2021-09-24 15:07:55", "elapsed": 360.409273, "delta": 1.341188}}
{"target": -54.521801158720095, "params": {"C": 21.622378953621403, "epsilon": 2.35419668624849, "gamma": 0.33787784409434923}, "datetime": {"datetime": "2021-09-24 15:07:57", "elapsed": 361.676247, "delta": 1.266974}}
{"target": -56.05699280974261, "params": {"C": 46.5835313608851, "epsilon": 0.6974123216067222, "gamma": 0.0001}, "datetime": {"datetime": "2021-09-24 15:08:00", "elapsed": 365.33846, "delta": 3.662213}}
{"target": -43.593239401722364, "params": {"C": 36.213670036881936, "epsilon": 2.40651708415596, "gamma": 0.02108896992760109}, "datetime": {"datetime": "2021-09-24 15:08:04", "elapsed": 368.795732, "delta": 3.457272}}
{"target": -60.08757708800434, "params": {"C": 1.447426197720295, "epsilon": 0.6924476056102004, "gamma": 0.7201514508430485}, "datetime": {"datetime": "2021-09-24 15:08:06", "elapsed": 370.421346, "delta": 1.625614}}
{"target": -43.76114102608946, "params": {"C": 36.344604189604304, "epsilon": 2.4477728636783675, "gamma": 0.026550894327673723}, "datetime": {"datetime": "2021-09-24 15:08:10", "elapsed": 374.425599, "delta": 4.004253}}
{"target": -43.617605049817904, "params": {"C": 25.767883596346877, "epsilon": 2.361325159416667, "gamma": 0.006692106946773657}, "datetime": {"datetime": "2021-09-24 15:08:13", "elapsed": 377.993037, "delta": 3.567438}}
{"target": -56.21431778852998, "params": {"C": 44.13261425198124, "epsilon": 1.4347227424136075, "gamma": 0.0001}, "datetime": {"datetime": "2021-09-24 15:08:18", "elapsed": 382.528402, "delta": 4.535365}}
{"target": -55.1207134849576, "params": {"C": 42.92071328618935, "epsilon": 1.2743699770640438, "gamma": 0.47058988037515925}, "datetime": {"datetime": "2021-09-24 15:08:19", "elapsed": 383.904758, "delta": 1.376356}}
{"target": -46.18692831215214, "params": {"C": 44.03375501132568, "epsilon": 1.6319976643940124, "gamma": 0.11930851031740489}, "datetime": {"datetime": "2021-09-24 15:08:23", "elapsed": 387.576609, "delta": 3.671851}}
{"target": -43.37198938898721, "params": {"C": 43.95249292677301, "epsilon": 1.3591031862735468, "gamma": 0.016113515633758888}, "datetime": {"datetime": "2021-09-24 15:08:27", "elapsed": 391.582547, "delta": 4.005938}}
{"target": -46.50089224645284, "params": {"C": 46.46121398927538, "epsilon": 0.8521184456156325, "gamma": 0.12912565541522703}, "datetime": {"datetime": "2021-09-24 15:08:30", "elapsed": 395.324078, "delta": 3.741531}}
{"target": -43.96395735091891, "params": {"C": 43.9360497497116, "epsilon": 1.5782918016657115, "gamma": 0.04684119447421522}, "datetime": {"datetime": "2021-09-24 15:08:33", "elapsed": 398.269661, "delta": 2.945583}}
{"target": -47.44979193963327, "params": {"C": 36.124464556204146, "epsilon": 2.00520672319828, "gamma": 0.16214580875083984}, "datetime": {"datetime": "2021-09-24 15:08:37", "elapsed": 401.588601, "delta": 3.31894}}
{"target": -46.21305383405426, "params": {"C": 44.304283945480506, "epsilon": 1.5836651153264145, "gamma": 0.12019484766114451}, "datetime": {"datetime": "2021-09-24 15:08:39", "elapsed": 404.150776, "delta": 2.562175}}
{"target": -55.7679164852585, "params": {"C": 49.051981966246274, "epsilon": 2.766093135193812, "gamma": 0.0001}, "datetime": {"datetime": "2021-09-24 15:08:42", "elapsed": 406.935521, "delta": 2.784745}}
{"target": -56.138308657094186, "params": {"C": 35.37696156237497, "epsilon": 1.6546092893287947, "gamma": 0.5036817476012612}, "datetime": {"datetime": "2021-09-24 15:08:43", "elapsed": 408.195765, "delta": 1.260244}}
{"target": -47.02629076637791, "params": {"C": 44.01687470036469, "epsilon": 1.4991961090820152, "gamma": 0.14697723051942943}, "datetime": {"datetime": "2021-09-24 15:08:46", "elapsed": 411.078018, "delta": 2.882253}}
{"target": -45.66631719799844, "params": {"C": 40.26897416092104, "epsilon": 1.399880792095435, "gamma": 0.0013077836251987735}, "datetime": {"datetime": "2021-09-24 15:08:47", "elapsed": 412.298668, "delta": 1.22065}}
{"target": -43.53343372331049, "params": {"C": 26.21366464424133, "epsilon": 2.9772110234175457, "gamma": 0.023090291952391272}, "datetime": {"datetime": "2021-09-24 15:08:50", "elapsed": 414.936976, "delta": 2.638308}}
{"target": -56.231618565676406, "params": {"C": 43.93380902097927, "epsilon": 1.061643712018323, "gamma": 0.0001}, "datetime": {"datetime": "2021-09-24 15:08:53", "elapsed": 417.658433, "delta": 2.721457}}
{"target": -52.55839672973934, "params": {"C": 42.756164336133516, "epsilon": 1.9362094808581793, "gamma": 0.3463800286522731}, "datetime": {"datetime": "2021-09-24 15:08:54", "elapsed": 418.981755, "delta": 1.323322}}
{"target": -45.8597832331091, "params": {"C": 40.42044822737772, "epsilon": 1.4336893715300152, "gamma": 0.10558790849517703}, "datetime": {"datetime": "2021-09-24 15:08:57", "elapsed": 422.228355, "delta": 3.2466}}
{"target": -45.14399777096087, "params": {"C": 40.24259648797208, "epsilon": 1.4271807669773002, "gamma": 0.08125730544583076}, "datetime": {"datetime": "2021-09-24 15:09:01", "elapsed": 426.380852, "delta": 4.152497}}
{"target": -57.33533551221126, "params": {"C": 9.411320074629687, "epsilon": 2.99480505766839, "gamma": 0.36766445628357486}, "datetime": {"datetime": "2021-09-24 15:09:03", "elapsed": 427.690559, "delta": 1.309707}}
{"target": -45.55358264124629, "params": {"C": 48.72091830677324, "epsilon": 2.860749074814733, "gamma": 0.1018760583377124}, "datetime": {"datetime": "2021-09-24 15:09:06", "elapsed": 431.063493, "delta": 3.372934}}
{"target": -44.05240172578829, "params": {"C": 48.84446516321153, "epsilon": 2.863011132303521, "gamma": 0.05048947546753856}, "datetime": {"datetime": "2021-09-24 15:09:10", "elapsed": 434.830287, "delta": 3.766794}}
{"target": -43.31135824890622, "params": {"C": 40.45128555013178, "epsilon": 1.349018423627256, "gamma": 0.010027620196786612}, "datetime": {"datetime": "2021-09-24 15:09:14", "elapsed": 438.63298, "delta": 3.802693}}
{"target": -45.94387786001389, "params": {"C": 40.244225215617256, "epsilon": 1.6669512789349015, "gamma": 0.10915291415206804}, "datetime": {"datetime": "2021-09-24 15:09:17", "elapsed": 441.89779, "delta": 3.26481}}
{"target": -58.95456078187635, "params": {"C": 11.32372209396772, "epsilon": 2.312221460734765, "gamma": 0.5809110761001723}, "datetime": {"datetime": "2021-09-24 15:09:18", "elapsed": 443.105599, "delta": 1.207809}}
{"target": -46.26763983336417, "params": {"C": 44.03692234634995, "epsilon": 1.1779560526551176, "gamma": 0.12115701690121566}, "datetime": {"datetime": "2021-09-24 15:09:21", "elapsed": 446.09337, "delta": 2.987771}}
{"target": -45.14012546199064, "params": {"C": 48.67980046127467, "epsilon": 1.4345567227212572, "gamma": 0.08539330796822908}, "datetime": {"datetime": "2021-09-24 15:09:22", "elapsed": 447.408846, "delta": 1.315476}}
{"target": -44.397708747487904, "params": {"C": 44.07969504225081, "epsilon": 0.7995224570604749, "gamma": 0.0578839840258086}, "datetime": {"datetime": "2021-09-24 15:09:26", "elapsed": 450.960897, "delta": 3.552051}}
{"target": -43.83981651280869, "params": {"C": 26.037648520706735, "epsilon": 2.938415600881134, "gamma": 0.004894851183069963}, "datetime": {"datetime": "2021-09-24 15:09:30", "elapsed": 454.808695, "delta": 3.847798}}
{"target": -43.38232419814449, "params": {"C": 48.11050870346664, "epsilon": 2.8577527647378367, "gamma": 0.008393240726469586}, "datetime": {"datetime": "2021-09-24 15:09:33", "elapsed": 457.832058, "delta": 3.023363}}
{"target": -57.59397852185789, "params": {"C": 26.09856433920906, "epsilon": 2.5756077100884656, "gamma": 0.0001}, "datetime": {"datetime": "2021-09-24 15:09:37", "elapsed": 462.285642, "delta": 4.453584}}
{"target": -45.66603561439945, "params": {"C": 26.21603501339604, "epsilon": 2.7286644047281094, "gamma": 0.09397171508685398}, "datetime": {"datetime": "2021-09-24 15:09:41", "elapsed": 465.975971, "delta": 3.690329}}
{"target": -45.15669534824954, "params": {"C": 43.91612559669534, "epsilon": 1.4848441813557671, "gamma": 0.08440082431370757}, "datetime": {"datetime": "2021-09-24 15:09:45", "elapsed": 469.510116, "delta": 3.534145}}
{"target": -43.28618500613382, "params": {"C": 46.449928056675766, "epsilon": 0.9274026276392217, "gamma": 0.01189115400069145}, "datetime": {"datetime": "2021-09-24 15:09:49", "elapsed": 473.432161, "delta": 3.922045}}
{"target": -45.887185253020895, "params": {"C": 46.54485778800242, "epsilon": 0.9801920782755232, "gamma": 0.10964209650646271}, "datetime": {"datetime": "2021-09-24 15:09:52", "elapsed": 477.017892, "delta": 3.585731}}
{"target": -47.795804240132696, "params": {"C": 36.268540015870435, "epsilon": 1.967678030002525, "gamma": 0.177217712164758}, "datetime": {"datetime": "2021-09-24 15:09:55", "elapsed": 480.254479, "delta": 3.236587}}
{"target": -58.28805373786427, "params": {"C": 31.292818427143448, "epsilon": 0.0803632164710174, "gamma": 0.7120531758102674}, "datetime": {"datetime": "2021-09-24 15:09:57", "elapsed": 481.68266, "delta": 1.428181}}
{"target": -54.64042985260498, "params": {"C": 14.150635662307753, "epsilon": 2.5038595244139117, "gamma": 0.29170233591243494}, "datetime": {"datetime": "2021-09-24 15:09:58", "elapsed": 483.226531, "delta": 1.543871}}
{"target": -56.216245791406756, "params": {"C": 44.02838898191617, "epsilon": 1.6418944701763631, "gamma": 0.0001}, "datetime": {"datetime": "2021-09-24 15:10:03", "elapsed": 487.756951, "delta": 4.53042}}
{"target": -56.05907441801915, "params": {"C": 46.40824412141964, "epsilon": 0.8382366188978336, "gamma": 0.0001}, "datetime": {"datetime": "2021-09-24 15:10:06", "elapsed": 490.93217, "delta": 3.175219}}
{"target": -44.20067071535404, "params": {"C": 46.389493971870515, "epsilon": 1.0162066537790055, "gamma": 0.05282230750229995}, "datetime": {"datetime": "2021-09-24 15:10:09", "elapsed": 494.280613, "delta": 3.348443}}
{"target": -59.08292862090492, "params": {"C": 19.075936385197007, "epsilon": 0.9062932395482663, "gamma": 0.740444656351713}, "datetime": {"datetime": "2021-09-24 15:10:11", "elapsed": 495.686508, "delta": 1.405895}}
{"target": -54.34522245751602, "params": {"C": 12.804358792893963, "epsilon": 2.6255320200146572, "gamma": 0.2711030956758796}, "datetime": {"datetime": "2021-09-24 15:10:12", "elapsed": 497.182356, "delta": 1.495848}}
{"target": -45.51526277048896, "params": {"C": 48.06787016873481, "epsilon": 2.7966943960203174, "gamma": 0.10019334858893698}, "datetime": {"datetime": "2021-09-24 15:10:18", "elapsed": 502.827683, "delta": 5.645327}}
{"target": -43.20697334526671, "params": {"C": 49.280662874155745, "epsilon": 2.8684274172507345, "gamma": 0.012336413718639359}, "datetime": {"datetime": "2021-09-24 15:10:22", "elapsed": 507.069115, "delta": 4.241432}}
{"target": -56.0379810813374, "params": {"C": 46.494201563062944, "epsilon": 1.011874588699877, "gamma": 0.0001}, "datetime": {"datetime": "2021-09-24 15:10:26", "elapsed": 511.269532, "delta": 4.200417}}
{"target": -60.0857383386617, "params": {"C": 2.1827311749746587, "epsilon": 1.3704145723210877, "gamma": 0.910671244573128}, "datetime": {"datetime": "2021-09-24 15:10:28", "elapsed": 512.807305, "delta": 1.537773}}
{"target": -47.559949739761684, "params": {"C": 46.40846399852082, "epsilon": 0.9984656738190898, "gamma": 0.1742987698844602}, "datetime": {"datetime": "2021-09-24 15:10:32", "elapsed": 516.572158, "delta": 3.764853}}
{"target": -48.52808198635421, "params": {"C": 25.546581848093254, "epsilon": 2.7274653080626634, "gamma": 0.0009487280556286019}, "datetime": {"datetime": "2021-09-24 15:10:36", "elapsed": 521.099082, "delta": 4.526924}}
