{"target": -37.04844593528118, "params": {"C": 133.554069577307, "epsilon": 1.4415323664752138, "gamma": 0.007169484586868483}, "datetime": {"datetime": "2021-09-28 11:58:57", "elapsed": 106.82633, "delta": 0.991996}}
{"target": -38.196492641395295, "params": {"C": 133.61619670361875, "epsilon": 1.4539725849801721, "gamma": 0.019255737495446158}, "datetime": {"datetime": "2021-09-28 11:58:59", "elapsed": 108.73314, "delta": 1.90681}}
{"target": -38.92927704051915, "params": {"C": 85.24801700752751, "epsilon": 2.5820042053207457, "gamma": 0.0418599329215071}, "datetime": {"datetime": "2021-09-28 11:59:01", "elapsed": 110.081698, "delta": 1.348558}}
{"target": -38.60628534833578, "params": {"C": 68.33729246700766, "epsilon": 2.4636631457309446, "gamma": 0.022207362956610514}, "datetime": {"datetime": "2021-09-28 11:59:02", "elapsed": 111.072698, "delta": 0.991}}
{"target": -43.88390163279944, "params": {"C": 51.63472268226411, "epsilon": 2.220564170796571, "gamma": 0.1722786515772614}, "datetime": {"datetime": "2021-09-28 11:59:03", "elapsed": 112.066326, "delta": 0.993628}}
{"target": -38.160394758318056, "params": {"C": 100.22214712665757, "epsilon": 2.0616807069536884, "gamma": 0.017406330613747377}, "datetime": {"datetime": "2021-09-28 11:59:04", "elapsed": 113.488401, "delta": 1.422075}}
{"target": -38.3170177551449, "params": {"C": 133.47820784066155, "epsilon": 1.508988331218285, "gamma": 0.022973332935166204}, "datetime": {"datetime": "2021-09-28 11:59:06", "elapsed": 115.086767, "delta": 1.598366}}
{"target": -41.360456481746986, "params": {"C": 133.53603560001912, "epsilon": 1.4435770089683435, "gamma": 0.08813278615531889}, "datetime": {"datetime": "2021-09-28 11:59:07", "elapsed": 116.611766, "delta": 1.524999}}
{"target": -40.217719245989784, "params": {"C": 119.59772376020915, "epsilon": 0.9856244684566998, "gamma": 0.0693279319969481}, "datetime": {"datetime": "2021-09-28 11:59:08", "elapsed": 117.586231, "delta": 0.974465}}
{"target": -37.988058290873724, "params": {"C": 122.91209057506994, "epsilon": 0.5912813792315739, "gamma": 0.016815635740891257}, "datetime": {"datetime": "2021-09-28 11:59:09", "elapsed": 118.956, "delta": 1.369769}}
{"target": -39.99233719689464, "params": {"C": 122.86819228334296, "epsilon": 0.5111378647303416, "gamma": 0.060950745022689386}, "datetime": {"datetime": "2021-09-28 11:59:11", "elapsed": 120.995781, "delta": 2.039781}}
{"target": -38.57160019346602, "params": {"C": 19.67083900369705, "epsilon": 1.977119553427797, "gamma": 0.02281024750604989}, "datetime": {"datetime": "2021-09-28 11:59:13", "elapsed": 122.341482, "delta": 1.345701}}
{"target": -36.89725208968453, "params": {"C": 32.449504304165714, "epsilon": 0.8161449076091196, "gamma": 0.00755890131454032}, "datetime": {"datetime": "2021-09-28 11:59:14", "elapsed": 123.814528, "delta": 1.473046}}
{"target": -36.22401335989032, "params": {"C": 85.20287213109734, "epsilon": 2.5965090846336323, "gamma": 0.0019735075852511134}, "datetime": {"datetime": "2021-09-28 11:59:16", "elapsed": 125.477091, "delta": 1.662563}}
{"target": -38.681140397865285, "params": {"C": 145.16883540332785, "epsilon": 2.919165451652996, "gamma": 0.03373744573541862}, "datetime": {"datetime": "2021-09-28 11:59:18", "elapsed": 127.633476, "delta": 2.156385}}
{"target": -39.60997626709993, "params": {"C": 100.18852871381225, "epsilon": 2.100268935550198, "gamma": 0.05954247122207458}, "datetime": {"datetime": "2021-09-28 11:59:20", "elapsed": 129.382539, "delta": 1.749063}}
{"target": -38.59195970429075, "params": {"C": 122.79007818660465, "epsilon": 0.6665062978689426, "gamma": 0.03258257551569911}, "datetime": {"datetime": "2021-09-28 11:59:21", "elapsed": 130.83742, "delta": 1.454881}}
{"target": -39.27821882412337, "params": {"C": 32.37467097991734, "epsilon": 0.6843669393317231, "gamma": 0.031206789788423134}, "datetime": {"datetime": "2021-09-28 11:59:23", "elapsed": 132.320083, "delta": 1.482663}}
{"target": -36.703237576677466, "params": {"C": 141.7727637736137, "epsilon": 0.5040578637293539, "gamma": 0.002826103495725597}, "datetime": {"datetime": "2021-09-28 11:59:25", "elapsed": 134.023141, "delta": 1.703058}}
{"target": -40.034794246563564, "params": {"C": 19.623439996815886, "epsilon": 1.8742522316193344, "gamma": 0.0017942071596240812}, "datetime": {"datetime": "2021-09-28 11:59:26", "elapsed": 135.636309, "delta": 1.613168}}
{"target": -37.16692690277732, "params": {"C": 73.37418220716185, "epsilon": 2.6175211489884807, "gamma": 0.007697158302070856}, "datetime": {"datetime": "2021-09-28 11:59:28", "elapsed": 137.230311, "delta": 1.594002}}
{"target": -37.69918242897511, "params": {"C": 32.479185956270214, "epsilon": 0.7260453860722728, "gamma": 0.012355627283943849}, "datetime": {"datetime": "2021-09-28 11:59:30", "elapsed": 139.196731, "delta": 1.96642}}
{"target": -38.587363477641844, "params": {"C": 141.88838908677332, "epsilon": 0.4959696183444223, "gamma": 0.030692775312629123}, "datetime": {"datetime": "2021-09-28 11:59:31", "elapsed": 140.432438, "delta": 1.235707}}
{"target": -41.800869179629316, "params": {"C": 116.68565431274645, "epsilon": 2.485795637143818, "gamma": 0.09874547382176113}, "datetime": {"datetime": "2021-09-28 11:59:33", "elapsed": 142.4297, "delta": 1.997262}}
{"target": -38.821425305048, "params": {"C": 73.43065539389505, "epsilon": 2.621944671721515, "gamma": 0.0337093879526671}, "datetime": {"datetime": "2021-09-28 11:59:35", "elapsed": 144.734606, "delta": 2.304906}}
{"target": -40.87430956866537, "params": {"C": 141.72264428188439, "epsilon": 0.5658886401146888, "gamma": 0.07862329197283101}, "datetime": {"datetime": "2021-09-28 11:59:37", "elapsed": 146.517752, "delta": 1.783146}}
{"target": -38.21530112684023, "params": {"C": 85.05844064226038, "epsilon": 2.5618290211479824, "gamma": 0.017111021590877584}, "datetime": {"datetime": "2021-09-28 11:59:39", "elapsed": 148.07661, "delta": 1.558858}}
{"target": -43.11957561419369, "params": {"C": 89.6206780106227, "epsilon": 2.567432506600664, "gamma": 0.1337752315670741}, "datetime": {"datetime": "2021-09-28 11:59:40", "elapsed": 149.269167, "delta": 1.192557}}
{"target": -38.32719507933, "params": {"C": 34.77017257266494, "epsilon": 1.3028487332718524, "gamma": 0.01715087580515377}, "datetime": {"datetime": "2021-09-28 11:59:41", "elapsed": 150.90407, "delta": 1.634903}}
{"target": -43.10517783029404, "params": {"C": 34.78405321198675, "epsilon": 1.183896541084834, "gamma": 0.13191939957981302}, "datetime": {"datetime": "2021-09-28 11:59:44", "elapsed": 153.118483, "delta": 2.214413}}
{"target": -36.21071257306995, "params": {"C": 149.8675170975871, "epsilon": 0.1914803078082288, "gamma": 0.001}, "datetime": {"datetime": "2021-09-28 11:59:46", "elapsed": 155.018234, "delta": 1.899751}}
{"target": -36.243066446592245, "params": {"C": 149.99893164763725, "epsilon": 0.1880398934825677, "gamma": 0.001372964868336664}, "datetime": {"datetime": "2021-09-28 11:59:47", "elapsed": 156.759983, "delta": 1.741749}}
{"target": -43.749383730682986, "params": {"C": 44.3651986063943, "epsilon": 0.902727193455901, "gamma": 0.16567194349251133}, "datetime": {"datetime": "2021-09-28 11:59:48", "elapsed": 157.901556, "delta": 1.141573}}
{"target": -40.12082799428358, "params": {"C": 149.85827913402605, "epsilon": 0.30974497029355624, "gamma": 0.05817960418432227}, "datetime": {"datetime": "2021-09-28 11:59:51", "elapsed": 160.376863, "delta": 2.475307}}
{"target": -44.07717257820855, "params": {"C": 12.661950752411952, "epsilon": 1.2364929705274044, "gamma": 0.13894014028122506}, "datetime": {"datetime": "2021-09-28 11:59:52", "elapsed": 161.365862, "delta": 0.988999}}
{"target": -36.261280502366986, "params": {"C": 133.48053119218204, "epsilon": 1.3678576871779864, "gamma": 0.0011077638204933724}, "datetime": {"datetime": "2021-09-28 11:59:54", "elapsed": 163.594754, "delta": 2.228892}}
{"target": -36.22618078655261, "params": {"C": 133.566600048394, "epsilon": 1.3272359609826467, "gamma": 0.001}, "datetime": {"datetime": "2021-09-28 11:59:56", "elapsed": 165.964261, "delta": 2.369507}}
{"target": -36.77428915875826, "params": {"C": 139.37763131739652, "epsilon": 0.39229572486612174, "gamma": 0.0037827433500893736}, "datetime": {"datetime": "2021-09-28 11:59:58", "elapsed": 167.158258, "delta": 1.193997}}
{"target": -40.066278174594196, "params": {"C": 100.69584716647351, "epsilon": 1.598625621234893, "gamma": 0.06945404178196242}, "datetime": {"datetime": "2021-09-28 11:59:59", "elapsed": 168.305523, "delta": 1.147265}}
{"target": -39.64703481170797, "params": {"C": 138.87420196372884, "epsilon": 0.5680516127093954, "gamma": 0.052132316262913495}, "datetime": {"datetime": "2021-09-28 12:00:00", "elapsed": 169.585985, "delta": 1.280462}}
{"target": -36.86479659792862, "params": {"C": 73.26208682156555, "epsilon": 2.6586243770582714, "gamma": 0.001}, "datetime": {"datetime": "2021-09-28 12:00:03", "elapsed": 172.085623, "delta": 2.499638}}
{"target": -40.31365955776823, "params": {"C": 83.49344393334039, "epsilon": 0.4271745244114547, "gamma": 0.07295043385352676}, "datetime": {"datetime": "2021-09-28 12:00:04", "elapsed": 173.402572, "delta": 1.316949}}
{"target": -40.474191982701235, "params": {"C": 139.3754598337202, "epsilon": 0.46523210158333234, "gamma": 0.07092958941026255}, "datetime": {"datetime": "2021-09-28 12:00:07", "elapsed": 176.148357, "delta": 2.745785}}
{"target": -40.92472698344355, "params": {"C": 149.96940751155608, "epsilon": 0.1655096425787846, "gamma": 0.07938643503693596}, "datetime": {"datetime": "2021-09-28 12:00:09", "elapsed": 178.089323, "delta": 1.940966}}
{"target": -38.414178204010966, "params": {"C": 116.95901198636341, "epsilon": 1.3738823576897299, "gamma": 0.025704246150424145}, "datetime": {"datetime": "2021-09-28 12:00:10", "elapsed": 179.407233, "delta": 1.31791}}
{"target": -43.88374899043422, "params": {"C": 38.96905546199745, "epsilon": 1.7429587294066236, "gamma": 0.17007977604688757}, "datetime": {"datetime": "2021-09-28 12:00:11", "elapsed": 180.458445, "delta": 1.051212}}
{"target": -39.94626582954026, "params": {"C": 133.4882743442586, "epsilon": 1.2560008978555055, "gamma": 0.05864514861320732}, "datetime": {"datetime": "2021-09-28 12:00:13", "elapsed": 182.275122, "delta": 1.816677}}
{"target": -40.1322183659665, "params": {"C": 73.27255834471491, "epsilon": 2.5460125502665223, "gamma": 0.07149198239246121}, "datetime": {"datetime": "2021-09-28 12:00:15", "elapsed": 184.257327, "delta": 1.982205}}
{"target": -38.91596779318053, "params": {"C": 73.14445956765896, "epsilon": 2.694583100580497, "gamma": 0.03882745830051836}, "datetime": {"datetime": "2021-09-28 12:00:18", "elapsed": 187.636576, "delta": 3.379249}}
{"target": -37.5930652185937, "params": {"C": 19.75117998718135, "epsilon": 0.7657259429682015, "gamma": 0.011482061023679133}, "datetime": {"datetime": "2021-09-28 12:00:19", "elapsed": 189.009131, "delta": 1.372555}}
{"target": -36.22352369502918, "params": {"C": 133.66134214815648, "epsilon": 1.3407391979161387, "gamma": 0.001}, "datetime": {"datetime": "2021-09-28 12:00:22", "elapsed": 191.880206, "delta": 2.871075}}
{"target": -39.47749663031095, "params": {"C": 19.83606480049148, "epsilon": 0.8527248726801515, "gamma": 0.03345746562533986}, "datetime": {"datetime": "2021-09-28 12:00:24", "elapsed": 193.494957, "delta": 1.614751}}
{"target": -37.82867100378977, "params": {"C": 145.3655426417768, "epsilon": 2.99487192664123, "gamma": 0.013979180167822663}, "datetime": {"datetime": "2021-09-28 12:00:26", "elapsed": 195.014787, "delta": 1.51983}}
{"target": -40.253913659988925, "params": {"C": 139.3143043457582, "epsilon": 0.24092833408520553, "gamma": 0.06381442980900126}, "datetime": {"datetime": "2021-09-28 12:00:27", "elapsed": 196.800305, "delta": 1.785518}}
{"target": -38.571287823612224, "params": {"C": 133.62374740232462, "epsilon": 1.2458741258701855, "gamma": 0.032340212288227664}, "datetime": {"datetime": "2021-09-28 12:00:29", "elapsed": 198.852877, "delta": 2.052572}}
{"target": -38.8250216761477, "params": {"C": 139.2517507355418, "epsilon": 0.413741325020162, "gamma": 0.03504475643673904}, "datetime": {"datetime": "2021-09-28 12:00:31", "elapsed": 200.805665, "delta": 1.952788}}
{"target": -37.72849300067926, "params": {"C": 133.654757653426, "epsilon": 1.3334553612133802, "gamma": 0.014396122968209923}, "datetime": {"datetime": "2021-09-28 12:00:32", "elapsed": 201.909666, "delta": 1.104001}}
{"target": -45.15370153363015, "params": {"C": 5.730609553138105, "epsilon": 2.2781090071071746, "gamma": 0.12292668648483698}, "datetime": {"datetime": "2021-09-28 12:00:34", "elapsed": 203.164619, "delta": 1.254953}}
{"target": -43.00384762010402, "params": {"C": 20.605120116266633, "epsilon": 1.3407651475709585, "gamma": 0.001}, "datetime": {"datetime": "2021-09-28 12:00:36", "elapsed": 205.710383, "delta": 2.545764}}
{"target": -39.98070297644657, "params": {"C": 10.454227470247252, "epsilon": 2.8164426665473057, "gamma": 0.03848646390586951}, "datetime": {"datetime": "2021-09-28 12:00:38", "elapsed": 207.082325, "delta": 1.371942}}
{"target": -36.28161943827869, "params": {"C": 145.24893566260062, "epsilon": 2.8655814432713997, "gamma": 0.001}, "datetime": {"datetime": "2021-09-28 12:00:40", "elapsed": 209.654508, "delta": 2.572183}}
{"target": -42.73737299802335, "params": {"C": 46.70627607241909, "epsilon": 2.636453745395916, "gamma": 0.12619654526039722}, "datetime": {"datetime": "2021-09-28 12:00:42", "elapsed": 211.405273, "delta": 1.750765}}
{"target": -44.107622266173294, "params": {"C": 122.85826970092434, "epsilon": 0.6176392692567675, "gamma": 0.13521940491718082}, "datetime": {"datetime": "2021-09-28 12:00:45", "elapsed": 214.08801, "delta": 2.682737}}
{"target": -36.23070296897277, "params": {"C": 116.548178511244, "epsilon": 2.588529187690174, "gamma": 0.001}, "datetime": {"datetime": "2021-09-28 12:00:48", "elapsed": 217.059841, "delta": 2.971831}}
{"target": -36.54112557991786, "params": {"C": 85.15200912596441, "epsilon": 2.5079816272461475, "gamma": 0.001}, "datetime": {"datetime": "2021-09-28 12:00:50", "elapsed": 219.028737, "delta": 1.968896}}
{"target": -38.417260926181626, "params": {"C": 133.82587824551058, "epsilon": 1.338954978233453, "gamma": 0.02782323173660477}, "datetime": {"datetime": "2021-09-28 12:00:52", "elapsed": 221.151524, "delta": 2.122787}}
{"target": -43.41907397391031, "params": {"C": 19.72363513978899, "epsilon": 0.8542242790265638, "gamma": 0.001}, "datetime": {"datetime": "2021-09-28 12:00:54", "elapsed": 223.588195, "delta": 2.436671}}
{"target": -38.15104509382666, "params": {"C": 73.31096068746655, "epsilon": 2.754671634384248, "gamma": 0.016546000037162122}, "datetime": {"datetime": "2021-09-28 12:00:56", "elapsed": 225.285158, "delta": 1.696963}}
{"target": -41.09140366299505, "params": {"C": 73.27893308960205, "epsilon": 2.6892379447978416, "gamma": 0.087182110919304}, "datetime": {"datetime": "2021-09-28 12:00:57", "elapsed": 226.945969, "delta": 1.660811}}
{"target": -38.33908321577809, "params": {"C": 116.50854776928621, "epsilon": 2.524443399228995, "gamma": 0.024451361810586887}, "datetime": {"datetime": "2021-09-28 12:01:01", "elapsed": 230.066664, "delta": 3.120695}}
{"target": -36.6283644958982, "params": {"C": 34.64943978384408, "epsilon": 1.3308340269136836, "gamma": 0.0032661008501837225}, "datetime": {"datetime": "2021-09-28 12:01:03", "elapsed": 232.761654, "delta": 2.69499}}
{"target": -38.47019777754618, "params": {"C": 100.95296328564217, "epsilon": 2.364877253696459, "gamma": 0.026259772105822192}, "datetime": {"datetime": "2021-09-28 12:01:05", "elapsed": 234.07315, "delta": 1.311496}}
{"target": -39.23085866460658, "params": {"C": 85.11075215709245, "epsilon": 2.3930779824390718, "gamma": 0.048353773407898946}, "datetime": {"datetime": "2021-09-28 12:01:07", "elapsed": 236.811006, "delta": 2.737856}}
{"target": -39.679436212983674, "params": {"C": 41.79107149569013, "epsilon": 0.005911889004727294, "gamma": 0.04022884464738478}, "datetime": {"datetime": "2021-09-28 12:01:09", "elapsed": 238.422866, "delta": 1.61186}}
{"target": -37.5676288643808, "params": {"C": 19.835891857387658, "epsilon": 0.677524025806768, "gamma": 0.011884780261871647}, "datetime": {"datetime": "2021-09-28 12:01:12", "elapsed": 241.200242, "delta": 2.777376}}
{"target": -37.54905320446776, "params": {"C": 116.57653928153118, "epsilon": 2.672032317672952, "gamma": 0.011055779588018368}, "datetime": {"datetime": "2021-09-28 12:01:14", "elapsed": 243.925416, "delta": 2.725174}}
{"target": -37.25175944042749, "params": {"C": 133.70872705503066, "epsilon": 1.4660527754895232, "gamma": 0.00893786789054107}, "datetime": {"datetime": "2021-09-28 12:01:17", "elapsed": 246.7785, "delta": 2.853084}}
{"target": -38.9140624278166, "params": {"C": 133.74238460563265, "epsilon": 1.3953184534370338, "gamma": 0.03922430566046896}, "datetime": {"datetime": "2021-09-28 12:01:20", "elapsed": 249.513506, "delta": 2.735006}}
{"target": -38.35315721672114, "params": {"C": 149.83967382717398, "epsilon": 0.11450427775880037, "gamma": 0.02577025748762496}, "datetime": {"datetime": "2021-09-28 12:01:22", "elapsed": 251.288506, "delta": 1.775}}
{"target": -38.60914514248749, "params": {"C": 10.880275425567548, "epsilon": 2.552132475689498, "gamma": 0.0190309528711789}, "datetime": {"datetime": "2021-09-28 12:01:25", "elapsed": 254.678185, "delta": 3.389679}}
{"target": -44.65805033549306, "params": {"C": 116.50042672918495, "epsilon": 2.6343291492419985, "gamma": 0.14630863567831331}, "datetime": {"datetime": "2021-09-28 12:01:27", "elapsed": 256.762184, "delta": 2.083999}}
{"target": -38.092639797330676, "params": {"C": 145.23738088850234, "epsilon": 2.728206202055119, "gamma": 0.01728337564036792}, "datetime": {"datetime": "2021-09-28 12:01:30", "elapsed": 259.078854, "delta": 2.31667}}
{"target": -37.8976931816371, "params": {"C": 15.901784434143389, "epsilon": 1.541499851408484, "gamma": 0.005030409742537736}, "datetime": {"datetime": "2021-09-28 12:01:31", "elapsed": 260.723862, "delta": 1.645008}}
{"target": -40.54077294803748, "params": {"C": 34.58864438488802, "epsilon": 1.2946967833159617, "gamma": 0.06007339138272248}, "datetime": {"datetime": "2021-09-28 12:01:34", "elapsed": 263.428904, "delta": 2.705042}}
{"target": -45.9554916397957, "params": {"C": 146.75628258436709, "epsilon": 1.2369986386141127, "gamma": 0.15116007492222935}, "datetime": {"datetime": "2021-09-28 12:01:35", "elapsed": 265.006112, "delta": 1.577208}}
{"target": -36.29401257720918, "params": {"C": 122.71119132337057, "epsilon": 0.5744229406295043, "gamma": 0.001}, "datetime": {"datetime": "2021-09-28 12:01:38", "elapsed": 267.630152, "delta": 2.62404}}
{"target": -39.00816945144217, "params": {"C": 75.39217278980931, "epsilon": 1.6856467414076397, "gamma": 0.04105835507206943}, "datetime": {"datetime": "2021-09-28 12:01:40", "elapsed": 269.372553, "delta": 1.742401}}
{"target": -36.262166300666024, "params": {"C": 108.07307556706513, "epsilon": 1.923897075806904, "gamma": 0.0016084708459161647}, "datetime": {"datetime": "2021-09-28 12:01:41", "elapsed": 270.779559, "delta": 1.407006}}
{"target": -41.18579598171544, "params": {"C": 72.72621734850003, "epsilon": 0.006353635997356216, "gamma": 0.09016196621440263}, "datetime": {"datetime": "2021-09-28 12:01:43", "elapsed": 272.593914, "delta": 1.814355}}
{"target": -36.1645399768992, "params": {"C": 139.45341498281496, "epsilon": 0.33058485598078025, "gamma": 0.001}, "datetime": {"datetime": "2021-09-28 12:01:45", "elapsed": 274.594678, "delta": 2.000764}}
{"target": -37.976106842396405, "params": {"C": 73.54667103258404, "epsilon": 2.7541196229912837, "gamma": 0.014889983997600935}, "datetime": {"datetime": "2021-09-28 12:01:47", "elapsed": 276.803202, "delta": 2.208524}}
{"target": -41.10837637726746, "params": {"C": 139.48651394630573, "epsilon": 0.22009642098102272, "gamma": 0.08298822186613204}, "datetime": {"datetime": "2021-09-28 12:01:50", "elapsed": 279.095429, "delta": 2.292227}}
{"target": -38.8854163906592, "params": {"C": 107.98933146268872, "epsilon": 1.917646724639583, "gamma": 0.03906528998572969}, "datetime": {"datetime": "2021-09-28 12:01:52", "elapsed": 281.378431, "delta": 2.283002}}
{"target": -39.436793017918944, "params": {"C": 108.20793126197773, "epsilon": 1.8494839178898994, "gamma": 0.05257576648383804}, "datetime": {"datetime": "2021-09-28 12:01:54", "elapsed": 283.697875, "delta": 2.319444}}
{"target": -40.58169984381083, "params": {"C": 122.68869704642988, "epsilon": 0.631018797637167, "gamma": 0.07495879787724646}, "datetime": {"datetime": "2021-09-28 12:01:57", "elapsed": 286.390385, "delta": 2.69251}}
{"target": -42.272704220880435, "params": {"C": 34.68547607257911, "epsilon": 1.431991219292275, "gamma": 0.10423277672178048}, "datetime": {"datetime": "2021-09-28 12:01:59", "elapsed": 288.430901, "delta": 2.040516}}
{"target": -40.191034967051856, "params": {"C": 50.50815083162728, "epsilon": 2.4276145298472636, "gamma": 0.06606094985653584}, "datetime": {"datetime": "2021-09-28 12:02:00", "elapsed": 289.856192, "delta": 1.425291}}
{"target": -40.05711644173388, "params": {"C": 19.984970667184918, "epsilon": 0.7070416364016046, "gamma": 0.04278891582505162}, "datetime": {"datetime": "2021-09-28 12:02:02", "elapsed": 291.605775, "delta": 1.749583}}
{"target": -41.43138716966065, "params": {"C": 108.05905972687137, "epsilon": 1.9631288497633843, "gamma": 0.09041718665473845}, "datetime": {"datetime": "2021-09-28 12:02:04", "elapsed": 293.880714, "delta": 2.274939}}
{"target": -38.88461254100526, "params": {"C": 28.28354542238683, "epsilon": 2.7163612498296086, "gamma": 0.024898177739331884}, "datetime": {"datetime": "2021-09-28 12:02:06", "elapsed": 295.066718, "delta": 1.186004}}
