{"target": -44.48974087133855, "params": {"C": 348.12796839415057, "epsilon": 2.175967875681004, "gamma": 0.027053879111875054}, "datetime": {"datetime": "2021-09-24 16:58:28", "elapsed": 20.104993, "delta": 0.475004}}
{"target": -43.05541321133371, "params": {"C": 351.57824125144015, "epsilon": 0.580454491282299, "gamma": 0.014191428571503354}, "datetime": {"datetime": "2021-09-24 16:58:28", "elapsed": 20.546039, "delta": 0.441046}}
{"target": -43.67658950333443, "params": {"C": 396.30459337562417, "epsilon": 2.164958542617965, "gamma": 0.014951814016298911}, "datetime": {"datetime": "2021-09-24 16:58:29", "elapsed": 20.93568, "delta": 0.389641}}
{"target": -43.21228470659241, "params": {"C": 329.6942914785209, "epsilon": 2.9498420203583438, "gamma": 0.01463792099401612}, "datetime": {"datetime": "2021-09-24 16:58:29", "elapsed": 21.37788, "delta": 0.4422}}
{"target": -43.95480796627262, "params": {"C": 373.7043945932621, "epsilon": 1.4887787147757119, "gamma": 0.0176770148021302}, "datetime": {"datetime": "2021-09-24 16:58:30", "elapsed": 21.824879, "delta": 0.446999}}
{"target": -43.52332578655734, "params": {"C": 332.3292031283853, "epsilon": 0.708665002583836, "gamma": 0.016700023564007772}, "datetime": {"datetime": "2021-09-24 16:58:30", "elapsed": 22.211879, "delta": 0.387}}
{"target": -43.02522644324837, "params": {"C": 310.32321899948136, "epsilon": 2.9263116893342054, "gamma": 0.005144840609188713}, "datetime": {"datetime": "2021-09-24 16:58:30", "elapsed": 22.536741, "delta": 0.324862}}
{"target": -44.68620972681853, "params": {"C": 394.5131998675033, "epsilon": 1.4005854661179438, "gamma": 0.025942728054694837}, "datetime": {"datetime": "2021-09-24 16:58:31", "elapsed": 22.852738, "delta": 0.315997}}
{"target": -43.818323913675805, "params": {"C": 361.23520342866664, "epsilon": 1.8369234189297006, "gamma": 0.0168706257891081}, "datetime": {"datetime": "2021-09-24 16:58:31", "elapsed": 23.247867, "delta": 0.395129}}
{"target": -43.367482557441136, "params": {"C": 302.3898698364335, "epsilon": 1.091784278837829, "gamma": 0.016875527397509995}, "datetime": {"datetime": "2021-09-24 16:58:32", "elapsed": 23.697868, "delta": 0.450001}}
{"target": -44.15392345031558, "params": {"C": 330.035038390552, "epsilon": 2.6375585428520822, "gamma": 0.023123555205729875}, "datetime": {"datetime": "2021-09-24 16:58:32", "elapsed": 24.076868, "delta": 0.379}}
{"target": -44.296333283022754, "params": {"C": 309.8282409664833, "epsilon": 2.916726489862894, "gamma": 0.027678701853734253}, "datetime": {"datetime": "2021-09-24 16:58:32", "elapsed": 24.486256, "delta": 0.409388}}
{"target": -44.312899290405944, "params": {"C": 305.26932658395674, "epsilon": 1.5728236681105212, "gamma": 0.026862447013209136}, "datetime": {"datetime": "2021-09-24 16:58:33", "elapsed": 24.893252, "delta": 0.406996}}
{"target": -43.533966154434964, "params": {"C": 306.700390553186, "epsilon": 3.323075898977594, "gamma": 0.0029748143480972985}, "datetime": {"datetime": "2021-09-24 16:58:33", "elapsed": 25.313272, "delta": 0.42002}}
{"target": -44.3144117032115, "params": {"C": 355.6105058718088, "epsilon": 1.6345017533991009, "gamma": 0.02358199216652072}, "datetime": {"datetime": "2021-09-24 16:58:34", "elapsed": 25.720279, "delta": 0.407007}}
{"target": -44.43210985423084, "params": {"C": 329.12159788585643, "epsilon": 0.4431282091726346, "gamma": 0.025048330023362212}, "datetime": {"datetime": "2021-09-24 16:58:34", "elapsed": 26.197135, "delta": 0.476856}}
{"target": -43.73111009266647, "params": {"C": 350.9966572652231, "epsilon": 0.31524459665622384, "gamma": 0.017199616266794837}, "datetime": {"datetime": "2021-09-24 16:58:35", "elapsed": 26.947168, "delta": 0.750033}}
{"target": -42.93049009119505, "params": {"C": 399.01250314551464, "epsilon": 2.9872471413575625, "gamma": 0.005008680115980152}, "datetime": {"datetime": "2021-09-24 16:58:35", "elapsed": 27.37944, "delta": 0.432272}}
{"target": -42.70372011232244, "params": {"C": 317.8589802417522, "epsilon": 2.005004704578739, "gamma": 0.011256206451317698}, "datetime": {"datetime": "2021-09-24 16:58:36", "elapsed": 27.829434, "delta": 0.449994}}
{"target": -43.69849218105612, "params": {"C": 349.43823828108447, "epsilon": 3.3244573963292865, "gamma": 0.016739492188988455}, "datetime": {"datetime": "2021-09-24 16:58:36", "elapsed": 28.242436, "delta": 0.413002}}
{"target": -44.029828260668296, "params": {"C": 346.1783118259216, "epsilon": 2.8117354620059505, "gamma": 0.02060546754298954}, "datetime": {"datetime": "2021-09-24 16:58:37", "elapsed": 28.751532, "delta": 0.509096}}
{"target": -43.30321316031392, "params": {"C": 386.06071490993673, "epsilon": 2.3167336378795307, "gamma": 0.0038880649093159794}, "datetime": {"datetime": "2021-09-24 16:58:37", "elapsed": 29.091538, "delta": 0.340006}}
{"target": -43.455703182341736, "params": {"C": 318.1963747743826, "epsilon": 1.9854247522715525, "gamma": 0.001018913051482174}, "datetime": {"datetime": "2021-09-24 16:58:37", "elapsed": 29.584354, "delta": 0.492816}}
{"target": -43.46301464307579, "params": {"C": 356.5310520851828, "epsilon": 3.542546217546579, "gamma": 0.001021780893566883}, "datetime": {"datetime": "2021-09-24 16:58:38", "elapsed": 30.089356, "delta": 0.505002}}
{"target": -43.64794602069928, "params": {"C": 338.33081446464, "epsilon": 2.9558369140908405, "gamma": 0.01663130543842404}, "datetime": {"datetime": "2021-09-24 16:58:38", "elapsed": 30.454239, "delta": 0.364883}}
{"target": -43.02827853340028, "params": {"C": 381.19389471724514, "epsilon": 1.9847652356333816, "gamma": 0.011861590420888031}, "datetime": {"datetime": "2021-09-24 16:58:39", "elapsed": 30.901237, "delta": 0.446998}}
{"target": -44.295454569151936, "params": {"C": 388.21926181604596, "epsilon": 1.7419134231097866, "gamma": 0.021982149253630623}, "datetime": {"datetime": "2021-09-24 16:58:39", "elapsed": 31.491617, "delta": 0.59038}}
{"target": -43.27872633129909, "params": {"C": 394.5015136652099, "epsilon": 0.5790523240852614, "gamma": 0.003689142951602287}, "datetime": {"datetime": "2021-09-24 16:58:40", "elapsed": 31.957618, "delta": 0.466001}}
{"target": -43.192110504112414, "params": {"C": 316.7952773609733, "epsilon": 3.421322161689099, "gamma": 0.014661992800137144}, "datetime": {"datetime": "2021-09-24 16:58:40", "elapsed": 32.392499, "delta": 0.434881}}
{"target": -43.134384894140325, "params": {"C": 342.8994424406133, "epsilon": 1.0412537727978373, "gamma": 0.014538948424205556}, "datetime": {"datetime": "2021-09-24 16:58:41", "elapsed": 33.074243, "delta": 0.681744}}
{"target": -44.35917348257615, "params": {"C": 375.73483259471226, "epsilon": 1.5689243087252789, "gamma": 0.023049259920498954}, "datetime": {"datetime": "2021-09-24 16:58:41", "elapsed": 33.564413, "delta": 0.49017}}
{"target": -44.139659319132306, "params": {"C": 305.1586484866464, "epsilon": 1.4593418950075303, "gamma": 0.02395355255456848}, "datetime": {"datetime": "2021-09-24 16:58:42", "elapsed": 34.08341, "delta": 0.518997}}
{"target": -44.54483425333199, "params": {"C": 351.047182627115, "epsilon": 0.12974882683448052, "gamma": 0.024898911473328053}, "datetime": {"datetime": "2021-09-24 16:58:43", "elapsed": 34.749638, "delta": 0.666228}}
{"target": -43.84512630063383, "params": {"C": 396.85199384758846, "epsilon": 3.9152847819934427, "gamma": 0.0013786259999510931}, "datetime": {"datetime": "2021-09-24 16:58:43", "elapsed": 35.392539, "delta": 0.642901}}
{"target": -44.83368310873599, "params": {"C": 399.3644758304254, "epsilon": 1.9074999800108658, "gamma": 0.02673659371416354}, "datetime": {"datetime": "2021-09-24 16:58:44", "elapsed": 36.088118, "delta": 0.695579}}
{"target": -43.520259585368194, "params": {"C": 308.29391058417144, "epsilon": 3.840428438894668, "gamma": 0.017182842356090106}, "datetime": {"datetime": "2021-09-24 16:58:45", "elapsed": 36.701323, "delta": 0.613205}}
{"target": -43.66992980791013, "params": {"C": 361.771025227668, "epsilon": 1.2459107303744867, "gamma": 0.016120860732516982}, "datetime": {"datetime": "2021-09-24 16:58:45", "elapsed": 37.258323, "delta": 0.557}}
{"target": -43.02274425997002, "params": {"C": 324.0464310501687, "epsilon": 1.712915382459606, "gamma": 0.01410685479935505}, "datetime": {"datetime": "2021-09-24 16:58:46", "elapsed": 37.777322, "delta": 0.518999}}
{"target": -43.28023523749959, "params": {"C": 348.43204538663804, "epsilon": 3.7136960442274485, "gamma": 0.003990696417149875}, "datetime": {"datetime": "2021-09-24 16:58:46", "elapsed": 38.406406, "delta": 0.629084}}
{"target": -43.52576204436888, "params": {"C": 313.24458343997435, "epsilon": 1.7993152242848247, "gamma": 0.0027992031635002547}, "datetime": {"datetime": "2021-09-24 16:58:47", "elapsed": 39.044483, "delta": 0.638077}}
{"target": -44.54455155682445, "params": {"C": 334.70352532470775, "epsilon": 0.36497414331800027, "gamma": 0.026649035562671133}, "datetime": {"datetime": "2021-09-24 16:58:48", "elapsed": 39.72568, "delta": 0.681197}}
{"target": -43.34207659298381, "params": {"C": 380.315270247768, "epsilon": 1.764381832239032, "gamma": 0.0036419048792824763}, "datetime": {"datetime": "2021-09-24 16:58:48", "elapsed": 40.306685, "delta": 0.581005}}
{"target": -43.10984782084589, "params": {"C": 383.08792064333204, "epsilon": 1.285843445506412, "gamma": 0.01314609800721141}, "datetime": {"datetime": "2021-09-24 16:58:49", "elapsed": 40.884914, "delta": 0.578229}}
{"target": -42.71955209904371, "params": {"C": 302.3676110503867, "epsilon": 2.996924086694015, "gamma": 0.007452970104372207}, "datetime": {"datetime": "2021-09-24 16:58:49", "elapsed": 41.586331, "delta": 0.701417}}
{"target": -44.32895211416259, "params": {"C": 324.86655354023713, "epsilon": 3.5147214547345342, "gamma": 0.027482579424565303}, "datetime": {"datetime": "2021-09-24 16:58:50", "elapsed": 42.090327, "delta": 0.503996}}
{"target": -44.978565208096526, "params": {"C": 379.73082508449374, "epsilon": 2.3156830620437217, "gamma": 0.028371357353328273}, "datetime": {"datetime": "2021-09-24 16:58:51", "elapsed": 42.686361, "delta": 0.596034}}
{"target": -44.525897770235325, "params": {"C": 334.9559361689847, "epsilon": 2.0032972494958137, "gamma": 0.028180233274285437}, "datetime": {"datetime": "2021-09-24 16:58:51", "elapsed": 43.318378, "delta": 0.632017}}
{"target": -42.73068454071332, "params": {"C": 366.13695208614973, "epsilon": 3.191570211912408, "gamma": 0.008589940404318257}, "datetime": {"datetime": "2021-09-24 16:58:52", "elapsed": 43.933349, "delta": 0.614971}}
{"target": -42.700197199275934, "params": {"C": 315.2330234656885, "epsilon": 2.506996879491239, "gamma": 0.007703689100385232}, "datetime": {"datetime": "2021-09-24 16:58:53", "elapsed": 44.701806, "delta": 0.768457}}
{"target": -44.12180988964966, "params": {"C": 364.3574537120551, "epsilon": 2.5027304018947465, "gamma": 0.021193221232825493}, "datetime": {"datetime": "2021-09-24 16:58:53", "elapsed": 45.321413, "delta": 0.619607}}
{"target": -43.48199950297048, "params": {"C": 344.24826469863854, "epsilon": 3.6088196455893953, "gamma": 0.0035247820171389185}, "datetime": {"datetime": "2021-09-24 16:58:54", "elapsed": 45.887884, "delta": 0.566471}}
{"target": -42.75204835053272, "params": {"C": 364.70439531088766, "epsilon": 2.166597899323284, "gamma": 0.010432620630044971}, "datetime": {"datetime": "2021-09-24 16:58:54", "elapsed": 46.457329, "delta": 0.569445}}
{"target": -43.74645425903975, "params": {"C": 376.5256955848364, "epsilon": 0.3812069086452059, "gamma": 0.01642034485149578}, "datetime": {"datetime": "2021-09-24 16:58:55", "elapsed": 47.005402, "delta": 0.548073}}
{"target": -43.56334622281946, "params": {"C": 396.0027847766566, "epsilon": 3.029597373698723, "gamma": 0.014426766694933585}, "datetime": {"datetime": "2021-09-24 16:58:55", "elapsed": 47.615104, "delta": 0.609702}}
{"target": -44.58251100163291, "params": {"C": 344.962503305393, "epsilon": 3.65507999921086, "gamma": 0.02849028047437679}, "datetime": {"datetime": "2021-09-24 16:58:56", "elapsed": 48.169103, "delta": 0.553999}}
{"target": -43.651576292120396, "params": {"C": 311.34741018017985, "epsilon": 3.2355886205194047, "gamma": 0.01782294712630036}, "datetime": {"datetime": "2021-09-24 16:58:57", "elapsed": 48.803678, "delta": 0.634575}}
{"target": -44.87142782000474, "params": {"C": 399.4275098112973, "epsilon": 3.4428823425728674, "gamma": 0.02730043855488206}, "datetime": {"datetime": "2021-09-24 16:58:57", "elapsed": 49.346331, "delta": 0.542653}}
{"target": -43.4819546267733, "params": {"C": 372.61978636648416, "epsilon": 2.2754709417809535, "gamma": 0.014781937553605764}, "datetime": {"datetime": "2021-09-24 16:58:58", "elapsed": 50.04736, "delta": 0.701029}}
{"target": -42.745678329486665, "params": {"C": 342.4534036292061, "epsilon": 1.1847016080498374, "gamma": 0.011050347733144946}, "datetime": {"datetime": "2021-09-24 16:58:58", "elapsed": 50.522945, "delta": 0.475585}}
{"target": -42.90736318414204, "params": {"C": 325.5790429204762, "epsilon": 0.7925634394356539, "gamma": 0.01315549095152669}, "datetime": {"datetime": "2021-09-24 16:58:59", "elapsed": 51.130762, "delta": 0.607817}}
{"target": -42.91378481761784, "params": {"C": 342.77268668107956, "epsilon": 0.4201594259561233, "gamma": 0.013220069011035666}, "datetime": {"datetime": "2021-09-24 16:59:00", "elapsed": 51.760996, "delta": 0.630234}}
{"target": -45.330979399728086, "params": {"C": 380.8411354649862, "epsilon": 0.8279245970078358, "gamma": 0.029810489100023606}, "datetime": {"datetime": "2021-09-24 16:59:00", "elapsed": 52.403195, "delta": 0.642199}}
{"target": -43.920323993660176, "params": {"C": 354.4232069206874, "epsilon": 1.2721561958449814, "gamma": 0.018199136560152134}, "datetime": {"datetime": "2021-09-24 16:59:01", "elapsed": 53.094197, "delta": 0.691002}}
{"target": -42.978200302562804, "params": {"C": 389.7169847810067, "epsilon": 3.034381960362839, "gamma": 0.011230136768639844}, "datetime": {"datetime": "2021-09-24 16:59:02", "elapsed": 53.674968, "delta": 0.580771}}
{"target": -43.0452793323873, "params": {"C": 340.67094206529765, "epsilon": 2.7654301746386727, "gamma": 0.013260441199901638}, "datetime": {"datetime": "2021-09-24 16:59:02", "elapsed": 54.484972, "delta": 0.810004}}
{"target": -43.192633663858025, "params": {"C": 312.5762727762013, "epsilon": 1.0284398646312705, "gamma": 0.005181954707142125}, "datetime": {"datetime": "2021-09-24 16:59:03", "elapsed": 55.202514, "delta": 0.717542}}
{"target": -44.01608994329963, "params": {"C": 380.0655678069338, "epsilon": 1.145931837859396, "gamma": 0.018342147457729774}, "datetime": {"datetime": "2021-09-24 16:59:04", "elapsed": 55.96727, "delta": 0.764756}}
{"target": -44.5002925876145, "params": {"C": 352.8151670467152, "epsilon": 3.098392024150643, "gamma": 0.027199017839260792}, "datetime": {"datetime": "2021-09-24 16:59:04", "elapsed": 56.642065, "delta": 0.674795}}
{"target": -44.061960211837274, "params": {"C": 357.65019703962787, "epsilon": 0.146760436979805, "gamma": 0.019199437905620075}, "datetime": {"datetime": "2021-09-24 16:59:05", "elapsed": 57.264067, "delta": 0.622002}}
{"target": -44.733602652346384, "params": {"C": 333.00514203810303, "epsilon": 0.6348037566144173, "gamma": 0.02930396763427359}, "datetime": {"datetime": "2021-09-24 16:59:06", "elapsed": 57.885334, "delta": 0.621267}}
{"target": -43.93628058526578, "params": {"C": 352.964166421416, "epsilon": 3.1897508770646428, "gamma": 0.019567225163946003}, "datetime": {"datetime": "2021-09-24 16:59:06", "elapsed": 58.569969, "delta": 0.684635}}
{"target": -44.22313322465934, "params": {"C": 369.98133521409306, "epsilon": 0.5438315880138135, "gamma": 0.02102622664997685}, "datetime": {"datetime": "2021-09-24 16:59:07", "elapsed": 59.350747, "delta": 0.780778}}
{"target": -42.64871333993066, "params": {"C": 347.0187995332875, "epsilon": 2.150924289598992, "gamma": 0.008805383144756212}, "datetime": {"datetime": "2021-09-24 16:59:08", "elapsed": 60.177183, "delta": 0.826436}}
{"target": -43.14559574531881, "params": {"C": 346.5341249825987, "epsilon": 0.44233724710864497, "gamma": 0.004925212642277532}, "datetime": {"datetime": "2021-09-24 16:59:09", "elapsed": 60.749042, "delta": 0.571859}}
{"target": -42.742784110236876, "params": {"C": 367.07067823957766, "epsilon": 3.1700091648079636, "gamma": 0.0063513665802164805}, "datetime": {"datetime": "2021-09-24 16:59:09", "elapsed": 61.484013, "delta": 0.734971}}
{"target": -42.661578615001275, "params": {"C": 300.8022256429437, "epsilon": 0.6634737071058079, "gamma": 0.008147253382081731}, "datetime": {"datetime": "2021-09-24 16:59:10", "elapsed": 62.171006, "delta": 0.686993}}
{"target": -42.85515802705212, "params": {"C": 338.266474854033, "epsilon": 1.590231655706134, "gamma": 0.011562889231206524}, "datetime": {"datetime": "2021-09-24 16:59:11", "elapsed": 63.040859, "delta": 0.869853}}
{"target": -43.903644735181075, "params": {"C": 328.9870972715696, "epsilon": 1.6724413118091312, "gamma": 0.019266272867681487}, "datetime": {"datetime": "2021-09-24 16:59:12", "elapsed": 63.777453, "delta": 0.736594}}
{"target": -43.951488280419284, "params": {"C": 321.1469133620741, "epsilon": 1.0736665601963802, "gamma": 0.001494155737813177}, "datetime": {"datetime": "2021-09-24 16:59:12", "elapsed": 64.545877, "delta": 0.768424}}
{"target": -43.784513147092476, "params": {"C": 329.15648660091966, "epsilon": 3.149300000118635, "gamma": 0.01810754728829911}, "datetime": {"datetime": "2021-09-24 16:59:13", "elapsed": 65.206459, "delta": 0.660582}}
{"target": -44.17892013263432, "params": {"C": 371.8735939309514, "epsilon": 1.4847530435375116, "gamma": 0.02149681388647846}, "datetime": {"datetime": "2021-09-24 16:59:14", "elapsed": 65.990435, "delta": 0.783976}}
{"target": -44.540806341888356, "params": {"C": 325.55299729357887, "epsilon": 0.4780555886255591, "gamma": 0.027540990682151937}, "datetime": {"datetime": "2021-09-24 16:59:15", "elapsed": 66.909311, "delta": 0.918876}}
{"target": -43.64621881299563, "params": {"C": 386.0779350284663, "epsilon": 1.8015414836432755, "gamma": 0.015129256566654793}, "datetime": {"datetime": "2021-09-24 16:59:15", "elapsed": 67.521135, "delta": 0.611824}}
{"target": -44.6465066091386, "params": {"C": 332.82233192756723, "epsilon": 0.08803528455996479, "gamma": 0.02772778257206361}, "datetime": {"datetime": "2021-09-24 16:59:16", "elapsed": 68.140136, "delta": 0.619001}}
{"target": -42.698326749044384, "params": {"C": 304.94172176891215, "epsilon": 2.3863366321392845, "gamma": 0.0113012489487083}, "datetime": {"datetime": "2021-09-24 16:59:17", "elapsed": 68.912402, "delta": 0.772266}}
{"target": -43.92204324090187, "params": {"C": 371.839817804836, "epsilon": 1.5314311634688957, "gamma": 0.017379337489782147}, "datetime": {"datetime": "2021-09-24 16:59:17", "elapsed": 69.529952, "delta": 0.61755}}
{"target": -42.788695124031776, "params": {"C": 342.2893549435098, "epsilon": 1.6628367765501009, "gamma": 0.0065815943523209325}, "datetime": {"datetime": "2021-09-24 16:59:18", "elapsed": 70.374106, "delta": 0.844154}}
{"target": -44.74313088957164, "params": {"C": 391.96674475920594, "epsilon": 2.5423696254627335, "gamma": 0.026735798554157957}, "datetime": {"datetime": "2021-09-24 16:59:19", "elapsed": 71.150104, "delta": 0.775998}}
{"target": -43.90809368764485, "params": {"C": 300.301304285607, "epsilon": 3.300686992705425, "gamma": 0.021619992785918057}, "datetime": {"datetime": "2021-09-24 16:59:20", "elapsed": 71.710408, "delta": 0.560304}}
{"target": -44.95139851483479, "params": {"C": 373.84430421480135, "epsilon": 3.2568497892025388, "gamma": 0.02883092464122197}, "datetime": {"datetime": "2021-09-24 16:59:20", "elapsed": 72.334407, "delta": 0.623999}}
{"target": -43.68826564205619, "params": {"C": 316.8228123295268, "epsilon": 0.21926465182982913, "gamma": 0.0012295067359591849}, "datetime": {"datetime": "2021-09-24 16:59:21", "elapsed": 73.001239, "delta": 0.666832}}
{"target": -42.97189568206401, "params": {"C": 312.6782557485287, "epsilon": 3.296840589453197, "gamma": 0.012493421924499256}, "datetime": {"datetime": "2021-09-24 16:59:22", "elapsed": 73.752354, "delta": 0.751115}}
{"target": -43.226580326475315, "params": {"C": 307.026622008847, "epsilon": 1.416523280268116, "gamma": 0.015922525802109615}, "datetime": {"datetime": "2021-09-24 16:59:23", "elapsed": 74.667027, "delta": 0.914673}}
{"target": -42.683725386002884, "params": {"C": 381.1207593824494, "epsilon": 1.4483099235089079, "gamma": 0.009767094196903334}, "datetime": {"datetime": "2021-09-24 16:59:23", "elapsed": 75.359032, "delta": 0.692005}}
{"target": -42.68370886397398, "params": {"C": 303.2975306779988, "epsilon": 1.6668509007718906, "gamma": 0.011491396152300172}, "datetime": {"datetime": "2021-09-24 16:59:24", "elapsed": 76.052031, "delta": 0.692999}}
{"target": -43.4378533156807, "params": {"C": 369.28985208911854, "epsilon": 1.4449356696667375, "gamma": 0.014863780576026369}, "datetime": {"datetime": "2021-09-24 16:59:25", "elapsed": 76.679029, "delta": 0.626998}}
{"target": -42.980410667164364, "params": {"C": 321.53373045407426, "epsilon": 1.465970296037845, "gamma": 0.013753776049429088}, "datetime": {"datetime": "2021-09-24 16:59:25", "elapsed": 77.61903, "delta": 0.940001}}
{"target": -43.66825000226729, "params": {"C": 353.6591937961316, "epsilon": 1.5774108663741921, "gamma": 0.0021633540736073287}, "datetime": {"datetime": "2021-09-24 16:59:26", "elapsed": 78.445032, "delta": 0.826002}}
{"target": -43.03052848658022, "params": {"C": 347.62577578747636, "epsilon": 0.5702685362572875, "gamma": 0.01415891073759012}, "datetime": {"datetime": "2021-09-24 16:59:27", "elapsed": 79.112029, "delta": 0.666997}}
{"target": -44.3957235109557, "params": {"C": 340.19585019192687, "epsilon": 0.7689054256374187, "gamma": 0.024349845509390237}, "datetime": {"datetime": "2021-09-24 16:59:28", "elapsed": 79.884435, "delta": 0.772406}}
