{"target": 0.3978172605378637, "params": {"C": 42.63904066116221, "epsilon": 1.8910568921075948, "gamma": 0.09388719042622135}, "datetime": {"datetime": "2021-09-24 09:59:09", "elapsed": 117.507777, "delta": 0.842833}}
{"target": 0.4447738136649815, "params": {"C": 13.684861439040565, "epsilon": 2.351617940350416, "gamma": 0.04420220037286607}, "datetime": {"datetime": "2021-09-24 09:59:10", "elapsed": 118.858611, "delta": 1.350834}}
{"target": 0.3655738599062519, "params": {"C": 8.26422650176029, "epsilon": 1.5570395329135136, "gamma": 0.007122829847011637}, "datetime": {"datetime": "2021-09-24 09:59:11", "elapsed": 119.724466, "delta": 0.865855}}
{"target": 0.43137785072841184, "params": {"C": 43.97104838411319, "epsilon": 1.3813113899892053, "gamma": 0.0412418035373373}, "datetime": {"datetime": "2021-09-24 09:59:12", "elapsed": 120.6734, "delta": 0.948934}}
{"target": 0.437674701761101, "params": {"C": 8.157567926454812, "epsilon": 1.6106095704715149, "gamma": 0.05154547224345464}, "datetime": {"datetime": "2021-09-24 09:59:13", "elapsed": 121.866995, "delta": 1.193595}}
{"target": 0.389885468617547, "params": {"C": 8.196406496750528, "epsilon": 1.590283605170888, "gamma": 0.12520008585779713}, "datetime": {"datetime": "2021-09-24 09:59:14", "elapsed": 123.220293, "delta": 1.353298}}
{"target": 0.39947409765653386, "params": {"C": 13.541439287992063, "epsilon": 2.582036589268492, "gamma": 0.14088250581155812}, "datetime": {"datetime": "2021-09-24 09:59:16", "elapsed": 125.024759, "delta": 1.804466}}
{"target": 0.4383054582950917, "params": {"C": 9.985192169661802, "epsilon": 2.229687461818685, "gamma": 0.02925372512371393}, "datetime": {"datetime": "2021-09-24 09:59:17", "elapsed": 125.880366, "delta": 0.855607}}
{"target": 0.44250461647679185, "params": {"C": 13.624064043629541, "epsilon": 2.507404812273618, "gamma": 0.03404088207786681}, "datetime": {"datetime": "2021-09-24 09:59:18", "elapsed": 127.261724, "delta": 1.381358}}
{"target": 0.433982700813465, "params": {"C": 50.349701458500405, "epsilon": 1.8340489697350961, "gamma": 0.022384389226929043}, "datetime": {"datetime": "2021-09-24 09:59:19", "elapsed": 128.237141, "delta": 0.975417}}
{"target": 0.4424594614055367, "params": {"C": 12.490161448172142, "epsilon": 1.5066999584287974, "gamma": 0.04009743189825765}, "datetime": {"datetime": "2021-09-24 09:59:21", "elapsed": 129.567484, "delta": 1.330343}}
{"target": 0.42761460682975805, "params": {"C": 8.309790642426082, "epsilon": 1.7166702679368486, "gamma": 0.08023964744217706}, "datetime": {"datetime": "2021-09-24 09:59:22", "elapsed": 130.852742, "delta": 1.285258}}
{"target": 0.4182858288775201, "params": {"C": 13.435748052611899, "epsilon": 2.01337302533096, "gamma": 0.10377283232389843}, "datetime": {"datetime": "2021-09-24 09:59:23", "elapsed": 132.094376, "delta": 1.241634}}
{"target": 0.3980109429538423, "params": {"C": 21.337566570188397, "epsilon": 2.3336961788805723, "gamma": 0.14355632634667753}, "datetime": {"datetime": "2021-09-24 09:59:25", "elapsed": 133.439193, "delta": 1.344817}}
{"target": 0.420441442415611, "params": {"C": 94.60925449737934, "epsilon": 2.268219874717791, "gamma": 0.0285667578839395}, "datetime": {"datetime": "2021-09-24 09:59:26", "elapsed": 134.652357, "delta": 1.213164}}
{"target": 0.38882892827725735, "params": {"C": 28.96423603968254, "epsilon": 1.823508347629569, "gamma": 0.14182112326904828}, "datetime": {"datetime": "2021-09-24 09:59:27", "elapsed": 135.576965, "delta": 0.924608}}
{"target": 0.3825838288155523, "params": {"C": 18.04857862776031, "epsilon": 1.5234949554557196, "gamma": 0.0038016893805465244}, "datetime": {"datetime": "2021-09-24 09:59:28", "elapsed": 136.886545, "delta": 1.30958}}
{"target": 0.38954449511317923, "params": {"C": 50.02673382844367, "epsilon": 1.5979868030537838, "gamma": 0.09590016756411952}, "datetime": {"datetime": "2021-09-24 09:59:29", "elapsed": 137.942561, "delta": 1.056016}}
{"target": 0.43709336450685476, "params": {"C": 89.07283817552612, "epsilon": 1.9606751360288188, "gamma": 0.005652725953837085}, "datetime": {"datetime": "2021-09-24 09:59:30", "elapsed": 138.997628, "delta": 1.055067}}
{"target": 0.428931868037582, "params": {"C": 13.726618819948, "epsilon": 2.470613284123418, "gamma": 0.08405487755613313}, "datetime": {"datetime": "2021-09-24 09:59:32", "elapsed": 140.586782, "delta": 1.589154}}
{"target": 0.43579607550635546, "params": {"C": 13.454050846591102, "epsilon": 2.5667188387615036, "gamma": 0.020252332284835552}, "datetime": {"datetime": "2021-09-24 09:59:33", "elapsed": 141.878162, "delta": 1.29138}}
{"target": 0.43458185088783474, "params": {"C": 45.74088559888428, "epsilon": 2.6423228714444447, "gamma": 0.01821229475985068}, "datetime": {"datetime": "2021-09-24 09:59:34", "elapsed": 142.90322, "delta": 1.025058}}
{"target": 0.3771543975777226, "params": {"C": 34.64320500365199, "epsilon": 2.4802028481470964, "gamma": 0.1435511643061485}, "datetime": {"datetime": "2021-09-24 09:59:35", "elapsed": 144.004973, "delta": 1.101753}}
{"target": 0.40931109197961457, "params": {"C": 13.617395730631381, "epsilon": 2.313674979249633, "gamma": 0.12174591080610962}, "datetime": {"datetime": "2021-09-24 09:59:37", "elapsed": 145.531596, "delta": 1.526623}}
{"target": 0.4419298676849137, "params": {"C": 18.524175316268998, "epsilon": 1.655422198253697, "gamma": 0.03601047721206834}, "datetime": {"datetime": "2021-09-24 09:59:38", "elapsed": 146.857838, "delta": 1.326242}}
{"target": 0.43889505687968133, "params": {"C": 18.655862157626665, "epsilon": 1.2947140638436934, "gamma": 0.021706836389462185}, "datetime": {"datetime": "2021-09-24 09:59:39", "elapsed": 148.225611, "delta": 1.367773}}
{"target": 0.4046881626126546, "params": {"C": 79.79982988094434, "epsilon": 1.656635190701367, "gamma": 0.05756718342761867}, "datetime": {"datetime": "2021-09-24 09:59:40", "elapsed": 149.22017, "delta": 0.994559}}
{"target": 0.40517208919110004, "params": {"C": 18.68460620917533, "epsilon": 1.2219916615299748, "gamma": 0.12845433765571604}, "datetime": {"datetime": "2021-09-24 09:59:42", "elapsed": 151.049254, "delta": 1.829084}}
{"target": 0.43821379433298513, "params": {"C": 8.201095144059863, "epsilon": 1.6736859825583927, "gamma": 0.03589470559944448}, "datetime": {"datetime": "2021-09-24 09:59:44", "elapsed": 153.12693, "delta": 2.077676}}
{"target": 0.4367245479057399, "params": {"C": 12.753811137150361, "epsilon": 1.6291110257733494, "gamma": 0.024984869440417504}, "datetime": {"datetime": "2021-09-24 09:59:46", "elapsed": 154.485845, "delta": 1.358915}}
{"target": 0.37051396629000133, "params": {"C": 8.322644160982444, "epsilon": 1.198781100052834, "gamma": 0.14874108273255204}, "datetime": {"datetime": "2021-09-24 09:59:47", "elapsed": 156.136904, "delta": 1.651059}}
{"target": 0.34598097389835913, "params": {"C": 18.519292784071407, "epsilon": 1.2046271098238237, "gamma": 0.0024177299959257555}, "datetime": {"datetime": "2021-09-24 09:59:49", "elapsed": 157.454313, "delta": 1.317409}}
{"target": 0.41548091827453537, "params": {"C": 8.298946551451495, "epsilon": 1.6108393130050316, "gamma": 0.10018418425418676}, "datetime": {"datetime": "2021-09-24 09:59:51", "elapsed": 159.626351, "delta": 2.172038}}
{"target": 0.4218905237457282, "params": {"C": 18.464396189606212, "epsilon": 1.5276167526884388, "gamma": 0.09208422385777659}, "datetime": {"datetime": "2021-09-24 09:59:53", "elapsed": 161.555007, "delta": 1.928656}}
{"target": 0.436720935573795, "params": {"C": 13.62546122246869, "epsilon": 2.121298449221155, "gamma": 0.0685628415891115}, "datetime": {"datetime": "2021-09-24 09:59:55", "elapsed": 163.523791, "delta": 1.968784}}
{"target": 0.4333540939064976, "params": {"C": 8.183185687235492, "epsilon": 1.3429030287047605, "gamma": 0.02889319526483019}, "datetime": {"datetime": "2021-09-24 09:59:57", "elapsed": 165.341224, "delta": 1.817433}}
{"target": 0.3954245461003967, "params": {"C": 12.436982964028159, "epsilon": 1.455854315519796, "gamma": 0.14868560742643308}, "datetime": {"datetime": "2021-09-24 09:59:58", "elapsed": 167.100771, "delta": 1.759547}}
{"target": 0.4282781515688583, "params": {"C": 12.712518088791734, "epsilon": 1.962673631962811, "gamma": 0.08729017715151248}, "datetime": {"datetime": "2021-09-24 10:00:00", "elapsed": 168.646237, "delta": 1.545466}}
{"target": 0.4432440758380942, "params": {"C": 13.746600028779186, "epsilon": 2.236287977987394, "gamma": 0.049066282916964694}, "datetime": {"datetime": "2021-09-24 10:00:02", "elapsed": 170.924506, "delta": 2.278269}}
{"target": 0.40092146755685265, "params": {"C": 13.810372215376816, "epsilon": 2.378044208504872, "gamma": 0.1383516078445948}, "datetime": {"datetime": "2021-09-24 10:00:04", "elapsed": 172.580649, "delta": 1.656143}}
{"target": 0.4079337568492861, "params": {"C": 13.270750225242079, "epsilon": 2.0844984217992524, "gamma": 0.12631996190527087}, "datetime": {"datetime": "2021-09-24 10:00:05", "elapsed": 173.971489, "delta": 1.39084}}
{"target": 0.40491893668991386, "params": {"C": 19.111383061547233, "epsilon": 1.616033417904792, "gamma": 0.12843295995465812}, "datetime": {"datetime": "2021-09-24 10:00:07", "elapsed": 176.085991, "delta": 2.114502}}
{"target": 0.43582486451262703, "params": {"C": 19.12715764609032, "epsilon": 1.4499910565214857, "gamma": 0.016484485373868353}, "datetime": {"datetime": "2021-09-24 10:00:09", "elapsed": 177.812468, "delta": 1.726477}}
{"target": 0.27508929842468566, "params": {"C": 12.51890685596504, "epsilon": 1.9302666781841058, "gamma": 0.002180285048225649}, "datetime": {"datetime": "2021-09-24 10:00:10", "elapsed": 179.24766, "delta": 1.435192}}
{"target": 0.42751477193397325, "params": {"C": 12.7681981758025, "epsilon": 1.5152109181665534, "gamma": 0.08733228982631153}, "datetime": {"datetime": "2021-09-24 10:00:12", "elapsed": 180.852131, "delta": 1.604471}}
{"target": 0.3661975043090331, "params": {"C": 59.88219545672247, "epsilon": 2.7115255129047444, "gamma": 0.11139327999596413}, "datetime": {"datetime": "2021-09-24 10:00:13", "elapsed": 181.989904, "delta": 1.137773}}
{"target": 0.14518551115252054, "params": {"C": 21.38754814548593, "epsilon": 2.5964635417970174, "gamma": 0.0005}, "datetime": {"datetime": "2021-09-24 10:00:15", "elapsed": 183.5003, "delta": 1.510396}}
{"target": 0.39235011275206333, "params": {"C": 13.562455452302814, "epsilon": 2.373783866587158, "gamma": 0.006182734029241072}, "datetime": {"datetime": "2021-09-24 10:00:16", "elapsed": 185.254882, "delta": 1.754582}}
{"target": 0.4019448760283444, "params": {"C": 19.367736321892504, "epsilon": 1.2877369982997635, "gamma": 0.13392142298331342}, "datetime": {"datetime": "2021-09-24 10:00:18", "elapsed": 187.126276, "delta": 1.871394}}
{"target": 0.4308353443448717, "params": {"C": 13.702424012863014, "epsilon": 1.9974288608786601, "gamma": 0.07775692439005884}, "datetime": {"datetime": "2021-09-24 10:00:20", "elapsed": 188.769463, "delta": 1.643187}}
{"target": 0.3883287682963873, "params": {"C": 29.813118537134468, "epsilon": 1.6013519129415812, "gamma": 0.1380332712409522}, "datetime": {"datetime": "2021-09-24 10:00:21", "elapsed": 189.816871, "delta": 1.047408}}
{"target": 0.4360025530460514, "params": {"C": 18.604608772369403, "epsilon": 1.4134930294466634, "gamma": 0.0166451818910397}, "datetime": {"datetime": "2021-09-24 10:00:23", "elapsed": 191.582919, "delta": 1.766048}}
{"target": 0.4043395701358309, "params": {"C": 8.748544459656264, "epsilon": 1.8239366258935674, "gamma": 0.1157069886706321}, "datetime": {"datetime": "2021-09-24 10:00:24", "elapsed": 192.884539, "delta": 1.30162}}
{"target": 0.43486398893728717, "params": {"C": 18.66860121278008, "epsilon": 1.7939025039721577, "gamma": 0.01726468717968302}, "datetime": {"datetime": "2021-09-24 10:00:26", "elapsed": 194.753325, "delta": 1.868786}}
{"target": 0.4301604733400114, "params": {"C": 17.875797665163972, "epsilon": 1.406187860573001, "gamma": 0.013710449627249818}, "datetime": {"datetime": "2021-09-24 10:00:28", "elapsed": 196.797751, "delta": 2.044426}}
{"target": 0.4320803544713968, "params": {"C": 92.94218456659233, "epsilon": 1.2609508001774736, "gamma": 0.0028241348091528565}, "datetime": {"datetime": "2021-09-24 10:00:29", "elapsed": 197.945632, "delta": 1.147881}}
{"target": 0.4092129404620606, "params": {"C": 67.24086489584482, "epsilon": 2.0654388937878583, "gamma": 0.05767250975644347}, "datetime": {"datetime": "2021-09-24 10:00:30", "elapsed": 199.063669, "delta": 1.118037}}
{"target": 0.4109496872339704, "params": {"C": 92.60769123764534, "epsilon": 1.3781604619602503, "gamma": 0.043205482018466856}, "datetime": {"datetime": "2021-09-24 10:00:32", "elapsed": 200.425172, "delta": 1.361503}}
{"target": 0.4395396756206589, "params": {"C": 17.560706595566803, "epsilon": 1.1431116169477618, "gamma": 0.02463675519102955}, "datetime": {"datetime": "2021-09-24 10:00:34", "elapsed": 202.519177, "delta": 2.094005}}
{"target": 0.4048306540643185, "params": {"C": 79.80753600980701, "epsilon": 1.6691384742718542, "gamma": 0.05724519974722676}, "datetime": {"datetime": "2021-09-24 10:00:35", "elapsed": 203.782012, "delta": 1.262835}}
{"target": 0.40577890228697744, "params": {"C": 12.536161955584426, "epsilon": 1.2557153914421142, "gamma": 0.13277139504956834}, "datetime": {"datetime": "2021-09-24 10:00:37", "elapsed": 205.548351, "delta": 1.766339}}
{"target": 0.3852082294770458, "params": {"C": 21.208153316622884, "epsilon": 2.380789566078966, "gamma": 0.0033546886592836556}, "datetime": {"datetime": "2021-09-24 10:00:39", "elapsed": 207.387555, "delta": 1.839204}}
{"target": 0.42799812867898224, "params": {"C": 78.04659185671125, "epsilon": 1.9155600918237612, "gamma": 0.021132875974795583}, "datetime": {"datetime": "2021-09-24 10:00:40", "elapsed": 208.724833, "delta": 1.337278}}
{"target": 0.3941744403026035, "params": {"C": 26.227761682803674, "epsilon": 2.1616930506212895, "gamma": 0.14171467329055693}, "datetime": {"datetime": "2021-09-24 10:00:41", "elapsed": 209.950798, "delta": 1.225965}}
{"target": 0.4116085593485469, "params": {"C": 19.218335453975154, "epsilon": 1.3309177242261245, "gamma": 0.11585731866540133}, "datetime": {"datetime": "2021-09-24 10:00:43", "elapsed": 212.206535, "delta": 2.255737}}
{"target": 0.36899165560707203, "params": {"C": 48.91421438901478, "epsilon": 2.8084501484943103, "gamma": 0.12616647581076101}, "datetime": {"datetime": "2021-09-24 10:00:45", "elapsed": 214.18643, "delta": 1.979895}}
{"target": 0.4329986891822373, "params": {"C": 13.79137059104015, "epsilon": 2.1077792366470787, "gamma": 0.015607937345022173}, "datetime": {"datetime": "2021-09-24 10:00:47", "elapsed": 216.202856, "delta": 2.016426}}
{"target": 0.13001615493479124, "params": {"C": 19.03932009126219, "epsilon": 1.6335578411968192, "gamma": 0.0005}, "datetime": {"datetime": "2021-09-24 10:00:49", "elapsed": 218.220027, "delta": 2.017171}}
{"target": 0.4081186339486962, "params": {"C": 13.712706051050725, "epsilon": 2.1594264104415934, "gamma": 0.12455044958720077}, "datetime": {"datetime": "2021-09-24 10:00:51", "elapsed": 219.907869, "delta": 1.687842}}
{"target": 0.44205567952437164, "params": {"C": 18.903560348187415, "epsilon": 1.5034183869211564, "gamma": 0.042063482326489196}, "datetime": {"datetime": "2021-09-24 10:00:53", "elapsed": 221.569514, "delta": 1.661645}}
{"target": 0.4280425049151987, "params": {"C": 68.51138474968296, "epsilon": 1.8585419887128092, "gamma": 0.02955641220827145}, "datetime": {"datetime": "2021-09-24 10:00:54", "elapsed": 222.578137, "delta": 1.008623}}
{"target": 0.4269755709601206, "params": {"C": 19.263148402554112, "epsilon": 1.697632997986128, "gamma": 0.010999036126264704}, "datetime": {"datetime": "2021-09-24 10:00:56", "elapsed": 224.464779, "delta": 1.886642}}
{"target": 0.43529391299437425, "params": {"C": 21.217700809204118, "epsilon": 2.822086261813135, "gamma": 0.016092461163504074}, "datetime": {"datetime": "2021-09-24 10:00:57", "elapsed": 225.990031, "delta": 1.525252}}
{"target": 0.4300580504278815, "params": {"C": 13.530858934163687, "epsilon": 1.886820057094275, "gamma": 0.014385527867890152}, "datetime": {"datetime": "2021-09-24 10:00:59", "elapsed": 227.946129, "delta": 1.956098}}
{"target": 0.4009677582321928, "params": {"C": 21.294960149184753, "epsilon": 2.08844210439565, "gamma": 0.13642666561342043}, "datetime": {"datetime": "2021-09-24 10:01:00", "elapsed": 229.155394, "delta": 1.209265}}
{"target": 0.3607347190970196, "params": {"C": 4.1431566829575335, "epsilon": 2.5185788643595695, "gamma": 0.10233262362839736}, "datetime": {"datetime": "2021-09-24 10:01:02", "elapsed": 230.364921, "delta": 1.209527}}
{"target": 0.43438311724078404, "params": {"C": 13.632849422267205, "epsilon": 2.2349990919739544, "gamma": 0.020246306569529957}, "datetime": {"datetime": "2021-09-24 10:01:04", "elapsed": 232.344142, "delta": 1.979221}}
{"target": 0.4311874847314966, "params": {"C": 7.2816679164730065, "epsilon": 2.8775876402449523, "gamma": 0.031808527116913364}, "datetime": {"datetime": "2021-09-24 10:01:05", "elapsed": 233.641529, "delta": 1.297387}}
{"target": 0.40021322195907183, "params": {"C": 18.140799437634087, "epsilon": 1.617613044421309, "gamma": 0.1379287952896067}, "datetime": {"datetime": "2021-09-24 10:01:07", "elapsed": 236.135624, "delta": 2.494095}}
{"target": 0.4078352522469719, "params": {"C": 18.651178097094444, "epsilon": 1.4435700113799583, "gamma": 0.12355753471092085}, "datetime": {"datetime": "2021-09-24 10:01:10", "elapsed": 238.287388, "delta": 2.151764}}
{"target": 0.41338526776015694, "params": {"C": 19.202301852500675, "epsilon": 1.7580310760122217, "gamma": 0.11076634979282195}, "datetime": {"datetime": "2021-09-24 10:01:11", "elapsed": 240.227594, "delta": 1.940206}}
{"target": 0.4292655398203693, "params": {"C": 18.83596323751414, "epsilon": 1.8051766120876567, "gamma": 0.011698630358311615}, "datetime": {"datetime": "2021-09-24 10:01:14", "elapsed": 242.57376, "delta": 2.346166}}
{"target": 0.42458067950092293, "params": {"C": 17.615090291651665, "epsilon": 1.0791019552754384, "gamma": 0.08899505383120163}, "datetime": {"datetime": "2021-09-24 10:01:16", "elapsed": 244.635995, "delta": 2.062235}}
{"target": 0.4432327572665612, "params": {"C": 18.996256560672407, "epsilon": 1.4674034199296013, "gamma": 0.026895102266052816}, "datetime": {"datetime": "2021-09-24 10:01:18", "elapsed": 246.651014, "delta": 2.015019}}
{"target": 0.39789160422778735, "params": {"C": 18.819672479312125, "epsilon": 1.4995040089423832, "gamma": 0.14355199240830763}, "datetime": {"datetime": "2021-09-24 10:01:20", "elapsed": 248.989704, "delta": 2.33869}}
{"target": 0.44112976114709435, "params": {"C": 18.27149726289506, "epsilon": 1.6226888371187418, "gamma": 0.04954902624128373}, "datetime": {"datetime": "2021-09-24 10:01:22", "elapsed": 250.507056, "delta": 1.517352}}
{"target": 0.4328607467792822, "params": {"C": 12.706753972765085, "epsilon": 1.4032257675351771, "gamma": 0.01762574570960032}, "datetime": {"datetime": "2021-09-24 10:01:23", "elapsed": 252.170901, "delta": 1.663845}}
{"target": 0.4359804423585738, "params": {"C": 7.8957250502536125, "epsilon": 1.2597187538087975, "gamma": 0.05757357559625938}, "datetime": {"datetime": "2021-09-24 10:01:25", "elapsed": 253.557251, "delta": 1.38635}}
{"target": 0.4339373464330786, "params": {"C": 13.878759429156453, "epsilon": 2.237274380255715, "gamma": 0.019930907234673296}, "datetime": {"datetime": "2021-09-24 10:01:27", "elapsed": 255.907048, "delta": 2.349797}}
{"target": 0.4420569741418374, "params": {"C": 19.127556482463277, "epsilon": 1.3400517150273572, "gamma": 0.04268549685129235}, "datetime": {"datetime": "2021-09-24 10:01:28", "elapsed": 257.147776, "delta": 1.240728}}
{"target": 0.24809209376324337, "params": {"C": 44.67974754172044, "epsilon": 2.7914156286432688, "gamma": 0.0005}, "datetime": {"datetime": "2021-09-24 10:01:30", "elapsed": 259.061096, "delta": 1.91332}}
{"target": 0.434975864369031, "params": {"C": 28.102792470290762, "epsilon": 1.003275684564673, "gamma": 0.033263755725050415}, "datetime": {"datetime": "2021-09-24 10:01:31", "elapsed": 260.20945, "delta": 1.148354}}
{"target": 0.4323058462647763, "params": {"C": 44.898562477633156, "epsilon": 2.7799049357004053, "gamma": 0.005680135758359102}, "datetime": {"datetime": "2021-09-24 10:01:33", "elapsed": 262.203025, "delta": 1.993575}}
{"target": 0.40980703353052794, "params": {"C": 9.892954023623611, "epsilon": 2.2464362438230885, "gamma": 0.11710662072974001}, "datetime": {"datetime": "2021-09-24 10:01:36", "elapsed": 264.456086, "delta": 2.253061}}
{"target": 0.09106731147521296, "params": {"C": 12.775938026549786, "epsilon": 1.283701769145973, "gamma": 0.0005}, "datetime": {"datetime": "2021-09-24 10:01:38", "elapsed": 266.556606, "delta": 2.10052}}
{"target": 0.4036278729343047, "params": {"C": 12.69312509617421, "epsilon": 1.082640919836976, "gamma": 0.13669531833856133}, "datetime": {"datetime": "2021-09-24 10:01:40", "elapsed": 268.536055, "delta": 1.979449}}
{"target": 0.4080891190385625, "params": {"C": 18.964397074712046, "epsilon": 1.490168510331158, "gamma": 0.12299417390797113}, "datetime": {"datetime": "2021-09-24 10:01:42", "elapsed": 270.486534, "delta": 1.950479}}
{"target": 0.24872732974766854, "params": {"C": 44.86692271914281, "epsilon": 2.8963404611121115, "gamma": 0.0005}, "datetime": {"datetime": "2021-09-24 10:01:44", "elapsed": 272.557748, "delta": 2.071214}}
{"target": 0.43965631454817744, "params": {"C": 18.110377250406174, "epsilon": 1.7701693584627654, "gamma": 0.02160678854470223}, "datetime": {"datetime": "2021-09-24 10:01:46", "elapsed": 274.794429, "delta": 2.236681}}
{"target": 0.4005224970536786, "params": {"C": 12.6562991253644, "epsilon": 1.564896051653483, "gamma": 0.14182445293867563}, "datetime": {"datetime": "2021-09-24 10:01:48", "elapsed": 276.370587, "delta": 1.576158}}
