{"target": -43.44747820201578, "params": {"C": 184.6121532738735, "epsilon": 2.0319724156857153, "gamma": 0.105070700560651}, "datetime": {"datetime": "2021-09-28 13:53:47", "elapsed": 4507.475018, "delta": 5.847447}}
{"target": -43.2627275266573, "params": {"C": 211.703151130341, "epsilon": 0.2531808757597658, "gamma": 0.09762847333974782}, "datetime": {"datetime": "2021-09-28 13:54:05", "elapsed": 4525.297351, "delta": 17.822333}}
{"target": -36.29296928365559, "params": {"C": 202.40430539737685, "epsilon": 1.4902264629483968, "gamma": 0.001}, "datetime": {"datetime": "2021-09-28 13:54:26", "elapsed": 4546.795487, "delta": 21.498136}}
{"target": -37.204685304488464, "params": {"C": 281.7346844700355, "epsilon": 2.3584497826770705, "gamma": 0.009167960243362094}, "datetime": {"datetime": "2021-09-28 13:54:32", "elapsed": 4552.723399, "delta": 5.927912}}
{"target": -36.318440026788366, "params": {"C": 281.7774300797478, "epsilon": 2.514657615344763, "gamma": 0.001}, "datetime": {"datetime": "2021-09-28 13:54:49", "elapsed": 4569.527459, "delta": 16.80406}}
{"target": -47.887882947903506, "params": {"C": 157.70894972090332, "epsilon": 2.7841436574914025, "gamma": 0.17859534898243795}, "datetime": {"datetime": "2021-09-28 13:55:10", "elapsed": 4590.427165, "delta": 20.899706}}
{"target": -48.32378434957654, "params": {"C": 281.6696655247305, "epsilon": 2.5521407362705064, "gamma": 0.1329559016068297}, "datetime": {"datetime": "2021-09-28 13:55:25", "elapsed": 4605.009294, "delta": 14.582129}}
{"target": -42.53940717140872, "params": {"C": 281.89558761307876, "epsilon": 2.3711282871084602, "gamma": 0.07847888752880518}, "datetime": {"datetime": "2021-09-28 13:55:47", "elapsed": 4626.968736, "delta": 21.959442}}
{"target": -36.32114506618719, "params": {"C": 281.8967760119602, "epsilon": 2.595867574132795, "gamma": 0.001}, "datetime": {"datetime": "2021-09-28 13:56:21", "elapsed": 4661.524639, "delta": 34.555903}}
{"target": -40.131664570584554, "params": {"C": 239.1356158638124, "epsilon": 1.6492501093828227, "gamma": 0.05072513274424708}, "datetime": {"datetime": "2021-09-28 13:56:29", "elapsed": 4668.876363, "delta": 7.351724}}
{"target": -42.82902905689438, "params": {"C": 202.4666493004, "epsilon": 1.5956724512064906, "gamma": 0.09422878020692028}, "datetime": {"datetime": "2021-09-28 13:56:54", "elapsed": 4694.416685, "delta": 25.540322}}
{"target": -47.60141073066684, "params": {"C": 154.3744920914506, "epsilon": 1.095399063659, "gamma": 0.17404013395417955}, "datetime": {"datetime": "2021-09-28 13:57:01", "elapsed": 4700.965911, "delta": 6.549226}}
{"target": -39.08647562530266, "params": {"C": 211.54254813347907, "epsilon": 0.09307476239248924, "gamma": 0.030842176128010088}, "datetime": {"datetime": "2021-09-28 13:57:24", "elapsed": 4724.801748, "delta": 23.835837}}
{"target": -36.978883088086135, "params": {"C": 278.0472959963416, "epsilon": 2.0025905570075526, "gamma": 0.007864085832037359}, "datetime": {"datetime": "2021-09-28 13:57:43", "elapsed": 4743.776324, "delta": 18.974576}}
{"target": -36.2368618942993, "params": {"C": 175.95791370889407, "epsilon": 0.06596656755140323, "gamma": 0.001}, "datetime": {"datetime": "2021-09-28 13:58:03", "elapsed": 4763.465369, "delta": 19.689045}}
{"target": -42.918838311599615, "params": {"C": 228.8150217932352, "epsilon": 1.6565778809226734, "gamma": 0.09029623290316575}, "datetime": {"datetime": "2021-09-28 13:58:10", "elapsed": 4770.448838, "delta": 6.983469}}
{"target": -36.98971206304401, "params": {"C": 287.5942363761657, "epsilon": 0.7278696584092978, "gamma": 0.002243837709395067}, "datetime": {"datetime": "2021-09-28 13:58:24", "elapsed": 4783.954328, "delta": 13.50549}}
{"target": -49.504647083174206, "params": {"C": 280.0852266860095, "epsilon": 2.3953644361910156, "gamma": 0.16496198585225819}, "datetime": {"datetime": "2021-09-28 13:58:48", "elapsed": 4808.500137, "delta": 24.545809}}
{"target": -39.18693058179057, "params": {"C": 181.245104548935, "epsilon": 1.4869137711580167, "gamma": 0.038910944336834015}, "datetime": {"datetime": "2021-09-28 13:59:15", "elapsed": 4835.252147, "delta": 26.75201}}
{"target": -40.5859459580122, "params": {"C": 170.71081608985045, "epsilon": 0.8783357652425778, "gamma": 0.07071603514329787}, "datetime": {"datetime": "2021-09-28 13:59:21", "elapsed": 4841.502484, "delta": 6.250337}}
{"target": -39.77398382906715, "params": {"C": 280.19298796057603, "epsilon": 2.584860094417144, "gamma": 0.0371464304051545}, "datetime": {"datetime": "2021-09-28 13:59:36", "elapsed": 4856.797622, "delta": 15.295138}}
{"target": -36.279341030145275, "params": {"C": 202.37269065927646, "epsilon": 1.359666838313383, "gamma": 0.001}, "datetime": {"datetime": "2021-09-28 13:59:57", "elapsed": 4876.940135, "delta": 20.142513}}
{"target": -36.307192436535814, "params": {"C": 281.6389236972062, "epsilon": 2.2157419532038687, "gamma": 0.001}, "datetime": {"datetime": "2021-09-28 14:00:14", "elapsed": 4894.146246, "delta": 17.206111}}
{"target": -36.79747981691592, "params": {"C": 263.77750138425097, "epsilon": 2.3821311636909144, "gamma": 0.005189365474336769}, "datetime": {"datetime": "2021-09-28 14:00:20", "elapsed": 4900.475615, "delta": 6.329369}}
{"target": -43.667988592548475, "params": {"C": 281.68222945099023, "epsilon": 2.0899019260366054, "gamma": 0.08843851641664241}, "datetime": {"datetime": "2021-09-28 14:00:35", "elapsed": 4914.815854, "delta": 14.340239}}
{"target": -38.81270869684528, "params": {"C": 176.30148922025398, "epsilon": 2.600872461508141, "gamma": 0.031404421029172715}, "datetime": {"datetime": "2021-09-28 14:00:41", "elapsed": 4921.276208, "delta": 6.460354}}
{"target": -39.4396673587296, "params": {"C": 175.78203974404002, "epsilon": 0.09320961022756101, "gamma": 0.04434356522615612}, "datetime": {"datetime": "2021-09-28 14:00:56", "elapsed": 4936.315767, "delta": 15.039559}}
{"target": -38.91813859087482, "params": {"C": 263.92946573669303, "epsilon": 2.3826053806563303, "gamma": 0.025414865611739525}, "datetime": {"datetime": "2021-09-28 14:01:14", "elapsed": 4954.282093, "delta": 17.966326}}
{"target": -49.26875356027263, "params": {"C": 263.8313004452127, "epsilon": 2.311407370160071, "gamma": 0.1653499685763522}, "datetime": {"datetime": "2021-09-28 14:01:34", "elapsed": 4974.575429, "delta": 20.293336}}
{"target": -36.28175494247544, "params": {"C": 180.82526934754185, "epsilon": 1.4437996182100483, "gamma": 0.001}, "datetime": {"datetime": "2021-09-28 14:01:51", "elapsed": 4991.441279, "delta": 16.86585}}
{"target": -38.23652009140867, "params": {"C": 163.62705949254567, "epsilon": 0.7172911551540753, "gamma": 0.023796789369611285}, "datetime": {"datetime": "2021-09-28 14:01:57", "elapsed": 4997.792702, "delta": 6.351423}}
{"target": -43.197004361700905, "params": {"C": 281.5585306864715, "epsilon": 2.2483033045238634, "gamma": 0.08389078468338326}, "datetime": {"datetime": "2021-09-28 14:02:11", "elapsed": 5011.764826, "delta": 13.972124}}
{"target": -40.044136304689474, "params": {"C": 281.97547806663164, "epsilon": 2.8068497592493142, "gamma": 0.04500641112400908}, "datetime": {"datetime": "2021-09-28 14:02:27", "elapsed": 5027.444758, "delta": 15.679932}}
{"target": -36.91540601189059, "params": {"C": 202.49861234721743, "epsilon": 1.2533299044676034, "gamma": 0.006520710650245705}, "datetime": {"datetime": "2021-09-28 14:02:46", "elapsed": 5046.603087, "delta": 19.158329}}
{"target": -40.43532393810649, "params": {"C": 194.9347610545098, "epsilon": 0.634942511601556, "gamma": 0.06335194561936122}, "datetime": {"datetime": "2021-09-28 14:02:53", "elapsed": 5053.045722, "delta": 6.442635}}
{"target": -37.48924863936513, "params": {"C": 152.36162357581927, "epsilon": 1.0270012009119343, "gamma": 0.011917128148320556}, "datetime": {"datetime": "2021-09-28 14:02:59", "elapsed": 5059.735196, "delta": 6.689474}}
{"target": -39.9739403017271, "params": {"C": 263.7576466618736, "epsilon": 2.586787141271095, "gamma": 0.04452484893256483}, "datetime": {"datetime": "2021-09-28 14:03:13", "elapsed": 5073.205206, "delta": 13.47001}}
{"target": -44.722460252298255, "params": {"C": 202.43115323654484, "epsilon": 1.2265474905626637, "gamma": 0.11394677797310288}, "datetime": {"datetime": "2021-09-28 14:03:28", "elapsed": 5088.13775, "delta": 14.932544}}
{"target": -39.09884885138962, "params": {"C": 202.59088381902916, "epsilon": 1.2995928379957533, "gamma": 0.035174577734977605}, "datetime": {"datetime": "2021-09-28 14:03:52", "elapsed": 5111.969525, "delta": 23.831775}}
{"target": -45.20417912095851, "params": {"C": 152.30777846089654, "epsilon": 1.11433554108787, "gamma": 0.13786220191276774}, "datetime": {"datetime": "2021-09-28 14:04:08", "elapsed": 5128.725327, "delta": 16.755802}}
{"target": -37.083840555429454, "params": {"C": 242.16123192575483, "epsilon": 2.564043916805154, "gamma": 0.00836443706569073}, "datetime": {"datetime": "2021-09-28 14:04:28", "elapsed": 5148.77423, "delta": 20.048903}}
{"target": -44.49881339356392, "params": {"C": 242.3080264957311, "epsilon": 2.572919018459002, "gamma": 0.10238227670012498}, "datetime": {"datetime": "2021-09-28 14:04:46", "elapsed": 5166.179168, "delta": 17.404938}}
{"target": -36.31830795214396, "params": {"C": 280.308465076453, "epsilon": 2.4335427459410193, "gamma": 0.001}, "datetime": {"datetime": "2021-09-28 14:05:06", "elapsed": 5186.267217, "delta": 20.088049}}
{"target": -43.260484879287915, "params": {"C": 280.39890382260353, "epsilon": 2.5210390287727713, "gamma": 0.08446309890668309}, "datetime": {"datetime": "2021-09-28 14:05:26", "elapsed": 5206.584525, "delta": 20.317308}}
{"target": -36.24238798531748, "params": {"C": 152.43980948765844, "epsilon": 0.9001904156684052, "gamma": 0.001}, "datetime": {"datetime": "2021-09-28 14:05:46", "elapsed": 5225.933842, "delta": 19.349317}}
{"target": -36.245853399358666, "params": {"C": 152.3045593553159, "epsilon": 0.876768756196421, "gamma": 0.001}, "datetime": {"datetime": "2021-09-28 14:06:06", "elapsed": 5246.138203, "delta": 20.204361}}
{"target": -39.45934012050214, "params": {"C": 242.02362987878757, "epsilon": 2.6225784751046612, "gamma": 0.03763313388690519}, "datetime": {"datetime": "2021-09-28 14:06:21", "elapsed": 5261.464576, "delta": 15.326373}}
{"target": -42.02494935441814, "params": {"C": 152.4357723886359, "epsilon": 0.7713329786803195, "gamma": 0.09596929751948122}, "datetime": {"datetime": "2021-09-28 14:06:43", "elapsed": 5282.893395, "delta": 21.428819}}
{"target": -39.05118107923255, "params": {"C": 163.674541249544, "epsilon": 0.5333442657089947, "gamma": 0.037807719313062704}, "datetime": {"datetime": "2021-09-28 14:07:07", "elapsed": 5306.86322, "delta": 23.969825}}
{"target": -46.87956945789388, "params": {"C": 155.42709769257266, "epsilon": 1.9261956599399919, "gamma": 0.15887385684369434}, "datetime": {"datetime": "2021-09-28 14:07:30", "elapsed": 5330.574742, "delta": 23.711522}}
{"target": -41.517766516934905, "params": {"C": 152.5502842109681, "epsilon": 0.9700818639285759, "gamma": 0.08886828697834032}, "datetime": {"datetime": "2021-09-28 14:07:49", "elapsed": 5349.280548, "delta": 18.705806}}
{"target": -38.07651832715987, "params": {"C": 163.79333006609514, "epsilon": 0.6929505214508904, "gamma": 0.018068872103951715}, "datetime": {"datetime": "2021-09-28 14:08:06", "elapsed": 5366.103108, "delta": 16.82256}}
{"target": -48.197719703732574, "params": {"C": 214.83018043036424, "epsilon": 0.2258570978303417, "gamma": 0.15324830290245328}, "datetime": {"datetime": "2021-09-28 14:08:13", "elapsed": 5372.838829, "delta": 6.735721}}
{"target": -36.23419031198288, "params": {"C": 168.73158396186676, "epsilon": 1.9672334706229757, "gamma": 0.001134224429896916}, "datetime": {"datetime": "2021-09-28 14:08:27", "elapsed": 5387.575228, "delta": 14.736399}}
{"target": -38.659269904291975, "params": {"C": 263.5761581460827, "epsilon": 2.41471237353415, "gamma": 0.022043866946635668}, "datetime": {"datetime": "2021-09-28 14:08:47", "elapsed": 5407.658971, "delta": 20.083743}}
{"target": -37.528979193893576, "params": {"C": 154.42363030764778, "epsilon": 0.8335774594472191, "gamma": 0.012610416789763768}, "datetime": {"datetime": "2021-09-28 14:09:06", "elapsed": 5426.50754, "delta": 18.848569}}
{"target": -46.43529887975173, "params": {"C": 165.63303284939673, "epsilon": 0.9288504866475837, "gamma": 0.1479106467992413}, "datetime": {"datetime": "2021-09-28 14:09:13", "elapsed": 5432.861675, "delta": 6.354135}}
{"target": -36.2734596750499, "params": {"C": 181.3402243982722, "epsilon": 1.1987001807622182, "gamma": 0.001}, "datetime": {"datetime": "2021-09-28 14:09:28", "elapsed": 5448.257674, "delta": 15.395999}}
{"target": -38.98609412377156, "params": {"C": 280.3173069162288, "epsilon": 2.296876088553462, "gamma": 0.02717265858535669}, "datetime": {"datetime": "2021-09-28 14:09:59", "elapsed": 5479.451461, "delta": 31.193787}}
{"target": -38.43918913990606, "params": {"C": 211.92052495959734, "epsilon": 1.8784757353289387, "gamma": 0.02207609766987702}, "datetime": {"datetime": "2021-09-28 14:10:06", "elapsed": 5486.284559, "delta": 6.833098}}
{"target": -43.80028163298114, "params": {"C": 152.45167878626046, "epsilon": 2.850108032331713, "gamma": 0.11759654973511624}, "datetime": {"datetime": "2021-09-28 14:10:13", "elapsed": 5493.30142, "delta": 7.016861}}
{"target": -36.96828949015636, "params": {"C": 181.41186663702922, "epsilon": 1.0512078886186986, "gamma": 0.006077153378308602}, "datetime": {"datetime": "2021-09-28 14:10:39", "elapsed": 5519.31524, "delta": 26.01382}}
{"target": -48.0825617340255, "params": {"C": 163.7183304286644, "epsilon": 0.685296156171187, "gamma": 0.18}, "datetime": {"datetime": "2021-09-28 14:10:56", "elapsed": 5536.497794, "delta": 17.182554}}
{"target": -47.630509709998556, "params": {"C": 181.47612516128248, "epsilon": 1.1123395759669892, "gamma": 0.15733316566418343}, "datetime": {"datetime": "2021-09-28 14:11:12", "elapsed": 5552.453779, "delta": 15.955985}}
{"target": -38.007132485586865, "params": {"C": 163.44889195133558, "epsilon": 0.6422791559609481, "gamma": 0.01642983785675593}, "datetime": {"datetime": "2021-09-28 14:11:29", "elapsed": 5569.52407, "delta": 17.070291}}
{"target": -39.213018658639584, "params": {"C": 181.23338680527323, "epsilon": 0.860582115928711, "gamma": 0.039258919582334}, "datetime": {"datetime": "2021-09-28 14:11:47", "elapsed": 5587.256196, "delta": 17.732126}}
{"target": -36.804280601594954, "params": {"C": 154.8238712167717, "epsilon": 1.1082873139089096, "gamma": 0.004820003439216382}, "datetime": {"datetime": "2021-09-28 14:12:04", "elapsed": 5603.888476, "delta": 16.63228}}
{"target": -36.2600114921793, "params": {"C": 163.48772214557522, "epsilon": 0.4670893917630037, "gamma": 0.001}, "datetime": {"datetime": "2021-09-28 14:12:26", "elapsed": 5626.106541, "delta": 22.218065}}
{"target": -46.348536271777874, "params": {"C": 163.41918044951157, "epsilon": 0.38243885085107576, "gamma": 0.14842255663607823}, "datetime": {"datetime": "2021-09-28 14:12:42", "elapsed": 5642.420366, "delta": 16.313825}}
{"target": -36.32084671333276, "params": {"C": 282.05508690293254, "epsilon": 2.5959393496003806, "gamma": 0.001}, "datetime": {"datetime": "2021-09-28 14:13:07", "elapsed": 5667.641835, "delta": 25.221469}}
{"target": -49.55130828511995, "params": {"C": 282.0433351732181, "epsilon": 2.553754824709696, "gamma": 0.16527488951604255}, "datetime": {"datetime": "2021-09-28 14:13:26", "elapsed": 5686.430975, "delta": 18.78914}}
{"target": -39.21824923824438, "params": {"C": 282.21434245716534, "epsilon": 2.729846467207724, "gamma": 0.031709199289149025}, "datetime": {"datetime": "2021-09-28 14:13:42", "elapsed": 5702.541063, "delta": 16.110088}}
{"target": -38.641351567055146, "params": {"C": 165.6220195437926, "epsilon": 1.7323255422375121, "gamma": 0.030413875618177287}, "datetime": {"datetime": "2021-09-28 14:13:49", "elapsed": 5709.772693, "delta": 7.23163}}
{"target": -36.26066698962738, "params": {"C": 202.61071618637916, "epsilon": 1.1156258195705606, "gamma": 0.001}, "datetime": {"datetime": "2021-09-28 14:14:08", "elapsed": 5727.925794, "delta": 18.153101}}
{"target": -38.839093231427746, "params": {"C": 202.75764732892222, "epsilon": 1.1430647937306317, "gamma": 0.027855282761473837}, "datetime": {"datetime": "2021-09-28 14:14:29", "elapsed": 5749.389435, "delta": 21.463641}}
{"target": -49.33400868766201, "params": {"C": 258.195024719885, "epsilon": 1.754606082860884, "gamma": 0.16972712773107979}, "datetime": {"datetime": "2021-09-28 14:14:36", "elapsed": 5756.34706, "delta": 6.957625}}
{"target": -36.24101896456114, "params": {"C": 152.1534200274425, "epsilon": 0.9167382218593324, "gamma": 0.001}, "datetime": {"datetime": "2021-09-28 14:14:56", "elapsed": 5776.298637, "delta": 19.951577}}
{"target": -42.387989537816836, "params": {"C": 152.18005767259788, "epsilon": 0.7518244729540812, "gamma": 0.10109567945508809}, "datetime": {"datetime": "2021-09-28 14:15:22", "elapsed": 5802.655135, "delta": 26.356498}}
{"target": -39.664748137890534, "params": {"C": 196.6324175601176, "epsilon": 1.8599920846991929, "gamma": 0.04496440138555397}, "datetime": {"datetime": "2021-09-28 14:15:30", "elapsed": 5810.338005, "delta": 7.68287}}
{"target": -39.739157991476716, "params": {"C": 152.0426466663805, "epsilon": 1.0561613701266932, "gamma": 0.051554851925462206}, "datetime": {"datetime": "2021-09-28 14:15:49", "elapsed": 5829.741474, "delta": 19.403469}}
{"target": -46.8961948353876, "params": {"C": 211.9093549139532, "epsilon": 2.0143495825556488, "gamma": 0.1333036763154486}, "datetime": {"datetime": "2021-09-28 14:16:08", "elapsed": 5847.984973, "delta": 18.243499}}
{"target": -48.1059282467825, "params": {"C": 211.68071228895158, "epsilon": 0.0322135328642389, "gamma": 0.1523733784530978}, "datetime": {"datetime": "2021-09-28 14:16:36", "elapsed": 5876.50088, "delta": 28.515907}}
{"target": -41.338982067263885, "params": {"C": 286.9292919575411, "epsilon": 1.5318988562078022, "gamma": 0.06629593406033296}, "datetime": {"datetime": "2021-09-28 14:16:43", "elapsed": 5883.669556, "delta": 7.168676}}
{"target": -36.75838678930942, "params": {"C": 163.96638193183654, "epsilon": 0.6664066523705727, "gamma": 0.0038915178598388995}, "datetime": {"datetime": "2021-09-28 14:17:06", "elapsed": 5906.284446, "delta": 22.61489}}
{"target": -40.629659355087114, "params": {"C": 163.94263556946157, "epsilon": 0.47138659678715206, "gamma": 0.07212089107413155}, "datetime": {"datetime": "2021-09-28 14:17:39", "elapsed": 5938.829118, "delta": 32.544672}}
{"target": -38.77253284285806, "params": {"C": 157.51334185709652, "epsilon": 2.995603670605822, "gamma": 0.03691458072600341}, "datetime": {"datetime": "2021-09-28 14:17:55", "elapsed": 5955.70786, "delta": 16.878742}}
{"target": -40.396372227644214, "params": {"C": 284.85780967394487, "epsilon": 2.856766150833767, "gamma": 0.053294691899235476}, "datetime": {"datetime": "2021-09-28 14:18:02", "elapsed": 5962.510356, "delta": 6.802496}}
{"target": -37.33328497643181, "params": {"C": 181.10024533878462, "epsilon": 1.5409713995165835, "gamma": 0.009786058749427687}, "datetime": {"datetime": "2021-09-28 14:18:25", "elapsed": 5985.434504, "delta": 22.924148}}
{"target": -42.1470374097111, "params": {"C": 150.52997253262066, "epsilon": 2.4453706322120117, "gamma": 0.0964699548468568}, "datetime": {"datetime": "2021-09-28 14:18:32", "elapsed": 5992.714069, "delta": 7.279565}}
{"target": -38.167797133342944, "params": {"C": 164.13284869944425, "epsilon": 0.8462889203930577, "gamma": 0.019754962251439953}, "datetime": {"datetime": "2021-09-28 14:19:01", "elapsed": 6021.332717, "delta": 28.618648}}
{"target": -39.25284761726765, "params": {"C": 163.96652331669037, "epsilon": 0.891965323408408, "gamma": 0.04180465635147056}, "datetime": {"datetime": "2021-09-28 14:19:29", "elapsed": 6049.194257, "delta": 27.86154}}
{"target": -47.8237349876215, "params": {"C": 164.12923735692274, "epsilon": 0.7060447913252241, "gamma": 0.1722191498604281}, "datetime": {"datetime": "2021-09-28 14:19:48", "elapsed": 6068.445714, "delta": 19.251457}}
{"target": -40.87135443860934, "params": {"C": 223.06999097095044, "epsilon": 1.9015830919012449, "gamma": 0.06883282065962185}, "datetime": {"datetime": "2021-09-28 14:19:57", "elapsed": 6077.604902, "delta": 9.159188}}
{"target": -40.83701418380038, "params": {"C": 181.43784829345782, "epsilon": 0.8321444145103288, "gamma": 0.0747065028203562}, "datetime": {"datetime": "2021-09-28 14:20:15", "elapsed": 6095.267622, "delta": 17.66272}}
{"target": -39.37398249376148, "params": {"C": 202.59869063084986, "epsilon": 0.9105284098111258, "gamma": 0.04016483861322688}, "datetime": {"datetime": "2021-09-28 14:20:32", "elapsed": 6112.060915, "delta": 16.793293}}
{"target": -36.25767732801181, "params": {"C": 211.9341300307448, "epsilon": 1.7158110352224147, "gamma": 0.001}, "datetime": {"datetime": "2021-09-28 14:20:46", "elapsed": 6126.756378, "delta": 14.695463}}
{"target": -48.808403502414514, "params": {"C": 245.20271528421046, "epsilon": 2.260572698146661, "gamma": 0.1582607634342463}, "datetime": {"datetime": "2021-09-28 14:20:55", "elapsed": 6135.217614, "delta": 8.461236}}
{"target": -47.297916799968434, "params": {"C": 241.09294017392227, "epsilon": 1.6872946743457278, "gamma": 0.12889013727183007}, "datetime": {"datetime": "2021-09-28 14:21:02", "elapsed": 6142.549958, "delta": 7.332344}}
{"target": -37.92984313661083, "params": {"C": 212.13305295194388, "epsilon": 1.7405573958018414, "gamma": 0.015135896213859468}, "datetime": {"datetime": "2021-09-28 14:21:26", "elapsed": 6166.276901, "delta": 23.726943}}
{"target": -46.3457575536946, "params": {"C": 211.9971317858816, "epsilon": 1.7122699044974043, "gamma": 0.1274675715060319}, "datetime": {"datetime": "2021-09-28 14:21:47", "elapsed": 6187.002575, "delta": 20.725674}}
