{"target": 0.44156286733751193, "params": {"C": 13.553441163893766, "epsilon": 0.7834283546991063, "gamma": 0.036003774050351364}, "datetime": {"datetime": "2021-09-24 09:22:51", "elapsed": 658.29706, "delta": 3.470798}}
{"target": 0.4094901620861632, "params": {"C": 29.11409581399678, "epsilon": 0.41790117145321787, "gamma": 0.09672174278332737}, "datetime": {"datetime": "2021-09-24 09:22:53", "elapsed": 660.800703, "delta": 2.503643}}
{"target": 0.4343023324451024, "params": {"C": 21.025811174881326, "epsilon": 0.8124192765025082, "gamma": 0.06865386637971321}, "datetime": {"datetime": "2021-09-24 09:22:59", "elapsed": 666.26739, "delta": 5.466687}}
{"target": 0.41276437741769223, "params": {"C": 9.87803190428353, "epsilon": 0.5733923319035039, "gamma": 0.11288224380314167}, "datetime": {"datetime": "2021-09-24 09:23:01", "elapsed": 668.552773, "delta": 2.285383}}
{"target": 0.3655756981213273, "params": {"C": 85.65905059472134, "epsilon": 0.3072322321718916, "gamma": 0.08743455088124027}, "datetime": {"datetime": "2021-09-24 09:23:03", "elapsed": 671.014289, "delta": 2.461516}}
{"target": 0.4347553900144786, "params": {"C": 21.699564519660104, "epsilon": 0.7625501265778604, "gamma": 0.0652880847000341}, "datetime": {"datetime": "2021-09-24 09:23:08", "elapsed": 675.474451, "delta": 4.460162}}
{"target": 0.40947941835109725, "params": {"C": 21.124673819853268, "epsilon": 0.8451308910427506, "gamma": 0.005236019687014965}, "datetime": {"datetime": "2021-09-24 09:23:12", "elapsed": 679.538516, "delta": 4.064065}}
{"target": 0.3779884595058294, "params": {"C": 8.823654199325457, "epsilon": 0.4199487401416694, "gamma": 0.14136673740722963}, "datetime": {"datetime": "2021-09-24 09:23:14", "elapsed": 681.740548, "delta": 2.202032}}
{"target": 0.3954080826276276, "params": {"C": 18.74145991132493, "epsilon": 0.21579879107545705, "gamma": 0.00450977793511785}, "datetime": {"datetime": "2021-09-24 09:23:18", "elapsed": 685.421313, "delta": 3.680765}}
{"target": 0.41954327065334807, "params": {"C": 13.607917929664143, "epsilon": 0.8048481313992287, "gamma": 0.10425126303616167}, "datetime": {"datetime": "2021-09-24 09:23:22", "elapsed": 689.320118, "delta": 3.898805}}
{"target": 0.41432309569943726, "params": {"C": 44.65672092145268, "epsilon": 0.08026265844280843, "gamma": 0.07052042821737627}, "datetime": {"datetime": "2021-09-24 09:23:24", "elapsed": 691.348965, "delta": 2.028847}}
{"target": 0.38440535811475196, "params": {"C": 33.74543125673418, "epsilon": 0.09702478541996759, "gamma": 0.0020332019832663387}, "datetime": {"datetime": "2021-09-24 09:23:26", "elapsed": 693.427503, "delta": 2.078538}}
{"target": 0.37860132678040115, "params": {"C": 77.43979608568014, "epsilon": 0.02690030559606344, "gamma": 0.08267454044286701}, "datetime": {"datetime": "2021-09-24 09:27:25", "elapsed": 0.0, "delta": 0.0}}
{"target": 0.41297867613036576, "params": {"C": 77.41289570473107, "epsilon": 0.42094743428540154, "gamma": 0.04988505574007918}, "datetime": {"datetime": "2021-09-24 09:27:25", "elapsed": 0.036998, "delta": 0.036998}}
{"target": 0.417521027372729, "params": {"C": 68.1859453615137, "epsilon": 0.6196516953843131, "gamma": 0.04529837371434121}, "datetime": {"datetime": "2021-09-24 09:27:25", "elapsed": 0.053068, "delta": 0.01607}}
{"target": 0.3783662925959492, "params": {"C": 85.27632722085428, "epsilon": 0.2716946412306279, "gamma": 0.07791765153039722}, "datetime": {"datetime": "2021-09-24 09:27:25", "elapsed": 0.161905, "delta": 0.108837}}
{"target": 0.37444599918436017, "params": {"C": 76.82439313025904, "epsilon": 0.455128632035658, "gamma": 0.08678097269165881}, "datetime": {"datetime": "2021-09-24 09:27:26", "elapsed": 0.230973, "delta": 0.069068}}
{"target": 0.4021253108846423, "params": {"C": 67.813807694128, "epsilon": 0.6230917559142056, "gamma": 0.07081980902152865}, "datetime": {"datetime": "2021-09-24 09:27:26", "elapsed": 0.315641, "delta": 0.084668}}
{"target": 0.4160269916125675, "params": {"C": 68.09316898717621, "epsilon": 0.6205337741222792, "gamma": 0.05166176016987626}, "datetime": {"datetime": "2021-09-24 09:27:26", "elapsed": 0.462892, "delta": 0.147251}}
{"target": 0.3825601859949346, "params": {"C": 75.7374346719298, "epsilon": 0.8263760559098713, "gamma": 0.08040185010796932}, "datetime": {"datetime": "2021-09-24 09:27:26", "elapsed": 0.531958, "delta": 0.069066}}
{"target": 0.3355555919412012, "params": {"C": 79.18769915882758, "epsilon": 0.8689037440265993, "gamma": 0.1303402673471784}, "datetime": {"datetime": "2021-09-24 09:27:26", "elapsed": 0.632253, "delta": 0.100295}}
{"target": 0.4253816220184248, "params": {"C": 77.63759547085887, "epsilon": 0.9245318972216963, "gamma": 0.02483618689308561}, "datetime": {"datetime": "2021-09-24 09:27:26", "elapsed": 0.841978, "delta": 0.209725}}
{"target": 0.39130205952759145, "params": {"C": 68.45557598474736, "epsilon": 0.001909087618034044, "gamma": 0.07980422736164935}, "datetime": {"datetime": "2021-09-24 09:27:26", "elapsed": 1.011976, "delta": 0.169998}}
{"target": 0.4208393833681958, "params": {"C": 79.45437414298166, "epsilon": 0.8945650984114254, "gamma": 0.0022983504476645376}, "datetime": {"datetime": "2021-09-24 09:27:26", "elapsed": 1.138982, "delta": 0.127006}}
{"target": 0.43698180617429794, "params": {"C": 77.59300298342751, "epsilon": 0.7780704379590443, "gamma": 0.010307594873340658}, "datetime": {"datetime": "2021-09-24 09:27:27", "elapsed": 1.295412, "delta": 0.15643}}
{"target": 0.3596413462621655, "params": {"C": 75.29331380301836, "epsilon": 0.1090302042446392, "gamma": 0.10272033591607128}, "datetime": {"datetime": "2021-09-24 09:27:27", "elapsed": 1.395726, "delta": 0.100314}}
{"target": 0.32664656462818387, "params": {"C": 77.46576870584438, "epsilon": 0.7779970137264112, "gamma": 0.15}, "datetime": {"datetime": "2021-09-24 09:27:27", "elapsed": 1.735431, "delta": 0.339705}}
{"target": 0.34891546094120796, "params": {"C": 92.79822322811219, "epsilon": 0.4950227413808569, "gamma": 0.10013851295676002}, "datetime": {"datetime": "2021-09-24 09:27:27", "elapsed": 1.910351, "delta": 0.17492}}
{"target": 0.41241943901137823, "params": {"C": 64.70234477817635, "epsilon": 0.4346211525407269, "gamma": 0.05903324071813883}, "datetime": {"datetime": "2021-09-24 09:27:27", "elapsed": 2.036356, "delta": 0.126005}}
{"target": 0.43297761870256146, "params": {"C": 67.1834339859034, "epsilon": 0.34896874638762043, "gamma": 0.014673064695100048}, "datetime": {"datetime": "2021-09-24 09:27:27", "elapsed": 2.129352, "delta": 0.092996}}
{"target": 0.3291728157967304, "params": {"C": 77.66564216819147, "epsilon": 0.8229133047668458, "gamma": 0.0005}, "datetime": {"datetime": "2021-09-24 09:27:28", "elapsed": 2.415354, "delta": 0.286002}}
{"target": 0.4393593509356356, "params": {"C": 65.022338770528, "epsilon": 0.6401021843859215, "gamma": 0.010458340313043383}, "datetime": {"datetime": "2021-09-24 09:27:28", "elapsed": 2.57883, "delta": 0.163476}}
{"target": 0.4115488545440681, "params": {"C": 88.57688071567193, "epsilon": 0.21888301326347676, "gamma": 0.04286436375880077}, "datetime": {"datetime": "2021-09-24 09:27:28", "elapsed": 2.70623, "delta": 0.1274}}
{"target": 0.43834530042557773, "params": {"C": 61.89100042324696, "epsilon": 0.8693518654998474, "gamma": 0.009810446225529543}, "datetime": {"datetime": "2021-09-24 09:27:28", "elapsed": 2.848224, "delta": 0.141994}}
{"target": 0.34476203094534374, "params": {"C": 72.6144068789547, "epsilon": 0.4241993522450676, "gamma": 0.1262396918579455}, "datetime": {"datetime": "2021-09-24 09:27:28", "elapsed": 3.017226, "delta": 0.169002}}
{"target": 0.42586561468540385, "params": {"C": 69.68956181952409, "epsilon": 0.49852799350609245, "gamma": 0.028653348015067994}, "datetime": {"datetime": "2021-09-24 09:27:29", "elapsed": 3.184225, "delta": 0.166999}}
{"target": 0.4182620154678518, "params": {"C": 64.04860179381059, "epsilon": 0.6967435149894154, "gamma": 0.04856669159657687}, "datetime": {"datetime": "2021-09-24 09:27:29", "elapsed": 3.329502, "delta": 0.145277}}
{"target": 0.377316193379447, "params": {"C": 72.3095937044006, "epsilon": 0.6514060114686279, "gamma": 0.08809807068666292}, "datetime": {"datetime": "2021-09-24 09:27:29", "elapsed": 3.428092, "delta": 0.09859}}
{"target": 0.42536698282599106, "params": {"C": 70.08433287725182, "epsilon": 0.6050010116945473, "gamma": 0.03054488162186846}, "datetime": {"datetime": "2021-09-24 09:27:29", "elapsed": 3.567449, "delta": 0.139357}}
{"target": 0.4336168473414235, "params": {"C": 72.28946915289293, "epsilon": 0.8854672217878168, "gamma": 0.01318413255646136}, "datetime": {"datetime": "2021-09-24 09:27:29", "elapsed": 3.708337, "delta": 0.140888}}
{"target": 0.431179419628299, "params": {"C": 60.46919361774545, "epsilon": 0.9246934994255901, "gamma": 0.018862369518149603}, "datetime": {"datetime": "2021-09-24 09:27:29", "elapsed": 3.857278, "delta": 0.148941}}
{"target": 0.379969999745585, "params": {"C": 64.13225969570738, "epsilon": 0.8983565153188172, "gamma": 0.09241482548816421}, "datetime": {"datetime": "2021-09-24 09:27:29", "elapsed": 3.992536, "delta": 0.135258}}
{"target": 0.4304287843604725, "params": {"C": 86.62070288053569, "epsilon": 0.7111047210778415, "gamma": 0.0027028640741712188}, "datetime": {"datetime": "2021-09-24 09:27:29", "elapsed": 4.112809, "delta": 0.120273}}
{"target": 0.41284147141897254, "params": {"C": 94.71203231840764, "epsilon": 0.9502577977700731, "gamma": 0.038764129192819775}, "datetime": {"datetime": "2021-09-24 09:27:30", "elapsed": 4.240214, "delta": 0.127405}}
{"target": 0.4126335614464298, "params": {"C": 86.8584212208412, "epsilon": 0.2621693753911886, "gamma": 0.041162417269617474}, "datetime": {"datetime": "2021-09-24 09:27:30", "elapsed": 4.43515, "delta": 0.194936}}
{"target": 0.32174820376228397, "params": {"C": 89.77398917799222, "epsilon": 0.6951062867906259, "gamma": 0.14111436478855224}, "datetime": {"datetime": "2021-09-24 09:27:30", "elapsed": 4.611153, "delta": 0.176003}}
{"target": 0.4246634114150395, "params": {"C": 73.4119984925846, "epsilon": 0.14661113481038796, "gamma": 0.023638518603895115}, "datetime": {"datetime": "2021-09-24 09:27:30", "elapsed": 4.801171, "delta": 0.190018}}
{"target": 0.36855353402538715, "params": {"C": 68.21570860708053, "epsilon": 0.09443702380289862, "gamma": 0.10025902260287342}, "datetime": {"datetime": "2021-09-24 09:27:30", "elapsed": 5.006149, "delta": 0.204978}}
{"target": 0.37756986481466903, "params": {"C": 80.98305305467889, "epsilon": 0.675326297164462, "gamma": 0.08093131237562086}, "datetime": {"datetime": "2021-09-24 09:27:31", "elapsed": 5.190598, "delta": 0.184449}}
{"target": 0.4092505490296401, "params": {"C": 91.51160339788606, "epsilon": 0.29058040670365065, "gamma": 0.04985026394679776}, "datetime": {"datetime": "2021-09-24 09:27:31", "elapsed": 5.35611, "delta": 0.165512}}
{"target": 0.40670903720082296, "params": {"C": 86.23381481092292, "epsilon": 0.25816835219394874, "gamma": 0.05777583216566082}, "datetime": {"datetime": "2021-09-24 09:27:31", "elapsed": 5.541313, "delta": 0.185203}}
{"target": 0.35126659620973877, "params": {"C": 72.2434695071715, "epsilon": 0.7435364343356875, "gamma": 0.11600751759555877}, "datetime": {"datetime": "2021-09-24 09:27:31", "elapsed": 5.721827, "delta": 0.180514}}
{"target": 0.377449849963708, "params": {"C": 84.0111585442539, "epsilon": 0.6773409403573273, "gamma": 0.07896786185506913}, "datetime": {"datetime": "2021-09-24 09:27:31", "elapsed": 5.907697, "delta": 0.18587}}
{"target": 0.43474786578512503, "params": {"C": 92.70673549227466, "epsilon": 0.18944512332648078, "gamma": 0.010801161809704411}, "datetime": {"datetime": "2021-09-24 09:27:31", "elapsed": 6.079998, "delta": 0.172301}}
{"target": 0.35489234993995666, "params": {"C": 80.72690137759143, "epsilon": 0.05198250018148139, "gamma": 0.10340994059250772}, "datetime": {"datetime": "2021-09-24 09:27:32", "elapsed": 6.252589, "delta": 0.172591}}
{"target": 0.3644098577602223, "params": {"C": 66.59951237036653, "epsilon": 0.29714570984572414, "gamma": 0.1074056547768667}, "datetime": {"datetime": "2021-09-24 09:27:32", "elapsed": 6.483216, "delta": 0.230627}}
{"target": 0.41457638608657, "params": {"C": 98.62110870047047, "epsilon": 0.6325304948408019, "gamma": 0.030849998361674225}, "datetime": {"datetime": "2021-09-24 09:27:32", "elapsed": 6.687482, "delta": 0.204266}}
{"target": 0.39908711645490524, "params": {"C": 92.17194879542612, "epsilon": 0.4996094975496606, "gamma": 0.061799319848620096}, "datetime": {"datetime": "2021-09-24 09:27:32", "elapsed": 6.865864, "delta": 0.178382}}
{"target": 0.4250071848986029, "params": {"C": 63.098622542769775, "epsilon": 0.2625195338833321, "gamma": 0.03671465083814966}, "datetime": {"datetime": "2021-09-24 09:27:32", "elapsed": 7.053486, "delta": 0.187622}}
{"target": 0.30882253878749777, "params": {"C": 99.16086826885658, "epsilon": 0.22987614322386815, "gamma": 0.1497557282819741}, "datetime": {"datetime": "2021-09-24 09:27:33", "elapsed": 7.273842, "delta": 0.220356}}
{"target": 0.4186434776756932, "params": {"C": 60.76717066012635, "epsilon": 0.6803227627536939, "gamma": 0.05084833071020301}, "datetime": {"datetime": "2021-09-24 09:27:33", "elapsed": 7.461846, "delta": 0.188004}}
{"target": 0.3293103478877376, "params": {"C": 85.87687469414178, "epsilon": 0.08032036940729892, "gamma": 0.13301055044785381}, "datetime": {"datetime": "2021-09-24 09:27:33", "elapsed": 7.775389, "delta": 0.313543}}
{"target": 0.3417676070815494, "params": {"C": 95.42650992940003, "epsilon": 0.5152664820161171, "gamma": 0.1059476959348261}, "datetime": {"datetime": "2021-09-24 09:27:33", "elapsed": 8.002825, "delta": 0.227436}}
{"target": 0.31477890521798, "params": {"C": 92.87594590956526, "epsilon": 0.9538305516573401, "gamma": 0.14824880592811623}, "datetime": {"datetime": "2021-09-24 09:27:34", "elapsed": 8.21659, "delta": 0.213765}}
{"target": 0.332112748852875, "params": {"C": 80.64294072787847, "epsilon": 0.7118413528389431, "gamma": 0.13469029541199434}, "datetime": {"datetime": "2021-09-24 09:27:34", "elapsed": 8.466728, "delta": 0.250138}}
{"target": 0.43976070942034795, "params": {"C": 99.95840763384986, "epsilon": 0.03557460065035078, "gamma": 0.0066660100902548435}, "datetime": {"datetime": "2021-09-24 09:27:34", "elapsed": 8.720734, "delta": 0.254006}}
{"target": 0.35345720308905837, "params": {"C": 93.58477332606768, "epsilon": 0.7058663662445229, "gamma": 0.09506988846399785}, "datetime": {"datetime": "2021-09-24 09:27:34", "elapsed": 8.998084, "delta": 0.27735}}
{"target": 0.3592794162729054, "params": {"C": 96.49744826699865, "epsilon": 0.14023428357968393, "gamma": 0.08646947215170181}, "datetime": {"datetime": "2021-09-24 09:27:35", "elapsed": 9.210825, "delta": 0.212741}}
{"target": 0.32260846909335494, "params": {"C": 97.7991668490482, "epsilon": 0.11965222663859555, "gamma": 0.12956038883438994}, "datetime": {"datetime": "2021-09-24 09:27:35", "elapsed": 9.475115, "delta": 0.26429}}
{"target": 0.4268275506535195, "params": {"C": 62.99190765153761, "epsilon": 0.04384812496301226, "gamma": 0.03322618338031094}, "datetime": {"datetime": "2021-09-24 09:27:35", "elapsed": 9.700111, "delta": 0.224996}}
{"target": 0.3285619481296229, "params": {"C": 98.92797157479467, "epsilon": 0.1440103606218124, "gamma": 0.1193294771140541}, "datetime": {"datetime": "2021-09-24 09:27:35", "elapsed": 9.889941, "delta": 0.18983}}
{"target": 0.3872133923945078, "params": {"C": 74.21350916862168, "epsilon": 0.9988767380402925, "gamma": 0.07753036212800021}, "datetime": {"datetime": "2021-09-24 09:27:35", "elapsed": 10.084165, "delta": 0.194224}}
{"target": 0.42466590279037153, "params": {"C": 78.87978260741107, "epsilon": 0.8125070957644305, "gamma": 0.02487140820462577}, "datetime": {"datetime": "2021-09-24 09:27:36", "elapsed": 10.300965, "delta": 0.2168}}
{"target": 0.40115797622948324, "params": {"C": 95.52061776573358, "epsilon": 0.6382628173322288, "gamma": 0.05937059568001885}, "datetime": {"datetime": "2021-09-24 09:27:36", "elapsed": 10.533193, "delta": 0.232228}}
{"target": 0.4277977310760488, "params": {"C": 71.55841971860806, "epsilon": 0.8519331879035241, "gamma": 0.023599364882426116}, "datetime": {"datetime": "2021-09-24 09:27:36", "elapsed": 10.748187, "delta": 0.214994}}
{"target": 0.35455159493490784, "params": {"C": 87.00509221508216, "epsilon": 0.08884276433191024, "gamma": 0.09872048711751132}, "datetime": {"datetime": "2021-09-24 09:27:36", "elapsed": 10.986191, "delta": 0.238004}}
{"target": 0.3590505997757061, "params": {"C": 82.32675296387666, "epsilon": 0.6531763148394841, "gamma": 0.09679135889307407}, "datetime": {"datetime": "2021-09-24 09:27:37", "elapsed": 11.227191, "delta": 0.241}}
{"target": 0.4148316844055381, "params": {"C": 81.07541308863561, "epsilon": 0.5798498359301558, "gamma": 0.04069369671118815}, "datetime": {"datetime": "2021-09-24 09:27:37", "elapsed": 11.519196, "delta": 0.292005}}
{"target": 0.38201155944522447, "params": {"C": 68.87263703488368, "epsilon": 0.09200344739549296, "gamma": 0.08680892190762247}, "datetime": {"datetime": "2021-09-24 09:27:37", "elapsed": 11.74919, "delta": 0.229994}}
{"target": 0.344216530182362, "params": {"C": 84.42524254496097, "epsilon": 0.6564676606031922, "gamma": 0.11319950900035822}, "datetime": {"datetime": "2021-09-24 09:27:37", "elapsed": 12.034106, "delta": 0.284916}}
{"target": 0.4069020374601998, "params": {"C": 84.47864429531101, "epsilon": 0.2723409486488061, "gamma": 0.0582754489567384}, "datetime": {"datetime": "2021-09-24 09:27:38", "elapsed": 12.276112, "delta": 0.242006}}
{"target": 0.37503809389187515, "params": {"C": 63.59913958682698, "epsilon": 0.7439628904128799, "gamma": 0.09782568773592491}, "datetime": {"datetime": "2021-09-24 09:27:38", "elapsed": 12.631941, "delta": 0.355829}}
{"target": 0.4169191329897335, "params": {"C": 85.98904332367916, "epsilon": 0.8268100693544885, "gamma": 0.03293951935264004}, "datetime": {"datetime": "2021-09-24 09:27:38", "elapsed": 12.900964, "delta": 0.269023}}
{"target": 0.3474349090472483, "params": {"C": 74.09078681423617, "epsilon": 0.18254033625351881, "gamma": 0.1199638162710205}, "datetime": {"datetime": "2021-09-24 09:27:38", "elapsed": 13.168649, "delta": 0.267685}}
{"target": 0.4312758786542309, "params": {"C": 91.04170416655181, "epsilon": 0.8424802540796009, "gamma": 0.012005774444416951}, "datetime": {"datetime": "2021-09-24 09:27:39", "elapsed": 13.631431, "delta": 0.462782}}
{"target": 0.4106792434092693, "params": {"C": 90.68063882280526, "epsilon": 0.4723079691706369, "gamma": 0.0446387928463297}, "datetime": {"datetime": "2021-09-24 09:27:39", "elapsed": 13.937713, "delta": 0.306282}}
{"target": 0.43629577855673507, "params": {"C": 69.04970654895783, "epsilon": 0.4041688781041375, "gamma": 0.011766923219477006}, "datetime": {"datetime": "2021-09-24 09:27:40", "elapsed": 14.293992, "delta": 0.356279}}
{"target": 0.4081556353326372, "params": {"C": 64.5042816601395, "epsilon": 0.35808732695246404, "gamma": 0.06649757324053936}, "datetime": {"datetime": "2021-09-24 09:27:40", "elapsed": 14.569677, "delta": 0.275685}}
{"target": 0.32102632610710735, "params": {"C": 89.9749379710982, "epsilon": 0.8925173055335963, "gamma": 0.1424911329496274}, "datetime": {"datetime": "2021-09-24 09:27:40", "elapsed": 14.86611, "delta": 0.296433}}
{"target": 0.381855873537956, "params": {"C": 64.94151328188151, "epsilon": 0.43799414299335876, "gamma": 0.09039470943181115}, "datetime": {"datetime": "2021-09-24 09:27:41", "elapsed": 15.204702, "delta": 0.338592}}
{"target": 0.4139045077024085, "params": {"C": 63.06370380517699, "epsilon": 0.47860598552360617, "gamma": 0.057477250059031836}, "datetime": {"datetime": "2021-09-24 09:27:41", "elapsed": 15.512697, "delta": 0.307995}}
{"target": 0.3427621302552243, "params": {"C": 72.59892070670206, "epsilon": 0.282793975214436, "gamma": 0.1297489387698951}, "datetime": {"datetime": "2021-09-24 09:27:41", "elapsed": 15.769584, "delta": 0.256887}}
{"target": 0.3331406473917532, "params": {"C": 79.25118735766024, "epsilon": 0.5410055183388723, "gamma": 0.1348644304888426}, "datetime": {"datetime": "2021-09-24 09:27:41", "elapsed": 16.1097, "delta": 0.340116}}
{"target": 0.3959087188824181, "params": {"C": 80.63129650057606, "epsilon": 0.13951487072821578, "gamma": 0.06878414334844507}, "datetime": {"datetime": "2021-09-24 09:27:42", "elapsed": 16.4255, "delta": 0.3158}}
{"target": 0.3755477694369097, "params": {"C": 98.52183735024965, "epsilon": 0.5382351597167122, "gamma": 0.07269059090847724}, "datetime": {"datetime": "2021-09-24 09:27:42", "elapsed": 16.7751, "delta": 0.3496}}
{"target": 0.39842770378954584, "params": {"C": 71.87771659140836, "epsilon": 0.7357411028559157, "gamma": 0.07107797898987664}, "datetime": {"datetime": "2021-09-24 09:27:43", "elapsed": 17.353273, "delta": 0.578173}}
{"target": 0.363441848038744, "params": {"C": 89.48175783730485, "epsilon": 0.36808310732013505, "gamma": 0.08669119288379605}, "datetime": {"datetime": "2021-09-24 09:27:43", "elapsed": 17.707092, "delta": 0.353819}}
{"target": 0.3840843746931979, "params": {"C": 72.93168125135412, "epsilon": 0.17177741500787205, "gamma": 0.08167194236491965}, "datetime": {"datetime": "2021-09-24 09:27:43", "elapsed": 17.993282, "delta": 0.28619}}
{"target": 0.42909329572800325, "params": {"C": 64.12928759979255, "epsilon": 0.7298199943689851, "gamma": 0.022307686291192876}, "datetime": {"datetime": "2021-09-24 09:27:44", "elapsed": 18.338837, "delta": 0.345555}}
{"target": 0.3229974781416949, "params": {"C": 97.80527994700132, "epsilon": 0.3458903981490745, "gamma": 0.1291559396624357}, "datetime": {"datetime": "2021-09-24 09:27:44", "elapsed": 18.693467, "delta": 0.35463}}
{"target": 0.37294250700837683, "params": {"C": 84.49408137146665, "epsilon": 0.45568929357953925, "gamma": 0.08254840396809832}, "datetime": {"datetime": "2021-09-24 09:27:44", "elapsed": 19.093514, "delta": 0.400047}}
