{"target": -42.881603297107496, "params": {"C": 347.93141187683335, "epsilon": 0.6814411732378018, "gamma": 0.012369479604881644}, "datetime": {"datetime": "2021-09-24 17:04:35", "elapsed": 387.406615, "delta": 2.794839}}
{"target": -44.43089842615106, "params": {"C": 303.3109129264104, "epsilon": 0.6195750309572885, "gamma": 0.02777372290259073}, "datetime": {"datetime": "2021-09-24 17:04:38", "elapsed": 390.442179, "delta": 3.035564}}
{"target": -44.143995111820104, "params": {"C": 317.645041319516, "epsilon": 2.092434717515365, "gamma": 0.023618607015453163}, "datetime": {"datetime": "2021-09-24 17:04:40", "elapsed": 392.47721, "delta": 2.035031}}
{"target": -42.729399303308796, "params": {"C": 351.2868278960803, "epsilon": 3.3710690710976405, "gamma": 0.008421605700216522}, "datetime": {"datetime": "2021-09-24 17:04:43", "elapsed": 395.42359, "delta": 2.94638}}
{"target": -43.67181259375548, "params": {"C": 386.4179738965797, "epsilon": 0.9075403365072443, "gamma": 0.002219596445798103}, "datetime": {"datetime": "2021-09-24 17:04:45", "elapsed": 397.440587, "delta": 2.016997}}
{"target": -44.735240166181356, "params": {"C": 329.634903288786, "epsilon": 0.6154485841724112, "gamma": 0.0295308368796479}, "datetime": {"datetime": "2021-09-24 17:04:47", "elapsed": 399.422641, "delta": 1.982054}}
{"target": -43.8650125472765, "params": {"C": 353.40014159327905, "epsilon": 0.6879358756856998, "gamma": 0.0012108986520463268}, "datetime": {"datetime": "2021-09-24 17:04:49", "elapsed": 400.98764, "delta": 1.564999}}
{"target": -43.81883200106179, "params": {"C": 300.6342160678419, "epsilon": 1.8451694064695388, "gamma": 0.01960286445794459}, "datetime": {"datetime": "2021-09-24 17:04:51", "elapsed": 403.274457, "delta": 2.286817}}
{"target": -44.30427402873523, "params": {"C": 339.0764057877847, "epsilon": 0.5416789032250129, "gamma": 0.023150613654319443}, "datetime": {"datetime": "2021-09-24 17:04:53", "elapsed": 404.906781, "delta": 1.632324}}
{"target": -44.323195988891804, "params": {"C": 361.82207842274175, "epsilon": 0.13505900946646854, "gamma": 0.02161990940701948}, "datetime": {"datetime": "2021-09-24 17:04:55", "elapsed": 406.855466, "delta": 1.948685}}
{"target": -42.686528084667124, "params": {"C": 326.8380319638934, "epsilon": 3.343221844589273, "gamma": 0.009386476622714128}, "datetime": {"datetime": "2021-09-24 17:04:57", "elapsed": 408.895646, "delta": 2.04018}}
{"target": -43.826931392966266, "params": {"C": 358.7161867905976, "epsilon": 3.95386870064211, "gamma": 0.01775528156353035}, "datetime": {"datetime": "2021-09-24 17:05:00", "elapsed": 412.084174, "delta": 3.188528}}
{"target": -42.9148059591633, "params": {"C": 354.64615164444126, "epsilon": 3.0814523618019893, "gamma": 0.011195693650049852}, "datetime": {"datetime": "2021-09-24 17:05:02", "elapsed": 413.855915, "delta": 1.771741}}
{"target": -45.17411279869328, "params": {"C": 367.62696858656494, "epsilon": 0.20929658493266026, "gamma": 0.029713204221928878}, "datetime": {"datetime": "2021-09-24 17:05:04", "elapsed": 415.710505, "delta": 1.85459}}
{"target": -44.15584373767422, "params": {"C": 336.88966609223877, "epsilon": 1.2284041883983385, "gamma": 0.022446184118246674}, "datetime": {"datetime": "2021-09-24 17:05:06", "elapsed": 417.73301, "delta": 2.022505}}
{"target": -42.704051425815386, "params": {"C": 324.0905281487632, "epsilon": 3.5042888027536474, "gamma": 0.0087869787820463}, "datetime": {"datetime": "2021-09-24 17:05:08", "elapsed": 419.660969, "delta": 1.927959}}
{"target": -44.058676947718986, "params": {"C": 398.1044373685601, "epsilon": 0.9455951443932223, "gamma": 0.017935013401719168}, "datetime": {"datetime": "2021-09-24 17:05:11", "elapsed": 422.767581, "delta": 3.106612}}
{"target": -44.13399104938156, "params": {"C": 399.96629208412685, "epsilon": 1.717016580953581, "gamma": 0.01995271592326536}, "datetime": {"datetime": "2021-09-24 17:05:13", "elapsed": 424.961039, "delta": 2.193458}}
{"target": -44.7108218312356, "params": {"C": 394.3777585879606, "epsilon": 2.0297921162030934, "gamma": 0.026347161088921676}, "datetime": {"datetime": "2021-09-24 17:05:15", "elapsed": 426.670284, "delta": 1.709245}}
{"target": -44.318301796656506, "params": {"C": 302.41373709178504, "epsilon": 1.8427962161102762, "gamma": 0.027400273244402466}, "datetime": {"datetime": "2021-09-24 17:05:17", "elapsed": 428.722283, "delta": 2.051999}}
{"target": -42.733189673042695, "params": {"C": 389.6055390734424, "epsilon": 0.9722781320831391, "gamma": 0.007121283117703641}, "datetime": {"datetime": "2021-09-24 17:05:19", "elapsed": 430.946436, "delta": 2.224153}}
{"target": -43.06353944701929, "params": {"C": 349.39265400770256, "epsilon": 1.3309257478240382, "gamma": 0.005709917914244774}, "datetime": {"datetime": "2021-09-24 17:05:21", "elapsed": 432.698436, "delta": 1.752}}
{"target": -42.995785385094074, "params": {"C": 398.88027729008166, "epsilon": 0.6442446674844468, "gamma": 0.012115468916519812}, "datetime": {"datetime": "2021-09-24 17:05:23", "elapsed": 435.564735, "delta": 2.866299}}
{"target": -42.65868501763296, "params": {"C": 322.2376307244174, "epsilon": 2.793942160524099, "gamma": 0.009030529691870414}, "datetime": {"datetime": "2021-09-24 17:05:25", "elapsed": 437.404734, "delta": 1.839999}}
{"target": -44.87446742305514, "params": {"C": 379.11009013558794, "epsilon": 0.9155742628249853, "gamma": 0.027655771595573437}, "datetime": {"datetime": "2021-09-24 17:05:28", "elapsed": 439.863225, "delta": 2.458491}}
{"target": -42.694182358798365, "params": {"C": 396.44416015498547, "epsilon": 1.5883339317610816, "gamma": 0.009450522949684955}, "datetime": {"datetime": "2021-09-24 17:05:30", "elapsed": 441.744793, "delta": 1.881568}}
{"target": -43.69427684746527, "params": {"C": 327.5220637528061, "epsilon": 3.9009443085374236, "gamma": 0.002605613800668923}, "datetime": {"datetime": "2021-09-24 17:05:31", "elapsed": 443.655474, "delta": 1.910681}}
{"target": -43.01782131668782, "params": {"C": 383.09271328278754, "epsilon": 0.07333024266528265, "gamma": 0.005507891011847763}, "datetime": {"datetime": "2021-09-24 17:05:34", "elapsed": 446.644474, "delta": 2.989}}
{"target": -44.28199521332011, "params": {"C": 357.8450337755713, "epsilon": 2.2341639766254406, "gamma": 0.023516853976920875}, "datetime": {"datetime": "2021-09-24 17:05:37", "elapsed": 448.981656, "delta": 2.337182}}
{"target": -44.192065120813204, "params": {"C": 336.727295809886, "epsilon": 3.366559337240965, "gamma": 0.025086333103457394}, "datetime": {"datetime": "2021-09-24 17:05:40", "elapsed": 452.183124, "delta": 3.201468}}
{"target": -43.031114702606466, "params": {"C": 362.43043200027176, "epsilon": 3.1645922806036118, "gamma": 0.012346274013501303}, "datetime": {"datetime": "2021-09-24 17:05:42", "elapsed": 454.061984, "delta": 1.87886}}
{"target": -44.528839771646005, "params": {"C": 311.3848009646835, "epsilon": 2.797754127528171, "gamma": 0.0296421858388116}, "datetime": {"datetime": "2021-09-24 17:05:44", "elapsed": 456.195095, "delta": 2.133111}}
{"target": -42.854016147328146, "params": {"C": 327.41731040941977, "epsilon": 1.4279762219275896, "gamma": 0.006572137072847956}, "datetime": {"datetime": "2021-09-24 17:05:47", "elapsed": 459.121335, "delta": 2.92624}}
{"target": -44.2698046354607, "params": {"C": 362.96318603242173, "epsilon": 2.4930760342917244, "gamma": 0.023217293486195625}, "datetime": {"datetime": "2021-09-24 17:05:49", "elapsed": 461.430936, "delta": 2.309601}}
{"target": -43.072080085390624, "params": {"C": 353.92492200398846, "epsilon": 1.9573475147003618, "gamma": 0.0054754698257018005}, "datetime": {"datetime": "2021-09-24 17:05:51", "elapsed": 463.515777, "delta": 2.084841}}
{"target": -44.0927791129883, "params": {"C": 396.8254022458082, "epsilon": 2.392138523225266, "gamma": 0.019648003265108727}, "datetime": {"datetime": "2021-09-24 17:05:54", "elapsed": 466.103782, "delta": 2.588005}}
{"target": -43.65398410255203, "params": {"C": 389.90131479599427, "epsilon": 2.3030522220529708, "gamma": 0.015027949934399392}, "datetime": {"datetime": "2021-09-24 17:05:56", "elapsed": 468.333029, "delta": 2.229247}}
{"target": -42.757286278446145, "params": {"C": 345.49320363062736, "epsilon": 2.176404398470437, "gamma": 0.006580640405864859}, "datetime": {"datetime": "2021-09-24 17:06:00", "elapsed": 471.818019, "delta": 3.48499}}
{"target": -42.793939078934294, "params": {"C": 383.43506581518113, "epsilon": 2.9189018459276332, "gamma": 0.0059801478405672875}, "datetime": {"datetime": "2021-09-24 17:06:02", "elapsed": 474.543254, "delta": 2.725235}}
{"target": -42.873771010868936, "params": {"C": 342.155093208544, "epsilon": 2.1076346293779102, "gamma": 0.006296472175937922}, "datetime": {"datetime": "2021-09-24 17:06:04", "elapsed": 476.599212, "delta": 2.055958}}
{"target": -43.988269433802365, "params": {"C": 326.7098719839238, "epsilon": 1.0809257195785016, "gamma": 0.0017077547423782324}, "datetime": {"datetime": "2021-09-24 17:06:07", "elapsed": 478.841379, "delta": 2.242167}}
{"target": -43.27505611185434, "params": {"C": 329.5312112221983, "epsilon": 3.4898775976876073, "gamma": 0.015088546897948404}, "datetime": {"datetime": "2021-09-24 17:06:10", "elapsed": 481.748117, "delta": 2.906738}}
{"target": -42.69273122449627, "params": {"C": 316.27021098211435, "epsilon": 2.403561089701219, "gamma": 0.00731164269458886}, "datetime": {"datetime": "2021-09-24 17:06:13", "elapsed": 485.483002, "delta": 3.734885}}
{"target": -44.73755791631131, "params": {"C": 367.1908714823595, "epsilon": 2.8340835116544154, "gamma": 0.02789835950470816}, "datetime": {"datetime": "2021-09-24 17:06:16", "elapsed": 487.82837, "delta": 2.345368}}
{"target": -43.99300443512666, "params": {"C": 318.92615856323914, "epsilon": 0.050809695145422065, "gamma": 0.02039808089593658}, "datetime": {"datetime": "2021-09-24 17:06:19", "elapsed": 490.995264, "delta": 3.166894}}
{"target": -42.79566300928148, "params": {"C": 301.9169355595596, "epsilon": 0.3744343817178952, "gamma": 0.007133739896715212}, "datetime": {"datetime": "2021-09-24 17:06:21", "elapsed": 493.266043, "delta": 2.270779}}
{"target": -44.21989811550699, "params": {"C": 333.374000728057, "epsilon": 3.2297547148346064, "gamma": 0.025557055168379875}, "datetime": {"datetime": "2021-09-24 17:06:24", "elapsed": 495.76672, "delta": 2.500677}}
{"target": -42.523314412710945, "params": {"C": 310.15816026854867, "epsilon": 0.28041829175303123, "gamma": 0.00908525208349973}, "datetime": {"datetime": "2021-09-24 17:06:27", "elapsed": 499.184052, "delta": 3.417332}}
{"target": -44.220986461802326, "params": {"C": 312.68239204106425, "epsilon": 1.443537437854363, "gamma": 0.024725359221026567}, "datetime": {"datetime": "2021-09-24 17:06:31", "elapsed": 503.205751, "delta": 4.021699}}
{"target": -42.89875197012565, "params": {"C": 329.15724465738026, "epsilon": 0.46193860827026534, "gamma": 0.013404619623611497}, "datetime": {"datetime": "2021-09-24 17:06:33", "elapsed": 505.649503, "delta": 2.443752}}
{"target": -44.7997853500889, "params": {"C": 376.2145764689499, "epsilon": 3.8806685344622274, "gamma": 0.028146225073255503}, "datetime": {"datetime": "2021-09-24 17:06:36", "elapsed": 508.020653, "delta": 2.37115}}
{"target": -42.743972540027336, "params": {"C": 353.8281207489885, "epsilon": 2.1330921835813252, "gamma": 0.010644403057385787}, "datetime": {"datetime": "2021-09-24 17:06:39", "elapsed": 511.576289, "delta": 3.555636}}
{"target": -43.82882690335437, "params": {"C": 341.0573136360211, "epsilon": 3.8530297297789993, "gamma": 0.01872345121604893}, "datetime": {"datetime": "2021-09-24 17:06:41", "elapsed": 513.607185, "delta": 2.030896}}
{"target": -42.6261540695285, "params": {"C": 333.3955920576349, "epsilon": 2.2287061355422977, "gamma": 0.009424077341183822}, "datetime": {"datetime": "2021-09-24 17:06:44", "elapsed": 515.708243, "delta": 2.101058}}
{"target": -43.36340432760137, "params": {"C": 330.87824023338896, "epsilon": 1.0238708573477087, "gamma": 0.0009016226718914816}, "datetime": {"datetime": "2021-09-24 17:06:46", "elapsed": 518.478751, "delta": 2.770508}}
{"target": -44.21610761534535, "params": {"C": 332.65410266912403, "epsilon": 0.37726559842458596, "gamma": 0.02230404679974477}, "datetime": {"datetime": "2021-09-24 17:06:50", "elapsed": 521.830731, "delta": 3.35198}}
{"target": -43.03018413231521, "params": {"C": 374.3395973526938, "epsilon": 3.2242108689066735, "gamma": 0.011881405626419372}, "datetime": {"datetime": "2021-09-24 17:06:53", "elapsed": 524.725922, "delta": 2.895191}}
{"target": -44.851427007283725, "params": {"C": 362.48365805107403, "epsilon": 2.5144821689434997, "gamma": 0.02867086755455585}, "datetime": {"datetime": "2021-09-24 17:06:56", "elapsed": 528.287906, "delta": 3.561984}}
{"target": -43.857987406303316, "params": {"C": 351.9724661736377, "epsilon": 3.7400366400467164, "gamma": 0.01884806969916019}, "datetime": {"datetime": "2021-09-24 17:06:58", "elapsed": 530.505033, "delta": 2.217127}}
{"target": -43.376137636902044, "params": {"C": 375.42414209147637, "epsilon": 2.475820991500167, "gamma": 0.014231726701763099}, "datetime": {"datetime": "2021-09-24 17:07:01", "elapsed": 532.811258, "delta": 2.306225}}
{"target": -43.826434304082795, "params": {"C": 385.8433375793666, "epsilon": 0.2548784148784512, "gamma": 0.01657184764253392}, "datetime": {"datetime": "2021-09-24 17:07:03", "elapsed": 534.703536, "delta": 1.892278}}
{"target": -43.47729600829616, "params": {"C": 325.27568333629324, "epsilon": 3.0513561479974896, "gamma": 0.016242053839824314}, "datetime": {"datetime": "2021-09-24 17:07:06", "elapsed": 537.901391, "delta": 3.197855}}
{"target": -43.42931868194095, "params": {"C": 302.21551881779016, "epsilon": 0.8868920265753923, "gamma": 0.017301179697218567}, "datetime": {"datetime": "2021-09-24 17:07:08", "elapsed": 539.925564, "delta": 2.024173}}
{"target": -43.319455871777684, "params": {"C": 350.3002446807825, "epsilon": 2.4952349415505233, "gamma": 0.014702960568852645}, "datetime": {"datetime": "2021-09-24 17:07:10", "elapsed": 541.726559, "delta": 1.800995}}
{"target": -42.9860572990398, "params": {"C": 305.1672465866413, "epsilon": 0.6953282549024443, "gamma": 0.01504105090095356}, "datetime": {"datetime": "2021-09-24 17:07:11", "elapsed": 543.525808, "delta": 1.799249}}
{"target": -44.17298047805993, "params": {"C": 347.0829569386936, "epsilon": 3.2225856087299865, "gamma": 0.023857880741192366}, "datetime": {"datetime": "2021-09-24 17:07:14", "elapsed": 545.691257, "delta": 2.165449}}
{"target": -44.160398136995845, "params": {"C": 389.3972228736246, "epsilon": 0.4214863253211124, "gamma": 0.019108690298547497}, "datetime": {"datetime": "2021-09-24 17:07:16", "elapsed": 547.864418, "delta": 2.173161}}
{"target": -43.99396829016852, "params": {"C": 321.258029382162, "epsilon": 1.5541501152211192, "gamma": 0.021008572404123828}, "datetime": {"datetime": "2021-09-24 17:07:19", "elapsed": 550.740682, "delta": 2.876264}}
{"target": -42.92108554709527, "params": {"C": 389.57221556869064, "epsilon": 0.7923370617264683, "gamma": 0.011517341378919136}, "datetime": {"datetime": "2021-09-24 17:07:21", "elapsed": 553.048223, "delta": 2.307541}}
{"target": -42.6756412207122, "params": {"C": 355.1276749970908, "epsilon": 0.46765133967367056, "gamma": 0.010470249900240638}, "datetime": {"datetime": "2021-09-24 17:07:23", "elapsed": 554.887384, "delta": 1.839161}}
{"target": -43.17639716160406, "params": {"C": 355.5159011922111, "epsilon": 1.4589612546553594, "gamma": 0.004768981046558606}, "datetime": {"datetime": "2021-09-24 17:07:25", "elapsed": 556.780449, "delta": 1.893065}}
{"target": -43.10067560865743, "params": {"C": 368.23123563680616, "epsilon": 2.288841664420181, "gamma": 0.004913537628788473}, "datetime": {"datetime": "2021-09-24 17:07:27", "elapsed": 558.696988, "delta": 1.916539}}
{"target": -43.58890128896272, "params": {"C": 334.75543455185806, "epsilon": 3.5516836090601194, "gamma": 0.016551729997542685}, "datetime": {"datetime": "2021-09-24 17:07:28", "elapsed": 560.618539, "delta": 1.921551}}
{"target": -44.93368250625563, "params": {"C": 349.8587020828698, "epsilon": 1.7164402204728366, "gamma": 0.029625902248278595}, "datetime": {"datetime": "2021-09-24 17:07:31", "elapsed": 563.191251, "delta": 2.572712}}
{"target": -43.3674217562872, "params": {"C": 307.3362006575656, "epsilon": 1.3439705142381377, "gamma": 0.016578124992179973}, "datetime": {"datetime": "2021-09-24 17:07:33", "elapsed": 565.551438, "delta": 2.360187}}
{"target": -44.072034937348135, "params": {"C": 349.3982085338977, "epsilon": 1.9563568913555502, "gamma": 0.021009378863471567}, "datetime": {"datetime": "2021-09-24 17:07:35", "elapsed": 567.65003, "delta": 2.098592}}
{"target": -45.09487232830195, "params": {"C": 375.3667550452676, "epsilon": 1.047097867674774, "gamma": 0.028980276459532037}, "datetime": {"datetime": "2021-09-24 17:07:38", "elapsed": 570.059403, "delta": 2.409373}}
{"target": -44.420323691856304, "params": {"C": 394.67674686474265, "epsilon": 2.4869109424629277, "gamma": 0.024019866044235207}, "datetime": {"datetime": "2021-09-24 17:07:41", "elapsed": 573.328986, "delta": 3.269583}}
{"target": -42.72251345044656, "params": {"C": 342.32689343260336, "epsilon": 3.067492031204399, "gamma": 0.007070429198436489}, "datetime": {"datetime": "2021-09-24 17:07:44", "elapsed": 575.755188, "delta": 2.426202}}
{"target": -43.06929363401313, "params": {"C": 308.96744005278754, "epsilon": 3.924578503472521, "gamma": 0.013827753812474695}, "datetime": {"datetime": "2021-09-24 17:07:47", "elapsed": 578.767153, "delta": 3.011965}}
{"target": -43.084214446046175, "params": {"C": 347.6181111206335, "epsilon": 0.27704797638193746, "gamma": 0.005509623993305394}, "datetime": {"datetime": "2021-09-24 17:07:50", "elapsed": 582.143207, "delta": 3.376054}}
{"target": -43.528314501506635, "params": {"C": 340.4362981954887, "epsilon": 1.5922265837467835, "gamma": 0.0027131306426776787}, "datetime": {"datetime": "2021-09-24 17:07:52", "elapsed": 584.500803, "delta": 2.357596}}
{"target": -43.92965248314186, "params": {"C": 312.21938999914516, "epsilon": 0.45941618409378615, "gamma": 0.02043199363473828}, "datetime": {"datetime": "2021-09-24 17:07:55", "elapsed": 586.737634, "delta": 2.236831}}
{"target": -43.13074177068864, "params": {"C": 304.12459007683316, "epsilon": 1.9571185982419355, "gamma": 0.005171884319836352}, "datetime": {"datetime": "2021-09-24 17:07:57", "elapsed": 589.16089, "delta": 2.423256}}
{"target": -44.39756498862144, "params": {"C": 315.7487317889397, "epsilon": 0.6327521613358482, "gamma": 0.025860674122330975}, "datetime": {"datetime": "2021-09-24 17:08:00", "elapsed": 592.02757, "delta": 2.86668}}
{"target": -43.17164268340888, "params": {"C": 371.29346983168944, "epsilon": 0.4029857966784517, "gamma": 0.014289221705279147}, "datetime": {"datetime": "2021-09-24 17:08:02", "elapsed": 594.558558, "delta": 2.530988}}
{"target": -42.6584437033844, "params": {"C": 390.63080726354156, "epsilon": 1.3266966359368946, "gamma": 0.009094611817367895}, "datetime": {"datetime": "2021-09-24 17:08:05", "elapsed": 597.146911, "delta": 2.588353}}
{"target": -44.510381290428654, "params": {"C": 399.56968616999984, "epsilon": 0.9911808133677074, "gamma": 0.023029708546133443}, "datetime": {"datetime": "2021-09-24 17:08:08", "elapsed": 599.87533, "delta": 2.728419}}
{"target": -44.076023305008306, "params": {"C": 332.01860460748236, "epsilon": 0.8639340855640393, "gamma": 0.02133086238519576}, "datetime": {"datetime": "2021-09-24 17:08:10", "elapsed": 602.269393, "delta": 2.394063}}
{"target": -43.522748082624396, "params": {"C": 393.36823132886036, "epsilon": 1.8073450166007814, "gamma": 0.002984425850883661}, "datetime": {"datetime": "2021-09-24 17:08:13", "elapsed": 604.666917, "delta": 2.397524}}
{"target": -45.07090073466729, "params": {"C": 380.01341840512896, "epsilon": 2.4670859188635546, "gamma": 0.02884071507532052}, "datetime": {"datetime": "2021-09-24 17:08:14", "elapsed": 606.60707, "delta": 1.940153}}
{"target": -45.07549409134126, "params": {"C": 391.6312158157925, "epsilon": 1.255899101974494, "gamma": 0.028119082292519595}, "datetime": {"datetime": "2021-09-24 17:08:16", "elapsed": 608.61187, "delta": 2.0048}}
{"target": -43.90542797761671, "params": {"C": 358.21958117774017, "epsilon": 0.9621062690145848, "gamma": 0.017899043398119593}, "datetime": {"datetime": "2021-09-24 17:08:19", "elapsed": 611.418206, "delta": 2.806336}}
{"target": -43.93961183131021, "params": {"C": 388.62750177616124, "epsilon": 1.4746797751253728, "gamma": 0.016951068100441623}, "datetime": {"datetime": "2021-09-24 17:08:21", "elapsed": 613.405217, "delta": 1.987011}}
{"target": -43.601869656632616, "params": {"C": 356.65099916504676, "epsilon": 1.822824496720545, "gamma": 0.015821683934214258}, "datetime": {"datetime": "2021-09-24 17:08:23", "elapsed": 615.172617, "delta": 1.7674}}
{"target": -43.1017201916956, "params": {"C": 332.2050426930279, "epsilon": 2.183987214926725, "gamma": 0.005289744728765877}, "datetime": {"datetime": "2021-09-24 17:08:25", "elapsed": 617.238828, "delta": 2.066211}}
{"target": -42.67012604422249, "params": {"C": 336.44924645461685, "epsilon": 2.672780885200241, "gamma": 0.00854509803649175}, "datetime": {"datetime": "2021-09-24 17:08:27", "elapsed": 619.422379, "delta": 2.183551}}
{"target": -43.63076633521736, "params": {"C": 311.06938949582957, "epsilon": 1.6226585278853314, "gamma": 0.0022579474357482753}, "datetime": {"datetime": "2021-09-24 17:08:29", "elapsed": 621.395693, "delta": 1.973314}}
{"target": -44.69503264595363, "params": {"C": 361.7108743349622, "epsilon": 1.8456065025376034, "gamma": 0.0277936330081053}, "datetime": {"datetime": "2021-09-24 17:08:32", "elapsed": 623.925819, "delta": 2.530126}}
