{"target": -44.97387349761694, "params": {"C": 22.236154949379472, "epsilon": 2.0024462765189464, "gamma": 0.14348097621248576}, "datetime": {"datetime": "2021-09-24 15:09:56", "elapsed": 478.274067, "delta": 5.286151}}
{"target": -44.75999944478174, "params": {"C": 25.505699946954863, "epsilon": 1.501971812742529, "gamma": 0.13726508679670418}, "datetime": {"datetime": "2021-09-24 15:10:00", "elapsed": 482.465405, "delta": 4.191338}}
{"target": -45.53859640715275, "params": {"C": 22.864801861399286, "epsilon": 2.2647814498333068, "gamma": 0.17457457210153843}, "datetime": {"datetime": "2021-09-24 15:10:04", "elapsed": 487.195954, "delta": 4.730549}}
{"target": -44.50703703374489, "params": {"C": 44.15064419136988, "epsilon": 1.8033009855198119, "gamma": 0.09087826975466169}, "datetime": {"datetime": "2021-09-24 15:10:09", "elapsed": 491.707229, "delta": 4.511275}}
{"target": -47.27462399474486, "params": {"C": 48.257638475942876, "epsilon": 1.1781897887535222, "gamma": 0.2939030205288655}, "datetime": {"datetime": "2021-09-24 15:10:10", "elapsed": 493.238091, "delta": 1.530862}}
{"target": -44.115441638399375, "params": {"C": 23.69148164973951, "epsilon": 2.3761938044538127, "gamma": 0.08398677200537717}, "datetime": {"datetime": "2021-09-24 15:10:14", "elapsed": 496.902982, "delta": 3.664891}}
{"target": -44.51261606616327, "params": {"C": 44.68521848311627, "epsilon": 1.5426105752848844, "gamma": 0.09044141225655832}, "datetime": {"datetime": "2021-09-24 15:10:18", "elapsed": 500.30156, "delta": 3.398578}}
{"target": -55.12430516469976, "params": {"C": 29.344066550029964, "epsilon": 1.6660598906548354, "gamma": 0.7772337557224461}, "datetime": {"datetime": "2021-09-24 15:10:19", "elapsed": 501.833219, "delta": 1.531659}}
{"target": -44.85348263142083, "params": {"C": 48.23654326469648, "epsilon": 2.532173514464859, "gamma": 0.09839687855100865}, "datetime": {"datetime": "2021-09-24 15:10:22", "elapsed": 505.195711, "delta": 3.362492}}
{"target": -45.19799027232741, "params": {"C": 22.353940430711415, "epsilon": 1.3438226026862774, "gamma": 0.15523844640707557}, "datetime": {"datetime": "2021-09-24 15:10:26", "elapsed": 508.809162, "delta": 3.613451}}
{"target": -43.926780923985866, "params": {"C": 22.496145950270886, "epsilon": 1.0351844409918112, "gamma": 0.017827526921547}, "datetime": {"datetime": "2021-09-24 15:10:30", "elapsed": 512.372521, "delta": 3.563359}}
{"target": -43.85029515674349, "params": {"C": 23.13485804847264, "epsilon": 2.9596678158799414, "gamma": 0.04223214009266601}, "datetime": {"datetime": "2021-09-24 15:10:34", "elapsed": 517.050791, "delta": 4.67827}}
{"target": -44.19984343563334, "params": {"C": 23.141292400227098, "epsilon": 2.311487649472895, "gamma": 0.0924392107802167}, "datetime": {"datetime": "2021-09-24 15:10:38", "elapsed": 520.829868, "delta": 3.779077}}
{"target": -43.96397308982755, "params": {"C": 22.098461347187058, "epsilon": 2.0978331634286027, "gamma": 0.034504145653551664}, "datetime": {"datetime": "2021-09-24 15:10:42", "elapsed": 524.763692, "delta": 3.933824}}
{"target": -45.92223596554899, "params": {"C": 44.23348740669675, "epsilon": 1.9321760173637894, "gamma": 0.17733472442141915}, "datetime": {"datetime": "2021-09-24 15:10:48", "elapsed": 530.873258, "delta": 6.109566}}
{"target": -49.54134662173362, "params": {"C": 45.0516442500372, "epsilon": 1.71809914708737, "gamma": 0.4855480116634348}, "datetime": {"datetime": "2021-09-24 15:10:50", "elapsed": 532.57056, "delta": 1.697302}}
{"target": -44.010797031019095, "params": {"C": 22.148509960767917, "epsilon": 1.7450560863946243, "gamma": 0.03217769060991828}, "datetime": {"datetime": "2021-09-24 15:10:55", "elapsed": 538.055848, "delta": 5.485288}}
{"target": -45.42742998816076, "params": {"C": 41.42806060119723, "epsilon": 0.8718399849685327, "gamma": 0.15527242697132607}, "datetime": {"datetime": "2021-09-24 15:11:00", "elapsed": 543.211657, "delta": 5.155809}}
{"target": -44.16912467927451, "params": {"C": 22.15096646164983, "epsilon": 1.9873630890938248, "gamma": 0.010536218438656908}, "datetime": {"datetime": "2021-09-24 15:11:05", "elapsed": 547.602518, "delta": 4.390861}}
{"target": -47.54479640117711, "params": {"C": 22.659759539285535, "epsilon": 1.6070394468062585, "gamma": 0.277226722128969}, "datetime": {"datetime": "2021-09-24 15:11:10", "elapsed": 552.843734, "delta": 5.241216}}
{"target": -44.3400238198589, "params": {"C": 23.120650098976036, "epsilon": 2.7720859584666844, "gamma": 0.10115655380920963}, "datetime": {"datetime": "2021-09-24 15:11:17", "elapsed": 559.703975, "delta": 6.860241}}
{"target": -44.66600677987622, "params": {"C": 40.8182745975995, "epsilon": 0.7829033930375819, "gamma": 0.10022703041668236}, "datetime": {"datetime": "2021-09-24 15:11:22", "elapsed": 565.126697, "delta": 5.422722}}
{"target": -45.203209230922965, "params": {"C": 22.544640882718483, "epsilon": 1.9094815030276397, "gamma": 0.15704398311747567}, "datetime": {"datetime": "2021-09-24 15:11:27", "elapsed": 570.12247, "delta": 4.995773}}
{"target": -46.58715166255046, "params": {"C": 41.26728348749051, "epsilon": 1.1671100139344952, "gamma": 0.2428298496395755}, "datetime": {"datetime": "2021-09-24 15:11:33", "elapsed": 575.516754, "delta": 5.394284}}
{"target": -45.0692620913854, "params": {"C": 41.1839982798746, "epsilon": 1.4274735494550832, "gamma": 0.12142261622547151}, "datetime": {"datetime": "2021-09-24 15:11:38", "elapsed": 580.913216, "delta": 5.396462}}
{"target": -57.20370072064728, "params": {"C": 17.35326035674794, "epsilon": 2.4181446825664947, "gamma": 0.8473367513011353}, "datetime": {"datetime": "2021-09-24 15:11:41", "elapsed": 583.713104, "delta": 2.799888}}
{"target": -52.874640089237474, "params": {"C": 5.9774985315888465, "epsilon": 0.1901698884048717, "gamma": 0.2813520123124186}, "datetime": {"datetime": "2021-09-24 15:11:44", "elapsed": 587.059507, "delta": 3.346403}}
{"target": -43.77504664114902, "params": {"C": 40.99014858861711, "epsilon": 1.371271539292323, "gamma": 0.049513109428476525}, "datetime": {"datetime": "2021-09-24 15:11:50", "elapsed": 593.021733, "delta": 5.962226}}
{"target": -45.30389720084382, "params": {"C": 40.86577019930105, "epsilon": 0.6277747760976284, "gamma": 0.14918427138888601}, "datetime": {"datetime": "2021-09-24 15:11:57", "elapsed": 599.649654, "delta": 6.627921}}
{"target": -45.13184379908149, "params": {"C": 48.12345981521324, "epsilon": 2.771044251133364, "gamma": 0.11030677326761744}, "datetime": {"datetime": "2021-09-24 15:12:05", "elapsed": 607.334299, "delta": 7.684645}}
{"target": -44.02739726204631, "params": {"C": 40.964645332922686, "epsilon": 0.5923347928595472, "gamma": 0.02746467295568519}, "datetime": {"datetime": "2021-09-24 15:12:11", "elapsed": 613.771752, "delta": 6.437453}}
{"target": -54.52862143557904, "params": {"C": 21.118083681650337, "epsilon": 2.8889763626214657, "gamma": 0.6125284835370215}, "datetime": {"datetime": "2021-09-24 15:12:14", "elapsed": 616.568171, "delta": 2.796419}}
{"target": -46.509514333305454, "params": {"C": 22.854959794460775, "epsilon": 1.9671761157863377, "gamma": 0.22476570368791074}, "datetime": {"datetime": "2021-09-24 15:12:19", "elapsed": 621.856982, "delta": 5.288811}}
{"target": -46.35548241645547, "params": {"C": 22.6150188070976, "epsilon": 1.1816944720146971, "gamma": 0.2144056940606017}, "datetime": {"datetime": "2021-09-24 15:12:26", "elapsed": 628.394648, "delta": 6.537666}}
{"target": -44.14071771506086, "params": {"C": 40.9451213292075, "epsilon": 1.5245910466380128, "gamma": 0.07416734561654878}, "datetime": {"datetime": "2021-09-24 15:12:31", "elapsed": 633.947711, "delta": 5.553063}}
{"target": -58.108737115185164, "params": {"C": 41.25837018426829, "epsilon": 0.7560143278635543, "gamma": 0.0001}, "datetime": {"datetime": "2021-09-24 15:12:37", "elapsed": 639.308459, "delta": 5.360748}}
{"target": -44.013541166412665, "params": {"C": 44.26208447936921, "epsilon": 1.7681775991575617, "gamma": 0.02740395739925637}, "datetime": {"datetime": "2021-09-24 15:12:44", "elapsed": 647.070636, "delta": 7.762177}}
{"target": -53.79147284496109, "params": {"C": 26.466508425082466, "epsilon": 2.803619618010101, "gamma": 0.6168104773948548}, "datetime": {"datetime": "2021-09-24 15:12:47", "elapsed": 650.120022, "delta": 3.049386}}
{"target": -46.12937372268429, "params": {"C": 41.21625060279906, "epsilon": 0.5173835052113676, "gamma": 0.2151556686518881}, "datetime": {"datetime": "2021-09-24 15:12:54", "elapsed": 656.597327, "delta": 6.477305}}
{"target": -44.447010747565514, "params": {"C": 40.769847323274554, "epsilon": 0.9439750606076762, "gamma": 0.09276466807937851}, "datetime": {"datetime": "2021-09-24 15:12:59", "elapsed": 661.45059, "delta": 4.853263}}
{"target": -58.11679625029183, "params": {"C": 40.98108764172419, "epsilon": 0.8503502564515568, "gamma": 0.0001}, "datetime": {"datetime": "2021-09-24 15:13:07", "elapsed": 669.683535, "delta": 8.232945}}
{"target": -43.845570968600576, "params": {"C": 40.80007912778032, "epsilon": 1.1242701360805267, "gamma": 0.0570840332790198}, "datetime": {"datetime": "2021-09-24 15:13:14", "elapsed": 676.999039, "delta": 7.315504}}
{"target": -44.65521366873232, "params": {"C": 25.759445179398643, "epsilon": 1.5282135150762757, "gamma": 0.12931680714125676}, "datetime": {"datetime": "2021-09-24 15:13:22", "elapsed": 684.517755, "delta": 7.518716}}
{"target": -44.09395789182453, "params": {"C": 22.89004557354441, "epsilon": 0.585330470088943, "gamma": 0.09736915881631693}, "datetime": {"datetime": "2021-09-24 15:13:28", "elapsed": 691.026901, "delta": 6.509146}}
{"target": -45.25584644111807, "params": {"C": 23.606929596959482, "epsilon": 2.589219167147487, "gamma": 0.16195473374015312}, "datetime": {"datetime": "2021-09-24 15:13:35", "elapsed": 697.846374, "delta": 6.819473}}
{"target": -45.98104701067132, "params": {"C": 40.860481659165785, "epsilon": 0.9315939906182028, "gamma": 0.20265539822123554}, "datetime": {"datetime": "2021-09-24 15:13:43", "elapsed": 705.372307, "delta": 7.525933}}
{"target": -58.99785481240463, "params": {"C": 23.425098197780397, "epsilon": 2.789371244352979, "gamma": 0.0001}, "datetime": {"datetime": "2021-09-24 15:13:49", "elapsed": 711.600075, "delta": 6.227768}}
{"target": -47.25764210111201, "params": {"C": 22.351563183346535, "epsilon": 1.8249042218983478, "gamma": 0.2602212719774431}, "datetime": {"datetime": "2021-09-24 15:13:58", "elapsed": 720.892357, "delta": 9.292282}}
{"target": -46.87991299783787, "params": {"C": 23.49718286445507, "epsilon": 2.741094010820867, "gamma": 0.24352120403049596}, "datetime": {"datetime": "2021-09-24 15:14:04", "elapsed": 726.641153, "delta": 5.748796}}
{"target": -44.81657960628398, "params": {"C": 28.202791584183462, "epsilon": 1.0804596480381417, "gamma": 0.13304137967195706}, "datetime": {"datetime": "2021-09-24 15:14:07", "elapsed": 729.919068, "delta": 3.277915}}
{"target": -45.91935643462843, "params": {"C": 44.59085446703988, "epsilon": 1.4250935114334837, "gamma": 0.18009000409775555}, "datetime": {"datetime": "2021-09-24 15:14:16", "elapsed": 738.473251, "delta": 8.554183}}
{"target": -43.93149255295069, "params": {"C": 23.84271960434824, "epsilon": 2.9166762561696142, "gamma": 0.06943918471383294}, "datetime": {"datetime": "2021-09-24 15:14:24", "elapsed": 747.105654, "delta": 8.632403}}
{"target": -58.859916547280584, "params": {"C": 25.543575291144425, "epsilon": 1.5627390744896625, "gamma": 0.0001}, "datetime": {"datetime": "2021-09-24 15:14:32", "elapsed": 754.786247, "delta": 7.680593}}
{"target": -57.88716182710411, "params": {"C": 4.594738322207147, "epsilon": 0.9935938469018073, "gamma": 0.5388133051436687}, "datetime": {"datetime": "2021-09-24 15:14:35", "elapsed": 758.03216, "delta": 3.245913}}
{"target": -46.212498575629915, "params": {"C": 25.661207733408716, "epsilon": 1.6298695167389792, "gamma": 0.217680875312554}, "datetime": {"datetime": "2021-09-24 15:14:42", "elapsed": 765.091109, "delta": 7.058949}}
{"target": -44.11732257130859, "params": {"C": 40.47006891580609, "epsilon": 1.3871015353249427, "gamma": 0.0217428299274276}, "datetime": {"datetime": "2021-09-24 15:14:50", "elapsed": 772.391237, "delta": 7.300128}}
{"target": -43.95955071252111, "params": {"C": 41.26055893243788, "epsilon": 1.113542542793723, "gamma": 0.03099816917158178}, "datetime": {"datetime": "2021-09-24 15:14:57", "elapsed": 780.172452, "delta": 7.781215}}
{"target": -44.878552029512136, "params": {"C": 48.556312457113776, "epsilon": 3.0, "gamma": 0.09684680277668789}, "datetime": {"datetime": "2021-09-24 15:15:06", "elapsed": 789.186612, "delta": 9.01416}}
{"target": -44.02143406637708, "params": {"C": 22.19070846668874, "epsilon": 1.6258021680392656, "gamma": 0.012605405205396552}, "datetime": {"datetime": "2021-09-24 15:15:13", "elapsed": 796.096551, "delta": 6.909939}}
{"target": -43.975537973413616, "params": {"C": 22.494941895828592, "epsilon": 1.4713593219790582, "gamma": 0.012893201181191815}, "datetime": {"datetime": "2021-09-24 15:15:21", "elapsed": 804.189155, "delta": 8.092604}}
{"target": -43.793607167510714, "params": {"C": 22.660308847271025, "epsilon": 0.7116361181701285, "gamma": 0.08068985307986748}, "datetime": {"datetime": "2021-09-24 15:15:30", "elapsed": 812.724972, "delta": 8.535817}}
{"target": -46.37923253537863, "params": {"C": 22.19827157516722, "epsilon": 1.5104876650892407, "gamma": 0.21366846174051465}, "datetime": {"datetime": "2021-09-24 15:15:36", "elapsed": 819.019871, "delta": 6.294899}}
{"target": -44.16691634829814, "params": {"C": 41.15570094596548, "epsilon": 1.575582620626915, "gamma": 0.005930066367629686}, "datetime": {"datetime": "2021-09-24 15:15:44", "elapsed": 826.770144, "delta": 7.750273}}
{"target": -58.60406049803155, "params": {"C": 8.716878576580463, "epsilon": 0.4563283959310349, "gamma": 0.8577693489662799}, "datetime": {"datetime": "2021-09-24 15:15:47", "elapsed": 829.912857, "delta": 3.142713}}
{"target": -46.81421868480353, "params": {"C": 41.65228774972931, "epsilon": 0.9641066059266619, "gamma": 0.26031345433004777}, "datetime": {"datetime": "2021-09-24 15:15:55", "elapsed": 837.789984, "delta": 7.877127}}
{"target": -47.136930684537575, "params": {"C": 45.40909555913538, "epsilon": 0.9805448894646717, "gamma": 0.28167362048749683}, "datetime": {"datetime": "2021-09-24 15:15:58", "elapsed": 840.806698, "delta": 3.016714}}
{"target": -44.15181717943087, "params": {"C": 22.386963027175135, "epsilon": 0.8103838131109519, "gamma": 0.01163522051405576}, "datetime": {"datetime": "2021-09-24 15:16:06", "elapsed": 849.101203, "delta": 8.294505}}
{"target": -56.21121780417207, "params": {"C": 16.689116257666356, "epsilon": 0.6309668318908196, "gamma": 0.7021212817511079}, "datetime": {"datetime": "2021-09-24 15:16:09", "elapsed": 851.597404, "delta": 2.496201}}
{"target": -44.21571919939609, "params": {"C": 46.75043335114157, "epsilon": 1.3436341825656783, "gamma": 0.07172259135046644}, "datetime": {"datetime": "2021-09-24 15:16:12", "elapsed": 854.471226, "delta": 2.873822}}
{"target": -43.97847273385623, "params": {"C": 22.29152591332572, "epsilon": 1.4541777649856173, "gamma": 0.02965308415191624}, "datetime": {"datetime": "2021-09-24 15:16:19", "elapsed": 861.972732, "delta": 7.501506}}
{"target": -44.52163737792949, "params": {"C": 23.343784607163933, "epsilon": 2.501133573417865, "gamma": 0.11849863572219761}, "datetime": {"datetime": "2021-09-24 15:16:30", "elapsed": 872.729674, "delta": 10.756942}}
{"target": -44.38166110124149, "params": {"C": 22.65807992434546, "epsilon": 2.21659442045007, "gamma": 0.10802459742073542}, "datetime": {"datetime": "2021-09-24 15:16:38", "elapsed": 880.876395, "delta": 8.146721}}
{"target": -43.85902993097254, "params": {"C": 40.54803213690547, "epsilon": 1.133070238364682, "gamma": 0.014031286187735872}, "datetime": {"datetime": "2021-09-24 15:16:43", "elapsed": 886.096601, "delta": 5.220206}}
{"target": -45.06637367190145, "params": {"C": 22.52204275121129, "epsilon": 0.6163386124543593, "gamma": 0.14760972063512232}, "datetime": {"datetime": "2021-09-24 15:16:54", "elapsed": 896.586217, "delta": 10.489616}}
{"target": -43.91706859837459, "params": {"C": 25.5405596622144, "epsilon": 1.4061861193684304, "gamma": 0.08000645654598411}, "datetime": {"datetime": "2021-09-24 15:16:58", "elapsed": 901.200454, "delta": 4.614237}}
{"target": -43.78464946386302, "params": {"C": 22.632211822468673, "epsilon": 1.5476929476000731, "gamma": 0.020310867776081917}, "datetime": {"datetime": "2021-09-24 15:17:06", "elapsed": 908.716306, "delta": 7.515852}}
{"target": -45.11466637746722, "params": {"C": 6.424000852956491, "epsilon": 1.2041191247174077, "gamma": 0.04676019384895879}, "datetime": {"datetime": "2021-09-24 15:17:09", "elapsed": 911.441795, "delta": 2.725489}}
{"target": -43.81772913786103, "params": {"C": 23.799751683318796, "epsilon": 2.8185744135215214, "gamma": 0.04303429571731465}, "datetime": {"datetime": "2021-09-24 15:17:15", "elapsed": 918.13649, "delta": 6.694695}}
{"target": -43.68155133421664, "params": {"C": 23.848772617898504, "epsilon": 2.577731378203071, "gamma": 0.06034473909751133}, "datetime": {"datetime": "2021-09-24 15:17:18", "elapsed": 920.491259, "delta": 2.354769}}
{"target": -46.41327110083416, "params": {"C": 41.37276473521872, "epsilon": 0.6411618443599121, "gamma": 0.23369519526451507}, "datetime": {"datetime": "2021-09-24 15:17:24", "elapsed": 927.100864, "delta": 6.609605}}
{"target": -45.360053411984325, "params": {"C": 44.920000104519865, "epsilon": 2.142929377823509, "gamma": 0.13054522337638272}, "datetime": {"datetime": "2021-09-24 15:17:27", "elapsed": 929.971291, "delta": 2.870427}}
{"target": -44.115726160406844, "params": {"C": 22.646132714137856, "epsilon": 2.3901686428265068, "gamma": 0.08596164298688992}, "datetime": {"datetime": "2021-09-24 15:17:35", "elapsed": 938.086352, "delta": 8.115061}}
{"target": -43.77449999156734, "params": {"C": 22.7487129810896, "epsilon": 2.0022166502663423, "gamma": 0.019292409908987253}, "datetime": {"datetime": "2021-09-24 15:17:42", "elapsed": 944.3365, "delta": 6.250148}}
{"target": -43.9425767982802, "params": {"C": 12.96643567784415, "epsilon": 0.83822551477723, "gamma": 0.048555786194964826}, "datetime": {"datetime": "2021-09-24 15:17:44", "elapsed": 946.844735, "delta": 2.508235}}
{"target": -46.09552407808309, "params": {"C": 24.048816539454684, "epsilon": 2.8507232221174226, "gamma": 0.20313873903934423}, "datetime": {"datetime": "2021-09-24 15:17:50", "elapsed": 952.593579, "delta": 5.748844}}
{"target": -59.672040158690514, "params": {"C": 9.464000507038254, "epsilon": 1.339163485790131, "gamma": 0.0001}, "datetime": {"datetime": "2021-09-24 15:17:56", "elapsed": 958.969276, "delta": 6.375697}}
{"target": -43.94886762834627, "params": {"C": 40.60480324151265, "epsilon": 1.7959892385618876, "gamma": 0.033573561179238876}, "datetime": {"datetime": "2021-09-24 15:18:07", "elapsed": 969.572962, "delta": 10.603686}}
{"target": -43.847957706417, "params": {"C": 25.80384311907249, "epsilon": 1.399879122562441, "gamma": 0.0754441470964882}, "datetime": {"datetime": "2021-09-24 15:18:13", "elapsed": 975.641885, "delta": 6.068923}}
{"target": -50.02910720542721, "params": {"C": 39.827030400667226, "epsilon": 2.53192352309371, "gamma": 0.4838189197498426}, "datetime": {"datetime": "2021-09-24 15:18:15", "elapsed": 978.017433, "delta": 2.375548}}
{"target": -47.10165072896825, "params": {"C": 23.365183059047666, "epsilon": 2.954002666694816, "gamma": 0.2524795070564633}, "datetime": {"datetime": "2021-09-24 15:18:21", "elapsed": 983.78935, "delta": 5.771917}}
{"target": -44.87711764521134, "params": {"C": 22.026607869754077, "epsilon": 1.9874596040440726, "gamma": 0.137139879750622}, "datetime": {"datetime": "2021-09-24 15:18:27", "elapsed": 989.73156, "delta": 5.94221}}
{"target": -55.92756803064472, "params": {"C": 14.915057524099417, "epsilon": 1.2525381513395397, "gamma": 0.6424635611345573}, "datetime": {"datetime": "2021-09-24 15:18:30", "elapsed": 992.547165, "delta": 2.815605}}
{"target": -44.03821713793646, "params": {"C": 25.740293783615776, "epsilon": 1.6786060103194, "gamma": 0.02798029948825926}, "datetime": {"datetime": "2021-09-24 15:18:37", "elapsed": 999.43517, "delta": 6.888005}}
{"target": -58.809971466712916, "params": {"C": 5.394177407170636, "epsilon": 1.7193229263049132, "gamma": 0.750912453548734}, "datetime": {"datetime": "2021-09-24 15:18:39", "elapsed": 1001.874691, "delta": 2.439521}}
{"target": -51.354534287408576, "params": {"C": 42.901954334761065, "epsilon": 0.9203097740575605, "gamma": 0.5801396471553836}, "datetime": {"datetime": "2021-09-24 15:18:42", "elapsed": 1004.579055, "delta": 2.704364}}
{"target": -44.55792035260044, "params": {"C": 22.461491035541002, "epsilon": 2.099827440473334, "gamma": 0.11896732492390646}, "datetime": {"datetime": "2021-09-24 15:18:49", "elapsed": 1011.737631, "delta": 7.158576}}
{"target": -43.77375787839034, "params": {"C": 24.429542847885042, "epsilon": 2.8460552589757624, "gamma": 0.016299564275893946}, "datetime": {"datetime": "2021-09-24 15:18:55", "elapsed": 1018.181173, "delta": 6.443542}}
{"target": -59.39404434347813, "params": {"C": 4.872313694615631, "epsilon": 1.258684956641508, "gamma": 0.9420644344529459}, "datetime": {"datetime": "2021-09-24 15:18:58", "elapsed": 1020.726134, "delta": 2.544961}}
{"target": -45.887703524144534, "params": {"C": 44.148658790045275, "epsilon": 2.2023544891263085, "gamma": 0.17169633745712767}, "datetime": {"datetime": "2021-09-24 15:19:06", "elapsed": 1028.385849, "delta": 7.659715}}
{"target": -43.60936688155195, "params": {"C": 23.565718264275542, "epsilon": 2.988587228515983, "gamma": 0.04890741740204576}, "datetime": {"datetime": "2021-09-24 15:19:13", "elapsed": 1035.909562, "delta": 7.523713}}
