{"target": 0.4213289255797359, "params": {"C": 202.2169792560079, "epsilon": 0.9194957962260484, "gamma": 0.0016885793950725167}, "datetime": {"datetime": "2021-09-24 09:54:57", "elapsed": 488.87579, "delta": 2.701745}}
{"target": 0.30712992128606054, "params": {"C": 202.24033311523567, "epsilon": 0.9686261658998516, "gamma": 0.06959920518472153}, "datetime": {"datetime": "2021-09-24 09:55:02", "elapsed": 493.39629, "delta": 4.5205}}
{"target": 0.3137205671079467, "params": {"C": 234.3319186719579, "epsilon": 0.998269507372698, "gamma": 0.05577258124437709}, "datetime": {"datetime": "2021-09-24 09:55:04", "elapsed": 495.20051, "delta": 1.80422}}
{"target": 0.42300029527625194, "params": {"C": 219.91386508546077, "epsilon": 0.5643441674796462, "gamma": 0.001}, "datetime": {"datetime": "2021-09-24 09:55:07", "elapsed": 499.024807, "delta": 3.824297}}
{"target": 0.40055874438094874, "params": {"C": 355.01282776973176, "epsilon": 0.8406838410228766, "gamma": 0.018394435693952063}, "datetime": {"datetime": "2021-09-24 09:55:12", "elapsed": 503.730511, "delta": 4.705704}}
{"target": 0.42506475149123946, "params": {"C": 360.6866535973621, "epsilon": 0.33715238684708826, "gamma": 0.001}, "datetime": {"datetime": "2021-09-24 09:55:17", "elapsed": 508.544464, "delta": 4.813953}}
{"target": 0.2838056331445489, "params": {"C": 233.5910909613816, "epsilon": 0.40433021484038256, "gamma": 0.08037554390253145}, "datetime": {"datetime": "2021-09-24 09:55:21", "elapsed": 512.665463, "delta": 4.120999}}
{"target": 0.2690439532038188, "params": {"C": 242.13764119986826, "epsilon": 0.770893377550527, "gamma": 0.08754950528945461}, "datetime": {"datetime": "2021-09-24 09:55:23", "elapsed": 514.945411, "delta": 2.279948}}
{"target": 0.4236815824181568, "params": {"C": 245.56201189017366, "epsilon": 0.45757069605769357, "gamma": 0.0010493600400240453}, "datetime": {"datetime": "2021-09-24 09:55:27", "elapsed": 518.746262, "delta": 3.800851}}
{"target": 0.41506480277904, "params": {"C": 343.9522414389645, "epsilon": 0.5028591210300576, "gamma": 0.016246468883323567}, "datetime": {"datetime": "2021-09-24 09:55:31", "elapsed": 522.823498, "delta": 4.077236}}
{"target": 0.4412638700213909, "params": {"C": 224.733028514679, "epsilon": 0.6356784910360972, "gamma": 0.007333811722736865}, "datetime": {"datetime": "2021-09-24 09:55:35", "elapsed": 526.563815, "delta": 3.740317}}
{"target": 0.3630887481243502, "params": {"C": 245.63448446278588, "epsilon": 0.40028554969627334, "gamma": 0.033383627359342416}, "datetime": {"datetime": "2021-09-24 09:55:39", "elapsed": 531.157407, "delta": 4.593592}}
{"target": 0.33667073433935757, "params": {"C": 202.1900788374919, "epsilon": 0.8155958208204178, "gamma": 0.04869663920399669}, "datetime": {"datetime": "2021-09-24 09:55:43", "elapsed": 534.902967, "delta": 3.74556}}
{"target": 0.3096146814637396, "params": {"C": 224.67828780748428, "epsilon": 0.6978238153171825, "gamma": 0.05956932534190158}, "datetime": {"datetime": "2021-09-24 09:55:47", "elapsed": 538.488383, "delta": 3.585416}}
{"target": 0.3033404128016184, "params": {"C": 360.6694465005358, "epsilon": 0.22034514316601073, "gamma": 0.03990437561129016}, "datetime": {"datetime": "2021-09-24 09:55:50", "elapsed": 541.733385, "delta": 3.245002}}
{"target": 0.4492428405328962, "params": {"C": 245.06155861869297, "epsilon": 0.2705122764111871, "gamma": 0.009364946705716307}, "datetime": {"datetime": "2021-09-24 09:55:54", "elapsed": 545.884497, "delta": 4.151112}}
{"target": 0.24885789787712242, "params": {"C": 245.01726042965163, "epsilon": 0.18986976349305115, "gamma": 0.09626818022274151}, "datetime": {"datetime": "2021-09-24 09:55:57", "elapsed": 549.119171, "delta": 3.234674}}
{"target": 0.43213307610090657, "params": {"C": 220.37320072190585, "epsilon": 0.7152525033568149, "gamma": 0.003851837766083546}, "datetime": {"datetime": "2021-09-24 09:56:01", "elapsed": 552.971095, "delta": 3.851924}}
{"target": 0.4269457195812397, "params": {"C": 245.04369617490835, "epsilon": 0.3303414094425652, "gamma": 0.002886534361992767}, "datetime": {"datetime": "2021-09-24 09:56:05", "elapsed": 556.639117, "delta": 3.668022}}
{"target": 0.15856012092532357, "params": {"C": 323.64415684548345, "epsilon": 0.027436763339295227, "gamma": 0.10709163235896572}, "datetime": {"datetime": "2021-09-24 09:56:07", "elapsed": 558.846324, "delta": 2.207207}}
{"target": 0.32597646121591084, "params": {"C": 253.67606392778674, "epsilon": 0.8347301316737239, "gamma": 0.04445309336028884}, "datetime": {"datetime": "2021-09-24 09:56:09", "elapsed": 560.689488, "delta": 1.843164}}
{"target": 0.45015309576973217, "params": {"C": 235.89338176449178, "epsilon": 0.7105381625214271, "gamma": 0.009928364678963873}, "datetime": {"datetime": "2021-09-24 09:56:14", "elapsed": 565.302342, "delta": 4.612854}}
{"target": 0.28458271216532327, "params": {"C": 235.901683731748, "epsilon": 0.6431099979024553, "gamma": 0.07940277784625148}, "datetime": {"datetime": "2021-09-24 09:56:16", "elapsed": 568.135982, "delta": 2.83364}}
{"target": 0.4235618741244688, "params": {"C": 220.3336532424321, "epsilon": 0.8165212591203048, "gamma": 0.001}, "datetime": {"datetime": "2021-09-24 09:56:20", "elapsed": 572.046207, "delta": 3.910225}}
{"target": 0.1875616296066338, "params": {"C": 273.7793321844776, "epsilon": 0.3025631698261814, "gamma": 0.11132238603500874}, "datetime": {"datetime": "2021-09-24 09:56:23", "elapsed": 574.246363, "delta": 2.200156}}
{"target": 0.33738189189106604, "params": {"C": 248.18105629752637, "epsilon": 0.8752605828591672, "gamma": 0.041383499605666625}, "datetime": {"datetime": "2021-09-24 09:56:24", "elapsed": 575.964843, "delta": 1.71848}}
{"target": 0.44311062947024193, "params": {"C": 235.79635245831057, "epsilon": 0.7014142992850164, "gamma": 0.007774708698368123}, "datetime": {"datetime": "2021-09-24 09:56:30", "elapsed": 581.556738, "delta": 5.591895}}
{"target": 0.42826718609772674, "params": {"C": 235.824039136036, "epsilon": 0.7757430848679975, "gamma": 0.017628927298367715}, "datetime": {"datetime": "2021-09-24 09:56:35", "elapsed": 586.207918, "delta": 4.65118}}
{"target": 0.3334050916064296, "params": {"C": 355.0008979444443, "epsilon": 0.738508464085642, "gamma": 0.03212664322861071}, "datetime": {"datetime": "2021-09-24 09:56:38", "elapsed": 589.60829, "delta": 3.400372}}
{"target": 0.204189382726237, "params": {"C": 204.82747418357005, "epsilon": 0.4571671082856841, "gamma": 0.13668868430982706}, "datetime": {"datetime": "2021-09-24 09:56:40", "elapsed": 592.056177, "delta": 2.447887}}
{"target": 0.4394893236550017, "params": {"C": 266.9447967888752, "epsilon": 0.13417434167669046, "gamma": 0.006558812364626776}, "datetime": {"datetime": "2021-09-24 09:56:44", "elapsed": 595.801202, "delta": 3.745025}}
{"target": 0.3256399708521489, "params": {"C": 235.6920346934664, "epsilon": 0.7352426651826731, "gamma": 0.047527133477668494}, "datetime": {"datetime": "2021-09-24 09:56:49", "elapsed": 600.955925, "delta": 5.154723}}
{"target": 0.4500035035484995, "params": {"C": 280.9699746791758, "epsilon": 0.564530148243858, "gamma": 0.009660702925328724}, "datetime": {"datetime": "2021-09-24 09:56:54", "elapsed": 605.482627, "delta": 4.526702}}
{"target": 0.10971281763812468, "params": {"C": 385.76805744339606, "epsilon": 0.29062847954362925, "gamma": 0.11629103463493319}, "datetime": {"datetime": "2021-09-24 09:57:01", "elapsed": 612.270211, "delta": 6.787584}}
{"target": 0.44364635407759023, "params": {"C": 235.9800325703736, "epsilon": 0.478500970477176, "gamma": 0.007822604500381785}, "datetime": {"datetime": "2021-09-24 09:57:04", "elapsed": 616.175059, "delta": 3.904848}}
{"target": 0.28171471551663696, "params": {"C": 392.88832030997094, "epsilon": 0.3931349112920203, "gamma": 0.04478102816161713}, "datetime": {"datetime": "2021-09-24 09:57:07", "elapsed": 618.389241, "delta": 2.214182}}
{"target": 0.31177811571454306, "params": {"C": 281.14372886816176, "epsilon": 0.5753186605479665, "gamma": 0.046640557928833246}, "datetime": {"datetime": "2021-09-24 09:57:10", "elapsed": 621.757221, "delta": 3.36798}}
{"target": 0.3904258546974022, "params": {"C": 220.1740566727915, "epsilon": 0.42823166603926804, "gamma": 0.028595097804726608}, "datetime": {"datetime": "2021-09-24 09:57:14", "elapsed": 625.844246, "delta": 4.087025}}
{"target": 0.1432084399000333, "params": {"C": 315.6900675511427, "epsilon": 0.5556498268636815, "gamma": 0.11680451005364983}, "datetime": {"datetime": "2021-09-24 09:57:17", "elapsed": 628.284968, "delta": 2.440722}}
{"target": 0.42229880680924636, "params": {"C": 202.08820296223905, "epsilon": 0.9325229142894147, "gamma": 0.001}, "datetime": {"datetime": "2021-09-24 09:57:21", "elapsed": 632.276603, "delta": 3.991635}}
{"target": 0.42334331944571224, "params": {"C": 280.8868988491545, "epsilon": 0.5362933571321848, "gamma": 0.001276834802396148}, "datetime": {"datetime": "2021-09-24 09:57:25", "elapsed": 636.292212, "delta": 4.015609}}
{"target": 0.4224508056358697, "params": {"C": 391.66438635472207, "epsilon": 0.5863333093480447, "gamma": 0.001}, "datetime": {"datetime": "2021-09-24 09:57:30", "elapsed": 641.617622, "delta": 5.32541}}
{"target": 0.24819545559214506, "params": {"C": 280.91928143026587, "epsilon": 0.42120791626766146, "gamma": 0.08647154228446738}, "datetime": {"datetime": "2021-09-24 09:57:36", "elapsed": 647.679886, "delta": 6.062264}}
{"target": 0.1901418549195183, "params": {"C": 299.64346424876317, "epsilon": 0.31001405343929433, "gamma": 0.1021278355513351}, "datetime": {"datetime": "2021-09-24 09:57:40", "elapsed": 652.135355, "delta": 4.455469}}
{"target": 0.3828526408667139, "params": {"C": 307.8498440079769, "epsilon": 0.4859924854371943, "gamma": 0.02442766336871369}, "datetime": {"datetime": "2021-09-24 09:57:43", "elapsed": 654.91026, "delta": 2.774905}}
{"target": 0.42255171824700355, "params": {"C": 393.2081417316767, "epsilon": 0.5517248480863308, "gamma": 0.001}, "datetime": {"datetime": "2021-09-24 09:57:51", "elapsed": 662.584789, "delta": 7.674529}}
{"target": 0.23408647101835656, "params": {"C": 379.8026295919886, "epsilon": 0.5729846775392741, "gamma": 0.07333898763661545}, "datetime": {"datetime": "2021-09-24 09:57:54", "elapsed": 665.379242, "delta": 2.794453}}
{"target": 0.24235449066374237, "params": {"C": 344.06366453026294, "epsilon": 0.48527822289497147, "gamma": 0.07620915102561739}, "datetime": {"datetime": "2021-09-24 09:58:01", "elapsed": 672.68643, "delta": 7.307188}}
{"target": 0.42406571724584197, "params": {"C": 235.94353712981234, "epsilon": 0.8043103677171707, "gamma": 0.001}, "datetime": {"datetime": "2021-09-24 09:58:04", "elapsed": 676.020236, "delta": 3.333806}}
{"target": 0.4251517474269927, "params": {"C": 201.98641786688046, "epsilon": 0.8023783589036844, "gamma": 0.020339289286692368}, "datetime": {"datetime": "2021-09-24 09:58:09", "elapsed": 680.221428, "delta": 4.201192}}
{"target": 0.30920209524656117, "params": {"C": 236.53537390890685, "epsilon": 0.5103072824291506, "gamma": 0.05695351728289716}, "datetime": {"datetime": "2021-09-24 09:58:12", "elapsed": 684.051536, "delta": 3.830108}}
{"target": 0.24696431789186335, "params": {"C": 202.07330956546468, "epsilon": 0.882420728927007, "gamma": 0.11356288554525704}, "datetime": {"datetime": "2021-09-24 09:58:18", "elapsed": 690.065312, "delta": 6.013776}}
{"target": 0.42238222125201075, "params": {"C": 201.945490776778, "epsilon": 0.9083206585146584, "gamma": 0.001}, "datetime": {"datetime": "2021-09-24 09:58:24", "elapsed": 695.295131, "delta": 5.229819}}
{"target": 0.44304763099206723, "params": {"C": 201.8342190397934, "epsilon": 0.8217463114633339, "gamma": 0.01463299668126019}, "datetime": {"datetime": "2021-09-24 09:58:28", "elapsed": 699.803356, "delta": 4.508225}}
{"target": 0.42401943145636456, "params": {"C": 245.54956231823468, "epsilon": 0.2673756538173368, "gamma": 0.001}, "datetime": {"datetime": "2021-09-24 09:58:33", "elapsed": 704.432219, "delta": 4.628863}}
{"target": 0.4511779797991312, "params": {"C": 201.85760777766984, "epsilon": 0.7413741915493584, "gamma": 0.011030782321164487}, "datetime": {"datetime": "2021-09-24 09:58:38", "elapsed": 709.294974, "delta": 4.862755}}
{"target": 0.16227208197373721, "params": {"C": 266.748001456114, "epsilon": 0.8061775718185823, "gamma": 0.12725090103397255}, "datetime": {"datetime": "2021-09-24 09:58:40", "elapsed": 711.873567, "delta": 2.578593}}
{"target": 0.34193319292513213, "params": {"C": 220.31632053709734, "epsilon": 0.06401457769805496, "gamma": 0.04291074090864123}, "datetime": {"datetime": "2021-09-24 09:58:43", "elapsed": 714.523201, "delta": 2.649634}}
{"target": 0.2563848892950116, "params": {"C": 201.84389529456604, "epsilon": 0.9251849311774542, "gamma": 0.10934212779521844}, "datetime": {"datetime": "2021-09-24 09:58:47", "elapsed": 718.599915, "delta": 4.076714}}
{"target": 0.3319278330935065, "params": {"C": 201.75730733581062, "epsilon": 0.7725211985643013, "gamma": 0.05149468209689219}, "datetime": {"datetime": "2021-09-24 09:58:52", "elapsed": 723.408083, "delta": 4.808168}}
{"target": 0.30812359810605405, "params": {"C": 201.99158276461318, "epsilon": 0.670388479886955, "gamma": 0.06729442315467572}, "datetime": {"datetime": "2021-09-24 09:58:59", "elapsed": 730.459652, "delta": 7.051569}}
{"target": 0.24356031143703005, "params": {"C": 393.26096126843504, "epsilon": 0.44393378908453923, "gamma": 0.06865339494075515}, "datetime": {"datetime": "2021-09-24 09:59:05", "elapsed": 736.557307, "delta": 6.097655}}
{"target": 0.23136862951203085, "params": {"C": 282.1146272720422, "epsilon": 0.9630168010199548, "gamma": 0.0922609701440306}, "datetime": {"datetime": "2021-09-24 09:59:07", "elapsed": 739.036766, "delta": 2.479459}}
{"target": 0.32059097908373146, "params": {"C": 266.7911841152697, "epsilon": 0.5542764305810467, "gamma": 0.044645619375820955}, "datetime": {"datetime": "2021-09-24 09:59:10", "elapsed": 741.742823, "delta": 2.706057}}
{"target": 0.3334402646881901, "params": {"C": 299.64415631695016, "epsilon": 0.5368360547126589, "gamma": 0.0365091105982757}, "datetime": {"datetime": "2021-09-24 09:59:16", "elapsed": 747.315654, "delta": 5.572831}}
{"target": 0.33935924906841786, "params": {"C": 235.91614809727696, "epsilon": 0.969917662370133, "gamma": 0.042389490851703016}, "datetime": {"datetime": "2021-09-24 09:59:20", "elapsed": 751.963253, "delta": 4.647599}}
{"target": 0.30689548640049835, "params": {"C": 201.90675406958508, "epsilon": 0.8273834795869651, "gamma": 0.06957809375030477}, "datetime": {"datetime": "2021-09-24 09:59:26", "elapsed": 757.504044, "delta": 5.540791}}
{"target": 0.41447381969622843, "params": {"C": 360.6280926863758, "epsilon": 0.610551500827447, "gamma": 0.0015932305152200118}, "datetime": {"datetime": "2021-09-24 09:59:30", "elapsed": 761.324537, "delta": 3.820493}}
{"target": 0.21423627383328614, "params": {"C": 303.94493234727537, "epsilon": 0.9345835273064659, "gamma": 0.09289905103693706}, "datetime": {"datetime": "2021-09-24 09:59:32", "elapsed": 764.073538, "delta": 2.749001}}
{"target": 0.3198319704871998, "params": {"C": 245.66709549806987, "epsilon": 0.2613189677106766, "gamma": 0.04819062311323746}, "datetime": {"datetime": "2021-09-24 09:59:37", "elapsed": 768.719382, "delta": 4.645844}}
{"target": 0.43968646139887646, "params": {"C": 391.7631195586173, "epsilon": 0.5432632781832718, "gamma": 0.0107026586707515}, "datetime": {"datetime": "2021-09-24 09:59:41", "elapsed": 772.995475, "delta": 4.276093}}
{"target": 0.38251227508070085, "params": {"C": 391.7155757155636, "epsilon": 0.4599293679495929, "gamma": 0.02093209178383087}, "datetime": {"datetime": "2021-09-24 09:59:48", "elapsed": 780.148303, "delta": 7.152828}}
{"target": 0.17980324408727333, "params": {"C": 391.8321018165292, "epsilon": 0.5496751635349909, "gamma": 0.08596807284174628}, "datetime": {"datetime": "2021-09-24 09:59:55", "elapsed": 786.753839, "delta": 6.605536}}
{"target": 0.4373688857370557, "params": {"C": 202.54687047334184, "epsilon": 0.9095155247224579, "gamma": 0.006612772559994194}, "datetime": {"datetime": "2021-09-24 10:00:00", "elapsed": 792.059542, "delta": 5.305703}}
{"target": 0.301701426822797, "params": {"C": 202.63010156618572, "epsilon": 0.9692750538078027, "gamma": 0.07539143889218838}, "datetime": {"datetime": "2021-09-24 10:00:06", "elapsed": 798.106813, "delta": 6.047271}}
{"target": 0.44846505914082335, "params": {"C": 226.97800126366644, "epsilon": 0.6361985745832175, "gamma": 0.012127514357850134}, "datetime": {"datetime": "2021-09-24 10:00:12", "elapsed": 803.279566, "delta": 5.172753}}
{"target": 0.2856793422226902, "params": {"C": 226.99024474138378, "epsilon": 0.6227999154046072, "gamma": 0.08126789129638015}, "datetime": {"datetime": "2021-09-24 10:00:16", "elapsed": 807.605337, "delta": 4.325771}}
{"target": 0.4489738537086604, "params": {"C": 226.80233208731332, "epsilon": 0.674118024088725, "gamma": 0.009164598191254463}, "datetime": {"datetime": "2021-09-24 10:00:20", "elapsed": 811.979222, "delta": 4.373885}}
{"target": 0.41905642599132076, "params": {"C": 226.7004423856977, "epsilon": 0.7223049500670268, "gamma": 0.020533506773878284}, "datetime": {"datetime": "2021-09-24 10:00:27", "elapsed": 818.259137, "delta": 6.279915}}
{"target": 0.4333269453725326, "params": {"C": 226.91447846406717, "epsilon": 0.637488646159468, "gamma": 0.004067235870088725}, "datetime": {"datetime": "2021-09-24 10:00:31", "elapsed": 823.135819, "delta": 4.876682}}
{"target": 0.39647052837580166, "params": {"C": 311.0318023844223, "epsilon": 0.3605799227709582, "gamma": 0.020810246595781182}, "datetime": {"datetime": "2021-09-24 10:00:34", "elapsed": 825.882304, "delta": 2.746485}}
{"target": 0.395429037350442, "params": {"C": 226.72407992805222, "epsilon": 0.6340928216378533, "gamma": 0.026596946014689277}, "datetime": {"datetime": "2021-09-24 10:00:41", "elapsed": 832.265865, "delta": 6.383561}}
{"target": 0.3292123004239308, "params": {"C": 226.87274296106673, "epsilon": 0.7845584143624246, "gamma": 0.047271774726302056}, "datetime": {"datetime": "2021-09-24 10:00:45", "elapsed": 836.207792, "delta": 3.941927}}
{"target": 0.1334164227079767, "params": {"C": 299.7174041657396, "epsilon": 0.42537122928271126, "gamma": 0.14808451666644368}, "datetime": {"datetime": "2021-09-24 10:00:48", "elapsed": 839.242784, "delta": 3.034992}}
{"target": 0.2899262201847447, "params": {"C": 214.6724013151312, "epsilon": 0.33164396567352633, "gamma": 0.08127631009741636}, "datetime": {"datetime": "2021-09-24 10:00:50", "elapsed": 841.842955, "delta": 2.600171}}
{"target": 0.44686615813504427, "params": {"C": 202.53631992456667, "epsilon": 0.7913945774025353, "gamma": 0.008948746308784953}, "datetime": {"datetime": "2021-09-24 10:00:55", "elapsed": 846.90246, "delta": 5.059505}}
{"target": 0.2815945132164558, "params": {"C": 202.52770150167848, "epsilon": 0.6903583938213863, "gamma": 0.09342660482403602}, "datetime": {"datetime": "2021-09-24 10:01:00", "elapsed": 851.273364, "delta": 4.370904}}
{"target": 0.3358709379245759, "params": {"C": 202.6257905046782, "epsilon": 0.8473061285340848, "gamma": 0.04904530055322567}, "datetime": {"datetime": "2021-09-24 10:01:05", "elapsed": 857.147999, "delta": 5.874635}}
{"target": 0.4258956160021168, "params": {"C": 399.71325406275133, "epsilon": 0.012552869068678547, "gamma": 0.013286742368587165}, "datetime": {"datetime": "2021-09-24 10:01:08", "elapsed": 860.157967, "delta": 3.009968}}
{"target": 0.2494723660781767, "params": {"C": 235.89613871111726, "epsilon": 0.8114642414601155, "gamma": 0.09880461250899378}, "datetime": {"datetime": "2021-09-24 10:01:15", "elapsed": 866.45131, "delta": 6.293343}}
{"target": 0.27673464232207967, "params": {"C": 310.8662368843776, "epsilon": 0.3504400740082344, "gamma": 0.06399391215789535}, "datetime": {"datetime": "2021-09-24 10:01:20", "elapsed": 871.81321, "delta": 5.3619}}
{"target": 0.4228802073485747, "params": {"C": 218.2547847072344, "epsilon": 0.5304584530613287, "gamma": 0.001}, "datetime": {"datetime": "2021-09-24 10:01:25", "elapsed": 876.439658, "delta": 4.626448}}
{"target": 0.4390230761107784, "params": {"C": 218.30753783819335, "epsilon": 0.6814220261023656, "gamma": 0.015087448974125256}, "datetime": {"datetime": "2021-09-24 10:01:29", "elapsed": 880.803136, "delta": 4.363478}}
{"target": 0.4357711622778878, "params": {"C": 233.56126505183354, "epsilon": 0.3652527923313805, "gamma": 0.0061812306286707875}, "datetime": {"datetime": "2021-09-24 10:01:32", "elapsed": 883.418309, "delta": 2.615173}}
{"target": 0.1900439232496487, "params": {"C": 231.49746357787944, "epsilon": 0.1526749141497512, "gamma": 0.1288055135473304}, "datetime": {"datetime": "2021-09-24 10:01:34", "elapsed": 885.87159, "delta": 2.453281}}
{"target": 0.4206586089306361, "params": {"C": 236.0213854749743, "epsilon": 0.6994951902151068, "gamma": 0.0013851777963848019}, "datetime": {"datetime": "2021-09-24 10:01:39", "elapsed": 890.590928, "delta": 4.719338}}
{"target": 0.29053360350153423, "params": {"C": 381.26161452708317, "epsilon": 0.3272972139297122, "gamma": 0.04295866531916895}, "datetime": {"datetime": "2021-09-24 10:01:41", "elapsed": 893.152441, "delta": 2.561513}}
{"target": 0.4356275116078099, "params": {"C": 218.21566831736996, "epsilon": 0.44849692872606817, "gamma": 0.016286649635454054}, "datetime": {"datetime": "2021-09-24 10:01:46", "elapsed": 897.727457, "delta": 4.575016}}
{"target": 0.21004312215928722, "params": {"C": 264.0372092149647, "epsilon": 0.21084890465452777, "gamma": 0.1056116321441295}, "datetime": {"datetime": "2021-09-24 10:01:49", "elapsed": 900.251791, "delta": 2.524334}}
{"target": 0.43592328777208633, "params": {"C": 386.7364626577207, "epsilon": 0.4482462648826651, "gamma": 0.011672833394558952}, "datetime": {"datetime": "2021-09-24 10:01:51", "elapsed": 903.105011, "delta": 2.85322}}
