{"target": 0.2265690761705711, "params": {"C": 42.28517846555483, "epsilon": 0.7206041689487159, "gamma": 0.00021436337986315216}, "datetime": {"datetime": "2021-09-24 08:39:32", "elapsed": 0.0, "delta": 0.0}}
{"target": 0.389200532476904, "params": {"C": 30.930924690552136, "epsilon": 0.14760913492629593, "gamma": 0.09242936090932093}, "datetime": {"datetime": "2021-09-24 08:39:32", "elapsed": 0.038998, "delta": 0.038998}}
{"target": 0.13255584869151693, "params": {"C": 19.439760926389418, "epsilon": 0.3462151663160047, "gamma": 0.39682779748324687}, "datetime": {"datetime": "2021-09-24 08:39:32", "elapsed": 0.059554, "delta": 0.020556}}
{"target": 0.08740446663158263, "params": {"C": 54.34285666633234, "epsilon": 0.4197753198888915, "gamma": 0.6852509784467198}, "datetime": {"datetime": "2021-09-24 08:39:32", "elapsed": 0.09799, "delta": 0.038436}}
{"target": 0.42356227756680576, "params": {"C": 21.240772723420225, "epsilon": 0.8782393189545544, "gamma": 0.02748485443860637}, "datetime": {"datetime": "2021-09-24 08:39:32", "elapsed": 0.118629, "delta": 0.020639}}
{"target": 0.05361616895390109, "params": {"C": 38.208197695669, "epsilon": 0.7900886564909997, "gamma": 0.7744694574050779}, "datetime": {"datetime": "2021-09-24 08:39:32", "elapsed": 0.189791, "delta": 0.071162}}
{"target": 0.3283562818239866, "params": {"C": 53.69749411142431, "epsilon": 0.7875966247941151, "gamma": 0.17498228480326983}, "datetime": {"datetime": "2021-09-24 08:39:32", "elapsed": 0.279109, "delta": 0.089318}}
{"target": 0.07831049253715405, "params": {"C": 59.98860006120256, "epsilon": 0.2617638833923677, "gamma": 0.7467542831214856}, "datetime": {"datetime": "2021-09-24 08:39:32", "elapsed": 0.353279, "delta": 0.07417}}
{"target": 0.019607051119920893, "params": {"C": 23.523971932462278, "epsilon": 0.15643440739082923, "gamma": 0.9473087207320596}, "datetime": {"datetime": "2021-09-24 08:39:32", "elapsed": 0.425054, "delta": 0.071775}}
{"target": 0.30086432575566424, "params": {"C": 72.8993491362408, "epsilon": 0.7288834018368413, "gamma": 0.19476856277911697}, "datetime": {"datetime": "2021-09-24 08:39:32", "elapsed": 0.497314, "delta": 0.07226}}
{"target": 0.1583790574468813, "params": {"C": 47.554422376931385, "epsilon": 0.42406921865376807, "gamma": 0.4719654790399025}, "datetime": {"datetime": "2021-09-24 08:39:32", "elapsed": 0.621126, "delta": 0.123812}}
{"target": 0.41451061965446834, "params": {"C": 30.89654932487661, "epsilon": 0.1422989160586738, "gamma": 0.05119542351126051}, "datetime": {"datetime": "2021-09-24 08:39:32", "elapsed": 0.692733, "delta": 0.071607}}
{"target": 0.039069691877533064, "params": {"C": 49.38453956461047, "epsilon": 0.8413374950585417, "gamma": 0.9790705315207406}, "datetime": {"datetime": "2021-09-24 08:39:32", "elapsed": 0.755892, "delta": 0.063159}}
{"target": 0.4277465004798068, "params": {"C": 30.50630796445882, "epsilon": 0.1333107624410391, "gamma": 0.02367010999124722}, "datetime": {"datetime": "2021-09-24 08:39:33", "elapsed": 0.868072, "delta": 0.11218}}
{"target": 0.09464675092204544, "params": {"C": 30.651838999363783, "epsilon": 0.6685255827980755, "gamma": 0.0001}, "datetime": {"datetime": "2021-09-24 08:39:33", "elapsed": 1.090066, "delta": 0.221994}}
{"target": 0.2066961959422925, "params": {"C": 68.0340411004982, "epsilon": 0.5483631316610356, "gamma": 0.3832708462219909}, "datetime": {"datetime": "2021-09-24 08:39:33", "elapsed": 1.231073, "delta": 0.141007}}
{"target": 0.1648612065860341, "params": {"C": 14.934853999305448, "epsilon": 0.14024017734137936, "gamma": 0.31690062862002916}, "datetime": {"datetime": "2021-09-24 08:39:33", "elapsed": 1.308836, "delta": 0.077763}}
{"target": 0.40606401391422364, "params": {"C": 28.12604630072965, "epsilon": 0.7645840554218787, "gamma": 0.066963858605749}, "datetime": {"datetime": "2021-09-24 08:39:33", "elapsed": 1.412236, "delta": 0.1034}}
{"target": 0.14500617495670598, "params": {"C": 21.255989237847157, "epsilon": 0.782779728002605, "gamma": 0.38831177887141893}, "datetime": {"datetime": "2021-09-24 08:39:33", "elapsed": 1.642486, "delta": 0.23025}}
{"target": 0.3504704876957435, "params": {"C": 60.221999821081056, "epsilon": 0.11358935525219095, "gamma": 0.11686583193345935}, "datetime": {"datetime": "2021-09-24 08:39:33", "elapsed": 1.740961, "delta": 0.098475}}
{"target": 0.10155719041224998, "params": {"C": 61.74884141107047, "epsilon": 0.5578345037455184, "gamma": 0.6536415596097496}, "datetime": {"datetime": "2021-09-24 08:39:34", "elapsed": 1.859, "delta": 0.118039}}
{"target": 0.3070028970401374, "params": {"C": 30.621818214788334, "epsilon": 0.2190852130961433, "gamma": 0.2268969860351179}, "datetime": {"datetime": "2021-09-24 08:39:34", "elapsed": 2.009114, "delta": 0.150114}}
{"target": 0.0936696505214415, "params": {"C": 30.689479153909843, "epsilon": 0.001, "gamma": 0.0001}, "datetime": {"datetime": "2021-09-24 08:39:34", "elapsed": 2.267168, "delta": 0.258054}}
{"target": 0.37991137075659487, "params": {"C": 30.48548836398932, "epsilon": 0.20578928758939208, "gamma": 0.1086949176932673}, "datetime": {"datetime": "2021-09-24 08:39:34", "elapsed": 2.355136, "delta": 0.087968}}
{"target": 0.42557540022307017, "params": {"C": 30.638712778931406, "epsilon": 0.2402166808260864, "gamma": 0.0291738053005739}, "datetime": {"datetime": "2021-09-24 08:39:34", "elapsed": 2.510361, "delta": 0.155225}}
{"target": 0.06646865432602578, "params": {"C": 21.337244160535764, "epsilon": 1.0, "gamma": 0.0001}, "datetime": {"datetime": "2021-09-24 08:39:35", "elapsed": 2.810622, "delta": 0.300261}}
{"target": 0.04393327426724081, "params": {"C": 23.7741430028068, "epsilon": 0.06572203071649878, "gamma": 0.7038752628531468}, "datetime": {"datetime": "2021-09-24 08:39:35", "elapsed": 2.93266, "delta": 0.122038}}
{"target": 0.41417782737639763, "params": {"C": 21.14369939747316, "epsilon": 0.9169804253703553, "gamma": 0.046809635667051146}, "datetime": {"datetime": "2021-09-24 08:39:35", "elapsed": 3.05747, "delta": 0.12481}}
{"target": 0.39435435960798215, "params": {"C": 21.20683744655861, "epsilon": 0.8096528993803129, "gamma": 0.09883361155594995}, "datetime": {"datetime": "2021-09-24 08:39:35", "elapsed": 3.325499, "delta": 0.268029}}
{"target": 0.23412080932918466, "params": {"C": 84.08119367674604, "epsilon": 0.4190919682264855, "gamma": 0.2961598084322438}, "datetime": {"datetime": "2021-09-24 08:39:35", "elapsed": 3.445109, "delta": 0.11961}}
{"target": 0.4090746330139664, "params": {"C": 28.25548200594294, "epsilon": 0.7263838061177196, "gamma": 0.004163847506351525}, "datetime": {"datetime": "2021-09-24 08:39:36", "elapsed": 3.818982, "delta": 0.373873}}
{"target": 0.09293693304687656, "params": {"C": 30.345568971487484, "epsilon": 0.15833606980497988, "gamma": 0.0001}, "datetime": {"datetime": "2021-09-24 08:39:36", "elapsed": 4.014375, "delta": 0.195393}}
{"target": 0.34298398052644063, "params": {"C": 5.256207731247922, "epsilon": 0.4154480921520809, "gamma": 0.005391043853766423}, "datetime": {"datetime": "2021-09-24 08:39:36", "elapsed": 4.153651, "delta": 0.139276}}
{"target": 0.35771047970899594, "params": {"C": 30.85196880670715, "epsilon": 0.2988513496350344, "gamma": 0.14930704660725744}, "datetime": {"datetime": "2021-09-24 08:39:36", "elapsed": 4.352633, "delta": 0.198982}}
{"target": 0.37672913823766707, "params": {"C": 28.222936652748132, "epsilon": 0.7468231669996107, "gamma": 0.11806725764485873}, "datetime": {"datetime": "2021-09-24 08:39:36", "elapsed": 4.572601, "delta": 0.219968}}
{"target": 0.41433906324068526, "params": {"C": 28.15726177882373, "epsilon": 0.9378972505361987, "gamma": 0.04764972651146276}, "datetime": {"datetime": "2021-09-24 08:39:37", "elapsed": 4.903382, "delta": 0.330781}}
{"target": 0.10302808236911198, "params": {"C": 11.216925533072661, "epsilon": 0.05809171903722195, "gamma": 0.3697091136032107}, "datetime": {"datetime": "2021-09-24 08:39:37", "elapsed": 5.104345, "delta": 0.200963}}
{"target": 0.34070310319154795, "params": {"C": 28.098076720938433, "epsilon": 0.936477715365101, "gamma": 0.17862358924809002}, "datetime": {"datetime": "2021-09-24 08:39:37", "elapsed": 5.32243, "delta": 0.218085}}
{"target": 0.4232233583264472, "params": {"C": 21.232754323114612, "epsilon": 0.8576596150614407, "gamma": 0.02807638078441616}, "datetime": {"datetime": "2021-09-24 08:39:37", "elapsed": 5.473474, "delta": 0.151044}}
{"target": 0.4091451796583424, "params": {"C": 28.480086439002946, "epsilon": 0.8918904773045566, "gamma": 0.060952232945446556}, "datetime": {"datetime": "2021-09-24 08:39:37", "elapsed": 5.688416, "delta": 0.214942}}
{"target": 0.3870656308573458, "params": {"C": 28.348934063272456, "epsilon": 0.8535825400530691, "gamma": 0.09854739947380584}, "datetime": {"datetime": "2021-09-24 08:39:38", "elapsed": 5.870083, "delta": 0.181667}}
{"target": 0.09452486995674503, "params": {"C": 30.959529030835604, "epsilon": 0.2840009419248167, "gamma": 0.0001}, "datetime": {"datetime": "2021-09-24 08:39:38", "elapsed": 6.240266, "delta": 0.370183}}
{"target": 0.354735891876809, "params": {"C": 30.801522384612813, "epsilon": 0.1517089882378132, "gamma": 0.15554024229206231}, "datetime": {"datetime": "2021-09-24 08:39:38", "elapsed": 6.440497, "delta": 0.200231}}
{"target": 0.3579981103098576, "params": {"C": 28.593590297853194, "epsilon": 0.7757583075105221, "gamma": 0.15007165853588925}, "datetime": {"datetime": "2021-09-24 08:39:38", "elapsed": 6.646493, "delta": 0.205996}}
{"target": 0.37115665129015174, "params": {"C": 26.21797405879688, "epsilon": 0.8456446135664303, "gamma": 0.130743746208685}, "datetime": {"datetime": "2021-09-24 08:39:39", "elapsed": 6.788274, "delta": 0.141781}}
{"target": 0.06549301152467402, "params": {"C": 75.71558088968531, "epsilon": 0.2371401527071588, "gamma": 0.8752029867304207}, "datetime": {"datetime": "2021-09-24 08:39:39", "elapsed": 6.997479, "delta": 0.209205}}
{"target": 0.39883258373770625, "params": {"C": 28.481888161585115, "epsilon": 0.6949626159639831, "gamma": 0.08124954187195232}, "datetime": {"datetime": "2021-09-24 08:39:39", "elapsed": 7.243944, "delta": 0.246465}}
{"target": 0.06521161343572068, "params": {"C": 81.2761023225424, "epsilon": 0.7474988198213383, "gamma": 0.8895400444465734}, "datetime": {"datetime": "2021-09-24 08:39:39", "elapsed": 7.41294, "delta": 0.168996}}
{"target": 0.41545337546898387, "params": {"C": 28.11771912279231, "epsilon": 0.7615541087637001, "gamma": 0.04424341120611905}, "datetime": {"datetime": "2021-09-24 08:39:39", "elapsed": 7.595804, "delta": 0.182864}}
{"target": 0.08664475090128765, "params": {"C": 27.973792101740376, "epsilon": 0.8969089429890894, "gamma": 0.0001}, "datetime": {"datetime": "2021-09-24 08:39:40", "elapsed": 7.97555, "delta": 0.379746}}
{"target": 0.06553420460067672, "params": {"C": 21.018328537287317, "epsilon": 0.778092243747262, "gamma": 0.0001}, "datetime": {"datetime": "2021-09-24 08:39:40", "elapsed": 8.260574, "delta": 0.285024}}
{"target": 0.4076443649838126, "params": {"C": 28.645555685557728, "epsilon": 0.96491865119661, "gamma": 0.0633234756807762}, "datetime": {"datetime": "2021-09-24 08:39:40", "elapsed": 8.542702, "delta": 0.282128}}
{"target": 0.31536205857809985, "params": {"C": 28.49505969054112, "epsilon": 0.5626992640859432, "gamma": 0.21337176370735855}, "datetime": {"datetime": "2021-09-24 08:39:41", "elapsed": 8.836725, "delta": 0.294023}}
{"target": 0.2924139372393517, "params": {"C": 28.62332557877652, "epsilon": 0.9337714205518312, "gamma": 0.23853386815940564}, "datetime": {"datetime": "2021-09-24 08:39:41", "elapsed": 9.220985, "delta": 0.38426}}
{"target": 0.2688493051010127, "params": {"C": 26.076738851361092, "epsilon": 0.8426403255251897, "gamma": 0.2584284157657241}, "datetime": {"datetime": "2021-09-24 08:39:41", "elapsed": 9.463935, "delta": 0.24295}}
{"target": 0.36420475514226125, "params": {"C": 28.326849623417118, "epsilon": 0.9853316787207603, "gamma": 0.13944609659486876}, "datetime": {"datetime": "2021-09-24 08:39:41", "elapsed": 9.686636, "delta": 0.222701}}
{"target": -0.000497897717289808, "params": {"C": 5.17818769583535, "epsilon": 0.6579827891480298, "gamma": 0.9911709276526934}, "datetime": {"datetime": "2021-09-24 08:39:42", "elapsed": 9.880371, "delta": 0.193735}}
{"target": 0.39900525690515043, "params": {"C": 28.170060517468293, "epsilon": 0.5547618199207122, "gamma": 0.08137855213099829}, "datetime": {"datetime": "2021-09-24 08:39:42", "elapsed": 10.180943, "delta": 0.300572}}
{"target": 0.006007221834487542, "params": {"C": 11.755314481218766, "epsilon": 0.8155972403641031, "gamma": 0.9746321307193945}, "datetime": {"datetime": "2021-09-24 08:39:42", "elapsed": 10.365915, "delta": 0.184972}}
{"target": 0.18543723988687688, "params": {"C": 87.30295318096893, "epsilon": 0.1794165767810376, "gamma": 0.4188443232750833}, "datetime": {"datetime": "2021-09-24 08:39:42", "elapsed": 10.552104, "delta": 0.186189}}
{"target": 0.014633503261175407, "params": {"C": 8.119303294911958, "epsilon": 0.15695113687405438, "gamma": 0.6775150736162513}, "datetime": {"datetime": "2021-09-24 08:39:42", "elapsed": 10.767836, "delta": 0.215732}}
{"target": 0.4232567492785475, "params": {"C": 28.31482335155743, "epsilon": 0.4793681835910594, "gamma": 0.009800523179122866}, "datetime": {"datetime": "2021-09-24 08:39:43", "elapsed": 11.253287, "delta": 0.485451}}
{"target": 0.3086208904945804, "params": {"C": 28.241939503064906, "epsilon": 0.41762415135873043, "gamma": 0.22047259804577307}, "datetime": {"datetime": "2021-09-24 08:39:43", "elapsed": 11.556339, "delta": 0.303052}}
{"target": 0.41967640373752313, "params": {"C": 28.04914180285648, "epsilon": 0.4458289529923031, "gamma": 0.007582306586158636}, "datetime": {"datetime": "2021-09-24 08:39:44", "elapsed": 11.883976, "delta": 0.327637}}
{"target": 0.4095598762749446, "params": {"C": 28.45697171930403, "epsilon": 0.3912910960639318, "gamma": 0.004156786127691675}, "datetime": {"datetime": "2021-09-24 08:39:44", "elapsed": 12.162816, "delta": 0.27884}}
{"target": 0.3201574845509275, "params": {"C": 28.502362732935616, "epsilon": 0.5525068037298719, "gamma": 0.20793384958498104}, "datetime": {"datetime": "2021-09-24 08:39:44", "elapsed": 12.339928, "delta": 0.177112}}
{"target": 0.30170371070484603, "params": {"C": 9.5385658654077, "epsilon": 0.5476586781004074, "gamma": 0.14511699671526068}, "datetime": {"datetime": "2021-09-24 08:39:44", "elapsed": 12.540525, "delta": 0.200597}}
{"target": 0.08852166037636688, "params": {"C": 28.617136549041653, "epsilon": 0.553646246466072, "gamma": 0.0001}, "datetime": {"datetime": "2021-09-24 08:39:45", "elapsed": 12.941338, "delta": 0.400813}}
{"target": 0.39115834183664566, "params": {"C": 28.13704502976836, "epsilon": 0.2979265433967513, "gamma": 0.09330023986794603}, "datetime": {"datetime": "2021-09-24 08:39:45", "elapsed": 13.397978, "delta": 0.45664}}
{"target": 0.420302817356795, "params": {"C": 28.452945421708478, "epsilon": 0.21802518729903875, "gamma": 0.035169515911917464}, "datetime": {"datetime": "2021-09-24 08:39:45", "elapsed": 13.678992, "delta": 0.281014}}
{"target": 0.08758266005244097, "params": {"C": 28.30057100255612, "epsilon": 0.2966129050555372, "gamma": 0.0001}, "datetime": {"datetime": "2021-09-24 08:39:46", "elapsed": 14.101667, "delta": 0.422675}}
{"target": 0.3761969018520185, "params": {"C": 28.5484076217626, "epsilon": 0.27838980978740857, "gamma": 0.11881227712812432}, "datetime": {"datetime": "2021-09-24 08:39:46", "elapsed": 14.475164, "delta": 0.373497}}
{"target": 0.42787191781571954, "params": {"C": 27.845355558663137, "epsilon": 0.39256166893773436, "gamma": 0.022879224085279908}, "datetime": {"datetime": "2021-09-24 08:39:47", "elapsed": 14.856188, "delta": 0.381024}}
{"target": 0.41743660361835444, "params": {"C": 30.619879374274475, "epsilon": 0.23541862743120423, "gamma": 0.04390494835126737}, "datetime": {"datetime": "2021-09-24 08:39:47", "elapsed": 15.103332, "delta": 0.247144}}
{"target": 0.40690006494826947, "params": {"C": 27.90298878609144, "epsilon": 0.16377396203622469, "gamma": 0.06584805880566177}, "datetime": {"datetime": "2021-09-24 08:39:47", "elapsed": 15.407364, "delta": 0.304032}}
{"target": 0.1139736341404205, "params": {"C": 46.37544711239421, "epsilon": 0.9693123067206102, "gamma": 0.5690871612430345}, "datetime": {"datetime": "2021-09-24 08:39:47", "elapsed": 15.643492, "delta": 0.236128}}
{"target": 0.32008958170375834, "params": {"C": 27.792032879545086, "epsilon": 0.388216292932825, "gamma": 0.20693120644033194}, "datetime": {"datetime": "2021-09-24 08:39:48", "elapsed": 16.031534, "delta": 0.388042}}
{"target": 0.4142697180347802, "params": {"C": 14.312293915013026, "epsilon": 0.9386989549771287, "gamma": 0.009570285070290186}, "datetime": {"datetime": "2021-09-24 08:39:48", "elapsed": 16.247241, "delta": 0.215707}}
{"target": 0.4255150376851262, "params": {"C": 28.573044308651035, "epsilon": 0.0806797247202928, "gamma": 0.026284870227557197}, "datetime": {"datetime": "2021-09-24 08:39:48", "elapsed": 16.563936, "delta": 0.316695}}
{"target": 0.07015820526216032, "params": {"C": 18.500601505244322, "epsilon": 0.21000415286538596, "gamma": 0.5306473677013047}, "datetime": {"datetime": "2021-09-24 08:39:49", "elapsed": 16.79892, "delta": 0.234984}}
{"target": 0.13821874502718046, "params": {"C": 82.71588353814604, "epsilon": 0.12077199411176504, "gamma": 0.558353025451429}, "datetime": {"datetime": "2021-09-24 08:39:49", "elapsed": 17.049774, "delta": 0.250854}}
{"target": 0.3691698743805979, "params": {"C": 28.01275218075226, "epsilon": 0.3057345409575642, "gamma": 0.13344322901744804}, "datetime": {"datetime": "2021-09-24 08:39:49", "elapsed": 17.450609, "delta": 0.400835}}
{"target": 0.0450900334298906, "params": {"C": 51.627412297132594, "epsilon": 0.711045631362864, "gamma": 0.9330447893855986}, "datetime": {"datetime": "2021-09-24 08:39:49", "elapsed": 17.698521, "delta": 0.247912}}
{"target": 0.42328219618405916, "params": {"C": 27.695854355811406, "epsilon": 0.24371099559408996, "gamma": 0.030872100591131806}, "datetime": {"datetime": "2021-09-24 08:39:50", "elapsed": 18.241936, "delta": 0.543415}}
{"target": 0.1441905229348298, "params": {"C": 83.27844492047777, "epsilon": 0.8404897292802676, "gamma": 0.537535218663557}, "datetime": {"datetime": "2021-09-24 08:39:50", "elapsed": 18.513252, "delta": 0.271316}}
{"target": 0.34558486220919815, "params": {"C": 28.429166460598505, "epsilon": 0.09200455958209454, "gamma": 0.17231424037605056}, "datetime": {"datetime": "2021-09-24 08:39:51", "elapsed": 18.882205, "delta": 0.368953}}
{"target": 0.08008648678210428, "params": {"C": 79.46958282625279, "epsilon": 0.14176222388611812, "gamma": 0.7922823745793166}, "datetime": {"datetime": "2021-09-24 08:39:51", "elapsed": 19.174306, "delta": 0.292101}}
{"target": 0.41494498979110694, "params": {"C": 27.584651029512834, "epsilon": 0.41846694614366503, "gamma": 0.04741325368034699}, "datetime": {"datetime": "2021-09-24 08:39:51", "elapsed": 19.567198, "delta": 0.392892}}
{"target": 0.34850733169685166, "params": {"C": 39.61106249118704, "epsilon": 0.03625504213733892, "gamma": 0.15493484131532}, "datetime": {"datetime": "2021-09-24 08:39:52", "elapsed": 19.830388, "delta": 0.26319}}
{"target": 0.3633598322520738, "params": {"C": 3.516496369731814, "epsilon": 0.03707694882040773, "gamma": 0.029921949382620678}, "datetime": {"datetime": "2021-09-24 08:39:52", "elapsed": 20.152799, "delta": 0.322411}}
{"target": 0.2907564530599145, "params": {"C": 27.574706154008975, "epsilon": 0.24556463386355806, "gamma": 0.23859094788039267}, "datetime": {"datetime": "2021-09-24 08:39:53", "elapsed": 20.876847, "delta": 0.724048}}
{"target": 0.4185881771207258, "params": {"C": 14.33681112991385, "epsilon": 0.7593688974501013, "gamma": 0.015141756333375115}, "datetime": {"datetime": "2021-09-24 08:39:53", "elapsed": 21.363623, "delta": 0.486776}}
{"target": 0.3740366793448251, "params": {"C": 14.447752208452176, "epsilon": 0.8327166054081933, "gamma": 0.11138097547837067}, "datetime": {"datetime": "2021-09-24 08:39:54", "elapsed": 21.89692, "delta": 0.533297}}
{"target": 0.4073700962313359, "params": {"C": 27.77174023372815, "epsilon": 0.5746645481535172, "gamma": 0.06452866644059903}, "datetime": {"datetime": "2021-09-24 08:39:54", "elapsed": 22.293047, "delta": 0.396127}}
{"target": 0.4012273171100905, "params": {"C": 27.590319147144307, "epsilon": 0.6279584901346555, "gamma": 0.07814327438835478}, "datetime": {"datetime": "2021-09-24 08:39:54", "elapsed": 22.723013, "delta": 0.429966}}
{"target": 0.3721907226984379, "params": {"C": 14.222231516665865, "epsilon": 0.8543160605518827, "gamma": 0.1121357276272815}, "datetime": {"datetime": "2021-09-24 08:39:55", "elapsed": 23.309929, "delta": 0.586916}}
{"target": 0.4298205187528523, "params": {"C": 27.993354783370275, "epsilon": 0.5994828833453124, "gamma": 0.014616954718082609}, "datetime": {"datetime": "2021-09-24 08:39:56", "elapsed": 23.919313, "delta": 0.609384}}
{"target": 0.33536921220116545, "params": {"C": 64.27140110366281, "epsilon": 0.10004089860629697, "gamma": 0.14358530329151442}, "datetime": {"datetime": "2021-09-24 08:39:56", "elapsed": 24.208783, "delta": 0.28947}}
{"target": 0.428948727943379, "params": {"C": 28.771210026443445, "epsilon": 0.13477386716974196, "gamma": 0.01960588322360381}, "datetime": {"datetime": "2021-09-24 08:39:56", "elapsed": 24.588321, "delta": 0.379538}}
{"target": 0.3150621501093177, "params": {"C": 28.737406847804195, "epsilon": 0.09832740301580849, "gamma": 0.21475954323276455}, "datetime": {"datetime": "2021-09-24 08:39:57", "elapsed": 25.122938, "delta": 0.534617}}
{"target": 0.34723418589546073, "params": {"C": 27.35033635113765, "epsilon": 0.5405058840042621, "gamma": 0.0009996152212033828}, "datetime": {"datetime": "2021-09-24 08:39:57", "elapsed": 25.599481, "delta": 0.476543}}
