{"target": 0.4158974394564554, "params": {"C": 16.952183632761468, "epsilon": 0.010449407075638385, "gamma": 0.11130819023701394}, "datetime": {"datetime": "2021-09-24 09:11:37", "elapsed": 99.540108, "delta": 0.945682}}
{"target": 0.4119225015505589, "params": {"C": 74.5258461026561, "epsilon": 0.19714525530271887, "gamma": 0.053234123539756595}, "datetime": {"datetime": "2021-09-24 09:11:37", "elapsed": 100.147823, "delta": 0.607715}}
{"target": 0.39477890696391693, "params": {"C": 22.11428945663543, "epsilon": 0.006050049373705397, "gamma": 0.14807542912241978}, "datetime": {"datetime": "2021-09-24 09:11:38", "elapsed": 100.952234, "delta": 0.804411}}
{"target": 0.4348298264518349, "params": {"C": 28.75555336583439, "epsilon": 0.27569255761658346, "gamma": 0.0457954052451707}, "datetime": {"datetime": "2021-09-24 09:11:39", "elapsed": 101.798372, "delta": 0.846138}}
{"target": 0.43403496438903777, "params": {"C": 34.843796475674104, "epsilon": 0.10432367716733112, "gamma": 0.04263585955793808}, "datetime": {"datetime": "2021-09-24 09:11:40", "elapsed": 102.528609, "delta": 0.730237}}
{"target": 0.43197758516793117, "params": {"C": 34.714456925834355, "epsilon": 0.5066927885670057, "gamma": 0.034885523011897526}, "datetime": {"datetime": "2021-09-24 09:11:40", "elapsed": 103.329836, "delta": 0.801227}}
{"target": 0.4225254225976012, "params": {"C": 35.06782793073989, "epsilon": 0.42446240668323915, "gamma": 0.06832082496464659}, "datetime": {"datetime": "2021-09-24 09:11:41", "elapsed": 104.157543, "delta": 0.827707}}
{"target": 0.379129689527575, "params": {"C": 34.539311067508045, "epsilon": 0.10840498213719461, "gamma": 0.14989460406712807}, "datetime": {"datetime": "2021-09-24 09:11:42", "elapsed": 105.318887, "delta": 1.161344}}
{"target": 0.4069938818081471, "params": {"C": 44.16349531205837, "epsilon": 0.02690030559606344, "gamma": 0.08289970920392765}, "datetime": {"datetime": "2021-09-24 09:11:52", "elapsed": 0.0, "delta": 0.0}}
{"target": 0.427201889476707, "params": {"C": 44.09691686920941, "epsilon": 0.42094743428540154, "gamma": 0.050219888329577245}, "datetime": {"datetime": "2021-09-24 09:11:52", "elapsed": 0.049001, "delta": 0.049001}}
{"target": 0.4391828664330413, "params": {"C": 21.26021476974641, "epsilon": 0.6196516953843131, "gamma": 0.04564854637750395}, "datetime": {"datetime": "2021-09-24 09:11:52", "elapsed": 0.076069, "delta": 0.027068}}
{"target": 0.421378608459812, "params": {"C": 27.4159002351838, "epsilon": 0.6215126989365256, "gamma": 0.07984217204727882}, "datetime": {"datetime": "2021-09-24 09:11:53", "elapsed": 0.107325, "delta": 0.031256}}
{"target": 0.437778658453271, "params": {"C": 14.323414589148422, "epsilon": 0.5140645431444807, "gamma": 0.028481539981390375}, "datetime": {"datetime": "2021-09-24 09:11:53", "elapsed": 0.138576, "delta": 0.031251}}
{"target": 0.3979375158775964, "params": {"C": 63.55890987161433, "epsilon": 0.2716946412306279, "gamma": 0.07815872961892431}, "datetime": {"datetime": "2021-09-24 09:11:53", "elapsed": 0.265096, "delta": 0.12652}}
{"target": 0.42506428598901647, "params": {"C": 21.2865226708825, "epsilon": 0.6191994868725478, "gamma": 0.08307544762705062}, "datetime": {"datetime": "2021-09-24 09:11:53", "elapsed": 0.349736, "delta": 0.08464}}
{"target": 0.4340604104122989, "params": {"C": 20.339174042966793, "epsilon": 0.6230917559142056, "gamma": 0.07108462571376435}, "datetime": {"datetime": "2021-09-24 09:11:53", "elapsed": 0.412258, "delta": 0.062522}}
{"target": 0.43646258274765015, "params": {"C": 21.212788267681308, "epsilon": 0.5863563238372287, "gamma": 0.061604198319365824}, "datetime": {"datetime": "2021-09-24 09:11:53", "elapsed": 0.496965, "delta": 0.084707}}
{"target": 0.41142416536603843, "params": {"C": 39.95015081302628, "epsilon": 0.8263760559098713, "gamma": 0.08063461984004969}, "datetime": {"datetime": "2021-09-24 09:11:53", "elapsed": 0.581621, "delta": 0.084656}}
{"target": 0.3696795650534769, "params": {"C": 48.48955541809827, "epsilon": 0.8689037440265993, "gamma": 0.1304060189614019}, "datetime": {"datetime": "2021-09-24 09:11:53", "elapsed": 0.687795, "delta": 0.106174}}
{"target": 0.4432823295904649, "params": {"C": 21.134749614109143, "epsilon": 0.750935243817709, "gamma": 0.031599333048123936}, "datetime": {"datetime": "2021-09-24 09:11:53", "elapsed": 0.792475, "delta": 0.10468}}
{"target": 0.4130199956959356, "params": {"C": 20.977503193776133, "epsilon": 0.66232222153535, "gamma": 0.11089738096998547}, "datetime": {"datetime": "2021-09-24 09:11:53", "elapsed": 0.927488, "delta": 0.135013}}
{"target": 0.4211844560953617, "params": {"C": 49.14957600387961, "epsilon": 0.8945650984114254, "gamma": 0.0027923358976723483}, "datetime": {"datetime": "2021-09-24 09:11:53", "elapsed": 1.006489, "delta": 0.079001}}
{"target": 0.4273191106568405, "params": {"C": 14.46999250092044, "epsilon": 0.5076060264720178, "gamma": 0.08684414578749275}, "datetime": {"datetime": "2021-09-24 09:11:54", "elapsed": 1.131492, "delta": 0.125003}}
{"target": 0.3955510289163763, "params": {"C": 38.85095166247046, "epsilon": 0.1090302042446392, "gamma": 0.10287846188290717}, "datetime": {"datetime": "2021-09-24 09:11:54", "elapsed": 1.226515, "delta": 0.095023}}
{"target": 0.4426243814120866, "params": {"C": 21.25551844547313, "epsilon": 0.847628095396429, "gamma": 0.021361867821119342}, "datetime": {"datetime": "2021-09-24 09:11:54", "elapsed": 1.360508, "delta": 0.133993}}
{"target": 0.3564071095097521, "params": {"C": 82.17560248957768, "epsilon": 0.4950227413808569, "gamma": 0.10030527378299159}, "datetime": {"datetime": "2021-09-24 09:11:54", "elapsed": 1.475183, "delta": 0.114675}}
{"target": 0.4384104092737885, "params": {"C": 12.638303325986485, "epsilon": 0.4346211525407269, "gamma": 0.05933747737125542}, "datetime": {"datetime": "2021-09-24 09:11:54", "elapsed": 1.566151, "delta": 0.090968}}
{"target": 0.4321667804706547, "params": {"C": 18.778999115110942, "epsilon": 0.34896874638762043, "gamma": 0.015125663140935833}, "datetime": {"datetime": "2021-09-24 09:11:54", "elapsed": 1.664158, "delta": 0.098007}}
{"target": 0.39774308606833353, "params": {"C": 12.599196721619993, "epsilon": 0.6700942592980415, "gamma": 0.14594651901023878}, "datetime": {"datetime": "2021-09-24 09:11:54", "elapsed": 1.90697, "delta": 0.242812}}
{"target": 0.426219995437356, "params": {"C": 44.120625787158936, "epsilon": 0.4148779647048334, "gamma": 0.052193270102865084}, "datetime": {"datetime": "2021-09-24 09:11:54", "elapsed": 2.035215, "delta": 0.128245}}
{"target": 0.1651959762096724, "params": {"C": 12.67468832492101, "epsilon": 0.2155374020676943, "gamma": 0.001}, "datetime": {"datetime": "2021-09-24 09:11:55", "elapsed": 2.196217, "delta": 0.161002}}
{"target": 0.42173115812181416, "params": {"C": 21.067737153729983, "epsilon": 0.9687387398266231, "gamma": 0.09131451380777239}, "datetime": {"datetime": "2021-09-24 09:11:55", "elapsed": 2.340445, "delta": 0.144228}}
{"target": 0.44140544495017375, "params": {"C": 14.40821262128806, "epsilon": 0.7563507661491077, "gamma": 0.04639468432182097}, "datetime": {"datetime": "2021-09-24 09:11:55", "elapsed": 2.5421, "delta": 0.201655}}
{"target": 0.43746956119913705, "params": {"C": 14.200927597452448, "epsilon": 0.7228308850638878, "gamma": 0.02719670130235836}, "datetime": {"datetime": "2021-09-24 09:11:55", "elapsed": 2.655486, "delta": 0.113386}}
{"target": 0.41466371045962147, "params": {"C": 14.280321644914004, "epsilon": 0.9437324789478925, "gamma": 0.1137584316265948}, "datetime": {"datetime": "2021-09-24 09:11:55", "elapsed": 2.771524, "delta": 0.116038}}
{"target": 0.400473739119954, "params": {"C": 14.087462088991842, "epsilon": 0.4990209304658275, "gamma": 0.14214028620194136}, "datetime": {"datetime": "2021-09-24 09:11:55", "elapsed": 3.062915, "delta": 0.291391}}
{"target": 0.43768769399595164, "params": {"C": 25.958723871198266, "epsilon": 0.6050010116945473, "gamma": 0.030944397067949166}, "datetime": {"datetime": "2021-09-24 09:11:56", "elapsed": 3.227915, "delta": 0.165}}
{"target": 0.40094071247532326, "params": {"C": 25.77361767783588, "epsilon": 0.4971686491259385, "gamma": 0.12261829130892724}, "datetime": {"datetime": "2021-09-24 09:11:56", "elapsed": 3.384922, "delta": 0.157007}}
{"target": 0.2793559987287011, "params": {"C": 2.1612542039199867, "epsilon": 0.9246934994255901, "gamma": 0.01930095691106549}, "datetime": {"datetime": "2021-09-24 09:11:56", "elapsed": 3.509607, "delta": 0.124685}}
{"target": 0.42252513719867113, "params": {"C": 26.115650981672214, "epsilon": 0.7820319412110031, "gamma": 0.07913878356298598}, "datetime": {"datetime": "2021-09-24 09:11:56", "elapsed": 3.702823, "delta": 0.193216}}
{"target": 0.43307033518144833, "params": {"C": 26.18447396636708, "epsilon": 0.5451957353900874, "gamma": 0.010720236364399147}, "datetime": {"datetime": "2021-09-24 09:11:56", "elapsed": 3.852824, "delta": 0.150001}}
{"target": 0.4085387803548509, "params": {"C": 14.686784472134642, "epsilon": 0.7438570796113979, "gamma": 0.1263523404343543}, "datetime": {"datetime": "2021-09-24 09:11:57", "elapsed": 4.122824, "delta": 0.27}}
{"target": 0.42787207111589376, "params": {"C": 20.315562108903972, "epsilon": 0.8721293707375235, "gamma": 0.011657301531672076}, "datetime": {"datetime": "2021-09-24 09:11:57", "elapsed": 4.31777, "delta": 0.194946}}
{"target": 0.3335523161738312, "params": {"C": 74.69062321553075, "epsilon": 0.6951062867906259, "gamma": 0.1411440826320688}, "datetime": {"datetime": "2021-09-24 09:11:57", "elapsed": 4.463769, "delta": 0.145999}}
{"target": 0.4136503944365889, "params": {"C": 20.550910139389618, "epsilon": 0.7265289124366395, "gamma": 0.11031003615334134}, "datetime": {"datetime": "2021-09-24 09:11:57", "elapsed": 4.715772, "delta": 0.252003}}
{"target": 0.3984042412134481, "params": {"C": 18.7585649852892, "epsilon": 0.3606279568164244, "gamma": 0.00486230881810222}, "datetime": {"datetime": "2021-09-24 09:11:57", "elapsed": 4.895771, "delta": 0.179999}}
{"target": 0.43076588209672373, "params": {"C": 18.893614685424627, "epsilon": 0.3434227006963119, "gamma": 0.014680106174072487}, "datetime": {"datetime": "2021-09-24 09:11:58", "elapsed": 5.117769, "delta": 0.221998}}
{"target": 0.438106821728939, "params": {"C": 18.825563501238754, "epsilon": 0.2443657686467438, "gamma": 0.056829678817365406}, "datetime": {"datetime": "2021-09-24 09:11:58", "elapsed": 5.337775, "delta": 0.220006}}
{"target": 0.3985527457585687, "params": {"C": 18.8506329166685, "epsilon": 0.3408021904733676, "gamma": 0.14135801988963495}, "datetime": {"datetime": "2021-09-24 09:11:58", "elapsed": 5.594771, "delta": 0.256996}}
{"target": 0.39640415972483123, "params": {"C": 31.302587030249462, "epsilon": 0.7435364343356875, "gamma": 0.11612120482768065}, "datetime": {"datetime": "2021-09-24 09:11:58", "elapsed": 5.837669, "delta": 0.242898}}
{"target": 0.43743357031893915, "params": {"C": 25.96788220813044, "epsilon": 0.6158770694558868, "gamma": 0.033835924794789855}, "datetime": {"datetime": "2021-09-24 09:11:58", "elapsed": 5.989635, "delta": 0.151966}}
{"target": 0.40477566661420816, "params": {"C": 14.357543515805778, "epsilon": 0.672167094824075, "gamma": 0.13353548201083534}, "datetime": {"datetime": "2021-09-24 09:11:59", "elapsed": 6.207637, "delta": 0.218002}}
{"target": 0.3988222226753111, "params": {"C": 21.20032390851733, "epsilon": 0.8333464722301339, "gamma": 0.140298887828748}, "datetime": {"datetime": "2021-09-24 09:11:59", "elapsed": 6.51184, "delta": 0.304203}}
{"target": 0.4273270431177223, "params": {"C": 14.48148008456729, "epsilon": 0.8525580877946132, "gamma": 0.013137090882751543}, "datetime": {"datetime": "2021-09-24 09:11:59", "elapsed": 6.787388, "delta": 0.275548}}
{"target": 0.40628082321299075, "params": {"C": 26.107989803121775, "epsilon": 0.4738329463221168, "gamma": 0.10931428724184997}, "datetime": {"datetime": "2021-09-24 09:11:59", "elapsed": 6.98391, "delta": 0.196522}}
{"target": 0.40524444589977215, "params": {"C": 80.62557326867966, "epsilon": 0.4996094975496606, "gamma": 0.062094305400965846}, "datetime": {"datetime": "2021-09-24 09:12:00", "elapsed": 7.251698, "delta": 0.267788}}
{"target": 0.18542165280734457, "params": {"C": 14.385124291674643, "epsilon": 0.37705673957521957, "gamma": 0.001}, "datetime": {"datetime": "2021-09-24 09:12:00", "elapsed": 7.638806, "delta": 0.387108}}
{"target": 0.4410545144694462, "params": {"C": 14.216898722445551, "epsilon": 0.6025459697704592, "gamma": 0.05157955248588993}, "datetime": {"datetime": "2021-09-24 09:12:00", "elapsed": 7.879425, "delta": 0.240619}}
{"target": 0.4286034450787902, "params": {"C": 14.48786613211832, "epsilon": 0.6153274444456038, "gamma": 0.082732922251319}, "datetime": {"datetime": "2021-09-24 09:12:01", "elapsed": 8.308463, "delta": 0.429038}}
{"target": 0.3476696248596065, "params": {"C": 65.04526486800088, "epsilon": 0.08032036940729892, "gamma": 0.13306737134936603}, "datetime": {"datetime": "2021-09-24 09:12:01", "elapsed": 8.542523, "delta": 0.23406}}
{"target": 0.4440358976816806, "params": {"C": 21.3621176944786, "epsilon": 0.7372022413734316, "gamma": 0.029838259171673837}, "datetime": {"datetime": "2021-09-24 09:12:01", "elapsed": 8.830524, "delta": 0.288001}}
{"target": 0.4269589182810647, "params": {"C": 12.561274879652581, "epsilon": 0.5309678443359735, "gamma": 0.013007293065170438}, "datetime": {"datetime": "2021-09-24 09:12:02", "elapsed": 9.127524, "delta": 0.297}}
{"target": 0.43785016197237725, "params": {"C": 21.38325432819836, "epsilon": 0.8871957386655724, "gamma": 0.053770114512342426}, "datetime": {"datetime": "2021-09-24 09:12:02", "elapsed": 9.344567, "delta": 0.217043}}
{"target": 0.4035351488098833, "params": {"C": 20.23525064327141, "epsilon": 0.797674419071514, "gamma": 0.1297816963829753}, "datetime": {"datetime": "2021-09-24 09:12:02", "elapsed": 9.806977, "delta": 0.46241}}
{"target": 0.359169485838558, "params": {"C": 84.12231398201752, "epsilon": 0.7058663662445229, "gamma": 0.0952536012116099}, "datetime": {"datetime": "2021-09-24 09:12:02", "elapsed": 10.014763, "delta": 0.207786}}
{"target": 0.4363460294491286, "params": {"C": 21.505263817824186, "epsilon": 0.7972461388958132, "gamma": 0.06028767483934453}, "datetime": {"datetime": "2021-09-24 09:12:03", "elapsed": 10.275771, "delta": 0.261008}}
{"target": 0.4334010005796204, "params": {"C": 12.772935847135582, "epsilon": 0.5526669265647793, "gamma": 0.02262204371376996}, "datetime": {"datetime": "2021-09-24 09:12:03", "elapsed": 10.613121, "delta": 0.33735}}
{"target": 0.43718563903840757, "params": {"C": 8.404971437555588, "epsilon": 0.04384812496301226, "gamma": 0.03361673126198214}, "datetime": {"datetime": "2021-09-24 09:12:03", "elapsed": 10.799121, "delta": 0.186}}
{"target": 0.44136017899790503, "params": {"C": 21.531237710883286, "epsilon": 0.654096233688693, "gamma": 0.034279462289974943}, "datetime": {"datetime": "2021-09-24 09:12:03", "elapsed": 10.996699, "delta": 0.197578}}
{"target": 0.42501678076632354, "params": {"C": 14.358640904274356, "epsilon": 0.6221811318585272, "gamma": 0.011167726977623416}, "datetime": {"datetime": "2021-09-24 09:12:04", "elapsed": 11.274471, "delta": 0.277772}}
{"target": 0.3995341225853877, "params": {"C": 21.440927666749886, "epsilon": 0.6554027131495296, "gamma": 0.1378641174324152}, "datetime": {"datetime": "2021-09-24 09:12:04", "elapsed": 11.505996, "delta": 0.231525}}
{"target": 0.18117885618150797, "params": {"C": 14.06113107925069, "epsilon": 0.670823716566201, "gamma": 0.001}, "datetime": {"datetime": "2021-09-24 09:12:04", "elapsed": 11.90481, "delta": 0.398814}}
{"target": 0.4058044207209709, "params": {"C": 21.12618940215982, "epsilon": 0.6295710719666611, "gamma": 0.004895183128144729}, "datetime": {"datetime": "2021-09-24 09:12:05", "elapsed": 12.175135, "delta": 0.270325}}
{"target": 0.4113971705220202, "params": {"C": 14.317927443547553, "epsilon": 0.7969472158782844, "gamma": 0.00827509080634093}, "datetime": {"datetime": "2021-09-24 09:12:05", "elapsed": 12.429096, "delta": 0.253961}}
{"target": 0.42475385043093283, "params": {"C": 8.563108558586322, "epsilon": 0.005897339462744635, "gamma": 0.018997042053921748}, "datetime": {"datetime": "2021-09-24 09:12:05", "elapsed": 12.676105, "delta": 0.247009}}
{"target": 0.43756027415673004, "params": {"C": 21.64479663941883, "epsilon": 0.7375369241822227, "gamma": 0.053214999133035575}, "datetime": {"datetime": "2021-09-24 09:12:05", "elapsed": 12.9521, "delta": 0.275995}}
{"target": 0.4184516567976144, "params": {"C": 21.620286095288378, "epsilon": 0.5882935372173077, "gamma": 0.09758121065356073}, "datetime": {"datetime": "2021-09-24 09:12:06", "elapsed": 13.278637, "delta": 0.326537}}
{"target": 0.3649916821190068, "params": {"C": 61.45247529877838, "epsilon": 0.6564676606031922, "gamma": 0.11332258756557441}, "datetime": {"datetime": "2021-09-24 09:12:06", "elapsed": 13.501444, "delta": 0.222807}}
{"target": 0.41806556816681584, "params": {"C": 14.300249234320594, "epsilon": 0.5548365961640414, "gamma": 0.10796682294383633}, "datetime": {"datetime": "2021-09-24 09:12:06", "elapsed": 13.819404, "delta": 0.31796}}
{"target": 0.4372057744729845, "params": {"C": 21.65569319384972, "epsilon": 0.8861137976585364, "gamma": 0.05450967267608302}, "datetime": {"datetime": "2021-09-24 09:12:07", "elapsed": 14.246045, "delta": 0.426641}}
{"target": 0.42610215207601665, "params": {"C": 65.3228822261059, "epsilon": 0.8268100693544885, "gamma": 0.0333310259768787}, "datetime": {"datetime": "2021-09-24 09:12:07", "elapsed": 14.481091, "delta": 0.235046}}
{"target": 0.44372308006116534, "params": {"C": 21.024790899586925, "epsilon": 0.8345413724648407, "gamma": 0.026519030785085173}, "datetime": {"datetime": "2021-09-24 09:12:07", "elapsed": 14.836165, "delta": 0.355074}}
{"target": 0.42162482919500277, "params": {"C": 21.79337502747995, "epsilon": 0.8356588498216784, "gamma": 0.08939431943771331}, "datetime": {"datetime": "2021-09-24 09:12:08", "elapsed": 15.125381, "delta": 0.289216}}
{"target": 0.41517870827510217, "params": {"C": 76.934581086443, "epsilon": 0.4723079691706369, "gamma": 0.044991171465572743}, "datetime": {"datetime": "2021-09-24 09:12:08", "elapsed": 15.362863, "delta": 0.237482}}
{"target": 0.41242024774953523, "params": {"C": 21.519143411377044, "epsilon": 0.965840064370576, "gamma": 0.11112344352954596}, "datetime": {"datetime": "2021-09-24 09:12:08", "elapsed": 15.730273, "delta": 0.36741}}
{"target": 0.3956481061918934, "params": {"C": 12.694024877045042, "epsilon": 0.5199205327463854, "gamma": 0.14913808956792204}, "datetime": {"datetime": "2021-09-24 09:12:09", "elapsed": 16.26071, "delta": 0.530437}}
{"target": 0.4282869660058145, "params": {"C": 20.889621097982992, "epsilon": 0.8120116107959374, "gamma": 0.07700105189511659}, "datetime": {"datetime": "2021-09-24 09:12:09", "elapsed": 16.669824, "delta": 0.409114}}
{"target": 0.2845179529406823, "params": {"C": 21.298616681447417, "epsilon": 0.9759353136926303, "gamma": 0.001332485223160074}, "datetime": {"datetime": "2021-09-24 09:12:10", "elapsed": 17.180569, "delta": 0.510745}}
{"target": 0.43731900721080363, "params": {"C": 8.489734570822058, "epsilon": 0.149589465056379, "gamma": 0.03650229033832424}, "datetime": {"datetime": "2021-09-24 09:12:10", "elapsed": 17.624387, "delta": 0.443818}}
{"target": 0.40245686493977517, "params": {"C": 8.496288489143364, "epsilon": 0.04755182306041607, "gamma": 0.11409546614653553}, "datetime": {"datetime": "2021-09-24 09:12:10", "elapsed": 17.942065, "delta": 0.317678}}
{"target": 0.43469324355536076, "params": {"C": 8.359895356192009, "epsilon": 0.23158337602894966, "gamma": 0.05903972633934302}, "datetime": {"datetime": "2021-09-24 09:12:11", "elapsed": 18.480319, "delta": 0.538254}}
{"target": 0.4319857568547507, "params": {"C": 8.28659941741827, "epsilon": 0.06753999207128315, "gamma": 0.07170599105970689}, "datetime": {"datetime": "2021-09-24 09:12:11", "elapsed": 18.824767, "delta": 0.344448}}
{"target": 0.39147954124486517, "params": {"C": 25.897873927613894, "epsilon": 0.6897955512339399, "gamma": 0.1477627169608881}, "datetime": {"datetime": "2021-09-24 09:12:12", "elapsed": 19.227969, "delta": 0.403202}}
{"target": 0.4248710213445477, "params": {"C": 21.27705236485429, "epsilon": 0.7519121789322512, "gamma": 0.008806658947543844}, "datetime": {"datetime": "2021-09-24 09:12:12", "elapsed": 19.666342, "delta": 0.438373}}
{"target": 0.39961716052009433, "params": {"C": 21.377716319937363, "epsilon": 0.8450497504284156, "gamma": 0.13803776651418584}, "datetime": {"datetime": "2021-09-24 09:12:12", "elapsed": 20.025043, "delta": 0.358701}}
{"target": 0.3983178621442478, "params": {"C": 8.47017792218622, "epsilon": 0.30584740751443, "gamma": 0.11795993940176497}, "datetime": {"datetime": "2021-09-24 09:12:13", "elapsed": 20.333419, "delta": 0.308376}}
{"target": 0.43478593408066213, "params": {"C": 11.219986809486562, "epsilon": 0.7298199943689851, "gamma": 0.02273475088553671}, "datetime": {"datetime": "2021-09-24 09:12:13", "elapsed": 20.577286, "delta": 0.243867}}
{"target": 0.43354053904196765, "params": {"C": 12.550211598985829, "epsilon": 0.5239636528955807, "gamma": 0.022272349156029936}, "datetime": {"datetime": "2021-09-24 09:12:13", "elapsed": 20.880127, "delta": 0.302841}}
{"target": 0.3941060342943733, "params": {"C": 61.622851394379964, "epsilon": 0.45568929357953925, "gamma": 0.08277399459027858}, "datetime": {"datetime": "2021-09-24 09:12:14", "elapsed": 21.210229, "delta": 0.330102}}
{"target": 0.41768180809406896, "params": {"C": 12.54221805471039, "epsilon": 0.4150433705449622, "gamma": 0.10906997905870151}, "datetime": {"datetime": "2021-09-24 09:12:14", "elapsed": 21.52308, "delta": 0.312851}}
{"target": 0.44495785542529087, "params": {"C": 21.297315030606036, "epsilon": 0.4989765348192337, "gamma": 0.027684034778522295}, "datetime": {"datetime": "2021-09-24 09:12:14", "elapsed": 21.834576, "delta": 0.311496}}
