{"target": -38.77329448551094, "params": {"C": 223.4757919757521, "epsilon": 0.43752379298433547, "gamma": 0.024652329104315838}, "datetime": {"datetime": "2021-09-28 13:05:56", "elapsed": 1636.684237, "delta": 10.814392}}
{"target": -46.75483530168117, "params": {"C": 211.25669395303248, "epsilon": 2.5756112744712376, "gamma": 0.1314138642932202}, "datetime": {"datetime": "2021-09-28 13:06:00", "elapsed": 1640.509977, "delta": 3.82574}}
{"target": -39.98717384823107, "params": {"C": 222.40033104801014, "epsilon": 1.7957448792420334, "gamma": 0.04908221624262277}, "datetime": {"datetime": "2021-09-28 13:06:04", "elapsed": 1644.268006, "delta": 3.758029}}
{"target": -38.72415478572626, "params": {"C": 163.25127050309402, "epsilon": 2.4103399628773885, "gamma": 0.03193330103495634}, "datetime": {"datetime": "2021-09-28 13:06:17", "elapsed": 1656.921298, "delta": 12.653292}}
{"target": -38.893108469769935, "params": {"C": 170.18699180174002, "epsilon": 1.5412207856759734, "gamma": 0.034014735950797834}, "datetime": {"datetime": "2021-09-28 13:06:17", "elapsed": 1657.008295, "delta": 0.086997}}
{"target": -43.5461385342537, "params": {"C": 267.800272172501, "epsilon": 2.562071902625827, "gamma": 0.08946839389136507}, "datetime": {"datetime": "2021-09-28 13:06:17", "elapsed": 1657.0893, "delta": 0.081005}}
{"target": -43.82107484790909, "params": {"C": 276.9842228036202, "epsilon": 0.23985678555017392, "gamma": 0.09143905013178501}, "datetime": {"datetime": "2021-09-28 13:06:17", "elapsed": 1657.1683, "delta": 0.079}}
{"target": -38.11317270543895, "params": {"C": 159.7929756580317, "epsilon": 1.2849388604645708, "gamma": 0.01827903390324965}, "datetime": {"datetime": "2021-09-28 13:06:17", "elapsed": 1657.215296, "delta": 0.046996}}
{"target": -39.20544505450731, "params": {"C": 169.07399575519162, "epsilon": 1.7906391816268088, "gamma": 0.041456148108158224}, "datetime": {"datetime": "2021-09-28 13:06:17", "elapsed": 1657.284295, "delta": 0.068999}}
{"target": -40.344603003994315, "params": {"C": 166.04185264649743, "epsilon": 0.6616983150046085, "gamma": 0.06361890501559056}, "datetime": {"datetime": "2021-09-28 13:06:17", "elapsed": 1657.324298, "delta": 0.040003}}
{"target": -42.630921916246685, "params": {"C": 159.88556356199877, "epsilon": 1.152612798611718, "gamma": 0.10177498576308508}, "datetime": {"datetime": "2021-09-28 13:06:25", "elapsed": 1665.244673, "delta": 7.920375}}
{"target": -47.93306092859019, "params": {"C": 160.73134377099746, "epsilon": 0.9979509361149342, "gamma": 0.17747537237550368}, "datetime": {"datetime": "2021-09-28 13:06:35", "elapsed": 1675.659574, "delta": 10.414901}}
{"target": -42.5529160481862, "params": {"C": 269.312193818621, "epsilon": 2.4924601485123343, "gamma": 0.08008087328881092}, "datetime": {"datetime": "2021-09-28 13:06:39", "elapsed": 1678.868858, "delta": 3.209284}}
{"target": -48.8429849066765, "params": {"C": 275.41028183065873, "epsilon": 1.5808763881027343, "gamma": 0.14630254901675832}, "datetime": {"datetime": "2021-09-28 13:06:42", "elapsed": 1682.605454, "delta": 3.736596}}
{"target": -42.365879694703374, "params": {"C": 159.72752506507382, "epsilon": 1.4589367171231498, "gamma": 0.0982029559618079}, "datetime": {"datetime": "2021-09-28 13:06:50", "elapsed": 1689.982033, "delta": 7.376579}}
{"target": -36.27454240090749, "params": {"C": 156.05586975696664, "epsilon": 1.5944529878700349, "gamma": 0.001}, "datetime": {"datetime": "2021-09-28 13:06:58", "elapsed": 1697.841899, "delta": 7.859866}}
{"target": -47.269341061787415, "params": {"C": 241.36902571276383, "epsilon": 2.615370641147649, "gamma": 0.12780100953190313}, "datetime": {"datetime": "2021-09-28 13:07:01", "elapsed": 1701.692163, "delta": 3.850264}}
{"target": -40.07491302025185, "params": {"C": 180.55573099681735, "epsilon": 1.6601484865997305, "gamma": 0.05555671393363324}, "datetime": {"datetime": "2021-09-28 13:07:05", "elapsed": 1705.763873, "delta": 4.07171}}
{"target": -40.72735240022588, "params": {"C": 155.95209338750462, "epsilon": 1.716901917884874, "gamma": 0.07493646972260666}, "datetime": {"datetime": "2021-09-28 13:07:15", "elapsed": 1715.532394, "delta": 9.768521}}
{"target": -40.172546544493194, "params": {"C": 170.37476022719054, "epsilon": 1.6029451411039901, "gamma": 0.05933973758081602}, "datetime": {"datetime": "2021-09-28 13:07:28", "elapsed": 1728.546702, "delta": 13.014308}}
{"target": -36.81262012221174, "params": {"C": 209.09472274889666, "epsilon": 2.657016201876618, "gamma": 0.0062748975509308285}, "datetime": {"datetime": "2021-09-28 13:07:35", "elapsed": 1735.378805, "delta": 6.832103}}
{"target": -39.28889884287702, "params": {"C": 233.57310317702536, "epsilon": 0.7776361931057701, "gamma": 0.03597185535000799}, "datetime": {"datetime": "2021-09-28 13:07:45", "elapsed": 1745.495762, "delta": 10.116957}}
{"target": -38.21524897055845, "params": {"C": 155.99519948361043, "epsilon": 1.4622228879678314, "gamma": 0.02255143521327583}, "datetime": {"datetime": "2021-09-28 13:07:57", "elapsed": 1756.969043, "delta": 11.473281}}
{"target": -40.27480813174484, "params": {"C": 168.90423981790542, "epsilon": 1.666955172839035, "gamma": 0.06213192977290607}, "datetime": {"datetime": "2021-09-28 13:08:06", "elapsed": 1766.20495, "delta": 9.235907}}
{"target": -37.69616342102102, "params": {"C": 215.78589646185702, "epsilon": 2.192409065467053, "gamma": 0.013361949244957205}, "datetime": {"datetime": "2021-09-28 13:08:13", "elapsed": 1773.245736, "delta": 7.040786}}
{"target": -44.00496183095628, "params": {"C": 156.02634100894397, "epsilon": 1.564652109224306, "gamma": 0.1200088657373746}, "datetime": {"datetime": "2021-09-28 13:08:24", "elapsed": 1784.192195, "delta": 10.946459}}
{"target": -40.98699164238306, "params": {"C": 230.61036809357353, "epsilon": 0.06541612658941172, "gamma": 0.06672461007874762}, "datetime": {"datetime": "2021-09-28 13:08:27", "elapsed": 1787.74284, "delta": 3.550645}}
{"target": -40.543922736066065, "params": {"C": 190.95328125564757, "epsilon": 2.185320310686091, "gamma": 0.06734414089002573}, "datetime": {"datetime": "2021-09-28 13:08:31", "elapsed": 1791.22585, "delta": 3.48301}}
{"target": -39.81074226474341, "params": {"C": 170.1116525128416, "epsilon": 1.311484011010147, "gamma": 0.050543533150138396}, "datetime": {"datetime": "2021-09-28 13:08:38", "elapsed": 1798.113116, "delta": 6.887266}}
{"target": -37.70413448844111, "params": {"C": 166.82100552583353, "epsilon": 0.970382412878245, "gamma": 0.014318250317712847}, "datetime": {"datetime": "2021-09-28 13:08:50", "elapsed": 1810.351226, "delta": 12.23811}}
{"target": -47.9601750623369, "params": {"C": 170.05076686685112, "epsilon": 1.5293961198087518, "gamma": 0.17077919074058534}, "datetime": {"datetime": "2021-09-28 13:09:01", "elapsed": 1821.449908, "delta": 11.098682}}
{"target": -36.125982855128946, "params": {"C": 289.1464121056502, "epsilon": 0.34306530439388844, "gamma": 0.001}, "datetime": {"datetime": "2021-09-28 13:09:08", "elapsed": 1828.025123, "delta": 6.575215}}
{"target": -45.8626812514933, "params": {"C": 197.34272965044354, "epsilon": 0.9161470301491877, "gamma": 0.12758083841670906}, "datetime": {"datetime": "2021-09-28 13:09:11", "elapsed": 1831.149738, "delta": 3.124615}}
{"target": -38.97801614610421, "params": {"C": 176.95183340208848, "epsilon": 1.0673318026558507, "gamma": 0.03487945864029149}, "datetime": {"datetime": "2021-09-28 13:09:14", "elapsed": 1834.476523, "delta": 3.326785}}
{"target": -48.14009962920024, "params": {"C": 227.00578053706283, "epsilon": 0.046965894620429396, "gamma": 0.14649100859556757}, "datetime": {"datetime": "2021-09-28 13:09:18", "elapsed": 1837.9618, "delta": 3.485277}}
{"target": -39.890028849832674, "params": {"C": 224.78383912534406, "epsilon": 1.3403128224730427, "gamma": 0.044005113449849774}, "datetime": {"datetime": "2021-09-28 13:09:21", "elapsed": 1841.509096, "delta": 3.547296}}
{"target": -39.79304021176831, "params": {"C": 151.76786925065082, "epsilon": 2.770424661182855, "gamma": 0.0548085116535544}, "datetime": {"datetime": "2021-09-28 13:09:25", "elapsed": 1845.019349, "delta": 3.510253}}
{"target": -37.38205006354333, "params": {"C": 180.74413591571, "epsilon": 1.6765072855514964, "gamma": 0.009174662742324691}, "datetime": {"datetime": "2021-09-28 13:09:32", "elapsed": 1852.702071, "delta": 7.682722}}
{"target": -37.914845757793515, "params": {"C": 180.99369174167703, "epsilon": 1.6547871442249644, "gamma": 0.01535249235598761}, "datetime": {"datetime": "2021-09-28 13:09:43", "elapsed": 1862.805832, "delta": 10.103761}}
{"target": -36.94776306987764, "params": {"C": 180.84070359739493, "epsilon": 1.564924537543222, "gamma": 0.007106837917372849}, "datetime": {"datetime": "2021-09-28 13:09:51", "elapsed": 1871.654583, "delta": 8.848751}}
{"target": -40.259673024264146, "params": {"C": 288.4405584160838, "epsilon": 1.4478860127336302, "gamma": 0.04897501892011475}, "datetime": {"datetime": "2021-09-28 13:09:55", "elapsed": 1875.072264, "delta": 3.417681}}
{"target": -45.76561379076732, "params": {"C": 253.49244225591386, "epsilon": 0.744293480542494, "gamma": 0.11180021453288395}, "datetime": {"datetime": "2021-09-28 13:09:58", "elapsed": 1878.245927, "delta": 3.173663}}
{"target": -36.3043417433769, "params": {"C": 170.30894838294768, "epsilon": 1.3898891604968315, "gamma": 0.001}, "datetime": {"datetime": "2021-09-28 13:10:05", "elapsed": 1885.389251, "delta": 7.143324}}
{"target": -46.272091932819, "params": {"C": 176.04109994751195, "epsilon": 2.0828651309586403, "gamma": 0.13956703412294924}, "datetime": {"datetime": "2021-09-28 13:10:08", "elapsed": 1888.542982, "delta": 3.153731}}
{"target": -38.54606885337514, "params": {"C": 289.7411785792559, "epsilon": 1.5324285547986536, "gamma": 0.01880369765205162}, "datetime": {"datetime": "2021-09-28 13:10:11", "elapsed": 1891.727517, "delta": 3.184535}}
{"target": -42.7928813813396, "params": {"C": 226.6917948432258, "epsilon": 0.9569294238000211, "gamma": 0.08966277202050196}, "datetime": {"datetime": "2021-09-28 13:10:15", "elapsed": 1895.098276, "delta": 3.370759}}
{"target": -43.899992726623324, "params": {"C": 158.17164163744425, "epsilon": 2.48885817258527, "gamma": 0.1173774794254162}, "datetime": {"datetime": "2021-09-28 13:10:18", "elapsed": 1898.404845, "delta": 3.306569}}
{"target": -48.21328301842506, "params": {"C": 170.4282178252948, "epsilon": 1.2756748229374366, "gamma": 0.17895851171884425}, "datetime": {"datetime": "2021-09-28 13:10:31", "elapsed": 1911.241801, "delta": 12.836956}}
{"target": -48.04850725271831, "params": {"C": 180.91231526127953, "epsilon": 1.5948949207959977, "gamma": 0.16611086541811435}, "datetime": {"datetime": "2021-09-28 13:10:39", "elapsed": 1919.450976, "delta": 8.209175}}
{"target": -46.96987911469196, "params": {"C": 294.52039348865026, "epsilon": 1.8481035593292183, "gamma": 0.11274526431117077}, "datetime": {"datetime": "2021-09-28 13:10:43", "elapsed": 1922.875643, "delta": 3.424667}}
{"target": -36.74706505928017, "params": {"C": 181.1236925316537, "epsilon": 1.7999602193771915, "gamma": 0.0032201993657276647}, "datetime": {"datetime": "2021-09-28 13:10:50", "elapsed": 1930.168867, "delta": 7.293224}}
{"target": -36.455564419881775, "params": {"C": 180.67558474227553, "epsilon": 1.5700239324103018, "gamma": 0.001749831737570761}, "datetime": {"datetime": "2021-09-28 13:10:58", "elapsed": 1938.289229, "delta": 8.120362}}
{"target": -36.637310351713474, "params": {"C": 202.76735900795882, "epsilon": 0.39655292647947926, "gamma": 0.001893387965814829}, "datetime": {"datetime": "2021-09-28 13:11:01", "elapsed": 1941.430363, "delta": 3.141134}}
{"target": -38.28703469902138, "params": {"C": 202.87133078191033, "epsilon": 0.28891524577856625, "gamma": 0.02263864757815988}, "datetime": {"datetime": "2021-09-28 13:11:08", "elapsed": 1948.691233, "delta": 7.26087}}
{"target": -47.98508779043288, "params": {"C": 202.88498099845586, "epsilon": 0.43016888722434804, "gamma": 0.15369448439413302}, "datetime": {"datetime": "2021-09-28 13:11:17", "elapsed": 1957.235136, "delta": 8.543903}}
{"target": -36.64354980330062, "params": {"C": 202.7447930193822, "epsilon": 0.22126746850068496, "gamma": 0.003741177644241344}, "datetime": {"datetime": "2021-09-28 13:11:28", "elapsed": 1968.583064, "delta": 11.347928}}
{"target": -40.09096501720617, "params": {"C": 180.4565917180185, "epsilon": 2.934906928675211, "gamma": 0.05713524807552607}, "datetime": {"datetime": "2021-09-28 13:11:32", "elapsed": 1971.884938, "delta": 3.301874}}
{"target": -42.60294192413785, "params": {"C": 202.64241403365656, "epsilon": 0.1691823569986045, "gamma": 0.09269744003051282}, "datetime": {"datetime": "2021-09-28 13:11:38", "elapsed": 1978.532701, "delta": 6.647763}}
{"target": -38.71185244707298, "params": {"C": 194.73981248439645, "epsilon": 2.224581333641158, "gamma": 0.027683518962394543}, "datetime": {"datetime": "2021-09-28 13:11:42", "elapsed": 1981.955484, "delta": 3.422783}}
{"target": -48.12142729167771, "params": {"C": 253.36017997026414, "epsilon": 2.437338305994114, "gamma": 0.13715398021093037}, "datetime": {"datetime": "2021-09-28 13:11:45", "elapsed": 1985.015359, "delta": 3.059875}}
{"target": -38.10307989294774, "params": {"C": 180.97094000735265, "epsilon": 1.7859288986891608, "gamma": 0.019119283390768085}, "datetime": {"datetime": "2021-09-28 13:11:52", "elapsed": 1992.435186, "delta": 7.419827}}
{"target": -38.10314779331385, "params": {"C": 208.68511712918595, "epsilon": 2.2623828703060966, "gamma": 0.019742086861504554}, "datetime": {"datetime": "2021-09-28 13:11:55", "elapsed": 1995.732442, "delta": 3.297256}}
{"target": -39.475384117735764, "params": {"C": 208.5617061561263, "epsilon": 2.3075708714470644, "gamma": 0.04141488825149254}, "datetime": {"datetime": "2021-09-28 13:12:02", "elapsed": 2002.54175, "delta": 6.809308}}
{"target": -45.9073059131139, "params": {"C": 181.10053364689065, "epsilon": 1.8885968455030162, "gamma": 0.13306898334080786}, "datetime": {"datetime": "2021-09-28 13:12:10", "elapsed": 2010.45373, "delta": 7.91198}}
{"target": -40.082318840193686, "params": {"C": 181.23324621711845, "epsilon": 1.6850101570608138, "gamma": 0.055670184189378455}, "datetime": {"datetime": "2021-09-28 13:12:20", "elapsed": 2020.753038, "delta": 10.299308}}
{"target": -37.31444536607855, "params": {"C": 194.76058068188223, "epsilon": 1.9998903612791186, "gamma": 0.010343732724386621}, "datetime": {"datetime": "2021-09-28 13:12:27", "elapsed": 2027.741939, "delta": 6.988901}}
{"target": -45.583850157556505, "params": {"C": 194.88669681567052, "epsilon": 2.0978253172379446, "gamma": 0.12407105948329905}, "datetime": {"datetime": "2021-09-28 13:12:34", "elapsed": 2034.563858, "delta": 6.821919}}
{"target": -47.33347779748394, "params": {"C": 150.62124306300336, "epsilon": 0.9323775832726614, "gamma": 0.17165386447610442}, "datetime": {"datetime": "2021-09-28 13:12:38", "elapsed": 2038.247413, "delta": 3.683555}}
{"target": -40.3845696201643, "params": {"C": 232.54591905875435, "epsilon": 2.4860508159546235, "gamma": 0.05945787637238859}, "datetime": {"datetime": "2021-09-28 13:12:41", "elapsed": 2041.554319, "delta": 3.306906}}
{"target": -48.5662161670506, "params": {"C": 189.08711243943515, "epsilon": 1.7783214062159758, "gamma": 0.17805284416562928}, "datetime": {"datetime": "2021-09-28 13:12:45", "elapsed": 2044.866619, "delta": 3.3123}}
{"target": -40.36026354611453, "params": {"C": 194.73755134671066, "epsilon": 1.8217496840179632, "gamma": 0.06241303918534444}, "datetime": {"datetime": "2021-09-28 13:12:51", "elapsed": 2051.581623, "delta": 6.715004}}
{"target": -38.389339624941165, "params": {"C": 194.6496244071741, "epsilon": 2.0408518152437938, "gamma": 0.02298687285735322}, "datetime": {"datetime": "2021-09-28 13:12:58", "elapsed": 2057.989928, "delta": 6.408305}}
{"target": -42.7758478226399, "params": {"C": 194.51444044890982, "epsilon": 2.2688107915627147, "gamma": 0.09482923083093897}, "datetime": {"datetime": "2021-09-28 13:13:04", "elapsed": 2064.103294, "delta": 6.113366}}
{"target": -41.438900715903124, "params": {"C": 159.6063242069513, "epsilon": 1.2115657209856572, "gamma": 0.08628389859200354}, "datetime": {"datetime": "2021-09-28 13:13:13", "elapsed": 2073.125693, "delta": 9.022399}}
{"target": -37.984112095798956, "params": {"C": 202.63778639303933, "epsilon": 0.32816586274799325, "gamma": 0.016661099229242277}, "datetime": {"datetime": "2021-09-28 13:13:19", "elapsed": 2079.626947, "delta": 6.501254}}
{"target": -42.14524573643052, "params": {"C": 272.1545089054579, "epsilon": 0.10464680148907941, "gamma": 0.07717017161090035}, "datetime": {"datetime": "2021-09-28 13:13:22", "elapsed": 2082.757955, "delta": 3.131008}}
{"target": -37.86387545130001, "params": {"C": 202.66292802956363, "epsilon": 0.5879080129977806, "gamma": 0.015017273353127691}, "datetime": {"datetime": "2021-09-28 13:13:30", "elapsed": 2089.846267, "delta": 7.088312}}
{"target": -38.133138341641406, "params": {"C": 180.7166391474513, "epsilon": 1.3761645270034566, "gamma": 0.021123967273021706}, "datetime": {"datetime": "2021-09-28 13:13:38", "elapsed": 2098.127186, "delta": 8.280919}}
{"target": -44.90713545789826, "params": {"C": 202.44132923244428, "epsilon": 0.572571607007251, "gamma": 0.11618607969035157}, "datetime": {"datetime": "2021-09-28 13:13:47", "elapsed": 2107.208538, "delta": 9.081352}}
{"target": -36.740251946628014, "params": {"C": 208.70865692559894, "epsilon": 2.387976581948436, "gamma": 0.003536726342706113}, "datetime": {"datetime": "2021-09-28 13:13:53", "elapsed": 2113.495689, "delta": 6.287151}}
{"target": -40.66953346511827, "params": {"C": 202.9384887739338, "epsilon": 0.039802252941226884, "gamma": 0.06610902258748534}, "datetime": {"datetime": "2021-09-28 13:14:01", "elapsed": 2121.741217, "delta": 8.245528}}
{"target": -37.78551595247453, "params": {"C": 180.853699084236, "epsilon": 1.3020517022745228, "gamma": 0.014470992070917808}, "datetime": {"datetime": "2021-09-28 13:14:12", "elapsed": 2131.887677, "delta": 10.14646}}
{"target": -49.22071286651114, "params": {"C": 299.27535802683275, "epsilon": 1.9542812936493543, "gamma": 0.14869583002999973}, "datetime": {"datetime": "2021-09-28 13:14:15", "elapsed": 2135.189207, "delta": 3.30153}}
{"target": -40.88805870042484, "params": {"C": 180.88501349052413, "epsilon": 1.1139219626148493, "gamma": 0.07623344166733008}, "datetime": {"datetime": "2021-09-28 13:14:22", "elapsed": 2142.195935, "delta": 7.006728}}
{"target": -38.726133141504484, "params": {"C": 232.90420442164574, "epsilon": 0.7077222358331516, "gamma": 0.02291123010943114}, "datetime": {"datetime": "2021-09-28 13:14:28", "elapsed": 2148.548395, "delta": 6.35246}}
{"target": -39.37927689091295, "params": {"C": 233.07182336311627, "epsilon": 0.8302029664205665, "gamma": 0.037029114386208484}, "datetime": {"datetime": "2021-09-28 13:14:35", "elapsed": 2155.152023, "delta": 6.603628}}
{"target": -49.18292644702231, "params": {"C": 232.89147922226277, "epsilon": 0.8702710977924164, "gamma": 0.17701623161222413}, "datetime": {"datetime": "2021-09-28 13:14:45", "elapsed": 2165.717631, "delta": 10.565608}}
{"target": -46.07507506561192, "params": {"C": 233.04781136185153, "epsilon": 0.5951092202763899, "gamma": 0.11957753303299076}, "datetime": {"datetime": "2021-09-28 13:14:52", "elapsed": 2172.394376, "delta": 6.676745}}
{"target": -39.08265248649155, "params": {"C": 202.70697190326337, "epsilon": 0.7468477167099509, "gamma": 0.03339511806230304}, "datetime": {"datetime": "2021-09-28 13:14:59", "elapsed": 2179.269724, "delta": 6.875348}}
{"target": -41.700733338936686, "params": {"C": 223.32073047961268, "epsilon": 0.5606899494825863, "gamma": 0.07987064990283606}, "datetime": {"datetime": "2021-09-28 13:15:06", "elapsed": 2186.459146, "delta": 7.189422}}
{"target": -36.2669755260578, "params": {"C": 155.82660889584488, "epsilon": 1.5251922626940748, "gamma": 0.001}, "datetime": {"datetime": "2021-09-28 13:15:17", "elapsed": 2197.037405, "delta": 10.578259}}
{"target": -48.523045368843135, "params": {"C": 299.7213391552217, "epsilon": 0.40957192513108465, "gamma": 0.131127048056631}, "datetime": {"datetime": "2021-09-28 13:15:20", "elapsed": 2200.453716, "delta": 3.416311}}
{"target": -40.27664808617957, "params": {"C": 155.76157715359994, "epsilon": 1.4415128178482408, "gamma": 0.06395375635174977}, "datetime": {"datetime": "2021-09-28 13:15:26", "elapsed": 2206.628863, "delta": 6.175147}}
{"target": -40.42631252539538, "params": {"C": 232.61172730411508, "epsilon": 0.6833979833107643, "gamma": 0.05805260519387661}, "datetime": {"datetime": "2021-09-28 13:15:34", "elapsed": 2213.878206, "delta": 7.249343}}
{"target": -42.49243752058792, "params": {"C": 275.9253755701974, "epsilon": 0.3138620069161887, "gamma": 0.0798533400398943}, "datetime": {"datetime": "2021-09-28 13:15:37", "elapsed": 2216.830561, "delta": 2.952355}}
{"target": -39.10751199644029, "params": {"C": 169.17389830014443, "epsilon": 1.6014685733456449, "gamma": 0.03916723635938409}, "datetime": {"datetime": "2021-09-28 13:15:44", "elapsed": 2224.115608, "delta": 7.285047}}
{"target": -37.904897565940296, "params": {"C": 165.1748876022079, "epsilon": 1.0504892292264039, "gamma": 0.015493081675885291}, "datetime": {"datetime": "2021-09-28 13:15:47", "elapsed": 2227.418417, "delta": 3.302809}}
{"target": -43.071452129139246, "params": {"C": 259.3417437361153, "epsilon": 1.1636958912007642, "gamma": 0.08719557213203631}, "datetime": {"datetime": "2021-09-28 13:15:50", "elapsed": 2230.573905, "delta": 3.155488}}
{"target": -36.52363029040282, "params": {"C": 233.86881800042715, "epsilon": 1.3270931363416991, "gamma": 0.001547961061347224}, "datetime": {"datetime": "2021-09-28 13:15:57", "elapsed": 2237.259281, "delta": 6.685376}}
