{"target": -37.81103570648805, "params": {"C": 211.89403391418608, "epsilon": 1.5232357997606942, "gamma": 0.014141054420749859}, "datetime": {"datetime": "2021-09-28 14:22:06", "elapsed": 6205.845187, "delta": 18.842612}}
{"target": -40.721729727148315, "params": {"C": 211.7907618379718, "epsilon": 1.683761622613381, "gamma": 0.06808600221800253}, "datetime": {"datetime": "2021-09-28 14:22:25", "elapsed": 6225.248825, "delta": 19.403638}}
{"target": -38.2157073806313, "params": {"C": 164.23641793513022, "epsilon": 0.9480822997598235, "gamma": 0.022965453095142266}, "datetime": {"datetime": "2021-09-28 14:22:43", "elapsed": 6242.901715, "delta": 17.65289}}
{"target": -36.771229375102415, "params": {"C": 212.21091155711125, "epsilon": 1.8698559049660777, "gamma": 0.002713596122584706}, "datetime": {"datetime": "2021-09-28 14:23:10", "elapsed": 6270.488239, "delta": 27.586524}}
{"target": -47.429842118223974, "params": {"C": 212.2419663266286, "epsilon": 1.9178347215368552, "gamma": 0.13988618829631336}, "datetime": {"datetime": "2021-09-28 14:23:27", "elapsed": 6287.251726, "delta": 16.763487}}
{"target": -40.03954292168096, "params": {"C": 181.26369102366658, "epsilon": 0.9979579742642196, "gamma": 0.05276717814741196}, "datetime": {"datetime": "2021-09-28 14:23:48", "elapsed": 6308.745079, "delta": 21.493353}}
{"target": -36.82447531232126, "params": {"C": 164.1661227265742, "epsilon": 1.1196504946603116, "gamma": 0.005268193092698514}, "datetime": {"datetime": "2021-09-28 14:24:13", "elapsed": 6333.449778, "delta": 24.704699}}
{"target": -39.65891346362803, "params": {"C": 164.2941309470297, "epsilon": 1.2310791963011298, "gamma": 0.04900824713882943}, "datetime": {"datetime": "2021-09-28 14:24:39", "elapsed": 6359.054719, "delta": 25.604941}}
{"target": -44.093279805840154, "params": {"C": 164.1356942789498, "epsilon": 1.1491208755900189, "gamma": 0.11879151490483518}, "datetime": {"datetime": "2021-09-28 14:24:55", "elapsed": 6375.127595, "delta": 16.072876}}
{"target": -38.47656190134044, "params": {"C": 164.40694683729328, "epsilon": 1.066028293223858, "gamma": 0.02720699729636851}, "datetime": {"datetime": "2021-09-28 14:25:15", "elapsed": 6395.159177, "delta": 20.031582}}
{"target": -36.179256339632126, "params": {"C": 193.26913312141545, "epsilon": 0.11407762699849616, "gamma": 0.001}, "datetime": {"datetime": "2021-09-28 14:25:35", "elapsed": 6414.958645, "delta": 19.799468}}
{"target": -36.254090082650144, "params": {"C": 164.0977142083169, "epsilon": 0.9990633639464859, "gamma": 0.001}, "datetime": {"datetime": "2021-09-28 14:25:53", "elapsed": 6433.689327, "delta": 18.730682}}
{"target": -46.08537419283608, "params": {"C": 202.64431133034503, "epsilon": 1.0543135999540616, "gamma": 0.12830362090945735}, "datetime": {"datetime": "2021-09-28 14:26:16", "elapsed": 6455.839321, "delta": 22.149994}}
{"target": -49.29703576838108, "params": {"C": 237.21363590552045, "epsilon": 1.3343201442104786, "gamma": 0.17960021074676177}, "datetime": {"datetime": "2021-09-28 14:26:23", "elapsed": 6462.830704, "delta": 6.991383}}
{"target": -37.26893841370092, "params": {"C": 212.30517940746694, "epsilon": 1.616227150000211, "gamma": 0.010060407872856114}, "datetime": {"datetime": "2021-09-28 14:26:43", "elapsed": 6483.795723, "delta": 20.965019}}
{"target": -36.91427633981499, "params": {"C": 212.32444749921763, "epsilon": 1.7401417938262296, "gamma": 0.006672224151246527}, "datetime": {"datetime": "2021-09-28 14:27:03", "elapsed": 6502.844153, "delta": 19.04843}}
{"target": -39.890302676073794, "params": {"C": 212.2257641588547, "epsilon": 1.4244002189497857, "gamma": 0.04646417996533027}, "datetime": {"datetime": "2021-09-28 14:27:32", "elapsed": 6532.548103, "delta": 29.70395}}
{"target": -47.199818470407045, "params": {"C": 212.38022270442306, "epsilon": 1.6464783687619708, "gamma": 0.13704895191214547}, "datetime": {"datetime": "2021-09-28 14:27:58", "elapsed": 6558.582352, "delta": 26.034249}}
{"target": -48.161150513536846, "params": {"C": 240.8736886289074, "epsilon": 1.4927893323684795, "gamma": 0.1421437385928779}, "datetime": {"datetime": "2021-09-28 14:28:06", "elapsed": 6566.254724, "delta": 7.672372}}
{"target": -37.90439706030848, "params": {"C": 212.06428846637692, "epsilon": 1.506098187470424, "gamma": 0.01491752126518752}, "datetime": {"datetime": "2021-09-28 14:28:22", "elapsed": 6581.935818, "delta": 15.681094}}
{"target": -49.585618700852834, "params": {"C": 255.00442297704984, "epsilon": 1.801958936814249, "gamma": 0.1793948481653019}, "datetime": {"datetime": "2021-09-28 14:28:27", "elapsed": 6587.683061, "delta": 5.747243}}
{"target": -44.290300672590774, "params": {"C": 176.1655497860301, "epsilon": 2.679302295718343, "gamma": 0.11644050641305452}, "datetime": {"datetime": "2021-09-28 14:28:42", "elapsed": 6602.454763, "delta": 14.771702}}
{"target": -39.20615117314353, "params": {"C": 176.48493156442507, "epsilon": 2.6630212074914428, "gamma": 0.04305042761369737}, "datetime": {"datetime": "2021-09-28 14:28:56", "elapsed": 6616.50184, "delta": 14.047077}}
{"target": -38.03732550336766, "params": {"C": 180.86017167544713, "epsilon": 1.2968467868268319, "gamma": 0.01717267970749394}, "datetime": {"datetime": "2021-09-28 14:29:02", "elapsed": 6622.06635, "delta": 5.56451}}
{"target": -38.1962939860393, "params": {"C": 211.96981093800065, "epsilon": 1.385945648912868, "gamma": 0.02090021560982904}, "datetime": {"datetime": "2021-09-28 14:29:30", "elapsed": 6650.405476, "delta": 28.339126}}
{"target": -36.81070784237417, "params": {"C": 214.78501354052673, "epsilon": 0.5271584240195355, "gamma": 0.0052658085937152144}, "datetime": {"datetime": "2021-09-28 14:29:48", "elapsed": 6668.327829, "delta": 17.922353}}
{"target": -45.688103798281674, "params": {"C": 241.73993718732237, "epsilon": 2.518831946204202, "gamma": 0.11229174142958082}, "datetime": {"datetime": "2021-09-28 14:29:55", "elapsed": 6674.903453, "delta": 6.575624}}
{"target": -47.182050933325506, "params": {"C": 214.8031014954429, "epsilon": 0.6139466729875455, "gamma": 0.13677867336506822}, "datetime": {"datetime": "2021-09-28 14:30:12", "elapsed": 6692.6712, "delta": 17.767747}}
{"target": -38.12728080647852, "params": {"C": 165.73987176629794, "epsilon": 1.9027512611916513, "gamma": 0.01835214213959528}, "datetime": {"datetime": "2021-09-28 14:30:39", "elapsed": 6719.443728, "delta": 26.772528}}
{"target": -39.864046307578775, "params": {"C": 165.6124809966032, "epsilon": 2.0081986415360276, "gamma": 0.05321380273663441}, "datetime": {"datetime": "2021-09-28 14:30:56", "elapsed": 6736.364232, "delta": 16.920504}}
{"target": -36.68089652102302, "params": {"C": 151.31548555015854, "epsilon": 2.1568859949598203, "gamma": 0.0032721517968207366}, "datetime": {"datetime": "2021-09-28 14:31:02", "elapsed": 6742.269699, "delta": 5.905467}}
{"target": -40.22468005974092, "params": {"C": 163.43785496371018, "epsilon": 0.8770427454741503, "gamma": 0.060799815652953754}, "datetime": {"datetime": "2021-09-28 14:31:24", "elapsed": 6764.137897, "delta": 21.868198}}
{"target": -42.924236862592515, "params": {"C": 179.242549194019, "epsilon": 1.1698612085849616, "gamma": 0.10048168470088302}, "datetime": {"datetime": "2021-09-28 14:31:31", "elapsed": 6770.92877, "delta": 6.790873}}
{"target": -38.998686346738666, "params": {"C": 176.45541214271196, "epsilon": 2.3631971843994575, "gamma": 0.037551946360064745}, "datetime": {"datetime": "2021-09-28 14:31:47", "elapsed": 6787.621118, "delta": 16.692348}}
{"target": -45.41232728008918, "params": {"C": 165.80020315796955, "epsilon": 1.792106617035534, "gamma": 0.1334877749135391}, "datetime": {"datetime": "2021-09-28 14:32:16", "elapsed": 6816.289684, "delta": 28.668566}}
{"target": -38.2642553924834, "params": {"C": 163.61017837651147, "epsilon": 0.4078278233242168, "gamma": 0.024410450404913832}, "datetime": {"datetime": "2021-09-28 14:32:32", "elapsed": 6832.705358, "delta": 16.415674}}
{"target": -39.37106476076111, "params": {"C": 211.7521404278588, "epsilon": 1.2563528914750657, "gamma": 0.03916237418714674}, "datetime": {"datetime": "2021-09-28 14:32:54", "elapsed": 6853.904454, "delta": 21.199096}}
{"target": -47.95632313068576, "params": {"C": 176.39022399007553, "epsilon": 2.448481017405677, "gamma": 0.16609742116316886}, "datetime": {"datetime": "2021-09-28 14:33:15", "elapsed": 6874.895463, "delta": 20.991009}}
{"target": -46.925581165722605, "params": {"C": 260.13874899913134, "epsilon": 0.8498696525448858, "gamma": 0.12050880337813887}, "datetime": {"datetime": "2021-09-28 14:33:22", "elapsed": 6882.603729, "delta": 7.708266}}
{"target": -36.93276159835598, "params": {"C": 281.7595316402055, "epsilon": 2.2179832941890782, "gamma": 0.004002357745266666}, "datetime": {"datetime": "2021-09-28 14:33:39", "elapsed": 6899.308285, "delta": 16.704556}}
{"target": -40.05090300410746, "params": {"C": 176.64105464294948, "epsilon": 2.2495060788473182, "gamma": 0.05619577406127203}, "datetime": {"datetime": "2021-09-28 14:34:02", "elapsed": 6922.767945, "delta": 23.45966}}
{"target": -36.68110797316021, "params": {"C": 163.28218384483986, "epsilon": 0.5588788342755137, "gamma": 0.004164298440368017}, "datetime": {"datetime": "2021-09-28 14:34:21", "elapsed": 6941.299573, "delta": 18.531628}}
{"target": -40.513039290799036, "params": {"C": 163.13656886324526, "epsilon": 0.6423302309464914, "gamma": 0.06958410857548128}, "datetime": {"datetime": "2021-09-28 14:34:39", "elapsed": 6959.294189, "delta": 17.994616}}
{"target": -37.314003775006285, "params": {"C": 161.05798362675716, "epsilon": 0.45325223459798003, "gamma": 0.010471981558163056}, "datetime": {"datetime": "2021-09-28 14:34:55", "elapsed": 6975.632101, "delta": 16.337912}}
{"target": -38.65733276492867, "params": {"C": 211.7021802972399, "epsilon": 1.4707067494455586, "gamma": 0.023454948687062376}, "datetime": {"datetime": "2021-09-28 14:35:21", "elapsed": 7001.432367, "delta": 25.800266}}
{"target": -43.28887354974604, "params": {"C": 154.3432208800369, "epsilon": 0.5116377697113293, "gamma": 0.11192898072966191}, "datetime": {"datetime": "2021-09-28 14:35:47", "elapsed": 7027.122816, "delta": 25.690449}}
{"target": -36.253477687674376, "params": {"C": 186.2830573792598, "epsilon": 1.0636744835233327, "gamma": 0.001}, "datetime": {"datetime": "2021-09-28 14:36:06", "elapsed": 7045.866608, "delta": 18.743792}}
{"target": -39.14438817886797, "params": {"C": 186.15924554002814, "epsilon": 0.9871130203463309, "gamma": 0.037803096052632254}, "datetime": {"datetime": "2021-09-28 14:36:28", "elapsed": 7067.993207, "delta": 22.126599}}
{"target": -47.692004853530676, "params": {"C": 186.27336951075023, "epsilon": 1.0871921139004708, "gamma": 0.15587882463907343}, "datetime": {"datetime": "2021-09-28 14:36:52", "elapsed": 7092.619227, "delta": 24.62602}}
{"target": -37.14905728014399, "params": {"C": 214.5434848014724, "epsilon": 0.5404239463997331, "gamma": 0.008476807107866063}, "datetime": {"datetime": "2021-09-28 14:37:10", "elapsed": 7110.363476, "delta": 17.744249}}
{"target": -43.43705951969305, "params": {"C": 214.44147273270187, "epsilon": 0.6305450687446511, "gamma": 0.09903580955014611}, "datetime": {"datetime": "2021-09-28 14:37:30", "elapsed": 7130.328333, "delta": 19.964857}}
{"target": -37.81487444225486, "params": {"C": 214.47537542524196, "epsilon": 0.4355861482466405, "gamma": 0.014580599330315382}, "datetime": {"datetime": "2021-09-28 14:37:59", "elapsed": 7159.580475, "delta": 29.252142}}
{"target": -39.202436047697624, "params": {"C": 152.23383446926044, "epsilon": 0.9723367249936116, "gamma": 0.04181673712202232}, "datetime": {"datetime": "2021-09-28 14:38:20", "elapsed": 7180.458981, "delta": 20.878506}}
{"target": -37.709867289333815, "params": {"C": 264.0694932522081, "epsilon": 2.5752605250740555, "gamma": 0.013064565336145757}, "datetime": {"datetime": "2021-09-28 14:38:37", "elapsed": 7197.564971, "delta": 17.10599}}
{"target": -36.653665154135865, "params": {"C": 154.9753891710636, "epsilon": 1.0481330548596612, "gamma": 0.0023341691741285845}, "datetime": {"datetime": "2021-09-28 14:38:56", "elapsed": 7216.237603, "delta": 18.672632}}
{"target": -48.80530834336928, "params": {"C": 264.005776480128, "epsilon": 2.6830890626762303, "gamma": 0.15066559596372794}, "datetime": {"datetime": "2021-09-28 14:39:17", "elapsed": 7236.93128, "delta": 20.693677}}
{"target": -36.31854318833554, "params": {"C": 163.6492106089695, "epsilon": 0.8721805174379093, "gamma": 0.0014309318036734111}, "datetime": {"datetime": "2021-09-28 14:39:44", "elapsed": 7264.546471, "delta": 27.615191}}
{"target": -40.09846887426192, "params": {"C": 264.1475476239541, "epsilon": 2.3189098564198036, "gamma": 0.04843627386222022}, "datetime": {"datetime": "2021-09-28 14:40:17", "elapsed": 7296.953354, "delta": 32.406883}}
{"target": -39.044615512662176, "params": {"C": 163.80804583458396, "epsilon": 1.0945030694477513, "gamma": 0.03818822152474004}, "datetime": {"datetime": "2021-09-28 14:40:33", "elapsed": 7313.593365, "delta": 16.640011}}
{"target": -36.257447004145625, "params": {"C": 163.6224918857175, "epsilon": 1.0215354459880757, "gamma": 0.001}, "datetime": {"datetime": "2021-09-28 14:41:01", "elapsed": 7341.291127, "delta": 27.697762}}
{"target": -38.70229656799778, "params": {"C": 214.64467914468082, "epsilon": 0.44743704175006516, "gamma": 0.024169217292261458}, "datetime": {"datetime": "2021-09-28 14:41:28", "elapsed": 7368.71411, "delta": 27.422983}}
{"target": -46.32743250686084, "params": {"C": 163.62450316936616, "epsilon": 1.1364838232360137, "gamma": 0.14719794695833316}, "datetime": {"datetime": "2021-09-28 14:42:00", "elapsed": 7400.718579, "delta": 32.004469}}
{"target": -47.04544241043773, "params": {"C": 387.1989804284008, "epsilon": 0.07875276925184611, "gamma": 0.09898427977037978}, "datetime": {"datetime": "2021-09-28 14:46:18", "elapsed": 0.0, "delta": 0.0}}
{"target": -41.87592209978832, "params": {"C": 387.0644785236554, "epsilon": 1.2616830384603794, "gamma": 0.05952723429859696}, "datetime": {"datetime": "2021-09-28 14:46:18", "elapsed": 0.108003, "delta": 0.108003}}
{"target": -41.037705194206, "params": {"C": 340.9297268075685, "epsilon": 1.8581936280856404, "gamma": 0.054007875794046714}, "datetime": {"datetime": "2021-09-28 14:46:18", "elapsed": 0.188001, "delta": 0.079998}}
{"target": -45.933012053917274, "params": {"C": 353.36545502057334, "epsilon": 1.8637803644751154, "gamma": 0.09529266276043934}, "datetime": {"datetime": "2021-09-28 14:46:18", "elapsed": 0.285002, "delta": 0.097001}}
{"target": -39.957680859848004, "params": {"C": 326.91598906898673, "epsilon": 1.5412207856759734, "gamma": 0.03328073182988006}, "datetime": {"datetime": "2021-09-28 14:46:18", "elapsed": 0.346, "delta": 0.060998}}
{"target": -46.97588428505647, "params": {"C": 426.38163610427137, "epsilon": 0.8136258549055587, "gamma": 0.09326010374794956}, "datetime": {"datetime": "2021-09-28 14:46:19", "elapsed": 0.57, "delta": 0.224}}
{"target": -47.71271595739517, "params": {"C": 384.1219656512952, "epsilon": 1.364295062537476, "gamma": 0.10392573235604964}, "datetime": {"datetime": "2021-09-28 14:46:19", "elapsed": 0.716001, "delta": 0.146001}}
{"target": -44.151955768651725, "params": {"C": 339.06903847063995, "epsilon": 1.8685206966833863, "gamma": 0.0847189541335987}, "datetime": {"datetime": "2021-09-28 14:46:19", "elapsed": 0.912001, "delta": 0.196}}
{"target": -52.16048263991423, "params": {"C": 463.4747616473677, "epsilon": 0.16607892240638816, "gamma": 0.15700473214555508}, "datetime": {"datetime": "2021-09-28 14:46:19", "elapsed": 1.214, "delta": 0.301999}}
{"target": -46.6477495962596, "params": {"C": 378.687173359649, "epsilon": 2.4787805722459497, "gamma": 0.09624945039748282}, "datetime": {"datetime": "2021-09-28 14:46:19", "elapsed": 1.373002, "delta": 0.159002}}
{"target": -51.03080213015072, "params": {"C": 395.9384957941379, "epsilon": 2.606448777112884, "gamma": 0.1563425692023906}, "datetime": {"datetime": "2021-09-28 14:46:20", "elapsed": 1.622496, "delta": 0.249494}}
{"target": -41.87891113898854, "params": {"C": 323.9987670989331, "epsilon": 1.2184558072790672, "gamma": 0.06742744882058391}, "datetime": {"datetime": "2021-09-28 14:46:20", "elapsed": 1.755496, "delta": 0.133}}
{"target": -50.05412353220354, "params": {"C": 327.73093898829717, "epsilon": 1.4221405015633612, "gamma": 0.15794820959961303}, "datetime": {"datetime": "2021-09-28 14:46:20", "elapsed": 1.88553, "delta": 0.130034}}
{"target": -37.13872485431715, "params": {"C": 397.2718707149083, "epsilon": 2.683484214350215, "gamma": 0.002264035087189634}, "datetime": {"datetime": "2021-09-28 14:46:20", "elapsed": 1.981527, "delta": 0.095997}}
{"target": -48.34306118412288, "params": {"C": 333.3069126819612, "epsilon": 1.0331012129809096, "gamma": 0.11974168464066053}, "datetime": {"datetime": "2021-09-28 14:46:20", "elapsed": 2.13453, "delta": 0.153003}}
{"target": -49.03581394176619, "params": {"C": 376.46656901509186, "epsilon": 0.3253068894190921, "gamma": 0.12310627713244966}, "datetime": {"datetime": "2021-09-28 14:46:20", "elapsed": 2.29253, "delta": 0.158}}
{"target": -40.630833094177724, "params": {"C": 380.894443294085, "epsilon": 1.9097195876615638, "gamma": 0.04398115765708433}, "datetime": {"datetime": "2021-09-28 14:46:21", "elapsed": 2.480533, "delta": 0.188003}}
{"target": -49.73007079217179, "params": {"C": 463.99111614056096, "epsilon": 1.4840572586598495, "gamma": 0.11999945472188045}, "datetime": {"datetime": "2021-09-28 14:46:21", "elapsed": 2.654531, "delta": 0.173998}}
{"target": -42.15898051462291, "params": {"C": 323.5117238908818, "epsilon": 1.3027315680376776, "gamma": 0.07053565220865}, "datetime": {"datetime": "2021-09-28 14:46:21", "elapsed": 2.799532, "delta": 0.145001}}
{"target": -38.47420799405511, "params": {"C": 335.91716992951706, "epsilon": 1.0456028732897633, "gamma": 0.017155079188284274}, "datetime": {"datetime": "2021-09-28 14:46:21", "elapsed": 2.930535, "delta": 0.131003}}
{"target": -46.12752618910846, "params": {"C": 397.3882040002327, "epsilon": 2.9110643288847573, "gamma": 0.09036376620569538}, "datetime": {"datetime": "2021-09-28 14:46:21", "elapsed": 3.201529, "delta": 0.270994}}
{"target": -37.70865777434789, "params": {"C": 325.11169385264, "epsilon": 1.9195860370103888, "gamma": 0.01208331386164886}, "datetime": {"datetime": "2021-09-28 14:46:21", "elapsed": 3.351533, "delta": 0.150004}}
{"target": -41.750210991396195, "params": {"C": 442.88440357835964, "epsilon": 0.655085242019186, "gamma": 0.05107892334587465}, "datetime": {"datetime": "2021-09-28 14:46:22", "elapsed": 3.545531, "delta": 0.193998}}
{"target": -37.528116334717346, "params": {"C": 309.4550021162348, "epsilon": 2.607794038672715, "gamma": 0.011303674086774346}, "datetime": {"datetime": "2021-09-28 14:46:22", "elapsed": 3.723529, "delta": 0.177998}}
{"target": -50.301739796680025, "params": {"C": 363.0720343947734, "epsilon": 1.2714453026856434, "gamma": 0.15140816431601603}, "datetime": {"datetime": "2021-09-28 14:46:22", "elapsed": 4.011082, "delta": 0.287553}}
{"target": -40.14661872939371, "params": {"C": 348.44780909762045, "epsilon": 1.4945800325573286, "gamma": 0.033978175972647046}, "datetime": {"datetime": "2021-09-28 14:46:22", "elapsed": 4.145087, "delta": 0.134005}}
{"target": -41.087582723424845, "params": {"C": 320.243008969053, "epsilon": 2.0896234248781353, "gamma": 0.05794078808176709}, "datetime": {"datetime": "2021-09-28 14:46:23", "elapsed": 4.542083, "delta": 0.396996}}
{"target": -47.49939835223078, "params": {"C": 361.54796852200303, "epsilon": 1.9535201485429579, "gamma": 0.10551065496007132}, "datetime": {"datetime": "2021-09-28 14:46:23", "elapsed": 5.093983, "delta": 0.5519}}
{"target": -40.22346308097262, "params": {"C": 350.4216643862591, "epsilon": 1.814212246318266, "gamma": 0.03625434250016145}, "datetime": {"datetime": "2021-09-28 14:46:24", "elapsed": 5.465985, "delta": 0.372002}}
{"target": -38.189158046495514, "params": {"C": 361.44734576446467, "epsilon": 2.6561723705121745, "gamma": 0.015363380915768552}, "datetime": {"datetime": "2021-09-28 14:46:24", "elapsed": 5.668986, "delta": 0.203001}}
{"target": -38.73234291428741, "params": {"C": 302.34596808872726, "epsilon": 2.7739297345118565, "gamma": 0.022196256028863638}, "datetime": {"datetime": "2021-09-28 14:46:24", "elapsed": 5.816986, "delta": 0.148}}
{"target": -47.36031013196508, "params": {"C": 320.6612984785369, "epsilon": 2.6948660554966293, "gamma": 0.11070519802890129}, "datetime": {"datetime": "2021-09-28 14:46:24", "elapsed": 6.009617, "delta": 0.192631}}
{"target": -37.016573693387116, "params": {"C": 433.10351440267846, "epsilon": 2.1327357943067535, "gamma": 0.002750804327380617}, "datetime": {"datetime": "2021-09-28 14:46:24", "elapsed": 6.204614, "delta": 0.194997}}
{"target": -41.224434539832785, "params": {"C": 473.5601615920382, "epsilon": 2.850673809321771, "gamma": 0.0461449287076139}, "datetime": {"datetime": "2021-09-28 14:46:25", "elapsed": 6.422314, "delta": 0.2177}}
{"target": -41.49182745493199, "params": {"C": 434.292106104206, "epsilon": 0.7850309877859607, "gamma": 0.04903089543012832}, "datetime": {"datetime": "2021-09-28 14:46:25", "elapsed": 6.639312, "delta": 0.216998}}
{"target": -52.3420795444649, "params": {"C": 448.86994588996106, "epsilon": 2.084708462547635, "gamma": 0.16930751990274615}, "datetime": {"datetime": "2021-09-28 14:46:25", "elapsed": 6.829313, "delta": 0.190001}}
{"target": -39.53564082853556, "params": {"C": 367.059992462923, "epsilon": 0.43812491821456806, "gamma": 0.02794360867451994}, "datetime": {"datetime": "2021-09-28 14:46:25", "elapsed": 7.158762, "delta": 0.329449}}
{"target": -48.48505545808022, "params": {"C": 341.0785430354027, "epsilon": 0.2814981325174104, "gamma": 0.12014446933951124}, "datetime": {"datetime": "2021-09-28 14:46:26", "elapsed": 7.694187, "delta": 0.535425}}
