{"target": -37.25262128292881, "params": {"C": 14.467989270419565, "epsilon": 1.8781659762811156, "gamma": 0.012508961971727774}, "datetime": {"datetime": "2021-09-28 12:12:08", "elapsed": 882.442199, "delta": 3.300413}}
{"target": -40.462117914276895, "params": {"C": 50.84371781513574, "epsilon": 2.8459436615543514, "gamma": 0.11963735145394021}, "datetime": {"datetime": "2021-09-28 12:12:10", "elapsed": 885.099565, "delta": 2.657366}}
{"target": -38.1890256035287, "params": {"C": 50.283527851044376, "epsilon": 0.2892665980725554, "gamma": 0.0023799140581879288}, "datetime": {"datetime": "2021-09-28 12:12:13", "elapsed": 887.925923, "delta": 2.826358}}
{"target": -38.715575866958766, "params": {"C": 40.7803139311391, "epsilon": 0.7809912655247029, "gamma": 0.04660841587095014}, "datetime": {"datetime": "2021-09-28 12:12:22", "elapsed": 896.20515, "delta": 8.279227}}
{"target": -38.400210193924536, "params": {"C": 17.56521185025039, "epsilon": 1.2351968455205182, "gamma": 0.07709001597096347}, "datetime": {"datetime": "2021-09-28 12:12:26", "elapsed": 900.473913, "delta": 4.268763}}
{"target": -40.55058156398796, "params": {"C": 7.566002240980643, "epsilon": 1.1137373979912775, "gamma": 0.11653169167784645}, "datetime": {"datetime": "2021-09-28 12:12:29", "elapsed": 903.344161, "delta": 2.870248}}
{"target": -36.95106917091759, "params": {"C": 19.611976501219285, "epsilon": 2.1709286737085587, "gamma": 0.01871802564697817}, "datetime": {"datetime": "2021-09-28 12:12:34", "elapsed": 908.406494, "delta": 5.062333}}
{"target": -38.87564063789584, "params": {"C": 27.585306623916495, "epsilon": 1.0531967453696915, "gamma": 0.07695856961641859}, "datetime": {"datetime": "2021-09-28 12:12:38", "elapsed": 912.622525, "delta": 4.216031}}
{"target": -40.095034130557124, "params": {"C": 13.253316979563435, "epsilon": 2.681884707782375, "gamma": 0.13266863215965502}, "datetime": {"datetime": "2021-09-28 12:12:41", "elapsed": 915.864244, "delta": 3.241719}}
{"target": -39.89354289643767, "params": {"C": 73.36368327605838, "epsilon": 2.568607081149842, "gamma": 0.001047795750808506}, "datetime": {"datetime": "2021-09-28 12:12:46", "elapsed": 920.947155, "delta": 5.082911}}
{"target": -41.190614288142655, "params": {"C": 83.7436946580119, "epsilon": 0.12988440988122754, "gamma": 0.15131245312299768}, "datetime": {"datetime": "2021-09-28 12:12:49", "elapsed": 923.955458, "delta": 3.008303}}
{"target": -37.92664094525425, "params": {"C": 19.64115340655946, "epsilon": 2.1363413192775815, "gamma": 0.04289512125338531}, "datetime": {"datetime": "2021-09-28 12:12:55", "elapsed": 930.021018, "delta": 6.06556}}
{"target": -41.88326073193411, "params": {"C": 78.79817338051845, "epsilon": 1.623484651003012, "gamma": 0.19468369409139927}, "datetime": {"datetime": "2021-09-28 12:12:58", "elapsed": 932.912213, "delta": 2.891195}}
{"target": -41.06907316423391, "params": {"C": 110.85772729436528, "epsilon": 0.8809419228546717, "gamma": 0.11970531888378547}, "datetime": {"datetime": "2021-09-28 12:13:01", "elapsed": 935.770476, "delta": 2.858263}}
{"target": -41.09556868668895, "params": {"C": 111.59443870702617, "epsilon": 0.15099065393201444, "gamma": 0.11807158859551156}, "datetime": {"datetime": "2021-09-28 12:13:04", "elapsed": 938.859725, "delta": 3.089249}}
{"target": -38.48321069947737, "params": {"C": 31.650859103189283, "epsilon": 1.7873069683939078, "gamma": 0.0470966295858105}, "datetime": {"datetime": "2021-09-28 12:13:09", "elapsed": 943.87345, "delta": 5.013725}}
{"target": -37.89198283336503, "params": {"C": 44.34130300094859, "epsilon": 2.4139891671116094, "gamma": 0.017897372803394877}, "datetime": {"datetime": "2021-09-28 12:13:17", "elapsed": 951.253777, "delta": 7.380327}}
{"target": -41.3401244295002, "params": {"C": 16.560937717160108, "epsilon": 2.2220330090822236, "gamma": 0.003608915068052303}, "datetime": {"datetime": "2021-09-28 12:13:21", "elapsed": 955.973747, "delta": 4.71997}}
{"target": -38.03090397906584, "params": {"C": 16.3943403192049, "epsilon": 2.2168858597998504, "gamma": 0.053395470592777744}, "datetime": {"datetime": "2021-09-28 12:13:27", "elapsed": 961.293138, "delta": 5.319391}}
{"target": -37.88016120233106, "params": {"C": 19.681657953784445, "epsilon": 2.150787894774122, "gamma": 0.007098973060007922}, "datetime": {"datetime": "2021-09-28 12:13:33", "elapsed": 967.505831, "delta": 6.212693}}
{"target": -37.643414416461226, "params": {"C": 19.336152606939123, "epsilon": 2.042179212779903, "gamma": 0.036343661118956615}, "datetime": {"datetime": "2021-09-28 12:13:39", "elapsed": 973.474661, "delta": 5.96883}}
{"target": -38.510188213306314, "params": {"C": 37.417725331307935, "epsilon": 0.8523687299332909, "gamma": 0.03903322735968647}, "datetime": {"datetime": "2021-09-28 12:13:44", "elapsed": 978.586878, "delta": 5.112217}}
{"target": -39.23640934751505, "params": {"C": 16.41518521057386, "epsilon": 2.338035756824095, "gamma": 0.10405388463738931}, "datetime": {"datetime": "2021-09-28 12:13:49", "elapsed": 984.05255, "delta": 5.465672}}
{"target": -39.713593902078664, "params": {"C": 47.448745279440075, "epsilon": 0.37617222285889984, "gamma": 0.08929307540979002}, "datetime": {"datetime": "2021-09-28 12:13:53", "elapsed": 987.222842, "delta": 3.170292}}
{"target": -38.708877520528425, "params": {"C": 73.45148006168299, "epsilon": 2.598491840447181, "gamma": 0.036841855895215325}, "datetime": {"datetime": "2021-09-28 12:13:56", "elapsed": 990.342558, "delta": 3.119716}}
{"target": -41.2529080609347, "params": {"C": 143.09659848155889, "epsilon": 0.10500366398522619, "gamma": 0.11456356775170042}, "datetime": {"datetime": "2021-09-28 12:13:59", "elapsed": 993.598858, "delta": 3.2563}}
{"target": -38.07035394404622, "params": {"C": 27.463338729632195, "epsilon": 1.2796355726631554, "gamma": 0.039828714610177805}, "datetime": {"datetime": "2021-09-28 12:14:03", "elapsed": 997.84865, "delta": 4.249792}}
{"target": -40.960370124493174, "params": {"C": 64.31102143200056, "epsilon": 1.6027926926438067, "gamma": 0.1348295547714899}, "datetime": {"datetime": "2021-09-28 12:14:08", "elapsed": 1002.550553, "delta": 4.701903}}
{"target": -38.02954994912318, "params": {"C": 17.524735019283376, "epsilon": 1.2172778478443436, "gamma": 0.05029213592683059}, "datetime": {"datetime": "2021-09-28 12:14:18", "elapsed": 1012.748828, "delta": 10.198275}}
{"target": -39.80559821963679, "params": {"C": 35.8382262499396, "epsilon": 0.726603318484185, "gamma": 0.10804712599385514}, "datetime": {"datetime": "2021-09-28 12:14:22", "elapsed": 1016.728722, "delta": 3.979894}}
{"target": -37.854296008461425, "params": {"C": 17.5305894813638, "epsilon": 1.1726113453103408, "gamma": 0.007462349303602733}, "datetime": {"datetime": "2021-09-28 12:14:29", "elapsed": 1023.657105, "delta": 6.928383}}
{"target": -45.58890209927036, "params": {"C": 2.1109345416116247, "epsilon": 1.1485779170032726, "gamma": 0.10766933364821507}, "datetime": {"datetime": "2021-09-28 12:14:33", "elapsed": 1027.530553, "delta": 3.873448}}
{"target": -44.838803213019666, "params": {"C": 27.91641652498415, "epsilon": 1.002234835885781, "gamma": 0.001}, "datetime": {"datetime": "2021-09-28 12:14:43", "elapsed": 1037.489846, "delta": 9.959293}}
{"target": -38.12432684394331, "params": {"C": 96.19800219499778, "epsilon": 0.8858202410522391, "gamma": 0.014548258008805773}, "datetime": {"datetime": "2021-09-28 12:14:46", "elapsed": 1040.992239, "delta": 3.502393}}
{"target": -38.960320809178214, "params": {"C": 74.17434496394141, "epsilon": 2.958407974924153, "gamma": 0.047138720552578915}, "datetime": {"datetime": "2021-09-28 12:14:49", "elapsed": 1044.088456, "delta": 3.096217}}
{"target": -40.99496257259897, "params": {"C": 128.45171414334527, "epsilon": 2.022581712492501, "gamma": 0.1084862383510076}, "datetime": {"datetime": "2021-09-28 12:14:53", "elapsed": 1047.370754, "delta": 3.282298}}
{"target": -37.593242271868036, "params": {"C": 19.695346844747068, "epsilon": 1.8865578363999642, "gamma": 0.03394103945103081}, "datetime": {"datetime": "2021-09-28 12:14:58", "elapsed": 1052.740304, "delta": 5.36955}}
{"target": -38.14727410158992, "params": {"C": 31.65565090599037, "epsilon": 1.8388177356592768, "gamma": 0.030393318035256956}, "datetime": {"datetime": "2021-09-28 12:15:03", "elapsed": 1057.633504, "delta": 4.8932}}
{"target": -37.34941696115591, "params": {"C": 37.329711502066246, "epsilon": 0.8170803999024282, "gamma": 0.014156815407185584}, "datetime": {"datetime": "2021-09-28 12:15:08", "elapsed": 1062.665488, "delta": 5.031984}}
{"target": -40.38992407043067, "params": {"C": 71.99337976369875, "epsilon": 0.9124891427736197, "gamma": 0.0997598738088873}, "datetime": {"datetime": "2021-09-28 12:15:11", "elapsed": 1065.625878, "delta": 2.96039}}
{"target": -38.440896140850704, "params": {"C": 19.525198103025268, "epsilon": 2.067862448619524, "gamma": 0.07264532569233366}, "datetime": {"datetime": "2021-09-28 12:15:18", "elapsed": 1072.693396, "delta": 7.067518}}
{"target": -38.46565995966064, "params": {"C": 27.84788930411305, "epsilon": 1.0280182193428389, "gamma": 0.06189629027756595}, "datetime": {"datetime": "2021-09-28 12:15:23", "elapsed": 1077.410105, "delta": 4.716709}}
{"target": -38.889257431877624, "params": {"C": 19.43843720795651, "epsilon": 2.290214104223984, "gamma": 0.09164872727324914}, "datetime": {"datetime": "2021-09-28 12:15:28", "elapsed": 1082.431134, "delta": 5.021029}}
{"target": -38.83813121449595, "params": {"C": 83.70180903782301, "epsilon": 1.086763553603405, "gamma": 0.029284977859472}, "datetime": {"datetime": "2021-09-28 12:15:31", "elapsed": 1085.689651, "delta": 3.258517}}
{"target": -39.32031759710047, "params": {"C": 116.48980929967848, "epsilon": 0.7573343689545265, "gamma": 0.0426380945917119}, "datetime": {"datetime": "2021-09-28 12:15:34", "elapsed": 1088.885237, "delta": 3.195586}}
{"target": -37.75082074566162, "params": {"C": 16.63612952401835, "epsilon": 2.2889291135725944, "gamma": 0.036155971941463784}, "datetime": {"datetime": "2021-09-28 12:15:42", "elapsed": 1096.470886, "delta": 7.585649}}
{"target": -38.38135722164823, "params": {"C": 19.59546978846555, "epsilon": 0.348041248637889, "gamma": 0.07905502932121172}, "datetime": {"datetime": "2021-09-28 12:15:45", "elapsed": 1099.455086, "delta": 2.9842}}
{"target": -38.0614259112752, "params": {"C": 19.52191859119441, "epsilon": 2.2376735605949234, "gamma": 0.049970854743298175}, "datetime": {"datetime": "2021-09-28 12:15:51", "elapsed": 1105.288228, "delta": 5.833142}}
{"target": -37.215989722776385, "params": {"C": 73.39799638779287, "epsilon": 2.648036707861735, "gamma": 0.008448934599310159}, "datetime": {"datetime": "2021-09-28 12:15:58", "elapsed": 1112.318758, "delta": 7.03053}}
{"target": -38.08217963532855, "params": {"C": 19.55507819088004, "epsilon": 2.1947237188327806, "gamma": 0.051835484295466874}, "datetime": {"datetime": "2021-09-28 12:16:05", "elapsed": 1120.192511, "delta": 7.873753}}
{"target": -38.29260368654596, "params": {"C": 27.84542398270864, "epsilon": 0.9711065031097383, "gamma": 0.050869383686542174}, "datetime": {"datetime": "2021-09-28 12:16:15", "elapsed": 1129.52163, "delta": 9.329119}}
{"target": -39.819907480233404, "params": {"C": 140.8441246734908, "epsilon": 1.3553529745201496, "gamma": 0.05458539626824726}, "datetime": {"datetime": "2021-09-28 12:16:18", "elapsed": 1132.68022, "delta": 3.15859}}
{"target": -41.34655624525784, "params": {"C": 60.82142689608371, "epsilon": 2.206619719552866, "gamma": 0.1666738760262194}, "datetime": {"datetime": "2021-09-28 12:16:21", "elapsed": 1136.200059, "delta": 3.519839}}
{"target": -39.45167910939442, "params": {"C": 85.99060353935384, "epsilon": 1.0550233455079263, "gamma": 0.05615922711332432}, "datetime": {"datetime": "2021-09-28 12:16:25", "elapsed": 1139.63543, "delta": 3.435371}}
{"target": -39.5020291745522, "params": {"C": 126.47174329788679, "epsilon": 2.468101221085262, "gamma": 0.05367968303402017}, "datetime": {"datetime": "2021-09-28 12:16:28", "elapsed": 1143.158113, "delta": 3.522683}}
{"target": -37.02040934163242, "params": {"C": 19.437675977067467, "epsilon": 2.129247623191963, "gamma": 0.016453049635975832}, "datetime": {"datetime": "2021-09-28 12:16:32", "elapsed": 1146.725826, "delta": 3.567713}}
{"target": -47.43649379945758, "params": {"C": 16.441072473870157, "epsilon": 2.115550855077371, "gamma": 0.001}, "datetime": {"datetime": "2021-09-28 12:16:38", "elapsed": 1152.681533, "delta": 5.955707}}
{"target": -40.32556826957291, "params": {"C": 61.12864329819755, "epsilon": 1.1144421459967981, "gamma": 0.10912362953784184}, "datetime": {"datetime": "2021-09-28 12:16:41", "elapsed": 1155.96374, "delta": 3.282207}}
{"target": -39.80161117056801, "params": {"C": 19.51154820872302, "epsilon": 2.2329059281052612, "gamma": 0.004172702247121001}, "datetime": {"datetime": "2021-09-28 12:16:48", "elapsed": 1163.150229, "delta": 7.186489}}
{"target": -41.59689897100995, "params": {"C": 137.16544556326548, "epsilon": 1.1689728977426561, "gamma": 0.12986517226952576}, "datetime": {"datetime": "2021-09-28 12:16:51", "elapsed": 1166.122692, "delta": 2.972463}}
{"target": -37.683904970268806, "params": {"C": 14.468195819387265, "epsilon": 1.7804961131360548, "gamma": 0.037769174444556436}, "datetime": {"datetime": "2021-09-28 12:16:58", "elapsed": 1172.486426, "delta": 6.363734}}
{"target": -36.921607856468036, "params": {"C": 94.22464314590896, "epsilon": 0.2519165502261302, "gamma": 0.005889276149546816}, "datetime": {"datetime": "2021-09-28 12:17:03", "elapsed": 1177.925753, "delta": 5.439327}}
{"target": -38.750789134947105, "params": {"C": 27.53410521065864, "epsilon": 1.2823989597564998, "gamma": 0.0726608139365846}, "datetime": {"datetime": "2021-09-28 12:17:10", "elapsed": 1184.59107, "delta": 6.665317}}
{"target": -42.203160272420696, "params": {"C": 131.59568713990308, "epsilon": 1.0887590055309346, "gamma": 0.15021528880881158}, "datetime": {"datetime": "2021-09-28 12:17:13", "elapsed": 1188.012646, "delta": 3.421576}}
{"target": -40.88798450243384, "params": {"C": 46.68180626727706, "epsilon": 2.451597838170474, "gamma": 0.15858448098109448}, "datetime": {"datetime": "2021-09-28 12:17:17", "elapsed": 1191.467224, "delta": 3.454578}}
{"target": -37.05680215019294, "params": {"C": 59.70305751156829, "epsilon": 2.417233223366464, "gamma": 0.007243307215498929}, "datetime": {"datetime": "2021-09-28 12:17:20", "elapsed": 1194.750235, "delta": 3.283011}}
{"target": -41.896147866879026, "params": {"C": 84.67680440363942, "epsilon": 0.5986158868386284, "gamma": 0.19265228148108793}, "datetime": {"datetime": "2021-09-28 12:17:24", "elapsed": 1198.2893, "delta": 3.539065}}
{"target": -44.9204136626643, "params": {"C": 19.334938505151193, "epsilon": 2.0717939743857303, "gamma": 0.0014395160897473485}, "datetime": {"datetime": "2021-09-28 12:17:29", "elapsed": 1203.4384, "delta": 5.1491}}
{"target": -38.16096801317861, "params": {"C": 44.175892707600035, "epsilon": 2.4959787368316153, "gamma": 0.024886724547055646}, "datetime": {"datetime": "2021-09-28 12:17:35", "elapsed": 1209.458391, "delta": 6.019991}}
{"target": -36.98729624544134, "params": {"C": 17.50754553852351, "epsilon": 1.3049818319954265, "gamma": 0.013182004926497879}, "datetime": {"datetime": "2021-09-28 12:17:41", "elapsed": 1215.267225, "delta": 5.808834}}
{"target": -40.24948712002654, "params": {"C": 69.11686544542725, "epsilon": 2.4948631666192083, "gamma": 0.09666438716188798}, "datetime": {"datetime": "2021-09-28 12:17:44", "elapsed": 1219.044165, "delta": 3.77694}}
{"target": -37.21616392223824, "params": {"C": 37.36506199839788, "epsilon": 0.8718213137161829, "gamma": 0.013354326961377831}, "datetime": {"datetime": "2021-09-28 12:17:50", "elapsed": 1224.541373, "delta": 5.497208}}
{"target": -37.11633950299681, "params": {"C": 16.503551773406723, "epsilon": 2.412625834931646, "gamma": 0.0189712783654121}, "datetime": {"datetime": "2021-09-28 12:17:56", "elapsed": 1230.341178, "delta": 5.799805}}
{"target": -37.496471908693586, "params": {"C": 27.671583246787353, "epsilon": 1.2769879751633764, "gamma": 0.022172437736709735}, "datetime": {"datetime": "2021-09-28 12:18:02", "elapsed": 1237.053171, "delta": 6.711993}}
{"target": -37.666780424785266, "params": {"C": 19.70367197597783, "epsilon": 1.9031381399530316, "gamma": 0.03782756107988516}, "datetime": {"datetime": "2021-09-28 12:18:10", "elapsed": 1244.67878, "delta": 7.625609}}
{"target": -38.36480604534103, "params": {"C": 40.802811884415895, "epsilon": 0.8221719926528726, "gamma": 0.03420871299276765}, "datetime": {"datetime": "2021-09-28 12:18:15", "elapsed": 1249.821227, "delta": 5.142447}}
{"target": -37.423957664067395, "params": {"C": 27.891888168932034, "epsilon": 1.0668809742123628, "gamma": 0.017540886690040842}, "datetime": {"datetime": "2021-09-28 12:18:23", "elapsed": 1257.259434, "delta": 7.438207}}
{"target": -45.21142352955872, "params": {"C": 16.35881807519963, "epsilon": 2.1137862768178297, "gamma": 0.0016147663877331985}, "datetime": {"datetime": "2021-09-28 12:18:32", "elapsed": 1266.872572, "delta": 9.613138}}
{"target": -38.46986657489598, "params": {"C": 27.477765782383937, "epsilon": 1.2229914666115569, "gamma": 0.0618263224064238}, "datetime": {"datetime": "2021-09-28 12:18:39", "elapsed": 1273.325705, "delta": 6.453133}}
{"target": -39.2735580535372, "params": {"C": 137.94526823538004, "epsilon": 1.0448536748417399, "gamma": 0.0378658201691869}, "datetime": {"datetime": "2021-09-28 12:18:42", "elapsed": 1277.051669, "delta": 3.725964}}
{"target": -37.799175448796184, "params": {"C": 19.467875114979968, "epsilon": 2.2612007589249696, "gamma": 0.040592478815587654}, "datetime": {"datetime": "2021-09-28 12:18:51", "elapsed": 1285.52584, "delta": 8.474171}}
{"target": -39.54932653362599, "params": {"C": 93.37666861350291, "epsilon": 0.3162328630001147, "gamma": 0.05917136214761925}, "datetime": {"datetime": "2021-09-28 12:18:55", "elapsed": 1289.437829, "delta": 3.911989}}
{"target": -41.643018039897065, "params": {"C": 94.99296526394534, "epsilon": 0.7299287472748301, "gamma": 0.1650710606318451}, "datetime": {"datetime": "2021-09-28 12:18:58", "elapsed": 1292.894748, "delta": 3.456919}}
{"target": -39.302180041818694, "params": {"C": 94.2092903017485, "epsilon": 0.2654806879319412, "gamma": 0.04227830019258319}, "datetime": {"datetime": "2021-09-28 12:19:04", "elapsed": 1298.905298, "delta": 6.01055}}
{"target": -41.418592811087024, "params": {"C": 133.51053438773792, "epsilon": 2.5869849531400413, "gamma": 0.12397707368751876}, "datetime": {"datetime": "2021-09-28 12:19:08", "elapsed": 1302.497083, "delta": 3.591785}}
{"target": -39.228010868870435, "params": {"C": 52.285904948347884, "epsilon": 2.5751319635171197, "gamma": 0.06295271099006214}, "datetime": {"datetime": "2021-09-28 12:19:11", "elapsed": 1306.151069, "delta": 3.653986}}
{"target": -39.8406659555799, "params": {"C": 46.10219434263296, "epsilon": 0.9749339102939508, "gamma": 0.1002122975461613}, "datetime": {"datetime": "2021-09-28 12:19:15", "elapsed": 1309.928729, "delta": 3.77766}}
{"target": -37.865719311895496, "params": {"C": 17.560372920897525, "epsilon": 1.2855961634088688, "gamma": 0.04532937226740332}, "datetime": {"datetime": "2021-09-28 12:19:21", "elapsed": 1315.936296, "delta": 6.007567}}
{"target": -39.07262008363959, "params": {"C": 83.188193115646, "epsilon": 0.8357631427113866, "gamma": 0.041012473527619726}, "datetime": {"datetime": "2021-09-28 12:19:25", "elapsed": 1319.518098, "delta": 3.581802}}
{"target": -38.236955642706086, "params": {"C": 37.359551607543594, "epsilon": 0.8379730283935993, "gamma": 0.03146874755754504}, "datetime": {"datetime": "2021-09-28 12:19:33", "elapsed": 1327.48092, "delta": 7.962822}}
{"target": -38.798936169739136, "params": {"C": 73.60003411329652, "epsilon": 2.6693142949528075, "gamma": 0.04100849422791879}, "datetime": {"datetime": "2021-09-28 12:19:39", "elapsed": 1333.474814, "delta": 5.993894}}
{"target": -37.84386819228529, "params": {"C": 16.626515121674196, "epsilon": 2.180851346296979, "gamma": 0.044838368299691594}, "datetime": {"datetime": "2021-09-28 12:19:49", "elapsed": 1343.372249, "delta": 9.897435}}
{"target": -38.64782879831837, "params": {"C": 19.576925722691406, "epsilon": 1.7626902775501097, "gamma": 0.005465333605931645}, "datetime": {"datetime": "2021-09-28 12:20:00", "elapsed": 1355.021873, "delta": 11.649624}}
{"target": -38.233819097515514, "params": {"C": 19.535579249441795, "epsilon": 1.8230798362802612, "gamma": 0.058674631941596625}, "datetime": {"datetime": "2021-09-28 12:20:07", "elapsed": 1361.379467, "delta": 6.357594}}
{"target": -39.58977734948176, "params": {"C": 19.070464474446965, "epsilon": 0.18265196832980496, "gamma": 0.12203530564402823}, "datetime": {"datetime": "2021-09-28 12:20:10", "elapsed": 1365.024662, "delta": 3.645195}}
{"target": -39.26519341730785, "params": {"C": 113.5553872065768, "epsilon": 1.4983273788554539, "gamma": 0.042656751986683346}, "datetime": {"datetime": "2021-09-28 12:20:14", "elapsed": 1368.454545, "delta": 3.429883}}
{"target": -37.18927656155599, "params": {"C": 19.309137854884128, "epsilon": 1.9917085907504644, "gamma": 0.02331668540238889}, "datetime": {"datetime": "2021-09-28 12:20:20", "elapsed": 1375.161959, "delta": 6.707414}}
{"target": -40.95925667540453, "params": {"C": 107.64622854191248, "epsilon": 2.837358652116905, "gamma": 0.10809316008742094}, "datetime": {"datetime": "2021-09-28 12:20:24", "elapsed": 1379.161234, "delta": 3.999275}}
{"target": -38.266459885417135, "params": {"C": 17.578020529716078, "epsilon": 1.2276111467261177, "gamma": 0.07083017650292647}, "datetime": {"datetime": "2021-09-28 12:20:28", "elapsed": 1382.962115, "delta": 3.800881}}
{"target": -37.28290850550045, "params": {"C": 19.589698601089903, "epsilon": 1.8683954168968944, "gamma": 0.025222568149179767}, "datetime": {"datetime": "2021-09-28 12:20:35", "elapsed": 1389.531425, "delta": 6.56931}}
