{"target": 0.3973081867629049, "params": {"C": 10.729958556818449, "epsilon": 0.72740800084963, "gamma": 0.1381143153335534}, "datetime": {"datetime": "2021-09-24 09:12:14", "elapsed": 22.090399, "delta": 0.255823}}
{"target": 0.36249320189947765, "params": {"C": 6.216633318117189, "epsilon": 0.3892319507411614, "gamma": 0.13393486615010863}, "datetime": {"datetime": "2021-09-24 09:12:15", "elapsed": 22.439361, "delta": 0.348962}}
{"target": 0.4135174075698492, "params": {"C": 21.282145334891997, "epsilon": 0.3939793266622994, "gamma": 0.10908963757663515}, "datetime": {"datetime": "2021-09-24 09:12:15", "elapsed": 22.776369, "delta": 0.337008}}
{"target": 0.36866340705624046, "params": {"C": 56.0544008130907, "epsilon": 0.40475245633392987, "gamma": 0.11713803549180712}, "datetime": {"datetime": "2021-09-24 09:12:15", "elapsed": 23.092037, "delta": 0.315668}}
{"target": 0.3946511361376417, "params": {"C": 29.830381906997857, "epsilon": 0.10495845868097278, "gamma": 0.12464608843577216}, "datetime": {"datetime": "2021-09-24 09:12:16", "elapsed": 23.44066, "delta": 0.348623}}
{"target": 0.36186476845817006, "params": {"C": 8.37210989746234, "epsilon": 0.150670808145242, "gamma": 0.006618331404490352}, "datetime": {"datetime": "2021-09-24 09:12:16", "elapsed": 23.869171, "delta": 0.428511}}
{"target": 0.4195182049895818, "params": {"C": 99.0223781140595, "epsilon": 0.7451536257471549, "gamma": 0.022037571727870884}, "datetime": {"datetime": "2021-09-24 09:12:17", "elapsed": 24.215616, "delta": 0.346445}}
{"target": 0.41520967109804596, "params": {"C": 14.506405457930317, "epsilon": 0.7533227878324346, "gamma": 0.11364181618320196}, "datetime": {"datetime": "2021-09-24 09:12:17", "elapsed": 24.665798, "delta": 0.450182}}
{"target": 0.408296720240764, "params": {"C": 8.300830566926544, "epsilon": 0.3181419039368381, "gamma": 0.10655102208274998}, "datetime": {"datetime": "2021-09-24 09:12:17", "elapsed": 25.083502, "delta": 0.417704}}
{"target": 0.40050594422898633, "params": {"C": 21.02307577516717, "epsilon": 0.7884247270099918, "gamma": 0.13585859350815074}, "datetime": {"datetime": "2021-09-24 09:12:18", "elapsed": 25.485185, "delta": 0.401683}}
{"target": 0.43149097542889236, "params": {"C": 21.402238430593183, "epsilon": 0.8098694715307291, "gamma": 0.013056033603010171}, "datetime": {"datetime": "2021-09-24 09:12:18", "elapsed": 25.870766, "delta": 0.385581}}
{"target": 0.29127272333767384, "params": {"C": 19.014411026638804, "epsilon": 0.4930577651182067, "gamma": 0.001608867514461991}, "datetime": {"datetime": "2021-09-24 09:12:19", "elapsed": 26.174798, "delta": 0.304032}}
{"target": 0.12012742436385826, "params": {"C": 8.603312623222507, "epsilon": 0.15076752352991077, "gamma": 0.001}, "datetime": {"datetime": "2021-09-24 09:12:19", "elapsed": 26.676873, "delta": 0.502075}}
{"target": 0.4181473088278691, "params": {"C": 21.57135952656282, "epsilon": 0.8405661922471369, "gamma": 0.09788263445854097}, "datetime": {"datetime": "2021-09-24 09:12:19", "elapsed": 27.092087, "delta": 0.415214}}
{"target": 0.4073256117616426, "params": {"C": 81.38195577007266, "epsilon": 0.49289180614552847, "gamma": 0.05712635645059508}, "datetime": {"datetime": "2021-09-24 09:12:20", "elapsed": 27.495093, "delta": 0.403006}}
{"target": 0.39673184726798716, "params": {"C": 8.427801430105662, "epsilon": 0.14792959885850454, "gamma": 0.11893532746325253}, "datetime": {"datetime": "2021-09-24 09:12:20", "elapsed": 27.918065, "delta": 0.422972}}
{"target": 0.44466446991455433, "params": {"C": 21.450210640952434, "epsilon": 0.6940390130751902, "gamma": 0.027527292095860988}, "datetime": {"datetime": "2021-09-24 09:12:21", "elapsed": 28.492675, "delta": 0.57461}}
{"target": 0.44507370910427224, "params": {"C": 21.418843247622668, "epsilon": 0.5720544581045665, "gamma": 0.02831671663499706}, "datetime": {"datetime": "2021-09-24 09:12:21", "elapsed": 28.901023, "delta": 0.408348}}
{"target": 0.4263436142462099, "params": {"C": 14.259042843487007, "epsilon": 0.696873533365767, "gamma": 0.08911972044624414}, "datetime": {"datetime": "2021-09-24 09:12:22", "elapsed": 29.267999, "delta": 0.366976}}
{"target": 0.4410550939214013, "params": {"C": 21.458559780617342, "epsilon": 0.47900541100717636, "gamma": 0.042495327665150455}, "datetime": {"datetime": "2021-09-24 09:12:22", "elapsed": 29.770072, "delta": 0.502073}}
{"target": 0.4444499076313134, "params": {"C": 21.550070434294103, "epsilon": 0.5483196134976058, "gamma": 0.029570669376961633}, "datetime": {"datetime": "2021-09-24 09:12:23", "elapsed": 30.202411, "delta": 0.432339}}
{"target": 0.4392293516079444, "params": {"C": 21.12636327248722, "epsilon": 0.8558713322903262, "gamma": 0.04803426883007393}, "datetime": {"datetime": "2021-09-24 09:12:23", "elapsed": 30.802586, "delta": 0.600175}}
{"target": 0.43288247824286996, "params": {"C": 96.88347390911257, "epsilon": 0.978682493000365, "gamma": 0.0034506967007805114}, "datetime": {"datetime": "2021-09-24 09:12:24", "elapsed": 31.229011, "delta": 0.426425}}
{"target": 0.42555881953116703, "params": {"C": 21.369486242272114, "epsilon": 0.4881374743040247, "gamma": 0.08206967370007423}, "datetime": {"datetime": "2021-09-24 09:12:24", "elapsed": 31.744354, "delta": 0.515343}}
{"target": 0.4277289804613057, "params": {"C": 9.210971478329713, "epsilon": 0.9598458464624114, "gamma": 0.08437262924595965}, "datetime": {"datetime": "2021-09-24 09:12:24", "elapsed": 32.057052, "delta": 0.312698}}
{"target": 0.43383681875746705, "params": {"C": 26.25340278742186, "epsilon": 0.6561016748221253, "gamma": 0.011893734874922374}, "datetime": {"datetime": "2021-09-24 09:12:25", "elapsed": 32.534511, "delta": 0.477459}}
{"target": 0.44496778117649083, "params": {"C": 21.63605748154593, "epsilon": 0.442608128344293, "gamma": 0.028901122007909785}, "datetime": {"datetime": "2021-09-24 09:12:25", "elapsed": 32.960481, "delta": 0.42597}}
{"target": 0.42585280222124544, "params": {"C": 18.887805496844503, "epsilon": 0.3401683122911093, "gamma": 0.012423676428028597}, "datetime": {"datetime": "2021-09-24 09:12:26", "elapsed": 33.299185, "delta": 0.338704}}
{"target": 0.4116422276151076, "params": {"C": 21.60072889883951, "epsilon": 0.3920076146073581, "gamma": 0.11207968043813896}, "datetime": {"datetime": "2021-09-24 09:12:26", "elapsed": 33.74558, "delta": 0.446395}}
{"target": 0.40576624533302375, "params": {"C": 14.229609336576308, "epsilon": 0.5230678375011668, "gamma": 0.007549097093683976}, "datetime": {"datetime": "2021-09-24 09:12:27", "elapsed": 34.249905, "delta": 0.504325}}
{"target": 0.4295615458269604, "params": {"C": 80.51211754529032, "epsilon": 0.43743512604705115, "gamma": 0.015039306770209246}, "datetime": {"datetime": "2021-09-24 09:12:27", "elapsed": 34.637972, "delta": 0.388067}}
{"target": 0.40191868161091904, "params": {"C": 83.25704143689869, "epsilon": 0.31701702822692834, "gamma": 0.06370338842180413}, "datetime": {"datetime": "2021-09-24 09:12:27", "elapsed": 35.051396, "delta": 0.413424}}
{"target": 0.29568687331694377, "params": {"C": 21.50699445871121, "epsilon": 0.3881210455423363, "gamma": 0.0014492668812454452}, "datetime": {"datetime": "2021-09-24 09:12:28", "elapsed": 35.703812, "delta": 0.652416}}
{"target": 0.3961937419297231, "params": {"C": 25.617888004834775, "epsilon": 0.8778858270226196, "gamma": 0.13711011457938935}, "datetime": {"datetime": "2021-09-24 09:12:29", "elapsed": 36.129773, "delta": 0.425961}}
{"target": 0.3290868644420315, "params": {"C": 79.9335168336488, "epsilon": 0.5761630677535713, "gamma": 0.14166090191223069}, "datetime": {"datetime": "2021-09-24 09:12:29", "elapsed": 36.502775, "delta": 0.373002}}
{"target": 0.43300047938433506, "params": {"C": 21.050010622064512, "epsilon": 0.7390753469987754, "gamma": 0.013749517322806153}, "datetime": {"datetime": "2021-09-24 09:12:29", "elapsed": 37.034854, "delta": 0.532079}}
{"target": 0.43447436063930656, "params": {"C": 21.727505109776537, "epsilon": 0.5010888457730466, "gamma": 0.014217681370080913}, "datetime": {"datetime": "2021-09-24 09:12:30", "elapsed": 37.463092, "delta": 0.428238}}
{"target": 0.40156353274713585, "params": {"C": 21.697447158832734, "epsilon": 0.45358987867671596, "gamma": 0.1314380569898092}, "datetime": {"datetime": "2021-09-24 09:12:30", "elapsed": 37.881329, "delta": 0.418237}}
{"target": 0.36846774206306787, "params": {"C": 64.71387917493453, "epsilon": 0.6232311515095345, "gamma": 0.10490687160450167}, "datetime": {"datetime": "2021-09-24 09:12:31", "elapsed": 38.34977, "delta": 0.468441}}
{"target": 0.44031274106023677, "params": {"C": 44.80578205165217, "epsilon": 0.901564439784334, "gamma": 0.014439605517309242}, "datetime": {"datetime": "2021-09-24 09:12:31", "elapsed": 38.730184, "delta": 0.380414}}
{"target": 0.3225972040854683, "params": {"C": 20.977229130801582, "epsilon": 0.946481444520223, "gamma": 0.0018052445036202008}, "datetime": {"datetime": "2021-09-24 09:12:32", "elapsed": 39.549974, "delta": 0.81979}}
{"target": 0.43180401878001573, "params": {"C": 26.105852732351977, "epsilon": 0.6373485483066179, "gamma": 0.06339386216270125}, "datetime": {"datetime": "2021-09-24 09:12:33", "elapsed": 40.349062, "delta": 0.799088}}
{"target": 0.4268319237520498, "params": {"C": 21.684767283474976, "epsilon": 0.5985477060774476, "gamma": 0.009098119634847877}, "datetime": {"datetime": "2021-09-24 09:12:33", "elapsed": 40.94211, "delta": 0.593048}}
{"target": 0.431165323649772, "params": {"C": 21.732849855726435, "epsilon": 0.7790586144094319, "gamma": 0.012753387024537197}, "datetime": {"datetime": "2021-09-24 09:12:34", "elapsed": 41.412644, "delta": 0.470534}}
{"target": 0.4270892925706784, "params": {"C": 12.233936078378052, "epsilon": 0.8076455999745303, "gamma": 0.08765014164325614}, "datetime": {"datetime": "2021-09-24 09:12:34", "elapsed": 41.819214, "delta": 0.40657}}
{"target": 0.18756909330156457, "params": {"C": 14.355700142374335, "epsilon": 0.6359768706173158, "gamma": 0.0010216864707988497}, "datetime": {"datetime": "2021-09-24 09:12:35", "elapsed": 42.221515, "delta": 0.402301}}
{"target": 0.39683257178261855, "params": {"C": 72.89358850281931, "epsilon": 0.5660441992038218, "gamma": 0.07207933661468244}, "datetime": {"datetime": "2021-09-24 09:12:35", "elapsed": 42.648899, "delta": 0.427384}}
{"target": 0.4239280984485476, "params": {"C": 12.244016057388826, "epsilon": 0.8175947558344286, "gamma": 0.0951440627452301}, "datetime": {"datetime": "2021-09-24 09:12:36", "elapsed": 43.135968, "delta": 0.487069}}
{"target": 0.4415359456919955, "params": {"C": 14.423115387088744, "epsilon": 0.7461435945201834, "gamma": 0.04971313359192165}, "datetime": {"datetime": "2021-09-24 09:12:36", "elapsed": 43.693798, "delta": 0.55783}}
{"target": 0.4183166033685689, "params": {"C": 43.344959814268776, "epsilon": 0.09917865655671718, "gamma": 0.06408214029705547}, "datetime": {"datetime": "2021-09-24 09:12:37", "elapsed": 44.110098, "delta": 0.4163}}
{"target": 0.4415850221502813, "params": {"C": 25.952465849785376, "epsilon": 0.5941401750627597, "gamma": 0.026577317981010106}, "datetime": {"datetime": "2021-09-24 09:12:37", "elapsed": 44.584264, "delta": 0.474166}}
{"target": 0.39303007634464837, "params": {"C": 54.87897485148052, "epsilon": 0.3135728059569613, "gamma": 0.08957633496435284}, "datetime": {"datetime": "2021-09-24 09:12:37", "elapsed": 44.996026, "delta": 0.411762}}
{"target": 0.4060747306451552, "params": {"C": 89.81981493319665, "epsilon": 0.7570145033759386, "gamma": 0.05389314015557859}, "datetime": {"datetime": "2021-09-24 09:12:38", "elapsed": 45.383506, "delta": 0.38748}}
{"target": 0.4204191340422565, "params": {"C": 41.264232644644665, "epsilon": 0.6893362076735602, "gamma": 0.06428885700293278}, "datetime": {"datetime": "2021-09-24 09:12:38", "elapsed": 45.836342, "delta": 0.452836}}
{"target": 0.4365174606625202, "params": {"C": 21.395311003894133, "epsilon": 0.8996721620717943, "gamma": 0.058546652102220174}, "datetime": {"datetime": "2021-09-24 09:12:39", "elapsed": 46.301371, "delta": 0.465029}}
{"target": 0.40564861454836965, "params": {"C": 14.32393048961406, "epsilon": 0.510915937309586, "gamma": 0.007486410547998121}, "datetime": {"datetime": "2021-09-24 09:12:39", "elapsed": 46.799549, "delta": 0.498178}}
{"target": 0.35914503942414133, "params": {"C": 53.28701537624803, "epsilon": 0.7731218216943305, "gamma": 0.13565820130755524}, "datetime": {"datetime": "2021-09-24 09:12:40", "elapsed": 47.292727, "delta": 0.493178}}
{"target": 0.44000202638933184, "params": {"C": 21.568428776032903, "epsilon": 0.5569772978505887, "gamma": 0.04339541741885024}, "datetime": {"datetime": "2021-09-24 09:12:40", "elapsed": 47.860323, "delta": 0.567596}}
{"target": 0.38119884225177314, "params": {"C": 33.67509061772199, "epsilon": 0.15319117200448434, "gamma": 0.1464361229383768}, "datetime": {"datetime": "2021-09-24 09:12:41", "elapsed": 48.30203, "delta": 0.441707}}
{"target": 0.43817319960407686, "params": {"C": 21.67252406531807, "epsilon": 0.8929566009244837, "gamma": 0.051836583203805124}, "datetime": {"datetime": "2021-09-24 09:12:41", "elapsed": 48.814026, "delta": 0.511996}}
{"target": 0.3634073593443038, "params": {"C": 70.2815218619521, "epsilon": 0.13029918297879084, "gamma": 0.10405181343115293}, "datetime": {"datetime": "2021-09-24 09:12:42", "elapsed": 49.304065, "delta": 0.490039}}
{"target": 0.4400104873294971, "params": {"C": 21.626979011882387, "epsilon": 0.42227560920080176, "gamma": 0.03908202607089727}, "datetime": {"datetime": "2021-09-24 09:12:42", "elapsed": 49.857467, "delta": 0.553402}}
{"target": 0.42779872883555425, "params": {"C": 47.06878373277274, "epsilon": 0.10475942313892601, "gamma": 0.021610195316128948}, "datetime": {"datetime": "2021-09-24 09:12:43", "elapsed": 50.339286, "delta": 0.481819}}
{"target": 0.43454445823462007, "params": {"C": 21.652263227952254, "epsilon": 0.7492347364045278, "gamma": 0.06597065257292702}, "datetime": {"datetime": "2021-09-24 09:12:43", "elapsed": 51.013163, "delta": 0.673877}}
{"target": 0.28907096733460336, "params": {"C": 1.7942033865142513, "epsilon": 0.1604056003523179, "gamma": 0.038107929688322266}, "datetime": {"datetime": "2021-09-24 09:12:44", "elapsed": 51.628165, "delta": 0.615002}}
{"target": 0.42704173282693103, "params": {"C": 38.88381010549266, "epsilon": 0.3936124493829793, "gamma": 0.05559692424226021}, "datetime": {"datetime": "2021-09-24 09:12:45", "elapsed": 52.148479, "delta": 0.520314}}
{"target": 0.4099228669962308, "params": {"C": 29.697226298853888, "epsilon": 0.41429946360134057, "gamma": 0.09504036622970932}, "datetime": {"datetime": "2021-09-24 09:12:45", "elapsed": 52.805347, "delta": 0.656868}}
{"target": 0.44041737348702503, "params": {"C": 21.47612490437262, "epsilon": 0.4893396747691244, "gamma": 0.040203119451717076}, "datetime": {"datetime": "2021-09-24 09:12:46", "elapsed": 53.446037, "delta": 0.64069}}
{"target": 0.44002575448564574, "params": {"C": 14.190964706890952, "epsilon": 0.6087864262404253, "gamma": 0.0572820032521253}, "datetime": {"datetime": "2021-09-24 09:12:47", "elapsed": 54.118402, "delta": 0.672365}}
{"target": 0.3594102836122217, "params": {"C": 72.15485799164193, "epsilon": 0.3670700983612025, "gamma": 0.10646134945310277}, "datetime": {"datetime": "2021-09-24 09:12:47", "elapsed": 54.662537, "delta": 0.544135}}
{"target": 0.4357916004994914, "params": {"C": 21.125209668137465, "epsilon": 0.8704127406926978, "gamma": 0.0650600785914195}, "datetime": {"datetime": "2021-09-24 09:12:48", "elapsed": 55.369766, "delta": 0.707229}}
{"target": 0.4387704896756467, "params": {"C": 21.465995544786107, "epsilon": 0.6959402513539619, "gamma": 0.0473656496282694}, "datetime": {"datetime": "2021-09-24 09:12:49", "elapsed": 56.190629, "delta": 0.820863}}
{"target": 0.3841873541736852, "params": {"C": 33.49410860829159, "epsilon": 0.015603841127306003, "gamma": 0.1383656221043807}, "datetime": {"datetime": "2021-09-24 09:12:49", "elapsed": 56.871631, "delta": 0.681002}}
{"target": 0.4370426920818917, "params": {"C": 14.343044368570256, "epsilon": 0.5333416248176635, "gamma": 0.023210904677404866}, "datetime": {"datetime": "2021-09-24 09:12:50", "elapsed": 57.561583, "delta": 0.689952}}
{"target": 0.3803281843151064, "params": {"C": 72.12141962678761, "epsilon": 0.37881605347743746, "gamma": 0.08537873834974363}, "datetime": {"datetime": "2021-09-24 09:12:50", "elapsed": 58.022032, "delta": 0.460449}}
{"target": 0.4318109043213819, "params": {"C": 42.866461394074705, "epsilon": 0.4118826044769649, "gamma": 0.030091325034220587}, "datetime": {"datetime": "2021-09-24 09:12:51", "elapsed": 58.597192, "delta": 0.57516}}
{"target": 0.3244700854360647, "params": {"C": 92.04707731161389, "epsilon": 0.633205857893519, "gamma": 0.1332863912223208}, "datetime": {"datetime": "2021-09-24 09:12:52", "elapsed": 59.255049, "delta": 0.657857}}
{"target": 0.18947497961960091, "params": {"C": 1.298291242750937, "epsilon": 0.8240267772576121, "gamma": 0.10709205928184848}, "datetime": {"datetime": "2021-09-24 09:12:52", "elapsed": 59.987049, "delta": 0.732}}
{"target": 0.332813733032694, "params": {"C": 74.1058611726533, "epsilon": 0.8129957026230066, "gamma": 0.14401401276776885}, "datetime": {"datetime": "2021-09-24 09:12:53", "elapsed": 60.69316, "delta": 0.706111}}
{"target": 0.4260343341554137, "params": {"C": 21.128234937729548, "epsilon": 0.8504752251708753, "gamma": 0.0804639098382772}, "datetime": {"datetime": "2021-09-24 09:12:54", "elapsed": 61.459779, "delta": 0.766619}}
{"target": 0.4395340843758826, "params": {"C": 13.551473191043435, "epsilon": 0.8230588788069884, "gamma": 0.06036150744846699}, "datetime": {"datetime": "2021-09-24 09:12:54", "elapsed": 62.055203, "delta": 0.595424}}
{"target": 0.4386517989121783, "params": {"C": 21.013373780759142, "epsilon": 0.8483643083155369, "gamma": 0.01939657294328602}, "datetime": {"datetime": "2021-09-24 09:12:55", "elapsed": 62.708039, "delta": 0.652836}}
{"target": 0.41289309117170225, "params": {"C": 81.30955178862493, "epsilon": 0.35789965077717856, "gamma": 0.046401959977271375}, "datetime": {"datetime": "2021-09-24 09:12:56", "elapsed": 63.39904, "delta": 0.691001}}
{"target": 0.3934864870812663, "params": {"C": 4.264555371218817, "epsilon": 0.41289270777610043, "gamma": 0.055230860023805006}, "datetime": {"datetime": "2021-09-24 09:12:56", "elapsed": 63.928674, "delta": 0.529634}}
{"target": 0.4419764048298621, "params": {"C": 21.13060028220965, "epsilon": 0.7310578652334541, "gamma": 0.033760840122100226}, "datetime": {"datetime": "2021-09-24 09:12:57", "elapsed": 64.790527, "delta": 0.861853}}
{"target": 0.43580728600941376, "params": {"C": 25.935008225142653, "epsilon": 0.6211010074326087, "gamma": 0.04363044628585154}, "datetime": {"datetime": "2021-09-24 09:12:58", "elapsed": 65.579693, "delta": 0.789166}}
{"target": 0.4268765597911307, "params": {"C": 14.188505381111892, "epsilon": 0.5920361746597885, "gamma": 0.08800761598976892}, "datetime": {"datetime": "2021-09-24 09:12:59", "elapsed": 66.193724, "delta": 0.614031}}
{"target": 0.4249461271064394, "params": {"C": 80.48297562854279, "epsilon": 0.4434894001824847, "gamma": 0.02137012137660352}, "datetime": {"datetime": "2021-09-24 09:12:59", "elapsed": 67.08057, "delta": 0.886846}}
{"target": 0.44098374747657754, "params": {"C": 21.140945418278868, "epsilon": 0.7491651459479294, "gamma": 0.043854268407090974}, "datetime": {"datetime": "2021-09-24 09:13:00", "elapsed": 67.702282, "delta": 0.621712}}
{"target": 0.4260752998845828, "params": {"C": 62.37822475205489, "epsilon": 0.27406461787338027, "gamma": 0.026564720011130954}, "datetime": {"datetime": "2021-09-24 09:13:01", "elapsed": 68.321734, "delta": 0.619452}}
{"target": 0.44117598028515115, "params": {"C": 14.321695729914133, "epsilon": 0.5247981296072576, "gamma": 0.05059413330639968}, "datetime": {"datetime": "2021-09-24 09:13:02", "elapsed": 69.11327, "delta": 0.791536}}
{"target": 0.42602901394610226, "params": {"C": 21.371287859502456, "epsilon": 0.8802387245613151, "gamma": 0.07983551318508897}, "datetime": {"datetime": "2021-09-24 09:13:02", "elapsed": 69.941102, "delta": 0.827832}}
{"target": 0.43237235467364243, "params": {"C": 8.280892500652643, "epsilon": 0.06658476605418497, "gamma": 0.0702403654963972}, "datetime": {"datetime": "2021-09-24 09:13:03", "elapsed": 70.616372, "delta": 0.67527}}
{"target": 0.43077693959260455, "params": {"C": 43.97104838411319, "epsilon": 0.19146503929960806, "gamma": 0.041605543324837846}, "datetime": {"datetime": "2021-09-24 09:13:04", "elapsed": 71.445985, "delta": 0.829613}}
{"target": 0.33052341277005404, "params": {"C": 79.13666132250313, "epsilon": 0.36830853551853326, "gamma": 0.14043137226462407}, "datetime": {"datetime": "2021-09-24 09:13:05", "elapsed": 72.252576, "delta": 0.806591}}
{"target": 0.37454266359121935, "params": {"C": 4.752155215982165, "epsilon": 0.6067032801963141, "gamma": 0.015748832570408915}, "datetime": {"datetime": "2021-09-24 09:13:05", "elapsed": 72.910973, "delta": 0.658397}}
{"target": 0.44147109618521296, "params": {"C": 14.417947234006537, "epsilon": 0.7873261118660759, "gamma": 0.048835894913435735}, "datetime": {"datetime": "2021-09-24 09:13:06", "elapsed": 73.755001, "delta": 0.844028}}
{"target": 0.4377698549940673, "params": {"C": 9.985192169661802, "epsilon": 0.615228887178433, "gamma": 0.029657558818952344}, "datetime": {"datetime": "2021-09-24 09:13:07", "elapsed": 74.440406, "delta": 0.685405}}
{"target": 0.44153253978174734, "params": {"C": 14.35235997978973, "epsilon": 0.5884971730725558, "gamma": 0.04463689613158102}, "datetime": {"datetime": "2021-09-24 09:13:08", "elapsed": 75.396106, "delta": 0.9557}}
{"target": 0.43074537298826987, "params": {"C": 50.349701458500405, "epsilon": 0.41760746038268054, "gamma": 0.022811197289715233}, "datetime": {"datetime": "2021-09-24 09:13:09", "elapsed": 76.127446, "delta": 0.73134}}
