{"target": -43.95671997923446, "params": {"C": 126.7622565289404, "epsilon": 1.106985948479332, "gamma": 0.03969383189694815}, "datetime": {"datetime": "2021-09-24 16:38:28", "elapsed": 672.842237, "delta": 5.31338}}
{"target": -44.14671297596858, "params": {"C": 108.96770899422579, "epsilon": 2.304672229886797, "gamma": 0.0467970397420571}, "datetime": {"datetime": "2021-09-24 16:38:31", "elapsed": 675.412721, "delta": 2.570484}}
{"target": -44.32862144146461, "params": {"C": 185.51419251992053, "epsilon": 1.2469589206430527, "gamma": 0.037745175816817016}, "datetime": {"datetime": "2021-09-24 16:38:33", "elapsed": 677.718918, "delta": 2.306197}}
{"target": -42.87681463323926, "params": {"C": 162.06301133642614, "epsilon": 1.117355950289153, "gamma": 0.009937037589309571}, "datetime": {"datetime": "2021-09-24 16:38:37", "elapsed": 681.923195, "delta": 4.204277}}
{"target": -43.25338660230091, "params": {"C": 189.6419328063154, "epsilon": 2.8958631005377042, "gamma": 0.02174543820537521}, "datetime": {"datetime": "2021-09-24 16:38:42", "elapsed": 686.301001, "delta": 4.377806}}
{"target": -44.57872816909909, "params": {"C": 107.90268100941965, "epsilon": 1.6948913897521798, "gamma": 0.056929107936799804}, "datetime": {"datetime": "2021-09-24 16:38:44", "elapsed": 688.886002, "delta": 2.585001}}
{"target": -42.76819067217626, "params": {"C": 199.03180794525883, "epsilon": 2.9811762971695237, "gamma": 0.009299103570088696}, "datetime": {"datetime": "2021-09-24 16:38:48", "elapsed": 692.855005, "delta": 3.969003}}
{"target": -42.89391512498862, "params": {"C": 147.18297130258694, "epsilon": 3.2394963762454174, "gamma": 0.009585236506097146}, "datetime": {"datetime": "2021-09-24 16:38:53", "elapsed": 697.259005, "delta": 4.404}}
{"target": -43.76879793714445, "params": {"C": 133.45215960747365, "epsilon": 3.796064133501426, "gamma": 0.038596882548034325}, "datetime": {"datetime": "2021-09-24 16:38:56", "elapsed": 700.529795, "delta": 3.27079}}
{"target": -43.145958448038186, "params": {"C": 133.07619318862038, "epsilon": 0.4115999981153867, "gamma": 0.0073675147994168855}, "datetime": {"datetime": "2021-09-24 16:38:59", "elapsed": 703.824101, "delta": 3.294306}}
{"target": -42.97720837276043, "params": {"C": 243.5994902142004, "epsilon": 0.1329271403567286, "gamma": 0.016895178106270437}, "datetime": {"datetime": "2021-09-24 16:43:51", "elapsed": 0.0, "delta": 0.0}}
{"target": -42.56500446343018, "params": {"C": 243.5322392618277, "epsilon": 1.6988601742873315, "gamma": 0.010512743291212736}, "datetime": {"datetime": "2021-09-24 16:43:51", "elapsed": 0.054, "delta": 0.054}}
{"target": -42.72396882152631, "params": {"C": 220.46486340378425, "epsilon": 2.488505736412135, "gamma": 0.009619951003928623}, "datetime": {"datetime": "2021-09-24 16:43:51", "elapsed": 0.188588, "delta": 0.134588}}
{"target": -43.04059296544808, "params": {"C": 226.68272751028667, "epsilon": 2.4959013160941006, "gamma": 0.016298034943461836}, "datetime": {"datetime": "2021-09-24 16:43:51", "elapsed": 0.261587, "delta": 0.072999}}
{"target": -43.07642066076225, "params": {"C": 213.45799453449337, "epsilon": 2.068905141425013, "gamma": 0.006267200090325234}, "datetime": {"datetime": "2021-09-24 16:43:51", "elapsed": 0.337592, "delta": 0.076005}}
{"target": -42.981770819383456, "params": {"C": 263.1908180521357, "epsilon": 1.1057334591447376, "gamma": 0.015969255247722802}, "datetime": {"datetime": "2021-09-24 16:43:52", "elapsed": 0.508592, "delta": 0.171}}
{"target": -43.179718784123004, "params": {"C": 242.0609828256476, "epsilon": 1.8346953645461086, "gamma": 0.017694490336637267}, "datetime": {"datetime": "2021-09-24 16:43:52", "elapsed": 0.657801, "delta": 0.149209}}
{"target": -43.67482101934418, "params": {"C": 243.48111296081746, "epsilon": 1.7326349559298448, "gamma": 0.021241300711679678}, "datetime": {"datetime": "2021-09-24 16:43:52", "elapsed": 0.817801, "delta": 0.16}}
{"target": -44.31593611751164, "params": {"C": 281.73738082368385, "epsilon": 0.24852728307881325, "gamma": 0.02628036523310535}, "datetime": {"datetime": "2021-09-24 16:43:52", "elapsed": 0.998894, "delta": 0.181093}}
{"target": -43.135126692806615, "params": {"C": 239.3435866798245, "epsilon": 3.310022964927116, "gamma": 0.016452801592922457}, "datetime": {"datetime": "2021-09-24 16:43:52", "elapsed": 1.166892, "delta": 0.167998}}
{"target": -43.937001218979916, "params": {"C": 247.96924789706895, "epsilon": 3.4790268906762756, "gamma": 0.026173256052193256}, "datetime": {"datetime": "2021-09-24 16:43:52", "elapsed": 1.338895, "delta": 0.172003}}
{"target": -42.570776657565325, "params": {"C": 211.99938354946656, "epsilon": 1.6416370639872948, "gamma": 0.011790654589655317}, "datetime": {"datetime": "2021-09-24 16:43:53", "elapsed": 1.656908, "delta": 0.318013}}
{"target": -43.854971110412905, "params": {"C": 213.86546949414858, "epsilon": 1.9112696869645032, "gamma": 0.026432978873533845}, "datetime": {"datetime": "2021-09-24 16:43:53", "elapsed": 1.932911, "delta": 0.276003}}
{"target": -43.332656126868265, "params": {"C": 248.63593535745414, "epsilon": 3.5810044451384972, "gamma": 0.001250046809545405}, "datetime": {"datetime": "2021-09-24 16:43:53", "elapsed": 2.189523, "delta": 0.256612}}
{"target": -43.254854353870215, "params": {"C": 216.6534563409806, "epsilon": 1.396269361631948, "gamma": 0.02025282391908405}, "datetime": {"datetime": "2021-09-24 16:43:54", "elapsed": 2.57749, "delta": 0.387967}}
{"target": -43.47396332423069, "params": {"C": 238.23328450754593, "epsilon": 0.45930922007128894, "gamma": 0.020797068730151667}, "datetime": {"datetime": "2021-09-24 16:43:54", "elapsed": 2.746306, "delta": 0.168816}}
{"target": -42.783353292155304, "params": {"C": 240.4472216470425, "epsilon": 2.5567144925029703, "gamma": 0.007998063856704579}, "datetime": {"datetime": "2021-09-24 16:43:54", "elapsed": 2.906305, "delta": 0.159999}}
{"target": -43.79142264976395, "params": {"C": 281.9955580702805, "epsilon": 1.9932335167988007, "gamma": 0.02029451991332252}, "datetime": {"datetime": "2021-09-24 16:43:54", "elapsed": 3.191028, "delta": 0.284723}}
{"target": -42.5980329097359, "params": {"C": 211.7558619454409, "epsilon": 1.7531991747614475, "gamma": 0.012293426788614312}, "datetime": {"datetime": "2021-09-24 16:43:54", "elapsed": 3.384027, "delta": 0.192999}}
{"target": -43.3279369070426, "params": {"C": 217.95858496475853, "epsilon": 1.4128187419007538, "gamma": 0.0036587704523572667}, "datetime": {"datetime": "2021-09-24 16:43:55", "elapsed": 3.552027, "delta": 0.168}}
{"target": -43.04952134624466, "params": {"C": 236.44313691388973, "epsilon": 2.391849422193985, "gamma": 0.006282845441521598}, "datetime": {"datetime": "2021-09-24 16:43:55", "elapsed": 3.710023, "delta": 0.157996}}
{"target": -43.424708431452935, "params": {"C": 212.55584692632, "epsilon": 2.5697754474595675, "gamma": 0.0028383792850137954}, "datetime": {"datetime": "2021-09-24 16:43:55", "elapsed": 3.848026, "delta": 0.138003}}
{"target": -42.605415647056866, "params": {"C": 271.4422017891798, "epsilon": 0.895861424080083, "gamma": 0.009146173815258209}, "datetime": {"datetime": "2021-09-24 16:43:55", "elapsed": 4.08611, "delta": 0.238084}}
{"target": -43.54275092227982, "params": {"C": 204.7275010581174, "epsilon": 3.4808077137481424, "gamma": 0.002712267459283677}, "datetime": {"datetime": "2021-09-24 16:43:55", "elapsed": 4.295221, "delta": 0.209111}}
{"target": -43.90901911707678, "params": {"C": 231.5360171973867, "epsilon": 1.711783211624543, "gamma": 0.025375083833218823}, "datetime": {"datetime": "2021-09-24 16:43:56", "elapsed": 4.499218, "delta": 0.203997}}
{"target": -43.061683814376075, "params": {"C": 224.22390454881022, "epsilon": 2.007163297516704, "gamma": 0.006380016235708887}, "datetime": {"datetime": "2021-09-24 16:43:56", "elapsed": 4.734894, "delta": 0.235676}}
{"target": -42.72693781870907, "params": {"C": 210.1215044845265, "epsilon": 2.7948666211291084, "gamma": 0.010256125253915631}, "datetime": {"datetime": "2021-09-24 16:43:56", "elapsed": 4.939893, "delta": 0.204999}}
{"target": -43.18626152285576, "params": {"C": 230.77398426100152, "epsilon": 2.6146965620925453, "gamma": 0.017950861919611313}, "datetime": {"datetime": "2021-09-24 16:43:56", "elapsed": 5.146483, "delta": 0.20659}}
{"target": -43.040527637866845, "params": {"C": 225.21083219312956, "epsilon": 2.430284300728081, "gamma": 0.0067482010381028235}, "datetime": {"datetime": "2021-09-24 16:43:56", "elapsed": 5.422482, "delta": 0.275999}}
{"target": -43.45154885603109, "params": {"C": 230.72367288223234, "epsilon": 3.5448497202178504, "gamma": 0.0033689515544683985}, "datetime": {"datetime": "2021-09-24 16:43:57", "elapsed": 5.597485, "delta": 0.175003}}
{"target": -43.13864143113915, "params": {"C": 201.17298404436363, "epsilon": 3.700733926646239, "gamma": 0.004474213732295341}, "datetime": {"datetime": "2021-09-24 16:43:57", "elapsed": 5.793482, "delta": 0.195997}}
{"target": -43.17361994547326, "params": {"C": 210.33064923926844, "epsilon": 3.596071437252957, "gamma": 0.018791113188666077}, "datetime": {"datetime": "2021-09-24 16:43:57", "elapsed": 6.060195, "delta": 0.266713}}
{"target": -43.53281564563292, "params": {"C": 266.5517572013392, "epsilon": 2.85193768035939, "gamma": 0.0013287849134339964}, "datetime": {"datetime": "2021-09-24 16:43:57", "elapsed": 6.326526, "delta": 0.266331}}
{"target": -42.71215586356675, "params": {"C": 286.7800807960191, "epsilon": 3.8023257829301205, "gamma": 0.008348067956595689}, "datetime": {"datetime": "2021-09-24 16:43:58", "elapsed": 6.549521, "delta": 0.222995}}
{"target": -42.645995858747156, "params": {"C": 267.146053052103, "epsilon": 1.0678803006036226, "gamma": 0.008814891923383734}, "datetime": {"datetime": "2021-09-24 16:43:58", "elapsed": 6.841189, "delta": 0.291668}}
{"target": -44.189327209428605, "params": {"C": 274.43497294498053, "epsilon": 2.788360318877663, "gamma": 0.028270421507336926}, "datetime": {"datetime": "2021-09-24 16:43:58", "elapsed": 7.060854, "delta": 0.219665}}
{"target": -43.18613758819786, "params": {"C": 233.5299962314615, "epsilon": 0.6086548600572975, "gamma": 0.005403885561025738}, "datetime": {"datetime": "2021-09-24 16:43:58", "elapsed": 7.285853, "delta": 0.224999}}
{"target": -43.23528308182487, "params": {"C": 220.53927151770134, "epsilon": 0.4013163007983058, "gamma": 0.02031797697487369}, "datetime": {"datetime": "2021-09-24 16:43:59", "elapsed": 7.471853, "delta": 0.186}}
{"target": -43.17247745232128, "params": {"C": 252.4576326366972, "epsilon": 2.709755154897812, "gamma": 0.01655586080354894}, "datetime": {"datetime": "2021-09-24 16:43:59", "elapsed": 7.90275, "delta": 0.430897}}
{"target": -42.524544306279275, "params": {"C": 278.7790084947152, "epsilon": 1.1807849996131063, "gamma": 0.010505971109376686}, "datetime": {"datetime": "2021-09-24 16:43:59", "elapsed": 8.30029, "delta": 0.39754}}
{"target": -42.63550570753919, "params": {"C": 265.5845370273073, "epsilon": 1.0519803385485251, "gamma": 0.01204867368575739}, "datetime": {"datetime": "2021-09-24 16:44:00", "elapsed": 8.592297, "delta": 0.292007}}
{"target": -43.723627574253065, "params": {"C": 230.60867376792874, "epsilon": 2.980820464777457, "gamma": 0.02338340309050676}, "datetime": {"datetime": "2021-09-24 16:44:00", "elapsed": 8.825611, "delta": 0.233314}}
{"target": -43.15980415038901, "params": {"C": 260.0278963606347, "epsilon": 2.717761294513102, "gamma": 0.016173677458077}, "datetime": {"datetime": "2021-09-24 16:44:00", "elapsed": 9.048859, "delta": 0.223248}}
{"target": -43.37781656761124, "params": {"C": 281.7668387306867, "epsilon": 0.7788760156217505, "gamma": 0.002905109088042798}, "datetime": {"datetime": "2021-09-24 16:44:00", "elapsed": 9.28186, "delta": 0.233001}}
{"target": -43.622852524545046, "params": {"C": 251.8172534439786, "epsilon": 0.23260312884933046, "gamma": 0.020931299473190463}, "datetime": {"datetime": "2021-09-24 16:44:01", "elapsed": 9.618858, "delta": 0.336998}}
{"target": -43.44039118220912, "params": {"C": 216.4987809259163, "epsilon": 1.2068753434309558, "gamma": 0.021709060561918535}, "datetime": {"datetime": "2021-09-24 16:44:01", "elapsed": 9.850861, "delta": 0.232003}}
{"target": -42.82158814682211, "params": {"C": 296.5527717511762, "epsilon": 2.539685750268252, "gamma": 0.006807591654345952}, "datetime": {"datetime": "2021-09-24 16:44:01", "elapsed": 10.101457, "delta": 0.250596}}
{"target": -42.86807009387814, "params": {"C": 280.4298719885653, "epsilon": 2.011461166438591, "gamma": 0.012831840853477222}, "datetime": {"datetime": "2021-09-24 16:44:01", "elapsed": 10.38329, "delta": 0.281833}}
{"target": -43.02795414266181, "params": {"C": 207.74655635692443, "epsilon": 1.0692718213381667, "gamma": 0.007949139393914081}, "datetime": {"datetime": "2021-09-24 16:44:02", "elapsed": 10.607293, "delta": 0.224003}}
{"target": -44.506889864270626, "params": {"C": 297.90217067214144, "epsilon": 0.9395478364351918, "gamma": 0.02995245279602305}, "datetime": {"datetime": "2021-09-24 16:44:02", "elapsed": 11.017456, "delta": 0.410163}}
{"target": -42.70406395336994, "params": {"C": 201.91792665031588, "epsilon": 2.7296109791112757, "gamma": 0.010700243636567944}, "datetime": {"datetime": "2021-09-24 16:44:02", "elapsed": 11.301188, "delta": 0.283732}}
{"target": -44.25209046582311, "params": {"C": 264.6921867353544, "epsilon": 0.3452170836306073, "gamma": 0.026693023531990278}, "datetime": {"datetime": "2021-09-24 16:44:03", "elapsed": 11.660188, "delta": 0.359}}
{"target": -43.90086854592102, "params": {"C": 288.56627482350007, "epsilon": 2.073681615219204, "gamma": 0.021425270579956118}, "datetime": {"datetime": "2021-09-24 16:44:03", "elapsed": 11.929189, "delta": 0.269001}}
{"target": -44.253561951828004, "params": {"C": 282.18986477391314, "epsilon": 3.816523813893534, "gamma": 0.02965913212380055}, "datetime": {"datetime": "2021-09-24 16:44:03", "elapsed": 12.282435, "delta": 0.353246}}
{"target": -44.03310157313069, "params": {"C": 251.60735181969616, "epsilon": 2.8548650358064105, "gamma": 0.02701998392300358}, "datetime": {"datetime": "2021-09-24 16:44:04", "elapsed": 12.714877, "delta": 0.432442}}
{"target": -43.87871636584089, "params": {"C": 299.89601908462464, "epsilon": 0.16739856314503762, "gamma": 0.0021002066463305415}, "datetime": {"datetime": "2021-09-24 16:44:04", "elapsed": 13.085876, "delta": 0.370999}}
{"target": -43.66531934444793, "params": {"C": 283.96193331516923, "epsilon": 2.8311205945853413, "gamma": 0.019307918088978845}, "datetime": {"datetime": "2021-09-24 16:44:05", "elapsed": 13.447455, "delta": 0.361579}}
{"target": -43.3898086720812, "params": {"C": 291.2436206674966, "epsilon": 0.5833134192305759, "gamma": 0.017633857121167378}, "datetime": {"datetime": "2021-09-24 16:44:05", "elapsed": 13.758458, "delta": 0.311003}}
{"target": -44.324214020404455, "params": {"C": 294.4979171226205, "epsilon": 0.5015208606158402, "gamma": 0.02602145361258025}, "datetime": {"datetime": "2021-09-24 16:44:05", "elapsed": 14.054269, "delta": 0.295811}}
{"target": -42.957734449867445, "params": {"C": 207.47976912884403, "epsilon": 0.2002773334365953, "gamma": 0.00727011328673611}, "datetime": {"datetime": "2021-09-24 16:44:05", "elapsed": 14.326708, "delta": 0.272439}}
{"target": -44.18420879202875, "params": {"C": 297.3199289369867, "epsilon": 0.598319451119715, "gamma": 0.024030018622200496}, "datetime": {"datetime": "2021-09-24 16:44:06", "elapsed": 14.701708, "delta": 0.375}}
{"target": -43.118202099234324, "params": {"C": 235.5337729215542, "epsilon": 3.995536186206168, "gamma": 0.015893869818895023}, "datetime": {"datetime": "2021-09-24 16:44:06", "elapsed": 14.973896, "delta": 0.272188}}
{"target": -42.98686596162844, "params": {"C": 247.19945651852768, "epsilon": 3.254908078263052, "gamma": 0.0056438660786261525}, "datetime": {"datetime": "2021-09-24 16:44:06", "elapsed": 15.251113, "delta": 0.277217}}
{"target": -42.84080281662401, "params": {"C": 288.80154441433393, "epsilon": 2.5624658506596076, "gamma": 0.012359092537047147}, "datetime": {"datetime": "2021-09-24 16:44:07", "elapsed": 15.667132, "delta": 0.416019}}
{"target": -43.088874888418054, "params": {"C": 228.89604929652018, "epsilon": 3.41158634231931, "gamma": 0.005396264334973913}, "datetime": {"datetime": "2021-09-24 16:44:07", "elapsed": 15.984117, "delta": 0.316985}}
{"target": -43.62575438498217, "params": {"C": 267.5127305377054, "epsilon": 0.3790848592569406, "gamma": 0.020018502843609225}, "datetime": {"datetime": "2021-09-24 16:44:07", "elapsed": 16.369689, "delta": 0.385572}}
{"target": -43.55322531712697, "params": {"C": 255.81688240969163, "epsilon": 2.621731701614366, "gamma": 0.01964300029289937}, "datetime": {"datetime": "2021-09-24 16:44:08", "elapsed": 16.667688, "delta": 0.297999}}
{"target": -42.704203536999685, "params": {"C": 252.68853272158904, "epsilon": 2.330334182825544, "gamma": 0.008723656015355017}, "datetime": {"datetime": "2021-09-24 16:44:08", "elapsed": 17.195105, "delta": 0.527417}}
{"target": -43.00201649367589, "params": {"C": 222.1815925872092, "epsilon": 0.39164533149159864, "gamma": 0.017699930618808122}, "datetime": {"datetime": "2021-09-24 16:44:09", "elapsed": 17.568108, "delta": 0.373003}}
{"target": -43.85705602633704, "params": {"C": 261.06310636240244, "epsilon": 2.6348114240186917, "gamma": 0.022836827504417553}, "datetime": {"datetime": "2021-09-24 16:44:09", "elapsed": 17.915446, "delta": 0.347338}}
{"target": -42.64096557243301, "params": {"C": 261.1966107382775, "epsilon": 1.108301868003764, "gamma": 0.012145923509304931}, "datetime": {"datetime": "2021-09-24 16:44:09", "elapsed": 18.249071, "delta": 0.333625}}
{"target": -43.209513191050696, "params": {"C": 208.99784896706745, "epsilon": 2.9825151901292624, "gamma": 0.01984433119140746}, "datetime": {"datetime": "2021-09-24 16:44:10", "elapsed": 18.631329, "delta": 0.382258}}
{"target": -42.82110897401254, "params": {"C": 264.9726083091979, "epsilon": 3.3117477230603796, "gamma": 0.007214314469309867}, "datetime": {"datetime": "2021-09-24 16:44:10", "elapsed": 18.964915, "delta": 0.333586}}
{"target": -43.82713299064216, "params": {"C": 235.22696703559043, "epsilon": 0.7514365714979677, "gamma": 0.024153491996566533}, "datetime": {"datetime": "2021-09-24 16:44:10", "elapsed": 19.333186, "delta": 0.368271}}
{"target": -43.48085501521166, "params": {"C": 277.60426041637953, "epsilon": 3.374020629325341, "gamma": 0.0031395855273079146}, "datetime": {"datetime": "2021-09-24 16:44:11", "elapsed": 19.755184, "delta": 0.421998}}
{"target": -42.605612866492905, "params": {"C": 276.70159705701315, "epsilon": 1.9029656032106392, "gamma": 0.00949156436005481}, "datetime": {"datetime": "2021-09-24 16:44:11", "elapsed": 20.102187, "delta": 0.347003}}
{"target": -43.37549636871659, "params": {"C": 222.62426637239457, "epsilon": 1.632182628702128, "gamma": 0.0030930934159650895}, "datetime": {"datetime": "2021-09-24 16:44:12", "elapsed": 20.578328, "delta": 0.476141}}
{"target": -42.73186709272089, "params": {"C": 211.26070415034874, "epsilon": 1.4490557437450273, "gamma": 0.013746350376586591}, "datetime": {"datetime": "2021-09-24 16:44:12", "elapsed": 20.960805, "delta": 0.382477}}
{"target": -44.12464642622358, "params": {"C": 274.93734492774547, "epsilon": 3.5728665695379154, "gamma": 0.028538407818288675}, "datetime": {"datetime": "2021-09-24 16:44:12", "elapsed": 21.417561, "delta": 0.456756}}
{"target": -43.10980142650464, "params": {"C": 212.35378320470377, "epsilon": 1.766603351034669, "gamma": 0.0183978999629813}, "datetime": {"datetime": "2021-09-24 16:44:13", "elapsed": 21.73756, "delta": 0.319999}}
{"target": -42.59513153285805, "params": {"C": 207.65925951294247, "epsilon": 1.9279937562850016, "gamma": 0.011990555028212885}, "datetime": {"datetime": "2021-09-24 16:44:13", "elapsed": 22.345739, "delta": 0.608179}}
{"target": -43.94415250953833, "params": {"C": 231.49730176675513, "epsilon": 1.1498419235248358, "gamma": 0.0260581546368157}, "datetime": {"datetime": "2021-09-24 16:44:14", "elapsed": 22.92134, "delta": 0.575601}}
{"target": -44.09686521114682, "params": {"C": 248.1279683941506, "epsilon": 2.175967875681004, "gamma": 0.027053879111875054}, "datetime": {"datetime": "2021-09-24 16:44:14", "elapsed": 23.362335, "delta": 0.440995}}
{"target": -42.81763821073844, "params": {"C": 251.57824125144015, "epsilon": 0.580454491282299, "gamma": 0.014191428571503354}, "datetime": {"datetime": "2021-09-24 16:44:15", "elapsed": 23.880337, "delta": 0.518002}}
{"target": -43.07173296756053, "params": {"C": 296.30459337562417, "epsilon": 2.164958542617965, "gamma": 0.014951814016298911}, "datetime": {"datetime": "2021-09-24 16:44:15", "elapsed": 24.24589, "delta": 0.365553}}
{"target": -43.01461104286811, "params": {"C": 229.6942914785209, "epsilon": 2.9498420203583438, "gamma": 0.01463792099401612}, "datetime": {"datetime": "2021-09-24 16:44:16", "elapsed": 24.829269, "delta": 0.583379}}
{"target": -43.33686118403629, "params": {"C": 273.7043945932621, "epsilon": 1.4887787147757119, "gamma": 0.0176770148021302}, "datetime": {"datetime": "2021-09-24 16:44:16", "elapsed": 25.341135, "delta": 0.511866}}
{"target": -42.94703571703569, "params": {"C": 232.3292031283853, "epsilon": 0.708665002583836, "gamma": 0.016700023564007772}, "datetime": {"datetime": "2021-09-24 16:44:17", "elapsed": 25.771139, "delta": 0.430004}}
{"target": -43.166962912219205, "params": {"C": 210.32321899948138, "epsilon": 2.9263116893342054, "gamma": 0.005144840609188713}, "datetime": {"datetime": "2021-09-24 16:44:17", "elapsed": 26.198723, "delta": 0.427584}}
{"target": -44.2242492460267, "params": {"C": 294.5131998675033, "epsilon": 1.4005854661179438, "gamma": 0.025942728054694837}, "datetime": {"datetime": "2021-09-24 16:44:18", "elapsed": 26.783595, "delta": 0.584872}}
