{"target": -38.08943084231771, "params": {"C": 745.6349088694341, "epsilon": 2.203291737087378, "gamma": 0.009083551141552083}, "datetime": {"datetime": "2021-09-28 15:55:04", "elapsed": 264.865045, "delta": 1.097996}}
{"target": -37.23691364190061, "params": {"C": 755.7673070878352, "epsilon": 0.6475747550852883, "gamma": 0.00529513366034942}, "datetime": {"datetime": "2021-09-28 15:55:05", "elapsed": 266.058719, "delta": 1.193674}}
{"target": -37.92645762682, "params": {"C": 819.5936542810238, "epsilon": 0.13300659256873557, "gamma": 0.008702198639492991}, "datetime": {"datetime": "2021-09-28 15:55:06", "elapsed": 267.1802, "delta": 1.121481}}
{"target": -35.75789374709409, "params": {"C": 842.6138566121974, "epsilon": 1.7501664557832473, "gamma": 0.00022531558812573466}, "datetime": {"datetime": "2021-09-28 15:55:07", "elapsed": 268.493201, "delta": 1.313001}}
{"target": -37.16029903449027, "params": {"C": 823.3954986657882, "epsilon": 1.4562290341120838, "gamma": 0.004891618924516726}, "datetime": {"datetime": "2021-09-28 15:55:09", "elapsed": 269.927995, "delta": 1.434794}}
{"target": -36.971828845415075, "params": {"C": 887.1914175772845, "epsilon": 2.4514493358319474, "gamma": 0.004449193683192402}, "datetime": {"datetime": "2021-09-28 15:55:10", "elapsed": 271.187598, "delta": 1.259603}}
{"target": -36.734617155554275, "params": {"C": 758.4012735692211, "epsilon": 0.27882025990741016, "gamma": 0.0032765329482759295}, "datetime": {"datetime": "2021-09-28 15:55:11", "elapsed": 272.321606, "delta": 1.134008}}
{"target": -37.357279631967785, "params": {"C": 727.2724913720119, "epsilon": 1.1175155131717338, "gamma": 0.0056670914660259305}, "datetime": {"datetime": "2021-09-28 15:55:12", "elapsed": 273.556006, "delta": 1.2344}}
{"target": -36.76846420932436, "params": {"C": 799.1052202282092, "epsilon": 2.6118422114505138, "gamma": 0.0006683017170182175}, "datetime": {"datetime": "2021-09-28 15:55:14", "elapsed": 274.820001, "delta": 1.263995}}
{"target": -37.212006036132564, "params": {"C": 702.5695994825386, "epsilon": 2.6174619387033147, "gamma": 0.0015306048981580172}, "datetime": {"datetime": "2021-09-28 15:55:15", "elapsed": 276.041011, "delta": 1.22101}}
{"target": -38.17279084815583, "params": {"C": 774.805533746876, "epsilon": 1.0919671195609628, "gamma": 0.009390365038479615}, "datetime": {"datetime": "2021-09-28 15:55:16", "elapsed": 277.138305, "delta": 1.097294}}
{"target": -36.01562251841347, "params": {"C": 813.1449359510541, "epsilon": 0.5496807129030422, "gamma": 0.00047184755524492877}, "datetime": {"datetime": "2021-09-28 15:55:18", "elapsed": 278.824304, "delta": 1.685999}}
{"target": -37.60317448195796, "params": {"C": 753.5613271773079, "epsilon": 2.201379336748877, "gamma": 0.007541772527981839}, "datetime": {"datetime": "2021-09-28 15:55:20", "elapsed": 280.655155, "delta": 1.830851}}
{"target": -37.2424079393557, "params": {"C": 822.7799318430891, "epsilon": 1.308341877401609, "gamma": 0.004995256721859706}, "datetime": {"datetime": "2021-09-28 15:55:21", "elapsed": 281.895851, "delta": 1.240696}}
{"target": -37.70842854047689, "params": {"C": 828.6347129028276, "epsilon": 0.8617205666071936, "gamma": 0.006941784479952123}, "datetime": {"datetime": "2021-09-28 15:55:22", "elapsed": 283.004851, "delta": 1.109}}
{"target": -36.003461923135035, "params": {"C": 885.725829281251, "epsilon": 0.8068337705605988, "gamma": 0.0004448346913489549}, "datetime": {"datetime": "2021-09-28 15:55:23", "elapsed": 284.209792, "delta": 1.204941}}
{"target": -36.65235533209694, "params": {"C": 784.1729753209037, "epsilon": 2.35419668624849, "gamma": 0.0034443350900430617}, "datetime": {"datetime": "2021-09-28 15:55:24", "elapsed": 285.406126, "delta": 1.196334}}
{"target": -37.673509348964615, "params": {"C": 777.2058409187503, "epsilon": 0.2369141050838246, "gamma": 0.006716724084861225}, "datetime": {"datetime": "2021-09-28 15:55:25", "elapsed": 286.600744, "delta": 1.194618}}
{"target": -37.459069216004934, "params": {"C": 738.2412352445461, "epsilon": 1.7681007810555183, "gamma": 0.0060301920145856116}, "datetime": {"datetime": "2021-09-28 15:55:27", "elapsed": 287.890967, "delta": 1.290223}}
{"target": -37.6225499721419, "params": {"C": 701.8262293784502, "epsilon": 0.6924476056102004, "gamma": 0.007229222285574739}, "datetime": {"datetime": "2021-09-28 15:55:28", "elapsed": 289.068223, "delta": 1.177256}}
{"target": -37.44250589252781, "params": {"C": 844.0486141938799, "epsilon": 2.4539664545298794, "gamma": 0.005796256489982454}, "datetime": {"datetime": "2021-09-28 15:55:30", "elapsed": 290.794169, "delta": 1.725946}}
{"target": -36.61197176583623, "params": {"C": 771.5219102532186, "epsilon": 2.2741433871634102, "gamma": 0.0037200955912225567}, "datetime": {"datetime": "2021-09-28 15:55:31", "elapsed": 292.011795, "delta": 1.217626}}
{"target": -37.55035947860254, "params": {"C": 799.2799030215069, "epsilon": 1.8641271954194762, "gamma": 0.006494027983667943}, "datetime": {"datetime": "2021-09-28 15:55:32", "elapsed": 293.305058, "delta": 1.293263}}
{"target": -37.20348073407262, "params": {"C": 871.1049521885279, "epsilon": 1.2743699770640438, "gamma": 0.004758315647278805}, "datetime": {"datetime": "2021-09-28 15:55:33", "elapsed": 294.470094, "delta": 1.165036}}
{"target": -37.68429024608826, "params": {"C": 841.0301379779064, "epsilon": 2.7038478186721733, "gamma": 0.00725776199661505}, "datetime": {"datetime": "2021-09-28 15:55:36", "elapsed": 296.669637, "delta": 2.199543}}
{"target": -37.803903700360344, "params": {"C": 889.8550662066116, "epsilon": 1.5015118971030597, "gamma": 0.007264116114493258}, "datetime": {"datetime": "2021-09-28 15:55:37", "elapsed": 298.446924, "delta": 1.777287}}
{"target": -37.850795033829606, "params": {"C": 701.7747901226946, "epsilon": 2.513073695016454, "gamma": 0.00887822233755949}, "datetime": {"datetime": "2021-09-28 15:55:39", "elapsed": 300.134106, "delta": 1.687182}}
{"target": -37.32287432382203, "params": {"C": 856.030984438151, "epsilon": 1.0993344081654635, "gamma": 0.002205715482647451}, "datetime": {"datetime": "2021-09-28 15:55:41", "elapsed": 302.337534, "delta": 2.203428}}
{"target": -37.205025211563004, "params": {"C": 727.9812051823014, "epsilon": 1.5324282934753153, "gamma": 0.002582584258219115}, "datetime": {"datetime": "2021-09-28 15:55:42", "elapsed": 303.512206, "delta": 1.174672}}
{"target": -37.793475977480355, "params": {"C": 889.0050327632365, "epsilon": 0.1727131249654745, "gamma": 0.007245766019595913}, "datetime": {"datetime": "2021-09-28 15:55:44", "elapsed": 304.749205, "delta": 1.236999}}
{"target": -38.048809138984005, "params": {"C": 844.1340948760114, "epsilon": 0.11024162751998977, "gamma": 0.008958312241824912}, "datetime": {"datetime": "2021-09-28 15:55:45", "elapsed": 306.047999, "delta": 1.298794}}
{"target": -37.315153444723855, "params": {"C": 840.3141288260204, "epsilon": 1.6546092893287947, "gamma": 0.00508595789704219}, "datetime": {"datetime": "2021-09-28 15:55:46", "elapsed": 307.210222, "delta": 1.162223}}
{"target": -36.84535955417361, "params": {"C": 825.0193841979384, "epsilon": 2.133018621840998, "gamma": 0.0042396379159425806}, "datetime": {"datetime": "2021-09-28 15:55:48", "elapsed": 308.910221, "delta": 1.699999}}
{"target": -36.95539963873538, "params": {"C": 857.2308215538214, "epsilon": 2.337043814668872, "gamma": 0.004493456428408023}, "datetime": {"datetime": "2021-09-28 15:55:49", "elapsed": 310.12552, "delta": 1.215299}}
{"target": -37.7275909149981, "params": {"C": 857.7503668503979, "epsilon": 0.47657289943850306, "gamma": 0.006323742615442237}, "datetime": {"datetime": "2021-09-28 15:55:50", "elapsed": 311.489959, "delta": 1.364439}}
{"target": -36.7322335783965, "params": {"C": 876.7421353885185, "epsilon": 1.6704366725727229, "gamma": 0.0032726411157716767}, "datetime": {"datetime": "2021-09-28 15:55:52", "elapsed": 312.737966, "delta": 1.248007}}
{"target": -36.687554936692365, "params": {"C": 870.4333238209531, "epsilon": 1.9362094808581793, "gamma": 0.003528515135171021}, "datetime": {"datetime": "2021-09-28 15:55:53", "elapsed": 314.048503, "delta": 1.310537}}
{"target": -37.4539780694213, "params": {"C": 898.0518170699725, "epsilon": 0.6374871467961807, "gamma": 0.002004165535820181}, "datetime": {"datetime": "2021-09-28 15:55:55", "elapsed": 315.626979, "delta": 1.578476}}
{"target": -37.314491219165774, "params": {"C": 882.7823370777027, "epsilon": 1.1457214552057189, "gamma": 0.0011552979987065448}, "datetime": {"datetime": "2021-09-28 15:55:56", "elapsed": 317.489211, "delta": 1.862232}}
{"target": -36.57357142295066, "params": {"C": 734.331918671958, "epsilon": 2.99480505766839, "gamma": 0.003739252042411632}, "datetime": {"datetime": "2021-09-28 15:55:58", "elapsed": 318.737177, "delta": 1.247966}}
{"target": -37.59790739046039, "params": {"C": 711.2005477461164, "epsilon": 0.4434944723951803, "gamma": 0.00687905629281997}, "datetime": {"datetime": "2021-09-28 15:55:59", "elapsed": 320.523574, "delta": 1.786397}}
{"target": -37.606090902551905, "params": {"C": 853.3902449826389, "epsilon": 2.442878926232843, "gamma": 0.006779027722156746}, "datetime": {"datetime": "2021-09-28 15:56:01", "elapsed": 322.194185, "delta": 1.670611}}
{"target": -38.265073474819566, "params": {"C": 815.3393022489847, "epsilon": 1.012095042015887, "gamma": 0.009497809389365914}, "datetime": {"datetime": "2021-09-28 15:56:03", "elapsed": 324.139046, "delta": 1.944861}}
{"target": -37.623754959730135, "params": {"C": 738.2161805893277, "epsilon": 1.5303250548218306, "gamma": 0.007591285834713638}, "datetime": {"datetime": "2021-09-28 15:56:05", "elapsed": 325.980406, "delta": 1.84136}}
{"target": -37.35821287018709, "params": {"C": 742.1376411998682, "epsilon": 2.312221460734765, "gamma": 0.0058506047138630925}, "datetime": {"datetime": "2021-09-28 15:56:06", "elapsed": 327.3146, "delta": 1.334194}}
{"target": -36.8725599622645, "params": {"C": 786.6275554392072, "epsilon": 2.579454880626741, "gamma": 0.0030406156812224465}, "datetime": {"datetime": "2021-09-28 15:56:08", "elapsed": 329.344451, "delta": 2.029851}}
{"target": -37.15348619731825, "params": {"C": 894.6114304541823, "epsilon": 1.4345567227212572, "gamma": 0.0009444881977052385}, "datetime": {"datetime": "2021-09-28 15:56:10", "elapsed": 330.709858, "delta": 1.365407}}
{"target": -36.85461825505084, "params": {"C": 795.8628237536667, "epsilon": 0.4931088359043243, "gamma": 0.004001987906815405}, "datetime": {"datetime": "2021-09-28 15:56:11", "elapsed": 332.029285, "delta": 1.319427}}
{"target": -37.85794576016697, "params": {"C": 706.6218258528208, "epsilon": 0.44637418585413297, "gamma": 0.009242606760675197}, "datetime": {"datetime": "2021-09-28 15:56:12", "elapsed": 333.350285, "delta": 1.321}}
{"target": -37.651431993461884, "params": {"C": 735.290082639032, "epsilon": 1.5589953949190376, "gamma": 0.00782901063412324}, "datetime": {"datetime": "2021-09-28 15:56:14", "elapsed": 335.202277, "delta": 1.851992}}
{"target": -37.26699560801812, "params": {"C": 802.5736557921606, "epsilon": 2.524895754212046, "gamma": 0.0026588967846097452}, "datetime": {"datetime": "2021-09-28 15:56:15", "elapsed": 336.525519, "delta": 1.323242}}
{"target": -36.402377182703624, "params": {"C": 872.8359477931594, "epsilon": 0.6639076748577395, "gamma": 0.0005489348733127568}, "datetime": {"datetime": "2021-09-28 15:56:17", "elapsed": 337.91185, "delta": 1.386331}}
{"target": -38.14246251869549, "params": {"C": 759.269806577572, "epsilon": 0.44325700350958713, "gamma": 0.009840387804416297}, "datetime": {"datetime": "2021-09-28 15:56:19", "elapsed": 339.748293, "delta": 1.836443}}
{"target": -35.79377134555718, "params": {"C": 806.8002831865581, "epsilon": 0.49801503556206894, "gamma": 0.0002057696445106061}, "datetime": {"datetime": "2021-09-28 15:56:20", "elapsed": 341.386233, "delta": 1.63794}}
{"target": -37.503333204850506, "params": {"C": 701.2684321356838, "epsilon": 1.3722073173808933, "gamma": 0.0064628301764141395}, "datetime": {"datetime": "2021-09-28 15:56:22", "elapsed": 343.293191, "delta": 1.906958}}
{"target": -37.70950618852242, "params": {"C": 778.1528115755694, "epsilon": 0.3875302344513384, "gamma": 0.007669796397861255}, "datetime": {"datetime": "2021-09-28 15:56:24", "elapsed": 345.130783, "delta": 1.837592}}
{"target": -37.72432428634906, "params": {"C": 823.6441568454835, "epsilon": 0.0803632164710174, "gamma": 0.007149041344656114}, "datetime": {"datetime": "2021-09-28 15:56:25", "elapsed": 346.430392, "delta": 1.299609}}
{"target": -36.97542404068402, "params": {"C": 753.6760639277868, "epsilon": 2.5038595244139117, "gamma": 0.002987151840717178}, "datetime": {"datetime": "2021-09-28 15:56:27", "elapsed": 347.761672, "delta": 1.33128}}
{"target": -37.38069917966591, "params": {"C": 817.4323735811952, "epsilon": 2.9651516960266213, "gamma": 0.005834271047386615}, "datetime": {"datetime": "2021-09-28 15:56:28", "elapsed": 349.190673, "delta": 1.429001}}
{"target": -36.6221292147122, "params": {"C": 809.2923032888825, "epsilon": 2.306114769028757, "gamma": 0.0036026586644499503}, "datetime": {"datetime": "2021-09-28 15:56:29", "elapsed": 350.606272, "delta": 1.415599}}
{"target": -38.31920193052131, "params": {"C": 835.2539371731299, "epsilon": 0.1364434403559315, "gamma": 0.009902430302305702}, "datetime": {"datetime": "2021-09-28 15:56:31", "elapsed": 351.999038, "delta": 1.392766}}
{"target": -37.6880178348926, "params": {"C": 773.7793321844775, "epsilon": 0.9062932395482663, "gamma": 0.007430145112393199}, "datetime": {"datetime": "2021-09-28 15:56:32", "elapsed": 353.381205, "delta": 1.382167}}
{"target": -37.17492191504169, "params": {"C": 748.1810562975264, "epsilon": 2.6255320200146572, "gamma": 0.002783198967087917}, "datetime": {"datetime": "2021-09-28 15:56:34", "elapsed": 354.73721, "delta": 1.356005}}
{"target": -37.71452988686367, "params": {"C": 896.2088747371203, "epsilon": 0.6926548710416307, "gamma": 0.005895416930481779}, "datetime": {"datetime": "2021-09-28 15:56:35", "elapsed": 356.54117, "delta": 1.80396}}
{"target": -37.74669118747626, "params": {"C": 899.9325841682537, "epsilon": 1.2753986716069996, "gamma": 0.006581851808945947}, "datetime": {"datetime": "2021-09-28 15:56:38", "elapsed": 358.845092, "delta": 2.303922}}
{"target": -38.30908724275764, "params": {"C": 888.7555171759212, "epsilon": 1.5116741955901956, "gamma": 0.008757281607571292}, "datetime": {"datetime": "2021-09-28 15:56:39", "elapsed": 360.26782, "delta": 1.422728}}
{"target": -37.90286732741191, "params": {"C": 704.8274741835701, "epsilon": 1.3704145723210877, "gamma": 0.009115556876961663}, "datetime": {"datetime": "2021-09-28 15:56:41", "elapsed": 361.616797, "delta": 1.348977}}
{"target": -37.351803810564085, "params": {"C": 879.2110781468848, "epsilon": 0.7128116166542403, "gamma": 0.0022165189988063937}, "datetime": {"datetime": "2021-09-28 15:56:42", "elapsed": 363.096799, "delta": 1.480002}}
{"target": -37.440837570781525, "params": {"C": 798.7853080154051, "epsilon": 0.9837396266308037, "gamma": 0.001736363826495645}, "datetime": {"datetime": "2021-09-28 15:56:44", "elapsed": 365.116345, "delta": 2.019546}}
{"target": -36.895818981861595, "params": {"C": 897.7605545801633, "epsilon": 0.4650100145556312, "gamma": 0.003915571899434576}, "datetime": {"datetime": "2021-09-28 15:56:46", "elapsed": 367.100004, "delta": 1.983659}}
{"target": -37.13679173691682, "params": {"C": 744.4752614488348, "epsilon": 2.088925072899691, "gamma": 0.0028660564931105533}, "datetime": {"datetime": "2021-09-28 15:56:48", "elapsed": 369.050342, "delta": 1.950338}}
{"target": -38.22459250781422, "params": {"C": 858.2201802711759, "epsilon": 0.6699766282650204, "gamma": 0.0092024789964322}, "datetime": {"datetime": "2021-09-28 15:56:49", "elapsed": 370.558378, "delta": 1.508036}}
{"target": -36.83131772888081, "params": {"C": 892.8883203099709, "epsilon": 1.1781897887535222, "gamma": 0.0030089407973155004}, "datetime": {"datetime": "2021-09-28 15:56:51", "elapsed": 371.945187, "delta": 1.386809}}
{"target": -36.74701397970884, "params": {"C": 755.0441275056122, "epsilon": 2.9251717837037114, "gamma": 0.0006802603651760256}, "datetime": {"datetime": "2021-09-28 15:56:53", "elapsed": 374.043397, "delta": 2.09821}}
{"target": -37.54236913748314, "params": {"C": 866.1854265655751, "epsilon": 0.03373234200332057, "gamma": 0.0016676330246492394}, "datetime": {"datetime": "2021-09-28 15:56:54", "elapsed": 375.55658, "delta": 1.513183}}
{"target": -37.782235749601234, "params": {"C": 815.6900675511426, "epsilon": 1.6660598906548354, "gamma": 0.007794393621014319}, "datetime": {"datetime": "2021-09-28 15:56:56", "elapsed": 377.034795, "delta": 1.478215}}
{"target": -37.84464000379636, "params": {"C": 773.454591619772, "epsilon": 2.5214890308276208, "gamma": 0.008328340127980352}, "datetime": {"datetime": "2021-09-28 15:56:57", "elapsed": 378.557998, "delta": 1.523203}}
{"target": -36.73664785996226, "params": {"C": 824.8608640005435, "epsilon": 2.3689199620982953, "gamma": 0.003994093221088073}, "datetime": {"datetime": "2021-09-28 15:57:00", "elapsed": 380.741216, "delta": 2.183218}}
{"target": -38.31143940432419, "params": {"C": 722.769601929367, "epsilon": 2.091804692306545, "gamma": 0.009878269409080235}, "datetime": {"datetime": "2021-09-28 15:57:01", "elapsed": 382.182387, "delta": 1.441171}}
{"target": -37.318278190223566, "params": {"C": 754.8346208188395, "epsilon": 1.0570530704183478, "gamma": 0.002029696117566831}, "datetime": {"datetime": "2021-09-28 15:57:03", "elapsed": 384.291149, "delta": 2.108762}}
{"target": -37.773353615807004, "params": {"C": 825.9263720648435, "epsilon": 1.8616461024788116, "gamma": 0.0076924812891181}, "datetime": {"datetime": "2021-09-28 15:57:05", "elapsed": 386.458283, "delta": 2.167134}}
{"target": -37.293424528333645, "params": {"C": 807.8498440079769, "epsilon": 1.456948412238384, "gamma": 0.0016566031365789634}, "datetime": {"datetime": "2021-09-28 15:57:07", "elapsed": 388.035109, "delta": 1.576826}}
{"target": -37.665759744299606, "params": {"C": 893.6508044916164, "epsilon": 1.7853963302651317, "gamma": 0.006478186677820495}, "datetime": {"datetime": "2021-09-28 15:57:10", "elapsed": 390.736193, "delta": 2.701084}}
{"target": -37.28548636368549, "params": {"C": 879.8026295919885, "epsilon": 1.71809914708737, "gamma": 0.004906415957063711}, "datetime": {"datetime": "2021-09-28 15:57:11", "elapsed": 392.221906, "delta": 1.485713}}
{"target": -37.33676796248409, "params": {"C": 790.9864072612547, "epsilon": 1.6224274032777934, "gamma": 0.002032589004057117}, "datetime": {"datetime": "2021-09-28 15:57:13", "elapsed": 394.41365, "delta": 2.191744}}
{"target": -37.41895996330925, "params": {"C": 866.8701316303623, "epsilon": 2.1833215707649805, "gamma": 0.0018282977189558818}, "datetime": {"datetime": "2021-09-28 15:57:15", "elapsed": 395.9769, "delta": 1.56325}}
{"target": -37.33026094141193, "params": {"C": 784.310186417088, "epsilon": 1.5704776457189806, "gamma": 0.001935913214494345}, "datetime": {"datetime": "2021-09-28 15:57:17", "elapsed": 398.17318, "delta": 2.19628}}
{"target": -35.54624296313904, "params": {"C": 753.4197439678476, "epsilon": 0.7948857010115683, "gamma": 0.00037480315977816156}, "datetime": {"datetime": "2021-09-28 15:57:19", "elapsed": 399.668036, "delta": 1.494856}}
{"target": -36.96601551465369, "params": {"C": 759.0624224443966, "epsilon": 2.6146455706461293, "gamma": 0.004927031418889664}, "datetime": {"datetime": "2021-09-28 15:57:21", "elapsed": 402.014948, "delta": 2.346912}}
{"target": -37.30299422899396, "params": {"C": 732.5404219642287, "epsilon": 1.7940251153687548, "gamma": 0.002281280504344664}, "datetime": {"datetime": "2021-09-28 15:57:22", "elapsed": 403.591943, "delta": 1.576995}}
{"target": -38.41864929329561, "params": {"C": 834.381742964719, "epsilon": 2.1192484764361694, "gamma": 0.009285008903663601}, "datetime": {"datetime": "2021-09-28 15:57:25", "elapsed": 405.809789, "delta": 2.217846}}
{"target": -37.6327970051588, "params": {"C": 737.8523171264783, "epsilon": 0.016719968700534202, "gamma": 0.00673336772748358}, "datetime": {"datetime": "2021-09-28 15:57:26", "elapsed": 407.325792, "delta": 1.516003}}
{"target": -37.333597415540694, "params": {"C": 703.8338711191192, "epsilon": 0.2611911110256846, "gamma": 0.0022207568720783713}, "datetime": {"datetime": "2021-09-28 15:57:28", "elapsed": 409.338989, "delta": 2.013197}}
{"target": -37.89227400436709, "params": {"C": 766.748001456114, "epsilon": 2.4181446825664947, "gamma": 0.008488482686149854}, "datetime": {"datetime": "2021-09-28 15:57:30", "elapsed": 410.963028, "delta": 1.624039}}
{"target": -36.91338588638373, "params": {"C": 720.3163205370973, "epsilon": 0.1901698884048717, "gamma": 0.002884673389231867}, "datetime": {"datetime": "2021-09-28 15:57:31", "elapsed": 412.605189, "delta": 1.642161}}
{"target": -37.744077018190175, "params": {"C": 725.3647840821285, "epsilon": 1.0688082559509406, "gamma": 0.008205534580349245}, "datetime": {"datetime": "2021-09-28 15:57:33", "elapsed": 414.222602, "delta": 1.617413}}
{"target": -36.85657990264042, "params": {"C": 758.3144893147605, "epsilon": 0.32729317032809213, "gamma": 0.0043541489441152525}, "datetime": {"datetime": "2021-09-28 15:57:36", "elapsed": 416.742534, "delta": 2.519932}}
{"target": -38.40603100581788, "params": {"C": 852.4291529378997, "epsilon": 2.9098551473179395, "gamma": 0.00936933430327249}, "datetime": {"datetime": "2021-09-28 15:57:39", "elapsed": 419.927052, "delta": 3.184518}}
{"target": -36.729385558840896, "params": {"C": 807.656241497977, "epsilon": 1.5897086797381346, "gamma": 0.003415106194780732}, "datetime": {"datetime": "2021-09-28 15:57:41", "elapsed": 421.672652, "delta": 1.7456}}
{"target": -37.37871470960282, "params": {"C": 782.1146272720422, "epsilon": 2.8889763626214657, "gamma": 0.006163648351851699}, "datetime": {"datetime": "2021-09-28 15:57:42", "elapsed": 423.379957, "delta": 1.707305}}
