{"target": 0.026736925331083627, "params": {"C": 18.980732818602334, "epsilon": 0.37048120601071133, "gamma": 0.0001}, "datetime": {"datetime": "2021-09-24 08:41:43", "elapsed": 115.928276, "delta": 1.386132}}
{"target": 0.35857330639364904, "params": {"C": 18.80561853692836, "epsilon": 0.6902533563892812, "gamma": 0.2258841247484739}, "datetime": {"datetime": "2021-09-24 08:41:44", "elapsed": 117.135685, "delta": 1.207409}}
{"target": 0.34286161229891754, "params": {"C": 33.51036782712777, "epsilon": 0.30153210217995396, "gamma": 0.26988627280299676}, "datetime": {"datetime": "2021-09-24 08:41:45", "elapsed": 117.812475, "delta": 0.67679}}
{"target": 0.3463102839652419, "params": {"C": 19.156127350877558, "epsilon": 0.12254309294042867, "gamma": 0.25096127792237893}, "datetime": {"datetime": "2021-09-24 08:41:46", "elapsed": 119.132864, "delta": 1.320389}}
{"target": 0.43257867548935824, "params": {"C": 33.730852741377845, "epsilon": 0.363543810315621, "gamma": 0.033731212036665584}, "datetime": {"datetime": "2021-09-24 08:41:47", "elapsed": 120.26933, "delta": 1.136466}}
{"target": 0.3799920396190699, "params": {"C": 31.903561362894308, "epsilon": 0.8035606377887824, "gamma": 0.15223941240460379}, "datetime": {"datetime": "2021-09-24 08:41:48", "elapsed": 121.145899, "delta": 0.876569}}
{"target": 0.4232890568867691, "params": {"C": 19.11957717002801, "epsilon": 0.024992985380326942, "gamma": 0.0920400181204711}, "datetime": {"datetime": "2021-09-24 08:41:49", "elapsed": 122.418615, "delta": 1.272716}}
{"target": 0.36189563201425745, "params": {"C": 60.241359663187964, "epsilon": 0.10933456948644633, "gamma": 0.11936854443459363}, "datetime": {"datetime": "2021-09-24 08:41:50", "elapsed": 123.142813, "delta": 0.724198}}
{"target": 0.41036019111397115, "params": {"C": 27.118148368492275, "epsilon": 0.2802515083248926, "gamma": 0.004109556550897789}, "datetime": {"datetime": "2021-09-24 08:41:51", "elapsed": 124.452428, "delta": 1.309615}}
{"target": 0.42533418027541636, "params": {"C": 33.92739186034554, "epsilon": 0.37828281053146734, "gamma": 0.06551298464227684}, "datetime": {"datetime": "2021-09-24 08:41:53", "elapsed": 125.943195, "delta": 1.490767}}
{"target": 0.324016845687524, "params": {"C": 19.126045794369468, "epsilon": 0.559295547768448, "gamma": 0.2944419633078892}, "datetime": {"datetime": "2021-09-24 08:41:54", "elapsed": 127.395411, "delta": 1.452216}}
{"target": 0.36474091733523883, "params": {"C": 33.78045248402054, "epsilon": 0.33396570945026877, "gamma": 0.18991653349326976}, "datetime": {"datetime": "2021-09-24 08:41:56", "elapsed": 129.279477, "delta": 1.884066}}
{"target": 0.35079100704607113, "params": {"C": 34.01367254478847, "epsilon": 0.4992812919436029, "gamma": 0.23721157915455932}, "datetime": {"datetime": "2021-09-24 08:41:58", "elapsed": 130.74794, "delta": 1.468463}}
{"target": 0.04087893027833989, "params": {"C": 28.08888814608993, "epsilon": 0.03361466544058585, "gamma": 0.0001}, "datetime": {"datetime": "2021-09-24 08:41:59", "elapsed": 132.178214, "delta": 1.430274}}
{"target": 0.1313178074006759, "params": {"C": 25.759141847787284, "epsilon": 0.23520879953582224, "gamma": 0.815401424790168}, "datetime": {"datetime": "2021-09-24 08:42:00", "elapsed": 132.859642, "delta": 0.681428}}
{"target": 0.4315651403773586, "params": {"C": 34.03648903349322, "epsilon": 0.18701895883809566, "gamma": 0.034722974421781856}, "datetime": {"datetime": "2021-09-24 08:42:01", "elapsed": 134.023647, "delta": 1.164005}}
{"target": 0.4437541843174373, "params": {"C": 27.887970788487195, "epsilon": 0.24646318314905305, "gamma": 0.02018931962465497}, "datetime": {"datetime": "2021-09-24 08:42:03", "elapsed": 135.730497, "delta": 1.70685}}
{"target": 0.4217442763265099, "params": {"C": 27.201957740447593, "epsilon": 0.7587942533230796, "gamma": 0.07927603291958965}, "datetime": {"datetime": "2021-09-24 08:42:03", "elapsed": 136.448008, "delta": 0.717511}}
{"target": 0.24697019728314606, "params": {"C": 62.866683809938564, "epsilon": 0.12948270399593123, "gamma": 0.6696388955549871}, "datetime": {"datetime": "2021-09-24 08:42:04", "elapsed": 137.192943, "delta": 0.744935}}
{"target": 0.44012905277107683, "params": {"C": 34.12925909158487, "epsilon": 0.3308350198878753, "gamma": 0.019204307797247973}, "datetime": {"datetime": "2021-09-24 08:42:05", "elapsed": 138.506549, "delta": 1.313606}}
{"target": 0.36375924082334077, "params": {"C": 34.115549914219635, "epsilon": 0.2546076742348917, "gamma": 0.19216385456228993}, "datetime": {"datetime": "2021-09-24 08:42:07", "elapsed": 139.940575, "delta": 1.434026}}
{"target": 0.43424273519693013, "params": {"C": 33.85996505847418, "epsilon": 0.19523218319484156, "gamma": 0.03152503628821744}, "datetime": {"datetime": "2021-09-24 08:42:09", "elapsed": 141.737493, "delta": 1.796918}}
{"target": 0.4417674628984699, "params": {"C": 19.239739130735387, "epsilon": 0.16340000373405225, "gamma": 0.04023037621084256}, "datetime": {"datetime": "2021-09-24 08:42:10", "elapsed": 143.352497, "delta": 1.615004}}
{"target": 0.4357516564627746, "params": {"C": 27.833922508359795, "epsilon": 0.07970731242688954, "gamma": 0.03734227930258343}, "datetime": {"datetime": "2021-09-24 08:42:12", "elapsed": 144.795882, "delta": 1.443385}}
{"target": 0.07031456621970156, "params": {"C": 14.364167919904201, "epsilon": 0.057219520958202465, "gamma": 0.902939892252488}, "datetime": {"datetime": "2021-09-24 08:42:12", "elapsed": 145.708901, "delta": 0.913019}}
{"target": 0.17012893312146649, "params": {"C": 7.939343267387619, "epsilon": 0.9748711637378643, "gamma": 0.4046464163188546}, "datetime": {"datetime": "2021-09-24 08:42:13", "elapsed": 146.580717, "delta": 0.871816}}
{"target": 0.19482964106346068, "params": {"C": 26.73631557168405, "epsilon": 0.21664958546738325, "gamma": 0.6148058469829291}, "datetime": {"datetime": "2021-09-24 08:42:14", "elapsed": 147.358101, "delta": 0.777384}}
{"target": 0.050630030183347996, "params": {"C": 34.0891981032818, "epsilon": 0.5303181367168529, "gamma": 0.0001}, "datetime": {"datetime": "2021-09-24 08:42:15", "elapsed": 148.646634, "delta": 1.288533}}
{"target": 0.4344761686655708, "params": {"C": 33.73207720892963, "epsilon": 0.01201556081725013, "gamma": 0.04549622159708614}, "datetime": {"datetime": "2021-09-24 08:42:17", "elapsed": 150.385877, "delta": 1.739243}}
{"target": 0.38454668931028546, "params": {"C": 6.040999431440344, "epsilon": 0.30271308474479575, "gamma": 0.1009349099296642}, "datetime": {"datetime": "2021-09-24 08:42:18", "elapsed": 151.308463, "delta": 0.922586}}
{"target": 0.437157489225245, "params": {"C": 33.38440216896287, "epsilon": 0.22407532260563487, "gamma": 0.023157416022751936}, "datetime": {"datetime": "2021-09-24 08:42:19", "elapsed": 152.677241, "delta": 1.368778}}
{"target": 0.43535476154769903, "params": {"C": 33.19904369923639, "epsilon": 0.21456345112036554, "gamma": 0.008458462848509752}, "datetime": {"datetime": "2021-09-24 08:42:22", "elapsed": 154.869443, "delta": 2.192202}}
{"target": 0.40946735333100215, "params": {"C": 19.14456194799142, "epsilon": 0.2952017788901239, "gamma": 0.11997377192721018}, "datetime": {"datetime": "2021-09-24 08:42:23", "elapsed": 155.849948, "delta": 0.980505}}
{"target": 0.04932861865525606, "params": {"C": 33.28306685828646, "epsilon": 0.39654226393800224, "gamma": 0.0001}, "datetime": {"datetime": "2021-09-24 08:42:24", "elapsed": 157.555544, "delta": 1.705596}}
{"target": 0.42093182649418825, "params": {"C": 33.30697039649534, "epsilon": 0.07291689335704439, "gamma": 0.07264948141526359}, "datetime": {"datetime": "2021-09-24 08:42:26", "elapsed": 159.027051, "delta": 1.471507}}
{"target": 0.3998261618251029, "params": {"C": 26.230560557938006, "epsilon": 0.8325199726651509, "gamma": 0.12460656538728027}, "datetime": {"datetime": "2021-09-24 08:42:27", "elapsed": 159.929844, "delta": 0.902793}}
{"target": 0.3640778460653922, "params": {"C": 18.60464823021365, "epsilon": 0.1706214767958686, "gamma": 0.21199615641272396}, "datetime": {"datetime": "2021-09-24 08:42:28", "elapsed": 161.218623, "delta": 1.288779}}
{"target": 0.38312271006702403, "params": {"C": 33.12399296430927, "epsilon": 0.11890865702568301, "gamma": 0.14229863908530205}, "datetime": {"datetime": "2021-09-24 08:42:30", "elapsed": 162.79258, "delta": 1.573957}}
{"target": 0.33984983819314074, "params": {"C": 33.8237625429683, "epsilon": 0.07846461243256404, "gamma": 0.27994119973349496}, "datetime": {"datetime": "2021-09-24 08:42:31", "elapsed": 164.208442, "delta": 1.415862}}
{"target": 0.04968623667537975, "params": {"C": 33.50442032095709, "epsilon": 0.0684403907852182, "gamma": 0.0001}, "datetime": {"datetime": "2021-09-24 08:42:33", "elapsed": 165.981493, "delta": 1.773051}}
{"target": 0.43789965941207476, "params": {"C": 18.559544620389474, "epsilon": 0.5072194533845252, "gamma": 0.020284193031537685}, "datetime": {"datetime": "2021-09-24 08:42:34", "elapsed": 167.553637, "delta": 1.572144}}
{"target": 0.11855923312923355, "params": {"C": 21.381930395189464, "epsilon": 0.6225988837426856, "gamma": 0.8037652061777925}, "datetime": {"datetime": "2021-09-24 08:42:35", "elapsed": 168.481923, "delta": 0.928286}}
{"target": 0.36821167403784727, "params": {"C": 19.40324090213364, "epsilon": 0.2637010142819617, "gamma": 0.002930114177228081}, "datetime": {"datetime": "2021-09-24 08:42:37", "elapsed": 170.595784, "delta": 2.113861}}
{"target": 0.3785232533214158, "params": {"C": 33.32073028225617, "epsilon": 0.16944944815724527, "gamma": 0.15537402802010755}, "datetime": {"datetime": "2021-09-24 08:42:39", "elapsed": 172.256569, "delta": 1.660785}}
{"target": 0.3835895149887987, "params": {"C": 33.99308019955808, "epsilon": 0.023288486272406223, "gamma": 0.1387015109683876}, "datetime": {"datetime": "2021-09-24 08:42:41", "elapsed": 174.045053, "delta": 1.788484}}
{"target": 0.22296268684821852, "params": {"C": 17.669655036387205, "epsilon": 0.373736785321191, "gamma": 0.45715687806417576}, "datetime": {"datetime": "2021-09-24 08:42:42", "elapsed": 174.936234, "delta": 0.891181}}
{"target": 0.3939117097872882, "params": {"C": 27.448572651429252, "epsilon": 0.03842413181117774, "gamma": 0.1349175981001391}, "datetime": {"datetime": "2021-09-24 08:42:43", "elapsed": 176.460293, "delta": 1.524059}}
{"target": 0.08571505461937134, "params": {"C": 12.59026788223068, "epsilon": 0.7763301673246705, "gamma": 0.7681647195148352}, "datetime": {"datetime": "2021-09-24 08:42:44", "elapsed": 177.461065, "delta": 1.000772}}
{"target": 0.4423504358434619, "params": {"C": 18.892577954641197, "epsilon": 0.7511853803435118, "gamma": 0.04278385975294515}, "datetime": {"datetime": "2021-09-24 08:42:46", "elapsed": 179.415772, "delta": 1.954707}}
{"target": 0.44084843361177906, "params": {"C": 34.30435472664518, "epsilon": 0.2911492345197423, "gamma": 0.015278607115071173}, "datetime": {"datetime": "2021-09-24 08:42:48", "elapsed": 181.702158, "delta": 2.286386}}
{"target": 0.42427688447472023, "params": {"C": 33.05621561284235, "epsilon": 0.02506950273977375, "gamma": 0.0067150013075261625}, "datetime": {"datetime": "2021-09-24 08:42:50", "elapsed": 183.238648, "delta": 1.53649}}
{"target": 0.16095771016034754, "params": {"C": 23.911717052765646, "epsilon": 0.31783666348267975, "gamma": 0.6847329665350944}, "datetime": {"datetime": "2021-09-24 08:42:51", "elapsed": 184.153002, "delta": 0.914354}}
{"target": 0.4419737761875865, "params": {"C": 19.09804423187008, "epsilon": 0.7277884928245968, "gamma": 0.02693617543109897}, "datetime": {"datetime": "2021-09-24 08:42:53", "elapsed": 186.216054, "delta": 2.063052}}
{"target": 0.37691451272589915, "params": {"C": 34.39432213446559, "epsilon": 0.1510887956155453, "gamma": 0.156350205860352}, "datetime": {"datetime": "2021-09-24 08:42:55", "elapsed": 188.06391, "delta": 1.847856}}
{"target": 0.43932945238208876, "params": {"C": 14.606083648041642, "epsilon": 0.5866976082034018, "gamma": 0.031929781710649446}, "datetime": {"datetime": "2021-09-24 08:42:57", "elapsed": 189.788283, "delta": 1.724373}}
{"target": 0.3934082390970228, "params": {"C": 14.682022594283625, "epsilon": 0.7111485655660337, "gamma": 0.15331251735168855}, "datetime": {"datetime": "2021-09-24 08:42:58", "elapsed": 191.556084, "delta": 1.767801}}
{"target": 0.027424316370222912, "params": {"C": 19.027728206441374, "epsilon": 0.9087974850911009, "gamma": 0.0001}, "datetime": {"datetime": "2021-09-24 08:43:01", "elapsed": 193.781838, "delta": 2.225754}}
{"target": 0.08677160206434964, "params": {"C": 14.198698449208154, "epsilon": 0.8126429260137821, "gamma": 0.8042421729447126}, "datetime": {"datetime": "2021-09-24 08:43:02", "elapsed": 194.725103, "delta": 0.943265}}
{"target": 0.42089201189196035, "params": {"C": 33.920766022701386, "epsilon": 0.38047549037641926, "gamma": 0.07177158055642752}, "datetime": {"datetime": "2021-09-24 08:43:02", "elapsed": 195.708024, "delta": 0.982921}}
{"target": 0.3959802217863835, "params": {"C": 21.186040569327645, "epsilon": 0.9040983114246852, "gamma": 0.14744743302782762}, "datetime": {"datetime": "2021-09-24 08:43:03", "elapsed": 196.711649, "delta": 1.003625}}
{"target": 0.4143576786569365, "params": {"C": 19.023808952876433, "epsilon": 0.6560953236869882, "gamma": 0.11066014057717877}, "datetime": {"datetime": "2021-09-24 08:43:05", "elapsed": 198.436378, "delta": 1.724729}}
{"target": 0.42773292086062153, "params": {"C": 34.24007600962695, "epsilon": 0.06386726049178416, "gamma": 0.061471546617754336}, "datetime": {"datetime": "2021-09-24 08:43:07", "elapsed": 199.910798, "delta": 1.47442}}
{"target": 0.2960932237028777, "params": {"C": 54.95929430062926, "epsilon": 0.08743518857306021, "gamma": 0.45394059724208546}, "datetime": {"datetime": "2021-09-24 08:43:08", "elapsed": 200.855515, "delta": 0.944717}}
{"target": 0.3273402665594487, "params": {"C": 98.07057977973221, "epsilon": 0.47457217975647903, "gamma": 0.12252162709593331}, "datetime": {"datetime": "2021-09-24 08:43:09", "elapsed": 201.969006, "delta": 1.113491}}
{"target": 0.4148306059856648, "params": {"C": 19.26947989927243, "epsilon": 0.6265093824716423, "gamma": 0.10947685963615318}, "datetime": {"datetime": "2021-09-24 08:43:11", "elapsed": 204.067241, "delta": 2.098235}}
{"target": 0.04918816795294967, "params": {"C": 33.19616680279842, "epsilon": 0.07901684453657641, "gamma": 0.0001}, "datetime": {"datetime": "2021-09-24 08:43:13", "elapsed": 206.271191, "delta": 2.20395}}
{"target": 0.3894785884678984, "params": {"C": 32.980837481874005, "epsilon": 0.018528059718909872, "gamma": 0.12692607542783016}, "datetime": {"datetime": "2021-09-24 08:43:15", "elapsed": 208.454028, "delta": 2.182837}}
{"target": 0.43189774122119107, "params": {"C": 34.18968874073821, "epsilon": 0.24241729157945477, "gamma": 0.052955229853975064}, "datetime": {"datetime": "2021-09-24 08:43:17", "elapsed": 209.905011, "delta": 1.450983}}
{"target": 0.28992932792229764, "params": {"C": 14.60742273447988, "epsilon": 0.4038886419645797, "gamma": 0.0020906685679049136}, "datetime": {"datetime": "2021-09-24 08:43:19", "elapsed": 212.009805, "delta": 2.104794}}
{"target": 0.44133585324498026, "params": {"C": 32.9294920136266, "epsilon": 0.11886904511188193, "gamma": 0.01593191248972289}, "datetime": {"datetime": "2021-09-24 08:43:21", "elapsed": 213.994943, "delta": 1.985138}}
{"target": 0.21467117104304434, "params": {"C": 75.8960633578099, "epsilon": 0.26098608245704524, "gamma": 0.8395419077482486}, "datetime": {"datetime": "2021-09-24 08:43:22", "elapsed": 214.980177, "delta": 0.985234}}
{"target": 0.4324237220430046, "params": {"C": 33.041388671785526, "epsilon": 0.24961095613787185, "gamma": 0.052768849082678454}, "datetime": {"datetime": "2021-09-24 08:43:24", "elapsed": 217.193328, "delta": 2.213151}}
{"target": 0.3830789519823008, "params": {"C": 33.62259416909795, "epsilon": 0.4251658123842336, "gamma": 0.1392126659187809}, "datetime": {"datetime": "2021-09-24 08:43:26", "elapsed": 219.596969, "delta": 2.403641}}
{"target": 0.39738438440554924, "params": {"C": 28.136334264858593, "epsilon": 0.3635249364401692, "gamma": 0.12395252040388627}, "datetime": {"datetime": "2021-09-24 08:43:29", "elapsed": 221.921898, "delta": 2.324929}}
{"target": 0.3736854205548694, "params": {"C": 14.519436599399917, "epsilon": 0.5516882088863693, "gamma": 0.18434970357278477}, "datetime": {"datetime": "2021-09-24 08:43:31", "elapsed": 223.950107, "delta": 2.028209}}
{"target": 0.4031202649632558, "params": {"C": 98.94852271017878, "epsilon": 0.9341795061264628, "gamma": 0.055306761331616}, "datetime": {"datetime": "2021-09-24 08:43:32", "elapsed": 224.937071, "delta": 0.986964}}
{"target": 0.4404718258666088, "params": {"C": 14.798827709717225, "epsilon": 0.5953181394944057, "gamma": 0.038958135086373066}, "datetime": {"datetime": "2021-09-24 08:43:34", "elapsed": 226.737642, "delta": 1.800571}}
{"target": 0.020287848781337714, "params": {"C": 14.699988011200869, "epsilon": 0.7118345250694567, "gamma": 0.0001}, "datetime": {"datetime": "2021-09-24 08:43:36", "elapsed": 229.217033, "delta": 2.479391}}
{"target": 0.38554646694103734, "params": {"C": 33.981612884515364, "epsilon": 0.021556400446952322, "gamma": 0.13280244340198752}, "datetime": {"datetime": "2021-09-24 08:43:37", "elapsed": 230.271944, "delta": 1.054911}}
{"target": 0.43767632814945956, "params": {"C": 14.819331185465726, "epsilon": 0.4441766858876837, "gamma": 0.0645696016904177}, "datetime": {"datetime": "2021-09-24 08:43:40", "elapsed": 232.913801, "delta": 2.641857}}
{"target": 0.43616883588455335, "params": {"C": 14.90970213657214, "epsilon": 0.5016186333181561, "gamma": 0.01992838846640169}, "datetime": {"datetime": "2021-09-24 08:43:42", "elapsed": 235.101435, "delta": 2.187634}}
{"target": 0.3825734546462505, "params": {"C": 14.867466931240521, "epsilon": 0.49549043878373983, "gamma": 0.17323934940583105}, "datetime": {"datetime": "2021-09-24 08:43:44", "elapsed": 236.820805, "delta": 1.71937}}
{"target": 0.04200288960072984, "params": {"C": 28.520965132549474, "epsilon": 0.660122057279338, "gamma": 0.0001}, "datetime": {"datetime": "2021-09-24 08:43:45", "elapsed": 238.530134, "delta": 1.709329}}
{"target": 0.39959105821843255, "params": {"C": 9.452506710139986, "epsilon": 0.19227477891774078, "gamma": 0.009827887994930994}, "datetime": {"datetime": "2021-09-24 08:43:48", "elapsed": 241.015047, "delta": 2.484913}}
{"target": 0.3697376896556419, "params": {"C": 41.909917051297874, "epsilon": 0.3169002940438715, "gamma": 0.14972080642163238}, "datetime": {"datetime": "2021-09-24 08:43:49", "elapsed": 242.103954, "delta": 1.088907}}
{"target": 0.44095719148171253, "params": {"C": 18.750028958205537, "epsilon": 0.7589751372993624, "gamma": 0.02537234739226746}, "datetime": {"datetime": "2021-09-24 08:43:51", "elapsed": 243.851728, "delta": 1.747774}}
{"target": 0.41191214880617644, "params": {"C": 14.655973587448436, "epsilon": 0.5224047475192201, "gamma": 0.12062926538211714}, "datetime": {"datetime": "2021-09-24 08:43:53", "elapsed": 245.718042, "delta": 1.866314}}
{"target": 0.30284327441933234, "params": {"C": 63.65725742202544, "epsilon": 0.8356764373280285, "gamma": 0.2879246111425544}, "datetime": {"datetime": "2021-09-24 08:43:54", "elapsed": 246.870195, "delta": 1.152153}}
{"target": 0.2277539157956826, "params": {"C": 57.35777473207895, "epsilon": 0.4578054177352443, "gamma": 0.718089391540391}, "datetime": {"datetime": "2021-09-24 08:43:55", "elapsed": 247.956427, "delta": 1.086232}}
{"target": 0.4371807663414896, "params": {"C": 28.268763111527583, "epsilon": 0.7629044800427465, "gamma": 0.013116833402228106}, "datetime": {"datetime": "2021-09-24 08:43:56", "elapsed": 249.610567, "delta": 1.65414}}
{"target": 0.12242181503578908, "params": {"C": 20.65090651917755, "epsilon": 0.6509068527661624, "gamma": 0.7761618478048876}, "datetime": {"datetime": "2021-09-24 08:43:57", "elapsed": 250.666543, "delta": 1.055976}}
{"target": 0.44306887141127227, "params": {"C": 18.703829007785792, "epsilon": 0.26830114120252785, "gamma": 0.02908154580387222}, "datetime": {"datetime": "2021-09-24 08:43:59", "elapsed": 252.553079, "delta": 1.886536}}
{"target": 0.35080084132069767, "params": {"C": 97.57634097649236, "epsilon": 0.2786051985775207, "gamma": 0.09505050492778215}, "datetime": {"datetime": "2021-09-24 08:44:01", "elapsed": 253.717943, "delta": 1.164864}}
{"target": 0.4330844537281334, "params": {"C": 53.65514691848485, "epsilon": 0.3360451779229976, "gamma": 0.004983848966091868}, "datetime": {"datetime": "2021-09-24 08:44:02", "elapsed": 254.720773, "delta": 1.00283}}
{"target": 0.20208888962891325, "params": {"C": 38.92746050192195, "epsilon": 0.7462610959110602, "gamma": 0.704484723537401}, "datetime": {"datetime": "2021-09-24 08:44:03", "elapsed": 256.045735, "delta": 1.324962}}
{"target": 0.39652413614886173, "params": {"C": 30.650983145149738, "epsilon": 0.3184797055932847, "gamma": 0.11762165721317674}, "datetime": {"datetime": "2021-09-24 08:44:05", "elapsed": 258.365022, "delta": 2.319287}}
{"target": 0.40331586991537904, "params": {"C": 28.396598678483702, "epsilon": 0.9118997061908812, "gamma": 0.11112012492593112}, "datetime": {"datetime": "2021-09-24 08:44:07", "elapsed": 260.177546, "delta": 1.812524}}
{"target": 0.43332130638129107, "params": {"C": 30.441031535218674, "epsilon": 0.34940292364937614, "gamma": 0.05367754518899953}, "datetime": {"datetime": "2021-09-24 08:44:09", "elapsed": 262.071389, "delta": 1.893843}}
{"target": 0.3202688903700083, "params": {"C": 14.725280919199996, "epsilon": 0.6366695272417645, "gamma": 0.2720925092767948}, "datetime": {"datetime": "2021-09-24 08:44:11", "elapsed": 263.838636, "delta": 1.767247}}
{"target": 0.4430673385437107, "params": {"C": 18.85194518491261, "epsilon": 0.16736641860252824, "gamma": 0.038761621190401635}, "datetime": {"datetime": "2021-09-24 08:44:13", "elapsed": 266.015531, "delta": 2.176895}}
