{"target": 0.4292503211083023, "params": {"C": 130.62939081902448, "epsilon": 0.9629243103785867, "gamma": 0.009736991889613543}, "datetime": {"datetime": "2021-09-24 09:38:23", "elapsed": 80.393747, "delta": 0.63469}}
{"target": 0.4348774369668277, "params": {"C": 143.94143715235083, "epsilon": 0.5873266432901687, "gamma": 0.006404711493991969}, "datetime": {"datetime": "2021-09-24 09:38:23", "elapsed": 81.253067, "delta": 0.85932}}
{"target": 0.3865585816634237, "params": {"C": 143.9599723410881, "epsilon": 0.6719517693320716, "gamma": 0.0005}, "datetime": {"datetime": "2021-09-24 09:38:25", "elapsed": 82.489358, "delta": 1.236291}}
{"target": 0.43017216103448286, "params": {"C": 144.1006726062762, "epsilon": 0.7299223063439347, "gamma": 0.008257885530449862}, "datetime": {"datetime": "2021-09-24 09:38:26", "elapsed": 83.39072, "delta": 0.901362}}
{"target": 0.4129860427649289, "params": {"C": 109.07595168652708, "epsilon": 0.615228887178433, "gamma": 0.02925372512371393}, "datetime": {"datetime": "2021-09-24 09:38:26", "elapsed": 83.935829, "delta": 0.545109}}
{"target": 0.43695350646809117, "params": {"C": 130.54912327004106, "epsilon": 0.9259977680241995, "gamma": 0.005620137458229691}, "datetime": {"datetime": "2021-09-24 09:38:27", "elapsed": 85.181082, "delta": 1.245253}}
{"target": 0.40930155421507886, "params": {"C": 149.84818329141456, "epsilon": 0.41760746038268054, "gamma": 0.022384389226929043}, "datetime": {"datetime": "2021-09-24 09:38:28", "elapsed": 85.760826, "delta": 0.579744}}
{"target": 0.389134392747861, "params": {"C": 143.87862150990418, "epsilon": 0.4966550429330572, "gamma": 0.05216136859281161}, "datetime": {"datetime": "2021-09-24 09:38:29", "elapsed": 86.941147, "delta": 1.180321}}
{"target": 0.2979597822363992, "params": {"C": 146.60151095209483, "epsilon": 0.05845207136383509, "gamma": 0.11561551293901855}, "datetime": {"datetime": "2021-09-24 09:38:30", "elapsed": 87.90199, "delta": 0.960843}}
{"target": 0.42421826362798076, "params": {"C": 130.43006319070085, "epsilon": 0.918039100722695, "gamma": 0.012387825445177393}, "datetime": {"datetime": "2021-09-24 09:38:31", "elapsed": 88.91294, "delta": 1.01095}}
{"target": 0.4046325706948761, "params": {"C": 130.5501459969293, "epsilon": 0.9994732306077477, "gamma": 0.03705899101620485}, "datetime": {"datetime": "2021-09-24 09:38:32", "elapsed": 89.903402, "delta": 0.990462}}
{"target": 0.39907139051603924, "params": {"C": 194.5548025226054, "epsilon": 0.6344758274215365, "gamma": 0.0285667578839395}, "datetime": {"datetime": "2021-09-24 09:38:33", "elapsed": 90.50503, "delta": 0.601628}}
{"target": 0.2869707781195634, "params": {"C": 128.2467030703864, "epsilon": 0.41234241964096974, "gamma": 0.14182112326904828}, "datetime": {"datetime": "2021-09-24 09:38:33", "elapsed": 91.138241, "delta": 0.633211}}
{"target": 0.40959885165006826, "params": {"C": 146.4006857258775, "epsilon": 0.1177313782527511, "gamma": 0.021814802176011627}, "datetime": {"datetime": "2021-09-24 09:38:34", "elapsed": 92.238466, "delta": 1.100225}}
{"target": 0.3193640629696869, "params": {"C": 149.52195336206432, "epsilon": 0.299694408125365, "gamma": 0.09590016756411952}, "datetime": {"datetime": "2021-09-24 09:38:35", "elapsed": 92.866465, "delta": 0.627999}}
{"target": 0.4306478430383949, "params": {"C": 188.96246280356172, "epsilon": 0.480857230446395, "gamma": 0.005652725953837085}, "datetime": {"datetime": "2021-09-24 09:38:36", "elapsed": 93.717456, "delta": 0.850991}}
{"target": 0.31889716965360393, "params": {"C": 189.0206626065647, "epsilon": 0.410417734567458, "gamma": 0.08090630047104898}, "datetime": {"datetime": "2021-09-24 09:38:38", "elapsed": 95.521049, "delta": 1.803593}}
{"target": 0.31920240399610667, "params": {"C": 188.93821510121307, "epsilon": 0.5686436209822492, "gamma": 0.08102957461244623}, "datetime": {"datetime": "2021-09-24 09:38:39", "elapsed": 96.55033, "delta": 1.029281}}
{"target": 0.41373446718634976, "params": {"C": 145.19281373624676, "epsilon": 0.8213402742865, "gamma": 0.01821229475985068}, "datetime": {"datetime": "2021-09-24 09:38:39", "elapsed": 97.284389, "delta": 0.734059}}
{"target": 0.2804463284162576, "params": {"C": 133.98303535722422, "epsilon": 0.7403613226494746, "gamma": 0.1435511643061485}, "datetime": {"datetime": "2021-09-24 09:38:40", "elapsed": 98.000474, "delta": 0.716085}}
{"target": 0.3693180593185258, "params": {"C": 110.42482124690419, "epsilon": 0.5701966463285401, "gamma": 0.0005}, "datetime": {"datetime": "2021-09-24 09:38:42", "elapsed": 99.475561, "delta": 1.475087}}
{"target": 0.4104513749081792, "params": {"C": 144.26740063617234, "epsilon": 0.5325238676892892, "gamma": 0.02143104561860735}, "datetime": {"datetime": "2021-09-24 09:38:43", "elapsed": 100.434232, "delta": 0.958671}}
{"target": 0.3741144330182492, "params": {"C": 113.35389132821578, "epsilon": 0.318956149324793, "gamma": 0.06775999299049676}, "datetime": {"datetime": "2021-09-24 09:38:44", "elapsed": 101.326503, "delta": 0.892271}}
{"target": 0.4294408590959039, "params": {"C": 104.72178838411219, "epsilon": 0.8630052131190235, "gamma": 0.012429038477348317}, "datetime": {"datetime": "2021-09-24 09:38:44", "elapsed": 102.012853, "delta": 0.68635}}
{"target": 0.4030762147275714, "params": {"C": 146.4665273242699, "epsilon": 0.2265622438151192, "gamma": 0.029691933525974438}, "datetime": {"datetime": "2021-09-24 09:38:46", "elapsed": 103.51992, "delta": 1.507067}}
{"target": 0.4076779760222372, "params": {"C": 110.50872590023684, "epsilon": 0.8058796256129974, "gamma": 0.04324853244971318}, "datetime": {"datetime": "2021-09-24 09:38:48", "elapsed": 105.369369, "delta": 1.849449}}
{"target": 0.42785976669989645, "params": {"C": 110.28227855188658, "epsilon": 0.6136435866208321, "gamma": 0.012641674273882726}, "datetime": {"datetime": "2021-09-24 09:38:49", "elapsed": 106.760485, "delta": 1.391116}}
{"target": 0.4331105515815624, "params": {"C": 146.60811118260634, "epsilon": 0.2058453755095132, "gamma": 0.0027900810229083742}, "datetime": {"datetime": "2021-09-24 09:38:50", "elapsed": 108.096104, "delta": 1.335619}}
{"target": 0.4164846436788672, "params": {"C": 146.71727936463034, "epsilon": 0.2964555198439475, "gamma": 0.016597335220451044}, "datetime": {"datetime": "2021-09-24 09:38:52", "elapsed": 109.346564, "delta": 1.25046}}
{"target": 0.3242209172268675, "params": {"C": 146.66578308978706, "epsilon": 0.25471306217998413, "gamma": 0.09155853292586486}, "datetime": {"datetime": "2021-09-24 09:38:53", "elapsed": 110.704507, "delta": 1.357943}}
{"target": 0.43475788694949047, "params": {"C": 113.79411142336622, "epsilon": 0.152605373643289, "gamma": 0.008560844119743203}, "datetime": {"datetime": "2021-09-24 09:38:54", "elapsed": 112.246673, "delta": 1.542166}}
{"target": 0.4368040501435937, "params": {"C": 146.76519672939935, "epsilon": 0.3767238301113898, "gamma": 0.005202303395323548}, "datetime": {"datetime": "2021-09-24 09:38:56", "elapsed": 113.791473, "delta": 1.5448}}
{"target": 0.40156553219502134, "params": {"C": 146.89178754911487, "epsilon": 0.38617987672264886, "gamma": 0.03547342723256549}, "datetime": {"datetime": "2021-09-24 09:38:57", "elapsed": 115.28356, "delta": 1.492087}}
{"target": 0.41281006693785394, "params": {"C": 146.63544000264974, "epsilon": 0.4913811989970527, "gamma": 0.01951287621084086}, "datetime": {"datetime": "2021-09-24 09:38:59", "elapsed": 116.738739, "delta": 1.455179}}
{"target": 0.35320501491531087, "params": {"C": 146.81829510363576, "epsilon": 0.483594539359618, "gamma": 0.06888430326169755}, "datetime": {"datetime": "2021-09-24 09:39:01", "elapsed": 118.371229, "delta": 1.63249}}
{"target": 0.3889421457139245, "params": {"C": 146.82324780462594, "epsilon": 0.2875925178141695, "gamma": 0.0005}, "datetime": {"datetime": "2021-09-24 09:39:02", "elapsed": 120.072936, "delta": 1.701707}}
{"target": 0.2776462129862085, "params": {"C": 145.13335287316784, "epsilon": 0.8651905762801674, "gamma": 0.13660113757878134}, "datetime": {"datetime": "2021-09-24 09:39:04", "elapsed": 121.6691, "delta": 1.596164}}
{"target": 0.4346202288421587, "params": {"C": 110.5225530616571, "epsilon": 0.40920407532257025, "gamma": 0.003719369334812}, "datetime": {"datetime": "2021-09-24 09:39:05", "elapsed": 123.235797, "delta": 1.566697}}
{"target": 0.35505695606919485, "params": {"C": 130.31354512935212, "epsilon": 0.8733958021039369, "gamma": 0.07378375119747128}, "datetime": {"datetime": "2021-09-24 09:39:07", "elapsed": 125.116371, "delta": 1.880574}}
{"target": 0.4301404985674562, "params": {"C": 146.5851657879492, "epsilon": 0.36106755626329057, "gamma": 0.00859605653780061}, "datetime": {"datetime": "2021-09-24 09:39:09", "elapsed": 126.810097, "delta": 1.693726}}
{"target": 0.4016459942401128, "params": {"C": 146.49801614627137, "epsilon": 0.5029545322201701, "gamma": 0.03812069559882863}, "datetime": {"datetime": "2021-09-24 09:39:10", "elapsed": 128.090972, "delta": 1.280875}}
{"target": 0.40135033198237013, "params": {"C": 146.46912914476943, "epsilon": 0.3544106685409622, "gamma": 0.03760872538226488}, "datetime": {"datetime": "2021-09-24 09:39:12", "elapsed": 129.367115, "delta": 1.276143}}
{"target": 0.2962329255254027, "params": {"C": 159.47696510780048, "epsilon": 0.8559069936959197, "gamma": 0.11139327999596413}, "datetime": {"datetime": "2021-09-24 09:39:12", "elapsed": 130.058078, "delta": 0.690963}}
{"target": 0.41043817299018603, "params": {"C": 110.4828346828398, "epsilon": 0.2628948546158133, "gamma": 0.030858453358625658}, "datetime": {"datetime": "2021-09-24 09:39:14", "elapsed": 131.508452, "delta": 1.450374}}
{"target": 0.40745717617148913, "params": {"C": 110.61017529018463, "epsilon": 0.3454124463305081, "gamma": 0.042798502770454015}, "datetime": {"datetime": "2021-09-24 09:39:16", "elapsed": 133.328548, "delta": 1.820096}}
{"target": 0.43416078281970805, "params": {"C": 188.83277511407397, "epsilon": 0.41782499685741253, "gamma": 0.0026146021127295086}, "datetime": {"datetime": "2021-09-24 09:39:17", "elapsed": 134.714405, "delta": 1.385857}}
{"target": 0.31822371864152343, "params": {"C": 188.80519253892726, "epsilon": 0.34387843254495304, "gamma": 0.08150408812414987}, "datetime": {"datetime": "2021-09-24 09:39:18", "elapsed": 135.993302, "delta": 1.278897}}
{"target": 0.2896766743115816, "params": {"C": 129.10416013851966, "epsilon": 0.30137528051431983, "gamma": 0.1380332712409522}, "datetime": {"datetime": "2021-09-24 09:39:19", "elapsed": 136.830107, "delta": 0.836805}}
{"target": 0.4282611390764618, "params": {"C": 188.7820917654389, "epsilon": 0.4952215122624177, "gamma": 0.008641465448798213}, "datetime": {"datetime": "2021-09-24 09:39:20", "elapsed": 138.101272, "delta": 1.271165}}
{"target": 0.32568923411523365, "params": {"C": 107.82681258551138, "epsilon": 0.41255634463383695, "gamma": 0.1157069886706321}, "datetime": {"datetime": "2021-09-24 09:39:21", "elapsed": 138.830126, "delta": 0.728854}}
{"target": 0.4161169198997564, "params": {"C": 146.65988513166866, "epsilon": 0.37449569368954816, "gamma": 0.014963599680823456}, "datetime": {"datetime": "2021-09-24 09:39:22", "elapsed": 140.050432, "delta": 1.220306}}
{"target": 0.4080456498445284, "params": {"C": 109.07294974277548, "epsilon": 0.4837346772415256, "gamma": 0.03706585047788843}, "datetime": {"datetime": "2021-09-24 09:39:24", "elapsed": 141.580943, "delta": 1.530511}}
{"target": 0.43495822185372346, "params": {"C": 192.8708935016084, "epsilon": 0.13134492468864808, "gamma": 0.0028241348091528565}, "datetime": {"datetime": "2021-09-24 09:39:25", "elapsed": 142.52306, "delta": 0.942117}}
{"target": 0.3640742098109524, "params": {"C": 166.9099645412574, "epsilon": 0.5331867274470351, "gamma": 0.05767250975644347}, "datetime": {"datetime": "2021-09-24 09:39:25", "elapsed": 143.273423, "delta": 0.750363}}
{"target": 0.38658308735712676, "params": {"C": 192.53302145216702, "epsilon": 0.18989115074914503, "gamma": 0.043205482018466856}, "datetime": {"datetime": "2021-09-24 09:39:26", "elapsed": 144.063382, "delta": 0.789959}}
{"target": 0.28038865237371446, "params": {"C": 192.8154191843191, "epsilon": 0.07960210561881004, "gamma": 0.1056421460190747}, "datetime": {"datetime": "2021-09-24 09:39:28", "elapsed": 145.554774, "delta": 1.491392}}
{"target": 0.408899827272005, "params": {"C": 101.18908400563244, "epsilon": 0.9233794070294716, "gamma": 0.042242067765885245}, "datetime": {"datetime": "2021-09-24 09:39:29", "elapsed": 146.361874, "delta": 0.8071}}
{"target": 0.40533014709777115, "params": {"C": 192.9420906699736, "epsilon": 0.1980491519816722, "gamma": 0.0005}, "datetime": {"datetime": "2021-09-24 09:39:30", "elapsed": 148.011678, "delta": 1.649804}}
{"target": 0.40519594171929063, "params": {"C": 192.82132348541532, "epsilon": 0.227059670087928, "gamma": 0.0005}, "datetime": {"datetime": "2021-09-24 09:39:32", "elapsed": 149.71637, "delta": 1.704692}}
{"target": 0.4061173934109551, "params": {"C": 177.8248402593043, "epsilon": 0.4583222658659687, "gamma": 0.021132875974795583}, "datetime": {"datetime": "2021-09-24 09:39:33", "elapsed": 150.578476, "delta": 0.862106}}
{"target": 0.2899399382325739, "params": {"C": 125.48258755838755, "epsilon": 0.5812656787853341, "gamma": 0.14171467329055693}, "datetime": {"datetime": "2021-09-24 09:39:34", "elapsed": 151.592721, "delta": 1.014245}}
{"target": 0.4218458802597215, "params": {"C": 110.36945757484963, "epsilon": 0.2845642615885553, "gamma": 0.0017210350811048478}, "datetime": {"datetime": "2021-09-24 09:39:36", "elapsed": 154.091635, "delta": 2.498914}}
{"target": 0.4292045623103541, "params": {"C": 145.3104388142671, "epsilon": 0.7692297697945649, "gamma": 0.009801235013340558}, "datetime": {"datetime": "2021-09-24 09:39:38", "elapsed": 155.909852, "delta": 1.818217}}
{"target": 0.42875822959950605, "params": {"C": 145.3230810311197, "epsilon": 0.9061584583643495, "gamma": 0.010237404095272164}, "datetime": {"datetime": "2021-09-24 09:39:41", "elapsed": 158.401362, "delta": 2.49151}}
{"target": 0.34296555006820495, "params": {"C": 145.40978382447955, "epsilon": 0.8312697763415594, "gamma": 0.07672635145801567}, "datetime": {"datetime": "2021-09-24 09:39:42", "elapsed": 160.085038, "delta": 1.683676}}
{"target": 0.36091341547447986, "params": {"C": 108.97044120932787, "epsilon": 0.5873997478393407, "gamma": 0.07827608446899868}, "datetime": {"datetime": "2021-09-24 09:39:44", "elapsed": 162.027408, "delta": 1.94237}}
{"target": 0.4120181688930561, "params": {"C": 145.2933552509506, "epsilon": 0.6324788104987978, "gamma": 0.020307950496256447}, "datetime": {"datetime": "2021-09-24 09:39:46", "elapsed": 163.693853, "delta": 1.666445}}
{"target": 0.41706046143894315, "params": {"C": 109.18614140686402, "epsilon": 0.5524400084060332, "gamma": 0.021876852967154154}, "datetime": {"datetime": "2021-09-24 09:39:48", "elapsed": 165.471362, "delta": 1.777509}}
{"target": 0.39973378264428705, "params": {"C": 109.18689653291457, "epsilon": 0.7254576742116982, "gamma": 0.055242871611352135}, "datetime": {"datetime": "2021-09-24 09:39:49", "elapsed": 167.310597, "delta": 1.839235}}
{"target": 0.3107074635127083, "params": {"C": 109.17819802474307, "epsilon": 0.6044778407795415, "gamma": 0.13497160172185171}, "datetime": {"datetime": "2021-09-24 09:39:51", "elapsed": 169.29121, "delta": 1.980613}}
{"target": 0.42192695676939707, "params": {"C": 145.28262716925946, "epsilon": 0.9997897133319836, "gamma": 0.012325655559587484}, "datetime": {"datetime": "2021-09-24 09:39:54", "elapsed": 171.460834, "delta": 2.169624}}
{"target": 0.4285335601141571, "params": {"C": 162.59424249332147, "epsilon": 0.08114150480561085, "gamma": 0.00882305565063588}, "datetime": {"datetime": "2021-09-24 09:39:55", "elapsed": 172.354583, "delta": 0.893749}}
{"target": 0.43626274512019825, "params": {"C": 162.58465180402715, "epsilon": 0.07934847003968945, "gamma": 0.005394738821456902}, "datetime": {"datetime": "2021-09-24 09:39:55", "elapsed": 173.086753, "delta": 0.73217}}
{"target": 0.43229339602027395, "params": {"C": 162.49564685022807, "epsilon": 0.03682632111501949, "gamma": 0.0021322541424654857}, "datetime": {"datetime": "2021-09-24 09:39:57", "elapsed": 174.659863, "delta": 1.57311}}
{"target": 0.4126874217751778, "params": {"C": 106.3451191075485, "epsilon": 0.9388550263023535, "gamma": 0.031808527116913364}, "datetime": {"datetime": "2021-09-24 09:39:58", "elapsed": 175.482456, "delta": 0.822593}}
{"target": 0.31849981131773486, "params": {"C": 162.50532351945122, "epsilon": 0.11864505852370529, "gamma": 0.09009134954550306}, "datetime": {"datetime": "2021-09-24 09:40:00", "elapsed": 177.482399, "delta": 1.999943}}
{"target": 0.3161963651429005, "params": {"C": 110.34955268956686, "epsilon": 0.2676073524276019, "gamma": 0.12663100052734969}, "datetime": {"datetime": "2021-09-24 09:40:02", "elapsed": 179.379275, "delta": 1.896876}}
{"target": 0.43556555998631397, "params": {"C": 110.43715357382463, "epsilon": 0.3543683081144949, "gamma": 0.008406363046155305}, "datetime": {"datetime": "2021-09-24 09:40:04", "elapsed": 182.009364, "delta": 2.630089}}
{"target": 0.39078935069967524, "params": {"C": 149.98183215105726, "epsilon": 0.4664663949159137, "gamma": 0.0005}, "datetime": {"datetime": "2021-09-24 09:40:06", "elapsed": 184.20564, "delta": 2.196276}}
{"target": 0.41051725303588327, "params": {"C": 145.2065221035254, "epsilon": 0.7273652625175749, "gamma": 0.021387527010195556}, "datetime": {"datetime": "2021-09-24 09:40:08", "elapsed": 185.672997, "delta": 1.467357}}
{"target": 0.3681295114070421, "params": {"C": 109.19804677584102, "epsilon": 0.4285248442093105, "gamma": 0.0005}, "datetime": {"datetime": "2021-09-24 09:40:10", "elapsed": 187.726471, "delta": 2.053474}}
{"target": 0.41165127324457407, "params": {"C": 104.88717079903266, "epsilon": 0.9932234836462793, "gamma": 0.03567380214585472}, "datetime": {"datetime": "2021-09-24 09:40:12", "elapsed": 190.080615, "delta": 2.354144}}
{"target": 0.3900811140860002, "params": {"C": 105.0003571362964, "epsilon": 0.9933888882471161, "gamma": 0.06194178127226526}, "datetime": {"datetime": "2021-09-24 09:40:14", "elapsed": 192.193916, "delta": 2.113301}}
{"target": 0.40766653432990263, "params": {"C": 110.37694323411311, "epsilon": 0.8654267010244668, "gamma": 0.039962983443152494}, "datetime": {"datetime": "2021-09-24 09:40:16", "elapsed": 194.197466, "delta": 2.00355}}
{"target": 0.4010794865635615, "params": {"C": 109.17860755712415, "epsilon": 0.7180717429182081, "gamma": 0.05434046698469281}, "datetime": {"datetime": "2021-09-24 09:40:18", "elapsed": 195.315967, "delta": 1.118501}}
{"target": 0.436763915146711, "params": {"C": 143.9607500617406, "epsilon": 0.9745394565035459, "gamma": 0.005702186888153101}, "datetime": {"datetime": "2021-09-24 09:40:20", "elapsed": 197.631887, "delta": 2.31592}}
{"target": 0.4007763605054009, "params": {"C": 143.97487513870686, "epsilon": 0.9182603129180482, "gamma": 0.04319433058104224}, "datetime": {"datetime": "2021-09-24 09:40:22", "elapsed": 199.996592, "delta": 2.364705}}
{"target": 0.38573835577794613, "params": {"C": 143.8561276684066, "epsilon": 1.0, "gamma": 0.0005}, "datetime": {"datetime": "2021-09-24 09:40:24", "elapsed": 202.258898, "delta": 2.262306}}
{"target": 0.4045983434707032, "params": {"C": 127.37655805079875, "epsilon": 0.002636204440054207, "gamma": 0.033263755725050415}, "datetime": {"datetime": "2021-09-24 09:40:25", "elapsed": 203.236276, "delta": 0.977378}}
{"target": 0.42040166241981114, "params": {"C": 100.98559515833516, "epsilon": 0.9116611746091433, "gamma": 0.0014632077316066626}, "datetime": {"datetime": "2021-09-24 09:40:27", "elapsed": 205.167991, "delta": 1.931715}}
{"target": 0.3490467188797195, "params": {"C": 100.93465383718713, "epsilon": 0.8186238553430178, "gamma": 0.09432943565824727}, "datetime": {"datetime": "2021-09-24 09:40:30", "elapsed": 207.313906, "delta": 2.145915}}
{"target": 0.3035510673640327, "params": {"C": 110.57916943600046, "epsilon": 0.7333422058946168, "gamma": 0.14192966134320958}, "datetime": {"datetime": "2021-09-24 09:40:32", "elapsed": 209.719179, "delta": 2.405273}}
{"target": 0.40829262718478343, "params": {"C": 106.22269550144352, "epsilon": 0.994486217471176, "gamma": 0.041114775578884884}, "datetime": {"datetime": "2021-09-24 09:40:34", "elapsed": 211.908788, "delta": 2.189609}}
{"target": 0.4209788456546514, "params": {"C": 106.22110562459585, "epsilon": 0.8631733846655018, "gamma": 0.01952304447982081}, "datetime": {"datetime": "2021-09-24 09:40:36", "elapsed": 214.054557, "delta": 2.145769}}
{"target": 0.3132545843692248, "params": {"C": 106.26558791044678, "epsilon": 0.886180901972179, "gamma": 0.13522695572182894}, "datetime": {"datetime": "2021-09-24 09:40:38", "elapsed": 216.181055, "delta": 2.126498}}
{"target": 0.4180162033003536, "params": {"C": 106.06821652592092, "epsilon": 0.8397067140488214, "gamma": 0.02352977680483873}, "datetime": {"datetime": "2021-09-24 09:40:41", "elapsed": 218.784272, "delta": 2.603217}}
{"target": 0.4086482874139008, "params": {"C": 106.09238167566993, "epsilon": 0.9595945366768899, "gamma": 0.03953530578553022}, "datetime": {"datetime": "2021-09-24 09:40:43", "elapsed": 220.639249, "delta": 1.854977}}
{"target": 0.43507084528224593, "params": {"C": 110.00119760680764, "epsilon": 0.5141575030200318, "gamma": 0.0038661802039630807}, "datetime": {"datetime": "2021-09-24 09:40:44", "elapsed": 222.069907, "delta": 1.430658}}
{"target": 0.4168467644394991, "params": {"C": 109.9243428067604, "epsilon": 0.40426647097390594, "gamma": 0.022301511168433413}, "datetime": {"datetime": "2021-09-24 09:40:46", "elapsed": 224.024306, "delta": 1.954399}}
{"target": 0.250676107392076, "params": {"C": 197.82300844588394, "epsilon": 0.4127247882545844, "gamma": 0.12591302346856584}, "datetime": {"datetime": "2021-09-24 09:40:47", "elapsed": 224.9811, "delta": 0.956794}}
