{"target": 0.33428120806521067, "params": {"C": 10.901185630739567, "epsilon": 2.0273423483884523, "gamma": 0.0038661802039630807}, "datetime": {"datetime": "2021-09-24 10:01:49", "elapsed": 277.722804, "delta": 1.352217}}
{"target": 0.41483758785995173, "params": {"C": 12.644250897999193, "epsilon": 1.1734963257265, "gamma": 0.11442474954536486}, "datetime": {"datetime": "2021-09-24 10:01:51", "elapsed": 279.498861, "delta": 1.776057}}
{"target": 0.3254546587133579, "params": {"C": 97.8447783614251, "epsilon": 1.8242738503595284, "gamma": 0.12591302346856584}, "datetime": {"datetime": "2021-09-24 10:01:52", "elapsed": 280.877479, "delta": 1.378618}}
{"target": 0.435363307918202, "params": {"C": 17.96315833471901, "epsilon": 1.6653508467535372, "gamma": 0.01886923059465918}, "datetime": {"datetime": "2021-09-24 10:01:54", "elapsed": 282.551668, "delta": 1.674189}}
{"target": 0.4310097615989198, "params": {"C": 50.42835641739007, "epsilon": 2.123472318377886, "gamma": 0.03395655912443788}, "datetime": {"datetime": "2021-09-24 10:01:55", "elapsed": 283.86273, "delta": 1.311062}}
{"target": 0.38808783408983993, "params": {"C": 72.14251329623791, "epsilon": 2.282358836816875, "gamma": 0.0010081921310864056}, "datetime": {"datetime": "2021-09-24 10:01:56", "elapsed": 285.14358, "delta": 1.28085}}
{"target": 0.41014648176616575, "params": {"C": 48.65701689598324, "epsilon": 1.0035702807584903, "gamma": 0.0749676756930346}, "datetime": {"datetime": "2021-09-24 10:01:58", "elapsed": 286.640685, "delta": 1.497105}}
{"target": 0.43381934635991015, "params": {"C": 50.351161602366524, "epsilon": 1.9472968886260476, "gamma": 0.021710527336219938}, "datetime": {"datetime": "2021-09-24 10:02:00", "elapsed": 288.428728, "delta": 1.788043}}
{"target": 0.43159487217691717, "params": {"C": 12.64244475572161, "epsilon": 1.4515638207385275, "gamma": 0.0786525673688094}, "datetime": {"datetime": "2021-09-24 10:02:02", "elapsed": 290.403597, "delta": 1.974869}}
{"target": 0.36838837150683235, "params": {"C": 50.27737603864109, "epsilon": 1.883701659341854, "gamma": 0.12637857585084045}, "datetime": {"datetime": "2021-09-24 10:02:03", "elapsed": 292.156786, "delta": 1.753189}}
{"target": 0.3965257492332288, "params": {"C": 13.583004728656029, "epsilon": 2.0180300982682517, "gamma": 0.1471874096497248}, "datetime": {"datetime": "2021-09-24 10:02:05", "elapsed": 293.920565, "delta": 1.763779}}
{"target": 0.42479698290507073, "params": {"C": 12.514575569871285, "epsilon": 1.3341457927506322, "gamma": 0.011483284268832085}, "datetime": {"datetime": "2021-09-24 10:02:07", "elapsed": 295.623078, "delta": 1.702513}}
{"target": 0.4031035521706645, "params": {"C": 50.44035529385588, "epsilon": 1.9805533801613175, "gamma": 0.07935231430916623}, "datetime": {"datetime": "2021-09-24 10:02:09", "elapsed": 297.302551, "delta": 1.679473}}
{"target": 0.43211029843035875, "params": {"C": 18.848411934657868, "epsilon": 2.495955159560876, "gamma": 0.06886399364477384}, "datetime": {"datetime": "2021-09-24 10:02:10", "elapsed": 298.653975, "delta": 1.351424}}
{"target": 0.42861432964063206, "params": {"C": 33.89467739819531, "epsilon": 2.618282447380636, "gamma": 0.054838614544983844}, "datetime": {"datetime": "2021-09-24 10:02:11", "elapsed": 299.721604, "delta": 1.067629}}
{"target": 0.14532359862753363, "params": {"C": 21.318659933160063, "epsilon": 2.8553075822977303, "gamma": 0.0005}, "datetime": {"datetime": "2021-09-24 10:02:13", "elapsed": 301.821067, "delta": 2.099463}}
{"target": 0.09767578713364156, "params": {"C": 13.486165217087649, "epsilon": 2.0784119066382063, "gamma": 0.0005}, "datetime": {"datetime": "2021-09-24 10:02:15", "elapsed": 303.837171, "delta": 2.016104}}
{"target": 0.4421058720929496, "params": {"C": 12.637653674113377, "epsilon": 1.5327947195686709, "gamma": 0.03601023133165924}, "datetime": {"datetime": "2021-09-24 10:02:16", "elapsed": 305.004567, "delta": 1.167396}}
{"target": 0.43224063475432295, "params": {"C": 57.04056063677051, "epsilon": 1.2307999997366608, "gamma": 0.017579379609800036}, "datetime": {"datetime": "2021-09-24 10:02:17", "elapsed": 306.24086, "delta": 1.236293}}
{"target": 0.4277969737436934, "params": {"C": 13.576753998181957, "epsilon": 2.599604767626423, "gamma": 0.01179824262188098}, "datetime": {"datetime": "2021-09-24 10:02:19", "elapsed": 308.046945, "delta": 1.806085}}
{"target": 0.43446894563453475, "params": {"C": 13.689778474753753, "epsilon": 2.1033703268648214, "gamma": 0.019115710922349066}, "datetime": {"datetime": "2021-09-24 10:02:22", "elapsed": 310.676179, "delta": 2.629234}}
{"target": 0.41581104515186085, "params": {"C": 13.358472529506185, "epsilon": 1.9515141023606337, "gamma": 0.10933286702660014}, "datetime": {"datetime": "2021-09-24 10:02:24", "elapsed": 313.004978, "delta": 2.328799}}
{"target": 0.432729994107382, "params": {"C": 49.68983557959984, "epsilon": 1.2921724997833997, "gamma": 0.028767792357525267}, "datetime": {"datetime": "2021-09-24 10:02:26", "elapsed": 314.458184, "delta": 1.453206}}
{"target": 0.42164676343748264, "params": {"C": 12.832174655280207, "epsilon": 1.6096057696364898, "gamma": 0.09911022413578068}, "datetime": {"datetime": "2021-09-24 10:02:28", "elapsed": 316.401109, "delta": 1.942925}}
{"target": 0.4421148394944793, "params": {"C": 18.708823835147587, "epsilon": 1.3811275132521597, "gamma": 0.04221770490577271}, "datetime": {"datetime": "2021-09-24 10:02:30", "elapsed": 318.842846, "delta": 2.441737}}
{"target": 0.43291415833553903, "params": {"C": 17.918685389213355, "epsilon": 1.3458841166768634, "gamma": 0.07219231920044007}, "datetime": {"datetime": "2021-09-24 10:02:32", "elapsed": 320.714028, "delta": 1.871182}}
{"target": 0.40525742620833805, "params": {"C": 19.62055132358162, "epsilon": 2.522162021250737, "gamma": 0.12601485526747003}, "datetime": {"datetime": "2021-09-24 10:02:33", "elapsed": 322.122758, "delta": 1.40873}}
{"target": 0.4335429982186937, "params": {"C": 13.593428418004443, "epsilon": 1.9500682349212275, "gamma": 0.017255530178821074}, "datetime": {"datetime": "2021-09-24 10:02:36", "elapsed": 324.783241, "delta": 2.660483}}
{"target": 0.4412199169086096, "params": {"C": 18.13382514525222, "epsilon": 1.6623935430918808, "gamma": 0.03014630784444745}, "datetime": {"datetime": "2021-09-24 10:02:38", "elapsed": 326.616874, "delta": 1.833633}}
{"target": 0.43143044243045037, "params": {"C": 21.202842609397404, "epsilon": 2.699790223364146, "gamma": 0.0655304711884925}, "datetime": {"datetime": "2021-09-24 10:02:40", "elapsed": 328.820267, "delta": 2.203393}}
{"target": 0.4121650177944013, "params": {"C": 18.52545419116659, "epsilon": 1.7382994604965396, "gamma": 0.11384193070904454}, "datetime": {"datetime": "2021-09-24 10:02:43", "elapsed": 331.784097, "delta": 2.96383}}
{"target": 0.4173426562599333, "params": {"C": 8.208733062356808, "epsilon": 1.2774794841203585, "gamma": 0.09682290497162543}, "datetime": {"datetime": "2021-09-24 10:02:45", "elapsed": 334.007555, "delta": 2.223458}}
{"target": 0.41532880629339997, "params": {"C": 13.568012638588005, "epsilon": 2.2090720492775455, "gamma": 0.10922192578648328}, "datetime": {"datetime": "2021-09-24 10:02:48", "elapsed": 336.655872, "delta": 2.648317}}
{"target": 0.44156213889606044, "params": {"C": 18.437894213900297, "epsilon": 1.7333443553752907, "gamma": 0.045559074378394}, "datetime": {"datetime": "2021-09-24 10:02:50", "elapsed": 339.048424, "delta": 2.392552}}
{"target": 0.43034232555256524, "params": {"C": 13.494207928075491, "epsilon": 1.9026727742903633, "gamma": 0.07936282964362401}, "datetime": {"datetime": "2021-09-24 10:02:53", "elapsed": 341.626138, "delta": 2.577714}}
{"target": 0.4415771172210563, "params": {"C": 21.465106013268684, "epsilon": 2.835139256582311, "gamma": 0.04380543718939482}, "datetime": {"datetime": "2021-09-24 10:02:55", "elapsed": 343.70577, "delta": 2.079632}}
{"target": 0.442167577746586, "params": {"C": 15.771973591666033, "epsilon": 2.5141047748422247, "gamma": 0.04966609969051214}, "datetime": {"datetime": "2021-09-24 10:02:56", "elapsed": 345.069727, "delta": 1.363957}}
{"target": 0.4100354287276592, "params": {"C": 21.148376206245867, "epsilon": 2.7810135589482687, "gamma": 0.11314614235466575}, "datetime": {"datetime": "2021-09-24 10:02:59", "elapsed": 347.553099, "delta": 2.483372}}
{"target": 0.43145482787413914, "params": {"C": 21.207836937030127, "epsilon": 2.7504685639789583, "gamma": 0.010522823012306013}, "datetime": {"datetime": "2021-09-24 10:03:01", "elapsed": 349.53182, "delta": 1.978721}}
{"target": 0.43294701248094813, "params": {"C": 12.617792296980259, "epsilon": 1.394769729670481, "gamma": 0.018086356497275455}, "datetime": {"datetime": "2021-09-24 10:03:03", "elapsed": 351.729488, "delta": 2.197668}}
{"target": 0.44106129408624783, "params": {"C": 18.274483807810796, "epsilon": 1.610719371680442, "gamma": 0.04994762414717627}, "datetime": {"datetime": "2021-09-24 10:03:05", "elapsed": 353.591142, "delta": 1.861654}}
{"target": 0.38228518949778223, "params": {"C": 55.48710478413952, "epsilon": 1.6977326715149794, "gamma": 0.09784331177645607}, "datetime": {"datetime": "2021-09-24 10:03:06", "elapsed": 355.247908, "delta": 1.656766}}
{"target": 0.43672032160471375, "params": {"C": 13.27773560404595, "epsilon": 2.0743270321833016, "gamma": 0.025535676227070342}, "datetime": {"datetime": "2021-09-24 10:03:09", "elapsed": 357.884294, "delta": 2.636386}}
{"target": 0.35694995912040994, "params": {"C": 55.0501569423036, "epsilon": 2.304173013970054, "gamma": 0.1306808710581308}, "datetime": {"datetime": "2021-09-24 10:03:11", "elapsed": 359.68436, "delta": 1.800066}}
{"target": 0.43985715087764554, "params": {"C": 19.281203315275754, "epsilon": 1.4383958109072723, "gamma": 0.021756576657422227}, "datetime": {"datetime": "2021-09-24 10:03:14", "elapsed": 362.96379, "delta": 3.27943}}
{"target": 0.25358725511273683, "params": {"C": 13.801837901936503, "epsilon": 2.2890052803959895, "gamma": 0.001715647150209621}, "datetime": {"datetime": "2021-09-24 10:03:18", "elapsed": 367.112338, "delta": 4.148548}}
{"target": 0.4163736461333746, "params": {"C": 13.924162755206556, "epsilon": 2.2249122160504324, "gamma": 0.10554729075503101}, "datetime": {"datetime": "2021-09-24 10:03:21", "elapsed": 369.957177, "delta": 2.844839}}
{"target": 0.4116587058013059, "params": {"C": 18.773518157389308, "epsilon": 1.3553886491820826, "gamma": 0.005911156128728208}, "datetime": {"datetime": "2021-09-24 10:03:23", "elapsed": 372.140652, "delta": 2.183475}}
{"target": 0.42604875047047397, "params": {"C": 18.496258617030414, "epsilon": 1.5779982340884233, "gamma": 0.009606591313477277}, "datetime": {"datetime": "2021-09-24 10:03:26", "elapsed": 374.796128, "delta": 2.655476}}
{"target": 0.4418850903684234, "params": {"C": 18.622962029337042, "epsilon": 1.7027998894819845, "gamma": 0.03932299798895814}, "datetime": {"datetime": "2021-09-24 10:03:28", "elapsed": 377.126627, "delta": 2.330499}}
{"target": 0.441586608681389, "params": {"C": 13.93181102891149, "epsilon": 2.1472996252427246, "gamma": 0.03270621688693925}, "datetime": {"datetime": "2021-09-24 10:03:30", "elapsed": 378.953004, "delta": 1.826377}}
{"target": 0.4218431334179139, "params": {"C": 27.059672047763247, "epsilon": 2.707793747764292, "gamma": 0.0737784320599521}, "datetime": {"datetime": "2021-09-24 10:03:32", "elapsed": 380.406971, "delta": 1.453967}}
{"target": 0.40486458963797956, "params": {"C": 13.661460323055152, "epsilon": 2.548779370675869, "gamma": 0.13036514543844135}, "datetime": {"datetime": "2021-09-24 10:03:34", "elapsed": 382.440597, "delta": 2.033626}}
{"target": 0.419849540858671, "params": {"C": 28.60481700847841, "epsilon": 1.4311935679128298, "gamma": 0.07895176588103416}, "datetime": {"datetime": "2021-09-24 10:03:35", "elapsed": 383.79934, "delta": 1.358743}}
{"target": 0.35297362451289427, "params": {"C": 60.19885886910676, "epsilon": 1.088033739625699, "gamma": 0.130401888545879}, "datetime": {"datetime": "2021-09-24 10:03:36", "elapsed": 385.251914, "delta": 1.452574}}
{"target": 0.4012361630918958, "params": {"C": 21.436057369086868, "epsilon": 2.8128755524684363, "gamma": 0.13549531584113722}, "datetime": {"datetime": "2021-09-24 10:03:40", "elapsed": 388.891546, "delta": 3.639632}}
{"target": 0.41418486971738244, "params": {"C": 13.401271630815893, "epsilon": 2.2122388734420952, "gamma": 0.11213634981800441}, "datetime": {"datetime": "2021-09-24 10:03:44", "elapsed": 393.002104, "delta": 4.110558}}
{"target": 0.4352283087536837, "params": {"C": 17.64137709111128, "epsilon": 1.1916005705840003, "gamma": 0.06731543214841182}, "datetime": {"datetime": "2021-09-24 10:03:47", "elapsed": 396.20983, "delta": 3.207726}}
{"target": 0.4338533107118363, "params": {"C": 29.908630416764407, "epsilon": 1.1852752650266156, "gamma": 0.048468856138106205}, "datetime": {"datetime": "2021-09-24 10:03:49", "elapsed": 397.849812, "delta": 1.639982}}
{"target": 0.2700252802290338, "params": {"C": 50.44024268713008, "epsilon": 1.8752909922540326, "gamma": 0.0005}, "datetime": {"datetime": "2021-09-24 10:03:52", "elapsed": 400.476923, "delta": 2.627111}}
{"target": 0.42960535954233814, "params": {"C": 8.040794323385452, "epsilon": 1.269057997960606, "gamma": 0.025767061537028527}, "datetime": {"datetime": "2021-09-24 10:03:55", "elapsed": 403.513128, "delta": 3.036205}}
{"target": 0.44310600579782167, "params": {"C": 13.833708722017002, "epsilon": 2.1674239916585174, "gamma": 0.050556383229792945}, "datetime": {"datetime": "2021-09-24 10:03:57", "elapsed": 406.146899, "delta": 2.633771}}
{"target": 0.3757938659349479, "params": {"C": 38.0287392047036, "epsilon": 1.7275539310176478, "gamma": 0.14079389628815175}, "datetime": {"datetime": "2021-09-24 10:03:59", "elapsed": 408.274172, "delta": 2.127273}}
{"target": 0.4443904872094475, "params": {"C": 21.330648196377567, "epsilon": 2.1482250168264767, "gamma": 0.02153007457520711}, "datetime": {"datetime": "2021-09-24 10:04:03", "elapsed": 412.234006, "delta": 3.959834}}
{"target": 0.4397218852491953, "params": {"C": 21.41373876130593, "epsilon": 2.077505594861563, "gamma": 0.03144965906639932}, "datetime": {"datetime": "2021-09-24 10:04:08", "elapsed": 416.614704, "delta": 4.380698}}
{"target": 0.415315968076596, "params": {"C": 12.543958396548575, "epsilon": 1.5265553769053517, "gamma": 0.11325780158042818}, "datetime": {"datetime": "2021-09-24 10:04:12", "elapsed": 420.572851, "delta": 3.958147}}
{"target": 0.3693427319821897, "params": {"C": 64.67418288689964, "epsilon": 1.5740050460868247, "gamma": 0.10381785654069113}, "datetime": {"datetime": "2021-09-24 10:04:14", "elapsed": 422.859707, "delta": 2.286856}}
{"target": 0.44187975568985405, "params": {"C": 13.938263186566726, "epsilon": 2.1433515255463225, "gamma": 0.03388212554890851}, "datetime": {"datetime": "2021-09-24 10:04:16", "elapsed": 425.245872, "delta": 2.386165}}
{"target": 0.44173624624231755, "params": {"C": 13.405017198356477, "epsilon": 1.8987530824971874, "gamma": 0.034006279693452726}, "datetime": {"datetime": "2021-09-24 10:04:19", "elapsed": 427.441892, "delta": 2.19602}}
{"target": 0.4110987603301518, "params": {"C": 17.62104397826195, "epsilon": 1.3061374927995666, "gamma": 0.11722553239319317}, "datetime": {"datetime": "2021-09-24 10:04:21", "elapsed": 430.22908, "delta": 2.787188}}
{"target": 0.34151127044256335, "params": {"C": 12.725866684680371, "epsilon": 2.037616690468776, "gamma": 0.0035112485808864117}, "datetime": {"datetime": "2021-09-24 10:04:24", "elapsed": 432.684551, "delta": 2.455471}}
{"target": 0.2534785198741044, "params": {"C": 1.903983542332841, "epsilon": 1.4611187766656888, "gamma": 0.10815845774681043}, "datetime": {"datetime": "2021-09-24 10:04:26", "elapsed": 434.392109, "delta": 1.707558}}
{"target": 0.43535515953090254, "params": {"C": 19.30976878957271, "epsilon": 1.557789320224011, "gamma": 0.015554797375218648}, "datetime": {"datetime": "2021-09-24 10:04:29", "elapsed": 438.048822, "delta": 3.656713}}
{"target": 0.44213507553361864, "params": {"C": 19.226900075629395, "epsilon": 1.5977546513374017, "gamma": 0.045116092287181477}, "datetime": {"datetime": "2021-09-24 10:04:34", "elapsed": 442.493583, "delta": 4.444761}}
{"target": 0.43385639821032385, "params": {"C": 50.32888055638897, "epsilon": 2.053325526959513, "gamma": 0.023090743352437517}, "datetime": {"datetime": "2021-09-24 10:04:36", "elapsed": 445.203888, "delta": 2.710305}}
{"target": 0.38582319278648924, "params": {"C": 85.69695133332134, "epsilon": 1.8491963835038638, "gamma": 0.07084527164325063}, "datetime": {"datetime": "2021-09-24 10:04:38", "elapsed": 446.469686, "delta": 1.265798}}
{"target": 0.1358646632090088, "params": {"C": 19.37093848532838, "epsilon": 1.475123271212318, "gamma": 0.0005147520609585885}, "datetime": {"datetime": "2021-09-24 10:04:40", "elapsed": 449.15751, "delta": 2.687824}}
{"target": 0.4353199981763689, "params": {"C": 12.819940432524797, "epsilon": 1.783864546077903, "gamma": 0.021729659294023013}, "datetime": {"datetime": "2021-09-24 10:04:42", "elapsed": 451.083883, "delta": 1.926373}}
{"target": 0.44107176271578374, "params": {"C": 18.015861136413605, "epsilon": 1.7405131664735614, "gamma": 0.050828391863098385}, "datetime": {"datetime": "2021-09-24 10:04:45", "elapsed": 453.706665, "delta": 2.622782}}
{"target": 0.41384275839426543, "params": {"C": 21.401085370911396, "epsilon": 2.1867555057933714, "gamma": 0.10554902067640468}, "datetime": {"datetime": "2021-09-24 10:04:48", "elapsed": 456.417819, "delta": 2.711154}}
{"target": 0.4239829402856846, "params": {"C": 19.20873503805169, "epsilon": 1.4190722736961772, "gamma": 0.08782773580531979}, "datetime": {"datetime": "2021-09-24 10:04:50", "elapsed": 458.808976, "delta": 2.391157}}
{"target": 0.44218026623469897, "params": {"C": 15.774781929119833, "epsilon": 2.622355803723159, "gamma": 0.04664198312606799}, "datetime": {"datetime": "2021-09-24 10:04:52", "elapsed": 460.617658, "delta": 1.808682}}
{"target": 0.44230775923184673, "params": {"C": 15.844848262961422, "epsilon": 2.552551323835883, "gamma": 0.04113996059344363}, "datetime": {"datetime": "2021-09-24 10:04:54", "elapsed": 463.083029, "delta": 2.465371}}
{"target": 0.38940154466391175, "params": {"C": 70.45549376888005, "epsilon": 2.102773784147246, "gamma": 0.07579300056644518}, "datetime": {"datetime": "2021-09-24 10:04:55", "elapsed": 464.219504, "delta": 1.136475}}
{"target": 0.39949457981239256, "params": {"C": 15.766723888302943, "epsilon": 2.541598590982105, "gamma": 0.1375167760093638}, "datetime": {"datetime": "2021-09-24 10:04:57", "elapsed": 465.994679, "delta": 1.775175}}
{"target": 0.3946342639723044, "params": {"C": 12.66201576258227, "epsilon": 1.8957028983243782, "gamma": 0.15}, "datetime": {"datetime": "2021-09-24 10:05:00", "elapsed": 468.497673, "delta": 2.502994}}
{"target": 0.4263960580312526, "params": {"C": 13.875430917316576, "epsilon": 2.072781852337033, "gamma": 0.08880624128370311}, "datetime": {"datetime": "2021-09-24 10:05:02", "elapsed": 470.363799, "delta": 1.866126}}
{"target": 0.4129113464373876, "params": {"C": 19.308446235582203, "epsilon": 1.6064906581942107, "gamma": 0.11235015482516358}, "datetime": {"datetime": "2021-09-24 10:05:03", "elapsed": 471.887985, "delta": 1.524186}}
{"target": 0.4043518155653434, "params": {"C": 85.3644952913718, "epsilon": 2.290569843853404, "gamma": 0.0522740416876836}, "datetime": {"datetime": "2021-09-24 10:05:04", "elapsed": 473.058069, "delta": 1.170084}}
{"target": 0.4159747906119581, "params": {"C": 18.105711368255182, "epsilon": 1.7833849446630128, "gamma": 0.10459220727840113}, "datetime": {"datetime": "2021-09-24 10:05:06", "elapsed": 474.83821, "delta": 1.780141}}
{"target": 0.43129103374074174, "params": {"C": 14.137536864060756, "epsilon": 2.0147197752976034, "gamma": 0.014318764864232269}, "datetime": {"datetime": "2021-09-24 10:05:09", "elapsed": 477.853747, "delta": 3.015537}}
{"target": 0.4398306889483019, "params": {"C": 17.994299742619162, "epsilon": 2.996535550295692, "gamma": 0.05545638185257969}, "datetime": {"datetime": "2021-09-24 10:05:10", "elapsed": 479.079507, "delta": 1.22576}}
{"target": 0.42140060408889746, "params": {"C": 15.847934691596867, "epsilon": 2.4424894268811137, "gamma": 0.008778177681466237}, "datetime": {"datetime": "2021-09-24 10:05:12", "elapsed": 480.981057, "delta": 1.90155}}
{"target": 0.12903060917606557, "params": {"C": 18.740791769664593, "epsilon": 1.1222485806462321, "gamma": 0.0005}, "datetime": {"datetime": "2021-09-24 10:05:15", "elapsed": 483.945282, "delta": 2.964225}}
{"target": 0.44319764260107797, "params": {"C": 13.994804154580377, "epsilon": 2.035633819266523, "gamma": 0.04889774909961623}, "datetime": {"datetime": "2021-09-24 10:05:18", "elapsed": 486.297166, "delta": 2.351884}}
{"target": 0.12569906304017586, "params": {"C": 18.342426522417163, "epsilon": 1.7005981054845798, "gamma": 0.0005}, "datetime": {"datetime": "2021-09-24 10:05:20", "elapsed": 488.677086, "delta": 2.37992}}
{"target": 0.4193985345025283, "params": {"C": 21.85813239393478, "epsilon": 2.541328083184238, "gamma": 0.08733993987096285}, "datetime": {"datetime": "2021-09-24 10:05:21", "elapsed": 489.863001, "delta": 1.185915}}
{"target": 0.14436829607072077, "params": {"C": 21.419144214292363, "epsilon": 2.1714822912535987, "gamma": 0.0005}, "datetime": {"datetime": "2021-09-24 10:05:23", "elapsed": 492.028203, "delta": 2.165202}}
{"target": 0.43161759768061936, "params": {"C": 97.33265807482024, "epsilon": 1.9560231561995713, "gamma": 0.013252624803730621}, "datetime": {"datetime": "2021-09-24 10:05:24", "elapsed": 493.234642, "delta": 1.206439}}
{"target": 0.4032088184560748, "params": {"C": 13.633598594197759, "epsilon": 2.444199397847394, "gamma": 0.1340632486946043}, "datetime": {"datetime": "2021-09-24 10:05:27", "elapsed": 495.289296, "delta": 2.054654}}
