{"target": -45.782845841394156, "params": {"C": 23.735650151227265, "epsilon": 2.7299583581506615, "gamma": 0.18615236590132386}, "datetime": {"datetime": "2021-09-24 15:02:26", "elapsed": 28.342677, "delta": 0.527003}}
{"target": -58.969485078398364, "params": {"C": 24.038522393500205, "epsilon": 2.3039453674861416, "gamma": 0.0001}, "datetime": {"datetime": "2021-09-24 15:02:26", "elapsed": 29.024671, "delta": 0.681994}}
{"target": -47.21410379978232, "params": {"C": 23.82600741254119, "epsilon": 2.1478374553639363, "gamma": 0.26182668957007377}, "datetime": {"datetime": "2021-09-24 15:02:27", "elapsed": 29.533674, "delta": 0.509003}}
{"target": -44.10887510397252, "params": {"C": 23.48297981463908, "epsilon": 2.9373931603657963, "gamma": 0.009262477868221241}, "datetime": {"datetime": "2021-09-24 15:02:27", "elapsed": 29.960669, "delta": 0.426995}}
{"target": -49.672650582389814, "params": {"C": 9.916223639447487, "epsilon": 1.4781583959854874, "gamma": 0.00418595052154728}, "datetime": {"datetime": "2021-09-24 15:02:28", "elapsed": 30.302786, "delta": 0.342117}}
{"target": -45.9043293502408, "params": {"C": 24.185404176544864, "epsilon": 2.520926035961138, "gamma": 0.19374903532734378}, "datetime": {"datetime": "2021-09-24 15:02:28", "elapsed": 30.866719, "delta": 0.563933}}
{"target": -45.62088918284469, "params": {"C": 23.546169880164996, "epsilon": 2.8772008132449467, "gamma": 0.17788510855035708}, "datetime": {"datetime": "2021-09-24 15:02:29", "elapsed": 31.654772, "delta": 0.788053}}
{"target": -44.27908685835487, "params": {"C": 9.323055236648553, "epsilon": 1.3130102868459057, "gamma": 0.057737847003827385}, "datetime": {"datetime": "2021-09-24 15:02:29", "elapsed": 32.161594, "delta": 0.506822}}
{"target": -49.264816008054815, "params": {"C": 9.278461583379116, "epsilon": 1.4964209203818761, "gamma": 0.21383818104093208}, "datetime": {"datetime": "2021-09-24 15:02:30", "elapsed": 32.561592, "delta": 0.399998}}
{"target": -46.44071187241529, "params": {"C": 23.66487008388725, "epsilon": 2.504235315901041, "gamma": 0.003451665067841185}, "datetime": {"datetime": "2021-09-24 15:02:30", "elapsed": 32.909595, "delta": 0.348003}}
{"target": -44.42128418392356, "params": {"C": 23.34731479114329, "epsilon": 2.2747706192361985, "gamma": 0.11045892408433157}, "datetime": {"datetime": "2021-09-24 15:02:31", "elapsed": 33.384222, "delta": 0.474627}}
{"target": -44.897709998458026, "params": {"C": 24.03469085149682, "epsilon": 2.6180433410365613, "gamma": 0.005352109677331424}, "datetime": {"datetime": "2021-09-24 15:02:31", "elapsed": 33.848492, "delta": 0.46427}}
{"target": -47.35165347459116, "params": {"C": 23.813186536488587, "epsilon": 2.9538013436088186, "gamma": 0.26704448649452567}, "datetime": {"datetime": "2021-09-24 15:02:32", "elapsed": 34.387748, "delta": 0.539256}}
{"target": -43.96081953231569, "params": {"C": 23.242432649775658, "epsilon": 2.425632889714866, "gamma": 0.03478292798409024}, "datetime": {"datetime": "2021-09-24 15:02:32", "elapsed": 34.903751, "delta": 0.516003}}
{"target": -43.79883032325947, "params": {"C": 23.524764568832815, "epsilon": 2.2912832033134776, "gamma": 0.02166101087984538}, "datetime": {"datetime": "2021-09-24 15:02:33", "elapsed": 35.325418, "delta": 0.421667}}
{"target": -43.99688301951355, "params": {"C": 48.45747698531834, "epsilon": 2.936004801309404, "gamma": 0.016545984101412305}, "datetime": {"datetime": "2021-09-24 15:02:33", "elapsed": 35.654283, "delta": 0.328865}}
{"target": -43.88942738059235, "params": {"C": 48.64074924166986, "epsilon": 2.9244888673636122, "gamma": 0.0480482676704948}, "datetime": {"datetime": "2021-09-24 15:02:34", "elapsed": 36.322157, "delta": 0.667874}}
{"target": -57.83674583404442, "params": {"C": 5.064016186243999, "epsilon": 2.8794571506914632, "gamma": 0.5595918925035909}, "datetime": {"datetime": "2021-09-24 15:02:34", "elapsed": 36.636792, "delta": 0.314635}}
{"target": -44.092406433313684, "params": {"C": 23.245171041637054, "epsilon": 2.8040427872664235, "gamma": 0.01046324716740045}, "datetime": {"datetime": "2021-09-24 15:02:35", "elapsed": 37.348388, "delta": 0.711596}}
{"target": -44.314544845079745, "params": {"C": 24.900578360209447, "epsilon": 2.828764653892076, "gamma": 0.10091210120651734}, "datetime": {"datetime": "2021-09-24 15:02:35", "elapsed": 37.694022, "delta": 0.345634}}
{"target": -44.346619021653126, "params": {"C": 24.73170223945264, "epsilon": 2.7837215205637578, "gamma": 0.10629887792124262}, "datetime": {"datetime": "2021-09-24 15:02:35", "elapsed": 38.0624, "delta": 0.368378}}
{"target": -43.698189456440005, "params": {"C": 23.03825947327854, "epsilon": 2.632467111086666, "gamma": 0.04629083135079725}, "datetime": {"datetime": "2021-09-24 15:02:36", "elapsed": 38.7014, "delta": 0.639}}
{"target": -44.56532417441957, "params": {"C": 22.996916928464053, "epsilon": 2.8097190679968413, "gamma": 0.12186623979923851}, "datetime": {"datetime": "2021-09-24 15:02:37", "elapsed": 39.365011, "delta": 0.663611}}
{"target": -44.45846874204636, "params": {"C": 40.35448242140632, "epsilon": 1.3111791221372435, "gamma": 0.0943141130169948}, "datetime": {"datetime": "2021-09-24 15:02:37", "elapsed": 39.778247, "delta": 0.413236}}
{"target": -45.329329872469245, "params": {"C": 23.20408766336609, "epsilon": 2.6557181720060616, "gamma": 0.16510823751217563}, "datetime": {"datetime": "2021-09-24 15:02:38", "elapsed": 40.508869, "delta": 0.730622}}
{"target": -45.118619561774324, "params": {"C": 23.03837437244259, "epsilon": 2.420000969508884, "gamma": 0.15378821763797149}, "datetime": {"datetime": "2021-09-24 15:02:38", "elapsed": 41.13386, "delta": 0.624991}}
{"target": -58.133520353635824, "params": {"C": 13.184611234716202, "epsilon": 2.6334130082490854, "gamma": 0.9134993528049089}, "datetime": {"datetime": "2021-09-24 15:02:39", "elapsed": 41.531415, "delta": 0.397555}}
{"target": -55.466176141504086, "params": {"C": 40.06810429140193, "epsilon": 1.727640680873834, "gamma": 0.9440384954499292}, "datetime": {"datetime": "2021-09-24 15:02:39", "elapsed": 41.931012, "delta": 0.399597}}
{"target": -46.38175843573749, "params": {"C": 48.51873686127706, "epsilon": 2.756851828728674, "gamma": 0.19090839524415912}, "datetime": {"datetime": "2021-09-24 15:02:40", "elapsed": 42.39846, "delta": 0.467448}}
{"target": -45.808394207694185, "params": {"C": 22.8102611386771, "epsilon": 2.658748916245889, "gamma": 0.1856575590707752}, "datetime": {"datetime": "2021-09-24 15:02:40", "elapsed": 42.899461, "delta": 0.501001}}
{"target": -59.02783702096872, "params": {"C": 22.820477928958297, "epsilon": 2.7927729009734357, "gamma": 0.0001}, "datetime": {"datetime": "2021-09-24 15:02:41", "elapsed": 43.434159, "delta": 0.534698}}
{"target": -53.87846850493286, "params": {"C": 32.53515231890699, "epsilon": 1.8689391625396337, "gamma": 0.6973918182371894}, "datetime": {"datetime": "2021-09-24 15:02:41", "elapsed": 43.821446, "delta": 0.387287}}
{"target": -44.17764971280589, "params": {"C": 22.681649702332894, "epsilon": 2.704496251164382, "gamma": 0.0902896748775672}, "datetime": {"datetime": "2021-09-24 15:02:41", "elapsed": 44.24624, "delta": 0.424794}}
{"target": -44.003663483058666, "params": {"C": 22.645140252786756, "epsilon": 2.5495725652976784, "gamma": 0.03323791130328429}, "datetime": {"datetime": "2021-09-24 15:02:42", "elapsed": 44.82325, "delta": 0.57701}}
{"target": -45.51157616970257, "params": {"C": 23.880796755674584, "epsilon": 2.4087426658839166, "gamma": 0.17460963783544753}, "datetime": {"datetime": "2021-09-24 15:02:42", "elapsed": 45.24724, "delta": 0.42399}}
{"target": -46.12848272108668, "params": {"C": 22.564394302375206, "epsilon": 2.634197314029485, "gamma": 0.20133810425653334}, "datetime": {"datetime": "2021-09-24 15:02:43", "elapsed": 45.804544, "delta": 0.557304}}
{"target": -46.017803255468266, "params": {"C": 23.165546256684426, "epsilon": 2.9074609356877392, "gamma": 0.19656292533801115}, "datetime": {"datetime": "2021-09-24 15:02:44", "elapsed": 46.462447, "delta": 0.657903}}
{"target": -57.49043527176916, "params": {"C": 6.560230988288127, "epsilon": 2.422551706029646, "gamma": 0.5815864203294753}, "datetime": {"datetime": "2021-09-24 15:02:44", "elapsed": 46.848623, "delta": 0.386176}}
{"target": -54.704432936749534, "params": {"C": 49.71947980753567, "epsilon": 2.5791446210015185, "gamma": 0.9072408423033186}, "datetime": {"datetime": "2021-09-24 15:02:45", "elapsed": 47.283584, "delta": 0.434961}}
{"target": -47.78780310580283, "params": {"C": 23.019915486887918, "epsilon": 2.6975131740161924, "gamma": 0.2882232092435473}, "datetime": {"datetime": "2021-09-24 15:02:45", "elapsed": 47.841471, "delta": 0.557887}}
{"target": -46.81675349239625, "params": {"C": 9.557025119954405, "epsilon": 1.2687340243751477, "gamma": 0.14896879378146918}, "datetime": {"datetime": "2021-09-24 15:02:46", "elapsed": 48.275841, "delta": 0.43437}}
{"target": -44.73284917331466, "params": {"C": 40.45322931394584, "epsilon": 1.1178287621382665, "gamma": 0.1046473869534827}, "datetime": {"datetime": "2021-09-24 15:02:46", "elapsed": 48.89084, "delta": 0.614999}}
{"target": -43.849605732261985, "params": {"C": 23.422787300538214, "epsilon": 2.4780819000051335, "gamma": 0.022377120794482726}, "datetime": {"datetime": "2021-09-24 15:02:47", "elapsed": 49.431907, "delta": 0.541067}}
{"target": -44.04251068525502, "params": {"C": 24.924722942751163, "epsilon": 2.814380223141347, "gamma": 0.0748868679014922}, "datetime": {"datetime": "2021-09-24 15:02:47", "elapsed": 49.908104, "delta": 0.476197}}
{"target": -53.34529827865883, "params": {"C": 27.66737139113682, "epsilon": 0.9393441892541812, "gamma": 0.594512599535949}, "datetime": {"datetime": "2021-09-24 15:02:48", "elapsed": 50.342117, "delta": 0.434013}}
{"target": -46.33081547076392, "params": {"C": 22.767239803244482, "epsilon": 2.4394415485264593, "gamma": 0.2134270208241328}, "datetime": {"datetime": "2021-09-24 15:02:48", "elapsed": 50.846124, "delta": 0.504007}}
{"target": -51.52185983032853, "params": {"C": 20.928761611995846, "epsilon": 2.0673866734864936, "gamma": 0.4248149538069295}, "datetime": {"datetime": "2021-09-24 15:02:49", "elapsed": 51.275121, "delta": 0.428997}}
{"target": -44.543750708528044, "params": {"C": 40.562623054814765, "epsilon": 1.2983311532912247, "gamma": 0.00403847550103272}, "datetime": {"datetime": "2021-09-24 15:02:49", "elapsed": 52.060538, "delta": 0.785417}}
{"target": -46.32479157821286, "params": {"C": 40.55730690811382, "epsilon": 1.2752380110467825, "gamma": 0.22341168169481843}, "datetime": {"datetime": "2021-09-24 15:02:50", "elapsed": 52.86768, "delta": 0.807142}}
{"target": -46.811477499355384, "params": {"C": 48.80190262763748, "epsilon": 2.9747200099710702, "gamma": 0.223828050590541}, "datetime": {"datetime": "2021-09-24 15:02:51", "elapsed": 53.309679, "delta": 0.441999}}
{"target": -46.95966824574149, "params": {"C": 48.449195990437254, "epsilon": 2.977733091937687, "gamma": 0.23902073881598576}, "datetime": {"datetime": "2021-09-24 15:02:51", "elapsed": 54.160884, "delta": 0.851205}}
{"target": -57.95946769687534, "params": {"C": 17.17251959867048, "epsilon": 0.45787820304449306, "gamma": 0.9760837538663286}, "datetime": {"datetime": "2021-09-24 15:02:52", "elapsed": 54.900867, "delta": 0.739983}}
{"target": -57.812382194749, "params": {"C": 48.68626012190194, "epsilon": 2.7165984801412533, "gamma": 0.0001}, "datetime": {"datetime": "2021-09-24 15:02:53", "elapsed": 55.836644, "delta": 0.935777}}
{"target": -43.94088152755341, "params": {"C": 23.098272492407425, "epsilon": 2.1160480976171607, "gamma": 0.03639958726274028}, "datetime": {"datetime": "2021-09-24 15:02:54", "elapsed": 56.456068, "delta": 0.619424}}
{"target": -58.99225682669081, "params": {"C": 23.315959509407527, "epsilon": 2.075046732591893, "gamma": 0.0001}, "datetime": {"datetime": "2021-09-24 15:02:54", "elapsed": 57.064064, "delta": 0.607996}}
{"target": -44.168277450646656, "params": {"C": 22.954901278606012, "epsilon": 2.2320648129538996, "gamma": 0.010046973179842017}, "datetime": {"datetime": "2021-09-24 15:02:55", "elapsed": 57.905943, "delta": 0.841879}}
{"target": -45.77555402585144, "params": {"C": 33.86463233739304, "epsilon": 2.373011961022439, "gamma": 0.18741345166867557}, "datetime": {"datetime": "2021-09-24 15:02:56", "elapsed": 58.542604, "delta": 0.636661}}
{"target": -47.49955475573604, "params": {"C": 23.067251009304044, "epsilon": 2.2223322362083504, "gamma": 0.27521511867049375}, "datetime": {"datetime": "2021-09-24 15:02:57", "elapsed": 59.694292, "delta": 1.151688}}
{"target": -52.33013304196415, "params": {"C": 40.223322841562435, "epsilon": 1.1123497596175143, "gamma": 0.0005803779198771935}, "datetime": {"datetime": "2021-09-24 15:02:58", "elapsed": 60.812939, "delta": 1.118647}}
{"target": -43.58222596062632, "params": {"C": 22.91069968015276, "epsilon": 1.956163748578266, "gamma": 0.059410286961161865}, "datetime": {"datetime": "2021-09-24 15:02:59", "elapsed": 61.921856, "delta": 1.108917}}
{"target": -44.35332715163404, "params": {"C": 22.807476832357, "epsilon": 2.0856767295226635, "gamma": 0.10589454608015543}, "datetime": {"datetime": "2021-09-24 15:03:00", "elapsed": 62.942691, "delta": 1.020835}}
{"target": -45.15640021741312, "params": {"C": 22.961393516668444, "epsilon": 2.080629848872782, "gamma": 0.15561302640475977}, "datetime": {"datetime": "2021-09-24 15:03:01", "elapsed": 64.064616, "delta": 1.121925}}
{"target": -53.594326086514165, "params": {"C": 36.218061026166204, "epsilon": 1.0999431681533998, "gamma": 0.7078235122023991}, "datetime": {"datetime": "2021-09-24 15:03:02", "elapsed": 64.987524, "delta": 0.922908}}
{"target": -44.9902780958058, "params": {"C": 40.41336498332106, "epsilon": 1.5317321798351304, "gamma": 0.11808893284863728}, "datetime": {"datetime": "2021-09-24 15:03:03", "elapsed": 65.934699, "delta": 0.947175}}
{"target": -43.6029790676371, "params": {"C": 22.612801799639694, "epsilon": 1.9183503478853268, "gamma": 0.06287492559039339}, "datetime": {"datetime": "2021-09-24 15:03:05", "elapsed": 67.64026, "delta": 1.705561}}
{"target": -57.71262432833016, "params": {"C": 17.08294264450796, "epsilon": 0.0448407603010918, "gamma": 0.9219247351823507}, "datetime": {"datetime": "2021-09-24 15:03:06", "elapsed": 68.299916, "delta": 0.659656}}
{"target": -43.84828593322811, "params": {"C": 22.64425866594304, "epsilon": 1.6768263110854107, "gamma": 0.040614608940560355}, "datetime": {"datetime": "2021-09-24 15:03:07", "elapsed": 69.322913, "delta": 1.022997}}
{"target": -51.80209621741978, "params": {"C": 36.201510724369626, "epsilon": 1.1352045489277627, "gamma": 0.5663436273550917}, "datetime": {"datetime": "2021-09-24 15:03:07", "elapsed": 70.144674, "delta": 0.821761}}
{"target": -45.49900455635553, "params": {"C": 22.760905175842346, "epsilon": 1.816619935534847, "gamma": 0.17286189297000407}, "datetime": {"datetime": "2021-09-24 15:03:08", "elapsed": 71.124306, "delta": 0.979632}}
{"target": -45.962944087859164, "params": {"C": 22.532897958878138, "epsilon": 1.7361883938098903, "gamma": 0.1928844194632361}, "datetime": {"datetime": "2021-09-24 15:03:09", "elapsed": 71.725787, "delta": 0.601481}}
{"target": -47.597970711156705, "params": {"C": 22.627158087524666, "epsilon": 2.020972039932601, "gamma": 0.2789069507220102}, "datetime": {"datetime": "2021-09-24 15:03:10", "elapsed": 72.877541, "delta": 1.151754}}
{"target": -44.742112320761855, "params": {"C": 22.792193376710284, "epsilon": 1.5623424249137314, "gamma": 0.12971638385567383}, "datetime": {"datetime": "2021-09-24 15:03:11", "elapsed": 73.79168, "delta": 0.914139}}
{"target": -44.95781534779249, "params": {"C": 23.03984916854394, "epsilon": 2.450084475741124, "gamma": 0.14470135973298612}, "datetime": {"datetime": "2021-09-24 15:03:12", "elapsed": 74.493656, "delta": 0.701976}}
{"target": -54.86184640415232, "params": {"C": 7.212345316779073, "epsilon": 2.4688223999421, "gamma": 0.39845953891088687}, "datetime": {"datetime": "2021-09-24 15:03:12", "elapsed": 75.042618, "delta": 0.548962}}
{"target": -44.86522727613353, "params": {"C": 22.609757713932527, "epsilon": 1.4693108528974337, "gamma": 0.13708733354408312}, "datetime": {"datetime": "2021-09-24 15:03:13", "elapsed": 75.829136, "delta": 0.786518}}
{"target": -44.05599176341831, "params": {"C": 40.679896090683165, "epsilon": 1.0695484387194618, "gamma": 0.025977689144354936}, "datetime": {"datetime": "2021-09-24 15:03:14", "elapsed": 77.264879, "delta": 1.435743}}
{"target": -57.2947361339306, "params": {"C": 2.6157900322194148, "epsilon": 1.237502733353879, "gamma": 0.3640291069651183}, "datetime": {"datetime": "2021-09-24 15:03:15", "elapsed": 77.823151, "delta": 0.558272}}
{"target": -46.07076559254374, "params": {"C": 9.215033336052251, "epsilon": 1.119073007504353, "gamma": 0.011589907019434352}, "datetime": {"datetime": "2021-09-24 15:03:16", "elapsed": 78.634151, "delta": 0.811}}
{"target": -45.23915400644203, "params": {"C": 40.68504945396029, "epsilon": 0.7984526442655493, "gamma": 0.14124223560533294}, "datetime": {"datetime": "2021-09-24 15:03:17", "elapsed": 79.673694, "delta": 1.039543}}
{"target": -59.004942669545535, "params": {"C": 22.874916022512746, "epsilon": 1.7369257093183395, "gamma": 0.0001}, "datetime": {"datetime": "2021-09-24 15:03:18", "elapsed": 80.444185, "delta": 0.770491}}
{"target": -51.55421813236744, "params": {"C": 24.336630135863413, "epsilon": 0.40912728973189044, "gamma": 0.45568710812771}, "datetime": {"datetime": "2021-09-24 15:03:18", "elapsed": 81.208185, "delta": 0.764}}
{"target": -49.44932546340376, "params": {"C": 22.85390018214201, "epsilon": 1.4246062492264198, "gamma": 0.3590541106913573}, "datetime": {"datetime": "2021-09-24 15:03:19", "elapsed": 82.086056, "delta": 0.877871}}
{"target": -45.39800455396358, "params": {"C": 31.379121341926158, "epsilon": 0.8207405295317993, "gamma": 0.1716581445579184}, "datetime": {"datetime": "2021-09-24 15:03:20", "elapsed": 82.89805, "delta": 0.811994}}
{"target": -43.71569446318147, "params": {"C": 22.571795161544358, "epsilon": 2.2959858950316008, "gamma": 0.04643855718196244}, "datetime": {"datetime": "2021-09-24 15:03:21", "elapsed": 83.976991, "delta": 1.078941}}
{"target": -43.882641584119085, "params": {"C": 22.375792086156306, "epsilon": 2.084966411838434, "gamma": 0.01640398726580579}, "datetime": {"datetime": "2021-09-24 15:03:22", "elapsed": 85.187941, "delta": 1.21095}}
{"target": -56.08967272793515, "params": {"C": 24.213589496105325, "epsilon": 1.8598309094198433, "gamma": 0.8132579737183008}, "datetime": {"datetime": "2021-09-24 15:03:23", "elapsed": 86.062406, "delta": 0.874465}}
{"target": -47.46112668973397, "params": {"C": 22.268498695167132, "epsilon": 0.5727764292888134, "gamma": 0.27259317295641183}, "datetime": {"datetime": "2021-09-24 15:03:24", "elapsed": 87.023489, "delta": 0.961083}}
{"target": -59.05925923929459, "params": {"C": 22.361459367388203, "epsilon": 2.3182852281103767, "gamma": 0.0001}, "datetime": {"datetime": "2021-09-24 15:03:25", "elapsed": 87.946263, "delta": 0.922774}}
{"target": -43.98537526413094, "params": {"C": 22.465330704632947, "epsilon": 1.9439306644215573, "gamma": 0.08093427544264878}, "datetime": {"datetime": "2021-09-24 15:03:26", "elapsed": 88.631598, "delta": 0.685335}}
{"target": -46.059937402185376, "params": {"C": 40.690791739664306, "epsilon": 1.0100879877747313, "gamma": 0.20838805705717886}, "datetime": {"datetime": "2021-09-24 15:03:27", "elapsed": 89.427599, "delta": 0.796001}}
{"target": -50.589269070020535, "params": {"C": 5.447216326398266, "epsilon": 1.8449163489971179, "gamma": 0.19241337626221777}, "datetime": {"datetime": "2021-09-24 15:03:27", "elapsed": 90.044084, "delta": 0.616485}}
{"target": -43.886380530418315, "params": {"C": 22.27651114216829, "epsilon": 1.7575369379697274, "gamma": 0.015078748703081112}, "datetime": {"datetime": "2021-09-24 15:03:28", "elapsed": 90.958949, "delta": 0.914865}}
{"target": -44.92910943790876, "params": {"C": 25.42560981279313, "epsilon": 1.2516564301177766, "gamma": 0.14646923604017625}, "datetime": {"datetime": "2021-09-24 15:03:29", "elapsed": 91.50865, "delta": 0.549701}}
{"target": -45.38515296856849, "params": {"C": 24.49423004254982, "epsilon": 2.931257186668581, "gamma": 0.16714309896165166}, "datetime": {"datetime": "2021-09-24 15:03:29", "elapsed": 92.074444, "delta": 0.565794}}
{"target": -46.239734707319506, "params": {"C": 23.995714977961466, "epsilon": 2.6813752955151102, "gamma": 0.2117808808385047}, "datetime": {"datetime": "2021-09-24 15:03:30", "elapsed": 92.74041, "delta": 0.665966}}
{"target": -43.93097555488869, "params": {"C": 22.24791208988174, "epsilon": 1.9882076066875407, "gamma": 0.028655946729010312}, "datetime": {"datetime": "2021-09-24 15:03:31", "elapsed": 93.51041, "delta": 0.77}}
{"target": -43.77388738083613, "params": {"C": 22.710493330847875, "epsilon": 2.291763804428221, "gamma": 0.04305112713223736}, "datetime": {"datetime": "2021-09-24 15:03:32", "elapsed": 94.27585, "delta": 0.76544}}
{"target": -43.840739322232075, "params": {"C": 22.345916787372985, "epsilon": 1.5774548028944886, "gamma": 0.018463144093197114}, "datetime": {"datetime": "2021-09-24 15:03:32", "elapsed": 95.059843, "delta": 0.783993}}
{"target": -58.095463364352234, "params": {"C": 14.840884504489338, "epsilon": 1.2358507672705388, "gamma": 0.9452972652623504}, "datetime": {"datetime": "2021-09-24 15:03:33", "elapsed": 95.645274, "delta": 0.585431}}
{"target": -43.86028486966527, "params": {"C": 22.46627684222926, "epsilon": 1.6749449690373888, "gamma": 0.025113634648340773}, "datetime": {"datetime": "2021-09-24 15:03:34", "elapsed": 96.478592, "delta": 0.833318}}
{"target": -54.21664469447675, "params": {"C": 25.26575714741151, "epsilon": 0.8976812111791489, "gamma": 0.6381643983101212}, "datetime": {"datetime": "2021-09-24 15:03:34", "elapsed": 97.0882, "delta": 0.609608}}
