{"target": 0.038151121216456585, "params": {"C": 2.797931927516945, "epsilon": 0.44090640609837806, "gamma": 0.5820444649913248}, "datetime": {"datetime": "2021-09-24 08:48:13", "elapsed": 506.536675, "delta": 1.663585}}
{"target": 0.4042733796991209, "params": {"C": 21.19613394620427, "epsilon": 0.49806175791306107, "gamma": 0.12677573741813966}, "datetime": {"datetime": "2021-09-24 08:48:15", "elapsed": 508.191538, "delta": 1.654863}}
{"target": 0.43361032322906234, "params": {"C": 30.635138559563032, "epsilon": 0.2592736367600783, "gamma": 0.010525585058492886}, "datetime": {"datetime": "2021-09-24 08:48:18", "elapsed": 511.373454, "delta": 3.181916}}
{"target": 0.13387877744212817, "params": {"C": 41.47283898140374, "epsilon": 0.01367099012758186, "gamma": 0.9863051583298976}, "datetime": {"datetime": "2021-09-24 08:48:20", "elapsed": 512.976989, "delta": 1.603535}}
{"target": 0.42618171573900276, "params": {"C": 19.007204787400944, "epsilon": 0.08851485827928485, "gamma": 0.009955930055375106}, "datetime": {"datetime": "2021-09-24 08:48:23", "elapsed": 516.166023, "delta": 3.189034}}
{"target": 0.3185626129863388, "params": {"C": 91.52746958878065, "epsilon": 0.338897489718342, "gamma": 0.1444353608699124}, "datetime": {"datetime": "2021-09-24 08:48:25", "elapsed": 517.865599, "delta": 1.699576}}
{"target": 0.44036206909200815, "params": {"C": 53.84841038603576, "epsilon": 0.09318926383244724, "gamma": 0.010138263902976636}, "datetime": {"datetime": "2021-09-24 08:48:28", "elapsed": 521.238097, "delta": 3.372498}}
{"target": 0.37179262487958264, "params": {"C": 53.77585096694635, "epsilon": 0.05871826037926251, "gamma": 0.11711529585993784}, "datetime": {"datetime": "2021-09-24 08:48:31", "elapsed": 523.758162, "delta": 2.520065}}
{"target": 0.3365002891811363, "params": {"C": 27.653686414036404, "epsilon": 0.12643413969086575, "gamma": 0.0015015180016118006}, "datetime": {"datetime": "2021-09-24 08:48:34", "elapsed": 526.834275, "delta": 3.076113}}
{"target": 0.3348678096620421, "params": {"C": 72.24051031782771, "epsilon": 0.7664887076424729, "gamma": 0.14227757557674883}, "datetime": {"datetime": "2021-09-24 08:48:35", "elapsed": 528.525331, "delta": 1.691056}}
{"target": 0.43330758636645583, "params": {"C": 30.20000741756083, "epsilon": 0.27126402370587405, "gamma": 0.039916624544568416}, "datetime": {"datetime": "2021-09-24 08:48:39", "elapsed": 532.082413, "delta": 3.557082}}
{"target": 0.3838439556677946, "params": {"C": 28.370937739705894, "epsilon": 0.7877801083087851, "gamma": 0.002451872905553134}, "datetime": {"datetime": "2021-09-24 08:48:42", "elapsed": 535.604652, "delta": 3.522239}}
{"target": 0.10739786058925116, "params": {"C": 22.09850080437786, "epsilon": 0.36779991516324106, "gamma": 0.8639951547070628}, "datetime": {"datetime": "2021-09-24 08:48:44", "elapsed": 537.244005, "delta": 1.639353}}
{"target": 0.0411675165648675, "params": {"C": 27.983903714669005, "epsilon": 0.6670968510188993, "gamma": 0.0001}, "datetime": {"datetime": "2021-09-24 08:48:49", "elapsed": 541.728126, "delta": 4.484121}}
{"target": 0.05072795377002659, "params": {"C": 34.14992196957124, "epsilon": 0.13218137369215394, "gamma": 0.0001}, "datetime": {"datetime": "2021-09-24 08:48:52", "elapsed": 545.227984, "delta": 3.499858}}
{"target": 0.03092492858403839, "params": {"C": 6.870665261338062, "epsilon": 0.9534948823001701, "gamma": 0.9608056716980604}, "datetime": {"datetime": "2021-09-24 08:48:54", "elapsed": 547.024842, "delta": 1.796858}}
{"target": 0.39677561663354866, "params": {"C": 34.31235191754442, "epsilon": 0.04041608839089492, "gamma": 0.1081613776189106}, "datetime": {"datetime": "2021-09-24 08:48:57", "elapsed": 550.607359, "delta": 3.582517}}
{"target": 0.44100932055464914, "params": {"C": 27.964995095968472, "epsilon": 0.37252047970028357, "gamma": 0.015403448648200781}, "datetime": {"datetime": "2021-09-24 08:49:02", "elapsed": 554.861646, "delta": 4.254287}}
{"target": 0.43538215723703355, "params": {"C": 27.825237363751388, "epsilon": 0.40094664868754515, "gamma": 0.05164266010778514}, "datetime": {"datetime": "2021-09-24 08:49:05", "elapsed": 557.886094, "delta": 3.024448}}
{"target": 0.0906893690348689, "params": {"C": 20.894459055441533, "epsilon": 0.42342427690029516, "gamma": 0.9302184789897585}, "datetime": {"datetime": "2021-09-24 08:49:06", "elapsed": 559.561548, "delta": 1.675454}}
{"target": 0.4312122757632705, "params": {"C": 33.9273777790949, "epsilon": 0.13412567179355914, "gamma": 0.055157617244931206}, "datetime": {"datetime": "2021-09-24 08:49:10", "elapsed": 563.537028, "delta": 3.97548}}
{"target": 0.40174802771035023, "params": {"C": 17.415472454106403, "epsilon": 0.8527276867081883, "gamma": 0.13634387026943245}, "datetime": {"datetime": "2021-09-24 08:49:12", "elapsed": 565.189936, "delta": 1.652908}}
{"target": 0.4259185565945398, "params": {"C": 19.145047315918443, "epsilon": 0.11967893852023455, "gamma": 0.012692435362102187}, "datetime": {"datetime": "2021-09-24 08:49:15", "elapsed": 568.674937, "delta": 3.485001}}
{"target": 0.33558711571453237, "params": {"C": 18.695863325519422, "epsilon": 0.8621572133864857, "gamma": 0.00225542128775192}, "datetime": {"datetime": "2021-09-24 08:49:19", "elapsed": 572.18045, "delta": 3.505513}}
{"target": 0.4163985400159609, "params": {"C": 18.982178720199265, "epsilon": 0.013140470711959028, "gamma": 0.10745000385769998}, "datetime": {"datetime": "2021-09-24 08:49:23", "elapsed": 576.198376, "delta": 4.017926}}
{"target": 0.39250393402201256, "params": {"C": 34.25569223426958, "epsilon": 0.27276520258850895, "gamma": 0.11700030581504306}, "datetime": {"datetime": "2021-09-24 08:49:28", "elapsed": 581.225275, "delta": 5.026899}}
{"target": 0.3782764349661475, "params": {"C": 32.88953490276969, "epsilon": 0.11103504030579875, "gamma": 0.15786330260530687}, "datetime": {"datetime": "2021-09-24 08:49:32", "elapsed": 585.413237, "delta": 4.187962}}
{"target": 0.40898518958527097, "params": {"C": 33.498101687968294, "epsilon": 0.2970744576408068, "gamma": 0.09067264937904501}, "datetime": {"datetime": "2021-09-24 08:49:36", "elapsed": 589.659249, "delta": 4.246012}}
{"target": 0.07249679804553211, "params": {"C": 12.011945080375472, "epsilon": 0.5281285607549304, "gamma": 0.8225331355374395}, "datetime": {"datetime": "2021-09-24 08:49:38", "elapsed": 591.491763, "delta": 1.832514}}
{"target": 0.3970963224014866, "params": {"C": 27.11144524784966, "epsilon": 0.2787510525631336, "gamma": 0.1274828124441088}, "datetime": {"datetime": "2021-09-24 08:49:42", "elapsed": 594.930104, "delta": 3.438341}}
{"target": 0.42182479334699075, "params": {"C": 9.528887634024702, "epsilon": 0.38817628730323833, "gamma": 0.09709737626620349}, "datetime": {"datetime": "2021-09-24 08:49:46", "elapsed": 599.063819, "delta": 4.133715}}
{"target": 0.28080446022154415, "params": {"C": 71.16770121915751, "epsilon": 0.01964193547245303, "gamma": 0.5278224037241916}, "datetime": {"datetime": "2021-09-24 08:49:48", "elapsed": 600.763046, "delta": 1.699227}}
{"target": 0.3732692992522475, "params": {"C": 33.957561223190375, "epsilon": 0.18736206683723405, "gamma": 0.16760391552912776}, "datetime": {"datetime": "2021-09-24 08:49:51", "elapsed": 604.596112, "delta": 3.833066}}
{"target": 0.4363498672060563, "params": {"C": 28.337574378308556, "epsilon": 0.4806728214245719, "gamma": 0.03429192932046627}, "datetime": {"datetime": "2021-09-24 08:49:55", "elapsed": 607.783275, "delta": 3.187163}}
{"target": 0.42357542821074745, "params": {"C": 18.561726687313524, "epsilon": 0.42655545843665066, "gamma": 0.09170754347337805}, "datetime": {"datetime": "2021-09-24 08:49:59", "elapsed": 612.33434, "delta": 4.551065}}
{"target": 0.08405164759179662, "params": {"C": 10.666488312468477, "epsilon": 0.8676584052917657, "gamma": 0.7217826785172875}, "datetime": {"datetime": "2021-09-24 08:50:01", "elapsed": 614.155726, "delta": 1.821386}}
{"target": 0.3922113400135713, "params": {"C": 27.90729431223697, "epsilon": 0.5093332379210083, "gamma": 0.13734498478401336}, "datetime": {"datetime": "2021-09-24 08:50:05", "elapsed": 617.960334, "delta": 3.804608}}
{"target": 0.43923598332956637, "params": {"C": 14.210739029616953, "epsilon": 0.5463221115332809, "gamma": 0.05936074770397972}, "datetime": {"datetime": "2021-09-24 08:50:08", "elapsed": 621.474329, "delta": 3.513995}}
{"target": 0.4386273507416226, "params": {"C": 33.657644823746416, "epsilon": 0.458687897566307, "gamma": 0.010868110640315598}, "datetime": {"datetime": "2021-09-24 08:50:12", "elapsed": 625.568063, "delta": 4.093734}}
{"target": 0.3067347121933641, "params": {"C": 60.15585149744497, "epsilon": 0.15644279096367292, "gamma": 0.2876271422148331}, "datetime": {"datetime": "2021-09-24 08:50:14", "elapsed": 627.33477, "delta": 1.766707}}
{"target": 0.40480692193580525, "params": {"C": 18.685245751615316, "epsilon": 0.5494552406177807, "gamma": 0.005409647498920835}, "datetime": {"datetime": "2021-09-24 08:50:18", "elapsed": 631.617325, "delta": 4.282555}}
{"target": 0.1234206162100151, "params": {"C": 27.78258036926046, "epsilon": 0.7794362748051743, "gamma": 0.00031381001100491153}, "datetime": {"datetime": "2021-09-24 08:50:22", "elapsed": 635.188689, "delta": 3.571364}}
{"target": 0.4342849347624218, "params": {"C": 30.623835836778603, "epsilon": 0.13728609749189388, "gamma": 0.03509153199062333}, "datetime": {"datetime": "2021-09-24 08:50:24", "elapsed": 637.07098, "delta": 1.882291}}
{"target": 0.36749607487743197, "params": {"C": 28.122956621822148, "epsilon": 0.544544376867769, "gamma": 0.20217627594964643}, "datetime": {"datetime": "2021-09-24 08:50:27", "elapsed": 640.554743, "delta": 3.483763}}
{"target": 0.43917010071885965, "params": {"C": 30.7394824751641, "epsilon": 0.038222298308806336, "gamma": 0.023363014378850452}, "datetime": {"datetime": "2021-09-24 08:50:34", "elapsed": 647.167028, "delta": 6.612285}}
{"target": 0.37276153816578694, "params": {"C": 27.35682835957687, "epsilon": 0.3875715814194994, "gamma": 0.19091475392273166}, "datetime": {"datetime": "2021-09-24 08:50:38", "elapsed": 651.498429, "delta": 4.331401}}
{"target": 0.33064226972252786, "params": {"C": 50.9884604186874, "epsilon": 0.7796008786087569, "gamma": 0.21526629942778844}, "datetime": {"datetime": "2021-09-24 08:50:40", "elapsed": 653.69943, "delta": 2.201001}}
{"target": 0.4368643209271206, "params": {"C": 27.99056727058229, "epsilon": 0.8745847505448378, "gamma": 0.030013599363130875}, "datetime": {"datetime": "2021-09-24 08:50:46", "elapsed": 659.272995, "delta": 5.573565}}
{"target": 0.4181117775544293, "params": {"C": 9.467557518270265, "epsilon": 0.2892862743085774, "gamma": 0.10321010185841067}, "datetime": {"datetime": "2021-09-24 08:50:50", "elapsed": 663.17516, "delta": 3.902165}}
{"target": 0.1931483404314729, "params": {"C": 50.327679882853545, "epsilon": 0.7759230088252801, "gamma": 0.8054995691095265}, "datetime": {"datetime": "2021-09-24 08:50:52", "elapsed": 664.977497, "delta": 1.802337}}
{"target": 0.4348930176606507, "params": {"C": 27.2370370700319, "epsilon": 0.547787353051328, "gamma": 0.04599229691211632}, "datetime": {"datetime": "2021-09-24 08:50:56", "elapsed": 669.238551, "delta": 4.261054}}
{"target": 0.41071977160101114, "params": {"C": 27.53707320120427, "epsilon": 0.33386312215593983, "gamma": 0.09779215363720313}, "datetime": {"datetime": "2021-09-24 08:51:00", "elapsed": 673.443529, "delta": 4.204978}}
{"target": 0.044086225535348245, "params": {"C": 30.260462027330345, "epsilon": 0.495767794818164, "gamma": 0.0001}, "datetime": {"datetime": "2021-09-24 08:51:05", "elapsed": 678.68961, "delta": 5.246081}}
{"target": 0.17184755202993973, "params": {"C": 27.327370196608936, "epsilon": 0.6033428059471104, "gamma": 0.6904774518084911}, "datetime": {"datetime": "2021-09-24 08:51:07", "elapsed": 680.642152, "delta": 1.952542}}
{"target": 0.40918272917915943, "params": {"C": 30.288996430455835, "epsilon": 0.22434081752436366, "gamma": 0.09508070003117565}, "datetime": {"datetime": "2021-09-24 08:51:11", "elapsed": 684.503982, "delta": 3.86183}}
{"target": 0.22314216245954221, "params": {"C": 72.49075133561597, "epsilon": 0.08634964829198719, "gamma": 0.7930226262967917}, "datetime": {"datetime": "2021-09-24 08:51:13", "elapsed": 686.425077, "delta": 1.921095}}
{"target": 0.25615908391943387, "params": {"C": 71.51761577464093, "epsilon": 0.42202002087587975, "gamma": 0.6501691242636747}, "datetime": {"datetime": "2021-09-24 08:51:16", "elapsed": 688.991063, "delta": 2.565986}}
{"target": 0.4058141703308249, "params": {"C": 30.451910164352718, "epsilon": 0.602365334340668, "gamma": 0.10109924480617975}, "datetime": {"datetime": "2021-09-24 08:51:19", "elapsed": 692.563415, "delta": 3.572352}}
{"target": 0.40101207078826717, "params": {"C": 27.83319819962811, "epsilon": 0.001, "gamma": 0.11538703022845122}, "datetime": {"datetime": "2021-09-24 08:51:25", "elapsed": 698.1315, "delta": 5.568085}}
{"target": 0.3835320817296637, "params": {"C": 30.102792212470373, "epsilon": 0.5287392183740015, "gamma": 0.15228634735479452}, "datetime": {"datetime": "2021-09-24 08:51:30", "elapsed": 702.751896, "delta": 4.620396}}
{"target": 0.31051831691152876, "params": {"C": 71.4483524425309, "epsilon": 0.9373936201613843, "gamma": 0.20034390082356307}, "datetime": {"datetime": "2021-09-24 08:51:32", "elapsed": 704.797311, "delta": 2.045415}}
{"target": 0.3983678926015257, "params": {"C": 27.961066107518263, "epsilon": 0.7959612558273418, "gamma": 0.12317411177503444}, "datetime": {"datetime": "2021-09-24 08:51:38", "elapsed": 710.932989, "delta": 6.135678}}
{"target": 0.43249422655409664, "params": {"C": 30.521038694909972, "epsilon": 0.5257966592475787, "gamma": 0.0552851982264147}, "datetime": {"datetime": "2021-09-24 08:51:45", "elapsed": 717.735069, "delta": 6.80208}}
{"target": 0.4294707559157389, "params": {"C": 52.626682673663574, "epsilon": 0.5106210894488329, "gamma": 0.03072626611362705}, "datetime": {"datetime": "2021-09-24 08:51:46", "elapsed": 719.707792, "delta": 1.972723}}
{"target": 0.25210184726552676, "params": {"C": 86.57129215098708, "epsilon": 0.6163596572226887, "gamma": 0.6869986769464277}, "datetime": {"datetime": "2021-09-24 08:51:49", "elapsed": 721.840928, "delta": 2.133136}}
{"target": 0.31403371445831474, "params": {"C": 42.87698613656992, "epsilon": 0.3429721529648123, "gamma": 0.35870787811507593}, "datetime": {"datetime": "2021-09-24 08:51:51", "elapsed": 724.115532, "delta": 2.274604}}
{"target": 0.43856830636192345, "params": {"C": 14.301811656599622, "epsilon": 0.8112781514212946, "gamma": 0.06482990880384946}, "datetime": {"datetime": "2021-09-24 08:51:57", "elapsed": 729.991228, "delta": 5.875696}}
{"target": 0.39833538804721125, "params": {"C": 28.374945560739718, "epsilon": 0.56476047668002, "gamma": 0.12172934147334787}, "datetime": {"datetime": "2021-09-24 08:52:02", "elapsed": 735.257844, "delta": 5.266616}}
{"target": 0.2769379657724681, "params": {"C": 74.53295240751093, "epsilon": 0.8004687099615517, "gamma": 0.5422655700450021}, "datetime": {"datetime": "2021-09-24 08:52:04", "elapsed": 737.509441, "delta": 2.251597}}
{"target": 0.21106289991750227, "params": {"C": 27.479540123763886, "epsilon": 0.27863286711238344, "gamma": 0.5786641672642505}, "datetime": {"datetime": "2021-09-24 08:52:06", "elapsed": 739.468602, "delta": 1.959161}}
{"target": 0.33810466919172044, "params": {"C": 72.23579306495462, "epsilon": 0.7566491080286974, "gamma": 0.1366635316648893}, "datetime": {"datetime": "2021-09-24 08:52:09", "elapsed": 742.190602, "delta": 2.722}}
{"target": 0.3420036838124486, "params": {"C": 88.92310541146037, "epsilon": 0.8242274879330859, "gamma": 0.11187147609475262}, "datetime": {"datetime": "2021-09-24 08:52:11", "elapsed": 744.312184, "delta": 2.121582}}
{"target": 0.3987319382417046, "params": {"C": 27.93146188401153, "epsilon": 0.2670373035590083, "gamma": 0.12082021832509239}, "datetime": {"datetime": "2021-09-24 08:52:18", "elapsed": 751.38944, "delta": 7.077256}}
{"target": 0.11974952217904333, "params": {"C": 14.39250318289297, "epsilon": 0.38833942195407234, "gamma": 0.674119520598969}, "datetime": {"datetime": "2021-09-24 08:52:21", "elapsed": 753.740494, "delta": 2.351054}}
{"target": 0.32297379936737913, "params": {"C": 61.44162203685969, "epsilon": 0.23982297805807196, "gamma": 0.195620633427551}, "datetime": {"datetime": "2021-09-24 08:52:23", "elapsed": 755.884571, "delta": 2.144077}}
{"target": 0.3557567043508677, "params": {"C": 14.369987998532116, "epsilon": 0.7151081076323984, "gamma": 0.0034475006703738645}, "datetime": {"datetime": "2021-09-24 08:52:27", "elapsed": 760.298572, "delta": 4.414001}}
{"target": 0.3986032126161295, "params": {"C": 53.84797635876447, "epsilon": 0.2139393267438902, "gamma": 0.08490882924717723}, "datetime": {"datetime": "2021-09-24 08:52:32", "elapsed": 765.003447, "delta": 4.704875}}
{"target": 0.32790153139820355, "params": {"C": 5.084887453482199, "epsilon": 0.7942723296576468, "gamma": 0.15466397274584498}, "datetime": {"datetime": "2021-09-24 08:52:34", "elapsed": 767.175779, "delta": 2.172332}}
{"target": 0.21060222078949098, "params": {"C": 82.56602854444476, "epsilon": 0.7673815263334575, "gamma": 0.875186536762336}, "datetime": {"datetime": "2021-09-24 08:52:36", "elapsed": 769.347363, "delta": 2.171584}}
{"target": 0.354256380347997, "params": {"C": 30.43676620610789, "epsilon": 0.5060036192149404, "gamma": 0.0015516630841990535}, "datetime": {"datetime": "2021-09-24 08:52:42", "elapsed": 775.028021, "delta": 5.680658}}
{"target": 0.4440690886316435, "params": {"C": 18.423648015648332, "epsilon": 0.019104659418753358, "gamma": 0.036997191488018714}, "datetime": {"datetime": "2021-09-24 08:52:47", "elapsed": 780.246075, "delta": 5.218054}}
{"target": 0.41402652979280097, "params": {"C": 14.396854999678986, "epsilon": 0.5097972802040345, "gamma": 0.008649742572765603}, "datetime": {"datetime": "2021-09-24 08:52:51", "elapsed": 784.006949, "delta": 3.760874}}
{"target": 0.4167795893454468, "params": {"C": 14.910233771214738, "epsilon": 0.6030537325139325, "gamma": 0.11009569251594027}, "datetime": {"datetime": "2021-09-24 08:52:55", "elapsed": 788.707087, "delta": 4.700138}}
{"target": 0.42328630892360464, "params": {"C": 19.231071711760762, "epsilon": 0.7010155849027115, "gamma": 0.009324724272079624}, "datetime": {"datetime": "2021-09-24 08:53:00", "elapsed": 793.070311, "delta": 4.363224}}
{"target": 0.42727993866740144, "params": {"C": 27.467633794257274, "epsilon": 0.6749168956907566, "gamma": 0.0701693834863253}, "datetime": {"datetime": "2021-09-24 08:53:05", "elapsed": 797.726767, "delta": 4.656456}}
{"target": 0.42040743612525544, "params": {"C": 27.72081627082542, "epsilon": 0.44268062901015337, "gamma": 0.005345016998466873}, "datetime": {"datetime": "2021-09-24 08:53:08", "elapsed": 801.637026, "delta": 3.910259}}
{"target": 0.2772500204648559, "params": {"C": 46.34404335256529, "epsilon": 0.6670522458696345, "gamma": 0.5190817317590621}, "datetime": {"datetime": "2021-09-24 08:53:11", "elapsed": 803.814533, "delta": 2.177507}}
{"target": 0.380807072244288, "params": {"C": 18.383964389998546, "epsilon": 0.632612946740149, "gamma": 0.17775723248656333}, "datetime": {"datetime": "2021-09-24 08:53:15", "elapsed": 808.397843, "delta": 4.58331}}
{"target": 0.1846636518463055, "params": {"C": 17.567550772641443, "epsilon": 0.3992140065217429, "gamma": 0.5377146582714978}, "datetime": {"datetime": "2021-09-24 08:53:17", "elapsed": 810.582357, "delta": 2.184514}}
{"target": 0.43324170091529024, "params": {"C": 27.667188672210088, "epsilon": 0.3525187449643561, "gamma": 0.057597574476469814}, "datetime": {"datetime": "2021-09-24 08:53:22", "elapsed": 815.693953, "delta": 5.111596}}
{"target": 0.4343268885334426, "params": {"C": 28.850064321508405, "epsilon": 0.6958605730274069, "gamma": 0.01091568629795625}, "datetime": {"datetime": "2021-09-24 08:53:27", "elapsed": 820.011551, "delta": 4.317598}}
{"target": 0.35262726047670256, "params": {"C": 53.527987139358025, "epsilon": 0.23475685735538215, "gamma": 0.149170747402294}, "datetime": {"datetime": "2021-09-24 08:53:32", "elapsed": 825.060354, "delta": 5.048803}}
{"target": 0.22153885838077936, "params": {"C": 18.283338884089773, "epsilon": 0.450186939341728, "gamma": 0.46589201794798335}, "datetime": {"datetime": "2021-09-24 08:53:34", "elapsed": 827.399789, "delta": 2.339435}}
{"target": 0.07395984348216011, "params": {"C": 7.5424545652407735, "epsilon": 0.6526232625902085, "gamma": 0.666027447702117}, "datetime": {"datetime": "2021-09-24 08:53:36", "elapsed": 829.658678, "delta": 2.258889}}
{"target": 0.44094749278931433, "params": {"C": 19.16623014047098, "epsilon": 0.6056830945036624, "gamma": 0.02463696306805331}, "datetime": {"datetime": "2021-09-24 08:53:45", "elapsed": 838.486681, "delta": 8.828003}}
{"target": 0.4418685199944741, "params": {"C": 30.337761932637015, "epsilon": 0.3385917786753327, "gamma": 0.020647347260380026}, "datetime": {"datetime": "2021-09-24 08:53:51", "elapsed": 843.876487, "delta": 5.389806}}
{"target": 0.433105810544668, "params": {"C": 28.10778573739593, "epsilon": 0.8524337634551264, "gamma": 0.05687366139233715}, "datetime": {"datetime": "2021-09-24 08:53:58", "elapsed": 851.072997, "delta": 7.19651}}
{"target": 0.2776938048239248, "params": {"C": 89.26423872447182, "epsilon": 0.5351626767592201, "gamma": 0.4310576101620887}, "datetime": {"datetime": "2021-09-24 08:54:00", "elapsed": 853.358349, "delta": 2.285352}}
{"target": 0.36134782002360966, "params": {"C": 18.96992541283465, "epsilon": 0.6332059216984787, "gamma": 0.21902163130708246}, "datetime": {"datetime": "2021-09-24 08:54:06", "elapsed": 859.524384, "delta": 6.166035}}
{"target": 0.42469730913010073, "params": {"C": 18.500734050179837, "epsilon": 0.9027668250421799, "gamma": 0.08852122883665894}, "datetime": {"datetime": "2021-09-24 08:54:11", "elapsed": 864.187477, "delta": 4.663093}}
