{"target": 0.43979001727369127, "params": {"C": 14.451692812428885, "epsilon": 0.756807440220044, "gamma": 0.06072099879400384}, "datetime": {"datetime": "2021-09-24 09:13:09", "elapsed": 77.047062, "delta": 0.919616}}
{"target": 0.4368388464225009, "params": {"C": 21.28897189540852, "epsilon": 0.83612414978116, "gamma": 0.016882508257708373}, "datetime": {"datetime": "2021-09-24 09:13:10", "elapsed": 78.085015, "delta": 1.037953}}
{"target": 0.4414941646953282, "params": {"C": 14.329176687168124, "epsilon": 0.6216999947404329, "gamma": 0.04846606933460758}, "datetime": {"datetime": "2021-09-24 09:13:12", "elapsed": 79.221459, "delta": 1.136444}}
{"target": 0.4326204788680017, "params": {"C": 14.415844263687605, "epsilon": 0.7665907231901613, "gamma": 0.019115631099350786}, "datetime": {"datetime": "2021-09-24 09:13:12", "elapsed": 80.029506, "delta": 0.808047}}
{"target": 0.41771418310534536, "params": {"C": 94.60925449737934, "epsilon": 0.6344758274215365, "gamma": 0.02897288912847482}, "datetime": {"datetime": "2021-09-24 09:13:13", "elapsed": 80.672781, "delta": 0.643275}}
{"target": 0.3890274984222636, "params": {"C": 28.96423603968254, "epsilon": 0.41234241964096974, "gamma": 0.14184847737182738}, "datetime": {"datetime": "2021-09-24 09:13:14", "elapsed": 81.329554, "delta": 0.656773}}
{"target": 0.4400529622884287, "params": {"C": 14.382039054183318, "epsilon": 0.6302084988242745, "gamma": 0.05765498406458017}, "datetime": {"datetime": "2021-09-24 09:13:15", "elapsed": 82.236368, "delta": 0.906814}}
{"target": 0.4268373869378501, "params": {"C": 20.30850833804362, "epsilon": 0.8775476803335236, "gamma": 0.011382004870782739}, "datetime": {"datetime": "2021-09-24 09:13:15", "elapsed": 82.888461, "delta": 0.652093}}
{"target": 0.43879669390219744, "params": {"C": 89.07283817552612, "epsilon": 0.480857230446395, "gamma": 0.006135492756667061}, "datetime": {"datetime": "2021-09-24 09:13:16", "elapsed": 83.606604, "delta": 0.718143}}
{"target": 0.43697752907376175, "params": {"C": 21.498714673997203, "epsilon": 0.6414114943704194, "gamma": 0.05577970156345536}, "datetime": {"datetime": "2021-09-24 09:13:17", "elapsed": 84.412177, "delta": 0.805573}}
{"target": 0.43117598086937714, "params": {"C": 25.137465640625653, "epsilon": 0.03830098981585595, "gamma": 0.01049335633786257}, "datetime": {"datetime": "2021-09-24 09:13:17", "elapsed": 84.978437, "delta": 0.56626}}
{"target": 0.4357161064413604, "params": {"C": 45.74088559888428, "epsilon": 0.8213402742865, "gamma": 0.0186530563158378}, "datetime": {"datetime": "2021-09-24 09:13:18", "elapsed": 85.847042, "delta": 0.868605}}
{"target": 0.37989130490700806, "params": {"C": 34.64320500365199, "epsilon": 0.7403613226494746, "gamma": 0.1435727323185025}, "datetime": {"datetime": "2021-09-24 09:13:19", "elapsed": 86.497664, "delta": 0.650622}}
{"target": 0.4417286985908895, "params": {"C": 21.656779218599006, "epsilon": 0.42281260089622424, "gamma": 0.033759558839556586}, "datetime": {"datetime": "2021-09-24 09:13:20", "elapsed": 87.258967, "delta": 0.761303}}
{"target": 0.3386206143939555, "params": {"C": 70.66733811829742, "epsilon": 0.7501348319974105, "gamma": 0.13836520784875936}, "datetime": {"datetime": "2021-09-24 09:13:20", "elapsed": 88.006455, "delta": 0.747488}}
{"target": 0.4390684411606225, "params": {"C": 21.494146124781327, "epsilon": 0.6274357592591591, "gamma": 0.019111601539239194}, "datetime": {"datetime": "2021-09-24 09:13:21", "elapsed": 88.79487, "delta": 0.788415}}
{"target": 0.4407442567045785, "params": {"C": 21.630188323974433, "epsilon": 0.4354041364931286, "gamma": 0.03735785096227618}, "datetime": {"datetime": "2021-09-24 09:13:22", "elapsed": 89.549889, "delta": 0.755019}}
{"target": 0.43887887855846397, "params": {"C": 21.364534455450837, "epsilon": 0.7697269732923835, "gamma": 0.04842975342287888}, "datetime": {"datetime": "2021-09-24 09:13:23", "elapsed": 90.403429, "delta": 0.85354}}
{"target": 0.43243848016336417, "params": {"C": 12.603051925422909, "epsilon": 0.42925987119801934, "gamma": 0.0760755965847426}, "datetime": {"datetime": "2021-09-24 09:13:24", "elapsed": 91.299363, "delta": 0.895934}}
{"target": 0.4264231091026246, "params": {"C": 44.9067845240036, "epsilon": 0.7429114902683087, "gamma": 0.05001808681446691}, "datetime": {"datetime": "2021-09-24 09:13:24", "elapsed": 91.952513, "delta": 0.65315}}
{"target": 0.4362020032247008, "params": {"C": 21.531525919803965, "epsilon": 0.5505463484806498, "gamma": 0.06041598793878087}, "datetime": {"datetime": "2021-09-24 09:13:25", "elapsed": 92.858771, "delta": 0.906258}}
{"target": 0.44286506808047266, "params": {"C": 21.09962912369687, "epsilon": 0.7479520460098784, "gamma": 0.032346918332603815}, "datetime": {"datetime": "2021-09-24 09:13:26", "elapsed": 93.593168, "delta": 0.734397}}
{"target": 0.4368381597222669, "params": {"C": 21.357005845269455, "epsilon": 0.7797027581294051, "gamma": 0.017223341743360966}, "datetime": {"datetime": "2021-09-24 09:13:27", "elapsed": 94.613665, "delta": 1.020497}}
{"target": 0.43271093473282307, "params": {"C": 14.390928708515471, "epsilon": 0.5630152046670791, "gamma": 0.01921693700189867}, "datetime": {"datetime": "2021-09-24 09:13:28", "elapsed": 95.511878, "delta": 0.898213}}
{"target": 0.4404155823947544, "params": {"C": 12.606836414049118, "epsilon": 0.4698764999395553, "gamma": 0.03455911233772361}, "datetime": {"datetime": "2021-09-24 09:13:29", "elapsed": 96.350887, "delta": 0.839009}}
{"target": 0.437574387011172, "params": {"C": 21.25841654851945, "epsilon": 0.8075499484701781, "gamma": 0.01786575814865832}, "datetime": {"datetime": "2021-09-24 09:13:30", "elapsed": 97.313078, "delta": 0.962191}}
{"target": 0.4379773791680821, "params": {"C": 14.37983355116153, "epsilon": 0.5880575943448697, "gamma": 0.029641386522354943}, "datetime": {"datetime": "2021-09-24 09:13:31", "elapsed": 98.256827, "delta": 0.943749}}
{"target": 0.44081792109296924, "params": {"C": 21.540835378448712, "epsilon": 0.6200436830367811, "gamma": 0.03807548438099749}, "datetime": {"datetime": "2021-09-24 09:13:32", "elapsed": 99.246684, "delta": 0.989857}}
{"target": 0.4446968492511093, "params": {"C": 21.298942602857114, "epsilon": 0.46080473009794826, "gamma": 0.027040998001949257}, "datetime": {"datetime": "2021-09-24 09:13:33", "elapsed": 100.557729, "delta": 1.311045}}
{"target": 0.43919831113094365, "params": {"C": 21.261034431894213, "epsilon": 0.48219814757654583, "gamma": 0.019518479071721242}, "datetime": {"datetime": "2021-09-24 09:13:35", "elapsed": 102.15051, "delta": 1.592781}}
{"target": 0.3707600797467181, "params": {"C": 49.68379609783286, "epsilon": 0.32395691020241285, "gamma": 0.12700793392025297}, "datetime": {"datetime": "2021-09-24 09:13:35", "elapsed": 102.922519, "delta": 0.772009}}
{"target": 0.43887065629351596, "params": {"C": 21.532420058801236, "epsilon": 0.5822184634559195, "gamma": 0.01898980081520426}, "datetime": {"datetime": "2021-09-24 09:13:37", "elapsed": 104.193796, "delta": 1.271277}}
{"target": 0.43575365259578436, "params": {"C": 21.445434578842463, "epsilon": 0.5332592371042794, "gamma": 0.06221774461332893}, "datetime": {"datetime": "2021-09-24 09:13:38", "elapsed": 105.866359, "delta": 1.672563}}
{"target": 0.44112402599207134, "params": {"C": 21.421373286366517, "epsilon": 0.5029007761625134, "gamma": 0.042366002043858104}, "datetime": {"datetime": "2021-09-24 09:13:39", "elapsed": 106.773065, "delta": 0.906706}}
{"target": 0.44400363939498455, "params": {"C": 21.657255743343157, "epsilon": 0.4222738863889385, "gamma": 0.030316548286813884}, "datetime": {"datetime": "2021-09-24 09:13:40", "elapsed": 107.455318, "delta": 0.682253}}
{"target": 0.36804434640986083, "params": {"C": 59.88219545672247, "epsilon": 0.8559069936959197, "gamma": 0.11152239946086057}, "datetime": {"datetime": "2021-09-24 09:13:41", "elapsed": 108.262633, "delta": 0.807315}}
{"target": 0.388497391276745, "params": {"C": 48.15751891698541, "epsilon": 0.5605383858443403, "gamma": 0.10134054927673186}, "datetime": {"datetime": "2021-09-24 09:13:41", "elapsed": 109.09468, "delta": 0.832047}}
{"target": 0.441263143770969, "params": {"C": 21.390968150596677, "epsilon": 0.5319853597108075, "gamma": 0.02047520752187707}, "datetime": {"datetime": "2021-09-24 09:13:43", "elapsed": 110.253559, "delta": 1.158879}}
{"target": 0.4375706794390617, "params": {"C": 21.3374932903403, "epsilon": 0.5018089832210693, "gamma": 0.0540765695189017}, "datetime": {"datetime": "2021-09-24 09:13:44", "elapsed": 111.212359, "delta": 0.9588}}
{"target": 0.44132854220139406, "params": {"C": 14.214540815821435, "epsilon": 0.6489057039467284, "gamma": 0.04586689292318941}, "datetime": {"datetime": "2021-09-24 09:13:45", "elapsed": 112.208723, "delta": 0.996364}}
{"target": 0.3891603319945748, "params": {"C": 29.813118537134468, "epsilon": 0.30137528051431983, "gamma": 0.13807329374516306}, "datetime": {"datetime": "2021-09-24 09:13:45", "elapsed": 113.010827, "delta": 0.802104}}
{"target": 0.43748251893285306, "params": {"C": 14.262700273012198, "epsilon": 0.651041530739336, "gamma": 0.06657459150476346}, "datetime": {"datetime": "2021-09-24 09:13:47", "elapsed": 114.180667, "delta": 1.16984}}
{"target": 0.4035728397981546, "params": {"C": 8.748544459656264, "epsilon": 0.41255634463383695, "gamma": 0.11582168101621527}, "datetime": {"datetime": "2021-09-24 09:13:48", "elapsed": 115.197098, "delta": 1.016431}}
{"target": 0.4364297779166828, "params": {"C": 21.41789898490596, "epsilon": 0.7540349253428035, "gamma": 0.06013136925265419}, "datetime": {"datetime": "2021-09-24 09:13:49", "elapsed": 116.442338, "delta": 1.24524}}
{"target": 0.4373218385159189, "params": {"C": 21.300790914451138, "epsilon": 0.47804071188808084, "gamma": 0.05574407765814063}, "datetime": {"datetime": "2021-09-24 09:13:51", "elapsed": 118.36763, "delta": 1.925292}}
{"target": 0.4317830555523582, "params": {"C": 92.94218456659233, "epsilon": 0.13134492468864808, "gamma": 0.0033163617830352884}, "datetime": {"datetime": "2021-09-24 09:13:52", "elapsed": 119.536882, "delta": 1.169252}}
{"target": 0.41199531513570453, "params": {"C": 67.24086489584482, "epsilon": 0.5331867274470351, "gamma": 0.057981297349231284}, "datetime": {"datetime": "2021-09-24 09:13:53", "elapsed": 120.710282, "delta": 1.1734}}
{"target": 0.4102298285175163, "params": {"C": 92.60769123764534, "epsilon": 0.18989115074914503, "gamma": 0.043562654319408436}, "datetime": {"datetime": "2021-09-24 09:13:54", "elapsed": 121.616996, "delta": 0.906714}}
{"target": 0.44445126453850137, "params": {"C": 21.088564375178183, "epsilon": 0.8360114464785144, "gamma": 0.028810779283860496}, "datetime": {"datetime": "2021-09-24 09:13:55", "elapsed": 122.747966, "delta": 1.13097}}
{"target": 0.43771615700904276, "params": {"C": 21.258945370852736, "epsilon": 0.5741191758230592, "gamma": 0.05359377914120197}, "datetime": {"datetime": "2021-09-24 09:13:57", "elapsed": 124.111664, "delta": 1.363698}}
{"target": 0.43656117296896024, "params": {"C": 21.42474425400269, "epsilon": 0.8481135969033312, "gamma": 0.0580934970691805}, "datetime": {"datetime": "2021-09-24 09:13:58", "elapsed": 125.200589, "delta": 1.088925}}
{"target": 0.40573743325540557, "params": {"C": 21.06067135903658, "epsilon": 0.8743417463173263, "gamma": 0.004912884075617032}, "datetime": {"datetime": "2021-09-24 09:13:59", "elapsed": 126.344304, "delta": 1.143715}}
{"target": 0.4254823930474979, "params": {"C": 78.04659185671125, "epsilon": 0.4583222658659687, "gamma": 0.02156386970063239}, "datetime": {"datetime": "2021-09-24 09:14:00", "elapsed": 127.278104, "delta": 0.9338}}
{"target": 0.3932575974035035, "params": {"C": 26.227761682803674, "epsilon": 0.5812656787853341, "gamma": 0.141742383413331}, "datetime": {"datetime": "2021-09-24 09:14:01", "elapsed": 128.165085, "delta": 0.886981}}
{"target": 0.44171383327899594, "params": {"C": 21.241709937908333, "epsilon": 0.5800097692219794, "gamma": 0.020955586011376363}, "datetime": {"datetime": "2021-09-24 09:14:02", "elapsed": 129.547298, "delta": 1.382213}}
{"target": 0.43041259493548367, "params": {"C": 60.34949849268219, "epsilon": 0.6603517476664741, "gamma": 0.02468407562140368}, "datetime": {"datetime": "2021-09-24 09:14:03", "elapsed": 130.545122, "delta": 0.997824}}
{"target": 0.4441014499925482, "params": {"C": 21.299843164268488, "epsilon": 0.5446074943718011, "gamma": 0.02591579668209647}, "datetime": {"datetime": "2021-09-24 09:14:05", "elapsed": 132.210739, "delta": 1.665617}}
{"target": 0.43370258713969767, "params": {"C": 21.436016023379985, "epsilon": 0.8045323245320043, "gamma": 0.06827127320898231}, "datetime": {"datetime": "2021-09-24 09:14:06", "elapsed": 133.51564, "delta": 1.304901}}
{"target": 0.43600259286443965, "params": {"C": 21.06897027684516, "epsilon": 0.8637719061534828, "gamma": 0.06427970923304538}, "datetime": {"datetime": "2021-09-24 09:14:07", "elapsed": 134.642719, "delta": 1.127079}}
{"target": 0.4402085767996583, "params": {"C": 14.183331531796862, "epsilon": 0.6791848525180355, "gamma": 0.03978468240952111}, "datetime": {"datetime": "2021-09-24 09:14:08", "elapsed": 135.686931, "delta": 1.044212}}
{"target": 0.425662895024414, "params": {"C": 68.51138474968296, "epsilon": 0.4298417233620482, "gamma": 0.02995923357212338}, "datetime": {"datetime": "2021-09-24 09:14:09", "elapsed": 136.60797, "delta": 0.921039}}
{"target": 0.3391147431595739, "params": {"C": 93.94933207888266, "epsilon": 0.4344275677618827, "gamma": 0.11033179826398508}, "datetime": {"datetime": "2021-09-24 09:14:10", "elapsed": 137.623647, "delta": 1.015677}}
{"target": 0.39207602907345074, "params": {"C": 61.69870940367275, "epsilon": 0.49079265817705753, "gamma": 0.08437988100085572}, "datetime": {"datetime": "2021-09-24 09:14:11", "elapsed": 138.542113, "delta": 0.918466}}
{"target": 0.4412193758323588, "params": {"C": 21.489397053219154, "epsilon": 0.7480774198945305, "gamma": 0.0363071935311642}, "datetime": {"datetime": "2021-09-24 09:14:12", "elapsed": 139.812017, "delta": 1.269904}}
{"target": 0.39473044740424335, "params": {"C": 21.293993400953333, "epsilon": 0.6029073848742402, "gamma": 0.003933445002761044}, "datetime": {"datetime": "2021-09-24 09:14:14", "elapsed": 141.415517, "delta": 1.6035}}
{"target": 0.44284840040941786, "params": {"C": 21.08613929263498, "epsilon": 0.793229689002165, "gamma": 0.0218981148014017}, "datetime": {"datetime": "2021-09-24 09:14:15", "elapsed": 142.760621, "delta": 1.345104}}
{"target": 0.43097941629847203, "params": {"C": 21.452792927292226, "epsilon": 0.7440225662904263, "gamma": 0.07229146945014839}, "datetime": {"datetime": "2021-09-24 09:14:16", "elapsed": 144.006066, "delta": 1.245445}}
{"target": 0.4320678010487391, "params": {"C": 7.2816679164730065, "epsilon": 0.9388550263023535, "gamma": 0.032203816323880204}, "datetime": {"datetime": "2021-09-24 09:14:17", "elapsed": 144.838791, "delta": 0.832725}}
{"target": 0.423630708707592, "params": {"C": 21.471904323611778, "epsilon": 0.7921493186404251, "gamma": 0.00845511587311998}, "datetime": {"datetime": "2021-09-24 09:14:18", "elapsed": 146.042029, "delta": 1.203238}}
{"target": 0.44127396930470364, "params": {"C": 21.533706036625563, "epsilon": 0.5103981581437944, "gamma": 0.034506882172083066}, "datetime": {"datetime": "2021-09-24 09:14:20", "elapsed": 147.358645, "delta": 1.316616}}
{"target": 0.4273345837135094, "params": {"C": 38.90936542528404, "epsilon": 0.9359581253155526, "gamma": 0.0539576733908952}, "datetime": {"datetime": "2021-09-24 09:14:21", "elapsed": 148.213665, "delta": 0.85502}}
{"target": 0.4300171357699435, "params": {"C": 21.483218868238904, "epsilon": 0.535916420565677, "gamma": 0.012555856742720695}, "datetime": {"datetime": "2021-09-24 09:14:22", "elapsed": 149.821648, "delta": 1.607983}}
{"target": 0.4255333703001941, "params": {"C": 21.22342992359767, "epsilon": 0.5385203650259359, "gamma": 0.010853754860435594}, "datetime": {"datetime": "2021-09-24 09:14:24", "elapsed": 151.276129, "delta": 1.454481}}
{"target": 0.4450583511235826, "params": {"C": 21.365974247829133, "epsilon": 0.5875565520830774, "gamma": 0.028902583134567422}, "datetime": {"datetime": "2021-09-24 09:14:25", "elapsed": 152.464044, "delta": 1.187915}}
{"target": 0.43706294033152604, "params": {"C": 21.38989366828214, "epsilon": 0.5365943441634826, "gamma": 0.0562964698877302}, "datetime": {"datetime": "2021-09-24 09:14:26", "elapsed": 153.787178, "delta": 1.323134}}
{"target": 0.3503084665940607, "params": {"C": 80.46040786194294, "epsilon": 0.7904853194559084, "gamma": 0.10920074253355397}, "datetime": {"datetime": "2021-09-24 09:14:27", "elapsed": 154.677627, "delta": 0.890449}}
{"target": 0.4381691958566891, "params": {"C": 21.399468061345612, "epsilon": 0.6003589507625225, "gamma": 0.050241152980675045}, "datetime": {"datetime": "2021-09-24 09:14:28", "elapsed": 155.849995, "delta": 1.172368}}
{"target": 0.43079320799684007, "params": {"C": 21.14608267357364, "epsilon": 0.7882520132822678, "gamma": 0.013007725754560873}, "datetime": {"datetime": "2021-09-24 09:14:30", "elapsed": 157.106553, "delta": 1.256558}}
{"target": 0.4176843430818241, "params": {"C": 21.50001241693477, "epsilon": 0.7599949924770357, "gamma": 0.09901873174625402}, "datetime": {"datetime": "2021-09-24 09:14:31", "elapsed": 158.626191, "delta": 1.519638}}
{"target": 0.4382411011533972, "params": {"C": 21.349557735720918, "epsilon": 0.438048254249302, "gamma": 0.04701470431642961}, "datetime": {"datetime": "2021-09-24 09:14:32", "elapsed": 159.816973, "delta": 1.190782}}
{"target": 0.439639889297324, "params": {"C": 21.484749186666523, "epsilon": 0.597360431034376, "gamma": 0.044180591711760184}, "datetime": {"datetime": "2021-09-24 09:14:33", "elapsed": 161.035647, "delta": 1.218674}}
{"target": 0.4365614879440246, "params": {"C": 28.102792470290762, "epsilon": 0.002636204440054207, "gamma": 0.03365417794670576}, "datetime": {"datetime": "2021-09-24 09:14:34", "elapsed": 161.954594, "delta": 0.918947}}
{"target": 0.4261037978453919, "params": {"C": 21.405448523656396, "epsilon": 0.728589975174399, "gamma": 0.010700257144402505}, "datetime": {"datetime": "2021-09-24 09:14:36", "elapsed": 163.440291, "delta": 1.485697}}
{"target": 0.44106724496114913, "params": {"C": 12.560936487882527, "epsilon": 0.43651637690459305, "gamma": 0.04008513936818429}, "datetime": {"datetime": "2021-09-24 09:14:37", "elapsed": 164.88317, "delta": 1.442879}}
{"target": 0.4317221547608594, "params": {"C": 12.664365748694117, "epsilon": 0.4604323266254225, "gamma": 0.01780356009248302}, "datetime": {"datetime": "2021-09-24 09:14:39", "elapsed": 166.156996, "delta": 1.273826}}
{"target": 0.4437949514320316, "params": {"C": 21.322076558660484, "epsilon": 0.7372532288419671, "gamma": 0.03035291637639848}, "datetime": {"datetime": "2021-09-24 09:14:40", "elapsed": 167.874582, "delta": 1.717586}}
{"target": 0.43823907387541816, "params": {"C": 14.48167452451912, "epsilon": 0.7817833735837967, "gamma": 0.03006014711278324}, "datetime": {"datetime": "2021-09-24 09:14:42", "elapsed": 169.360185, "delta": 1.485603}}
{"target": 0.4378421779128898, "params": {"C": 21.320266598568235, "epsilon": 0.5587654588242122, "gamma": 0.05176578910483491}, "datetime": {"datetime": "2021-09-24 09:14:43", "elapsed": 170.742374, "delta": 1.382189}}
{"target": 0.4414105215274775, "params": {"C": 14.453835562306862, "epsilon": 0.825450498455768, "gamma": 0.047625030751656416}, "datetime": {"datetime": "2021-09-24 09:14:45", "elapsed": 172.38027, "delta": 1.637896}}
{"target": 0.41104427966513435, "params": {"C": 64.06474422978789, "epsilon": 0.45323879267311906, "gamma": 0.06136340627609683}, "datetime": {"datetime": "2021-09-24 09:14:46", "elapsed": 173.600968, "delta": 1.220698}}
{"target": 0.3486047110564755, "params": {"C": 10.901185630739567, "epsilon": 0.5141575030200318, "gamma": 0.004354922076190629}, "datetime": {"datetime": "2021-09-24 09:14:47", "elapsed": 174.667441, "delta": 1.066473}}
{"target": 0.4449915225466272, "params": {"C": 21.339612970885412, "epsilon": 0.478031535755589, "gamma": 0.027567423871651}, "datetime": {"datetime": "2021-09-24 09:14:49", "elapsed": 176.103011, "delta": 1.43557}}
{"target": 0.3251113172458252, "params": {"C": 97.8447783614251, "epsilon": 0.4127247882545844, "gamma": 0.12599358191850374}, "datetime": {"datetime": "2021-09-24 09:14:50", "elapsed": 177.116331, "delta": 1.01332}}
{"target": 0.42974353241230134, "params": {"C": 14.489085432306188, "epsilon": 0.7927056702385593, "gamma": 0.0787101905613851}, "datetime": {"datetime": "2021-09-24 09:14:51", "elapsed": 178.56008, "delta": 1.443749}}
{"target": 0.4306883977660966, "params": {"C": 50.42835641739007, "epsilon": 0.562174423029754, "gamma": 0.03434466427786785}, "datetime": {"datetime": "2021-09-24 09:14:52", "elapsed": 179.627189, "delta": 1.067109}}
{"target": 0.411087961668514, "params": {"C": 72.14251329623791, "epsilon": 0.641538238990029, "gamma": 0.001506492491852003}, "datetime": {"datetime": "2021-09-24 09:14:53", "elapsed": 180.697991, "delta": 1.070802}}
{"target": 0.4098145592007022, "params": {"C": 48.65701689598324, "epsilon": 0.0027833552388659083, "gamma": 0.07521861992148599}, "datetime": {"datetime": "2021-09-24 09:14:54", "elapsed": 181.762924, "delta": 1.064933}}
{"target": 0.438210378594329, "params": {"C": 21.407337968093636, "epsilon": 0.6659398753201181, "gamma": 0.050938859833445205}, "datetime": {"datetime": "2021-09-24 09:14:56", "elapsed": 183.696613, "delta": 1.933689}}
{"target": 0.3867504071343545, "params": {"C": 53.37931990439157, "epsilon": 0.4475694897659837, "gamma": 0.09717508144820657}, "datetime": {"datetime": "2021-09-24 09:14:57", "elapsed": 184.799624, "delta": 1.103011}}
{"target": 0.42071826175462335, "params": {"C": 21.067315026208163, "epsilon": 0.811557101630234, "gamma": 0.09397245866066978}, "datetime": {"datetime": "2021-09-24 09:14:59", "elapsed": 186.403116, "delta": 1.603492}}
