{"target": -36.765342557995545, "params": {"C": 361.219052027429, "epsilon": 2.852359773278329, "gamma": 0.0062779643445106835}, "datetime": {"datetime": "2021-09-28 14:56:27", "elapsed": 608.974497, "delta": 3.848193}}
{"target": -40.52268066933587, "params": {"C": 361.3754648125139, "epsilon": 2.859844132756792, "gamma": 0.0466691295656464}, "datetime": {"datetime": "2021-09-28 14:56:31", "elapsed": 613.151826, "delta": 4.177329}}
{"target": -50.657085216109884, "params": {"C": 386.54782289900794, "epsilon": 0.4956264703453598, "gamma": 0.1516480029108692}, "datetime": {"datetime": "2021-09-28 14:56:39", "elapsed": 620.568787, "delta": 7.416961}}
{"target": -39.999210657236105, "params": {"C": 336.57775711793784, "epsilon": 1.500630344166493, "gamma": 0.03271704742273384}, "datetime": {"datetime": "2021-09-28 14:56:41", "elapsed": 622.99781, "delta": 2.429023}}
{"target": -40.34595837258084, "params": {"C": 342.32365591671515, "epsilon": 0.8262227844609853, "gamma": 0.03699078957391941}, "datetime": {"datetime": "2021-09-28 14:56:43", "elapsed": 625.242373, "delta": 2.244563}}
{"target": -43.96318300924793, "params": {"C": 310.33449317328257, "epsilon": 0.5035993542701336, "gamma": 0.08752182326740707}, "datetime": {"datetime": "2021-09-28 14:56:46", "elapsed": 627.639484, "delta": 2.397111}}
{"target": -38.65592953653613, "params": {"C": 396.58189842933126, "epsilon": 2.7243379183304945, "gamma": 0.0001}, "datetime": {"datetime": "2021-09-28 14:56:51", "elapsed": 632.477679, "delta": 4.838195}}
{"target": -39.67689004764788, "params": {"C": 361.1336708288268, "epsilon": 2.9502335577373224, "gamma": 0.030101290337001374}, "datetime": {"datetime": "2021-09-28 14:56:55", "elapsed": 637.092753, "delta": 4.615074}}
{"target": -39.442382180635214, "params": {"C": 342.18112791877155, "epsilon": 0.8744501678652948, "gamma": 0.0001}, "datetime": {"datetime": "2021-09-28 14:56:59", "elapsed": 640.945753, "delta": 3.853}}
{"target": -50.25522257058632, "params": {"C": 361.1007054890858, "epsilon": 2.7085572973843495, "gamma": 0.15182738943741556}, "datetime": {"datetime": "2021-09-28 14:57:03", "elapsed": 645.323336, "delta": 4.377583}}
{"target": -50.226355290074196, "params": {"C": 336.7522289749788, "epsilon": 1.3157200881269524, "gamma": 0.15885450159779652}, "datetime": {"datetime": "2021-09-28 14:57:07", "elapsed": 649.289501, "delta": 3.966165}}
{"target": -39.36536645406509, "params": {"C": 411.0318023844223, "epsilon": 1.0804596480381417, "gamma": 0.024018546057590837}, "datetime": {"datetime": "2021-09-28 14:57:09", "elapsed": 651.370676, "delta": 2.081175}}
{"target": -36.378928630349726, "params": {"C": 361.3807860363948, "epsilon": 2.7334394432465916, "gamma": 0.0009584217171954402}, "datetime": {"datetime": "2021-09-28 14:57:13", "elapsed": 655.076578, "delta": 3.705902}}
{"target": -39.69530374468086, "params": {"C": 488.91878924649734, "epsilon": 0.6761414387570054, "gamma": 0.02327568152540686}, "datetime": {"datetime": "2021-09-28 14:57:17", "elapsed": 659.239526, "delta": 4.162948}}
{"target": -49.59370129051039, "params": {"C": 460.57758036524655, "epsilon": 1.4468896965399534, "gamma": 0.11847711508680145}, "datetime": {"datetime": "2021-09-28 14:57:21", "elapsed": 662.927704, "delta": 3.688178}}
{"target": -45.29467746657979, "params": {"C": 314.6724013151312, "epsilon": 0.9935938469018073, "gamma": 0.09702421601694768}, "datetime": {"datetime": "2021-09-28 14:57:23", "elapsed": 665.008152, "delta": 2.080448}}
{"target": -38.75764314449366, "params": {"C": 336.2908234062411, "epsilon": 1.5628839100627339, "gamma": 0.019152859010285316}, "datetime": {"datetime": "2021-09-28 14:57:25", "elapsed": 667.168083, "delta": 2.159931}}
{"target": -37.127795589122044, "params": {"C": 472.24523310011944, "epsilon": 1.778878786070669, "gamma": 0.001869771937239267}, "datetime": {"datetime": "2021-09-28 14:57:29", "elapsed": 670.758013, "delta": 3.58993}}
{"target": -39.75362580032107, "params": {"C": 333.66068193733736, "epsilon": 0.30709486824126897, "gamma": 0.0001}, "datetime": {"datetime": "2021-09-28 14:57:34", "elapsed": 675.697311, "delta": 4.939298}}
{"target": -40.372158521672915, "params": {"C": 384.6537868652067, "epsilon": 2.295568917275061, "gamma": 0.03824639906524827}, "datetime": {"datetime": "2021-09-28 14:57:36", "elapsed": 677.956086, "delta": 2.258775}}
{"target": -37.0034340680384, "params": {"C": 455.22120604367103, "epsilon": 2.4268415756990915, "gamma": 0.006684258128044067}, "datetime": {"datetime": "2021-09-28 14:57:41", "elapsed": 683.057628, "delta": 5.101542}}
{"target": -40.70114606067979, "params": {"C": 342.4736517833913, "epsilon": 0.6393054904976774, "gamma": 0.04701484030635197}, "datetime": {"datetime": "2021-09-28 14:57:46", "elapsed": 687.412015, "delta": 4.354387}}
{"target": -47.70667585254264, "params": {"C": 396.55857287956013, "epsilon": 2.580166684022779, "gamma": 0.10177480762243725}, "datetime": {"datetime": "2021-09-28 14:57:50", "elapsed": 692.209495, "delta": 4.79748}}
{"target": -48.30735209215982, "params": {"C": 324.4387799982903, "epsilon": 0.3253876917121573, "gamma": 0.12084933521956757}, "datetime": {"datetime": "2021-09-28 14:57:53", "elapsed": 694.885373, "delta": 2.675878}}
{"target": -39.08957387158868, "params": {"C": 308.24918015366626, "epsilon": 1.456775485170671, "gamma": 0.02650934670579243}, "datetime": {"datetime": "2021-09-28 14:57:55", "elapsed": 697.282736, "delta": 2.397363}}
{"target": -49.94999160999548, "params": {"C": 331.49746357787944, "epsilon": 0.4563283959310349, "gamma": 0.1544101468937231}, "datetime": {"datetime": "2021-09-28 14:57:58", "elapsed": 699.904493, "delta": 2.621757}}
{"target": -39.56299686983178, "params": {"C": 386.6837203465093, "epsilon": 0.7823972205057222, "gamma": 0.027160477604491036}, "datetime": {"datetime": "2021-09-28 14:58:03", "elapsed": 704.694178, "delta": 4.789685}}
{"target": -41.93521043353584, "params": {"C": 481.26161452708317, "epsilon": 0.9805448894646717, "gamma": 0.05076016034173486}, "datetime": {"datetime": "2021-09-28 14:58:05", "elapsed": 707.210765, "delta": 2.516587}}
{"target": -39.32065401974158, "params": {"C": 336.5009925622445, "epsilon": 2.6288265437674374, "gamma": 0.0001}, "datetime": {"datetime": "2021-09-28 14:58:10", "elapsed": 711.681353, "delta": 4.470588}}
{"target": -49.06034825865239, "params": {"C": 364.0372092149647, "epsilon": 0.6309668318908196, "gamma": 0.1264062592129456}, "datetime": {"datetime": "2021-09-28 14:58:12", "elapsed": 714.204974, "delta": 2.523621}}
{"target": -38.23385402205987, "params": {"C": 486.7364626577207, "epsilon": 1.3436341825656783, "gamma": 0.012986192803229234}, "datetime": {"datetime": "2021-09-28 14:58:15", "elapsed": 716.775896, "delta": 2.570922}}
{"target": -36.67918293919663, "params": {"C": 472.1549510884487, "epsilon": 1.9002054061690643, "gamma": 0.004279734245794584}, "datetime": {"datetime": "2021-09-28 14:58:20", "elapsed": 721.48023, "delta": 4.704334}}
{"target": -49.737667564803886, "params": {"C": 486.68922516741895, "epsilon": 1.4946937131408486, "gamma": 0.11650215709107715}, "datetime": {"datetime": "2021-09-28 14:58:24", "elapsed": 726.400367, "delta": 4.920137}}
{"target": -39.33150482233908, "params": {"C": 396.5682978444388, "epsilon": 2.8924240702708217, "gamma": 0.026416467900185685}, "datetime": {"datetime": "2021-09-28 14:58:30", "elapsed": 731.790791, "delta": 5.390424}}
{"target": -43.31068319679021, "params": {"C": 376.52132985786506, "epsilon": 1.1596000570432348, "gamma": 0.07404140852962049}, "datetime": {"datetime": "2021-09-28 14:58:32", "elapsed": 734.38194, "delta": 2.591149}}
{"target": -36.70287156936284, "params": {"C": 472.23068603797253, "epsilon": 1.9418495785658938, "gamma": 0.0009353108746852815}, "datetime": {"datetime": "2021-09-28 14:58:38", "elapsed": 739.444023, "delta": 5.062083}}
{"target": -44.71774744456619, "params": {"C": 472.27960128619657, "epsilon": 2.022200238100148, "gamma": 0.07617036292840114}, "datetime": {"datetime": "2021-09-28 14:58:42", "elapsed": 743.522332, "delta": 4.078309}}
{"target": -40.47137908968601, "params": {"C": 386.84977233842574, "epsilon": 0.36497756074165494, "gamma": 0.032937038044606716}, "datetime": {"datetime": "2021-09-28 14:58:48", "elapsed": 750.312702, "delta": 6.79037}}
{"target": -37.1458902732755, "params": {"C": 322.13877899165914, "epsilon": 1.2041191247174077, "gamma": 0.008495008374265112}, "datetime": {"datetime": "2021-09-28 14:58:51", "elapsed": 753.249549, "delta": 2.936847}}
{"target": -52.01364575329778, "params": {"C": 423.42174866992445, "epsilon": 1.3725375065768948, "gamma": 0.1663599511394551}, "datetime": {"datetime": "2021-09-28 14:58:54", "elapsed": 755.889527, "delta": 2.639978}}
{"target": -45.02932894927137, "params": {"C": 323.7502709175524, "epsilon": 2.76171001766885, "gamma": 0.09299587600911063}, "datetime": {"datetime": "2021-09-28 14:58:57", "elapsed": 758.60931, "delta": 2.719783}}
{"target": -39.22005605782097, "params": {"C": 336.514109607964, "epsilon": 1.3146493222974878, "gamma": 0.027517506608547238}, "datetime": {"datetime": "2021-09-28 14:58:59", "elapsed": 761.112577, "delta": 2.503267}}
{"target": -39.46700585087514, "params": {"C": 479.2653065490607, "epsilon": 2.142929377823509, "gamma": 0.02356944262967422}, "datetime": {"datetime": "2021-09-28 14:59:02", "elapsed": 763.8765, "delta": 2.763923}}
{"target": -37.108300802504665, "params": {"C": 486.79668153014643, "epsilon": 1.159411292695897, "gamma": 0.001866096578456432}, "datetime": {"datetime": "2021-09-28 14:59:08", "elapsed": 769.547876, "delta": 5.671376}}
{"target": -52.56830209472606, "params": {"C": 486.66568288522916, "epsilon": 1.0713444301149784, "gamma": 0.17361231686575343}, "datetime": {"datetime": "2021-09-28 14:59:14", "elapsed": 775.491496, "delta": 5.94362}}
{"target": -37.225842170697085, "params": {"C": 348.8425946034455, "epsilon": 0.83822551477723, "gamma": 0.008818067743248496}, "datetime": {"datetime": "2021-09-28 14:59:16", "elapsed": 778.342074, "delta": 2.850578}}
{"target": -50.73507141441228, "params": {"C": 348.83423582179785, "epsilon": 0.8710677571705613, "gamma": 0.16645066432839795}, "datetime": {"datetime": "2021-09-28 14:59:21", "elapsed": 782.651033, "delta": 4.308959}}
{"target": -39.57336353340516, "params": {"C": 322.00985446314996, "epsilon": 1.2324358980210142, "gamma": 0.0001}, "datetime": {"datetime": "2021-09-28 14:59:26", "elapsed": 788.129723, "delta": 5.47869}}
{"target": -38.891624507572125, "params": {"C": 388.33236949695083, "epsilon": 3.0, "gamma": 0.0001}, "datetime": {"datetime": "2021-09-28 14:59:31", "elapsed": 792.980049, "delta": 4.850326}}
{"target": -43.17595169134194, "params": {"C": 322.2369344439898, "epsilon": 1.3183619653504948, "gamma": 0.07891030414022927}, "datetime": {"datetime": "2021-09-28 14:59:36", "elapsed": 798.348655, "delta": 5.368606}}
{"target": -46.62295240564209, "params": {"C": 458.4776751047642, "epsilon": 2.53192352309371, "gamma": 0.08712973663666036}, "datetime": {"datetime": "2021-09-28 14:59:39", "elapsed": 801.075622, "delta": 2.726967}}
{"target": -37.81862607248247, "params": {"C": 348.7997773015465, "epsilon": 0.7544145132027029, "gamma": 0.014572270665205826}, "datetime": {"datetime": "2021-09-28 14:59:44", "elapsed": 806.154767, "delta": 5.079145}}
{"target": -48.64548222760787, "params": {"C": 322.10767965267235, "epsilon": 1.099724235721061, "gamma": 0.12810554262870558}, "datetime": {"datetime": "2021-09-28 14:59:49", "elapsed": 811.237974, "delta": 5.083207}}
{"target": -48.37087052755193, "params": {"C": 356.79615315958944, "epsilon": 1.2525381513395397, "gamma": 0.11567276192429929}, "datetime": {"datetime": "2021-09-28 14:59:52", "elapsed": 813.948226, "delta": 2.710252}}
{"target": -38.41552671383458, "params": {"C": 486.9607432548929, "epsilon": 1.1903529948247418, "gamma": 0.013703536723500949}, "datetime": {"datetime": "2021-09-28 14:59:57", "elapsed": 818.4731, "delta": 4.524874}}
{"target": -48.904800616210615, "params": {"C": 317.9354179884516, "epsilon": 1.7193229263049132, "gamma": 0.13518466886030325}, "datetime": {"datetime": "2021-09-28 14:59:59", "elapsed": 820.933907, "delta": 2.460807}}
{"target": -48.84089236691365, "params": {"C": 471.02838503984106, "epsilon": 0.9203097740575605, "gamma": 0.10445956848010153}, "datetime": {"datetime": "2021-09-28 15:00:02", "elapsed": 823.56871, "delta": 2.634803}}
{"target": -39.105483372688965, "params": {"C": 361.6721620158824, "epsilon": 2.8353570002147324, "gamma": 0.0001}, "datetime": {"datetime": "2021-09-28 15:00:06", "elapsed": 828.078944, "delta": 4.510234}}
{"target": -39.063553508846574, "params": {"C": 388.28391472586964, "epsilon": 2.7464729737375038, "gamma": 0.02391006086923702}, "datetime": {"datetime": "2021-09-28 15:00:09", "elapsed": 830.725455, "delta": 2.646511}}
{"target": -50.31787115102575, "params": {"C": 315.80536201883933, "epsilon": 1.258684956641508, "gamma": 0.16957634939302424}, "datetime": {"datetime": "2021-09-28 15:00:11", "elapsed": 833.216956, "delta": 2.491501}}
{"target": -44.01711100367237, "params": {"C": 486.90231418073313, "epsilon": 1.2410986668663075, "gamma": 0.06925830811254205}, "datetime": {"datetime": "2021-09-28 15:00:18", "elapsed": 839.468361, "delta": 6.251405}}
{"target": -45.589475594249, "params": {"C": 306.6912069221869, "epsilon": 0.11211161254441705, "gamma": 0.10065984362122085}, "datetime": {"datetime": "2021-09-28 15:00:20", "elapsed": 842.005475, "delta": 2.537114}}
{"target": -47.83404150871977, "params": {"C": 366.9043192149473, "epsilon": 2.8459436615543514, "gamma": 0.10735055038474293}, "datetime": {"datetime": "2021-09-28 15:00:22", "elapsed": 844.284567, "delta": 2.279092}}
{"target": -36.89593324052441, "params": {"C": 366.15238637724076, "epsilon": 0.2892665980725554, "gamma": 0.0013474700455678814}, "datetime": {"datetime": "2021-09-28 15:00:25", "elapsed": 846.809943, "delta": 2.525376}}
{"target": -49.50584000413741, "params": {"C": 587.1989804284008, "epsilon": 0.07875276925184611, "gamma": 0.09898427977037978}, "datetime": {"datetime": "2021-09-28 15:28:18", "elapsed": 0.0, "delta": 0.0}}
{"target": -43.549573292876396, "params": {"C": 587.0644785236553, "epsilon": 1.2616830384603794, "gamma": 0.05952723429859696}, "datetime": {"datetime": "2021-09-28 15:28:18", "elapsed": 0.049982, "delta": 0.049982}}
{"target": -42.559058665038116, "params": {"C": 540.9297268075685, "epsilon": 1.8581936280856404, "gamma": 0.054007875794046714}, "datetime": {"datetime": "2021-09-28 15:28:18", "elapsed": 0.104019, "delta": 0.054037}}
{"target": -48.87611288326692, "params": {"C": 553.3654550205733, "epsilon": 1.8637803644751154, "gamma": 0.09529266276043934}, "datetime": {"datetime": "2021-09-28 15:28:18", "elapsed": 0.148976, "delta": 0.044957}}
{"target": -40.77663221344518, "params": {"C": 526.9159890689867, "epsilon": 1.5412207856759734, "gamma": 0.03328073182988006}, "datetime": {"datetime": "2021-09-28 15:28:18", "elapsed": 0.186014, "delta": 0.037038}}
{"target": -49.34866395691461, "params": {"C": 626.3816361042714, "epsilon": 0.8136258549055587, "gamma": 0.09326010374794956}, "datetime": {"datetime": "2021-09-28 15:28:18", "elapsed": 0.303791, "delta": 0.117777}}
{"target": -49.730138274807786, "params": {"C": 584.1219656512952, "epsilon": 1.364295062537476, "gamma": 0.10392573235604964}, "datetime": {"datetime": "2021-09-28 15:28:18", "elapsed": 0.397772, "delta": 0.093981}}
{"target": -47.43570500952036, "params": {"C": 539.06903847064, "epsilon": 1.8685206966833863, "gamma": 0.0847189541335987}, "datetime": {"datetime": "2021-09-28 15:28:18", "elapsed": 0.510264, "delta": 0.112492}}
{"target": -53.35405689313362, "params": {"C": 663.4747616473677, "epsilon": 0.16607892240638816, "gamma": 0.15700473214555508}, "datetime": {"datetime": "2021-09-28 15:28:18", "elapsed": 0.603321, "delta": 0.093057}}
{"target": -49.01643067551838, "params": {"C": 578.687173359649, "epsilon": 2.4787805722459497, "gamma": 0.09624945039748282}, "datetime": {"datetime": "2021-09-28 15:28:18", "elapsed": 0.705589, "delta": 0.102268}}
{"target": -53.023621327800605, "params": {"C": 595.9384957941379, "epsilon": 2.606448777112884, "gamma": 0.1563425692023906}, "datetime": {"datetime": "2021-09-28 15:28:19", "elapsed": 0.798554, "delta": 0.092965}}
{"target": -44.16556976823971, "params": {"C": 523.9987670989332, "epsilon": 1.2184558072790672, "gamma": 0.06742744882058391}, "datetime": {"datetime": "2021-09-28 15:28:19", "elapsed": 0.981551, "delta": 0.182997}}
{"target": -52.78682425506284, "params": {"C": 527.7309389882972, "epsilon": 1.4221405015633612, "gamma": 0.15794820959961303}, "datetime": {"datetime": "2021-09-28 15:28:19", "elapsed": 1.098818, "delta": 0.117267}}
{"target": -37.20215286406006, "params": {"C": 597.2718707149083, "epsilon": 2.683484214350215, "gamma": 0.002264035087189634}, "datetime": {"datetime": "2021-09-28 15:28:19", "elapsed": 1.18082, "delta": 0.082002}}
{"target": -50.553195063687554, "params": {"C": 533.3069126819612, "epsilon": 1.0331012129809096, "gamma": 0.11974168464066053}, "datetime": {"datetime": "2021-09-28 15:28:19", "elapsed": 1.282828, "delta": 0.102008}}
{"target": -51.3777754019721, "params": {"C": 576.4665690150919, "epsilon": 0.3253068894190921, "gamma": 0.12310627713244966}, "datetime": {"datetime": "2021-09-28 15:28:19", "elapsed": 1.38082, "delta": 0.097992}}
{"target": -41.88529305716079, "params": {"C": 580.894443294085, "epsilon": 1.9097195876615638, "gamma": 0.04398115765708433}, "datetime": {"datetime": "2021-09-28 15:28:19", "elapsed": 1.503595, "delta": 0.122775}}
{"target": -52.07435891785857, "params": {"C": 663.991116140561, "epsilon": 1.4840572586598495, "gamma": 0.11999945472188045}, "datetime": {"datetime": "2021-09-28 15:28:19", "elapsed": 1.654598, "delta": 0.151003}}
{"target": -44.529882550057465, "params": {"C": 523.5117238908817, "epsilon": 1.3027315680376776, "gamma": 0.07053565220865}, "datetime": {"datetime": "2021-09-28 15:28:20", "elapsed": 1.769753, "delta": 0.115155}}
{"target": -39.14309826458789, "params": {"C": 535.9171699295171, "epsilon": 1.0456028732897633, "gamma": 0.017155079188284274}, "datetime": {"datetime": "2021-09-28 15:28:20", "elapsed": 1.861753, "delta": 0.092}}
{"target": -37.81115933384699, "params": {"C": 597.4129698013321, "epsilon": 2.810112202531036, "gamma": 0.009759111551020695}, "datetime": {"datetime": "2021-09-28 15:28:20", "elapsed": 2.318757, "delta": 0.457004}}
{"target": -36.4763668631569, "params": {"C": 597.5841800376785, "epsilon": 2.22494324285217, "gamma": 0.000714560678555275}, "datetime": {"datetime": "2021-09-28 15:28:20", "elapsed": 2.454754, "delta": 0.135997}}
{"target": -52.08872311025963, "params": {"C": 598.2785557436844, "epsilon": 2.552200633847361, "gamma": 0.12922228801906463}, "datetime": {"datetime": "2021-09-28 15:28:20", "elapsed": 2.68679, "delta": 0.232036}}
{"target": -52.99664644081573, "params": {"C": 597.1989074014141, "epsilon": 2.273548668140635, "gamma": 0.15946587433080678}, "datetime": {"datetime": "2021-09-28 15:28:21", "elapsed": 2.83576, "delta": 0.14897}}
{"target": -36.029414938291836, "params": {"C": 526.9231247411311, "epsilon": 1.4810737012020159, "gamma": 0.0002709923022260941}, "datetime": {"datetime": "2021-09-28 15:28:21", "elapsed": 2.929753, "delta": 0.093993}}
{"target": -44.56585831723706, "params": {"C": 526.9876906192407, "epsilon": 1.370393750425383, "gamma": 0.0705555330067197}, "datetime": {"datetime": "2021-09-28 15:28:21", "elapsed": 3.091062, "delta": 0.161309}}
{"target": -52.828115110940175, "params": {"C": 597.5290137077974, "epsilon": 2.2554947017367004, "gamma": 0.13872236522814574}, "datetime": {"datetime": "2021-09-28 15:28:21", "elapsed": 3.202064, "delta": 0.111002}}
{"target": -49.594233120340974, "params": {"C": 561.547968522003, "epsilon": 1.9535201485429579, "gamma": 0.10551065496007132}, "datetime": {"datetime": "2021-09-28 15:28:21", "elapsed": 3.316108, "delta": 0.114044}}
{"target": -41.04377382928578, "params": {"C": 550.4216643862592, "epsilon": 1.814212246318266, "gamma": 0.03625434250016145}, "datetime": {"datetime": "2021-09-28 15:28:21", "elapsed": 3.444062, "delta": 0.127954}}
{"target": -43.24875800027636, "params": {"C": 597.6605423258864, "epsilon": 2.2705863990244897, "gamma": 0.05685974535081518}, "datetime": {"datetime": "2021-09-28 15:28:21", "elapsed": 3.612062, "delta": 0.168}}
{"target": -39.29673023539881, "params": {"C": 502.34596808872726, "epsilon": 2.7739297345118565, "gamma": 0.022196256028863638}, "datetime": {"datetime": "2021-09-28 15:28:22", "elapsed": 3.746067, "delta": 0.134005}}
{"target": -39.19369953514285, "params": {"C": 597.2787722368079, "epsilon": 2.73737530757192, "gamma": 0.018099636063620073}, "datetime": {"datetime": "2021-09-28 15:28:22", "elapsed": 3.883106, "delta": 0.137039}}
{"target": -50.80729290425966, "params": {"C": 597.4132420866404, "epsilon": 2.7758493182730453, "gamma": 0.11535173396019004}, "datetime": {"datetime": "2021-09-28 15:28:22", "elapsed": 4.026735, "delta": 0.143629}}
{"target": -47.57690782552738, "params": {"C": 597.2743885989282, "epsilon": 2.6964642168227897, "gamma": 0.08084968578777707}, "datetime": {"datetime": "2021-09-28 15:28:22", "elapsed": 4.205426, "delta": 0.178691}}
{"target": -41.00463600502282, "params": {"C": 550.3797885193109, "epsilon": 1.880269469931284, "gamma": 0.03573089387014317}, "datetime": {"datetime": "2021-09-28 15:28:22", "elapsed": 4.405233, "delta": 0.199807}}
{"target": -52.842631318969204, "params": {"C": 648.8699458899611, "epsilon": 2.084708462547635, "gamma": 0.16930751990274615}, "datetime": {"datetime": "2021-09-28 15:28:22", "elapsed": 4.548232, "delta": 0.142999}}
{"target": -38.28479349519761, "params": {"C": 527.0082238663633, "epsilon": 1.470736458040829, "gamma": 0.012462885114836082}, "datetime": {"datetime": "2021-09-28 15:28:23", "elapsed": 4.731903, "delta": 0.183671}}
