{"target": 0.23507106148045287, "params": {"C": 218.2984920460755, "epsilon": 0.7194192938120754, "gamma": 0.11172435730042062}, "datetime": {"datetime": "2021-09-24 10:01:57", "elapsed": 909.058663, "delta": 5.953652}}
{"target": 0.21059357964511227, "params": {"C": 218.19512217189165, "epsilon": 0.5005746502570433, "gamma": 0.12469385828758656}, "datetime": {"datetime": "2021-09-24 10:02:04", "elapsed": 915.841114, "delta": 6.782451}}
{"target": 0.18291306000746688, "params": {"C": 386.7307878549109, "epsilon": 0.5401105649937435, "gamma": 0.08595468216830282}, "datetime": {"datetime": "2021-09-24 10:02:11", "elapsed": 922.494615, "delta": 6.653501}}
{"target": 0.2989843262244849, "params": {"C": 218.23956880856113, "epsilon": 0.3362079508025197, "gamma": 0.06994510314970749}, "datetime": {"datetime": "2021-09-24 10:02:16", "elapsed": 927.321548, "delta": 4.826933}}
{"target": 0.28549562854479593, "params": {"C": 226.83602352460923, "epsilon": 0.5938937654557772, "gamma": 0.08143837319362815}, "datetime": {"datetime": "2021-09-24 10:02:19", "elapsed": 930.951545, "delta": 3.629997}}
{"target": 0.4482466396268656, "params": {"C": 218.39182344380131, "epsilon": 0.6687551570463323, "gamma": 0.009086927672253373}, "datetime": {"datetime": "2021-09-24 10:02:24", "elapsed": 935.316503, "delta": 4.364958}}
{"target": 0.3720438384588133, "params": {"C": 386.6384259802501, "epsilon": 0.34267670009245516, "gamma": 0.023003936562293804}, "datetime": {"datetime": "2021-09-24 10:02:29", "elapsed": 940.766201, "delta": 5.449698}}
{"target": 0.4436585148030616, "params": {"C": 222.13877899165914, "epsilon": 0.4017722592839914, "gamma": 0.007953064189913851}, "datetime": {"datetime": "2021-09-24 10:02:32", "elapsed": 943.738254, "delta": 2.972053}}
{"target": 0.43025533316504816, "params": {"C": 233.7623066325845, "epsilon": 0.31559229814119116, "gamma": 0.017229227135504153}, "datetime": {"datetime": "2021-09-24 10:02:35", "elapsed": 946.327056, "delta": 2.588802}}
{"target": 0.290899456224757, "params": {"C": 223.75027091755243, "epsilon": 0.920622976876019, "gamma": 0.07793988618875755}, "datetime": {"datetime": "2021-09-24 10:02:37", "elapsed": 949.029233, "delta": 2.702177}}
{"target": 0.4205087881934282, "params": {"C": 386.74418103798575, "epsilon": 0.325720657370091, "gamma": 0.014284740644866123}, "datetime": {"datetime": "2021-09-24 10:02:42", "elapsed": 953.447836, "delta": 4.418603}}
{"target": 0.387536487673277, "params": {"C": 379.2653065490607, "epsilon": 0.7145003162539798, "gamma": 0.020438282111292155}, "datetime": {"datetime": "2021-09-24 10:02:45", "elapsed": 956.206481, "delta": 2.758645}}
{"target": 0.4239809445794046, "params": {"C": 386.79668153014643, "epsilon": 0.3868795869967327, "gamma": 0.002462748138910552}, "datetime": {"datetime": "2021-09-24 10:02:49", "elapsed": 960.571428, "delta": 4.364947}}
{"target": 0.2972547090510571, "params": {"C": 222.1149033018858, "epsilon": 0.5507587845762845, "gamma": 0.07132468964612912}, "datetime": {"datetime": "2021-09-24 10:02:55", "elapsed": 966.427729, "delta": 5.856301}}
{"target": 0.4465242517882271, "params": {"C": 248.84259460344552, "epsilon": 0.2798890594406311, "gamma": 0.008220634206470404}, "datetime": {"datetime": "2021-09-24 10:02:57", "elapsed": 969.175205, "delta": 2.747476}}
{"target": 0.30104054191149643, "params": {"C": 248.7692831793908, "epsilon": 0.2929372861854192, "gamma": 0.058129440105833236}, "datetime": {"datetime": "2021-09-24 10:03:03", "elapsed": 975.037825, "delta": 5.86262}}
{"target": 0.39616516054711515, "params": {"C": 248.87645048937264, "epsilon": 0.20222579343534883, "gamma": 0.024467954504930188}, "datetime": {"datetime": "2021-09-24 10:03:09", "elapsed": 980.749965, "delta": 5.71214}}
{"target": 0.34126987692719135, "params": {"C": 222.05700245103426, "epsilon": 0.30109568775785633, "gamma": 0.043051085530907175}, "datetime": {"datetime": "2021-09-24 10:03:18", "elapsed": 989.421034, "delta": 8.671069}}
{"target": 0.3006574312289857, "params": {"C": 222.2369344439898, "epsilon": 0.43982781039851426, "gamma": 0.06627368158362514}, "datetime": {"datetime": "2021-09-24 10:03:24", "elapsed": 995.572998, "delta": 6.151964}}
{"target": 0.24559904325477167, "params": {"C": 358.4776751047642, "epsilon": 0.8440785593766643, "gamma": 0.07308132717544409}, "datetime": {"datetime": "2021-09-24 10:03:27", "elapsed": 998.413554, "delta": 2.840556}}
{"target": 0.30165113671205135, "params": {"C": 201.6680211116289, "epsilon": 0.43994804291666223, "gamma": 0.07493829169118264}, "datetime": {"datetime": "2021-09-24 10:03:29", "elapsed": 1001.110797, "delta": 2.697243}}
{"target": 0.09671150164180642, "params": {"C": 386.80343415523726, "epsilon": 0.3544009379816963, "gamma": 0.13408480980338477}, "datetime": {"datetime": "2021-09-24 10:03:34", "elapsed": 1005.45981, "delta": 4.349013}}
{"target": 0.23821602502894623, "params": {"C": 256.79615315958944, "epsilon": 0.41790117145321787, "gamma": 0.09672174278332737}, "datetime": {"datetime": "2021-09-24 10:03:36", "elapsed": 1008.066515, "delta": 2.606705}}
{"target": 0.4384412617413932, "params": {"C": 218.38247056050656, "epsilon": 0.5612612911129131, "gamma": 0.015304811576842239}, "datetime": {"datetime": "2021-09-24 10:03:43", "elapsed": 1014.930437, "delta": 6.863922}}
{"target": 0.23319599192364615, "params": {"C": 217.93541798845158, "epsilon": 0.5733923319035039, "gamma": 0.11288224380314167}, "datetime": {"datetime": "2021-09-24 10:03:47", "elapsed": 1018.553598, "delta": 3.623161}}
{"target": 0.18723251159293697, "params": {"C": 371.02838503984106, "epsilon": 0.3072322321718916, "gamma": 0.08743455088124027}, "datetime": {"datetime": "2021-09-24 10:03:50", "elapsed": 1021.566512, "delta": 3.012914}}
{"target": 0.441122107641681, "params": {"C": 218.4274293223089, "epsilon": 0.44572095532082867, "gamma": 0.014557862647283273}, "datetime": {"datetime": "2021-09-24 10:03:55", "elapsed": 1027.005098, "delta": 5.438586}}
{"target": 0.2546286965131225, "params": {"C": 218.5012791325677, "epsilon": 0.5098036351737455, "gamma": 0.10313924002999375}, "datetime": {"datetime": "2021-09-24 10:04:02", "elapsed": 1033.678676, "delta": 6.673578}}
{"target": 0.18584871423616056, "params": {"C": 215.8053620188393, "epsilon": 0.4199487401416694, "gamma": 0.14136673740722963}, "datetime": {"datetime": "2021-09-24 10:04:05", "elapsed": 1036.570025, "delta": 2.891349}}
{"target": 0.3417802113725654, "params": {"C": 218.32028994377322, "epsilon": 0.42690487995222764, "gamma": 0.04353683163787492}, "datetime": {"datetime": "2021-09-24 10:04:12", "elapsed": 1043.573307, "delta": 7.003282}}
{"target": 0.4502843451521177, "params": {"C": 249.00373801855466, "epsilon": 0.343895225400781, "gamma": 0.010634822410273671}, "datetime": {"datetime": "2021-09-24 10:04:19", "elapsed": 1050.705759, "delta": 7.132452}}
{"target": 0.24799535716521848, "params": {"C": 266.9043192149473, "epsilon": 0.9486821333420464, "gamma": 0.08982897169164367}, "datetime": {"datetime": "2021-09-24 10:04:22", "elapsed": 1054.060826, "delta": 3.355067}}
{"target": 0.41550084075434657, "params": {"C": 266.15238637724076, "epsilon": 0.09702478541996759, "gamma": 0.0020332019832663387}, "datetime": {"datetime": "2021-09-24 10:04:25", "elapsed": 1056.783712, "delta": 2.722886}}
{"target": 0.30158086006801055, "params": {"C": 187.19898042840074, "epsilon": 1.0518524636557827, "gamma": 0.08289970920392765}, "datetime": {"datetime": "2021-09-24 10:07:48", "elapsed": 0.0, "delta": 0.0}}
{"target": 0.3454586377366152, "params": {"C": 187.0644785236554, "epsilon": 1.840735604174978, "gamma": 0.050219888329577245}, "datetime": {"datetime": "2021-09-24 10:07:48", "elapsed": 0.03179, "delta": 0.03179}}
{"target": 0.3773128223354624, "params": {"C": 140.9297268075685, "epsilon": 2.2385419327013274, "gamma": 0.04564854637750395}, "datetime": {"datetime": "2021-09-24 10:07:48", "elapsed": 0.063342, "delta": 0.031552}}
{"target": 0.3231727953260948, "params": {"C": 153.36545502057334, "epsilon": 2.2422676655385896, "gamma": 0.07984217204727882}, "datetime": {"datetime": "2021-09-24 10:07:48", "elapsed": 0.091707, "delta": 0.028365}}
{"target": 0.42364915937777015, "params": {"C": 126.9159890689867, "epsilon": 2.027156242531493, "gamma": 0.028481539981390375}, "datetime": {"datetime": "2021-09-24 10:07:48", "elapsed": 0.114033, "delta": 0.022326}}
{"target": 0.28902325430435405, "params": {"C": 127.52307446937544, "epsilon": 2.2293337882310773, "gamma": 0.1333137957456645}, "datetime": {"datetime": "2021-09-24 10:07:48", "elapsed": 0.257503, "delta": 0.14347}}
{"target": 0.30051570002687433, "params": {"C": 184.1219656512952, "epsilon": 1.909166430501818, "gamma": 0.08699240756559976}, "datetime": {"datetime": "2021-09-24 10:07:48", "elapsed": 0.338951, "delta": 0.081448}}
{"target": 0.3417207420916665, "params": {"C": 139.06903847063998, "epsilon": 2.2454289407691803, "gamma": 0.07108462571376435}, "datetime": {"datetime": "2021-09-24 10:07:48", "elapsed": 0.420485, "delta": 0.081534}}
{"target": 0.16233316880646298, "params": {"C": 263.4747616473677, "epsilon": 1.110089311374717, "gamma": 0.13095444741349474}, "datetime": {"datetime": "2021-09-24 10:07:48", "elapsed": 0.511722, "delta": 0.091237}}
{"target": 0.43607370252050504, "params": {"C": 140.99290089309326, "epsilon": 2.2552629700739555, "gamma": 0.004711663080276752}, "datetime": {"datetime": "2021-09-24 10:07:48", "elapsed": 0.59092, "delta": 0.079198}}
{"target": 0.22267745954161344, "params": {"C": 195.9384957941379, "epsilon": 2.7375450330862847, "gamma": 0.1304060189614019}, "datetime": {"datetime": "2021-09-24 10:07:49", "elapsed": 0.678338, "delta": 0.087418}}
{"target": 0.44334647017151985, "params": {"C": 141.0820871445172, "epsilon": 2.3914347360260626, "gamma": 0.009444064005564506}, "datetime": {"datetime": "2021-09-24 10:07:49", "elapsed": 0.77863, "delta": 0.100292}}
{"target": 0.4181160240272874, "params": {"C": 141.2223951928628, "epsilon": 2.185864661980335, "gamma": 0.02895431730921963}, "datetime": {"datetime": "2021-09-24 10:07:49", "elapsed": 0.910858, "delta": 0.132228}}
{"target": 0.42747353733565874, "params": {"C": 197.2718707149083, "epsilon": 2.7889191159387896, "gamma": 0.0027923358976723483}, "datetime": {"datetime": "2021-09-24 10:07:49", "elapsed": 1.008614, "delta": 0.097756}}
{"target": 0.4309515193549206, "params": {"C": 197.50429007907394, "epsilon": 2.620947087294973, "gamma": 0.0033463205993530545}, "datetime": {"datetime": "2021-09-24 10:07:49", "elapsed": 1.110004, "delta": 0.10139}}
{"target": 0.28514584186526937, "params": {"C": 176.46656901509184, "epsilon": 1.2162766851744529, "gamma": 0.10287846188290717}, "datetime": {"datetime": "2021-09-24 10:07:49", "elapsed": 1.22098, "delta": 0.110976}}
{"target": 0.26132965461593083, "params": {"C": 197.3081450937683, "epsilon": 2.463213690110437, "gamma": 0.10837175467192825}, "datetime": {"datetime": "2021-09-24 10:07:49", "elapsed": 1.326164, "delta": 0.105184}}
{"target": 0.22229442469557115, "params": {"C": 263.99111614056096, "epsilon": 1.9890345172789927, "gamma": 0.10030527378299159}, "datetime": {"datetime": "2021-09-24 10:07:49", "elapsed": 1.432461, "delta": 0.106297}}
{"target": 0.36562844342438516, "params": {"C": 123.51172389088178, "epsilon": 1.8681104154969508, "gamma": 0.05933747737125542}, "datetime": {"datetime": "2021-09-24 10:07:49", "elapsed": 1.532749, "delta": 0.100288}}
{"target": 0.44881376710830767, "params": {"C": 135.91716992951706, "epsilon": 1.696634126902143, "gamma": 0.015125663140935833}, "datetime": {"datetime": "2021-09-24 10:07:49", "elapsed": 1.632632, "delta": 0.099883}}
{"target": 0.44505656845130515, "params": {"C": 197.59589514125142, "epsilon": 2.8771793951727425, "gamma": 0.01359236733454412}, "datetime": {"datetime": "2021-09-24 10:07:50", "elapsed": 1.732836, "delta": 0.100204}}
{"target": 0.44614026211763247, "params": {"C": 125.11169385263996, "epsilon": 2.2794838526244674, "gamma": 0.01092503482704658}, "datetime": {"datetime": "2021-09-24 10:07:50", "elapsed": 1.826604, "delta": 0.093768}}
{"target": 0.21017179513987527, "params": {"C": 197.36895074484354, "epsilon": 2.9962425914697075, "gamma": 0.1385353340094292}, "datetime": {"datetime": "2021-09-24 10:07:50", "elapsed": 1.947237, "delta": 0.120633}}
{"target": 0.24299741266470964, "params": {"C": 197.7267104481354, "epsilon": 2.7221282333906966, "gamma": 0.11686403081652193}, "datetime": {"datetime": "2021-09-24 10:07:50", "elapsed": 2.039198, "delta": 0.091961}}
{"target": 0.4021146907258075, "params": {"C": 135.83067034012237, "epsilon": 1.7643338860137447, "gamma": 0.036176851559859786}, "datetime": {"datetime": "2021-09-24 10:07:50", "elapsed": 2.152233, "delta": 0.113035}}
{"target": 0.44198074059359904, "params": {"C": 197.45562093524268, "epsilon": 2.742273392060387, "gamma": 0.014641442928480512}, "datetime": {"datetime": "2021-09-24 10:07:50", "elapsed": 2.353291, "delta": 0.201058}}
{"target": 0.2855122914449232, "params": {"C": 136.0420876169778, "epsilon": 1.639561711488732, "gamma": 0.12964023121678722}, "datetime": {"datetime": "2021-09-24 10:07:50", "elapsed": 2.604115, "delta": 0.250824}}
{"target": 0.4500786890130475, "params": {"C": 141.24001020950013, "epsilon": 2.3058531387686543, "gamma": 0.012977744067634585}, "datetime": {"datetime": "2021-09-24 10:07:51", "elapsed": 2.807097, "delta": 0.202982}}
{"target": 0.40922714115955394, "params": {"C": 150.42166438625912, "epsilon": 2.2092112346237185, "gamma": 0.030944397067949166}, "datetime": {"datetime": "2021-09-24 10:07:51", "elapsed": 2.918686, "delta": 0.111589}}
{"target": 0.309192317370954, "params": {"C": 125.06058235309922, "epsilon": 2.1763720990842517, "gamma": 0.11465008887881586}, "datetime": {"datetime": "2021-09-24 10:07:51", "elapsed": 3.231405, "delta": 0.312719}}
{"target": 0.44216587098420246, "params": {"C": 102.34596808872725, "epsilon": 2.8492362350862663, "gamma": 0.01930095691106549}, "datetime": {"datetime": "2021-09-24 10:07:51", "elapsed": 3.383399, "delta": 0.151994}}
{"target": 0.3257491190560522, "params": {"C": 141.11851648653013, "epsilon": 2.2973715445966816, "gamma": 0.08484849805068502}, "datetime": {"datetime": "2021-09-24 10:07:51", "elapsed": 3.573278, "delta": 0.189879}}
{"target": 0.4459726377170862, "params": {"C": 197.6489346199608, "epsilon": 2.9708972963914437, "gamma": 0.013233378892178769}, "datetime": {"datetime": "2021-09-24 10:07:52", "elapsed": 3.72853, "delta": 0.155252}}
{"target": 0.4185120696047835, "params": {"C": 141.20944574102455, "epsilon": 2.4317780525871813, "gamma": 0.001}, "datetime": {"datetime": "2021-09-24 10:07:52", "elapsed": 3.885271, "delta": 0.156741}}
{"target": 0.42520485333440206, "params": {"C": 140.9300333287793, "epsilon": 2.396883727315162, "gamma": 0.02623950840510331}, "datetime": {"datetime": "2021-09-24 10:07:52", "elapsed": 4.149734, "delta": 0.264463}}
{"target": 0.16799858848368565, "params": {"C": 248.8699458899611, "epsilon": 2.389602175757009, "gamma": 0.1411440826320688}, "datetime": {"datetime": "2021-09-24 10:07:52", "elapsed": 4.345601, "delta": 0.195867}}
{"target": 0.3728202035714433, "params": {"C": 125.20624357870128, "epsilon": 2.358862037522041, "gamma": 0.05506547147799066}, "datetime": {"datetime": "2021-09-24 10:07:52", "elapsed": 4.501899, "delta": 0.156298}}
{"target": 0.3100081934355211, "params": {"C": 141.07854303540267, "epsilon": 1.1870611087145118, "gamma": 0.1004253803868103}, "datetime": {"datetime": "2021-09-24 10:07:52", "elapsed": 4.660423, "delta": 0.158524}}
{"target": 0.3831402362194025, "params": {"C": 125.11929161003096, "epsilon": 2.295812846304771, "gamma": 0.04679311277730509}, "datetime": {"datetime": "2021-09-24 10:07:53", "elapsed": 4.864418, "delta": 0.203995}}
{"target": 0.430002120170381, "params": {"C": 102.22758727293359, "epsilon": 2.7897590776845935, "gamma": 0.030004464366823864}, "datetime": {"datetime": "2021-09-24 10:07:53", "elapsed": 5.074422, "delta": 0.210004}}
{"target": 0.44002183290529195, "params": {"C": 141.3674509665928, "epsilon": 2.324969622488077, "gamma": 0.017854509405401474}, "datetime": {"datetime": "2021-09-24 10:07:53", "elapsed": 5.293182, "delta": 0.21876}}
{"target": 0.2802511953415636, "params": {"C": 161.2173475358575, "epsilon": 2.4865594280994747, "gamma": 0.11612120482768065}, "datetime": {"datetime": "2021-09-24 10:07:53", "elapsed": 5.466695, "delta": 0.173513}}
{"target": 0.31128895638566967, "params": {"C": 102.38219012185685, "epsilon": 2.777433731476634, "gamma": 0.13407028776547703}, "datetime": {"datetime": "2021-09-24 10:07:54", "elapsed": 5.725976, "delta": 0.259281}}
{"target": 0.3722108837371645, "params": {"C": 126.84943947681637, "epsilon": 1.8833756427829416, "gamma": 0.05322989304935438}, "datetime": {"datetime": "2021-09-24 10:07:54", "elapsed": 5.98269, "delta": 0.256714}}
{"target": 0.39325368771568003, "params": {"C": 102.19443525948452, "epsilon": 2.9909357651840986, "gamma": 0.04939195824889899}, "datetime": {"datetime": "2021-09-24 10:07:54", "elapsed": 6.161786, "delta": 0.179096}}
{"target": 0.4252061996170905, "params": {"C": 141.07421487847128, "epsilon": 2.5243823310164246, "gamma": 0.02622893246928108}, "datetime": {"datetime": "2021-09-24 10:07:54", "elapsed": 6.333228, "delta": 0.171442}}
{"target": 0.413577605445289, "params": {"C": 141.39611491188313, "epsilon": 2.4879617725929233, "gamma": 0.03076829072870624}, "datetime": {"datetime": "2021-09-24 10:07:54", "elapsed": 6.518203, "delta": 0.184975}}
{"target": 0.29726659070757955, "params": {"C": 260.8597439771306, "epsilon": 1.9982172123116329, "gamma": 0.062094305400965846}, "datetime": {"datetime": "2021-09-24 10:07:55", "elapsed": 6.680985, "delta": 0.162782}}
{"target": 0.41224809725894873, "params": {"C": 125.21373471032052, "epsilon": 2.1953899470340104, "gamma": 0.001}, "datetime": {"datetime": "2021-09-24 10:07:55", "elapsed": 6.950644, "delta": 0.269659}}
{"target": 0.43031019885827015, "params": {"C": 102.36912754177906, "epsilon": 2.853297956513087, "gamma": 0.029802617144363802}, "datetime": {"datetime": "2021-09-24 10:07:55", "elapsed": 7.119986, "delta": 0.169342}}
{"target": 0.4456548325684737, "params": {"C": 135.85828842396825, "epsilon": 1.5222119575507476, "gamma": 0.010638240488889082}, "datetime": {"datetime": "2021-09-24 10:07:55", "elapsed": 7.394239, "delta": 0.274253}}
{"target": 0.18594066424566813, "params": {"C": 229.38437347070885, "epsilon": 1.1587995383529508, "gamma": 0.13306737134936603}, "datetime": {"datetime": "2021-09-24 10:07:55", "elapsed": 7.567667, "delta": 0.173428}}
{"target": 0.43783606917581375, "params": {"C": 135.70853126610024, "epsilon": 1.4278496685442919, "gamma": 0.01928813573545255}, "datetime": {"datetime": "2021-09-24 10:07:56", "elapsed": 7.778662, "delta": 0.210995}}
{"target": 0.41881233636579374, "params": {"C": 135.5635459964952, "epsilon": 1.4939961718269827, "gamma": 0.029288995770446625}, "datetime": {"datetime": "2021-09-24 10:07:56", "elapsed": 8.010282, "delta": 0.23162}}
{"target": 0.281552627465388, "params": {"C": 135.67091732150058, "epsilon": 1.2187863758142032, "gamma": 0.1339263734673237}, "datetime": {"datetime": "2021-09-24 10:07:56", "elapsed": 8.246514, "delta": 0.236232}}
{"target": 0.41550359514846447, "params": {"C": 135.7235244067414, "epsilon": 1.597555094548049, "gamma": 0.001}, "datetime": {"datetime": "2021-09-24 10:07:57", "elapsed": 8.793907, "delta": 0.547393}}
{"target": 0.23237131495516217, "params": {"C": 267.92386663033847, "epsilon": 2.4111438763654114, "gamma": 0.0952536012116099}, "datetime": {"datetime": "2021-09-24 10:07:57", "elapsed": 8.984269, "delta": 0.190362}}
{"target": 0.34078433228929783, "params": {"C": 126.8821802781777, "epsilon": 2.1936001103509724, "gamma": 0.07730794325180051}, "datetime": {"datetime": "2021-09-24 10:07:57", "elapsed": 9.276893, "delta": 0.292624}}
{"target": 0.4112620424661717, "params": {"C": 150.65954405230644, "epsilon": 2.2089614482028943, "gamma": 0.03024222650762217}, "datetime": {"datetime": "2021-09-24 10:07:57", "elapsed": 9.546578, "delta": 0.269685}}
{"target": 0.4172524478061511, "params": {"C": 114.95953825768805, "epsilon": 1.0857820319579825, "gamma": 0.03361673126198214}, "datetime": {"datetime": "2021-09-24 10:07:58", "elapsed": 9.777983, "delta": 0.231405}}
{"target": 0.27347370823111283, "params": {"C": 150.56717467935943, "epsilon": 1.9965897867214677, "gamma": 0.12912718991313551}, "datetime": {"datetime": "2021-09-24 10:07:58", "elapsed": 9.962956, "delta": 0.184973}}
{"target": 0.3547687996574671, "params": {"C": 150.66521182647338, "epsilon": 2.2140151971380044, "gamma": 0.057554575474939265}, "datetime": {"datetime": "2021-09-24 10:07:58", "elapsed": 10.147585, "delta": 0.184629}}
{"target": 0.27204457535337334, "params": {"C": 141.29480336717148, "epsilon": 2.3101155418409, "gamma": 0.1378641174324152}, "datetime": {"datetime": "2021-09-24 10:07:58", "elapsed": 10.378956, "delta": 0.231371}}
{"target": 0.4250381871757962, "params": {"C": 135.86428629793178, "epsilon": 1.41151989648047, "gamma": 0.026782892166910485}, "datetime": {"datetime": "2021-09-24 10:07:59", "elapsed": 10.76977, "delta": 0.390814}}
{"target": 0.42643203738825397, "params": {"C": 135.81181754484936, "epsilon": 1.5219349038231167, "gamma": 0.0032653405497236896}, "datetime": {"datetime": "2021-09-24 10:07:59", "elapsed": 11.089531, "delta": 0.319761}}
{"target": 0.372616478104719, "params": {"C": 135.49065251067645, "epsilon": 1.6690918845787983, "gamma": 0.049157083586691325}, "datetime": {"datetime": "2021-09-24 10:07:59", "elapsed": 11.376534, "delta": 0.287003}}
{"target": 0.3762236107314876, "params": {"C": 140.87631023645588, "epsilon": 2.5468290255511152, "gamma": 0.04735781527443815}, "datetime": {"datetime": "2021-09-24 10:07:59", "elapsed": 11.622579, "delta": 0.246045}}
