{"target": -38.09079990673304, "params": {"C": 19.486289588208997, "epsilon": 1.9058370333455381, "gamma": 0.05247199279950739}, "datetime": {"datetime": "2021-09-28 11:57:57", "elapsed": 31.218344, "delta": 0.572999}}
{"target": -38.812326758385, "params": {"C": 129.23046521580574, "epsilon": 1.7284343022671822, "gamma": 0.021433845943432304}, "datetime": {"datetime": "2021-09-28 11:57:57", "elapsed": 31.643343, "delta": 0.424999}}
{"target": -41.89693134087925, "params": {"C": 28.112598413830117, "epsilon": 1.4781583959854874, "gamma": 0.0018131854723351423}, "datetime": {"datetime": "2021-09-28 11:57:57", "elapsed": 32.058343, "delta": 0.415}}
{"target": -37.30651666522932, "params": {"C": 19.373280276388247, "epsilon": 2.073225495824644, "gamma": 0.02620194496820616}, "datetime": {"datetime": "2021-09-28 11:57:58", "elapsed": 32.499635, "delta": 0.441292}}
{"target": -37.0438933335825, "params": {"C": 19.517441877379017, "epsilon": 2.0686304485060334, "gamma": 0.02088988589690018}, "datetime": {"datetime": "2021-09-28 11:57:58", "elapsed": 33.101636, "delta": 0.602001}}
{"target": -40.48543291737061, "params": {"C": 121.97890312869522, "epsilon": 1.4776601868172572, "gamma": 0.0759607042528082}, "datetime": {"datetime": "2021-09-28 11:57:59", "elapsed": 33.56039, "delta": 0.458754}}
{"target": -38.50516758481625, "params": {"C": 19.627593568025887, "epsilon": 2.0585509335019765, "gamma": 0.07497116042246094}, "datetime": {"datetime": "2021-09-28 11:57:59", "elapsed": 34.009388, "delta": 0.448998}}
{"target": -38.505800360695034, "params": {"C": 19.599995160294853, "epsilon": 2.095632991843659, "gamma": 0.07477295041732554}, "datetime": {"datetime": "2021-09-28 11:58:00", "elapsed": 34.494507, "delta": 0.485119}}
{"target": -38.85013998740819, "params": {"C": 19.536081466077327, "epsilon": 1.9522625190876173, "gamma": 0.09142119636677705}, "datetime": {"datetime": "2021-09-28 11:58:00", "elapsed": 34.930504, "delta": 0.435997}}
{"target": -37.88272867070937, "params": {"C": 19.420349912658125, "epsilon": 1.9582515779084073, "gamma": 0.007156967505150697}, "datetime": {"datetime": "2021-09-28 11:58:01", "elapsed": 35.370504, "delta": 0.44}}
{"target": -38.0575989951306, "params": {"C": 19.589598413957354, "epsilon": 1.8454883019751462, "gamma": 0.048795293471415424}, "datetime": {"datetime": "2021-09-28 11:58:01", "elapsed": 36.083508, "delta": 0.713004}}
{"target": -38.42658509920827, "params": {"C": 19.4082540294995, "epsilon": 1.9132484808992927, "gamma": 0.07380192837021511}, "datetime": {"datetime": "2021-09-28 11:58:02", "elapsed": 36.551477, "delta": 0.467969}}
{"target": -36.92878151787373, "params": {"C": 19.49564070016519, "epsilon": 1.8209728653550628, "gamma": 0.014407439019173521}, "datetime": {"datetime": "2021-09-28 11:58:02", "elapsed": 37.027475, "delta": 0.475998}}
{"target": -37.318584556914416, "params": {"C": 145.30947083290678, "epsilon": 2.936004801309404, "gamma": 0.004273078143995449}, "datetime": {"datetime": "2021-09-28 11:58:03", "elapsed": 37.473476, "delta": 0.446001}}
{"target": -42.16679760537936, "params": {"C": 19.421635809591766, "epsilon": 1.7972233310655605, "gamma": 0.002513554511485022}, "datetime": {"datetime": "2021-09-28 11:58:03", "elapsed": 37.970475, "delta": 0.496999}}
{"target": -39.5527892632155, "params": {"C": 13.357926770415427, "epsilon": 2.8794571506914632, "gamma": 0.11235002161037563}, "datetime": {"datetime": "2021-09-28 11:58:04", "elapsed": 38.369078, "delta": 0.398603}}
{"target": -38.36984354480018, "params": {"C": 19.69077351913528, "epsilon": 1.9383187994732183, "gamma": 0.07069423691811463}, "datetime": {"datetime": "2021-09-28 11:58:04", "elapsed": 39.067866, "delta": 0.698788}}
{"target": -37.67559968192087, "params": {"C": 19.625761847742908, "epsilon": 2.0665690732887074, "gamma": 0.00816645796567472}, "datetime": {"datetime": "2021-09-28 11:58:05", "elapsed": 39.547537, "delta": 0.479671}}
{"target": -39.541202403797456, "params": {"C": 19.71919288838463, "epsilon": 1.9240980311575284, "gamma": 0.004298850507320545}, "datetime": {"datetime": "2021-09-28 11:58:05", "elapsed": 40.01554, "delta": 0.468003}}
{"target": -39.09131061250968, "params": {"C": 12.10173937117704, "epsilon": 0.17362267630764044, "gamma": 0.08376818696472255}, "datetime": {"datetime": "2021-09-28 11:58:06", "elapsed": 40.56711, "delta": 0.55157}}
{"target": -38.641302702361486, "params": {"C": 27.816332650248537, "epsilon": 0.9858854623492366, "gamma": 0.06950563874503193}, "datetime": {"datetime": "2021-09-28 11:58:06", "elapsed": 41.155111, "delta": 0.588001}}
{"target": -38.83274439867013, "params": {"C": 120.66975266917431, "epsilon": 1.3111791221372435, "gamma": 0.01975048353873584}, "datetime": {"datetime": "2021-09-28 11:58:07", "elapsed": 41.644109, "delta": 0.488998}}
{"target": -40.67662684525879, "params": {"C": 124.8010017585647, "epsilon": 0.9496837514039622, "gamma": 0.08474479393247666}, "datetime": {"datetime": "2021-09-28 11:58:07", "elapsed": 42.137111, "delta": 0.493002}}
{"target": -38.27729357097711, "params": {"C": 19.494221075236887, "epsilon": 1.98720732833469, "gamma": 0.06354789175598928}, "datetime": {"datetime": "2021-09-28 11:58:08", "elapsed": 42.69881, "delta": 0.561699}}
{"target": -40.899636893685525, "params": {"C": 38.05116477495335, "epsilon": 2.6334130082490854, "gamma": 0.1827846496731442}, "datetime": {"datetime": "2021-09-28 11:58:09", "elapsed": 43.271814, "delta": 0.573004}}
{"target": -43.018429463667175, "params": {"C": 119.79892937589565, "epsilon": 1.727640680873834, "gamma": 0.18886254684922085}, "datetime": {"datetime": "2021-09-28 11:58:09", "elapsed": 43.82637, "delta": 0.554556}}
{"target": -41.37451858882491, "params": {"C": 53.084344891787154, "epsilon": 1.4916595595057793, "gamma": 0.18755554713342965}, "datetime": {"datetime": "2021-09-28 11:58:10", "elapsed": 44.387455, "delta": 0.561085}}
{"target": -38.088675052048636, "params": {"C": 27.653128449155712, "epsilon": 1.1439004307242489, "gamma": 0.04548589503053641}, "datetime": {"datetime": "2021-09-28 11:58:10", "elapsed": 44.990455, "delta": 0.603}}
{"target": -38.768912580349344, "params": {"C": 73.44134854265648, "epsilon": 2.8525316268329135, "gamma": 0.026353142303088658}, "datetime": {"datetime": "2021-09-28 11:58:11", "elapsed": 45.660457, "delta": 0.670002}}
{"target": -41.28344158778644, "params": {"C": 96.89260603096207, "epsilon": 1.8689391625396337, "gamma": 0.13977494932413312}, "datetime": {"datetime": "2021-09-28 11:58:12", "elapsed": 46.318481, "delta": 0.658024}}
{"target": -38.107977439859525, "params": {"C": 66.92991440097146, "epsilon": 2.704496251164382, "gamma": 0.018949540254661338}, "datetime": {"datetime": "2021-09-28 11:58:12", "elapsed": 46.904555, "delta": 0.586074}}
{"target": -37.86010900289713, "params": {"C": 27.77340598194726, "epsilon": 1.1084910125758451, "gamma": 0.028619269136714854}, "datetime": {"datetime": "2021-09-28 11:58:13", "elapsed": 47.639555, "delta": 0.735}}
{"target": -37.1695488172424, "params": {"C": 73.40197371360836, "epsilon": 2.5972135590262595, "gamma": 0.0069301766424090016}, "datetime": {"datetime": "2021-09-28 11:58:14", "elapsed": 48.324554, "delta": 0.684999}}
{"target": -40.80991841691667, "params": {"C": 144.0441493172183, "epsilon": 2.266942701189539, "gamma": 0.09350263135023312}, "datetime": {"datetime": "2021-09-28 11:58:14", "elapsed": 48.909235, "delta": 0.584681}}
{"target": -38.2833645058348, "params": {"C": 27.80580285213419, "epsilon": 1.0737390796003952, "gamma": 0.050045688498562425}, "datetime": {"datetime": "2021-09-28 11:58:15", "elapsed": 49.598443, "delta": 0.689208}}
{"target": -39.50883028537765, "params": {"C": 17.90764116846798, "epsilon": 2.422551706029646, "gamma": 0.11672737038260385}, "datetime": {"datetime": "2021-09-28 11:58:15", "elapsed": 50.19044, "delta": 0.591997}}
{"target": -43.6337003404304, "params": {"C": 149.14698961883295, "epsilon": 2.5791446210015185, "gamma": 0.18153908152651307}, "datetime": {"datetime": "2021-09-28 11:58:16", "elapsed": 50.81844, "delta": 0.628}}
{"target": -37.57683254398223, "params": {"C": 27.74045400814155, "epsilon": 1.1235275561629667, "gamma": 0.02285270457757691}, "datetime": {"datetime": "2021-09-28 11:58:17", "elapsed": 51.518441, "delta": 0.700001}}
{"target": -38.05075854385575, "params": {"C": 27.623063229310226, "epsilon": 1.0647778139000543, "gamma": 0.04180646722618835}, "datetime": {"datetime": "2021-09-28 11:58:17", "elapsed": 52.129443, "delta": 0.611002}}
{"target": -37.12327645270452, "params": {"C": 27.70056163652123, "epsilon": 1.0896468641216228, "gamma": 0.01424769438482754}, "datetime": {"datetime": "2021-09-28 11:58:18", "elapsed": 52.764669, "delta": 0.635226}}
{"target": -39.878393795120026, "params": {"C": 64.73130315480856, "epsilon": 0.295732523537132, "gamma": 0.08525064375244322}, "datetime": {"datetime": "2021-09-28 11:58:19", "elapsed": 53.447919, "delta": 0.68325}}
{"target": -38.69002055764641, "params": {"C": 27.815662013559642, "epsilon": 0.9531534627853273, "gamma": 0.07171152050631936}, "datetime": {"datetime": "2021-09-28 11:58:19", "elapsed": 54.081924, "delta": 0.634005}}
{"target": -40.894975725219105, "params": {"C": 82.09057831182422, "epsilon": 0.9393441892541812, "gamma": 0.11929993730138401}, "datetime": {"datetime": "2021-09-28 11:58:20", "elapsed": 54.588268, "delta": 0.506344}}
{"target": -40.46821799921068, "params": {"C": 134.6783073237, "epsilon": 2.2705570526771166, "gamma": 0.07164251604671236}, "datetime": {"datetime": "2021-09-28 11:58:21", "elapsed": 55.352269, "delta": 0.764001}}
{"target": -39.86346921172071, "params": {"C": 61.59970367729349, "epsilon": 2.0673866734864936, "gamma": 0.08552672848042701}, "datetime": {"datetime": "2021-09-28 11:58:21", "elapsed": 56.052264, "delta": 0.699995}}
{"target": -38.71432359189404, "params": {"C": 73.56110146068477, "epsilon": 2.8442087370367877, "gamma": 0.033510124484442634}, "datetime": {"datetime": "2021-09-28 11:58:22", "elapsed": 56.905849, "delta": 0.853585}}
{"target": -36.92478970760554, "params": {"C": 19.56461671649431, "epsilon": 1.8393033963443686, "gamma": 0.013953655131047103}, "datetime": {"datetime": "2021-09-28 11:58:23", "elapsed": 57.838847, "delta": 0.932998}}
{"target": -41.79470062467299, "params": {"C": 79.69459889960562, "epsilon": 2.318911254515813, "gamma": 0.1808455171825738}, "datetime": {"datetime": "2021-09-28 11:58:24", "elapsed": 58.435507, "delta": 0.59666}}
{"target": -40.147701243238245, "params": {"C": 73.5138012108505, "epsilon": 2.70885142971875, "gamma": 0.001}, "datetime": {"datetime": "2021-09-28 11:58:25", "elapsed": 59.379068, "delta": 0.943561}}
{"target": -41.28532083504402, "params": {"C": 50.1776616367735, "epsilon": 0.45787820304449306, "gamma": 0.19524019103850324}, "datetime": {"datetime": "2021-09-28 11:58:25", "elapsed": 60.042063, "delta": 0.662995}}
{"target": -37.518110822668476, "params": {"C": 27.89413667702235, "epsilon": 1.035866163785495, "gamma": 0.020890505282096003}, "datetime": {"datetime": "2021-09-28 11:58:26", "elapsed": 60.74604, "delta": 0.703977}}
{"target": -36.801519274463566, "params": {"C": 27.576691111915828, "epsilon": 1.1749028501352905, "gamma": 0.00855582373632522}, "datetime": {"datetime": "2021-09-28 11:58:27", "elapsed": 61.60504, "delta": 0.859}}
{"target": -36.91288634027163, "params": {"C": 19.520850432036948, "epsilon": 1.9513887005229547, "gamma": 0.014684386910331422}, "datetime": {"datetime": "2021-09-28 11:58:28", "elapsed": 62.289039, "delta": 0.683999}}
{"target": -38.6908834604712, "params": {"C": 70.3358462240721, "epsilon": 0.31248599598962873, "gamma": 0.028526368241004435}, "datetime": {"datetime": "2021-09-28 11:58:28", "elapsed": 62.930183, "delta": 0.641144}}
{"target": -38.023456491339566, "params": {"C": 19.402619938580948, "epsilon": 2.089180363654052, "gamma": 0.04665196390826833}, "datetime": {"datetime": "2021-09-28 11:58:29", "elapsed": 63.636394, "delta": 0.706211}}
{"target": -37.534492065283395, "params": {"C": 19.646767998635056, "epsilon": 1.7908674725881122, "gamma": 0.03174605496293699}, "datetime": {"datetime": "2021-09-28 11:58:30", "elapsed": 64.364195, "delta": 0.727801}}
{"target": -37.76425458993724, "params": {"C": 16.445998717947173, "epsilon": 2.1213896675012816, "gamma": 0.03907896217905242}, "datetime": {"datetime": "2021-09-28 11:58:30", "elapsed": 65.142527, "delta": 0.778332}}
{"target": -38.326133322477325, "params": {"C": 19.490110739782143, "epsilon": 1.8114992058542811, "gamma": 0.07034605945304284}, "datetime": {"datetime": "2021-09-28 11:58:31", "elapsed": 65.866525, "delta": 0.723998}}
{"target": -37.82644164722644, "params": {"C": 19.49437072247126, "epsilon": 1.9775525427644438, "gamma": 0.007392034241627741}, "datetime": {"datetime": "2021-09-28 11:58:32", "elapsed": 66.767264, "delta": 0.900739}}
{"target": -36.93493716049274, "params": {"C": 19.582810198628803, "epsilon": 2.0683479189291067, "gamma": 0.015130053148041563}, "datetime": {"datetime": "2021-09-28 11:58:33", "elapsed": 67.649263, "delta": 0.881999}}
{"target": -41.4090941571866, "params": {"C": 108.09165495711764, "epsilon": 1.0999431681533998, "gamma": 0.1418510640346809}, "datetime": {"datetime": "2021-09-28 11:58:34", "elapsed": 68.393265, "delta": 0.744002}}
{"target": -37.492549131091685, "params": {"C": 27.581904555761895, "epsilon": 1.220033410759684, "gamma": 0.022048232405309134}, "datetime": {"datetime": "2021-09-28 11:58:35", "elapsed": 69.310252, "delta": 0.916987}}
{"target": -37.77503635675595, "params": {"C": 16.33101819912161, "epsilon": 2.232980768830325, "gamma": 0.037835086453453286}, "datetime": {"datetime": "2021-09-28 11:58:35", "elapsed": 70.078253, "delta": 0.768001}}
{"target": -41.10439584092836, "params": {"C": 49.90527457207522, "epsilon": 0.0448407603010918, "gamma": 0.18446146844813263}, "datetime": {"datetime": "2021-09-28 11:58:36", "elapsed": 70.787939, "delta": 0.709686}}
{"target": -39.85795110040743, "params": {"C": 145.29938664046338, "epsilon": 2.885688051739866, "gamma": 0.055766389234012496}, "datetime": {"datetime": "2021-09-28 11:58:37", "elapsed": 71.773942, "delta": 0.986003}}
{"target": -40.99355730214069, "params": {"C": 108.0413285292056, "epsilon": 1.1352045489277627, "gamma": 0.11369375121878514}, "datetime": {"datetime": "2021-09-28 11:58:38", "elapsed": 72.514165, "delta": 0.740223}}
{"target": -37.96939096331397, "params": {"C": 19.447881348418946, "epsilon": 2.1600613296097277, "gamma": 0.04466745130783736}, "datetime": {"datetime": "2021-09-28 11:58:39", "elapsed": 73.353155, "delta": 0.83899}}
{"target": -43.233062300015696, "params": {"C": 138.03044969121686, "epsilon": 1.8988832510737372, "gamma": 0.17767779767276407}, "datetime": {"datetime": "2021-09-28 11:58:39", "elapsed": 74.095825, "delta": 0.74267}}
{"target": -47.76853611260038, "params": {"C": 1.4489433855544402, "epsilon": 2.471728033028607, "gamma": 0.14269342145696542}, "datetime": {"datetime": "2021-09-28 11:58:40", "elapsed": 74.81885, "delta": 0.723025}}
{"target": -42.85958404405403, "params": {"C": 111.02801328005398, "epsilon": 2.4386127248912883, "gamma": 0.19200529222004029}, "datetime": {"datetime": "2021-09-28 11:58:41", "elapsed": 75.698849, "delta": 0.879999}}
{"target": -37.09138891690444, "params": {"C": 16.399011658775535, "epsilon": 2.2286330849678326, "gamma": 0.013050433668039953}, "datetime": {"datetime": "2021-09-28 11:58:42", "elapsed": 76.838844, "delta": 1.139995}}
{"target": -38.7272157882282, "params": {"C": 19.890601065307795, "epsilon": 2.4688223999421, "gamma": 0.08028147639090558}, "datetime": {"datetime": "2021-09-28 11:58:43", "elapsed": 77.629843, "delta": 0.790999}}
{"target": -37.75976588799025, "params": {"C": 16.503170074343622, "epsilon": 2.1870515870618896, "gamma": 0.037773674553705616}, "datetime": {"datetime": "2021-09-28 11:58:44", "elapsed": 78.59098, "delta": 0.961137}}
{"target": -40.004571742660474, "params": {"C": 121.86993147984964, "epsilon": 1.0724134661469054, "gamma": 0.061637517016624184}, "datetime": {"datetime": "2021-09-28 11:58:45", "elapsed": 79.361812, "delta": 0.770832}}
{"target": -39.77707211387205, "params": {"C": 5.913320710218221, "epsilon": 1.237502733353879, "gamma": 0.07342913519957851}, "datetime": {"datetime": "2021-09-28 11:58:45", "elapsed": 80.004808, "delta": 0.642996}}
{"target": -37.14864133305748, "params": {"C": 73.47495969225342, "epsilon": 2.5808676870272693, "gamma": 0.0025248981058093745}, "datetime": {"datetime": "2021-09-28 11:58:46", "elapsed": 81.018627, "delta": 1.013819}}
{"target": -37.064074508537246, "params": {"C": 19.635677142809524, "epsilon": 2.116681894711816, "gamma": 0.021423723568419695}, "datetime": {"datetime": "2021-09-28 11:58:47", "elapsed": 82.181629, "delta": 1.163002}}
{"target": -37.584564966693264, "params": {"C": 27.515749415084727, "epsilon": 1.219626615345559, "gamma": 0.02326370795703281}, "datetime": {"datetime": "2021-09-28 11:58:48", "elapsed": 83.092075, "delta": 0.910446}}
{"target": -38.30343544011351, "params": {"C": 19.383745102103944, "epsilon": 2.1142083227835884, "gamma": 0.06484477797023798}, "datetime": {"datetime": "2021-09-28 11:58:49", "elapsed": 83.997024, "delta": 0.904949}}
{"target": -37.742790489499455, "params": {"C": 145.24419129614793, "epsilon": 2.9778267495837456, "gamma": 0.009030015060769402}, "datetime": {"datetime": "2021-09-28 11:58:50", "elapsed": 84.859782, "delta": 0.862758}}
{"target": -39.03609883264141, "params": {"C": 93.37732816218362, "epsilon": 0.8207405295317993, "gamma": 0.03514348511553732}, "datetime": {"datetime": "2021-09-28 11:58:51", "elapsed": 86.052782, "delta": 1.193}}
{"target": -39.24092314985306, "params": {"C": 92.53697073012279, "epsilon": 0.5753845089121946, "gamma": 0.041825322714451045}, "datetime": {"datetime": "2021-09-28 11:58:52", "elapsed": 86.980346, "delta": 0.927564}}
{"target": -38.7064629549657, "params": {"C": 73.44468367037733, "epsilon": 2.60258743886475, "gamma": 0.03749537994888519}, "datetime": {"datetime": "2021-09-28 11:58:53", "elapsed": 88.134345, "delta": 1.153999}}
{"target": -41.40342045895146, "params": {"C": 71.5882619371366, "epsilon": 1.8598309094198433, "gamma": 0.16283462023196507}, "datetime": {"datetime": "2021-09-28 11:58:54", "elapsed": 89.007381, "delta": 0.873036}}
{"target": -39.43184970794032, "params": {"C": 65.67359807305924, "epsilon": 0.5727764292888134, "gamma": 0.05523156457478343}, "datetime": {"datetime": "2021-09-28 11:58:55", "elapsed": 89.984119, "delta": 0.976738}}
{"target": -42.930609348245646, "params": {"C": 118.5996215863936, "epsilon": 1.1036609589790602, "gamma": 0.18722042336013553}, "datetime": {"datetime": "2021-09-28 11:58:56", "elapsed": 90.760614, "delta": 0.776495}}
{"target": -39.048430324987685, "params": {"C": 6.647183102841844, "epsilon": 1.8193224597685147, "gamma": 0.020698105245042783}, "datetime": {"datetime": "2021-09-28 11:58:57", "elapsed": 91.557609, "delta": 0.796995}}
{"target": -39.12008002933985, "params": {"C": 27.930968730369496, "epsilon": 0.9526240938398176, "gamma": 0.08640840943651952}, "datetime": {"datetime": "2021-09-28 11:58:58", "elapsed": 92.605612, "delta": 1.048003}}
{"target": -37.718485325310226, "params": {"C": 14.523168012925339, "epsilon": 1.8449163489971179, "gamma": 0.03927418929511085}, "datetime": {"datetime": "2021-09-28 11:58:59", "elapsed": 93.727421, "delta": 1.121809}}
{"target": -37.75698111270545, "params": {"C": 16.458939283148737, "epsilon": 2.2150473543178757, "gamma": 0.03709987407564452}, "datetime": {"datetime": "2021-09-28 11:59:00", "elapsed": 95.108981, "delta": 1.38156}}
{"target": -38.73129611119908, "params": {"C": 75.27379310420768, "epsilon": 1.2516564301177766, "gamma": 0.030130391011096186}, "datetime": {"datetime": "2021-09-28 11:59:01", "elapsed": 96.037972, "delta": 0.928991}}
{"target": -37.71511554676065, "params": {"C": 16.392846474527758, "epsilon": 2.1734800122779467, "gamma": 0.03486651521854549}, "datetime": {"datetime": "2021-09-28 11:59:02", "elapsed": 97.042613, "delta": 1.004641}}
{"target": -39.00477160099848, "params": {"C": 19.688918498371613, "epsilon": 2.129889657145097, "gamma": 0.10004746094536544}, "datetime": {"datetime": "2021-09-28 11:59:04", "elapsed": 98.261598, "delta": 1.218985}}
{"target": -37.35294728218339, "params": {"C": 19.670512861951316, "epsilon": 1.739339817912067, "gamma": 0.008618930747354456}, "datetime": {"datetime": "2021-09-28 11:59:05", "elapsed": 99.788045, "delta": 1.526447}}
{"target": -39.07970290378456, "params": {"C": 16.443880783254844, "epsilon": 2.197100795291694, "gamma": 0.09760849192159045}, "datetime": {"datetime": "2021-09-28 11:59:07", "elapsed": 101.355045, "delta": 1.567}}
{"target": -39.16050624450279, "params": {"C": 141.88665575868205, "epsilon": 1.9026957021393274, "gamma": 0.038359764674942884}, "datetime": {"datetime": "2021-09-28 11:59:08", "elapsed": 102.377047, "delta": 1.022002}}
{"target": -41.02533030103869, "params": {"C": 43.08758757487574, "epsilon": 1.2358507672705388, "gamma": 0.18911306709391712}, "datetime": {"datetime": "2021-09-28 11:59:09", "elapsed": 103.335509, "delta": 0.958462}}
{"target": -37.84847501915144, "params": {"C": 16.376374598991067, "epsilon": 2.348525061238307, "gamma": 0.009240666435094337}, "datetime": {"datetime": "2021-09-28 11:59:10", "elapsed": 104.890065, "delta": 1.554556}}
{"target": -40.94064686791478, "params": {"C": 74.78771050947582, "epsilon": 0.8976812111791489, "gamma": 0.12798751401511563}, "datetime": {"datetime": "2021-09-28 11:59:11", "elapsed": 105.884066, "delta": 0.994001}}
{"target": -37.53516472145046, "params": {"C": 133.554069577307, "epsilon": 1.4415323664752138, "gamma": 0.00785881247366943}, "datetime": {"datetime": "2021-09-28 11:59:12", "elapsed": 106.846762, "delta": 0.962696}}
