{"target": 0.35972027678266827, "params": {"C": 81.16336157753196, "epsilon": 0.4475694897659837, "gamma": 0.09699781662085155}, "datetime": {"datetime": "2021-09-24 09:30:47", "elapsed": 201.446319, "delta": 1.305554}}
{"target": 0.4365847533693613, "params": {"C": 77.5944024472717, "epsilon": 0.8063204604290731, "gamma": 0.005355207758533978}, "datetime": {"datetime": "2021-09-24 09:30:48", "elapsed": 203.04885, "delta": 1.602531}}
{"target": 0.4158066224903664, "params": {"C": 77.71917287286908, "epsilon": 0.8761549454348687, "gamma": 0.04071689759917819}, "datetime": {"datetime": "2021-09-24 09:30:50", "elapsed": 205.175536, "delta": 2.126686}}
{"target": 0.3426489385567695, "params": {"C": 91.31237631060121, "epsilon": 0.637936159467779, "gamma": 0.10862495920246547}, "datetime": {"datetime": "2021-09-24 09:30:52", "elapsed": 206.47511, "delta": 1.299574}}
{"target": 0.3332889239071992, "params": {"C": 71.82996313705229, "epsilon": 0.9560095545814072, "gamma": 0.1469403771771917}, "datetime": {"datetime": "2021-09-24 09:30:53", "elapsed": 207.85101, "delta": 1.3759}}
{"target": 0.4043936026487033, "params": {"C": 67.21147956955873, "epsilon": 0.7482296022006575, "gamma": 0.06886399364477384}, "datetime": {"datetime": "2021-09-24 09:30:55", "elapsed": 209.308921, "delta": 1.457911}}
{"target": 0.4112998742542935, "params": {"C": 73.29077874674559, "epsilon": 0.8093320824666276, "gamma": 0.054838614544983844}, "datetime": {"datetime": "2021-09-24 09:30:56", "elapsed": 210.532423, "delta": 1.223502}}
{"target": 0.43832588653229865, "params": {"C": 71.62105444159664, "epsilon": 0.8378558381747392, "gamma": 0.007707337437279846}, "datetime": {"datetime": "2021-09-24 09:30:57", "elapsed": 211.857017, "delta": 1.324594}}
{"target": 0.4204018610879252, "params": {"C": 77.67274677666673, "epsilon": 0.8928996209086243, "gamma": 0.03267972893426824}, "datetime": {"datetime": "2021-09-24 09:30:59", "elapsed": 214.144861, "delta": 2.287844}}
{"target": 0.302513276715632, "params": {"C": 64.11722436621992, "epsilon": 0.7081827825562866, "gamma": 0.0005}, "datetime": {"datetime": "2021-09-24 09:31:02", "elapsed": 216.704133, "delta": 2.559272}}
{"target": 0.42663430432402105, "params": {"C": 64.10821700071584, "epsilon": 0.6429704803650307, "gamma": 0.027617867514275158}, "datetime": {"datetime": "2021-09-24 09:31:05", "elapsed": 219.718687, "delta": 3.014554}}
{"target": 0.4391442506229324, "params": {"C": 61.89284161054236, "epsilon": 0.8645922630047398, "gamma": 0.01045175498021227}, "datetime": {"datetime": "2021-09-24 09:31:06", "elapsed": 220.9905, "delta": 1.271813}}
{"target": 0.41403841932134844, "params": {"C": 92.72723036030702, "epsilon": 0.1712449709538226, "gamma": 0.03223795734702353}, "datetime": {"datetime": "2021-09-24 09:31:09", "elapsed": 223.185329, "delta": 2.194829}}
{"target": 0.37787201451091934, "params": {"C": 65.00962063671602, "epsilon": 0.60271761757292, "gamma": 0.0009599380962964644}, "datetime": {"datetime": "2021-09-24 09:31:11", "elapsed": 225.233754, "delta": 2.048425}}
{"target": 0.33511774829880747, "params": {"C": 143.5994902142004, "epsilon": 0.02690030559606344, "gamma": 0.08267454044286701}, "datetime": {"datetime": "2021-09-24 09:37:02", "elapsed": 0.0, "delta": 0.0}}
{"target": 0.39330910006953623, "params": {"C": 143.5322392618277, "epsilon": 0.42094743428540154, "gamma": 0.04988505574007918}, "datetime": {"datetime": "2021-09-24 09:37:02", "elapsed": 0.049193, "delta": 0.049193}}
{"target": 0.4052957052583852, "params": {"C": 120.46486340378425, "epsilon": 0.6196516953843131, "gamma": 0.04529837371434121}, "datetime": {"datetime": "2021-09-24 09:37:02", "elapsed": 0.099898, "delta": 0.050705}}
{"target": 0.34974380987159115, "params": {"C": 126.68272751028667, "epsilon": 0.6215126989365256, "gamma": 0.07960674309441734}, "datetime": {"datetime": "2021-09-24 09:37:02", "elapsed": 0.143786, "delta": 0.043888}}
{"target": 0.412988453213069, "params": {"C": 113.45799453449335, "epsilon": 0.5140645431444807, "gamma": 0.028073759914213833}, "datetime": {"datetime": "2021-09-24 09:37:02", "elapsed": 0.159416, "delta": 0.01563}}
{"target": 0.3323144255790512, "params": {"C": 163.19081805213568, "epsilon": 0.2716946412306279, "gamma": 0.07791765153039722}, "datetime": {"datetime": "2021-09-24 09:37:02", "elapsed": 0.306585, "delta": 0.147169}}
{"target": 0.33113597304264586, "params": {"C": 142.0609828256476, "epsilon": 0.455128632035658, "gamma": 0.08678097269165881}, "datetime": {"datetime": "2021-09-24 09:37:03", "elapsed": 0.422511, "delta": 0.115926}}
{"target": 0.3637664855569237, "params": {"C": 119.53451923531999, "epsilon": 0.6230917559142056, "gamma": 0.07081980902152865}, "datetime": {"datetime": "2021-09-24 09:37:03", "elapsed": 0.544984, "delta": 0.122473}}
{"target": 0.255692554897498, "params": {"C": 181.73738082368385, "epsilon": 0.055989611031671147, "gamma": 0.13089053616320448}, "datetime": {"datetime": "2021-09-24 09:37:03", "elapsed": 0.645297, "delta": 0.100313}}
{"target": 0.34073625067395086, "params": {"C": 139.3435866798245, "epsilon": 0.8263760559098713, "gamma": 0.08040185010796932}, "datetime": {"datetime": "2021-09-24 09:37:03", "elapsed": 0.745591, "delta": 0.100294}}
{"target": 0.28188798040498486, "params": {"C": 147.96924789706895, "epsilon": 0.8689037440265993, "gamma": 0.1303402673471784}, "datetime": {"datetime": "2021-09-24 09:37:03", "elapsed": 0.877141, "delta": 0.13155}}
{"target": 0.3268488788676728, "params": {"C": 119.53299997566032, "epsilon": 0.6533108475101402, "gamma": 0.10473958896075639}, "datetime": {"datetime": "2021-09-24 09:37:03", "elapsed": 0.995154, "delta": 0.118013}}
{"target": 0.3095223399939804, "params": {"C": 113.8654694941486, "epsilon": 0.47439758621600464, "gamma": 0.13167458218533712}, "datetime": {"datetime": "2021-09-24 09:37:03", "elapsed": 1.093177, "delta": 0.098023}}
{"target": 0.4331516187719021, "params": {"C": 148.63593535745414, "epsilon": 0.8945650984114254, "gamma": 0.0022983504476645376}, "datetime": {"datetime": "2021-09-24 09:37:03", "elapsed": 1.184023, "delta": 0.090846}}
{"target": 0.3321675421900535, "params": {"C": 116.65345634098061, "epsilon": 0.3448043053577622, "gamma": 0.09992430157742495}, "datetime": {"datetime": "2021-09-24 09:37:03", "elapsed": 1.295567, "delta": 0.111544}}
{"target": 0.31761082215263714, "params": {"C": 138.23328450754593, "epsilon": 0.1090302042446392, "gamma": 0.10272033591607128}, "datetime": {"datetime": "2021-09-24 09:37:04", "elapsed": 1.407574, "delta": 0.112007}}
{"target": 0.40275475961413476, "params": {"C": 140.4472216470425, "epsilon": 0.6368155612117047, "gamma": 0.036965998164169574}, "datetime": {"datetime": "2021-09-24 09:37:04", "elapsed": 1.519486, "delta": 0.111912}}
{"target": 0.2958173580509049, "params": {"C": 181.99555807028048, "epsilon": 0.4950227413808569, "gamma": 0.10013851295676002}, "datetime": {"datetime": "2021-09-24 09:37:04", "elapsed": 1.682183, "delta": 0.162697}}
{"target": 0.3924086039731737, "params": {"C": 111.7558619454409, "epsilon": 0.4346211525407269, "gamma": 0.05903324071813883}, "datetime": {"datetime": "2021-09-24 09:37:04", "elapsed": 1.8145, "delta": 0.132317}}
{"target": 0.4196554190100007, "params": {"C": 117.95858496475853, "epsilon": 0.34896874638762043, "gamma": 0.014673064695100048}, "datetime": {"datetime": "2021-09-24 09:37:04", "elapsed": 1.936503, "delta": 0.122003}}
{"target": 0.3548986724220222, "params": {"C": 148.6312332255494, "epsilon": 0.8969035297247846, "gamma": 0.06708244699162741}, "datetime": {"datetime": "2021-09-24 09:37:04", "elapsed": 2.086567, "delta": 0.150064}}
{"target": 0.4297390561520028, "params": {"C": 112.55584692631999, "epsilon": 0.6401021843859215, "gamma": 0.010458340313043383}, "datetime": {"datetime": "2021-09-24 09:37:04", "elapsed": 2.233752, "delta": 0.147185}}
{"target": 0.3936169622606942, "params": {"C": 171.44220178917982, "epsilon": 0.21888301326347676, "gamma": 0.04286436375880077}, "datetime": {"datetime": "2021-09-24 09:37:05", "elapsed": 2.349684, "delta": 0.115932}}
{"target": 0.4322848704057808, "params": {"C": 104.7275010581174, "epsilon": 0.8693518654998474, "gamma": 0.009810446225529543}, "datetime": {"datetime": "2021-09-24 09:37:05", "elapsed": 2.465619, "delta": 0.115935}}
{"target": 0.2990928079833579, "params": {"C": 131.5360171973867, "epsilon": 0.4241993522450676, "gamma": 0.1262396918579455}, "datetime": {"datetime": "2021-09-24 09:37:05", "elapsed": 2.603712, "delta": 0.138093}}
{"target": 0.40893060168364326, "params": {"C": 124.22390454881021, "epsilon": 0.49852799350609245, "gamma": 0.028653348015067994}, "datetime": {"datetime": "2021-09-24 09:37:05", "elapsed": 2.766502, "delta": 0.16279}}
{"target": 0.40590420382202075, "params": {"C": 110.1215044845265, "epsilon": 0.6967435149894154, "gamma": 0.04856669159657687}, "datetime": {"datetime": "2021-09-24 09:37:05", "elapsed": 2.92022, "delta": 0.153718}}
{"target": 0.33604864657563616, "params": {"C": 130.77398426100152, "epsilon": 0.6514060114686279, "gamma": 0.08809807068666292}, "datetime": {"datetime": "2021-09-24 09:37:05", "elapsed": 3.067384, "delta": 0.147164}}
{"target": 0.40897114042346194, "params": {"C": 125.21083219312956, "epsilon": 0.6050010116945473, "gamma": 0.03054488162186846}, "datetime": {"datetime": "2021-09-24 09:37:05", "elapsed": 3.205491, "delta": 0.138107}}
{"target": 0.4223278843870476, "params": {"C": 130.72367288223234, "epsilon": 0.8854672217878168, "gamma": 0.01318413255646136}, "datetime": {"datetime": "2021-09-24 09:37:06", "elapsed": 3.3683, "delta": 0.162809}}
{"target": 0.42279739626008705, "params": {"C": 101.17298404436362, "epsilon": 0.9246934994255901, "gamma": 0.018862369518149603}, "datetime": {"datetime": "2021-09-24 09:37:06", "elapsed": 3.490731, "delta": 0.122431}}
{"target": 0.41577018714836667, "params": {"C": 148.6393861184039, "epsilon": 0.9125168163602361, "gamma": 0.015458007734914958}, "datetime": {"datetime": "2021-09-24 09:37:06", "elapsed": 3.644506, "delta": 0.153775}}
{"target": 0.397401157818439, "params": {"C": 104.70322563488597, "epsilon": 0.8269136781103804, "gamma": 0.058325065984104404}, "datetime": {"datetime": "2021-09-24 09:37:06", "elapsed": 3.947211, "delta": 0.302705}}
{"target": 0.41287648795355525, "params": {"C": 104.65664218510676, "epsilon": 0.9394327142235471, "gamma": 0.03217478452560423}, "datetime": {"datetime": "2021-09-24 09:37:06", "elapsed": 4.237895, "delta": 0.290684}}
{"target": 0.3696993683496125, "params": {"C": 104.71849467151159, "epsilon": 0.9350467515681289, "gamma": 0.07287222515752292}, "datetime": {"datetime": "2021-09-24 09:37:07", "elapsed": 4.474186, "delta": 0.236291}}
{"target": 0.24867345335288482, "params": {"C": 174.43497294498053, "epsilon": 0.6951062867906259, "gamma": 0.14111436478855224}, "datetime": {"datetime": "2021-09-24 09:37:07", "elapsed": 4.766378, "delta": 0.292192}}
{"target": 0.3988815308935125, "params": {"C": 112.60312178935064, "epsilon": 0.6797515877422594, "gamma": 0.054746899234628214}, "datetime": {"datetime": "2021-09-24 09:37:08", "elapsed": 5.316402, "delta": 0.550024}}
{"target": 0.4380758804097832, "params": {"C": 117.93794442958506, "epsilon": 0.3606279568164244, "gamma": 0.004375269585948201}, "datetime": {"datetime": "2021-09-24 09:37:08", "elapsed": 5.534405, "delta": 0.218003}}
{"target": 0.3753207219554492, "params": {"C": 117.8697365836654, "epsilon": 0.36759140177745026, "gamma": 0.06554730681166097}, "datetime": {"datetime": "2021-09-24 09:37:08", "elapsed": 5.80039, "delta": 0.265985}}
{"target": 0.42082125645222945, "params": {"C": 112.49898775725026, "epsilon": 0.70457395947597, "gamma": 0.01529256148925733}, "datetime": {"datetime": "2021-09-24 09:37:08", "elapsed": 6.087747, "delta": 0.287357}}
{"target": 0.4322355359605511, "params": {"C": 117.94935976134188, "epsilon": 0.4636906714356663, "gamma": 0.008647722976982887}, "datetime": {"datetime": "2021-09-24 09:37:09", "elapsed": 6.5911, "delta": 0.503353}}
{"target": 0.31151622236641285, "params": {"C": 130.60867376792874, "epsilon": 0.7435364343356875, "gamma": 0.11600751759555877}, "datetime": {"datetime": "2021-09-24 09:37:09", "elapsed": 6.770066, "delta": 0.178966}}
{"target": 0.3243798281462211, "params": {"C": 112.50955597593143, "epsilon": 0.589806802069164, "gamma": 0.11395326958077474}, "datetime": {"datetime": "2021-09-24 09:37:09", "elapsed": 7.086584, "delta": 0.316518}}
{"target": 0.4017415662828766, "params": {"C": 101.10705990899879, "epsilon": 0.8447413774321761, "gamma": 0.056556367250925325}, "datetime": {"datetime": "2021-09-24 09:37:10", "elapsed": 7.318415, "delta": 0.231831}}
{"target": 0.40674479698257215, "params": {"C": 101.09721762974226, "epsilon": 0.9954724147094574, "gamma": 0.0490543473705396}, "datetime": {"datetime": "2021-09-24 09:37:10", "elapsed": 7.684415, "delta": 0.366}}
{"target": 0.42729775381510327, "params": {"C": 104.5997648742144, "epsilon": 0.8607915658912947, "gamma": 0.013838776368728512}, "datetime": {"datetime": "2021-09-24 09:37:10", "elapsed": 8.172021, "delta": 0.487606}}
{"target": 0.37053581570778005, "params": {"C": 130.79379401123327, "epsilon": 0.9722644968118856, "gamma": 0.0635059022021478}, "datetime": {"datetime": "2021-09-24 09:37:11", "elapsed": 8.746311, "delta": 0.57429}}
{"target": 0.35031773774061037, "params": {"C": 180.4298719885653, "epsilon": 0.4996094975496606, "gamma": 0.061799319848620096}, "datetime": {"datetime": "2021-09-24 09:37:12", "elapsed": 9.321824, "delta": 0.575513}}
{"target": 0.42547090621957784, "params": {"C": 148.74604195642416, "epsilon": 0.8761373977283099, "gamma": 0.011000666069158914}, "datetime": {"datetime": "2021-09-24 09:37:12", "elapsed": 10.053124, "delta": 0.7313}}
{"target": 0.41608154301516664, "params": {"C": 101.18456377088954, "epsilon": 0.9267223292782868, "gamma": 0.029399270222029452}, "datetime": {"datetime": "2021-09-24 09:37:12", "elapsed": 10.257502, "delta": 0.204378}}
{"target": 0.38941081517391507, "params": {"C": 148.69062781820068, "epsilon": 0.7719056908867239, "gamma": 0.0005}, "datetime": {"datetime": "2021-09-24 09:37:13", "elapsed": 10.74687, "delta": 0.489368}}
{"target": 0.26673843693075006, "params": {"C": 164.69218673535443, "epsilon": 0.08032036940729892, "gamma": 0.13301055044785381}, "datetime": {"datetime": "2021-09-24 09:37:13", "elapsed": 11.016563, "delta": 0.269693}}
{"target": 0.3702863733621725, "params": {"C": 104.5339499203323, "epsilon": 0.9625067216076671, "gamma": 0.07260680893098712}, "datetime": {"datetime": "2021-09-24 09:37:14", "elapsed": 11.43343, "delta": 0.416867}}
{"target": 0.3267257534838859, "params": {"C": 113.34802088637703, "epsilon": 0.5510302603507803, "gamma": 0.10975878193899435}, "datetime": {"datetime": "2021-09-24 09:37:14", "elapsed": 11.727524, "delta": 0.294094}}
{"target": 0.42414710511742515, "params": {"C": 113.56426987573086, "epsilon": 0.5284286330573578, "gamma": 0.013562219321341924}, "datetime": {"datetime": "2021-09-24 09:37:14", "elapsed": 11.942484, "delta": 0.21496}}
{"target": 0.37153211813980824, "params": {"C": 113.52602287251791, "epsilon": 0.6424499625303437, "gamma": 0.0005}, "datetime": {"datetime": "2021-09-24 09:37:15", "elapsed": 12.526876, "delta": 0.584392}}
{"target": 0.30333508096656314, "params": {"C": 183.96193331516923, "epsilon": 0.7058663662445229, "gamma": 0.09506988846399785}, "datetime": {"datetime": "2021-09-24 09:37:15", "elapsed": 12.78098, "delta": 0.254104}}
{"target": 0.41055960910523814, "params": {"C": 113.55927930452285, "epsilon": 0.397896415116074, "gamma": 0.030510970624719285}, "datetime": {"datetime": "2021-09-24 09:37:15", "elapsed": 13.130504, "delta": 0.349524}}
{"target": 0.4052230378805818, "params": {"C": 125.35912780604563, "epsilon": 0.6331124114996614, "gamma": 0.034833824462722755}, "datetime": {"datetime": "2021-09-24 09:37:16", "elapsed": 13.462671, "delta": 0.332167}}
{"target": 0.4090036458459757, "params": {"C": 107.47976912884403, "epsilon": 0.04384812496301226, "gamma": 0.03322618338031094}, "datetime": {"datetime": "2021-09-24 09:37:16", "elapsed": 13.678915, "delta": 0.216244}}
{"target": 0.301953047192667, "params": {"C": 125.28358733967971, "epsilon": 0.4987965984673731, "gamma": 0.12905714692626682}, "datetime": {"datetime": "2021-09-24 09:37:16", "elapsed": 14.049924, "delta": 0.371009}}
{"target": 0.3773857006344953, "params": {"C": 125.25414310133569, "epsilon": 0.729252745800771, "gamma": 0.0005}, "datetime": {"datetime": "2021-09-24 09:37:17", "elapsed": 14.449712, "delta": 0.399788}}
{"target": 0.30520768544854193, "params": {"C": 113.60317618958209, "epsilon": 0.5302424258048091, "gamma": 0.13680129799870258}, "datetime": {"datetime": "2021-09-24 09:37:17", "elapsed": 14.696741, "delta": 0.247029}}
{"target": 0.38903739237981705, "params": {"C": 118.03817864242133, "epsilon": 0.5071486821427951, "gamma": 0.058905001867847785}, "datetime": {"datetime": "2021-09-24 09:37:17", "elapsed": 15.082337, "delta": 0.385596}}
{"target": 0.415465841883083, "params": {"C": 117.83230065378989, "epsilon": 0.5445654814858576, "gamma": 0.019881324631694074}, "datetime": {"datetime": "2021-09-24 09:37:18", "elapsed": 15.4145, "delta": 0.332163}}
{"target": 0.42951626942266086, "params": {"C": 117.9062157986696, "epsilon": 0.6220343288929163, "gamma": 0.010124710800751799}, "datetime": {"datetime": "2021-09-24 09:37:18", "elapsed": 15.737604, "delta": 0.323104}}
{"target": 0.3152218045041544, "params": {"C": 117.96822101156917, "epsilon": 0.6357508468292168, "gamma": 0.12171779036012861}, "datetime": {"datetime": "2021-09-24 09:37:18", "elapsed": 16.113755, "delta": 0.376151}}
{"target": 0.43105544916279637, "params": {"C": 107.52659204600411, "epsilon": 0.1653220213204049, "gamma": 0.0025250956038984185}, "datetime": {"datetime": "2021-09-24 09:37:19", "elapsed": 16.438835, "delta": 0.32508}}
{"target": 0.32019415990051625, "params": {"C": 107.51913506611801, "epsilon": 0.13826164426825382, "gamma": 0.12311667048007187}, "datetime": {"datetime": "2021-09-24 09:37:19", "elapsed": 16.988411, "delta": 0.549576}}
{"target": 0.29221477421343556, "params": {"C": 161.0631063624024, "epsilon": 0.6564676606031922, "gamma": 0.11319950900035822}, "datetime": {"datetime": "2021-09-24 09:37:19", "elapsed": 17.251546, "delta": 0.263135}}
{"target": 0.3619335075466723, "params": {"C": 101.22058389992172, "epsilon": 0.8091817702569839, "gamma": 0.0005}, "datetime": {"datetime": "2021-09-24 09:37:20", "elapsed": 17.706161, "delta": 0.454615}}
{"target": 0.4018469808015901, "params": {"C": 148.86906171252636, "epsilon": 0.8413380919605894, "gamma": 0.036870138191850955}, "datetime": {"datetime": "2021-09-24 09:37:20", "elapsed": 18.206295, "delta": 0.500134}}
{"target": 0.4007945537825949, "params": {"C": 164.97260830919788, "epsilon": 0.8268100693544885, "gamma": 0.03293951935264004}, "datetime": {"datetime": "2021-09-24 09:37:21", "elapsed": 18.433253, "delta": 0.226958}}
{"target": 0.42337755515918607, "params": {"C": 107.62845325646437, "epsilon": 0.12392867552131472, "gamma": 0.013749536873291722}, "datetime": {"datetime": "2021-09-24 09:37:21", "elapsed": 18.803188, "delta": 0.369935}}
{"target": 0.40861042428231653, "params": {"C": 107.62531534806051, "epsilon": 0.2751393243551181, "gamma": 0.03573672212088872}, "datetime": {"datetime": "2021-09-24 09:37:21", "elapsed": 19.252186, "delta": 0.448998}}
{"target": 0.3889794381132302, "params": {"C": 176.70159705701315, "epsilon": 0.4723079691706369, "gamma": 0.0446387928463297}, "datetime": {"datetime": "2021-09-24 09:37:22", "elapsed": 19.604951, "delta": 0.352765}}
{"target": 0.41644266279659137, "params": {"C": 107.72711672297253, "epsilon": 0.14862820081872039, "gamma": 0.021972029168280928}, "datetime": {"datetime": "2021-09-24 09:37:22", "elapsed": 20.051894, "delta": 0.446943}}
{"target": 0.4122044359889381, "params": {"C": 107.6794597429419, "epsilon": 0.004333395078680054, "gamma": 0.02864357329931158}, "datetime": {"datetime": "2021-09-24 09:37:23", "elapsed": 20.399384, "delta": 0.34749}}
{"target": 0.43300321352008697, "params": {"C": 117.79830058704285, "epsilon": 0.6763714884880488, "gamma": 0.003027876668563273}, "datetime": {"datetime": "2021-09-24 09:37:23", "elapsed": 20.791024, "delta": 0.39164}}
{"target": 0.3836936592367963, "params": {"C": 117.77459250718572, "epsilon": 0.7837884231151853, "gamma": 0.0612602104894906}, "datetime": {"datetime": "2021-09-24 09:37:24", "elapsed": 21.346297, "delta": 0.555273}}
{"target": 0.41747582442453013, "params": {"C": 148.81460658144326, "epsilon": 0.9837197074191146, "gamma": 0.01436296491920071}, "datetime": {"datetime": "2021-09-24 09:37:24", "elapsed": 21.858604, "delta": 0.512307}}
{"target": 0.43246237435357704, "params": {"C": 104.84217675790245, "epsilon": 0.8661305530715557, "gamma": 0.01027244485012779}, "datetime": {"datetime": "2021-09-24 09:37:24", "elapsed": 22.306173, "delta": 0.447569}}
{"target": 0.4129350682178792, "params": {"C": 104.96221548024876, "epsilon": 0.8907862581898055, "gamma": 0.03243951882618805}, "datetime": {"datetime": "2021-09-24 09:37:25", "elapsed": 22.892431, "delta": 0.586258}}
{"target": 0.4379481264335423, "params": {"C": 104.93382542423313, "epsilon": 0.6929931219420088, "gamma": 0.005463002601787869}, "datetime": {"datetime": "2021-09-24 09:37:26", "elapsed": 23.375868, "delta": 0.483437}}
{"target": 0.3597604010951365, "params": {"C": 104.83576553135558, "epsilon": 0.7178090131768537, "gamma": 0.08139080185490846}, "datetime": {"datetime": "2021-09-24 09:37:26", "elapsed": 23.916067, "delta": 0.540199}}
{"target": 0.40505663620687804, "params": {"C": 105.08150843289403, "epsilon": 0.750204834395813, "gamma": 0.051387313921059455}, "datetime": {"datetime": "2021-09-24 09:37:27", "elapsed": 24.450792, "delta": 0.534725}}
