{"target": 0.4131951262069796, "params": {"C": 45.76469445697196, "epsilon": 0.9812362362628732, "gamma": 0.05125770293909218}, "datetime": {"datetime": "2021-09-24 09:17:05", "elapsed": 205.204904, "delta": 1.938283}}
{"target": 0.42269830725555435, "params": {"C": 19.127993267223463, "epsilon": 0.9055168017938575, "gamma": 0.020892896553968997}, "datetime": {"datetime": "2021-09-24 09:17:06", "elapsed": 206.283368, "delta": 1.078464}}
{"target": 0.44057964822906504, "params": {"C": 57.04056063677051, "epsilon": 0.11628459986846205, "gamma": 0.01802225793886425}, "datetime": {"datetime": "2021-09-24 09:17:08", "elapsed": 207.331121, "delta": 1.047753}}
{"target": 0.41943055436366006, "params": {"C": 56.978604066284994, "epsilon": 0.11568388655701231, "gamma": 0.044238710387441975}, "datetime": {"datetime": "2021-09-24 09:17:09", "elapsed": 208.832123, "delta": 1.501002}}
{"target": 0.3651493115105523, "params": {"C": 14.935253389787434, "epsilon": 0.09614841854284349, "gamma": 0.12251095289545633}, "datetime": {"datetime": "2021-09-24 09:17:10", "elapsed": 209.992379, "delta": 1.160256}}
{"target": 0.4009950125908657, "params": {"C": 57.062235661035125, "epsilon": 0.09153570394299335, "gamma": 0.06053045145836152}, "datetime": {"datetime": "2021-09-24 09:17:12", "elapsed": 212.016664, "delta": 2.024285}}
{"target": 0.4290050108684722, "params": {"C": 49.68983557959984, "epsilon": 0.14694016364180812, "gamma": 0.029173251245961637}, "datetime": {"datetime": "2021-09-24 09:17:13", "elapsed": 213.034196, "delta": 1.017532}}
{"target": 0.4112733940895319, "params": {"C": 78.15948597526707, "epsilon": 0.5126498635614595, "gamma": 0.046469858269405404}, "datetime": {"datetime": "2021-09-24 09:17:15", "elapsed": 214.838815, "delta": 1.804619}}
{"target": 0.4222327325899874, "params": {"C": 47.92986031636549, "epsilon": 0.7221553332176088, "gamma": 0.006402872410280033}, "datetime": {"datetime": "2021-09-24 09:17:17", "elapsed": 216.85956, "delta": 2.020745}}
{"target": 0.4327857494100227, "params": {"C": 78.11674110786532, "epsilon": 0.45143554734989344, "gamma": 0.027695687749925122}, "datetime": {"datetime": "2021-09-24 09:17:19", "elapsed": 218.723952, "delta": 1.864392}}
{"target": 0.375030449898743, "params": {"C": 19.62055132358162, "epsilon": 0.7613199296147432, "gamma": 0.12609507314282964}, "datetime": {"datetime": "2021-09-24 09:17:20", "elapsed": 219.826543, "delta": 1.102591}}
{"target": 0.403118495313321, "params": {"C": 65.2944170143054, "epsilon": 0.6270456771718629, "gamma": 0.0011093172846238508}, "datetime": {"datetime": "2021-09-24 09:17:23", "elapsed": 222.291355, "delta": 2.464812}}
{"target": 0.44079852263358543, "params": {"C": 65.14368792859483, "epsilon": 0.7820344983524069, "gamma": 0.015243112942534193}, "datetime": {"datetime": "2021-09-24 09:17:24", "elapsed": 224.059562, "delta": 1.768207}}
{"target": 0.4034060808580694, "params": {"C": 74.35909170747253, "epsilon": 0.6780488632948083, "gamma": 0.05380189201902271}, "datetime": {"datetime": "2021-09-24 09:17:25", "elapsed": 225.143885, "delta": 1.084323}}
{"target": 0.37807300362531127, "params": {"C": 59.61033239077261, "epsilon": 0.16602182539228677, "gamma": 0.08151387592468085}, "datetime": {"datetime": "2021-09-24 09:17:27", "elapsed": 226.397338, "delta": 1.253453}}
{"target": 0.41655922516220456, "params": {"C": 47.68318425610051, "epsilon": 0.7706600420423052, "gamma": 0.003101138940026575}, "datetime": {"datetime": "2021-09-24 09:17:29", "elapsed": 228.527075, "delta": 2.129737}}
{"target": 0.40191840299353765, "params": {"C": 62.949085071801605, "epsilon": 0.0038774744208716506, "gamma": 0.0010997373660346548}, "datetime": {"datetime": "2021-09-24 09:17:32", "elapsed": 231.476144, "delta": 2.949069}}
{"target": 0.3950342598942914, "params": {"C": 66.49036416484708, "epsilon": 0.6927105218111227, "gamma": 0.06328130252191592}, "datetime": {"datetime": "2021-09-24 09:17:33", "elapsed": 232.67343, "delta": 1.197286}}
{"target": 0.3578366668163597, "params": {"C": 78.80839589071114, "epsilon": 0.442921574804119, "gamma": 0.08959106681578348}, "datetime": {"datetime": "2021-09-24 09:17:34", "elapsed": 233.835574, "delta": 1.162144}}
{"target": 0.4410423785150911, "params": {"C": 57.04119635116553, "epsilon": 0.17777779006384162, "gamma": 0.018942340110492183}, "datetime": {"datetime": "2021-09-24 09:17:36", "elapsed": 235.588616, "delta": 1.753042}}
{"target": 0.4170096689550852, "params": {"C": 15.771973591666033, "epsilon": 0.7572953350336914, "gamma": 0.05000166457449036}, "datetime": {"datetime": "2021-09-24 09:17:37", "elapsed": 236.887909, "delta": 1.299293}}
{"target": 0.38701359245824374, "params": {"C": 48.8970245796289, "epsilon": 0.8892111654479347, "gamma": 0.001}, "datetime": {"datetime": "2021-09-24 09:17:39", "elapsed": 238.78386, "delta": 1.895951}}
{"target": 0.40965224459231253, "params": {"C": 46.82206680108142, "epsilon": 0.2985955929155126, "gamma": 0.05385509427128824}, "datetime": {"datetime": "2021-09-24 09:17:41", "elapsed": 240.773965, "delta": 1.990105}}
{"target": 0.395183650052217, "params": {"C": 45.701075319371924, "epsilon": 0.7908095153245144, "gamma": 0.07154120148600634}, "datetime": {"datetime": "2021-09-24 09:17:43", "elapsed": 242.823942, "delta": 2.049977}}
{"target": 0.4459698968599155, "params": {"C": 95.69196749527558, "epsilon": 0.5315641712009335, "gamma": 0.018384199092393666}, "datetime": {"datetime": "2021-09-24 09:17:44", "elapsed": 243.91021, "delta": 1.086268}}
{"target": 0.36770798062802434, "params": {"C": 55.48710478413952, "epsilon": 0.34951746942173223, "gamma": 0.09801774886081574}, "datetime": {"datetime": "2021-09-24 09:17:45", "elapsed": 245.128085, "delta": 1.217875}}
{"target": 0.44297056032495086, "params": {"C": 80.51264140400528, "epsilon": 0.4243078548374584, "gamma": 0.013361964977677374}, "datetime": {"datetime": "2021-09-24 09:17:47", "elapsed": 246.416251, "delta": 1.288166}}
{"target": 0.34795980756110945, "params": {"C": 55.0501569423036, "epsilon": 0.6524344204780421, "gamma": 0.1307454835295083}, "datetime": {"datetime": "2021-09-24 09:17:48", "elapsed": 247.655995, "delta": 1.239744}}
{"target": 0.34944243731571567, "params": {"C": 95.73571008302955, "epsilon": 0.5254274825500157, "gamma": 0.08560140975698068}, "datetime": {"datetime": "2021-09-24 09:17:50", "elapsed": 250.028154, "delta": 2.372159}}
{"target": 0.4251898674902522, "params": {"C": 65.34011195763112, "epsilon": 0.9666426992366812, "gamma": 0.038872412426051835}, "datetime": {"datetime": "2021-09-24 09:17:53", "elapsed": 252.660225, "delta": 2.632071}}
{"target": 0.4197810419209449, "params": {"C": 95.66204317033741, "epsilon": 0.6017784192346846, "gamma": 0.0026118456736386668}, "datetime": {"datetime": "2021-09-24 09:17:56", "elapsed": 255.939085, "delta": 3.27886}}
{"target": 0.4222972814306293, "params": {"C": 47.956782498120596, "epsilon": 0.7734434204716952, "gamma": 0.03895379310107482}, "datetime": {"datetime": "2021-09-24 09:17:58", "elapsed": 258.104983, "delta": 2.165898}}
{"target": 0.4343075808412874, "params": {"C": 95.6756624386122, "epsilon": 0.49421927819964384, "gamma": 0.005579746166676207}, "datetime": {"datetime": "2021-09-24 09:18:02", "elapsed": 261.464746, "delta": 3.359763}}
{"target": 0.39538326077090213, "params": {"C": 56.99879068035516, "epsilon": 0.1560698408097438, "gamma": 0.001}, "datetime": {"datetime": "2021-09-24 09:18:04", "elapsed": 263.723326, "delta": 2.25858}}
{"target": 0.42876517071026343, "params": {"C": 62.912567090006654, "epsilon": 0.1056779401379419, "gamma": 0.0332656599443437}, "datetime": {"datetime": "2021-09-24 09:18:06", "elapsed": 265.683, "delta": 1.959674}}
{"target": 0.40347655376172276, "params": {"C": 27.059672047763247, "epsilon": 0.8540429770082639, "gamma": 0.07403335369185862}, "datetime": {"datetime": "2021-09-24 09:18:07", "elapsed": 267.059308, "delta": 1.376308}}
{"target": 0.39973548514412194, "params": {"C": 62.3599797272508, "epsilon": 0.22950758034843396, "gamma": 0.001}, "datetime": {"datetime": "2021-09-24 09:18:09", "elapsed": 269.172704, "delta": 2.113396}}
{"target": 0.40013498665182545, "params": {"C": 28.60481700847841, "epsilon": 0.2163811871724585, "gamma": 0.07918938539313772}, "datetime": {"datetime": "2021-09-24 09:18:11", "elapsed": 270.372604, "delta": 1.1999}}
{"target": 0.34392928606899487, "params": {"C": 60.19885886910676, "epsilon": 0.04497285294303662, "gamma": 0.1304674340691369}, "datetime": {"datetime": "2021-09-24 09:18:12", "elapsed": 271.796225, "delta": 1.423621}}
{"target": 0.39112587545171207, "params": {"C": 95.62245802230338, "epsilon": 0.53513379790066, "gamma": 0.052506009415019365}, "datetime": {"datetime": "2021-09-24 09:18:15", "elapsed": 274.609649, "delta": 2.813424}}
{"target": 0.4373084479582324, "params": {"C": 57.05196144491351, "epsilon": 0.23015564786586912, "gamma": 0.02377008207604678}, "datetime": {"datetime": "2021-09-24 09:18:17", "elapsed": 277.207864, "delta": 2.598215}}
{"target": 0.3913841204552738, "params": {"C": 57.02298315952256, "epsilon": 0.22485663736219091, "gamma": 0.06992699827871834}, "datetime": {"datetime": "2021-09-24 09:18:20", "elapsed": 279.802677, "delta": 2.594813}}
{"target": 0.41540274343725836, "params": {"C": 29.908630416764407, "epsilon": 0.0935449948807945, "gamma": 0.04880842518112257}, "datetime": {"datetime": "2021-09-24 09:18:21", "elapsed": 281.034937, "delta": 1.23226}}
{"target": 0.40056384333857853, "params": {"C": 62.9629367501101, "epsilon": 0.13951667410309074, "gamma": 0.001}, "datetime": {"datetime": "2021-09-24 09:18:24", "elapsed": 283.563586, "delta": 2.528649}}
{"target": 0.40053109384660623, "params": {"C": 67.36719821704939, "epsilon": 0.8163626533272326, "gamma": 0.001}, "datetime": {"datetime": "2021-09-24 09:18:26", "elapsed": 286.231833, "delta": 2.668247}}
{"target": 0.42483232760088174, "params": {"C": 61.75569216890172, "epsilon": 0.20679172934326803, "gamma": 0.038563582356565686}, "datetime": {"datetime": "2021-09-24 09:18:29", "elapsed": 288.532807, "delta": 2.300974}}
{"target": 0.35653423436880516, "params": {"C": 38.0287392047036, "epsilon": 0.36441318854331506, "gamma": 0.140824685932673}, "datetime": {"datetime": "2021-09-24 09:18:30", "elapsed": 289.861163, "delta": 1.328356}}
{"target": 0.40229658941087676, "params": {"C": 47.88400388890544, "epsilon": 0.8425696124234363, "gamma": 0.0015849928772163667}, "datetime": {"datetime": "2021-09-24 09:18:32", "elapsed": 292.241795, "delta": 2.380632}}
{"target": 0.4334961439519307, "params": {"C": 67.45761982331466, "epsilon": 0.7507374710537745, "gamma": 0.027584339932803736}, "datetime": {"datetime": "2021-09-24 09:18:35", "elapsed": 295.134949, "delta": 2.893154}}
{"target": 0.3686573165850868, "params": {"C": 61.796132738507815, "epsilon": 0.1760995472409168, "gamma": 0.09093977578174209}, "datetime": {"datetime": "2021-09-24 09:18:38", "elapsed": 298.125506, "delta": 2.990557}}
{"target": 0.3564334472132099, "params": {"C": 64.67418288689964, "epsilon": 0.2877155205203689, "gamma": 0.10397231186998647}, "datetime": {"datetime": "2021-09-24 09:18:40", "elapsed": 299.61759, "delta": 1.492084}}
{"target": 0.43784634871170713, "params": {"C": 92.93428549421924, "epsilon": 0.26943212297100305, "gamma": 0.0061899362637367955}, "datetime": {"datetime": "2021-09-24 09:18:41", "elapsed": 300.97344, "delta": 1.35585}}
{"target": 0.4223360510692503, "params": {"C": 80.46836571469096, "epsilon": 0.4599592311558159, "gamma": 0.0030291538961051802}, "datetime": {"datetime": "2021-09-24 09:18:43", "elapsed": 302.529634, "delta": 1.556194}}
{"target": 0.40637892456968194, "params": {"C": 82.02901399987572, "epsilon": 0.3684120935339016, "gamma": 0.00108329626734851}, "datetime": {"datetime": "2021-09-24 09:18:45", "elapsed": 304.772759, "delta": 2.243125}}
{"target": 0.4326679096005528, "params": {"C": 92.97592673349489, "epsilon": 0.2258359668887067, "gamma": 0.005061205629554253}, "datetime": {"datetime": "2021-09-24 09:18:47", "elapsed": 307.07869, "delta": 2.305931}}
{"target": 0.1855247220723032, "params": {"C": 1.903983542332841, "epsilon": 0.23132882894451154, "gamma": 0.10829839601521575}, "datetime": {"datetime": "2021-09-24 09:18:49", "elapsed": 308.568736, "delta": 1.490046}}
{"target": 0.42564824349927954, "params": {"C": 67.32157583516369, "epsilon": 0.8861193002845082, "gamma": 0.038248813958645066}, "datetime": {"datetime": "2021-09-24 09:18:51", "elapsed": 311.190311, "delta": 2.621575}}
{"target": 0.4341130688640933, "params": {"C": 44.790493199666834, "epsilon": 0.8497004011606792, "gamma": 0.021582171980580482}, "datetime": {"datetime": "2021-09-24 09:18:54", "elapsed": 313.640013, "delta": 2.449702}}
{"target": 0.4391025314530489, "params": {"C": 57.109317318917284, "epsilon": 0.21538510052828674, "gamma": 0.016577467612180097}, "datetime": {"datetime": "2021-09-24 09:18:57", "elapsed": 316.508922, "delta": 2.868909}}
{"target": 0.36868010335784973, "params": {"C": 85.69695133332134, "epsilon": 0.42517359356018, "gamma": 0.07111000317621635}, "datetime": {"datetime": "2021-09-24 09:18:58", "elapsed": 317.895476, "delta": 1.386554}}
{"target": 0.4400067859136674, "params": {"C": 57.0990138489738, "epsilon": 0.2778275238148507, "gamma": 0.009867057711118208}, "datetime": {"datetime": "2021-09-24 09:19:02", "elapsed": 321.310075, "delta": 3.414599}}
{"target": 0.4147454889397201, "params": {"C": 47.76331278907912, "epsilon": 0.8028125310030544, "gamma": 0.0029397711574121743}, "datetime": {"datetime": "2021-09-24 09:19:04", "elapsed": 323.548794, "delta": 2.238719}}
{"target": 0.44433536084911085, "params": {"C": 67.35161872274315, "epsilon": 0.9358457863902844, "gamma": 0.01731313606168181}, "datetime": {"datetime": "2021-09-24 09:19:06", "elapsed": 325.924378, "delta": 2.375584}}
{"target": 0.4251663651451316, "params": {"C": 57.15892739002622, "epsilon": 0.275284973744693, "gamma": 0.036870783461122734}, "datetime": {"datetime": "2021-09-24 09:19:09", "elapsed": 329.053448, "delta": 3.12907}}
{"target": 0.43309037519696514, "params": {"C": 92.9138730734191, "epsilon": 0.21319359958110837, "gamma": 0.00515953911868588}, "datetime": {"datetime": "2021-09-24 09:19:11", "elapsed": 331.202765, "delta": 2.149317}}
{"target": 0.33317711553174956, "params": {"C": 94.55749121780205, "epsilon": 0.0581995371258783, "gamma": 0.10854738756765565}, "datetime": {"datetime": "2021-09-24 09:19:13", "elapsed": 332.472823, "delta": 1.270058}}
{"target": 0.43992215784385813, "params": {"C": 57.03873970670123, "epsilon": 0.10920813583156916, "gamma": 0.02155838925498449}, "datetime": {"datetime": "2021-09-24 09:19:14", "elapsed": 333.68285, "delta": 1.210027}}
{"target": 0.3754266257061173, "params": {"C": 70.45549376888005, "epsilon": 0.5518355051815492, "gamma": 0.07604118451103901}, "datetime": {"datetime": "2021-09-24 09:19:15", "elapsed": 334.838897, "delta": 1.156047}}
{"target": 0.4272444024580311, "params": {"C": 67.39852608232246, "epsilon": 0.7078958369352905, "gamma": 0.034853782274622075}, "datetime": {"datetime": "2021-09-24 09:19:17", "elapsed": 336.949565, "delta": 2.110668}}
{"target": 0.42461373640691946, "params": {"C": 50.32113151955692, "epsilon": 0.2830308796905193, "gamma": 0.03586959749089087}, "datetime": {"datetime": "2021-09-24 09:19:18", "elapsed": 338.211736, "delta": 1.262171}}
{"target": 0.4426578809862618, "params": {"C": 62.84775762965919, "epsilon": 0.048044752695618975, "gamma": 0.017478459740012123}, "datetime": {"datetime": "2021-09-24 09:19:20", "elapsed": 340.277419, "delta": 2.065683}}
{"target": 0.3645298219775378, "params": {"C": 92.95101175258897, "epsilon": 0.24959286408727158, "gamma": 0.07078759408103846}, "datetime": {"datetime": "2021-09-24 09:19:23", "elapsed": 342.686194, "delta": 2.408775}}
{"target": 0.3990155675729784, "params": {"C": 85.3644952913718, "epsilon": 0.6456396370047753, "gamma": 0.05260088435762445}, "datetime": {"datetime": "2021-09-24 09:19:24", "elapsed": 343.904264, "delta": 1.21807}}
{"target": 0.4397213725545449, "params": {"C": 67.28520821839457, "epsilon": 0.9440019820531048, "gamma": 0.013346203047091672}, "datetime": {"datetime": "2021-09-24 09:19:26", "elapsed": 346.028303, "delta": 2.124039}}
{"target": 0.430872294534799, "params": {"C": 57.1173677145055, "epsilon": 0.1631876171226706, "gamma": 0.030317640627215522}, "datetime": {"datetime": "2021-09-24 09:19:29", "elapsed": 348.444341, "delta": 2.416038}}
{"target": 0.41303046332556925, "params": {"C": 17.994299742619162, "epsilon": 0.998269507372698, "gamma": 0.05577258124437709}, "datetime": {"datetime": "2021-09-24 09:19:30", "elapsed": 349.689974, "delta": 1.245633}}
{"target": 0.3878458361233217, "params": {"C": 47.09504640127284, "epsilon": 0.1437131764631271, "gamma": 0.001}, "datetime": {"datetime": "2021-09-24 09:19:32", "elapsed": 351.72942, "delta": 2.039446}}
{"target": 0.37379182810909795, "params": {"C": 67.33095686077701, "epsilon": 0.9662868705948509, "gamma": 0.08156141609430914}, "datetime": {"datetime": "2021-09-24 09:19:35", "elapsed": 354.915197, "delta": 3.185777}}
{"target": 0.43110818706408494, "params": {"C": 81.91511485945597, "epsilon": 0.11034042144101076, "gamma": 0.005343183931236439}, "datetime": {"datetime": "2021-09-24 09:19:38", "elapsed": 357.884482, "delta": 2.969285}}
{"target": 0.42117549399631427, "params": {"C": 48.0629703846118, "epsilon": 0.8220197207066707, "gamma": 0.004533988377849072}, "datetime": {"datetime": "2021-09-24 09:19:41", "elapsed": 360.736471, "delta": 2.851989}}
{"target": 0.4000452785104188, "params": {"C": 21.85813239393478, "epsilon": 0.770893377550527, "gamma": 0.08754950528945461}, "datetime": {"datetime": "2021-09-24 09:19:42", "elapsed": 362.125866, "delta": 1.389395}}
{"target": 0.43663343390089293, "params": {"C": 47.01015458062383, "epsilon": 0.07513900595934234, "gamma": 0.01682450582316425}, "datetime": {"datetime": "2021-09-24 09:19:45", "elapsed": 364.369415, "delta": 2.243549}}
{"target": 0.4481883337759447, "params": {"C": 97.33265807482024, "epsilon": 0.4785335665216859, "gamma": 0.013709973884654596}, "datetime": {"datetime": "2021-09-24 09:19:46", "elapsed": 365.771903, "delta": 1.402488}}
{"target": 0.4290576172337429, "params": {"C": 47.05958873307976, "epsilon": 0.0531623765825601, "gamma": 0.008120236438120753}, "datetime": {"datetime": "2021-09-24 09:19:48", "elapsed": 367.981686, "delta": 2.209783}}
{"target": 0.4132297628092316, "params": {"C": 62.85131852992126, "epsilon": 0.0022815584080500386, "gamma": 0.04823362726392003}, "datetime": {"datetime": "2021-09-24 09:19:51", "elapsed": 371.205309, "delta": 3.223623}}
{"target": 0.35860612830766836, "params": {"C": 67.38901080919373, "epsilon": 0.74939904947931, "gamma": 0.09989304125485202}, "datetime": {"datetime": "2021-09-24 09:19:53", "elapsed": 373.174844, "delta": 1.969535}}
{"target": 0.4280156605486204, "params": {"C": 97.35330694941244, "epsilon": 0.4200642624033248, "gamma": 0.03035371958258911}, "datetime": {"datetime": "2021-09-24 09:19:56", "elapsed": 375.743277, "delta": 2.568433}}
{"target": 0.4241311830303617, "params": {"C": 65.51003873632783, "epsilon": 0.9653405569861485, "gamma": 0.005539201151057749}, "datetime": {"datetime": "2021-09-24 09:19:58", "elapsed": 377.672171, "delta": 1.928894}}
{"target": 0.41974497714209436, "params": {"C": 67.43994434551678, "epsilon": 0.6572594709129133, "gamma": 0.0032059326445418724}, "datetime": {"datetime": "2021-09-24 09:20:00", "elapsed": 380.048417, "delta": 2.376246}}
{"target": 0.42518476800164573, "params": {"C": 62.84966440706649, "epsilon": 0.09631061253038434, "gamma": 0.03761348550143118}, "datetime": {"datetime": "2021-09-24 09:20:03", "elapsed": 382.878508, "delta": 2.830091}}
{"target": 0.3969804383946973, "params": {"C": 80.41244910789585, "epsilon": 0.48932291428366503, "gamma": 0.05567081399280144}, "datetime": {"datetime": "2021-09-24 09:20:05", "elapsed": 385.120871, "delta": 2.242363}}
{"target": 0.4200455694648314, "params": {"C": 97.29726947268229, "epsilon": 0.43399223665756254, "gamma": 0.03594780248440172}, "datetime": {"datetime": "2021-09-24 09:20:08", "elapsed": 387.565785, "delta": 2.444914}}
{"target": 0.35525287264408134, "params": {"C": 62.203857638514314, "epsilon": 0.027436763339295227, "gamma": 0.10709163235896572}, "datetime": {"datetime": "2021-09-24 09:20:09", "elapsed": 388.881632, "delta": 1.315847}}
{"target": 0.41563737066366535, "params": {"C": 27.56965164425444, "epsilon": 0.8347301316737239, "gamma": 0.04445309336028884}, "datetime": {"datetime": "2021-09-24 09:20:10", "elapsed": 390.209462, "delta": 1.32783}}
{"target": 0.3901234723040743, "params": {"C": 97.39727799255667, "epsilon": 0.4854956359283379, "gamma": 0.0523290910060404}, "datetime": {"datetime": "2021-09-24 09:20:13", "elapsed": 393.156989, "delta": 2.947527}}
{"target": 0.387645553451479, "params": {"C": 47.01672986923989, "epsilon": 0.06586528756081494, "gamma": 0.07846557572022565}, "datetime": {"datetime": "2021-09-24 09:20:16", "elapsed": 395.404162, "delta": 2.247173}}
{"target": 0.3307135286772026, "params": {"C": 67.95069890069928, "epsilon": 0.04611770487348302, "gamma": 0.1485315267720757}, "datetime": {"datetime": "2021-09-24 09:20:17", "elapsed": 396.775987, "delta": 1.371825}}
{"target": 0.3724795359911123, "params": {"C": 37.5207694313164, "epsilon": 0.3025631698261814, "gamma": 0.11132238603500874}, "datetime": {"datetime": "2021-09-24 09:20:18", "elapsed": 398.227584, "delta": 1.451597}}
{"target": 0.41658804594534593, "params": {"C": 24.84962286727556, "epsilon": 0.8752605828591672, "gamma": 0.041383499605666625}, "datetime": {"datetime": "2021-09-24 09:20:20", "elapsed": 399.627217, "delta": 1.399633}}
{"target": 0.40521344164679307, "params": {"C": 65.10734680624863, "epsilon": 0.7838369303307041, "gamma": 0.05561137813808436}, "datetime": {"datetime": "2021-09-24 09:20:25", "elapsed": 404.401188, "delta": 4.773971}}
