{"target": -44.46039377239998, "params": {"C": 66.55800445225553, "epsilon": 3.7092722632724957, "gamma": 0.05987750360180246}, "datetime": {"datetime": "2021-09-24 16:28:53", "elapsed": 213.171615, "delta": 2.24083}}
{"target": -45.28587792309524, "params": {"C": 66.6358599221789, "epsilon": 3.625518175130131, "gamma": 0.09329371967868628}, "datetime": {"datetime": "2021-09-24 16:28:56", "elapsed": 215.258988, "delta": 2.087373}}
{"target": -44.15671582739404, "params": {"C": 55.9318710627757, "epsilon": 1.8443390775960415, "gamma": 0.05734923030185663}, "datetime": {"datetime": "2021-09-24 16:28:57", "elapsed": 217.007119, "delta": 1.748131}}
{"target": -43.89773653145858, "params": {"C": 53.921648171951155, "epsilon": 0.45328982350535674, "gamma": 0.0070020541032292365}, "datetime": {"datetime": "2021-09-24 16:29:00", "elapsed": 219.290343, "delta": 2.283224}}
{"target": -44.2084322829039, "params": {"C": 64.48434062027339, "epsilon": 3.8484220372706304, "gamma": 0.028343745241438265}, "datetime": {"datetime": "2021-09-24 16:29:02", "elapsed": 221.471722, "delta": 2.181379}}
{"target": -44.154328022938515, "params": {"C": 74.59082605030295, "epsilon": 0.7171620870202302, "gamma": 0.022962811197089636}, "datetime": {"datetime": "2021-09-24 16:29:03", "elapsed": 222.663887, "delta": 1.192165}}
{"target": -44.019367843769885, "params": {"C": 58.94900928458647, "epsilon": 3.3546200934378616, "gamma": 0.023586782391391063}, "datetime": {"datetime": "2021-09-24 16:29:05", "elapsed": 224.371889, "delta": 1.708002}}
{"target": -44.0384298012839, "params": {"C": 53.95980450904725, "epsilon": 1.1012107264747182, "gamma": 0.021262472899834142}, "datetime": {"datetime": "2021-09-24 16:29:06", "elapsed": 226.045376, "delta": 1.673487}}
{"target": -44.18054195221042, "params": {"C": 58.98751557494339, "epsilon": 3.4383249936148474, "gamma": 0.031405183674118424}, "datetime": {"datetime": "2021-09-24 16:29:08", "elapsed": 227.678225, "delta": 1.632849}}
{"target": -43.86311307702223, "params": {"C": 54.61503174586589, "epsilon": 2.7288705246148086, "gamma": 0.009726759992177742}, "datetime": {"datetime": "2021-09-24 16:29:10", "elapsed": 230.051584, "delta": 2.373359}}
{"target": -44.258324714652076, "params": {"C": 90.17396746418902, "epsilon": 1.915047117327361, "gamma": 0.02959387617521494}, "datetime": {"datetime": "2021-09-24 16:29:13", "elapsed": 233.10976, "delta": 3.058176}}
{"target": -44.10629135444644, "params": {"C": 66.63371445920856, "epsilon": 3.6878471064427405, "gamma": 0.014916207143918427}, "datetime": {"datetime": "2021-09-24 16:29:15", "elapsed": 235.043758, "delta": 1.933998}}
{"target": -44.0167687367528, "params": {"C": 51.505296671367645, "epsilon": 1.9432076178023063, "gamma": 0.022207691112136385}, "datetime": {"datetime": "2021-09-24 16:29:18", "elapsed": 237.257555, "delta": 2.213797}}
{"target": -43.90374545212414, "params": {"C": 51.72150941906108, "epsilon": 1.9211471504602358, "gamma": 0.007794531474799337}, "datetime": {"datetime": "2021-09-24 16:29:20", "elapsed": 239.779405, "delta": 2.52185}}
{"target": -44.19338067686622, "params": {"C": 54.5374406821032, "epsilon": 2.69371016797156, "gamma": 0.005}, "datetime": {"datetime": "2021-09-24 16:29:22", "elapsed": 241.632889, "delta": 1.853484}}
{"target": -44.09992534123637, "params": {"C": 98.40983539268272, "epsilon": 4.333126196197832, "gamma": 0.005}, "datetime": {"datetime": "2021-09-24 16:29:24", "elapsed": 244.153299, "delta": 2.52041}}
{"target": -43.93932770109479, "params": {"C": 51.824495732005, "epsilon": 1.9735527146296286, "gamma": 0.02732476509606315}, "datetime": {"datetime": "2021-09-24 16:29:27", "elapsed": 246.337966, "delta": 2.184667}}
{"target": -44.159671400776006, "params": {"C": 64.5961430933357, "epsilon": 3.8100968906607875, "gamma": 0.026704571936463577}, "datetime": {"datetime": "2021-09-24 16:29:29", "elapsed": 248.547536, "delta": 2.20957}}
{"target": -44.955143566589165, "params": {"C": 51.823705256874945, "epsilon": 1.9992847377292657, "gamma": 0.09927819381430816}, "datetime": {"datetime": "2021-09-24 16:29:31", "elapsed": 250.799008, "delta": 2.251472}}
{"target": -44.13815751085057, "params": {"C": 57.460592723063655, "epsilon": 3.423742076275528, "gamma": 0.03624267204413815}, "datetime": {"datetime": "2021-09-24 16:29:32", "elapsed": 252.037144, "delta": 1.238136}}
{"target": -43.95033499700428, "params": {"C": 64.53888701249285, "epsilon": 3.694372563105692, "gamma": 0.008243657610579047}, "datetime": {"datetime": "2021-09-24 16:29:34", "elapsed": 254.2126, "delta": 2.175456}}
{"target": -44.882823080935985, "params": {"C": 53.67691499537055, "epsilon": 1.024436051279276, "gamma": 0.09486290158174963}, "datetime": {"datetime": "2021-09-24 16:29:37", "elapsed": 256.40124, "delta": 2.18864}}
{"target": -43.94006167007479, "params": {"C": 64.46232176233542, "epsilon": 3.684114200271641, "gamma": 0.0442028451302431}, "datetime": {"datetime": "2021-09-24 16:29:38", "elapsed": 258.171344, "delta": 1.770104}}
{"target": -43.932823718541044, "params": {"C": 51.803664172841444, "epsilon": 1.8480678695421295, "gamma": 0.027568985673148586}, "datetime": {"datetime": "2021-09-24 16:29:41", "elapsed": 260.932043, "delta": 2.760699}}
{"target": -44.15710276107503, "params": {"C": 64.52855927253128, "epsilon": 3.7837721982214143, "gamma": 0.016278449765802176}, "datetime": {"datetime": "2021-09-24 16:29:43", "elapsed": 262.285294, "delta": 1.353251}}
{"target": -43.88173349999841, "params": {"C": 50.795185467816815, "epsilon": 4.161963239116177, "gamma": 0.009451964658026082}, "datetime": {"datetime": "2021-09-24 16:29:45", "elapsed": 264.383975, "delta": 2.098681}}
{"target": -45.33492881216402, "params": {"C": 77.2980590617695, "epsilon": 2.9587432259436697, "gamma": 0.0877236304382771}, "datetime": {"datetime": "2021-09-24 16:29:46", "elapsed": 265.755751, "delta": 1.371776}}
{"target": -44.05158824656743, "params": {"C": 64.42031241810437, "epsilon": 3.793169748864436, "gamma": 0.006241565986612931}, "datetime": {"datetime": "2021-09-24 16:29:48", "elapsed": 268.026017, "delta": 2.270266}}
{"target": -44.17891953723099, "params": {"C": 51.46489082206076, "epsilon": 2.016865264093027, "gamma": 0.005}, "datetime": {"datetime": "2021-09-24 16:29:52", "elapsed": 271.800064, "delta": 3.774047}}
{"target": -44.27595928696915, "params": {"C": 51.79064594551978, "epsilon": 1.8956087814968061, "gamma": 0.0695853686792361}, "datetime": {"datetime": "2021-09-24 16:29:54", "elapsed": 274.075157, "delta": 2.275093}}
{"target": -43.99007643166253, "params": {"C": 96.40826946186712, "epsilon": 0.7288122560032688, "gamma": 0.01101375795992794}, "datetime": {"datetime": "2021-09-24 16:29:56", "elapsed": 275.970518, "delta": 1.895361}}
{"target": -44.07752128174808, "params": {"C": 64.48461182152825, "epsilon": 3.7424374913290217, "gamma": 0.005}, "datetime": {"datetime": "2021-09-24 16:29:59", "elapsed": 278.556381, "delta": 2.585863}}
{"target": -44.14782229964476, "params": {"C": 56.269629095742346, "epsilon": 3.5973882886329434, "gamma": 0.005}, "datetime": {"datetime": "2021-09-24 16:30:01", "elapsed": 280.958992, "delta": 2.402611}}
{"target": -43.930989691444395, "params": {"C": 59.05918131297395, "epsilon": 3.3296701860308255, "gamma": 0.04769889930487266}, "datetime": {"datetime": "2021-09-24 16:30:03", "elapsed": 282.70756, "delta": 1.748568}}
{"target": -44.11069880646316, "params": {"C": 63.16145052917336, "epsilon": 3.8527631512979066, "gamma": 0.05156488993776221}, "datetime": {"datetime": "2021-09-24 16:30:04", "elapsed": 283.825954, "delta": 1.118394}}
{"target": -43.843787374144114, "params": {"C": 51.65620040816424, "epsilon": 1.9326674832537722, "gamma": 0.01072045208513047}, "datetime": {"datetime": "2021-09-24 16:30:06", "elapsed": 285.550571, "delta": 1.724617}}
{"target": -44.1869933724795, "params": {"C": 63.941826771958794, "epsilon": 1.025093752926918, "gamma": 0.054852292700322706}, "datetime": {"datetime": "2021-09-24 16:30:07", "elapsed": 286.706385, "delta": 1.155814}}
{"target": -45.498731565194674, "params": {"C": 79.89841357025594, "epsilon": 0.26499473327092316, "gamma": 0.08754635058099335}, "datetime": {"datetime": "2021-09-24 16:30:08", "elapsed": 287.844, "delta": 1.137615}}
{"target": -43.96609016289516, "params": {"C": 59.02279569531868, "epsilon": 3.316565222406119, "gamma": 0.010330381398252502}, "datetime": {"datetime": "2021-09-24 16:30:11", "elapsed": 291.060697, "delta": 3.216697}}
{"target": -44.134645400459824, "params": {"C": 54.013873980095696, "epsilon": 1.1784557751241012, "gamma": 0.00559795527775625}, "datetime": {"datetime": "2021-09-24 16:30:14", "elapsed": 293.90725, "delta": 2.846553}}
{"target": -43.960620485285816, "params": {"C": 88.90461403449618, "epsilon": 2.1506042883972802, "gamma": 0.0055979840697187285}, "datetime": {"datetime": "2021-09-24 16:30:16", "elapsed": 296.151876, "delta": 2.244626}}
{"target": -44.06125705720995, "params": {"C": 64.60031839230525, "epsilon": 0.48038471203395355, "gamma": 0.03548188182689023}, "datetime": {"datetime": "2021-09-24 16:30:18", "elapsed": 297.317694, "delta": 1.165818}}
{"target": -44.8705668075952, "params": {"C": 58.96830605893037, "epsilon": 3.3024707648270772, "gamma": 0.08277912428985072}, "datetime": {"datetime": "2021-09-24 16:30:20", "elapsed": 299.386881, "delta": 2.069187}}
{"target": -44.44947832388432, "params": {"C": 64.45631592686664, "epsilon": 3.607310852978561, "gamma": 0.0612320311765024}, "datetime": {"datetime": "2021-09-24 16:30:22", "elapsed": 301.504567, "delta": 2.117686}}
{"target": -44.01758184765179, "params": {"C": 50.54548022192737, "epsilon": 4.333542634060755, "gamma": 0.011985192982095001}, "datetime": {"datetime": "2021-09-24 16:30:24", "elapsed": 303.640055, "delta": 2.135488}}
{"target": -45.29455300564855, "params": {"C": 68.70138343671898, "epsilon": 1.6815319572040897, "gamma": 0.09414996754096601}, "datetime": {"datetime": "2021-09-24 16:30:25", "elapsed": 304.782082, "delta": 1.142027}}
{"target": -44.15118713832051, "params": {"C": 64.64917722437127, "epsilon": 3.721831067294714, "gamma": 0.01613695577999229}, "datetime": {"datetime": "2021-09-24 16:30:28", "elapsed": 307.352991, "delta": 2.570909}}
{"target": -44.021976241352114, "params": {"C": 51.89272866388086, "epsilon": 1.9269231270951659, "gamma": 0.022843329881103356}, "datetime": {"datetime": "2021-09-24 16:30:31", "elapsed": 310.36951, "delta": 3.016519}}
{"target": -44.11993660000642, "params": {"C": 54.69378621388646, "epsilon": 2.7116473773967535, "gamma": 0.0059330367633417345}, "datetime": {"datetime": "2021-09-24 16:30:33", "elapsed": 312.781109, "delta": 2.411599}}
{"target": -44.82663862000857, "params": {"C": 82.1586782257069, "epsilon": 1.3414211770823166, "gamma": 0.070653487433884}, "datetime": {"datetime": "2021-09-24 16:30:34", "elapsed": 313.897525, "delta": 1.116416}}
{"target": -43.80081003372997, "params": {"C": 96.43145732031275, "epsilon": 1.2603446494109545, "gamma": 0.008309019765469768}, "datetime": {"datetime": "2021-09-24 16:30:35", "elapsed": 315.110001, "delta": 1.212476}}
{"target": -44.17406779823195, "params": {"C": 64.5930423086915, "epsilon": 0.3901358729465338, "gamma": 0.01885976993036512}, "datetime": {"datetime": "2021-09-24 16:30:38", "elapsed": 317.504906, "delta": 2.394905}}
{"target": -44.57006817028645, "params": {"C": 96.4092494008252, "epsilon": 1.1960128423602148, "gamma": 0.05942300643223005}, "datetime": {"datetime": "2021-09-24 16:30:41", "elapsed": 320.225838, "delta": 2.720932}}
{"target": -44.33542780465342, "params": {"C": 96.39216609787594, "epsilon": 1.3328931466798186, "gamma": 0.025587210911788498}, "datetime": {"datetime": "2021-09-24 16:30:42", "elapsed": 322.107722, "delta": 1.881884}}
{"target": -44.33495157685153, "params": {"C": 50.45655734461255, "epsilon": 1.0913780903145007, "gamma": 0.07341172900298992}, "datetime": {"datetime": "2021-09-24 16:30:44", "elapsed": 323.282838, "delta": 1.175116}}
{"target": -44.70133883751935, "params": {"C": 96.49521715582931, "epsilon": 1.2780391139583869, "gamma": 0.06170125458590741}, "datetime": {"datetime": "2021-09-24 16:30:46", "elapsed": 325.417106, "delta": 2.134268}}
{"target": -43.881726038915076, "params": {"C": 59.07931654310195, "epsilon": 3.40098077244542, "gamma": 0.013320291551382184}, "datetime": {"datetime": "2021-09-24 16:30:48", "elapsed": 327.491632, "delta": 2.074526}}
{"target": -44.01041902702952, "params": {"C": 59.14845302303126, "epsilon": 3.383407764738064, "gamma": 0.051945184941411496}, "datetime": {"datetime": "2021-09-24 16:30:50", "elapsed": 329.828621, "delta": 2.336989}}
{"target": -44.053680895071224, "params": {"C": 53.75829081622226, "epsilon": 1.0769480696352416, "gamma": 0.01658682324974755}, "datetime": {"datetime": "2021-09-24 16:30:51", "elapsed": 331.045597, "delta": 1.216976}}
{"target": -44.04071695798401, "params": {"C": 64.67699537889477, "epsilon": 0.4511949602403382, "gamma": 0.03617274667976381}, "datetime": {"datetime": "2021-09-24 16:30:54", "elapsed": 333.695107, "delta": 2.64951}}
{"target": -44.00828184899121, "params": {"C": 51.8454934034657, "epsilon": 1.8015506939094852, "gamma": 0.03939838033547968}, "datetime": {"datetime": "2021-09-24 16:30:56", "elapsed": 335.624643, "delta": 1.929536}}
{"target": -43.8441426722512, "params": {"C": 51.73096192568839, "epsilon": 2.0272535054062524, "gamma": 0.011834160251200071}, "datetime": {"datetime": "2021-09-24 16:30:58", "elapsed": 338.139706, "delta": 2.515063}}
{"target": -43.9133872211965, "params": {"C": 59.10222651423992, "epsilon": 3.247435118318197, "gamma": 0.008950535693745997}, "datetime": {"datetime": "2021-09-24 16:31:01", "elapsed": 341.048047, "delta": 2.908341}}
{"target": -44.225514211358046, "params": {"C": 59.05575273150603, "epsilon": 3.1888762262673143, "gamma": 0.03390049200018771}, "datetime": {"datetime": "2021-09-24 16:31:04", "elapsed": 343.430851, "delta": 2.382804}}
{"target": -45.409336144012514, "params": {"C": 97.25125819080912, "epsilon": 0.3236475970647056, "gamma": 0.0735704820062234}, "datetime": {"datetime": "2021-09-24 16:31:05", "elapsed": 344.677849, "delta": 1.246998}}
{"target": -44.02059019371162, "params": {"C": 59.163290633566355, "epsilon": 3.2916425961319726, "gamma": 0.023608320665457358}, "datetime": {"datetime": "2021-09-24 16:31:08", "elapsed": 347.326854, "delta": 2.649005}}
{"target": -44.48738264475495, "params": {"C": 85.07853220650507, "epsilon": 2.5126439318861484, "gamma": 0.052845050527172525}, "datetime": {"datetime": "2021-09-24 16:31:09", "elapsed": 348.582494, "delta": 1.25564}}
{"target": -44.2512706019025, "params": {"C": 59.147098639640674, "epsilon": 3.2301189593425765, "gamma": 0.05727633129546193}, "datetime": {"datetime": "2021-09-24 16:31:11", "elapsed": 350.426343, "delta": 1.843849}}
{"target": -44.26065734896002, "params": {"C": 55.85771206012832, "epsilon": 1.8915582873635937, "gamma": 0.06351912633315267}, "datetime": {"datetime": "2021-09-24 16:31:13", "elapsed": 352.693031, "delta": 2.266688}}
{"target": -43.988378618459436, "params": {"C": 51.936917310888056, "epsilon": 1.8501435646224635, "gamma": 0.007145500528187923}, "datetime": {"datetime": "2021-09-24 16:31:15", "elapsed": 354.878006, "delta": 2.184975}}
{"target": -44.42561840435577, "params": {"C": 51.93754798094217, "epsilon": 1.8166171057896785, "gamma": 0.07724457502683865}, "datetime": {"datetime": "2021-09-24 16:31:17", "elapsed": 356.915113, "delta": 2.037107}}
{"target": -44.102450923904435, "params": {"C": 92.60833095523827, "epsilon": 2.9286122041352898, "gamma": 0.03789989271123707}, "datetime": {"datetime": "2021-09-24 16:31:18", "elapsed": 358.178106, "delta": 1.262993}}
{"target": -44.007897406161526, "params": {"C": 51.71068656247064, "epsilon": 1.8247591810340544, "gamma": 0.0394303217305788}, "datetime": {"datetime": "2021-09-24 16:31:20", "elapsed": 360.208104, "delta": 2.029998}}
{"target": -44.03427249495688, "params": {"C": 53.75591381077209, "epsilon": 0.9450827605609806, "gamma": 0.021867860611568438}, "datetime": {"datetime": "2021-09-24 16:31:23", "elapsed": 363.077112, "delta": 2.869008}}
{"target": -43.95052263354705, "params": {"C": 58.58297966798948, "epsilon": 4.492326243904958, "gamma": 0.03992211555849546}, "datetime": {"datetime": "2021-09-24 16:31:25", "elapsed": 364.33572, "delta": 1.258608}}
{"target": -44.083971055040024, "params": {"C": 59.82019519481892, "epsilon": 2.8684765548090376, "gamma": 0.00642969746271716}, "datetime": {"datetime": "2021-09-24 16:31:27", "elapsed": 366.252703, "delta": 1.916983}}
{"target": -44.40178179004684, "params": {"C": 64.38192564742675, "epsilon": 3.7124771859677614, "gamma": 0.059325952745192444}, "datetime": {"datetime": "2021-09-24 16:31:30", "elapsed": 369.299727, "delta": 3.047024}}
{"target": -44.018880303147476, "params": {"C": 51.78206085637777, "epsilon": 1.723841104025788, "gamma": 0.0232535725235074}, "datetime": {"datetime": "2021-09-24 16:31:32", "elapsed": 372.202661, "delta": 2.902934}}
{"target": -44.62870919316202, "params": {"C": 51.72083110409593, "epsilon": 1.7498019268198446, "gamma": 0.08586618090064849}, "datetime": {"datetime": "2021-09-24 16:31:36", "elapsed": 375.521222, "delta": 3.318561}}
{"target": -44.338810450829655, "params": {"C": 60.534410299967064, "epsilon": 3.4840417042530873, "gamma": 0.06018257048656502}, "datetime": {"datetime": "2021-09-24 16:31:37", "elapsed": 376.959037, "delta": 1.437815}}
{"target": -45.04743814816012, "params": {"C": 59.06385333470004, "epsilon": 3.407952141244395, "gamma": 0.0894524140844913}, "datetime": {"datetime": "2021-09-24 16:31:40", "elapsed": 379.453023, "delta": 2.493986}}
{"target": -44.01749977406516, "params": {"C": 98.65285761354558, "epsilon": 2.1875912909820503, "gamma": 0.013103674624444207}, "datetime": {"datetime": "2021-09-24 16:31:41", "elapsed": 380.98304, "delta": 1.530017}}
{"target": -44.17661963380393, "params": {"C": 51.757930302999796, "epsilon": 2.7973085582506045, "gamma": 0.005}, "datetime": {"datetime": "2021-09-24 16:31:44", "elapsed": 383.996774, "delta": 3.013734}}
{"target": -44.51457924940934, "params": {"C": 90.09753987820615, "epsilon": 2.0697249840374905, "gamma": 0.05720418078051485}, "datetime": {"datetime": "2021-09-24 16:31:48", "elapsed": 387.279126, "delta": 3.282352}}
{"target": -44.05943572658989, "params": {"C": 53.556193293286825, "epsilon": 1.0996984016129867, "gamma": 0.01693399078991637}, "datetime": {"datetime": "2021-09-24 16:31:50", "elapsed": 390.145235, "delta": 2.866109}}
{"target": -44.00199200147127, "params": {"C": 59.48383124920002, "epsilon": 3.091035972794125, "gamma": 0.014765575308789188}, "datetime": {"datetime": "2021-09-24 16:31:53", "elapsed": 393.029785, "delta": 2.88455}}
{"target": -45.06513223547942, "params": {"C": 56.227458094103056, "epsilon": 3.6137233954549246, "gamma": 0.09447905499850595}, "datetime": {"datetime": "2021-09-24 16:31:56", "elapsed": 395.247439, "delta": 2.217654}}
{"target": -44.05912326312157, "params": {"C": 58.55562895190624, "epsilon": 4.427908340706963, "gamma": 0.006189860565588832}, "datetime": {"datetime": "2021-09-24 16:31:58", "elapsed": 397.94208, "delta": 2.694641}}
{"target": -43.99794276793794, "params": {"C": 58.492864282817365, "epsilon": 4.489197456506174, "gamma": 0.00735288553273055}, "datetime": {"datetime": "2021-09-24 16:32:01", "elapsed": 401.199437, "delta": 3.257357}}
{"target": -43.863194410978444, "params": {"C": 51.85737155589948, "epsilon": 2.7128025594412306, "gamma": 0.011992055978670424}, "datetime": {"datetime": "2021-09-24 16:32:04", "elapsed": 403.76467, "delta": 2.565233}}
{"target": -44.09061516253138, "params": {"C": 59.55136289718508, "epsilon": 3.1221515329907596, "gamma": 0.016132906253700362}, "datetime": {"datetime": "2021-09-24 16:32:07", "elapsed": 406.48407, "delta": 2.7194}}
{"target": -44.92392516904036, "params": {"C": 80.91103921137086, "epsilon": 0.1872320936867646, "gamma": 0.07264231593356876}, "datetime": {"datetime": "2021-09-24 16:32:08", "elapsed": 408.007149, "delta": 1.523079}}
{"target": -44.188168751933794, "params": {"C": 63.419015981946686, "epsilon": 3.767121604919516, "gamma": 0.032704992410922416}, "datetime": {"datetime": "2021-09-24 16:32:10", "elapsed": 409.461185, "delta": 1.454036}}
{"target": -44.03190360322516, "params": {"C": 54.48863432414602, "epsilon": 2.86859269212297, "gamma": 0.021143461950670368}, "datetime": {"datetime": "2021-09-24 16:32:13", "elapsed": 412.478274, "delta": 3.017089}}
{"target": -43.88371665517734, "params": {"C": 59.12445316318245, "epsilon": 3.3586167318884703, "gamma": 0.012197133216603631}, "datetime": {"datetime": "2021-09-24 16:32:15", "elapsed": 414.99261, "delta": 2.514336}}
{"target": -45.861503357274316, "params": {"C": 83.81348429328247, "epsilon": 0.2700715040936234, "gamma": 0.09906372512313552}, "datetime": {"datetime": "2021-09-24 16:32:17", "elapsed": 416.567532, "delta": 1.574922}}
{"target": -44.72512810893049, "params": {"C": 68.4448330461194, "epsilon": 1.407262104434418, "gamma": 0.07533977633104584}, "datetime": {"datetime": "2021-09-24 16:32:18", "elapsed": 418.076176, "delta": 1.508644}}
{"target": -44.20645855121581, "params": {"C": 62.04526407438159, "epsilon": 3.9468512332994097, "gamma": 0.030747868876096172}, "datetime": {"datetime": "2021-09-24 16:32:20", "elapsed": 419.562092, "delta": 1.485916}}
{"target": -43.86933739276265, "params": {"C": 59.1761470273922, "epsilon": 3.428653688100591, "gamma": 0.011695350667902098}, "datetime": {"datetime": "2021-09-24 16:32:24", "elapsed": 423.644395, "delta": 4.082303}}
{"target": -43.84168087680003, "params": {"C": 51.749055925714735, "epsilon": 2.122763951406382, "gamma": 0.00820992238757091}, "datetime": {"datetime": "2021-09-24 16:32:28", "elapsed": 427.765533, "delta": 4.121138}}
