{"target": -50.45498754783737, "params": {"C": 603.9449323472754, "epsilon": 2.803619618010101, "gamma": 0.11105731061439583}, "datetime": {"datetime": "2021-09-28 15:38:07", "elapsed": 589.280022, "delta": 2.253609}}
{"target": -43.413769171674716, "params": {"C": 526.7745008529961, "epsilon": 0.8185188750884221, "gamma": 0.06199445664431031}, "datetime": {"datetime": "2021-09-28 15:38:10", "elapsed": 592.546173, "delta": 3.266151}}
{"target": -38.443745817831925, "params": {"C": 643.7323310397446, "epsilon": 2.324176233347215, "gamma": 0.011264018271127267}, "datetime": {"datetime": "2021-09-28 15:38:13", "elapsed": 595.277345, "delta": 2.731172}}
{"target": -47.79906079176157, "params": {"C": 691.4991193251745, "epsilon": 1.5554514814804208, "gamma": 0.07611503849872371}, "datetime": {"datetime": "2021-09-28 15:38:18", "elapsed": 600.45494, "delta": 5.177595}}
{"target": -53.278904021579145, "params": {"C": 643.7664737818537, "epsilon": 2.350075497396853, "gamma": 0.14939714772409785}, "datetime": {"datetime": "2021-09-28 15:38:23", "elapsed": 604.843955, "delta": 4.389015}}
{"target": -40.949947595432626, "params": {"C": 501.80783657242335, "epsilon": 2.9480792673884513, "gamma": 0.04012651072340383}, "datetime": {"datetime": "2021-09-28 15:38:25", "elapsed": 607.048674, "delta": 2.204719}}
{"target": -42.30644320300907, "params": {"C": 597.5850157417755, "epsilon": 2.163704265278143, "gamma": 0.048695272286279984}, "datetime": {"datetime": "2021-09-28 15:38:27", "elapsed": 609.337552, "delta": 2.288878}}
{"target": -36.65251558867919, "params": {"C": 691.5867609190973, "epsilon": 1.8367639654926196, "gamma": 0.003985501928282015}, "datetime": {"datetime": "2021-09-28 15:38:30", "elapsed": 612.57651, "delta": 3.238958}}
{"target": -43.41714406007806, "params": {"C": 691.6353218949417, "epsilon": 1.942148229012563, "gamma": 0.05322376210242421}, "datetime": {"datetime": "2021-09-28 15:38:35", "elapsed": 617.017117, "delta": 4.440607}}
{"target": -37.026169036346126, "params": {"C": 643.631483727167, "epsilon": 2.342531661573569, "gamma": 0.005585034567022898}, "datetime": {"datetime": "2021-09-28 15:38:38", "elapsed": 620.385344, "delta": 3.368227}}
{"target": -40.95405099663397, "params": {"C": 526.7143758068416, "epsilon": 0.9849977525174278, "gamma": 0.03157010666288281}, "datetime": {"datetime": "2021-09-28 15:38:42", "elapsed": 624.209821, "delta": 3.824477}}
{"target": -40.88476552619474, "params": {"C": 643.7213483020098, "epsilon": 2.201768679947049, "gamma": 0.028814330668590817}, "datetime": {"datetime": "2021-09-28 15:38:45", "elapsed": 627.613853, "delta": 3.404032}}
{"target": -40.7113684728169, "params": {"C": 611.0318023844222, "epsilon": 1.0804596480381417, "gamma": 0.024018546057590837}, "datetime": {"datetime": "2021-09-28 15:38:47", "elapsed": 629.677617, "delta": 2.063764}}
{"target": -42.24540017565485, "params": {"C": 691.4221504213269, "epsilon": 1.976248859225283, "gamma": 0.041359750642808675}, "datetime": {"datetime": "2021-09-28 15:38:51", "elapsed": 633.629857, "delta": 3.95224}}
{"target": -40.038066291174125, "params": {"C": 691.7765769875784, "epsilon": 1.746929952155928, "gamma": 0.02038509920728381}, "datetime": {"datetime": "2021-09-28 15:38:55", "elapsed": 637.519721, "delta": 3.889864}}
{"target": -39.142142374169424, "params": {"C": 520.782643289314, "epsilon": 1.9931527731882441, "gamma": 0.01890912150690573}, "datetime": {"datetime": "2021-09-28 15:38:59", "elapsed": 641.3862, "delta": 3.866479}}
{"target": -48.73528789099936, "params": {"C": 514.6724013151312, "epsilon": 0.9935938469018073, "gamma": 0.09702421601694768}, "datetime": {"datetime": "2021-09-28 15:39:02", "elapsed": 643.850476, "delta": 2.464276}}
{"target": -37.3486235539375, "params": {"C": 588.031829834951, "epsilon": 2.3832950778678446, "gamma": 0.007280833725595092}, "datetime": {"datetime": "2021-09-28 15:39:06", "elapsed": 648.406611, "delta": 4.556135}}
{"target": -40.87774676073977, "params": {"C": 643.4691335863234, "epsilon": 2.26983298080488, "gamma": 0.025835942227814112}, "datetime": {"datetime": "2021-09-28 15:39:10", "elapsed": 652.436183, "delta": 4.029572}}
{"target": -40.64364609983506, "params": {"C": 520.8430075956509, "epsilon": 2.1057739049036557, "gamma": 0.03156358843184214}, "datetime": {"datetime": "2021-09-28 15:39:15", "elapsed": 657.442566, "delta": 5.006383}}
{"target": -41.29236892408411, "params": {"C": 584.6537868652067, "epsilon": 2.295568917275061, "gamma": 0.03824639906524827}, "datetime": {"datetime": "2021-09-28 15:39:18", "elapsed": 659.76071, "delta": 2.318144}}
{"target": -44.48253457771083, "params": {"C": 643.4947485788911, "epsilon": 2.4285789747464195, "gamma": 0.06305711252622892}, "datetime": {"datetime": "2021-09-28 15:39:23", "elapsed": 665.044852, "delta": 5.284142}}
{"target": -37.80774673803772, "params": {"C": 520.996732323659, "epsilon": 1.9065751756779903, "gamma": 0.01070421348583888}, "datetime": {"datetime": "2021-09-28 15:39:26", "elapsed": 668.275693, "delta": 3.230841}}
{"target": -48.342243380732896, "params": {"C": 520.8663044396257, "epsilon": 1.9605215043208308, "gamma": 0.09233757094114703}, "datetime": {"datetime": "2021-09-28 15:39:30", "elapsed": 672.297699, "delta": 4.022006}}
{"target": -42.449922997222394, "params": {"C": 691.491324483278, "epsilon": 1.8045157096570392, "gamma": 0.043364395666344834}, "datetime": {"datetime": "2021-09-28 15:39:35", "elapsed": 677.348559, "delta": 5.05086}}
{"target": -40.547572358655785, "params": {"C": 508.24918015366626, "epsilon": 1.456775485170671, "gamma": 0.02650934670579243}, "datetime": {"datetime": "2021-09-28 15:39:38", "elapsed": 679.937839, "delta": 2.58928}}
{"target": -52.77478872579297, "params": {"C": 531.4974635778794, "epsilon": 0.4563283959310349, "gamma": 0.1544101468937231}, "datetime": {"datetime": "2021-09-28 15:39:41", "elapsed": 682.964607, "delta": 3.026768}}
{"target": -47.59500901776025, "params": {"C": 691.6867150570902, "epsilon": 1.717624705715316, "gamma": 0.07525094801533046}, "datetime": {"datetime": "2021-09-28 15:39:45", "elapsed": 687.680156, "delta": 4.715549}}
{"target": -43.12953361598596, "params": {"C": 681.2616145270831, "epsilon": 0.9805448894646717, "gamma": 0.05076016034173486}, "datetime": {"datetime": "2021-09-28 15:39:48", "elapsed": 690.322575, "delta": 2.642419}}
{"target": -38.975432892501445, "params": {"C": 506.79392244161215, "epsilon": 1.2780161940079922, "gamma": 0.016437720170715348}, "datetime": {"datetime": "2021-09-28 15:39:52", "elapsed": 694.581688, "delta": 4.259113}}
{"target": -51.439972362339546, "params": {"C": 564.0372092149647, "epsilon": 0.6309668318908196, "gamma": 0.1264062592129456}, "datetime": {"datetime": "2021-09-28 15:39:55", "elapsed": 697.267061, "delta": 2.685373}}
{"target": -38.76282320632762, "params": {"C": 686.7364626577207, "epsilon": 1.3436341825656783, "gamma": 0.012986192803229234}, "datetime": {"datetime": "2021-09-28 15:39:58", "elapsed": 699.802446, "delta": 2.535385}}
{"target": -41.168219671985476, "params": {"C": 506.8916860731395, "epsilon": 1.1711920922433592, "gamma": 0.03959483999630982}, "datetime": {"datetime": "2021-09-28 15:40:01", "elapsed": 703.368153, "delta": 3.565707}}
{"target": -37.53451051038779, "params": {"C": 691.8442877543488, "epsilon": 1.8460443530208517, "gamma": 0.0075363947398831115}, "datetime": {"datetime": "2021-09-28 15:40:06", "elapsed": 708.511017, "delta": 5.142864}}
{"target": -38.500984934509816, "params": {"C": 520.9864650411462, "epsilon": 1.796763497923858, "gamma": 0.01344089236559137}, "datetime": {"datetime": "2021-09-28 15:40:12", "elapsed": 714.070174, "delta": 5.559157}}
{"target": -50.20256596123771, "params": {"C": 677.2550035523225, "epsilon": 1.0923336638793433, "gamma": 0.09932979901269583}, "datetime": {"datetime": "2021-09-28 15:40:15", "elapsed": 716.754892, "delta": 2.684718}}
{"target": -37.7967701972552, "params": {"C": 550.1758952773548, "epsilon": 1.418949884456132, "gamma": 0.01024889781376536}, "datetime": {"datetime": "2021-09-28 15:40:18", "elapsed": 720.640885, "delta": 3.885993}}
{"target": -49.094055101219226, "params": {"C": 521.1198957523175, "epsilon": 1.847304129770832, "gamma": 0.10350144965421977}, "datetime": {"datetime": "2021-09-28 15:40:22", "elapsed": 724.336515, "delta": 3.69563}}
{"target": -49.08358429360477, "params": {"C": 686.7864356217268, "epsilon": 1.5106358906693227, "gamma": 0.08460248728775804}, "datetime": {"datetime": "2021-09-28 15:40:26", "elapsed": 728.3258, "delta": 3.989285}}
{"target": -37.47869789925978, "params": {"C": 522.1387789916591, "epsilon": 1.2041191247174077, "gamma": 0.008495008374265112}, "datetime": {"datetime": "2021-09-28 15:40:29", "elapsed": 731.020727, "delta": 2.694927}}
{"target": -52.93941343709919, "params": {"C": 623.4217486699245, "epsilon": 1.3725375065768948, "gamma": 0.1663599511394551}, "datetime": {"datetime": "2021-09-28 15:40:31", "elapsed": 733.488007, "delta": 2.46728}}
{"target": -48.398705720121185, "params": {"C": 523.7502709175524, "epsilon": 2.76171001766885, "gamma": 0.09299587600911063}, "datetime": {"datetime": "2021-09-28 15:40:34", "elapsed": 736.268974, "delta": 2.780967}}
{"target": -38.01087836407408, "params": {"C": 521.9689997499919, "epsilon": 1.2308066919451992, "gamma": 0.01161689253164648}, "datetime": {"datetime": "2021-09-28 15:40:39", "elapsed": 740.929736, "delta": 4.660762}}
{"target": -40.822461733089035, "params": {"C": 679.2653065490607, "epsilon": 2.142929377823509, "gamma": 0.02356944262967422}, "datetime": {"datetime": "2021-09-28 15:40:41", "elapsed": 743.425484, "delta": 2.495748}}
{"target": -36.68764528361504, "params": {"C": 691.9598579795152, "epsilon": 1.7143298782755954, "gamma": 0.003686678741896111}, "datetime": {"datetime": "2021-09-28 15:40:46", "elapsed": 747.852739, "delta": 4.427255}}
{"target": -44.15797391489865, "params": {"C": 692.0638906028711, "epsilon": 1.747230143947016, "gamma": 0.05811257167653111}, "datetime": {"datetime": "2021-09-28 15:40:50", "elapsed": 752.406083, "delta": 4.553344}}
{"target": -37.56645542112337, "params": {"C": 548.8425946034455, "epsilon": 0.83822551477723, "gamma": 0.008818067743248496}, "datetime": {"datetime": "2021-09-28 15:40:53", "elapsed": 755.072007, "delta": 2.665924}}
{"target": -41.93637930576493, "params": {"C": 691.8830227854883, "epsilon": 1.7689831198387191, "gamma": 0.03837093648062626}, "datetime": {"datetime": "2021-09-28 15:40:57", "elapsed": 758.897357, "delta": 3.82535}}
{"target": -39.073835703604395, "params": {"C": 522.0438780658361, "epsilon": 1.1180019002309978, "gamma": 0.016774105680007867}, "datetime": {"datetime": "2021-09-28 15:41:00", "elapsed": 762.691515, "delta": 3.794158}}
{"target": -36.37099452015849, "params": {"C": 644.0412835480183, "epsilon": 2.232314658588941, "gamma": 0.0001}, "datetime": {"datetime": "2021-09-28 15:41:05", "elapsed": 767.094175, "delta": 4.40266}}
{"target": -50.584621940257534, "params": {"C": 548.8238359262981, "epsilon": 0.7638236047033042, "gamma": 0.11781332030858054}, "datetime": {"datetime": "2021-09-28 15:41:09", "elapsed": 771.036999, "delta": 3.942824}}
{"target": -48.92833047927127, "params": {"C": 658.4776751047642, "epsilon": 2.53192352309371, "gamma": 0.08712973663666036}, "datetime": {"datetime": "2021-09-28 15:41:11", "elapsed": 773.69312, "delta": 2.656121}}
{"target": -36.198625380629444, "params": {"C": 691.9444033349706, "epsilon": 1.6025056189882603, "gamma": 0.0001}, "datetime": {"datetime": "2021-09-28 15:41:16", "elapsed": 778.106122, "delta": 4.413002}}
{"target": -47.194077646472486, "params": {"C": 522.015107059744, "epsilon": 1.2875716756343392, "gamma": 0.0851255266051362}, "datetime": {"datetime": "2021-09-28 15:41:20", "elapsed": 781.977408, "delta": 3.871286}}
{"target": -50.44999114195383, "params": {"C": 556.7961531595895, "epsilon": 1.2525381513395397, "gamma": 0.11567276192429929}, "datetime": {"datetime": "2021-09-28 15:41:23", "elapsed": 784.802853, "delta": 2.825445}}
{"target": -41.07554375732981, "params": {"C": 548.9667824810408, "epsilon": 0.9086234302788256, "gamma": 0.033863483351642416}, "datetime": {"datetime": "2021-09-28 15:41:28", "elapsed": 790.47831, "delta": 5.675457}}
{"target": -51.4772152643038, "params": {"C": 517.9354179884516, "epsilon": 1.7193229263049132, "gamma": 0.13518466886030325}, "datetime": {"datetime": "2021-09-28 15:41:31", "elapsed": 793.011211, "delta": 2.532901}}
{"target": -50.640744270696366, "params": {"C": 671.028385039841, "epsilon": 0.9203097740575605, "gamma": 0.10445956848010153}, "datetime": {"datetime": "2021-09-28 15:41:33", "elapsed": 795.706992, "delta": 2.695781}}
{"target": -37.55254185864375, "params": {"C": 526.6481113069844, "epsilon": 1.3124833634174282, "gamma": 0.0001}, "datetime": {"datetime": "2021-09-28 15:41:38", "elapsed": 800.03025, "delta": 4.323258}}
{"target": -43.11914197532408, "params": {"C": 644.0562821347563, "epsilon": 2.3301015091734554, "gamma": 0.05315982161420141}, "datetime": {"datetime": "2021-09-28 15:41:43", "elapsed": 805.443681, "delta": 5.413431}}
{"target": -52.70532452512241, "params": {"C": 515.8053620188393, "epsilon": 1.258684956641508, "gamma": 0.16957634939302424}, "datetime": {"datetime": "2021-09-28 15:41:46", "elapsed": 807.981638, "delta": 2.537957}}
{"target": -50.44935060314677, "params": {"C": 692.0635105228298, "epsilon": 1.479121318417314, "gamma": 0.10095762047142683}, "datetime": {"datetime": "2021-09-28 15:41:51", "elapsed": 813.462772, "delta": 5.481134}}
{"target": -40.843478592955506, "params": {"C": 526.7734371808896, "epsilon": 1.3090978383673486, "gamma": 0.032966444983018206}, "datetime": {"datetime": "2021-09-28 15:41:54", "elapsed": 816.094801, "delta": 2.632029}}
{"target": -49.73098047525791, "params": {"C": 566.9043192149473, "epsilon": 2.8459436615543514, "gamma": 0.10735055038474293}, "datetime": {"datetime": "2021-09-28 15:41:56", "elapsed": 818.60204, "delta": 2.507239}}
{"target": -37.13846809428666, "params": {"C": 566.1523863772408, "epsilon": 0.2892665980725554, "gamma": 0.0013474700455678814}, "datetime": {"datetime": "2021-09-28 15:41:59", "elapsed": 821.231586, "delta": 2.629546}}
{"target": -37.38588610072004, "params": {"C": 787.1989804284008, "epsilon": 0.07875276925184611, "gamma": 0.005541658530999221}, "datetime": {"datetime": "2021-09-28 15:50:39", "elapsed": 0.0, "delta": 0.0}}
{"target": -36.746837154485654, "params": {"C": 787.0644785236553, "epsilon": 1.2616830384603794, "gamma": 0.003370314727938354}, "datetime": {"datetime": "2021-09-28 15:50:39", "elapsed": 0.063001, "delta": 0.063001}}
{"target": -36.955271123819074, "params": {"C": 740.9297268075685, "epsilon": 1.8581936280856404, "gamma": 0.0030665812693777793}, "datetime": {"datetime": "2021-09-28 15:50:39", "elapsed": 0.114052, "delta": 0.051051}}
{"target": -37.22339311079285, "params": {"C": 753.3654550205733, "epsilon": 1.8637803644751154, "gamma": 0.005338506733342688}, "datetime": {"datetime": "2021-09-28 15:50:39", "elapsed": 0.176051, "delta": 0.061999}}
{"target": -37.25870529315467, "params": {"C": 726.9159890689867, "epsilon": 1.5412207856759734, "gamma": 0.0019259546699044615}, "datetime": {"datetime": "2021-09-28 15:50:39", "elapsed": 0.226054, "delta": 0.050003}}
{"target": -37.62089085394217, "params": {"C": 786.9181006699816, "epsilon": 1.4210017549286873, "gamma": 0.0067098467606716995}, "datetime": {"datetime": "2021-09-28 15:50:39", "elapsed": 0.373053, "delta": 0.146999}}
{"target": -37.526289208104515, "params": {"C": 784.1219656512952, "epsilon": 1.364295062537476, "gamma": 0.005813589495969381}, "datetime": {"datetime": "2021-09-28 15:50:39", "elapsed": 0.499051, "delta": 0.125998}}
{"target": -36.91347534912792, "params": {"C": 739.06903847064, "epsilon": 1.8685206966833863, "gamma": 0.004756629493733336}, "datetime": {"datetime": "2021-09-28 15:50:40", "elapsed": 0.642633, "delta": 0.143582}}
{"target": -38.03187577679529, "params": {"C": 863.4747616473677, "epsilon": 0.16607892240638816, "gamma": 0.008734557244252336}, "datetime": {"datetime": "2021-09-28 15:50:40", "elapsed": 0.802632, "delta": 0.159999}}
{"target": -37.25715069534632, "params": {"C": 778.687173359649, "epsilon": 2.4787805722459497, "gamma": 0.005391159304808672}, "datetime": {"datetime": "2021-09-28 15:50:40", "elapsed": 0.930633, "delta": 0.128001}}
{"target": -38.106327747751415, "params": {"C": 795.9384957941379, "epsilon": 2.606448777112884, "gamma": 0.008698118038375025}, "datetime": {"datetime": "2021-09-28 15:50:40", "elapsed": 1.059633, "delta": 0.129}}
{"target": -36.771370148331044, "params": {"C": 723.9987670989332, "epsilon": 1.2184558072790672, "gamma": 0.00380506805627449}, "datetime": {"datetime": "2021-09-28 15:50:40", "elapsed": 1.209635, "delta": 0.150002}}
{"target": -37.88698527716694, "params": {"C": 727.7309389882972, "epsilon": 1.4221405015633612, "gamma": 0.00878647734872801}, "datetime": {"datetime": "2021-09-28 15:50:40", "elapsed": 1.456888, "delta": 0.247253}}
{"target": -35.80424283606901, "params": {"C": 797.2718707149083, "epsilon": 2.683484214350215, "gamma": 0.000219088089845344}, "datetime": {"datetime": "2021-09-28 15:50:41", "elapsed": 1.779002, "delta": 0.322114}}
{"target": -37.58213021651996, "params": {"C": 733.3069126819612, "epsilon": 1.0331012129809096, "gamma": 0.0066839504054615854}, "datetime": {"datetime": "2021-09-28 15:50:41", "elapsed": 2.047001, "delta": 0.267999}}
{"target": -37.68373339063651, "params": {"C": 776.4665690150919, "epsilon": 0.3253068894190921, "gamma": 0.006869105856649537}, "datetime": {"datetime": "2021-09-28 15:50:41", "elapsed": 2.351004, "delta": 0.304003}}
{"target": -37.33700038549443, "params": {"C": 780.894443294085, "epsilon": 1.9097195876615638, "gamma": 0.002514805229600527}, "datetime": {"datetime": "2021-09-28 15:50:41", "elapsed": 2.540001, "delta": 0.188997}}
{"target": -37.69051492438479, "params": {"C": 863.991116140561, "epsilon": 1.4840572586598495, "gamma": 0.006698135640614878}, "datetime": {"datetime": "2021-09-28 15:50:42", "elapsed": 2.703002, "delta": 0.163001}}
{"target": -36.76870037683854, "params": {"C": 723.5117238908817, "epsilon": 1.3027315680376776, "gamma": 0.003976114268291468}, "datetime": {"datetime": "2021-09-28 15:50:42", "elapsed": 2.847001, "delta": 0.143999}}
{"target": -37.165528632198765, "params": {"C": 735.9171699295171, "epsilon": 1.0456028732897633, "gamma": 0.0010385507724514414}, "datetime": {"datetime": "2021-09-28 15:50:42", "elapsed": 2.954, "delta": 0.106999}}
{"target": -37.311714921585896, "params": {"C": 772.8862738277795, "epsilon": 1.7851779388311744, "gamma": 0.0019312773151568328}, "datetime": {"datetime": "2021-09-28 15:50:42", "elapsed": 3.27757, "delta": 0.32357}}
{"target": -36.8178404996193, "params": {"C": 725.11169385264, "epsilon": 1.9195860370103888, "gamma": 0.0007594486227366522}, "datetime": {"datetime": "2021-09-28 15:50:42", "elapsed": 3.426185, "delta": 0.148615}}
{"target": -36.900406788207015, "params": {"C": 842.8844035783596, "epsilon": 0.655085242019186, "gamma": 0.0029053993392115563}, "datetime": {"datetime": "2021-09-28 15:50:42", "elapsed": 3.611209, "delta": 0.185024}}
{"target": -36.71935366431745, "params": {"C": 709.4550021162348, "epsilon": 2.607794038672715, "gamma": 0.000716544599550117}, "datetime": {"datetime": "2021-09-28 15:50:43", "elapsed": 4.09606, "delta": 0.484851}}
{"target": -37.85862157868781, "params": {"C": 763.0720343947735, "epsilon": 1.2714453026856434, "gamma": 0.008426574912332178}, "datetime": {"datetime": "2021-09-28 15:50:43", "elapsed": 4.308061, "delta": 0.212001}}
{"target": -37.29339906484459, "params": {"C": 748.4478090976204, "epsilon": 1.4945800325573286, "gamma": 0.0019643354203958074}, "datetime": {"datetime": "2021-09-28 15:50:44", "elapsed": 4.674053, "delta": 0.365992}}
{"target": -36.78100060372756, "params": {"C": 720.243008969053, "epsilon": 2.0896234248781353, "gamma": 0.003283011684321813}, "datetime": {"datetime": "2021-09-28 15:50:44", "elapsed": 4.931052, "delta": 0.256999}}
{"target": -37.44344341636319, "params": {"C": 761.547968522003, "epsilon": 1.9535201485429579, "gamma": 0.005900808694300756}, "datetime": {"datetime": "2021-09-28 15:50:44", "elapsed": 5.364052, "delta": 0.433}}
{"target": -37.30715791553308, "params": {"C": 750.4216643862592, "epsilon": 1.814212246318266, "gamma": 0.0020895941676019915}, "datetime": {"datetime": "2021-09-28 15:50:45", "elapsed": 5.66407, "delta": 0.300018}}
{"target": -37.20356257948633, "params": {"C": 761.4473457644647, "epsilon": 2.6561723705121745, "gamma": 0.0009399525906954347}, "datetime": {"datetime": "2021-09-28 15:50:45", "elapsed": 5.945071, "delta": 0.281001}}
{"target": -37.353089386011014, "params": {"C": 702.3459680887272, "epsilon": 2.7739297345118565, "gamma": 0.0013159696202654256}, "datetime": {"datetime": "2021-09-28 15:50:45", "elapsed": 6.14407, "delta": 0.198999}}
{"target": -37.35250421235671, "params": {"C": 720.6612984785369, "epsilon": 2.6948660554966293, "gamma": 0.006186667373463717}, "datetime": {"datetime": "2021-09-28 15:50:45", "elapsed": 6.33207, "delta": 0.188}}
{"target": -35.62732356678622, "params": {"C": 833.1035144026785, "epsilon": 2.1327357943067535, "gamma": 0.0002458752798280607}, "datetime": {"datetime": "2021-09-28 15:50:45", "elapsed": 6.551069, "delta": 0.218999}}
{"target": -37.14019448214064, "params": {"C": 873.5601615920382, "epsilon": 2.850673809321771, "gamma": 0.002633878789357296}, "datetime": {"datetime": "2021-09-28 15:50:46", "elapsed": 6.805069, "delta": 0.254}}
{"target": -36.98003846436556, "params": {"C": 834.292106104206, "epsilon": 0.7850309877859607, "gamma": 0.0027926951904295185}, "datetime": {"datetime": "2021-09-28 15:50:46", "elapsed": 7.272067, "delta": 0.466998}}
