{"target": -44.375678711366, "params": {"C": 21.928930823809537, "epsilon": 0.8217416737017402, "gamma": 0.11353481464842148}, "datetime": {"datetime": "2021-09-24 15:45:03", "elapsed": 368.32755, "delta": 2.018895}}
{"target": -44.702148525712055, "params": {"C": 33.76881843942557, "epsilon": 2.9191167644582565, "gamma": 0.11400965020127055}, "datetime": {"datetime": "2021-09-24 15:45:06", "elapsed": 371.126437, "delta": 2.798887}}
{"target": -43.809183421279705, "params": {"C": 27.59970817488591, "epsilon": 1.900994647229327, "gamma": 0.015558746790863562}, "datetime": {"datetime": "2021-09-24 15:45:07", "elapsed": 372.294399, "delta": 1.167962}}
{"target": -44.223697556584156, "params": {"C": 32.38537420751483, "epsilon": 2.944380599336897, "gamma": 0.08755233341277081}, "datetime": {"datetime": "2021-09-24 15:45:09", "elapsed": 374.658744, "delta": 2.364345}}
{"target": -43.82294979282914, "params": {"C": 31.10110343335779, "epsilon": 1.8693602174947457, "gamma": 0.01343481398764001}, "datetime": {"datetime": "2021-09-24 15:45:12", "elapsed": 377.420828, "delta": 2.762084}}
{"target": -44.41065961488854, "params": {"C": 30.145101858134986, "epsilon": 0.9681241868065884, "gamma": 0.10204952303190984}, "datetime": {"datetime": "2021-09-24 15:45:13", "elapsed": 378.776479, "delta": 1.355651}}
{"target": -52.441390547432995, "params": {"C": 28.892350371339074, "epsilon": 0.13733330141815578, "gamma": 0.0008}, "datetime": {"datetime": "2021-09-24 15:45:16", "elapsed": 381.256264, "delta": 2.479785}}
{"target": -46.55024632719912, "params": {"C": 28.01564902006564, "epsilon": 1.2932558434287629, "gamma": 0.0027749543972691}, "datetime": {"datetime": "2021-09-24 15:45:18", "elapsed": 383.052429, "delta": 1.796165}}
{"target": -44.43116677200932, "params": {"C": 28.096797847936227, "epsilon": 2.057792316133231, "gamma": 0.1124185078711523}, "datetime": {"datetime": "2021-09-24 15:45:20", "elapsed": 385.540575, "delta": 2.488146}}
{"target": -44.182497194880185, "params": {"C": 25.988579102311828, "epsilon": 3.3625928178742885, "gamma": 0.0836162121091444}, "datetime": {"datetime": "2021-09-24 15:45:21", "elapsed": 386.811728, "delta": 1.271153}}
{"target": -43.95448819751141, "params": {"C": 30.53948207668751, "epsilon": 3.467269854469722, "gamma": 0.03210653734536896}, "datetime": {"datetime": "2021-09-24 15:45:24", "elapsed": 389.768009, "delta": 2.956281}}
{"target": -43.669841908184274, "params": {"C": 24.411146266691485, "epsilon": 0.8796156074040629, "gamma": 0.06777552558765837}, "datetime": {"datetime": "2021-09-24 15:45:26", "elapsed": 391.636438, "delta": 1.868429}}
{"target": -44.36871612333322, "params": {"C": 8.31138086860238, "epsilon": 3.045215882564972, "gamma": 0.049867438620899075}, "datetime": {"datetime": "2021-09-24 15:45:28", "elapsed": 393.270327, "delta": 1.633889}}
{"target": -45.28113299714212, "params": {"C": 33.04502897486364, "epsilon": 3.064920916411552, "gamma": 0.14630917093087287}, "datetime": {"datetime": "2021-09-24 15:45:30", "elapsed": 395.365104, "delta": 2.094777}}
{"target": -44.94576351432194, "params": {"C": 24.937908328008582, "epsilon": 0.9847596354025601, "gamma": 0.14612996075106988}, "datetime": {"datetime": "2021-09-24 15:45:32", "elapsed": 396.947, "delta": 1.581896}}
{"target": -45.65211619818045, "params": {"C": 14.197969455098587, "epsilon": 2.131392606988238, "gamma": 0.15}, "datetime": {"datetime": "2021-09-24 15:45:33", "elapsed": 398.861417, "delta": 1.914417}}
{"target": -44.17623581684062, "params": {"C": 47.867741487560636, "epsilon": 2.1572043972168853, "gamma": 0.018207533587819694}, "datetime": {"datetime": "2021-09-24 15:45:34", "elapsed": 399.909412, "delta": 1.047995}}
{"target": -44.37568486737882, "params": {"C": 32.44084347965614, "epsilon": 3.539450989391618, "gamma": 0.09627665789022097}, "datetime": {"datetime": "2021-09-24 15:45:37", "elapsed": 402.397552, "delta": 2.48814}}
{"target": -44.49702198988773, "params": {"C": 22.29988133219474, "epsilon": 3.6316046964755255, "gamma": 0.11701403382479902}, "datetime": {"datetime": "2021-09-24 15:45:41", "elapsed": 406.150725, "delta": 1.893999}}
{"target": -45.59818866277435, "params": {"C": 21.907643385453692, "epsilon": 0.07167262930419145, "gamma": 0.004870758910910569}, "datetime": {"datetime": "2021-09-24 15:45:43", "elapsed": 408.186724, "delta": 2.035999}}
{"target": -52.09056794420772, "params": {"C": 30.34499158155703, "epsilon": 1.9915725895443661, "gamma": 0.0008}, "datetime": {"datetime": "2021-09-24 15:45:45", "elapsed": 409.971732, "delta": 1.785008}}
{"target": -43.651360915958605, "params": {"C": 29.592829241532392, "epsilon": 1.7279361343037665, "gamma": 0.05916101372997627}, "datetime": {"datetime": "2021-09-24 15:45:46", "elapsed": 411.649732, "delta": 1.678}}
{"target": -44.05283885591021, "params": {"C": 29.677032525128098, "epsilon": 2.228275996447229, "gamma": 0.02999312008661275}, "datetime": {"datetime": "2021-09-24 15:45:48", "elapsed": 413.603723, "delta": 1.953991}}
{"target": -43.8418006194372, "params": {"C": 31.72537059855552, "epsilon": 2.0480776699308483, "gamma": 0.011431086789085821}, "datetime": {"datetime": "2021-09-24 15:45:50", "elapsed": 415.75849, "delta": 2.154767}}
{"target": -49.58889930701979, "params": {"C": 25.47587472820058, "epsilon": 3.971059230479822, "gamma": 0.0015519423679867183}, "datetime": {"datetime": "2021-09-24 15:45:53", "elapsed": 417.956114, "delta": 2.197624}}
{"target": -44.06206665075494, "params": {"C": 25.505510984143843, "epsilon": 3.2248962848175533, "gamma": 0.0737018658261075}, "datetime": {"datetime": "2021-09-24 15:45:55", "elapsed": 420.160412, "delta": 2.204298}}
{"target": -43.897931687777096, "params": {"C": 13.89822151858989, "epsilon": 3.425814714356834, "gamma": 0.07393138503909602}, "datetime": {"datetime": "2021-09-24 15:45:56", "elapsed": 421.757709, "delta": 1.597297}}
{"target": -43.80557548192568, "params": {"C": 30.73039316653977, "epsilon": 1.4308526167072086, "gamma": 0.04194924030053782}, "datetime": {"datetime": "2021-09-24 15:45:58", "elapsed": 423.421187, "delta": 1.663478}}
{"target": -45.0322422468402, "params": {"C": 22.076529298682523, "epsilon": 1.863612752919883, "gamma": 0.14629877978742414}, "datetime": {"datetime": "2021-09-24 15:46:00", "elapsed": 425.234241, "delta": 1.813054}}
{"target": -44.98476054753701, "params": {"C": 27.55862774410038, "epsilon": 0.9298557772572629, "gamma": 0.14894180614662567}, "datetime": {"datetime": "2021-09-24 15:46:02", "elapsed": 427.142374, "delta": 1.908133}}
{"target": -44.744933597250586, "params": {"C": 48.07461601196488, "epsilon": 1.812111004461907, "gamma": 0.09706205332171865}, "datetime": {"datetime": "2021-09-24 15:46:04", "elapsed": 429.813562, "delta": 2.671188}}
{"target": -44.38871183300956, "params": {"C": 21.84058305735325, "epsilon": 2.35989794735321, "gamma": 0.10722192555568152}, "datetime": {"datetime": "2021-09-24 15:46:06", "elapsed": 431.912811, "delta": 2.099249}}
{"target": -57.05360789408658, "params": {"C": 8.528290152078597, "epsilon": 3.3850126664566806, "gamma": 0.0008}, "datetime": {"datetime": "2021-09-24 15:46:10", "elapsed": 435.330132, "delta": 3.417321}}
{"target": -43.83975398600861, "params": {"C": 15.30831202445915, "epsilon": 0.4340658957772997, "gamma": 0.04867259756391603}, "datetime": {"datetime": "2021-09-24 15:46:11", "elapsed": 436.714847, "delta": 1.384715}}
{"target": -51.821889965150845, "params": {"C": 31.6188573269232, "epsilon": 1.5584977984010178, "gamma": 0.0008}, "datetime": {"datetime": "2021-09-24 15:46:14", "elapsed": 438.95307, "delta": 2.238223}}
{"target": -44.06489295538872, "params": {"C": 29.436967529872742, "epsilon": 1.3686524059873872, "gamma": 0.02623459715016121}, "datetime": {"datetime": "2021-09-24 15:46:16", "elapsed": 441.366036, "delta": 2.412966}}
{"target": -52.03256189692438, "params": {"C": 30.86905221708577, "epsilon": 3.0644777524272464, "gamma": 0.0008}, "datetime": {"datetime": "2021-09-24 15:46:18", "elapsed": 443.658731, "delta": 2.292695}}
{"target": -45.12466378001313, "params": {"C": 19.327355767984606, "epsilon": 1.499643474449678, "gamma": 0.1408123700748645}, "datetime": {"datetime": "2021-09-24 15:46:20", "elapsed": 445.028775, "delta": 1.370044}}
{"target": -44.34568721637069, "params": {"C": 30.213313011445308, "epsilon": 2.8630109276079323, "gamma": 0.09841545483239073}, "datetime": {"datetime": "2021-09-24 15:46:22", "elapsed": 447.504511, "delta": 2.475736}}
{"target": -43.88219357039632, "params": {"C": 26.079498235288632, "epsilon": 3.7189101334269883, "gamma": 0.059750006064621684}, "datetime": {"datetime": "2021-09-24 15:46:24", "elapsed": 449.633732, "delta": 2.129221}}
{"target": -43.90009781995226, "params": {"C": 30.960319165931324, "epsilon": 3.9915527347298134, "gamma": 0.03461564965840784}, "datetime": {"datetime": "2021-09-24 15:46:26", "elapsed": 451.696233, "delta": 2.062501}}
{"target": -44.49890307557737, "params": {"C": 32.51550466119276, "epsilon": 1.1979199155606106, "gamma": 0.10391052973826834}, "datetime": {"datetime": "2021-09-24 15:46:28", "elapsed": 452.967884, "delta": 1.271651}}
{"target": -44.10356557987989, "params": {"C": 46.502828173906494, "epsilon": 1.1259942375135557, "gamma": 0.005996902621137785}, "datetime": {"datetime": "2021-09-24 15:46:29", "elapsed": 454.19556, "delta": 1.227676}}
{"target": -44.093676299628186, "params": {"C": 46.80890536856702, "epsilon": 0.8689623694815611, "gamma": 0.06096654782669991}, "datetime": {"datetime": "2021-09-24 15:46:30", "elapsed": 455.818093, "delta": 1.622533}}
{"target": -45.259457594934325, "params": {"C": 20.133305598157097, "epsilon": 0.415680969454734, "gamma": 0.15}, "datetime": {"datetime": "2021-09-24 15:46:32", "elapsed": 457.64555, "delta": 1.827457}}
{"target": -53.2749199843885, "params": {"C": 23.598755561760264, "epsilon": 4.0, "gamma": 0.0008}, "datetime": {"datetime": "2021-09-24 15:46:34", "elapsed": 459.288893, "delta": 1.643343}}
{"target": -53.58597002477226, "params": {"C": 1.447426197720295, "epsilon": 0.9760983961480785, "gamma": 0.10824242070785363}, "datetime": {"datetime": "2021-09-24 15:46:35", "elapsed": 460.646972, "delta": 1.358079}}
{"target": -43.95161896612571, "params": {"C": 23.599423035265794, "epsilon": 3.1215913802956066, "gamma": 0.037399266793923094}, "datetime": {"datetime": "2021-09-24 15:46:37", "elapsed": 462.881479, "delta": 2.234507}}
{"target": -45.14233291835979, "params": {"C": 31.480205250573142, "epsilon": 2.189076342574545, "gamma": 0.14588523961256622}, "datetime": {"datetime": "2021-09-24 15:46:40", "elapsed": 465.470949, "delta": 2.58947}}
{"target": -44.17303267205722, "params": {"C": 33.63703814111185, "epsilon": 3.7347590315314076, "gamma": 0.005881678876863693}, "datetime": {"datetime": "2021-09-24 15:46:42", "elapsed": 467.719765, "delta": 2.248816}}
{"target": -45.09963570849787, "params": {"C": 33.88261633351996, "epsilon": 2.5178932763212494, "gamma": 0.1350386706934419}, "datetime": {"datetime": "2021-09-24 15:46:44", "elapsed": 469.572739, "delta": 1.852974}}
{"target": -45.12526875373745, "params": {"C": 32.18402466410197, "epsilon": 2.1159043363434886, "gamma": 0.14243906576607476}, "datetime": {"datetime": "2021-09-24 15:46:47", "elapsed": 472.194318, "delta": 2.621579}}
{"target": -44.75927391897173, "params": {"C": 30.930378811769923, "epsilon": 2.4247744506148687, "gamma": 0.1235711493522035}, "datetime": {"datetime": "2021-09-24 15:46:49", "elapsed": 474.661167, "delta": 2.466849}}
{"target": -43.80686851502009, "params": {"C": 31.517283930889104, "epsilon": 2.6450494707371983, "gamma": 0.013775361428455002}, "datetime": {"datetime": "2021-09-24 15:46:52", "elapsed": 477.251263, "delta": 2.590096}}
{"target": -44.050374222352424, "params": {"C": 15.260398432655526, "epsilon": 0.7886406261626304, "gamma": 0.08057913716311102}, "datetime": {"datetime": "2021-09-24 15:46:54", "elapsed": 479.785486, "delta": 2.534223}}
{"target": -44.32157219309092, "params": {"C": 24.52027021133231, "epsilon": 1.65651576608241, "gamma": 0.10304142957022618}, "datetime": {"datetime": "2021-09-24 15:46:57", "elapsed": 482.479534, "delta": 2.694048}}
{"target": -44.32763681341992, "params": {"C": 24.52374630880057, "epsilon": 3.898964889082157, "gamma": 0.10801817380103505}, "datetime": {"datetime": "2021-09-24 15:46:59", "elapsed": 484.631744, "delta": 2.15221}}
{"target": -44.242528878690585, "params": {"C": 14.832333939694527, "epsilon": 0.5262172729266559, "gamma": 0.0163118805903419}, "datetime": {"datetime": "2021-09-24 15:47:02", "elapsed": 487.019022, "delta": 2.387278}}
{"target": -43.945574533518794, "params": {"C": 24.258794107752852, "epsilon": 3.5419267025509265, "gamma": 0.029886245578580793}, "datetime": {"datetime": "2021-09-24 15:47:04", "elapsed": 489.207097, "delta": 2.188075}}
{"target": -43.87452450907875, "params": {"C": 46.91268152863897, "epsilon": 1.2844602966931156, "gamma": 0.043403544624786294}, "datetime": {"datetime": "2021-09-24 15:47:06", "elapsed": 491.400262, "delta": 2.193165}}
{"target": -43.84265058592843, "params": {"C": 18.20010087681877, "epsilon": 1.292220808583236, "gamma": 0.08240329592947089}, "datetime": {"datetime": "2021-09-24 15:47:08", "elapsed": 493.077128, "delta": 1.676866}}
{"target": -43.91405074089912, "params": {"C": 35.82193096723827, "epsilon": 0.5029728191251829, "gamma": 0.06842264178731489}, "datetime": {"datetime": "2021-09-24 15:47:10", "elapsed": 495.210302, "delta": 2.133174}}
{"target": -49.844094147830766, "params": {"C": 22.90831181325135, "epsilon": 3.9889663390659456, "gamma": 0.0016528135125939898}, "datetime": {"datetime": "2021-09-24 15:47:12", "elapsed": 497.542295, "delta": 2.331993}}
{"target": -43.83016008282512, "params": {"C": 42.756164336133516, "epsilon": 2.605969743171939, "gamma": 0.05247014728964811}, "datetime": {"datetime": "2021-09-24 15:47:13", "elapsed": 498.877044, "delta": 1.334749}}
{"target": -45.02955590407649, "params": {"C": 22.328478221789684, "epsilon": 3.924912187412892, "gamma": 0.1453821075904194}, "datetime": {"datetime": "2021-09-24 15:47:16", "elapsed": 501.138688, "delta": 2.261644}}
{"target": -44.7371495199304, "params": {"C": 23.19698824738402, "epsilon": 3.6048561227519866, "gamma": 0.13399952428824116}, "datetime": {"datetime": "2021-09-24 15:47:18", "elapsed": 503.451432, "delta": 2.312744}}
{"target": -44.238378389264895, "params": {"C": 9.411320074629687, "epsilon": 3.9931923563310345, "gamma": 0.05564610148765813}, "datetime": {"datetime": "2021-09-24 15:47:20", "elapsed": 504.951462, "delta": 1.50003}}
{"target": -44.998150123047935, "params": {"C": 20.22668071354097, "epsilon": 3.829601789322597, "gamma": 0.13994387313467394}, "datetime": {"datetime": "2021-09-24 15:47:22", "elapsed": 507.202723, "delta": 2.251261}}
{"target": -44.09452934769223, "params": {"C": 43.15675569708583, "epsilon": 2.3748822317312968, "gamma": 0.06976734277037483}, "datetime": {"datetime": "2021-09-24 15:47:25", "elapsed": 510.719254, "delta": 3.516531}}
{"target": -45.24814769775936, "params": {"C": 31.84426750727588, "epsilon": 3.762317666162759, "gamma": 0.14210318682794576}, "datetime": {"datetime": "2021-09-24 15:47:28", "elapsed": 513.797082, "delta": 3.077828}}
{"target": -44.88279120872949, "params": {"C": 28.43339330824597, "epsilon": 1.762749891921478, "gamma": 0.13719986264688724}, "datetime": {"datetime": "2021-09-24 15:47:32", "elapsed": 517.117532, "delta": 3.32045}}
{"target": -43.89914921295371, "params": {"C": 43.07198783457346, "epsilon": 2.783842422712276, "gamma": 0.04321044023118531}, "datetime": {"datetime": "2021-09-24 15:47:34", "elapsed": 519.488916, "delta": 2.371384}}
{"target": -45.33638654584271, "params": {"C": 36.919060714385125, "epsilon": 2.5597333298435423, "gamma": 0.14521564982460486}, "datetime": {"datetime": "2021-09-24 15:47:36", "elapsed": 521.933341, "delta": 2.444425}}
{"target": -44.14847453293563, "params": {"C": 22.080942734329913, "epsilon": 1.4933709004844213, "gamma": 0.011010693406308976}, "datetime": {"datetime": "2021-09-24 15:47:39", "elapsed": 524.224311, "delta": 2.29097}}
{"target": -43.932216825079806, "params": {"C": 37.50818312955404, "epsilon": 2.2476119838732407, "gamma": 0.01647449211443268}, "datetime": {"datetime": "2021-09-24 15:47:41", "elapsed": 526.686302, "delta": 2.461991}}
{"target": -50.30591116099618, "params": {"C": 42.72892492223086, "epsilon": 3.0056839764033234, "gamma": 0.0008}, "datetime": {"datetime": "2021-09-24 15:47:44", "elapsed": 529.398056, "delta": 2.711754}}
{"target": -43.799599549418474, "params": {"C": 21.59221530498101, "epsilon": 3.9758957269325026, "gamma": 0.06073353315851306}, "datetime": {"datetime": "2021-09-24 15:47:46", "elapsed": 531.853154, "delta": 2.455098}}
{"target": -44.11765954461224, "params": {"C": 43.507527402526705, "epsilon": 2.555875762145237, "gamma": 0.0715841421366658}, "datetime": {"datetime": "2021-09-24 15:47:50", "elapsed": 534.977153, "delta": 3.123999}}
{"target": -43.89452367987192, "params": {"C": 21.193020105406475, "epsilon": 2.1749083944914633, "gamma": 0.042180090773083885}, "datetime": {"datetime": "2021-09-24 15:47:52", "elapsed": 537.359458, "delta": 2.382305}}
{"target": -48.3917019525615, "params": {"C": 9.819330172359725, "epsilon": 3.9264932006338134, "gamma": 0.005732438488097128}, "datetime": {"datetime": "2021-09-24 15:47:54", "elapsed": 539.6797, "delta": 2.320242}}
{"target": -53.02245854558768, "params": {"C": 25.661949735514874, "epsilon": 1.372845387500947, "gamma": 0.0008}, "datetime": {"datetime": "2021-09-24 15:47:57", "elapsed": 542.010763, "delta": 2.331063}}
{"target": -53.87314774679881, "params": {"C": 21.243830134154653, "epsilon": 2.989471137173859, "gamma": 0.0008}, "datetime": {"datetime": "2021-09-24 15:47:59", "elapsed": 544.531441, "delta": 2.520678}}
{"target": -45.000766267510045, "params": {"C": 20.710502652317118, "epsilon": 2.8848492001400494, "gamma": 0.14090245276738075}, "datetime": {"datetime": "2021-09-24 15:48:02", "elapsed": 547.147023, "delta": 2.615582}}
{"target": -44.53799447563807, "params": {"C": 31.292818427143448, "epsilon": 0.1740004804038341, "gamma": 0.10703403723461535}, "datetime": {"datetime": "2021-09-24 15:48:03", "elapsed": 548.295063, "delta": 1.14804}}
{"target": -43.89655498189964, "params": {"C": 14.150635662307753, "epsilon": 3.3498392567344695, "gamma": 0.04431141966010131}, "datetime": {"datetime": "2021-09-24 15:48:04", "elapsed": 549.762582, "delta": 1.467519}}
{"target": -44.94491682609739, "params": {"C": 23.89340761562524, "epsilon": 3.3724585919382593, "gamma": 0.1443979244584515}, "datetime": {"datetime": "2021-09-24 15:48:07", "elapsed": 552.410634, "delta": 2.648052}}
{"target": -44.27848428138455, "params": {"C": 20.926150180294858, "epsilon": 2.4294227705934817, "gamma": 0.10060243609278463}, "datetime": {"datetime": "2021-09-24 15:48:09", "elapsed": 554.897729, "delta": 2.487095}}
{"target": -43.733995651950444, "params": {"C": 17.977775213587375, "epsilon": 1.6356422437957454, "gamma": 0.06276719582879}, "datetime": {"datetime": "2021-09-24 15:48:12", "elapsed": 557.251326, "delta": 2.353597}}
{"target": -44.89676501504145, "params": {"C": 25.23002707341834, "epsilon": 1.8496754522151948, "gamma": 0.14513733791827865}, "datetime": {"datetime": "2021-09-24 15:48:14", "elapsed": 559.702007, "delta": 2.450681}}
{"target": -43.86114982683552, "params": {"C": 12.804358792893963, "epsilon": 3.5092833740105376, "gamma": 0.04123770564540578}, "datetime": {"datetime": "2021-09-24 15:48:16", "elapsed": 561.229792, "delta": 1.527785}}
{"target": -43.902859315198945, "params": {"C": 14.013501308016549, "epsilon": 3.023523913098627, "gamma": 0.04530174647788545}, "datetime": {"datetime": "2021-09-24 15:48:19", "elapsed": 564.589376, "delta": 3.359584}}
{"target": -45.193353213313955, "params": {"C": 13.155477416487889, "epsilon": 3.7068748756521415, "gamma": 0.1266291251919132}, "datetime": {"datetime": "2021-09-24 15:48:22", "elapsed": 567.626563, "delta": 3.037187}}
{"target": -43.97471719841698, "params": {"C": 18.113520287508955, "epsilon": 1.992087211453718, "gamma": 0.0835647503559589}, "datetime": {"datetime": "2021-09-24 15:48:24", "elapsed": 569.782763, "delta": 2.1562}}
{"target": -43.79950772293304, "params": {"C": 17.660562431306072, "epsilon": 1.8523843930065809, "gamma": 0.051480053295351116}, "datetime": {"datetime": "2021-09-24 15:48:27", "elapsed": 572.098656, "delta": 2.315893}}
{"target": -43.8021569692175, "params": {"C": 17.73159688515021, "epsilon": 2.2238061993915776, "gamma": 0.05051756311092528}, "datetime": {"datetime": "2021-09-24 15:48:30", "elapsed": 575.053191, "delta": 2.954535}}
{"target": -43.86423793911881, "params": {"C": 36.6557749019226, "epsilon": 1.4676941638081487, "gamma": 0.009682783610333428}, "datetime": {"datetime": "2021-09-24 15:48:33", "elapsed": 578.223944, "delta": 3.170753}}
{"target": -45.11429864551857, "params": {"C": 36.47636572388724, "epsilon": 1.7847044663432365, "gamma": 0.13205388081220742}, "datetime": {"datetime": "2021-09-24 15:48:35", "elapsed": 580.931994, "delta": 2.70805}}
{"target": -43.99973957242707, "params": {"C": 38.05754335020303, "epsilon": 2.386779886708885, "gamma": 0.008059224530800843}, "datetime": {"datetime": "2021-09-24 15:48:38", "elapsed": 583.628912, "delta": 2.696918}}
{"target": -54.4962136569329, "params": {"C": 18.08866271161449, "epsilon": 2.4225004409190287, "gamma": 0.0008}, "datetime": {"datetime": "2021-09-24 15:48:41", "elapsed": 586.464114, "delta": 2.835202}}
{"target": -43.90354591986024, "params": {"C": 48.257638475942876, "epsilon": 1.6126328342118517, "gamma": 0.04463979464237098}, "datetime": {"datetime": "2021-09-24 15:48:42", "elapsed": 587.841361, "delta": 1.377247}}
{"target": -45.44719786256132, "params": {"C": 17.421400787124902, "epsilon": 2.157738494022145, "gamma": 0.15}, "datetime": {"datetime": "2021-09-24 15:48:45", "elapsed": 590.375833, "delta": 2.534472}}
