{"target": -39.3397309057, "params": {"C": 72.91766217435674, "epsilon": 1.7957448792420334, "gamma": 0.04908221624262277}, "datetime": {"datetime": "2021-09-28 12:24:53", "elapsed": 1662.891516, "delta": 2.869418}}
{"target": -39.382706724217556, "params": {"C": 17.22188742342772, "epsilon": 1.2293155098616377, "gamma": 0.030918327932940394}, "datetime": {"datetime": "2021-09-28 12:25:03", "elapsed": 1672.773493, "delta": 9.881977}}
{"target": -43.474545820419344, "params": {"C": 215.39923532130058, "epsilon": 0.07875276925184611, "gamma": 0.09938958354028893}, "datetime": {"datetime": "2021-09-28 12:38:40", "elapsed": 0.0, "delta": 0.0}}
{"target": -40.37079818349795, "params": {"C": 215.29835889274153, "epsilon": 1.2616830384603794, "gamma": 0.06012993295969347}, "datetime": {"datetime": "2021-09-28 12:38:40", "elapsed": 0.045003, "delta": 0.045003}}
{"target": -40.034699861699366, "params": {"C": 180.69729510567637, "epsilon": 1.8581936280856404, "gamma": 0.05463818658773964}, "datetime": {"datetime": "2021-09-28 12:38:40", "elapsed": 0.079006, "delta": 0.034003}}
{"target": -42.74709770246403, "params": {"C": 190.02409126543, "epsilon": 1.8637803644751154, "gamma": 0.09571643487558999}, "datetime": {"datetime": "2021-09-28 12:38:40", "elapsed": 0.135, "delta": 0.055994}}
{"target": -43.49585741163581, "params": {"C": 244.78622707820352, "epsilon": 0.8136258549055587, "gamma": 0.09369404430729833}, "datetime": {"datetime": "2021-09-28 12:38:40", "elapsed": 0.311, "delta": 0.176}}
{"target": -43.95238057244331, "params": {"C": 213.0914742384714, "epsilon": 1.364295062537476, "gamma": 0.10430631512914333}, "datetime": {"datetime": "2021-09-28 12:38:40", "elapsed": 0.483004, "delta": 0.172004}}
{"target": -41.696644049017195, "params": {"C": 179.30177885298, "epsilon": 1.8685206966833863, "gamma": 0.08519562417962294}, "datetime": {"datetime": "2021-09-28 12:38:40", "elapsed": 0.656, "delta": 0.172996}}
{"target": -49.18794677317323, "params": {"C": 272.6060712355258, "epsilon": 0.16607892240638816, "gamma": 0.15711977239607758}, "datetime": {"datetime": "2021-09-28 12:38:41", "elapsed": 0.805002, "delta": 0.149002}}
{"target": -44.4270156845466, "params": {"C": 180.5771450688595, "epsilon": 0.6878075129116832, "gamma": 0.11783467776765111}, "datetime": {"datetime": "2021-09-28 12:38:41", "elapsed": 1.091003, "delta": 0.286001}}
{"target": -48.435148248828, "params": {"C": 221.95387184560343, "epsilon": 2.606448777112884, "gamma": 0.15646092210799287}, "datetime": {"datetime": "2021-09-28 12:38:41", "elapsed": 1.265006, "delta": 0.174003}}
{"target": -40.9751241446102, "params": {"C": 180.31962803294905, "epsilon": 2.687684583972219, "gamma": 0.07576609246292823}, "datetime": {"datetime": "2021-09-28 12:38:41", "elapsed": 1.441004, "delta": 0.175998}}
{"target": -48.43553802159552, "params": {"C": 181.70267015138202, "epsilon": 2.3260422424177674, "gamma": 0.17878436261105074}, "datetime": {"datetime": "2021-09-28 12:38:41", "elapsed": 1.669007, "delta": 0.228003}}
{"target": -39.95830016369942, "params": {"C": 179.2498107998802, "epsilon": 1.8263043971617308, "gamma": 0.052839137688467236}, "datetime": {"datetime": "2021-09-28 12:38:42", "elapsed": 1.818003, "delta": 0.148996}}
{"target": -36.292338003263296, "params": {"C": 179.10723357984403, "epsilon": 1.7104487615529855, "gamma": 0.001}, "datetime": {"datetime": "2021-09-28 12:38:42", "elapsed": 2.034003, "delta": 0.216}}
{"target": -45.73146958574249, "params": {"C": 207.34992676131887, "epsilon": 0.3253068894190921, "gamma": 0.12339090387275424}, "datetime": {"datetime": "2021-09-28 12:38:42", "elapsed": 2.181166, "delta": 0.147163}}
{"target": -48.3168341679653, "params": {"C": 179.11372065134202, "epsilon": 1.5384486876224606, "gamma": 0.17554558444346646}, "datetime": {"datetime": "2021-09-28 12:38:42", "elapsed": 2.34117, "delta": 0.160004}}
{"target": -47.284246055474526, "params": {"C": 272.9933371054207, "epsilon": 1.4840572586598495, "gamma": 0.12029962420909728}, "datetime": {"datetime": "2021-09-28 12:38:42", "elapsed": 2.516169, "delta": 0.174999}}
{"target": -40.58387715126632, "params": {"C": 167.63379291816133, "epsilon": 1.3027315680376776, "gamma": 0.07108327818425987}, "datetime": {"datetime": "2021-09-28 12:38:42", "elapsed": 2.67517, "delta": 0.159001}}
{"target": -38.052433505246306, "params": {"C": 176.9378774471378, "epsilon": 1.0456028732897633, "gamma": 0.017969756390788686}, "datetime": {"datetime": "2021-09-28 12:38:43", "elapsed": 2.842165, "delta": 0.166995}}
{"target": -40.943755387445805, "params": {"C": 179.14697151789642, "epsilon": 1.7937792306647877, "gamma": 0.07693740950427615}, "datetime": {"datetime": "2021-09-28 12:38:43", "elapsed": 3.049175, "delta": 0.20701}}
{"target": -40.49183386732976, "params": {"C": 215.33428149569536, "epsilon": 1.2434624786284236, "gamma": 0.06250063992223388}, "datetime": {"datetime": "2021-09-28 12:38:43", "elapsed": 3.189165, "delta": 0.13999}}
{"target": -40.69431998105489, "params": {"C": 176.79478964529605, "epsilon": 1.0764935097204764, "gamma": 0.07198387950229258}, "datetime": {"datetime": "2021-09-28 12:38:43", "elapsed": 3.556169, "delta": 0.367004}}
{"target": -37.26108484432721, "params": {"C": 176.95659994254305, "epsilon": 0.827253633750086, "gamma": 0.008556310279411271}, "datetime": {"datetime": "2021-09-28 12:38:44", "elapsed": 3.870169, "delta": 0.314}}
{"target": -46.90078420814977, "params": {"C": 177.10270925143055, "epsilon": 1.029937818964549, "gamma": 0.14858504468278105}, "datetime": {"datetime": "2021-09-28 12:38:44", "elapsed": 4.150205, "delta": 0.280036}}
{"target": -40.49329382644006, "params": {"C": 176.79548853350613, "epsilon": 0.9540772979480586, "gamma": 0.06754191638008471}, "datetime": {"datetime": "2021-09-28 12:38:44", "elapsed": 4.545202, "delta": 0.394997}}
{"target": -40.514226152186374, "params": {"C": 176.8251856610338, "epsilon": 0.7508743929228192, "gamma": 0.06797900507995613}, "datetime": {"datetime": "2021-09-28 12:38:44", "elapsed": 4.7382, "delta": 0.192998}}
{"target": -43.30854747265478, "params": {"C": 177.03125696645003, "epsilon": 0.8178266110221329, "gamma": 0.10596052700462005}, "datetime": {"datetime": "2021-09-28 12:38:45", "elapsed": 5.060199, "delta": 0.321999}}
{"target": -39.11473936654446, "params": {"C": 187.81624828969433, "epsilon": 1.814212246318266, "gamma": 0.036973470303106715}, "datetime": {"datetime": "2021-09-28 12:38:45", "elapsed": 5.247197, "delta": 0.186998}}
{"target": -47.96538445616469, "params": {"C": 187.8681072339114, "epsilon": 1.9042847678321766, "gamma": 0.15980046209110657}, "datetime": {"datetime": "2021-09-28 12:38:45", "elapsed": 5.538201, "delta": 0.291004}}
{"target": -38.20822951810147, "params": {"C": 151.75947606654543, "epsilon": 2.7739297345118565, "gamma": 0.022985713336112237}, "datetime": {"datetime": "2021-09-28 12:38:45", "elapsed": 5.7862, "delta": 0.247999}}
{"target": -39.0118370407613, "params": {"C": 176.981075036444, "epsilon": 0.9338881463032395, "gamma": 0.03589265296732582}, "datetime": {"datetime": "2021-09-28 12:38:46", "elapsed": 6.017201, "delta": 0.231001}}
{"target": -43.945652025221335, "params": {"C": 151.83049024559054, "epsilon": 2.902967670360982, "gamma": 0.11989498201249983}, "datetime": {"datetime": "2021-09-28 12:38:46", "elapsed": 6.319545, "delta": 0.302344}}
{"target": -38.02697521294352, "params": {"C": 187.8349685232581, "epsilon": 1.6294772503399235, "gamma": 0.01674692448936326}, "datetime": {"datetime": "2021-09-28 12:38:46", "elapsed": 6.743542, "delta": 0.423997}}
{"target": -44.619094959310615, "params": {"C": 187.70589945890302, "epsilon": 1.685277284519256, "gamma": 0.1169436958379389}, "datetime": {"datetime": "2021-09-28 12:38:47", "elapsed": 7.120543, "delta": 0.377001}}
{"target": -49.36464318709552, "params": {"C": 261.6524594174708, "epsilon": 2.084708462547635, "gamma": 0.16936101202107592}, "datetime": {"datetime": "2021-09-28 12:38:47", "elapsed": 7.366543, "delta": 0.246}}
{"target": -37.932302654902564, "params": {"C": 179.0076224049414, "epsilon": 1.74993642641824, "gamma": 0.01551149842770111}, "datetime": {"datetime": "2021-09-28 12:38:47", "elapsed": 7.604544, "delta": 0.238001}}
{"target": -44.65413658172236, "params": {"C": 180.808907276552, "epsilon": 0.2814981325174104, "gamma": 0.1204439133505976}, "datetime": {"datetime": "2021-09-28 12:38:48", "elapsed": 7.848537, "delta": 0.243993}}
{"target": -41.02904552796062, "params": {"C": 176.80460487549811, "epsilon": 1.101508122052626, "gamma": 0.07888272855710578}, "datetime": {"datetime": "2021-09-28 12:38:48", "elapsed": 8.124542, "delta": 0.276005}}
{"target": -36.27048986115184, "params": {"C": 151.6880751824103, "epsilon": 2.6442591428704407, "gamma": 0.001}, "datetime": {"datetime": "2021-09-28 12:38:48", "elapsed": 8.462538, "delta": 0.337996}}
{"target": -40.587307765414316, "params": {"C": 151.79733147266674, "epsilon": 2.6032119543852947, "gamma": 0.07249376158474297}, "datetime": {"datetime": "2021-09-28 12:38:48", "elapsed": 8.797539, "delta": 0.335001}}
{"target": -46.922797388904726, "params": {"C": 195.91301065189313, "epsilon": 2.230095862435162, "gamma": 0.13929997090036803}, "datetime": {"datetime": "2021-09-28 12:38:49", "elapsed": 9.170544, "delta": 0.373005}}
{"target": -46.44600134005011, "params": {"C": 151.50229024219075, "epsilon": 2.827669972892322, "gamma": 0.15327335320320704}, "datetime": {"datetime": "2021-09-28 12:38:49", "elapsed": 9.558539, "delta": 0.387995}}
{"target": -38.16554669920766, "params": {"C": 151.62437612914394, "epsilon": 2.4670370777955775, "gamma": 0.018252850580879287}, "datetime": {"datetime": "2021-09-28 12:38:50", "elapsed": 10.047404, "delta": 0.488865}}
{"target": -36.27666882411086, "params": {"C": 187.9659211989566, "epsilon": 1.7012898763033533, "gamma": 0.001}, "datetime": {"datetime": "2021-09-28 12:38:50", "elapsed": 10.603405, "delta": 0.556001}}
{"target": -38.816583724201905, "params": {"C": 188.10942526490456, "epsilon": 1.6772874608071282, "gamma": 0.029556886538329802}, "datetime": {"datetime": "2021-09-28 12:38:51", "elapsed": 10.957405, "delta": 0.354}}
{"target": -45.92406363291708, "params": {"C": 188.04240879260874, "epsilon": 1.4204454514714997, "gamma": 0.13112253299524257}, "datetime": {"datetime": "2021-09-28 12:38:51", "elapsed": 11.276404, "delta": 0.318999}}
{"target": -41.8341069604523, "params": {"C": 270.64480798284796, "epsilon": 1.4978267098612934, "gamma": 0.07439517226022072}, "datetime": {"datetime": "2021-09-28 12:38:51", "elapsed": 11.638406, "delta": 0.362002}}
{"target": -38.04252424789126, "params": {"C": 151.42360410678208, "epsilon": 2.5447375549771665, "gamma": 0.01676646385710658}, "datetime": {"datetime": "2021-09-28 12:38:52", "elapsed": 11.963403, "delta": 0.324997}}
{"target": -38.745646862456326, "params": {"C": 151.7768456563343, "epsilon": 2.7800202857913736, "gamma": 0.03560180180430282}, "datetime": {"datetime": "2021-09-28 12:38:52", "elapsed": 12.297101, "delta": 0.333698}}
{"target": -43.5204086402799, "params": {"C": 151.58214925397095, "epsilon": 2.568083977583865, "gamma": 0.11381906639139265}, "datetime": {"datetime": "2021-09-28 12:38:52", "elapsed": 12.700102, "delta": 0.403001}}
{"target": -39.76082116529942, "params": {"C": 151.1744194105187, "epsilon": 2.590203644689139, "gamma": 0.054058464664481456}, "datetime": {"datetime": "2021-09-28 12:38:53", "elapsed": 13.043098, "delta": 0.342996}}
{"target": -36.79795005715461, "params": {"C": 151.29937109496623, "epsilon": 2.2908023398184816, "gamma": 0.0064920587263080625}, "datetime": {"datetime": "2021-09-28 12:38:53", "elapsed": 13.3941, "delta": 0.351002}}
{"target": -41.00878176139498, "params": {"C": 151.36760344207923, "epsilon": 2.352028167511046, "gamma": 0.07936938117321392}, "datetime": {"datetime": "2021-09-28 12:38:53", "elapsed": 13.753099, "delta": 0.358999}}
{"target": -36.659814603054855, "params": {"C": 151.30722300952985, "epsilon": 2.1525970228718747, "gamma": 0.004612477524083754}, "datetime": {"datetime": "2021-09-28 12:38:54", "elapsed": 14.191832, "delta": 0.438733}}
{"target": -38.249579571362325, "params": {"C": 151.116692920912, "epsilon": 2.2951058744409236, "gamma": 0.02460733648947476}, "datetime": {"datetime": "2021-09-28 12:38:54", "elapsed": 14.667882, "delta": 0.47605}}
{"target": -46.73904055649854, "params": {"C": 275.9428999727538, "epsilon": 2.117010242609934, "gamma": 0.11423083635488705}, "datetime": {"datetime": "2021-09-28 12:38:55", "elapsed": 15.104879, "delta": 0.436997}}
{"target": -38.167180903290756, "params": {"C": 151.1804398645788, "epsilon": 2.1614811336509416, "gamma": 0.018268757374911678}, "datetime": {"datetime": "2021-09-28 12:38:55", "elapsed": 15.502877, "delta": 0.397998}}
{"target": -40.08961634350074, "params": {"C": 151.45140017475302, "epsilon": 1.7970308713748622, "gamma": 0.06085070611348715}, "datetime": {"datetime": "2021-09-28 12:38:56", "elapsed": 16.363666, "delta": 0.860789}}
{"target": -39.17083584070325, "params": {"C": 161.21965369326605, "epsilon": 0.12963015692099478, "gamma": 0.040183858361710095}, "datetime": {"datetime": "2021-09-28 12:38:57", "elapsed": 16.877567, "delta": 0.513901}}
{"target": -45.04525774874627, "params": {"C": 151.48850353326267, "epsilon": 2.0645272235056265, "gamma": 0.13537420573853942}, "datetime": {"datetime": "2021-09-28 12:38:57", "elapsed": 17.180564, "delta": 0.302997}}
{"target": -42.91345826271517, "params": {"C": 167.6116776834124, "epsilon": 1.3008059152280222, "gamma": 0.10309733110610673}, "datetime": {"datetime": "2021-09-28 12:38:57", "elapsed": 17.67059, "delta": 0.490026}}
{"target": -38.59821902679489, "params": {"C": 167.84774205784208, "epsilon": 1.1190622435641726, "gamma": 0.029730731423834533}, "datetime": {"datetime": "2021-09-28 12:38:58", "elapsed": 18.114589, "delta": 0.443999}}
{"target": -43.353115005401435, "params": {"C": 167.90363908274287, "epsilon": 1.4127872899304417, "gamma": 0.10817964994673741}, "datetime": {"datetime": "2021-09-28 12:38:58", "elapsed": 18.495743, "delta": 0.381154}}
{"target": -36.24265819323262, "params": {"C": 151.33612599942606, "epsilon": 2.309488869640314, "gamma": 0.0013221810804950477}, "datetime": {"datetime": "2021-09-28 12:38:59", "elapsed": 18.825745, "delta": 0.330002}}
{"target": -40.13718910421801, "params": {"C": 167.72160528823179, "epsilon": 0.9685597947876635, "gamma": 0.057599619763367214}, "datetime": {"datetime": "2021-09-28 12:38:59", "elapsed": 19.328746, "delta": 0.503001}}
{"target": -41.14244369976651, "params": {"C": 150.92307993255878, "epsilon": 2.378389549768248, "gamma": 0.08196991735198901}, "datetime": {"datetime": "2021-09-28 12:39:00", "elapsed": 19.99171, "delta": 0.662964}}
{"target": -38.60477946541662, "params": {"C": 161.42676887097048, "epsilon": 0.3280431316928969, "gamma": 0.028844168651881198}, "datetime": {"datetime": "2021-09-28 12:39:00", "elapsed": 20.715553, "delta": 0.723843}}
{"target": -40.049897358721225, "params": {"C": 161.1814164377531, "epsilon": 0.34897025029337597, "gamma": 0.054992974711541034}, "datetime": {"datetime": "2021-09-28 12:39:01", "elapsed": 21.375629, "delta": 0.660076}}
{"target": -47.845236621254664, "params": {"C": 241.5946595436036, "epsilon": 1.9687152293783519, "gamma": 0.13593787365260282}, "datetime": {"datetime": "2021-09-28 12:39:02", "elapsed": 21.862554, "delta": 0.486925}}
{"target": -36.32311027280403, "params": {"C": 151.2365021770532, "epsilon": 1.963002684215448, "gamma": 0.001}, "datetime": {"datetime": "2021-09-28 12:39:02", "elapsed": 22.380902, "delta": 0.518348}}
{"target": -44.61602954745992, "params": {"C": 151.19480581366705, "epsilon": 1.7717962227547086, "gamma": 0.12998757373932884}, "datetime": {"datetime": "2021-09-28 12:39:03", "elapsed": 22.839902, "delta": 0.459}}
{"target": -39.741336312100145, "params": {"C": 247.45891246379682, "epsilon": 2.4800834814755865, "gamma": 0.039840628522558985}, "datetime": {"datetime": "2021-09-28 12:39:03", "elapsed": 23.302905, "delta": 0.463003}}
{"target": -38.454214728762395, "params": {"C": 161.49934234391506, "epsilon": 0.49922371390839154, "gamma": 0.02719253956482107}, "datetime": {"datetime": "2021-09-28 12:39:04", "elapsed": 24.063904, "delta": 0.760999}}
{"target": -40.52176577315128, "params": {"C": 161.54986765843185, "epsilon": 0.06200099920583697, "gamma": 0.06950682952283821}, "datetime": {"datetime": "2021-09-28 12:39:04", "elapsed": 24.488276, "delta": 0.424372}}
{"target": -40.38628325061604, "params": {"C": 265.0523955855197, "epsilon": 1.4158674670097497, "gamma": 0.05384845431099008}, "datetime": {"datetime": "2021-09-28 12:39:05", "elapsed": 25.083277, "delta": 0.595001}}
{"target": -39.229220995885605, "params": {"C": 161.68065576426756, "epsilon": 0.4957123078312494, "gamma": 0.041575096183474006}, "datetime": {"datetime": "2021-09-28 12:39:05", "elapsed": 25.76048, "delta": 0.677203}}
{"target": -46.14455793023268, "params": {"C": 161.62420228290966, "epsilon": 0.2880903790857342, "gamma": 0.14658340663911587}, "datetime": {"datetime": "2021-09-28 12:39:06", "elapsed": 26.347481, "delta": 0.587001}}
{"target": -41.059661831563474, "params": {"C": 151.03103861815512, "epsilon": 2.065824700241475, "gamma": 0.0804690758861975}, "datetime": {"datetime": "2021-09-28 12:39:07", "elapsed": 27.228481, "delta": 0.881}}
{"target": -39.278533832035706, "params": {"C": 161.59676048786247, "epsilon": 0.6543463159363319, "gamma": 0.04236515073048208}, "datetime": {"datetime": "2021-09-28 12:39:08", "elapsed": 27.888485, "delta": 0.660004}}
{"target": -40.03411496543853, "params": {"C": 161.3201851617895, "epsilon": 0.5160667165539575, "gamma": 0.05494320564787389}, "datetime": {"datetime": "2021-09-28 12:39:08", "elapsed": 28.70381, "delta": 0.815325}}
{"target": -37.210734490319965, "params": {"C": 151.22210765304862, "epsilon": 2.411856929854394, "gamma": 0.008530906904337887}, "datetime": {"datetime": "2021-09-28 12:39:09", "elapsed": 29.21781, "delta": 0.514}}
{"target": -38.79489169005046, "params": {"C": 160.94605590379226, "epsilon": 0.10326939917086958, "gamma": 0.03165708448222815}, "datetime": {"datetime": "2021-09-28 12:39:09", "elapsed": 29.763811, "delta": 0.546001}}
{"target": -38.77437835661507, "params": {"C": 160.85354409184978, "epsilon": 0.35966301920018545, "gamma": 0.03177723173216628}, "datetime": {"datetime": "2021-09-28 12:39:10", "elapsed": 30.210151, "delta": 0.44634}}
{"target": -42.05743324122978, "params": {"C": 160.66582625476696, "epsilon": 0.20367139016862637, "gamma": 0.09517814171768595}, "datetime": {"datetime": "2021-09-28 12:39:10", "elapsed": 30.797605, "delta": 0.587454}}
{"target": -36.26086066703472, "params": {"C": 160.9454753504164, "epsilon": 0.5538414285987181, "gamma": 0.001}, "datetime": {"datetime": "2021-09-28 12:39:11", "elapsed": 31.397617, "delta": 0.600012}}
{"target": -44.479157968172416, "params": {"C": 160.95676448862565, "epsilon": 0.5526077751545535, "gamma": 0.12524043932117077}, "datetime": {"datetime": "2021-09-28 12:39:12", "elapsed": 32.105617, "delta": 0.708}}
{"target": -37.35891802806396, "params": {"C": 160.79189086209772, "epsilon": 0.7632074400859963, "gamma": 0.01040056389478352}, "datetime": {"datetime": "2021-09-28 12:39:13", "elapsed": 32.87794, "delta": 0.772323}}
{"target": -38.28721331306188, "params": {"C": 160.85270505531662, "epsilon": 0.5734319651057852, "gamma": 0.02491765196499388}, "datetime": {"datetime": "2021-09-28 12:39:13", "elapsed": 33.345943, "delta": 0.468003}}
{"target": -49.36552086763837, "params": {"C": 291.769799801255, "epsilon": 1.0363616657147892, "gamma": 0.15504289765602666}, "datetime": {"datetime": "2021-09-28 12:39:13", "elapsed": 33.749941, "delta": 0.403998}}
{"target": -44.063691750058794, "params": {"C": 241.85280514299996, "epsilon": 1.3659781696146527, "gamma": 0.09923855725946219}, "datetime": {"datetime": "2021-09-28 12:39:14", "elapsed": 34.186942, "delta": 0.437001}}
{"target": -43.94865590274073, "params": {"C": 160.93433187899282, "epsilon": 0.861276212097289, "gamma": 0.11804060958732891}, "datetime": {"datetime": "2021-09-28 12:39:14", "elapsed": 34.658938, "delta": 0.471996}}
{"target": -45.05540944182088, "params": {"C": 160.6297752085695, "epsilon": 0.6992733381604777, "gamma": 0.13259612015136915}, "datetime": {"datetime": "2021-09-28 12:39:15", "elapsed": 35.3036, "delta": 0.644662}}
{"target": -47.61596356156674, "params": {"C": 164.7423614497249, "epsilon": 2.1816782728208612, "gamma": 0.16572122446111448}, "datetime": {"datetime": "2021-09-28 12:39:16", "elapsed": 36.024599, "delta": 0.720999}}
{"target": -47.018528380478685, "params": {"C": 157.90398987593514, "epsilon": 1.166473093366109, "gamma": 0.16070027544207682}, "datetime": {"datetime": "2021-09-28 12:39:16", "elapsed": 36.571764, "delta": 0.547165}}
{"target": -44.53110001212288, "params": {"C": 151.24725863251797, "epsilon": 2.023095243526195, "gamma": 0.12865615600012495}, "datetime": {"datetime": "2021-09-28 12:39:17", "elapsed": 37.142769, "delta": 0.571005}}
{"target": -45.66922565132647, "params": {"C": 161.11133243463038, "epsilon": 0.024848361488195424, "gamma": 0.1404063796843651}, "datetime": {"datetime": "2021-09-28 12:39:17", "elapsed": 37.724766, "delta": 0.581997}}
{"target": -47.474818785690886, "params": {"C": 193.68239682878465, "epsilon": 0.31308350108532274, "gamma": 0.1495412740268672}, "datetime": {"datetime": "2021-09-28 12:39:18", "elapsed": 38.283767, "delta": 0.559001}}
{"target": -42.36660719122724, "params": {"C": 167.96892529528736, "epsilon": 1.0181253163041046, "gamma": 0.09668827597343571}, "datetime": {"datetime": "2021-09-28 12:39:19", "elapsed": 39.507348, "delta": 1.223581}}
{"target": -38.392110342510804, "params": {"C": 151.7883255057073, "epsilon": 2.369059633622983, "gamma": 0.0272057103528214}, "datetime": {"datetime": "2021-09-28 12:39:20", "elapsed": 40.172191, "delta": 0.664843}}
