{"target": 0.42556618375896016, "params": {"C": 118.00493061319398, "epsilon": 2.790744498663669, "gamma": 0.02932034969652232}, "datetime": {"datetime": "2021-09-24 10:10:42", "elapsed": 174.434988, "delta": 1.438167}}
{"target": 0.324583403832723, "params": {"C": 117.83583413862681, "epsilon": 2.962230782063445, "gamma": 0.10407591475529539}, "datetime": {"datetime": "2021-09-24 10:10:44", "elapsed": 175.714371, "delta": 1.279383}}
{"target": 0.29881061332841385, "params": {"C": 117.38025318528773, "epsilon": 2.410478365288431, "gamma": 0.13230734578934192}, "datetime": {"datetime": "2021-09-24 10:10:45", "elapsed": 176.910983, "delta": 1.196612}}
{"target": 0.3690121888915735, "params": {"C": 118.0496768514631, "epsilon": 2.981357466288891, "gamma": 0.06236075353722031}, "datetime": {"datetime": "2021-09-24 10:10:46", "elapsed": 178.450496, "delta": 1.539513}}
{"target": 0.40943149526778333, "params": {"C": 112.41910546636274, "epsilon": 2.9830799056891504, "gamma": 0.038789833621625615}, "datetime": {"datetime": "2021-09-24 10:10:48", "elapsed": 180.006521, "delta": 1.556025}}
{"target": 0.3411718994946984, "params": {"C": 118.2384331497169, "epsilon": 2.916011583975534, "gamma": 0.08482551836381796}, "datetime": {"datetime": "2021-09-24 10:10:49", "elapsed": 181.292793, "delta": 1.286272}}
{"target": 0.1527797968531459, "params": {"C": 277.65225419326146, "epsilon": 1.8497151638667657, "gamma": 0.13952748731893877}, "datetime": {"datetime": "2021-09-24 10:10:50", "elapsed": 182.609915, "delta": 1.317122}}
{"target": 0.399484054047782, "params": {"C": 154.7531161015975, "epsilon": 1.003275684564673, "gamma": 0.03365417794670576}, "datetime": {"datetime": "2021-09-24 10:10:52", "elapsed": 183.709745, "delta": 1.09983}}
{"target": 0.3769649547982725, "params": {"C": 255.6724288366309, "epsilon": 2.074937145927763, "gamma": 0.029514368521757747}, "datetime": {"datetime": "2021-09-24 10:10:53", "elapsed": 185.432107, "delta": 1.722362}}
{"target": 0.406735828307597, "params": {"C": 117.81173608624569, "epsilon": 2.74736035881969, "gamma": 0.03878278681963779}, "datetime": {"datetime": "2021-09-24 10:10:55", "elapsed": 186.954369, "delta": 1.522262}}
{"target": 0.44948655563153883, "params": {"C": 136.22237228183772, "epsilon": 2.3394623073834633, "gamma": 0.013633683770463055}, "datetime": {"datetime": "2021-09-24 10:10:56", "elapsed": 188.492838, "delta": 1.538469}}
{"target": 0.3100845532555311, "params": {"C": 136.07149565785278, "epsilon": 2.377477258837515, "gamma": 0.10510584895970404}, "datetime": {"datetime": "2021-09-24 10:10:58", "elapsed": 190.046609, "delta": 1.553771}}
{"target": 0.4185348058721138, "params": {"C": 141.5982257415722, "epsilon": 2.169557277869899, "gamma": 0.001}, "datetime": {"datetime": "2021-09-24 10:11:00", "elapsed": 191.884394, "delta": 1.837785}}
{"target": 0.4220846973167466, "params": {"C": 102.20261861456687, "epsilon": 2.625958562798881, "gamma": 0.002943874176061877}, "datetime": {"datetime": "2021-09-24 10:11:02", "elapsed": 193.757667, "delta": 1.873273}}
{"target": 0.4251083139147126, "params": {"C": 102.34712102296469, "epsilon": 2.745966119701074, "gamma": 0.003480467973450276}, "datetime": {"datetime": "2021-09-24 10:11:03", "elapsed": 195.614814, "delta": 1.857147}}
{"target": 0.37753137086600574, "params": {"C": 150.4282514054427, "epsilon": 2.3844407395956813, "gamma": 0.043263372070864184}, "datetime": {"datetime": "2021-09-24 10:11:05", "elapsed": 196.946831, "delta": 1.332017}}
{"target": 0.43329108611923406, "params": {"C": 120.00239521361529, "epsilon": 2.0273423483884523, "gamma": 0.004354922076190629}, "datetime": {"datetime": "2021-09-24 10:11:06", "elapsed": 197.879504, "delta": 0.932673}}
{"target": 0.3425431697453657, "params": {"C": 119.8823785962172, "epsilon": 2.042085324281022, "gamma": 0.07942890024904585}, "datetime": {"datetime": "2021-09-24 10:11:07", "elapsed": 199.2006, "delta": 1.321096}}
{"target": 0.14904115486991776, "params": {"C": 295.6460168917679, "epsilon": 1.8242738503595284, "gamma": 0.12599358191850374}, "datetime": {"datetime": "2021-09-24 10:11:08", "elapsed": 200.157633, "delta": 0.957033}}
{"target": 0.30079048612868453, "params": {"C": 120.16694519634007, "epsilon": 1.9907506894571962, "gamma": 0.12727913990829595}, "datetime": {"datetime": "2021-09-24 10:11:10", "elapsed": 201.688465, "delta": 1.530832}}
{"target": 0.3778846984529347, "params": {"C": 199.85526548967692, "epsilon": 2.123472318377886, "gamma": 0.03434466427786785}, "datetime": {"datetime": "2021-09-24 10:11:10", "elapsed": 202.562818, "delta": 0.874353}}
{"target": 0.42142763366395586, "params": {"C": 243.7222490833089, "epsilon": 2.282358836816875, "gamma": 0.001506492491852003}, "datetime": {"datetime": "2021-09-24 10:11:11", "elapsed": 203.39477, "delta": 0.831952}}
{"target": 0.3050989943945679, "params": {"C": 196.27680181006713, "epsilon": 1.0035702807584903, "gamma": 0.07521861992148599}, "datetime": {"datetime": "2021-09-24 10:11:12", "elapsed": 204.333298, "delta": 0.938528}}
{"target": 0.32198729998038766, "params": {"C": 243.6061706184222, "epsilon": 2.156077867765707, "gamma": 0.051360726528117975}, "datetime": {"datetime": "2021-09-24 10:11:14", "elapsed": 205.847211, "delta": 1.513913}}
{"target": 0.16744308925675155, "params": {"C": 243.82143614109788, "epsilon": 2.2596369400885186, "gamma": 0.14980364792497403}, "datetime": {"datetime": "2021-09-24 10:11:15", "elapsed": 207.54685, "delta": 1.699639}}
{"target": 0.33158322365228443, "params": {"C": 136.30850718697764, "epsilon": 2.4005211466486953, "gamma": 0.08177687343455052}, "datetime": {"datetime": "2021-09-24 10:11:17", "elapsed": 208.873615, "delta": 1.326765}}
{"target": 0.4294637374580197, "params": {"C": 277.8268569531865, "epsilon": 1.8984017072138692, "gamma": 0.0024927988434481807}, "datetime": {"datetime": "2021-09-24 10:11:19", "elapsed": 210.993637, "delta": 2.120022}}
{"target": 0.3798126611770848, "params": {"C": 117.5723766050919, "epsilon": 2.880484307110957, "gamma": 0.054187468363408216}, "datetime": {"datetime": "2021-09-24 10:11:20", "elapsed": 212.527715, "delta": 1.534078}}
{"target": 0.43208051089408495, "params": {"C": 199.48832761105547, "epsilon": 1.8489406031100764, "gamma": 0.004330833996793128}, "datetime": {"datetime": "2021-09-24 10:11:22", "elapsed": 214.10117, "delta": 1.573455}}
{"target": 0.3669708397921094, "params": {"C": 136.17955307317303, "epsilon": 2.197880159389826, "gamma": 0.05436191385197753}, "datetime": {"datetime": "2021-09-24 10:11:23", "elapsed": 215.38307, "delta": 1.2819}}
{"target": 0.3517661441523747, "params": {"C": 166.4538937337279, "epsilon": 2.618282447380636, "gamma": 0.05515688004817788}, "datetime": {"datetime": "2021-09-24 10:11:24", "elapsed": 216.284748, "delta": 0.901678}}
{"target": 0.43840633459696776, "params": {"C": 197.04465273548422, "epsilon": 2.9199025664309795, "gamma": 0.015586726019582525}, "datetime": {"datetime": "2021-09-24 10:11:25", "elapsed": 217.467081, "delta": 1.182333}}
{"target": 0.2300258678705812, "params": {"C": 197.0849293016044, "epsilon": 2.847892014974967, "gamma": 0.12407649042514586}, "datetime": {"datetime": "2021-09-24 10:11:27", "elapsed": 218.804069, "delta": 1.336988}}
{"target": 0.42065784591808386, "params": {"C": 199.3160677438988, "epsilon": 1.8614767685719982, "gamma": 0.022173145776160887}, "datetime": {"datetime": "2021-09-24 10:11:28", "elapsed": 220.32718, "delta": 1.523111}}
{"target": 0.4309539540238192, "params": {"C": 213.21325381165758, "epsilon": 1.2307999997366608, "gamma": 0.01802225793886425}, "datetime": {"datetime": "2021-09-24 10:11:29", "elapsed": 221.228444, "delta": 0.901264}}
{"target": 0.3438741941619292, "params": {"C": 213.08808902279796, "epsilon": 1.2295973704845091, "gamma": 0.044238710387441975}, "datetime": {"datetime": "2021-09-24 10:11:30", "elapsed": 222.479343, "delta": 1.250899}}
{"target": 0.41001046626609705, "params": {"C": 213.28779745906365, "epsilon": 1.1625388635213938, "gamma": 0.02338739264187716}, "datetime": {"datetime": "2021-09-24 10:11:32", "elapsed": 224.020054, "delta": 1.540711}}
{"target": 0.41975941951975315, "params": {"C": 213.29792065290354, "epsilon": 1.3647443685416765, "gamma": 0.02135269520825309}, "datetime": {"datetime": "2021-09-24 10:11:33", "elapsed": 225.49225, "delta": 1.472196}}
{"target": 0.39585011678984217, "params": {"C": 198.3633042012118, "epsilon": 1.2921724997833997, "gamma": 0.029173251245961637}, "datetime": {"datetime": "2021-09-24 10:11:34", "elapsed": 226.481646, "delta": 0.989396}}
{"target": 0.22745100037554788, "params": {"C": 199.40724502496602, "epsilon": 2.019849600126621, "gamma": 0.12479081282970629}, "datetime": {"datetime": "2021-09-24 10:11:36", "elapsed": 227.83414, "delta": 1.352494}}
{"target": 0.34974333239434596, "params": {"C": 196.90886796508352, "epsilon": 2.96357759323756, "gamma": 0.048248390058886856}, "datetime": {"datetime": "2021-09-24 10:11:37", "elapsed": 229.299434, "delta": 1.465294}}
{"target": 0.42519214214832635, "params": {"C": 141.4107650541659, "epsilon": 2.6070628518535486, "gamma": 0.0022906863156913686}, "datetime": {"datetime": "2021-09-24 10:11:39", "elapsed": 230.684029, "delta": 1.384595}}
{"target": 0.28793690094288005, "params": {"C": 137.617275401175, "epsilon": 2.522162021250737, "gamma": 0.12609507314282964}, "datetime": {"datetime": "2021-09-24 10:11:39", "elapsed": 231.658642, "delta": 0.974613}}
{"target": 0.4258119748991156, "params": {"C": 260.42790601069345, "epsilon": 1.6552233554205007, "gamma": 0.001}, "datetime": {"datetime": "2021-09-24 10:11:41", "elapsed": 233.408709, "delta": 1.750067}}
{"target": 0.4433202020807616, "params": {"C": 199.59439255280844, "epsilon": 1.8225182429883537, "gamma": 0.0082556969095227}, "datetime": {"datetime": "2021-09-24 10:11:43", "elapsed": 234.682601, "delta": 1.273892}}
{"target": 0.4081510454207814, "params": {"C": 120.04011671253751, "epsilon": 2.1675600234937416, "gamma": 0.03676725181420793}, "datetime": {"datetime": "2021-09-24 10:11:44", "elapsed": 236.292496, "delta": 1.609895}}
{"target": 0.212630300284831, "params": {"C": 213.3734832491418, "epsilon": 1.2455047410197413, "gamma": 0.12592230220851486}, "datetime": {"datetime": "2021-09-24 10:11:46", "elapsed": 237.942222, "delta": 1.649726}}
{"target": 0.3379693224756364, "params": {"C": 199.1622336743436, "epsilon": 1.8343623444764898, "gamma": 0.05141928490460089}, "datetime": {"datetime": "2021-09-24 10:11:47", "elapsed": 239.547318, "delta": 1.605096}}
{"target": 0.3180225359485438, "params": {"C": 213.1875872075161, "epsilon": 1.4269762502813073, "gamma": 0.05899745467036373}, "datetime": {"datetime": "2021-09-24 10:11:49", "elapsed": 241.313023, "delta": 1.765705}}
{"target": 0.36740253950731194, "params": {"C": 135.8934974660978, "epsilon": 1.9753195982070322, "gamma": 0.05351113175213719}, "datetime": {"datetime": "2021-09-24 10:11:51", "elapsed": 243.003922, "delta": 1.690899}}
{"target": 0.33017594861661903, "params": {"C": 102.21470847735743, "epsilon": 2.5373660018869213, "gamma": 0.11171119813380792}, "datetime": {"datetime": "2021-09-24 10:11:53", "elapsed": 244.874964, "delta": 1.871042}}
{"target": 0.4329647960185731, "params": {"C": 127.01546605754888, "epsilon": 1.9462388903871641, "gamma": 0.004265098107747865}, "datetime": {"datetime": "2021-09-24 10:11:54", "elapsed": 246.292183, "delta": 1.417219}}
{"target": 0.3773729211152277, "params": {"C": 129.84237089225462, "epsilon": 2.5141047748422247, "gamma": 0.05000166457449036}, "datetime": {"datetime": "2021-09-24 10:11:55", "elapsed": 247.344596, "delta": 1.052413}}
{"target": 0.3294027012899342, "params": {"C": 135.99392155687423, "epsilon": 1.3775024514925498, "gamma": 0.0816819350078094}, "datetime": {"datetime": "2021-09-24 10:11:57", "elapsed": 248.821862, "delta": 1.477266}}
{"target": 0.29949774672217033, "params": {"C": 112.51026753353742, "epsilon": 2.988815455865984, "gamma": 0.13649941438410326}, "datetime": {"datetime": "2021-09-24 10:11:58", "elapsed": 250.287911, "delta": 1.466049}}
{"target": 0.4361731526361001, "params": {"C": 127.06123772507476, "epsilon": 1.7232956796220498, "gamma": 0.005913968854207301}, "datetime": {"datetime": "2021-09-24 10:12:00", "elapsed": 251.780706, "delta": 1.492795}}
{"target": 0.41794059511430637, "params": {"C": 118.00442155500477, "epsilon": 2.7783243778422637, "gamma": 0.03289265544369276}, "datetime": {"datetime": "2021-09-24 10:12:01", "elapsed": 252.776384, "delta": 0.995678}}
{"target": 0.2702441109053697, "params": {"C": 210.07495915987784, "epsilon": 1.6977326715149794, "gamma": 0.09801774886081574}, "datetime": {"datetime": "2021-09-24 10:12:02", "elapsed": 253.818492, "delta": 1.042108}}
{"target": 0.4452884845969086, "params": {"C": 243.64909131975705, "epsilon": 2.3928633037426223, "gamma": 0.012039839992086313}, "datetime": {"datetime": "2021-09-24 10:12:03", "elapsed": 255.535689, "delta": 1.717197}}
{"target": 0.44994781042324483, "params": {"C": 127.00341638822808, "epsilon": 1.6144579774341272, "gamma": 0.012483300161208397}, "datetime": {"datetime": "2021-09-24 10:12:05", "elapsed": 257.291282, "delta": 1.755593}}
{"target": 0.43527654076198574, "params": {"C": 136.33095013655588, "epsilon": 2.232396021068548, "gamma": 0.0044621878456990545}, "datetime": {"datetime": "2021-09-24 10:12:07", "elapsed": 259.182874, "delta": 1.891592}}
{"target": 0.27917490337538875, "params": {"C": 126.91767409085935, "epsilon": 1.7073586913930612, "gamma": 0.14455863331221086}, "datetime": {"datetime": "2021-09-24 10:12:09", "elapsed": 261.643063, "delta": 2.460189}}
{"target": 0.3401608417891623, "params": {"C": 127.04918536122833, "epsilon": 1.4181203913866776, "gamma": 0.07626298880122942}, "datetime": {"datetime": "2021-09-24 10:12:12", "elapsed": 263.923422, "delta": 2.280359}}
{"target": 0.3811876423891185, "params": {"C": 255.79732185882483, "epsilon": 1.8484550979209444, "gamma": 0.028475762756696082}, "datetime": {"datetime": "2021-09-24 10:12:14", "elapsed": 265.876101, "delta": 1.952679}}
{"target": 0.21962286947457244, "params": {"C": 243.55724165455808, "epsilon": 2.404248680431742, "gamma": 0.10799379323073274}, "datetime": {"datetime": "2021-09-24 10:12:16", "elapsed": 268.358051, "delta": 2.48195}}
{"target": 0.4370576473154354, "params": {"C": 260.3869634248798, "epsilon": 1.4876733878785258, "gamma": 0.013857042530491456}, "datetime": {"datetime": "2021-09-24 10:12:18", "elapsed": 270.139312, "delta": 1.781261}}
{"target": 0.4227973503837412, "params": {"C": 243.7199223407715, "epsilon": 2.4096316498940524, "gamma": 0.018679096668460796}, "datetime": {"datetime": "2021-09-24 10:12:20", "elapsed": 272.210112, "delta": 2.0708}}
{"target": 0.3308087178753606, "params": {"C": 152.64580211669343, "epsilon": 2.707793747764292, "gamma": 0.07403335369185862}, "datetime": {"datetime": "2021-09-24 10:12:21", "elapsed": 273.500395, "delta": 1.290283}}
{"target": 0.32939230883584614, "params": {"C": 127.07423609089199, "epsilon": 1.5816394196807262, "gamma": 0.08820671944885547}, "datetime": {"datetime": "2021-09-24 10:12:24", "elapsed": 275.75845, "delta": 2.258055}}
{"target": 0.3207299573839557, "params": {"C": 155.76730708783518, "epsilon": 1.4311935679128298, "gamma": 0.07918938539313772}, "datetime": {"datetime": "2021-09-24 10:12:25", "elapsed": 277.046018, "delta": 1.287568}}
{"target": 0.1991680744033535, "params": {"C": 219.59365428102376, "epsilon": 1.088033739625699, "gamma": 0.1304674340691369}, "datetime": {"datetime": "2021-09-24 10:12:26", "elapsed": 278.501154, "delta": 1.455136}}
{"target": 0.2634560408187909, "params": {"C": 260.5107661742435, "epsilon": 1.4728300415296218, "gamma": 0.08533364706817168}, "datetime": {"datetime": "2021-09-24 10:12:29", "elapsed": 281.306159, "delta": 2.805005}}
{"target": 0.4379809095384726, "params": {"C": 197.22176150413657, "epsilon": 2.688786163170934, "gamma": 0.015659850683373694}, "datetime": {"datetime": "2021-09-24 10:12:33", "elapsed": 284.921982, "delta": 3.615823}}
{"target": 0.30053318078998237, "params": {"C": 260.2532011809956, "epsilon": 1.5009411537675417, "gamma": 0.057164067361730304}, "datetime": {"datetime": "2021-09-24 10:12:35", "elapsed": 287.58329, "delta": 2.661308}}
{"target": 0.36018958191208705, "params": {"C": 158.40127356922102, "epsilon": 1.1852752650266156, "gamma": 0.04880842518112257}, "datetime": {"datetime": "2021-09-24 10:12:37", "elapsed": 289.087318, "delta": 1.504028}}
{"target": 0.4315393243706398, "params": {"C": 213.22164052311146, "epsilon": 1.0722633906768293, "gamma": 0.003111278670339017}, "datetime": {"datetime": "2021-09-24 10:12:39", "elapsed": 291.548602, "delta": 2.461284}}
{"target": 0.4095312174907073, "params": {"C": 115.01103217473097, "epsilon": 1.2226296612180745, "gamma": 0.001}, "datetime": {"datetime": "2021-09-24 10:12:43", "elapsed": 294.867844, "delta": 3.319242}}
{"target": 0.35259648138686606, "params": {"C": 199.32821740586007, "epsilon": 1.7460113316555617, "gamma": 0.04374743881151122}, "datetime": {"datetime": "2021-09-24 10:12:46", "elapsed": 298.115489, "delta": 3.247645}}
{"target": 0.23025485135999246, "params": {"C": 174.80553374687594, "epsilon": 1.7275539310176478, "gamma": 0.140824685932673}, "datetime": {"datetime": "2021-09-24 10:12:48", "elapsed": 299.777441, "delta": 1.661952}}
{"target": 0.423668938939628, "params": {"C": 213.33538725761736, "epsilon": 1.0, "gamma": 0.001}, "datetime": {"datetime": "2021-09-24 10:12:51", "elapsed": 303.30736, "delta": 3.529919}}
{"target": 0.41862708065986654, "params": {"C": 141.7036644208228, "epsilon": 2.2974765933203245, "gamma": 0.001}, "datetime": {"datetime": "2021-09-24 10:12:56", "elapsed": 307.889828, "delta": 4.582468}}
{"target": 0.4136014485342411, "params": {"C": 127.59334089169053, "epsilon": 1.8334836885434107, "gamma": 0.001}, "datetime": {"datetime": "2021-09-24 10:12:59", "elapsed": 310.991631, "delta": 3.101803}}
{"target": 0.242237021865925, "params": {"C": 228.63471290282757, "epsilon": 1.5740050460868247, "gamma": 0.10397231186998647}, "datetime": {"datetime": "2021-09-24 10:13:00", "elapsed": 312.420769, "delta": 1.429138}}
{"target": 0.4372613932533794, "params": {"C": 285.725829281251, "epsilon": 1.5374016475895957, "gamma": 0.0061899362637367955}, "datetime": {"datetime": "2021-09-24 10:13:02", "elapsed": 314.067904, "delta": 1.647135}}
{"target": 0.40460999391786867, "params": {"C": 141.5784673894868, "epsilon": 2.4701626170312005, "gamma": 0.03420984225716074}, "datetime": {"datetime": "2021-09-24 10:13:03", "elapsed": 315.645629, "delta": 1.577725}}
{"target": 0.4102362588529206, "params": {"C": 117.6235026400432, "epsilon": 2.195421320008432, "gamma": 0.001}, "datetime": {"datetime": "2021-09-24 10:13:06", "elapsed": 317.96398, "delta": 2.318351}}
{"target": 0.43316056516234647, "params": {"C": 285.8099529969594, "epsilon": 1.4501220558332466, "gamma": 0.005061205629554253}, "datetime": {"datetime": "2021-09-24 10:13:08", "elapsed": 320.28118, "delta": 2.3172}}
{"target": 0.33132806718441576, "params": {"C": 101.82622937845018, "epsilon": 1.4611187766656888, "gamma": 0.10829839601521575}, "datetime": {"datetime": "2021-09-24 10:13:10", "elapsed": 321.864473, "delta": 1.583293}}
{"target": 0.15365937825010678, "params": {"C": 285.83209932564137, "epsilon": 1.6068377097287654, "gamma": 0.12614220147413593}, "datetime": {"datetime": "2021-09-24 10:13:12", "elapsed": 324.285348, "delta": 2.420875}}
{"target": 0.4438509914320513, "params": {"C": 141.7372012342582, "epsilon": 2.5174424385938075, "gamma": 0.016336486804535224}, "datetime": {"datetime": "2021-09-24 10:13:15", "elapsed": 326.866011, "delta": 2.580663}}
{"target": 0.3220015287070689, "params": {"C": 141.66631619653194, "epsilon": 2.6138393569674543, "gamma": 0.08848388978114533}, "datetime": {"datetime": "2021-09-24 10:13:18", "elapsed": 329.685786, "delta": 2.819775}}
{"target": 0.2849848003704797, "params": {"C": 271.10495218852793, "epsilon": 1.8491963835038638, "gamma": 0.07111000317621635}, "datetime": {"datetime": "2021-09-24 10:13:19", "elapsed": 331.393263, "delta": 1.707477}}
{"target": 0.3428310820825512, "params": {"C": 141.9062502553267, "epsilon": 2.4373647289450444, "gamma": 0.06960419364753671}, "datetime": {"datetime": "2021-09-24 10:13:23", "elapsed": 334.905022, "delta": 3.511759}}
{"target": 0.32242925037768466, "params": {"C": 127.60015630144927, "epsilon": 1.7288072833733532, "gamma": 0.09728571112567279}, "datetime": {"datetime": "2021-09-24 10:13:25", "elapsed": 337.26396, "delta": 2.358938}}
{"target": 0.22655630882124134, "params": {"C": 213.09982206090103, "epsilon": 1.0069037659084936, "gamma": 0.11819181286493556}, "datetime": {"datetime": "2021-09-24 10:13:28", "elapsed": 340.422234, "delta": 3.158274}}
{"target": 0.4504468081640133, "params": {"C": 135.93686047705762, "epsilon": 1.585950458063537, "gamma": 0.013647888286458933}, "datetime": {"datetime": "2021-09-24 10:13:31", "elapsed": 343.602799, "delta": 3.180565}}
{"target": 0.4136490715336354, "params": {"C": 127.54451096253977, "epsilon": 1.9609630533807532, "gamma": 0.001}, "datetime": {"datetime": "2021-09-24 10:13:34", "elapsed": 346.502811, "delta": 2.900012}}
{"target": 0.38683380469108475, "params": {"C": 112.25864382477326, "epsilon": 2.9228186636093993, "gamma": 0.049646262702629784}, "datetime": {"datetime": "2021-09-24 10:13:37", "elapsed": 348.892486, "delta": 2.389675}}
{"target": 0.4098460050680539, "params": {"C": 112.40310854952243, "epsilon": 2.8401459483148663, "gamma": 0.001}, "datetime": {"datetime": "2021-09-24 10:13:40", "elapsed": 352.096688, "delta": 3.204202}}
{"target": 0.28958578194098683, "params": {"C": 240.3141288260203, "epsilon": 2.102773784147246, "gamma": 0.07604118451103901}, "datetime": {"datetime": "2021-09-24 10:13:41", "elapsed": 353.496344, "delta": 1.399656}}
