{"target": -46.363028992331536, "params": {"C": 155.61050587180878, "epsilon": 2.062492101828102, "gamma": 0.07816554036032823}, "datetime": {"datetime": "2021-09-24 16:39:21", "elapsed": 29.879384, "delta": 0.375001}}
{"target": -46.30257974680503, "params": {"C": 129.12159788585643, "epsilon": 0.5830282295267226, "gamma": 0.08315411245061372}, "datetime": {"datetime": "2021-09-24 16:39:21", "elapsed": 30.304391, "delta": 0.425007}}
{"target": -44.90931306272661, "params": {"C": 110.39007089335661, "epsilon": 3.655939367790852, "gamma": 0.05852571209785091}, "datetime": {"datetime": "2021-09-24 16:39:22", "elapsed": 30.792918, "delta": 0.488527}}
{"target": -44.434598741275614, "params": {"C": 199.01250314551464, "epsilon": 3.7423497246581316, "gamma": 0.014977983899726294}, "datetime": {"datetime": "2021-09-24 16:39:22", "elapsed": 31.270919, "delta": 0.478001}}
{"target": -44.44773808339569, "params": {"C": 113.04584960956947, "epsilon": 2.1036171437357987, "gamma": 0.04110997864599707}, "datetime": {"datetime": "2021-09-24 16:39:23", "elapsed": 31.790273, "delta": 0.519354}}
{"target": -43.93263979780815, "params": {"C": 143.90475772363857, "epsilon": 3.0839729344118743, "gamma": 0.009115481376371814}, "datetime": {"datetime": "2021-09-24 16:39:23", "elapsed": 32.390271, "delta": 0.599998}}
{"target": -46.273269673843615, "params": {"C": 143.9253923012717, "epsilon": 3.1122637796999784, "gamma": 0.08472436071429476}, "datetime": {"datetime": "2021-09-24 16:39:24", "elapsed": 32.980901, "delta": 0.59063}}
{"target": -45.99711839585421, "params": {"C": 143.51626921920564, "epsilon": 3.319437226369653, "gamma": 0.0697399985131081}, "datetime": {"datetime": "2021-09-24 16:39:24", "elapsed": 33.684364, "delta": 0.703463}}
{"target": -44.476730190913884, "params": {"C": 118.19637477438263, "epsilon": 2.4982730550878465, "gamma": 0.0014045495565888396}, "datetime": {"datetime": "2021-09-24 16:39:25", "elapsed": 34.142362, "delta": 0.457998}}
{"target": -44.867690469417674, "params": {"C": 117.86962730224818, "epsilon": 1.3394073083847227, "gamma": 0.05607498347836718}, "datetime": {"datetime": "2021-09-24 16:39:26", "elapsed": 34.897548, "delta": 0.755186}}
{"target": -46.31522723301905, "params": {"C": 117.46590849754611, "epsilon": 1.8174874664039067, "gamma": 0.09448924708335832}, "datetime": {"datetime": "2021-09-24 16:39:26", "elapsed": 35.325546, "delta": 0.427998}}
{"target": -44.7132335825036, "params": {"C": 181.19389471724512, "epsilon": 2.4974540583558107, "gamma": 0.03829200864838197}, "datetime": {"datetime": "2021-09-24 16:39:27", "elapsed": 35.871851, "delta": 0.546305}}
{"target": -44.6936377547683, "params": {"C": 149.56503977134594, "epsilon": 4.1307179181796005, "gamma": 0.03757032061575154}, "datetime": {"datetime": "2021-09-24 16:39:27", "elapsed": 36.29685, "delta": 0.424999}}
{"target": -46.23593847367009, "params": {"C": 120.49931210932886, "epsilon": 3.19095475087286, "gamma": 0.0960939561205301}, "datetime": {"datetime": "2021-09-24 16:39:28", "elapsed": 36.764849, "delta": 0.467999}}
{"target": -44.36879660643167, "params": {"C": 117.61950887500608, "epsilon": 1.7083428297095586, "gamma": 0.02620367202625109}, "datetime": {"datetime": "2021-09-24 16:39:28", "elapsed": 37.328137, "delta": 0.563288}}
{"target": -44.01125406785015, "params": {"C": 118.09372210024242, "epsilon": 1.7906172913251293, "gamma": 0.01065454133275642}, "datetime": {"datetime": "2021-09-24 16:39:29", "elapsed": 37.729932, "delta": 0.401795}}
{"target": -46.09954215905387, "params": {"C": 148.9966456403066, "epsilon": 4.620936126164105, "gamma": 0.08231115194406524}, "datetime": {"datetime": "2021-09-24 16:39:29", "elapsed": 38.290596, "delta": 0.560664}}
{"target": -45.165993890814136, "params": {"C": 113.10973022458039, "epsilon": 2.1790050989922203, "gamma": 0.001}, "datetime": {"datetime": "2021-09-24 16:39:30", "elapsed": 38.849017, "delta": 0.558421}}
{"target": -44.920365144053854, "params": {"C": 118.0774347526727, "epsilon": 1.7804526039190633, "gamma": 0.05682712649952556}, "datetime": {"datetime": "2021-09-24 16:39:30", "elapsed": 39.390112, "delta": 0.541095}}
{"target": -44.23307920234169, "params": {"C": 196.85199384758846, "epsilon": 4.894799489981781, "gamma": 0.0026283152575655748}, "datetime": {"datetime": "2021-09-24 16:39:31", "elapsed": 39.920639, "delta": 0.530527}}
{"target": -44.2923068608964, "params": {"C": 143.81590127851172, "epsilon": 3.0757119710459997, "gamma": 0.0034181546560156056}, "datetime": {"datetime": "2021-09-24 16:39:31", "elapsed": 40.564636, "delta": 0.643997}}
{"target": -44.88074310120326, "params": {"C": 108.29391058417143, "epsilon": 4.801841864924613, "gamma": 0.05639523688154366}, "datetime": {"datetime": "2021-09-24 16:39:32", "elapsed": 41.137274, "delta": 0.572638}}
{"target": -44.1072377993083, "params": {"C": 118.05634154406931, "epsilon": 1.8117426607139884, "gamma": 0.004177722736990274}, "datetime": {"datetime": "2021-09-24 16:39:32", "elapsed": 41.677917, "delta": 0.540643}}
{"target": -44.38086366969308, "params": {"C": 143.82434245877306, "epsilon": 2.98258530224492, "gamma": 0.01783021115616876}, "datetime": {"datetime": "2021-09-24 16:39:33", "elapsed": 42.112926, "delta": 0.435009}}
{"target": -44.29066957528347, "params": {"C": 148.43204538663804, "epsilon": 4.644463853410912, "gamma": 0.011514740388241844}, "datetime": {"datetime": "2021-09-24 16:39:34", "elapsed": 42.723339, "delta": 0.610413}}
{"target": -43.90051566172066, "params": {"C": 118.12727833321607, "epsilon": 1.8608035373355667, "gamma": 0.009794613890680669}, "datetime": {"datetime": "2021-09-24 16:39:34", "elapsed": 43.208155, "delta": 0.484816}}
{"target": -44.42321938462534, "params": {"C": 149.67694181417284, "epsilon": 4.248067339367589, "gamma": 0.023549654132218593}, "datetime": {"datetime": "2021-09-24 16:39:35", "elapsed": 43.722092, "delta": 0.513937}}
{"target": -44.28964504604728, "params": {"C": 180.315270247768, "epsilon": 2.223778950362324, "gamma": 0.010328130001682655}, "datetime": {"datetime": "2021-09-24 16:39:35", "elapsed": 44.168093, "delta": 0.446001}}
{"target": -45.0524752267127, "params": {"C": 183.087920643332, "epsilon": 1.6295234726313883, "gamma": 0.04266198291113161}, "datetime": {"datetime": "2021-09-24 16:39:35", "elapsed": 44.583091, "delta": 0.414998}}
{"target": -44.50438344688898, "params": {"C": 118.18035590415775, "epsilon": 1.8470909483949096, "gamma": 0.04708499356180488}, "datetime": {"datetime": "2021-09-24 16:39:36", "elapsed": 45.040823, "delta": 0.457732}}
{"target": -46.13684202832623, "params": {"C": 124.86655354023715, "epsilon": 4.397374501723238, "gamma": 0.09143557948563455}, "datetime": {"datetime": "2021-09-24 16:39:36", "elapsed": 45.583872, "delta": 0.543049}}
{"target": -46.54613749504106, "params": {"C": 179.73082508449374, "epsilon": 2.908392316341448, "gamma": 0.09445925697524052}, "datetime": {"datetime": "2021-09-24 16:39:37", "elapsed": 46.055873, "delta": 0.472001}}
{"target": -46.17624847855257, "params": {"C": 143.45599551205393, "epsilon": 3.486232342299435, "gamma": 0.07693060506224027}, "datetime": {"datetime": "2021-09-24 16:39:37", "elapsed": 46.444872, "delta": 0.388999}}
{"target": -46.344722337339455, "params": {"C": 196.86893079533957, "epsilon": 4.872628321305542, "gamma": 0.07968321319500274}, "datetime": {"datetime": "2021-09-24 16:39:38", "elapsed": 47.035747, "delta": 0.590875}}
{"target": -45.74169470527811, "params": {"C": 120.11469510808944, "epsilon": 3.3635160274019924, "gamma": 0.07289338626467652}, "datetime": {"datetime": "2021-09-24 16:39:38", "elapsed": 47.582326, "delta": 0.546579}}
{"target": -46.27531155361205, "params": {"C": 164.35745371205508, "epsilon": 3.140670247189194, "gamma": 0.07003879388487025}, "datetime": {"datetime": "2021-09-24 16:39:39", "elapsed": 47.991094, "delta": 0.408768}}
{"target": -44.35098071722418, "params": {"C": 144.24826469863856, "epsilon": 4.514226915051818, "gamma": 0.009929670779957149}, "datetime": {"datetime": "2021-09-24 16:39:39", "elapsed": 48.462098, "delta": 0.471004}}
{"target": -44.267453825376485, "params": {"C": 110.2584567533549, "epsilon": 3.6220466638591318, "gamma": 0.01838789392903897}, "datetime": {"datetime": "2021-09-24 16:39:40", "elapsed": 49.039397, "delta": 0.577299}}
{"target": -44.587702196059126, "params": {"C": 120.47175721936927, "epsilon": 3.132056325591544, "gamma": 0.04348478123932579}, "datetime": {"datetime": "2021-09-24 16:39:40", "elapsed": 49.595017, "delta": 0.55562}}
{"target": -43.93780407474628, "params": {"C": 117.60867443611802, "epsilon": 1.8185445192076426, "gamma": 0.010048411992751149}, "datetime": {"datetime": "2021-09-24 16:39:41", "elapsed": 50.118319, "delta": 0.523302}}
{"target": -46.176565420534345, "params": {"C": 110.30909380368811, "epsilon": 3.642812287558066, "gamma": 0.09687707858253373}, "datetime": {"datetime": "2021-09-24 16:39:41", "elapsed": 50.644317, "delta": 0.525998}}
{"target": -44.95189713696124, "params": {"C": 111.34741018017985, "epsilon": 4.05074355142586, "gamma": 0.058572912903908446}, "datetime": {"datetime": "2021-09-24 16:39:42", "elapsed": 51.14798, "delta": 0.503663}}
{"target": -46.51768730366307, "params": {"C": 199.42750981129728, "epsilon": 4.3081637150841905, "gamma": 0.0908159249805266}, "datetime": {"datetime": "2021-09-24 16:39:42", "elapsed": 51.631814, "delta": 0.483834}}
{"target": -44.54277700010425, "params": {"C": 117.651084281607, "epsilon": 1.8432191714651995, "gamma": 0.0014561469966789728}, "datetime": {"datetime": "2021-09-24 16:39:43", "elapsed": 52.11997, "delta": 0.488156}}
{"target": -44.45388004878125, "params": {"C": 117.867827670678, "epsilon": 1.8187244489920869, "gamma": 0.021300704800968073}, "datetime": {"datetime": "2021-09-24 16:39:43", "elapsed": 52.57197, "delta": 0.452}}
{"target": -44.24676194988194, "params": {"C": 142.92728081999317, "epsilon": 3.151427879402716, "gamma": 0.0036626294796468658}, "datetime": {"datetime": "2021-09-24 16:39:44", "elapsed": 53.127502, "delta": 0.555532}}
{"target": -44.56595343992193, "params": {"C": 142.77268668107956, "epsilon": 0.5545052821067225, "gamma": 0.042913636841667734}, "datetime": {"datetime": "2021-09-24 16:39:44", "elapsed": 53.616107, "delta": 0.488605}}
{"target": -46.816203281418545, "params": {"C": 180.84113546498622, "epsilon": 1.0608736179467582, "gamma": 0.0993552721959566}, "datetime": {"datetime": "2021-09-24 16:39:45", "elapsed": 54.090583, "delta": 0.474476}}
{"target": -45.92330925976036, "params": {"C": 154.4232069206874, "epsilon": 1.6125264598276468, "gamma": 0.05985273262732169}, "datetime": {"datetime": "2021-09-24 16:39:45", "elapsed": 54.613571, "delta": 0.522988}}
{"target": -44.40301631980081, "params": {"C": 120.04889995406211, "epsilon": 3.257369915145016, "gamma": 0.037021951789728474}, "datetime": {"datetime": "2021-09-24 16:39:46", "elapsed": 55.090476, "delta": 0.476905}}
{"target": -44.68458392393154, "params": {"C": 140.67094206529765, "epsilon": 3.4668943982288805, "gamma": 0.04305098552543857}, "datetime": {"datetime": "2021-09-24 16:39:46", "elapsed": 55.702808, "delta": 0.612332}}
{"target": -46.19916153941001, "params": {"C": 180.39563013828956, "epsilon": 2.239612291423539, "gamma": 0.059775820627933594}, "datetime": {"datetime": "2021-09-24 16:39:47", "elapsed": 56.384806, "delta": 0.681998}}
{"target": -44.070070838966004, "params": {"C": 110.29671165062437, "epsilon": 3.7608536272928372, "gamma": 0.013776273766142478}, "datetime": {"datetime": "2021-09-24 16:39:48", "elapsed": 57.040986, "delta": 0.65618}}
{"target": -46.346574309174954, "params": {"C": 152.81516704671517, "epsilon": 3.880370951904954, "gamma": 0.09047088543253672}, "datetime": {"datetime": "2021-09-24 16:39:48", "elapsed": 57.51857, "delta": 0.477584}}
{"target": -44.26979570046306, "params": {"C": 110.24463925427457, "epsilon": 3.7276927337483925, "gamma": 0.0032845053250654507}, "datetime": {"datetime": "2021-09-24 16:39:49", "elapsed": 58.214632, "delta": 0.696062}}
{"target": -46.51115443807584, "params": {"C": 133.00514203810303, "epsilon": 0.8210535315136214, "gamma": 0.09763205483825035}, "datetime": {"datetime": "2021-09-24 16:39:49", "elapsed": 58.674239, "delta": 0.459607}}
{"target": -46.09721287064413, "params": {"C": 149.59664885886843, "epsilon": 4.2645406343145265, "gamma": 0.07337358290395418}, "datetime": {"datetime": "2021-09-24 16:39:50", "elapsed": 59.481258, "delta": 0.807019}}
{"target": -44.14201975476259, "params": {"C": 180.24668891379181, "epsilon": 2.297731283311784, "gamma": 0.009708319625677368}, "datetime": {"datetime": "2021-09-24 16:39:51", "elapsed": 60.086901, "delta": 0.605643}}
{"target": -45.816753474982356, "params": {"C": 117.58188156915897, "epsilon": 1.7505536689539327, "gamma": 0.07462796539975594}, "datetime": {"datetime": "2021-09-24 16:39:52", "elapsed": 60.785897, "delta": 0.698996}}
{"target": -44.43287065641507, "params": {"C": 146.5341249825987, "epsilon": 0.5820460020769822, "gamma": 0.014694022391253461}, "datetime": {"datetime": "2021-09-24 16:39:52", "elapsed": 61.333057, "delta": 0.54716}}
{"target": -44.10080561750461, "params": {"C": 110.32058220581521, "epsilon": 3.6665724939765267, "gamma": 0.03022594272962844}, "datetime": {"datetime": "2021-09-24 16:39:53", "elapsed": 61.812887, "delta": 0.47983}}
{"target": -46.47001175318409, "params": {"C": 180.24804034488542, "epsilon": 2.2424319990578763, "gamma": 0.07411804326110684}, "datetime": {"datetime": "2021-09-24 16:39:53", "elapsed": 62.511882, "delta": 0.698995}}
{"target": -44.448027515345096, "params": {"C": 117.60498181004206, "epsilon": 1.8667031252604107, "gamma": 0.04128251358293403}, "datetime": {"datetime": "2021-09-24 16:39:54", "elapsed": 63.048457, "delta": 0.536575}}
{"target": -44.36526557447774, "params": {"C": 117.72589562793016, "epsilon": 1.4247658166887265, "gamma": 0.0018991162163327976}, "datetime": {"datetime": "2021-09-24 16:39:54", "elapsed": 63.672752, "delta": 0.624295}}
{"target": -44.35085373918363, "params": {"C": 110.26833078474071, "epsilon": 3.834421648678644, "gamma": 0.024648696007146684}, "datetime": {"datetime": "2021-09-24 16:39:55", "elapsed": 64.339748, "delta": 0.666996}}
{"target": -46.09611995665532, "params": {"C": 148.4516997995165, "epsilon": 4.63028132906959, "gamma": 0.08237323715129331}, "datetime": {"datetime": "2021-09-24 16:39:56", "elapsed": 64.881196, "delta": 0.541448}}
{"target": -46.42843373879465, "params": {"C": 171.87359393095144, "epsilon": 1.8765321170377662, "gamma": 0.07107163487152467}, "datetime": {"datetime": "2021-09-24 16:39:56", "elapsed": 65.478202, "delta": 0.597006}}
{"target": -44.300622862140955, "params": {"C": 149.68985813192444, "epsilon": 4.712656753185458, "gamma": 0.013901774479564533}, "datetime": {"datetime": "2021-09-24 16:39:57", "elapsed": 66.228375, "delta": 0.750173}}
{"target": -44.44182418185421, "params": {"C": 117.97519960264732, "epsilon": 1.9882078735549369, "gamma": 0.023111100371755598}, "datetime": {"datetime": "2021-09-24 16:39:58", "elapsed": 66.82396, "delta": 0.595585}}
{"target": -46.60788731229827, "params": {"C": 132.82233192756726, "epsilon": 0.142069005763382, "gamma": 0.0922697757606288}, "datetime": {"datetime": "2021-09-24 16:39:58", "elapsed": 67.475171, "delta": 0.651211}}
{"target": -45.406811064823, "params": {"C": 149.66741857641765, "epsilon": 4.622832855305704, "gamma": 0.05396057791536503}, "datetime": {"datetime": "2021-09-24 16:39:59", "elapsed": 68.093821, "delta": 0.61865}}
{"target": -46.024522319232325, "params": {"C": 171.83981780483597, "epsilon": 1.9344976412850516, "gamma": 0.057063725480702154}, "datetime": {"datetime": "2021-09-24 16:39:59", "elapsed": 68.700823, "delta": 0.607002}}
{"target": -43.88424290561312, "params": {"C": 113.09545304646934, "epsilon": 2.0609006591268524, "gamma": 0.00923746307419714}, "datetime": {"datetime": "2021-09-24 16:40:00", "elapsed": 69.415691, "delta": 0.714868}}
{"target": -44.36548243910334, "params": {"C": 143.94487857405116, "epsilon": 3.0203056917213473, "gamma": 0.0176073603980583}, "datetime": {"datetime": "2021-09-24 16:40:01", "elapsed": 70.139518, "delta": 0.723827}}
{"target": -44.84288475658356, "params": {"C": 113.0527649760257, "epsilon": 2.0036671163106177, "gamma": 0.05726708564956972}, "datetime": {"datetime": "2021-09-24 16:40:02", "elapsed": 70.805208, "delta": 0.66569}}
{"target": -46.41328165958641, "params": {"C": 173.84430421480133, "epsilon": 4.077145959891314, "gamma": 0.09602273331549742}, "datetime": {"datetime": "2021-09-24 16:40:02", "elapsed": 71.287396, "delta": 0.482188}}
{"target": -44.344023831189276, "params": {"C": 149.60171923481226, "epsilon": 4.789157818610009, "gamma": 0.012850126348951971}, "datetime": {"datetime": "2021-09-24 16:40:03", "elapsed": 72.038151, "delta": 0.750755}}
{"target": -44.4937715005384, "params": {"C": 112.67825574852873, "epsilon": 4.12680707959805, "gamma": 0.040441538506028406}, "datetime": {"datetime": "2021-09-24 16:40:03", "elapsed": 72.701195, "delta": 0.663044}}
{"target": -44.3063430570025, "params": {"C": 119.92513066620867, "epsilon": 3.327185724284599, "gamma": 0.018033295022553682}, "datetime": {"datetime": "2021-09-24 16:40:04", "elapsed": 73.387038, "delta": 0.685843}}
{"target": -44.274373245207585, "params": {"C": 118.0992550654274, "epsilon": 1.9771412674819286, "gamma": 0.0032482717378976966}, "datetime": {"datetime": "2021-09-24 16:40:05", "elapsed": 74.068714, "delta": 0.681676}}
{"target": -44.239023097041006, "params": {"C": 103.29753067799881, "epsilon": 2.102663713049224, "gamma": 0.03703258484803152}, "datetime": {"datetime": "2021-09-24 16:40:06", "elapsed": 74.725724, "delta": 0.65701}}
{"target": -44.333715432807146, "params": {"C": 103.35582358199477, "epsilon": 2.1484888237306436, "gamma": 0.026940856844410877}, "datetime": {"datetime": "2021-09-24 16:40:06", "elapsed": 75.488549, "delta": 0.762825}}
{"target": -46.08276779025549, "params": {"C": 149.6607539525482, "epsilon": 4.749822556909124, "gamma": 0.07558774290895068}, "datetime": {"datetime": "2021-09-24 16:40:07", "elapsed": 76.216388, "delta": 0.727839}}
{"target": -46.09655001794927, "params": {"C": 110.28032277468674, "epsilon": 3.8179781634036343, "gamma": 0.09366054990319177}, "datetime": {"datetime": "2021-09-24 16:40:08", "elapsed": 76.91639, "delta": 0.700002}}
{"target": -44.76727061146536, "params": {"C": 147.62577578747636, "epsilon": 0.7409128170650949, "gamma": 0.04610763446809011}, "datetime": {"datetime": "2021-09-24 16:40:08", "elapsed": 77.479661, "delta": 0.563271}}
{"target": -43.91689822400008, "params": {"C": 196.80818207795164, "epsilon": 4.963549808418761, "gamma": 0.004994831613146586}, "datetime": {"datetime": "2021-09-24 16:40:09", "elapsed": 78.206117, "delta": 0.726456}}
{"target": -44.51852149365305, "params": {"C": 161.99820682025745, "epsilon": 1.4175561222380029, "gamma": 0.017985954906724597}, "datetime": {"datetime": "2021-09-24 16:40:10", "elapsed": 79.079395, "delta": 0.873278}}
{"target": -44.12318726812426, "params": {"C": 142.92710125846716, "epsilon": 3.1630227905649715, "gamma": 0.01081265319389588}, "datetime": {"datetime": "2021-09-24 16:40:11", "elapsed": 79.750716, "delta": 0.671321}}
{"target": -44.31734228050136, "params": {"C": 117.72458546088188, "epsilon": 1.3086827702247756, "gamma": 0.03438406869977822}, "datetime": {"datetime": "2021-09-24 16:40:11", "elapsed": 80.627883, "delta": 0.877167}}
{"target": -46.25497358432561, "params": {"C": 147.37467244103127, "epsilon": 3.125697360266698, "gamma": 0.0815106904671585}, "datetime": {"datetime": "2021-09-24 16:40:12", "elapsed": 81.388681, "delta": 0.760798}}
{"target": -44.423057122425526, "params": {"C": 143.4050993778921, "epsilon": 1.009932576323391, "gamma": 0.027979522074892262}, "datetime": {"datetime": "2021-09-24 16:40:13", "elapsed": 82.364955, "delta": 0.976274}}
{"target": -45.59747785099337, "params": {"C": 113.51700011490924, "epsilon": 2.606053419940038, "gamma": 0.07061908421989763}, "datetime": {"datetime": "2021-09-24 16:40:14", "elapsed": 83.134785, "delta": 0.76983}}
{"target": -43.948454947731534, "params": {"C": 103.79005577371936, "epsilon": 3.059106277645474, "gamma": 0.010799559895775052}, "datetime": {"datetime": "2021-09-24 16:40:15", "elapsed": 83.804361, "delta": 0.669576}}
{"target": -44.53028636154043, "params": {"C": 149.52080888574116, "epsilon": 4.772712836942965, "gamma": 0.034869395978194086}, "datetime": {"datetime": "2021-09-24 16:40:15", "elapsed": 84.71036, "delta": 0.905999}}
{"target": -44.2557205105576, "params": {"C": 109.07595168652708, "epsilon": 3.101179593383058, "gamma": 0.02004092834279384}, "datetime": {"datetime": "2021-09-24 16:40:16", "elapsed": 85.298224, "delta": 0.587864}}
{"target": -44.2652454100472, "params": {"C": 119.89634220136878, "epsilon": 3.233189212585348, "gamma": 0.003876580313076361}, "datetime": {"datetime": "2021-09-24 16:40:17", "elapsed": 86.224193, "delta": 0.925969}}
{"target": -44.45910625856768, "params": {"C": 149.84818329141456, "epsilon": 2.1259307103970118, "gamma": 0.015492003568334283}, "datetime": {"datetime": "2021-09-24 16:40:18", "elapsed": 86.865194, "delta": 0.641001}}
{"target": -44.45344734051995, "params": {"C": 143.45583310299574, "epsilon": 3.392051206714471, "gamma": 0.03369688568746906}, "datetime": {"datetime": "2021-09-24 16:40:18", "elapsed": 87.565357, "delta": 0.700163}}
{"target": -44.96661396067873, "params": {"C": 120.00257743439269, "epsilon": 3.3258261693597784, "gamma": 0.05623958072124252}, "datetime": {"datetime": "2021-09-24 16:40:19", "elapsed": 88.324158, "delta": 0.758801}}
{"target": -44.1846390739269, "params": {"C": 143.36308589771784, "epsilon": 3.336733411460345, "gamma": 0.0038273214583178527}, "datetime": {"datetime": "2021-09-24 16:40:20", "elapsed": 89.316445, "delta": 0.992287}}
