{"target": 0.38332000456674464, "params": {"C": 101.22766916383296, "epsilon": 2.8908550567774354, "gamma": 0.0642099716904281}, "datetime": {"datetime": "2021-09-24 10:17:30", "elapsed": 231.889155, "delta": 2.873921}}
{"target": 0.38256565885525806, "params": {"C": 160.22639478206585, "epsilon": 1.0545640112365977, "gamma": 0.051070744852538506}, "datetime": {"datetime": "2021-09-24 10:17:31", "elapsed": 232.954697, "delta": 1.065542}}
{"target": 0.23983791182881287, "params": {"C": 185.72799506641172, "epsilon": 1.521380326332899, "gamma": 0.14191192649674764}, "datetime": {"datetime": "2021-09-24 10:17:32", "elapsed": 234.363455, "delta": 1.408758}}
{"target": 0.43358784065455647, "params": {"C": 101.17356051148234, "epsilon": 2.745966119701074, "gamma": 0.002988791691481988}, "datetime": {"datetime": "2021-09-24 10:17:34", "elapsed": 235.90408, "delta": 1.540625}}
{"target": 0.40208127116280135, "params": {"C": 146.21835029910585, "epsilon": 1.48637095682992, "gamma": 0.03486947844234405}, "datetime": {"datetime": "2021-09-24 10:17:36", "elapsed": 238.07884, "delta": 2.17476}}
{"target": 0.4304792402137836, "params": {"C": 110.00119760680764, "epsilon": 2.0273423483884523, "gamma": 0.0038661802039630807}, "datetime": {"datetime": "2021-09-24 10:17:37", "elapsed": 239.208762, "delta": 1.129922}}
{"target": 0.35830681793947106, "params": {"C": 109.9411892981086, "epsilon": 2.042085324281022, "gamma": 0.0791920844780695}, "datetime": {"datetime": "2021-09-24 10:17:39", "elapsed": 241.683462, "delta": 2.4747}}
{"target": 0.2516293876093604, "params": {"C": 197.82300844588394, "epsilon": 1.8242738503595284, "gamma": 0.12591302346856584}, "datetime": {"datetime": "2021-09-24 10:17:41", "elapsed": 242.96884, "delta": 1.285378}}
{"target": 0.41450952423727405, "params": {"C": 178.69402598961642, "epsilon": 1.5628979651652737, "gamma": 0.01189992599975645}, "datetime": {"datetime": "2021-09-24 10:17:43", "elapsed": 245.49522, "delta": 2.52638}}
{"target": 0.40119246588677904, "params": {"C": 149.92763274483846, "epsilon": 2.123472318377886, "gamma": 0.03395655912443788}, "datetime": {"datetime": "2021-09-24 10:17:44", "elapsed": 246.652194, "delta": 1.156974}}
{"target": 0.42290488953770644, "params": {"C": 171.86112454165445, "epsilon": 2.282358836816875, "gamma": 0.0010081921310864056}, "datetime": {"datetime": "2021-09-24 10:17:46", "elapsed": 247.909505, "delta": 1.257311}}
{"target": 0.34418903823084357, "params": {"C": 148.13840090503356, "epsilon": 1.0035702807584903, "gamma": 0.0749676756930346}, "datetime": {"datetime": "2021-09-24 10:17:47", "elapsed": 249.365362, "delta": 1.455857}}
{"target": 0.39956426944299384, "params": {"C": 101.26493172781787, "epsilon": 2.744363120513497, "gamma": 0.050511096377014696}, "datetime": {"datetime": "2021-09-24 10:17:49", "elapsed": 251.405052, "delta": 2.03969}}
{"target": 0.40439789137846016, "params": {"C": 122.61500507304386, "epsilon": 1.9752750238108812, "gamma": 0.039888202909515606}, "datetime": {"datetime": "2021-09-24 10:17:51", "elapsed": 253.730663, "delta": 2.325611}}
{"target": 0.3460807945474029, "params": {"C": 101.1256094513742, "epsilon": 2.7773314822380852, "gamma": 0.09709636611933739}, "datetime": {"datetime": "2021-09-24 10:17:54", "elapsed": 255.926369, "delta": 2.195706}}
{"target": 0.41822822622507605, "params": {"C": 196.7895119641384, "epsilon": 2.914879997565963, "gamma": 0.011997279308935958}, "datetime": {"datetime": "2021-09-24 10:17:56", "elapsed": 258.447205, "delta": 2.520836}}
{"target": 0.40757675892985634, "params": {"C": 156.54035282681974, "epsilon": 2.6704954653356245, "gamma": 0.028730086071156905}, "datetime": {"datetime": "2021-09-24 10:17:58", "elapsed": 260.737086, "delta": 2.289881}}
{"target": 0.3504440410801354, "params": {"C": 162.6401772710268, "epsilon": 1.2443073108694447, "gamma": 0.06623825383944736}, "datetime": {"datetime": "2021-09-24 10:18:01", "elapsed": 262.864437, "delta": 2.127351}}
{"target": 0.36675530012990964, "params": {"C": 118.02869892389684, "epsilon": 2.495955159560876, "gamma": 0.06886399364477384}, "datetime": {"datetime": "2021-09-24 10:18:02", "elapsed": 264.22249, "delta": 1.358053}}
{"target": 0.3843925669022721, "params": {"C": 133.22694686686395, "epsilon": 2.618282447380636, "gamma": 0.054838614544983844}, "datetime": {"datetime": "2021-09-24 10:18:03", "elapsed": 265.509194, "delta": 1.286704}}
{"target": 0.40244894568098133, "params": {"C": 156.6021842960231, "epsilon": 2.751597359056765, "gamma": 0.031205393433560585}, "datetime": {"datetime": "2021-09-24 10:18:06", "elapsed": 268.485096, "delta": 2.975902}}
{"target": 0.2342057514883863, "params": {"C": 198.6580251032276, "epsilon": 2.017396169267496, "gamma": 0.1401249909409989}, "datetime": {"datetime": "2021-09-24 10:18:08", "elapsed": 270.061375, "delta": 1.576279}}
{"target": 0.42157693266840235, "params": {"C": 118.31110431032673, "epsilon": 2.810844448035751, "gamma": 0.020459651240391712}, "datetime": {"datetime": "2021-09-24 10:18:09", "elapsed": 271.310986, "delta": 1.249611}}
{"target": 0.4144529524601983, "params": {"C": 156.6066269058288, "epsilon": 1.2307999997366608, "gamma": 0.017579379609800036}, "datetime": {"datetime": "2021-09-24 10:18:10", "elapsed": 272.645203, "delta": 1.334217}}
{"target": 0.4322226699536996, "params": {"C": 148.64431290800778, "epsilon": 2.8698742371760457, "gamma": 0.009129262416857452}, "datetime": {"datetime": "2021-09-24 10:18:13", "elapsed": 274.946692, "delta": 2.301489}}
{"target": 0.31774121327474547, "params": {"C": 114.07601352503781, "epsilon": 1.190487324410097, "gamma": 0.12241870777094443}, "datetime": {"datetime": "2021-09-24 10:18:14", "elapsed": 276.233508, "delta": 1.286816}}
{"target": 0.4105183979096553, "params": {"C": 113.56793649811206, "epsilon": 2.068595126755967, "gamma": 0.035780664471387925}, "datetime": {"datetime": "2021-09-24 10:18:16", "elapsed": 278.704792, "delta": 2.471284}}
{"target": 0.40694115485324966, "params": {"C": 149.1816521006059, "epsilon": 1.2921724997833997, "gamma": 0.028767792357525267}, "datetime": {"datetime": "2021-09-24 10:18:18", "elapsed": 280.014925, "delta": 1.310133}}
{"target": 0.41287855109429294, "params": {"C": 192.7763103609627, "epsilon": 1.237433025160362, "gamma": 0.014966583415877819}, "datetime": {"datetime": "2021-09-24 10:18:20", "elapsed": 282.416565, "delta": 2.40164}}
{"target": 0.40604676284962204, "params": {"C": 188.94218603045195, "epsilon": 2.0402857418679297, "gamma": 0.0005}, "datetime": {"datetime": "2021-09-24 10:18:23", "elapsed": 284.999021, "delta": 2.582456}}
{"target": 0.36178482643566934, "params": {"C": 161.03860471620874, "epsilon": 1.603077843648441, "gamma": 0.05936137760372849}, "datetime": {"datetime": "2021-09-24 10:18:24", "elapsed": 286.624484, "delta": 1.625463}}
{"target": 0.3116731559996422, "params": {"C": 118.8086377005875, "epsilon": 2.522162021250737, "gamma": 0.12601485526747003}, "datetime": {"datetime": "2021-09-24 10:18:26", "elapsed": 288.182225, "delta": 1.557741}}
{"target": 0.4076907787259316, "params": {"C": 146.32541346643407, "epsilon": 1.520683740197607, "gamma": 0.028615712716096076}, "datetime": {"datetime": "2021-09-24 10:18:30", "elapsed": 291.912543, "delta": 3.730318}}
{"target": 0.4298787450526137, "params": {"C": 117.87281224834202, "epsilon": 1.7381659263956486, "gamma": 0.012312368010044556}, "datetime": {"datetime": "2021-09-24 10:18:33", "elapsed": 295.032939, "delta": 3.120396}}
{"target": 0.3698435817255574, "params": {"C": 174.10009263381062, "epsilon": 2.355453179769386, "gamma": 0.05347907957613352}, "datetime": {"datetime": "2021-09-24 10:18:34", "elapsed": 296.619617, "delta": 1.586678}}
{"target": 0.3337629774964793, "params": {"C": 117.9119500695391, "epsilon": 1.7859276620868274, "gamma": 0.09852667254080376}, "datetime": {"datetime": "2021-09-24 10:18:36", "elapsed": 298.516708, "delta": 1.897091}}
{"target": 0.3571922906886851, "params": {"C": 196.6591737796036, "epsilon": 2.975373424835424, "gamma": 0.05580967091586838}, "datetime": {"datetime": "2021-09-24 10:18:39", "elapsed": 301.226116, "delta": 2.709408}}
{"target": 0.3768804471851219, "params": {"C": 192.8464912921417, "epsilon": 1.1717048276214659, "gamma": 0.047384807880399754}, "datetime": {"datetime": "2021-09-24 10:18:42", "elapsed": 304.036524, "delta": 2.810408}}
{"target": 0.35431436537379035, "params": {"C": 166.15188299479502, "epsilon": 2.384805849471717, "gamma": 0.06299030018138543}, "datetime": {"datetime": "2021-09-24 10:18:43", "elapsed": 305.225165, "delta": 1.188641}}
{"target": 0.3155159948481978, "params": {"C": 178.59433928354662, "epsilon": 1.8847278774857237, "gamma": 0.08938835227489685}, "datetime": {"datetime": "2021-09-24 10:18:45", "elapsed": 306.859257, "delta": 1.634092}}
{"target": 0.347082960488732, "params": {"C": 156.44719286323686, "epsilon": 2.7216642539005154, "gamma": 0.0706313342911506}, "datetime": {"datetime": "2021-09-24 10:18:47", "elapsed": 309.608602, "delta": 2.749345}}
{"target": 0.3973796809926924, "params": {"C": 114.92118544612731, "epsilon": 2.5141047748422247, "gamma": 0.04966609969051214}, "datetime": {"datetime": "2021-09-24 10:18:49", "elapsed": 310.948263, "delta": 1.339661}}
{"target": 0.3885805378710854, "params": {"C": 148.72669700644596, "epsilon": 2.83327535509936, "gamma": 0.0005}, "datetime": {"datetime": "2021-09-24 10:18:52", "elapsed": 314.06847, "delta": 3.120207}}
{"target": 0.41236526379592775, "params": {"C": 117.8024462895611, "epsilon": 1.6639657679745603, "gamma": 0.03141302898916621}, "datetime": {"datetime": "2021-09-24 10:18:54", "elapsed": 316.849463, "delta": 2.780993}}
{"target": 0.401812935949975, "params": {"C": 178.761258843619, "epsilon": 1.4964886638576356, "gamma": 0.0005}, "datetime": {"datetime": "2021-09-24 10:18:57", "elapsed": 319.744476, "delta": 2.895013}}
{"target": 0.4103666879496001, "params": {"C": 195.64845201542988, "epsilon": 2.062190532934802, "gamma": 0.017942535330958746}, "datetime": {"datetime": "2021-09-24 10:18:59", "elapsed": 321.068202, "delta": 1.323726}}
{"target": 0.31635745200153487, "params": {"C": 155.03747957993892, "epsilon": 1.6977326715149794, "gamma": 0.09784331177645607}, "datetime": {"datetime": "2021-09-24 10:19:00", "elapsed": 322.634856, "delta": 1.566654}}
{"target": 0.3812484648842265, "params": {"C": 191.43544246773268, "epsilon": 1.5655746576824616, "gamma": 0.04591436453983505}, "datetime": {"datetime": "2021-09-24 10:19:02", "elapsed": 324.495048, "delta": 1.860192}}
{"target": 0.3169003193139076, "params": {"C": 144.22410917377124, "epsilon": 2.760944286083378, "gamma": 0.10359494555540968}, "datetime": {"datetime": "2021-09-24 10:19:05", "elapsed": 327.840139, "delta": 3.345091}}
{"target": 0.4066262401489532, "params": {"C": 110.08586361743164, "epsilon": 1.9978135287568417, "gamma": 0.041320091569473}, "datetime": {"datetime": "2021-09-24 10:19:09", "elapsed": 331.249825, "delta": 3.409686}}
{"target": 0.43541451556452493, "params": {"C": 110.04137464234714, "epsilon": 2.1061204258595927, "gamma": 0.0045594249234138726}, "datetime": {"datetime": "2021-09-24 10:19:12", "elapsed": 334.195268, "delta": 2.945443}}
{"target": 0.42248867208567176, "params": {"C": 117.91999180205963, "epsilon": 1.621166144284854, "gamma": 0.0014505624549858976}, "datetime": {"datetime": "2021-09-24 10:19:15", "elapsed": 337.246556, "delta": 3.051288}}
{"target": 0.41720230090960664, "params": {"C": 144.32766558355559, "epsilon": 2.811155066758283, "gamma": 0.01880896066033492}, "datetime": {"datetime": "2021-09-24 10:19:18", "elapsed": 339.977999, "delta": 2.731443}}
{"target": 0.4172680190281729, "params": {"C": 110.03203119231908, "epsilon": 2.222407494152306, "gamma": 0.03159806824027004}, "datetime": {"datetime": "2021-09-24 10:19:21", "elapsed": 343.802952, "delta": 3.824953}}
{"target": 0.43630384822207824, "params": {"C": 112.47898195268546, "epsilon": 1.47183063862827, "gamma": 0.007333501968909022}, "datetime": {"datetime": "2021-09-24 10:19:24", "elapsed": 346.432024, "delta": 2.629072}}
{"target": 0.3113424068937293, "params": {"C": 131.97330227053848, "epsilon": 1.7638272116050506, "gamma": 0.11591182806219565}, "datetime": {"datetime": "2021-09-24 10:19:26", "elapsed": 348.316943, "delta": 1.884919}}
{"target": 0.3555403600952617, "params": {"C": 126.32290105834672, "epsilon": 2.707793747764292, "gamma": 0.0737784320599521}, "datetime": {"datetime": "2021-09-24 10:19:27", "elapsed": 349.741724, "delta": 1.424781}}
{"target": 0.4122209105496585, "params": {"C": 112.4316295389143, "epsilon": 1.3899323783450324, "gamma": 0.03342985350213971}, "datetime": {"datetime": "2021-09-24 10:19:31", "elapsed": 353.147402, "delta": 3.405678}}
{"target": 0.3491034834703478, "params": {"C": 127.88365354391759, "epsilon": 1.4311935679128298, "gamma": 0.07895176588103416}, "datetime": {"datetime": "2021-09-24 10:19:32", "elapsed": 354.522544, "delta": 1.375142}}
{"target": 0.27334477380490996, "params": {"C": 159.79682714051188, "epsilon": 1.088033739625699, "gamma": 0.130401888545879}, "datetime": {"datetime": "2021-09-24 10:19:34", "elapsed": 355.956207, "delta": 1.433663}}
{"target": 0.41806473679002265, "params": {"C": 110.15890712272328, "epsilon": 2.1259833595988447, "gamma": 0.02936305555513015}, "datetime": {"datetime": "2021-09-24 10:19:37", "elapsed": 359.175637, "delta": 3.21943}}
{"target": 0.40710594019321544, "params": {"C": 112.54535389613372, "epsilon": 1.4350017116988247, "gamma": 0.040434676320463575}, "datetime": {"datetime": "2021-09-24 10:19:40", "elapsed": 362.441057, "delta": 3.26542}}
{"target": 0.3492577591543584, "params": {"C": 110.08899986377752, "epsilon": 2.1074840003977853, "gamma": 0.08854902021153528}, "datetime": {"datetime": "2021-09-24 10:19:44", "elapsed": 366.508968, "delta": 4.067911}}
{"target": 0.4001477477221268, "params": {"C": 129.2006367846105, "epsilon": 1.1852752650266156, "gamma": 0.048468856138106205}, "datetime": {"datetime": "2021-09-24 10:19:46", "elapsed": 368.230148, "delta": 1.72118}}
{"target": 0.42650670370650823, "params": {"C": 113.34637774856593, "epsilon": 2.072632183875085, "gamma": 0.014356852841377358}, "datetime": {"datetime": "2021-09-24 10:19:49", "elapsed": 370.915957, "delta": 2.685809}}
{"target": 0.4160259487137984, "params": {"C": 112.36155494625788, "epsilon": 1.4879317285231126, "gamma": 0.02564429302082254}, "datetime": {"datetime": "2021-09-24 10:19:52", "elapsed": 374.512163, "delta": 3.596206}}
{"target": 0.42381635465666934, "params": {"C": 144.26556622859962, "epsilon": 2.9020298417864345, "gamma": 0.013969080381145346}, "datetime": {"datetime": "2021-09-24 10:19:55", "elapsed": 377.662018, "delta": 3.149855}}
{"target": 0.28059579140419044, "params": {"C": 137.40276687343797, "epsilon": 1.7275539310176478, "gamma": 0.14079389628815175}, "datetime": {"datetime": "2021-09-24 10:19:57", "elapsed": 379.11836, "delta": 1.456342}}
{"target": 0.3619580448480405, "params": {"C": 112.49376635787985, "epsilon": 1.6012368809391757, "gamma": 0.07493355790212082}, "datetime": {"datetime": "2021-09-24 10:20:01", "elapsed": 382.893286, "delta": 3.774926}}
{"target": 0.3666381467778055, "params": {"C": 110.13273772648245, "epsilon": 2.247636753097733, "gamma": 0.0719781449281334}, "datetime": {"datetime": "2021-09-24 10:20:04", "elapsed": 386.17752, "delta": 3.284234}}
{"target": 0.3692692964396236, "params": {"C": 110.18929123609233, "epsilon": 2.0393767738138613, "gamma": 0.0005}, "datetime": {"datetime": "2021-09-24 10:20:08", "elapsed": 390.620735, "delta": 4.443215}}
{"target": 0.30373388477628604, "params": {"C": 164.3173564514138, "epsilon": 1.5740050460868247, "gamma": 0.10381785654069113}, "datetime": {"datetime": "2021-09-24 10:20:10", "elapsed": 392.18711, "delta": 1.566375}}
{"target": 0.4324226136431216, "params": {"C": 192.8629146406255, "epsilon": 1.5374016475895957, "gamma": 0.005707352157239267}, "datetime": {"datetime": "2021-09-24 10:20:11", "elapsed": 393.704909, "delta": 1.517799}}
{"target": 0.38755184446658153, "params": {"C": 142.08648766045184, "epsilon": 2.569320897798259, "gamma": 0.0510028379759028}, "datetime": {"datetime": "2021-09-24 10:20:13", "elapsed": 395.165284, "delta": 1.460375}}
{"target": 0.4072119193625663, "params": {"C": 192.77292814703168, "epsilon": 1.5418737013043127, "gamma": 0.0005}, "datetime": {"datetime": "2021-09-24 10:20:16", "elapsed": 397.981326, "delta": 2.816042}}
{"target": 0.3505727167834384, "params": {"C": 130.69512825981286, "epsilon": 2.821320511921522, "gamma": 0.07720612771176989}, "datetime": {"datetime": "2021-09-24 10:20:19", "elapsed": 400.931462, "delta": 2.950136}}
{"target": 0.3367522147446256, "params": {"C": 100.9131146892251, "epsilon": 1.4611187766656888, "gamma": 0.10815845774681043}, "datetime": {"datetime": "2021-09-24 10:20:20", "elapsed": 402.623431, "delta": 1.691969}}
{"target": 0.32101197742480947, "params": {"C": 172.02430709693994, "epsilon": 2.6358562551049545, "gamma": 0.08651922679316937}, "datetime": {"datetime": "2021-09-24 10:20:22", "elapsed": 404.185494, "delta": 1.562063}}
{"target": 0.3367499516372119, "params": {"C": 192.86570741064776, "epsilon": 1.607750256085614, "gamma": 0.06871513199129577}, "datetime": {"datetime": "2021-09-24 10:20:25", "elapsed": 407.319293, "delta": 3.133799}}
{"target": 0.42123395608415404, "params": {"C": 130.76224283436156, "epsilon": 2.6754993569810193, "gamma": 0.018211673260713577}, "datetime": {"datetime": "2021-09-24 10:20:28", "elapsed": 410.598131, "delta": 3.278838}}
{"target": 0.3367542317423443, "params": {"C": 185.55247609426397, "epsilon": 1.8491963835038638, "gamma": 0.07084527164325063}, "datetime": {"datetime": "2021-09-24 10:20:30", "elapsed": 412.103539, "delta": 1.505408}}
{"target": 0.2960331268134383, "params": {"C": 170.5150689889532, "epsilon": 2.8024993789077515, "gamma": 0.10858943621151008}, "datetime": {"datetime": "2021-09-24 10:20:31", "elapsed": 413.75276, "delta": 1.649221}}
{"target": 0.28020596323462954, "params": {"C": 194.92753310330576, "epsilon": 2.00067482300971, "gamma": 0.10868538980977191}, "datetime": {"datetime": "2021-09-24 10:20:33", "elapsed": 415.783541, "delta": 2.030781}}
{"target": 0.32948302359943626, "params": {"C": 118.27657489638838, "epsilon": 2.781810700312202, "gamma": 0.10461909951150526}, "datetime": {"datetime": "2021-09-24 10:20:37", "elapsed": 419.188645, "delta": 3.405104}}
{"target": 0.3970471318450869, "params": {"C": 178.0154922190755, "epsilon": 1.7324670944751341, "gamma": 0.03229843077331252}, "datetime": {"datetime": "2021-09-24 10:20:39", "elapsed": 421.115405, "delta": 1.92676}}
{"target": 0.39831311821827864, "params": {"C": 171.83056781041702, "epsilon": 2.211610278670044, "gamma": 0.031872914504225344}, "datetime": {"datetime": "2021-09-24 10:20:43", "elapsed": 425.246202, "delta": 4.130797}}
{"target": 0.43200933437058353, "params": {"C": 101.22168286133872, "epsilon": 2.6637116975287265, "gamma": 0.0024778117538606626}, "datetime": {"datetime": "2021-09-24 10:20:47", "elapsed": 428.953566, "delta": 3.707364}}
{"target": 0.41447222477402457, "params": {"C": 192.80236684635338, "epsilon": 1.4133567964869511, "gamma": 0.011162677195147509}, "datetime": {"datetime": "2021-09-24 10:20:50", "elapsed": 431.957207, "delta": 3.003641}}
{"target": 0.33545400961217453, "params": {"C": 170.15706441301015, "epsilon": 2.102773784147246, "gamma": 0.07579300056644518}, "datetime": {"datetime": "2021-09-24 10:20:51", "elapsed": 433.65822, "delta": 1.701013}}
{"target": 0.35549339767672905, "params": {"C": 162.5096920989692, "epsilon": 2.4218196877899287, "gamma": 0.0630127139831733}, "datetime": {"datetime": "2021-09-24 10:20:53", "elapsed": 435.690577, "delta": 2.032357}}
{"target": 0.34489090582879656, "params": {"C": 178.61541077691075, "epsilon": 2.557881837058267, "gamma": 0.06684562990373731}, "datetime": {"datetime": "2021-09-24 10:20:55", "elapsed": 437.283063, "delta": 1.592486}}
{"target": 0.33004321336219344, "params": {"C": 112.4135152664502, "epsilon": 1.439289834525485, "gamma": 0.10683638041040112}, "datetime": {"datetime": "2021-09-24 10:21:04", "elapsed": 446.331831, "delta": 3.864586}}
{"target": 0.3683461767052444, "params": {"C": 185.21666191047655, "epsilon": 2.290569843853404, "gamma": 0.0522740416876836}, "datetime": {"datetime": "2021-09-24 10:21:06", "elapsed": 448.223383, "delta": 1.891552}}
{"target": 0.39719058997078993, "params": {"C": 199.02590853498623, "epsilon": 1.424466253281881, "gamma": 0.029254822990415857}, "datetime": {"datetime": "2021-09-24 10:21:08", "elapsed": 450.672706, "delta": 2.449323}}
{"target": 0.41191104544652213, "params": {"C": 191.39116853885133, "epsilon": 1.76340210417187, "gamma": 0.016436065738043276}, "datetime": {"datetime": "2021-09-24 10:21:10", "elapsed": 452.24576, "delta": 1.573054}}
{"target": 0.38833981335887846, "params": {"C": 117.16595933597895, "epsilon": 2.996535550295692, "gamma": 0.05545638185257969}, "datetime": {"datetime": "2021-09-24 10:21:12", "elapsed": 454.463389, "delta": 2.217629}}
{"target": 0.33827557649227813, "params": {"C": 105.6002738730582, "epsilon": 1.2950946798233947, "gamma": 0.10287059755319045}, "datetime": {"datetime": "2021-09-24 10:21:14", "elapsed": 456.63206, "delta": 2.168671}}
{"target": 0.37433972102835267, "params": {"C": 117.77854609541902, "epsilon": 1.7632394182529623, "gamma": 0.0005}, "datetime": {"datetime": "2021-09-24 10:21:19", "elapsed": 461.472394, "delta": 4.840334}}
{"target": 0.39564111406916547, "params": {"C": 162.6611483311252, "epsilon": 1.1049410903112238, "gamma": 0.0005}, "datetime": {"datetime": "2021-09-24 10:21:24", "elapsed": 466.170859, "delta": 4.698465}}
{"target": 0.4337714645905679, "params": {"C": 113.27017966691058, "epsilon": 2.0451041298148085, "gamma": 0.005671101555012945}, "datetime": {"datetime": "2021-09-24 10:21:27", "elapsed": 469.461129, "delta": 3.29027}}
