{"target": 0.44332757654587585, "params": {"C": 277.27468314935146, "epsilon": 2.02358713977184, "gamma": 0.007005728336144032}, "datetime": {"datetime": "2021-09-24 10:57:35", "elapsed": 543.394944, "delta": 3.509301}}
{"target": 0.42583135068241096, "params": {"C": 399.7849405470635, "epsilon": 0.03568173607304, "gamma": 0.013286742368587165}, "datetime": {"datetime": "2021-09-24 10:57:40", "elapsed": 548.009993, "delta": 4.615049}}
{"target": 0.39396409008366795, "params": {"C": 277.21106393672045, "epsilon": 2.0988994228086573, "gamma": 0.02384742839693663}, "datetime": {"datetime": "2021-09-24 10:57:44", "elapsed": 551.822576, "delta": 3.812583}}
{"target": 0.4336898584593627, "params": {"C": 335.0095246127916, "epsilon": 0.19529917213835318, "gamma": 0.005477748737245197}, "datetime": {"datetime": "2021-09-24 10:57:48", "elapsed": 556.331563, "delta": 4.508987}}
{"target": 0.40936530259291826, "params": {"C": 334.79919461457825, "epsilon": 0.25740858187785276, "gamma": 0.017507640484766974}, "datetime": {"datetime": "2021-09-24 10:57:53", "elapsed": 560.493916, "delta": 4.162353}}
{"target": 0.2906804722814431, "params": {"C": 277.28064257373387, "epsilon": 2.0104777080068192, "gamma": 0.0646581680855724}, "datetime": {"datetime": "2021-09-24 10:57:56", "elapsed": 563.707431, "delta": 3.213515}}
{"target": 0.33183576475191934, "params": {"C": 319.66940554942653, "epsilon": 0.2660148463549259, "gamma": 0.03507720697344548}, "datetime": {"datetime": "2021-09-24 10:57:59", "elapsed": 567.081655, "delta": 3.374224}}
{"target": 0.15568480763864834, "params": {"C": 273.6230976834096, "epsilon": 0.4563283959310349, "gamma": 0.1288055135473304}, "datetime": {"datetime": "2021-09-24 10:58:01", "elapsed": 569.127671, "delta": 2.046016}}
{"target": 0.27737548959030367, "params": {"C": 357.4554508400239, "epsilon": 2.0616880799933446, "gamma": 0.058588320857487865}, "datetime": {"datetime": "2021-09-24 10:58:04", "elapsed": 572.344814, "delta": 3.217143}}
{"target": 0.29019755272215275, "params": {"C": 385.9462108953124, "epsilon": 0.9805448894646717, "gamma": 0.04295866531916895}, "datetime": {"datetime": "2021-09-24 10:58:06", "elapsed": 574.189556, "delta": 1.844742}}
{"target": 0.43566344937667256, "params": {"C": 334.6033704811268, "epsilon": 2.6600385632232597, "gamma": 0.01209648848161209}, "datetime": {"datetime": "2021-09-24 10:58:09", "elapsed": 577.292518, "delta": 3.102962}}
{"target": 0.1821019084718637, "params": {"C": 298.02790691122357, "epsilon": 0.6309668318908196, "gamma": 0.1056116321441295}, "datetime": {"datetime": "2021-09-24 10:58:11", "elapsed": 579.09748, "delta": 1.804962}}
{"target": 0.43372131255235735, "params": {"C": 390.0523469932905, "epsilon": 1.3436341825656783, "gamma": 0.011672833394558952}, "datetime": {"datetime": "2021-09-24 10:58:13", "elapsed": 581.10257, "delta": 2.00509}}
{"target": 0.2801118455114012, "params": {"C": 333.2618489053649, "epsilon": 0.9907505659461228, "gamma": 0.05508757704609385}, "datetime": {"datetime": "2021-09-24 10:58:17", "elapsed": 584.952267, "delta": 3.849697}}
{"target": 0.29226346155656513, "params": {"C": 334.4768808417022, "epsilon": 2.7492366495034872, "gamma": 0.05113408565283499}, "datetime": {"datetime": "2021-09-24 10:58:23", "elapsed": 591.170365, "delta": 6.218098}}
{"target": 0.42618028933906105, "params": {"C": 259.9567733149079, "epsilon": 2.627114100948439, "gamma": 0.001}, "datetime": {"datetime": "2021-09-24 10:58:28", "elapsed": 595.758944, "delta": 4.588579}}
{"target": 0.2987720570827923, "params": {"C": 390.08144587222125, "epsilon": 1.2646219087670965, "gamma": 0.039541754158616535}, "datetime": {"datetime": "2021-09-24 10:58:31", "elapsed": 599.321021, "delta": 3.562077}}
{"target": 0.42723073986514515, "params": {"C": 383.6327022426073, "epsilon": 1.5134020330693785, "gamma": 0.0035259408073106653}, "datetime": {"datetime": "2021-09-24 10:58:36", "elapsed": 604.1648, "delta": 4.843779}}
{"target": 0.29685502904489336, "params": {"C": 259.8696219472797, "epsilon": 2.5847291630932827, "gamma": 0.06531345896145181}, "datetime": {"datetime": "2021-09-24 10:58:39", "elapsed": 607.472871, "delta": 3.308071}}
{"target": 0.430464531576784, "params": {"C": 389.45441863190854, "epsilon": 0.2240382857664119, "gamma": 0.004816230437356341}, "datetime": {"datetime": "2021-09-24 10:58:43", "elapsed": 611.193611, "delta": 3.72074}}
{"target": 0.4474853377067669, "params": {"C": 266.60408424374435, "epsilon": 1.2041191247174077, "gamma": 0.007953064189913851}, "datetime": {"datetime": "2021-09-24 10:58:45", "elapsed": 613.438608, "delta": 2.244997}}
{"target": 0.24578058822957127, "params": {"C": 389.53737808370454, "epsilon": 0.2045966180037876, "gamma": 0.0680903938054511}, "datetime": {"datetime": "2021-09-24 10:58:50", "elapsed": 617.842404, "delta": 4.403796}}
{"target": 0.2757033020076911, "params": {"C": 267.81270318816433, "epsilon": 2.76171001766885, "gamma": 0.07793988618875755}, "datetime": {"datetime": "2021-09-24 10:58:52", "elapsed": 620.214017, "delta": 2.371613}}
{"target": 0.44852164599803357, "params": {"C": 266.47674981249395, "epsilon": 1.2308066919451992, "gamma": 0.010538726999529326}, "datetime": {"datetime": "2021-09-24 10:58:57", "elapsed": 625.27753, "delta": 5.063513}}
{"target": 0.390282103718827, "params": {"C": 384.4489799117955, "epsilon": 2.142929377823509, "gamma": 0.020438282111292155}, "datetime": {"datetime": "2021-09-24 10:59:00", "elapsed": 627.6402, "delta": 2.36267}}
{"target": 0.3286805822886626, "params": {"C": 266.4069146704978, "epsilon": 1.3181766730481113, "gamma": 0.042201215411865285}, "datetime": {"datetime": "2021-09-24 10:59:05", "elapsed": 633.002293, "delta": 5.362093}}
{"target": 0.2437028003906414, "params": {"C": 390.04708214404263, "epsilon": 1.4645814514725537, "gamma": 0.06949521496945935}, "datetime": {"datetime": "2021-09-24 10:59:10", "elapsed": 637.754466, "delta": 4.752173}}
{"target": 0.44806774234621427, "params": {"C": 286.63194595258415, "epsilon": 0.83822551477723, "gamma": 0.008220634206470404}, "datetime": {"datetime": "2021-09-24 10:59:12", "elapsed": 640.43991, "delta": 2.685444}}
{"target": 0.28797680879373666, "params": {"C": 286.5769623845431, "epsilon": 0.8773963175876599, "gamma": 0.058129440105833236}, "datetime": {"datetime": "2021-09-24 10:59:16", "elapsed": 644.246176, "delta": 3.806266}}
{"target": 0.15631430148984993, "params": {"C": 266.6069539049354, "epsilon": 1.2568595303998895, "gamma": 0.14098200555887583}, "datetime": {"datetime": "2021-09-24 10:59:21", "elapsed": 648.519185, "delta": 4.273009}}
{"target": 0.28571147943828656, "params": {"C": 286.6429784610506, "epsilon": 0.8014307610456944, "gamma": 0.06257876082077947}, "datetime": {"datetime": "2021-09-24 10:59:27", "elapsed": 655.431206, "delta": 6.912021}}
{"target": 0.38751865481313064, "params": {"C": 389.3614344191543, "epsilon": 0.218983484716061, "gamma": 0.019597960287170004}, "datetime": {"datetime": "2021-09-24 10:59:31", "elapsed": 659.189227, "delta": 3.758021}}
{"target": 0.24006978490283892, "params": {"C": 368.85825632857313, "epsilon": 2.53192352309371, "gamma": 0.07308132717544409}, "datetime": {"datetime": "2021-09-24 10:59:34", "elapsed": 661.538944, "delta": 2.349717}}
{"target": 0.2858840610118746, "params": {"C": 251.25101583372168, "epsilon": 1.3187229036106807, "gamma": 0.07493829169118264}, "datetime": {"datetime": "2021-09-24 10:59:36", "elapsed": 663.855943, "delta": 2.316999}}
{"target": 0.19051289299516672, "params": {"C": 334.5994910395061, "epsilon": 2.629149723390933, "gamma": 0.0933722002111122}, "datetime": {"datetime": "2021-09-24 10:59:42", "elapsed": 669.957462, "delta": 6.101519}}
{"target": 0.21109783258573755, "params": {"C": 292.59711486969206, "epsilon": 1.2525381513395397, "gamma": 0.09672174278332737}, "datetime": {"datetime": "2021-09-24 10:59:45", "elapsed": 672.784613, "delta": 2.827151}}
{"target": 0.3689970605920523, "params": {"C": 286.7250868607806, "epsilon": 0.9086234302788256, "gamma": 0.028964196883794993}, "datetime": {"datetime": "2021-09-24 10:59:50", "elapsed": 678.147971, "delta": 5.363358}}
{"target": 0.19129914217107014, "params": {"C": 263.4515634913387, "epsilon": 1.7193229263049132, "gamma": 0.11288224380314167}, "datetime": {"datetime": "2021-09-24 10:59:53", "elapsed": 680.789514, "delta": 2.641543}}
{"target": 0.1830852145969486, "params": {"C": 378.2712887798808, "epsilon": 0.9203097740575605, "gamma": 0.08743455088124027}, "datetime": {"datetime": "2021-09-24 10:59:56", "elapsed": 683.518681, "delta": 2.729167}}
{"target": 0.3226897229874679, "params": {"C": 259.9731404587895, "epsilon": 2.7035599471768963, "gamma": 0.04894760068304639}, "datetime": {"datetime": "2021-09-24 11:00:00", "elapsed": 687.84253, "delta": 4.323849}}
{"target": 0.4220733928945767, "params": {"C": 389.9650713977813, "epsilon": 1.3344876386272584, "gamma": 0.001}, "datetime": {"datetime": "2021-09-24 11:00:05", "elapsed": 692.806834, "delta": 4.964304}}
{"target": 0.15856672451257947, "params": {"C": 261.8540215141295, "epsilon": 1.258684956641508, "gamma": 0.14136673740722963}, "datetime": {"datetime": "2021-09-24 11:00:07", "elapsed": 695.351313, "delta": 2.544479}}
{"target": 0.44816573682120553, "params": {"C": 266.50178448932814, "epsilon": 1.1427179617977954, "gamma": 0.010709882302802634}, "datetime": {"datetime": "2021-09-24 11:00:13", "elapsed": 700.66373, "delta": 5.312417}}
{"target": 0.3366298024554666, "params": {"C": 335.08150378971925, "epsilon": 0.07617145756277827, "gamma": 0.032757676051580066}, "datetime": {"datetime": "2021-09-24 11:00:17", "elapsed": 704.902153, "delta": 4.238423}}
{"target": 0.22512317958750028, "params": {"C": 300.1782394112105, "epsilon": 2.8459436615543514, "gamma": 0.08982897169164367}, "datetime": {"datetime": "2021-09-24 11:00:20", "elapsed": 707.585472, "delta": 2.683319}}
{"target": 0.41616802373132156, "params": {"C": 299.6142897829306, "epsilon": 0.2892665980725554, "gamma": 0.0020332019832663387}, "datetime": {"datetime": "2021-09-24 11:00:22", "elapsed": 709.924422, "delta": 2.33895}}
