{"target": 0.42891344649442975, "params": {"C": 60.4222541110273, "epsilon": 0.9297345902427043, "gamma": 0.03263142288026646}, "datetime": {"datetime": "2021-09-24 09:28:44", "elapsed": 78.43522, "delta": 0.978907}}
{"target": 0.4253101345618422, "params": {"C": 79.93927331656582, "epsilon": 0.41760746038268054, "gamma": 0.022384389226929043}, "datetime": {"datetime": "2021-09-24 09:28:45", "elapsed": 79.201994, "delta": 0.766774}}
{"target": 0.43654855114920765, "params": {"C": 60.4405366540352, "epsilon": 0.962737701832743, "gamma": 0.005838920389132678}, "datetime": {"datetime": "2021-09-24 09:28:46", "elapsed": 80.248599, "delta": 1.046605}}
{"target": 0.41859161922222843, "params": {"C": 61.518184242391925, "epsilon": 0.5746248300464242, "gamma": 0.04899135759962294}, "datetime": {"datetime": "2021-09-24 09:28:47", "elapsed": 81.232939, "delta": 0.98434}}
{"target": 0.4270127350369183, "params": {"C": 86.58375566036592, "epsilon": 0.6731655336002365, "gamma": 0.016106593438398185}, "datetime": {"datetime": "2021-09-24 09:28:48", "elapsed": 82.212906, "delta": 0.979967}}
{"target": 0.3000209297909785, "params": {"C": 62.73006412113619, "epsilon": 0.8457691088330979, "gamma": 0.0005}, "datetime": {"datetime": "2021-09-24 09:28:49", "elapsed": 83.309061, "delta": 1.096155}}
{"target": 0.41710858920401817, "params": {"C": 97.82192100904216, "epsilon": 0.6344758274215365, "gamma": 0.0285667578839395}, "datetime": {"datetime": "2021-09-24 09:28:49", "elapsed": 83.905563, "delta": 0.596502}}
{"target": 0.3362487867704044, "params": {"C": 71.29868122815456, "epsilon": 0.41234241964096974, "gamma": 0.14182112326904828}, "datetime": {"datetime": "2021-09-24 09:28:50", "elapsed": 84.478792, "delta": 0.573229}}
{"target": 0.4106071836747607, "params": {"C": 86.5973705780857, "epsilon": 0.7104923017661366, "gamma": 0.04834804268858692}, "datetime": {"datetime": "2021-09-24 09:28:51", "elapsed": 85.43401, "delta": 0.955218}}
{"target": 0.2936128971507065, "params": {"C": 60.4367794063786, "epsilon": 0.9192363388290811, "gamma": 0.0005}, "datetime": {"datetime": "2021-09-24 09:28:52", "elapsed": 86.507257, "delta": 1.073247}}
{"target": 0.4390715277280227, "params": {"C": 95.5849851214247, "epsilon": 0.480857230446395, "gamma": 0.005652725953837085}, "datetime": {"datetime": "2021-09-24 09:28:53", "elapsed": 87.221076, "delta": 0.713819}}
{"target": 0.4392310250161592, "params": {"C": 60.438769885568014, "epsilon": 0.9980310276751304, "gamma": 0.011435995189131328}, "datetime": {"datetime": "2021-09-24 09:28:54", "elapsed": 88.411339, "delta": 1.190263}}
{"target": 0.43932919484226396, "params": {"C": 69.75251136994976, "epsilon": 0.03830098981585595, "gamma": 0.010025213238325194}, "datetime": {"datetime": "2021-09-24 09:28:54", "elapsed": 89.010813, "delta": 0.599474}}
{"target": 0.42641259787357466, "params": {"C": 78.0771254944987, "epsilon": 0.8213402742865, "gamma": 0.01821229475985068}, "datetime": {"datetime": "2021-09-24 09:28:55", "elapsed": 89.584832, "delta": 0.574019}}
{"target": 0.3334464729695287, "params": {"C": 73.59321414288969, "epsilon": 0.7403613226494746, "gamma": 0.1435511643061485}, "datetime": {"datetime": "2021-09-24 09:28:56", "elapsed": 90.23932, "delta": 0.654488}}
{"target": 0.4303396258535359, "params": {"C": 60.48845618931186, "epsilon": 0.9782899647921227, "gamma": 0.024872493908754904}, "datetime": {"datetime": "2021-09-24 09:28:56", "elapsed": 91.124646, "delta": 0.885326}}
{"target": 0.32447140015432185, "params": {"C": 88.14841944173634, "epsilon": 0.7501348319974105, "gamma": 0.13832616492207736}, "datetime": {"datetime": "2021-09-24 09:28:57", "elapsed": 91.784658, "delta": 0.660012}}
{"target": 0.3564380179984079, "params": {"C": 95.61221635236204, "epsilon": 0.45789445129521683, "gamma": 0.0005}, "datetime": {"datetime": "2021-09-24 09:28:59", "elapsed": 93.79477, "delta": 2.010112}}
{"target": 0.42713515521997825, "params": {"C": 67.2213279226246, "epsilon": 0.3352479097665562, "gamma": 0.018286326729124506}, "datetime": {"datetime": "2021-09-24 09:29:01", "elapsed": 95.552193, "delta": 1.757423}}
{"target": 0.41722283485667855, "params": {"C": 95.57015268487271, "epsilon": 0.4757589213497648, "gamma": 0.029201458630275175}, "datetime": {"datetime": "2021-09-24 09:29:02", "elapsed": 96.884557, "delta": 1.332364}}
{"target": 0.42934602074550343, "params": {"C": 60.457095866106854, "epsilon": 0.9596947318165747, "gamma": 0.023184867336817797}, "datetime": {"datetime": "2021-09-24 09:29:04", "elapsed": 98.343939, "delta": 1.459382}}
{"target": 0.412827892688561, "params": {"C": 77.74011495919338, "epsilon": 0.7429114902683087, "gamma": 0.04968257703867653}, "datetime": {"datetime": "2021-09-24 09:29:05", "elapsed": 99.187011, "delta": 0.843072}}
{"target": 0.42780515597818325, "params": {"C": 64.14121105636151, "epsilon": 0.6969321755382466, "gamma": 0.029896497437605044}, "datetime": {"datetime": "2021-09-24 09:29:06", "elapsed": 100.432413, "delta": 1.245402}}
{"target": 0.4249980912263448, "params": {"C": 72.29911553872395, "epsilon": 0.855790431114528, "gamma": 0.030998173069257142}, "datetime": {"datetime": "2021-09-24 09:29:07", "elapsed": 101.689368, "delta": 1.256955}}
{"target": 0.29988836656178186, "params": {"C": 62.6465589616342, "epsilon": 0.8216182670648082, "gamma": 0.0005}, "datetime": {"datetime": "2021-09-24 09:29:09", "elapsed": 103.598734, "delta": 1.909366}}
{"target": 0.4246303738322613, "params": {"C": 67.20677079284634, "epsilon": 0.3670909826613422, "gamma": 0.033274609646000514}, "datetime": {"datetime": "2021-09-24 09:29:10", "elapsed": 104.828857, "delta": 1.230123}}
{"target": 0.43184804388503273, "params": {"C": 60.39221984032242, "epsilon": 0.9808775940581523, "gamma": 0.01720306516854036}, "datetime": {"datetime": "2021-09-24 09:29:11", "elapsed": 105.832372, "delta": 1.003515}}
{"target": 0.42928291318165657, "params": {"C": 62.686264056252654, "epsilon": 0.7790109166121673, "gamma": 0.019676719675749067}, "datetime": {"datetime": "2021-09-24 09:29:12", "elapsed": 106.884565, "delta": 1.052193}}
{"target": 0.43011062796601873, "params": {"C": 61.51274149710657, "epsilon": 0.5628549030061367, "gamma": 0.003871394375569356}, "datetime": {"datetime": "2021-09-24 09:29:14", "elapsed": 108.297879, "delta": 1.413314}}
{"target": 0.4283729358472571, "params": {"C": 62.65238969194003, "epsilon": 0.765366605850416, "gamma": 0.030608765973058304}, "datetime": {"datetime": "2021-09-24 09:29:15", "elapsed": 109.646926, "delta": 1.349047}}
{"target": 0.40865819578502816, "params": {"C": 62.67293269786353, "epsilon": 0.7932197275368569, "gamma": 0.06549372500173696}, "datetime": {"datetime": "2021-09-24 09:29:16", "elapsed": 111.151642, "delta": 1.504716}}
{"target": 0.3196336297183511, "params": {"C": 72.27743034756102, "epsilon": 0.859643678325738, "gamma": 0.0005}, "datetime": {"datetime": "2021-09-24 09:29:18", "elapsed": 112.930524, "delta": 1.778882}}
{"target": 0.33813459721730366, "params": {"C": 79.67022064558904, "epsilon": 0.32395691020241285, "gamma": 0.12693077933609276}, "datetime": {"datetime": "2021-09-24 09:29:19", "elapsed": 113.744397, "delta": 0.813873}}
{"target": 0.4291926727579398, "params": {"C": 64.99156124345683, "epsilon": 0.6437733138381356, "gamma": 0.022499704040740982}, "datetime": {"datetime": "2021-09-24 09:29:20", "elapsed": 115.003746, "delta": 1.259349}}
{"target": 0.42570082414069743, "params": {"C": 72.32688772120953, "epsilon": 0.8335356851366725, "gamma": 0.025792384256497745}, "datetime": {"datetime": "2021-09-24 09:29:22", "elapsed": 116.462641, "delta": 1.458895}}
{"target": 0.3813360070164823, "params": {"C": 83.92615877289799, "epsilon": 0.5182725069359015, "gamma": 0.07640740998020863}, "datetime": {"datetime": "2021-09-24 09:29:23", "elapsed": 117.342088, "delta": 0.879447}}
{"target": 0.4224406596404896, "params": {"C": 95.58982176618636, "epsilon": 0.503838421741742, "gamma": 0.016574525161401097}, "datetime": {"datetime": "2021-09-24 09:29:24", "elapsed": 118.718821, "delta": 1.376733}}
{"target": 0.34613067649656304, "params": {"C": 83.79078604312019, "epsilon": 0.8559069936959197, "gamma": 0.11139327999596413}, "datetime": {"datetime": "2021-09-24 09:29:25", "elapsed": 119.497419, "delta": 0.778598}}
{"target": 0.3576555869155228, "params": {"C": 79.05354299676178, "epsilon": 0.5605383858443403, "gamma": 0.10117726252933834}, "datetime": {"datetime": "2021-09-24 09:29:26", "elapsed": 120.307256, "delta": 0.809837}}
{"target": 0.4386180743744539, "params": {"C": 86.60997775650935, "epsilon": 0.6743294932923595, "gamma": 0.006586942750042492}, "datetime": {"datetime": "2021-09-24 09:29:27", "elapsed": 121.37513, "delta": 1.067874}}
{"target": 0.4096039993345223, "params": {"C": 62.66266918108511, "epsilon": 0.7656584809122268, "gamma": 0.0016647150556245356}, "datetime": {"datetime": "2021-09-24 09:29:28", "elapsed": 122.67309, "delta": 1.29796}}
{"target": 0.4169982678170162, "params": {"C": 72.22115558043296, "epsilon": 0.851778922742135, "gamma": 0.041601046165352366}, "datetime": {"datetime": "2021-09-24 09:29:29", "elapsed": 123.753475, "delta": 1.080385}}
{"target": 0.33843192547769896, "params": {"C": 71.64166405540786, "epsilon": 0.30137528051431983, "gamma": 0.1380332712409522}, "datetime": {"datetime": "2021-09-24 09:29:30", "elapsed": 124.562964, "delta": 0.809489}}
{"target": 0.41778799262418786, "params": {"C": 60.42642490418185, "epsilon": 0.9429502224851583, "gamma": 0.05319038894633932}, "datetime": {"datetime": "2021-09-24 09:29:31", "elapsed": 125.844241, "delta": 1.281277}}
{"target": 0.36130310615038763, "params": {"C": 63.13072503420455, "epsilon": 0.41255634463383695, "gamma": 0.1157069886706321}, "datetime": {"datetime": "2021-09-24 09:29:32", "elapsed": 126.655454, "delta": 0.811213}}
{"target": 0.4296739664336663, "params": {"C": 98.71570115183032, "epsilon": 0.9474461426228615, "gamma": 0.01263589204745481}, "datetime": {"datetime": "2021-09-24 09:29:33", "elapsed": 127.810843, "delta": 1.155389}}
{"target": 0.4350133900230315, "params": {"C": 77.66889818139342, "epsilon": 0.9121237633054479, "gamma": 0.011243630540259078}, "datetime": {"datetime": "2021-09-24 09:29:35", "elapsed": 129.394255, "delta": 1.583412}}
{"target": 0.4307291630622627, "params": {"C": 97.14835740064336, "epsilon": 0.13134492468864808, "gamma": 0.0028241348091528565}, "datetime": {"datetime": "2021-09-24 09:29:36", "elapsed": 130.272, "delta": 0.877745}}
{"target": 0.4058517779332851, "params": {"C": 86.76398581650295, "epsilon": 0.5331867274470351, "gamma": 0.05767250975644347}, "datetime": {"datetime": "2021-09-24 09:29:37", "elapsed": 131.27436, "delta": 1.00236}}
{"target": 0.4092765419793112, "params": {"C": 97.0132085808668, "epsilon": 0.18989115074914503, "gamma": 0.043205482018466856}, "datetime": {"datetime": "2021-09-24 09:29:37", "elapsed": 132.082334, "delta": 0.807974}}
{"target": 0.4273890052782996, "params": {"C": 72.26089992209077, "epsilon": 0.9104122396616036, "gamma": 0.022127891631159136}, "datetime": {"datetime": "2021-09-24 09:29:39", "elapsed": 133.236255, "delta": 1.153921}}
{"target": 0.42974983303059544, "params": {"C": 61.54872346866901, "epsilon": 0.6022699293806435, "gamma": 0.02267940245756773}, "datetime": {"datetime": "2021-09-24 09:29:40", "elapsed": 134.483494, "delta": 1.247239}}
{"target": 0.41282100817950207, "params": {"C": 99.9398201935289, "epsilon": 0.05167206244829672, "gamma": 0.030621737353461832}, "datetime": {"datetime": "2021-09-24 09:29:41", "elapsed": 135.858053, "delta": 1.374559}}
{"target": 0.4192120960623288, "params": {"C": 77.566845901647, "epsilon": 0.8068384507205333, "gamma": 0.033885862637024776}, "datetime": {"datetime": "2021-09-24 09:29:42", "elapsed": 137.024193, "delta": 1.16614}}
{"target": 0.42359733318811277, "params": {"C": 91.12993610372172, "epsilon": 0.4583222658659687, "gamma": 0.021132875974795583}, "datetime": {"datetime": "2021-09-24 09:29:43", "elapsed": 137.885191, "delta": 0.860998}}
{"target": 0.33729088100884985, "params": {"C": 70.19303502335502, "epsilon": 0.5812656787853341, "gamma": 0.14171467329055693}, "datetime": {"datetime": "2021-09-24 09:29:44", "elapsed": 138.818856, "delta": 0.933665}}
{"target": 0.43887291100930814, "params": {"C": 72.31560799380878, "epsilon": 0.9154442127671132, "gamma": 0.00720319522781133}, "datetime": {"datetime": "2021-09-24 09:29:45", "elapsed": 140.148895, "delta": 1.330039}}
{"target": 0.4228513283677042, "params": {"C": 83.97959535057866, "epsilon": 0.6603517476664741, "gamma": 0.02426355238523389}, "datetime": {"datetime": "2021-09-24 09:29:46", "elapsed": 141.040911, "delta": 0.892016}}
{"target": 0.4168009267570646, "params": {"C": 72.31830336938668, "epsilon": 0.9011571094348576, "gamma": 0.04348299719965609}, "datetime": {"datetime": "2021-09-24 09:29:48", "elapsed": 142.707594, "delta": 1.666683}}
{"target": 0.4235932602939465, "params": {"C": 67.19454730361096, "epsilon": 0.33137471504124505, "gamma": 0.03610430553737839}, "datetime": {"datetime": "2021-09-24 09:29:50", "elapsed": 144.221891, "delta": 1.514297}}
{"target": 0.4237060926847942, "params": {"C": 69.7656611871044, "epsilon": 0.06529958734191961, "gamma": 0.0335505799458822}, "datetime": {"datetime": "2021-09-24 09:29:51", "elapsed": 145.518544, "delta": 1.296653}}
{"target": 0.42171552079424157, "params": {"C": 86.63675556696236, "epsilon": 0.6676268076405553, "gamma": 0.022958032550136422}, "datetime": {"datetime": "2021-09-24 09:29:52", "elapsed": 146.675928, "delta": 1.157384}}
{"target": 0.4192999869757713, "params": {"C": 87.27732717158908, "epsilon": 0.4298417233620482, "gamma": 0.02955641220827145}, "datetime": {"datetime": "2021-09-24 09:29:53", "elapsed": 147.563366, "delta": 0.887438}}
{"target": 0.3364424748393665, "params": {"C": 97.55528568843744, "epsilon": 0.4344275677618827, "gamma": 0.11019868349305886}, "datetime": {"datetime": "2021-09-24 09:29:54", "elapsed": 148.474632, "delta": 0.911266}}
{"target": 0.3707102124637578, "params": {"C": 84.524731072191, "epsilon": 0.49079265817705753, "gamma": 0.08415967925924785}, "datetime": {"datetime": "2021-09-24 09:29:55", "elapsed": 149.392816, "delta": 0.918184}}
{"target": 0.4239312164103194, "params": {"C": 60.454341384014896, "epsilon": 0.989728480210928, "gamma": 0.040492846059407464}, "datetime": {"datetime": "2021-09-24 09:29:56", "elapsed": 150.727061, "delta": 1.334245}}
{"target": 0.4099589362093322, "params": {"C": 72.26002028724017, "epsilon": 0.8529336350845885, "gamma": 0.05691981131602566}, "datetime": {"datetime": "2021-09-24 09:29:58", "elapsed": 152.374676, "delta": 1.647615}}
{"target": 0.42859978163677337, "params": {"C": 72.32076994872736, "epsilon": 0.8706320322950962, "gamma": 0.01996755809540706}, "datetime": {"datetime": "2021-09-24 09:29:59", "elapsed": 153.985894, "delta": 1.611218}}
{"target": 0.4319887697068009, "params": {"C": 72.27705056462514, "epsilon": 0.7835043996459543, "gamma": 0.003736101312372232}, "datetime": {"datetime": "2021-09-24 09:30:01", "elapsed": 155.252566, "delta": 1.266672}}
{"target": 0.42858145905118306, "params": {"C": 62.5380476430194, "epsilon": 0.9388550263023535, "gamma": 0.031808527116913364}, "datetime": {"datetime": "2021-09-24 09:30:01", "elapsed": 156.132079, "delta": 0.879513}}
{"target": 0.3594459437365153, "params": {"C": 98.74670208359863, "epsilon": 0.94262903325943, "gamma": 0.0005}, "datetime": {"datetime": "2021-09-24 09:30:03", "elapsed": 157.654559, "delta": 1.52248}}
{"target": 0.42510586588401766, "params": {"C": 62.67641775356346, "epsilon": 0.8064300011770065, "gamma": 0.03594362924703734}, "datetime": {"datetime": "2021-09-24 09:30:04", "elapsed": 159.137099, "delta": 1.48254}}
{"target": 0.4112227173302152, "params": {"C": 75.31691532334709, "epsilon": 0.9359581253155526, "gamma": 0.05363538370428747}, "datetime": {"datetime": "2021-09-24 09:30:05", "elapsed": 160.107567, "delta": 0.970468}}
{"target": 0.4281074263381458, "params": {"C": 64.97965019133599, "epsilon": 0.6050799472217198, "gamma": 0.01905687162524054}, "datetime": {"datetime": "2021-09-24 09:30:07", "elapsed": 161.947739, "delta": 1.840172}}
{"target": 0.42586953016106843, "params": {"C": 72.28102132660759, "epsilon": 0.7965134594322012, "gamma": 0.02883439014988058}, "datetime": {"datetime": "2021-09-24 09:30:09", "elapsed": 163.836985, "delta": 1.889246}}
{"target": 0.42199703027372026, "params": {"C": 69.76612546043316, "epsilon": 0.025883366492064276, "gamma": 0.03568910519842315}, "datetime": {"datetime": "2021-09-24 09:30:11", "elapsed": 165.269683, "delta": 1.432698}}
{"target": 0.43101932425858624, "params": {"C": 62.672229019014374, "epsilon": 0.9024892844895682, "gamma": 0.01845656977255051}, "datetime": {"datetime": "2021-09-24 09:30:12", "elapsed": 166.415964, "delta": 1.146281}}
{"target": 0.3418198945120563, "params": {"C": 92.10521529775473, "epsilon": 0.7904853194559084, "gamma": 0.10906383227359945}, "datetime": {"datetime": "2021-09-24 09:30:13", "elapsed": 167.369067, "delta": 0.953103}}
{"target": 0.42850536056190636, "params": {"C": 60.38782647052278, "epsilon": 0.936499340621413, "gamma": 0.0332585533933595}, "datetime": {"datetime": "2021-09-24 09:30:14", "elapsed": 168.544968, "delta": 1.175901}}
{"target": 0.4305129925532004, "params": {"C": 69.0961517535497, "epsilon": 0.4683565964033031, "gamma": 0.01630498676342494}, "datetime": {"datetime": "2021-09-24 09:30:15", "elapsed": 170.067875, "delta": 1.522907}}
{"target": 0.42500505600589744, "params": {"C": 60.40502417398119, "epsilon": 0.9976656287795459, "gamma": 0.0381557107962248}, "datetime": {"datetime": "2021-09-24 09:30:17", "elapsed": 171.767663, "delta": 1.699788}}
{"target": 0.42874319167793074, "params": {"C": 62.67991005650809, "epsilon": 0.878343661764681, "gamma": 0.030025780186319666}, "datetime": {"datetime": "2021-09-24 09:30:19", "elapsed": 173.385083, "delta": 1.61742}}
{"target": 0.437368890976897, "params": {"C": 72.29426143618755, "epsilon": 0.9140558141276919, "gamma": 0.0059085077564918365}, "datetime": {"datetime": "2021-09-24 09:30:20", "elapsed": 174.895822, "delta": 1.510739}}
{"target": 0.4232668264135315, "params": {"C": 70.9506232203195, "epsilon": 0.002636204440054207, "gamma": 0.033263755725050415}, "datetime": {"datetime": "2021-09-24 09:30:21", "elapsed": 175.810317, "delta": 0.914495}}
{"target": 0.4290342658694707, "params": {"C": 60.420246564303085, "epsilon": 0.9716217194196678, "gamma": 0.02624495114511405}, "datetime": {"datetime": "2021-09-24 09:30:23", "elapsed": 177.827422, "delta": 2.017105}}
{"target": 0.42425304940412456, "params": {"C": 69.1168537650995, "epsilon": 0.44097441933717113, "gamma": 0.03206070689306191}, "datetime": {"datetime": "2021-09-24 09:30:25", "elapsed": 179.653692, "delta": 1.82627}}
{"target": 0.41361643067128695, "params": {"C": 98.77335203339271, "epsilon": 0.9957228117489614, "gamma": 0.03355664242557697}, "datetime": {"datetime": "2021-09-24 09:30:27", "elapsed": 181.290646, "delta": 1.636954}}
{"target": 0.41083707642318656, "params": {"C": 72.30758251862613, "epsilon": 0.8068966560480029, "gamma": 0.0014693677764431937}, "datetime": {"datetime": "2021-09-24 09:30:29", "elapsed": 183.429716, "delta": 2.13907}}
{"target": 0.2978283735385745, "params": {"C": 61.878879960319, "epsilon": 0.837649494741166, "gamma": 0.0005}, "datetime": {"datetime": "2021-09-24 09:30:31", "elapsed": 185.278641, "delta": 1.848925}}
{"target": 0.329428124241003, "params": {"C": 77.69227979527142, "epsilon": 0.9323682963102852, "gamma": 0.0005}, "datetime": {"datetime": "2021-09-24 09:30:32", "elapsed": 186.991775, "delta": 1.713134}}
{"target": 0.43801867482897017, "params": {"C": 95.56499737747347, "epsilon": 0.4961984776146494, "gamma": 0.005073647201100815}, "datetime": {"datetime": "2021-09-24 09:30:34", "elapsed": 188.600093, "delta": 1.608318}}
{"target": 0.40448937723368217, "params": {"C": 85.48070473930824, "epsilon": 0.45323879267311906, "gamma": 0.061065968042124}, "datetime": {"datetime": "2021-09-24 09:30:35", "elapsed": 189.488179, "delta": 0.888086}}
{"target": 0.43126996903765624, "params": {"C": 64.00047904272306, "epsilon": 0.5141575030200318, "gamma": 0.0038661802039630807}, "datetime": {"datetime": "2021-09-24 09:30:36", "elapsed": 190.438492, "delta": 0.950313}}
{"target": 0.4324086786023591, "params": {"C": 67.16206364826853, "epsilon": 0.32325654019426286, "gamma": 0.004027961537151714}, "datetime": {"datetime": "2021-09-24 09:30:37", "elapsed": 191.942326, "delta": 1.503834}}
{"target": 0.32436428717080035, "params": {"C": 99.12920337835358, "epsilon": 0.4127247882545844, "gamma": 0.12591302346856584}, "datetime": {"datetime": "2021-09-24 09:30:38", "elapsed": 192.929682, "delta": 0.987356}}
{"target": 0.4308657126389801, "params": {"C": 92.7171047061798, "epsilon": 0.15917935148421808, "gamma": 0.0026444109119854553}, "datetime": {"datetime": "2021-09-24 09:30:40", "elapsed": 194.57064, "delta": 1.640958}}
{"target": 0.41825593318312304, "params": {"C": 79.97105309793538, "epsilon": 0.562174423029754, "gamma": 0.03395655912443788}, "datetime": {"datetime": "2021-09-24 09:30:41", "elapsed": 195.66027, "delta": 1.08963}}
{"target": 0.41386199106850896, "params": {"C": 64.70263547457614, "epsilon": 0.4296689613891389, "gamma": 0.0561531802516072}, "datetime": {"datetime": "2021-09-24 09:30:42", "elapsed": 196.714058, "delta": 1.053788}}
{"target": 0.3877161129341944, "params": {"C": 79.25536036201343, "epsilon": 0.0027833552388659083, "gamma": 0.0749676756930346}, "datetime": {"datetime": "2021-09-24 09:30:43", "elapsed": 197.750926, "delta": 1.036868}}
{"target": 0.4188352440443792, "params": {"C": 61.50231975162419, "epsilon": 0.6116367030044865, "gamma": 0.045473910713797853}, "datetime": {"datetime": "2021-09-24 09:30:45", "elapsed": 200.140765, "delta": 2.389839}}
