{"target": -36.964395767566764, "params": {"C": 766.7911841152697, "epsilon": 1.6619369522648237, "gamma": 0.0029999438377223317}, "datetime": {"datetime": "2021-09-28 15:57:44", "elapsed": 425.080235, "delta": 1.700278}}
{"target": -35.95479331892206, "params": {"C": 761.7564804667779, "epsilon": 0.7517855670493144, "gamma": 0.00010055204301462778}, "datetime": {"datetime": "2021-09-28 15:57:47", "elapsed": 427.698267, "delta": 2.618032}}
{"target": -37.68435592386851, "params": {"C": 765.3082053382481, "epsilon": 0.2633298563413938, "gamma": 0.007381789117438944}, "datetime": {"datetime": "2021-09-28 15:57:48", "elapsed": 429.435722, "delta": 1.737455}}
{"target": -36.70815480713635, "params": {"C": 848.6791947053875, "epsilon": 2.41395677477358, "gamma": 0.003835942120328241}, "datetime": {"datetime": "2021-09-28 15:57:51", "elapsed": 431.769958, "delta": 2.334236}}
{"target": -38.4149856457785, "params": {"C": 824.9673161021481, "epsilon": 1.8778166308971171, "gamma": 0.009547820920622093}, "datetime": {"datetime": "2021-09-28 15:57:52", "elapsed": 433.46962, "delta": 1.699662}}
{"target": -37.401080264773114, "params": {"C": 803.9449323472754, "epsilon": 2.803619618010101, "gamma": 0.006206044330642128}, "datetime": {"datetime": "2021-09-28 15:57:54", "elapsed": 435.200464, "delta": 1.730844}}
{"target": -37.04458192114311, "params": {"C": 850.8482841829527, "epsilon": 1.848611373679849, "gamma": 0.004635535888228685}, "datetime": {"datetime": "2021-09-28 15:57:56", "elapsed": 436.888251, "delta": 1.687787}}
{"target": -37.52220126147449, "params": {"C": 871.6866751587332, "epsilon": 0.17087666655427589, "gamma": 0.0054316595072538085}, "datetime": {"datetime": "2021-09-28 15:57:57", "elapsed": 438.583725, "delta": 1.695474}}
{"target": -37.162241556958676, "params": {"C": 750.5513666725865, "epsilon": 2.283379619104401, "gamma": 0.0053194616156103346}, "datetime": {"datetime": "2021-09-28 15:57:59", "elapsed": 440.397316, "delta": 1.813591}}
{"target": -37.28740228763564, "params": {"C": 704.4310376355803, "epsilon": 0.6483096190679097, "gamma": 0.005679782783589823}, "datetime": {"datetime": "2021-09-28 15:58:02", "elapsed": 442.746169, "delta": 2.348853}}
{"target": -37.028494558434524, "params": {"C": 800.600489361565, "epsilon": 1.86327697473804, "gamma": 0.00479585256466121}, "datetime": {"datetime": "2021-09-28 15:58:04", "elapsed": 445.088839, "delta": 2.34267}}
{"target": -36.932986365289324, "params": {"C": 710.3344931732826, "epsilon": 0.5035993542701336, "gamma": 0.004910872986922346}, "datetime": {"datetime": "2021-09-28 15:58:06", "elapsed": 447.367434, "delta": 2.278595}}
{"target": -37.76695567194757, "params": {"C": 794.1659138773872, "epsilon": 2.412729027854214, "gamma": 0.007910413035663384}, "datetime": {"datetime": "2021-09-28 15:58:08", "elapsed": 449.07202, "delta": 1.704586}}
{"target": -37.75381165642272, "params": {"C": 878.7944457472493, "epsilon": 0.2967348840398025, "gamma": 0.006294709070639871}, "datetime": {"datetime": "2021-09-28 15:58:10", "elapsed": 450.850751, "delta": 1.778731}}
{"target": -37.64308162594791, "params": {"C": 742.516058764324, "epsilon": 1.1523667998861804, "gamma": 0.006941060714805014}, "datetime": {"datetime": "2021-09-28 15:58:11", "elapsed": 452.485509, "delta": 1.634758}}
{"target": -36.862793077176, "params": {"C": 879.1444311373813, "epsilon": 0.5768813219439995, "gamma": 0.0037120852113848614}, "datetime": {"datetime": "2021-09-28 15:58:14", "elapsed": 454.979531, "delta": 2.494022}}
{"target": -36.74610442114037, "params": {"C": 810.2553499941816, "epsilon": 0.3316086568466846, "gamma": 0.0033558582134839286}, "datetime": {"datetime": "2021-09-28 15:58:16", "elapsed": 457.277001, "delta": 2.29747}}
{"target": -37.27801179239391, "params": {"C": 811.0318023844222, "epsilon": 1.0804596480381417, "gamma": 0.0014162512838807632}, "datetime": {"datetime": "2021-09-28 15:58:18", "elapsed": 458.919219, "delta": 1.642218}}
{"target": -37.22521798596864, "params": {"C": 836.4624712736123, "epsilon": 1.7073642699234568, "gamma": 0.0014654303273197902}, "datetime": {"datetime": "2021-09-28 15:58:21", "elapsed": 461.658387, "delta": 2.739168}}
{"target": -37.24085802097821, "params": {"C": 769.5108691037161, "epsilon": 2.6613347968693444, "gamma": 0.005424815359988749}, "datetime": {"datetime": "2021-09-28 15:58:22", "elapsed": 463.165534, "delta": 1.507147}}
{"target": -38.370474878150574, "params": {"C": 799.7174041657396, "epsilon": 1.2749632798987498, "gamma": 0.009872729630857667}, "datetime": {"datetime": "2021-09-28 15:58:24", "elapsed": 464.87677, "delta": 1.711236}}
{"target": -37.21573440748209, "params": {"C": 714.6724013151312, "epsilon": 0.9935938469018073, "gamma": 0.005433795100432363}, "datetime": {"datetime": "2021-09-28 15:58:25", "elapsed": 466.5161, "delta": 1.63933}}
{"target": -37.64948072076015, "params": {"C": 798.7964170677953, "epsilon": 1.4562000798930212, "gamma": 0.006941335077263524}, "datetime": {"datetime": "2021-09-28 15:58:28", "elapsed": 468.798955, "delta": 2.282855}}
{"target": -38.34549381527027, "params": {"C": 850.7335100905352, "epsilon": 0.7693316133895837, "gamma": 0.009653083743964508}, "datetime": {"datetime": "2021-09-28 15:58:29", "elapsed": 470.591272, "delta": 1.792317}}
{"target": -38.02847590040276, "params": {"C": 889.3534937294853, "epsilon": 1.8569888958303074, "gamma": 0.007965521437729503}, "datetime": {"datetime": "2021-09-28 15:58:31", "elapsed": 472.370792, "delta": 1.77952}}
{"target": -37.37081274179751, "params": {"C": 784.6537868652067, "epsilon": 2.295568917275061, "gamma": 0.0021992181809113833}, "datetime": {"datetime": "2021-09-28 15:58:33", "elapsed": 474.120001, "delta": 1.749209}}
{"target": -36.74568291288005, "params": {"C": 717.9348801055751, "epsilon": 2.9430254236559423, "gamma": 0.004498101812491392}, "datetime": {"datetime": "2021-09-28 15:58:36", "elapsed": 476.684807, "delta": 2.564806}}
{"target": -37.47854929944187, "params": {"C": 795.236222241267, "epsilon": 0.18762389953889932, "gamma": 0.0016682225956605981}, "datetime": {"datetime": "2021-09-28 15:58:37", "elapsed": 478.596296, "delta": 1.911489}}
{"target": -36.759941037287966, "params": {"C": 780.8725963909774, "epsilon": 1.1811303588555675, "gamma": 0.0007168382598800353}, "datetime": {"datetime": "2021-09-28 15:58:39", "elapsed": 480.499187, "delta": 1.902891}}
{"target": -37.608994828565365, "params": {"C": 724.4387799982903, "epsilon": 0.3253876917121573, "gamma": 0.006744905050993436}, "datetime": {"datetime": "2021-09-28 15:58:42", "elapsed": 482.968096, "delta": 2.468909}}
{"target": -37.1825984046983, "params": {"C": 708.2491801536663, "epsilon": 1.456775485170671, "gamma": 0.0015533214696350477}, "datetime": {"datetime": "2021-09-28 15:58:44", "elapsed": 484.791394, "delta": 1.823298}}
{"target": -37.77069897779785, "params": {"C": 731.4974635778794, "epsilon": 0.4563283959310349, "gamma": 0.008591775732339404}, "datetime": {"datetime": "2021-09-28 15:58:45", "elapsed": 486.489266, "delta": 1.697872}}
{"target": -37.091038902126996, "params": {"C": 842.5869396633789, "epsilon": 0.2827592957780041, "gamma": 0.004655096044064041}, "datetime": {"datetime": "2021-09-28 15:58:48", "elapsed": 489.11555, "delta": 2.626284}}
{"target": -36.928861014122944, "params": {"C": 881.2616145270831, "epsilon": 0.9805448894646717, "gamma": 0.0028878576285890777}, "datetime": {"datetime": "2021-09-28 15:58:50", "elapsed": 490.844678, "delta": 1.729128}}
{"target": -37.81921244381032, "params": {"C": 899.1393723399997, "epsilon": 0.7270909973022052, "gamma": 0.00762866373218973}, "datetime": {"datetime": "2021-09-28 15:58:52", "elapsed": 493.250009, "delta": 2.405331}}
{"target": -37.665959012689285, "params": {"C": 764.0372092149647, "epsilon": 0.6309668318908196, "gamma": 0.007050705759911961}, "datetime": {"datetime": "2021-09-28 15:58:54", "elapsed": 494.993222, "delta": 1.743213}}
{"target": -37.141525120935306, "params": {"C": 886.7364626577207, "epsilon": 1.3436341825656783, "gamma": 0.0008091345678264004}, "datetime": {"datetime": "2021-09-28 15:58:56", "elapsed": 496.827154, "delta": 1.833932}}
{"target": -38.50300212029087, "params": {"C": 860.0268368102579, "epsilon": 1.8420127633934005, "gamma": 0.009605604097789456}, "datetime": {"datetime": "2021-09-28 15:58:59", "elapsed": 500.00882, "delta": 3.181666}}
{"target": -38.34504813442548, "params": {"C": 883.262431631585, "epsilon": 0.9270633266552915, "gamma": 0.009360100161372646}, "datetime": {"datetime": "2021-09-28 15:59:01", "elapsed": 502.578669, "delta": 2.569849}}
{"target": -37.596197272688016, "params": {"C": 816.4391623554803, "epsilon": 0.7051276324369622, "gamma": 0.005883179712762337}, "datetime": {"datetime": "2021-09-28 15:59:04", "elapsed": 505.355092, "delta": 2.776423}}
{"target": -37.60147758669042, "params": {"C": 877.2550035523225, "epsilon": 1.0923336638793433, "gamma": 0.005560672652727564}, "datetime": {"datetime": "2021-09-28 15:59:07", "elapsed": 507.860999, "delta": 2.505907}}
{"target": -37.31688120391162, "params": {"C": 813.3019983300935, "epsilon": 1.3553276235931773, "gamma": 0.0051764491734955734}, "datetime": {"datetime": "2021-09-28 15:59:09", "elapsed": 509.718674, "delta": 1.857675}}
{"target": -37.19221981833317, "params": {"C": 764.4100853860558, "epsilon": 1.6281555812506923, "gamma": 0.0015934183097863297}, "datetime": {"datetime": "2021-09-28 15:59:11", "elapsed": 511.631834, "delta": 1.91316}}
{"target": -37.211837735688206, "params": {"C": 772.8984929092337, "epsilon": 1.9973979533288468, "gamma": 0.0027009096412806987}, "datetime": {"datetime": "2021-09-28 15:59:12", "elapsed": 513.56003, "delta": 1.928196}}
{"target": -36.216234321658284, "params": {"C": 722.1387789916591, "epsilon": 1.2041191247174077, "gamma": 0.0005619821173164237}, "datetime": {"datetime": "2021-09-28 15:59:14", "elapsed": 515.574689, "delta": 2.014659}}
{"target": -38.27875239526872, "params": {"C": 823.4217486699245, "epsilon": 1.3725375065768948, "gamma": 0.009249380301726545}, "datetime": {"datetime": "2021-09-28 15:59:16", "elapsed": 517.446901, "delta": 1.872212}}
{"target": -37.023009358517726, "params": {"C": 723.7502709175524, "epsilon": 2.76171001766885, "gamma": 0.0052121132434140936}, "datetime": {"datetime": "2021-09-28 15:59:18", "elapsed": 519.303425, "delta": 1.856524}}
{"target": -37.09513043782567, "params": {"C": 749.2750395526238, "epsilon": 1.2202317333644659, "gamma": 0.0026156107824738856}, "datetime": {"datetime": "2021-09-28 15:59:21", "elapsed": 521.936202, "delta": 2.632777}}
{"target": -37.25341283395594, "params": {"C": 879.2653065490607, "epsilon": 2.142929377823509, "gamma": 0.0013915368651127005}, "datetime": {"datetime": "2021-09-28 15:59:23", "elapsed": 523.711361, "delta": 1.775159}}
{"target": -36.72042374273222, "params": {"C": 770.5621673051393, "epsilon": 1.4978192894683275, "gamma": 0.003634218313144675}, "datetime": {"datetime": "2021-09-28 15:59:25", "elapsed": 526.447494, "delta": 2.736133}}
{"target": -37.624603470675744, "params": {"C": 775.0485931539937, "epsilon": 1.212434302145842, "gamma": 0.006611600239194383}, "datetime": {"datetime": "2021-09-28 15:59:28", "elapsed": 529.238701, "delta": 2.791207}}
{"target": -36.33883376355721, "params": {"C": 748.8425946034455, "epsilon": 0.83822551477723, "gamma": 0.0005797602593560874}, "datetime": {"datetime": "2021-09-28 15:59:30", "elapsed": 531.369901, "delta": 2.1312}}
{"target": -38.468663460289015, "params": {"C": 895.1264306301168, "epsilon": 2.0933160858987123, "gamma": 0.009053316480718814}, "datetime": {"datetime": "2021-09-28 15:59:32", "elapsed": 533.403652, "delta": 2.033751}}
{"target": -37.34578139026992, "params": {"C": 704.3375037123208, "epsilon": 0.514068376879454, "gamma": 0.002071651818021548}, "datetime": {"datetime": "2021-09-28 15:59:34", "elapsed": 535.368779, "delta": 1.965127}}
{"target": -38.27856806612163, "params": {"C": 829.8983943408804, "epsilon": 2.4006134796690457, "gamma": 0.008837452308846083}, "datetime": {"datetime": "2021-09-28 15:59:37", "elapsed": 538.141786, "delta": 2.773007}}
{"target": -38.017127615928274, "params": {"C": 785.2840662273437, "epsilon": 0.5559805316640323, "gamma": 0.009080999713026625}, "datetime": {"datetime": "2021-09-28 15:59:39", "elapsed": 540.072668, "delta": 1.930882}}
{"target": -37.13938210108598, "params": {"C": 858.4776751047642, "epsilon": 2.53192352309371, "gamma": 0.004889296235146957}, "datetime": {"datetime": "2021-09-28 15:59:41", "elapsed": 542.081516, "delta": 2.008848}}
{"target": -36.9642802902191, "params": {"C": 701.668021111629, "epsilon": 1.3187229036106807, "gamma": 0.0050126784412262305}, "datetime": {"datetime": "2021-09-28 15:59:43", "elapsed": 544.36361, "delta": 2.282094}}
{"target": -36.901039354234804, "params": {"C": 777.4983780183538, "epsilon": 0.7255373931260908, "gamma": 0.004514393600192703}, "datetime": {"datetime": "2021-09-28 15:59:45", "elapsed": 546.368939, "delta": 2.005329}}
{"target": -37.566636336540746, "params": {"C": 756.7961531595895, "epsilon": 1.2525381513395397, "gamma": 0.006460035258757994}, "datetime": {"datetime": "2021-09-28 15:59:47", "elapsed": 548.591516, "delta": 2.222577}}
{"target": -38.09683286918084, "params": {"C": 740.892199985095, "epsilon": 2.4017198148693155, "gamma": 0.009122213734410974}, "datetime": {"datetime": "2021-09-28 15:59:51", "elapsed": 551.730971, "delta": 3.139455}}
{"target": -37.57033231215168, "params": {"C": 717.9354179884516, "epsilon": 1.7193229263049132, "gamma": 0.007533786668799347}, "datetime": {"datetime": "2021-09-28 15:59:53", "elapsed": 553.737205, "delta": 2.006234}}
{"target": -37.66440271697553, "params": {"C": 871.028385039841, "epsilon": 0.9203097740575605, "gamma": 0.005842966803518651}, "datetime": {"datetime": "2021-09-28 15:59:55", "elapsed": 555.856835, "delta": 2.11963}}
{"target": -37.17100283640869, "params": {"C": 814.2660768755128, "epsilon": 2.5417192924666723, "gamma": 0.00510027122671672}, "datetime": {"datetime": "2021-09-28 15:59:58", "elapsed": 558.912739, "delta": 3.055904}}
{"target": -37.69056422010261, "params": {"C": 886.6415866574742, "epsilon": 1.182847134819356, "gamma": 0.0061848238738817715}, "datetime": {"datetime": "2021-09-28 16:00:01", "elapsed": 561.971589, "delta": 3.05885}}
{"target": -38.05079238195566, "params": {"C": 715.8053620188393, "epsilon": 1.258684956641508, "gamma": 0.009426380539138078}, "datetime": {"datetime": "2021-09-28 16:00:03", "elapsed": 564.307082, "delta": 2.335493}}
{"target": -36.797966867688004, "params": {"C": 809.3644370656541, "epsilon": 2.1287208296963493, "gamma": 0.0031369422434227886}, "datetime": {"datetime": "2021-09-28 16:00:07", "elapsed": 567.735332, "delta": 3.42825}}
{"target": -37.24321518633243, "params": {"C": 706.6912069221869, "epsilon": 0.11211161254441705, "gamma": 0.005633865769038835}, "datetime": {"datetime": "2021-09-28 16:00:09", "elapsed": 570.60598, "delta": 2.870648}}
{"target": -37.3671895284657, "params": {"C": 766.9043192149473, "epsilon": 2.8459436615543514, "gamma": 0.006002059192934714}, "datetime": {"datetime": "2021-09-28 16:00:12", "elapsed": 572.999947, "delta": 2.393967}}
{"target": -35.87567301249372, "params": {"C": 766.1523863772408, "epsilon": 0.2892665980725554, "gamma": 0.00016864899083447488}, "datetime": {"datetime": "2021-09-28 16:00:14", "elapsed": 575.064846, "delta": 2.064899}}
{"target": -37.75601405654852, "params": {"C": 987.1989804284008, "epsilon": 0.07875276925184611, "gamma": 0.005541658530999221}, "datetime": {"datetime": "2021-09-28 16:09:35", "elapsed": 0.0, "delta": 0.0}}
{"target": -36.861832943218495, "params": {"C": 987.0644785236553, "epsilon": 1.2616830384603794, "gamma": 0.003370314727938354}, "datetime": {"datetime": "2021-09-28 16:09:35", "elapsed": 0.030038, "delta": 0.030038}}
{"target": -36.77176499323892, "params": {"C": 940.9297268075685, "epsilon": 1.8581936280856404, "gamma": 0.0030665812693777793}, "datetime": {"datetime": "2021-09-28 16:09:36", "elapsed": 0.062002, "delta": 0.031964}}
{"target": -37.58370711438955, "params": {"C": 953.3654550205733, "epsilon": 1.8637803644751154, "gamma": 0.005338506733342688}, "datetime": {"datetime": "2021-09-28 16:09:36", "elapsed": 0.092001, "delta": 0.029999}}
{"target": -37.433510684843824, "params": {"C": 926.9159890689867, "epsilon": 1.5412207856759734, "gamma": 0.0019259546699044615}, "datetime": {"datetime": "2021-09-28 16:09:36", "elapsed": 0.122041, "delta": 0.03004}}
{"target": -37.71744657564556, "params": {"C": 1026.3816361042714, "epsilon": 0.8136258549055587, "gamma": 0.005226653847163428}, "datetime": {"datetime": "2021-09-28 16:09:36", "elapsed": 0.208, "delta": 0.085959}}
{"target": -37.72675574486472, "params": {"C": 984.1219656512952, "epsilon": 1.364295062537476, "gamma": 0.005813589495969381}, "datetime": {"datetime": "2021-09-28 16:09:36", "elapsed": 0.299001, "delta": 0.091001}}
{"target": -37.30708976261051, "params": {"C": 939.06903847064, "epsilon": 1.8685206966833863, "gamma": 0.004756629493733336}, "datetime": {"datetime": "2021-09-28 16:09:36", "elapsed": 0.384997, "delta": 0.085996}}
{"target": -38.463072444695904, "params": {"C": 1063.4747616473678, "epsilon": 0.16607892240638816, "gamma": 0.008734557244252336}, "datetime": {"datetime": "2021-09-28 16:09:36", "elapsed": 0.463043, "delta": 0.078046}}
{"target": -37.511747166671405, "params": {"C": 978.687173359649, "epsilon": 2.4787805722459497, "gamma": 0.005391159304808672}, "datetime": {"datetime": "2021-09-28 16:09:36", "elapsed": 0.553045, "delta": 0.090002}}
{"target": -38.54741073896635, "params": {"C": 995.9384957941379, "epsilon": 2.606448777112884, "gamma": 0.008698118038375025}, "datetime": {"datetime": "2021-09-28 16:09:36", "elapsed": 0.744214, "delta": 0.191169}}
{"target": -36.886257416152176, "params": {"C": 923.9987670989332, "epsilon": 1.2184558072790672, "gamma": 0.00380506805627449}, "datetime": {"datetime": "2021-09-28 16:09:36", "elapsed": 0.856214, "delta": 0.112}}
{"target": -38.36926023691537, "params": {"C": 927.7309389882972, "epsilon": 1.4221405015633612, "gamma": 0.00878647734872801}, "datetime": {"datetime": "2021-09-28 16:09:36", "elapsed": 0.966211, "delta": 0.109997}}
{"target": -35.65281976865642, "params": {"C": 997.2718707149083, "epsilon": 2.683484214350215, "gamma": 0.000219088089845344}, "datetime": {"datetime": "2021-09-28 16:09:37", "elapsed": 1.098211, "delta": 0.132}}
{"target": -37.78326996582227, "params": {"C": 933.3069126819612, "epsilon": 1.0331012129809096, "gamma": 0.0066839504054615854}, "datetime": {"datetime": "2021-09-28 16:09:37", "elapsed": 1.200213, "delta": 0.102002}}
{"target": -37.846842173683726, "params": {"C": 976.4665690150919, "epsilon": 0.3253068894190921, "gamma": 0.006869105856649537}, "datetime": {"datetime": "2021-09-28 16:09:37", "elapsed": 1.296214, "delta": 0.096001}}
{"target": -37.306404737118285, "params": {"C": 980.894443294085, "epsilon": 1.9097195876615638, "gamma": 0.002514805229600527}, "datetime": {"datetime": "2021-09-28 16:09:37", "elapsed": 1.392212, "delta": 0.095998}}
{"target": -37.892100092753665, "params": {"C": 1063.991116140561, "epsilon": 1.4840572586598495, "gamma": 0.006698135640614878}, "datetime": {"datetime": "2021-09-28 16:09:37", "elapsed": 1.492213, "delta": 0.100001}}
{"target": -36.91622535474347, "params": {"C": 923.5117238908817, "epsilon": 1.3027315680376776, "gamma": 0.003976114268291468}, "datetime": {"datetime": "2021-09-28 16:09:37", "elapsed": 1.577209, "delta": 0.084996}}
{"target": -37.29540162389023, "params": {"C": 935.9171699295171, "epsilon": 1.0456028732897633, "gamma": 0.0010385507724514414}, "datetime": {"datetime": "2021-09-28 16:09:37", "elapsed": 1.681214, "delta": 0.104005}}
{"target": -37.45949642476687, "params": {"C": 997.3882040002327, "epsilon": 2.9110643288847573, "gamma": 0.005067266733943214}, "datetime": {"datetime": "2021-09-28 16:09:37", "elapsed": 1.887215, "delta": 0.206001}}
{"target": -37.116469245432846, "params": {"C": 925.11169385264, "epsilon": 1.9195860370103888, "gamma": 0.0007594486227366522}, "datetime": {"datetime": "2021-09-28 16:09:37", "elapsed": 2.013212, "delta": 0.125997}}
{"target": -38.1303372125943, "params": {"C": 997.2833663007214, "epsilon": 2.6047011872358796, "gamma": 0.0075588946490552636}, "datetime": {"datetime": "2021-09-28 16:09:38", "elapsed": 2.142219, "delta": 0.129007}}
{"target": -37.01889334544482, "params": {"C": 909.4550021162348, "epsilon": 2.607794038672715, "gamma": 0.000716544599550117}, "datetime": {"datetime": "2021-09-28 16:09:38", "elapsed": 2.243218, "delta": 0.100999}}
{"target": -38.31824083455997, "params": {"C": 963.0720343947735, "epsilon": 1.2714453026856434, "gamma": 0.008426574912332178}, "datetime": {"datetime": "2021-09-28 16:09:38", "elapsed": 2.388215, "delta": 0.144997}}
{"target": -37.455647908290935, "params": {"C": 948.4478090976204, "epsilon": 1.4945800325573286, "gamma": 0.0019643354203958074}, "datetime": {"datetime": "2021-09-28 16:09:38", "elapsed": 2.666174, "delta": 0.277959}}
{"target": -36.66814774529321, "params": {"C": 920.243008969053, "epsilon": 2.0896234248781353, "gamma": 0.003283011684321813}, "datetime": {"datetime": "2021-09-28 16:09:38", "elapsed": 2.812174, "delta": 0.146}}
{"target": -37.64667171116078, "params": {"C": 961.547968522003, "epsilon": 1.9535201485429579, "gamma": 0.005900808694300756}, "datetime": {"datetime": "2021-09-28 16:09:38", "elapsed": 2.94718, "delta": 0.135006}}
{"target": -37.50840448844478, "params": {"C": 950.4216643862592, "epsilon": 1.814212246318266, "gamma": 0.0020895941676019915}, "datetime": {"datetime": "2021-09-28 16:09:39", "elapsed": 3.08217, "delta": 0.13499}}
{"target": -37.305088676177164, "params": {"C": 961.4473457644647, "epsilon": 2.6561723705121745, "gamma": 0.0009399525906954347}, "datetime": {"datetime": "2021-09-28 16:09:39", "elapsed": 3.241176, "delta": 0.159006}}
