{"target": -37.314330958830375, "params": {"C": 902.3459680887272, "epsilon": 2.7739297345118565, "gamma": 0.0013159696202654256}, "datetime": {"datetime": "2021-09-28 16:09:39", "elapsed": 3.365179, "delta": 0.124003}}
{"target": -37.52898407872458, "params": {"C": 920.6612984785369, "epsilon": 2.6948660554966293, "gamma": 0.006186667373463717}, "datetime": {"datetime": "2021-09-28 16:09:39", "elapsed": 3.508176, "delta": 0.142997}}
{"target": -35.806614259326636, "params": {"C": 1033.1035144026785, "epsilon": 2.1327357943067535, "gamma": 0.0002458752798280607}, "datetime": {"datetime": "2021-09-28 16:09:39", "elapsed": 3.690169, "delta": 0.181993}}
{"target": -36.96789474686313, "params": {"C": 1073.5601615920382, "epsilon": 2.850673809321771, "gamma": 0.002633878789357296}, "datetime": {"datetime": "2021-09-28 16:09:39", "elapsed": 3.819173, "delta": 0.129004}}
{"target": -36.911752807760365, "params": {"C": 1034.292106104206, "epsilon": 0.7850309877859607, "gamma": 0.0027926951904295185}, "datetime": {"datetime": "2021-09-28 16:09:39", "elapsed": 4.025174, "delta": 0.206001}}
{"target": -38.76823808343134, "params": {"C": 1048.8699458899612, "epsilon": 2.084708462547635, "gamma": 0.009411586698372356}, "datetime": {"datetime": "2021-09-28 16:09:40", "elapsed": 4.324097, "delta": 0.298923}}
{"target": -37.61171249602807, "params": {"C": 967.059992462923, "epsilon": 0.43812491821456806, "gamma": 0.0016322497269469008}, "datetime": {"datetime": "2021-09-28 16:09:40", "elapsed": 4.4871, "delta": 0.163003}}
{"target": -37.80612395513927, "params": {"C": 941.0785430354026, "epsilon": 0.2814981325174104, "gamma": 0.006706115878049813}, "datetime": {"datetime": "2021-09-28 16:09:40", "elapsed": 4.620107, "delta": 0.133007}}
{"target": -37.608801878927316, "params": {"C": 1004.9152652733944, "epsilon": 2.0253288940903116, "gamma": 0.005426220685743456}, "datetime": {"datetime": "2021-09-28 16:09:40", "elapsed": 4.757432, "delta": 0.137325}}
{"target": -36.91162659325837, "params": {"C": 1057.5580169894304, "epsilon": 0.8703209606649133, "gamma": 0.003368010789787945}, "datetime": {"datetime": "2021-09-28 16:09:40", "elapsed": 4.939473, "delta": 0.182041}}
{"target": -37.01412174460409, "params": {"C": 1031.1690740546146, "epsilon": 0.7730199081377901, "gamma": 0.0038928477487628235}, "datetime": {"datetime": "2021-09-28 16:09:41", "elapsed": 5.109441, "delta": 0.169968}}
{"target": -38.13491594629127, "params": {"C": 961.2173475358575, "epsilon": 2.230095862435162, "gamma": 0.007748992803986837}, "datetime": {"datetime": "2021-09-28 16:09:41", "elapsed": 5.254437, "delta": 0.144996}}
{"target": -37.613910925593714, "params": {"C": 1020.0557927212694, "epsilon": 2.0313768569886133, "gamma": 0.005296199547593207}, "datetime": {"datetime": "2021-09-28 16:09:41", "elapsed": 5.440434, "delta": 0.185997}}
{"target": -37.14108262622279, "params": {"C": 1063.5336774613734, "epsilon": 0.5667126374936095, "gamma": 0.0007821505144887872}, "datetime": {"datetime": "2021-09-28 16:09:41", "elapsed": 5.634433, "delta": 0.193999}}
{"target": -37.88015657482509, "params": {"C": 1003.6345068879572, "epsilon": 0.15404956761187458, "gamma": 0.0069147719857245915}, "datetime": {"datetime": "2021-09-28 16:09:41", "elapsed": 5.819433, "delta": 0.185}}
{"target": -37.8257915581348, "params": {"C": 932.9975618518326, "epsilon": 0.8900300138411679, "gamma": 0.007179371119003214}, "datetime": {"datetime": "2021-09-28 16:09:41", "elapsed": 6.022434, "delta": 0.203001}}
{"target": -37.598735169462465, "params": {"C": 1093.1055435023522, "epsilon": 1.8968558098374024, "gamma": 0.0021097992226125407}, "datetime": {"datetime": "2021-09-28 16:09:42", "elapsed": 6.205434, "delta": 0.183}}
{"target": -37.17039319061235, "params": {"C": 1060.8597439771306, "epsilon": 1.4978267098612934, "gamma": 0.004159286063554107}, "datetime": {"datetime": "2021-09-28 16:09:42", "elapsed": 6.416434, "delta": 0.211}}
{"target": -37.15621654464705, "params": {"C": 915.4931127138489, "epsilon": 0.7860821642803935, "gamma": 0.0024981608247336565}, "datetime": {"datetime": "2021-09-28 16:09:42", "elapsed": 6.61043, "delta": 0.193996}}
{"target": -38.88780110163264, "params": {"C": 1095.8043413442829, "epsilon": 0.6880866401685491, "gamma": 0.009983824147100626}, "datetime": {"datetime": "2021-09-28 16:09:42", "elapsed": 6.831258, "delta": 0.220828}}
{"target": -36.67956667183544, "params": {"C": 903.8358533006317, "epsilon": 2.0403282937921197, "gamma": 0.0034341035052241464}, "datetime": {"datetime": "2021-09-28 16:09:42", "elapsed": 7.006256, "delta": 0.174998}}
{"target": -38.45304779928031, "params": {"C": 1029.3843734707089, "epsilon": 0.23911990776024972, "gamma": 0.008874946150058549}, "datetime": {"datetime": "2021-09-28 16:09:43", "elapsed": 7.179256, "delta": 0.173}}
{"target": -38.0132433258628, "params": {"C": 1077.1325496470001, "epsilon": 1.5448290085749101, "gamma": 0.00708282401173765}, "datetime": {"datetime": "2021-09-28 16:09:43", "elapsed": 7.399256, "delta": 0.22}}
{"target": -38.80767581596318, "params": {"C": 1064.3797295478264, "epsilon": 2.861399223644007, "gamma": 0.009884034640055859}, "datetime": {"datetime": "2021-09-28 16:09:43", "elapsed": 7.672255, "delta": 0.272999}}
{"target": -38.64167547469462, "params": {"C": 1003.2147036393924, "epsilon": 2.1349471643283184, "gamma": 0.008986180097516682}, "datetime": {"datetime": "2021-09-28 16:09:43", "elapsed": 7.933262, "delta": 0.261007}}
{"target": -36.47292279571373, "params": {"C": 1099.7920381692493, "epsilon": 0.10479302037077276, "gamma": 0.0005083177250402873}, "datetime": {"datetime": "2021-09-28 16:09:44", "elapsed": 8.17726, "delta": 0.243998}}
{"target": -37.824662170587935, "params": {"C": 1067.9238666303384, "epsilon": 2.117010242609934, "gamma": 0.006362487597281464}, "datetime": {"datetime": "2021-09-28 16:09:44", "elapsed": 8.420259, "delta": 0.242999}}
{"target": -37.893118591783335, "params": {"C": 1082.487241334993, "epsilon": 0.41898159805352564, "gamma": 0.0057929617010157065}, "datetime": {"datetime": "2021-09-28 16:09:44", "elapsed": 8.657258, "delta": 0.236999}}
{"target": -38.5038494731914, "params": {"C": 1088.995834245241, "epsilon": 0.3571942219110591, "gamma": 0.008646473909434519}, "datetime": {"datetime": "2021-09-28 16:09:44", "elapsed": 8.93749, "delta": 0.280232}}
{"target": -37.39506300957776, "params": {"C": 914.9595382576881, "epsilon": 0.12963015692099478, "gamma": 0.0022671519429102232}, "datetime": {"datetime": "2021-09-28 16:09:45", "elapsed": 9.154121, "delta": 0.216631}}
{"target": -38.2623387803683, "params": {"C": 1094.6398578739734, "epsilon": 0.43031738889370913, "gamma": 0.007968975407552746}, "datetime": {"datetime": "2021-09-28 16:09:45", "elapsed": 9.426118, "delta": 0.271997}}
{"target": -37.44789020529634, "params": {"C": 971.0675458431084, "epsilon": 2.9966279653481855, "gamma": 0.005201007257974597}, "datetime": {"datetime": "2021-09-28 16:09:45", "elapsed": 9.644116, "delta": 0.217998}}
{"target": -37.51893790963022, "params": {"C": 994.3989130370553, "epsilon": 2.4371459261236503, "gamma": 0.0017138925834501348}, "datetime": {"datetime": "2021-09-28 16:09:45", "elapsed": 9.856118, "delta": 0.212002}}
{"target": -37.07715425004016, "params": {"C": 1077.6030888286678, "epsilon": 1.9140642534327867, "gamma": 0.003998454162088206}, "datetime": {"datetime": "2021-09-28 16:09:46", "elapsed": 10.115116, "delta": 0.258998}}
{"target": -37.45526165635075, "params": {"C": 957.7920985930404, "epsilon": 2.555503133656325, "gamma": 0.0016296569387024655}, "datetime": {"datetime": "2021-09-28 16:09:46", "elapsed": 10.347125, "delta": 0.232009}}
{"target": -37.88257165626259, "params": {"C": 1035.025461075411, "epsilon": 0.2647041543857846, "gamma": 0.006604232926176335}, "datetime": {"datetime": "2021-09-28 16:09:46", "elapsed": 10.566117, "delta": 0.218992}}
{"target": -37.79238207071631, "params": {"C": 1011.6337648193833, "epsilon": 1.9588346028064192, "gamma": 0.006476484635728651}, "datetime": {"datetime": "2021-09-28 16:09:46", "elapsed": 10.812353, "delta": 0.246236}}
{"target": -36.98275884911409, "params": {"C": 1005.377065443178, "epsilon": 1.7387083663208582, "gamma": 0.002761656170172326}, "datetime": {"datetime": "2021-09-28 16:09:46", "elapsed": 11.050349, "delta": 0.237996}}
{"target": -37.773204923766784, "params": {"C": 944.3631851744184, "epsilon": 0.27419253127035376, "gamma": 0.005815440313615135}, "datetime": {"datetime": "2021-09-28 16:09:47", "elapsed": 11.260363, "delta": 0.210014}}
{"target": -38.190692260077476, "params": {"C": 1022.1262127248049, "epsilon": 1.9687152293783519, "gamma": 0.007563044408719374}, "datetime": {"datetime": "2021-09-28 16:09:47", "elapsed": 11.489447, "delta": 0.229084}}
{"target": -37.020260329191586, "params": {"C": 1022.393221476555, "epsilon": 0.8155660710688383, "gamma": 0.003925932740278998}, "datetime": {"datetime": "2021-09-28 16:09:47", "elapsed": 11.733442, "delta": 0.243995}}
{"target": -37.65564390670461, "params": {"C": 917.9956979341349, "epsilon": 2.231376084432659, "gamma": 0.006544978652746869}, "datetime": {"datetime": "2021-09-28 16:09:47", "elapsed": 12.013987, "delta": 0.280545}}
{"target": -37.518476338698505, "params": {"C": 1029.9452166183958, "epsilon": 2.4800834814755865, "gamma": 0.0022481688400744913}, "datetime": {"datetime": "2021-09-28 16:09:48", "elapsed": 12.269975, "delta": 0.255988}}
{"target": -38.081223221085224, "params": {"C": 970.4539340711809, "epsilon": 0.5459844528771801, "gamma": 0.008010981813264904}, "datetime": {"datetime": "2021-09-28 16:09:48", "elapsed": 12.499478, "delta": 0.229503}}
{"target": -37.273520265205484, "params": {"C": 1055.208520832759, "epsilon": 2.5271254073921154, "gamma": 0.0008619208494965073}, "datetime": {"datetime": "2021-09-28 16:09:48", "elapsed": 12.760671, "delta": 0.261193}}
{"target": -36.78113320962738, "params": {"C": 1053.4031941140263, "epsilon": 1.4158674670097497, "gamma": 0.0030229033389877194}, "datetime": {"datetime": "2021-09-28 16:09:48", "elapsed": 12.97942, "delta": 0.218749}}
{"target": -37.0998360227799, "params": {"C": 945.2485327447891, "epsilon": 1.2113137792135218, "gamma": 0.0008461039456376079}, "datetime": {"datetime": "2021-09-28 16:09:49", "elapsed": 13.311456, "delta": 0.332036}}
{"target": -37.14232037570366, "params": {"C": 922.5214083006974, "epsilon": 1.0729768704008404, "gamma": 0.004470407860075852}, "datetime": {"datetime": "2021-09-28 16:09:49", "elapsed": 13.551458, "delta": 0.240002}}
{"target": -38.758058216704164, "params": {"C": 1049.874689855491, "epsilon": 2.6773367360312865, "gamma": 0.009502757299005427}, "datetime": {"datetime": "2021-09-28 16:09:49", "elapsed": 14.011455, "delta": 0.459997}}
{"target": -37.69790938774536, "params": {"C": 924.7075664094075, "epsilon": 1.312857292129212, "gamma": 0.006052893801839}, "datetime": {"datetime": "2021-09-28 16:09:50", "elapsed": 14.365039, "delta": 0.353584}}
{"target": -36.88980576015851, "params": {"C": 915.3185190258849, "epsilon": 1.434774124710005, "gamma": 0.003873075421969333}, "datetime": {"datetime": "2021-09-28 16:09:50", "elapsed": 14.660032, "delta": 0.294993}}
{"target": -38.30429081028767, "params": {"C": 962.9946035335103, "epsilon": 0.8469460777458394, "gamma": 0.008658959824896064}, "datetime": {"datetime": "2021-09-28 16:09:50", "elapsed": 14.913251, "delta": 0.253219}}
{"target": -38.57044865953492, "params": {"C": 996.2559367883011, "epsilon": 1.6220976471454234, "gamma": 0.00899771145043172}, "datetime": {"datetime": "2021-09-28 16:09:51", "elapsed": 15.23825, "delta": 0.324999}}
{"target": -37.399340304376636, "params": {"C": 1003.1564825028803, "epsilon": 0.41682191923315226, "gamma": 0.0046218262150475335}, "datetime": {"datetime": "2021-09-28 16:09:51", "elapsed": 15.598249, "delta": 0.359999}}
{"target": -37.659225085769485, "params": {"C": 1092.6091867512482, "epsilon": 1.6137810250154352, "gamma": 0.004880514046782105}, "datetime": {"datetime": "2021-09-28 16:09:51", "elapsed": 15.924249, "delta": 0.326}}
{"target": -37.33280213668296, "params": {"C": 959.3885829570418, "epsilon": 2.206694261726618, "gamma": 0.0047737256989951755}, "datetime": {"datetime": "2021-09-28 16:09:52", "elapsed": 16.20529, "delta": 0.281041}}
{"target": -37.81557004732612, "params": {"C": 1047.4087891865242, "epsilon": 1.102984223076161, "gamma": 0.005807644211033987}, "datetime": {"datetime": "2021-09-28 16:09:52", "elapsed": 16.540632, "delta": 0.335342}}
{"target": -37.711498649701255, "params": {"C": 964.6584062567706, "epsilon": 0.5136741417503587, "gamma": 0.0054752657485799645}, "datetime": {"datetime": "2021-09-28 16:09:52", "elapsed": 16.804252, "delta": 0.26362}}
{"target": -37.34614838130608, "params": {"C": 920.6464379989627, "epsilon": 2.188919082194781, "gamma": 0.0015441210319920367}, "datetime": {"datetime": "2021-09-28 16:09:53", "elapsed": 17.209252, "delta": 0.405}}
{"target": -38.55125822469378, "params": {"C": 1089.0263997350066, "epsilon": 1.0363616657147892, "gamma": 0.008619690987679687}, "datetime": {"datetime": "2021-09-28 16:09:53", "elapsed": 17.495263, "delta": 0.286011}}
{"target": -37.74059192754298, "params": {"C": 1022.4704068573333, "epsilon": 1.3659781696146527, "gamma": 0.005533305680830591}, "datetime": {"datetime": "2021-09-28 16:09:53", "elapsed": 17.776807, "delta": 0.281544}}
{"target": -37.638218395561566, "params": {"C": 904.779739672867, "epsilon": 0.8030884262555791, "gamma": 0.005534973238328143}, "datetime": {"datetime": "2021-09-28 16:09:54", "elapsed": 18.151107, "delta": 0.3743}}
{"target": -38.07061951040872, "params": {"C": 960.070076781104, "epsilon": 1.9707904458472028, "gamma": 0.007660590946279237}, "datetime": {"datetime": "2021-09-28 16:09:54", "elapsed": 18.457729, "delta": 0.306622}}
{"target": -38.540511062843926, "params": {"C": 919.6564819329666, "epsilon": 2.1816782728208612, "gamma": 0.00921028001209516}, "datetime": {"datetime": "2021-09-28 16:09:54", "elapsed": 18.759004, "delta": 0.301275}}
{"target": -38.33640500149852, "params": {"C": 910.5386531679135, "epsilon": 1.166473093366109, "gamma": 0.0089325850663495}, "datetime": {"datetime": "2021-09-28 16:09:55", "elapsed": 19.090476, "delta": 0.331472}}
{"target": -37.114513247506615, "params": {"C": 913.400781106372, "epsilon": 2.4886409624770285, "gamma": 0.0008058646751258852}, "datetime": {"datetime": "2021-09-28 16:09:55", "elapsed": 19.41152, "delta": 0.321044}}
{"target": -38.22236530729985, "params": {"C": 1011.2210117436176, "epsilon": 1.2130656822276833, "gamma": 0.007816554036032822}, "datetime": {"datetime": "2021-09-28 16:09:55", "elapsed": 19.688108, "delta": 0.276588}}
{"target": -38.10919293034805, "params": {"C": 958.2431957717129, "epsilon": 0.31308350108532274, "gamma": 0.008315411245061372}, "datetime": {"datetime": "2021-09-28 16:09:55", "elapsed": 19.975114, "delta": 0.287006}}
{"target": -37.81079278988395, "params": {"C": 1001.9933145304462, "epsilon": 0.216478223015621, "gamma": 0.005645230276332265}, "datetime": {"datetime": "2021-09-28 16:09:56", "elapsed": 20.259443, "delta": 0.284329}}
{"target": -37.55955481405718, "params": {"C": 1098.0250062910293, "epsilon": 2.2349506742900074, "gamma": 0.0014977983899726293}, "datetime": {"datetime": "2021-09-28 16:09:56", "elapsed": 20.565438, "delta": 0.305995}}
{"target": -36.85071876916371, "params": {"C": 935.7179604835044, "epsilon": 1.4929493977409665, "gamma": 0.0036232454937472586}, "datetime": {"datetime": "2021-09-28 16:09:56", "elapsed": 20.861572, "delta": 0.296134}}
{"target": -37.53474191615787, "params": {"C": 998.8764765621689, "epsilon": 2.489684567151519, "gamma": 0.005488693218934217}, "datetime": {"datetime": "2021-09-28 16:09:57", "elapsed": 21.165881, "delta": 0.304309}}
{"target": -37.80639797326517, "params": {"C": 992.3566236518432, "epsilon": 2.1023664107193567, "gamma": 0.006803921947615}, "datetime": {"datetime": "2021-09-28 16:09:57", "elapsed": 21.493307, "delta": 0.327426}}
{"target": -37.36112714177974, "params": {"C": 1072.1214298198734, "epsilon": 1.7284343022671822, "gamma": 0.0011165581650250242}, "datetime": {"datetime": "2021-09-28 16:09:57", "elapsed": 21.782946, "delta": 0.289639}}
{"target": -35.92307754887229, "params": {"C": 936.3927495487652, "epsilon": 1.4781583959854874, "gamma": 0.00014045495565888398}, "datetime": {"datetime": "2021-09-28 16:09:58", "elapsed": 22.074531, "delta": 0.291585}}
{"target": -36.00955725161196, "params": {"C": 1013.0621041703656, "epsilon": 2.6544322686201993, "gamma": 0.00014143061327533135}, "datetime": {"datetime": "2021-09-28 16:09:58", "elapsed": 22.42021, "delta": 0.345679}}
{"target": -37.56031221507949, "params": {"C": 976.66162892928, "epsilon": 2.211222898075172, "gamma": 0.005451887417195808}, "datetime": {"datetime": "2021-09-28 16:09:58", "elapsed": 22.735549, "delta": 0.315339}}
{"target": -37.00685481647849, "params": {"C": 1062.3877894344903, "epsilon": 1.4776601868172572, "gamma": 0.0038292008648381968}, "datetime": {"datetime": "2021-09-28 16:09:58", "elapsed": 23.047312, "delta": 0.311763}}
{"target": -38.120143606504165, "params": {"C": 1076.4385236320918, "epsilon": 1.2942061349889797, "gamma": 0.007272277581132068}, "datetime": {"datetime": "2021-09-28 16:09:59", "elapsed": 23.400998, "delta": 0.353686}}
{"target": -37.43693566524986, "params": {"C": 1089.0030273304199, "epsilon": 0.4157627002346848, "gamma": 0.0010488836845657266}, "datetime": {"datetime": "2021-09-28 16:09:59", "elapsed": 23.72123, "delta": 0.320232}}
{"target": -37.2302735533919, "params": {"C": 933.5905547219465, "epsilon": 2.5628577236538055, "gamma": 0.004781915076335319}, "datetime": {"datetime": "2021-09-28 16:10:00", "elapsed": 24.062904, "delta": 0.341674}}
{"target": -37.445593906441175, "params": {"C": 985.7988848812266, "epsilon": 0.7649168928515652, "gamma": 0.004740054618544159}, "datetime": {"datetime": "2021-09-28 16:10:00", "elapsed": 24.461844, "delta": 0.39894}}
{"target": -38.22285190414154, "params": {"C": 1051.4696651894246, "epsilon": 1.1635274563897005, "gamma": 0.0076353152306852115}, "datetime": {"datetime": "2021-09-28 16:10:00", "elapsed": 24.811748, "delta": 0.349904}}
{"target": -38.01147236731383, "params": {"C": 910.3172969732929, "epsilon": 1.0807471897046808, "gamma": 0.007942961178358349}, "datetime": {"datetime": "2021-09-28 16:10:01", "elapsed": 25.175995, "delta": 0.364247}}
{"target": -38.140663920800186, "params": {"C": 1002.09436525423, "epsilon": 0.07635182158100934, "gamma": 0.008264578130101296}, "datetime": {"datetime": "2021-09-28 16:10:01", "elapsed": 25.546588, "delta": 0.370593}}
{"target": -35.850166140912606, "params": {"C": 1093.703987695177, "epsilon": 2.936004801309404, "gamma": 0.0002628315257565575}, "datetime": {"datetime": "2021-09-28 16:10:01", "elapsed": 25.893758, "delta": 0.34717}}
{"target": -38.71026975467781, "params": {"C": 1098.7289516608507, "epsilon": 1.4192928060585859, "gamma": 0.008889768995540174}, "datetime": {"datetime": "2021-09-28 16:10:02", "elapsed": 26.267714, "delta": 0.373956}}
{"target": -37.432966006550195, "params": {"C": 916.5878211683429, "epsilon": 2.8794571506914632, "gamma": 0.005639523688154366}, "datetime": {"datetime": "2021-09-28 16:10:02", "elapsed": 26.585409, "delta": 0.317695}}
{"target": -37.72516430157381, "params": {"C": 1023.542050455336, "epsilon": 0.9195179547589637, "gamma": 0.005278230970856294}, "datetime": {"datetime": "2021-09-28 16:10:02", "elapsed": 26.931591, "delta": 0.346182}}
{"target": -37.264396184194126, "params": {"C": 948.0928621003374, "epsilon": 1.2723005622157073, "gamma": 0.004593053694625946}, "datetime": {"datetime": "2021-09-28 16:10:03", "elapsed": 27.280604, "delta": 0.349013}}
{"target": -37.34613832605455, "params": {"C": 996.8640907732761, "epsilon": 2.7837215205637578, "gamma": 0.0011514740388241845}, "datetime": {"datetime": "2021-09-28 16:10:03", "elapsed": 27.632035, "delta": 0.351431}}
{"target": -37.11240329454525, "params": {"C": 926.4891668799487, "epsilon": 1.3375683520479065, "gamma": 0.0007461206638712209}, "datetime": {"datetime": "2021-09-28 16:10:03", "elapsed": 28.05208, "delta": 0.420045}}
{"target": -38.294372547103336, "params": {"C": 969.4070506494155, "epsilon": 0.2540446991966456, "gamma": 0.008859981170805643}, "datetime": {"datetime": "2021-09-28 16:10:04", "elapsed": 28.479038, "delta": 0.426958}}
{"target": -37.36866341847897, "params": {"C": 1060.630540495536, "epsilon": 1.3111791221372435, "gamma": 0.0010328130001682654}, "datetime": {"datetime": "2021-09-28 16:10:04", "elapsed": 28.881337, "delta": 0.402299}}
{"target": -37.28423482898043, "params": {"C": 1066.175841286664, "epsilon": 0.9496837514039622, "gamma": 0.004266198291113161}, "datetime": {"datetime": "2021-09-28 16:10:05", "elapsed": 29.23496, "delta": 0.353623}}
{"target": -37.47618735699507, "params": {"C": 904.7352221007734, "epsilon": 2.2422607899232623, "gamma": 0.0023293609633431222}, "datetime": {"datetime": "2021-09-28 16:10:05", "elapsed": 29.703961, "delta": 0.469001}}
{"target": -38.57308704144229, "params": {"C": 949.7331070804743, "epsilon": 2.6334130082490854, "gamma": 0.009143557948563455}, "datetime": {"datetime": "2021-09-28 16:10:06", "elapsed": 30.083633, "delta": 0.379672}}
{"target": -38.77973746720934, "params": {"C": 1059.4616501689875, "epsilon": 1.727640680873834, "gamma": 0.009445925697524052}, "datetime": {"datetime": "2021-09-28 16:10:06", "elapsed": 30.422293, "delta": 0.33866}}
{"target": -38.637512280413084, "params": {"C": 969.9118723379694, "epsilon": 1.4916595595057793, "gamma": 0.009380904103622882}, "datetime": {"datetime": "2021-09-28 16:10:06", "elapsed": 30.854035, "delta": 0.431742}}
{"target": -36.98521087305364, "params": {"C": 1032.2739041722994, "epsilon": 2.389299512726779, "gamma": 0.0027161652921907473}, "datetime": {"datetime": "2021-09-28 16:10:07", "elapsed": 31.294029, "delta": 0.439994}}
