{"target": -44.21528586009195, "params": {"C": 297.5632153150584, "epsilon": 2.7997548719632834, "gamma": 0.027217324200900755}, "datetime": {"datetime": "2021-09-24 16:56:05", "elapsed": 734.373083, "delta": 2.39273}}
{"target": -43.0819501200004, "params": {"C": 202.1687518561604, "epsilon": 0.7091868810308211, "gamma": 0.0066954614044875795}, "datetime": {"datetime": "2021-09-24 16:56:08", "elapsed": 737.060054, "delta": 2.686971}}
{"target": -44.01925314203845, "params": {"C": 264.9491971704402, "epsilon": 3.2065473538799973, "gamma": 0.026582814362365755}, "datetime": {"datetime": "2021-09-24 16:56:11", "elapsed": 739.581432, "delta": 2.521378}}
{"target": -44.13201749417194, "params": {"C": 242.64203311367186, "epsilon": 0.7646691266109397, "gamma": 0.02729869612616917}, "datetime": {"datetime": "2021-09-24 16:56:14", "elapsed": 743.387702, "delta": 3.80627}}
{"target": -43.114183546115875, "params": {"C": 279.2388375523821, "epsilon": 3.3803722529783355, "gamma": 0.014977628327553174}, "datetime": {"datetime": "2021-09-24 16:56:17", "elapsed": 746.128859, "delta": 2.741157}}
{"target": -42.94882221026537, "params": {"C": 200.83401055581444, "epsilon": 1.7743680984776267, "gamma": 0.015340297236331644}, "datetime": {"datetime": "2021-09-24 16:56:20", "elapsed": 748.778903, "delta": 2.650044}}
{"target": -42.82987583710019, "params": {"C": 238.74918900917692, "epsilon": 0.9891241916340715, "gamma": 0.01387564179450582}, "datetime": {"datetime": "2021-09-24 16:56:23", "elapsed": 751.602456, "delta": 2.823553}}
{"target": -43.274976554445765, "params": {"C": 228.39807657979472, "epsilon": 1.6867544050743493, "gamma": 0.01959464909392501}, "datetime": {"datetime": "2021-09-24 16:56:25", "elapsed": 754.392727, "delta": 2.790271}}
{"target": -43.91337825100737, "params": {"C": 220.44609999254752, "epsilon": 3.20801189230783, "gamma": 0.027419840370844377}, "datetime": {"datetime": "2021-09-24 16:56:30", "elapsed": 758.510616, "delta": 4.117889}}
{"target": -43.5328875288772, "params": {"C": 208.9677089942258, "epsilon": 2.304672229886797, "gamma": 0.02275082748101626}, "datetime": {"datetime": "2021-09-24 16:56:32", "elapsed": 761.369295, "delta": 2.858679}}
{"target": -43.433236431551016, "params": {"C": 285.5141925199205, "epsilon": 1.2469589206430527, "gamma": 0.017780841816403305}, "datetime": {"datetime": "2021-09-24 16:56:35", "elapsed": 764.399487, "delta": 3.030192}}
{"target": -43.12216620107483, "params": {"C": 257.1330384377564, "epsilon": 3.393339643578756, "gamma": 0.01559776693913702}, "datetime": {"datetime": "2021-09-24 16:56:38", "elapsed": 767.341318, "delta": 2.941831}}
{"target": -43.70807418896398, "params": {"C": 293.3207933287371, "epsilon": 1.594499208146997, "gamma": 0.01878569441716763}, "datetime": {"datetime": "2021-09-24 16:56:42", "elapsed": 770.503239, "delta": 3.161921}}
{"target": -43.96165817354994, "params": {"C": 207.90268100941967, "epsilon": 1.6948913897521798, "gamma": 0.028313906433224043}, "datetime": {"datetime": "2021-09-24 16:56:44", "elapsed": 773.378415, "delta": 2.875176}}
{"target": -42.64082118579313, "params": {"C": 254.68221853282708, "epsilon": 2.846622772222243, "gamma": 0.009826769624606378}, "datetime": {"datetime": "2021-09-24 16:56:48", "elapsed": 776.990832, "delta": 3.612417}}
{"target": -42.940934446124395, "params": {"C": 203.34560346109345, "epsilon": 0.177086729510282, "gamma": 0.017166211502932332}, "datetime": {"datetime": "2021-09-24 16:56:51", "elapsed": 780.404289, "delta": 3.413457}}
{"target": -43.21710412812191, "params": {"C": 233.45215960747365, "epsilon": 3.796064133501426, "gamma": 0.018248477021656582}, "datetime": {"datetime": "2021-09-24 16:56:54", "elapsed": 783.404196, "delta": 2.999907}}
{"target": -43.518264788653696, "params": {"C": 233.07619318862038, "epsilon": 0.4115999981153867, "gamma": 0.0011017864276043655}, "datetime": {"datetime": "2021-09-24 16:56:58", "elapsed": 786.995023, "delta": 3.590827}}
{"target": -43.60299535693595, "params": {"C": 343.5994902142004, "epsilon": 0.1329271403567286, "gamma": 0.016895178106270437}, "datetime": {"datetime": "2021-09-24 16:58:08", "elapsed": 0.0, "delta": 0.0}}
{"target": -42.66246997658463, "params": {"C": 343.53223926182767, "epsilon": 1.6988601742873315, "gamma": 0.010512743291212736}, "datetime": {"datetime": "2021-09-24 16:58:08", "elapsed": 0.055998, "delta": 0.055998}}
{"target": -42.61932177969777, "params": {"C": 320.46486340378425, "epsilon": 2.488505736412135, "gamma": 0.009619951003928623}, "datetime": {"datetime": "2021-09-24 16:58:08", "elapsed": 0.105996, "delta": 0.049998}}
{"target": -43.49725951336475, "params": {"C": 326.68272751028667, "epsilon": 2.4959013160941006, "gamma": 0.016298034943461836}, "datetime": {"datetime": "2021-09-24 16:58:08", "elapsed": 0.156996, "delta": 0.051}}
{"target": -42.96224637033248, "params": {"C": 313.45799453449337, "epsilon": 2.068905141425013, "gamma": 0.006267200090325234}, "datetime": {"datetime": "2021-09-24 16:58:08", "elapsed": 0.210112, "delta": 0.053116}}
{"target": -43.63144548516027, "params": {"C": 363.1908180521357, "epsilon": 1.1057334591447376, "gamma": 0.015969255247722802}, "datetime": {"datetime": "2021-09-24 16:58:08", "elapsed": 0.324107, "delta": 0.113995}}
{"target": -43.83287304990857, "params": {"C": 342.0609828256476, "epsilon": 1.8346953645461086, "gamma": 0.017694490336637267}, "datetime": {"datetime": "2021-09-24 16:58:08", "elapsed": 0.488106, "delta": 0.163999}}
{"target": -43.13699216545106, "params": {"C": 319.53451923532, "epsilon": 2.502176447426823, "gamma": 0.014587668511882835}, "datetime": {"datetime": "2021-09-24 16:58:08", "elapsed": 0.61111, "delta": 0.123004}}
{"target": -44.02690902770224, "params": {"C": 343.4906538323126, "epsilon": 1.7225277264940244, "gamma": 0.020533676082807845}, "datetime": {"datetime": "2021-09-24 16:58:09", "elapsed": 0.687112, "delta": 0.076002}}
{"target": -43.60867864179581, "params": {"C": 339.3435866798245, "epsilon": 3.310022964927116, "gamma": 0.016452801592922457}, "datetime": {"datetime": "2021-09-24 16:58:09", "elapsed": 0.769113, "delta": 0.082001}}
{"target": -44.32731630430308, "params": {"C": 347.96924789706895, "epsilon": 3.4790268906762756, "gamma": 0.026173256052193256}, "datetime": {"datetime": "2021-09-24 16:58:09", "elapsed": 0.899811, "delta": 0.130698}}
{"target": -42.783201143959246, "params": {"C": 311.9993835494666, "epsilon": 1.6416370639872948, "gamma": 0.011790654589655317}, "datetime": {"datetime": "2021-09-24 16:58:09", "elapsed": 1.040982, "delta": 0.141171}}
{"target": -44.308339501586666, "params": {"C": 313.8654694941486, "epsilon": 1.9112696869645032, "gamma": 0.026432978873533845}, "datetime": {"datetime": "2021-09-24 16:58:09", "elapsed": 1.187983, "delta": 0.147001}}
{"target": -43.642199555891395, "params": {"C": 348.6359353574542, "epsilon": 3.5810044451384972, "gamma": 0.001250046809545405}, "datetime": {"datetime": "2021-09-24 16:58:09", "elapsed": 1.322983, "delta": 0.135}}
{"target": -43.913993079648655, "params": {"C": 316.6534563409806, "epsilon": 1.396269361631948, "gamma": 0.02025282391908405}, "datetime": {"datetime": "2021-09-24 16:58:09", "elapsed": 1.491984, "delta": 0.169001}}
{"target": -44.09289997537572, "params": {"C": 338.23328450754593, "epsilon": 0.45930922007128894, "gamma": 0.020797068730151667}, "datetime": {"datetime": "2021-09-24 16:58:09", "elapsed": 1.642983, "delta": 0.150999}}
{"target": -42.70653850371799, "params": {"C": 340.4472216470425, "epsilon": 2.5567144925029703, "gamma": 0.007998063856704579}, "datetime": {"datetime": "2021-09-24 16:58:10", "elapsed": 1.790982, "delta": 0.147999}}
{"target": -44.105386870598736, "params": {"C": 381.9955580702805, "epsilon": 1.9932335167988007, "gamma": 0.02029451991332252}, "datetime": {"datetime": "2021-09-24 16:58:10", "elapsed": 1.910979, "delta": 0.119997}}
{"target": -42.904206364469474, "params": {"C": 311.75586194544087, "epsilon": 1.7531991747614475, "gamma": 0.012293426788614312}, "datetime": {"datetime": "2021-09-24 16:58:10", "elapsed": 2.040981, "delta": 0.130002}}
{"target": -43.33120049715943, "params": {"C": 317.95858496475853, "epsilon": 1.4128187419007538, "gamma": 0.0036587704523572667}, "datetime": {"datetime": "2021-09-24 16:58:10", "elapsed": 2.190702, "delta": 0.149721}}
{"target": -42.85215928413459, "params": {"C": 336.44313691388976, "epsilon": 2.391849422193985, "gamma": 0.006282845441521598}, "datetime": {"datetime": "2021-09-24 16:58:10", "elapsed": 2.378706, "delta": 0.188004}}
{"target": -43.540316154103, "params": {"C": 312.55584692632, "epsilon": 2.5697754474595675, "gamma": 0.0028383792850137954}, "datetime": {"datetime": "2021-09-24 16:58:10", "elapsed": 2.524707, "delta": 0.146001}}
{"target": -42.62291118091662, "params": {"C": 371.4422017891798, "epsilon": 0.895861424080083, "gamma": 0.009146173815258209}, "datetime": {"datetime": "2021-09-24 16:58:11", "elapsed": 2.708702, "delta": 0.183995}}
{"target": -43.62365190137885, "params": {"C": 304.7275010581174, "epsilon": 3.4808077137481424, "gamma": 0.002712267459283677}, "datetime": {"datetime": "2021-09-24 16:58:11", "elapsed": 2.904705, "delta": 0.196003}}
{"target": -44.33635499956423, "params": {"C": 331.53601719738674, "epsilon": 1.711783211624543, "gamma": 0.025375083833218823}, "datetime": {"datetime": "2021-09-24 16:58:11", "elapsed": 3.116856, "delta": 0.212151}}
{"target": -42.9065880401673, "params": {"C": 324.2239045488102, "epsilon": 2.007163297516704, "gamma": 0.006380016235708887}, "datetime": {"datetime": "2021-09-24 16:58:11", "elapsed": 3.317853, "delta": 0.200997}}
{"target": -42.642168134738405, "params": {"C": 310.1215044845265, "epsilon": 2.7948666211291084, "gamma": 0.010256125253915631}, "datetime": {"datetime": "2021-09-24 16:58:11", "elapsed": 3.530855, "delta": 0.213002}}
{"target": -43.79540319031863, "params": {"C": 330.7739842610015, "epsilon": 2.6146965620925453, "gamma": 0.017950861919611313}, "datetime": {"datetime": "2021-09-24 16:58:12", "elapsed": 3.741859, "delta": 0.211004}}
{"target": -42.754275276144156, "params": {"C": 325.2108321931296, "epsilon": 2.430284300728081, "gamma": 0.0067482010381028235}, "datetime": {"datetime": "2021-09-24 16:58:12", "elapsed": 3.894856, "delta": 0.152997}}
{"target": -43.53237274196073, "params": {"C": 330.72367288223234, "epsilon": 3.5448497202178504, "gamma": 0.0033689515544683985}, "datetime": {"datetime": "2021-09-24 16:58:12", "elapsed": 4.099857, "delta": 0.205001}}
{"target": -43.17723275597784, "params": {"C": 301.1729840443636, "epsilon": 3.700733926646239, "gamma": 0.004474213732295341}, "datetime": {"datetime": "2021-09-24 16:58:12", "elapsed": 4.287784, "delta": 0.187927}}
{"target": -43.73238388496376, "params": {"C": 310.33064923926844, "epsilon": 3.596071437252957, "gamma": 0.018791113188666077}, "datetime": {"datetime": "2021-09-24 16:58:12", "elapsed": 4.539834, "delta": 0.25205}}
{"target": -43.86803115778308, "params": {"C": 366.5517572013392, "epsilon": 2.85193768035939, "gamma": 0.0013287849134339964}, "datetime": {"datetime": "2021-09-24 16:58:13", "elapsed": 4.72283, "delta": 0.182996}}
{"target": -42.78299274832452, "params": {"C": 386.7800807960191, "epsilon": 3.8023257829301205, "gamma": 0.008348067956595689}, "datetime": {"datetime": "2021-09-24 16:58:13", "elapsed": 4.891828, "delta": 0.168998}}
{"target": -42.61336241653374, "params": {"C": 367.146053052103, "epsilon": 1.0678803006036226, "gamma": 0.008814891923383734}, "datetime": {"datetime": "2021-09-24 16:58:13", "elapsed": 5.171378, "delta": 0.27955}}
{"target": -44.88124003352604, "params": {"C": 374.43497294498053, "epsilon": 2.788360318877663, "gamma": 0.028270421507336926}, "datetime": {"datetime": "2021-09-24 16:58:13", "elapsed": 5.375383, "delta": 0.204005}}
{"target": -43.1529202454346, "params": {"C": 333.5299962314615, "epsilon": 0.6086548600572975, "gamma": 0.005403885561025738}, "datetime": {"datetime": "2021-09-24 16:58:13", "elapsed": 5.616378, "delta": 0.240995}}
{"target": -43.962852941722744, "params": {"C": 320.5392715177013, "epsilon": 0.4013163007983058, "gamma": 0.02031797697487369}, "datetime": {"datetime": "2021-09-24 16:58:14", "elapsed": 5.848383, "delta": 0.232005}}
{"target": -43.7303925693777, "params": {"C": 352.4576326366972, "epsilon": 2.709755154897812, "gamma": 0.01655586080354894}, "datetime": {"datetime": "2021-09-24 16:58:14", "elapsed": 6.074971, "delta": 0.226588}}
{"target": -42.76688912251309, "params": {"C": 378.7790084947152, "epsilon": 1.1807849996131063, "gamma": 0.010505971109376686}, "datetime": {"datetime": "2021-09-24 16:58:14", "elapsed": 6.357268, "delta": 0.282297}}
{"target": -42.947335107125355, "params": {"C": 365.5845370273073, "epsilon": 1.0519803385485251, "gamma": 0.01204867368575739}, "datetime": {"datetime": "2021-09-24 16:58:14", "elapsed": 6.628268, "delta": 0.271}}
{"target": -44.12481233831861, "params": {"C": 330.60867376792874, "epsilon": 2.980820464777457, "gamma": 0.02338340309050676}, "datetime": {"datetime": "2021-09-24 16:58:15", "elapsed": 6.862267, "delta": 0.233999}}
{"target": -43.70532102505676, "params": {"C": 360.0278963606347, "epsilon": 2.717761294513102, "gamma": 0.016173677458077}, "datetime": {"datetime": "2021-09-24 16:58:15", "elapsed": 7.206581, "delta": 0.344314}}
{"target": -43.46453918883809, "params": {"C": 381.7668387306867, "epsilon": 0.7788760156217505, "gamma": 0.002905109088042798}, "datetime": {"datetime": "2021-09-24 16:58:15", "elapsed": 7.357576, "delta": 0.150995}}
{"target": -44.19284090713469, "params": {"C": 351.8172534439786, "epsilon": 0.23260312884933046, "gamma": 0.020931299473190463}, "datetime": {"datetime": "2021-09-24 16:58:15", "elapsed": 7.539579, "delta": 0.182003}}
{"target": -44.03832179948923, "params": {"C": 316.4987809259163, "epsilon": 1.2068753434309558, "gamma": 0.021709060561918535}, "datetime": {"datetime": "2021-09-24 16:58:16", "elapsed": 7.77958, "delta": 0.240001}}
{"target": -42.7462320899152, "params": {"C": 396.5527717511762, "epsilon": 2.539685750268252, "gamma": 0.006807591654345952}, "datetime": {"datetime": "2021-09-24 16:58:16", "elapsed": 8.016583, "delta": 0.237003}}
{"target": -43.09405566318076, "params": {"C": 380.4298719885653, "epsilon": 2.011461166438591, "gamma": 0.012831840853477222}, "datetime": {"datetime": "2021-09-24 16:58:16", "elapsed": 8.215833, "delta": 0.19925}}
{"target": -42.689440402747756, "params": {"C": 307.74655635692443, "epsilon": 1.0692718213381667, "gamma": 0.007949139393914081}, "datetime": {"datetime": "2021-09-24 16:58:16", "elapsed": 8.457754, "delta": 0.241921}}
{"target": -45.52614708349242, "params": {"C": 397.90217067214144, "epsilon": 0.9395478364351918, "gamma": 0.02995245279602305}, "datetime": {"datetime": "2021-09-24 16:58:17", "elapsed": 8.735752, "delta": 0.277998}}
{"target": -42.66876880883925, "params": {"C": 301.91792665031585, "epsilon": 2.7296109791112757, "gamma": 0.010700243636567944}, "datetime": {"datetime": "2021-09-24 16:58:17", "elapsed": 9.051449, "delta": 0.315697}}
{"target": -44.71024500202664, "params": {"C": 364.6921867353544, "epsilon": 0.3452170836306073, "gamma": 0.026693023531990278}, "datetime": {"datetime": "2021-09-24 16:58:17", "elapsed": 9.32862, "delta": 0.277171}}
{"target": -44.22870908733194, "params": {"C": 388.56627482350007, "epsilon": 2.073681615219204, "gamma": 0.021425270579956118}, "datetime": {"datetime": "2021-09-24 16:58:17", "elapsed": 9.58362, "delta": 0.255}}
{"target": -45.080913765964354, "params": {"C": 382.18986477391314, "epsilon": 3.816523813893534, "gamma": 0.02965913212380055}, "datetime": {"datetime": "2021-09-24 16:58:18", "elapsed": 9.891621, "delta": 0.308001}}
{"target": -44.46692854975696, "params": {"C": 351.6073518196962, "epsilon": 2.8548650358064105, "gamma": 0.02701998392300358}, "datetime": {"datetime": "2021-09-24 16:58:18", "elapsed": 10.214365, "delta": 0.322744}}
{"target": -43.8222811535084, "params": {"C": 399.89601908462464, "epsilon": 0.16739856314503762, "gamma": 0.0021002066463305415}, "datetime": {"datetime": "2021-09-24 16:58:18", "elapsed": 10.514366, "delta": 0.300001}}
{"target": -44.029912005990596, "params": {"C": 383.96193331516923, "epsilon": 2.8311205945853413, "gamma": 0.019307918088978845}, "datetime": {"datetime": "2021-09-24 16:58:19", "elapsed": 10.775365, "delta": 0.260999}}
{"target": -44.03154379134135, "params": {"C": 391.2436206674966, "epsilon": 0.5833134192305759, "gamma": 0.017633857121167378}, "datetime": {"datetime": "2021-09-24 16:58:19", "elapsed": 11.13154, "delta": 0.356175}}
{"target": -44.794112660275886, "params": {"C": 394.4979171226205, "epsilon": 0.5015208606158402, "gamma": 0.02602145361258025}, "datetime": {"datetime": "2021-09-24 16:58:19", "elapsed": 11.510624, "delta": 0.379084}}
{"target": -42.75057421153486, "params": {"C": 307.47976912884405, "epsilon": 0.2002773334365953, "gamma": 0.00727011328673611}, "datetime": {"datetime": "2021-09-24 16:58:20", "elapsed": 11.810622, "delta": 0.299998}}
{"target": -44.62258123498551, "params": {"C": 397.3199289369867, "epsilon": 0.598319451119715, "gamma": 0.024030018622200496}, "datetime": {"datetime": "2021-09-24 16:58:20", "elapsed": 12.139622, "delta": 0.329}}
{"target": -43.4288078837023, "params": {"C": 335.5337729215542, "epsilon": 3.995536186206168, "gamma": 0.015893869818895023}, "datetime": {"datetime": "2021-09-24 16:58:20", "elapsed": 12.454625, "delta": 0.315003}}
{"target": -42.918318565375266, "params": {"C": 347.19945651852765, "epsilon": 3.254908078263052, "gamma": 0.0056438660786261525}, "datetime": {"datetime": "2021-09-24 16:58:21", "elapsed": 12.815619, "delta": 0.360994}}
{"target": -43.09309409246405, "params": {"C": 388.80154441433393, "epsilon": 2.5624658506596076, "gamma": 0.012359092537047147}, "datetime": {"datetime": "2021-09-24 16:58:21", "elapsed": 13.136218, "delta": 0.320599}}
{"target": -42.95864426381091, "params": {"C": 328.8960492965202, "epsilon": 3.41158634231931, "gamma": 0.005396264334973913}, "datetime": {"datetime": "2021-09-24 16:58:21", "elapsed": 13.350461, "delta": 0.214243}}
{"target": -44.15556278609037, "params": {"C": 367.5127305377054, "epsilon": 0.3790848592569406, "gamma": 0.020018502843609225}, "datetime": {"datetime": "2021-09-24 16:58:22", "elapsed": 13.66246, "delta": 0.311999}}
{"target": -44.00760395567841, "params": {"C": 355.81688240969163, "epsilon": 2.621731701614366, "gamma": 0.01964300029289937}, "datetime": {"datetime": "2021-09-24 16:58:22", "elapsed": 13.951461, "delta": 0.289001}}
{"target": -42.663649462465976, "params": {"C": 352.688532721589, "epsilon": 2.330334182825544, "gamma": 0.008723656015355017}, "datetime": {"datetime": "2021-09-24 16:58:22", "elapsed": 14.273206, "delta": 0.321745}}
{"target": -43.63741331625831, "params": {"C": 322.1815925872092, "epsilon": 0.39164533149159864, "gamma": 0.017699930618808122}, "datetime": {"datetime": "2021-09-24 16:58:22", "elapsed": 14.574941, "delta": 0.301735}}
{"target": -44.23505588462629, "params": {"C": 361.06310636240244, "epsilon": 2.6348114240186917, "gamma": 0.022836827504417553}, "datetime": {"datetime": "2021-09-24 16:58:23", "elapsed": 14.965944, "delta": 0.391003}}
{"target": -42.95203778890309, "params": {"C": 361.1966107382775, "epsilon": 1.108301868003764, "gamma": 0.012145923509304931}, "datetime": {"datetime": "2021-09-24 16:58:23", "elapsed": 15.298143, "delta": 0.332199}}
{"target": -43.84110555032952, "params": {"C": 308.99784896706745, "epsilon": 2.9825151901292624, "gamma": 0.01984433119140746}, "datetime": {"datetime": "2021-09-24 16:58:24", "elapsed": 15.668143, "delta": 0.37}}
{"target": -42.75198553266536, "params": {"C": 364.9726083091979, "epsilon": 3.3117477230603796, "gamma": 0.007214314469309867}, "datetime": {"datetime": "2021-09-24 16:58:24", "elapsed": 15.981144, "delta": 0.313001}}
{"target": -44.357172905171176, "params": {"C": 335.22696703559046, "epsilon": 0.7514365714979677, "gamma": 0.024153491996566533}, "datetime": {"datetime": "2021-09-24 16:58:24", "elapsed": 16.360236, "delta": 0.379092}}
{"target": -43.60998457983207, "params": {"C": 377.60426041637953, "epsilon": 3.374020629325341, "gamma": 0.0031395855273079146}, "datetime": {"datetime": "2021-09-24 16:58:25", "elapsed": 16.828238, "delta": 0.468002}}
{"target": -42.66647573418752, "params": {"C": 376.70159705701315, "epsilon": 1.9029656032106392, "gamma": 0.00949156436005481}, "datetime": {"datetime": "2021-09-24 16:58:25", "elapsed": 17.156238, "delta": 0.328}}
{"target": -43.462348142517016, "params": {"C": 322.6242663723946, "epsilon": 1.632182628702128, "gamma": 0.0030930934159650895}, "datetime": {"datetime": "2021-09-24 16:58:25", "elapsed": 17.536701, "delta": 0.380463}}
{"target": -42.953012530849485, "params": {"C": 311.2607041503487, "epsilon": 1.4490557437450273, "gamma": 0.013746350376586591}, "datetime": {"datetime": "2021-09-24 16:58:26", "elapsed": 17.8797, "delta": 0.342999}}
{"target": -44.886649577712, "params": {"C": 374.93734492774547, "epsilon": 3.5728665695379154, "gamma": 0.028538407818288675}, "datetime": {"datetime": "2021-09-24 16:58:26", "elapsed": 18.420044, "delta": 0.540344}}
{"target": -43.768627188287425, "params": {"C": 312.35378320470375, "epsilon": 1.766603351034669, "gamma": 0.0183978999629813}, "datetime": {"datetime": "2021-09-24 16:58:27", "elapsed": 18.831044, "delta": 0.411}}
{"target": -42.82255036872474, "params": {"C": 307.65925951294247, "epsilon": 1.9279937562850016, "gamma": 0.011990555028212885}, "datetime": {"datetime": "2021-09-24 16:58:27", "elapsed": 19.245654, "delta": 0.41461}}
{"target": -44.41958739791342, "params": {"C": 331.49730176675513, "epsilon": 1.1498419235248358, "gamma": 0.0260581546368157}, "datetime": {"datetime": "2021-09-24 16:58:27", "elapsed": 19.629989, "delta": 0.384335}}
