{"target": 0.405691932909368, "params": {"C": 21.307659386193514, "epsilon": 2.1997229902234867, "gamma": 0.12413942387704673}, "datetime": {"datetime": "2021-09-24 10:05:29", "elapsed": 497.790945, "delta": 2.501649}}
{"target": 0.4415922551720043, "params": {"C": 13.639404063944916, "epsilon": 2.0216928074069562, "gamma": 0.0338315355227595}, "datetime": {"datetime": "2021-09-24 10:05:31", "elapsed": 499.581283, "delta": 1.790338}}
{"target": 0.4372100876298979, "params": {"C": 13.35367833545187, "epsilon": 1.980212605376319, "gamma": 0.024252058914707112}, "datetime": {"datetime": "2021-09-24 10:05:33", "elapsed": 501.777954, "delta": 2.196671}}
{"target": 0.11112049236462251, "params": {"C": 15.724303774784481, "epsilon": 2.5688503014810116, "gamma": 0.0005}, "datetime": {"datetime": "2021-09-24 10:05:35", "elapsed": 503.552941, "delta": 1.774987}}
{"target": 0.43842269486748564, "params": {"C": 13.683804843146858, "epsilon": 2.4398268780720143, "gamma": 0.02818808754791377}, "datetime": {"datetime": "2021-09-24 10:05:37", "elapsed": 505.664173, "delta": 2.111232}}
{"target": 0.42898995974794385, "params": {"C": 12.639113373781635, "epsilon": 1.3466961301982538, "gamma": 0.08446628195876232}, "datetime": {"datetime": "2021-09-24 10:05:39", "elapsed": 507.778323, "delta": 2.11415}}
{"target": 0.1439780378037958, "params": {"C": 21.13927088761521, "epsilon": 2.802311921380465, "gamma": 0.0005}, "datetime": {"datetime": "2021-09-24 10:05:41", "elapsed": 510.228417, "delta": 2.450094}}
{"target": 0.4444214048636953, "params": {"C": 13.713377292271822, "epsilon": 2.5354881941872813, "gamma": 0.04552572811181819}, "datetime": {"datetime": "2021-09-24 10:05:44", "elapsed": 512.52013, "delta": 2.291713}}
{"target": 0.3693305377505175, "params": {"C": 62.203857638514314, "epsilon": 1.0529264531317222, "gamma": 0.10694764454808978}, "datetime": {"datetime": "2021-09-24 10:05:45", "elapsed": 513.773286, "delta": 1.253156}}
{"target": 0.43496396748380783, "params": {"C": 27.56965164425444, "epsilon": 2.669129392740188, "gamma": 0.044098909109820006}, "datetime": {"datetime": "2021-09-24 10:05:46", "elapsed": 515.000743, "delta": 1.227457}}
{"target": 0.37515599161640556, "params": {"C": 13.909058480435604, "epsilon": 2.0684212948025755, "gamma": 0.004562452008626384}, "datetime": {"datetime": "2021-09-24 10:05:49", "elapsed": 517.510193, "delta": 2.50945}}
{"target": 0.4303588825184236, "params": {"C": 19.29932833304079, "epsilon": 1.6258810947562743, "gamma": 0.012765354609474332}, "datetime": {"datetime": "2021-09-24 10:05:51", "elapsed": 519.422454, "delta": 1.912261}}
{"target": 0.33570872176686406, "params": {"C": 67.95069890069928, "epsilon": 1.0903257354824485, "gamma": 0.14852659900956589}, "datetime": {"datetime": "2021-09-24 10:05:52", "elapsed": 520.893498, "delta": 1.471044}}
{"target": 0.39109354680220265, "params": {"C": 37.5207694313164, "epsilon": 1.6037300697220849, "gamma": 0.1111925953841195}, "datetime": {"datetime": "2021-09-24 10:05:53", "elapsed": 522.185463, "delta": 1.291965}}
{"target": 0.4369599884307568, "params": {"C": 24.84962286727556, "epsilon": 2.75027143715549, "gamma": 0.041019014705014505}, "datetime": {"datetime": "2021-09-24 10:05:55", "elapsed": 523.550338, "delta": 1.364875}}
{"target": 0.4291799068065485, "params": {"C": 44.86404494641195, "epsilon": 2.7062038899945637, "gamma": 0.004719021631043827}, "datetime": {"datetime": "2021-09-24 10:05:58", "elapsed": 526.528444, "delta": 2.978106}}
{"target": 0.4040028972202585, "params": {"C": 21.16917703469694, "epsilon": 2.857578349757313, "gamma": 0.1281682493262155}, "datetime": {"datetime": "2021-09-24 10:06:01", "elapsed": 529.499442, "delta": 2.970998}}
{"target": 0.43204583317526724, "params": {"C": 21.318638493085786, "epsilon": 2.0644477685795453, "gamma": 0.012285743425437609}, "datetime": {"datetime": "2021-09-24 10:06:03", "elapsed": 531.813153, "delta": 2.313711}}
{"target": 0.30027268664378715, "params": {"C": 3.3895997208671673, "epsilon": 1.9132474640354036, "gamma": 0.13664401546522917}, "datetime": {"datetime": "2021-09-24 10:06:05", "elapsed": 533.313596, "delta": 1.500443}}
{"target": 0.43756736840127697, "params": {"C": 21.259033537664166, "epsilon": 2.119400792390641, "gamma": 0.055993311603101024}, "datetime": {"datetime": "2021-09-24 10:06:07", "elapsed": 535.451876, "delta": 2.13828}}
{"target": 0.42919261774203, "params": {"C": 19.23239343321132, "epsilon": 1.365986799472665, "gamma": 0.012273534891589185}, "datetime": {"datetime": "2021-09-24 10:06:10", "elapsed": 538.31082, "delta": 2.858944}}
{"target": 0.27287527094842823, "params": {"C": 8.115112807501681, "epsilon": 1.3025932055253837, "gamma": 0.0033663559188045495}, "datetime": {"datetime": "2021-09-24 10:06:13", "elapsed": 541.692084, "delta": 3.381264}}
{"target": 0.4152022935577111, "params": {"C": 15.842330617533962, "epsilon": 2.592287341535596, "gamma": 0.10244396798842038}, "datetime": {"datetime": "2021-09-24 10:06:15", "elapsed": 543.975181, "delta": 2.283097}}
{"target": 0.42594708019084637, "params": {"C": 15.777782004917302, "epsilon": 2.4632584828721455, "gamma": 0.08424634880033557}, "datetime": {"datetime": "2021-09-24 10:06:18", "elapsed": 546.83945, "delta": 2.864269}}
{"target": 0.4084527864312517, "params": {"C": 96.4797185534356, "epsilon": 1.785054877461502, "gamma": 0.044427944363501747}, "datetime": {"datetime": "2021-09-24 10:06:20", "elapsed": 548.284893, "delta": 1.445443}}
{"target": 0.4305597533939387, "params": {"C": 14.236955160308428, "epsilon": 2.0198820095289287, "gamma": 0.013613434407653249}, "datetime": {"datetime": "2021-09-24 10:06:22", "elapsed": 550.836834, "delta": 2.551941}}
{"target": 0.43860574163350863, "params": {"C": 13.70671997782505, "epsilon": 2.2011534240934383, "gamma": 0.06527970356194825}, "datetime": {"datetime": "2021-09-24 10:06:24", "elapsed": 553.2182, "delta": 2.381366}}
{"target": 0.36452521702725205, "params": {"C": 58.26658343781564, "epsilon": 2.110410063791154, "gamma": 0.1166931157920849}, "datetime": {"datetime": "2021-09-24 10:06:26", "elapsed": 554.737075, "delta": 1.518875}}
{"target": 0.4345283318219214, "params": {"C": 12.484499313851323, "epsilon": 1.4289754123083716, "gamma": 0.02001112959518399}, "datetime": {"datetime": "2021-09-24 10:06:29", "elapsed": 557.381493, "delta": 2.644418}}
{"target": 0.43563403706710224, "params": {"C": 19.2100236790161, "epsilon": 1.460427951222806, "gamma": 0.01695421309014775}, "datetime": {"datetime": "2021-09-24 10:06:31", "elapsed": 559.843461, "delta": 2.461968}}
{"target": 0.4422177443623734, "params": {"C": 19.079243010375706, "epsilon": 1.3984024119296792, "gamma": 0.044714164877790494}, "datetime": {"datetime": "2021-09-24 10:06:34", "elapsed": 562.375763, "delta": 2.532302}}
{"target": 0.40976589277050635, "params": {"C": 14.0090845153703, "epsilon": 2.043299805486533, "gamma": 0.12053581737781657}, "datetime": {"datetime": "2021-09-24 10:06:37", "elapsed": 565.48535, "delta": 3.109587}}
{"target": 0.42043855274644604, "params": {"C": 17.98071015146146, "epsilon": 1.6575771900626834, "gamma": 0.09463666128714171}, "datetime": {"datetime": "2021-09-24 10:06:39", "elapsed": 567.855257, "delta": 2.369907}}
{"target": 0.432454745874676, "params": {"C": 54.385672783948564, "epsilon": 1.9709559268011898, "gamma": 0.02400627968874293}, "datetime": {"datetime": "2021-09-24 10:06:41", "elapsed": 569.406048, "delta": 1.550791}}
{"target": 0.421874577329273, "params": {"C": 15.764738313979883, "epsilon": 2.685946249453151, "gamma": 0.0900399999390253}, "datetime": {"datetime": "2021-09-24 10:06:44", "elapsed": 572.800244, "delta": 3.394196}}
{"target": 0.37847425981068394, "params": {"C": 90.00230164803435, "epsilon": 2.145114469548096, "gamma": 0.07308173591727522}, "datetime": {"datetime": "2021-09-24 10:06:45", "elapsed": 574.224538, "delta": 1.424294}}
{"target": 0.4434588665405199, "params": {"C": 12.70987893495129, "epsilon": 1.8172133150329988, "gamma": 0.04831273096655457}, "datetime": {"datetime": "2021-09-24 10:06:49", "elapsed": 577.917837, "delta": 3.693299}}
{"target": 0.42480816497279394, "params": {"C": 83.60071515702934, "epsilon": 2.4553661692330646, "gamma": 0.026599041311505485}, "datetime": {"datetime": "2021-09-24 10:06:51", "elapsed": 579.744758, "delta": 1.826921}}
{"target": 0.4128908493102885, "params": {"C": 17.534661599894974, "epsilon": 1.1657975828982763, "gamma": 0.11399689720578424}, "datetime": {"datetime": "2021-09-24 10:06:54", "elapsed": 582.64541, "delta": 2.900652}}
{"target": 0.41789226121827305, "params": {"C": 27.44277326408457, "epsilon": 1.5294336118783383, "gamma": 0.00464980529159951}, "datetime": {"datetime": "2021-09-24 10:06:55", "elapsed": 584.155363, "delta": 1.509953}}
{"target": 0.43465478414134584, "params": {"C": 21.36375789225349, "epsilon": 2.0244708877749114, "gamma": 0.06093958917450982}, "datetime": {"datetime": "2021-09-24 10:06:59", "elapsed": 587.491733, "delta": 3.33637}}
{"target": 0.42964255039900057, "params": {"C": 8.095635862409575, "epsilon": 1.1631387620278153, "gamma": 0.025454969029835156}, "datetime": {"datetime": "2021-09-24 10:07:01", "elapsed": 589.957787, "delta": 2.466054}}
{"target": 0.4190174451629327, "params": {"C": 18.63210509968719, "epsilon": 1.7737500735028977, "gamma": 0.09718544810101577}, "datetime": {"datetime": "2021-09-24 10:07:04", "elapsed": 592.754832, "delta": 2.797045}}
{"target": 0.4292295115133483, "params": {"C": 18.604350095832107, "epsilon": 1.6039449392068772, "gamma": 0.01220790810772276}, "datetime": {"datetime": "2021-09-24 10:07:07", "elapsed": 595.52986, "delta": 2.775028}}
{"target": 0.4407918159458879, "params": {"C": 21.228696506138025, "epsilon": 2.1850217374391985, "gamma": 0.0306513210955645}, "datetime": {"datetime": "2021-09-24 10:07:10", "elapsed": 598.563771, "delta": 3.033911}}
{"target": 0.38593265412767264, "params": {"C": 34.040260720776445, "epsilon": 2.6119671107479125, "gamma": 0.12717456177569728}, "datetime": {"datetime": "2021-09-24 10:07:11", "elapsed": 600.00086, "delta": 1.437089}}
{"target": 0.4422632411159271, "params": {"C": 11.05657866586318, "epsilon": 1.1261553107068167, "gamma": 0.042551380978804454}, "datetime": {"datetime": "2021-09-24 10:07:13", "elapsed": 601.410927, "delta": 1.410067}}
{"target": 0.4346103350408137, "params": {"C": 13.336147002830762, "epsilon": 2.0541517937039693, "gamma": 0.07325566258399903}, "datetime": {"datetime": "2021-09-24 10:07:15", "elapsed": 604.110447, "delta": 2.69952}}
{"target": 0.12362577558802734, "params": {"C": 17.626135976712018, "epsilon": 1.1985440265167304, "gamma": 0.0005057456703013817}, "datetime": {"datetime": "2021-09-24 10:07:19", "elapsed": 607.294189, "delta": 3.183742}}
{"target": 0.4273693414658335, "params": {"C": 17.504783776476412, "epsilon": 1.2666405509218475, "gamma": 0.08251074623381029}, "datetime": {"datetime": "2021-09-24 10:07:22", "elapsed": 610.831912, "delta": 3.537723}}
{"target": 0.42619283572237654, "params": {"C": 18.467696418449833, "epsilon": 1.6506557336111793, "gamma": 0.08142699489767585}, "datetime": {"datetime": "2021-09-24 10:07:25", "elapsed": 613.819615, "delta": 2.987703}}
{"target": 0.3996155914059134, "params": {"C": 41.646740499660886, "epsilon": 2.925959561601511, "gamma": 0.09206721501028574}, "datetime": {"datetime": "2021-09-24 10:07:27", "elapsed": 615.455937, "delta": 1.636322}}
{"target": 0.43949273517866116, "params": {"C": 19.005766119496872, "epsilon": 1.7551114476707126, "gamma": 0.020751000829865234}, "datetime": {"datetime": "2021-09-24 10:07:28", "elapsed": 616.911681, "delta": 1.455744}}
{"target": 0.4285641395824248, "params": {"C": 13.761656036410768, "epsilon": 2.097630598195246, "gamma": 0.08410554342557679}, "datetime": {"datetime": "2021-09-24 10:07:30", "elapsed": 619.281484, "delta": 2.369803}}
{"target": 0.4425229812460265, "params": {"C": 18.860217086955014, "epsilon": 1.4280876324856502, "gamma": 0.025430830554896793}, "datetime": {"datetime": "2021-09-24 10:07:33", "elapsed": 621.503565, "delta": 2.222081}}
{"target": 0.38929760365105004, "params": {"C": 18.20049169778984, "epsilon": 1.6501733207811484, "gamma": 0.004226923431645668}, "datetime": {"datetime": "2021-09-24 10:07:36", "elapsed": 625.15121, "delta": 3.647645}}
{"target": 0.44261640478129893, "params": {"C": 12.701086249780582, "epsilon": 1.9094582194216179, "gamma": 0.03734173656002631}, "datetime": {"datetime": "2021-09-24 10:07:39", "elapsed": 627.659605, "delta": 2.508395}}
{"target": 0.3867453671320912, "params": {"C": 52.45274151190131, "epsilon": 2.869036090703635, "gamma": 0.09270743711424222}, "datetime": {"datetime": "2021-09-24 10:07:41", "elapsed": 629.377578, "delta": 1.717973}}
{"target": 0.4086707913633697, "params": {"C": 17.640613902926972, "epsilon": 1.1813798286772625, "gamma": 0.12245839613540421}, "datetime": {"datetime": "2021-09-24 10:07:43", "elapsed": 631.996056, "delta": 2.618478}}
{"target": 0.37261694964842473, "params": {"C": 85.98490420357297, "epsilon": 1.113288873994182, "gamma": 0.08101344407418629}, "datetime": {"datetime": "2021-09-24 10:07:45", "elapsed": 633.44405, "delta": 1.447994}}
{"target": 0.44064850897009666, "params": {"C": 18.72926839743914, "epsilon": 1.3150655454808182, "gamma": 0.05083526897336498}, "datetime": {"datetime": "2021-09-24 10:07:48", "elapsed": 636.7919, "delta": 3.34785}}
{"target": 0.4414614249387734, "params": {"C": 18.68316120208266, "epsilon": 1.4438398714324931, "gamma": 0.023870794558042394}, "datetime": {"datetime": "2021-09-24 10:07:51", "elapsed": 639.504363, "delta": 2.712463}}
{"target": 0.4320909242324472, "params": {"C": 21.25473678939822, "epsilon": 2.7446887720626747, "gamma": 0.0644527406333152}, "datetime": {"datetime": "2021-09-24 10:07:54", "elapsed": 642.571865, "delta": 3.067502}}
{"target": 0.4362622194689416, "params": {"C": 13.677856355078672, "epsilon": 2.274187930280601, "gamma": 0.06923240279319975}, "datetime": {"datetime": "2021-09-24 10:07:57", "elapsed": 645.520527, "delta": 2.948662}}
{"target": 0.4139446796567816, "params": {"C": 17.572183094414626, "epsilon": 1.2394597489913264, "gamma": 0.11156789271922367}, "datetime": {"datetime": "2021-09-24 10:07:59", "elapsed": 647.805714, "delta": 2.285187}}
{"target": 0.42915986567304043, "params": {"C": 8.184349371138559, "epsilon": 1.1719400344182596, "gamma": 0.07756219375672779}, "datetime": {"datetime": "2021-09-24 10:08:02", "elapsed": 650.489193, "delta": 2.683479}}
{"target": 0.4280825096965346, "params": {"C": 12.779874336620761, "epsilon": 1.8280873322118647, "gamma": 0.08737123845763523}, "datetime": {"datetime": "2021-09-24 10:08:04", "elapsed": 652.787226, "delta": 2.298033}}
{"target": 0.44175969170123786, "params": {"C": 12.743594535277428, "epsilon": 1.7299595057153805, "gamma": 0.055580051187035066}, "datetime": {"datetime": "2021-09-24 10:08:07", "elapsed": 655.655551, "delta": 2.868325}}
{"target": 0.4307476806182857, "params": {"C": 8.222785026725209, "epsilon": 1.6287603101219745, "gamma": 0.026492358481861725}, "datetime": {"datetime": "2021-09-24 10:08:09", "elapsed": 658.230254, "delta": 2.574703}}
{"target": 0.4326410498200757, "params": {"C": 55.96074218028904, "epsilon": 1.7198797252671836, "gamma": 0.020376723933350917}, "datetime": {"datetime": "2021-09-24 10:08:11", "elapsed": 659.977848, "delta": 1.747594}}
{"target": 0.42435260282941833, "params": {"C": 12.793506742227926, "epsilon": 1.6784449492776352, "gamma": 0.0939857250790526}, "datetime": {"datetime": "2021-09-24 10:08:15", "elapsed": 663.483727, "delta": 3.505879}}
{"target": 0.43857207792087916, "params": {"C": 17.7856764918058, "epsilon": 1.3413735221361553, "gamma": 0.02193323434226562}, "datetime": {"datetime": "2021-09-24 10:08:17", "elapsed": 666.009454, "delta": 2.525727}}
{"target": 0.35462814548218236, "params": {"C": 50.36011506204111, "epsilon": 1.8495920506160386, "gamma": 0.14807808887002233}, "datetime": {"datetime": "2021-09-24 10:08:19", "elapsed": 667.713496, "delta": 1.704042}}
{"target": 0.4268950366499261, "params": {"C": 8.262838650989949, "epsilon": 1.661949881228281, "gamma": 0.08104569368834728}, "datetime": {"datetime": "2021-09-24 10:08:21", "elapsed": 669.395817, "delta": 1.682321}}
{"target": 0.4405682798595796, "params": {"C": 12.583214040221632, "epsilon": 1.4600521672905349, "gamma": 0.03256040832751872}, "datetime": {"datetime": "2021-09-24 10:08:24", "elapsed": 672.338274, "delta": 2.942457}}
{"target": 0.43919854872193953, "params": {"C": 13.981661584228275, "epsilon": 2.2185938116473976, "gamma": 0.029056589576667697}, "datetime": {"datetime": "2021-09-24 10:08:26", "elapsed": 674.788827, "delta": 2.450553}}
{"target": 0.42515975300285247, "params": {"C": 21.454662217551594, "epsilon": 2.016568663019476, "gamma": 0.07669387627885908}, "datetime": {"datetime": "2021-09-24 10:08:29", "elapsed": 677.782277, "delta": 2.99345}}
{"target": 0.4042352357345551, "params": {"C": 19.632468313655117, "epsilon": 2.523278112818983, "gamma": 0.12813305932222271}, "datetime": {"datetime": "2021-09-24 10:08:31", "elapsed": 679.458366, "delta": 1.676089}}
{"target": 0.4359784942221093, "params": {"C": 14.047920600251995, "epsilon": 2.1214632562791413, "gamma": 0.02440780443184794}, "datetime": {"datetime": "2021-09-24 10:08:34", "elapsed": 682.981808, "delta": 3.523442}}
{"target": 0.4247359174819576, "params": {"C": 18.46492103520626, "epsilon": 1.8019267849840908, "gamma": 0.08306134292331907}, "datetime": {"datetime": "2021-09-24 10:08:37", "elapsed": 685.768853, "delta": 2.787045}}
{"target": 0.43877504366090214, "params": {"C": 41.03193521353383, "epsilon": 1.7870159112074475, "gamma": 0.009814880793137904}, "datetime": {"datetime": "2021-09-24 10:08:39", "elapsed": 687.653127, "delta": 1.884274}}
{"target": 0.4361268046618869, "params": {"C": 17.52126915935176, "epsilon": 1.336918924962047, "gamma": 0.019033697351638894}, "datetime": {"datetime": "2021-09-24 10:08:42", "elapsed": 691.140431, "delta": 3.487304}}
{"target": 0.44044113419057074, "params": {"C": 17.461346393398717, "epsilon": 1.1257174420197598, "gamma": 0.05039553992892014}, "datetime": {"datetime": "2021-09-24 10:08:47", "elapsed": 696.061096, "delta": 4.920665}}
{"target": 0.4055235014538432, "params": {"C": 16.59124447105032, "epsilon": 1.3036534817812837, "gamma": 0.12873439110956977}, "datetime": {"datetime": "2021-09-24 10:08:49", "elapsed": 698.022642, "delta": 1.961546}}
{"target": 0.4394433909137905, "params": {"C": 18.04836782012581, "epsilon": 1.6797282179135848, "gamma": 0.02172097626586637}, "datetime": {"datetime": "2021-09-24 10:08:53", "elapsed": 701.42069, "delta": 3.398048}}
{"target": 0.41230575067694164, "params": {"C": 90.72449919090617, "epsilon": 1.6532476755349594, "gamma": 0.04259946620950173}, "datetime": {"datetime": "2021-09-24 10:08:55", "elapsed": 703.496906, "delta": 2.076216}}
{"target": 0.43817054451818593, "params": {"C": 15.81991964348142, "epsilon": 2.6417656339982183, "gamma": 0.024221321126540248}, "datetime": {"datetime": "2021-09-24 10:08:58", "elapsed": 707.269955, "delta": 3.773049}}
{"target": 0.4014137987309103, "params": {"C": 32.698418561407536, "epsilon": 1.4201179272362918, "gamma": 0.1054626778895796}, "datetime": {"datetime": "2021-09-24 10:09:01", "elapsed": 709.569101, "delta": 2.299146}}
{"target": 0.4336482733700988, "params": {"C": 93.43454901557173, "epsilon": 1.8953879176830133, "gamma": 0.011208648271721904}, "datetime": {"datetime": "2021-09-24 10:09:03", "elapsed": 711.906292, "delta": 2.337191}}
{"target": 0.4248200581836946, "params": {"C": 13.740452093533342, "epsilon": 2.1632271656992543, "gamma": 0.010797760860277934}, "datetime": {"datetime": "2021-09-24 10:09:08", "elapsed": 716.48138, "delta": 4.575088}}
{"target": 0.2468858552283426, "params": {"C": 14.134249696055763, "epsilon": 2.1163826730711177, "gamma": 0.0015812771067670562}, "datetime": {"datetime": "2021-09-24 10:09:12", "elapsed": 720.766363, "delta": 4.284983}}
{"target": 0.4258655179801244, "params": {"C": 19.041852758868448, "epsilon": 1.8008282217681442, "gamma": 0.08035658267811147}, "datetime": {"datetime": "2021-09-24 10:09:17", "elapsed": 725.549104, "delta": 4.782741}}
{"target": 0.42924894774643474, "params": {"C": 13.567735339176961, "epsilon": 1.956117049234758, "gamma": 0.08195788854742889}, "datetime": {"datetime": "2021-09-24 10:09:21", "elapsed": 729.295681, "delta": 3.746577}}
{"target": 0.4342584624811636, "params": {"C": 12.77417368057238, "epsilon": 1.5117550458605695, "gamma": 0.07413724096779613}, "datetime": {"datetime": "2021-09-24 10:09:23", "elapsed": 731.620037, "delta": 2.324356}}
{"target": 0.4380136499556553, "params": {"C": 32.8829922660976, "epsilon": 2.0851320981998613, "gamma": 0.023052124981116792}, "datetime": {"datetime": "2021-09-24 10:09:26", "elapsed": 734.440514, "delta": 2.820477}}
{"target": 0.41563273616201923, "params": {"C": 21.437270189624872, "epsilon": 2.910538709039579, "gamma": 0.096647480829122}, "datetime": {"datetime": "2021-09-24 10:09:31", "elapsed": 739.622382, "delta": 5.181868}}
{"target": 0.3973508268599122, "params": {"C": 11.958695600871279, "epsilon": 1.8023468654334163, "gamma": 0.007476396620081347}, "datetime": {"datetime": "2021-09-24 10:09:33", "elapsed": 741.88646, "delta": 2.264078}}
{"target": 0.4245188044032313, "params": {"C": 12.509087009325713, "epsilon": 1.6414251883098845, "gamma": 0.09397739317674958}, "datetime": {"datetime": "2021-09-24 10:09:36", "elapsed": 744.574381, "delta": 2.687921}}
{"target": 0.4334650252982071, "params": {"C": 12.756384104188447, "epsilon": 2.841087040792831, "gamma": 0.07769807372630372}, "datetime": {"datetime": "2021-09-24 10:09:38", "elapsed": 747.149394, "delta": 2.575013}}
{"target": 0.431511692560533, "params": {"C": 17.74408208325669, "epsilon": 1.0613270517447624, "gamma": 0.07588165789702171}, "datetime": {"datetime": "2021-09-24 10:09:45", "elapsed": 753.684069, "delta": 6.534675}}
