{"target": -52.63388097774987, "params": {"C": 498.85501962259457, "epsilon": 2.5791446210015185, "gamma": 0.16331095862622963}, "datetime": {"datetime": "2021-09-28 14:47:12", "elapsed": 54.232865, "delta": 0.50716}}
{"target": -46.10565539732902, "params": {"C": 445.2395727329683, "epsilon": 1.697263817229491, "gamma": 0.08591995071799578}, "datetime": {"datetime": "2021-09-28 14:47:13", "elapsed": 54.991864, "delta": 0.758999}}
{"target": -42.16040701492349, "params": {"C": 384.9068072584122, "epsilon": 0.873279627844197, "gamma": 0.06285077516126378}, "datetime": {"datetime": "2021-09-28 14:47:14", "elapsed": 55.58386, "delta": 0.591996}}
{"target": -43.192019677368116, "params": {"C": 351.1580858409524, "epsilon": 0.5770523312008882, "gamma": 0.07586504543572688}, "datetime": {"datetime": "2021-09-28 14:47:14", "elapsed": 56.195272, "delta": 0.611412}}
{"target": -43.70206500738536, "params": {"C": 385.5453733621591, "epsilon": 0.295732523537132, "gamma": 0.07626427543248511}, "datetime": {"datetime": "2021-09-28 14:47:15", "elapsed": 56.800891, "delta": 0.605619}}
{"target": -52.45670121635858, "params": {"C": 461.68227092997245, "epsilon": 0.6037647018706548, "gamma": 0.1788284188692181}, "datetime": {"datetime": "2021-09-28 14:47:15", "elapsed": 57.3529, "delta": 0.552009}}
{"target": -48.37452454361814, "params": {"C": 408.8464138413748, "epsilon": 0.9393441892541812, "gamma": 0.10704552120863811}, "datetime": {"datetime": "2021-09-28 14:47:16", "elapsed": 58.030896, "delta": 0.677996}}
{"target": -43.17876758285841, "params": {"C": 479.43396956201343, "epsilon": 2.2705570526771166, "gamma": 0.06396225445629926}, "datetime": {"datetime": "2021-09-28 14:47:17", "elapsed": 58.734415, "delta": 0.703519}}
{"target": -43.7044674172637, "params": {"C": 381.3418841305953, "epsilon": 2.0673866734864936, "gamma": 0.07651386157602423}, "datetime": {"datetime": "2021-09-28 14:47:17", "elapsed": 59.289406, "delta": 0.554991}}
{"target": -39.23000713804734, "params": {"C": 325.15254555240256, "epsilon": 0.7552370665060907, "gamma": 0.026571603155150114}, "datetime": {"datetime": "2021-09-28 14:47:18", "elapsed": 59.979407, "delta": 0.690001}}
{"target": -48.95006142295822, "params": {"C": 460.1311356138677, "epsilon": 0.8439923379698558, "gamma": 0.10792963325242566}, "datetime": {"datetime": "2021-09-28 14:47:19", "elapsed": 60.731732, "delta": 0.752325}}
{"target": -51.53985492504846, "params": {"C": 405.63033409343035, "epsilon": 2.318911254515813, "gamma": 0.1626839625183167}, "datetime": {"datetime": "2021-09-28 14:47:19", "elapsed": 61.285728, "delta": 0.553996}}
{"target": -48.90666084984595, "params": {"C": 415.30039407925574, "epsilon": 0.08920265755728848, "gamma": 0.11322951474986431}, "datetime": {"datetime": "2021-09-28 14:47:20", "elapsed": 62.10648, "delta": 0.820752}}
{"target": -51.46382122558531, "params": {"C": 366.01028407620606, "epsilon": 0.45787820304449306, "gamma": 0.17569703702425493}, "datetime": {"datetime": "2021-09-28 14:47:21", "elapsed": 62.820932, "delta": 0.714452}}
{"target": -48.799841285559545, "params": {"C": 405.928332842832, "epsilon": 2.387925158769991, "gamma": 0.11550322360803733}, "datetime": {"datetime": "2021-09-28 14:47:22", "elapsed": 63.429931, "delta": 0.608999}}
{"target": -49.813925500641496, "params": {"C": 439.9626704281861, "epsilon": 0.38915640615955327, "gamma": 0.12452296131721083}, "datetime": {"datetime": "2021-09-28 14:47:22", "elapsed": 64.154366, "delta": 0.724435}}
{"target": -41.09905565644138, "params": {"C": 394.03759906657507, "epsilon": 1.6031793311101705, "gamma": 0.0489721109189568}, "datetime": {"datetime": "2021-09-28 14:47:23", "elapsed": 64.854374, "delta": 0.700008}}
{"target": -39.46486912532678, "params": {"C": 393.0682499651974, "epsilon": 0.31248599598962873, "gamma": 0.024984390183701997}, "datetime": {"datetime": "2021-09-28 14:47:24", "elapsed": 65.486367, "delta": 0.631993}}
{"target": -40.390888700260255, "params": {"C": 434.14135647915526, "epsilon": 2.373011961022439, "gamma": 0.03380106006120086}, "datetime": {"datetime": "2021-09-28 14:47:24", "elapsed": 66.172407, "delta": 0.68604}}
{"target": -40.42403257266427, "params": {"C": 301.60445128588736, "epsilon": 0.4795359313879894, "gamma": 0.04490346678475957}, "datetime": {"datetime": "2021-09-28 14:47:25", "elapsed": 66.972102, "delta": 0.799695}}
{"target": -42.37567069477917, "params": {"C": 376.532949708066, "epsilon": 1.1796233590586136, "gamma": 0.06601937363209807}, "datetime": {"datetime": "2021-09-28 14:47:26", "elapsed": 67.840105, "delta": 0.868003}}
{"target": -48.25288695679553, "params": {"C": 357.97419454313916, "epsilon": 1.241725817157578, "gamma": 0.11364269721291752}, "datetime": {"datetime": "2021-09-28 14:47:27", "elapsed": 68.594255, "delta": 0.75415}}
{"target": -36.783718789096824, "params": {"C": 342.2938267241482, "epsilon": 0.7894020186470891, "gamma": 0.0037731483585082656}, "datetime": {"datetime": "2021-09-28 14:47:27", "elapsed": 69.194255, "delta": 0.6}}
{"target": -47.582800648476145, "params": {"C": 358.3129732018393, "epsilon": 2.357367934598435, "gamma": 0.1064793043699316}, "datetime": {"datetime": "2021-09-28 14:47:28", "elapsed": 69.923256, "delta": 0.729001}}
{"target": -50.00834453829467, "params": {"C": 443.7471878619029, "epsilon": 1.0999431681533998, "gamma": 0.12743219306451806}, "datetime": {"datetime": "2021-09-28 14:47:29", "elapsed": 70.596681, "delta": 0.673425}}
{"target": -50.70313832320402, "params": {"C": 351.10599458715774, "epsilon": 0.33946818898943365, "gamma": 0.1647980832893173}, "datetime": {"datetime": "2021-09-28 14:47:29", "elapsed": 71.180679, "delta": 0.583998}}
{"target": -46.928262080422876, "params": {"C": 472.15587005693254, "epsilon": 1.3392501031350585, "gamma": 0.08806712221103773}, "datetime": {"datetime": "2021-09-28 14:47:30", "elapsed": 71.911949, "delta": 0.73127}}
{"target": -50.9875470806634, "params": {"C": 365.6446638551345, "epsilon": 0.0448407603010918, "gamma": 0.16595285514481936}, "datetime": {"datetime": "2021-09-28 14:47:31", "elapsed": 72.553719, "delta": 0.64177}}
{"target": -41.42065596537662, "params": {"C": 309.88344353782423, "epsilon": 1.781013491129903, "gamma": 0.06440187923960905}, "datetime": {"datetime": "2021-09-28 14:47:31", "elapsed": 73.256957, "delta": 0.703238}}
{"target": -48.3723757191149, "params": {"C": 443.67963560967195, "epsilon": 1.1352045489277627, "gamma": 0.10197741630281128}, "datetime": {"datetime": "2021-09-28 14:47:32", "elapsed": 73.869424, "delta": 0.612467}}
{"target": -39.685093718436285, "params": {"C": 413.0041984824414, "epsilon": 2.673009022530961, "gamma": 0.027174637460160814}, "datetime": {"datetime": "2021-09-28 14:47:33", "elapsed": 74.545001, "delta": 0.675577}}
{"target": -40.51667482260128, "params": {"C": 397.24138771768423, "epsilon": 2.7188665475831963, "gamma": 0.042115004217907155}, "datetime": {"datetime": "2021-09-28 14:47:33", "elapsed": 75.326002, "delta": 0.781001}}
{"target": -42.45641270335418, "params": {"C": 433.1214512599091, "epsilon": 2.192784189863422, "gamma": 0.062183384818572905}, "datetime": {"datetime": "2021-09-28 14:47:34", "elapsed": 76.02, "delta": 0.693998}}
{"target": -52.383910128291724, "params": {"C": 447.68860842960265, "epsilon": 2.4386127248912883, "gamma": 0.17277262346927258}, "datetime": {"datetime": "2021-09-28 14:47:35", "elapsed": 76.612095, "delta": 0.592095}}
{"target": -37.00839219056964, "params": {"C": 333.64562465905357, "epsilon": 0.14397347376263414, "gamma": 0.0021370536700707}, "datetime": {"datetime": "2021-09-28 14:47:35", "elapsed": 77.157099, "delta": 0.545004}}
{"target": -42.296249850457976, "params": {"C": 325.35651149705745, "epsilon": 2.4688223999421, "gamma": 0.07177204825489404}, "datetime": {"datetime": "2021-09-28 14:47:36", "elapsed": 77.775096, "delta": 0.617997}}
{"target": -41.14882369684169, "params": {"C": 493.6235016014118, "epsilon": 2.984271014845368, "gamma": 0.04344206691888934}, "datetime": {"datetime": "2021-09-28 14:47:37", "elapsed": 78.696694, "delta": 0.921598}}
{"target": -39.251589319141125, "params": {"C": 342.3177833801315, "epsilon": 0.8424053316149788, "gamma": 0.02541117978081309}, "datetime": {"datetime": "2021-09-28 14:47:38", "elapsed": 79.545697, "delta": 0.849003}}
{"target": -41.502558617039384, "params": {"C": 306.5950613559976, "epsilon": 1.237502733353879, "gamma": 0.06557739408243303}, "datetime": {"datetime": "2021-09-28 14:47:38", "elapsed": 80.13369, "delta": 0.587993}}
{"target": -41.02735288001181, "params": {"C": 397.2070093055774, "epsilon": 2.730414071841341, "gamma": 0.05006835998214205}, "datetime": {"datetime": "2021-09-28 14:47:39", "elapsed": 80.723803, "delta": 0.590113}}
{"target": -37.307609265472976, "params": {"C": 342.3657715797461, "epsilon": 0.7123945238065561, "gamma": 0.009638792749581421}, "datetime": {"datetime": "2021-09-28 14:47:40", "elapsed": 81.706, "delta": 0.982197}}
{"target": -44.411201391584434, "params": {"C": 342.2638433969401, "epsilon": 0.7071978086795094, "gamma": 0.08694949610280431}, "datetime": {"datetime": "2021-09-28 14:47:41", "elapsed": 83.082506, "delta": 1.376506}}
{"target": -44.56862899032549, "params": {"C": 395.2515515749527, "epsilon": 0.40912728973189044, "gamma": 0.08206831758393343}, "datetime": {"datetime": "2021-09-28 14:47:42", "elapsed": 83.650502, "delta": 0.567996}}
{"target": -36.984091018630224, "params": {"C": 336.5301344817358, "epsilon": 1.4384188648456042, "gamma": 0.001731554909292261}, "datetime": {"datetime": "2021-09-28 14:47:43", "elapsed": 84.519332, "delta": 0.86883}}
{"target": -40.551719611094875, "params": {"C": 423.9964136405149, "epsilon": 0.8207405295317993, "gamma": 0.030966396845654085}, "datetime": {"datetime": "2021-09-28 14:47:43", "elapsed": 85.084332, "delta": 0.565}}
{"target": -48.01312495127494, "params": {"C": 336.37647648995727, "epsilon": 1.4380362662062633, "gamma": 0.11437796450346183}, "datetime": {"datetime": "2021-09-28 14:47:44", "elapsed": 86.268613, "delta": 1.184281}}
{"target": -40.200332464463436, "params": {"C": 397.2411861347347, "epsilon": 2.60258743886475, "gamma": 0.03309255704926857}, "datetime": {"datetime": "2021-09-28 14:47:45", "elapsed": 87.014518, "delta": 0.745905}}
{"target": -50.49085351957382, "params": {"C": 394.74934488206253, "epsilon": 1.8598309094198433, "gamma": 0.14640174964688699}, "datetime": {"datetime": "2021-09-28 14:47:46", "elapsed": 87.634513, "delta": 0.619995}}
{"target": -41.20633588110568, "params": {"C": 386.8101987557842, "epsilon": 0.5727764292888134, "gamma": 0.049126424457304224}, "datetime": {"datetime": "2021-09-28 14:47:46", "elapsed": 88.256796, "delta": 0.622283}}
{"target": -41.672638899072275, "params": {"C": 433.1316258775866, "epsilon": 2.0111150671481375, "gamma": 0.05324142898743285}, "datetime": {"datetime": "2021-09-28 14:47:48", "elapsed": 89.473792, "delta": 1.216996}}
{"target": -40.027643451443176, "params": {"C": 336.4242892467382, "epsilon": 1.6107475713736639, "gamma": 0.03322721112124864}, "datetime": {"datetime": "2021-09-28 14:47:49", "elapsed": 90.557512, "delta": 1.08372}}
{"target": -40.092163586507134, "params": {"C": 413.0225042129699, "epsilon": 2.669663207977133, "gamma": 0.03112288345784645}, "datetime": {"datetime": "2021-09-28 14:47:49", "elapsed": 91.207507, "delta": 0.649995}}
{"target": -39.97646246734767, "params": {"C": 318.15190337305415, "epsilon": 1.8449163489971179, "gamma": 0.0347006364532183}, "datetime": {"datetime": "2021-09-28 14:47:50", "elapsed": 91.889201, "delta": 0.681694}}
{"target": -40.419320108475766, "params": {"C": 493.75343843039724, "epsilon": 2.8769329345413097, "gamma": 0.030255741177420012}, "datetime": {"datetime": "2021-09-28 14:47:51", "elapsed": 93.177492, "delta": 1.288291}}
{"target": -39.51029332048858, "params": {"C": 399.6963665828291, "epsilon": 1.2516564301177766, "gamma": 0.026434459009528663}, "datetime": {"datetime": "2021-09-28 14:47:52", "elapsed": 93.867491, "delta": 0.689999}}
{"target": -39.47330235564429, "params": {"C": 320.6615388919836, "epsilon": 2.1734800122779467, "gamma": 0.030716010491539363}, "datetime": {"datetime": "2021-09-28 14:47:53", "elapsed": 94.553298, "delta": 0.685807}}
{"target": -44.323261350670904, "params": {"C": 325.3797010663692, "epsilon": 2.462864452383794, "gamma": 0.08768752591125266}, "datetime": {"datetime": "2021-09-28 14:47:53", "elapsed": 95.182301, "delta": 0.629003}}
{"target": -41.08999264813769, "params": {"C": 499.7010713046585, "epsilon": 0.07921837703838434, "gamma": 0.03253565643867575}, "datetime": {"datetime": "2021-09-28 14:47:54", "elapsed": 96.307936, "delta": 1.125635}}
{"target": -41.69165056121386, "params": {"C": 499.88203819747366, "epsilon": 0.1054399425334287, "gamma": 0.04411277404299989}, "datetime": {"datetime": "2021-09-28 14:47:56", "elapsed": 97.625677, "delta": 1.317741}}
{"target": -40.57750231373077, "params": {"C": 489.1096050452108, "epsilon": 1.9026957021393274, "gamma": 0.033873978216192084}, "datetime": {"datetime": "2021-09-28 14:47:56", "elapsed": 98.264672, "delta": 0.638995}}
{"target": -51.0476046643796, "params": {"C": 356.4934061407728, "epsilon": 1.2358507672705388, "gamma": 0.17015799382007885}, "datetime": {"datetime": "2021-09-28 14:47:57", "elapsed": 98.862425, "delta": 0.597753}}
{"target": -45.854761115169765, "params": {"C": 345.32553251858064, "epsilon": 1.2458815089398447, "gamma": 0.09626349657106849}, "datetime": {"datetime": "2021-09-28 14:47:58", "elapsed": 99.874426, "delta": 1.012001}}
{"target": -48.79950019969984, "params": {"C": 399.04390672412865, "epsilon": 0.8976812111791489, "gamma": 0.11489926518250905}, "datetime": {"datetime": "2021-09-28 14:47:59", "elapsed": 100.594634, "delta": 0.720208}}
{"target": -36.9636419881792, "params": {"C": 477.92492560712344, "epsilon": 1.4415323664752138, "gamma": 0.0063005043417745255}, "datetime": {"datetime": "2021-09-28 14:47:59", "elapsed": 101.246638, "delta": 0.652004}}
{"target": -39.031216506079105, "params": {"C": 478.0083177229782, "epsilon": 1.4539725849801721, "gamma": 0.01844752611972494}, "datetime": {"datetime": "2021-09-28 14:48:01", "elapsed": 102.725926, "delta": 1.479288}}
{"target": -42.59090407968973, "params": {"C": 333.5523044159023, "epsilon": 0.14471013327872342, "gamma": 0.07289315801880965}, "datetime": {"datetime": "2021-09-28 14:48:02", "elapsed": 103.623926, "delta": 0.898}}
{"target": -38.97433529849278, "params": {"C": 390.3856274724935, "epsilon": 2.4636631457309446, "gamma": 0.021413992155833696}, "datetime": {"datetime": "2021-09-28 14:48:02", "elapsed": 104.260922, "delta": 0.636996}}
{"target": -51.36408964074231, "params": {"C": 367.96607071444845, "epsilon": 2.220564170796571, "gamma": 0.17223982915502417}, "datetime": {"datetime": "2021-09-28 14:48:03", "elapsed": 104.973862, "delta": 0.71294}}
{"target": -41.84312344767471, "params": {"C": 326.4349593886771, "epsilon": 1.4126711026301055, "gamma": 0.06688022921360948}, "datetime": {"datetime": "2021-09-28 14:48:04", "elapsed": 106.141864, "delta": 1.168002}}
{"target": -40.32763994252019, "params": {"C": 336.58543556628655, "epsilon": 1.5273852866467112, "gamma": 0.039464969875193955}, "datetime": {"datetime": "2021-09-28 14:48:05", "elapsed": 107.31279, "delta": 1.170926}}
{"target": -38.6447270139211, "params": {"C": 397.37196167333764, "epsilon": 2.643570031051902, "gamma": 0.0001}, "datetime": {"datetime": "2021-09-28 14:48:06", "elapsed": 108.349853, "delta": 1.037063}}
{"target": -43.664711332661554, "params": {"C": 459.1915755170593, "epsilon": 0.9856244684566998, "gamma": 0.06877148025838528}, "datetime": {"datetime": "2021-09-28 14:48:07", "elapsed": 109.03685, "delta": 0.686997}}
{"target": -36.6852134206615, "params": {"C": 333.69973650363727, "epsilon": 0.05363642764912817, "gamma": 0.004788898217332553}, "datetime": {"datetime": "2021-09-28 14:48:08", "elapsed": 110.188851, "delta": 1.152001}}
{"target": -37.10256119991454, "params": {"C": 412.94489980223375, "epsilon": 2.543755716926039, "gamma": 0.002431011037780117}, "datetime": {"datetime": "2021-09-28 14:48:10", "elapsed": 111.559803, "delta": 1.370952}}
{"target": -43.29401056467776, "params": {"C": 345.139865449351, "epsilon": 1.1187699829579183, "gamma": 0.0771036549549416}, "datetime": {"datetime": "2021-09-28 14:48:11", "elapsed": 112.649635, "delta": 1.089832}}
{"target": -46.4538109066892, "params": {"C": 309.46600029598653, "epsilon": 2.648412058030573, "gamma": 0.10555678422381351}, "datetime": {"datetime": "2021-09-28 14:48:12", "elapsed": 114.29264, "delta": 1.643005}}
{"target": -38.40285169932337, "params": {"C": 413.0764920226054, "epsilon": 2.5498351993370925, "gamma": 0.0001}, "datetime": {"datetime": "2021-09-28 14:48:14", "elapsed": 115.562725, "delta": 1.270085}}
{"target": -50.28492517379579, "params": {"C": 477.88082359446753, "epsilon": 1.4211234057615616, "gamma": 0.12527618215704162}, "datetime": {"datetime": "2021-09-28 14:48:15", "elapsed": 117.005023, "delta": 1.442298}}
{"target": -40.856531894715495, "params": {"C": 412.8880921639767, "epsilon": 2.608600219077947, "gamma": 0.046095960773738516}, "datetime": {"datetime": "2021-09-28 14:48:16", "elapsed": 118.082027, "delta": 1.077004}}
{"target": -38.82425325183584, "params": {"C": 309.4123540029976, "epsilon": 2.4913640875562444, "gamma": 0.022488594390389333}, "datetime": {"datetime": "2021-09-28 14:48:18", "elapsed": 119.454297, "delta": 1.37227}}
{"target": -36.08126740397928, "params": {"C": 309.56777539266966, "epsilon": 2.4781888211632963, "gamma": 0.0007284616201292164}, "datetime": {"datetime": "2021-09-28 14:48:19", "elapsed": 120.722148, "delta": 1.267851}}
{"target": -41.906804817761014, "params": {"C": 432.978662159711, "epsilon": 2.1171377285938955, "gamma": 0.056032432738250176}, "datetime": {"datetime": "2021-09-28 14:48:20", "elapsed": 121.982754, "delta": 1.260606}}
{"target": -36.17536493868971, "params": {"C": 324.99790603599445, "epsilon": 1.8742522316193344, "gamma": 0.0008982003799797332}, "datetime": {"datetime": "2021-09-28 14:48:21", "elapsed": 123.08512, "delta": 1.102366}}
{"target": -40.77934928839431, "params": {"C": 333.7668542461619, "epsilon": 0.18723515221243184, "gamma": 0.048648448759437316}, "datetime": {"datetime": "2021-09-28 14:48:23", "elapsed": 124.576837, "delta": 1.491717}}
{"target": -48.299636482701516, "params": {"C": 313.40366693087594, "epsilon": 2.468003945473413, "gamma": 0.12408596286271247}, "datetime": {"datetime": "2021-09-28 14:48:24", "elapsed": 126.070839, "delta": 1.494002}}
{"target": -48.425604336111725, "params": {"C": 326.5292284811973, "epsilon": 1.2698613200118813, "gamma": 0.12273394806489811}, "datetime": {"datetime": "2021-09-28 14:48:25", "elapsed": 126.990135, "delta": 0.919296}}
{"target": -46.59216447150256, "params": {"C": 324.99251998929384, "epsilon": 1.867818666148143, "gamma": 0.10447084276556215}, "datetime": {"datetime": "2021-09-28 14:48:26", "elapsed": 128.294133, "delta": 1.303998}}
{"target": -36.75578014098327, "params": {"C": 313.3670642723168, "epsilon": 2.6089187655529225, "gamma": 0.0056240970314944926}, "datetime": {"datetime": "2021-09-28 14:48:28", "elapsed": 129.986741, "delta": 1.692608}}
{"target": -39.690144265456446, "params": {"C": 309.54320900930566, "epsilon": 2.323495459264755, "gamma": 0.03310625911634849}, "datetime": {"datetime": "2021-09-28 14:48:29", "elapsed": 131.242264, "delta": 1.255523}}
{"target": -47.669343601318296, "params": {"C": 333.7323653572837, "epsilon": 0.04609820954322203, "gamma": 0.11210823396491927}, "datetime": {"datetime": "2021-09-28 14:48:30", "elapsed": 132.344866, "delta": 1.102602}}
{"target": -50.069190534875965, "params": {"C": 418.95393021560096, "epsilon": 2.567432506600664, "gamma": 0.1335428165302605}, "datetime": {"datetime": "2021-09-28 14:48:31", "elapsed": 133.110169, "delta": 0.765303}}
{"target": -44.01558282453008, "params": {"C": 313.38557195435516, "epsilon": 2.6856274428603575, "gamma": 0.08672032063270732}, "datetime": {"datetime": "2021-09-28 14:48:32", "elapsed": 134.218801, "delta": 1.108632}}
{"target": -50.013382228825755, "params": {"C": 463.5948336483704, "epsilon": 0.5296032120928967, "gamma": 0.12339622230122103}, "datetime": {"datetime": "2021-09-28 14:48:34", "elapsed": 135.541131, "delta": 1.32233}}
{"target": -39.61026942927689, "params": {"C": 313.3081495495277, "epsilon": 2.5352588990480847, "gamma": 0.0001}, "datetime": {"datetime": "2021-09-28 14:48:35", "elapsed": 137.059854, "delta": 1.518723}}
{"target": -42.13770244311724, "params": {"C": 413.15304260720177, "epsilon": 2.657406095697104, "gamma": 0.0609315320589867}, "datetime": {"datetime": "2021-09-28 14:48:36", "elapsed": 138.097854, "delta": 1.038}}
{"target": -50.85265941609691, "params": {"C": 358.2083202770393, "epsilon": 0.902727193455901, "gamma": 0.16559990298493177}, "datetime": {"datetime": "2021-09-28 14:48:37", "elapsed": 138.964074, "delta": 0.86622}}
{"target": -37.91218115372927, "params": {"C": 309.56085045356576, "epsilon": 2.5618245847041554, "gamma": 0.01544301942920091}, "datetime": {"datetime": "2021-09-28 14:48:38", "elapsed": 140.397071, "delta": 1.432997}}
{"target": -49.04546749034941, "params": {"C": 315.6536251710228, "epsilon": 1.2364929705274044, "gamma": 0.13873369405917535}, "datetime": {"datetime": "2021-09-28 14:48:39", "elapsed": 141.202281, "delta": 0.80521}}
{"target": -36.71616621164595, "params": {"C": 499.8074274754126, "epsilon": 0.19908068970316425, "gamma": 0.0043919783550088135}, "datetime": {"datetime": "2021-09-28 14:48:40", "elapsed": 142.374925, "delta": 1.172644}}
{"target": -38.00506553356502, "params": {"C": 477.9336181546768, "epsilon": 1.5392005401472448, "gamma": 0.0001}, "datetime": {"datetime": "2021-09-28 14:48:42", "elapsed": 143.654728, "delta": 1.279803}}
