{"target": -44.27203746267777, "params": {"C": 99.50625157275732, "epsilon": 3.3699004625224185, "gamma": 0.018413216873474726}, "datetime": {"datetime": "2021-09-24 16:25:45", "elapsed": 25.076011, "delta": 0.441124}}
{"target": -44.77036317458524, "params": {"C": 50.70091786401028, "epsilon": 4.1810936762464115, "gamma": 0.08508574830322203}, "datetime": {"datetime": "2021-09-24 16:25:46", "elapsed": 25.462009, "delta": 0.385998}}
{"target": -43.93058878661153, "params": {"C": 59.76495929249616, "epsilon": 3.013006500874218, "gamma": 0.041157398757145684}, "datetime": {"datetime": "2021-09-24 16:25:46", "elapsed": 26.060555, "delta": 0.598546}}
{"target": -44.03558015390361, "params": {"C": 53.784317291472064, "epsilon": 1.260362221312268, "gamma": 0.027646420701337594}, "datetime": {"datetime": "2021-09-24 16:25:47", "elapsed": 26.51711, "delta": 0.456555}}
{"target": -44.126336771850845, "params": {"C": 59.68913920080445, "epsilon": 2.6385934118067316, "gamma": 0.018793401971440322}, "datetime": {"datetime": "2021-09-24 16:25:47", "elapsed": 26.934357, "delta": 0.417247}}
{"target": -44.14629792568095, "params": {"C": 59.09818738719132, "epsilon": 2.2519978973710266, "gamma": 0.005388204119958988}, "datetime": {"datetime": "2021-09-24 16:25:48", "elapsed": 27.267351, "delta": 0.332994}}
{"target": -43.98337250579901, "params": {"C": 50.50519988516951, "epsilon": 4.236546672928786, "gamma": 0.04075773583914586}, "datetime": {"datetime": "2021-09-24 16:25:48", "elapsed": 27.785137, "delta": 0.517786}}
{"target": -43.940371394516625, "params": {"C": 59.67852551408316, "epsilon": 3.0316195575112803, "gamma": 0.045564292924065684}, "datetime": {"datetime": "2021-09-24 16:25:49", "elapsed": 28.221136, "delta": 0.435999}}
{"target": -44.22074360638152, "params": {"C": 90.59694735862256, "epsilon": 2.2512619631878787, "gamma": 0.040785260824204916}, "datetime": {"datetime": "2021-09-24 16:25:49", "elapsed": 28.57913, "delta": 0.357994}}
{"target": -44.15418645827849, "params": {"C": 53.63073570097821, "epsilon": 0.41872993256374497, "gamma": 0.01947655833938713}, "datetime": {"datetime": "2021-09-24 16:25:49", "elapsed": 28.963295, "delta": 0.384165}}
{"target": -44.01805825338922, "params": {"C": 59.62641642899119, "epsilon": 3.0805766559345664, "gamma": 0.025974469626346173}, "datetime": {"datetime": "2021-09-24 16:25:50", "elapsed": 29.329287, "delta": 0.365992}}
{"target": -43.86051619413938, "params": {"C": 50.83413840185076, "epsilon": 4.137061175045938, "gamma": 0.024438413967641577}, "datetime": {"datetime": "2021-09-24 16:25:50", "elapsed": 29.714364, "delta": 0.385077}}
{"target": -43.90975251751159, "params": {"C": 50.78615537362637, "epsilon": 4.087825425930469, "gamma": 0.05250562565846783}, "datetime": {"datetime": "2021-09-24 16:25:50", "elapsed": 30.127367, "delta": 0.413003}}
{"target": -44.051970175009856, "params": {"C": 53.74807682182441, "epsilon": 0.32384636409666523, "gamma": 0.00575594148806565}, "datetime": {"datetime": "2021-09-24 16:25:51", "elapsed": 30.609015, "delta": 0.481648}}
{"target": -44.12923516905486, "params": {"C": 50.81979178631264, "epsilon": 4.000565345258889, "gamma": 0.03438932831016654}, "datetime": {"datetime": "2021-09-24 16:25:51", "elapsed": 31.042612, "delta": 0.433597}}
{"target": -43.87231814895956, "params": {"C": 59.70796977888624, "epsilon": 2.945187184160512, "gamma": 0.012130652819114844}, "datetime": {"datetime": "2021-09-24 16:25:52", "elapsed": 31.591199, "delta": 0.548587}}
{"target": -43.87685985276648, "params": {"C": 98.42599692379423, "epsilon": 4.405468912904522, "gamma": 0.00656252474210838}, "datetime": {"datetime": "2021-09-24 16:25:52", "elapsed": 32.121421, "delta": 0.530222}}
{"target": -44.48843630990993, "params": {"C": 50.876179935573084, "epsilon": 4.112783192760824, "gamma": 0.07707502249042646}, "datetime": {"datetime": "2021-09-24 16:25:53", "elapsed": 32.658535, "delta": 0.537114}}
{"target": -44.16220072094506, "params": {"C": 54.146955292085714, "epsilon": 4.32193903886735, "gamma": 0.058157045492390376}, "datetime": {"datetime": "2021-09-24 16:25:53", "elapsed": 33.088789, "delta": 0.430254}}
{"target": -43.88393355120919, "params": {"C": 50.85167937364836, "epsilon": 4.210498649728072, "gamma": 0.009350139060495716}, "datetime": {"datetime": "2021-09-24 16:25:54", "elapsed": 33.603779, "delta": 0.51499}}
{"target": -45.44283168291053, "params": {"C": 98.49967272637315, "epsilon": 4.417044711525866, "gamma": 0.07724497157442098}, "datetime": {"datetime": "2021-09-24 16:25:54", "elapsed": 34.075031, "delta": 0.471252}}
{"target": -44.19301124837611, "params": {"C": 74.21602269331902, "epsilon": 4.180522286127858, "gamma": 0.015089902392757325}, "datetime": {"datetime": "2021-09-24 16:25:55", "elapsed": 34.414026, "delta": 0.338995}}
{"target": -44.673962475263245, "params": {"C": 98.34243008923914, "epsilon": 4.425252553315446, "gamma": 0.04952586898697031}, "datetime": {"datetime": "2021-09-24 16:25:55", "elapsed": 34.993455, "delta": 0.579429}}
{"target": -44.01234047144182, "params": {"C": 59.563215313896364, "epsilon": 2.9471353008381205, "gamma": 0.03864360200948974}, "datetime": {"datetime": "2021-09-24 16:25:56", "elapsed": 35.522463, "delta": 0.529008}}
{"target": -44.02457057515571, "params": {"C": 90.157635123884, "epsilon": 2.005342951339776, "gamma": 0.013951235860200525}, "datetime": {"datetime": "2021-09-24 16:25:56", "elapsed": 35.990109, "delta": 0.467646}}
{"target": -44.33271636812327, "params": {"C": 91.543960321666, "epsilon": 1.4713567918371298, "gamma": 0.0449786704702778}, "datetime": {"datetime": "2021-09-24 16:25:57", "elapsed": 36.415111, "delta": 0.425002}}
{"target": -43.99075541315808, "params": {"C": 59.55579326334289, "epsilon": 3.0220993431673686, "gamma": 0.02736592980492629}, "datetime": {"datetime": "2021-09-24 16:25:57", "elapsed": 36.997281, "delta": 0.58217}}
{"target": -45.172197446811055, "params": {"C": 62.433276770118574, "epsilon": 3.958492706416621, "gamma": 0.09178161667813417}, "datetime": {"datetime": "2021-09-24 16:25:58", "elapsed": 37.402314, "delta": 0.405033}}
{"target": -45.754764913720585, "params": {"C": 89.86541254224687, "epsilon": 2.620522913061382, "gamma": 0.09468312538028131}, "datetime": {"datetime": "2021-09-24 16:25:58", "elapsed": 37.813174, "delta": 0.41086}}
{"target": -43.86544704841523, "params": {"C": 50.501638763904914, "epsilon": 4.3075196790917065, "gamma": 0.04751944893746843}, "datetime": {"datetime": "2021-09-24 16:25:59", "elapsed": 38.372172, "delta": 0.558998}}
{"target": -44.9400462344326, "params": {"C": 53.79243427958185, "epsilon": 1.210130937355926, "gamma": 0.09683834825394445}, "datetime": {"datetime": "2021-09-24 16:25:59", "elapsed": 38.893805, "delta": 0.521633}}
{"target": -43.90394121408355, "params": {"C": 50.823865471375264, "epsilon": 4.30692315492625, "gamma": 0.008909643038744142}, "datetime": {"datetime": "2021-09-24 16:26:00", "elapsed": 39.471806, "delta": 0.578001}}
{"target": -44.871147164305405, "params": {"C": 82.17872685602754, "epsilon": 2.829243244431669, "gamma": 0.07124934766729973}, "datetime": {"datetime": "2021-09-24 16:26:00", "elapsed": 39.889057, "delta": 0.417251}}
{"target": -44.035824534495, "params": {"C": 72.12413234931928, "epsilon": 4.063493962206806, "gamma": 0.013568876000968979}, "datetime": {"datetime": "2021-09-24 16:26:01", "elapsed": 40.400059, "delta": 0.511002}}
{"target": -45.02591049673111, "params": {"C": 50.83729851975037, "epsilon": 4.248953644076346, "gamma": 0.09798972913515426}, "datetime": {"datetime": "2021-09-24 16:26:02", "elapsed": 41.368313, "delta": 0.968254}}
{"target": -44.04312977317293, "params": {"C": 50.748839064403114, "epsilon": 4.095115731498657, "gamma": 0.011556565315435061}, "datetime": {"datetime": "2021-09-24 16:26:02", "elapsed": 42.09855, "delta": 0.730237}}
{"target": -44.077568895283044, "params": {"C": 50.89026492568175, "epsilon": 4.36326762407995, "gamma": 0.005}, "datetime": {"datetime": "2021-09-24 16:26:03", "elapsed": 42.678829, "delta": 0.580279}}
{"target": -44.04847577893134, "params": {"C": 59.756436787689786, "epsilon": 3.119433673666001, "gamma": 0.03782979502804954}, "datetime": {"datetime": "2021-09-24 16:26:04", "elapsed": 43.362053, "delta": 0.683224}}
{"target": -44.25719360651969, "params": {"C": 55.673705090089925, "epsilon": 3.647017024912081, "gamma": 0.06024673460476063}, "datetime": {"datetime": "2021-09-24 16:26:04", "elapsed": 43.846128, "delta": 0.484075}}
{"target": -44.32328004212626, "params": {"C": 88.35939142357174, "epsilon": 2.1675407360284495, "gamma": 0.04418518244248511}, "datetime": {"datetime": "2021-09-24 16:26:04", "elapsed": 44.206129, "delta": 0.360001}}
{"target": -43.869063502293535, "params": {"C": 88.25934447289268, "epsilon": 2.087515896567073, "gamma": 0.009539919573311972}, "datetime": {"datetime": "2021-09-24 16:26:05", "elapsed": 44.777509, "delta": 0.57138}}
{"target": -43.87872273519108, "params": {"C": 53.63128587998085, "epsilon": 0.41079256821698884, "gamma": 0.04371918474724929}, "datetime": {"datetime": "2021-09-24 16:26:06", "elapsed": 45.32151, "delta": 0.544001}}
{"target": -45.5856387794302, "params": {"C": 88.27573818797367, "epsilon": 2.100662939907236, "gamma": 0.0893848606053626}, "datetime": {"datetime": "2021-09-24 16:26:06", "elapsed": 45.869516, "delta": 0.548006}}
{"target": -44.075001800636855, "params": {"C": 71.38634334053978, "epsilon": 0.5053668153616186, "gamma": 0.04522015656523671}, "datetime": {"datetime": "2021-09-24 16:26:07", "elapsed": 46.367515, "delta": 0.497999}}
{"target": -44.08347813789812, "params": {"C": 50.79027892215385, "epsilon": 4.259990535797782, "gamma": 0.005746826269307349}, "datetime": {"datetime": "2021-09-24 16:26:07", "elapsed": 46.949779, "delta": 0.582264}}
{"target": -44.43901050477576, "params": {"C": 77.2116034603437, "epsilon": 1.456083614003342, "gamma": 0.061474844440359194}, "datetime": {"datetime": "2021-09-24 16:26:08", "elapsed": 47.395777, "delta": 0.445998}}
{"target": -44.14129542117943, "params": {"C": 94.85849239050336, "epsilon": 3.4224967467021097, "gamma": 0.038723814193154134}, "datetime": {"datetime": "2021-09-24 16:26:08", "elapsed": 47.838671, "delta": 0.442894}}
{"target": -43.992771354753, "params": {"C": 70.33547103264883, "epsilon": 3.122381781775647, "gamma": 0.045351955807239025}, "datetime": {"datetime": "2021-09-24 16:26:09", "elapsed": 48.227678, "delta": 0.389007}}
{"target": -44.179938098689696, "params": {"C": 53.82207443086614, "epsilon": 0.38842401299927987, "gamma": 0.019993071522267827}, "datetime": {"datetime": "2021-09-24 16:26:09", "elapsed": 49.148483, "delta": 0.920805}}
{"target": -44.71098251823734, "params": {"C": 53.930917057888664, "epsilon": 0.35387359977200705, "gamma": 0.0870350710397995}, "datetime": {"datetime": "2021-09-24 16:26:10", "elapsed": 49.854267, "delta": 0.705784}}
{"target": -45.368516889389525, "params": {"C": 76.40758352335759, "epsilon": 3.4939235936995834, "gamma": 0.09085590016253524}, "datetime": {"datetime": "2021-09-24 16:26:11", "elapsed": 50.28926, "delta": 0.434993}}
{"target": -43.86492166206069, "params": {"C": 59.65515742863673, "epsilon": 2.976186514697747, "gamma": 0.011078465744813049}, "datetime": {"datetime": "2021-09-24 16:26:12", "elapsed": 51.246072, "delta": 0.956812}}
{"target": -45.376713482704695, "params": {"C": 66.50257101905152, "epsilon": 0.7448817737536193, "gamma": 0.09772772939024024}, "datetime": {"datetime": "2021-09-24 16:26:12", "elapsed": 51.791879, "delta": 0.545807}}
{"target": -44.56722363791469, "params": {"C": 53.53080705731455, "epsilon": 0.4947344701179526, "gamma": 0.0813533870250272}, "datetime": {"datetime": "2021-09-24 16:26:13", "elapsed": 52.533517, "delta": 0.741638}}
{"target": -44.53977155548529, "params": {"C": 55.852935968690765, "epsilon": 2.070222465416945, "gamma": 0.07702800771152667}, "datetime": {"datetime": "2021-09-24 16:26:13", "elapsed": 53.149442, "delta": 0.615925}}
{"target": -45.22329280737629, "params": {"C": 59.637330725915234, "epsilon": 2.9808876555737394, "gamma": 0.09973402368198749}, "datetime": {"datetime": "2021-09-24 16:26:14", "elapsed": 53.886041, "delta": 0.736599}}
{"target": -44.154520984487206, "params": {"C": 73.26706249129936, "epsilon": 0.5301143588643065, "gamma": 0.01814072855726342}, "datetime": {"datetime": "2021-09-24 16:26:15", "elapsed": 54.353038, "delta": 0.466997}}
{"target": -44.07833208129205, "params": {"C": 53.71757145377587, "epsilon": 1.2310804748898634, "gamma": 0.020085959134844636}, "datetime": {"datetime": "2021-09-24 16:26:15", "elapsed": 55.045333, "delta": 0.692295}}
{"target": -44.93273568812814, "params": {"C": 50.485315439836626, "epsilon": 4.393930349767348, "gamma": 0.09265157275134867}, "datetime": {"datetime": "2021-09-24 16:26:16", "elapsed": 55.723998, "delta": 0.678665}}
{"target": -44.37817495749662, "params": {"C": 53.67637731402522, "epsilon": 0.3270540404249967, "gamma": 0.07024303914556085}, "datetime": {"datetime": "2021-09-24 16:26:17", "elapsed": 56.456353, "delta": 0.732355}}
{"target": -44.94443820055937, "params": {"C": 50.59241661012908, "epsilon": 4.250370432675343, "gamma": 0.09350776162118192}, "datetime": {"datetime": "2021-09-24 16:26:17", "elapsed": 57.048202, "delta": 0.591849}}
{"target": -43.938478773555126, "params": {"C": 50.7569294067257, "epsilon": 4.01274924731435, "gamma": 0.015533369465338683}, "datetime": {"datetime": "2021-09-24 16:26:18", "elapsed": 57.733142, "delta": 0.68494}}
{"target": -44.30500354155324, "params": {"C": 59.853717568380986, "epsilon": 2.997043175699197, "gamma": 0.06078416613977941}, "datetime": {"datetime": "2021-09-24 16:26:19", "elapsed": 58.541312, "delta": 0.80817}}
{"target": -44.998812760274774, "params": {"C": 85.93679696547572, "epsilon": 1.6933138495897169, "gamma": 0.07224045770499841}, "datetime": {"datetime": "2021-09-24 16:26:19", "elapsed": 59.026261, "delta": 0.484949}}
{"target": -44.34875786959124, "params": {"C": 50.72236723021757, "epsilon": 3.954496134244728, "gamma": 0.06972979243980634}, "datetime": {"datetime": "2021-09-24 16:26:20", "elapsed": 59.707867, "delta": 0.681606}}
{"target": -44.019662856070404, "params": {"C": 50.64164689343346, "epsilon": 4.143595009173798, "gamma": 0.00647811220470643}, "datetime": {"datetime": "2021-09-24 16:26:21", "elapsed": 60.451349, "delta": 0.743482}}
{"target": -45.27948437220154, "params": {"C": 66.41116596378363, "epsilon": 0.13475977596993555, "gamma": 0.09258210805312864}, "datetime": {"datetime": "2021-09-24 16:26:21", "elapsed": 61.092364, "delta": 0.641015}}
{"target": -44.27026058039668, "params": {"C": 70.25367713092396, "epsilon": 3.1276138512696567, "gamma": 0.03000954625485071}, "datetime": {"datetime": "2021-09-24 16:26:22", "elapsed": 62.190924, "delta": 1.09856}}
{"target": -44.49336243939197, "params": {"C": 85.91990890241799, "epsilon": 1.7454005174224705, "gamma": 0.05879852445117883}, "datetime": {"datetime": "2021-09-24 16:26:23", "elapsed": 62.75867, "delta": 0.567746}}
{"target": -43.98505548200171, "params": {"C": 53.80820371924294, "epsilon": 0.25220351458251766, "gamma": 0.03594358300832641}, "datetime": {"datetime": "2021-09-24 16:26:24", "elapsed": 63.501986, "delta": 0.743316}}
{"target": -45.70408148154191, "params": {"C": 95.98337237960297, "epsilon": 2.873475425894183, "gamma": 0.08934367225584214}, "datetime": {"datetime": "2021-09-24 16:26:24", "elapsed": 64.090655, "delta": 0.588669}}
{"target": -43.99218385715323, "params": {"C": 59.72410921511354, "epsilon": 3.0234717350905287, "gamma": 0.02196890190014051}, "datetime": {"datetime": "2021-09-24 16:26:25", "elapsed": 64.829159, "delta": 0.738504}}
{"target": -45.73914932801926, "params": {"C": 86.92215210740066, "epsilon": 3.6707417043242434, "gamma": 0.09618343095931571}, "datetime": {"datetime": "2021-09-24 16:26:26", "elapsed": 65.28217, "delta": 0.453011}}
{"target": -43.828831772072455, "params": {"C": 55.98497354515789, "epsilon": 2.076819984808749, "gamma": 0.01215961470030474}, "datetime": {"datetime": "2021-09-24 16:26:26", "elapsed": 66.048962, "delta": 0.766792}}
{"target": -43.89181210097298, "params": {"C": 56.33912787426436, "epsilon": 3.715366199314272, "gamma": 0.04284794099063331}, "datetime": {"datetime": "2021-09-24 16:26:27", "elapsed": 66.548966, "delta": 0.500004}}
{"target": -44.57119075255986, "params": {"C": 56.04065702689782, "epsilon": 2.1307253996897786, "gamma": 0.07792661759468306}, "datetime": {"datetime": "2021-09-24 16:26:28", "elapsed": 67.299349, "delta": 0.750383}}
{"target": -44.16562722434367, "params": {"C": 90.56037969122471, "epsilon": 1.6526481010439449, "gamma": 0.033947558374770335}, "datetime": {"datetime": "2021-09-24 16:26:28", "elapsed": 68.016176, "delta": 0.716827}}
{"target": -44.00995364050553, "params": {"C": 51.648765338999404, "epsilon": 1.8965112066547796, "gamma": 0.03957672283396963}, "datetime": {"datetime": "2021-09-24 16:26:29", "elapsed": 68.62893, "delta": 0.612754}}
{"target": -45.08523754537346, "params": {"C": 56.366679105415386, "epsilon": 3.7149744080002702, "gamma": 0.09546656114558288}, "datetime": {"datetime": "2021-09-24 16:26:30", "elapsed": 69.37129, "delta": 0.74236}}
{"target": -44.025705861477526, "params": {"C": 55.949992449565535, "epsilon": 2.0455204357878136, "gamma": 0.029510577146013486}, "datetime": {"datetime": "2021-09-24 16:26:30", "elapsed": 70.099899, "delta": 0.728609}}
{"target": -44.11986937719, "params": {"C": 74.57417033169344, "epsilon": 4.186311220161267, "gamma": 0.02001565704316087}, "datetime": {"datetime": "2021-09-24 16:26:31", "elapsed": 70.767152, "delta": 0.667253}}
{"target": -43.865382575007715, "params": {"C": 88.26785039622295, "epsilon": 2.0903264354944775, "gamma": 0.009809542322916386}, "datetime": {"datetime": "2021-09-24 16:26:32", "elapsed": 71.371341, "delta": 0.604189}}
{"target": -44.273202702724944, "params": {"C": 55.944058655512805, "epsilon": 2.1380891571482668, "gamma": 0.06493897483994503}, "datetime": {"datetime": "2021-09-24 16:26:32", "elapsed": 72.108486, "delta": 0.737145}}
{"target": -44.239089513030414, "params": {"C": 80.99910341012873, "epsilon": 1.280887144323398, "gamma": 0.021299653698372088}, "datetime": {"datetime": "2021-09-24 16:26:33", "elapsed": 72.726995, "delta": 0.618509}}
{"target": -44.1510857805711, "params": {"C": 53.849048793765554, "epsilon": 1.3126204654179288, "gamma": 0.005}, "datetime": {"datetime": "2021-09-24 16:26:34", "elapsed": 73.630375, "delta": 0.90338}}
{"target": -44.0797172003137, "params": {"C": 56.37947264683796, "epsilon": 3.7466913279440375, "gamma": 0.00524194565318004}, "datetime": {"datetime": "2021-09-24 16:26:35", "elapsed": 74.429631, "delta": 0.799256}}
{"target": -43.96463540462361, "params": {"C": 53.87015143967951, "epsilon": 1.2276511906932255, "gamma": 0.026299761961184907}, "datetime": {"datetime": "2021-09-24 16:26:35", "elapsed": 74.983165, "delta": 0.553534}}
{"target": -44.14758291555014, "params": {"C": 71.70254968894605, "epsilon": 0.9146047288260897, "gamma": 0.030889440374896614}, "datetime": {"datetime": "2021-09-24 16:26:36", "elapsed": 75.657168, "delta": 0.674003}}
{"target": -45.74513176405647, "params": {"C": 89.46296026389047, "epsilon": 1.6988056179650675, "gamma": 0.09389919708147174}, "datetime": {"datetime": "2021-09-24 16:26:37", "elapsed": 76.250905, "delta": 0.593737}}
{"target": -43.88750433822432, "params": {"C": 51.89502788685968, "epsilon": 2.755951482752424, "gamma": 0.014403618081804341}, "datetime": {"datetime": "2021-09-24 16:26:37", "elapsed": 76.834611, "delta": 0.583706}}
{"target": -43.77295924587512, "params": {"C": 53.55200796458806, "epsilon": 0.5697805298319862, "gamma": 0.011709966375100942}, "datetime": {"datetime": "2021-09-24 16:26:38", "elapsed": 77.878695, "delta": 1.044084}}
{"target": -44.016871187947764, "params": {"C": 54.53797584326354, "epsilon": 2.7937577279283867, "gamma": 0.023271597904701163}, "datetime": {"datetime": "2021-09-24 16:26:39", "elapsed": 78.582204, "delta": 0.703509}}
{"target": -43.930405531097406, "params": {"C": 59.94817110068439, "epsilon": 2.91237894761726, "gamma": 0.007760354845881357}, "datetime": {"datetime": "2021-09-24 16:26:40", "elapsed": 79.630803, "delta": 1.048599}}
{"target": -43.95438811919113, "params": {"C": 74.92409164570728, "epsilon": 1.9174184679632378, "gamma": 0.018906468070623808}, "datetime": {"datetime": "2021-09-24 16:26:41", "elapsed": 80.323866, "delta": 0.693063}}
{"target": -43.93570418741174, "params": {"C": 56.29941458112703, "epsilon": 3.736830854212371, "gamma": 0.009680296309615989}, "datetime": {"datetime": "2021-09-24 16:26:41", "elapsed": 81.210365, "delta": 0.886499}}
{"target": -43.91810083098644, "params": {"C": 51.842723127485854, "epsilon": 2.784768844975457, "gamma": 0.014819632482020992}, "datetime": {"datetime": "2021-09-24 16:26:42", "elapsed": 82.070751, "delta": 0.860386}}
{"target": -44.232829013551104, "params": {"C": 51.88984963651929, "epsilon": 2.838529353246267, "gamma": 0.06662013718870963}, "datetime": {"datetime": "2021-09-24 16:26:43", "elapsed": 82.94856, "delta": 0.877809}}
{"target": -43.849915753168034, "params": {"C": 53.81322530722091, "epsilon": 1.1476481763991542, "gamma": 0.013138192139356776}, "datetime": {"datetime": "2021-09-24 16:26:44", "elapsed": 83.998625, "delta": 1.050065}}
{"target": -44.32437955597892, "params": {"C": 97.2774012613027, "epsilon": 2.8791070224999062, "gamma": 0.022835063538289315}, "datetime": {"datetime": "2021-09-24 16:26:45", "elapsed": 84.609622, "delta": 0.610997}}
{"target": -45.20899827745183, "params": {"C": 64.1233515351932, "epsilon": 1.8940709899994954, "gamma": 0.09480272047197048}, "datetime": {"datetime": "2021-09-24 16:26:46", "elapsed": 85.325433, "delta": 0.715811}}
{"target": -43.93485683642649, "params": {"C": 59.508414710755034, "epsilon": 2.957851456439747, "gamma": 0.01414583035881406}, "datetime": {"datetime": "2021-09-24 16:26:47", "elapsed": 86.298278, "delta": 0.972845}}
