{"target": -44.24745979598042, "params": {"C": 22.363750204958183, "epsilon": 0.1329271403567286, "gamma": 0.05528148405335582}, "datetime": {"datetime": "2021-09-24 15:28:43", "elapsed": 0.0, "delta": 0.0}}
{"target": -43.926755177328175, "params": {"C": 22.330797238295567, "epsilon": 1.6988601742873315, "gamma": 0.0335022477256847}, "datetime": {"datetime": "2021-09-24 15:28:43", "elapsed": 0.045996, "delta": 0.045996}}
{"target": -44.35859207681367, "params": {"C": 11.027783067854283, "epsilon": 2.488505736412135, "gamma": 0.03045570909588015}, "datetime": {"datetime": "2021-09-24 15:28:43", "elapsed": 0.075996, "delta": 0.03}}
{"target": -44.58457571289646, "params": {"C": 14.074536480040464, "epsilon": 2.4959013160941006, "gamma": 0.05324380996170998}, "datetime": {"datetime": "2021-09-24 15:28:43", "elapsed": 0.120998, "delta": 0.045002}}
{"target": -45.007707071090834, "params": {"C": 7.594417321901744, "epsilon": 2.068905141425013, "gamma": 0.019014878658738688}, "datetime": {"datetime": "2021-09-24 15:28:43", "elapsed": 0.147997, "delta": 0.026999}}
{"target": -44.00067276840492, "params": {"C": 23.70397988100842, "epsilon": 2.5237886064435875, "gamma": 0.03707529188417726}, "datetime": {"datetime": "2021-09-24 15:28:44", "elapsed": 0.426993, "delta": 0.278996}}
{"target": -50.75737307936673, "params": {"C": 21.31597941626405, "epsilon": 3.9971834199725844, "gamma": 0.0007}, "datetime": {"datetime": "2021-09-24 15:28:44", "elapsed": 0.756287, "delta": 0.329294}}
{"target": -43.74417460251911, "params": {"C": 23.86599573217339, "epsilon": 0.9866470842786667, "gamma": 0.02556993538556135}, "datetime": {"datetime": "2021-09-24 15:28:45", "elapsed": 1.305228, "delta": 0.548941}}
{"target": -45.880509772084054, "params": {"C": 26.311723812282615, "epsilon": 2.12700477053309, "gamma": 0.1}, "datetime": {"datetime": "2021-09-24 15:28:45", "elapsed": 1.763232, "delta": 0.458004}}
{"target": -46.70796963195111, "params": {"C": 12.278334882010048, "epsilon": 0.15103755421069764, "gamma": 0.09967471873989783}, "datetime": {"datetime": "2021-09-24 15:28:45", "elapsed": 2.188226, "delta": 0.424994}}
{"target": -46.76076555734824, "params": {"C": 12.411920025409726, "epsilon": 4.0, "gamma": 0.1}, "datetime": {"datetime": "2021-09-24 15:28:46", "elapsed": 2.446229, "delta": 0.258003}}
{"target": -44.6784277920207, "params": {"C": 9.4296433698542, "epsilon": 3.319245268157763, "gamma": 0.03208750933752948}, "datetime": {"datetime": "2021-09-24 15:28:46", "elapsed": 2.799819, "delta": 0.35359}}
{"target": -44.225188351584116, "params": {"C": 16.098157149595107, "epsilon": 2.1518747157504405, "gamma": 0.04429644206887919}, "datetime": {"datetime": "2021-09-24 15:28:46", "elapsed": 3.139683, "delta": 0.339864}}
{"target": -46.17742378049031, "params": {"C": 15.932480698505262, "epsilon": 4.0, "gamma": 0.1}, "datetime": {"datetime": "2021-09-24 15:28:47", "elapsed": 3.54668, "delta": 0.406997}}
{"target": -52.31561939287848, "params": {"C": 15.588457965452324, "epsilon": 0.5346905849460224, "gamma": 0.0007}, "datetime": {"datetime": "2021-09-24 15:28:47", "elapsed": 3.987684, "delta": 0.441004}}
{"target": -45.78528223908934, "params": {"C": 23.2461556750145, "epsilon": 1.621747135797099, "gamma": 0.1}, "datetime": {"datetime": "2021-09-24 15:28:48", "elapsed": 4.692684, "delta": 0.705}}
{"target": -43.68981473554095, "params": {"C": 23.479313615556805, "epsilon": 0.6299003488887789, "gamma": 0.017671562091744926}, "datetime": {"datetime": "2021-09-24 15:28:49", "elapsed": 5.342052, "delta": 0.649368}}
{"target": -44.94859460254547, "params": {"C": 24.32255716691513, "epsilon": 0.08374118037006428, "gamma": 0.07698324775013583}, "datetime": {"datetime": "2021-09-24 15:28:49", "elapsed": 5.461051, "delta": 0.118999}}
{"target": -43.57214869235221, "params": {"C": 21.51581610600256, "epsilon": 1.011654960007326, "gamma": 0.010085189089027795}, "datetime": {"datetime": "2021-09-24 15:28:49", "elapsed": 6.06305, "delta": 0.601999}}
{"target": -43.76703953145376, "params": {"C": 24.607960619963716, "epsilon": 3.3094910656098038, "gamma": 0.006264942386755571}, "datetime": {"datetime": "2021-09-24 15:28:50", "elapsed": 6.465052, "delta": 0.402002}}
{"target": -44.43815798244735, "params": {"C": 24.730444707926154, "epsilon": 2.0970203164652013, "gamma": 0.05482753489862355}, "datetime": {"datetime": "2021-09-24 15:28:50", "elapsed": 6.887412, "delta": 0.42236}}
{"target": -44.32142535455141, "params": {"C": 20.379820585711375, "epsilon": 0.03510969851998662, "gamma": 0.0558686545691399}, "datetime": {"datetime": "2021-09-24 15:28:51", "elapsed": 7.291702, "delta": 0.40429}}
{"target": -44.15302554680348, "params": {"C": 17.400252730781176, "epsilon": 2.487778206846527, "gamma": 0.03947170896232716}, "datetime": {"datetime": "2021-09-24 15:28:51", "elapsed": 7.738706, "delta": 0.447004}}
{"target": -43.96273271934442, "params": {"C": 20.01834447149379, "epsilon": 1.4389859290263054, "gamma": 0.03187808991765688}, "datetime": {"datetime": "2021-09-24 15:28:51", "elapsed": 8.057926, "delta": 0.31922}}
{"target": -45.78202202290631, "params": {"C": 18.603776282747976, "epsilon": 1.2131856543709647, "gamma": 0.1}, "datetime": {"datetime": "2021-09-24 15:28:52", "elapsed": 8.305928, "delta": 0.248002}}
{"target": -44.990346888017875, "params": {"C": 9.749102123088253, "epsilon": 1.5905587441456834, "gamma": 0.04492551335931749}, "datetime": {"datetime": "2021-09-24 15:28:52", "elapsed": 8.473929, "delta": 0.168001}}
{"target": -44.082206207597295, "params": {"C": 25.8592705241465, "epsilon": 3.973595795112102, "gamma": 0.04230676936743064}, "datetime": {"datetime": "2021-09-24 15:28:52", "elapsed": 8.892955, "delta": 0.419026}}
{"target": -44.862725586121485, "params": {"C": 27.662476375784536, "epsilon": 3.9946075448570544, "gamma": 0.07116852189963406}, "datetime": {"datetime": "2021-09-24 15:28:53", "elapsed": 9.250529, "delta": 0.357574}}
{"target": -43.38345282866684, "params": {"C": 23.753168983402418, "epsilon": 3.877548799443047, "gamma": 0.016482125865747453}, "datetime": {"datetime": "2021-09-24 15:28:53", "elapsed": 9.510519, "delta": 0.25999}}
{"target": -45.74397093010429, "params": {"C": 30.177911822021976, "epsilon": 4.0, "gamma": 0.09685196895062775}, "datetime": {"datetime": "2021-09-24 15:28:53", "elapsed": 9.868521, "delta": 0.358002}}
{"target": -45.6691254690373, "params": {"C": 6.393993741808124, "epsilon": 3.96966460942444, "gamma": 0.015551434556527213}, "datetime": {"datetime": "2021-09-24 15:28:53", "elapsed": 10.196523, "delta": 0.328002}}
{"target": -48.76825056360564, "params": {"C": 6.067633210985813, "epsilon": 0.08946829220467317, "gamma": 0.09351400304823955}, "datetime": {"datetime": "2021-09-24 15:28:54", "elapsed": 10.53024, "delta": 0.333717}}
{"target": -43.683135289712325, "params": {"C": 47.392871089018, "epsilon": 2.4650018223026757, "gamma": 0.027971390732939343}, "datetime": {"datetime": "2021-09-24 15:28:54", "elapsed": 11.028514, "delta": 0.498274}}
{"target": -43.716962985600546, "params": {"C": 46.130730660892304, "epsilon": 2.9005904575722217, "gamma": 0.0271301831590074}, "datetime": {"datetime": "2021-09-24 15:28:55", "elapsed": 11.549716, "delta": 0.521202}}
{"target": -45.51579782538757, "params": {"C": 47.17700201368834, "epsilon": 3.8362503292070915, "gamma": 0.09949932378836986}, "datetime": {"datetime": "2021-09-24 15:28:55", "elapsed": 11.972719, "delta": 0.423003}}
{"target": -47.1638245406717, "params": {"C": 46.40088847295152, "epsilon": 1.5885219145895157, "gamma": 0.0007}, "datetime": {"datetime": "2021-09-24 15:28:56", "elapsed": 12.587721, "delta": 0.615002}}
{"target": -43.20192749376711, "params": {"C": 48.49688471850319, "epsilon": 2.333315576697721, "gamma": 0.009491929639009985}, "datetime": {"datetime": "2021-09-24 15:28:57", "elapsed": 13.314972, "delta": 0.727251}}
{"target": -43.84481515693485, "params": {"C": 48.97386617270922, "epsilon": 1.3067384364054917, "gamma": 0.041089783220240234}, "datetime": {"datetime": "2021-09-24 15:28:57", "elapsed": 13.83897, "delta": 0.523998}}
{"target": -45.50079065268165, "params": {"C": 49.690333307376385, "epsilon": 2.4831409689619846, "gamma": 0.1}, "datetime": {"datetime": "2021-09-24 15:28:58", "elapsed": 14.32597, "delta": 0.487}}
{"target": -47.301787684653696, "params": {"C": 45.10404081209503, "epsilon": 3.584911244524128, "gamma": 0.0007}, "datetime": {"datetime": "2021-09-24 15:28:58", "elapsed": 14.990447, "delta": 0.664477}}
{"target": -44.263794243999165, "params": {"C": 48.08203154559164, "epsilon": 1.7078386299986847, "gamma": 0.05514913473895018}, "datetime": {"datetime": "2021-09-24 15:28:59", "elapsed": 15.67893, "delta": 0.688483}}
{"target": -45.434010121891454, "params": {"C": 21.218019743969066, "epsilon": 1.8705101035341591, "gamma": 0.09042663967407724}, "datetime": {"datetime": "2021-09-24 15:29:00", "elapsed": 16.534927, "delta": 0.855997}}
{"target": -43.29768954887027, "params": {"C": 48.34333795396458, "epsilon": 3.163418561640381, "gamma": 0.010005481809959284}, "datetime": {"datetime": "2021-09-24 15:29:00", "elapsed": 17.159036, "delta": 0.624109}}
{"target": -43.646082549092576, "params": {"C": 49.36655692605121, "epsilon": 0.07261693916728282, "gamma": 0.02793421923700794}, "datetime": {"datetime": "2021-09-24 15:29:01", "elapsed": 18.058035, "delta": 0.898999}}
{"target": -43.611391679334524, "params": {"C": 48.192669501766154, "epsilon": 0.05109146678800825, "gamma": 0.02727937046933127}, "datetime": {"datetime": "2021-09-24 15:29:02", "elapsed": 18.581035, "delta": 0.523}}
{"target": -44.276075127553554, "params": {"C": 37.05977824648269, "epsilon": 0.0864812279446969, "gamma": 0.05716524633739947}, "datetime": {"datetime": "2021-09-24 15:29:03", "elapsed": 19.465483, "delta": 0.884448}}
{"target": -43.938264438729185, "params": {"C": 38.16428143563975, "epsilon": 1.1995039023472378, "gamma": 0.04666377512178215}, "datetime": {"datetime": "2021-09-24 15:29:04", "elapsed": 20.335487, "delta": 0.870004}}
{"target": -43.30095332739271, "params": {"C": 36.86365120921233, "epsilon": 1.664780739189412, "gamma": 0.011232834504431093}, "datetime": {"datetime": "2021-09-24 15:29:04", "elapsed": 21.231479, "delta": 0.895992}}
{"target": -44.741871900327084, "params": {"C": 37.6949386703861, "epsilon": 2.4824335662677037, "gamma": 0.06784504389123615}, "datetime": {"datetime": "2021-09-24 15:29:05", "elapsed": 21.889988, "delta": 0.658509}}
{"target": -43.51877013848787, "params": {"C": 35.80379533100218, "epsilon": 1.169507682898884, "gamma": 0.019603762131703163}, "datetime": {"datetime": "2021-09-24 15:29:06", "elapsed": 22.616989, "delta": 0.727001}}
{"target": -48.34617501174796, "params": {"C": 35.83943381657346, "epsilon": 2.415493342678312, "gamma": 0.0007}, "datetime": {"datetime": "2021-09-24 15:29:07", "elapsed": 23.639679, "delta": 1.02269}}
{"target": -44.534026386462514, "params": {"C": 36.57706274683266, "epsilon": 0.8925317885698297, "gamma": 0.06364922747269504}, "datetime": {"datetime": "2021-09-24 15:29:08", "elapsed": 24.785352, "delta": 1.145673}}
{"target": -48.47192236806317, "params": {"C": 35.184504230997966, "epsilon": 0.4204000246075915, "gamma": 0.0007}, "datetime": {"datetime": "2021-09-24 15:29:09", "elapsed": 25.866217, "delta": 1.080865}}
{"target": -45.58243381866787, "params": {"C": 41.273033739217446, "epsilon": 3.816523813893534, "gamma": 0.0988368322987421}, "datetime": {"datetime": "2021-09-24 15:29:10", "elapsed": 26.275214, "delta": 0.408997}}
{"target": -45.56929517476674, "params": {"C": 48.736142838960724, "epsilon": 0.54735906307117, "gamma": 0.1}, "datetime": {"datetime": "2021-09-24 15:29:10", "elapsed": 27.049875, "delta": 0.774661}}
{"target": -44.79969224293637, "params": {"C": 47.9453290874525, "epsilon": 2.642339591548707, "gamma": 0.07733087159230553}, "datetime": {"datetime": "2021-09-24 15:29:11", "elapsed": 27.967684, "delta": 0.917809}}
{"target": -47.0283425381579, "params": {"C": 48.79663163302473, "epsilon": 2.838714890598233, "gamma": 0.0007}, "datetime": {"datetime": "2021-09-24 15:29:12", "elapsed": 29.117947, "delta": 1.150263}}
{"target": -44.41576081880385, "params": {"C": 45.70937412707333, "epsilon": 0.5833134192305759, "gamma": 0.05780213100109693}, "datetime": {"datetime": "2021-09-24 15:29:13", "elapsed": 29.390943, "delta": 0.272996}}
{"target": -45.21456711582227, "params": {"C": 48.457487318427994, "epsilon": 2.3297514337783123, "gamma": 0.08937027093673457}, "datetime": {"datetime": "2021-09-24 15:29:13", "elapsed": 29.740956, "delta": 0.350013}}
{"target": -46.485393817387106, "params": {"C": 4.665086873133573, "epsilon": 0.2002773334365953, "gamma": 0.02243719070009951}, "datetime": {"datetime": "2021-09-24 15:29:13", "elapsed": 30.040948, "delta": 0.299992}}
{"target": -45.07470938023015, "params": {"C": 48.686765179123476, "epsilon": 0.598319451119715, "gamma": 0.07962820787575633}, "datetime": {"datetime": "2021-09-24 15:29:14", "elapsed": 30.482612, "delta": 0.441664}}
{"target": -44.46296669006396, "params": {"C": 18.411548731561556, "epsilon": 3.995536186206168, "gamma": 0.05186464855726034}, "datetime": {"datetime": "2021-09-24 15:29:14", "elapsed": 30.800611, "delta": 0.317999}}
{"target": -43.8386159831247, "params": {"C": 48.617661322915865, "epsilon": 2.3020126264327807, "gamma": 0.04203106078156394}, "datetime": {"datetime": "2021-09-24 15:29:15", "elapsed": 31.50448, "delta": 0.703869}}
{"target": -43.83218780982928, "params": {"C": 44.512756763023624, "epsilon": 2.5624658506596076, "gamma": 0.039802676595490784}, "datetime": {"datetime": "2021-09-24 15:29:15", "elapsed": 31.979481, "delta": 0.475001}}
{"target": -43.91591249662115, "params": {"C": 15.159064155294887, "epsilon": 3.41158634231931, "gamma": 0.016042922627591393}, "datetime": {"datetime": "2021-09-24 15:29:16", "elapsed": 32.422482, "delta": 0.443001}}
{"target": -45.44720727923169, "params": {"C": 36.964595087609105, "epsilon": 1.5787254061329594, "gamma": 0.09006576096343503}, "datetime": {"datetime": "2021-09-24 15:29:16", "elapsed": 33.059937, "delta": 0.637455}}
{"target": -44.024113208128675, "params": {"C": 36.85027124989765, "epsilon": 1.8361227014832537, "gamma": 0.04868949470822048}, "datetime": {"datetime": "2021-09-24 15:29:17", "elapsed": 33.457543, "delta": 0.397606}}
{"target": -43.70936950067407, "params": {"C": 26.81738103357863, "epsilon": 2.330334182825544, "gamma": 0.027397217949304237}, "datetime": {"datetime": "2021-09-24 15:29:17", "elapsed": 33.788546, "delta": 0.331003}}
{"target": -48.235025551353395, "params": {"C": 36.706722677394794, "epsilon": 1.6921799525894103, "gamma": 0.0007}, "datetime": {"datetime": "2021-09-24 15:29:18", "elapsed": 34.823539, "delta": 1.034993}}
{"target": -45.003837596414904, "params": {"C": 30.92092211757718, "epsilon": 2.6348114240186917, "gamma": 0.07555659694806402}, "datetime": {"datetime": "2021-09-24 15:29:19", "elapsed": 35.241864, "delta": 0.418325}}
{"target": -44.29714589140008, "params": {"C": 48.32819837584397, "epsilon": 3.1046615266130733, "gamma": 0.05952232849628732}, "datetime": {"datetime": "2021-09-24 15:29:19", "elapsed": 35.606984, "delta": 0.36512}}
{"target": -43.4169381011088, "params": {"C": 48.49191519796297, "epsilon": 2.265928544421515, "gamma": 0.0066048365640700366}, "datetime": {"datetime": "2021-09-24 15:29:20", "elapsed": 36.252983, "delta": 0.645999}}
{"target": -43.56604280469476, "params": {"C": 32.83657807150696, "epsilon": 3.3117477230603796, "gamma": 0.022246784426201715}, "datetime": {"datetime": "2021-09-24 15:29:20", "elapsed": 36.712984, "delta": 0.460001}}
{"target": -44.39153548764059, "params": {"C": 48.287737244461546, "epsilon": 3.2468657148781896, "gamma": 0.06373894360907678}, "datetime": {"datetime": "2021-09-24 15:29:21", "elapsed": 37.476837, "delta": 0.763853}}
{"target": -43.945316965983416, "params": {"C": 23.66550625256312, "epsilon": 3.958998028676588, "gamma": 0.03329743961845691}, "datetime": {"datetime": "2021-09-24 15:29:22", "elapsed": 38.458121, "delta": 0.981284}}
{"target": -43.87922994274527, "params": {"C": 38.58378255793644, "epsilon": 1.9029656032106392, "gamma": 0.030017606218331366}, "datetime": {"datetime": "2021-09-24 15:29:22", "elapsed": 38.83312, "delta": 0.374999}}
{"target": -43.83099578199584, "params": {"C": 23.68430777349197, "epsilon": 3.7508172753838296, "gamma": 0.029580761732115237}, "datetime": {"datetime": "2021-09-24 15:29:23", "elapsed": 39.483187, "delta": 0.650067}}
{"target": -46.09157839996469, "params": {"C": 6.517745033670879, "epsilon": 1.4490557437450273, "gamma": 0.04453651520257899}, "datetime": {"datetime": "2021-09-24 15:29:23", "elapsed": 40.04319, "delta": 0.560003}}
{"target": -43.64470930398858, "params": {"C": 37.02666412211426, "epsilon": 1.7450141496978078, "gamma": 0.021875292255569813}, "datetime": {"datetime": "2021-09-24 15:29:24", "elapsed": 40.54312, "delta": 0.49993}}
{"target": -43.37969994638867, "params": {"C": 48.46280583562445, "epsilon": 3.2154388890149406, "gamma": 0.006676619853528146}, "datetime": {"datetime": "2021-09-24 15:29:25", "elapsed": 41.356465, "delta": 0.813345}}
{"target": -44.2920712634784, "params": {"C": 23.905241519409334, "epsilon": 3.738556906598523, "gamma": 0.046361236983132055}, "datetime": {"datetime": "2021-09-24 15:29:26", "elapsed": 42.429463, "delta": 1.072998}}
{"target": -43.70631025083117, "params": {"C": 48.3597068251514, "epsilon": 3.17792983375987, "gamma": 0.031003089884384844}, "datetime": {"datetime": "2021-09-24 15:29:26", "elapsed": 42.834461, "delta": 0.404998}}
{"target": -48.1716247123584, "params": {"C": 37.014718579238966, "epsilon": 1.9333288619187625, "gamma": 0.0007}, "datetime": {"datetime": "2021-09-24 15:29:27", "elapsed": 43.595307, "delta": 0.760846}}
{"target": -45.801728767973806, "params": {"C": 23.83195651680263, "epsilon": 3.938202007121128, "gamma": 0.09430492077178425}, "datetime": {"datetime": "2021-09-24 15:29:28", "elapsed": 44.367312, "delta": 0.772005}}
{"target": -43.82812043848318, "params": {"C": 37.02349512755817, "epsilon": 1.7524560761880492, "gamma": 0.0348616190589052}, "datetime": {"datetime": "2021-09-24 15:29:28", "elapsed": 44.827311, "delta": 0.459999}}
{"target": -44.11877669779949, "params": {"C": 35.649449105566454, "epsilon": 1.1018286072920982, "gamma": 0.053307085250728095}, "datetime": {"datetime": "2021-09-24 15:29:29", "elapsed": 45.78005, "delta": 0.952739}}
{"target": -44.05592848466974, "params": {"C": 35.763124071627296, "epsilon": 1.2933505576143505, "gamma": 0.05131048915040139}, "datetime": {"datetime": "2021-09-24 15:29:30", "elapsed": 46.305055, "delta": 0.525005}}
{"target": -43.600484143651514, "params": {"C": 21.35052193634512, "epsilon": 0.9697641501210083, "gamma": 0.014811815388221877}, "datetime": {"datetime": "2021-09-24 15:29:31", "elapsed": 47.464749, "delta": 1.159694}}
{"target": -45.811780938933325, "params": {"C": 6.058377309745874, "epsilon": 2.9263116893342054, "gamma": 0.015184971563314064}, "datetime": {"datetime": "2021-09-24 15:29:31", "elapsed": 48.100315, "delta": 0.635566}}
{"target": -44.15962436230767, "params": {"C": 25.853318422753386, "epsilon": 3.978523348313998, "gamma": 0.04419756776006173}, "datetime": {"datetime": "2021-09-24 15:29:32", "elapsed": 48.738316, "delta": 0.638001}}
{"target": -44.14595106742035, "params": {"C": 31.00524968004665, "epsilon": 1.8369234189297006, "gamma": 0.05519770243499774}, "datetime": {"datetime": "2021-09-24 15:29:32", "elapsed": 49.224997, "delta": 0.486681}}
{"target": -43.63760600518948, "params": {"C": 21.51164383643681, "epsilon": 0.8401686314909852, "gamma": 0.011820903814415968}, "datetime": {"datetime": "2021-09-24 15:29:34", "elapsed": 50.323391, "delta": 1.098394}}
{"target": -44.2629169840221, "params": {"C": 21.281692433846747, "epsilon": 0.795949019918915, "gamma": 0.05088899685217337}, "datetime": {"datetime": "2021-09-24 15:29:34", "elapsed": 51.180618, "delta": 0.857227}}
{"target": -48.84606400734929, "params": {"C": 5.815838073576808, "epsilon": 2.916726489862894, "gamma": 0.0920788692122272}, "datetime": {"datetime": "2021-09-24 15:29:35", "elapsed": 51.526264, "delta": 0.345646}}
{"target": -50.47190714645428, "params": {"C": 3.581970026138811, "epsilon": 1.5728236681105212, "gamma": 0.08929350475641469}, "datetime": {"datetime": "2021-09-24 15:29:35", "elapsed": 51.921256, "delta": 0.394992}}
{"target": -44.15026556415142, "params": {"C": 23.655656070327115, "epsilon": 0.8522567869112474, "gamma": 0.044710408151602134}, "datetime": {"datetime": "2021-09-24 15:29:36", "elapsed": 52.917101, "delta": 0.995845}}
{"target": -43.39662840485382, "params": {"C": 32.764769658945255, "epsilon": 3.1242550320251805, "gamma": 0.019772938849437167}, "datetime": {"datetime": "2021-09-24 15:29:37", "elapsed": 53.289153, "delta": 0.372052}}
{"target": -45.46711919758841, "params": {"C": 15.269582964069645, "epsilon": 0.4431282091726346, "gamma": 0.08310306430652467}, "datetime": {"datetime": "2021-09-24 15:29:37", "elapsed": 53.791305, "delta": 0.502152}}
{"target": -45.60046803072084, "params": {"C": 32.938139557936225, "epsilon": 3.1401019839210775, "gamma": 0.09559023944513813}, "datetime": {"datetime": "2021-09-24 15:29:38", "elapsed": 54.566318, "delta": 0.775013}}
{"target": -43.370725700903954, "params": {"C": 49.51612654130218, "epsilon": 2.9872471413575625, "gamma": 0.01472034142669516}, "datetime": {"datetime": "2021-09-24 15:29:38", "elapsed": 55.072295, "delta": 0.505977}}
{"target": -43.265872348020466, "params": {"C": 32.664780612971, "epsilon": 3.374014650164402, "gamma": 0.006814896028111823}, "datetime": {"datetime": "2021-09-24 15:29:39", "elapsed": 55.882051, "delta": 0.809756}}
{"target": -44.07211765014532, "params": {"C": 32.52495770885559, "epsilon": 3.2210185189730316, "gamma": 0.04431653393798792}, "datetime": {"datetime": "2021-09-24 15:29:40", "elapsed": 57.145067, "delta": 1.263016}}
