{"target": -45.296287917516544, "params": {"C": 17.651687325039873, "epsilon": 2.9785985966090442, "gamma": 0.1435641051135609}, "datetime": {"datetime": "2021-09-24 15:41:48", "elapsed": 173.262505, "delta": 0.857312}}
{"target": -44.7753495589613, "params": {"C": 36.65753170964587, "epsilon": 2.2126002088235235, "gamma": 0.11077597265562572}, "datetime": {"datetime": "2021-09-24 15:41:50", "elapsed": 174.94795, "delta": 1.685445}}
{"target": -43.68130091433733, "params": {"C": 29.842201413210198, "epsilon": 1.4176261043922933, "gamma": 0.04919650529895019}, "datetime": {"datetime": "2021-09-24 15:41:51", "elapsed": 176.926797, "delta": 1.978847}}
{"target": -44.21932844341256, "params": {"C": 29.75931566469941, "epsilon": 0.6159598678302929, "gamma": 0.09080338289138899}, "datetime": {"datetime": "2021-09-24 15:41:53", "elapsed": 178.648605, "delta": 1.721808}}
{"target": -44.94871703584329, "params": {"C": 47.11316472760373, "epsilon": 3.992818890559287, "gamma": 0.09730831222709499}, "datetime": {"datetime": "2021-09-24 15:41:54", "elapsed": 179.74164, "delta": 1.093035}}
{"target": -45.27950075663144, "params": {"C": 19.015386975151813, "epsilon": 3.236151749664946, "gamma": 0.15}, "datetime": {"datetime": "2021-09-24 15:41:56", "elapsed": 181.352052, "delta": 1.610412}}
{"target": -43.80438693579719, "params": {"C": 28.12536396387362, "epsilon": 1.6802988361372342, "gamma": 0.07008416032968022}, "datetime": {"datetime": "2021-09-24 15:41:58", "elapsed": 183.054896, "delta": 1.702844}}
{"target": -43.85209539914701, "params": {"C": 18.937726333891096, "epsilon": 0.10417284201910931, "gamma": 0.032812949233756196}, "datetime": {"datetime": "2021-09-24 15:41:59", "elapsed": 184.569221, "delta": 1.514325}}
{"target": -44.668521211323636, "params": {"C": 23.59430546287359, "epsilon": 3.5480532099945017, "gamma": 0.13121206303133112}, "datetime": {"datetime": "2021-09-24 15:42:00", "elapsed": 185.83043, "delta": 1.261209}}
{"target": -43.73574793531717, "params": {"C": 30.17851346557719, "epsilon": 3.54014137296776, "gamma": 0.05055392262486023}, "datetime": {"datetime": "2021-09-24 15:42:02", "elapsed": 187.225226, "delta": 1.394796}}
{"target": -43.8064396570631, "params": {"C": 37.752902811584654, "epsilon": 2.533379179019264, "gamma": 0.06068862233325709}, "datetime": {"datetime": "2021-09-24 15:42:03", "elapsed": 188.838363, "delta": 1.613137}}
{"target": -44.05800301219988, "params": {"C": 32.112618591049696, "epsilon": 3.870508121820622, "gamma": 0.08002445298816385}, "datetime": {"datetime": "2021-09-24 15:42:05", "elapsed": 190.4239, "delta": 1.585537}}
{"target": -44.032086443568645, "params": {"C": 31.655588881130083, "epsilon": 3.4693147521777195, "gamma": 0.008034205336474014}, "datetime": {"datetime": "2021-09-24 15:42:06", "elapsed": 191.91627, "delta": 1.49237}}
{"target": -45.126277158829716, "params": {"C": 21.430739312015774, "epsilon": 2.6275530490057446, "gamma": 0.15}, "datetime": {"datetime": "2021-09-24 15:42:08", "elapsed": 193.874674, "delta": 1.958404}}
{"target": -52.05848060794775, "params": {"C": 30.509313980828537, "epsilon": 0.5573966780091655, "gamma": 0.0008}, "datetime": {"datetime": "2021-09-24 15:42:10", "elapsed": 195.2016, "delta": 1.326926}}
{"target": -45.08433648478458, "params": {"C": 29.893738603420697, "epsilon": 0.07, "gamma": 0.15}, "datetime": {"datetime": "2021-09-24 15:42:11", "elapsed": 196.495532, "delta": 1.293932}}
{"target": -45.089836090998965, "params": {"C": 12.842091655199908, "epsilon": 2.053129418406964, "gamma": 0.1252317232692294}, "datetime": {"datetime": "2021-09-24 15:42:13", "elapsed": 198.568975, "delta": 2.073443}}
{"target": -43.553877586602624, "params": {"C": 24.712507243753837, "epsilon": 0.6400861075547548, "gamma": 0.05790625744726765}, "datetime": {"datetime": "2021-09-24 15:42:15", "elapsed": 200.566752, "delta": 1.997777}}
{"target": -44.98549353323116, "params": {"C": 25.223485334407325, "epsilon": 0.6246414808499505, "gamma": 0.14861625196601727}, "datetime": {"datetime": "2021-09-24 15:42:16", "elapsed": 201.773999, "delta": 1.207247}}
{"target": -43.843160608927995, "params": {"C": 33.30360096495475, "epsilon": 3.848895000713115, "gamma": 0.05276309585673001}, "datetime": {"datetime": "2021-09-24 15:42:18", "elapsed": 203.184956, "delta": 1.410957}}
{"target": -43.86498380475983, "params": {"C": 31.238690401768334, "epsilon": 2.3309891553264532, "gamma": 0.06974898286586378}, "datetime": {"datetime": "2021-09-24 15:42:20", "elapsed": 205.707175, "delta": 2.522219}}
{"target": -45.06427604792115, "params": {"C": 29.20822042154711, "epsilon": 0.5637592342524239, "gamma": 0.15}, "datetime": {"datetime": "2021-09-24 15:42:22", "elapsed": 207.266321, "delta": 1.559146}}
{"target": -43.70987038072324, "params": {"C": 19.956129946234473, "epsilon": 0.1308623752536046, "gamma": 0.05744204336270055}, "datetime": {"datetime": "2021-09-24 15:42:23", "elapsed": 208.602176, "delta": 1.335855}}
{"target": -44.5265350220741, "params": {"C": 30.14371290282223, "epsilon": 3.4331476328578225, "gamma": 0.11147075167490199}, "datetime": {"datetime": "2021-09-24 15:42:24", "elapsed": 209.849537, "delta": 1.247361}}
{"target": -44.063806489204495, "params": {"C": 31.783700061868505, "epsilon": 2.3930823582510934, "gamma": 0.07748103990348863}, "datetime": {"datetime": "2021-09-24 15:42:26", "elapsed": 211.107778, "delta": 1.258241}}
{"target": -45.22206150155091, "params": {"C": 31.91602938178799, "epsilon": 2.9342598489795195, "gamma": 0.14695186412942438}, "datetime": {"datetime": "2021-09-24 15:42:27", "elapsed": 212.815967, "delta": 1.708189}}
{"target": -44.68612088281627, "params": {"C": 11.575717630618795, "epsilon": 2.404968684308307, "gamma": 0.1061797613095456}, "datetime": {"datetime": "2021-09-24 15:42:29", "elapsed": 214.275199, "delta": 1.459232}}
{"target": -45.50738957493173, "params": {"C": 41.25742584120809, "epsilon": 2.534874188716916, "gamma": 0.15}, "datetime": {"datetime": "2021-09-24 15:42:30", "elapsed": 215.572334, "delta": 1.297135}}
{"target": -45.262535685259955, "params": {"C": 15.261038467874634, "epsilon": 1.2516565089302072, "gamma": 0.1380572847434787}, "datetime": {"datetime": "2021-09-24 15:42:32", "elapsed": 217.002372, "delta": 1.430038}}
{"target": -45.45888130551653, "params": {"C": 37.18902505328761, "epsilon": 2.933244485067834, "gamma": 0.15}, "datetime": {"datetime": "2021-09-24 15:42:34", "elapsed": 219.028512, "delta": 2.02614}}
{"target": -50.02742618796497, "params": {"C": 43.96076975398589, "epsilon": 0.07, "gamma": 0.0008}, "datetime": {"datetime": "2021-09-24 15:42:35", "elapsed": 220.795379, "delta": 1.766867}}
{"target": -43.80088743756378, "params": {"C": 24.90952231568591, "epsilon": 1.6430038500976087, "gamma": 0.01730352964376449}, "datetime": {"datetime": "2021-09-24 15:42:37", "elapsed": 222.480732, "delta": 1.685353}}
{"target": -44.069580069063534, "params": {"C": 30.803727677662373, "epsilon": 2.6514426547290926, "gamma": 0.027863139478182974}, "datetime": {"datetime": "2021-09-24 15:42:39", "elapsed": 224.143611, "delta": 1.662879}}
{"target": -44.661479130667885, "params": {"C": 46.50673781578812, "epsilon": 0.5827683223487357, "gamma": 0.0031194709934823156}, "datetime": {"datetime": "2021-09-24 15:42:40", "elapsed": 225.214805, "delta": 1.071194}}
{"target": -43.73334720072343, "params": {"C": 33.785882625216125, "epsilon": 2.163587426293141, "gamma": 0.05785778231211616}, "datetime": {"datetime": "2021-09-24 15:42:41", "elapsed": 226.16781, "delta": 0.953005}}
{"target": -43.911602783229355, "params": {"C": 46.34118051156183, "epsilon": 0.813085307751892, "gamma": 0.04341978539903181}, "datetime": {"datetime": "2021-09-24 15:42:42", "elapsed": 227.10955, "delta": 0.94174}}
{"target": -43.79488133706627, "params": {"C": 36.3021138525304, "epsilon": 0.6044157490641353, "gamma": 0.06290216481253481}, "datetime": {"datetime": "2021-09-24 15:42:44", "elapsed": 229.00656, "delta": 1.89701}}
{"target": -44.902904477743164, "params": {"C": 24.084971777529788, "epsilon": 3.040338408465923, "gamma": 0.14335898933266092}, "datetime": {"datetime": "2021-09-24 15:42:45", "elapsed": 230.281685, "delta": 1.275125}}
{"target": -45.73286136778334, "params": {"C": 13.618357489747698, "epsilon": 2.783410122282631, "gamma": 0.15}, "datetime": {"datetime": "2021-09-24 15:42:46", "elapsed": 231.623809, "delta": 1.342124}}
{"target": -43.9148910042828, "params": {"C": 24.68898046591218, "epsilon": 1.2039984630231273, "gamma": 0.0816576192559705}, "datetime": {"datetime": "2021-09-24 15:42:48", "elapsed": 233.303306, "delta": 1.679497}}
{"target": -44.52644901774502, "params": {"C": 27.853969378921015, "epsilon": 0.7428642371229377, "gamma": 0.11414039529551845}, "datetime": {"datetime": "2021-09-24 15:42:50", "elapsed": 235.07291, "delta": 1.769604}}
{"target": -45.48150643419566, "params": {"C": 13.486467903609899, "epsilon": 2.352726844470834, "gamma": 0.14173129936422138}, "datetime": {"datetime": "2021-09-24 15:42:51", "elapsed": 236.075912, "delta": 1.003002}}
{"target": -45.395357548179575, "params": {"C": 38.30761194793042, "epsilon": 2.089483605371475, "gamma": 0.15}, "datetime": {"datetime": "2021-09-24 15:42:53", "elapsed": 237.996728, "delta": 1.920816}}
{"target": -43.81865197634512, "params": {"C": 21.9695631785942, "epsilon": 3.8204448708168655, "gamma": 0.02237271466056775}, "datetime": {"datetime": "2021-09-24 15:42:54", "elapsed": 239.526052, "delta": 1.529324}}
{"target": -44.868569602004676, "params": {"C": 21.672021348797365, "epsilon": 3.4014174933456296, "gamma": 0.13778102326370184}, "datetime": {"datetime": "2021-09-24 15:42:56", "elapsed": 241.573719, "delta": 2.047667}}
{"target": -44.13592391436438, "params": {"C": 41.94314176723878, "epsilon": 2.590605607811695, "gamma": 0.021078015898041026}, "datetime": {"datetime": "2021-09-24 15:42:58", "elapsed": 243.67839, "delta": 2.104671}}
{"target": -47.45803285690143, "params": {"C": 33.12431163470204, "epsilon": 2.2923862413450533, "gamma": 0.0018156333154830994}, "datetime": {"datetime": "2021-09-24 15:43:01", "elapsed": 246.219752, "delta": 2.541362}}
{"target": -43.96149323684356, "params": {"C": 19.72419336451093, "epsilon": 0.538817174611794, "gamma": 0.09559176059287643}, "datetime": {"datetime": "2021-09-24 15:43:03", "elapsed": 248.627627, "delta": 2.407875}}
{"target": -43.92070189798096, "params": {"C": 14.548699186265965, "epsilon": 2.3150125958774885, "gamma": 0.04465179466514535}, "datetime": {"datetime": "2021-09-24 15:43:05", "elapsed": 250.505736, "delta": 1.878109}}
{"target": -45.64246312749957, "params": {"C": 14.538931045666846, "epsilon": 2.841735294186184, "gamma": 0.148578045089575}, "datetime": {"datetime": "2021-09-24 15:43:07", "elapsed": 252.198566, "delta": 1.69283}}
{"target": -43.865053402889615, "params": {"C": 19.717437277287864, "epsilon": 1.2824954900740713, "gamma": 0.03990625935316391}, "datetime": {"datetime": "2021-09-24 15:43:08", "elapsed": 253.777345, "delta": 1.578779}}
{"target": -45.23524628536264, "params": {"C": 19.20027245084057, "epsilon": 3.8106084414931596, "gamma": 0.15}, "datetime": {"datetime": "2021-09-24 15:43:11", "elapsed": 256.051917, "delta": 2.274572}}
{"target": -43.79021664534294, "params": {"C": 32.74255662526962, "epsilon": 3.23530692056272, "gamma": 0.05513218358360886}, "datetime": {"datetime": "2021-09-24 15:43:12", "elapsed": 257.607911, "delta": 1.555994}}
{"target": -44.08450158864633, "params": {"C": 31.057040406038464, "epsilon": 1.5809262432539422, "gamma": 0.0808075854841888}, "datetime": {"datetime": "2021-09-24 15:43:13", "elapsed": 258.778291, "delta": 1.17038}}
{"target": -44.06494406563874, "params": {"C": 30.737172984577043, "epsilon": 1.7319715669370892, "gamma": 0.02616961580442682}, "datetime": {"datetime": "2021-09-24 15:43:15", "elapsed": 260.659127, "delta": 1.880836}}
{"target": -47.01522508473669, "params": {"C": 4.109108362698761, "epsilon": 3.759459713081331, "gamma": 0.032045700641093466}, "datetime": {"datetime": "2021-09-24 15:43:16", "elapsed": 261.740717, "delta": 1.08159}}
{"target": -53.55851665052946, "params": {"C": 22.73818193484226, "epsilon": 1.985172736530227, "gamma": 0.0008}, "datetime": {"datetime": "2021-09-24 15:43:18", "elapsed": 263.642469, "delta": 1.901752}}
{"target": -44.41499185086579, "params": {"C": 22.668661539981986, "epsilon": 2.841649113357986, "gamma": 0.10840674221334642}, "datetime": {"datetime": "2021-09-24 15:43:20", "elapsed": 265.561307, "delta": 1.918838}}
{"target": -45.04449141921722, "params": {"C": 34.22719210574569, "epsilon": 2.3634170868357853, "gamma": 0.13056278113980807}, "datetime": {"datetime": "2021-09-24 15:43:22", "elapsed": 267.25649, "delta": 1.695183}}
{"target": -44.96027961035602, "params": {"C": 29.71371891526798, "epsilon": 1.0614639093676108, "gamma": 0.13991873645655117}, "datetime": {"datetime": "2021-09-24 15:43:24", "elapsed": 268.975033, "delta": 1.718543}}
{"target": -44.68647053961557, "params": {"C": 22.303888732254322, "epsilon": 2.571369921970799, "gamma": 0.12696086730488385}, "datetime": {"datetime": "2021-09-24 15:43:25", "elapsed": 270.745917, "delta": 1.770884}}
{"target": -44.83811234053632, "params": {"C": 28.99273992589396, "epsilon": 1.2369709913806863, "gamma": 0.13143398215181243}, "datetime": {"datetime": "2021-09-24 15:43:27", "elapsed": 272.383523, "delta": 1.637606}}
{"target": -44.830742954481906, "params": {"C": 36.782823538298985, "epsilon": 0.6655280552114398, "gamma": 0.11485736407395075}, "datetime": {"datetime": "2021-09-24 15:43:29", "elapsed": 274.422965, "delta": 2.039442}}
{"target": -46.42287944129479, "params": {"C": 12.76134886932103, "epsilon": 2.681260179683206, "gamma": 0.006932687622472061}, "datetime": {"datetime": "2021-09-24 15:43:31", "elapsed": 276.287298, "delta": 1.864333}}
{"target": -44.81318494406922, "params": {"C": 37.232284645823164, "epsilon": 2.0005657986801024, "gamma": 0.11250448266932732}, "datetime": {"datetime": "2021-09-24 15:43:33", "elapsed": 278.241235, "delta": 1.953937}}
{"target": -45.608847224852454, "params": {"C": 42.044766127367595, "epsilon": 3.08743660159229, "gamma": 0.15}, "datetime": {"datetime": "2021-09-24 15:43:35", "elapsed": 280.527705, "delta": 2.28647}}
{"target": -44.446709937985645, "params": {"C": 30.096777955711147, "epsilon": 3.992776750355672, "gamma": 0.10547830519678854}, "datetime": {"datetime": "2021-09-24 15:43:37", "elapsed": 282.906508, "delta": 2.378803}}
{"target": -43.794931791971386, "params": {"C": 24.24205557904755, "epsilon": 0.5000242670183928, "gamma": 0.04580110619614264}, "datetime": {"datetime": "2021-09-24 15:43:40", "elapsed": 285.007454, "delta": 2.100946}}
{"target": -44.2346355593664, "params": {"C": 27.20572631727088, "epsilon": 0.8636639411468006, "gamma": 0.008568525146420996}, "datetime": {"datetime": "2021-09-24 15:43:41", "elapsed": 286.663935, "delta": 1.656481}}
{"target": -51.0804025022562, "params": {"C": 36.13800861681889, "epsilon": 2.7073274301863357, "gamma": 0.0008}, "datetime": {"datetime": "2021-09-24 15:43:43", "elapsed": 288.641694, "delta": 1.977759}}
{"target": -43.71355465471374, "params": {"C": 25.560368488529257, "epsilon": 3.550960771578366, "gamma": 0.049801908074072684}, "datetime": {"datetime": "2021-09-24 15:43:46", "elapsed": 291.247276, "delta": 2.605582}}
{"target": -44.15374057273555, "params": {"C": 25.979215136412655, "epsilon": 3.36975028045019, "gamma": 0.07996679225451314}, "datetime": {"datetime": "2021-09-24 15:43:48", "elapsed": 293.417211, "delta": 2.169935}}
{"target": -55.011809420966095, "params": {"C": 15.954240318351316, "epsilon": 2.2575187492422155, "gamma": 0.0008}, "datetime": {"datetime": "2021-09-24 15:43:51", "elapsed": 296.113968, "delta": 2.696757}}
{"target": -43.865494365335636, "params": {"C": 15.193594310729909, "epsilon": 2.015528710889571, "gamma": 0.050276165087218716}, "datetime": {"datetime": "2021-09-24 15:43:53", "elapsed": 298.036604, "delta": 1.922636}}
{"target": -44.84113393627752, "params": {"C": 38.00828944812569, "epsilon": 2.9971064991780962, "gamma": 0.1098398257616354}, "datetime": {"datetime": "2021-09-24 15:43:55", "elapsed": 300.623103, "delta": 2.586499}}
{"target": -45.0894759427093, "params": {"C": 22.866812023177875, "epsilon": 3.6605872741735146, "gamma": 0.15}, "datetime": {"datetime": "2021-09-24 15:43:58", "elapsed": 302.94206, "delta": 2.318957}}
{"target": -44.987565328237906, "params": {"C": 25.01633190945919, "epsilon": 2.105443428894886, "gamma": 0.15}, "datetime": {"datetime": "2021-09-24 15:44:00", "elapsed": 305.589146, "delta": 2.647086}}
{"target": -45.43330723872004, "params": {"C": 44.05000724689542, "epsilon": 2.296109542327189, "gamma": 0.13806500305619396}, "datetime": {"datetime": "2021-09-24 15:44:02", "elapsed": 307.50197, "delta": 1.912824}}
{"target": -52.49987203609507, "params": {"C": 5.900586827335745, "epsilon": 2.088727714583308, "gamma": 0.00415942532729961}, "datetime": {"datetime": "2021-09-24 15:44:03", "elapsed": 308.882122, "delta": 1.380152}}
{"target": -44.54544613121741, "params": {"C": 21.366978866907676, "epsilon": 1.5898118293200083, "gamma": 0.007764057021238665}, "datetime": {"datetime": "2021-09-24 15:44:06", "elapsed": 311.048422, "delta": 2.1663}}
{"target": -45.41495458270678, "params": {"C": 48.93327413848313, "epsilon": 1.6896981159564735, "gamma": 0.1259613585385286}, "datetime": {"datetime": "2021-09-24 15:44:07", "elapsed": 312.380254, "delta": 1.331832}}
{"target": -45.46529073946383, "params": {"C": 42.071859056519074, "epsilon": 1.9688020568502613, "gamma": 0.1486531741424284}, "datetime": {"datetime": "2021-09-24 15:44:10", "elapsed": 315.678295, "delta": 3.298041}}
{"target": -54.24302200648254, "params": {"C": 19.29250441471483, "epsilon": 1.7751469964017392, "gamma": 0.0008}, "datetime": {"datetime": "2021-09-24 15:44:13", "elapsed": 318.287966, "delta": 2.609671}}
{"target": -48.70427438666174, "params": {"C": 36.211951025410684, "epsilon": 2.5898351143451595, "gamma": 0.001307172347545764}, "datetime": {"datetime": "2021-09-24 15:44:15", "elapsed": 320.29015, "delta": 2.002184}}
{"target": -43.88158503600918, "params": {"C": 19.481721459931375, "epsilon": 1.0107632966141973, "gamma": 0.03857643428202075}, "datetime": {"datetime": "2021-09-24 15:44:18", "elapsed": 323.186382, "delta": 2.896232}}
{"target": -45.00049010767744, "params": {"C": 26.703682654244595, "epsilon": 0.6315557395925896, "gamma": 0.15}, "datetime": {"datetime": "2021-09-24 15:44:21", "elapsed": 326.356533, "delta": 3.170151}}
{"target": -44.98144811717652, "params": {"C": 27.098470399873445, "epsilon": 1.3814062212994707, "gamma": 0.15}, "datetime": {"datetime": "2021-09-24 15:44:24", "elapsed": 329.718593, "delta": 3.36206}}
{"target": -43.81941959488465, "params": {"C": 27.602629552879122, "epsilon": 1.8930746296119592, "gamma": 0.0177553152828309}, "datetime": {"datetime": "2021-09-24 15:44:27", "elapsed": 332.877923, "delta": 3.15933}}
{"target": -43.84811887053535, "params": {"C": 35.70135962734656, "epsilon": 1.4751722757511316, "gamma": 0.014551374790962931}, "datetime": {"datetime": "2021-09-24 15:44:31", "elapsed": 336.460699, "delta": 3.582776}}
{"target": -52.528773597006804, "params": {"C": 28.33541576612186, "epsilon": 0.688741987097649, "gamma": 0.0008}, "datetime": {"datetime": "2021-09-24 15:44:34", "elapsed": 339.753936, "delta": 3.293237}}
{"target": -43.96782799102271, "params": {"C": 33.08188131771341, "epsilon": 3.4260883731012624, "gamma": 0.017400414816243014}, "datetime": {"datetime": "2021-09-24 15:44:38", "elapsed": 343.1926, "delta": 3.438664}}
{"target": -54.07005251937344, "params": {"C": 19.974147369247643, "epsilon": 2.478088397720404, "gamma": 0.0008}, "datetime": {"datetime": "2021-09-24 15:44:40", "elapsed": 345.553949, "delta": 2.361349}}
{"target": -43.7976257713681, "params": {"C": 17.281203964763336, "epsilon": 3.2499250091029492, "gamma": 0.05502957384690027}, "datetime": {"datetime": "2021-09-24 15:44:42", "elapsed": 346.943845, "delta": 1.389896}}
{"target": -45.01076820449539, "params": {"C": 27.46638495370112, "epsilon": 0.49340225619824973, "gamma": 0.15}, "datetime": {"datetime": "2021-09-24 15:44:44", "elapsed": 349.732793, "delta": 2.788948}}
{"target": -54.83871728492915, "params": {"C": 15.349641281924688, "epsilon": 1.6582731649995044, "gamma": 0.0008682984751978548}, "datetime": {"datetime": "2021-09-24 15:44:47", "elapsed": 352.311601, "delta": 2.578808}}
{"target": -43.64148294004407, "params": {"C": 28.228179355915458, "epsilon": 1.1416971514245413, "gamma": 0.0639081294664682}, "datetime": {"datetime": "2021-09-24 15:44:49", "elapsed": 354.033482, "delta": 1.721881}}
{"target": -43.875510346132046, "params": {"C": 28.73724718385611, "epsilon": 0.5235219994825384, "gamma": 0.017845106607238564}, "datetime": {"datetime": "2021-09-24 15:44:50", "elapsed": 355.334799, "delta": 1.301317}}
{"target": -45.504807551573506, "params": {"C": 14.97748275354656, "epsilon": 2.2595505239753324, "gamma": 0.14523589888947924}, "datetime": {"datetime": "2021-09-24 15:44:52", "elapsed": 357.821165, "delta": 2.486366}}
{"target": -46.64928497403255, "params": {"C": 7.897246627268528, "epsilon": 0.4443075924658408, "gamma": 0.12247405484565158}, "datetime": {"datetime": "2021-09-24 15:44:54", "elapsed": 359.626152, "delta": 1.804987}}
{"target": -43.91559372779975, "params": {"C": 24.535951985291497, "epsilon": 0.2987740639843925, "gamma": 0.04042952722040438}, "datetime": {"datetime": "2021-09-24 15:44:57", "elapsed": 362.055823, "delta": 2.429671}}
{"target": -43.98298806843482, "params": {"C": 25.09900952929689, "epsilon": 0.6441189620743804, "gamma": 0.029011067690587086}, "datetime": {"datetime": "2021-09-24 15:44:58", "elapsed": 363.747626, "delta": 1.691803}}
{"target": -44.56956723201141, "params": {"C": 36.079259008401685, "epsilon": 0.9910204358480834, "gamma": 0.10226453579829176}, "datetime": {"datetime": "2021-09-24 15:45:01", "elapsed": 366.308655, "delta": 2.561029}}
