{"target": -43.12316778584949, "params": {"C": 73.57223211978462, "epsilon": 3.275918795954506, "gamma": 0.01610875855414755}, "datetime": {"datetime": "2021-09-24 15:55:54", "elapsed": 429.642756, "delta": 2.18503}}
{"target": -45.27146446514589, "params": {"C": 51.20686854589251, "epsilon": 1.8427962161102762, "gamma": 0.0911287674628579}, "datetime": {"datetime": "2021-09-24 15:55:55", "elapsed": 430.996316, "delta": 1.35356}}
{"target": -43.43000915336025, "params": {"C": 68.27473238514891, "epsilon": 2.352740787102526, "gamma": 0.005065347687259995}, "datetime": {"datetime": "2021-09-24 15:55:57", "elapsed": 432.97919, "delta": 1.982874}}
{"target": -43.11611460648761, "params": {"C": 74.94759514968212, "epsilon": 1.7387275855550977, "gamma": 0.010039720347445059}, "datetime": {"datetime": "2021-09-24 15:56:00", "elapsed": 435.6501, "delta": 2.67091}}
{"target": -43.2309748316643, "params": {"C": 73.67158140536996, "epsilon": 3.2339806722170206, "gamma": 0.02080786475805628}, "datetime": {"datetime": "2021-09-24 15:56:04", "elapsed": 439.683283, "delta": 4.033183}}
{"target": -43.34213395864643, "params": {"C": 99.42129267302793, "epsilon": 2.957868363845852, "gamma": 0.03301523770783456}, "datetime": {"datetime": "2021-09-24 15:56:07", "elapsed": 443.124774, "delta": 3.441491}}
{"target": -44.32688379609156, "params": {"C": 74.57774841282978, "epsilon": 0.5998402001939419, "gamma": 0.05530211759162224}, "datetime": {"datetime": "2021-09-24 15:56:11", "elapsed": 446.676365, "delta": 3.551591}}
{"target": -43.230422837989614, "params": {"C": 98.22208007749273, "epsilon": 1.5883339317610816, "gamma": 0.029877557694285777}, "datetime": {"datetime": "2021-09-24 15:56:13", "elapsed": 448.637823, "delta": 1.961458}}
{"target": -43.410811989103344, "params": {"C": 88.866890518912, "epsilon": 3.3477677201827944, "gamma": 0.0018744052230693078}, "datetime": {"datetime": "2021-09-24 15:56:15", "elapsed": 451.293539, "delta": 2.655716}}
{"target": -43.3986681659645, "params": {"C": 88.7284879065492, "epsilon": 3.2967164801221904, "gamma": 0.0029170924362125175}, "datetime": {"datetime": "2021-09-24 15:56:18", "elapsed": 454.247035, "delta": 2.953496}}
{"target": -44.989786707959524, "params": {"C": 78.92251688778568, "epsilon": 2.2341639766254406, "gamma": 0.07787709965320423}, "datetime": {"datetime": "2021-09-24 15:56:20", "elapsed": 456.111032, "delta": 1.863997}}
{"target": -43.31767081943996, "params": {"C": 68.23885445156844, "epsilon": 2.416078760748148, "gamma": 0.0027800287781066025}, "datetime": {"datetime": "2021-09-24 15:56:23", "elapsed": 458.913032, "delta": 2.802}}
{"target": -43.19737061826383, "params": {"C": 74.62646937574188, "epsilon": 0.5809090307612459, "gamma": 0.011651788553877636}, "datetime": {"datetime": "2021-09-24 15:56:26", "elapsed": 461.852028, "delta": 2.938996}}
{"target": -45.45528515419854, "params": {"C": 55.69240048234175, "epsilon": 2.797754127528171, "gamma": 0.09877900528501692}, "datetime": {"datetime": "2021-09-24 15:56:28", "elapsed": 463.644901, "delta": 1.792873}}
{"target": -43.3523873342903, "params": {"C": 62.18698199537863, "epsilon": 1.9920272708252527, "gamma": 0.003939980031071797}, "datetime": {"datetime": "2021-09-24 15:56:31", "elapsed": 467.109534, "delta": 3.464633}}
{"target": -43.54473610928823, "params": {"C": 73.65164212559463, "epsilon": 3.257988515278532, "gamma": 0.03916918737871242}, "datetime": {"datetime": "2021-09-24 15:56:34", "elapsed": 469.987396, "delta": 2.877862}}
{"target": -42.963508311492184, "params": {"C": 76.96246100199423, "epsilon": 1.9573475147003618, "gamma": 0.016313201157807176}, "datetime": {"datetime": "2021-09-24 15:56:36", "elapsed": 471.919251, "delta": 1.931855}}
{"target": -43.12184356445179, "params": {"C": 76.93526973821483, "epsilon": 1.9529297208517595, "gamma": 0.02179705522983908}, "datetime": {"datetime": "2021-09-24 15:56:39", "elapsed": 475.017618, "delta": 3.098367}}
{"target": -44.1505075531783, "params": {"C": 94.95065739799715, "epsilon": 2.3030522220529708, "gamma": 0.04890980853903298}, "datetime": {"datetime": "2021-09-24 15:56:41", "elapsed": 476.688598, "delta": 1.67098}}
{"target": -43.41895845316465, "params": {"C": 98.68501797780546, "epsilon": 1.895140935448004, "gamma": 0.0034505732324553256}, "datetime": {"datetime": "2021-09-24 15:56:45", "elapsed": 480.856739, "delta": 4.168141}}
{"target": -43.01144995932798, "params": {"C": 91.71753290759057, "epsilon": 2.9189018459276332, "gamma": 0.018035349847708992}, "datetime": {"datetime": "2021-09-24 15:56:47", "elapsed": 482.823557, "delta": 1.966818}}
{"target": -43.12635945347014, "params": {"C": 88.88020156184163, "epsilon": 1.8645479496699109, "gamma": 0.011358018047622046}, "datetime": {"datetime": "2021-09-24 15:56:52", "elapsed": 487.806576, "delta": 4.983019}}
{"target": -43.399094653802194, "params": {"C": 63.3549359919619, "epsilon": 1.0809257195785016, "gamma": 0.0034563589662597416}, "datetime": {"datetime": "2021-09-24 15:56:54", "elapsed": 489.679867, "delta": 1.873291}}
{"target": -43.73601038947636, "params": {"C": 73.66409580466312, "epsilon": 3.208861000805382, "gamma": 0.04305119671307985}, "datetime": {"datetime": "2021-09-24 15:56:58", "elapsed": 494.258378, "delta": 4.578511}}
{"target": -43.05801646290188, "params": {"C": 91.73397258832979, "epsilon": 2.897805458976131, "gamma": 0.019878583555786148}, "datetime": {"datetime": "2021-09-24 15:57:01", "elapsed": 497.162426, "delta": 2.904048}}
{"target": -44.36042300896609, "params": {"C": 50.59631874334377, "epsilon": 3.751057103041797, "gamma": 0.0018257775471675168}, "datetime": {"datetime": "2021-09-24 15:57:04", "elapsed": 500.39875, "delta": 3.236324}}
{"target": -43.91818310946005, "params": {"C": 74.93939771368954, "epsilon": 1.7113377665506082, "gamma": 0.0459129859782823}, "datetime": {"datetime": "2021-09-24 15:57:07", "elapsed": 503.229143, "delta": 2.830393}}
{"target": -43.09018091127551, "params": {"C": 79.98957726723182, "epsilon": 2.6811397952074123, "gamma": 0.019399757031646443}, "datetime": {"datetime": "2021-09-24 15:57:10", "elapsed": 506.283109, "delta": 3.053966}}
{"target": -45.06160076534354, "params": {"C": 66.6870003640285, "epsilon": 3.2297547148346064, "gamma": 0.0848390233065334}, "datetime": {"datetime": "2021-09-24 15:57:12", "elapsed": 508.246109, "delta": 1.963}}
{"target": -43.56701261058477, "params": {"C": 55.079080134274335, "epsilon": 0.28041829175303123, "gamma": 0.028631117934416604}, "datetime": {"datetime": "2021-09-24 15:57:14", "elapsed": 510.16986, "delta": 1.923751}}
{"target": -43.226883264783716, "params": {"C": 97.32033690935569, "epsilon": 0.6353841484316517, "gamma": 0.02442283946282666}, "datetime": {"datetime": "2021-09-24 15:57:17", "elapsed": 513.281958, "delta": 3.112098}}
{"target": -44.21716707613076, "params": {"C": 73.55317985486457, "epsilon": 3.2540998094269327, "gamma": 0.055632245423901175}, "datetime": {"datetime": "2021-09-24 15:57:22", "elapsed": 517.498815, "delta": 4.216857}}
{"target": -43.04601336630226, "params": {"C": 91.73631877547317, "epsilon": 2.8585687813177314, "gamma": 0.008044963905608124}, "datetime": {"datetime": "2021-09-24 15:57:27", "elapsed": 522.49977, "delta": 5.000955}}
{"target": -43.100608745791405, "params": {"C": 76.94946547926453, "epsilon": 1.9894257944041016, "gamma": 0.021294948872398595}, "datetime": {"datetime": "2021-09-24 15:57:31", "elapsed": 526.775813, "delta": 4.276043}}
{"target": -44.37532033008392, "params": {"C": 70.52865681801055, "epsilon": 3.8530297297789993, "gamma": 0.06152023043827006}, "datetime": {"datetime": "2021-09-24 15:57:33", "elapsed": 529.147695, "delta": 2.371882}}
{"target": -44.70799551806619, "params": {"C": 97.25057403186113, "epsilon": 0.6536115370280661, "gamma": 0.0007}, "datetime": {"datetime": "2021-09-24 15:57:36", "elapsed": 532.35367, "delta": 3.205975}}
{"target": -45.889841633375546, "params": {"C": 63.65550314985549, "epsilon": 0.03846042668097729, "gamma": 0.0007}, "datetime": {"datetime": "2021-09-24 15:57:40", "elapsed": 535.893003, "delta": 3.539333}}
{"target": -44.91366487745036, "params": {"C": 91.70182702688541, "epsilon": 2.8469978977393815, "gamma": 0.0007112625870883632}, "datetime": {"datetime": "2021-09-24 15:57:45", "elapsed": 540.775719, "delta": 4.882716}}
{"target": -44.795725337938265, "params": {"C": 63.69903089573347, "epsilon": 0.0660780714688061, "gamma": 0.06893833174053196}, "datetime": {"datetime": "2021-09-24 15:57:50", "elapsed": 545.493713, "delta": 4.717994}}
{"target": -44.34668903548181, "params": {"C": 83.50858104751563, "epsilon": 3.2049645349209936, "gamma": 0.05757556597065444}, "datetime": {"datetime": "2021-09-24 15:57:55", "elapsed": 551.213783, "delta": 5.72007}}
{"target": -44.413264185934096, "params": {"C": 75.98623308681884, "epsilon": 3.7400366400467164, "gamma": 0.061945474952804364}, "datetime": {"datetime": "2021-09-24 15:57:57", "elapsed": 553.344124, "delta": 2.130341}}
{"target": -43.29315029594279, "params": {"C": 83.63723980319504, "epsilon": 3.2881175132190488, "gamma": 0.02409035968248428}, "datetime": {"datetime": "2021-09-24 15:58:01", "elapsed": 556.877671, "delta": 3.533547}}
{"target": -44.45823158948175, "params": {"C": 92.92166878968331, "epsilon": 0.2548784148784512, "gamma": 0.05417816051215183}, "datetime": {"datetime": "2021-09-24 15:58:03", "elapsed": 559.247692, "delta": 2.370021}}
{"target": -44.947938238529886, "params": {"C": 90.14015075827213, "epsilon": 1.737120579588565, "gamma": 0.0007}, "datetime": {"datetime": "2021-09-24 15:58:07", "elapsed": 563.316795, "delta": 4.069103}}
{"target": -43.1953130935861, "params": {"C": 83.56652501462648, "epsilon": 3.3029865296032055, "gamma": 0.007125300315771997}, "datetime": {"datetime": "2021-09-24 15:58:12", "elapsed": 567.891834, "delta": 4.575039}}
{"target": -43.00227370003668, "params": {"C": 99.41493497538008, "epsilon": 2.987482118441435, "gamma": 0.018040166513888664}, "datetime": {"datetime": "2021-09-24 15:58:15", "elapsed": 570.94408, "delta": 3.052246}}
{"target": -43.14420897241666, "params": {"C": 83.51383312656489, "epsilon": 3.2755456464098067, "gamma": 0.013196154012640572}, "datetime": {"datetime": "2021-09-24 15:58:18", "elapsed": 573.917393, "delta": 2.973313}}
{"target": -44.94579709957985, "params": {"C": 73.5414784693468, "epsilon": 3.2225856087299865, "gamma": 0.07904080953953271}, "datetime": {"datetime": "2021-09-24 15:58:20", "elapsed": 575.797263, "delta": 1.87987}}
{"target": -43.207015323608076, "params": {"C": 64.41148919516012, "epsilon": 3.3918742270444113, "gamma": 0.016837565145220834}, "datetime": {"datetime": "2021-09-24 15:58:23", "elapsed": 578.615798, "delta": 2.818535}}
{"target": -43.07067306959685, "params": {"C": 99.53512475178299, "epsilon": 2.980157100008935, "gamma": 0.01989784084329007}, "datetime": {"datetime": "2021-09-24 15:58:27", "elapsed": 582.817789, "delta": 4.201991}}
{"target": -43.18932326612227, "params": {"C": 53.87540981907341, "epsilon": 1.0279610100493883, "gamma": 0.019658570501144963}, "datetime": {"datetime": "2021-09-24 15:58:31", "elapsed": 586.90905, "delta": 4.091261}}
{"target": -44.56750809479481, "params": {"C": 98.6764244873988, "epsilon": 1.9199974189256768, "gamma": 0.060758799453208806}, "datetime": {"datetime": "2021-09-24 15:58:35", "elapsed": 590.680269, "delta": 3.771219}}
{"target": -43.148552521750034, "params": {"C": 77.75795059610557, "epsilon": 1.4589612546553594, "gamma": 0.013902399241349471}, "datetime": {"datetime": "2021-09-24 15:58:37", "elapsed": 592.563176, "delta": 1.882907}}
{"target": -44.23251446945205, "params": {"C": 74.98496673491067, "epsilon": 2.2948952710309563, "gamma": 0.05469088314561371}, "datetime": {"datetime": "2021-09-24 15:58:41", "elapsed": 597.050218, "delta": 4.487042}}
{"target": -44.165150056311205, "params": {"C": 67.37771727592904, "epsilon": 3.5516836090601194, "gamma": 0.05410951164109926}, "datetime": {"datetime": "2021-09-24 15:58:43", "elapsed": 598.958303, "delta": 1.908085}}
{"target": -45.65531071719636, "params": {"C": 74.9293510414349, "epsilon": 1.7164402204728366, "gamma": 0.09872343963072387}, "datetime": {"datetime": "2021-09-24 15:58:45", "elapsed": 600.729616, "delta": 1.771313}}
{"target": -44.253019466876715, "params": {"C": 53.6681003287828, "epsilon": 1.3439705142381377, "gamma": 0.05419958115888218}, "datetime": {"datetime": "2021-09-24 15:58:47", "elapsed": 602.53014, "delta": 1.800524}}
{"target": -43.088037643619096, "params": {"C": 88.90325113539286, "epsilon": 3.2831812630346633, "gamma": 0.013329195492048604}, "datetime": {"datetime": "2021-09-24 15:58:50", "elapsed": 605.489583, "delta": 2.959443}}
{"target": -45.74354231986239, "params": {"C": 87.68337752263379, "epsilon": 1.047097867674774, "gamma": 0.09652032482582583}, "datetime": {"datetime": "2021-09-24 15:58:51", "elapsed": 607.365241, "delta": 1.875658}}
{"target": -45.08411367339649, "params": {"C": 83.54594996864056, "epsilon": 3.2182278057014044, "gamma": 0.0007471683770056737}, "datetime": {"datetime": "2021-09-24 15:58:54", "elapsed": 610.201226, "delta": 2.835985}}
{"target": -43.69929196123312, "params": {"C": 88.94113582028888, "epsilon": 3.282871575098114, "gamma": 0.040247789601642714}, "datetime": {"datetime": "2021-09-24 15:58:58", "elapsed": 613.575251, "delta": 3.374025}}
{"target": -43.406657266598536, "params": {"C": 88.80530151091776, "epsilon": 3.2412674409887936, "gamma": 0.00433433480886479}, "datetime": {"datetime": "2021-09-24 15:59:02", "elapsed": 618.385248, "delta": 4.809997}}
{"target": -43.12918561682061, "params": {"C": 90.9208627406856, "epsilon": 0.8004320169026159, "gamma": 0.022569642450297807}, "datetime": {"datetime": "2021-09-24 15:59:06", "elapsed": 621.477296, "delta": 3.092048}}
{"target": -42.94511961634834, "params": {"C": 98.18661459921809, "epsilon": 2.571428887462601, "gamma": 0.013552764305183512}, "datetime": {"datetime": "2021-09-24 15:59:09", "elapsed": 624.852743, "delta": 3.375447}}
{"target": -43.208186222542096, "params": {"C": 72.10185091028298, "epsilon": 3.5769845120682793, "gamma": 0.02021212360412829}, "datetime": {"datetime": "2021-09-24 15:59:12", "elapsed": 627.794452, "delta": 2.941709}}
{"target": -43.127631024306595, "params": {"C": 88.84116160983376, "epsilon": 3.247106139292826, "gamma": 0.020063138993978446}, "datetime": {"datetime": "2021-09-24 15:59:15", "elapsed": 631.107297, "delta": 3.312845}}
{"target": -45.1819415784444, "params": {"C": 57.87436589446986, "epsilon": 0.6327521613358482, "gamma": 0.08587508386073767}, "datetime": {"datetime": "2021-09-24 15:59:17", "elapsed": 632.831178, "delta": 1.723881}}
{"target": -42.97793835319083, "params": {"C": 88.87633228152107, "epsilon": 3.2533557938396327, "gamma": 0.014683823491440701}, "datetime": {"datetime": "2021-09-24 15:59:20", "elapsed": 635.467483, "delta": 2.636305}}
{"target": -43.22847602286562, "params": {"C": 95.31540363177079, "epsilon": 1.3266966359368946, "gamma": 0.028663056820090446}, "datetime": {"datetime": "2021-09-24 15:59:21", "elapsed": 637.229003, "delta": 1.76152}}
{"target": -43.34742444755, "params": {"C": 83.60857135630012, "epsilon": 3.2888119346650937, "gamma": 0.005598876382252068}, "datetime": {"datetime": "2021-09-24 15:59:24", "elapsed": 640.144666, "delta": 2.915663}}
{"target": -44.79102295778451, "params": {"C": 66.00930230374118, "epsilon": 0.8639340855640393, "gamma": 0.07041768504638966}, "datetime": {"datetime": "2021-09-24 15:59:26", "elapsed": 641.906697, "delta": 1.762031}}
{"target": -43.10611214419508, "params": {"C": 96.68411566443018, "epsilon": 1.8073450166007814, "gamma": 0.007812834604561772}, "datetime": {"datetime": "2021-09-24 15:59:28", "elapsed": 643.770621, "delta": 1.863924}}
{"target": -43.1409054511322, "params": {"C": 79.95928781912855, "epsilon": 2.693463294053494, "gamma": 0.02146241252087539}, "datetime": {"datetime": "2021-09-24 15:59:32", "elapsed": 647.710787, "delta": 3.940166}}
{"target": -43.1219689980416, "params": {"C": 88.29082221021483, "epsilon": 1.913868181031847, "gamma": 0.007921401774122365}, "datetime": {"datetime": "2021-09-24 15:59:36", "elapsed": 652.410715, "delta": 4.699928}}
{"target": -44.20494945232275, "params": {"C": 74.51376321123594, "epsilon": 0.6307880462210927, "gamma": 0.05134877570656297}, "datetime": {"datetime": "2021-09-24 15:59:39", "elapsed": 655.371123, "delta": 2.960408}}
{"target": -43.09100770022075, "params": {"C": 99.48981266286671, "epsilon": 2.997601801816897, "gamma": 0.0121337342671089}, "datetime": {"datetime": "2021-09-24 15:59:42", "elapsed": 658.285354, "delta": 2.914231}}
{"target": -43.63236395294635, "params": {"C": 88.87110250087792, "epsilon": 3.242546181602083, "gamma": 0.03906111425272857}, "datetime": {"datetime": "2021-09-24 15:59:46", "elapsed": 661.772227, "delta": 3.486873}}
{"target": -43.25143477724231, "params": {"C": 66.10252134651394, "epsilon": 2.183987214926725, "gamma": 0.01567943819815985}, "datetime": {"datetime": "2021-09-24 15:59:48", "elapsed": 663.638207, "delta": 1.86598}}
{"target": -43.46254538660492, "params": {"C": 72.14334180765087, "epsilon": 3.571227576868257, "gamma": 0.0056805866887662615}, "datetime": {"datetime": "2021-09-24 15:59:51", "elapsed": 667.02652, "delta": 3.388313}}
{"target": -43.43927017294073, "params": {"C": 55.534694747914784, "epsilon": 1.6226585278853314, "gamma": 0.0053338206312647345}, "datetime": {"datetime": "2021-09-24 15:59:53", "elapsed": 668.913607, "delta": 1.887087}}
{"target": -44.14827799038014, "params": {"C": 91.68563288954786, "epsilon": 2.91987520701191, "gamma": 0.049546093696447704}, "datetime": {"datetime": "2021-09-24 15:59:56", "elapsed": 672.041069, "delta": 3.127462}}
{"target": -44.0986127076343, "params": {"C": 55.93756772938811, "epsilon": 3.684557775973769, "gamma": 0.051976044956668625}, "datetime": {"datetime": "2021-09-24 15:59:58", "elapsed": 673.991807, "delta": 1.950738}}
{"target": -45.96327476655257, "params": {"C": 64.44269664779446, "epsilon": 3.3762214255340823, "gamma": 0.0007}, "datetime": {"datetime": "2021-09-24 16:00:03", "elapsed": 678.644228, "delta": 4.652421}}
{"target": -42.97003054644363, "params": {"C": 94.81632663726518, "epsilon": 2.865431687215515, "gamma": 0.013654506131887992}, "datetime": {"datetime": "2021-09-24 16:00:05", "elapsed": 680.563189, "delta": 1.918961}}
{"target": -43.81703689437738, "params": {"C": 83.5369909964179, "epsilon": 3.288980438611478, "gamma": 0.042995187300494626}, "datetime": {"datetime": "2021-09-24 16:00:11", "elapsed": 686.981794, "delta": 6.418605}}
{"target": -43.056539591489425, "params": {"C": 97.3003878101602, "epsilon": 0.6544338651437767, "gamma": 0.021377612859539166}, "datetime": {"datetime": "2021-09-24 16:00:14", "elapsed": 690.424316, "delta": 3.442522}}
{"target": -43.4521371961157, "params": {"C": 62.21064865086138, "epsilon": 1.1382978638431487, "gamma": 0.0055121407832383305}, "datetime": {"datetime": "2021-09-24 16:00:16", "elapsed": 692.279326, "delta": 1.85501}}
{"target": -43.93820520894166, "params": {"C": 72.13741128668582, "epsilon": 3.560435490156066, "gamma": 0.04683098300223153}, "datetime": {"datetime": "2021-09-24 16:00:19", "elapsed": 695.318428, "delta": 3.039102}}
{"target": -44.503091238437605, "params": {"C": 93.08879317137635, "epsilon": 2.267951879235547, "gamma": 0.05851149231400693}, "datetime": {"datetime": "2021-09-24 16:00:22", "elapsed": 698.206451, "delta": 2.888023}}
{"target": -44.681384401992226, "params": {"C": 99.42534016226125, "epsilon": 2.981453053495061, "gamma": 0.06774693364587121}, "datetime": {"datetime": "2021-09-24 16:00:27", "elapsed": 703.043918, "delta": 4.837467}}
{"target": -43.58169205483917, "params": {"C": 64.41313308892677, "epsilon": 3.4147996885427516, "gamma": 0.03988300121528254}, "datetime": {"datetime": "2021-09-24 16:00:30", "elapsed": 705.942959, "delta": 2.899041}}
{"target": -44.0938239238352, "params": {"C": 89.61941877619105, "epsilon": 3.3803722529783355, "gamma": 0.04873809254041341}, "datetime": {"datetime": "2021-09-24 16:00:32", "elapsed": 707.857453, "delta": 1.914494}}
{"target": -44.04648212563733, "params": {"C": 50.41700527790722, "epsilon": 1.7743680984776267, "gamma": 0.04997565345593582}, "datetime": {"datetime": "2021-09-24 16:00:34", "elapsed": 709.785463, "delta": 1.92801}}
{"target": -43.43817042813888, "params": {"C": 83.60364591386943, "epsilon": 3.2682965433841296, "gamma": 0.03551718812472394}, "datetime": {"datetime": "2021-09-24 16:00:38", "elapsed": 713.751548, "delta": 3.966085}}
{"target": -44.51228157576624, "params": {"C": 64.19903828989736, "epsilon": 1.6867544050743493, "gamma": 0.06449308092875443}, "datetime": {"datetime": "2021-09-24 16:00:40", "elapsed": 715.703721, "delta": 1.952173}}
{"target": -43.2441665140846, "params": {"C": 64.46622651060015, "epsilon": 3.4346096254438554, "gamma": 0.020104561371180323}, "datetime": {"datetime": "2021-09-24 16:00:44", "elapsed": 720.045872, "delta": 4.342151}}
{"target": -44.709840302309104, "params": {"C": 54.483854497112894, "epsilon": 2.304672229886797, "gamma": 0.07526313295068436}, "datetime": {"datetime": "2021-09-24 16:00:46", "elapsed": 721.909236, "delta": 1.863364}}
{"target": -44.60142075757689, "params": {"C": 92.75709625996026, "epsilon": 1.2469589206430527, "gamma": 0.058303697332262816}, "datetime": {"datetime": "2021-09-24 16:00:48", "elapsed": 723.882864, "delta": 1.973628}}
{"target": -43.0412762000441, "params": {"C": 91.75403020582102, "epsilon": 2.8673026347189183, "gamma": 0.019637564584284502}, "datetime": {"datetime": "2021-09-24 16:00:51", "elapsed": 726.931927, "delta": 3.049063}}
{"target": -42.95418965117203, "params": {"C": 94.8040895272814, "epsilon": 2.8355834723493953, "gamma": 0.0171428798531234}, "datetime": {"datetime": "2021-09-24 16:00:54", "elapsed": 730.024362, "delta": 3.092435}}
