{"target": 0.3766682631767294, "params": {"C": 21.19613394620427, "epsilon": 0.49806175791306107, "gamma": 0.12677573741813966}, "datetime": {"datetime": "2021-09-24 08:47:48", "elapsed": 496.195696, "delta": 1.575626}}
{"target": 0.08673455224421822, "params": {"C": 27.974578202819604, "epsilon": 0.10090670810883402, "gamma": 0.0001}, "datetime": {"datetime": "2021-09-24 08:47:52", "elapsed": 499.937552, "delta": 3.741856}}
{"target": 0.03288187759711991, "params": {"C": 41.47283898140374, "epsilon": 0.01367099012758186, "gamma": 0.9863051583298976}, "datetime": {"datetime": "2021-09-24 08:47:53", "elapsed": 501.557478, "delta": 1.619926}}
{"target": 0.4146481877131094, "params": {"C": 28.51358365745752, "epsilon": 0.3207678745564072, "gamma": 0.0050181238558888045}, "datetime": {"datetime": "2021-09-24 08:47:57", "elapsed": 504.906464, "delta": 3.348986}}
{"target": 0.31408804377870914, "params": {"C": 91.52746958878065, "epsilon": 0.338897489718342, "gamma": 0.1444353608699124}, "datetime": {"datetime": "2021-09-24 08:47:58", "elapsed": 506.473211, "delta": 1.566747}}
{"target": 0.4273060143269346, "params": {"C": 34.058396787222556, "epsilon": 0.7330453368410229, "gamma": 0.027471821758826155}, "datetime": {"datetime": "2021-09-24 08:48:02", "elapsed": 510.256781, "delta": 3.78357}}
{"target": 0.42645641901870435, "params": {"C": 76.71169077229257, "epsilon": 0.2790308074584047, "gamma": 0.034895276611815476}, "datetime": {"datetime": "2021-09-24 08:48:05", "elapsed": 513.601101, "delta": 3.34432}}
{"target": 0.3659880754344613, "params": {"C": 40.64338863227878, "epsilon": 0.4173134901072023, "gamma": 0.0008160404733697066}, "datetime": {"datetime": "2021-09-24 08:48:09", "elapsed": 517.094581, "delta": 3.49348}}
{"target": 0.3320056664866625, "params": {"C": 72.24051031782771, "epsilon": 0.7664887076424729, "gamma": 0.14227757557674883}, "datetime": {"datetime": "2021-09-24 08:48:10", "elapsed": 518.691049, "delta": 1.596468}}
{"target": 0.3080139153008701, "params": {"C": 76.74384278331338, "epsilon": 0.2338578777352316, "gamma": 0.17740975469765172}, "datetime": {"datetime": "2021-09-24 08:48:14", "elapsed": 522.192186, "delta": 3.501137}}
{"target": 0.37969464999790825, "params": {"C": 41.11096097401597, "epsilon": 0.48185263613992374, "gamma": 0.09395424927130895}, "datetime": {"datetime": "2021-09-24 08:48:18", "elapsed": 526.323172, "delta": 4.130986}}
{"target": 0.023605209843671204, "params": {"C": 22.09850080437786, "epsilon": 0.36779991516324106, "gamma": 0.8639951547070628}, "datetime": {"datetime": "2021-09-24 08:48:20", "elapsed": 528.00805, "delta": 1.684878}}
{"target": 0.34642892413628523, "params": {"C": 33.28101487069863, "epsilon": 0.7710942560027191, "gamma": 0.16734982139672347}, "datetime": {"datetime": "2021-09-24 08:48:24", "elapsed": 532.524324, "delta": 4.516274}}
{"target": 0.3426373529659429, "params": {"C": 53.492709166329675, "epsilon": 0.5112492233542085, "gamma": 0.1456340841169063}, "datetime": {"datetime": "2021-09-24 08:48:28", "elapsed": 535.938201, "delta": 3.413877}}
{"target": 0.0015652360431548384, "params": {"C": 6.870665261338062, "epsilon": 0.9534948823001701, "gamma": 0.9608056716980604}, "datetime": {"datetime": "2021-09-24 08:48:29", "elapsed": 537.595969, "delta": 1.657768}}
{"target": 0.41707308432750245, "params": {"C": 33.849621414615704, "epsilon": 0.9900066602297666, "gamma": 0.04749268986101469}, "datetime": {"datetime": "2021-09-24 08:48:33", "elapsed": 541.511236, "delta": 3.915267}}
{"target": 0.41549432753364157, "params": {"C": 33.1600222336538, "epsilon": 0.45250684954734904, "gamma": 0.05018798146295895}, "datetime": {"datetime": "2021-09-24 08:48:38", "elapsed": 546.524101, "delta": 5.012865}}
{"target": 0.4087744472284337, "params": {"C": 27.714476787770252, "epsilon": 0.7062511239409319, "gamma": 0.004396932440047237}, "datetime": {"datetime": "2021-09-24 08:48:41", "elapsed": 549.574178, "delta": 3.050077}}
{"target": 0.01795726235429096, "params": {"C": 20.894459055441533, "epsilon": 0.42342427690029516, "gamma": 0.9302184789897585}, "datetime": {"datetime": "2021-09-24 08:48:43", "elapsed": 551.451103, "delta": 1.876925}}
{"target": 0.383715826195986, "params": {"C": 33.676580217405615, "epsilon": 0.9796350225569065, "gamma": 0.09731996998537774}, "datetime": {"datetime": "2021-09-24 08:48:48", "elapsed": 556.248343, "delta": 4.79724}}
{"target": 0.35930099943578997, "params": {"C": 17.415472454106403, "epsilon": 0.8527276867081883, "gamma": 0.13634387026943245}, "datetime": {"datetime": "2021-09-24 08:48:50", "elapsed": 557.925161, "delta": 1.676818}}
{"target": 0.4232041725592939, "params": {"C": 33.09943034195351, "epsilon": 0.568034631560121, "gamma": 0.03171871206287515}, "datetime": {"datetime": "2021-09-24 08:48:54", "elapsed": 562.005962, "delta": 4.080801}}
{"target": 0.3512982413343654, "params": {"C": 33.17558556427725, "epsilon": 0.3375059050489746, "gamma": 0.15772753732690314}, "datetime": {"datetime": "2021-09-24 08:48:57", "elapsed": 565.311389, "delta": 3.305427}}
{"target": 0.42921013150397436, "params": {"C": 33.18663703665367, "epsilon": 0.6781962241334849, "gamma": 0.022805095485280424}, "datetime": {"datetime": "2021-09-24 08:49:02", "elapsed": 570.23883, "delta": 4.927441}}
{"target": 0.40343307958443764, "params": {"C": 33.384314431149605, "epsilon": 0.8215674064778812, "gamma": 0.06915469495004624}, "datetime": {"datetime": "2021-09-24 08:49:07", "elapsed": 575.353268, "delta": 5.114438}}
{"target": 0.39202261211908485, "params": {"C": 34.19564784980169, "epsilon": 0.9111766660289395, "gamma": 0.08337983791281106}, "datetime": {"datetime": "2021-09-24 08:49:11", "elapsed": 579.180356, "delta": 3.827088}}
{"target": 0.41692437573308205, "params": {"C": 33.04976963186846, "epsilon": 0.6718088681136211, "gamma": 0.004592586466995194}, "datetime": {"datetime": "2021-09-24 08:49:16", "elapsed": 584.706179, "delta": 5.525823}}
{"target": 0.012516896654089948, "params": {"C": 12.011945080375472, "epsilon": 0.5281285607549304, "gamma": 0.8225331355374395}, "datetime": {"datetime": "2021-09-24 08:49:18", "elapsed": 586.767773, "delta": 2.061594}}
{"target": 0.37080728289282994, "params": {"C": 33.108267861681924, "epsilon": 0.6616732051255263, "gamma": 0.12248678537791595}, "datetime": {"datetime": "2021-09-24 08:49:23", "elapsed": 590.846459, "delta": 4.078686}}
{"target": 0.4332728306144612, "params": {"C": 33.53777123523358, "epsilon": 0.9719423176889023, "gamma": 0.018262408850272426}, "datetime": {"datetime": "2021-09-24 08:49:27", "elapsed": 594.932179, "delta": 4.08572}}
{"target": 0.1472426364188799, "params": {"C": 71.16770121915751, "epsilon": 0.01964193547245303, "gamma": 0.5278224037241916}, "datetime": {"datetime": "2021-09-24 08:49:29", "elapsed": 596.851131, "delta": 1.918952}}
{"target": 0.3627647751557659, "params": {"C": 28.72812275194197, "epsilon": 0.8458153764219143, "gamma": 0.1417530789209518}, "datetime": {"datetime": "2021-09-24 08:49:32", "elapsed": 600.729395, "delta": 3.878264}}
{"target": 0.3786291612470164, "params": {"C": 33.48016437111693, "epsilon": 0.9080520748868217, "gamma": 0.10707968908058416}, "datetime": {"datetime": "2021-09-24 08:49:36", "elapsed": 604.182429, "delta": 3.453034}}
{"target": 0.4189967818567413, "params": {"C": 33.253640591076596, "epsilon": 0.3648501496800078, "gamma": 0.04132341528073671}, "datetime": {"datetime": "2021-09-24 08:49:41", "elapsed": 608.84902, "delta": 4.666591}}
{"target": 0.01673771438856586, "params": {"C": 10.666488312468477, "epsilon": 0.8676584052917657, "gamma": 0.7217826785172875}, "datetime": {"datetime": "2021-09-24 08:49:43", "elapsed": 610.894896, "delta": 2.045876}}
{"target": 0.41646651168620186, "params": {"C": 33.80587920183172, "epsilon": 0.7731363149333361, "gamma": 0.049040715485751125}, "datetime": {"datetime": "2021-09-24 08:49:46", "elapsed": 614.747945, "delta": 3.853049}}
{"target": 0.4191907117302268, "params": {"C": 33.63405963051634, "epsilon": 0.8132031036862424, "gamma": 0.006239506779196334}, "datetime": {"datetime": "2021-09-24 08:49:50", "elapsed": 618.581562, "delta": 3.833617}}
{"target": 0.43526764758381276, "params": {"C": 33.27684146878857, "epsilon": 0.7753669970382289, "gamma": 0.015033149084243228}, "datetime": {"datetime": "2021-09-24 08:49:54", "elapsed": 622.589912, "delta": 4.00835}}
{"target": 0.2638627533201209, "params": {"C": 60.15585149744497, "epsilon": 0.15644279096367292, "gamma": 0.2876271422148331}, "datetime": {"datetime": "2021-09-24 08:49:56", "elapsed": 624.247989, "delta": 1.658077}}
{"target": 0.4219154491884324, "params": {"C": 33.223183125051946, "epsilon": 0.9098041201236899, "gamma": 0.034400155207451724}, "datetime": {"datetime": "2021-09-24 08:50:00", "elapsed": 628.666682, "delta": 4.418693}}
{"target": 0.4224496328437882, "params": {"C": 41.29043046712672, "epsilon": 0.591054095119514, "gamma": 0.006971698778737682}, "datetime": {"datetime": "2021-09-24 08:50:04", "elapsed": 632.065539, "delta": 3.398857}}
{"target": 0.382412531963112, "params": {"C": 28.33549997968452, "epsilon": 0.8677727505410558, "gamma": 0.10670340643900618}, "datetime": {"datetime": "2021-09-24 08:50:06", "elapsed": 634.228355, "delta": 2.162816}}
{"target": 0.4205240558536627, "params": {"C": 32.97242095351072, "epsilon": 0.5265417442749665, "gamma": 0.0385182774783921}, "datetime": {"datetime": "2021-09-24 08:50:10", "elapsed": 638.347909, "delta": 4.119554}}
{"target": 0.20351077737338785, "params": {"C": 76.67085641737474, "epsilon": 0.1581251216871918, "gamma": 0.0001}, "datetime": {"datetime": "2021-09-24 08:50:17", "elapsed": 645.004621, "delta": 6.656712}}
{"target": 0.36619737363579785, "params": {"C": 32.998550450905796, "epsilon": 0.394104447571427, "gamma": 0.0010148952708237974}, "datetime": {"datetime": "2021-09-24 08:50:22", "elapsed": 650.281615, "delta": 5.276994}}
{"target": 0.310880534175211, "params": {"C": 50.9884604186874, "epsilon": 0.7796008786087569, "gamma": 0.21526629942778844}, "datetime": {"datetime": "2021-09-24 08:50:24", "elapsed": 652.180212, "delta": 1.898597}}
{"target": 0.3391337564737601, "params": {"C": 33.07316535959349, "epsilon": 0.5248928355127693, "gamma": 0.18118986549420388}, "datetime": {"datetime": "2021-09-24 08:50:29", "elapsed": 657.510924, "delta": 5.330712}}
{"target": 0.4215813852492908, "params": {"C": 41.25437920106336, "epsilon": 0.46662352522977335, "gamma": 0.03837519061649331}, "datetime": {"datetime": "2021-09-24 08:50:34", "elapsed": 662.480698, "delta": 4.969774}}
{"target": 0.060211248088295366, "params": {"C": 50.327679882853545, "epsilon": 0.7759230088252801, "gamma": 0.8054995691095265}, "datetime": {"datetime": "2021-09-24 08:50:36", "elapsed": 664.364198, "delta": 1.8835}}
{"target": 0.4086892701434556, "params": {"C": 33.13271732680197, "epsilon": 0.8206197809824276, "gamma": 0.06176359186255411}, "datetime": {"datetime": "2021-09-24 08:50:40", "elapsed": 668.275826, "delta": 3.911628}}
{"target": 0.37284209995719664, "params": {"C": 41.393843736358306, "epsilon": 0.5992249599955732, "gamma": 0.10415499156197333}, "datetime": {"datetime": "2021-09-24 08:50:44", "elapsed": 672.184474, "delta": 3.908648}}
{"target": 0.4209260387012296, "params": {"C": 32.968627956186204, "epsilon": 0.8004499276995156, "gamma": 0.038102385285526896}, "datetime": {"datetime": "2021-09-24 08:50:49", "elapsed": 677.747723, "delta": 5.563249}}
{"target": 0.05260012678623904, "params": {"C": 27.327370196608936, "epsilon": 0.6033428059471104, "gamma": 0.6904774518084911}, "datetime": {"datetime": "2021-09-24 08:50:51", "elapsed": 679.659685, "delta": 1.911962}}
{"target": 0.3372682759510347, "params": {"C": 32.98528406145573, "epsilon": 0.773478055760514, "gamma": 0.1839263333028828}, "datetime": {"datetime": "2021-09-24 08:50:56", "elapsed": 684.130359, "delta": 4.470674}}
{"target": 0.3396811798330279, "params": {"C": 41.31952568077351, "epsilon": 0.4492565209050781, "gamma": 0.17200930916616142}, "datetime": {"datetime": "2021-09-24 08:51:00", "elapsed": 687.837002, "delta": 3.706643}}
{"target": 0.1078982032084509, "params": {"C": 71.51761577464093, "epsilon": 0.42202002087587975, "gamma": 0.6501691242636747}, "datetime": {"datetime": "2021-09-24 08:51:01", "elapsed": 689.709981, "delta": 1.872979}}
{"target": 0.3658131040563135, "params": {"C": 41.260145555829276, "epsilon": 0.5609303729356613, "gamma": 0.1176283968246678}, "datetime": {"datetime": "2021-09-24 08:51:05", "elapsed": 693.411078, "delta": 3.701097}}
{"target": 0.34384846821774906, "params": {"C": 27.853206157672012, "epsilon": 0.1897256355614354, "gamma": 0.17500667133599232}, "datetime": {"datetime": "2021-09-24 08:51:10", "elapsed": 698.631793, "delta": 5.220715}}
{"target": 0.38791284628896694, "params": {"C": 32.954165904385476, "epsilon": 0.6471091720694055, "gamma": 0.09125230062382395}, "datetime": {"datetime": "2021-09-24 08:51:15", "elapsed": 703.290925, "delta": 4.659132}}
{"target": 0.29873624356848705, "params": {"C": 71.4483524425309, "epsilon": 0.9373936201613843, "gamma": 0.20034390082356307}, "datetime": {"datetime": "2021-09-24 08:51:17", "elapsed": 705.434608, "delta": 2.143683}}
{"target": 0.10001987319117012, "params": {"C": 32.86558042951973, "epsilon": 0.7155446990860195, "gamma": 0.0001}, "datetime": {"datetime": "2021-09-24 08:51:24", "elapsed": 711.931619, "delta": 6.497011}}
{"target": 0.42905629086976815, "params": {"C": 34.089955200533474, "epsilon": 0.04344084698224524, "gamma": 0.02625278130221952}, "datetime": {"datetime": "2021-09-24 08:51:31", "elapsed": 718.855518, "delta": 6.923899}}
{"target": 0.43829715176223005, "params": {"C": 53.53828482421048, "epsilon": 0.6455821112734828, "gamma": 0.021731553331045806}, "datetime": {"datetime": "2021-09-24 08:51:34", "elapsed": 722.736611, "delta": 3.881093}}
{"target": 0.10370670816598304, "params": {"C": 86.57129215098708, "epsilon": 0.6163596572226887, "gamma": 0.6869986769464277}, "datetime": {"datetime": "2021-09-24 08:51:37", "elapsed": 724.953173, "delta": 2.216562}}
{"target": 0.21967537022730788, "params": {"C": 42.87698613656992, "epsilon": 0.3429721529648123, "gamma": 0.35870787811507593}, "datetime": {"datetime": "2021-09-24 08:51:39", "elapsed": 726.86683, "delta": 1.913657}}
{"target": 0.15724677547394494, "params": {"C": 53.658069297867996, "epsilon": 0.648137246556884, "gamma": 0.0001}, "datetime": {"datetime": "2021-09-24 08:51:45", "elapsed": 733.077937, "delta": 6.211107}}
{"target": 0.1250186027792346, "params": {"C": 41.171332947676554, "epsilon": 0.36083696804886506, "gamma": 0.0001}, "datetime": {"datetime": "2021-09-24 08:51:50", "elapsed": 738.358495, "delta": 5.280558}}
{"target": 0.380558258134708, "params": {"C": 34.17556872320054, "epsilon": 0.09927990957254264, "gamma": 0.10230928583934966}, "datetime": {"datetime": "2021-09-24 08:51:54", "elapsed": 742.739474, "delta": 4.380979}}
{"target": 0.0794054783519017, "params": {"C": 27.479540123763886, "epsilon": 0.27863286711238344, "gamma": 0.5786641672642505}, "datetime": {"datetime": "2021-09-24 08:51:57", "elapsed": 744.968794, "delta": 2.22932}}
{"target": 0.33502234650075746, "params": {"C": 72.23579306495462, "epsilon": 0.7566491080286974, "gamma": 0.1366635316648893}, "datetime": {"datetime": "2021-09-24 08:51:59", "elapsed": 747.090166, "delta": 2.121372}}
{"target": 0.33659775591443586, "params": {"C": 88.92310541146037, "epsilon": 0.8242274879330859, "gamma": 0.11187147609475262}, "datetime": {"datetime": "2021-09-24 08:52:01", "elapsed": 749.313401, "delta": 2.223235}}
{"target": 0.438039065755788, "params": {"C": 53.48419915954328, "epsilon": 0.5784438510919884, "gamma": 0.014854355293423127}, "datetime": {"datetime": "2021-09-24 08:52:08", "elapsed": 756.265483, "delta": 6.952082}}
{"target": 0.029533629046010756, "params": {"C": 14.39250318289297, "epsilon": 0.38833942195407234, "gamma": 0.674119520598969}, "datetime": {"datetime": "2021-09-24 08:52:10", "elapsed": 758.217546, "delta": 1.952063}}
{"target": 0.312114191082291, "params": {"C": 61.44162203685969, "epsilon": 0.23982297805807196, "gamma": 0.195620633427551}, "datetime": {"datetime": "2021-09-24 08:52:12", "elapsed": 760.380253, "delta": 2.162707}}
{"target": 0.4092255940297319, "params": {"C": 33.034832142614356, "epsilon": 0.9984393954110413, "gamma": 0.003156499405553935}, "datetime": {"datetime": "2021-09-24 08:52:17", "elapsed": 764.888491, "delta": 4.508238}}
{"target": 0.43156384281820825, "params": {"C": 53.40016361323248, "epsilon": 0.7213271381978472, "gamma": 0.027213315906232112}, "datetime": {"datetime": "2021-09-24 08:52:22", "elapsed": 769.914053, "delta": 5.025562}}
{"target": 0.23417133383819255, "params": {"C": 5.084887453482199, "epsilon": 0.7942723296576468, "gamma": 0.15466397274584498}, "datetime": {"datetime": "2021-09-24 08:52:24", "elapsed": 772.047032, "delta": 2.132979}}
{"target": 0.06755017277574438, "params": {"C": 82.56602854444476, "epsilon": 0.7673815263334575, "gamma": 0.875186536762336}, "datetime": {"datetime": "2021-09-24 08:52:26", "elapsed": 774.348834, "delta": 2.301802}}
{"target": 0.4203647980060323, "params": {"C": 33.0067945060904, "epsilon": 0.90224095281107, "gamma": 0.03946651769389435}, "datetime": {"datetime": "2021-09-24 08:52:32", "elapsed": 780.116829, "delta": 5.767995}}
{"target": 0.3339794237626429, "params": {"C": 53.43203961823542, "epsilon": 0.6850446651787747, "gamma": 0.16285204113800286}, "datetime": {"datetime": "2021-09-24 08:52:37", "elapsed": 785.12199, "delta": 5.005161}}
{"target": 0.4183975221691756, "params": {"C": 33.362076700485346, "epsilon": 0.9602970479029286, "gamma": 0.043853607665608925}, "datetime": {"datetime": "2021-09-24 08:52:41", "elapsed": 788.867259, "delta": 3.745269}}
{"target": 0.4179505984304155, "params": {"C": 53.51534836495143, "epsilon": 0.7709408959048049, "gamma": 0.04633132693684148}, "datetime": {"datetime": "2021-09-24 08:52:46", "elapsed": 794.275907, "delta": 5.408648}}
{"target": 0.34892238931496633, "params": {"C": 33.000506076453554, "epsilon": 0.9429544361950964, "gamma": 0.1616877052178191}, "datetime": {"datetime": "2021-09-24 08:52:50", "elapsed": 798.305132, "delta": 4.029225}}
{"target": 0.4206064280106755, "params": {"C": 53.37026754351564, "epsilon": 0.921709285900245, "gamma": 0.04370475081429556}, "datetime": {"datetime": "2021-09-24 08:52:55", "elapsed": 803.688726, "delta": 5.383594}}
{"target": 0.31091117740818486, "params": {"C": 53.43118844746927, "epsilon": 0.8728339080657705, "gamma": 0.2106046196678233}, "datetime": {"datetime": "2021-09-24 08:53:00", "elapsed": 808.433185, "delta": 4.744459}}
{"target": 0.13431626104889183, "params": {"C": 46.34404335256529, "epsilon": 0.6670522458696345, "gamma": 0.5190817317590621}, "datetime": {"datetime": "2021-09-24 08:53:02", "elapsed": 810.656247, "delta": 2.223062}}
{"target": 0.1033672059396461, "params": {"C": 34.1136904197153, "epsilon": 0.17268015607918275, "gamma": 0.0001}, "datetime": {"datetime": "2021-09-24 08:53:08", "elapsed": 816.363346, "delta": 5.707099}}
{"target": 0.0650386828882793, "params": {"C": 17.567550772641443, "epsilon": 0.3992140065217429, "gamma": 0.5377146582714978}, "datetime": {"datetime": "2021-09-24 08:53:10", "elapsed": 818.436247, "delta": 2.072901}}
{"target": 0.15652297308809004, "params": {"C": 53.42760332299811, "epsilon": 0.8358927890552437, "gamma": 0.0001}, "datetime": {"datetime": "2021-09-24 08:53:16", "elapsed": 823.864856, "delta": 5.428609}}
{"target": 0.3787546238023263, "params": {"C": 53.26951567953267, "epsilon": 0.9136497297554783, "gamma": 0.08696208352750005}, "datetime": {"datetime": "2021-09-24 08:53:21", "elapsed": 829.589421, "delta": 5.724565}}
{"target": 0.4458929560637366, "params": {"C": 76.64080082090221, "epsilon": 0.3790643598294502, "gamma": 0.015448350325821005}, "datetime": {"datetime": "2021-09-24 08:53:28", "elapsed": 836.045209, "delta": 6.455788}}
{"target": 0.39638168263924856, "params": {"C": 33.99652800739992, "epsilon": 0.14663064050497213, "gamma": 0.07789938206479581}, "datetime": {"datetime": "2021-09-24 08:53:30", "elapsed": 838.150322, "delta": 2.105113}}
{"target": 0.014142646935335401, "params": {"C": 7.5424545652407735, "epsilon": 0.6526232625902085, "gamma": 0.666027447702117}, "datetime": {"datetime": "2021-09-24 08:53:32", "elapsed": 840.540194, "delta": 2.389872}}
{"target": 0.42473712997006074, "params": {"C": 33.10234860787342, "epsilon": 0.23354476648826825, "gamma": 0.0094954098083708}, "datetime": {"datetime": "2021-09-24 08:53:39", "elapsed": 847.174483, "delta": 6.634289}}
{"target": 0.4327579893343714, "params": {"C": 41.411285860575916, "epsilon": 0.4295348785179394, "gamma": 0.02310522733075252}, "datetime": {"datetime": "2021-09-24 08:53:47", "elapsed": 854.796745, "delta": 7.622262}}
{"target": 0.38592946762039415, "params": {"C": 53.27831780674729, "epsilon": 0.6219576452643187, "gamma": 0.07826482430433629}, "datetime": {"datetime": "2021-09-24 08:53:55", "elapsed": 862.836374, "delta": 8.039629}}
{"target": 0.1796329742324435, "params": {"C": 89.26423872447182, "epsilon": 0.5351626767592201, "gamma": 0.4310576101620887}, "datetime": {"datetime": "2021-09-24 08:53:57", "elapsed": 864.982004, "delta": 2.14563}}
{"target": 0.38471969411701257, "params": {"C": 76.56475749608919, "epsilon": 0.4809057103737876, "gamma": 0.06473270099161026}, "datetime": {"datetime": "2021-09-24 08:54:03", "elapsed": 871.348118, "delta": 6.366114}}
{"target": 0.43631484199178683, "params": {"C": 41.49177576053036, "epsilon": 0.5233898695316137, "gamma": 0.014988034577507296}, "datetime": {"datetime": "2021-09-24 08:54:08", "elapsed": 876.72687, "delta": 5.378752}}
{"target": 0.3685875476242838, "params": {"C": 21.20234648774439, "epsilon": 0.9024548843347803, "gamma": 0.13721130778191729}, "datetime": {"datetime": "2021-09-24 08:54:11", "elapsed": 879.119871, "delta": 2.393001}}
