{"target": -44.47287019117905, "params": {"C": 129.5749078426307, "epsilon": 3.8251831148029893, "gamma": 0.05891531766147933}, "datetime": {"datetime": "2021-09-24 16:30:29", "elapsed": 194.077038, "delta": 1.053562}}
{"target": -43.39941965184926, "params": {"C": 118.02869892389684, "epsilon": 2.999470991728338, "gamma": 0.031236064636608787}, "datetime": {"datetime": "2021-09-24 16:30:30", "elapsed": 195.169531, "delta": 1.092493}}
{"target": -43.23178529857404, "params": {"C": 133.22694686686395, "epsilon": 3.242290658050562, "gamma": 0.0262638566614324}, "datetime": {"datetime": "2021-09-24 16:30:31", "elapsed": 196.167203, "delta": 0.997672}}
{"target": -43.07989773239262, "params": {"C": 129.0526361039916, "epsilon": 3.3556433208745893, "gamma": 0.009555109593149376}, "datetime": {"datetime": "2021-09-24 16:30:33", "elapsed": 197.26512, "delta": 1.097917}}
{"target": -43.653272150231096, "params": {"C": 107.71654890317878, "epsilon": 1.0563094073916017, "gamma": 0.03688718780034147}, "datetime": {"datetime": "2021-09-24 16:30:34", "elapsed": 198.643579, "delta": 1.378459}}
{"target": -44.38252069105371, "params": {"C": 168.1641129159349, "epsilon": 1.7182725844043318, "gamma": 0.041619707032910305}, "datetime": {"datetime": "2021-09-24 16:30:36", "elapsed": 200.230245, "delta": 1.586666}}
{"target": -43.391760657794364, "params": {"C": 144.34945719421071, "epsilon": 2.9692391932556976, "gamma": 0.027695081942883955}, "datetime": {"datetime": "2021-09-24 16:30:37", "elapsed": 201.275201, "delta": 1.044956}}
{"target": -45.35496180864589, "params": {"C": 199.98721761523367, "epsilon": 0.05908575596030931, "gamma": 0.048678920640753354}, "datetime": {"datetime": "2021-09-24 16:30:38", "elapsed": 202.321876, "delta": 1.046675}}
{"target": -43.07773760452083, "params": {"C": 181.74470258259558, "epsilon": 0.7821055969607724, "gamma": 0.007}, "datetime": {"datetime": "2021-09-24 16:30:39", "elapsed": 204.061919, "delta": 1.740043}}
{"target": -43.291323145240995, "params": {"C": 101.19078076336578, "epsilon": 3.7073685890013555, "gamma": 0.030902176156644118}, "datetime": {"datetime": "2021-09-24 16:30:41", "elapsed": 205.751849, "delta": 1.68993}}
{"target": -42.82681295224658, "params": {"C": 149.1816521006059, "epsilon": 0.6099624120700484, "gamma": 0.017021357825744744}, "datetime": {"datetime": "2021-09-24 16:30:42", "elapsed": 206.816125, "delta": 1.064276}}
{"target": -42.56603314366262, "params": {"C": 162.01605129636283, "epsilon": 1.1490014608973462, "gamma": 0.012287640679622763}, "datetime": {"datetime": "2021-09-24 16:30:43", "elapsed": 208.093646, "delta": 1.277521}}
{"target": -43.69058501126657, "params": {"C": 188.92227362262395, "epsilon": 2.1457694119397575, "gamma": 0.026965042252368624}, "datetime": {"datetime": "2021-09-24 16:30:44", "elapsed": 209.202837, "delta": 1.109191}}
{"target": -42.94590933145567, "params": {"C": 159.92885771233856, "epsilon": 2.660121615987918, "gamma": 0.009057332298875221}, "datetime": {"datetime": "2021-09-24 16:30:46", "elapsed": 210.757126, "delta": 1.554289}}
{"target": -44.28593236931479, "params": {"C": 118.8086377005875, "epsilon": 3.051491612182713, "gamma": 0.051496905211879}, "datetime": {"datetime": "2021-09-24 16:30:47", "elapsed": 211.829946, "delta": 1.07282}}
{"target": -42.78785416773762, "params": {"C": 199.88906951187747, "epsilon": 0.10484748051022674, "gamma": 0.0150543375751916}, "datetime": {"datetime": "2021-09-24 16:30:49", "elapsed": 213.676864, "delta": 1.846918}}
{"target": -43.17099429060447, "params": {"C": 147.2551265085758, "epsilon": 3.219063841108453, "gamma": 0.023824054604627474}, "datetime": {"datetime": "2021-09-24 16:30:50", "elapsed": 214.797629, "delta": 1.120765}}
{"target": -44.02188769985223, "params": {"C": 196.8276618998711, "epsilon": 3.9029612894414996, "gamma": 0.03484493564058952}, "datetime": {"datetime": "2021-09-24 16:30:52", "elapsed": 216.335641, "delta": 1.538012}}
{"target": -43.02327929577008, "params": {"C": 152.6286047719608, "epsilon": 2.366787010365181, "gamma": 0.007309146249292793}, "datetime": {"datetime": "2021-09-24 16:30:53", "elapsed": 218.02925, "delta": 1.693609}}
{"target": -43.2878251138706, "params": {"C": 149.85999648771968, "epsilon": 1.7153678993959354, "gamma": 0.026563167051515946}, "datetime": {"datetime": "2021-09-24 16:30:55", "elapsed": 219.505807, "delta": 1.476557}}
{"target": -43.19979288555898, "params": {"C": 161.9768187619049, "epsilon": 1.1574254987693087, "gamma": 0.02320159599406052}, "datetime": {"datetime": "2021-09-24 16:30:56", "elapsed": 221.098293, "delta": 1.592486}}
{"target": -42.75185163610054, "params": {"C": 162.01126500022107, "epsilon": 1.1797018854367811, "gamma": 0.01557864009245239}, "datetime": {"datetime": "2021-09-24 16:30:58", "elapsed": 222.898079, "delta": 1.799786}}
{"target": -42.77120761439931, "params": {"C": 145.2115703001996, "epsilon": 3.268827425501842, "gamma": 0.011019576433967136}, "datetime": {"datetime": "2021-09-24 16:31:00", "elapsed": 224.603706, "delta": 1.705627}}
{"target": -43.58018881077652, "params": {"C": 144.1003946558197, "epsilon": 0.32785720339362134, "gamma": 0.031280950988874005}, "datetime": {"datetime": "2021-09-24 16:31:01", "elapsed": 225.800058, "delta": 1.196352}}
{"target": -43.13395176084566, "params": {"C": 114.92118544612731, "epsilon": 3.0354979780618163, "gamma": 0.02443012229830865}, "datetime": {"datetime": "2021-09-24 16:31:02", "elapsed": 226.995664, "delta": 1.195606}}
{"target": -42.78168925048966, "params": {"C": 156.49745595228003, "epsilon": 3.533433373466437, "gamma": 0.012423676560857654}, "datetime": {"datetime": "2021-09-24 16:31:04", "elapsed": 228.596864, "delta": 1.6012}}
{"target": -43.00488373704292, "params": {"C": 109.1038287720158, "epsilon": 2.4418513320501867, "gamma": 0.011478300353442092}, "datetime": {"datetime": "2021-09-24 16:31:05", "elapsed": 230.026862, "delta": 1.429998}}
{"target": -43.79399335054634, "params": {"C": 109.07900984739898, "epsilon": 2.4218201521705667, "gamma": 0.04069862248668324}, "datetime": {"datetime": "2021-09-24 16:31:07", "elapsed": 231.596904, "delta": 1.570042}}
{"target": -42.90131562032379, "params": {"C": 111.75716717885236, "epsilon": 1.759645905411411, "gamma": 0.01879846270857828}, "datetime": {"datetime": "2021-09-24 16:31:08", "elapsed": 232.939895, "delta": 1.342991}}
{"target": -42.79886810309647, "params": {"C": 129.05711854506256, "epsilon": 3.35814348237901, "gamma": 0.013292187764079108}, "datetime": {"datetime": "2021-09-24 16:31:09", "elapsed": 234.095515, "delta": 1.15562}}
{"target": -44.20500069388935, "params": {"C": 156.51456972345727, "epsilon": 3.533403920297771, "gamma": 0.044804512557789014}, "datetime": {"datetime": "2021-09-24 16:31:11", "elapsed": 235.660368, "delta": 1.564853}}
{"target": -44.649369904560736, "params": {"C": 154.596118123539, "epsilon": 2.6187834327305577, "gamma": 0.05315107803398617}, "datetime": {"datetime": "2021-09-24 16:31:12", "elapsed": 236.849224, "delta": 1.188856}}
{"target": -43.091905727846246, "params": {"C": 180.3435889294412, "epsilon": 1.7436549812491535, "gamma": 0.01933911532334649}, "datetime": {"datetime": "2021-09-24 16:31:14", "elapsed": 238.898011, "delta": 2.048787}}
{"target": -42.7420995829381, "params": {"C": 111.27671851040195, "epsilon": 1.3785126266061447, "gamma": 0.013068261805607514}, "datetime": {"datetime": "2021-09-24 16:31:16", "elapsed": 240.963019, "delta": 2.065008}}
{"target": -43.09171865528664, "params": {"C": 149.87342788328522, "epsilon": 1.681974059021618, "gamma": 0.007}, "datetime": {"datetime": "2021-09-24 16:31:18", "elapsed": 242.478126, "delta": 1.515107}}
{"target": -43.25202039817757, "params": {"C": 103.14790227159408, "epsilon": 2.7041808441504784, "gamma": 0.030553953851083667}, "datetime": {"datetime": "2021-09-24 16:31:19", "elapsed": 243.71612, "delta": 1.237994}}
{"target": -42.900331788819656, "params": {"C": 145.1900917753565, "epsilon": 3.261392653782567, "gamma": 0.015503173813257578}, "datetime": {"datetime": "2021-09-24 16:31:21", "elapsed": 245.887122, "delta": 2.171002}}
{"target": -43.49621138454046, "params": {"C": 129.05237809213122, "epsilon": 3.3789123760924222, "gamma": 0.031097971543141437}, "datetime": {"datetime": "2021-09-24 16:31:23", "elapsed": 247.353119, "delta": 1.465997}}
{"target": -42.7044198971589, "params": {"C": 199.90948770117978, "epsilon": 0.08549296809419407, "gamma": 0.014286247591938629}, "datetime": {"datetime": "2021-09-24 16:31:24", "elapsed": 249.09412, "delta": 1.741001}}
{"target": -43.580300682612844, "params": {"C": 126.32290105834672, "epsilon": 3.4199705893121197, "gamma": 0.03297830701790944}, "datetime": {"datetime": "2021-09-24 16:31:25", "elapsed": 250.159649, "delta": 1.065529}}
{"target": -43.22666588959047, "params": {"C": 186.03951232458502, "epsilon": 2.29220774626795, "gamma": 0.02189983151516957}, "datetime": {"datetime": "2021-09-24 16:31:27", "elapsed": 251.875922, "delta": 1.716273}}
{"target": -43.676366439424534, "params": {"C": 127.88365354391759, "epsilon": 0.8859192323069672, "gamma": 0.034812331717022145}, "datetime": {"datetime": "2021-09-24 16:31:28", "elapsed": 253.07426, "delta": 1.198338}}
{"target": -45.140180273698526, "params": {"C": 159.79682714051188, "epsilon": 0.2047469731570124, "gamma": 0.05305217453465944}, "datetime": {"datetime": "2021-09-24 16:31:30", "elapsed": 254.547776, "delta": 1.473516}}
{"target": -43.57141001179332, "params": {"C": 129.08700340311768, "epsilon": 3.34539404333976, "gamma": 0.032329411579183696}, "datetime": {"datetime": "2021-09-24 16:31:32", "elapsed": 256.443673, "delta": 1.895897}}
{"target": -43.935453552300515, "params": {"C": 162.05010553553734, "epsilon": 1.1514209347810997, "gamma": 0.03477810952649589}, "datetime": {"datetime": "2021-09-24 16:31:35", "elapsed": 259.678195, "delta": 3.234522}}
{"target": -43.44498850755431, "params": {"C": 145.2163690624906, "epsilon": 3.239769624508062, "gamma": 0.02795692132645752}, "datetime": {"datetime": "2021-09-24 16:31:37", "elapsed": 261.606045, "delta": 1.92785}}
{"target": -43.18881945795844, "params": {"C": 129.2006367846105, "epsilon": 0.39777140107783204, "gamma": 0.024005681440265075}, "datetime": {"datetime": "2021-09-24 16:31:38", "elapsed": 263.027054, "delta": 1.421009}}
{"target": -43.93020888057264, "params": {"C": 149.85632347420147, "epsilon": 1.6672161712140354, "gamma": 0.03720085949826655}, "datetime": {"datetime": "2021-09-24 16:31:41", "elapsed": 265.296852, "delta": 2.269798}}
{"target": -43.73110040476888, "params": {"C": 145.25032170713035, "epsilon": 3.2704759016577927, "gamma": 0.03526337138238845}, "datetime": {"datetime": "2021-09-24 16:31:43", "elapsed": 267.504671, "delta": 2.207819}}
{"target": -42.96694814994917, "params": {"C": 130.7168801049972, "epsilon": 3.5191320627885356, "gamma": 0.007618400056833691}, "datetime": {"datetime": "2021-09-24 16:31:45", "elapsed": 269.774634, "delta": 2.269963}}
{"target": -44.84337649034884, "params": {"C": 137.40276687343797, "epsilon": 1.4741945530700309, "gamma": 0.056736297680749455}, "datetime": {"datetime": "2021-09-24 16:31:47", "elapsed": 271.326874, "delta": 1.55224}}
{"target": -43.869081561995785, "params": {"C": 125.23347037505462, "epsilon": 2.394614990514197, "gamma": 0.04017203330869218}, "datetime": {"datetime": "2021-09-24 16:31:49", "elapsed": 274.123296, "delta": 2.796422}}
{"target": -42.87804958930323, "params": {"C": 146.98823570886083, "epsilon": 2.1279620390676275, "gamma": 0.016930267127129608}, "datetime": {"datetime": "2021-09-24 16:31:52", "elapsed": 277.196867, "delta": 3.073571}}
{"target": -42.69915589576483, "params": {"C": 122.57312182761171, "epsilon": 1.6037607988344633, "gamma": 0.013032112519124228}, "datetime": {"datetime": "2021-09-24 16:31:55", "elapsed": 279.685456, "delta": 2.488589}}
{"target": -44.49889803015854, "params": {"C": 164.3173564514138, "epsilon": 1.169400016482347, "gamma": 0.04362773509469318}, "datetime": {"datetime": "2021-09-24 16:31:56", "elapsed": 281.19238, "delta": 1.506924}}
{"target": -42.9376984132921, "params": {"C": 192.8629146406255, "epsilon": 1.0967422704653476, "gamma": 0.008846084711262081}, "datetime": {"datetime": "2021-09-24 16:31:58", "elapsed": 282.728088, "delta": 1.535708}}
{"target": -43.196858422279504, "params": {"C": 142.08648766045184, "epsilon": 3.1451019821295447, "gamma": 0.024904016138614368}, "datetime": {"datetime": "2021-09-24 16:31:59", "elapsed": 284.062368, "delta": 1.33428}}
{"target": -43.14678797061144, "params": {"C": 192.86611765977636, "epsilon": 0.5790345926058846, "gamma": 0.020118529220224907}, "datetime": {"datetime": "2021-09-24 16:32:01", "elapsed": 286.170452, "delta": 2.108084}}
{"target": -43.96836031727817, "params": {"C": 199.0061707747352, "epsilon": 3.0055548993328665, "gamma": 0.030379895277713734}, "datetime": {"datetime": "2021-09-24 16:32:03", "elapsed": 288.182479, "delta": 2.012027}}
{"target": -44.049487732314375, "params": {"C": 100.9131146892251, "epsilon": 0.9453207716813923, "gamma": 0.04516654354903647}, "datetime": {"datetime": "2021-09-24 16:32:05", "elapsed": 289.797499, "delta": 1.61502}}
{"target": -43.65544443862353, "params": {"C": 146.97890979419978, "epsilon": 2.1067563239562714, "gamma": 0.03239991546285488}, "datetime": {"datetime": "2021-09-24 16:32:07", "elapsed": 292.101871, "delta": 2.304372}}
{"target": -43.693634826549186, "params": {"C": 192.84755739288593, "epsilon": 0.5285348478029043, "gamma": 0.026333725252614112}, "datetime": {"datetime": "2021-09-24 16:32:09", "elapsed": 293.841209, "delta": 1.739338}}
{"target": -43.25074673978512, "params": {"C": 111.2954454403607, "epsilon": 1.3451829755539344, "gamma": 0.02913797334235366}, "datetime": {"datetime": "2021-09-24 16:32:11", "elapsed": 295.49306, "delta": 1.651851}}
{"target": -43.998523429646376, "params": {"C": 185.55247609426397, "epsilon": 1.7156548212551699, "gamma": 0.031938457505634}, "datetime": {"datetime": "2021-09-24 16:32:12", "elapsed": 297.100281, "delta": 1.607221}}
{"target": -44.93295589725043, "params": {"C": 127.39619071200714, "epsilon": 0.037120714021868985, "gamma": 0.05604405029746193}, "datetime": {"datetime": "2021-09-24 16:32:15", "elapsed": 299.602391, "delta": 2.50211}}
{"target": -42.49259912277531, "params": {"C": 199.87438617427262, "epsilon": 0.08069237488665154, "gamma": 0.011564964182181767}, "datetime": {"datetime": "2021-09-24 16:32:17", "elapsed": 301.637553, "delta": 2.035162}}
{"target": -45.46114551032853, "params": {"C": 199.8649765374589, "epsilon": 0.1123664835298307, "gamma": 0.05036773071631159}, "datetime": {"datetime": "2021-09-24 16:32:19", "elapsed": 303.605113, "delta": 1.96756}}
{"target": -43.708119154224754, "params": {"C": 145.1554868710643, "epsilon": 3.2780070826270324, "gamma": 0.03354487854812199}, "datetime": {"datetime": "2021-09-24 16:32:21", "elapsed": 306.17712, "delta": 2.572007}}
{"target": -42.773809025722684, "params": {"C": 152.6438055288321, "epsilon": 2.4007732385773806, "gamma": 0.015345840849940829}, "datetime": {"datetime": "2021-09-24 16:32:23", "elapsed": 308.144097, "delta": 1.966977}}
{"target": -45.02584114725476, "params": {"C": 194.50251638161825, "epsilon": 0.25730947186159847, "gamma": 0.04525511101399832}, "datetime": {"datetime": "2021-09-24 16:32:25", "elapsed": 309.826996, "delta": 1.682899}}
{"target": -43.20773024095451, "params": {"C": 164.69822944721173, "epsilon": 2.163279644246102, "gamma": 0.02319590158607616}, "datetime": {"datetime": "2021-09-24 16:32:27", "elapsed": 311.469465, "delta": 1.642469}}
{"target": -43.19817414652027, "params": {"C": 180.34030790945147, "epsilon": 1.7526615539371129, "gamma": 0.021851573888707496}, "datetime": {"datetime": "2021-09-24 16:32:29", "elapsed": 313.256163, "delta": 1.786698}}
{"target": -43.700130500438, "params": {"C": 149.2125037073268, "epsilon": 0.6247780048698359, "gamma": 0.03264952548309465}, "datetime": {"datetime": "2021-09-24 16:32:31", "elapsed": 315.238012, "delta": 1.981849}}
{"target": -42.747538381093634, "params": {"C": 111.7557341849723, "epsilon": 1.790728839332707, "gamma": 0.013288448305595077}, "datetime": {"datetime": "2021-09-24 16:32:33", "elapsed": 317.564464, "delta": 2.326452}}
{"target": -43.62040473624237, "params": {"C": 194.57765053163217, "epsilon": 2.5241304506116906, "gamma": 0.025221651036268854}, "datetime": {"datetime": "2021-09-24 16:32:35", "elapsed": 319.648936, "delta": 2.084472}}
{"target": -43.4529477014393, "params": {"C": 188.37106769425924, "epsilon": 2.2399578493210104, "gamma": 0.02398484637736352}, "datetime": {"datetime": "2021-09-24 16:32:37", "elapsed": 321.311203, "delta": 1.662267}}
{"target": -43.56043894538514, "params": {"C": 185.21666191047655, "epsilon": 2.591781140049007, "gamma": 0.0253546769862691}, "datetime": {"datetime": "2021-09-24 16:32:39", "elapsed": 323.275392, "delta": 1.964189}}
{"target": -43.537749475455804, "params": {"C": 130.73138424726258, "epsilon": 3.5346013683834494, "gamma": 0.031324879004352}, "datetime": {"datetime": "2021-09-24 16:32:41", "elapsed": 325.316411, "delta": 2.041019}}
{"target": -43.19577962351888, "params": {"C": 125.18001560748026, "epsilon": 2.431427923022232, "gamma": 0.026933743323345055}, "datetime": {"datetime": "2021-09-24 16:32:43", "elapsed": 327.73289, "delta": 2.416479}}
{"target": -43.203259769257755, "params": {"C": 117.16595933597895, "epsilon": 3.993123067336948, "gamma": 0.026482864469476414}, "datetime": {"datetime": "2021-09-24 16:32:44", "elapsed": 328.953161, "delta": 1.220271}}
{"target": -42.800495078310824, "params": {"C": 109.97946900761724, "epsilon": 2.0961039185474606, "gamma": 0.015464448109706482}, "datetime": {"datetime": "2021-09-24 16:32:46", "elapsed": 330.676605, "delta": 1.723444}}
{"target": -43.07447197998147, "params": {"C": 128.86963306180184, "epsilon": 3.4349270112555415, "gamma": 0.018154415241979947}, "datetime": {"datetime": "2021-09-24 16:32:48", "elapsed": 332.948919, "delta": 2.272314}}
{"target": -42.798635755302364, "params": {"C": 117.9359201449989, "epsilon": 1.401264827766273, "gamma": 0.017645731989716005}, "datetime": {"datetime": "2021-09-24 16:32:50", "elapsed": 334.973848, "delta": 2.024929}}
{"target": -43.03187935829226, "params": {"C": 159.94628330123905, "epsilon": 2.6235864100850623, "gamma": 0.008333121459555186}, "datetime": {"datetime": "2021-09-24 16:32:53", "elapsed": 337.445755, "delta": 2.471907}}
{"target": -43.71736611566633, "params": {"C": 121.06882059993413, "epsilon": 3.089536245120713, "gamma": 0.03778606563987312}, "datetime": {"datetime": "2021-09-24 16:32:54", "elapsed": 338.879755, "delta": 1.434}}
{"target": -42.86940609920306, "params": {"C": 100.83949228329018, "epsilon": 0.6502253433058083, "gamma": 0.018884504698343303}, "datetime": {"datetime": "2021-09-24 16:32:56", "elapsed": 340.80875, "delta": 1.928995}}
{"target": -42.61281935976314, "params": {"C": 197.30571522709116, "epsilon": 1.9277059650561492, "gamma": 0.011520997422058348}, "datetime": {"datetime": "2021-09-24 16:32:57", "elapsed": 342.168939, "delta": 1.360189}}
{"target": -43.09120097810094, "params": {"C": 107.71778334558606, "epsilon": 1.0927288214213673, "gamma": 0.007}, "datetime": {"datetime": "2021-09-24 16:33:00", "elapsed": 344.341134, "delta": 2.172195}}
{"target": -42.82940207138233, "params": {"C": 146.55630666410835, "epsilon": 0.45148123408804675, "gamma": 0.017193873096480784}, "datetime": {"datetime": "2021-09-24 16:33:02", "elapsed": 346.359451, "delta": 2.018317}}
{"target": -42.80584192880342, "params": {"C": 128.90315513550274, "epsilon": 3.3814401685900903, "gamma": 0.013677576123490945}, "datetime": {"datetime": "2021-09-24 16:33:03", "elapsed": 348.092465, "delta": 1.733014}}
{"target": -44.11500849039096, "params": {"C": 109.98850171586183, "epsilon": 2.0940839155994713, "gamma": 0.04613929358158821}, "datetime": {"datetime": "2021-09-24 16:33:05", "elapsed": 349.64626, "delta": 1.553795}}
{"target": -42.81925422288111, "params": {"C": 186.41797389657972, "epsilon": 0.9075403365072443, "gamma": 0.009403388715714759}, "datetime": {"datetime": "2021-09-24 16:33:06", "elapsed": 350.921159, "delta": 1.274899}}
{"target": -43.034700696056724, "params": {"C": 144.2099564608246, "epsilon": 3.5369056955786675, "gamma": 0.007851309573605298}, "datetime": {"datetime": "2021-09-24 16:33:08", "elapsed": 352.672696, "delta": 1.751537}}
{"target": -43.15209672859853, "params": {"C": 111.71812072466334, "epsilon": 1.8061453541409251, "gamma": 0.022036455898563477}, "datetime": {"datetime": "2021-09-24 16:33:10", "elapsed": 355.063623, "delta": 2.390927}}
{"target": -42.69692735006285, "params": {"C": 152.63540483944362, "epsilon": 2.315940160594496, "gamma": 0.014001527714987345}, "datetime": {"datetime": "2021-09-24 16:33:12", "elapsed": 356.879521, "delta": 1.815898}}
{"target": -43.104643928200424, "params": {"C": 111.28874932208245, "epsilon": 1.4106656281621899, "gamma": 0.007}, "datetime": {"datetime": "2021-09-24 16:33:15", "elapsed": 359.4944, "delta": 2.614879}}
{"target": -44.61632309279714, "params": {"C": 161.82207842274173, "epsilon": 0.13505900946646854, "gamma": 0.04473729204714888}, "datetime": {"datetime": "2021-09-24 16:33:17", "elapsed": 361.393087, "delta": 1.898687}}
{"target": -43.12267310931452, "params": {"C": 126.83803196389337, "epsilon": 3.343221844589273, "gamma": 0.022456469450304082}, "datetime": {"datetime": "2021-09-24 16:33:18", "elapsed": 363.183864, "delta": 1.790777}}
{"target": -42.859690890900225, "params": {"C": 192.9076562686763, "epsilon": 0.5621183240174815, "gamma": 0.016187483750772485}, "datetime": {"datetime": "2021-09-24 16:33:21", "elapsed": 366.050729, "delta": 2.866865}}
{"target": -43.35257123734084, "params": {"C": 154.64615164444123, "epsilon": 3.0814523618019893, "gamma": 0.025751606991499733}, "datetime": {"datetime": "2021-09-24 16:33:23", "elapsed": 367.771781, "delta": 1.721052}}
