{"target": -36.9464186463312, "params": {"C": 485.7417870032168, "epsilon": 0.39229572486612174, "gamma": 0.002896734797100996}, "datetime": {"datetime": "2021-09-28 14:48:43", "elapsed": 144.436719, "delta": 0.781991}}
{"target": -43.35679031123931, "params": {"C": 433.8199290825148, "epsilon": 1.598625621234893, "gamma": 0.06889822411494435}, "datetime": {"datetime": "2021-09-28 14:48:43", "elapsed": 145.226321, "delta": 0.789602}}
{"target": -42.06473948984308, "params": {"C": 485.06604290433404, "epsilon": 0.5680516127093954, "gamma": 0.05148940612121865}, "datetime": {"datetime": "2021-09-28 14:48:44", "elapsed": 146.171319, "delta": 0.944998}}
{"target": -43.427314929289686, "params": {"C": 309.5254362220685, "epsilon": 2.4546712004815396, "gamma": 0.08172864918521097}, "datetime": {"datetime": "2021-09-28 14:48:46", "elapsed": 147.58139, "delta": 1.410071}}
{"target": -43.54846391555507, "params": {"C": 410.72945494408106, "epsilon": 0.4271745244114547, "gamma": 0.07241219581144953}, "datetime": {"datetime": "2021-09-28 14:48:46", "elapsed": 148.357399, "delta": 0.776009}}
{"target": -39.653539424065606, "params": {"C": 309.6649699282753, "epsilon": 2.4680916735147944, "gamma": 0.0001}, "datetime": {"datetime": "2021-09-28 14:48:48", "elapsed": 149.536635, "delta": 1.179236}}
{"target": -43.01860880671093, "params": {"C": 485.74523667497743, "epsilon": 0.47353296752794244, "gamma": 0.06161948090039801}, "datetime": {"datetime": "2021-09-28 14:48:49", "elapsed": 150.990785, "delta": 1.45415}}
{"target": -39.644995904561924, "params": {"C": 455.6496805186086, "epsilon": 1.3738823576897299, "gamma": 0.024928457443917897}, "datetime": {"datetime": "2021-09-28 14:48:50", "elapsed": 151.857468, "delta": 0.866683}}
{"target": -50.951916916426285, "params": {"C": 350.9651751167751, "epsilon": 1.7429587294066236, "gamma": 0.17002989782589426}, "datetime": {"datetime": "2021-09-28 14:48:51", "elapsed": 152.689109, "delta": 0.831641}}
{"target": -46.6789763501965, "params": {"C": 388.5342677499086, "epsilon": 2.800541151223415, "gamma": 0.09499664393192617}, "datetime": {"datetime": "2021-09-28 14:48:52", "elapsed": 153.925119, "delta": 1.23601}}
{"target": -37.28383135079908, "params": {"C": 333.6308737062051, "epsilon": 0.018817839880494285, "gamma": 0.009919137950319075}, "datetime": {"datetime": "2021-09-28 14:48:53", "elapsed": 155.169954, "delta": 1.244835}}
{"target": -42.104841404633916, "params": {"C": 463.4422727723056, "epsilon": 0.5958157556107173, "gamma": 0.05373987481894716}, "datetime": {"datetime": "2021-09-28 14:48:55", "elapsed": 156.989243, "delta": 1.819289}}
{"target": -37.45593554796573, "params": {"C": 325.1693691103105, "epsilon": 0.7657259429682015, "gamma": 0.010634764123798188}, "datetime": {"datetime": "2021-09-28 14:48:56", "elapsed": 157.849244, "delta": 0.860001}}
{"target": -39.715390607424425, "params": {"C": 315.5282039784137, "epsilon": 0.7700895695928984, "gamma": 0.03186644807495964}, "datetime": {"datetime": "2021-09-28 14:48:57", "elapsed": 158.82899, "delta": 0.979746}}
{"target": -39.92152294102846, "params": {"C": 325.28330845703556, "epsilon": 0.8527248726801515, "gamma": 0.03272065958658459}, "datetime": {"datetime": "2021-09-28 14:48:58", "elapsed": 159.929986, "delta": 1.100996}}
{"target": -39.48313286931083, "params": {"C": 342.42947012967244, "epsilon": 0.7896758429767993, "gamma": 0.0001}, "datetime": {"datetime": "2021-09-28 14:49:00", "elapsed": 161.810404, "delta": 1.880418}}
{"target": -47.94796258566446, "params": {"C": 499.80903377362955, "epsilon": 0.24024780584749744, "gamma": 0.09123856243489391}, "datetime": {"datetime": "2021-09-28 14:49:01", "elapsed": 163.367364, "delta": 1.55696}}
{"target": -36.77125578646472, "params": {"C": 336.4300411764799, "epsilon": 1.516804803427418, "gamma": 0.004678358353739227}, "datetime": {"datetime": "2021-09-28 14:49:03", "elapsed": 164.737118, "delta": 1.369754}}
{"target": -49.202923945613044, "params": {"C": 335.99729180945, "epsilon": 1.0134381432927728, "gamma": 0.1367340150893781}, "datetime": {"datetime": "2021-09-28 14:49:04", "elapsed": 166.401118, "delta": 1.664}}
{"target": -37.50154870964989, "params": {"C": 425.18848498664295, "epsilon": 0.24158495786989684, "gamma": 0.01011550308728692}, "datetime": {"datetime": "2021-09-28 14:49:05", "elapsed": 167.320992, "delta": 0.919874}}
{"target": -48.12834462331531, "params": {"C": 306.3498114807223, "epsilon": 2.2781090071071746, "gamma": 0.12263972569062667}, "datetime": {"datetime": "2021-09-28 14:49:06", "elapsed": 168.215994, "delta": 0.895002}}
{"target": -49.729813603059156, "params": {"C": 485.7501199257847, "epsilon": 0.33748035153055744, "gamma": 0.11536504490295452}, "datetime": {"datetime": "2021-09-28 14:49:08", "elapsed": 170.033144, "delta": 1.81715}}
{"target": -39.9727873934678, "params": {"C": 312.690238215097, "epsilon": 2.8164426665473057, "gamma": 0.037774943333329196}, "datetime": {"datetime": "2021-09-28 14:49:09", "elapsed": 170.984832, "delta": 0.951688}}
{"target": -37.65653799197564, "params": {"C": 493.6339512006416, "epsilon": 2.860883836251161, "gamma": 0.0001}, "datetime": {"datetime": "2021-09-28 14:49:11", "elapsed": 172.614771, "delta": 1.629939}}
{"target": -39.49937308173506, "params": {"C": 425.23884866162405, "epsilon": 0.14571780525908268, "gamma": 0.02277437208245469}, "datetime": {"datetime": "2021-09-28 14:49:12", "elapsed": 174.228769, "delta": 1.613998}}
{"target": -43.728072033058766, "params": {"C": 425.1244058421811, "epsilon": 0.21872364209266248, "gamma": 0.0722926388288479}, "datetime": {"datetime": "2021-09-28 14:49:15", "elapsed": 176.671907, "delta": 2.443138}}
{"target": -36.976422581496934, "params": {"C": 336.2996357678911, "epsilon": 1.565696412277183, "gamma": 0.007521328216757777}, "datetime": {"datetime": "2021-09-28 14:49:17", "elapsed": 178.529903, "delta": 1.857996}}
{"target": -36.936721377710505, "params": {"C": 324.97045375397323, "epsilon": 2.0066942776813574, "gamma": 0.007439772770583464}, "datetime": {"datetime": "2021-09-28 14:49:18", "elapsed": 180.097586, "delta": 1.567683}}
{"target": -37.671779140503475, "params": {"C": 325.1347420908176, "epsilon": 0.8818008673232732, "gamma": 0.013149378109695702}, "datetime": {"datetime": "2021-09-28 14:49:19", "elapsed": 181.394536, "delta": 1.29695}}
{"target": -39.459472987092795, "params": {"C": 326.5617277001654, "epsilon": 1.4162164730735418, "gamma": 0.0001}, "datetime": {"datetime": "2021-09-28 14:49:21", "elapsed": 183.128952, "delta": 1.734416}}
{"target": -42.11273021467369, "params": {"C": 425.3601577143094, "epsilon": 0.22654910493721164, "gamma": 0.05693160597375802}, "datetime": {"datetime": "2021-09-28 14:49:23", "elapsed": 184.496947, "delta": 1.367995}}
{"target": -39.2642232228614, "params": {"C": 396.72899839309406, "epsilon": 2.794786899414351, "gamma": 0.025999321003575594}, "datetime": {"datetime": "2021-09-28 14:49:24", "elapsed": 185.841746, "delta": 1.344799}}
{"target": -40.314544046170475, "params": {"C": 388.5326161949144, "epsilon": 2.573995553203602, "gamma": 0.0378551862679442}, "datetime": {"datetime": "2021-09-28 14:49:26", "elapsed": 187.585684, "delta": 1.743938}}
{"target": -36.929082706018754, "params": {"C": 345.1670332669048, "epsilon": 1.3308340269136836, "gamma": 0.002377494653341071}, "datetime": {"datetime": "2021-09-28 14:49:28", "elapsed": 189.549922, "delta": 1.964238}}
{"target": -39.50436633620061, "params": {"C": 434.1650513901237, "epsilon": 2.364877253696459, "gamma": 0.02548677654657772}, "datetime": {"datetime": "2021-09-28 14:49:29", "elapsed": 190.540925, "delta": 0.991003}}
{"target": -49.92503444903371, "params": {"C": 396.8603365257417, "epsilon": 2.840884753777446, "gamma": 0.13623537030956828}, "datetime": {"datetime": "2021-09-28 14:49:30", "elapsed": 192.035308, "delta": 1.494383}}
{"target": -40.63225371513148, "params": {"C": 354.75311610159747, "epsilon": 0.005911889004727294, "gamma": 0.03952608464840515}, "datetime": {"datetime": "2021-09-28 14:49:31", "elapsed": 193.037092, "delta": 1.001784}}
{"target": -37.49493733035648, "params": {"C": 325.2830763186412, "epsilon": 0.677524025806768, "gamma": 0.011039508207322399}, "datetime": {"datetime": "2021-09-28 14:49:34", "elapsed": 195.692945, "delta": 2.655853}}
{"target": -38.75371433448977, "params": {"C": 455.22365389597985, "epsilon": 2.5418497880590962, "gamma": 0.016769202135957905}, "datetime": {"datetime": "2021-09-28 14:49:35", "elapsed": 196.770167, "delta": 1.077222}}
{"target": -46.279883577326935, "params": {"C": 325.361320008111, "epsilon": 0.6747041807385811, "gamma": 0.10266802204342258}, "datetime": {"datetime": "2021-09-28 14:49:37", "elapsed": 198.751172, "delta": 1.981005}}
{"target": -36.91134999672989, "params": {"C": 325.08520896930344, "epsilon": 2.0420992428691878, "gamma": 0.0029110287554636287}, "datetime": {"datetime": "2021-09-28 14:49:39", "elapsed": 200.848643, "delta": 2.097471}}
{"target": -40.076117505958955, "params": {"C": 499.78479708345503, "epsilon": 0.11450427775880037, "gamma": 0.024994800681696818}, "datetime": {"datetime": "2021-09-28 14:49:40", "elapsed": 201.861651, "delta": 1.013008}}
{"target": -39.62703937406858, "params": {"C": 309.33876460279765, "epsilon": 2.5877851741374145, "gamma": 0.0001}, "datetime": {"datetime": "2021-09-28 14:49:42", "elapsed": 203.944428, "delta": 2.082777}}
{"target": -37.63039007241989, "params": {"C": 325.2322723902343, "epsilon": 0.5451537415117009, "gamma": 0.014224444653901323}, "datetime": {"datetime": "2021-09-28 14:49:44", "elapsed": 205.707379, "delta": 1.762951}}
{"target": -38.41158650040591, "params": {"C": 412.96786125320426, "epsilon": 2.426515873086365, "gamma": 0.0001}, "datetime": {"datetime": "2021-09-28 14:49:46", "elapsed": 207.424382, "delta": 1.717003}}
{"target": -36.849098143221596, "params": {"C": 320.0023952136153, "epsilon": 1.541499851408484, "gamma": 0.004150674372528149}, "datetime": {"datetime": "2021-09-28 14:49:47", "elapsed": 208.491377, "delta": 1.066995}}
{"target": -42.7425945758846, "params": {"C": 319.97301999401816, "epsilon": 1.5075834258643375, "gamma": 0.07594767634342497}, "datetime": {"datetime": "2021-09-28 14:49:48", "elapsed": 210.130923, "delta": 1.639546}}
{"target": -52.2851355659045, "params": {"C": 495.6460168917679, "epsilon": 1.2369986386141127, "gamma": 0.1510150697123411}, "datetime": {"datetime": "2021-09-28 14:49:49", "elapsed": 211.348398, "delta": 1.217475}}
{"target": -38.37423383138341, "params": {"C": 463.5545202936148, "epsilon": 0.6764195910935685, "gamma": 0.0001}, "datetime": {"datetime": "2021-09-28 14:49:51", "elapsed": 213.03776, "delta": 1.689362}}
{"target": -40.56235168047614, "params": {"C": 399.8552654896769, "epsilon": 1.6856467414076397, "gamma": 0.04035976579589549}, "datetime": {"datetime": "2021-09-28 14:49:52", "elapsed": 214.159997, "delta": 1.122237}}
{"target": -36.078463032813495, "params": {"C": 443.7222490833089, "epsilon": 1.923897075806904, "gamma": 0.0007115301965380896}, "datetime": {"datetime": "2021-09-28 14:49:53", "elapsed": 215.185239, "delta": 1.025242}}
{"target": -45.737365224250254, "params": {"C": 396.2768018100671, "epsilon": 0.006353635997356216, "gamma": 0.08971026660319013}, "datetime": {"datetime": "2021-09-28 14:49:54", "elapsed": 216.226235, "delta": 1.040996}}
{"target": -38.90219731696881, "params": {"C": 396.8793772473191, "epsilon": 2.6344909958740375, "gamma": 0.020634841991567166}, "datetime": {"datetime": "2021-09-28 14:49:56", "elapsed": 217.709505, "delta": 1.48327}}
{"target": -51.68062271497489, "params": {"C": 443.6947840588456, "epsilon": 1.8690880503900935, "gamma": 0.15420936212317224}, "datetime": {"datetime": "2021-09-28 14:49:58", "elapsed": 219.506825, "delta": 1.79732}}
{"target": -42.86830425068381, "params": {"C": 345.0952244774411, "epsilon": 1.4026842352719169, "gamma": 0.07412697884204854}, "datetime": {"datetime": "2021-09-28 14:49:59", "elapsed": 221.327358, "delta": 1.820533}}
{"target": -38.31215429477503, "params": {"C": 443.7662221528492, "epsilon": 2.011648447675702, "gamma": 0.0001}, "datetime": {"datetime": "2021-09-28 14:50:01", "elapsed": 223.281893, "delta": 1.954535}}
{"target": -39.173787866472765, "params": {"C": 325.3340933179901, "epsilon": 0.5131604652584435, "gamma": 0.023702042558265246}, "datetime": {"datetime": "2021-09-28 14:50:03", "elapsed": 224.845888, "delta": 1.563995}}
{"target": -38.62455163943906, "params": {"C": 388.3637871530894, "epsilon": 2.6744411004577184, "gamma": 0.017074992582582375}, "datetime": {"datetime": "2021-09-28 14:50:05", "elapsed": 226.4969, "delta": 1.651012}}
{"target": -38.572098289584495, "params": {"C": 313.48972606444016, "epsilon": 2.5439301110986063, "gamma": 0.018985246272545973}, "datetime": {"datetime": "2021-09-28 14:50:06", "elapsed": 228.050218, "delta": 1.553318}}
{"target": -42.11465345902851, "params": {"C": 366.4538937337279, "epsilon": 2.4276145298472636, "gamma": 0.06548807195078658}, "datetime": {"datetime": "2021-09-28 14:50:07", "elapsed": 229.202404, "delta": 1.152186}}
{"target": -41.47033414925188, "params": {"C": 319.99955705736215, "epsilon": 1.6834992829020692, "gamma": 0.06351579959315425}, "datetime": {"datetime": "2021-09-28 14:50:09", "elapsed": 230.923434, "delta": 1.72103}}
{"target": -38.18937262613078, "params": {"C": 499.80767107677036, "epsilon": 0.001, "gamma": 0.0001}, "datetime": {"datetime": "2021-09-28 14:50:11", "elapsed": 233.017874, "delta": 2.09444}}
{"target": -38.9333948553576, "params": {"C": 336.62220862065345, "epsilon": 2.7163612498296086, "gamma": 0.02411833617489277}, "datetime": {"datetime": "2021-09-28 14:50:12", "elapsed": 234.164867, "delta": 1.146993}}
{"target": -39.26050836622534, "params": {"C": 413.2132538116576, "epsilon": 0.34708459960512283, "gamma": 0.02065237720269583}, "datetime": {"datetime": "2021-09-28 14:50:13", "elapsed": 235.15299, "delta": 0.988123}}
{"target": -39.06587186942982, "params": {"C": 320.1708676180528, "epsilon": 1.575529338745182, "gamma": 0.024933083621664576}, "datetime": {"datetime": "2021-09-28 14:50:15", "elapsed": 236.7353, "delta": 1.58231}}
{"target": -49.54894620441078, "params": {"C": 328.1520270500756, "epsilon": 0.2866357429529406, "gamma": 0.14681020420062144}, "datetime": {"datetime": "2021-09-28 14:50:16", "elapsed": 237.931495, "delta": 1.196195}}
{"target": -38.83193242574414, "params": {"C": 443.6584161220881, "epsilon": 1.9968348516227687, "gamma": 0.01749101549724584}, "datetime": {"datetime": "2021-09-28 14:50:18", "elapsed": 240.143098, "delta": 2.211603}}
{"target": -40.625969924677335, "params": {"C": 398.3633042012118, "epsilon": 0.43911266342520777, "gamma": 0.03411589194059395}, "datetime": {"datetime": "2021-09-28 14:50:19", "elapsed": 241.17139, "delta": 1.028292}}
{"target": -42.6728927141845, "params": {"C": 302.41355394057285, "epsilon": 2.8748008505715386, "gamma": 0.07677060074474265}, "datetime": {"datetime": "2021-09-28 14:50:21", "elapsed": 242.776051, "delta": 1.604661}}
{"target": -39.44619740942767, "params": {"C": 335.8058941815086, "epsilon": 1.0971198797629182, "gamma": 0.0001}, "datetime": {"datetime": "2021-09-28 14:50:23", "elapsed": 244.702348, "delta": 1.926297}}
{"target": -38.411495323799, "params": {"C": 412.8371440307786, "epsilon": 2.4507016123907173, "gamma": 0.0001}, "datetime": {"datetime": "2021-09-28 14:50:25", "elapsed": 246.785035, "delta": 2.082687}}
{"target": -49.887710828898086, "params": {"C": 337.617275401175, "epsilon": 2.2834819508654802, "gamma": 0.1511376084456044}, "datetime": {"datetime": "2021-09-28 14:50:26", "elapsed": 247.936095, "delta": 1.15106}}
{"target": -48.67458840802219, "params": {"C": 388.3927258177621, "epsilon": 2.597420125709237, "gamma": 0.11622634645613322}, "datetime": {"datetime": "2021-09-28 14:50:29", "elapsed": 250.74627, "delta": 2.810175}}
{"target": -38.54907056222529, "params": {"C": 361.5638217734977, "epsilon": 2.7132765386787128, "gamma": 0.017299583425041565}, "datetime": {"datetime": "2021-09-28 14:50:32", "elapsed": 253.403615, "delta": 2.657345}}
{"target": -42.81528007519717, "params": {"C": 448.20018526762124, "epsilon": 2.0335020430641944, "gamma": 0.06385208304847105}, "datetime": {"datetime": "2021-09-28 14:50:33", "elapsed": 254.526615, "delta": 1.123}}
{"target": -40.76239748279943, "params": {"C": 325.21831888082863, "epsilon": 2.0014289756079817, "gamma": 0.05206682490790785}, "datetime": {"datetime": "2021-09-28 14:50:34", "elapsed": 256.146719, "delta": 1.620104}}
{"target": -39.16440062807308, "params": {"C": 336.659174248687, "epsilon": 1.4015284865256818, "gamma": 0.026131795398943506}, "datetime": {"datetime": "2021-09-28 14:50:36", "elapsed": 258.376732, "delta": 2.230013}}
{"target": -50.20950142920564, "params": {"C": 361.48512620370354, "epsilon": 2.691001114770542, "gamma": 0.15069564746704825}, "datetime": {"datetime": "2021-09-28 14:50:39", "elapsed": 260.897378, "delta": 2.520646}}
{"target": -44.14204609977541, "params": {"C": 432.30376598959003, "epsilon": 2.0775163712828397, "gamma": 0.07529735787713206}, "datetime": {"datetime": "2021-09-28 14:50:40", "elapsed": 262.095187, "delta": 1.197809}}
{"target": -42.53399735734491, "params": {"C": 412.8816593453161, "epsilon": 2.3503288987623114, "gamma": 0.06476445761315064}, "datetime": {"datetime": "2021-09-28 14:50:43", "elapsed": 264.851241, "delta": 2.756054}}
{"target": -49.08383265973867, "params": {"C": 325.0269401366045, "epsilon": 2.11972578023597, "gamma": 0.1377527618516384}, "datetime": {"datetime": "2021-09-28 14:50:45", "elapsed": 266.665382, "delta": 1.814141}}
{"target": -41.278533092936954, "params": {"C": 329.8423708922546, "epsilon": 2.2714001098759162, "gamma": 0.059263754744636354}, "datetime": {"datetime": "2021-09-28 14:50:46", "elapsed": 267.92605, "delta": 1.260668}}
{"target": -40.78347790875964, "params": {"C": 425.2270976297681, "epsilon": 0.3906516826009005, "gamma": 0.03814770535297722}, "datetime": {"datetime": "2021-09-28 14:50:48", "elapsed": 269.958742, "delta": 2.032692}}
{"target": -36.19982952500178, "params": {"C": 396.98335704327496, "epsilon": 2.7149810425127368, "gamma": 0.0007810902163698644}, "datetime": {"datetime": "2021-09-28 14:50:50", "elapsed": 272.072133, "delta": 2.113391}}
{"target": -40.265706975339086, "params": {"C": 320.1486985925045, "epsilon": 1.44466200520525, "gamma": 0.03935288444224102}, "datetime": {"datetime": "2021-09-28 14:50:52", "elapsed": 274.207427, "delta": 2.135294}}
{"target": -39.359365920198, "params": {"C": 491.29690403085976, "epsilon": 1.5937547041357352, "gamma": 0.021089378635715573}, "datetime": {"datetime": "2021-09-28 14:50:53", "elapsed": 275.390084, "delta": 1.182657}}
{"target": -49.011728043710896, "params": {"C": 410.07495915987784, "epsilon": 1.0472501409367116, "gamma": 0.11723753704738761}, "datetime": {"datetime": "2021-09-28 14:50:55", "elapsed": 276.70871, "delta": 1.318626}}
{"target": -41.641149404062475, "params": {"C": 397.03633510933133, "epsilon": 2.627391476948446, "gamma": 0.05686390632100268}, "datetime": {"datetime": "2021-09-28 14:50:58", "elapsed": 279.462513, "delta": 2.753803}}
{"target": -39.094064216275044, "params": {"C": 361.5489647705008, "epsilon": 2.583634494470727, "gamma": 0.0001}, "datetime": {"datetime": "2021-09-28 14:51:00", "elapsed": 281.681207, "delta": 2.218694}}
{"target": -39.54725812701118, "params": {"C": 489.0519917238152, "epsilon": 0.5483383200521749, "gamma": 0.021391536012556858}, "datetime": {"datetime": "2021-09-28 14:51:02", "elapsed": 284.253899, "delta": 2.572692}}
{"target": -39.58041338438475, "params": {"C": 336.51646498065, "epsilon": 1.2978602234006194, "gamma": 0.029923337796277007}, "datetime": {"datetime": "2021-09-28 14:51:05", "elapsed": 286.817385, "delta": 2.563486}}
{"target": -36.72289636081185, "params": {"C": 335.83998360411925, "epsilon": 0.9324386333551385, "gamma": 0.0012438540846285149}, "datetime": {"datetime": "2021-09-28 14:51:07", "elapsed": 289.150297, "delta": 2.332912}}
{"target": -44.39144611850192, "params": {"C": 335.6930640173608, "epsilon": 1.011111418665536, "gamma": 0.08751266681422386}, "datetime": {"datetime": "2021-09-28 14:51:10", "elapsed": 291.692712, "delta": 2.542415}}
{"target": -39.12343556160136, "params": {"C": 336.19448400576573, "epsilon": 1.6260088632246843, "gamma": 0.025624261144541985}, "datetime": {"datetime": "2021-09-28 14:51:13", "elapsed": 294.737053, "delta": 3.044341}}
{"target": -42.72868535498734, "params": {"C": 302.2430587589568, "epsilon": 2.65511518526572, "gamma": 0.07737484534618397}, "datetime": {"datetime": "2021-09-28 14:51:15", "elapsed": 297.266476, "delta": 2.529423}}
{"target": -38.6574061013448, "params": {"C": 396.74652877617575, "epsilon": 2.6865215772952307, "gamma": 0.017133229561078246}, "datetime": {"datetime": "2021-09-28 14:51:17", "elapsed": 299.142246, "delta": 1.87577}}
{"target": -44.853717225509925, "params": {"C": 352.6458021166934, "epsilon": 2.561836724772556, "gamma": 0.08827919684003602}, "datetime": {"datetime": "2021-09-28 14:51:19", "elapsed": 300.419063, "delta": 1.276817}}
{"target": -52.32208794579822, "params": {"C": 455.18641737768394, "epsilon": 2.588162878246962, "gamma": 0.16582309491346392}, "datetime": {"datetime": "2021-09-28 14:51:20", "elapsed": 302.179202, "delta": 1.760139}}
{"target": -45.75789523203411, "params": {"C": 355.76730708783515, "epsilon": 0.6475747550852883, "gamma": 0.09450449954513743}, "datetime": {"datetime": "2021-09-28 14:51:22", "elapsed": 303.571351, "delta": 1.392149}}
{"target": -51.40765615844468, "params": {"C": 419.59365428102376, "epsilon": 0.13300659256873557, "gamma": 0.15641672073179685}, "datetime": {"datetime": "2021-09-28 14:51:23", "elapsed": 304.934352, "delta": 1.363001}}
{"target": -36.04342058479165, "params": {"C": 335.8737883190936, "epsilon": 0.7930555542821826, "gamma": 0.0003872726756828556}, "datetime": {"datetime": "2021-09-28 14:51:25", "elapsed": 307.235931, "delta": 2.301579}}
