{"target": -43.236456161123385, "params": {"C": 44.570057478155746, "epsilon": 2.1077936250724445, "gamma": 0.013863784415503864}, "datetime": {"datetime": "2021-09-24 15:31:25", "elapsed": 161.662156, "delta": 1.360729}}
{"target": -45.037885480387565, "params": {"C": 44.72905339729762, "epsilon": 2.151004224014743, "gamma": 0.0827188244276985}, "datetime": {"datetime": "2021-09-24 15:31:26", "elapsed": 162.882326, "delta": 1.22017}}
{"target": -43.37746425278586, "params": {"C": 23.14447873076091, "epsilon": 3.290010899817222, "gamma": 0.012464754980957676}, "datetime": {"datetime": "2021-09-24 15:31:27", "elapsed": 163.711785, "delta": 0.829459}}
{"target": -45.79429180725817, "params": {"C": 17.651687325039873, "epsilon": 2.968202653571986, "gamma": 0.09571659274649195}, "datetime": {"datetime": "2021-09-24 15:31:28", "elapsed": 164.547239, "delta": 0.835454}}
{"target": -44.058927968371286, "params": {"C": 44.4840515488461, "epsilon": 2.026815380544674, "gamma": 0.050345443532681645}, "datetime": {"datetime": "2021-09-24 15:31:30", "elapsed": 166.376223, "delta": 1.828984}}
{"target": -44.6451463832916, "params": {"C": 23.29170462712586, "epsilon": 3.2441477831398506, "gamma": 0.06237458340020739}, "datetime": {"datetime": "2021-09-24 15:31:31", "elapsed": 167.686332, "delta": 1.310109}}
{"target": -43.63653872715285, "params": {"C": 47.49425022827641, "epsilon": 2.612757635235893, "gamma": 0.02481630322195941}, "datetime": {"datetime": "2021-09-24 15:31:32", "elapsed": 169.072696, "delta": 1.386364}}
{"target": -43.92981255252312, "params": {"C": 40.00193600167952, "epsilon": 1.3334208535422136, "gamma": 0.038604824845234344}, "datetime": {"datetime": "2021-09-24 15:31:33", "elapsed": 169.924016, "delta": 0.85132}}
{"target": -45.265317906481975, "params": {"C": 44.47664745274874, "epsilon": 2.2719443826331265, "gamma": 0.08943022642542227}, "datetime": {"datetime": "2021-09-24 15:31:35", "elapsed": 171.355486, "delta": 1.43147}}
{"target": -44.20891423062613, "params": {"C": 22.9757335899714, "epsilon": 3.241821865211846, "gamma": 0.04381001677911608}, "datetime": {"datetime": "2021-09-24 15:31:36", "elapsed": 172.939105, "delta": 1.583619}}
{"target": -44.330944321214886, "params": {"C": 47.35669200976918, "epsilon": 2.769356527851126, "gamma": 0.059722070800875694}, "datetime": {"datetime": "2021-09-24 15:31:38", "elapsed": 174.330825, "delta": 1.39172}}
{"target": -44.39576259034579, "params": {"C": 25.265047734543813, "epsilon": 1.6539481130259421, "gamma": 0.05659647944636953}, "datetime": {"datetime": "2021-09-24 15:31:39", "elapsed": 175.920447, "delta": 1.589622}}
{"target": -48.92937153351541, "params": {"C": 31.152062308929025, "epsilon": 1.3549890525734072, "gamma": 0.0007}, "datetime": {"datetime": "2021-09-24 15:31:41", "elapsed": 177.498624, "delta": 1.578177}}
{"target": -44.572446247553685, "params": {"C": 23.174862607186512, "epsilon": 3.4476377870016193, "gamma": 0.054459249239796836}, "datetime": {"datetime": "2021-09-24 15:31:42", "elapsed": 179.061646, "delta": 1.563022}}
{"target": -43.74170027803464, "params": {"C": 48.52920644848134, "epsilon": 3.062811847788617, "gamma": 0.0026674777753253115}, "datetime": {"datetime": "2021-09-24 15:31:44", "elapsed": 180.999077, "delta": 1.937431}}
{"target": -45.71448894500444, "params": {"C": 35.547713323251074, "epsilon": 0.8834906385157538, "gamma": 0.09871117740128084}, "datetime": {"datetime": "2021-09-24 15:31:46", "elapsed": 182.438501, "delta": 1.439424}}
{"target": -43.58635953147464, "params": {"C": 31.523277252137834, "epsilon": 1.2478608600504562, "gamma": 0.004803131760025752}, "datetime": {"datetime": "2021-09-24 15:31:47", "elapsed": 183.943173, "delta": 1.504672}}
{"target": -43.36727656670785, "params": {"C": 40.13893465336206, "epsilon": 1.4677352816442195, "gamma": 0.004918143299682436}, "datetime": {"datetime": "2021-09-24 15:31:49", "elapsed": 185.421184, "delta": 1.478011}}
{"target": -47.85711734425621, "params": {"C": 39.988527217139755, "epsilon": 1.5393912431289085, "gamma": 0.0007}, "datetime": {"datetime": "2021-09-24 15:31:52", "elapsed": 188.409985, "delta": 2.988801}}
{"target": -43.93704980041372, "params": {"C": 40.25368207822767, "epsilon": 1.2630690187466025, "gamma": 0.03912335513096346}, "datetime": {"datetime": "2021-09-24 15:31:53", "elapsed": 190.133396, "delta": 1.723411}}
{"target": -45.50527162057344, "params": {"C": 40.217159544667865, "epsilon": 1.4230865254400153, "gamma": 0.09320785636866565}, "datetime": {"datetime": "2021-09-24 15:31:56", "elapsed": 192.499263, "delta": 2.365867}}
{"target": -43.891694145657944, "params": {"C": 35.85747616939516, "epsilon": 0.8388263029755366, "gamma": 0.038079014336737986}, "datetime": {"datetime": "2021-09-24 15:31:57", "elapsed": 194.185317, "delta": 1.686054}}
{"target": -45.80025979783054, "params": {"C": 31.004833903323192, "epsilon": 0.7093826954502885, "gamma": 0.1}, "datetime": {"datetime": "2021-09-24 15:32:00", "elapsed": 196.744433, "delta": 2.559116}}
{"target": -43.45402045575964, "params": {"C": 40.07855954376391, "epsilon": 1.1582349966922598, "gamma": 0.018071717085504903}, "datetime": {"datetime": "2021-09-24 15:32:02", "elapsed": 198.63264, "delta": 1.888207}}
{"target": -45.39952217588314, "params": {"C": 49.41475663355713, "epsilon": 2.958171238450105, "gamma": 0.09619887009323685}, "datetime": {"datetime": "2021-09-24 15:32:04", "elapsed": 200.395896, "delta": 1.763256}}
{"target": -43.57837809800155, "params": {"C": 49.643261618267346, "epsilon": 3.004560419948108, "gamma": 0.02345485906420966}, "datetime": {"datetime": "2021-09-24 15:32:05", "elapsed": 201.642695, "delta": 1.246799}}
{"target": -44.97268274034248, "params": {"C": 30.14371290282223, "epsilon": 3.4273781431159174, "gamma": 0.07435687427156681}, "datetime": {"datetime": "2021-09-24 15:32:06", "elapsed": 202.460543, "delta": 0.817848}}
{"target": -43.75571491298749, "params": {"C": 30.928426568622058, "epsilon": 1.0250295909753158, "gamma": 0.029431914930958404}, "datetime": {"datetime": "2021-09-24 15:32:08", "elapsed": 204.544897, "delta": 2.084354}}
{"target": -43.519850564693776, "params": {"C": 49.1905567239608, "epsilon": 2.742370289507072, "gamma": 0.017958572975802733}, "datetime": {"datetime": "2021-09-24 15:32:10", "elapsed": 206.561964, "delta": 2.017067}}
{"target": -44.75520699987991, "params": {"C": 40.23033899462578, "epsilon": 1.049764237302816, "gamma": 0.06669407305693915}, "datetime": {"datetime": "2021-09-24 15:32:12", "elapsed": 208.575971, "delta": 2.014007}}
{"target": -44.39646102209907, "params": {"C": 49.134577776415746, "epsilon": 2.876287938405645, "gamma": 0.06360805193523833}, "datetime": {"datetime": "2021-09-24 15:32:14", "elapsed": 210.778702, "delta": 2.202731}}
{"target": -45.8594012169252, "params": {"C": 15.261038467874634, "epsilon": 1.2236835471890388, "gamma": 0.09205153066372276}, "datetime": {"datetime": "2021-09-24 15:32:15", "elapsed": 211.979564, "delta": 1.200862}}
{"target": -47.833603452947706, "params": {"C": 39.91815967658338, "epsilon": 1.1683223010835617, "gamma": 0.0007}, "datetime": {"datetime": "2021-09-24 15:32:17", "elapsed": 214.122784, "delta": 2.14322}}
{"target": -48.553226164339485, "params": {"C": 4.835138166900576, "epsilon": 1.6655142023987315, "gamma": 0.07722210016718241}, "datetime": {"datetime": "2021-09-24 15:32:18", "elapsed": 214.966811, "delta": 0.844027}}
{"target": -43.415900653301506, "params": {"C": 49.35135841456625, "epsilon": 2.7202421918535653, "gamma": 0.006290194583284478}, "datetime": {"datetime": "2021-09-24 15:32:20", "elapsed": 216.347939, "delta": 1.381128}}
{"target": -48.92375120477036, "params": {"C": 30.785564666865852, "epsilon": 0.9237194184673579, "gamma": 0.0007}, "datetime": {"datetime": "2021-09-24 15:32:22", "elapsed": 219.1167, "delta": 2.768761}}
{"target": -44.06287287015478, "params": {"C": 46.50673781578812, "epsilon": 0.5479873383522852, "gamma": 0.0022437229869490213}, "datetime": {"datetime": "2021-09-24 15:32:23", "elapsed": 220.152521, "delta": 1.035821}}
{"target": -43.876698172433514, "params": {"C": 33.785882625216125, "epsilon": 2.1448962041688984, "gamma": 0.03867478407234004}, "datetime": {"datetime": "2021-09-24 15:32:25", "elapsed": 221.335324, "delta": 1.182803}}
{"target": -43.75577890800533, "params": {"C": 46.34118051156183, "epsilon": 0.7806485169910969, "gamma": 0.02906558103300173}, "datetime": {"datetime": "2021-09-24 15:32:25", "elapsed": 222.229152, "delta": 0.893828}}
{"target": -45.29391001161453, "params": {"C": 35.946943594468664, "epsilon": 1.2735045014147717, "gamma": 0.08427001563297778}, "datetime": {"datetime": "2021-09-24 15:32:27", "elapsed": 223.999641, "delta": 1.770489}}
{"target": -43.94364188713891, "params": {"C": 31.371732975478775, "epsilon": 1.3385270196441006, "gamma": 0.040891829470518816}, "datetime": {"datetime": "2021-09-24 15:32:28", "elapsed": 225.205914, "delta": 1.206273}}
{"target": -43.58452452606035, "params": {"C": 40.13166883564679, "epsilon": 1.2349380008937605, "gamma": 0.024719757087450944}, "datetime": {"datetime": "2021-09-24 15:32:31", "elapsed": 227.451326, "delta": 2.245412}}
{"target": -45.09099071540091, "params": {"C": 40.448356722319716, "epsilon": 1.7607219782890962, "gamma": 0.08037738205649088}, "datetime": {"datetime": "2021-09-24 15:32:33", "elapsed": 229.628293, "delta": 2.176967}}
{"target": -43.33058840549871, "params": {"C": 39.134171727059105, "epsilon": 1.8473867822701662, "gamma": 0.014404646048810713}, "datetime": {"datetime": "2021-09-24 15:32:34", "elapsed": 230.388877, "delta": 0.760584}}
{"target": -46.27733532793144, "params": {"C": 13.486467903609899, "epsilon": 2.3359607054832594, "gamma": 0.09449676961707228}, "datetime": {"datetime": "2021-09-24 15:32:34", "elapsed": 231.216768, "delta": 0.827891}}
{"target": -43.899584006235294, "params": {"C": 39.045275890234755, "epsilon": 1.9621305889199827, "gamma": 0.03809414668874707}, "datetime": {"datetime": "2021-09-24 15:32:36", "elapsed": 232.997887, "delta": 1.781119}}
{"target": -43.56808234277554, "params": {"C": 39.000690143606484, "epsilon": 1.794943092490276, "gamma": 0.0191948804546453}, "datetime": {"datetime": "2021-09-24 15:32:38", "elapsed": 234.610808, "delta": 1.612921}}
{"target": -43.879025812110285, "params": {"C": 40.62839958528235, "epsilon": 1.6309525425850535, "gamma": 0.030393728018076757}, "datetime": {"datetime": "2021-09-24 15:32:40", "elapsed": 236.433404, "delta": 1.822596}}
{"target": -43.40567033684555, "params": {"C": 31.03490202341398, "epsilon": 0.9310362267163509, "gamma": 0.010091201503871265}, "datetime": {"datetime": "2021-09-24 15:32:41", "elapsed": 238.005434, "delta": 1.57203}}
{"target": -43.350246867064996, "params": {"C": 39.145362856436876, "epsilon": 1.6438846006437757, "gamma": 0.004936775214917908}, "datetime": {"datetime": "2021-09-24 15:32:43", "elapsed": 239.673951, "delta": 1.668517}}
{"target": -44.85373676667186, "params": {"C": 39.258760499471855, "epsilon": 1.6546731384977231, "gamma": 0.07093362243690625}, "datetime": {"datetime": "2021-09-24 15:32:45", "elapsed": 241.369954, "delta": 1.696003}}
{"target": -47.92810789336227, "params": {"C": 39.00078177456712, "epsilon": 1.6226125071958177, "gamma": 0.0007}, "datetime": {"datetime": "2021-09-24 15:32:46", "elapsed": 242.865055, "delta": 1.495101}}
{"target": -43.29180252280724, "params": {"C": 36.08937220936288, "epsilon": 1.3823318986069681, "gamma": 0.013600701049893837}, "datetime": {"datetime": "2021-09-24 15:32:48", "elapsed": 244.461223, "delta": 1.596168}}
{"target": -45.02066115924691, "params": {"C": 49.39603241683776, "epsilon": 0.21904327037382618, "gamma": 0.07553818698201542}, "datetime": {"datetime": "2021-09-24 15:32:49", "elapsed": 246.104085, "delta": 1.642862}}
{"target": -47.35966500193126, "params": {"C": 44.67937569638186, "epsilon": 2.016879445345941, "gamma": 0.0007}, "datetime": {"datetime": "2021-09-24 15:32:51", "elapsed": 247.969814, "delta": 1.865729}}
{"target": -44.077582952658716, "params": {"C": 33.78821447755614, "epsilon": 2.137232842572404, "gamma": 0.052294732070626335}, "datetime": {"datetime": "2021-09-24 15:32:52", "elapsed": 248.891017, "delta": 0.921203}}
{"target": -50.569733765626026, "params": {"C": 2.5557038127769607, "epsilon": 3.044379045753746, "gamma": 0.06833865903879505}, "datetime": {"datetime": "2021-09-24 15:32:53", "elapsed": 249.813015, "delta": 0.921998}}
{"target": -43.94264272136488, "params": {"C": 44.57380196704653, "epsilon": 1.7824532924327854, "gamma": 0.04596639975878813}, "datetime": {"datetime": "2021-09-24 15:32:55", "elapsed": 251.94913, "delta": 2.136115}}
{"target": -46.94530754190414, "params": {"C": 4.109108362698761, "epsilon": 3.75701146588623, "gamma": 0.021495563496384595}, "datetime": {"datetime": "2021-09-24 15:32:56", "elapsed": 252.978928, "delta": 1.029798}}
{"target": -47.37800649238855, "params": {"C": 44.483073380004626, "epsilon": 1.8804668391776858, "gamma": 0.0007}, "datetime": {"datetime": "2021-09-24 15:32:58", "elapsed": 254.782728, "delta": 1.8038}}
{"target": -43.364924866709416, "params": {"C": 31.327991059547305, "epsilon": 1.2216546709369769, "gamma": 0.01440313481585796}, "datetime": {"datetime": "2021-09-24 15:33:00", "elapsed": 256.643047, "delta": 1.860319}}
{"target": -45.27524961898137, "params": {"C": 38.93658731460313, "epsilon": 1.8604284051811004, "gamma": 0.08553532951076402}, "datetime": {"datetime": "2021-09-24 15:33:02", "elapsed": 258.4566, "delta": 1.813553}}
{"target": -45.22102130466536, "params": {"C": 39.117165652506905, "epsilon": 1.7649405612913225, "gamma": 0.08365417693313351}, "datetime": {"datetime": "2021-09-24 15:33:04", "elapsed": 260.762357, "delta": 2.305757}}
{"target": -44.27153475359482, "params": {"C": 24.39671165504436, "epsilon": 3.9921717501688843, "gamma": 0.046194309559377734}, "datetime": {"datetime": "2021-09-24 15:33:06", "elapsed": 262.428326, "delta": 1.665969}}
{"target": -45.589923707275304, "params": {"C": 49.25578924174084, "epsilon": 0.0943519717871401, "gamma": 0.09987798281165573}, "datetime": {"datetime": "2021-09-24 15:33:08", "elapsed": 264.538109, "delta": 2.109783}}
{"target": -44.70031805948206, "params": {"C": 48.1315988019062, "epsilon": 0.143276340868272, "gamma": 0.06505138374543454}, "datetime": {"datetime": "2021-09-24 15:33:10", "elapsed": 266.349113, "delta": 1.811004}}
{"target": -43.3384688617847, "params": {"C": 40.79357782646341, "epsilon": 1.7236462207396839, "gamma": 0.00859776858984214}, "datetime": {"datetime": "2021-09-24 15:33:12", "elapsed": 268.249702, "delta": 1.900589}}
{"target": -43.43506386884428, "params": {"C": 36.03741006453561, "epsilon": 1.5027863092477178, "gamma": 0.018518825572133312}, "datetime": {"datetime": "2021-09-24 15:33:14", "elapsed": 270.252778, "delta": 2.003076}}
{"target": -47.03237905566303, "params": {"C": 48.58174553007165, "epsilon": 2.438484607948451, "gamma": 0.0007}, "datetime": {"datetime": "2021-09-24 15:33:16", "elapsed": 272.492781, "delta": 2.240003}}
{"target": -45.1950518913823, "params": {"C": 36.00757042295378, "epsilon": 1.4267224832464362, "gamma": 0.08094874053577909}, "datetime": {"datetime": "2021-09-24 15:33:18", "elapsed": 274.664781, "delta": 2.172}}
{"target": -44.43823067134548, "params": {"C": 49.264646633696124, "epsilon": 2.6999677995781144, "gamma": 0.06483787261369033}, "datetime": {"datetime": "2021-09-24 15:33:20", "elapsed": 276.985305, "delta": 2.320524}}
{"target": -43.39401204605046, "params": {"C": 35.80548475316642, "epsilon": 1.4881660171635425, "gamma": 0.01674588631896797}, "datetime": {"datetime": "2021-09-24 15:33:22", "elapsed": 278.830394, "delta": 1.845089}}
{"target": -44.00804506243417, "params": {"C": 14.414513444891387, "epsilon": 0.036502233860876074, "gamma": 0.02246214677924753}, "datetime": {"datetime": "2021-09-24 15:33:23", "elapsed": 279.990393, "delta": 1.159999}}
{"target": -45.58827518108487, "params": {"C": 32.60060420629113, "epsilon": 3.3570909799758946, "gamma": 0.09500019649129678}, "datetime": {"datetime": "2021-09-24 15:33:26", "elapsed": 282.302391, "delta": 2.311998}}
{"target": -44.96441024414886, "params": {"C": 35.980184995981055, "epsilon": 0.9803223221380473, "gamma": 0.07438358917830994}, "datetime": {"datetime": "2021-09-24 15:33:27", "elapsed": 284.234393, "delta": 1.932002}}
{"target": -45.523569201407504, "params": {"C": 47.40979925138656, "epsilon": 2.5750124690784677, "gamma": 0.1}, "datetime": {"datetime": "2021-09-24 15:33:30", "elapsed": 286.843386, "delta": 2.608993}}
{"target": -45.72192801031659, "params": {"C": 31.01586253565883, "epsilon": 0.9269199574684247, "gamma": 0.0977670486584593}, "datetime": {"datetime": "2021-09-24 15:33:33", "elapsed": 289.24044, "delta": 2.397054}}
{"target": -43.65112678525899, "params": {"C": 49.6069198063717, "epsilon": 2.908902528949357, "gamma": 0.0358013978763064}, "datetime": {"datetime": "2021-09-24 15:33:35", "elapsed": 291.307388, "delta": 2.066948}}
{"target": -43.56956893658976, "params": {"C": 35.933457899770296, "epsilon": 1.5040298956031959, "gamma": 0.004215913553854318}, "datetime": {"datetime": "2021-09-24 15:33:36", "elapsed": 293.16873, "delta": 1.861342}}
{"target": -43.70668186619064, "params": {"C": 31.25244464130372, "epsilon": 1.0890100247080603, "gamma": 0.026028231816563416}, "datetime": {"datetime": "2021-09-24 15:33:39", "elapsed": 295.290446, "delta": 2.121716}}
{"target": -45.69733118951502, "params": {"C": 40.72824740927477, "epsilon": 1.7006620994674224, "gamma": 0.1}, "datetime": {"datetime": "2021-09-24 15:33:40", "elapsed": 297.084093, "delta": 1.793647}}
{"target": -50.64942838613842, "params": {"C": 5.900586827335745, "epsilon": 2.0692745615510773, "gamma": 0.0029358641756089226}, "datetime": {"datetime": "2021-09-24 15:33:42", "elapsed": 298.388092, "delta": 1.303999}}
{"target": -43.57636590362158, "params": {"C": 47.24710063091024, "epsilon": 2.4213191009915214, "gamma": 0.02350916704285804}, "datetime": {"datetime": "2021-09-24 15:33:44", "elapsed": 300.382262, "delta": 1.99417}}
{"target": -45.077450346510545, "params": {"C": 48.93327413848313, "epsilon": 1.666183592963664, "gamma": 0.0840010918423317}, "datetime": {"datetime": "2021-09-24 15:33:45", "elapsed": 301.643935, "delta": 1.261673}}
{"target": -43.4057911613562, "params": {"C": 47.650741430524604, "epsilon": 2.5992430153122776, "gamma": 0.006328846275787538}, "datetime": {"datetime": "2021-09-24 15:33:47", "elapsed": 303.889291, "delta": 2.245356}}
{"target": -43.651955572619705, "params": {"C": 25.464540044970843, "epsilon": 2.260092551980103, "gamma": 0.022922316528807232}, "datetime": {"datetime": "2021-09-24 15:33:48", "elapsed": 304.966286, "delta": 1.076995}}
{"target": -46.79130202625423, "params": {"C": 36.211951025410684, "epsilon": 2.5754822910814967, "gamma": 0.0010375483519523751}, "datetime": {"datetime": "2021-09-24 15:33:49", "elapsed": 306.059171, "delta": 1.092885}}
{"target": -44.107118228763, "params": {"C": 24.58781644346645, "epsilon": 0.037087007305603256, "gamma": 0.05016247622955408}, "datetime": {"datetime": "2021-09-24 15:33:51", "elapsed": 307.280304, "delta": 1.221133}}
{"target": -47.93881299445723, "params": {"C": 39.189735639129175, "epsilon": 1.960077206217542, "gamma": 0.0007}, "datetime": {"datetime": "2021-09-24 15:33:53", "elapsed": 309.501978, "delta": 2.221674}}
{"target": -45.69566857640114, "params": {"C": 35.731588367739974, "epsilon": 0.9889545113501844, "gamma": 0.09823991104332845}, "datetime": {"datetime": "2021-09-24 15:33:55", "elapsed": 311.756203, "delta": 2.254225}}
{"target": -44.48190786683376, "params": {"C": 24.235321513304164, "epsilon": 3.802520177069424, "gamma": 0.050983854702810395}, "datetime": {"datetime": "2021-09-24 15:33:57", "elapsed": 314.065705, "delta": 2.309502}}
{"target": -45.34306076707398, "params": {"C": 48.563963473555816, "epsilon": 3.1497011819491023, "gamma": 0.09381182581730321}, "datetime": {"datetime": "2021-09-24 15:34:00", "elapsed": 316.594243, "delta": 2.528538}}
{"target": -43.41318671554913, "params": {"C": 40.1128826321307, "epsilon": 1.3463456210656808, "gamma": 0.004511457343539894}, "datetime": {"datetime": "2021-09-24 15:34:02", "elapsed": 318.711117, "delta": 2.116874}}
{"target": -43.3565709348894, "params": {"C": 36.91251037737851, "epsilon": 1.733762002706166, "gamma": 0.014681671144049979}, "datetime": {"datetime": "2021-09-24 15:34:04", "elapsed": 321.021902, "delta": 2.310785}}
{"target": -45.057888756561276, "params": {"C": 9.83406247270945, "epsilon": 2.999470991728338, "gamma": 0.046108324875759485}, "datetime": {"datetime": "2021-09-24 15:34:05", "elapsed": 322.113902, "delta": 1.092}}
{"target": -44.12406103194274, "params": {"C": 17.281203964763336, "epsilon": 3.242290658050562, "gamma": 0.036792471065664856}, "datetime": {"datetime": "2021-09-24 15:34:06", "elapsed": 323.213624, "delta": 1.099722}}
{"target": -43.76625455231285, "params": {"C": 47.58382803745346, "epsilon": 2.6865600527121742, "gamma": 0.03938296506575873}, "datetime": {"datetime": "2021-09-24 15:34:08", "elapsed": 325.176599, "delta": 1.962975}}
{"target": -43.802876966547345, "params": {"C": 47.57052901466699, "epsilon": 2.4880248566362573, "gamma": 0.04028999952116008}, "datetime": {"datetime": "2021-09-24 15:34:11", "elapsed": 328.217302, "delta": 3.040703}}
{"target": -43.39866735776457, "params": {"C": 31.273650704257584, "epsilon": 0.9668621803911259, "gamma": 0.009914389597931573}, "datetime": {"datetime": "2021-09-24 15:34:13", "elapsed": 329.43754, "delta": 1.220238}}
{"target": -43.43237668850293, "params": {"C": 28.73724718385611, "epsilon": 0.48813799947727166, "gamma": 0.012044363847847113}, "datetime": {"datetime": "2021-09-24 15:34:14", "elapsed": 330.464539, "delta": 1.026999}}
{"target": -43.60948996833347, "params": {"C": 28.68252835366349, "epsilon": 0.6025518363426032, "gamma": 0.0180977234405766}, "datetime": {"datetime": "2021-09-24 15:34:16", "elapsed": 332.372097, "delta": 1.907558}}
