{"target": -44.51158795772926, "params": {"C": 74.76097668103216, "epsilon": 1.3945407687641311, "gamma": 0.06562218005746726}, "datetime": {"datetime": "2021-09-24 16:26:47", "elapsed": 86.943839, "delta": 0.645561}}
{"target": -43.80934367429349, "params": {"C": 94.48123140178086, "epsilon": 2.1978954263038335, "gamma": 0.008274307462304502}, "datetime": {"datetime": "2021-09-24 16:26:48", "elapsed": 87.813258, "delta": 0.869419}}
{"target": -44.33289624952048, "params": {"C": 59.83227440396735, "epsilon": 2.6191997031461747, "gamma": 0.0643303671364848}, "datetime": {"datetime": "2021-09-24 16:26:49", "elapsed": 88.731073, "delta": 0.917815}}
{"target": -44.45363188691947, "params": {"C": 94.50395821120941, "epsilon": 2.2320694322770414, "gamma": 0.04912616197584729}, "datetime": {"datetime": "2021-09-24 16:26:50", "elapsed": 89.553048, "delta": 0.821975}}
{"target": -44.16711116744096, "params": {"C": 72.59640686812338, "epsilon": 3.707745160249444, "gamma": 0.01625530436244692}, "datetime": {"datetime": "2021-09-24 16:26:50", "elapsed": 90.138872, "delta": 0.585824}}
{"target": -45.339128180114706, "params": {"C": 66.99151767861211, "epsilon": 3.3486493086458182, "gamma": 0.0959020776527365}, "datetime": {"datetime": "2021-09-24 16:26:51", "elapsed": 90.838556, "delta": 0.699684}}
{"target": -44.04151714989447, "params": {"C": 51.802166061945194, "epsilon": 2.724006768382718, "gamma": 0.0397763693542791}, "datetime": {"datetime": "2021-09-24 16:26:52", "elapsed": 92.013468, "delta": 1.174912}}
{"target": -44.69667572959782, "params": {"C": 74.942226417493, "epsilon": 1.982781235636518, "gamma": 0.07046148262530177}, "datetime": {"datetime": "2021-09-24 16:26:53", "elapsed": 93.068531, "delta": 1.055063}}
{"target": -44.11398199823562, "params": {"C": 50.84087298265442, "epsilon": 4.075866644250098, "gamma": 0.005710865905188797}, "datetime": {"datetime": "2021-09-24 16:26:55", "elapsed": 94.39953, "delta": 1.330999}}
{"target": -44.54303255425749, "params": {"C": 59.45567266619442, "epsilon": 2.933012032356233, "gamma": 0.07250896438145228}, "datetime": {"datetime": "2021-09-24 16:26:56", "elapsed": 95.55853, "delta": 1.159}}
{"target": -44.00284252734727, "params": {"C": 59.8699043493054, "epsilon": 2.7939005323113095, "gamma": 0.02770973951800826}, "datetime": {"datetime": "2021-09-24 16:26:57", "elapsed": 96.53058, "delta": 0.97205}}
{"target": -44.11151990011869, "params": {"C": 74.89799415959075, "epsilon": 1.8599758526963934, "gamma": 0.046135559534003764}, "datetime": {"datetime": "2021-09-24 16:26:58", "elapsed": 97.721282, "delta": 1.190702}}
{"target": -44.15101675414299, "params": {"C": 51.906502914748955, "epsilon": 2.6736055891238992, "gamma": 0.0361758193950127}, "datetime": {"datetime": "2021-09-24 16:26:59", "elapsed": 98.655379, "delta": 0.934097}}
{"target": -44.84026297070598, "params": {"C": 51.930509671890746, "epsilon": 2.761417522005172, "gamma": 0.09164051046227852}, "datetime": {"datetime": "2021-09-24 16:27:00", "elapsed": 99.961487, "delta": 1.306108}}
{"target": -44.948747701075675, "params": {"C": 94.483767239829, "epsilon": 2.0967626358099483, "gamma": 0.06755394673936028}, "datetime": {"datetime": "2021-09-24 16:27:01", "elapsed": 101.004272, "delta": 1.042785}}
{"target": -44.390471449242305, "params": {"C": 53.81008933527852, "epsilon": 0.30562355692064747, "gamma": 0.07122178794146593}, "datetime": {"datetime": "2021-09-24 16:27:02", "elapsed": 101.996137, "delta": 0.991865}}
{"target": -45.17072388508052, "params": {"C": 70.4098747627591, "epsilon": 3.0929002106578753, "gamma": 0.08478396798601485}, "datetime": {"datetime": "2021-09-24 16:27:03", "elapsed": 103.056362, "delta": 1.060225}}
{"target": -43.92788675219312, "params": {"C": 51.577310958772316, "epsilon": 1.8616974199592005, "gamma": 0.014481341284096925}, "datetime": {"datetime": "2021-09-24 16:27:04", "elapsed": 104.057652, "delta": 1.00129}}
{"target": -44.1162862004964, "params": {"C": 53.52310655215615, "epsilon": 0.6258314525798159, "gamma": 0.005}, "datetime": {"datetime": "2021-09-24 16:27:05", "elapsed": 105.156428, "delta": 1.098776}}
{"target": -43.94869940005229, "params": {"C": 53.681653217949545, "epsilon": 1.1026926842365683, "gamma": 0.04811195626059461}, "datetime": {"datetime": "2021-09-24 16:27:07", "elapsed": 106.266053, "delta": 1.109625}}
{"target": -44.8136311627734, "params": {"C": 51.55374560162266, "epsilon": 1.8337267826841863, "gamma": 0.09429826807880343}, "datetime": {"datetime": "2021-09-24 16:27:08", "elapsed": 107.337586, "delta": 1.071533}}
{"target": -44.33551295065574, "params": {"C": 94.39665641805804, "epsilon": 2.1994724781888113, "gamma": 0.02219028171719902}, "datetime": {"datetime": "2021-09-24 16:27:09", "elapsed": 108.913123, "delta": 1.575537}}
{"target": -43.821933139183265, "params": {"C": 53.6983144154467, "epsilon": 1.1636489439348865, "gamma": 0.010842484189947772}, "datetime": {"datetime": "2021-09-24 16:27:10", "elapsed": 110.130706, "delta": 1.217583}}
{"target": -45.21558320261546, "params": {"C": 74.58777580698629, "epsilon": 1.502131243440129, "gamma": 0.08534062900955727}, "datetime": {"datetime": "2021-09-24 16:27:11", "elapsed": 110.759739, "delta": 0.629033}}
{"target": -44.02738402819823, "params": {"C": 53.882744045414384, "epsilon": 0.4998886066388686, "gamma": 0.03481127920463498}, "datetime": {"datetime": "2021-09-24 16:27:12", "elapsed": 111.833071, "delta": 1.073332}}
{"target": -44.239812499328806, "params": {"C": 53.87487279003037, "epsilon": 0.18680558473839548, "gamma": 0.06257598878268865}, "datetime": {"datetime": "2021-09-24 16:27:14", "elapsed": 113.223833, "delta": 1.390762}}
{"target": -44.05973193926388, "params": {"C": 59.87865678466086, "epsilon": 2.941186569361011, "gamma": 0.015493560642844437}, "datetime": {"datetime": "2021-09-24 16:27:14", "elapsed": 114.026026, "delta": 0.802193}}
{"target": -43.91922275726926, "params": {"C": 56.33296500699398, "epsilon": 3.6490656310623732, "gamma": 0.014226361032768416}, "datetime": {"datetime": "2021-09-24 16:27:15", "elapsed": 115.096988, "delta": 1.070962}}
{"target": -45.06822296628498, "params": {"C": 79.73848255390024, "epsilon": 3.861029011084008, "gamma": 0.0754673016696762}, "datetime": {"datetime": "2021-09-24 16:27:16", "elapsed": 115.730017, "delta": 0.633029}}
{"target": -43.907147386015765, "params": {"C": 59.803759873655736, "epsilon": 2.939169634954474, "gamma": 0.008925009615994156}, "datetime": {"datetime": "2021-09-24 16:27:17", "elapsed": 116.999455, "delta": 1.269438}}
{"target": -44.06605627833413, "params": {"C": 50.904839874796345, "epsilon": 4.275147996865164, "gamma": 0.005}, "datetime": {"datetime": "2021-09-24 16:27:18", "elapsed": 118.135453, "delta": 1.135998}}
{"target": -43.90974788806152, "params": {"C": 56.2599011174442, "epsilon": 3.6562320199256084, "gamma": 0.0462848894204903}, "datetime": {"datetime": "2021-09-24 16:27:19", "elapsed": 119.144979, "delta": 1.009526}}
{"target": -44.15680882853914, "params": {"C": 56.205561611884335, "epsilon": 3.6971103677722983, "gamma": 0.005}, "datetime": {"datetime": "2021-09-24 16:27:20", "elapsed": 120.14198, "delta": 0.997001}}
{"target": -45.16957183254245, "params": {"C": 64.55208006925983, "epsilon": 1.4019944871656023, "gamma": 0.09239572419993618}, "datetime": {"datetime": "2021-09-24 16:27:21", "elapsed": 120.764021, "delta": 0.622041}}
{"target": -43.939337162196345, "params": {"C": 54.566379944545965, "epsilon": 2.7106783350089336, "gamma": 0.05127281836370543}, "datetime": {"datetime": "2021-09-24 16:27:22", "elapsed": 121.741978, "delta": 0.977957}}
{"target": -44.51327887757644, "params": {"C": 53.91340629275569, "epsilon": 1.8950196263542518, "gamma": 0.07820845433919767}, "datetime": {"datetime": "2021-09-24 16:27:23", "elapsed": 122.40198, "delta": 0.660002}}
{"target": -43.97883475725358, "params": {"C": 88.27302787194203, "epsilon": 2.1702833371385877, "gamma": 0.006139804940357449}, "datetime": {"datetime": "2021-09-24 16:27:24", "elapsed": 123.370603, "delta": 0.968623}}
{"target": -44.14990541655514, "params": {"C": 54.64201029900293, "epsilon": 2.802194870805508, "gamma": 0.017232870715058905}, "datetime": {"datetime": "2021-09-24 16:27:25", "elapsed": 124.610695, "delta": 1.240092}}
{"target": -43.855651243558825, "params": {"C": 96.4354467508042, "epsilon": 0.6480060223931041, "gamma": 0.0064768749623379356}, "datetime": {"datetime": "2021-09-24 16:27:26", "elapsed": 125.239008, "delta": 0.628313}}
{"target": -44.11212268635428, "params": {"C": 83.4549822706287, "epsilon": 2.429947149740105, "gamma": 0.04133035737031525}, "datetime": {"datetime": "2021-09-24 16:27:26", "elapsed": 125.889012, "delta": 0.650004}}
{"target": -44.263549075710706, "params": {"C": 96.26651072608351, "epsilon": 0.9076254232419545, "gamma": 0.03213726282109934}, "datetime": {"datetime": "2021-09-24 16:27:27", "elapsed": 126.540287, "delta": 0.651275}}
{"target": -44.33880375177485, "params": {"C": 96.41487627685294, "epsilon": 0.5688176578592453, "gamma": 0.028283066630031124}, "datetime": {"datetime": "2021-09-24 16:27:28", "elapsed": 127.515166, "delta": 0.974879}}
{"target": -44.22472023692763, "params": {"C": 74.98630997688785, "epsilon": 1.8686618970232955, "gamma": 0.030809300752327358}, "datetime": {"datetime": "2021-09-24 16:27:29", "elapsed": 128.50803, "delta": 0.992864}}
{"target": -45.296845795918465, "params": {"C": 96.49817726988468, "epsilon": 0.6321616902704237, "gamma": 0.07208846680388913}, "datetime": {"datetime": "2021-09-24 16:27:30", "elapsed": 129.508451, "delta": 1.000421}}
{"target": -44.32733792109155, "params": {"C": 96.34388488844331, "epsilon": 0.674621305200833, "gamma": 0.04351921824214487}, "datetime": {"datetime": "2021-09-24 16:27:31", "elapsed": 130.58986, "delta": 1.081409}}
{"target": -43.960004198888214, "params": {"C": 88.91242012965215, "epsilon": 2.0979656033896306, "gamma": 0.018111192091007228}, "datetime": {"datetime": "2021-09-24 16:27:32", "elapsed": 131.306658, "delta": 0.716798}}
{"target": -45.193728474159805, "params": {"C": 62.741293779193775, "epsilon": 2.643150107126156, "gamma": 0.09473507667292917}, "datetime": {"datetime": "2021-09-24 16:27:32", "elapsed": 131.969693, "delta": 0.663035}}
{"target": -44.03492331937968, "params": {"C": 88.83962651695724, "epsilon": 2.040570337659507, "gamma": 0.014040035410810659}, "datetime": {"datetime": "2021-09-24 16:27:34", "elapsed": 133.437522, "delta": 1.467829}}
{"target": -44.09132810385906, "params": {"C": 79.97449418822333, "epsilon": 2.9938520942567366, "gamma": 0.0201005851277406}, "datetime": {"datetime": "2021-09-24 16:27:35", "elapsed": 134.374446, "delta": 0.936924}}
{"target": -44.438058703495585, "params": {"C": 54.60786590293281, "epsilon": 2.6551590939771006, "gamma": 0.07378268732151354}, "datetime": {"datetime": "2021-09-24 16:27:37", "elapsed": 136.232209, "delta": 1.857763}}
{"target": -43.962995503589255, "params": {"C": 53.819414890396736, "epsilon": 1.229989636212488, "gamma": 0.02634033804739396}, "datetime": {"datetime": "2021-09-24 16:27:38", "elapsed": 137.693205, "delta": 1.460996}}
{"target": -44.01357499490296, "params": {"C": 54.48522060466394, "epsilon": 2.670351234162441, "gamma": 0.05442292993013294}, "datetime": {"datetime": "2021-09-24 16:27:39", "elapsed": 139.008213, "delta": 1.315008}}
{"target": -45.874330273610234, "params": {"C": 88.93447722770583, "epsilon": 2.0681992229209856, "gamma": 0.0995750537226225}, "datetime": {"datetime": "2021-09-24 16:27:41", "elapsed": 140.434563, "delta": 1.42635}}
{"target": -44.254648228890716, "params": {"C": 84.09665896448635, "epsilon": 1.9716705049988723, "gamma": 0.02346394086813236}, "datetime": {"datetime": "2021-09-24 16:27:42", "elapsed": 141.387496, "delta": 0.952933}}
{"target": -45.40207793018403, "params": {"C": 96.94410711054681, "epsilon": 1.9920061313164565, "gamma": 0.07470819352401735}, "datetime": {"datetime": "2021-09-24 16:27:43", "elapsed": 142.242509, "delta": 0.855013}}
{"target": -44.49616008441713, "params": {"C": 80.65591384023877, "epsilon": 2.241953429153518, "gamma": 0.058161669094505326}, "datetime": {"datetime": "2021-09-24 16:27:43", "elapsed": 143.189147, "delta": 0.946638}}
{"target": -43.997806385384145, "params": {"C": 54.478522451455014, "epsilon": 2.7655936793516327, "gamma": 0.024444587503422252}, "datetime": {"datetime": "2021-09-24 16:27:45", "elapsed": 144.696812, "delta": 1.507665}}
{"target": -43.875959271671945, "params": {"C": 53.71399659759932, "epsilon": 1.0212011495673496, "gamma": 0.007425479019006}, "datetime": {"datetime": "2021-09-24 16:27:47", "elapsed": 146.889235, "delta": 2.192423}}
{"target": -43.79462867809961, "params": {"C": 53.91578342663988, "epsilon": 1.1602315983992573, "gamma": 0.011964986718378385}, "datetime": {"datetime": "2021-09-24 16:27:49", "elapsed": 148.3704, "delta": 1.481165}}
{"target": -44.068589761884525, "params": {"C": 53.67605540474161, "epsilon": 0.9770108817438026, "gamma": 0.020767277605555138}, "datetime": {"datetime": "2021-09-24 16:27:50", "elapsed": 149.719772, "delta": 1.349372}}
{"target": -43.83651465172985, "params": {"C": 53.17255955377425, "epsilon": 4.228856623142569, "gamma": 0.024895050676299463}, "datetime": {"datetime": "2021-09-24 16:27:51", "elapsed": 150.656745, "delta": 0.936973}}
{"target": -43.908736194862215, "params": {"C": 53.16179983458945, "epsilon": 4.293674534144761, "gamma": 0.012514470492172748}, "datetime": {"datetime": "2021-09-24 16:27:53", "elapsed": 152.499317, "delta": 1.842572}}
{"target": -44.50862249894153, "params": {"C": 53.124514285157225, "epsilon": 4.276842151226526, "gamma": 0.07453813014965047}, "datetime": {"datetime": "2021-09-24 16:27:55", "elapsed": 154.816628, "delta": 2.317311}}
{"target": -43.800800000853584, "params": {"C": 88.83283705030185, "epsilon": 2.2087519946583507, "gamma": 0.007906093017520498}, "datetime": {"datetime": "2021-09-24 16:27:57", "elapsed": 156.240231, "delta": 1.423603}}
{"target": -44.1652475449102, "params": {"C": 88.77663430741191, "epsilon": 2.1553306527836176, "gamma": 0.039955735165794225}, "datetime": {"datetime": "2021-09-24 16:27:59", "elapsed": 158.248395, "delta": 2.008164}}
{"target": -43.81960918671422, "params": {"C": 53.22371204354226, "epsilon": 4.251328108002111, "gamma": 0.02569420920742389}, "datetime": {"datetime": "2021-09-24 16:28:00", "elapsed": 160.194582, "delta": 1.946187}}
{"target": -45.1216150484244, "params": {"C": 88.79124307222483, "epsilon": 2.241355234627294, "gamma": 0.07358693761156611}, "datetime": {"datetime": "2021-09-24 16:28:02", "elapsed": 162.03002, "delta": 1.835438}}
{"target": -44.09193014615297, "params": {"C": 53.21355443777669, "epsilon": 4.185726722975438, "gamma": 0.030951005286285315}, "datetime": {"datetime": "2021-09-24 16:28:04", "elapsed": 163.921113, "delta": 1.891093}}
{"target": -43.91791190128726, "params": {"C": 51.59101538277998, "epsilon": 1.9752696338504139, "gamma": 0.048095527295557994}, "datetime": {"datetime": "2021-09-24 16:28:05", "elapsed": 165.205242, "delta": 1.284129}}
{"target": -43.81813425886113, "params": {"C": 51.66986812808681, "epsilon": 2.000981815757437, "gamma": 0.012992258312482578}, "datetime": {"datetime": "2021-09-24 16:28:07", "elapsed": 166.645631, "delta": 1.440389}}
{"target": -43.99894384417794, "params": {"C": 51.62841046187675, "epsilon": 2.0588742961203175, "gamma": 0.024835827712135876}, "datetime": {"datetime": "2021-09-24 16:28:09", "elapsed": 168.311258, "delta": 1.665627}}
{"target": -44.07266011371821, "params": {"C": 53.75564669961024, "epsilon": 1.0736004528394605, "gamma": 0.019170256929578026}, "datetime": {"datetime": "2021-09-24 16:28:10", "elapsed": 169.832869, "delta": 1.521611}}
{"target": -43.95189452917015, "params": {"C": 53.24535993899147, "epsilon": 4.328887625523226, "gamma": 0.014964549483305781}, "datetime": {"datetime": "2021-09-24 16:28:12", "elapsed": 171.229961, "delta": 1.397092}}
{"target": -44.62299113510708, "params": {"C": 54.521247458170315, "epsilon": 2.7397890534957794, "gamma": 0.0800374869490219}, "datetime": {"datetime": "2021-09-24 16:28:13", "elapsed": 172.651569, "delta": 1.421608}}
{"target": -44.23880556135449, "params": {"C": 63.688279025399375, "epsilon": 0.0772556413107509, "gamma": 0.025819777885483543}, "datetime": {"datetime": "2021-09-24 16:28:14", "elapsed": 173.525707, "delta": 0.874138}}
{"target": -44.293899360615654, "params": {"C": 51.67105197767924, "epsilon": 2.0099991377007944, "gamma": 0.07277099597193018}, "datetime": {"datetime": "2021-09-24 16:28:16", "elapsed": 175.292868, "delta": 1.767161}}
{"target": -44.30354048564498, "params": {"C": 59.67467894072937, "epsilon": 3.1796455180997927, "gamma": 0.06001858664109445}, "datetime": {"datetime": "2021-09-24 16:28:17", "elapsed": 176.793578, "delta": 1.50071}}
{"target": -45.139678637725375, "params": {"C": 59.9468905858549, "epsilon": 2.9248132944716003, "gamma": 0.09554928296501894}, "datetime": {"datetime": "2021-09-24 16:28:19", "elapsed": 178.304329, "delta": 1.510751}}
{"target": -43.88717550138672, "params": {"C": 53.62647557892771, "epsilon": 1.1263099781328798, "gamma": 0.007317577003719413}, "datetime": {"datetime": "2021-09-24 16:28:21", "elapsed": 180.281911, "delta": 1.977582}}
{"target": -44.01963558499573, "params": {"C": 53.603511675512685, "epsilon": 1.0714306165024354, "gamma": 0.053240543367708185}, "datetime": {"datetime": "2021-09-24 16:28:22", "elapsed": 181.957903, "delta": 1.675992}}
{"target": -44.11001452501032, "params": {"C": 88.84848085312038, "epsilon": 2.125714850887261, "gamma": 0.03773203648712595}, "datetime": {"datetime": "2021-09-24 16:28:24", "elapsed": 183.611434, "delta": 1.653531}}
{"target": -44.29662835301797, "params": {"C": 88.93213292013496, "epsilon": 2.2156516201888765, "gamma": 0.02282532090645112}, "datetime": {"datetime": "2021-09-24 16:28:26", "elapsed": 185.713129, "delta": 2.101695}}
{"target": -44.140694236096486, "params": {"C": 81.8508809241353, "epsilon": 2.075423274816734, "gamma": 0.04348673554516241}, "datetime": {"datetime": "2021-09-24 16:28:27", "elapsed": 186.841029, "delta": 1.1279}}
{"target": -44.02751674908876, "params": {"C": 55.00059880340382, "epsilon": 2.345563301680421, "gamma": 0.0071390442767658375}, "datetime": {"datetime": "2021-09-24 16:28:28", "elapsed": 187.891, "delta": 1.049971}}
{"target": -44.437511340405464, "params": {"C": 53.21681510930738, "epsilon": 4.299020697946349, "gamma": 0.06964656416073356}, "datetime": {"datetime": "2021-09-24 16:28:30", "elapsed": 189.543556, "delta": 1.652556}}
{"target": -45.72166208087855, "params": {"C": 98.91150422294197, "epsilon": 1.8957665785463553, "gamma": 0.08469389451179771}, "datetime": {"datetime": "2021-09-24 16:28:31", "elapsed": 190.587418, "delta": 1.043862}}
{"target": -44.005571854044724, "params": {"C": 53.28079539294284, "epsilon": 4.2579003424460575, "gamma": 0.007176148893323466}, "datetime": {"datetime": "2021-09-24 16:28:33", "elapsed": 192.463098, "delta": 1.87568}}
{"target": -44.226300560685495, "params": {"C": 74.96381637241923, "epsilon": 2.558491185207017, "gamma": 0.026260020848305008}, "datetime": {"datetime": "2021-09-24 16:28:34", "elapsed": 193.578191, "delta": 1.115093}}
{"target": -44.05745903699433, "params": {"C": 85.93056227082722, "epsilon": 2.910424823549378, "gamma": 0.005322931454536512}, "datetime": {"datetime": "2021-09-24 16:28:35", "elapsed": 194.49919, "delta": 0.920999}}
{"target": -44.257268420439964, "params": {"C": 74.06920045251678, "epsilon": 0.07790817188005604, "gamma": 0.05232059659423603}, "datetime": {"datetime": "2021-09-24 16:28:36", "elapsed": 195.674192, "delta": 1.175002}}
{"target": -43.80084100894241, "params": {"C": 51.53476073788873, "epsilon": 2.018896594767704, "gamma": 0.009513935871010095}, "datetime": {"datetime": "2021-09-24 16:28:38", "elapsed": 197.547641, "delta": 1.873449}}
{"target": -43.83310066394006, "params": {"C": 51.58090810819383, "epsilon": 1.9407630212597864, "gamma": 0.009782501070434164}, "datetime": {"datetime": "2021-09-24 16:28:39", "elapsed": 199.083086, "delta": 1.535445}}
{"target": -44.73019644083303, "params": {"C": 51.545339616634806, "epsilon": 2.1032728636142406, "gamma": 0.08920126492518317}, "datetime": {"datetime": "2021-09-24 16:28:41", "elapsed": 200.569006, "delta": 1.48592}}
{"target": -43.81653191618274, "params": {"C": 53.879349486935055, "epsilon": 1.1521596071405287, "gamma": 0.012671767393910315}, "datetime": {"datetime": "2021-09-24 16:28:43", "elapsed": 202.552555, "delta": 1.983549}}
{"target": -43.8180537947766, "params": {"C": 55.87446596172439, "epsilon": 1.9174358726925875, "gamma": 0.011852513546223315}, "datetime": {"datetime": "2021-09-24 16:28:44", "elapsed": 203.937103, "delta": 1.384548}}
{"target": -44.07327640022314, "params": {"C": 90.08264592317481, "epsilon": 1.9482292023085301, "gamma": 0.005}, "datetime": {"datetime": "2021-09-24 16:28:46", "elapsed": 205.54823, "delta": 1.611127}}
{"target": -43.92655906903053, "params": {"C": 59.01434946194842, "epsilon": 3.3835406784273396, "gamma": 0.04844200265052519}, "datetime": {"datetime": "2021-09-24 16:28:47", "elapsed": 206.706141, "delta": 1.157911}}
{"target": -43.897131396506026, "params": {"C": 66.61347343343198, "epsilon": 3.654495620948108, "gamma": 0.03952955439313355}, "datetime": {"datetime": "2021-09-24 16:28:48", "elapsed": 207.827204, "delta": 1.121063}}
{"target": -43.925065149965185, "params": {"C": 64.5263180519958, "epsilon": 3.780982345459554, "gamma": 0.009579913421682846}, "datetime": {"datetime": "2021-09-24 16:28:49", "elapsed": 208.92209, "delta": 1.094886}}
{"target": -44.13367288750141, "params": {"C": 54.40238181656758, "epsilon": 2.682326131676986, "gamma": 0.036956260444331944}, "datetime": {"datetime": "2021-09-24 16:28:51", "elapsed": 210.930785, "delta": 2.008695}}
