{"target": -42.88221659068836, "params": {"C": 99.50625157275732, "epsilon": 2.9872471413575625, "gamma": 0.01472034142669516}, "datetime": {"datetime": "2021-09-24 15:49:09", "elapsed": 24.797605, "delta": 0.355341}}
{"target": -43.55230321018512, "params": {"C": 58.9294901208761, "epsilon": 2.005004704578739, "gamma": 0.03603921995243462}, "datetime": {"datetime": "2021-09-24 15:49:09", "elapsed": 25.236416, "delta": 0.438811}}
{"target": -44.19822168502881, "params": {"C": 74.71911914054223, "epsilon": 3.3244573963292865, "gamma": 0.05475022592324927}, "datetime": {"datetime": "2021-09-24 15:49:10", "elapsed": 26.078233, "delta": 0.841817}}
{"target": -44.59032742317986, "params": {"C": 73.08915591296079, "epsilon": 2.8117354620059505, "gamma": 0.06794236862607772}, "datetime": {"datetime": "2021-09-24 15:49:11", "elapsed": 26.504237, "delta": 0.426004}}
{"target": -43.094253843908014, "params": {"C": 93.03035745496837, "epsilon": 2.3167336378795307, "gamma": 0.010896386443129786}, "datetime": {"datetime": "2021-09-24 15:49:11", "elapsed": 26.853328, "delta": 0.349091}}
{"target": -44.973208633750524, "params": {"C": 59.09818738719132, "epsilon": 1.9854247522715525, "gamma": 0.0011057754643360785}, "datetime": {"datetime": "2021-09-24 15:49:11", "elapsed": 27.21074, "delta": 0.357412}}
{"target": -44.36194298664532, "params": {"C": 78.2655260425914, "epsilon": 3.542546217546579, "gamma": 0.001115561605882869}, "datetime": {"datetime": "2021-09-24 15:49:12", "elapsed": 27.655752, "delta": 0.445012}}
{"target": -44.19290680939857, "params": {"C": 69.16540723232, "epsilon": 2.9558369140908405, "gamma": 0.054381052578539764}, "datetime": {"datetime": "2021-09-24 15:49:12", "elapsed": 28.116911, "delta": 0.461159}}
{"target": -43.56007423142178, "params": {"C": 90.59694735862256, "epsilon": 1.9847652356333816, "gamma": 0.038105014735195245}, "datetime": {"datetime": "2021-09-24 15:49:13", "elapsed": 28.599907, "delta": 0.482996}}
{"target": -44.91281158294603, "params": {"C": 94.10963090802298, "epsilon": 1.7419134231097866, "gamma": 0.07264011755620348}, "datetime": {"datetime": "2021-09-24 15:49:13", "elapsed": 29.389893, "delta": 0.789986}}
{"target": -43.05938929497776, "params": {"C": 97.25075683260496, "epsilon": 0.5790523240852614, "gamma": 0.01021759089670471}, "datetime": {"datetime": "2021-09-24 15:49:14", "elapsed": 30.015553, "delta": 0.62566}}
{"target": -43.956325768120536, "params": {"C": 58.39763868048663, "epsilon": 3.421322161689099, "gamma": 0.04766102697778758}, "datetime": {"datetime": "2021-09-24 15:49:15", "elapsed": 30.463554, "delta": 0.448001}}
{"target": -43.9980428496124, "params": {"C": 71.44972122030666, "epsilon": 1.0412537727978373, "gamma": 0.04724115390115504}, "datetime": {"datetime": "2021-09-24 15:49:15", "elapsed": 30.883556, "delta": 0.420002}}
{"target": -45.02778931145562, "params": {"C": 87.86741629735613, "epsilon": 1.5689243087252789, "gamma": 0.07628149519263046}, "datetime": {"datetime": "2021-09-24 15:49:15", "elapsed": 31.30992, "delta": 0.426364}}
{"target": -44.926625302839746, "params": {"C": 52.57932424332321, "epsilon": 1.4593418950075303, "gamma": 0.07936727727383679}, "datetime": {"datetime": "2021-09-24 15:49:16", "elapsed": 31.723921, "delta": 0.414001}}
{"target": -45.31585542808681, "params": {"C": 75.52359131355749, "epsilon": 0.12974882683448052, "gamma": 0.08259319275950089}, "datetime": {"datetime": "2021-09-24 15:49:16", "elapsed": 32.26616, "delta": 0.542239}}
{"target": -43.33189996273192, "params": {"C": 98.42599692379423, "epsilon": 3.9152847819934427, "gamma": 0.0023332495462248643}, "datetime": {"datetime": "2021-09-24 15:49:17", "elapsed": 32.699156, "delta": 0.432996}}
{"target": -45.531891185237065, "params": {"C": 99.68223791521271, "epsilon": 1.9074999800108658, "gamma": 0.08886404659163023}, "datetime": {"datetime": "2021-09-24 15:49:17", "elapsed": 33.202596, "delta": 0.50344}}
{"target": -44.199956078996344, "params": {"C": 54.146955292085714, "epsilon": 3.840428438894668, "gamma": 0.05626310123573015}, "datetime": {"datetime": "2021-09-24 15:49:18", "elapsed": 33.650722, "delta": 0.448126}}
{"target": -44.19734898413331, "params": {"C": 80.88551261383401, "epsilon": 1.2459107303744867, "gamma": 0.05263922579858888}, "datetime": {"datetime": "2021-09-24 15:49:18", "elapsed": 34.040501, "delta": 0.389779}}
{"target": -43.85887977641289, "params": {"C": 62.02321552508433, "epsilon": 1.712915382459606, "gamma": 0.04576669008852084}, "datetime": {"datetime": "2021-09-24 15:49:18", "elapsed": 34.445495, "delta": 0.404994}}
{"target": -43.21349478938645, "params": {"C": 74.21602269331902, "epsilon": 3.7136960442274485, "gamma": 0.011246603237903182}, "datetime": {"datetime": "2021-09-24 15:49:19", "elapsed": 34.883307, "delta": 0.437812}}
{"target": -43.415677243515034, "params": {"C": 56.62229171998718, "epsilon": 1.7993152242848247, "gamma": 0.007180786052768911}, "datetime": {"datetime": "2021-09-24 15:49:20", "elapsed": 35.47473, "delta": 0.591423}}
{"target": -45.33838092514694, "params": {"C": 67.35176266235388, "epsilon": 0.36497414331800027, "gamma": 0.08856526568292934}, "datetime": {"datetime": "2021-09-24 15:49:20", "elapsed": 35.950886, "delta": 0.476156}}
{"target": -43.10095130186386, "params": {"C": 90.157635123884, "epsilon": 1.764381832239032, "gamma": 0.010056397062293812}, "datetime": {"datetime": "2021-09-24 15:49:20", "elapsed": 36.372594, "delta": 0.421708}}
{"target": -43.85168289274866, "params": {"C": 91.543960321666, "epsilon": 1.285843445506412, "gamma": 0.04248823134419564}, "datetime": {"datetime": "2021-09-24 15:49:21", "elapsed": 36.979592, "delta": 0.606998}}
{"target": -43.54612972649678, "params": {"C": 51.183805525193335, "epsilon": 2.996924086694015, "gamma": 0.0230611660262598}, "datetime": {"datetime": "2021-09-24 15:49:22", "elapsed": 37.448525, "delta": 0.468933}}
{"target": -45.24148576907358, "params": {"C": 62.433276770118574, "epsilon": 3.5147214547345342, "gamma": 0.09140962669619708}, "datetime": {"datetime": "2021-09-24 15:49:22", "elapsed": 37.842122, "delta": 0.393597}}
{"target": -45.57360848910159, "params": {"C": 89.86541254224687, "epsilon": 2.3156830620437217, "gamma": 0.09444246684486246}, "datetime": {"datetime": "2021-09-24 15:49:22", "elapsed": 38.268411, "delta": 0.426289}}
{"target": -45.43218903306885, "params": {"C": 67.47796808449233, "epsilon": 2.0032972494958137, "gamma": 0.09379028055452042}, "datetime": {"datetime": "2021-09-24 15:49:23", "elapsed": 38.76841, "delta": 0.499999}}
{"target": -43.29970732369554, "params": {"C": 83.06847604307487, "epsilon": 3.191570211912408, "gamma": 0.026940930658034462}, "datetime": {"datetime": "2021-09-24 15:49:23", "elapsed": 39.251758, "delta": 0.483348}}
{"target": -43.409076003939624, "params": {"C": 57.61651173284426, "epsilon": 2.506996879491239, "gamma": 0.02391671229100528}, "datetime": {"datetime": "2021-09-24 15:49:24", "elapsed": 39.94591, "delta": 0.694152}}
{"target": -44.677512337183074, "params": {"C": 82.17872685602754, "epsilon": 2.5027304018947465, "gamma": 0.06994800235118803}, "datetime": {"datetime": "2021-09-24 15:49:24", "elapsed": 40.329196, "delta": 0.383286}}
{"target": -43.24053704382147, "params": {"C": 72.12413234931928, "epsilon": 3.6088196455893953, "gamma": 0.00965673038838126}, "datetime": {"datetime": "2021-09-24 15:49:25", "elapsed": 40.75419, "delta": 0.424994}}
{"target": -43.31942643886801, "params": {"C": 82.35219765544382, "epsilon": 2.166597899323284, "gamma": 0.03322883946953491}, "datetime": {"datetime": "2021-09-24 15:49:25", "elapsed": 41.237102, "delta": 0.482912}}
{"target": -44.35083272828081, "params": {"C": 88.26284779241819, "epsilon": 0.3812069086452059, "gamma": 0.05366117676128973}, "datetime": {"datetime": "2021-09-24 15:49:26", "elapsed": 41.7791, "delta": 0.541998}}
{"target": -44.05995067022879, "params": {"C": 98.0013923883283, "epsilon": 3.029597373698723, "gamma": 0.04685834820642286}, "datetime": {"datetime": "2021-09-24 15:49:26", "elapsed": 42.272061, "delta": 0.492961}}
{"target": -45.413548332755646, "params": {"C": 72.4812516526965, "epsilon": 3.65507999921086, "gamma": 0.09484827667029608}, "datetime": {"datetime": "2021-09-24 15:49:27", "elapsed": 42.782056, "delta": 0.509995}}
{"target": -44.256821602412096, "params": {"C": 55.673705090089925, "epsilon": 3.2355886205194047, "gamma": 0.058447376276344526}, "datetime": {"datetime": "2021-09-24 15:49:27", "elapsed": 43.204124, "delta": 0.422068}}
{"target": -45.43709191454478, "params": {"C": 99.71375490564864, "epsilon": 3.4428823425728674, "gamma": 0.09078809445016456}, "datetime": {"datetime": "2021-09-24 15:49:28", "elapsed": 43.717126, "delta": 0.513002}}
{"target": -44.062567845426116, "params": {"C": 86.30989318324208, "epsilon": 2.2754709417809535, "gamma": 0.04807032299220112}, "datetime": {"datetime": "2021-09-24 15:49:28", "elapsed": 44.264161, "delta": 0.547035}}
{"target": -43.47628089191669, "params": {"C": 71.22670181460305, "epsilon": 1.1847016080498374, "gamma": 0.035336753604855435}, "datetime": {"datetime": "2021-09-24 15:49:29", "elapsed": 44.777179, "delta": 0.513018}}
{"target": -43.73333951584412, "params": {"C": 62.7895214602381, "epsilon": 0.7925634394356539, "gamma": 0.042520283556240566}, "datetime": {"datetime": "2021-09-24 15:49:29", "elapsed": 45.399232, "delta": 0.622053}}
{"target": -43.75682193845324, "params": {"C": 71.38634334053978, "epsilon": 0.4201594259561233, "gamma": 0.04274064786240006}, "datetime": {"datetime": "2021-09-24 15:49:30", "elapsed": 45.880909, "delta": 0.481677}}
{"target": -45.85030881930839, "params": {"C": 90.42056773249311, "epsilon": 0.8279245970078358, "gamma": 0.09935331847533829}, "datetime": {"datetime": "2021-09-24 15:49:31", "elapsed": 46.475745, "delta": 0.594836}}
{"target": -44.459066693153865, "params": {"C": 77.2116034603437, "epsilon": 1.2721561958449814, "gamma": 0.05973107424134388}, "datetime": {"datetime": "2021-09-24 15:49:31", "elapsed": 47.041745, "delta": 0.566}}
{"target": -43.4996867443696, "params": {"C": 94.85849239050336, "epsilon": 3.034381960362839, "gamma": 0.03595026051979164}, "datetime": {"datetime": "2021-09-24 15:49:32", "elapsed": 47.524175, "delta": 0.48243}}
{"target": -43.68406576339369, "params": {"C": 70.33547103264883, "epsilon": 2.7654301746386727, "gamma": 0.04287841275430353}, "datetime": {"datetime": "2021-09-24 15:49:32", "elapsed": 48.081333, "delta": 0.557158}}
{"target": -43.38199326939855, "params": {"C": 56.28813638810063, "epsilon": 1.0284398646312705, "gamma": 0.0153116186398355}, "datetime": {"datetime": "2021-09-24 15:49:33", "elapsed": 48.68033, "delta": 0.598997}}
{"target": -44.63247943176078, "params": {"C": 90.03278390346692, "epsilon": 1.145931837859396, "gamma": 0.060219080500088194}, "datetime": {"datetime": "2021-09-24 15:49:33", "elapsed": 49.397132, "delta": 0.716802}}
{"target": -45.3345427903893, "params": {"C": 76.40758352335759, "epsilon": 3.098392024150643, "gamma": 0.09044200932778683}, "datetime": {"datetime": "2021-09-24 15:49:34", "elapsed": 49.92924, "delta": 0.532108}}
{"target": -44.698342412033675, "params": {"C": 78.82509851981393, "epsilon": 0.146760436979805, "gamma": 0.06314447367794067}, "datetime": {"datetime": "2021-09-24 15:49:34", "elapsed": 50.408993, "delta": 0.479753}}
{"target": -45.64145098235219, "params": {"C": 66.50257101905152, "epsilon": 0.6348037566144173, "gamma": 0.09762487924685112}, "datetime": {"datetime": "2021-09-24 15:49:35", "elapsed": 51.062995, "delta": 0.654002}}
{"target": -44.48426463496905, "params": {"C": 76.482083210708, "epsilon": 3.1897508770646428, "gamma": 0.06439950030171265}, "datetime": {"datetime": "2021-09-24 15:49:36", "elapsed": 51.620053, "delta": 0.557058}}
{"target": -44.92629444058598, "params": {"C": 84.99066760704652, "epsilon": 0.5438315880138135, "gamma": 0.0693781548571375}, "datetime": {"datetime": "2021-09-24 15:49:36", "elapsed": 52.287912, "delta": 0.667859}}
{"target": -43.38559976308166, "params": {"C": 73.50939976664377, "epsilon": 2.150924289598992, "gamma": 0.027676101246539242}, "datetime": {"datetime": "2021-09-24 15:49:37", "elapsed": 53.08864, "delta": 0.800728}}
{"target": -43.092146305515904, "params": {"C": 73.26706249129936, "epsilon": 0.44233724710864497, "gamma": 0.014435519428802713}, "datetime": {"datetime": "2021-09-24 15:49:38", "elapsed": 53.802868, "delta": 0.714228}}
{"target": -43.12051437575107, "params": {"C": 83.53533911978882, "epsilon": 3.1700091648079636, "gamma": 0.019302085959295414}, "datetime": {"datetime": "2021-09-24 15:49:38", "elapsed": 54.403238, "delta": 0.60037}}
{"target": -43.51360536160213, "params": {"C": 50.40111282147184, "epsilon": 0.6634737071058079, "gamma": 0.025430318241949003}, "datetime": {"datetime": "2021-09-24 15:49:39", "elapsed": 55.246657, "delta": 0.843419}}
{"target": -43.52554140744476, "params": {"C": 69.1332374270165, "epsilon": 1.590231655706134, "gamma": 0.03708573541782845}, "datetime": {"datetime": "2021-09-24 15:49:40", "elapsed": 56.033049, "delta": 0.786392}}
{"target": -44.4870436589492, "params": {"C": 64.49354863578479, "epsilon": 1.6724413118091312, "gamma": 0.0633725393732224}, "datetime": {"datetime": "2021-09-24 15:49:41", "elapsed": 56.692047, "delta": 0.658998}}
{"target": -43.447767434808284, "params": {"C": 60.573456681037044, "epsilon": 1.0736665601963802, "gamma": 0.002727479888826408}, "datetime": {"datetime": "2021-09-24 15:49:41", "elapsed": 57.363881, "delta": 0.671834}}
{"target": -44.30493558326384, "params": {"C": 64.57824330045983, "epsilon": 3.149300000118635, "gamma": 0.05941853765388664}, "datetime": {"datetime": "2021-09-24 15:49:42", "elapsed": 57.976507, "delta": 0.612626}}
{"target": -44.82660652670922, "params": {"C": 85.93679696547572, "epsilon": 1.4847530435375116, "gamma": 0.07098397315901414}, "datetime": {"datetime": "2021-09-24 15:49:43", "elapsed": 58.532701, "delta": 0.556194}}
{"target": -45.36007952948816, "params": {"C": 62.77649864678944, "epsilon": 0.4780555886255591, "gamma": 0.09160894758548756}, "datetime": {"datetime": "2021-09-24 15:49:43", "elapsed": 59.150415, "delta": 0.617714}}
{"target": -44.172493361344216, "params": {"C": 93.03896751423314, "epsilon": 1.8015414836432755, "gamma": 0.04925550436662615}, "datetime": {"datetime": "2021-09-24 15:49:44", "elapsed": 59.733292, "delta": 0.582877}}
{"target": -45.4691381201871, "params": {"C": 66.41116596378363, "epsilon": 0.08803528455996479, "gamma": 0.0922463508386913}, "datetime": {"datetime": "2021-09-24 15:49:44", "elapsed": 60.243746, "delta": 0.510454}}
{"target": -43.62679549362841, "params": {"C": 52.47086088445606, "epsilon": 2.3863366321392845, "gamma": 0.036192921670334506}, "datetime": {"datetime": "2021-09-24 15:49:45", "elapsed": 60.852751, "delta": 0.609005}}
{"target": -44.43206706152455, "params": {"C": 85.91990890241799, "epsilon": 1.5314311634688957, "gamma": 0.056933615557916394}, "datetime": {"datetime": "2021-09-24 15:49:45", "elapsed": 61.402572, "delta": 0.549821}}
{"target": -43.56933679550929, "params": {"C": 55.9875112460511, "epsilon": 1.6373926440595095, "gamma": 0.02936976980712822}, "datetime": {"datetime": "2021-09-24 15:49:46", "elapsed": 62.135854, "delta": 0.733282}}
{"target": -45.44080738214206, "params": {"C": 95.98337237960297, "epsilon": 2.5423696254627335, "gamma": 0.08886133321058025}, "datetime": {"datetime": "2021-09-24 15:49:47", "elapsed": 62.813855, "delta": 0.678001}}
{"target": -44.57307891728825, "params": {"C": 50.1506521428035, "epsilon": 3.300686992705425, "gamma": 0.07140430527978225}, "datetime": {"datetime": "2021-09-24 15:49:47", "elapsed": 63.362602, "delta": 0.548747}}
{"target": -45.51083803068623, "params": {"C": 86.92215210740066, "epsilon": 3.2568497892025388, "gamma": 0.09601068099221105}, "datetime": {"datetime": "2021-09-24 15:49:48", "elapsed": 64.08724, "delta": 0.724638}}
{"target": -44.66690773513338, "params": {"C": 73.25390652436617, "epsilon": 0.4387011250005931, "gamma": 0.06425354969366037}, "datetime": {"datetime": "2021-09-24 15:49:49", "elapsed": 65.006012, "delta": 0.918772}}
{"target": -43.65566833074301, "params": {"C": 56.33912787426436, "epsilon": 3.296840589453197, "gamma": 0.04026105831968303}, "datetime": {"datetime": "2021-09-24 15:49:50", "elapsed": 65.688923, "delta": 0.682911}}
{"target": -44.01799697133443, "params": {"C": 99.50898689116414, "epsilon": 2.9493265334001255, "gamma": 0.045732672224840405}, "datetime": {"datetime": "2021-09-24 15:49:50", "elapsed": 66.441192, "delta": 0.752269}}
{"target": -43.27631697284092, "params": {"C": 90.56037969122471, "epsilon": 1.4483099235089079, "gamma": 0.03095781628015468}, "datetime": {"datetime": "2021-09-24 15:49:51", "elapsed": 67.18919, "delta": 0.747998}}
{"target": -43.69778000003137, "params": {"C": 51.648765338999404, "epsilon": 1.6668509007718906, "gamma": 0.036841774499086155}, "datetime": {"datetime": "2021-09-24 15:49:52", "elapsed": 67.879412, "delta": 0.690222}}
{"target": -43.432706453793635, "params": {"C": 66.80265049946834, "epsilon": 0.6206870804877337, "gamma": 0.031600812282285305}, "datetime": {"datetime": "2021-09-24 15:49:53", "elapsed": 68.906222, "delta": 1.02681}}
{"target": -43.28213629589983, "params": {"C": 73.63615870645994, "epsilon": 3.25468020437099, "gamma": 0.003977319775353558}, "datetime": {"datetime": "2021-09-24 15:49:54", "elapsed": 69.774604, "delta": 0.868382}}
{"target": -43.86870525451362, "params": {"C": 98.25297284221242, "epsilon": 2.499513961692179, "gamma": 0.043234397167173984}, "datetime": {"datetime": "2021-09-24 15:49:55", "elapsed": 70.709063, "delta": 0.934459}}
{"target": -43.59259537769852, "params": {"C": 66.80043821570699, "epsilon": 0.6076134620669603, "gamma": 0.03896384249400634}, "datetime": {"datetime": "2021-09-24 15:49:55", "elapsed": 71.435214, "delta": 0.726151}}
{"target": -43.09178632122447, "params": {"C": 90.83020076382864, "epsilon": 0.7820382190487937, "gamma": 0.011563115202617909}, "datetime": {"datetime": "2021-09-24 15:49:56", "elapsed": 72.396068, "delta": 0.960854}}
{"target": -42.89389516122485, "params": {"C": 80.99910341012873, "epsilon": 1.1151516846419618, "gamma": 0.017737427497351032}, "datetime": {"datetime": "2021-09-24 15:49:57", "elapsed": 73.010069, "delta": 0.614001}}
{"target": -43.54715775092386, "params": {"C": 89.39045998351551, "epsilon": 1.1978105782422515, "gamma": 0.03800718952084425}, "datetime": {"datetime": "2021-09-24 15:49:58", "elapsed": 73.651781, "delta": 0.641712}}
{"target": -44.31155408556887, "params": {"C": 81.02055105793241, "epsilon": 1.0770419480248068, "gamma": 0.05578677402778158}, "datetime": {"datetime": "2021-09-24 15:49:59", "elapsed": 74.760467, "delta": 1.108686}}
{"target": -43.342401494930535, "params": {"C": 53.87015143967951, "epsilon": 1.067443617844719, "gamma": 0.02296385644995433}, "datetime": {"datetime": "2021-09-24 15:49:59", "elapsed": 75.444875, "delta": 0.684408}}
{"target": -43.789855814432684, "params": {"C": 88.83763704725317, "epsilon": 3.40655228370496, "gamma": 0.0014095563390075516}, "datetime": {"datetime": "2021-09-24 15:50:01", "elapsed": 76.585038, "delta": 1.140163}}
{"target": -43.31276226470433, "params": {"C": 66.74461519534643, "epsilon": 0.656476324720142, "gamma": 0.02587834595112699}, "datetime": {"datetime": "2021-09-24 15:50:02", "elapsed": 77.634055, "delta": 1.049017}}
{"target": -43.322271072403, "params": {"C": 51.89502788685968, "epsilon": 2.437049071450818, "gamma": 0.010529255531822854}, "datetime": {"datetime": "2021-09-24 15:50:02", "elapsed": 78.242198, "delta": 0.608143}}
{"target": -44.22208179719683, "params": {"C": 81.02125284324887, "epsilon": 1.1584347075350228, "gamma": 0.05343649463879592}, "datetime": {"datetime": "2021-09-24 15:50:03", "elapsed": 79.429691, "delta": 1.187493}}
{"target": -43.372110323564556, "params": {"C": 54.53797584326354, "epsilon": 2.470929611710089, "gamma": 0.01979862812565079}, "datetime": {"datetime": "2021-09-24 15:50:04", "elapsed": 80.166791, "delta": 0.7371}}
{"target": -43.16670661683114, "params": {"C": 62.15831962690487, "epsilon": 1.9833611668868678, "gamma": 0.018154742677819715}, "datetime": {"datetime": "2021-09-24 15:50:05", "elapsed": 81.348182, "delta": 1.181391}}
{"target": -43.09873069892874, "params": {"C": 74.92409164570728, "epsilon": 1.6855872049241658, "gamma": 0.015235918730662568}, "datetime": {"datetime": "2021-09-24 15:50:06", "elapsed": 82.004666, "delta": 0.656484}}
{"target": -43.12473579925902, "params": {"C": 90.21161678619174, "epsilon": 1.7781424608618634, "gamma": 0.02194681692329712}, "datetime": {"datetime": "2021-09-24 15:50:07", "elapsed": 83.189226, "delta": 1.18456}}
{"target": -43.93954448988466, "params": {"C": 53.82991337852902, "epsilon": 1.0375940454855335, "gamma": 0.04687162089798066}, "datetime": {"datetime": "2021-09-24 15:50:08", "elapsed": 84.284352, "delta": 1.095126}}
{"target": -43.05625918361775, "params": {"C": 99.55314895942276, "epsilon": 3.006233882111936, "gamma": 0.0195442924544977}, "datetime": {"datetime": "2021-09-24 15:50:09", "elapsed": 85.159847, "delta": 0.875495}}
{"target": -43.336861305941426, "params": {"C": 73.32978328223254, "epsilon": 0.4110540015798879, "gamma": 0.005561197031406769}, "datetime": {"datetime": "2021-09-24 15:50:10", "elapsed": 86.18438, "delta": 1.024533}}
{"target": -42.9719541598665, "params": {"C": 97.2774012613027, "epsilon": 2.547416451314815, "gamma": 0.019342334835285566}, "datetime": {"datetime": "2021-09-24 15:50:11", "elapsed": 86.76038, "delta": 0.576}}
{"target": -45.426206957723835, "params": {"C": 64.1233515351932, "epsilon": 1.6646640700446946, "gamma": 0.09456747518807021}, "datetime": {"datetime": "2021-09-24 15:50:11", "elapsed": 87.36837, "delta": 0.60799}}
{"target": -43.34953607414727, "params": {"C": 99.52725166517119, "epsilon": 3.0343632370990212, "gamma": 0.0021203004733895588}, "datetime": {"datetime": "2021-09-24 15:50:13", "elapsed": 88.489401, "delta": 1.121031}}
