{"target": -44.67641946910688, "params": {"C": 118.02869892389684, "epsilon": 3.7575294683175584, "gamma": 0.046271139604231515}, "datetime": {"datetime": "2021-09-24 16:42:56", "elapsed": 245.628889, "delta": 1.58389}}
{"target": -44.52348192885784, "params": {"C": 133.22694686686395, "epsilon": 4.059066232793267, "gamma": 0.036983430367581276}, "datetime": {"datetime": "2021-09-24 16:42:58", "elapsed": 247.053235, "delta": 1.424346}}
{"target": -43.824349827301845, "params": {"C": 129.0526361039916, "epsilon": 4.199829111312777, "gamma": 0.005772751881543176}, "datetime": {"datetime": "2021-09-24 16:42:59", "elapsed": 248.597067, "delta": 1.543832}}
{"target": -43.864112559457574, "params": {"C": 113.35759113355547, "epsilon": 2.6130778455149173, "gamma": 0.009989462603268589}, "datetime": {"datetime": "2021-09-24 16:43:01", "elapsed": 250.583732, "delta": 1.986665}}
{"target": -44.54293356524709, "params": {"C": 113.26872452254183, "epsilon": 2.0387961599515596, "gamma": 0.001381034187419792}, "datetime": {"datetime": "2021-09-24 16:43:03", "elapsed": 252.542526, "delta": 1.958794}}
{"target": -44.315314676808974, "params": {"C": 156.6066269058288, "epsilon": 0.6389219993508688, "gamma": 0.012310090845285643}, "datetime": {"datetime": "2021-09-24 16:43:05", "elapsed": 254.020084, "delta": 1.477558}}
{"target": -44.6901349171307, "params": {"C": 119.81666313787235, "epsilon": 3.2437705200749822, "gamma": 0.04946562917904886}, "datetime": {"datetime": "2021-09-24 16:43:06", "elapsed": 255.641625, "delta": 1.621541}}
{"target": -45.33454263837972, "params": {"C": 110.02429925914996, "epsilon": 2.5833302656830273, "gamma": 0.06645106313876756}, "datetime": {"datetime": "2021-09-24 16:43:09", "elapsed": 258.189384, "delta": 2.547759}}
{"target": -45.97512716027762, "params": {"C": 129.0424314955156, "epsilon": 4.195162519883538, "gamma": 0.07896179203946116}, "datetime": {"datetime": "2021-09-24 16:43:11", "elapsed": 260.26709, "delta": 2.077706}}
{"target": -44.5438587650617, "params": {"C": 149.1816521006059, "epsilon": 0.7902052119660801, "gamma": 0.019719140089598672}, "datetime": {"datetime": "2021-09-24 16:43:12", "elapsed": 261.551101, "delta": 1.284011}}
{"target": -44.58213446515913, "params": {"C": 120.66695671631845, "epsilon": 3.1519101653474384, "gamma": 0.04091414242918063}, "datetime": {"datetime": "2021-09-24 16:43:15", "elapsed": 264.077554, "delta": 2.526453}}
{"target": -44.40226228315826, "params": {"C": 188.95550797432756, "epsilon": 2.4852414932071496, "gamma": 0.001}, "datetime": {"datetime": "2021-09-24 16:43:17", "elapsed": 266.18704, "delta": 2.109486}}
{"target": -45.48509862769952, "params": {"C": 113.39401037622692, "epsilon": 2.6756148281781207, "gamma": 0.06771926590652019}, "datetime": {"datetime": "2021-09-24 16:43:20", "elapsed": 268.934117, "delta": 2.747077}}
{"target": -45.98123890099088, "params": {"C": 118.8086377005875, "epsilon": 3.8221293823830664, "gamma": 0.08411686067879286}, "datetime": {"datetime": "2021-09-24 16:43:21", "elapsed": 270.331875, "delta": 1.397758}}
{"target": -44.31952160666703, "params": {"C": 147.16889524610156, "epsilon": 4.130924565439839, "gamma": 0.03153075715156939}, "datetime": {"datetime": "2021-09-24 16:43:24", "elapsed": 273.235278, "delta": 2.903403}}
{"target": -43.970591193112625, "params": {"C": 117.87675224061658, "epsilon": 1.9738107373506433, "gamma": 0.01044720337140978}, "datetime": {"datetime": "2021-09-24 16:43:26", "elapsed": 275.158786, "delta": 1.923508}}
{"target": -44.25163097755628, "params": {"C": 110.17339694798923, "epsilon": 3.727235252457567, "gamma": 0.019879923816008026}, "datetime": {"datetime": "2021-09-24 16:43:28", "elapsed": 277.604767, "delta": 2.445981}}
{"target": -43.964630210104794, "params": {"C": 129.11226354639308, "epsilon": 4.1993514638600296, "gamma": 0.00509573779631737}, "datetime": {"datetime": "2021-09-24 16:43:31", "elapsed": 280.559285, "delta": 2.954518}}
{"target": -44.39749067852815, "params": {"C": 188.8468494428696, "epsilon": 2.5327909163928104, "gamma": 0.001}, "datetime": {"datetime": "2021-09-24 16:43:34", "elapsed": 282.74469, "delta": 2.185405}}
{"target": -46.647172558998626, "params": {"C": 156.6372795759093, "epsilon": 0.647223127075421, "gamma": 0.09422046132348852}, "datetime": {"datetime": "2021-09-24 16:43:36", "elapsed": 285.541222, "delta": 2.796532}}
{"target": -44.64590727010098, "params": {"C": 149.8733364464776, "epsilon": 2.9157672373328576, "gamma": 0.037701485392124624}, "datetime": {"datetime": "2021-09-24 16:43:39", "elapsed": 287.984963, "delta": 2.443741}}
{"target": -44.12932238770074, "params": {"C": 113.30476452029653, "epsilon": 2.5728525349069464, "gamma": 0.03189142930670625}, "datetime": {"datetime": "2021-09-24 16:43:41", "elapsed": 290.261055, "delta": 2.276092}}
{"target": -44.368944973068814, "params": {"C": 117.80012203413513, "epsilon": 1.45805450297876, "gamma": 0.026568802575833276}, "datetime": {"datetime": "2021-09-24 16:43:43", "elapsed": 292.163887, "delta": 1.902832}}
{"target": -44.144712053671235, "params": {"C": 114.92118544612731, "epsilon": 3.802268269986084, "gamma": 0.03355815297231239}, "datetime": {"datetime": "2021-09-24 16:43:45", "elapsed": 293.720859, "delta": 1.556972}}
{"target": -44.060813154823926, "params": {"C": 117.78856371656974, "epsilon": 1.9864360461589066, "gamma": 0.004449712608957488}, "datetime": {"datetime": "2021-09-24 16:43:47", "elapsed": 296.045767, "delta": 2.324908}}
{"target": -44.44992686133109, "params": {"C": 148.7067923716932, "epsilon": 4.415739173845002, "gamma": 0.023060021838837465}, "datetime": {"datetime": "2021-09-24 16:43:49", "elapsed": 298.238066, "delta": 2.192299}}
{"target": -44.23706366047307, "params": {"C": 103.2330302093461, "epsilon": 2.1127567526037496, "gamma": 0.03699357372083168}, "datetime": {"datetime": "2021-09-24 16:43:52", "elapsed": 300.729852, "delta": 2.491786}}
{"target": -44.47199014823126, "params": {"C": 143.35812896232744, "epsilon": 2.8604379763308048, "gamma": 0.019914565286304465}, "datetime": {"datetime": "2021-09-24 16:43:54", "elapsed": 302.857753, "delta": 2.127901}}
{"target": -44.159465297168815, "params": {"C": 129.05711854506256, "epsilon": 4.202933845876202, "gamma": 0.012753331861204371}, "datetime": {"datetime": "2021-09-24 16:43:55", "elapsed": 304.42937, "delta": 1.571617}}
{"target": -46.045889335327914, "params": {"C": 114.93186263764494, "epsilon": 3.8402105913986864, "gamma": 0.08837535937542748}, "datetime": {"datetime": "2021-09-24 16:43:57", "elapsed": 306.670785, "delta": 2.241415}}
{"target": -46.36711248662975, "params": {"C": 154.596118123539, "epsilon": 3.284786479436183, "gamma": 0.08720673066725719}, "datetime": {"datetime": "2021-09-24 16:43:59", "elapsed": 308.421554, "delta": 1.750769}}
{"target": -44.099790000382995, "params": {"C": 117.7491496662908, "epsilon": 2.044601020812536, "gamma": 0.015582531411263957}, "datetime": {"datetime": "2021-09-24 16:44:02", "elapsed": 311.36545, "delta": 2.943896}}
{"target": -44.243635428704934, "params": {"C": 117.79599785023076, "epsilon": 1.899324334807904, "gamma": 0.0325273678538643}, "datetime": {"datetime": "2021-09-24 16:44:06", "elapsed": 315.135162, "delta": 3.769712}}
{"target": -43.93095906584923, "params": {"C": 114.9434350516746, "epsilon": 3.7432425361828865, "gamma": 0.009880781151827441}, "datetime": {"datetime": "2021-09-24 16:44:08", "elapsed": 317.629368, "delta": 2.494206}}
{"target": -43.978100999212245, "params": {"C": 117.56730853994559, "epsilon": 1.8212142736200503, "gamma": 0.005872398051577905}, "datetime": {"datetime": "2021-09-24 16:44:11", "elapsed": 319.758443, "delta": 2.129075}}
{"target": -44.21358526015031, "params": {"C": 113.23863785930779, "epsilon": 2.6642736464723575, "gamma": 0.034905200651866954}, "datetime": {"datetime": "2021-09-24 16:44:13", "elapsed": 322.371711, "delta": 2.613268}}
{"target": -44.4726707813358, "params": {"C": 117.84973079128707, "epsilon": 2.0392796100331254, "gamma": 0.042665175597191504}, "datetime": {"datetime": "2021-09-24 16:44:16", "elapsed": 325.12853, "delta": 2.756819}}
{"target": -44.26214956328818, "params": {"C": 115.00065390231286, "epsilon": 3.747586752042796, "gamma": 0.01845418693739633}, "datetime": {"datetime": "2021-09-24 16:44:18", "elapsed": 327.686676, "delta": 2.558146}}
{"target": -44.818257784559954, "params": {"C": 126.32290105834672, "epsilon": 4.27971158823898, "gamma": 0.0495255168825101}, "datetime": {"datetime": "2021-09-24 16:44:20", "elapsed": 329.153943, "delta": 1.467267}}
{"target": -44.013020325874216, "params": {"C": 118.15438364225453, "epsilon": 1.7748192603351955, "gamma": 0.011401210859199266}, "datetime": {"datetime": "2021-09-24 16:44:22", "elapsed": 331.274049, "delta": 2.120106}}
{"target": -44.86579921490676, "params": {"C": 127.88365354391759, "epsilon": 1.1328921449051255, "gamma": 0.052951336603494194}, "datetime": {"datetime": "2021-09-24 16:44:24", "elapsed": 333.039931, "delta": 1.765882}}
{"target": -46.69658030045233, "params": {"C": 159.79682714051188, "epsilon": 0.28700316817734783, "gamma": 0.0870219863949299}, "datetime": {"datetime": "2021-09-24 16:44:25", "elapsed": 334.714561, "delta": 1.67463}}
{"target": -44.55714317316678, "params": {"C": 113.19860047423794, "epsilon": 2.5936018073018556, "gamma": 0.047920732419910635}, "datetime": {"datetime": "2021-09-24 16:44:30", "elapsed": 338.854325, "delta": 4.139764}}
{"target": -46.25142577191117, "params": {"C": 145.16416669077174, "epsilon": 4.076238307914485, "gamma": 0.08856480209379755}, "datetime": {"datetime": "2021-09-24 16:44:34", "elapsed": 342.796477, "delta": 3.942152}}
{"target": -46.17726173471322, "params": {"C": 109.07503673005698, "epsilon": 3.1211204622619193, "gamma": 0.096769777547958}, "datetime": {"datetime": "2021-09-24 16:44:36", "elapsed": 345.526118, "delta": 2.729641}}
{"target": -44.413816909308025, "params": {"C": 129.2006367846105, "epsilon": 0.5267035282906074, "gamma": 0.032765329482759294}, "datetime": {"datetime": "2021-09-24 16:44:38", "elapsed": 347.356089, "delta": 1.829971}}
{"target": -44.10206948704178, "params": {"C": 128.9978836879977, "epsilon": 4.16905215749725, "gamma": 0.004583405609304959}, "datetime": {"datetime": "2021-09-24 16:44:41", "elapsed": 350.032843, "delta": 2.676754}}
{"target": -44.20335400437173, "params": {"C": 129.14345404513, "epsilon": 4.151384889320536, "gamma": 0.032640904646632975}, "datetime": {"datetime": "2021-09-24 16:44:43", "elapsed": 352.678719, "delta": 2.645876}}
{"target": -44.08604722305276, "params": {"C": 114.83166402187543, "epsilon": 3.7295820602877274, "gamma": 0.014394651444839288}, "datetime": {"datetime": "2021-09-24 16:44:46", "elapsed": 355.713611, "delta": 3.034892}}
{"target": -46.43662754526679, "params": {"C": 137.40276687343797, "epsilon": 1.8634204399585017, "gamma": 0.09390365038479616}, "datetime": {"datetime": "2021-09-24 16:44:48", "elapsed": 357.411612, "delta": 1.698001}}
{"target": -44.23980169507684, "params": {"C": 117.65311838115801, "epsilon": 1.9937972708656948, "gamma": 0.03307461449648463}, "datetime": {"datetime": "2021-09-24 16:44:52", "elapsed": 360.829249, "delta": 3.417637}}
{"target": -43.86780059126695, "params": {"C": 117.71766931635159, "epsilon": 1.945962720083537, "gamma": 0.008570194709176412}, "datetime": {"datetime": "2021-09-24 16:44:57", "elapsed": 365.823069, "delta": 4.99382}}
{"target": -44.21601434364175, "params": {"C": 129.04720879322122, "epsilon": 4.107979398607491, "gamma": 0.003837661607131149}, "datetime": {"datetime": "2021-09-24 16:44:59", "elapsed": 368.658752, "delta": 2.835683}}
{"target": -46.38048286339799, "params": {"C": 164.3173564514138, "epsilon": 1.4849224386040227, "gamma": 0.06941784479952122}, "datetime": {"datetime": "2021-09-24 16:45:01", "elapsed": 370.275549, "delta": 1.616797}}
{"target": -43.95076153455453, "params": {"C": 192.8629146406255, "epsilon": 1.3946950613083535, "gamma": 0.0044483469134895485}, "datetime": {"datetime": "2021-09-24 16:45:03", "elapsed": 372.322561, "delta": 2.047012}}
{"target": -46.22489389306691, "params": {"C": 150.00099725248282, "epsilon": 2.87086400363867, "gamma": 0.07362706416851664}, "datetime": {"datetime": "2021-09-24 16:45:07", "elapsed": 376.154342, "delta": 3.831781}}
{"target": -46.33691292611861, "params": {"C": 192.8184988016504, "epsilon": 1.3231023279539185, "gamma": 0.0577145014399029}, "datetime": {"datetime": "2021-09-24 16:45:12", "elapsed": 380.830464, "delta": 4.676122}}
{"target": -44.04595041627766, "params": {"C": 129.1484914034919, "epsilon": 4.076432849289805, "gamma": 0.009663626014821104}, "datetime": {"datetime": "2021-09-24 16:45:15", "elapsed": 384.648938, "delta": 3.818474}}
{"target": -45.41204441662498, "params": {"C": 100.9131146892251, "epsilon": 1.2066577844809228, "gamma": 0.07229222285574738}, "datetime": {"datetime": "2021-09-24 16:45:17", "elapsed": 386.649021, "delta": 2.000083}}
{"target": -44.28976917018511, "params": {"C": 129.1049355924787, "epsilon": 4.025662816851291, "gamma": 0.026596120436190644}, "datetime": {"datetime": "2021-09-24 16:45:21", "elapsed": 390.622401, "delta": 3.97338}}
{"target": -44.30000146601189, "params": {"C": 149.85660249902895, "epsilon": 2.8053892139470666, "gamma": 0.023340396194853282}, "datetime": {"datetime": "2021-09-24 16:45:25", "elapsed": 393.901282, "delta": 3.278881}}
{"target": -44.255900081921126, "params": {"C": 109.12952412341342, "epsilon": 3.2235360581808736, "gamma": 0.02011587973568976}, "datetime": {"datetime": "2021-09-24 16:45:28", "elapsed": 397.385982, "delta": 3.4847}}
{"target": -45.45800118246886, "params": {"C": 185.55247609426397, "epsilon": 2.1632690853370242, "gamma": 0.047583156472788046}, "datetime": {"datetime": "2021-09-24 16:45:30", "elapsed": 399.288181, "delta": 1.902199}}
{"target": -43.89123364189817, "params": {"C": 117.92873937062575, "epsilon": 2.078867311332549, "gamma": 0.009489802810455951}, "datetime": {"datetime": "2021-09-24 16:45:34", "elapsed": 403.093746, "delta": 3.805565}}
{"target": -44.618379803625565, "params": {"C": 143.88453154106523, "epsilon": 2.9000119474211417, "gamma": 0.001}, "datetime": {"datetime": "2021-09-24 16:45:37", "elapsed": 405.918227, "delta": 2.824481}}
{"target": -46.20706360526116, "params": {"C": 114.8644013269842, "epsilon": 3.7275777248950392, "gamma": 0.09754942877122257}, "datetime": {"datetime": "2021-09-24 16:45:40", "elapsed": 409.313622, "delta": 3.395395}}
{"target": -45.95399421034246, "params": {"C": 117.70718632931124, "epsilon": 1.9861257604605176, "gamma": 0.07977172007515304}, "datetime": {"datetime": "2021-09-24 16:45:43", "elapsed": 412.484103, "delta": 3.170481}}
{"target": -44.48845370622865, "params": {"C": 192.8955976882133, "epsilon": 1.4473758482864185, "gamma": 0.001}, "datetime": {"datetime": "2021-09-24 16:45:47", "elapsed": 416.135553, "delta": 3.65145}}
{"target": -46.790874267578005, "params": {"C": 194.50251638161825, "epsilon": 0.35227599402460463, "gamma": 0.07245766019595913}, "datetime": {"datetime": "2021-09-24 16:45:49", "elapsed": 418.075349, "delta": 1.939796}}
{"target": -44.65590380977382, "params": {"C": 149.90538483942876, "epsilon": 2.7509557697160796, "gamma": 0.040803700873609336}, "datetime": {"datetime": "2021-09-24 16:45:53", "elapsed": 421.864923, "delta": 3.789574}}
{"target": -45.460032707736, "params": {"C": 170.15706441301015, "epsilon": 2.78833737792296, "gamma": 0.0508595789704219}, "datetime": {"datetime": "2021-09-24 16:45:55", "elapsed": 423.745061, "delta": 1.880138}}
{"target": -46.175505527320325, "params": {"C": 143.32724362626647, "epsilon": 2.841047114947584, "gamma": 0.07541311177691898}, "datetime": {"datetime": "2021-09-24 16:45:58", "elapsed": 426.763134, "delta": 3.018073}}
{"target": -43.86009946466704, "params": {"C": 117.88572775808902, "epsilon": 2.131701934061865, "gamma": 0.007939505381071233}, "datetime": {"datetime": "2021-09-24 16:46:01", "elapsed": 429.937593, "delta": 3.174459}}
{"target": -43.8082195477588, "params": {"C": 117.69654317130681, "epsilon": 2.0773243304977624, "gamma": 0.007476903904308416}, "datetime": {"datetime": "2021-09-24 16:46:03", "elapsed": 432.661899, "delta": 2.724306}}
{"target": -46.03532472277994, "params": {"C": 117.96140843812515, "epsilon": 2.184365315831746, "gamma": 0.08375564379558118}, "datetime": {"datetime": "2021-09-24 16:46:07", "elapsed": 435.737265, "delta": 3.075366}}
{"target": -44.728429506603305, "params": {"C": 185.21666191047655, "epsilon": 3.251254665098641, "gamma": 0.03528515135171021}, "datetime": {"datetime": "2021-09-24 16:46:09", "elapsed": 437.920278, "delta": 2.183013}}
{"target": -43.88365195790074, "params": {"C": 117.63028095370136, "epsilon": 1.9540664821113087, "gamma": 0.008876959339308672}, "datetime": {"datetime": "2021-09-24 16:46:11", "elapsed": 440.702217, "delta": 2.781939}}
{"target": -43.781261016031536, "params": {"C": 114.85299278118133, "epsilon": 3.847733705108085, "gamma": 0.00698604944875274}, "datetime": {"datetime": "2021-09-24 16:46:15", "elapsed": 444.331658, "delta": 3.629441}}
{"target": -44.39233626577146, "params": {"C": 117.16595933597895, "epsilon": 4.99146013147888, "gamma": 0.037392520424116324}, "datetime": {"datetime": "2021-09-24 16:46:17", "elapsed": 446.227358, "delta": 1.8957}}
{"target": -44.13866441031168, "params": {"C": 114.77904152476555, "epsilon": 3.8046757071414294, "gamma": 0.030446008461995352}, "datetime": {"datetime": "2021-09-24 16:46:21", "elapsed": 450.133188, "delta": 3.90583}}
{"target": -44.193992446282834, "params": {"C": 114.75783301494342, "epsilon": 3.8882613596784164, "gamma": 0.028205856043443656}, "datetime": {"datetime": "2021-09-24 16:46:26", "elapsed": 455.315196, "delta": 5.182008}}
{"target": -43.93385160354279, "params": {"C": 114.89508677424442, "epsilon": 3.787132105698425, "gamma": 0.005841752142261108}, "datetime": {"datetime": "2021-09-24 16:46:32", "elapsed": 461.142159, "delta": 5.826963}}
{"target": -44.46905890926038, "params": {"C": 117.6858069116546, "epsilon": 2.199206168589443, "gamma": 0.040623258861273326}, "datetime": {"datetime": "2021-09-24 16:46:37", "elapsed": 466.431898, "delta": 5.289739}}
{"target": -45.140772439701784, "params": {"C": 121.06882059993413, "epsilon": 3.869373725049147, "gamma": 0.058506047138630925}, "datetime": {"datetime": "2021-09-24 16:46:40", "elapsed": 468.948052, "delta": 2.516154}}
{"target": -44.093103762452806, "params": {"C": 117.77892509541694, "epsilon": 2.1013582217133155, "gamma": 0.004885020403532939}, "datetime": {"datetime": "2021-09-24 16:46:43", "elapsed": 472.594263, "delta": 3.646211}}
{"target": -44.30678963338824, "params": {"C": 197.30571522709116, "epsilon": 2.426597080031943, "gamma": 0.009444881977052386}, "datetime": {"datetime": "2021-09-24 16:46:45", "elapsed": 474.427317, "delta": 1.833054}}
{"target": -43.99770685796965, "params": {"C": 117.56438173566971, "epsilon": 1.995757510988886, "gamma": 0.011034884411064191}, "datetime": {"datetime": "2021-09-24 16:46:49", "elapsed": 478.177907, "delta": 3.75059}}
{"target": -43.81918918575034, "params": {"C": 129.1810015649714, "epsilon": 4.247365536637289, "gamma": 0.0057997782108715566}, "datetime": {"datetime": "2021-09-24 16:46:55", "elapsed": 483.756334, "delta": 5.578427}}
{"target": -43.79949463015251, "params": {"C": 114.82077585953405, "epsilon": 3.9346775877276987, "gamma": 0.0074348940734496795}, "datetime": {"datetime": "2021-09-24 16:46:59", "elapsed": 487.975163, "delta": 4.218829}}
{"target": -44.68957445470914, "params": {"C": 129.215970296954, "epsilon": 4.236609820896418, "gamma": 0.04117525986119847}, "datetime": {"datetime": "2021-09-24 16:47:03", "elapsed": 491.827358, "delta": 3.852195}}
{"target": -44.67966567332858, "params": {"C": 114.82367998187596, "epsilon": 3.889159432037666, "gamma": 0.04787621880706092}, "datetime": {"datetime": "2021-09-24 16:47:06", "elapsed": 494.927214, "delta": 3.099856}}
{"target": -44.07832978579422, "params": {"C": 117.63691326958389, "epsilon": 2.049879395378887, "gamma": 0.004917591851183749}, "datetime": {"datetime": "2021-09-24 16:47:10", "elapsed": 498.912771, "delta": 3.985557}}
{"target": -44.31292164058548, "params": {"C": 114.73808582675122, "epsilon": 4.006577239727539, "gamma": 0.0020423234045068043}, "datetime": {"datetime": "2021-09-24 16:47:14", "elapsed": 503.328538, "delta": 4.415767}}
{"target": -44.20943499849854, "params": {"C": 114.81369863172431, "epsilon": 3.9941557359699247, "gamma": 0.028236204422191262}, "datetime": {"datetime": "2021-09-24 16:47:18", "elapsed": 507.397435, "delta": 4.068897}}
{"target": -43.85874479902831, "params": {"C": 117.7953460996192, "epsilon": 2.1860188688264923, "gamma": 0.008383044164052996}, "datetime": {"datetime": "2021-09-24 16:47:21", "elapsed": 510.645006, "delta": 3.247571}}
{"target": -46.48512607839866, "params": {"C": 161.82207842274173, "epsilon": 0.20046370696969515, "gamma": 0.07149041344656112}, "datetime": {"datetime": "2021-09-24 16:47:23", "elapsed": 512.541193, "delta": 1.896187}}
{"target": -44.221830838872215, "params": {"C": 126.83803196389337, "epsilon": 4.184403953104564, "gamma": 0.029871518407171782}, "datetime": {"datetime": "2021-09-24 16:47:26", "elapsed": 514.784808, "delta": 2.243615}}
{"target": -46.22497396503698, "params": {"C": 129.1259475341144, "epsilon": 4.044841419852, "gamma": 0.09464453271976339}, "datetime": {"datetime": "2021-09-24 16:47:30", "elapsed": 518.831589, "delta": 4.046781}}
{"target": -45.1513391673949, "params": {"C": 126.913069332502, "epsilon": 4.133459409232893, "gamma": 0.05684408682925808}, "datetime": {"datetime": "2021-09-24 16:47:33", "elapsed": 522.142627, "delta": 3.311038}}
{"target": -46.802386409744926, "params": {"C": 167.62696858656494, "epsilon": 0.2926529379642355, "gamma": 0.09902430302305701}, "datetime": {"datetime": "2021-09-24 16:47:35", "elapsed": 524.043737, "delta": 1.90111}}
