{"target": 0.4264153880866163, "params": {"C": 89.73632674178504, "epsilon": 2.4284290615695294, "gamma": 0.020003511245893807}, "datetime": {"datetime": "2021-09-24 10:09:47", "elapsed": 755.981395, "delta": 2.297326}}
{"target": 0.4365919808410089, "params": {"C": 17.507283273481015, "epsilon": 1.1850208685073242, "gamma": 0.018747245186529832}, "datetime": {"datetime": "2021-09-24 10:09:53", "elapsed": 762.131453, "delta": 6.150058}}
{"target": 0.41469407798938185, "params": {"C": 17.844402695138488, "epsilon": 1.3007863780154119, "gamma": 0.10973190827160173}, "datetime": {"datetime": "2021-09-24 10:09:58", "elapsed": 766.970391, "delta": 4.838938}}
{"target": 0.42603024875590234, "params": {"C": 25.17708432870553, "epsilon": 1.5583364553365988, "gamma": 0.007744864522599501}, "datetime": {"datetime": "2021-09-24 10:10:01", "elapsed": 769.851927, "delta": 2.881536}}
{"target": 0.41144854133545217, "params": {"C": 18.26171313900409, "epsilon": 1.6263190981939792, "gamma": 0.1156529581261616}, "datetime": {"datetime": "2021-09-24 10:10:05", "elapsed": 773.91882, "delta": 4.066893}}
{"target": 0.4290130473424074, "params": {"C": 19.230570905000636, "epsilon": 1.536341830770612, "gamma": 0.01207616352079156}, "datetime": {"datetime": "2021-09-24 10:10:10", "elapsed": 778.7998, "delta": 4.88098}}
{"target": 0.3077461166523837, "params": {"C": 13.208729068600984, "epsilon": 1.9850717855630882, "gamma": 0.002690643566120117}, "datetime": {"datetime": "2021-09-24 10:10:17", "elapsed": 785.317683, "delta": 6.517883}}
{"target": 0.43404723596811934, "params": {"C": 19.08388390223949, "epsilon": 1.499833109091001, "gamma": 0.06918660697294945}, "datetime": {"datetime": "2021-09-24 10:10:20", "elapsed": 789.165519, "delta": 3.847836}}
{"target": 0.38519110848032656, "params": {"C": 79.44644917685827, "epsilon": 2.687844963717046, "gamma": 0.07282321082368384}, "datetime": {"datetime": "2021-09-24 10:10:23", "elapsed": 791.554379, "delta": 2.38886}}
{"target": 0.2807339581358258, "params": {"C": 1.8256704502563017, "epsilon": 1.8787748606940184, "gamma": 0.07468640676397185}, "datetime": {"datetime": "2021-09-24 10:10:25", "elapsed": 794.216244, "delta": 2.661865}}
{"target": 0.43673424095561053, "params": {"C": 13.477946936771547, "epsilon": 2.618513868838172, "gamma": 0.06833347523874407}, "datetime": {"datetime": "2021-09-24 10:10:29", "elapsed": 797.937376, "delta": 3.721132}}
{"target": 0.41109825920617504, "params": {"C": 29.11409581399678, "epsilon": 1.834636979886322, "gamma": 0.09654295668528484}, "datetime": {"datetime": "2021-09-24 10:10:31", "elapsed": 799.93182, "delta": 1.994444}}
{"target": 0.4259781031537815, "params": {"C": 15.849618624611344, "epsilon": 2.4973750544881197, "gamma": 0.08387063812361113}, "datetime": {"datetime": "2021-09-24 10:10:36", "elapsed": 804.485004, "delta": 4.553184}}
{"target": 0.41262223409882215, "params": {"C": 9.87803190428353, "epsilon": 2.1459305944014093, "gamma": 0.11275768757429315}, "datetime": {"datetime": "2021-09-24 10:10:38", "elapsed": 806.697076, "delta": 2.212072}}
{"target": 0.36576723200513983, "params": {"C": 85.65905059472134, "epsilon": 1.6130775418856689, "gamma": 0.08722459970970083}, "datetime": {"datetime": "2021-09-24 10:10:40", "elapsed": 808.754592, "delta": 2.057516}}
{"target": 0.42596447466730136, "params": {"C": 18.828599404266818, "epsilon": 1.7268335517035611, "gamma": 0.08086685932490333}, "datetime": {"datetime": "2021-09-24 10:10:44", "elapsed": 812.973101, "delta": 4.218509}}
{"target": 0.4398160143946088, "params": {"C": 18.614421334937408, "epsilon": 1.4841745291803243, "gamma": 0.022156751295681055}, "datetime": {"datetime": "2021-09-24 10:10:48", "elapsed": 816.774741, "delta": 3.80164}}
{"target": 0.38143722595892027, "params": {"C": 8.823654199325457, "epsilon": 1.8387362164998386, "gamma": 0.14133776672738813}, "datetime": {"datetime": "2021-09-24 10:10:50", "elapsed": 818.936474, "delta": 2.161733}}
{"target": 0.44165081657281535, "params": {"C": 14.287179645811703, "epsilon": 2.0967222902959834, "gamma": 0.05525335249297488}, "datetime": {"datetime": "2021-09-24 10:10:55", "elapsed": 823.778844, "delta": 4.84237}}
{"target": 0.41109014395913046, "params": {"C": 21.09955674936649, "epsilon": 2.8869233544635406, "gamma": 0.10951517193740014}, "datetime": {"datetime": "2021-09-24 10:11:00", "elapsed": 828.370412, "delta": 4.591568}}
{"target": 0.409587527810117, "params": {"C": 34.11763801139892, "epsilon": 2.8972615282123053, "gamma": 0.08962705548926662}, "datetime": {"datetime": "2021-09-24 10:11:02", "elapsed": 830.733602, "delta": 2.36319}}
{"target": 0.36164757717794116, "params": {"C": 33.74543125673418, "epsilon": 1.1922418126525878, "gamma": 0.0015366691040155547}, "datetime": {"datetime": "2021-09-24 10:11:04", "elapsed": 832.894694, "delta": 2.161092}}
{"target": 0.33609809988460526, "params": {"C": 143.5994902142004, "epsilon": 1.0518524636557827, "gamma": 0.08267454044286701}, "datetime": {"datetime": "2021-09-24 10:13:38", "elapsed": 0.0, "delta": 0.0}}
{"target": 0.39070532218277476, "params": {"C": 143.5322392618277, "epsilon": 1.840735604174978, "gamma": 0.04988505574007918}, "datetime": {"datetime": "2021-09-24 10:13:38", "elapsed": 0.044608, "delta": 0.044608}}
{"target": 0.4014848516623709, "params": {"C": 120.46486340378425, "epsilon": 2.2385419327013274, "gamma": 0.04529837371434121}, "datetime": {"datetime": "2021-09-24 10:13:38", "elapsed": 0.081847, "delta": 0.037239}}
{"target": 0.3498428102254675, "params": {"C": 126.68272751028667, "epsilon": 2.2422676655385896, "gamma": 0.07960674309441734}, "datetime": {"datetime": "2021-09-24 10:13:38", "elapsed": 0.128751, "delta": 0.046904}}
{"target": 0.4172756132403771, "params": {"C": 113.45799453449335, "epsilon": 2.027156242531493, "gamma": 0.028073759914213833}, "datetime": {"datetime": "2021-09-24 10:13:38", "elapsed": 0.160001, "delta": 0.03125}}
{"target": 0.33439272992381586, "params": {"C": 163.19081805213568, "epsilon": 1.5419312136749308, "gamma": 0.07791765153039722}, "datetime": {"datetime": "2021-09-24 10:13:38", "elapsed": 0.31345, "delta": 0.153449}}
{"target": 0.333128311653344, "params": {"C": 142.0609828256476, "epsilon": 1.909166430501818, "gamma": 0.08678097269165881}, "datetime": {"datetime": "2021-09-24 10:13:38", "elapsed": 0.431982, "delta": 0.118532}}
{"target": 0.36328573630561445, "params": {"C": 119.53451923531999, "epsilon": 2.2454289407691803, "gamma": 0.07081980902152865}, "datetime": {"datetime": "2021-09-24 10:13:38", "elapsed": 0.646819, "delta": 0.214837}}
{"target": 0.31901169677777574, "params": {"C": 143.4906538323126, "epsilon": 1.8526588042791055, "gamma": 0.10136716750445954}, "datetime": {"datetime": "2021-09-24 10:13:38", "elapsed": 0.809818, "delta": 0.162999}}
{"target": 0.34240011387946045, "params": {"C": 139.3435866798245, "epsilon": 2.6524045163360785, "gamma": 0.08040185010796932}, "datetime": {"datetime": "2021-09-24 10:13:39", "elapsed": 0.905081, "delta": 0.095263}}
{"target": 0.2839640004567743, "params": {"C": 147.96924789706895, "epsilon": 2.7375450330862847, "gamma": 0.1303402673471784}, "datetime": {"datetime": "2021-09-24 10:13:39", "elapsed": 1.044561, "delta": 0.13948}}
{"target": 0.3938623514857452, "params": {"C": 111.99938354946657, "epsilon": 1.8119078407996447, "gamma": 0.05645027014273093}, "datetime": {"datetime": "2021-09-24 10:13:39", "elapsed": 1.197792, "delta": 0.153231}}
{"target": 0.3100827032493263, "params": {"C": 113.8654694941486, "epsilon": 1.9477429153473567, "gamma": 0.13167458218533712}, "datetime": {"datetime": "2021-09-24 10:13:39", "elapsed": 1.35579, "delta": 0.157998}}
{"target": 0.4299687612354529, "params": {"C": 148.63593535745414, "epsilon": 2.7889191159387896, "gamma": 0.0022983504476645376}, "datetime": {"datetime": "2021-09-24 10:13:39", "elapsed": 1.466786, "delta": 0.110996}}
{"target": 0.333153788792381, "params": {"C": 116.65345634098061, "epsilon": 1.6882969076231475, "gamma": 0.09992430157742495}, "datetime": {"datetime": "2021-09-24 10:13:39", "elapsed": 1.592384, "delta": 0.125598}}
{"target": 0.31991077326754824, "params": {"C": 138.23328450754593, "epsilon": 1.2162766851744529, "gamma": 0.10272033591607128}, "datetime": {"datetime": "2021-09-24 10:13:39", "elapsed": 1.773923, "delta": 0.181539}}
{"target": 0.4013153353651482, "params": {"C": 140.4472216470425, "epsilon": 2.2729040264498592, "gamma": 0.036965998164169574}, "datetime": {"datetime": "2021-09-24 10:13:40", "elapsed": 2.012406, "delta": 0.238483}}
{"target": 0.2992282646687874, "params": {"C": 181.99555807028048, "epsilon": 1.9890345172789927, "gamma": 0.10013851295676002}, "datetime": {"datetime": "2021-09-24 10:13:40", "elapsed": 2.144215, "delta": 0.131809}}
{"target": 0.38941021146882104, "params": {"C": 111.7558619454409, "epsilon": 1.8681104154969508, "gamma": 0.05903324071813883}, "datetime": {"datetime": "2021-09-24 10:13:40", "elapsed": 2.255928, "delta": 0.111713}}
{"target": 0.424227886029814, "params": {"C": 117.95858496475853, "epsilon": 1.696634126902143, "gamma": 0.014673064695100048}, "datetime": {"datetime": "2021-09-24 10:13:40", "elapsed": 2.385949, "delta": 0.130021}}
{"target": 0.4131152511866857, "params": {"C": 136.44313691388973, "epsilon": 2.1898485754125874, "gamma": 0.02815413723393399}, "datetime": {"datetime": "2021-09-24 10:13:40", "elapsed": 2.511829, "delta": 0.12588}}
{"target": 0.43343535944577005, "params": {"C": 112.55584692631999, "epsilon": 2.2794838526244674, "gamma": 0.010458340313043383}, "datetime": {"datetime": "2021-09-24 10:13:40", "elapsed": 2.674627, "delta": 0.162798}}
{"target": 0.39283457694397517, "params": {"C": 171.44220178917982, "epsilon": 1.4362022287557092, "gamma": 0.04286436375880077}, "datetime": {"datetime": "2021-09-24 10:13:40", "elapsed": 2.843996, "delta": 0.169369}}
{"target": 0.43646332764805085, "params": {"C": 104.7275010581174, "epsilon": 2.7384421731728676, "gamma": 0.009810446225529543}, "datetime": {"datetime": "2021-09-24 10:13:41", "elapsed": 2.99915, "delta": 0.155154}}
{"target": 0.30223393562115874, "params": {"C": 131.5360171973867, "epsilon": 1.8472459504405758, "gamma": 0.1262396918579455}, "datetime": {"datetime": "2021-09-24 10:13:41", "elapsed": 3.1594, "delta": 0.16025}}
{"target": 0.4151433725857796, "params": {"C": 124.22390454881021, "epsilon": 1.9960520390512362, "gamma": 0.028653348015067994}, "datetime": {"datetime": "2021-09-24 10:13:41", "elapsed": 3.320393, "delta": 0.160993}}
{"target": 0.40054298984876846, "params": {"C": 110.1215044845265, "epsilon": 2.3928799098887197, "gamma": 0.04856669159657687}, "datetime": {"datetime": "2021-09-24 10:13:41", "elapsed": 3.443138, "delta": 0.122745}}
{"target": 0.3373109732184554, "params": {"C": 130.77398426100152, "epsilon": 2.30211413707433, "gamma": 0.08809807068666292}, "datetime": {"datetime": "2021-09-24 10:13:41", "elapsed": 3.61446, "delta": 0.171322}}
{"target": 0.4136257006421822, "params": {"C": 125.21083219312956, "epsilon": 2.2092112346237185, "gamma": 0.03054488162186846}, "datetime": {"datetime": "2021-09-24 10:13:41", "elapsed": 3.75479, "delta": 0.14033}}
{"target": 0.4229595871318381, "params": {"C": 130.72367288223234, "epsilon": 2.7707051487243577, "gamma": 0.01318413255646136}, "datetime": {"datetime": "2021-09-24 10:13:42", "elapsed": 3.933246, "delta": 0.178456}}
{"target": 0.42527264287827016, "params": {"C": 101.17298404436362, "epsilon": 2.8492362350862663, "gamma": 0.018862369518149603}, "datetime": {"datetime": "2021-09-24 10:13:42", "elapsed": 4.103294, "delta": 0.170048}}
{"target": 0.34488456686984437, "params": {"C": 110.33064923926845, "epsilon": 2.796509540177812, "gamma": 0.09241482548816421}, "datetime": {"datetime": "2021-09-24 10:13:42", "elapsed": 4.286954, "delta": 0.18366}}
{"target": 0.430663294633126, "params": {"C": 166.55175720133923, "epsilon": 2.421631073228912, "gamma": 0.0027028640741712188}, "datetime": {"datetime": "2021-09-24 10:13:42", "elapsed": 4.452273, "delta": 0.165319}}
{"target": 0.39525889681544735, "params": {"C": 186.7800807960191, "epsilon": 2.900416011551698, "gamma": 0.038764129192819775}, "datetime": {"datetime": "2021-09-24 10:13:42", "elapsed": 4.656901, "delta": 0.204628}}
{"target": 0.396148164628794, "params": {"C": 167.146053052103, "epsilon": 1.522861612394772, "gamma": 0.041162417269617474}, "datetime": {"datetime": "2021-09-24 10:13:42", "elapsed": 4.83535, "delta": 0.178449}}
{"target": 0.24860290740513324, "params": {"C": 174.43497294498053, "epsilon": 2.389602175757009, "gamma": 0.14111436478855224}, "datetime": {"datetime": "2021-09-24 10:13:43", "elapsed": 5.051562, "delta": 0.216212}}
{"target": 0.41265478523633214, "params": {"C": 133.5299962314615, "epsilon": 1.29151378340418, "gamma": 0.023638518603895115}, "datetime": {"datetime": "2021-09-24 10:13:43", "elapsed": 5.27436, "delta": 0.222798}}
{"target": 0.33009805284941784, "params": {"C": 120.53927151770134, "epsilon": 1.1870611087145118, "gamma": 0.10025902260287342}, "datetime": {"datetime": "2021-09-24 10:13:43", "elapsed": 5.535484, "delta": 0.261124}}
{"target": 0.3358719228187321, "params": {"C": 152.4576326366972, "epsilon": 2.35000259692585, "gamma": 0.08093131237562086}, "datetime": {"datetime": "2021-09-24 10:13:44", "elapsed": 5.881662, "delta": 0.346178}}
{"target": 0.376799865064783, "params": {"C": 178.77900849471519, "epsilon": 1.5797405539612626, "gamma": 0.04985026394679776}, "datetime": {"datetime": "2021-09-24 10:13:44", "elapsed": 6.183685, "delta": 0.302023}}
{"target": 0.363284652964294, "params": {"C": 165.5845370273073, "epsilon": 1.5148515559438414, "gamma": 0.05777583216566082}, "datetime": {"datetime": "2021-09-24 10:13:44", "elapsed": 6.56312, "delta": 0.379435}}
{"target": 0.31318531565202423, "params": {"C": 130.60867376792874, "epsilon": 2.4865594280994747, "gamma": 0.11600751759555877}, "datetime": {"datetime": "2021-09-24 10:13:45", "elapsed": 6.998348, "delta": 0.435228}}
{"target": 0.33521255160867436, "params": {"C": 160.02789636063474, "epsilon": 2.354035916631286, "gamma": 0.07896786185506913}, "datetime": {"datetime": "2021-09-24 10:13:45", "elapsed": 7.311363, "delta": 0.313015}}
{"target": 0.4187559963655453, "params": {"C": 181.76683873068666, "epsilon": 1.3772675141671287, "gamma": 0.010801161809704411}, "datetime": {"datetime": "2021-09-24 10:13:45", "elapsed": 7.552616, "delta": 0.241253}}
{"target": 0.311588140908855, "params": {"C": 151.8172534439786, "epsilon": 1.1020670674303932, "gamma": 0.10340994059250772}, "datetime": {"datetime": "2021-09-24 10:13:46", "elapsed": 7.918589, "delta": 0.365973}}
{"target": 0.3278635287131011, "params": {"C": 116.4987809259163, "epsilon": 1.5928843039954437, "gamma": 0.1074056547768667}, "datetime": {"datetime": "2021-09-24 10:13:46", "elapsed": 8.207206, "delta": 0.288617}}
{"target": 0.3958131307662244, "params": {"C": 196.55277175117618, "epsilon": 2.2643253149966007, "gamma": 0.030849998361674225}, "datetime": {"datetime": "2021-09-24 10:13:46", "elapsed": 8.471796, "delta": 0.26459}}
{"target": 0.35135652301493014, "params": {"C": 180.4298719885653, "epsilon": 1.9982172123116329, "gamma": 0.061799319848620096}, "datetime": {"datetime": "2021-09-24 10:13:46", "elapsed": 8.703793, "delta": 0.231997}}
{"target": 0.41065440524383146, "params": {"C": 107.74655635692443, "epsilon": 1.5235626303970613, "gamma": 0.03671465083814966}, "datetime": {"datetime": "2021-09-24 10:13:47", "elapsed": 9.087799, "delta": 0.384006}}
{"target": 0.22520492540305548, "params": {"C": 197.90217067214144, "epsilon": 1.458210496944681, "gamma": 0.1497557282819741}, "datetime": {"datetime": "2021-09-24 10:13:47", "elapsed": 9.373801, "delta": 0.286002}}
{"target": 0.40057291891725966, "params": {"C": 101.91792665031588, "epsilon": 2.360005531038426, "gamma": 0.05084833071020301}, "datetime": {"datetime": "2021-09-24 10:13:47", "elapsed": 9.61526, "delta": 0.241459}}
{"target": 0.2671284420648822, "params": {"C": 164.69218673535443, "epsilon": 1.1587995383529508, "gamma": 0.13301055044785381}, "datetime": {"datetime": "2021-09-24 10:13:48", "elapsed": 9.866405, "delta": 0.251145}}
{"target": 0.288054109360134, "params": {"C": 188.56627482350007, "epsilon": 2.0295625265587933, "gamma": 0.1059476959348261}, "datetime": {"datetime": "2021-09-24 10:13:48", "elapsed": 10.254969, "delta": 0.388564}}
{"target": 0.23729747293809844, "params": {"C": 182.18986477391314, "epsilon": 2.9075686719866667, "gamma": 0.14824880592811623}, "datetime": {"datetime": "2021-09-24 10:13:48", "elapsed": 10.663389, "delta": 0.40842}}
{"target": 0.2763768876471847, "params": {"C": 151.60735181969616, "epsilon": 2.4231058114893758, "gamma": 0.13469029541199434}, "datetime": {"datetime": "2021-09-24 10:13:49", "elapsed": 11.007386, "delta": 0.343997}}
{"target": 0.43046050004818637, "params": {"C": 199.89601908462464, "epsilon": 1.069218419720422, "gamma": 0.0066660100902548435}, "datetime": {"datetime": "2021-09-24 10:13:49", "elapsed": 11.291913, "delta": 0.284527}}
{"target": 0.30535820623467813, "params": {"C": 183.96193331516923, "epsilon": 2.4111438763654114, "gamma": 0.09506988846399785}, "datetime": {"datetime": "2021-09-24 10:13:49", "elapsed": 11.530912, "delta": 0.238999}}
{"target": 0.3141527240085785, "params": {"C": 191.2436206674966, "epsilon": 1.2787473144738417, "gamma": 0.08646947215170181}, "datetime": {"datetime": "2021-09-24 10:13:50", "elapsed": 11.945049, "delta": 0.414137}}
{"target": 0.24821618762954567, "params": {"C": 194.49791712262052, "epsilon": 1.2375419952724636, "gamma": 0.12956038883438994}, "datetime": {"datetime": "2021-09-24 10:13:50", "elapsed": 12.286568, "delta": 0.341519}}
{"target": 0.4128986294830902, "params": {"C": 107.47976912884403, "epsilon": 1.0857820319579825, "gamma": 0.03322618338031094}, "datetime": {"datetime": "2021-09-24 10:13:50", "elapsed": 12.658895, "delta": 0.372327}}
{"target": 0.26231888103279133, "params": {"C": 197.31992893698668, "epsilon": 1.2863070282718967, "gamma": 0.1193294771140541}, "datetime": {"datetime": "2021-09-24 10:13:51", "elapsed": 13.057482, "delta": 0.398587}}
{"target": 0.34796941482561006, "params": {"C": 135.5337729215542, "epsilon": 2.997751227307893, "gamma": 0.07753036212800021}, "datetime": {"datetime": "2021-09-24 10:13:51", "elapsed": 13.305857, "delta": 0.248375}}
{"target": 0.4155868757494867, "params": {"C": 147.19945651852768, "epsilon": 2.62463883035922, "gamma": 0.02487140820462577}, "datetime": {"datetime": "2021-09-24 10:13:51", "elapsed": 13.595821, "delta": 0.289964}}
{"target": 0.3528084099127159, "params": {"C": 188.80154441433393, "epsilon": 2.275801436100558, "gamma": 0.05937059568001885}, "datetime": {"datetime": "2021-09-24 10:13:52", "elapsed": 13.889887, "delta": 0.294066}}
{"target": 0.41833826865871515, "params": {"C": 128.89604929652018, "epsilon": 2.7035699457528013, "gamma": 0.023599364882426116}, "datetime": {"datetime": "2021-09-24 10:13:52", "elapsed": 14.162117, "delta": 0.27223}}
{"target": 0.3081289327506833, "params": {"C": 167.5127305377054, "epsilon": 1.1758613900538744, "gamma": 0.09872048711751132}, "datetime": {"datetime": "2021-09-24 10:13:52", "elapsed": 14.623525, "delta": 0.461408}}
{"target": 0.31722482651912476, "params": {"C": 155.81688240969163, "epsilon": 2.305658287966935, "gamma": 0.09679135889307407}, "datetime": {"datetime": "2021-09-24 10:13:53", "elapsed": 15.042807, "delta": 0.419282}}
{"target": 0.39756508422326553, "params": {"C": 152.68853272158904, "epsilon": 2.1588585303907024, "gamma": 0.04069369671118815}, "datetime": {"datetime": "2021-09-24 10:13:53", "elapsed": 15.407082, "delta": 0.364275}}
{"target": 0.3430299234103239, "params": {"C": 122.18159258720921, "epsilon": 1.1821890838748608, "gamma": 0.08680892190762247}, "datetime": {"datetime": "2021-09-24 10:13:53", "elapsed": 15.683559, "delta": 0.276477}}
{"target": 0.29555899116895046, "params": {"C": 161.0631063624024, "epsilon": 2.3122475687751596, "gamma": 0.11319950900035822}, "datetime": {"datetime": "2021-09-24 10:13:54", "elapsed": 15.940007, "delta": 0.256448}}
{"target": 0.364332802215549, "params": {"C": 161.19661073827754, "epsilon": 1.5432251224200322, "gamma": 0.0582754489567384}, "datetime": {"datetime": "2021-09-24 10:13:54", "elapsed": 16.358541, "delta": 0.418534}}
{"target": 0.34044263693436927, "params": {"C": 108.99784896706744, "epsilon": 2.4874131940197794, "gamma": 0.09782568773592491}, "datetime": {"datetime": "2021-09-24 10:13:54", "elapsed": 16.790544, "delta": 0.432003}}
{"target": 0.3987047009869531, "params": {"C": 164.97260830919788, "epsilon": 2.653273412121098, "gamma": 0.03293951935264004}, "datetime": {"datetime": "2021-09-24 10:13:55", "elapsed": 17.121828, "delta": 0.331284}}
{"target": 0.3042546191334701, "params": {"C": 135.22696703559043, "epsilon": 1.3634441166236613, "gamma": 0.1199638162710205}, "datetime": {"datetime": "2021-09-24 10:13:55", "elapsed": 17.401372, "delta": 0.279544}}
{"target": 0.4192628897866991, "params": {"C": 177.60426041637953, "epsilon": 2.6846451533125144, "gamma": 0.012005774444416951}, "datetime": {"datetime": "2021-09-24 10:13:55", "elapsed": 17.70158, "delta": 0.300208}}
{"target": 0.3881288225730418, "params": {"C": 176.70159705701315, "epsilon": 1.9435594978391129, "gamma": 0.0446387928463297}, "datetime": {"datetime": "2021-09-24 10:13:56", "elapsed": 17.955583, "delta": 0.254003}}
{"target": 0.4298015991724422, "params": {"C": 122.62426637239457, "epsilon": 1.8071449011093843, "gamma": 0.011766923219477006}, "datetime": {"datetime": "2021-09-24 10:13:56", "elapsed": 18.447051, "delta": 0.491468}}
{"target": 0.3759768972230165, "params": {"C": 111.26070415034873, "epsilon": 1.7148895434483764, "gamma": 0.06649757324053936}, "datetime": {"datetime": "2021-09-24 10:13:56", "elapsed": 18.767894, "delta": 0.320843}}
