{"target": -57.66487631935922, "params": {"C": 22.363750204958183, "epsilon": 0.07875276925184611, "gamma": 0.5497075116309212}, "datetime": {"datetime": "2021-09-24 15:01:55", "elapsed": 0.0, "delta": 0.0}}
{"target": -54.24074070561163, "params": {"C": 22.330797238295567, "epsilon": 1.2616830384603794, "gamma": 0.33040178752177374}, "datetime": {"datetime": "2021-09-24 15:01:55", "elapsed": 0.035098, "delta": 0.035098}}
{"target": -55.550561737174306, "params": {"C": 11.027783067854283, "epsilon": 1.8581936280856404, "gamma": 0.2997247082071557}, "datetime": {"datetime": "2021-09-24 15:01:55", "elapsed": 0.060098, "delta": 0.025}}
{"target": -58.29813490922898, "params": {"C": 14.074536480040464, "epsilon": 1.8637803644751154, "gamma": 0.5291891800676114}, "datetime": {"datetime": "2021-09-24 15:01:55", "elapsed": 0.085099, "delta": 0.025001}}
{"target": -52.85048238321667, "params": {"C": 7.594417321901744, "epsilon": 1.5412207856759734, "gamma": 0.18452142166035057}, "datetime": {"datetime": "2021-09-24 15:01:55", "elapsed": 0.108095, "delta": 0.022996}}
{"target": -56.58018275000341, "params": {"C": 31.963500845546488, "epsilon": 0.8136258549055587, "gamma": 0.5178920385635062}, "datetime": {"datetime": "2021-09-24 15:01:55", "elapsed": 0.209098, "delta": 0.101003}}
{"target": -57.974323514893605, "params": {"C": 21.609881584567322, "epsilon": 1.364295062537476, "gamma": 0.5771725390929073}, "datetime": {"datetime": "2021-09-24 15:01:55", "elapsed": 0.284105, "delta": 0.075007}}
{"target": -57.48742586384005, "params": {"C": 11.011894194757218, "epsilon": 1.7628843011673168, "gamma": 0.4020405145133513}, "datetime": {"datetime": "2021-09-24 15:01:55", "elapsed": 0.363142, "delta": 0.079037}}
{"target": -58.77037945667338, "params": {"C": 41.051316603605095, "epsilon": 0.16607892240638816, "gamma": 0.872190281669486}, "datetime": {"datetime": "2021-09-24 15:01:56", "elapsed": 0.445105, "delta": 0.081963}}
{"target": -57.73519006916812, "params": {"C": 20.278357473114017, "epsilon": 2.4787805722459497, "gamma": 0.5345070897856757}, "datetime": {"datetime": "2021-09-24 15:01:56", "elapsed": 0.517105, "delta": 0.072}}
{"target": -59.24127503507416, "params": {"C": 24.50493146956379, "epsilon": 2.606448777112884, "gamma": 0.8685099218758775}, "datetime": {"datetime": "2021-09-24 15:01:56", "elapsed": 0.622099, "delta": 0.104994}}
{"target": -57.98379386252952, "params": {"C": 6.879697939238619, "epsilon": 1.2184558072790672, "gamma": 0.37431187368372343}, "datetime": {"datetime": "2021-09-24 15:01:56", "elapsed": 0.726106, "delta": 0.104007}}
{"target": -59.88135511636881, "params": {"C": 7.794080052132813, "epsilon": 1.4221405015633612, "gamma": 0.877434212221529}, "datetime": {"datetime": "2021-09-24 15:01:56", "elapsed": 0.835098, "delta": 0.108992}}
{"target": -43.40953323434926, "params": {"C": 24.831608325152533, "epsilon": 2.683484214350215, "gamma": 0.012127897074379739}, "datetime": {"datetime": "2021-09-24 15:01:56", "elapsed": 0.960103, "delta": 0.125005}}
{"target": -59.50321536922743, "params": {"C": 9.1601936070805, "epsilon": 1.0331012129809096, "gamma": 0.66507899095162}, "datetime": {"datetime": "2021-09-24 15:01:56", "elapsed": 1.062098, "delta": 0.101995}}
{"target": -58.80457775142824, "params": {"C": 19.7343094086975, "epsilon": 0.3253068894190921, "gamma": 0.6837796915216032}, "datetime": {"datetime": "2021-09-24 15:01:56", "elapsed": 1.141097, "delta": 0.078999}}
{"target": -46.25464458223222, "params": {"C": 24.720822536907445, "epsilon": 2.7113576033635156, "gamma": 0.11318104143867687}, "datetime": {"datetime": "2021-09-24 15:01:57", "elapsed": 1.543276, "delta": 0.402179}}
{"target": -57.62256781320484, "params": {"C": 41.177823454437444, "epsilon": 1.4840572586598495, "gamma": 0.6665116997021027}, "datetime": {"datetime": "2021-09-24 15:01:57", "elapsed": 1.649237, "delta": 0.105961}}
{"target": -58.2146925204205, "params": {"C": 6.760372353266037, "epsilon": 1.3027315680376776, "gamma": 0.39158754109743826}, "datetime": {"datetime": "2021-09-24 15:01:57", "elapsed": 1.730235, "delta": 0.080998}}
{"target": -57.692009170162734, "params": {"C": 24.89274124272368, "epsilon": 2.467876053369487, "gamma": 0.0001}, "datetime": {"datetime": "2021-09-24 15:01:57", "elapsed": 2.007241, "delta": 0.277006}}
{"target": -44.499411036101215, "params": {"C": 24.866177601326374, "epsilon": 2.810112202531036, "gamma": 0.053786190327212866}, "datetime": {"datetime": "2021-09-24 15:01:57", "elapsed": 2.376406, "delta": 0.369165}}
{"target": -46.702517679596234, "params": {"C": 7.15236499389679, "epsilon": 1.9195860370103888, "gamma": 0.06670431089640186}, "datetime": {"datetime": "2021-09-24 15:01:58", "elapsed": 2.463663, "delta": 0.087257}}
{"target": -53.22158698371503, "params": {"C": 7.546073057971818, "epsilon": 1.6919028083487049, "gamma": 0.1923543495538282}, "datetime": {"datetime": "2021-09-24 15:01:58", "elapsed": 2.558663, "delta": 0.095}}
{"target": -44.03679766852172, "params": {"C": 24.74674621651786, "epsilon": 2.9175261123398015, "gamma": 0.03989549883233593}, "datetime": {"datetime": "2021-09-24 15:01:58", "elapsed": 2.683657, "delta": 0.124994}}
{"target": -44.19618729497113, "params": {"C": 24.756648990341784, "epsilon": 2.785841019179134, "gamma": 0.04421643149996568}, "datetime": {"datetime": "2021-09-24 15:01:58", "elapsed": 2.831664, "delta": 0.148007}}
{"target": -45.26532947524427, "params": {"C": 6.93073769578123, "epsilon": 1.80712405628299, "gamma": 0.023983751378826013}, "datetime": {"datetime": "2021-09-24 15:01:58", "elapsed": 3.122657, "delta": 0.290993}}
{"target": -59.42029115428882, "params": {"C": 6.89972291379053, "epsilon": 2.0633041945695063, "gamma": 0.0001}, "datetime": {"datetime": "2021-09-24 15:01:58", "elapsed": 3.378656, "delta": 0.255999}}
{"target": -45.218851298786745, "params": {"C": 7.073485517308289, "epsilon": 1.6378913671888267, "gamma": 0.020493590044521233}, "datetime": {"datetime": "2021-09-24 15:01:59", "elapsed": 3.564789, "delta": 0.186133}}
{"target": -55.95110517913932, "params": {"C": 6.905073493744602, "epsilon": 1.6831865787435876, "gamma": 0.26464624000235043}, "datetime": {"datetime": "2021-09-24 15:01:59", "elapsed": 3.810453, "delta": 0.245664}}
{"target": -52.164722225036705, "params": {"C": 7.254632183969623, "epsilon": 1.8164771142911267, "gamma": 0.0016319001969696543}, "datetime": {"datetime": "2021-09-24 15:01:59", "elapsed": 4.074455, "delta": 0.264002}}
{"target": -55.854365525995355, "params": {"C": 1.5747621817381754, "epsilon": 2.7739297345118565, "gamma": 0.12291293164680797}, "datetime": {"datetime": "2021-09-24 15:01:59", "elapsed": 4.335456, "delta": 0.261001}}
{"target": -57.7195006030398, "params": {"C": 24.557457856330984, "epsilon": 2.9340019763594096, "gamma": 0.0001}, "datetime": {"datetime": "2021-09-24 15:02:00", "elapsed": 4.85955, "delta": 0.524094}}
{"target": -45.02439924479061, "params": {"C": 24.928725921449566, "epsilon": 2.989002432269669, "gamma": 0.002917561729122347}, "datetime": {"datetime": "2021-09-24 15:02:00", "elapsed": 5.209539, "delta": 0.349989}}
{"target": -49.01487677040835, "params": {"C": 24.892067366872435, "epsilon": 2.8764479226930932, "gamma": 0.1968958707912907}, "datetime": {"datetime": "2021-09-24 15:02:00", "elapsed": 5.359246, "delta": 0.149707}}
{"target": -45.01850665308762, "params": {"C": 25.07200336199446, "epsilon": 2.756747711902443, "gamma": 0.07794826000261469}, "datetime": {"datetime": "2021-09-24 15:02:01", "elapsed": 5.623505, "delta": 0.264259}}
{"target": -59.09212652917778, "params": {"C": 37.47313674304047, "epsilon": 2.084708462547635, "gamma": 0.940570256535608}, "datetime": {"datetime": "2021-09-24 15:02:01", "elapsed": 5.775506, "delta": 0.152001}}
{"target": -59.40330116232882, "params": {"C": 6.896006137436024, "epsilon": 1.6289674837334682, "gamma": 0.0001}, "datetime": {"datetime": "2021-09-24 15:02:01", "elapsed": 6.111566, "delta": 0.33606}}
{"target": -59.37141999759786, "params": {"C": 11.06424304367365, "epsilon": 0.2814981325174104, "gamma": 0.667317703683031}, "datetime": {"datetime": "2021-09-24 15:02:01", "elapsed": 6.257607, "delta": 0.146041}}
{"target": -57.23992449324399, "params": {"C": 26.704239991981634, "epsilon": 2.0253288940903116, "gamma": 0.538048289260089}, "datetime": {"datetime": "2021-09-24 15:02:01", "elapsed": 6.387567, "delta": 0.12996}}
{"target": -57.68392278283054, "params": {"C": 25.038751060582964, "epsilon": 2.8706787337581106, "gamma": 0.0001}, "datetime": {"datetime": "2021-09-24 15:02:02", "elapsed": 6.661569, "delta": 0.274002}}
{"target": -47.25106919835141, "params": {"C": 25.18502616396302, "epsilon": 2.717933379388837, "gamma": 0.1440861107374997}, "datetime": {"datetime": "2021-09-24 15:02:02", "elapsed": 6.843566, "delta": 0.181997}}
{"target": -59.33791605121541, "params": {"C": 15.998250146285088, "epsilon": 2.230095862435162, "gamma": 0.7726482732026704}, "datetime": {"datetime": "2021-09-24 15:02:02", "elapsed": 7.017573, "delta": 0.174007}}
{"target": -46.079408135046656, "params": {"C": 24.802410937784835, "epsilon": 2.786137990594763, "gamma": 0.1057480494111348}, "datetime": {"datetime": "2021-09-24 15:02:02", "elapsed": 7.218564, "delta": 0.200991}}
{"target": -45.7836031583278, "params": {"C": 24.924750430139124, "epsilon": 2.6139645321356046, "gamma": 0.09664645176292813}, "datetime": {"datetime": "2021-09-24 15:02:03", "elapsed": 7.41027, "delta": 0.191706}}
{"target": -43.76148627613111, "params": {"C": 24.79306548771519, "epsilon": 2.866157881626802, "gamma": 0.006049396686594469}, "datetime": {"datetime": "2021-09-24 15:02:03", "elapsed": 7.554196, "delta": 0.143926}}
{"target": -46.99522925319215, "params": {"C": 7.207950910737609, "epsilon": 1.6012018346037649, "gamma": 0.0744410597176442}, "datetime": {"datetime": "2021-09-24 15:02:03", "elapsed": 7.773199, "delta": 0.219003}}
{"target": -46.83247907048281, "params": {"C": 25.085824124465727, "epsilon": 2.591570461655463, "gamma": 0.1301549586089193}, "datetime": {"datetime": "2021-09-24 15:02:03", "elapsed": 7.942884, "delta": 0.169685}}
{"target": -54.10240373292005, "params": {"C": 40.410637274397004, "epsilon": 1.4978267098612934, "gamma": 0.41008789241896476}, "datetime": {"datetime": "2021-09-24 15:02:03", "elapsed": 8.113182, "delta": 0.170298}}
{"target": -47.42861445774006, "params": {"C": 7.068870718122527, "epsilon": 1.7830314165646048, "gamma": 0.08052627437477325}, "datetime": {"datetime": "2021-09-24 15:02:04", "elapsed": 8.567176, "delta": 0.453994}}
{"target": -59.09724518319107, "params": {"C": 48.972063629349314, "epsilon": 0.6880866401685491, "gamma": 0.9983662388571632}, "datetime": {"datetime": "2021-09-24 15:02:04", "elapsed": 8.751292, "delta": 0.184116}}
{"target": -56.17769143809064, "params": {"C": 7.16438523130625, "epsilon": 1.8559124970255523, "gamma": 0.2769504196004179}, "datetime": {"datetime": "2021-09-24 15:02:04", "elapsed": 8.989292, "delta": 0.238}}
{"target": -59.02881319318371, "params": {"C": 32.69917150032367, "epsilon": 0.23911990776024972, "gamma": 0.8863695611559134}, "datetime": {"datetime": "2021-09-24 15:02:04", "elapsed": 9.163296, "delta": 0.174004}}
{"target": -49.08251120199927, "params": {"C": 24.793727121995683, "epsilon": 2.5973200159689656, "gamma": 0.19823618148230449}, "datetime": {"datetime": "2021-09-24 15:02:04", "elapsed": 9.397973, "delta": 0.234677}}
{"target": -46.508625472924, "params": {"C": 24.82880835405007, "epsilon": 2.9830968076372795, "gamma": 0.1197591722168124}, "datetime": {"datetime": "2021-09-24 15:02:05", "elapsed": 9.630321, "delta": 0.232348}}
{"target": -48.76610281789762, "params": {"C": 25.013798375516163, "epsilon": 2.7135402066490872, "gamma": 0.19080549663030577}, "datetime": {"datetime": "2021-09-24 15:02:05", "elapsed": 10.046755, "delta": 0.416434}}
{"target": -45.42740991115103, "params": {"C": 7.245540919753898, "epsilon": 2.075827134061073, "gamma": 0.0361473007815748}, "datetime": {"datetime": "2021-09-24 15:02:05", "elapsed": 10.379713, "delta": 0.332958}}
{"target": -57.34465704447612, "params": {"C": 42.141347324432914, "epsilon": 2.117010242609934, "gamma": 0.6326112473254277}, "datetime": {"datetime": "2021-09-24 15:02:06", "elapsed": 10.581719, "delta": 0.202006}}
{"target": -46.94851856409471, "params": {"C": 7.258144532291606, "epsilon": 2.024604089300553, "gamma": 0.07314161379484425}, "datetime": {"datetime": "2021-09-24 15:02:06", "elapsed": 10.76971, "delta": 0.187991}}
{"target": -46.99490340959782, "params": {"C": 7.332854523123752, "epsilon": 2.3395103775807278, "gamma": 0.07449273890922477}, "datetime": {"datetime": "2021-09-24 15:02:06", "elapsed": 11.051719, "delta": 0.282009}}
{"target": -55.83648538302459, "params": {"C": 4.665086873133573, "epsilon": 0.12963015692099478, "gamma": 0.2189823462339325}, "datetime": {"datetime": "2021-09-24 15:02:06", "elapsed": 11.251747, "delta": 0.200028}}
{"target": -53.20507516777885, "params": {"C": 7.338017804026464, "epsilon": 2.14310072882262, "gamma": 0.1892165082554791}, "datetime": {"datetime": "2021-09-24 15:02:07", "elapsed": 11.49651, "delta": 0.244763}}
{"target": -57.74321735012033, "params": {"C": 18.411548731561556, "epsilon": 2.9966279653481855, "gamma": 0.5153017330554343}, "datetime": {"datetime": "2021-09-24 15:02:07", "elapsed": 11.689508, "delta": 0.192998}}
{"target": -43.592377487943, "params": {"C": 25.02044988425238, "epsilon": 2.664206088795852, "gamma": 0.007035965692751406}, "datetime": {"datetime": "2021-09-24 15:02:07", "elapsed": 11.987222, "delta": 0.297714}}
{"target": -59.39905214173628, "params": {"C": 7.19757198741033, "epsilon": 2.2603025707620756, "gamma": 0.0001}, "datetime": {"datetime": "2021-09-24 15:02:07", "elapsed": 12.354746, "delta": 0.367524}}
{"target": -48.74863220132202, "params": {"C": 15.159064155294887, "epsilon": 2.555503133656325, "gamma": 0.15459535080894898}, "datetime": {"datetime": "2021-09-24 15:02:08", "elapsed": 12.571496, "delta": 0.21675}}
{"target": -45.80225734781696, "params": {"C": 7.5917014619578795, "epsilon": 2.3904351355545295, "gamma": 0.048921230182955015}, "datetime": {"datetime": "2021-09-24 15:02:08", "elapsed": 12.794489, "delta": 0.222993}}
{"target": -49.5972662518793, "params": {"C": 7.450550706698645, "epsilon": 2.4448746129167254, "gamma": 0.11893829880576422}, "datetime": {"datetime": "2021-09-24 15:02:08", "elapsed": 13.078452, "delta": 0.283963}}
{"target": -56.38753985732713, "params": {"C": 7.485415740208643, "epsilon": 2.2755650574871376, "gamma": 0.0005658500327529518}, "datetime": {"datetime": "2021-09-24 15:02:08", "elapsed": 13.365078, "delta": 0.286626}}
{"target": -53.911631193018415, "params": {"C": 7.644215331128157, "epsilon": 2.286388530761689, "gamma": 0.21073129649807318}, "datetime": {"datetime": "2021-09-24 15:02:09", "elapsed": 13.701082, "delta": 0.336004}}
{"target": -58.549545364633964, "params": {"C": 30.92092211757718, "epsilon": 1.9687152293783519, "gamma": 0.7538674852806567}, "datetime": {"datetime": "2021-09-24 15:02:09", "elapsed": 13.91514, "delta": 0.214058}}
{"target": -51.221311404542874, "params": {"C": 24.647827713445444, "epsilon": 2.8516438955410695, "gamma": 0.2459885591125551}, "datetime": {"datetime": "2021-09-24 15:02:09", "elapsed": 14.159523, "delta": 0.244383}}
{"target": -54.02832271383054, "params": {"C": 7.287323671413691, "epsilon": 2.517141535760538, "gamma": 0.20961402194366158}, "datetime": {"datetime": "2021-09-24 15:02:10", "elapsed": 14.439529, "delta": 0.280006}}
{"target": -49.09256974729673, "params": {"C": 32.83657807150696, "epsilon": 2.4800834814755865, "gamma": 0.21706505284752362}, "datetime": {"datetime": "2021-09-24 15:02:10", "elapsed": 14.647522, "delta": 0.207993}}
{"target": -48.121202414165445, "params": {"C": 15.01166592954095, "epsilon": 2.437206347361354, "gamma": 0.14188528621145355}, "datetime": {"datetime": "2021-09-24 15:02:10", "elapsed": 14.89053, "delta": 0.243008}}
{"target": -43.62274508133792, "params": {"C": 25.155858729591806, "epsilon": 2.681275508673613, "gamma": 0.022799363906487905}, "datetime": {"datetime": "2021-09-24 15:02:10", "elapsed": 15.143521, "delta": 0.252991}}
{"target": -51.371470280834245, "params": {"C": 38.58378255793644, "epsilon": 1.4158674670097497, "gamma": 0.29531323723775965}, "datetime": {"datetime": "2021-09-24 15:02:10", "elapsed": 15.360164, "delta": 0.216643}}
{"target": -45.76098830166867, "params": {"C": 7.130685496839859, "epsilon": 1.494481392587516, "gamma": 0.04212089371342665}, "datetime": {"datetime": "2021-09-24 15:02:11", "elapsed": 15.660834, "delta": 0.30067}}
{"target": -48.623891495553586, "params": {"C": 7.4414671141821565, "epsilon": 2.4505278469019247, "gamma": 0.10441290825016102}, "datetime": {"datetime": "2021-09-24 15:02:11", "elapsed": 15.886834, "delta": 0.226}}
{"target": -46.631742071158655, "params": {"C": 7.570903257269122, "epsilon": 2.51596478065765, "gamma": 0.0675345929098277}, "datetime": {"datetime": "2021-09-24 15:02:11", "elapsed": 16.329831, "delta": 0.442997}}
{"target": -59.350942955135814, "params": {"C": 7.7133302441603835, "epsilon": 2.4606552220261384, "gamma": 0.0001}, "datetime": {"datetime": "2021-09-24 15:02:12", "elapsed": 16.656836, "delta": 0.327005}}
{"target": -45.45584851253264, "params": {"C": 14.985657909606296, "epsilon": 2.6059142621665257, "gamma": 0.08016046980464825}, "datetime": {"datetime": "2021-09-24 15:02:12", "elapsed": 17.018871, "delta": 0.362035}}
{"target": -52.225401413741004, "params": {"C": 14.973155350278915, "epsilon": 2.604606802531681, "gamma": 0.22418017789983188}, "datetime": {"datetime": "2021-09-24 15:02:13", "elapsed": 17.457376, "delta": 0.438505}}
{"target": -54.093338197441035, "params": {"C": 14.881766141774792, "epsilon": 2.4729371852777997, "gamma": 0.0005002051725266958}, "datetime": {"datetime": "2021-09-24 15:02:13", "elapsed": 17.771369, "delta": 0.313993}}
{"target": -44.95075622847097, "params": {"C": 25.1864500335076, "epsilon": 2.4406094126940006, "gamma": 0.002937496241965265}, "datetime": {"datetime": "2021-09-24 15:02:13", "elapsed": 18.10637, "delta": 0.335001}}
{"target": -50.98162459399062, "params": {"C": 7.098684201433957, "epsilon": 1.5696149002617164, "gamma": 0.14244277467610666}, "datetime": {"datetime": "2021-09-24 15:02:14", "elapsed": 18.473366, "delta": 0.366996}}
{"target": -58.58426353026334, "params": {"C": 15.091529143942093, "epsilon": 2.6385573354800096, "gamma": 0.0001}, "datetime": {"datetime": "2021-09-24 15:02:14", "elapsed": 18.94671, "delta": 0.473344}}
{"target": -48.13611538010076, "params": {"C": 7.009279844031615, "epsilon": 1.9110322985375456, "gamma": 0.09328462464038151}, "datetime": {"datetime": "2021-09-24 15:02:14", "elapsed": 19.324711, "delta": 0.378001}}
{"target": -48.5509219250323, "params": {"C": 25.20789497841275, "epsilon": 2.4480838604441097, "gamma": 0.1854982801510838}, "datetime": {"datetime": "2021-09-24 15:02:15", "elapsed": 19.767702, "delta": 0.442991}}
{"target": -51.7945859147038, "params": {"C": 6.058377309745874, "epsilon": 2.188919082194781, "gamma": 0.1459562242311957}, "datetime": {"datetime": "2021-09-24 15:02:15", "elapsed": 20.042707, "delta": 0.275005}}
{"target": -58.62976429960582, "params": {"C": 47.31146793507663, "epsilon": 1.0363616657147892, "gamma": 0.8605887897556485}, "datetime": {"datetime": "2021-09-24 15:02:15", "elapsed": 20.4097, "delta": 0.366993}}
{"target": -57.03662869409235, "params": {"C": 31.00524968004665, "epsilon": 1.3659781696146527, "gamma": 0.5488638737638897}, "datetime": {"datetime": "2021-09-24 15:02:16", "elapsed": 20.68071, "delta": 0.27101}}
{"target": -43.600070162547006, "params": {"C": 25.216155229619254, "epsilon": 2.564329707435599, "gamma": 0.024415178703923485}, "datetime": {"datetime": "2021-09-24 15:02:16", "elapsed": 21.051711, "delta": 0.371001}}
{"target": -50.039612689434556, "params": {"C": 15.19317871094793, "epsilon": 2.3818571203284846, "gamma": 0.1774619337987559}, "datetime": {"datetime": "2021-09-24 15:02:16", "elapsed": 21.393706, "delta": 0.341995}}
{"target": -59.96409232491277, "params": {"C": 5.815838073576808, "epsilon": 2.1816782728208612, "gamma": 0.920238281221611}, "datetime": {"datetime": "2021-09-24 15:02:17", "elapsed": 21.670705, "delta": 0.276999}}
{"target": -60.02789080648963, "params": {"C": 3.581970026138811, "epsilon": 1.166473093366109, "gamma": 0.8921910917012996}, "datetime": {"datetime": "2021-09-24 15:02:17", "elapsed": 21.953705, "delta": 0.283}}
{"target": -44.008963546702276, "params": {"C": 24.965006872969838, "epsilon": 2.700737948570691, "gamma": 0.03882655027193948}, "datetime": {"datetime": "2021-09-24 15:02:17", "elapsed": 22.400187, "delta": 0.446482}}
{"target": -44.21979297110163, "params": {"C": 24.87224128825848, "epsilon": 2.955574104294735, "gamma": 0.00437431116400697}, "datetime": {"datetime": "2021-09-24 15:02:18", "elapsed": 22.833188, "delta": 0.433001}}
{"target": -59.520001155472876, "params": {"C": 15.269582964069645, "epsilon": 0.31308350108532274, "gamma": 0.8298565357511986}, "datetime": {"datetime": "2021-09-24 15:02:18", "elapsed": 23.198189, "delta": 0.365001}}
{"target": -44.21012292617347, "params": {"C": 25.317916420275093, "epsilon": 2.56655671767796, "gamma": 0.044890923589014683}, "datetime": {"datetime": "2021-09-24 15:02:19", "elapsed": 23.647224, "delta": 0.449035}}
{"target": -46.80644345951358, "params": {"C": 49.51612654130218, "epsilon": 2.2349506742900074, "gamma": 0.14127763738723556}, "datetime": {"datetime": "2021-09-24 15:02:19", "elapsed": 23.949196, "delta": 0.301972}}
{"target": -46.222461000486945, "params": {"C": 25.473469532030656, "epsilon": 2.453335364736981, "gamma": 0.11239537851930005}, "datetime": {"datetime": "2021-09-24 15:02:20", "elapsed": 24.441195, "delta": 0.491999}}
