{"target": -40.482190734354376, "params": {"C": 65.96324041915857, "epsilon": 0.07875276925184611, "gamma": 0.11038283309786312}, "datetime": {"datetime": "2021-09-28 11:57:25", "elapsed": 0.0, "delta": 0.0}}
{"target": -39.561212265940384, "params": {"C": 65.86303650012326, "epsilon": 1.2616830384603794, "gamma": 0.06673662937977096}, "datetime": {"datetime": "2021-09-28 11:57:25", "elapsed": 0.061005, "delta": 0.061005}}
{"target": -38.63173417889796, "params": {"C": 31.492646471638533, "epsilon": 1.8581936280856404, "gamma": 0.06063128006123011}, "datetime": {"datetime": "2021-09-28 11:57:25", "elapsed": 0.124, "delta": 0.062995}}
{"target": -39.92210694275418, "params": {"C": 40.757263990327125, "epsilon": 1.8637803644751154, "gamma": 0.10629927676113078}, "datetime": {"datetime": "2021-09-28 11:57:25", "elapsed": 0.186312, "delta": 0.062312}}
{"target": -40.75150791456288, "params": {"C": 95.15431889768217, "epsilon": 0.8136258549055587, "gamma": 0.10405092076621436}, "datetime": {"datetime": "2021-09-28 11:57:26", "elapsed": 0.343315, "delta": 0.157003}}
{"target": -40.548482963245604, "params": {"C": 63.67086441021492, "epsilon": 1.364295062537476, "gamma": 0.11584892017150572}, "datetime": {"datetime": "2021-09-28 11:57:26", "elapsed": 0.476312, "delta": 0.132997}}
{"target": -39.356681850241785, "params": {"C": 30.106433660626788, "epsilon": 1.8685206966833863, "gamma": 0.09460295649019534}, "datetime": {"datetime": "2021-09-28 11:57:26", "elapsed": 0.649313, "delta": 0.173001}}
{"target": -39.09266782022051, "params": {"C": 31.30132337557311, "epsilon": 1.050907933874524, "gamma": 0.08012344949363412}, "datetime": {"datetime": "2021-09-28 11:57:26", "elapsed": 0.852311, "delta": 0.202998}}
{"target": -40.72725931766877, "params": {"C": 32.611729889941245, "epsilon": 2.03363920073787, "gamma": 0.18337471218327492}, "datetime": {"datetime": "2021-09-28 11:57:27", "elapsed": 1.258313, "delta": 0.406002}}
{"target": -39.80431926663579, "params": {"C": 31.50237981216278, "epsilon": 1.7991836915952841, "gamma": 0.12117877592259235}, "datetime": {"datetime": "2021-09-28 11:57:27", "elapsed": 1.42031, "delta": 0.161997}}
{"target": -37.89272216992043, "params": {"C": 31.593440848562963, "epsilon": 1.852849763806191, "gamma": 0.025454299085632372}, "datetime": {"datetime": "2021-09-28 11:57:27", "elapsed": 1.546315, "delta": 0.126005}}
{"target": -38.19270072461908, "params": {"C": 31.71068441868278, "epsilon": 1.7792040606395123, "gamma": 0.038334960701575216}, "datetime": {"datetime": "2021-09-28 11:57:27", "elapsed": 1.730313, "delta": 0.183998}}
{"target": -37.1603023067459, "params": {"C": 73.46754368260669, "epsilon": 2.683484214350215, "gamma": 0.0033937908968912577}, "datetime": {"datetime": "2021-09-28 11:57:27", "elapsed": 2.121316, "delta": 0.391003}}
{"target": -39.767941634844824, "params": {"C": 25.81364994806111, "epsilon": 1.0331012129809096, "gamma": 0.13334405360473287}, "datetime": {"datetime": "2021-09-28 11:57:28", "elapsed": 2.329057, "delta": 0.207741}}
{"target": -40.79342650295089, "params": {"C": 57.967593916243416, "epsilon": 0.3253068894190921, "gamma": 0.137065865199319}, "datetime": {"datetime": "2021-09-28 11:57:28", "elapsed": 2.538055, "delta": 0.208998}}
{"target": -37.140949185544, "params": {"C": 73.553654164553, "epsilon": 2.6331899433121793, "gamma": 0.004913102026152793}, "datetime": {"datetime": "2021-09-28 11:57:28", "elapsed": 2.678054, "delta": 0.139999}}
{"target": -41.46214388202454, "params": {"C": 123.17338152471794, "epsilon": 1.4840572586598495, "gamma": 0.1336291911598344}, "datetime": {"datetime": "2021-09-28 11:57:28", "elapsed": 2.810056, "delta": 0.132002}}
{"target": -38.414126198661044, "params": {"C": 18.51623429870693, "epsilon": 1.3027315680376776, "gamma": 0.07891381205959618}, "datetime": {"datetime": "2021-09-28 11:57:28", "elapsed": 2.951055, "delta": 0.140999}}
{"target": -37.47900075917653, "params": {"C": 27.758291597490206, "epsilon": 1.0456028732897633, "gamma": 0.019865818557357258}, "datetime": {"datetime": "2021-09-28 11:57:28", "elapsed": 3.084053, "delta": 0.132998}}
{"target": -37.47685007754568, "params": {"C": 73.57266250199244, "epsilon": 2.810112202531036, "gamma": 0.011684620337149076}, "datetime": {"datetime": "2021-09-28 11:57:29", "elapsed": 3.277053, "delta": 0.193}}
{"target": -36.88571444358876, "params": {"C": 19.70821192021677, "epsilon": 1.9195860370103888, "gamma": 0.014255583426726642}, "datetime": {"datetime": "2021-09-28 11:57:29", "elapsed": 3.400053, "delta": 0.123}}
{"target": -40.7955377817267, "params": {"C": 19.53539759627564, "epsilon": 1.7313095738026967, "gamma": 0.1681342259111182}, "datetime": {"datetime": "2021-09-28 11:57:29", "elapsed": 3.581722, "delta": 0.181669}}
{"target": -39.3957741816125, "params": {"C": 19.85367131792727, "epsilon": 1.8431071765650109, "gamma": 0.11720988360497116}, "datetime": {"datetime": "2021-09-28 11:57:29", "elapsed": 3.700723, "delta": 0.119001}}
{"target": -40.248863502950634, "params": {"C": 73.7437012481702, "epsilon": 2.763181160659199, "gamma": 0.09348420425700314}, "datetime": {"datetime": "2021-09-28 11:57:29", "elapsed": 3.863726, "delta": 0.163003}}
{"target": -41.20473382946693, "params": {"C": 73.53444588657557, "epsilon": 2.5310122875488728, "gamma": 0.14081746236660697}, "datetime": {"datetime": "2021-09-28 11:57:29", "elapsed": 4.064722, "delta": 0.200996}}
{"target": -38.75678356051793, "params": {"C": 27.685592814490008, "epsilon": 1.119116032848383, "gamma": 0.07357158859959288}, "datetime": {"datetime": "2021-09-28 11:57:29", "elapsed": 4.190096, "delta": 0.125374}}
{"target": -38.31042881149834, "params": {"C": 19.760153779428933, "epsilon": 1.9611773716068686, "gamma": 0.06694386855002266}, "datetime": {"datetime": "2021-09-28 11:57:30", "elapsed": 4.351999, "delta": 0.161903}}
{"target": -38.65540178661764, "params": {"C": 38.56413996776305, "epsilon": 1.814212246318266, "gamma": 0.04099285245987842}, "datetime": {"datetime": "2021-09-28 11:57:30", "elapsed": 4.544998, "delta": 0.192999}}
{"target": -38.23017687439443, "params": {"C": 31.72968866672834, "epsilon": 1.9312367281074274, "gamma": 0.03494190717405062}, "datetime": {"datetime": "2021-09-28 11:57:30", "elapsed": 4.743002, "delta": 0.198004}}
{"target": -43.319578308302404, "params": {"C": 2.7477462261017984, "epsilon": 2.7739297345118565, "gamma": 0.025442217619476733}, "datetime": {"datetime": "2021-09-28 11:57:30", "elapsed": 4.898997, "delta": 0.155995}}
{"target": -38.06519061408438, "params": {"C": 27.8012012028677, "epsilon": 0.9338881463032395, "gamma": 0.03979127341060245}, "datetime": {"datetime": "2021-09-28 11:57:31", "elapsed": 5.258623, "delta": 0.359626}}
{"target": -38.40600963625229, "params": {"C": 27.588323440715293, "epsilon": 0.882708994336455, "gamma": 0.059549916949859186}, "datetime": {"datetime": "2021-09-28 11:57:31", "elapsed": 5.63951, "delta": 0.380887}}
{"target": -43.96795130918119, "params": {"C": 31.5533491493414, "epsilon": 2.030129644275965, "gamma": 0.001}, "datetime": {"datetime": "2021-09-28 11:57:32", "elapsed": 6.201797, "delta": 0.562287}}
{"target": -40.056928676628296, "params": {"C": 73.57709370558877, "epsilon": 2.743869522625635, "gamma": 0.08461031936767496}, "datetime": {"datetime": "2021-09-28 11:57:32", "elapsed": 6.653799, "delta": 0.452002}}
{"target": -42.794230064715485, "params": {"C": 111.90810968802101, "epsilon": 2.084708462547635, "gamma": 0.18817229828041404}, "datetime": {"datetime": "2021-09-28 11:57:32", "elapsed": 7.014834, "delta": 0.361035}}
{"target": -38.12255730469719, "params": {"C": 73.37945148819307, "epsilon": 2.6037910227880503, "gamma": 0.01870075663095905}, "datetime": {"datetime": "2021-09-28 11:57:33", "elapsed": 7.472798, "delta": 0.457964}}
{"target": -40.03113395363621, "params": {"C": 31.603514561374983, "epsilon": 0.2814981325174104, "gamma": 0.1337896019931225}, "datetime": {"datetime": "2021-09-28 11:57:33", "elapsed": 7.6668, "delta": 0.194002}}
{"target": -38.24980536325359, "params": {"C": 31.58840912234063, "epsilon": 1.8568805439186045, "gamma": 0.003557330112334152}, "datetime": {"datetime": "2021-09-28 11:57:33", "elapsed": 7.8638, "delta": 0.197}}
{"target": -37.45771081850519, "params": {"C": 73.4841487156696, "epsilon": 2.813887824251217, "gamma": 0.0021151126497911434}, "datetime": {"datetime": "2021-09-28 11:57:33", "elapsed": 8.074799, "delta": 0.210999}}
{"target": -40.97084869154798, "params": {"C": 27.866104086703093, "epsilon": 1.0210868560857151, "gamma": 0.18845802656400912}, "datetime": {"datetime": "2021-09-28 11:57:34", "elapsed": 8.316444, "delta": 0.241645}}
{"target": -40.8121843216211, "params": {"C": 46.60692391421384, "epsilon": 2.230095862435162, "gamma": 0.15475248161549296}, "datetime": {"datetime": "2021-09-28 11:57:34", "elapsed": 8.50816, "delta": 0.191716}}
{"target": -37.33477081235805, "params": {"C": 19.55504548044074, "epsilon": 1.900515994345058, "gamma": 0.026358566264871}, "datetime": {"datetime": "2021-09-28 11:57:34", "elapsed": 8.834158, "delta": 0.325998}}
{"target": -39.243081378315985, "params": {"C": 27.681109516015756, "epsilon": 0.9947000365975411, "gamma": 0.09096433073512883}, "datetime": {"datetime": "2021-09-28 11:57:35", "elapsed": 9.204497, "delta": 0.370339}}
{"target": -39.54250956807583, "params": {"C": 73.3094423006249, "epsilon": 2.7318435383429724, "gamma": 0.06842812863044663}, "datetime": {"datetime": "2021-09-28 11:57:35", "elapsed": 9.455618, "delta": 0.251121}}
{"target": -37.003432790476076, "params": {"C": 19.613196136060605, "epsilon": 2.072652145197346, "gamma": 0.016536864557725576}, "datetime": {"datetime": "2021-09-28 11:57:35", "elapsed": 9.951644, "delta": 0.496026}}
{"target": -38.21555971332478, "params": {"C": 19.390717760812617, "epsilon": 2.1096989266414514, "gamma": 0.05842177261860419}, "datetime": {"datetime": "2021-09-28 11:57:36", "elapsed": 10.303648, "delta": 0.352004}}
{"target": -40.60048510719755, "params": {"C": 120.84050926296231, "epsilon": 1.4978267098612934, "gamma": 0.08259575016639063}, "datetime": {"datetime": "2021-09-28 11:57:36", "elapsed": 10.617647, "delta": 0.313999}}
{"target": -46.88655056508857, "params": {"C": 19.627186068228433, "epsilon": 1.9749862138368353, "gamma": 0.001}, "datetime": {"datetime": "2021-09-28 11:57:36", "elapsed": 10.966645, "delta": 0.348998}}
{"target": -37.761434930472966, "params": {"C": 19.565876239761447, "epsilon": 1.9165139405308758, "gamma": 0.03974543172942256}, "datetime": {"datetime": "2021-09-28 11:57:36", "elapsed": 11.174646, "delta": 0.208001}}
{"target": -38.17658362600905, "params": {"C": 19.744763254380228, "epsilon": 1.8559124970255523, "gamma": 0.05609874337482065}, "datetime": {"datetime": "2021-09-28 11:57:37", "elapsed": 11.50665, "delta": 0.332004}}
{"target": -41.941930928093264, "params": {"C": 97.3913582356781, "epsilon": 0.23911990776024972, "gamma": 0.1773852811981466}, "datetime": {"datetime": "2021-09-28 11:57:37", "elapsed": 11.737648, "delta": 0.230998}}
{"target": -41.96467525619286, "params": {"C": 132.96374948701506, "epsilon": 1.5448290085749101, "gamma": 0.14136181599351436}, "datetime": {"datetime": "2021-09-28 11:57:37", "elapsed": 12.045652, "delta": 0.308004}}
{"target": -37.14895653601252, "params": {"C": 27.649695474181787, "epsilon": 1.1411387277986993, "gamma": 0.012760638562375418}, "datetime": {"datetime": "2021-09-28 11:57:38", "elapsed": 12.343174, "delta": 0.297522}}
{"target": -39.45238434622151, "params": {"C": 27.775378006448037, "epsilon": 1.0323526491572612, "gamma": 0.10323374779887666}, "datetime": {"datetime": "2021-09-28 11:57:38", "elapsed": 12.623174, "delta": 0.28}}
{"target": -37.167780680718074, "params": {"C": 73.51057692676902, "epsilon": 2.6577941480239984, "gamma": 0.0035929474391850555}, "datetime": {"datetime": "2021-09-28 11:57:38", "elapsed": 13.084176, "delta": 0.461002}}
{"target": -41.32876334276382, "params": {"C": 126.10328063960213, "epsilon": 2.117010242609934, "gamma": 0.12688232645040518}, "datetime": {"datetime": "2021-09-28 11:57:39", "elapsed": 13.340175, "delta": 0.255999}}
{"target": -37.49603220068978, "params": {"C": 19.548045724143396, "epsilon": 2.100905215457899, "gamma": 0.031025755941150136}, "datetime": {"datetime": "2021-09-28 11:57:39", "elapsed": 13.634034, "delta": 0.293859}}
{"target": -37.022820132683734, "params": {"C": 19.47753828081036, "epsilon": 2.1478645883180416, "gamma": 0.016144283700635028}, "datetime": {"datetime": "2021-09-28 11:57:39", "elapsed": 13.893034, "delta": 0.259}}
{"target": -37.46533375558493, "params": {"C": 12.144856001977601, "epsilon": 0.12963015692099478, "gamma": 0.04456194309486206}, "datetime": {"datetime": "2021-09-28 11:57:39", "elapsed": 14.127036, "delta": 0.234002}}
{"target": -38.45610653094847, "params": {"C": 19.557877034099324, "epsilon": 2.1519925228276735, "gamma": 0.0056948981307982}, "datetime": {"datetime": "2021-09-28 11:57:40", "elapsed": 14.419738, "delta": 0.292702}}
{"target": -38.59981684482267, "params": {"C": 31.61201432477774, "epsilon": 1.8572803954241577, "gamma": 0.05539638195420522}, "datetime": {"datetime": "2021-09-28 11:57:40", "elapsed": 14.731738, "delta": 0.312}}
{"target": -38.81739169633682, "params": {"C": 71.32719021260624, "epsilon": 2.4371459261236503, "gamma": 0.03344087112187644}, "datetime": {"datetime": "2021-09-28 11:57:40", "elapsed": 14.995735, "delta": 0.263997}}
{"target": -39.91309360127747, "params": {"C": 19.520310392361495, "epsilon": 2.1300166748711873, "gamma": 0.13101690566532329}, "datetime": {"datetime": "2021-09-28 11:57:41", "elapsed": 15.263735, "delta": 0.268}}
{"target": -38.43829737462952, "params": {"C": 31.570049239718344, "epsilon": 1.82404391209544, "gamma": 0.045195038931660915}, "datetime": {"datetime": "2021-09-28 11:57:41", "elapsed": 15.524733, "delta": 0.260998}}
{"target": -37.93581199857108, "params": {"C": 73.6193540154225, "epsilon": 2.62225720162214, "gamma": 0.01402607990843241}, "datetime": {"datetime": "2021-09-28 11:57:41", "elapsed": 15.842737, "delta": 0.318004}}
{"target": -41.07355722918912, "params": {"C": 84.16715479044053, "epsilon": 1.9588346028064192, "gamma": 0.12917378207171734}, "datetime": {"datetime": "2021-09-28 11:57:42", "elapsed": 16.296531, "delta": 0.453794}}
{"target": -38.058622874189965, "params": {"C": 27.61257086459281, "epsilon": 1.0845576051366645, "gamma": 0.04458457872521277}, "datetime": {"datetime": "2021-09-28 11:57:42", "elapsed": 16.645528, "delta": 0.348997}}
{"target": -39.88039650490159, "params": {"C": 34.05057295494172, "epsilon": 0.27419253127035376, "gamma": 0.11588612347569816}, "datetime": {"datetime": "2021-09-28 11:57:42", "elapsed": 16.909529, "delta": 0.264001}}
{"target": -41.523759778169186, "params": {"C": 91.98402847997959, "epsilon": 1.9687152293783519, "gamma": 0.1510147310439551}, "datetime": {"datetime": "2021-09-28 11:57:42", "elapsed": 17.186529, "delta": 0.277}}
{"target": -40.259458469368944, "params": {"C": 92.18295000003353, "epsilon": 0.8155660710688383, "gamma": 0.0779051126581334}, "datetime": {"datetime": "2021-09-28 11:57:43", "elapsed": 17.451529, "delta": 0.265}}
{"target": -39.57878731796416, "params": {"C": 73.50844857897735, "epsilon": 2.853932846522904, "gamma": 0.0697599201551929}, "datetime": {"datetime": "2021-09-28 11:57:43", "elapsed": 17.735525, "delta": 0.283996}}
{"target": -39.2940295383195, "params": {"C": 97.80918638070486, "epsilon": 2.4800834814755865, "gamma": 0.044180363553012504}, "datetime": {"datetime": "2021-09-28 11:57:43", "elapsed": 18.036531, "delta": 0.301006}}
{"target": -40.970983402717216, "params": {"C": 53.488180883029756, "epsilon": 0.5459844528771801, "gamma": 0.16001872533734504}, "datetime": {"datetime": "2021-09-28 11:57:44", "elapsed": 18.400531, "delta": 0.364}}
{"target": -38.08140670750576, "params": {"C": 73.5141428326674, "epsilon": 2.785169467527031, "gamma": 0.017615650013350206}, "datetime": {"datetime": "2021-09-28 11:57:44", "elapsed": 18.845299, "delta": 0.444768}}
{"target": -39.74866264086641, "params": {"C": 115.28537961494958, "epsilon": 1.4158674670097497, "gamma": 0.0597533095412683}, "datetime": {"datetime": "2021-09-28 11:57:44", "elapsed": 19.175297, "delta": 0.329998}}
{"target": -37.462187357260106, "params": {"C": 27.839818485565985, "epsilon": 0.9796631024932985, "gamma": 0.018733437014809003}, "datetime": {"datetime": "2021-09-28 11:57:45", "elapsed": 19.539083, "delta": 0.363786}}
{"target": -39.50764991372844, "params": {"C": 73.52481644227771, "epsilon": 2.6429446095451206, "gamma": 0.06379277787283508}, "datetime": {"datetime": "2021-09-28 11:57:45", "elapsed": 20.003078, "delta": 0.463995}}
{"target": -41.480393922539236, "params": {"C": 12.177429097485842, "epsilon": 0.15110108375389517, "gamma": 0.004892750164070694}, "datetime": {"datetime": "2021-09-28 11:57:46", "elapsed": 20.441008, "delta": 0.43793}}
{"target": -40.82656529671856, "params": {"C": 73.37579931890129, "epsilon": 2.620704841817811, "gamma": 0.11150418376661196}, "datetime": {"datetime": "2021-09-28 11:57:46", "elapsed": 20.866006, "delta": 0.424998}}
{"target": -39.0393550123043, "params": {"C": 12.13857179816236, "epsilon": 0.09598726785338514, "gamma": 0.08065861581178006}, "datetime": {"datetime": "2021-09-28 11:57:46", "elapsed": 21.189008, "delta": 0.323002}}
{"target": -38.708192570677966, "params": {"C": 27.86949284584612, "epsilon": 0.8895304007983813, "gamma": 0.07274372461576041}, "datetime": {"datetime": "2021-09-28 11:57:47", "elapsed": 21.830009, "delta": 0.641001}}
{"target": -37.1840222801075, "params": {"C": 27.66526174937857, "epsilon": 1.0557361911184724, "gamma": 0.01251094478319062}, "datetime": {"datetime": "2021-09-28 11:57:48", "elapsed": 22.420798, "delta": 0.590789}}
{"target": -37.25845573325789, "params": {"C": 19.392342353231314, "epsilon": 2.0333410503832123, "gamma": 0.024522038987655946}, "datetime": {"datetime": "2021-09-28 11:57:48", "elapsed": 22.734792, "delta": 0.313994}}
{"target": -38.96174009611076, "params": {"C": 19.494777551979876, "epsilon": 2.02957102768315, "gamma": 0.09785992267381619}, "datetime": {"datetime": "2021-09-28 11:57:49", "elapsed": 23.227796, "delta": 0.493004}}
{"target": -37.90408816651894, "params": {"C": 27.6477214535103, "epsilon": 1.1997741648975722, "gamma": 0.03164265470768046}, "datetime": {"datetime": "2021-09-28 11:57:49", "elapsed": 23.704677, "delta": 0.476881}}
{"target": -38.81896915981728, "params": {"C": 19.67884003212283, "epsilon": 1.8756848013035137, "gamma": 0.09011681147352156}, "datetime": {"datetime": "2021-09-28 11:57:49", "elapsed": 24.136683, "delta": 0.432006}}
{"target": -38.55757461424312, "params": {"C": 19.39231320807181, "epsilon": 2.023907480498382, "gamma": 0.07770644514756321}, "datetime": {"datetime": "2021-09-28 11:57:50", "elapsed": 24.672842, "delta": 0.536159}}
{"target": -37.54976599974477, "params": {"C": 16.38159630922725, "epsilon": 2.188919082194781, "gamma": 0.03002829145115306}, "datetime": {"datetime": "2021-09-28 11:57:50", "elapsed": 25.007841, "delta": 0.334999}}
{"target": -43.17927731571994, "params": {"C": 141.82466780257994, "epsilon": 1.0363616657147892, "gamma": 0.17225439460083414}, "datetime": {"datetime": "2021-09-28 11:57:51", "elapsed": 25.397842, "delta": 0.390001}}
{"target": -40.8727655647686, "params": {"C": 92.24045310871328, "epsilon": 1.3659781696146527, "gamma": 0.11021493237225127}, "datetime": {"datetime": "2021-09-28 11:57:51", "elapsed": 25.864843, "delta": 0.467001}}
{"target": -37.56820207933444, "params": {"C": 19.500298868316122, "epsilon": 2.0408941345679947, "gamma": 0.032818987088348725}, "datetime": {"datetime": "2021-09-28 11:57:52", "elapsed": 26.29248, "delta": 0.427637}}
{"target": -38.57266600756469, "params": {"C": 16.371511658543085, "epsilon": 2.134222943696963, "gamma": 0.07904880665269515}, "datetime": {"datetime": "2021-09-28 11:57:52", "elapsed": 26.711479, "delta": 0.418999}}
{"target": -41.25984758056564, "params": {"C": 15.64407904006009, "epsilon": 2.1816782728208612, "gamma": 0.18412583054615522}, "datetime": {"datetime": "2021-09-28 11:57:52", "elapsed": 27.125483, "delta": 0.414004}}
{"target": -42.25385925507826, "params": {"C": 8.851296610095568, "epsilon": 1.166473093366109, "gamma": 0.1785438816367223}, "datetime": {"datetime": "2021-09-28 11:57:53", "elapsed": 27.505477, "delta": 0.379994}}
{"target": -38.860162498388796, "params": {"C": 19.41270579791716, "epsilon": 2.193260731962546, "gamma": 0.09020450322161486}, "datetime": {"datetime": "2021-09-28 11:57:53", "elapsed": 28.040483, "delta": 0.535006}}
{"target": -41.391294480554656, "params": {"C": 83.8596537489951, "epsilon": 1.2130656822276833, "gamma": 0.15611053062328603}, "datetime": {"datetime": "2021-09-28 11:57:54", "elapsed": 28.404206, "delta": 0.363723}}
{"target": -40.70403746581597, "params": {"C": 44.391180849926066, "epsilon": 0.31308350108532274, "gamma": 0.1661380644209306}, "datetime": {"datetime": "2021-09-28 11:57:54", "elapsed": 28.841, "delta": 0.436794}}
{"target": -37.0292418470125, "params": {"C": 19.451464140161672, "epsilon": 1.911896369127714, "gamma": 0.015844060889180184}, "datetime": {"datetime": "2021-09-28 11:57:55", "elapsed": 29.342074, "delta": 0.501074}}
{"target": -38.833958483592205, "params": {"C": 148.52862968681683, "epsilon": 2.2349506742900074, "gamma": 0.02909715955601548}, "datetime": {"datetime": "2021-09-28 11:57:55", "elapsed": 29.751071, "delta": 0.408997}}
{"target": -44.84822906836385, "params": {"C": 27.773910661110406, "epsilon": 0.9881532587738834, "gamma": 0.001}, "datetime": {"datetime": "2021-09-28 11:57:56", "elapsed": 30.241074, "delta": 0.490003}}
{"target": -40.77175261708646, "params": {"C": 74.66297503881584, "epsilon": 2.489684567151519, "gamma": 0.10931817682504133}, "datetime": {"datetime": "2021-09-28 11:57:56", "elapsed": 30.645345, "delta": 0.404271}}
