{"target": -53.0098010518309, "params": {"C": 698.8550196225946, "epsilon": 2.5791446210015185, "gamma": 0.16331095862622963}, "datetime": {"datetime": "2021-09-28 15:28:58", "elapsed": 40.429351, "delta": 0.523993}}
{"target": -52.55627303102939, "params": {"C": 501.8032311411529, "epsilon": 2.7808594244173155, "gamma": 0.17122550143783333}, "datetime": {"datetime": "2021-09-28 15:28:59", "elapsed": 41.014357, "delta": 0.585006}}
{"target": -38.35849765089012, "params": {"C": 502.27263593566727, "epsilon": 2.9347370668404555, "gamma": 0.013291458384716619}, "datetime": {"datetime": "2021-09-28 15:28:59", "elapsed": 41.395711, "delta": 0.381354}}
{"target": -39.66273423946781, "params": {"C": 523.9859046758734, "epsilon": 1.4400838758905885, "gamma": 0.022576221979139926}, "datetime": {"datetime": "2021-09-28 15:29:00", "elapsed": 41.89448, "delta": 0.498769}}
{"target": -49.758997992759625, "params": {"C": 660.4978288683758, "epsilon": 1.4667760444165974, "gamma": 0.096747695305041}, "datetime": {"datetime": "2021-09-28 15:29:00", "elapsed": 42.354488, "delta": 0.460008}}
{"target": -40.78751419799798, "params": {"C": 550.4090219187583, "epsilon": 1.7816079930062227, "gamma": 0.03098160741465583}, "datetime": {"datetime": "2021-09-28 15:29:01", "elapsed": 42.775481, "delta": 0.420993}}
{"target": -50.261492624643864, "params": {"C": 608.8464138413748, "epsilon": 0.9393441892541812, "gamma": 0.10704552120863811}, "datetime": {"datetime": "2021-09-28 15:29:01", "elapsed": 43.190988, "delta": 0.415507}}
{"target": -49.083740966378585, "params": {"C": 523.9244986869846, "epsilon": 1.5442758667217322, "gamma": 0.10242641317596958}, "datetime": {"datetime": "2021-09-28 15:29:01", "elapsed": 43.697366, "delta": 0.506378}}
{"target": -46.311392002902444, "params": {"C": 581.3418841305953, "epsilon": 2.0673866734864936, "gamma": 0.07651386157602423}, "datetime": {"datetime": "2021-09-28 15:29:02", "elapsed": 44.18936, "delta": 0.491994}}
{"target": -45.289060515081964, "params": {"C": 588.6506797475196, "epsilon": 2.783644751635389, "gamma": 0.07118917738814819}, "datetime": {"datetime": "2021-09-28 15:29:03", "elapsed": 44.835888, "delta": 0.646528}}
{"target": -38.42662100868054, "params": {"C": 524.2002242720963, "epsilon": 1.3889774934431283, "gamma": 0.013171019468353714}, "datetime": {"datetime": "2021-09-28 15:29:03", "elapsed": 45.500143, "delta": 0.664255}}
{"target": -36.73815170739245, "params": {"C": 524.0995951998402, "epsilon": 1.5261126019320272, "gamma": 0.004687426004002975}, "datetime": {"datetime": "2021-09-28 15:29:04", "elapsed": 45.971175, "delta": 0.471032}}
{"target": -48.78705252217476, "params": {"C": 524.1920078991095, "epsilon": 1.6190722039374248, "gamma": 0.09710789907340353}, "datetime": {"datetime": "2021-09-28 15:29:04", "elapsed": 46.578138, "delta": 0.606963}}
{"target": -52.70939561774147, "params": {"C": 566.0102840762061, "epsilon": 0.45787820304449306, "gamma": 0.17569703702425493}, "datetime": {"datetime": "2021-09-28 15:29:05", "elapsed": 47.024835, "delta": 0.446697}}
{"target": -37.647843584352636, "params": {"C": 524.0988763724522, "epsilon": 1.465218939915191, "gamma": 0.009502510828667024}, "datetime": {"datetime": "2021-09-28 15:29:05", "elapsed": 47.575172, "delta": 0.550337}}
{"target": -38.96792756321779, "params": {"C": 588.2428494682993, "epsilon": 2.3995970498165207, "gamma": 0.016072378259372255}, "datetime": {"datetime": "2021-09-28 15:29:06", "elapsed": 48.11813, "delta": 0.542958}}
{"target": -41.58678726719563, "params": {"C": 524.3579194336903, "epsilon": 1.284927971507766, "gamma": 0.043911883262665805}, "datetime": {"datetime": "2021-09-28 15:29:06", "elapsed": 48.628131, "delta": 0.510001}}
{"target": -41.05869757660113, "params": {"C": 697.8773961366321, "epsilon": 2.1454590588891898, "gamma": 0.02504423670540734}, "datetime": {"datetime": "2021-09-28 15:29:07", "elapsed": 49.29336, "delta": 0.665229}}
{"target": -40.37033309693535, "params": {"C": 535.9261894624315, "epsilon": 1.0713298599208307, "gamma": 0.024985575056449345}, "datetime": {"datetime": "2021-09-28 15:29:08", "elapsed": 49.732355, "delta": 0.438995}}
{"target": -42.248549301657185, "params": {"C": 630.1305512047443, "epsilon": 2.409511955708755, "gamma": 0.04613654156681187}, "datetime": {"datetime": "2021-09-28 15:29:08", "elapsed": 50.279359, "delta": 0.547004}}
{"target": -35.93430097379612, "params": {"C": 502.4254579138625, "epsilon": 2.907937662833762, "gamma": 0.0002546738224621048}, "datetime": {"datetime": "2021-09-28 15:29:09", "elapsed": 50.918366, "delta": 0.639007}}
{"target": -51.3259565160489, "params": {"C": 502.5887092682617, "epsilon": 2.9633811444005764, "gamma": 0.13610907806968855}, "datetime": {"datetime": "2021-09-28 15:29:09", "elapsed": 51.495569, "delta": 0.577203}}
{"target": -52.77974464899957, "params": {"C": 524.2377756293951, "epsilon": 1.382639649426572, "gamma": 0.15908635714297475}, "datetime": {"datetime": "2021-09-28 15:29:10", "elapsed": 52.115469, "delta": 0.6199}}
{"target": -36.59854445546749, "params": {"C": 501.4601121274532, "epsilon": 2.9758689756780856, "gamma": 0.003980357221909291}, "datetime": {"datetime": "2021-09-28 15:29:10", "elapsed": 52.678432, "delta": 0.562963}}
{"target": -52.541542446532475, "params": {"C": 643.7471878619028, "epsilon": 1.0999431681533998, "gamma": 0.12743219306451806}, "datetime": {"datetime": "2021-09-28 15:29:11", "elapsed": 53.122399, "delta": 0.443967}}
{"target": -48.93291897422041, "params": {"C": 501.5422907350912, "epsilon": 2.953987239830246, "gamma": 0.10520508621775411}, "datetime": {"datetime": "2021-09-28 15:29:12", "elapsed": 53.837837, "delta": 0.715438}}
{"target": -43.73727711487278, "params": {"C": 501.31370825372545, "epsilon": 2.843132306091265, "gamma": 0.06676342355218422}, "datetime": {"datetime": "2021-09-28 15:29:12", "elapsed": 54.446796, "delta": 0.608959}}
{"target": -52.98493623573245, "params": {"C": 565.6446638551345, "epsilon": 0.0448407603010918, "gamma": 0.16595285514481936}, "datetime": {"datetime": "2021-09-28 15:29:13", "elapsed": 54.899835, "delta": 0.453039}}
{"target": -53.0751846348239, "params": {"C": 588.2882683821811, "epsilon": 2.3009041256237004, "gamma": 0.15092305346866108}, "datetime": {"datetime": "2021-09-28 15:29:13", "elapsed": 55.589003, "delta": 0.689168}}
{"target": -50.14867213825739, "params": {"C": 643.679635609672, "epsilon": 1.1352045489277627, "gamma": 0.10197741630281128}, "datetime": {"datetime": "2021-09-28 15:29:14", "elapsed": 56.124006, "delta": 0.535003}}
{"target": -39.431952352770345, "params": {"C": 588.2019002458635, "epsilon": 2.5288395701058337, "gamma": 0.02017190901796655}, "datetime": {"datetime": "2021-09-28 15:29:15", "elapsed": 56.806153, "delta": 0.682147}}
{"target": -39.11280788282608, "params": {"C": 597.8715444367449, "epsilon": 2.162145301628259, "gamma": 0.016835896675642194}, "datetime": {"datetime": "2021-09-28 15:29:15", "elapsed": 57.458097, "delta": 0.651944}}
{"target": -37.01273040579102, "params": {"C": 588.0001157334907, "epsilon": 2.4664918098305275, "gamma": 0.005862425669910136}, "datetime": {"datetime": "2021-09-28 15:29:16", "elapsed": 58.059095, "delta": 0.600998}}
{"target": -49.12748419295684, "params": {"C": 587.8587247718191, "epsilon": 2.5655845981671406, "gamma": 0.09714789536058661}, "datetime": {"datetime": "2021-09-28 15:29:17", "elapsed": 58.769095, "delta": 0.71}}
{"target": -41.000282152697125, "params": {"C": 501.81128047827616, "epsilon": 2.757888575882792, "gamma": 0.04045824159170457}, "datetime": {"datetime": "2021-09-28 15:29:17", "elapsed": 59.310596, "delta": 0.541501}}
{"target": -44.65887390091852, "params": {"C": 525.3565114970575, "epsilon": 2.4688223999421, "gamma": 0.07177204825489404}, "datetime": {"datetime": "2021-09-28 15:29:18", "elapsed": 59.977573, "delta": 0.666977}}
{"target": -52.76453710236449, "params": {"C": 697.8665138918275, "epsilon": 2.279104893180778, "gamma": 0.17097138172758347}, "datetime": {"datetime": "2021-09-28 15:29:19", "elapsed": 60.895571, "delta": 0.917998}}
{"target": -44.95768834243068, "params": {"C": 698.142760652076, "epsilon": 2.441581871445054, "gamma": 0.06349773052464806}, "datetime": {"datetime": "2021-09-28 15:29:19", "elapsed": 61.546, "delta": 0.650429}}
{"target": -43.730776030619126, "params": {"C": 506.5950613559976, "epsilon": 1.237502733353879, "gamma": 0.06557739408243303}, "datetime": {"datetime": "2021-09-28 15:29:20", "elapsed": 62.159684, "delta": 0.613684}}
{"target": -53.091280054522095, "params": {"C": 598.0143081186552, "epsilon": 2.2734680443209165, "gamma": 0.14782396544783238}, "datetime": {"datetime": "2021-09-28 15:29:21", "elapsed": 62.935687, "delta": 0.776003}}
{"target": -37.5961068003827, "params": {"C": 550.2827232143019, "epsilon": 1.5965408117089441, "gamma": 0.009030514965164896}, "datetime": {"datetime": "2021-09-28 15:29:21", "elapsed": 63.677923, "delta": 0.742236}}
{"target": -36.41805056935482, "params": {"C": 587.9831618447345, "epsilon": 2.3401401183831814, "gamma": 0.0006941384271963144}, "datetime": {"datetime": "2021-09-28 15:29:22", "elapsed": 64.363934, "delta": 0.686011}}
{"target": -42.641331024273846, "params": {"C": 506.6097354560736, "epsilon": 1.2144391163944601, "gamma": 0.056630938340895345}, "datetime": {"datetime": "2021-09-28 15:29:23", "elapsed": 64.947928, "delta": 0.583994}}
{"target": -51.624501162697655, "params": {"C": 550.2989647273603, "epsilon": 1.662396292992116, "gamma": 0.13147783128020157}, "datetime": {"datetime": "2021-09-28 15:29:24", "elapsed": 65.8407, "delta": 0.892772}}
{"target": -41.25867118213996, "params": {"C": 623.9964136405149, "epsilon": 0.8207405295317993, "gamma": 0.030966396845654085}, "datetime": {"datetime": "2021-09-28 15:29:24", "elapsed": 66.461699, "delta": 0.620999}}
{"target": -37.55555292022988, "params": {"C": 588.0481435165076, "epsilon": 2.2959858950316008, "gamma": 0.008437140151050147}, "datetime": {"datetime": "2021-09-28 15:29:25", "elapsed": 67.271413, "delta": 0.809714}}
{"target": -36.97061198624124, "params": {"C": 550.5023753826231, "epsilon": 1.3958232896492462, "gamma": 0.0030646330028041447}, "datetime": {"datetime": "2021-09-28 15:29:26", "elapsed": 68.122104, "delta": 0.850691}}
{"target": -53.05396109739433, "params": {"C": 594.7493448820626, "epsilon": 1.8598309094198433, "gamma": 0.14640174964688699}, "datetime": {"datetime": "2021-09-28 15:29:27", "elapsed": 68.766103, "delta": 0.643999}}
{"target": -42.52482855810199, "params": {"C": 586.8101987557842, "epsilon": 0.5727764292888134, "gamma": 0.049126424457304224}, "datetime": {"datetime": "2021-09-28 15:29:27", "elapsed": 69.424504, "delta": 0.658401}}
{"target": -41.24658197053343, "params": {"C": 587.9790295677116, "epsilon": 2.162059530278257, "gamma": 0.03750415037004434}, "datetime": {"datetime": "2021-09-28 15:29:28", "elapsed": 70.192535, "delta": 0.768031}}
{"target": -44.04464966192801, "params": {"C": 550.298369680247, "epsilon": 1.4469177261104877, "gamma": 0.06470145864570126}, "datetime": {"datetime": "2021-09-28 15:29:29", "elapsed": 70.927501, "delta": 0.734966}}
{"target": -36.67871636212743, "params": {"C": 502.36939053353694, "epsilon": 2.997987881525133, "gamma": 0.0052468121663203455}, "datetime": {"datetime": "2021-09-28 15:29:30", "elapsed": 72.022333, "delta": 1.094832}}
{"target": -40.75917983671239, "params": {"C": 518.1519033730541, "epsilon": 1.8449163489971179, "gamma": 0.0347006364532183}, "datetime": {"datetime": "2021-09-28 15:29:30", "elapsed": 72.653333, "delta": 0.631}}
{"target": -42.09325337850978, "params": {"C": 550.7072972544674, "epsilon": 1.4798259927336301, "gamma": 0.04808254640006273}, "datetime": {"datetime": "2021-09-28 15:29:31", "elapsed": 73.604702, "delta": 0.951369}}
{"target": -41.07271604335283, "params": {"C": 599.6963665828291, "epsilon": 1.2516564301177766, "gamma": 0.026434459009528663}, "datetime": {"datetime": "2021-09-28 15:29:32", "elapsed": 74.270666, "delta": 0.665964}}
{"target": -41.91825695955761, "params": {"C": 550.7104438465866, "epsilon": 1.7316980107987885, "gamma": 0.045986437092392835}, "datetime": {"datetime": "2021-09-28 15:29:33", "elapsed": 74.967789, "delta": 0.697123}}
{"target": -41.11673522604566, "params": {"C": 523.9694310349042, "epsilon": 1.433600117846984, "gamma": 0.03826821319727705}, "datetime": {"datetime": "2021-09-28 15:29:33", "elapsed": 75.625031, "delta": 0.657242}}
{"target": -52.116454371921236, "params": {"C": 517.9739346519393, "epsilon": 1.7844424551747042, "gamma": 0.14351484641087303}, "datetime": {"datetime": "2021-09-28 15:29:34", "elapsed": 76.490028, "delta": 0.864997}}
{"target": -48.788336085909414, "params": {"C": 550.5033227610244, "epsilon": 1.1991704014387645, "gamma": 0.09380574852243886}, "datetime": {"datetime": "2021-09-28 15:29:35", "elapsed": 77.383694, "delta": 0.893666}}
{"target": -38.40435972906494, "params": {"C": 550.566642210836, "epsilon": 1.5044928616487576, "gamma": 0.012598216680214906}, "datetime": {"datetime": "2021-09-28 15:29:36", "elapsed": 78.269008, "delta": 0.885314}}
{"target": -52.76833499704131, "params": {"C": 556.4934061407728, "epsilon": 1.2358507672705388, "gamma": 0.17015799382007885}, "datetime": {"datetime": "2021-09-28 15:29:37", "elapsed": 78.891033, "delta": 0.622025}}
{"target": -48.90259525127909, "params": {"C": 587.9279755296191, "epsilon": 2.308255644633039, "gamma": 0.09294694285875002}, "datetime": {"datetime": "2021-09-28 15:29:37", "elapsed": 79.688751, "delta": 0.797718}}
{"target": -50.901229036104176, "params": {"C": 599.0439067241286, "epsilon": 0.8976812111791489, "gamma": 0.11489926518250905}, "datetime": {"datetime": "2021-09-28 15:29:38", "elapsed": 80.284781, "delta": 0.59603}}
{"target": -37.45859411126281, "params": {"C": 677.9249256071234, "epsilon": 1.4415323664752138, "gamma": 0.0063005043417745255}, "datetime": {"datetime": "2021-09-28 15:29:39", "elapsed": 80.896742, "delta": 0.611961}}
{"target": -41.08305082452755, "params": {"C": 526.7806379033309, "epsilon": 1.3235334874202949, "gamma": 0.0373527505237932}, "datetime": {"datetime": "2021-09-28 15:29:39", "elapsed": 81.476951, "delta": 0.580209}}
{"target": -48.92173727978523, "params": {"C": 678.0158328448376, "epsilon": 1.4646673199545932, "gamma": 0.08366101620478872}, "datetime": {"datetime": "2021-09-28 15:29:40", "elapsed": 82.35095, "delta": 0.873999}}
{"target": -39.64267528833697, "params": {"C": 590.3856274724935, "epsilon": 2.4636631457309446, "gamma": 0.021413992155833696}, "datetime": {"datetime": "2021-09-28 15:29:41", "elapsed": 83.014993, "delta": 0.664043}}
{"target": -52.65810931844993, "params": {"C": 567.9660707144485, "epsilon": 2.220564170796571, "gamma": 0.17223982915502417}, "datetime": {"datetime": "2021-09-28 15:29:42", "elapsed": 83.734102, "delta": 0.719109}}
{"target": -53.05334360678442, "params": {"C": 590.3553951241515, "epsilon": 2.3147040665246137, "gamma": 0.14859098753268926}, "datetime": {"datetime": "2021-09-28 15:29:42", "elapsed": 84.689098, "delta": 0.954996}}
{"target": -40.537295760723694, "params": {"C": 677.8230977727001, "epsilon": 1.508988331218285, "gamma": 0.02218381338009162}, "datetime": {"datetime": "2021-09-28 15:29:43", "elapsed": 85.453096, "delta": 0.763998}}
{"target": -39.95529349663617, "params": {"C": 590.5175242718494, "epsilon": 2.562201209052135, "gamma": 0.022614659031271245}, "datetime": {"datetime": "2021-09-28 15:29:44", "elapsed": 86.309772, "delta": 0.856676}}
{"target": -45.597195198215864, "params": {"C": 659.1915755170593, "epsilon": 0.9856244684566998, "gamma": 0.06877148025838528}, "datetime": {"datetime": "2021-09-28 15:29:45", "elapsed": 87.101415, "delta": 0.791643}}
{"target": -48.04797695580284, "params": {"C": 590.3176403261781, "epsilon": 2.5564319069252637, "gamma": 0.08444357902264849}, "datetime": {"datetime": "2021-09-28 15:29:46", "elapsed": 88.100623, "delta": 0.999208}}
{"target": -37.58863370239195, "params": {"C": 524.191406373056, "epsilon": 1.249333153443498, "gamma": 0.0001}, "datetime": {"datetime": "2021-09-28 15:29:47", "elapsed": 89.265771, "delta": 1.165148}}
{"target": -36.59101023096224, "params": {"C": 501.3460292005628, "epsilon": 2.998185055505495, "gamma": 0.0048595214747501085}, "datetime": {"datetime": "2021-09-28 15:29:48", "elapsed": 90.152434, "delta": 0.886663}}
{"target": -42.65529318023724, "params": {"C": 677.8280424813062, "epsilon": 1.2232464692482845, "gamma": 0.04617700046756007}, "datetime": {"datetime": "2021-09-28 15:29:49", "elapsed": 91.054435, "delta": 0.902001}}
{"target": -50.75237083502765, "params": {"C": 524.3383355499683, "epsilon": 1.0703363782641324, "gamma": 0.12323360875444328}, "datetime": {"datetime": "2021-09-28 15:29:50", "elapsed": 92.026031, "delta": 0.971596}}
{"target": -38.87953641016602, "params": {"C": 518.283175182772, "epsilon": 1.8721603597497147, "gamma": 0.015964059140339434}, "datetime": {"datetime": "2021-09-28 15:29:51", "elapsed": 93.119157, "delta": 1.093126}}
{"target": -50.945038320239696, "params": {"C": 518.2623724595646, "epsilon": 1.9469890804469276, "gamma": 0.12781191056053143}, "datetime": {"datetime": "2021-09-28 15:29:52", "elapsed": 93.989682, "delta": 0.870525}}
{"target": -47.44849622611348, "params": {"C": 550.4633363826409, "epsilon": 1.4852839110611968, "gamma": 0.08406337513600493}, "datetime": {"datetime": "2021-09-28 15:29:53", "elapsed": 94.935688, "delta": 0.946006}}
{"target": -48.940888806273165, "params": {"C": 590.6584569884579, "epsilon": 2.5393372119301607, "gamma": 0.09385815571418302}, "datetime": {"datetime": "2021-09-28 15:29:54", "elapsed": 96.208485, "delta": 1.272797}}
{"target": -36.77260887477217, "params": {"C": 588.3322613607064, "epsilon": 2.4594840990190843, "gamma": 0.0001}, "datetime": {"datetime": "2021-09-28 15:29:55", "elapsed": 97.162702, "delta": 0.954217}}
{"target": -41.24781490430463, "params": {"C": 588.1394865868239, "epsilon": 2.45715014509403, "gamma": 0.03783022204803249}, "datetime": {"datetime": "2021-09-28 15:29:56", "elapsed": 98.485859, "delta": 1.323157}}
{"target": -48.684825807097425, "params": {"C": 518.2764167418179, "epsilon": 1.7544544368063173, "gamma": 0.09662933024809593}, "datetime": {"datetime": "2021-09-28 15:29:58", "elapsed": 100.051222, "delta": 1.565363}}
{"target": -51.91195177082443, "params": {"C": 677.6805537908306, "epsilon": 1.3541961787483843, "gamma": 0.11642518499960414}, "datetime": {"datetime": "2021-09-28 15:29:59", "elapsed": 101.332222, "delta": 1.281}}
{"target": -49.750115630353356, "params": {"C": 599.8445996689445, "epsilon": 1.2022769487083742, "gamma": 0.10230755138726814}, "datetime": {"datetime": "2021-09-28 15:30:00", "elapsed": 102.522169, "delta": 1.189947}}
{"target": -37.597939841820086, "params": {"C": 693.6189360433218, "epsilon": 2.922040725366833, "gamma": 0.007815847408353475}, "datetime": {"datetime": "2021-09-28 15:30:01", "elapsed": 103.725466, "delta": 1.203297}}
{"target": -40.90565166799085, "params": {"C": 550.6698421053212, "epsilon": 1.3475816551537625, "gamma": 0.03272858068237531}, "datetime": {"datetime": "2021-09-28 15:30:03", "elapsed": 105.628731, "delta": 1.903265}}
{"target": -52.550790811724404, "params": {"C": 624.1517868921089, "epsilon": 0.7719036266841729, "gamma": 0.1303209802371012}, "datetime": {"datetime": "2021-09-28 15:30:05", "elapsed": 107.260379, "delta": 1.631648}}
{"target": -40.17860187098073, "params": {"C": 599.4973156026206, "epsilon": 1.2538286307178392, "gamma": 0.022711769375441036}, "datetime": {"datetime": "2021-09-28 15:30:07", "elapsed": 109.109958, "delta": 1.849579}}
{"target": -52.69596674621033, "params": {"C": 618.953930215601, "epsilon": 2.567432506600664, "gamma": 0.1335428165302605}, "datetime": {"datetime": "2021-09-28 15:30:08", "elapsed": 110.213284, "delta": 1.103326}}
{"target": -40.3552450684204, "params": {"C": 501.5867292287788, "epsilon": 2.6625345708704273, "gamma": 0.027601792610666934}, "datetime": {"datetime": "2021-09-28 15:30:10", "elapsed": 111.814742, "delta": 1.601458}}
{"target": -36.9804043745181, "params": {"C": 599.5935400831046, "epsilon": 1.3909669363091268, "gamma": 0.0001}, "datetime": {"datetime": "2021-09-28 15:30:11", "elapsed": 113.442738, "delta": 1.627996}}
{"target": -52.594856422360984, "params": {"C": 599.5754180462902, "epsilon": 1.4546834219523563, "gamma": 0.134979362730211}, "datetime": {"datetime": "2021-09-28 15:30:13", "elapsed": 115.578217, "delta": 2.135479}}
{"target": -40.83532902328969, "params": {"C": 550.0567198764936, "epsilon": 1.5665402204727847, "gamma": 0.02718617175925046}, "datetime": {"datetime": "2021-09-28 15:30:15", "elapsed": 117.058069, "delta": 1.479852}}
{"target": -52.90898260718776, "params": {"C": 558.2083202770393, "epsilon": 0.902727193455901, "gamma": 0.16559990298493177}, "datetime": {"datetime": "2021-09-28 15:30:16", "elapsed": 118.011385, "delta": 0.953316}}
{"target": -40.25656145845619, "params": {"C": 501.1730951289795, "epsilon": 2.9835645917969082, "gamma": 0.027458572986550862}, "datetime": {"datetime": "2021-09-28 15:30:17", "elapsed": 119.524385, "delta": 1.513}}
{"target": -51.728641861458954, "params": {"C": 515.6536251710228, "epsilon": 1.2364929705274044, "gamma": 0.13873369405917535}, "datetime": {"datetime": "2021-09-28 15:30:18", "elapsed": 120.55375, "delta": 1.029365}}
{"target": -39.83953597469964, "params": {"C": 623.9139297173182, "epsilon": 0.989138802081047, "gamma": 0.019939756472458502}, "datetime": {"datetime": "2021-09-28 15:30:20", "elapsed": 122.602528, "delta": 2.048778}}
{"target": -48.61932537523674, "params": {"C": 623.721472587672, "epsilon": 0.9831409700725151, "gamma": 0.08532759831518016}, "datetime": {"datetime": "2021-09-28 15:30:22", "elapsed": 123.915391, "delta": 1.312863}}
{"target": -36.91209153453625, "params": {"C": 685.7417870032168, "epsilon": 0.39229572486612174, "gamma": 0.002896734797100996}, "datetime": {"datetime": "2021-09-28 15:30:23", "elapsed": 124.996395, "delta": 1.081004}}
