{"target": -39.18547170388468, "params": {"C": 10.424929067546232, "epsilon": 2.813908123002196, "gamma": 0.0896813488529331}, "datetime": {"datetime": "2021-09-28 12:01:48", "elapsed": 262.332483, "delta": 1.784523}}
{"target": -40.60116337342941, "params": {"C": 21.973260152306338, "epsilon": 0.2866357429529406, "gamma": 0.1632864404442672}, "datetime": {"datetime": "2021-09-28 12:01:49", "elapsed": 263.787875, "delta": 1.455392}}
{"target": -38.079439285278994, "params": {"C": 19.639126805682515, "epsilon": 1.7525263525444401, "gamma": 0.05117126353766279}, "datetime": {"datetime": "2021-09-28 12:01:52", "elapsed": 266.400708, "delta": 2.612833}}
{"target": -39.04951310090631, "params": {"C": 74.2806616299028, "epsilon": 0.43911266342520777, "gamma": 0.0386273624023246}, "datetime": {"datetime": "2021-09-28 12:01:53", "elapsed": 267.839483, "delta": 1.438775}}
{"target": -37.80988681400717, "params": {"C": 16.60556447551398, "epsilon": 2.375146825581328, "gamma": 0.03964171426796602}, "datetime": {"datetime": "2021-09-28 12:01:55", "elapsed": 270.097659, "delta": 2.258176}}
{"target": -40.58306606559724, "params": {"C": 133.4941876977097, "epsilon": 1.5992852560219981, "gamma": 0.07596308317398785}, "datetime": {"datetime": "2021-09-28 12:01:58", "elapsed": 272.225178, "delta": 2.127519}}
{"target": -38.96501867721784, "params": {"C": 16.36328062530827, "epsilon": 2.2303885059685835, "gamma": 0.0932280368426728}, "datetime": {"datetime": "2021-09-28 12:02:00", "elapsed": 274.298469, "delta": 2.073291}}
{"target": -40.417766945335615, "params": {"C": 29.024870173875367, "epsilon": 2.2834819508654802, "gamma": 0.16807328560686646}, "datetime": {"datetime": "2021-09-28 12:02:01", "elapsed": 275.758476, "delta": 1.460007}}
{"target": -37.9571790265249, "params": {"C": 37.36122724181512, "epsilon": 0.17043735218898717, "gamma": 0.02317752845917774}, "datetime": {"datetime": "2021-09-28 12:02:03", "elapsed": 278.135325, "delta": 2.376849}}
{"target": -39.50783261534582, "params": {"C": 71.41013849777795, "epsilon": 2.41006862959301, "gamma": 0.06416956351548808}, "datetime": {"datetime": "2021-09-28 12:02:05", "elapsed": 279.682087, "delta": 1.546762}}
{"target": -40.23747844498969, "params": {"C": 111.40913802437784, "epsilon": 2.0335020430641944, "gamma": 0.07152064773010416}, "datetime": {"datetime": "2021-09-28 12:02:06", "elapsed": 281.013991, "delta": 1.331904}}
{"target": -38.25546419958285, "params": {"C": 19.653423210925737, "epsilon": 1.7528769512676594, "gamma": 0.060881368891730035}, "datetime": {"datetime": "2021-09-28 12:02:08", "elapsed": 282.373276, "delta": 1.359285}}
{"target": -37.82086834681739, "params": {"C": 16.43087584206507, "epsilon": 2.4224154066831174, "gamma": 0.03992132906696778}, "datetime": {"datetime": "2021-09-28 12:02:10", "elapsed": 284.663374, "delta": 2.290098}}
{"target": -38.062169969266705, "params": {"C": 27.583412935387976, "epsilon": 1.2734636334882696, "gamma": 0.04061794482024353}, "datetime": {"datetime": "2021-09-28 12:02:12", "elapsed": 287.057651, "delta": 2.394277}}
{"target": -40.42611317969065, "params": {"C": 99.5663056622446, "epsilon": 2.0775163712828397, "gamma": 0.08418106846886758}, "datetime": {"datetime": "2021-09-28 12:02:14", "elapsed": 288.379067, "delta": 1.321416}}
{"target": -38.053842780374374, "params": {"C": 27.757659503422577, "epsilon": 1.0740239428639653, "gamma": 0.043206154564931376}, "datetime": {"datetime": "2021-09-28 12:02:17", "elapsed": 291.275071, "delta": 2.896004}}
{"target": -39.928812141921405, "params": {"C": 16.495713040819318, "epsilon": 2.433261771920797, "gamma": 0.12756417300908948}, "datetime": {"datetime": "2021-09-28 12:02:18", "elapsed": 293.122489, "delta": 1.847418}}
{"target": -38.559083816925394, "params": {"C": 23.232566314729684, "epsilon": 2.2714001098759162, "gamma": 0.06644517617666834}, "datetime": {"datetime": "2021-09-28 12:02:20", "elapsed": 294.597448, "delta": 1.474959}}
{"target": -41.21638818455686, "params": {"C": 27.61136116983625, "epsilon": 1.130904522610542, "gamma": 0.0021558990797541826}, "datetime": {"datetime": "2021-09-28 12:02:22", "elapsed": 296.530801, "delta": 1.933353}}
{"target": -39.0499661666833, "params": {"C": 44.30965000364086, "epsilon": 2.4451191919049067, "gamma": 0.05833485347514098}, "datetime": {"datetime": "2021-09-28 12:02:24", "elapsed": 298.691487, "delta": 2.160686}}
{"target": -38.372924311095296, "params": {"C": 16.35659277692315, "epsilon": 2.284384564716083, "gamma": 0.07279227001874963}, "datetime": {"datetime": "2021-09-28 12:02:26", "elapsed": 300.53395, "delta": 1.842463}}
{"target": -38.913767749247384, "params": {"C": 143.51619350299052, "epsilon": 1.5937547041357352, "gamma": 0.024217822948901607}, "datetime": {"datetime": "2021-09-28 12:02:27", "elapsed": 301.937944, "delta": 1.403994}}
{"target": -41.05130052615192, "params": {"C": 83.00584457410898, "epsilon": 1.0472501409367116, "gamma": 0.13057404042484788}, "datetime": {"datetime": "2021-09-28 12:02:29", "elapsed": 303.31368, "delta": 1.375736}}
{"target": -39.23250142141388, "params": {"C": 44.28136703242122, "epsilon": 2.4980217278891264, "gamma": 0.07562046340726829}, "datetime": {"datetime": "2021-09-28 12:02:31", "elapsed": 305.433824, "delta": 2.120144}}
{"target": -41.709249386789736, "params": {"C": 82.34821600407311, "epsilon": 1.9566074344480964, "gamma": 0.1742842363917594}, "datetime": {"datetime": "2021-09-28 12:02:32", "elapsed": 307.135646, "delta": 1.701822}}
{"target": -37.81505259696598, "params": {"C": 16.569690984461804, "epsilon": 2.3276908018022646, "gamma": 0.040110077383048226}, "datetime": {"datetime": "2021-09-28 12:02:35", "elapsed": 309.443521, "delta": 2.307875}}
{"target": -37.08861141415321, "params": {"C": 16.632180283439617, "epsilon": 2.4264915650463283, "gamma": 0.019050582466992032}, "datetime": {"datetime": "2021-09-28 12:02:38", "elapsed": 312.207544, "delta": 2.764023}}
{"target": -38.86281845121523, "params": {"C": 66.85383115793105, "epsilon": 2.6964052987909146, "gamma": 0.0445557496584043}, "datetime": {"datetime": "2021-09-28 12:02:40", "elapsed": 314.305907, "delta": 2.098363}}
{"target": -37.82876933547168, "params": {"C": 37.367709921179646, "epsilon": 0.09792603511441174, "gamma": 0.02169575582049051}, "datetime": {"datetime": "2021-09-28 12:02:42", "elapsed": 316.257908, "delta": 1.952001}}
{"target": -38.299534822700195, "params": {"C": 16.62778383984533, "epsilon": 2.4002762591954863, "gamma": 0.06851224658984435}, "datetime": {"datetime": "2021-09-28 12:02:44", "elapsed": 319.181998, "delta": 2.92409}}
{"target": -40.34777585796513, "params": {"C": 133.5871025505045, "epsilon": 1.4562905396578756, "gamma": 0.06621487473309381}, "datetime": {"datetime": "2021-09-28 12:02:46", "elapsed": 321.135283, "delta": 1.953285}}
{"target": -39.42807731837251, "params": {"C": 19.69467377971082, "epsilon": 1.6612832176993193, "gamma": 0.004354469505646561}, "datetime": {"datetime": "2021-09-28 12:02:49", "elapsed": 323.525848, "delta": 2.390565}}
{"target": -39.76382539903334, "params": {"C": 40.22112257693661, "epsilon": 2.561836724772556, "gamma": 0.09854119050120716}, "datetime": {"datetime": "2021-09-28 12:02:50", "elapsed": 325.079048, "delta": 1.5532}}
{"target": -37.52609306446447, "params": {"C": 16.599353473075126, "epsilon": 2.454236395293142, "gamma": 0.029847420329340412}, "datetime": {"datetime": "2021-09-28 12:02:52", "elapsed": 326.964692, "delta": 1.885644}}
{"target": -39.89033354592877, "params": {"C": 42.5466437804372, "epsilon": 0.6475747550852883, "gamma": 0.10542743418278126}, "datetime": {"datetime": "2021-09-28 12:02:54", "elapsed": 328.718763, "delta": 1.754071}}
{"target": -41.65879544882055, "params": {"C": 90.0972724393627, "epsilon": 0.13300659256873557, "gamma": 0.17391288174334396}, "datetime": {"datetime": "2021-09-28 12:02:56", "elapsed": 330.390863, "delta": 1.6721}}
{"target": -39.07713386324393, "params": {"C": 108.05239461559171, "epsilon": 1.9163299685393074, "gamma": 0.03802909009406555}, "datetime": {"datetime": "2021-09-28 12:02:59", "elapsed": 333.452339, "delta": 3.061476}}
{"target": -38.19470193242797, "params": {"C": 73.43021232058175, "epsilon": 2.533334851674816, "gamma": 0.02057926366437158}, "datetime": {"datetime": "2021-09-28 12:03:02", "elapsed": 336.278024, "delta": 2.825685}}
{"target": -37.36169269886922, "params": {"C": 19.506174020134544, "epsilon": 1.789546468693348, "gamma": 0.026585440962033042}, "datetime": {"datetime": "2021-09-28 12:03:04", "elapsed": 338.854623, "delta": 2.576599}}
{"target": -39.399001166137346, "params": {"C": 44.508948809069665, "epsilon": 0.27882025990741016, "gamma": 0.06485152087948585}, "datetime": {"datetime": "2021-09-28 12:03:06", "elapsed": 340.613623, "delta": 1.759}}
{"target": -37.02553533749015, "params": {"C": 44.20684669511657, "epsilon": 2.4945207749156695, "gamma": 0.008203007234865525}, "datetime": {"datetime": "2021-09-28 12:03:09", "elapsed": 343.35391, "delta": 2.740287}}
{"target": -38.993842988943726, "params": {"C": 16.34917661322672, "epsilon": 2.38109125212818, "gamma": 0.09370357753658262}, "datetime": {"datetime": "2021-09-28 12:03:11", "elapsed": 346.129976, "delta": 2.776066}}
{"target": -38.70372818429408, "params": {"C": 14.486793526142927, "epsilon": 1.8849133057036054, "gamma": 0.0074911137382738194}, "datetime": {"datetime": "2021-09-28 12:03:14", "elapsed": 349.037641, "delta": 2.907665}}
{"target": -41.42202995094703, "params": {"C": 56.73012264142258, "epsilon": 1.0919671195609628, "gamma": 0.18774572148054985}, "datetime": {"datetime": "2021-09-28 12:03:16", "elapsed": 350.654289, "delta": 1.616648}}
{"target": -37.074848628585485, "params": {"C": 16.446232902191433, "epsilon": 2.3089336049187863, "gamma": 0.024295311203062935}, "datetime": {"datetime": "2021-09-28 12:03:18", "elapsed": 353.077025, "delta": 2.422736}}
{"target": -38.24234090225388, "params": {"C": 19.50869806257405, "epsilon": 2.1093428291116703, "gamma": 0.06017690778488146}, "datetime": {"datetime": "2021-09-28 12:03:22", "elapsed": 356.55859, "delta": 3.481565}}
{"target": -36.986774286492306, "params": {"C": 44.280341101899594, "epsilon": 2.457369212256362, "gamma": 0.006703986462819179}, "datetime": {"datetime": "2021-09-28 12:03:25", "elapsed": 359.387774, "delta": 2.829184}}
{"target": -41.17963274844521, "params": {"C": 96.83286111260654, "epsilon": 0.8617205666071936, "gamma": 0.13852677894045176}, "datetime": {"datetime": "2021-09-28 12:03:26", "elapsed": 361.034163, "delta": 1.646389}}
{"target": -37.534840082402475, "params": {"C": 139.36574281453198, "epsilon": 0.8068337705605988, "gamma": 0.007931525613984042}, "datetime": {"datetime": "2021-09-28 12:03:28", "elapsed": 362.716054, "delta": 1.681891}}
{"target": -39.51624530510043, "params": {"C": 63.708866614073244, "epsilon": 2.35419668624849, "gamma": 0.06822451342611811}, "datetime": {"datetime": "2021-09-28 12:03:30", "elapsed": 364.413059, "delta": 1.697005}}
{"target": -38.481539784784665, "params": {"C": 14.53435287528837, "epsilon": 1.7930072441520482, "gamma": 0.07460204232818557}, "datetime": {"datetime": "2021-09-28 12:03:32", "elapsed": 366.714945, "delta": 2.301886}}
{"target": -36.97210373706093, "params": {"C": 19.605185588929995, "epsilon": 2.1082367134796716, "gamma": 0.015608261863940532}, "datetime": {"datetime": "2021-09-28 12:03:35", "elapsed": 369.345216, "delta": 2.630271}}
{"target": -46.12314765359741, "params": {"C": 2.3605408869453868, "epsilon": 0.6924476056102004, "gamma": 0.14430456917468415}, "datetime": {"datetime": "2021-09-28 12:03:36", "elapsed": 371.113064, "delta": 1.767848}}
{"target": -39.49853696694486, "params": {"C": 94.3200118968529, "epsilon": 0.2777759899723808, "gamma": 0.05559134426611859}, "datetime": {"datetime": "2021-09-28 12:03:39", "elapsed": 374.039283, "delta": 2.926219}}
{"target": -36.78354637298386, "params": {"C": 27.63865027487573, "epsilon": 1.2821854974523534, "gamma": 0.008259270237728704}, "datetime": {"datetime": "2021-09-28 12:03:43", "elapsed": 377.617161, "delta": 3.577878}}
{"target": -38.93961370090578, "params": {"C": 44.12769478414382, "epsilon": 2.5158714185979423, "gamma": 0.05162946496109545}, "datetime": {"datetime": "2021-09-28 12:03:46", "elapsed": 380.4362, "delta": 2.819039}}
{"target": -40.81683036418384, "params": {"C": 128.47318938045333, "epsilon": 1.2743699770640438, "gamma": 0.09463684987964466}, "datetime": {"datetime": "2021-09-28 12:03:47", "elapsed": 382.064476, "delta": 1.628276}}
{"target": -37.405555124400436, "params": {"C": 27.713821662232363, "epsilon": 1.2230269912142626, "gamma": 0.018065361204855905}, "datetime": {"datetime": "2021-09-28 12:03:51", "elapsed": 385.711055, "delta": 3.646579}}
{"target": -37.19305322885667, "params": {"C": 16.592668201355163, "epsilon": 2.3087452061349483, "gamma": 0.014053694924570547}, "datetime": {"datetime": "2021-09-28 12:03:54", "elapsed": 388.391591, "delta": 2.680536}}
{"target": -37.228561619063065, "params": {"C": 14.50176269066905, "epsilon": 1.7926444131947072, "gamma": 0.02169780455890539}, "datetime": {"datetime": "2021-09-28 12:03:57", "elapsed": 391.684582, "delta": 3.292991}}
{"target": -39.58572589093078, "params": {"C": 27.642691807062565, "epsilon": 1.311275282955372, "gamma": 0.11491067527523349}, "datetime": {"datetime": "2021-09-28 12:04:01", "elapsed": 395.491167, "delta": 3.806585}}
{"target": -39.29525190121386, "params": {"C": 139.32291247314072, "epsilon": 0.8251560804066408, "gamma": 0.03808963583431652}, "datetime": {"datetime": "2021-09-28 12:04:04", "elapsed": 398.553384, "delta": 3.062217}}
{"target": -42.18585031929985, "params": {"C": 141.80874940861116, "epsilon": 0.1727131249654745, "gamma": 0.1446371149393522}, "datetime": {"datetime": "2021-09-28 12:04:06", "elapsed": 400.441951, "delta": 1.888567}}
{"target": -42.341138064764806, "params": {"C": 108.37990068262854, "epsilon": 0.11024162751998977, "gamma": 0.179061023850824}, "datetime": {"datetime": "2021-09-28 12:04:08", "elapsed": 402.410694, "delta": 1.968743}}
{"target": -40.82751676441911, "params": {"C": 105.53402597538512, "epsilon": 1.6546092893287947, "gamma": 0.10122279005165614}, "datetime": {"datetime": "2021-09-28 12:04:10", "elapsed": 404.317217, "delta": 1.906523}}
{"target": -38.048409443972695, "params": {"C": 27.85765967518145, "epsilon": 1.1406340938791868, "gamma": 0.03497891256949252}, "datetime": {"datetime": "2021-09-28 12:04:12", "elapsed": 406.763598, "delta": 2.446381}}
{"target": -37.73253324492174, "params": {"C": 37.349514044046515, "epsilon": 0.1663320326729669, "gamma": 0.0192168374635136}, "datetime": {"datetime": "2021-09-28 12:04:14", "elapsed": 408.71309, "delta": 1.949492}}
{"target": -42.31530551419054, "params": {"C": 16.554920212287367, "epsilon": 2.2866949545400357, "gamma": 0.0028947898981603144}, "datetime": {"datetime": "2021-09-28 12:04:17", "elapsed": 411.34318, "delta": 2.63009}}
{"target": -40.26922741088859, "params": {"C": 132.67289086444626, "epsilon": 1.6704366725727229, "gamma": 0.06477329111500643}, "datetime": {"datetime": "2021-09-28 12:04:18", "elapsed": 413.196565, "delta": 1.853385}}
{"target": -40.36863773867355, "params": {"C": 127.97282624661008, "epsilon": 1.9362094808581793, "gamma": 0.0699166173635387}, "datetime": {"datetime": "2021-09-28 12:04:20", "elapsed": 415.111979, "delta": 1.915414}}
{"target": -38.025346551927775, "params": {"C": 14.39877353260026, "epsilon": 1.819242146297328, "gamma": 0.009747349152287543}, "datetime": {"datetime": "2021-09-28 12:04:23", "elapsed": 417.672279, "delta": 2.5603}}
{"target": -36.87979131255192, "params": {"C": 31.660239937335053, "epsilon": 1.8210068610610135, "gamma": 0.012133120935033506}, "datetime": {"datetime": "2021-09-28 12:04:26", "elapsed": 420.891201, "delta": 3.218922}}
{"target": -38.94361498969018, "params": {"C": 26.57727941060864, "epsilon": 2.99480505766839, "gamma": 0.07415264206463787}, "datetime": {"datetime": "2021-09-28 12:04:28", "elapsed": 422.802201, "delta": 1.911}}
{"target": -37.79823922129306, "params": {"C": 16.60600337461925, "epsilon": 2.2519280939025412, "gamma": 0.039700452475264235}, "datetime": {"datetime": "2021-09-28 12:04:31", "elapsed": 425.74869, "delta": 2.946489}}
{"target": -44.951414502565044, "params": {"C": 27.54062861943999, "epsilon": 1.1849143230882657, "gamma": 0.001}, "datetime": {"datetime": "2021-09-28 12:04:35", "elapsed": 429.797148, "delta": 4.048458}}
{"target": -37.11521904728243, "params": {"C": 16.543609496946637, "epsilon": 2.400007554021765, "gamma": 0.018930831303747238}, "datetime": {"datetime": "2021-09-28 12:04:39", "elapsed": 433.318148, "delta": 3.521}}
{"target": -38.8404212942897, "params": {"C": 44.256229019348034, "epsilon": 2.4785978686264234, "gamma": 0.046028700456130375}, "datetime": {"datetime": "2021-09-28 12:04:42", "elapsed": 436.888858, "delta": 3.57071}}
{"target": -39.740853007075856, "params": {"C": 32.392542693901845, "epsilon": 2.312221460734765, "gamma": 0.11659296344027832}, "datetime": {"datetime": "2021-09-28 12:04:44", "elapsed": 438.659228, "delta": 1.77037}}
{"target": -37.06525456784205, "params": {"C": 19.49120947412972, "epsilon": 1.9400831713028985, "gamma": 0.020406174164545703}, "datetime": {"datetime": "2021-09-28 12:04:47", "elapsed": 441.879003, "delta": 3.219775}}
{"target": -38.77561513273177, "params": {"C": 145.98551568836584, "epsilon": 1.4345567227212572, "gamma": 0.017975065792256814}, "datetime": {"datetime": "2021-09-28 12:04:49", "elapsed": 443.550166, "delta": 1.671163}}
{"target": -38.4150837238673, "params": {"C": 27.682860480907873, "epsilon": 1.084222882251721, "gamma": 0.059329593322064327}, "datetime": {"datetime": "2021-09-28 12:04:52", "elapsed": 446.57134, "delta": 3.021174}}
{"target": -38.60830336576427, "params": {"C": 139.37152137416862, "epsilon": 0.3484146060176885, "gamma": 0.015742749681391673}, "datetime": {"datetime": "2021-09-28 12:04:55", "elapsed": 449.811315, "delta": 3.239975}}
{"target": -38.567651558375736, "params": {"C": 27.602904205019023, "epsilon": 1.3135249052962705, "gamma": 0.003822238087501504}, "datetime": {"datetime": "2021-09-28 12:04:58", "elapsed": 452.385314, "delta": 2.573999}}
{"target": -43.12116829034534, "params": {"C": 16.68372047705673, "epsilon": 2.439560245888572, "gamma": 0.0023805997867281394}, "datetime": {"datetime": "2021-09-28 12:05:00", "elapsed": 455.04844, "delta": 2.663126}}
{"target": -37.98728417152297, "params": {"C": 129.76278110590377, "epsilon": 0.6639076748577395, "gamma": 0.010024044423155413}, "datetime": {"datetime": "2021-09-28 12:05:02", "elapsed": 457.028481, "delta": 1.980041}}
{"target": -38.194117893865744, "params": {"C": 16.507989443275658, "epsilon": 2.351528422122045, "gamma": 0.06118979766010401}, "datetime": {"datetime": "2021-09-28 12:05:05", "elapsed": 460.002437, "delta": 2.973956}}
{"target": -38.222576103770855, "params": {"C": 28.342134906382434, "epsilon": 2.71149257666488, "gamma": 0.04527104115078758}, "datetime": {"datetime": "2021-09-28 12:05:09", "elapsed": 463.546025, "delta": 3.543588}}
{"target": -39.07574923739921, "params": {"C": 16.627073561716337, "epsilon": 2.458319333406439, "gamma": 0.09657232388504156}, "datetime": {"datetime": "2021-09-28 12:05:12", "elapsed": 466.362833, "delta": 2.816808}}
{"target": -37.25070496959925, "params": {"C": 27.515065688432596, "epsilon": 1.2882090441400915, "gamma": 0.0158406645317833}, "datetime": {"datetime": "2021-09-28 12:05:15", "elapsed": 469.826596, "delta": 3.463763}}
{"target": -41.19589844049762, "params": {"C": 93.11489684988518, "epsilon": 0.0803632164710174, "gamma": 0.14269285127137035}, "datetime": {"datetime": "2021-09-28 12:05:17", "elapsed": 471.748026, "delta": 1.92143}}
{"target": -38.99072263834115, "params": {"C": 40.98866762620112, "epsilon": 2.5038595244139117, "gamma": 0.059034668313405904}, "datetime": {"datetime": "2021-09-28 12:05:19", "elapsed": 473.605439, "delta": 1.857413}}
{"target": -36.97860193309397, "params": {"C": 19.518756568555794, "epsilon": 2.0127903311900974, "gamma": 0.00993985430722752}, "datetime": {"datetime": "2021-09-28 12:05:23", "elapsed": 477.206271, "delta": 3.600832}}
{"target": -39.74106061257145, "params": {"C": 82.42276595021744, "epsilon": 2.306114769028757, "gamma": 0.071406977194499}, "datetime": {"datetime": "2021-09-28 12:05:25", "elapsed": 479.294753, "delta": 2.088482}}
{"target": -42.58711613064853, "params": {"C": 101.76418319398174, "epsilon": 0.1364434403559315, "gamma": 0.1980387505210944}, "datetime": {"datetime": "2021-09-28 12:05:27", "elapsed": 481.252175, "delta": 1.957422}}
{"target": -40.93003249110336, "params": {"C": 55.9656024774358, "epsilon": 0.9062932395482663, "gamma": 0.14834332094608552}, "datetime": {"datetime": "2021-09-28 12:05:28", "elapsed": 483.194406, "delta": 1.942231}}
{"target": -38.78235057527139, "params": {"C": 36.894886941657155, "epsilon": 2.6255320200146572, "gamma": 0.05493500954045409}, "datetime": {"datetime": "2021-09-28 12:05:31", "elapsed": 485.202737, "delta": 2.008331}}
{"target": -38.667070382753955, "params": {"C": 27.887400817894463, "epsilon": 1.056647042842621, "gamma": 0.07027803450159262}, "datetime": {"datetime": "2021-09-28 12:05:35", "elapsed": 489.202801, "delta": 4.000064}}
{"target": -38.493364579371374, "params": {"C": 37.39606086106728, "epsilon": 0.12241323111841362, "gamma": 0.04211449538718857}, "datetime": {"datetime": "2021-09-28 12:05:38", "elapsed": 492.246048, "delta": 3.043247}}
{"target": -37.874165961492324, "params": {"C": 44.2316740618003, "epsilon": 2.4550014567465808, "gamma": 0.01784134762283573}, "datetime": {"datetime": "2021-09-28 12:05:41", "elapsed": 495.365022, "delta": 3.118974}}
{"target": -43.95134015596425, "params": {"C": 4.596468266759676, "epsilon": 1.3704145723210877, "gamma": 0.1822217998500375}, "datetime": {"datetime": "2021-09-28 12:05:43", "elapsed": 497.33215, "delta": 1.967128}}
