{"target": 0.43214631483411436, "params": {"C": 93.40684531253301, "epsilon": 0.4824143959068774, "gamma": 0.026617131142177244}, "datetime": {"datetime": "2021-09-24 09:25:37", "elapsed": 717.268655, "delta": 3.83198}}
{"target": 0.29992488409782736, "params": {"C": 8.823654199325457, "epsilon": 0.4199487401416694, "gamma": 0.14136673740722963}, "datetime": {"datetime": "2021-09-24 09:25:40", "elapsed": 719.372778, "delta": 2.104123}}
{"target": 0.4380488469136704, "params": {"C": 89.72054353759872, "epsilon": 0.7571316818863395, "gamma": 0.006804272373472801}, "datetime": {"datetime": "2021-09-24 09:25:45", "elapsed": 724.454435, "delta": 5.081657}}
{"target": 0.4209981940253952, "params": {"C": 80.44269332463232, "epsilon": 0.386104361662954, "gamma": 0.0033283512818990113}, "datetime": {"datetime": "2021-09-24 09:25:49", "elapsed": 729.180585, "delta": 4.72615}}
{"target": 0.38768175263802007, "params": {"C": 34.11763801139892, "epsilon": 0.9486821333420464, "gamma": 0.08982897169164367}, "datetime": {"datetime": "2021-09-24 09:25:52", "elapsed": 731.481379, "delta": 2.300794}}
{"target": 0.40029961692722704, "params": {"C": 33.74543125673418, "epsilon": 0.09702478541996759, "gamma": 0.0020332019832663387}, "datetime": {"datetime": "2021-09-24 09:25:54", "elapsed": 733.802295, "delta": 2.320916}}
{"target": 0.3205451198198582, "params": {"C": 143.5994902142004, "epsilon": 0.02690030559606344, "gamma": 0.08289970920392765}, "datetime": {"datetime": "2021-09-24 09:28:56", "elapsed": 0.0, "delta": 0.0}}
{"target": 0.36302742224881146, "params": {"C": 143.5322392618277, "epsilon": 0.42094743428540154, "gamma": 0.050219888329577245}, "datetime": {"datetime": "2021-09-24 09:28:56", "elapsed": 0.042062, "delta": 0.042062}}
{"target": 0.38862679694748925, "params": {"C": 120.46486340378425, "epsilon": 0.6196516953843131, "gamma": 0.04564854637750395}, "datetime": {"datetime": "2021-09-24 09:28:56", "elapsed": 0.088944, "delta": 0.046882}}
{"target": 0.33348607436986455, "params": {"C": 126.68272751028667, "epsilon": 0.6215126989365256, "gamma": 0.07984217204727882}, "datetime": {"datetime": "2021-09-24 09:28:56", "elapsed": 0.130214, "delta": 0.04127}}
{"target": 0.4273960150181888, "params": {"C": 113.45799453449335, "epsilon": 0.5140645431444807, "gamma": 0.028481539981390375}, "datetime": {"datetime": "2021-09-24 09:28:56", "elapsed": 0.16149, "delta": 0.031276}}
{"target": 0.42191584678353833, "params": {"C": 113.24733223794884, "epsilon": 0.4041511831492774, "gamma": 0.031243130203353967}, "datetime": {"datetime": "2021-09-24 09:28:56", "elapsed": 0.308685, "delta": 0.147195}}
{"target": 0.356784374122428, "params": {"C": 113.96664795100288, "epsilon": 0.060367673466185295, "gamma": 0.06498299766107869}, "datetime": {"datetime": "2021-09-24 09:28:56", "elapsed": 0.494041, "delta": 0.185356}}
{"target": 0.31742699849954104, "params": {"C": 113.21819104577777, "epsilon": 0.9110931840844354, "gamma": 0.11454076522124965}, "datetime": {"datetime": "2021-09-24 09:28:56", "elapsed": 0.654037, "delta": 0.159996}}
{"target": 0.34795991656764613, "params": {"C": 113.44716078276689, "epsilon": 0.2645903774647168, "gamma": 0.07381622432770255}, "datetime": {"datetime": "2021-09-24 09:28:57", "elapsed": 0.775453, "delta": 0.121416}}
{"target": 0.32691603813010883, "params": {"C": 139.3435866798245, "epsilon": 0.8263760559098713, "gamma": 0.08063461984004969}, "datetime": {"datetime": "2021-09-24 09:28:57", "elapsed": 0.891404, "delta": 0.115951}}
{"target": 0.27438604396546284, "params": {"C": 147.96924789706895, "epsilon": 0.8689037440265993, "gamma": 0.1304060189614019}, "datetime": {"datetime": "2021-09-24 09:28:57", "elapsed": 1.024044, "delta": 0.13264}}
{"target": 0.3636513636749562, "params": {"C": 113.37589332081595, "epsilon": 0.5836935111052005, "gamma": 0.06153650779017372}, "datetime": {"datetime": "2021-09-24 09:28:57", "elapsed": 1.123339, "delta": 0.099295}}
{"target": 0.44566028629451215, "params": {"C": 113.38539254295655, "epsilon": 0.45105896741297374, "gamma": 0.017832980690898587}, "datetime": {"datetime": "2021-09-24 09:28:57", "elapsed": 1.359222, "delta": 0.235883}}
{"target": 0.422981226419352, "params": {"C": 148.63593535745414, "epsilon": 0.8945650984114254, "gamma": 0.0027923358976723483}, "datetime": {"datetime": "2021-09-24 09:28:57", "elapsed": 1.475145, "delta": 0.115923}}
{"target": 0.42685312573755974, "params": {"C": 148.75214503953697, "epsilon": 0.8106630701038392, "gamma": 0.0033463205993530545}, "datetime": {"datetime": "2021-09-24 09:28:57", "elapsed": 1.591075, "delta": 0.11593}}
{"target": 0.3089774009193318, "params": {"C": 138.23328450754593, "epsilon": 0.1090302042446392, "gamma": 0.10287846188290717}, "datetime": {"datetime": "2021-09-24 09:28:57", "elapsed": 1.706806, "delta": 0.115731}}
{"target": 0.2973175869434267, "params": {"C": 148.65407254688415, "epsilon": 0.7318752382101631, "gamma": 0.10837175467192825}, "datetime": {"datetime": "2021-09-24 09:28:58", "elapsed": 1.808582, "delta": 0.101776}}
{"target": 0.28452531988811847, "params": {"C": 181.99555807028048, "epsilon": 0.4950227413808569, "gamma": 0.10030527378299159}, "datetime": {"datetime": "2021-09-24 09:28:58", "elapsed": 1.944935, "delta": 0.136353}}
{"target": 0.36770899061326057, "params": {"C": 111.7558619454409, "epsilon": 0.4346211525407269, "gamma": 0.05933747737125542}, "datetime": {"datetime": "2021-09-24 09:28:58", "elapsed": 2.060859, "delta": 0.115924}}
{"target": 0.4497343038040399, "params": {"C": 117.95858496475853, "epsilon": 0.34896874638762043, "gamma": 0.015125663140935833}, "datetime": {"datetime": "2021-09-24 09:28:58", "elapsed": 2.208027, "delta": 0.147168}}
{"target": 0.44613629876263616, "params": {"C": 117.86474240093055, "epsilon": 0.3293730759234306, "gamma": 0.017381694819240096}, "datetime": {"datetime": "2021-09-24 09:28:58", "elapsed": 2.345964, "delta": 0.137937}}
{"target": 0.44401455797424516, "params": {"C": 112.55584692631999, "epsilon": 0.6401021843859215, "gamma": 0.01092503482704658}, "datetime": {"datetime": "2021-09-24 09:28:58", "elapsed": 2.548008, "delta": 0.202044}}
{"target": 0.3004334493561617, "params": {"C": 117.91361541802121, "epsilon": 0.27894904628014344, "gamma": 0.12960319207977378}, "datetime": {"datetime": "2021-09-24 09:28:58", "elapsed": 2.722007, "delta": 0.173999}}
{"target": 0.41166359444592004, "params": {"C": 113.39073613229738, "epsilon": 0.44213252438816253, "gamma": 0.036740428724343174}, "datetime": {"datetime": "2021-09-24 09:28:59", "elapsed": 2.952297, "delta": 0.23029}}
{"target": 0.41070847289587253, "params": {"C": 117.91533517006118, "epsilon": 0.3827847760638655, "gamma": 0.036176851559859786}, "datetime": {"datetime": "2021-09-24 09:28:59", "elapsed": 3.097958, "delta": 0.145661}}
{"target": 0.449144530418254, "params": {"C": 148.72781046762134, "epsilon": 0.871265559334163, "gamma": 0.014641442928480512}, "datetime": {"datetime": "2021-09-24 09:28:59", "elapsed": 3.267961, "delta": 0.170003}}
{"target": 0.34002026345357306, "params": {"C": 148.7929386144977, "epsilon": 0.8769234447797808, "gamma": 0.06418893432578085}, "datetime": {"datetime": "2021-09-24 09:28:59", "elapsed": 3.442958, "delta": 0.174997}}
{"target": 0.36382333019423885, "params": {"C": 117.90832449663081, "epsilon": 0.3636273057282154, "gamma": 0.058994984579245645}, "datetime": {"datetime": "2021-09-24 09:28:59", "elapsed": 3.665959, "delta": 0.223001}}
{"target": 0.4183693682377423, "params": {"C": 125.21083219312956, "epsilon": 0.6050010116945473, "gamma": 0.030944397067949166}, "datetime": {"datetime": "2021-09-24 09:29:00", "elapsed": 3.872051, "delta": 0.206092}}
{"target": 0.40477923456010056, "params": {"C": 113.31794149036183, "epsilon": 0.49246424816514617, "gamma": 0.03987947848878203}, "datetime": {"datetime": "2021-09-24 09:29:00", "elapsed": 4.184029, "delta": 0.311978}}
{"target": 0.4439247138708583, "params": {"C": 101.17298404436362, "epsilon": 0.9246934994255901, "gamma": 0.01930095691106549}, "datetime": {"datetime": "2021-09-24 09:29:00", "elapsed": 4.38633, "delta": 0.202301}}
{"target": 0.4497936376566569, "params": {"C": 117.94405591050436, "epsilon": 0.28736313184747514, "gamma": 0.012948706979261568}, "datetime": {"datetime": "2021-09-24 09:29:00", "elapsed": 4.678753, "delta": 0.292423}}
{"target": 0.4264744585702348, "params": {"C": 166.55175720133923, "epsilon": 0.7111047210778415, "gamma": 0.003195496635796064}, "datetime": {"datetime": "2021-09-24 09:29:01", "elapsed": 4.850393, "delta": 0.17164}}
{"target": 0.41012357354552165, "params": {"C": 112.49646861433864, "epsilon": 0.5653492765845013, "gamma": 0.03758435234728192}, "datetime": {"datetime": "2021-09-24 09:29:01", "elapsed": 5.133383, "delta": 0.28299}}
{"target": 0.4461469701195574, "params": {"C": 117.99820757004238, "epsilon": 0.40546697642046503, "gamma": 0.017373074330672894}, "datetime": {"datetime": "2021-09-24 09:29:01", "elapsed": 5.361911, "delta": 0.228528}}
{"target": 0.23037009728500502, "params": {"C": 174.43497294498053, "epsilon": 0.6951062867906259, "gamma": 0.1411440826320688}, "datetime": {"datetime": "2021-09-24 09:29:01", "elapsed": 5.548476, "delta": 0.186565}}
{"target": 0.41805328150853494, "params": {"C": 118.05466754938453, "epsilon": 0.3285568623925456, "gamma": 0.032379132719325306}, "datetime": {"datetime": "2021-09-24 09:29:02", "elapsed": 5.781158, "delta": 0.232682}}
{"target": 0.43662863063358415, "params": {"C": 117.93794442958506, "epsilon": 0.3606279568164244, "gamma": 0.00486230881810222}, "datetime": {"datetime": "2021-09-24 09:29:02", "elapsed": 5.932159, "delta": 0.151001}}
{"target": 0.33530165469967654, "params": {"C": 101.15437421565407, "epsilon": 0.9588575222172084, "gamma": 0.10068283148146469}, "datetime": {"datetime": "2021-09-24 09:29:02", "elapsed": 6.141963, "delta": 0.209804}}
{"target": 0.40722770245749007, "params": {"C": 101.20984524778437, "epsilon": 0.8570240821791001, "gamma": 0.001}, "datetime": {"datetime": "2021-09-24 09:29:02", "elapsed": 6.398743, "delta": 0.25678}}
{"target": 0.4292839080533275, "params": {"C": 117.77466767912007, "epsilon": 0.2988578102447072, "gamma": 0.0039477978048477495}, "datetime": {"datetime": "2021-09-24 09:29:02", "elapsed": 6.736546, "delta": 0.337803}}
{"target": 0.30291404066635075, "params": {"C": 130.60867376792874, "epsilon": 0.7435364343356875, "gamma": 0.11612120482768065}, "datetime": {"datetime": "2021-09-24 09:29:03", "elapsed": 6.961548, "delta": 0.225002}}
{"target": 0.43554244213045423, "params": {"C": 112.64340507438787, "epsilon": 0.6272878108761925, "gamma": 0.022474577450967953}, "datetime": {"datetime": "2021-09-24 09:29:03", "elapsed": 7.336164, "delta": 0.374616}}
{"target": 0.32823840620548284, "params": {"C": 112.56397446925708, "epsilon": 0.5842755702847294, "gamma": 0.09942594543853461}, "datetime": {"datetime": "2021-09-24 09:29:03", "elapsed": 7.648179, "delta": 0.312015}}
{"target": 0.4510755638605648, "params": {"C": 148.7238981152797, "epsilon": 0.9601800132852228, "gamma": 0.013710623378824283}, "datetime": {"datetime": "2021-09-24 09:29:04", "elapsed": 7.921965, "delta": 0.273786}}
{"target": 0.31981307974558415, "params": {"C": 116.4987809259163, "epsilon": 0.29714570984572414, "gamma": 0.10754811078095744}, "datetime": {"datetime": "2021-09-24 09:29:04", "elapsed": 8.103553, "delta": 0.181588}}
{"target": 0.41017687580396633, "params": {"C": 117.93332892168665, "epsilon": 0.4829661507909974, "gamma": 0.001}, "datetime": {"datetime": "2021-09-24 09:29:04", "elapsed": 8.360909, "delta": 0.257356}}
{"target": 0.32568279086449536, "params": {"C": 180.4298719885653, "epsilon": 0.4996094975496606, "gamma": 0.062094305400965846}, "datetime": {"datetime": "2021-09-24 09:29:04", "elapsed": 8.58191, "delta": 0.221001}}
{"target": 0.45015140003249043, "params": {"C": 148.74604195642416, "epsilon": 0.8761373977283099, "gamma": 0.011465546784646678}, "datetime": {"datetime": "2021-09-24 09:29:05", "elapsed": 8.867208, "delta": 0.285298}}
{"target": 0.4289413237391181, "params": {"C": 101.18456377088954, "epsilon": 0.9267223292782868, "gamma": 0.029802617144363802}, "datetime": {"datetime": "2021-09-24 09:29:05", "elapsed": 9.094196, "delta": 0.226988}}
{"target": 0.4397970332282669, "params": {"C": 112.57909075064376, "epsilon": 0.770259274016691, "gamma": 0.007632244514946093}, "datetime": {"datetime": "2021-09-24 09:29:05", "elapsed": 9.377742, "delta": 0.283546}}
{"target": 0.2531420044162356, "params": {"C": 164.69218673535443, "epsilon": 0.08032036940729892, "gamma": 0.13306737134936603}, "datetime": {"datetime": "2021-09-24 09:29:05", "elapsed": 9.619311, "delta": 0.241569}}
{"target": 0.42259031919822754, "params": {"C": 112.69053458362846, "epsilon": 0.7294879522753291, "gamma": 0.03107089048187289}, "datetime": {"datetime": "2021-09-24 09:29:06", "elapsed": 10.024601, "delta": 0.40529}}
{"target": 0.43800663933180617, "params": {"C": 148.63022113071443, "epsilon": 0.9943693600632351, "gamma": 0.018830999760281075}, "datetime": {"datetime": "2021-09-24 09:29:06", "elapsed": 10.349308, "delta": 0.324707}}
{"target": 0.31654454332460136, "params": {"C": 112.59230255174515, "epsilon": 0.8465436270359491, "gamma": 0.11622828963486317}, "datetime": {"datetime": "2021-09-24 09:29:06", "elapsed": 10.63231, "delta": 0.283002}}
{"target": 0.26404524462329604, "params": {"C": 166.500887280845, "epsilon": 0.6657828808363929, "gamma": 0.12468227009228139}, "datetime": {"datetime": "2021-09-24 09:29:07", "elapsed": 11.106829, "delta": 0.474519}}
{"target": 0.2899121244619277, "params": {"C": 183.96193331516923, "epsilon": 0.7058663662445229, "gamma": 0.0952536012116099}, "datetime": {"datetime": "2021-09-24 09:29:07", "elapsed": 11.408905, "delta": 0.302076}}
{"target": 0.4343621011516846, "params": {"C": 112.44835283499557, "epsilon": 0.7005016039487966, "gamma": 0.023481596156941557}, "datetime": {"datetime": "2021-09-24 09:29:08", "elapsed": 11.791718, "delta": 0.382813}}
{"target": 0.4361644021500696, "params": {"C": 117.7905727395692, "epsilon": 0.4466188796460138, "gamma": 0.02139934979501377}, "datetime": {"datetime": "2021-09-24 09:29:08", "elapsed": 12.226379, "delta": 0.434661}}
{"target": 0.41963931747441985, "params": {"C": 107.47976912884403, "epsilon": 0.04384812496301226, "gamma": 0.03361673126198214}, "datetime": {"datetime": "2021-09-24 09:29:08", "elapsed": 12.603028, "delta": 0.376649}}
{"target": 0.4495196099250257, "params": {"C": 112.8086794451529, "epsilon": 0.6149467507113696, "gamma": 0.014440622674787677}, "datetime": {"datetime": "2021-09-24 09:29:09", "elapsed": 12.955008, "delta": 0.35198}}
{"target": 0.43734534316406726, "params": {"C": 112.76244589186607, "epsilon": 0.5390420969456371, "gamma": 0.005287035054454916}, "datetime": {"datetime": "2021-09-24 09:29:09", "elapsed": 13.302378, "delta": 0.34737}}
{"target": 0.3081021708726258, "params": {"C": 112.83772933635436, "epsilon": 0.5591449934267438, "gamma": 0.1256193748790542}, "datetime": {"datetime": "2021-09-24 09:29:09", "elapsed": 13.576379, "delta": 0.274001}}
{"target": 0.4403120829729903, "params": {"C": 112.80129999336586, "epsilon": 0.741502771775182, "gamma": 0.00847353691998991}, "datetime": {"datetime": "2021-09-24 09:29:10", "elapsed": 13.927204, "delta": 0.350825}}
{"target": 0.45023238748650396, "params": {"C": 112.38253879784702, "epsilon": 0.6273230037274458, "gamma": 0.013472425583425082}, "datetime": {"datetime": "2021-09-24 09:29:10", "elapsed": 14.186748, "delta": 0.259544}}
{"target": 0.4254315841654719, "params": {"C": 112.28213289884332, "epsilon": 0.5444321039661547, "gamma": 0.029770156734445382}, "datetime": {"datetime": "2021-09-24 09:29:10", "elapsed": 14.500044, "delta": 0.313296}}
{"target": 0.2946520228283166, "params": {"C": 112.37677628747555, "epsilon": 0.6103299260856307, "gamma": 0.14242267751227455}, "datetime": {"datetime": "2021-09-24 09:29:11", "elapsed": 14.783048, "delta": 0.283004}}
{"target": 0.39853412747840056, "params": {"C": 117.67564622308957, "epsilon": 0.44068070802065185, "gamma": 0.04198325421536615}, "datetime": {"datetime": "2021-09-24 09:29:11", "elapsed": 15.068318, "delta": 0.28527}}
{"target": 0.4497027686820032, "params": {"C": 112.24609121052256, "epsilon": 0.7211019820559216, "gamma": 0.01294350494096817}, "datetime": {"datetime": "2021-09-24 09:29:11", "elapsed": 15.511559, "delta": 0.443241}}
{"target": 0.282814418153293, "params": {"C": 161.0631063624024, "epsilon": 0.6564676606031922, "gamma": 0.11332258756557441}, "datetime": {"datetime": "2021-09-24 09:29:12", "elapsed": 15.797122, "delta": 0.285563}}
{"target": 0.3789605223367737, "params": {"C": 112.15655146479814, "epsilon": 0.768850486514735, "gamma": 0.05240296623576682}, "datetime": {"datetime": "2021-09-24 09:29:12", "elapsed": 16.116286, "delta": 0.319164}}
{"target": 0.447841075318518, "params": {"C": 112.16083340144664, "epsilon": 0.6101896673535214, "gamma": 0.012273805668450453}, "datetime": {"datetime": "2021-09-24 09:29:12", "elapsed": 16.491064, "delta": 0.374778}}
{"target": 0.39621153938476195, "params": {"C": 164.97260830919788, "epsilon": 0.8268100693544885, "gamma": 0.0333310259768787}, "datetime": {"datetime": "2021-09-24 09:29:12", "elapsed": 16.753456, "delta": 0.262392}}
{"target": 0.39001015379154413, "params": {"C": 112.087605789496, "epsilon": 0.5123203344899987, "gamma": 0.04753358168820466}, "datetime": {"datetime": "2021-09-24 09:29:13", "elapsed": 17.186685, "delta": 0.433229}}
{"target": 0.4169769952793665, "params": {"C": 112.33455909024045, "epsilon": 0.8050906552779388, "gamma": 0.0015106156366594466}, "datetime": {"datetime": "2021-09-24 09:29:13", "elapsed": 17.528498, "delta": 0.341813}}
{"target": 0.35745907225663454, "params": {"C": 176.70159705701315, "epsilon": 0.4723079691706369, "gamma": 0.044991171465572743}, "datetime": {"datetime": "2021-09-24 09:29:14", "elapsed": 17.783357, "delta": 0.254859}}
{"target": 0.4183367274631601, "params": {"C": 117.92984165324222, "epsilon": 0.17093030324738726, "gamma": 0.0021850739759245717}, "datetime": {"datetime": "2021-09-24 09:29:14", "elapsed": 18.186516, "delta": 0.403159}}
{"target": 0.4049651593884853, "params": {"C": 166.57141106103077, "epsilon": 0.8691107570644453, "gamma": 0.03000510957195229}, "datetime": {"datetime": "2021-09-24 09:29:14", "elapsed": 18.543341, "delta": 0.356825}}
{"target": 0.44061899334357, "params": {"C": 101.02547855707273, "epsilon": 0.8748192934996302, "gamma": 0.00829272266079734}, "datetime": {"datetime": "2021-09-24 09:29:15", "elapsed": 19.054115, "delta": 0.510774}}
{"target": 0.43576256972893823, "params": {"C": 101.09281857712014, "epsilon": 0.8109601454838732, "gamma": 0.02312087246752707}, "datetime": {"datetime": "2021-09-24 09:29:15", "elapsed": 19.522675, "delta": 0.46856}}
{"target": 0.4400772423184369, "params": {"C": 100.97088807370125, "epsilon": 0.7622951090896793, "gamma": 0.007966285637354367}, "datetime": {"datetime": "2021-09-24 09:29:16", "elapsed": 20.012557, "delta": 0.489882}}
{"target": 0.3292795862067782, "params": {"C": 100.8971937492291, "epsilon": 0.8533793372053587, "gamma": 0.11051563481402739}, "datetime": {"datetime": "2021-09-24 09:29:16", "elapsed": 20.37494, "delta": 0.362383}}
{"target": 0.44967700976365355, "params": {"C": 101.08117743649242, "epsilon": 0.6278224695201489, "gamma": 0.014191036092728308}, "datetime": {"datetime": "2021-09-24 09:29:17", "elapsed": 20.822834, "delta": 0.447894}}
{"target": 0.3416617495954031, "params": {"C": 100.97537207012239, "epsilon": 0.6313204437752322, "gamma": 0.09018894782155254}, "datetime": {"datetime": "2021-09-24 09:29:17", "elapsed": 21.223891, "delta": 0.401057}}
{"target": 0.4358337908192387, "params": {"C": 101.20747214575657, "epsilon": 0.5946193654186102, "gamma": 0.023048570825270995}, "datetime": {"datetime": "2021-09-24 09:29:18", "elapsed": 21.80952, "delta": 0.585629}}
{"target": 0.4461925302104853, "params": {"C": 112.39724951596637, "epsilon": 0.43016458609568714, "gamma": 0.011543258286154143}, "datetime": {"datetime": "2021-09-24 09:29:18", "elapsed": 22.370436, "delta": 0.560916}}
{"target": 0.4493904347442177, "params": {"C": 112.26383641639104, "epsilon": 0.6372528396929004, "gamma": 0.014885897661182961}, "datetime": {"datetime": "2021-09-24 09:29:19", "elapsed": 22.819549, "delta": 0.449113}}
{"target": 0.3744547101497082, "params": {"C": 101.14084174624087, "epsilon": 0.6845128130497115, "gamma": 0.059769957922424524}, "datetime": {"datetime": "2021-09-24 09:29:19", "elapsed": 23.172583, "delta": 0.353034}}
{"target": 0.4354437016304007, "params": {"C": 110.32321899948138, "epsilon": 0.7298199943689851, "gamma": 0.02273475088553671}, "datetime": {"datetime": "2021-09-24 09:29:19", "elapsed": 23.522154, "delta": 0.349571}}
{"target": 0.372517912965025, "params": {"C": 117.68908189342964, "epsilon": 0.4431576022595018, "gamma": 0.05354313617218381}, "datetime": {"datetime": "2021-09-24 09:29:20", "elapsed": 23.853413, "delta": 0.331259}}
{"target": 0.3136614490634726, "params": {"C": 161.23520342866664, "epsilon": 0.45568929357953925, "gamma": 0.08277399459027858}, "datetime": {"datetime": "2021-09-24 09:29:20", "elapsed": 24.16305, "delta": 0.309637}}
{"target": 0.39450797480351885, "params": {"C": 101.12088338865586, "epsilon": 0.5032525818876876, "gamma": 0.04895758135977156}, "datetime": {"datetime": "2021-09-24 09:29:20", "elapsed": 24.685485, "delta": 0.522435}}
{"target": 0.37165982825793653, "params": {"C": 117.52518420634921, "epsilon": 0.40311397171038715, "gamma": 0.054095315554260656}, "datetime": {"datetime": "2021-09-24 09:29:21", "elapsed": 25.059013, "delta": 0.373528}}
{"target": 0.30073774452187874, "params": {"C": 109.82824096648328, "epsilon": 0.72740800084963, "gamma": 0.1381143153335534}, "datetime": {"datetime": "2021-09-24 09:29:21", "elapsed": 25.413454, "delta": 0.354441}}
