{"target": -46.16146226298278, "params": {"C": 136.8896660922388, "epsilon": 1.5581946218649392, "gamma": 0.07430145112393198}, "datetime": {"datetime": "2021-09-24 16:47:37", "elapsed": 526.442282, "delta": 2.398545}}
{"target": -44.33586327454702, "params": {"C": 124.09052814876318, "epsilon": 4.384419092588283, "gamma": 0.02783198967087917}, "datetime": {"datetime": "2021-09-24 16:47:40", "elapsed": 529.108574, "delta": 2.666292}}
{"target": -44.482875236533296, "params": {"C": 129.15665334723033, "epsilon": 4.3393993231191565, "gamma": 0.01992882439731978}, "datetime": {"datetime": "2021-09-24 16:47:46", "elapsed": 535.51051, "delta": 6.401936}}
{"target": -44.27543804363236, "params": {"C": 129.1324706927909, "epsilon": 4.274381647277794, "gamma": 0.0016302833297469636}, "datetime": {"datetime": "2021-09-24 16:47:52", "elapsed": 541.065978, "delta": 5.555468}}
{"target": -43.944552495385715, "params": {"C": 126.8173492495364, "epsilon": 4.299853769778885, "gamma": 0.008345474836957993}, "datetime": {"datetime": "2021-09-24 16:47:55", "elapsed": 543.870021, "delta": 2.804043}}
{"target": -45.9053873404062, "params": {"C": 102.41373709178502, "epsilon": 2.3211549988472697, "gamma": 0.09115556876961664}, "datetime": {"datetime": "2021-09-24 16:47:57", "elapsed": 546.438475, "delta": 2.568454}}
{"target": -45.856275115809325, "params": {"C": 114.74358730566917, "epsilon": 3.9441018798949186, "gamma": 0.08263530190732131}, "datetime": {"datetime": "2021-09-24 16:48:00", "elapsed": 549.568871, "delta": 3.130396}}
{"target": -44.80142051457742, "params": {"C": 126.82070505418683, "epsilon": 4.266933065721839, "gamma": 0.04878527439071972}, "datetime": {"datetime": "2021-09-24 16:48:05", "elapsed": 553.787671, "delta": 4.2188}}
{"target": -44.484847539123216, "params": {"C": 117.85723865050635, "epsilon": 2.203749135024421, "gamma": 0.04205953213287213}, "datetime": {"datetime": "2021-09-24 16:48:09", "elapsed": 558.211299, "delta": 4.423628}}
{"target": -44.04989578025431, "params": {"C": 117.87006977955392, "epsilon": 2.0629189029257695, "gamma": 0.004571713987967163}, "datetime": {"datetime": "2021-09-24 16:48:12", "elapsed": 561.661576, "delta": 3.450277}}
{"target": -44.23256656516072, "params": {"C": 117.85129910614563, "epsilon": 2.1149510675841365, "gamma": 0.033313083613803925}, "datetime": {"datetime": "2021-09-24 16:48:16", "elapsed": 565.064318, "delta": 3.402742}}
{"target": -44.56861629335777, "params": {"C": 196.44416015498547, "epsilon": 2.0051602729426024, "gamma": 0.030089407973155007}, "datetime": {"datetime": "2021-09-24 16:48:18", "elapsed": 567.432495, "delta": 2.368177}}
{"target": -46.139971103362576, "params": {"C": 124.14168458391177, "epsilon": 4.352032353167973, "gamma": 0.0917165495901932}, "datetime": {"datetime": "2021-09-24 16:48:21", "elapsed": 570.446231, "delta": 3.013736}}
{"target": -44.21627863716355, "params": {"C": 126.84427192257253, "epsilon": 4.366662212039643, "gamma": 0.030240669228127178}, "datetime": {"datetime": "2021-09-24 16:48:24", "elapsed": 573.627085, "delta": 3.180854}}
{"target": -46.30441314310026, "params": {"C": 157.84503377557135, "epsilon": 2.8071608072451943, "gamma": 0.07794393621014319}, "datetime": {"datetime": "2021-09-24 16:48:26", "elapsed": 575.600922, "delta": 1.973837}}
{"target": -44.83236578582382, "params": {"C": 117.53248096784432, "epsilon": 1.7263415575272403, "gamma": 0.0010988438475151914}, "datetime": {"datetime": "2021-09-24 16:48:30", "elapsed": 578.915601, "delta": 3.314679}}
{"target": -44.035754737369466, "params": {"C": 149.76243343372724, "epsilon": 4.2405709326303365, "gamma": 0.007969682941759006}, "datetime": {"datetime": "2021-09-24 16:48:33", "elapsed": 582.38369, "delta": 3.468089}}
{"target": -46.609789119873284, "params": {"C": 197.29403899104105, "epsilon": 2.4508221203505, "gamma": 0.08665933104850342}, "datetime": {"datetime": "2021-09-24 16:48:36", "elapsed": 585.696613, "delta": 3.312923}}
{"target": -44.48454928007575, "params": {"C": 180.16000917630143, "epsilon": 2.340268030146305, "gamma": 0.001}, "datetime": {"datetime": "2021-09-24 16:48:43", "elapsed": 591.788303, "delta": 6.09169}}
{"target": -43.91001214663026, "params": {"C": 103.21111882718519, "epsilon": 2.022247023034329, "gamma": 0.010490399635733977}, "datetime": {"datetime": "2021-09-24 16:48:46", "elapsed": 595.634421, "delta": 3.846118}}
{"target": -44.428951418973085, "params": {"C": 153.92492200398846, "epsilon": 2.4634063595649325, "gamma": 0.016566031365789633}, "datetime": {"datetime": "2021-09-24 16:48:49", "elapsed": 598.252071, "delta": 2.61765}}
{"target": -44.482188203182396, "params": {"C": 117.55559849531618, "epsilon": 2.078591255795878, "gamma": 0.04356215497951351}, "datetime": {"datetime": "2021-09-24 16:48:53", "elapsed": 602.529807, "delta": 4.277736}}
{"target": -45.59248704783513, "params": {"C": 189.9013147959943, "epsilon": 2.8927071674360567, "gamma": 0.04906415957063711}, "datetime": {"datetime": "2021-09-24 16:48:56", "elapsed": 605.244491, "delta": 2.714684}}
{"target": -45.34098683861621, "params": {"C": 103.26743724033285, "epsilon": 2.0486648796946167, "gamma": 0.001}, "datetime": {"datetime": "2021-09-24 16:49:04", "elapsed": 613.384372, "delta": 8.139881}}
{"target": -44.45084314128182, "params": {"C": 183.43506581518113, "epsilon": 3.657477607159504, "gamma": 0.01828297718955882}, "datetime": {"datetime": "2021-09-24 16:49:07", "elapsed": 616.24351, "delta": 2.859138}}
{"target": -46.111367450140186, "params": {"C": 103.18558195249, "epsilon": 1.9488451125128252, "gamma": 0.09739032691548147}, "datetime": {"datetime": "2021-09-24 16:49:11", "elapsed": 620.578764, "delta": 4.335254}}
{"target": -43.875815293032595, "params": {"C": 129.22256154819215, "epsilon": 4.161889710934043, "gamma": 0.0054917067418698865}, "datetime": {"datetime": "2021-09-24 16:49:16", "elapsed": 625.639931, "delta": 5.061167}}
{"target": -44.441721989540646, "params": {"C": 117.75923575139772, "epsilon": 2.160040049409899, "gamma": 0.02267539445114813}, "datetime": {"datetime": "2021-09-24 16:49:23", "elapsed": 632.513996, "delta": 6.874065}}
{"target": -44.36575040846833, "params": {"C": 117.99414946588023, "epsilon": 2.088239789039712, "gamma": 0.0018246620459303649}, "datetime": {"datetime": "2021-09-24 16:49:28", "elapsed": 637.034736, "delta": 4.52074}}
{"target": -44.25426714036554, "params": {"C": 114.91345654808357, "epsilon": 3.9387659088539784, "gamma": 0.01852208152249383}, "datetime": {"datetime": "2021-09-24 16:49:32", "elapsed": 640.757128, "delta": 3.722392}}
{"target": -45.905272204320575, "params": {"C": 117.55858099348447, "epsilon": 1.9638055088894975, "gamma": 0.07795660458474868}, "datetime": {"datetime": "2021-09-24 16:49:37", "elapsed": 646.318613, "delta": 5.561485}}
{"target": -44.15768896657508, "params": {"C": 118.25927386837647, "epsilon": 1.781318835729029, "gamma": 0.003950610022122931}, "datetime": {"datetime": "2021-09-24 16:49:42", "elapsed": 651.130293, "delta": 4.81168}}
{"target": -46.11448534618487, "params": {"C": 133.374000728057, "epsilon": 4.043498927993604, "gamma": 0.08488482686149855}, "datetime": {"datetime": "2021-09-24 16:49:45", "elapsed": 653.961837, "delta": 2.831544}}
{"target": -44.38002479370959, "params": {"C": 110.15816026854867, "epsilon": 0.38097284089230327, "gamma": 0.028846733892318673}, "datetime": {"datetime": "2021-09-24 16:49:48", "elapsed": 656.804423, "delta": 2.842586}}
{"target": -46.1250149381705, "params": {"C": 118.22969778804362, "epsilon": 1.7588119873421066, "gamma": 0.08628002692941163}, "datetime": {"datetime": "2021-09-24 16:49:51", "elapsed": 660.577666, "delta": 3.773243}}
{"target": -44.55744250197191, "params": {"C": 103.14958998226147, "epsilon": 2.079928253161943, "gamma": 0.05361795883466444}, "datetime": {"datetime": "2021-09-24 16:49:57", "elapsed": 666.377697, "delta": 5.800031}}
{"target": -44.703035272632256, "params": {"C": 149.81529958204743, "epsilon": 4.212626569845284, "gamma": 0.038134710619615965}, "datetime": {"datetime": "2021-09-24 16:50:03", "elapsed": 672.299848, "delta": 5.922151}}
{"target": -44.33328563443583, "params": {"C": 147.25892445869925, "epsilon": 4.115875810541505, "gamma": 0.001840502273148908}, "datetime": {"datetime": "2021-09-24 16:50:10", "elapsed": 678.76241, "delta": 6.462562}}
{"target": -45.59000737281797, "params": {"C": 141.0573136360211, "epsilon": 4.8174903193477245, "gamma": 0.06163648351851698}, "datetime": {"datetime": "2021-09-24 16:50:12", "elapsed": 681.519318, "delta": 2.756908}}
{"target": -44.21097056538527, "params": {"C": 133.39559205763484, "epsilon": 2.80038318595051, "gamma": 0.029999438377223322}, "datetime": {"datetime": "2021-09-24 16:50:15", "elapsed": 683.940947, "delta": 2.421629}}
{"target": -44.19039079926891, "params": {"C": 126.71910140378152, "epsilon": 4.3071607389744875, "gamma": 0.03249368801012062}, "datetime": {"datetime": "2021-09-24 16:50:18", "elapsed": 687.023151, "delta": 3.082204}}
{"target": -44.433453531020724, "params": {"C": 133.3242765434288, "epsilon": 2.7801724201084825, "gamma": 0.0348533779864216}, "datetime": {"datetime": "2021-09-24 16:50:21", "elapsed": 690.70904, "delta": 3.685889}}
{"target": -44.18982733281128, "params": {"C": 114.9085637106262, "epsilon": 4.037774181789331, "gamma": 0.02945245670077035}, "datetime": {"datetime": "2021-09-24 16:50:26", "elapsed": 695.206077, "delta": 4.497037}}
{"target": -45.2797197769045, "params": {"C": 110.09785827842167, "epsilon": 3.6880849515888654, "gamma": 0.001}, "datetime": {"datetime": "2021-09-24 16:50:29", "elapsed": 698.21718, "delta": 3.011103}}
{"target": -45.79372900016316, "params": {"C": 151.97246617363768, "epsilon": 4.677173963584461, "gamma": 0.06206044330642128}, "datetime": {"datetime": "2021-09-24 16:50:31", "elapsed": 700.260742, "delta": 2.043562}}
{"target": -44.32353295622626, "params": {"C": 133.33592649029652, "epsilon": 2.8738930877074416, "gamma": 0.023024159539074864}, "datetime": {"datetime": "2021-09-24 16:50:35", "elapsed": 704.211612, "delta": 3.95087}}
{"target": -46.095560771854736, "params": {"C": 185.84333757936662, "epsilon": 0.34925707439565856, "gamma": 0.05431659507253808}, "datetime": {"datetime": "2021-09-24 16:50:37", "elapsed": 706.37696, "delta": 2.165348}}
{"target": -44.33107577020573, "params": {"C": 114.81437424087873, "epsilon": 4.070711712602361, "gamma": 0.025076533900715868}, "datetime": {"datetime": "2021-09-24 16:50:42", "elapsed": 711.12275, "delta": 4.74579}}
{"target": -44.459794953822666, "params": {"C": 129.31807646080128, "epsilon": 4.15828150409302, "gamma": 0.02162981788325411}, "datetime": {"datetime": "2021-09-24 16:50:45", "elapsed": 714.641167, "delta": 3.518417}}
{"target": -44.34726105372409, "params": {"C": 114.96531279033069, "epsilon": 3.669747637381091, "gamma": 0.002301029014554578}, "datetime": {"datetime": "2021-09-24 16:50:49", "elapsed": 718.692396, "delta": 4.051229}}
{"target": -46.441923777148574, "params": {"C": 171.87478075772498, "epsilon": 3.2333700793890103, "gamma": 0.09142456155443433}, "datetime": {"datetime": "2021-09-24 16:50:53", "elapsed": 721.973796, "delta": 3.2814}}
{"target": -44.63333345827266, "params": {"C": 156.5324301520406, "epsilon": 0.6188285850180748, "gamma": 0.001}, "datetime": {"datetime": "2021-09-24 16:50:56", "elapsed": 724.907527, "delta": 2.933731}}
{"target": -44.23294833324518, "params": {"C": 126.75778363754752, "epsilon": 4.4247394736314165, "gamma": 0.003363106964192827}, "datetime": {"datetime": "2021-09-24 16:51:00", "elapsed": 728.786979, "delta": 3.879452}}
{"target": -44.46312221964915, "params": {"C": 126.7642681719989, "epsilon": 4.37831369185789, "gamma": 0.021814620595612805}, "datetime": {"datetime": "2021-09-24 16:51:03", "elapsed": 732.346704, "delta": 3.559725}}
{"target": -45.40484246700669, "params": {"C": 126.72611305067616, "epsilon": 4.20948702540836, "gamma": 0.06163668262190201}, "datetime": {"datetime": "2021-09-24 16:51:08", "elapsed": 736.77025, "delta": 4.423546}}
{"target": -44.410964172119726, "params": {"C": 192.80634938128583, "epsilon": 1.444070949544733, "gamma": 0.011312421494687454}, "datetime": {"datetime": "2021-09-24 16:51:12", "elapsed": 740.870285, "delta": 4.100035}}
{"target": -44.450498140818404, "params": {"C": 155.51590119221115, "epsilon": 1.8445035227836075, "gamma": 0.01416251283880763}, "datetime": {"datetime": "2021-09-24 16:51:14", "elapsed": 743.279477, "delta": 2.409192}}
{"target": -45.32823347354489, "params": {"C": 103.64310584455986, "epsilon": 3.0861307042889883, "gamma": 0.001}, "datetime": {"datetime": "2021-09-24 16:51:19", "elapsed": 748.044627, "delta": 4.76515}}
{"target": -46.36224062716492, "params": {"C": 133.3706587530069, "epsilon": 2.8391745770731833, "gamma": 0.09715034028849534}, "datetime": {"datetime": "2021-09-24 16:51:23", "elapsed": 751.766379, "delta": 3.721752}}
{"target": -46.47573917437021, "params": {"C": 149.8587020828698, "epsilon": 2.1642444047685347, "gamma": 0.09872729630857667}, "datetime": {"datetime": "2021-09-24 16:51:25", "elapsed": 753.998964, "delta": 2.232585}}
{"target": -44.603745964036605, "params": {"C": 107.3362006575656, "epsilon": 1.7017064572277125, "gamma": 0.05433795100432363}, "datetime": {"datetime": "2021-09-24 16:51:27", "elapsed": 756.600233, "delta": 2.601269}}
{"target": -43.96954751779277, "params": {"C": 117.79607064492313, "epsilon": 2.2909608315252004, "gamma": 0.010708533848041185}, "datetime": {"datetime": "2021-09-24 16:51:31", "elapsed": 759.923205, "delta": 3.322972}}
{"target": -44.42191557858753, "params": {"C": 129.212168482564, "epsilon": 4.080095246881978, "gamma": 0.019882846912336626}, "datetime": {"datetime": "2021-09-24 16:51:33", "elapsed": 762.689947, "delta": 2.766742}}
{"target": -44.328864399736595, "params": {"C": 149.75756097247282, "epsilon": 4.1405767218359015, "gamma": 0.014025226744760987}, "datetime": {"datetime": "2021-09-24 16:51:37", "elapsed": 765.968593, "delta": 3.278646}}
{"target": -44.40989871610209, "params": {"C": 142.32689343260336, "epsilon": 3.8419989203621374, "gamma": 0.021992181809113834}, "datetime": {"datetime": "2021-09-24 16:51:39", "elapsed": 768.525066, "delta": 2.556473}}
{"target": -44.80838398861958, "params": {"C": 129.00168616812195, "epsilon": 4.237188634636113, "gamma": 0.001}, "datetime": {"datetime": "2021-09-24 16:51:44", "elapsed": 773.608933, "delta": 5.083867}}
{"target": -44.33065131457436, "params": {"C": 114.74023003392128, "epsilon": 3.695318348920546, "gamma": 0.02106950891025567}, "datetime": {"datetime": "2021-09-24 16:51:48", "elapsed": 777.100098, "delta": 3.491165}}
{"target": -43.87766900930275, "params": {"C": 140.43629819548872, "epsilon": 2.009994221126358, "gamma": 0.007168382598800352}, "datetime": {"datetime": "2021-09-24 16:51:51", "elapsed": 779.937367, "delta": 2.837269}}
{"target": -44.371778141802494, "params": {"C": 192.93857818434552, "epsilon": 1.3816578743387429, "gamma": 0.001259321196091582}, "datetime": {"datetime": "2021-09-24 16:51:55", "elapsed": 784.106419, "delta": 4.169052}}
{"target": -45.61777146087311, "params": {"C": 117.7593204186763, "epsilon": 2.240187222305199, "gamma": 0.06855118604927783}, "datetime": {"datetime": "2021-09-24 16:51:59", "elapsed": 788.145896, "delta": 4.039477}}
{"target": -46.1027080142211, "params": {"C": 115.74873178893972, "epsilon": 0.8185058325908643, "gamma": 0.08591775732339405}, "datetime": {"datetime": "2021-09-24 16:52:01", "elapsed": 790.54782, "delta": 2.401924}}
{"target": -44.10923385520919, "params": {"C": 114.82257260765685, "epsilon": 3.7974510084436566, "gamma": 0.012036756228755052}, "datetime": {"datetime": "2021-09-24 16:52:06", "elapsed": 794.758508, "delta": 4.210688}}
{"target": -44.50845207104705, "params": {"C": 190.63080726354158, "epsilon": 1.680255520193675, "gamma": 0.02887857628589078}, "datetime": {"datetime": "2021-09-24 16:52:08", "elapsed": 797.310438, "delta": 2.55193}}
{"target": -44.39563330575027, "params": {"C": 140.40182122583172, "epsilon": 2.077821332449352, "gamma": 0.023901284261872772}, "datetime": {"datetime": "2021-09-24 16:52:13", "elapsed": 801.981413, "delta": 4.670975}}
{"target": -45.97342260949046, "params": {"C": 132.01860460748236, "epsilon": 1.1055906906374593, "gamma": 0.0705070575991196}, "datetime": {"datetime": "2021-09-24 16:52:16", "elapsed": 804.922162, "delta": 2.940749}}
{"target": -43.95537711415409, "params": {"C": 193.36823132886036, "epsilon": 2.2771312170886273, "gamma": 0.008091345678264004}, "datetime": {"datetime": "2021-09-24 16:52:19", "elapsed": 807.934143, "delta": 3.011981}}
{"target": -44.58053640616573, "params": {"C": 140.34299514389147, "epsilon": 1.9827408294333555, "gamma": 0.04200163169136144}, "datetime": {"datetime": "2021-09-24 16:52:26", "elapsed": 814.748699, "delta": 6.814556}}
{"target": -46.32586493298248, "params": {"C": 140.46790117451087, "epsilon": 2.0484052523457437, "gamma": 0.08194581570562409}, "datetime": {"datetime": "2021-09-24 16:52:30", "elapsed": 819.39878, "delta": 4.650081}}
{"target": -45.20753919743295, "params": {"C": 109.93901147158485, "epsilon": 2.6537294599088557, "gamma": 0.001}, "datetime": {"datetime": "2021-09-24 16:52:36", "elapsed": 825.647065, "delta": 6.248285}}
{"target": -44.16933491019633, "params": {"C": 126.95130794609742, "epsilon": 4.3091455430576335, "gamma": 0.01183023319190818}, "datetime": {"datetime": "2021-09-24 16:52:41", "elapsed": 830.439689, "delta": 4.792624}}
{"target": -44.079781536428, "params": {"C": 113.08787516077574, "epsilon": 2.0661843053628948, "gamma": 0.015955346800811874}, "datetime": {"datetime": "2021-09-24 16:52:44", "elapsed": 833.647364, "delta": 3.207675}}
{"target": -44.398300043864026, "params": {"C": 132.20504269302788, "epsilon": 2.7448506220626583, "gamma": 0.015934183097863295}, "datetime": {"datetime": "2021-09-24 16:52:47", "elapsed": 836.358168, "delta": 2.710804}}
{"target": -44.334947359946575, "params": {"C": 117.8821899199508, "epsilon": 2.320204995524935, "gamma": 0.01698080982099367}, "datetime": {"datetime": "2021-09-24 16:52:54", "elapsed": 842.911538, "delta": 6.55337}}
{"target": -44.03775643241893, "params": {"C": 111.06938949582957, "epsilon": 2.047785023293371, "gamma": 0.005619821173164237}, "datetime": {"datetime": "2021-09-24 16:52:57", "elapsed": 846.329514, "delta": 3.417976}}
{"target": -46.50458642313702, "params": {"C": 161.71087433496223, "epsilon": 2.324644850758283, "gamma": 0.09249380301726545}, "datetime": {"datetime": "2021-09-24 16:53:01", "elapsed": 849.723343, "delta": 3.393829}}
{"target": -44.79354797729561, "params": {"C": 111.87513545877621, "epsilon": 4.608279555554328, "gamma": 0.05212113243414093}, "datetime": {"datetime": "2021-09-24 16:53:04", "elapsed": 853.082458, "delta": 3.359115}}
{"target": -43.85831700991412, "params": {"C": 113.25326339017214, "epsilon": 2.617459715326151, "gamma": 0.008925212635604907}, "datetime": {"datetime": "2021-09-24 16:53:12", "elapsed": 861.511919, "delta": 8.429461}}
{"target": -44.4427897649995, "params": {"C": 189.63265327453036, "epsilon": 3.591077636768889, "gamma": 0.013915368651127004}, "datetime": {"datetime": "2021-09-24 16:53:15", "elapsed": 864.125686, "delta": 2.613767}}
{"target": -44.183773624114586, "params": {"C": 111.09650788345901, "epsilon": 2.0017563241981398, "gamma": 0.0315532798101311}, "datetime": {"datetime": "2021-09-24 16:53:22", "elapsed": 871.58897, "delta": 7.463284}}
{"target": -46.52031093734527, "params": {"C": 193.38253357991258, "epsilon": 2.371854837278811, "gamma": 0.07317100521133252}, "datetime": {"datetime": "2021-09-24 16:53:27", "elapsed": 876.320003, "delta": 4.731033}}
{"target": -43.90499707265246, "params": {"C": 124.42129730172276, "epsilon": 1.446299362404716, "gamma": 0.005797602593560874}, "datetime": {"datetime": "2021-09-24 16:53:30", "elapsed": 879.019132, "delta": 2.699129}}
{"target": -44.45418095242739, "params": {"C": 124.3846415896954, "epsilon": 1.5106915124065232, "gamma": 0.0389584870501845}, "datetime": {"datetime": "2021-09-24 16:53:34", "elapsed": 883.442522, "delta": 4.42339}}
{"target": -44.354219704634914, "params": {"C": 117.82690614902131, "epsilon": 2.355635730385644, "gamma": 0.024710533963177655}, "datetime": {"datetime": "2021-09-24 16:53:39", "elapsed": 888.58776, "delta": 5.145238}}
{"target": -44.44819895956746, "params": {"C": 124.42865230736706, "epsilon": 1.38581315503677, "gamma": 0.041914747122531335}, "datetime": {"datetime": "2021-09-24 16:53:47", "elapsed": 895.761897, "delta": 7.174137}}
{"target": -45.696069231717225, "params": {"C": 126.93015941337615, "epsilon": 4.376107719053047, "gamma": 0.07020650872662561}, "datetime": {"datetime": "2021-09-24 16:53:52", "elapsed": 900.847233, "delta": 5.085336}}
{"target": -45.4601390118604, "params": {"C": 179.2388375523821, "epsilon": 4.230537835562518, "gamma": 0.04889296235146957}, "datetime": {"datetime": "2021-09-24 16:53:54", "elapsed": 903.606463, "delta": 2.75923}}
{"target": -44.47931804693262, "params": {"C": 100.83401055581444, "epsilon": 2.2361800316107554, "gamma": 0.0501267844122623}, "datetime": {"datetime": "2021-09-24 16:53:58", "elapsed": 906.827466, "delta": 3.221003}}
{"target": -46.274599801006325, "params": {"C": 124.43044996166023, "epsilon": 1.457574112382113, "gamma": 0.08710589224195169}, "datetime": {"datetime": "2021-09-24 16:54:05", "elapsed": 913.879922, "delta": 7.052456}}
{"target": -45.672292023233304, "params": {"C": 128.39807657979472, "epsilon": 2.1273801554197833, "gamma": 0.06460035258757993}, "datetime": {"datetime": "2021-09-24 16:54:08", "elapsed": 917.277736, "delta": 3.397814}}
{"target": -43.76217448541916, "params": {"C": 127.01722103215519, "epsilon": 4.282051491882314, "gamma": 0.0062496535201411706}, "datetime": {"datetime": "2021-09-24 16:54:13", "elapsed": 922.574876, "delta": 5.29714}}
