{"target": 0.27230300161924814, "params": {"C": 243.67963560967195, "epsilon": 1.7563884954503253, "gamma": 0.08537873834974363}, "datetime": {"datetime": "2021-09-24 10:08:48", "elapsed": 60.663747, "delta": 0.490744}}
{"target": 0.25817806688549316, "params": {"C": 193.02291228885449, "epsilon": 1.329927711060685, "gamma": 0.11258467291492934}, "datetime": {"datetime": "2021-09-24 10:08:49", "elapsed": 61.321211, "delta": 0.657464}}
{"target": 0.3889698296691949, "params": {"C": 193.22312287100536, "epsilon": 1.405304680585123, "gamma": 0.03184979516694829}, "datetime": {"datetime": "2021-09-24 10:08:50", "elapsed": 62.026884, "delta": 0.705673}}
{"target": 0.3908059615227656, "params": {"C": 141.5797196469272, "epsilon": 2.4573465362778277, "gamma": 0.03996242978090171}, "datetime": {"datetime": "2021-09-24 10:08:50", "elapsed": 62.609311, "delta": 0.582427}}
{"target": 0.16843397531316784, "params": {"C": 247.68860842960265, "epsilon": 2.6256170222682815, "gamma": 0.14401401276776885}, "datetime": {"datetime": "2021-09-24 10:08:51", "elapsed": 63.157603, "delta": 0.548292}}
{"target": 0.43632642325996984, "params": {"C": 124.92425286726281, "epsilon": 2.5624937029271146, "gamma": 0.005478340481838311}, "datetime": {"datetime": "2021-09-24 10:08:52", "elapsed": 63.788342, "delta": 0.630739}}
{"target": 0.36632024605261926, "params": {"C": 125.35651149705744, "epsilon": 2.6457635211351116, "gamma": 0.06036150744846699}, "datetime": {"datetime": "2021-09-24 10:08:52", "elapsed": 64.509254, "delta": 0.720912}}
{"target": 0.33971360272915163, "params": {"C": 124.96678170020232, "epsilon": 2.4306887361670197, "gamma": 0.0803432515759082}, "datetime": {"datetime": "2021-09-24 10:08:53", "elapsed": 65.350096, "delta": 0.840842}}
{"target": 0.36517036069584063, "params": {"C": 141.4179421760124, "epsilon": 2.2012474319943296, "gamma": 0.05368461820724723}, "datetime": {"datetime": "2021-09-24 10:08:54", "elapsed": 65.998832, "delta": 0.648736}}
{"target": 0.3803457065334812, "params": {"C": 106.59506135599761, "epsilon": 1.8246100255777786, "gamma": 0.055230860023805006}, "datetime": {"datetime": "2021-09-24 10:08:54", "elapsed": 66.574877, "delta": 0.576045}}
{"target": 0.3860976230572388, "params": {"C": 102.26618768969826, "epsilon": 2.881611797402209, "gamma": 0.05392490518884625}, "datetime": {"datetime": "2021-09-24 10:08:55", "elapsed": 67.471048, "delta": 0.896171}}
{"target": 0.33411558271343933, "params": {"C": 124.79574400694891, "epsilon": 2.601874482428089, "gamma": 0.08697229976672473}, "datetime": {"datetime": "2021-09-24 10:08:56", "elapsed": 68.251483, "delta": 0.780435}}
{"target": 0.4111598853212881, "params": {"C": 120.8478219154049, "epsilon": 2.4010800255112588, "gamma": 0.001}, "datetime": {"datetime": "2021-09-24 10:08:57", "elapsed": 69.329057, "delta": 1.077574}}
{"target": 0.414074389949213, "params": {"C": 124.97619009944871, "epsilon": 2.6351263667816163, "gamma": 0.03325840057784075}, "datetime": {"datetime": "2021-09-24 10:08:58", "elapsed": 70.209534, "delta": 0.880477}}
{"target": 0.16954623603646346, "params": {"C": 260.6198530930259, "epsilon": 1.853737381824632, "gamma": 0.12625415331300024}, "datetime": {"datetime": "2021-09-24 10:08:59", "elapsed": 71.356986, "delta": 1.147452}}
{"target": 0.39645462489314287, "params": {"C": 223.99641364051493, "epsilon": 1.546675911658419, "gamma": 0.026564720011130954}, "datetime": {"datetime": "2021-09-24 10:09:00", "elapsed": 72.151538, "delta": 0.794552}}
{"target": 0.3728631531975557, "params": {"C": 125.17397357296659, "epsilon": 2.546918243250648, "gamma": 0.055584173761955485}, "datetime": {"datetime": "2021-09-24 10:09:01", "elapsed": 73.074704, "delta": 0.923166}}
{"target": 0.41398723174329277, "params": {"C": 193.18611716987039, "epsilon": 1.2074498551062849, "gamma": 0.024239246860830385}, "datetime": {"datetime": "2021-09-24 10:09:02", "elapsed": 74.003587, "delta": 0.928883}}
{"target": 0.2367776958317619, "params": {"C": 194.74934488206253, "epsilon": 2.239633817552413, "gamma": 0.12217265534956176}, "datetime": {"datetime": "2021-09-24 10:09:02", "elapsed": 74.571292, "delta": 0.567705}}
{"target": 0.3633243710058086, "params": {"C": 186.8101987557842, "epsilon": 1.3813113899892053, "gamma": 0.041605543324837846}, "datetime": {"datetime": "2021-09-24 10:09:03", "elapsed": 75.449763, "delta": 0.878471}}
{"target": 0.43066267453436813, "params": {"C": 141.07483571639492, "epsilon": 2.1051469855040628, "gamma": 0.0036892366912499837}, "datetime": {"datetime": "2021-09-24 10:09:04", "elapsed": 76.266733, "delta": 0.81697}}
{"target": 0.44903590797188486, "params": {"C": 197.47250381840348, "epsilon": 2.850809255086358, "gamma": 0.011910598437585223}, "datetime": {"datetime": "2021-09-24 10:09:05", "elapsed": 77.107954, "delta": 0.841221}}
{"target": 0.43634788864555296, "params": {"C": 125.00909941893559, "epsilon": 2.539819385864062, "gamma": 0.005462031719963398}, "datetime": {"datetime": "2021-09-24 10:09:06", "elapsed": 78.020811, "delta": 0.912857}}
{"target": 0.4243098443804574, "params": {"C": 118.15190337305415, "epsilon": 2.229687461818685, "gamma": 0.029657558818952344}, "datetime": {"datetime": "2021-09-24 10:09:06", "elapsed": 78.653272, "delta": 0.632461}}
{"target": 0.3503298302503578, "params": {"C": 118.10915655267216, "epsilon": 2.0992653687050407, "gamma": 0.07442658613761023}, "datetime": {"datetime": "2021-09-24 10:09:08", "elapsed": 79.787991, "delta": 1.134719}}
{"target": 0.41783439823790736, "params": {"C": 199.6963665828291, "epsilon": 1.8340489697350961, "gamma": 0.022811197289715233}, "datetime": {"datetime": "2021-09-24 10:09:08", "elapsed": 80.386912, "delta": 0.598921}}
{"target": 0.27712040310731134, "params": {"C": 199.85824923040096, "epsilon": 1.8769142467339155, "gamma": 0.09792009156492436}, "datetime": {"datetime": "2021-09-24 10:09:09", "elapsed": 81.348812, "delta": 0.9619}}
{"target": 0.33412747450153557, "params": {"C": 118.24679447110282, "epsilon": 2.2498051430065416, "gamma": 0.09106224824538177}, "datetime": {"datetime": "2021-09-24 10:09:10", "elapsed": 82.525256, "delta": 1.176444}}
{"target": 0.3772239455567561, "params": {"C": 141.12561206386567, "epsilon": 2.01776608565043, "gamma": 0.04490940867958}, "datetime": {"datetime": "2021-09-24 10:09:11", "elapsed": 83.463091, "delta": 0.937835}}
{"target": 0.43863946990382174, "params": {"C": 118.1259271637138, "epsilon": 2.334576844298186, "gamma": 0.02008251035039205}, "datetime": {"datetime": "2021-09-24 10:09:12", "elapsed": 84.569784, "delta": 1.106693}}
{"target": 0.3699498276854114, "params": {"C": 289.1096050452108, "epsilon": 2.268219874717791, "gamma": 0.02897288912847482}, "datetime": {"datetime": "2021-09-24 10:09:13", "elapsed": 85.236913, "delta": 0.667129}}
{"target": 0.24972263754377555, "params": {"C": 156.4934061407728, "epsilon": 1.823508347629569, "gamma": 0.14184847737182738}, "datetime": {"datetime": "2021-09-24 10:09:14", "elapsed": 85.954492, "delta": 0.717579}}
{"target": 0.4414006693248166, "params": {"C": 118.10968436100005, "epsilon": 2.4856854493063842, "gamma": 0.018985201159359026}, "datetime": {"datetime": "2021-09-24 10:09:15", "elapsed": 86.897355, "delta": 0.942863}}
{"target": 0.4352000683556415, "params": {"C": 136.5498951456509, "epsilon": 2.371743434117323, "gamma": 0.02062605534561229}, "datetime": {"datetime": "2021-09-24 10:09:15", "elapsed": 87.545598, "delta": 0.648243}}
{"target": 0.437391978177756, "params": {"C": 277.92492560712344, "epsilon": 1.9606751360288188, "gamma": 0.006135492756667061}, "datetime": {"datetime": "2021-09-24 10:09:16", "elapsed": 88.333262, "delta": 0.787664}}
{"target": 0.26351789200496745, "params": {"C": 278.0413252131294, "epsilon": 1.8196551242591752, "gamma": 0.08113738307816921}, "datetime": {"datetime": "2021-09-24 10:09:17", "elapsed": 89.543939, "delta": 1.210677}}
{"target": 0.4234191954765938, "params": {"C": 117.98330395694383, "epsilon": 2.2763773780030734, "gamma": 0.030138260827418287}, "datetime": {"datetime": "2021-09-24 10:09:18", "elapsed": 90.462106, "delta": 0.918167}}
{"target": 0.4324763764568488, "params": {"C": 190.3856274724935, "epsilon": 2.6423228714444447, "gamma": 0.0186530563158378}, "datetime": {"datetime": "2021-09-24 10:09:19", "elapsed": 91.131076, "delta": 0.66897}}
{"target": 0.2334280762240476, "params": {"C": 167.96607071444845, "epsilon": 2.4802028481470964, "gamma": 0.1435727323185025}, "datetime": {"datetime": "2021-09-24 10:09:20", "elapsed": 91.893509, "delta": 0.762433}}
{"target": 0.4211606764752911, "params": {"C": 117.91151844169723, "epsilon": 2.4513727752859316, "gamma": 0.031310721965149904}, "datetime": {"datetime": "2021-09-24 10:09:21", "elapsed": 93.293863, "delta": 1.400354}}
{"target": 0.4119606592512788, "params": {"C": 277.82309777270007, "epsilon": 2.005660774403658, "gamma": 0.019290651437652316}, "datetime": {"datetime": "2021-09-24 10:09:22", "elapsed": 94.321367, "delta": 1.027504}}
{"target": 0.425054678768105, "params": {"C": 277.9530252990905, "epsilon": 2.0860871870169233, "gamma": 0.001}, "datetime": {"datetime": "2021-09-24 10:09:23", "elapsed": 95.403635, "delta": 1.082268}}
{"target": 0.43276539654682844, "params": {"C": 127.1726628022684, "epsilon": 2.208615604673158, "gamma": 0.024484456637476178}, "datetime": {"datetime": "2021-09-24 10:09:24", "elapsed": 96.349337, "delta": 0.945702}}
{"target": 0.33122663426666166, "params": {"C": 117.99376879824032, "epsilon": 2.582327551145207, "gamma": 0.09587321146435177}, "datetime": {"datetime": "2021-09-24 10:09:25", "elapsed": 97.398349, "delta": 1.049012}}
{"target": 0.2441536632832496, "params": {"C": 190.352275041, "epsilon": 2.6846496509831717, "gamma": 0.12060711664571709}, "datetime": {"datetime": "2021-09-24 10:09:27", "elapsed": 98.923092, "delta": 1.524743}}
{"target": 0.15622583779044763, "params": {"C": 277.93653644895403, "epsilon": 2.118821653849687, "gamma": 0.1315673594821076}, "datetime": {"datetime": "2021-09-24 10:09:28", "elapsed": 100.235749, "delta": 1.312657}}
{"target": 0.4461261348653851, "params": {"C": 117.86779640942733, "epsilon": 2.318677625006849, "gamma": 0.016674648841194375}, "datetime": {"datetime": "2021-09-24 10:09:29", "elapsed": 101.378982, "delta": 1.143233}}
{"target": 0.440627753004152, "params": {"C": 117.80057171090768, "epsilon": 2.438929476948571, "gamma": 0.019346183194562556}, "datetime": {"datetime": "2021-09-24 10:09:31", "elapsed": 102.979211, "delta": 1.600229}}
{"target": 0.2999769856802966, "params": {"C": 117.91667045601694, "epsilon": 2.3811820541053366, "gamma": 0.13032097145842975}, "datetime": {"datetime": "2021-09-24 10:09:32", "elapsed": 104.060658, "delta": 1.081447}}
{"target": 0.3949037130491062, "params": {"C": 117.83514214145362, "epsilon": 2.2050638158157865, "gamma": 0.04421039311565873}, "datetime": {"datetime": "2021-09-24 10:09:33", "elapsed": 105.275571, "delta": 1.214913}}
{"target": 0.42417555418447384, "params": {"C": 118.24966941032187, "epsilon": 2.4200261614436176, "gamma": 0.0024670723316055293}, "datetime": {"datetime": "2021-09-24 10:09:34", "elapsed": 106.587416, "delta": 1.311845}}
{"target": 0.44495788823055094, "params": {"C": 118.3285334124789, "epsilon": 2.536492889095089, "gamma": 0.010855779910939372}, "datetime": {"datetime": "2021-09-24 10:09:36", "elapsed": 108.091843, "delta": 1.504427}}
{"target": 0.4477244034511999, "params": {"C": 118.15764188544624, "epsilon": 2.5872278328409037, "gamma": 0.012146683390941864}, "datetime": {"datetime": "2021-09-24 10:09:37", "elapsed": 109.488825, "delta": 1.396982}}
{"target": 0.39802662072694817, "params": {"C": 190.50481201244662, "epsilon": 2.5792505845526073, "gamma": 0.02981689080809912}, "datetime": {"datetime": "2021-09-24 10:09:39", "elapsed": 111.227866, "delta": 1.739041}}
{"target": 0.3433351824684152, "params": {"C": 118.33097526311147, "epsilon": 2.624485800959693, "gamma": 0.0812176701972382}, "datetime": {"datetime": "2021-09-24 10:09:41", "elapsed": 112.938852, "delta": 1.710986}}
{"target": 0.3641986660475913, "params": {"C": 199.62186539525993, "epsilon": 1.9400245127088536, "gamma": 0.03992589277555037}, "datetime": {"datetime": "2021-09-24 10:09:42", "elapsed": 114.349591, "delta": 1.410739}}
{"target": 0.4365319465559657, "params": {"C": 117.62646200700252, "epsilon": 2.463987208444067, "gamma": 0.0063284131650336315}, "datetime": {"datetime": "2021-09-24 10:09:43", "elapsed": 115.413641, "delta": 1.06405}}
{"target": 0.3232000721918712, "params": {"C": 117.6795531795149, "epsilon": 2.4478031628904287, "gamma": 0.1051522268854215}, "datetime": {"datetime": "2021-09-24 10:09:45", "elapsed": 116.924497, "delta": 1.510856}}
{"target": 0.4389653339241717, "params": {"C": 190.3140558799612, "epsilon": 2.4600873113331057, "gamma": 0.005984066573408487}, "datetime": {"datetime": "2021-09-24 10:09:46", "elapsed": 118.425524, "delta": 1.501027}}
{"target": 0.3690670341272234, "params": {"C": 190.46608071827396, "epsilon": 2.426944835394469, "gamma": 0.03984276102785437}, "datetime": {"datetime": "2021-09-24 10:09:47", "elapsed": 119.501288, "delta": 1.075764}}
{"target": 0.4349245107487443, "params": {"C": 117.5473136689869, "epsilon": 2.602797178614178, "gamma": 0.023750039501902933}, "datetime": {"datetime": "2021-09-24 10:09:49", "elapsed": 120.872882, "delta": 1.371594}}
{"target": 0.23323786955328385, "params": {"C": 218.95393021560096, "epsilon": 2.7115255129047444, "gamma": 0.11152239946086057}, "datetime": {"datetime": "2021-09-24 10:09:49", "elapsed": 121.635958, "delta": 0.763076}}
{"target": 0.4373955226505013, "params": {"C": 117.61305759811766, "epsilon": 2.7157254074852473, "gamma": 0.005446407213536503}, "datetime": {"datetime": "2021-09-24 10:09:51", "elapsed": 122.891691, "delta": 1.255733}}
{"target": 0.4379979045848774, "params": {"C": 118.47591751045341, "epsilon": 2.5067552009057668, "gamma": 0.006628325412294185}, "datetime": {"datetime": "2021-09-24 10:09:52", "elapsed": 123.924465, "delta": 1.032774}}
{"target": 0.3566903247263046, "params": {"C": 117.49436953446957, "epsilon": 2.690419993379308, "gamma": 0.07131918933213525}, "datetime": {"datetime": "2021-09-24 10:09:53", "elapsed": 125.307901, "delta": 1.383436}}
{"target": 0.38593145630909853, "params": {"C": 118.42943014689386, "epsilon": 2.366417993086541, "gamma": 0.04754805252212424}, "datetime": {"datetime": "2021-09-24 10:09:54", "elapsed": 126.371699, "delta": 1.063798}}
{"target": 0.2532149100743033, "params": {"C": 158.20832027703932, "epsilon": 1.6013519129415812, "gamma": 0.13807329374516306}, "datetime": {"datetime": "2021-09-24 10:09:55", "elapsed": 127.398445, "delta": 1.026746}}
{"target": 0.4324286419209913, "params": {"C": 117.48203135432445, "epsilon": 2.5018588486700173, "gamma": 0.026124945955767254}, "datetime": {"datetime": "2021-09-24 10:09:56", "elapsed": 128.651593, "delta": 1.253148}}
{"target": 0.3148503136247889, "params": {"C": 115.65362517102275, "epsilon": 1.8239366258935674, "gamma": 0.11582168101621527}, "datetime": {"datetime": "2021-09-24 10:09:58", "elapsed": 129.722062, "delta": 1.070469}}
{"target": 0.29556641857037813, "params": {"C": 118.25454556871766, "epsilon": 2.46750025651505, "gamma": 0.1350482352160499}, "datetime": {"datetime": "2021-09-24 10:09:59", "elapsed": 131.022969, "delta": 1.300907}}
{"target": 0.36588025237201593, "params": {"C": 190.18596485153094, "epsilon": 2.3428739096848803, "gamma": 0.04115723415824158}, "datetime": {"datetime": "2021-09-24 10:10:01", "elapsed": 133.01375, "delta": 1.990781}}
{"target": 0.4274616903405616, "params": {"C": 285.7417870032168, "epsilon": 1.2609508001774736, "gamma": 0.0033163617830352884}, "datetime": {"datetime": "2021-09-24 10:10:02", "elapsed": 134.115756, "delta": 1.102006}}
{"target": 0.3119612658267752, "params": {"C": 233.8199290825148, "epsilon": 2.0654388937878583, "gamma": 0.057981297349231284}, "datetime": {"datetime": "2021-09-24 10:10:03", "elapsed": 135.197038, "delta": 1.081282}}
{"target": 0.32002226950691015, "params": {"C": 285.06604290433404, "epsilon": 1.3781604619602503, "gamma": 0.043562654319408436}, "datetime": {"datetime": "2021-09-24 10:10:04", "elapsed": 136.09801, "delta": 0.900972}}
{"target": 0.4200410607040458, "params": {"C": 117.71276818627277, "epsilon": 2.3427661890441427, "gamma": 0.0020144620734091337}, "datetime": {"datetime": "2021-09-24 10:10:06", "elapsed": 137.976395, "delta": 1.878385}}
{"target": 0.3072590269148209, "params": {"C": 285.8395745973172, "epsilon": 1.211481222729031, "gamma": 0.049541870190476255}, "datetime": {"datetime": "2021-09-24 10:10:07", "elapsed": 139.242469, "delta": 1.266074}}
{"target": 0.4236711194138487, "params": {"C": 190.30100404979288, "epsilon": 2.5373322642718654, "gamma": 0.0017369343624946422}, "datetime": {"datetime": "2021-09-24 10:10:08", "elapsed": 140.270829, "delta": 1.02836}}
{"target": 0.3514384251019166, "params": {"C": 285.67442685714184, "epsilon": 1.4400531296853902, "gamma": 0.033262340536988406}, "datetime": {"datetime": "2021-09-24 10:10:10", "elapsed": 141.969623, "delta": 1.698794}}
{"target": 0.40707165778527343, "params": {"C": 255.6496805186086, "epsilon": 1.9155600918237612, "gamma": 0.02156386970063239}, "datetime": {"datetime": "2021-09-24 10:10:11", "elapsed": 143.039668, "delta": 1.070045}}
{"target": 0.25642189927608916, "params": {"C": 150.9651751167751, "epsilon": 2.1616930506212895, "gamma": 0.141742383413331}, "datetime": {"datetime": "2021-09-24 10:10:12", "elapsed": 144.30157, "delta": 1.261902}}
{"target": 0.4376282951873204, "params": {"C": 199.6057592138684, "epsilon": 1.7141145940113296, "gamma": 0.015736409645478528}, "datetime": {"datetime": "2021-09-24 10:10:14", "elapsed": 146.412672, "delta": 2.111102}}
{"target": 0.42388084314650265, "params": {"C": 117.78096478059831, "epsilon": 2.6184868361003115, "gamma": 0.0025131666966453268}, "datetime": {"datetime": "2021-09-24 10:10:16", "elapsed": 148.163806, "delta": 1.751134}}
{"target": 0.33644619654681496, "params": {"C": 117.67918349098548, "epsilon": 2.6511509260342674, "gamma": 0.08996804319077897}, "datetime": {"datetime": "2021-09-24 10:10:18", "elapsed": 149.760261, "delta": 1.596455}}
{"target": 0.41064037143383025, "params": {"C": 117.52762359691384, "epsilon": 2.369064358922011, "gamma": 0.001}, "datetime": {"datetime": "2021-09-24 10:10:19", "elapsed": 151.301831, "delta": 1.54157}}
{"target": 0.23974854751477814, "params": {"C": 285.5970469515935, "epsilon": 1.2010009559683936, "gamma": 0.08827303183593993}, "datetime": {"datetime": "2021-09-24 10:10:21", "elapsed": 152.705346, "delta": 1.403515}}
{"target": 0.3952994934994799, "params": {"C": 199.771959404186, "epsilon": 1.6656706409123563, "gamma": 0.02930054063816299}, "datetime": {"datetime": "2021-09-24 10:10:22", "elapsed": 153.970812, "delta": 1.265466}}
{"target": 0.21540137694814243, "params": {"C": 199.553547433949, "epsilon": 1.6167906537014276, "gamma": 0.13298550224020875}, "datetime": {"datetime": "2021-09-24 10:10:23", "elapsed": 155.391955, "delta": 1.421143}}
{"target": 0.3258442854847311, "params": {"C": 118.59881158569843, "epsilon": 2.4759126419346704, "gamma": 0.1014549328292766}, "datetime": {"datetime": "2021-09-24 10:10:25", "elapsed": 156.981283, "delta": 1.589328}}
{"target": 0.41926557070556203, "params": {"C": 277.7258723668556, "epsilon": 1.8673983627537627, "gamma": 0.001834479465800625}, "datetime": {"datetime": "2021-09-24 10:10:26", "elapsed": 158.287487, "delta": 1.306204}}
{"target": 0.43626196023251074, "params": {"C": 118.13408250640971, "epsilon": 2.7051770325680407, "gamma": 0.004737157407845478}, "datetime": {"datetime": "2021-09-24 10:10:27", "elapsed": 159.609155, "delta": 1.321668}}
{"target": 0.4135800607405057, "params": {"C": 197.53464281046547, "epsilon": 2.7338014064874585, "gamma": 0.02422149617946726}, "datetime": {"datetime": "2021-09-24 10:10:29", "elapsed": 161.369206, "delta": 1.760051}}
{"target": 0.3340409062455816, "params": {"C": 106.3498114807223, "epsilon": 2.5185788643595695, "gamma": 0.10249204629184754}, "datetime": {"datetime": "2021-09-24 10:10:30", "elapsed": 162.15103, "delta": 0.781824}}
{"target": 0.4204522719241691, "params": {"C": 117.69722066541405, "epsilon": 2.813006171641679, "gamma": 0.03168674002717326}, "datetime": {"datetime": "2021-09-24 10:10:31", "elapsed": 163.315644, "delta": 1.164614}}
{"target": 0.4211107873947677, "params": {"C": 112.69023821509698, "epsilon": 2.8775876402449523, "gamma": 0.032203816323880204}, "datetime": {"datetime": "2021-09-24 10:10:32", "elapsed": 164.110606, "delta": 0.794962}}
{"target": 0.43530351004799217, "params": {"C": 112.58632930439381, "epsilon": 2.9816551333153045, "gamma": 0.02263202349746004}, "datetime": {"datetime": "2021-09-24 10:10:33", "elapsed": 165.614981, "delta": 1.504375}}
{"target": 0.4369856908136548, "params": {"C": 197.51834490687574, "epsilon": 2.9381115524862342, "gamma": 0.01602159594423723}, "datetime": {"datetime": "2021-09-24 10:10:35", "elapsed": 167.095789, "delta": 1.480808}}
{"target": 0.29157888666227716, "params": {"C": 112.75698458453999, "epsilon": 2.9519437075224513, "gamma": 0.144616120215148}, "datetime": {"datetime": "2021-09-24 10:10:37", "elapsed": 168.729848, "delta": 1.634059}}
{"target": 0.3811095728347017, "params": {"C": 112.59806955292125, "epsilon": 2.843916045373141, "gamma": 0.054947022089634215}, "datetime": {"datetime": "2021-09-24 10:10:38", "elapsed": 170.370901, "delta": 1.641053}}
{"target": 0.43454243136578785, "params": {"C": 118.12831906821461, "epsilon": 2.836595536428301, "gamma": 0.024834112167460613}, "datetime": {"datetime": "2021-09-24 10:10:40", "elapsed": 171.746311, "delta": 1.37541}}
{"target": 0.4441463005454567, "params": {"C": 117.90949631298292, "epsilon": 2.8071136806994708, "gamma": 0.01725119644757126}, "datetime": {"datetime": "2021-09-24 10:10:41", "elapsed": 172.996821, "delta": 1.25051}}
