{"target": 0.4239955481133132, "params": {"C": 21.58567430784976, "epsilon": 0.5367841172829196, "gamma": 0.08518069298598063}, "datetime": {"datetime": "2021-09-24 09:18:17", "elapsed": 384.347923, "delta": 2.682131}}
{"target": 0.41921685735213876, "params": {"C": 55.09969012799682, "epsilon": 0.768859171143624, "gamma": 0.053716781919499246}, "datetime": {"datetime": "2021-09-24 09:18:18", "elapsed": 386.043568, "delta": 1.695645}}
{"target": 0.4285513472569594, "params": {"C": 44.11708750061223, "epsilon": 0.4118876504614489, "gamma": 0.04631422580295635}, "datetime": {"datetime": "2021-09-24 09:18:20", "elapsed": 387.711156, "delta": 1.667588}}
{"target": 0.3916540138515874, "params": {"C": 37.5207694313164, "epsilon": 0.3025631698261814, "gamma": 0.11132238603500874}, "datetime": {"datetime": "2021-09-24 09:18:22", "elapsed": 389.23479, "delta": 1.523634}}
{"target": 0.4375839246731692, "params": {"C": 24.84962286727556, "epsilon": 0.8752605828591672, "gamma": 0.041383499605666625}, "datetime": {"datetime": "2021-09-24 09:18:23", "elapsed": 390.788278, "delta": 1.553488}}
{"target": 0.44119049484260797, "params": {"C": 21.054918493341283, "epsilon": 0.7911732021867856, "gamma": 0.03832932601328732}, "datetime": {"datetime": "2021-09-24 09:18:26", "elapsed": 394.0175, "delta": 3.229222}}
{"target": 0.43299287613717274, "params": {"C": 21.062234161720852, "epsilon": 0.7425320764909706, "gamma": 0.07087808159249852}, "datetime": {"datetime": "2021-09-24 09:18:30", "elapsed": 397.35263, "delta": 3.33513}}
{"target": 0.4293225613830497, "params": {"C": 14.363486070453952, "epsilon": 0.5595294701373085, "gamma": 0.08069435359781155}, "datetime": {"datetime": "2021-09-24 09:18:32", "elapsed": 399.759938, "delta": 2.407308}}
{"target": 0.2974718467731541, "params": {"C": 3.3895997208671673, "epsilon": 0.4571671082856841, "gamma": 0.13668868430982706}, "datetime": {"datetime": "2021-09-24 09:18:34", "elapsed": 401.261509, "delta": 1.501571}}
{"target": 0.41754711304155057, "params": {"C": 14.370382469736052, "epsilon": 0.6117134408116973, "gamma": 0.10894653020542011}, "datetime": {"datetime": "2021-09-24 09:18:36", "elapsed": 403.569886, "delta": 2.308377}}
{"target": 0.43768259543393584, "params": {"C": 21.266143007080444, "epsilon": 0.8732699376640439, "gamma": 0.054731730963739476}, "datetime": {"datetime": "2021-09-24 09:18:39", "elapsed": 406.112712, "delta": 2.542826}}
{"target": 0.4437813253587285, "params": {"C": 21.726518033089963, "epsilon": 0.41412968811324025, "gamma": 0.024200708182843592}, "datetime": {"datetime": "2021-09-24 09:18:42", "elapsed": 409.754325, "delta": 3.641613}}
{"target": 0.4278692620066338, "params": {"C": 21.664194856286283, "epsilon": 0.7168007592305169, "gamma": 0.00974889718625744}, "datetime": {"datetime": "2021-09-24 09:18:45", "elapsed": 412.753042, "delta": 2.998717}}
{"target": 0.4436190117482306, "params": {"C": 21.21889247464101, "epsilon": 0.6379357700883815, "gamma": 0.025133454985073213}, "datetime": {"datetime": "2021-09-24 09:18:48", "elapsed": 415.31173, "delta": 2.558688}}
{"target": 0.40932390756936265, "params": {"C": 96.4797185534356, "epsilon": 0.3931349112920203, "gamma": 0.04478102816161713}, "datetime": {"datetime": "2021-09-24 09:18:49", "elapsed": 416.955262, "delta": 1.643532}}
{"target": 0.42523278008804066, "params": {"C": 14.22846668493864, "epsilon": 0.6298617604765975, "gamma": 0.09210353556686209}, "datetime": {"datetime": "2021-09-24 09:18:52", "elapsed": 419.309344, "delta": 2.354082}}
{"target": 0.4179089306424012, "params": {"C": 21.541436049062412, "epsilon": 0.6285516816717994, "gamma": 0.09878715211413251}, "datetime": {"datetime": "2021-09-24 09:18:54", "elapsed": 422.05751, "delta": 2.748166}}
{"target": 0.366152684974435, "params": {"C": 58.26658343781564, "epsilon": 0.5556498268636815, "gamma": 0.11680451005364983}, "datetime": {"datetime": "2021-09-24 09:18:56", "elapsed": 423.711462, "delta": 1.653952}}
{"target": 0.4410629168969814, "params": {"C": 21.2093355838012, "epsilon": 0.8469566049381504, "gamma": 0.03825044562340155}, "datetime": {"datetime": "2021-09-24 09:18:59", "elapsed": 426.101638, "delta": 2.390176}}
{"target": 0.4352389796712727, "params": {"C": 21.70816254362115, "epsilon": 0.40733511531770467, "gamma": 0.06227192494291552}, "datetime": {"datetime": "2021-09-24 09:19:01", "elapsed": 428.587456, "delta": 2.485818}}
{"target": 0.39525969762810953, "params": {"C": 12.270952955036671, "epsilon": 0.6974701192444944, "gamma": 0.14816789312656112}, "datetime": {"datetime": "2021-09-24 09:19:03", "elapsed": 430.346412, "delta": 1.758956}}
{"target": 0.42903510924298305, "params": {"C": 14.406768567507655, "epsilon": 0.8389832781480908, "gamma": 0.015759980829794386}, "datetime": {"datetime": "2021-09-24 09:19:05", "elapsed": 432.945043, "delta": 2.598631}}
{"target": 0.4242619463170557, "params": {"C": 18.731618255130435, "epsilon": 0.3301919588320761, "gamma": 0.09017342785996169}, "datetime": {"datetime": "2021-09-24 09:19:08", "elapsed": 435.229874, "delta": 2.284831}}
{"target": 0.4315471572731492, "params": {"C": 54.385672783948564, "epsilon": 0.4859924854371943, "gamma": 0.02442766336871369}, "datetime": {"datetime": "2021-09-24 09:19:09", "elapsed": 436.79953, "delta": 1.569656}}
{"target": 0.4426499564780215, "params": {"C": 21.200793274658142, "epsilon": 0.6997416121295426, "gamma": 0.02174416293458595}, "datetime": {"datetime": "2021-09-24 09:19:12", "elapsed": 439.912436, "delta": 3.112906}}
{"target": 0.3810820908736924, "params": {"C": 90.00230164803435, "epsilon": 0.5729846775392741, "gamma": 0.07333898763661545}, "datetime": {"datetime": "2021-09-24 09:19:14", "elapsed": 441.430765, "delta": 1.518329}}
{"target": 0.43127131939961294, "params": {"C": 21.19282482030887, "epsilon": 0.8084388621789255, "gamma": 0.013130458060623653}, "datetime": {"datetime": "2021-09-24 09:19:17", "elapsed": 444.97183, "delta": 3.541065}}
{"target": 0.4218670043044045, "params": {"C": 83.60071515702934, "epsilon": 0.7279554015319157, "gamma": 0.027011753547921853}, "datetime": {"datetime": "2021-09-24 09:19:19", "elapsed": 446.49491, "delta": 1.52308}}
{"target": 0.41954097702936144, "params": {"C": 21.2531359946726, "epsilon": 0.6747243813085431, "gamma": 0.09606489320934718}, "datetime": {"datetime": "2021-09-24 09:19:21", "elapsed": 448.973376, "delta": 2.478466}}
{"target": 0.41957206393956614, "params": {"C": 27.44277326408457, "epsilon": 0.26545208913323, "gamma": 0.005135926344135966}, "datetime": {"datetime": "2021-09-24 09:19:23", "elapsed": 450.513306, "delta": 1.53993}}
{"target": 0.4010358584343736, "params": {"C": 21.240900393417906, "epsilon": 0.6921660418508906, "gamma": 0.004535768212913356}, "datetime": {"datetime": "2021-09-24 09:19:26", "elapsed": 453.407357, "delta": 2.894051}}
{"target": 0.4214030946083783, "params": {"C": 21.164663342901104, "epsilon": 0.7281719653628829, "gamma": 0.007086781647484796}, "datetime": {"datetime": "2021-09-24 09:19:28", "elapsed": 455.561079, "delta": 2.153722}}
{"target": 0.27521742784190895, "params": {"C": 25.938263668051295, "epsilon": 0.550065400301911, "gamma": 0.001}, "datetime": {"datetime": "2021-09-24 09:19:31", "elapsed": 458.205962, "delta": 2.644883}}
{"target": 0.43034419526329204, "params": {"C": 14.237154091485857, "epsilon": 0.6758137720924788, "gamma": 0.01823672365589861}, "datetime": {"datetime": "2021-09-24 09:19:33", "elapsed": 460.330273, "delta": 2.124311}}
{"target": 0.4412716874461795, "params": {"C": 21.374982628628064, "epsilon": 0.8318245946334235, "gamma": 0.04286798589372769}, "datetime": {"datetime": "2021-09-24 09:19:35", "elapsed": 463.04617, "delta": 2.715897}}
{"target": 0.38687796736289415, "params": {"C": 34.040260720776445, "epsilon": 0.8061775718185823, "gamma": 0.12725090103397255}, "datetime": {"datetime": "2021-09-24 09:19:37", "elapsed": 464.618594, "delta": 1.572424}}
{"target": 0.4402485668410504, "params": {"C": 11.05657866586318, "epsilon": 0.06401457769805496, "gamma": 0.04291074090864123}, "datetime": {"datetime": "2021-09-24 09:19:39", "elapsed": 466.240409, "delta": 1.621815}}
{"target": 0.4331409277987346, "params": {"C": 21.173955986303266, "epsilon": 0.8132115576292829, "gamma": 0.07009258389658533}, "datetime": {"datetime": "2021-09-24 09:19:41", "elapsed": 468.857545, "delta": 2.617136}}
{"target": 0.4415691959475312, "params": {"C": 14.395708270028969, "epsilon": 0.5237692558856326, "gamma": 0.04380364988653963}, "datetime": {"datetime": "2021-09-24 09:19:45", "elapsed": 472.607849, "delta": 3.750304}}
{"target": 0.43720038031282427, "params": {"C": 21.749685672376327, "epsilon": 0.4606358302362384, "gamma": 0.0540445861172522}, "datetime": {"datetime": "2021-09-24 09:19:49", "elapsed": 476.127816, "delta": 3.519967}}
{"target": 0.4395399945750563, "params": {"C": 14.357575599867955, "epsilon": 0.49881951114368905, "gamma": 0.058230494038819774}, "datetime": {"datetime": "2021-09-24 09:19:52", "elapsed": 479.176941, "delta": 3.049125}}
{"target": 0.40068461054998783, "params": {"C": 41.646740499660886, "epsilon": 0.9630168010199548, "gamma": 0.0922609701440306}, "datetime": {"datetime": "2021-09-24 09:19:53", "elapsed": 480.759713, "delta": 1.582772}}
{"target": 0.41560417711381714, "params": {"C": 21.374431013221848, "epsilon": 0.5849227908537199, "gamma": 0.10414287961095985}, "datetime": {"datetime": "2021-09-24 09:19:57", "elapsed": 484.212445, "delta": 3.452732}}
{"target": 0.3299660577512733, "params": {"C": 21.68531649491289, "epsilon": 0.5420133714129036, "gamma": 0.0018614444100474169}, "datetime": {"datetime": "2021-09-24 09:19:59", "elapsed": 486.922969, "delta": 2.710524}}
{"target": 0.41598635430198794, "params": {"C": 25.968503067444175, "epsilon": 0.5854013871810632, "gamma": 0.0923937417127619}, "datetime": {"datetime": "2021-09-24 09:20:03", "elapsed": 490.54366, "delta": 3.620691}}
{"target": 0.4286127252211268, "params": {"C": 14.41376714594782, "epsilon": 0.502928927323427, "gamma": 0.08297105955981511}, "datetime": {"datetime": "2021-09-24 09:20:06", "elapsed": 493.619942, "delta": 3.076282}}
{"target": 0.431674080669987, "params": {"C": 18.80386482798488, "epsilon": 0.2838210039396245, "gamma": 0.07695228983775358}, "datetime": {"datetime": "2021-09-24 09:20:09", "elapsed": 496.309725, "delta": 2.689783}}
{"target": 0.39086225510034367, "params": {"C": 52.45274151190131, "epsilon": 0.9345835273064659, "gamma": 0.09289905103693706}, "datetime": {"datetime": "2021-09-24 09:20:10", "elapsed": 497.894356, "delta": 1.584631}}
{"target": 0.43748595341708973, "params": {"C": 21.162146603506546, "epsilon": 0.6650233061622158, "gamma": 0.055617817685568165}, "datetime": {"datetime": "2021-09-24 09:20:13", "elapsed": 500.431404, "delta": 2.537048}}
{"target": 0.3733630427916227, "params": {"C": 85.98490420357297, "epsilon": 0.057587792560093894, "gamma": 0.08124416834149671}, "datetime": {"datetime": "2021-09-24 09:20:15", "elapsed": 502.170448, "delta": 1.739044}}
{"target": 0.44298132164087345, "params": {"C": 21.691936213327264, "epsilon": 0.3902707590428629, "gamma": 0.02352601114090637}, "datetime": {"datetime": "2021-09-24 09:20:18", "elapsed": 505.759104, "delta": 3.588656}}
{"target": 0.426928410493542, "params": {"C": 21.18931558113105, "epsilon": 0.6922542737364082, "gamma": 0.07905473542992525}, "datetime": {"datetime": "2021-09-24 09:20:21", "elapsed": 508.280885, "delta": 2.521781}}
{"target": 0.42640974451922087, "params": {"C": 25.906931778804488, "epsilon": 0.5869419444539382, "gamma": 0.0733881501580317}, "datetime": {"datetime": "2021-09-24 09:20:24", "elapsed": 511.724592, "delta": 3.443707}}
{"target": 0.4441010691412294, "params": {"C": 21.33745283558035, "epsilon": 0.6371222619205124, "gamma": 0.02611606932484732}, "datetime": {"datetime": "2021-09-24 09:20:27", "elapsed": 514.858519, "delta": 3.133927}}
{"target": 0.37783634860909165, "params": {"C": 47.61212736930668, "epsilon": 0.8043735574612737, "gamma": 0.11855066083978222}, "datetime": {"datetime": "2021-09-24 09:20:29", "elapsed": 516.531536, "delta": 1.673017}}
{"target": 0.4378471148386299, "params": {"C": 21.62146255754141, "epsilon": 0.5585918370782028, "gamma": 0.050855321047588345}, "datetime": {"datetime": "2021-09-24 09:20:32", "elapsed": 519.366535, "delta": 2.834999}}
{"target": 0.4428603650714259, "params": {"C": 21.181843368711135, "epsilon": 0.8815980463265135, "gamma": 0.031616773235459326}, "datetime": {"datetime": "2021-09-24 09:20:35", "elapsed": 522.114987, "delta": 2.748452}}
{"target": 0.3809643083981762, "params": {"C": 21.54401624800657, "epsilon": 0.731925696980874, "gamma": 0.003059699714651171}, "datetime": {"datetime": "2021-09-24 09:20:39", "elapsed": 526.178741, "delta": 4.063754}}
{"target": 0.4271501903203949, "params": {"C": 15.78363140703346, "epsilon": 0.7824992497140677, "gamma": 0.08557588544810343}, "datetime": {"datetime": "2021-09-24 09:20:42", "elapsed": 529.249607, "delta": 3.070866}}
{"target": 0.4290184366879687, "params": {"C": 55.96074218028904, "epsilon": 0.3605799227709582, "gamma": 0.020810246595781182}, "datetime": {"datetime": "2021-09-24 09:20:43", "elapsed": 530.960588, "delta": 1.710981}}
{"target": 0.42381285876340347, "params": {"C": 15.75314871420152, "epsilon": 0.7778274457376873, "gamma": 0.009985202565288977}, "datetime": {"datetime": "2021-09-24 09:20:47", "elapsed": 535.067771, "delta": 4.107183}}
{"target": 0.4134647872485744, "params": {"C": 35.4078802063395, "epsilon": 0.8871868829851535, "gamma": 0.08114116046851752}, "datetime": {"datetime": "2021-09-24 09:20:49", "elapsed": 536.743656, "delta": 1.675885}}
{"target": 0.35779834578348535, "params": {"C": 50.36011506204111, "epsilon": 0.42537122928271126, "gamma": 0.14808451666644368}, "datetime": {"datetime": "2021-09-24 09:20:51", "elapsed": 538.767241, "delta": 2.023585}}
{"target": 0.4273367568884926, "params": {"C": 8.262838650989949, "epsilon": 0.33164396567352633, "gamma": 0.08127631009741636}, "datetime": {"datetime": "2021-09-24 09:20:53", "elapsed": 540.499991, "delta": 1.73275}}
{"target": 0.40138783153873125, "params": {"C": 21.74895483778725, "epsilon": 0.466108266304627, "gamma": 0.0043660502625126}, "datetime": {"datetime": "2021-09-24 09:20:56", "elapsed": 543.796224, "delta": 3.296233}}
{"target": 0.33136390793089443, "params": {"C": 75.6130874948149, "epsilon": 0.25693974050556656, "gamma": 0.14477873513643552}, "datetime": {"datetime": "2021-09-24 09:20:58", "elapsed": 545.754001, "delta": 1.957777}}
{"target": 0.42622266732614067, "params": {"C": 21.21124887941987, "epsilon": 0.9012325663395516, "gamma": 0.07971255087665342}, "datetime": {"datetime": "2021-09-24 09:21:01", "elapsed": 548.225878, "delta": 2.471877}}
{"target": 0.41850456940236547, "params": {"C": 44.82468570525987, "epsilon": 0.9467247918806644, "gamma": 0.0028464371833188985}, "datetime": {"datetime": "2021-09-24 09:21:04", "elapsed": 551.395154, "delta": 3.169276}}
{"target": 0.4397592813019183, "params": {"C": 20.9513977898339, "epsilon": 0.8348895104088869, "gamma": 0.04582408918321108}, "datetime": {"datetime": "2021-09-24 09:21:07", "elapsed": 555.046053, "delta": 3.650899}}
{"target": 0.4430674486396783, "params": {"C": 21.6888169955992, "epsilon": 0.6537513398438315, "gamma": 0.02215429936535925}, "datetime": {"datetime": "2021-09-24 09:21:10", "elapsed": 557.93396, "delta": 2.887907}}
{"target": 0.4396515238215448, "params": {"C": 41.03193521353383, "epsilon": 0.39411444764812004, "gamma": 0.010283727345669215}, "datetime": {"datetime": "2021-09-24 09:21:12", "elapsed": 559.771364, "delta": 1.837404}}
{"target": 0.43598925229674357, "params": {"C": 21.629920070918043, "epsilon": 0.48005816596110423, "gamma": 0.060375256569515895}, "datetime": {"datetime": "2021-09-24 09:21:15", "elapsed": 562.624095, "delta": 2.852731}}
{"target": 0.44302262854851293, "params": {"C": 21.685899210800713, "epsilon": 0.7730633882448819, "gamma": 0.031001940617470223}, "datetime": {"datetime": "2021-09-24 09:21:19", "elapsed": 566.271895, "delta": 3.6478}}
{"target": 0.4068884599614858, "params": {"C": 16.59124447105032, "epsilon": 0.1526749141497512, "gamma": 0.1288055135473304}, "datetime": {"datetime": "2021-09-24 09:21:20", "elapsed": 568.001301, "delta": 1.729406}}
{"target": 0.439284745864176, "params": {"C": 21.70807982001196, "epsilon": 0.8368841868823, "gamma": 0.01893998680868906}, "datetime": {"datetime": "2021-09-24 09:21:23", "elapsed": 570.881837, "delta": 2.880536}}
{"target": 0.4106616401840322, "params": {"C": 90.72449919090617, "epsilon": 0.3272972139297122, "gamma": 0.04295866531916895}, "datetime": {"datetime": "2021-09-24 09:21:25", "elapsed": 572.572555, "delta": 1.690718}}
{"target": 0.4226401636104776, "params": {"C": 21.72382193324837, "epsilon": 0.5793766198865707, "gamma": 0.0878135298739698}, "datetime": {"datetime": "2021-09-24 09:21:28", "elapsed": 575.58843, "delta": 3.015875}}
{"target": 0.3999641522592512, "params": {"C": 32.698418561407536, "epsilon": 0.21084890465452777, "gamma": 0.1056116321441295}, "datetime": {"datetime": "2021-09-24 09:21:30", "elapsed": 577.329145, "delta": 1.740715}}
{"target": 0.4316808157579236, "params": {"C": 93.43454901557173, "epsilon": 0.4482462648826651, "gamma": 0.011672833394558952}, "datetime": {"datetime": "2021-09-24 09:21:32", "elapsed": 579.369352, "delta": 2.040207}}
{"target": 0.43578976057093444, "params": {"C": 21.32328716951958, "epsilon": 0.8414322294691681, "gamma": 0.06351707769964036}, "datetime": {"datetime": "2021-09-24 09:21:36", "elapsed": 583.623787, "delta": 4.254435}}
{"target": 0.438135230235304, "params": {"C": 21.002108515431576, "epsilon": 0.7691464338942766, "gamma": 0.05316829476711822}, "datetime": {"datetime": "2021-09-24 09:21:42", "elapsed": 589.176511, "delta": 5.552724}}
{"target": 0.423121109979927, "params": {"C": 21.66419185818764, "epsilon": 0.6902043573194191, "gamma": 0.086685013114894}, "datetime": {"datetime": "2021-09-24 09:21:45", "elapsed": 592.862128, "delta": 3.685617}}
{"target": 0.4405332235849845, "params": {"C": 21.738120209088823, "epsilon": 0.37611692500933236, "gamma": 0.04064313071852776}, "datetime": {"datetime": "2021-09-24 09:21:49", "elapsed": 596.166057, "delta": 3.303929}}
{"target": 0.424477098402527, "params": {"C": 21.653700617045764, "epsilon": 0.7654840562858759, "gamma": 0.008548401603650412}, "datetime": {"datetime": "2021-09-24 09:21:52", "elapsed": 600.085148, "delta": 3.919091}}
{"target": 0.4371035673490514, "params": {"C": 32.8829922660976, "epsilon": 0.5430234830508308, "gamma": 0.023476699813955868}, "datetime": {"datetime": "2021-09-24 09:21:55", "elapsed": 602.281286, "delta": 2.196138}}
{"target": 0.4355362325971359, "params": {"C": 21.722183433055633, "epsilon": 0.8653935308954281, "gamma": 0.062063848999659436}, "datetime": {"datetime": "2021-09-24 09:21:59", "elapsed": 606.111388, "delta": 3.830102}}
{"target": 0.3992758615612021, "params": {"C": 11.958695600871279, "epsilon": 0.4017722592839914, "gamma": 0.007953064189913851}, "datetime": {"datetime": "2021-09-24 09:22:01", "elapsed": 608.598978, "delta": 2.48759}}
{"target": 0.43482060322584515, "params": {"C": 21.722520673980974, "epsilon": 0.6437038829689333, "gamma": 0.06468939401629638}, "datetime": {"datetime": "2021-09-24 09:22:05", "elapsed": 612.216968, "delta": 3.61799}}
{"target": 0.41354743228233726, "params": {"C": 15.755865412940965, "epsilon": 0.7814248325689989, "gamma": 0.00784705443525088}, "datetime": {"datetime": "2021-09-24 09:22:07", "elapsed": 614.669786, "delta": 2.452818}}
{"target": 0.4219046829831763, "params": {"C": 21.536111206622742, "epsilon": 0.6999489326309684, "gamma": 0.08986840695935033}, "datetime": {"datetime": "2021-09-24 09:22:12", "elapsed": 619.685017, "delta": 5.015231}}
{"target": 0.4245613965229027, "params": {"C": 89.73632674178504, "epsilon": 0.7145003162539798, "gamma": 0.020438282111292155}, "datetime": {"datetime": "2021-09-24 09:22:14", "elapsed": 621.867047, "delta": 2.18203}}
{"target": 0.43535813820407643, "params": {"C": 15.731474198444745, "epsilon": 0.7706801871567173, "gamma": 0.06845244943054685}, "datetime": {"datetime": "2021-09-24 09:22:19", "elapsed": 626.449842, "delta": 4.582795}}
{"target": 0.43651506064132006, "params": {"C": 21.681498710348443, "epsilon": 0.8210607724686138, "gamma": 0.056505916298136914}, "datetime": {"datetime": "2021-09-24 09:22:23", "elapsed": 630.429641, "delta": 3.979799}}
{"target": 0.42483821291481616, "params": {"C": 25.17708432870553, "epsilon": 0.2798890594406311, "gamma": 0.008220634206470404}, "datetime": {"datetime": "2021-09-24 09:22:26", "elapsed": 633.105471, "delta": 2.67583}}
{"target": 0.42898952634058074, "params": {"C": 21.40766610790209, "epsilon": 0.7036168606998741, "gamma": 0.07499323740978646}, "datetime": {"datetime": "2021-09-24 09:22:29", "elapsed": 636.958526, "delta": 3.853055}}
{"target": 0.44032014921857643, "params": {"C": 13.60029012531665, "epsilon": 0.802876958783065, "gamma": 0.0573210213320226}, "datetime": {"datetime": "2021-09-24 09:22:33", "elapsed": 640.198131, "delta": 3.239605}}
{"target": 0.4426996566006919, "params": {"C": 18.755151611687687, "epsilon": 0.23093783513959493, "gamma": 0.04661863406212103}, "datetime": {"datetime": "2021-09-24 09:22:39", "elapsed": 647.098388, "delta": 6.900257}}
{"target": 0.440111269618054, "params": {"C": 21.716272173956025, "epsilon": 0.717587604619404, "gamma": 0.03924429060753357}, "datetime": {"datetime": "2021-09-24 09:22:43", "elapsed": 650.226133, "delta": 3.127745}}
{"target": 0.4302767513987754, "params": {"C": 60.346770397812435, "epsilon": 0.6629749536076731, "gamma": 0.024141862894193167}, "datetime": {"datetime": "2021-09-24 09:22:45", "elapsed": 652.566292, "delta": 2.340159}}
{"target": 0.2818827512037002, "params": {"C": 1.8256704502563017, "epsilon": 0.43994804291666223, "gamma": 0.07493829169118264}, "datetime": {"datetime": "2021-09-24 09:22:47", "elapsed": 654.826262, "delta": 2.25997}}
