{"target": 0.4376026246830882, "params": {"C": 14.274933085775785, "epsilon": 0.7155894746641212, "gamma": 0.0245759923604955}, "datetime": {"datetime": "2021-09-24 08:40:17", "elapsed": 30.567449, "delta": 0.723986}}
{"target": 0.4406014436693746, "params": {"C": 14.142375237394457, "epsilon": 0.47903656777016834, "gamma": 0.037779572321368235}, "datetime": {"datetime": "2021-09-24 08:40:18", "elapsed": 31.155761, "delta": 0.588312}}
{"target": 0.01923889021837133, "params": {"C": 14.032935241895036, "epsilon": 0.7110138421969163, "gamma": 0.0001}, "datetime": {"datetime": "2021-09-24 08:40:19", "elapsed": 31.859896, "delta": 0.704135}}
{"target": 0.38292107527434704, "params": {"C": 30.20037502219117, "epsilon": 0.00949716082155503, "gamma": 0.1558395688238718}, "datetime": {"datetime": "2021-09-24 08:40:19", "elapsed": 32.27774, "delta": 0.417844}}
{"target": 0.06668595321772686, "params": {"C": 14.189127717177826, "epsilon": 0.32581446262919617, "gamma": 0.0003130882399210795}, "datetime": {"datetime": "2021-09-24 08:40:20", "elapsed": 32.893735, "delta": 0.615995}}
{"target": 0.39706740634112914, "params": {"C": 9.544279627865157, "epsilon": 0.5474972460611296, "gamma": 0.12921664909419367}, "datetime": {"datetime": "2021-09-24 08:40:20", "elapsed": 33.318366, "delta": 0.424631}}
{"target": 0.39754737986609157, "params": {"C": 14.442979731759143, "epsilon": 0.8226561283874667, "gamma": 0.006026984337035199}, "datetime": {"datetime": "2021-09-24 08:40:21", "elapsed": 33.757377, "delta": 0.439011}}
{"target": 0.4426291551980466, "params": {"C": 27.90154160974358, "epsilon": 0.017419400809233786, "gamma": 0.017699088478108436}, "datetime": {"datetime": "2021-09-24 08:40:21", "elapsed": 34.444804, "delta": 0.687427}}
{"target": 0.36206124742672097, "params": {"C": 14.194338374705396, "epsilon": 0.5634553193110827, "gamma": 0.19905391488619398}, "datetime": {"datetime": "2021-09-24 08:40:22", "elapsed": 35.012048, "delta": 0.567244}}
{"target": 0.4351375745933027, "params": {"C": 27.187911913414695, "epsilon": 0.7786840925112363, "gamma": 0.05485603677224691}, "datetime": {"datetime": "2021-09-24 08:40:23", "elapsed": 35.839695, "delta": 0.827647}}
{"target": 0.4013327507540261, "params": {"C": 27.94953111754231, "epsilon": 0.3950478836043986, "gamma": 0.11524566061018358}, "datetime": {"datetime": "2021-09-24 08:40:23", "elapsed": 36.651859, "delta": 0.812164}}
{"target": 0.040891781674835426, "params": {"C": 27.552263780212122, "epsilon": 0.9812323264304211, "gamma": 0.0001}, "datetime": {"datetime": "2021-09-24 08:40:24", "elapsed": 37.216068, "delta": 0.564209}}
{"target": 0.3484565635231899, "params": {"C": 27.203342611234888, "epsilon": 0.7853658975578467, "gamma": 0.261398570525986}, "datetime": {"datetime": "2021-09-24 08:40:25", "elapsed": 37.782756, "delta": 0.566688}}
{"target": 0.4350626761273486, "params": {"C": 27.904426828488297, "epsilon": 0.7741206760414109, "gamma": 0.04795975203203143}, "datetime": {"datetime": "2021-09-24 08:40:25", "elapsed": 38.306205, "delta": 0.523449}}
{"target": 0.4000569762445578, "params": {"C": 18.437036006707775, "epsilon": 0.1964570602212255, "gamma": 0.13839157523728562}, "datetime": {"datetime": "2021-09-24 08:40:25", "elapsed": 38.688453, "delta": 0.382248}}
{"target": 0.3252848072272856, "params": {"C": 90.51621249420397, "epsilon": 0.05465108842479268, "gamma": 0.13396725160046785}, "datetime": {"datetime": "2021-09-24 08:40:26", "elapsed": 39.167911, "delta": 0.479458}}
{"target": 0.3917824434786391, "params": {"C": 27.333884060729225, "epsilon": 0.7467322329509943, "gamma": 0.14173579053351243}, "datetime": {"datetime": "2021-09-24 08:40:27", "elapsed": 39.836515, "delta": 0.668604}}
{"target": 0.3633602746854705, "params": {"C": 27.85119098436265, "epsilon": 0.812834351663608, "gamma": 0.21511732360200975}, "datetime": {"datetime": "2021-09-24 08:40:27", "elapsed": 40.507664, "delta": 0.671149}}
{"target": 0.39765250026517107, "params": {"C": 27.519384853123068, "epsilon": 0.23836077457933696, "gamma": 0.003115483353439359}, "datetime": {"datetime": "2021-09-24 08:40:28", "elapsed": 41.113944, "delta": 0.60628}}
{"target": 0.38996269448815635, "params": {"C": 30.657333505480338, "epsilon": 0.06922157063139812, "gamma": 0.13299779573099102}, "datetime": {"datetime": "2021-09-24 08:40:29", "elapsed": 42.078842, "delta": 0.964898}}
{"target": 0.29706687091721873, "params": {"C": 57.131056273796354, "epsilon": 0.30143331010793306, "gamma": 0.441947654162062}, "datetime": {"datetime": "2021-09-24 08:40:29", "elapsed": 42.566851, "delta": 0.488009}}
{"target": 0.43569256079939, "params": {"C": 27.126342581703106, "epsilon": 0.6130255516702819, "gamma": 0.05092316501569319}, "datetime": {"datetime": "2021-09-24 08:40:31", "elapsed": 43.739859, "delta": 1.173008}}
{"target": 0.4415734098394082, "params": {"C": 14.349331575205147, "epsilon": 0.6030720386334667, "gamma": 0.04521232044500445}, "datetime": {"datetime": "2021-09-24 08:40:31", "elapsed": 44.45884, "delta": 0.718981}}
{"target": 0.01219404422210335, "params": {"C": 9.718559446344331, "epsilon": 0.5425523698638577, "gamma": 0.0001}, "datetime": {"datetime": "2021-09-24 08:40:32", "elapsed": 45.249015, "delta": 0.790175}}
{"target": 0.4180692165584563, "params": {"C": 30.80927428586638, "epsilon": 0.30072273587030884, "gamma": 0.07973352932950775}, "datetime": {"datetime": "2021-09-24 08:40:33", "elapsed": 46.200094, "delta": 0.951079}}
{"target": 0.4359989650940693, "params": {"C": 27.06312523217348, "epsilon": 0.9208076866952077, "gamma": 0.03973512500772084}, "datetime": {"datetime": "2021-09-24 08:40:34", "elapsed": 46.872093, "delta": 0.671999}}
{"target": 0.3957225907914512, "params": {"C": 27.9630735588604, "epsilon": 0.1215066804529874, "gamma": 0.12810038980024743}, "datetime": {"datetime": "2021-09-24 08:40:35", "elapsed": 47.923833, "delta": 1.05174}}
{"target": 0.11051815119318564, "params": {"C": 5.007184600202436, "epsilon": 0.53320936633211, "gamma": 0.43907299175543885}, "datetime": {"datetime": "2021-09-24 08:40:35", "elapsed": 48.324718, "delta": 0.400885}}
{"target": 0.3755578423625918, "params": {"C": 28.368429906845403, "epsilon": 0.4132024054451994, "gamma": 0.18078382033979654}, "datetime": {"datetime": "2021-09-24 08:40:35", "elapsed": 48.69776, "delta": 0.373042}}
{"target": 0.03956829414084062, "params": {"C": 26.97597119030684, "epsilon": 0.7472311839822305, "gamma": 0.0001}, "datetime": {"datetime": "2021-09-24 08:40:36", "elapsed": 49.600818, "delta": 0.903058}}
{"target": 0.3991079576759853, "params": {"C": 27.170258074949366, "epsilon": 0.9315972880424825, "gamma": 0.12384342989233028}, "datetime": {"datetime": "2021-09-24 08:40:37", "elapsed": 50.376705, "delta": 0.775887}}
{"target": 0.4070050660543809, "params": {"C": 27.095006345370397, "epsilon": 0.4324154192492207, "gamma": 0.10547122293123648}, "datetime": {"datetime": "2021-09-24 08:40:38", "elapsed": 51.168123, "delta": 0.791418}}
{"target": 0.3618530879401848, "params": {"C": 27.19720103915054, "epsilon": 0.4989275169318901, "gamma": 0.22166693652538594}, "datetime": {"datetime": "2021-09-24 08:40:39", "elapsed": 51.817242, "delta": 0.649119}}
{"target": 0.434718585585569, "params": {"C": 27.25907098003102, "epsilon": 0.43449947639558434, "gamma": 0.055281250707198394}, "datetime": {"datetime": "2021-09-24 08:40:39", "elapsed": 52.547012, "delta": 0.72977}}
{"target": 0.3921826528017963, "params": {"C": 41.276185411652726, "epsilon": 0.734347297894539, "gamma": 0.10455333559120915}, "datetime": {"datetime": "2021-09-24 08:40:40", "elapsed": 52.946724, "delta": 0.399712}}
{"target": 0.441848256838971, "params": {"C": 30.261288838865056, "epsilon": 0.37121352305184047, "gamma": 0.01711742911379165}, "datetime": {"datetime": "2021-09-24 08:40:40", "elapsed": 53.585636, "delta": 0.638912}}
{"target": 0.38307539080232467, "params": {"C": 14.379313296090452, "epsilon": 0.7310675705004166, "gamma": 0.17137235343800447}, "datetime": {"datetime": "2021-09-24 08:40:41", "elapsed": 54.311306, "delta": 0.72567}}
{"target": 0.39325111021581116, "params": {"C": 30.093939802409185, "epsilon": 0.2246847243098762, "gamma": 0.12690258369009966}, "datetime": {"datetime": "2021-09-24 08:40:42", "elapsed": 55.002867, "delta": 0.691561}}
{"target": 0.2654902866935127, "params": {"C": 41.53970457244417, "epsilon": 0.8475741963347434, "gamma": 0.5343644523411648}, "datetime": {"datetime": "2021-09-24 08:40:42", "elapsed": 55.410111, "delta": 0.407244}}
{"target": 0.4176785942701906, "params": {"C": 9.395029151725867, "epsilon": 0.5517456917561341, "gamma": 0.014881796739350292}, "datetime": {"datetime": "2021-09-24 08:40:43", "elapsed": 56.18186, "delta": 0.771749}}
{"target": 0.16649698368480914, "params": {"C": 53.38161973800926, "epsilon": 0.142346425419069, "gamma": 0.9291605896035497}, "datetime": {"datetime": "2021-09-24 08:40:43", "elapsed": 56.592081, "delta": 0.410221}}
{"target": 0.35331067100703484, "params": {"C": 28.724543856632998, "epsilon": 0.405698291256328, "gamma": 0.24589798062001036}, "datetime": {"datetime": "2021-09-24 08:40:44", "elapsed": 57.519083, "delta": 0.927002}}
{"target": 0.4275833918107699, "params": {"C": 28.09412373629858, "epsilon": 0.5456431136704526, "gamma": 0.06899361874610348}, "datetime": {"datetime": "2021-09-24 08:40:45", "elapsed": 58.008845, "delta": 0.489762}}
{"target": 0.4063385117714976, "params": {"C": 30.19493205360961, "epsilon": 0.5142865815420995, "gamma": 0.10047431557943488}, "datetime": {"datetime": "2021-09-24 08:40:46", "elapsed": 58.979129, "delta": 0.970284}}
{"target": 0.4258797702474548, "params": {"C": 30.00264025848929, "epsilon": 0.4514791205524799, "gamma": 0.07003853607923613}, "datetime": {"datetime": "2021-09-24 08:40:47", "elapsed": 60.074126, "delta": 1.094997}}
{"target": 0.3371463851636003, "params": {"C": 29.92864204503792, "epsilon": 0.43352600223164134, "gamma": 0.29374233314403725}, "datetime": {"datetime": "2021-09-24 08:40:47", "elapsed": 60.685808, "delta": 0.611682}}
{"target": 0.3302709940846025, "params": {"C": 30.24258678338815, "epsilon": 0.4085016322739924, "gamma": 0.31424609745321885}, "datetime": {"datetime": "2021-09-24 08:40:48", "elapsed": 61.411422, "delta": 0.725614}}
{"target": 0.3880647240382744, "params": {"C": 30.052190345564536, "epsilon": 0.6657093574076054, "gamma": 0.1394917944015896}, "datetime": {"datetime": "2021-09-24 08:40:49", "elapsed": 62.073881, "delta": 0.662459}}
{"target": 0.43723834580119914, "params": {"C": 9.419158826844948, "epsilon": 0.35682390680462234, "gamma": 0.05511523864473214}, "datetime": {"datetime": "2021-09-24 08:40:50", "elapsed": 62.816281, "delta": 0.7424}}
{"target": 0.3904212590604913, "params": {"C": 9.26506350945983, "epsilon": 0.3657340846545402, "gamma": 0.13306542578451855}, "datetime": {"datetime": "2021-09-24 08:40:51", "elapsed": 63.906711, "delta": 1.09043}}
{"target": 0.2744157264189506, "params": {"C": 93.97890369088391, "epsilon": 0.17737442657078295, "gamma": 0.23743979825990477}, "datetime": {"datetime": "2021-09-24 08:40:51", "elapsed": 64.335653, "delta": 0.428942}}
{"target": 0.320519683715795, "params": {"C": 46.375066747584846, "epsilon": 0.8212120656156152, "gamma": 0.2987864943971782}, "datetime": {"datetime": "2021-09-24 08:40:52", "elapsed": 64.87974, "delta": 0.544087}}
{"target": 0.3961617580298513, "params": {"C": 9.25641936500858, "epsilon": 0.18942085438781134, "gamma": 0.009099493008714337}, "datetime": {"datetime": "2021-09-24 08:40:52", "elapsed": 65.679942, "delta": 0.800202}}
{"target": 0.3798622767686275, "params": {"C": 9.448873972875598, "epsilon": 0.02852637846447489, "gamma": 0.14467891260327145}, "datetime": {"datetime": "2021-09-24 08:40:54", "elapsed": 66.90391, "delta": 1.223968}}
{"target": 0.04341885722976624, "params": {"C": 29.8570156257308, "epsilon": 0.5963480243879321, "gamma": 0.0001}, "datetime": {"datetime": "2021-09-24 08:40:55", "elapsed": 68.20485, "delta": 1.30094}}
{"target": 0.44313227179339176, "params": {"C": 30.12122329404492, "epsilon": 0.3781229722075276, "gamma": 0.019094793179309094}, "datetime": {"datetime": "2021-09-24 08:40:56", "elapsed": 69.198436, "delta": 0.993586}}
{"target": 0.39158332353101255, "params": {"C": 28.960360554581133, "epsilon": 0.7263863396784186, "gamma": 0.1348183777450552}, "datetime": {"datetime": "2021-09-24 08:40:57", "elapsed": 70.320278, "delta": 1.121842}}
{"target": 0.42002422508191095, "params": {"C": 27.211034298146206, "epsilon": 0.15302930286356886, "gamma": 0.08290542704435057}, "datetime": {"datetime": "2021-09-24 08:40:58", "elapsed": 71.089194, "delta": 0.768916}}
{"target": 0.37121482664219185, "params": {"C": 26.975682509698625, "epsilon": 0.21822310782085266, "gamma": 0.1958368504757691}, "datetime": {"datetime": "2021-09-24 08:40:59", "elapsed": 72.184167, "delta": 1.094973}}
{"target": 0.32928998964733847, "params": {"C": 27.1434747066265, "epsilon": 0.03448563532274232, "gamma": 0.315002670257393}, "datetime": {"datetime": "2021-09-24 08:41:00", "elapsed": 73.49537, "delta": 1.311203}}
{"target": 0.31811211331307565, "params": {"C": 9.445067185961745, "epsilon": 0.276945767671404, "gamma": 0.22257641401532208}, "datetime": {"datetime": "2021-09-24 08:41:01", "elapsed": 74.358707, "delta": 0.863337}}
{"target": 0.4435648903036161, "params": {"C": 18.471163724615874, "epsilon": 0.4091010408273912, "gamma": 0.030311011761120273}, "datetime": {"datetime": "2021-09-24 08:41:02", "elapsed": 75.39216, "delta": 1.033453}}
{"target": 0.025722772394444537, "params": {"C": 18.30292395789898, "epsilon": 0.32774351251694983, "gamma": 0.0001}, "datetime": {"datetime": "2021-09-24 08:41:03", "elapsed": 76.569242, "delta": 1.177082}}
{"target": 0.3442741179587828, "params": {"C": 70.17899953054088, "epsilon": 0.30767951463996485, "gamma": 0.13077460753484532}, "datetime": {"datetime": "2021-09-24 08:41:04", "elapsed": 77.007431, "delta": 0.438189}}
{"target": 0.32396990044074003, "params": {"C": 50.420039930416046, "epsilon": 0.21853566617929937, "gamma": 0.25371268268163666}, "datetime": {"datetime": "2021-09-24 08:41:04", "elapsed": 77.535243, "delta": 0.527812}}
{"target": 0.3636367466416883, "params": {"C": 18.55826087720379, "epsilon": 0.3761051887582765, "gamma": 0.21276362481765654}, "datetime": {"datetime": "2021-09-24 08:41:05", "elapsed": 78.557109, "delta": 1.021866}}
{"target": 0.15504992508831328, "params": {"C": 26.406859326281058, "epsilon": 0.6922466679694318, "gamma": 0.735593567056597}, "datetime": {"datetime": "2021-09-24 08:41:06", "elapsed": 79.124052, "delta": 0.566943}}
{"target": 0.1756482276129766, "params": {"C": 24.196734814373972, "epsilon": 0.2350986058889464, "gamma": 0.6432703386126583}, "datetime": {"datetime": "2021-09-24 08:41:06", "elapsed": 79.597252, "delta": 0.4732}}
{"target": 0.4316088821822569, "params": {"C": 18.455641330069852, "epsilon": 0.6348240351825425, "gamma": 0.07658404744163816}, "datetime": {"datetime": "2021-09-24 08:41:07", "elapsed": 80.395273, "delta": 0.798021}}
{"target": 0.3046318312830645, "params": {"C": 59.676560214475124, "epsilon": 0.8270893806757873, "gamma": 0.3334159455298634}, "datetime": {"datetime": "2021-09-24 08:41:08", "elapsed": 80.89378, "delta": 0.498507}}
{"target": 0.3949920763468262, "params": {"C": 28.24753214165632, "epsilon": 0.573682075001345, "gamma": 0.1295651436697108}, "datetime": {"datetime": "2021-09-24 08:41:09", "elapsed": 81.894524, "delta": 1.000744}}
{"target": 0.4220800478475829, "params": {"C": 18.588591891700293, "epsilon": 0.36307104744882496, "gamma": 0.008308962372914985}, "datetime": {"datetime": "2021-09-24 08:41:10", "elapsed": 82.867942, "delta": 0.973418}}
{"target": 0.42042881119573383, "params": {"C": 18.596543806098587, "epsilon": 0.6385050255403091, "gamma": 0.09824317667748471}, "datetime": {"datetime": "2021-09-24 08:41:11", "elapsed": 83.7203, "delta": 0.852358}}
{"target": 0.14935029534889444, "params": {"C": 49.183708667315145, "epsilon": 0.8336133311370832, "gamma": 0.9777019573021254}, "datetime": {"datetime": "2021-09-24 08:41:11", "elapsed": 84.27984, "delta": 0.55954}}
{"target": 0.27949414799224226, "params": {"C": 85.00564056369083, "epsilon": 0.14848511017399607, "gamma": 0.47513908381330455}, "datetime": {"datetime": "2021-09-24 08:41:12", "elapsed": 84.968015, "delta": 0.688175}}
{"target": 0.43452530217542884, "params": {"C": 30.543661260663708, "epsilon": 0.42042089914475234, "gamma": 0.030521802095015305}, "datetime": {"datetime": "2021-09-24 08:41:13", "elapsed": 86.548129, "delta": 1.580114}}
{"target": 0.4436870732268887, "params": {"C": 18.589880208023057, "epsilon": 0.8285600334093637, "gamma": 0.03234927019296006}, "datetime": {"datetime": "2021-09-24 08:41:15", "elapsed": 87.754377, "delta": 1.206248}}
{"target": 0.3271685493427824, "params": {"C": 18.517335186190316, "epsilon": 0.8325287702183414, "gamma": 0.28551407417355945}, "datetime": {"datetime": "2021-09-24 08:41:16", "elapsed": 89.233201, "delta": 1.478824}}
{"target": 0.4356721431676359, "params": {"C": 18.811795597913612, "epsilon": 0.6397135038714978, "gamma": 0.06763738454187025}, "datetime": {"datetime": "2021-09-24 08:41:17", "elapsed": 90.36905, "delta": 1.135849}}
{"target": 0.42144100878266666, "params": {"C": 18.54385992427925, "epsilon": 0.010379760282932433, "gamma": 0.09673428787470084}, "datetime": {"datetime": "2021-09-24 08:41:18", "elapsed": 91.458003, "delta": 1.088953}}
{"target": 0.4045563653085703, "params": {"C": 18.770331542886144, "epsilon": 0.8867290812428074, "gamma": 0.12967751208607334}, "datetime": {"datetime": "2021-09-24 08:41:19", "elapsed": 92.478997, "delta": 1.020994}}
{"target": 0.3990030736485969, "params": {"C": 18.97576010640249, "epsilon": 0.5152255046504793, "gamma": 0.14051773027483683}, "datetime": {"datetime": "2021-09-24 08:41:20", "elapsed": 93.596242, "delta": 1.117245}}
{"target": 0.4374365736160317, "params": {"C": 18.808476472412764, "epsilon": 0.3160319097931441, "gamma": 0.06241726349563427}, "datetime": {"datetime": "2021-09-24 08:41:21", "elapsed": 94.535107, "delta": 0.938865}}
{"target": 0.44254818622624603, "params": {"C": 18.690428708629742, "epsilon": 0.1562619281853556, "gamma": 0.04253224915861884}, "datetime": {"datetime": "2021-09-24 08:41:23", "elapsed": 95.824332, "delta": 1.289225}}
{"target": 0.3916758378278029, "params": {"C": 18.799093148988447, "epsilon": 0.18445022113818235, "gamma": 0.15754396387556943}, "datetime": {"datetime": "2021-09-24 08:41:24", "elapsed": 97.434771, "delta": 1.610439}}
{"target": 0.30475512171126595, "params": {"C": 2.374600131153964, "epsilon": 0.74621168245056, "gamma": 0.08695277691209442}, "datetime": {"datetime": "2021-09-24 08:41:25", "elapsed": 98.280772, "delta": 0.846001}}
{"target": 0.3903012577160683, "params": {"C": 18.797757243009794, "epsilon": 0.5185627275796487, "gamma": 0.15962327994111453}, "datetime": {"datetime": "2021-09-24 08:41:26", "elapsed": 99.573602, "delta": 1.29283}}
{"target": 0.36852223982535093, "params": {"C": 19.00330736089397, "epsilon": 0.8316583566568202, "gamma": 0.20291065518074064}, "datetime": {"datetime": "2021-09-24 08:41:28", "elapsed": 101.013264, "delta": 1.439662}}
{"target": 0.31448895296646573, "params": {"C": 34.55870367319184, "epsilon": 0.3164379741973769, "gamma": 0.3632016828480307}, "datetime": {"datetime": "2021-09-24 08:41:28", "elapsed": 101.623373, "delta": 0.610109}}
{"target": 0.3653784933575517, "params": {"C": 18.414181058072536, "epsilon": 0.8212968886411339, "gamma": 0.0029767971868037285}, "datetime": {"datetime": "2021-09-24 08:41:30", "elapsed": 102.80788, "delta": 1.184507}}
{"target": 0.3665474850438183, "params": {"C": 27.82712123094969, "epsilon": 0.9420510245427428, "gamma": 0.0019842971903125555}, "datetime": {"datetime": "2021-09-24 08:41:31", "elapsed": 103.721433, "delta": 0.913553}}
{"target": 0.4262936140554098, "params": {"C": 19.021357789997392, "epsilon": 0.16410898150817516, "gamma": 0.009947809334494986}, "datetime": {"datetime": "2021-09-24 08:41:32", "elapsed": 104.938587, "delta": 1.217154}}
{"target": 0.40362997347842466, "params": {"C": 19.126568363224763, "epsilon": 0.27591644876156435, "gamma": 0.13081086937343495}, "datetime": {"datetime": "2021-09-24 08:41:33", "elapsed": 106.213592, "delta": 1.275005}}
{"target": 0.4217593551895753, "params": {"C": 33.5012375597094, "epsilon": 0.4186334610311924, "gamma": 0.07123586591272277}, "datetime": {"datetime": "2021-09-24 08:41:34", "elapsed": 106.950969, "delta": 0.737377}}
{"target": 0.26924292974962893, "params": {"C": 13.690296718858109, "epsilon": 0.03694990767892998, "gamma": 0.33151024638482235}, "datetime": {"datetime": "2021-09-24 08:41:35", "elapsed": 107.758969, "delta": 0.808}}
{"target": 0.4418678544823348, "params": {"C": 18.90187820952603, "epsilon": 0.02359909203098393, "gamma": 0.041822083993598845}, "datetime": {"datetime": "2021-09-24 08:41:36", "elapsed": 109.015918, "delta": 1.256949}}
{"target": 0.4137126976733989, "params": {"C": 33.60602899110282, "epsilon": 0.22331311040172855, "gamma": 0.08221171858494158}, "datetime": {"datetime": "2021-09-24 08:41:37", "elapsed": 110.698563, "delta": 1.682645}}
{"target": 0.3453442915112427, "params": {"C": 33.49219819865288, "epsilon": 0.30960984876300546, "gamma": 0.2602749556163618}, "datetime": {"datetime": "2021-09-24 08:41:39", "elapsed": 112.228463, "delta": 1.5299}}
{"target": 0.2735028726784833, "params": {"C": 96.66279123572359, "epsilon": 0.5609860500763147, "gamma": 0.23052318318887097}, "datetime": {"datetime": "2021-09-24 08:41:40", "elapsed": 113.003735, "delta": 0.775272}}
{"target": 0.37671395755503445, "params": {"C": 33.641146590173996, "epsilon": 0.5994706139976205, "gamma": 0.1563040659606863}, "datetime": {"datetime": "2021-09-24 08:41:41", "elapsed": 114.542144, "delta": 1.538409}}
