{"target": 0.40170023215385187, "params": {"C": 144.51212475497138, "epsilon": 0.5441077394257607, "gamma": 0.04210385573861718}, "datetime": {"datetime": "2021-09-24 09:44:56", "elapsed": 474.106563, "delta": 3.131564}}
{"target": 0.36476830571632657, "params": {"C": 106.3865200151359, "epsilon": 0.784138919202449, "gamma": 0.0005}, "datetime": {"datetime": "2021-09-24 09:45:00", "elapsed": 477.604264, "delta": 3.497701}}
{"target": 0.42170763761724706, "params": {"C": 109.83371100384689, "epsilon": 0.4242105481791938, "gamma": 0.016617051089434832}, "datetime": {"datetime": "2021-09-24 09:45:05", "elapsed": 482.320726, "delta": 4.716462}}
{"target": 0.4129794719984873, "params": {"C": 148.93224202454073, "epsilon": 0.9837393660135817, "gamma": 0.019863950208447615}, "datetime": {"datetime": "2021-09-24 09:45:08", "elapsed": 485.804696, "delta": 3.48397}}
{"target": 0.41981934942183896, "params": {"C": 100.95438921713195, "epsilon": 0.9945383453391835, "gamma": 0.02301300990255322}, "datetime": {"datetime": "2021-09-24 09:45:11", "elapsed": 488.826826, "delta": 3.02213}}
{"target": 0.2982025605777687, "params": {"C": 161.82207842274173, "epsilon": 0.027436763339295227, "gamma": 0.10694764454808978}, "datetime": {"datetime": "2021-09-24 09:45:13", "elapsed": 490.608321, "delta": 1.781495}}
{"target": 0.404264634888865, "params": {"C": 126.83803196389337, "epsilon": 0.8347301316737239, "gamma": 0.044098909109820006}, "datetime": {"datetime": "2021-09-24 09:45:14", "elapsed": 492.303542, "delta": 1.695221}}
{"target": 0.40982349961789744, "params": {"C": 144.3607861713512, "epsilon": 0.5091626002957523, "gamma": 0.023346871643660245}, "datetime": {"datetime": "2021-09-24 09:45:19", "elapsed": 497.189098, "delta": 4.885556}}
{"target": 0.33543952351530537, "params": {"C": 145.32852499344673, "epsilon": 0.9500192119071271, "gamma": 0.08248464795800366}, "datetime": {"datetime": "2021-09-24 09:45:23", "elapsed": 501.212874, "delta": 4.023776}}
{"target": 0.36853471918562486, "params": {"C": 109.64756625103693, "epsilon": 0.4055141863233591, "gamma": 0.0005}, "datetime": {"datetime": "2021-09-24 09:45:27", "elapsed": 504.881749, "delta": 3.668875}}
{"target": 0.3111138979848025, "params": {"C": 136.8896660922388, "epsilon": 0.3025631698261814, "gamma": 0.1111925953841195}, "datetime": {"datetime": "2021-09-24 09:45:29", "elapsed": 506.94639, "delta": 2.064641}}
{"target": 0.4055857538054113, "params": {"C": 124.09052814876318, "epsilon": 0.8752605828591672, "gamma": 0.041019014705014505}, "datetime": {"datetime": "2021-09-24 09:45:31", "elapsed": 508.918769, "delta": 1.972379}}
{"target": 0.39910952629176455, "params": {"C": 172.03364727965447, "epsilon": 0.5454370870325331, "gamma": 0.032714070707572804}, "datetime": {"datetime": "2021-09-24 09:45:37", "elapsed": 514.46314, "delta": 5.544371}}
{"target": 0.40649819825938616, "params": {"C": 113.60668624914312, "epsilon": 0.0022521524443856866, "gamma": 0.044750460377738124}, "datetime": {"datetime": "2021-09-24 09:45:42", "elapsed": 519.786695, "delta": 5.323555}}
{"target": 0.37100077622875194, "params": {"C": 112.55676249288788, "epsilon": 0.7835409921921179, "gamma": 0.0005}, "datetime": {"datetime": "2021-09-24 09:45:46", "elapsed": 523.656077, "delta": 3.869382}}
{"target": 0.3150102512132501, "params": {"C": 102.41373709178502, "epsilon": 0.4571671082856841, "gamma": 0.13664401546522917}, "datetime": {"datetime": "2021-09-24 09:45:48", "elapsed": 525.715552, "delta": 2.059475}}
{"target": 0.4214327179572528, "params": {"C": 172.09713775264495, "epsilon": 0.7185150726963673, "gamma": 0.01053640044553911}, "datetime": {"datetime": "2021-09-24 09:45:52", "elapsed": 529.827504, "delta": 4.111952}}
{"target": 0.3687841913659776, "params": {"C": 109.74462444412296, "epsilon": 0.5673103201630648, "gamma": 0.0005}, "datetime": {"datetime": "2021-09-24 09:45:58", "elapsed": 535.54078, "delta": 5.713276}}
{"target": 0.36844577856232896, "params": {"C": 109.77510013071331, "epsilon": 0.2063981152059303, "gamma": 0.0005}, "datetime": {"datetime": "2021-09-24 09:46:02", "elapsed": 539.675697, "delta": 4.134917}}
{"target": 0.3207022183528414, "params": {"C": 172.11843595603867, "epsilon": 0.6732653670021359, "gamma": 0.08562172891149278}, "datetime": {"datetime": "2021-09-24 09:46:06", "elapsed": 543.411282, "delta": 3.735585}}
{"target": 0.4294329505875042, "params": {"C": 148.51436310983655, "epsilon": 0.8529672490408304, "gamma": 0.00930309721930082}, "datetime": {"datetime": "2021-09-24 09:46:10", "elapsed": 547.793558, "delta": 4.382276}}
{"target": 0.38243064573365515, "params": {"C": 196.44416015498547, "epsilon": 0.3931349112920203, "gamma": 0.044427944363501747}, "datetime": {"datetime": "2021-09-24 09:46:12", "elapsed": 549.931088, "delta": 2.13753}}
{"target": 0.3645926346536642, "params": {"C": 106.05725172294487, "epsilon": 0.7290689203837267, "gamma": 0.0005}, "datetime": {"datetime": "2021-09-24 09:46:16", "elapsed": 554.036952, "delta": 4.105864}}
{"target": 0.4228936560564118, "params": {"C": 105.98013725126555, "epsilon": 0.8172263448661938, "gamma": 0.01610488519387309}, "datetime": {"datetime": "2021-09-24 09:46:21", "elapsed": 558.891239, "delta": 4.854287}}
{"target": 0.289578005303214, "params": {"C": 157.84503377557135, "epsilon": 0.5556498268636815, "gamma": 0.1166931157920849}, "datetime": {"datetime": "2021-09-24 09:46:24", "elapsed": 561.501362, "delta": 2.610123}}
{"target": 0.4008311183830492, "params": {"C": 180.12305810839058, "epsilon": 0.38804743201582453, "gamma": 0.0005}, "datetime": {"datetime": "2021-09-24 09:46:29", "elapsed": 566.341259, "delta": 4.839897}}
{"target": 0.42372020530429866, "params": {"C": 110.51905329779873, "epsilon": 0.6385300253000602, "gamma": 0.0018905202075937746}, "datetime": {"datetime": "2021-09-24 09:46:33", "elapsed": 570.426205, "delta": 4.084946}}
{"target": 0.438670960948377, "params": {"C": 117.91203587711962, "epsilon": 0.556339850069284, "gamma": 0.004692585775369511}, "datetime": {"datetime": "2021-09-24 09:46:36", "elapsed": 573.607361, "delta": 3.181156}}
{"target": 0.3867222138819717, "params": {"C": 110.28856559850722, "epsilon": 0.4250890548600099, "gamma": 0.062341744136720965}, "datetime": {"datetime": "2021-09-24 09:46:41", "elapsed": 579.032932, "delta": 5.425571}}
{"target": 0.43627434240096963, "params": {"C": 146.60567768559872, "epsilon": 0.6113589990281635, "gamma": 0.005183324635274152}, "datetime": {"datetime": "2021-09-24 09:46:46", "elapsed": 583.503632, "delta": 4.4707}}
{"target": 0.40671362987020065, "params": {"C": 153.92492200398846, "epsilon": 0.4859924854371943, "gamma": 0.02400627968874293}, "datetime": {"datetime": "2021-09-24 09:46:48", "elapsed": 585.757897, "delta": 2.254265}}
{"target": 0.43572239841457683, "params": {"C": 146.49002300404584, "epsilon": 0.6189946570007357, "gamma": 0.0034619235452151777}, "datetime": {"datetime": "2021-09-24 09:46:54", "elapsed": 591.424643, "delta": 5.666746}}
{"target": 0.3292752045154147, "params": {"C": 189.9013147959943, "epsilon": 0.5729846775392741, "gamma": 0.07308173591727522}, "datetime": {"datetime": "2021-09-24 09:46:56", "elapsed": 594.157172, "delta": 2.732529}}
{"target": 0.3245649825449006, "params": {"C": 146.50356682239837, "epsilon": 0.6230892871765383, "gamma": 0.09251628167755721}, "datetime": {"datetime": "2021-09-24 09:47:04", "elapsed": 601.639465, "delta": 7.482293}}
{"target": 0.42575024798422345, "params": {"C": 146.65727070836886, "epsilon": 0.7084609907498882, "gamma": 0.01090313761978434}, "datetime": {"datetime": "2021-09-24 09:47:08", "elapsed": 605.846547, "delta": 4.207082}}
{"target": 0.40203934022806787, "params": {"C": 146.7492719270699, "epsilon": 0.7748784851679795, "gamma": 0.03698181629956635}, "datetime": {"datetime": "2021-09-24 09:47:12", "elapsed": 609.953043, "delta": 4.106496}}
{"target": 0.4317876569401876, "params": {"C": 145.19521268386887, "epsilon": 0.5840526440597518, "gamma": 0.0018756169076980828}, "datetime": {"datetime": "2021-09-24 09:47:16", "elapsed": 613.903836, "delta": 3.950793}}
{"target": 0.4301087424111196, "params": {"C": 146.4079920319382, "epsilon": 0.5723717189876208, "gamma": 0.007653502914395885}, "datetime": {"datetime": "2021-09-24 09:47:22", "elapsed": 620.13985, "delta": 6.236014}}
{"target": 0.4007553363829669, "params": {"C": 145.20109220314768, "epsilon": 0.49313467804358957, "gamma": 0.04369169975505557}, "datetime": {"datetime": "2021-09-24 09:47:26", "elapsed": 624.151743, "delta": 4.011893}}
{"target": 0.40357206980924343, "params": {"C": 146.70177315546707, "epsilon": 0.6321614352988939, "gamma": 0.030525797545542698}, "datetime": {"datetime": "2021-09-24 09:47:31", "elapsed": 628.658743, "delta": 4.507}}
{"target": 0.43572363697933014, "params": {"C": 144.16537835943112, "epsilon": 0.6799029185170854, "gamma": 0.003522574649415662}, "datetime": {"datetime": "2021-09-24 09:47:36", "elapsed": 633.69995, "delta": 5.041207}}
{"target": 0.32702547572364615, "params": {"C": 145.0900589420938, "epsilon": 0.5745825588422208, "gamma": 0.08921383705753502}, "datetime": {"datetime": "2021-09-24 09:47:41", "elapsed": 638.604054, "delta": 4.904104}}
{"target": 0.298127393365899, "params": {"C": 133.374000728057, "epsilon": 0.8061775718185823, "gamma": 0.12717456177569728}, "datetime": {"datetime": "2021-09-24 09:47:43", "elapsed": 641.094297, "delta": 2.490243}}
{"target": 0.40680707340412114, "params": {"C": 110.15816026854867, "epsilon": 0.06401457769805496, "gamma": 0.042551380978804454}, "datetime": {"datetime": "2021-09-24 09:47:46", "elapsed": 643.501319, "delta": 2.407022}}
{"target": 0.31544025993896596, "params": {"C": 110.36305921383904, "epsilon": 0.793369308887212, "gamma": 0.12835248931775725}, "datetime": {"datetime": "2021-09-24 09:47:50", "elapsed": 647.54361, "delta": 4.042291}}
{"target": 0.42156219785064775, "params": {"C": 146.36900885570847, "epsilon": 0.6835825998717072, "gamma": 0.0010258847539177578}, "datetime": {"datetime": "2021-09-24 09:47:55", "elapsed": 653.26258, "delta": 5.71897}}
{"target": 0.43258500363559615, "params": {"C": 104.7931836890557, "epsilon": 0.8034912615797739, "gamma": 0.010040112938049963}, "datetime": {"datetime": "2021-09-24 09:48:01", "elapsed": 659.233663, "delta": 5.971083}}
{"target": 0.3678847756988791, "params": {"C": 110.4681132194847, "epsilon": 0.8967066764541269, "gamma": 0.0005}, "datetime": {"datetime": "2021-09-24 09:48:07", "elapsed": 664.38772, "delta": 5.154057}}
{"target": 0.3273598679657339, "params": {"C": 141.0573136360211, "epsilon": 0.9630168010199548, "gamma": 0.09206721501028574}, "datetime": {"datetime": "2021-09-24 09:48:09", "elapsed": 666.81058, "delta": 2.42286}}
{"target": 0.4063488958444522, "params": {"C": 146.35457215222908, "epsilon": 0.45400184566731305, "gamma": 0.025689639528016672}, "datetime": {"datetime": "2021-09-24 09:48:14", "elapsed": 671.739466, "delta": 4.928886}}
{"target": 0.35028342700438664, "params": {"C": 113.75108105968046, "epsilon": 0.10710720559036893, "gamma": 0.08591010149840834}, "datetime": {"datetime": "2021-09-24 09:48:20", "elapsed": 677.84791, "delta": 6.108444}}
{"target": 0.41840388593818456, "params": {"C": 110.22164701569145, "epsilon": 0.29645790625532537, "gamma": 0.0011123305440047505}, "datetime": {"datetime": "2021-09-24 09:48:26", "elapsed": 683.899664, "delta": 6.051754}}
{"target": 0.40984745616051377, "params": {"C": 146.5749050261386, "epsilon": 0.7766292616953928, "gamma": 0.000710530320260896}, "datetime": {"datetime": "2021-09-24 09:48:31", "elapsed": 689.183488, "delta": 5.283824}}
{"target": 0.4150106368859817, "params": {"C": 172.10069160915947, "epsilon": 0.8232201419348423, "gamma": 0.013476307815940829}, "datetime": {"datetime": "2021-09-24 09:48:36", "elapsed": 693.63655, "delta": 4.453062}}
{"target": 0.322719721386302, "params": {"C": 151.97246617363768, "epsilon": 0.9345835273064659, "gamma": 0.09270743711424222}, "datetime": {"datetime": "2021-09-24 09:48:38", "elapsed": 696.000266, "delta": 2.363716}}
{"target": 0.41971452228416206, "params": {"C": 146.4582529313182, "epsilon": 0.7702746088357079, "gamma": 0.012772602244129018}, "datetime": {"datetime": "2021-09-24 09:48:43", "elapsed": 700.371136, "delta": 4.37087}}
{"target": 0.31908737833592515, "params": {"C": 185.84333757936662, "epsilon": 0.057587792560093894, "gamma": 0.08101344407418629}, "datetime": {"datetime": "2021-09-24 09:48:45", "elapsed": 703.078466, "delta": 2.70733}}
{"target": 0.39547369452121595, "params": {"C": 146.28729160101022, "epsilon": 0.6105239468842979, "gamma": 0.04781612544963321}, "datetime": {"datetime": "2021-09-24 09:48:52", "elapsed": 709.482057, "delta": 6.403591}}
{"target": 0.43676684670312704, "params": {"C": 144.0364601815378, "epsilon": 0.7122944257804171, "gamma": 0.005438652572458411}, "datetime": {"datetime": "2021-09-24 09:48:56", "elapsed": 714.014556, "delta": 4.532499}}
{"target": 0.2856282569265942, "params": {"C": 149.85927941057295, "epsilon": 0.48431151372710496, "gamma": 0.12560413530712836}, "datetime": {"datetime": "2021-09-24 09:49:01", "elapsed": 719.172718, "delta": 5.158162}}
{"target": 0.43289079159832033, "params": {"C": 130.63859887663415, "epsilon": 0.849371851345749, "gamma": 0.001865450794472262}, "datetime": {"datetime": "2021-09-24 09:49:06", "elapsed": 723.855079, "delta": 4.682361}}
{"target": 0.4304047005687215, "params": {"C": 113.5785952292749, "epsilon": 0.18399955952662198, "gamma": 0.010335854860306595}, "datetime": {"datetime": "2021-09-24 09:49:12", "elapsed": 729.755601, "delta": 5.900522}}
{"target": 0.39558918888361083, "params": {"C": 145.3010046756093, "epsilon": 0.5290968908919558, "gamma": 0.0479450510323069}, "datetime": {"datetime": "2021-09-24 09:49:17", "elapsed": 734.362678, "delta": 4.607077}}
{"target": 0.3881588817029551, "params": {"C": 146.35015300084706, "epsilon": 0.7988675788145767, "gamma": 0.0005}, "datetime": {"datetime": "2021-09-24 09:49:22", "elapsed": 739.892182, "delta": 5.529504}}
{"target": 0.4217303454465956, "params": {"C": 113.83252424969382, "epsilon": 0.22546919135719384, "gamma": 0.0014094226195423042}, "datetime": {"datetime": "2021-09-24 09:49:29", "elapsed": 747.186552, "delta": 7.29437}}
{"target": 0.433816498449786, "params": {"C": 162.39564535398924, "epsilon": 0.053769149482523294, "gamma": 0.006114926555176601}, "datetime": {"datetime": "2021-09-24 09:49:34", "elapsed": 751.90468, "delta": 4.718128}}
{"target": 0.4090058790523612, "params": {"C": 155.51590119221115, "epsilon": 0.3605799227709582, "gamma": 0.020376723933350917}, "datetime": {"datetime": "2021-09-24 09:49:37", "elapsed": 754.556082, "delta": 2.651402}}
{"target": 0.4111771777937926, "params": {"C": 162.27578526351687, "epsilon": 0.006671560942743103, "gamma": 0.016848680635822396}, "datetime": {"datetime": "2021-09-24 09:49:43", "elapsed": 761.194388, "delta": 6.638306}}
{"target": 0.33727229076203247, "params": {"C": 144.47429860536698, "epsilon": 0.38831449782085886, "gamma": 0.08081256017151225}, "datetime": {"datetime": "2021-09-24 09:49:48", "elapsed": 765.582344, "delta": 4.387956}}
{"target": 0.26222487529765914, "params": {"C": 149.8587020828698, "epsilon": 0.42537122928271126, "gamma": 0.14807808887002233}, "datetime": {"datetime": "2021-09-24 09:49:51", "elapsed": 768.347653, "delta": 2.765309}}
{"target": 0.3586573199813706, "params": {"C": 107.3362006575656, "epsilon": 0.33164396567352633, "gamma": 0.08104569368834728}, "datetime": {"datetime": "2021-09-24 09:49:53", "elapsed": 770.927796, "delta": 2.580143}}
{"target": 0.3894757807782828, "params": {"C": 148.991448411073, "epsilon": 0.8741111697664237, "gamma": 0.0005}, "datetime": {"datetime": "2021-09-24 09:49:58", "elapsed": 775.857986, "delta": 4.93019}}
{"target": 0.35469213509080244, "params": {"C": 146.3273752890417, "epsilon": 0.24040114050947972, "gamma": 0.06743237783535291}, "datetime": {"datetime": "2021-09-24 09:50:03", "elapsed": 780.661636, "delta": 4.80365}}
{"target": 0.42649443254279074, "params": {"C": 162.28096899676345, "epsilon": 0.15315852970885574, "gamma": 0.009603891785928874}, "datetime": {"datetime": "2021-09-24 09:50:08", "elapsed": 785.5407, "delta": 4.879064}}
{"target": 0.3742180544647892, "params": {"C": 162.3156151567183, "epsilon": 0.09273047529426715, "gamma": 0.05470026619849379}, "datetime": {"datetime": "2021-09-24 09:50:13", "elapsed": 791.126855, "delta": 5.586155}}
{"target": 0.32334533365112317, "params": {"C": 162.17623130223197, "epsilon": 0.19680362637458781, "gamma": 0.0853899813690476}, "datetime": {"datetime": "2021-09-24 09:50:19", "elapsed": 797.233354, "delta": 6.106499}}
{"target": 0.4049245343101119, "params": {"C": 105.90338017785628, "epsilon": 0.489616984950198, "gamma": 0.0009220851310780002}, "datetime": {"datetime": "2021-09-24 09:50:24", "elapsed": 801.630142, "delta": 4.396788}}
{"target": 0.3887713424428124, "params": {"C": 197.35923146194165, "epsilon": 0.5926062211789666, "gamma": 0.04091066289921391}, "datetime": {"datetime": "2021-09-24 09:50:29", "elapsed": 806.722733, "delta": 5.092591}}
{"target": 0.4320166711476544, "params": {"C": 109.59203662100732, "epsilon": 0.18125609868732645, "gamma": 0.01013620936921542}, "datetime": {"datetime": "2021-09-24 09:50:34", "elapsed": 812.065287, "delta": 5.342554}}
{"target": 0.40642447927726943, "params": {"C": 109.56795589116315, "epsilon": 0.24436865950330408, "gamma": 0.04882497794409092}, "datetime": {"datetime": "2021-09-24 09:50:39", "elapsed": 816.898143, "delta": 4.832856}}
{"target": 0.3101305396873113, "params": {"C": 115.74873178893972, "epsilon": 0.1526749141497512, "gamma": 0.12873439110956977}, "datetime": {"datetime": "2021-09-24 09:50:42", "elapsed": 819.389446, "delta": 2.491303}}
{"target": 0.40685933390774676, "params": {"C": 109.57027903035943, "epsilon": 0.10957712546265237, "gamma": 0.04146742204985327}, "datetime": {"datetime": "2021-09-24 09:50:47", "elapsed": 824.618024, "delta": 5.228578}}
{"target": 0.38814660584015026, "params": {"C": 190.63080726354158, "epsilon": 0.3272972139297122, "gamma": 0.04259946620950173}, "datetime": {"datetime": "2021-09-24 09:50:50", "elapsed": 827.451904, "delta": 2.83388}}
{"target": 0.3741794156123076, "params": {"C": 117.89943197813835, "epsilon": 0.8268727932574309, "gamma": 0.0005}, "datetime": {"datetime": "2021-09-24 09:50:54", "elapsed": 832.079827, "delta": 4.627923}}
{"target": 0.31889078539570626, "params": {"C": 132.01860460748236, "epsilon": 0.21084890465452777, "gamma": 0.1054626778895796}, "datetime": {"datetime": "2021-09-24 09:50:57", "elapsed": 834.569525, "delta": 2.489698}}
{"target": 0.4145113323539116, "params": {"C": 193.36823132886036, "epsilon": 0.4482462648826651, "gamma": 0.011208648271721904}, "datetime": {"datetime": "2021-09-24 09:50:59", "elapsed": 837.193235, "delta": 2.62371}}
{"target": 0.40445997266947364, "params": {"C": 193.35189945316273, "epsilon": 0.5631359419097152, "gamma": 0.0005}, "datetime": {"datetime": "2021-09-24 09:51:06", "elapsed": 843.810184, "delta": 6.616949}}
{"target": 0.42839254180024267, "params": {"C": 130.49280142498822, "epsilon": 0.8487378331191048, "gamma": 0.001697855970513989}, "datetime": {"datetime": "2021-09-24 09:51:16", "elapsed": 853.92585, "delta": 10.115666}}
{"target": 0.3867473747822796, "params": {"C": 144.34034968620696, "epsilon": 0.7232111442190216, "gamma": 0.0005}, "datetime": {"datetime": "2021-09-24 09:51:23", "elapsed": 860.408845, "delta": 6.482995}}
{"target": 0.39724918183282965, "params": {"C": 193.25529412502416, "epsilon": 0.47155544122312504, "gamma": 0.030807695487862746}, "datetime": {"datetime": "2021-09-24 09:51:28", "elapsed": 865.797408, "delta": 5.388563}}
{"target": 0.4311769905715461, "params": {"C": 193.49010235992768, "epsilon": 0.4260437313272173, "gamma": 0.0014322547521595664}, "datetime": {"datetime": "2021-09-24 09:51:38", "elapsed": 875.43302, "delta": 9.635612}}
{"target": 0.2928288738903815, "params": {"C": 193.49633131884804, "epsilon": 0.46063974768572646, "gamma": 0.0976524964968924}, "datetime": {"datetime": "2021-09-24 09:51:43", "elapsed": 880.572191, "delta": 5.139171}}
{"target": 0.4010564689037347, "params": {"C": 193.31921299012504, "epsilon": 0.34267670009245516, "gamma": 0.022577775275590094}, "datetime": {"datetime": "2021-09-24 09:51:50", "elapsed": 887.545546, "delta": 6.973355}}
{"target": 0.4372351123714404, "params": {"C": 111.06938949582957, "epsilon": 0.4017722592839914, "gamma": 0.007476396620081347}, "datetime": {"datetime": "2021-09-24 09:51:53", "elapsed": 891.21003, "delta": 3.664484}}
{"target": 0.4288891090864537, "params": {"C": 111.1409123505967, "epsilon": 0.3744635467091537, "gamma": 0.011542106982023945}, "datetime": {"datetime": "2021-09-24 09:52:00", "elapsed": 897.378844, "delta": 6.168814}}
{"target": 0.3600907702266142, "params": {"C": 111.87513545877621, "epsilon": 0.920622976876019, "gamma": 0.07769807372630372}, "datetime": {"datetime": "2021-09-24 09:52:02", "elapsed": 899.952048, "delta": 2.573204}}
{"target": 0.3427045076558768, "params": {"C": 111.15927606520415, "epsilon": 0.39532044423362944, "gamma": 0.09375561078527002}, "datetime": {"datetime": "2021-09-24 09:52:09", "elapsed": 906.952282, "delta": 7.000234}}
{"target": 0.40580068433088246, "params": {"C": 189.63265327453036, "epsilon": 0.7145003162539798, "gamma": 0.020003511245893807}, "datetime": {"datetime": "2021-09-24 09:52:12", "elapsed": 909.963008, "delta": 3.010726}}
{"target": 0.3648973428668286, "params": {"C": 109.65318587511531, "epsilon": 0.18199395432056492, "gamma": 0.07449126326376587}, "datetime": {"datetime": "2021-09-24 09:52:19", "elapsed": 916.461492, "delta": 6.498484}}
{"target": 0.42829607115339297, "params": {"C": 193.4944367367392, "epsilon": 0.29730991823780734, "gamma": 0.008415918763375663}, "datetime": {"datetime": "2021-09-24 09:52:24", "elapsed": 922.276249, "delta": 5.814757}}
