{"target": -57.65237826937786, "params": {"C": 25.341374177288888, "epsilon": 2.4250164254549516, "gamma": 0.0001}, "datetime": {"datetime": "2021-09-24 15:02:20", "elapsed": 24.864189, "delta": 0.422994}}
{"target": -45.526207221210406, "params": {"C": 25.43318186937017, "epsilon": 2.7332475776104657, "gamma": 0.09031121028193978}, "datetime": {"datetime": "2021-09-24 15:02:20", "elapsed": 25.323229, "delta": 0.45904}}
{"target": -49.86794434974848, "params": {"C": 25.523738088573054, "epsilon": 2.8114308114305357, "gamma": 0.21752928280127448}, "datetime": {"datetime": "2021-09-24 15:02:21", "elapsed": 25.730185, "delta": 0.406956}}
{"target": -46.922288894300394, "params": {"C": 9.916223639447487, "epsilon": 1.4781583959854874, "gamma": 0.00418595052154728}, "datetime": {"datetime": "2021-09-24 15:02:21", "elapsed": 26.03119, "delta": 0.301005}}
{"target": -51.155083027186265, "params": {"C": 25.340479116605593, "epsilon": 2.531666352099827, "gamma": 0.24707978357916938}, "datetime": {"datetime": "2021-09-24 15:02:22", "elapsed": 26.495228, "delta": 0.464038}}
{"target": -45.658470656550435, "params": {"C": 25.480252552344506, "epsilon": 2.5992211833429404, "gamma": 0.09344318671954611}, "datetime": {"datetime": "2021-09-24 15:02:22", "elapsed": 27.092048, "delta": 0.59682}}
{"target": -47.02015411351319, "params": {"C": 25.648651428783687, "epsilon": 2.5309264339248894, "gamma": 0.13685063307142992}, "datetime": {"datetime": "2021-09-24 15:02:23", "elapsed": 27.573042, "delta": 0.480994}}
{"target": -50.56225612484395, "params": {"C": 49.48477008764968, "epsilon": 2.1466354573025725, "gamma": 0.28427480742399885}, "datetime": {"datetime": "2021-09-24 15:02:23", "elapsed": 28.154079, "delta": 0.581037}}
{"target": -44.66823925645901, "params": {"C": 25.579189799905308, "epsilon": 2.800768816593002, "gamma": 0.06607594460833303}, "datetime": {"datetime": "2021-09-24 15:02:24", "elapsed": 28.49908, "delta": 0.345001}}
{"target": -45.84442290415862, "params": {"C": 25.39557969946281, "epsilon": 2.6563411494733993, "gamma": 0.002119293173596861}, "datetime": {"datetime": "2021-09-24 15:02:24", "elapsed": 29.017078, "delta": 0.517998}}
{"target": -43.571367029874025, "params": {"C": 25.639127770946942, "epsilon": 2.409244382949794, "gamma": 0.01891368621048628}, "datetime": {"datetime": "2021-09-24 15:02:25", "elapsed": 29.478075, "delta": 0.460997}}
{"target": -44.347867697010514, "params": {"C": 25.836589885896323, "epsilon": 2.630963127532932, "gamma": 0.048905080141643825}, "datetime": {"datetime": "2021-09-24 15:02:25", "elapsed": 30.078082, "delta": 0.600007}}
{"target": -44.864064926120406, "params": {"C": 25.7309632338377, "epsilon": 2.4339728657809303, "gamma": 0.07325185972522623}, "datetime": {"datetime": "2021-09-24 15:02:26", "elapsed": 30.570119, "delta": 0.492037}}
{"target": -45.154060497124036, "params": {"C": 25.723607731933505, "epsilon": 2.8637267534062127, "gamma": 0.08161284646354022}, "datetime": {"datetime": "2021-09-24 15:02:26", "elapsed": 31.14608, "delta": 0.575961}}
{"target": -43.45674588172146, "params": {"C": 48.45747698531834, "epsilon": 2.936004801309404, "gamma": 0.016545984101412305}, "datetime": {"datetime": "2021-09-24 15:02:27", "elapsed": 31.542076, "delta": 0.395996}}
{"target": -43.95121375953816, "params": {"C": 48.64074924166986, "epsilon": 2.9244888673636122, "gamma": 0.0480482676704948}, "datetime": {"datetime": "2021-09-24 15:02:27", "elapsed": 32.055116, "delta": 0.51304}}
{"target": -59.600172603320246, "params": {"C": 5.064016186243999, "epsilon": 2.8794571506914632, "gamma": 0.5595918925035909}, "datetime": {"datetime": "2021-09-24 15:02:28", "elapsed": 32.450126, "delta": 0.39501}}
{"target": -45.53355714672101, "params": {"C": 25.940238617235558, "epsilon": 2.7463048533924317, "gamma": 0.09060571146978869}, "datetime": {"datetime": "2021-09-24 15:02:28", "elapsed": 33.039158, "delta": 0.589032}}
{"target": -44.30633655168944, "params": {"C": 25.12700461924411, "epsilon": 2.6983703967391355, "gamma": 0.04714063568612527}, "datetime": {"datetime": "2021-09-24 15:02:29", "elapsed": 33.48877, "delta": 0.449612}}
{"target": -46.0923273827993, "params": {"C": 24.73170223945264, "epsilon": 2.7837215205637578, "gamma": 0.10629887792124262}, "datetime": {"datetime": "2021-09-24 15:02:29", "elapsed": 33.845174, "delta": 0.356404}}
{"target": -47.06535138225065, "params": {"C": 48.59622975004812, "epsilon": 2.841979563746512, "gamma": 0.15384556893262316}, "datetime": {"datetime": "2021-09-24 15:02:29", "elapsed": 34.237014, "delta": 0.39184}}
{"target": -43.28560508809853, "params": {"C": 48.58448371549362, "epsilon": 2.763625933681207, "gamma": 0.013650746722207733}, "datetime": {"datetime": "2021-09-24 15:02:30", "elapsed": 34.849001, "delta": 0.611987}}
{"target": -45.53845336735171, "params": {"C": 40.35448242140632, "epsilon": 1.3111791221372435, "gamma": 0.0943141130169948}, "datetime": {"datetime": "2021-09-24 15:02:30", "elapsed": 35.243999, "delta": 0.394998}}
{"target": -49.561137588851864, "params": {"C": 25.876460235898623, "epsilon": 2.781009097370125, "gamma": 0.0007257526102170384}, "datetime": {"datetime": "2021-09-24 15:02:31", "elapsed": 35.791899, "delta": 0.5479}}
{"target": -47.29856101607792, "params": {"C": 25.779082930445977, "epsilon": 2.7582398489101694, "gamma": 0.14645235764128667}, "datetime": {"datetime": "2021-09-24 15:02:31", "elapsed": 36.258165, "delta": 0.466266}}
{"target": -59.71038424954286, "params": {"C": 13.184611234716202, "epsilon": 2.6334130082490854, "gamma": 0.9134993528049089}, "datetime": {"datetime": "2021-09-24 15:02:32", "elapsed": 36.646158, "delta": 0.387993}}
{"target": -59.056825870595404, "params": {"C": 40.06810429140193, "epsilon": 1.727640680873834, "gamma": 0.9440384954499292}, "datetime": {"datetime": "2021-09-24 15:02:32", "elapsed": 37.10716, "delta": 0.461002}}
{"target": -47.0383030616853, "params": {"C": 25.61471075969365, "epsilon": 2.2978766052800745, "gamma": 0.13812572320101443}, "datetime": {"datetime": "2021-09-24 15:02:33", "elapsed": 37.565819, "delta": 0.458659}}
{"target": -43.30604287165876, "params": {"C": 48.285151835572826, "epsilon": 2.7492244919978863, "gamma": 0.0050538704356697245}, "datetime": {"datetime": "2021-09-24 15:02:33", "elapsed": 38.089309, "delta": 0.52349}}
{"target": -47.044710768362364, "params": {"C": 48.3532405555288, "epsilon": 2.7290591128372275, "gamma": 0.1527513442503629}, "datetime": {"datetime": "2021-09-24 15:02:34", "elapsed": 38.932206, "delta": 0.842897}}
{"target": -58.15738192497508, "params": {"C": 32.53515231890699, "epsilon": 1.8689391625396337, "gamma": 0.6973918182371894}, "datetime": {"datetime": "2021-09-24 15:02:34", "elapsed": 39.370199, "delta": 0.437993}}
{"target": -45.51424819966566, "params": {"C": 22.681649702332894, "epsilon": 2.704496251164382, "gamma": 0.0902896748775672}, "datetime": {"datetime": "2021-09-24 15:02:35", "elapsed": 39.761435, "delta": 0.391236}}
{"target": -55.81251294953982, "params": {"C": 48.43409323438459, "epsilon": 2.7845797439041386, "gamma": 0.0001}, "datetime": {"datetime": "2021-09-24 15:02:36", "elapsed": 40.486809, "delta": 0.725374}}
{"target": -51.10937052341042, "params": {"C": 49.47501858165839, "epsilon": 2.1165449140545003, "gamma": 0.30323244895499313}, "datetime": {"datetime": "2021-09-24 15:02:36", "elapsed": 40.87681, "delta": 0.390001}}
{"target": -44.50369050065741, "params": {"C": 48.175992460710134, "epsilon": 2.746052564448768, "gamma": 0.06738565400850281}, "datetime": {"datetime": "2021-09-24 15:02:37", "elapsed": 41.629664, "delta": 0.752854}}
{"target": -45.837722663273745, "params": {"C": 48.31676277275527, "epsilon": 2.948844445044441, "gamma": 0.11001339679426494}, "datetime": {"datetime": "2021-09-24 15:02:37", "elapsed": 42.283596, "delta": 0.653932}}
{"target": -59.489231037524334, "params": {"C": 6.560230988288127, "epsilon": 2.422551706029646, "gamma": 0.5815864203294753}, "datetime": {"datetime": "2021-09-24 15:02:38", "elapsed": 42.673268, "delta": 0.389672}}
{"target": -58.82781288189444, "params": {"C": 49.71947980753567, "epsilon": 2.5791446210015185, "gamma": 0.9072408423033186}, "datetime": {"datetime": "2021-09-24 15:02:38", "elapsed": 43.11427, "delta": 0.441002}}
{"target": -44.59303829245568, "params": {"C": 26.067415954559976, "epsilon": 2.6741409527442856, "gamma": 0.062488929077821505}, "datetime": {"datetime": "2021-09-24 15:02:39", "elapsed": 43.831816, "delta": 0.717546}}
{"target": -43.59673716458138, "params": {"C": 25.671098921047225, "epsilon": 2.410440553906337, "gamma": 0.02452161924771106}, "datetime": {"datetime": "2021-09-24 15:02:39", "elapsed": 44.316861, "delta": 0.485045}}
{"target": -44.27181768609114, "params": {"C": 48.78974155741436, "epsilon": 2.7820245980783875, "gamma": 0.05729952511321552}, "datetime": {"datetime": "2021-09-24 15:02:40", "elapsed": 44.805861, "delta": 0.489}}
{"target": -43.60111301214214, "params": {"C": 48.81100638018187, "epsilon": 2.6113965714972323, "gamma": 0.024197936908694467}, "datetime": {"datetime": "2021-09-24 15:02:40", "elapsed": 45.258869, "delta": 0.453008}}
{"target": -44.635142987438705, "params": {"C": 25.928720862302754, "epsilon": 2.7676274388170805, "gamma": 0.0648223528307353}, "datetime": {"datetime": "2021-09-24 15:02:41", "elapsed": 45.68886, "delta": 0.429991}}
{"target": -57.676862613378496, "params": {"C": 27.66737139113682, "epsilon": 0.9393441892541812, "gamma": 0.594512599535949}, "datetime": {"datetime": "2021-09-24 15:02:41", "elapsed": 46.136483, "delta": 0.447623}}
{"target": -43.46619572619707, "params": {"C": 25.60977517461477, "epsilon": 2.6255475353327853, "gamma": 0.014792514320873093}, "datetime": {"datetime": "2021-09-24 15:02:42", "elapsed": 46.62865, "delta": 0.492167}}
{"target": -56.22572964907116, "params": {"C": 20.928761611995846, "epsilon": 2.0673866734864936, "gamma": 0.4248149538069295}, "datetime": {"datetime": "2021-09-24 15:02:42", "elapsed": 47.069645, "delta": 0.440995}}
{"target": -46.00766967545418, "params": {"C": 48.69933881518362, "epsilon": 2.5956146792733654, "gamma": 0.1153985474719305}, "datetime": {"datetime": "2021-09-24 15:02:43", "elapsed": 47.725949, "delta": 0.656304}}
{"target": -45.277590196229696, "params": {"C": 25.985616382881023, "epsilon": 2.566258839875764, "gamma": 0.0848231947571773}, "datetime": {"datetime": "2021-09-24 15:02:44", "elapsed": 48.966989, "delta": 1.24104}}
{"target": -47.140157842953386, "params": {"C": 22.863387921560903, "epsilon": 2.747972185872179, "gamma": 0.13856420301334715}, "datetime": {"datetime": "2021-09-24 15:02:44", "elapsed": 49.401989, "delta": 0.435}}
{"target": -55.79369384027972, "params": {"C": 48.694833984641065, "epsilon": 2.7034373086126324, "gamma": 0.0001}, "datetime": {"datetime": "2021-09-24 15:02:45", "elapsed": 50.091554, "delta": 0.689565}}
{"target": -59.67308978578495, "params": {"C": 17.17251959867048, "epsilon": 0.45787820304449306, "gamma": 0.9760837538663286}, "datetime": {"datetime": "2021-09-24 15:02:46", "elapsed": 50.557251, "delta": 0.465697}}
{"target": -46.57939729375283, "params": {"C": 48.87423061145898, "epsilon": 2.661949323437719, "gamma": 0.13200031862222808}, "datetime": {"datetime": "2021-09-24 15:02:47", "elapsed": 51.424245, "delta": 0.866994}}
{"target": -43.30723486516503, "params": {"C": 48.84688397795444, "epsilon": 2.523569287481754, "gamma": 0.011286399721673489}, "datetime": {"datetime": "2021-09-24 15:02:47", "elapsed": 52.118096, "delta": 0.693851}}
{"target": -46.60312914500398, "params": {"C": 26.163887828811134, "epsilon": 2.8529966155573963, "gamma": 0.12324570777611332}, "datetime": {"datetime": "2021-09-24 15:02:48", "elapsed": 52.743526, "delta": 0.62543}}
{"target": -43.4924614350014, "params": {"C": 48.876270257275905, "epsilon": 2.966996991784285, "gamma": 0.01975522633146378}, "datetime": {"datetime": "2021-09-24 15:02:49", "elapsed": 53.520532, "delta": 0.777006}}
{"target": -46.64524024967577, "params": {"C": 48.720901566197874, "epsilon": 2.606214643903245, "gamma": 0.1345115473552852}, "datetime": {"datetime": "2021-09-24 15:02:49", "elapsed": 54.037325, "delta": 0.516793}}
{"target": -47.5368658444371, "params": {"C": 48.650568714512325, "epsilon": 2.4100286673406277, "gamma": 0.17495043112006922}, "datetime": {"datetime": "2021-09-24 15:02:50", "elapsed": 54.788088, "delta": 0.750763}}
{"target": -47.192559919945396, "params": {"C": 48.954280531192076, "epsilon": 2.935775352831702, "gamma": 0.16007251657371585}, "datetime": {"datetime": "2021-09-24 15:02:51", "elapsed": 55.45509, "delta": 0.667002}}
{"target": -55.82723060741084, "params": {"C": 48.23017852714442, "epsilon": 2.626650771275597, "gamma": 0.0001}, "datetime": {"datetime": "2021-09-24 15:02:52", "elapsed": 56.57028, "delta": 1.11519}}
{"target": -43.743229189876416, "params": {"C": 48.94621951473658, "epsilon": 2.869362723623837, "gamma": 0.03950289096054047}, "datetime": {"datetime": "2021-09-24 15:02:53", "elapsed": 57.744051, "delta": 1.173771}}
{"target": -45.88237106509755, "params": {"C": 48.77115431027315, "epsilon": 2.909402222869455, "gamma": 0.0009972214545925539}, "datetime": {"datetime": "2021-09-24 15:02:54", "elapsed": 58.617472, "delta": 0.873421}}
{"target": -58.069468806637225, "params": {"C": 36.218061026166204, "epsilon": 1.0999431681533998, "gamma": 0.7078235122023991}, "datetime": {"datetime": "2021-09-24 15:02:54", "elapsed": 59.11147, "delta": 0.493998}}
{"target": -57.62561913272102, "params": {"C": 25.72563499628539, "epsilon": 2.5465983618750583, "gamma": 0.0001}, "datetime": {"datetime": "2021-09-24 15:02:55", "elapsed": 60.357002, "delta": 1.245532}}
{"target": -43.391012523953954, "params": {"C": 48.22338711673331, "epsilon": 2.8523633051939017, "gamma": 0.008075614435472127}, "datetime": {"datetime": "2021-09-24 15:02:57", "elapsed": 61.662703, "delta": 1.305701}}
{"target": -59.60629828506789, "params": {"C": 17.08294264450796, "epsilon": 0.0448407603010918, "gamma": 0.9219247351823507}, "datetime": {"datetime": "2021-09-24 15:02:57", "elapsed": 62.392687, "delta": 0.729984}}
{"target": -47.42795850780976, "params": {"C": 25.826216310716507, "epsilon": 2.599860880581833, "gamma": 0.15183550074777097}, "datetime": {"datetime": "2021-09-24 15:02:59", "elapsed": 63.838268, "delta": 1.445581}}
{"target": -56.9142656242329, "params": {"C": 36.201510724369626, "epsilon": 1.1352045489277627, "gamma": 0.5663436273550917}, "datetime": {"datetime": "2021-09-24 15:03:00", "elapsed": 64.640101, "delta": 0.801833}}
{"target": -55.79519392892559, "params": {"C": 48.54659674079807, "epsilon": 3.0, "gamma": 0.0001}, "datetime": {"datetime": "2021-09-24 15:03:01", "elapsed": 65.989364, "delta": 1.349263}}
{"target": -45.387298344980834, "params": {"C": 25.64733598501921, "epsilon": 2.6803122434043596, "gamma": 0.0871785842141704}, "datetime": {"datetime": "2021-09-24 15:03:02", "elapsed": 67.108932, "delta": 1.119568}}
{"target": -43.60046912543094, "params": {"C": 22.774100415944265, "epsilon": 2.81923876905083, "gamma": 0.021481303175426313}, "datetime": {"datetime": "2021-09-24 15:03:03", "elapsed": 68.268267, "delta": 1.159335}}
{"target": -59.15365020951002, "params": {"C": 37.18370906525265, "epsilon": 2.4386127248912883, "gamma": 0.9598296064865239}, "datetime": {"datetime": "2021-09-24 15:03:04", "elapsed": 69.335954, "delta": 1.067687}}
{"target": -46.708053449967636, "params": {"C": 26.148199827323882, "epsilon": 2.8554018805364594, "gamma": 0.1264118034162943}, "datetime": {"datetime": "2021-09-24 15:03:05", "elapsed": 70.116668, "delta": 0.780714}}
{"target": -58.14079949694174, "params": {"C": 7.212345316779073, "epsilon": 2.4688223999421, "gamma": 0.39845953891088687}, "datetime": {"datetime": "2021-09-24 15:03:06", "elapsed": 70.824323, "delta": 0.707655}}
{"target": -47.439678916425684, "params": {"C": 25.93769521000885, "epsilon": 2.894856728669179, "gamma": 0.15196123861398225}, "datetime": {"datetime": "2021-09-24 15:03:07", "elapsed": 71.923672, "delta": 1.099349}}
{"target": -43.5350003420736, "params": {"C": 25.692777811600823, "epsilon": 2.3029548397819433, "gamma": 0.0179153449605983}, "datetime": {"datetime": "2021-09-24 15:03:08", "elapsed": 73.102713, "delta": 1.179041}}
{"target": -59.2594100602526, "params": {"C": 2.6157900322194148, "epsilon": 1.237502733353879, "gamma": 0.3640291069651183}, "datetime": {"datetime": "2021-09-24 15:03:09", "elapsed": 73.70103, "delta": 0.598317}}
{"target": -47.415831622509465, "params": {"C": 48.80179822879606, "epsilon": 2.8198274837694317, "gamma": 0.16989061628530286}, "datetime": {"datetime": "2021-09-24 15:03:10", "elapsed": 74.810949, "delta": 1.109919}}
{"target": -46.00423243718952, "params": {"C": 48.24147159617974, "epsilon": 2.857327215212243, "gamma": 0.11528637864366957}, "datetime": {"datetime": "2021-09-24 15:03:11", "elapsed": 75.729585, "delta": 0.918636}}
{"target": -46.89079370438001, "params": {"C": 22.706584330648987, "epsilon": 2.8597438197084073, "gamma": 0.13097345946499248}, "datetime": {"datetime": "2021-09-24 15:03:12", "elapsed": 76.933029, "delta": 1.203444}}
{"target": -56.337623978118906, "params": {"C": 24.336630135863413, "epsilon": 0.40912728973189044, "gamma": 0.45568710812771}, "datetime": {"datetime": "2021-09-24 15:03:13", "elapsed": 77.472026, "delta": 0.538997}}
{"target": -43.419252619162194, "params": {"C": 48.987943087260085, "epsilon": 2.5711649052485246, "gamma": 0.015751634983998765}, "datetime": {"datetime": "2021-09-24 15:03:14", "elapsed": 78.533194, "delta": 1.061168}}
{"target": -47.78072200800002, "params": {"C": 31.379121341926158, "epsilon": 0.8207405295317993, "gamma": 0.1716581445579184}, "datetime": {"datetime": "2021-09-24 15:03:14", "elapsed": 79.26429, "delta": 0.731096}}
{"target": -46.537106189735184, "params": {"C": 25.7728388024236, "epsilon": 2.3273861772029303, "gamma": 0.12251838302312007}, "datetime": {"datetime": "2021-09-24 15:03:16", "elapsed": 80.658566, "delta": 1.394276}}
{"target": -46.65129989081003, "params": {"C": 48.84541574966278, "epsilon": 2.499156523103407, "gamma": 0.13479099538138556}, "datetime": {"datetime": "2021-09-24 15:03:17", "elapsed": 81.770168, "delta": 1.111602}}
{"target": -59.08835949561464, "params": {"C": 24.213589496105325, "epsilon": 1.8598309094198433, "gamma": 0.8132579737183008}, "datetime": {"datetime": "2021-09-24 15:03:17", "elapsed": 82.287861, "delta": 0.517693}}
{"target": -52.52989757461419, "params": {"C": 22.268498695167132, "epsilon": 0.5727764292888134, "gamma": 0.27259317295641183}, "datetime": {"datetime": "2021-09-24 15:03:18", "elapsed": 82.937594, "delta": 0.649733}}
{"target": -57.877098227348924, "params": {"C": 22.801469885871228, "epsilon": 2.6821351373727755, "gamma": 0.0001}, "datetime": {"datetime": "2021-09-24 15:03:19", "elapsed": 84.184464, "delta": 1.24687}}
{"target": -48.42130884898552, "params": {"C": 48.561465308230055, "epsilon": 2.602370799271275, "gamma": 0.20698195498853958}, "datetime": {"datetime": "2021-09-24 15:03:20", "elapsed": 85.25846, "delta": 1.073996}}
{"target": -51.22494602702061, "params": {"C": 25.59008448560284, "epsilon": 2.947940272428165, "gamma": 0.0005320159288864537}, "datetime": {"datetime": "2021-09-24 15:03:22", "elapsed": 86.51336, "delta": 1.2549}}
{"target": -54.40907242407559, "params": {"C": 5.447216326398266, "epsilon": 1.8449163489971179, "gamma": 0.19241337626221777}, "datetime": {"datetime": "2021-09-24 15:03:22", "elapsed": 87.397345, "delta": 0.883985}}
{"target": -43.84580052559954, "params": {"C": 26.20198508534738, "epsilon": 2.625164694241239, "gamma": 0.03126752050964121}, "datetime": {"datetime": "2021-09-24 15:03:24", "elapsed": 89.272898, "delta": 1.875553}}
{"target": -47.2338430559838, "params": {"C": 25.42560981279313, "epsilon": 1.2516564301177766, "gamma": 0.14646923604017625}, "datetime": {"datetime": "2021-09-24 15:03:25", "elapsed": 89.836668, "delta": 0.56377}}
{"target": -43.860955645736155, "params": {"C": 48.81697100862963, "epsilon": 2.5966787583869775, "gamma": 0.04332198738034656}, "datetime": {"datetime": "2021-09-24 15:03:26", "elapsed": 90.418266, "delta": 0.581598}}
{"target": -43.541038115015304, "params": {"C": 25.032709837035057, "epsilon": 2.662882168623321, "gamma": 0.007585636696153461}, "datetime": {"datetime": "2021-09-24 15:03:26", "elapsed": 91.001007, "delta": 0.582741}}
{"target": -55.78198111153756, "params": {"C": 48.97229403295454, "epsilon": 2.4316826025719083, "gamma": 0.0001}, "datetime": {"datetime": "2021-09-24 15:03:27", "elapsed": 92.078522, "delta": 1.077515}}
{"target": -48.044011427791716, "params": {"C": 22.882406019342046, "epsilon": 2.929617347800978, "gamma": 0.165207274276807}, "datetime": {"datetime": "2021-09-24 15:03:28", "elapsed": 92.967369, "delta": 0.888847}}
{"target": -47.88510902285351, "params": {"C": 47.33185323607665, "epsilon": 1.9026957021393274, "gamma": 0.18781873717826825}, "datetime": {"datetime": "2021-09-24 15:03:29", "elapsed": 93.532358, "delta": 0.564989}}
{"target": -59.70106045672182, "params": {"C": 14.840884504489338, "epsilon": 1.2358507672705388, "gamma": 0.9452972652623504}, "datetime": {"datetime": "2021-09-24 15:03:29", "elapsed": 94.134858, "delta": 0.6025}}
{"target": -47.82443873170956, "params": {"C": 26.185935581793906, "epsilon": 2.656536355697003, "gamma": 0.16504324222557695}, "datetime": {"datetime": "2021-09-24 15:03:30", "elapsed": 95.232824, "delta": 1.097966}}
{"target": -58.1532254385606, "params": {"C": 25.26575714741151, "epsilon": 0.8976812111791489, "gamma": 0.6381643983101212}, "datetime": {"datetime": "2021-09-24 15:03:31", "elapsed": 95.833644, "delta": 0.60082}}
{"target": -43.7775599542875, "params": {"C": 44.59160677374525, "epsilon": 1.4415323664752138, "gamma": 0.03456294770061339}, "datetime": {"datetime": "2021-09-24 15:03:32", "elapsed": 96.461252, "delta": 0.627608}}
