{"target": -41.14023441860567, "params": {"C": 61.848315993345594, "epsilon": 2.5756112744712376, "gamma": 0.14598524577849623}, "datetime": {"datetime": "2021-09-28 12:20:38", "elapsed": 1393.045092, "delta": 3.513667}}
{"target": -39.41782249837787, "params": {"C": 72.91766217435674, "epsilon": 1.7957448792420334, "gamma": 0.054454530906602974}, "datetime": {"datetime": "2021-09-28 12:20:42", "elapsed": 1396.695663, "delta": 3.650571}}
{"target": -37.00165614214229, "params": {"C": 19.42146646070863, "epsilon": 1.9116813014718812, "gamma": 0.01560613777243219}, "datetime": {"datetime": "2021-09-28 12:20:51", "elapsed": 1406.13726, "delta": 9.441597}}
{"target": -40.65493228912101, "params": {"C": 193.5994902142004, "epsilon": 0.07875276925184611, "gamma": 0.05541658530999221}, "datetime": {"datetime": "2021-09-28 12:38:05", "elapsed": 0.0, "delta": 0.0}}
{"target": -39.20859391472877, "params": {"C": 193.5322392618277, "epsilon": 1.2616830384603794, "gamma": 0.03370314727938354}, "datetime": {"datetime": "2021-09-28 12:38:05", "elapsed": 0.049998, "delta": 0.049998}}
{"target": -39.10935118761668, "params": {"C": 170.46486340378425, "epsilon": 1.8581936280856404, "gamma": 0.030665812693777793}, "datetime": {"datetime": "2021-09-28 12:38:05", "elapsed": 0.091999, "delta": 0.042001}}
{"target": -40.175734688107426, "params": {"C": 176.68272751028667, "epsilon": 1.8637803644751154, "gamma": 0.05338506733342687}, "datetime": {"datetime": "2021-09-28 12:38:06", "elapsed": 0.128997, "delta": 0.036998}}
{"target": -40.5418383453538, "params": {"C": 213.19081805213568, "epsilon": 0.8136258549055587, "gamma": 0.05226653847163428}, "datetime": {"datetime": "2021-09-28 12:38:06", "elapsed": 0.238297, "delta": 0.1093}}
{"target": -40.56020906952512, "params": {"C": 192.0609828256476, "epsilon": 1.364295062537476, "gamma": 0.058135894959693804}, "datetime": {"datetime": "2021-09-28 12:38:06", "elapsed": 0.339294, "delta": 0.100997}}
{"target": -40.71127757605422, "params": {"C": 193.48111296081746, "epsilon": 1.2871970359782379, "gamma": 0.07020236324592055}, "datetime": {"datetime": "2021-09-28 12:38:06", "elapsed": 0.452293, "delta": 0.112999}}
{"target": -41.402548653389935, "params": {"C": 231.73738082368385, "epsilon": 0.16607892240638816, "gamma": 0.08734557244252336}, "datetime": {"datetime": "2021-09-28 12:38:06", "elapsed": 0.546301, "delta": 0.094008}}
{"target": -40.22661883177286, "params": {"C": 189.3435866798245, "epsilon": 2.4787805722459497, "gamma": 0.05391159304808671}, "datetime": {"datetime": "2021-09-28 12:38:06", "elapsed": 0.631336, "delta": 0.085035}}
{"target": -40.91170687286751, "params": {"C": 197.96924789706895, "epsilon": 2.606448777112884, "gamma": 0.08698118038375026}, "datetime": {"datetime": "2021-09-28 12:38:06", "elapsed": 0.733332, "delta": 0.101996}}
{"target": -39.202642981612556, "params": {"C": 161.99938354946656, "epsilon": 1.2184558072790672, "gamma": 0.038050680562744896}, "datetime": {"datetime": "2021-09-28 12:38:06", "elapsed": 0.859293, "delta": 0.125961}}
{"target": -40.751219353645844, "params": {"C": 163.86546949414858, "epsilon": 1.4221405015633612, "gamma": 0.0878647734872801}, "datetime": {"datetime": "2021-09-28 12:38:06", "elapsed": 1.052294, "delta": 0.193001}}
{"target": -37.604040156966725, "params": {"C": 198.63593535745414, "epsilon": 2.683484214350215, "gamma": 0.0021908808984534398}, "datetime": {"datetime": "2021-09-28 12:38:07", "elapsed": 1.214295, "delta": 0.162001}}
{"target": -40.71677321161111, "params": {"C": 166.6534563409806, "epsilon": 1.0331012129809096, "gamma": 0.06683950405461585}, "datetime": {"datetime": "2021-09-28 12:38:07", "elapsed": 1.323291, "delta": 0.108996}}
{"target": -40.863641102632045, "params": {"C": 188.23328450754593, "epsilon": 0.3253068894190921, "gamma": 0.06869105856649538}, "datetime": {"datetime": "2021-09-28 12:38:07", "elapsed": 1.445294, "delta": 0.122003}}
{"target": -38.93223805301453, "params": {"C": 190.4472216470425, "epsilon": 1.9097195876615638, "gamma": 0.025148052296005273}, "datetime": {"datetime": "2021-09-28 12:38:07", "elapsed": 1.662297, "delta": 0.217003}}
{"target": -40.690021073361756, "params": {"C": 231.99555807028048, "epsilon": 1.4840572586598495, "gamma": 0.06698135640614877}, "datetime": {"datetime": "2021-09-28 12:38:07", "elapsed": 1.818294, "delta": 0.155997}}
{"target": -39.21078866699828, "params": {"C": 161.7558619454409, "epsilon": 1.3027315680376776, "gamma": 0.03976114268291468}, "datetime": {"datetime": "2021-09-28 12:38:07", "elapsed": 1.969292, "delta": 0.150998}}
{"target": -38.16598640500255, "params": {"C": 167.95858496475853, "epsilon": 1.0456028732897633, "gamma": 0.010385507724514412}, "datetime": {"datetime": "2021-09-28 12:38:07", "elapsed": 2.099292, "delta": 0.13}}
{"target": -38.741821432712975, "params": {"C": 186.44313691388973, "epsilon": 1.7851779388311744, "gamma": 0.01931277315156833}, "datetime": {"datetime": "2021-09-28 12:38:08", "elapsed": 2.249066, "delta": 0.149774}}
{"target": -37.66284507183696, "params": {"C": 162.55584692632, "epsilon": 1.9195860370103888, "gamma": 0.007594486227366521}, "datetime": {"datetime": "2021-09-28 12:38:08", "elapsed": 2.381065, "delta": 0.131999}}
{"target": -39.244683569478774, "params": {"C": 221.44220178917982, "epsilon": 0.655085242019186, "gamma": 0.029053993392115562}, "datetime": {"datetime": "2021-09-28 12:38:08", "elapsed": 2.531072, "delta": 0.150007}}
{"target": -37.58067456594827, "params": {"C": 154.7275010581174, "epsilon": 2.607794038672715, "gamma": 0.007165445995501169}, "datetime": {"datetime": "2021-09-28 12:38:08", "elapsed": 2.666071, "delta": 0.134999}}
{"target": -40.75374817033811, "params": {"C": 181.5360171973867, "epsilon": 1.2714453026856434, "gamma": 0.08426574912332178}, "datetime": {"datetime": "2021-09-28 12:38:08", "elapsed": 2.876072, "delta": 0.210001}}
{"target": -38.7812518332931, "params": {"C": 174.22390454881022, "epsilon": 1.4945800325573286, "gamma": 0.01964335420395807}, "datetime": {"datetime": "2021-09-28 12:38:08", "elapsed": 3.097066, "delta": 0.220994}}
{"target": -39.12515394748795, "params": {"C": 160.1215044845265, "epsilon": 2.0896234248781353, "gamma": 0.032830116843218134}, "datetime": {"datetime": "2021-09-28 12:38:09", "elapsed": 3.260066, "delta": 0.163}}
{"target": -40.47440253738624, "params": {"C": 180.77398426100152, "epsilon": 1.9535201485429579, "gamma": 0.05900808694300756}, "datetime": {"datetime": "2021-09-28 12:38:09", "elapsed": 3.401064, "delta": 0.140998}}
{"target": -38.8004377721027, "params": {"C": 175.21083219312956, "epsilon": 1.814212246318266, "gamma": 0.02089594167601992}, "datetime": {"datetime": "2021-09-28 12:38:09", "elapsed": 3.555064, "delta": 0.154}}
{"target": -38.12836456962186, "params": {"C": 180.72367288223234, "epsilon": 2.6561723705121745, "gamma": 0.009399525906954347}, "datetime": {"datetime": "2021-09-28 12:38:09", "elapsed": 3.773104, "delta": 0.21804}}
{"target": -38.260996038787404, "params": {"C": 151.17298404436363, "epsilon": 2.7739297345118565, "gamma": 0.013159696202654253}, "datetime": {"datetime": "2021-09-28 12:38:09", "elapsed": 4.029065, "delta": 0.255961}}
{"target": -40.34622514268816, "params": {"C": 160.33064923926844, "epsilon": 2.6948660554966293, "gamma": 0.061866673734637175}, "datetime": {"datetime": "2021-09-28 12:38:10", "elapsed": 4.265962, "delta": 0.236897}}
{"target": -37.49745151402175, "params": {"C": 216.55175720133923, "epsilon": 2.1327357943067535, "gamma": 0.0024587527982806064}, "datetime": {"datetime": "2021-09-28 12:38:10", "elapsed": 4.449959, "delta": 0.183997}}
{"target": -39.1411488329857, "params": {"C": 236.7800807960191, "epsilon": 2.850673809321771, "gamma": 0.026338787893572965}, "datetime": {"datetime": "2021-09-28 12:38:10", "elapsed": 4.648961, "delta": 0.199002}}
{"target": -39.17315060948193, "params": {"C": 217.146053052103, "epsilon": 0.7850309877859607, "gamma": 0.027926951904295186}, "datetime": {"datetime": "2021-09-28 12:38:10", "elapsed": 4.887957, "delta": 0.238996}}
{"target": -41.497965760883496, "params": {"C": 224.43497294498053, "epsilon": 2.084708462547635, "gamma": 0.09411586698372357}, "datetime": {"datetime": "2021-09-28 12:38:10", "elapsed": 5.101958, "delta": 0.214001}}
{"target": -39.018760352451544, "params": {"C": 183.5299962314615, "epsilon": 0.43812491821456806, "gamma": 0.016322497269469008}, "datetime": {"datetime": "2021-09-28 12:38:11", "elapsed": 5.338954, "delta": 0.236996}}
{"target": -40.78882463229358, "params": {"C": 170.53927151770134, "epsilon": 0.2814981325174104, "gamma": 0.06706115878049812}, "datetime": {"datetime": "2021-09-28 12:38:11", "elapsed": 5.532956, "delta": 0.194002}}
{"target": -40.41795246501284, "params": {"C": 202.4576326366972, "epsilon": 2.0253288940903116, "gamma": 0.05426220685743455}, "datetime": {"datetime": "2021-09-28 12:38:11", "elapsed": 5.734961, "delta": 0.202005}}
{"target": -39.29669589257279, "params": {"C": 228.77900849471519, "epsilon": 0.8703209606649133, "gamma": 0.03368010789787945}, "datetime": {"datetime": "2021-09-28 12:38:11", "elapsed": 5.991961, "delta": 0.257}}
{"target": -39.61044519647602, "params": {"C": 215.5845370273073, "epsilon": 0.7730199081377901, "gamma": 0.03892847748762824}, "datetime": {"datetime": "2021-09-28 12:38:12", "elapsed": 6.228958, "delta": 0.236997}}
{"target": -40.61027240017868, "params": {"C": 180.60867376792874, "epsilon": 2.230095862435162, "gamma": 0.07748992803986836}, "datetime": {"datetime": "2021-09-28 12:38:12", "elapsed": 6.520283, "delta": 0.291325}}
{"target": -40.39068759268967, "params": {"C": 210.02789636063474, "epsilon": 2.0313768569886133, "gamma": 0.05296199547593207}, "datetime": {"datetime": "2021-09-28 12:38:12", "elapsed": 6.772281, "delta": 0.251998}}
{"target": -38.07567655900049, "params": {"C": 231.76683873068666, "epsilon": 0.5667126374936095, "gamma": 0.007821505144887872}, "datetime": {"datetime": "2021-09-28 12:38:12", "elapsed": 7.08887, "delta": 0.316589}}
{"target": -40.87275231722025, "params": {"C": 201.8172534439786, "epsilon": 0.15404956761187458, "gamma": 0.06914771985724591}, "datetime": {"datetime": "2021-09-28 12:38:13", "elapsed": 7.359866, "delta": 0.270996}}
{"target": -40.74917524906516, "params": {"C": 166.4987809259163, "epsilon": 0.8900300138411679, "gamma": 0.07179371119003214}, "datetime": {"datetime": "2021-09-28 12:38:13", "elapsed": 7.578867, "delta": 0.219001}}
{"target": -39.06662138021844, "params": {"C": 246.55277175117618, "epsilon": 1.8968558098374024, "gamma": 0.02109799222612541}, "datetime": {"datetime": "2021-09-28 12:38:13", "elapsed": 7.843867, "delta": 0.265}}
{"target": -39.965506222125065, "params": {"C": 230.4298719885653, "epsilon": 1.4978267098612934, "gamma": 0.04159286063554107}, "datetime": {"datetime": "2021-09-28 12:38:13", "elapsed": 8.066871, "delta": 0.223004}}
{"target": -39.1298040360861, "params": {"C": 157.74655635692443, "epsilon": 0.7860821642803935, "gamma": 0.024981608247336567}, "datetime": {"datetime": "2021-09-28 12:38:14", "elapsed": 8.325792, "delta": 0.258921}}
{"target": -42.30651849012801, "params": {"C": 247.90217067214144, "epsilon": 0.6880866401685491, "gamma": 0.09983824147100627}, "datetime": {"datetime": "2021-09-28 12:38:14", "elapsed": 8.563795, "delta": 0.238003}}
{"target": -39.148735651654434, "params": {"C": 151.91792665031588, "epsilon": 2.0403282937921197, "gamma": 0.03434103505224146}, "datetime": {"datetime": "2021-09-28 12:38:14", "elapsed": 8.862798, "delta": 0.299003}}
{"target": -41.257905426445944, "params": {"C": 214.69218673535443, "epsilon": 0.23911990776024972, "gamma": 0.08874946150058549}, "datetime": {"datetime": "2021-09-28 12:38:15", "elapsed": 9.135181, "delta": 0.272383}}
{"target": -40.69876219935518, "params": {"C": 238.56627482350007, "epsilon": 1.5448290085749101, "gamma": 0.0708282401173765}, "datetime": {"datetime": "2021-09-28 12:38:15", "elapsed": 9.396199, "delta": 0.261018}}
{"target": -41.951355131187505, "params": {"C": 232.18986477391314, "epsilon": 2.861399223644007, "gamma": 0.09884034640055858}, "datetime": {"datetime": "2021-09-28 12:38:15", "elapsed": 9.642185, "delta": 0.245986}}
{"target": -41.034295041508784, "params": {"C": 201.60735181969616, "epsilon": 2.1349471643283184, "gamma": 0.08986180097516683}, "datetime": {"datetime": "2021-09-28 12:38:15", "elapsed": 9.973182, "delta": 0.330997}}
{"target": -37.364744443586396, "params": {"C": 249.89601908462464, "epsilon": 0.10479302037077276, "gamma": 0.005083177250402873}, "datetime": {"datetime": "2021-09-28 12:38:16", "elapsed": 10.223178, "delta": 0.249996}}
{"target": -40.6520647564727, "params": {"C": 233.96193331516923, "epsilon": 2.117010242609934, "gamma": 0.06362487597281463}, "datetime": {"datetime": "2021-09-28 12:38:16", "elapsed": 10.51466, "delta": 0.291482}}
{"target": -40.86420865580349, "params": {"C": 241.2436206674966, "epsilon": 0.41898159805352564, "gamma": 0.05792961701015706}, "datetime": {"datetime": "2021-09-28 12:38:16", "elapsed": 10.800659, "delta": 0.285999}}
{"target": -41.48974669134503, "params": {"C": 244.49791712262052, "epsilon": 0.3571942219110591, "gamma": 0.0864647390943452}, "datetime": {"datetime": "2021-09-28 12:38:17", "elapsed": 11.14366, "delta": 0.343001}}
{"target": -39.02968641531233, "params": {"C": 157.47976912884403, "epsilon": 0.12963015692099478, "gamma": 0.02267151942910223}, "datetime": {"datetime": "2021-09-28 12:38:17", "elapsed": 11.434658, "delta": 0.290998}}
{"target": -41.13340808164827, "params": {"C": 247.31992893698668, "epsilon": 0.43031738889370913, "gamma": 0.07968975407552747}, "datetime": {"datetime": "2021-09-28 12:38:17", "elapsed": 11.739664, "delta": 0.305006}}
{"target": -39.989574257981644, "params": {"C": 185.5337729215542, "epsilon": 2.9966279653481855, "gamma": 0.052010072579745964}, "datetime": {"datetime": "2021-09-28 12:38:17", "elapsed": 11.99966, "delta": 0.259996}}
{"target": -38.671725494092215, "params": {"C": 197.19945651852768, "epsilon": 2.4371459261236503, "gamma": 0.01713892583450135}, "datetime": {"datetime": "2021-09-28 12:38:18", "elapsed": 12.333703, "delta": 0.334043}}
{"target": -39.880560383014014, "params": {"C": 238.80154441433393, "epsilon": 1.9140642534327867, "gamma": 0.03998454162088205}, "datetime": {"datetime": "2021-09-28 12:38:18", "elapsed": 12.672693, "delta": 0.33899}}
{"target": -38.64141985408707, "params": {"C": 178.89604929652018, "epsilon": 2.555503133656325, "gamma": 0.016296569387024652}, "datetime": {"datetime": "2021-09-28 12:38:18", "elapsed": 12.949691, "delta": 0.276998}}
{"target": -40.87730275119391, "params": {"C": 217.5127305377054, "epsilon": 0.2647041543857846, "gamma": 0.06604232926176334}, "datetime": {"datetime": "2021-09-28 12:38:19", "elapsed": 13.370699, "delta": 0.421008}}
{"target": -40.67528581990668, "params": {"C": 205.81688240969163, "epsilon": 1.9588346028064192, "gamma": 0.0647648463572865}, "datetime": {"datetime": "2021-09-28 12:38:19", "elapsed": 13.701697, "delta": 0.330998}}
{"target": -39.12015212171554, "params": {"C": 202.68853272158904, "epsilon": 1.7387083663208582, "gamma": 0.02761656170172326}, "datetime": {"datetime": "2021-09-28 12:38:19", "elapsed": 14.043699, "delta": 0.342002}}
{"target": -40.58594562987252, "params": {"C": 172.1815925872092, "epsilon": 0.27419253127035376, "gamma": 0.05815440313615135}, "datetime": {"datetime": "2021-09-28 12:38:20", "elapsed": 14.353512, "delta": 0.309813}}
{"target": -40.636990751794066, "params": {"C": 211.0631063624024, "epsilon": 1.9687152293783519, "gamma": 0.07563044408719374}, "datetime": {"datetime": "2021-09-28 12:38:20", "elapsed": 14.691516, "delta": 0.338004}}
{"target": -39.59421447367461, "params": {"C": 211.19661073827754, "epsilon": 0.8155660710688383, "gamma": 0.03925932740278998}, "datetime": {"datetime": "2021-09-28 12:38:20", "elapsed": 15.082511, "delta": 0.390995}}
{"target": -40.531632207615544, "params": {"C": 158.99784896706745, "epsilon": 2.231376084432659, "gamma": 0.06544978652746868}, "datetime": {"datetime": "2021-09-28 12:38:21", "elapsed": 15.441511, "delta": 0.359}}
{"target": -38.82492691865067, "params": {"C": 214.97260830919788, "epsilon": 2.4800834814755865, "gamma": 0.022481688400744913}, "datetime": {"datetime": "2021-09-28 12:38:21", "elapsed": 15.773513, "delta": 0.332002}}
{"target": -40.789276196103025, "params": {"C": 185.22696703559043, "epsilon": 0.5459844528771801, "gamma": 0.08010981813264903}, "datetime": {"datetime": "2021-09-28 12:38:21", "elapsed": 16.107513, "delta": 0.334}}
{"target": -38.25465368185792, "params": {"C": 227.60426041637953, "epsilon": 2.5271254073921154, "gamma": 0.008619208494965072}, "datetime": {"datetime": "2021-09-28 12:38:22", "elapsed": 16.397195, "delta": 0.289682}}
{"target": -39.180915323616475, "params": {"C": 226.70159705701315, "epsilon": 1.4158674670097497, "gamma": 0.030229033389877195}, "datetime": {"datetime": "2021-09-28 12:38:22", "elapsed": 16.738195, "delta": 0.341}}
{"target": -37.98389431414949, "params": {"C": 172.62426637239457, "epsilon": 1.2113137792135218, "gamma": 0.00846103945637608}, "datetime": {"datetime": "2021-09-28 12:38:22", "elapsed": 17.114198, "delta": 0.376003}}
{"target": -39.45108640090186, "params": {"C": 161.26070415034874, "epsilon": 1.0729768704008404, "gamma": 0.044704078600758514}, "datetime": {"datetime": "2021-09-28 12:38:23", "elapsed": 17.476196, "delta": 0.361998}}
{"target": -41.53891144025782, "params": {"C": 224.9373449277455, "epsilon": 2.6773367360312865, "gamma": 0.09502757299005427}, "datetime": {"datetime": "2021-09-28 12:38:23", "elapsed": 18.053195, "delta": 0.576999}}
{"target": -40.463816322666446, "params": {"C": 162.35378320470377, "epsilon": 1.312857292129212, "gamma": 0.060528938018389995}, "datetime": {"datetime": "2021-09-28 12:38:24", "elapsed": 18.422207, "delta": 0.369012}}
{"target": -39.178052835686074, "params": {"C": 157.65925951294247, "epsilon": 1.434774124710005, "gamma": 0.038730754219693325}, "datetime": {"datetime": "2021-09-28 12:38:24", "elapsed": 18.759211, "delta": 0.337004}}
{"target": -40.84608731309029, "params": {"C": 181.49730176675513, "epsilon": 0.8469460777458394, "gamma": 0.08658959824896065}, "datetime": {"datetime": "2021-09-28 12:38:25", "elapsed": 19.141158, "delta": 0.381947}}
{"target": -41.0525045807325, "params": {"C": 198.1279683941506, "epsilon": 1.6220976471454234, "gamma": 0.0899771145043172}, "datetime": {"datetime": "2021-09-28 12:38:25", "elapsed": 19.731156, "delta": 0.589998}}
{"target": -40.15345817721024, "params": {"C": 201.57824125144015, "epsilon": 0.41682191923315226, "gamma": 0.04621826215047534}, "datetime": {"datetime": "2021-09-28 12:38:26", "elapsed": 20.202162, "delta": 0.471006}}
{"target": -40.45336721746532, "params": {"C": 246.30459337562417, "epsilon": 1.6137810250154352, "gamma": 0.04880514046782105}, "datetime": {"datetime": "2021-09-28 12:38:26", "elapsed": 20.521595, "delta": 0.319433}}
{"target": -39.7544848669849, "params": {"C": 179.6942914785209, "epsilon": 2.206694261726618, "gamma": 0.04773725698995175}, "datetime": {"datetime": "2021-09-28 12:38:27", "elapsed": 21.192587, "delta": 0.670992}}
{"target": -40.751873303537465, "params": {"C": 223.70439459326212, "epsilon": 1.102984223076161, "gamma": 0.05807644211033986}, "datetime": {"datetime": "2021-09-28 12:38:27", "elapsed": 21.783586, "delta": 0.590999}}
{"target": -40.5028802816068, "params": {"C": 182.3292031283853, "epsilon": 0.5136741417503587, "gamma": 0.05475265748579964}, "datetime": {"datetime": "2021-09-28 12:38:28", "elapsed": 22.148593, "delta": 0.365007}}
{"target": -38.714319010994316, "params": {"C": 160.32321899948138, "epsilon": 2.188919082194781, "gamma": 0.015441210319920368}, "datetime": {"datetime": "2021-09-28 12:38:28", "elapsed": 22.616526, "delta": 0.467933}}
{"target": -41.37616427222371, "params": {"C": 244.51319986750332, "epsilon": 1.0363616657147892, "gamma": 0.08619690987679687}, "datetime": {"datetime": "2021-09-28 12:38:28", "elapsed": 23.017523, "delta": 0.400997}}
{"target": -40.58814425981198, "params": {"C": 211.23520342866664, "epsilon": 1.3659781696146527, "gamma": 0.05533305680830591}, "datetime": {"datetime": "2021-09-28 12:38:29", "elapsed": 23.611522, "delta": 0.593999}}
{"target": -40.11968189799441, "params": {"C": 152.38986983643352, "epsilon": 0.8030884262555791, "gamma": 0.055349732383281426}, "datetime": {"datetime": "2021-09-28 12:38:30", "elapsed": 24.145523, "delta": 0.534001}}
{"target": -40.76954792419949, "params": {"C": 215.39923532130058, "epsilon": 0.07875276925184611, "gamma": 0.05541658530999221}, "datetime": {"datetime": "2021-09-28 12:38:35", "elapsed": 0.0, "delta": 0.0}}
{"target": -39.21978897489329, "params": {"C": 215.29835889274153, "epsilon": 1.2616830384603794, "gamma": 0.03370314727938354}, "datetime": {"datetime": "2021-09-28 12:38:35", "elapsed": 0.063003, "delta": 0.063003}}
{"target": -39.15946458671809, "params": {"C": 180.69729510567637, "epsilon": 1.8581936280856404, "gamma": 0.030665812693777793}, "datetime": {"datetime": "2021-09-28 12:38:35", "elapsed": 0.117001, "delta": 0.053998}}
{"target": -40.313326193269695, "params": {"C": 190.02409126543, "epsilon": 1.8637803644751154, "gamma": 0.05338506733342687}, "datetime": {"datetime": "2021-09-28 12:38:35", "elapsed": 0.175, "delta": 0.057999}}
{"target": -40.68358829765646, "params": {"C": 244.78622707820352, "epsilon": 0.8136258549055587, "gamma": 0.05226653847163428}, "datetime": {"datetime": "2021-09-28 12:38:36", "elapsed": 0.403001, "delta": 0.228001}}
{"target": -40.67398614704597, "params": {"C": 213.0914742384714, "epsilon": 1.364295062537476, "gamma": 0.058135894959693804}, "datetime": {"datetime": "2021-09-28 12:38:36", "elapsed": 0.586115, "delta": 0.183114}}
