{"target": -77.31032978929807, "params": {"C": 5.536605125463992, "epsilon": 1.8479084070783318, "gamma": 0.10534541772687399, "lamda": 0.5579158228066609}, "datetime": {"datetime": "2021-06-28 11:40:02", "elapsed": 919.848116, "delta": 9.834675}}
{"target": -13.09555893312064, "params": {"C": 6.8766017421939445, "epsilon": 3.651837569669474, "gamma": 0.1967802472115932, "lamda": 0.027224796371552853}, "datetime": {"datetime": "2021-06-28 11:40:03", "elapsed": 920.587193, "delta": 0.739077}}
{"target": -12.175377762214442, "params": {"C": 7.14189951610118, "epsilon": 1.8922766869053662, "gamma": 0.1274923892557073, "lamda": 0.058098764258748783}, "datetime": {"datetime": "2021-06-28 11:40:04", "elapsed": 921.389359, "delta": 0.802166}}
{"target": -95.83426103738842, "params": {"C": 5.198634739576402, "epsilon": 2.0638439594289846, "gamma": 0.065957653819339, "lamda": 0.4681321384892868}, "datetime": {"datetime": "2021-06-28 11:40:18", "elapsed": 936.218975, "delta": 14.829616}}
{"target": -95.2596665124236, "params": {"C": 4.668081384790149, "epsilon": 3.803419170006795, "gamma": 0.06883865765680228, "lamda": 0.3342364872933662}, "datetime": {"datetime": "2021-06-28 11:40:34", "elapsed": 951.89421, "delta": 15.675235}}
{"target": -14.002626381439065, "params": {"C": 1.0389289855392605, "epsilon": 8.623806970444681, "gamma": 0.17238937212271266, "lamda": 0.15692547137132382}, "datetime": {"datetime": "2021-06-28 11:40:35", "elapsed": 952.649549, "delta": 0.755339}}
{"target": -12.351888932135187, "params": {"C": 2.076801697871288, "epsilon": 6.3980443205481965, "gamma": 0.02152232771840271, "lamda": 0.5824501531076928}, "datetime": {"datetime": "2021-06-28 11:40:36", "elapsed": 953.503994, "delta": 0.854445}}
{"target": -13.1100851611375, "params": {"C": 1.113845877710172, "epsilon": 3.2105790661412654, "gamma": 0.04164188724903176, "lamda": 0.027686383675913646}, "datetime": {"datetime": "2021-06-28 11:40:36", "elapsed": 954.291704, "delta": 0.78771}}
{"target": -88.52051932412421, "params": {"C": 11.783522618985366, "epsilon": 2.095829269750557, "gamma": 0.05467996480654183, "lamda": 0.39817662237179174}, "datetime": {"datetime": "2021-06-28 11:40:46", "elapsed": 964.194891, "delta": 9.903187}}
{"target": -12.37079631356762, "params": {"C": 3.307674213194985, "epsilon": 1.6163937132761597, "gamma": 0.13371292782056612, "lamda": 0.22430384026059227}, "datetime": {"datetime": "2021-06-28 11:40:47", "elapsed": 964.990143, "delta": 0.795252}}
{"target": -59.512946049451756, "params": {"C": 10.534129840243413, "epsilon": 5.9121193453349985, "gamma": 0.1410572614887039, "lamda": 0.32192248008826446}, "datetime": {"datetime": "2021-06-28 11:40:57", "elapsed": 974.721504, "delta": 9.731361}}
{"target": -73.81753939480538, "params": {"C": 7.683482703107942, "epsilon": 6.903463832808329, "gamma": 0.10715768029458872, "lamda": 0.279819877985965}, "datetime": {"datetime": "2021-06-28 11:41:12", "elapsed": 990.240145, "delta": 15.518641}}
{"target": -84.32040272704818, "params": {"C": 8.352609584800238, "epsilon": 4.074968377820918, "gamma": 0.023748893568960955, "lamda": 0.5574771390731924}, "datetime": {"datetime": "2021-06-28 11:41:22", "elapsed": 999.828389, "delta": 9.588244}}
{"target": -94.61024603610953, "params": {"C": 10.056852360300482, "epsilon": 4.087998897463256, "gamma": 0.04964670867831184, "lamda": 0.5098530377002153}, "datetime": {"datetime": "2021-06-28 11:41:32", "elapsed": 1009.719265, "delta": 9.890876}}
{"target": -85.9046664866467, "params": {"C": 11.949822336007841, "epsilon": 1.3032783228495801, "gamma": 0.08491543127765785, "lamda": 0.31093797012688545}, "datetime": {"datetime": "2021-06-28 11:41:48", "elapsed": 1025.914566, "delta": 16.195301}}
{"target": -93.39507305104178, "params": {"C": 6.035345952062456, "epsilon": 7.8776269047197705, "gamma": 0.0709175712396662, "lamda": 0.5654970208819463}, "datetime": {"datetime": "2021-06-28 11:41:58", "elapsed": 1035.792354, "delta": 9.877788}}
{"target": -75.44082758252667, "params": {"C": 9.25642742229204, "epsilon": 4.194409860146292, "gamma": 0.11045028484266, "lamda": 0.4407885178981485}, "datetime": {"datetime": "2021-06-28 11:42:08", "elapsed": 1045.696827, "delta": 9.904473}}
{"target": -11.588010125851637, "params": {"C": 4.0658014209291755, "epsilon": 3.4200795882365336, "gamma": 0.09006435196618846, "lamda": 0.04394130837358732}, "datetime": {"datetime": "2021-06-28 11:42:09", "elapsed": 1046.535012, "delta": 0.838185}}
{"target": -95.11624921020409, "params": {"C": 3.4596493352562585, "epsilon": 6.29097808213192, "gamma": 0.0622254988408929, "lamda": 0.4115272339716096}, "datetime": {"datetime": "2021-06-28 11:42:19", "elapsed": 1056.400885, "delta": 9.865873}}
{"target": -87.11466384256272, "params": {"C": 9.431230716240064, "epsilon": 5.223094177441806, "gamma": 0.022388286354955253, "lamda": 0.5784906505175605}, "datetime": {"datetime": "2021-06-28 11:42:28", "elapsed": 1066.100078, "delta": 9.699193}}
{"target": -57.82418036060054, "params": {"C": 6.791088591322107, "epsilon": 7.048257697623119, "gamma": 0.15470009697928513, "lamda": 0.4823067991877512}, "datetime": {"datetime": "2021-06-28 11:42:38", "elapsed": 1075.977223, "delta": 9.877145}}
{"target": -12.930732018617311, "params": {"C": 9.097410854197511, "epsilon": 4.036303243264883, "gamma": 0.17995701750935614, "lamda": 0.4486950215992743}, "datetime": {"datetime": "2021-06-28 11:42:39", "elapsed": 1076.799308, "delta": 0.822085}}
{"target": -62.61939658497055, "params": {"C": 5.642460163234905, "epsilon": 2.3875409027148207, "gamma": 0.1496824074132896, "lamda": 0.5610276809153418}, "datetime": {"datetime": "2021-06-28 11:42:45", "elapsed": 1083.158283, "delta": 6.358975}}
{"target": -92.55068319704843, "params": {"C": 10.221339434323774, "epsilon": 7.519871029314461, "gamma": 0.06069254709990514, "lamda": 0.5853588575339961}, "datetime": {"datetime": "2021-06-28 11:42:55", "elapsed": 1092.49194, "delta": 9.333657}}
{"target": -11.886455452240412, "params": {"C": 9.65633683696377, "epsilon": 6.941471030982431, "gamma": 0.11567960810971328, "lamda": 0.12314293959584603}, "datetime": {"datetime": "2021-06-28 11:42:56", "elapsed": 1093.30899, "delta": 0.81705}}
{"target": -89.30135168428943, "params": {"C": 1.0589358098934119, "epsilon": 8.722291330058843, "gamma": 0.06620179361653898, "lamda": 0.43608613791914147}, "datetime": {"datetime": "2021-06-28 11:43:04", "elapsed": 1102.081498, "delta": 8.772508}}
{"target": -12.507971103870904, "params": {"C": 5.890059509766516, "epsilon": 1.5715531870287014, "gamma": 0.14808040758341554, "lamda": 0.2835984418265464}, "datetime": {"datetime": "2021-06-28 11:43:05", "elapsed": 1102.927328, "delta": 0.84583}}
{"target": -78.36050007084773, "params": {"C": 11.572328711693618, "epsilon": 7.889333620685985, "gamma": 0.10473903810376699, "lamda": 0.5991981745703192}, "datetime": {"datetime": "2021-06-28 11:43:15", "elapsed": 1112.560375, "delta": 9.633047}}
{"target": -93.21729200524, "params": {"C": 8.127924603749728, "epsilon": 6.888010322671258, "gamma": 0.0756641699371188, "lamda": 0.5185129704341677}, "datetime": {"datetime": "2021-06-28 11:43:29", "elapsed": 1126.827403, "delta": 14.267028}}
{"target": -78.48748617926326, "params": {"C": 3.201925343137708, "epsilon": 3.9396847832734267, "gamma": 0.10540231091950657, "lamda": 0.4428242193997675}, "datetime": {"datetime": "2021-06-28 11:43:39", "elapsed": 1136.364415, "delta": 9.537012}}
{"target": -82.92759812987956, "params": {"C": 11.922104776087204, "epsilon": 0.2896324795583859, "gamma": 0.1050127066472026, "lamda": 0.46922825700975385}, "datetime": {"datetime": "2021-06-28 11:43:48", "elapsed": 1145.605027, "delta": 9.240612}}
{"target": -11.944139465701404, "params": {"C": 4.868975275613966, "epsilon": 4.176990302378533, "gamma": 0.017754863491255116, "lamda": 0.14096466290748189}, "datetime": {"datetime": "2021-06-28 11:43:49", "elapsed": 1146.439377, "delta": 0.83435}}
{"target": -63.94596553303392, "params": {"C": 10.288101631610479, "epsilon": 6.492866360911303, "gamma": 0.14046145479805774, "lamda": 0.38554863380430887}, "datetime": {"datetime": "2021-06-28 11:43:55", "elapsed": 1152.622239, "delta": 6.182862}}
{"target": -12.2176184246091, "params": {"C": 3.9326030343919376, "epsilon": 1.1585414513331396, "gamma": 0.01980545289299142, "lamda": 0.12814333263380379}, "datetime": {"datetime": "2021-06-28 11:43:56", "elapsed": 1153.472667, "delta": 0.850428}}
{"target": -12.396036359892125, "params": {"C": 3.23391457498429, "epsilon": 0.10330640750779939, "gamma": 0.02240028421537966, "lamda": 0.4139090467314172}, "datetime": {"datetime": "2021-06-28 11:43:56", "elapsed": 1154.297009, "delta": 0.824342}}
{"target": -91.83065976213106, "params": {"C": 10.067112969418675, "epsilon": 3.611631735409324, "gamma": 0.0836529624483413, "lamda": 0.13843398729525594}, "datetime": {"datetime": "2021-06-28 11:44:06", "elapsed": 1163.319454, "delta": 9.022445}}
{"target": -65.17016243942805, "params": {"C": 3.92391500058506, "epsilon": 7.272072221531648, "gamma": 0.12981020605373889, "lamda": 0.4161545454971544}, "datetime": {"datetime": "2021-06-28 11:44:21", "elapsed": 1178.619623, "delta": 15.300169}}
{"target": -85.14705931396776, "params": {"C": 9.490804669103898, "epsilon": 5.33661443711447, "gamma": 0.08998900722740352, "lamda": 0.3596061697568106}, "datetime": {"datetime": "2021-06-28 11:44:32", "elapsed": 1189.462353, "delta": 10.84273}}
{"target": -11.51095921433487, "params": {"C": 7.196368993314499, "epsilon": 8.681608069473238, "gamma": 0.01663000588183654, "lamda": 0.05660886888763967}, "datetime": {"datetime": "2021-06-28 11:44:33", "elapsed": 1190.356694, "delta": 0.894341}}
{"target": -10.891043593348174, "params": {"C": 10.602756078231753, "epsilon": 1.000066842182155, "gamma": 0.033476942324215414, "lamda": 0.42323493048446365}, "datetime": {"datetime": "2021-06-28 11:44:34", "elapsed": 1191.401295, "delta": 1.044601}}
{"target": -88.47973925862232, "params": {"C": 7.4506245970507905, "epsilon": 4.717648059787885, "gamma": 0.03526254129072026, "lamda": 0.5424906328394286}, "datetime": {"datetime": "2021-06-28 11:44:45", "elapsed": 1202.338184, "delta": 10.936889}}
{"target": -94.04293555421077, "params": {"C": 5.251837607057536, "epsilon": 6.647044156570581, "gamma": 0.04950285010216747, "lamda": 0.4611005937353196}, "datetime": {"datetime": "2021-06-28 11:44:54", "elapsed": 1212.051609, "delta": 9.713425}}
{"target": -11.696935037577246, "params": {"C": 11.781976219244923, "epsilon": 4.267393948968965, "gamma": 0.013914571781684633, "lamda": 0.09736921488019033}, "datetime": {"datetime": "2021-06-28 11:44:55", "elapsed": 1212.967604, "delta": 0.915995}}
{"target": -65.7965035637086, "params": {"C": 6.619987038510682, "epsilon": 6.8957777826186994, "gamma": 0.13503068103944127, "lamda": 0.5110376480426532}, "datetime": {"datetime": "2021-06-28 11:45:02", "elapsed": 1219.697821, "delta": 6.730217}}
{"target": -11.245455868054448, "params": {"C": 8.111557060051515, "epsilon": 0.6472756079781106, "gamma": 0.03314997303615182, "lamda": 0.5252765284415489}, "datetime": {"datetime": "2021-06-28 11:45:03", "elapsed": 1220.600697, "delta": 0.902876}}
{"target": -13.174956415496272, "params": {"C": 4.511843948651368, "epsilon": 0.9680072732995865, "gamma": 0.19077323991652065, "lamda": 0.5536240022462329}, "datetime": {"datetime": "2021-06-28 11:45:04", "elapsed": 1221.479243, "delta": 0.878546}}
{"target": -12.255432934248175, "params": {"C": 1.8364439419240124, "epsilon": 6.00646244064975, "gamma": 0.033859699001045504, "lamda": 0.17000884452136472}, "datetime": {"datetime": "2021-06-28 11:45:05", "elapsed": 1222.355897, "delta": 0.876654}}
{"target": -12.556292709088327, "params": {"C": 3.424061385191587, "epsilon": 5.760008135246437, "gamma": 0.1711032905797634, "lamda": 0.1650767912356314}, "datetime": {"datetime": "2021-06-28 11:45:05", "elapsed": 1223.19472, "delta": 0.838823}}
{"target": -12.18061286019497, "params": {"C": 4.100062387613933, "epsilon": 1.0415440772218052, "gamma": 0.12837659931825865, "lamda": 0.045655631506368685}, "datetime": {"datetime": "2021-06-28 11:45:06", "elapsed": 1224.023709, "delta": 0.828989}}
{"target": -11.80425294402149, "params": {"C": 3.856269230852124, "epsilon": 2.3824496367346595, "gamma": 0.03431190248371345, "lamda": 0.0387169101014849}, "datetime": {"datetime": "2021-06-28 11:45:07", "elapsed": 1224.894704, "delta": 0.870995}}
{"target": -12.061224603861453, "params": {"C": 7.3257557023487685, "epsilon": 3.952499770951636, "gamma": 0.12667935450283913, "lamda": 0.3022514192897177}, "datetime": {"datetime": "2021-06-28 11:45:08", "elapsed": 1225.883684, "delta": 0.98898}}
{"target": -12.306234482960214, "params": {"C": 9.512264340641275, "epsilon": 1.0658925896731624, "gamma": 0.12049474590518605, "lamda": 0.10029609226800706}, "datetime": {"datetime": "2021-06-28 11:45:09", "elapsed": 1226.761799, "delta": 0.878115}}
{"target": -53.35421804979531, "params": {"C": 10.26613282765157, "epsilon": 8.135742577628433, "gamma": 0.196591659352961, "lamda": 0.23963374971597154}, "datetime": {"datetime": "2021-06-28 11:45:18", "elapsed": 1236.045047, "delta": 9.283248}}
{"target": -13.202900552943115, "params": {"C": 11.069343346236845, "epsilon": 2.3655278709895593, "gamma": 0.19246014185647078, "lamda": 0.23342432810855096}, "datetime": {"datetime": "2021-06-28 11:45:19", "elapsed": 1236.991787, "delta": 0.94674}}
{"target": -12.321072461904983, "params": {"C": 4.524193121114614, "epsilon": 6.683755578461675, "gamma": 0.011260083169761237, "lamda": 0.056088264493559005}, "datetime": {"datetime": "2021-06-28 11:45:20", "elapsed": 1237.927938, "delta": 0.936151}}
{"target": -61.73110350309341, "params": {"C": 6.237327231585435, "epsilon": 7.383975472039021, "gamma": 0.157788376230557, "lamda": 0.3342804573886616}, "datetime": {"datetime": "2021-06-28 11:45:30", "elapsed": 1247.714053, "delta": 9.786115}}
{"target": -13.121992900702514, "params": {"C": 5.407098027004212, "epsilon": 1.1905002832769087, "gamma": 0.1979356695465022, "lamda": 0.3187541708545187}, "datetime": {"datetime": "2021-06-28 11:45:31", "elapsed": 1248.592226, "delta": 0.878173}}
{"target": -13.02187367815934, "params": {"C": 9.254744376330812, "epsilon": 1.0866880306859101, "gamma": 0.1742534648094543, "lamda": 0.32423293705136497}, "datetime": {"datetime": "2021-06-28 11:45:32", "elapsed": 1249.615219, "delta": 1.022993}}
{"target": -79.98376690767444, "params": {"C": 3.0570066440134234, "epsilon": 4.864095776572465, "gamma": 0.1101153232010868, "lamda": 0.43586011254969026}, "datetime": {"datetime": "2021-06-28 11:45:41", "elapsed": 1258.942805, "delta": 9.327586}}
{"target": -13.11453028428905, "params": {"C": 5.718281217857498, "epsilon": 1.1960427156421665, "gamma": 0.19646119519439748, "lamda": 0.5760220171717925}, "datetime": {"datetime": "2021-06-28 11:45:42", "elapsed": 1259.840715, "delta": 0.89791}}
{"target": -12.303900093032949, "params": {"C": 1.5394069901442766, "epsilon": 7.000253307880857, "gamma": 0.10506105753502042, "lamda": 0.05309980916737841}, "datetime": {"datetime": "2021-06-28 11:45:43", "elapsed": 1260.736166, "delta": 0.895451}}
{"target": -75.75828898000957, "params": {"C": 5.390605644715462, "epsilon": 9.888819582697803, "gamma": 0.015762883350082538, "lamda": 0.17199541241271263}, "datetime": {"datetime": "2021-06-28 11:45:50", "elapsed": 1267.593334, "delta": 6.857168}}
{"target": -12.845500790909977, "params": {"C": 9.699699812761688, "epsilon": 0.19973854122651044, "gamma": 0.14600813634954787, "lamda": 0.410970540347343}, "datetime": {"datetime": "2021-06-28 11:45:51", "elapsed": 1268.697332, "delta": 1.103998}}
{"target": -95.55124989985572, "params": {"C": 4.722835851124168, "epsilon": 5.2494932093437825, "gamma": 0.0634346008206847, "lamda": 0.44368420357349914}, "datetime": {"datetime": "2021-06-28 11:46:00", "elapsed": 1277.633638, "delta": 8.936306}}
{"target": -12.641013224103997, "params": {"C": 3.6057948819679018, "epsilon": 3.1075577515928896, "gamma": 0.1670064731091331, "lamda": 0.42825579568834543}, "datetime": {"datetime": "2021-06-28 11:46:01", "elapsed": 1278.540637, "delta": 0.906999}}
{"target": -13.167501600607476, "params": {"C": 4.977919830529867, "epsilon": 1.2647389270945002, "gamma": 0.19833245426825216, "lamda": 0.031174983684890828}, "datetime": {"datetime": "2021-06-28 11:46:02", "elapsed": 1279.502087, "delta": 0.96145}}
{"target": -93.19870642990196, "params": {"C": 7.418238063432335, "epsilon": 1.7481886343883488, "gamma": 0.04980283255567174, "lamda": 0.5177934358969972}, "datetime": {"datetime": "2021-06-28 11:46:09", "elapsed": 1286.693788, "delta": 7.191701}}
{"target": -51.781876564451004, "params": {"C": 4.092018830824019, "epsilon": 8.713423473183614, "gamma": 0.19932307041202105, "lamda": 0.3631807126204861}, "datetime": {"datetime": "2021-06-28 11:46:18", "elapsed": 1295.975744, "delta": 9.281956}}
{"target": -92.3640789143795, "params": {"C": 7.575690298488964, "epsilon": 9.048110588463253, "gamma": 0.053385199204742835, "lamda": 0.07826699798790239}, "datetime": {"datetime": "2021-06-28 11:46:28", "elapsed": 1305.332922, "delta": 9.357178}}
{"target": -11.58980476248966, "params": {"C": 3.056421924506724, "epsilon": 4.118598816158609, "gamma": 0.052027403912216406, "lamda": 0.27629748399324616}, "datetime": {"datetime": "2021-06-28 11:46:28", "elapsed": 1306.255965, "delta": 0.923043}}
{"target": -12.39037783549128, "params": {"C": 5.240285799193065, "epsilon": 4.591177236641564, "gamma": 0.15877208222022443, "lamda": 0.1447695769891507}, "datetime": {"datetime": "2021-06-28 11:46:29", "elapsed": 1307.22772, "delta": 0.971755}}
{"target": -12.365435043610818, "params": {"C": 2.3307127780059704, "epsilon": 1.2109850410476688, "gamma": 0.11098689065770373, "lamda": 0.037975960888889215}, "datetime": {"datetime": "2021-06-28 11:46:30", "elapsed": 1308.197758, "delta": 0.970038}}
{"target": -12.86180496147573, "params": {"C": 1.6164786816293, "epsilon": 5.011934468427288, "gamma": 0.1393525011061346, "lamda": 0.35190304795133276}, "datetime": {"datetime": "2021-06-28 11:46:31", "elapsed": 1309.125372, "delta": 0.927614}}
{"target": -89.7498881663429, "params": {"C": 6.349663540215389, "epsilon": 4.833017484113542, "gamma": 0.026260990336046813, "lamda": 0.5265183478111405}, "datetime": {"datetime": "2021-06-28 11:46:41", "elapsed": 1318.57242, "delta": 9.447048}}
{"target": -75.3875101663522, "params": {"C": 8.181236955262097, "epsilon": 9.001315634523891, "gamma": 0.11978736167926236, "lamda": 0.2727833079911756}, "datetime": {"datetime": "2021-06-28 11:46:48", "elapsed": 1325.31783, "delta": 6.74541}}
{"target": -12.378845734578455, "params": {"C": 2.1633069076035016, "epsilon": 8.103375028144356, "gamma": 0.1482831558232163, "lamda": 0.01459028837567788}, "datetime": {"datetime": "2021-06-28 11:46:48", "elapsed": 1326.244885, "delta": 0.927055}}
{"target": -13.20250950084644, "params": {"C": 3.485794085628631, "epsilon": 1.010973306686869, "gamma": 0.19108555049834133, "lamda": 0.14472040298268835}, "datetime": {"datetime": "2021-06-28 11:46:49", "elapsed": 1327.159907, "delta": 0.915022}}
{"target": -12.21718752739522, "params": {"C": 4.26422393216243, "epsilon": 5.269693923161795, "gamma": 0.1532213779390247, "lamda": 0.2621114058178888}, "datetime": {"datetime": "2021-06-28 11:46:50", "elapsed": 1328.150189, "delta": 0.990282}}
{"target": -89.86016503071971, "params": {"C": 10.995077052226504, "epsilon": 7.83170380480222, "gamma": 0.0691812079851191, "lamda": 0.126615962630329}, "datetime": {"datetime": "2021-06-28 11:47:00", "elapsed": 1338.04434, "delta": 9.894151}}
{"target": -53.050666857677534, "params": {"C": 11.255542988315108, "epsilon": 2.9104990281632146, "gamma": 0.17231406296573806, "lamda": 0.5267568601430199}, "datetime": {"datetime": "2021-06-28 11:47:10", "elapsed": 1347.959843, "delta": 9.915503}}
{"target": -60.37148044287189, "params": {"C": 7.661357993903401, "epsilon": 6.035749499008663, "gamma": 0.1586289387582085, "lamda": 0.5919368878075522}, "datetime": {"datetime": "2021-06-28 11:47:26", "elapsed": 1364.241814, "delta": 16.281971}}
{"target": -13.50381256903075, "params": {"C": 1.6985523496725259, "epsilon": 0.23940195707314543, "gamma": 0.1527139652414637, "lamda": 0.31944325128944007}, "datetime": {"datetime": "2021-06-28 11:47:28", "elapsed": 1365.361817, "delta": 1.120003}}
{"target": -92.34567772938888, "params": {"C": 8.913167974408974, "epsilon": 2.7906302134158834, "gamma": 0.08347597176325094, "lamda": 0.530099103096386}, "datetime": {"datetime": "2021-06-28 11:47:44", "elapsed": 1381.773321, "delta": 16.411504}}
{"target": -12.494792100937362, "params": {"C": 1.8483992578907285, "epsilon": 1.669430869780709, "gamma": 0.04534445408400069, "lamda": 0.22742805477561912}, "datetime": {"datetime": "2021-06-28 11:47:45", "elapsed": 1382.704187, "delta": 0.930866}}
{"target": -11.99411478891343, "params": {"C": 10.265344973501266, "epsilon": 0.4146852791369203, "gamma": 0.013483243559552193, "lamda": 0.57990993319358}, "datetime": {"datetime": "2021-06-28 11:47:46", "elapsed": 1383.749432, "delta": 1.045245}}
{"target": -60.845254434522765, "params": {"C": 9.89125347241011, "epsilon": 3.0999443004623175, "gamma": 0.16350588512210978, "lamda": 0.5685209603693379}, "datetime": {"datetime": "2021-06-28 11:47:56", "elapsed": 1393.763813, "delta": 10.014381}}
{"target": -11.540493464719548, "params": {"C": 3.567878052594657, "epsilon": 0.6295182377359844, "gamma": 0.0619250282355353, "lamda": 0.07813742728393233}, "datetime": {"datetime": "2021-06-28 11:47:57", "elapsed": 1394.722788, "delta": 0.958975}}
{"target": -12.060286608351568, "params": {"C": 9.420540972363462, "epsilon": 5.809596475782311, "gamma": 0.12039194062423315, "lamda": 0.07392134854311076}, "datetime": {"datetime": "2021-06-28 11:47:58", "elapsed": 1395.686794, "delta": 0.964006}}
