{"target": -48.66069640258291, "params": {"C": 15.005549148530296, "epsilon": 15.638051183014156, "gamma": 0.14415825508770533, "lamda": 0.6186811008452177}, "datetime": {"datetime": "2021-06-28 18:08:49", "elapsed": 605.71761, "delta": 13.581586}}
{"target": -21.092102988488147, "params": {"C": 42.08447744749496, "epsilon": 2.853733252908089, "gamma": 0.5857357812954431, "lamda": 0.16151378194123223}, "datetime": {"datetime": "2021-06-28 18:08:50", "elapsed": 606.826318, "delta": 1.108708}}
{"target": -11.566447051000484, "params": {"C": 15.894620781345932, "epsilon": 12.558641182604825, "gamma": 0.01, "lamda": 0.01}, "datetime": {"datetime": "2021-06-28 18:08:55", "elapsed": 612.379795, "delta": 5.553477}}
{"target": -18.797349610594534, "params": {"C": 19.00348916205158, "epsilon": 2.550549398257276, "gamma": 0.37854648878263786, "lamda": 0.052698531178027135}, "datetime": {"datetime": "2021-06-28 18:08:56", "elapsed": 613.508546, "delta": 1.128751}}
{"target": -21.337067322266133, "params": {"C": 16.156560985990158, "epsilon": 12.635202399506698, "gamma": 0.6636758446851664, "lamda": 0.01}, "datetime": {"datetime": "2021-06-28 18:08:59", "elapsed": 615.874332, "delta": 2.365786}}
{"target": -23.319536037093282, "params": {"C": 46.1653870837578, "epsilon": 14.3136011419763, "gamma": 1.0, "lamda": 0.7042027990854621}, "datetime": {"datetime": "2021-06-28 18:09:02", "elapsed": 618.8872, "delta": 3.012868}}
{"target": -23.602754306092187, "params": {"C": 29.022584631377036, "epsilon": 3.0928793315415417, "gamma": 0.9892437518475642, "lamda": 0.5280790324508026}, "datetime": {"datetime": "2021-06-28 18:09:03", "elapsed": 620.119435, "delta": 1.232235}}
{"target": -17.113172129859063, "params": {"C": 15.181846174818842, "epsilon": 12.828028424952754, "gamma": 0.23866180321923589, "lamda": 0.0917072118541585}, "datetime": {"datetime": "2021-06-28 18:09:06", "elapsed": 622.770777, "delta": 2.651342}}
{"target": -20.755004835511095, "params": {"C": 15.269444869510664, "epsilon": 12.247371076879373, "gamma": 0.5727370947616098, "lamda": 0.7495629220978383}, "datetime": {"datetime": "2021-06-28 18:09:09", "elapsed": 625.856899, "delta": 3.086122}}
{"target": -22.648598294282408, "params": {"C": 15.06247911658489, "epsilon": 12.356992196907886, "gamma": 0.8774900430083425, "lamda": 0.024392244182530005}, "datetime": {"datetime": "2021-06-28 18:09:12", "elapsed": 628.734638, "delta": 2.877739}}
{"target": -16.900618798036074, "params": {"C": 24.776991457254443, "epsilon": 5.714672523938494, "gamma": 0.20713097369129788, "lamda": 0.017768701595105883}, "datetime": {"datetime": "2021-06-28 18:09:15", "elapsed": 632.413535, "delta": 3.678897}}
{"target": -22.737321550172034, "params": {"C": 24.55392834688155, "epsilon": 5.228768178532908, "gamma": 0.8552453205183997, "lamda": 0.17248921411094364}, "datetime": {"datetime": "2021-06-28 18:09:19", "elapsed": 636.45412, "delta": 4.040585}}
{"target": -57.55910108299334, "params": {"C": 24.36689149331581, "epsilon": 5.879629511130111, "gamma": 0.11910309930757919, "lamda": 0.6691805545193371}, "datetime": {"datetime": "2021-06-28 18:09:29", "elapsed": 646.264169, "delta": 9.810049}}
{"target": -36.42400245549601, "params": {"C": 26.845386799031445, "epsilon": 10.882865755306248, "gamma": 0.2884223937498834, "lamda": 0.7377073924368884}, "datetime": {"datetime": "2021-06-28 18:09:57", "elapsed": 674.355039, "delta": 28.09087}}
{"target": -13.29417002294791, "params": {"C": 24.651089122606756, "epsilon": 4.593654897945516, "gamma": 0.10262670872510271, "lamda": 0.17725286642788593}, "datetime": {"datetime": "2021-06-28 18:10:03", "elapsed": 679.561817, "delta": 5.206778}}
{"target": -13.13727696037326, "params": {"C": 25.217867248234004, "epsilon": 4.9922340120214574, "gamma": 0.10201700713780064, "lamda": 0.05808087026548508}, "datetime": {"datetime": "2021-06-28 18:10:05", "elapsed": 681.957205, "delta": 2.395388}}
{"target": -18.572747459104104, "params": {"C": 25.229350872547162, "epsilon": 3.93740623495093, "gamma": 0.3537764314405168, "lamda": 0.24636389403614098}, "datetime": {"datetime": "2021-06-28 18:10:08", "elapsed": 684.855268, "delta": 2.898063}}
{"target": -23.214611059734473, "params": {"C": 24.83824173444006, "epsilon": 17.530812726311986, "gamma": 0.9964728405678991, "lamda": 0.6026252635496293}, "datetime": {"datetime": "2021-06-28 18:10:09", "elapsed": 686.118664, "delta": 1.263396}}
{"target": -22.45717483558803, "params": {"C": 25.09570488836296, "epsilon": 4.6223164788673445, "gamma": 0.808831377792663, "lamda": 0.06330591355733743}, "datetime": {"datetime": "2021-06-28 18:10:12", "elapsed": 688.591972, "delta": 2.473308}}
{"target": -20.236009472134462, "params": {"C": 24.40674857529795, "epsilon": 3.802519442515041, "gamma": 0.5006180311798234, "lamda": 0.01}, "datetime": {"datetime": "2021-06-28 18:10:15", "elapsed": 691.673949, "delta": 3.081977}}
{"target": -17.764481513360664, "params": {"C": 17.15660877447894, "epsilon": 16.991644656458163, "gamma": 0.2956412243450113, "lamda": 0.02809310513050394}, "datetime": {"datetime": "2021-06-28 18:10:18", "elapsed": 694.80357, "delta": 3.129621}}
{"target": -23.1612789561723, "params": {"C": 34.23884495990636, "epsilon": 3.8095292885796255, "gamma": 0.921282742579866, "lamda": 0.3848637428458251}, "datetime": {"datetime": "2021-06-28 18:10:19", "elapsed": 696.07878, "delta": 1.27521}}
{"target": -23.462576134485822, "params": {"C": 21.251085002699188, "epsilon": 9.180554945824282, "gamma": 1.0, "lamda": 0.01}, "datetime": {"datetime": "2021-06-28 18:10:23", "elapsed": 700.304092, "delta": 4.225312}}
{"target": -18.05104325794646, "params": {"C": 24.77565867157538, "epsilon": 4.3732134714989, "gamma": 0.3016349565238077, "lamda": 0.9204286924784756}, "datetime": {"datetime": "2021-06-28 18:10:27", "elapsed": 703.714294, "delta": 3.410202}}
{"target": -19.793912989457617, "params": {"C": 25.168366532940986, "epsilon": 3.90461169338301, "gamma": 0.4453165206270077, "lamda": 0.22496092808264023}, "datetime": {"datetime": "2021-06-28 18:10:28", "elapsed": 705.23539, "delta": 1.521096}}
{"target": -21.625321851382832, "params": {"C": 18.701431069647505, "epsilon": 16.360012680277045, "gamma": 0.7305280224472849, "lamda": 0.017702348291391695}, "datetime": {"datetime": "2021-06-28 18:10:29", "elapsed": 706.225803, "delta": 0.990413}}
{"target": -55.696613063618415, "params": {"C": 15.768341241200872, "epsilon": 13.435850033020001, "gamma": 0.12594827697495578, "lamda": 0.04787557931902649}, "datetime": {"datetime": "2021-06-28 18:10:36", "elapsed": 713.366721, "delta": 7.140918}}
{"target": -49.48819005473018, "params": {"C": 25.67079442791441, "epsilon": 4.690556092290439, "gamma": 0.14506765894026855, "lamda": 0.5643664384733366}, "datetime": {"datetime": "2021-06-28 18:11:05", "elapsed": 742.218586, "delta": 28.851865}}
{"target": -47.87258021375311, "params": {"C": 24.51008195279566, "epsilon": 3.539889714230107, "gamma": 0.1630502142709632, "lamda": 0.790845726293991}, "datetime": {"datetime": "2021-06-28 18:11:24", "elapsed": 761.447417, "delta": 19.228831}}
{"target": -22.708285556150205, "params": {"C": 47.63127314463898, "epsilon": 6.393887023747583, "gamma": 0.8557416965056878, "lamda": 0.8771004941382876}, "datetime": {"datetime": "2021-06-28 18:11:26", "elapsed": 762.969868, "delta": 1.522451}}
{"target": -14.145462270123996, "params": {"C": 15.329850016024196, "epsilon": 12.109571226700186, "gamma": 0.14222502459701267, "lamda": 0.016050632983017617}, "datetime": {"datetime": "2021-06-28 18:11:29", "elapsed": 766.071133, "delta": 3.101265}}
{"target": -22.183779118146802, "params": {"C": 17.222666567139854, "epsilon": 1.2675391095343196, "gamma": 0.7536148715213107, "lamda": 0.5292352860619418}, "datetime": {"datetime": "2021-06-28 18:11:31", "elapsed": 768.129069, "delta": 2.057936}}
{"target": -37.201297340191495, "params": {"C": 40.17826173675583, "epsilon": 6.1638357631213925, "gamma": 0.39284848445062337, "lamda": 0.8827086645176646}, "datetime": {"datetime": "2021-06-28 18:11:50", "elapsed": 786.970259, "delta": 18.84119}}
{"target": -11.100673660802043, "params": {"C": 21.073950105250876, "epsilon": 11.605270358299043, "gamma": 0.01, "lamda": 0.01}, "datetime": {"datetime": "2021-06-28 18:11:54", "elapsed": 791.147356, "delta": 4.177097}}
{"target": -22.034835358927065, "params": {"C": 21.146257271919577, "epsilon": 11.5748061920535, "gamma": 0.7738776569425793, "lamda": 0.01}, "datetime": {"datetime": "2021-06-28 18:11:57", "elapsed": 794.31431, "delta": 3.166954}}
{"target": -98.05110708095451, "params": {"C": 15.057158565468391, "epsilon": 11.447232150336323, "gamma": 0.03732324578609789, "lamda": 0.6808535504850691}, "datetime": {"datetime": "2021-06-28 18:12:26", "elapsed": 823.299261, "delta": 28.984951}}
{"target": -17.73218233650501, "params": {"C": 23.170521076437545, "epsilon": 2.0162471229276466, "gamma": 0.28055672606936816, "lamda": 0.12433229323914069}, "datetime": {"datetime": "2021-06-28 18:12:28", "elapsed": 824.80069, "delta": 1.501429}}
{"target": -23.081839945039494, "params": {"C": 47.081682333871385, "epsilon": 13.098302290933063, "gamma": 0.9543807263323935, "lamda": 0.8816034809297189}, "datetime": {"datetime": "2021-06-28 18:12:33", "elapsed": 829.558592, "delta": 4.757902}}
{"target": -41.074095122597036, "params": {"C": 26.95679077235821, "epsilon": 13.565776756992909, "gamma": 0.23108301842273912, "lamda": 0.14073928923076579}, "datetime": {"datetime": "2021-06-28 18:13:02", "elapsed": 858.915834, "delta": 29.357242}}
{"target": -21.961035593279675, "params": {"C": 38.60188342325297, "epsilon": 5.4570098180795155, "gamma": 0.7397029840092659, "lamda": 0.43363521849062814}, "datetime": {"datetime": "2021-06-28 18:13:04", "elapsed": 860.532982, "delta": 1.617148}}
{"target": -20.462794720422036, "params": {"C": 24.981372950177718, "epsilon": 9.596728582173755, "gamma": 0.531774125756443, "lamda": 0.9499321395398952}, "datetime": {"datetime": "2021-06-28 18:13:05", "elapsed": 861.886404, "delta": 1.353422}}
{"target": -23.59728378480152, "params": {"C": 23.36679468353301, "epsilon": 2.281722451634372, "gamma": 0.9804877559226874, "lamda": 0.4003037895504237}, "datetime": {"datetime": "2021-06-28 18:13:07", "elapsed": 863.889117, "delta": 2.002713}}
{"target": -83.25973226682213, "params": {"C": 20.73035718796801, "epsilon": 11.4956390182995, "gamma": 0.01, "lamda": 0.6055756386748863}, "datetime": {"datetime": "2021-06-28 18:13:20", "elapsed": 876.544456, "delta": 12.655339}}
{"target": -77.89611535780615, "params": {"C": 37.801399078740616, "epsilon": 4.082351207455998, "gamma": 0.06906707801797864, "lamda": 0.5020256666021656}, "datetime": {"datetime": "2021-06-28 18:13:34", "elapsed": 891.075781, "delta": 14.531325}}
{"target": -21.612587077764818, "params": {"C": 24.14369136481438, "epsilon": 4.557092911138026, "gamma": 0.6772764022340291, "lamda": 0.48803567850786184}, "datetime": {"datetime": "2021-06-28 18:13:37", "elapsed": 893.937945, "delta": 2.862164}}
{"target": -16.925317603673168, "params": {"C": 21.83670974142751, "epsilon": 11.813643536643355, "gamma": 0.2213170149398802, "lamda": 0.014047013951694384}, "datetime": {"datetime": "2021-06-28 18:13:39", "elapsed": 896.321473, "delta": 2.383528}}
{"target": -21.01346454325631, "params": {"C": 20.37038400441239, "epsilon": 12.081295305157893, "gamma": 0.5972834991643245, "lamda": 0.02311687063182531}, "datetime": {"datetime": "2021-06-28 18:13:41", "elapsed": 898.295074, "delta": 1.973601}}
{"target": -22.69051131951901, "params": {"C": 46.44141957832638, "epsilon": 12.054437898380252, "gamma": 0.8838741457890412, "lamda": 0.707060536419734}, "datetime": {"datetime": "2021-06-28 18:13:43", "elapsed": 900.099555, "delta": 1.804481}}
{"target": -22.76668813115202, "params": {"C": 40.478741976199686, "epsilon": 12.938490243740615, "gamma": 0.9054401678982149, "lamda": 0.8042367284829423}, "datetime": {"datetime": "2021-06-28 18:13:48", "elapsed": 905.112177, "delta": 5.012622}}
{"target": -18.949598396512695, "params": {"C": 24.06663200644175, "epsilon": 1.9490310436862694, "gamma": 0.38184752773766323, "lamda": 0.01954967224629448}, "datetime": {"datetime": "2021-06-28 18:13:51", "elapsed": 907.739716, "delta": 2.627539}}
{"target": -23.405239472924823, "params": {"C": 22.158610885191184, "epsilon": 11.194320319534592, "gamma": 1.0, "lamda": 0.19624485494818467}, "datetime": {"datetime": "2021-06-28 18:13:54", "elapsed": 911.365562, "delta": 3.625846}}
{"target": -23.04399712010746, "params": {"C": 35.75040033006059, "epsilon": 13.513606480655838, "gamma": 0.9451032378544588, "lamda": 0.030161969342583993}, "datetime": {"datetime": "2021-06-28 18:13:56", "elapsed": 912.669083, "delta": 1.303521}}
{"target": -18.005434444859336, "params": {"C": 23.57340215250889, "epsilon": 2.821192829406168, "gamma": 0.2906046293613764, "lamda": 0.11228201691081299}, "datetime": {"datetime": "2021-06-28 18:13:59", "elapsed": 916.158103, "delta": 3.48902}}
{"target": -23.47649654269144, "params": {"C": 23.574797924727463, "epsilon": 3.4288578334632374, "gamma": 0.9707597651940674, "lamda": 0.06542716200568542}, "datetime": {"datetime": "2021-06-28 18:14:02", "elapsed": 919.33729, "delta": 3.179187}}
{"target": -88.9966348037286, "params": {"C": 22.72026545658973, "epsilon": 2.6725371346436435, "gamma": 0.05838171186917097, "lamda": 0.20276767407566548}, "datetime": {"datetime": "2021-06-28 18:14:19", "elapsed": 936.014729, "delta": 16.677439}}
{"target": -39.94968698066669, "params": {"C": 21.17281957367899, "epsilon": 14.053177836128556, "gamma": 0.22373219881076498, "lamda": 0.7554544490126784}, "datetime": {"datetime": "2021-06-28 18:14:34", "elapsed": 951.438469, "delta": 15.42374}}
{"target": -21.806136695367048, "params": {"C": 23.3577618253602, "epsilon": 1.354132470771357, "gamma": 0.6963825701551207, "lamda": 0.09002004315767173}, "datetime": {"datetime": "2021-06-28 18:14:40", "elapsed": 957.246791, "delta": 5.808322}}
{"target": -17.598112653450606, "params": {"C": 23.692649726360816, "epsilon": 1.8558173703781937, "gamma": 0.25383913843229505, "lamda": 0.6799109982043019}, "datetime": {"datetime": "2021-06-28 18:14:43", "elapsed": 960.367423, "delta": 3.120632}}
{"target": -23.380740915756697, "params": {"C": 24.185498215377525, "epsilon": 2.730021696198751, "gamma": 0.9488885989016992, "lamda": 0.1891087194586918}, "datetime": {"datetime": "2021-06-28 18:14:47", "elapsed": 964.429406, "delta": 4.061983}}
{"target": -22.677038285462174, "params": {"C": 37.55191338702629, "epsilon": 2.4749324297817656, "gamma": 0.8320460402362954, "lamda": 0.6685530716188453}, "datetime": {"datetime": "2021-06-28 18:14:50", "elapsed": 966.922963, "delta": 2.493557}}
{"target": -22.042086535712098, "params": {"C": 23.895388447265212, "epsilon": 4.53194232000018, "gamma": 0.7472187790215213, "lamda": 0.6993613813004189}, "datetime": {"datetime": "2021-06-28 18:14:51", "elapsed": 967.944831, "delta": 1.021868}}
{"target": -63.974685549372836, "params": {"C": 18.03377902706613, "epsilon": 15.624947094013702, "gamma": 0.1028773023443372, "lamda": 0.46223027524846577}, "datetime": {"datetime": "2021-06-28 18:14:59", "elapsed": 976.166839, "delta": 8.222008}}
{"target": -23.36901433461956, "params": {"C": 44.9316216446877, "epsilon": 12.512778303170652, "gamma": 1.0, "lamda": 1.0}, "datetime": {"datetime": "2021-06-28 18:15:02", "elapsed": 978.77263, "delta": 2.605791}}
{"target": -22.7528516198652, "params": {"C": 24.30448648942577, "epsilon": 9.29793966917173, "gamma": 0.8813065896051959, "lamda": 0.48958885680513575}, "datetime": {"datetime": "2021-06-28 18:15:05", "elapsed": 981.808659, "delta": 3.036029}}
{"target": -20.929727833613722, "params": {"C": 25.192671412586574, "epsilon": 9.255163757296021, "gamma": 0.5840393158366686, "lamda": 0.09761069698583638}, "datetime": {"datetime": "2021-06-28 18:15:08", "elapsed": 985.282108, "delta": 3.473449}}
{"target": -64.31099703198538, "params": {"C": 25.13995732943715, "epsilon": 8.661911751741346, "gamma": 0.11083217749297432, "lamda": 0.7673777409670245}, "datetime": {"datetime": "2021-06-28 18:15:26", "elapsed": 1003.237898, "delta": 17.95579}}
{"target": -22.10761034618031, "params": {"C": 24.994947027970568, "epsilon": 10.079017405493495, "gamma": 0.7781399070213373, "lamda": 0.28592486181036353}, "datetime": {"datetime": "2021-06-28 18:15:29", "elapsed": 1005.738429, "delta": 2.500531}}
{"target": -11.942049044722545, "params": {"C": 30.230599411623956, "epsilon": 1.1083648429768285, "gamma": 0.01, "lamda": 0.01}, "datetime": {"datetime": "2021-06-28 18:15:32", "elapsed": 1009.277327, "delta": 3.538898}}
{"target": -23.239443650784157, "params": {"C": 44.68750605935323, "epsilon": 14.123509517117112, "gamma": 0.9833657967854822, "lamda": 0.8557940493907664}, "datetime": {"datetime": "2021-06-28 18:15:35", "elapsed": 1011.623356, "delta": 2.346029}}
{"target": -23.32617586430874, "params": {"C": 45.0436418255769, "epsilon": 14.071936553247301, "gamma": 1.0, "lamda": 0.01}, "datetime": {"datetime": "2021-06-28 18:15:37", "elapsed": 1014.045206, "delta": 2.42185}}
{"target": -23.270293835083528, "params": {"C": 45.536001234444704, "epsilon": 11.800703444664844, "gamma": 0.9779516381288745, "lamda": 0.5202565802695827}, "datetime": {"datetime": "2021-06-28 18:15:39", "elapsed": 1016.115452, "delta": 2.070246}}
{"target": -21.884616780588786, "params": {"C": 30.617473818310255, "epsilon": 1.0, "gamma": 0.7077758863216658, "lamda": 0.01}, "datetime": {"datetime": "2021-06-28 18:15:45", "elapsed": 1021.888913, "delta": 5.773461}}
{"target": -82.19636901224338, "params": {"C": 15.0, "epsilon": 7.711741327341666, "gamma": 0.01, "lamda": 0.6893654499495021}, "datetime": {"datetime": "2021-06-28 18:15:58", "elapsed": 1034.694073, "delta": 12.80516}}
{"target": -23.68680926454386, "params": {"C": 24.16043599409011, "epsilon": 1.6312072156500312, "gamma": 0.9960642058205249, "lamda": 0.6385366424102773}, "datetime": {"datetime": "2021-06-28 18:16:04", "elapsed": 1041.333532, "delta": 6.639459}}
{"target": -23.29357734502046, "params": {"C": 22.132474861604877, "epsilon": 12.23925257045869, "gamma": 0.9836426463613762, "lamda": 0.01}, "datetime": {"datetime": "2021-06-28 18:16:06", "elapsed": 1043.523023, "delta": 2.189491}}
{"target": -22.53816125455228, "params": {"C": 24.421999591751597, "epsilon": 10.27412153134957, "gamma": 0.8452753817646474, "lamda": 1.0}, "datetime": {"datetime": "2021-06-28 18:16:09", "elapsed": 1045.834333, "delta": 2.31131}}
{"target": -19.33797498035156, "params": {"C": 38.74277779969742, "epsilon": 9.901703975930179, "gamma": 0.390796087456577, "lamda": 0.035425022063576686}, "datetime": {"datetime": "2021-06-28 18:16:10", "elapsed": 1047.222888, "delta": 1.388555}}
{"target": -11.537580541467268, "params": {"C": 17.784081181764392, "epsilon": 9.504169732672713, "gamma": 0.01, "lamda": 0.01}, "datetime": {"datetime": "2021-06-28 18:16:13", "elapsed": 1049.889112, "delta": 2.666224}}
{"target": -12.001801232949108, "params": {"C": 19.74925803157079, "epsilon": 11.649238713476343, "gamma": 0.06750720626461604, "lamda": 0.02364514194273105}, "datetime": {"datetime": "2021-06-28 18:16:17", "elapsed": 1054.213449, "delta": 4.324337}}
{"target": -37.98989597775389, "params": {"C": 48.55299754022737, "epsilon": 15.128094538827119, "gamma": 0.27961963949506174, "lamda": 0.7346121199378773}, "datetime": {"datetime": "2021-06-28 18:16:32", "elapsed": 1068.565462, "delta": 14.352013}}
{"target": -22.229490795924992, "params": {"C": 19.382489771267934, "epsilon": 11.502343765872938, "gamma": 0.8025882546468196, "lamda": 0.05249013911380746}, "datetime": {"datetime": "2021-06-28 18:16:35", "elapsed": 1072.114849, "delta": 3.549387}}
{"target": -23.708662414126657, "params": {"C": 37.14708047565099, "epsilon": 1.808624914439644, "gamma": 1.0, "lamda": 0.298491925200931}, "datetime": {"datetime": "2021-06-28 18:16:37", "elapsed": 1074.290575, "delta": 2.175726}}
{"target": -57.91769847034167, "params": {"C": 19.736508686259395, "epsilon": 12.458981033041363, "gamma": 0.11901704247304487, "lamda": 0.050095901355816826}, "datetime": {"datetime": "2021-06-28 18:16:50", "elapsed": 1086.812183, "delta": 12.521608}}
{"target": -19.828629617332158, "params": {"C": 22.689755017019937, "epsilon": 11.852488572760523, "gamma": 0.46649350441158516, "lamda": 0.5582303042713537}, "datetime": {"datetime": "2021-06-28 18:16:52", "elapsed": 1088.750776, "delta": 1.938593}}
{"target": -34.91054780850455, "params": {"C": 37.98253323946463, "epsilon": 10.110027384774366, "gamma": 0.4069348686454999, "lamda": 0.5350046127367594}, "datetime": {"datetime": "2021-06-28 18:17:02", "elapsed": 1098.742903, "delta": 9.992127}}
{"target": -23.40561909165141, "params": {"C": 22.756487587694537, "epsilon": 11.180503634108113, "gamma": 1.0, "lamda": 1.0}, "datetime": {"datetime": "2021-06-28 18:17:04", "elapsed": 1100.731968, "delta": 1.989065}}
{"target": -11.468765454788416, "params": {"C": 23.587538728128962, "epsilon": 1.510709084975568, "gamma": 0.01, "lamda": 0.01}, "datetime": {"datetime": "2021-06-28 18:17:06", "elapsed": 1102.532064, "delta": 1.800096}}
{"target": -38.62060512210977, "params": {"C": 20.712920036823405, "epsilon": 15.805957354944818, "gamma": 0.25188276394453374, "lamda": 0.47102545306059845}, "datetime": {"datetime": "2021-06-28 18:17:13", "elapsed": 1110.025386, "delta": 7.493322}}
{"target": -100.84417274721396, "params": {"C": 24.328788249686752, "epsilon": 1.251662294774882, "gamma": 0.03537138990164687, "lamda": 0.7203537127934453}, "datetime": {"datetime": "2021-06-28 18:17:22", "elapsed": 1119.126141, "delta": 9.100755}}
{"target": -23.450571238854923, "params": {"C": 15.155960983926503, "epsilon": 6.916018488384287, "gamma": 0.9844523199528789, "lamda": 0.031740606348567076}, "datetime": {"datetime": "2021-06-28 18:17:24", "elapsed": 1121.077714, "delta": 1.951573}}
