{"target": -19.67518048938959, "params": {"C": 3.9287617678293785, "epsilon": 5.736945633383855, "gamma": 0.9060571452716957, "lamda": 1.775762225326723}, "datetime": {"datetime": "2021-06-28 08:29:50", "elapsed": 726.259132, "delta": 0.813257}}
{"target": -17.837481735941648, "params": {"C": 9.411911216002032, "epsilon": 6.269262281849165, "gamma": 0.7635227718254768, "lamda": 1.1513158076204129}, "datetime": {"datetime": "2021-06-28 08:29:51", "elapsed": 727.059258, "delta": 0.800126}}
{"target": -20.760978261089196, "params": {"C": 8.749786122375788, "epsilon": 8.850208808498131, "gamma": 1.1938973012598764, "lamda": 0.26384552113822773}, "datetime": {"datetime": "2021-06-28 08:29:51", "elapsed": 727.827584, "delta": 0.768326}}
{"target": -32.723662491540786, "params": {"C": 6.515132143374754, "epsilon": 6.888010322671258, "gamma": 3.4625529351148256, "lamda": 8.632675266607219}, "datetime": {"datetime": "2021-06-28 08:30:03", "elapsed": 739.013193, "delta": 11.185609}}
{"target": -22.61911118164636, "params": {"C": 8.144357631047312, "epsilon": 9.00314147677522, "gamma": 1.5527595431924137, "lamda": 0.420752676329754}, "datetime": {"datetime": "2021-06-28 08:30:03", "elapsed": 739.902226, "delta": 0.889033}}
{"target": -15.814130879755176, "params": {"C": 3.5776327648453763, "epsilon": 5.724621698616675, "gamma": 0.49683186700412335, "lamda": 0.8381404830373836}, "datetime": {"datetime": "2021-06-28 08:30:05", "elapsed": 741.122607, "delta": 1.220381}}
{"target": -33.108226943208955, "params": {"C": 8.223149974295698, "epsilon": 8.616661280499896, "gamma": 1.2915616279531328, "lamda": 0.5560474172807505}, "datetime": {"datetime": "2021-06-28 08:30:19", "elapsed": 755.717577, "delta": 14.59497}}
{"target": -31.76674590589213, "params": {"C": 8.45929146844943, "epsilon": 6.492866360911303, "gamma": 6.86952596543472, "lamda": 6.401578770614674}, "datetime": {"datetime": "2021-06-28 08:30:20", "elapsed": 756.681012, "delta": 0.963435}}
{"target": -17.592820068462352, "params": {"C": 3.875861855721846, "epsilon": 0.48232143897062585, "gamma": 0.6484420404022193, "lamda": 2.2306097516234047}, "datetime": {"datetime": "2021-06-28 08:30:21", "elapsed": 757.789574, "delta": 1.108562}}
{"target": -38.66560578673139, "params": {"C": 2.110523117485861, "epsilon": 0.10330640750779939, "gamma": 0.6619938911139096, "lamda": 6.877456885832255}, "datetime": {"datetime": "2021-06-28 08:30:34", "elapsed": 770.184559, "delta": 12.394985}}
{"target": -14.831351452094427, "params": {"C": 3.379110779181618, "epsilon": 5.9450494035801205, "gamma": 0.3661643655172071, "lamda": 1.4890032686066945}, "datetime": {"datetime": "2021-06-28 08:30:35", "elapsed": 771.518741, "delta": 1.334182}}
{"target": -31.723334405666435, "params": {"C": 2.731523500526554, "epsilon": 7.272072221531648, "gamma": 6.309494518299218, "lamda": 6.915135593935303}, "datetime": {"datetime": "2021-06-28 08:30:36", "elapsed": 772.646156, "delta": 1.127415}}
{"target": -21.244960289827127, "params": {"C": 8.20146363224202, "epsilon": 9.289236619683631, "gamma": 1.2774825551032194, "lamda": 0.5519282189078114}, "datetime": {"datetime": "2021-06-28 08:30:37", "elapsed": 773.836463, "delta": 1.190307}}
{"target": -21.320765340466128, "params": {"C": 8.428530853108976, "epsilon": 9.270702364010395, "gamma": 1.3036236079084769, "lamda": 0.4564487017946146}, "datetime": {"datetime": "2021-06-28 08:30:38", "elapsed": 774.78742, "delta": 0.950957}}
{"target": -35.732186921497174, "params": {"C": 8.742480470408578, "epsilon": 1.000066842182155, "gamma": 1.244392914836379, "lamda": 7.033942053891848}, "datetime": {"datetime": "2021-06-28 08:30:54", "elapsed": 790.558751, "delta": 15.771331}}
{"target": -34.38633409990718, "params": {"C": 5.9055621373457114, "epsilon": 4.717648059787885, "gamma": 1.3382778289173445, "lamda": 9.035012313746345}, "datetime": {"datetime": "2021-06-28 08:31:07", "elapsed": 803.282301, "delta": 12.72355}}
{"target": -19.05167749820436, "params": {"C": 3.38676595912296, "epsilon": 5.532677856037834, "gamma": 0.8247750219443633, "lamda": 1.1656750385044004}, "datetime": {"datetime": "2021-06-28 08:31:08", "elapsed": 804.228598, "delta": 0.946297}}
{"target": -20.61919889554206, "params": {"C": 8.49410593138182, "epsilon": 8.24202532217154, "gamma": 1.159976664982563, "lamda": 0.3427161480771455}, "datetime": {"datetime": "2021-06-28 08:31:09", "elapsed": 805.076058, "delta": 0.84746}}
{"target": -15.738715881610318, "params": {"C": 4.127574927868661, "epsilon": 5.592406644184287, "gamma": 0.4951981156307076, "lamda": 1.172358946298235}, "datetime": {"datetime": "2021-06-28 08:31:10", "elapsed": 806.103656, "delta": 1.027598}}
{"target": -19.600605163890926, "params": {"C": 8.683849654650434, "epsilon": 9.005584171723312, "gamma": 1.0100246929567458, "lamda": 0.38864857364239336}, "datetime": {"datetime": "2021-06-28 08:31:11", "elapsed": 807.297007, "delta": 1.193351}}
{"target": -15.548041284922522, "params": {"C": 3.4144117244952055, "epsilon": 5.600098871349079, "gamma": 0.46092168758756874, "lamda": 0.8592805548156717}, "datetime": {"datetime": "2021-06-28 08:31:12", "elapsed": 808.340721, "delta": 1.043714}}
{"target": -16.555403785688373, "params": {"C": 3.4204659766162253, "epsilon": 5.912065151097491, "gamma": 0.5746959048449176, "lamda": 1.4922089764100523}, "datetime": {"datetime": "2021-06-28 08:31:13", "elapsed": 809.430249, "delta": 1.089528}}
{"target": -33.044769624408715, "params": {"C": 2.281655246672429, "epsilon": 5.760008135246437, "gamma": 8.480641436272823, "lamda": 2.7021359885300864}, "datetime": {"datetime": "2021-06-28 08:31:14", "elapsed": 810.421764, "delta": 0.991515}}
{"target": -32.56649715722493, "params": {"C": 2.89005614885254, "epsilon": 1.0415440772218052, "gamma": 6.23411698520739, "lamda": 0.6982894100221186}, "datetime": {"datetime": "2021-06-28 08:31:15", "elapsed": 811.240887, "delta": 0.819123}}
{"target": -22.973438736501862, "params": {"C": 2.670642307766912, "epsilon": 2.3824496367346595, "gamma": 1.2882942411173544, "lamda": 0.5818600169571195}, "datetime": {"datetime": "2021-06-28 08:31:16", "elapsed": 812.189762, "delta": 0.948875}}
{"target": -15.321960513421343, "params": {"C": 3.5146762804877976, "epsilon": 5.848529490866394, "gamma": 0.43495271888642734, "lamda": 1.248002222022341}, "datetime": {"datetime": "2021-06-28 08:31:17", "elapsed": 813.325365, "delta": 1.135603}}
{"target": -31.502628066005027, "params": {"C": 7.761037906577147, "epsilon": 1.0658925896731624, "gamma": 5.819697429435835, "lamda": 1.6151378194123223}, "datetime": {"datetime": "2021-06-28 08:31:18", "elapsed": 814.301944, "delta": 0.976579}}
{"target": -34.225461089374306, "params": {"C": 8.68420904489047, "epsilon": 8.15897119323027, "gamma": 1.0396425345369242, "lamda": 0.45851679507347953}, "datetime": {"datetime": "2021-06-28 08:31:31", "elapsed": 827.448517, "delta": 13.146573}}
{"target": -18.616486808622952, "params": {"C": 4.07225131220463, "epsilon": 5.929478911873289, "gamma": 0.7915869908888464, "lamda": 1.8358514011799358}, "datetime": {"datetime": "2021-06-28 08:31:32", "elapsed": 828.558588, "delta": 1.110071}}
{"target": -14.997548159059933, "params": {"C": 3.4554342144601593, "epsilon": 5.880271272039708, "gamma": 0.393933211077969, "lamda": 1.3780455409230272}, "datetime": {"datetime": "2021-06-28 08:31:33", "elapsed": 829.853598, "delta": 1.29501}}
{"target": -32.28024570013203, "params": {"C": 4.813594508426891, "epsilon": 7.383975472039021, "gamma": 7.780557255490864, "lamda": 5.541316149402965}, "datetime": {"datetime": "2021-06-28 08:31:34", "elapsed": 830.852838, "delta": 0.99924}}
{"target": -34.53257986006676, "params": {"C": 4.0663882243037905, "epsilon": 1.1905002832769087, "gamma": 9.891459677734511, "lamda": 5.280790324508025}, "datetime": {"datetime": "2021-06-28 08:31:50", "elapsed": 846.631597, "delta": 15.778759}}
{"target": -17.237207448504932, "params": {"C": 3.9411199495801204, "epsilon": 5.83753937049834, "gamma": 0.6563661898162074, "lamda": 2.045058345770563}, "datetime": {"datetime": "2021-06-28 08:31:52", "elapsed": 847.996291, "delta": 1.364694}}
{"target": -15.275673045007137, "params": {"C": 3.6322899353165066, "epsilon": 5.956484074058326, "gamma": 0.4330327023959227, "lamda": 1.3820799372478574}, "datetime": {"datetime": "2021-06-28 08:31:53", "elapsed": 849.209555, "delta": 1.213264}}
{"target": -34.52775863613468, "params": {"C": 4.346453096071748, "epsilon": 1.1960427156421665, "gamma": 9.813933368379109, "lamda": 9.59765757627245}, "datetime": {"datetime": "2021-06-28 08:32:06", "elapsed": 861.989196, "delta": 12.779641}}
{"target": -15.257301338310953, "params": {"C": 3.8528113477817656, "epsilon": 5.480254979457044, "gamma": 0.4307176489930673, "lamda": 1.0402685870382213}, "datetime": {"datetime": "2021-06-28 08:32:07", "elapsed": 862.968492, "delta": 0.979296}}
{"target": -19.958328808461253, "params": {"C": 9.754702368275618, "epsilon": 6.590650778274692, "gamma": 1.0601489024564699, "lamda": 0.5708535284327638}, "datetime": {"datetime": "2021-06-28 08:32:08", "elapsed": 864.18096, "delta": 1.212468}}
{"target": -16.89893685936889, "params": {"C": 3.7735719914727865, "epsilon": 6.117107021506337, "gamma": 0.626192277787832, "lamda": 1.334394740922835}, "datetime": {"datetime": "2021-06-28 08:32:09", "elapsed": 865.369755, "delta": 1.188795}}
{"target": -33.19100660807127, "params": {"C": 3.4505522660117514, "epsilon": 5.2494932093437825, "gamma": 2.8195350642033685, "lamda": 7.377073924368884}, "datetime": {"datetime": "2021-06-28 08:32:21", "elapsed": 877.177216, "delta": 11.807461}}
{"target": -33.779503838573085, "params": {"C": 2.445215393771112, "epsilon": 3.1075577515928896, "gamma": 8.265235086106525, "lamda": 7.118190470024779}, "datetime": {"datetime": "2021-06-28 08:32:35", "elapsed": 891.819732, "delta": 14.642516}}
{"target": -20.24589222976201, "params": {"C": 8.169476415520199, "epsilon": 9.334058154399454, "gamma": 1.100377029120646, "lamda": 0.5174893548095151}, "datetime": {"datetime": "2021-06-28 08:32:36", "elapsed": 892.668785, "delta": 0.849053}}
{"target": -35.060522995314, "params": {"C": 5.876414257089102, "epsilon": 1.7481886343883488, "gamma": 2.1027910380587405, "lamda": 8.620601720983514}, "datetime": {"datetime": "2021-06-28 08:32:50", "elapsed": 906.379556, "delta": 13.710771}}
{"target": -32.03406772750884, "params": {"C": 2.882816947741617, "epsilon": 8.713423473183614, "gamma": 9.964407754821528, "lamda": 6.026252635496292}, "datetime": {"datetime": "2021-06-28 08:33:03", "elapsed": 919.056241, "delta": 12.676685}}
{"target": -18.45575964785948, "params": {"C": 9.539307825051731, "epsilon": 6.592434029138312, "gamma": 0.8456747171943197, "lamda": 1.0326868764820742}, "datetime": {"datetime": "2021-06-28 08:33:04", "elapsed": 920.40195, "delta": 1.345709}}
{"target": -17.100718577342757, "params": {"C": 3.909546636039687, "epsilon": 6.051596116864309, "gamma": 0.6457950513403401, "lamda": 1.7688362070528565}, "datetime": {"datetime": "2021-06-28 08:33:05", "elapsed": 921.587897, "delta": 1.185947}}
{"target": -16.547441672893157, "params": {"C": 3.475134944181349, "epsilon": 5.559497065535647, "gamma": 0.5745122864324684, "lamda": 0.8400883702234694}, "datetime": {"datetime": "2021-06-28 08:33:07", "elapsed": 923.099748, "delta": 1.511851}}
{"target": -19.089014274108575, "params": {"C": 9.797030771168703, "epsilon": 6.389881464161379, "gamma": 0.9310763688168386, "lamda": 0.4341309467922705}, "datetime": {"datetime": "2021-06-28 08:33:08", "elapsed": 924.313021, "delta": 1.213273}}
{"target": -14.910727650858584, "params": {"C": 3.46422978387633, "epsilon": 5.454846885274373, "gamma": 0.37745606602986076, "lamda": 0.802388317561709}, "datetime": {"datetime": "2021-06-28 08:33:09", "elapsed": 925.373713, "delta": 1.060692}}
{"target": -21.349397582147027, "params": {"C": 4.7343257450947585, "epsilon": 5.79831416266147, "gamma": 1.1958211929755258, "lamda": 1.964267574797815}, "datetime": {"datetime": "2021-06-28 08:33:10", "elapsed": 926.89725, "delta": 1.523537}}
{"target": -14.906976830004727, "params": {"C": 3.8450790707905758, "epsilon": 5.655752244586538, "gamma": 0.39287899428789663, "lamda": 1.4091685881330174}, "datetime": {"datetime": "2021-06-28 08:33:12", "elapsed": 928.027358, "delta": 1.130108}}
{"target": -32.46011130054821, "params": {"C": 1.1469762168431517, "epsilon": 8.103375028144356, "gamma": 7.280782771968057, "lamda": 0.17702348291391695}, "datetime": {"datetime": "2021-06-28 08:33:13", "elapsed": 929.244796, "delta": 1.217438}}
{"target": -20.60515909827255, "params": {"C": 7.780890446650663, "epsilon": 9.41360912029286, "gamma": 1.1530825561876226, "lamda": 0.699466056848678}, "datetime": {"datetime": "2021-06-28 08:33:14", "elapsed": 930.250445, "delta": 1.005649}}
{"target": -22.22031578529516, "params": {"C": 7.767322061297575, "epsilon": 8.767966017840305, "gamma": 1.4611856344730474, "lamda": 0.33823408015563405}, "datetime": {"datetime": "2021-06-28 08:33:15", "elapsed": 931.283141, "delta": 1.032696}}
{"target": -17.86740928402269, "params": {"C": 3.7654869008839165, "epsilon": 5.645068294916484, "gamma": 0.717694272675316, "lamda": 1.6025134755468682}, "datetime": {"datetime": "2021-06-28 08:33:16", "elapsed": 932.591671, "delta": 1.30853}}
{"target": -33.94392648617542, "params": {"C": 9.329988689483597, "epsilon": 2.9104990281632146, "gamma": 8.544302573830121, "lamda": 8.771004941382877}, "datetime": {"datetime": "2021-06-28 08:33:29", "elapsed": 945.107293, "delta": 12.515622}}
{"target": -16.00563931836047, "params": {"C": 3.72960916901775, "epsilon": 5.706812925062727, "gamma": 0.5210965593602207, "lamda": 1.3075960121288168}, "datetime": {"datetime": "2021-06-28 08:33:30", "elapsed": 946.142077, "delta": 1.034784}}
{"target": -34.608485407867015, "params": {"C": 0.7286971147052734, "epsilon": 0.23940195707314543, "gamma": 7.51375006716959, "lamda": 5.292352860619418}, "datetime": {"datetime": "2021-06-28 08:33:31", "elapsed": 947.07853, "delta": 0.936453}}
{"target": -34.0937036909309, "params": {"C": 7.221851176968077, "epsilon": 2.7906302134158834, "gamma": 3.8732892521835627, "lamda": 8.827086645176646}, "datetime": {"datetime": "2021-06-28 08:33:50", "elapsed": 966.613229, "delta": 19.534699}}
{"target": -28.040946808098653, "params": {"C": 0.8635593321016555, "epsilon": 1.669430869780709, "gamma": 1.8683741910482465, "lamda": 3.7483690547095416}, "datetime": {"datetime": "2021-06-28 08:33:52", "elapsed": 968.126435, "delta": 1.513206}}
{"target": -20.25624701242914, "params": {"C": 8.143671582012345, "epsilon": 8.721376605345766, "gamma": 1.0983337289255422, "lamda": 0.4000295989219267}, "datetime": {"datetime": "2021-06-28 08:33:53", "elapsed": 969.682407, "delta": 1.555972}}
{"target": -33.727899790175215, "params": {"C": 8.102128125169099, "epsilon": 3.0999443004623175, "gamma": 8.081177854578298, "lamda": 9.471792385858382}, "datetime": {"datetime": "2021-06-28 08:34:06", "elapsed": 982.198878, "delta": 12.516471}}
{"target": -28.338523604618672, "params": {"C": 2.4110902473351916, "epsilon": 0.6295182377359844, "gamma": 2.7401633266999874, "lamda": 1.2433229323914072}, "datetime": {"datetime": "2021-06-28 08:34:07", "elapsed": 983.198178, "delta": 0.9993}}
{"target": -14.987142683270113, "params": {"C": 3.5805659267265106, "epsilon": 5.850722739593291, "gamma": 0.39850144882631405, "lamda": 1.2943412319830518}, "datetime": {"datetime": "2021-06-28 08:34:08", "elapsed": 984.781897, "delta": 1.583719}}
{"target": -25.80494002952318, "params": {"C": 3.4820636756098944, "epsilon": 6.647431047064726, "gamma": 2.24092864044764, "lamda": 1.407392892307658}, "datetime": {"datetime": "2021-06-28 08:34:10", "elapsed": 985.961125, "delta": 1.179228}}
{"target": -19.592036716781944, "params": {"C": 3.752412789077028, "epsilon": 5.554124948576835, "gamma": 0.8923407402540466, "lamda": 1.578014135003139}, "datetime": {"datetime": "2021-06-28 08:34:11", "elapsed": 987.697016, "delta": 1.735891}}
{"target": -33.35752543900977, "params": {"C": 2.9233026344788406, "epsilon": 4.579348050711588, "gamma": 5.2751752689968345, "lamda": 9.499321395398951}, "datetime": {"datetime": "2021-06-28 08:34:27", "elapsed": 1003.353371, "delta": 15.656355}}
{"target": -19.124016304721376, "params": {"C": 4.009503670859674, "epsilon": 5.859119264530087, "gamma": 0.8427902204199399, "lamda": 1.3917451365721505}, "datetime": {"datetime": "2021-06-28 08:34:28", "elapsed": 1004.488078, "delta": 1.134707}}
{"target": -18.447037227913313, "params": {"C": 3.967744017108145, "epsilon": 0.4637434131211581, "gamma": 0.7332701013087172, "lamda": 2.359580652651755}, "datetime": {"datetime": "2021-06-28 08:34:29", "elapsed": 1005.759251, "delta": 1.271173}}
{"target": -37.36407672925355, "params": {"C": 6.54953859655806, "epsilon": 1.7060672080954942, "gamma": 0.6060405145450571, "lamda": 5.020256666021656}, "datetime": {"datetime": "2021-06-28 08:34:41", "elapsed": 1017.371641, "delta": 11.61239}}
{"target": -33.88700433485087, "params": {"C": 0.4222020129087021, "epsilon": 3.737500468971197, "gamma": 6.540118164596789, "lamda": 8.002654292934736}, "datetime": {"datetime": "2021-06-28 08:34:42", "elapsed": 1018.63897, "delta": 1.267329}}
{"target": -20.156696885519292, "params": {"C": 8.096842361181007, "epsilon": 9.017390649074454, "gamma": 1.0831540192854094, "lamda": 0.3158439226996407}, "datetime": {"datetime": "2021-06-28 08:34:44", "elapsed": 1020.126585, "delta": 1.487615}}
{"target": -23.299689426984756, "params": {"C": 2.696726579464218, "epsilon": 2.428601022793818, "gamma": 1.355347656319324, "lamda": 0.5702828053820189}, "datetime": {"datetime": "2021-06-28 08:34:45", "elapsed": 1021.442927, "delta": 1.316342}}
{"target": -21.88274012414119, "params": {"C": 4.152084849552427, "epsilon": 5.306517695351023, "gamma": 1.2595864968174328, "lamda": 1.7691503299156934}, "datetime": {"datetime": "2021-06-28 08:34:46", "elapsed": 1022.929291, "delta": 1.486364}}
{"target": -20.635538607136443, "params": {"C": 7.882376912295425, "epsilon": 9.39874867800665, "gamma": 1.159208681644532, "lamda": 0.6786715595201389}, "datetime": {"datetime": "2021-06-28 08:34:48", "elapsed": 1024.255367, "delta": 1.326076}}
{"target": -19.731749238172007, "params": {"C": 8.773495201161362, "epsilon": 8.83815944563663, "gamma": 1.0289762925734824, "lamda": 0.3248167795042416}, "datetime": {"datetime": "2021-06-28 08:34:49", "elapsed": 1025.234671, "delta": 0.979304}}
{"target": -13.221950629102478, "params": {"C": 3.5561905171176553, "epsilon": 5.407005508522093, "gamma": 0.21253424570825216, "lamda": 0.7153841414891076}, "datetime": {"datetime": "2021-06-28 08:34:51", "elapsed": 1027.223846, "delta": 1.989175}}
{"target": -22.076376116674552, "params": {"C": 7.898284401644243, "epsilon": 9.074766094133361, "gamma": 1.4383802272014992, "lamda": 0.1850844436473475}, "datetime": {"datetime": "2021-06-28 08:34:52", "elapsed": 1028.915189, "delta": 1.691343}}
{"target": -19.474034425166558, "params": {"C": 9.756728550700974, "epsilon": 6.4591068362027695, "gamma": 0.9824130688554079, "lamda": 0.6400285489828687}, "datetime": {"datetime": "2021-06-28 08:34:54", "elapsed": 1030.131895, "delta": 1.216706}}
{"target": -21.83553019654673, "params": {"C": 3.8103445698436715, "epsilon": 5.595917186969599, "gamma": 1.2417235264803832, "lamda": 1.6710137737734507}, "datetime": {"datetime": "2021-06-28 08:34:55", "elapsed": 1031.614848, "delta": 1.482953}}
{"target": -21.308887914691987, "params": {"C": 8.587081221518758, "epsilon": 8.726596007390585, "gamma": 1.2964621272414816, "lamda": 0.47315947809792613}, "datetime": {"datetime": "2021-06-28 08:34:57", "elapsed": 1033.043171, "delta": 1.428323}}
{"target": -32.89678217369944, "params": {"C": 1.8460261079834854, "epsilon": 6.901392661982774, "gamma": 2.166752187999537, "lamda": 7.554544490126784}, "datetime": {"datetime": "2021-06-28 08:35:14", "elapsed": 1049.974693, "delta": 16.931522}}
{"target": -17.230953299676077, "params": {"C": 3.718065794478843, "epsilon": 5.76453394462349, "gamma": 0.653556394232191, "lamda": 1.9109563416263995}, "datetime": {"datetime": "2021-06-28 08:35:16", "elapsed": 1052.206052, "delta": 2.231359}}
{"target": -18.70741613047758, "params": {"C": 7.537130663739109, "epsilon": 9.383693420297158, "gamma": 0.8629111067130356, "lamda": 0.6766778781083201}, "datetime": {"datetime": "2021-06-28 08:35:17", "elapsed": 1053.357265, "delta": 1.151213}}
{"target": -19.82665907237278, "params": {"C": 8.669534038345633, "epsilon": 8.554862512761886, "gamma": 1.0430716775739401, "lamda": 0.28131853670859647}, "datetime": {"datetime": "2021-06-28 08:35:18", "elapsed": 1054.774125, "delta": 1.41686}}
{"target": -34.682789866974815, "params": {"C": 6.478969786616006, "epsilon": 0.8685174239389201, "gamma": 8.305191860566254, "lamda": 6.6855307161884525}, "datetime": {"datetime": "2021-06-28 08:35:39", "elapsed": 1075.270582, "delta": 20.496457}}
{"target": -33.185718324016065, "params": {"C": 2.616124160797874, "epsilon": 1.9403278404211468, "gamma": 7.44920767921717, "lamda": 6.993613813004189}, "datetime": {"datetime": "2021-06-28 08:35:40", "elapsed": 1076.481975, "delta": 1.211393}}
{"target": -22.237622518351056, "params": {"C": 0.9581260676558486, "epsilon": 7.720367170038718, "gamma": 0.9472164145655846, "lamda": 4.622302752484658}, "datetime": {"datetime": "2021-06-28 08:35:42", "elapsed": 1078.119172, "delta": 1.637197}}
{"target": -15.114133185005056, "params": {"C": 3.568346986037913, "epsilon": 5.8744034974368144, "gamma": 0.41356854941574933, "lamda": 1.120458579679353}, "datetime": {"datetime": "2021-06-28 08:35:44", "elapsed": 1079.941895, "delta": 1.822723}}
{"target": -14.993997306492965, "params": {"C": 3.5744955244623107, "epsilon": 5.767032825048528, "gamma": 0.3984532613309737, "lamda": 1.986197859269294}, "datetime": {"datetime": "2021-06-28 08:35:45", "elapsed": 1080.960823, "delta": 1.018928}}
