{"target": -12.094103848235784, "params": {"C": 7.068029829156472, "epsilon": 7.9209094899830355, "gamma": 0.01, "lamda": 1.0}, "datetime": {"datetime": "2021-06-21 20:06:10", "elapsed": 35.724474, "delta": 0.523602}}
{"target": -12.803153393207989, "params": {"C": 4.2417060381640175, "epsilon": 7.850865246179269, "gamma": 0.01, "lamda": 1.0}, "datetime": {"datetime": "2021-06-21 20:06:10", "elapsed": 36.284975, "delta": 0.560501}}
{"target": -12.142834928898766, "params": {"C": 9.342477821814283, "epsilon": 1.994190387163368, "gamma": 0.01, "lamda": 0.1}, "datetime": {"datetime": "2021-06-21 20:06:11", "elapsed": 36.740754, "delta": 0.455779}}
{"target": -12.271214934272551, "params": {"C": 6.845438368186893, "epsilon": 5.683285236422088, "gamma": 0.01, "lamda": 1.0}, "datetime": {"datetime": "2021-06-21 20:06:11", "elapsed": 37.15365, "delta": 0.412896}}
{"target": -11.617343360061172, "params": {"C": 9.162594954900737, "epsilon": 9.792712936725877, "gamma": 0.01, "lamda": 0.1}, "datetime": {"datetime": "2021-06-21 20:06:12", "elapsed": 37.692211, "delta": 0.538561}}
{"target": -24.437693647475182, "params": {"C": 7.177755872510708, "epsilon": 5.348730429667585, "gamma": 2.0, "lamda": 0.1}, "datetime": {"datetime": "2021-06-21 20:06:12", "elapsed": 38.087153, "delta": 0.394942}}
{"target": -94.43467891433896, "params": {"C": 4.354100553241778, "epsilon": 0.6620668438031524, "gamma": 0.061407753770809814, "lamda": 0.9799583773634426}, "datetime": {"datetime": "2021-06-21 20:06:18", "elapsed": 44.155926, "delta": 6.068773}}
{"target": -16.01355172116568, "params": {"C": 7.477985117466527, "epsilon": 2.826208935560114, "gamma": 0.541216281292133, "lamda": 0.1}, "datetime": {"datetime": "2021-06-21 20:06:19", "elapsed": 44.660582, "delta": 0.504656}}
{"target": -11.334229750880112, "params": {"C": 7.477318219526014, "epsilon": 1.1808840841916501, "gamma": 0.03146903616317982, "lamda": 0.6307453002117914}, "datetime": {"datetime": "2021-06-21 20:06:19", "elapsed": 44.998672, "delta": 0.33809}}
{"target": -19.158754210524783, "params": {"C": 9.556437719702526, "epsilon": 6.334094133390526, "gamma": 0.9218757279900358, "lamda": 0.8338244391517048}, "datetime": {"datetime": "2021-06-21 20:06:19", "elapsed": 45.309841, "delta": 0.311169}}
{"target": -11.67913442183412, "params": {"C": 7.94536692423388, "epsilon": 4.405367568929742, "gamma": 0.10930565608849237, "lamda": 0.12669248180417186}, "datetime": {"datetime": "2021-06-21 20:06:20", "elapsed": 45.684837, "delta": 0.374996}}
{"target": -12.278295882825548, "params": {"C": 3.7997393826109835, "epsilon": 2.743397098118655, "gamma": 0.14087753886463453, "lamda": 0.13019180303022518}, "datetime": {"datetime": "2021-06-21 20:06:20", "elapsed": 46.228386, "delta": 0.543549}}
{"target": -20.11825126043294, "params": {"C": 5.468198284685817, "epsilon": 6.270171487460463, "gamma": 1.001023924160421, "lamda": 0.2644144011404791}, "datetime": {"datetime": "2021-06-21 20:06:21", "elapsed": 46.530577, "delta": 0.302191}}
{"target": -17.21498462492356, "params": {"C": 6.448236510943783, "epsilon": 0.001, "gamma": 0.6262260477727587, "lamda": 1.0}, "datetime": {"datetime": "2021-06-21 20:06:21", "elapsed": 47.064149, "delta": 0.533572}}
{"target": -16.59559069648819, "params": {"C": 8.24451567669935, "epsilon": 8.077827532226015, "gamma": 0.5999450643206724, "lamda": 0.8222778572864631}, "datetime": {"datetime": "2021-06-21 20:06:22", "elapsed": 47.593734, "delta": 0.529585}}
{"target": -11.358805481367304, "params": {"C": 9.05731491520161, "epsilon": 1.1169953167895794, "gamma": 0.026158529254193374, "lamda": 0.9752179718039125}, "datetime": {"datetime": "2021-06-21 20:06:22", "elapsed": 48.003638, "delta": 0.409904}}
{"target": -20.220508355847908, "params": {"C": 8.78314539654156, "epsilon": 1.7854064600110158, "gamma": 1.0582633347445156, "lamda": 0.7278074310614453}, "datetime": {"datetime": "2021-06-21 20:06:23", "elapsed": 48.534219, "delta": 0.530581}}
{"target": -12.109513028514533, "params": {"C": 8.915987539353132, "epsilon": 4.16055957434566, "gamma": 0.01, "lamda": 1.0}, "datetime": {"datetime": "2021-06-21 20:06:23", "elapsed": 49.145586, "delta": 0.611367}}
{"target": -12.049616249886727, "params": {"C": 6.453163004022573, "epsilon": 7.635829968262993, "gamma": 0.01, "lamda": 0.1}, "datetime": {"datetime": "2021-06-21 20:06:24", "elapsed": 49.712069, "delta": 0.566483}}
{"target": -19.783353052377862, "params": {"C": 5.897542294412562, "epsilon": 2.4198995135088066, "gamma": 0.9321718965733887, "lamda": 0.1}, "datetime": {"datetime": "2021-06-21 20:06:24", "elapsed": 50.195777, "delta": 0.483708}}
{"target": -16.990119558361442, "params": {"C": 8.961435229537367, "epsilon": 4.814830453194144, "gamma": 0.6551286962195602, "lamda": 0.1}, "datetime": {"datetime": "2021-06-21 20:06:25", "elapsed": 50.720373, "delta": 0.524596}}
{"target": -18.7506269216194, "params": {"C": 3.073760929930352, "epsilon": 2.0568380433116595, "gamma": 0.7473767559658703, "lamda": 0.1}, "datetime": {"datetime": "2021-06-21 20:06:26", "elapsed": 51.49929, "delta": 0.778917}}
{"target": -12.496365932045919, "params": {"C": 5.227602332502304, "epsilon": 9.11087701397111, "gamma": 0.01, "lamda": 1.0}, "datetime": {"datetime": "2021-06-21 20:06:26", "elapsed": 52.33007, "delta": 0.83078}}
{"target": -33.94536128348055, "params": {"C": 6.446908678736072, "epsilon": 8.63477400259259, "gamma": 0.8146177086772359, "lamda": 1.0}, "datetime": {"datetime": "2021-06-21 20:06:33", "elapsed": 58.584343, "delta": 6.254273}}
{"target": -34.038300152996065, "params": {"C": 4.607084117956313, "epsilon": 10.0, "gamma": 0.7388721075845648, "lamda": 1.0}, "datetime": {"datetime": "2021-06-21 20:06:38", "elapsed": 64.131511, "delta": 5.547168}}
{"target": -15.463585674614217, "params": {"C": 6.629788434074494, "epsilon": 6.934405348937149, "gamma": 0.4895366837750284, "lamda": 0.9015365116207287}, "datetime": {"datetime": "2021-06-21 20:06:39", "elapsed": 64.749856, "delta": 0.618345}}
{"target": -19.44964517691992, "params": {"C": 8.541887551054492, "epsilon": 10.0, "gamma": 0.9661124983456985, "lamda": 0.6747471633482243}, "datetime": {"datetime": "2021-06-21 20:06:39", "elapsed": 65.274455, "delta": 0.524599}}
{"target": -19.758063360901435, "params": {"C": 10.0, "epsilon": 0.6089019118581616, "gamma": 0.9994410458088306, "lamda": 1.0}, "datetime": {"datetime": "2021-06-21 20:06:40", "elapsed": 65.765143, "delta": 0.490688}}
{"target": -18.945088724640964, "params": {"C": 7.717528152007855, "epsilon": 4.19280562279682, "gamma": 0.8537062600118528, "lamda": 1.0}, "datetime": {"datetime": "2021-06-21 20:06:40", "elapsed": 66.309686, "delta": 0.544543}}
{"target": -21.200350986537668, "params": {"C": 1.9040434048739268, "epsilon": 4.646332936133578, "gamma": 0.9715092648437273, "lamda": 0.3306024796341796}, "datetime": {"datetime": "2021-06-21 20:06:41", "elapsed": 66.766464, "delta": 0.456778}}
{"target": -20.30641375469219, "params": {"C": 1.8624938165971705, "epsilon": 5.980542874323452, "gamma": 0.8752193095401661, "lamda": 0.6155483273578917}, "datetime": {"datetime": "2021-06-21 20:06:41", "elapsed": 67.117527, "delta": 0.351063}}
{"target": -20.685363558014203, "params": {"C": 1.0450326536963526, "epsilon": 0.9603584840990586, "gamma": 0.6346301932994555, "lamda": 0.9289341374845506}, "datetime": {"datetime": "2021-06-21 20:06:41", "elapsed": 67.468587, "delta": 0.35106}}
{"target": -12.573997287944175, "params": {"C": 3.409648313439845, "epsilon": 9.00380829941968, "gamma": 0.01, "lamda": 0.1}, "datetime": {"datetime": "2021-06-21 20:06:42", "elapsed": 68.062001, "delta": 0.593414}}
{"target": -21.270958113260015, "params": {"C": 2.4350558613388196, "epsilon": 9.200654352162074, "gamma": 1.100077168733921, "lamda": 0.1}, "datetime": {"datetime": "2021-06-21 20:06:43", "elapsed": 68.619508, "delta": 0.557507}}
{"target": -12.552316968343558, "params": {"C": 5.790403189777844, "epsilon": 3.730658110904589, "gamma": 0.01, "lamda": 1.0}, "datetime": {"datetime": "2021-06-21 20:06:43", "elapsed": 69.20594, "delta": 0.586432}}
{"target": -13.818629868660743, "params": {"C": 9.98613902970286, "epsilon": 2.4315565324702924, "gamma": 0.3217565580571272, "lamda": 0.9846431788186587}, "datetime": {"datetime": "2021-06-21 20:06:44", "elapsed": 69.731536, "delta": 0.525596}}
{"target": -11.877505796457259, "params": {"C": 10.0, "epsilon": 6.106544898711115, "gamma": 0.01, "lamda": 0.1}, "datetime": {"datetime": "2021-06-21 20:06:44", "elapsed": 70.268101, "delta": 0.536565}}
{"target": -11.740845532271587, "params": {"C": 8.885015315121294, "epsilon": 7.441350083613681, "gamma": 0.01, "lamda": 0.1}, "datetime": {"datetime": "2021-06-21 20:06:45", "elapsed": 70.834587, "delta": 0.566486}}
{"target": -17.94723797663594, "params": {"C": 7.974032652449459, "epsilon": 6.640761390511322, "gamma": 0.7613312422872112, "lamda": 0.1}, "datetime": {"datetime": "2021-06-21 20:06:45", "elapsed": 71.297349, "delta": 0.462762}}
{"target": -32.271294125631904, "params": {"C": 0.1, "epsilon": 7.111926469511599, "gamma": 2.0, "lamda": 1.0}, "datetime": {"datetime": "2021-06-21 20:06:46", "elapsed": 71.862836, "delta": 0.565487}}
{"target": -14.28403059964991, "params": {"C": 1.8968794267788265, "epsilon": 2.307265766522883, "gamma": 0.01, "lamda": 1.0}, "datetime": {"datetime": "2021-06-21 20:06:46", "elapsed": 72.394416, "delta": 0.53158}}
{"target": -11.92318170808441, "params": {"C": 4.79643134801832, "epsilon": 2.693775270341668, "gamma": 0.020381453265744687, "lamda": 0.1285130501921389}, "datetime": {"datetime": "2021-06-21 20:06:47", "elapsed": 72.935967, "delta": 0.541551}}
{"target": -12.191063391710163, "params": {"C": 6.8877125906641234, "epsilon": 4.30000193118972, "gamma": 0.01, "lamda": 0.1}, "datetime": {"datetime": "2021-06-21 20:06:47", "elapsed": 73.464553, "delta": 0.528586}}
{"target": -18.403503656037167, "params": {"C": 6.876172101135607, "epsilon": 1.157899403412123, "gamma": 0.7592029991989466, "lamda": 0.1}, "datetime": {"datetime": "2021-06-21 20:06:48", "elapsed": 73.915349, "delta": 0.450796}}
{"target": -11.385739251838908, "params": {"C": 5.290617630588019, "epsilon": 7.48183370579555, "gamma": 0.027731903542345997, "lamda": 0.1303981746721041}, "datetime": {"datetime": "2021-06-21 20:06:48", "elapsed": 74.417007, "delta": 0.501658}}
{"target": -32.92968643878705, "params": {"C": 0.1, "epsilon": 4.1545839411577665, "gamma": 2.0, "lamda": 0.1}, "datetime": {"datetime": "2021-06-21 20:06:49", "elapsed": 74.901713, "delta": 0.484706}}
{"target": -25.385935988618847, "params": {"C": 2.9603984961217042, "epsilon": 7.071007493573107, "gamma": 2.0, "lamda": 1.0}, "datetime": {"datetime": "2021-06-21 20:06:49", "elapsed": 75.4293, "delta": 0.527587}}
{"target": -11.653604888717503, "params": {"C": 2.9164753070123712, "epsilon": 3.3952392933825495, "gamma": 0.0683111885032885, "lamda": 0.954025245341664}, "datetime": {"datetime": "2021-06-21 20:06:50", "elapsed": 75.932952, "delta": 0.503652}}
{"target": -25.825236723699447, "params": {"C": 2.763638303262778, "epsilon": 3.123747798636751, "gamma": 2.0, "lamda": 1.0}, "datetime": {"datetime": "2021-06-21 20:06:50", "elapsed": 76.396714, "delta": 0.463762}}
{"target": -26.645519852206178, "params": {"C": 2.1087965937333704, "epsilon": 0.001, "gamma": 2.0, "lamda": 0.1}, "datetime": {"datetime": "2021-06-21 20:06:51", "elapsed": 76.861471, "delta": 0.464757}}
{"target": -12.772635845465347, "params": {"C": 5.796092516660069, "epsilon": 0.001, "gamma": 0.01, "lamda": 0.1}, "datetime": {"datetime": "2021-06-21 20:06:51", "elapsed": 77.391055, "delta": 0.529584}}
{"target": -11.970231163524696, "params": {"C": 8.827479335533877, "epsilon": 8.896550577837525, "gamma": 0.01, "lamda": 1.0}, "datetime": {"datetime": "2021-06-21 20:06:52", "elapsed": 77.95056, "delta": 0.559505}}
{"target": -13.019304008048188, "params": {"C": 3.351315419363541, "epsilon": 4.107455417166108, "gamma": 0.01, "lamda": 0.1}, "datetime": {"datetime": "2021-06-21 20:06:53", "elapsed": 78.489129, "delta": 0.538569}}
{"target": -22.85160984333288, "params": {"C": 0.1, "epsilon": 0.001, "gamma": 0.01, "lamda": 0.1}, "datetime": {"datetime": "2021-06-21 20:06:53", "elapsed": 78.965844, "delta": 0.476715}}
{"target": -12.848443567863283, "params": {"C": 3.224396931363125, "epsilon": 6.347348945278652, "gamma": 0.01, "lamda": 0.1}, "datetime": {"datetime": "2021-06-21 20:06:54", "elapsed": 79.494432, "delta": 0.528588}}
{"target": -15.022744179568717, "params": {"C": 1.3797796326368104, "epsilon": 3.649832922947001, "gamma": 0.01, "lamda": 1.0}, "datetime": {"datetime": "2021-06-21 20:06:54", "elapsed": 80.021021, "delta": 0.526589}}
{"target": -14.590686851531029, "params": {"C": 1.1789338597366394, "epsilon": 10.0, "gamma": 0.01, "lamda": 0.1}, "datetime": {"datetime": "2021-06-21 20:06:55", "elapsed": 80.560578, "delta": 0.539557}}
{"target": -14.042563060923408, "params": {"C": 1.6048161656335005, "epsilon": 7.769696934675228, "gamma": 0.21849742653338078, "lamda": 0.8689070955200517}, "datetime": {"datetime": "2021-06-21 20:06:55", "elapsed": 81.100136, "delta": 0.539558}}
{"target": -12.588335382463395, "params": {"C": 5.065061694872636, "epsilon": 3.9513975729715884, "gamma": 0.01, "lamda": 0.1}, "datetime": {"datetime": "2021-06-21 20:06:56", "elapsed": 81.647684, "delta": 0.547548}}
{"target": -11.546712128478205, "params": {"C": 4.166635099400487, "epsilon": 3.4386468790489184, "gamma": 0.04261924426434839, "lamda": 0.8684217443301132}, "datetime": {"datetime": "2021-06-21 20:06:56", "elapsed": 82.215156, "delta": 0.567472}}
{"target": -20.91872642447331, "params": {"C": 0.1, "epsilon": 8.324882809944006, "gamma": 0.01, "lamda": 0.1}, "datetime": {"datetime": "2021-06-21 20:06:57", "elapsed": 82.828521, "delta": 0.613365}}
{"target": -22.10915478439017, "params": {"C": 0.1, "epsilon": 3.373782129099031, "gamma": 0.01, "lamda": 1.0}, "datetime": {"datetime": "2021-06-21 20:06:57", "elapsed": 83.324189, "delta": 0.495668}}
{"target": -13.370830135372158, "params": {"C": 2.8955799978821175, "epsilon": 4.756596700788277, "gamma": 0.01, "lamda": 1.0}, "datetime": {"datetime": "2021-06-21 20:06:58", "elapsed": 83.932561, "delta": 0.608372}}
{"target": -13.701152334847947, "params": {"C": 2.876959208591898, "epsilon": 0.001, "gamma": 0.01, "lamda": 0.1}, "datetime": {"datetime": "2021-06-21 20:06:59", "elapsed": 84.510018, "delta": 0.577457}}
{"target": -19.16360299869534, "params": {"C": 9.976622425240423, "epsilon": 7.910860933339889, "gamma": 0.9254166610356731, "lamda": 0.9087743429728693}, "datetime": {"datetime": "2021-06-21 20:06:59", "elapsed": 85.184216, "delta": 0.674198}}
{"target": -12.260182026410789, "params": {"C": 7.856980048132987, "epsilon": 0.4380599497251422, "gamma": 0.01, "lamda": 0.1}, "datetime": {"datetime": "2021-06-21 20:07:00", "elapsed": 85.874374, "delta": 0.690158}}
{"target": -13.490965684615722, "params": {"C": 2.187282046428071, "epsilon": 7.101410876999872, "gamma": 0.01, "lamda": 0.1}, "datetime": {"datetime": "2021-06-21 20:07:01", "elapsed": 86.492716, "delta": 0.618342}}
{"target": -24.714200482823816, "params": {"C": 6.240974463121674, "epsilon": 3.410664021390081, "gamma": 2.0, "lamda": 1.0}, "datetime": {"datetime": "2021-06-21 20:07:01", "elapsed": 86.97742, "delta": 0.484704}}
{"target": -12.027227540906985, "params": {"C": 8.760809977570135, "epsilon": 6.5935244904815065, "gamma": 0.01, "lamda": 1.0}, "datetime": {"datetime": "2021-06-21 20:07:02", "elapsed": 87.546897, "delta": 0.569477}}
{"target": -11.988861958633372, "params": {"C": 7.241054953202139, "epsilon": 10.0, "gamma": 0.01, "lamda": 1.0}, "datetime": {"datetime": "2021-06-21 20:07:02", "elapsed": 88.219099, "delta": 0.672202}}
{"target": -13.759229951302544, "params": {"C": 1.9857671407559874, "epsilon": 10.0, "gamma": 0.01, "lamda": 1.0}, "datetime": {"datetime": "2021-06-21 20:07:03", "elapsed": 88.78758, "delta": 0.568481}}
{"target": -12.802355638248425, "params": {"C": 4.419848008313689, "epsilon": 6.336335721094962, "gamma": 0.01, "lamda": 1.0}, "datetime": {"datetime": "2021-06-21 20:07:03", "elapsed": 89.432855, "delta": 0.645275}}
{"target": -12.618082186620438, "params": {"C": 5.243814650711373, "epsilon": 4.96456858196559, "gamma": 0.01, "lamda": 1.0}, "datetime": {"datetime": "2021-06-21 20:07:04", "elapsed": 90.069153, "delta": 0.636298}}
{"target": -24.188175308007033, "params": {"C": 10.0, "epsilon": 5.574998400394875, "gamma": 2.0, "lamda": 0.1}, "datetime": {"datetime": "2021-06-21 20:07:05", "elapsed": 90.695479, "delta": 0.626326}}
{"target": -11.297200998977818, "params": {"C": 4.765015769287397, "epsilon": 5.705747816388357, "gamma": 0.08585434642843709, "lamda": 0.1579601496061523}, "datetime": {"datetime": "2021-06-21 20:07:05", "elapsed": 91.238027, "delta": 0.542548}}
{"target": -34.51307667841485, "params": {"C": 10.0, "epsilon": 10.0, "gamma": 0.8167437393657477, "lamda": 1.0}, "datetime": {"datetime": "2021-06-21 20:07:11", "elapsed": 96.530873, "delta": 5.292846}}
{"target": -12.781155615699397, "params": {"C": 2.313893120114658, "epsilon": 1.6286626302757394, "gamma": 0.021262143624064964, "lamda": 0.1518804603401075}, "datetime": {"datetime": "2021-06-21 20:07:11", "elapsed": 97.184127, "delta": 0.653254}}
{"target": -12.549562413032362, "params": {"C": 5.208946554444506, "epsilon": 7.119704243088628, "gamma": 0.01, "lamda": 1.0}, "datetime": {"datetime": "2021-06-21 20:07:12", "elapsed": 97.797486, "delta": 0.613359}}
{"target": -13.88328956262385, "params": {"C": 9.928482796211155, "epsilon": 4.2010924423132865, "gamma": 0.33786993884061856, "lamda": 0.17159690377452513}, "datetime": {"datetime": "2021-06-21 20:07:12", "elapsed": 98.375942, "delta": 0.578456}}
{"target": -12.75565273766485, "params": {"C": 4.215185479018385, "epsilon": 4.847805617081887, "gamma": 0.01, "lamda": 0.1}, "datetime": {"datetime": "2021-06-21 20:07:13", "elapsed": 99.037172, "delta": 0.66123}}
{"target": -24.356573902516946, "params": {"C": 10.0, "epsilon": 1.9285760182178349, "gamma": 2.0, "lamda": 0.1}, "datetime": {"datetime": "2021-06-21 20:07:14", "elapsed": 99.58371, "delta": 0.546538}}
{"target": -13.155251501741208, "params": {"C": 3.107365567514091, "epsilon": 5.914638159016991, "gamma": 0.01, "lamda": 1.0}, "datetime": {"datetime": "2021-06-21 20:07:14", "elapsed": 100.151194, "delta": 0.567484}}
{"target": -13.268984714885121, "params": {"C": 2.75233983052565, "epsilon": 5.286647063357198, "gamma": 0.01, "lamda": 0.1}, "datetime": {"datetime": "2021-06-21 20:07:15", "elapsed": 100.752584, "delta": 0.60139}}
{"target": -13.26592354096053, "params": {"C": 3.326918610057602, "epsilon": 2.609528572195499, "gamma": 0.01, "lamda": 1.0}, "datetime": {"datetime": "2021-06-21 20:07:15", "elapsed": 101.277181, "delta": 0.524597}}
{"target": -20.87029112783861, "params": {"C": 0.1, "epsilon": 10.0, "gamma": 0.01, "lamda": 1.0}, "datetime": {"datetime": "2021-06-21 20:07:16", "elapsed": 101.879571, "delta": 0.60239}}
{"target": -24.430553066985812, "params": {"C": 8.13895943636288, "epsilon": 7.207290235475576, "gamma": 2.0, "lamda": 1.0}, "datetime": {"datetime": "2021-06-21 20:07:16", "elapsed": 102.36627, "delta": 0.486699}}
{"target": -11.693671136817906, "params": {"C": 8.372683260420745, "epsilon": 8.327150099642537, "gamma": 0.01, "lamda": 0.1}, "datetime": {"datetime": "2021-06-21 20:07:17", "elapsed": 102.994591, "delta": 0.628321}}
{"target": -13.005332484594396, "params": {"C": 3.081448984590816, "epsilon": 10.0, "gamma": 0.01, "lamda": 1.0}, "datetime": {"datetime": "2021-06-21 20:07:18", "elapsed": 103.620914, "delta": 0.626323}}
{"target": -12.669015953639121, "params": {"C": 6.234939199618386, "epsilon": 0.001, "gamma": 0.01, "lamda": 1.0}, "datetime": {"datetime": "2021-06-21 20:07:18", "elapsed": 104.332013, "delta": 0.711099}}
{"target": -11.247297574656773, "params": {"C": 7.00731783196093, "epsilon": 3.4440518802696265, "gamma": 0.031580827778222756, "lamda": 0.9571616696250754}, "datetime": {"datetime": "2021-06-21 20:07:19", "elapsed": 104.918445, "delta": 0.586432}}
{"target": -11.951585740859946, "params": {"C": 6.221063064031339, "epsilon": 10.0, "gamma": 0.01, "lamda": 0.1}, "datetime": {"datetime": "2021-06-21 20:07:20", "elapsed": 105.50388, "delta": 0.585435}}
{"target": -12.124679739201536, "params": {"C": 5.61273185903007, "epsilon": 8.483353821037237, "gamma": 0.01, "lamda": 0.1}, "datetime": {"datetime": "2021-06-21 20:07:20", "elapsed": 106.105271, "delta": 0.601391}}
{"target": -15.205229388224762, "params": {"C": 1.2180349182760828, "epsilon": 5.092346168650494, "gamma": 0.01, "lamda": 1.0}, "datetime": {"datetime": "2021-06-21 20:07:21", "elapsed": 106.73858, "delta": 0.633309}}
{"target": -24.45782365198836, "params": {"C": 10.0, "epsilon": 0.001, "gamma": 2.0, "lamda": 0.1}, "datetime": {"datetime": "2021-06-21 20:07:21", "elapsed": 107.220289, "delta": 0.481709}}
{"target": -12.296685066430731, "params": {"C": 10.0, "epsilon": 0.001, "gamma": 0.01, "lamda": 0.1}, "datetime": {"datetime": "2021-06-21 20:07:22", "elapsed": 107.883516, "delta": 0.663227}}
{"target": -13.00760689258231, "params": {"C": 2.058519658737127, "epsilon": 4.092820056761, "gamma": 0.015450454565890788, "lamda": 0.19046106241843713}, "datetime": {"datetime": "2021-06-21 20:07:23", "elapsed": 108.520814, "delta": 0.637298}}
{"target": -25.333661511794407, "params": {"C": 2.5578280705650505, "epsilon": 10.0, "gamma": 2.0, "lamda": 1.0}, "datetime": {"datetime": "2021-06-21 20:07:23", "elapsed": 109.13916, "delta": 0.618346}}
{"target": -24.466021750455972, "params": {"C": 8.212619052373805, "epsilon": 3.2228730340382628, "gamma": 2.0, "lamda": 0.1}, "datetime": {"datetime": "2021-06-21 20:07:24", "elapsed": 109.897132, "delta": 0.757972}}
