{"target": -16.351498202260558, "params": {"C": 20.136456178598955, "epsilon": 2.7544333006071584, "gamma": 0.1943976092638942, "lamda": 0.35210511977261727}, "datetime": {"datetime": "2021-06-28 17:58:43", "elapsed": 0.279251, "delta": 0.279251}}
{"target": -35.23661625179532, "params": {"C": 28.886861598073448, "epsilon": 11.237517946063782, "gamma": 0.4250025692592619, "lamda": 0.6883673053927919}, "datetime": {"datetime": "2021-06-28 17:58:50", "elapsed": 6.68513, "delta": 6.405879}}
{"target": -34.74320328752678, "params": {"C": 28.708142833955627, "epsilon": 11.007620177046231, "gamma": 0.48888126454426395, "lamda": 0.7597322605402139}, "datetime": {"datetime": "2021-06-28 17:58:57", "elapsed": 13.693394, "delta": 7.008264}}
{"target": -99.0345044751157, "params": {"C": 22.614248077916393, "epsilon": 4.702868378362367, "gamma": 0.022972021317825057, "lamda": 0.1539264666737704}, "datetime": {"datetime": "2021-06-28 17:59:04", "elapsed": 20.620877, "delta": 6.927483}}
{"target": -20.33349442116686, "params": {"C": 18.743201352263068, "epsilon": 1.711259378329005, "gamma": 0.5093190398042567, "lamda": 0.3109456165720981}, "datetime": {"datetime": "2021-06-28 17:59:04", "elapsed": 21.12852, "delta": 0.507643}}
{"target": -88.38153121309175, "params": {"C": 17.977753321541044, "epsilon": 3.9799211490244417, "gamma": 0.01, "lamda": 1.0}, "datetime": {"datetime": "2021-06-28 17:59:11", "elapsed": 27.801682, "delta": 6.673162}}
{"target": -18.897015691173717, "params": {"C": 20.36777186538865, "epsilon": 1.1444518827097547, "gamma": 0.3808865522584909, "lamda": 0.04378410997010397}, "datetime": {"datetime": "2021-06-28 17:59:11", "elapsed": 28.287383, "delta": 0.485701}}
{"target": -51.24522223669413, "params": {"C": 30.815327604799503, "epsilon": 8.994604556833504, "gamma": 0.13482443913745265, "lamda": 0.21196225040873096}, "datetime": {"datetime": "2021-06-28 17:59:18", "elapsed": 34.889735, "delta": 6.602352}}
{"target": -23.36615280182276, "params": {"C": 20.256020145743236, "epsilon": 1.903557721819953, "gamma": 0.9422352361891485, "lamda": 0.8584796423720732}, "datetime": {"datetime": "2021-06-28 17:59:18", "elapsed": 35.32956, "delta": 0.439825}}
{"target": -23.400438057168298, "params": {"C": 25.020915726161412, "epsilon": 11.369073687701587, "gamma": 1.0, "lamda": 1.0}, "datetime": {"datetime": "2021-06-28 17:59:19", "elapsed": 35.811272, "delta": 0.481712}}
{"target": -23.36389061258819, "params": {"C": 22.791678953489043, "epsilon": 12.699262400736055, "gamma": 1.0, "lamda": 1.0}, "datetime": {"datetime": "2021-06-28 17:59:19", "elapsed": 36.349832, "delta": 0.53856}}
{"target": -23.230695240182566, "params": {"C": 22.634356972351206, "epsilon": 10.280124260383577, "gamma": 0.9679663186605529, "lamda": 0.4456310024004205}, "datetime": {"datetime": "2021-06-28 17:59:20", "elapsed": 36.888394, "delta": 0.538562}}
{"target": -11.539688838620403, "params": {"C": 20.410328059733487, "epsilon": 11.877515821824941, "gamma": 0.01, "lamda": 0.01}, "datetime": {"datetime": "2021-06-28 17:59:21", "elapsed": 37.642376, "delta": 0.753982}}
{"target": -23.339936441046337, "params": {"C": 19.472799967556693, "epsilon": 13.571103618977068, "gamma": 1.0, "lamda": 1.0}, "datetime": {"datetime": "2021-06-28 17:59:21", "elapsed": 38.177945, "delta": 0.535569}}
{"target": -22.84098226403343, "params": {"C": 19.38292249075101, "epsilon": 10.54562895575845, "gamma": 0.9098588012392979, "lamda": 0.9534314445429949}, "datetime": {"datetime": "2021-06-28 17:59:22", "elapsed": 38.712518, "delta": 0.534573}}
{"target": -11.470370065380974, "params": {"C": 17.357481928297187, "epsilon": 12.182594090875588, "gamma": 0.01, "lamda": 0.01}, "datetime": {"datetime": "2021-06-28 17:59:22", "elapsed": 39.449545, "delta": 0.737027}}
{"target": -23.342966127713375, "params": {"C": 15.376091352385066, "epsilon": 13.460834486427125, "gamma": 1.0, "lamda": 1.0}, "datetime": {"datetime": "2021-06-28 17:59:23", "elapsed": 40.022015, "delta": 0.57247}}
{"target": -11.383042755358453, "params": {"C": 15.182764180855909, "epsilon": 10.492947935919904, "gamma": 0.01, "lamda": 0.01}, "datetime": {"datetime": "2021-06-28 17:59:24", "elapsed": 40.603461, "delta": 0.581446}}
{"target": -11.205117754577802, "params": {"C": 17.31101508749253, "epsilon": 16.003992880190797, "gamma": 0.01, "lamda": 0.01}, "datetime": {"datetime": "2021-06-28 17:59:24", "elapsed": 41.150997, "delta": 0.547536}}
{"target": -83.48928696149629, "params": {"C": 19.494202945106395, "epsilon": 17.98893950517613, "gamma": 0.06566804689402567, "lamda": 0.1223943532384261}, "datetime": {"datetime": "2021-06-28 17:59:33", "elapsed": 49.682193, "delta": 8.531196}}
{"target": -11.22847515008029, "params": {"C": 15.0, "epsilon": 16.142734656327292, "gamma": 0.01, "lamda": 0.01}, "datetime": {"datetime": "2021-06-28 17:59:33", "elapsed": 50.243692, "delta": 0.561499}}
{"target": -23.219719088407032, "params": {"C": 15.0, "epsilon": 18.33689791294474, "gamma": 1.0, "lamda": 1.0}, "datetime": {"datetime": "2021-06-28 17:59:34", "elapsed": 50.748343, "delta": 0.504651}}
{"target": -23.4546369062354, "params": {"C": 16.48233723813033, "epsilon": 9.45467119544067, "gamma": 1.0, "lamda": 1.0}, "datetime": {"datetime": "2021-06-28 17:59:34", "elapsed": 51.38165, "delta": 0.633307}}
{"target": -22.41517789773348, "params": {"C": 49.81626970609805, "epsilon": 1.3053084472511627, "gamma": 0.7882911796937775, "lamda": 0.7473246838486607}, "datetime": {"datetime": "2021-06-28 17:59:35", "elapsed": 51.922205, "delta": 0.540555}}
{"target": -21.585595465748085, "params": {"C": 48.64633748868522, "epsilon": 4.728117338630881, "gamma": 0.6716825774173242, "lamda": 0.5096416025675568}, "datetime": {"datetime": "2021-06-28 17:59:35", "elapsed": 52.483704, "delta": 0.561499}}
{"target": -23.694199652236776, "params": {"C": 46.34561702216238, "epsilon": 2.103950278975326, "gamma": 0.9996025736111483, "lamda": 0.06869073519348715}, "datetime": {"datetime": "2021-06-28 17:59:36", "elapsed": 53.287556, "delta": 0.803852}}
{"target": -88.08677765969601, "params": {"C": 45.24517522290945, "epsilon": 5.550692019939831, "gamma": 0.01, "lamda": 1.0}, "datetime": {"datetime": "2021-06-28 17:59:43", "elapsed": 60.521219, "delta": 7.233663}}
{"target": -22.97225763130128, "params": {"C": 49.75209850684573, "epsilon": 8.470806618786282, "gamma": 0.9142971694502083, "lamda": 0.049609306594644985}, "datetime": {"datetime": "2021-06-28 17:59:44", "elapsed": 61.230325, "delta": 0.709106}}
{"target": -23.3150523782784, "params": {"C": 17.035166143047757, "epsilon": 14.483166959836836, "gamma": 1.0, "lamda": 0.01}, "datetime": {"datetime": "2021-06-28 17:59:45", "elapsed": 61.876596, "delta": 0.646271}}
{"target": -23.379374923559617, "params": {"C": 50.0, "epsilon": 12.13569206536065, "gamma": 1.0, "lamda": 0.01}, "datetime": {"datetime": "2021-06-28 17:59:45", "elapsed": 62.361302, "delta": 0.484706}}
{"target": -23.037802527972993, "params": {"C": 47.08974941728165, "epsilon": 14.410776165141947, "gamma": 0.9506111828754922, "lamda": 0.14275087477603957}, "datetime": {"datetime": "2021-06-28 17:59:46", "elapsed": 62.899862, "delta": 0.53856}}
{"target": -84.56254721210496, "params": {"C": 50.0, "epsilon": 15.676067001564473, "gamma": 0.01, "lamda": 1.0}, "datetime": {"datetime": "2021-06-28 17:59:52", "elapsed": 69.245904, "delta": 6.346042}}
{"target": -23.40019309917276, "params": {"C": 46.93383389714193, "epsilon": 11.377989233699768, "gamma": 1.0, "lamda": 0.01}, "datetime": {"datetime": "2021-06-28 17:59:53", "elapsed": 69.934058, "delta": 0.688154}}
{"target": -23.33496136567604, "params": {"C": 44.09874010114865, "epsilon": 13.752177541513856, "gamma": 1.0, "lamda": 0.01}, "datetime": {"datetime": "2021-06-28 17:59:54", "elapsed": 70.553402, "delta": 0.619344}}
{"target": -23.24689835909931, "params": {"C": 44.23449302121057, "epsilon": 17.134894375943457, "gamma": 1.0, "lamda": 0.01}, "datetime": {"datetime": "2021-06-28 17:59:54", "elapsed": 71.335312, "delta": 0.78191}}
{"target": -82.39616771789514, "params": {"C": 41.24168967881439, "epsilon": 15.84716013917595, "gamma": 0.01, "lamda": 1.0}, "datetime": {"datetime": "2021-06-28 18:00:05", "elapsed": 82.439185, "delta": 11.103873}}
{"target": -23.183400300436876, "params": {"C": 45.54496765423022, "epsilon": 20.0, "gamma": 1.0, "lamda": 0.01}, "datetime": {"datetime": "2021-06-28 18:00:06", "elapsed": 82.930871, "delta": 0.491686}}
{"target": -23.741209200116582, "params": {"C": 35.67179168907956, "epsilon": 1.0, "gamma": 1.0, "lamda": 0.01}, "datetime": {"datetime": "2021-06-28 18:00:06", "elapsed": 83.414577, "delta": 0.483706}}
{"target": -23.741209196073378, "params": {"C": 32.37557668891334, "epsilon": 1.0, "gamma": 1.0, "lamda": 1.0}, "datetime": {"datetime": "2021-06-28 18:00:07", "elapsed": 83.910253, "delta": 0.495676}}
{"target": -22.926953712287972, "params": {"C": 34.245777102484446, "epsilon": 3.873995928600453, "gamma": 0.8842184224511365, "lamda": 0.41356649888613994}, "datetime": {"datetime": "2021-06-28 18:00:07", "elapsed": 84.389971, "delta": 0.479718}}
{"target": -90.91973709054496, "params": {"C": 37.42674271392829, "epsilon": 3.634528385360101, "gamma": 0.01, "lamda": 1.0}, "datetime": {"datetime": "2021-06-28 18:00:14", "elapsed": 91.333412, "delta": 6.943441}}
{"target": -23.634513840066194, "params": {"C": 31.430974788163052, "epsilon": 3.7564803281319477, "gamma": 1.0, "lamda": 0.01}, "datetime": {"datetime": "2021-06-28 18:00:15", "elapsed": 91.845042, "delta": 0.51163}}
{"target": -12.49608694243847, "params": {"C": 29.253675763595005, "epsilon": 1.0, "gamma": 0.01, "lamda": 0.01}, "datetime": {"datetime": "2021-06-28 18:00:15", "elapsed": 92.396569, "delta": 0.551527}}
{"target": -17.96811640723995, "params": {"C": 28.762827872571485, "epsilon": 3.1671408177067972, "gamma": 0.2828864274929127, "lamda": 0.9332588518488102}, "datetime": {"datetime": "2021-06-28 18:00:16", "elapsed": 92.917178, "delta": 0.520609}}
{"target": -23.74120919605838, "params": {"C": 27.21156488324475, "epsilon": 1.0, "gamma": 1.0, "lamda": 1.0}, "datetime": {"datetime": "2021-06-28 18:00:16", "elapsed": 93.45674, "delta": 0.539562}}
{"target": -23.18340030040372, "params": {"C": 34.8864073833837, "epsilon": 20.0, "gamma": 1.0, "lamda": 1.0}, "datetime": {"datetime": "2021-06-28 18:00:17", "elapsed": 93.972357, "delta": 0.515617}}
{"target": -23.18340030040371, "params": {"C": 31.70063578574948, "epsilon": 20.0, "gamma": 1.0, "lamda": 1.0}, "datetime": {"datetime": "2021-06-28 18:00:18", "elapsed": 94.657524, "delta": 0.685167}}
{"target": -21.794354601115927, "params": {"C": 34.98546847938782, "epsilon": 16.951208944277568, "gamma": 0.7562018271234883, "lamda": 0.16416185799160155}, "datetime": {"datetime": "2021-06-28 18:00:18", "elapsed": 95.375607, "delta": 0.718083}}
{"target": -23.267993451003374, "params": {"C": 16.134714015697355, "epsilon": 16.285138929770913, "gamma": 1.0, "lamda": 1.0}, "datetime": {"datetime": "2021-06-28 18:00:19", "elapsed": 95.992954, "delta": 0.617347}}
{"target": -23.344578556626185, "params": {"C": 35.74390913700051, "epsilon": 13.402148175414018, "gamma": 1.0, "lamda": 0.01}, "datetime": {"datetime": "2021-06-28 18:00:20", "elapsed": 96.56343, "delta": 0.570476}}
{"target": -23.42710436118729, "params": {"C": 37.300149967286394, "epsilon": 10.405282281335891, "gamma": 1.0, "lamda": 0.01}, "datetime": {"datetime": "2021-06-28 18:00:20", "elapsed": 97.063096, "delta": 0.499666}}
{"target": -85.63716041231099, "params": {"C": 37.56895244825312, "epsilon": 20.0, "gamma": 0.01, "lamda": 0.01}, "datetime": {"datetime": "2021-06-28 18:00:27", "elapsed": 104.1681, "delta": 7.105004}}
{"target": -23.432590017030268, "params": {"C": 40.76483221181509, "epsilon": 10.215880057810127, "gamma": 1.0, "lamda": 0.01}, "datetime": {"datetime": "2021-06-28 18:00:28", "elapsed": 104.734587, "delta": 0.566487}}
{"target": -23.415171598396455, "params": {"C": 43.80870667327298, "epsilon": 10.832828529643049, "gamma": 1.0, "lamda": 0.01}, "datetime": {"datetime": "2021-06-28 18:00:28", "elapsed": 105.242228, "delta": 0.507641}}
{"target": -23.183400300403548, "params": {"C": 27.1250251358038, "epsilon": 20.0, "gamma": 1.0, "lamda": 1.0}, "datetime": {"datetime": "2021-06-28 18:00:29", "elapsed": 105.966293, "delta": 0.724065}}
{"target": -23.715872390482946, "params": {"C": 30.05996963612763, "epsilon": 1.629493025537669, "gamma": 1.0, "lamda": 1.0}, "datetime": {"datetime": "2021-06-28 18:00:30", "elapsed": 106.595611, "delta": 0.629318}}
{"target": -76.61780943820244, "params": {"C": 33.07052936863118, "epsilon": 18.53123264359784, "gamma": 0.07700892721471568, "lamda": 0.06434522452340849}, "datetime": {"datetime": "2021-06-28 18:00:37", "elapsed": 113.614844, "delta": 7.019233}}
{"target": -22.798472391180002, "params": {"C": 16.114927319531358, "epsilon": 11.44675697049576, "gamma": 0.9034510077003571, "lamda": 0.37408241651936763}, "datetime": {"datetime": "2021-06-28 18:00:37", "elapsed": 114.182325, "delta": 0.567481}}
{"target": -11.449543695230991, "params": {"C": 15.0, "epsilon": 8.231544715907454, "gamma": 0.01, "lamda": 0.01}, "datetime": {"datetime": "2021-06-28 18:00:38", "elapsed": 114.795685, "delta": 0.61336}}
{"target": -23.28687119081551, "params": {"C": 36.39647917089812, "epsilon": 15.55449936197257, "gamma": 1.0, "lamda": 1.0}, "datetime": {"datetime": "2021-06-28 18:00:38", "elapsed": 115.413036, "delta": 0.617351}}
{"target": -23.183400300410092, "params": {"C": 24.50275826423242, "epsilon": 20.0, "gamma": 1.0, "lamda": 0.01}, "datetime": {"datetime": "2021-06-28 18:00:39", "elapsed": 116.000464, "delta": 0.587428}}
{"target": -23.2431318845763, "params": {"C": 25.024190010533502, "epsilon": 17.28668499045078, "gamma": 1.0, "lamda": 1.0}, "datetime": {"datetime": "2021-06-28 18:00:40", "elapsed": 116.629783, "delta": 0.629319}}
{"target": -82.95536687857313, "params": {"C": 48.9569264844889, "epsilon": 10.383643947685789, "gamma": 0.01, "lamda": 1.0}, "datetime": {"datetime": "2021-06-28 18:00:46", "elapsed": 123.446555, "delta": 6.816772}}
{"target": -20.662585843268616, "params": {"C": 45.659317149434756, "epsilon": 12.694226550713196, "gamma": 0.5522162350629761, "lamda": 0.9491232671264623}, "datetime": {"datetime": "2021-06-28 18:00:47", "elapsed": 124.027005, "delta": 0.58045}}
{"target": -11.357672729554272, "params": {"C": 17.738799311540106, "epsilon": 10.199142149604553, "gamma": 0.01, "lamda": 0.01}, "datetime": {"datetime": "2021-06-28 18:00:48", "elapsed": 124.624408, "delta": 0.597403}}
{"target": -55.06562475570138, "params": {"C": 49.95923741498523, "epsilon": 6.592776344864141, "gamma": 0.14287683592092004, "lamda": 0.13546431746217166}, "datetime": {"datetime": "2021-06-28 18:00:55", "elapsed": 131.872029, "delta": 7.247621}}
{"target": -81.12504583459145, "params": {"C": 48.19015195633462, "epsilon": 2.7031764924532524, "gamma": 0.07648238992808024, "lamda": 0.3901182121738911}, "datetime": {"datetime": "2021-06-28 18:01:03", "elapsed": 139.852692, "delta": 7.980663}}
{"target": -42.91095958575296, "params": {"C": 18.61591655441732, "epsilon": 11.955277360441844, "gamma": 0.20961971878560223, "lamda": 0.7916722304139504}, "datetime": {"datetime": "2021-06-28 18:01:13", "elapsed": 150.295769, "delta": 10.443077}}
{"target": -11.424925068235577, "params": {"C": 16.19910844993973, "epsilon": 9.311757832675298, "gamma": 0.01, "lamda": 0.01}, "datetime": {"datetime": "2021-06-28 18:01:14", "elapsed": 151.223289, "delta": 0.92752}}
{"target": -48.51721692420918, "params": {"C": 20.953909365559884, "epsilon": 10.180461473959545, "gamma": 0.1466730349122807, "lamda": 0.06634219999031786}, "datetime": {"datetime": "2021-06-28 18:01:23", "elapsed": 159.800358, "delta": 8.577069}}
{"target": -80.24873367771248, "params": {"C": 20.947879887851734, "epsilon": 13.08773142333322, "gamma": 0.062112110256885594, "lamda": 0.9795666786482783}, "datetime": {"datetime": "2021-06-28 18:01:34", "elapsed": 171.011384, "delta": 11.211026}}
{"target": -89.50667118559804, "params": {"C": 15.02690662062703, "epsilon": 9.361768598545913, "gamma": 0.01, "lamda": 0.6800846275018987}, "datetime": {"datetime": "2021-06-28 18:01:41", "elapsed": 177.757346, "delta": 6.745962}}
{"target": -42.38193132138336, "params": {"C": 16.736719583819863, "epsilon": 9.183389796052682, "gamma": 0.20920888453993394, "lamda": 0.09515244486304304}, "datetime": {"datetime": "2021-06-28 18:01:54", "elapsed": 190.8653, "delta": 13.107954}}
{"target": -17.688805635954573, "params": {"C": 15.346023867157562, "epsilon": 16.18145836104019, "gamma": 0.2867991031353456, "lamda": 0.2863923817034568}, "datetime": {"datetime": "2021-06-28 18:01:55", "elapsed": 192.035172, "delta": 1.169872}}
{"target": -21.999006378637645, "params": {"C": 33.45548727137703, "epsilon": 16.353354764262843, "gamma": 0.792099634726346, "lamda": 0.6467875083502636}, "datetime": {"datetime": "2021-06-28 18:01:55", "elapsed": 192.439092, "delta": 0.40392}}
{"target": -20.390014855382322, "params": {"C": 46.97307805280168, "epsilon": 14.650762896733612, "gamma": 0.5368163912111353, "lamda": 0.4671475605626227}, "datetime": {"datetime": "2021-06-28 18:01:56", "elapsed": 192.839022, "delta": 0.39993}}
{"target": -17.899758703322536, "params": {"C": 15.859720435726235, "epsilon": 10.760890988195104, "gamma": 0.306590681204824, "lamda": 0.19445169536110385}, "datetime": {"datetime": "2021-06-28 18:01:57", "elapsed": 193.810426, "delta": 0.971404}}
{"target": -19.352692677050864, "params": {"C": 20.37146290461121, "epsilon": 1.1909525654438538, "gamma": 0.4158107585102373, "lamda": 0.11085039153777096}, "datetime": {"datetime": "2021-06-28 18:01:57", "elapsed": 194.263213, "delta": 0.452787}}
{"target": -11.334829409808279, "params": {"C": 17.234107070067118, "epsilon": 11.108896557538822, "gamma": 0.05606773776460301, "lamda": 0.01}, "datetime": {"datetime": "2021-06-28 18:01:59", "elapsed": 196.013535, "delta": 1.750322}}
{"target": -95.38904790085073, "params": {"C": 16.957468856944278, "epsilon": 10.533131475104101, "gamma": 0.028995729329247398, "lamda": 0.7696083524717854}, "datetime": {"datetime": "2021-06-28 18:02:08", "elapsed": 205.093257, "delta": 9.079722}}
{"target": -19.935933607671615, "params": {"C": 16.89343088839112, "epsilon": 11.873301647816305, "gamma": 0.48134445339517645, "lamda": 0.09142020761225846}, "datetime": {"datetime": "2021-06-28 18:02:09", "elapsed": 206.048705, "delta": 0.955448}}
{"target": -20.966627485741938, "params": {"C": 24.648248698826546, "epsilon": 8.465776384638463, "gamma": 0.5724888941223814, "lamda": 0.12843965378355462}, "datetime": {"datetime": "2021-06-28 18:02:09", "elapsed": 206.473571, "delta": 0.424866}}
{"target": -17.808309510998726, "params": {"C": 15.202602664602065, "epsilon": 11.156930476754678, "gamma": 0.2959413218254591, "lamda": 0.01}, "datetime": {"datetime": "2021-06-28 18:02:10", "elapsed": 207.361194, "delta": 0.887623}}
{"target": -39.38851536360885, "params": {"C": 16.739186996943886, "epsilon": 16.17937469676187, "gamma": 0.25045754722454266, "lamda": 0.5067583450682727}, "datetime": {"datetime": "2021-06-28 18:02:18", "elapsed": 214.76041, "delta": 7.399216}}
{"target": -100.45851596522392, "params": {"C": 41.08142804882934, "epsilon": 3.2420039603601714, "gamma": 0.020680575779672375, "lamda": 0.5938198302329706}, "datetime": {"datetime": "2021-06-28 18:02:24", "elapsed": 220.794279, "delta": 6.033869}}
{"target": -22.936940056927092, "params": {"C": 16.120560036177036, "epsilon": 11.510146709308762, "gamma": 0.9225761830773432, "lamda": 0.4141481743061854}, "datetime": {"datetime": "2021-06-28 18:02:24", "elapsed": 221.242082, "delta": 0.447803}}
{"target": -17.576010158409794, "params": {"C": 19.700511258418764, "epsilon": 1.9634499411745545, "gamma": 0.2508084010991826, "lamda": 0.01}, "datetime": {"datetime": "2021-06-28 18:02:25", "elapsed": 222.148656, "delta": 0.906574}}
{"target": -55.392376742574015, "params": {"C": 18.14052972848629, "epsilon": 11.310881147332825, "gamma": 0.13303204381719452, "lamda": 0.05767827537454696}, "datetime": {"datetime": "2021-06-28 18:02:39", "elapsed": 236.099357, "delta": 13.950701}}
{"target": -20.091125243961496, "params": {"C": 33.97847878424279, "epsilon": 12.912617087883666, "gamma": 0.503021952220511, "lamda": 0.19085584125452704}, "datetime": {"datetime": "2021-06-28 18:02:40", "elapsed": 236.59204, "delta": 0.492683}}
{"target": -18.1308318954874, "params": {"C": 29.274125744896544, "epsilon": 1.6550069101461147, "gamma": 0.30029587078978653, "lamda": 0.4555660258030366}, "datetime": {"datetime": "2021-06-28 18:02:40", "elapsed": 237.472685, "delta": 0.880645}}
{"target": -16.35723673021483, "params": {"C": 15.180528105522418, "epsilon": 7.527827201980031, "gamma": 0.20869833180473912, "lamda": 0.06175122658513835}, "datetime": {"datetime": "2021-06-28 18:02:41", "elapsed": 238.422146, "delta": 0.949461}}
{"target": -76.9071435872084, "params": {"C": 15.901045404403526, "epsilon": 8.440662055477224, "gamma": 0.07023578948424702, "lamda": 0.07820808904579211}, "datetime": {"datetime": "2021-06-28 18:02:48", "elapsed": 245.372564, "delta": 6.950418}}
{"target": -18.909168328874056, "params": {"C": 20.529700611233782, "epsilon": 2.140915191855964, "gamma": 0.38610225511664026, "lamda": 0.01}, "datetime": {"datetime": "2021-06-28 18:02:50", "elapsed": 246.547423, "delta": 1.174859}}
{"target": -17.995469720813016, "params": {"C": 16.026180411520606, "epsilon": 9.847974008292015, "gamma": 0.3165689506947843, "lamda": 0.033699580985679475}, "datetime": {"datetime": "2021-06-28 18:02:51", "elapsed": 247.573677, "delta": 1.026254}}
{"target": -20.051241725116828, "params": {"C": 29.8610111656543, "epsilon": 1.0, "gamma": 0.4509803050932479, "lamda": 0.294052549973741}, "datetime": {"datetime": "2021-06-28 18:02:52", "elapsed": 248.600932, "delta": 1.027255}}
