{"target": -16.567679870033277, "params": {"C": 3.1968383083472625, "epsilon": 1.6754005231844442, "gamma": 0.5323271278040733, "lamda": 0.3176378794887662}, "datetime": {"datetime": "2021-06-28 14:02:08", "elapsed": 230.213616, "delta": 1.027861}}
{"target": -22.54927788385782, "params": {"C": 2.2699064888497826, "epsilon": 0.3032396113965307, "gamma": 1.120014210768983, "lamda": 0.34261121071013084}, "datetime": {"datetime": "2021-06-28 14:02:09", "elapsed": 231.036828, "delta": 0.823212}}
{"target": -18.83189719754334, "params": {"C": 3.076099645544083, "epsilon": 1.744193041463157, "gamma": 0.7494669046520244, "lamda": 0.441288795823706}, "datetime": {"datetime": "2021-06-28 14:02:10", "elapsed": 231.882821, "delta": 0.845993}}
{"target": -31.801937053484526, "params": {"C": 2.8783614096068253, "epsilon": 7.3271818736219165, "gamma": 6.490510302686944, "lamda": 0.3445103698357289}, "datetime": {"datetime": "2021-06-28 14:02:11", "elapsed": 232.739952, "delta": 0.857131}}
{"target": -17.51232475739382, "params": {"C": 3.225303495329106, "epsilon": 1.5205856944549765, "gamma": 0.627440843126329, "lamda": 0.26332785040009443}, "datetime": {"datetime": "2021-06-28 14:02:12", "elapsed": 233.736959, "delta": 0.997007}}
{"target": -18.261268397340338, "params": {"C": 2.2370838493682674, "epsilon": 9.042552962135153, "gamma": 0.7154050345008753, "lamda": 0.09295466306782818}, "datetime": {"datetime": "2021-06-28 14:02:13", "elapsed": 234.576617, "delta": 0.839658}}
{"target": -23.29144242348622, "params": {"C": 8.767884905349819, "epsilon": 1.1818836736532226, "gamma": 1.6738471162107706, "lamda": 0.3504986954436396}, "datetime": {"datetime": "2021-06-28 14:02:14", "elapsed": 235.42738, "delta": 0.850763}}
{"target": -23.720691431548698, "params": {"C": 5.988278053762969, "epsilon": 4.824362240398231, "gamma": 1.763127064536013, "lamda": 0.4513607216726692}, "datetime": {"datetime": "2021-06-28 14:02:14", "elapsed": 236.240708, "delta": 0.813328}}
{"target": -15.812724486531954, "params": {"C": 3.9612017032644196, "epsilon": 8.290832886183763, "gamma": 0.5183635388137542, "lamda": 0.14629303740019833}, "datetime": {"datetime": "2021-06-28 14:02:15", "elapsed": 237.113603, "delta": 0.872895}}
{"target": -15.639599830267525, "params": {"C": 4.741550859468558, "epsilon": 7.8668544288199955, "gamma": 0.5087203893417349, "lamda": 0.12813086021741127}, "datetime": {"datetime": "2021-06-28 14:02:16", "elapsed": 237.986448, "delta": 0.872845}}
{"target": -31.714085146814437, "params": {"C": 5.255806752141237, "epsilon": 6.958489342565795, "gamma": 6.7515340519720635, "lamda": 0.4247589599547185}, "datetime": {"datetime": "2021-06-28 14:02:17", "elapsed": 238.882339, "delta": 0.895891}}
{"target": -23.553543081771586, "params": {"C": 6.571100316590881, "epsilon": 0.8362195350896637, "gamma": 1.6574986518075907, "lamda": 0.4368016740548016}, "datetime": {"datetime": "2021-06-28 14:02:18", "elapsed": 239.744154, "delta": 0.861815}}
{"target": -16.56199357564037, "params": {"C": 4.748191208542632, "epsilon": 7.493991454611161, "gamma": 0.6061760678660592, "lamda": 0.1314988112177914}, "datetime": {"datetime": "2021-06-28 14:02:19", "elapsed": 240.572413, "delta": 0.828259}}
{"target": -15.758408499335012, "params": {"C": 4.153496681269641, "epsilon": 8.409616407254262, "gamma": 0.5188059581003033, "lamda": 0.24385840044745796}, "datetime": {"datetime": "2021-06-28 14:02:20", "elapsed": 241.482562, "delta": 0.910149}}
{"target": -33.07872892720534, "params": {"C": 2.4375814033053085, "epsilon": 5.84566453655459, "gamma": 8.55516452898817, "lamda": 0.1321581675026781}, "datetime": {"datetime": "2021-06-28 14:02:21", "elapsed": 242.337169, "delta": 0.854607}}
{"target": -32.613972292559815, "params": {"C": 3.03369137816865, "epsilon": 1.2225229847526777, "gamma": 6.418829965912933, "lamda": 0.03115620359606436}, "datetime": {"datetime": "2021-06-28 14:02:21", "elapsed": 243.165586, "delta": 0.828417}}
{"target": -34.859612898223595, "params": {"C": 3.6864181520447095, "epsilon": 8.086326274339545, "gamma": 0.5663066695235257, "lamda": 0.3738506567202657}, "datetime": {"datetime": "2021-06-28 14:02:32", "elapsed": 253.956163, "delta": 10.790577}}
{"target": -17.857581831516846, "params": {"C": 4.407662748669883, "epsilon": 7.189278239292051, "gamma": 0.7277552313821654, "lamda": 0.22341356104193433}, "datetime": {"datetime": "2021-06-28 14:02:33", "elapsed": 254.779872, "delta": 0.823709}}
{"target": -31.657071913434525, "params": {"C": 7.8062694640200325, "epsilon": 1.2463796080636034, "gamma": 6.024737295259303, "lamda": 0.07736906786734836}, "datetime": {"datetime": "2021-06-28 14:02:34", "elapsed": 255.660974, "delta": 0.881102}}
{"target": -17.795374062304415, "params": {"C": 4.498384458864554, "epsilon": 7.196412487082742, "gamma": 0.7181620716539621, "lamda": 0.15158679021316626}, "datetime": {"datetime": "2021-06-28 14:02:35", "elapsed": 256.544595, "delta": 0.883621}}
{"target": -16.267228529250186, "params": {"C": 4.015444189391557, "epsilon": 8.037416768651852, "gamma": 0.571271436449516, "lamda": 0.1273974030111472}, "datetime": {"datetime": "2021-06-28 14:02:36", "elapsed": 257.398831, "delta": 0.854236}}
{"target": -16.185778708455107, "params": {"C": 7.509323060410866, "epsilon": 1.371144002704242, "gamma": 0.5475706174309718, "lamda": 0.26160694825983655}, "datetime": {"datetime": "2021-06-28 14:02:36", "elapsed": 258.230552, "delta": 0.831721}}
{"target": -32.3200978078953, "params": {"C": 4.918370376943519, "epsilon": 7.4368244524018685, "gamma": 7.8894188115278485, "lamda": 0.2752643190456646}, "datetime": {"datetime": "2021-06-28 14:02:37", "elapsed": 259.113355, "delta": 0.882803}}
{"target": -33.90790348977635, "params": {"C": 4.18625916926735, "epsilon": 1.3684699745238398, "gamma": 9.89678347732511, "lamda": 0.2621327648413641}, "datetime": {"datetime": "2021-06-28 14:02:38", "elapsed": 259.955547, "delta": 0.842192}}
{"target": -17.724623520490717, "params": {"C": 4.429816719166873, "epsilon": 7.237353445983335, "gamma": 0.7128969658854737, "lamda": 0.18917085224717778}, "datetime": {"datetime": "2021-06-28 14:02:39", "elapsed": 260.973196, "delta": 1.017649}}
{"target": -17.422869343106075, "params": {"C": 3.1405806798026465, "epsilon": 1.6542492129303785, "gamma": 0.6140152132124743, "lamda": 0.25160359865815496}, "datetime": {"datetime": "2021-06-28 14:02:40", "elapsed": 261.855071, "delta": 0.881875}}
{"target": -33.862443138696605, "params": {"C": 4.460666164837975, "epsilon": 1.373900438558486, "gamma": 9.823059759719873, "lamda": 0.479720316218177}, "datetime": {"datetime": "2021-06-28 14:02:41", "elapsed": 262.723932, "delta": 0.868861}}
{"target": -17.61543171027884, "params": {"C": 3.135613516431769, "epsilon": 1.6271491670474851, "gamma": 0.6326696121827076, "lamda": 0.2446186269098599}, "datetime": {"datetime": "2021-06-28 14:02:42", "elapsed": 263.643949, "delta": 0.920017}}
{"target": -16.958715569148865, "params": {"C": 4.565990377817034, "epsilon": 7.138348194101352, "gamma": 0.6423339192804236, "lamda": 0.10234982685916817}, "datetime": {"datetime": "2021-06-28 14:02:43", "elapsed": 264.640949, "delta": 0.997}}
{"target": -16.110253349917684, "params": {"C": 4.674482950452875, "epsilon": 7.979218401935564, "gamma": 0.5574327866729, "lamda": 0.12403295803340174}, "datetime": {"datetime": "2021-06-28 14:02:44", "elapsed": 265.574245, "delta": 0.933296}}
{"target": -19.90750284931384, "params": {"C": 2.3315327875225926, "epsilon": 8.828509122832417, "gamma": 0.9068374619600813, "lamda": 0.33289906016456794}, "datetime": {"datetime": "2021-06-28 14:02:45", "elapsed": 266.55252, "delta": 0.978275}}
{"target": -33.366812905996056, "params": {"C": 2.5978373050080585, "epsilon": 3.246799009136467, "gamma": 8.350323655456656, "lamda": 0.3547451560143803}, "datetime": {"datetime": "2021-06-28 14:02:46", "elapsed": 267.509332, "delta": 0.956812}}
{"target": -33.93952345793474, "params": {"C": 3.807802032376337, "epsilon": 1.4412088477592577, "gamma": 9.916622713412607, "lamda": 0.018909011625017836}, "datetime": {"datetime": "2021-06-28 14:02:47", "elapsed": 268.631325, "delta": 1.121993}}
{"target": -26.326158605729617, "params": {"C": 5.959719019572149, "epsilon": 1.914891894299695, "gamma": 2.4901416277835873, "lamda": 0.4304727534111892}, "datetime": {"datetime": "2021-06-28 14:02:48", "elapsed": 269.569374, "delta": 0.938049}}
{"target": -33.03594328046409, "params": {"C": 3.026598423544816, "epsilon": 8.739414918169803, "gamma": 9.966153520601052, "lamda": 0.29970707728410606}, "datetime": {"datetime": "2021-06-28 14:02:49", "elapsed": 270.491336, "delta": 0.921962}}
{"target": -18.02058464674852, "params": {"C": 2.2057222848498186, "epsilon": 9.054322923722227, "gamma": 0.6897557481000955, "lamda": 0.13360770064522953}, "datetime": {"datetime": "2021-06-28 14:02:50", "elapsed": 271.42158, "delta": 0.930244}}
{"target": -20.045186405573748, "params": {"C": 4.0833337940218914, "epsilon": 2.0572064307534053, "gamma": 0.9243919274762888, "lamda": 0.20023634029463416}, "datetime": {"datetime": "2021-06-28 14:02:50", "elapsed": 272.318427, "delta": 0.896847}}
{"target": -22.24738441056798, "params": {"C": 3.9802898575362424, "epsilon": 0.6211022996575396, "gamma": 1.2405787190136173, "lamda": 0.17203182916902}, "datetime": {"datetime": "2021-06-28 14:02:51", "elapsed": 273.17211, "delta": 0.853683}}
{"target": -16.765367976984074, "params": {"C": 3.176751267795261, "epsilon": 1.4620122871905623, "gamma": 0.5501495384693664, "lamda": 0.4446510277195778}, "datetime": {"datetime": "2021-06-28 14:02:52", "elapsed": 274.158247, "delta": 0.986137}}
{"target": -16.149348605786376, "params": {"C": 4.534641259510841, "epsilon": 7.56402110094912, "gamma": 0.5582141450099348, "lamda": 0.11024737273005607}, "datetime": {"datetime": "2021-06-28 14:02:53", "elapsed": 275.165767, "delta": 1.00752}}
{"target": -16.568937978838466, "params": {"C": 4.41908937085161, "epsilon": 7.372731136639559, "gamma": 0.6078528298185079, "lamda": 0.05102597810055722}, "datetime": {"datetime": "2021-06-28 14:02:54", "elapsed": 276.096375, "delta": 0.930608}}
{"target": -17.798934540546092, "params": {"C": 2.253162984537401, "epsilon": 8.930606888837774, "gamma": 0.6666410375210018, "lamda": 0.1475226591021836}, "datetime": {"datetime": "2021-06-28 14:02:55", "elapsed": 277.079685, "delta": 0.98331}}
{"target": -32.43068434104643, "params": {"C": 1.3258251821594516, "epsilon": 8.14169068414144, "gamma": 7.4141577911608145, "lamda": 0.004882294744852985}, "datetime": {"datetime": "2021-06-28 14:02:56", "elapsed": 277.992778, "delta": 0.913093}}
{"target": -18.80054571755902, "params": {"C": 2.1866211452058004, "epsilon": 8.802500346797407, "gamma": 0.7747728403407566, "lamda": 0.3038684102956142}, "datetime": {"datetime": "2021-06-28 14:02:57", "elapsed": 279.062648, "delta": 1.06987}}
{"target": -18.094437048488885, "params": {"C": 3.304452741808961, "epsilon": 1.6590347705903274, "gamma": 0.6891954121866334, "lamda": 0.1942523974909001}, "datetime": {"datetime": "2021-06-28 14:02:58", "elapsed": 280.036896, "delta": 0.974248}}
{"target": -15.830505925972101, "params": {"C": 4.82440413162613, "epsilon": 7.79927540014686, "gamma": 0.5267938624000488, "lamda": 0.07326615186199929}, "datetime": {"datetime": "2021-06-28 14:02:59", "elapsed": 281.235005, "delta": 1.198109}}
{"target": -33.023235982020076, "params": {"C": 9.343524271514232, "epsilon": 3.0537212700185026, "gamma": 8.615703148286903, "lamda": 0.4380536834090965}, "datetime": {"datetime": "2021-06-28 14:03:00", "elapsed": 282.134551, "delta": 0.899546}}
{"target": -15.828394998130936, "params": {"C": 4.877825334359425, "epsilon": 7.797999440463374, "gamma": 0.5261965948736431, "lamda": 0.16853151495038599}, "datetime": {"datetime": "2021-06-28 14:03:01", "elapsed": 283.126186, "delta": 0.991635}}
{"target": -34.4120252131987, "params": {"C": 0.9159961628930455, "epsilon": 0.4365857559201526, "gamma": 7.635698262073183, "lamda": 0.26271556337869595}, "datetime": {"datetime": "2021-06-28 14:03:02", "elapsed": 284.127773, "delta": 1.001587}}
{"target": -29.392911668139366, "params": {"C": 7.277975395615186, "epsilon": 2.9362740474882894, "gamma": 4.173798588162548, "lamda": 0.4408804278730451}, "datetime": {"datetime": "2021-06-28 14:03:03", "elapsed": 285.043303, "delta": 0.91553}}
{"target": -28.752621132112143, "params": {"C": 1.0481338910490967, "epsilon": 1.8377251956437248, "gamma": 2.267222704200034, "lamda": 0.18489254124243043}, "datetime": {"datetime": "2021-06-28 14:03:04", "elapsed": 285.965185, "delta": 0.921882}}
{"target": -17.09219123854785, "params": {"C": 8.279081347466299, "epsilon": 1.9498031880693338, "gamma": 0.6396743777110228, "lamda": 0.049991480770135634}, "datetime": {"datetime": "2021-06-28 14:03:05", "elapsed": 286.931874, "delta": 0.966689}}
{"target": -32.84157889329003, "params": {"C": 8.140468971125278, "epsilon": 3.239339365099442, "gamma": 8.175294256105488, "lamda": 0.4733762020750841}, "datetime": {"datetime": "2021-06-28 14:03:06", "elapsed": 287.898078, "delta": 0.966204}}
{"target": -28.978072212693874, "params": {"C": 2.564401555469834, "epsilon": 0.8188208995999038, "gamma": 3.0962514117767648, "lamda": 0.05862809527912243}, "datetime": {"datetime": "2021-06-28 14:03:07", "elapsed": 288.820114, "delta": 0.922036}}
{"target": -34.66767213480422, "params": {"C": 4.184517121313392, "epsilon": 8.339063874016855, "gamma": 0.5534896382150594, "lamda": 0.35769263878699864}, "datetime": {"datetime": "2021-06-28 14:03:17", "elapsed": 298.945409, "delta": 10.125295}}
{"target": -26.754880140717997, "params": {"C": 3.6137391569107042, "epsilon": 6.71515971278059, "gamma": 2.6215037121373954, "lamda": 0.06689788416783043}, "datetime": {"datetime": "2021-06-28 14:03:18", "elapsed": 299.857389, "delta": 0.91198}}
{"target": -17.44789683825471, "params": {"C": 4.030917388960491, "epsilon": 8.331402162538565, "gamma": 0.6965530024942075, "lamda": 0.07217832595534776}, "datetime": {"datetime": "2021-06-28 14:03:19", "elapsed": 300.892437, "delta": 1.035048}}
{"target": -31.3726367399913, "params": {"C": 3.0662662176206816, "epsilon": 4.688856170899232, "gamma": 5.506923428975968, "lamda": 0.4747637753842502}, "datetime": {"datetime": "2021-06-28 14:03:20", "elapsed": 301.811785, "delta": 0.919348}}
{"target": -18.293178086364843, "params": {"C": 6.987773651722721, "epsilon": 8.22782282441028, "gamma": 0.799353412495825, "lamda": 0.2533141197235332}, "datetime": {"datetime": "2021-06-28 14:03:21", "elapsed": 303.017268, "delta": 1.205483}}
{"target": -16.16751994760493, "params": {"C": 4.778676039433592, "epsilon": 7.717589713910752, "gamma": 0.5629808594014349, "lamda": 0.09425720415938965}, "datetime": {"datetime": "2021-06-28 14:03:22", "elapsed": 303.950881, "delta": 0.933613}}
{"target": -20.541171094426673, "params": {"C": 6.619244887536685, "epsilon": 1.8736214059117464, "gamma": 1.0668052941119162, "lamda": 0.2490008157924047}, "datetime": {"datetime": "2021-06-28 14:03:23", "elapsed": 304.880839, "delta": 0.929958}}
{"target": -33.588215097070034, "params": {"C": 0.6156928813347888, "epsilon": 3.864015611012182, "gamma": 6.709822078445395, "lamda": 0.3993257062802458}, "datetime": {"datetime": "2021-06-28 14:03:24", "elapsed": 305.835015, "delta": 0.954176}}
{"target": -33.86031927008693, "params": {"C": 0.3657677740610799, "epsilon": 5.8885147988808315, "gamma": 8.29907837611264, "lamda": 0.44720312962399844}, "datetime": {"datetime": "2021-06-28 14:03:25", "elapsed": 306.791638, "delta": 0.956623}}
{"target": -15.554624455195645, "params": {"C": 4.910745210449156, "epsilon": 7.843336280231389, "gamma": 0.5016957482344859, "lamda": 0.16840049271731208}, "datetime": {"datetime": "2021-06-28 14:03:26", "elapsed": 307.721275, "delta": 0.929637}}
{"target": -15.982244800309553, "params": {"C": 4.031504964514328, "epsilon": 8.196172280807701, "gamma": 0.5448228599032244, "lamda": 0.21373111281998403}, "datetime": {"datetime": "2021-06-28 14:03:27", "elapsed": 308.775403, "delta": 1.054128}}
{"target": -16.477308303065293, "params": {"C": 4.488525142089149, "epsilon": 7.4257316556617665, "gamma": 0.5978529691407314, "lamda": 0.1225603236425202}, "datetime": {"datetime": "2021-06-28 14:03:28", "elapsed": 309.773427, "delta": 0.998024}}
{"target": -16.862765827219693, "params": {"C": 4.451550517347984, "epsilon": 7.391862022690798, "gamma": 0.6371107736530971, "lamda": 0.17230618330344358}, "datetime": {"datetime": "2021-06-28 14:03:29", "elapsed": 310.720638, "delta": 0.947211}}
{"target": -18.363890537811383, "params": {"C": 2.2506897790687326, "epsilon": 8.803687042250663, "gamma": 0.7253367860242317, "lamda": 0.2913527968649886}, "datetime": {"datetime": "2021-06-28 14:03:30", "elapsed": 311.918071, "delta": 1.197433}}
{"target": -17.049898641991778, "params": {"C": 4.64767878920894, "epsilon": 7.36043981036405, "gamma": 0.6539273535006231, "lamda": 0.06061437329978899}, "datetime": {"datetime": "2021-06-28 14:03:31", "elapsed": 312.903366, "delta": 0.985295}}
{"target": -18.79118472339083, "params": {"C": 2.237978301640145, "epsilon": 8.830394822523726, "gamma": 0.779834718957953, "lamda": 0.30172631342088513}, "datetime": {"datetime": "2021-06-28 14:03:32", "elapsed": 314.101219, "delta": 1.197853}}
{"target": -16.40872674629178, "params": {"C": 4.557203804393193, "epsilon": 7.141544917224541, "gamma": 0.5859606479841006, "lamda": 0.08744234618405823}, "datetime": {"datetime": "2021-06-28 14:03:33", "elapsed": 315.098647, "delta": 0.997428}}
{"target": -17.121150727398422, "params": {"C": 7.440516380696224, "epsilon": 1.381082306644089, "gamma": 0.6312703549614724, "lamda": 0.27779118904045186}, "datetime": {"datetime": "2021-06-28 14:03:34", "elapsed": 316.139771, "delta": 1.041124}}
{"target": -16.640476738481226, "params": {"C": 4.800043072158911, "epsilon": 7.444580358676631, "gamma": 0.6138183081561417, "lamda": 0.2599717580693853}, "datetime": {"datetime": "2021-06-28 14:03:35", "elapsed": 317.202773, "delta": 1.063002}}
{"target": -17.996874414536645, "params": {"C": 4.1044818144258715, "epsilon": 8.078511399395918, "gamma": 0.745319550997324, "lamda": 0.16829211624351728}, "datetime": {"datetime": "2021-06-28 14:03:37", "elapsed": 318.3283, "delta": 1.125527}}
{"target": -30.961420958151447, "params": {"C": 2.900776356460324, "epsilon": 8.200857928418195, "gamma": 5.542812573541374, "lamda": 0.36097392944595125}, "datetime": {"datetime": "2021-06-28 14:03:38", "elapsed": 319.413664, "delta": 1.085364}}
{"target": -17.339710913182785, "params": {"C": 4.045877085731276, "epsilon": 8.372631472035927, "gamma": 0.6830494092803862, "lamda": 0.11221114588664992}, "datetime": {"datetime": "2021-06-28 14:03:38", "elapsed": 320.288206, "delta": 0.874542}}
{"target": -33.26561362926359, "params": {"C": 6.550101710118713, "epsilon": 1.0529918194149015, "gamma": 8.388320588126067, "lamda": 0.3329373563008119}, "datetime": {"datetime": "2021-06-28 14:03:39", "elapsed": 321.233121, "delta": 0.944915}}
{"target": -33.199239751607365, "params": {"C": 2.765293369670643, "epsilon": 2.1031495002106184, "gamma": 7.574321616873185, "lamda": 0.3484659891605142}, "datetime": {"datetime": "2021-06-28 14:03:40", "elapsed": 322.266381, "delta": 1.03326}}
{"target": -24.20654261763642, "params": {"C": 1.140790187501185, "epsilon": 7.766420358522784, "gamma": 1.3912468406779834, "lamda": 0.22894233065553982}, "datetime": {"datetime": "2021-06-28 14:03:42", "elapsed": 323.358504, "delta": 1.092123}}
{"target": -16.64385670607124, "params": {"C": 4.483303774575367, "epsilon": 7.338089448840156, "gamma": 0.6149211090659195, "lamda": 0.04004262915095953}, "datetime": {"datetime": "2021-06-28 14:03:43", "elapsed": 324.502035, "delta": 1.143531}}
{"target": -18.0146558299079, "params": {"C": 4.085539912085254, "epsilon": 8.356807999027213, "gamma": 0.7488220567007973, "lamda": 0.10776093301307023}, "datetime": {"datetime": "2021-06-28 14:03:44", "elapsed": 325.468693, "delta": 0.966658}}
{"target": -17.584212133884332, "params": {"C": 7.52074125773374, "epsilon": 1.379443805888742, "gamma": 0.68042658350723, "lamda": 0.11885712481309325}, "datetime": {"datetime": "2021-06-28 14:03:45", "elapsed": 326.462625, "delta": 0.993932}}
{"target": -17.7245948905088, "params": {"C": 3.19028802192753, "epsilon": 1.6729562184541273, "gamma": 0.6446797182664691, "lamda": 0.14410171993229356}, "datetime": {"datetime": "2021-06-28 14:03:46", "elapsed": 327.615833, "delta": 1.153208}}
{"target": -16.619360455207524, "params": {"C": 4.092689878453473, "epsilon": 8.04155814076943, "gamma": 0.6164838087962318, "lamda": 0.0045561391733278875}, "datetime": {"datetime": "2021-06-28 14:03:47", "elapsed": 328.645522, "delta": 1.029689}}
{"target": -33.596886774655715, "params": {"C": 2.2914478305294557, "epsilon": 4.746403223232139, "gamma": 9.890371773445507, "lamda": 0.4688045984957781}, "datetime": {"datetime": "2021-06-28 14:03:48", "elapsed": 329.632284, "delta": 0.986762}}
{"target": -15.710131186572251, "params": {"C": 4.161194994262367, "epsilon": 8.078168877388624, "gamma": 0.5098266693452926, "lamda": 0.039123470789378285}, "datetime": {"datetime": "2021-06-28 14:03:49", "elapsed": 330.691996, "delta": 1.059712}}
{"target": -18.014984455518128, "params": {"C": 3.1678258239551713, "epsilon": 1.6807315616347291, "gamma": 0.6730604118768936, "lamda": 0.19991432052372948}, "datetime": {"datetime": "2021-06-28 14:03:50", "elapsed": 331.752533, "delta": 1.060537}}
{"target": -16.631759906569812, "params": {"C": 4.54374013457678, "epsilon": 7.164754820044368, "gamma": 0.6128545003918371, "lamda": 0.0988249457985385}, "datetime": {"datetime": "2021-06-28 14:03:51", "elapsed": 332.987572, "delta": 1.235039}}
{"target": -17.914945250961992, "params": {"C": 3.2608530408457246, "epsilon": 1.6793051898477651, "gamma": 0.6700143153420154, "lamda": 0.39335327970377}, "datetime": {"datetime": "2021-06-28 14:03:52", "elapsed": 333.998033, "delta": 1.010461}}
