{"target": -31.21444880804311, "params": {"C": 3.346018960794452, "epsilon": 5.661281402310356, "gamma": 5.562001698457041, "lamda": 0.2867091064947895}, "datetime": {"datetime": "2021-06-28 14:03:53", "elapsed": 335.061594, "delta": 1.063561}}
{"target": -23.769010235700225, "params": {"C": 4.946116699531213, "epsilon": 7.714292368859442, "gamma": 1.756015020236384, "lamda": 0.10162117426010835}, "datetime": {"datetime": "2021-06-28 14:03:54", "elapsed": 336.137649, "delta": 1.076055}}
{"target": -17.987150604918938, "params": {"C": 8.274740322439364, "epsilon": 1.9083739497497347, "gamma": 0.7426592943231693, "lamda": 0.05045684536196365}, "datetime": {"datetime": "2021-06-28 14:03:55", "elapsed": 337.303433, "delta": 1.165784}}
{"target": -28.387774390229332, "params": {"C": 3.232094678397094, "epsilon": 4.782471819465758, "gamma": 3.291171444147511, "lamda": 0.37796532308126124}, "datetime": {"datetime": "2021-06-28 14:03:56", "elapsed": 338.30039, "delta": 0.996957}}
{"target": -29.218112887104137, "params": {"C": 6.880141275916141, "epsilon": 4.844554135080143, "gamma": 4.154103869532809, "lamda": 0.013815238393661378}, "datetime": {"datetime": "2021-06-28 14:03:58", "elapsed": 339.338868, "delta": 1.038478}}
{"target": -32.9591878345973, "params": {"C": 9.371796993639581, "epsilon": 6.0769963833649685, "gamma": 9.102403615969177, "lamda": 0.03447548641944415}, "datetime": {"datetime": "2021-06-28 14:03:59", "elapsed": 340.359799, "delta": 1.020931}}
{"target": -19.19425581065998, "params": {"C": 3.10979210160462, "epsilon": 1.5757938504502407, "gamma": 0.7881998310325184, "lamda": 0.3075786164625857}, "datetime": {"datetime": "2021-06-28 14:04:00", "elapsed": 341.411835, "delta": 1.052036}}
{"target": -32.63626978790414, "params": {"C": 9.598973604005872, "epsilon": 7.512764054032791, "gamma": 3.087259166871805, "lamda": 0.3662337857060614}, "datetime": {"datetime": "2021-06-28 14:04:11", "elapsed": 352.682855, "delta": 11.27102}}
{"target": -16.45217023493698, "params": {"C": 8.239450610479295, "epsilon": 1.9824451127963287, "gamma": 0.576169898350807, "lamda": 0.048344858201806874}, "datetime": {"datetime": "2021-06-28 14:04:12", "elapsed": 354.128384, "delta": 1.445529}}
{"target": -32.86062467766632, "params": {"C": 0.6106888687963017, "epsilon": 9.816888586211576, "gamma": 9.615708485983056, "lamda": 0.0641560184066621}, "datetime": {"datetime": "2021-06-28 14:04:13", "elapsed": 355.228579, "delta": 1.100195}}
{"target": -18.53315665255371, "params": {"C": 3.3154963467313516, "epsilon": 1.7067689031706246, "gamma": 0.7335206046881169, "lamda": 0.2754934627665503}, "datetime": {"datetime": "2021-06-28 14:04:15", "elapsed": 356.388423, "delta": 1.159844}}
{"target": -16.55789296539905, "params": {"C": 3.8749562315652315, "epsilon": 8.211534565405563, "gamma": 0.6061048271518201, "lamda": 0.2257958546008338}, "datetime": {"datetime": "2021-06-28 14:04:16", "elapsed": 357.354833, "delta": 0.96641}}
{"target": -17.255069798313993, "params": {"C": 8.22094584760802, "epsilon": 1.988923608867204, "gamma": 0.6589617328458721, "lamda": 0.052493535069727315}, "datetime": {"datetime": "2021-06-28 14:04:17", "elapsed": 358.485765, "delta": 1.130932}}
{"target": -20.243978777497617, "params": {"C": 4.107738523720318, "epsilon": 2.1016551187942216, "gamma": 0.9517467789595134, "lamda": 0.1906985910897135}, "datetime": {"datetime": "2021-06-28 14:04:18", "elapsed": 359.732785, "delta": 1.24702}}
{"target": -31.194597668981373, "params": {"C": 1.857075555666529, "epsilon": 6.293434601383157, "gamma": 5.042163481573193, "lamda": 0.28742901063499743}, "datetime": {"datetime": "2021-06-28 14:04:19", "elapsed": 360.925067, "delta": 1.192282}}
{"target": -27.62376460192517, "params": {"C": 1.8832949816339146, "epsilon": 7.858830860156038, "gamma": 2.8210972297707784, "lamda": 0.23337545563357437}, "datetime": {"datetime": "2021-06-28 14:04:20", "elapsed": 362.023641, "delta": 1.098574}}
{"target": -18.10589007576776, "params": {"C": 2.2199899825849005, "epsilon": 8.935834237813902, "gamma": 0.6978542122182445, "lamda": 0.12225082482136661}, "datetime": {"datetime": "2021-06-28 14:04:21", "elapsed": 363.126101, "delta": 1.10246}}
{"target": -16.23124753337506, "params": {"C": 4.621367377217447, "epsilon": 7.919028410809164, "gamma": 0.5705033961319987, "lamda": 0.17009463711715161}, "datetime": {"datetime": "2021-06-28 14:04:22", "elapsed": 364.22556, "delta": 1.099459}}
{"target": -15.80378906713694, "params": {"C": 4.765636208512029, "epsilon": 7.854054966747821, "gamma": 0.5234070107739393, "lamda": 0.2046045573610345}, "datetime": {"datetime": "2021-06-28 14:04:23", "elapsed": 365.318787, "delta": 1.093227}}
{"target": -18.819822773489108, "params": {"C": 3.3494458677729235, "epsilon": 1.724012474946142, "gamma": 0.7637050713244413, "lamda": 0.4108802439124515}, "datetime": {"datetime": "2021-06-28 14:04:24", "elapsed": 366.276836, "delta": 0.958049}}
{"target": -29.17726135671885, "params": {"C": 7.3222655895090325, "epsilon": 8.473269332057976, "gamma": 4.396311378301263, "lamda": 0.17768823515385943}, "datetime": {"datetime": "2021-06-28 14:04:25", "elapsed": 367.312916, "delta": 1.03608}}
{"target": -30.304340353556512, "params": {"C": 5.253521268013398, "epsilon": 4.107331662829575, "gamma": 4.73506295559164, "lamda": 0.3944644125859712}, "datetime": {"datetime": "2021-06-28 14:04:27", "elapsed": 368.446159, "delta": 1.133243}}
{"target": -17.05968709048935, "params": {"C": 8.348307475432026, "epsilon": 1.9099732958341842, "gamma": 0.636864921290701, "lamda": 0.00614804502106049}, "datetime": {"datetime": "2021-06-28 14:04:28", "elapsed": 369.724889, "delta": 1.27873}}
{"target": -16.92962636263699, "params": {"C": 4.540162968239138, "epsilon": 7.388498718477591, "gamma": 0.6424342905999969, "lamda": 0.13112458865176405}, "datetime": {"datetime": "2021-06-28 14:04:29", "elapsed": 371.00391, "delta": 1.279021}}
{"target": -16.456548946326723, "params": {"C": 4.132180711655006, "epsilon": 8.134928418181099, "gamma": 0.5975491612825807, "lamda": 0.0918519972865641}, "datetime": {"datetime": "2021-06-28 14:04:30", "elapsed": 372.209273, "delta": 1.205363}}
{"target": -15.94802901349258, "params": {"C": 4.226937127218395, "epsilon": 8.140244882206302, "gamma": 0.5424488317294243, "lamda": 0.059998893019401624}, "datetime": {"datetime": "2021-06-28 14:04:31", "elapsed": 373.225247, "delta": 1.015974}}
{"target": -33.5475619618417, "params": {"C": 4.481141105067305, "epsilon": 2.857621264832571, "gamma": 9.453101467002368, "lamda": 0.003260471081002124}, "datetime": {"datetime": "2021-06-28 14:04:33", "elapsed": 374.327633, "delta": 1.102386}}
{"target": -16.774292206625834, "params": {"C": 7.428389241330991, "epsilon": 1.4572191941835784, "gamma": 0.6037278512444177, "lamda": 0.3347297981170416}, "datetime": {"datetime": "2021-06-28 14:04:34", "elapsed": 375.520231, "delta": 1.192598}}
{"target": -16.318457865350574, "params": {"C": 4.769208857996498, "epsilon": 7.8328146385310875, "gamma": 0.5806440698454849, "lamda": 0.08978778297908256}, "datetime": {"datetime": "2021-06-28 14:04:35", "elapsed": 376.777083, "delta": 1.256852}}
{"target": -19.28406595475364, "params": {"C": 4.0596339449511785, "epsilon": 8.112081241039457, "gamma": 0.8828440390440995, "lamda": 0.020280804081598727}, "datetime": {"datetime": "2021-06-28 14:04:36", "elapsed": 378.058841, "delta": 1.281758}}
{"target": -28.668271836691595, "params": {"C": 9.227809230010179, "epsilon": 1.5292952462566525, "gamma": 3.750002865238878, "lamda": 0.4093310901551488}, "datetime": {"datetime": "2021-06-28 14:04:37", "elapsed": 379.291536, "delta": 1.232695}}
{"target": -17.320415299792224, "params": {"C": 4.529506221649135, "epsilon": 7.0961149125641985, "gamma": 0.6790934192073002, "lamda": 0.14017334583131483}, "datetime": {"datetime": "2021-06-28 14:04:39", "elapsed": 380.407565, "delta": 1.116029}}
{"target": -20.725121064992543, "params": {"C": 8.540690270321212, "epsilon": 9.75112265646705, "gamma": 1.1877508482509929, "lamda": 0.10296004681390532}, "datetime": {"datetime": "2021-06-28 14:04:40", "elapsed": 381.651888, "delta": 1.244323}}
{"target": -32.54244098051271, "params": {"C": 1.6711830175904712, "epsilon": 1.858632394878048, "gamma": 5.478726733717193, "lamda": 0.28348630325991386}, "datetime": {"datetime": "2021-06-28 14:04:41", "elapsed": 382.858267, "delta": 1.206379}}
{"target": -18.478179997756925, "params": {"C": 4.513282941286691, "epsilon": 7.3396244796559165, "gamma": 0.7804672604289671, "lamda": 0.008586291847167346}, "datetime": {"datetime": "2021-06-28 14:04:43", "elapsed": 384.573038, "delta": 1.714771}}
{"target": -20.58368648500575, "params": {"C": 9.008490704304622, "epsilon": 5.468657647343017, "gamma": 1.1494478881726329, "lamda": 0.10799682723192486}, "datetime": {"datetime": "2021-06-28 14:04:44", "elapsed": 385.770424, "delta": 1.197386}}
{"target": -16.26161211849976, "params": {"C": 3.995061223604121, "epsilon": 8.291341387685243, "gamma": 0.5725354430018605, "lamda": 0.08065536693092291}, "datetime": {"datetime": "2021-06-28 14:04:45", "elapsed": 387.137224, "delta": 1.3668}}
{"target": -17.28645476986701, "params": {"C": 3.0613590267742596, "epsilon": 1.550317444191252, "gamma": 0.5942941887265776, "lamda": 0.11412891115514867}, "datetime": {"datetime": "2021-06-28 14:04:47", "elapsed": 388.349252, "delta": 1.212028}}
{"target": -33.228952411255825, "params": {"C": 8.26148569468776, "epsilon": 1.5419167394491338, "gamma": 8.674689422728564, "lamda": 0.07969679917664874}, "datetime": {"datetime": "2021-06-28 14:04:48", "elapsed": 389.543753, "delta": 1.194501}}
{"target": -19.504169075561176, "params": {"C": 2.0952105825686203, "epsilon": 8.862270661309719, "gamma": 0.8455184591658378, "lamda": 0.26302911785552174}, "datetime": {"datetime": "2021-06-28 14:04:49", "elapsed": 390.804574, "delta": 1.260821}}
{"target": -31.045541525317994, "params": {"C": 4.622213099686052, "epsilon": 3.9046666162204016, "gamma": 5.34859210234279, "lamda": 0.3362627266658625}, "datetime": {"datetime": "2021-06-28 14:04:50", "elapsed": 391.93706, "delta": 1.132486}}
{"target": -16.78959757030806, "params": {"C": 8.249132363488004, "epsilon": 1.9953555058280008, "gamma": 0.6097075046904459, "lamda": 0.05130003604866698}, "datetime": {"datetime": "2021-06-28 14:04:52", "elapsed": 393.65157, "delta": 1.71451}}
{"target": -33.162752746562404, "params": {"C": 6.998821478899154, "epsilon": 6.7501825411409175, "gamma": 9.73291415632437, "lamda": 0.09599993560973807}, "datetime": {"datetime": "2021-06-28 14:04:53", "elapsed": 394.911402, "delta": 1.259832}}
{"target": -31.95012369607278, "params": {"C": 6.754893515782616, "epsilon": 1.5922965390335817, "gamma": 6.319326688633504, "lamda": 0.29301684255581045}, "datetime": {"datetime": "2021-06-28 14:04:54", "elapsed": 396.175354, "delta": 1.263952}}
{"target": -27.504054252283535, "params": {"C": 3.6931644654708538, "epsilon": 9.326066754060921, "gamma": 3.198154544371347, "lamda": 0.11220258647327606}, "datetime": {"datetime": "2021-06-28 14:04:56", "elapsed": 397.463459, "delta": 1.288105}}
{"target": -16.625090010799465, "params": {"C": 8.259778334266505, "epsilon": 1.851044623277203, "gamma": 0.5951397895097384, "lamda": 0.011937580648964961}, "datetime": {"datetime": "2021-06-28 14:04:57", "elapsed": 398.706671, "delta": 1.243212}}
{"target": -17.97106752364932, "params": {"C": 3.210695100657632, "epsilon": 1.4985825975463092, "gamma": 0.6701616433133726, "lamda": 0.27024064022180727}, "datetime": {"datetime": "2021-06-28 14:04:59", "elapsed": 400.456704, "delta": 1.750033}}
{"target": -18.608255211308492, "params": {"C": 2.2092953830654474, "epsilon": 8.849110294848881, "gamma": 0.753545866075765, "lamda": 0.21829451300889124}, "datetime": {"datetime": "2021-06-28 14:05:00", "elapsed": 401.775263, "delta": 1.318559}}
{"target": -17.14690928457782, "params": {"C": 4.175316192757811, "epsilon": 8.44017420459943, "gamma": 0.6663895279564414, "lamda": 0.20697673714159548}, "datetime": {"datetime": "2021-06-28 14:05:01", "elapsed": 402.993348, "delta": 1.218085}}
{"target": -17.964746021140225, "params": {"C": 7.463974605087543, "epsilon": 1.4540788459528144, "gamma": 0.7211149304405792, "lamda": 0.3111417487315283}, "datetime": {"datetime": "2021-06-28 14:05:03", "elapsed": 404.474018, "delta": 1.48067}}
{"target": -36.77812353587157, "params": {"C": 4.085229371243609, "epsilon": 8.322739174308285, "gamma": 0.5147685546983609, "lamda": 0.34681283369216875}, "datetime": {"datetime": "2021-06-28 14:05:15", "elapsed": 416.41612, "delta": 11.942102}}
{"target": -17.849276506649563, "params": {"C": 6.941045737236268, "epsilon": 8.509492776488813, "gamma": 0.7451512386316084, "lamda": 0.2975982577459069}, "datetime": {"datetime": "2021-06-28 14:05:16", "elapsed": 417.677196, "delta": 1.261076}}
{"target": -15.86210805898384, "params": {"C": 7.491312443433117, "epsilon": 1.3241987496311394, "gamma": 0.5179282037934414, "lamda": 0.32481299099458}, "datetime": {"datetime": "2021-06-28 14:05:17", "elapsed": 419.134826, "delta": 1.45763}}
{"target": -18.575073497339424, "params": {"C": 6.968497266200027, "epsilon": 8.453286995747717, "gamma": 0.8327818486596349, "lamda": 0.3698279778780462}, "datetime": {"datetime": "2021-06-28 14:05:19", "elapsed": 420.687412, "delta": 1.552586}}
{"target": -18.459062454852944, "params": {"C": 3.0159138588871577, "epsilon": 1.5379503793810811, "gamma": 0.7054502508315728, "lamda": 0.3324522672173165}, "datetime": {"datetime": "2021-06-28 14:05:20", "elapsed": 422.271448, "delta": 1.584036}}
{"target": -28.298758657366257, "params": {"C": 4.522776743650863, "epsilon": 9.88621546760581, "gamma": 3.7411495226902565, "lamda": 0.25025401462551516}, "datetime": {"datetime": "2021-06-28 14:05:22", "elapsed": 423.66123, "delta": 1.389782}}
{"target": -23.780228524937975, "params": {"C": 8.279325476969385, "epsilon": 7.002893534535172, "gamma": 1.8675686086682308, "lamda": 0.4794261655379807}, "datetime": {"datetime": "2021-06-28 14:05:23", "elapsed": 425.043149, "delta": 1.381919}}
{"target": -31.558492899480445, "params": {"C": 7.13110414337895, "epsilon": 7.65639981878971, "gamma": 6.683219586012383, "lamda": 0.24420804697073742}, "datetime": {"datetime": "2021-06-28 14:05:25", "elapsed": 426.64805, "delta": 1.604901}}
{"target": -15.805446302560041, "params": {"C": 3.9231653692396353, "epsilon": 8.375746607441195, "gamma": 0.5184991779041517, "lamda": 0.10625436303894632}, "datetime": {"datetime": "2021-06-28 14:05:27", "elapsed": 428.504356, "delta": 1.856306}}
{"target": -18.67427465892671, "params": {"C": 4.018908852820037, "epsilon": 8.082900611090897, "gamma": 0.8108098942739658, "lamda": 0.04521524225864733}, "datetime": {"datetime": "2021-06-28 14:05:28", "elapsed": 429.995485, "delta": 1.491129}}
{"target": -32.98871366247525, "params": {"C": 1.0385935230264334, "epsilon": 8.72645287282975, "gamma": 9.90883474579705, "lamda": 0.05221955983798614}, "datetime": {"datetime": "2021-06-28 14:05:30", "elapsed": 431.520144, "delta": 1.524659}}
{"target": -17.87033507475264, "params": {"C": 2.16063715554385, "epsilon": 9.158371374890878, "gamma": 0.6741113773173547, "lamda": 0.23478630261922473}, "datetime": {"datetime": "2021-06-28 14:05:31", "elapsed": 432.85668, "delta": 1.336536}}
{"target": -17.84065714152174, "params": {"C": 4.148146612293503, "epsilon": 8.193213250901248, "gamma": 0.730799621899956, "lamda": 0.21510478493485}, "datetime": {"datetime": "2021-06-28 14:05:32", "elapsed": 434.171404, "delta": 1.314724}}
{"target": -19.349689534560476, "params": {"C": 1.9822781254807171, "epsilon": 8.818780617497662, "gamma": 0.8225873212220253, "lamda": 0.26104570783082165}, "datetime": {"datetime": "2021-06-28 14:05:34", "elapsed": 435.381824, "delta": 1.21042}}
{"target": -32.703461135559984, "params": {"C": 1.6522378467526893, "epsilon": 4.583704234563003, "gamma": 6.569945095583516, "lamda": 0.20012841900664313}, "datetime": {"datetime": "2021-06-28 14:05:35", "elapsed": 436.636238, "delta": 1.254414}}
{"target": -29.071692007565474, "params": {"C": 9.26802923724453, "epsilon": 1.9454899365244402, "gamma": 4.0095189567832605, "lamda": 0.2561835522117809}, "datetime": {"datetime": "2021-06-28 14:05:36", "elapsed": 437.864212, "delta": 1.227974}}
{"target": -16.155685654175784, "params": {"C": 4.047305992041733, "epsilon": 8.260096402980535, "gamma": 0.5622933913550334, "lamda": 0.14580917882311453}, "datetime": {"datetime": "2021-06-28 14:05:37", "elapsed": 439.276749, "delta": 1.412537}}
{"target": -17.400631125329006, "params": {"C": 4.164368103000761, "epsilon": 8.258609261349887, "gamma": 0.6915476340073333, "lamda": 0.189239733412268}, "datetime": {"datetime": "2021-06-28 14:05:39", "elapsed": 440.86122, "delta": 1.584471}}
{"target": -17.531293083976216, "params": {"C": 4.195737100579045, "epsilon": 8.200431667633325, "gamma": 0.7048898476476475, "lamda": 0.2019805120773078}, "datetime": {"datetime": "2021-06-28 14:05:40", "elapsed": 442.223131, "delta": 1.361911}}
{"target": -15.640827735419037, "params": {"C": 4.870248501116585, "epsilon": 7.857342281217535, "gamma": 0.508565588813062, "lamda": 0.06610745248442898}, "datetime": {"datetime": "2021-06-28 14:05:42", "elapsed": 443.466397, "delta": 1.243266}}
{"target": -18.19851259307925, "params": {"C": 3.1956242910795445, "epsilon": 1.551087900962218, "gamma": 0.6923125198698221, "lamda": 0.43246561878199513}, "datetime": {"datetime": "2021-06-28 14:05:43", "elapsed": 444.85406, "delta": 1.387663}}
{"target": -32.56495746121601, "params": {"C": 0.6427348948813663, "epsilon": 5.683966946915678, "gamma": 5.3751330271214215, "lamda": 0.3020686981126928}, "datetime": {"datetime": "2021-06-28 14:05:44", "elapsed": 446.226463, "delta": 1.372403}}
{"target": -18.621254479234874, "params": {"C": 2.967487341717197, "epsilon": 1.6055699528404697, "gamma": 0.7219984428268634, "lamda": 0.3470284598545311}, "datetime": {"datetime": "2021-06-28 14:05:46", "elapsed": 447.751405, "delta": 1.524942}}
{"target": -33.13220158276792, "params": {"C": 4.046007416259671, "epsilon": 0.5741968339477083, "gamma": 7.5278622270860245, "lamda": 0.2085832397993975}, "datetime": {"datetime": "2021-06-28 14:05:47", "elapsed": 449.221633, "delta": 1.470228}}
{"target": -32.91728429920065, "params": {"C": 5.59373257572931, "epsilon": 9.046563579170952, "gamma": 9.76811784222815, "lamda": 0.38389580253902417}, "datetime": {"datetime": "2021-06-28 14:05:49", "elapsed": 450.840011, "delta": 1.618378}}
{"target": -18.349613682731846, "params": {"C": 3.2493291200691656, "epsilon": 1.6162329339550738, "gamma": 0.7093329734181827, "lamda": 0.41106111577559495}, "datetime": {"datetime": "2021-06-28 14:05:51", "elapsed": 452.550967, "delta": 1.710956}}
{"target": -23.549799562152483, "params": {"C": 6.99910206373045, "epsilon": 4.071199344092008, "gamma": 1.7397849574361843, "lamda": 0.2652212073735062}, "datetime": {"datetime": "2021-06-28 14:05:52", "elapsed": 453.881746, "delta": 1.330779}}
{"target": -16.80774209841041, "params": {"C": 4.778182365966533, "epsilon": 7.8539767632096344, "gamma": 0.635187002932331, "lamda": 0.04027326704537474}, "datetime": {"datetime": "2021-06-28 14:05:53", "elapsed": 455.324, "delta": 1.442254}}
{"target": -29.007186162796287, "params": {"C": 8.600856942658732, "epsilon": 1.6210509552303796, "gamma": 3.9210358478734246, "lamda": 0.07688234266238196}, "datetime": {"datetime": "2021-06-28 14:05:55", "elapsed": 456.629033, "delta": 1.305033}}
{"target": -18.619444343741776, "params": {"C": 2.0493251430562767, "epsilon": 8.870595666655785, "gamma": 0.7454901510784131, "lamda": 0.31924408870832044}, "datetime": {"datetime": "2021-06-28 14:05:57", "elapsed": 458.712852, "delta": 2.083819}}
{"target": -16.017821300867656, "params": {"C": 4.279137811770904, "epsilon": 8.346197261371708, "gamma": 0.5474978207528095, "lamda": 0.2343991609129571}, "datetime": {"datetime": "2021-06-28 14:05:58", "elapsed": 460.124682, "delta": 1.41183}}
{"target": -31.63975744782525, "params": {"C": 8.734982064299244, "epsilon": 8.428592474174618, "gamma": 6.95160690383111, "lamda": 0.14179891333691932}, "datetime": {"datetime": "2021-06-28 14:06:00", "elapsed": 461.599779, "delta": 1.475097}}
{"target": -15.802170757690892, "params": {"C": 4.1074490985483205, "epsilon": 8.17780415917313, "gamma": 0.520521258454875, "lamda": 0.23566561537492955}, "datetime": {"datetime": "2021-06-28 14:06:01", "elapsed": 463.235893, "delta": 1.636114}}
{"target": -29.159241101583977, "params": {"C": 8.997174785958984, "epsilon": 9.442023459466762, "gamma": 4.480278373457893, "lamda": 0.005456252415203103}, "datetime": {"datetime": "2021-06-28 14:06:03", "elapsed": 464.659336, "delta": 1.423443}}
{"target": -23.294300481991673, "params": {"C": 2.976101593451922, "epsilon": 1.8608733126302581, "gamma": 1.3711335603873345, "lamda": 0.43673678323495435}, "datetime": {"datetime": "2021-06-28 14:06:05", "elapsed": 466.447302, "delta": 1.787966}}
{"target": -16.28441409311276, "params": {"C": 4.723303537719076, "epsilon": 7.404481854379843, "gamma": 0.5738965947547717, "lamda": 0.0753295756223025}, "datetime": {"datetime": "2021-06-28 14:06:06", "elapsed": 468.263452, "delta": 1.81615}}
{"target": -18.874924729044235, "params": {"C": 3.206437897521136, "epsilon": 1.588583489247886, "gamma": 0.7613130036702869, "lamda": 0.3507757203023971}, "datetime": {"datetime": "2021-06-28 14:06:09", "elapsed": 470.860554, "delta": 2.597102}}
{"target": -16.11142515629755, "params": {"C": 2.601564743994246, "epsilon": 8.570499397748872, "gamma": 0.5030863827425198, "lamda": 0.2454292359670139}, "datetime": {"datetime": "2021-06-28 14:06:11", "elapsed": 472.49507, "delta": 1.634516}}
{"target": -16.745590916006797, "params": {"C": 7.556684020505162, "epsilon": 1.4998127953450808, "gamma": 0.6031624594417868, "lamda": 0.26349002519499315}, "datetime": {"datetime": "2021-06-28 14:06:12", "elapsed": 474.136395, "delta": 1.641325}}
