{"target": -15.101352862558581, "params": {"C": 3.322561961005322, "epsilon": 5.327859687388758, "gamma": 0.39159922741258835, "lamda": 0.4087286121243172}, "datetime": {"datetime": "2021-06-21 19:42:08", "elapsed": 115.430333, "delta": 0.657241}}
{"target": -14.381909633689116, "params": {"C": 7.558951366506045, "epsilon": 1.2094232986628548, "gamma": 0.3668252610932904, "lamda": 0.0125646647259513}, "datetime": {"datetime": "2021-06-21 19:42:09", "elapsed": 116.391762, "delta": 0.961429}}
{"target": -15.064731422383328, "params": {"C": 8.222376667329517, "epsilon": 1.0645377121409627, "gamma": 0.43783577708059174, "lamda": 0.28194955712881964}, "datetime": {"datetime": "2021-06-21 19:42:10", "elapsed": 117.33524, "delta": 0.943478}}
{"target": -12.464996378062498, "params": {"C": 3.8429283208575598, "epsilon": 0.3676196692934265, "gamma": 0.14497326512222775, "lamda": 0.15798518307743775}, "datetime": {"datetime": "2021-06-21 19:42:10", "elapsed": 117.828922, "delta": 0.493682}}
{"target": -11.716715463936527, "params": {"C": 7.615004291921659, "epsilon": 1.131111981772406, "gamma": 0.1044202654454271, "lamda": 0.1360690038974726}, "datetime": {"datetime": "2021-06-21 19:42:11", "elapsed": 119.024722, "delta": 1.1958}}
{"target": -18.342274666890148, "params": {"C": 1.7162256379119876, "epsilon": 7.5554234143265235, "gamma": 0.6486803863347548, "lamda": 0.3711814024226307}, "datetime": {"datetime": "2021-06-21 19:42:12", "elapsed": 119.486487, "delta": 0.461765}}
{"target": -15.823889977865976, "params": {"C": 7.5838087472219735, "epsilon": 1.1107017233055276, "gamma": 0.5130065135023911, "lamda": 0.6952795061623329}, "datetime": {"datetime": "2021-06-21 19:42:13", "elapsed": 120.846851, "delta": 1.360364}}
{"target": -13.786409306834976, "params": {"C": 7.7073656875349865, "epsilon": 1.4224454916123561, "gamma": 0.2729230990724987, "lamda": 0.5776953156285722}, "datetime": {"datetime": "2021-06-21 19:42:14", "elapsed": 121.37045, "delta": 0.523599}}
{"target": -12.51733760996295, "params": {"C": 5.249774603828128, "epsilon": 0.8598465959481255, "gamma": 0.1517108907969046, "lamda": 0.37632267963722826}, "datetime": {"datetime": "2021-06-21 19:42:14", "elapsed": 121.948904, "delta": 0.578454}}
{"target": -11.64484134204176, "params": {"C": 3.993049874896674, "epsilon": 4.71956367574866, "gamma": 0.1, "lamda": 0.3400942788956742}, "datetime": {"datetime": "2021-06-21 19:42:15", "elapsed": 123.22549, "delta": 1.276586}}
{"target": -11.678425655828214, "params": {"C": 7.721217070183475, "epsilon": 0.4682375891597513, "gamma": 0.1, "lamda": 0.009}, "datetime": {"datetime": "2021-06-21 19:42:17", "elapsed": 124.769361, "delta": 1.543871}}
{"target": -17.03403871305769, "params": {"C": 3.870369869667342, "epsilon": 6.0105872725150515, "gamma": 0.6335036598994559, "lamda": 0.2675482256810507}, "datetime": {"datetime": "2021-06-21 19:42:17", "elapsed": 125.243097, "delta": 0.473736}}
{"target": -14.852816953964021, "params": {"C": 3.7610670980101397, "epsilon": 4.491581508818122, "gamma": 0.37033578259198335, "lamda": 0.27486012534903514}, "datetime": {"datetime": "2021-06-21 19:42:19", "elapsed": 126.391025, "delta": 1.147928}}
{"target": -18.727852831731564, "params": {"C": 5.342830983654296, "epsilon": 3.5883559453661684, "gamma": 0.7881377528848171, "lamda": 0.02917344795380173}, "datetime": {"datetime": "2021-06-21 19:42:19", "elapsed": 126.858775, "delta": 0.46775}}
{"target": -16.17324815278092, "params": {"C": 5.583986660135974, "epsilon": 1.8111994537744198, "gamma": 0.5328666972578691, "lamda": 0.06533262051321255}, "datetime": {"datetime": "2021-06-21 19:42:20", "elapsed": 127.356442, "delta": 0.497667}}
{"target": -12.129168606445061, "params": {"C": 4.025649851673968, "epsilon": 4.398555458135039, "gamma": 0.13786920842095146, "lamda": 0.604462475699206}, "datetime": {"datetime": "2021-06-21 19:42:21", "elapsed": 128.809558, "delta": 1.453116}}
{"target": -13.935473899533148, "params": {"C": 4.27748421141118, "epsilon": 4.565326204404821, "gamma": 0.27100523701293394, "lamda": 0.4050164037419098}, "datetime": {"datetime": "2021-06-21 19:42:22", "elapsed": 129.970453, "delta": 1.160895}}
{"target": -14.645381382033449, "params": {"C": 7.646354721326493, "epsilon": 0.7707456490097057, "gamma": 0.39889326232125255, "lamda": 0.033533699402334624}, "datetime": {"datetime": "2021-06-21 19:42:23", "elapsed": 130.933876, "delta": 0.963423}}
{"target": -15.683903549990635, "params": {"C": 7.755819355505389, "epsilon": 8.993800197760118, "gamma": 0.5362003843719436, "lamda": 0.3293182913180322}, "datetime": {"datetime": "2021-06-21 19:42:24", "elapsed": 132.142644, "delta": 1.208768}}
{"target": -13.51736660946126, "params": {"C": 7.75761473557532, "epsilon": 0.15765656402695513, "gamma": 0.22277518535053947, "lamda": 0.3074602678681689}, "datetime": {"datetime": "2021-06-21 19:42:26", "elapsed": 133.492036, "delta": 1.349392}}
{"target": -12.430630343897473, "params": {"C": 3.380953729039257, "epsilon": 5.482134950662507, "gamma": 0.15971701537713828, "lamda": 0.49350573688107113}, "datetime": {"datetime": "2021-06-21 19:42:26", "elapsed": 134.015637, "delta": 0.523601}}
{"target": -17.683774292568728, "params": {"C": 2.0986758597942408, "epsilon": 1.5325576504089211, "gamma": 0.5557844709178752, "lamda": 0.25998975189842244}, "datetime": {"datetime": "2021-06-21 19:42:27", "elapsed": 134.546217, "delta": 0.53058}}
{"target": -13.925690878813612, "params": {"C": 8.684995282479937, "epsilon": 8.593376315034698, "gamma": 0.35365802292305104, "lamda": 0.009}, "datetime": {"datetime": "2021-06-21 19:42:28", "elapsed": 135.975396, "delta": 1.429179}}
{"target": -15.103766274640803, "params": {"C": 6.07628577712512, "epsilon": 6.872498471136414, "gamma": 0.4579493484537479, "lamda": 0.3250093825225455}, "datetime": {"datetime": "2021-06-21 19:42:29", "elapsed": 136.499993, "delta": 0.524597}}
{"target": -12.93014122257275, "params": {"C": 3.4209126317080227, "epsilon": 0.3117999990876794, "gamma": 0.17323605488308533, "lamda": 0.28439301258961114}, "datetime": {"datetime": "2021-06-21 19:42:30", "elapsed": 137.670863, "delta": 1.17087}}
{"target": -14.01113777539343, "params": {"C": 3.682701246679494, "epsilon": 0.6270339009149049, "gamma": 0.24958993778814179, "lamda": 0.45449812040922893}, "datetime": {"datetime": "2021-06-21 19:42:31", "elapsed": 138.840734, "delta": 1.169871}}
{"target": -14.641251651940786, "params": {"C": 3.213723626414775, "epsilon": 0.4469368173659097, "gamma": 0.29327972176160255, "lamda": 0.6537153958502516}, "datetime": {"datetime": "2021-06-21 19:42:32", "elapsed": 140.176162, "delta": 1.335428}}
{"target": -16.403624056908576, "params": {"C": 3.6975585525121692, "epsilon": 0.2528556206205754, "gamma": 0.5147304743245452, "lamda": 0.33486525499114117}, "datetime": {"datetime": "2021-06-21 19:42:34", "elapsed": 141.59437, "delta": 1.418208}}
{"target": -15.284839406491905, "params": {"C": 7.506092526863465, "epsilon": 4.1363539587477565, "gamma": 0.47007999678874735, "lamda": 0.5135336709620688}, "datetime": {"datetime": "2021-06-21 19:42:34", "elapsed": 142.118968, "delta": 0.524598}}
{"target": -14.048791038232824, "params": {"C": 3.6242780151702396, "epsilon": 4.256003710678517, "gamma": 0.2737680563048131, "lamda": 0.7}, "datetime": {"datetime": "2021-06-21 19:42:35", "elapsed": 143.134253, "delta": 1.015285}}
{"target": -11.69662538481083, "params": {"C": 8.130409697696203, "epsilon": 0.3153945506882194, "gamma": 0.1, "lamda": 0.07135406877455601}, "datetime": {"datetime": "2021-06-21 19:42:37", "elapsed": 144.308122, "delta": 1.173869}}
{"target": -12.42683715759246, "params": {"C": 7.664988721062219, "epsilon": 5.175325119216224, "gamma": 0.1456410549919404, "lamda": 0.6748085415383632}, "datetime": {"datetime": "2021-06-21 19:42:37", "elapsed": 144.925464, "delta": 0.617342}}
{"target": -11.64560517991599, "params": {"C": 4.152551823994584, "epsilon": 4.820864357967263, "gamma": 0.1, "lamda": 0.7}, "datetime": {"datetime": "2021-06-21 19:42:38", "elapsed": 146.104316, "delta": 1.178852}}
{"target": -11.675699847865502, "params": {"C": 8.264768841826236, "epsilon": 0.7425356680499807, "gamma": 0.1, "lamda": 0.009}, "datetime": {"datetime": "2021-06-21 19:42:40", "elapsed": 147.823714, "delta": 1.719398}}
{"target": -11.55073492628923, "params": {"C": 4.3781330461354235, "epsilon": 5.064436207242829, "gamma": 0.1, "lamda": 0.3510187020892128}, "datetime": {"datetime": "2021-06-21 19:42:41", "elapsed": 149.212, "delta": 1.388286}}
{"target": -75.23303443792791, "params": {"C": 8.338015327455023, "epsilon": 0.595099073514466, "gamma": 0.1, "lamda": 0.3954013935806526}, "datetime": {"datetime": "2021-06-21 19:42:49", "elapsed": 157.273444, "delta": 8.061444}}
{"target": -11.69504748024148, "params": {"C": 4.614087518139913, "epsilon": 4.764916558788629, "gamma": 0.11065640859635664, "lamda": 0.5509748671417017}, "datetime": {"datetime": "2021-06-21 19:42:51", "elapsed": 158.922037, "delta": 1.648593}}
{"target": -14.579049541714353, "params": {"C": 4.441129876152886, "epsilon": 5.011629074848982, "gamma": 0.35124021972942593, "lamda": 0.6938718769665113}, "datetime": {"datetime": "2021-06-21 19:42:53", "elapsed": 160.539713, "delta": 1.617676}}
{"target": -14.817527806717123, "params": {"C": 7.905888659800478, "epsilon": 0.1274462805506537, "gamma": 0.4129414778291325, "lamda": 0.0429748047732582}, "datetime": {"datetime": "2021-06-21 19:42:54", "elapsed": 162.193289, "delta": 1.653576}}
{"target": -11.643373532420345, "params": {"C": 8.046747322364148, "epsilon": 1.149019594822677, "gamma": 0.1, "lamda": 0.009}, "datetime": {"datetime": "2021-06-21 19:42:56", "elapsed": 163.42699, "delta": 1.233701}}
{"target": -14.070413604354206, "params": {"C": 6.480283464808503, "epsilon": 6.856890425897972, "gamma": 0.341920626084122, "lamda": 0.6045634958813726}, "datetime": {"datetime": "2021-06-21 19:42:56", "elapsed": 164.058301, "delta": 0.631311}}
{"target": -14.46767332213362, "params": {"C": 4.635246024795739, "epsilon": 4.874273736425299, "gamma": 0.34283372185584204, "lamda": 0.2092687570266939}, "datetime": {"datetime": "2021-06-21 19:42:57", "elapsed": 165.204238, "delta": 1.145937}}
{"target": -13.001204655463908, "params": {"C": 4.242473311789653, "epsilon": 4.8086686647324015, "gamma": 0.1987522731278744, "lamda": 0.0343498425632389}, "datetime": {"datetime": "2021-06-21 19:42:59", "elapsed": 166.498776, "delta": 1.294538}}
{"target": -14.057205446614809, "params": {"C": 8.428263079872668, "epsilon": 1.3311442862388472, "gamma": 0.33227001670364603, "lamda": 0.009}, "datetime": {"datetime": "2021-06-21 19:42:59", "elapsed": 167.257746, "delta": 0.75897}}
{"target": -16.33822832378384, "params": {"C": 8.443884383133925, "epsilon": 6.457795024520417, "gamma": 0.5806474650454759, "lamda": 0.4488374677267414}, "datetime": {"datetime": "2021-06-21 19:43:00", "elapsed": 167.945423, "delta": 0.687677}}
{"target": -86.11893194491026, "params": {"C": 4.060711342199457, "epsilon": 0.3627234199934842, "gamma": 0.1, "lamda": 0.5377739689805628}, "datetime": {"datetime": "2021-06-21 19:43:06", "elapsed": 173.329025, "delta": 5.383602}}
{"target": -13.186741491452135, "params": {"C": 2.03162834866072, "epsilon": 0.004339471582877374, "gamma": 0.1456852576356093, "lamda": 0.4820527987989988}, "datetime": {"datetime": "2021-06-21 19:43:06", "elapsed": 173.930417, "delta": 0.601392}}
{"target": -14.718745952920639, "params": {"C": 3.356651313393057, "epsilon": 0.011723236521915379, "gamma": 0.30006432741127614, "lamda": 0.6320171753250551}, "datetime": {"datetime": "2021-06-21 19:43:07", "elapsed": 175.039451, "delta": 1.109034}}
{"target": -16.546701991041246, "params": {"C": 2.6588387355318197, "epsilon": 7.2447929437469645, "gamma": 0.5414060223032485, "lamda": 0.4846826965059893}, "datetime": {"datetime": "2021-06-21 19:43:08", "elapsed": 175.52316, "delta": 0.483709}}
{"target": -15.43540814470317, "params": {"C": 3.66456131281195, "epsilon": 0.4420563778528199, "gamma": 0.4030105230448007, "lamda": 0.05000052195932242}, "datetime": {"datetime": "2021-06-21 19:43:09", "elapsed": 176.466637, "delta": 0.943477}}
{"target": -13.603310031555976, "params": {"C": 3.3794639443888035, "epsilon": 0.7811119510695382, "gamma": 0.2157985297480559, "lamda": 0.2033963479992494}, "datetime": {"datetime": "2021-06-21 19:43:10", "elapsed": 177.624538, "delta": 1.157901}}
{"target": -12.954821477087048, "params": {"C": 3.8437613198135434, "epsilon": 0.38279346779417417, "gamma": 0.1751180476172367, "lamda": 0.16611117250467117}, "datetime": {"datetime": "2021-06-21 19:43:10", "elapsed": 178.124202, "delta": 0.499664}}
{"target": -12.923141103935434, "params": {"C": 5.864617758719169, "epsilon": 4.664824540385765, "gamma": 0.19307252054475887, "lamda": 0.632645808969568}, "datetime": {"datetime": "2021-06-21 19:43:11", "elapsed": 178.628853, "delta": 0.504651}}
{"target": -17.088047053485873, "params": {"C": 3.5040620519865704, "epsilon": 0.43340025546649846, "gamma": 0.5851488148688315, "lamda": 0.7}, "datetime": {"datetime": "2021-06-21 19:43:12", "elapsed": 179.635162, "delta": 1.006309}}
{"target": -12.146701360056293, "params": {"C": 2.9663503963872375, "epsilon": 0.501523392406237, "gamma": 0.1, "lamda": 0.24882201784371277}, "datetime": {"datetime": "2021-06-21 19:43:14", "elapsed": 181.930025, "delta": 2.294863}}
{"target": -12.495564587239349, "params": {"C": 3.643020176446617, "epsilon": 0.05760704431508696, "gamma": 0.1422371527622739, "lamda": 0.009}, "datetime": {"datetime": "2021-06-21 19:43:15", "elapsed": 183.028089, "delta": 1.098064}}
{"target": -13.498653642817473, "params": {"C": 3.018445364479788, "epsilon": 0.14885413274368287, "gamma": 0.20152046133307383, "lamda": 0.09379818108105609}, "datetime": {"datetime": "2021-06-21 19:43:17", "elapsed": 184.747492, "delta": 1.719403}}
{"target": -16.981078449117618, "params": {"C": 7.690526307720911, "epsilon": 0.49902600931040925, "gamma": 0.6167880121397504, "lamda": 0.4498983009891723}, "datetime": {"datetime": "2021-06-21 19:43:19", "elapsed": 186.377134, "delta": 1.629642}}
{"target": -16.66082049822519, "params": {"C": 2.9933773069550784, "epsilon": 0.4169648802907226, "gamma": 0.5206558229091469, "lamda": 0.22861200518345548}, "datetime": {"datetime": "2021-06-21 19:43:20", "elapsed": 187.857176, "delta": 1.480042}}
{"target": -12.479276140372479, "params": {"C": 4.820792981051036, "epsilon": 5.220882016477059, "gamma": 0.16616687548079653, "lamda": 0.38943990284260643}, "datetime": {"datetime": "2021-06-21 19:43:21", "elapsed": 189.198589, "delta": 1.341413}}
{"target": -16.89749066916798, "params": {"C": 2.8189567103410655, "epsilon": 0.9519595179940232, "gamma": 0.5361243132777951, "lamda": 0.050759392154069084}, "datetime": {"datetime": "2021-06-21 19:43:22", "elapsed": 189.774049, "delta": 0.57546}}
{"target": -15.709586332820471, "params": {"C": 3.061902797819278, "epsilon": 6.8078451340670085, "gamma": 0.47884290767685034, "lamda": 0.18175665268393632}, "datetime": {"datetime": "2021-06-21 19:43:22", "elapsed": 190.291667, "delta": 0.517618}}
{"target": -14.297059358274868, "params": {"C": 4.399538757682148, "epsilon": 5.251996230376866, "gamma": 0.3161867372356423, "lamda": 0.01622235124963767}, "datetime": {"datetime": "2021-06-21 19:43:23", "elapsed": 191.241127, "delta": 0.94946}}
{"target": -15.74838712924812, "params": {"C": 7.7386482856429195, "epsilon": 0.976551515569894, "gamma": 0.507085905966475, "lamda": 0.11475355891049642}, "datetime": {"datetime": "2021-06-21 19:43:24", "elapsed": 191.741789, "delta": 0.500662}}
{"target": -13.941567602873238, "params": {"C": 5.018009847881815, "epsilon": 4.8880052678579995, "gamma": 0.2783376381287527, "lamda": 0.6211857636046714}, "datetime": {"datetime": "2021-06-21 19:43:25", "elapsed": 192.79198, "delta": 1.050191}}
{"target": -11.835348794802208, "params": {"C": 3.332070647310328, "epsilon": 4.3025664301727975, "gamma": 0.1, "lamda": 0.3532758128062646}, "datetime": {"datetime": "2021-06-21 19:43:26", "elapsed": 193.909, "delta": 1.11702}}
{"target": -15.757488613916268, "params": {"C": 3.1216396962514086, "epsilon": 4.379224202949807, "gamma": 0.46332788298533023, "lamda": 0.3357365005592434}, "datetime": {"datetime": "2021-06-21 19:43:28", "elapsed": 195.364102, "delta": 1.455102}}
{"target": -17.041691552402796, "params": {"C": 4.761730453511161, "epsilon": 7.357815226759412, "gamma": 0.6444834913757362, "lamda": 0.3887928746704494}, "datetime": {"datetime": "2021-06-21 19:43:28", "elapsed": 195.921611, "delta": 0.557509}}
{"target": -18.992179791160424, "params": {"C": 4.007052106546829, "epsilon": 1.1024052861096776, "gamma": 0.7923945720134292, "lamda": 0.3706086984075803}, "datetime": {"datetime": "2021-06-21 19:43:29", "elapsed": 196.43823, "delta": 0.516619}}
{"target": -12.327337471910376, "params": {"C": 3.301020441677662, "epsilon": 0.862421550778156, "gamma": 0.12154540633798094, "lamda": 0.6582117747165355}, "datetime": {"datetime": "2021-06-21 19:43:30", "elapsed": 197.549259, "delta": 1.111029}}
{"target": -78.33737107458911, "params": {"C": 2.893916275095411, "epsilon": 0.8556288776140402, "gamma": 0.11169118971491018, "lamda": 0.5466532086035707}, "datetime": {"datetime": "2021-06-21 19:43:34", "elapsed": 201.720106, "delta": 4.170847}}
{"target": -18.930729425707778, "params": {"C": 4.289917627032467, "epsilon": 1.108003142798588, "gamma": 0.7869622980846223, "lamda": 0.6719173116367941}, "datetime": {"datetime": "2021-06-21 19:43:34", "elapsed": 202.269637, "delta": 0.549531}}
{"target": -15.615122095018638, "params": {"C": 3.487770462514377, "epsilon": 0.9432696178078662, "gamma": 0.42234043821948, "lamda": 0.6820621461482956}, "datetime": {"datetime": "2021-06-21 19:43:36", "elapsed": 203.440505, "delta": 1.170868}}
{"target": -11.5049269778326, "params": {"C": 5.035977679985633, "epsilon": 4.864602868735582, "gamma": 0.1, "lamda": 0.20278355571652035}, "datetime": {"datetime": "2021-06-21 19:43:37", "elapsed": 204.625337, "delta": 1.184832}}
{"target": -15.07769448728547, "params": {"C": 5.12664624757951, "epsilon": 5.106824618454166, "gamma": 0.438270330488106, "lamda": 0.2165359365091815}, "datetime": {"datetime": "2021-06-21 19:43:38", "elapsed": 205.608708, "delta": 0.983371}}
{"target": -16.41285126101711, "params": {"C": 2.4242742040864074, "epsilon": 4.490454505920805, "gamma": 0.4839714113552489, "lamda": 0.6412035975973805}, "datetime": {"datetime": "2021-06-21 19:43:38", "elapsed": 206.120339, "delta": 0.511631}}
{"target": -18.52775345861657, "params": {"C": 2.369667547708823, "epsilon": 3.0386333291088183, "gamma": 0.6784449009283852, "lamda": 0.49885551664516387}, "datetime": {"datetime": "2021-06-21 19:43:39", "elapsed": 206.639951, "delta": 0.519612}}
{"target": -14.756001413073012, "params": {"C": 2.6088136436907696, "epsilon": 0.3958696634487894, "gamma": 0.28998419951520665, "lamda": 0.021134543200356674}, "datetime": {"datetime": "2021-06-21 19:43:40", "elapsed": 207.614346, "delta": 0.974395}}
{"target": -13.72097381169087, "params": {"C": 5.835178399659993, "epsilon": 1.6656705207322322, "gamma": 0.24664201467879066, "lamda": 0.6037207867878391}, "datetime": {"datetime": "2021-06-21 19:43:40", "elapsed": 208.201774, "delta": 0.587428}}
{"target": -18.892852335121045, "params": {"C": 2.8116451172190327, "epsilon": 8.70055770791545, "gamma": 0.7975060488863933, "lamda": 0.42264046173009473}, "datetime": {"datetime": "2021-06-21 19:43:41", "elapsed": 208.73036, "delta": 0.528586}}
{"target": -11.8767056577604, "params": {"C": 5.446024364520773, "epsilon": 4.80765847601065, "gamma": 0.12721410746473982, "lamda": 0.4072679884233364}, "datetime": {"datetime": "2021-06-21 19:43:42", "elapsed": 209.943117, "delta": 1.212757}}
{"target": -11.547825760029232, "params": {"C": 5.0718367762304695, "epsilon": 4.50209273049103, "gamma": 0.1, "lamda": 0.4289509189301182}, "datetime": {"datetime": "2021-06-21 19:43:43", "elapsed": 210.83972, "delta": 0.896603}}
{"target": -12.935268008307087, "params": {"C": 5.471145443906058, "epsilon": 4.381628882780528, "gamma": 0.19529514848447865, "lamda": 0.5062698230024938}, "datetime": {"datetime": "2021-06-21 19:43:44", "elapsed": 211.873955, "delta": 1.034235}}
{"target": -12.025996214083612, "params": {"C": 5.30610045412818, "epsilon": 4.607680077694565, "gamma": 0.13795824743597085, "lamda": 0.026778481920387363}, "datetime": {"datetime": "2021-06-21 19:43:45", "elapsed": 212.995955, "delta": 1.122}}
{"target": -16.183205308560133, "params": {"C": 5.535907739845335, "epsilon": 4.687527105196428, "gamma": 0.5455138612304344, "lamda": 0.5128944312492171}, "datetime": {"datetime": "2021-06-21 19:43:46", "elapsed": 214.051133, "delta": 1.055178}}
{"target": -12.236264303634584, "params": {"C": 3.5698808757319296, "epsilon": 1.0555002846927173, "gamma": 0.12256785936575182, "lamda": 0.4278437667977074}, "datetime": {"datetime": "2021-06-21 19:43:48", "elapsed": 215.415484, "delta": 1.364351}}
{"target": -15.04357447823758, "params": {"C": 4.945289003212862, "epsilon": 4.589528691595906, "gamma": 0.4284935614477329, "lamda": 0.22458036531183276}, "datetime": {"datetime": "2021-06-21 19:43:49", "elapsed": 216.842668, "delta": 1.427184}}
{"target": -19.222104708505086, "params": {"C": 1.058445979011583, "epsilon": 8.084408778425798, "gamma": 0.6094642582960601, "lamda": 0.014376083504395617}, "datetime": {"datetime": "2021-06-21 19:43:50", "elapsed": 217.436082, "delta": 0.593414}}
{"target": -12.181711207805328, "params": {"C": 5.726114034665886, "epsilon": 4.826666633126468, "gamma": 0.14350926474846262, "lamda": 0.10382752144108734}, "datetime": {"datetime": "2021-06-21 19:43:51", "elapsed": 218.842321, "delta": 1.406239}}
{"target": -12.23632478286758, "params": {"C": 4.5890527191933, "epsilon": 4.365997826002417, "gamma": 0.14877177798390084, "lamda": 0.6844045655913849}, "datetime": {"datetime": "2021-06-21 19:43:52", "elapsed": 219.917446, "delta": 1.075125}}
