{"target": -23.77855082850293, "params": {"C": 5.742138830045326, "epsilon": 0.3492721327105862, "gamma": 1.678645472022679, "lamda": 0.5863063146833866}, "datetime": {"datetime": "2021-06-26 19:42:00", "elapsed": 197.635664, "delta": 0.420634}}
{"target": -11.68991577048356, "params": {"C": 3.819948959047094, "epsilon": 8.238320414814241, "gamma": 0.10831519127076619, "lamda": 0.8902032768749897}, "datetime": {"datetime": "2021-06-26 19:42:01", "elapsed": 198.54529, "delta": 0.909626}}
{"target": -24.186448786428418, "params": {"C": 9.538177319720043, "epsilon": 7.662086549670326, "gamma": 1.9994402612246245, "lamda": 0.40273402393867996}, "datetime": {"datetime": "2021-06-26 19:42:02", "elapsed": 199.003048, "delta": 0.457758}}
{"target": -91.24687292355645, "params": {"C": 3.801454066195112, "epsilon": 8.141736198530616, "gamma": 0.0824469545022472, "lamda": 0.9649759779378653}, "datetime": {"datetime": "2021-06-26 19:42:09", "elapsed": 206.355981, "delta": 7.352933}}
{"target": -25.067572687262935, "params": {"C": 2.095560219654879, "epsilon": 2.2062476408374643, "gamma": 1.6306948548852922, "lamda": 0.7686006824093753}, "datetime": {"datetime": "2021-06-26 19:42:09", "elapsed": 206.749926, "delta": 0.393945}}
{"target": -23.092679447513696, "params": {"C": 5.320266399618075, "epsilon": 8.080904962519167, "gamma": 1.582099265763059, "lamda": 0.678897734863876}, "datetime": {"datetime": "2021-06-26 19:42:10", "elapsed": 207.177292, "delta": 0.427366}}
{"target": -12.253315294970639, "params": {"C": 7.467171521937224, "epsilon": 6.281938458948066, "gamma": 0.13758335896365173, "lamda": 0.5995708869828625}, "datetime": {"datetime": "2021-06-26 19:42:10", "elapsed": 207.650655, "delta": 0.473363}}
{"target": -11.543989724454553, "params": {"C": 4.633412367959145, "epsilon": 8.586096821395769, "gamma": 0.022142674104670433, "lamda": 0.12247529061718128}, "datetime": {"datetime": "2021-06-26 19:42:11", "elapsed": 208.329838, "delta": 0.679183}}
{"target": -15.893677039547088, "params": {"C": 8.069781994932091, "epsilon": 5.898397429426012, "gamma": 0.5402700959008353, "lamda": 0.4749325589762111}, "datetime": {"datetime": "2021-06-26 19:42:12", "elapsed": 208.979176, "delta": 0.649338}}
{"target": -12.765554788274326, "params": {"C": 1.030429633822222, "epsilon": 6.5823298819985965, "gamma": 0.0546000389886249, "lamda": 0.12570205020995343}, "datetime": {"datetime": "2021-06-26 19:42:12", "elapsed": 209.465875, "delta": 0.486699}}
{"target": -21.796734498284422, "params": {"C": 6.08078782552609, "epsilon": 6.900938351795019, "gamma": 1.307926939207435, "lamda": 0.4735846170619542}, "datetime": {"datetime": "2021-06-26 19:42:12", "elapsed": 209.890765, "delta": 0.42489}}
{"target": -86.5513861584849, "params": {"C": 4.38231394199885, "epsilon": 8.854715708403274, "gamma": 0.0821819467871831, "lamda": 0.8004817904263849}, "datetime": {"datetime": "2021-06-26 19:42:18", "elapsed": 215.138535, "delta": 5.24777}}
{"target": -21.881382526537095, "params": {"C": 2.8290760605252228, "epsilon": 3.9299630563157897, "gamma": 1.1406594942459989, "lamda": 0.20767241253050422}, "datetime": {"datetime": "2021-06-26 19:42:18", "elapsed": 215.556434, "delta": 0.417899}}
{"target": -15.367694279949928, "params": {"C": 3.420904237678886, "epsilon": 3.7931609751116877, "gamma": 0.4156005342191612, "lamda": 0.6479342824651418}, "datetime": {"datetime": "2021-06-26 19:42:19", "elapsed": 216.036151, "delta": 0.479717}}
{"target": -16.67150170394107, "params": {"C": 7.651137011566794, "epsilon": 6.583570458311183, "gamma": 0.6049723219621196, "lamda": 0.7176669372437461}, "datetime": {"datetime": "2021-06-26 19:42:19", "elapsed": 216.482104, "delta": 0.445953}}
{"target": -11.334229754753851, "params": {"C": 7.477318219526014, "epsilon": 1.1808840841916501, "gamma": 0.03146903616317982, "lamda": 0.6307453002117914}, "datetime": {"datetime": "2021-06-26 19:42:20", "elapsed": 216.969525, "delta": 0.487421}}
{"target": -10.609089573974707, "params": {"C": 7.257757705652637, "epsilon": 3.862845821361179, "gamma": 0.04970088067244789, "lamda": 0.17702358495069537}, "datetime": {"datetime": "2021-06-26 19:42:20", "elapsed": 217.434439, "delta": 0.464914}}
{"target": -12.349424197184126, "params": {"C": 6.106488787326403, "epsilon": 1.9725422207962706, "gamma": 0.010964961830731897, "lamda": 0.15474503424629193}, "datetime": {"datetime": "2021-06-26 19:42:20", "elapsed": 217.957011, "delta": 0.522572}}
{"target": -25.12158377796256, "params": {"C": 2.460122455847213, "epsilon": 9.531933606724133, "gamma": 1.9408325024628403, "lamda": 0.5850608282100075}, "datetime": {"datetime": "2021-06-26 19:42:21", "elapsed": 218.410066, "delta": 0.453055}}
{"target": -20.118251259782376, "params": {"C": 5.468198284685817, "epsilon": 6.270171487460463, "gamma": 1.001023924160421, "lamda": 0.2644144011404791}, "datetime": {"datetime": "2021-06-26 19:42:21", "elapsed": 218.888819, "delta": 0.478753}}
{"target": -26.272743379699797, "params": {"C": 1.1904455440445072, "epsilon": 4.872143754991572, "gamma": 1.815852298558333, "lamda": 0.3600948283535048}, "datetime": {"datetime": "2021-06-26 19:42:22", "elapsed": 219.27977, "delta": 0.390951}}
{"target": -21.454567998951017, "params": {"C": 7.238678724164829, "epsilon": 9.17011228288421, "gamma": 1.2870796369703288, "lamda": 0.30414569833754806}, "datetime": {"datetime": "2021-06-26 19:42:22", "elapsed": 219.679266, "delta": 0.399496}}
{"target": -12.257153890815824, "params": {"C": 1.7512753783826376, "epsilon": 3.9958382502059084, "gamma": 0.08040863259597793, "lamda": 0.1708891292861308}, "datetime": {"datetime": "2021-06-26 19:42:23", "elapsed": 220.207644, "delta": 0.528378}}
{"target": -94.00368382648459, "params": {"C": 3.3387484551842994, "epsilon": 0.06574580458863503, "gamma": 0.08439117744611607, "lamda": 0.786580699980368}, "datetime": {"datetime": "2021-06-26 19:42:30", "elapsed": 227.820545, "delta": 7.612901}}
{"target": -13.89168528683697, "params": {"C": 9.263309502587031, "epsilon": 7.205249256339476, "gamma": 0.3385071994190662, "lamda": 0.6964221493596616}, "datetime": {"datetime": "2021-06-26 19:42:31", "elapsed": 228.288616, "delta": 0.468071}}
{"target": -11.065638852249293, "params": {"C": 7.285938335045723, "epsilon": 3.8180096103572447, "gamma": 0.03484242200125867, "lamda": 0.24781657249441813}, "datetime": {"datetime": "2021-06-26 19:42:31", "elapsed": 228.953837, "delta": 0.665221}}
{"target": -12.297301027502765, "params": {"C": 2.0277257057875393, "epsilon": 8.749621573337533, "gamma": 0.020482667183680785, "lamda": 0.20802294608352606}, "datetime": {"datetime": "2021-06-26 19:42:32", "elapsed": 229.452589, "delta": 0.498752}}
{"target": -21.841033138129333, "params": {"C": 5.027854411515161, "epsilon": 2.535438353705066, "gamma": 1.2488625187507245, "lamda": 0.8431514021297817}, "datetime": {"datetime": "2021-06-26 19:42:32", "elapsed": 229.930871, "delta": 0.478282}}
{"target": -20.94341753262281, "params": {"C": 2.464068519084207, "epsilon": 3.0621053328431627, "gamma": 0.9643545570756267, "lamda": 0.21582713730794395}, "datetime": {"datetime": "2021-06-26 19:42:33", "elapsed": 230.38366, "delta": 0.452789}}
{"target": -11.330898969660604, "params": {"C": 4.227436630349299, "epsilon": 7.286001748505817, "gamma": 0.038409435303194274, "lamda": 0.4114137519596631}, "datetime": {"datetime": "2021-06-26 19:42:33", "elapsed": 230.937803, "delta": 0.554143}}
{"target": -24.61350810888785, "params": {"C": 2.535284315789917, "epsilon": 2.0278008874723112, "gamma": 1.5990236836121852, "lamda": 0.8709976682548186}, "datetime": {"datetime": "2021-06-26 19:42:34", "elapsed": 231.375324, "delta": 0.437521}}
{"target": -11.991612926256732, "params": {"C": 6.813571619346921, "epsilon": 8.615846421200382, "gamma": 0.13562421800432078, "lamda": 0.1232463442501488}, "datetime": {"datetime": "2021-06-26 19:42:34", "elapsed": 231.936821, "delta": 0.561497}}
{"target": -12.99818111536506, "params": {"C": 0.9429877813554725, "epsilon": 9.270359560098854, "gamma": 0.058629873938869835, "lamda": 0.9947216590365452}, "datetime": {"datetime": "2021-06-26 19:42:35", "elapsed": 232.417536, "delta": 0.480715}}
{"target": -22.43733088718707, "params": {"C": 4.252068298523516, "epsilon": 3.1939821345310215, "gamma": 1.3289822567605012, "lamda": 0.6074585198571689}, "datetime": {"datetime": "2021-06-26 19:42:35", "elapsed": 232.94113, "delta": 0.523594}}
{"target": -16.7055962797486, "params": {"C": 1.499486584480413, "epsilon": 0.989894252620211, "gamma": 0.34756035616242215, "lamda": 0.47416659612103884}, "datetime": {"datetime": "2021-06-26 19:42:36", "elapsed": 233.405887, "delta": 0.464757}}
{"target": -11.838047921532361, "params": {"C": 8.318605941230445, "epsilon": 5.5657699615089, "gamma": 0.01303348862106949, "lamda": 0.15041330877867187}, "datetime": {"datetime": "2021-06-26 19:42:37", "elapsed": 233.983419, "delta": 0.577532}}
{"target": -21.200352183544428, "params": {"C": 1.9040434048739268, "epsilon": 4.646332936133578, "gamma": 0.9715092648437273, "lamda": 0.3306024796341796}, "datetime": {"datetime": "2021-06-26 19:42:37", "elapsed": 234.470399, "delta": 0.48698}}
{"target": -20.306413750750067, "params": {"C": 1.8624938165971705, "epsilon": 5.980542874323452, "gamma": 0.8752193095401661, "lamda": 0.6155483273578917}, "datetime": {"datetime": "2021-06-26 19:42:38", "elapsed": 234.988014, "delta": 0.517615}}
{"target": -20.68535629127608, "params": {"C": 1.0450326536963526, "epsilon": 0.9603584840990586, "gamma": 0.6346301932994555, "lamda": 0.9289341374845506}, "datetime": {"datetime": "2021-06-26 19:42:38", "elapsed": 235.491209, "delta": 0.503195}}
{"target": -16.220569918450924, "params": {"C": 1.3947825905610582, "epsilon": 1.156955883989692, "gamma": 0.2943335187830783, "lamda": 0.4348938921053642}, "datetime": {"datetime": "2021-06-26 19:42:39", "elapsed": 236.12273, "delta": 0.631521}}
{"target": -12.449840116029398, "params": {"C": 7.155397663267647, "epsilon": 3.7749559149256244, "gamma": 0.1457779106644909, "lamda": 0.22504507852531952}, "datetime": {"datetime": "2021-06-26 19:42:39", "elapsed": 236.586491, "delta": 0.463761}}
{"target": -10.939330513127672, "params": {"C": 4.2872883232748835, "epsilon": 7.248363415105805, "gamma": 0.05662815050694928, "lamda": 0.4473089908592497}, "datetime": {"datetime": "2021-06-26 19:42:40", "elapsed": 237.20594, "delta": 0.619449}}
{"target": -20.843904353562372, "params": {"C": 7.738675478412383, "epsilon": 5.143325589064607, "gamma": 1.1612914270939392, "lamda": 0.429233741391827}, "datetime": {"datetime": "2021-06-26 19:42:40", "elapsed": 237.722002, "delta": 0.516062}}
{"target": -11.936299800545838, "params": {"C": 5.981785276469003, "epsilon": 9.946573801204542, "gamma": 0.013508536900401932, "lamda": 0.9950052783121722}, "datetime": {"datetime": "2021-06-26 19:42:41", "elapsed": 238.279034, "delta": 0.557032}}
{"target": -28.093000644422844, "params": {"C": 0.8189018810949226, "epsilon": 2.259320213256311, "gamma": 1.8769742778457492, "lamda": 0.6344542664123636}, "datetime": {"datetime": "2021-06-26 19:42:41", "elapsed": 238.795657, "delta": 0.516623}}
{"target": -13.072884891698164, "params": {"C": 0.9350718038331957, "epsilon": 6.667875469535614, "gamma": 0.04331266138979036, "lamda": 0.10769926698004785}, "datetime": {"datetime": "2021-06-26 19:42:42", "elapsed": 239.345516, "delta": 0.549859}}
{"target": -12.363189600479123, "params": {"C": 1.7740578373499776, "epsilon": 3.9187212409291745, "gamma": 0.09657503645638214, "lamda": 0.21171315836947968}, "datetime": {"datetime": "2021-06-26 19:42:42", "elapsed": 239.887061, "delta": 0.541545}}
{"target": -24.2715187791252, "params": {"C": 2.5816815207458528, "epsilon": 7.522984126890635, "gamma": 1.654564542037052, "lamda": 0.6593561581111209}, "datetime": {"datetime": "2021-06-26 19:42:43", "elapsed": 240.380862, "delta": 0.493801}}
{"target": -23.65321100495264, "params": {"C": 0.6106055964187431, "epsilon": 2.8750303013780085, "gamma": 0.760256408422779, "lamda": 0.6007824275201887}, "datetime": {"datetime": "2021-06-26 19:42:43", "elapsed": 240.92183, "delta": 0.540968}}
{"target": -86.44954448048384, "params": {"C": 4.114004361302933, "epsilon": 7.294565837747843, "gamma": 0.08592961160403115, "lamda": 0.3716981347533932}, "datetime": {"datetime": "2021-06-26 19:42:49", "elapsed": 246.015033, "delta": 5.093203}}
{"target": -22.27373086336174, "params": {"C": 5.769763741349548, "epsilon": 6.098508583048872, "gamma": 1.384543248046328, "lamda": 0.7477436819120121}, "datetime": {"datetime": "2021-06-26 19:42:49", "elapsed": 246.545211, "delta": 0.530178}}
{"target": -24.117506503826807, "params": {"C": 9.715694660120317, "epsilon": 4.681060740359194, "gamma": 1.9388859339801787, "lamda": 0.7925457444293829}, "datetime": {"datetime": "2021-06-26 19:42:50", "elapsed": 247.051847, "delta": 0.506636}}
{"target": -23.29050763811451, "params": {"C": 7.32216906177962, "epsilon": 6.277471680383164, "gamma": 1.6792201487947713, "lamda": 0.7824117691611002}, "datetime": {"datetime": "2021-06-26 19:42:50", "elapsed": 247.552071, "delta": 0.500224}}
{"target": -15.255581906231146, "params": {"C": 9.2789618661517, "epsilon": 9.723227278942826, "gamma": 0.5035312908577588, "lamda": 0.23873744725649076}, "datetime": {"datetime": "2021-06-26 19:42:51", "elapsed": 248.142501, "delta": 0.59043}}
{"target": -13.434994089331893, "params": {"C": 1.0542114098109272, "epsilon": 6.555409546495335, "gamma": 0.12910064630830462, "lamda": 0.17948488962644935}, "datetime": {"datetime": "2021-06-26 19:42:51", "elapsed": 248.679081, "delta": 0.53658}}
{"target": -86.70777611849098, "params": {"C": 7.442182733800607, "epsilon": 6.206925386981302, "gamma": 0.08815492388097508, "lamda": 0.6338717344293021}, "datetime": {"datetime": "2021-06-26 19:42:59", "elapsed": 256.312814, "delta": 7.633733}}
{"target": -10.80307284626813, "params": {"C": 7.646244362381824, "epsilon": 8.80647200523732, "gamma": 0.03275485489867615, "lamda": 0.11036058002085508}, "datetime": {"datetime": "2021-06-26 19:42:59", "elapsed": 256.824778, "delta": 0.511964}}
{"target": -12.386611828427522, "params": {"C": 3.9038894265916437, "epsilon": 0.3676196692934265, "gamma": 0.13785256799033313, "lamda": 0.29404727173617073}, "datetime": {"datetime": "2021-06-26 19:43:00", "elapsed": 257.375283, "delta": 0.550505}}
{"target": -18.094883065257967, "params": {"C": 8.068276044409094, "epsilon": 3.1302641135593006, "gamma": 0.7582670372986933, "lamda": 0.3341715539613175}, "datetime": {"datetime": "2021-06-26 19:43:00", "elapsed": 257.89292, "delta": 0.517637}}
{"target": -24.478934656769884, "params": {"C": 1.7982432058534532, "epsilon": 7.5554234143265235, "gamma": 1.5698199554373742, "lamda": 0.5717268627791138}, "datetime": {"datetime": "2021-06-26 19:43:02", "elapsed": 259.079607, "delta": 1.186687}}
{"target": -12.013209005399988, "params": {"C": 7.199176803700984, "epsilon": 0.1494523403759515, "gamma": 0.016642125445229625, "lamda": 0.5685411939144173}, "datetime": {"datetime": "2021-06-26 19:43:03", "elapsed": 260.480099, "delta": 1.400492}}
{"target": -11.6675301677735, "params": {"C": 7.308726253241195, "epsilon": 3.9190647515373636, "gamma": 0.017806463035665868, "lamda": 0.10835839610190907}, "datetime": {"datetime": "2021-06-26 19:43:04", "elapsed": 261.230817, "delta": 0.750718}}
{"target": -12.622067922827766, "params": {"C": 5.296806538443691, "epsilon": 0.8598465959481255, "gamma": 0.15700667526548592, "lamda": 0.5784231717416867}, "datetime": {"datetime": "2021-06-26 19:43:04", "elapsed": 261.828259, "delta": 0.597442}}
{"target": -11.576487043245542, "params": {"C": 4.228955544554059, "epsilon": 7.173384323005592, "gamma": 0.02655169657079537, "lamda": 0.4269632659468019}, "datetime": {"datetime": "2021-06-26 19:43:05", "elapsed": 262.314957, "delta": 0.486698}}
{"target": -16.60083941574339, "params": {"C": 4.679640872390117, "epsilon": 7.266872194880471, "gamma": 0.604368233413971, "lamda": 0.42577752487520026}, "datetime": {"datetime": "2021-06-26 19:43:05", "elapsed": 262.906957, "delta": 0.592}}
{"target": -23.22379046678589, "params": {"C": 3.9310592768983588, "epsilon": 6.0105872725150515, "gamma": 1.5266746902855959, "lamda": 0.436748774403684}, "datetime": {"datetime": "2021-06-26 19:43:06", "elapsed": 263.40619, "delta": 0.499233}}
{"target": -20.676241670268254, "params": {"C": 4.182944612917592, "epsilon": 1.7663874911491149, "gamma": 1.008617796191996, "lamda": 0.9358037975016861}, "datetime": {"datetime": "2021-06-26 19:43:07", "elapsed": 263.992569, "delta": 0.586379}}
{"target": -24.680304121919534, "params": {"C": 5.388941567974549, "epsilon": 3.5883559453661684, "gamma": 1.9662773260582656, "lamda": 0.12627511310914843}, "datetime": {"datetime": "2021-06-26 19:43:07", "elapsed": 264.545552, "delta": 0.552983}}
{"target": -21.71653047747084, "params": {"C": 5.627709564491062, "epsilon": 1.8111994537744198, "gamma": 1.2405781822045132, "lamda": 0.17337099632690495}, "datetime": {"datetime": "2021-06-26 19:43:08", "elapsed": 265.486035, "delta": 0.940483}}
{"target": -12.133603763867407, "params": {"C": 4.0922911643638304, "epsilon": 8.207754706415018, "gamma": 0.013794279490761441, "lamda": 0.406185087476576}, "datetime": {"datetime": "2021-06-26 19:43:09", "elapsed": 266.449784, "delta": 0.963749}}
{"target": -17.287018442576112, "params": {"C": 3.4012732463111344, "epsilon": 3.741453361706863, "gamma": 0.6262575196686133, "lamda": 0.594598031464457}, "datetime": {"datetime": "2021-06-26 19:43:10", "elapsed": 267.361521, "delta": 0.911737}}
{"target": -11.960732918904169, "params": {"C": 6.808984055965957, "epsilon": 8.67083523935757, "gamma": 0.13367998397122263, "lamda": 0.18943340021647403}, "datetime": {"datetime": "2021-06-26 19:43:11", "elapsed": 268.087593, "delta": 0.726072}}
{"target": -12.184719662189663, "params": {"C": 3.272706412812112, "epsilon": 0.23586402368344153, "gamma": 0.03020074190196574, "lamda": 0.7358909050983405}, "datetime": {"datetime": "2021-06-26 19:43:12", "elapsed": 269.025101, "delta": 0.937508}}
{"target": -13.167777839380488, "params": {"C": 6.841572879538609, "epsilon": 8.687790831259779, "gamma": 0.22694957325641324, "lamda": 0.12033950853174696}, "datetime": {"datetime": "2021-06-26 19:43:12", "elapsed": 269.571523, "delta": 0.546422}}
{"target": -11.441320615243644, "params": {"C": 3.9453443665856915, "epsilon": 0.33291715001634703, "gamma": 0.06330947719991029, "lamda": 0.1924474673737916}, "datetime": {"datetime": "2021-06-26 19:43:13", "elapsed": 270.122826, "delta": 0.551303}}
{"target": -23.570117115705425, "params": {"C": 2.1769067918754863, "epsilon": 1.5325576504089211, "gamma": 1.305730138752245, "lamda": 0.42690416310937807}, "datetime": {"datetime": "2021-06-26 19:43:13", "elapsed": 270.62648, "delta": 0.503654}}
{"target": -85.92662015565662, "params": {"C": 3.9526465486127815, "epsilon": 0.30701909020172946, "gamma": 0.09778747496908341, "lamda": 0.30760266390960084}, "datetime": {"datetime": "2021-06-26 19:43:18", "elapsed": 275.293985, "delta": 4.667505}}
{"target": -20.19027258515583, "params": {"C": 6.115134432797148, "epsilon": 6.872498471136414, "gamma": 1.0275988620327976, "lamda": 0.5115896443853705}, "datetime": {"datetime": "2021-06-26 19:43:18", "elapsed": 275.837812, "delta": 0.543827}}
{"target": -12.261399704562773, "params": {"C": 1.7192495561980632, "epsilon": 4.132029899342178, "gamma": 0.05253316559369477, "lamda": 0.12724752947039297}, "datetime": {"datetime": "2021-06-26 19:43:19", "elapsed": 276.404376, "delta": 0.566564}}
{"target": -12.297709948418689, "params": {"C": 7.212199792769236, "epsilon": 3.8452821484752766, "gamma": 0.1371511194312302, "lamda": 0.20866082736802144}, "datetime": {"datetime": "2021-06-26 19:43:19", "elapsed": 276.952907, "delta": 0.548531}}
{"target": -74.98567958920785, "params": {"C": 0.9250863929820339, "epsilon": 9.272463215390712, "gamma": 0.11325302332894131, "lamda": 0.9083385778805113}, "datetime": {"datetime": "2021-06-26 19:43:25", "elapsed": 282.562685, "delta": 5.609778}}
{"target": -15.761076000526444, "params": {"C": 7.5700187028406, "epsilon": 6.568451639739988, "gamma": 0.5281123389485464, "lamda": 0.6942673578923872}, "datetime": {"datetime": "2021-06-26 19:43:26", "elapsed": 283.091229, "delta": 0.528544}}
{"target": -20.323612839327023, "params": {"C": 7.530784680062836, "epsilon": 4.1363539587477565, "gamma": 1.0620845622994388, "lamda": 0.7571350273022605}, "datetime": {"datetime": "2021-06-26 19:43:26", "elapsed": 283.669194, "delta": 0.577965}}
{"target": -95.8717240870292, "params": {"C": 7.44328217804269, "epsilon": 1.1915298779609569, "gamma": 0.0625267121019383, "lamda": 0.71590518695857}, "datetime": {"datetime": "2021-06-26 19:43:33", "elapsed": 290.825889, "delta": 7.156695}}
{"target": -75.89989545153679, "params": {"C": 5.228567724799057, "epsilon": 0.848629920263767, "gamma": 0.11362931316738709, "lamda": 0.6199170754863159}, "datetime": {"datetime": "2021-06-26 19:43:38", "elapsed": 295.716633, "delta": 4.890744}}
{"target": -12.361739760654093, "params": {"C": 7.688107644616057, "epsilon": 5.175325119216224, "gamma": 0.13975099919137343, "lamda": 0.9671891279081433}, "datetime": {"datetime": "2021-06-26 19:43:39", "elapsed": 296.317676, "delta": 0.601043}}
{"target": -22.959840380349068, "params": {"C": 5.311979732189896, "epsilon": 7.018740274599351, "gamma": 1.525543120993565, "lamda": 0.8204679987609764}, "datetime": {"datetime": "2021-06-26 19:43:39", "elapsed": 296.878195, "delta": 0.560519}}
{"target": -23.765488499399346, "params": {"C": 7.3876697687777595, "epsilon": 3.976666275697532, "gamma": 1.7900761307558877, "lamda": 0.76919579565991}, "datetime": {"datetime": "2021-06-26 19:43:40", "elapsed": 297.435937, "delta": 0.557742}}
