{"target": -14.822618473497865, "params": {"C": 0.7249830777921796, "epsilon": 4.202630880734576, "gamma": 0.13307829793389636, "lamda": 0.40002436380821865}, "datetime": {"datetime": "2021-06-28 10:26:31", "elapsed": 427.863511, "delta": 0.849052}}
{"target": -12.58912159799785, "params": {"C": 2.6155580125414586, "epsilon": 4.24659348395649, "gamma": 0.15384717817283178, "lamda": 0.3612885272242451}, "datetime": {"datetime": "2021-06-28 10:26:32", "elapsed": 428.682085, "delta": 0.818574}}
{"target": -12.736421619877692, "params": {"C": 1.3644502187845857, "epsilon": 2.640080987633431, "gamma": 0.09129649045716613, "lamda": 0.04160115081457399}, "datetime": {"datetime": "2021-06-28 10:26:33", "elapsed": 429.484419, "delta": 0.802334}}
{"target": -90.39248136118167, "params": {"C": 1.7352858209268516, "epsilon": 4.034481396216091, "gamma": 0.07396814589512221, "lamda": 0.12528506457372587}, "datetime": {"datetime": "2021-06-28 10:26:46", "elapsed": 442.999301, "delta": 13.514882}}
{"target": -13.705589298964158, "params": {"C": 1.8056356560184794, "epsilon": 1.1130253868778273, "gamma": 0.1814082128554987, "lamda": 0.17348072988964128}, "datetime": {"datetime": "2021-06-28 10:26:47", "elapsed": 443.817378, "delta": 0.818077}}
{"target": -12.76761309149894, "params": {"C": 1.3544655679902926, "epsilon": 2.6378706727401586, "gamma": 0.09306754268656277, "lamda": 0.020404731067144546}, "datetime": {"datetime": "2021-06-28 10:26:48", "elapsed": 444.556494, "delta": 0.739116}}
{"target": -87.93996680927758, "params": {"C": 5.935404964686271, "epsilon": 6.444621074337364, "gamma": 0.06713441008158262, "lamda": 0.10744176328403365}, "datetime": {"datetime": "2021-06-28 10:26:57", "elapsed": 453.17624, "delta": 8.619746}}
{"target": -12.31267761832036, "params": {"C": 4.409700577204201, "epsilon": 2.553950981814156, "gamma": 0.14885335751117576, "lamda": 0.05300701545879333}, "datetime": {"datetime": "2021-06-28 10:26:57", "elapsed": 453.79684, "delta": 0.6206}}
{"target": -14.066957636495916, "params": {"C": 0.9896399780754594, "epsilon": 2.0980917534959866, "gamma": 0.12543464698265522, "lamda": 0.8782601607260289}, "datetime": {"datetime": "2021-06-28 10:26:58", "elapsed": 454.700454, "delta": 0.903614}}
{"target": -14.628744001732171, "params": {"C": 0.8584641067986142, "epsilon": 5.115211377669301, "gamma": 0.15101829232171407, "lamda": 0.5622985879666016}, "datetime": {"datetime": "2021-06-28 10:26:59", "elapsed": 455.44861, "delta": 0.748156}}
{"target": -13.652268703706708, "params": {"C": 0.9637315870681707, "epsilon": 1.0161953510628732, "gamma": 0.0389423386123519, "lamda": 0.35085966429679616}, "datetime": {"datetime": "2021-06-28 10:27:00", "elapsed": 456.386979, "delta": 0.938369}}
{"target": -13.642244466299744, "params": {"C": 0.9662963599050378, "epsilon": 1.0162903801244143, "gamma": 0.03908096778628276, "lamda": 0.3510282998967094}, "datetime": {"datetime": "2021-06-28 10:27:01", "elapsed": 457.257687, "delta": 0.870708}}
{"target": -86.29760831695738, "params": {"C": 4.848770571920571, "epsilon": 3.1982813005537634, "gamma": 0.07582670372986933, "lamda": 0.2675887093574492}, "datetime": {"datetime": "2021-06-28 10:27:15", "elapsed": 471.15248, "delta": 13.894793}}
{"target": -13.27647309908582, "params": {"C": 1.0219769750931182, "epsilon": 4.865998316130969, "gamma": 0.1071013237489666, "lamda": 0.11092194330622158}, "datetime": {"datetime": "2021-06-28 10:27:15", "elapsed": 472.024514, "delta": 0.872034}}
{"target": -12.392910270478279, "params": {"C": 2.6078931089767026, "epsilon": 4.20914834012191, "gamma": 0.1376412041333375, "lamda": 0.34277529638176746}, "datetime": {"datetime": "2021-06-28 10:27:16", "elapsed": 472.985569, "delta": 0.961055}}
{"target": -12.915028291331629, "params": {"C": 2.5906685569032146, "epsilon": 3.2107844560717997, "gamma": 0.17396613600118402, "lamda": 0.5885952932426227}, "datetime": {"datetime": "2021-06-28 10:27:17", "elapsed": 473.855105, "delta": 0.869536}}
{"target": -88.02810153009789, "params": {"C": 1.1038708578715206, "epsilon": 8.743933801046136, "gamma": 0.07935560491689557, "lamda": 0.4364495677126912}, "datetime": {"datetime": "2021-06-28 10:27:25", "elapsed": 481.657697, "delta": 7.802592}}
{"target": -16.356079265807043, "params": {"C": 0.7189226784876408, "epsilon": 4.581535623508774, "gamma": 0.19540318843114557, "lamda": 0.2483653930159965}, "datetime": {"datetime": "2021-06-28 10:27:26", "elapsed": 482.621123, "delta": 0.963426}}
{"target": -91.9294152790511, "params": {"C": 2.829280923949666, "epsilon": 7.293932866218287, "gamma": 0.0604368233413971, "lamda": 0.3683552773627203}, "datetime": {"datetime": "2021-06-28 10:27:36", "elapsed": 492.72348, "delta": 10.102357}}
{"target": -14.17776549179169, "params": {"C": 0.8522692731353344, "epsilon": 5.119358065874345, "gamma": 0.13103677365392527, "lamda": 0.6227253129791885}, "datetime": {"datetime": "2021-06-28 10:27:37", "elapsed": 493.737072, "delta": 1.013592}}
{"target": -78.68521296603265, "params": {"C": 2.533270021839778, "epsilon": 1.8479084070783318, "gamma": 0.10086177961919962, "lamda": 0.9293841772518547}, "datetime": {"datetime": "2021-06-28 10:27:47", "elapsed": 503.940404, "delta": 10.203332}}
{"target": -13.526437117753545, "params": {"C": 1.1949933380452322, "epsilon": 8.844616948925077, "gamma": 0.014714236814566569, "lamda": 0.5291582837612725}, "datetime": {"datetime": "2021-06-28 10:27:48", "elapsed": 504.834812, "delta": 0.894408}}
{"target": -12.364796567903301, "params": {"C": 3.906000126991571, "epsilon": 1.337562267290866, "gamma": 0.13967336438785025, "lamda": 0.277677033358369}, "datetime": {"datetime": "2021-06-28 10:27:49", "elapsed": 505.972009, "delta": 1.137197}}
{"target": -14.526418649166104, "params": {"C": 0.8626671308815678, "epsilon": 5.149745150256626, "gamma": 0.14770001513123876, "lamda": 0.5758621230468136}, "datetime": {"datetime": "2021-06-28 10:27:50", "elapsed": 507.052929, "delta": 1.08092}}
{"target": -93.83010712837778, "params": {"C": 2.067425470023807, "epsilon": 3.803419170006795, "gamma": 0.06262575196686133, "lamda": 0.5540578346109026}, "datetime": {"datetime": "2021-06-28 10:28:01", "elapsed": 517.409399, "delta": 10.35647}}
{"target": -21.69920052076446, "params": {"C": 0.12088009224378518, "epsilon": 8.623806970444681, "gamma": 0.17108150027589378, "lamda": 0.2565359604366281}, "datetime": {"datetime": "2021-06-28 10:28:02", "elapsed": 518.130883, "delta": 0.721484}}
{"target": -15.649333025520804, "params": {"C": 0.6775572743127818, "epsilon": 6.3980443205481965, "gamma": 0.013068122189274417, "lamda": 0.9705519518247726}, "datetime": {"datetime": "2021-06-28 10:28:02", "elapsed": 518.882768, "delta": 0.751885}}
{"target": -13.061932170329213, "params": {"C": 2.6177366508833337, "epsilon": 4.228288253100246, "gamma": 0.19181581508156992, "lamda": 0.3775084387911055}, "datetime": {"datetime": "2021-06-28 10:28:03", "elapsed": 519.838996, "delta": 0.956228}}
{"target": -12.26470335978358, "params": {"C": 2.2096563217539846, "epsilon": 5.12900135847538, "gamma": 0.12359519821660911, "lamda": 0.48240572759352845}, "datetime": {"datetime": "2021-06-28 10:28:04", "elapsed": 520.925685, "delta": 1.086689}}
{"target": -13.380695235114235, "params": {"C": 1.7690241824200441, "epsilon": 1.3874642290630976, "gamma": 0.015379691121958073, "lamda": 0.678712403495348}, "datetime": {"datetime": "2021-06-28 10:28:05", "elapsed": 521.982488, "delta": 1.056803}}
{"target": -13.875500139440728, "params": {"C": 4.920227708245259, "epsilon": 1.7222917390876054, "gamma": 0.006506562661852028, "lamda": 0.1760715250907718}, "datetime": {"datetime": "2021-06-28 10:28:06", "elapsed": 522.975618, "delta": 0.99313}}
{"target": -77.21487989555685, "params": {"C": 3.684777086212442, "epsilon": 6.903463832808329, "gamma": 0.10275988620327976, "lamda": 0.46274860882390745}, "datetime": {"datetime": "2021-06-28 10:28:16", "elapsed": 532.544381, "delta": 9.568763}}
{"target": -71.07051267485322, "params": {"C": 2.5749527136144694, "epsilon": 3.259845682303591, "gamma": 0.13413356646324356, "lamda": 0.568818338605273}, "datetime": {"datetime": "2021-06-28 10:28:25", "elapsed": 541.687064, "delta": 9.142683}}
{"target": -96.18583967628864, "params": {"C": 4.957766265979349, "epsilon": 4.087998897463256, "gamma": 0.042524710668337136, "lamda": 0.8487364530901917}, "datetime": {"datetime": "2021-06-28 10:28:32", "elapsed": 548.861645, "delta": 7.174581}}
{"target": -92.17929236461778, "params": {"C": 5.9730865256769325, "epsilon": 1.3032783228495801, "gamma": 0.07946405696975745, "lamda": 0.5149637125857909}, "datetime": {"datetime": "2021-06-28 10:28:47", "elapsed": 563.19351, "delta": 14.331865}}
{"target": -97.76611489412129, "params": {"C": 2.800776465197136, "epsilon": 7.8776269047197705, "gamma": 0.0648031404036504, "lamda": 0.9421051706324185}, "datetime": {"datetime": "2021-06-28 10:28:56", "elapsed": 572.468847, "delta": 9.275337}}
{"target": -72.64111858676038, "params": {"C": 4.528447435593003, "epsilon": 4.194409860146292, "gamma": 0.10620845622994389, "lamda": 0.7328485300324865}, "datetime": {"datetime": "2021-06-28 10:29:06", "elapsed": 582.4989, "delta": 10.030053}}
{"target": -79.92083378740259, "params": {"C": 1.7443843984983762, "epsilon": 3.4200795882365336, "gamma": 0.08485687390142897, "lamda": 0.0669523648980533}, "datetime": {"datetime": "2021-06-28 10:29:15", "elapsed": 591.718502, "delta": 9.219602}}
{"target": -92.39043682581722, "params": {"C": 1.419266461637448, "epsilon": 6.29097808213192, "gamma": 0.055699338259672035, "lamda": 0.683749087511684}, "datetime": {"datetime": "2021-06-28 10:29:29", "elapsed": 605.902579, "delta": 14.184077}}
{"target": -71.81979896020219, "params": {"C": 4.622205565983307, "epsilon": 5.223094177441806, "gamma": 0.013975099919137344, "lamda": 0.9639080406989575}, "datetime": {"datetime": "2021-06-28 10:29:38", "elapsed": 614.6233, "delta": 8.720721}}
{"target": -58.94200800644307, "params": {"C": 3.206129335345494, "epsilon": 7.048257697623119, "gamma": 0.15255431209935652, "lamda": 0.8025147986370741}, "datetime": {"datetime": "2021-06-28 10:29:51", "elapsed": 627.635237, "delta": 13.011937}}
{"target": -54.85499698133736, "params": {"C": 4.443156730887756, "epsilon": 4.036303243264883, "gamma": 0.1790076130755888, "lamda": 0.746115375225901}, "datetime": {"datetime": "2021-06-28 10:30:00", "elapsed": 636.410762, "delta": 8.775525}}
{"target": -65.05174946820176, "params": {"C": 2.5900468148259947, "epsilon": 2.3875409027148207, "gamma": 0.1472989425012875, "lamda": 0.9346057696715059}, "datetime": {"datetime": "2021-06-28 10:30:09", "elapsed": 645.797667, "delta": 9.386905}}
{"target": -101.162504374511, "params": {"C": 5.045991151137296, "epsilon": 7.519871029314461, "gamma": 0.054093773015163805, "lamda": 0.9754326592519595}, "datetime": {"datetime": "2021-06-28 10:30:18", "elapsed": 654.638689, "delta": 8.841022}}
{"target": -11.556478658904416, "params": {"C": 4.7429443034623855, "epsilon": 6.941471030982431, "gamma": 0.11168548428333129, "lamda": 0.19985001728794508}, "datetime": {"datetime": "2021-06-28 10:30:19", "elapsed": 655.468472, "delta": 0.829783}}
{"target": -18.894962454433827, "params": {"C": 0.13161102530646637, "epsilon": 8.722291330058843, "gamma": 0.0598639838404803, "lamda": 0.7249580958304238}, "datetime": {"datetime": "2021-06-28 10:30:20", "elapsed": 656.23724, "delta": 0.768768}}
{"target": -12.683124429800122, "params": {"C": 2.7228501006929497, "epsilon": 1.5715531870287014, "gamma": 0.14562105846894574, "lamda": 0.4690889108614931}, "datetime": {"datetime": "2021-06-28 10:30:20", "elapsed": 657.057214, "delta": 0.819974}}
{"target": -82.25565494007789, "params": {"C": 5.770612672635668, "epsilon": 7.889333620685985, "gamma": 0.10022667675078753, "lamda": 0.9986545641095188}, "datetime": {"datetime": "2021-06-28 10:30:29", "elapsed": 665.682024, "delta": 8.62481}}
{"target": -99.53516664638113, "params": {"C": 3.923159560193036, "epsilon": 6.888010322671258, "gamma": 0.06977457798677181, "lamda": 0.8632675266607219}, "datetime": {"datetime": "2021-06-28 10:30:42", "elapsed": 679.041382, "delta": 13.359358}}
{"target": -78.47840956227368, "params": {"C": 1.281032684046589, "epsilon": 3.9396847832734267, "gamma": 0.10092136775253582, "lamda": 0.7362643681453725}, "datetime": {"datetime": "2021-06-28 10:30:52", "elapsed": 688.108457, "delta": 9.067075}}
{"target": -86.55688252490265, "params": {"C": 5.958219834446773, "epsilon": 0.2896324795583859, "gamma": 0.10051330854101746, "lamda": 0.7805694482028074}, "datetime": {"datetime": "2021-06-28 10:31:01", "elapsed": 697.332777, "delta": 9.22432}}
{"target": -13.98157700286426, "params": {"C": 2.1751776478293094, "epsilon": 4.176990302378533, "gamma": 0.009122199130314566, "lamda": 0.22975426487865605}, "datetime": {"datetime": "2021-06-28 10:31:02", "elapsed": 698.165755, "delta": 0.832978}}
{"target": -11.8982566416677, "params": {"C": 5.081799966045621, "epsilon": 6.492866360911303, "gamma": 0.137641207920071, "lamda": 0.6401578770614674}, "datetime": {"datetime": "2021-06-28 10:31:02", "elapsed": 699.002347, "delta": 0.836592}}
{"target": -14.290553692653532, "params": {"C": 1.672941627537494, "epsilon": 1.1585414513331396, "gamma": 0.011269921714238386, "lamda": 0.20824050730078944}, "datetime": {"datetime": "2021-06-28 10:31:03", "elapsed": 699.784458, "delta": 0.782111}}
{"target": -14.415953908004573, "params": {"C": 1.2981905447643012, "epsilon": 0.10330640750779939, "gamma": 0.013987666099266067, "lamda": 0.6877456885832255}, "datetime": {"datetime": "2021-06-28 10:31:04", "elapsed": 700.579347, "delta": 0.794889}}
{"target": -93.76255998900032, "params": {"C": 4.963269683597289, "epsilon": 3.611631735409324, "gamma": 0.07814178698536801, "lamda": 0.22550787698695487}, "datetime": {"datetime": "2021-06-28 10:31:18", "elapsed": 714.695873, "delta": 14.116526}}
{"target": -12.440350738995571, "params": {"C": 1.668281682131987, "epsilon": 7.272072221531648, "gamma": 0.12648542634049495, "lamda": 0.6915135593935303}, "datetime": {"datetime": "2021-06-28 10:31:19", "elapsed": 715.475463, "delta": 0.77959}}
{"target": -87.70731216523636, "params": {"C": 4.6541588679739085, "epsilon": 5.33661443711447, "gamma": 0.08477796020133317, "lamda": 0.5966273017953262}, "datetime": {"datetime": "2021-06-28 10:31:33", "elapsed": 730.032, "delta": 14.556537}}
{"target": -13.220346102719024, "params": {"C": 3.4235070055050496, "epsilon": 8.681608069473238, "gamma": 0.007944058792028799, "lamda": 0.08820810203180215}, "datetime": {"datetime": "2021-06-28 10:31:34", "elapsed": 730.892469, "delta": 0.860469}}
{"target": -11.8669997732651, "params": {"C": 5.250569169233395, "epsilon": 1.000066842182155, "gamma": 0.0255890080132572, "lamda": 0.7033942053891847}, "datetime": {"datetime": "2021-06-28 10:31:35", "elapsed": 731.733965, "delta": 0.841496}}
{"target": -90.31141078822724, "params": {"C": 3.559880465690879, "epsilon": 4.717648059787885, "gamma": 0.027459187983438594, "lamda": 0.9035012313746343}, "datetime": {"datetime": "2021-06-28 10:31:44", "elapsed": 740.40264, "delta": 8.668675}}
{"target": -98.06884921899137, "params": {"C": 2.3805310801490425, "epsilon": 6.647044156570581, "gamma": 0.042374037738585925, "lamda": 0.766931504742316}, "datetime": {"datetime": "2021-06-28 10:31:49", "elapsed": 746.027335, "delta": 5.624695}}
{"target": -13.989508664211266, "params": {"C": 5.883059972140459, "epsilon": 4.267393948968965, "gamma": 0.005099998866080221, "lamda": 0.15660258090065837}, "datetime": {"datetime": "2021-06-28 10:31:50", "elapsed": 746.888343, "delta": 0.861008}}
{"target": -60.084343157475764, "params": {"C": 3.114356684292093, "epsilon": 6.8957777826186994, "gamma": 0.13195318698341482, "lamda": 0.8507241890885197}, "datetime": {"datetime": "2021-06-28 10:31:59", "elapsed": 755.979002, "delta": 9.090659}}
{"target": -12.085845986758265, "params": {"C": 3.914380604936722, "epsilon": 0.6472756079781106, "gamma": 0.02524655070628532, "lamda": 0.874616547723955}, "datetime": {"datetime": "2021-06-28 10:32:00", "elapsed": 756.846004, "delta": 0.867002}}
{"target": -13.710408686940918, "params": {"C": 1.9836253906402792, "epsilon": 0.9680072732995865, "gamma": 0.19033618285993478, "lamda": 0.9221826478368993}, "datetime": {"datetime": "2021-06-28 10:32:01", "elapsed": 757.666296, "delta": 0.820292}}
{"target": -14.68713284671757, "params": {"C": 0.5486381143046976, "epsilon": 6.00646244064975, "gamma": 0.025989895269516086, "lamda": 0.27848941707822217}, "datetime": {"datetime": "2021-06-28 10:32:02", "elapsed": 758.492987, "delta": 0.826691}}
{"target": -13.59850212389244, "params": {"C": 1.4001783793300333, "epsilon": 5.760008135246437, "gamma": 0.1697344990809101, "lamda": 0.27021359885300866}, "datetime": {"datetime": "2021-06-28 10:32:03", "elapsed": 759.324909, "delta": 0.831922}}
{"target": -12.9948769971448, "params": {"C": 1.7627607351747463, "epsilon": 1.0415440772218052, "gamma": 0.1249839119175446, "lamda": 0.06982894100221186}, "datetime": {"datetime": "2021-06-28 10:32:04", "elapsed": 760.127965, "delta": 0.803056}}
{"target": -12.839793930688526, "params": {"C": 1.631998951093412, "epsilon": 2.3824496367346595, "gamma": 0.026463518917152505, "lamda": 0.058186001695711954}, "datetime": {"datetime": "2021-06-28 10:32:04", "elapsed": 760.930408, "delta": 0.802443}}
{"target": -65.33239816333707, "params": {"C": 3.492905331259794, "epsilon": 3.952499770951636, "gamma": 0.1232062712950789, "lamda": 0.5003879747403738}, "datetime": {"datetime": "2021-06-28 10:32:13", "elapsed": 770.042567, "delta": 9.112159}}
{"target": -11.987153932112175, "params": {"C": 4.665669055434865, "epsilon": 1.0658925896731624, "gamma": 0.11672870755332646, "lamda": 0.16151378194123223}, "datetime": {"datetime": "2021-06-28 10:32:14", "elapsed": 770.887528, "delta": 0.844961}}
{"target": -52.20134318307341, "params": {"C": 5.07001669846766, "epsilon": 8.135742577628433, "gamma": 0.19643021163810126, "lamda": 0.3953176478284946}, "datetime": {"datetime": "2021-06-28 10:32:23", "elapsed": 779.739306, "delta": 8.851778}}
{"target": -13.041867369616883, "params": {"C": 5.500829612981581, "epsilon": 2.3655278709895593, "gamma": 0.19210299068125097, "lamda": 0.38489844886011093}, "datetime": {"datetime": "2021-06-28 10:32:24", "elapsed": 780.552218, "delta": 0.812912}}
{"target": -17.412434894488175, "params": {"C": 1.9902490376887474, "epsilon": 6.683755578461675, "gamma": 0.002319771319907822, "lamda": 0.08733454550614138}, "datetime": {"datetime": "2021-06-28 10:32:25", "elapsed": 781.360938, "delta": 0.80872}}
{"target": -12.308588955942868, "params": {"C": 2.909111878759461, "epsilon": 7.383975472039021, "gamma": 0.15578887826253074, "lamda": 0.5541316149402965}, "datetime": {"datetime": "2021-06-28 10:32:26", "elapsed": 782.162464, "delta": 0.801526}}
{"target": -13.488924030177463, "params": {"C": 2.4638071235749863, "epsilon": 1.1905002832769087, "gamma": 0.19783788547238917, "lamda": 0.5280790324508026}, "datetime": {"datetime": "2021-06-28 10:32:26", "elapsed": 783.007222, "delta": 0.844758}}
{"target": -12.862429513375858, "params": {"C": 4.527544710941072, "epsilon": 1.0866880306859101, "gamma": 0.17303389208990214, "lamda": 0.5372722164082226}, "datetime": {"datetime": "2021-06-28 10:32:27", "elapsed": 783.847998, "delta": 0.840776}}
{"target": -77.34382970805068, "params": {"C": 1.2033035636072, "epsilon": 4.864095776572465, "gamma": 0.1058576279842962, "lamda": 0.7245788329223616}, "datetime": {"datetime": "2021-06-28 10:32:36", "elapsed": 792.984669, "delta": 9.136671}}
{"target": -13.378873568230373, "params": {"C": 2.630714471396295, "epsilon": 1.1960427156421665, "gamma": 0.19629356759834263, "lamda": 0.9597657576272449}, "datetime": {"datetime": "2021-06-28 10:32:37", "elapsed": 793.839862, "delta": 0.855193}}
{"target": -15.848310884574705, "params": {"C": 0.38931829471374835, "epsilon": 7.000253307880857, "gamma": 0.10056394973404771, "lamda": 0.08232001877238071}, "datetime": {"datetime": "2021-06-28 10:32:38", "elapsed": 794.623763, "delta": 0.783901}}
{"target": -13.97705069652633, "params": {"C": 2.4549612094382933, "epsilon": 9.888819582697803, "gamma": 0.00703586203508645, "lamda": 0.28182281065861947}, "datetime": {"datetime": "2021-06-28 10:32:39", "elapsed": 795.44202, "delta": 0.818257}}
{"target": -66.22411037509221, "params": {"C": 4.766202626844905, "epsilon": 0.19973854122651044, "gamma": 0.14345062701873698, "lamda": 0.6828149744811349}, "datetime": {"datetime": "2021-06-28 10:32:48", "elapsed": 804.229977, "delta": 8.787957}}
{"target": -96.97394458971979, "params": {"C": 2.096793774693872, "epsilon": 5.2494932093437825, "gamma": 0.05696571349113818, "lamda": 0.7377073924368884}, "datetime": {"datetime": "2021-06-28 10:33:01", "elapsed": 817.933438, "delta": 13.703461}}
{"target": -13.653185873248283, "params": {"C": 1.4976536185100566, "epsilon": 3.1075577515928896, "gamma": 0.16544362183535521, "lamda": 0.7118190470024779}, "datetime": {"datetime": "2021-06-28 10:33:02", "elapsed": 818.77557, "delta": 0.842132}}
{"target": -13.603357625784115, "params": {"C": 2.2336115454660197, "epsilon": 1.2647389270945002, "gamma": 0.1982534652599062, "lamda": 0.045530904827189696}, "datetime": {"datetime": "2021-06-28 10:33:03", "elapsed": 819.593485, "delta": 0.817915}}
{"target": -100.93041942902808, "params": {"C": 3.5425095067500707, "epsilon": 1.7481886343883488, "gamma": 0.0426882298872562, "lamda": 0.8620601720983513}, "datetime": {"datetime": "2021-06-28 10:33:13", "elapsed": 829.343131, "delta": 9.749646}}
{"target": -56.59666905822351, "params": {"C": 1.75844646380561, "epsilon": 8.713423473183614, "gamma": 0.19929100532627467, "lamda": 0.6026252635496293}, "datetime": {"datetime": "2021-06-28 10:33:28", "elapsed": 845.078145, "delta": 15.735014}}
