{"target": -20.11321207548835, "params": {"C": 3.837484919525322, "epsilon": 5.997275920470318, "gamma": 0.9620344549031111, "lamda": 2.050431258544958}, "datetime": {"datetime": "2021-06-28 08:35:46", "elapsed": 1082.080475, "delta": 1.119652}}
{"target": -17.388826549316107, "params": {"C": 3.411882011057605, "epsilon": 5.810091298701093, "gamma": 0.6622839975843685, "lamda": 0.8892604966253371}, "datetime": {"datetime": "2021-06-28 08:35:47", "elapsed": 1083.367365, "delta": 1.28689}}
{"target": -15.503578864486824, "params": {"C": 3.3349984233715815, "epsilon": 5.670183124535789, "gamma": 0.4533339025978831, "lamda": 1.0638958939510146}, "datetime": {"datetime": "2021-06-28 08:35:49", "elapsed": 1085.062519, "delta": 1.695154}}
{"target": -33.62488550968924, "params": {"C": 2.132508610540373, "epsilon": 4.638081640205998, "gamma": 9.884717264917958, "lamda": 9.381093236689786}, "datetime": {"datetime": "2021-06-28 08:35:50", "elapsed": 1086.161175, "delta": 1.098656}}
{"target": -20.2626334878506, "params": {"C": 8.65548125645333, "epsilon": 9.381037658807456, "gamma": 1.1089355107116503, "lamda": 0.7570931202224427}, "datetime": {"datetime": "2021-06-28 08:35:51", "elapsed": 1087.24008, "delta": 1.078905}}
{"target": -19.481575820363854, "params": {"C": 7.740688753294094, "epsilon": 8.97832160800929, "gamma": 0.9748432844418404, "lamda": 0.2524384863639044}, "datetime": {"datetime": "2021-06-28 08:35:52", "elapsed": 1088.897897, "delta": 1.657817}}
{"target": -19.302119327409944, "params": {"C": 3.8230592718768728, "epsilon": 5.458577791064849, "gamma": 0.8572675082337783, "lamda": 1.6183452371330251}, "datetime": {"datetime": "2021-06-28 08:35:54", "elapsed": 1090.901865, "delta": 2.003968}}
{"target": -22.5767641472133, "params": {"C": 3.941994305996106, "epsilon": 5.334598425323462, "gamma": 1.3879834804817588, "lamda": 2.421854312364903}, "datetime": {"datetime": "2021-06-28 08:35:56", "elapsed": 1091.939104, "delta": 1.037239}}
{"target": -33.10818918479031, "params": {"C": 3.2088234754500085, "epsilon": 5.571823286894075, "gamma": 5.333094417640615, "lamda": 5.768377062722276}, "datetime": {"datetime": "2021-06-28 08:36:10", "elapsed": 1106.663707, "delta": 14.724603}}
{"target": -21.936229525818867, "params": {"C": 4.841912920140105, "epsilon": 7.667164376464792, "gamma": 1.3307989528591029, "lamda": 2.0962918340181815}, "datetime": {"datetime": "2021-06-28 08:36:11", "elapsed": 1107.794246, "delta": 1.130539}}
{"target": -14.710606913609759, "params": {"C": 4.096456029517644, "epsilon": 5.728506593761479, "gamma": 0.37015535013152967, "lamda": 0.9827606321045416}, "datetime": {"datetime": "2021-06-28 08:36:13", "elapsed": 1109.53277, "delta": 1.738524}}
{"target": -33.44957211352405, "params": {"C": 3.092550238776416, "epsilon": 4.674893918836186, "gamma": 2.9451371291614348, "lamda": 7.578871139287547}, "datetime": {"datetime": "2021-06-28 08:36:29", "elapsed": 1125.619343, "delta": 16.086573}}
{"target": -28.76103695996885, "params": {"C": 6.815814291914412, "epsilon": 4.738256282195199, "gamma": 3.852578700698186, "lamda": 0.35425022063576683}, "datetime": {"datetime": "2021-06-28 08:36:30", "elapsed": 1126.75329, "delta": 1.133947}}
{"target": -32.94865604735301, "params": {"C": 9.35884435433318, "epsilon": 5.996109710857031, "gamma": 9.056106539319165, "lamda": 0.7641429169388719}, "datetime": {"datetime": "2021-06-28 08:36:32", "elapsed": 1127.935085, "delta": 1.181795}}
{"target": -19.149105693784342, "params": {"C": 7.566100342020046, "epsilon": 9.215374500624547, "gamma": 0.9228428843050714, "lamda": 0.49315806568313614}, "datetime": {"datetime": "2021-06-28 08:36:33", "elapsed": 1129.146818, "delta": 1.211733}}
{"target": -32.47784453716406, "params": {"C": 9.590705018521456, "epsilon": 7.461480838652025, "gamma": 2.7307072712683502, "lamda": 7.346121199378773}, "datetime": {"datetime": "2021-06-28 08:36:48", "elapsed": 1144.202953, "delta": 15.056135}}
{"target": -17.542385897125463, "params": {"C": 3.892543898548391, "epsilon": 5.858114372434115, "gamma": 0.6865087679250594, "lamda": 1.9212409578154053}, "datetime": {"datetime": "2021-06-28 08:36:50", "elapsed": 1146.261286, "delta": 2.058333}}
{"target": -33.031791643821805, "params": {"C": 0.4170948248539573, "epsilon": 9.813113093143773, "gamma": 9.595887134207446, "lamda": 1.3529951547614327}, "datetime": {"datetime": "2021-06-28 08:36:51", "elapsed": 1147.475054, "delta": 1.213768}}
{"target": -20.625567425913513, "params": {"C": 9.919881294013242, "epsilon": 6.708904983818134, "gamma": 1.184084447498925, "lamda": 0.8759325048606419}, "datetime": {"datetime": "2021-06-28 08:36:52", "elapsed": 1148.925788, "delta": 1.450734}}
{"target": -17.46002939384735, "params": {"C": 7.968752038987637, "epsilon": 9.391145922402282, "gamma": 0.7231112314863898, "lamda": 0.5320706186532723}, "datetime": {"datetime": "2021-06-28 08:36:54", "elapsed": 1150.331503, "delta": 1.405715}}
{"target": -21.02847894030984, "params": {"C": 3.924932652622529, "epsilon": 5.70470402045186, "gamma": 1.106334588745696, "lamda": 1.535116597235072}, "datetime": {"datetime": "2021-06-28 08:36:55", "elapsed": 1151.759795, "delta": 1.428292}}
{"target": -20.30936864935636, "params": {"C": 8.582263813775747, "epsilon": 8.848653523349505, "gamma": 1.1117617136317057, "lamda": 0.4910693025970648}, "datetime": {"datetime": "2021-06-28 08:36:57", "elapsed": 1153.581039, "delta": 1.821244}}
{"target": -32.83087721354499, "params": {"C": 1.6891802062988288, "epsilon": 6.217010572545697, "gamma": 4.786443492728021, "lamda": 5.782659730033015}, "datetime": {"datetime": "2021-06-28 08:37:09", "elapsed": 1165.372967, "delta": 11.791928}}
{"target": -26.982358270611574, "params": {"C": 1.7159402389871914, "epsilon": 7.814683042839668, "gamma": 2.450816981622113, "lamda": 4.710254530605984}, "datetime": {"datetime": "2021-06-28 08:37:10", "elapsed": 1166.515116, "delta": 1.142149}}
{"target": -20.370867105279274, "params": {"C": 8.684689923555332, "epsilon": 9.103258322611314, "gamma": 1.1290648982544769, "lamda": 0.5622981574047042}, "datetime": {"datetime": "2021-06-28 08:37:12", "elapsed": 1167.998906, "delta": 1.48379}}
{"target": -16.51945428292756, "params": {"C": 3.861236994877934, "epsilon": 5.65885141556771, "gamma": 0.5843558762288602, "lamda": 1.9575237128941299}, "datetime": {"datetime": "2021-06-28 08:37:13", "elapsed": 1169.428699, "delta": 1.429793}}
{"target": -21.62316112877453, "params": {"C": 4.920299115003834, "epsilon": 5.279970474794642, "gamma": 1.2478888710842826, "lamda": 2.2759921567141577}, "datetime": {"datetime": "2021-06-28 08:37:14", "elapsed": 1170.469846, "delta": 1.041147}}
{"target": -20.809243081042432, "params": {"C": 7.852490529928047, "epsilon": 8.970097205172678, "gamma": 1.1860300478036112, "lamda": 0.32818176352259393}, "datetime": {"datetime": "2021-06-28 08:37:15", "elapsed": 1171.697981, "delta": 1.228135}}
{"target": -32.33423073188842, "params": {"C": 7.267054570736024, "epsilon": 8.441790349213809, "gamma": 4.107279017813644, "lamda": 3.605437931910237}, "datetime": {"datetime": "2021-06-28 08:37:31", "elapsed": 1187.205615, "delta": 15.507634}}
{"target": -33.60399255902411, "params": {"C": 5.155655727147695, "epsilon": 3.9858333465992573, "gamma": 4.46350304488005, "lamda": 7.906207784771773}, "datetime": {"datetime": "2021-06-28 08:37:50", "elapsed": 1206.234694, "delta": 19.029079}}
{"target": -18.12057249855091, "params": {"C": 9.415494063995189, "epsilon": 6.326937773357459, "gamma": 0.8032295053624645, "lamda": 1.1173533466493468}, "datetime": {"datetime": "2021-06-28 08:37:52", "elapsed": 1208.079642, "delta": 1.844948}}
{"target": -34.940655759835046, "params": {"C": 4.096656921127093, "epsilon": 5.628537524442377, "gamma": 0.46094946256131547, "lamda": 1.7946930526331393}, "datetime": {"datetime": "2021-06-28 08:38:04", "elapsed": 1220.372485, "delta": 12.292843}}
{"target": -19.727600539900543, "params": {"C": 9.93096399082414, "epsilon": 6.3359601566380475, "gamma": 1.0233818712833402, "lamda": 0.47965862385964475}, "datetime": {"datetime": "2021-06-28 08:38:06", "elapsed": 1222.144811, "delta": 1.772326}}
{"target": -19.51925661437627, "params": {"C": 7.972258593820184, "epsilon": 9.547317227251579, "gamma": 0.9871113525515669, "lamda": 0.3837220018716474}, "datetime": {"datetime": "2021-06-28 08:38:07", "elapsed": 1223.316121, "delta": 1.17131}}
{"target": -33.571075892183885, "params": {"C": 4.367350200017147, "epsilon": 2.7103557239012845, "gamma": 9.424893016353018, "lamda": 0.14484702144673553}, "datetime": {"datetime": "2021-06-28 08:38:08", "elapsed": 1224.589539, "delta": 1.273418}}
{"target": -33.73898662708055, "params": {"C": 7.6963539673235655, "epsilon": 9.414932030568506, "gamma": 0.7442126447940194, "lamda": 0.7004232038535109}, "datetime": {"datetime": "2021-06-28 08:38:21", "elapsed": 1237.784025, "delta": 13.194486}}
{"target": -20.58313217775419, "params": {"C": 8.71810165297606, "epsilon": 9.194712308054708, "gamma": 1.16411565948865, "lamda": 0.2878611358312867}, "datetime": {"datetime": "2021-06-28 08:38:23", "elapsed": 1239.331226, "delta": 1.547201}}
{"target": -33.59145696255247, "params": {"C": 8.476448177257305, "epsilon": 9.337261775153786, "gamma": 0.8482248718913374, "lamda": 0.8175968329961788}, "datetime": {"datetime": "2021-06-28 08:38:34", "elapsed": 1250.637273, "delta": 11.306047}}
{"target": -34.6829305165999, "params": {"C": 9.211887770835132, "epsilon": 1.3546415399939034, "gamma": 3.4276345919722515, "lamda": 8.201157900873694}, "datetime": {"datetime": "2021-06-28 08:38:46", "elapsed": 1262.386495, "delta": 11.749222}}
{"target": -15.532202691612786, "params": {"C": 3.8940692097971032, "epsilon": 5.595833278878432, "gamma": 0.46665239948544107, "lamda": 0.9218371969556832}, "datetime": {"datetime": "2021-06-28 08:38:47", "elapsed": 1263.83023, "delta": 1.443735}}
{"target": -33.739562960043315, "params": {"C": 8.510601409915465, "epsilon": 9.745991164847814, "gamma": 0.7332243130555178, "lamda": 2.1228546361877005}, "datetime": {"datetime": "2021-06-28 08:38:55", "elapsed": 1271.916162, "delta": 8.085932}}
{"target": -34.48248961522678, "params": {"C": 1.4994548323861512, "epsilon": 1.690769145287905, "gamma": 5.2455242178773425, "lamda": 5.704437679906107}, "datetime": {"datetime": "2021-06-28 08:39:08", "elapsed": 1284.200387, "delta": 12.284225}}
{"target": -14.718147307287108, "params": {"C": 3.299288108953147, "epsilon": 5.796547220515707, "gamma": 0.3487353621686648, "lamda": 1.1259896894069996}, "datetime": {"datetime": "2021-06-28 08:39:10", "elapsed": 1286.382081, "delta": 2.181694}}
{"target": -17.280183654738696, "params": {"C": 8.988047213671727, "epsilon": 5.375227908112977, "gamma": 0.6929457266152214, "lamda": 2.222782744681475}, "datetime": {"datetime": "2021-06-28 08:39:11", "elapsed": 1287.617455, "delta": 1.235374}}
{"target": -49.19218609301166, "params": {"C": 3.7850901958413306, "epsilon": 5.590753759222275, "gamma": 0.1909124588722635, "lamda": 1.6042092666511751}, "datetime": {"datetime": "2021-06-28 08:39:23", "elapsed": 1299.400574, "delta": 11.783119}}
{"target": -22.88336076044595, "params": {"C": 4.838858004831708, "epsilon": 5.63482490842108, "gamma": 1.503945388238913, "lamda": 1.8694165163935594}, "datetime": {"datetime": "2021-06-28 08:39:24", "elapsed": 1300.667727, "delta": 1.267153}}
{"target": -33.214003912899535, "params": {"C": 8.225640038908127, "epsilon": 1.3675232701594253, "gamma": 8.60633129821667, "lamda": 1.6613192622220891}, "datetime": {"datetime": "2021-06-28 08:39:25", "elapsed": 1301.877471, "delta": 1.209744}}
{"target": -17.122943793283305, "params": {"C": 3.4279039879422553, "epsilon": 5.760181162635748, "gamma": 0.63618928306773, "lamda": 0.9334229089482753}, "datetime": {"datetime": "2021-06-28 08:39:27", "elapsed": 1303.374353, "delta": 1.496882}}
{"target": -33.59222621349119, "params": {"C": 4.511330895555868, "epsilon": 3.778989639235256, "gamma": 5.108677379200471, "lamda": 6.751504997980037}, "datetime": {"datetime": "2021-06-28 08:39:39", "elapsed": 1314.936896, "delta": 11.562543}}
{"target": -19.48953233715392, "params": {"C": 8.620226483679446, "epsilon": 8.864434027663425, "gamma": 0.9907030391890794, "lamda": 0.33668928691721184}, "datetime": {"datetime": "2021-06-28 08:39:40", "elapsed": 1316.604704, "delta": 1.667808}}
{"target": -33.168648522075436, "params": {"C": 6.93694150939192, "epsilon": 6.683175995597432, "gamma": 9.719138149650574, "lamda": 1.984768261596006}, "datetime": {"datetime": "2021-06-28 08:39:41", "elapsed": 1317.827821, "delta": 1.223117}}
{"target": -34.5149546598828, "params": {"C": 6.687984103736897, "epsilon": 1.4189418284981918, "gamma": 6.12948143362618, "lamda": 5.893520523652351}, "datetime": {"datetime": "2021-06-28 08:39:53", "elapsed": 1329.661697, "delta": 11.833876}}
{"target": -32.178482004585, "params": {"C": 3.5631266193980884, "epsilon": 9.312171223216817, "gamma": 2.8473225156073423, "lamda": 2.306223659489846}, "datetime": {"datetime": "2021-06-28 08:40:01", "elapsed": 1337.929585, "delta": 8.267888}}
{"target": -21.069293080321764, "params": {"C": 4.102151863787997, "epsilon": 5.457158256772558, "gamma": 1.1170559080211675, "lamda": 1.8334140196114512}, "datetime": {"datetime": "2021-06-28 08:40:03", "elapsed": 1339.133516, "delta": 1.203931}}
{"target": -21.07072622116373, "params": {"C": 7.528724461524041, "epsilon": 8.934213677662306, "gamma": 1.2304578185934887, "lamda": 0.3467098654451822}, "datetime": {"datetime": "2021-06-28 08:40:04", "elapsed": 1340.778499, "delta": 1.644983}}
{"target": -17.962994807141463, "params": {"C": 3.8995522572879264, "epsilon": 0.4883207661785553, "gamma": 0.688067870401383, "lamda": 2.2918380452358096}, "datetime": {"datetime": "2021-06-28 08:40:06", "elapsed": 1342.423054, "delta": 1.644555}}
{"target": -20.209500872736054, "params": {"C": 8.241220735941633, "epsilon": 8.697219247588091, "gamma": 1.0920081879019499, "lamda": 0.18416535560250027}, "datetime": {"datetime": "2021-06-28 08:40:08", "elapsed": 1344.076502, "delta": 1.653448}}
{"target": -18.584735575239417, "params": {"C": 4.026813024528857, "epsilon": 5.702973985446154, "gamma": 0.7863541573040315, "lamda": 1.5298078199101208}, "datetime": {"datetime": "2021-06-28 08:40:10", "elapsed": 1346.246042, "delta": 2.16954}}
{"target": -32.399131802598355, "params": {"C": 1.5474375786614276, "epsilon": 6.883460003734181, "gamma": 6.910304451320444, "lamda": 5.450408531543748}, "datetime": {"datetime": "2021-06-28 08:40:11", "elapsed": 1347.555725, "delta": 1.309683}}
{"target": -15.78511350294992, "params": {"C": 3.576082856030503, "epsilon": 6.116733119193033, "gamma": 0.4964727059791358, "lamda": 1.3031131069828343}, "datetime": {"datetime": "2021-06-28 08:40:13", "elapsed": 1349.001047, "delta": 1.445322}}
{"target": -19.514212030818474, "params": {"C": 9.957461474107726, "epsilon": 6.521450083054085, "gamma": 0.9918575417061322, "lamda": 1.040341693761651}, "datetime": {"datetime": "2021-06-28 08:40:14", "elapsed": 1350.533703, "delta": 1.532656}}
{"target": -21.25474514559525, "params": {"C": 8.510406298032185, "epsilon": 9.265675394091542, "gamma": 1.2878812512760787, "lamda": 0.5538766901613312}, "datetime": {"datetime": "2021-06-28 08:40:16", "elapsed": 1352.147022, "delta": 1.613319}}
{"target": -22.849258610683965, "params": {"C": 4.2042155597925595, "epsilon": 5.453192421981398, "gamma": 1.4573546546031961, "lamda": 2.4539717235860516}, "datetime": {"datetime": "2021-06-28 08:40:17", "elapsed": 1353.561014, "delta": 1.413992}}
{"target": -16.273295556851604, "params": {"C": 4.013001624233571, "epsilon": 0.421761481362938, "gamma": 0.5106339590500952, "lamda": 2.3743379168762666}, "datetime": {"datetime": "2021-06-28 08:40:19", "elapsed": 1355.139241, "delta": 1.578227}}
{"target": -33.34513080957054, "params": {"C": 8.24384765175226, "epsilon": 6.941097524937959, "gamma": 1.4481063579574345, "lamda": 9.591821721094206}, "datetime": {"datetime": "2021-06-28 08:40:32", "elapsed": 1368.023493, "delta": 12.884252}}
{"target": -31.434094197209493, "params": {"C": 7.071951651489857, "epsilon": 7.60807816556888, "gamma": 6.512143543606705, "lamda": 4.925169669359319}, "datetime": {"datetime": "2021-06-28 08:40:33", "elapsed": 1369.362602, "delta": 1.339109}}
{"target": -15.120978882637692, "params": {"C": 3.6868545197972673, "epsilon": 5.453894669158304, "gamma": 0.41179018756329155, "lamda": 0.6326911464166017}, "datetime": {"datetime": "2021-06-28 08:40:35", "elapsed": 1371.406719, "delta": 2.044117}}
{"target": -22.0679178365544, "params": {"C": 7.994871250857449, "epsilon": 9.03927846915676, "gamma": 1.4389844717386266, "lamda": 0.26934374162679287}, "datetime": {"datetime": "2021-06-28 08:40:37", "elapsed": 1373.004075, "delta": 1.597356}}
{"target": -33.00816823302042, "params": {"C": 0.853822255459968, "epsilon": 8.700194169176754, "gamma": 9.904132537948687, "lamda": 1.1161796440802862}, "datetime": {"datetime": "2021-06-28 08:40:38", "elapsed": 1374.353084, "delta": 1.349009}}
{"target": -20.98642336295071, "params": {"C": 4.172090829238461, "epsilon": 5.626904303808777, "gamma": 1.1066710883493582, "lamda": 2.3007321436440265}, "datetime": {"datetime": "2021-06-28 08:40:40", "elapsed": 1375.971468, "delta": 1.618384}}
{"target": -17.83384779771533, "params": {"C": 3.993896538986039, "epsilon": 5.7864986239773755, "gamma": 0.7140058621549815, "lamda": 1.3758204424357494}, "datetime": {"datetime": "2021-06-28 08:40:41", "elapsed": 1377.422025, "delta": 1.450557}}
{"target": -16.14654057034787, "params": {"C": 3.516133091772778, "epsilon": 5.764536334868349, "gamma": 0.5336082862855098, "lamda": 2.028472646790958}, "datetime": {"datetime": "2021-06-28 08:40:43", "elapsed": 1378.97183, "delta": 1.549805}}
{"target": -32.66709192718045, "params": {"C": 1.4801190394692398, "epsilon": 4.472028033213786, "gamma": 6.393026474197824, "lamda": 4.050643984300134}, "datetime": {"datetime": "2021-06-28 08:40:44", "elapsed": 1380.22136, "delta": 1.24953}}
{"target": -34.528570124111916, "params": {"C": 9.25293705656916, "epsilon": 1.7794175640816454, "gamma": 3.7005362503436605, "lamda": 5.162759853500263}, "datetime": {"datetime": "2021-06-28 08:40:59", "elapsed": 1395.559901, "delta": 15.338541}}
{"target": -19.65592383896546, "params": {"C": 8.495074216747428, "epsilon": 9.165286951722866, "gamma": 1.0166461866369443, "lamda": 0.3753256066265881}, "datetime": {"datetime": "2021-06-28 08:41:01", "elapsed": 1397.360354, "delta": 1.800453}}
{"target": -53.35417232769121, "params": {"C": 4.319276709564327, "epsilon": 5.5241142425920255, "gamma": 0.2015597467936447, "lamda": 1.2301055965315508}, "datetime": {"datetime": "2021-06-28 08:41:14", "elapsed": 1410.893707, "delta": 13.533353}}
{"target": -32.036465775773486, "params": {"C": 6.216353990276427, "epsilon": 9.193711793493149, "gamma": 6.1856252769236635, "lamda": 6.864235303315706}, "datetime": {"datetime": "2021-06-28 08:41:27", "elapsed": 1423.227006, "delta": 12.333299}}
{"target": -18.62983832079561, "params": {"C": 4.093502102177428, "epsilon": 5.794523608085668, "gamma": 0.7920007775716676, "lamda": 2.0481391290429083}, "datetime": {"datetime": "2021-06-28 08:41:28", "elapsed": 1424.662811, "delta": 1.435805}}
{"target": -16.905906337825503, "params": {"C": 3.6853746995228347, "epsilon": 5.342895868378514, "gamma": 0.6189733035516101, "lamda": 0.658125262238053}, "datetime": {"datetime": "2021-06-28 08:41:30", "elapsed": 1426.09671, "delta": 1.433899}}
{"target": -18.415227977982255, "params": {"C": 3.6193237836756995, "epsilon": 5.710309964321461, "gamma": 0.7679291776028611, "lamda": 2.033873701110638}, "datetime": {"datetime": "2021-06-28 08:41:31", "elapsed": 1427.638244, "delta": 1.541534}}
{"target": -14.727413204575255, "params": {"C": 3.928907911617018, "epsilon": 5.72229012348402, "gamma": 0.36984571868673627, "lamda": 2.206865809006092}, "datetime": {"datetime": "2021-06-28 08:41:33", "elapsed": 1428.971123, "delta": 1.332879}}
{"target": -33.11563416509684, "params": {"C": 3.9232446825743037, "epsilon": 0.37985037691570234, "gamma": 7.40035196300941, "lamda": 4.218384917863798}, "datetime": {"datetime": "2021-06-28 08:41:34", "elapsed": 1430.301322, "delta": 1.330199}}
{"target": -31.959265469833102, "params": {"C": 5.502881701002079, "epsilon": 9.02690509626726, "gamma": 9.75615760461676, "lamda": 7.696529950173025}, "datetime": {"datetime": "2021-06-28 08:41:46", "elapsed": 1442.682335, "delta": 12.381013}}
{"target": -17.36696563330954, "params": {"C": 8.98666608871406, "epsilon": 5.350697944518942, "gamma": 0.702232156813575, "lamda": 2.1978506610351043}, "datetime": {"datetime": "2021-06-28 08:41:48", "elapsed": 1444.845063, "delta": 2.162728}}
{"target": -34.8028486944724, "params": {"C": 6.93722787947747, "epsilon": 3.94895603159906, "gamma": 1.3137317605039454, "lamda": 5.342064034063549}, "datetime": {"datetime": "2021-06-28 08:42:01", "elapsed": 1457.432581, "delta": 12.587518}}
{"target": -14.257741380917832, "params": {"C": 3.5734933941206046, "epsilon": 5.436973054259821, "gamma": 0.3030256320192558, "lamda": 0.726981116253049}, "datetime": {"datetime": "2021-06-28 08:42:03", "elapsed": 1459.80534, "delta": 2.372759}}
{"target": -28.48157102890592, "params": {"C": 8.572008632198086, "epsilon": 1.4482891192557483, "gamma": 3.6074892758163695, "lamda": 1.605481347409983}, "datetime": {"datetime": "2021-06-28 08:42:05", "elapsed": 1461.194126, "delta": 1.388786}}
{"target": -20.255454677979976, "params": {"C": 4.321309387135728, "epsilon": 5.8677746955831305, "gamma": 0.9951591598765431, "lamda": 2.3557963412046914}, "datetime": {"datetime": "2021-06-28 08:42:07", "elapsed": 1463.01476, "delta": 1.820634}}
{"target": -19.727010206962497, "params": {"C": 7.895350191008195, "epsilon": 9.510701388179964, "gamma": 1.0221568915255106, "lamda": 0.6809550752777447}, "datetime": {"datetime": "2021-06-28 08:42:08", "elapsed": 1464.711599, "delta": 1.696839}}
