{"target": -11.577201512980887, "params": {"C": 9.317651549331558, "epsilon": 3.874431595249412, "gamma": 0.01, "lamda": 0.58118636613949}, "datetime": {"datetime": "2021-06-21 21:04:03", "elapsed": 206.092154, "delta": 1.613913}}
{"target": -11.577176616744959, "params": {"C": 6.9796888540586925, "epsilon": 6.54405780723933, "gamma": 0.01, "lamda": 1.0}, "datetime": {"datetime": "2021-06-21 21:04:05", "elapsed": 207.549738, "delta": 1.457584}}
{"target": -11.905611137929064, "params": {"C": 5.515249312941354, "epsilon": 2.8535975951589503, "gamma": 0.01, "lamda": 0.7800849642502944}, "datetime": {"datetime": "2021-06-21 21:04:06", "elapsed": 209.097594, "delta": 1.547856}}
{"target": -11.899101677951633, "params": {"C": 3.4077192805507486, "epsilon": 4.934549639632412, "gamma": 0.01, "lamda": 0.01}, "datetime": {"datetime": "2021-06-21 21:04:08", "elapsed": 210.835058, "delta": 1.737464}}
{"target": -11.910199575414309, "params": {"C": 2.3394749526753755, "epsilon": 8.9646992613101, "gamma": 0.01, "lamda": 0.01}, "datetime": {"datetime": "2021-06-21 21:04:10", "elapsed": 212.7002, "delta": 1.865142}}
{"target": -11.654563537013022, "params": {"C": 9.743324704267266, "epsilon": 2.4793154803637143, "gamma": 0.01, "lamda": 0.608325401290463}, "datetime": {"datetime": "2021-06-21 21:04:12", "elapsed": 214.726074, "delta": 2.025874}}
{"target": -11.101675852431855, "params": {"C": 7.957180405256474, "epsilon": 8.546412157678485, "gamma": 0.020147923816036167, "lamda": 0.4307560769392596}, "datetime": {"datetime": "2021-06-21 21:04:14", "elapsed": 216.636593, "delta": 1.910519}}
{"target": -12.033379980434928, "params": {"C": 2.3622272813870695, "epsilon": 10.0, "gamma": 0.01, "lamda": 1.0}, "datetime": {"datetime": "2021-06-21 21:04:15", "elapsed": 217.943845, "delta": 1.307252}}
{"target": -11.571679447744561, "params": {"C": 8.085092078680477, "epsilon": 3.540440067726229, "gamma": 0.010573824779649904, "lamda": 0.6898446370864264}, "datetime": {"datetime": "2021-06-21 21:04:17", "elapsed": 219.575326, "delta": 1.631481}}
{"target": -12.306578550603923, "params": {"C": 2.7847172999449095, "epsilon": 0.001, "gamma": 0.01, "lamda": 0.01}, "datetime": {"datetime": "2021-06-21 21:04:19", "elapsed": 221.796822, "delta": 2.221496}}
{"target": -12.1131519618186, "params": {"C": 2.005219845285432, "epsilon": 6.572529858560177, "gamma": 0.01, "lamda": 0.01}, "datetime": {"datetime": "2021-06-21 21:04:21", "elapsed": 224.064363, "delta": 2.267541}}
{"target": -11.916558229889835, "params": {"C": 3.9657715658449453, "epsilon": 4.389518932549535, "gamma": 0.01, "lamda": 0.7576183030215573}, "datetime": {"datetime": "2021-06-21 21:04:23", "elapsed": 225.691866, "delta": 1.627503}}
{"target": -11.870767514338382, "params": {"C": 4.665993977534969, "epsilon": 3.4766159808962085, "gamma": 0.01, "lamda": 0.01}, "datetime": {"datetime": "2021-06-21 21:04:25", "elapsed": 227.774326, "delta": 2.08246}}
{"target": -11.359594861033107, "params": {"C": 8.119881292501155, "epsilon": 2.3744932967707033, "gamma": 0.02156157048747285, "lamda": 0.566057230097386}, "datetime": {"datetime": "2021-06-21 21:04:27", "elapsed": 229.971355, "delta": 2.197029}}
{"target": -12.110073775703553, "params": {"C": 1.8499379536660596, "epsilon": 7.778425515722564, "gamma": 0.01, "lamda": 0.01}, "datetime": {"datetime": "2021-06-21 21:04:29", "elapsed": 231.741744, "delta": 1.770389}}
{"target": -11.389691471766653, "params": {"C": 8.136205171562487, "epsilon": 6.974339076589801, "gamma": 0.011147955382687582, "lamda": 0.4738632891890862}, "datetime": {"datetime": "2021-06-21 21:04:31", "elapsed": 233.630273, "delta": 1.888529}}
{"target": -12.241580016477249, "params": {"C": 2.1395961132743824, "epsilon": 5.49976809483624, "gamma": 0.01, "lamda": 1.0}, "datetime": {"datetime": "2021-06-21 21:04:32", "elapsed": 234.966434, "delta": 1.336161}}
{"target": -11.251535910218768, "params": {"C": 5.516208893419744, "epsilon": 4.153308272665761, "gamma": 0.046692516557524155, "lamda": 0.4644623912633424}, "datetime": {"datetime": "2021-06-21 21:04:33", "elapsed": 236.437471, "delta": 1.471037}}
{"target": -11.693057558291716, "params": {"C": 4.734124470225605, "epsilon": 9.12177551163184, "gamma": 0.01, "lamda": 1.0}, "datetime": {"datetime": "2021-06-21 21:04:35", "elapsed": 238.264656, "delta": 1.827185}}
{"target": -11.722190154553019, "params": {"C": 7.661477993968653, "epsilon": 2.9153244650895407, "gamma": 0.01, "lamda": 1.0}, "datetime": {"datetime": "2021-06-21 21:04:37", "elapsed": 240.425008, "delta": 2.160352}}
{"target": -11.469060112106211, "params": {"C": 10.0, "epsilon": 5.935141066880224, "gamma": 0.01, "lamda": 1.0}, "datetime": {"datetime": "2021-06-21 21:04:39", "elapsed": 241.745208, "delta": 1.3202}}
{"target": -12.311164727120916, "params": {"C": 2.2606074190146455, "epsilon": 3.437964668303523, "gamma": 0.01, "lamda": 1.0}, "datetime": {"datetime": "2021-06-21 21:04:41", "elapsed": 243.611767, "delta": 1.866559}}
{"target": -11.477701869573895, "params": {"C": 9.086781410219926, "epsilon": 5.618119555902072, "gamma": 0.01, "lamda": 0.45189709017001284}, "datetime": {"datetime": "2021-06-21 21:04:43", "elapsed": 246.09734, "delta": 2.485573}}
{"target": -11.368585158400949, "params": {"C": 8.891956970411119, "epsilon": 9.489599226198317, "gamma": 0.01, "lamda": 1.0}, "datetime": {"datetime": "2021-06-21 21:04:45", "elapsed": 248.143574, "delta": 2.046234}}
{"target": -11.754272401239815, "params": {"C": 9.4117114410049, "epsilon": 0.7685203794402446, "gamma": 0.01, "lamda": 1.0}, "datetime": {"datetime": "2021-06-21 21:04:47", "elapsed": 249.996782, "delta": 1.853208}}
{"target": -11.742774722758394, "params": {"C": 5.120785683645314, "epsilon": 5.390678616315747, "gamma": 0.01, "lamda": 0.4320604346336913}, "datetime": {"datetime": "2021-06-21 21:04:49", "elapsed": 251.805466, "delta": 1.808684}}
{"target": -12.075090484422905, "params": {"C": 5.479586729045179, "epsilon": 0.001, "gamma": 0.01, "lamda": 1.0}, "datetime": {"datetime": "2021-06-21 21:04:51", "elapsed": 253.679413, "delta": 1.873947}}
{"target": -11.475527969510994, "params": {"C": 8.16394976867334, "epsilon": 5.62816583280851, "gamma": 0.01, "lamda": 0.01}, "datetime": {"datetime": "2021-06-21 21:04:53", "elapsed": 255.576322, "delta": 1.896909}}
{"target": -11.519400350802933, "params": {"C": 6.6386869834264255, "epsilon": 7.113859691090113, "gamma": 0.01, "lamda": 0.4305963354067626}, "datetime": {"datetime": "2021-06-21 21:04:54", "elapsed": 257.279842, "delta": 1.70352}}
{"target": -11.385855188948343, "params": {"C": 9.060230255628499, "epsilon": 7.267709697107919, "gamma": 0.01, "lamda": 0.42419906450834227}, "datetime": {"datetime": "2021-06-21 21:04:56", "elapsed": 258.958559, "delta": 1.678717}}
{"target": -23.677120040999895, "params": {"C": 2.465487533997452, "epsilon": 4.679207048572553, "gamma": 0.8667669689919263, "lamda": 1.0}, "datetime": {"datetime": "2021-06-21 21:04:57", "elapsed": 260.494741, "delta": 1.536182}}
{"target": -11.751368620346465, "params": {"C": 10.0, "epsilon": 0.7714053117782954, "gamma": 0.01, "lamda": 0.01}, "datetime": {"datetime": "2021-06-21 21:05:00", "elapsed": 262.615396, "delta": 2.120655}}
{"target": -12.172248836346862, "params": {"C": 2.5420909332663126, "epsilon": 3.078473718568136, "gamma": 0.01, "lamda": 0.01}, "datetime": {"datetime": "2021-06-21 21:05:01", "elapsed": 264.434291, "delta": 1.818895}}
{"target": -11.988878558101405, "params": {"C": 5.733372756708107, "epsilon": 1.048284486782945, "gamma": 0.01, "lamda": 0.4493373925560904}, "datetime": {"datetime": "2021-06-21 21:05:03", "elapsed": 266.155962, "delta": 1.721671}}
{"target": -11.968215765405821, "params": {"C": 6.869273751621146, "epsilon": 0.001, "gamma": 0.01, "lamda": 0.01}, "datetime": {"datetime": "2021-06-21 21:05:05", "elapsed": 267.911098, "delta": 1.755136}}
{"target": -11.80243684084955, "params": {"C": 9.336369397213916, "epsilon": 0.001, "gamma": 0.01, "lamda": 0.44148613965567346}, "datetime": {"datetime": "2021-06-21 21:05:06", "elapsed": 269.170459, "delta": 1.259361}}
{"target": -11.548457191460137, "params": {"C": 7.199195444325001, "epsilon": 5.938444287635578, "gamma": 0.01, "lamda": 0.4077801014822542}, "datetime": {"datetime": "2021-06-21 21:05:08", "elapsed": 271.480733, "delta": 2.310274}}
{"target": -11.387676066149117, "params": {"C": 8.454582290736697, "epsilon": 8.550069477571325, "gamma": 0.01, "lamda": 1.0}, "datetime": {"datetime": "2021-06-21 21:05:10", "elapsed": 273.135133, "delta": 1.6544}}
{"target": -12.03901826795207, "params": {"C": 3.3756061263558306, "epsilon": 2.8173635950525435, "gamma": 0.01, "lamda": 0.01}, "datetime": {"datetime": "2021-06-21 21:05:12", "elapsed": 275.381873, "delta": 2.24674}}
{"target": -35.837956417973935, "params": {"C": 0.01, "epsilon": 0.001, "gamma": 5.602971864891605, "lamda": 0.01}, "datetime": {"datetime": "2021-06-21 21:05:14", "elapsed": 277.456472, "delta": 2.074599}}
{"target": -12.375364504104928, "params": {"C": 2.210374269128842, "epsilon": 2.09281802573384, "gamma": 0.01, "lamda": 1.0}, "datetime": {"datetime": "2021-06-21 21:05:16", "elapsed": 279.349874, "delta": 1.893402}}
{"target": -11.599859574229718, "params": {"C": 5.716983473646626, "epsilon": 9.429891508033183, "gamma": 0.01, "lamda": 1.0}, "datetime": {"datetime": "2021-06-21 21:05:18", "elapsed": 281.231226, "delta": 1.881352}}
{"target": -11.763512558125418, "params": {"C": 5.494189248766169, "epsilon": 4.413316058957021, "gamma": 0.01, "lamda": 0.01}, "datetime": {"datetime": "2021-06-21 21:05:20", "elapsed": 282.651979, "delta": 1.420753}}
{"target": -11.196720440406986, "params": {"C": 9.543969226715202, "epsilon": 5.217438123685621, "gamma": 0.022381836730184637, "lamda": 0.1644636630375866}, "datetime": {"datetime": "2021-06-21 21:05:21", "elapsed": 284.344507, "delta": 1.692528}}
{"target": -11.865155236582044, "params": {"C": 3.6787312523759397, "epsilon": 6.7075839578988505, "gamma": 0.01, "lamda": 1.0}, "datetime": {"datetime": "2021-06-21 21:05:24", "elapsed": 287.202821, "delta": 2.858314}}
{"target": -11.741744227687988, "params": {"C": 5.979666861005081, "epsilon": 4.593719085522415, "gamma": 0.01, "lamda": 0.6591317662761234}, "datetime": {"datetime": "2021-06-21 21:05:27", "elapsed": 289.850844, "delta": 2.648023}}
{"target": -11.950523842487707, "params": {"C": 5.10337678192045, "epsilon": 1.806038217998536, "gamma": 0.01, "lamda": 0.01}, "datetime": {"datetime": "2021-06-21 21:05:30", "elapsed": 292.555192, "delta": 2.704348}}
{"target": -11.183808783026436, "params": {"C": 9.242714441222475, "epsilon": 9.701563964488253, "gamma": 0.015280699817163387, "lamda": 0.13721158424276522}, "datetime": {"datetime": "2021-06-21 21:05:32", "elapsed": 294.590475, "delta": 2.035283}}
{"target": -11.539660278896214, "params": {"C": 9.243373393005543, "epsilon": 4.858442221011588, "gamma": 0.01, "lamda": 1.0}, "datetime": {"datetime": "2021-06-21 21:05:34", "elapsed": 296.531426, "delta": 1.940951}}
{"target": -11.396758741388476, "params": {"C": 9.407194900112867, "epsilon": 8.19340009322007, "gamma": 0.01, "lamda": 1.0}, "datetime": {"datetime": "2021-06-21 21:05:36", "elapsed": 298.604506, "delta": 2.07308}}
{"target": -11.613189209779126, "params": {"C": 5.052080502346083, "epsilon": 7.686567066075929, "gamma": 0.01, "lamda": 0.01}, "datetime": {"datetime": "2021-06-21 21:05:38", "elapsed": 300.620696, "delta": 2.01619}}
{"target": -11.971965307887762, "params": {"C": 2.5135662874999953, "epsilon": 9.241279756923817, "gamma": 0.01, "lamda": 1.0}, "datetime": {"datetime": "2021-06-21 21:05:40", "elapsed": 303.104981, "delta": 2.484285}}
{"target": -12.201841317282621, "params": {"C": 3.3768721604480167, "epsilon": 0.6762458807716789, "gamma": 0.01, "lamda": 0.01}, "datetime": {"datetime": "2021-06-21 21:05:42", "elapsed": 305.154494, "delta": 2.049513}}
{"target": -11.556933339925134, "params": {"C": 10.0, "epsilon": 4.233050375632594, "gamma": 0.01, "lamda": 1.0}, "datetime": {"datetime": "2021-06-21 21:05:44", "elapsed": 307.065897, "delta": 1.911403}}
{"target": -11.747539462912501, "params": {"C": 3.405646489243292, "epsilon": 7.741938855853813, "gamma": 0.01, "lamda": 0.01}, "datetime": {"datetime": "2021-06-21 21:05:47", "elapsed": 309.774865, "delta": 2.708968}}
{"target": -11.305744699636078, "params": {"C": 10.0, "epsilon": 9.599707421705782, "gamma": 0.01, "lamda": 0.4651154709519909}, "datetime": {"datetime": "2021-06-21 21:05:49", "elapsed": 311.960306, "delta": 2.185441}}
{"target": -11.480948921678396, "params": {"C": 9.124368817678693, "epsilon": 5.526853068916387, "gamma": 0.01, "lamda": 0.01}, "datetime": {"datetime": "2021-06-21 21:05:50", "elapsed": 313.066019, "delta": 1.105713}}
{"target": -11.5854711739714, "params": {"C": 6.572412948446049, "epsilon": 5.683833123088792, "gamma": 0.01, "lamda": 0.01}, "datetime": {"datetime": "2021-06-21 21:05:52", "elapsed": 314.697644, "delta": 1.631625}}
{"target": -11.551734064779174, "params": {"C": 4.87484254084424, "epsilon": 9.449761252498863, "gamma": 0.01, "lamda": 0.42490398777413196}, "datetime": {"datetime": "2021-06-21 21:05:53", "elapsed": 315.994868, "delta": 1.297224}}
{"target": -12.05410964376941, "params": {"C": 2.5742904240885154, "epsilon": 6.234704257443472, "gamma": 0.01, "lamda": 1.0}, "datetime": {"datetime": "2021-06-21 21:05:55", "elapsed": 317.719398, "delta": 1.72453}}
{"target": -11.154540817070293, "params": {"C": 8.377922782687895, "epsilon": 9.250552580850407, "gamma": 0.01447718452460569, "lamda": 0.3784414639949069}, "datetime": {"datetime": "2021-06-21 21:05:56", "elapsed": 319.197322, "delta": 1.477924}}
{"target": -11.731149963344297, "params": {"C": 2.778267037156235, "epsilon": 10.0, "gamma": 0.01, "lamda": 0.41428626389375633}, "datetime": {"datetime": "2021-06-21 21:05:57", "elapsed": 320.510426, "delta": 1.313104}}
{"target": -11.555000766789481, "params": {"C": 7.149688794662995, "epsilon": 3.316153354443243, "gamma": 0.013733688472384238, "lamda": 0.5352599379185847}, "datetime": {"datetime": "2021-06-21 21:05:59", "elapsed": 321.840922, "delta": 1.330496}}
{"target": -11.530246192992617, "params": {"C": 7.846668636966223, "epsilon": 5.7915293338309475, "gamma": 0.01, "lamda": 1.0}, "datetime": {"datetime": "2021-06-21 21:06:02", "elapsed": 325.035695, "delta": 3.194773}}
{"target": -11.885224670724833, "params": {"C": 7.445811071160021, "epsilon": 0.6472205679399974, "gamma": 0.01, "lamda": 1.0}, "datetime": {"datetime": "2021-06-21 21:06:05", "elapsed": 327.719064, "delta": 2.683369}}
{"target": -11.849148108203641, "params": {"C": 5.147005288648495, "epsilon": 3.795599541352491, "gamma": 0.01, "lamda": 0.6469057943684221}, "datetime": {"datetime": "2021-06-21 21:06:07", "elapsed": 330.0756, "delta": 2.356536}}
{"target": -12.285147899390724, "params": {"C": 2.659890683472478, "epsilon": 1.0111446649128533, "gamma": 0.01, "lamda": 1.0}, "datetime": {"datetime": "2021-06-21 21:06:11", "elapsed": 334.331977, "delta": 4.256377}}
{"target": -12.51908952609288, "params": {"C": 1.4603571873002266, "epsilon": 8.068378635473277, "gamma": 0.01, "lamda": 1.0}, "datetime": {"datetime": "2021-06-21 21:06:14", "elapsed": 336.678058, "delta": 2.346081}}
{"target": -11.877408998163416, "params": {"C": 6.110572483799989, "epsilon": 2.089382099643208, "gamma": 0.01, "lamda": 0.5421439518571166}, "datetime": {"datetime": "2021-06-21 21:06:16", "elapsed": 339.426157, "delta": 2.748099}}
{"target": -11.878401498961436, "params": {"C": 2.7365689716626895, "epsilon": 6.400411954199608, "gamma": 0.01, "lamda": 0.01}, "datetime": {"datetime": "2021-06-21 21:06:21", "elapsed": 344.265504, "delta": 4.839347}}
{"target": -11.99401288410891, "params": {"C": 4.412762071042622, "epsilon": 2.3265432581224865, "gamma": 0.01, "lamda": 1.0}, "datetime": {"datetime": "2021-06-21 21:06:23", "elapsed": 346.181809, "delta": 1.916305}}
{"target": -11.563312207438313, "params": {"C": 2.84526943637963, "epsilon": 9.290855589641524, "gamma": 0.012026667221814072, "lamda": 0.047151019471326334}, "datetime": {"datetime": "2021-06-21 21:06:25", "elapsed": 348.301309, "delta": 2.1195}}
{"target": -11.724480554336477, "params": {"C": 4.7862280458447355, "epsilon": 6.492484803205452, "gamma": 0.01, "lamda": 0.5896131671921615}, "datetime": {"datetime": "2021-06-21 21:06:27", "elapsed": 350.29418, "delta": 1.992871}}
{"target": -12.06724389301189, "params": {"C": 2.267841494541653, "epsilon": 7.571230347537735, "gamma": 0.01, "lamda": 0.5276656393310736}, "datetime": {"datetime": "2021-06-21 21:06:30", "elapsed": 353.163049, "delta": 2.868869}}
{"target": -11.76677434621837, "params": {"C": 6.026001662929259, "epsilon": 3.8205475997473655, "gamma": 0.01, "lamda": 0.41524671772050115}, "datetime": {"datetime": "2021-06-21 21:06:35", "elapsed": 357.946628, "delta": 4.783579}}
{"target": -14.539243224683233, "params": {"C": 0.4156489322223337, "epsilon": 7.244288405774807, "gamma": 0.01, "lamda": 1.0}, "datetime": {"datetime": "2021-06-21 21:06:37", "elapsed": 360.097796, "delta": 2.151168}}
{"target": -11.917930993776594, "params": {"C": 6.035172047152379, "epsilon": 1.5297203703804672, "gamma": 0.01, "lamda": 0.01}, "datetime": {"datetime": "2021-06-21 21:06:39", "elapsed": 361.879488, "delta": 1.781692}}
{"target": -21.193090006998197, "params": {"C": 6.114784703509961, "epsilon": 5.672123234689943, "gamma": 0.6421972370017882, "lamda": 0.01}, "datetime": {"datetime": "2021-06-21 21:06:42", "elapsed": 364.727187, "delta": 2.847699}}
{"target": -11.383788404648495, "params": {"C": 8.026199457505667, "epsilon": 8.002702164893243, "gamma": 0.01, "lamda": 0.6555306555687868}, "datetime": {"datetime": "2021-06-21 21:06:44", "elapsed": 366.982425, "delta": 2.255238}}
{"target": -12.045287541274863, "params": {"C": 4.9084201109896775, "epsilon": 0.8477902922064983, "gamma": 0.01, "lamda": 1.0}, "datetime": {"datetime": "2021-06-21 21:06:45", "elapsed": 368.362481, "delta": 1.380056}}
{"target": -11.845255695535384, "params": {"C": 7.915663298517684, "epsilon": 0.6950214619287027, "gamma": 0.01, "lamda": 0.01}, "datetime": {"datetime": "2021-06-21 21:06:47", "elapsed": 370.46985, "delta": 2.107369}}
{"target": -11.276685858944935, "params": {"C": 6.908625891405815, "epsilon": 9.126128219318463, "gamma": 0.011913264148449407, "lamda": 0.6832305528885347}, "datetime": {"datetime": "2021-06-21 21:06:49", "elapsed": 372.373241, "delta": 1.903391}}
{"target": -12.096172097438721, "params": {"C": 2.5958495443329, "epsilon": 4.330676475103873, "gamma": 0.01, "lamda": 0.414352535832506}, "datetime": {"datetime": "2021-06-21 21:06:51", "elapsed": 374.226651, "delta": 1.85341}}
{"target": -11.25968673450572, "params": {"C": 8.119419138790624, "epsilon": 3.8468402362199385, "gamma": 0.023874827336662973, "lamda": 0.0851188232927829}, "datetime": {"datetime": "2021-06-21 21:06:53", "elapsed": 375.989586, "delta": 1.762935}}
{"target": -11.717342208234035, "params": {"C": 9.02176764965594, "epsilon": 1.6459192279239552, "gamma": 0.01, "lamda": 0.7119901494138936}, "datetime": {"datetime": "2021-06-21 21:06:55", "elapsed": 377.958379, "delta": 1.968793}}
{"target": -11.550995495020492, "params": {"C": 7.659267789506094, "epsilon": 1.5240228482593698, "gamma": 0.01465543740791465, "lamda": 0.8554910967966611}, "datetime": {"datetime": "2021-06-21 21:06:57", "elapsed": 380.150615, "delta": 2.192236}}
{"target": -11.366794002072957, "params": {"C": 8.209593548706746, "epsilon": 7.3296515969632745, "gamma": 0.01, "lamda": 0.01}, "datetime": {"datetime": "2021-06-21 21:07:00", "elapsed": 383.270595, "delta": 3.11998}}
{"target": -11.619890000156511, "params": {"C": 7.539285413469199, "epsilon": 4.273357594356428, "gamma": 0.01, "lamda": 0.01}, "datetime": {"datetime": "2021-06-21 21:07:02", "elapsed": 385.31029, "delta": 2.039695}}
{"target": -11.565362088226353, "params": {"C": 5.862644629148221, "epsilon": 7.166632550352211, "gamma": 0.01, "lamda": 0.01}, "datetime": {"datetime": "2021-06-21 21:07:04", "elapsed": 387.208273, "delta": 1.897983}}
{"target": -11.85942647718243, "params": {"C": 2.5951827342543217, "epsilon": 8.196113457894157, "gamma": 0.01, "lamda": 0.01}, "datetime": {"datetime": "2021-06-21 21:07:06", "elapsed": 388.973699, "delta": 1.765426}}
{"target": -11.371606706896305, "params": {"C": 10.0, "epsilon": 8.272040045444141, "gamma": 0.01, "lamda": 0.33737401340408263}, "datetime": {"datetime": "2021-06-21 21:07:09", "elapsed": 391.693178, "delta": 2.719479}}
{"target": -11.38989550226556, "params": {"C": 6.819309603601883, "epsilon": 8.438617416434106, "gamma": 0.01, "lamda": 0.01}, "datetime": {"datetime": "2021-06-21 21:07:11", "elapsed": 394.274828, "delta": 2.58165}}
{"target": -11.822609024123036, "params": {"C": 3.4865156491308937, "epsilon": 8.476978969749108, "gamma": 0.01, "lamda": 1.0}, "datetime": {"datetime": "2021-06-21 21:07:13", "elapsed": 396.461884, "delta": 2.187056}}
{"target": -11.878462899072865, "params": {"C": 5.361975179095025, "epsilon": 2.572285333482586, "gamma": 0.01, "lamda": 0.01}, "datetime": {"datetime": "2021-06-21 21:07:15", "elapsed": 398.390292, "delta": 1.928408}}
{"target": -11.588519161051154, "params": {"C": 10.0, "epsilon": 3.8822339470821365, "gamma": 0.01, "lamda": 0.4018397846931384}, "datetime": {"datetime": "2021-06-21 21:07:17", "elapsed": 400.405749, "delta": 2.015457}}
{"target": -11.78415747285413, "params": {"C": 2.9715036346512838, "epsilon": 10.0, "gamma": 0.01, "lamda": 1.0}, "datetime": {"datetime": "2021-06-21 21:07:19", "elapsed": 402.365307, "delta": 1.959558}}
{"target": -12.252162465691029, "params": {"C": 3.420798217625519, "epsilon": 0.001, "gamma": 0.01, "lamda": 0.5362610537509004}, "datetime": {"datetime": "2021-06-21 21:07:21", "elapsed": 404.267158, "delta": 1.901851}}
