{"target": -17.153903705241017, "params": {"C": 18.312572729748997, "epsilon": 5.525978145394281, "gamma": 0.2314322414939877, "lamda": 1.0}, "datetime": {"datetime": "2021-06-28 18:40:42", "elapsed": 155.464382, "delta": 1.614137}}
{"target": -21.3546311220029, "params": {"C": 18.814114128038295, "epsilon": 6.223971655715672, "gamma": 0.6344697119968361, "lamda": 1.0}, "datetime": {"datetime": "2021-06-28 18:40:44", "elapsed": 156.809797, "delta": 1.345415}}
{"target": -22.442260363922866, "params": {"C": 17.107059629864846, "epsilon": 9.180551949802114, "gamma": 0.8266832398343081, "lamda": 0.3643760894349628}, "datetime": {"datetime": "2021-06-28 18:40:44", "elapsed": 157.587358, "delta": 0.777561}}
{"target": -23.581256382114095, "params": {"C": 17.895319703042166, "epsilon": 5.3237583492441205, "gamma": 1.0, "lamda": 1.0}, "datetime": {"datetime": "2021-06-28 18:40:46", "elapsed": 158.84322, "delta": 1.255862}}
{"target": -65.11003515637753, "params": {"C": 19.951583948492186, "epsilon": 11.440397599941342, "gamma": 0.09693208403092986, "lamda": 0.07991261659181627}, "datetime": {"datetime": "2021-06-28 18:40:58", "elapsed": 170.706899, "delta": 11.863679}}
{"target": -80.36069134714903, "params": {"C": 18.139443550068904, "epsilon": 5.162472459028306, "gamma": 0.01, "lamda": 0.140291866829815}, "datetime": {"datetime": "2021-06-28 18:41:11", "elapsed": 184.407063, "delta": 13.700164}}
{"target": -23.55797125767472, "params": {"C": 17.16140726994223, "epsilon": 6.035248426970949, "gamma": 1.0, "lamda": 0.8167986278806805}, "datetime": {"datetime": "2021-06-28 18:41:17", "elapsed": 190.00073, "delta": 5.593667}}
{"target": -22.259538155809313, "params": {"C": 16.009341828254048, "epsilon": 14.73404779173803, "gamma": 0.8191242579950155, "lamda": 0.49235992332108963}, "datetime": {"datetime": "2021-06-28 18:41:20", "elapsed": 192.909771, "delta": 2.909041}}
{"target": -23.181844807945442, "params": {"C": 18.98047234098828, "epsilon": 14.206006324614748, "gamma": 0.9753477384345153, "lamda": 0.011389891669070677}, "datetime": {"datetime": "2021-06-28 18:41:22", "elapsed": 194.735068, "delta": 1.825297}}
{"target": -23.456601238040506, "params": {"C": 16.34253599221174, "epsilon": 9.38684907493009, "gamma": 1.0, "lamda": 1.0}, "datetime": {"datetime": "2021-06-28 18:41:23", "elapsed": 196.040178, "delta": 1.30511}}
{"target": -23.448094674150337, "params": {"C": 16.12639122163489, "epsilon": 9.680553634301805, "gamma": 1.0, "lamda": 0.01}, "datetime": {"datetime": "2021-06-28 18:41:24", "elapsed": 197.05145, "delta": 1.011272}}
{"target": -22.71365902226926, "params": {"C": 16.43282673061425, "epsilon": 6.038671110666927, "gamma": 0.8550307427662612, "lamda": 0.1497410214600122}, "datetime": {"datetime": "2021-06-28 18:41:25", "elapsed": 198.337039, "delta": 1.285589}}
{"target": -23.325540980242486, "params": {"C": 17.33535723376155, "epsilon": 14.09504393505228, "gamma": 1.0, "lamda": 0.01}, "datetime": {"datetime": "2021-06-28 18:41:27", "elapsed": 199.842219, "delta": 1.50518}}
{"target": -37.518487007921635, "params": {"C": 19.695946124517743, "epsilon": 14.718915995126656, "gamma": 0.25569753159576064, "lamda": 0.14707317253613222}, "datetime": {"datetime": "2021-06-28 18:41:53", "elapsed": 225.856398, "delta": 26.014179}}
{"target": -23.3400098227834, "params": {"C": 19.206092117096887, "epsilon": 13.56843280136412, "gamma": 1.0, "lamda": 0.82379420495848}, "datetime": {"datetime": "2021-06-28 18:41:54", "elapsed": 227.11087, "delta": 1.254472}}
{"target": -37.7550433853186, "params": {"C": 17.203665967645094, "epsilon": 6.394191556588246, "gamma": 0.3407811364918112, "lamda": 0.29234985192792506}, "datetime": {"datetime": "2021-06-28 18:42:21", "elapsed": 254.152774, "delta": 27.041904}}
{"target": -84.07248469343612, "params": {"C": 18.385407274421905, "epsilon": 6.247250087660429, "gamma": 0.01, "lamda": 1.0}, "datetime": {"datetime": "2021-06-28 18:42:45", "elapsed": 277.994161, "delta": 23.841387}}
{"target": -20.121908195621035, "params": {"C": 15.795094812382507, "epsilon": 9.784364506891064, "gamma": 0.5116244937372003, "lamda": 0.12992701286116004}, "datetime": {"datetime": "2021-06-28 18:42:46", "elapsed": 279.060769, "delta": 1.066608}}
{"target": -21.54865647731146, "params": {"C": 17.723844915488478, "epsilon": 5.835230848682079, "gamma": 0.6702702445540327, "lamda": 1.0}, "datetime": {"datetime": "2021-06-28 18:42:48", "elapsed": 280.956534, "delta": 1.895765}}
{"target": -22.268560841473327, "params": {"C": 18.600175322587297, "epsilon": 5.533535001393171, "gamma": 0.784976352749376, "lamda": 1.0}, "datetime": {"datetime": "2021-06-28 18:42:49", "elapsed": 282.260393, "delta": 1.303859}}
{"target": -17.020877878501842, "params": {"C": 18.774931948067692, "epsilon": 14.02864550924763, "gamma": 0.23069382518590467, "lamda": 0.02846527439919149}, "datetime": {"datetime": "2021-06-28 18:42:51", "elapsed": 284.489196, "delta": 2.228803}}
{"target": -23.54199868329137, "params": {"C": 17.867097909078808, "epsilon": 6.5416717702486515, "gamma": 1.0, "lamda": 0.8752468618370908}, "datetime": {"datetime": "2021-06-28 18:42:53", "elapsed": 286.037844, "delta": 1.548648}}
{"target": -36.58904106239131, "params": {"C": 19.02751312698138, "epsilon": 13.137353228717648, "gamma": 0.323842966985529, "lamda": 0.5624737849608261}, "datetime": {"datetime": "2021-06-28 18:43:07", "elapsed": 300.36812, "delta": 14.330276}}
{"target": -21.64805061633605, "params": {"C": 18.996576626966167, "epsilon": 7.720224649274251, "gamma": 0.7016528871303993, "lamda": 0.44946423094764837}, "datetime": {"datetime": "2021-06-28 18:43:08", "elapsed": 301.153178, "delta": 0.785058}}
{"target": -23.309660843296516, "params": {"C": 16.728938965952494, "epsilon": 14.688130857494826, "gamma": 1.0, "lamda": 0.12757134683815838}, "datetime": {"datetime": "2021-06-28 18:43:10", "elapsed": 302.700785, "delta": 1.547607}}
{"target": -19.436040928233233, "params": {"C": 16.39241393499675, "epsilon": 9.514967049795363, "gamma": 0.44008490757084123, "lamda": 0.44493817277982894}, "datetime": {"datetime": "2021-06-28 18:43:12", "elapsed": 305.262764, "delta": 2.561979}}
{"target": -21.966716984559326, "params": {"C": 16.96751187525262, "epsilon": 14.488441822769184, "gamma": 0.7707998663983816, "lamda": 0.8090331932393235}, "datetime": {"datetime": "2021-06-28 18:43:13", "elapsed": 306.468251, "delta": 1.205487}}
{"target": -22.18193402400004, "params": {"C": 18.998420882587073, "epsilon": 8.836233213562396, "gamma": 0.7857667297050793, "lamda": 0.7169898123727256}, "datetime": {"datetime": "2021-06-28 18:43:14", "elapsed": 307.498344, "delta": 1.030093}}
{"target": -23.534819901815947, "params": {"C": 19.017075781235558, "epsilon": 6.769636118833663, "gamma": 1.0, "lamda": 0.7690381983308984}, "datetime": {"datetime": "2021-06-28 18:43:18", "elapsed": 311.485881, "delta": 3.987537}}
{"target": -23.55982210675025, "params": {"C": 19.357258522420256, "epsilon": 5.978694692198476, "gamma": 1.0, "lamda": 1.0}, "datetime": {"datetime": "2021-06-28 18:43:23", "elapsed": 315.93464, "delta": 4.448759}}
{"target": -22.632464567525524, "params": {"C": 17.849565065679457, "epsilon": 5.348306963406927, "gamma": 0.8401301594484686, "lamda": 0.5449369461517253}, "datetime": {"datetime": "2021-06-28 18:43:24", "elapsed": 316.743931, "delta": 0.809291}}
{"target": -22.214227392323902, "params": {"C": 15.971623297873274, "epsilon": 10.10191965209151, "gamma": 0.7956940085287393, "lamda": 0.7478846659745435}, "datetime": {"datetime": "2021-06-28 18:43:26", "elapsed": 319.595032, "delta": 2.851101}}
{"target": -23.363109049286763, "params": {"C": 19.76675622208083, "epsilon": 12.66185273494382, "gamma": 0.9997215369911449, "lamda": 0.343007426332548}, "datetime": {"datetime": "2021-06-28 18:43:27", "elapsed": 320.313666, "delta": 0.718634}}
{"target": -20.125881386435758, "params": {"C": 16.963204487032836, "epsilon": 5.256687880764236, "gamma": 0.4893639517387047, "lamda": 0.95408556116351}, "datetime": {"datetime": "2021-06-28 18:43:29", "elapsed": 321.777196, "delta": 1.46353}}
{"target": -23.58091729674282, "params": {"C": 16.979561060542565, "epsilon": 5.334119293522491, "gamma": 1.0, "lamda": 0.32115392776310436}, "datetime": {"datetime": "2021-06-28 18:43:33", "elapsed": 326.06958, "delta": 4.292384}}
{"target": -22.077108141298442, "params": {"C": 17.636498181625292, "epsilon": 13.080713033822548, "gamma": 0.792099634726346, "lamda": 0.6467875083502636}, "datetime": {"datetime": "2021-06-28 18:43:34", "elapsed": 326.837025, "delta": 0.767445}}
{"target": -48.30201427083464, "params": {"C": 16.316765891026524, "epsilon": 14.466404840164289, "gamma": 0.15210122906229506, "lamda": 0.9073396383366295}, "datetime": {"datetime": "2021-06-28 18:43:51", "elapsed": 344.103122, "delta": 17.266097}}
{"target": -11.225039647041886, "params": {"C": 18.275350351585722, "epsilon": 13.468553863061452, "gamma": 0.01, "lamda": 0.01}, "datetime": {"datetime": "2021-06-28 18:43:52", "elapsed": 345.602282, "delta": 1.49916}}
{"target": -22.29953733541734, "params": {"C": 17.99234428925147, "epsilon": 13.443392367749917, "gamma": 0.8228037610074723, "lamda": 0.01044604344874025}, "datetime": {"datetime": "2021-06-28 18:43:54", "elapsed": 347.334487, "delta": 1.732205}}
{"target": -80.24888976402124, "params": {"C": 17.74759474870256, "epsilon": 13.646801867132284, "gamma": 0.06606280314405388, "lamda": 0.15253925153570896}, "datetime": {"datetime": "2021-06-28 18:44:09", "elapsed": 362.300377, "delta": 14.96589}}
{"target": -21.30739266342049, "params": {"C": 18.020599911881863, "epsilon": 11.900628414636483, "gamma": 0.6557023466408848, "lamda": 0.4209430787681496}, "datetime": {"datetime": "2021-06-28 18:44:11", "elapsed": 364.163695, "delta": 1.863318}}
{"target": -11.234357910475964, "params": {"C": 18.514788336959082, "epsilon": 13.126041709872746, "gamma": 0.01, "lamda": 0.01}, "datetime": {"datetime": "2021-06-28 18:44:13", "elapsed": 366.009585, "delta": 1.84589}}
{"target": -20.81895983063445, "params": {"C": 16.378321242689506, "epsilon": 8.929355991914981, "gamma": 0.5724888941223814, "lamda": 0.12843965378355462}, "datetime": {"datetime": "2021-06-28 18:44:14", "elapsed": 366.95069, "delta": 0.941105}}
{"target": -21.420270104415398, "params": {"C": 18.437646502496715, "epsilon": 13.036737902095306, "gamma": 0.6780522101641137, "lamda": 0.05200739156880635}, "datetime": {"datetime": "2021-06-28 18:44:16", "elapsed": 368.672191, "delta": 1.721501}}
{"target": -21.42887248797633, "params": {"C": 15.780945324884799, "epsilon": 9.206246196841368, "gamma": 0.6666631952209986, "lamda": 0.5266594610462465}, "datetime": {"datetime": "2021-06-28 18:44:20", "elapsed": 372.989753, "delta": 4.317562}}
{"target": -97.21295133012339, "params": {"C": 18.725918292689904, "epsilon": 6.1800020844000905, "gamma": 0.020680575779672375, "lamda": 0.5938198302329706}, "datetime": {"datetime": "2021-06-28 18:45:14", "elapsed": 426.697507, "delta": 53.707754}}
{"target": -20.081687887749904, "params": {"C": 16.984886126398674, "epsilon": 5.284408598669302, "gamma": 0.48168820426436115, "lamda": 0.9100702956114518}, "datetime": {"datetime": "2021-06-28 18:45:15", "elapsed": 427.712799, "delta": 1.015292}}
{"target": -23.452355807989374, "params": {"C": 17.456253868196765, "epsilon": 9.533430252212815, "gamma": 1.0, "lamda": 1.0}, "datetime": {"datetime": "2021-06-28 18:45:16", "elapsed": 429.291134, "delta": 1.578335}}
{"target": -23.399804607633577, "params": {"C": 18.513542703447403, "epsilon": 11.392128854304557, "gamma": 1.0, "lamda": 0.8722340172968782}, "datetime": {"datetime": "2021-06-28 18:45:17", "elapsed": 430.540712, "delta": 1.249578}}
{"target": -20.09443799612327, "params": {"C": 17.71121125489183, "epsilon": 11.269798467307194, "gamma": 0.503021952220511, "lamda": 0.19085584125452704}, "datetime": {"datetime": "2021-06-28 18:45:19", "elapsed": 431.656513, "delta": 1.115801}}
{"target": -23.405736981666216, "params": {"C": 18.28072386393832, "epsilon": 11.176212889832955, "gamma": 1.0, "lamda": 0.01}, "datetime": {"datetime": "2021-06-28 18:45:21", "elapsed": 434.511307, "delta": 2.854794}}
{"target": -21.225030135717763, "params": {"C": 18.60539329503274, "epsilon": 14.170029285812792, "gamma": 0.6453310756787063, "lamda": 0.23456026817130288}, "datetime": {"datetime": "2021-06-28 18:45:22", "elapsed": 435.472099, "delta": 0.960792}}
{"target": -23.311512474838715, "params": {"C": 16.237974216040374, "epsilon": 13.9177690813273, "gamma": 0.9970985612948753, "lamda": 0.01}, "datetime": {"datetime": "2021-06-28 18:45:24", "elapsed": 436.728411, "delta": 1.256312}}
{"target": -41.48917054366932, "params": {"C": 18.330859710355664, "epsilon": 10.89970089275108, "gamma": 0.22994597948551804, "lamda": 0.5933446402591762}, "datetime": {"datetime": "2021-06-28 18:45:39", "elapsed": 452.564701, "delta": 15.83629}}
{"target": -23.369259597556606, "params": {"C": 18.195815148769846, "epsilon": 12.503851660218226, "gamma": 1.0, "lamda": 1.0}, "datetime": {"datetime": "2021-06-28 18:45:41", "elapsed": 453.766638, "delta": 1.201937}}
{"target": -81.34264633449915, "params": {"C": 15.56100968523545, "epsilon": 9.7197670052161, "gamma": 0.01, "lamda": 0.9152204291137974}, "datetime": {"datetime": "2021-06-28 18:46:05", "elapsed": 478.550827, "delta": 24.784189}}
{"target": -21.766489121596475, "params": {"C": 19.236132293323486, "epsilon": 14.985882229873908, "gamma": 0.743918057326124, "lamda": 0.9426982599060808}, "datetime": {"datetime": "2021-06-28 18:46:07", "elapsed": 479.995484, "delta": 1.444657}}
{"target": -34.935460017602054, "params": {"C": 17.48881535935109, "epsilon": 7.534691822887355, "gamma": 0.6263185394790037, "lamda": 0.8274665423427598}, "datetime": {"datetime": "2021-06-28 18:46:25", "elapsed": 497.869903, "delta": 17.874419}}
{"target": -23.42051612919637, "params": {"C": 15.924645102783263, "epsilon": 10.638307830051035, "gamma": 1.0, "lamda": 0.04182882066700614}, "datetime": {"datetime": "2021-06-28 18:46:28", "elapsed": 501.268025, "delta": 3.398122}}
{"target": -23.476679338836103, "params": {"C": 15.56442377845809, "epsilon": 8.693616208976765, "gamma": 1.0, "lamda": 0.01}, "datetime": {"datetime": "2021-06-28 18:46:30", "elapsed": 503.304912, "delta": 2.036887}}
{"target": -23.441543412772187, "params": {"C": 17.64049929052094, "epsilon": 9.906747824779993, "gamma": 1.0, "lamda": 0.04704410638098151}, "datetime": {"datetime": "2021-06-28 18:46:32", "elapsed": 504.653366, "delta": 1.348454}}
{"target": -23.3118002806962, "params": {"C": 15.231209536307246, "epsilon": 14.606798282131194, "gamma": 1.0, "lamda": 0.01}, "datetime": {"datetime": "2021-06-28 18:46:33", "elapsed": 505.79384, "delta": 1.140474}}
{"target": -33.54031107415755, "params": {"C": 18.622621030774464, "epsilon": 7.958310326748056, "gamma": 1.0, "lamda": 1.0}, "datetime": {"datetime": "2021-06-28 18:46:49", "elapsed": 522.332109, "delta": 16.538269}}
{"target": -34.30800287148815, "params": {"C": 17.097004191173493, "epsilon": 8.19330146467749, "gamma": 0.6661771026094956, "lamda": 0.5682043718428859}, "datetime": {"datetime": "2021-06-28 18:47:06", "elapsed": 539.506781, "delta": 17.174672}}
{"target": -21.98321065086781, "params": {"C": 17.62671330694396, "epsilon": 13.064864801396855, "gamma": 0.7709193915240307, "lamda": 0.6378051330034509}, "datetime": {"datetime": "2021-06-28 18:47:07", "elapsed": 540.587779, "delta": 1.080998}}
{"target": -23.452633573086047, "params": {"C": 18.563375135082477, "epsilon": 9.523839908174436, "gamma": 1.0, "lamda": 0.23506107114367303}, "datetime": {"datetime": "2021-06-28 18:47:09", "elapsed": 542.367384, "delta": 1.779605}}
{"target": -19.99992670908294, "params": {"C": 15.91113303276461, "epsilon": 9.645797515885166, "gamma": 0.4883387799976332, "lamda": 0.26366272759759757}, "datetime": {"datetime": "2021-06-28 18:47:10", "elapsed": 543.351244, "delta": 0.98386}}
{"target": -35.311001936954206, "params": {"C": 15.890148392220793, "epsilon": 10.980140888412292, "gamma": 0.4404357369069168, "lamda": 0.5771031600936808}, "datetime": {"datetime": "2021-06-28 18:47:33", "elapsed": 566.203236, "delta": 22.851992}}
{"target": -18.088529599834537, "params": {"C": 15.477289219038562, "epsilon": 5.959454429542013, "gamma": 0.3207456740534979, "lamda": 0.9218275512330056}, "datetime": {"datetime": "2021-06-28 18:47:34", "elapsed": 567.191431, "delta": 0.988195}}
{"target": -23.55848426635588, "params": {"C": 15.843611011397458, "epsilon": 6.019573158078365, "gamma": 1.0, "lamda": 1.0}, "datetime": {"datetime": "2021-06-28 18:47:35", "elapsed": 568.564068, "delta": 1.372637}}
{"target": -22.41525988882352, "params": {"C": 15.936871383317483, "epsilon": 5.0, "gamma": 0.8038797467711385, "lamda": 1.0}, "datetime": {"datetime": "2021-06-28 18:47:37", "elapsed": 570.15895, "delta": 1.594882}}
{"target": -94.97709528468235, "params": {"C": 15.0, "epsilon": 5.350661871994264, "gamma": 0.04579181042256644, "lamda": 1.0}, "datetime": {"datetime": "2021-06-28 18:48:09", "elapsed": 602.396574, "delta": 32.237624}}
{"target": -20.937629059366554, "params": {"C": 18.857916908289084, "epsilon": 10.142839873051912, "gamma": 0.5827530215190954, "lamda": 0.3721571155310097}, "datetime": {"datetime": "2021-06-28 18:48:10", "elapsed": 603.370059, "delta": 0.973485}}
{"target": -22.551999898182938, "params": {"C": 19.61520473409403, "epsilon": 9.734706796105883, "gamma": 0.8453053252721341, "lamda": 0.1707260430846468}, "datetime": {"datetime": "2021-06-28 18:48:13", "elapsed": 606.296928, "delta": 2.926869}}
{"target": -36.3684113870555, "params": {"C": 19.485439852835437, "epsilon": 9.956327809379683, "gamma": 0.392264775242331, "lamda": 1.0}, "datetime": {"datetime": "2021-06-28 18:48:39", "elapsed": 631.675286, "delta": 25.378358}}
{"target": -23.380365260385787, "params": {"C": 18.63651289346098, "epsilon": 12.099647556405737, "gamma": 1.0, "lamda": 0.01}, "datetime": {"datetime": "2021-06-28 18:48:41", "elapsed": 633.704246, "delta": 2.02896}}
{"target": -33.38453299178323, "params": {"C": 16.117403956491657, "epsilon": 8.48591676295189, "gamma": 1.0, "lamda": 0.7537248306815003}, "datetime": {"datetime": "2021-06-28 18:48:58", "elapsed": 651.248775, "delta": 17.544529}}
{"target": -23.328954301379063, "params": {"C": 15.104526711761544, "epsilon": 13.970811954076904, "gamma": 1.0, "lamda": 0.745014610163029}, "datetime": {"datetime": "2021-06-28 18:49:00", "elapsed": 653.097596, "delta": 1.848821}}
{"target": -37.224218166435165, "params": {"C": 15.2578816143529, "epsilon": 7.874317733151324, "gamma": 0.38324313785856845, "lamda": 0.5608606702722075}, "datetime": {"datetime": "2021-06-28 18:49:18", "elapsed": 671.406513, "delta": 18.308917}}
{"target": -23.45264673423927, "params": {"C": 15.110588101325703, "epsilon": 9.52338549742419, "gamma": 1.0, "lamda": 0.01}, "datetime": {"datetime": "2021-06-28 18:49:20", "elapsed": 673.114312, "delta": 1.707799}}
{"target": -23.381216870616466, "params": {"C": 19.091775322431317, "epsilon": 12.0686521587879, "gamma": 1.0, "lamda": 1.0}, "datetime": {"datetime": "2021-06-28 18:49:21", "elapsed": 674.334412, "delta": 1.2201}}
{"target": -23.345074194484862, "params": {"C": 15.251726289407651, "epsilon": 13.384108833490329, "gamma": 1.0, "lamda": 0.01}, "datetime": {"datetime": "2021-06-28 18:49:23", "elapsed": 675.712802, "delta": 1.37839}}
{"target": -22.47157879182425, "params": {"C": 18.64756013221193, "epsilon": 11.277099390322196, "gamma": 0.8404160539230269, "lamda": 0.7606529460772102}, "datetime": {"datetime": "2021-06-28 18:49:24", "elapsed": 676.700392, "delta": 0.98759}}
{"target": -48.67206970330183, "params": {"C": 15.075690613052195, "epsilon": 13.688483805688872, "gamma": 0.15026218448025816, "lamda": 0.04804593400991697}, "datetime": {"datetime": "2021-06-28 18:49:46", "elapsed": 699.342164, "delta": 22.641772}}
{"target": -38.535438752358594, "params": {"C": 15.798349030867685, "epsilon": 6.460538208139307, "gamma": 0.2853441393954773, "lamda": 1.0}, "datetime": {"datetime": "2021-06-28 18:50:11", "elapsed": 724.221563, "delta": 24.879399}}
{"target": -23.512361605449783, "params": {"C": 19.670492951568956, "epsilon": 7.482806032749803, "gamma": 1.0, "lamda": 0.01}, "datetime": {"datetime": "2021-06-28 18:50:16", "elapsed": 728.819303, "delta": 4.59774}}
{"target": -23.483243730970297, "params": {"C": 19.34737640885629, "epsilon": 8.466968664558625, "gamma": 1.0, "lamda": 0.01}, "datetime": {"datetime": "2021-06-28 18:50:18", "elapsed": 730.811772, "delta": 1.992469}}
{"target": -69.57852496806674, "params": {"C": 16.921156276056387, "epsilon": 5.366656334926919, "gamma": 0.07360504638715065, "lamda": 0.2234519989097878}, "datetime": {"datetime": "2021-06-28 18:50:32", "elapsed": 745.321694, "delta": 14.509922}}
{"target": -23.31651418666563, "params": {"C": 17.2856746100498, "epsilon": 10.815471745813536, "gamma": 0.9814069181677425, "lamda": 0.035529341733570724}, "datetime": {"datetime": "2021-06-28 18:50:34", "elapsed": 746.827621, "delta": 1.505927}}
{"target": -23.326550421731056, "params": {"C": 16.547065940528057, "epsilon": 5.555256714817643, "gamma": 0.9572126421934741, "lamda": 0.9036793264795241}, "datetime": {"datetime": "2021-06-28 18:50:35", "elapsed": 748.362808, "delta": 1.535187}}
{"target": -18.03339112226994, "params": {"C": 17.730779226891507, "epsilon": 5.2003831111467385, "gamma": 0.3127036401262075, "lamda": 1.0}, "datetime": {"datetime": "2021-06-28 18:50:37", "elapsed": 749.9951, "delta": 1.632292}}
{"target": -23.322325596978267, "params": {"C": 15.463300345742391, "epsilon": 13.115520349804518, "gamma": 0.9953820690332196, "lamda": 0.9729905498890125}, "datetime": {"datetime": "2021-06-28 18:50:39", "elapsed": 751.890494, "delta": 1.895394}}
