{"target": -29.86115953089125, "params": {"C": 1.8500450790611016, "epsilon": 9.46638654982921, "gamma": 2.4784070500233657, "lamda": 0.6344535714897125}, "datetime": {"datetime": "2021-06-21 21:10:22", "elapsed": 585.363288, "delta": 1.730088}}
{"target": -31.079258430142527, "params": {"C": 8.922968977423535, "epsilon": 8.100740756778315, "gamma": 3.2168711045105765, "lamda": 0.38357758116407464}, "datetime": {"datetime": "2021-06-21 21:10:25", "elapsed": 587.921026, "delta": 2.557738}}
{"target": -33.41723591767415, "params": {"C": 6.181957208369848, "epsilon": 9.18564891142808, "gamma": 6.1856252769236635, "lamda": 0.6864235303315706}, "datetime": {"datetime": "2021-06-21 21:10:26", "elapsed": 589.496844, "delta": 1.575818}}
{"target": -33.98629881788986, "params": {"C": 7.700026652066477, "epsilon": 4.5681714101821465, "gamma": 6.411323353928735, "lamda": 0.7720462815022046}, "datetime": {"datetime": "2021-06-21 21:10:28", "elapsed": 591.107484, "delta": 1.61064}}
{"target": -26.7966951226905, "params": {"C": 5.8868900740903, "epsilon": 8.768761148662396, "gamma": 1.5544004703415188, "lamda": 0.6950698825924423}, "datetime": {"datetime": "2021-06-21 21:10:31", "elapsed": 593.963875, "delta": 2.856391}}
{"target": -33.8747480551927, "params": {"C": 0.3629816082334897, "epsilon": 5.550926340434008, "gamma": 5.136587256941368, "lamda": 0.6073106435502322}, "datetime": {"datetime": "2021-06-21 21:10:33", "elapsed": 595.662221, "delta": 1.698346}}
{"target": -33.36236681095322, "params": {"C": 6.775254733889205, "epsilon": 7.315052235627321, "gamma": 5.5779330658660005, "lamda": 0.6746928105934195}, "datetime": {"datetime": "2021-06-21 21:10:35", "elapsed": 597.576222, "delta": 1.914001}}
{"target": -34.76320165968894, "params": {"C": 3.868001452415888, "epsilon": 0.28364888068485933, "gamma": 7.40035196300941, "lamda": 0.42183849178637983}, "datetime": {"datetime": "2021-06-21 21:10:36", "elapsed": 599.409074, "delta": 1.832852}}
{"target": -34.21141364333309, "params": {"C": 5.461998807374825, "epsilon": 9.017174147229932, "gamma": 9.75615760461676, "lamda": 0.7696529950173024}, "datetime": {"datetime": "2021-06-21 21:10:38", "elapsed": 601.335469, "delta": 1.926395}}
{"target": -33.244930152724336, "params": {"C": 3.534263981374345, "epsilon": 8.229927134779215, "gamma": 5.954753194267388, "lamda": 0.7560579593721087}, "datetime": {"datetime": "2021-06-21 21:10:41", "elapsed": 604.254939, "delta": 2.91947}}
{"target": -25.78310031292129, "params": {"C": 6.9093844965636295, "epsilon": 3.8884455919150507, "gamma": 1.3137317605039454, "lamda": 0.534206403406355}, "datetime": {"datetime": "2021-06-21 21:10:43", "elapsed": 606.069145, "delta": 1.814206}}
{"target": -32.19753871479405, "params": {"C": 2.2827532855254353, "epsilon": 9.863395836505182, "gamma": 4.3830951263223135, "lamda": 0.9723580461533666}, "datetime": {"datetime": "2021-06-21 21:10:45", "elapsed": 608.164428, "delta": 2.095283}}
{"target": -32.08238844341047, "params": {"C": 8.559026892490797, "epsilon": 1.3627720104483056, "gamma": 3.6074892758163695, "lamda": 0.1605481347409983}, "datetime": {"datetime": "2021-06-21 21:10:47", "elapsed": 610.304742, "delta": 2.140314}}
{"target": -30.17397851306748, "params": {"C": 8.76067204534912, "epsilon": 7.762829838647223, "gamma": 2.7184622439123456, "lamda": 0.7539863070743834}, "datetime": {"datetime": "2021-06-21 21:10:49", "elapsed": 611.896098, "delta": 1.591356}}
{"target": -29.536299797175225, "params": {"C": 5.146161280173246, "epsilon": 7.027297972235036, "gamma": 2.4275917158947493, "lamda": 0.7146458872526394}, "datetime": {"datetime": "2021-06-21 21:10:51", "elapsed": 613.673403, "delta": 1.777305}}
{"target": -33.808320517401036, "params": {"C": 8.697161940448396, "epsilon": 8.38015424219299, "gamma": 6.794373996765557, "lamda": 0.28934052946603234}, "datetime": {"datetime": "2021-06-21 21:10:52", "elapsed": 615.455206, "delta": 1.781803}}
{"target": -34.39489660445288, "params": {"C": 8.839309155388229, "epsilon": 5.172595668142299, "gamma": 8.026754430915437, "lamda": 0.4390011903464595}, "datetime": {"datetime": "2021-06-21 21:10:54", "elapsed": 617.223036, "delta": 1.76783}}
{"target": -32.20526038944684, "params": {"C": 8.967193413580437, "epsilon": 9.424823976413213, "gamma": 4.195576942194142, "lamda": 0.01884106190591397}, "datetime": {"datetime": "2021-06-21 21:10:56", "elapsed": 618.866993, "delta": 1.643957}}
{"target": -24.236432605108245, "params": {"C": 2.7661087544932683, "epsilon": 1.6099868302051497, "gamma": 0.926065712449418, "lamda": 0.8744878064180457}, "datetime": {"datetime": "2021-06-21 21:10:58", "elapsed": 620.672069, "delta": 1.805076}}
{"target": -32.5984592259142, "params": {"C": 0.4074288631573977, "epsilon": 9.44915067666908, "gamma": 4.158992169720528, "lamda": 0.204608031943168}, "datetime": {"datetime": "2021-06-21 21:10:59", "elapsed": 622.493024, "delta": 1.820955}}
{"target": -34.239548601316855, "params": {"C": 9.285448329287071, "epsilon": 7.604011376283151, "gamma": 8.030943553444969, "lamda": 0.9935956149152926}, "datetime": {"datetime": "2021-06-21 21:11:03", "elapsed": 625.946059, "delta": 3.453035}}
{"target": -11.759123872658938, "params": {"C": 2.380374411598198, "epsilon": 8.526435410112471, "gamma": 0.013245575115555056, "lamda": 0.4949397667481839}, "datetime": {"datetime": "2021-06-21 21:11:05", "elapsed": 627.68011, "delta": 1.734051}}
{"target": -35.13471795502805, "params": {"C": 1.648209967948312, "epsilon": 0.9412228985180593, "gamma": 9.17889236239162, "lamda": 0.3521992834619057}, "datetime": {"datetime": "2021-06-21 21:11:07", "elapsed": 629.559211, "delta": 1.879101}}
{"target": -28.791240938340835, "params": {"C": 6.909760457407437, "epsilon": 9.59172428680509, "gamma": 2.1891608580314843, "lamda": 0.8377159873366178}, "datetime": {"datetime": "2021-06-21 21:11:08", "elapsed": 631.415898, "delta": 1.856687}}
{"target": -33.29609337190304, "params": {"C": 4.274797218171888, "epsilon": 5.530147981470016, "gamma": 5.287923285985151, "lamda": 0.9431787177594593}, "datetime": {"datetime": "2021-06-21 21:11:10", "elapsed": 633.28425, "delta": 1.868352}}
{"target": -34.719269315521714, "params": {"C": 7.962371665109452, "epsilon": 1.4176258467791305, "gamma": 8.121543283441365, "lamda": 0.8035788279903264}, "datetime": {"datetime": "2021-06-21 21:11:12", "elapsed": 635.2319, "delta": 1.94765}}
{"target": -34.35396823425527, "params": {"C": 7.855073570656087, "epsilon": 2.3907808874912613, "gamma": 7.014400016411126, "lamda": 0.17875324990709146}, "datetime": {"datetime": "2021-06-21 21:11:14", "elapsed": 637.187939, "delta": 1.956039}}
{"target": -31.939305231053112, "params": {"C": 8.73697139116169, "epsilon": 3.898371652197896, "gamma": 3.60383923928074, "lamda": 0.8625559557609156}, "datetime": {"datetime": "2021-06-21 21:11:16", "elapsed": 638.981351, "delta": 1.793412}}
{"target": -31.873867100983848, "params": {"C": 5.966311439989081, "epsilon": 8.559085852880346, "gamma": 3.895109988811766, "lamda": 0.11943225149217897}, "datetime": {"datetime": "2021-06-21 21:11:18", "elapsed": 640.858053, "delta": 1.876702}}
{"target": -33.15566611560163, "params": {"C": 0.8464391200427303, "epsilon": 7.993347557431991, "gamma": 6.114886862401922, "lamda": 0.5454972315058162}, "datetime": {"datetime": "2021-06-21 21:11:20", "elapsed": 642.708922, "delta": 1.850869}}
{"target": -31.26932274584083, "params": {"C": 4.83441528733223, "epsilon": 6.193285070940329, "gamma": 3.302510263689775, "lamda": 0.14535208715804723}, "datetime": {"datetime": "2021-06-21 21:11:22", "elapsed": 644.644933, "delta": 1.936011}}
{"target": -29.471798837244446, "params": {"C": 9.000244776652494, "epsilon": 6.657870491330669, "gamma": 2.396107806633774, "lamda": 0.9207239233900212}, "datetime": {"datetime": "2021-06-21 21:11:24", "elapsed": 646.58366, "delta": 1.938727}}
{"target": -29.085151951336563, "params": {"C": 0.3989724965408749, "epsilon": 2.889192732687101, "gamma": 1.031024597385388, "lamda": 0.5055258404379038}, "datetime": {"datetime": "2021-06-21 21:11:25", "elapsed": 648.463704, "delta": 1.880044}}
{"target": -34.24356116659338, "params": {"C": 2.1286263166336603, "epsilon": 5.183569006311396, "gamma": 8.581895862749267, "lamda": 0.23515702474644895}, "datetime": {"datetime": "2021-06-21 21:11:30", "elapsed": 652.717424, "delta": 4.25372}}
{"target": -34.24588521324192, "params": {"C": 4.681341059768013, "epsilon": 5.713862872384846, "gamma": 8.222598475353507, "lamda": 0.10148808865013048}, "datetime": {"datetime": "2021-06-21 21:11:32", "elapsed": 654.547222, "delta": 1.829798}}
{"target": -33.29378505009228, "params": {"C": 2.8059570126235385, "epsilon": 9.819587495711364, "gamma": 6.544931170882888, "lamda": 0.568458165321564}, "datetime": {"datetime": "2021-06-21 21:11:35", "elapsed": 657.587819, "delta": 3.040597}}
{"target": -32.32261767514593, "params": {"C": 4.7942326629318215, "epsilon": 5.712686113371645, "gamma": 4.086731841449609, "lamda": 0.2983936847084502}, "datetime": {"datetime": "2021-06-21 21:11:36", "elapsed": 659.388058, "delta": 1.800239}}
{"target": -34.884226077392285, "params": {"C": 5.5955312760373825, "epsilon": 0.11869093007178767, "gamma": 8.222820157795006, "lamda": 0.8095518049942064}, "datetime": {"datetime": "2021-06-21 21:11:38", "elapsed": 661.363325, "delta": 1.975267}}
{"target": -33.86505760095574, "params": {"C": 3.2506562616407004, "epsilon": 4.207880604996235, "gamma": 6.156765221534876, "lamda": 0.2060926118165108}, "datetime": {"datetime": "2021-06-21 21:11:43", "elapsed": 665.725201, "delta": 4.361876}}
{"target": -32.737941086407005, "params": {"C": 2.6165760090934143, "epsilon": 7.910035064702856, "gamma": 4.775249379231604, "lamda": 0.8187929547137354}, "datetime": {"datetime": "2021-06-21 21:11:45", "elapsed": 668.00208, "delta": 2.276879}}
{"target": -32.68479822072051, "params": {"C": 8.995934556146173, "epsilon": 3.8380693890819138, "gamma": 4.282254870256665, "lamda": 0.3088140128576783}, "datetime": {"datetime": "2021-06-21 21:11:47", "elapsed": 670.058018, "delta": 2.055938}}
{"target": -32.080406866789446, "params": {"C": 0.9423202349418399, "epsilon": 7.484353044803604, "gamma": 3.6176203736778305, "lamda": 0.839937185592892}, "datetime": {"datetime": "2021-06-21 21:11:50", "elapsed": 672.592146, "delta": 2.534128}}
{"target": -22.69611784939726, "params": {"C": 2.9582034151117065, "epsilon": 7.6899832121364815, "gamma": 0.7988201450764618, "lamda": 0.19896490730350133}, "datetime": {"datetime": "2021-06-21 21:11:52", "elapsed": 674.986899, "delta": 2.394753}}
{"target": -33.740204441487656, "params": {"C": 2.863937207133497, "epsilon": 9.314993608146612, "gamma": 8.10027888807449, "lamda": 0.7567655309557478}, "datetime": {"datetime": "2021-06-21 21:11:55", "elapsed": 678.320249, "delta": 3.33335}}
{"target": -34.03414977765904, "params": {"C": 0.18626041024395054, "epsilon": 5.17004085120886, "gamma": 3.921683926396997, "lamda": 0.8333541067944961}, "datetime": {"datetime": "2021-06-21 21:11:57", "elapsed": 680.158617, "delta": 1.838368}}
{"target": -33.16682373845786, "params": {"C": 0.32959425657791214, "epsilon": 3.5215757366401084, "gamma": 2.6801127032941743, "lamda": 0.19949845646377232}, "datetime": {"datetime": "2021-06-21 21:11:59", "elapsed": 682.015959, "delta": 1.857342}}
{"target": -28.032156071162113, "params": {"C": 3.665005925321096, "epsilon": 3.689532846671464, "gamma": 1.753214131360656, "lamda": 0.8126628631847297}, "datetime": {"datetime": "2021-06-21 21:12:02", "elapsed": 685.522732, "delta": 3.506773}}
{"target": -34.44221329898664, "params": {"C": 7.610657636958073, "epsilon": 6.687503019208957, "gamma": 8.962444264438739, "lamda": 0.8391073234559127}, "datetime": {"datetime": "2021-06-21 21:12:04", "elapsed": 687.498784, "delta": 1.976052}}
{"target": -33.89434014113728, "params": {"C": 2.66658894524371, "epsilon": 8.168808435218233, "gamma": 8.463887989463684, "lamda": 0.7304958850866544}, "datetime": {"datetime": "2021-06-21 21:12:06", "elapsed": 689.220945, "delta": 1.722161}}
{"target": -25.357804210973068, "params": {"C": 0.8868340405453043, "epsilon": 3.3778366055990037, "gamma": 0.7740702466091669, "lamda": 0.6122637825345078}, "datetime": {"datetime": "2021-06-21 21:12:08", "elapsed": 691.208808, "delta": 1.987863}}
{"target": -33.259236635612986, "params": {"C": 4.317071957008617, "epsilon": 9.255207466144958, "gamma": 6.273645945340662, "lamda": 0.11074795700116641}, "datetime": {"datetime": "2021-06-21 21:12:10", "elapsed": 693.165458, "delta": 1.95665}}
{"target": -33.81314626603801, "params": {"C": 3.1076406831803562, "epsilon": 8.889449494893158, "gamma": 8.107648159881599, "lamda": 0.6990631473418264}, "datetime": {"datetime": "2021-06-21 21:12:12", "elapsed": 695.104605, "delta": 1.939147}}
{"target": -31.14881138063062, "params": {"C": 3.1052407263392956, "epsilon": 8.240833002192069, "gamma": 3.3178811414417786, "lamda": 0.38106301092488404}, "datetime": {"datetime": "2021-06-21 21:12:14", "elapsed": 697.239017, "delta": 2.134412}}
{"target": -32.53692407888063, "params": {"C": 6.796303924156206, "epsilon": 0.5629758245379292, "gamma": 3.873110011539744, "lamda": 0.520371204376832}, "datetime": {"datetime": "2021-06-21 21:12:16", "elapsed": 699.232151, "delta": 1.993134}}
{"target": -27.876892248363045, "params": {"C": 4.402426952709593, "epsilon": 3.0249984712876, "gamma": 1.7263750781253853, "lamda": 0.3372957970493727}, "datetime": {"datetime": "2021-06-21 21:12:18", "elapsed": 701.126855, "delta": 1.894704}}
{"target": -24.933517246341523, "params": {"C": 7.095916861603485, "epsilon": 5.722857668580598, "gamma": 1.1914713317314654, "lamda": 0.35715740834312326}, "datetime": {"datetime": "2021-06-21 21:12:22", "elapsed": 704.605551, "delta": 3.478696}}
{"target": -31.613784912925887, "params": {"C": 5.625142126672369, "epsilon": 8.530758635798046, "gamma": 3.662500322849649, "lamda": 0.06136159265022796}, "datetime": {"datetime": "2021-06-21 21:12:23", "elapsed": 706.452363, "delta": 1.846812}}
{"target": -34.01767823411231, "params": {"C": 0.09187761196963909, "epsilon": 6.386896253865853, "gamma": 3.8137129911661263, "lamda": 0.483870176954987}, "datetime": {"datetime": "2021-06-21 21:12:25", "elapsed": 708.434646, "delta": 1.982283}}
{"target": -24.632573840390435, "params": {"C": 9.690258108562956, "epsilon": 9.694704744061626, "gamma": 1.1715129749725586, "lamda": 0.35027035025208175}, "datetime": {"datetime": "2021-06-21 21:12:27", "elapsed": 710.492918, "delta": 2.058272}}
{"target": -27.69320047887385, "params": {"C": 8.69364486357237, "epsilon": 4.004923087032651, "gamma": 1.7627450592520828, "lamda": 0.5667475648576714}, "datetime": {"datetime": "2021-06-21 21:12:29", "elapsed": 712.497576, "delta": 2.004658}}
{"target": -31.814209941237277, "params": {"C": 0.8662620289465037, "epsilon": 2.017945797492789, "gamma": 2.410998937860336, "lamda": 0.26291989365436896}, "datetime": {"datetime": "2021-06-21 21:12:31", "elapsed": 714.403159, "delta": 1.905583}}
{"target": -31.130161533695805, "params": {"C": 3.649264046490197, "epsilon": 1.0973593804022133, "gamma": 2.786144810059852, "lamda": 0.6076454201036355}, "datetime": {"datetime": "2021-06-21 21:12:37", "elapsed": 719.563087, "delta": 5.159928}}
{"target": -26.861110051887714, "params": {"C": 0.5599466430222513, "epsilon": 9.401476908516454, "gamma": 1.0747401660469738, "lamda": 0.36839451962529396}, "datetime": {"datetime": "2021-06-21 21:12:39", "elapsed": 721.658929, "delta": 2.095842}}
{"target": -29.743807193837903, "params": {"C": 9.573700515681484, "epsilon": 6.000374731516867, "gamma": 2.4950252850450703, "lamda": 0.8390350221814715}, "datetime": {"datetime": "2021-06-21 21:12:41", "elapsed": 723.753065, "delta": 2.094136}}
{"target": -33.08377044126061, "params": {"C": 1.9651344677145344, "epsilon": 6.391002525086895, "gamma": 5.11138246899082, "lamda": 0.46586591252968107}, "datetime": {"datetime": "2021-06-21 21:12:43", "elapsed": 725.746427, "delta": 1.993362}}
{"target": -32.893264991992986, "params": {"C": 5.33178247529744, "epsilon": 9.122431231082585, "gamma": 5.217305056386485, "lamda": 0.26505070160970984}, "datetime": {"datetime": "2021-06-21 21:12:45", "elapsed": 727.887133, "delta": 2.140706}}
{"target": -20.86664196392995, "params": {"C": 9.350284583135027, "epsilon": 4.9741856985594195, "gamma": 0.5798125676149589, "lamda": 0.3222869513164183}, "datetime": {"datetime": "2021-06-21 21:12:47", "elapsed": 729.932078, "delta": 2.044945}}
{"target": -32.9232431227582, "params": {"C": 5.432535078373993, "epsilon": 5.496647912654616, "gamma": 4.719357151763532, "lamda": 0.7506722923955902}, "datetime": {"datetime": "2021-06-21 21:12:50", "elapsed": 732.666634, "delta": 2.734556}}
{"target": -34.78059462398218, "params": {"C": 9.121737284835525, "epsilon": 1.4357288702506588, "gamma": 8.467849211363697, "lamda": 0.5788329410312181}, "datetime": {"datetime": "2021-06-21 21:12:52", "elapsed": 735.116836, "delta": 2.450202}}
{"target": -34.97983074410973, "params": {"C": 9.342002757444112, "epsilon": 0.02820987827190743, "gamma": 8.999519308662881, "lamda": 0.370178552605623}, "datetime": {"datetime": "2021-06-21 21:12:54", "elapsed": 737.06327, "delta": 1.946434}}
{"target": -33.93571466793483, "params": {"C": 4.4855627295611775, "epsilon": 7.907579790978344, "gamma": 7.820405630371003, "lamda": 0.36620270527314164}, "datetime": {"datetime": "2021-06-21 21:12:56", "elapsed": 738.997078, "delta": 1.933808}}
{"target": -32.01119814911532, "params": {"C": 5.352188820992666, "epsilon": 5.603221518084747, "gamma": 3.74766737339862, "lamda": 0.286581767164417}, "datetime": {"datetime": "2021-06-21 21:12:58", "elapsed": 740.918786, "delta": 1.921708}}
{"target": -33.534352579411504, "params": {"C": 6.79635301724102, "epsilon": 3.76713673435873, "gamma": 5.36305826026609, "lamda": 0.7082385835684769}, "datetime": {"datetime": "2021-06-21 21:13:00", "elapsed": 742.850403, "delta": 1.931617}}
{"target": -31.419456345928648, "params": {"C": 0.4816798199993051, "epsilon": 9.620858205455347, "gamma": 2.8399383694778444, "lamda": 0.11798276266480086}, "datetime": {"datetime": "2021-06-21 21:13:03", "elapsed": 745.534313, "delta": 2.68391}}
{"target": -27.386651476399653, "params": {"C": 8.417812522915057, "epsilon": 6.761464907115051, "gamma": 1.7263703598863436, "lamda": 0.40006837837249876}, "datetime": {"datetime": "2021-06-21 21:13:05", "elapsed": 747.57688, "delta": 2.042567}}
{"target": -29.74619629861684, "params": {"C": 3.0054715741058655, "epsilon": 0.8681972997507723, "gamma": 2.124448962575394, "lamda": 0.011134693547251894}, "datetime": {"datetime": "2021-06-21 21:13:07", "elapsed": 749.713236, "delta": 2.136356}}
{"target": -34.32981570152212, "params": {"C": 2.7708923571479986, "epsilon": 2.829625033660073, "gamma": 6.867253643568522, "lamda": 0.6933607673605519}, "datetime": {"datetime": "2021-06-21 21:13:11", "elapsed": 754.356871, "delta": 4.643635}}
{"target": -30.63140724566889, "params": {"C": 6.956037311434216, "epsilon": 0.31131114087375583, "gamma": 2.6787275980245253, "lamda": 0.5860209082308148}, "datetime": {"datetime": "2021-06-21 21:13:14", "elapsed": 756.775995, "delta": 2.419124}}
{"target": -32.67554531943285, "params": {"C": 4.15034222963742, "epsilon": 5.558893352251528, "gamma": 4.419945329773167, "lamda": 0.37900311697541245}, "datetime": {"datetime": "2021-06-21 21:13:16", "elapsed": 759.078619, "delta": 2.302624}}
{"target": -12.58285303194615, "params": {"C": 4.228517846555483, "epsilon": 7.20352460992814, "gamma": 0.010227605886516325, "lamda": 0.3720993153686558}, "datetime": {"datetime": "2021-06-26 19:36:49", "elapsed": 0.0, "delta": 0.0}}
{"target": -16.935412682588925, "params": {"C": 1.5528833190894193, "epsilon": 0.9242936090932092, "gamma": 0.3806578206415651, "lamda": 0.411004654338743}, "datetime": {"datetime": "2021-06-26 19:36:49", "elapsed": 0.432845, "delta": 0.432845}}
{"target": -19.297747758227366, "params": {"C": 4.027997994883632, "epsilon": 5.388628523299567, "gamma": 0.8441970836625566, "lamda": 0.7166975503570835}, "datetime": {"datetime": "2021-06-26 19:36:50", "elapsed": 0.932054, "delta": 0.499209}}
{"target": -31.08742449284982, "params": {"C": 0.1764265742427985, "epsilon": 1.6194474811927493, "gamma": 1.4216443779982968, "lamda": 0.7882631730924409}, "datetime": {"datetime": "2021-06-26 19:36:50", "elapsed": 1.486123, "delta": 0.554069}}
{"target": -21.0680076184355, "params": {"C": 4.481317442809077, "epsilon": 4.135293608632736, "gamma": 1.1001318421134847, "lamda": 0.7697814234177126}, "datetime": {"datetime": "2021-06-26 19:36:51", "elapsed": 1.964874, "delta": 0.478751}}
{"target": -16.42934637662395, "params": {"C": 1.4544329602857997, "epsilon": 1.054207983624296, "gamma": 0.3186941074393654, "lamda": 0.42271513072742506}, "datetime": {"datetime": "2021-06-26 19:36:51", "elapsed": 2.581229, "delta": 0.616355}}
{"target": -12.773647292138469, "params": {"C": 3.378118416712771, "epsilon": 7.93037541353541, "gamma": 0.1897996920346662, "lamda": 0.5339260840761196}, "datetime": {"datetime": "2021-06-26 19:36:54", "elapsed": 4.969276, "delta": 2.388047}}
{"target": -12.30621468424407, "params": {"C": 4.72479211874008, "epsilon": 8.666033343988357, "gamma": 0.01, "lamda": 0.1}, "datetime": {"datetime": "2021-06-26 19:36:55", "elapsed": 6.296382, "delta": 1.327106}}
{"target": -23.79816733917143, "params": {"C": 4.496990402969512, "epsilon": 8.170818133720694, "gamma": 1.7403886961806776, "lamda": 0.1}, "datetime": {"datetime": "2021-06-26 19:36:56", "elapsed": 7.461267, "delta": 1.164885}}
{"target": -12.874310081457347, "params": {"C": 3.879217550701122, "epsilon": 9.260063805841265, "gamma": 0.01, "lamda": 1.0}, "datetime": {"datetime": "2021-06-26 19:36:57", "elapsed": 8.588981, "delta": 1.127714}}
