{"target": -14.4066063178099, "params": {"C": 0.9464006316222073, "epsilon": 7.93843157419015, "gamma": 0.17356257911308082, "lamda": 0.42951349767849234}, "datetime": {"datetime": "2021-06-28 09:39:37", "elapsed": 530.147859, "delta": 0.933246}}
{"target": -14.466102268485983, "params": {"C": 1.3600776239254329, "epsilon": 2.686453812674809, "gamma": 0.19807428922453107, "lamda": 0.1583962099722607}, "datetime": {"datetime": "2021-06-28 09:39:38", "elapsed": 531.04578, "delta": 0.897921}}
{"target": -13.805163819004, "params": {"C": 3.678896420961209, "epsilon": 6.912167706972309, "gamma": 0.27212173439933335, "lamda": 1.3596490981054048}, "datetime": {"datetime": "2021-06-28 09:39:39", "elapsed": 532.094472, "delta": 1.048692}}
{"target": -14.329572709648609, "params": {"C": 4.665669055434865, "epsilon": 1.0658925896731624, "gamma": 0.2949601341765325, "lamda": 0.467602230307358}, "datetime": {"datetime": "2021-06-28 09:39:40", "elapsed": 532.982569, "delta": 0.888097}}
{"target": -14.606714927158365, "params": {"C": 5.693086790475582, "epsilon": 5.658990096619195, "gamma": 0.3956845058995797, "lamda": 0.4927012690733512}, "datetime": {"datetime": "2021-06-28 09:39:41", "elapsed": 533.921508, "delta": 0.938939}}
{"target": -13.803045278727858, "params": {"C": 5.725992391426036, "epsilon": 5.548803099983289, "gamma": 0.2823209013450438, "lamda": 0.691760968531685}, "datetime": {"datetime": "2021-06-28 09:39:42", "elapsed": 534.943435, "delta": 1.021927}}
{"target": -14.757441184391052, "params": {"C": 5.7492479997952, "epsilon": 5.377017552938467, "gamma": 0.4124534845762876, "lamda": 0.9398722432943847}, "datetime": {"datetime": "2021-06-28 09:39:42", "elapsed": 535.787432, "delta": 0.843997}}
{"target": -15.073718874047321, "params": {"C": 2.909111878759461, "epsilon": 7.383975472039021, "gamma": 0.3911384439630154, "lamda": 1.6533874026984714}, "datetime": {"datetime": "2021-06-28 09:39:43", "elapsed": 536.760921, "delta": 0.973489}}
{"target": -16.784185456550453, "params": {"C": 2.4638071235749863, "epsilon": 1.1905002832769087, "gamma": 0.49467620040940047, "lamda": 1.574703340432222}, "datetime": {"datetime": "2021-06-28 09:39:44", "elapsed": 537.667585, "delta": 0.906664}}
{"target": -14.565346182784818, "params": {"C": 2.8982154944443206, "epsilon": 7.447664553740453, "gamma": 0.33232922794051106, "lamda": 1.6656509920089337}, "datetime": {"datetime": "2021-06-28 09:39:45", "elapsed": 538.685704, "delta": 1.018119}}
{"target": -14.157743140577638, "params": {"C": 5.8764656576952286, "epsilon": 5.42209008874084, "gamma": 0.33110296957434066, "lamda": 0.8832046627033991}, "datetime": {"datetime": "2021-06-28 09:39:46", "elapsed": 539.54992, "delta": 0.864216}}
{"target": -16.819550695270404, "params": {"C": 1.5679002773193949, "epsilon": 2.099696597041402, "gamma": 0.3877512162386735, "lamda": 2.56825058724026}, "datetime": {"datetime": "2021-06-28 09:39:47", "elapsed": 540.519162, "delta": 0.969242}}
{"target": -15.320415570298952, "params": {"C": 5.626113109492671, "epsilon": 5.4868882346989185, "gamma": 0.47087501198470905, "lamda": 0.6415186755022156}, "datetime": {"datetime": "2021-06-28 09:39:48", "elapsed": 541.414206, "delta": 0.895044}}
{"target": -38.514880489118454, "params": {"C": 5.027246034462701, "epsilon": 7.785260478078046, "gamma": 0.45038443811731277, "lamda": 0.2546011933960568}, "datetime": {"datetime": "2021-06-28 09:39:55", "elapsed": 548.582873, "delta": 7.168667}}
{"target": -13.679741765733116, "params": {"C": 3.309582637400774, "epsilon": 6.306977399825789, "gamma": 0.25900927783062205, "lamda": 0.5523246141394923}, "datetime": {"datetime": "2021-06-28 09:39:56", "elapsed": 549.45659, "delta": 0.873717}}
{"target": -37.30236625976897, "params": {"C": 2.902946541750839, "epsilon": 7.420011633218799, "gamma": 0.3578633574612958, "lamda": 1.6603263073638033}, "datetime": {"datetime": "2021-06-28 09:40:07", "elapsed": 560.549156, "delta": 11.092566}}
{"target": -13.821727818501342, "params": {"C": 5.669202393631292, "epsilon": 5.4333112253047355, "gamma": 0.281518987657173, "lamda": 0.7617796848064207}, "datetime": {"datetime": "2021-06-28 09:40:09", "elapsed": 561.867657, "delta": 1.318501}}
{"target": -17.042504306437458, "params": {"C": 2.2336115454660197, "epsilon": 1.2647389270945002, "gamma": 0.4956994873233871, "lamda": 0.11731051053868403}, "datetime": {"datetime": "2021-06-28 09:40:10", "elapsed": 562.850158, "delta": 0.982501}}
{"target": -76.12998641548225, "params": {"C": 3.5425095067500707, "epsilon": 1.7481886343883488, "gamma": 0.11264941027515343, "lamda": 2.5833938531051217}, "datetime": {"datetime": "2021-06-28 09:40:21", "elapsed": 574.266704, "delta": 11.416546}}
{"target": -37.027989967231015, "params": {"C": 1.75844646380561, "epsilon": 8.713423473183614, "gamma": 0.49825423422047527, "lamda": 1.7998480181953451}, "datetime": {"datetime": "2021-06-28 09:40:32", "elapsed": 585.480031, "delta": 11.213327}}
{"target": -14.992890191108232, "params": {"C": 5.707252627710009, "epsilon": 5.675451391061806, "gamma": 0.4382062433633122, "lamda": 0.5440670535886907}, "datetime": {"datetime": "2021-06-28 09:40:33", "elapsed": 586.471005, "delta": 0.990974}}
{"target": -13.785153306924652, "params": {"C": 3.676191357514113, "epsilon": 6.902994865308646, "gamma": 0.26992889537531617, "lamda": 1.372233098048471}, "datetime": {"datetime": "2021-06-28 09:40:34", "elapsed": 587.590611, "delta": 1.119606}}
{"target": -13.748991863148575, "params": {"C": 5.782933709591345, "epsilon": 5.429062401394003, "gamma": 0.27763284056455534, "lamda": 0.830564182018236}, "datetime": {"datetime": "2021-06-28 09:40:35", "elapsed": 588.713746, "delta": 1.123135}}
{"target": -13.51320473553228, "params": {"C": 5.795748188859511, "epsilon": 5.4727961271619865, "gamma": 0.24443551993311255, "lamda": 1.0009766000714295}, "datetime": {"datetime": "2021-06-28 09:40:36", "elapsed": 589.632291, "delta": 0.918545}}
{"target": -15.37009173720605, "params": {"C": 0.9384295364394758, "epsilon": 8.09179702369205, "gamma": 0.2213265075378403, "lamda": 0.5042792594036035}, "datetime": {"datetime": "2021-06-28 09:40:38", "elapsed": 591.039477, "delta": 1.407186}}
{"target": -13.564959035675011, "params": {"C": 3.307210755164551, "epsilon": 6.313509608623733, "gamma": 0.24979712331637866, "lamda": 0.5555776878537599}, "datetime": {"datetime": "2021-06-28 09:40:39", "elapsed": 592.402039, "delta": 1.362562}}
{"target": -14.346155921782497, "params": {"C": 5.659636647244581, "epsilon": 5.873774654965931, "gamma": 0.35733696351968, "lamda": 0.5104218298365576}, "datetime": {"datetime": "2021-06-28 09:40:40", "elapsed": 593.375403, "delta": 0.973364}}
{"target": -14.42313518036798, "params": {"C": 5.700639275782781, "epsilon": 5.868721421987329, "gamma": 0.36996425564829705, "lamda": 0.58909355773327}, "datetime": {"datetime": "2021-06-28 09:40:41", "elapsed": 594.394443, "delta": 1.01904}}
{"target": -15.129923889812227, "params": {"C": 5.710061301062989, "epsilon": 5.7076556316994385, "gamma": 0.4523235153107604, "lamda": 0.5397664989819101}, "datetime": {"datetime": "2021-06-28 09:40:42", "elapsed": 595.567393, "delta": 1.17295}}
{"target": -14.096264729884824, "params": {"C": 5.657379712549873, "epsilon": 5.450066556407969, "gamma": 0.3151162279371387, "lamda": 0.7427914301900621}, "datetime": {"datetime": "2021-06-28 09:40:44", "elapsed": 596.910098, "delta": 1.342705}}
{"target": -58.14142757943072, "params": {"C": 5.460995873466943, "epsilon": 7.83170380480222, "gamma": 0.16262522059320192, "lamda": 0.6009859801096336}, "datetime": {"datetime": "2021-06-28 09:40:56", "elapsed": 608.896824, "delta": 11.986726}}
{"target": -12.162895455428666, "params": {"C": 4.8928458434439985, "epsilon": 1.6617069139071392, "gamma": 0.015378275670573288, "lamda": 0.49275622280382214}, "datetime": {"datetime": "2021-06-28 09:40:57", "elapsed": 609.992829, "delta": 1.096005}}
{"target": -14.269096505260336, "params": {"C": 5.65110100953529, "epsilon": 5.384528433513638, "gamma": 0.3397368466994755, "lamda": 0.9203462623682671}, "datetime": {"datetime": "2021-06-28 09:40:58", "elapsed": 611.361264, "delta": 1.368435}}
{"target": -98.27722506993184, "params": {"C": 2.1629862450803548, "epsilon": 4.188975164556206, "gamma": 0.04092969449984626, "lamda": 0.6382012838065376}, "datetime": {"datetime": "2021-06-28 09:41:10", "elapsed": 623.719693, "delta": 12.358429}}
{"target": -54.63741129859196, "params": {"C": 4.344335549910268, "epsilon": 2.7906302134158834, "gamma": 0.1994906640210156, "lamda": 2.6457564716240576}, "datetime": {"datetime": "2021-06-28 09:41:21", "elapsed": 634.686972, "delta": 10.967279}}
{"target": -81.14602406353465, "params": {"C": 0.5550505110504816, "epsilon": 1.669430869780709, "gamma": 0.10115148684821228, "lamda": 1.1118811589476292}, "datetime": {"datetime": "2021-06-28 09:41:33", "elapsed": 646.165877, "delta": 11.478905}}
{"target": -14.983274159731344, "params": {"C": 5.730897236569892, "epsilon": 5.750889132314806, "gamma": 0.4379463044273184, "lamda": 0.561286910542096}, "datetime": {"datetime": "2021-06-28 09:41:34", "elapsed": 647.15209, "delta": 0.986213}}
{"target": -16.806711319522076, "params": {"C": 1.1212143137320532, "epsilon": 7.56241439172914, "gamma": 0.3719259348938442, "lamda": 1.5531061124698389}, "datetime": {"datetime": "2021-06-28 09:41:35", "elapsed": 648.135058, "delta": 0.982968}}
{"target": -15.161797039281847, "params": {"C": 5.644035710949713, "epsilon": 5.467917619195039, "gamma": 0.45645133335888916, "lamda": 0.6680219311189447}, "datetime": {"datetime": "2021-06-28 09:41:36", "elapsed": 648.996181, "delta": 0.861123}}
{"target": -14.78939023920903, "params": {"C": 5.665069962086355, "epsilon": 5.652195738628689, "gamma": 0.41715359619824754, "lamda": 0.5986635790505942}, "datetime": {"datetime": "2021-06-28 09:41:37", "elapsed": 649.88793, "delta": 0.891749}}
{"target": -12.09384447141617, "params": {"C": 2.1155733016260987, "epsilon": 6.647431047064726, "gamma": 0.11942492831024461, "lamda": 0.4048590654545351}, "datetime": {"datetime": "2021-06-28 09:41:38", "elapsed": 650.94886, "delta": 1.06093}}
{"target": -16.860000418787067, "params": {"C": 1.7510452888800836, "epsilon": 1.153778977951966, "gamma": 0.41220621216997616, "lamda": 0.4393122341092647}, "datetime": {"datetime": "2021-06-28 09:41:39", "elapsed": 651.904861, "delta": 0.956001}}
{"target": -44.472138617270765, "params": {"C": 1.7825742973156726, "epsilon": 4.579348050711588, "gamma": 0.2682518400208658, "lamda": 2.8487849466911985}, "datetime": {"datetime": "2021-06-28 09:41:50", "elapsed": 663.614478, "delta": 11.709617}}
{"target": -13.30279440577327, "params": {"C": 5.720347070789362, "epsilon": 5.486153013542917, "gamma": 0.22770061883106504, "lamda": 0.9577122584034075}, "datetime": {"datetime": "2021-06-28 09:41:51", "elapsed": 664.667783, "delta": 1.053305}}
{"target": -15.549438223785009, "params": {"C": 0.9068434763144627, "epsilon": 8.049569120659475, "gamma": 0.22308735105304472, "lamda": 0.525099733437859}, "datetime": {"datetime": "2021-06-28 09:41:52", "elapsed": 665.704584, "delta": 1.036801}}
{"target": -14.746764332696246, "params": {"C": 5.695985041579495, "epsilon": 5.819386126359949, "gamma": 0.4131648264273503, "lamda": 0.5374554291087589}, "datetime": {"datetime": "2021-06-28 09:41:54", "elapsed": 666.890754, "delta": 1.18617}}
{"target": -22.06268473431062, "params": {"C": 0.29201938143043865, "epsilon": 3.737500468971197, "gamma": 0.33029608615139405, "lamda": 2.3967612460479657}, "datetime": {"datetime": "2021-06-28 09:41:55", "elapsed": 668.04867, "delta": 1.157916}}
{"target": -25.297144842912978, "params": {"C": 0.14000307906807954, "epsilon": 5.803741908136106, "gamma": 0.41226825308370457, "lamda": 2.68364199914981}, "datetime": {"datetime": "2021-06-28 09:41:56", "elapsed": 669.095968, "delta": 1.047298}}
{"target": -13.559773987954985, "params": {"C": 3.7059336307430604, "epsilon": 6.955031389674227, "gamma": 0.2542688976781493, "lamda": 1.3660300779224073}, "datetime": {"datetime": "2021-06-28 09:41:57", "elapsed": 670.130068, "delta": 1.0341}}
{"target": -14.693794131253673, "params": {"C": 1.359919858968353, "epsilon": 2.757334550955198, "gamma": 0.21165525054713832, "lamda": 0.1377805670518195}, "datetime": {"datetime": "2021-06-28 09:41:58", "elapsed": 671.1954, "delta": 1.065332}}
{"target": -51.39373604300138, "params": {"C": 5.8356445179077285, "epsilon": 5.525170582943763, "gamma": 0.20139968132023, "lamda": 1.003475128683208}, "datetime": {"datetime": "2021-06-28 09:42:10", "elapsed": 683.249838, "delta": 12.054438}}
{"target": -14.219245927578894, "params": {"C": 5.715217097930834, "epsilon": 5.398870016323794, "gamma": 0.335778968059895, "lamda": 0.8656384292701975}, "datetime": {"datetime": "2021-06-28 09:42:11", "elapsed": 684.246108, "delta": 0.99627}}
{"target": -14.517080238434863, "params": {"C": 5.6910217928374465, "epsilon": 5.435031375086896, "gamma": 0.3818806393687664, "lamda": 0.9509451039609461}, "datetime": {"datetime": "2021-06-28 09:42:12", "elapsed": 685.522565, "delta": 1.276457}}
{"target": -11.469456771661331, "params": {"C": 5.003673856922908, "epsilon": 1.6889483286697768, "gamma": 0.03910595344911121, "lamda": 0.4408351076961899}, "datetime": {"datetime": "2021-06-28 09:42:13", "elapsed": 686.683034, "delta": 1.160469}}
{"target": -13.946919256937527, "params": {"C": 5.796271714732416, "epsilon": 5.40035015797822, "gamma": 0.3013318659507542, "lamda": 0.768106529191865}, "datetime": {"datetime": "2021-06-28 09:42:15", "elapsed": 687.871842, "delta": 1.188808}}
{"target": -15.132971206496668, "params": {"C": 5.7165019885096, "epsilon": 5.797950937155205, "gamma": 0.4570909094404552, "lamda": 0.4523614465320563}, "datetime": {"datetime": "2021-06-28 09:42:16", "elapsed": 689.334529, "delta": 1.462687}}
{"target": -14.795283415122254, "params": {"C": 1.3565603430494289, "epsilon": 2.742855703213752, "gamma": 0.21816950773327867, "lamda": 0.14857381944678383}, "datetime": {"datetime": "2021-06-28 09:42:17", "elapsed": 690.441861, "delta": 1.107332}}
{"target": -17.111212279882043, "params": {"C": 1.5208075991071655, "epsilon": 2.0820591407680435, "gamma": 0.4068412606315501, "lamda": 2.607689303608637}, "datetime": {"datetime": "2021-06-28 09:42:18", "elapsed": 691.645383, "delta": 1.203522}}
{"target": -15.214493297462383, "params": {"C": 1.7303243021297479, "epsilon": 3.973950474145254, "gamma": 0.2958199920249814, "lamda": 0.37055069983480077}, "datetime": {"datetime": "2021-06-28 09:42:20", "elapsed": 693.011961, "delta": 1.366578}}
{"target": -43.59988286360759, "params": {"C": 1.681915515785146, "epsilon": 8.163762215602077, "gamma": 0.2701029643195025, "lamda": 2.166958014115018}, "datetime": {"datetime": "2021-06-28 09:42:27", "elapsed": 700.317673, "delta": 7.305712}}
{"target": -16.66008322700056, "params": {"C": 1.0098406008230632, "epsilon": 8.134704514907583, "gamma": 0.32970959315051496, "lamda": 0.5372180108202955}, "datetime": {"datetime": "2021-06-28 09:42:28", "elapsed": 701.342564, "delta": 1.024891}}
{"target": -14.043335204264812, "params": {"C": 5.631803463925174, "epsilon": 5.638945125700315, "gamma": 0.3116854775856079, "lamda": 0.6558547171093505}, "datetime": {"datetime": "2021-06-28 09:42:29", "elapsed": 702.451607, "delta": 1.109043}}
{"target": -16.660740515513336, "params": {"C": 1.5995083382532784, "epsilon": 1.9403278404211468, "gamma": 0.3748860623439853, "lamda": 2.0920106364527804}, "datetime": {"datetime": "2021-06-28 09:42:30", "elapsed": 703.484536, "delta": 1.032929}}
{"target": -97.20162308725287, "params": {"C": 0.6114084645625765, "epsilon": 7.720367170038718, "gamma": 0.055969573887601244, "lamda": 1.3758267909019322}, "datetime": {"datetime": "2021-06-28 09:42:49", "elapsed": 722.166091, "delta": 18.681555}}
{"target": -13.904606756168508, "params": {"C": 5.796149209723197, "epsilon": 5.382765134885909, "gamma": 0.29622338144493005, "lamda": 0.8915566114288955}, "datetime": {"datetime": "2021-06-28 09:42:50", "elapsed": 723.241497, "delta": 1.075406}}
{"target": -86.96198181382556, "params": {"C": 4.455214375975576, "epsilon": 0.9403392152200803, "gamma": 0.08067562753531177, "lamda": 1.140559646661549}, "datetime": {"datetime": "2021-06-28 09:43:07", "elapsed": 740.653943, "delta": 17.412446}}
{"target": -13.23103801851583, "params": {"C": 5.713058581838836, "epsilon": 5.444680436471243, "gamma": 0.22408718987373943, "lamda": 1.0010063475043167}, "datetime": {"datetime": "2021-06-28 09:43:09", "elapsed": 741.811361, "delta": 1.157418}}
{"target": -95.10173413353058, "params": {"C": 4.908042399242448, "epsilon": 1.7395012982186275, "gamma": 0.0596895178735765, "lamda": 0.4929957615102657}, "datetime": {"datetime": "2021-06-28 09:43:25", "elapsed": 758.763874, "delta": 16.952513}}
{"target": -54.67646456633265, "params": {"C": 3.874267469985322, "epsilon": 2.8894283472859263, "gamma": 0.19120354236564482, "lamda": 2.2413361865033177}, "datetime": {"datetime": "2021-06-28 09:43:37", "elapsed": 770.398486, "delta": 11.634612}}
{"target": -17.944240625533645, "params": {"C": 1.3112930103220404, "epsilon": 4.638081640205998, "gamma": 0.49434549147245244, "lamda": 2.8130776543133797}, "datetime": {"datetime": "2021-06-28 09:43:38", "elapsed": 771.477465, "delta": 1.078979}}
{"target": -15.208747289640057, "params": {"C": 5.581643455203929, "epsilon": 6.015815410005221, "gamma": 0.46293415415697065, "lamda": 0.3563343579802908}, "datetime": {"datetime": "2021-06-28 09:43:40", "elapsed": 772.86445, "delta": 1.386985}}
{"target": -17.06884008115587, "params": {"C": 2.2387927624979778, "epsilon": 1.2642836278766332, "gamma": 0.5, "lamda": 0.12047773401329062}, "datetime": {"datetime": "2021-06-28 09:43:41", "elapsed": 774.135589, "delta": 1.271139}}
{"target": -13.459850470526746, "params": {"C": 5.655413917536575, "epsilon": 5.359599521605249, "gamma": 0.24063518546128265, "lamda": 0.715657343245485}, "datetime": {"datetime": "2021-06-28 09:43:42", "elapsed": 775.378037, "delta": 1.242448}}
{"target": -14.741172546499936, "params": {"C": 2.2174637323411934, "epsilon": 7.2822525185227995, "gamma": 0.3315733355151904, "lamda": 0.12049353041572014}, "datetime": {"datetime": "2021-06-28 09:43:43", "elapsed": 776.492324, "delta": 1.114287}}
{"target": -14.470200341608178, "params": {"C": 1.952733182338894, "epsilon": 5.571823286894075, "gamma": 0.2710927191835737, "lamda": 1.7219643856100615}, "datetime": {"datetime": "2021-06-28 09:43:44", "elapsed": 777.569768, "delta": 1.077444}}
{"target": -96.16950725190682, "params": {"C": 2.9259885079622854, "epsilon": 7.667164376464792, "gamma": 0.07478393262271875, "lamda": 0.6129204630014509}, "datetime": {"datetime": "2021-06-28 09:44:02", "elapsed": 794.910619, "delta": 17.340851}}
{"target": -14.345218055913278, "params": {"C": 5.671815132517979, "epsilon": 5.408844832515076, "gamma": 0.3547549045331957, "lamda": 0.69343127978474}, "datetime": {"datetime": "2021-06-28 09:44:03", "elapsed": 796.500797, "delta": 1.590178}}
{"target": -60.33042106315961, "params": {"C": 1.8834390311899856, "epsilon": 4.674893918836186, "gamma": 0.15396568501392424, "lamda": 2.2687701723706835}, "datetime": {"datetime": "2021-06-28 09:44:14", "elapsed": 807.64052, "delta": 11.139723}}
{"target": -13.016825348915152, "params": {"C": 4.102353971948993, "epsilon": 4.738256282195199, "gamma": 0.1984748311653765, "lamda": 0.08678870300009524}, "datetime": {"datetime": "2021-06-28 09:44:15", "elapsed": 808.765431, "delta": 1.124911}}
{"target": -15.216188970836594, "params": {"C": 5.588002579500148, "epsilon": 6.014448560036535, "gamma": 0.4634736064637819, "lamda": 0.35818774983109075}, "datetime": {"datetime": "2021-06-28 09:44:17", "elapsed": 810.086192, "delta": 1.320761}}
{"target": -14.804292024112598, "params": {"C": 5.685167251601341, "epsilon": 5.4616790289330845, "gamma": 0.418810421209567, "lamda": 1.0001889294000323}, "datetime": {"datetime": "2021-06-28 09:44:18", "elapsed": 811.210826, "delta": 1.124634}}
{"target": -63.86614279132139, "params": {"C": 5.756076728209757, "epsilon": 7.461480838652025, "gamma": 0.14344810439654573, "lamda": 2.1984749884992456}, "datetime": {"datetime": "2021-06-28 09:44:29", "elapsed": 821.947617, "delta": 10.736791}}
{"target": -15.584610019347709, "params": {"C": 5.704799175243737, "epsilon": 5.438419491578926, "gamma": 0.49686285651226486, "lamda": 0.9670599742184418}, "datetime": {"datetime": "2021-06-28 09:44:30", "elapsed": 823.175013, "delta": 1.227396}}
{"target": -15.77548505218889, "params": {"C": 3.3052107296519573, "epsilon": 3.732225471932884, "gamma": 0.4665316747310674, "lamda": 0.08742267423695817}, "datetime": {"datetime": "2021-06-28 09:44:31", "elapsed": 824.296179, "delta": 1.121166}}
{"target": -13.15994124490714, "params": {"C": 5.911148653943371, "epsilon": 5.514084536391669, "gamma": 0.21943473275730432, "lamda": 0.8353515441119849}, "datetime": {"datetime": "2021-06-28 09:44:32", "elapsed": 825.52016, "delta": 1.223981}}
{"target": -15.236545024752479, "params": {"C": 5.659743914883731, "epsilon": 5.697532020237757, "gamma": 0.46554181533902433, "lamda": 0.7959590573738083}, "datetime": {"datetime": "2021-06-28 09:44:33", "elapsed": 826.689108, "delta": 1.168948}}
{"target": -15.106372071192146, "params": {"C": 1.3400809601532604, "epsilon": 2.7507667642599443, "gamma": 0.23373007576078053, "lamda": 0.13372959443820115}, "datetime": {"datetime": "2021-06-28 09:44:34", "elapsed": 827.716272, "delta": 1.027164}}
{"target": -14.646082048659265, "params": {"C": 5.703183699195495, "epsilon": 5.653990485970719, "gamma": 0.4009718280043269, "lamda": 0.640472020381535}, "datetime": {"datetime": "2021-06-28 09:44:36", "elapsed": 829.247851, "delta": 1.531579}}
