{"target": -22.35546383417486, "params": {"C": 16.03192476813819, "epsilon": 10.792482733111996, "gamma": 0.819518863061089, "lamda": 0.01}, "datetime": {"datetime": "2021-06-28 18:24:17", "elapsed": 1534.105652, "delta": 3.650654}}
{"target": -63.14860814724196, "params": {"C": 25.32904099388486, "epsilon": 15.61052915597491, "gamma": 0.088171365728298, "lamda": 0.19896490730350133}, "datetime": {"datetime": "2021-06-28 18:24:30", "elapsed": 1546.548446, "delta": 12.442794}}
{"target": -14.817726282576418, "params": {"C": 21.41894105239495, "epsilon": 11.515329588775565, "gamma": 0.15152027091160675, "lamda": 0.0153012117400614}, "datetime": {"datetime": "2021-06-28 18:24:35", "elapsed": 1551.847664, "delta": 5.299218}}
{"target": -35.23663857256561, "params": {"C": 15.617528964818646, "epsilon": 10.822159833280162, "gamma": 0.39764435306636914, "lamda": 0.8333541067944961}, "datetime": {"datetime": "2021-06-28 18:24:50", "elapsed": 1567.358818, "delta": 15.511154}}
{"target": -23.643737773326624, "params": {"C": 24.56017279993151, "epsilon": 3.507036052855103, "gamma": 1.0, "lamda": 0.01}, "datetime": {"datetime": "2021-06-28 18:25:10", "elapsed": 1586.991207, "delta": 19.632389}}
{"target": -21.954891822864074, "params": {"C": 47.51375920546865, "epsilon": 3.8913693557722464, "gamma": 0.7335359934495053, "lamda": 1.0}, "datetime": {"datetime": "2021-06-28 18:25:17", "elapsed": 1594.49891, "delta": 7.507703}}
{"target": -22.702713454835663, "params": {"C": 41.62893066001327, "epsilon": 13.70562629912693, "gamma": 0.8971791613407759, "lamda": 0.8391073234559127}, "datetime": {"datetime": "2021-06-28 18:25:20", "elapsed": 1596.992722, "delta": 2.493812}}
{"target": -22.916295652899326, "params": {"C": 31.36427708484738, "epsilon": 11.836096716638933, "gamma": 0.9205205620304282, "lamda": 0.09929153717715367}, "datetime": {"datetime": "2021-06-28 18:25:23", "elapsed": 1599.560259, "delta": 2.567537}}
{"target": -71.16680506762465, "params": {"C": 18.071991133041607, "epsilon": 7.416631213759483, "gamma": 0.08571867308739492, "lamda": 0.6122637825345078}, "datetime": {"datetime": "2021-06-28 18:25:48", "elapsed": 1624.700197, "delta": 25.139938}}
{"target": -23.384165472204412, "params": {"C": 23.052064901186, "epsilon": 11.961334216560502, "gamma": 1.0, "lamda": 0.760618595096144}, "datetime": {"datetime": "2021-06-28 18:25:56", "elapsed": 1632.893876, "delta": 8.193679}}
{"target": -23.33555748971224, "params": {"C": 24.862865137617685, "epsilon": 4.357517116972968, "gamma": 0.951223709234319, "lamda": 0.7889362904374408}, "datetime": {"datetime": "2021-06-28 18:26:11", "elapsed": 1647.619674, "delta": 14.725798}}
{"target": -18.174047358822058, "params": {"C": 25.84418672891645, "epsilon": 16.65724842900783, "gamma": 0.33780804104377987, "lamda": 0.38106301092488404}, "datetime": {"datetime": "2021-06-28 18:26:15", "elapsed": 1651.728429, "delta": 4.108755}}
{"target": -22.94485606791669, "params": {"C": 24.669440880052605, "epsilon": 5.968566198067561, "gamma": 0.9011447705852217, "lamda": 0.016384133396231727}, "datetime": {"datetime": "2021-06-28 18:26:24", "elapsed": 1660.932116, "delta": 9.203687}}
{"target": -46.74863756957677, "params": {"C": 30.388883217701277, "epsilon": 6.746171712617702, "gamma": 0.18009122395837152, "lamda": 0.3372957970493727}, "datetime": {"datetime": "2021-06-28 18:26:48", "elapsed": 1684.554983, "delta": 23.622867}}
{"target": -20.102729679238017, "params": {"C": 36.13123406510546, "epsilon": 17.841976684849456, "gamma": 0.5116472449179427, "lamda": 0.46829705923082304}, "datetime": {"datetime": "2021-06-28 18:26:53", "elapsed": 1689.759521, "delta": 5.204538}}
{"target": -23.066018052676363, "params": {"C": 28.65989758476136, "epsilon": 1.9829400353882023, "gamma": 0.8975048497236384, "lamda": 0.5731639645035389}, "datetime": {"datetime": "2021-06-28 18:27:01", "elapsed": 1698.140494, "delta": 8.380973}}
{"target": -23.346081684855243, "params": {"C": 44.81961716248382, "epsilon": 13.347439994859286, "gamma": 1.0, "lamda": 0.022600235219325013}, "datetime": {"datetime": "2021-06-28 18:27:07", "elapsed": 1704.277255, "delta": 6.136761}}
{"target": -57.06668258356, "params": {"C": 48.91481819816852, "epsilon": 19.41988100181727, "gamma": 0.12510488941169498, "lamda": 0.35027035025208175}, "datetime": {"datetime": "2021-06-28 18:27:27", "elapsed": 1724.44623, "delta": 20.168975}}
{"target": -46.8334613172751, "params": {"C": 45.42318020270601, "epsilon": 8.60821468683072, "gamma": 0.18369545632227846, "lamda": 0.5667475648576714}, "datetime": {"datetime": "2021-06-28 18:27:36", "elapsed": 1732.834077, "delta": 8.387847}}
{"target": -17.46407801948413, "params": {"C": 17.999917018331093, "epsilon": 4.832580273263625, "gamma": 0.24793683167985314, "lamda": 0.26291989365436896}, "datetime": {"datetime": "2021-06-28 18:27:37", "elapsed": 1734.389939, "delta": 1.555862}}
{"target": -11.444070298266663, "params": {"C": 19.4146388861517, "epsilon": 3.33382896665488, "gamma": 0.01, "lamda": 0.01}, "datetime": {"datetime": "2021-06-28 18:27:41", "elapsed": 1737.944586, "delta": 3.554647}}
{"target": -15.935605546161868, "params": {"C": 19.52690184837237, "epsilon": 3.9544396328754985, "gamma": 0.18075728573207944, "lamda": 0.17992167806176826}, "datetime": {"datetime": "2021-06-28 18:27:45", "elapsed": 1741.752917, "delta": 3.808331}}
{"target": -21.526757839312545, "params": {"C": 23.606790027611652, "epsilon": 3.065512416883057, "gamma": 0.6578738818635683, "lamda": 0.49347815888340374}, "datetime": {"datetime": "2021-06-28 18:27:47", "elapsed": 1743.778598, "delta": 2.025681}}
{"target": -20.328712132352265, "params": {"C": 25.677801873347946, "epsilon": 17.254075409266424, "gamma": 0.5357935994483367, "lamda": 0.43017696552482493}, "datetime": {"datetime": "2021-06-28 18:27:50", "elapsed": 1746.746223, "delta": 2.967625}}
{"target": -23.071934741141163, "params": {"C": 15.115305098543272, "epsilon": 15.895984435292618, "gamma": 0.9661084357436781, "lamda": 0.41865345490242273}, "datetime": {"datetime": "2021-06-28 18:27:51", "elapsed": 1748.328298, "delta": 1.582075}}
{"target": -78.74589121424825, "params": {"C": 47.72371976073333, "epsilon": 10.449997827045602, "gamma": 0.06646791210598692, "lamda": 0.3222869513164183}, "datetime": {"datetime": "2021-06-28 18:28:01", "elapsed": 1757.839666, "delta": 9.511368}}
{"target": -19.93947399783551, "params": {"C": 33.997870644953935, "epsilon": 11.442775311574927, "gamma": 0.4766930510756654, "lamda": 0.7506722923955902}, "datetime": {"datetime": "2021-06-28 18:28:03", "elapsed": 1759.542253, "delta": 1.702587}}
{"target": -11.507698973765942, "params": {"C": 25.699109873088844, "epsilon": 6.4913311774391245, "gamma": 0.01, "lamda": 0.01}, "datetime": {"datetime": "2021-06-28 18:28:06", "elapsed": 1762.869391, "delta": 3.327138}}
{"target": -20.078131773056622, "params": {"C": 26.064205154674124, "epsilon": 6.52109290785703, "gamma": 0.48054523874405614, "lamda": 0.01}, "datetime": {"datetime": "2021-06-28 18:28:09", "elapsed": 1765.854616, "delta": 2.985225}}
{"target": -14.42770817911705, "params": {"C": 25.089581308823583, "epsilon": 6.890382653485802, "gamma": 0.12678977994431956, "lamda": 0.022102724020145133}, "datetime": {"datetime": "2021-06-28 18:28:12", "elapsed": 1768.720089, "delta": 2.865473}}
{"target": -22.36428487513017, "params": {"C": 17.83743918090868, "epsilon": 16.737753091734422, "gamma": 0.8412086960328647, "lamda": 0.28716385038426145}, "datetime": {"datetime": "2021-06-28 18:28:13", "elapsed": 1770.322011, "delta": 1.601922}}
{"target": -35.31427351969394, "params": {"C": 38.77601157191549, "epsilon": 8.15637543282487, "gamma": 0.5404832510173603, "lamda": 0.7082385835684769}, "datetime": {"datetime": "2021-06-28 18:28:21", "elapsed": 1777.864141, "delta": 7.54213}}
{"target": -11.348303171614942, "params": {"C": 25.103437420540054, "epsilon": 6.2506754812567475, "gamma": 0.01, "lamda": 0.01}, "datetime": {"datetime": "2021-06-28 18:28:25", "elapsed": 1781.597045, "delta": 3.732904}}
{"target": -44.0356527013624, "params": {"C": 44.45680063083353, "epsilon": 13.846167940312627, "gamma": 0.18009075638513314, "lamda": 0.40006837837249876}, "datetime": {"datetime": "2021-06-28 18:28:41", "elapsed": 1797.856255, "delta": 16.25921}}
{"target": -56.127761484830344, "params": {"C": 25.96968667610865, "epsilon": 7.061895536932537, "gamma": 0.13505190069861298, "lamda": 0.44843003071619075}, "datetime": {"datetime": "2021-06-28 18:28:52", "elapsed": 1809.120917, "delta": 11.264662}}
{"target": -22.82896473636778, "params": {"C": 47.16197262626756, "epsilon": 3.8130171542577864, "gamma": 0.8627841352699394, "lamda": 0.24582227517383554}, "datetime": {"datetime": "2021-06-28 18:28:56", "elapsed": 1813.311245, "delta": 4.190328}}
{"target": -56.30213058703974, "params": {"C": 19.33093590311576, "epsilon": 3.6146361116482977, "gamma": 0.12526265470857115, "lamda": 0.5776958105312413}, "datetime": {"datetime": "2021-06-28 18:29:13", "elapsed": 1829.918711, "delta": 16.607466}}
{"target": -80.12699613658975, "params": {"C": 16.092179025400824, "epsilon": 11.156207680171105, "gamma": 0.05322829852585159, "lamda": 0.04261013134854532}, "datetime": {"datetime": "2021-06-28 18:29:30", "elapsed": 1847.283687, "delta": 17.364976}}
{"target": -78.38486536714953, "params": {"C": 17.08511002351287, "epsilon": 14.686165375401004, "gamma": 0.010113231069171438, "lamda": 0.30930924690552136}, "datetime": {"datetime": "2021-06-28 18:33:12", "elapsed": 0.0, "delta": 0.0}}
{"target": -16.02611660032462, "params": {"C": 15.733779454085566, "epsilon": 2.7544333006071584, "gamma": 0.1943976092638942, "lamda": 0.35210511977261727}, "datetime": {"datetime": "2021-06-28 18:33:12", "elapsed": 0.335953, "delta": 0.335953}}
{"target": -34.45741451643154, "params": {"C": 16.98383737115335, "epsilon": 11.237517946063782, "gamma": 0.4250025692592619, "lamda": 0.6883673053927919}, "datetime": {"datetime": "2021-06-28 18:33:19", "elapsed": 7.701636, "delta": 7.365683}}
{"target": -18.793291288302, "params": {"C": 15.65178757220775, "epsilon": 2.6607390070731363, "gamma": 0.37820224194876373, "lamda": 0.40984480117566224}, "datetime": {"datetime": "2021-06-28 18:33:21", "elapsed": 9.247237, "delta": 1.545601}}
{"target": -11.54394420593415, "params": {"C": 16.987644112007384, "epsilon": 5.427641204457485, "gamma": 0.01, "lamda": 0.01}, "datetime": {"datetime": "2021-06-28 18:33:22", "elapsed": 9.827162, "delta": 0.579925}}
{"target": -11.603779771941795, "params": {"C": 19.861184349753422, "epsilon": 2.663813357465334, "gamma": 0.01, "lamda": 0.01}, "datetime": {"datetime": "2021-06-28 18:33:23", "elapsed": 10.782976, "delta": 0.955814}}
{"target": -23.52025136362864, "params": {"C": 20.0, "epsilon": 7.232264397599076, "gamma": 1.0, "lamda": 1.0}, "datetime": {"datetime": "2021-06-28 18:33:23", "elapsed": 11.652315, "delta": 0.869339}}
{"target": -34.18083206425704, "params": {"C": 15.0, "epsilon": 7.761694822731895, "gamma": 1.0, "lamda": 1.0}, "datetime": {"datetime": "2021-06-28 18:34:58", "elapsed": 106.139794, "delta": 94.487479}}
{"target": -91.77799968224228, "params": {"C": 18.4972205611245, "epsilon": 1.0011468434293596, "gamma": 0.05402696996790005, "lamda": 0.9142634112405532}, "datetime": {"datetime": "2021-06-28 18:35:34", "elapsed": 141.977161, "delta": 35.837367}}
{"target": -10.939823312732873, "params": {"C": 18.659799277920616, "epsilon": 4.280165532305474, "gamma": 0.03451481463956374, "lamda": 0.01}, "datetime": {"datetime": "2021-06-28 18:35:36", "elapsed": 143.789788, "delta": 1.812627}}
{"target": -23.617098837042942, "params": {"C": 20.0, "epsilon": 4.242430021625062, "gamma": 1.0, "lamda": 0.01}, "datetime": {"datetime": "2021-06-28 18:35:37", "elapsed": 145.091353, "delta": 1.301565}}
{"target": -84.02242842312542, "params": {"C": 15.34397767086459, "epsilon": 4.611239613362536, "gamma": 0.01, "lamda": 1.0}, "datetime": {"datetime": "2021-06-28 18:36:06", "elapsed": 174.542768, "delta": 29.451415}}
{"target": -18.079776174917768, "params": {"C": 18.275681102381377, "epsilon": 5.601496140329206, "gamma": 0.3151713993561483, "lamda": 0.01}, "datetime": {"datetime": "2021-06-28 18:36:07", "elapsed": 175.661323, "delta": 1.118555}}
{"target": -22.930368211350295, "params": {"C": 17.38233442013786, "epsilon": 4.0884659404854675, "gamma": 0.8861307804891516, "lamda": 0.07951945704167417}, "datetime": {"datetime": "2021-06-28 18:36:09", "elapsed": 176.80679, "delta": 1.145467}}
{"target": -86.49283600362638, "params": {"C": 17.08511002351287, "epsilon": 12.20324493442158, "gamma": 0.010113231069171438, "lamda": 0.30930924690552136}, "datetime": {"datetime": "2021-06-28 18:38:07", "elapsed": 0.0, "delta": 0.0}}
{"target": -42.784113038075574, "params": {"C": 15.733779454085566, "epsilon": 5.9233859476879775, "gamma": 0.1943976092638942, "lamda": 0.35210511977261727}, "datetime": {"datetime": "2021-06-28 18:38:24", "elapsed": 16.768451, "delta": 16.768451}}
{"target": -35.5319074863303, "params": {"C": 16.98383737115335, "epsilon": 10.388167340033569, "gamma": 0.4250025692592619, "lamda": 0.6883673053927919}, "datetime": {"datetime": "2021-06-28 18:38:31", "elapsed": 23.841252, "delta": 7.072801}}
{"target": -21.74887146680275, "params": {"C": 15.038599279920605, "epsilon": 6.6186093421269625, "gamma": 0.7122753438282984, "lamda": 0.767089490401685}, "datetime": {"datetime": "2021-06-28 18:38:32", "elapsed": 25.392005, "delta": 1.550753}}
{"target": -35.10332566850226, "params": {"C": 15.447160501323658, "epsilon": 7.180235144574664, "gamma": 0.6044881883328626, "lamda": 0.7052251529313515}, "datetime": {"datetime": "2021-06-28 18:38:50", "elapsed": 43.059077, "delta": 17.667072}}
{"target": -23.307123262326016, "params": {"C": 15.002594376921579, "epsilon": 5.59014837624847, "gamma": 0.9542013401875278, "lamda": 0.8069714288533566}, "datetime": {"datetime": "2021-06-28 18:38:51", "elapsed": 44.189022, "delta": 1.129945}}
{"target": -23.47082435037755, "params": {"C": 18.261410227633732, "epsilon": 8.895770308943575, "gamma": 1.0, "lamda": 1.0}, "datetime": {"datetime": "2021-06-28 18:38:52", "elapsed": 45.424972, "delta": 1.23595}}
{"target": -38.653912758279894, "params": {"C": 19.99589963303906, "epsilon": 8.45938786812863, "gamma": 0.28114711850550644, "lamda": 0.8982213474083504}, "datetime": {"datetime": "2021-06-28 18:39:13", "elapsed": 66.320538, "delta": 20.895566}}
{"target": -91.08803606062939, "params": {"C": 17.6638696377782, "epsilon": 8.634971921891538, "gamma": 0.05581762431927944, "lamda": 0.16023237917859487}, "datetime": {"datetime": "2021-06-28 18:39:30", "elapsed": 83.586835, "delta": 17.266297}}
{"target": -23.45853172329654, "params": {"C": 19.032517035355152, "epsilon": 9.320195568008122, "gamma": 1.0, "lamda": 1.0}, "datetime": {"datetime": "2021-06-28 18:39:32", "elapsed": 84.66131, "delta": 1.074475}}
{"target": -23.434884232764357, "params": {"C": 18.252548569771157, "epsilon": 10.136668094877795, "gamma": 1.0, "lamda": 1.0}, "datetime": {"datetime": "2021-06-28 18:39:33", "elapsed": 85.675377, "delta": 1.014067}}
{"target": -23.386032172529504, "params": {"C": 19.693199125577227, "epsilon": 10.759656315581518, "gamma": 0.99522616269647, "lamda": 0.877926416250381}, "datetime": {"datetime": "2021-06-28 18:39:33", "elapsed": 86.290817, "delta": 0.61544}}
{"target": -22.6192080894601, "params": {"C": 19.906203017939337, "epsilon": 12.413661760703862, "gamma": 0.8691195643336084, "lamda": 0.9907836813749552}, "datetime": {"datetime": "2021-06-28 18:39:34", "elapsed": 86.851159, "delta": 0.560342}}
{"target": -22.604460469513647, "params": {"C": 19.935783133996516, "epsilon": 13.821615778578822, "gamma": 0.8767609967186681, "lamda": 0.28965579110023243}, "datetime": {"datetime": "2021-06-28 18:39:34", "elapsed": 87.544086, "delta": 0.692927}}
{"target": -21.872277163899962, "params": {"C": 19.18636011281542, "epsilon": 14.978168155451836, "gamma": 0.7623218090228604, "lamda": 0.9705501072952691}, "datetime": {"datetime": "2021-06-28 18:39:35", "elapsed": 88.367033, "delta": 0.822947}}
{"target": -23.30145718724269, "params": {"C": 18.07027819863132, "epsilon": 15.0, "gamma": 1.0, "lamda": 0.01}, "datetime": {"datetime": "2021-06-28 18:39:36", "elapsed": 89.008269, "delta": 0.641236}}
{"target": -11.211501363200567, "params": {"C": 20.0, "epsilon": 15.0, "gamma": 0.01, "lamda": 0.01}, "datetime": {"datetime": "2021-06-28 18:39:37", "elapsed": 89.942694, "delta": 0.934425}}
{"target": -23.591852107461804, "params": {"C": 20.0, "epsilon": 5.0, "gamma": 1.0, "lamda": 1.0}, "datetime": {"datetime": "2021-06-28 18:39:38", "elapsed": 90.805849, "delta": 0.863155}}
{"target": -23.301457187365337, "params": {"C": 20.0, "epsilon": 15.0, "gamma": 1.0, "lamda": 0.01}, "datetime": {"datetime": "2021-06-28 18:39:39", "elapsed": 92.023559, "delta": 1.21771}}
{"target": -23.301457187068486, "params": {"C": 15.0, "epsilon": 15.0, "gamma": 1.0, "lamda": 1.0}, "datetime": {"datetime": "2021-06-28 18:39:40", "elapsed": 93.285817, "delta": 1.262258}}
{"target": -10.980997548076163, "params": {"C": 18.977616221877277, "epsilon": 14.474916891151658, "gamma": 0.01, "lamda": 0.01}, "datetime": {"datetime": "2021-06-28 18:39:41", "elapsed": 94.375196, "delta": 1.089379}}
{"target": -83.4706600508014, "params": {"C": 20.0, "epsilon": 14.173007405593077, "gamma": 0.01, "lamda": 1.0}, "datetime": {"datetime": "2021-06-28 18:40:03", "elapsed": 116.328604, "delta": 21.953408}}
{"target": -22.314735247506267, "params": {"C": 19.252725263150516, "epsilon": 14.9605926735598, "gamma": 0.828731956854013, "lamda": 0.8789638294479475}, "datetime": {"datetime": "2021-06-28 18:40:04", "elapsed": 116.913559, "delta": 0.584955}}
{"target": -22.84711034087828, "params": {"C": 18.982135157480393, "epsilon": 14.252401905127002, "gamma": 0.9195295791086195, "lamda": 0.01884687683788397}, "datetime": {"datetime": "2021-06-28 18:40:05", "elapsed": 118.547123, "delta": 1.633564}}
{"target": -82.34566040288829, "params": {"C": 18.386694516010813, "epsilon": 14.95715735472477, "gamma": 0.05942082489976711, "lamda": 0.4187491323556581}, "datetime": {"datetime": "2021-06-28 18:40:21", "elapsed": 134.177232, "delta": 15.630109}}
{"target": -16.474222681087706, "params": {"C": 19.48739796340587, "epsilon": 14.686476268371806, "gamma": 0.20445266325239025, "lamda": 0.01}, "datetime": {"datetime": "2021-06-28 18:40:22", "elapsed": 135.475596, "delta": 1.298364}}
{"target": -18.253853299358493, "params": {"C": 19.419442243224864, "epsilon": 14.021902423478199, "gamma": 0.3448129220174517, "lamda": 0.04745988915653346}, "datetime": {"datetime": "2021-06-28 18:40:24", "elapsed": 137.200189, "delta": 1.724593}}
{"target": -14.882813662067157, "params": {"C": 18.916687272550206, "epsilon": 13.455989339585935, "gamma": 0.15822586241880673, "lamda": 0.037113004713240555}, "datetime": {"datetime": "2021-06-28 18:40:29", "elapsed": 142.139043, "delta": 4.938854}}
{"target": -22.46914122627953, "params": {"C": 19.264612044493656, "epsilon": 13.235896066703011, "gamma": 0.845714863545885, "lamda": 0.01}, "datetime": {"datetime": "2021-06-28 18:40:30", "elapsed": 143.625348, "delta": 1.486305}}
{"target": -23.109774267702836, "params": {"C": 17.696322632844637, "epsilon": 8.920727392233188, "gamma": 0.9378754148032576, "lamda": 0.4274359737682861}, "datetime": {"datetime": "2021-06-28 18:40:31", "elapsed": 144.290924, "delta": 0.665576}}
{"target": -18.19874896367562, "params": {"C": 17.44249514425841, "epsilon": 5.641948407232081, "gamma": 0.3363403665417363, "lamda": 0.6437790158241187}, "datetime": {"datetime": "2021-06-28 18:40:32", "elapsed": 144.997046, "delta": 0.706122}}
{"target": -20.447764292138647, "params": {"C": 18.628336654807917, "epsilon": 13.765138490281814, "gamma": 0.5378090552774101, "lamda": 0.3747441202082785}, "datetime": {"datetime": "2021-06-28 18:40:33", "elapsed": 146.323655, "delta": 1.326609}}
{"target": -21.68766780766438, "params": {"C": 18.275316591781838, "epsilon": 7.177506981448537, "gamma": 0.7056286014839862, "lamda": 0.9079277040355556}, "datetime": {"datetime": "2021-06-28 18:40:34", "elapsed": 146.974512, "delta": 0.650857}}
{"target": -19.05746803635813, "params": {"C": 17.765134607986294, "epsilon": 6.3235602080291375, "gamma": 0.4058423535545805, "lamda": 0.959356561718276}, "datetime": {"datetime": "2021-06-28 18:40:35", "elapsed": 148.024106, "delta": 1.049594}}
{"target": -21.94002843015574, "params": {"C": 17.979719944011958, "epsilon": 6.040814024789449, "gamma": 0.7389738338801751, "lamda": 0.28796102577720006}, "datetime": {"datetime": "2021-06-28 18:40:36", "elapsed": 149.371594, "delta": 1.347488}}
{"target": -21.747404087693177, "params": {"C": 16.798322328531597, "epsilon": 10.0694290271477, "gamma": 0.7275879010741872, "lamda": 0.5257213908147264}, "datetime": {"datetime": "2021-06-28 18:40:37", "elapsed": 150.137908, "delta": 0.766314}}
{"target": -17.693043812410554, "params": {"C": 19.363855167957393, "epsilon": 13.978992198947116, "gamma": 0.273721555012559, "lamda": 0.07687805796122459}, "datetime": {"datetime": "2021-06-28 18:40:38", "elapsed": 150.790426, "delta": 0.652518}}
{"target": -21.857410255657094, "params": {"C": 19.653510905102284, "epsilon": 14.12490410941593, "gamma": 0.757393307458371, "lamda": 0.6924553176129433}, "datetime": {"datetime": "2021-06-28 18:40:38", "elapsed": 151.440108, "delta": 0.649682}}
{"target": -21.94559609504637, "params": {"C": 16.966756569702994, "epsilon": 14.444651664242405, "gamma": 0.7672900022050823, "lamda": 0.7883717402842966}, "datetime": {"datetime": "2021-06-28 18:40:39", "elapsed": 152.059037, "delta": 0.618929}}
{"target": -18.66936168710965, "params": {"C": 16.750762129513785, "epsilon": 14.429185091601447, "gamma": 0.3855537910819301, "lamda": 0.29649538158216354}, "datetime": {"datetime": "2021-06-28 18:40:41", "elapsed": 153.850245, "delta": 1.791208}}
