{"target": -19.88261047874499, "params": {"C": 6.610709427305373, "epsilon": 17.35930637678052, "gamma": 0.5240448773860057, "lamda": 0.45653003981839063}, "datetime": {"datetime": "2021-06-28 17:47:15", "elapsed": 559.251403, "delta": 1.006309}}
{"target": -77.68503128336766, "params": {"C": 13.37790235703062, "epsilon": 4.082351207455998, "gamma": 0.06906707801797864, "lamda": 0.5020256666021656}, "datetime": {"datetime": "2021-06-28 17:47:22", "elapsed": 566.974747, "delta": 7.723344}}
{"target": -35.02070183418388, "params": {"C": 1.6183674995217516, "epsilon": 7.981061506106337, "gamma": 0.6571288271222043, "lamda": 0.8002654292934736}, "datetime": {"datetime": "2021-06-28 17:47:32", "elapsed": 576.267261, "delta": 9.292514}}
{"target": -23.089948294409165, "params": {"C": 1.128823474965002, "epsilon": 11.946575379251113, "gamma": 0.8227460623527908, "lamda": 0.8952527020596361}, "datetime": {"datetime": "2021-06-28 17:47:32", "elapsed": 577.121975, "delta": 0.854714}}
{"target": -21.975939971619958, "params": {"C": 6.130060743375867, "epsilon": 15.97342032937178, "gamma": 0.8092969620356981, "lamda": 0.7010426744584661}, "datetime": {"datetime": "2021-06-28 17:47:33", "elapsed": 577.941781, "delta": 0.819806}}
{"target": -23.433170082743356, "params": {"C": 1.9004430360742495, "epsilon": 7.807915257012228, "gamma": 0.8658490748748853, "lamda": 0.2671460808697918}, "datetime": {"datetime": "2021-06-28 17:47:34", "elapsed": 579.094699, "delta": 1.152918}}
{"target": -22.37985497608645, "params": {"C": 9.564432707519046, "epsilon": 16.936438521609624, "gamma": 0.8590551364651912, "lamda": 0.1704962159253705}, "datetime": {"datetime": "2021-06-28 17:47:35", "elapsed": 580.026208, "delta": 0.931509}}
{"target": -18.892349508881683, "params": {"C": 18.9870117244437, "epsilon": 7.158342664868419, "gamma": 0.3941587996579484, "lamda": 0.10245031460199408}, "datetime": {"datetime": "2021-06-28 17:47:36", "elapsed": 581.070414, "delta": 1.044206}}
{"target": -18.13318282292747, "params": {"C": 10.36720951315871, "epsilon": 11.748975402694674, "gamma": 0.3401624300778523, "lamda": 0.04389966859150419}, "datetime": {"datetime": "2021-06-28 17:47:38", "elapsed": 582.375923, "delta": 1.305509}}
{"target": -22.57639796537804, "params": {"C": 15.408896128772355, "epsilon": 15.698659337126866, "gamma": 0.8812120839574694, "lamda": 0.17452222160926717}, "datetime": {"datetime": "2021-06-28 17:47:39", "elapsed": 583.206702, "delta": 0.830779}}
{"target": -19.617152930649773, "params": {"C": 18.97121598344358, "epsilon": 7.123790233537256, "gamma": 0.4445608136875104, "lamda": 0.06020074859397719}, "datetime": {"datetime": "2021-06-28 17:47:39", "elapsed": 584.042467, "delta": 0.835765}}
{"target": -18.734709402691344, "params": {"C": 4.651584848655275, "epsilon": 10.607693935489843, "gamma": 0.41650307601084474, "lamda": 0.14112647499884381}, "datetime": {"datetime": "2021-06-28 17:47:41", "elapsed": 585.306088, "delta": 1.263621}}
{"target": -44.39113083258711, "params": {"C": 10.387631941198775, "epsilon": 19.537874908785234, "gamma": 0.17944790943375538, "lamda": 0.35232123337542537}, "datetime": {"datetime": "2021-06-28 17:47:49", "elapsed": 593.294724, "delta": 7.988636}}
{"target": -21.3086122943807, "params": {"C": 14.73228009783941, "epsilon": 18.469759526549737, "gamma": 0.6797046206349029, "lamda": 0.24695634998665134}, "datetime": {"datetime": "2021-06-28 17:47:49", "elapsed": 594.100568, "delta": 0.805844}}
{"target": -21.43223450269188, "params": {"C": 6.163809958367213, "epsilon": 15.975480518606854, "gamma": 0.7421521255655242, "lamda": 0.6835963866994935}, "datetime": {"datetime": "2021-06-28 17:47:51", "elapsed": 595.133805, "delta": 1.033237}}
{"target": -19.953251122556626, "params": {"C": 6.094304203375893, "epsilon": 16.475907282468633, "gamma": 0.5355141524006274, "lamda": 0.7241767337705245}, "datetime": {"datetime": "2021-06-28 17:47:51", "elapsed": 595.995501, "delta": 0.861696}}
{"target": -20.015511453349056, "params": {"C": 7.488253119389302, "epsilon": 16.520936380845406, "gamma": 0.5418497085883309, "lamda": 0.11863633365221204}, "datetime": {"datetime": "2021-06-28 17:47:52", "elapsed": 597.070626, "delta": 1.075125}}
{"target": -22.67817392306722, "params": {"C": 13.24246726724284, "epsilon": 2.4749324297817656, "gamma": 0.8320460402362954, "lamda": 0.6685530716188453}, "datetime": {"datetime": "2021-06-28 17:47:53", "elapsed": 598.007121, "delta": 0.936495}}
{"target": -22.057517474811526, "params": {"C": 5.828925157086828, "epsilon": 4.53194232000018, "gamma": 0.7472187790215213, "lamda": 0.6993613813004189}, "datetime": {"datetime": "2021-06-28 17:47:54", "elapsed": 598.898744, "delta": 0.891623}}
{"target": -13.054472858282749, "params": {"C": 2.646908614693043, "epsilon": 15.624947094013702, "gamma": 0.1028773023443372, "lamda": 0.46223027524846577}, "datetime": {"datetime": "2021-06-28 17:47:55", "elapsed": 599.800327, "delta": 0.901583}}
{"target": -23.087338407273357, "params": {"C": 5.891373988600182, "epsilon": 4.664770005336317, "gamma": 0.8822843220388259, "lamda": 0.035015083960937915}, "datetime": {"datetime": "2021-06-28 17:47:56", "elapsed": 600.831569, "delta": 1.031242}}
{"target": -14.677376626869837, "params": {"C": 15.02526663449762, "epsilon": 2.6127722312304575, "gamma": 0.15279361481624218, "lamda": 0.3843324582591751}, "datetime": {"datetime": "2021-06-28 17:47:57", "elapsed": 601.77305, "delta": 0.941481}}
{"target": -16.72045959756522, "params": {"C": 9.032810820956533, "epsilon": 1.5377905072754978, "gamma": 0.24804966111339732, "lamda": 0.6564107876787552}, "datetime": {"datetime": "2021-06-28 17:47:58", "elapsed": 602.991792, "delta": 1.218742}}
{"target": -37.52635827491069, "params": {"C": 14.79360006519533, "epsilon": 7.58538392649459, "gamma": 0.3077996507414098, "lamda": 0.7988449338699227}, "datetime": {"datetime": "2021-06-28 17:48:06", "elapsed": 610.233425, "delta": 7.241633}}
{"target": -36.60550975766739, "params": {"C": 13.154420666054426, "epsilon": 6.35344834327602, "gamma": 0.3761051162081396, "lamda": 0.7488036202803627}, "datetime": {"datetime": "2021-06-28 17:48:13", "elapsed": 617.937584, "delta": 7.704159}}
{"target": -23.46445063580779, "params": {"C": 4.900774101037079, "epsilon": 9.709449612516561, "gamma": 0.9885755848116896, "lamda": 0.9381093236689786}, "datetime": {"datetime": "2021-06-28 17:48:14", "elapsed": 618.831193, "delta": 0.893609}}
{"target": -22.23634376116376, "params": {"C": 3.79101323830203, "epsilon": 19.663862139374114, "gamma": 0.8927073571045121, "lamda": 0.37466583837274076}, "datetime": {"datetime": "2021-06-28 17:48:15", "elapsed": 619.911306, "delta": 1.080113}}
{"target": -22.39592541512836, "params": {"C": 8.82436960288358, "epsilon": 16.24388677954045, "gamma": 0.8685275005549923, "lamda": 0.19928872529397448}, "datetime": {"datetime": "2021-06-28 17:48:16", "elapsed": 621.065219, "delta": 1.153913}}
{"target": -21.861387188332575, "params": {"C": 11.59269219736904, "epsilon": 16.337173220757116, "gamma": 0.7727802850294639, "lamda": 0.5487568202148759}, "datetime": {"datetime": "2021-06-28 17:48:18", "elapsed": 622.224125, "delta": 1.158906}}
{"target": -21.02138101517188, "params": {"C": 7.81895100245469, "epsilon": 14.784120995144768, "gamma": 0.6597093921633439, "lamda": 0.04658481441858293}, "datetime": {"datetime": "2021-06-28 17:48:18", "elapsed": 623.09579, "delta": 0.871665}}
{"target": -20.166105189393445, "params": {"C": 6.9664288922777935, "epsilon": 11.501479035453276, "gamma": 0.5375138612076286, "lamda": 0.5768377062722276}, "datetime": {"datetime": "2021-06-28 17:48:19", "elapsed": 624.028295, "delta": 0.932505}}
{"target": -50.702004365506426, "params": {"C": 10.100640957844647, "epsilon": 15.522840722508187, "gamma": 0.14088998631937055, "lamda": 0.20962918340181816}, "datetime": {"datetime": "2021-06-28 17:48:24", "elapsed": 628.889296, "delta": 4.861001}}
{"target": -20.661857193540655, "params": {"C": 15.655972718922946, "epsilon": 10.744078373327838, "gamma": 0.5521120661570357, "lamda": 0.41001187933421096}, "datetime": {"datetime": "2021-06-28 17:48:25", "elapsed": 629.975393, "delta": 1.086097}}
{"target": -37.32093653293727, "params": {"C": 6.743278236035546, "epsilon": 9.78009944019066, "gamma": 0.3008694452322143, "lamda": 0.7578871139287547}, "datetime": {"datetime": "2021-06-28 17:48:32", "elapsed": 636.982655, "delta": 7.007262}}
{"target": -18.869205817214542, "params": {"C": 13.88893651983574, "epsilon": 9.901703975930179, "gamma": 0.390796087456577, "lamda": 0.035425022063576686}, "datetime": {"datetime": "2021-06-28 17:48:33", "elapsed": 638.022871, "delta": 1.040216}}
{"target": -22.789205819716337, "params": {"C": 18.769499265891962, "epsilon": 12.315766111745816, "gamma": 0.9064610084009984, "lamda": 0.07641429169388719}, "datetime": {"datetime": "2021-06-28 17:48:34", "elapsed": 638.938422, "delta": 0.915551}}
{"target": -21.39620281092191, "params": {"C": 6.296269818560294, "epsilon": 3.2773560437444638, "gamma": 0.6503760459414267, "lamda": 0.25167939701936054}, "datetime": {"datetime": "2021-06-28 17:48:35", "elapsed": 639.855971, "delta": 0.917549}}
{"target": -38.15595677052047, "params": {"C": 19.214484378980572, "epsilon": 15.128094538827119, "gamma": 0.27961963949506174, "lamda": 0.7346121199378773}, "datetime": {"datetime": "2021-06-28 17:48:42", "elapsed": 646.591956, "delta": 6.735985}}
{"target": -42.502540247569435, "params": {"C": 15.781348709226975, "epsilon": 11.244047490776552, "gamma": 0.20215457497261285, "lamda": 0.5888071246356675}, "datetime": {"datetime": "2021-06-28 17:48:49", "elapsed": 653.883456, "delta": 7.2915}}
{"target": -22.825486942054642, "params": {"C": 1.6085658254772919, "epsilon": 19.641328158558757, "gamma": 0.9599527790656027, "lamda": 0.13529951547614327}, "datetime": {"datetime": "2021-06-28 17:48:50", "elapsed": 654.78704, "delta": 0.903584}}
{"target": -45.982933184931355, "params": {"C": 10.602208153316667, "epsilon": 9.86409120299476, "gamma": 0.16363596981565467, "lamda": 0.6043115213879653}, "datetime": {"datetime": "2021-06-28 17:48:58", "elapsed": 662.822552, "delta": 8.035512}}
{"target": -21.70464113079155, "params": {"C": 2.789021899401603, "epsilon": 11.505003280971819, "gamma": 0.7233170266119299, "lamda": 0.8345098336289993}, "datetime": {"datetime": "2021-06-28 17:48:59", "elapsed": 664.017357, "delta": 1.194805}}
{"target": -22.903986800413183, "params": {"C": 17.804684060327286, "epsilon": 3.550226876481755, "gamma": 0.8778339797064106, "lamda": 0.8369441489063052}, "datetime": {"datetime": "2021-06-28 17:49:01", "elapsed": 665.192216, "delta": 1.174859}}
{"target": -16.28129208525468, "params": {"C": 6.873930683166437, "epsilon": 2.858894117872649, "gamma": 0.24146564818321956, "lamda": 0.11132562342334767}, "datetime": {"datetime": "2021-06-28 17:49:02", "elapsed": 666.44287, "delta": 1.250654}}
{"target": -19.421518021724935, "params": {"C": 4.049941810068459, "epsilon": 12.739717260441237, "gamma": 0.48334124702710124, "lamda": 0.5782659730033015}, "datetime": {"datetime": "2021-06-28 17:49:03", "elapsed": 667.450177, "delta": 1.007307}}
{"target": -15.869736733211651, "params": {"C": 4.101299448561276, "epsilon": 15.805957354944818, "gamma": 0.25188276394453374, "lamda": 0.47102545306059845}, "datetime": {"datetime": "2021-06-28 17:49:04", "elapsed": 668.4136, "delta": 0.963423}}
{"target": -19.432555865133345, "params": {"C": 7.008755612402546, "epsilon": 18.803887921762225, "gamma": 0.48203981475104685, "lamda": 0.6617995666971286}, "datetime": {"datetime": "2021-06-28 17:49:05", "elapsed": 669.589458, "delta": 1.175858}}
{"target": -18.328330061516972, "params": {"C": 5.774542415435139, "epsilon": 5.175061457864938, "gamma": 0.36416217753062213, "lamda": 0.23887726253547834}, "datetime": {"datetime": "2021-06-28 17:49:06", "elapsed": 670.827146, "delta": 1.237688}}
{"target": -19.099942814529943, "params": {"C": 1.397866026001037, "epsilon": 17.547950754550293, "gamma": 0.46749030130606, "lamda": 0.13484432712922853}, "datetime": {"datetime": "2021-06-28 17:49:07", "elapsed": 671.89529, "delta": 1.068144}}
{"target": -41.209892771214605, "params": {"C": 6.864693365370543, "epsilon": 12.982965794198304, "gamma": 0.20465447990889044, "lamda": 0.9531759024533022}, "datetime": {"datetime": "2021-06-28 17:49:18", "elapsed": 682.855978, "delta": 10.960688}}
{"target": -19.08600946081708, "params": {"C": 14.754953216564086, "epsilon": 17.009496629804282, "gamma": 0.41603665942297374, "lamda": 0.3605437931910237}, "datetime": {"datetime": "2021-06-28 17:49:20", "elapsed": 684.258229, "delta": 1.402251}}
{"target": -36.83498017207871, "params": {"C": 10.702773617758204, "epsilon": 8.457659958119788, "gamma": 0.45133813958270774, "lamda": 0.7906207784771774}, "datetime": {"datetime": "2021-06-28 17:49:33", "elapsed": 697.515776, "delta": 13.257547}}
{"target": -18.032979053513554, "params": {"C": 2.5356459210561297, "epsilon": 13.234785257430515, "gamma": 0.4015871229239546, "lamda": 0.47803832835047105}, "datetime": {"datetime": "2021-06-28 17:49:36", "elapsed": 700.133775, "delta": 2.617999}}
{"target": -22.64211058628059, "params": {"C": 17.554587670318107, "epsilon": 17.59533760783496, "gamma": 0.905378216293493, "lamda": 0.1342309085351207}, "datetime": {"datetime": "2021-06-28 17:49:37", "elapsed": 701.412355, "delta": 1.27858}}
{"target": -17.774728300121325, "params": {"C": 5.657019981269248, "epsilon": 1.500376184359268, "gamma": 0.3220286983256532, "lamda": 0.05750767474660467}, "datetime": {"datetime": "2021-06-28 17:49:38", "elapsed": 702.400712, "delta": 0.988357}}
{"target": -23.542702872371223, "params": {"C": 17.27285023673393, "epsilon": 6.061280559262484, "gamma": 0.9977288189496291, "lamda": 0.7940576850902257}, "datetime": {"datetime": "2021-06-28 17:49:39", "elapsed": 703.689266, "delta": 1.288554}}
{"target": -23.222006050938106, "params": {"C": 9.189864020234928, "epsilon": 6.009773611527717, "gamma": 0.9430074160349836, "lamda": 0.014484702144673553}, "datetime": {"datetime": "2021-06-28 17:49:40", "elapsed": 704.955882, "delta": 1.266616}}
{"target": -40.198086026255964, "params": {"C": 11.724658607541494, "epsilon": 8.478061421906407, "gamma": 0.24598076131728827, "lamda": 0.6653646871305046}, "datetime": {"datetime": "2021-06-28 17:49:49", "elapsed": 713.690521, "delta": 8.734639}}
{"target": -41.119903242947174, "params": {"C": 11.603847914124417, "epsilon": 9.661835324233838, "gamma": 0.23677064136698373, "lamda": 0.3408150629793789}, "datetime": {"datetime": "2021-06-28 17:49:57", "elapsed": 721.195451, "delta": 7.50493}}
{"target": -19.887791062376415, "params": {"C": 11.144622765151555, "epsilon": 3.26112966314695, "gamma": 0.4821293296742804, "lamda": 0.3247790890674815}, "datetime": {"datetime": "2021-06-28 17:49:58", "elapsed": 722.566785, "delta": 1.371334}}
{"target": -18.444762376376797, "params": {"C": 18.487461378370455, "epsilon": 3.407897905038804, "gamma": 0.3486845091143673, "lamda": 0.8201157900873693}, "datetime": {"datetime": "2021-06-28 17:49:59", "elapsed": 723.625952, "delta": 1.059167}}
{"target": -18.175827523027227, "params": {"C": 12.824021223538825, "epsilon": 16.653095403306665, "gamma": 0.3461310747704863, "lamda": 0.3243647690727677}, "datetime": {"datetime": "2021-06-28 17:50:00", "elapsed": 724.821754, "delta": 1.195802}}
{"target": -74.20791722892906, "params": {"C": 17.14155826145392, "epsilon": 19.512508296172573, "gamma": 0.08167087787036663, "lamda": 0.21228546361877007}, "datetime": {"datetime": "2021-06-28 17:50:08", "elapsed": 732.443373, "delta": 7.621619}}
{"target": -20.497437667995865, "params": {"C": 3.6858224055895827, "epsilon": 4.052991288936383, "gamma": 0.5288357333031601, "lamda": 0.5704437679906107}, "datetime": {"datetime": "2021-06-28 17:50:09", "elapsed": 733.455665, "delta": 1.012292}}
{"target": -22.870874445059673, "params": {"C": 14.766814212976735, "epsilon": 3.3927688797662814, "gamma": 0.869167832958312, "lamda": 0.24660898729766723}, "datetime": {"datetime": "2021-06-28 17:50:10", "elapsed": 734.766161, "delta": 1.310496}}
{"target": -74.81562355490118, "params": {"C": 18.057868389875033, "epsilon": 11.124174773146116, "gamma": 0.07767930624114806, "lamda": 0.22227827446814752}, "datetime": {"datetime": "2021-06-28 17:50:16", "elapsed": 740.172702, "delta": 5.406541}}
{"target": -42.06344475502786, "params": {"C": 17.51154948422325, "epsilon": 15.929468744505728, "gamma": 0.18726565112826576, "lamda": 0.40348017626974214}, "datetime": {"datetime": "2021-06-28 17:50:23", "elapsed": 747.814273, "delta": 7.641571}}
{"target": -22.648241075460575, "params": {"C": 16.98183770733648, "epsilon": 1.532913896629791, "gamma": 0.8240743866642458, "lamda": 0.05952292384755506}, "datetime": {"datetime": "2021-06-28 17:50:24", "elapsed": 749.063926, "delta": 1.249653}}
{"target": -22.841741550007697, "params": {"C": 16.594662700934787, "epsilon": 3.432620417477685, "gamma": 0.8618886872106609, "lamda": 0.1661319262222089}, "datetime": {"datetime": "2021-06-28 17:50:25", "elapsed": 750.033332, "delta": 0.969406}}
{"target": -78.37643397741957, "params": {"C": 13.001751648161584, "epsilon": 11.418957913498282, "gamma": 0.06842310055897566, "lamda": 0.9271267672314393}, "datetime": {"datetime": "2021-06-28 17:50:33", "elapsed": 758.056876, "delta": 8.023544}}
{"target": -35.329336176540096, "params": {"C": 9.466190607632475, "epsilon": 8.060687186411098, "gamma": 0.5152743348757224, "lamda": 0.6751504997980037}, "datetime": {"datetime": "2021-06-28 17:50:41", "elapsed": 765.393258, "delta": 7.336382}}
{"target": -19.306565146250893, "params": {"C": 14.739365999113117, "epsilon": 17.01827940142867, "gamma": 0.4368799794864446, "lamda": 0.4079405654207924}, "datetime": {"datetime": "2021-06-28 17:50:42", "elapsed": 766.760602, "delta": 1.367344}}
{"target": -23.16918191982414, "params": {"C": 14.121402896812777, "epsilon": 13.634378173368809, "gamma": 0.9721668436590659, "lamda": 0.19847682615960058}, "datetime": {"datetime": "2021-06-28 17:50:43", "elapsed": 767.784864, "delta": 1.024262}}
{"target": -21.210460873792222, "params": {"C": 13.643605855656672, "epsilon": 3.5313024991379436, "gamma": 0.6164350970260177, "lamda": 0.5893520523652351}, "datetime": {"datetime": "2021-06-28 17:50:44", "elapsed": 768.884922, "delta": 1.100058}}
{"target": -17.116966116980066, "params": {"C": 7.64640462308724, "epsilon": 18.67992456981005, "gamma": 0.2911761051502772, "lamda": 0.23062236594898458}, "datetime": {"datetime": "2021-06-28 17:50:45", "elapsed": 769.979992, "delta": 1.09507}}
{"target": -20.687466260507705, "params": {"C": 13.489119465057614, "epsilon": 17.940833342386018, "gamma": 0.5822395530163216, "lamda": 0.28888533132824323}, "datetime": {"datetime": "2021-06-28 17:50:47", "elapsed": 771.137909, "delta": 1.157917}}
{"target": -18.381745371710608, "params": {"C": 5.226149380884793, "epsilon": 3.788113139805171, "gamma": 0.37153589850296365, "lamda": 0.040899527802886665}, "datetime": {"datetime": "2021-06-28 17:50:48", "elapsed": 772.186092, "delta": 1.048183}}
{"target": -15.99447917894825, "params": {"C": 6.741608498936679, "epsilon": 3.0978891215778415, "gamma": 0.228211627575106, "lamda": 0.14884937928301317}, "datetime": {"datetime": "2021-06-28 17:50:50", "elapsed": 774.193724, "delta": 2.007632}}
{"target": -22.99587793591568, "params": {"C": 15.400127666227618, "epsilon": 16.202903156170855, "gamma": 0.9539798689903882, "lamda": 0.15332874303411453}, "datetime": {"datetime": "2021-06-28 17:50:51", "elapsed": 775.197041, "delta": 1.003317}}
{"target": -21.66663968360288, "params": {"C": 16.057136564794128, "epsilon": 1.2118784841635453, "gamma": 0.671388327104069, "lamda": 0.6679506626506266}, "datetime": {"datetime": "2021-06-28 17:50:52", "elapsed": 776.322033, "delta": 1.124992}}
{"target": -19.88679974084386, "params": {"C": 19.055579625959314, "epsilon": 6.6212129313263395, "gamma": 0.4646997101528889, "lamda": 0.06275217653684616}, "datetime": {"datetime": "2021-06-28 17:50:53", "elapsed": 777.396159, "delta": 1.074126}}
{"target": -13.782428874479816, "params": {"C": 7.1886047153511035, "epsilon": 7.387252426136196, "gamma": 0.13548822690177045, "lamda": 0.03924619641546961}, "datetime": {"datetime": "2021-06-28 17:50:54", "elapsed": 778.911108, "delta": 1.514949}}
{"target": -20.556911950199446, "params": {"C": 13.33485327334666, "epsilon": 18.139915113611277, "gamma": 0.567013901757029, "lamda": 0.45443171012822664}, "datetime": {"datetime": "2021-06-28 17:50:55", "elapsed": 779.958308, "delta": 1.0472}}
{"target": -19.185117261492906, "params": {"C": 5.598576223765816, "epsilon": 6.807149069279829, "gamma": 0.42467254529499154, "lamda": 0.11655260542336897}, "datetime": {"datetime": "2021-06-28 17:50:57", "elapsed": 781.584958, "delta": 1.62665}}
{"target": -16.58253267729448, "params": {"C": 1.404320914323506, "epsilon": 3.172260197057416, "gamma": 0.1574007210799733, "lamda": 0.06369045199475412}, "datetime": {"datetime": "2021-06-28 17:50:58", "elapsed": 783.088936, "delta": 1.503978}}
{"target": -18.135576664997206, "params": {"C": 9.271418363852206, "epsilon": 19.77712308087736, "gamma": 0.3477618976277215, "lamda": 0.5045119729043287}, "datetime": {"datetime": "2021-06-28 17:51:00", "elapsed": 784.308675, "delta": 1.219739}}
{"target": -49.98011971939973, "params": {"C": 16.629606604373024, "epsilon": 14.12937908826477, "gamma": 0.15251504448226827, "lamda": 0.9591821721094206}, "datetime": {"datetime": "2021-06-28 17:51:08", "elapsed": 792.572576, "delta": 8.263901}}
{"target": -21.191666233760238, "params": {"C": 14.38051327053609, "epsilon": 15.409442944021082, "gamma": 0.6543565673844483, "lamda": 0.49251696693593194}, "datetime": {"datetime": "2021-06-28 17:51:09", "elapsed": 793.76738, "delta": 1.194804}}
