{"target": -12.206883604240023, "params": {"C": 8.863763504384407, "epsilon": 1.055560428934253, "gamma": 0.01, "lamda": 0.1}, "datetime": {"datetime": "2021-06-21 20:07:24", "elapsed": 110.480572, "delta": 0.58344}}
{"target": -24.729013848730748, "params": {"C": 6.845549589425675, "epsilon": 1.1821305929149526, "gamma": 2.0, "lamda": 1.0}, "datetime": {"datetime": "2021-06-21 20:07:25", "elapsed": 111.029105, "delta": 0.548533}}
{"target": -13.012275373303991, "params": {"C": 4.032488259552366, "epsilon": 4.443865084568539, "gamma": 0.01, "lamda": 1.0}, "datetime": {"datetime": "2021-06-21 20:07:26", "elapsed": 111.702306, "delta": 0.673201}}
{"target": -33.996088839876634, "params": {"C": 0.1, "epsilon": 0.001, "gamma": 2.0, "lamda": 0.1}, "datetime": {"datetime": "2021-06-21 20:07:26", "elapsed": 112.239868, "delta": 0.537562}}
{"target": -14.555115054340403, "params": {"C": 1.492908129300328, "epsilon": 6.5993023321652196, "gamma": 0.01, "lamda": 1.0}, "datetime": {"datetime": "2021-06-21 20:07:27", "elapsed": 113.093584, "delta": 0.853716}}
{"target": -12.129671506766297, "params": {"C": 10.0, "epsilon": 4.532720911208542, "gamma": 0.01, "lamda": 1.0}, "datetime": {"datetime": "2021-06-21 20:07:28", "elapsed": 113.994176, "delta": 0.900592}}
{"target": -12.038062311540218, "params": {"C": 7.72961081031606, "epsilon": 3.524526843387625, "gamma": 0.01, "lamda": 0.1}, "datetime": {"datetime": "2021-06-21 20:07:29", "elapsed": 114.869837, "delta": 0.875661}}
{"target": -12.18789870093779, "params": {"C": 7.6732423984815705, "epsilon": 2.4394712055034695, "gamma": 0.01, "lamda": 1.0}, "datetime": {"datetime": "2021-06-21 20:07:30", "elapsed": 115.79935, "delta": 0.929513}}
{"target": -11.209055623294596, "params": {"C": 6.634083808757749, "epsilon": 1.774695753013376, "gamma": 0.037221572901629266, "lamda": 0.26570990572157305}, "datetime": {"datetime": "2021-06-21 20:07:31", "elapsed": 116.693956, "delta": 0.894606}}
{"target": -13.239971137750548, "params": {"C": 3.3028227728405484, "epsilon": 1.9760768690186603, "gamma": 0.01, "lamda": 0.1}, "datetime": {"datetime": "2021-06-21 20:07:31", "elapsed": 117.30632, "delta": 0.612364}}
{"target": -15.724651479326148, "params": {"C": 1.0923520646877463, "epsilon": 2.5194937632303183, "gamma": 0.01, "lamda": 0.1}, "datetime": {"datetime": "2021-06-21 20:07:32", "elapsed": 117.956581, "delta": 0.650261}}
{"target": -11.951952521179905, "params": {"C": 8.14077112447911, "epsilon": 10.0, "gamma": 0.01, "lamda": 1.0}, "datetime": {"datetime": "2021-06-21 20:07:33", "elapsed": 118.716549, "delta": 0.759968}}
{"target": -11.18225212502559, "params": {"C": 5.202243405117356, "epsilon": 6.4495109495673555, "gamma": 0.03576030606609616, "lamda": 0.19560735780863767}, "datetime": {"datetime": "2021-06-21 20:07:33", "elapsed": 119.430641, "delta": 0.714092}}
{"target": -25.292665877313247, "params": {"C": 3.276238329393047, "epsilon": 5.193712606333301, "gamma": 2.0, "lamda": 0.1}, "datetime": {"datetime": "2021-06-21 20:07:34", "elapsed": 120.252442, "delta": 0.821801}}
{"target": -14.735452924730307, "params": {"C": 1.6914697653102206, "epsilon": 0.001, "gamma": 0.01, "lamda": 1.0}, "datetime": {"datetime": "2021-06-21 20:07:35", "elapsed": 120.878766, "delta": 0.626324}}
{"target": -12.533523308211656, "params": {"C": 5.823044866108712, "epsilon": 2.381522098397398, "gamma": 0.01, "lamda": 0.1}, "datetime": {"datetime": "2021-06-21 20:07:36", "elapsed": 121.526036, "delta": 0.64727}}
{"target": -12.668882097245628, "params": {"C": 4.122569925856011, "epsilon": 6.170932264557627, "gamma": 0.01, "lamda": 0.1}, "datetime": {"datetime": "2021-06-21 20:07:36", "elapsed": 122.287999, "delta": 0.761963}}
{"target": -25.156834262282672, "params": {"C": 4.454947226218308, "epsilon": 2.5665313745646965, "gamma": 2.0, "lamda": 0.1}, "datetime": {"datetime": "2021-06-21 20:07:37", "elapsed": 122.946238, "delta": 0.658239}}
{"target": -16.276017439750063, "params": {"C": 0.7775823521090465, "epsilon": 4.453350688836949, "gamma": 0.01, "lamda": 0.1}, "datetime": {"datetime": "2021-06-21 20:07:38", "elapsed": 123.73812, "delta": 0.791882}}
{"target": -12.534028762513389, "params": {"C": 6.135173084431343, "epsilon": 2.9386636724991106, "gamma": 0.01, "lamda": 1.0}, "datetime": {"datetime": "2021-06-21 20:07:39", "elapsed": 124.641704, "delta": 0.903584}}
{"target": -18.743717010017193, "params": {"C": 6.118951502630092, "epsilon": 5.026355372287142, "gamma": 0.795065200302224, "lamda": 1.0}, "datetime": {"datetime": "2021-06-21 20:07:39", "elapsed": 125.382722, "delta": 0.741018}}
{"target": -12.459382489075002, "params": {"C": 1.7121748421817824, "epsilon": 9.029129080086799, "gamma": 0.14392575411942624, "lamda": 0.14612349063076183}, "datetime": {"datetime": "2021-06-21 20:07:40", "elapsed": 126.092823, "delta": 0.710101}}
{"target": -24.17788152618551, "params": {"C": 7.859478494725158, "epsilon": 10.0, "gamma": 2.0, "lamda": 0.1}, "datetime": {"datetime": "2021-06-21 20:07:41", "elapsed": 126.768019, "delta": 0.675196}}
{"target": -14.231571328588121, "params": {"C": 2.066435407103159, "epsilon": 1.264822898389049, "gamma": 0.01, "lamda": 1.0}, "datetime": {"datetime": "2021-06-21 20:07:42", "elapsed": 127.60478, "delta": 0.836761}}
{"target": -12.782300098015028, "params": {"C": 4.977313078464788, "epsilon": 3.3837444407996347, "gamma": 0.01, "lamda": 1.0}, "datetime": {"datetime": "2021-06-21 20:07:42", "elapsed": 128.243074, "delta": 0.638294}}
{"target": -15.791094862879326, "params": {"C": 9.145183120193638, "epsilon": 3.3002953784769375, "gamma": 0.5197374103514081, "lamda": 1.0}, "datetime": {"datetime": "2021-06-21 20:07:43", "elapsed": 128.899318, "delta": 0.656244}}
{"target": -11.920837433970492, "params": {"C": 7.2239752154188785, "epsilon": 6.742097122480071, "gamma": 0.01, "lamda": 0.1}, "datetime": {"datetime": "2021-06-21 20:07:44", "elapsed": 129.596455, "delta": 0.697137}}
{"target": -12.057475125902272, "params": {"C": 10.0, "epsilon": 8.160143483447824, "gamma": 0.01, "lamda": 1.0}, "datetime": {"datetime": "2021-06-21 20:07:45", "elapsed": 130.518989, "delta": 0.922534}}
{"target": -12.090109297105005, "params": {"C": 8.43830358832957, "epsilon": 2.682746341447598, "gamma": 0.01, "lamda": 0.1}, "datetime": {"datetime": "2021-06-21 20:07:45", "elapsed": 131.110408, "delta": 0.591419}}
{"target": -12.002435928200066, "params": {"C": 8.110121194819419, "epsilon": 7.642849487543476, "gamma": 0.01, "lamda": 1.0}, "datetime": {"datetime": "2021-06-21 20:07:46", "elapsed": 131.889324, "delta": 0.778916}}
{"target": -12.121670922318268, "params": {"C": 6.915405528022417, "epsilon": 5.240766997233487, "gamma": 0.01, "lamda": 0.1}, "datetime": {"datetime": "2021-06-21 20:07:47", "elapsed": 132.734065, "delta": 0.844741}}
{"target": -11.867318928966922, "params": {"C": 9.218144610453944, "epsilon": 0.016606737137504393, "gamma": 0.015826921607167303, "lamda": 0.9408131702240313}, "datetime": {"datetime": "2021-06-21 20:07:48", "elapsed": 133.567835, "delta": 0.83377}}
{"target": -21.38295540885294, "params": {"C": 1.6981377933914341, "epsilon": 7.83513890191227, "gamma": 1.02092555939429, "lamda": 0.1}, "datetime": {"datetime": "2021-06-21 20:07:48", "elapsed": 134.150278, "delta": 0.582443}}
{"target": -11.894002579476092, "params": {"C": 9.031526726420855, "epsilon": 5.400215249098741, "gamma": 0.01, "lamda": 0.1}, "datetime": {"datetime": "2021-06-21 20:07:49", "elapsed": 134.901272, "delta": 0.750994}}
{"target": -12.472677309925388, "params": {"C": 6.718700166629218, "epsilon": 0.9023805236971505, "gamma": 0.01, "lamda": 0.1}, "datetime": {"datetime": "2021-06-21 20:07:50", "elapsed": 135.630321, "delta": 0.729049}}
{"target": -12.204969123185084, "params": {"C": 9.28040203493969, "epsilon": 1.9355945145211517, "gamma": 0.01, "lamda": 1.0}, "datetime": {"datetime": "2021-06-21 20:07:50", "elapsed": 136.301527, "delta": 0.671206}}
{"target": -14.05886978220823, "params": {"C": 1.7165343911360602, "epsilon": 5.736043524366825, "gamma": 0.01, "lamda": 0.1}, "datetime": {"datetime": "2021-06-21 20:07:51", "elapsed": 136.982703, "delta": 0.681176}}
{"target": -12.371357783798425, "params": {"C": 6.197864170373596, "epsilon": 7.106134175996333, "gamma": 0.01, "lamda": 1.0}, "datetime": {"datetime": "2021-06-21 20:07:52", "elapsed": 137.830437, "delta": 0.847734}}
{"target": -12.54561938126394, "params": {"C": 4.003756167751036, "epsilon": 8.062817181386798, "gamma": 0.01, "lamda": 0.1}, "datetime": {"datetime": "2021-06-21 20:07:53", "elapsed": 138.545525, "delta": 0.715088}}
{"target": -12.876998090817413, "params": {"C": 4.187805985460838, "epsilon": 3.6080469618973052, "gamma": 0.01, "lamda": 0.1}, "datetime": {"datetime": "2021-06-21 20:07:53", "elapsed": 139.255625, "delta": 0.7101}}
{"target": -14.634674553648223, "params": {"C": 1.794593131434852, "epsilon": 0.001, "gamma": 0.01, "lamda": 0.1}, "datetime": {"datetime": "2021-06-21 20:07:54", "elapsed": 139.982681, "delta": 0.727056}}
{"target": -12.292212628445764, "params": {"C": 7.012616731679918, "epsilon": 2.539878986500117, "gamma": 0.01, "lamda": 0.1}, "datetime": {"datetime": "2021-06-21 20:07:55", "elapsed": 140.796506, "delta": 0.813825}}
{"target": -12.955684947563032, "params": {"C": 3.493080663145515, "epsilon": 8.514774087649752, "gamma": 0.01, "lamda": 1.0}, "datetime": {"datetime": "2021-06-21 20:07:56", "elapsed": 141.48666, "delta": 0.690154}}
{"target": -11.758482281458882, "params": {"C": 8.402781685649048, "epsilon": 9.33090514394834, "gamma": 0.01, "lamda": 0.4704158723453938}, "datetime": {"datetime": "2021-06-21 20:07:56", "elapsed": 142.264581, "delta": 0.777921}}
{"target": -10.302793187256345, "params": {"C": 9.338475890471129, "epsilon": 7.994393105211677, "gamma": 0.045682071510456716, "lamda": 0.21317935070556077}, "datetime": {"datetime": "2021-06-21 20:07:57", "elapsed": 143.138244, "delta": 0.873663}}
{"target": -12.045808308908734, "params": {"C": 7.92817241220906, "epsilon": 5.928255891630728, "gamma": 0.01, "lamda": 1.0}, "datetime": {"datetime": "2021-06-21 20:07:58", "elapsed": 143.935113, "delta": 0.796869}}
{"target": -12.372044687935944, "params": {"C": 7.230624239033891, "epsilon": 0.5392886663649797, "gamma": 0.01, "lamda": 1.0}, "datetime": {"datetime": "2021-06-21 20:07:59", "elapsed": 144.746941, "delta": 0.811828}}
{"target": -12.062474847093174, "params": {"C": 7.521912458072284, "epsilon": 4.805885383110631, "gamma": 0.01, "lamda": 0.7805699177376096}, "datetime": {"datetime": "2021-06-21 20:08:00", "elapsed": 145.489955, "delta": 0.743014}}
{"target": -12.606505536775517, "params": {"C": 4.940686713783143, "epsilon": 8.324022391975145, "gamma": 0.01, "lamda": 1.0}, "datetime": {"datetime": "2021-06-21 20:08:00", "elapsed": 146.354643, "delta": 0.864688}}
{"target": -13.852606819288502, "params": {"C": 2.260078266551014, "epsilon": 4.0429106731525035, "gamma": 0.01, "lamda": 1.0}, "datetime": {"datetime": "2021-06-21 20:08:01", "elapsed": 147.001913, "delta": 0.64727}}
{"target": -21.77067833336066, "params": {"C": 0.1, "epsilon": 5.151153272527163, "gamma": 0.01, "lamda": 1.0}, "datetime": {"datetime": "2021-06-21 20:08:02", "elapsed": 147.786812, "delta": 0.784899}}
{"target": -14.072771092890079, "params": {"C": 1.6901256874885358, "epsilon": 8.635701173833485, "gamma": 0.01, "lamda": 1.0}, "datetime": {"datetime": "2021-06-21 20:08:03", "elapsed": 148.523842, "delta": 0.73703}}
{"target": -11.847426465517257, "params": {"C": 7.1790146860133754, "epsilon": 8.182116458465964, "gamma": 0.01, "lamda": 0.1}, "datetime": {"datetime": "2021-06-21 20:08:03", "elapsed": 149.301764, "delta": 0.777922}}
{"target": -12.996195707644045, "params": {"C": 4.211579737805965, "epsilon": 2.2135343431200436, "gamma": 0.01, "lamda": 0.1}, "datetime": {"datetime": "2021-06-21 20:08:04", "elapsed": 150.142516, "delta": 0.840752}}
{"target": -11.05966603713818, "params": {"C": 5.4229351957926895, "epsilon": 5.705679829089472, "gamma": 0.07475353512218359, "lamda": 0.1000490112357003}, "datetime": {"datetime": "2021-06-21 20:08:05", "elapsed": 150.849623, "delta": 0.707107}}
{"target": -12.052842923863597, "params": {"C": 8.950899317432098, "epsilon": 5.7979907631306755, "gamma": 0.01, "lamda": 1.0}, "datetime": {"datetime": "2021-06-21 20:08:06", "elapsed": 151.714311, "delta": 0.864688}}
{"target": -11.051075198646469, "params": {"C": 5.505484776445956, "epsilon": 9.372883688088566, "gamma": 0.0329084357070871, "lamda": 0.22227778089715083}, "datetime": {"datetime": "2021-06-21 20:08:07", "elapsed": 152.494225, "delta": 0.779914}}
{"target": -12.31818232167548, "params": {"C": 4.438649645193919, "epsilon": 9.40227476142942, "gamma": 0.01, "lamda": 0.1}, "datetime": {"datetime": "2021-06-21 20:08:07", "elapsed": 153.235243, "delta": 0.741018}}
{"target": -13.809698297341843, "params": {"C": 2.173372679282645, "epsilon": 5.626921141332788, "gamma": 0.01, "lamda": 1.0}, "datetime": {"datetime": "2021-06-21 20:08:08", "elapsed": 153.979256, "delta": 0.744013}}
{"target": -12.959650149304574, "params": {"C": 3.6478646863942976, "epsilon": 6.922311735996086, "gamma": 0.01, "lamda": 1.0}, "datetime": {"datetime": "2021-06-21 20:08:09", "elapsed": 154.89281, "delta": 0.913554}}
{"target": -12.165483403727654, "params": {"C": 10.0, "epsilon": 1.8209801285237543, "gamma": 0.01, "lamda": 0.1}, "datetime": {"datetime": "2021-06-21 20:08:10", "elapsed": 155.645798, "delta": 0.752988}}
{"target": -12.486424037633222, "params": {"C": 5.110524335083868, "epsilon": 4.902500083606787, "gamma": 0.01, "lamda": 0.1}, "datetime": {"datetime": "2021-06-21 20:08:11", "elapsed": 156.53143, "delta": 0.885632}}
{"target": -16.946641027418778, "params": {"C": 7.543350516517639, "epsilon": 0.001, "gamma": 0.6106906229421615, "lamda": 0.1}, "datetime": {"datetime": "2021-06-21 20:08:11", "elapsed": 157.261478, "delta": 0.730048}}
{"target": -13.698349904299562, "params": {"C": 2.6265177979649903, "epsilon": 2.2952098858613437, "gamma": 0.01, "lamda": 1.0}, "datetime": {"datetime": "2021-06-21 20:08:12", "elapsed": 158.103228, "delta": 0.84175}}
{"target": -12.878904497693288, "params": {"C": 4.2996944321942, "epsilon": 5.412247599437501, "gamma": 0.01, "lamda": 1.0}, "datetime": {"datetime": "2021-06-21 20:08:13", "elapsed": 159.189322, "delta": 1.086094}}
{"target": -11.970864404599228, "params": {"C": 9.2563797065457, "epsilon": 4.355529603388433, "gamma": 0.01, "lamda": 0.1}, "datetime": {"datetime": "2021-06-21 20:08:14", "elapsed": 160.421029, "delta": 1.231707}}
{"target": -16.839739744650633, "params": {"C": 3.297310989495168, "epsilon": 7.18766378535873, "gamma": 0.6070257648096813, "lamda": 0.1809146722575855}, "datetime": {"datetime": "2021-06-21 20:08:15", "elapsed": 161.078271, "delta": 0.657242}}
{"target": -18.244020208318286, "params": {"C": 8.62931822861514, "epsilon": 0.001, "gamma": 0.76982773346619, "lamda": 1.0}, "datetime": {"datetime": "2021-06-21 20:08:16", "elapsed": 161.8901, "delta": 0.811829}}
{"target": -12.253462751970384, "params": {"C": 9.571990123689407, "epsilon": 0.6804476274607641, "gamma": 0.01, "lamda": 0.6851079875109957}, "datetime": {"datetime": "2021-06-21 20:08:17", "elapsed": 162.698937, "delta": 0.808837}}
{"target": -13.166824897382625, "params": {"C": 3.4692996807996725, "epsilon": 3.7773381694653567, "gamma": 0.01, "lamda": 1.0}, "datetime": {"datetime": "2021-06-21 20:08:18", "elapsed": 163.548665, "delta": 0.849728}}
{"target": -12.449863522811496, "params": {"C": 6.812958931142118, "epsilon": 1.5270866619051182, "gamma": 0.01, "lamda": 1.0}, "datetime": {"datetime": "2021-06-21 20:08:18", "elapsed": 164.318606, "delta": 0.769941}}
{"target": -16.606306265359365, "params": {"C": 0.6168698184981669, "epsilon": 7.4932917231391905, "gamma": 0.01, "lamda": 1.0}, "datetime": {"datetime": "2021-06-21 20:08:19", "elapsed": 165.148387, "delta": 0.829781}}
{"target": -12.111100685195279, "params": {"C": 7.9693314672863265, "epsilon": 4.180849901782773, "gamma": 0.01, "lamda": 1.0}, "datetime": {"datetime": "2021-06-21 20:08:20", "elapsed": 165.919326, "delta": 0.770939}}
{"target": -14.482558394338064, "params": {"C": 1.36963665371632, "epsilon": 8.047755317483915, "gamma": 0.01, "lamda": 0.1}, "datetime": {"datetime": "2021-06-21 20:08:21", "elapsed": 166.652367, "delta": 0.733041}}
{"target": -10.952414002197637, "params": {"C": 8.41814865231435, "epsilon": 1.7069260098473464, "gamma": 0.05741461152291824, "lamda": 0.7018064788667392}, "datetime": {"datetime": "2021-06-21 20:08:22", "elapsed": 167.567917, "delta": 0.91555}}
{"target": -13.191179643164327, "params": {"C": 3.110481216025963, "epsilon": 3.3161585403427885, "gamma": 0.01, "lamda": 0.1}, "datetime": {"datetime": "2021-06-21 20:08:23", "elapsed": 168.506408, "delta": 0.938491}}
{"target": -11.945110240041346, "params": {"C": 6.962280209807753, "epsilon": 9.497546969198345, "gamma": 0.01, "lamda": 0.4970380155019477}, "datetime": {"datetime": "2021-06-21 20:08:23", "elapsed": 169.308264, "delta": 0.801856}}
{"target": -13.645997305531687, "params": {"C": 2.8025308971670064, "epsilon": 1.023740963574709, "gamma": 0.01, "lamda": 0.1}, "datetime": {"datetime": "2021-06-21 20:08:24", "elapsed": 170.340504, "delta": 1.03224}}
{"target": -22.406887446471334, "params": {"C": 0.1, "epsilon": 1.7646621926760582, "gamma": 0.01, "lamda": 0.1}, "datetime": {"datetime": "2021-06-21 20:08:25", "elapsed": 171.240098, "delta": 0.899594}}
{"target": -12.350758883989647, "params": {"C": 5.948795933714308, "epsilon": 4.073618899951872, "gamma": 0.01, "lamda": 0.1}, "datetime": {"datetime": "2021-06-21 20:08:26", "elapsed": 172.035969, "delta": 0.795871}}
{"target": -24.108061254974096, "params": {"C": 10.0, "epsilon": 7.343902301052074, "gamma": 2.0, "lamda": 0.1}, "datetime": {"datetime": "2021-06-21 20:08:27", "elapsed": 172.975458, "delta": 0.939489}}
{"target": -11.695018569813714, "params": {"C": 10.0, "epsilon": 9.290339257577429, "gamma": 0.01, "lamda": 0.1}, "datetime": {"datetime": "2021-06-21 20:08:28", "elapsed": 173.931899, "delta": 0.956441}}
{"target": -11.366832415029027, "params": {"C": 5.437574233123432, "epsilon": 3.2714017717205315, "gamma": 0.03500771356196185, "lamda": 0.17427792403561532}, "datetime": {"datetime": "2021-06-21 20:08:29", "elapsed": 175.0918, "delta": 1.159901}}
{"target": -11.879782185958195, "params": {"C": 9.483856617363509, "epsilon": 8.569981057750775, "gamma": 0.01, "lamda": 0.698988602770374}, "datetime": {"datetime": "2021-06-21 20:08:30", "elapsed": 176.407281, "delta": 1.315481}}
{"target": -12.157701102431522, "params": {"C": 5.890686489224766, "epsilon": 6.932470578738205, "gamma": 0.01, "lamda": 0.1}, "datetime": {"datetime": "2021-06-21 20:08:32", "elapsed": 177.556209, "delta": 1.148928}}
{"target": -18.321004841206427, "params": {"C": 1.7062192235011855, "epsilon": 3.2665185495013738, "gamma": 0.596278647510642, "lamda": 0.1}, "datetime": {"datetime": "2021-06-21 20:08:33", "elapsed": 178.65527, "delta": 1.099061}}
{"target": -11.894321588608667, "params": {"C": 9.4411700325892, "epsilon": 6.811617568136506, "gamma": 0.01, "lamda": 0.4922541118188029}, "datetime": {"datetime": "2021-06-21 20:08:34", "elapsed": 179.700475, "delta": 1.045205}}
{"target": -12.078233073971923, "params": {"C": 10.0, "epsilon": 7.312337555409638, "gamma": 0.01, "lamda": 1.0}, "datetime": {"datetime": "2021-06-21 20:08:35", "elapsed": 180.560175, "delta": 0.8597}}
{"target": -12.559825186974235, "params": {"C": 5.102806468548217, "epsilon": 5.759935258832216, "gamma": 0.01, "lamda": 0.7170149094642801}, "datetime": {"datetime": "2021-06-21 20:08:36", "elapsed": 181.56449, "delta": 1.004315}}
{"target": -12.053093430736528, "params": {"C": 6.162387907796777, "epsilon": 5.282720410088195, "gamma": 0.011294464149641775, "lamda": 0.763010272817381}, "datetime": {"datetime": "2021-06-21 20:08:37", "elapsed": 182.576783, "delta": 1.012293}}
{"target": -12.126530113853452, "params": {"C": 9.438164413015912, "epsilon": 2.934272639607898, "gamma": 0.01, "lamda": 0.6210069929347497}, "datetime": {"datetime": "2021-06-21 20:08:37", "elapsed": 183.385621, "delta": 0.808838}}
{"target": -12.114930197898488, "params": {"C": 7.074424428735212, "epsilon": 7.2030372298445435, "gamma": 0.01, "lamda": 1.0}, "datetime": {"datetime": "2021-06-21 20:08:38", "elapsed": 184.478698, "delta": 1.093077}}
{"target": -12.038046272205264, "params": {"C": 10.0, "epsilon": 3.7174471082622045, "gamma": 0.01, "lamda": 0.1}, "datetime": {"datetime": "2021-06-21 20:08:40", "elapsed": 185.497972, "delta": 1.019274}}
{"target": -12.057855156587802, "params": {"C": 8.420811944821127, "epsilon": 3.772988180381438, "gamma": 0.01, "lamda": 0.48257524593171747}, "datetime": {"datetime": "2021-06-21 20:08:41", "elapsed": 186.504281, "delta": 1.006309}}
{"target": -11.885503578632033, "params": {"C": 7.781923258103396, "epsilon": 8.285191445876102, "gamma": 0.01, "lamda": 0.6681617746930716}, "datetime": {"datetime": "2021-06-21 20:08:42", "elapsed": 187.640243, "delta": 1.135962}}
{"target": -11.387310914111652, "params": {"C": 8.117492586035313, "epsilon": 6.530429745335849, "gamma": 0.02074925217154095, "lamda": 0.14740353731089348}, "datetime": {"datetime": "2021-06-21 20:08:43", "elapsed": 188.578733, "delta": 0.93849}}
{"target": -24.836915251626547, "params": {"C": 6.335674861177448, "epsilon": 0.001, "gamma": 2.0, "lamda": 0.1}, "datetime": {"datetime": "2021-06-21 20:08:43", "elapsed": 189.398542, "delta": 0.819809}}
{"target": -12.617282166841868, "params": {"C": 3.5712150671331804, "epsilon": 5.084175109109081, "gamma": 0.012966525222501824, "lamda": 0.5241273961366948}, "datetime": {"datetime": "2021-06-21 20:08:44", "elapsed": 190.306115, "delta": 0.907573}}
{"target": -12.815759839065088, "params": {"C": 3.1039751976434227, "epsilon": 7.493185955784785, "gamma": 0.01, "lamda": 0.1}, "datetime": {"datetime": "2021-06-21 20:08:45", "elapsed": 191.144876, "delta": 0.838761}}
