{"target": -83.33160853532814, "params": {"C": 9.390174727380973, "epsilon": 6.7860405166077244, "gamma": 0.01, "lamda": 0.5672150328384881}, "datetime": {"datetime": "2021-06-28 17:39:46", "elapsed": 110.448706, "delta": 7.120953}}
{"target": -22.952821285083832, "params": {"C": 6.444741576334142, "epsilon": 2.9734751102671604, "gamma": 0.8550307427662612, "lamda": 0.1497410214600122}, "datetime": {"datetime": "2021-06-28 17:39:46", "elapsed": 110.915456, "delta": 0.46675}}
{"target": -10.953294055781527, "params": {"C": 19.06836850421343, "epsilon": 6.378637374595218, "gamma": 0.02102337621916729, "lamda": 0.03212362025010786}, "datetime": {"datetime": "2021-06-28 17:39:47", "elapsed": 111.732272, "delta": 0.816816}}
{"target": -38.10041617929297, "params": {"C": 18.84459527316742, "epsilon": 19.465940390740645, "gamma": 0.25569753159576064, "lamda": 0.14707317253613222}, "datetime": {"datetime": "2021-06-28 17:39:58", "elapsed": 122.430657, "delta": 10.698385}}
{"target": -76.86626531991637, "params": {"C": 19.38814811098286, "epsilon": 5.668013687240622, "gamma": 0.06614365323802, "lamda": 0.3696008682220765}, "datetime": {"datetime": "2021-06-28 17:40:05", "elapsed": 129.676277, "delta": 7.24562}}
{"target": -14.947112865911697, "params": {"C": 18.734420428067025, "epsilon": 6.75746706084778, "gamma": 0.1565528748771389, "lamda": 0.024989035007524793}, "datetime": {"datetime": "2021-06-28 17:40:06", "elapsed": 130.429262, "delta": 0.752985}}
{"target": -21.812755476986972, "params": {"C": 7.1386749679212045, "epsilon": 4.931562646990147, "gamma": 0.7180237533312592, "lamda": 0.7824740429275933}, "datetime": {"datetime": "2021-06-28 17:40:06", "elapsed": 130.883048, "delta": 0.453786}}
{"target": -19.94084234460222, "params": {"C": 4.021360287053524, "epsilon": 10.090292563093023, "gamma": 0.5116244937372003, "lamda": 0.12992701286116004}, "datetime": {"datetime": "2021-06-28 17:40:07", "elapsed": 131.365756, "delta": 0.482708}}
{"target": -15.349961521136473, "params": {"C": 19.55691058905528, "epsilon": 7.061564354133124, "gamma": 0.16759143897837822, "lamda": 0.051007524861708106}, "datetime": {"datetime": "2021-06-28 17:40:08", "elapsed": 132.228448, "delta": 0.862692}}
{"target": -93.54655613654688, "params": {"C": 17.871308429342434, "epsilon": 3.8057611987257376, "gamma": 0.04051902589788117, "lamda": 0.028772126809985105}, "datetime": {"datetime": "2021-06-28 17:40:15", "elapsed": 139.694478, "delta": 7.46603}}
{"target": -70.7161748712483, "params": {"C": 19.053571237658158, "epsilon": 7.270099546737711, "gamma": 0.08103098011363603, "lamda": 0.3001221148313404}, "datetime": {"datetime": "2021-06-28 17:40:27", "elapsed": 151.178277, "delta": 11.483799}}
{"target": -18.050818133133863, "params": {"C": 19.53559008661406, "epsilon": 6.478009440025949, "gamma": 0.3165255852167484, "lamda": 0.025061629969004528}, "datetime": {"datetime": "2021-06-28 17:40:27", "elapsed": 151.942234, "delta": 0.763957}}
{"target": -18.080115784447706, "params": {"C": 13.904047886475531, "epsilon": 16.74988076589656, "gamma": 0.33445939472840447, "lamda": 0.3858763342312608}, "datetime": {"datetime": "2021-06-28 17:40:28", "elapsed": 152.521683, "delta": 0.579449}}
{"target": -21.683457278120894, "params": {"C": 16.186991182471438, "epsilon": 6.168426833621077, "gamma": 0.7016528871303993, "lamda": 0.44946423094764837}, "datetime": {"datetime": "2021-06-28 17:40:28", "elapsed": 153.026334, "delta": 0.504651}}
{"target": -17.5143782181807, "params": {"C": 18.434414561328516, "epsilon": 7.156052276239019, "gamma": 0.25174385350041706, "lamda": 0.1144777525799773}, "datetime": {"datetime": "2021-06-28 17:40:30", "elapsed": 154.23909, "delta": 1.212756}}
{"target": -17.85110757721528, "params": {"C": 18.42467632770134, "epsilon": 5.15275769840635, "gamma": 0.281594813932901, "lamda": 0.04530678849020751}, "datetime": {"datetime": "2021-06-28 17:40:30", "elapsed": 154.832502, "delta": 0.593412}}
{"target": -11.345370711897662, "params": {"C": 5.164633751119778, "epsilon": 5.3113285854488925, "gamma": 0.01887041550834026, "lamda": 0.19306157669423965}, "datetime": {"datetime": "2021-06-28 17:40:31", "elapsed": 155.299254, "delta": 0.466752}}
{"target": -33.65787163736531, "params": {"C": 16.193999353830876, "epsilon": 8.288843105768553, "gamma": 0.7857667297050793, "lamda": 0.7169898123727256}, "datetime": {"datetime": "2021-06-28 17:40:37", "elapsed": 161.605386, "delta": 6.306132}}
{"target": -12.028558262836809, "params": {"C": 7.498565604109185, "epsilon": 7.009779650781423, "gamma": 0.07537734873410483, "lamda": 0.01026135898360194}, "datetime": {"datetime": "2021-06-28 17:40:38", "elapsed": 162.514954, "delta": 0.909568}}
{"target": -35.963001424249555, "params": {"C": 7.432133678567138, "epsilon": 7.366526840503559, "gamma": 0.3719156132790764, "lamda": 0.27907968029170294}, "datetime": {"datetime": "2021-06-28 17:40:47", "elapsed": 171.463018, "delta": 8.948064}}
{"target": -22.76578168241245, "params": {"C": 11.82834724958194, "epsilon": 1.6617832304731612, "gamma": 0.8401301594484686, "lamda": 0.5449369461517253}, "datetime": {"datetime": "2021-06-28 17:40:47", "elapsed": 171.876912, "delta": 0.413894}}
{"target": -38.923732529948985, "params": {"C": 19.926192848935223, "epsilon": 6.669429917077063, "gamma": 0.28803964065920507, "lamda": 0.15865253588904302}, "datetime": {"datetime": "2021-06-28 17:40:55", "elapsed": 179.57683, "delta": 7.699918}}
{"target": -23.28495190099576, "params": {"C": 19.113673643907152, "epsilon": 15.557520196393256, "gamma": 0.9997215369911449, "lamda": 0.343007426332548}, "datetime": {"datetime": "2021-06-28 17:40:55", "elapsed": 180.048567, "delta": 0.471737}}
{"target": -13.392817468102223, "params": {"C": 18.5398351930147, "epsilon": 4.404786678655352, "gamma": 0.1101932721852679, "lamda": 0.11363866790900998}, "datetime": {"datetime": "2021-06-28 17:40:56", "elapsed": 180.544242, "delta": 0.495675}}
{"target": -11.468314479308459, "params": {"C": 7.021527117754039, "epsilon": 7.016458773384976, "gamma": 0.01, "lamda": 0.01}, "datetime": {"datetime": "2021-06-28 17:40:57", "elapsed": 181.355072, "delta": 0.81083}}
{"target": -21.925844409223856, "params": {"C": 11.018693090176104, "epsilon": 16.353354764262843, "gamma": 0.792099634726346, "lamda": 0.6467875083502636}, "datetime": {"datetime": "2021-06-28 17:40:57", "elapsed": 181.914579, "delta": 0.559507}}
{"target": -12.93430656204796, "params": {"C": 7.893610446691239, "epsilon": 6.329477724931069, "gamma": 0.09980884340739186, "lamda": 0.015847572128594976}, "datetime": {"datetime": "2021-06-28 17:40:58", "elapsed": 182.521952, "delta": 0.607373}}
{"target": -61.613817808111, "params": {"C": 8.440011221789174, "epsilon": 5.786907140426995, "gamma": 0.09341931950774242, "lamda": 0.3644198914028657}, "datetime": {"datetime": "2021-06-28 17:41:09", "elapsed": 193.481637, "delta": 10.959685}}
{"target": -17.549404177820414, "params": {"C": 18.355900471278986, "epsilon": 5.876386047394913, "gamma": 0.2612908289730139, "lamda": 0.09528123167960956}, "datetime": {"datetime": "2021-06-28 17:41:10", "elapsed": 194.412148, "delta": 0.930511}}
{"target": -11.473036956504682, "params": {"C": 7.362474263870667, "epsilon": 6.514525971770792, "gamma": 0.01, "lamda": 0.01}, "datetime": {"datetime": "2021-06-28 17:41:11", "elapsed": 195.295785, "delta": 0.883637}}
{"target": -21.201800126080247, "params": {"C": 12.478279665151083, "epsilon": 14.111193987809315, "gamma": 0.6557023466408848, "lamda": 0.4209430787681496}, "datetime": {"datetime": "2021-06-28 17:41:11", "elapsed": 195.770515, "delta": 0.47473}}
{"target": -56.578949532194265, "params": {"C": 16.89815762483404, "epsilon": 4.652935284650821, "gamma": 0.11403236703142544, "lamda": 0.26269538631414513}, "datetime": {"datetime": "2021-06-28 17:41:18", "elapsed": 202.196328, "delta": 6.425813}}
{"target": -20.566160113275043, "params": {"C": 6.237620722220124, "epsilon": 8.465776384638463, "gamma": 0.5724888941223814, "lamda": 0.12843965378355462}, "datetime": {"datetime": "2021-06-28 17:41:18", "elapsed": 202.63216, "delta": 0.435832}}
{"target": -93.39614150854463, "params": {"C": 7.562469427517363, "epsilon": 6.668183090921764, "gamma": 0.04288756595457285, "lamda": 0.42759414731865414}, "datetime": {"datetime": "2021-06-28 17:41:26", "elapsed": 210.744463, "delta": 8.112303}}
{"target": -48.4471934385037, "params": {"C": 15.2425459647716, "epsilon": 6.769236996897347, "gamma": 0.17182247760346994, "lamda": 0.11230776682648226}, "datetime": {"datetime": "2021-06-28 17:41:34", "elapsed": 218.28629, "delta": 7.541827}}
{"target": -99.01821059674933, "params": {"C": 15.158489512221642, "epsilon": 3.2420039603601714, "gamma": 0.020680575779672375, "lamda": 0.5938198302329706}, "datetime": {"datetime": "2021-06-28 17:41:42", "elapsed": 227.08376, "delta": 8.79747}}
{"target": -11.23558375500208, "params": {"C": 7.255930075541284, "epsilon": 6.55338710386592, "gamma": 0.02058095616351895, "lamda": 0.0847228062911799}, "datetime": {"datetime": "2021-06-28 17:41:43", "elapsed": 227.551506, "delta": 0.467746}}
{"target": -58.77841827551532, "params": {"C": 14.613167373505993, "epsilon": 7.18908273911255, "gamma": 0.11933469175701013, "lamda": 0.2127330416907234}, "datetime": {"datetime": "2021-06-28 17:41:50", "elapsed": 234.236626, "delta": 6.68512}}
{"target": -19.654735589970223, "params": {"C": 19.071047530410222, "epsilon": 6.575028828349641, "gamma": 0.44674084214275933, "lamda": 0.023731032699636875}, "datetime": {"datetime": "2021-06-28 17:41:51", "elapsed": 235.555099, "delta": 1.318473}}
{"target": -19.9427553704799, "params": {"C": 11.302602768588944, "epsilon": 12.912617087883666, "gamma": 0.503021952220511, "lamda": 0.19085584125452704}, "datetime": {"datetime": "2021-06-28 17:41:51", "elapsed": 236.012876, "delta": 0.457777}}
{"target": -40.0385742346686, "params": {"C": 18.64986612146813, "epsilon": 6.18446372739071, "gamma": 0.254942587793505, "lamda": 0.14655504845733358}, "datetime": {"datetime": "2021-06-28 17:41:58", "elapsed": 242.896462, "delta": 6.883586}}
{"target": -21.140214784033688, "params": {"C": 14.70049452112442, "epsilon": 18.423055643044304, "gamma": 0.6453310756787063, "lamda": 0.23456026817130288}, "datetime": {"datetime": "2021-06-28 17:41:59", "elapsed": 243.374185, "delta": 0.477723}}
{"target": -20.68968767836341, "params": {"C": 6.163929979715223, "epsilon": 8.48369866044187, "gamma": 0.5892687456098389, "lamda": 0.1904490598694026}, "datetime": {"datetime": "2021-06-28 17:41:59", "elapsed": 243.833954, "delta": 0.459769}}
{"target": -16.97675339016694, "params": {"C": 6.896578046269991, "epsilon": 2.8924794720510127, "gamma": 0.2748791998086881, "lamda": 0.08699073527234095}, "datetime": {"datetime": "2021-06-28 17:42:00", "elapsed": 244.894119, "delta": 1.060165}}
{"target": -16.132671869159523, "params": {"C": 18.031521605904572, "epsilon": 5.399943617559136, "gamma": 0.19252804207434865, "lamda": 0.054348185203048065}, "datetime": {"datetime": "2021-06-28 17:42:01", "elapsed": 246.003153, "delta": 1.109034}}
{"target": -85.49128814992653, "params": {"C": 7.1536954236652495, "epsilon": 2.5603994334836666, "gamma": 0.057955783294434716, "lamda": 0.19708543565885267}, "datetime": {"datetime": "2021-06-28 17:42:10", "elapsed": 254.398697, "delta": 8.395544}}
{"target": -20.776476171413762, "params": {"C": 7.233078537673079, "epsilon": 4.8566591916868465, "gamma": 0.5764003361929158, "lamda": 0.7070175259274556}, "datetime": {"datetime": "2021-06-28 17:42:10", "elapsed": 254.847496, "delta": 0.448799}}
{"target": -21.19648831567428, "params": {"C": 10.457498365534148, "epsilon": 5.815914463485974, "gamma": 0.6263185394790037, "lamda": 0.8274665423427598}, "datetime": {"datetime": "2021-06-28 17:42:11", "elapsed": 255.370097, "delta": 0.522601}}
{"target": -19.827645128721272, "params": {"C": 5.537101198242417, "epsilon": 6.816681800582067, "gamma": 0.4847794027662666, "lamda": 0.13740985103873832}, "datetime": {"datetime": "2021-06-28 17:42:12", "elapsed": 256.334519, "delta": 0.964422}}
{"target": -17.259251970951908, "params": {"C": 18.085759289340693, "epsilon": 5.3582111667898396, "gamma": 0.23680979164699967, "lamda": 0.08023770819135123}, "datetime": {"datetime": "2021-06-28 17:42:13", "elapsed": 257.668949, "delta": 1.33443}}
{"target": -11.186440904124458, "params": {"C": 7.054101504555924, "epsilon": 3.469760204302573, "gamma": 0.03244200345318339, "lamda": 0.02790991441766219}, "datetime": {"datetime": "2021-06-28 17:42:14", "elapsed": 258.428917, "delta": 0.759968}}
{"target": -16.917102624965842, "params": {"C": 7.21416776965216, "epsilon": 3.198346455862641, "gamma": 0.2714913006090568, "lamda": 0.01}, "datetime": {"datetime": "2021-06-28 17:42:15", "elapsed": 259.210825, "delta": 0.781908}}
{"target": -14.40655614143465, "params": {"C": 6.733040328338644, "epsilon": 3.136657502822062, "gamma": 0.15082846277933568, "lamda": 0.10616514317542089}, "datetime": {"datetime": "2021-06-28 17:42:16", "elapsed": 260.432557, "delta": 1.221732}}
{"target": -21.373979450804708, "params": {"C": 8.968615926459272, "epsilon": 7.06727278288723, "gamma": 0.6661771026094956, "lamda": 0.5682043718428859}, "datetime": {"datetime": "2021-06-28 17:42:16", "elapsed": 260.965132, "delta": 0.532575}}
{"target": -21.799683292823282, "params": {"C": 10.981510566387042, "epsilon": 16.32324312265402, "gamma": 0.7709193915240307, "lamda": 0.6378051330034509}, "datetime": {"datetime": "2021-06-28 17:42:17", "elapsed": 261.449836, "delta": 0.484704}}
{"target": -85.84432199555266, "params": {"C": 18.217068596757755, "epsilon": 5.604424007050044, "gamma": 0.01, "lamda": 0.3972920005813175}, "datetime": {"datetime": "2021-06-28 17:42:24", "elapsed": 268.976704, "delta": 7.526868}}
{"target": -19.761814930951385, "params": {"C": 4.462305524505516, "epsilon": 9.827015280181815, "gamma": 0.4883387799976332, "lamda": 0.26366272759759757}, "datetime": {"datetime": "2021-06-28 17:42:25", "elapsed": 269.505289, "delta": 0.528585}}
{"target": -19.007287607157473, "params": {"C": 4.382563890439014, "epsilon": 12.362267687983355, "gamma": 0.4404357369069168, "lamda": 0.5771031600936808}, "datetime": {"datetime": "2021-06-28 17:42:25", "elapsed": 270.009939, "delta": 0.50465}}
{"target": -17.72234989684124, "params": {"C": 2.8136990323465354, "epsilon": 2.822963416129824, "gamma": 0.3207456740534979, "lamda": 0.9218275512330056}, "datetime": {"datetime": "2021-06-28 17:42:26", "elapsed": 270.52955, "delta": 0.519611}}
{"target": -17.976221088270474, "params": {"C": 4.381047873443561, "epsilon": 12.413131411551973, "gamma": 0.37757495072064257, "lamda": 0.4659580060515546}, "datetime": {"datetime": "2021-06-28 17:42:26", "elapsed": 271.045171, "delta": 0.515621}}
{"target": -11.29878027379988, "params": {"C": 19.31782732174341, "epsilon": 6.671834082631393, "gamma": 0.01, "lamda": 0.01}, "datetime": {"datetime": "2021-06-28 17:42:28", "elapsed": 272.36863, "delta": 1.323459}}
{"target": -95.26298548961427, "params": {"C": 18.327319039699123, "epsilon": 2.507049872066362, "gamma": 0.03436485782223826, "lamda": 0.137199691174176}, "datetime": {"datetime": "2021-06-28 17:42:36", "elapsed": 280.707327, "delta": 8.338697}}
{"target": -20.8841123339783, "params": {"C": 15.660084251498514, "epsilon": 10.771395758798631, "gamma": 0.5827530215190954, "lamda": 0.3721571155310097}, "datetime": {"datetime": "2021-06-28 17:42:37", "elapsed": 281.302733, "delta": 0.595406}}
{"target": -17.739880245115778, "params": {"C": 6.857651411466968, "epsilon": 2.832953126305913, "gamma": 0.3141774456326111, "lamda": 0.07172458124801734}, "datetime": {"datetime": "2021-06-28 17:42:37", "elapsed": 281.842291, "delta": 0.539558}}
{"target": -17.206752620388794, "params": {"C": 18.945785240282504, "epsilon": 3.0161643284551984, "gamma": 0.2292069242631936, "lamda": 0.033250841744657596}, "datetime": {"datetime": "2021-06-28 17:42:38", "elapsed": 282.873532, "delta": 1.031241}}
{"target": -15.226910239888793, "params": {"C": 6.774033961140502, "epsilon": 6.666527133001443, "gamma": 0.1973095210954006, "lamda": 0.08563215630616225}, "datetime": {"datetime": "2021-06-28 17:42:39", "elapsed": 283.944668, "delta": 1.071136}}
{"target": -17.745930318760745, "params": {"C": 7.161128635130708, "epsilon": 6.784541792646109, "gamma": 0.319887033998904, "lamda": 0.01}, "datetime": {"datetime": "2021-06-28 17:42:40", "elapsed": 285.007823, "delta": 1.063155}}
{"target": -16.526224016548273, "params": {"C": 6.77452905855169, "epsilon": 7.356040961843945, "gamma": 0.26073329805006557, "lamda": 0.0546316106414342}, "datetime": {"datetime": "2021-06-28 17:42:42", "elapsed": 286.16473, "delta": 1.156907}}
{"target": -18.76243246893209, "params": {"C": 1.9799501345410222, "epsilon": 6.461203692987515, "gamma": 0.38324313785856845, "lamda": 0.5608606702722075}, "datetime": {"datetime": "2021-06-28 17:42:42", "elapsed": 286.792051, "delta": 0.627321}}
{"target": -11.712920360530806, "params": {"C": 7.1581232885125985, "epsilon": 3.2519508811262687, "gamma": 0.01, "lamda": 0.3189320092015456}, "datetime": {"datetime": "2021-06-28 17:42:44", "elapsed": 288.163382, "delta": 1.371331}}
{"target": -20.24061885435078, "params": {"C": 18.46167154750007, "epsilon": 5.5656832938135565, "gamma": 0.5024961894526371, "lamda": 0.01}, "datetime": {"datetime": "2021-06-28 17:42:45", "elapsed": 289.499809, "delta": 1.336427}}
{"target": -17.75149023600486, "params": {"C": 6.976231180729467, "epsilon": 6.178546141252809, "gamma": 0.320514046899318, "lamda": 0.025013512370058062}, "datetime": {"datetime": "2021-06-28 17:42:46", "elapsed": 290.533044, "delta": 1.033235}}
{"target": -22.445344060348614, "params": {"C": 14.860728502405331, "epsilon": 12.926488841612173, "gamma": 0.8404160539230269, "lamda": 0.7606529460772102}, "datetime": {"datetime": "2021-06-28 17:42:46", "elapsed": 291.072601, "delta": 0.539557}}
{"target": -11.597844738451457, "params": {"C": 18.601507101109487, "epsilon": 3.186179841011802, "gamma": 0.01, "lamda": 0.01}, "datetime": {"datetime": "2021-06-28 17:42:48", "elapsed": 292.236487, "delta": 1.163886}}
{"target": -20.6460438781092, "params": {"C": 12.520107220064787, "epsilon": 14.07422819229241, "gamma": 0.5722465564879929, "lamda": 0.37185531394491933}, "datetime": {"datetime": "2021-06-28 17:42:48", "elapsed": 292.787017, "delta": 0.55053}}
{"target": -14.51866342492399, "params": {"C": 6.849518737336933, "epsilon": 6.674597337868988, "gamma": 0.16308661724225917, "lamda": 0.06693824664807534}, "datetime": {"datetime": "2021-06-28 17:42:49", "elapsed": 293.364471, "delta": 0.577454}}
{"target": -13.934728089930882, "params": {"C": 5.437779063017697, "epsilon": 4.993948611189411, "gamma": 0.13374475429035135, "lamda": 0.11076300842200731}, "datetime": {"datetime": "2021-06-28 17:42:50", "elapsed": 294.711875, "delta": 1.347404}}
{"target": -75.05121069692532, "params": {"C": 8.300393849014265, "epsilon": 1.6966470363611466, "gamma": 0.07360504638715065, "lamda": 0.2234519989097878}, "datetime": {"datetime": "2021-06-28 17:42:57", "elapsed": 301.818856, "delta": 7.106981}}
{"target": -19.94224893463418, "params": {"C": 5.262485425418515, "epsilon": 5.315464610483863, "gamma": 0.4872456289820154, "lamda": 0.1501738677216634}, "datetime": {"datetime": "2021-06-28 17:42:59", "elapsed": 303.473431, "delta": 1.654575}}
{"target": -21.813851443059605, "params": {"C": 4.259254637496526, "epsilon": 15.354839971217515, "gamma": 0.7859908321020103, "lamda": 0.5288995490570252}, "datetime": {"datetime": "2021-06-28 17:42:59", "elapsed": 304.027948, "delta": 0.554517}}
{"target": -14.027563328434589, "params": {"C": 5.710129816387817, "epsilon": 5.376726571011405, "gamma": 0.13893443402703917, "lamda": 0.3912349436251306}, "datetime": {"datetime": "2021-06-28 17:43:01", "elapsed": 305.369359, "delta": 1.341411}}
{"target": -17.450925806044648, "params": {"C": 18.461545314607164, "epsilon": 5.193901513144941, "gamma": 0.24707294616539358, "lamda": 0.035858566023290545}, "datetime": {"datetime": "2021-06-28 17:43:01", "elapsed": 305.934848, "delta": 0.565489}}
{"target": -68.9268265098346, "params": {"C": 10.973669114184862, "epsilon": 2.631971729474386, "gamma": 0.08313397412705079, "lamda": 0.5362654889158552}, "datetime": {"datetime": "2021-06-28 17:43:08", "elapsed": 312.322763, "delta": 6.387915}}
{"target": -19.210875838022883, "params": {"C": 5.610842278368667, "epsilon": 6.830633992824337, "gamma": 0.42672920523767005, "lamda": 0.17723990660719338}, "datetime": {"datetime": "2021-06-28 17:43:08", "elapsed": 312.902213, "delta": 0.57945}}
{"target": -14.520608403538587, "params": {"C": 5.543346064625286, "epsilon": 4.107601844077509, "gamma": 0.15652964186780124, "lamda": 0.09249196941553102}, "datetime": {"datetime": "2021-06-28 17:43:10", "elapsed": 314.261577, "delta": 1.359364}}
{"target": -82.91831588258924, "params": {"C": 5.357713293160488, "epsilon": 5.782169427279411, "gamma": 0.01, "lamda": 0.3734320874163438}, "datetime": {"datetime": "2021-06-28 17:43:18", "elapsed": 322.19137, "delta": 7.929793}}
{"target": -18.692381146245502, "params": {"C": 5.2221611526699245, "epsilon": 3.8225604100463952, "gamma": 0.3898180208802965, "lamda": 0.06194790539938409}, "datetime": {"datetime": "2021-06-28 17:43:19", "elapsed": 323.500869, "delta": 1.309499}}
{"target": -23.40321718945619, "params": {"C": 11.150493918334995, "epsilon": 7.816657961991919, "gamma": 0.9832233933656698, "lamda": 0.03890262442006326}, "datetime": {"datetime": "2021-06-28 17:43:19", "elapsed": 324.076329, "delta": 0.57546}}
{"target": -21.179089499942833, "params": {"C": 11.60873552781113, "epsilon": 4.439722934464844, "gamma": 0.6221971861218433, "lamda": 0.0907080959595954}, "datetime": {"datetime": "2021-06-28 17:43:20", "elapsed": 324.660771, "delta": 0.584442}}
