{"target": -33.97925007416737, "params": {"C": 0.001, "epsilon": 6.101440277056895, "gamma": 0.1, "lamda": 0.1976994515314548}, "datetime": {"datetime": "2021-06-21 20:43:37", "elapsed": 17.000654, "delta": 0.544105}}
{"target": -28.335560300072483, "params": {"C": 0.1, "epsilon": 5.622831737920644, "gamma": 0.39282805296139417, "lamda": 0.009}, "datetime": {"datetime": "2021-06-21 20:43:37", "elapsed": 17.355288, "delta": 0.354634}}
{"target": -24.188250728087084, "params": {"C": 0.06065155855091974, "epsilon": 8.363726900020872, "gamma": 0.10836777280752641, "lamda": 0.13859148597535528}, "datetime": {"datetime": "2021-06-21 20:43:38", "elapsed": 17.651496, "delta": 0.296208}}
{"target": -29.8896597762478, "params": {"C": 0.0493614038563165, "epsilon": 4.853071623977645, "gamma": 0.33074571371637923, "lamda": 0.4513649494287535}, "datetime": {"datetime": "2021-06-21 20:43:38", "elapsed": 17.924766, "delta": 0.27327}}
{"target": -24.484986107315724, "params": {"C": 0.07087098923693107, "epsilon": 5.647316475336737, "gamma": 0.10964143353928889, "lamda": 0.6958732717663495}, "datetime": {"datetime": "2021-06-21 20:43:38", "elapsed": 18.391351, "delta": 0.466585}}
{"target": -30.850331041745, "params": {"C": 0.06585126851728039, "epsilon": 5.697628839796695, "gamma": 0.5918586071098894, "lamda": 0.6357353974632008}, "datetime": {"datetime": "2021-06-21 20:43:39", "elapsed": 18.674417, "delta": 0.283066}}
{"target": -31.187719895497246, "params": {"C": 0.1, "epsilon": 4.5, "gamma": 0.8, "lamda": 0.009}, "datetime": {"datetime": "2021-06-21 20:43:39", "elapsed": 19.026275, "delta": 0.351858}}
{"target": -30.64970757273074, "params": {"C": 0.1, "epsilon": 6.623445073603418, "gamma": 0.8, "lamda": 0.009}, "datetime": {"datetime": "2021-06-21 20:43:40", "elapsed": 19.532439, "delta": 0.506164}}
{"target": -32.08923426394875, "params": {"C": 0.03660678210492562, "epsilon": 7.288185964931236, "gamma": 0.6073853845979102, "lamda": 0.3689631121747231}, "datetime": {"datetime": "2021-06-21 20:43:40", "elapsed": 19.796731, "delta": 0.264292}}
{"target": -28.30487735891435, "params": {"C": 0.024038361359814256, "epsilon": 5.458774391200457, "gamma": 0.11816275544583332, "lamda": 0.42190377089705355}, "datetime": {"datetime": "2021-06-21 20:43:40", "elapsed": 20.231566, "delta": 0.434835}}
{"target": -29.336046941147536, "params": {"C": 0.09313951592102523, "epsilon": 9.518697260178762, "gamma": 0.6284599143645048, "lamda": 0.48534002471772103}, "datetime": {"datetime": "2021-06-21 20:43:41", "elapsed": 20.559595, "delta": 0.328029}}
{"target": -23.234266475811598, "params": {"C": 0.1, "epsilon": 5.977910980971683, "gamma": 0.1, "lamda": 0.7}, "datetime": {"datetime": "2021-06-21 20:43:42", "elapsed": 21.630916, "delta": 1.071321}}
{"target": -30.106904713333826, "params": {"C": 0.03566509016437293, "epsilon": 9.686051800380795, "gamma": 0.3655430846033849, "lamda": 0.20896798855886364}, "datetime": {"datetime": "2021-06-21 20:43:42", "elapsed": 21.938411, "delta": 0.307495}}
{"target": -28.188507355459492, "params": {"C": 0.1, "epsilon": 6.198842284343174, "gamma": 0.39149747939305307, "lamda": 0.7}, "datetime": {"datetime": "2021-06-21 20:43:43", "elapsed": 22.68993, "delta": 0.751519}}
{"target": -34.736568760188206, "params": {"C": 0.001, "epsilon": 4.5, "gamma": 0.8, "lamda": 0.7}, "datetime": {"datetime": "2021-06-21 20:43:43", "elapsed": 23.126847, "delta": 0.436917}}
{"target": -32.162788000415645, "params": {"C": 0.04271978067132394, "epsilon": 6.799303572391162, "gamma": 0.6774527958424401, "lamda": 0.25634735131268616}, "datetime": {"datetime": "2021-06-21 20:43:43", "elapsed": 23.391149, "delta": 0.264302}}
{"target": -33.09831181256915, "params": {"C": 0.005365061456082294, "epsilon": 8.998905802618477, "gamma": 0.33834121624380153, "lamda": 0.010542463132399567}, "datetime": {"datetime": "2021-06-21 20:43:44", "elapsed": 23.81401, "delta": 0.422861}}
{"target": -23.91787139712658, "params": {"C": 0.09904136218014524, "epsilon": 8.042218679967739, "gamma": 0.16146713012287972, "lamda": 0.05779759400499499}, "datetime": {"datetime": "2021-06-21 20:43:44", "elapsed": 24.094262, "delta": 0.280252}}
{"target": -27.0737799061903, "params": {"C": 0.1, "epsilon": 7.8638787549424904, "gamma": 0.3330519436147017, "lamda": 0.009}, "datetime": {"datetime": "2021-06-21 20:43:45", "elapsed": 24.473803, "delta": 0.379541}}
{"target": -22.304061515242914, "params": {"C": 0.1, "epsilon": 9.777153665363949, "gamma": 0.1, "lamda": 0.11817999288887755}, "datetime": {"datetime": "2021-06-21 20:43:45", "elapsed": 24.925502, "delta": 0.451699}}
{"target": -30.17733518331842, "params": {"C": 0.03863612181243784, "epsilon": 9.166177077833357, "gamma": 0.38765658028684946, "lamda": 0.2666310395441671}, "datetime": {"datetime": "2021-06-21 20:43:45", "elapsed": 25.25163, "delta": 0.326128}}
{"target": -32.308690076909464, "params": {"C": 0.00665664148085628, "epsilon": 5.631864399901239, "gamma": 0.12882412872301038, "lamda": 0.16923828971282734}, "datetime": {"datetime": "2021-06-21 20:43:46", "elapsed": 25.686468, "delta": 0.434838}}
{"target": -26.87059876210008, "params": {"C": 0.06918371030223969, "epsilon": 5.835891436462453, "gamma": 0.2080952021854655, "lamda": 0.553076502324742}, "datetime": {"datetime": "2021-06-21 20:43:46", "elapsed": 26.14225, "delta": 0.455782}}
{"target": -22.35656521384178, "params": {"C": 0.1, "epsilon": 9.39226893845186, "gamma": 0.1, "lamda": 0.009}, "datetime": {"datetime": "2021-06-21 20:43:47", "elapsed": 26.575091, "delta": 0.432841}}
{"target": -33.155828230934645, "params": {"C": 0.02936996926616211, "epsilon": 5.07126911086681, "gamma": 0.6974964847842251, "lamda": 0.1065364099281499}, "datetime": {"datetime": "2021-06-21 20:43:47", "elapsed": 26.832404, "delta": 0.257313}}
{"target": -23.170648444818774, "params": {"C": 0.1, "epsilon": 6.277600957020781, "gamma": 0.1, "lamda": 0.7}, "datetime": {"datetime": "2021-06-21 20:43:47", "elapsed": 27.172493, "delta": 0.340089}}
{"target": -23.111388372604438, "params": {"C": 0.1, "epsilon": 6.561475423494046, "gamma": 0.1, "lamda": 0.7}, "datetime": {"datetime": "2021-06-21 20:43:48", "elapsed": 27.527545, "delta": 0.355052}}
{"target": -23.071198910542716, "params": {"C": 0.1, "epsilon": 6.499411451232489, "gamma": 0.1, "lamda": 0.4584319980122866}, "datetime": {"datetime": "2021-06-21 20:43:48", "elapsed": 27.935454, "delta": 0.407909}}
{"target": -29.751129486791534, "params": {"C": 0.014312412504889613, "epsilon": 6.7378446032241985, "gamma": 0.11524699318025919, "lamda": 0.526528884207448}, "datetime": {"datetime": "2021-06-21 20:43:48", "elapsed": 28.406195, "delta": 0.470741}}
{"target": -33.21422138809849, "params": {"C": 0.007632213700205182, "epsilon": 6.4424355605279615, "gamma": 0.2819182352568502, "lamda": 0.6153203490185777}, "datetime": {"datetime": "2021-06-21 20:43:49", "elapsed": 28.791165, "delta": 0.38497}}
{"target": -32.75274736422232, "params": {"C": 0.016742877285173628, "epsilon": 7.131400478790086, "gamma": 0.45468398547074773, "lamda": 0.09270663220915311}, "datetime": {"datetime": "2021-06-21 20:43:49", "elapsed": 29.348675, "delta": 0.55751}}
{"target": -26.824101162823442, "params": {"C": 0.09726927152217482, "epsilon": 9.99457941024485, "gamma": 0.34976455184602856, "lamda": 0.4773907968437659}, "datetime": {"datetime": "2021-06-21 20:43:50", "elapsed": 29.745614, "delta": 0.396939}}
{"target": -27.61843909789653, "params": {"C": 0.09393420740627177, "epsilon": 8.159467361094197, "gamma": 0.3763286022251632, "lamda": 0.03539025150872577}, "datetime": {"datetime": "2021-06-21 20:43:50", "elapsed": 30.157513, "delta": 0.411899}}
{"target": -33.5101965254057, "params": {"C": 0.001, "epsilon": 9.466821794732923, "gamma": 0.2596482712897612, "lamda": 0.009}, "datetime": {"datetime": "2021-06-21 20:43:51", "elapsed": 30.625261, "delta": 0.467748}}
{"target": -22.96901845772956, "params": {"C": 0.09407244376910671, "epsilon": 8.840228009399347, "gamma": 0.11223479478606627, "lamda": 0.2765837694287634}, "datetime": {"datetime": "2021-06-21 20:43:51", "elapsed": 31.090019, "delta": 0.464758}}
{"target": -22.602073281198418, "params": {"C": 0.1, "epsilon": 8.908221485988475, "gamma": 0.1, "lamda": 0.5385855538644371}, "datetime": {"datetime": "2021-06-21 20:43:52", "elapsed": 31.603645, "delta": 0.513626}}
{"target": -30.303170081585346, "params": {"C": 0.08013221721393012, "epsilon": 5.996123557100838, "gamma": 0.5890474959507874, "lamda": 0.3157371551361869}, "datetime": {"datetime": "2021-06-21 20:43:52", "elapsed": 31.891875, "delta": 0.28823}}
{"target": -26.689340806272043, "params": {"C": 0.1, "epsilon": 8.81374383464919, "gamma": 0.32165173636274774, "lamda": 0.5650858472479018}, "datetime": {"datetime": "2021-06-21 20:43:52", "elapsed": 32.324717, "delta": 0.432842}}
{"target": -22.687639946631595, "params": {"C": 0.1, "epsilon": 8.705522832634937, "gamma": 0.1, "lamda": 0.7}, "datetime": {"datetime": "2021-06-21 20:43:53", "elapsed": 32.797458, "delta": 0.472741}}
{"target": -22.738090734823153, "params": {"C": 0.1, "epsilon": 8.440628653177631, "gamma": 0.1, "lamda": 0.7}, "datetime": {"datetime": "2021-06-21 20:43:53", "elapsed": 33.258225, "delta": 0.460767}}
{"target": -27.035570351699896, "params": {"C": 0.1, "epsilon": 8.49674122139663, "gamma": 0.3389331187305907, "lamda": 0.7}, "datetime": {"datetime": "2021-06-21 20:43:54", "elapsed": 33.700041, "delta": 0.441816}}
{"target": -61.290248153087, "params": {"C": 0.012603237326969531, "epsilon": 8.994391084220318, "gamma": 0.11359594650770877, "lamda": 0.684737897710122}, "datetime": {"datetime": "2021-06-21 20:44:00", "elapsed": 40.001196, "delta": 6.301155}}
{"target": -23.8498675291541, "params": {"C": 0.08013144416273607, "epsilon": 8.780002834405929, "gamma": 0.12866377523134703, "lamda": 0.46686594019210526}, "datetime": {"datetime": "2021-06-21 20:44:01", "elapsed": 41.208961, "delta": 1.207765}}
{"target": -32.0047555000621, "params": {"C": 0.05742138830045327, "epsilon": 4.69156882987381, "gamma": 0.6869607188019475, "lamda": 0.38237518160691125}, "datetime": {"datetime": "2021-06-21 20:44:02", "elapsed": 41.68768, "delta": 0.478719}}
{"target": -23.721005719576258, "params": {"C": 0.09928430300598187, "epsilon": 8.993355706168263, "gamma": 0.1577350365511922, "lamda": 0.3649691821440172}, "datetime": {"datetime": "2021-06-21 20:44:02", "elapsed": 42.328965, "delta": 0.641285}}
{"target": -30.328926652600448, "params": {"C": 0.09538177319720043, "epsilon": 8.7140190042191, "gamma": 0.7998031069634358, "lamda": 0.2414324561573643}, "datetime": {"datetime": "2021-06-21 20:44:03", "elapsed": 42.942901, "delta": 0.613936}}
{"target": -24.487405666456823, "params": {"C": 0.08927092468710962, "epsilon": 8.677986700200577, "gamma": 0.17826856271421015, "lamda": 0.07296272275309261}, "datetime": {"datetime": "2021-06-21 20:44:04", "elapsed": 43.474477, "delta": 0.531576}}
{"target": -26.60361068476491, "params": {"C": 0.04043330863908626, "epsilon": 8.581243021125232, "gamma": 0.14829435303229033, "lamda": 0.5953464673399436}, "datetime": {"datetime": "2021-06-21 20:44:04", "elapsed": 43.974142, "delta": 0.499665}}
{"target": -31.09407639656877, "params": {"C": 0.05320266399618075, "epsilon": 8.944392168602402, "gamma": 0.6529997417256992, "lamda": 0.45346481643437586}, "datetime": {"datetime": "2021-06-21 20:44:04", "elapsed": 44.290298, "delta": 0.316156}}
{"target": -23.37083001974686, "params": {"C": 0.0759234223786838, "epsilon": 9.951113165771368, "gamma": 0.11093012224367645, "lamda": 0.3991923380843812}, "datetime": {"datetime": "2021-06-21 20:44:05", "elapsed": 44.840824, "delta": 0.550526}}
{"target": -33.217608672467286, "params": {"C": 0.001701120957741403, "epsilon": 9.924178436654216, "gamma": 0.21005459700046109, "lamda": 0.05284372673645399}, "datetime": {"datetime": "2021-06-21 20:44:05", "elapsed": 45.366418, "delta": 0.525594}}
{"target": -26.894235208791105, "params": {"C": 0.023873731942875336, "epsilon": 8.914411671461824, "gamma": 0.10342320478153222, "lamda": 0.16827535600367316}, "datetime": {"datetime": "2021-06-21 20:44:06", "elapsed": 45.904978, "delta": 0.53856}}
{"target": -25.108007226130518, "params": {"C": 0.07082264213540745, "epsilon": 6.124703151449979, "gamma": 0.14337424718880942, "lamda": 0.5745510591877186}, "datetime": {"datetime": "2021-06-21 20:44:06", "elapsed": 46.283964, "delta": 0.378986}}
{"target": -30.269155513565828, "params": {"C": 0.060807878255260905, "epsilon": 8.295345628050065, "gamma": 0.5565572147965853, "lamda": 0.29582996709978926}, "datetime": {"datetime": "2021-06-21 20:44:07", "elapsed": 46.646994, "delta": 0.36303}}
{"target": -23.354814301345538, "params": {"C": 0.08380627214792946, "epsilon": 9.646238317062584, "gamma": 0.11684408645823725, "lamda": 0.1987223884976351}, "datetime": {"datetime": "2021-06-21 20:44:07", "elapsed": 47.236418, "delta": 0.589424}}
{"target": -32.19373129232006, "params": {"C": 0.02829076060525223, "epsilon": 6.66114579555324, "gamma": 0.49771942008653236, "lamda": 0.09166848562064266}, "datetime": {"datetime": "2021-06-21 20:44:08", "elapsed": 47.562548, "delta": 0.32613}}
{"target": -25.978435463001748, "params": {"C": 0.1, "epsilon": 8.84587662292298, "gamma": 0.27751853980651425, "lamda": 0.3465335604680868}, "datetime": {"datetime": "2021-06-21 20:44:08", "elapsed": 48.091138, "delta": 0.52859}}
{"target": -23.045124141467635, "params": {"C": 0.09407634116233489, "epsilon": 8.292738966004547, "gamma": 0.10629107496050688, "lamda": 0.5456634103752402}, "datetime": {"datetime": "2021-06-21 20:44:09", "elapsed": 48.544925, "delta": 0.453787}}
{"target": -24.45130258877748, "params": {"C": 0.07477318219526013, "epsilon": 5.14900114642005, "gamma": 0.10755192226845522, "lamda": 0.41649444716260875}, "datetime": {"datetime": "2021-06-21 20:44:09", "elapsed": 49.094974, "delta": 0.550049}}
{"target": -22.77848347923912, "params": {"C": 0.1, "epsilon": 8.233646035249395, "gamma": 0.1, "lamda": 0.7}, "datetime": {"datetime": "2021-06-21 20:44:10", "elapsed": 49.642509, "delta": 0.547535}}
{"target": -26.997123049032055, "params": {"C": 0.07187249524069655, "epsilon": 8.30466965867361, "gamma": 0.2601963388471815, "lamda": 0.6766579898937036}, "datetime": {"datetime": "2021-06-21 20:44:10", "elapsed": 50.305736, "delta": 0.663227}}
{"target": -24.83156119702689, "params": {"C": 0.06477712825318736, "epsilon": 5.216259157795197, "gamma": 0.10949256099792297, "lamda": 0.6451676749108577}, "datetime": {"datetime": "2021-06-21 20:44:11", "elapsed": 51.366898, "delta": 1.061162}}
{"target": -29.873793135517097, "params": {"C": 0.05468198284685818, "epsilon": 7.948389157018956, "gamma": 0.4486013803579372, "lamda": 0.13523372354230118}, "datetime": {"datetime": "2021-06-21 20:44:12", "elapsed": 51.819687, "delta": 0.452789}}
{"target": -22.769503073366497, "params": {"C": 0.1, "epsilon": 8.090677282706366, "gamma": 0.1, "lamda": 0.5613418699613292}, "datetime": {"datetime": "2021-06-21 20:44:13", "elapsed": 52.499869, "delta": 0.680182}}
{"target": -26.37522940492908, "params": {"C": 0.1, "epsilon": 8.485870704323107, "gamma": 0.2999649185109548, "lamda": 0.009}, "datetime": {"datetime": "2021-06-21 20:44:13", "elapsed": 53.22493, "delta": 0.725061}}
{"target": -22.686655294345947, "params": {"C": 0.1, "epsilon": 7.848781839568622, "gamma": 0.1, "lamda": 0.009}, "datetime": {"datetime": "2021-06-21 20:44:14", "elapsed": 53.875191, "delta": 0.650261}}
{"target": -24.10301650267629, "params": {"C": 0.06533076026354893, "epsilon": 7.621399775006798, "gamma": 0.10827294390506391, "lamda": 0.06695645070140813}, "datetime": {"datetime": "2021-06-21 20:44:15", "elapsed": 54.527447, "delta": 0.652256}}
{"target": -22.879739203578517, "params": {"C": 0.1, "epsilon": 7.8212129426456025, "gamma": 0.10463445979509313, "lamda": 0.21034844645927725}, "datetime": {"datetime": "2021-06-21 20:44:15", "elapsed": 55.221596, "delta": 0.694149}}
{"target": -22.784188593088224, "params": {"C": 0.1, "epsilon": 7.867203151972904, "gamma": 0.1, "lamda": 0.44484584051701176}, "datetime": {"datetime": "2021-06-21 20:44:16", "elapsed": 55.724247, "delta": 0.502651}}
{"target": -27.66466036668924, "params": {"C": 0.039030915201514464, "epsilon": 7.686872756987992, "gamma": 0.1822530287210531, "lamda": 0.33123423255522766}, "datetime": {"datetime": "2021-06-21 20:44:16", "elapsed": 56.198978, "delta": 0.474731}}
{"target": -25.984274708790366, "params": {"C": 0.09710641235985154, "epsilon": 8.841405195822842, "gamma": 0.27087982871390415, "lamda": 0.3589957646164755}, "datetime": {"datetime": "2021-06-21 20:44:17", "elapsed": 56.605889, "delta": 0.406911}}
{"target": -32.24900969915559, "params": {"C": 0.02464068519084207, "epsilon": 6.1837763106948085, "gamma": 0.43570260801655214, "lamda": 0.09792950208865471}, "datetime": {"datetime": "2021-06-21 20:44:17", "elapsed": 56.939996, "delta": 0.334107}}
{"target": -23.54991268486555, "params": {"C": 0.09844447611964446, "epsilon": 7.864094659405598, "gamma": 0.1282645408752461, "lamda": 0.6266856143828582}, "datetime": {"datetime": "2021-06-21 20:44:17", "elapsed": 57.398769, "delta": 0.458773}}
{"target": -22.884452255581756, "params": {"C": 0.09861898335997539, "epsilon": 8.120847175452752, "gamma": 0.10499601233042112, "lamda": 0.3568546321434226}, "datetime": {"datetime": "2021-06-21 20:44:18", "elapsed": 57.883471, "delta": 0.484702}}
{"target": -22.899679738068293, "params": {"C": 0.1, "epsilon": 7.617888388519586, "gamma": 0.1, "lamda": 0.7}, "datetime": {"datetime": "2021-06-21 20:44:18", "elapsed": 58.383137, "delta": 0.499666}}
{"target": -33.689127561838234, "params": {"C": 0.001, "epsilon": 7.394232176149421, "gamma": 0.1, "lamda": 0.7}, "datetime": {"datetime": "2021-06-21 20:44:19", "elapsed": 58.930673, "delta": 0.547536}}
{"target": -31.756751948825652, "params": {"C": 0.042520682985235154, "epsilon": 6.256315805572619, "gamma": 0.563963607905704, "lamda": 0.3986153746903375}, "datetime": {"datetime": "2021-06-21 20:44:19", "elapsed": 59.293701, "delta": 0.363028}}
{"target": -23.470149700741334, "params": {"C": 0.1, "epsilon": 4.955705262529881, "gamma": 0.1, "lamda": 0.7}, "datetime": {"datetime": "2021-06-21 20:44:20", "elapsed": 59.770428, "delta": 0.476727}}
{"target": -23.533771254544856, "params": {"C": 0.1, "epsilon": 4.688859198190298, "gamma": 0.1, "lamda": 0.7}, "datetime": {"datetime": "2021-06-21 20:44:20", "elapsed": 60.309984, "delta": 0.539556}}
{"target": -32.50922692904864, "params": {"C": 0.019040434048739268, "epsilon": 7.055188633736842, "gamma": 0.438219339392266, "lamda": 0.18605145936357567}, "datetime": {"datetime": "2021-06-21 20:44:21", "elapsed": 60.715899, "delta": 0.405915}}
{"target": -23.858906141621826, "params": {"C": 0.08786296521943875, "epsilon": 8.983717083843995, "gamma": 0.147913491727805, "lamda": 0.35884217863937307}, "datetime": {"datetime": "2021-06-21 20:44:21", "elapsed": 61.127796, "delta": 0.411897}}
{"target": -33.31730272232383, "params": {"C": 0.010450326536963525, "epsilon": 5.027699936248107, "gamma": 0.3197191634721703, "lamda": 0.6454372100020271}, "datetime": {"datetime": "2021-06-21 20:44:22", "elapsed": 61.851095, "delta": 0.723299}}
{"target": -28.037447474344958, "params": {"C": 0.033331142339075595, "epsilon": 4.518233360832625, "gamma": 0.13629184854243748, "lamda": 0.5281857789124998}, "datetime": {"datetime": "2021-06-21 20:44:22", "elapsed": 62.355745, "delta": 0.50465}}
{"target": -29.934737959004764, "params": {"C": 0.1, "epsilon": 9.898565434505663, "gamma": 0.8, "lamda": 0.009}, "datetime": {"datetime": "2021-06-21 20:44:23", "elapsed": 62.850423, "delta": 0.494678}}
{"target": -34.339227829399746, "params": {"C": 0.001, "epsilon": 4.5, "gamma": 0.1, "lamda": 0.009}, "datetime": {"datetime": "2021-06-21 20:44:24", "elapsed": 63.464781, "delta": 0.614358}}
{"target": -23.008125209695223, "params": {"C": 0.1, "epsilon": 6.564393498915805, "gamma": 0.1, "lamda": 0.21409656006219907}, "datetime": {"datetime": "2021-06-21 20:44:24", "elapsed": 63.99935, "delta": 0.534569}}
{"target": -24.26046114102456, "params": {"C": 0.07103958308529527, "epsilon": 6.7161412710504695, "gamma": 0.11549416573965429, "lamda": 0.03636472724196637}, "datetime": {"datetime": "2021-06-21 20:44:25", "elapsed": 64.604741, "delta": 0.605391}}
{"target": -23.303079171993314, "params": {"C": 0.1, "epsilon": 5.214452399040548, "gamma": 0.1, "lamda": 0.009}, "datetime": {"datetime": "2021-06-21 20:44:25", "elapsed": 65.091441, "delta": 0.4867}}
{"target": -33.77932431746707, "params": {"C": 0.001381633865999058, "epsilon": 6.540201997035987, "gamma": 0.11414215354974531, "lamda": 0.009641877769382566}, "datetime": {"datetime": "2021-06-21 20:44:26", "elapsed": 65.664907, "delta": 0.573466}}
{"target": -29.137749402104845, "params": {"C": 0.015375293027900638, "epsilon": 6.943971811911176, "gamma": 0.10551896379327547, "lamda": 0.056834104923637524}, "datetime": {"datetime": "2021-06-21 20:44:26", "elapsed": 66.258321, "delta": 0.593414}}
{"target": -23.74838830440954, "params": {"C": 0.09468491991230826, "epsilon": 6.74616613526219, "gamma": 0.1232986502310018, "lamda": 0.21867421263544845}, "datetime": {"datetime": "2021-06-21 20:44:27", "elapsed": 66.796881, "delta": 0.53856}}
{"target": -24.093456893117615, "params": {"C": 0.0631976480621172, "epsilon": 8.370068520955218, "gamma": 0.10982950710627998, "lamda": 0.12908387153451106}, "datetime": {"datetime": "2021-06-21 20:44:27", "elapsed": 67.29256, "delta": 0.495679}}
{"target": -27.335415444800642, "params": {"C": 0.1, "epsilon": 5.305164651559364, "gamma": 0.3018809832372672, "lamda": 0.009}, "datetime": {"datetime": "2021-06-21 20:44:28", "elapsed": 67.853056, "delta": 0.560496}}
{"target": -30.430344510968755, "params": {"C": 0.1, "epsilon": 7.731760185645654, "gamma": 0.8, "lamda": 0.7}, "datetime": {"datetime": "2021-06-21 20:44:28", "elapsed": 68.402587, "delta": 0.549531}}
