{"target": -17.051226636155853, "params": {"C": 16.708112967479746, "epsilon": 11.613566714206794, "gamma": 0.23108301842273912, "lamda": 0.14073928923076579}, "datetime": {"datetime": "2021-06-28 19:04:26", "elapsed": 1579.12777, "delta": 1.656723}}
{"target": -21.959110742174197, "params": {"C": 16.71624142560539, "epsilon": 11.37644098117482, "gamma": 0.7636921887179592, "lamda": 0.10896379887164498}, "datetime": {"datetime": "2021-06-28 19:04:28", "elapsed": 1581.560148, "delta": 2.432378}}
{"target": -20.472840525490476, "params": {"C": 16.42591042145396, "epsilon": 9.524593990617767, "gamma": 0.531774125756443, "lamda": 0.9499321395398952}, "datetime": {"datetime": "2021-06-28 19:04:30", "elapsed": 1582.91382, "delta": 1.353672}}
{"target": -21.176507985657363, "params": {"C": 15.80354402989947, "epsilon": 8.226951729818364, "gamma": 0.6203997487205917, "lamda": 0.021451226762506888}, "datetime": {"datetime": "2021-06-28 19:04:32", "elapsed": 1584.864014, "delta": 1.950194}}
{"target": -14.901737015189456, "params": {"C": 16.932026584566135, "epsilon": 11.084072135956777, "gamma": 0.159545124279123, "lamda": 0.01}, "datetime": {"datetime": "2021-06-28 19:04:35", "elapsed": 1588.345034, "delta": 3.48102}}
{"target": -75.58661829147994, "params": {"C": 18.257342725534375, "epsilon": 6.622290109187368, "gamma": 0.06906707801797864, "lamda": 0.5020256666021656}, "datetime": {"datetime": "2021-06-28 19:04:52", "elapsed": 1605.439965, "delta": 17.094931}}
{"target": -20.986246778971754, "params": {"C": 16.603839266185034, "epsilon": 10.544648695857997, "gamma": 0.5962121554946147, "lamda": 0.04324205785548425}, "datetime": {"datetime": "2021-06-28 19:04:56", "elapsed": 1609.246106, "delta": 3.806141}}
{"target": -38.03210906325722, "params": {"C": 16.74602604661311, "epsilon": 11.235926976437078, "gamma": 0.2997601410648061, "lamda": 0.5775939782044492}, "datetime": {"datetime": "2021-06-28 19:05:11", "elapsed": 1624.233699, "delta": 14.987593}}
{"target": -21.489831952768547, "params": {"C": 18.975123599446206, "epsilon": 9.728273212761525, "gamma": 0.6781704215702405, "lamda": 0.01277758346531423}, "datetime": {"datetime": "2021-06-28 19:05:13", "elapsed": 1626.047046, "delta": 1.813347}}
{"target": -23.554216429909005, "params": {"C": 15.155550505527703, "epsilon": 6.153693579468846, "gamma": 1.0, "lamda": 1.0}, "datetime": {"datetime": "2021-06-28 19:05:15", "elapsed": 1628.262738, "delta": 2.215692}}
{"target": -19.815569658555244, "params": {"C": 17.105541913808874, "epsilon": 15.0, "gamma": 0.46969033694259044, "lamda": 0.01}, "datetime": {"datetime": "2021-06-28 19:05:17", "elapsed": 1630.335968, "delta": 2.07323}}
{"target": -10.851739059528343, "params": {"C": 15.401829083616962, "epsilon": 8.835609621511836, "gamma": 0.022432561596873634, "lamda": 0.0204705663089046}, "datetime": {"datetime": "2021-06-28 19:05:20", "elapsed": 1633.165461, "delta": 2.829493}}
{"target": -11.391291703942235, "params": {"C": 17.406106591268593, "epsilon": 10.656293596474121, "gamma": 0.01, "lamda": 0.01}, "datetime": {"datetime": "2021-06-28 19:05:24", "elapsed": 1637.136802, "delta": 3.971341}}
{"target": -19.608211577587202, "params": {"C": 17.699973911525934, "epsilon": 10.500507345791002, "gamma": 0.450525064471455, "lamda": 0.01}, "datetime": {"datetime": "2021-06-28 19:05:27", "elapsed": 1639.751273, "delta": 2.614471}}
{"target": -11.386837698091618, "params": {"C": 17.122788882194254, "epsilon": 10.160505690832078, "gamma": 0.01, "lamda": 0.01}, "datetime": {"datetime": "2021-06-28 19:05:29", "elapsed": 1642.461233, "delta": 2.70996}}
{"target": -11.261058173574243, "params": {"C": 18.527043176328206, "epsilon": 12.356409883041534, "gamma": 0.01, "lamda": 0.01}, "datetime": {"datetime": "2021-06-28 19:05:31", "elapsed": 1644.573078, "delta": 2.111845}}
{"target": -11.053998393261674, "params": {"C": 19.074736276566632, "epsilon": 12.457884847001205, "gamma": 0.01, "lamda": 0.01}, "datetime": {"datetime": "2021-06-28 19:05:33", "elapsed": 1646.532743, "delta": 1.959665}}
{"target": -21.39653028414252, "params": {"C": 18.613757920484055, "epsilon": 14.19461027713144, "gamma": 0.6797046206349029, "lamda": 0.24695634998665134}, "datetime": {"datetime": "2021-06-28 19:05:35", "elapsed": 1648.026974, "delta": 1.494231}}
{"target": -19.56810762715841, "params": {"C": 18.837712156251595, "epsilon": 12.310945707418956, "gamma": 0.4465291299580612, "lamda": 0.050931020145833034}, "datetime": {"datetime": "2021-06-28 19:05:39", "elapsed": 1651.678683, "delta": 3.651709}}
{"target": -41.092345952649616, "params": {"C": 19.709101438561976, "epsilon": 12.775562597527255, "gamma": 0.20776862469884524, "lamda": 0.07995391508160772}, "datetime": {"datetime": "2021-06-28 19:05:58", "elapsed": 1671.004952, "delta": 19.326269}}
{"target": -11.039509265159813, "params": {"C": 18.906763657097983, "epsilon": 11.961485726814193, "gamma": 0.01, "lamda": 0.01}, "datetime": {"datetime": "2021-06-28 19:06:00", "elapsed": 1673.350044, "delta": 2.345092}}
{"target": -22.57407093550075, "params": {"C": 18.221701912432327, "epsilon": 5.77628022620093, "gamma": 0.8320460402362954, "lamda": 0.6685530716188453}, "datetime": {"datetime": "2021-06-28 19:06:02", "elapsed": 1674.862565, "delta": 1.512521}}
{"target": -21.97751190025424, "params": {"C": 16.270769778180743, "epsilon": 6.858917010526411, "gamma": 0.7472187790215213, "lamda": 0.6993613813004189}, "datetime": {"datetime": "2021-06-28 19:06:03", "elapsed": 1676.265573, "delta": 1.403008}}
{"target": -64.55629317999522, "params": {"C": 15.43339700386659, "epsilon": 12.697340575796686, "gamma": 0.1028773023443372, "lamda": 0.46223027524846577}, "datetime": {"datetime": "2021-06-28 19:06:25", "elapsed": 1698.328391, "delta": 22.062818}}
{"target": -17.20551690905281, "params": {"C": 20.0, "epsilon": 7.131125443984481, "gamma": 0.23308874014201816, "lamda": 0.01}, "datetime": {"datetime": "2021-06-28 19:06:28", "elapsed": 1701.194513, "delta": 2.866122}}
{"target": -100.00322020302991, "params": {"C": 19.896144241791717, "epsilon": 7.10201223990452, "gamma": 0.018567425070612875, "lamda": 0.6680535953089366}, "datetime": {"datetime": "2021-06-28 19:06:43", "elapsed": 1716.539708, "delta": 15.345195}}
{"target": -11.827364249752987, "params": {"C": 20.0, "epsilon": 5.0, "gamma": 0.06035670163438748, "lamda": 0.01}, "datetime": {"datetime": "2021-06-28 19:06:45", "elapsed": 1718.390178, "delta": 1.85047}}
{"target": -18.530507224975267, "params": {"C": 19.531596428638007, "epsilon": 5.029621001067349, "gamma": 0.35763576944632575, "lamda": 0.10292167567281553}, "datetime": {"datetime": "2021-06-28 19:06:48", "elapsed": 1720.703944, "delta": 2.313766}}
{"target": -19.025337439178504, "params": {"C": 19.987643981672853, "epsilon": 5.4943708690757385, "gamma": 0.39963370514154817, "lamda": 0.10133326119960481}, "datetime": {"datetime": "2021-06-28 19:06:50", "elapsed": 1723.232911, "delta": 2.528967}}
{"target": -18.34838535136336, "params": {"C": 19.91457449461539, "epsilon": 5.046840841855586, "gamma": 0.34164278731257514, "lamda": 0.9145390280796664}, "datetime": {"datetime": "2021-06-28 19:06:58", "elapsed": 1730.749636, "delta": 7.516725}}
{"target": -23.519736223793508, "params": {"C": 17.44622035838935, "epsilon": 7.248622821349185, "gamma": 1.0, "lamda": 0.01}, "datetime": {"datetime": "2021-06-28 19:06:59", "elapsed": 1732.569166, "delta": 1.81953}}
{"target": -75.802554215536, "params": {"C": 16.819414392941813, "epsilon": 9.551113120219437, "gamma": 0.06561112339329354, "lamda": 0.058516263589104}, "datetime": {"datetime": "2021-06-28 19:07:15", "elapsed": 1747.663548, "delta": 15.094382}}
{"target": -69.97731634155375, "params": {"C": 16.17864367274781, "epsilon": 10.339439894340803, "gamma": 0.09323029889812046, "lamda": 0.12150886323743662}, "datetime": {"datetime": "2021-06-28 19:07:34", "elapsed": 1766.759441, "delta": 19.095893}}
{"target": -19.959594452678196, "params": {"C": 17.070081403721662, "epsilon": 10.162302443172521, "gamma": 0.47922091677742956, "lamda": 0.01221651786767871}, "datetime": {"datetime": "2021-06-28 19:07:35", "elapsed": 1768.329217, "delta": 1.569776}}
{"target": -83.97207660136152, "params": {"C": 18.86148246739265, "epsilon": 12.259820499084036, "gamma": 0.01, "lamda": 0.3978268361992096}, "datetime": {"datetime": "2021-06-28 19:08:03", "elapsed": 1796.526958, "delta": 28.197741}}
{"target": -52.27834104221605, "params": {"C": 17.394905515222277, "epsilon": 12.643600380267467, "gamma": 0.14088998631937055, "lamda": 0.20962918340181816}, "datetime": {"datetime": "2021-06-28 19:08:17", "elapsed": 1810.221094, "delta": 13.694136}}
{"target": -18.113281193386328, "params": {"C": 17.17147361163526, "epsilon": 10.707912643584908, "gamma": 0.3381432885451869, "lamda": 0.042822421074101814}, "datetime": {"datetime": "2021-06-28 19:08:20", "elapsed": 1812.793804, "delta": 2.57271}}
{"target": -104.22234133031947, "params": {"C": 19.77485079790679, "epsilon": 5.052910739323162, "gamma": 0.018770736290849042, "lamda": 0.49853860261513466}, "datetime": {"datetime": "2021-06-28 19:08:35", "elapsed": 1828.433138, "delta": 15.639334}}
{"target": -18.805317907476134, "params": {"C": 18.391825399956772, "epsilon": 9.685107355752725, "gamma": 0.390796087456577, "lamda": 0.035425022063576686}, "datetime": {"datetime": "2021-06-28 19:08:38", "elapsed": 1831.103074, "delta": 2.669936}}
{"target": -22.82767087376832, "params": {"C": 19.676184017339992, "epsilon": 10.955666374603062, "gamma": 0.9064610084009984, "lamda": 0.07641429169388719}, "datetime": {"datetime": "2021-06-28 19:08:40", "elapsed": 1833.160847, "delta": 2.057773}}
{"target": -88.08820258870215, "params": {"C": 18.558526491984534, "epsilon": 13.60938746460726, "gamma": 0.04810000629989295, "lamda": 0.12194939927937151}, "datetime": {"datetime": "2021-06-28 19:08:58", "elapsed": 1851.324003, "delta": 18.163156}}
{"target": -37.24197199215144, "params": {"C": 19.793285362889623, "epsilon": 12.43583923096164, "gamma": 0.27961963949506174, "lamda": 0.7346121199378773}, "datetime": {"datetime": "2021-06-28 19:09:20", "elapsed": 1872.654257, "delta": 21.330254}}
{"target": -16.90168283967786, "params": {"C": 18.258693463172072, "epsilon": 12.940959838238193, "gamma": 0.2189403000004654, "lamda": 0.013776934092321929}, "datetime": {"datetime": "2021-06-28 19:09:24", "elapsed": 1877.635889, "delta": 4.981632}}
{"target": -49.6225402915737, "params": {"C": 15.141719925236243, "epsilon": 8.87204909100534, "gamma": 0.14807897420874105, "lamda": 0.25045409802757795}, "datetime": {"datetime": "2021-06-28 19:09:42", "elapsed": 1894.862792, "delta": 17.226903}}
{"target": -17.48804223337394, "params": {"C": 19.085186365575957, "epsilon": 14.187893074394617, "gamma": 0.2674942426548216, "lamda": 0.06665174837445191}, "datetime": {"datetime": "2021-06-28 19:09:45", "elapsed": 1898.140599, "delta": 3.277807}}
{"target": -18.8231320550282, "params": {"C": 19.146561948903027, "epsilon": 13.555897736098526, "gamma": 0.3949983915601517, "lamda": 0.01}, "datetime": {"datetime": "2021-06-28 19:09:49", "elapsed": 1901.679719, "delta": 3.53912}}
{"target": -38.11551551485471, "params": {"C": 16.06909746859073, "epsilon": 9.158833866772452, "gamma": 0.28974002335553684, "lamda": 0.16594300905389303}, "datetime": {"datetime": "2021-06-28 19:10:11", "elapsed": 1924.520238, "delta": 22.840519}}
{"target": -21.037034200352903, "params": {"C": 17.45869777941601, "epsilon": 5.441397882407614, "gamma": 0.5867446376938097, "lamda": 0.8354231442960512}, "datetime": {"datetime": "2021-06-28 19:10:15", "elapsed": 1927.983325, "delta": 3.463087}}
{"target": -19.923797634912543, "params": {"C": 15.802616265807488, "epsilon": 11.178798558126967, "gamma": 0.48334124702710124, "lamda": 0.5782659730033015}, "datetime": {"datetime": "2021-06-28 19:10:16", "elapsed": 1929.523015, "delta": 1.53969}}
{"target": -39.07572347421208, "params": {"C": 15.816131433831915, "epsilon": 12.792609134181482, "gamma": 0.25188276394453374, "lamda": 0.47102545306059845}, "datetime": {"datetime": "2021-06-28 19:10:31", "elapsed": 1944.596712, "delta": 15.073697}}
{"target": -11.376535518222852, "params": {"C": 17.066462831668904, "epsilon": 10.504380641103108, "gamma": 0.01, "lamda": 0.01}, "datetime": {"datetime": "2021-06-28 19:10:35", "elapsed": 1947.740824, "delta": 3.144112}}
{"target": -11.010357316234142, "params": {"C": 19.19781348528047, "epsilon": 14.749103360392368, "gamma": 0.01, "lamda": 0.01}, "datetime": {"datetime": "2021-06-28 19:10:39", "elapsed": 1952.333836, "delta": 4.593012}}
{"target": -14.840551146561978, "params": {"C": 17.380974596809907, "epsilon": 10.334510638691835, "gamma": 0.15401538839689974, "lamda": 0.01}, "datetime": {"datetime": "2021-06-28 19:10:42", "elapsed": 1955.569151, "delta": 3.235315}}
{"target": -80.00156389706706, "params": {"C": 18.824956738357074, "epsilon": 12.839990831875548, "gamma": 0.06800636587388821, "lamda": 0.04310880051286746}, "datetime": {"datetime": "2021-06-28 19:11:03", "elapsed": 1975.92044, "delta": 20.351289}}
{"target": -19.100235312871387, "params": {"C": 18.61972453067476, "epsilon": 13.426050857791727, "gamma": 0.41603665942297374, "lamda": 0.3605437931910237}, "datetime": {"datetime": "2021-06-28 19:11:05", "elapsed": 1977.730852, "delta": 1.810412}}
{"target": -34.607843427310684, "params": {"C": 17.553361478357424, "epsilon": 8.925084188484098, "gamma": 0.45133813958270774, "lamda": 0.7906207784771774}, "datetime": {"datetime": "2021-06-28 19:11:25", "elapsed": 1998.439629, "delta": 20.708777}}
{"target": -15.445130704032053, "params": {"C": 18.199006261675244, "epsilon": 13.297988200196114, "gamma": 0.17136587416268517, "lamda": 0.041407014626477}, "datetime": {"datetime": "2021-06-28 19:11:30", "elapsed": 2003.639204, "delta": 5.199575}}
{"target": -40.2043789100298, "params": {"C": 19.18367305635126, "epsilon": 14.545070464003993, "gamma": 0.226300851137172, "lamda": 0.19984171877146772}, "datetime": {"datetime": "2021-06-28 19:11:42", "elapsed": 2015.403758, "delta": 11.764554}}
{"target": -20.510476377958714, "params": {"C": 18.981487015757438, "epsilon": 13.923487633508792, "gamma": 0.543192466067773, "lamda": 0.0705428066422718}, "datetime": {"datetime": "2021-06-28 19:11:45", "elapsed": 2018.414778, "delta": 3.01102}}
{"target": -17.895341193499643, "params": {"C": 18.41592637452347, "epsilon": 12.156586265307729, "gamma": 0.2989017573031158, "lamda": 0.05818792684694549}, "datetime": {"datetime": "2021-06-28 19:11:48", "elapsed": 2021.438173, "delta": 3.023395}}
{"target": -11.362752290477204, "params": {"C": 17.178772266419443, "epsilon": 10.894389375259289, "gamma": 0.01, "lamda": 0.01}, "datetime": {"datetime": "2021-06-28 19:11:54", "elapsed": 2026.836418, "delta": 5.398245}}
{"target": -19.26224736679002, "params": {"C": 20.0, "epsilon": 5.045875611655338, "gamma": 0.4155885400085286, "lamda": 0.01}, "datetime": {"datetime": "2021-06-28 19:11:57", "elapsed": 2029.960578, "delta": 3.12416}}
{"target": -17.813813070516556, "params": {"C": 19.6511874956532, "epsilon": 9.358209489559385, "gamma": 0.29167548814692057, "lamda": 0.01}, "datetime": {"datetime": "2021-06-28 19:12:01", "elapsed": 2034.408382, "delta": 4.447804}}
{"target": -12.70334702562301, "params": {"C": 19.233817676444005, "epsilon": 12.19973482155557, "gamma": 0.08282141470620355, "lamda": 0.01}, "datetime": {"datetime": "2021-06-28 19:12:04", "elapsed": 2037.241953, "delta": 2.833571}}
{"target": -36.534092086829844, "params": {"C": 19.601963520623805, "epsilon": 6.2673146868625285, "gamma": 0.3486845091143673, "lamda": 0.8201157900873693}, "datetime": {"datetime": "2021-06-28 19:12:30", "elapsed": 2062.798296, "delta": 25.556343}}
{"target": -53.940375248721836, "params": {"C": 17.47726689555492, "epsilon": 11.00749245005813, "gamma": 0.13561424906041336, "lamda": 0.1578423760983596}, "datetime": {"datetime": "2021-06-28 19:12:42", "elapsed": 2075.01308, "delta": 12.214784}}
{"target": -18.037132522615337, "params": {"C": 17.47339531232198, "epsilon": 5.646300054756093, "gamma": 0.30861828285814713, "lamda": 0.6458299337182473}, "datetime": {"datetime": "2021-06-28 19:12:45", "elapsed": 2078.617332, "delta": 3.604252}}
{"target": -18.222727643613602, "params": {"C": 18.83363067341328, "epsilon": 11.88332119573847, "gamma": 0.34074406880107827, "lamda": 0.01}, "datetime": {"datetime": "2021-06-28 19:12:48", "elapsed": 2081.558635, "delta": 2.941303}}
{"target": -20.43731216577469, "params": {"C": 18.12132688041474, "epsilon": 5.331362681972494, "gamma": 0.5244837410826202, "lamda": 0.9864605384183774}, "datetime": {"datetime": "2021-06-28 19:12:54", "elapsed": 2087.159413, "delta": 5.600778}}
{"target": -74.25796139457886, "params": {"C": 19.48891273417764, "epsilon": 10.328513038497956, "gamma": 0.07767930624114806, "lamda": 0.22227827446814752}, "datetime": {"datetime": "2021-06-28 19:13:10", "elapsed": 2103.408053, "delta": 16.24864}}
{"target": -19.745398156886555, "params": {"C": 16.13070340000863, "epsilon": 8.528940801250439, "gamma": 0.4581187810505117, "lamda": 0.01}, "datetime": {"datetime": "2021-06-28 19:13:13", "elapsed": 2106.287121, "delta": 2.879068}}
{"target": -47.233599635298205, "params": {"C": 20.0, "epsilon": 9.23638246045578, "gamma": 0.17196213814108977, "lamda": 0.23059414900856598}, "datetime": {"datetime": "2021-06-28 19:13:25", "elapsed": 2117.86951, "delta": 11.582389}}
{"target": -22.765538630153213, "params": {"C": 19.103858605509153, "epsilon": 6.280326535514571, "gamma": 0.8618886872106609, "lamda": 0.1661319262222089}, "datetime": {"datetime": "2021-06-28 19:13:31", "elapsed": 2123.660045, "delta": 5.790535}}
{"target": -17.015215179326745, "params": {"C": 15.560684177547694, "epsilon": 8.64709145987283, "gamma": 0.2291117222327774, "lamda": 0.014144800996561069}, "datetime": {"datetime": "2021-06-28 19:13:35", "elapsed": 2128.034267, "delta": 4.374222}}
{"target": -35.476540272915976, "params": {"C": 17.227944896745388, "epsilon": 8.716151150742682, "gamma": 0.5152743348757224, "lamda": 0.6751504997980037}, "datetime": {"datetime": "2021-06-28 19:13:50", "elapsed": 2143.602119, "delta": 15.567852}}
{"target": -20.594090428647124, "params": {"C": 16.502310783589493, "epsilon": 14.764104580312734, "gamma": 0.5514391645507337, "lamda": 0.2343086803882431}, "datetime": {"datetime": "2021-06-28 19:13:55", "elapsed": 2148.443995, "delta": 4.841876}}
{"target": -23.22697632167923, "params": {"C": 18.453000762319153, "epsilon": 11.649672722825688, "gamma": 0.9721668436590659, "lamda": 0.19847682615960058}, "datetime": {"datetime": "2021-06-28 19:13:57", "elapsed": 2150.294177, "delta": 1.850182}}
{"target": -21.24108813565319, "params": {"C": 18.327264698857018, "epsilon": 6.332264473230497, "gamma": 0.6164350970260177, "lamda": 0.5893520523652351}, "datetime": {"datetime": "2021-06-28 19:13:59", "elapsed": 2151.989427, "delta": 1.69525}}
{"target": -17.834001887410512, "params": {"C": 16.749053848180854, "epsilon": 14.305223457794764, "gamma": 0.2911761051502772, "lamda": 0.23062236594898458}, "datetime": {"datetime": "2021-06-28 19:14:01", "elapsed": 2153.91463, "delta": 1.925203}}
{"target": -21.564679378239102, "params": {"C": 18.7894228276666, "epsilon": 13.43473283634075, "gamma": 0.7095707263899597, "lamda": 0.15637366796914381}, "datetime": {"datetime": "2021-06-28 19:14:05", "elapsed": 2158.166277, "delta": 4.251647}}
{"target": -20.993808140115476, "params": {"C": 16.470213743752225, "epsilon": 9.903947803474214, "gamma": 0.5959732559890112, "lamda": 0.12407265238462405}, "datetime": {"datetime": "2021-06-28 19:14:09", "elapsed": 2162.511035, "delta": 4.344758}}
{"target": -22.289849005968353, "params": {"C": 16.28551899636232, "epsilon": 9.708099341503228, "gamma": 0.8050756868046305, "lamda": 0.5640559030577432}, "datetime": {"datetime": "2021-06-28 19:14:18", "elapsed": 2170.685223, "delta": 8.174188}}
{"target": -89.5217039401294, "params": {"C": 17.28224643182198, "epsilon": 10.244826876402106, "gamma": 0.052125433935615015, "lamda": 0.3067553276989268}, "datetime": {"datetime": "2021-06-28 19:14:45", "elapsed": 2198.626077, "delta": 27.940854}}
{"target": -13.27649414077471, "params": {"C": 15.0, "epsilon": 11.811305681037284, "gamma": 0.11605417519772218, "lamda": 0.01}, "datetime": {"datetime": "2021-06-28 19:14:50", "elapsed": 2203.032621, "delta": 4.406544}}
{"target": -17.499630576183705, "params": {"C": 15.797934931291847, "epsilon": 7.797645320209577, "gamma": 0.25812617107093094, "lamda": 0.012855086414761675}, "datetime": {"datetime": "2021-06-28 19:14:55", "elapsed": 2208.503264, "delta": 5.470643}}
{"target": -17.73490065531004, "params": {"C": 16.08969421753635, "epsilon": 7.933433747127163, "gamma": 0.28027557808080095, "lamda": 0.020201030819468987}, "datetime": {"datetime": "2021-06-28 19:15:01", "elapsed": 2213.767449, "delta": 5.264185}}
{"target": -11.429812504717873, "params": {"C": 15.349413082032228, "epsilon": 9.232856178829634, "gamma": 0.01, "lamda": 0.01}, "datetime": {"datetime": "2021-06-28 19:15:06", "elapsed": 2218.984657, "delta": 5.217208}}
{"target": -11.412972070588186, "params": {"C": 15.02302444949587, "epsilon": 9.418760345770115, "gamma": 0.01, "lamda": 0.01}, "datetime": {"datetime": "2021-06-28 19:15:11", "elapsed": 2223.90659, "delta": 4.921933}}
{"target": -19.759583242151148, "params": {"C": 15.996630073523853, "epsilon": 14.94080201088276, "gamma": 0.46946142257970813, "lamda": 0.09468065305348845}, "datetime": {"datetime": "2021-06-28 19:15:15", "elapsed": 2227.760118, "delta": 3.853528}}
{"target": -18.24402756486603, "params": {"C": 15.024879140348926, "epsilon": 9.422537851521904, "gamma": 0.351884225241523, "lamda": 0.08666396914190036}, "datetime": {"datetime": "2021-06-28 19:15:18", "elapsed": 2231.520813, "delta": 3.760695}}
