{"target": -79.04869529451432, "params": {"C": 0.1, "epsilon": 10.0, "gamma": 0.1, "lamda": 0.36341402782939575}, "datetime": {"datetime": "2021-06-21 19:25:33", "elapsed": 63.837297, "delta": 5.290851}}
{"target": -27.601592144257943, "params": {"C": 0.06233314767784953, "epsilon": 9.919782654546703, "gamma": 0.479202174441062, "lamda": 0.2958649941382013}, "datetime": {"datetime": "2021-06-21 19:25:34", "elapsed": 64.420737, "delta": 0.58344}}
{"target": -22.92457421839023, "params": {"C": 0.07477318219526013, "epsilon": 5.14900114642005, "gamma": 0.10755192226845522, "lamda": 0.41649444716260875}, "datetime": {"datetime": "2021-06-21 19:25:34", "elapsed": 64.764817, "delta": 0.34408}}
{"target": -22.981753502090534, "params": {"C": 0.1, "epsilon": 9.82598887769629, "gamma": 0.211362079420214, "lamda": 0.6727189734907363}, "datetime": {"datetime": "2021-06-21 19:25:35", "elapsed": 65.230572, "delta": 0.465755}}
{"target": -21.9016198592222, "params": {"C": 0.1, "epsilon": 5.2918600593865746, "gamma": 0.1, "lamda": 0.28997727466249196}, "datetime": {"datetime": "2021-06-21 19:25:35", "elapsed": 65.675382, "delta": 0.44481}}
{"target": -31.799594478154532, "params": {"C": 0.02460122455847213, "epsilon": 9.74253773747202, "gamma": 0.7791873124241148, "lamda": 0.3814189247701279}, "datetime": {"datetime": "2021-06-21 19:25:36", "elapsed": 66.031431, "delta": 0.356049}}
{"target": -28.301873760938932, "params": {"C": 0.05468198284685818, "epsilon": 7.948389157018956, "gamma": 0.4486013803579372, "lamda": 0.13523372354230118}, "datetime": {"datetime": "2021-06-21 19:25:36", "elapsed": 66.400443, "delta": 0.369012}}
{"target": -21.926453633220184, "params": {"C": 0.1, "epsilon": 5.341101820882678, "gamma": 0.1, "lamda": 0.484131779569172}, "datetime": {"datetime": "2021-06-21 19:25:36", "elapsed": 66.961941, "delta": 0.561498}}
{"target": -24.982136098904213, "params": {"C": 0.1, "epsilon": 5.259176193373615, "gamma": 0.2676929413234344, "lamda": 0.4327678235297777}, "datetime": {"datetime": "2021-06-21 19:25:37", "elapsed": 67.545381, "delta": 0.58344}}
{"target": -23.676379067995526, "params": {"C": 0.06862860564226603, "epsilon": 5.215414759305833, "gamma": 0.1288387611558614, "lamda": 0.6164019668882081}, "datetime": {"datetime": "2021-06-21 19:25:38", "elapsed": 68.171707, "delta": 0.626326}}
{"target": -25.77345531721868, "params": {"C": 0.0699821939669954, "epsilon": 5.403298347160962, "gamma": 0.24425480731887245, "lamda": 0.6236543446582592}, "datetime": {"datetime": "2021-06-21 19:25:38", "elapsed": 68.627488, "delta": 0.455781}}
{"target": -82.16600952571581, "params": {"C": 0.006608478975537665, "epsilon": 5.00250363081456, "gamma": 0.10034774937323826, "lamda": 0.6207312027732389}, "datetime": {"datetime": "2021-06-21 19:25:43", "elapsed": 73.276059, "delta": 4.648571}}
{"target": -23.220251584153544, "params": {"C": 0.1, "epsilon": 7.081442770561204, "gamma": 0.1945283053051402, "lamda": 0.37249203550133175}, "datetime": {"datetime": "2021-06-21 19:25:43", "elapsed": 73.940283, "delta": 0.664224}}
{"target": -21.756300434338126, "params": {"C": 0.09422066130762391, "epsilon": 7.029976025610864, "gamma": 0.10507874508636186, "lamda": 0.1928039710383272}, "datetime": {"datetime": "2021-06-21 19:25:44", "elapsed": 74.491807, "delta": 0.551524}}
{"target": -27.60376343031702, "params": {"C": 0.08764897401528327, "epsilon": 9.516311605447772, "gamma": 0.6274822949982545, "lamda": 0.47676268859607607}, "datetime": {"datetime": "2021-06-21 19:25:44", "elapsed": 74.868798, "delta": 0.376991}}
{"target": -31.196401726148014, "params": {"C": 0.02464068519084207, "epsilon": 6.1837763106948085, "gamma": 0.43570260801655214, "lamda": 0.09792950208865471}, "datetime": {"datetime": "2021-06-21 19:25:45", "elapsed": 75.253769, "delta": 0.384971}}
{"target": -24.492538149931917, "params": {"C": 0.04810906605413901, "epsilon": 7.222691488265615, "gamma": 0.12372749101924471, "lamda": 0.20621068011293267}, "datetime": {"datetime": "2021-06-21 19:25:45", "elapsed": 75.764403, "delta": 0.510634}}
{"target": -24.54615713237843, "params": {"C": 0.0587146451957717, "epsilon": 6.822439558720587, "gamma": 0.15994940317822984, "lamda": 0.1054493469789308}, "datetime": {"datetime": "2021-06-21 19:25:46", "elapsed": 76.400702, "delta": 0.636299}}
{"target": -22.282534745657365, "params": {"C": 0.08259079263427956, "epsilon": 7.067395173208723, "gamma": 0.11492726163803892, "lamda": 0.017683734693902588}, "datetime": {"datetime": "2021-06-21 19:25:47", "elapsed": 77.046974, "delta": 0.646272}}
{"target": -33.22989998009418, "params": {"C": 0.003402614832943722, "epsilon": 7.019092622886508, "gamma": 0.22246168326419302, "lamda": 0.1030458200388873}, "datetime": {"datetime": "2021-06-21 19:25:47", "elapsed": 77.607476, "delta": 0.560502}}
{"target": -30.410931184471174, "params": {"C": 0.042520682985235154, "epsilon": 6.256315805572619, "gamma": 0.563963607905704, "lamda": 0.3986153746903375}, "datetime": {"datetime": "2021-06-21 19:25:48", "elapsed": 77.984467, "delta": 0.376991}}
{"target": -22.088451432565154, "params": {"C": 0.09434443379366494, "epsilon": 7.315781466869547, "gamma": 0.12809262815084516, "lamda": 0.028580998471394503}, "datetime": {"datetime": "2021-06-21 19:25:48", "elapsed": 78.577882, "delta": 0.593415}}
{"target": -21.56974341205057, "params": {"C": 0.1, "epsilon": 6.653129073310759, "gamma": 0.1, "lamda": 0.22265638661428963}, "datetime": {"datetime": "2021-06-21 19:25:49", "elapsed": 79.216177, "delta": 0.638295}}
{"target": -31.625461444641463, "params": {"C": 0.019040434048739268, "epsilon": 7.055188633736842, "gamma": 0.438219339392266, "lamda": 0.18605145936357567}, "datetime": {"datetime": "2021-06-21 19:25:49", "elapsed": 79.574215, "delta": 0.358038}}
{"target": -31.291407736722434, "params": {"C": 0.018624938165971706, "epsilon": 7.789077488626761, "gamma": 0.40434850084327456, "lamda": 0.40482654911589233}, "datetime": {"datetime": "2021-06-21 19:25:49", "elapsed": 79.947218, "delta": 0.373003}}
{"target": -32.61018945105642, "params": {"C": 0.010450326536963525, "epsilon": 5.027699936248107, "gamma": 0.3197191634721703, "lamda": 0.6454372100020271}, "datetime": {"datetime": "2021-06-21 19:25:50", "elapsed": 80.316231, "delta": 0.369013}}
{"target": -22.357725357599794, "params": {"C": 0.09895302277187218, "epsilon": 6.507565327996386, "gamma": 0.13966989474553193, "lamda": 0.08419333400910034}, "datetime": {"datetime": "2021-06-21 19:25:50", "elapsed": 80.883714, "delta": 0.567483}}
{"target": -21.63084640882263, "params": {"C": 0.1, "epsilon": 6.446765686676022, "gamma": 0.1, "lamda": 0.27893982181570787}, "datetime": {"datetime": "2021-06-21 19:25:51", "elapsed": 81.392354, "delta": 0.50864}}
{"target": -26.2118909205957, "params": {"C": 0.036035457263727526, "epsilon": 6.316264179105977, "gamma": 0.14673985205516132, "lamda": 0.12460423918484406}, "datetime": {"datetime": "2021-06-21 19:25:52", "elapsed": 81.997741, "delta": 0.605387}}
{"target": -85.66122883526766, "params": {"C": 0.012040337339308173, "epsilon": 6.526968664304116, "gamma": 0.10110043638003688, "lamda": 0.4558905777718811}, "datetime": {"datetime": "2021-06-21 19:25:58", "elapsed": 88.818494, "delta": 6.820753}}
{"target": -25.84863587502869, "params": {"C": 0.09311900238516237, "epsilon": 6.47453091272285, "gamma": 0.3469905452925568, "lamda": 0.19926944915843195}, "datetime": {"datetime": "2021-06-21 19:25:59", "elapsed": 89.376999, "delta": 0.558505}}
{"target": -26.091728684618293, "params": {"C": 0.058821305075703545, "epsilon": 6.6390090557233945, "gamma": 0.24261751172124255, "lamda": 0.15734657801308669}, "datetime": {"datetime": "2021-06-21 19:26:00", "elapsed": 90.11303, "delta": 0.736031}}
{"target": -26.590119921742843, "params": {"C": 0.1, "epsilon": 5.234758873583354, "gamma": 0.4045508643919054, "lamda": 0.6740504938155468}, "datetime": {"datetime": "2021-06-21 19:26:00", "elapsed": 90.724395, "delta": 0.611365}}
{"target": -21.689000326791486, "params": {"C": 0.1, "epsilon": 6.2005145777100195, "gamma": 0.1, "lamda": 0.2828816790016366}, "datetime": {"datetime": "2021-06-21 19:26:01", "elapsed": 91.364687, "delta": 0.640292}}
{"target": -25.15983963021644, "params": {"C": 0.08794639107904714, "epsilon": 6.162454343336934, "gamma": 0.2656719603646338, "lamda": 0.3807179969866272}, "datetime": {"datetime": "2021-06-21 19:26:01", "elapsed": 91.842405, "delta": 0.477718}}
{"target": -30.75223279125631, "params": {"C": 0.023950550985969557, "epsilon": 7.455705660853781, "gamma": 0.39701335991702624, "lamda": 0.4762454280595402}, "datetime": {"datetime": "2021-06-21 19:26:02", "elapsed": 92.26727, "delta": 0.424865}}
{"target": -21.75764462200749, "params": {"C": 0.1, "epsilon": 6.026075352306191, "gamma": 0.1, "lamda": 0.4162469732043807}, "datetime": {"datetime": "2021-06-21 19:26:02", "elapsed": 92.948449, "delta": 0.681179}}
{"target": -27.12104388880478, "params": {"C": 0.037178774501384154, "epsilon": 6.011476495122772, "gamma": 0.18923445611913609, "lamda": 0.6094002166783659}, "datetime": {"datetime": "2021-06-21 19:26:03", "elapsed": 93.746316, "delta": 0.797867}}
{"target": -84.8112670641095, "params": {"C": 0.1, "epsilon": 5.800602500508917, "gamma": 0.1, "lamda": 0.48057852145350627}, "datetime": {"datetime": "2021-06-21 19:26:08", "elapsed": 98.043823, "delta": 4.297507}}
{"target": -29.234610864100485, "params": {"C": 0.02691180636561434, "epsilon": 5.893122080737035, "gamma": 0.24926953654530914, "lamda": 0.28207379139170574}, "datetime": {"datetime": "2021-06-21 19:26:08", "elapsed": 98.475668, "delta": 0.431845}}
{"target": -23.204959892298106, "params": {"C": 0.07624225198826534, "epsilon": 6.147101370871371, "gamma": 0.13496749697418592, "lamda": 0.5127101132242972}, "datetime": {"datetime": "2021-06-21 19:26:09", "elapsed": 99.158841, "delta": 0.683173}}
{"target": -31.623247828872653, "params": {"C": 0.02963832460637848, "epsilon": 5.040453413312586, "gamma": 0.5499237821039782, "lamda": 0.5685222161178057}, "datetime": {"datetime": "2021-06-21 19:26:09", "elapsed": 99.680448, "delta": 0.521607}}
{"target": -22.326469749712988, "params": {"C": 0.08364215912783701, "epsilon": 7.203679345485279, "gamma": 0.1151388636154783, "lamda": 0.5445264867692341}, "datetime": {"datetime": "2021-06-21 19:26:10", "elapsed": 100.408015, "delta": 0.727567}}
{"target": -83.47140679452556, "params": {"C": 0.1, "epsilon": 7.0036028219316755, "gamma": 0.1, "lamda": 0.5645248239530092}, "datetime": {"datetime": "2021-06-21 19:26:16", "elapsed": 106.322919, "delta": 5.914904}}
{"target": -26.67693155995971, "params": {"C": 0.09848774591408999, "epsilon": 8.39442190148784, "gamma": 0.5046832891694145, "lamda": 0.5360093131343168}, "datetime": {"datetime": "2021-06-21 19:26:16", "elapsed": 106.794657, "delta": 0.471738}}
{"target": -22.798277792494776, "params": {"C": 0.1, "epsilon": 7.292907389398143, "gamma": 0.17331961290508202, "lamda": 0.4310675349326501}, "datetime": {"datetime": "2021-06-21 19:26:17", "elapsed": 107.463874, "delta": 0.669217}}
{"target": -32.2092208309726, "params": {"C": 0.01798243205853453, "epsilon": 8.655348412720858, "gamma": 0.6486803863347548, "lamda": 0.3711814024226307}, "datetime": {"datetime": "2021-06-21 19:26:17", "elapsed": 107.896711, "delta": 0.432837}}
{"target": -77.95368542064062, "params": {"C": 0.08190396808205654, "epsilon": 7.359276209589727, "gamma": 0.10736023658625148, "lamda": 0.6124638063144859}, "datetime": {"datetime": "2021-06-21 19:26:26", "elapsed": 116.179563, "delta": 8.282852}}
{"target": -33.025136082185334, "params": {"C": 0.002551818511966823, "epsilon": 7.193775709855867, "gamma": 0.12657480270031932, "lamda": 0.3954515800904037}, "datetime": {"datetime": "2021-06-21 19:26:26", "elapsed": 116.857749, "delta": 0.678186}}
{"target": -23.588383010097704, "params": {"C": 0.07135547660595441, "epsilon": 8.18658013298396, "gamma": 0.15988759242801437, "lamda": 0.13597868434142535}, "datetime": {"datetime": "2021-06-21 19:26:27", "elapsed": 117.318519, "delta": 0.46077}}
{"target": -22.083524089925266, "params": {"C": 0.09784121426193096, "epsilon": 6.04407491349978, "gamma": 0.11426860871724842, "lamda": 0.23786162326745142}, "datetime": {"datetime": "2021-06-21 19:26:28", "elapsed": 118.114388, "delta": 0.795869}}
{"target": -27.277460933232682, "params": {"C": 0.046796408723901166, "epsilon": 8.496629370121271, "gamma": 0.30907425295968827, "lamda": 0.25912474409862596}, "datetime": {"datetime": "2021-06-21 19:26:28", "elapsed": 118.647962, "delta": 0.533574}}
{"target": -30.64508662258773, "params": {"C": 0.039310592768983584, "epsilon": 7.805603560239302, "gamma": 0.6335036598994559, "lamda": 0.2675482256810507}, "datetime": {"datetime": "2021-06-21 19:26:29", "elapsed": 119.25035, "delta": 0.602388}}
{"target": -25.370321117013088, "params": {"C": 0.08534203935488634, "epsilon": 7.228141759323826, "gamma": 0.2995423581827692, "lamda": 0.27786122041514644}, "datetime": {"datetime": "2021-06-21 19:26:30", "elapsed": 120.197817, "delta": 0.947467}}
{"target": -30.79901454321159, "params": {"C": 0.0538894156797455, "epsilon": 6.473243094260819, "gamma": 0.7881377528848171, "lamda": 0.02917344795380173}, "datetime": {"datetime": "2021-06-21 19:26:30", "elapsed": 120.770286, "delta": 0.572469}}
{"target": -26.789752257146045, "params": {"C": 0.04043910573958048, "epsilon": 6.002071213695357, "gamma": 0.18939404045344987, "lamda": 0.6162943431849321}, "datetime": {"datetime": "2021-06-21 19:26:31", "elapsed": 121.338766, "delta": 0.56848}}
{"target": -26.502793739351688, "params": {"C": 0.08908554985065552, "epsilon": 6.783736018302836, "gamma": 0.39757750104265566, "lamda": 0.2475687808923644}, "datetime": {"datetime": "2021-06-21 19:26:32", "elapsed": 122.004985, "delta": 0.666219}}
{"target": -24.37960740360789, "params": {"C": 0.05645220769175152, "epsilon": 5.181028866202284, "gamma": 0.12262125745394553, "lamda": 0.14087109298014688}, "datetime": {"datetime": "2021-06-21 19:26:32", "elapsed": 122.57546, "delta": 0.570475}}
{"target": -31.608514821775636, "params": {"C": 0.005912306323377158, "epsilon": 6.111657817728294, "gamma": 0.10499957156321593, "lamda": 0.3776669260121458}, "datetime": {"datetime": "2021-06-21 19:26:33", "elapsed": 123.309497, "delta": 0.734037}}
{"target": -24.343000025048124, "params": {"C": 0.09912905564448599, "epsilon": 6.301043916084659, "gamma": 0.2439331747203757, "lamda": 0.22267047408807103}, "datetime": {"datetime": "2021-06-21 19:26:33", "elapsed": 123.982697, "delta": 0.6732}}
{"target": -24.78250415474792, "params": {"C": 0.09949191666572813, "epsilon": 7.386441579683469, "gamma": 0.29616306968724726, "lamda": 0.04417200092450038}, "datetime": {"datetime": "2021-06-21 19:26:34", "elapsed": 124.836414, "delta": 0.853717}}
{"target": -81.1392151560136, "params": {"C": 0.024985185893656576, "epsilon": 5.388386296174877, "gamma": 0.11253079873125672, "lamda": 0.6941585170624052}, "datetime": {"datetime": "2021-06-21 19:26:38", "elapsed": 128.443768, "delta": 3.607354}}
{"target": -32.280874110431604, "params": {"C": 0.021769067918754863, "epsilon": 5.342440951820088, "gamma": 0.5557844709178752, "lamda": 0.25998975189842244}, "datetime": {"datetime": "2021-06-21 19:26:38", "elapsed": 128.982327, "delta": 0.538559}}
{"target": -26.044737457320423, "params": {"C": 0.1, "epsilon": 5.406511934080646, "gamma": 0.3602651542969268, "lamda": 0.5413986554661815}, "datetime": {"datetime": "2021-06-21 19:26:39", "elapsed": 129.734318, "delta": 0.751991}}
{"target": -27.868224290331316, "params": {"C": 0.06115134432797148, "epsilon": 8.279702129337961, "gamma": 0.4579493484537479, "lamda": 0.3250093825225455}, "datetime": {"datetime": "2021-06-21 19:26:40", "elapsed": 130.1891, "delta": 0.454782}}
{"target": -22.706189259331786, "params": {"C": 0.09832134003070016, "epsilon": 7.395516056066603, "gamma": 0.17100862135845496, "lamda": 0.20267596513114036}, "datetime": {"datetime": "2021-06-21 19:26:41", "elapsed": 130.987963, "delta": 0.798863}}
{"target": -21.51479412123745, "params": {"C": 0.1, "epsilon": 6.674735946302735, "gamma": 0.1, "lamda": 0.009}, "datetime": {"datetime": "2021-06-21 19:26:41", "elapsed": 131.751923, "delta": 0.76396}}
{"target": -30.173034447235914, "params": {"C": 0.014045764321908238, "epsilon": 5.293933102654049, "gamma": 0.15302027886616668, "lamda": 0.42957885356588454}, "datetime": {"datetime": "2021-06-21 19:26:42", "elapsed": 132.60065, "delta": 0.848727}}
{"target": -26.081582681972186, "params": {"C": 0.09296614385857903, "epsilon": 7.024147440934039, "gamma": 0.3776557920968181, "lamda": 0.40065539876669615}, "datetime": {"datetime": "2021-06-21 19:26:43", "elapsed": 133.339676, "delta": 0.739026}}
{"target": -21.93208836403613, "params": {"C": 0.09307699638034198, "epsilon": 9.42205595110074, "gamma": 0.1503147514503994, "lamda": 0.04969977261685342}, "datetime": {"datetime": "2021-06-21 19:26:43", "elapsed": 133.793462, "delta": 0.453786}}
{"target": -22.83506927103751, "params": {"C": 0.09037085834339835, "epsilon": 9.173719496959503, "gamma": 0.18351715409932406, "lamda": 0.14041262999720455}, "datetime": {"datetime": "2021-06-21 19:26:44", "elapsed": 134.560413, "delta": 0.766951}}
{"target": -25.170838709263222, "params": {"C": 0.08211104613811798, "epsilon": 9.118801038427137, "gamma": 0.3177820792467214, "lamda": 0.0383156629884195}, "datetime": {"datetime": "2021-06-21 19:26:45", "elapsed": 135.237601, "delta": 0.677188}}
{"target": -25.63529491849482, "params": {"C": 0.042491866197427834, "epsilon": 5.573795012886999, "gamma": 0.1391891889125315, "lamda": 0.23785354190522578}, "datetime": {"datetime": "2021-06-21 19:26:45", "elapsed": 135.794114, "delta": 0.556513}}
{"target": -25.161792141664975, "params": {"C": 0.03229658221768975, "epsilon": 9.034035293302942, "gamma": 0.10753735547204075, "lamda": 0.025804665743203836}, "datetime": {"datetime": "2021-06-21 19:26:46", "elapsed": 136.489254, "delta": 0.69514}}
{"target": -75.6885674582438, "params": {"C": 0.001, "epsilon": 9.940354694108315, "gamma": 0.11909953878067753, "lamda": 0.7}, "datetime": {"datetime": "2021-06-21 19:26:51", "elapsed": 141.875849, "delta": 5.386595}}
{"target": -25.193142749323737, "params": {"C": 0.08094477008312036, "epsilon": 9.672838881765056, "gamma": 0.31820078643105654, "lamda": 0.6742667394576909}, "datetime": {"datetime": "2021-06-21 19:26:52", "elapsed": 142.681696, "delta": 0.805847}}
{"target": -26.976090402158228, "params": {"C": 0.1, "epsilon": 6.572803478282477, "gamma": 0.48535705917341687, "lamda": 0.35563188346794555}, "datetime": {"datetime": "2021-06-21 19:26:53", "elapsed": 143.30802, "delta": 0.626324}}
{"target": -23.68853285656206, "params": {"C": 0.08268487720536452, "epsilon": 9.717206236682257, "gamma": 0.21199887958676053, "lamda": 0.5673774797750973}, "datetime": {"datetime": "2021-06-21 19:26:54", "elapsed": 144.2874, "delta": 0.97938}}
{"target": -24.817498739697513, "params": {"C": 0.08154079307339794, "epsilon": 8.954492610904623, "gamma": 0.28137142682336425, "lamda": 0.1735739899976547}, "datetime": {"datetime": "2021-06-21 19:26:55", "elapsed": 145.111197, "delta": 0.823797}}
{"target": -26.400631209248044, "params": {"C": 0.08906787242822183, "epsilon": 8.92106370887927, "gamma": 0.45765173206692966, "lamda": 0.03003179414292223}, "datetime": {"datetime": "2021-06-21 19:26:55", "elapsed": 145.857203, "delta": 0.746006}}
{"target": -31.694137208944984, "params": {"C": 0.00541759173136101, "epsilon": 7.450717401709623, "gamma": 0.1234005669196587, "lamda": 0.02641314665738185}, "datetime": {"datetime": "2021-06-21 19:26:56", "elapsed": 146.563315, "delta": 0.706112}}
{"target": -26.557204033577385, "params": {"C": 0.06515132143374755, "epsilon": 8.271116845928477, "gamma": 0.341920626084122, "lamda": 0.6045634958813726}, "datetime": {"datetime": "2021-06-21 19:26:57", "elapsed": 147.077939, "delta": 0.514624}}
{"target": -24.728074373446876, "params": {"C": 0.09870905500588219, "epsilon": 5.22810238296822, "gamma": 0.24764612740501324, "lamda": 0.588133534303835}, "datetime": {"datetime": "2021-06-21 19:26:57", "elapsed": 147.737178, "delta": 0.659239}}
{"target": -23.385616224539813, "params": {"C": 0.1, "epsilon": 8.867048565360388, "gamma": 0.2318424814798719, "lamda": 0.009}, "datetime": {"datetime": "2021-06-21 19:26:58", "elapsed": 148.429326, "delta": 0.692148}}
{"target": -25.814245108332155, "params": {"C": 0.0358207774805257, "epsilon": 6.764994612432519, "gamma": 0.12857054970462412, "lamda": 0.16238403740520335}, "datetime": {"datetime": "2021-06-21 19:26:58", "elapsed": 148.933979, "delta": 0.504653}}
{"target": -24.66033861865875, "params": {"C": 0.09641273476389843, "epsilon": 9.824461446019884, "gamma": 0.3197941350809988, "lamda": 0.4833034880462296}, "datetime": {"datetime": "2021-06-21 19:26:59", "elapsed": 149.427655, "delta": 0.493676}}
{"target": -27.058155789790266, "params": {"C": 0.06300704749678733, "epsilon": 8.733628570006722, "gamma": 0.39875656469271525, "lamda": 0.12080498896932473}, "datetime": {"datetime": "2021-06-21 19:27:00", "elapsed": 150.283367, "delta": 0.855712}}
{"target": -28.75882330777429, "params": {"C": 0.021105231174858612, "epsilon": 4.501836893059888, "gamma": 0.1456852576356093, "lamda": 0.4820527987989988}, "datetime": {"datetime": "2021-06-21 19:27:00", "elapsed": 150.810959, "delta": 0.527592}}
{"target": -21.046783158118885, "params": {"C": 0.1, "epsilon": 8.847608323565407, "gamma": 0.1, "lamda": 0.1517968836318675}, "datetime": {"datetime": "2021-06-21 19:27:01", "elapsed": 151.608822, "delta": 0.797863}}
{"target": -30.980109233081198, "params": {"C": 0.027315235005265545, "epsilon": 8.484484567517582, "gamma": 0.5414060223032485, "lamda": 0.4846826965059893}, "datetime": {"datetime": "2021-06-21 19:27:02", "elapsed": 152.149376, "delta": 0.540554}}
