{"target": -93.4304326736429, "params": {"C": 33.92646324857662, "epsilon": 7.390019889480209, "gamma": 0.03804564571135586, "lamda": 0.01681831312755925}, "datetime": {"datetime": "2021-06-28 21:04:54", "elapsed": 5380.497641, "delta": 6.94543}}
{"target": -98.68620309120614, "params": {"C": 34.367853549129975, "epsilon": 8.89776142834073, "gamma": 0.024389746703826785, "lamda": 0.04444670528326932}, "datetime": {"datetime": "2021-06-28 21:05:01", "elapsed": 5387.651661, "delta": 7.15402}}
{"target": -97.05929192474815, "params": {"C": 32.98113685685139, "epsilon": 13.558941747055052, "gamma": 0.025555995951198264, "lamda": 0.01442150511079511}, "datetime": {"datetime": "2021-06-28 21:05:08", "elapsed": 5394.277943, "delta": 6.626282}}
{"target": -95.94538325900469, "params": {"C": 30.418638198219586, "epsilon": 12.993146872119201, "gamma": 0.03444399144104874, "lamda": 0.031636251778012776}, "datetime": {"datetime": "2021-06-28 21:05:14", "elapsed": 5400.225041, "delta": 5.947098}}
{"target": -103.94026883053688, "params": {"C": 32.414622265932046, "epsilon": 11.192904361376465, "gamma": 0.023183224279038142, "lamda": 0.015468771198304938}, "datetime": {"datetime": "2021-06-28 21:05:20", "elapsed": 5406.402526, "delta": 6.177485}}
{"target": -102.38610794430802, "params": {"C": 34.49962201033658, "epsilon": 11.657536244955164, "gamma": 0.019553985211746845, "lamda": 0.04679692619757662}, "datetime": {"datetime": "2021-06-28 21:05:26", "elapsed": 5412.428413, "delta": 6.025887}}
{"target": -90.72248332103203, "params": {"C": 30.194680929199638, "epsilon": 7.888481580845186, "gamma": 0.01408818657611767, "lamda": 0.030021246078299146}, "datetime": {"datetime": "2021-06-28 21:05:33", "elapsed": 5419.142461, "delta": 6.714048}}
{"target": -96.10073274373967, "params": {"C": 31.06037353184868, "epsilon": 10.1830873150429, "gamma": 0.04432190535635343, "lamda": 0.019097253525109048}, "datetime": {"datetime": "2021-06-28 21:05:40", "elapsed": 5426.407036, "delta": 7.264575}}
{"target": -93.37617921646105, "params": {"C": 32.33800853842243, "epsilon": 10.713434215806426, "gamma": 0.042883277178592624, "lamda": 0.013696488430308303}, "datetime": {"datetime": "2021-06-28 21:05:47", "elapsed": 5433.356455, "delta": 6.949419}}
{"target": -92.91303904535745, "params": {"C": 31.399377884195964, "epsilon": 14.81956945265663, "gamma": 0.03616589057410566, "lamda": 0.03256396627561875}, "datetime": {"datetime": "2021-06-28 21:05:54", "elapsed": 5440.426552, "delta": 7.070097}}
{"target": -102.25988085176006, "params": {"C": 32.39451084230822, "epsilon": 10.712257339105555, "gamma": 0.02632325061641485, "lamda": 0.021652270089230312}, "datetime": {"datetime": "2021-06-28 21:06:00", "elapsed": 5446.393598, "delta": 5.967046}}
{"target": -91.38811510174648, "params": {"C": 32.79556119921791, "epsilon": 5.117702700341821, "gamma": 0.042884164795976, "lamda": 0.04230512343410935}, "datetime": {"datetime": "2021-06-28 21:06:07", "elapsed": 5453.916482, "delta": 7.522884}}
{"target": -98.05314499324376, "params": {"C": 31.62195008090125, "epsilon": 9.207301335129747, "gamma": 0.0346116725586982, "lamda": 0.017922933810768114}, "datetime": {"datetime": "2021-06-28 21:06:14", "elapsed": 5460.265506, "delta": 6.349024}}
{"target": -100.95710333014149, "params": {"C": 31.304592597143852, "epsilon": 12.909826047307586, "gamma": 0.029080077594520935, "lamda": 0.04267850322075698}, "datetime": {"datetime": "2021-06-28 21:06:20", "elapsed": 5466.313337, "delta": 6.047831}}
{"target": -100.52562122480975, "params": {"C": 34.4974647428159, "epsilon": 8.837453134395354, "gamma": 0.027106125606633294, "lamda": 0.02207329344879508}, "datetime": {"datetime": "2021-06-28 21:06:27", "elapsed": 5473.542009, "delta": 7.228672}}
{"target": -104.29209660677965, "params": {"C": 30.466626744215134, "epsilon": 12.484101454949098, "gamma": 0.024444926421132454, "lamda": 0.04353281557951079}, "datetime": {"datetime": "2021-06-28 21:06:34", "elapsed": 5480.711839, "delta": 7.16983}}
{"target": -92.94594549336536, "params": {"C": 31.475577284840693, "epsilon": 12.689752187355216, "gamma": 0.013158439019325173, "lamda": 0.017634945749636418}, "datetime": {"datetime": "2021-06-28 21:06:41", "elapsed": 5487.541575, "delta": 6.829736}}
{"target": -93.02433740424804, "params": {"C": 31.428397000567315, "epsilon": 14.314925100656676, "gamma": 0.042393509061359316, "lamda": 0.04017234468508072}, "datetime": {"datetime": "2021-06-28 21:06:48", "elapsed": 5494.38428, "delta": 6.842705}}
{"target": -103.68627215089418, "params": {"C": 30.08821842354552, "epsilon": 10.169557806989559, "gamma": 0.025662398103691683, "lamda": 0.04326683259775742}, "datetime": {"datetime": "2021-06-28 21:06:55", "elapsed": 5501.597991, "delta": 7.213711}}
{"target": -100.00276361812479, "params": {"C": 30.15995708537433, "epsilon": 8.520927829423051, "gamma": 0.02069114195513183, "lamda": 0.01765650329146555}, "datetime": {"datetime": "2021-06-28 21:07:02", "elapsed": 5509.000781, "delta": 7.40279}}
{"target": -101.14443409067644, "params": {"C": 31.829332294955503, "epsilon": 8.688901736845148, "gamma": 0.01697983636180443, "lamda": 0.04243082275493858}, "datetime": {"datetime": "2021-06-28 21:07:10", "elapsed": 5516.072872, "delta": 7.072091}}
{"target": -90.41794152014702, "params": {"C": 33.80413295143047, "epsilon": 11.687171736382595, "gamma": 0.04584562268043539, "lamda": 0.043499285796198495}, "datetime": {"datetime": "2021-06-28 21:07:18", "elapsed": 5524.291936, "delta": 8.219064}}
{"target": -94.88440066877175, "params": {"C": 31.329624096718575, "epsilon": 13.168625297748008, "gamma": 0.04384940135921395, "lamda": 0.03911094485198604}, "datetime": {"datetime": "2021-06-28 21:07:25", "elapsed": 5531.646728, "delta": 7.354792}}
{"target": -89.35108010775548, "params": {"C": 30.4388558761488, "epsilon": 8.377174323031307, "gamma": 0.013059340326763431, "lamda": 0.03433389020341446}, "datetime": {"datetime": "2021-06-28 21:07:31", "elapsed": 5537.559909, "delta": 5.913181}}
{"target": -102.5064730222572, "params": {"C": 32.155691670174484, "epsilon": 14.255132979442903, "gamma": 0.03507966344480745, "lamda": 0.014070624525299653}, "datetime": {"datetime": "2021-06-28 21:07:38", "elapsed": 5544.600085, "delta": 7.040176}}
{"target": -93.55146510159328, "params": {"C": 31.55037071230248, "epsilon": 13.889338428736032, "gamma": 0.042423015655181584, "lamda": 0.037840935246134404}, "datetime": {"datetime": "2021-06-28 21:07:45", "elapsed": 5551.749969, "delta": 7.149884}}
{"target": -100.03883702623521, "params": {"C": 31.54916953270235, "epsilon": 13.240657067898859, "gamma": 0.02324476933510222, "lamda": 0.0249924448858539}, "datetime": {"datetime": "2021-06-28 21:07:53", "elapsed": 5559.120262, "delta": 7.370293}}
{"target": -101.543424736692, "params": {"C": 33.396548510588694, "epsilon": 5.562032027740703, "gamma": 0.025467907954113092, "lamda": 0.030621058762700284}, "datetime": {"datetime": "2021-06-28 21:07:59", "elapsed": 5565.747542, "delta": 6.62728}}
{"target": -95.0960900996207, "params": {"C": 32.19841188824304, "epsilon": 8.024300901377739, "gamma": 0.016872372685186727, "lamda": 0.023224072608055462}, "datetime": {"datetime": "2021-06-28 21:08:07", "elapsed": 5573.395095, "delta": 7.647553}}
{"target": -93.02317920981083, "params": {"C": 33.54650493573748, "epsilon": 10.722429911571755, "gamma": 0.01473061594286873, "lamda": 0.024026561953257506}, "datetime": {"datetime": "2021-06-28 21:08:15", "elapsed": 5581.335862, "delta": 7.940767}}
{"target": -100.07873732852732, "params": {"C": 32.810381444780965, "epsilon": 13.530611696967743, "gamma": 0.024624625917315915, "lamda": 0.012075215864655675}, "datetime": {"datetime": "2021-06-28 21:08:23", "elapsed": 5589.521974, "delta": 8.186112}}
{"target": -100.87264644726115, "params": {"C": 30.040979785770592, "epsilon": 11.386534907356587, "gamma": 0.02523008204671122, "lamda": 0.02914626977595907}, "datetime": {"datetime": "2021-06-28 21:08:31", "elapsed": 5597.159553, "delta": 7.637579}}
{"target": -92.66076003257827, "params": {"C": 34.844974028309785, "epsilon": 14.694674211482774, "gamma": 0.014650702602492727, "lamda": 0.02374829697988209}, "datetime": {"datetime": "2021-06-28 21:08:38", "elapsed": 5604.808101, "delta": 7.648548}}
{"target": -95.51039926899702, "params": {"C": 34.34616860038657, "epsilon": 9.00432351938459, "gamma": 0.017017998235243574, "lamda": 0.03249485110536046}, "datetime": {"datetime": "2021-06-28 21:08:45", "elapsed": 5611.791431, "delta": 6.98333}}
{"target": -99.87838827885493, "params": {"C": 30.4285595740473, "epsilon": 7.017147512244013, "gamma": 0.01961360936080215, "lamda": 0.020218985602196725}, "datetime": {"datetime": "2021-06-28 21:08:53", "elapsed": 5619.579607, "delta": 7.788176}}
{"target": -101.2140830591854, "params": {"C": 31.82145347672182, "epsilon": 6.096469027304944, "gamma": 0.02111569493517458, "lamda": 0.03414728970115699}, "datetime": {"datetime": "2021-06-28 21:09:00", "elapsed": 5626.76772, "delta": 7.188113}}
{"target": -90.46753215358405, "params": {"C": 30.275248570081207, "epsilon": 14.401417050221477, "gamma": 0.014263223888075972, "lamda": 0.02448058665152703}, "datetime": {"datetime": "2021-06-28 21:09:07", "elapsed": 5633.858968, "delta": 7.091248}}
{"target": -100.47558616155226, "params": {"C": 34.78663689473548, "epsilon": 10.999974728989766, "gamma": 0.019950051191371655, "lamda": 0.04349636453258471}, "datetime": {"datetime": "2021-06-28 21:09:16", "elapsed": 5642.138091, "delta": 8.279123}}
{"target": -97.13399250137175, "params": {"C": 30.978545779636903, "epsilon": 11.390641589245819, "gamma": 0.030425955831795075, "lamda": 0.028418824748673986}, "datetime": {"datetime": "2021-06-28 21:09:23", "elapsed": 5649.604128, "delta": 7.466037}}
{"target": -97.37388770976536, "params": {"C": 32.66355479244116, "epsilon": 14.122343465429129, "gamma": 0.030850070295841782, "lamda": 0.020305078852917567}, "datetime": {"datetime": "2021-06-28 21:09:31", "elapsed": 5657.331467, "delta": 7.727339}}
{"target": -90.22223044980642, "params": {"C": 34.67481710867619, "epsilon": 9.973683066866105, "gamma": 0.012281531802262099, "lamda": 0.022617654598643164}, "datetime": {"datetime": "2021-06-28 21:09:36", "elapsed": 5662.726043, "delta": 5.394576}}
{"target": -96.82754035650221, "params": {"C": 32.713981520707705, "epsilon": 10.496197532407855, "gamma": 0.028856284891946075, "lamda": 0.03992615322810465}, "datetime": {"datetime": "2021-06-28 21:09:44", "elapsed": 5670.792476, "delta": 8.066433}}
{"target": -95.54715991315621, "params": {"C": 34.56042907148925, "epsilon": 6.434872357486407, "gamma": 0.04386526210756236, "lamda": 0.03298314913257447}, "datetime": {"datetime": "2021-06-28 21:09:52", "elapsed": 5678.422075, "delta": 7.629599}}
{"target": -91.89730274521854, "params": {"C": 34.67067205077283, "epsilon": 5.027212599531861, "gamma": 0.045994071305957486, "lamda": 0.024552668792146383}, "datetime": {"datetime": "2021-06-28 21:10:00", "elapsed": 5686.704933, "delta": 8.282858}}
{"target": -91.43959951128865, "params": {"C": 32.24002138616675, "epsilon": 12.907370528031148, "gamma": 0.041272895416900914, "lamda": 0.02439202849588451}, "datetime": {"datetime": "2021-06-28 21:10:07", "elapsed": 5693.128752, "delta": 6.423819}}
{"target": -103.62200697519248, "params": {"C": 32.673768178675004, "epsilon": 10.602781796264374, "gamma": 0.024965635128723206, "lamda": 0.021175020895532}, "datetime": {"datetime": "2021-06-28 21:10:14", "elapsed": 5700.790267, "delta": 7.661515}}
{"target": -95.08577826754058, "params": {"C": 33.396573081702215, "epsilon": 8.7665133856973, "gamma": 0.03143366670777213, "lamda": 0.038211659942160685}, "datetime": {"datetime": "2021-06-28 21:10:21", "elapsed": 5707.763638, "delta": 6.973371}}
{"target": -96.65692847959757, "params": {"C": 30.23607598598564, "epsilon": 14.620820287484095, "gamma": 0.021331084562473852, "lamda": 0.01436293990564852}, "datetime": {"datetime": "2021-06-28 21:10:28", "elapsed": 5714.957387, "delta": 7.193749}}
{"target": -93.70273559659805, "params": {"C": 34.20811437583336, "epsilon": 11.761141021217172, "gamma": 0.016872353793338714, "lamda": 0.025760338520100963}, "datetime": {"datetime": "2021-06-28 21:10:36", "elapsed": 5722.370566, "delta": 7.413179}}
{"target": -11.282887018204518, "params": {"C": 31.49923502207501, "epsilon": 5.867284028153588, "gamma": 0.018466262112413992, "lamda": 0.010045846203929369}, "datetime": {"datetime": "2021-06-28 21:10:38", "elapsed": 5724.250539, "delta": 1.879973}}
{"target": -100.9572604053903, "params": {"C": 31.38182800658058, "epsilon": 7.828907924452518, "gamma": 0.037456471045319406, "lamda": 0.03761053605497179}, "datetime": {"datetime": "2021-06-28 21:10:46", "elapsed": 5732.359856, "delta": 8.109317}}
{"target": -96.89733377249658, "params": {"C": 33.476495150867976, "epsilon": 5.3103421750912645, "gamma": 0.020685595988086187, "lamda": 0.03327357204972989}, "datetime": {"datetime": "2021-06-28 21:10:54", "elapsed": 5741.042641, "delta": 8.682785}}
{"target": -97.97419154069567, "params": {"C": 32.07224335817689, "epsilon": 10.558449197171244, "gamma": 0.027657438757850525, "lamda": 0.024909216847491412}, "datetime": {"datetime": "2021-06-28 21:11:02", "elapsed": 5748.502695, "delta": 7.460054}}
