{"target": -10.743665942468814, "params": {"C": 6.160727032338196, "epsilon": 6.097556345665194, "gamma": 0.04355985562068948, "lamda": 0.06900285075578874}, "datetime": {"datetime": "2021-06-28 12:54:36", "elapsed": 1154.570605, "delta": 1.636728}}
{"target": -10.604878571354496, "params": {"C": 5.81494168925012, "epsilon": 6.624890709859942, "gamma": 0.05190777470678129, "lamda": 0.07569727448600563}, "datetime": {"datetime": "2021-06-28 12:54:37", "elapsed": 1156.069162, "delta": 1.498557}}
{"target": -11.144374625437976, "params": {"C": 6.31590595993095, "epsilon": 6.888378945389919, "gamma": 0.029065428896970863, "lamda": 0.027017617688536374}, "datetime": {"datetime": "2021-06-28 12:54:40", "elapsed": 1158.248931, "delta": 2.179769}}
{"target": -10.750829084503414, "params": {"C": 5.537823372544248, "epsilon": 6.725333452684354, "gamma": 0.046232528022018035, "lamda": 0.02445684472204354}, "datetime": {"datetime": "2021-06-28 12:54:41", "elapsed": 1159.88603, "delta": 1.637099}}
{"target": -10.626613325542618, "params": {"C": 5.417627502746574, "epsilon": 6.123307054444529, "gamma": 0.056573307387056335, "lamda": 0.04792887512476372}, "datetime": {"datetime": "2021-06-28 12:54:43", "elapsed": 1161.32703, "delta": 1.441}}
{"target": -11.459137096513286, "params": {"C": 5.219566207466339, "epsilon": 6.092580773441668, "gamma": 0.02744023412847102, "lamda": 0.14489194567002783}, "datetime": {"datetime": "2021-06-28 12:54:44", "elapsed": 1162.670782, "delta": 1.343752}}
{"target": -11.050618782494325, "params": {"C": 6.318304734224303, "epsilon": 6.891539628532168, "gamma": 0.03205178942571883, "lamda": 0.01947564825510434}, "datetime": {"datetime": "2021-06-28 12:54:46", "elapsed": 1164.226783, "delta": 1.556001}}
{"target": -98.03852542742092, "params": {"C": 6.304378669736996, "epsilon": 6.837999224141713, "gamma": 0.04716466064770994, "lamda": 0.12004323888055819}, "datetime": {"datetime": "2021-06-28 12:54:55", "elapsed": 1174.072783, "delta": 9.846}}
{"target": -11.198980125522361, "params": {"C": 6.315602181442395, "epsilon": 6.890478875699368, "gamma": 0.028071316481572982, "lamda": 0.024136780728851184}, "datetime": {"datetime": "2021-06-28 12:54:58", "elapsed": 1176.253913, "delta": 2.18113}}
{"target": -10.663483590055618, "params": {"C": 6.065066090008664, "epsilon": 6.272185495669701, "gamma": 0.045701450611890314, "lamda": 0.062115460840219}, "datetime": {"datetime": "2021-06-28 12:55:00", "elapsed": 1178.576896, "delta": 2.322983}}
{"target": -82.1787492410524, "params": {"C": 5.413830143317307, "epsilon": 6.160914774497964, "gamma": 0.02366793078057825, "lamda": 0.3505558025283211}, "datetime": {"datetime": "2021-06-28 12:55:07", "elapsed": 1185.673213, "delta": 7.096317}}
{"target": -11.148497525372472, "params": {"C": 5.059674003477086, "epsilon": 6.94490955862277, "gamma": 0.03661258126014225, "lamda": 0.08666377015942982}, "datetime": {"datetime": "2021-06-28 12:55:09", "elapsed": 1187.267534, "delta": 1.594321}}
{"target": -96.96807408001143, "params": {"C": 6.392709959352413, "epsilon": 6.76037717534585, "gamma": 0.05211589010388375, "lamda": 0.39747706042117587}, "datetime": {"datetime": "2021-06-28 12:55:19", "elapsed": 1197.934818, "delta": 10.667284}}
{"target": -10.891832238060472, "params": {"C": 5.4090046103693545, "epsilon": 6.402607865935139, "gamma": 0.042791168953838464, "lamda": 0.05977513262140453}, "datetime": {"datetime": "2021-06-28 12:55:22", "elapsed": 1200.241609, "delta": 2.306791}}
{"target": -96.87290985546578, "params": {"C": 5.2459774726649115, "epsilon": 6.094031693021108, "gamma": 0.056712281731297776, "lamda": 0.14480577833347802}, "datetime": {"datetime": "2021-06-28 12:55:33", "elapsed": 1211.739456, "delta": 11.497847}}
{"target": -11.053924406108013, "params": {"C": 5.274696047127952, "epsilon": 6.461595398006515, "gamma": 0.0397965201776861, "lamda": 0.11895870436330751}, "datetime": {"datetime": "2021-06-28 12:55:35", "elapsed": 1214.030865, "delta": 2.291409}}
{"target": -89.52134279877203, "params": {"C": 5.179157455020115, "epsilon": 7.287147586388933, "gamma": 0.03001944371894863, "lamda": 1.4534988589477598}, "datetime": {"datetime": "2021-06-28 13:24:31", "elapsed": 0.0, "delta": 0.0}}
{"target": -95.33507574216176, "params": {"C": 2.0170439225602226, "epsilon": 1.1956843692573387, "gamma": 0.06166423593420405, "lamda": 1.5183410905645716}, "datetime": {"datetime": "2021-06-28 13:24:47", "elapsed": 16.006422, "delta": 16.006422}}
{"target": -77.79175685151175, "params": {"C": 4.9421794484988375, "epsilon": 5.526522319832562, "gamma": 0.10126306744856012, "lamda": 2.027829250595139}, "datetime": {"datetime": "2021-06-28 13:24:56", "elapsed": 25.6008, "delta": 9.594378}}
{"target": -98.72083451057794, "params": {"C": 2.6920913218587534, "epsilon": 8.817739132992171, "gamma": 0.034655890843647445, "lamda": 2.0057012652676036}, "datetime": {"datetime": "2021-06-28 13:25:11", "elapsed": 40.64106, "delta": 15.04026}}
{"target": -100.20366789950347, "params": {"C": 5.182466187695385, "epsilon": 5.71929133592379, "gamma": 0.053865779561189736, "lamda": 1.2971522336273182}, "datetime": {"datetime": "2021-06-28 13:25:26", "elapsed": 55.377087, "delta": 14.736027}}
{"target": -81.3196227211363, "params": {"C": 9.668711453503779, "epsilon": 9.692137284478155, "gamma": 0.08328211028707128, "lamda": 2.0384839235039713}, "datetime": {"datetime": "2021-06-28 13:25:41", "elapsed": 70.588307, "delta": 15.21122}}
{"target": -96.21770840427175, "params": {"C": 10.553753081863649, "epsilon": 8.97768463598732, "gamma": 0.04445751593286225, "lamda": 1.0585821748493236}, "datetime": {"datetime": "2021-06-28 13:25:51", "elapsed": 80.138801, "delta": 9.550494}}
{"target": -101.31028931265217, "params": {"C": 2.287015908905456, "epsilon": 8.817982283265307, "gamma": 0.04671896175161852, "lamda": 1.6316614375075782}, "datetime": {"datetime": "2021-06-28 13:26:00", "elapsed": 89.180015, "delta": 9.041214}}
{"target": -62.914229410865616, "params": {"C": 11.507307502760872, "epsilon": 5.471703264238265, "gamma": 0.14761910937158046, "lamda": 1.4732734465090944}, "datetime": {"datetime": "2021-06-28 13:26:10", "elapsed": 99.004892, "delta": 9.824877}}
{"target": -96.0593832211637, "params": {"C": 8.332060853874529, "epsilon": 8.395869017404518, "gamma": 0.03310900714851261, "lamda": 2.125216472417451}, "datetime": {"datetime": "2021-06-28 13:26:19", "elapsed": 108.089061, "delta": 9.084169}}
{"target": -93.45887326459288, "params": {"C": 11.869674740205989, "epsilon": 7.557206847484442, "gamma": 0.07767547865094888, "lamda": 2.1839189926772327}, "datetime": {"datetime": "2021-06-28 13:26:34", "elapsed": 122.893272, "delta": 14.804211}}
{"target": -55.09588016511694, "params": {"C": 1.5077442769584117, "epsilon": 4.64456720390628, "gamma": 0.18446123552582624, "lamda": 1.4404212225605193}, "datetime": {"datetime": "2021-06-28 13:26:43", "elapsed": 132.341477, "delta": 9.448205}}
{"target": -100.0895542589661, "params": {"C": 3.66697146146028, "epsilon": 1.5612771495472935, "gamma": 0.0332923828379505, "lamda": 2.0182532994098366}, "datetime": {"datetime": "2021-06-28 13:26:58", "elapsed": 147.134633, "delta": 14.793156}}
{"target": -75.54871968711161, "params": {"C": 2.7760489572006906, "epsilon": 2.875802595910594, "gamma": 0.11356743707765751, "lamda": 1.0800438176756206}, "datetime": {"datetime": "2021-06-28 13:27:07", "elapsed": 156.465831, "delta": 9.331198}}
{"target": -69.75642355990021, "params": {"C": 7.017175984256553, "epsilon": 1.7232671765863583, "gamma": 0.1301819412735583, "lamda": 2.0496375400313966}, "datetime": {"datetime": "2021-06-28 13:27:17", "elapsed": 166.795559, "delta": 10.329728}}
{"target": -65.38721547970759, "params": {"C": 1.4973128172855623, "epsilon": 4.316343081849812, "gamma": 0.14804802681371668, "lamda": 1.6212689042903539}, "datetime": {"datetime": "2021-06-28 13:27:28", "elapsed": 177.034473, "delta": 10.238914}}
{"target": -63.95275798054345, "params": {"C": 0.8844554696692197, "epsilon": 5.498195137380462, "gamma": 0.1428450896873641, "lamda": 1.7723336680874628}, "datetime": {"datetime": "2021-06-28 13:27:38", "elapsed": 186.870315, "delta": 9.835842}}
{"target": -54.44766844542164, "params": {"C": 11.351758645092517, "epsilon": 5.989583892869331, "gamma": 0.18357832559894022, "lamda": 1.2062120562193563}, "datetime": {"datetime": "2021-06-28 13:27:47", "elapsed": 196.722501, "delta": 9.852186}}
{"target": -71.80363554090953, "params": {"C": 1.929533262833875, "epsilon": 8.131695500482381, "gamma": 0.0976050622875407, "lamda": 1.2480312956753992}, "datetime": {"datetime": "2021-06-28 13:28:01", "elapsed": 209.906614, "delta": 13.184113}}
{"target": -61.61227815327411, "params": {"C": 11.151850390633596, "epsilon": 3.673328839531413, "gamma": 0.15763805753314644, "lamda": 2.088996978025677}, "datetime": {"datetime": "2021-06-28 13:28:10", "elapsed": 219.071249, "delta": 9.164635}}
{"target": -55.77592622257256, "params": {"C": 11.374625147622481, "epsilon": 5.901478799599924, "gamma": 0.17820326882638698, "lamda": 1.2462066520625907}, "datetime": {"datetime": "2021-06-28 13:28:21", "elapsed": 230.09479, "delta": 11.023541}}
{"target": -52.61437218106413, "params": {"C": 1.466252525138117, "epsilon": 4.737237626824051, "gamma": 0.18540002932529578, "lamda": 1.4442359948467829}, "datetime": {"datetime": "2021-06-28 13:28:30", "elapsed": 239.836204, "delta": 9.741414}}
{"target": -54.783173214949876, "params": {"C": 1.39029215180768, "epsilon": 4.863110177854687, "gamma": 0.18256884602973805, "lamda": 1.4735967352299995}, "datetime": {"datetime": "2021-06-28 13:28:40", "elapsed": 249.798465, "delta": 9.962261}}
{"target": -16.649152200393836, "params": {"C": 0.5481134017357574, "epsilon": 8.136448024379195, "gamma": 0.19402544198754199, "lamda": 2.0531095408653934}, "datetime": {"datetime": "2021-06-28 13:28:41", "elapsed": 250.324949, "delta": 0.526484}}
{"target": -16.6920795568431, "params": {"C": 0.5431887451111954, "epsilon": 8.125017879586036, "gamma": 0.19474513046274572, "lamda": 2.045246099709407}, "datetime": {"datetime": "2021-06-28 13:28:42", "elapsed": 251.432495, "delta": 1.107546}}
{"target": -91.66828797447474, "params": {"C": 0.6393266686772796, "epsilon": 8.15109876176379, "gamma": 0.07534581421393854, "lamda": 2.0324908592798194}, "datetime": {"datetime": "2021-06-28 13:28:55", "elapsed": 264.020168, "delta": 12.587673}}
{"target": -56.55038028249758, "params": {"C": 1.475844955880658, "epsilon": 4.714746431697949, "gamma": 0.18507211447151672, "lamda": 1.4438994689426372}, "datetime": {"datetime": "2021-06-28 13:29:04", "elapsed": 273.476808, "delta": 9.45664}}
{"target": -79.73169877736562, "params": {"C": 4.10104640836844, "epsilon": 6.467079737002201, "gamma": 0.09808586859135603, "lamda": 2.1273321998719066}, "datetime": {"datetime": "2021-06-28 13:29:14", "elapsed": 283.299124, "delta": 9.822316}}
{"target": -16.737216464835814, "params": {"C": 0.544333344081909, "epsilon": 8.131070924192569, "gamma": 0.1963940434450801, "lamda": 2.04993901000884}, "datetime": {"datetime": "2021-06-28 13:29:14", "elapsed": 283.86525, "delta": 0.566126}}
{"target": -61.48916322372203, "params": {"C": 0.5800546693286239, "epsilon": 8.232441867384676, "gamma": 0.15349731731081823, "lamda": 2.1288184455785597}, "datetime": {"datetime": "2021-06-28 13:29:29", "elapsed": 297.879125, "delta": 14.013875}}
{"target": -63.834190583594165, "params": {"C": 11.490008675473986, "epsilon": 5.404588857472308, "gamma": 0.1452450101077281, "lamda": 1.4222968680957677}, "datetime": {"datetime": "2021-06-28 13:29:38", "elapsed": 307.206326, "delta": 9.327201}}
{"target": -67.36793329639401, "params": {"C": 1.4185323148993474, "epsilon": 4.756869253318358, "gamma": 0.13208280300941744, "lamda": 1.407863092945058}, "datetime": {"datetime": "2021-06-28 13:29:47", "elapsed": 316.605177, "delta": 9.398851}}
{"target": -78.04010936349358, "params": {"C": 3.038467768152507, "epsilon": 4.635918000083655, "gamma": 0.12351865121772082, "lamda": 2.4237740311390157}, "datetime": {"datetime": "2021-06-28 13:29:57", "elapsed": 326.155142, "delta": 9.549965}}
{"target": -16.52278375362563, "params": {"C": 0.5494661961851117, "epsilon": 8.130087287697478, "gamma": 0.18854777570573714, "lamda": 2.0472813772084457}, "datetime": {"datetime": "2021-06-28 13:29:57", "elapsed": 326.733145, "delta": 0.578003}}
{"target": -16.73022244171924, "params": {"C": 0.5240198724386756, "epsilon": 8.173594965058914, "gamma": 0.19258433733427588, "lamda": 2.0683380310693265}, "datetime": {"datetime": "2021-06-28 13:29:58", "elapsed": 327.383481, "delta": 0.650336}}
{"target": -16.80464060940271, "params": {"C": 0.5460178569887663, "epsilon": 8.24873263943377, "gamma": 0.19891989602647384, "lamda": 2.052510349924588}, "datetime": {"datetime": "2021-06-28 13:29:59", "elapsed": 327.978368, "delta": 0.594887}}
{"target": -16.783102588296522, "params": {"C": 0.5380765395226785, "epsilon": 8.210325325070508, "gamma": 0.19782936157591316, "lamda": 2.051035536861106}, "datetime": {"datetime": "2021-06-28 13:29:59", "elapsed": 328.686364, "delta": 0.707996}}
{"target": -55.890756780597705, "params": {"C": 1.8644418396217013, "epsilon": 5.22613150340807, "gamma": 0.18114756475816138, "lamda": 1.850746139482605}, "datetime": {"datetime": "2021-06-28 13:30:10", "elapsed": 339.516458, "delta": 10.830094}}
{"target": -16.575945524423318, "params": {"C": 0.5782103183246219, "epsilon": 8.211898952715634, "gamma": 0.19774197498765725, "lamda": 2.1269387154410877}, "datetime": {"datetime": "2021-06-28 13:30:11", "elapsed": 340.296461, "delta": 0.780003}}
{"target": -95.96206030713212, "params": {"C": 9.871090803436545, "epsilon": 1.8862091071464355, "gamma": 0.032555646974822106, "lamda": 1.2414830628910671}, "datetime": {"datetime": "2021-06-28 13:30:22", "elapsed": 351.43663, "delta": 11.140169}}
{"target": -54.657848556079415, "params": {"C": 1.8527317002105466, "epsilon": 5.227900923643799, "gamma": 0.18172199990993965, "lamda": 1.8567953947218219}, "datetime": {"datetime": "2021-06-28 13:30:32", "elapsed": 361.778921, "delta": 10.342291}}
{"target": -67.83923252881857, "params": {"C": 0.5269579251646521, "epsilon": 8.129041235175752, "gamma": 0.13383255171117486, "lamda": 2.124729200962859}, "datetime": {"datetime": "2021-06-28 13:30:42", "elapsed": 371.697705, "delta": 9.918784}}
{"target": -15.67998799333486, "params": {"C": 0.4345669916061379, "epsilon": 8.246349505024119, "gamma": 0.12651195816773314, "lamda": 2.0464945787757154}, "datetime": {"datetime": "2021-06-28 13:30:43", "elapsed": 372.203247, "delta": 0.505542}}
{"target": -16.097697242804166, "params": {"C": 0.581181177806393, "epsilon": 8.114967140532077, "gamma": 0.17758076833801217, "lamda": 2.170491913480297}, "datetime": {"datetime": "2021-06-28 13:30:43", "elapsed": 372.807254, "delta": 0.604007}}
{"target": -52.91317111961467, "params": {"C": 10.25693296203309, "epsilon": 7.894674810767195, "gamma": 0.18337235833298304, "lamda": 1.140084755963097}, "datetime": {"datetime": "2021-06-28 13:30:50", "elapsed": 378.940042, "delta": 6.132788}}
{"target": -87.18682647522546, "params": {"C": 0.34663565232186144, "epsilon": 8.135480697763912, "gamma": 0.08450848534025134, "lamda": 1.9628055056422853}, "datetime": {"datetime": "2021-06-28 13:31:07", "elapsed": 396.190193, "delta": 17.250151}}
{"target": -15.864416571319767, "params": {"C": 0.582120865594147, "epsilon": 8.254193794673673, "gamma": 0.1684636336909245, "lamda": 2.263082532247516}, "datetime": {"datetime": "2021-06-28 13:31:07", "elapsed": 396.816192, "delta": 0.625999}}
{"target": -86.56207831702302, "params": {"C": 6.015438637564677, "epsilon": 0.9226899550151189, "gamma": 0.0860382447596921, "lamda": 1.9602712360971495}, "datetime": {"datetime": "2021-06-28 13:31:24", "elapsed": 413.727027, "delta": 16.910835}}
{"target": -17.25386588062095, "params": {"C": 0.4143777817887927, "epsilon": 8.189600983030928, "gamma": 0.1861119682534674, "lamda": 1.9794962522581263}, "datetime": {"datetime": "2021-06-28 13:31:25", "elapsed": 414.329028, "delta": 0.602001}}
{"target": -64.4065058991548, "params": {"C": 7.9642408247695, "epsilon": 2.4121817720050807, "gamma": 0.1494513760124017, "lamda": 2.3604965212659934}, "datetime": {"datetime": "2021-06-28 13:31:35", "elapsed": 423.998303, "delta": 9.669275}}
{"target": -16.197812377075614, "params": {"C": 0.40804453378527994, "epsilon": 8.349921831125435, "gamma": 0.14096703629699303, "lamda": 2.0460310463774043}, "datetime": {"datetime": "2021-06-28 13:31:35", "elapsed": 424.585301, "delta": 0.586998}}
{"target": -16.31574686052505, "params": {"C": 0.6141020161533752, "epsilon": 8.189067573961669, "gamma": 0.19371869463686198, "lamda": 2.333130415433734}, "datetime": {"datetime": "2021-06-28 13:31:36", "elapsed": 425.126301, "delta": 0.541}}
{"target": -16.28541311105516, "params": {"C": 0.4126763248493416, "epsilon": 8.123176870086676, "gamma": 0.14428305149856704, "lamda": 2.074150874313119}, "datetime": {"datetime": "2021-06-28 13:31:36", "elapsed": 425.710004, "delta": 0.583703}}
{"target": -18.340780705344333, "params": {"C": 0.3143519362995146, "epsilon": 8.328886283928243, "gamma": 0.18642270584991444, "lamda": 1.899565644432057}, "datetime": {"datetime": "2021-06-28 13:31:37", "elapsed": 426.269004, "delta": 0.559}}
{"target": -60.68246859542632, "params": {"C": 11.189215517939346, "epsilon": 9.15115698613345, "gamma": 0.15834026491709402, "lamda": 2.0340232085044594}, "datetime": {"datetime": "2021-06-28 13:31:43", "elapsed": 432.717762, "delta": 6.448758}}
{"target": -17.422379557414676, "params": {"C": 0.426972936583506, "epsilon": 8.254977917113203, "gamma": 0.19777629375872294, "lamda": 2.0595489816515102}, "datetime": {"datetime": "2021-06-28 13:31:44", "elapsed": 433.423159, "delta": 0.705397}}
{"target": -80.71801232399933, "params": {"C": 4.396783383062255, "epsilon": 9.446309538853402, "gamma": 0.09448903483225063, "lamda": 1.4340839114881265}, "datetime": {"datetime": "2021-06-28 13:31:53", "elapsed": 442.86796, "delta": 9.444801}}
{"target": -16.37198893555682, "params": {"C": 0.6116934016027569, "epsilon": 8.21107247167333, "gamma": 0.19901813800266824, "lamda": 2.181091106225537}, "datetime": {"datetime": "2021-06-28 13:31:54", "elapsed": 443.435927, "delta": 0.567967}}
{"target": -65.60372885572342, "params": {"C": 7.845922588713246, "epsilon": 1.5146414587750712, "gamma": 0.14550458900994806, "lamda": 1.3852652511485537}, "datetime": {"datetime": "2021-06-28 13:32:03", "elapsed": 452.637811, "delta": 9.201884}}
{"target": -53.46304946796104, "params": {"C": 5.230519533883737, "epsilon": 4.35513539130805, "gamma": 0.17023853613316403, "lamda": 1.5369334688408527}, "datetime": {"datetime": "2021-06-28 13:32:13", "elapsed": 462.060769, "delta": 9.422958}}
{"target": -17.329768101424907, "params": {"C": 0.41912769874693456, "epsilon": 8.351403323974644, "gamma": 0.1924859476612281, "lamda": 2.104379020708031}, "datetime": {"datetime": "2021-06-28 13:32:13", "elapsed": 462.719787, "delta": 0.659018}}
{"target": -91.63770333414976, "params": {"C": 11.886706439471709, "epsilon": 6.547185671943101, "gamma": 0.04492773160127078, "lamda": 1.1059282069572973}, "datetime": {"datetime": "2021-06-28 13:32:23", "elapsed": 472.088356, "delta": 9.368569}}
{"target": -15.594816857496063, "params": {"C": 0.661627794294984, "epsilon": 8.106227256567376, "gamma": 0.1720385951934212, "lamda": 2.1102571212768932}, "datetime": {"datetime": "2021-06-28 13:32:23", "elapsed": 472.693801, "delta": 0.605445}}
{"target": -16.118954413797393, "params": {"C": 0.4894280689639543, "epsilon": 8.331674899317242, "gamma": 0.15811189332816028, "lamda": 2.1344308718597977}, "datetime": {"datetime": "2021-06-28 13:32:24", "elapsed": 473.252053, "delta": 0.558252}}
{"target": -77.54493853728107, "params": {"C": 4.74790530510629, "epsilon": 8.529439573633377, "gamma": 0.09985945521252058, "lamda": 1.559256959936687}, "datetime": {"datetime": "2021-06-28 13:32:38", "elapsed": 487.782622, "delta": 14.530569}}
{"target": -16.051310791714275, "params": {"C": 0.4561897907616801, "epsilon": 8.110724276173517, "gamma": 0.14772453982778755, "lamda": 1.9388881631083787}, "datetime": {"datetime": "2021-06-28 13:32:39", "elapsed": 488.332284, "delta": 0.549662}}
{"target": -82.95377314600836, "params": {"C": 0.541978314411096, "epsilon": 8.20356172060535, "gamma": 0.0906914841077005, "lamda": 2.2511568365157757}, "datetime": {"datetime": "2021-06-28 13:32:49", "elapsed": 497.92451, "delta": 9.592226}}
{"target": -17.570575714942148, "params": {"C": 0.3566405186939453, "epsilon": 8.231098199559202, "gamma": 0.17370566372320723, "lamda": 1.965057415176919}, "datetime": {"datetime": "2021-06-28 13:32:49", "elapsed": 498.441908, "delta": 0.517398}}
{"target": -56.78109478065092, "params": {"C": 3.6528145496373394, "epsilon": 1.307510977346919, "gamma": 0.17510628916188326, "lamda": 1.2117288203939578}, "datetime": {"datetime": "2021-06-28 13:32:58", "elapsed": 507.819154, "delta": 9.377246}}
{"target": -91.77613728396308, "params": {"C": 8.721695987645603, "epsilon": 3.084263040594592, "gamma": 0.07181921363779764, "lamda": 1.2635721641730207}, "datetime": {"datetime": "2021-06-28 13:33:13", "elapsed": 522.57797, "delta": 14.758816}}
{"target": -16.93015856599952, "params": {"C": 0.4036190068635449, "epsilon": 8.182033617888369, "gamma": 0.16887325400830597, "lamda": 1.9121307987951928}, "datetime": {"datetime": "2021-06-28 13:33:14", "elapsed": 523.186768, "delta": 0.608798}}
{"target": -17.329655046213087, "params": {"C": 0.31015901995081807, "epsilon": 8.380212257382084, "gamma": 0.14015469805064817, "lamda": 2.0877940997509525}, "datetime": {"datetime": "2021-06-28 13:33:14", "elapsed": 523.756908, "delta": 0.57014}}
