{"target": -10.81603006687503, "params": {"C": 4.757848528455439, "epsilon": 6.647431047064726, "gamma": 0.05243007424274791, "lamda": 0.08791533398601192}, "datetime": {"datetime": "2021-06-28 11:47:59", "elapsed": 1396.689794, "delta": 1.003}}
{"target": -12.689200427670952, "params": {"C": 8.417734790165222, "epsilon": 2.4223366946835374, "gamma": 0.15004400703208134, "lamda": 0.26246947364592993}, "datetime": {"datetime": "2021-06-28 11:48:00", "elapsed": 1397.794792, "delta": 1.104998}}
{"target": -70.29428602007863, "params": {"C": 4.137002927198711, "epsilon": 4.579348050711588, "gamma": 0.11013846857951937, "lamda": 0.5701615781096344}, "datetime": {"datetime": "2021-06-28 11:48:10", "elapsed": 1408.083716, "delta": 10.288924}}
{"target": -13.268308813410448, "params": {"C": 11.17145491541941, "epsilon": 1.4727612757840352, "gamma": 0.19864843950628638, "lamda": 0.42753266485110103}, "datetime": {"datetime": "2021-06-28 11:48:11", "elapsed": 1409.063516, "delta": 0.9798}}
{"target": -73.8571302556847, "params": {"C": 4.248305457913638, "epsilon": 8.624059638427743, "gamma": 0.1086550774781223, "lamda": 0.27611386211399036}, "datetime": {"datetime": "2021-06-28 11:48:21", "elapsed": 1419.234795, "delta": 10.171279}}
{"target": -11.633575983050678, "params": {"C": 8.166153996175623, "epsilon": 1.7060672080954942, "gamma": 0.021336105882238325, "lamda": 0.3032274174699775}, "datetime": {"datetime": "2021-06-28 11:48:22", "elapsed": 1420.27776, "delta": 1.042965}}
{"target": -13.285635746894497, "params": {"C": 1.3580022365652247, "epsilon": 3.737500468971197, "gamma": 0.13419644156890792, "lamda": 0.48096626594257513}, "datetime": {"datetime": "2021-06-28 11:48:23", "elapsed": 1421.292345, "delta": 1.014585}}
{"target": -14.131886250438619, "params": {"C": 1.0745820118218432, "epsilon": 5.803741908136106, "gamma": 0.1659815675222528, "lamda": 0.5375748426416013}, "datetime": {"datetime": "2021-06-28 11:48:24", "elapsed": 1422.298184, "delta": 1.005839}}
{"target": -59.21947136151747, "params": {"C": 3.970035167217607, "epsilon": 7.901940066356874, "gamma": 0.16340042705735622, "lamda": 0.42183351306110606}, "datetime": {"datetime": "2021-06-28 11:48:32", "elapsed": 1429.554424, "delta": 7.25624}}
{"target": -13.688067844504042, "params": {"C": 1.5213091261482496, "epsilon": 3.6472821602326877, "gamma": 0.17425386285477598, "lamda": 0.1632486744577547}, "datetime": {"datetime": "2021-06-28 11:48:33", "elapsed": 1430.595472, "delta": 1.041048}}
{"target": -12.52252077424744, "params": {"C": 5.958355778037343, "epsilon": 8.403723229680805, "gamma": 0.1729499756852387, "lamda": 0.10564925999592786}, "datetime": {"datetime": "2021-06-28 11:48:34", "elapsed": 1431.664975, "delta": 1.069503}}
{"target": -91.06742297538143, "params": {"C": 11.413533103625301, "epsilon": 3.3088206516945973, "gamma": 0.08372744639900019, "lamda": 0.06509665213654192}, "datetime": {"datetime": "2021-06-28 11:48:44", "elapsed": 1441.328494, "delta": 9.663519}}
{"target": -81.37291470091589, "params": {"C": 6.423121297091884, "epsilon": 5.700781920351435, "gamma": 0.0733645067826181, "lamda": 0.03020283279695704}, "datetime": {"datetime": "2021-06-28 11:48:54", "elapsed": 1451.493692, "delta": 10.165198}}
{"target": -55.51489431357691, "params": {"C": 9.341992495605048, "epsilon": 7.75877512829242, "gamma": 0.17720231914335272, "lamda": 0.10804859671663396}, "datetime": {"datetime": "2021-06-28 11:49:03", "elapsed": 1461.197398, "delta": 9.703706}}
{"target": -11.674730575846008, "params": {"C": 7.026242489864636, "epsilon": 4.795627981611353, "gamma": 0.1133920931529218, "lamda": 0.06535524404464807}, "datetime": {"datetime": "2021-06-28 11:49:04", "elapsed": 1462.233802, "delta": 1.036404}}
{"target": -79.47440222866354, "params": {"C": 3.114075438695159, "epsilon": 5.106114208492076, "gamma": 0.08801574186066716, "lamda": 0.08814608105991702}, "datetime": {"datetime": "2021-06-28 11:49:14", "elapsed": 1472.114499, "delta": 9.880697}}
{"target": -100.04685838585551, "params": {"C": 6.434944808062449, "epsilon": 9.759208505103885, "gamma": 0.04252030585092275, "lamda": 0.21400962393080905}, "datetime": {"datetime": "2021-06-28 11:49:25", "elapsed": 1482.877904, "delta": 10.763405}}
{"target": -92.93981396142378, "params": {"C": 2.9400290088705394, "epsilon": 6.901392661982774, "gamma": 0.051019310882874085, "lamda": 0.45426073223987906}, "datetime": {"datetime": "2021-06-28 11:49:35", "elapsed": 1493.298572, "delta": 10.420668}}
{"target": -92.0722661634302, "params": {"C": 9.804067164676457, "epsilon": 8.802674713848424, "gamma": 0.06969591386544254, "lamda": 0.1928871906678024}, "datetime": {"datetime": "2021-06-28 11:49:46", "elapsed": 1503.532996, "delta": 10.234424}}
{"target": -70.82207549069417, "params": {"C": 3.9493340124807803, "epsilon": 8.163762215602077, "gamma": 0.11085625147082748, "lamda": 0.4356204777016257}, "datetime": {"datetime": "2021-06-28 11:49:53", "elapsed": 1510.818753, "delta": 7.285757}}
{"target": -11.458751473408062, "params": {"C": 4.7563570691201225, "epsilon": 8.187224745808923, "gamma": 0.11207216629473017, "lamda": 0.07474286550990415}, "datetime": {"datetime": "2021-06-28 11:49:54", "elapsed": 1512.038299, "delta": 1.219546}}
{"target": -12.999266884047875, "params": {"C": 8.087744207351118, "epsilon": 0.8685174239389201, "gamma": 0.16776641176252136, "lamda": 0.4024710224799179}, "datetime": {"datetime": "2021-06-28 11:49:55", "elapsed": 1513.175466, "delta": 1.137167}}
{"target": -12.429799587921329, "params": {"C": 3.795693511997637, "epsilon": 1.9403278404211468, "gamma": 0.1514864323374637, "lamda": 0.42083153026994663}, "datetime": {"datetime": "2021-06-28 11:49:57", "elapsed": 1514.480841, "delta": 1.305375}}
{"target": -12.219941088274245, "params": {"C": 1.9534734085064984, "epsilon": 7.720367170038718, "gamma": 0.027824936813559666, "lamda": 0.27951097211777254}, "datetime": {"datetime": "2021-06-28 11:49:58", "elapsed": 1515.55384, "delta": 1.072999}}
{"target": -11.445111940617885, "params": {"C": 4.6474954281031415, "epsilon": 5.462554491131968, "gamma": 0.1002136646391159, "lamda": 0.011478165495296672}, "datetime": {"datetime": "2021-06-28 11:49:59", "elapsed": 1516.660746, "delta": 1.106906}}
{"target": -10.894532075100143, "params": {"C": 9.11989120944599, "epsilon": 0.9403392152200803, "gamma": 0.037404835166753546, "lamda": 0.2330870205787003}, "datetime": {"datetime": "2021-06-28 11:50:00", "elapsed": 1517.753798, "delta": 1.093052}}
{"target": -94.31903836785797, "params": {"C": 5.65057468581694, "epsilon": 0.38021715905407527, "gamma": 0.0556862985975207, "lamda": 0.3952347118489551}, "datetime": {"datetime": "2021-06-28 11:50:16", "elapsed": 1533.359945, "delta": 15.606147}}
{"target": -93.63307000411719, "params": {"C": 8.985768458797295, "epsilon": 3.5313316248577076, "gamma": 0.06715346832410894, "lamda": 0.48011970806389337}, "datetime": {"datetime": "2021-06-28 11:50:25", "elapsed": 1543.090642, "delta": 9.730697}}
{"target": -92.70550867044379, "params": {"C": 8.036769859294667, "epsilon": 2.8894283472859263, "gamma": 0.08026259806014799, "lamda": 0.4502971070357717}, "datetime": {"datetime": "2021-06-28 11:50:42", "elapsed": 1560.272042, "delta": 17.1814}}
{"target": -13.048935427941835, "params": {"C": 3.258342900600414, "epsilon": 4.638081640205998, "gamma": 0.19780743546891014, "lamda": 0.5631156575400983}, "datetime": {"datetime": "2021-06-28 11:50:44", "elapsed": 1561.676563, "delta": 1.404521}}
{"target": -12.533920749382682, "params": {"C": 2.6158497695432805, "epsilon": 9.824854483147565, "gamma": 0.17940848267662354, "lamda": 0.2273261056968859}, "datetime": {"datetime": "2021-06-28 11:50:45", "elapsed": 1562.935654, "delta": 1.259091}}
{"target": -12.50275200319294, "params": {"C": 5.5298981911431255, "epsilon": 8.042867321971077, "gamma": 0.17476790414691773, "lamda": 0.12280843224590396}, "datetime": {"datetime": "2021-06-28 11:50:46", "elapsed": 1564.058653, "delta": 1.122999}}
{"target": -59.18424712168002, "params": {"C": 7.132611272161022, "epsilon": 8.091474467657656, "gamma": 0.1563921759147456, "lamda": 0.3310772968957341}, "datetime": {"datetime": "2021-06-28 11:50:58", "elapsed": 1575.481188, "delta": 11.422535}}
{"target": -11.809234979618326, "params": {"C": 4.947813738263242, "epsilon": 7.2822525185227995, "gamma": 0.13469170152629834, "lamda": 0.03180307121915548}, "datetime": {"datetime": "2021-06-28 11:50:59", "elapsed": 1576.565479, "delta": 1.084291}}
{"target": -11.627344424720091, "params": {"C": 4.454248306055565, "epsilon": 5.571823286894075, "gamma": 0.11124003396914083, "lamda": 0.3478123704046609}, "datetime": {"datetime": "2021-06-28 11:51:00", "elapsed": 1577.739933, "delta": 1.174454}}
{"target": -97.00539825191751, "params": {"C": 6.268792133489006, "epsilon": 7.667164376464792, "gamma": 0.03512030040472768, "lamda": 0.12897092748189162}, "datetime": {"datetime": "2021-06-28 11:51:10", "elapsed": 1587.723343, "delta": 9.98341}}
{"target": -13.073761262218847, "params": {"C": 1.8465575334813393, "epsilon": 2.5383400164455368, "gamma": 0.1505801376581282, "lamda": 0.011371853067068519}, "datetime": {"datetime": "2021-06-28 11:51:11", "elapsed": 1589.165405, "delta": 1.442062}}
{"target": -99.81091538864331, "params": {"C": 4.325055820862684, "epsilon": 4.674893918836186, "gamma": 0.06582342888295022, "lamda": 0.45571050224036896}, "datetime": {"datetime": "2021-06-28 11:51:27", "elapsed": 1604.978232, "delta": 15.812827}}
{"target": -82.62497789363374, "params": {"C": 8.462015879904902, "epsilon": 4.738256282195199, "gamma": 0.08308207739065619, "lamda": 0.025152285876272974}, "datetime": {"datetime": "2021-06-28 11:51:38", "elapsed": 1615.919829, "delta": 10.941597}}
{"target": -13.052818207658252, "params": {"C": 11.287604838147978, "epsilon": 5.996109710857031, "gamma": 0.18204807231938355, "lamda": 0.049580234443831764}, "datetime": {"datetime": "2021-06-28 11:51:39", "elapsed": 1617.167028, "delta": 1.247199}}
{"target": -12.2430816568269, "params": {"C": 4.066261473903328, "epsilon": 1.2866223596352735, "gamma": 0.13290045326148595, "lamda": 0.1540311557994169}, "datetime": {"datetime": "2021-06-28 11:51:41", "elapsed": 1618.339027, "delta": 1.171999}}
{"target": -93.89781221523805, "params": {"C": 11.545227798357173, "epsilon": 7.461480838652025, "gamma": 0.061745183337436095, "lamda": 0.4418395462256037}, "datetime": {"datetime": "2021-06-28 11:51:51", "elapsed": 1628.6095, "delta": 10.270473}}
{"target": -94.47220874908324, "params": {"C": 9.55762293692088, "epsilon": 5.437687903088835, "gamma": 0.046878150752319644, "lamda": 0.3549456601364079}, "datetime": {"datetime": "2021-06-28 11:52:01", "elapsed": 1638.802019, "delta": 10.192519}}
{"target": -13.632614364431866, "params": {"C": 1.3523275831710637, "epsilon": 9.813113093143773, "gamma": 0.19231416971966114, "lamda": 0.08467344861709547}, "datetime": {"datetime": "2021-06-28 11:52:02", "elapsed": 1639.902981, "delta": 1.100962}}
{"target": -95.44202008343036, "params": {"C": 6.55917314139386, "epsilon": 4.718658047876216, "gamma": 0.039485691176741805, "lamda": 0.3641856541605046}, "datetime": {"datetime": "2021-06-28 11:52:13", "elapsed": 1650.388978, "delta": 10.485997}}
{"target": -12.648471659545052, "params": {"C": 2.035749520706191, "epsilon": 5.573659604295842, "gamma": 0.14689922732956232, "lamda": 0.5013745473142521}, "datetime": {"datetime": "2021-06-28 11:52:14", "elapsed": 1651.61198, "delta": 1.223002}}
{"target": -13.144427646162873, "params": {"C": 10.729027613873692, "epsilon": 1.4288024251141778, "gamma": 0.17655399610527073, "lamda": 0.5028253008633535}, "datetime": {"datetime": "2021-06-28 11:52:15", "elapsed": 1652.818982, "delta": 1.207002}}
{"target": -10.869802599512573, "params": {"C": 9.357356350321007, "epsilon": 0.37909189022322953, "gamma": 0.052772810207878336, "lamda": 0.027388724332298192}, "datetime": {"datetime": "2021-06-28 11:52:16", "elapsed": 1654.061656, "delta": 1.242674}}
{"target": -71.83629592176659, "params": {"C": 2.765755784776476, "epsilon": 6.217010572545697, "gamma": 0.10084326963146387, "lamda": 0.3486635596686342}, "datetime": {"datetime": "2021-06-28 11:52:28", "elapsed": 1665.766405, "delta": 11.704749}}
{"target": -86.05485343573825, "params": {"C": 2.7954891544302125, "epsilon": 7.814683042839668, "gamma": 0.056421944595415566, "lamda": 0.2847525427330839}, "datetime": {"datetime": "2021-06-28 11:52:38", "elapsed": 1675.864365, "delta": 10.09796}}
{"target": -80.64331080554281, "params": {"C": 4.478753249285685, "epsilon": 9.376762653970843, "gamma": 0.10059349980070595, "lamda": 0.3984462064154604}, "datetime": {"datetime": "2021-06-28 11:52:49", "elapsed": 1686.895217, "delta": 11.030852}}
{"target": -90.53172779419084, "params": {"C": 3.76420876683087, "epsilon": 2.275426759624363, "gamma": 0.07797051892001838, "lamda": 0.14640160090498205}, "datetime": {"datetime": "2021-06-28 11:53:06", "elapsed": 1703.578279, "delta": 16.683062}}
{"target": -12.393118610989125, "params": {"C": 1.2303434887374425, "epsilon": 8.722353287897258, "gamma": 0.09780116893752668, "lamda": 0.08440217475378264}, "datetime": {"datetime": "2021-06-28 11:53:07", "elapsed": 1704.736183, "delta": 1.157904}}
{"target": -93.24131578758606, "params": {"C": 4.395348790477683, "epsilon": 6.343755861187537, "gamma": 0.047357930487564835, "lamda": 0.5720947297448973}, "datetime": {"datetime": "2021-06-28 11:53:18", "elapsed": 1715.92592, "delta": 11.189737}}
{"target": -75.95426638780202, "params": {"C": 8.963393967484471, "epsilon": 8.441790349213809, "gamma": 0.08792622756602525, "lamda": 0.21890993735626665}, "datetime": {"datetime": "2021-06-28 11:53:32", "elapsed": 1729.691004, "delta": 13.765084}}
{"target": -76.132754127995, "params": {"C": 6.617395252386329, "epsilon": 3.9858333465992573, "gamma": 0.09470125911183279, "lamda": 0.47521844373892386}, "datetime": {"datetime": "2021-06-28 11:53:43", "elapsed": 1740.626131, "delta": 10.935127}}
{"target": -88.68292338775665, "params": {"C": 1.88905816482197, "epsilon": 6.474967055187479, "gamma": 0.08515308419752664, "lamda": 0.28893193305735143}, "datetime": {"datetime": "2021-06-28 11:54:00", "elapsed": 1757.58265, "delta": 16.956519}}
{"target": -51.366870253892195, "params": {"C": 10.584234967026271, "epsilon": 8.74704433250348, "gamma": 0.18184026373309464, "lamda": 0.08403660205628405}, "datetime": {"datetime": "2021-06-28 11:54:11", "elapsed": 1768.632833, "delta": 11.050183}}
{"target": -11.555280905948417, "params": {"C": 3.696169462840091, "epsilon": 0.36072232763982914, "gamma": 0.06988429563825667, "lamda": 0.03831265464696642}, "datetime": {"datetime": "2021-06-28 11:54:12", "elapsed": 1769.83837, "delta": 1.205537}}
{"target": -13.157627340547078, "params": {"C": 10.421123821267011, "epsilon": 2.737193554563084, "gamma": 0.19956411676811064, "lamda": 0.477266701215387}, "datetime": {"datetime": "2021-06-28 11:54:13", "elapsed": 1771.043408, "delta": 1.205038}}
{"target": -12.984666096188738, "params": {"C": 5.7415002222412745, "epsilon": 2.7103557239012845, "gamma": 0.18906202934004737, "lamda": 0.012672701278138784}, "datetime": {"datetime": "2021-06-28 11:54:14", "elapsed": 1772.149228, "delta": 1.10582}}
{"target": -96.47497026459504, "params": {"C": 7.209012878050339, "epsilon": 3.9964635829933384, "gamma": 0.055289237020489664, "lamda": 0.40057087414848247}, "datetime": {"datetime": "2021-06-28 11:54:24", "elapsed": 1781.88351, "delta": 9.734282}}
{"target": -92.41337498935772, "params": {"C": 7.1390698450193995, "epsilon": 4.613272089995526, "gamma": 0.05352163824214839, "lamda": 0.20715241127053893}, "datetime": {"datetime": "2021-06-28 11:54:33", "elapsed": 1790.756445, "delta": 8.872935}}
{"target": -80.16159525232159, "params": {"C": 6.873202653508795, "epsilon": 1.2781675613239374, "gamma": 0.10061067943243765, "lamda": 0.19759561873718595}, "datetime": {"datetime": "2021-06-28 11:54:42", "elapsed": 1800.162458, "delta": 9.406013}}
{"target": -96.40281658382874, "params": {"C": 11.124319745372368, "epsilon": 1.3546415399939034, "gamma": 0.07500005730477756, "lamda": 0.4927962789409575}, "datetime": {"datetime": "2021-06-28 11:54:53", "elapsed": 1811.09879, "delta": 10.936332}}
{"target": -89.77044762350758, "params": {"C": 7.845485971522478, "epsilon": 8.256086552249261, "gamma": 0.07451000424888121, "lamda": 0.19734870076053831}, "datetime": {"datetime": "2021-06-28 11:55:03", "elapsed": 1820.760451, "delta": 9.661661}}
{"target": -88.69820866470818, "params": {"C": 10.345112677683849, "epsilon": 9.745991164847814, "gamma": 0.02375501696501986, "lamda": 0.13055396316674175}, "datetime": {"datetime": "2021-06-28 11:55:13", "elapsed": 1830.353457, "delta": 9.593006}}
{"target": -81.62906355403517, "params": {"C": 2.55494981376239, "epsilon": 1.690769145287905, "gamma": 0.10957453467434386, "lamda": 0.3440018415297579}, "datetime": {"datetime": "2021-06-28 11:55:23", "elapsed": 1840.525037, "delta": 10.17158}}
{"target": -13.046946048982445, "params": {"C": 8.970260860144425, "epsilon": 1.3467585215624311, "gamma": 0.17489079622432252, "lamda": 0.15100939647032693}, "datetime": {"datetime": "2021-06-28 11:55:24", "elapsed": 1841.80484, "delta": 1.279803}}
{"target": -81.47553568004368, "params": {"C": 10.875608015190808, "epsilon": 5.375227908112977, "gamma": 0.02298895776345266, "lamda": 0.1365092746830374}, "datetime": {"datetime": "2021-06-28 11:55:34", "elapsed": 1851.550968, "delta": 9.746128}}
{"target": -95.62556428530932, "params": {"C": 10.559318122445038, "epsilon": 7.879038977400353, "gamma": 0.04402068051956616, "lamda": 0.24449828686782613}, "datetime": {"datetime": "2021-06-28 11:55:44", "elapsed": 1861.33939, "delta": 9.788422}}
{"target": -13.0065052550181, "params": {"C": 10.252642883194804, "epsilon": 0.37767618824394367, "gamma": 0.16623649845071384, "lamda": 0.03951366168692675}, "datetime": {"datetime": "2021-06-28 11:55:45", "elapsed": 1862.423968, "delta": 1.084578}}
{"target": -13.02762901532959, "params": {"C": 10.02848893212014, "epsilon": 1.3675232701594253, "gamma": 0.1734937884545713, "lamda": 0.10304831966778105}, "datetime": {"datetime": "2021-06-28 11:55:46", "elapsed": 1863.555218, "delta": 1.13125}}
{"target": -80.18930431089362, "params": {"C": 7.94838253314618, "epsilon": 5.528825439138578, "gamma": 0.021212514248692298, "lamda": 0.556570497642979}, "datetime": {"datetime": "2021-06-28 11:55:56", "elapsed": 1873.664298, "delta": 10.10908}}
{"target": -77.04586728227616, "params": {"C": 5.9014787728398534, "epsilon": 3.778989639235256, "gamma": 0.1069718420468558, "lamda": 0.4064028231119416}, "datetime": {"datetime": "2021-06-28 11:56:06", "elapsed": 1884.104317, "delta": 10.440019}}
{"target": -12.66731705342087, "params": {"C": 10.84987938370254, "epsilon": 0.13671817140421227, "gamma": 0.13324569007737985, "lamda": 0.08891703878039976}, "datetime": {"datetime": "2021-06-28 11:56:07", "elapsed": 1885.248462, "delta": 1.144145}}
{"target": -12.949329766942192, "params": {"C": 8.596601677102134, "epsilon": 6.683175995597432, "gamma": 0.1946582831264874, "lamda": 0.12232457316582256}, "datetime": {"datetime": "2021-06-28 11:56:09", "elapsed": 1886.335893, "delta": 1.087431}}
{"target": -69.86930475196363, "params": {"C": 8.319982337485442, "epsilon": 1.4189418284981918, "gamma": 0.1263865337726701, "lamda": 0.3552704150459482}, "datetime": {"datetime": "2021-06-28 11:56:19", "elapsed": 1896.517315, "delta": 10.181422}}
{"target": -86.32441779658349, "params": {"C": 4.847918465997876, "epsilon": 9.312171223216817, "gamma": 0.06396309088742694, "lamda": 0.14148201607060695}, "datetime": {"datetime": "2021-06-28 11:56:28", "elapsed": 1906.049042, "delta": 9.531727}}
{"target": -72.3359708204076, "params": {"C": 8.23054284819125, "epsilon": 8.92706579419061, "gamma": 0.11982375259909202, "lamda": 0.17620438937743788}, "datetime": {"datetime": "2021-06-28 11:56:38", "elapsed": 1915.520701, "delta": 9.471659}}
{"target": -71.08061996247766, "params": {"C": 8.492516431278467, "epsilon": 8.07712235631376, "gamma": 0.12084323211717048, "lamda": 0.5477153912188142}, "datetime": {"datetime": "2021-06-28 11:56:47", "elapsed": 1925.095921, "delta": 9.57522}}
{"target": -12.495852047583304, "params": {"C": 6.465838502734646, "epsilon": 4.9118339424569095, "gamma": 0.15594482472381463, "lamda": 0.3988848745396331}, "datetime": {"datetime": "2021-06-28 11:56:49", "elapsed": 1926.324971, "delta": 1.22905}}
{"target": -12.89894480246859, "params": {"C": 9.336916017289674, "epsilon": 8.021512697162711, "gamma": 0.19116785364462, "lamda": 0.09541813978800764}, "datetime": {"datetime": "2021-06-28 11:56:50", "elapsed": 1927.416559, "delta": 1.091588}}
{"target": -60.042413042911114, "params": {"C": 4.609326552516227, "epsilon": 6.907721749672024, "gamma": 0.14668921327504425, "lamda": 0.5022891220188436}, "datetime": {"datetime": "2021-06-28 11:56:56", "elapsed": 1934.166304, "delta": 6.749745}}
{"target": -12.23619959460182, "params": {"C": 2.608263976290475, "epsilon": 6.883460003734181, "gamma": 0.14123702159668514, "lamda": 0.32886273066775873}, "datetime": {"datetime": "2021-06-28 11:56:58", "elapsed": 1935.338549, "delta": 1.172245}}
{"target": -85.00739344791312, "params": {"C": 2.451459893971454, "epsilon": 6.207594891601206, "gamma": 0.07442837274585032, "lamda": 0.5941019025486989}, "datetime": {"datetime": "2021-06-28 11:57:13", "elapsed": 1950.909042, "delta": 15.570493}}
{"target": -91.04627294702583, "params": {"C": 8.131214030010906, "epsilon": 9.735091563036772, "gamma": 0.07024650210974166, "lamda": 0.23703140646067453}, "datetime": {"datetime": "2021-06-28 11:57:20", "elapsed": 1957.375549, "delta": 6.466507}}
{"target": -89.57990893205906, "params": {"C": 5.99075757831315, "epsilon": 6.688343687651936, "gamma": 0.0597444998707803, "lamda": 0.13801595992320617}, "datetime": {"datetime": "2021-06-28 11:57:29", "elapsed": 1966.637362, "delta": 9.261813}}
