{"target": -12.198112616206362, "params": {"C": 4.040021614477276, "epsilon": 2.9006188452079935, "gamma": 0.1404182374652672, "lamda": 0.4172554068108339}, "datetime": {"datetime": "2021-06-28 12:06:16", "elapsed": 2494.148143, "delta": 1.6228}}
{"target": -90.15990555509201, "params": {"C": 8.648289331909549, "epsilon": 0.4072387533403523, "gamma": 0.06075658094340939, "lamda": 0.35328518773351586}, "datetime": {"datetime": "2021-06-28 12:06:27", "elapsed": 2504.555344, "delta": 10.407201}}
{"target": -12.014873944562298, "params": {"C": 3.6759795325848623, "epsilon": 0.37737893835182224, "gamma": 0.0987836230594803, "lamda": 0.04721321720484183}, "datetime": {"datetime": "2021-06-28 12:06:29", "elapsed": 2506.60405, "delta": 2.048706}}
{"target": -11.532986964812423, "params": {"C": 5.6255330070538605, "epsilon": 6.720324493442158, "gamma": 0.020004574992693796, "lamda": 0.12790970332641752}, "datetime": {"datetime": "2021-06-28 12:35:21", "elapsed": 0.0, "delta": 0.0}}
{"target": -11.458741467285375, "params": {"C": 5.22013383622567, "epsilon": 6.092338594768798, "gamma": 0.027450408455106837, "lamda": 0.14476868354678862}, "datetime": {"datetime": "2021-06-28 12:35:22", "elapsed": 0.521307, "delta": 0.521307}}
{"target": -93.34989834587658, "params": {"C": 5.595151211346005, "epsilon": 6.5388167340033565, "gamma": 0.036767780576131795, "lamda": 0.2772356051547362}, "datetime": {"datetime": "2021-06-28 12:35:34", "elapsed": 12.500377, "delta": 11.97907}}
{"target": -11.527548336895528, "params": {"C": 5.3066783745972765, "epsilon": 6.878117436390945, "gamma": 0.021095503727917048, "lamda": 0.2714823289695769}, "datetime": {"datetime": "2021-06-28 12:35:35", "elapsed": 13.164073, "delta": 0.663696}}
{"target": -11.428798196522596, "params": {"C": 5.625957203550691, "epsilon": 6.558689828445751, "gamma": 0.02561547754380935, "lamda": 0.08725958074310272}, "datetime": {"datetime": "2021-06-28 12:35:35", "elapsed": 13.677207, "delta": 0.513134}}
{"target": -88.78597920280595, "params": {"C": 6.201116853013305, "epsilon": 6.9682615757193975, "gamma": 0.03253696712636971, "lamda": 0.28000582011103253}, "datetime": {"datetime": "2021-06-28 12:35:46", "elapsed": 24.191122, "delta": 10.513915}}
{"target": -11.409112373454295, "params": {"C": 6.314583728444058, "epsilon": 6.894606663503847, "gamma": 0.023401768454791118, "lamda": 0.02523136546082412}, "datetime": {"datetime": "2021-06-28 12:35:46", "elapsed": 24.787107, "delta": 0.595985}}
{"target": -11.435444276113857, "params": {"C": 5.2547456293468535, "epsilon": 6.878142503429413, "gamma": 0.023933873353322005, "lamda": 0.17423197375197036}, "datetime": {"datetime": "2021-06-28 12:35:47", "elapsed": 25.252601, "delta": 0.465494}}
{"target": -91.13304966041946, "params": {"C": 6.4368342952257525, "epsilon": 6.533165284973017, "gamma": 0.04767508455801893, "lamda": 0.13305109609236457}, "datetime": {"datetime": "2021-06-28 12:35:57", "elapsed": 35.524698, "delta": 10.272097}}
{"target": -82.1832268417911, "params": {"C": 6.0297513915223755, "epsilon": 6.834625671897373, "gamma": 0.02073153109376767, "lamda": 0.30255628282853736}, "datetime": {"datetime": "2021-06-28 12:36:07", "elapsed": 45.604952, "delta": 10.080254}}
{"target": -90.84660875697298, "params": {"C": 6.483291633359742, "epsilon": 6.748165654379839, "gamma": 0.031217759682576205, "lamda": 0.3178189380960805}, "datetime": {"datetime": "2021-06-28 12:36:17", "elapsed": 55.597817, "delta": 9.992865}}
{"target": -90.23361602622522, "params": {"C": 5.154839009866463, "epsilon": 6.447893526175905, "gamma": 0.05634382012372381, "lamda": 0.124509517865735}, "datetime": {"datetime": "2021-06-28 12:36:27", "elapsed": 65.844642, "delta": 10.246825}}
{"target": -73.83457373670709, "params": {"C": 5.431663007879523, "epsilon": 6.1300285721182775, "gamma": 0.020774678314811883, "lamda": 0.2747458578465575}, "datetime": {"datetime": "2021-06-28 12:36:37", "elapsed": 75.691421, "delta": 9.846779}}
{"target": -11.047163256370936, "params": {"C": 5.317442174000089, "epsilon": 6.265546659372227, "gamma": 0.03966292637121353, "lamda": 0.030811392595661354}, "datetime": {"datetime": "2021-06-28 12:36:38", "elapsed": 76.199855, "delta": 0.508434}}
{"target": -95.43288637735941, "params": {"C": 5.86117640823802, "epsilon": 6.1467285749058105, "gamma": 0.043572221476131365, "lamda": 0.2829057604081632}, "datetime": {"datetime": "2021-06-28 12:36:48", "elapsed": 86.572524, "delta": 10.372669}}
{"target": -95.75937869727102, "params": {"C": 5.153501643241738, "epsilon": 6.414055987819569, "gamma": 0.0477760063091098, "lamda": 0.17152991511549204}, "datetime": {"datetime": "2021-06-28 12:36:58", "elapsed": 96.920278, "delta": 10.347754}}
{"target": -96.37348629512191, "params": {"C": 5.074930188419131, "epsilon": 6.535896405915512, "gamma": 0.046551785808791546, "lamda": 0.21080675370274035}, "datetime": {"datetime": "2021-06-28 12:37:09", "elapsed": 107.825934, "delta": 10.905656}}
{"target": -10.507623013255253, "params": {"C": 6.41689213398622, "epsilon": 6.586555040501993, "gamma": 0.05613607661151533, "lamda": 0.06361513461703264}, "datetime": {"datetime": "2021-06-28 12:37:10", "elapsed": 108.289895, "delta": 0.463961}}
{"target": -11.149629129623658, "params": {"C": 5.208914520876138, "epsilon": 6.807391288709524, "gamma": 0.03590707347942134, "lamda": 0.07448813687560378}, "datetime": {"datetime": "2021-06-28 12:37:10", "elapsed": 108.803939, "delta": 0.514044}}
{"target": -93.54161558158069, "params": {"C": 6.391262870594051, "epsilon": 6.347765859745507, "gamma": 0.05003248412544622, "lamda": 0.2931392142866761}, "datetime": {"datetime": "2021-06-28 12:37:21", "elapsed": 119.295084, "delta": 10.491145}}
{"target": -11.478747846625232, "params": {"C": 5.29609024394698, "epsilon": 6.877537390837416, "gamma": 0.021752937906996055, "lamda": 0.25150522998387387}, "datetime": {"datetime": "2021-06-28 12:37:22", "elapsed": 120.262082, "delta": 0.966998}}
{"target": -11.429682176140835, "params": {"C": 5.2606148000874295, "epsilon": 6.872836083192052, "gamma": 0.024323771708253963, "lamda": 0.1841500125641013}, "datetime": {"datetime": "2021-06-28 12:37:22", "elapsed": 121.104974, "delta": 0.842892}}
{"target": -10.543849938998, "params": {"C": 6.413424913983878, "epsilon": 6.595801784377844, "gamma": 0.05759450932470073, "lamda": 0.05156985062466478}, "datetime": {"datetime": "2021-06-28 12:37:23", "elapsed": 121.967941, "delta": 0.862967}}
{"target": -11.173601874281873, "params": {"C": 5.212317633259818, "epsilon": 6.81243641939183, "gamma": 0.03504887743746172, "lamda": 0.0818145483947233}, "datetime": {"datetime": "2021-06-28 12:37:24", "elapsed": 122.883933, "delta": 0.915992}}
{"target": -11.168985044199724, "params": {"C": 5.209772690488419, "epsilon": 6.812592882238712, "gamma": 0.03524848717956349, "lamda": 0.07636001969094558}, "datetime": {"datetime": "2021-06-28 12:37:25", "elapsed": 123.714506, "delta": 0.830573}}
{"target": -11.528178122831157, "params": {"C": 5.301327658548353, "epsilon": 6.880261301658357, "gamma": 0.021097103348048863, "lamda": 0.2621166389798067}, "datetime": {"datetime": "2021-06-28 12:37:26", "elapsed": 124.644515, "delta": 0.930009}}
{"target": -10.546561388667952, "params": {"C": 6.416895231638759, "epsilon": 6.590487677033803, "gamma": 0.05834386546631107, "lamda": 0.0572833457512333}, "datetime": {"datetime": "2021-06-28 12:37:27", "elapsed": 125.502192, "delta": 0.857677}}
{"target": -91.7405610331657, "params": {"C": 5.487313642098518, "epsilon": 6.635781416185794, "gamma": 0.036020204374436704, "lamda": 0.30310637196669576}, "datetime": {"datetime": "2021-06-28 12:37:37", "elapsed": 135.57988, "delta": 10.077688}}
{"target": -10.460331819602441, "params": {"C": 6.395027194436318, "epsilon": 6.597666738506852, "gamma": 0.053681081108579734, "lamda": 0.05743700741354333}, "datetime": {"datetime": "2021-06-28 12:37:38", "elapsed": 136.674567, "delta": 1.094687}}
{"target": -11.434477108889178, "params": {"C": 5.302819878945742, "epsilon": 6.868630972566269, "gamma": 0.022600828641397393, "lamda": 0.2615495681578768}, "datetime": {"datetime": "2021-06-28 12:37:39", "elapsed": 137.569061, "delta": 0.894494}}
{"target": -11.063081812441684, "params": {"C": 5.31711180306398, "epsilon": 6.260937964586722, "gamma": 0.03935404114818884, "lamda": 0.031260896468991994}, "datetime": {"datetime": "2021-06-28 12:37:40", "elapsed": 138.598981, "delta": 1.02992}}
{"target": -11.072620730046616, "params": {"C": 5.3200151232211415, "epsilon": 6.263072932565152, "gamma": 0.03951104355300718, "lamda": 0.027930089627903498}, "datetime": {"datetime": "2021-06-28 12:37:41", "elapsed": 139.524556, "delta": 0.925575}}
{"target": -96.6222002297028, "params": {"C": 5.351085611301603, "epsilon": 6.447001855678727, "gamma": 0.04200438852181666, "lamda": 0.3801812480961442}, "datetime": {"datetime": "2021-06-28 12:37:51", "elapsed": 149.793772, "delta": 10.269216}}
{"target": -10.51024122831548, "params": {"C": 6.410264520503261, "epsilon": 6.5874959054240625, "gamma": 0.05229201595824924, "lamda": 0.054300342613470734}, "datetime": {"datetime": "2021-06-28 12:37:52", "elapsed": 150.792181, "delta": 0.998409}}
{"target": -11.442071725205084, "params": {"C": 5.627116378642095, "epsilon": 6.566880739240427, "gamma": 0.02502483687129204, "lamda": 0.08373810673319218}, "datetime": {"datetime": "2021-06-28 12:37:53", "elapsed": 151.816236, "delta": 1.024055}}
{"target": -11.10346755781521, "params": {"C": 5.3150570382020526, "epsilon": 6.263501906898019, "gamma": 0.037583804856324114, "lamda": 0.027631284914624105}, "datetime": {"datetime": "2021-06-28 12:37:54", "elapsed": 152.798306, "delta": 0.98207}}
{"target": -10.551033535456309, "params": {"C": 6.410647610698146, "epsilon": 6.601453396435788, "gamma": 0.04868674043569821, "lamda": 0.06507532249328084}, "datetime": {"datetime": "2021-06-28 12:37:55", "elapsed": 153.861521, "delta": 1.063215}}
{"target": -91.47067217229868, "params": {"C": 5.200569466618167, "epsilon": 6.507848608598771, "gamma": 0.055564132884273254, "lamda": 0.23119399626547735}, "datetime": {"datetime": "2021-06-28 12:38:06", "elapsed": 164.593625, "delta": 10.732104}}
{"target": -10.528623046275454, "params": {"C": 6.405929802526022, "epsilon": 6.593972484676467, "gamma": 0.05906702412390433, "lamda": 0.06315716585745461}, "datetime": {"datetime": "2021-06-28 12:38:07", "elapsed": 165.707406, "delta": 1.113781}}
{"target": -11.483870151440078, "params": {"C": 6.227062923517506, "epsilon": 6.163526712076952, "gamma": 0.020601328699958142, "lamda": 0.07278559635167747}, "datetime": {"datetime": "2021-06-28 12:38:08", "elapsed": 166.361324, "delta": 0.653918}}
{"target": -10.54274253421585, "params": {"C": 6.410632486525557, "epsilon": 6.595069468616733, "gamma": 0.050791367575579345, "lamda": 0.058961443003719395}, "datetime": {"datetime": "2021-06-28 12:38:09", "elapsed": 167.346464, "delta": 0.98514}}
{"target": -10.527892375399313, "params": {"C": 6.398299002248233, "epsilon": 6.607639424826404, "gamma": 0.05710833058840435, "lamda": 0.051134306805614996}, "datetime": {"datetime": "2021-06-28 12:38:10", "elapsed": 168.26364, "delta": 0.917176}}
{"target": -10.52758513885549, "params": {"C": 6.399144360790426, "epsilon": 6.593645036377596, "gamma": 0.05908579886270955, "lamda": 0.04641892614542704}, "datetime": {"datetime": "2021-06-28 12:38:11", "elapsed": 169.313897, "delta": 1.050257}}
{"target": -10.902910548168155, "params": {"C": 5.315960673552996, "epsilon": 6.2631895482084925, "gamma": 0.04447857768667983, "lamda": 0.028618631355217878}, "datetime": {"datetime": "2021-06-28 12:38:12", "elapsed": 170.227132, "delta": 0.913235}}
{"target": -10.493706201822784, "params": {"C": 6.276529866927319, "epsilon": 6.782956166058474, "gamma": 0.05608761372540777, "lamda": 0.04642203655040525}, "datetime": {"datetime": "2021-06-28 12:38:12", "elapsed": 170.860382, "delta": 0.63325}}
{"target": -10.567500594197025, "params": {"C": 6.288912625419123, "epsilon": 6.811739096764377, "gamma": 0.04692430817447509, "lamda": 0.039218223196899896}, "datetime": {"datetime": "2021-06-28 12:38:13", "elapsed": 171.971619, "delta": 1.111237}}
{"target": -11.128769758555341, "params": {"C": 6.306468980231375, "epsilon": 6.867973421611741, "gamma": 0.030973403002804895, "lamda": 0.02850935821155608}, "datetime": {"datetime": "2021-06-28 12:38:14", "elapsed": 173.106589, "delta": 1.13497}}
{"target": -11.160440026235163, "params": {"C": 5.7327485432775225, "epsilon": 6.064194840723208, "gamma": 0.03318546935522167, "lamda": 0.25967052138525887}, "datetime": {"datetime": "2021-06-28 12:38:15", "elapsed": 173.708975, "delta": 0.602386}}
{"target": -11.171035614151965, "params": {"C": 5.719193688503926, "epsilon": 6.054919221536597, "gamma": 0.03206331817578281, "lamda": 0.2570660421742765}, "datetime": {"datetime": "2021-06-28 12:38:16", "elapsed": 174.928958, "delta": 1.219983}}
{"target": -92.31280104664981, "params": {"C": 5.982594977534552, "epsilon": 6.217750698144854, "gamma": 0.0481062061205651, "lamda": 0.3637290955291583}, "datetime": {"datetime": "2021-06-28 12:38:27", "elapsed": 185.832997, "delta": 10.904039}}
{"target": -10.532046220314193, "params": {"C": 6.288057991068962, "epsilon": 6.791103188351742, "gamma": 0.0510251676810465, "lamda": 0.041423323313678366}, "datetime": {"datetime": "2021-06-28 12:38:28", "elapsed": 186.894749, "delta": 1.061752}}
{"target": -10.487852307284259, "params": {"C": 6.400418793543715, "epsilon": 6.606274847435785, "gamma": 0.05304452983343013, "lamda": 0.06146538664192715}, "datetime": {"datetime": "2021-06-28 12:38:29", "elapsed": 187.907548, "delta": 1.012799}}
{"target": -11.1620974823756, "params": {"C": 5.725933508034395, "epsilon": 6.061504909385544, "gamma": 0.0331776034530927, "lamda": 0.25319834059699864}, "datetime": {"datetime": "2021-06-28 12:38:30", "elapsed": 188.993337, "delta": 1.085789}}
{"target": -10.501527957724711, "params": {"C": 6.275397663213229, "epsilon": 6.799098690168581, "gamma": 0.053904948557024726, "lamda": 0.041019704463613575}, "datetime": {"datetime": "2021-06-28 12:38:31", "elapsed": 190.013342, "delta": 1.020005}}
{"target": -95.75295314518891, "params": {"C": 6.396053271530685, "epsilon": 6.912490410941593, "gamma": 0.050197709392257414, "lamda": 0.2788460342111595}, "datetime": {"datetime": "2021-06-28 12:38:42", "elapsed": 200.304332, "delta": 10.29099}}
{"target": -10.63303907088458, "params": {"C": 6.279377594644909, "epsilon": 6.794540954771233, "gamma": 0.0459961673442641, "lamda": 0.04799269253470596}, "datetime": {"datetime": "2021-06-28 12:38:43", "elapsed": 201.302258, "delta": 0.997926}}
{"target": -11.147318685060263, "params": {"C": 5.525228638854135, "epsilon": 6.942918509160145, "gamma": 0.03517389054876485, "lamda": 0.12286181698691291}, "datetime": {"datetime": "2021-06-28 12:38:43", "elapsed": 202.0003, "delta": 0.698042}}
{"target": -10.540569446968947, "params": {"C": 6.278105067876859, "epsilon": 6.78923075833191, "gamma": 0.05058248981481626, "lamda": 0.037694585145774485}, "datetime": {"datetime": "2021-06-28 12:38:44", "elapsed": 202.983961, "delta": 0.983661}}
{"target": -10.661663158296538, "params": {"C": 5.967425972911955, "epsilon": 6.1252207689458835, "gamma": 0.04717755035528189, "lamda": 0.11016896529862398}, "datetime": {"datetime": "2021-06-28 12:38:45", "elapsed": 203.630942, "delta": 0.646981}}
{"target": -96.90631510295354, "params": {"C": 5.632117888959454, "epsilon": 6.418055194980211, "gamma": 0.052997302619568004, "lamda": 0.14960270189862174}, "datetime": {"datetime": "2021-06-28 12:38:52", "elapsed": 210.154371, "delta": 6.523429}}
{"target": -10.6630910745025, "params": {"C": 5.975271587212408, "epsilon": 6.122818350535753, "gamma": 0.047083547978042935, "lamda": 0.09678566953783362}, "datetime": {"datetime": "2021-06-28 12:38:52", "elapsed": 211.088999, "delta": 0.934628}}
{"target": -11.358749841581906, "params": {"C": 6.485475184547655, "epsilon": 6.6440397599941345, "gamma": 0.023512407435593127, "lamda": 0.03754133380889732}, "datetime": {"datetime": "2021-06-28 12:38:53", "elapsed": 211.789223, "delta": 0.700224}}
{"target": -10.638429220299473, "params": {"C": 5.965362965272234, "epsilon": 6.122008268532381, "gamma": 0.04806458630685088, "lamda": 0.10071783306302788}, "datetime": {"datetime": "2021-06-28 12:38:54", "elapsed": 212.799968, "delta": 1.010745}}
{"target": -10.818115183463735, "params": {"C": 6.450583652873473, "epsilon": 6.635410839931366, "gamma": 0.039026571475201596, "lamda": 0.040304900964511836}, "datetime": {"datetime": "2021-06-28 12:38:55", "elapsed": 213.880144, "delta": 1.080176}}
{"target": -11.047476476550141, "params": {"C": 5.570244269885421, "epsilon": 6.848395832333338, "gamma": 0.03643751887353425, "lamda": 0.15540680958353864}, "datetime": {"datetime": "2021-06-28 12:38:56", "elapsed": 214.50909, "delta": 0.628946}}
{"target": -11.111020338803398, "params": {"C": 5.544343739711206, "epsilon": 6.899409923855665, "gamma": 0.034869266594291445, "lamda": 0.13494727246550828}, "datetime": {"datetime": "2021-06-28 12:38:57", "elapsed": 215.435402, "delta": 0.926312}}
{"target": -11.138247155639199, "params": {"C": 5.569475108645673, "epsilon": 6.8535069471681105, "gamma": 0.03265096789391162, "lamda": 0.1372575402323966}, "datetime": {"datetime": "2021-06-28 12:38:58", "elapsed": 216.609957, "delta": 1.174555}}
{"target": -10.52140826539073, "params": {"C": 6.281661171568808, "epsilon": 6.7934486120455855, "gamma": 0.05749937891975653, "lamda": 0.04343158399174984}, "datetime": {"datetime": "2021-06-28 12:38:59", "elapsed": 217.57813, "delta": 0.968173}}
{"target": -10.663394697297523, "params": {"C": 5.429848019184274, "epsilon": 6.103867111066693, "gamma": 0.054142656273384285, "lamda": 0.06504949330242904}, "datetime": {"datetime": "2021-06-28 12:39:00", "elapsed": 218.278467, "delta": 0.700337}}
{"target": -11.171064677875128, "params": {"C": 6.079704613800718, "epsilon": 6.287037426865422, "gamma": 0.029839814973599443, "lamda": 0.07852876268498538}, "datetime": {"datetime": "2021-06-28 12:39:00", "elapsed": 218.924663, "delta": 0.646196}}
{"target": -10.633603367817209, "params": {"C": 5.416642974932274, "epsilon": 6.109719977741186, "gamma": 0.05528074021966097, "lamda": 0.05185233089118583}, "datetime": {"datetime": "2021-06-28 12:39:01", "elapsed": 219.986887, "delta": 1.062224}}
{"target": -10.624581687823708, "params": {"C": 5.4290874033603895, "epsilon": 6.101729397337158, "gamma": 0.056016948771424435, "lamda": 0.052440529118878136}, "datetime": {"datetime": "2021-06-28 12:39:02", "elapsed": 221.018447, "delta": 1.03156}}
{"target": -10.711138988682682, "params": {"C": 5.418671862025507, "epsilon": 6.099283586685816, "gamma": 0.05451052938540191, "lamda": 0.05951659668114918}, "datetime": {"datetime": "2021-06-28 12:39:03", "elapsed": 222.119497, "delta": 1.10105}}
{"target": -10.663665831264305, "params": {"C": 5.972140222603315, "epsilon": 6.136892630059856, "gamma": 0.046614156851270634, "lamda": 0.10080881728046312}, "datetime": {"datetime": "2021-06-28 12:39:04", "elapsed": 223.096707, "delta": 0.97721}}
{"target": -11.427054967262661, "params": {"C": 5.619405548506875, "epsilon": 6.751114008315959, "gamma": 0.022607737683387325, "lamda": 0.12155564114423235}, "datetime": {"datetime": "2021-06-28 12:39:06", "elapsed": 224.182441, "delta": 1.085734}}
{"target": -10.935775821445999, "params": {"C": 5.972158016906962, "epsilon": 6.12674056466952, "gamma": 0.03869994846511099, "lamda": 0.10332201545600514}, "datetime": {"datetime": "2021-06-28 12:39:07", "elapsed": 225.259008, "delta": 1.076567}}
{"target": -10.553366959389225, "params": {"C": 5.975207191783105, "epsilon": 6.1276272897127, "gamma": 0.05822292723043702, "lamda": 0.1044761743811513}, "datetime": {"datetime": "2021-06-28 12:39:08", "elapsed": 226.27975, "delta": 1.020742}}
{"target": -10.795978539004306, "params": {"C": 5.425573462028013, "epsilon": 6.10902813904272, "gamma": 0.046200194918751145, "lamda": 0.05604150967082017}, "datetime": {"datetime": "2021-06-28 12:39:09", "elapsed": 227.370941, "delta": 1.091191}}
{"target": -11.136253219676233, "params": {"C": 6.087288762746662, "epsilon": 6.262479830026206, "gamma": 0.0306037645219741, "lamda": 0.07398139191015478}, "datetime": {"datetime": "2021-06-28 12:39:10", "elapsed": 228.40475, "delta": 1.033809}}
{"target": -10.535720445450304, "params": {"C": 6.4232630572888265, "epsilon": 6.618496753885802, "gamma": 0.05077636833248187, "lamda": 0.05616902871235715}, "datetime": {"datetime": "2021-06-28 12:39:11", "elapsed": 229.392298, "delta": 0.987548}}
{"target": -95.57015675858554, "params": {"C": 6.19897298808985, "epsilon": 6.272022464927425, "gamma": 0.04794557119718784, "lamda": 0.18312227279755847}, "datetime": {"datetime": "2021-06-28 12:39:21", "elapsed": 239.366364, "delta": 9.974066}}
{"target": -11.302391715343626, "params": {"C": 6.062602609846138, "epsilon": 6.2698891256982066, "gamma": 0.02721958541731556, "lamda": 0.056172341641944276}, "datetime": {"datetime": "2021-06-28 12:39:22", "elapsed": 240.434943, "delta": 1.068579}}
{"target": -11.51945387288047, "params": {"C": 6.220887858315862, "epsilon": 6.148239245362423, "gamma": 0.02, "lamda": 0.05016693163632796}, "datetime": {"datetime": "2021-06-28 12:39:23", "elapsed": 241.529865, "delta": 1.094922}}
{"target": -11.358945815345875, "params": {"C": 6.080780759329588, "epsilon": 6.275950198276045, "gamma": 0.026214502302597465, "lamda": 0.06274218018066158}, "datetime": {"datetime": "2021-06-28 12:39:24", "elapsed": 242.640581, "delta": 1.110716}}
{"target": -11.028262907337325, "params": {"C": 6.060607232261751, "epsilon": 6.264728858088799, "gamma": 0.03616808886616632, "lamda": 0.07979225797494173}, "datetime": {"datetime": "2021-06-28 12:39:25", "elapsed": 243.770725, "delta": 1.130144}}
