{"target": -10.59678467436989, "params": {"C": 5.42508391427682, "epsilon": 6.11089357576605, "gamma": 0.06, "lamda": 0.05863161314261064}, "datetime": {"datetime": "2021-06-28 12:39:26", "elapsed": 244.781502, "delta": 1.010777}}
{"target": -11.453455039753957, "params": {"C": 6.069536433476278, "epsilon": 6.267675750547309, "gamma": 0.02273845601385089, "lamda": 0.07554102028101657}, "datetime": {"datetime": "2021-06-28 12:39:27", "elapsed": 245.911037, "delta": 1.129535}}
{"target": -92.53055969896812, "params": {"C": 5.854869519703837, "epsilon": 6.034830696340693, "gamma": 0.05354061250296842, "lamda": 0.22073273636280086}, "datetime": {"datetime": "2021-06-28 12:39:38", "elapsed": 256.562688, "delta": 10.651651}}
{"target": -10.603786867188768, "params": {"C": 6.072394150400763, "epsilon": 6.271938283455463, "gamma": 0.04848722079972198, "lamda": 0.0669572407283157}, "datetime": {"datetime": "2021-06-28 12:39:39", "elapsed": 257.731185, "delta": 1.168497}}
{"target": -10.842178062213058, "params": {"C": 6.073014785689165, "epsilon": 6.256640199138245, "gamma": 0.04133026257275524, "lamda": 0.06582721202969302}, "datetime": {"datetime": "2021-06-28 12:39:40", "elapsed": 258.786906, "delta": 1.055721}}
{"target": -98.94082650675239, "params": {"C": 5.7061450249422405, "epsilon": 6.076051022857354, "gamma": 0.044903108289647324, "lamda": 0.25924308977843147}, "datetime": {"datetime": "2021-06-28 12:39:50", "elapsed": 269.138372, "delta": 10.351466}}
{"target": -11.024712372418815, "params": {"C": 6.0726281459582845, "epsilon": 6.270321726867284, "gamma": 0.03554975774679908, "lamda": 0.07066052848111279}, "datetime": {"datetime": "2021-06-28 12:39:51", "elapsed": 270.14993, "delta": 1.011558}}
{"target": -93.02783702613597, "params": {"C": 5.790949454487587, "epsilon": 6.808071303382254, "gamma": 0.05159998524146853, "lamda": 0.2608556851076796}, "datetime": {"datetime": "2021-06-28 12:40:03", "elapsed": 281.292494, "delta": 11.142564}}
{"target": -10.454779978223774, "params": {"C": 6.412259156685172, "epsilon": 6.608572301128311, "gamma": 0.053517001411572146, "lamda": 0.05778611512304646}, "datetime": {"datetime": "2021-06-28 12:40:03", "elapsed": 282.074993, "delta": 0.782499}}
{"target": -10.519792631982252, "params": {"C": 6.40204378695687, "epsilon": 6.598692645662227, "gamma": 0.05672625408519099, "lamda": 0.0533696049686653}, "datetime": {"datetime": "2021-06-28 12:40:04", "elapsed": 282.960106, "delta": 0.885113}}
{"target": -11.113308037617001, "params": {"C": 5.569066782362713, "epsilon": 6.8522844342711755, "gamma": 0.03473497455209022, "lamda": 0.14682503585944082}, "datetime": {"datetime": "2021-06-28 12:40:05", "elapsed": 283.790169, "delta": 0.830063}}
{"target": -10.676301270338973, "params": {"C": 5.42368315127146, "epsilon": 6.10575392939312, "gamma": 0.053879325045256735, "lamda": 0.057445202209608304}, "datetime": {"datetime": "2021-06-28 12:40:06", "elapsed": 285.049994, "delta": 1.259825}}
{"target": -95.50927288261948, "params": {"C": 5.9061799735645595, "epsilon": 6.690062841463648, "gamma": 0.04608898370266201, "lamda": 0.17188666739351352}, "datetime": {"datetime": "2021-06-28 12:40:13", "elapsed": 291.446345, "delta": 6.396351}}
{"target": -11.317106298442829, "params": {"C": 5.7294754130957894, "epsilon": 6.052699030564445, "gamma": 0.02847432124589103, "lamda": 0.25526608167934345}, "datetime": {"datetime": "2021-06-28 12:40:14", "elapsed": 292.610944, "delta": 1.164599}}
{"target": -10.91279302981093, "params": {"C": 5.413496372806852, "epsilon": 6.392935599191498, "gamma": 0.042726824004944694, "lamda": 0.05665804542988516}, "datetime": {"datetime": "2021-06-28 12:40:15", "elapsed": 293.348414, "delta": 0.73747}}
{"target": -11.48115809492183, "params": {"C": 5.30036392172471, "epsilon": 6.874266204635595, "gamma": 0.021957718313467312, "lamda": 0.2584278452847801}, "datetime": {"datetime": "2021-06-28 12:40:16", "elapsed": 294.411166, "delta": 1.062752}}
{"target": -94.33649678175169, "params": {"C": 6.144111668419211, "epsilon": 6.6583228781189305, "gamma": 0.03195924265250491, "lamda": 0.2776556728056233}, "datetime": {"datetime": "2021-06-28 12:40:22", "elapsed": 301.136815, "delta": 6.725649}}
{"target": -10.618572824600765, "params": {"C": 5.971998279583072, "epsilon": 6.128114361101566, "gamma": 0.04902613438064984, "lamda": 0.10306636022226903}, "datetime": {"datetime": "2021-06-28 12:40:24", "elapsed": 302.640424, "delta": 1.503609}}
{"target": -10.745399899333972, "params": {"C": 5.9699086276635756, "epsilon": 6.121398545862757, "gamma": 0.04600136827551112, "lamda": 0.10364053183886097}, "datetime": {"datetime": "2021-06-28 12:40:25", "elapsed": 303.763079, "delta": 1.122655}}
{"target": -10.553217736953851, "params": {"C": 6.283953983534158, "epsilon": 6.80126501387197, "gamma": 0.0488565323295429, "lamda": 0.04090849580075142}, "datetime": {"datetime": "2021-06-28 12:40:27", "elapsed": 305.237006, "delta": 1.473927}}
{"target": -93.21047360030717, "params": {"C": 5.357594311492002, "epsilon": 6.953188679540367, "gamma": 0.05881070356709227, "lamda": 0.2201930255576699}, "datetime": {"datetime": "2021-06-28 12:40:37", "elapsed": 315.668877, "delta": 10.431871}}
{"target": -10.889092017769313, "params": {"C": 5.813363376467548, "epsilon": 6.62697984673072, "gamma": 0.0399200788775964, "lamda": 0.0812462404942076}, "datetime": {"datetime": "2021-06-28 12:40:38", "elapsed": 316.449776, "delta": 0.780899}}
{"target": -92.68224491091136, "params": {"C": 5.165219021824925, "epsilon": 6.487163091808338, "gamma": 0.0562985386644891, "lamda": 0.1227077589531854}, "datetime": {"datetime": "2021-06-28 12:40:48", "elapsed": 326.870313, "delta": 10.420537}}
{"target": -11.499920673612484, "params": {"C": 6.223992588801083, "epsilon": 6.155925415041218, "gamma": 0.020302289161450885, "lamda": 0.061539080969801}, "datetime": {"datetime": "2021-06-28 12:40:49", "elapsed": 328.125502, "delta": 1.255189}}
{"target": -11.233183202428364, "params": {"C": 6.310460202418978, "epsilon": 6.881084174170082, "gamma": 0.027247152299934848, "lamda": 0.0269142332788505}, "datetime": {"datetime": "2021-06-28 12:40:51", "elapsed": 329.609307, "delta": 1.483805}}
{"target": -11.467132988703476, "params": {"C": 5.622379854636003, "epsilon": 6.736162026697531, "gamma": 0.021343759347264606, "lamda": 0.12464330695579309}, "datetime": {"datetime": "2021-06-28 12:40:52", "elapsed": 330.902983, "delta": 1.293676}}
{"target": -10.62803274636867, "params": {"C": 5.431469685716086, "epsilon": 6.106733953502322, "gamma": 0.05559193493986708, "lamda": 0.05803350592128267}, "datetime": {"datetime": "2021-06-28 12:40:53", "elapsed": 331.909499, "delta": 1.006516}}
{"target": -10.595106652456279, "params": {"C": 5.4260039057929745, "epsilon": 6.101219801092159, "gamma": 0.05989073681495658, "lamda": 0.05931240916314794}, "datetime": {"datetime": "2021-06-28 12:40:55", "elapsed": 333.168816, "delta": 1.259317}}
{"target": -10.511123281394712, "params": {"C": 6.278993551632533, "epsilon": 6.789576762646941, "gamma": 0.051815687068437956, "lamda": 0.04489359880977341}, "datetime": {"datetime": "2021-06-28 12:40:56", "elapsed": 334.818592, "delta": 1.649776}}
{"target": -10.511950243256408, "params": {"C": 6.41041430893323, "epsilon": 6.588636891554863, "gamma": 0.05634286167104344, "lamda": 0.060187156370724984}, "datetime": {"datetime": "2021-06-28 12:40:57", "elapsed": 335.682294, "delta": 0.863702}}
{"target": -11.061214798486722, "params": {"C": 5.358192199861244, "epsilon": 6.306141147399056, "gamma": 0.0391830061723744, "lamda": 0.06019175950010904}, "datetime": {"datetime": "2021-06-28 12:40:58", "elapsed": 336.393198, "delta": 0.710904}}
{"target": -10.779067377675105, "params": {"C": 5.968916098179366, "epsilon": 6.12934727023189, "gamma": 0.04354740580428604, "lamda": 0.09819499492529608}, "datetime": {"datetime": "2021-06-28 12:40:59", "elapsed": 337.636618, "delta": 1.24342}}
{"target": -95.96077898696512, "params": {"C": 5.368982472089382, "epsilon": 6.202700358783109, "gamma": 0.051940174544968534, "lamda": 0.34409898957708807}, "datetime": {"datetime": "2021-06-28 12:41:10", "elapsed": 348.654529, "delta": 11.017911}}
{"target": -10.706473687143644, "params": {"C": 5.428170183473247, "epsilon": 6.099594581507324, "gamma": 0.05281822983864809, "lamda": 0.0592814845338003}, "datetime": {"datetime": "2021-06-28 12:41:11", "elapsed": 350.050648, "delta": 1.396119}}
{"target": -10.48524469990394, "params": {"C": 6.416033677142956, "epsilon": 6.597311996666642, "gamma": 0.054840569703185314, "lamda": 0.06428418044761046}, "datetime": {"datetime": "2021-06-28 12:41:12", "elapsed": 351.134926, "delta": 1.084278}}
{"target": -96.02853042305105, "params": {"C": 5.629101257352048, "epsilon": 6.319330146467749, "gamma": 0.046512206166040224, "lamda": 0.22989869193810655}, "datetime": {"datetime": "2021-06-28 12:41:23", "elapsed": 361.609778, "delta": 10.474852}}
{"target": -86.06340039885637, "params": {"C": 5.971535909677098, "epsilon": 6.124833455353071, "gamma": 0.0557837795617005, "lamda": 0.10019560062942734}, "datetime": {"datetime": "2021-06-28 12:41:34", "elapsed": 372.985477, "delta": 11.375699}}
{"target": -11.18772278403178, "params": {"C": 5.726234548740011, "epsilon": 6.0572145360872565, "gamma": 0.03134013886622764, "lamda": 0.2559243081766483}, "datetime": {"datetime": "2021-06-28 12:41:35", "elapsed": 373.947572, "delta": 0.962095}}
{"target": -11.065607496022768, "params": {"C": 5.2733399098293825, "epsilon": 6.464579751588516, "gamma": 0.03932681939384376, "lamda": 0.10992774117481116}, "datetime": {"datetime": "2021-06-28 12:41:36", "elapsed": 374.70687, "delta": 0.759298}}
{"target": -10.50348677183875, "params": {"C": 6.412072677451014, "epsilon": 6.593980357325136, "gamma": 0.05593133734906635, "lamda": 0.05839692412228934}, "datetime": {"datetime": "2021-06-28 12:41:37", "elapsed": 375.780052, "delta": 1.073182}}
{"target": -91.99622633510678, "params": {"C": 5.143186765711569, "epsilon": 6.095945442954202, "gamma": 0.0325553807698383, "lamda": 0.36920479290997193}, "datetime": {"datetime": "2021-06-28 12:41:48", "elapsed": 386.318419, "delta": 10.538367}}
{"target": -10.615840142821908, "params": {"C": 5.422325327476536, "epsilon": 6.1066021661885035, "gamma": 0.05807561904794431, "lamda": 0.045356372255936264}, "datetime": {"datetime": "2021-06-28 12:41:48", "elapsed": 387.041287, "delta": 0.722868}}
{"target": -80.6081771376599, "params": {"C": 5.302706872413767, "epsilon": 6.87555059699003, "gamma": 0.02166371786823147, "lamda": 0.26333448713183694}, "datetime": {"datetime": "2021-06-28 12:41:59", "elapsed": 398.004026, "delta": 10.962739}}
{"target": -10.514859699009504, "params": {"C": 6.292915432433158, "epsilon": 6.805959690589885, "gamma": 0.05804164663317449, "lamda": 0.04895196235199161}, "datetime": {"datetime": "2021-06-28 12:42:00", "elapsed": 398.758844, "delta": 0.754818}}
{"target": -10.518020994818707, "params": {"C": 6.291038884042834, "epsilon": 6.800234016493341, "gamma": 0.05516055422029055, "lamda": 0.049013128026626045}, "datetime": {"datetime": "2021-06-28 12:42:01", "elapsed": 399.529986, "delta": 0.771142}}
{"target": -88.47435385172237, "params": {"C": 5.240410143445504, "epsilon": 6.0816897936878, "gamma": 0.05730896853576069, "lamda": 0.1504127278402856}, "datetime": {"datetime": "2021-06-28 12:42:12", "elapsed": 410.529642, "delta": 10.999656}}
{"target": -90.67899525595668, "params": {"C": 5.108924527438624, "epsilon": 6.22585460678631, "gamma": 0.05752712116272862, "lamda": 0.2415968487786909}, "datetime": {"datetime": "2021-06-28 12:42:23", "elapsed": 421.552189, "delta": 11.022547}}
{"target": -98.59083942389451, "params": {"C": 5.874135821900787, "epsilon": 6.810849591496382, "gamma": 0.045543296605489066, "lamda": 0.3361872123395287}, "datetime": {"datetime": "2021-06-28 12:42:30", "elapsed": 428.458104, "delta": 6.905915}}
{"target": -10.824981475345492, "params": {"C": 5.27145431077579, "epsilon": 6.462150013822856, "gamma": 0.0465000304028273, "lamda": 0.1147532243713599}, "datetime": {"datetime": "2021-06-28 12:42:31", "elapsed": 429.261512, "delta": 0.803408}}
{"target": -98.53439569348079, "params": {"C": 5.37601235162816, "epsilon": 6.752273640053069, "gamma": 0.05305657370928747, "lamda": 0.25238766851481903}, "datetime": {"datetime": "2021-06-28 12:42:42", "elapsed": 440.625839, "delta": 11.364327}}
{"target": -11.059580574158687, "params": {"C": 5.815804895976687, "epsilon": 6.629462366516788, "gamma": 0.03493722390466145, "lamda": 0.07923983402840472}, "datetime": {"datetime": "2021-06-28 12:42:43", "elapsed": 441.386164, "delta": 0.760325}}
{"target": -11.165474354923791, "params": {"C": 5.41575063243903, "epsilon": 6.397422363254151, "gamma": 0.034666963999019536, "lamda": 0.055415328468437476}, "datetime": {"datetime": "2021-06-28 12:42:43", "elapsed": 442.120206, "delta": 0.734042}}
{"target": -10.626492274084526, "params": {"C": 5.427658142475976, "epsilon": 6.103380836001, "gamma": 0.05583269159879677, "lamda": 0.05856534693000973}, "datetime": {"datetime": "2021-06-28 12:42:45", "elapsed": 443.209262, "delta": 1.089056}}
{"target": -10.61890150986384, "params": {"C": 5.814898325945012, "epsilon": 6.628201741258139, "gamma": 0.048588483941567104, "lamda": 0.0773476095260621}, "datetime": {"datetime": "2021-06-28 12:42:45", "elapsed": 444.151166, "delta": 0.941904}}
{"target": -11.08907986692285, "params": {"C": 5.21885834908523, "epsilon": 6.800731244721049, "gamma": 0.037665106796367254, "lamda": 0.07998273854593066}, "datetime": {"datetime": "2021-06-28 12:42:46", "elapsed": 445.000157, "delta": 0.848991}}
{"target": -10.601128907261199, "params": {"C": 6.0956865874247965, "epsilon": 6.247873836546884, "gamma": 0.04971926784144236, "lamda": 0.026942157604979193}, "datetime": {"datetime": "2021-06-28 12:42:47", "elapsed": 445.836311, "delta": 0.836154}}
{"target": -10.481238233089964, "params": {"C": 6.398527336233643, "epsilon": 6.611106378442686, "gamma": 0.053207655468725565, "lamda": 0.06014376107631506}, "datetime": {"datetime": "2021-06-28 12:42:48", "elapsed": 446.753389, "delta": 0.917078}}
{"target": -90.76215498080565, "params": {"C": 6.171894861510956, "epsilon": 6.33008796889459, "gamma": 0.028141435980203716, "lamda": 0.37827355793940487}, "datetime": {"datetime": "2021-06-28 12:42:59", "elapsed": 457.421355, "delta": 10.667966}}
{"target": -11.469385141509667, "params": {"C": 5.220025717687789, "epsilon": 6.092372795008476, "gamma": 0.027095667168644984, "lamda": 0.14509631492095848}, "datetime": {"datetime": "2021-06-28 12:43:00", "elapsed": 458.419889, "delta": 0.998534}}
{"target": -11.471408337649832, "params": {"C": 5.219919934711599, "epsilon": 6.092497975428014, "gamma": 0.027017134120081377, "lamda": 0.14456412757059445}, "datetime": {"datetime": "2021-06-28 12:43:01", "elapsed": 460.070308, "delta": 1.650419}}
{"target": -11.020067818181268, "params": {"C": 6.207314552183196, "epsilon": 6.3129577071266425, "gamma": 0.035040543463290316, "lamda": 0.11147434004990422}, "datetime": {"datetime": "2021-06-28 12:43:02", "elapsed": 460.985577, "delta": 0.915269}}
{"target": -11.073277312034127, "params": {"C": 5.275398130005897, "epsilon": 6.461156272636464, "gamma": 0.03872419371926057, "lamda": 0.12071234401447636}, "datetime": {"datetime": "2021-06-28 12:43:03", "elapsed": 461.856855, "delta": 0.871278}}
{"target": -10.495488104723586, "params": {"C": 6.268121182375946, "epsilon": 6.780584684751602, "gamma": 0.05345455937551133, "lamda": 0.03641975721241268}, "datetime": {"datetime": "2021-06-28 12:43:04", "elapsed": 462.741249, "delta": 0.884394}}
{"target": -11.012877417139967, "params": {"C": 6.070493583890939, "epsilon": 6.261198988492894, "gamma": 0.03598822377485624, "lamda": 0.07920569620099259}, "datetime": {"datetime": "2021-06-28 12:43:05", "elapsed": 463.53332, "delta": 0.792071}}
{"target": -11.299186321499032, "params": {"C": 6.066361929358864, "epsilon": 6.271191496379092, "gamma": 0.027461217180112064, "lamda": 0.0497927238941447}, "datetime": {"datetime": "2021-06-28 12:43:06", "elapsed": 464.44688, "delta": 0.91356}}
{"target": -10.530432377722661, "params": {"C": 6.268124592832235, "epsilon": 6.794237659429734, "gamma": 0.05477615647126635, "lamda": 0.03916015478400722}, "datetime": {"datetime": "2021-06-28 12:43:07", "elapsed": 465.417969, "delta": 0.971089}}
{"target": -11.145553652310944, "params": {"C": 5.693884980665169, "epsilon": 6.726659885476595, "gamma": 0.03194710016912504, "lamda": 0.15117026077925344}, "datetime": {"datetime": "2021-06-28 12:43:08", "elapsed": 466.307422, "delta": 0.889453}}
{"target": -11.041538120391655, "params": {"C": 5.535379922242389, "epsilon": 6.898124019052372, "gamma": 0.03678435213937144, "lamda": 0.1283543876775881}, "datetime": {"datetime": "2021-06-28 12:43:09", "elapsed": 467.216311, "delta": 0.908889}}
{"target": -97.12504275920185, "params": {"C": 5.618627971654181, "epsilon": 6.176556404755387, "gamma": 0.040072719521447156, "lamda": 0.37218164558406397}, "datetime": {"datetime": "2021-06-28 12:43:19", "elapsed": 477.793493, "delta": 10.577182}}
{"target": -11.19735368603222, "params": {"C": 6.316155625482873, "epsilon": 6.901162812998475, "gamma": 0.028368609726157047, "lamda": 0.03278664930218691}, "datetime": {"datetime": "2021-06-28 12:43:20", "elapsed": 478.730735, "delta": 0.937242}}
{"target": -10.506065139150687, "params": {"C": 6.414634621439369, "epsilon": 6.589638960590138, "gamma": 0.056063273656998334, "lamda": 0.06005783289178971}, "datetime": {"datetime": "2021-06-28 12:43:21", "elapsed": 479.768018, "delta": 1.037283}}
{"target": -89.088108705254, "params": {"C": 5.30921681294335, "epsilon": 6.867565403539111, "gamma": 0.02673509111619145, "lamda": 0.26671911120540104}, "datetime": {"datetime": "2021-06-28 12:43:28", "elapsed": 486.64023, "delta": 6.872212}}
{"target": -11.193847097656603, "params": {"C": 5.500192916107748, "epsilon": 6.374082744445131, "gamma": 0.03238708582248469, "lamda": 0.22432581363459803}, "datetime": {"datetime": "2021-06-28 12:43:29", "elapsed": 487.506802, "delta": 0.866572}}
{"target": -92.59847949925293, "params": {"C": 5.005308498028081, "epsilon": 6.86099060307522, "gamma": 0.054187236236360556, "lamda": 0.10712022683867167}, "datetime": {"datetime": "2021-06-28 12:43:40", "elapsed": 498.910063, "delta": 11.403261}}
{"target": -80.03300086182476, "params": {"C": 5.146836595164267, "epsilon": 6.636166092984666, "gamma": 0.022425753203874254, "lamda": 0.38839925374915285}, "datetime": {"datetime": "2021-06-28 12:43:51", "elapsed": 509.559861, "delta": 10.649798}}
{"target": -10.9780392371708, "params": {"C": 5.520873094337712, "epsilon": 6.942991186733702, "gamma": 0.03941824813277524, "lamda": 0.1282300174776888}, "datetime": {"datetime": "2021-06-28 12:43:52", "elapsed": 510.431969, "delta": 0.872108}}
{"target": -10.62947867709319, "params": {"C": 5.423014246403622, "epsilon": 6.10100486719335, "gamma": 0.05561564419205107, "lamda": 0.05873346377820734}, "datetime": {"datetime": "2021-06-28 12:43:53", "elapsed": 511.403104, "delta": 0.971135}}
{"target": -11.233388670394529, "params": {"C": 5.207531797414617, "epsilon": 6.814565767608046, "gamma": 0.03261406921917019, "lamda": 0.07458144984965696}, "datetime": {"datetime": "2021-06-28 12:43:54", "elapsed": 512.375481, "delta": 0.972377}}
{"target": -92.8997509257813, "params": {"C": 6.300108614578647, "epsilon": 6.587082762155051, "gamma": 0.0475910024186745, "lamda": 0.21618604616003925}, "datetime": {"datetime": "2021-06-28 12:44:05", "elapsed": 523.240116, "delta": 10.864635}}
{"target": -10.482738257911421, "params": {"C": 6.424061254462238, "epsilon": 6.619636477398098, "gamma": 0.05477137411953664, "lamda": 0.05034277261846527}, "datetime": {"datetime": "2021-06-28 12:44:06", "elapsed": 524.160911, "delta": 0.920795}}
{"target": -84.81054960499085, "params": {"C": 6.002628579745487, "epsilon": 6.401511957355648, "gamma": 0.02289450390925494, "lamda": 0.37189166820092384}, "datetime": {"datetime": "2021-06-28 12:44:16", "elapsed": 534.403931, "delta": 10.24302}}
{"target": -90.54729610043827, "params": {"C": 6.2350253218591565, "epsilon": 6.402828171460935, "gamma": 0.028346675511223544, "lamda": 0.34041133000522705}, "datetime": {"datetime": "2021-06-28 12:44:23", "elapsed": 541.32204, "delta": 6.918109}}
{"target": -11.146969473212936, "params": {"C": 5.693786804956065, "epsilon": 6.727008468287706, "gamma": 0.032001726829568054, "lamda": 0.15151331596987722}, "datetime": {"datetime": "2021-06-28 12:44:24", "elapsed": 542.190252, "delta": 0.868212}}
{"target": -11.139058613517376, "params": {"C": 6.084744216261092, "epsilon": 6.267586473903383, "gamma": 0.030449367545815342, "lamda": 0.07365659382166716}, "datetime": {"datetime": "2021-06-28 12:44:24", "elapsed": 543.142083, "delta": 0.951831}}
{"target": -11.072308056156626, "params": {"C": 5.4292236254382695, "epsilon": 6.110435280610636, "gamma": 0.03846863084445805, "lamda": 0.055533244730626395}, "datetime": {"datetime": "2021-06-28 12:44:25", "elapsed": 543.98578, "delta": 0.843697}}
{"target": -11.425655088901527, "params": {"C": 5.615775111970115, "epsilon": 6.7409480318702, "gamma": 0.02235639923466153, "lamda": 0.12980544680730577}, "datetime": {"datetime": "2021-06-28 12:44:26", "elapsed": 545.010643, "delta": 1.024863}}
{"target": -11.330066918177426, "params": {"C": 5.623926740489706, "epsilon": 6.5615159737975555, "gamma": 0.028206866210735426, "lamda": 0.08270426043816048}, "datetime": {"datetime": "2021-06-28 12:44:27", "elapsed": 546.004041, "delta": 0.993398}}
{"target": -10.533644443385667, "params": {"C": 6.415037839702347, "epsilon": 6.596280658348378, "gamma": 0.05889201576618533, "lamda": 0.05589897091621713}, "datetime": {"datetime": "2021-06-28 12:44:28", "elapsed": 547.030722, "delta": 1.026681}}
