{"target": -17.663162431757574, "params": {"C": 5.8986017637218815, "epsilon": 5.005593324835778, "gamma": 0.3242978482614075, "lamda": 0.37883129999515286}, "datetime": {"datetime": "2021-06-28 17:43:21", "elapsed": 325.936355, "delta": 1.275584}}
{"target": -15.578419717211888, "params": {"C": 6.0524012077649, "epsilon": 3.5307634872287434, "gamma": 0.207788589390175, "lamda": 0.18793668754384682}, "datetime": {"datetime": "2021-06-28 17:43:22", "elapsed": 327.085284, "delta": 1.148929}}
{"target": -95.31067026745505, "params": {"C": 6.691215342756238, "epsilon": 3.622144674755525, "gamma": 0.029019707556234675, "lamda": 0.3910280122446923}, "datetime": {"datetime": "2021-06-28 17:43:30", "elapsed": 334.700916, "delta": 7.615632}}
{"target": -21.834390301071675, "params": {"C": 5.691794394535087, "epsilon": 3.448710819320433, "gamma": 0.708357765738441, "lamda": 0.17537016772312977}, "datetime": {"datetime": "2021-06-28 17:43:32", "elapsed": 336.285679, "delta": 1.584763}}
{"target": -11.503903381440876, "params": {"C": 7.389007786874382, "epsilon": 6.021872913229075, "gamma": 0.01, "lamda": 0.01}, "datetime": {"datetime": "2021-06-28 17:43:33", "elapsed": 337.791652, "delta": 1.505973}}
{"target": -16.560012965295044, "params": {"C": 6.771000821715928, "epsilon": 6.638572975190576, "gamma": 0.26241974838480026, "lamda": 0.03711557465577016}, "datetime": {"datetime": "2021-06-28 17:43:34", "elapsed": 338.399028, "delta": 0.607376}}
{"target": -21.48338628238334, "params": {"C": 4.985982731882246, "epsilon": 3.9102505608330334, "gamma": 0.6546094660124234, "lamda": 0.3695945794203158}, "datetime": {"datetime": "2021-06-28 17:43:34", "elapsed": 338.976483, "delta": 0.577455}}
{"target": -11.764891694668474, "params": {"C": 4.947247297716925, "epsilon": 5.003895800294234, "gamma": 0.01, "lamda": 0.01}, "datetime": {"datetime": "2021-06-28 17:43:35", "elapsed": 340.076541, "delta": 1.100058}}
{"target": -20.090102628687813, "params": {"C": 12.544197396277355, "epsilon": 14.057152810440229, "gamma": 0.5162426499560149, "lamda": 0.46274860882390745}, "datetime": {"datetime": "2021-06-28 17:43:36", "elapsed": 340.678929, "delta": 0.602388}}
{"target": -16.06113242690404, "params": {"C": 5.592245285656708, "epsilon": 3.5922751645708852, "gamma": 0.2343815401726151, "lamda": 0.3444218662613432}, "datetime": {"datetime": "2021-06-28 17:43:38", "elapsed": 342.194875, "delta": 1.515946}}
{"target": -14.744416600030274, "params": {"C": 5.086170874548395, "epsilon": 4.807491506167259, "gamma": 0.16851430722881358, "lamda": 0.47648142651506314}, "datetime": {"datetime": "2021-06-28 17:43:39", "elapsed": 343.587152, "delta": 1.392277}}
{"target": -15.934556216086747, "params": {"C": 5.438819120315226, "epsilon": 5.002590240951704, "gamma": 0.23073786259025683, "lamda": 0.6499507566872176}, "datetime": {"datetime": "2021-06-28 17:43:40", "elapsed": 344.836809, "delta": 1.249657}}
{"target": -18.65748920376709, "params": {"C": 5.1072880609231195, "epsilon": 4.539380397381722, "gamma": 0.39146227716357673, "lamda": 0.011537704254321133}, "datetime": {"datetime": "2021-06-28 17:43:42", "elapsed": 346.351759, "delta": 1.51495}}
{"target": -34.65596068139707, "params": {"C": 15.261101911231705, "epsilon": 8.857958317452482, "gamma": 0.5333988526012284, "lamda": 0.7328485300324865}, "datetime": {"datetime": "2021-06-28 17:43:48", "elapsed": 352.980033, "delta": 6.628274}}
{"target": -16.908679981991337, "params": {"C": 7.291304259197064, "epsilon": 3.2129073960026644, "gamma": 0.27058794550509013, "lamda": 0.0287678972099219}, "datetime": {"datetime": "2021-06-28 17:43:49", "elapsed": 353.609349, "delta": 0.629316}}
{"target": -17.997807462446648, "params": {"C": 13.83587484687565, "epsilon": 16.70064507754923, "gamma": 0.3236074139892191, "lamda": 0.41479610299591374}, "datetime": {"datetime": "2021-06-28 17:43:50", "elapsed": 354.26759, "delta": 0.658241}}
{"target": -73.71107873346077, "params": {"C": 15.563034873505565, "epsilon": 10.832200946605486, "gamma": 0.07454949206002999, "lamda": 0.9639080406989575}, "datetime": {"datetime": "2021-06-28 17:43:56", "elapsed": 360.720332, "delta": 6.452742}}
{"target": -14.706786320362774, "params": {"C": 5.84893502919162, "epsilon": 2.9244108854565467, "gamma": 0.16419093307207375, "lamda": 0.012700618789694248}, "datetime": {"datetime": "2021-06-28 17:43:57", "elapsed": 361.920125, "delta": 1.199793}}
{"target": -19.38832714247841, "params": {"C": 5.471976344296005, "epsilon": 4.382042213634695, "gamma": 0.4321258471804665, "lamda": 0.5519592546802327}, "datetime": {"datetime": "2021-06-28 17:43:59", "elapsed": 363.790124, "delta": 1.869999}}
{"target": -95.54332423558083, "params": {"C": 5.16198927793262, "epsilon": 5.359183722426561, "gamma": 0.04495729953176283, "lamda": 0.21960623486645864}, "datetime": {"datetime": "2021-06-28 17:44:06", "elapsed": 370.941, "delta": 7.150876}}
{"target": -35.98721091647003, "params": {"C": 16.927768113831974, "epsilon": 15.240156520906543, "gamma": 0.2741348506784531, "lamda": 0.9754326592519595}, "datetime": {"datetime": "2021-06-28 17:44:12", "elapsed": 376.158047, "delta": 5.217047}}
{"target": -20.66231289524273, "params": {"C": 15.951854536573785, "epsilon": 14.13009591804709, "gamma": 0.5606463790979798, "lamda": 0.19985001728794508}, "datetime": {"datetime": "2021-06-28 17:44:12", "elapsed": 376.895077, "delta": 0.73703}}
{"target": -17.669814490558544, "params": {"C": 1.1017982170886205, "epsilon": 17.547831845567476, "gamma": 0.3028409246335452, "lamda": 0.7249580958304238}, "datetime": {"datetime": "2021-06-28 17:44:13", "elapsed": 377.783701, "delta": 0.888624}}
{"target": -21.93391541821164, "params": {"C": 9.446466425960347, "epsilon": 3.824192985206598, "gamma": 0.729471597408323, "lamda": 0.4690889108614931}, "datetime": {"datetime": "2021-06-28 17:44:14", "elapsed": 378.550655, "delta": 0.766954}}
{"target": -20.01610038829727, "params": {"C": 19.261295047470796, "epsilon": 15.949226140710476, "gamma": 0.5036402511722595, "lamda": 0.9986545641095188}, "datetime": {"datetime": "2021-06-28 17:44:15", "elapsed": 379.26474, "delta": 0.714085}}
{"target": -35.260465097203024, "params": {"C": 13.311869770113166, "epsilon": 14.027494558662012, "gamma": 0.3521448854618296, "lamda": 0.8632675266607219}, "datetime": {"datetime": "2021-06-28 17:44:21", "elapsed": 385.747403, "delta": 6.482663}}
{"target": -36.60106083685062, "params": {"C": 4.8033255926924046, "epsilon": 8.369092008302536, "gamma": 0.5070962516332184, "lamda": 0.7362643681453725}, "datetime": {"datetime": "2021-06-28 17:44:26", "elapsed": 390.813854, "delta": 5.066451}}
{"target": -20.31241956975769, "params": {"C": 19.865453704150625, "epsilon": 1.363941122384781, "gamma": 0.5050662083196346, "lamda": 0.7805694482028074}, "datetime": {"datetime": "2021-06-28 17:44:27", "elapsed": 391.674553, "delta": 0.860699}}
{"target": -94.46071757737927, "params": {"C": 7.682775476060488, "epsilon": 8.8245268429487, "gamma": 0.05040692029653981, "lamda": 0.22975426487865605}, "datetime": {"datetime": "2021-06-28 17:44:35", "elapsed": 399.377951, "delta": 7.703398}}
{"target": -21.490038410421917, "params": {"C": 17.0430846364181, "epsilon": 13.269137460334823, "gamma": 0.6897728434214587, "lamda": 0.6401578770614674}, "datetime": {"datetime": "2021-06-28 17:44:35", "elapsed": 400.018239, "delta": 0.640288}}
{"target": -76.24899645299922, "params": {"C": 6.065405241222438, "epsilon": 3.0315441995282475, "gamma": 0.061091570337165835, "lamda": 0.20824050730078944}, "datetime": {"datetime": "2021-06-28 17:44:43", "elapsed": 407.833339, "delta": 7.8151}}
{"target": -73.94541543159788, "params": {"C": 4.85857972042741, "epsilon": 1.006345630570524, "gamma": 0.07461200722750455, "lamda": 0.6877456885832255}, "datetime": {"datetime": "2021-06-28 17:44:50", "elapsed": 414.377836, "delta": 6.544497}}
{"target": -18.848017214103294, "params": {"C": 16.66137694717771, "epsilon": 7.73949524977547, "gamma": 0.3937706990729363, "lamda": 0.22550787698695487}, "datetime": {"datetime": "2021-06-28 17:44:51", "elapsed": 415.171714, "delta": 0.793878}}
{"target": -20.726233846968473, "params": {"C": 6.050398637374195, "epsilon": 14.764583051424374, "gamma": 0.6342742315431658, "lamda": 0.6915135593935303}, "datetime": {"datetime": "2021-06-28 17:44:51", "elapsed": 415.836936, "delta": 0.665222}}
{"target": -34.75245117705866, "params": {"C": 15.665935337543097, "epsilon": 11.05006811163383, "gamma": 0.42678482713226046, "lamda": 0.5966273017953262}, "datetime": {"datetime": "2021-06-28 17:44:59", "elapsed": 423.144394, "delta": 7.307458}}
{"target": -93.4457837408085, "params": {"C": 11.702819170270498, "epsilon": 17.469752860605205, "gamma": 0.0445458201211483, "lamda": 0.08820810203180215}, "datetime": {"datetime": "2021-06-28 17:45:10", "elapsed": 434.905938, "delta": 11.761544}}
{"target": -52.37645944378237, "params": {"C": 17.586578680582118, "epsilon": 2.72740101024858, "gamma": 0.1323272257945961, "lamda": 0.7033942053891847}, "datetime": {"datetime": "2021-06-28 17:45:18", "elapsed": 442.381953, "delta": 7.476015}}
{"target": -52.50838794127878, "params": {"C": 12.141987940360456, "epsilon": 9.862152842017155, "gamma": 0.14163113619901613, "lamda": 0.9035012313746343}, "datetime": {"datetime": "2021-06-28 17:45:23", "elapsed": 447.208039, "delta": 4.826086}}
{"target": -40.58847444195292, "params": {"C": 8.344083139463017, "epsilon": 13.565034239882932, "gamma": 0.21583064000603047, "lamda": 0.766931504742316}, "datetime": {"datetime": "2021-06-28 17:45:30", "elapsed": 455.112899, "delta": 7.90486}}
{"target": -96.00873895953967, "params": {"C": 19.623413469604866, "epsilon": 8.998028790950539, "gamma": 0.030396979283514668, "lamda": 0.15660258090065837}, "datetime": {"datetime": "2021-06-28 17:45:37", "elapsed": 461.240511, "delta": 6.127612}}
{"target": -21.168678045979853, "params": {"C": 10.707250339245723, "epsilon": 14.042401805025786, "gamma": 0.6614756538370887, "lamda": 0.8507241890885197}, "datetime": {"datetime": "2021-06-28 17:45:37", "elapsed": 461.919695, "delta": 0.679184}}
{"target": -53.792257711447036, "params": {"C": 13.283598558270798, "epsilon": 2.0503269244024342, "gamma": 0.13062354371468576, "lamda": 0.874616547723955}, "datetime": {"datetime": "2021-06-28 17:45:45", "elapsed": 469.880406, "delta": 7.960711}}
{"target": -23.56541794582675, "params": {"C": 7.065912274943272, "epsilon": 2.665872544716378, "gamma": 0.9519237237755548, "lamda": 0.9221826478368993}, "datetime": {"datetime": "2021-06-28 17:45:46", "elapsed": 470.658326, "delta": 0.77792}}
{"target": -14.188716805858833, "params": {"C": 2.44476680877784, "epsilon": 12.335634987105582, "gamma": 0.13432158953176343, "lamda": 0.27848941707822217}, "datetime": {"datetime": "2021-06-28 17:45:47", "elapsed": 471.445221, "delta": 0.786895}}
{"target": -22.431781087411647, "params": {"C": 5.187015119876378, "epsilon": 11.862641875725487, "gamma": 0.8494329351261356, "lamda": 0.27021359885300866}, "datetime": {"datetime": "2021-06-28 17:45:47", "elapsed": 472.112437, "delta": 0.667216}}
{"target": -21.249318483544684, "params": {"C": 6.354653214969521, "epsilon": 2.807003784567101, "gamma": 0.626804385921453, "lamda": 0.06982894100221186}, "datetime": {"datetime": "2021-06-28 17:45:48", "elapsed": 472.757711, "delta": 0.645274}}
{"target": -13.970599438911071, "params": {"C": 5.9335559441991235, "epsilon": 5.38045889878369, "gamma": 0.13667780767829638, "lamda": 0.058186001695711954}, "datetime": {"datetime": "2021-06-28 17:45:49", "elapsed": 473.441881, "delta": 0.68417}}
{"target": -34.5117636333616, "params": {"C": 11.926305304056964, "epsilon": 8.393686429099098, "gamma": 0.6179608471463723, "lamda": 0.5003879747403738}, "datetime": {"datetime": "2021-06-28 17:45:55", "elapsed": 479.847751, "delta": 6.40587}}
{"target": -21.05221257104846, "params": {"C": 15.703002042925839, "epsilon": 2.853733252908089, "gamma": 0.5857357812954431, "lamda": 0.16151378194123223}, "datetime": {"datetime": "2021-06-28 17:45:56", "elapsed": 480.620684, "delta": 0.772933}}
{"target": -23.168405933649723, "params": {"C": 17.005138520489073, "epsilon": 16.42213221969093, "gamma": 0.9822407513654283, "lamda": 0.3953176478284946}, "datetime": {"datetime": "2021-06-28 17:45:57", "elapsed": 481.629985, "delta": 1.009301}}
{"target": -23.343270602308994, "params": {"C": 18.392502143500007, "epsilon": 5.347982782707234, "gamma": 0.9607133707258214, "lamda": 0.38489844886011093}, "datetime": {"datetime": "2021-06-28 17:45:58", "elapsed": 482.396933, "delta": 0.766948}}
{"target": -92.13495206990586, "params": {"C": 7.087242663743424, "epsilon": 13.635490504118366, "gamma": 0.01656569651612434, "lamda": 0.08733454550614138}, "datetime": {"datetime": "2021-06-28 17:46:02", "elapsed": 486.706409, "delta": 4.309476}}
{"target": -21.87013000068192, "params": {"C": 10.046292490920298, "epsilon": 14.979346865529434, "gamma": 0.7800552235171127, "lamda": 0.5541316149402965}, "datetime": {"datetime": "2021-06-28 17:46:03", "elapsed": 487.546164, "delta": 0.839755}}
{"target": -23.713456274383734, "params": {"C": 8.612260228461821, "epsilon": 3.0928793315415417, "gamma": 0.9892437518475642, "lamda": 0.5280790324508026}, "datetime": {"datetime": "2021-06-28 17:46:04", "elapsed": 488.383923, "delta": 0.837759}}
{"target": -22.87288307698839, "params": {"C": 15.258194831844131, "epsilon": 2.893643695255787, "gamma": 0.8658470008492618, "lamda": 0.5372722164082226}, "datetime": {"datetime": "2021-06-28 17:46:04", "elapsed": 489.048146, "delta": 0.664223}}
{"target": -20.19267752614466, "params": {"C": 4.553011476023186, "epsilon": 10.143214116654226, "gamma": 0.5316535261530313, "lamda": 0.7245788329223616}, "datetime": {"datetime": "2021-06-28 17:46:05", "elapsed": 489.941757, "delta": 0.893611}}
{"target": -23.643003140916665, "params": {"C": 9.149758467208407, "epsilon": 3.1035163229496123, "gamma": 0.9815609644339657, "lamda": 0.9597657576272449}, "datetime": {"datetime": "2021-06-28 17:46:06", "elapsed": 490.647869, "delta": 0.706112}}
{"target": -19.34022208280828, "params": {"C": 1.9317029829764778, "epsilon": 14.24291038886225, "gamma": 0.5053181418930012, "lamda": 0.08232001877238071}, "datetime": {"datetime": "2021-06-28 17:46:07", "elapsed": 491.503579, "delta": 0.85571}}
{"target": -93.51810911298183, "params": {"C": 8.583773386326708, "epsilon": 19.786623441541238, "gamma": 0.040027655350430076, "lamda": 0.28182281065861947}, "datetime": {"datetime": "2021-06-28 17:46:14", "elapsed": 499.047407, "delta": 7.543828}}
{"target": -21.95892783493433, "params": {"C": 16.026754222042914, "epsilon": 1.1914174023539088, "gamma": 0.7186739736108021, "lamda": 0.6828149744811349}, "datetime": {"datetime": "2021-06-28 17:46:15", "elapsed": 500.00684, "delta": 0.959433}}
{"target": -17.08758771201385, "params": {"C": 7.430352833759927, "epsilon": 10.882865755306248, "gamma": 0.2884223937498834, "lamda": 0.7377073924368884}, "datetime": {"datetime": "2021-06-28 17:46:16", "elapsed": 500.77379, "delta": 0.76695}}
{"target": -22.605434480631946, "params": {"C": 5.500918432490012, "epsilon": 6.772080533360091, "gamma": 0.8280863598844304, "lamda": 0.7118190470024779}, "datetime": {"datetime": "2021-06-28 17:46:17", "elapsed": 501.516802, "delta": 0.743012}}
{"target": -23.74638972083636, "params": {"C": 7.870952434551588, "epsilon": 3.2353575368480305, "gamma": 0.9913112090819454, "lamda": 0.045530904827189696}, "datetime": {"datetime": "2021-06-28 17:46:18", "elapsed": 502.335613, "delta": 0.818811}}
{"target": -16.305044389724703, "params": {"C": 12.086047564110396, "epsilon": 4.163190308422084, "gamma": 0.21739370647428963, "lamda": 0.8620601720983513}, "datetime": {"datetime": "2021-06-28 17:46:19", "elapsed": 503.134479, "delta": 0.798866}}
{"target": -23.005533882163665, "params": {"C": 6.340759798696032, "epsilon": 17.530812726311986, "gamma": 0.9964728405678991, "lamda": 0.6026252635496293}, "datetime": {"datetime": "2021-06-28 17:46:19", "elapsed": 503.915388, "delta": 0.780909}}
{"target": -16.61699014845777, "params": {"C": 12.358010515571847, "epsilon": 18.173141533414324, "gamma": 0.23605972217208107, "lamda": 0.12454970848817522}, "datetime": {"datetime": "2021-06-28 17:46:20", "elapsed": 504.888783, "delta": 0.973395}}
{"target": -15.749693977415369, "params": {"C": 4.552001505966159, "epsilon": 8.712462374445813, "gamma": 0.22898489406891703, "lamda": 0.45683815110731135}, "datetime": {"datetime": "2021-06-28 17:46:21", "elapsed": 505.843231, "delta": 0.954448}}
{"target": -22.015657932456886, "params": {"C": 8.324130016788022, "epsilon": 9.619431060221185, "gamma": 0.7851808494632747, "lamda": 0.23613878172755792}, "datetime": {"datetime": "2021-06-28 17:46:22", "elapsed": 507.001134, "delta": 1.157903}}
{"target": -20.59214355349649, "params": {"C": 3.29850388928304, "epsilon": 3.132193513121788, "gamma": 0.5361948513217194, "lamda": 0.05694271403389886}, "datetime": {"datetime": "2021-06-28 17:46:23", "elapsed": 507.746142, "delta": 0.745008}}
{"target": -21.432686376484476, "params": {"C": 2.0648268137233363, "epsilon": 10.426944939405907, "gamma": 0.6839946110267012, "lamda": 0.5837017245285075}, "datetime": {"datetime": "2021-06-28 17:46:24", "elapsed": 508.598862, "delta": 0.85272}}
{"target": -64.14298782672226, "params": {"C": 10.240327933099309, "epsilon": 10.083568908904777, "gamma": 0.09472831806677022, "lamda": 0.8767002785305578}, "datetime": {"datetime": "2021-06-28 17:46:32", "elapsed": 516.830848, "delta": 8.231986}}
{"target": -20.682664663913812, "params": {"C": 13.403954740907256, "epsilon": 18.083333035954944, "gamma": 0.5820499371708934, "lamda": 0.4509414829004472}, "datetime": {"datetime": "2021-06-28 17:46:33", "elapsed": 517.605775, "delta": 0.774927}}
{"target": -21.422795494964102, "params": {"C": 3.009348294951503, "epsilon": 16.360012680277045, "gamma": 0.7305280224472849, "lamda": 0.017702348291391695}, "datetime": {"datetime": "2021-06-28 17:46:34", "elapsed": 518.349785, "delta": 0.74401}}
{"target": -23.745807260099934, "params": {"C": 5.293644329722182, "epsilon": 2.748332608792981, "gamma": 0.9535510262808311, "lamda": 0.2360562694116296}, "datetime": {"datetime": "2021-06-28 17:46:35", "elapsed": 519.29426, "delta": 0.944475}}
{"target": -21.770181380340205, "params": {"C": 6.638204973735107, "epsilon": 10.921634802027688, "gamma": 0.7562587587349182, "lamda": 0.43303439281306766}, "datetime": {"datetime": "2021-06-28 17:46:35", "elapsed": 520.050238, "delta": 0.755978}}
{"target": -36.08410319180598, "params": {"C": 18.264223999300327, "epsilon": 15.838623463761836, "gamma": 0.3183652416066733, "lamda": 0.2056776322102131}, "datetime": {"datetime": "2021-06-28 17:46:45", "elapsed": 529.316457, "delta": 9.266219}}
{"target": -22.708285556152656, "params": {"C": 18.714119707089733, "epsilon": 6.393887023747583, "gamma": 0.8557416965056878, "lamda": 0.8771004941382876}, "datetime": {"datetime": "2021-06-28 17:46:46", "elapsed": 530.184137, "delta": 0.86768}}
{"target": -22.06135150174684, "params": {"C": 12.505981989469511, "epsilon": 12.391842472844909, "gamma": 0.7844349966875073, "lamda": 0.9864703710669096}, "datetime": {"datetime": "2021-06-28 17:46:47", "elapsed": 531.177479, "delta": 0.993342}}
{"target": -23.26114302564985, "params": {"C": 2.2065904221616357, "epsilon": 1.2675391095343196, "gamma": 0.7536148715213107, "lamda": 0.5292352860619418}, "datetime": {"datetime": "2021-06-28 17:46:47", "elapsed": 532.020225, "delta": 0.842746}}
{"target": -36.02754489538566, "params": {"C": 14.66819922852459, "epsilon": 6.1638357631213925, "gamma": 0.39284848445062337, "lamda": 0.8827086645176646}, "datetime": {"datetime": "2021-06-28 17:46:54", "elapsed": 538.403156, "delta": 6.382931}}
{"target": -15.944353415331042, "params": {"C": 2.4654168999930763, "epsilon": 4.012039043013482, "gamma": 0.1941632081218983, "lamda": 0.37483690547095416}, "datetime": {"datetime": "2021-06-28 17:46:55", "elapsed": 539.205012, "delta": 0.801856}}
{"target": -103.43638150692564, "params": {"C": 17.003777681502186, "epsilon": 1.603941444808231, "gamma": 0.0281495322313509, "lamda": 0.9662895489180411}, "datetime": {"datetime": "2021-06-28 17:47:01", "elapsed": 545.355563, "delta": 6.150551}}
{"target": -22.409608067615554, "params": {"C": 16.357619634162916, "epsilon": 6.757468859473135, "gamma": 0.8098464540573088, "lamda": 0.9471792385858382}, "datetime": {"datetime": "2021-06-28 17:47:02", "elapsed": 546.158415, "delta": 0.802852}}
{"target": -16.977091151980325, "params": {"C": 5.435425727208953, "epsilon": 2.0162471229276466, "gamma": 0.28055672606936816, "lamda": 0.12433229323914069}, "datetime": {"datetime": "2021-06-28 17:47:02", "elapsed": 546.957281, "delta": 0.798866}}
{"target": -20.878888650865203, "params": {"C": 15.54457077044598, "epsilon": 11.957811418168072, "gamma": 0.585200111673636, "lamda": 0.11725785602996552}, "datetime": {"datetime": "2021-06-28 17:47:03", "elapsed": 547.970571, "delta": 1.01329}}
{"target": -15.814316766748968, "params": {"C": 7.49082927642303, "epsilon": 13.565776756992909, "gamma": 0.23108301842273912, "lamda": 0.14073928923076579}, "datetime": {"datetime": "2021-06-28 17:47:04", "elapsed": 548.903076, "delta": 0.932505}}
{"target": -21.957550984697974, "params": {"C": 13.812451001194473, "epsilon": 5.4570098180795155, "gamma": 0.7397029840092659, "lamda": 0.43363521849062814}, "datetime": {"datetime": "2021-06-28 17:47:05", "elapsed": 549.796687, "delta": 0.893611}}
{"target": -34.55332650853369, "params": {"C": 6.418459601525047, "epsilon": 9.596728582173755, "gamma": 0.531774125756443, "lamda": 0.9499321395398952}, "datetime": {"datetime": "2021-06-28 17:47:13", "elapsed": 557.180942, "delta": 7.384255}}
{"target": -23.598630929849172, "params": {"C": 18.568876672088074, "epsilon": 3.6345923474643094, "gamma": 0.9929576584801237, "lamda": 0.7106056579704916}, "datetime": {"datetime": "2021-06-28 17:47:14", "elapsed": 558.245094, "delta": 1.064152}}
