{"target": -71.15873952942293, "params": {"C": 17.624649766890755, "epsilon": 5.858932489197045, "gamma": 0.08313397412705079, "lamda": 0.5362654889158552}, "datetime": {"datetime": "2021-06-28 18:51:22", "elapsed": 794.911076, "delta": 43.020582}}
{"target": -23.470779698116743, "params": {"C": 18.367316478273047, "epsilon": 7.146570271132338, "gamma": 0.9891503281116178, "lamda": 0.10451591122819139}, "datetime": {"datetime": "2021-06-28 18:51:24", "elapsed": 796.763784, "delta": 1.852708}}
{"target": -23.555418205522855, "params": {"C": 15.237095284986315, "epsilon": 6.115530836130114, "gamma": 1.0, "lamda": 0.36586002601724094}, "datetime": {"datetime": "2021-06-28 18:51:28", "elapsed": 801.078282, "delta": 4.314498}}
{"target": -23.40127913422619, "params": {"C": 17.61865849365269, "epsilon": 11.338461664892078, "gamma": 1.0, "lamda": 0.7021401976337234}, "datetime": {"datetime": "2021-06-28 18:51:29", "elapsed": 802.584411, "delta": 1.506129}}
{"target": -18.197998862622658, "params": {"C": 19.149049937274263, "epsilon": 9.338597792170324, "gamma": 0.33043850410225045, "lamda": 0.01}, "datetime": {"datetime": "2021-06-28 18:51:31", "elapsed": 804.17266, "delta": 1.588249}}
{"target": -23.393875681915013, "params": {"C": 17.671182610088156, "epsilon": 8.587714716837851, "gamma": 0.9832233933656698, "lamda": 0.03890262442006326}, "datetime": {"datetime": "2021-06-28 18:51:32", "elapsed": 805.152258, "delta": 0.979598}}
{"target": -21.25955103058284, "params": {"C": 17.79177250731872, "epsilon": 6.810380491823603, "gamma": 0.6221971861218433, "lamda": 0.0907080959595954}, "datetime": {"datetime": "2021-06-28 18:51:38", "elapsed": 811.185439, "delta": 6.033181}}
{"target": -18.98103918893881, "params": {"C": 18.4752506355597, "epsilon": 5.0, "gamma": 0.39931904954886627, "lamda": 1.0}, "datetime": {"datetime": "2021-06-28 18:51:40", "elapsed": 813.029998, "delta": 1.844559}}
{"target": -11.33116175151279, "params": {"C": 19.87075378741662, "epsilon": 9.398054084549448, "gamma": 0.01, "lamda": 0.01}, "datetime": {"datetime": "2021-06-28 18:51:42", "elapsed": 814.979633, "delta": 1.949635}}
{"target": -20.17986009720605, "params": {"C": 19.890753180799155, "epsilon": 9.045020150842872, "gamma": 0.504213476158451, "lamda": 0.01}, "datetime": {"datetime": "2021-06-28 18:51:45", "elapsed": 817.887268, "delta": 2.907635}}
{"target": -51.66699292779885, "params": {"C": 19.783980073484585, "epsilon": 10.003502961713231, "gamma": 0.15371209385037155, "lamda": 0.18036046459416738}, "datetime": {"datetime": "2021-06-28 18:52:23", "elapsed": 856.038815, "delta": 38.151547}}
{"target": -63.37968699575377, "params": {"C": 19.23496040086217, "epsilon": 8.732609294897284, "gamma": 0.10293377079451305, "lamda": 0.055290127294614695}, "datetime": {"datetime": "2021-06-28 18:53:53", "elapsed": 946.040969, "delta": 90.002154}}
{"target": -23.212265178358855, "params": {"C": 17.343871042223842, "epsilon": 5.014891500006, "gamma": 0.9345760720641064, "lamda": 0.8345790995614248}, "datetime": {"datetime": "2021-06-28 18:54:03", "elapsed": 955.890095, "delta": 9.849126}}
{"target": -21.421867630712484, "params": {"C": 16.048942824179537, "epsilon": 6.53171082149107, "gamma": 0.6546094660124234, "lamda": 0.3695945794203158}, "datetime": {"datetime": "2021-06-28 18:54:04", "elapsed": 956.958229, "delta": 1.068134}}
{"target": -23.460154780965777, "params": {"C": 19.23808272333852, "epsilon": 9.264156565414416, "gamma": 1.0, "lamda": 0.01}, "datetime": {"datetime": "2021-06-28 18:54:06", "elapsed": 958.64953, "delta": 1.691301}}
{"target": -20.109723987250707, "params": {"C": 18.03794668323088, "epsilon": 11.872185689705383, "gamma": 0.5162426499560149, "lamda": 0.46274860882390745}, "datetime": {"datetime": "2021-06-28 18:54:07", "elapsed": 959.777979, "delta": 1.128449}}
{"target": -23.531457399962026, "params": {"C": 16.502797092024544, "epsilon": 6.876413371996461, "gamma": 1.0, "lamda": 0.01}, "datetime": {"datetime": "2021-06-28 18:54:08", "elapsed": 961.539447, "delta": 1.761468}}
{"target": -37.96949978041926, "params": {"C": 18.55994232558312, "epsilon": 12.033506845706393, "gamma": 0.310787136714066, "lamda": 1.0}, "datetime": {"datetime": "2021-06-28 18:54:30", "elapsed": 983.20889, "delta": 21.669443}}
{"target": -23.322251737823336, "params": {"C": 18.904746652394245, "epsilon": 14.214759909768237, "gamma": 1.0, "lamda": 1.0}, "datetime": {"datetime": "2021-06-28 18:54:32", "elapsed": 985.3802, "delta": 2.17131}}
{"target": -23.36874097260314, "params": {"C": 15.0, "epsilon": 12.522727646366638, "gamma": 1.0, "lamda": 0.3846047381208603}, "datetime": {"datetime": "2021-06-28 18:54:34", "elapsed": 986.827669, "delta": 1.447469}}
{"target": -34.52013262842287, "params": {"C": 18.752921555587292, "epsilon": 9.135767535501305, "gamma": 0.5333988526012284, "lamda": 0.7328485300324865}, "datetime": {"datetime": "2021-06-28 18:54:48", "elapsed": 1000.719786, "delta": 13.892117}}
{"target": -23.071914948471175, "params": {"C": 18.50781432555004, "epsilon": 10.405536990784965, "gamma": 0.9390373289595102, "lamda": 0.03912884116004311}, "datetime": {"datetime": "2021-06-28 18:54:49", "elapsed": 1002.45183, "delta": 1.732044}}
{"target": -23.4223655168218, "params": {"C": 18.93959533365095, "epsilon": 10.570997114507549, "gamma": 1.0, "lamda": 1.0}, "datetime": {"datetime": "2021-06-28 18:54:51", "elapsed": 1004.037442, "delta": 1.585612}}
{"target": -79.04787274701431, "params": {"C": 18.83237759829094, "epsilon": 10.174842603476572, "gamma": 0.07454949206002999, "lamda": 0.9639080406989575}, "datetime": {"datetime": "2021-06-28 18:55:07", "elapsed": 1019.933198, "delta": 15.895756}}
{"target": -23.524221815044687, "params": {"C": 19.947966779549954, "epsilon": 7.106181527726384, "gamma": 1.0, "lamda": 0.9464475433145058}, "datetime": {"datetime": "2021-06-28 18:55:08", "elapsed": 1021.585766, "delta": 1.652568}}
{"target": -23.343935339148832, "params": {"C": 16.446843507338762, "epsilon": 13.425558857008653, "gamma": 1.0, "lamda": 0.8039396154298895}, "datetime": {"datetime": "2021-06-28 18:55:10", "elapsed": 1023.29074, "delta": 1.704974}}
{"target": -23.46202404101821, "params": {"C": 19.84554808583107, "epsilon": 9.199616960714403, "gamma": 1.0, "lamda": 0.7043665612600138}, "datetime": {"datetime": "2021-06-28 18:55:13", "elapsed": 1025.755504, "delta": 2.464764}}
{"target": -23.42663944655996, "params": {"C": 19.196310194907785, "epsilon": 10.421334301518492, "gamma": 1.0, "lamda": 0.20714450436879117}, "datetime": {"datetime": "2021-06-28 18:55:17", "elapsed": 1030.524093, "delta": 4.768589}}
{"target": -23.359399129064382, "params": {"C": 15.896063430045535, "epsilon": 12.862735408206385, "gamma": 1.0, "lamda": 0.1885984370711324}, "datetime": {"datetime": "2021-06-28 18:55:19", "elapsed": 1032.524424, "delta": 2.000331}}
{"target": -17.83081137174723, "params": {"C": 16.429162031304422, "epsilon": 15.0, "gamma": 0.3038797629888577, "lamda": 0.01}, "datetime": {"datetime": "2021-06-28 18:55:21", "elapsed": 1034.394078, "delta": 1.869654}}
{"target": -19.868489598111534, "params": {"C": 17.193380125810435, "epsilon": 5.772619667568686, "gamma": 0.4620886960221177, "lamda": 1.0}, "datetime": {"datetime": "2021-06-28 18:55:23", "elapsed": 1036.338056, "delta": 1.943978}}
{"target": -18.39518526103852, "params": {"C": 15.521994048481586, "epsilon": 14.955950749740923, "gamma": 0.36662970042910115, "lamda": 0.05486669599903784}, "datetime": {"datetime": "2021-06-28 18:55:25", "elapsed": 1037.853629, "delta": 1.515573}}
{"target": -36.33121200564332, "params": {"C": 18.239965728977147, "epsilon": 11.856576083506322, "gamma": 0.3521448854618296, "lamda": 0.8632675266607219}, "datetime": {"datetime": "2021-06-28 18:55:44", "elapsed": 1056.693909, "delta": 18.84028}}
{"target": -43.69745287114611, "params": {"C": 15.0, "epsilon": 15.0, "gamma": 0.18674165242298024, "lamda": 0.6192090754581854}, "datetime": {"datetime": "2021-06-28 18:55:57", "elapsed": 1069.711529, "delta": 13.01762}}
{"target": -23.30145718714801, "params": {"C": 15.878039478927093, "epsilon": 15.0, "gamma": 1.0, "lamda": 0.01}, "datetime": {"datetime": "2021-06-28 18:56:00", "elapsed": 1073.067462, "delta": 3.355933}}
{"target": -19.663955849663516, "params": {"C": 16.068223518756366, "epsilon": 14.489673738612046, "gamma": 0.4600286558537962, "lamda": 0.043895397326676786}, "datetime": {"datetime": "2021-06-28 18:56:02", "elapsed": 1075.37252, "delta": 2.305058}}
{"target": -21.534732086926127, "params": {"C": 19.221864378004764, "epsilon": 11.457440768597277, "gamma": 0.6897728434214587, "lamda": 0.6401578770614674}, "datetime": {"datetime": "2021-06-28 18:56:03", "elapsed": 1076.594859, "delta": 1.222339}}
{"target": -23.464292075667107, "params": {"C": 17.47741640630568, "epsilon": 6.247576033327481, "gamma": 0.9832611284892367, "lamda": 0.041683120253293515}, "datetime": {"datetime": "2021-06-28 18:56:05", "elapsed": 1078.096816, "delta": 1.501957}}
{"target": -72.01359177354283, "params": {"C": 16.015415715901952, "epsilon": 5.003339805563433, "gamma": 0.07461200722750455, "lamda": 0.6877456885832255}, "datetime": {"datetime": "2021-06-28 18:56:20", "elapsed": 1093.525473, "delta": 15.428657}}
{"target": -23.591852107744764, "params": {"C": 20.0, "epsilon": 5.0, "gamma": 1.0, "lamda": 0.01}, "datetime": {"datetime": "2021-06-28 18:56:43", "elapsed": 1116.499128, "delta": 22.973655}}
{"target": -21.22365317390002, "params": {"C": 16.32905227299321, "epsilon": 12.244517395486513, "gamma": 0.6342742315431658, "lamda": 0.6915135593935303}, "datetime": {"datetime": "2021-06-28 18:57:02", "elapsed": 1135.511712, "delta": 19.012584}}
{"target": -22.864234329298167, "params": {"C": 15.546816789664927, "epsilon": 12.010723971513922, "gamma": 0.9127008201658225, "lamda": 0.7851272008621877}, "datetime": {"datetime": "2021-06-28 18:57:21", "elapsed": 1154.335399, "delta": 18.823687}}
{"target": -41.29433853055303, "params": {"C": 15.528612719154632, "epsilon": 12.54903235445326, "gamma": 0.2188959228061069, "lamda": 0.8754037434454895}, "datetime": {"datetime": "2021-06-28 18:57:53", "elapsed": 1185.772525, "delta": 31.437126}}
{"target": -51.987985656666034, "params": {"C": 19.36488912646898, "epsilon": 5.909158426446622, "gamma": 0.1323272257945961, "lamda": 0.7033942053891847}, "datetime": {"datetime": "2021-06-28 18:58:20", "elapsed": 1213.328266, "delta": 27.555741}}
{"target": -53.61004503478153, "params": {"C": 17.93210208956854, "epsilon": 9.664290969482714, "gamma": 0.14163113619901613, "lamda": 0.9035012313746343}, "datetime": {"datetime": "2021-06-28 18:58:49", "elapsed": 1242.456257, "delta": 29.127991}}
{"target": -23.385652122408587, "params": {"C": 15.895904563872188, "epsilon": 11.907225776169867, "gamma": 1.0, "lamda": 0.01}, "datetime": {"datetime": "2021-06-28 18:59:03", "elapsed": 1256.068667, "delta": 13.61241}}
{"target": -23.543817635675556, "params": {"C": 20.0, "epsilon": 6.483910404018636, "gamma": 1.0, "lamda": 0.01}, "datetime": {"datetime": "2021-06-28 18:59:19", "elapsed": 1272.294284, "delta": 16.225617}}
{"target": -23.39710765511843, "params": {"C": 15.0, "epsilon": 11.490287724325338, "gamma": 1.0, "lamda": 0.01}, "datetime": {"datetime": "2021-06-28 18:59:21", "elapsed": 1274.638255, "delta": 2.343971}}
{"target": -23.30938914795606, "params": {"C": 16.583878287148373, "epsilon": 11.706029074579156, "gamma": 0.9837834322085404, "lamda": 0.9654138386083403}, "datetime": {"datetime": "2021-06-28 18:59:24", "elapsed": 1277.237621, "delta": 2.599366}}
{"target": -23.40351813593036, "params": {"C": 15.0, "epsilon": 11.25697047363802, "gamma": 1.0, "lamda": 1.0}, "datetime": {"datetime": "2021-06-28 18:59:26", "elapsed": 1279.402916, "delta": 2.165295}}
{"target": -23.338211321238546, "params": {"C": 17.130796261541715, "epsilon": 12.607703484688432, "gamma": 0.9956772016566364, "lamda": 0.9370061654988079}, "datetime": {"datetime": "2021-06-28 18:59:38", "elapsed": 1290.840723, "delta": 11.437807}}
{"target": -23.424384907669374, "params": {"C": 15.0, "epsilon": 10.499176350174858, "gamma": 1.0, "lamda": 0.01}, "datetime": {"datetime": "2021-06-28 18:59:40", "elapsed": 1293.184578, "delta": 2.343855}}
{"target": -21.29729505234147, "params": {"C": 16.409119267097243, "epsilon": 5.951054623456368, "gamma": 0.626804385921453, "lamda": 0.06982894100221186}, "datetime": {"datetime": "2021-06-28 18:59:42", "elapsed": 1294.885865, "delta": 1.701287}}
{"target": -22.651536254353697, "params": {"C": 15.575887499601162, "epsilon": 12.000846285422275, "gamma": 0.876193658541511, "lamda": 0.7924173035571912}, "datetime": {"datetime": "2021-06-28 18:59:43", "elapsed": 1295.934608, "delta": 1.048743}}
{"target": -11.351179541518748, "params": {"C": 15.0, "epsilon": 11.527786981296641, "gamma": 0.01, "lamda": 0.01}, "datetime": {"datetime": "2021-06-28 18:59:47", "elapsed": 1300.265405, "delta": 4.330797}}
{"target": -21.032679617087453, "params": {"C": 18.869211063927853, "epsilon": 5.975649080477941, "gamma": 0.5857357812954431, "lamda": 0.16151378194123223}, "datetime": {"datetime": "2021-06-28 18:59:48", "elapsed": 1301.443242, "delta": 1.177837}}
{"target": -23.371063741692776, "params": {"C": 18.62768923799506, "epsilon": 6.374881837137282, "gamma": 0.9703615983321091, "lamda": 0.10017024852686618}, "datetime": {"datetime": "2021-06-28 18:59:50", "elapsed": 1303.235248, "delta": 1.792006}}
{"target": -23.568790136980084, "params": {"C": 19.229748852270163, "epsilon": 5.7046714899086854, "gamma": 1.0, "lamda": 0.01}, "datetime": {"datetime": "2021-06-28 18:59:52", "elapsed": 1305.114804, "delta": 1.879556}}
{"target": -17.085236751027594, "params": {"C": 15.168415805785617, "epsilon": 12.079807126233916, "gamma": 0.2374420390216459, "lamda": 0.030092312926068447}, "datetime": {"datetime": "2021-06-28 18:59:54", "elapsed": 1307.160126, "delta": 2.045322}}
{"target": -39.221087484721046, "params": {"C": 15.0, "epsilon": 11.570330203596278, "gamma": 0.21281682268389265, "lamda": 0.5773308335638991}, "datetime": {"datetime": "2021-06-28 19:00:19", "elapsed": 1331.992583, "delta": 24.832457}}
{"target": -23.504086357847374, "params": {"C": 17.003226375911005, "epsilon": 6.101515437653443, "gamma": 0.9892437518475642, "lamda": 0.5280790324508026}, "datetime": {"datetime": "2021-06-28 19:00:20", "elapsed": 1333.323157, "delta": 1.330574}}
{"target": -23.557257830676747, "params": {"C": 18.630394362392078, "epsilon": 6.057112990300599, "gamma": 1.0, "lamda": 0.6765343449699203}, "datetime": {"datetime": "2021-06-28 19:00:22", "elapsed": 1335.597102, "delta": 2.273945}}
{"target": -84.10748728639567, "params": {"C": 15.542330143874153, "epsilon": 11.314615765971974, "gamma": 0.06724864229237904, "lamda": 0.04547594845694809}, "datetime": {"datetime": "2021-06-28 19:00:36", "elapsed": 1349.01258, "delta": 13.415478}}
{"target": -23.16296865676985, "params": {"C": 16.29313342599052, "epsilon": 10.71505590750887, "gamma": 0.9565152642571579, "lamda": 0.9278513900108959}, "datetime": {"datetime": "2021-06-28 19:00:54", "elapsed": 1367.192971, "delta": 18.180391}}
{"target": -23.294589577167592, "params": {"C": 16.153126198801946, "epsilon": 12.70678698063442, "gamma": 0.986102982591249, "lamda": 0.9183003617014749}, "datetime": {"datetime": "2021-06-28 19:01:10", "elapsed": 1382.989699, "delta": 15.796728}}
{"target": -17.979131696723265, "params": {"C": 18.421868741123674, "epsilon": 11.707228579512831, "gamma": 0.30657009864541174, "lamda": 0.01}, "datetime": {"datetime": "2021-06-28 19:01:32", "elapsed": 1405.122324, "delta": 22.132625}}
{"target": -23.591852107461396, "params": {"C": 19.218619796523924, "epsilon": 5.0, "gamma": 1.0, "lamda": 0.6265251640862883}, "datetime": {"datetime": "2021-06-28 19:01:34", "elapsed": 1407.005958, "delta": 1.883634}}
{"target": -20.630865525631343, "params": {"C": 15.820078380813044, "epsilon": 9.750089051811324, "gamma": 0.5452481284136969, "lamda": 0.14341684146475042}, "datetime": {"datetime": "2021-06-28 19:01:35", "elapsed": 1408.478529, "delta": 1.472571}}
{"target": -23.350385543501968, "params": {"C": 16.841010658949237, "epsilon": 13.190795825476497, "gamma": 1.0, "lamda": 0.021214006544706086}, "datetime": {"datetime": "2021-06-28 19:01:37", "elapsed": 1410.436689, "delta": 1.95816}}
{"target": -15.737372161661703, "params": {"C": 16.52381088848839, "epsilon": 9.94677908036416, "gamma": 0.1868709698452046, "lamda": 0.019304850847116015}, "datetime": {"datetime": "2021-06-28 19:01:39", "elapsed": 1412.196161, "delta": 1.759472}}
{"target": -42.97139674475963, "params": {"C": 17.917380937923788, "epsilon": 6.664837004432675, "gamma": 0.21739370647428963, "lamda": 0.8620601720983513}, "datetime": {"datetime": "2021-06-28 19:01:54", "elapsed": 1427.008203, "delta": 14.812042}}
{"target": -23.31339482532479, "params": {"C": 16.40546310492001, "epsilon": 13.700427750690519, "gamma": 0.9964728405678991, "lamda": 0.6026252635496293}, "datetime": {"datetime": "2021-06-28 19:01:58", "elapsed": 1431.602103, "delta": 4.5939}}
{"target": -12.007308548810483, "params": {"C": 16.2736074998777, "epsilon": 9.2973264302588, "gamma": 0.0681650972798158, "lamda": 0.027273694750739375}, "datetime": {"datetime": "2021-06-28 19:02:01", "elapsed": 1434.366632, "delta": 2.764529}}
{"target": -14.037255635138536, "params": {"C": 15.851221559127461, "epsilon": 8.566697503289454, "gamma": 0.1387913663558359, "lamda": 0.016133757477237297}, "datetime": {"datetime": "2021-06-28 19:02:03", "elapsed": 1436.567955, "delta": 2.201323}}
{"target": -16.622155527913804, "params": {"C": 15.665073614660104, "epsilon": 9.107188624808991, "gamma": 0.22008355312905042, "lamda": 0.01}, "datetime": {"datetime": "2021-06-28 19:02:06", "elapsed": 1439.25703, "delta": 2.689075}}
{"target": -23.394205506533, "params": {"C": 19.869341400696975, "epsilon": 11.595914951334494, "gamma": 1.0, "lamda": 1.0}, "datetime": {"datetime": "2021-06-28 19:02:08", "elapsed": 1441.452703, "delta": 2.195673}}
{"target": -23.363928583159254, "params": {"C": 17.794510223610654, "epsilon": 12.69788042119101, "gamma": 1.0, "lamda": 0.01}, "datetime": {"datetime": "2021-06-28 19:02:10", "elapsed": 1443.094448, "delta": 1.641745}}
{"target": -11.446893280052569, "params": {"C": 15.068945434986864, "epsilon": 8.62907076437228, "gamma": 0.01, "lamda": 0.01}, "datetime": {"datetime": "2021-06-28 19:02:13", "elapsed": 1445.762478, "delta": 2.66803}}
{"target": -20.495295620173657, "params": {"C": 15.0, "epsilon": 8.81939179948525, "gamma": 0.5359275367112744, "lamda": 0.01}, "datetime": {"datetime": "2021-06-28 19:02:36", "elapsed": 1469.423035, "delta": 23.660557}}
{"target": -21.69066263081351, "params": {"C": 15.5287758670925, "epsilon": 13.084217200145813, "gamma": 0.7305280224472849, "lamda": 0.017702348291391695}, "datetime": {"datetime": "2021-06-28 19:02:38", "elapsed": 1470.852838, "delta": 1.429803}}
{"target": -11.474633802851638, "params": {"C": 16.124070339584136, "epsilon": 7.838933187577937, "gamma": 0.01, "lamda": 0.01}, "datetime": {"datetime": "2021-06-28 19:02:41", "elapsed": 1474.147085, "delta": 3.294247}}
{"target": -69.22160529744798, "params": {"C": 16.297647290588724, "epsilon": 7.2803281754370905, "gamma": 0.09186396737065944, "lamda": 0.07851017799671581}, "datetime": {"datetime": "2021-06-28 19:03:03", "elapsed": 1495.962576, "delta": 21.815491}}
{"target": -16.135433017614375, "params": {"C": 16.266241579537237, "epsilon": 8.288280393718145, "gamma": 0.19840736533764414, "lamda": 0.09054552873620549}, "datetime": {"datetime": "2021-06-28 19:03:05", "elapsed": 1497.708299, "delta": 1.745723}}
{"target": -22.66847764452985, "params": {"C": 19.66161044923414, "epsilon": 7.83888790723557, "gamma": 0.8557416965056878, "lamda": 0.8771004941382876}, "datetime": {"datetime": "2021-06-28 19:03:07", "elapsed": 1499.768516, "delta": 2.060217}}
{"target": -11.412009253205287, "params": {"C": 15.66287261504588, "epsilon": 8.061254620961996, "gamma": 0.01, "lamda": 0.01}, "datetime": {"datetime": "2021-06-28 19:03:09", "elapsed": 1502.494532, "delta": 2.726016}}
{"target": -21.36368408742637, "params": {"C": 18.820333817502874, "epsilon": 6.20605897761182, "gamma": 0.6431435335758154, "lamda": 0.9967441897691109}, "datetime": {"datetime": "2021-06-28 19:03:11", "elapsed": 1503.873871, "delta": 1.379339}}
{"target": -37.31635583162926, "params": {"C": 18.59689453382226, "epsilon": 7.71780829637968, "gamma": 0.39284848445062337, "lamda": 0.8827086645176646}, "datetime": {"datetime": "2021-06-28 19:03:43", "elapsed": 1535.770725, "delta": 31.896854}}
{"target": -85.14433887128298, "params": {"C": 15.969509434780921, "epsilon": 8.186860646838854, "gamma": 0.01, "lamda": 0.48151239766903664}, "datetime": {"datetime": "2021-06-28 19:04:00", "elapsed": 1553.099521, "delta": 17.328796}}
{"target": -23.44592415100803, "params": {"C": 16.868098252687023, "epsilon": 9.755494885942753, "gamma": 1.0, "lamda": 0.01}, "datetime": {"datetime": "2021-06-28 19:04:02", "elapsed": 1554.903086, "delta": 1.803565}}
{"target": -75.86205221980569, "params": {"C": 15.00642622795446, "epsilon": 8.08018422173772, "gamma": 0.06170806218310938, "lamda": 0.06144387122223586}, "datetime": {"datetime": "2021-06-28 19:04:18", "elapsed": 1571.592693, "delta": 16.689607}}
{"target": -19.920830350684295, "params": {"C": 17.728428336343622, "epsilon": 11.283996694881353, "gamma": 0.47371120209585865, "lamda": 0.17371682802579566}, "datetime": {"datetime": "2021-06-28 19:04:20", "elapsed": 1572.951282, "delta": 1.358589}}
{"target": -11.422668637657267, "params": {"C": 15.008486479761704, "epsilon": 9.073939866123002, "gamma": 0.01, "lamda": 0.01}, "datetime": {"datetime": "2021-06-28 19:04:24", "elapsed": 1577.471047, "delta": 4.519765}}
