{"target": -78.74997261854708, "params": {"C": 3.4162501048415397, "epsilon": 8.545305579998065, "gamma": 0.07375751393864667, "lamda": 0.06136159265022796}, "datetime": {"datetime": "2021-06-28 10:50:15", "elapsed": 1851.200529, "delta": 12.231894}}
{"target": -19.42685724433947, "params": {"C": 0.14835614720929638, "epsilon": 6.422669558283022, "gamma": 0.07676965818238832, "lamda": 0.483870176954987}, "datetime": {"datetime": "2021-06-28 10:50:16", "elapsed": 1852.721785, "delta": 1.521256}}
{"target": -88.19323466511699, "params": {"C": 5.81706935340555, "epsilon": 9.697727469367946, "gamma": 0.02413724544740132, "lamda": 0.35027035025208175}, "datetime": {"datetime": "2021-06-28 10:50:26", "elapsed": 1862.745087, "delta": 10.023302}}
{"target": -13.916775381172958, "params": {"C": 0.9801266037103205, "epsilon": 6.869847413355651, "gamma": 0.15094281470142532, "lamda": 0.5548589804237681}, "datetime": {"datetime": "2021-06-28 10:50:28", "elapsed": 1864.764531, "delta": 2.019444}}
{"target": -14.530811202027442, "params": {"C": 0.605700297375813, "epsilon": 2.096976037121573, "gamma": 0.048827706569990685, "lamda": 0.26291989365436896}, "datetime": {"datetime": "2021-06-28 10:50:30", "elapsed": 1866.429499, "delta": 1.664968}}
{"target": -95.04954212963467, "params": {"C": 2.249315102531748, "epsilon": 1.1855043370318945, "gamma": 0.05630058230249355, "lamda": 0.6076454201036355}, "datetime": {"datetime": "2021-06-28 10:50:47", "elapsed": 1883.743673, "delta": 17.314174}}
{"target": -15.430860933433923, "params": {"C": 0.4247933126958241, "epsilon": 9.407402879719262, "gamma": 0.02220953884317796, "lamda": 0.36839451962529396}, "datetime": {"datetime": "2021-06-28 10:50:49", "elapsed": 1885.331545, "delta": 1.587872}}
{"target": -94.62626108870379, "params": {"C": 5.748231535787863, "epsilon": 6.039974981699867, "gamma": 0.05050150467707398, "lamda": 0.8390350221814715}, "datetime": {"datetime": "2021-06-28 10:51:00", "elapsed": 1896.440412, "delta": 11.108867}}
{"target": -17.000396504353247, "params": {"C": 0.5509156866028071, "epsilon": 2.5333732123271533, "gamma": 0.16832611377519238, "lamda": 0.011158311220225044}, "datetime": {"datetime": "2021-06-28 10:51:02", "elapsed": 1898.523016, "delta": 2.082604}}
{"target": -76.7660479338659, "params": {"C": 3.2429946550805706, "epsilon": 9.131120030774836, "gamma": 0.10472909972181288, "lamda": 0.26505070160970984}, "datetime": {"datetime": "2021-06-28 10:51:10", "elapsed": 1906.716064, "delta": 8.193048}}
{"target": -11.931879931248597, "params": {"C": 5.616284188237904, "epsilon": 5.023946236197444, "gamma": 0.012350620716253938, "lamda": 0.3222869513164183}, "datetime": {"datetime": "2021-06-28 10:51:13", "elapsed": 1909.453966, "delta": 2.737902}}
{"target": -87.72347326702456, "params": {"C": 3.3024981944350915, "epsilon": 5.541235557083778, "gamma": 0.09481001733743173, "lamda": 0.7506722923955902}, "datetime": {"datetime": "2021-06-28 10:51:25", "elapsed": 1921.213489, "delta": 11.759523}}
{"target": -54.67864045755282, "params": {"C": 5.481306304357317, "epsilon": 1.5205236339115435, "gamma": 0.16947967898512273, "lamda": 0.5788329410312181}, "datetime": {"datetime": "2021-06-28 10:51:37", "elapsed": 1933.305424, "delta": 12.091935}}
{"target": -13.060858787174059, "params": {"C": 5.611393019911938, "epsilon": 0.126940473536542, "gamma": 0.18007050474713848, "lamda": 0.370178552605623}, "datetime": {"datetime": "2021-06-28 10:51:38", "elapsed": 1935.034159, "delta": 1.728735}}
{"target": -61.940268670979, "params": {"C": 2.7432252356767717, "epsilon": 7.928296822750835, "gamma": 0.15658265469908206, "lamda": 0.36620270527314164}, "datetime": {"datetime": "2021-06-28 10:51:50", "elapsed": 1946.67869, "delta": 11.644531}}
{"target": -90.7874599782754, "params": {"C": 3.2550464508365096, "epsilon": 5.64675397830173, "gamma": 0.07545403476539794, "lamda": 0.286581767164417}, "datetime": {"datetime": "2021-06-28 10:52:08", "elapsed": 1964.445082, "delta": 17.766392}}
{"target": -80.56158344131799, "params": {"C": 4.107956236408611, "epsilon": 3.828848251840327, "gamma": 0.10763249187116636, "lamda": 0.7082385835684769}, "datetime": {"datetime": "2021-06-28 10:52:19", "elapsed": 1975.85284, "delta": 11.407758}}
{"target": -14.822515400068607, "params": {"C": 0.3785696634630531, "epsilon": 9.624612084609254, "gamma": 0.05737214569830742, "lamda": 0.11798276266480086}, "datetime": {"datetime": "2021-06-28 10:52:21", "elapsed": 1977.899858, "delta": 2.047018}}
{"target": -93.79169862873138, "params": {"C": 5.065574963483367, "epsilon": 6.793529611005, "gamma": 0.0351899601218601, "lamda": 0.40006837837249876}, "datetime": {"datetime": "2021-06-28 10:52:29", "elapsed": 1986.044346, "delta": 8.144488}}
{"target": -12.585754538596412, "params": {"C": 1.8690973260485093, "epsilon": 0.9586111878720518, "gamma": 0.04311965400925961, "lamda": 0.011134693547251894}, "datetime": {"datetime": "2021-06-28 10:52:31", "elapsed": 1987.702074, "delta": 1.657728}}
{"target": -12.96047465854851, "params": {"C": 1.7305570477650845, "epsilon": 2.9006188452079935, "gamma": 0.13759594345046405, "lamda": 0.6933607673605519}, "datetime": {"datetime": "2021-06-28 10:52:33", "elapsed": 1989.363921, "delta": 1.661847}}
{"target": -98.52185825729197, "params": {"C": 4.202264278024212, "epsilon": 0.4072387533403523, "gamma": 0.05416084004072878, "lamda": 0.5860209082308148}, "datetime": {"datetime": "2021-06-28 10:52:51", "elapsed": 2007.600006, "delta": 18.236085}}
{"target": -79.26226327485469, "params": {"C": 2.545247162648727, "epsilon": 5.602864705199532, "gamma": 0.08884575782030635, "lamda": 0.37900311697541245}, "datetime": {"datetime": "2021-06-28 10:53:04", "elapsed": 2020.161514, "delta": 12.561508}}
{"target": -12.16461293371019, "params": {"C": 5.587242051728314, "epsilon": 7.231212485077365, "gamma": 0.010021731215295529, "lamda": 0.18837621785278547}, "datetime": {"datetime": "2021-06-28 11:24:42", "elapsed": 0.0, "delta": 0.0}}
{"target": -12.11706035459792, "params": {"C": 2.6143147989882434, "epsilon": 1.0141520882110984, "gamma": 0.04538944016175747, "lamda": 0.21388082895539817}, "datetime": {"datetime": "2021-06-28 11:24:43", "elapsed": 0.43242, "delta": 0.43242}}
{"target": -87.22944773887671, "params": {"C": 5.36444221653737, "epsilon": 5.434285666633234, "gamma": 0.08964695773662601, "lamda": 0.4142795052340881}, "datetime": {"datetime": "2021-06-28 11:25:00", "elapsed": 18.104394, "delta": 17.671974}}
{"target": -72.42116889643611, "params": {"C": 3.2489747470466916, "epsilon": 8.79336262027036, "gamma": 0.01520364270760597, "lamda": 0.4055758310052573}, "datetime": {"datetime": "2021-06-28 11:25:06", "elapsed": 24.215693, "delta": 6.111299}}
{"target": -11.110541976256668, "params": {"C": 5.590352826038397, "epsilon": 5.631029301612942, "gamma": 0.036673518333094415, "lamda": 0.12687987856007849}, "datetime": {"datetime": "2021-06-28 11:25:07", "elapsed": 24.688843, "delta": 0.47315}}
{"target": -90.24986164737788, "params": {"C": 9.808190255430903, "epsilon": 9.685789599622035, "gamma": 0.06955059385025614, "lamda": 0.4184703432448953}, "datetime": {"datetime": "2021-06-28 11:25:17", "elapsed": 35.122014, "delta": 10.433171}}
{"target": -10.830810708738998, "params": {"C": 10.640280675256422, "epsilon": 8.956605968688088, "gamma": 0.026158400160257805, "lamda": 0.033042322107400594}, "datetime": {"datetime": "2021-06-28 11:25:18", "elapsed": 35.697374, "delta": 0.57536}}
{"target": -11.586306061991962, "params": {"C": 2.868134615210258, "epsilon": 8.79361078395119, "gamma": 0.028685898428279517, "lamda": 0.25845349875298074}, "datetime": {"datetime": "2021-06-28 11:25:18", "elapsed": 36.137331, "delta": 0.439957}}
{"target": -12.68283220237513, "params": {"C": 11.53678483165552, "epsilon": 5.378336321232869, "gamma": 0.14145665165058996, "lamda": 0.19615422229357712}, "datetime": {"datetime": "2021-06-28 11:25:19", "elapsed": 36.665974, "delta": 0.528643}}
{"target": -71.4419354528615, "params": {"C": 8.55151020449742, "epsilon": 8.362794151783993, "gamma": 0.013474772695396443, "lamda": 0.4525851458175308}, "datetime": {"datetime": "2021-06-28 11:25:29", "elapsed": 46.734142, "delta": 10.068168}}
{"target": -97.60949306797428, "params": {"C": 11.877471977971442, "epsilon": 7.50683997836041, "gamma": 0.06328435849223699, "lamda": 0.4756748037863782}, "datetime": {"datetime": "2021-06-28 11:25:39", "elapsed": 56.699536, "delta": 9.965394}}
{"target": -13.147637052829106, "params": {"C": 2.1354860723540625, "epsilon": 4.534145909141461, "gamma": 0.18263314558768817, "lamda": 0.1832323475404709}, "datetime": {"datetime": "2021-06-28 11:25:39", "elapsed": 57.17927, "delta": 0.479734}}
{"target": -12.547401299998661, "params": {"C": 4.165528724449836, "epsilon": 1.3872828639709491, "gamma": 0.013679721995356445, "lamda": 0.41051296443453567}, "datetime": {"datetime": "2021-06-28 11:25:40", "elapsed": 57.62554, "delta": 0.44627}}
{"target": -11.970299751107161, "params": {"C": 3.3279092760006495, "epsilon": 2.7289119277850395, "gamma": 0.10339890026326427, "lamda": 0.041483901619077425}, "datetime": {"datetime": "2021-06-28 11:25:40", "elapsed": 58.047824, "delta": 0.422284}}
{"target": -63.29235658926392, "params": {"C": 7.315293660412144, "epsilon": 1.5526128915675206, "gamma": 0.121968052011624, "lamda": 0.42285743241234935}, "datetime": {"datetime": "2021-06-28 11:25:51", "elapsed": 68.487996, "delta": 10.440172}}
{"target": -12.65083717389819, "params": {"C": 2.1256787171060845, "epsilon": 4.199154279413726, "gamma": 0.1419360299682716, "lamda": 0.25436576902087255}, "datetime": {"datetime": "2021-06-28 11:25:51", "elapsed": 68.974464, "delta": 0.486468}}
{"target": -12.829890784075465, "params": {"C": 1.5494880484069586, "epsilon": 5.405374418563564, "gamma": 0.1361209825917599, "lamda": 0.313784576114402}, "datetime": {"datetime": "2021-06-28 11:25:52", "elapsed": 69.45349, "delta": 0.479026}}
{"target": -13.06509089060982, "params": {"C": 11.390542315898946, "epsilon": 5.906894900969729, "gamma": 0.18164636390469788, "lamda": 0.09111007544628014}, "datetime": {"datetime": "2021-06-28 11:25:52", "elapsed": 69.944059, "delta": 0.490569}}
{"target": -86.16512778119478, "params": {"C": 2.532039819758344, "epsilon": 8.093173758224285, "gamma": 0.08555859902725138, "lamda": 0.10755897629899033}, "datetime": {"datetime": "2021-06-28 11:26:08", "elapsed": 86.214854, "delta": 16.270795}}
{"target": -58.175894384763396, "params": {"C": 11.202594384356374, "epsilon": 3.5428820114805153, "gamma": 0.15265429959586957, "lamda": 0.43833881135676633}, "datetime": {"datetime": "2021-06-28 11:26:18", "elapsed": 96.092424, "delta": 9.87757}}
{"target": -14.276846056790818, "params": {"C": 1.0849184158253316, "epsilon": 1.7024232487056925, "gamma": 0.14478011649229972, "lamda": 0.4611947468050445}, "datetime": {"datetime": "2021-06-28 11:26:19", "elapsed": 96.568195, "delta": 0.475771}}
{"target": -71.66523276588359, "params": {"C": 5.868130492010086, "epsilon": 4.193360008547263, "gamma": 0.11408293969927744, "lamda": 0.44907893312938935}, "datetime": {"datetime": "2021-06-28 11:26:29", "elapsed": 106.814865, "delta": 10.24667}}
{"target": -75.98108445376003, "params": {"C": 2.1044381893502955, "epsilon": 4.1757096872978385, "gamma": 0.11107708944107471, "lamda": 0.27881645917135245}, "datetime": {"datetime": "2021-06-28 11:26:45", "elapsed": 122.677701, "delta": 15.862836}}
{"target": -13.971484547270965, "params": {"C": 1.2332690101789172, "epsilon": 8.09802427230454, "gamma": 0.19332255280960575, "lamda": 0.42422308607372133}, "datetime": {"datetime": "2021-06-28 11:26:46", "elapsed": 123.334349, "delta": 0.656648}}
{"target": -11.584779614562768, "params": {"C": 5.008611107241713, "epsilon": 0.321741300222239, "gamma": 0.03895872577738237, "lamda": 0.5831976990900867}, "datetime": {"datetime": "2021-06-28 11:26:47", "elapsed": 124.309846, "delta": 0.975497}}
{"target": -13.002700090932798, "params": {"C": 11.94830228765383, "epsilon": 3.319207808238842, "gamma": 0.16520453676798946, "lamda": 0.03633403476040051}, "datetime": {"datetime": "2021-06-28 11:26:47", "elapsed": 125.029113, "delta": 0.719267}}
{"target": -12.963290198769393, "params": {"C": 11.793544233764218, "epsilon": 2.7771315519626154, "gamma": 0.16366915343325594, "lamda": 0.27347000595600884}, "datetime": {"datetime": "2021-06-28 11:26:48", "elapsed": 125.793575, "delta": 0.764462}}
{"target": -84.70080563106495, "params": {"C": 4.573633375389132, "epsilon": 6.394236020239361, "gamma": 0.08609597077857437, "lamda": 0.45341733194961664}, "datetime": {"datetime": "2021-06-28 11:27:01", "elapsed": 138.450808, "delta": 12.657233}}
{"target": -11.612076065030859, "params": {"C": 4.365023427374887, "epsilon": 6.798867709728964, "gamma": 0.11476252837224628, "lamda": 0.19635602403402705}, "datetime": {"datetime": "2021-06-28 11:27:01", "elapsed": 139.030135, "delta": 0.579327}}
{"target": -11.911874524316135, "params": {"C": 5.369029839026813, "epsilon": 2.02236117455001, "gamma": 0.020042635623434103, "lamda": 0.2135216983979346}, "datetime": {"datetime": "2021-06-28 11:27:02", "elapsed": 139.607245, "delta": 0.57711}}
{"target": -12.902136494348907, "params": {"C": 1.104100173744809, "epsilon": 5.547021911231605, "gamma": 0.04077777249827749, "lamda": 0.29190152751174286}, "datetime": {"datetime": "2021-06-28 11:27:02", "elapsed": 140.186461, "delta": 0.579216}}
{"target": -89.47742058848242, "params": {"C": 4.655879317893262, "epsilon": 4.899445814484918, "gamma": 0.08919699865078254, "lamda": 0.4942898647033194}, "datetime": {"datetime": "2021-06-28 11:27:18", "elapsed": 156.125669, "delta": 15.939208}}
{"target": -65.7874224793431, "params": {"C": 3.574627816211759, "epsilon": 4.525318371219401, "gamma": 0.11452084547862915, "lamda": 0.5700177855813463}, "datetime": {"datetime": "2021-06-28 11:27:28", "elapsed": 165.841276, "delta": 9.715607}}
{"target": -11.909876202782133, "params": {"C": 2.296581695013794, "epsilon": 5.550257848189116, "gamma": 0.10337837668725816, "lamda": 0.09611673088899844}, "datetime": {"datetime": "2021-06-28 11:27:29", "elapsed": 166.373089, "delta": 0.531813}}
{"target": -11.792003999069244, "params": {"C": 3.8899222955130996, "epsilon": 0.31615516758418255, "gamma": 0.041819262553135436, "lamda": 0.38856050254867236}, "datetime": {"datetime": "2021-06-28 11:27:29", "elapsed": 166.901358, "delta": 0.528269}}
{"target": -11.95062012408535, "params": {"C": 3.1568942973960326, "epsilon": 4.063654220594246, "gamma": 0.10791240100776876, "lamda": 0.05135082230429681}, "datetime": {"datetime": "2021-06-28 11:27:30", "elapsed": 167.451229, "delta": 0.549871}}
{"target": -12.70212134179519, "params": {"C": 2.988673716454869, "epsilon": 2.790535815496339, "gamma": 0.1626727173538705, "lamda": 0.3923427407200944}, "datetime": {"datetime": "2021-06-28 11:27:30", "elapsed": 167.961451, "delta": 0.510222}}
{"target": -12.860514445474426, "params": {"C": 2.47084275519989, "epsilon": 5.127701225127825, "gamma": 0.178929631200298, "lamda": 0.344626814863158}, "datetime": {"datetime": "2021-06-28 11:27:31", "elapsed": 168.47105, "delta": 0.509599}}
{"target": -12.577109366836725, "params": {"C": 2.6680048596154142, "epsilon": 2.1222147970082266, "gamma": 0.13777037178921306, "lamda": 0.5261389979002448}, "datetime": {"datetime": "2021-06-28 11:27:31", "elapsed": 168.979935, "delta": 0.508885}}
{"target": -11.9953070467394, "params": {"C": 9.998461439128375, "epsilon": 1.7189144495618263, "gamma": 0.012856311324801181, "lamda": 0.10498333807048642}, "datetime": {"datetime": "2021-06-28 11:27:32", "elapsed": 169.627566, "delta": 0.647631}}
{"target": -68.93446057018751, "params": {"C": 11.846106583815228, "epsilon": 7.112443634992983, "gamma": 0.12067748346043329, "lamda": 0.450213409437158}, "datetime": {"datetime": "2021-06-28 11:27:42", "elapsed": 179.794058, "delta": 10.166492}}
{"target": -87.57319286211238, "params": {"C": 10.888989366646888, "epsilon": 4.576972543194234, "gamma": 0.08585082429260175, "lamda": 0.19380164345401282}, "datetime": {"datetime": "2021-06-28 11:27:58", "elapsed": 195.926309, "delta": 16.132251}}
{"target": -96.07298418509667, "params": {"C": 8.718711892921938, "epsilon": 3.9039347251724013, "gamma": 0.060989416633329324, "lamda": 0.29861819343785323}, "datetime": {"datetime": "2021-06-28 11:28:08", "elapsed": 205.589731, "delta": 9.663422}}
{"target": -12.592219107375147, "params": {"C": 11.936621126667438, "epsilon": 2.6328322737905956, "gamma": 0.1275394780317927, "lamda": 0.22820424938284062}, "datetime": {"datetime": "2021-06-28 11:28:08", "elapsed": 206.145123, "delta": 0.555392}}
{"target": -55.77311763392635, "params": {"C": 10.361219024133675, "epsilon": 7.85126604397889, "gamma": 0.18141616519568693, "lamda": 0.06510000401215152}, "datetime": {"datetime": "2021-06-28 11:28:22", "elapsed": 219.997821, "delta": 13.852698}}
{"target": -99.25224319480512, "params": {"C": 5.340858902302451, "epsilon": 6.521501136098759, "gamma": 0.0398003600751891, "lamda": 0.25623182115462895}, "datetime": {"datetime": "2021-06-28 11:28:31", "elapsed": 228.891832, "delta": 8.894011}}
{"target": -12.979130734031417, "params": {"C": 6.931909792258201, "epsilon": 3.981520118310856, "gamma": 0.18807709981072623, "lamda": 0.25877497426594825}, "datetime": {"datetime": "2021-06-28 11:28:32", "elapsed": 229.449827, "delta": 0.557995}}
{"target": -95.32554431307672, "params": {"C": 6.3734893173685006, "epsilon": 0.7355289231597606, "gamma": 0.07263097943730291, "lamda": 0.3877066861982121}, "datetime": {"datetime": "2021-06-28 11:28:47", "elapsed": 245.020345, "delta": 15.570518}}
{"target": -92.23389838972163, "params": {"C": 5.460897523977599, "epsilon": 0.2382954690730923, "gamma": 0.0875486190846295, "lamda": 0.4748435724643257}, "datetime": {"datetime": "2021-06-28 11:29:02", "elapsed": 260.145164, "delta": 15.124819}}
{"target": -62.015642498712694, "params": {"C": 8.205696501920043, "epsilon": 2.2557319116340517, "gamma": 0.14350447907268424, "lamda": 0.5451286316979573}, "datetime": {"datetime": "2021-06-28 11:29:14", "elapsed": 271.825956, "delta": 11.680792}}
{"target": -12.616843472131082, "params": {"C": 4.315126514223926, "epsilon": 6.359598980320634, "gamma": 0.17964785579720566, "lamda": 0.3074305987807446}, "datetime": {"datetime": "2021-06-28 11:29:15", "elapsed": 272.396194, "delta": 0.570238}}
{"target": -92.73799798156924, "params": {"C": 9.141961736632148, "epsilon": 9.840490645423392, "gamma": 0.04047631974840265, "lamda": 0.4472621947851614}, "datetime": {"datetime": "2021-06-28 11:29:24", "elapsed": 282.222839, "delta": 9.826645}}
{"target": -12.122524530137072, "params": {"C": 4.956309122769513, "epsilon": 5.118734736876223, "gamma": 0.14771889010514705, "lamda": 0.3173491116976652}, "datetime": {"datetime": "2021-06-28 11:29:25", "elapsed": 282.808981, "delta": 0.586142}}
{"target": -65.78961188278593, "params": {"C": 6.342169096928995, "epsilon": 6.914870069586818, "gamma": 0.13304920283724697, "lamda": 0.48261013553344345}, "datetime": {"datetime": "2021-06-28 11:29:43", "elapsed": 300.616663, "delta": 17.807682}}
{"target": -59.13478701883261, "params": {"C": 11.237723991225026, "epsilon": 9.133655068321769, "gamma": 0.15343911961322274, "lamda": 0.41671579534508746}, "datetime": {"datetime": "2021-06-28 11:29:52", "elapsed": 309.732439, "delta": 9.115776}}
{"target": -60.894432731008784, "params": {"C": 5.3268644533465865, "epsilon": 9.45020514759998, "gamma": 0.15533848527168248, "lamda": 0.47387810784619694}, "datetime": {"datetime": "2021-06-28 11:29:58", "elapsed": 316.010364, "delta": 6.277925}}
{"target": -87.73906027989264, "params": {"C": 4.851676684930325, "epsilon": 9.434893240685431, "gamma": 0.08207598010663304, "lamda": 0.18073967185199646}, "datetime": {"datetime": "2021-06-28 11:30:05", "elapsed": 323.092904, "delta": 7.08254}}
{"target": -52.63509125463628, "params": {"C": 5.7503465180926945, "epsilon": 6.820501436789776, "gamma": 0.1870164432847946, "lamda": 0.4086059312638919}, "datetime": {"datetime": "2021-06-28 11:30:16", "elapsed": 333.359253, "delta": 10.266349}}
{"target": -12.53935255052844, "params": {"C": 8.094457134687667, "epsilon": 1.339685612564248, "gamma": 0.13909336418758902, "lamda": 0.16153766545176448}, "datetime": {"datetime": "2021-06-28 11:30:16", "elapsed": 333.980749, "delta": 0.621496}}
{"target": -12.585810580773485, "params": {"C": 5.63553118570266, "epsilon": 4.238746430304093, "gamma": 0.16673718744294805, "lamda": 0.22119383107740206}, "datetime": {"datetime": "2021-06-28 11:30:17", "elapsed": 334.678646, "delta": 0.697897}}
{"target": -68.8294569966897, "params": {"C": 11.576136258229358, "epsilon": 6.851533840831421, "gamma": 0.12301014943011927, "lamda": 0.41947245778186054}, "datetime": {"datetime": "2021-06-28 11:30:27", "elapsed": 344.499403, "delta": 9.820757}}
{"target": -10.837207232735787, "params": {"C": 11.893484686682804, "epsilon": 6.475993623941928, "gamma": 0.026683935319067348, "lamda": 0.051665094736536965}, "datetime": {"datetime": "2021-06-28 11:30:27", "elapsed": 345.132336, "delta": 0.632933}}
{"target": -86.50970976138849, "params": {"C": 5.714755946384369, "epsilon": 1.8367653455075925, "gamma": 0.08921689957642956, "lamda": 0.5122913851477064}, "datetime": {"datetime": "2021-06-28 11:30:37", "elapsed": 354.497977, "delta": 9.365641}}
{"target": -79.76696070544553, "params": {"C": 8.580078756280482, "epsilon": 1.2666843927034002, "gamma": 0.11326826029794067, "lamda": 0.4226797324042268}, "datetime": {"datetime": "2021-06-28 11:30:47", "elapsed": 364.334521, "delta": 9.836544}}
{"target": -80.05617851115412, "params": {"C": 5.181791312493093, "epsilon": 8.499118740100045, "gamma": 0.0880782146492877, "lamda": 0.22997440424176355}, "datetime": {"datetime": "2021-06-28 11:30:56", "elapsed": 373.589763, "delta": 9.255242}}
