{"target": -14.25835305349707, "params": {"C": 3.3369475525153742, "epsilon": 5.38045889878369, "gamma": 0.13667780767829638, "lamda": 0.058186001695711954}, "datetime": {"datetime": "2021-06-28 17:27:01", "elapsed": 484.422224, "delta": 0.909266}}
{"target": -20.907420481695027, "params": {"C": 6.17561830192172, "epsilon": 8.393686429099098, "gamma": 0.6179608471463723, "lamda": 0.5003879747403738}, "datetime": {"datetime": "2021-06-28 17:27:02", "elapsed": 485.304948, "delta": 0.882724}}
{"target": -20.939038453130028, "params": {"C": 7.964579915070134, "epsilon": 2.853733252908089, "gamma": 0.5857357812954431, "lamda": 0.16151378194123223}, "datetime": {"datetime": "2021-06-28 17:27:02", "elapsed": 486.100953, "delta": 0.796005}}
{"target": -23.003377760463877, "params": {"C": 8.581381404442192, "epsilon": 16.42213221969093, "gamma": 0.9822407513654283, "lamda": 0.3953176478284946}, "datetime": {"datetime": "2021-06-28 17:27:04", "elapsed": 487.199038, "delta": 1.098085}}
{"target": -23.369486403066038, "params": {"C": 9.238553646921055, "epsilon": 5.347982782707234, "gamma": 0.9607133707258214, "lamda": 0.38489844886011093}, "datetime": {"datetime": "2021-06-28 17:27:04", "elapsed": 488.015927, "delta": 0.816889}}
{"target": -11.008750542464414, "params": {"C": 3.883430735457411, "epsilon": 13.635490504118366, "gamma": 0.01656569651612434, "lamda": 0.08733454550614138}, "datetime": {"datetime": "2021-06-28 17:27:05", "elapsed": 489.012846, "delta": 0.996919}}
{"target": -21.75977791889708, "params": {"C": 5.2850859167517195, "epsilon": 14.979346865529434, "gamma": 0.7800552235171127, "lamda": 0.5541316149402965}, "datetime": {"datetime": "2021-06-28 17:27:06", "elapsed": 489.813699, "delta": 0.800853}}
{"target": -24.009630134450084, "params": {"C": 4.605807476639809, "epsilon": 3.0928793315415417, "gamma": 0.9892437518475642, "lamda": 0.5280790324508026}, "datetime": {"datetime": "2021-06-28 17:27:07", "elapsed": 490.735229, "delta": 0.92153}}
{"target": -22.967405456127544, "params": {"C": 7.753881762452483, "epsilon": 2.893643695255787, "gamma": 0.8658470008492618, "lamda": 0.5372722164082226}, "datetime": {"datetime": "2021-06-28 17:27:08", "elapsed": 491.689672, "delta": 0.954443}}
{"target": -19.86353856563286, "params": {"C": 2.683005436010983, "epsilon": 10.143214116654226, "gamma": 0.5316535261530313, "lamda": 0.7245788329223616}, "datetime": {"datetime": "2021-06-28 17:27:10", "elapsed": 493.140296, "delta": 1.450624}}
{"target": -23.942920395106334, "params": {"C": 4.860411905519772, "epsilon": 3.1035163229496123, "gamma": 0.9815609644339657, "lamda": 0.9597657576272449}, "datetime": {"datetime": "2021-06-28 17:27:11", "elapsed": 494.244337, "delta": 1.104041}}
{"target": -19.700076913285542, "params": {"C": 1.4413329919362263, "epsilon": 14.24291038886225, "gamma": 0.5053181418930012, "lamda": 0.08232001877238071}, "datetime": {"datetime": "2021-06-28 17:27:12", "elapsed": 495.294521, "delta": 1.050184}}
{"target": -89.36366364644257, "params": {"C": 4.59231370931265, "epsilon": 19.786623441541238, "gamma": 0.040027655350430076, "lamda": 0.28182281065861947}, "datetime": {"datetime": "2021-06-28 17:27:21", "elapsed": 504.620524, "delta": 9.326003}}
{"target": -21.999067983593317, "params": {"C": 8.11793621044138, "epsilon": 1.1914174023539088, "gamma": 0.7186739736108021, "lamda": 0.6828149744811349}, "datetime": {"datetime": "2021-06-28 17:27:22", "elapsed": 505.526097, "delta": 0.905573}}
{"target": -16.523790916395498, "params": {"C": 4.0459566054652285, "epsilon": 10.882865755306248, "gamma": 0.2884223937498834, "lamda": 0.7377073924368884}, "datetime": {"datetime": "2021-06-28 17:27:23", "elapsed": 506.313987, "delta": 0.78789}}
{"target": -22.90427242238266, "params": {"C": 3.1320139943373744, "epsilon": 6.772080533360091, "gamma": 0.8280863598844304, "lamda": 0.7118190470024779}, "datetime": {"datetime": "2021-06-28 17:27:23", "elapsed": 507.055996, "delta": 0.742009}}
{"target": -24.06526106210278, "params": {"C": 4.254661679524436, "epsilon": 3.2353575368480305, "gamma": 0.9913112090819454, "lamda": 0.045530904827189696}, "datetime": {"datetime": "2021-06-28 17:27:24", "elapsed": 507.805986, "delta": 0.74999}}
{"target": -15.739424667500746, "params": {"C": 6.251285688262819, "epsilon": 4.163190308422084, "gamma": 0.21739370647428963, "lamda": 0.8620601720983513}, "datetime": {"datetime": "2021-06-28 17:27:25", "elapsed": 508.583901, "delta": 0.777915}}
{"target": -22.931808033796248, "params": {"C": 3.529833588856015, "epsilon": 17.530812726311986, "gamma": 0.9964728405678991, "lamda": 0.6026252635496293}, "datetime": {"datetime": "2021-06-28 17:27:26", "elapsed": 509.492466, "delta": 0.908565}}
{"target": -15.762573869279537, "params": {"C": 6.380110244218243, "epsilon": 18.173141533414324, "gamma": 0.23605972217208107, "lamda": 0.12454970848817522}, "datetime": {"datetime": "2021-06-28 17:27:28", "elapsed": 511.417307, "delta": 1.924841}}
{"target": -16.066974312486643, "params": {"C": 2.682527029141865, "epsilon": 8.712462374445813, "gamma": 0.22898489406891703, "lamda": 0.45683815110731135}, "datetime": {"datetime": "2021-06-28 17:27:29", "elapsed": 512.522345, "delta": 1.105038}}
{"target": -22.121799190634654, "params": {"C": 4.469324744794326, "epsilon": 9.619431060221185, "gamma": 0.7851808494632747, "lamda": 0.23613878172755792}, "datetime": {"datetime": "2021-06-28 17:27:30", "elapsed": 513.668273, "delta": 1.145928}}
{"target": -20.725546303927587, "params": {"C": 2.088765000186703, "epsilon": 3.132193513121788, "gamma": 0.5361948513217194, "lamda": 0.05694271403389886}, "datetime": {"datetime": "2021-06-28 17:27:31", "elapsed": 514.437213, "delta": 0.76894}}
{"target": -21.578528697599182, "params": {"C": 1.5043916486057909, "epsilon": 10.426944939405907, "gamma": 0.6839946110267012, "lamda": 0.5837017245285075}, "datetime": {"datetime": "2021-06-28 17:27:32", "elapsed": 515.240061, "delta": 0.802848}}
{"target": -65.23782945310711, "params": {"C": 5.376997441994409, "epsilon": 10.083568908904777, "gamma": 0.09472831806677022, "lamda": 0.8767002785305578}, "datetime": {"datetime": "2021-06-28 17:27:38", "elapsed": 521.930129, "delta": 6.690068}}
{"target": -20.339766043888233, "params": {"C": 6.875557508850806, "epsilon": 18.083333035954944, "gamma": 0.5820499371708934, "lamda": 0.4509414829004472}, "datetime": {"datetime": "2021-06-28 17:27:39", "elapsed": 522.640226, "delta": 0.710097}}
{"target": -21.286423235034498, "params": {"C": 1.9517965607665015, "epsilon": 16.360012680277045, "gamma": 0.7305280224472849, "lamda": 0.017702348291391695}, "datetime": {"datetime": "2021-06-28 17:27:40", "elapsed": 523.434099, "delta": 0.793873}}
{"target": -24.13386572710886, "params": {"C": 3.033831524605244, "epsilon": 2.748332608792981, "gamma": 0.9535510262808311, "lamda": 0.2360562694116296}, "datetime": {"datetime": "2021-06-28 17:27:41", "elapsed": 524.482293, "delta": 1.048194}}
{"target": -21.900436647794766, "params": {"C": 3.670728671769261, "epsilon": 10.921634802027688, "gamma": 0.7562587587349182, "lamda": 0.43303439281306766}, "datetime": {"datetime": "2021-06-28 17:27:42", "elapsed": 525.362929, "delta": 0.880636}}
{"target": -17.834349016055, "params": {"C": 9.177790315458049, "epsilon": 15.838623463761836, "gamma": 0.3183652416066733, "lamda": 0.2056776322102131}, "datetime": {"datetime": "2021-06-28 17:27:43", "elapsed": 526.169766, "delta": 0.806837}}
{"target": -22.685309062499627, "params": {"C": 9.390898808621452, "epsilon": 6.393887023747583, "gamma": 0.8557416965056878, "lamda": 0.8771004941382876}, "datetime": {"datetime": "2021-06-28 17:27:43", "elapsed": 526.900806, "delta": 0.73104}}
{"target": -21.936259748703367, "params": {"C": 6.450201995011874, "epsilon": 12.391842472844909, "gamma": 0.7844349966875073, "lamda": 0.9864703710669096}, "datetime": {"datetime": "2021-06-28 17:27:44", "elapsed": 527.873201, "delta": 0.972395}}
{"target": -23.932950099894846, "params": {"C": 1.5715428315502487, "epsilon": 1.2675391095343196, "gamma": 0.7536148715213107, "lamda": 0.5292352860619418}, "datetime": {"datetime": "2021-06-28 17:27:45", "elapsed": 528.752842, "delta": 0.879641}}
{"target": -18.828841151096686, "params": {"C": 7.474410160880069, "epsilon": 6.1638357631213925, "gamma": 0.39284848445062337, "lamda": 0.8827086645176646}, "datetime": {"datetime": "2021-06-28 17:27:46", "elapsed": 529.740207, "delta": 0.987365}}
{"target": -16.6211686243731, "params": {"C": 1.6941448473651413, "epsilon": 4.012039043013482, "gamma": 0.1941632081218983, "lamda": 0.37483690547095416}, "datetime": {"datetime": "2021-06-28 17:27:47", "elapsed": 530.609864, "delta": 0.869657}}
{"target": -104.0277544359348, "params": {"C": 8.580736796501036, "epsilon": 1.603941444808231, "gamma": 0.0281495322313509, "lamda": 0.9662895489180411}, "datetime": {"datetime": "2021-06-28 17:27:53", "elapsed": 536.915966, "delta": 6.306102}}
{"target": -22.32949471713475, "params": {"C": 8.27466193197191, "epsilon": 6.757468859473135, "gamma": 0.8098464540573088, "lamda": 0.9471792385858382}, "datetime": {"datetime": "2021-06-28 17:27:55", "elapsed": 538.196529, "delta": 1.280563}}
{"target": -17.161227196375386, "params": {"C": 3.100991133941083, "epsilon": 2.0162471229276466, "gamma": 0.28055672606936816, "lamda": 0.12433229323914069}, "datetime": {"datetime": "2021-06-28 17:27:55", "elapsed": 539.003369, "delta": 0.80684}}
{"target": -20.63331378398542, "params": {"C": 7.889533522842832, "epsilon": 11.957811418168072, "gamma": 0.585200111673636, "lamda": 0.11725785602996552}, "datetime": {"datetime": "2021-06-28 17:27:57", "elapsed": 540.131343, "delta": 1.127974}}
{"target": -15.671135952007386, "params": {"C": 4.07460334146354, "epsilon": 13.565776756992909, "gamma": 0.23108301842273912, "lamda": 0.14073928923076579}, "datetime": {"datetime": "2021-06-28 17:27:57", "elapsed": 541.038913, "delta": 0.90757}}
{"target": -21.94195379172684, "params": {"C": 7.069055737407908, "epsilon": 5.4570098180795155, "gamma": 0.7397029840092659, "lamda": 0.43363521849062814}, "datetime": {"datetime": "2021-06-28 17:27:58", "elapsed": 541.873674, "delta": 0.834761}}
{"target": -20.118288313885877, "params": {"C": 3.5666387586171275, "epsilon": 9.596728582173755, "gamma": 0.531774125756443, "lamda": 0.9499321395398952}, "datetime": {"datetime": "2021-06-28 17:27:59", "elapsed": 542.670538, "delta": 0.796864}}
{"target": -23.696283903157784, "params": {"C": 9.322099476252244, "epsilon": 3.6345923474643094, "gamma": 0.9929576584801237, "lamda": 0.7106056579704916}, "datetime": {"datetime": "2021-06-28 17:28:00", "elapsed": 543.61401, "delta": 0.943472}}
{"target": -19.624914415504676, "params": {"C": 3.657704465565703, "epsilon": 17.35930637678052, "gamma": 0.5240448773860057, "lamda": 0.45653003981839063}, "datetime": {"datetime": "2021-06-28 17:28:01", "elapsed": 544.622307, "delta": 1.008297}}
{"target": -77.64446935588684, "params": {"C": 6.863216905961873, "epsilon": 4.082351207455998, "gamma": 0.06906707801797864, "lamda": 0.5020256666021656}, "datetime": {"datetime": "2021-06-28 17:28:08", "elapsed": 551.626534, "delta": 7.004227}}
{"target": -35.05333189275964, "params": {"C": 1.2929109208260927, "epsilon": 7.981061506106337, "gamma": 0.6571288271222043, "lamda": 0.8002654292934736}, "datetime": {"datetime": "2021-06-28 17:28:18", "elapsed": 561.3468, "delta": 9.720266}}
{"target": -23.231884826194495, "params": {"C": 1.0610216460360535, "epsilon": 11.946575379251113, "gamma": 0.8227460623527908, "lamda": 0.8952527020596361}, "datetime": {"datetime": "2021-06-28 17:28:19", "elapsed": 562.33116, "delta": 0.98436}}
{"target": -22.00913243975361, "params": {"C": 3.4300287731780426, "epsilon": 15.97342032937178, "gamma": 0.8092969620356981, "lamda": 0.7010426744584661}, "datetime": {"datetime": "2021-06-28 17:28:20", "elapsed": 563.27164, "delta": 0.94048}}
{"target": -23.927819634775684, "params": {"C": 1.42652564866675, "epsilon": 7.807915257012228, "gamma": 0.8658490748748853, "lamda": 0.2671460808697918}, "datetime": {"datetime": "2021-06-28 17:28:21", "elapsed": 564.532261, "delta": 1.260621}}
{"target": -22.21727889300709, "params": {"C": 5.056836545666917, "epsilon": 16.936438521609624, "gamma": 0.8590551364651912, "lamda": 0.1704962159253705}, "datetime": {"datetime": "2021-06-28 17:28:22", "elapsed": 565.508645, "delta": 0.976384}}
{"target": -18.793317647089985, "params": {"C": 9.520163448420702, "epsilon": 7.158342664868419, "gamma": 0.3941587996579484, "lamda": 0.10245031460199408}, "datetime": {"datetime": "2021-06-28 17:28:23", "elapsed": 566.379311, "delta": 0.870666}}
{"target": -17.59926154169304, "params": {"C": 5.437099243075178, "epsilon": 11.748975402694674, "gamma": 0.3401624300778523, "lamda": 0.04389966859150419}, "datetime": {"datetime": "2021-06-28 17:28:24", "elapsed": 567.460415, "delta": 1.081104}}
{"target": -22.4471843820161, "params": {"C": 7.82526658731322, "epsilon": 15.698659337126866, "gamma": 0.8812120839574694, "lamda": 0.17452222160926717}, "datetime": {"datetime": "2021-06-28 17:28:25", "elapsed": 568.343049, "delta": 0.882634}}
{"target": -20.310053914501154, "params": {"C": 5.930562037161975, "epsilon": 10.011811277839971, "gamma": 0.5487272222178557, "lamda": 0.1028842230579688}, "datetime": {"datetime": "2021-06-28 17:28:26", "elapsed": 569.150882, "delta": 0.807833}}
{"target": -18.398932069649998, "params": {"C": 2.72969808620513, "epsilon": 10.607693935489843, "gamma": 0.41650307601084474, "lamda": 0.14112647499884381}, "datetime": {"datetime": "2021-06-28 17:28:27", "elapsed": 570.28983, "delta": 1.138948}}
{"target": -14.64046498878501, "params": {"C": 5.446773024778366, "epsilon": 19.537874908785234, "gamma": 0.17944790943375538, "lamda": 0.35232123337542537}, "datetime": {"datetime": "2021-06-28 17:28:28", "elapsed": 571.599319, "delta": 1.309489}}
{"target": -15.81972283779961, "params": {"C": 2.5872964618031684, "epsilon": 14.053177836128556, "gamma": 0.22373219881076498, "lamda": 0.7554544490126784}, "datetime": {"datetime": "2021-06-28 17:28:29", "elapsed": 572.693388, "delta": 1.094069}}
{"target": -17.731660299367203, "params": {"C": 8.203327680189828, "epsilon": 17.702102986173742, "gamma": 0.32104713014099007, "lamda": 0.31687850637478715}, "datetime": {"datetime": "2021-06-28 17:28:30", "elapsed": 573.775487, "delta": 1.082099}}
{"target": -19.74679210502833, "params": {"C": 3.413091464757002, "epsilon": 16.475907282468633, "gamma": 0.5355141524006274, "lamda": 0.7241767337705245}, "datetime": {"datetime": "2021-06-28 17:28:31", "elapsed": 574.618228, "delta": 0.842741}}
{"target": -19.928405534456903, "params": {"C": 4.073383056552827, "epsilon": 16.520936380845406, "gamma": 0.5418497085883309, "lamda": 0.11863633365221204}, "datetime": {"datetime": "2021-06-28 17:28:32", "elapsed": 575.714291, "delta": 1.096063}}
{"target": -22.828429188857026, "params": {"C": 6.799063442378188, "epsilon": 2.4749324297817656, "gamma": 0.8320460402362954, "lamda": 0.6685530716188453}, "datetime": {"datetime": "2021-06-28 17:28:33", "elapsed": 576.562019, "delta": 0.847728}}
{"target": -22.409835031630436, "params": {"C": 3.2873856007253397, "epsilon": 4.53194232000018, "gamma": 0.7472187790215213, "lamda": 0.6993613813004189}, "datetime": {"datetime": "2021-06-28 17:28:34", "elapsed": 577.398777, "delta": 0.836758}}
{"target": -13.39745013662894, "params": {"C": 1.7801146069598623, "epsilon": 15.624947094013702, "gamma": 0.1028773023443372, "lamda": 0.46223027524846577}, "datetime": {"datetime": "2021-06-28 17:28:35", "elapsed": 578.299361, "delta": 0.900584}}
{"target": -19.43756069850449, "params": {"C": 3.984314441175298, "epsilon": 11.291771245606808, "gamma": 0.48006067364591964, "lamda": 0.01248031159380289}, "datetime": {"datetime": "2021-06-28 17:28:36", "elapsed": 579.309653, "delta": 1.010292}}
{"target": -14.421064640570567, "params": {"C": 7.643547353183083, "epsilon": 2.6127722312304575, "gamma": 0.15279361481624218, "lamda": 0.3843324582591751}, "datetime": {"datetime": "2021-06-28 17:28:37", "elapsed": 580.253124, "delta": 0.943471}}
{"target": -16.44615388400342, "params": {"C": 4.805015652032042, "epsilon": 1.5377905072754978, "gamma": 0.24804966111339732, "lamda": 0.6564107876787552}, "datetime": {"datetime": "2021-06-28 17:28:38", "elapsed": 581.347194, "delta": 1.09407}}
{"target": -38.39330863480818, "params": {"C": 7.533810557197787, "epsilon": 7.58538392649459, "gamma": 0.3077996507414098, "lamda": 0.7988449338699227}, "datetime": {"datetime": "2021-06-28 17:28:45", "elapsed": 588.639647, "delta": 7.292453}}
{"target": -18.630375484498252, "params": {"C": 6.757357157604727, "epsilon": 6.35344834327602, "gamma": 0.3761051162081396, "lamda": 0.7488036202803627}, "datetime": {"datetime": "2021-06-28 17:28:46", "elapsed": 589.574147, "delta": 0.9345}}
{"target": -23.653757641806536, "params": {"C": 2.847735100491248, "epsilon": 9.709449612516561, "gamma": 0.9885755848116896, "lamda": 0.9381093236689786}, "datetime": {"datetime": "2021-06-28 17:28:47", "elapsed": 590.527587, "delta": 0.95344}}
{"target": -22.210795800291084, "params": {"C": 2.3220589023535934, "epsilon": 19.663862139374114, "gamma": 0.8927073571045121, "lamda": 0.37466583837274076}, "datetime": {"datetime": "2021-06-28 17:28:48", "elapsed": 591.669525, "delta": 1.141938}}
{"target": -22.308640280733314, "params": {"C": 4.706280338208011, "epsilon": 16.24388677954045, "gamma": 0.8685275005549923, "lamda": 0.19928872529397448}, "datetime": {"datetime": "2021-06-28 17:28:49", "elapsed": 592.848365, "delta": 1.17884}}
{"target": -21.657961364200123, "params": {"C": 6.017591040859019, "epsilon": 16.337173220757116, "gamma": 0.7727802850294639, "lamda": 0.5487568202148759}, "datetime": {"datetime": "2021-06-28 17:28:50", "elapsed": 593.753938, "delta": 0.905573}}
{"target": -20.888392876198342, "params": {"C": 4.230029422215379, "epsilon": 14.784120995144768, "gamma": 0.6597093921633439, "lamda": 0.04658481441858293}, "datetime": {"datetime": "2021-06-28 17:28:51", "elapsed": 594.655522, "delta": 0.901584}}
{"target": -20.13914008159132, "params": {"C": 3.8262031595000074, "epsilon": 11.501479035453276, "gamma": 0.5375138612076286, "lamda": 0.5768377062722276}, "datetime": {"datetime": "2021-06-28 17:28:52", "elapsed": 595.586028, "delta": 0.930506}}
{"target": -13.795979488404516, "params": {"C": 5.310829927400095, "epsilon": 15.522840722508187, "gamma": 0.14088998631937055, "lamda": 0.20962918340181816}, "datetime": {"datetime": "2021-06-28 17:28:53", "elapsed": 596.548449, "delta": 0.962421}}
{"target": -22.810695260840586, "params": {"C": 1.6926379819392778, "epsilon": 5.679642455804565, "gamma": 0.7424965067449837, "lamda": 0.012301922943047175}, "datetime": {"datetime": "2021-06-28 17:28:54", "elapsed": 597.626559, "delta": 1.07811}}
{"target": -16.799506055373513, "params": {"C": 3.7205002170694694, "epsilon": 9.78009944019066, "gamma": 0.3008694452322143, "lamda": 0.7578871139287547}, "datetime": {"datetime": "2021-06-28 17:28:55", "elapsed": 598.911116, "delta": 1.284557}}
{"target": -18.71335387830179, "params": {"C": 7.105285719922193, "epsilon": 9.901703975930179, "gamma": 0.390796087456577, "lamda": 0.035425022063576686}, "datetime": {"datetime": "2021-06-28 17:28:57", "elapsed": 600.782101, "delta": 1.870985}}
{"target": -22.7545495078087, "params": {"C": 9.417131231211982, "epsilon": 12.315766111745816, "gamma": 0.9064610084009984, "lamda": 0.07641429169388719}, "datetime": {"datetime": "2021-06-28 17:28:58", "elapsed": 601.730559, "delta": 0.948458}}
{"target": -21.68872913618046, "params": {"C": 3.5087593877390866, "epsilon": 3.2773560437444638, "gamma": 0.6503760459414267, "lamda": 0.25167939701936054}, "datetime": {"datetime": "2021-06-28 17:28:59", "elapsed": 602.653086, "delta": 0.922527}}
{"target": -36.1876639034555, "params": {"C": 9.627913653201324, "epsilon": 15.128094538827119, "gamma": 0.27961963949506174, "lamda": 0.7346121199378773}, "datetime": {"datetime": "2021-06-28 17:29:08", "elapsed": 611.635012, "delta": 8.981926}}
{"target": -41.60097640494915, "params": {"C": 8.001691493844357, "epsilon": 11.244047490776552, "gamma": 0.20215457497261285, "lamda": 0.5888071246356675}, "datetime": {"datetime": "2021-06-28 17:29:16", "elapsed": 619.233646, "delta": 7.598634}}
{"target": -22.86648828068043, "params": {"C": 1.2882680225945067, "epsilon": 19.641328158558757, "gamma": 0.9599527790656027, "lamda": 0.13529951547614327}, "datetime": {"datetime": "2021-06-28 17:29:17", "elapsed": 620.128247, "delta": 0.894601}}
{"target": -46.95110068728249, "params": {"C": 5.548414388413159, "epsilon": 9.86409120299476, "gamma": 0.16363596981565467, "lamda": 0.6043115213879653}, "datetime": {"datetime": "2021-06-28 17:29:23", "elapsed": 626.985866, "delta": 6.857619}}
{"target": -21.649277391891587, "params": {"C": 1.8474314260323383, "epsilon": 11.505003280971819, "gamma": 0.7233170266119299, "lamda": 0.8345098336289993}, "datetime": {"datetime": "2021-06-28 17:29:25", "elapsed": 628.266434, "delta": 1.280568}}
{"target": -22.946914654576535, "params": {"C": 8.960113502260294, "epsilon": 3.550226876481755, "gamma": 0.8778339797064106, "lamda": 0.8369441489063052}, "datetime": {"datetime": "2021-06-28 17:29:26", "elapsed": 629.596868, "delta": 1.330434}}
{"target": -16.22955514221549, "params": {"C": 7.837837013899007, "epsilon": 1.53563090042842, "gamma": 0.2328688531884187, "lamda": 0.03917768998131392}, "datetime": {"datetime": "2021-06-28 17:29:27", "elapsed": 630.619128, "delta": 1.02226}}
{"target": -19.124418911622563, "params": {"C": 2.4447092784534807, "epsilon": 12.739717260441237, "gamma": 0.48334124702710124, "lamda": 0.5782659730033015}, "datetime": {"datetime": "2021-06-28 17:29:28", "elapsed": 631.61446, "delta": 0.995332}}
