{"target": -32.11968751130379, "params": {"C": 8.708899220264177, "epsilon": 8.39619231900296, "gamma": 6.794373996765557, "lamda": 2.8934052946603233}, "datetime": {"datetime": "2021-06-28 08:42:20", "elapsed": 1476.576306, "delta": 11.864707}}
{"target": -19.930075181835164, "params": {"C": 8.018619556209773, "epsilon": 8.97902414746286, "gamma": 1.051529594075955, "lamda": 0.22980953189177522}, "datetime": {"datetime": "2021-06-28 08:42:22", "elapsed": 1478.115206, "delta": 1.5389}}
{"target": -28.734978586721116, "params": {"C": 8.976497977422056, "epsilon": 9.430518788527934, "gamma": 4.195576942194142, "lamda": 0.1884106190591397}, "datetime": {"datetime": "2021-06-28 08:42:23", "elapsed": 1479.524203, "delta": 1.408997}}
{"target": -36.65494418162595, "params": {"C": 2.8312789458942302, "epsilon": 1.6930562675298513, "gamma": 0.926065712449418, "lamda": 8.744878064180456}, "datetime": {"datetime": "2021-06-28 08:42:36", "elapsed": 1492.061771, "delta": 12.537568}}
{"target": -16.237633225073605, "params": {"C": 3.5913962442212974, "epsilon": 5.791851399287501, "gamma": 0.5429486914228071, "lamda": 1.959523296568164}, "datetime": {"datetime": "2021-06-28 08:42:37", "elapsed": 1493.565394, "delta": 1.503623}}
{"target": -20.747524878618027, "params": {"C": 7.719356146175597, "epsilon": 9.10942465010886, "gamma": 1.1747442130699493, "lamda": 0.362651657405787}, "datetime": {"datetime": "2021-06-28 08:42:39", "elapsed": 1495.581806, "delta": 2.016412}}
{"target": -71.44773165135538, "params": {"C": 2.4490196871693857, "epsilon": 8.5410251585272, "gamma": 0.013245575115555056, "lamda": 4.949397667481839}, "datetime": {"datetime": "2021-06-28 08:42:54", "elapsed": 1510.781622, "delta": 15.199816}}
{"target": -19.361695915141564, "params": {"C": 8.16063729838063, "epsilon": 8.737954638873061, "gamma": 0.9628953973269869, "lamda": 0.46835135568718345}, "datetime": {"datetime": "2021-06-28 08:42:56", "elapsed": 1512.320905, "delta": 1.539283}}
{"target": -32.31213040394161, "params": {"C": 6.937600453286649, "epsilon": 9.595766620599097, "gamma": 2.1891608580314843, "lamda": 8.377159873366178}, "datetime": {"datetime": "2021-06-28 08:43:21", "elapsed": 1537.328764, "delta": 25.007859}}
{"target": -33.05983794009775, "params": {"C": 4.32637562161178, "epsilon": 5.57440394204952, "gamma": 5.287923285985151, "lamda": 9.431787177594591}, "datetime": {"datetime": "2021-06-28 08:43:33", "elapsed": 1549.80288, "delta": 12.474116}}
{"target": -34.372214468695894, "params": {"C": 7.9807286771354935, "epsilon": 1.5025998482961689, "gamma": 8.121543283441365, "lamda": 8.035788279903265}, "datetime": {"datetime": "2021-06-28 08:43:45", "elapsed": 1561.476384, "delta": 11.673504}}
{"target": -32.27076151315517, "params": {"C": 7.874397232181708, "epsilon": 2.4661196905854075, "gamma": 7.014400016411126, "lamda": 1.7875324990709145}, "datetime": {"datetime": "2021-06-28 08:43:46", "elapsed": 1562.823708, "delta": 1.347324}}
{"target": -33.653073695188944, "params": {"C": 8.74835002727735, "epsilon": 3.9587838140573233, "gamma": 3.60383923928074, "lamda": 8.625559557609156}, "datetime": {"datetime": "2021-06-28 08:43:58", "elapsed": 1574.094349, "delta": 11.270641}}
{"target": -32.229359483547924, "params": {"C": 6.002650976565755, "epsilon": 8.5733523295845, "gamma": 3.895109988811766, "lamda": 1.1943225149217898}, "datetime": {"datetime": "2021-06-28 08:44:09", "elapsed": 1585.404294, "delta": 11.309945}}
{"target": -16.33230978688964, "params": {"C": 3.709288136734475, "epsilon": 5.946337730035781, "gamma": 0.5599969800542887, "lamda": 1.8895595403315026}, "datetime": {"datetime": "2021-06-28 08:44:11", "elapsed": 1587.207118, "delta": 1.802824}}
{"target": -27.873687695428416, "params": {"C": 4.880952086545453, "epsilon": 6.2309753177627005, "gamma": 3.302510263689775, "lamda": 1.4535208715804724}, "datetime": {"datetime": "2021-06-28 08:44:12", "elapsed": 1588.591734, "delta": 1.384616}}
{"target": -19.052759376215427, "params": {"C": 8.051550141051987, "epsilon": 9.390049602198824, "gamma": 0.9206347722191073, "lamda": 0.7763236755773327}, "datetime": {"datetime": "2021-06-28 08:44:13", "elapsed": 1589.921172, "delta": 1.329438}}
{"target": -15.728358408826576, "params": {"C": 3.1328568002154342, "epsilon": 5.7351337381804095, "gamma": 0.47276194217634127, "lamda": 0.8443688967571121}, "datetime": {"datetime": "2021-06-28 08:44:15", "elapsed": 1591.889207, "delta": 1.968035}}
{"target": -21.482751413445715, "params": {"C": 8.198598462770011, "epsilon": 9.235784801959818, "gamma": 1.3274107910244684, "lamda": 0.14798956564945182}, "datetime": {"datetime": "2021-06-28 08:44:19", "elapsed": 1595.044811, "delta": 3.155604}}
{"target": -32.6995782042858, "params": {"C": 4.72925690607641, "epsilon": 5.756299873648361, "gamma": 8.222598475353507, "lamda": 1.0148808865013048}, "datetime": {"datetime": "2021-06-28 08:44:20", "elapsed": 1596.464798, "delta": 1.419987}}
{"target": -20.63953188672731, "params": {"C": 3.8580799682680573, "epsilon": 5.531320974877081, "gamma": 1.03548000448182, "lamda": 1.9120795014629681}, "datetime": {"datetime": "2021-06-28 08:44:22", "elapsed": 1597.954931, "delta": 1.490133}}
{"target": -15.439888085377094, "params": {"C": 3.6250638727152626, "epsilon": 5.460390847561805, "gamma": 0.45124190166837075, "lamda": 0.7237845980138381}, "datetime": {"datetime": "2021-06-28 08:44:23", "elapsed": 1599.474439, "delta": 1.519508}}
{"target": -23.148411686741348, "params": {"C": 4.199308214789348, "epsilon": 5.494265062645983, "gamma": 1.5242949519141047, "lamda": 2.298516545529101}, "datetime": {"datetime": "2021-06-28 08:44:25", "elapsed": 1601.608874, "delta": 2.134435}}
{"target": -18.528752542476365, "params": {"C": 3.870860065455441, "epsilon": 5.473165577444243, "gamma": 0.7788361568736744, "lamda": 1.7487799260904213}, "datetime": {"datetime": "2021-06-28 08:44:27", "elapsed": 1603.662013, "delta": 2.053139}}
{"target": -16.85350010887264, "params": {"C": 3.653278593328584, "epsilon": 5.630070921594304, "gamma": 0.6152054451891763, "lamda": 0.7699535482946005}, "datetime": {"datetime": "2021-06-28 08:44:29", "elapsed": 1605.335169, "delta": 1.673156}}
{"target": -29.33901123576879, "params": {"C": 9.004980190775488, "epsilon": 3.8990786030514, "gamma": 4.282254870256665, "lamda": 3.088140128576783}, "datetime": {"datetime": "2021-06-28 08:44:30", "elapsed": 1606.778866, "delta": 1.443697}}
{"target": -16.04403843129594, "params": {"C": 4.068236855845339, "epsilon": 5.890513965055208, "gamma": 0.5329709677071413, "lamda": 1.4517546281345939}, "datetime": {"datetime": "2021-06-28 08:44:32", "elapsed": 1608.226857, "delta": 1.447991}}
{"target": -34.95251709856224, "params": {"C": 3.0216430239845744, "epsilon": 7.7128546654816645, "gamma": 0.7988201450764618, "lamda": 1.9896490730350134}, "datetime": {"datetime": "2021-06-28 08:44:44", "elapsed": 1620.176873, "delta": 11.950016}}
{"target": -20.881326855893978, "params": {"C": 8.456527379332124, "epsilon": 8.319802782243938, "gamma": 1.2089869229160415, "lamda": 0.2855719456425195}, "datetime": {"datetime": "2021-06-28 08:44:45", "elapsed": 1621.731619, "delta": 1.554746}}
{"target": -32.88839783659407, "params": {"C": 0.27467247862013117, "epsilon": 5.217862228919663, "gamma": 3.921683926396997, "lamda": 8.33354106794496}, "datetime": {"datetime": "2021-06-28 08:44:47", "elapsed": 1623.150102, "delta": 1.418483}}
{"target": -13.372644163737926, "params": {"C": 3.1465915429912457, "epsilon": 5.637209815190974, "gamma": 0.2266284655573507, "lamda": 1.3591245003577022}, "datetime": {"datetime": "2021-06-28 08:44:48", "elapsed": 1624.637954, "delta": 1.487852}}
{"target": -19.245807774153654, "params": {"C": 3.472315388926242, "epsilon": 5.6919039625639645, "gamma": 0.8499584695817566, "lamda": 1.1964694434639853}, "datetime": {"datetime": "2021-06-28 08:44:50", "elapsed": 1626.251033, "delta": 1.613079}}
{"target": -18.67501619991367, "params": {"C": 8.215949885185584, "epsilon": 9.101203573833532, "gamma": 0.8695274944935245, "lamda": 0.2107385824329992}, "datetime": {"datetime": "2021-06-28 08:44:52", "elapsed": 1627.986054, "delta": 1.735021}}
{"target": -18.93727151175396, "params": {"C": 8.107098838002862, "epsilon": 9.472824427850307, "gamma": 0.9075613218972564, "lamda": 0.7810590197342244}, "datetime": {"datetime": "2021-06-28 08:44:53", "elapsed": 1629.672248, "delta": 1.686194}}
{"target": -35.92945042739104, "params": {"C": 0.9689346347746259, "epsilon": 3.4434025798009937, "gamma": 0.7740702466091669, "lamda": 6.122637825345078}, "datetime": {"datetime": "2021-06-28 08:45:05", "elapsed": 1641.662333, "delta": 11.990085}}
{"target": -16.832850081430486, "params": {"C": 3.92802182675791, "epsilon": 5.798786412314228, "gamma": 0.6194714714649557, "lamda": 0.7312621836763795}, "datetime": {"datetime": "2021-06-28 08:45:07", "elapsed": 1643.221732, "delta": 1.559399}}
{"target": -32.07937546322955, "params": {"C": 3.169734010358912, "epsilon": 8.900445044448672, "gamma": 8.107648159881599, "lamda": 6.990631473418264}, "datetime": {"datetime": "2021-06-28 08:45:19", "elapsed": 1655.067816, "delta": 11.846084}}
{"target": -32.33093211451458, "params": {"C": 3.1673556747506537, "epsilon": 8.258250497219871, "gamma": 3.3178811414417786, "lamda": 3.8106301092488404}, "datetime": {"datetime": "2021-06-28 08:45:31", "elapsed": 1667.650452, "delta": 12.582636}}
{"target": -49.43392324189337, "params": {"C": 3.2794095996262262, "epsilon": 5.605346126730334, "gamma": 0.2074896389193314, "lamda": 1.1978045074990462}, "datetime": {"datetime": "2021-06-28 08:45:42", "elapsed": 1678.865131, "delta": 11.214679}}
{"target": -24.13709973599946, "params": {"C": 4.452855538721218, "epsilon": 3.094057892363961, "gamma": 1.7263750781253853, "lamda": 3.372957970493727}, "datetime": {"datetime": "2021-06-28 08:45:44", "elapsed": 1680.322959, "delta": 1.457828}}
{"target": -15.462740826835681, "params": {"C": 3.8113000361353158, "epsilon": 5.224035804102332, "gamma": 0.45333270903207207, "lamda": 0.7687439154220564}, "datetime": {"datetime": "2021-06-28 08:45:46", "elapsed": 1682.264335, "delta": 1.941376}}
{"target": -17.636455269033117, "params": {"C": 3.7101127613159335, "epsilon": 5.885012359099857, "gamma": 0.694495084818713, "lamda": 1.953663526311663}, "datetime": {"datetime": "2021-06-28 08:45:47", "elapsed": 1683.921117, "delta": 1.656782}}
{"target": -19.85423505644033, "params": {"C": 3.620524341371915, "epsilon": 5.891396811553986, "gamma": 0.925330985018183, "lamda": 1.4860955800943894}, "datetime": {"datetime": "2021-06-28 08:45:49", "elapsed": 1685.594781, "delta": 1.673664}}
{"target": -32.68757370770363, "params": {"C": 9.69304857605338, "epsilon": 9.697727469367946, "gamma": 1.1715129749725586, "lamda": 3.5027035025208177}, "datetime": {"datetime": "2021-06-28 08:46:00", "elapsed": 1696.184089, "delta": 10.589308}}
{"target": -34.32464841967071, "params": {"C": 8.705413828765412, "epsilon": 4.064280284190744, "gamma": 1.7627450592520828, "lamda": 5.667475648576714}, "datetime": {"datetime": "2021-06-28 08:46:12", "elapsed": 1707.966496, "delta": 11.782407}}
{"target": -29.332367983669826, "params": {"C": 0.9485479566136523, "epsilon": 2.096976037121573, "gamma": 2.410998937860336, "lamda": 2.62919893654369}, "datetime": {"datetime": "2021-06-28 08:46:13", "elapsed": 1709.771033, "delta": 1.804537}}
{"target": -20.512849597625234, "params": {"C": 8.161738691427425, "epsilon": 9.0744076876165, "gamma": 1.1436243317705201, "lamda": 0.3179983883470716}, "datetime": {"datetime": "2021-06-28 08:46:16", "elapsed": 1712.111035, "delta": 2.340002}}
{"target": -22.218811710712476, "params": {"C": 8.538721219166483, "epsilon": 8.804398078861858, "gamma": 1.4799274205340645, "lamda": 0.4732602229652718}, "datetime": {"datetime": "2021-06-28 08:46:18", "elapsed": 1714.167032, "delta": 2.055997}}
{"target": -15.044787973178808, "params": {"C": 3.3460581452232274, "epsilon": 5.525347132521488, "gamma": 0.3916508555577659, "lamda": 1.8112378146715342}, "datetime": {"datetime": "2021-06-28 08:46:20", "elapsed": 1716.218655, "delta": 2.051623}}
{"target": -20.1903700046807, "params": {"C": 7.96340818524078, "epsilon": 9.629951002943258, "gamma": 1.089903197767318, "lamda": 0.2513311351155598}, "datetime": {"datetime": "2021-06-28 08:46:21", "elapsed": 1717.785851, "delta": 1.567196}}
{"target": -31.98411727917496, "params": {"C": 5.373838489033499, "epsilon": 9.131120030774836, "gamma": 5.217305056386485, "lamda": 2.6505070160970985}, "datetime": {"datetime": "2021-06-28 08:46:32", "elapsed": 1728.850873, "delta": 11.065022}}
{"target": -37.26036882138143, "params": {"C": 9.356137875178856, "epsilon": 5.023946236197444, "gamma": 0.5798125676149589, "lamda": 3.2228695131641834}, "datetime": {"datetime": "2021-06-28 08:46:43", "elapsed": 1739.354266, "delta": 10.503393}}
{"target": -32.99513063335543, "params": {"C": 5.473683411001255, "epsilon": 5.541235557083778, "gamma": 4.719357151763532, "lamda": 7.506722923955901}, "datetime": {"datetime": "2021-06-28 08:46:54", "elapsed": 1750.059263, "delta": 10.704997}}
{"target": -16.314019125773697, "params": {"C": 3.483014036556042, "epsilon": 5.7490808825475055, "gamma": 0.5501171538413041, "lamda": 1.4271432879630876}, "datetime": {"datetime": "2021-06-28 08:46:55", "elapsed": 1751.762333, "delta": 1.70307}}
{"target": -15.862436238090902, "params": {"C": 3.4793478560922964, "epsilon": 6.032185137081375, "gamma": 0.5021306525013471, "lamda": 1.4611602260828092}, "datetime": {"datetime": "2021-06-28 08:46:57", "elapsed": 1753.379761, "delta": 1.617428}}
{"target": -32.26034214535436, "params": {"C": 4.535242344610176, "epsilon": 7.928296822750835, "gamma": 7.820405630371003, "lamda": 3.6620270527314163}, "datetime": {"datetime": "2021-06-28 08:46:59", "elapsed": 1754.942515, "delta": 1.562754}}
{"target": -18.594605294732027, "params": {"C": 3.8386356345263386, "epsilon": 5.603401698167905, "gamma": 0.7876518150324155, "lamda": 1.683497372006394}, "datetime": {"datetime": "2021-06-28 08:47:00", "elapsed": 1756.751253, "delta": 1.808738}}
{"target": -33.63330265093979, "params": {"C": 6.82521470177038, "epsilon": 3.828848251840327, "gamma": 5.36305826026609, "lamda": 7.082385835684769}, "datetime": {"datetime": "2021-06-28 08:47:12", "elapsed": 1768.115474, "delta": 11.364221}}
{"target": -13.866463612565635, "params": {"C": 3.4504123759160596, "epsilon": 5.473274921741308, "gamma": 0.2701813942126861, "lamda": 1.7513865174133507}, "datetime": {"datetime": "2021-06-28 08:47:14", "elapsed": 1770.243194, "delta": 2.12772}}
{"target": -23.250953125566554, "params": {"C": 8.432066464150056, "epsilon": 6.793529611005, "gamma": 1.7263703598863436, "lamda": 4.000683783724988}, "datetime": {"datetime": "2021-06-28 08:47:15", "elapsed": 1771.850818, "delta": 1.607624}}
{"target": -16.993450339454814, "params": {"C": 3.759538264899275, "epsilon": 5.640061515963074, "gamma": 0.6324099006787485, "lamda": 1.938363099175428}, "datetime": {"datetime": "2021-06-28 08:47:18", "elapsed": 1774.132418, "delta": 2.2816}}
{"target": -15.826314870752455, "params": {"C": 3.933695345195133, "epsilon": 5.94661591019743, "gamma": 0.5050081838383985, "lamda": 2.2006766812714766}, "datetime": {"datetime": "2021-06-28 08:47:20", "elapsed": 1776.662056, "delta": 2.529638}}
{"target": -14.227453670397164, "params": {"C": 3.273875140960801, "epsilon": 6.013010699589837, "gamma": 0.3022524402264452, "lamda": 1.4083230009916714}, "datetime": {"datetime": "2021-06-28 08:47:22", "elapsed": 1778.476611, "delta": 1.814555}}
{"target": -32.836618734050724, "params": {"C": 4.840601343675683, "epsilon": 7.608823314257945, "gamma": 1.3292285834822417, "lamda": 2.0485962119702106}, "datetime": {"datetime": "2021-06-28 08:47:32", "elapsed": 1788.846562, "delta": 10.369951}}
{"target": -60.03967787039208, "params": {"C": 2.5604298277451867, "epsilon": 7.231212485077365, "gamma": 0.010056043660498995, "lamda": 0.913974392169201}, "datetime": {"datetime": "2021-06-28 09:30:47", "elapsed": 0.0, "delta": 0.0}}
{"target": -81.302795663416, "params": {"C": 0.965859755820967, "epsilon": 1.0141520882110984, "gamma": 0.10126750357505873, "lamda": 1.0432265738587128}, "datetime": {"datetime": "2021-06-28 09:30:57", "elapsed": 9.990596, "delta": 9.990596}}
{"target": -48.023011184924776, "params": {"C": 2.4409280979609527, "epsilon": 5.434285666633234, "gamma": 0.21540531205761446, "lamda": 2.0588063061863107}, "datetime": {"datetime": "2021-06-28 09:31:07", "elapsed": 20.602394, "delta": 10.611798}}
{"target": -90.03850517854299, "params": {"C": 1.306268273415953, "epsilon": 8.79336262027036, "gamma": 0.02341992066698382, "lamda": 2.0146978554334227}, "datetime": {"datetime": "2021-06-28 09:31:16", "elapsed": 29.701912, "delta": 9.099518}}
{"target": -95.42334015232868, "params": {"C": 2.5620983339660492, "epsilon": 5.631029301612942, "gamma": 0.07878959991166454, "lamda": 0.6023234523637876}, "datetime": {"datetime": "2021-06-28 09:31:31", "elapsed": 44.299606, "delta": 14.597694}}
{"target": -55.926807654107215, "params": {"C": 4.824392955185666, "epsilon": 9.685789599622035, "gamma": 0.163577847298029, "lamda": 2.080044620851249}, "datetime": {"datetime": "2021-06-28 09:31:40", "elapsed": 53.5172, "delta": 9.217594}}
{"target": -95.56229410672434, "params": {"C": 5.270695998546626, "epsilon": 8.956605968688088, "gamma": 0.05167166357119118, "lamda": 0.12677380186631826}, "datetime": {"datetime": "2021-06-28 09:31:49", "elapsed": 62.717105, "delta": 9.199905}}
{"target": -97.94257998680621, "params": {"C": 1.1019994754309568, "epsilon": 8.79361078395119, "gamma": 0.058189948578194546, "lamda": 1.2691117987651062}, "datetime": {"datetime": "2021-06-28 09:31:58", "elapsed": 71.676228, "delta": 8.959123}}
{"target": -14.306983441899245, "params": {"C": 5.7515482278879615, "epsilon": 5.378336321232869, "gamma": 0.34901978583573195, "lamda": 0.9533917367081283}, "datetime": {"datetime": "2021-06-28 09:31:59", "elapsed": 72.018895, "delta": 0.342667}}
{"target": -81.79897747649785, "params": {"C": 4.150355473321343, "epsilon": 8.362794151783993, "gamma": 0.018961255898653984, "lamda": 2.2529315016854525}, "datetime": {"datetime": "2021-06-28 09:32:08", "elapsed": 81.369342, "delta": 9.350447}}
{"target": -60.66467409006916, "params": {"C": 5.9342804245483185, "epsilon": 7.50683997836041, "gamma": 0.14741755611155855, "lamda": 2.3699451920699506}, "datetime": {"datetime": "2021-06-28 09:32:23", "elapsed": 95.800464, "delta": 14.431122}}
{"target": -19.84483649173989, "params": {"C": 0.709033438808088, "epsilon": 4.534145909141461, "gamma": 0.45521179651561683, "lamda": 0.8879063036373017}, "datetime": {"datetime": "2021-06-28 09:32:23", "elapsed": 96.191733, "delta": 0.391269}}
{"target": -86.21860667672692, "params": {"C": 1.7978744976594578, "epsilon": 1.3872828639709491, "gamma": 0.019489809356445564, "lamda": 2.039718243490274}, "datetime": {"datetime": "2021-06-28 09:32:37", "elapsed": 110.102874, "delta": 13.911141}}
{"target": -15.383749687911868, "params": {"C": 1.3486058844003486, "epsilon": 2.7289119277850395, "gamma": 0.25087084804736576, "lamda": 0.16955400990007036}, "datetime": {"datetime": "2021-06-28 09:32:37", "elapsed": 110.449164, "delta": 0.34629}}
{"target": -14.540620667571458, "params": {"C": 3.4872938724028772, "epsilon": 1.5526128915675206, "gamma": 0.2987597130826093, "lamda": 2.1022774964625843}, "datetime": {"datetime": "2021-06-28 09:32:37", "elapsed": 110.765253, "delta": 0.316089}}
{"target": -18.77123355533338, "params": {"C": 0.7037731300841725, "epsilon": 4.199154279413726, "gamma": 0.3502560772865951, "lamda": 1.248396015885439}, "datetime": {"datetime": "2021-06-28 09:32:38", "elapsed": 111.104306, "delta": 0.339053}}
{"target": -20.569878702131987, "params": {"C": 0.39472540778191423, "epsilon": 5.405374418563564, "gamma": 0.3352593761576965, "lamda": 1.5495184450543427}, "datetime": {"datetime": "2021-06-28 09:32:38", "elapsed": 111.436261, "delta": 0.331955}}
{"target": -15.127838973987625, "params": {"C": 5.673109060345799, "epsilon": 5.906894900969729, "gamma": 0.45266693849106293, "lamda": 0.42104936539725024}, "datetime": {"datetime": "2021-06-28 09:32:38", "elapsed": 111.766136, "delta": 0.329875}}
{"target": -15.15089832417506, "params": {"C": 0.9217304487794754, "epsilon": 8.093173758224285, "gamma": 0.20486165012291147, "lamda": 0.504409049379629}, "datetime": {"datetime": "2021-06-28 09:32:39", "elapsed": 112.083233, "delta": 0.317097}}
{"target": -39.57760220635535, "params": {"C": 5.5723006243366, "epsilon": 3.5428820114805153, "gamma": 0.3778979305367162, "lamda": 2.1807339761978497}, "datetime": {"datetime": "2021-06-28 09:32:47", "elapsed": 120.731132, "delta": 8.647899}}
{"target": -14.62468544437968, "params": {"C": 5.71586451247946, "epsilon": 5.62279245159018, "gamma": 0.39778759595444946, "lamda": 0.7044845288576991}, "datetime": {"datetime": "2021-06-28 09:32:48", "elapsed": 121.401542, "delta": 0.67041}}
{"target": -15.636117841381028, "params": {"C": 0.890761246150494, "epsilon": 8.00288304508036, "gamma": 0.22521421317187473, "lamda": 0.39619910925776186}, "datetime": {"datetime": "2021-06-28 09:32:49", "elapsed": 122.111567, "delta": 0.710025}}
{"target": -14.429823353216689, "params": {"C": 5.737976279290627, "epsilon": 5.462335836265328, "gamma": 0.36569102679559773, "lamda": 0.8677911666920903}, "datetime": {"datetime": "2021-06-28 09:32:50", "elapsed": 122.858373, "delta": 0.746806}}
{"target": -14.875339500078722, "params": {"C": 5.588616551306481, "epsilon": 5.7988633785238495, "gamma": 0.4272943371424711, "lamda": 0.5420075116563025}, "datetime": {"datetime": "2021-06-28 09:32:50", "elapsed": 123.459392, "delta": 0.601019}}
{"target": -14.890346816717651, "params": {"C": 5.722698738483917, "epsilon": 5.77714841157223, "gamma": 0.4300081710722688, "lamda": 0.5416553844987781}, "datetime": {"datetime": "2021-06-28 09:32:51", "elapsed": 124.255144, "delta": 0.795752}}
