{"target": -11.760043059206074, "params": {"C": 3.9001987002059813, "epsilon": 3.505591285864805, "gamma": 0.029536603438313914, "lamda": 0.21130546637844402}, "datetime": {"datetime": "2021-06-28 11:57:30", "elapsed": 1967.847133, "delta": 1.209771}}
{"target": -89.4482031821276, "params": {"C": 5.788715894861804, "epsilon": 9.88386939477294, "gamma": 0.07482299045380512, "lamda": 0.30470915556924644}, "datetime": {"datetime": "2021-06-28 11:57:40", "elapsed": 1977.43174, "delta": 9.584607}}
{"target": -103.97183219084111, "params": {"C": 10.048719613058065, "epsilon": 6.941097524937959, "gamma": 0.037351372173364615, "lamda": 0.575674223782382}, "datetime": {"datetime": "2021-06-28 11:57:50", "elapsed": 1987.711566, "delta": 10.279826}}
{"target": -70.23751111112068, "params": {"C": 8.746612946099841, "epsilon": 7.60807816556888, "gamma": 0.13366439172024766, "lamda": 0.2975606166587877}, "datetime": {"datetime": "2021-06-28 11:58:00", "elapsed": 1997.801671, "delta": 10.090105}}
{"target": -12.730671645232485, "params": {"C": 5.453233297609757, "epsilon": 3.8649837816507495, "gamma": 0.1769159979385816, "lamda": 0.29591104967885246}, "datetime": {"datetime": "2021-06-28 11:58:01", "elapsed": 1999.033669, "delta": 1.231998}}
{"target": -12.289325337261863, "params": {"C": 9.227436903733771, "epsilon": 5.525196613966268, "gamma": 0.13107442939962352, "lamda": 0.2336823466168661}, "datetime": {"datetime": "2021-06-28 11:58:03", "elapsed": 2000.360669, "delta": 1.327}}
{"target": -13.209618187823008, "params": {"C": 1.8375802838444089, "epsilon": 8.700194169176754, "gamma": 0.198176694915941, "lamda": 0.07056020101084533}, "datetime": {"datetime": "2021-06-28 11:58:04", "elapsed": 2001.598708, "delta": 1.238039}}
{"target": -90.27367062541862, "params": {"C": 10.047517553938507, "epsilon": 8.040608083090467, "gamma": 0.0749190470209922, "lamda": 0.575890164651824}, "datetime": {"datetime": "2021-06-28 11:58:13", "elapsed": 2010.917582, "delta": 9.318874}}
{"target": -75.77103731792639, "params": {"C": 11.541882168241797, "epsilon": 3.484496190059302, "gamma": 0.09580101578209876, "lamda": 0.36008162447341435}, "datetime": {"datetime": "2021-06-28 11:58:23", "elapsed": 2020.476761, "delta": 9.559179}}
{"target": -64.055306901107, "params": {"C": 6.252933726219725, "epsilon": 9.841772627005435, "gamma": 0.15757322505028779, "lamda": 0.4101405904371602}, "datetime": {"datetime": "2021-06-28 11:58:38", "elapsed": 2035.860471, "delta": 15.38371}}
{"target": -12.374168726286827, "params": {"C": 2.5334655994102664, "epsilon": 4.472028033213786, "gamma": 0.13139890191167033, "lamda": 0.24544241926637161}, "datetime": {"datetime": "2021-06-28 11:58:39", "elapsed": 2037.097993, "delta": 1.237522}}
{"target": -87.9711772949724, "params": {"C": 11.169930062854622, "epsilon": 1.7794175640816454, "gamma": 0.08019037913566522, "lamda": 0.31172003167324797}, "datetime": {"datetime": "2021-06-28 11:58:54", "elapsed": 2052.247959, "delta": 15.149966}}
{"target": -93.53611614489876, "params": {"C": 3.0260756626298413, "epsilon": 9.471669851316049, "gamma": 0.056946680631075025, "lamda": 0.3821490981605357}, "datetime": {"datetime": "2021-06-28 11:59:12", "elapsed": 2069.35952, "delta": 17.111561}}
{"target": -91.01712790911932, "params": {"C": 10.81407995512101, "epsilon": 8.119545303740905, "gamma": 0.07099154252822919, "lamda": 0.2326371443301051}, "datetime": {"datetime": "2021-06-28 11:59:21", "elapsed": 2078.750677, "delta": 9.391157}}
{"target": -67.93087591685355, "params": {"C": 7.795948878084919, "epsilon": 9.193711793493149, "gamma": 0.12745433459614575, "lamda": 0.4131210938339663}, "datetime": {"datetime": "2021-06-28 11:59:30", "elapsed": 2087.83004, "delta": 9.079363}}
{"target": -68.4062361738925, "params": {"C": 9.46749681408721, "epsilon": 4.621951891269451, "gamma": 0.1317468906152612, "lamda": 0.46414879402656634}, "datetime": {"datetime": "2021-06-28 11:59:39", "elapsed": 2097.100985, "delta": 9.270945}}
{"target": -99.35168352271226, "params": {"C": 7.471050131630961, "epsilon": 8.780951632339006, "gamma": 0.03937298191840726, "lamda": 0.41827397043387976}, "datetime": {"datetime": "2021-06-28 11:59:49", "elapsed": 2106.655352, "delta": 9.554367}}
{"target": -73.31246583756335, "params": {"C": 1.388668437494333, "epsilon": 5.594976574687135, "gamma": 0.10750266054242842, "lamda": 0.36597300979256264}, "datetime": {"datetime": "2021-06-28 11:59:58", "elapsed": 2116.272972, "delta": 9.61762}}
{"target": -74.20708578722899, "params": {"C": 8.449229436714841, "epsilon": 7.341635876858733, "gamma": 0.11589662487633035, "lamda": 0.4061300588385025}, "datetime": {"datetime": "2021-06-28 12:00:07", "elapsed": 2124.972514, "delta": 8.699542}}
{"target": -12.545657633906792, "params": {"C": 5.248049647304781, "epsilon": 0.37985037691570234, "gamma": 0.1505572445417205, "lamda": 0.2554391011656203}, "datetime": {"datetime": "2021-06-28 12:00:08", "elapsed": 2126.170119, "delta": 1.197605}}
{"target": -54.86234798727977, "params": {"C": 7.00320189000231, "epsilon": 9.02690509626726, "gamma": 0.19536235684456302, "lamda": 0.46272249198000853}, "datetime": {"datetime": "2021-06-28 12:00:18", "elapsed": 2136.075824, "delta": 9.905705}}
{"target": -66.22156832288863, "params": {"C": 4.880570950462242, "epsilon": 8.247452608692292, "gamma": 0.12306337406514552, "lamda": 0.45462040002984255}, "datetime": {"datetime": "2021-06-28 12:00:29", "elapsed": 2147.016083, "delta": 10.940259}}
{"target": -87.49459670442849, "params": {"C": 8.596919866086079, "epsilon": 3.94895603159906, "gamma": 0.034795699148723686, "lamda": 0.32240583637348424}, "datetime": {"datetime": "2021-06-28 12:00:40", "elapsed": 2157.453489, "delta": 10.437406}}
{"target": -87.95189193150414, "params": {"C": 3.502531145223202, "epsilon": 9.864748352975427, "gamma": 0.09317197937950346, "lamda": 0.5835265123540265}, "datetime": {"datetime": "2021-06-28 12:00:50", "elapsed": 2167.587171, "delta": 10.133682}}
{"target": -86.15018948889507, "params": {"C": 10.41334292466454, "epsilon": 1.4482891192557483, "gamma": 0.07842071695746848, "lamda": 0.09972060555271614}, "datetime": {"datetime": "2021-06-28 12:01:06", "elapsed": 2184.126317, "delta": 16.539146}}
{"target": -94.01851264714013, "params": {"C": 10.635374624508541, "epsilon": 7.784980038264576, "gamma": 0.061512294929263835, "lamda": 0.45338577896352145}, "datetime": {"datetime": "2021-06-28 12:01:18", "elapsed": 2195.968656, "delta": 11.842339}}
{"target": -96.14732114688877, "params": {"C": 6.655432841031603, "epsilon": 7.056730665579243, "gamma": 0.05598022282482507, "lamda": 0.42994047826167403}, "datetime": {"datetime": "2021-06-28 12:01:26", "elapsed": 2203.699566, "delta": 7.73091}}
{"target": -64.87730765676183, "params": {"C": 10.565443578071308, "epsilon": 8.39619231900296, "gamma": 0.13903213807662224, "lamda": 0.17647566907571624}, "datetime": {"datetime": "2021-06-28 12:01:37", "elapsed": 2215.207974, "delta": 11.508408}}
{"target": -12.80239470971475, "params": {"C": 10.721962032960011, "epsilon": 5.220391750635939, "gamma": 0.16247080499238573, "lamda": 0.26566737606506174}, "datetime": {"datetime": "2021-06-28 12:01:39", "elapsed": 2216.636716, "delta": 1.428742}}
{"target": -11.153328767239302, "params": {"C": 10.862775530468952, "epsilon": 9.430518788527934, "gamma": 0.08960556746915786, "lamda": 0.015268915681302266}, "datetime": {"datetime": "2021-06-28 12:01:40", "elapsed": 2217.952962, "delta": 1.316246}}
{"target": -11.917809114955265, "params": {"C": 4.034754384326923, "epsilon": 1.6930562675298513, "gamma": 0.02742267120774669, "lamda": 0.525199803824896}, "datetime": {"datetime": "2021-06-28 12:01:42", "elapsed": 2219.432831, "delta": 1.479869}}
{"target": -11.981112905700616, "params": {"C": 1.4376093588319694, "epsilon": 9.454604630365425, "gamma": 0.0889097609856757, "lamda": 0.12597852408734253}, "datetime": {"datetime": "2021-06-28 12:01:43", "elapsed": 2220.914234, "delta": 1.481403}}
{"target": -62.186114739299214, "params": {"C": 11.213206368584363, "epsilon": 7.627734035923911, "gamma": 0.16255047799344785, "lamda": 0.5961832452525481}, "datetime": {"datetime": "2021-06-28 12:01:53", "elapsed": 2231.179657, "delta": 10.265423}}
{"target": -12.53449059103167, "params": {"C": 3.6100218746326505, "epsilon": 8.5410251585272, "gamma": 0.010061727654850397, "lamda": 0.2990045074559884}, "datetime": {"datetime": "2021-06-28 12:01:55", "elapsed": 2232.572837, "delta": 1.39318}}
{"target": -11.885763292613111, "params": {"C": 9.656756232557921, "epsilon": 6.9414098094823045, "gamma": 0.11565364051866645, "lamda": 0.12676082287296458}, "datetime": {"datetime": "2021-06-28 12:01:57", "elapsed": 2235.061736, "delta": 2.488899}}
{"target": -11.540054967945709, "params": {"C": 3.5695449654652553, "epsilon": 0.6260941406655767, "gamma": 0.06207089900634633, "lamda": 0.0776359188302033}, "datetime": {"datetime": "2021-06-28 12:02:00", "elapsed": 2238.205787, "delta": 3.144051}}
{"target": -76.1858226312967, "params": {"C": 5.695972912901979, "epsilon": 5.57440394204952, "gamma": 0.11038092335707494, "lamda": 0.5661368115940212}, "datetime": {"datetime": "2021-06-28 12:02:11", "elapsed": 2248.523404, "delta": 10.317617}}
{"target": -10.98200350769031, "params": {"C": 7.206833202434293, "epsilon": 8.705872814767948, "gamma": 0.027870333365228234, "lamda": 0.031168234888337844}, "datetime": {"datetime": "2021-06-28 12:02:13", "elapsed": 2250.857554, "delta": 2.33415}}
{"target": -12.72357809432719, "params": {"C": 9.638219146868563, "epsilon": 2.4661196905854075, "gamma": 0.14321681712894035, "lamda": 0.11057011863149893}, "datetime": {"datetime": "2021-06-28 12:02:15", "elapsed": 2252.409305, "delta": 1.551751}}
{"target": -90.93175165739325, "params": {"C": 10.609277808085945, "epsilon": 3.9587838140573233, "gamma": 0.07835129684317724, "lamda": 0.5180889029282224}, "datetime": {"datetime": "2021-06-28 12:02:31", "elapsed": 2268.589351, "delta": 16.180046}}
{"target": -85.67237142834504, "params": {"C": 7.558501085073062, "epsilon": 8.5733523295845, "gamma": 0.08389098076819175, "lamda": 0.07521720038422786}, "datetime": {"datetime": "2021-06-28 12:02:41", "elapsed": 2278.858567, "delta": 10.269216}}
{"target": -12.29423856980342, "params": {"C": 11.139935475457353, "epsilon": 3.122589816453993, "gamma": 0.11306298872708526, "lamda": 0.07857558712707481}, "datetime": {"datetime": "2021-06-28 12:02:44", "elapsed": 2281.973749, "delta": 3.115182}}
{"target": -93.54511207972317, "params": {"C": 6.312168985050503, "epsilon": 6.2309753177627005, "gamma": 0.07262031532543116, "lamda": 0.09066437517499783}, "datetime": {"datetime": "2021-06-28 12:02:51", "elapsed": 2289.062442, "delta": 7.088693}}
{"target": -94.87865605351526, "params": {"C": 10.899168422740484, "epsilon": 6.690960882505613, "gamma": 0.05538142975579752, "lamda": 0.552754661414255}, "datetime": {"datetime": "2021-06-28 12:02:58", "elapsed": 2295.960999, "delta": 6.898557}}
{"target": -11.955917524840029, "params": {"C": 4.870676458398263, "epsilon": 4.179930099832617, "gamma": 0.01746435696510207, "lamda": 0.13914720940037373}, "datetime": {"datetime": "2021-06-28 12:03:02", "elapsed": 2299.758264, "delta": 3.797265}}
{"target": -11.452859132230376, "params": {"C": 4.755109537687327, "epsilon": 8.18657485970568, "gamma": 0.11196252156688292, "lamda": 0.07117694949426236}, "datetime": {"datetime": "2021-06-28 12:03:06", "elapsed": 2303.896612, "delta": 4.138348}}
{"target": -12.53749668391679, "params": {"C": 6.143618784529345, "epsilon": 5.756299873648361, "gamma": 0.16619556659831497, "lamda": 0.06452320434704746}, "datetime": {"datetime": "2021-06-28 12:03:07", "elapsed": 2305.291576, "delta": 1.394964}}
{"target": -10.895919652547715, "params": {"C": 8.918859125126103, "epsilon": 2.939190964323153, "gamma": 0.05736796080588066, "lamda": 0.11107231531168141}, "datetime": {"datetime": "2021-06-28 12:03:11", "elapsed": 2308.429521, "delta": 3.137945}}
{"target": -11.492629731717734, "params": {"C": 4.752974396871574, "epsilon": 8.188755187328473, "gamma": 0.11392754357309333, "lamda": 0.07338881846524563}, "datetime": {"datetime": "2021-06-28 12:03:13", "elapsed": 2310.960726, "delta": 2.531205}}
{"target": -12.154216528705552, "params": {"C": 4.959577958907315, "epsilon": 5.117111994576959, "gamma": 0.14887599095464332, "lamda": 0.3155601122713676}, "datetime": {"datetime": "2021-06-28 12:03:17", "elapsed": 2314.606467, "delta": 3.645741}}
{"target": -11.150228216943145, "params": {"C": 8.11123289458813, "epsilon": 0.6507353231783471, "gamma": 0.0351005414625695, "lamda": 0.5235203242260327}, "datetime": {"datetime": "2021-06-28 12:03:20", "elapsed": 2317.65783, "delta": 3.051363}}
{"target": -11.297019523014002, "params": {"C": 7.201795458923614, "epsilon": 8.694499670971275, "gamma": 0.02258118899303898, "lamda": 0.04270091343565375}, "datetime": {"datetime": "2021-06-28 12:03:22", "elapsed": 2320.189539, "delta": 2.531709}}
{"target": -79.50240837238395, "params": {"C": 10.894422434194986, "epsilon": 3.8990786030514, "gamma": 0.09125409663150814, "lamda": 0.18808107836972746}, "datetime": {"datetime": "2021-06-28 12:03:33", "elapsed": 2330.40231, "delta": 10.212771}}
{"target": -11.576976172818469, "params": {"C": 3.0574164734802762, "epsilon": 4.118557346586961, "gamma": 0.05271995172306439, "lamda": 0.27158367296011793}, "datetime": {"datetime": "2021-06-28 12:03:36", "elapsed": 2333.670022, "delta": 3.267712}}
{"target": -11.4634713725122, "params": {"C": 4.246270026649526, "epsilon": 7.7128546654816645, "gamma": 0.025002585341794566, "lamda": 0.12261544980713714}, "datetime": {"datetime": "2021-06-28 12:03:37", "elapsed": 2335.188336, "delta": 1.518314}}
{"target": -11.915555928382815, "params": {"C": 4.035349699087588, "epsilon": 1.6898470396817777, "gamma": 0.027933965296785435, "lamda": 0.5228519823722393}, "datetime": {"datetime": "2021-06-28 12:03:41", "elapsed": 2338.726875, "delta": 3.538539}}
{"target": -11.12517006203862, "params": {"C": 5.592004284371261, "epsilon": 5.632796840492944, "gamma": 0.03615191004230364, "lamda": 0.12382338563718151}, "datetime": {"datetime": "2021-06-28 12:03:44", "elapsed": 2341.716365, "delta": 2.98949}}
{"target": -73.69824614912976, "params": {"C": 3.005605174133712, "epsilon": 4.702931420928764, "gamma": 0.10214510925842009, "lamda": 0.1594276236454054}, "datetime": {"datetime": "2021-06-28 12:03:56", "elapsed": 2353.906976, "delta": 12.190611}}
{"target": -11.603296229451814, "params": {"C": 3.7151367169203215, "epsilon": 0.36666125819972617, "gamma": 0.05426625862321734, "lamda": 0.04118960997199789}, "datetime": {"datetime": "2021-06-28 12:03:58", "elapsed": 2355.723984, "delta": 1.817008}}
{"target": -11.674337977761107, "params": {"C": 3.906462653676985, "epsilon": 1.1755076596738305, "gamma": 0.04349623041063255, "lamda": 0.14820794157259054}, "datetime": {"datetime": "2021-06-28 12:04:00", "elapsed": 2357.546479, "delta": 1.822495}}
{"target": -12.766118168798535, "params": {"C": 6.143058512380605, "epsilon": 5.746176710248707, "gamma": 0.18474637049068826, "lamda": 0.06321414841870773}, "datetime": {"datetime": "2021-06-28 12:04:02", "elapsed": 2359.581175, "delta": 2.034696}}
{"target": -12.643824053054715, "params": {"C": 1.9654829275273622, "epsilon": 3.4434025798009937, "gamma": 0.0245318665521263, "lamda": 0.3689248805003632}, "datetime": {"datetime": "2021-06-28 12:04:03", "elapsed": 2361.111142, "delta": 1.529967}}
{"target": -61.36508084645062, "params": {"C": 5.742521674383862, "epsilon": 9.262581649648475, "gamma": 0.1291284013628354, "lamda": 0.07004171174816988}, "datetime": {"datetime": "2021-06-28 12:04:14", "elapsed": 2371.741759, "delta": 10.630617}}
{"target": -12.6583831873061, "params": {"C": 9.250636513805691, "epsilon": 5.535151935994846, "gamma": 0.15314652526163527, "lamda": 0.2523403599409321}, "datetime": {"datetime": "2021-06-28 12:04:16", "elapsed": 2373.587333, "delta": 1.845574}}
{"target": -86.65695218324873, "params": {"C": 4.40817297194517, "epsilon": 8.258250497219871, "gamma": 0.07291265434173554, "lamda": 0.231138562066345}, "datetime": {"datetime": "2021-06-28 12:04:26", "elapsed": 2383.67343, "delta": 10.086097}}
{"target": -53.77462875184199, "params": {"C": 9.334385924228217, "epsilon": 8.028000886499756, "gamma": 0.16995951324035424, "lamda": 0.08825209468576506}, "datetime": {"datetime": "2021-06-28 12:04:36", "elapsed": 2394.16495, "delta": 10.49152}}
{"target": -10.892662641455999, "params": {"C": 8.936932976709151, "epsilon": 2.9440817248960824, "gamma": 0.034747148727362134, "lamda": 0.1253934097086299}, "datetime": {"datetime": "2021-06-28 12:04:39", "elapsed": 2396.881766, "delta": 2.716816}}
{"target": -94.11779322948547, "params": {"C": 8.802310858622455, "epsilon": 5.765205612456037, "gamma": 0.03247042572862647, "lamda": 0.21689178881054821}, "datetime": {"datetime": "2021-06-28 12:04:49", "elapsed": 2406.763877, "delta": 9.882111}}
{"target": -11.83379291651541, "params": {"C": 5.2377599055895905, "epsilon": 4.585337871470813, "gamma": 0.12636015270807932, "lamda": 0.14310886206952325}, "datetime": {"datetime": "2021-06-28 12:04:51", "elapsed": 2409.180079, "delta": 2.416202}}
{"target": -90.1976919743842, "params": {"C": 1.0901555286952984, "epsilon": 6.422669558283022, "gamma": 0.08234288972187828, "lamda": 0.2924074791953963}, "datetime": {"datetime": "2021-06-28 12:05:06", "elapsed": 2424.141207, "delta": 14.961128}}
{"target": -12.783848801580497, "params": {"C": 11.785798381353924, "epsilon": 2.7685641346639827, "gamma": 0.14170209372005538, "lamda": 0.265831509994239}, "datetime": {"datetime": "2021-06-28 12:05:08", "elapsed": 2425.954979, "delta": 1.813772}}
{"target": -12.373868135684441, "params": {"C": 2.6409140069175465, "epsilon": 6.869847413355651, "gamma": 0.15316148137322017, "lamda": 0.3347139378283062}, "datetime": {"datetime": "2021-06-28 12:05:10", "elapsed": 2427.927843, "delta": 1.972864}}
{"target": -12.614080388265586, "params": {"C": 2.6048712063155843, "epsilon": 6.86430726648238, "gamma": 0.1729492650729929, "lamda": 0.3397947785459633}, "datetime": {"datetime": "2021-06-28 12:05:12", "elapsed": 2430.283925, "delta": 2.356082}}
{"target": -99.91352040068824, "params": {"C": 5.007197648788005, "epsilon": 1.1855043370318945, "gamma": 0.06279955094207927, "lamda": 0.3661725230920656}, "datetime": {"datetime": "2021-06-28 12:05:28", "elapsed": 2445.452622, "delta": 15.168697}}
{"target": -12.175282180465908, "params": {"C": 1.605546854178655, "epsilon": 9.407402879719262, "gamma": 0.030250313468360865, "lamda": 0.22358865311002366}, "datetime": {"datetime": "2021-06-28 12:05:29", "elapsed": 2447.034649, "delta": 1.582027}}
{"target": -12.69632585289036, "params": {"C": 9.685294746015755, "epsilon": 0.18105882973686088, "gamma": 0.13699111065602085, "lamda": 0.3916164453881705}, "datetime": {"datetime": "2021-06-28 12:05:31", "elapsed": 2449.18221, "delta": 2.147561}}
{"target": -13.367483483461799, "params": {"C": 1.840690263157776, "epsilon": 2.5333732123271533, "gamma": 0.16975860109189223, "lamda": 0.010690306686800783}, "datetime": {"datetime": "2021-06-28 12:05:34", "elapsed": 2451.565406, "delta": 2.383196}}
{"target": -12.175109921861042, "params": {"C": 9.52613859250378, "epsilon": 1.10331279828489, "gamma": 0.11643517691073459, "lamda": 0.0972144664994781}, "datetime": {"datetime": "2021-06-28 12:05:36", "elapsed": 2453.470854, "delta": 1.905448}}
{"target": -13.198825795324545, "params": {"C": 2.161381959137299, "epsilon": 4.566956686393549, "gamma": 0.18959300565504114, "lamda": 0.18845541088153672}, "datetime": {"datetime": "2021-06-28 12:05:38", "elapsed": 2456.125878, "delta": 2.655024}}
{"target": -76.97762787946064, "params": {"C": 6.970759345556949, "epsilon": 5.541235557083778, "gamma": 0.09956735323674386, "lamda": 0.4514107601145436}, "datetime": {"datetime": "2021-06-28 12:05:49", "elapsed": 2466.799832, "delta": 10.673954}}
{"target": -13.142973986983977, "params": {"C": 5.413298856171724, "epsilon": 1.1791661248495602, "gamma": 0.1938412789070308, "lamda": 0.3097029138685495}, "datetime": {"datetime": "2021-06-28 12:05:51", "elapsed": 2468.721088, "delta": 1.921256}}
{"target": -13.22029427036841, "params": {"C": 11.275478511700223, "epsilon": 0.126940473536542, "gamma": 0.18097183870329805, "lamda": 0.22465186468415915}, "datetime": {"datetime": "2021-06-28 12:05:52", "elapsed": 2470.28401, "delta": 1.562922}}
{"target": -60.156558763019305, "params": {"C": 5.928047049566862, "epsilon": 7.928296822750835, "gamma": 0.15854625323027935, "lamda": 0.2222824203142965}, "datetime": {"datetime": "2021-06-28 12:06:04", "elapsed": 2481.394556, "delta": 11.110546}}
{"target": -12.230053183785664, "params": {"C": 8.141687169388497, "epsilon": 0.6704149458251729, "gamma": 0.01148008994049907, "lamda": 0.5242030930752408}, "datetime": {"datetime": "2021-06-28 12:06:06", "elapsed": 2483.993951, "delta": 2.599395}}
{"target": -12.553986522276258, "params": {"C": 6.471046929861169, "epsilon": 4.880740980302527, "gamma": 0.16086540544167047, "lamda": 0.39160376920142626}, "datetime": {"datetime": "2021-06-28 12:06:08", "elapsed": 2485.908171, "delta": 1.91422}}
{"target": -11.591277386830729, "params": {"C": 2.853262637302625, "epsilon": 8.835034778531423, "gamma": 0.028780521407959704, "lamda": 0.26504977400872015}, "datetime": {"datetime": "2021-06-28 12:06:10", "elapsed": 2488.125446, "delta": 2.217275}}
{"target": -14.045700538777982, "params": {"C": 1.510472085464795, "epsilon": 3.6644323982499123, "gamma": 0.1976085418419595, "lamda": 0.18201889805983829}, "datetime": {"datetime": "2021-06-28 12:06:13", "elapsed": 2490.369786, "delta": 2.24434}}
{"target": -11.815789436114366, "params": {"C": 3.1653827266205483, "epsilon": 8.748870769675717, "gamma": 0.01955535703995514, "lamda": 0.11922632242638677}, "datetime": {"datetime": "2021-06-28 12:06:15", "elapsed": 2492.525343, "delta": 2.155557}}
