{"target": -12.390293108889097, "params": {"C": 6.701961682591009, "epsilon": 8.666374241920273, "gamma": 0.15864654333704858, "lamda": 0.1322330980069542}, "datetime": {"datetime": "2021-06-26 19:43:41", "elapsed": 298.046343, "delta": 0.610406}}
{"target": -15.96153919170419, "params": {"C": 8.399205490891395, "epsilon": 7.495069739607607, "gamma": 0.540937730151638, "lamda": 0.9776660538654178}, "datetime": {"datetime": "2021-06-26 19:43:41", "elapsed": 298.610839, "delta": 0.564496}}
{"target": -15.222568418027416, "params": {"C": 8.160358946894977, "epsilon": 5.90100464772564, "gamma": 0.4739661440310573, "lamda": 0.4247445138228777}, "datetime": {"datetime": "2021-06-26 19:43:42", "elapsed": 299.244021, "delta": 0.633182}}
{"target": -12.238080849844453, "params": {"C": 5.304168751255783, "epsilon": 8.864605489433263, "gamma": 0.15594236060300976, "lamda": 0.9952326429141122}, "datetime": {"datetime": "2021-06-26 19:43:42", "elapsed": 299.810183, "delta": 0.566162}}
{"target": -15.479047368600545, "params": {"C": 3.475380823812782, "epsilon": 3.886717630988427, "gamma": 0.434200581889082, "lamda": 0.6563594502356722}, "datetime": {"datetime": "2021-06-26 19:43:43", "elapsed": 300.345747, "delta": 0.535564}}
{"target": -19.739725236749, "params": {"C": 9.615095840524257, "epsilon": 7.868226956892846, "gamma": 1.0022667675078751, "lamda": 0.9987768764631989}, "datetime": {"datetime": "2021-06-26 19:43:43", "elapsed": 300.947429, "delta": 0.601682}}
{"target": -17.80927563333703, "params": {"C": 6.515132143374754, "epsilon": 6.856890425897972, "gamma": 0.6977457798677181, "lamda": 0.8756977515097473}, "datetime": {"datetime": "2021-06-26 19:43:44", "elapsed": 301.568771, "delta": 0.621342}}
{"target": -11.896053721673605, "params": {"C": 7.259066301677405, "epsilon": 3.844712696664564, "gamma": 0.11989626944111909, "lamda": 0.2579910874630076}, "datetime": {"datetime": "2021-06-26 19:43:45", "elapsed": 302.192301, "delta": 0.62353}}
{"target": -17.02473869274341, "params": {"C": 1.368399787907749, "epsilon": 1.1889436190632463, "gamma": 0.3543047241927419, "lamda": 0.3953429790558358}, "datetime": {"datetime": "2021-06-26 19:43:45", "elapsed": 302.745207, "delta": 0.552906}}
{"target": -11.671349480084244, "params": {"C": 3.58207774805257, "epsilon": 4.118760205402319, "gamma": 0.09122199130314566, "lamda": 0.29977660443514187}, "datetime": {"datetime": "2021-06-26 19:43:46", "elapsed": 303.398112, "delta": 0.652905}}
{"target": -21.90622357857569, "params": {"C": 8.45929146844943, "epsilon": 6.457795024520417, "gamma": 1.37641207920071, "lamda": 0.6728707973286068}, "datetime": {"datetime": "2021-06-26 19:43:47", "elapsed": 304.079799, "delta": 0.681687}}
{"target": -13.959195445281011, "params": {"C": 3.7391884584196102, "epsilon": 8.806671260960782, "gamma": 0.28869828029078415, "lamda": 0.33410152829509215}, "datetime": {"datetime": "2021-06-26 19:43:47", "elapsed": 304.610771, "delta": 0.530972}}
{"target": -13.058117569262167, "params": {"C": 2.110523117485861, "epsilon": 0.004339471582877374, "gamma": 0.13987666099266066, "lamda": 0.7161324441665686}, "datetime": {"datetime": "2021-06-26 19:43:48", "elapsed": 305.282472, "delta": 0.671701}}
{"target": -12.704149235766446, "params": {"C": 7.763830841731478, "epsilon": 5.186170134609311, "gamma": 0.1628059777842203, "lamda": 0.9641033100663491}, "datetime": {"datetime": "2021-06-26 19:43:49", "elapsed": 306.075107, "delta": 0.792635}}
{"target": -22.397380663389654, "params": {"C": 2.731523500526554, "epsilon": 7.2447929437469645, "gamma": 1.2648542634049493, "lamda": 0.7195577812668457}, "datetime": {"datetime": "2021-06-26 19:43:49", "elapsed": 306.665595, "delta": 0.590488}}
{"target": -12.811969811594295, "params": {"C": 7.437461461404537, "epsilon": 6.309350556167321, "gamma": 0.17902644195973796, "lamda": 0.6732479398113761}, "datetime": {"datetime": "2021-06-26 19:43:50", "elapsed": 307.345779, "delta": 0.680184}}
{"target": -13.452796062470975, "params": {"C": 0.9447858323846097, "epsilon": 6.644750223236708, "gamma": 0.11628927199128196, "lamda": 0.16009260759209884}, "datetime": {"datetime": "2021-06-26 19:43:51", "elapsed": 308.005334, "delta": 0.659555}}
{"target": -13.6400635831307, "params": {"C": 8.742480470408578, "epsilon": 0.9100675106039766, "gamma": 0.255890080132572, "lamda": 0.7303583685356225}, "datetime": {"datetime": "2021-06-26 19:43:51", "elapsed": 308.827786, "delta": 0.822452}}
{"target": -13.788180118937445, "params": {"C": 5.9055621373457114, "epsilon": 4.664824540385765, "gamma": 0.27459187983438593, "lamda": 0.9122738467042131}, "datetime": {"datetime": "2021-06-26 19:43:52", "elapsed": 309.696464, "delta": 0.868678}}
{"target": -74.30924136404616, "params": {"C": 3.2550400340832604, "epsilon": 0.2893709391644534, "gamma": 0.12086186728129815, "lamda": 0.7029290786367918}, "datetime": {"datetime": "2021-06-26 19:44:03", "elapsed": 320.411238, "delta": 10.714774}}
{"target": -13.266808823135005, "params": {"C": 6.842694487332948, "epsilon": 8.593454665098252, "gamma": 0.23661637850902048, "lamda": 0.21572622924002532}, "datetime": {"datetime": "2021-06-26 19:44:04", "elapsed": 321.236179, "delta": 0.824941}}
{"target": -21.994945081783694, "params": {"C": 5.157988334659613, "epsilon": 6.864735560444887, "gamma": 1.319531869834148, "lamda": 0.8642947173531997}, "datetime": {"datetime": "2021-06-26 19:44:05", "elapsed": 322.063516, "delta": 0.827337}}
{"target": -13.787727204658818, "params": {"C": 6.500401354046364, "epsilon": 0.5537483640578916, "gamma": 0.2524655070628532, "lamda": 0.8860150433854136}, "datetime": {"datetime": "2021-06-26 19:44:06", "elapsed": 323.02047, "delta": 0.956954}}
{"target": -79.0249361128576, "params": {"C": 5.237132596252653, "epsilon": 8.914680740223098, "gamma": 0.09804213470267145, "lamda": 0.8913710518649457}, "datetime": {"datetime": "2021-06-26 19:44:22", "elapsed": 339.04865, "delta": 16.02818}}
{"target": -88.3575422713259, "params": {"C": 1.0159310387168352, "epsilon": 6.526165217057146, "gamma": 0.09604842972991082, "lamda": 0.23160694098165518}, "datetime": {"datetime": "2021-06-26 19:44:30", "elapsed": 346.979974, "delta": 7.931324}}
{"target": -24.766901377331802, "params": {"C": 2.281655246672429, "epsilon": 5.717608216598903, "gamma": 1.6973449908091007, "lamda": 0.33655781713909877}, "datetime": {"datetime": "2021-06-26 19:44:30", "elapsed": 347.735504, "delta": 0.75553}}
{"target": -22.809237663769853, "params": {"C": 2.89005614885254, "epsilon": 0.9519595179940232, "gamma": 1.2498391191754459, "lamda": 0.15438994636564715}, "datetime": {"datetime": "2021-06-26 19:44:31", "elapsed": 348.411697, "delta": 0.676193}}
{"target": -15.217573238199734, "params": {"C": 1.353679758840304, "epsilon": 1.116693951542814, "gamma": 0.23039294728855178, "lamda": 0.3886681248195153}, "datetime": {"datetime": "2021-06-26 19:44:32", "elapsed": 349.265994, "delta": 0.854297}}
{"target": -14.551509011262489, "params": {"C": 3.7991514660265406, "epsilon": 8.736549459196842, "gamma": 0.35624443717646526, "lamda": 0.3685343166426662}, "datetime": {"datetime": "2021-06-26 19:44:33", "elapsed": 350.019011, "delta": 0.753017}}
{"target": -21.031857314742457, "params": {"C": 7.761037906577147, "epsilon": 0.976551515569894, "gamma": 1.1672870755332645, "lamda": 0.23773980176475656}, "datetime": {"datetime": "2021-06-26 19:44:33", "elapsed": 350.793976, "delta": 0.774965}}
{"target": -16.812065034312262, "params": {"C": 1.457771291381488, "epsilon": 1.0593928704022304, "gamma": 0.35034127404308113, "lamda": 0.4995350597880539}, "datetime": {"datetime": "2021-06-26 19:44:34", "elapsed": 351.533996, "delta": 0.74002}}
{"target": -12.890708713465395, "params": {"C": 6.722686102573997, "epsilon": 8.643961368557747, "gamma": 0.20243119546589566, "lamda": 0.2185612916149958}, "datetime": {"datetime": "2021-06-26 19:44:35", "elapsed": 352.306205, "delta": 0.772209}}
{"target": -11.83553393199714, "params": {"C": 3.2717738090031525, "epsilon": 6.650593134246292, "gamma": 0.023197713199078217, "lamda": 0.17030413227831037}, "datetime": {"datetime": "2021-06-26 19:44:36", "elapsed": 353.25216, "delta": 0.945955}}
{"target": -23.10120172307699, "params": {"C": 4.813594508426891, "epsilon": 7.357815226759412, "gamma": 1.5578887826253074, "lamda": 0.5946651044911787}, "datetime": {"datetime": "2021-06-26 19:44:37", "elapsed": 354.280587, "delta": 1.028427}}
{"target": -25.332345495061126, "params": {"C": 4.0663882243037905, "epsilon": 1.1024052861096776, "gamma": 1.9783788547238916, "lamda": 0.5709809385916387}, "datetime": {"datetime": "2021-06-26 19:44:38", "elapsed": 355.079451, "delta": 0.798864}}
{"target": -79.19301304516232, "params": {"C": 8.318820416144549, "epsilon": 5.507914132515811, "gamma": 0.07907228689735324, "lamda": 0.11072647167824129}, "datetime": {"datetime": "2021-06-26 19:44:45", "elapsed": 362.213208, "delta": 7.133757}}
{"target": -77.31775165574962, "params": {"C": 5.996235481868924, "epsilon": 9.915221905419491, "gamma": 0.03744851898673735, "lamda": 0.9579180288137759}, "datetime": {"datetime": "2021-06-26 19:44:52", "elapsed": 369.939792, "delta": 7.726584}}
{"target": -25.21217244796915, "params": {"C": 4.346453096071748, "epsilon": 1.108003142798588, "gamma": 1.962935675983426, "lamda": 0.9634234160247681}, "datetime": {"datetime": "2021-06-26 19:44:53", "elapsed": 370.739229, "delta": 0.799437}}
{"target": -24.381529981315932, "params": {"C": 0.5854662911298489, "epsilon": 6.970255840959666, "gamma": 1.005639497340477, "lamda": 0.1657454716112552}, "datetime": {"datetime": "2021-06-26 19:44:54", "elapsed": 371.627244, "delta": 0.888015}}
{"target": -19.83433078551506, "params": {"C": 5.435274120631903, "epsilon": 6.3528047000273515, "gamma": 0.947666365938445, "lamda": 0.3208325126820135}, "datetime": {"datetime": "2021-06-26 19:44:55", "elapsed": 372.943347, "delta": 1.316103}}
{"target": -11.230318348571462, "params": {"C": 6.110147130616882, "epsilon": 2.008593385948127, "gamma": 0.07184293715726862, "lamda": 0.13957705324771244}, "datetime": {"datetime": "2021-06-26 19:44:57", "elapsed": 374.392469, "delta": 1.449122}}
{"target": -12.795362868630352, "params": {"C": 7.190713895009517, "epsilon": 3.72937818818598, "gamma": 0.16808193543447564, "lamda": 0.2142060990765054}, "datetime": {"datetime": "2021-06-26 19:44:58", "elapsed": 375.890651, "delta": 1.498182}}
{"target": -24.779415685238636, "params": {"C": 2.445215393771112, "epsilon": 3.0386333291088183, "gamma": 1.654436218353552, "lamda": 0.738017315456798}, "datetime": {"datetime": "2021-06-26 19:44:59", "elapsed": 376.743371, "delta": 0.85272}}
{"target": -25.458885437428673, "params": {"C": 3.6801278474768804, "epsilon": 1.177386316365445, "gamma": 1.982534652599062, "lamda": 0.13230082257017245}, "datetime": {"datetime": "2021-06-26 19:45:01", "elapsed": 378.21534, "delta": 1.471969}}
{"target": -15.076722015145021, "params": {"C": 5.876414257089102, "epsilon": 1.6656705207322322, "gamma": 0.42688229887256196, "lamda": 0.8746001564530467}, "datetime": {"datetime": "2021-06-26 19:45:02", "elapsed": 379.151452, "delta": 0.936112}}
{"target": -25.2035429043488, "params": {"C": 2.882816947741617, "epsilon": 8.70055770791545, "gamma": 1.9929100532627466, "lamda": 0.6387502395905721}, "datetime": {"datetime": "2021-06-26 19:45:03", "elapsed": 379.968757, "delta": 0.817305}}
{"target": -13.334910462876987, "params": {"C": 0.9658615476750116, "epsilon": 6.563946645616292, "gamma": 0.11348862680359383, "lamda": 0.10883281571189594}, "datetime": {"datetime": "2021-06-26 19:45:04", "elapsed": 381.755193, "delta": 1.786436}}
{"target": -13.585853318428148, "params": {"C": 8.730226932249028, "epsilon": 0.8691497882414673, "gamma": 0.2443402926007932, "lamda": 0.8047485529540181}, "datetime": {"datetime": "2021-06-26 19:45:06", "elapsed": 383.32, "delta": 1.564807}}
{"target": -11.550534905726318, "params": {"C": 6.838233894774857, "epsilon": 8.592895527700316, "gamma": 0.11736948094067355, "lamda": 0.11933002034134954}, "datetime": {"datetime": "2021-06-26 19:45:07", "elapsed": 384.957189, "delta": 1.637189}}
{"target": -11.86549381951265, "params": {"C": 8.392732217770883, "epsilon": 5.55840202796342, "gamma": 0.012568529017746924, "lamda": 0.1725692516989304}, "datetime": {"datetime": "2021-06-26 19:45:09", "elapsed": 386.368473, "delta": 1.411284}}
{"target": -10.960625446111168, "params": {"C": 4.731695543022006, "epsilon": 8.70278727010996, "gamma": 0.04489516857304745, "lamda": 0.12221582673118098}, "datetime": {"datetime": "2021-06-26 19:45:10", "elapsed": 387.652916, "delta": 1.284443}}
{"target": -12.795896791209294, "params": {"C": 4.91469718619385, "epsilon": 4.781347658954678, "gamma": 0.1803124777301745, "lamda": 0.8879093441186888}, "datetime": {"datetime": "2021-06-26 19:45:11", "elapsed": 388.388944, "delta": 0.736028}}
{"target": -13.18549980857438, "params": {"C": 7.492665927725107, "epsilon": 6.319951951743712, "gamma": 0.2158599551969152, "lamda": 0.6113991503396897}, "datetime": {"datetime": "2021-06-26 19:45:12", "elapsed": 389.615802, "delta": 1.226858}}
{"target": -24.422718445359816, "params": {"C": 1.1469762168431517, "epsilon": 8.084408778425798, "gamma": 1.4583341057273707, "lamda": 0.10700213481035609}, "datetime": {"datetime": "2021-06-26 19:45:13", "elapsed": 390.289993, "delta": 0.674191}}
{"target": -81.3820585637018, "params": {"C": 3.8836487778008912, "epsilon": 0.4321935312574762, "gamma": 0.10228469883521923, "lamda": 0.3717392186614157}, "datetime": {"datetime": "2021-06-26 19:45:20", "elapsed": 397.3529, "delta": 7.062907}}
{"target": -13.2110426809658, "params": {"C": 5.285676730980441, "epsilon": 0.8217973736450916, "gamma": 0.2010528631572395, "lamda": 0.5301217005031922}, "datetime": {"datetime": "2021-06-26 19:45:21", "elapsed": 398.461691, "delta": 1.108791}}
{"target": -16.66329883695446, "params": {"C": 9.095569347003854, "epsilon": 7.810020842850243, "gamma": 0.6298452836336159, "lamda": 0.2778887565547392}, "datetime": {"datetime": "2021-06-26 19:45:22", "elapsed": 399.209837, "delta": 0.748146}}
{"target": -23.33755750302153, "params": {"C": 9.329988689483597, "epsilon": 2.8396040184448466, "gamma": 1.7100262384306248, "lamda": 0.8882731764893524}, "datetime": {"datetime": "2021-06-26 19:45:22", "elapsed": 399.892439, "delta": 0.682602}}
{"target": -82.7322691570717, "params": {"C": 7.292101064914911, "epsilon": 3.774008384662166, "gamma": 0.09010651718562493, "lamda": 0.2980354778194638}, "datetime": {"datetime": "2021-06-26 19:45:28", "elapsed": 405.245658, "delta": 5.353219}}
{"target": -12.161332283983013, "params": {"C": 3.561620987507714, "epsilon": 4.1308649162017685, "gamma": 0.13561243276468174, "lamda": 0.28909068743340594}, "datetime": {"datetime": "2021-06-26 19:45:29", "elapsed": 406.606508, "delta": 1.36085}}
{"target": -18.491920454504733, "params": {"C": 7.221851176968077, "epsilon": 2.718536515550042, "gamma": 0.7795641253098389, "lamda": 0.8933715131978769}, "datetime": {"datetime": "2021-06-26 19:45:30", "elapsed": 407.359634, "delta": 0.753126}}
{"target": -18.894863648491913, "params": {"C": 0.8635593321016555, "epsilon": 1.586125178478516, "gamma": 0.3801866506692703, "lamda": 0.4316699140645037}, "datetime": {"datetime": "2021-06-26 19:45:31", "elapsed": 408.227863, "delta": 0.868229}}
{"target": -98.50341909458645, "params": {"C": 8.438810476151138, "epsilon": 0.3188321319282895, "gamma": 0.0464823930710993, "lamda": 0.9693541353800373}, "datetime": {"datetime": "2021-06-26 19:45:40", "elapsed": 417.094528, "delta": 8.866665}}
{"target": -23.12471354083349, "params": {"C": 8.102128125169099, "epsilon": 3.0309437434669406, "gamma": 1.6177721652263077, "lamda": 0.9519811259871256}, "datetime": {"datetime": "2021-06-26 19:45:40", "elapsed": 417.746295, "delta": 0.651767}}
{"target": -17.479056744175008, "params": {"C": 2.4110902473351916, "epsilon": 0.5358134201133442, "gamma": 0.5538463483616591, "lamda": 0.20393844839921882}, "datetime": {"datetime": "2021-06-26 19:45:41", "elapsed": 418.471771, "delta": 0.725476}}
{"target": -12.297897340643171, "params": {"C": 2.0720205736322272, "epsilon": 8.823813847880517, "gamma": 0.021641450617381083, "lamda": 0.2552128705704179}, "datetime": {"datetime": "2021-06-26 19:45:42", "elapsed": 419.712531, "delta": 1.24076}}
{"target": -15.415810680150283, "params": {"C": 3.4820636756098944, "epsilon": 6.613905357535375, "gamma": 0.4543991986477281, "lamda": 0.21885389930069615}, "datetime": {"datetime": "2021-06-26 19:45:43", "elapsed": 420.459619, "delta": 0.747088}}
{"target": -11.579217034283747, "params": {"C": 3.9339039404816414, "epsilon": 9.287790169905056, "gamma": 0.03403673706339383, "lamda": 0.9558534489571883}, "datetime": {"datetime": "2021-06-26 19:45:44", "elapsed": 421.687817, "delta": 1.228198}}
{"target": -21.359909964400824, "params": {"C": 2.9233026344788406, "epsilon": 4.525141531218704, "gamma": 1.0588186972275977, "lamda": 0.9544837632180865}, "datetime": {"datetime": "2021-06-26 19:45:45", "elapsed": 422.407888, "delta": 0.720071}}
{"target": -24.433545720963163, "params": {"C": 9.25430942387747, "epsilon": 1.3874888885418752, "gamma": 1.9858441821974204, "lamda": 0.7369142345186287}, "datetime": {"datetime": "2021-06-26 19:45:46", "elapsed": 423.141796, "delta": 0.733908}}
{"target": -15.286135077930862, "params": {"C": 3.4491784103936607, "epsilon": 3.884087706898336, "gamma": 0.4088157948382221, "lamda": 0.6107932654801349}, "datetime": {"datetime": "2021-06-26 19:45:47", "elapsed": 424.320709, "delta": 1.178913}}
{"target": -65.64330187789903, "params": {"C": 6.54953859655806, "epsilon": 1.6231278801764488, "gamma": 0.12873079318765404, "lamda": 0.5472960605474234}, "datetime": {"datetime": "2021-06-26 19:45:52", "elapsed": 429.447183, "delta": 5.126474}}
{"target": -27.546666877310166, "params": {"C": 0.4222020129087021, "epsilon": 3.6748754736609084, "gamma": 1.310794309063825, "lamda": 0.8184231175395215}, "datetime": {"datetime": "2021-06-26 19:45:53", "elapsed": 430.224329, "delta": 0.777146}}
{"target": -30.70089811363007, "params": {"C": 0.1671238106396589, "epsilon": 5.761779327217469, "gamma": 1.6437016808909635, "lamda": 0.9047751836905783}, "datetime": {"datetime": "2021-06-26 19:45:54", "elapsed": 430.989873, "delta": 0.765544}}
{"target": -24.02187898034757, "params": {"C": 2.7730316504958465, "epsilon": 7.880959467020444, "gamma": 1.6166676307586256, "lamda": 0.7282206131440601}, "datetime": {"datetime": "2021-06-26 19:45:54", "elapsed": 431.757743, "delta": 0.76787}}
{"target": -11.692748063729445, "params": {"C": 2.124077272342023, "epsilon": 8.781296246473064, "gamma": 0.06450131046387306, "lamda": 0.703420759160562}, "datetime": {"datetime": "2021-06-26 19:46:09", "elapsed": 446.8341, "delta": 15.076357}}
{"target": -12.514359246492196, "params": {"C": 7.1073707489738736, "epsilon": 3.796858294931512, "gamma": 0.15005861023560732, "lamda": 0.19785169183599685}, "datetime": {"datetime": "2021-06-26 19:46:14", "elapsed": 451.183949, "delta": 4.349849}}
{"target": -18.104564089752344, "params": {"C": 9.472179793262772, "epsilon": 3.241908858211543, "gamma": 0.7821979912316337, "lamda": 0.18404574054726736}, "datetime": {"datetime": "2021-06-26 19:46:15", "elapsed": 452.784476, "delta": 1.600527}}
{"target": -11.73946782354737, "params": {"C": 2.0448943543305513, "epsilon": 8.766449727891631, "gamma": 0.06710406369990815, "lamda": 0.7595224187025141}, "datetime": {"datetime": "2021-06-26 19:46:19", "elapsed": 456.446158, "delta": 3.661682}}
{"target": -13.015258631263265, "params": {"C": 0.9250695372877848, "epsilon": 6.712266922813808, "gamma": 0.07639015435446747, "lamda": 0.1364143314367542}, "datetime": {"datetime": "2021-06-26 19:46:21", "elapsed": 458.904516, "delta": 2.458358}}
{"target": -15.079194681216066, "params": {"C": 3.4434594481849743, "epsilon": 6.708768094738373, "gamma": 0.40852944604057057, "lamda": 0.24563113587700808}, "datetime": {"datetime": "2021-06-26 19:46:23", "elapsed": 460.346255, "delta": 1.441739}}
{"target": -19.87067910153649, "params": {"C": 2.002667894825643, "epsilon": 5.057175350576998, "gamma": 0.8271122436985666, "lamda": 0.2192058863625853}, "datetime": {"datetime": "2021-06-26 19:46:24", "elapsed": 461.300056, "delta": 0.953801}}
{"target": -14.84120104622221, "params": {"C": 3.7038949349432095, "epsilon": 8.786070737628677, "gamma": 0.3980861385641535, "lamda": 0.37437178218690115}, "datetime": {"datetime": "2021-06-26 19:46:25", "elapsed": 462.381132, "delta": 1.081076}}
{"target": -15.032639440670403, "params": {"C": 3.5154120163713474, "epsilon": 3.9233917507843685, "gamma": 0.37996634842461663, "lamda": 0.5912037785742794}, "datetime": {"datetime": "2021-06-26 19:46:26", "elapsed": 463.76076, "delta": 1.379628}}
{"target": -11.755613244904236, "params": {"C": 3.6004776620916776, "epsilon": 4.103134669445582, "gamma": 0.09796696042465773, "lamda": 0.23774612934446077}, "datetime": {"datetime": "2021-06-26 19:46:28", "elapsed": 465.140623, "delta": 1.379863}}
{"target": -21.209252223825192, "params": {"C": 2.754400611232702, "epsilon": 8.145399837758097, "gamma": 1.0663365285628774, "lamda": 0.7492515761550222}, "datetime": {"datetime": "2021-06-26 19:46:29", "elapsed": 466.111029, "delta": 0.970406}}
{"target": -83.10868542344903, "params": {"C": 4.753198042323167, "epsilon": 14.686165375401004, "gamma": 0.010113231069171438, "lamda": 0.30930924690552136}, "datetime": {"datetime": "2021-06-28 17:18:56", "elapsed": 0.0, "delta": 0.0}}
{"target": -16.113854532725032, "params": {"C": 2.3208030173540175, "epsilon": 2.7544333006071584, "gamma": 0.1943976092638942, "lamda": 0.35210511977261727}, "datetime": {"datetime": "2021-06-28 17:18:57", "elapsed": 0.374985, "delta": 0.374985}}
