{"target": -13.25027820735147, "params": {"C": 3.950442452055354, "epsilon": 0.001, "gamma": 0.01, "lamda": 0.7}, "datetime": {"datetime": "2021-06-21 19:51:35", "elapsed": 115.060669, "delta": 0.7101}}
{"target": -12.293352403006336, "params": {"C": 5.931864575431496, "epsilon": 8.19877276199458, "gamma": 0.01, "lamda": 0.7}, "datetime": {"datetime": "2021-06-21 19:51:35", "elapsed": 115.84158, "delta": 0.780911}}
{"target": -14.121008986634742, "params": {"C": 1.889640854599264, "epsilon": 3.1707481685425316, "gamma": 0.01, "lamda": 0.1}, "datetime": {"datetime": "2021-06-21 19:51:36", "elapsed": 116.504806, "delta": 0.663226}}
{"target": -12.961407486853254, "params": {"C": 4.245666504899014, "epsilon": 2.517283003512501, "gamma": 0.01, "lamda": 0.1}, "datetime": {"datetime": "2021-06-21 19:51:37", "elapsed": 117.360518, "delta": 0.855712}}
{"target": -12.12735654606858, "params": {"C": 9.506083716359456, "epsilon": 2.2243698503575158, "gamma": 0.01, "lamda": 0.1}, "datetime": {"datetime": "2021-06-21 19:51:38", "elapsed": 118.106522, "delta": 0.746004}}
{"target": -10.512346680085178, "params": {"C": 8.964775022883519, "epsilon": 3.769615005011013, "gamma": 0.046035857934200494, "lamda": 0.17511673776770903}, "datetime": {"datetime": "2021-06-21 19:51:38", "elapsed": 118.737834, "delta": 0.631312}}
{"target": -19.75836956655232, "params": {"C": 7.5658857417187475, "epsilon": 7.382906513579047, "gamma": 1.0, "lamda": 0.1}, "datetime": {"datetime": "2021-06-21 19:51:39", "elapsed": 119.411035, "delta": 0.673201}}
{"target": -11.950574321188755, "params": {"C": 9.29988604871374, "epsilon": 6.690829563976452, "gamma": 0.01, "lamda": 0.7}, "datetime": {"datetime": "2021-06-21 19:51:40", "elapsed": 120.187957, "delta": 0.776922}}
{"target": -12.900496699763114, "params": {"C": 4.343713074478938, "epsilon": 3.661968067678482, "gamma": 0.01, "lamda": 0.7}, "datetime": {"datetime": "2021-06-21 19:51:41", "elapsed": 120.937951, "delta": 0.749994}}
{"target": -12.323131194328703, "params": {"C": 5.592179623491617, "epsilon": 5.555035465361104, "gamma": 0.01, "lamda": 0.1}, "datetime": {"datetime": "2021-06-21 19:51:41", "elapsed": 121.647056, "delta": 0.709105}}
{"target": -12.444105680148873, "params": {"C": 3.3978368421719263, "epsilon": 2.2359406246194022, "gamma": 0.14360800571400464, "lamda": 0.6930299951541871}, "datetime": {"datetime": "2021-06-21 19:51:42", "elapsed": 122.395056, "delta": 0.748}}
{"target": -11.880251711481604, "params": {"C": 8.809940006672742, "epsilon": 5.449350664330565, "gamma": 0.01, "lamda": 0.1}, "datetime": {"datetime": "2021-06-21 19:51:43", "elapsed": 123.22384, "delta": 0.828784}}
{"target": -12.676057523136327, "params": {"C": 5.425326439589052, "epsilon": 1.8166782722716979, "gamma": 0.01, "lamda": 0.1}, "datetime": {"datetime": "2021-06-21 19:51:43", "elapsed": 123.854154, "delta": 0.630314}}
{"target": -12.011122018574465, "params": {"C": 7.854392725289537, "epsilon": 5.36962635401283, "gamma": 0.01, "lamda": 0.7}, "datetime": {"datetime": "2021-06-21 19:51:44", "elapsed": 124.690916, "delta": 0.836762}}
{"target": -13.842664042387447, "params": {"C": 1.9901299975317692, "epsilon": 5.051994501028167, "gamma": 0.01, "lamda": 0.1}, "datetime": {"datetime": "2021-06-21 19:51:45", "elapsed": 125.367109, "delta": 0.676193}}
{"target": -11.892342614050488, "params": {"C": 7.392223038815959, "epsilon": 6.376531297962376, "gamma": 0.01, "lamda": 0.1}, "datetime": {"datetime": "2021-06-21 19:51:46", "elapsed": 126.01338, "delta": 0.646271}}
{"target": -12.177671632988067, "params": {"C": 6.780784239273614, "epsilon": 4.768020702123384, "gamma": 0.01, "lamda": 0.1}, "datetime": {"datetime": "2021-06-21 19:51:46", "elapsed": 126.633722, "delta": 0.620342}}
{"target": -12.534390040519906, "params": {"C": 4.098854229627199, "epsilon": 8.005152844167748, "gamma": 0.01, "lamda": 0.1}, "datetime": {"datetime": "2021-06-21 19:51:47", "elapsed": 127.329859, "delta": 0.696137}}
{"target": -12.131260122521589, "params": {"C": 5.23633799897039, "epsilon": 9.325982227495286, "gamma": 0.01, "lamda": 0.1}, "datetime": {"datetime": "2021-06-21 19:51:48", "elapsed": 128.036968, "delta": 0.707109}}
{"target": -12.47404685901489, "params": {"C": 5.302016746445014, "epsilon": 6.212212611435079, "gamma": 0.01, "lamda": 0.7}, "datetime": {"datetime": "2021-06-21 19:51:48", "elapsed": 128.813891, "delta": 0.776923}}
{"target": -11.946165705382587, "params": {"C": 7.659405215965711, "epsilon": 6.933405806844168, "gamma": 0.01, "lamda": 0.7}, "datetime": {"datetime": "2021-06-21 19:51:49", "elapsed": 129.692541, "delta": 0.87865}}
{"target": -12.453354276172874, "params": {"C": 5.591800406185742, "epsilon": 3.9034903649188166, "gamma": 0.01, "lamda": 0.1}, "datetime": {"datetime": "2021-06-21 19:51:50", "elapsed": 130.407628, "delta": 0.715087}}
{"target": -12.188263243414806, "params": {"C": 10.0, "epsilon": 2.0864725091706298, "gamma": 0.01, "lamda": 0.7}, "datetime": {"datetime": "2021-06-21 19:51:51", "elapsed": 131.115735, "delta": 0.708107}}
{"target": -11.832175718509582, "params": {"C": 8.50947845345641, "epsilon": 9.441495864650763, "gamma": 0.01, "lamda": 0.7}, "datetime": {"datetime": "2021-06-21 19:51:51", "elapsed": 131.789934, "delta": 0.674199}}
{"target": -12.463511261964511, "params": {"C": 6.394597925751788, "epsilon": 1.8823044104738764, "gamma": 0.01, "lamda": 0.1}, "datetime": {"datetime": "2021-06-21 19:51:52", "elapsed": 132.58381, "delta": 0.793876}}
{"target": -13.381214187412596, "params": {"C": 2.984776223752066, "epsilon": 2.9811787431563843, "gamma": 0.01, "lamda": 0.7}, "datetime": {"datetime": "2021-06-21 19:51:53", "elapsed": 133.306876, "delta": 0.723066}}
{"target": -11.60676624819077, "params": {"C": 9.181077488959884, "epsilon": 10.0, "gamma": 0.01, "lamda": 0.1}, "datetime": {"datetime": "2021-06-21 19:51:54", "elapsed": 134.279277, "delta": 0.972401}}
{"target": -12.127282797806256, "params": {"C": 8.403994104958338, "epsilon": 2.1788432316902604, "gamma": 0.01, "lamda": 0.1}, "datetime": {"datetime": "2021-06-21 19:51:55", "elapsed": 135.064178, "delta": 0.784901}}
{"target": -13.916736117923229, "params": {"C": 1.969912588569208, "epsilon": 5.671668476219228, "gamma": 0.01, "lamda": 0.7}, "datetime": {"datetime": "2021-06-21 19:51:55", "elapsed": 135.789239, "delta": 0.725061}}
{"target": -13.450219497969401, "params": {"C": 3.1266051541884656, "epsilon": 0.4965175992153214, "gamma": 0.01, "lamda": 0.1}, "datetime": {"datetime": "2021-06-21 19:51:56", "elapsed": 136.568156, "delta": 0.778917}}
{"target": -12.101927432286368, "params": {"C": 8.321674462762727, "epsilon": 3.468664835119894, "gamma": 0.01, "lamda": 0.7}, "datetime": {"datetime": "2021-06-21 19:51:57", "elapsed": 137.312168, "delta": 0.744012}}
{"target": -19.866116983409515, "params": {"C": 7.000742319565562, "epsilon": 2.26881718446356, "gamma": 0.9668214028370465, "lamda": 0.6716528435464609}, "datetime": {"datetime": "2021-06-21 19:51:58", "elapsed": 138.009302, "delta": 0.697134}}
{"target": -11.996929859837875, "params": {"C": 9.440929080400572, "epsilon": 4.011848560016805, "gamma": 0.01, "lamda": 0.1}, "datetime": {"datetime": "2021-06-21 19:51:58", "elapsed": 138.787223, "delta": 0.777921}}
{"target": -12.130677700504263, "params": {"C": 6.425591620196163, "epsilon": 6.453029329898204, "gamma": 0.01, "lamda": 0.1}, "datetime": {"datetime": "2021-06-21 19:51:59", "elapsed": 139.468403, "delta": 0.68118}}
{"target": -12.55791065031886, "params": {"C": 4.711946603859749, "epsilon": 5.398722805191618, "gamma": 0.01, "lamda": 0.1}, "datetime": {"datetime": "2021-06-21 19:52:00", "elapsed": 140.248316, "delta": 0.779913}}
{"target": -12.592573907521915, "params": {"C": 5.242265578036097, "epsilon": 4.348101468569597, "gamma": 0.01, "lamda": 0.7}, "datetime": {"datetime": "2021-06-21 19:52:01", "elapsed": 140.995317, "delta": 0.747001}}
{"target": -12.012702912595623, "params": {"C": 10.0, "epsilon": 6.306722485624025, "gamma": 0.01, "lamda": 0.7}, "datetime": {"datetime": "2021-06-21 19:52:01", "elapsed": 141.726362, "delta": 0.731045}}
{"target": -13.030452275158366, "params": {"C": 4.814748588884875, "epsilon": 0.001, "gamma": 0.01, "lamda": 0.1}, "datetime": {"datetime": "2021-06-21 19:52:02", "elapsed": 142.846368, "delta": 1.120006}}
{"target": -14.036059077405493, "params": {"C": 1.6187402212428497, "epsilon": 9.03684369259745, "gamma": 0.01, "lamda": 0.7}, "datetime": {"datetime": "2021-06-21 19:52:04", "elapsed": 143.899552, "delta": 1.053184}}
{"target": -12.976306913186441, "params": {"C": 3.607543859141359, "epsilon": 5.608882438216442, "gamma": 0.01, "lamda": 0.7}, "datetime": {"datetime": "2021-06-21 19:52:04", "elapsed": 144.810117, "delta": 0.910565}}
{"target": -12.71336291709622, "params": {"C": 3.7543247114965097, "epsilon": 10.0, "gamma": 0.01, "lamda": 0.7}, "datetime": {"datetime": "2021-06-21 19:52:06", "elapsed": 146.180971, "delta": 1.370854}}
{"target": -12.152980916688447, "params": {"C": 7.677959645763413, "epsilon": 1.9651273631027182, "gamma": 0.01, "lamda": 0.1}, "datetime": {"datetime": "2021-06-21 19:52:07", "elapsed": 147.23914, "delta": 1.058169}}
{"target": -12.979922645401503, "params": {"C": 2.6380906235957418, "epsilon": 9.105389753613212, "gamma": 0.01, "lamda": 0.1}, "datetime": {"datetime": "2021-06-21 19:52:08", "elapsed": 147.924914, "delta": 0.685774}}
{"target": -12.296254241835882, "params": {"C": 6.8120548041198665, "epsilon": 2.9826847496093802, "gamma": 0.01, "lamda": 0.1}, "datetime": {"datetime": "2021-06-21 19:52:08", "elapsed": 148.616732, "delta": 0.691818}}
{"target": -13.206564627498723, "params": {"C": 3.5227809602882068, "epsilon": 1.5878478828646259, "gamma": 0.01, "lamda": 0.1}, "datetime": {"datetime": "2021-06-21 19:52:09", "elapsed": 149.39879, "delta": 0.782058}}
{"target": -11.871785727856606, "params": {"C": 9.681075217852834, "epsilon": 5.7614887724866515, "gamma": 0.01, "lamda": 0.1}, "datetime": {"datetime": "2021-06-21 19:52:10", "elapsed": 150.299343, "delta": 0.900553}}
{"target": -11.917077328818982, "params": {"C": 8.53162280937805, "epsilon": 7.1081846366655235, "gamma": 0.01, "lamda": 0.7}, "datetime": {"datetime": "2021-06-21 19:52:11", "elapsed": 151.238584, "delta": 0.939241}}
{"target": -12.882767927653346, "params": {"C": 4.021242704066041, "epsilon": 3.8920278653535556, "gamma": 0.01, "lamda": 0.1}, "datetime": {"datetime": "2021-06-21 19:52:12", "elapsed": 152.012655, "delta": 0.774071}}
{"target": -21.91801773705647, "params": {"C": 1.8359542949041114, "epsilon": 1.5580080797994602, "gamma": 1.0, "lamda": 0.1}, "datetime": {"datetime": "2021-06-21 19:52:12", "elapsed": 152.860054, "delta": 0.847399}}
{"target": -20.398352237298095, "params": {"C": 4.656976504273301, "epsilon": 2.859424082919918, "gamma": 1.0, "lamda": 0.1}, "datetime": {"datetime": "2021-06-21 19:52:13", "elapsed": 153.673878, "delta": 0.813824}}
{"target": -33.80702456666242, "params": {"C": 0.001, "epsilon": 6.917137992546674, "gamma": 0.01, "lamda": 0.7}, "datetime": {"datetime": "2021-06-21 19:52:14", "elapsed": 154.523604, "delta": 0.849726}}
{"target": -11.873155447347616, "params": {"C": 7.5165073478954625, "epsilon": 9.324528931345968, "gamma": 0.01, "lamda": 0.7}, "datetime": {"datetime": "2021-06-21 19:52:15", "elapsed": 155.328503, "delta": 0.804899}}
{"target": -13.80072544942771, "params": {"C": 1.9040079785920916, "epsilon": 8.225019587209365, "gamma": 0.01, "lamda": 0.7}, "datetime": {"datetime": "2021-06-21 19:52:16", "elapsed": 156.05855, "delta": 0.730047}}
{"target": -12.10882942121105, "params": {"C": 7.308700657602801, "epsilon": 3.7329843906325304, "gamma": 0.01, "lamda": 0.1}, "datetime": {"datetime": "2021-06-21 19:52:16", "elapsed": 156.845416, "delta": 0.786866}}
{"target": -13.237772657837338, "params": {"C": 2.5163191610659936, "epsilon": 7.053940801048046, "gamma": 0.01, "lamda": 0.1}, "datetime": {"datetime": "2021-06-21 19:52:17", "elapsed": 157.670211, "delta": 0.824795}}
{"target": -19.51876721953826, "params": {"C": 8.786093892763109, "epsilon": 10.0, "gamma": 1.0, "lamda": 0.1}, "datetime": {"datetime": "2021-06-21 19:52:18", "elapsed": 158.402253, "delta": 0.732042}}
{"target": -11.87991690974209, "params": {"C": 8.89631358474639, "epsilon": 8.316041466439076, "gamma": 0.01, "lamda": 0.7}, "datetime": {"datetime": "2021-06-21 19:52:19", "elapsed": 159.260956, "delta": 0.858703}}
{"target": -11.71936922413113, "params": {"C": 9.159926109740983, "epsilon": 7.936481479469332, "gamma": 0.01, "lamda": 0.1}, "datetime": {"datetime": "2021-06-21 19:52:20", "elapsed": 160.208423, "delta": 0.947467}}
{"target": -12.343523077353598, "params": {"C": 6.691649666957434, "epsilon": 3.529506212906915, "gamma": 0.01, "lamda": 0.7}, "datetime": {"datetime": "2021-06-21 19:52:21", "elapsed": 161.065132, "delta": 0.856709}}
{"target": -11.750867558844988, "params": {"C": 7.65153618374946, "epsilon": 7.742802091758414, "gamma": 0.01, "lamda": 0.1}, "datetime": {"datetime": "2021-06-21 19:52:21", "elapsed": 161.821111, "delta": 0.755979}}
{"target": -13.900754619491487, "params": {"C": 1.5647879010513333, "epsilon": 10.0, "gamma": 0.01, "lamda": 0.1}, "datetime": {"datetime": "2021-06-21 19:52:22", "elapsed": 162.702752, "delta": 0.881641}}
{"target": -14.804861475338472, "params": {"C": 1.3101866856428195, "epsilon": 5.588927473913755, "gamma": 0.01, "lamda": 0.1}, "datetime": {"datetime": "2021-06-21 19:52:23", "elapsed": 163.516576, "delta": 0.813824}}
{"target": -11.816185202960918, "params": {"C": 8.248213071542969, "epsilon": 6.370360492641598, "gamma": 0.01, "lamda": 0.1}, "datetime": {"datetime": "2021-06-21 19:52:24", "elapsed": 164.635584, "delta": 1.119008}}
{"target": -12.41679872983351, "params": {"C": 4.875919735798413, "epsilon": 6.905259591655146, "gamma": 0.01, "lamda": 0.1}, "datetime": {"datetime": "2021-06-21 19:52:25", "elapsed": 165.417493, "delta": 0.781909}}
{"target": -14.419767145493934, "params": {"C": 1.8632170920521114, "epsilon": 0.9822256302365207, "gamma": 0.01, "lamda": 0.1}, "datetime": {"datetime": "2021-06-21 19:52:26", "elapsed": 166.191425, "delta": 0.773932}}
{"target": -12.301060222394575, "params": {"C": 4.482004514575292, "epsilon": 9.478826488047805, "gamma": 0.01, "lamda": 0.1}, "datetime": {"datetime": "2021-06-21 19:52:27", "elapsed": 167.007241, "delta": 0.815816}}
{"target": -13.508916265346965, "params": {"C": 2.945974307857074, "epsilon": 1.7450721552685997, "gamma": 0.01, "lamda": 0.7}, "datetime": {"datetime": "2021-06-21 19:52:27", "elapsed": 167.732303, "delta": 0.725062}}
{"target": -12.063443470782536, "params": {"C": 10.0, "epsilon": 4.980311121634278, "gamma": 0.01, "lamda": 0.7}, "datetime": {"datetime": "2021-06-21 19:52:28", "elapsed": 168.681765, "delta": 0.949462}}
{"target": -12.560157198954672, "params": {"C": 6.139332815567848, "epsilon": 1.981146333232443, "gamma": 0.01, "lamda": 0.7}, "datetime": {"datetime": "2021-06-21 19:52:29", "elapsed": 169.668127, "delta": 0.986362}}
{"target": -12.045462788395103, "params": {"C": 7.95500485736536, "epsilon": 4.635040912755555, "gamma": 0.01, "lamda": 0.7}, "datetime": {"datetime": "2021-06-21 19:52:30", "elapsed": 170.608612, "delta": 0.940485}}
{"target": -11.657804350039184, "params": {"C": 8.917830677944414, "epsilon": 9.309059310390586, "gamma": 0.012375394291520604, "lamda": 0.11362744151539726}, "datetime": {"datetime": "2021-06-21 19:52:32", "elapsed": 171.902153, "delta": 1.293541}}
{"target": -11.981734759321606, "params": {"C": 7.314998588884718, "epsilon": 5.391456311864009, "gamma": 0.01, "lamda": 0.1}, "datetime": {"datetime": "2021-06-21 19:52:33", "elapsed": 172.903477, "delta": 1.001324}}
{"target": -12.210997213235588, "params": {"C": 6.738332034447469, "epsilon": 6.160551083040192, "gamma": 0.01, "lamda": 0.7}, "datetime": {"datetime": "2021-06-21 19:52:33", "elapsed": 173.801075, "delta": 0.897598}}
{"target": -11.679192918009504, "params": {"C": 8.992295303481447, "epsilon": 8.608908811325765, "gamma": 0.01, "lamda": 0.1}, "datetime": {"datetime": "2021-06-21 19:52:35", "elapsed": 174.908115, "delta": 1.10704}}
{"target": -11.992899373433485, "params": {"C": 10.0, "epsilon": 4.389304704938842, "gamma": 0.01, "lamda": 0.1}, "datetime": {"datetime": "2021-06-21 19:52:36", "elapsed": 176.265486, "delta": 1.357371}}
{"target": -12.675954342425777, "params": {"C": 3.521771626445642, "epsilon": 7.568164470625724, "gamma": 0.01, "lamda": 0.1}, "datetime": {"datetime": "2021-06-21 19:52:37", "elapsed": 177.555038, "delta": 1.289552}}
{"target": -11.366189297612305, "params": {"C": 6.0132595412887335, "epsilon": 9.468998715734703, "gamma": 0.023106681517838932, "lamda": 0.3445100457443626}, "datetime": {"datetime": "2021-06-21 19:52:38", "elapsed": 178.540402, "delta": 0.985364}}
{"target": -12.691465797590423, "params": {"C": 4.282498087786763, "epsilon": 7.719477170456256, "gamma": 0.01, "lamda": 0.7}, "datetime": {"datetime": "2021-06-21 19:52:39", "elapsed": 179.443986, "delta": 0.903584}}
{"target": -12.363519357535997, "params": {"C": 6.9234462702152495, "epsilon": 2.3154305429519755, "gamma": 0.01, "lamda": 0.7}, "datetime": {"datetime": "2021-06-21 19:52:40", "elapsed": 180.352556, "delta": 0.90857}}
{"target": -12.973190992163563, "params": {"C": 4.4046469952422305, "epsilon": 1.732826800802796, "gamma": 0.01, "lamda": 0.1}, "datetime": {"datetime": "2021-06-21 19:52:41", "elapsed": 181.226221, "delta": 0.873665}}
{"target": -13.141967611611669, "params": {"C": 3.787649792221845, "epsilon": 1.9204266316826597, "gamma": 0.01, "lamda": 0.7}, "datetime": {"datetime": "2021-06-21 19:52:42", "elapsed": 182.225548, "delta": 0.999327}}
{"target": -11.987254202409089, "params": {"C": 8.663115542585235, "epsilon": 5.633303894649895, "gamma": 0.01, "lamda": 0.7}, "datetime": {"datetime": "2021-06-21 19:52:43", "elapsed": 183.353532, "delta": 1.127984}}
{"target": -12.02649899042227, "params": {"C": 8.745698257795118, "epsilon": 3.466045179402062, "gamma": 0.01, "lamda": 0.1}, "datetime": {"datetime": "2021-06-21 19:52:44", "elapsed": 184.405719, "delta": 1.052187}}
{"target": -13.029986062409273, "params": {"C": 4.643176758218235, "epsilon": 0.6553344087209922, "gamma": 0.01, "lamda": 0.7}, "datetime": {"datetime": "2021-06-21 19:52:45", "elapsed": 185.579583, "delta": 1.173864}}
{"target": -13.136490613188535, "params": {"C": 3.5676861611142017, "epsilon": 2.317942322910563, "gamma": 0.01, "lamda": 0.21696813409978483}, "datetime": {"datetime": "2021-06-21 19:52:46", "elapsed": 186.730502, "delta": 1.150919}}
{"target": -11.982253234163712, "params": {"C": 8.776035056430143, "epsilon": 4.067876236803006, "gamma": 0.01, "lamda": 0.1}, "datetime": {"datetime": "2021-06-21 19:52:47", "elapsed": 187.87544, "delta": 1.144938}}
{"target": -15.30179671239039, "params": {"C": 9.037493490597724, "epsilon": 3.5824978843962683, "gamma": 0.4820146685663315, "lamda": 0.3820833678237281}, "datetime": {"datetime": "2021-06-21 19:52:49", "elapsed": 189.200896, "delta": 1.325456}}
{"target": -11.920944256152799, "params": {"C": 8.101941546372748, "epsilon": 5.059219794514641, "gamma": 0.01, "lamda": 0.1}, "datetime": {"datetime": "2021-06-21 19:52:50", "elapsed": 190.294969, "delta": 1.094073}}
{"target": -12.77253461971708, "params": {"C": 3.8931817865110743, "epsilon": 5.244280446575792, "gamma": 0.01, "lamda": 0.1}, "datetime": {"datetime": "2021-06-21 19:52:51", "elapsed": 191.559588, "delta": 1.264619}}
{"target": -16.093084504305146, "params": {"C": 4.462622984347542, "epsilon": 2.0343474772244803, "gamma": 0.5142727070970091, "lamda": 0.7}, "datetime": {"datetime": "2021-06-21 19:52:52", "elapsed": 192.580858, "delta": 1.02127}}
{"target": -11.944830785171359, "params": {"C": 9.73279390019045, "epsilon": 7.673799051741754, "gamma": 0.01, "lamda": 0.7}, "datetime": {"datetime": "2021-06-21 19:52:53", "elapsed": 193.775663, "delta": 1.194805}}
{"target": -12.081082047770597, "params": {"C": 10.0, "epsilon": 3.0770063912166252, "gamma": 0.01, "lamda": 0.1}, "datetime": {"datetime": "2021-06-21 19:52:55", "elapsed": 195.374387, "delta": 1.598724}}
{"target": -11.680380149539923, "params": {"C": 8.077882553896115, "epsilon": 8.436604211622234, "gamma": 0.012597195050595013, "lamda": 0.10100175876065653}, "datetime": {"datetime": "2021-06-21 19:52:56", "elapsed": 196.36474, "delta": 0.990353}}
{"target": -12.317208923147204, "params": {"C": 5.969295325014494, "epsilon": 7.409059767109563, "gamma": 0.01, "lamda": 0.7}, "datetime": {"datetime": "2021-06-21 19:52:57", "elapsed": 197.345118, "delta": 0.980378}}
{"target": -11.865783341170225, "params": {"C": 9.476932145700202, "epsilon": 10.0, "gamma": 0.01, "lamda": 0.7}, "datetime": {"datetime": "2021-06-21 19:52:58", "elapsed": 198.298568, "delta": 0.95345}}
{"target": -11.938684317348587, "params": {"C": 7.307918024960999, "epsilon": 8.631898966514651, "gamma": 0.01, "lamda": 0.7}, "datetime": {"datetime": "2021-06-21 19:52:59", "elapsed": 199.276952, "delta": 0.978384}}
{"target": -11.721444190391269, "params": {"C": 7.31737118336132, "epsilon": 9.403150061810077, "gamma": 0.01, "lamda": 0.1}, "datetime": {"datetime": "2021-06-21 19:53:00", "elapsed": 200.359058, "delta": 1.082106}}
{"target": -12.16457481171503, "params": {"C": 8.876368133394553, "epsilon": 2.237261032561029, "gamma": 0.01, "lamda": 0.7}, "datetime": {"datetime": "2021-06-21 19:53:01", "elapsed": 201.242694, "delta": 0.883636}}
{"target": -11.744854283044267, "params": {"C": 10.0, "epsilon": 8.202982838434123, "gamma": 0.01, "lamda": 0.1}, "datetime": {"datetime": "2021-06-21 19:53:02", "elapsed": 202.261969, "delta": 1.019275}}
{"target": -12.761030113083718, "params": {"C": 3.789918029594078, "epsilon": 8.596687074380531, "gamma": 0.01, "lamda": 0.7}, "datetime": {"datetime": "2021-06-21 19:53:03", "elapsed": 203.157574, "delta": 0.895605}}
