{"target": -15.657726716250671, "params": {"C": 1.0470871936528374, "epsilon": 6.217010572545697, "gamma": 0.2442800111548279, "lamda": 1.7262780396766382}, "datetime": {"datetime": "2021-06-28 09:44:37", "elapsed": 830.343137, "delta": 1.095286}}
{"target": -13.24727060801284, "params": {"C": 1.0630350919216596, "epsilon": 7.814683042839668, "gamma": 0.12971975185133489, "lamda": 1.4023900046981712}, "datetime": {"datetime": "2021-06-28 09:44:38", "elapsed": 831.450008, "delta": 1.106871}}
{"target": -14.667741155597522, "params": {"C": 5.637689404261312, "epsilon": 5.664455446045236, "gamma": 0.4024959440881423, "lamda": 0.48473504308634086}, "datetime": {"datetime": "2021-06-28 09:44:39", "elapsed": 832.540779, "delta": 1.090771}}
{"target": -16.037300323284732, "params": {"C": 2.5530381495746477, "epsilon": 4.250582603449515, "gamma": 0.4575196570562792, "lamda": 1.0918774412110033}, "datetime": {"datetime": "2021-06-28 09:44:40", "elapsed": 833.722286, "delta": 1.181507}}
{"target": -20.348824635259486, "params": {"C": 0.22354787123190092, "epsilon": 8.722353287897258, "gamma": 0.2364345935757267, "lamda": 0.3870550890064579}, "datetime": {"datetime": "2021-06-28 09:44:42", "elapsed": 834.930485, "delta": 1.208199}}
{"target": -85.06579938707854, "params": {"C": 1.9211416239834844, "epsilon": 6.343755861187537, "gamma": 0.10634413652056193, "lamda": 2.8585817659953268}, "datetime": {"datetime": "2021-06-28 09:44:52", "elapsed": 845.543504, "delta": 10.613019}}
{"target": -50.01550568925366, "params": {"C": 4.371274946196216, "epsilon": 8.441790349213809, "gamma": 0.21096763951238093, "lamda": 1.068713072364809}, "datetime": {"datetime": "2021-06-28 09:45:03", "elapsed": 856.137517, "delta": 10.594013}}
{"target": -19.009669607143927, "params": {"C": 0.7156563705815197, "epsilon": 4.525634878574227, "gamma": 0.3828020253521478, "lamda": 0.8799426534782134}, "datetime": {"datetime": "2021-06-28 09:45:04", "elapsed": 857.333199, "delta": 1.195682}}
{"target": -15.345675398947675, "params": {"C": 5.669250980105504, "epsilon": 5.787775278677553, "gamma": 0.4758254719952667, "lamda": 0.4172193664148747}, "datetime": {"datetime": "2021-06-28 09:45:05", "elapsed": 858.714429, "delta": 1.38123}}
{"target": -14.5389706340108, "params": {"C": 3.626095892604013, "epsilon": 6.891041434497942, "gamma": 0.3430125426605065, "lamda": 1.3061562931043875}, "datetime": {"datetime": "2021-06-28 09:45:07", "elapsed": 860.172852, "delta": 1.458423}}
{"target": -15.407254108513158, "params": {"C": 5.721454028657979, "epsilon": 5.612779900035849, "gamma": 0.4816713265358577, "lamda": 0.6596245674379169}, "datetime": {"datetime": "2021-06-28 09:45:08", "elapsed": 861.376343, "delta": 1.203491}}
{"target": -38.03466688789613, "params": {"C": 5.153148231406852, "epsilon": 2.737193554563084, "gamma": 0.49887588008618, "lamda": 2.378012604464419}, "datetime": {"datetime": "2021-06-28 09:45:19", "elapsed": 872.022422, "delta": 10.646079}}
{"target": -16.228620200756605, "params": {"C": 2.64316830102032, "epsilon": 2.7103557239012845, "gamma": 0.4717915493506485, "lamda": 0.023544706477347396}, "datetime": {"datetime": "2021-06-28 09:45:20", "elapsed": 873.123003, "delta": 1.100581}}
{"target": -72.62932285021532, "params": {"C": 3.4302887254997274, "epsilon": 3.9964635829933384, "gamma": 0.12679855863178913, "lamda": 1.9893337520406147}, "datetime": {"datetime": "2021-06-28 09:45:30", "elapsed": 883.666148, "delta": 10.543145}}
{"target": -15.705212773278046, "params": {"C": 0.9935391387874172, "epsilon": 8.086002133026916, "gamma": 0.2567451302569353, "lamda": 0.49760129490337124}, "datetime": {"datetime": "2021-06-28 09:45:32", "elapsed": 884.900984, "delta": 1.234836}}
{"target": -14.77259132199587, "params": {"C": 5.721188591604441, "epsilon": 5.503026209480577, "gamma": 0.4149580016383169, "lamda": 0.5958053335844805}, "datetime": {"datetime": "2021-06-28 09:45:33", "elapsed": 885.981594, "delta": 1.08061}}
{"target": -14.022246401123493, "params": {"C": 5.875047194742142, "epsilon": 5.505361349707552, "gamma": 0.30890008480431913, "lamda": 0.9170749724063461}, "datetime": {"datetime": "2021-06-28 09:45:34", "elapsed": 887.416544, "delta": 1.43495}}
{"target": -14.165320240808818, "params": {"C": 5.702923677673401, "epsilon": 5.406167530418625, "gamma": 0.32712400390662155, "lamda": 0.9988682422745283}, "datetime": {"datetime": "2021-06-28 09:45:36", "elapsed": 888.933335, "delta": 1.516791}}
{"target": -13.9974689534783, "params": {"C": 5.851124281317925, "epsilon": 5.374633364284409, "gamma": 0.30784562600612225, "lamda": 0.8190459027300017}, "datetime": {"datetime": "2021-06-28 09:45:37", "elapsed": 890.397566, "delta": 1.464231}}
{"target": -17.131022669932534, "params": {"C": 0.9340185364725546, "epsilon": 1.690769145287905, "gamma": 0.26679748416015, "lamda": 1.702653400294875}, "datetime": {"datetime": "2021-06-28 09:45:38", "elapsed": 891.544255, "delta": 1.146689}}
{"target": -14.23806195324022, "params": {"C": 5.7177321622801305, "epsilon": 5.427198002306701, "gamma": 0.33721403629940494, "lamda": 0.8375465390510425}, "datetime": {"datetime": "2021-06-28 09:45:40", "elapsed": 893.247995, "delta": 1.70374}}
{"target": -89.34412331637678, "params": {"C": 5.396917026329615, "epsilon": 5.375227908112977, "gamma": 0.043497838442588435, "lamda": 0.651123273393698}, "datetime": {"datetime": "2021-06-28 09:45:52", "elapsed": 905.114553, "delta": 11.866558}}
{"target": -16.789336596228523, "params": {"C": 2.4612052724448503, "epsilon": 1.1974866448693644, "gamma": 0.49506305090149233, "lamda": 1.5729964589385275}, "datetime": {"datetime": "2021-06-28 09:45:54", "elapsed": 906.922486, "delta": 1.807933}}
{"target": -15.188305683536573, "params": {"C": 5.0627811828044855, "epsilon": 0.37767618824394367, "gamma": 0.4129257065307883, "lamda": 0.1595692346506966}, "datetime": {"datetime": "2021-06-28 09:45:55", "elapsed": 908.130486, "delta": 1.208}}
{"target": -13.13775102922313, "params": {"C": 5.857394915832891, "epsilon": 5.500799695273951, "gamma": 0.2158280928833191, "lamda": 0.7539272190473061}, "datetime": {"datetime": "2021-06-28 09:45:56", "elapsed": 909.47046, "delta": 1.339974}}
{"target": -19.184237065213612, "params": {"C": 0.8826097960186085, "epsilon": 5.158388115873296, "gamma": 0.4854742750737697, "lamda": 1.6448579506011913}, "datetime": {"datetime": "2021-06-28 09:45:58", "elapsed": 910.88903, "delta": 1.41857}}
{"target": -13.849572643864253, "params": {"C": 5.879617044236701, "epsilon": 5.484472233470901, "gamma": 0.291556661960875, "lamda": 0.7920202789790307}, "datetime": {"datetime": "2021-06-28 09:45:59", "elapsed": 912.314079, "delta": 1.425049}}
{"target": -14.9414842848091, "params": {"C": 5.70383082025216, "epsilon": 5.497461605210185, "gamma": 0.43378026219174404, "lamda": 0.6020284750218041}, "datetime": {"datetime": "2021-06-28 09:46:00", "elapsed": 913.469501, "delta": 1.155422}}
{"target": -15.573202004601622, "params": {"C": 4.1745408995365985, "epsilon": 6.683175995597432, "gamma": 0.4862239933262043, "lamda": 0.5792380911284907}, "datetime": {"datetime": "2021-06-28 09:46:01", "elapsed": 914.664667, "delta": 1.195166}}
{"target": -14.553855520446474, "params": {"C": 4.0261723446512825, "epsilon": 1.4189418284981918, "gamma": 0.3101547449926755, "lamda": 1.75976023896167}, "datetime": {"datetime": "2021-06-28 09:46:03", "elapsed": 915.895194, "delta": 1.230527}}
{"target": -15.349502666250173, "params": {"C": 2.387657194178543, "epsilon": 6.054330852598774, "gamma": 0.38295626257916826, "lamda": 1.131143282932817}, "datetime": {"datetime": "2021-06-28 09:46:04", "elapsed": 917.502657, "delta": 1.607463}}
{"target": -45.801168257834604, "params": {"C": 3.978200254938944, "epsilon": 8.92706579419061, "gamma": 0.29322967775555314, "lamda": 0.8522900410822699}, "datetime": {"datetime": "2021-06-28 09:46:15", "elapsed": 928.275662, "delta": 10.773005}}
{"target": -14.490489748020497, "params": {"C": 5.655512207586562, "epsilon": 5.521380163969037, "gamma": 0.37576957024569996, "lamda": 0.6513247905504691}, "datetime": {"datetime": "2021-06-28 09:46:17", "elapsed": 929.794727, "delta": 1.519065}}
{"target": -14.898378711421453, "params": {"C": 5.557411557698741, "epsilon": 5.76840299052773, "gamma": 0.43169808272905713, "lamda": 0.5458898055705288}, "datetime": {"datetime": "2021-06-28 09:46:18", "elapsed": 931.006632, "delta": 1.211905}}
{"target": -37.00413998976704, "params": {"C": 4.571618591091734, "epsilon": 8.021512697162711, "gamma": 0.4772223593992831, "lamda": 0.442881759264649}, "datetime": {"datetime": "2021-06-28 09:46:28", "elapsed": 941.551557, "delta": 10.544925}}
{"target": -13.62516198395667, "params": {"C": 3.305041699243934, "epsilon": 6.3113095241484, "gamma": 0.2561435751505701, "lamda": 0.5555585610637835}, "datetime": {"datetime": "2021-06-28 09:46:30", "elapsed": 942.908391, "delta": 1.356834}}
{"target": -13.897574803565494, "params": {"C": 5.624305443147171, "epsilon": 5.371337598098494, "gamma": 0.2934909664785178, "lamda": 0.7859281078211817}, "datetime": {"datetime": "2021-06-28 09:46:31", "elapsed": 944.530043, "delta": 1.621652}}
{"target": -15.005270289946768, "params": {"C": 3.9339487055896147, "epsilon": 1.3675964098319124, "gamma": 0.3697921033920163, "lamda": 0.7976672891360548}, "datetime": {"datetime": "2021-06-28 09:46:33", "elapsed": 945.866648, "delta": 1.336605}}
{"target": -15.44938002347954, "params": {"C": 5.728541588684092, "epsilon": 5.338201122169189, "gamma": 0.48419099504941004, "lamda": 0.8899926500843078}, "datetime": {"datetime": "2021-06-28 09:46:34", "elapsed": 947.373608, "delta": 1.50696}}
{"target": -14.397696516892447, "params": {"C": 1.5279789326430695, "epsilon": 3.1258303045194897, "gamma": 0.21524196686317762, "lamda": 0.3318103941574478}, "datetime": {"datetime": "2021-06-28 09:46:36", "elapsed": 948.94702, "delta": 1.573412}}
{"target": -14.54457383500495, "params": {"C": 5.747796588498211, "epsilon": 5.363656983713264, "gamma": 0.3856979827209575, "lamda": 0.9394614798882152}, "datetime": {"datetime": "2021-06-28 09:46:37", "elapsed": 950.06493, "delta": 1.11791}}
{"target": -52.15183409847594, "params": {"C": 2.668493070880422, "epsilon": 9.88386939477294, "gamma": 0.17717508064402376, "lamda": 1.5035260595797404}, "datetime": {"datetime": "2021-06-28 09:46:54", "elapsed": 967.397538, "delta": 17.332608}}
{"target": -85.91306094476832, "params": {"C": 4.953404156094781, "epsilon": 6.941097524937959, "gamma": 0.08053774928920349, "lamda": 2.8767219137446136}, "datetime": {"datetime": "2021-06-28 09:47:12", "elapsed": 985.040568, "delta": 17.64303}}
{"target": -39.600464631665034, "params": {"C": 4.255001489271733, "epsilon": 7.60807816556888, "gamma": 0.3289239575943229, "lamda": 1.4672987183216533}, "datetime": {"datetime": "2021-06-28 09:47:23", "elapsed": 995.956542, "delta": 10.915974}}
{"target": -18.94415258072719, "params": {"C": 0.8823534857820347, "epsilon": 5.137130001191942, "gamma": 0.459815027281012, "lamda": 1.6904422660466965}, "datetime": {"datetime": "2021-06-28 09:47:25", "elapsed": 997.807669, "delta": 1.851127}}
{"target": -14.859935162870208, "params": {"C": 5.764739045060095, "epsilon": 5.809977833577053, "gamma": 0.42903799010076515, "lamda": 0.4673899292584976}, "datetime": {"datetime": "2021-06-28 09:47:26", "elapsed": 999.182916, "delta": 1.375247}}
{"target": -20.255805835018357, "params": {"C": 0.549247606789274, "epsilon": 8.700194169176754, "gamma": 0.49529779215163733, "lamda": 0.316906781393945}, "datetime": {"datetime": "2021-06-28 09:47:27", "elapsed": 1000.644028, "delta": 1.461112}}
{"target": -15.686453420152802, "params": {"C": 0.8703513780485874, "epsilon": 8.020484815507665, "gamma": 0.22163531333127787, "lamda": 0.47404078368771685}, "datetime": {"datetime": "2021-06-28 09:47:29", "elapsed": 1001.946154, "delta": 1.302126}}
{"target": -15.53936847441204, "params": {"C": 2.701046036838518, "epsilon": 4.243924633483541, "gamma": 0.4137703647439596, "lamda": 1.0942413964186763}, "datetime": {"datetime": "2021-06-28 09:47:30", "elapsed": 1003.251261, "delta": 1.305107}}
{"target": -16.835958817753998, "params": {"C": 2.4656509830268245, "epsilon": 1.1960376561551964, "gamma": 0.4998659361307485, "lamda": 1.5788062619962986}, "datetime": {"datetime": "2021-06-28 09:47:31", "elapsed": 1004.567438, "delta": 1.316177}}
{"target": -17.446781796801332, "params": {"C": 0.9224951851382338, "epsilon": 4.472028033213786, "gamma": 0.3230813786143077, "lamda": 1.2031742942482224}, "datetime": {"datetime": "2021-06-28 09:47:33", "elapsed": 1005.860612, "delta": 1.293174}}
{"target": -14.751538534936207, "params": {"C": 5.073854797121816, "epsilon": 0.38585446099183607, "gamma": 0.3591683386883021, "lamda": 0.23367960429800447}, "datetime": {"datetime": "2021-06-28 09:47:34", "elapsed": 1007.595446, "delta": 1.734834}}
{"target": -78.95698854674977, "params": {"C": 2.1136270424970958, "epsilon": 6.631987277546425, "gamma": 0.09680578139315477, "lamda": 0.389545299810138}, "datetime": {"datetime": "2021-06-28 09:47:45", "elapsed": 1018.626221, "delta": 11.030775}}
{"target": -14.094781036123077, "params": {"C": 5.740510449285918, "epsilon": 5.566884399813, "gamma": 0.3175035328574052, "lamda": 0.5665604614229617}, "datetime": {"datetime": "2021-06-28 09:47:47", "elapsed": 1020.58744, "delta": 1.961219}}
{"target": -14.502658104472646, "params": {"C": 5.71126631389772, "epsilon": 5.6545600834129655, "gamma": 0.3817803999713949, "lamda": 0.5080352186467526}, "datetime": {"datetime": "2021-06-28 09:47:49", "elapsed": 1022.550742, "delta": 1.963302}}
{"target": -41.09524643386148, "params": {"C": 4.6416573821013225, "epsilon": 4.621951891269451, "gamma": 0.32397882316567367, "lamda": 2.3115337188803955}, "datetime": {"datetime": "2021-06-28 09:48:00", "elapsed": 1033.460293, "delta": 10.909551}}
{"target": -14.43860221973684, "params": {"C": 3.6817330405320625, "epsilon": 6.9936281186278135, "gamma": 0.3311936457793671, "lamda": 1.2999746304253266}, "datetime": {"datetime": "2021-06-28 09:48:02", "elapsed": 1035.391531, "delta": 1.931238}}
{"target": -20.47739727336301, "params": {"C": 0.30846761647423315, "epsilon": 5.594976574687135, "gamma": 0.261454229819947, "lamda": 1.8139988123385804}, "datetime": {"datetime": "2021-06-28 09:48:03", "elapsed": 1036.791827, "delta": 1.400296}}
{"target": -13.930778997502745, "params": {"C": 4.095495788783414, "epsilon": 7.341635876858733, "gamma": 0.28310182204948353, "lamda": 2.0175065693680043}, "datetime": {"datetime": "2021-06-28 09:48:05", "elapsed": 1038.145854, "delta": 1.354027}}
{"target": -14.97722880125889, "params": {"C": 5.071670650884154, "epsilon": 7.876967484877535, "gamma": 0.4428724894450024, "lamda": 0.2559469571001692}, "datetime": {"datetime": "2021-06-28 09:48:07", "elapsed": 1039.920574, "delta": 1.77472}}
{"target": -35.37321998561683, "params": {"C": 3.319899195546694, "epsilon": 9.02690509626726, "gamma": 0.4880397623886098, "lamda": 2.304305510203772}, "datetime": {"datetime": "2021-06-28 09:48:17", "elapsed": 1050.338275, "delta": 10.417701}}
{"target": -14.296183821070251, "params": {"C": 5.674394067580721, "epsilon": 5.675450029528339, "gamma": 0.34846378952610413, "lamda": 0.50375621238797}, "datetime": {"datetime": "2021-06-28 09:48:19", "elapsed": 1052.212054, "delta": 1.873779}}
{"target": -15.261909767329144, "params": {"C": 5.705858201888169, "epsilon": 5.909871328804203, "gamma": 0.4690548542893723, "lamda": 0.4133963457041034}, "datetime": {"datetime": "2021-06-28 09:48:21", "elapsed": 1053.889664, "delta": 1.67761}}
{"target": -15.024835506885426, "params": {"C": 5.67680486987208, "epsilon": 5.7164167082347435, "gamma": 0.44304097467224685, "lamda": 0.5177846907900296}, "datetime": {"datetime": "2021-06-28 09:48:22", "elapsed": 1055.554315, "delta": 1.664651}}
{"target": -13.020839769501102, "params": {"C": 5.148974841410981, "epsilon": 1.4482891192557483, "gamma": 0.18645342794294506, "lamda": 0.464685780682409}, "datetime": {"datetime": "2021-06-28 09:48:24", "elapsed": 1056.893301, "delta": 1.338986}}
{"target": -13.079315048326118, "params": {"C": 5.819215294694393, "epsilon": 5.557987092154577, "gamma": 0.21259534561469456, "lamda": 0.7942767729180181}, "datetime": {"datetime": "2021-06-28 09:48:25", "elapsed": 1058.464168, "delta": 1.570867}}
{"target": -67.87487691259172, "params": {"C": 3.1333685238260416, "epsilon": 7.056730665579243, "gamma": 0.12858057465349623, "lamda": 2.1381729322074667}, "datetime": {"datetime": "2021-06-28 09:48:36", "elapsed": 1069.424184, "delta": 10.960016}}
{"target": -41.827308856060306, "params": {"C": 5.2305561009655195, "epsilon": 8.39619231900296, "gamma": 0.34276709293444674, "lamda": 0.8536648314176128}, "datetime": {"datetime": "2021-06-28 09:48:47", "elapsed": 1080.280599, "delta": 10.856415}}
{"target": -14.733757984951023, "params": {"C": 5.601265467548565, "epsilon": 5.400280446258967, "gamma": 0.4064712256182923, "lamda": 0.8979075689140373}, "datetime": {"datetime": "2021-06-28 09:48:49", "elapsed": 1082.085863, "delta": 1.805264}}
{"target": -14.657105150643515, "params": {"C": 5.721819120476927, "epsilon": 5.534254317948894, "gamma": 0.4019769812072901, "lamda": 0.869554540575013}, "datetime": {"datetime": "2021-06-28 09:48:51", "elapsed": 1084.263095, "delta": 2.177232}}
{"target": -93.01950693097514, "params": {"C": 1.7277318970480768, "epsilon": 1.6930562675298513, "gamma": 0.054932152062083565, "lamda": 2.6209278193837946}, "datetime": {"datetime": "2021-06-28 09:49:08", "elapsed": 1101.427872, "delta": 17.164777}}
{"target": -18.39863410163216, "params": {"C": 0.3347177470098745, "epsilon": 9.454604630365425, "gamma": 0.2135041204367426, "lamda": 0.5977555712222953}, "datetime": {"datetime": "2021-06-28 09:49:10", "elapsed": 1102.819234, "delta": 1.391362}}
{"target": -15.685929098143674, "params": {"C": 1.7063207951203752, "epsilon": 4.016783845333921, "gamma": 0.33306473810029236, "lamda": 0.3688232010416632}, "datetime": {"datetime": "2021-06-28 09:49:11", "elapsed": 1104.357793, "delta": 1.538559}}
{"target": -14.785661438130454, "params": {"C": 3.684300798359578, "epsilon": 6.912371788471201, "gamma": 0.3828044672294086, "lamda": 1.3421475082777798}, "datetime": {"datetime": "2021-06-28 09:49:13", "elapsed": 1106.310864, "delta": 1.953071}}
{"target": -18.925993078155198, "params": {"C": 1.0675113924819861, "epsilon": 1.0309137609089696, "gamma": 0.4597254512083978, "lamda": 1.0435109672233316}, "datetime": {"datetime": "2021-06-28 09:49:14", "elapsed": 1107.675154, "delta": 1.36429}}
{"target": -14.069288501978175, "params": {"C": 0.9341044200199166, "epsilon": 7.89808287753213, "gamma": 0.15630754353163406, "lamda": 0.4380628043948467}, "datetime": {"datetime": "2021-06-28 09:49:16", "elapsed": 1109.654893, "delta": 1.979739}}
{"target": -42.80352241608614, "params": {"C": 2.6187491078292435, "epsilon": 5.57440394204952, "gamma": 0.2688771181314038, "lamda": 2.8283882485866494}, "datetime": {"datetime": "2021-06-28 09:49:27", "elapsed": 1120.684945, "delta": 11.030052}}
{"target": -14.788707725583283, "params": {"C": 1.0467652515577068, "epsilon": 7.979389807209106, "gamma": 0.20936360439876195, "lamda": 0.5531125220673396}, "datetime": {"datetime": "2021-06-28 09:49:29", "elapsed": 1122.441254, "delta": 1.756309}}
{"target": -14.639201096073892, "params": {"C": 4.733226633320411, "epsilon": 2.4661196905854075, "gamma": 0.3535591599641093, "lamda": 0.519668906285054}, "datetime": {"datetime": "2021-06-28 09:49:31", "elapsed": 1123.884391, "delta": 1.443137}}
{"target": -54.81263534165478, "params": {"C": 5.254067187973371, "epsilon": 3.9587838140573233, "gamma": 0.18627439712187815, "lamda": 2.5848912199243816}, "datetime": {"datetime": "2021-06-28 09:49:42", "elapsed": 1135.735089, "delta": 11.850698}}
{"target": -52.199487971336055, "params": {"C": 3.617741491084643, "epsilon": 8.5733523295845, "gamma": 0.20056095040217872, "lamda": 0.3405075070319345}, "datetime": {"datetime": "2021-06-28 09:49:54", "elapsed": 1147.074795, "delta": 11.339706}}
{"target": -14.07996564362385, "params": {"C": 5.766333104902636, "epsilon": 5.554054193746118, "gamma": 0.318660010271514, "lamda": 0.6387853289251405}, "datetime": {"datetime": "2021-06-28 09:49:56", "elapsed": 1148.945891, "delta": 1.871096}}
{"target": -12.548097790890566, "params": {"C": 2.949254273799816, "epsilon": 6.2309753177627005, "gamma": 0.1714944974182172, "lamda": 0.41879064707329416}, "datetime": {"datetime": "2021-06-28 09:49:57", "elapsed": 1150.319909, "delta": 1.374018}}
{"target": -68.71665293022869, "params": {"C": 5.409553972197169, "epsilon": 6.690960882505613, "gamma": 0.12703631884389885, "lamda": 2.7605702332688518}, "datetime": {"datetime": "2021-06-28 09:50:08", "elapsed": 1161.48124, "delta": 11.161331}}
{"target": -15.201854127704145, "params": {"C": 1.0972768306304321, "epsilon": 6.163827427690457, "gamma": 0.22678381838363365, "lamda": 1.7153263306467608}, "datetime": {"datetime": "2021-06-28 09:50:10", "elapsed": 1163.599162, "delta": 2.117922}}
{"target": -13.737108397595394, "params": {"C": 5.842486088082853, "epsilon": 5.4225528775312695, "gamma": 0.2768719975295192, "lamda": 0.8020881736256418}, "datetime": {"datetime": "2021-06-28 09:50:12", "elapsed": 1165.707146, "delta": 2.107984}}
{"target": -15.364202111592515, "params": {"C": 2.8588500753384665, "epsilon": 5.756299873648361, "gamma": 0.4128201454377596, "lamda": 0.28631251016554565}, "datetime": {"datetime": "2021-06-28 09:50:14", "elapsed": 1167.089588, "delta": 1.382442}}
{"target": -15.985768196473144, "params": {"C": 0.9502341856375336, "epsilon": 8.081112298996336, "gamma": 0.26277375378855955, "lamda": 0.40973456251240564}, "datetime": {"datetime": "2021-06-28 09:50:15", "elapsed": 1168.594685, "delta": 1.505097}}
