{"target": -16.119751846731592, "params": {"C": 2.4690365808974466, "epsilon": 15.805957354944818, "gamma": 0.25188276394453374, "lamda": 0.47102545306059845}, "datetime": {"datetime": "2021-06-28 17:29:29", "elapsed": 632.580878, "delta": 0.966418}}
{"target": -19.114879923017256, "params": {"C": 3.846252658506469, "epsilon": 18.803887921762225, "gamma": 0.48203981475104685, "lamda": 0.6617995666971286}, "datetime": {"datetime": "2021-06-28 17:29:31", "elapsed": 634.219478, "delta": 1.6386}}
{"target": -17.97605947593597, "params": {"C": 3.261625354679803, "epsilon": 5.175061457864938, "gamma": 0.36416217753062213, "lamda": 0.23887726253547834}, "datetime": {"datetime": "2021-06-28 17:29:32", "elapsed": 635.596786, "delta": 1.377308}}
{"target": -19.30267123255073, "params": {"C": 1.1884628544215436, "epsilon": 17.547950754550293, "gamma": 0.46749030130606, "lamda": 0.13484432712922853}, "datetime": {"datetime": "2021-06-28 17:29:33", "elapsed": 636.560205, "delta": 0.963419}}
{"target": -15.301442857679634, "params": {"C": 3.7780126467544672, "epsilon": 12.982965794198304, "gamma": 0.20465447990889044, "lamda": 0.9531759024533022}, "datetime": {"datetime": "2021-06-28 17:29:34", "elapsed": 637.589448, "delta": 1.029243}}
{"target": -18.809425679841407, "params": {"C": 7.5155041552145665, "epsilon": 17.009496629804282, "gamma": 0.41603665942297374, "lamda": 0.3605437931910237}, "datetime": {"datetime": "2021-06-28 17:29:35", "elapsed": 638.616693, "delta": 1.027245}}
{"target": -35.579126556780366, "params": {"C": 5.59605066104336, "epsilon": 8.457659958119788, "gamma": 0.45133813958270774, "lamda": 0.7906207784771774}, "datetime": {"datetime": "2021-06-28 17:29:42", "elapsed": 645.286814, "delta": 6.670121}}
{"target": -18.562944832294274, "params": {"C": 1.72741122576343, "epsilon": 13.234785257430515, "gamma": 0.4015871229239546, "lamda": 0.47803832835047105}, "datetime": {"datetime": "2021-06-28 17:29:43", "elapsed": 646.2991, "delta": 1.012286}}
{"target": -22.526783846900187, "params": {"C": 8.841646791203313, "epsilon": 17.59533760783496, "gamma": 0.905378216293493, "lamda": 0.1342309085351207}, "datetime": {"datetime": "2021-06-28 17:29:44", "elapsed": 647.498884, "delta": 1.199784}}
{"target": -17.77002633742358, "params": {"C": 3.205956833232802, "epsilon": 1.500376184359268, "gamma": 0.3220286983256532, "lamda": 0.05750767474660467}, "datetime": {"datetime": "2021-06-28 17:29:45", "elapsed": 648.480254, "delta": 0.98137}}
{"target": -23.590141200277145, "params": {"C": 8.708192217400283, "epsilon": 6.061280559262484, "gamma": 0.9977288189496291, "lamda": 0.7940576850902257}, "datetime": {"datetime": "2021-06-28 17:29:46", "elapsed": 649.481572, "delta": 1.001318}}
{"target": -23.45655167454284, "params": {"C": 4.87940927274286, "epsilon": 6.009773611527717, "gamma": 0.9430074160349836, "lamda": 0.014484702144673553}, "datetime": {"datetime": "2021-06-28 17:29:47", "elapsed": 650.499842, "delta": 1.01827}}
{"target": -40.29769057444715, "params": {"C": 6.08010144567755, "epsilon": 8.478061421906407, "gamma": 0.24598076131728827, "lamda": 0.6653646871305046}, "datetime": {"datetime": "2021-06-28 17:29:54", "elapsed": 657.388378, "delta": 6.888536}}
{"target": -39.03937395899283, "params": {"C": 6.022875327743145, "epsilon": 9.661835324233838, "gamma": 0.23677064136698373, "lamda": 0.3408150629793789}, "datetime": {"datetime": "2021-06-28 17:30:01", "elapsed": 664.609176, "delta": 7.220798}}
{"target": -19.967315681114137, "params": {"C": 5.805347625598105, "epsilon": 3.26112966314695, "gamma": 0.4821293296742804, "lamda": 0.3247790890674815}, "datetime": {"datetime": "2021-06-28 17:30:02", "elapsed": 665.656369, "delta": 1.047193}}
{"target": -18.50090389327071, "params": {"C": 9.283534337122846, "epsilon": 3.407897905038804, "gamma": 0.3486845091143673, "lamda": 0.8201157900873693}, "datetime": {"datetime": "2021-06-28 17:30:03", "elapsed": 666.705556, "delta": 1.049187}}
{"target": -17.875901775824822, "params": {"C": 6.600852158518391, "epsilon": 16.653095403306665, "gamma": 0.3461310747704863, "lamda": 0.3243647690727677}, "datetime": {"datetime": "2021-06-28 17:30:05", "elapsed": 668.140712, "delta": 1.435156}}
{"target": -64.53048841923625, "params": {"C": 8.64600128174133, "epsilon": 19.512508296172573, "gamma": 0.08167087787036663, "lamda": 0.21228546361877007}, "datetime": {"datetime": "2021-06-28 17:30:15", "elapsed": 678.136919, "delta": 9.996207}}
{"target": -20.434187297273688, "params": {"C": 2.2722316658055917, "epsilon": 4.052991288936383, "gamma": 0.5288357333031601, "lamda": 0.5704437679906107}, "datetime": {"datetime": "2021-06-28 17:30:16", "elapsed": 679.220014, "delta": 1.083095}}
{"target": -22.97054920880375, "params": {"C": 7.5211225219363484, "epsilon": 3.3927688797662814, "gamma": 0.869167832958312, "lamda": 0.24660898729766723}, "datetime": {"datetime": "2021-06-28 17:30:17", "elapsed": 680.430769, "delta": 1.210755}}
{"target": -71.75503437767232, "params": {"C": 9.080042921519752, "epsilon": 11.124174773146116, "gamma": 0.07767930624114806, "lamda": 0.22227827446814752}, "datetime": {"datetime": "2021-06-28 17:30:25", "elapsed": 688.255795, "delta": 7.825026}}
{"target": -40.5335693552458, "params": {"C": 8.821260282000488, "epsilon": 15.929468744505728, "gamma": 0.18726565112826576, "lamda": 0.40348017626974214}, "datetime": {"datetime": "2021-06-28 17:30:30", "elapsed": 693.565564, "delta": 5.309769}}
{"target": -22.722279670288724, "params": {"C": 8.570344177159384, "epsilon": 1.532913896629791, "gamma": 0.8240743866642458, "lamda": 0.05952292384755506}, "datetime": {"datetime": "2021-06-28 17:30:31", "elapsed": 694.673594, "delta": 1.10803}}
{"target": -22.883892136538755, "params": {"C": 8.386945489916478, "epsilon": 3.432620417477685, "gamma": 0.8618886872106609, "lamda": 0.1661319262222089}, "datetime": {"datetime": "2021-06-28 17:30:32", "elapsed": 695.779629, "delta": 1.106035}}
{"target": -83.01363296676504, "params": {"C": 6.685040254392328, "epsilon": 11.418957913498282, "gamma": 0.06842310055897566, "lamda": 0.9271267672314393}, "datetime": {"datetime": "2021-06-28 17:30:38", "elapsed": 701.246976, "delta": 5.467347}}
{"target": -34.694998902196375, "params": {"C": 5.010300814141698, "epsilon": 8.060687186411098, "gamma": 0.5152743348757224, "lamda": 0.6751504997980037}, "datetime": {"datetime": "2021-06-28 17:30:46", "elapsed": 709.155778, "delta": 7.908802}}
{"target": -21.5009509758621, "params": {"C": 9.05899222302935, "epsilon": 1.070469217846468, "gamma": 0.6521749114558213, "lamda": 0.14242011591965387}, "datetime": {"datetime": "2021-06-28 17:30:47", "elapsed": 710.568988, "delta": 1.41321}}
{"target": -23.025020764914377, "params": {"C": 7.2154013721744725, "epsilon": 13.634378173368809, "gamma": 0.9721668436590659, "lamda": 0.19847682615960058}, "datetime": {"datetime": "2021-06-28 17:30:48", "elapsed": 711.590252, "delta": 1.021264}}
{"target": -21.147029648636774, "params": {"C": 6.989076457942634, "epsilon": 3.5313024991379436, "gamma": 0.6164350970260177, "lamda": 0.5893520523652351}, "datetime": {"datetime": "2021-06-28 17:30:49", "elapsed": 712.637445, "delta": 1.047193}}
{"target": -16.34394053375521, "params": {"C": 4.148296926725535, "epsilon": 18.67992456981005, "gamma": 0.2911761051502772, "lamda": 0.23062236594898458}, "datetime": {"datetime": "2021-06-28 17:30:50", "elapsed": 713.685635, "delta": 1.04819}}
{"target": -20.346039109947554, "params": {"C": 6.915898693974659, "epsilon": 17.940833342386018, "gamma": 0.5822395530163216, "lamda": 0.28888533132824323}, "datetime": {"datetime": "2021-06-28 17:30:51", "elapsed": 714.738813, "delta": 1.053178}}
{"target": -20.480686114753194, "params": {"C": 7.1302407165005635, "epsilon": 16.309628764642568, "gamma": 0.5875515778736777, "lamda": 0.9122681988247899}, "datetime": {"datetime": "2021-06-28 17:30:52", "elapsed": 715.796976, "delta": 1.058163}}
{"target": -21.90175673718546, "params": {"C": 5.472049684055619, "epsilon": 10.234832818856695, "gamma": 0.7704493498767182, "lamda": 0.6625356369393844}, "datetime": {"datetime": "2021-06-28 17:30:53", "elapsed": 716.884064, "delta": 1.087088}}
{"target": -22.7902461242313, "params": {"C": 7.821113105055187, "epsilon": 16.202903156170855, "gamma": 0.9539798689903882, "lamda": 0.15332874303411453}, "datetime": {"datetime": "2021-06-28 17:30:54", "elapsed": 717.955191, "delta": 1.071127}}
{"target": -21.379942885993284, "params": {"C": 3.9530853611496397, "epsilon": 14.065324570077621, "gamma": 0.7222227428541779, "lamda": 0.8360444589807715}, "datetime": {"datetime": "2021-06-28 17:30:55", "elapsed": 719.043275, "delta": 1.088084}}
{"target": -21.1870310190012, "params": {"C": 2.315852344237661, "epsilon": 14.018761623328228, "gamma": 0.6938139546353593, "lamda": 0.5450408531543748}, "datetime": {"datetime": "2021-06-28 17:30:57", "elapsed": 720.592125, "delta": 1.54885}}
{"target": -17.557455908958374, "params": {"C": 2.1875580950675535, "epsilon": 12.72164676165888, "gamma": 0.3457057316757464, "lamda": 0.9901031924122236}, "datetime": {"datetime": "2021-06-28 17:30:58", "elapsed": 721.774954, "delta": 1.182829}}
{"target": -17.492781237394162, "params": {"C": 6.834629660918014, "epsilon": 19.491589868454408, "gamma": 0.323915984677075, "lamda": 0.3909510040611318}, "datetime": {"datetime": "2021-06-28 17:30:59", "elapsed": 722.98172, "delta": 1.206766}}
{"target": -16.24866077581225, "params": {"C": 5.08334710952894, "epsilon": 13.644295966200685, "gamma": 0.2691950256424868, "lamda": 0.22480644122707477}, "datetime": {"datetime": "2021-06-28 17:31:01", "elapsed": 724.187487, "delta": 1.205767}}
{"target": -13.498388486715761, "params": {"C": 3.3728898456230754, "epsilon": 7.535983275902151, "gamma": 0.11179598633647773, "lamda": 0.34778374866891454}, "datetime": {"datetime": "2021-06-28 17:31:02", "elapsed": 725.779221, "delta": 1.591734}}
{"target": -17.407955451530587, "params": {"C": 4.918040277614203, "epsilon": 19.77712308087736, "gamma": 0.3477618976277215, "lamda": 0.5045119729043287}, "datetime": {"datetime": "2021-06-28 17:31:03", "elapsed": 726.841375, "delta": 1.062154}}
{"target": -45.78724642480176, "params": {"C": 8.403497865229326, "epsilon": 14.12937908826477, "gamma": 0.15251504448226827, "lamda": 0.9591821721094206}, "datetime": {"datetime": "2021-06-28 17:31:10", "elapsed": 733.550399, "delta": 6.709024}}
{"target": -20.929734973990392, "params": {"C": 7.338137864990779, "epsilon": 15.409442944021082, "gamma": 0.6543565673844483, "lamda": 0.49251696693593194}, "datetime": {"datetime": "2021-06-28 17:31:11", "elapsed": 734.656456, "delta": 1.106057}}
{"target": -33.814851175828956, "params": {"C": 4.643554516226165, "epsilon": 8.225726449632752, "gamma": 0.8797201997852409, "lamda": 0.48974904946112535}, "datetime": {"datetime": "2021-06-28 17:31:20", "elapsed": 743.354155, "delta": 8.697699}}
{"target": -21.013295210867746, "params": {"C": 7.731539284873087, "epsilon": 11.411993501551423, "gamma": 0.6408615005559332, "lamda": 0.3853313951706736}, "datetime": {"datetime": "2021-06-28 17:31:22", "elapsed": 745.233125, "delta": 1.87897}}
{"target": -23.190632809938798, "params": {"C": 1.685292959509062, "epsilon": 17.505423152965488, "gamma": 0.9904996208777979, "lamda": 0.11161796440802861}, "datetime": {"datetime": "2021-06-28 17:31:23", "elapsed": 746.474802, "delta": 1.241677}}
{"target": -18.179242234900492, "params": {"C": 8.402514362313322, "epsilon": 16.23955086653726, "gamma": 0.3482624028988541, "lamda": 0.9595445135683148}, "datetime": {"datetime": "2021-06-28 17:31:24", "elapsed": 747.980773, "delta": 1.505971}}
{"target": -37.048333503866395, "params": {"C": 9.625176319470562, "epsilon": 7.49549773849765, "gamma": 0.45706845065409357, "lamda": 0.5974250986926783}, "datetime": {"datetime": "2021-06-28 17:31:33", "elapsed": 756.167857, "delta": 8.187084}}
{"target": -21.553605988912125, "params": {"C": 5.297854866907048, "epsilon": 19.696331304353865, "gamma": 0.7789341726304467, "lamda": 0.6814223466657434}, "datetime": {"datetime": "2021-06-28 17:31:34", "elapsed": 757.652883, "delta": 1.485026}}
{"target": -21.120707893657865, "params": {"C": 2.254653672244763, "epsilon": 9.390760871824439, "gamma": 0.6425521731187033, "lamda": 0.4050643984300134}, "datetime": {"datetime": "2021-06-28 17:31:35", "elapsed": 758.923481, "delta": 1.270598}}
{"target": -18.680622108165068, "params": {"C": 9.320851869608326, "epsilon": 4.22312461793447, "gamma": 0.375728817601624, "lamda": 0.5162759853500263}, "datetime": {"datetime": "2021-06-28 17:31:38", "elapsed": 761.997255, "delta": 3.073774}}
{"target": -16.03013544178855, "params": {"C": 2.657698269424416, "epsilon": 18.986033047980296, "gamma": 0.2546169148671804, "lamda": 0.6344535714897125}, "datetime": {"datetime": "2021-06-28 17:31:40", "elapsed": 763.721639, "delta": 1.724384}}
{"target": -17.95593878455905, "params": {"C": 9.029701781462643, "epsilon": 16.39104654253305, "gamma": 0.32779803738393104, "lamda": 0.38357758116407464}, "datetime": {"datetime": "2021-06-28 17:31:42", "elapsed": 765.323352, "delta": 1.601713}}
{"target": -20.535709956546775, "params": {"C": 6.560321809342206, "epsilon": 18.452578189532307, "gamma": 0.6219989013167594, "lamda": 0.6864235303315706}, "datetime": {"datetime": "2021-06-28 17:31:43", "elapsed": 766.429392, "delta": 1.10604}}
{"target": -21.105341231130843, "params": {"C": 7.9279519387986275, "epsilon": 9.678493528698947, "gamma": 0.644365377416361, "lamda": 0.7720462815022046}, "datetime": {"datetime": "2021-06-28 17:31:44", "elapsed": 767.576322, "delta": 1.14693}}
{"target": -48.88785039855297, "params": {"C": 6.2944955622435135, "epsilon": 17.66041222368092, "gamma": 0.16304869525906943, "lamda": 0.6950698825924423}, "datetime": {"datetime": "2021-06-28 17:31:51", "elapsed": 774.945597, "delta": 7.369275}}
{"target": -20.260655258071242, "params": {"C": 1.3180014488589997, "epsilon": 11.545914638288442, "gamma": 0.5180401786158113, "lamda": 0.6073106435502322}, "datetime": {"datetime": "2021-06-28 17:31:53", "elapsed": 776.123445, "delta": 1.177848}}
{"target": -20.269143420617823, "params": {"C": 7.09482408458487, "epsilon": 14.898089056597568, "gamma": 0.5617771506714054, "lamda": 0.6746928105934195}, "datetime": {"datetime": "2021-06-28 17:31:54", "elapsed": 777.336198, "delta": 1.212753}}
{"target": -22.405760084456805, "params": {"C": 4.475676984158458, "epsilon": 1.5370865819594286, "gamma": 0.742377221559491, "lamda": 0.42183849178637983}, "datetime": {"datetime": "2021-06-28 17:31:55", "elapsed": 778.481134, "delta": 1.144936}}
{"target": -22.88153541940594, "params": {"C": 5.911710637274617, "epsilon": 18.132444124149288, "gamma": 0.9758354382953546, "lamda": 0.7696529950173024}, "datetime": {"datetime": "2021-06-28 17:31:56", "elapsed": 779.676935, "delta": 1.195801}}
{"target": -20.38389377381579, "params": {"C": 4.175012595832744, "epsilon": 16.63652520860137, "gamma": 0.5991196859183898, "lamda": 0.7560579593721087}, "datetime": {"datetime": "2021-06-28 17:31:58", "elapsed": 781.531969, "delta": 1.855034}}
{"target": -51.17623986272072, "params": {"C": 7.215661708615882, "epsilon": 8.386885313169913, "gamma": 0.13919864293282344, "lamda": 0.534206403406355}, "datetime": {"datetime": "2021-06-28 17:32:06", "elapsed": 789.463738, "delta": 7.931769}}
{"target": -18.4430249218821, "params": {"C": 3.047525482455347, "epsilon": 19.74042613197304, "gamma": 0.44336978729320226, "lamda": 0.9723580461533666}, "datetime": {"datetime": "2021-06-28 17:32:08", "elapsed": 791.150224, "delta": 1.686486}}
{"target": -18.634430073213085, "params": {"C": 8.701826029270988, "epsilon": 3.5876255824100216, "gamma": 0.36650794625207267, "lamda": 0.1605481347409983}, "datetime": {"datetime": "2021-06-28 17:32:09", "elapsed": 792.322087, "delta": 1.171863}}
{"target": -36.60064391165856, "params": {"C": 8.88348832914335, "epsilon": 15.74895158858858, "gamma": 0.27840616831563786, "lamda": 0.7539863070743834}, "datetime": {"datetime": "2021-06-28 17:32:16", "elapsed": 799.472947, "delta": 7.15086}}
{"target": -15.969921418468068, "params": {"C": 5.6271723244804015, "epsilon": 14.351301277374306, "gamma": 0.24958116103461483, "lamda": 0.7146458872526394}, "datetime": {"datetime": "2021-06-28 17:32:17", "elapsed": 800.693681, "delta": 1.220734}}
{"target": -21.143816481216888, "params": {"C": 8.826272018421978, "epsilon": 16.92198525869255, "gamma": 0.682325351030821, "lamda": 0.28934052946603234}, "datetime": {"datetime": "2021-06-28 17:32:18", "elapsed": 801.906435, "delta": 1.212754}}
{"target": -22.12018313326065, "params": {"C": 8.954332572421828, "epsilon": 10.82701447091746, "gamma": 0.8044531418024308, "lamda": 0.4390011903464595}, "datetime": {"datetime": "2021-06-28 17:32:20", "elapsed": 803.148116, "delta": 1.241681}}
{"target": -18.83963609162533, "params": {"C": 9.069543615838231, "epsilon": 18.907056260811185, "gamma": 0.4247869041814015, "lamda": 0.01884106190591397}, "datetime": {"datetime": "2021-06-28 17:32:21", "elapsed": 804.703946, "delta": 1.55583}}
{"target": -64.26681325505609, "params": {"C": 3.4829808599038454, "epsilon": 4.05738071546133, "gamma": 0.10078128681931169, "lamda": 0.8744878064180457}, "datetime": {"datetime": "2021-06-28 17:32:32", "elapsed": 815.213422, "delta": 10.509476}}
{"target": -18.53290427210635, "params": {"C": 1.3580440208625204, "epsilon": 18.953281613832637, "gamma": 0.4211613861885208, "lamda": 0.204608031943168}, "datetime": {"datetime": "2021-06-28 17:32:33", "elapsed": 816.445125, "delta": 1.231703}}
{"target": -21.979984718044587, "params": {"C": 9.35625975611448, "epsilon": 15.447166331571141, "gamma": 0.804868280071123, "lamda": 0.9935956149152926}, "datetime": {"datetime": "2021-06-28 17:32:35", "elapsed": 818.316118, "delta": 1.870993}}
{"target": -73.34862992618277, "params": {"C": 3.1354724428812593, "epsilon": 17.19994727394109, "gamma": 0.010321633570009961, "lamda": 0.4949397667481839}, "datetime": {"datetime": "2021-06-28 17:32:44", "elapsed": 827.755851, "delta": 9.439733}}
{"target": -24.199113032356355, "params": {"C": 2.47586483598947, "epsilon": 2.7866021674010524, "gamma": 0.91862897284962, "lamda": 0.3521992834619057}, "datetime": {"datetime": "2021-06-28 17:32:45", "elapsed": 828.994537, "delta": 1.238686}}
{"target": -15.632620898990268, "params": {"C": 7.216000412078772, "epsilon": 19.224198564786146, "gamma": 0.2259528778229399, "lamda": 0.8377159873366178}, "datetime": {"datetime": "2021-06-28 17:32:47", "elapsed": 830.315002, "delta": 1.320465}}
{"target": -20.081492562029048, "params": {"C": 4.842159656010709, "epsilon": 11.506431807973826, "gamma": 0.5330374427552853, "lamda": 0.9431787177594593}, "datetime": {"datetime": "2021-06-28 17:32:48", "elapsed": 831.594578, "delta": 1.279576}}
{"target": -22.533015180027448, "params": {"C": 8.164298797395903, "epsilon": 3.691858294709819, "gamma": 0.8138466316923876, "lamda": 0.8035788279903264}, "datetime": {"datetime": "2021-06-28 17:32:49", "elapsed": 832.902077, "delta": 1.307499}}
{"target": -21.683878354483813, "params": {"C": 8.067633847437916, "epsilon": 5.541037790012398, "gamma": 0.7041297313560575, "lamda": 0.17875324990709146}, "datetime": {"datetime": "2021-06-28 17:32:51", "elapsed": 834.245481, "delta": 1.343404}}
{"target": -36.230700777656935, "params": {"C": 8.862136388433957, "epsilon": 8.405746713847387, "gamma": 0.366146230919713, "lamda": 0.8625559557609156}, "datetime": {"datetime": "2021-06-28 17:32:58", "elapsed": 841.563895, "delta": 7.318414}}
{"target": -18.5907229941176, "params": {"C": 6.366046342332505, "epsilon": 17.2619893194046, "gamma": 0.395010899792157, "lamda": 0.11943225149217897}, "datetime": {"datetime": "2021-06-28 17:32:59", "elapsed": 842.935222, "delta": 1.371327}}
{"target": -20.283586467384247, "params": {"C": 1.7535487567952526, "epsilon": 16.186979057026484, "gamma": 0.6149887881659563, "lamda": 0.5454972315058162}, "datetime": {"datetime": "2021-06-28 17:33:01", "elapsed": 844.739393, "delta": 1.804171}}
{"target": -17.491417401364536, "params": {"C": 5.346320078677685, "epsilon": 12.766518286615284, "gamma": 0.33628480090619395, "lamda": 0.14535208715804723}, "datetime": {"datetime": "2021-06-28 17:33:02", "elapsed": 845.989048, "delta": 1.249655}}
{"target": -37.42528275854692, "params": {"C": 9.09931961860585, "epsilon": 13.649318865414813, "gamma": 0.2464611339907344, "lamda": 0.9207239233900212}, "datetime": {"datetime": "2021-06-28 17:33:11", "elapsed": 854.36499, "delta": 8.375942}}
{"target": -14.740997744048059, "params": {"C": 1.3504256725593469, "epsilon": 6.488115003605853, "gamma": 0.11118261775891232, "lamda": 0.5055258404379038}, "datetime": {"datetime": "2021-06-28 17:33:12", "elapsed": 855.692436, "delta": 1.327446}}
{"target": -22.83736934278397, "params": {"C": 2.9086723573276223, "epsilon": 10.84786589858151, "gamma": 0.8594671575697472, "lamda": 0.23515702474644895}, "datetime": {"datetime": "2021-06-28 17:33:15", "elapsed": 858.593671, "delta": 2.901235}}
{"target": -22.28928043098475, "params": {"C": 5.208415369160372, "epsilon": 11.855525010032208, "gamma": 0.8238611101701674, "lamda": 0.10148808865013048}, "datetime": {"datetime": "2021-06-28 17:33:16", "elapsed": 859.983951, "delta": 1.39028}}
{"target": -20.68010478971425, "params": {"C": 3.5188801915527375, "epsilon": 19.657181960047595, "gamma": 0.657605791709115, "lamda": 0.568458165321564}, "datetime": {"datetime": "2021-06-28 17:33:18", "elapsed": 861.868909, "delta": 1.884958}}
{"target": -18.769752869237376, "params": {"C": 5.310119516154794, "epsilon": 11.853288944300555, "gamma": 0.41400045275626757, "lamda": 0.2983936847084502}, "datetime": {"datetime": "2021-06-28 17:33:20", "elapsed": 863.139504, "delta": 1.270595}}
