{"target": -11.519920130116216, "params": {"C": 8.922281985511647, "epsilon": 4.956538580216395, "gamma": 0.1, "lamda": 0.5205742007061034}, "datetime": {"datetime": "2021-06-21 19:47:42", "elapsed": 449.581316, "delta": 1.762289}}
{"target": -17.007155216441927, "params": {"C": 4.480594768056278, "epsilon": 7.907579790978344, "gamma": 0.647275669795766, "lamda": 0.2576222922664049}, "datetime": {"datetime": "2021-06-21 19:47:43", "elapsed": 450.669405, "delta": 1.088089}}
{"target": -14.691682089100008, "params": {"C": 8.756841689018124, "epsilon": 5.0707747050751335, "gamma": 0.41969768343056835, "lamda": 0.2525536315098571}, "datetime": {"datetime": "2021-06-21 19:47:45", "elapsed": 452.565337, "delta": 1.895932}}
{"target": -15.074362854509019, "params": {"C": 5.126897567942078, "epsilon": 5.093099539498463, "gamma": 0.43555689878194703, "lamda": 0.21196310502753432}, "datetime": {"datetime": "2021-06-21 19:47:46", "elapsed": 453.736206, "delta": 1.170869}}
{"target": -11.580471817852393, "params": {"C": 9.279758811364795, "epsilon": 4.62720167590659, "gamma": 0.1, "lamda": 0.6439799642002735}, "datetime": {"datetime": "2021-06-21 19:47:48", "elapsed": 456.165711, "delta": 2.429505}}
{"target": -13.989858787485886, "params": {"C": 2.9419480729710688, "epsilon": 4.977578269818603, "gamma": 0.27057812007085746, "lamda": 0.3063500946620921}, "datetime": {"datetime": "2021-06-21 19:47:50", "elapsed": 457.328598, "delta": 1.162887}}
{"target": -12.513477974293044, "params": {"C": 9.293020735707357, "epsilon": 5.283691145253229, "gamma": 0.14032709089707068, "lamda": 0.6033808091722221}, "datetime": {"datetime": "2021-06-21 19:47:52", "elapsed": 459.995467, "delta": 2.666869}}
{"target": -16.51408776259328, "params": {"C": 9.287019919288301, "epsilon": 4.79797761537234, "gamma": 0.5933379476425653, "lamda": 0.5356868105313068}, "datetime": {"datetime": "2021-06-21 19:47:54", "elapsed": 462.261408, "delta": 2.265941}}
{"target": -84.79629539786376, "params": {"C": 8.779228386532058, "epsilon": 5.435715917337855, "gamma": 0.1, "lamda": 0.6478905477319874}, "datetime": {"datetime": "2021-06-21 19:48:00", "elapsed": 468.254383, "delta": 5.992975}}
{"target": -12.60290342876246, "params": {"C": 9.607182151518785, "epsilon": 4.9748058305186005, "gamma": 0.14421728831748376, "lamda": 0.6461144308076675}, "datetime": {"datetime": "2021-06-21 19:48:02", "elapsed": 469.955835, "delta": 1.701452}}
{"target": -12.623124964717311, "params": {"C": 4.170803025021038, "epsilon": 7.20352460992814, "gamma": 0.010113231069171438, "lamda": 0.28139954357910385}, "datetime": {"datetime": "2021-06-21 19:49:40", "elapsed": 0.0, "delta": 0.0}}
{"target": -14.402895536129575, "params": {"C": 1.4684121522803133, "epsilon": 0.9242936090932092, "gamma": 0.1943976092638942, "lamda": 0.3073364362258286}, "datetime": {"datetime": "2021-06-21 19:49:40", "elapsed": 0.284239, "delta": 0.284239}}
{"target": -15.210239342036868, "params": {"C": 3.968277974832469, "epsilon": 5.388628523299567, "gamma": 0.4250025692592619, "lamda": 0.5111317002380557}, "datetime": {"datetime": "2021-06-21 19:49:40", "elapsed": 0.547535, "delta": 0.263296}}
{"target": -11.95775106003884, "params": {"C": 2.045318045065443, "epsilon": 8.781296246473064, "gamma": 0.0371137172659469, "lamda": 0.5022805061070413}, "datetime": {"datetime": "2021-06-21 19:49:40", "elapsed": 0.839753, "delta": 0.292218}}
{"target": -12.16059417454674, "params": {"C": 4.173630718868903, "epsilon": 5.587339594629071, "gamma": 0.14898306920928145, "lamda": 0.21886089345092727}, "datetime": {"datetime": "2021-06-21 19:49:41", "elapsed": 1.041214, "delta": 0.201461}}
{"target": -13.737738134825001, "params": {"C": 8.00764494218669, "epsilon": 9.682647495618255, "gamma": 0.3202899363776504, "lamda": 0.5153935694015884}, "datetime": {"datetime": "2021-06-21 19:49:41", "elapsed": 1.233699, "delta": 0.192485}}
{"target": -11.157696763373236, "params": {"C": 8.764015133808087, "epsilon": 8.946172028374969, "gamma": 0.09419376925608013, "lamda": 0.12343286993972942}, "datetime": {"datetime": "2021-06-21 19:49:41", "elapsed": 1.419203, "delta": 0.185504}}
{"target": -12.168575296014318, "params": {"C": 1.6991343652261244, "epsilon": 8.781546891790702, "gamma": 0.10736336549471959, "lamda": 0.3526645750030313}, "datetime": {"datetime": "2021-06-21 19:49:41", "elapsed": 1.598723, "delta": 0.17952}}
{"target": -17.299592605542756, "params": {"C": 9.578937411974868, "epsilon": 5.332119684445198, "gamma": 0.6949583428109686, "lamda": 0.28930937860363776}, "datetime": {"datetime": "2021-06-21 19:49:41", "elapsed": 1.758296, "delta": 0.159573}}
{"target": -11.08348574258967, "params": {"C": 6.865322775888155, "epsilon": 8.346422093301832, "gamma": 0.02810539457074989, "lamda": 0.5500865889669805}, "datetime": {"datetime": "2021-06-21 19:49:42", "elapsed": 2.019599, "delta": 0.261303}}
{"target": -11.460130633701619, "params": {"C": 7.106299225180762, "epsilon": 8.196277441765474, "gamma": 0.019676798118029346, "lamda": 0.5387828679433858}, "datetime": {"datetime": "2021-06-21 19:49:42", "elapsed": 2.394601, "delta": 0.375002}}
{"target": -16.3116175194563, "params": {"C": 4.426130617237169, "epsilon": 4.135293608632736, "gamma": 0.5523268963278141, "lamda": 0.5465209489451417}, "datetime": {"datetime": "2021-06-21 19:49:42", "elapsed": 2.626974, "delta": 0.232373}}
{"target": -11.702602876759792, "params": {"C": 8.439009326557011, "epsilon": 8.169878745765816, "gamma": 0.01, "lamda": 0.1}, "datetime": {"datetime": "2021-06-21 19:49:43", "elapsed": 3.312142, "delta": 0.685168}}
{"target": -12.136221336311023, "params": {"C": 6.111408790489838, "epsilon": 7.801352977615444, "gamma": 0.01, "lamda": 0.2355963611141118}, "datetime": {"datetime": "2021-06-21 19:49:44", "elapsed": 3.926498, "delta": 0.614356}}
{"target": -12.425465522374065, "params": {"C": 5.001228141898911, "epsilon": 6.121211879210683, "gamma": 0.01, "lamda": 0.1}, "datetime": {"datetime": "2021-06-21 19:49:44", "elapsed": 4.373305, "delta": 0.446807}}
{"target": -11.697393327490738, "params": {"C": 9.619762206311306, "epsilon": 8.509323287126588, "gamma": 0.01, "lamda": 0.1}, "datetime": {"datetime": "2021-06-21 19:49:44", "elapsed": 4.870973, "delta": 0.497668}}
{"target": -19.956035921685498, "params": {"C": 6.543624200440159, "epsilon": 8.426048015183946, "gamma": 0.9996224430853121, "lamda": 0.7}, "datetime": {"datetime": "2021-06-21 19:49:45", "elapsed": 5.33573, "delta": 0.464757}}
{"target": -15.192785567914555, "params": {"C": 3.249432738228721, "epsilon": 6.358178380441755, "gamma": 0.4065000582673086, "lamda": 0.5509328799487627}, "datetime": {"datetime": "2021-06-21 19:49:45", "elapsed": 5.562125, "delta": 0.226395}}
{"target": -16.87589553231576, "params": {"C": 9.011502529320452, "epsilon": 8.459914959844753, "gamma": 0.660925434612863, "lamda": 0.1}, "datetime": {"datetime": "2021-06-21 19:49:46", "elapsed": 6.100685, "delta": 0.53856}}
{"target": -11.321677367791889, "params": {"C": 3.9724481236753726, "epsilon": 1.94258478629551, "gamma": 0.062327417195788215, "lamda": 0.306971218709764}, "datetime": {"datetime": "2021-06-21 19:49:46", "elapsed": 6.321098, "delta": 0.220413}}
{"target": -23.254695157200842, "params": {"C": 0.09562705793403134, "epsilon": 5.502492130343922, "gamma": 0.1703683935436564, "lamda": 0.38667951950346735}, "datetime": {"datetime": "2021-06-21 19:49:46", "elapsed": 6.608328, "delta": 0.28723}}
{"target": -11.647906419899364, "params": {"C": 9.445134602908043, "epsilon": 9.44406215070919, "gamma": 0.01, "lamda": 0.1200929795317695}, "datetime": {"datetime": "2021-06-21 19:49:47", "elapsed": 7.534851, "delta": 0.926523}}
{"target": -13.052664671989037, "params": {"C": 4.353075278361392, "epsilon": 1.0702081690390548, "gamma": 0.01, "lamda": 0.18120794571229046}, "datetime": {"datetime": "2021-06-21 19:49:48", "elapsed": 8.101336, "delta": 0.566485}}
{"target": -19.751541555821532, "params": {"C": 3.387460643973893, "epsilon": 1.7506538540827339, "gamma": 0.8644149623283838, "lamda": 0.18314098142080382}, "datetime": {"datetime": "2021-06-21 19:49:48", "elapsed": 8.761569, "delta": 0.660233}}
{"target": -11.853493020034819, "params": {"C": 9.189281133181217, "epsilon": 9.018902071121763, "gamma": 0.01, "lamda": 0.7}, "datetime": {"datetime": "2021-06-21 19:49:49", "elapsed": 9.260236, "delta": 0.498667}}
{"target": -11.313904128318198, "params": {"C": 4.700866095906017, "epsilon": 2.0095341381023895, "gamma": 0.047094637702342186, "lamda": 0.25366872397544094}, "datetime": {"datetime": "2021-06-21 19:49:49", "elapsed": 9.703051, "delta": 0.442815}}
{"target": -11.47317550520425, "params": {"C": 7.491358905820411, "epsilon": 8.879691668888169, "gamma": 0.01742497949530724, "lamda": 0.32630331186645345}, "datetime": {"datetime": "2021-06-21 19:49:50", "elapsed": 10.189751, "delta": 0.4867}}
{"target": -12.970303229503408, "params": {"C": 2.271178635966748, "epsilon": 9.898603983072096, "gamma": 0.2061437163946866, "lamda": 0.1}, "datetime": {"datetime": "2021-06-21 19:49:50", "elapsed": 10.542806, "delta": 0.353055}}
{"target": -20.57392414523539, "params": {"C": 2.5655812398719835, "epsilon": 8.61579185219153, "gamma": 1.0, "lamda": 0.1}, "datetime": {"datetime": "2021-06-21 19:49:51", "elapsed": 11.002577, "delta": 0.459771}}
{"target": -14.672570718652182, "params": {"C": 1.2950536223073137, "epsilon": 9.714510934600288, "gamma": 0.01, "lamda": 0.7}, "datetime": {"datetime": "2021-06-21 19:49:51", "elapsed": 11.475314, "delta": 0.472737}}
{"target": -12.992010734367346, "params": {"C": 4.290251376297012, "epsilon": 2.590469888560158, "gamma": 0.01, "lamda": 0.7}, "datetime": {"datetime": "2021-06-21 19:49:52", "elapsed": 12.09765, "delta": 0.622336}}
{"target": -11.989988523019031, "params": {"C": 6.98089544910174, "epsilon": 7.062364333315426, "gamma": 0.01, "lamda": 0.1}, "datetime": {"datetime": "2021-06-21 19:49:52", "elapsed": 12.66912, "delta": 0.57147}}
{"target": -12.321968155643551, "params": {"C": 6.093224525073266, "epsilon": 6.679479239237037, "gamma": 0.01, "lamda": 0.7}, "datetime": {"datetime": "2021-06-21 19:49:53", "elapsed": 13.205687, "delta": 0.536567}}
{"target": -11.777912396363632, "params": {"C": 8.095925295843035, "epsilon": 7.083756092940558, "gamma": 0.01, "lamda": 0.1}, "datetime": {"datetime": "2021-06-21 19:49:53", "elapsed": 13.656481, "delta": 0.450794}}
{"target": -11.993242274515884, "params": {"C": 7.449748357458385, "epsilon": 6.204829372580673, "gamma": 0.01, "lamda": 0.7}, "datetime": {"datetime": "2021-06-21 19:49:54", "elapsed": 14.146171, "delta": 0.48969}}
{"target": -12.152879747718332, "params": {"C": 6.576514221775278, "epsilon": 5.680379613895702, "gamma": 0.01, "lamda": 0.1}, "datetime": {"datetime": "2021-06-21 19:49:54", "elapsed": 14.595968, "delta": 0.449797}}
{"target": -19.807356368920995, "params": {"C": 6.8528102747234945, "epsilon": 6.022825761557632, "gamma": 0.9716013353050386, "lamda": 0.6740672981031139}, "datetime": {"datetime": "2021-06-21 19:49:55", "elapsed": 14.955007, "delta": 0.359039}}
{"target": -12.71788339199297, "params": {"C": 5.5530429908615035, "epsilon": 1.5309611176071118, "gamma": 0.01, "lamda": 0.7}, "datetime": {"datetime": "2021-06-21 19:49:55", "elapsed": 15.412786, "delta": 0.457779}}
{"target": -12.456306031328864, "params": {"C": 5.172835563091508, "epsilon": 7.275839625627331, "gamma": 0.01, "lamda": 0.7}, "datetime": {"datetime": "2021-06-21 19:49:56", "elapsed": 15.976277, "delta": 0.563491}}
{"target": -11.927711423843341, "params": {"C": 6.5700421275243475, "epsilon": 9.27944969720549, "gamma": 0.01, "lamda": 0.1}, "datetime": {"datetime": "2021-06-21 19:49:56", "elapsed": 16.423083, "delta": 0.446806}}
{"target": -12.495539187568841, "params": {"C": 5.888281765722007, "epsilon": 2.616564565622823, "gamma": 0.01, "lamda": 0.1}, "datetime": {"datetime": "2021-06-21 19:49:57", "elapsed": 16.905792, "delta": 0.482709}}
{"target": -20.27445029256627, "params": {"C": 5.730809111217375, "epsilon": 1.8217873673106337, "gamma": 0.9986211108241795, "lamda": 0.2229548249872621}, "datetime": {"datetime": "2021-06-21 19:49:57", "elapsed": 17.35858, "delta": 0.452788}}
{"target": -12.295855502871781, "params": {"C": 6.505334002928285, "epsilon": 3.7754722307726256, "gamma": 0.01, "lamda": 0.1}, "datetime": {"datetime": "2021-06-21 19:49:57", "elapsed": 17.816357, "delta": 0.457777}}
{"target": -11.90569691765367, "params": {"C": 7.998465940753888, "epsilon": 7.633570610316798, "gamma": 0.01, "lamda": 0.7}, "datetime": {"datetime": "2021-06-21 19:49:58", "elapsed": 18.235239, "delta": 0.418882}}
{"target": -12.209118943507972, "params": {"C": 7.266058742432469, "epsilon": 2.9923165505591895, "gamma": 0.01, "lamda": 0.7}, "datetime": {"datetime": "2021-06-21 19:49:58", "elapsed": 18.854581, "delta": 0.619342}}
{"target": -12.00767099553859, "params": {"C": 7.487295589301175, "epsilon": 4.5307257821505615, "gamma": 0.01, "lamda": 0.1}, "datetime": {"datetime": "2021-06-21 19:49:59", "elapsed": 19.545733, "delta": 0.691152}}
{"target": -12.030117904282958, "params": {"C": 8.14975131596473, "epsilon": 3.483996623125579, "gamma": 0.01, "lamda": 0.1}, "datetime": {"datetime": "2021-06-21 19:50:00", "elapsed": 20.150116, "delta": 0.604383}}
{"target": -19.274936553371845, "params": {"C": 7.368541815264328, "epsilon": 3.602304432509362, "gamma": 0.9018495112202461, "lamda": 0.1091967508603029}, "datetime": {"datetime": "2021-06-21 19:50:00", "elapsed": 20.532094, "delta": 0.381978}}
{"target": -12.145406633111403, "params": {"C": 8.40449501419045, "epsilon": 2.641847708236549, "gamma": 0.01, "lamda": 0.7}, "datetime": {"datetime": "2021-06-21 19:50:01", "elapsed": 21.107557, "delta": 0.575463}}
{"target": -12.298403473928051, "params": {"C": 6.035273601878419, "epsilon": 4.772847683383332, "gamma": 0.01, "lamda": 0.1}, "datetime": {"datetime": "2021-06-21 19:50:01", "elapsed": 21.71593, "delta": 0.608373}}
{"target": -12.059230822339995, "params": {"C": 9.25260808254325, "epsilon": 3.1394052575986344, "gamma": 0.01, "lamda": 0.1}, "datetime": {"datetime": "2021-06-21 19:50:02", "elapsed": 22.312339, "delta": 0.596409}}
{"target": -12.148751975220625, "params": {"C": 9.244849507952699, "epsilon": 1.9071628596743138, "gamma": 0.01, "lamda": 0.1}, "datetime": {"datetime": "2021-06-21 19:50:02", "elapsed": 22.856879, "delta": 0.54454}}
{"target": -18.371738232031714, "params": {"C": 9.578895610768198, "epsilon": 2.466320485359572, "gamma": 0.8083988994904499, "lamda": 0.7}, "datetime": {"datetime": "2021-06-21 19:50:03", "elapsed": 23.592146, "delta": 0.735267}}
{"target": -12.153651390130204, "params": {"C": 8.115560469689385, "epsilon": 1.8621888464027645, "gamma": 0.01, "lamda": 0.1}, "datetime": {"datetime": "2021-06-21 19:50:04", "elapsed": 24.227665, "delta": 0.635519}}
{"target": -80.06047985105064, "params": {"C": 8.773113445948207, "epsilon": 0.7864904794122569, "gamma": 0.09741965129103235, "lamda": 0.19314986161842707}, "datetime": {"datetime": "2021-06-21 19:50:08", "elapsed": 28.607552, "delta": 4.379887}}
{"target": -12.491159467215871, "params": {"C": 4.64828964506402, "epsilon": 10.0, "gamma": 0.01, "lamda": 0.6648356921076632}, "datetime": {"datetime": "2021-06-21 19:50:09", "elapsed": 29.043752, "delta": 0.4362}}
{"target": -35.27216611081737, "params": {"C": 0.001, "epsilon": 2.1131222808731804, "gamma": 1.0, "lamda": 0.7}, "datetime": {"datetime": "2021-06-21 19:50:09", "elapsed": 29.455409, "delta": 0.411657}}
{"target": -33.83913763442899, "params": {"C": 0.001, "epsilon": 8.480442379931212, "gamma": 1.0, "lamda": 0.1}, "datetime": {"datetime": "2021-06-21 19:50:10", "elapsed": 29.913194, "delta": 0.457785}}
{"target": -11.992970659588694, "params": {"C": 10.0, "epsilon": 7.028636716595101, "gamma": 0.01, "lamda": 0.7}, "datetime": {"datetime": "2021-06-21 19:50:10", "elapsed": 30.421567, "delta": 0.508373}}
{"target": -12.307377139674704, "params": {"C": 4.673226794067009, "epsilon": 8.70167519993198, "gamma": 0.01, "lamda": 0.1}, "datetime": {"datetime": "2021-06-21 19:50:10", "elapsed": 30.87189, "delta": 0.450323}}
{"target": -12.869384160703504, "params": {"C": 2.9396560035982313, "epsilon": 0.034187246198565724, "gamma": 0.016873640828353346, "lamda": 0.6415650400333173}, "datetime": {"datetime": "2021-06-21 19:50:11", "elapsed": 31.280796, "delta": 0.408906}}
{"target": -19.609546585727355, "params": {"C": 10.0, "epsilon": 10.0, "gamma": 1.0, "lamda": 0.7}, "datetime": {"datetime": "2021-06-21 19:50:11", "elapsed": 31.705661, "delta": 0.424865}}
{"target": -19.90353830416943, "params": {"C": 5.430714649194661, "epsilon": 10.0, "gamma": 1.0, "lamda": 0.1}, "datetime": {"datetime": "2021-06-21 19:50:12", "elapsed": 32.14752, "delta": 0.441859}}
{"target": -20.545308354354663, "params": {"C": 4.745398440468257, "epsilon": 0.001, "gamma": 1.0, "lamda": 0.7}, "datetime": {"datetime": "2021-06-21 19:50:12", "elapsed": 32.578393, "delta": 0.430873}}
{"target": -12.242384514841227, "params": {"C": 7.216407564397229, "epsilon": 2.2037036293307137, "gamma": 0.01, "lamda": 0.1}, "datetime": {"datetime": "2021-06-21 19:50:13", "elapsed": 33.272926, "delta": 0.694533}}
{"target": -13.548563232829803, "params": {"C": 2.49271447948487, "epsilon": 3.8869997584509814, "gamma": 0.01, "lamda": 0.1}, "datetime": {"datetime": "2021-06-21 19:50:13", "elapsed": 33.87501, "delta": 0.602084}}
{"target": -22.16895430020899, "params": {"C": 1.8261642425238003, "epsilon": 0.001, "gamma": 1.0, "lamda": 0.7}, "datetime": {"datetime": "2021-06-21 19:50:14", "elapsed": 34.420902, "delta": 0.545892}}
{"target": -20.395712685732605, "params": {"C": 3.529173104675764, "epsilon": 10.0, "gamma": 1.0, "lamda": 0.7}, "datetime": {"datetime": "2021-06-21 19:50:14", "elapsed": 34.819701, "delta": 0.398799}}
{"target": -21.160749596823024, "params": {"C": 2.144644600816146, "epsilon": 5.064612662741702, "gamma": 1.0, "lamda": 0.1}, "datetime": {"datetime": "2021-06-21 19:50:15", "elapsed": 35.28796, "delta": 0.468259}}
{"target": -35.42818931388551, "params": {"C": 0.001, "epsilon": 0.001, "gamma": 0.010000000000000009, "lamda": 0.1}, "datetime": {"datetime": "2021-06-21 19:50:15", "elapsed": 35.807594, "delta": 0.519634}}
{"target": -13.031282765207303, "params": {"C": 2.146423440674889, "epsilon": 2.684647276213784, "gamma": 0.016376524302829605, "lamda": 0.6457805355963905}, "datetime": {"datetime": "2021-06-21 19:50:16", "elapsed": 36.237444, "delta": 0.42985}}
{"target": -19.714834628633547, "params": {"C": 8.93651992819172, "epsilon": 6.7445443623353585, "gamma": 1.0, "lamda": 0.7}, "datetime": {"datetime": "2021-06-21 19:50:16", "elapsed": 36.658319, "delta": 0.420875}}
{"target": -13.85964943069585, "params": {"C": 1.9124326264821694, "epsilon": 7.289160592333591, "gamma": 0.01, "lamda": 0.7}, "datetime": {"datetime": "2021-06-21 19:50:17", "elapsed": 37.079193, "delta": 0.420874}}
{"target": -20.32362403516625, "params": {"C": 4.659217508848658, "epsilon": 6.661957733786548, "gamma": 1.0, "lamda": 0.7}, "datetime": {"datetime": "2021-06-21 19:50:17", "elapsed": 37.483112, "delta": 0.403919}}
{"target": -13.79419588588637, "params": {"C": 2.5162450536891945, "epsilon": 1.2840741893044842, "gamma": 0.01, "lamda": 0.1}, "datetime": {"datetime": "2021-06-21 19:50:18", "elapsed": 37.878057, "delta": 0.394945}}
{"target": -15.315464530170884, "params": {"C": 8.468647318137718, "epsilon": 2.4963346173294547, "gamma": 0.47523319026851407, "lamda": 0.1}, "datetime": {"datetime": "2021-06-21 19:50:18", "elapsed": 38.319875, "delta": 0.441818}}
{"target": -12.126815347686586, "params": {"C": 10.0, "epsilon": 2.396422230596781, "gamma": 0.01, "lamda": 0.1}, "datetime": {"datetime": "2021-06-21 19:50:18", "elapsed": 38.717813, "delta": 0.397938}}
{"target": -11.31575863876276, "params": {"C": 8.516696351125404, "epsilon": 5.119611901015712, "gamma": 0.022693619655137054, "lamda": 0.6089309223447629}, "datetime": {"datetime": "2021-06-21 19:50:19", "elapsed": 39.180574, "delta": 0.462761}}
{"target": -12.09823131469629, "params": {"C": 10.0, "epsilon": 4.197920132773222, "gamma": 0.01, "lamda": 0.7}, "datetime": {"datetime": "2021-06-21 19:50:19", "elapsed": 39.66827, "delta": 0.487696}}
{"target": -12.579968482616616, "params": {"C": 5.545694742187024, "epsilon": 3.598963696007369, "gamma": 0.01, "lamda": 0.7}, "datetime": {"datetime": "2021-06-21 19:50:20", "elapsed": 40.126048, "delta": 0.457778}}
{"target": -11.327735675931748, "params": {"C": 3.739468606857063, "epsilon": 8.141736198530616, "gamma": 0.046041449727248614, "lamda": 0.6766506519585768}, "datetime": {"datetime": "2021-06-21 19:50:20", "elapsed": 40.57684, "delta": 0.450792}}
{"target": -13.108466214388613, "params": {"C": 3.37561230522255, "epsilon": 3.0785792271777783, "gamma": 0.01, "lamda": 0.1}, "datetime": {"datetime": "2021-06-21 19:50:21", "elapsed": 41.03362, "delta": 0.45678}}
{"target": -20.18488658930758, "params": {"C": 5.895262662394192, "epsilon": 4.35859111557455, "gamma": 1.0, "lamda": 0.7}, "datetime": {"datetime": "2021-06-21 19:50:21", "elapsed": 41.387674, "delta": 0.354054}}
{"target": -12.763563058630947, "params": {"C": 5.833858247663485, "epsilon": 0.001, "gamma": 0.01, "lamda": 0.1}, "datetime": {"datetime": "2021-06-21 19:50:21", "elapsed": 41.768654, "delta": 0.38098}}
{"target": -12.058688573079019, "params": {"C": 6.7467688359991556, "epsilon": 10.0, "gamma": 0.01, "lamda": 0.7}, "datetime": {"datetime": "2021-06-21 19:50:22", "elapsed": 42.389992, "delta": 0.621338}}
{"target": -12.061569741433228, "params": {"C": 8.774434743852542, "epsilon": 4.126266276739665, "gamma": 0.01, "lamda": 0.7}, "datetime": {"datetime": "2021-06-21 19:50:23", "elapsed": 42.904616, "delta": 0.514624}}
{"target": -21.090986985025605, "params": {"C": 2.782178560119756, "epsilon": 3.4108430339455853, "gamma": 1.0, "lamda": 0.7}, "datetime": {"datetime": "2021-06-21 19:50:23", "elapsed": 43.319506, "delta": 0.41489}}
