{"target": -12.190513055515598, "params": {"C": 6.3067617339272335, "epsilon": 8.738412549265496, "gamma": 0.01, "lamda": 0.7}, "datetime": {"datetime": "2021-06-21 19:53:04", "elapsed": 204.27758, "delta": 1.120006}}
{"target": -12.616395010402004, "params": {"C": 4.312424502376199, "epsilon": 6.0630914939095275, "gamma": 0.01, "lamda": 0.1}, "datetime": {"datetime": "2021-06-21 19:53:05", "elapsed": 205.828433, "delta": 1.550853}}
{"target": -18.492372151513138, "params": {"C": 5.14147997208242, "epsilon": 5.593149563103676, "gamma": 0.7732946473295281, "lamda": 0.10520900787331429}, "datetime": {"datetime": "2021-06-21 19:53:07", "elapsed": 207.281547, "delta": 1.453114}}
{"target": -11.789107338961765, "params": {"C": 9.693700025740762, "epsilon": 6.955446411775928, "gamma": 0.01, "lamda": 0.1}, "datetime": {"datetime": "2021-06-21 19:53:09", "elapsed": 208.927148, "delta": 1.645601}}
{"target": -13.493505209028203, "params": {"C": 2.0142902576151878, "epsilon": 8.617912435666874, "gamma": 0.01, "lamda": 0.1}, "datetime": {"datetime": "2021-06-21 19:53:10", "elapsed": 209.975343, "delta": 1.048195}}
{"target": -12.896357162523126, "params": {"C": 3.0877724528000168, "epsilon": 6.654031762888977, "gamma": 0.01, "lamda": 0.1}, "datetime": {"datetime": "2021-06-21 19:53:11", "elapsed": 210.985642, "delta": 1.010299}}
{"target": -13.271686623222557, "params": {"C": 2.8371464700984013, "epsilon": 4.7121896176687095, "gamma": 0.01, "lamda": 0.1}, "datetime": {"datetime": "2021-06-21 19:53:12", "elapsed": 212.184437, "delta": 1.198795}}
{"target": -11.529100872556759, "params": {"C": 4.9279179769112895, "epsilon": 2.486629589623588, "gamma": 0.08920187562955298, "lamda": 0.11559652943778893}, "datetime": {"datetime": "2021-06-21 19:53:13", "elapsed": 213.31342, "delta": 1.128983}}
{"target": -12.526461104667991, "params": {"C": 5.530431253180068, "epsilon": 3.166993217607631, "gamma": 0.01, "lamda": 0.1}, "datetime": {"datetime": "2021-06-21 19:53:15", "elapsed": 215.505556, "delta": 2.192136}}
{"target": -12.412736341698443, "params": {"C": 6.051096644927139, "epsilon": 4.898416792608677, "gamma": 0.01, "lamda": 0.7}, "datetime": {"datetime": "2021-06-21 19:53:17", "elapsed": 217.622898, "delta": 2.117342}}
{"target": -12.16198234275417, "params": {"C": 6.583645389421221, "epsilon": 7.9893378198935805, "gamma": 0.01, "lamda": 0.7}, "datetime": {"datetime": "2021-06-21 19:53:19", "elapsed": 219.415102, "delta": 1.792204}}
{"target": -12.74560616177094, "params": {"C": 4.469929917022274, "epsilon": 5.585043885363513, "gamma": 0.01, "lamda": 0.7}, "datetime": {"datetime": "2021-06-21 19:53:20", "elapsed": 220.674733, "delta": 1.259631}}
{"target": -12.231818209223148, "params": {"C": 5.7748700809579425, "epsilon": 6.202786975383246, "gamma": 0.01, "lamda": 0.1}, "datetime": {"datetime": "2021-06-21 19:53:22", "elapsed": 222.166743, "delta": 1.49201}}
{"target": -11.827334227896564, "params": {"C": 8.243050388527191, "epsilon": 10.0, "gamma": 0.01, "lamda": 0.7}, "datetime": {"datetime": "2021-06-21 19:53:23", "elapsed": 223.444327, "delta": 1.277584}}
{"target": -13.07524589670328, "params": {"C": 3.2528947359899902, "epsilon": 3.8446875536923732, "gamma": 0.01, "lamda": 0.1}, "datetime": {"datetime": "2021-06-21 19:53:24", "elapsed": 224.37085, "delta": 0.926523}}
{"target": -12.171790236315308, "params": {"C": 10.0, "epsilon": 2.5656697054431397, "gamma": 0.01, "lamda": 0.7}, "datetime": {"datetime": "2021-06-21 19:53:25", "elapsed": 225.491851, "delta": 1.121001}}
{"target": -12.44607381475515, "params": {"C": 4.971409693812612, "epsilon": 9.403219400105943, "gamma": 0.01, "lamda": 0.7}, "datetime": {"datetime": "2021-06-21 19:53:26", "elapsed": 226.466247, "delta": 0.974396}}
{"target": -13.244041342612043, "params": {"C": 2.5093766077931074, "epsilon": 9.355543927204652, "gamma": 0.01, "lamda": 0.7}, "datetime": {"datetime": "2021-06-21 19:53:27", "elapsed": 227.535387, "delta": 1.06914}}
{"target": -12.04729994938598, "params": {"C": 9.1901499649155, "epsilon": 3.630401590168786, "gamma": 0.01, "lamda": 0.29820553290947366}, "datetime": {"datetime": "2021-06-21 19:53:28", "elapsed": 228.441963, "delta": 0.906576}}
{"target": -16.14579419491202, "params": {"C": 3.3792319579451497, "epsilon": 7.792974736223647, "gamma": 0.531186884647519, "lamda": 0.7}, "datetime": {"datetime": "2021-06-21 19:53:29", "elapsed": 229.435306, "delta": 0.993343}}
{"target": -12.59919414971909, "params": {"C": 6.180102114597175, "epsilon": 1.2415935120352575, "gamma": 0.01, "lamda": 0.7}, "datetime": {"datetime": "2021-06-21 19:53:30", "elapsed": 230.422668, "delta": 0.987362}}
{"target": -14.240726648568039, "params": {"C": 1.5353197600081685, "epsilon": 7.000142681444706, "gamma": 0.01, "lamda": 0.1}, "datetime": {"datetime": "2021-06-21 19:53:31", "elapsed": 231.390081, "delta": 0.967413}}
{"target": -14.27381853774917, "params": {"C": 1.6517913825293968, "epsilon": 4.2612459090502615, "gamma": 0.01, "lamda": 0.1}, "datetime": {"datetime": "2021-06-21 19:53:32", "elapsed": 232.408357, "delta": 1.018276}}
{"target": -13.102778578702617, "params": {"C": 3.292572579344511, "epsilon": 4.68802614206589, "gamma": 0.01, "lamda": 0.7}, "datetime": {"datetime": "2021-06-21 19:53:33", "elapsed": 233.423643, "delta": 1.015286}}
{"target": -12.026151555045953, "params": {"C": 7.95492811184232, "epsilon": 3.991400454674015, "gamma": 0.01, "lamda": 0.3028299661789707}, "datetime": {"datetime": "2021-06-21 19:53:34", "elapsed": 234.66233, "delta": 1.238687}}
{"target": -12.155360525547625, "params": {"C": 8.048538680818975, "epsilon": 2.1369971513317205, "gamma": 0.01, "lamda": 0.40153986444489387}, "datetime": {"datetime": "2021-06-21 19:53:36", "elapsed": 236.063589, "delta": 1.401259}}
{"target": -11.74302450441774, "params": {"C": 8.54501843636401, "epsilon": 7.520128197812527, "gamma": 0.01, "lamda": 0.1}, "datetime": {"datetime": "2021-06-21 19:53:37", "elapsed": 237.253401, "delta": 1.189812}}
{"target": -12.114915256705556, "params": {"C": 6.96906324360276, "epsilon": 6.747955507703697, "gamma": 0.01, "lamda": 0.7}, "datetime": {"datetime": "2021-06-21 19:53:38", "elapsed": 238.409311, "delta": 1.15591}}
{"target": -12.172469221115575, "params": {"C": 6.240298905731272, "epsilon": 9.631123398416337, "gamma": 0.01, "lamda": 0.7}, "datetime": {"datetime": "2021-06-21 19:53:39", "elapsed": 239.535299, "delta": 1.125988}}
{"target": -11.29163421097269, "params": {"C": 5.431393282240244, "epsilon": 8.315873567549225, "gamma": 0.028610551910767446, "lamda": 0.2506737918336914}, "datetime": {"datetime": "2021-06-21 19:53:41", "elapsed": 241.39732, "delta": 1.862021}}
{"target": -11.734446735720496, "params": {"C": 8.552519111046639, "epsilon": 8.86413620775501, "gamma": 0.01, "lamda": 0.36812950453529275}, "datetime": {"datetime": "2021-06-21 19:53:42", "elapsed": 242.516328, "delta": 1.119008}}
{"target": -12.80251385000052, "params": {"C": 4.990312385568799, "epsilon": 2.1802733180309, "gamma": 0.01, "lamda": 0.48577592676697356}, "datetime": {"datetime": "2021-06-21 19:53:43", "elapsed": 243.615389, "delta": 1.099061}}
{"target": -11.938738468203235, "params": {"C": 10.0, "epsilon": 8.775017009993466, "gamma": 0.01, "lamda": 0.7}, "datetime": {"datetime": "2021-06-21 19:53:44", "elapsed": 244.739388, "delta": 1.123999}}
{"target": -12.094855905856509, "params": {"C": 6.362085191659378, "epsilon": 7.1910320659739835, "gamma": 0.01, "lamda": 0.1}, "datetime": {"datetime": "2021-06-21 19:53:45", "elapsed": 245.790573, "delta": 1.051185}}
{"target": -12.127060328276077, "params": {"C": 7.837222583302095, "epsilon": 3.0715932377478943, "gamma": 0.01, "lamda": 0.7}, "datetime": {"datetime": "2021-06-21 19:53:47", "elapsed": 247.329457, "delta": 1.538884}}
{"target": -13.075368281482364, "params": {"C": 3.7282621490982337, "epsilon": 3.1467931014246098, "gamma": 0.01, "lamda": 0.7}, "datetime": {"datetime": "2021-06-21 19:53:48", "elapsed": 248.423532, "delta": 1.094075}}
{"target": -12.182301528306054, "params": {"C": 7.100123894019713, "epsilon": 4.472614653899213, "gamma": 0.01, "lamda": 0.7}, "datetime": {"datetime": "2021-06-21 19:53:49", "elapsed": 249.598392, "delta": 1.17486}}
{"target": -15.406389238737528, "params": {"C": 5.774096915874457, "epsilon": 7.647684907202449, "gamma": 0.4905231574396258, "lamda": 0.11463699711897002}, "datetime": {"datetime": "2021-06-21 19:53:50", "elapsed": 250.610683, "delta": 1.012291}}
{"target": -11.95382678732693, "params": {"C": 6.8939351951253744, "epsilon": 8.790282977597599, "gamma": 0.01, "lamda": 0.29234848178224426}, "datetime": {"datetime": "2021-06-21 19:53:51", "elapsed": 251.739665, "delta": 1.128982}}
{"target": -12.772391908621108, "params": {"C": 5.797173644608461, "epsilon": 0.001, "gamma": 0.01, "lamda": 0.7}, "datetime": {"datetime": "2021-06-21 19:53:52", "elapsed": 252.84471, "delta": 1.105045}}
{"target": -11.608986850838846, "params": {"C": 7.8644019773406795, "epsilon": 10.0, "gamma": 0.01, "lamda": 0.1}, "datetime": {"datetime": "2021-06-21 19:53:53", "elapsed": 253.806139, "delta": 0.961429}}
{"target": -11.879226577661822, "params": {"C": 9.482409015856494, "epsilon": 8.343603518927335, "gamma": 0.01, "lamda": 0.7}, "datetime": {"datetime": "2021-06-21 19:53:55", "elapsed": 254.965039, "delta": 1.1589}}
{"target": -11.957514473610162, "params": {"C": 6.944626161461957, "epsilon": 7.670799581847201, "gamma": 0.01, "lamda": 0.1}, "datetime": {"datetime": "2021-06-21 19:53:56", "elapsed": 256.408181, "delta": 1.443142}}
{"target": -12.012214736017617, "params": {"C": 5.742364386934236, "epsilon": 9.707339533752226, "gamma": 0.01, "lamda": 0.1}, "datetime": {"datetime": "2021-06-21 19:53:57", "elapsed": 257.679781, "delta": 1.2716}}
{"target": -12.75806948883206, "params": {"C": 4.970333929081928, "epsilon": 3.182369048523429, "gamma": 0.01, "lamda": 0.7}, "datetime": {"datetime": "2021-06-21 19:53:58", "elapsed": 258.705039, "delta": 1.025258}}
{"target": -12.642310091793805, "params": {"C": 4.8507305340779325, "epsilon": 4.027902314190971, "gamma": 0.01, "lamda": 0.1}, "datetime": {"datetime": "2021-06-21 19:53:59", "elapsed": 259.820057, "delta": 1.115018}}
{"target": -11.921457619666514, "params": {"C": 6.8207536820814, "epsilon": 9.732780188233518, "gamma": 0.01, "lamda": 0.30202287620307616}, "datetime": {"datetime": "2021-06-21 19:54:01", "elapsed": 261.107614, "delta": 1.287557}}
{"target": -10.877831851976671, "params": {"C": 7.51980237658464, "epsilon": 3.090032960935434, "gamma": 0.039265277336271165, "lamda": 0.14287936421364605}, "datetime": {"datetime": "2021-06-21 19:54:02", "elapsed": 262.380211, "delta": 1.272597}}
{"target": -12.30817489115127, "params": {"C": 5.457333726010313, "epsilon": 7.861295302214325, "gamma": 0.01, "lamda": 0.5144183248173021}, "datetime": {"datetime": "2021-06-21 19:54:03", "elapsed": 263.67775, "delta": 1.297539}}
{"target": -12.033391190077865, "params": {"C": 8.868662454086778, "epsilon": 4.825050677383467, "gamma": 0.01, "lamda": 0.7}, "datetime": {"datetime": "2021-06-21 19:54:04", "elapsed": 264.702003, "delta": 1.024253}}
{"target": -12.307023865736538, "params": {"C": 5.133100558059412, "epsilon": 8.703431097014345, "gamma": 0.01, "lamda": 0.4440271431521944}, "datetime": {"datetime": "2021-06-21 19:54:06", "elapsed": 265.929722, "delta": 1.227719}}
{"target": -12.616018455512165, "params": {"C": 4.7424799634508785, "epsilon": 6.755453982604416, "gamma": 0.01, "lamda": 0.7}, "datetime": {"datetime": "2021-06-21 19:54:07", "elapsed": 267.465613, "delta": 1.535891}}
{"target": -11.88458012174504, "params": {"C": 8.446555884213225, "epsilon": 7.949414215247597, "gamma": 0.01, "lamda": 0.7}, "datetime": {"datetime": "2021-06-21 19:54:09", "elapsed": 268.98156, "delta": 1.515947}}
{"target": -12.974740744775637, "params": {"C": 4.349734498622912, "epsilon": 2.1214152419244168, "gamma": 0.01, "lamda": 0.3868090536823319}, "datetime": {"datetime": "2021-06-21 19:54:10", "elapsed": 270.669046, "delta": 1.687486}}
{"target": -12.136031835324168, "params": {"C": 9.077504850080198, "epsilon": 2.8607542353069966, "gamma": 0.01, "lamda": 0.7}, "datetime": {"datetime": "2021-06-21 19:54:11", "elapsed": 271.729211, "delta": 1.060165}}
{"target": -11.481362841075725, "params": {"C": 5.210753863010474, "epsilon": 0.8672907168475829, "gamma": 0.03920644773276494, "lamda": 0.6918548840641768}, "datetime": {"datetime": "2021-06-21 19:54:13", "elapsed": 273.012779, "delta": 1.283568}}
{"target": -12.858579824782865, "params": {"C": 5.019029742945138, "epsilon": 1.289038818313598, "gamma": 0.01, "lamda": 0.37089519994364284}, "datetime": {"datetime": "2021-06-21 19:54:14", "elapsed": 274.47188, "delta": 1.459101}}
{"target": -14.989275749295135, "params": {"C": 7.8534221851671315, "epsilon": 8.787912570159921, "gamma": 0.4599275984310794, "lamda": 0.1}, "datetime": {"datetime": "2021-06-21 19:54:15", "elapsed": 275.707574, "delta": 1.235694}}
{"target": -12.98373992234849, "params": {"C": 2.8606133221412255, "epsilon": 7.647994670636437, "gamma": 0.01, "lamda": 0.1}, "datetime": {"datetime": "2021-06-21 19:54:17", "elapsed": 277.011087, "delta": 1.303513}}
{"target": -12.453361902732878, "params": {"C": 6.096932768246322, "epsilon": 3.3504330490290455, "gamma": 0.01, "lamda": 0.46955957852066027}, "datetime": {"datetime": "2021-06-21 19:54:18", "elapsed": 278.230827, "delta": 1.21974}}
{"target": -14.126380817218346, "params": {"C": 4.866998030179025, "epsilon": 2.021679168126299, "gamma": 0.280703774334864, "lamda": 0.1}, "datetime": {"datetime": "2021-06-21 19:54:19", "elapsed": 279.427627, "delta": 1.1968}}
{"target": -12.267897618406893, "params": {"C": 6.617612473162282, "epsilon": 5.413426184073726, "gamma": 0.01, "lamda": 0.7}, "datetime": {"datetime": "2021-06-21 19:54:20", "elapsed": 280.62343, "delta": 1.195803}}
{"target": -11.89882134084146, "params": {"C": 9.570934451469833, "epsilon": 6.269061443462406, "gamma": 0.01, "lamda": 0.3824577629674708}, "datetime": {"datetime": "2021-06-21 19:54:22", "elapsed": 282.314905, "delta": 1.691475}}
{"target": -12.992829228140254, "params": {"C": 3.0176535771382147, "epsilon": 7.2116040028216135, "gamma": 0.01, "lamda": 0.463700563055222}, "datetime": {"datetime": "2021-06-21 19:54:23", "elapsed": 283.417955, "delta": 1.10305}}
{"target": -11.219085963586602, "params": {"C": 9.217926800762973, "epsilon": 5.340010715103428, "gamma": 0.022462600374159515, "lamda": 0.35601184098968264}, "datetime": {"datetime": "2021-06-21 19:54:24", "elapsed": 284.748399, "delta": 1.330444}}
{"target": -12.408644759478369, "params": {"C": 5.442158829412561, "epsilon": 4.693104692709944, "gamma": 0.01, "lamda": 0.1}, "datetime": {"datetime": "2021-06-21 19:54:26", "elapsed": 286.300248, "delta": 1.551849}}
{"target": -11.785376080012314, "params": {"C": 8.690106014224835, "epsilon": 6.771349038034109, "gamma": 0.01, "lamda": 0.1}, "datetime": {"datetime": "2021-06-21 19:54:27", "elapsed": 287.476105, "delta": 1.175857}}
{"target": -14.48489500680541, "params": {"C": 1.3557430556268766, "epsilon": 8.280892460770888, "gamma": 0.01, "lamda": 0.1}, "datetime": {"datetime": "2021-06-21 19:54:28", "elapsed": 288.751693, "delta": 1.275588}}
{"target": -12.745088563571958, "params": {"C": 5.594274555327621, "epsilon": 0.9524800448025122, "gamma": 0.01, "lamda": 0.4806395858295391}, "datetime": {"datetime": "2021-06-21 19:54:30", "elapsed": 289.919569, "delta": 1.167876}}
{"target": -12.64380470951777, "params": {"C": 5.27965698511462, "epsilon": 2.553404661472685, "gamma": 0.01, "lamda": 0.1}, "datetime": {"datetime": "2021-06-21 19:54:31", "elapsed": 291.128337, "delta": 1.208768}}
{"target": -12.480331640556038, "params": {"C": 3.9793328348616943, "epsilon": 8.73678917561727, "gamma": 0.01, "lamda": 0.1}, "datetime": {"datetime": "2021-06-21 19:54:32", "elapsed": 292.391959, "delta": 1.263622}}
{"target": -12.873759320106576, "params": {"C": 3.3037133194847597, "epsilon": 8.204374162194059, "gamma": 0.01, "lamda": 0.7}, "datetime": {"datetime": "2021-06-21 19:54:33", "elapsed": 293.785233, "delta": 1.393274}}
{"target": -13.876161867034345, "params": {"C": 1.9502518646397125, "epsilon": 6.509526485199363, "gamma": 0.01, "lamda": 0.7}, "datetime": {"datetime": "2021-06-21 19:54:35", "elapsed": 295.08376, "delta": 1.298527}}
{"target": -11.683097105944093, "params": {"C": 10.0, "epsilon": 9.57128369829687, "gamma": 0.01, "lamda": 0.1}, "datetime": {"datetime": "2021-06-21 19:54:36", "elapsed": 296.663535, "delta": 1.579775}}
{"target": -12.03605270738166, "params": {"C": 7.198885309780336, "epsilon": 5.815371007423837, "gamma": 0.01, "lamda": 0.396163554858629}, "datetime": {"datetime": "2021-06-21 19:54:38", "elapsed": 298.212394, "delta": 1.548859}}
{"target": -13.263265519948503, "params": {"C": 2.8594027208842836, "epsilon": 5.904606030039836, "gamma": 0.01, "lamda": 0.7}, "datetime": {"datetime": "2021-06-21 19:54:39", "elapsed": 299.516907, "delta": 1.304513}}
{"target": -11.836973637983334, "params": {"C": 9.335940871101295, "epsilon": 9.540169126288726, "gamma": 0.01, "lamda": 0.7}, "datetime": {"datetime": "2021-06-21 19:54:41", "elapsed": 300.985978, "delta": 1.469071}}
{"target": -12.15884103585073, "params": {"C": 7.363305465872599, "epsilon": 2.762381477563987, "gamma": 0.01, "lamda": 0.1}, "datetime": {"datetime": "2021-06-21 19:54:42", "elapsed": 302.490953, "delta": 1.504975}}
{"target": -12.832736760364083, "params": {"C": 5.377327439996999, "epsilon": 0.4455214406773564, "gamma": 0.01, "lamda": 0.7}, "datetime": {"datetime": "2021-06-21 19:54:44", "elapsed": 304.121593, "delta": 1.63064}}
{"target": -11.912470823464968, "params": {"C": 7.935451983230026, "epsilon": 6.428053860227648, "gamma": 0.01, "lamda": 0.4848205601899208}, "datetime": {"datetime": "2021-06-21 19:54:45", "elapsed": 305.227635, "delta": 1.106042}}
{"target": -12.084254926402439, "params": {"C": 7.588857222562227, "epsilon": 3.4082025940936345, "gamma": 0.01, "lamda": 0.37395568849141253}, "datetime": {"datetime": "2021-06-21 19:54:46", "elapsed": 306.65482, "delta": 1.427185}}
{"target": -11.802964917263255, "params": {"C": 7.539918499155964, "epsilon": 7.119016374195567, "gamma": 0.01, "lamda": 0.1}, "datetime": {"datetime": "2021-06-21 19:54:49", "elapsed": 308.95467, "delta": 2.29985}}
{"target": -11.94667405343495, "params": {"C": 7.387254448765726, "epsilon": 7.563311363726676, "gamma": 0.01, "lamda": 0.7}, "datetime": {"datetime": "2021-06-21 19:54:50", "elapsed": 310.588301, "delta": 1.633631}}
{"target": -16.56972006873717, "params": {"C": 10.0, "epsilon": 8.669228623784484, "gamma": 0.6170418804025329, "lamda": 0.7}, "datetime": {"datetime": "2021-06-21 19:54:52", "elapsed": 312.24986, "delta": 1.661559}}
{"target": -11.851270093953497, "params": {"C": 7.84148845362649, "epsilon": 8.215438363768133, "gamma": 0.01, "lamda": 0.5596695227543363}, "datetime": {"datetime": "2021-06-21 19:54:54", "elapsed": 313.97624, "delta": 1.72638}}
{"target": -12.001514155435594, "params": {"C": 4.53416163256233, "epsilon": 9.993823352556161, "gamma": 0.012474570462856544, "lamda": 0.12605036238137204}, "datetime": {"datetime": "2021-06-21 19:54:55", "elapsed": 315.487201, "delta": 1.510961}}
{"target": -12.808704454559338, "params": {"C": 3.446764175695169, "epsilon": 9.511421461822659, "gamma": 0.01, "lamda": 0.7}, "datetime": {"datetime": "2021-06-21 19:54:58", "elapsed": 318.133126, "delta": 2.645925}}
{"target": -11.661103519369941, "params": {"C": 8.466182848392245, "epsilon": 8.848397603313938, "gamma": 0.01, "lamda": 0.1}, "datetime": {"datetime": "2021-06-21 19:55:00", "elapsed": 319.970213, "delta": 1.837087}}
{"target": -12.157443797865572, "params": {"C": 10.0, "epsilon": 1.9406222212749655, "gamma": 0.01, "lamda": 0.1}, "datetime": {"datetime": "2021-06-21 19:55:01", "elapsed": 321.66568, "delta": 1.695467}}
{"target": -12.014647188502229, "params": {"C": 9.587102530892059, "epsilon": 5.510765048100327, "gamma": 0.01, "lamda": 0.7}, "datetime": {"datetime": "2021-06-21 19:55:03", "elapsed": 323.462873, "delta": 1.797193}}
{"target": -16.506109352651023, "params": {"C": 10.0, "epsilon": 6.116770364446885, "gamma": 0.6000080806970104, "lamda": 0.7}, "datetime": {"datetime": "2021-06-21 19:55:05", "elapsed": 325.397701, "delta": 1.934828}}
{"target": -13.565918473643151, "params": {"C": 2.5933526982803863, "epsilon": 3.046449987242357, "gamma": 0.01, "lamda": 0.1}, "datetime": {"datetime": "2021-06-21 19:55:07", "elapsed": 327.170959, "delta": 1.773258}}
{"target": -11.745683406552288, "params": {"C": 7.495602062607966, "epsilon": 8.417585217593128, "gamma": 0.01, "lamda": 0.1}, "datetime": {"datetime": "2021-06-21 19:55:10", "elapsed": 330.455176, "delta": 3.284217}}
{"target": -11.912096744349402, "params": {"C": 9.452919962873658, "epsilon": 5.180882512003515, "gamma": 0.01, "lamda": 0.1}, "datetime": {"datetime": "2021-06-21 19:55:14", "elapsed": 334.7098, "delta": 4.254624}}
{"target": -12.703972493366669, "params": {"C": 4.195766290829692, "epsilon": 8.27683962224332, "gamma": 0.01, "lamda": 0.7}, "datetime": {"datetime": "2021-06-21 19:55:19", "elapsed": 339.480045, "delta": 4.770245}}
{"target": -11.740780340725134, "params": {"C": 9.698760124467938, "epsilon": 9.837238102520756, "gamma": 0.01, "lamda": 0.35181210026114046}, "datetime": {"datetime": "2021-06-21 19:55:23", "elapsed": 343.566117, "delta": 4.086072}}
{"target": -12.790662662332904, "params": {"C": 4.742764165065651, "epsilon": 2.7488283908929647, "gamma": 0.01, "lamda": 0.1}, "datetime": {"datetime": "2021-06-21 19:55:26", "elapsed": 345.892895, "delta": 2.326778}}
{"target": -12.255123737464606, "params": {"C": 5.072110158683155, "epsilon": 8.293992204069257, "gamma": 0.01, "lamda": 0.1}, "datetime": {"datetime": "2021-06-21 19:55:28", "elapsed": 348.614618, "delta": 2.721723}}
