{"target": -11.452534843122175, "params": {"C": 7.6242741662903795, "epsilon": 7.789233756769322, "gamma": 0.01, "lamda": 1.0}, "datetime": {"datetime": "2021-06-21 21:01:16", "elapsed": 38.775908, "delta": 1.887371}}
{"target": -11.40954091218429, "params": {"C": 5.6718695053464945, "epsilon": 1.948012047090845, "gamma": 0.03181009970337074, "lamda": 0.07971170136289389}, "datetime": {"datetime": "2021-06-21 21:01:17", "elapsed": 40.309719, "delta": 1.533811}}
{"target": -11.2783678157558, "params": {"C": 10.0, "epsilon": 10.0, "gamma": 0.01, "lamda": 1.0}, "datetime": {"datetime": "2021-06-21 21:01:18", "elapsed": 41.333775, "delta": 1.024056}}
{"target": -11.943947546896432, "params": {"C": 4.369968816734737, "epsilon": 3.472493483131485, "gamma": 0.01, "lamda": 1.0}, "datetime": {"datetime": "2021-06-21 21:01:19", "elapsed": 42.488187, "delta": 1.154412}}
{"target": -11.80990941708511, "params": {"C": 5.836084674634722, "epsilon": 3.260028033020867, "gamma": 0.01, "lamda": 0.01}, "datetime": {"datetime": "2021-06-21 21:01:21", "elapsed": 43.728748, "delta": 1.240561}}
{"target": -11.705267823703617, "params": {"C": 10.0, "epsilon": 1.5388241410768113, "gamma": 0.01, "lamda": 1.0}, "datetime": {"datetime": "2021-06-21 21:01:24", "elapsed": 46.664189, "delta": 2.935441}}
{"target": -11.918913280662673, "params": {"C": 6.646126669572205, "epsilon": 0.8472471343221487, "gamma": 0.01, "lamda": 0.01}, "datetime": {"datetime": "2021-06-21 21:01:25", "elapsed": 47.772448, "delta": 1.108259}}
{"target": -11.627939629367708, "params": {"C": 10.0, "epsilon": 3.1714728605451863, "gamma": 0.01, "lamda": 0.01}, "datetime": {"datetime": "2021-06-21 21:01:26", "elapsed": 48.98091, "delta": 1.208462}}
{"target": -11.989159546111535, "params": {"C": 4.338842660895171, "epsilon": 2.22595275739525, "gamma": 0.01, "lamda": 0.01}, "datetime": {"datetime": "2021-06-21 21:01:27", "elapsed": 50.159869, "delta": 1.178959}}
{"target": -11.322831489538911, "params": {"C": 7.239085721353644, "epsilon": 9.07416291490294, "gamma": 0.01, "lamda": 0.01}, "datetime": {"datetime": "2021-06-21 21:01:28", "elapsed": 51.407089, "delta": 1.24722}}
{"target": -11.386962034539872, "params": {"C": 8.727846117925061, "epsilon": 7.042335466091708, "gamma": 0.01, "lamda": 0.01}, "datetime": {"datetime": "2021-06-21 21:01:30", "elapsed": 52.902671, "delta": 1.495582}}
{"target": -11.475493265799175, "params": {"C": 10.0, "epsilon": 6.1990017344199755, "gamma": 0.01, "lamda": 0.01}, "datetime": {"datetime": "2021-06-21 21:01:31", "elapsed": 54.228155, "delta": 1.325484}}
{"target": -11.474953319988323, "params": {"C": 6.7081289310927, "epsilon": 10.0, "gamma": 0.01, "lamda": 1.0}, "datetime": {"datetime": "2021-06-21 21:01:32", "elapsed": 55.334486, "delta": 1.106331}}
{"target": -11.366654007658823, "params": {"C": 10.0, "epsilon": 7.919250240166025, "gamma": 0.01, "lamda": 1.0}, "datetime": {"datetime": "2021-06-21 21:01:34", "elapsed": 56.902359, "delta": 1.567873}}
{"target": -11.35338237263083, "params": {"C": 10.0, "epsilon": 8.85845024550438, "gamma": 0.01, "lamda": 0.01}, "datetime": {"datetime": "2021-06-21 21:01:35", "elapsed": 57.951877, "delta": 1.049518}}
{"target": -11.508231165113731, "params": {"C": 10.0, "epsilon": 5.166440635737406, "gamma": 0.01, "lamda": 1.0}, "datetime": {"datetime": "2021-06-21 21:01:36", "elapsed": 59.352671, "delta": 1.400794}}
{"target": -11.394686439753503, "params": {"C": 7.587325720017047, "epsilon": 7.71176955654345, "gamma": 0.01, "lamda": 0.01}, "datetime": {"datetime": "2021-06-21 21:01:38", "elapsed": 60.825212, "delta": 1.472541}}
{"target": -11.605852075628334, "params": {"C": 6.126750870470762, "epsilon": 7.433041734619476, "gamma": 0.01, "lamda": 1.0}, "datetime": {"datetime": "2021-06-21 21:01:39", "elapsed": 62.433117, "delta": 1.607905}}
{"target": -10.748522052337387, "params": {"C": 9.112274615139317, "epsilon": 7.761672613007151, "gamma": 0.03600873675194864, "lamda": 0.5372030900528714}, "datetime": {"datetime": "2021-06-21 21:01:43", "elapsed": 65.708152, "delta": 3.275035}}
{"target": -11.302381387529788, "params": {"C": 8.883410350763626, "epsilon": 8.715731025232603, "gamma": 0.01, "lamda": 0.5748599308608386}, "datetime": {"datetime": "2021-06-21 21:01:45", "elapsed": 68.253916, "delta": 2.545764}}
{"target": -11.441772872484227, "params": {"C": 8.928653286077935, "epsilon": 7.347554716113087, "gamma": 0.01, "lamda": 1.0}, "datetime": {"datetime": "2021-06-21 21:01:47", "elapsed": 70.082208, "delta": 1.828292}}
{"target": -28.17835582641517, "params": {"C": 0.01, "epsilon": 4.766927447873963, "gamma": 0.01, "lamda": 0.01}, "datetime": {"datetime": "2021-06-21 21:01:48", "elapsed": 71.345537, "delta": 1.263329}}
{"target": -35.11121138746805, "params": {"C": 10.0, "epsilon": 0.001000000000000334, "gamma": 10.0, "lamda": 1.0}, "datetime": {"datetime": "2021-06-21 21:01:49", "elapsed": 72.427999, "delta": 1.082462}}
{"target": -11.848633739219421, "params": {"C": 8.626569078371194, "epsilon": 0.001, "gamma": 0.01, "lamda": 1.0}, "datetime": {"datetime": "2021-06-21 21:01:51", "elapsed": 73.694205, "delta": 1.266206}}
{"target": -11.313300511102435, "params": {"C": 7.332519972100387, "epsilon": 10.0, "gamma": 0.01, "lamda": 0.3977184915697036}, "datetime": {"datetime": "2021-06-21 21:01:52", "elapsed": 74.688677, "delta": 0.994472}}
{"target": -11.819950541276935, "params": {"C": 6.883145932285807, "epsilon": 2.329040354329009, "gamma": 0.01, "lamda": 1.0}, "datetime": {"datetime": "2021-06-21 21:01:53", "elapsed": 75.954322, "delta": 1.265645}}
{"target": -11.360282258796452, "params": {"C": 9.179219083177223, "epsilon": 7.962071337396424, "gamma": 0.01, "lamda": 0.06165674491232105}, "datetime": {"datetime": "2021-06-21 21:01:55", "elapsed": 77.610279, "delta": 1.655957}}
{"target": -22.992198855220384, "params": {"C": 9.471272397081233, "epsilon": 7.6816776580575565, "gamma": 0.9082455592848557, "lamda": 0.4473474790188574}, "datetime": {"datetime": "2021-06-21 21:01:56", "elapsed": 78.58794, "delta": 0.977661}}
{"target": -31.726533759380217, "params": {"C": 10.0, "epsilon": 10.0, "gamma": 10.0, "lamda": 1.0}, "datetime": {"datetime": "2021-06-21 21:02:22", "elapsed": 104.66612, "delta": 26.07818}}
{"target": -12.189961233860613, "params": {"C": 3.9909110408373625, "epsilon": 0.001, "gamma": 0.01, "lamda": 0.01}, "datetime": {"datetime": "2021-06-21 21:02:23", "elapsed": 105.677576, "delta": 1.011456}}
{"target": -12.138922112781714, "params": {"C": 4.42699410609254, "epsilon": 0.001, "gamma": 0.01, "lamda": 1.0}, "datetime": {"datetime": "2021-06-21 21:02:25", "elapsed": 107.649825, "delta": 1.972249}}
{"target": -12.03509872134437, "params": {"C": 4.8348876389364115, "epsilon": 0.9302303898447392, "gamma": 0.01, "lamda": 0.01}, "datetime": {"datetime": "2021-06-21 21:02:26", "elapsed": 109.301725, "delta": 1.6519}}
{"target": -11.530269013723208, "params": {"C": 4.817128569742712, "epsilon": 10.0, "gamma": 0.01, "lamda": 0.01}, "datetime": {"datetime": "2021-06-21 21:02:28", "elapsed": 110.988957, "delta": 1.687232}}
{"target": -11.638615440358233, "params": {"C": 8.70312904249135, "epsilon": 2.9479003881782275, "gamma": 0.01, "lamda": 0.01}, "datetime": {"datetime": "2021-06-21 21:02:29", "elapsed": 112.121201, "delta": 1.132244}}
{"target": -11.632537878338729, "params": {"C": 5.0663888376498685, "epsilon": 10.0, "gamma": 0.01, "lamda": 1.0}, "datetime": {"datetime": "2021-06-21 21:02:31", "elapsed": 113.841895, "delta": 1.720694}}
{"target": -11.696568791732279, "params": {"C": 7.286094055057407, "epsilon": 3.339339204226163, "gamma": 0.01, "lamda": 0.01}, "datetime": {"datetime": "2021-06-21 21:02:32", "elapsed": 114.951665, "delta": 1.10977}}
{"target": -11.79205547458895, "params": {"C": 10.0, "epsilon": 0.001, "gamma": 0.01, "lamda": 0.01}, "datetime": {"datetime": "2021-06-21 21:02:33", "elapsed": 116.270282, "delta": 1.318617}}
{"target": -11.446165778906634, "params": {"C": 5.652181521000543, "epsilon": 10.0, "gamma": 0.01, "lamda": 0.32523188641862144}, "datetime": {"datetime": "2021-06-21 21:02:35", "elapsed": 118.32211, "delta": 2.051828}}
{"target": -11.371196339885437, "params": {"C": 9.55575844760813, "epsilon": 7.6439533892605125, "gamma": 0.010782917828820992, "lamda": 0.5433582894147945}, "datetime": {"datetime": "2021-06-21 21:02:37", "elapsed": 119.724727, "delta": 1.402617}}
{"target": -11.854287484482464, "params": {"C": 5.074832868672822, "epsilon": 4.59523514289094, "gamma": 0.01, "lamda": 1.0}, "datetime": {"datetime": "2021-06-21 21:02:38", "elapsed": 120.932762, "delta": 1.208035}}
{"target": -11.469416925153057, "params": {"C": 5.99420416039595, "epsilon": 5.228746443058896, "gamma": 0.013099111449898108, "lamda": 0.05435839151026195}, "datetime": {"datetime": "2021-06-21 21:02:39", "elapsed": 122.352213, "delta": 1.419451}}
{"target": -11.757876356309286, "params": {"C": 9.227431825368683, "epsilon": 0.8313179145993304, "gamma": 0.01, "lamda": 0.2554037296842741}, "datetime": {"datetime": "2021-06-21 21:02:41", "elapsed": 123.64852, "delta": 1.296307}}
{"target": -11.959042514590168, "params": {"C": 3.371759276061875, "epsilon": 3.956038670206477, "gamma": 0.01, "lamda": 0.01}, "datetime": {"datetime": "2021-06-21 21:02:42", "elapsed": 124.955543, "delta": 1.307023}}
{"target": -11.692470163243621, "params": {"C": 8.774301089130788, "epsilon": 2.4179549938142393, "gamma": 0.01, "lamda": 1.0}, "datetime": {"datetime": "2021-06-21 21:02:43", "elapsed": 126.039469, "delta": 1.083926}}
{"target": -12.284804720352941, "params": {"C": 2.918716935452012, "epsilon": 0.001, "gamma": 0.01, "lamda": 1.0}, "datetime": {"datetime": "2021-06-21 21:02:44", "elapsed": 127.002907, "delta": 0.963438}}
{"target": -11.239025831345476, "params": {"C": 5.506108818039824, "epsilon": 8.887542083798026, "gamma": 0.013524577462244877, "lamda": 0.4942062462199591}, "datetime": {"datetime": "2021-06-21 21:02:45", "elapsed": 127.857802, "delta": 0.854895}}
{"target": -12.14011090266339, "params": {"C": 3.173566362610233, "epsilon": 2.015476886491302, "gamma": 0.01, "lamda": 1.0}, "datetime": {"datetime": "2021-06-21 21:02:46", "elapsed": 128.969426, "delta": 1.111624}}
{"target": -11.754931585441737, "params": {"C": 3.1507573417872354, "epsilon": 4.196946762342472, "gamma": 0.014150800200336532, "lamda": 0.9686228395513634}, "datetime": {"datetime": "2021-06-21 21:02:47", "elapsed": 129.744491, "delta": 0.775065}}
{"target": -11.54271498864523, "params": {"C": 6.400833732759113, "epsilon": 8.812382251250048, "gamma": 0.01, "lamda": 1.0}, "datetime": {"datetime": "2021-06-21 21:02:48", "elapsed": 131.366833, "delta": 1.622342}}
{"target": -11.720470311181835, "params": {"C": 4.37118997934856, "epsilon": 6.553278143151238, "gamma": 0.01, "lamda": 0.01}, "datetime": {"datetime": "2021-06-21 21:02:49", "elapsed": 132.440638, "delta": 1.073805}}
{"target": -11.267343209087217, "params": {"C": 5.4636443328841295, "epsilon": 7.215867711699748, "gamma": 0.01620713202592296, "lamda": 0.36223261474814417}, "datetime": {"datetime": "2021-06-21 21:02:50", "elapsed": 133.298667, "delta": 0.858029}}
{"target": -11.58169794218544, "params": {"C": 7.155342167237493, "epsilon": 5.169908471563436, "gamma": 0.01, "lamda": 0.01}, "datetime": {"datetime": "2021-06-21 21:02:51", "elapsed": 134.517001, "delta": 1.218334}}
{"target": -10.978254629306498, "params": {"C": 8.55924988921343, "epsilon": 7.430156197560315, "gamma": 0.02552917668916914, "lamda": 0.3816511027161781}, "datetime": {"datetime": "2021-06-21 21:02:52", "elapsed": 135.490641, "delta": 0.97364}}
{"target": -11.003134739741482, "params": {"C": 8.503129763481114, "epsilon": 8.268383978277157, "gamma": 0.023103374207601154, "lamda": 0.6257720046229535}, "datetime": {"datetime": "2021-06-21 21:02:54", "elapsed": 136.80103, "delta": 1.310389}}
{"target": -11.818769661754244, "params": {"C": 6.61943646812311, "epsilon": 2.2594476008247586, "gamma": 0.01, "lamda": 0.01}, "datetime": {"datetime": "2021-06-21 21:02:55", "elapsed": 138.0681, "delta": 1.26707}}
{"target": -11.766801151087252, "params": {"C": 4.699811179429877, "epsilon": 7.025712039023412, "gamma": 0.01, "lamda": 1.0}, "datetime": {"datetime": "2021-06-21 21:02:56", "elapsed": 139.499899, "delta": 1.431799}}
{"target": -11.261185095795563, "params": {"C": 9.131766685131467, "epsilon": 10.0, "gamma": 0.01, "lamda": 0.5969167227237754}, "datetime": {"datetime": "2021-06-21 21:02:58", "elapsed": 140.767091, "delta": 1.267192}}
{"target": -11.691222577958255, "params": {"C": 9.000910121605813, "epsilon": 1.9898284647428166, "gamma": 0.01, "lamda": 0.01}, "datetime": {"datetime": "2021-06-21 21:02:59", "elapsed": 142.074848, "delta": 1.307757}}
{"target": -12.159829975948988, "params": {"C": 3.708944898297975, "epsilon": 0.9736438403921811, "gamma": 0.01, "lamda": 1.0}, "datetime": {"datetime": "2021-06-21 21:03:00", "elapsed": 143.314518, "delta": 1.23967}}
{"target": -11.501800676092525, "params": {"C": 5.448513924573618, "epsilon": 9.177339019801323, "gamma": 0.01, "lamda": 0.01}, "datetime": {"datetime": "2021-06-21 21:03:02", "elapsed": 144.654476, "delta": 1.339958}}
{"target": -11.679839100011243, "params": {"C": 6.521653594971571, "epsilon": 4.325302116983565, "gamma": 0.01, "lamda": 0.01}, "datetime": {"datetime": "2021-06-21 21:03:03", "elapsed": 145.84576, "delta": 1.191284}}
{"target": -11.607007354245669, "params": {"C": 5.511248542127295, "epsilon": 8.083977466616844, "gamma": 0.01, "lamda": 0.632236814492824}, "datetime": {"datetime": "2021-06-21 21:03:04", "elapsed": 147.430995, "delta": 1.585235}}
{"target": -11.752717881744564, "params": {"C": 3.6786065272556763, "epsilon": 10.0, "gamma": 0.01, "lamda": 1.0}, "datetime": {"datetime": "2021-06-21 21:03:06", "elapsed": 148.694639, "delta": 1.263644}}
{"target": -11.646945792531826, "params": {"C": 3.4480596329259776, "epsilon": 10.0, "gamma": 0.01, "lamda": 0.01}, "datetime": {"datetime": "2021-06-21 21:03:07", "elapsed": 149.830791, "delta": 1.136152}}
{"target": -24.75087154074585, "params": {"C": 3.7418850109315303, "epsilon": 10.0, "gamma": 1.1827570796622173, "lamda": 0.01}, "datetime": {"datetime": "2021-06-21 21:03:08", "elapsed": 151.430932, "delta": 1.600141}}
{"target": -11.533750197127745, "params": {"C": 6.304687568530509, "epsilon": 6.468220222054179, "gamma": 0.01, "lamda": 0.01}, "datetime": {"datetime": "2021-06-21 21:03:10", "elapsed": 152.756803, "delta": 1.325871}}
{"target": -11.684772773792055, "params": {"C": 3.0654305607945904, "epsilon": 6.591869742381048, "gamma": 0.034777105305693966, "lamda": 0.592453182979178}, "datetime": {"datetime": "2021-06-21 21:03:11", "elapsed": 154.151233, "delta": 1.39443}}
{"target": -11.598030290292401, "params": {"C": 4.1190938763709335, "epsilon": 10.0, "gamma": 0.01, "lamda": 0.4282107507229239}, "datetime": {"datetime": "2021-06-21 21:03:13", "elapsed": 155.546819, "delta": 1.395586}}
{"target": -11.332672372781612, "params": {"C": 2.9425603137898024, "epsilon": 8.444792796970937, "gamma": 0.017038808726005678, "lamda": 0.28035427751996184}, "datetime": {"datetime": "2021-06-21 21:03:14", "elapsed": 157.20613, "delta": 1.659311}}
{"target": -12.001072978368862, "params": {"C": 2.5317392943160053, "epsilon": 8.161193024001625, "gamma": 0.01, "lamda": 1.0}, "datetime": {"datetime": "2021-06-21 21:03:15", "elapsed": 158.51996, "delta": 1.31383}}
{"target": -11.650641230784595, "params": {"C": 6.531606655111942, "epsilon": 5.351752631150359, "gamma": 0.01, "lamda": 0.7399319769911121}, "datetime": {"datetime": "2021-06-21 21:03:17", "elapsed": 160.047886, "delta": 1.527926}}
{"target": -11.584367621742024, "params": {"C": 2.7389150928256534, "epsilon": 7.369431529823106, "gamma": 0.03332503688990073, "lamda": 0.06054303861034046}, "datetime": {"datetime": "2021-06-21 21:03:19", "elapsed": 161.682016, "delta": 1.63413}}
{"target": -11.431239652030625, "params": {"C": 3.1333769574957544, "epsilon": 7.375470879539334, "gamma": 0.019982409208096675, "lamda": 0.6772638042606134}, "datetime": {"datetime": "2021-06-21 21:03:21", "elapsed": 163.860075, "delta": 2.178059}}
{"target": -11.117403984211386, "params": {"C": 8.803395280783057, "epsilon": 7.93558625282245, "gamma": 0.018290117267319377, "lamda": 0.9856585791633731}, "datetime": {"datetime": "2021-06-21 21:03:26", "elapsed": 169.021874, "delta": 5.161799}}
{"target": -11.665789204911645, "params": {"C": 3.6254377984588246, "epsilon": 9.154821599099426, "gamma": 0.01, "lamda": 0.01}, "datetime": {"datetime": "2021-06-21 21:03:27", "elapsed": 170.355512, "delta": 1.333638}}
{"target": -11.543424456667916, "params": {"C": 8.909926302465728, "epsilon": 4.6381174572224, "gamma": 0.01, "lamda": 0.01}, "datetime": {"datetime": "2021-06-21 21:03:28", "elapsed": 171.475694, "delta": 1.120182}}
{"target": -12.070718997380709, "params": {"C": 3.3952232943752736, "epsilon": 3.125219464940083, "gamma": 0.01, "lamda": 1.0}, "datetime": {"datetime": "2021-06-21 21:03:30", "elapsed": 172.811659, "delta": 1.335965}}
{"target": -11.91081249054286, "params": {"C": 6.5888085268289025, "epsilon": 1.1764101777277602, "gamma": 0.01, "lamda": 1.0}, "datetime": {"datetime": "2021-06-21 21:03:31", "elapsed": 174.188447, "delta": 1.376788}}
{"target": -11.38753796104311, "params": {"C": 6.2811996069125335, "epsilon": 9.151848261523105, "gamma": 0.01, "lamda": 0.33587365457623747}, "datetime": {"datetime": "2021-06-21 21:03:33", "elapsed": 175.579872, "delta": 1.391425}}
{"target": -11.446690340221807, "params": {"C": 6.997723620353797, "epsilon": 8.029081817084192, "gamma": 0.01, "lamda": 0.5158944297204353}, "datetime": {"datetime": "2021-06-21 21:03:34", "elapsed": 177.008284, "delta": 1.428412}}
{"target": -11.351005801878252, "params": {"C": 8.82797360577049, "epsilon": 7.850457107163002, "gamma": 0.01, "lamda": 0.5066186087356433}, "datetime": {"datetime": "2021-06-21 21:03:36", "elapsed": 178.593545, "delta": 1.585261}}
{"target": -34.59979339179291, "params": {"C": 5.3729550207475265, "epsilon": 4.974010637358299, "gamma": 10.0, "lamda": 0.01}, "datetime": {"datetime": "2021-06-21 21:03:37", "elapsed": 179.958542, "delta": 1.364997}}
{"target": -34.109002891812544, "params": {"C": 5.17548131355368, "epsilon": 0.001, "gamma": 5.7049207773647055, "lamda": 1.0}, "datetime": {"datetime": "2021-06-21 21:03:38", "elapsed": 181.029969, "delta": 1.071427}}
{"target": -33.549558345789976, "params": {"C": 0.043857952805657505, "epsilon": 9.693845688152285, "gamma": 5.053682723276463, "lamda": 0.8819498711600718}, "datetime": {"datetime": "2021-06-21 21:03:39", "elapsed": 181.977122, "delta": 0.947153}}
{"target": -34.12231620927184, "params": {"C": 5.010535146647805, "epsilon": 10.0, "gamma": 10.0, "lamda": 1.0}, "datetime": {"datetime": "2021-06-21 21:03:40", "elapsed": 183.494113, "delta": 1.516991}}
{"target": -34.64421009810219, "params": {"C": 0.01, "epsilon": 5.09520452529455, "gamma": 10.0, "lamda": 1.0}, "datetime": {"datetime": "2021-06-21 21:03:42", "elapsed": 184.604159, "delta": 1.110046}}
{"target": -34.70683932372507, "params": {"C": 10.0, "epsilon": 5.1239625647631435, "gamma": 10.0, "lamda": 0.01}, "datetime": {"datetime": "2021-06-21 21:03:43", "elapsed": 185.806235, "delta": 1.202076}}
{"target": -26.29224736561109, "params": {"C": 5.915950404770111, "epsilon": 2.1436882473781793, "gamma": 1.3761201924017576, "lamda": 0.01}, "datetime": {"datetime": "2021-06-21 21:03:44", "elapsed": 187.203763, "delta": 1.397528}}
{"target": -11.401064023813941, "params": {"C": 7.93748463226536, "epsilon": 8.925143392547868, "gamma": 0.01, "lamda": 1.0}, "datetime": {"datetime": "2021-06-21 21:03:46", "elapsed": 188.818534, "delta": 1.614771}}
{"target": -29.491032131121848, "params": {"C": 0.01, "epsilon": 0.001, "gamma": 0.01, "lamda": 1.0}, "datetime": {"datetime": "2021-06-21 21:03:47", "elapsed": 189.948468, "delta": 1.129934}}
{"target": -11.462914829356286, "params": {"C": 8.028043024554677, "epsilon": 6.34743657739886, "gamma": 0.01, "lamda": 0.6796157447316836}, "datetime": {"datetime": "2021-06-21 21:03:48", "elapsed": 191.526294, "delta": 1.577826}}
{"target": -13.17872953866343, "params": {"C": 3.0186530952252744, "epsilon": 1.7585497973912172, "gamma": 0.0855398529064441, "lamda": 0.06267202446458968}, "datetime": {"datetime": "2021-06-21 21:03:50", "elapsed": 193.248859, "delta": 1.722565}}
{"target": -12.262531702548467, "params": {"C": 1.907614233252016, "epsilon": 6.863602622961152, "gamma": 0.01, "lamda": 1.0}, "datetime": {"datetime": "2021-06-21 21:03:52", "elapsed": 194.856482, "delta": 1.607623}}
{"target": -11.92892226544508, "params": {"C": 7.41199537832352, "epsilon": 0.001, "gamma": 0.01, "lamda": 0.5289707385573533}, "datetime": {"datetime": "2021-06-21 21:03:53", "elapsed": 196.433056, "delta": 1.576574}}
{"target": -22.40456131207541, "params": {"C": 7.92829339678385, "epsilon": 9.977063052876257, "gamma": 0.8161091453811204, "lamda": 0.6372159025332471}, "datetime": {"datetime": "2021-06-21 21:03:56", "elapsed": 198.7988, "delta": 2.365744}}
{"target": -24.97053359989539, "params": {"C": 10.0, "epsilon": 3.379882498478285, "gamma": 1.1817425930078473, "lamda": 1.0}, "datetime": {"datetime": "2021-06-21 21:03:57", "elapsed": 200.17529, "delta": 1.37649}}
{"target": -35.17820290382907, "params": {"C": 4.943030634003084, "epsilon": 0.001, "gamma": 10.0, "lamda": 0.01}, "datetime": {"datetime": "2021-06-21 21:03:58", "elapsed": 201.447131, "delta": 1.271841}}
{"target": -12.042827979632147, "params": {"C": 2.5063015001223334, "epsilon": 5.327038175883486, "gamma": 0.01, "lamda": 0.01}, "datetime": {"datetime": "2021-06-21 21:04:00", "elapsed": 202.844519, "delta": 1.397388}}
{"target": -11.493596543291345, "params": {"C": 3.1394629964706273, "epsilon": 9.155647734138046, "gamma": 0.01216752499986474, "lamda": 0.5204891416290182}, "datetime": {"datetime": "2021-06-21 21:04:01", "elapsed": 204.478241, "delta": 1.633722}}
