{"target": -22.28716980638838, "params": {"C": 0.1, "epsilon": 9.71796281965156, "gamma": 0.1, "lamda": 0.009}, "datetime": {"datetime": "2021-06-21 20:50:50", "elapsed": 449.964282, "delta": 2.357753}}
{"target": -22.322409655572624, "params": {"C": 0.1, "epsilon": 9.83568184027491, "gamma": 0.1, "lamda": 0.23082268772331202}, "datetime": {"datetime": "2021-06-21 20:50:52", "elapsed": 452.44341, "delta": 2.479128}}
{"target": -28.780014953727033, "params": {"C": 0.1, "epsilon": 7.914194058118697, "gamma": 0.5300843197852121, "lamda": 0.7}, "datetime": {"datetime": "2021-06-21 20:50:55", "elapsed": 454.816349, "delta": 2.372939}}
{"target": -22.755342712167888, "params": {"C": 0.1, "epsilon": 8.202177031618367, "gamma": 0.1, "lamda": 0.5919139117804934}, "datetime": {"datetime": "2021-06-21 20:50:57", "elapsed": 456.975365, "delta": 2.159016}}
{"target": -23.079304782301378, "params": {"C": 0.1, "epsilon": 6.346795271105136, "gamma": 0.1, "lamda": 0.3350136199730219}, "datetime": {"datetime": "2021-06-21 20:50:59", "elapsed": 459.156889, "delta": 2.181524}}
{"target": -23.23972083103147, "params": {"C": 0.1, "epsilon": 5.8071545373601765, "gamma": 0.1, "lamda": 0.523453227869025}, "datetime": {"datetime": "2021-06-21 20:51:02", "elapsed": 461.755243, "delta": 2.598354}}
{"target": -22.60045222907705, "params": {"C": 0.1, "epsilon": 8.247632547607813, "gamma": 0.1, "lamda": 0.009}, "datetime": {"datetime": "2021-06-21 20:51:04", "elapsed": 463.753071, "delta": 1.997828}}
{"target": -23.292041486190175, "params": {"C": 0.1, "epsilon": 5.376668241336516, "gamma": 0.1, "lamda": 0.21355955316857572}, "datetime": {"datetime": "2021-06-21 20:51:06", "elapsed": 465.857601, "delta": 2.10453}}
{"target": -30.331136997001995, "params": {"C": 0.04909812892392937, "epsilon": 7.612274417763852, "gamma": 0.4552761792942571, "lamda": 0.34490274938412185}, "datetime": {"datetime": "2021-06-21 20:51:07", "elapsed": 467.231352, "delta": 1.373751}}
{"target": -23.2867986895741, "params": {"C": 0.1, "epsilon": 5.68030390352726, "gamma": 0.1, "lamda": 0.6192274038425162}, "datetime": {"datetime": "2021-06-21 20:51:10", "elapsed": 470.098493, "delta": 2.867141}}
{"target": -23.297142265461215, "params": {"C": 0.1, "epsilon": 5.286798660456822, "gamma": 0.1, "lamda": 0.09482992083687272}, "datetime": {"datetime": "2021-06-21 20:51:12", "elapsed": 472.408428, "delta": 2.309935}}
{"target": -23.068513122451847, "params": {"C": 0.1, "epsilon": 6.2159479033697, "gamma": 0.1, "lamda": 0.09747189687674271}, "datetime": {"datetime": "2021-06-21 20:51:15", "elapsed": 474.638385, "delta": 2.229957}}
{"target": -22.376876174435044, "params": {"C": 0.1, "epsilon": 9.645128230046792, "gamma": 0.1, "lamda": 0.2815628846188726}, "datetime": {"datetime": "2021-06-21 20:51:18", "elapsed": 478.399696, "delta": 3.761311}}
{"target": -22.436417665558558, "params": {"C": 0.09930878783173706, "epsilon": 9.717064524675482, "gamma": 0.10289069388983772, "lamda": 0.22048709814705053}, "datetime": {"datetime": "2021-06-21 20:51:21", "elapsed": 480.559558, "delta": 2.159862}}
{"target": -25.65364699508399, "params": {"C": 0.05308758359663226, "epsilon": 5.837175237244502, "gamma": 0.12454612875083111, "lamda": 0.6519200992303855}, "datetime": {"datetime": "2021-06-21 20:51:22", "elapsed": 482.037481, "delta": 1.477923}}
{"target": -22.39299405021653, "params": {"C": 0.1, "epsilon": 9.32140516473206, "gamma": 0.1, "lamda": 0.09179867542292738}, "datetime": {"datetime": "2021-06-21 20:51:24", "elapsed": 484.202869, "delta": 2.165388}}
{"target": -30.17106775780215, "params": {"C": 0.08368796101636108, "epsilon": 8.472355524440248, "gamma": 0.6884592226712584, "lamda": 0.37927702379574374}, "datetime": {"datetime": "2021-06-21 20:51:26", "elapsed": 485.59365, "delta": 1.390781}}
{"target": -22.595122022040524, "params": {"C": 0.1, "epsilon": 8.524453370536996, "gamma": 0.1, "lamda": 0.2366995733692837}, "datetime": {"datetime": "2021-06-21 20:51:28", "elapsed": 488.208891, "delta": 2.615241}}
{"target": -28.56238451339934, "params": {"C": 0.09250054444935456, "epsilon": 7.830899074609942, "gamma": 0.47080731993474556, "lamda": 0.524933439212881}, "datetime": {"datetime": "2021-06-21 20:51:30", "elapsed": 489.84412, "delta": 1.635229}}
{"target": -22.2744457331462, "params": {"C": 0.1, "epsilon": 9.859315921043551, "gamma": 0.1, "lamda": 0.07283999467517882}, "datetime": {"datetime": "2021-06-21 20:51:32", "elapsed": 492.174887, "delta": 2.330767}}
{"target": -22.359240115123207, "params": {"C": 0.1, "epsilon": 9.583371994686052, "gamma": 0.1, "lamda": 0.1728153741750962}, "datetime": {"datetime": "2021-06-21 20:51:34", "elapsed": 494.013301, "delta": 1.838414}}
{"target": -33.40961775740912, "params": {"C": 0.011921036078670143, "epsilon": 8.069398373466417, "gamma": 0.7722628368355814, "lamda": 0.07378861574509489}, "datetime": {"datetime": "2021-06-21 20:51:35", "elapsed": 495.273776, "delta": 1.260475}}
{"target": -24.392183725610412, "params": {"C": 0.1, "epsilon": 10.0, "gamma": 0.20672571689335112, "lamda": 0.13692560545793042}, "datetime": {"datetime": "2021-06-21 20:51:38", "elapsed": 497.835893, "delta": 2.562117}}
{"target": -23.30334023288005, "params": {"C": 0.1, "epsilon": 5.473418303710009, "gamma": 0.1, "lamda": 0.4444892028304648}, "datetime": {"datetime": "2021-06-21 20:51:40", "elapsed": 500.387425, "delta": 2.551532}}
{"target": -30.004223192751283, "params": {"C": 0.09742474899699421, "epsilon": 9.263741797603936, "gamma": 0.7714591954974259, "lamda": 0.05434405744984366}, "datetime": {"datetime": "2021-06-21 20:51:42", "elapsed": 501.692531, "delta": 1.305106}}
{"target": -25.538817758755624, "params": {"C": 0.1, "epsilon": 5.796654776079842, "gamma": 0.20675349593742198, "lamda": 0.7}, "datetime": {"datetime": "2021-06-21 20:51:44", "elapsed": 504.315349, "delta": 2.622818}}
{"target": -23.243407456527958, "params": {"C": 0.1, "epsilon": 5.872348848001435, "gamma": 0.1, "lamda": 0.6223954027687368}, "datetime": {"datetime": "2021-06-21 20:51:47", "elapsed": 506.575643, "delta": 2.260294}}
{"target": -22.68276924147137, "params": {"C": 0.1, "epsilon": 8.365262370522007, "gamma": 0.1, "lamda": 0.444970854479928}, "datetime": {"datetime": "2021-06-21 20:51:50", "elapsed": 509.635425, "delta": 3.059782}}
{"target": -23.453921177137595, "params": {"C": 0.1, "epsilon": 4.951345075246311, "gamma": 0.1, "lamda": 0.5945168602797436}, "datetime": {"datetime": "2021-06-21 20:51:53", "elapsed": 512.720009, "delta": 3.084584}}
{"target": -22.814956979603025, "params": {"C": 0.09792102156741879, "epsilon": 8.227582325860585, "gamma": 0.10488601967582105, "lamda": 0.15043109249110684}, "datetime": {"datetime": "2021-06-21 20:51:55", "elapsed": 515.100508, "delta": 2.380499}}
{"target": -25.411953478223126, "params": {"C": 0.1, "epsilon": 5.49689901345991, "gamma": 0.200264186430761, "lamda": 0.009}, "datetime": {"datetime": "2021-06-21 20:51:57", "elapsed": 516.890249, "delta": 1.789741}}
{"target": -24.044628722146513, "params": {"C": 0.09718112984870399, "epsilon": 9.961640713356859, "gamma": 0.18663388298152545, "lamda": 0.35115451099159034}, "datetime": {"datetime": "2021-06-21 20:51:59", "elapsed": 518.642432, "delta": 1.752183}}
{"target": -22.86395003837703, "params": {"C": 0.1, "epsilon": 7.799418912198063, "gamma": 0.1, "lamda": 0.7}, "datetime": {"datetime": "2021-06-21 20:52:01", "elapsed": 521.06671, "delta": 2.424278}}
{"target": -30.00458180923377, "params": {"C": 0.06073129723870693, "epsilon": 7.270725237857064, "gamma": 0.4790342889506638, "lamda": 0.6354240702069294}, "datetime": {"datetime": "2021-06-21 20:52:02", "elapsed": 522.360329, "delta": 1.293619}}
{"target": -22.349644339446446, "params": {"C": 0.1, "epsilon": 9.94085613234226, "gamma": 0.1, "lamda": 0.38361663968163784}, "datetime": {"datetime": "2021-06-21 20:52:05", "elapsed": 524.893805, "delta": 2.533476}}
{"target": -24.532825859816228, "params": {"C": 0.1, "epsilon": 5.84228083491913, "gamma": 0.16550901752648695, "lamda": 0.11402734453785607}, "datetime": {"datetime": "2021-06-21 20:52:07", "elapsed": 527.014056, "delta": 2.120251}}
{"target": -64.58559008498985, "params": {"C": 0.0018764597337309608, "epsilon": 10.0, "gamma": 0.1, "lamda": 0.7}, "datetime": {"datetime": "2021-06-21 20:52:15", "elapsed": 535.306943, "delta": 8.292887}}
{"target": -28.77314423448521, "params": {"C": 0.09592451196684089, "epsilon": 9.419158252077398, "gamma": 0.558937264258817, "lamda": 0.6984955816269907}, "datetime": {"datetime": "2021-06-21 20:52:19", "elapsed": 538.568813, "delta": 3.26187}}
{"target": -33.5643860889146, "params": {"C": 0.002918810126680116, "epsilon": 9.020304126019022, "gamma": 0.5490097527195386, "lamda": 0.17136966638793366}, "datetime": {"datetime": "2021-06-21 20:52:20", "elapsed": 540.182359, "delta": 1.613546}}
{"target": -31.516756181863588, "params": {"C": 0.04559035823933696, "epsilon": 8.362143435602237, "gamma": 0.6373439695847176, "lamda": 0.4546912720876803}, "datetime": {"datetime": "2021-06-21 20:52:22", "elapsed": 541.553084, "delta": 1.370725}}
{"target": -29.149632857613984, "params": {"C": 0.1, "epsilon": 4.5, "gamma": 0.4485792333627098, "lamda": 0.3594051963082368}, "datetime": {"datetime": "2021-06-21 20:52:23", "elapsed": 543.323841, "delta": 1.770757}}
{"target": -27.109601323301362, "params": {"C": 0.1, "epsilon": 8.525288576358719, "gamma": 0.3517584823821112, "lamda": 0.2355846807824557}, "datetime": {"datetime": "2021-06-21 20:52:26", "elapsed": 545.479836, "delta": 2.155995}}
{"target": -27.22528484701881, "params": {"C": 0.1, "epsilon": 9.495168960668664, "gamma": 0.38746795010220414, "lamda": 0.412064970360019}, "datetime": {"datetime": "2021-06-21 20:52:28", "elapsed": 547.944469, "delta": 2.464633}}
{"target": -27.439957629450383, "params": {"C": 0.1, "epsilon": 8.702528916530833, "gamma": 0.39472862322396285, "lamda": 0.009}, "datetime": {"datetime": "2021-06-21 20:52:31", "elapsed": 550.523799, "delta": 2.57933}}
{"target": -30.67267074754722, "params": {"C": 0.09222420783988913, "epsilon": 7.458548610050739, "gamma": 0.7963066516830885, "lamda": 0.49010271300995395}, "datetime": {"datetime": "2021-06-21 20:52:32", "elapsed": 552.3252, "delta": 1.801401}}
{"target": -23.426022813287968, "params": {"C": 0.1, "epsilon": 4.758236843707941, "gamma": 0.1, "lamda": 0.04784602257128798}, "datetime": {"datetime": "2021-06-21 20:52:35", "elapsed": 555.311925, "delta": 2.986725}}
{"target": -30.712509309359064, "params": {"C": 0.1, "epsilon": 6.400398633185126, "gamma": 0.8, "lamda": 0.36337816312671684}, "datetime": {"datetime": "2021-06-21 20:52:38", "elapsed": 557.578497, "delta": 2.266572}}
{"target": -26.487438657076723, "params": {"C": 0.1, "epsilon": 4.800716225048641, "gamma": 0.23906725084879676, "lamda": 0.009}, "datetime": {"datetime": "2021-06-21 20:52:40", "elapsed": 560.280223, "delta": 2.701726}}
{"target": -26.947007219916518, "params": {"C": 0.09924126828154836, "epsilon": 6.756872731304707, "gamma": 0.30147214802472144, "lamda": 0.43267161047542047}, "datetime": {"datetime": "2021-06-21 20:52:43", "elapsed": 563.397927, "delta": 3.117704}}
{"target": -31.10006443066507, "params": {"C": 0.1, "epsilon": 4.825399439800003, "gamma": 0.8, "lamda": 0.009}, "datetime": {"datetime": "2021-06-21 20:52:45", "elapsed": 565.171343, "delta": 1.773416}}
{"target": -30.970601718652386, "params": {"C": 0.1, "epsilon": 5.393654898116917, "gamma": 0.8, "lamda": 0.7}, "datetime": {"datetime": "2021-06-21 20:52:49", "elapsed": 568.488768, "delta": 3.317425}}
{"target": -28.45109340377599, "params": {"C": 0.1, "epsilon": 8.72266675465744, "gamma": 0.5147246770844307, "lamda": 0.7}, "datetime": {"datetime": "2021-06-21 20:52:53", "elapsed": 572.863451, "delta": 4.374683}}
{"target": -33.689029641593734, "params": {"C": 0.0016367720666170115, "epsilon": 8.138547278940642, "gamma": 0.25859167299265173, "lamda": 0.1670374087807812}, "datetime": {"datetime": "2021-06-21 20:52:54", "elapsed": 574.333863, "delta": 1.470412}}
{"target": -30.588387845457852, "params": {"C": 0.1, "epsilon": 6.887936616313724, "gamma": 0.8, "lamda": 0.009}, "datetime": {"datetime": "2021-06-21 20:52:57", "elapsed": 577.244988, "delta": 2.911125}}
{"target": -34.08291968896153, "params": {"C": 0.0015934027907242294, "epsilon": 4.739800192999768, "gamma": 0.11229572953865635, "lamda": 0.2884945387283498}, "datetime": {"datetime": "2021-06-21 20:52:59", "elapsed": 579.047266, "delta": 1.802278}}
{"target": -63.56302905619952, "params": {"C": 0.003943052924946803, "epsilon": 8.38045713633245, "gamma": 0.10362067591578424, "lamda": 0.6952592862482095}, "datetime": {"datetime": "2021-06-21 20:53:07", "elapsed": 587.325998, "delta": 8.278732}}
{"target": -29.28677583433263, "params": {"C": 0.1, "epsilon": 7.395564600603364, "gamma": 0.5915749426322054, "lamda": 0.009}, "datetime": {"datetime": "2021-06-21 20:53:10", "elapsed": 589.510945, "delta": 2.184947}}
{"target": -28.238466780474837, "params": {"C": 0.08089813543316612, "epsilon": 8.059575729740114, "gamma": 0.39827699463265287, "lamda": 0.3731672111051895}, "datetime": {"datetime": "2021-06-21 20:53:11", "elapsed": 590.885211, "delta": 1.374266}}
{"target": -28.086779949487628, "params": {"C": 0.1, "epsilon": 9.22867105024514, "gamma": 0.4856462471776983, "lamda": 0.5217108056667041}, "datetime": {"datetime": "2021-06-21 20:53:13", "elapsed": 592.893331, "delta": 2.00812}}
{"target": -25.970772779255284, "params": {"C": 0.09732675507609018, "epsilon": 8.09946857022425, "gamma": 0.2561192089351076, "lamda": 0.6873415276448217}, "datetime": {"datetime": "2021-06-21 20:53:15", "elapsed": 595.434121, "delta": 2.54079}}
{"target": -23.520945405090497, "params": {"C": 0.1, "epsilon": 4.5, "gamma": 0.1, "lamda": 0.26910175225759825}, "datetime": {"datetime": "2021-06-21 20:53:18", "elapsed": 598.364383, "delta": 2.930262}}
{"target": -29.80792037284446, "params": {"C": 0.1, "epsilon": 4.787347730755236, "gamma": 0.5577071232957915, "lamda": 0.7}, "datetime": {"datetime": "2021-06-21 20:53:23", "elapsed": 602.877105, "delta": 4.512722}}
{"target": -34.08608835293647, "params": {"C": 0.001, "epsilon": 7.393674634181046, "gamma": 0.8, "lamda": 0.009}, "datetime": {"datetime": "2021-06-21 20:53:26", "elapsed": 606.013781, "delta": 3.136676}}
{"target": -29.023665352499695, "params": {"C": 0.08411449635662183, "epsilon": 9.046100187142866, "gamma": 0.527334283303897, "lamda": 0.6829980732781629}, "datetime": {"datetime": "2021-06-21 20:53:28", "elapsed": 608.189787, "delta": 2.176006}}
{"target": -26.905176844058744, "params": {"C": 0.1, "epsilon": 4.5, "gamma": 0.25900702327028147, "lamda": 0.2046381580326046}, "datetime": {"datetime": "2021-06-21 20:53:31", "elapsed": 610.979935, "delta": 2.790148}}
{"target": -33.412370759066725, "params": {"C": 0.01654032816109202, "epsilon": 5.381487675345391, "gamma": 0.5416985030869771, "lamda": 0.02474135722730942}, "datetime": {"datetime": "2021-06-21 20:53:33", "elapsed": 613.017429, "delta": 2.037494}}
{"target": -28.217869638207997, "params": {"C": 0.1, "epsilon": 9.403610035531699, "gamma": 0.5106181535583812, "lamda": 0.22861091034013356}, "datetime": {"datetime": "2021-06-21 20:53:37", "elapsed": 617.224656, "delta": 4.207227}}
{"target": -25.39978725697653, "params": {"C": 0.1, "epsilon": 8.230745676040172, "gamma": 0.22893328750321212, "lamda": 0.7}, "datetime": {"datetime": "2021-06-21 20:53:40", "elapsed": 620.207267, "delta": 2.982611}}
{"target": -25.567554135946224, "params": {"C": 0.1, "epsilon": 8.38573319316537, "gamma": 0.2410504190748987, "lamda": 0.41936376395605585}, "datetime": {"datetime": "2021-06-21 20:53:43", "elapsed": 622.945702, "delta": 2.738435}}
{"target": -33.860769084480715, "params": {"C": 0.001, "epsilon": 8.429745380280064, "gamma": 0.8, "lamda": 0.13985130081146346}, "datetime": {"datetime": "2021-06-21 20:53:46", "elapsed": 625.998447, "delta": 3.052745}}
{"target": -34.7365687601882, "params": {"C": 0.001, "epsilon": 4.5, "gamma": 0.8, "lamda": 0.28562282160860225}, "datetime": {"datetime": "2021-06-21 20:53:48", "elapsed": 628.371719, "delta": 2.373272}}
{"target": -33.987306127722036, "params": {"C": 0.001, "epsilon": 7.846699165883516, "gamma": 0.8, "lamda": 0.4911863638313562}, "datetime": {"datetime": "2021-06-21 20:53:51", "elapsed": 630.708578, "delta": 2.336859}}
{"target": -27.940821569031478, "params": {"C": 0.1, "epsilon": 6.425437360597528, "gamma": 0.37631599694507545, "lamda": 0.009}, "datetime": {"datetime": "2021-06-21 20:53:55", "elapsed": 634.690831, "delta": 3.982253}}
{"target": -31.367810367251835, "params": {"C": 0.0338672282281997, "epsilon": 9.990038419357445, "gamma": 0.5489475578044872, "lamda": 0.46864547049353483}, "datetime": {"datetime": "2021-06-21 20:53:57", "elapsed": 637.295901, "delta": 2.60507}}
{"target": -33.95288985003789, "params": {"C": 0.001, "epsilon": 6.218709538326065, "gamma": 0.1, "lamda": 0.7}, "datetime": {"datetime": "2021-06-21 20:54:00", "elapsed": 640.39988, "delta": 3.103979}}
{"target": -28.38166077843704, "params": {"C": 0.08815984774387586, "epsilon": 7.650971091605271, "gamma": 0.43333584683637594, "lamda": 0.02589833055010033}, "datetime": {"datetime": "2021-06-21 20:54:03", "elapsed": 643.36082, "delta": 2.96094}}
{"target": -26.787151410474287, "params": {"C": 0.1, "epsilon": 4.656470797771333, "gamma": 0.2534725991085174, "lamda": 0.46414729318282966}, "datetime": {"datetime": "2021-06-21 20:54:06", "elapsed": 645.851548, "delta": 2.490728}}
{"target": -27.171322005284654, "params": {"C": 0.05672017818115659, "epsilon": 5.358560106939265, "gamma": 0.1880033573510549, "lamda": 0.1930914874360444}, "datetime": {"datetime": "2021-06-21 20:54:08", "elapsed": 647.702427, "delta": 1.850879}}
{"target": -34.37814097958707, "params": {"C": 0.001, "epsilon": 6.0944728931855545, "gamma": 0.8, "lamda": 0.4120706644437593}, "datetime": {"datetime": "2021-06-21 20:54:10", "elapsed": 650.143779, "delta": 2.441352}}
{"target": -33.67930789972161, "params": {"C": 0.001, "epsilon": 7.439480390758429, "gamma": 0.1, "lamda": 0.36189038761555486}, "datetime": {"datetime": "2021-06-21 20:54:13", "elapsed": 653.439795, "delta": 3.296016}}
{"target": -23.402078107070068, "params": {"C": 0.1, "epsilon": 4.889682781921835, "gamma": 0.1, "lamda": 0.123161752023397}, "datetime": {"datetime": "2021-06-21 20:54:16", "elapsed": 655.793641, "delta": 2.353846}}
{"target": -26.295737784499966, "params": {"C": 0.1, "epsilon": 6.18716199761497, "gamma": 0.2513331601453475, "lamda": 0.4737017149674857}, "datetime": {"datetime": "2021-06-21 20:54:19", "elapsed": 658.990061, "delta": 3.19642}}
{"target": -28.661764239705747, "params": {"C": 0.1, "epsilon": 5.27857958110056, "gamma": 0.41253913158693317, "lamda": 0.7}, "datetime": {"datetime": "2021-06-21 20:54:21", "elapsed": 661.179003, "delta": 2.188942}}
{"target": -34.339227826773524, "params": {"C": 0.001, "epsilon": 4.5, "gamma": 0.1, "lamda": 0.7}, "datetime": {"datetime": "2021-06-21 20:54:25", "elapsed": 664.737206, "delta": 3.558203}}
{"target": -25.371062413980788, "params": {"C": 0.1, "epsilon": 7.657742876877679, "gamma": 0.2244243399013178, "lamda": 0.009}, "datetime": {"datetime": "2021-06-21 20:54:27", "elapsed": 666.967008, "delta": 2.229802}}
{"target": -24.487240997089135, "params": {"C": 0.09993860676986828, "epsilon": 9.29335533490773, "gamma": 0.20316875465487705, "lamda": 0.18391871235584187}, "datetime": {"datetime": "2021-06-21 20:54:29", "elapsed": 669.093875, "delta": 2.126867}}
{"target": -22.437133538603142, "params": {"C": 0.1, "epsilon": 9.492399572125017, "gamma": 0.1, "lamda": 0.37537158627491646}, "datetime": {"datetime": "2021-06-21 20:54:32", "elapsed": 671.985082, "delta": 2.891207}}
{"target": -34.45640269705471, "params": {"C": 0.0019338702024813328, "epsilon": 5.436619225090741, "gamma": 0.6491162213026668, "lamda": 0.5606909717368876}, "datetime": {"datetime": "2021-06-21 20:54:34", "elapsed": 673.563205, "delta": 1.578123}}
{"target": -27.625650671747128, "params": {"C": 0.08110506621599375, "epsilon": 7.372756620068696, "gamma": 0.3186313850988265, "lamda": 0.39754592203902483}, "datetime": {"datetime": "2021-06-21 20:54:35", "elapsed": 675.042877, "delta": 1.479672}}
{"target": -29.185329736386663, "params": {"C": 0.09149722756884464, "epsilon": 8.450186131848971, "gamma": 0.5681941975767038, "lamda": 0.49361133530957996}, "datetime": {"datetime": "2021-06-21 20:54:37", "elapsed": 676.687946, "delta": 1.645069}}
{"target": -29.173872341959513, "params": {"C": 0.09033338894715717, "epsilon": 7.581748233609735, "gamma": 0.5389290772558081, "lamda": 0.18072975860919258}, "datetime": {"datetime": "2021-06-21 20:54:38", "elapsed": 678.318443, "delta": 1.630497}}
{"target": -24.962124487213124, "params": {"C": 0.09936526120712268, "epsilon": 9.602205925797833, "gamma": 0.22371663326837937, "lamda": 0.3808939276002919}, "datetime": {"datetime": "2021-06-21 20:54:40", "elapsed": 680.390668, "delta": 2.072225}}
{"target": -26.49632505052713, "params": {"C": 0.1, "epsilon": 5.173122162050853, "gamma": 0.24551080630477892, "lamda": 0.3510616956766508}, "datetime": {"datetime": "2021-06-21 20:54:43", "elapsed": 683.394695, "delta": 3.004027}}
{"target": -33.37564499678946, "params": {"C": 0.0025272178663819592, "epsilon": 6.161000983601564, "gamma": 0.10884331553922544, "lamda": 0.013703194383689516}, "datetime": {"datetime": "2021-06-21 20:54:47", "elapsed": 687.322765, "delta": 3.92807}}
{"target": -24.987873404372348, "params": {"C": 0.1, "epsilon": 7.288581488006939, "gamma": 0.20321477516040465, "lamda": 0.23092602844260818}, "datetime": {"datetime": "2021-06-21 20:54:50", "elapsed": 689.773389, "delta": 2.450624}}
{"target": -33.7887898535071, "params": {"C": 0.001, "epsilon": 6.9487444980251425, "gamma": 0.1, "lamda": 0.7}, "datetime": {"datetime": "2021-06-21 20:54:53", "elapsed": 692.645075, "delta": 2.871686}}
