{"target": -31.966046247601554, "params": {"C": 9.591528442459868, "epsilon": 5.471703264238265, "gamma": 7.072832582529497, "lamda": 0.1584422998720254}, "datetime": {"datetime": "2021-06-28 13:58:22", "elapsed": 3.372441, "delta": 0.398631}}
{"target": -17.1859587497425, "params": {"C": 6.9590589985113604, "epsilon": 8.395869017404518, "gamma": 0.6737386347698222, "lamda": 0.37532201315753877}, "datetime": {"datetime": "2021-06-28 13:58:22", "elapsed": 3.83163, "delta": 0.459189}}
{"target": -32.63653951071632, "params": {"C": 9.891952562393, "epsilon": 7.557206847484442, "gamma": 3.164217924611849, "lamda": 0.3948503848972928}, "datetime": {"datetime": "2021-06-28 13:58:32", "elapsed": 14.180329, "delta": 10.348699}}
{"target": -33.625822378825404, "params": {"C": 1.3012922638031277, "epsilon": 4.64456720390628, "gamma": 9.131657279384408, "lamda": 0.14751346003846608}, "datetime": {"datetime": "2021-06-28 13:58:33", "elapsed": 14.556464, "delta": 0.376135}}
{"target": -18.195119806885998, "params": {"C": 3.0914207842875823, "epsilon": 1.5612771495472935, "gamma": 0.6839860997678222, "lamda": 0.3397389309370056}, "datetime": {"datetime": "2021-06-28 13:58:33", "elapsed": 15.030835, "delta": 0.474371}}
{"target": -31.656295204118006, "params": {"C": 2.3527927252005725, "epsilon": 2.875802595910594, "gamma": 5.169945013163214, "lamda": 0.027627910013423112}, "datetime": {"datetime": "2021-06-28 13:58:34", "elapsed": 15.357069, "delta": 0.326234}}
{"target": -31.83662854474168, "params": {"C": 5.868940773272526, "epsilon": 1.7232671765863583, "gamma": 6.0984026005812, "lamda": 0.35017942165044463}, "datetime": {"datetime": "2021-06-28 13:58:34", "elapsed": 15.707311, "delta": 0.350242}}
{"target": -33.08283275765398, "params": {"C": 1.2926439596299106, "epsilon": 4.316343081849812, "gamma": 7.096801498413578, "lamda": 0.2076754554939244}, "datetime": {"datetime": "2021-06-28 13:58:34", "elapsed": 16.063312, "delta": 0.356001}}
{"target": -33.0658506100725, "params": {"C": 0.7845485517770454, "epsilon": 5.498195137380462, "gamma": 6.8060491295879935, "lamda": 0.25792966691709596}, "datetime": {"datetime": "2021-06-28 13:58:35", "elapsed": 16.47238, "delta": 0.409068}}
{"target": -32.978442261669656, "params": {"C": 9.46256913311089, "epsilon": 5.989583892869331, "gamma": 9.082318195234894, "lamda": 0.06959987736897252}, "datetime": {"datetime": "2021-06-28 13:58:35", "elapsed": 16.863251, "delta": 0.390871}}
{"target": -30.23122712485596, "params": {"C": 1.650980568332358, "epsilon": 8.131695500482381, "gamma": 4.2779299513625695, "lamda": 0.08351174436134946}, "datetime": {"datetime": "2021-06-28 13:58:35", "elapsed": 17.234747, "delta": 0.371496}}
{"target": -32.48047275163422, "params": {"C": 9.296833229841528, "epsilon": 3.673328839531413, "gamma": 7.6327149797934775, "lamda": 0.3632729946898753}, "datetime": {"datetime": "2021-06-28 13:58:36", "elapsed": 17.621958, "delta": 0.387211}}
{"target": -15.647490199288352, "params": {"C": 4.027324929417805, "epsilon": 8.149998772899371, "gamma": 0.5, "lamda": 0.31899657162155637}, "datetime": {"datetime": "2021-06-28 13:58:37", "elapsed": 18.433057, "delta": 0.811099}}
{"target": -15.54480044812282, "params": {"C": 4.898506424509564, "epsilon": 7.816575749433545, "gamma": 0.5, "lamda": 0.21095811996352298}, "datetime": {"datetime": "2021-06-28 13:58:37", "elapsed": 19.257532, "delta": 0.824475}}
{"target": -37.20204282799034, "params": {"C": 4.4153458597504445, "epsilon": 7.664091347429732, "gamma": 0.5, "lamda": 0.5}, "datetime": {"datetime": "2021-06-28 13:58:48", "elapsed": 30.151946, "delta": 10.894414}}
{"target": -33.338206159760404, "params": {"C": 0.5057008544304997, "epsilon": 8.136448024379195, "gamma": 9.666127640480287, "lamda": 0.35133444059455415}, "datetime": {"datetime": "2021-06-28 13:58:49", "elapsed": 30.643459, "delta": 0.491513}}
{"target": -25.374983279428132, "params": {"C": 3.8348661582040564, "epsilon": 0.517261677995527, "gamma": 1.9479362888691185, "lamda": 0.4857892404168699}, "datetime": {"datetime": "2021-06-28 13:58:49", "elapsed": 31.116998, "delta": 0.473539}}
{"target": -32.80465885812826, "params": {"C": 9.954412017294741, "epsilon": 3.454173307062299, "gamma": 8.260226838399472, "lamda": 0.023272344653287893}, "datetime": {"datetime": "2021-06-28 13:58:50", "elapsed": 31.553063, "delta": 0.436065}}
{"target": -32.81124803864678, "params": {"C": 9.817943551592084, "epsilon": 2.9230480862664003, "gamma": 8.183457671662797, "lamda": 0.22383310673228546}, "datetime": {"datetime": "2021-06-28 13:58:50", "elapsed": 31.993646, "delta": 0.440583}}
{"target": -29.70848351423837, "params": {"C": 3.451294885570416, "epsilon": 6.467079737002201, "gamma": 4.304798538928718, "lamda": 0.37602584515738763}, "datetime": {"datetime": "2021-06-28 13:58:51", "elapsed": 32.455291, "delta": 0.461645}}
{"target": -31.204958084132485, "params": {"C": 3.2673388405033092, "epsilon": 6.863537048926358, "gamma": 5.738126418612314, "lamda": 0.1586129762592873}, "datetime": {"datetime": "2021-06-28 13:58:51", "elapsed": 32.865602, "delta": 0.410311}}
{"target": -20.574929361156435, "params": {"C": 4.152689948960007, "epsilon": 2.183525595266171, "gamma": 1.002131781171705, "lamda": 0.1731310635602871}, "datetime": {"datetime": "2021-06-28 13:58:51", "elapsed": 33.280206, "delta": 0.414604}}
{"target": -29.378986925522604, "params": {"C": 0.3917974259386042, "epsilon": 5.636981064540056, "gamma": 2.0388886249138745, "lamda": 0.2394218003870503}, "datetime": {"datetime": "2021-06-28 13:58:52", "elapsed": 33.756085, "delta": 0.475879}}
{"target": -30.10817662414779, "params": {"C": 3.52382085305133, "epsilon": 5.002487313182192, "gamma": 4.459849932539127, "lamda": 0.4105943092999261}, "datetime": {"datetime": "2021-06-28 13:58:52", "elapsed": 34.164531, "delta": 0.408446}}
{"target": -31.722114296581783, "params": {"C": 2.570353619750369, "epsilon": 4.635918000083655, "gamma": 5.726042273931458, "lamda": 0.4746421610255793}, "datetime": {"datetime": "2021-06-28 13:58:53", "elapsed": 34.617274, "delta": 0.452743}}
{"target": -31.726918709689496, "params": {"C": 1.4433493128758, "epsilon": 5.640151629033779, "gamma": 5.168918834362908, "lamda": 0.07383431985357665}, "datetime": {"datetime": "2021-06-28 13:58:53", "elapsed": 35.040357, "delta": 0.423083}}
{"target": -26.33344992618437, "params": {"C": 2.8483860242251873, "epsilon": 0.5117883965218758, "gamma": 2.0909631276567717, "lamda": 0.3211723572403178}, "datetime": {"datetime": "2021-06-28 13:58:54", "elapsed": 35.473456, "delta": 0.433099}}
{"target": -31.713260144632155, "params": {"C": 2.201988607703774, "epsilon": 4.183580397955978, "gamma": 5.395620050388438, "lamda": 0.03597298360990527}, "datetime": {"datetime": "2021-06-28 13:58:54", "elapsed": 35.963964, "delta": 0.490508}}
{"target": -33.46842398671763, "params": {"C": 2.053648640873839, "epsilon": 2.9361815565974227, "gamma": 8.133635867693526, "lamda": 0.3243712332530968}, "datetime": {"datetime": "2021-06-28 13:58:55", "elapsed": 36.397006, "delta": 0.433042}}
{"target": -33.39620232399265, "params": {"C": 1.5970158841308122, "epsilon": 5.22613150340807, "gamma": 8.946481560014899, "lamda": 0.2840148824012133}, "datetime": {"datetime": "2021-06-28 13:58:55", "elapsed": 36.846482, "delta": 0.449476}}
{"target": -33.18385849267291, "params": {"C": 1.7708770125699562, "epsilon": 2.2813619728262418, "gamma": 6.888518589460653, "lamda": 0.4375311185630884}, "datetime": {"datetime": "2021-06-28 13:58:55", "elapsed": 37.280486, "delta": 0.434004}}
{"target": -17.1305189119158, "params": {"C": 8.235006905413204, "epsilon": 1.8862091071464355, "gamma": 0.6428155662400591, "lamda": 0.08133336558842835}, "datetime": {"datetime": "2021-06-28 13:58:56", "elapsed": 37.775486, "delta": 0.495}}
{"target": -30.97447700128998, "params": {"C": 9.864293987546155, "epsilon": 7.1707781070133265, "gamma": 6.0338741730216645, "lamda": 0.3733160869646472}, "datetime": {"datetime": "2021-06-28 13:58:56", "elapsed": 38.241074, "delta": 0.465588}}
{"target": -29.28406032837491, "params": {"C": 9.02029062331589, "epsilon": 4.686528653432735, "gamma": 4.292541214630088, "lamda": 0.15645257641280066}, "datetime": {"datetime": "2021-06-28 13:58:57", "elapsed": 38.682214, "delta": 0.44114}}
{"target": -27.293717599210908, "params": {"C": 7.106500487394801, "epsilon": 4.027087559007302, "gamma": 3.0494708316664663, "lamda": 0.24510250597540467}, "datetime": {"datetime": "2021-06-28 13:58:57", "elapsed": 39.147461, "delta": 0.465247}}
{"target": -31.664943951230164, "params": {"C": 9.944111357152195, "epsilon": 2.7816639450271485, "gamma": 6.376973901589634, "lamda": 0.1855490176983686}, "datetime": {"datetime": "2021-06-28 13:58:58", "elapsed": 39.626583, "delta": 0.479122}}
{"target": -32.83284505483747, "params": {"C": 8.554893139463331, "epsilon": 7.894674810767195, "gamma": 9.070808259784346, "lamda": 0.047601528817056975}, "datetime": {"datetime": "2021-06-28 13:58:58", "elapsed": 40.099985, "delta": 0.473402}}
{"target": -24.83266799133638, "params": {"C": 4.127848304757616, "epsilon": 6.591773840419995, "gamma": 1.990018003759455, "lamda": 0.2092536928070506}, "datetime": {"datetime": "2021-06-28 13:58:59", "elapsed": 40.591355, "delta": 0.49137}}
{"target": -33.327880918904384, "params": {"C": 5.530865907718596, "epsilon": 4.103105570466192, "gamma": 9.403854990536312, "lamda": 0.21140459687916643}, "datetime": {"datetime": "2021-06-28 13:58:59", "elapsed": 41.060515, "delta": 0.46916}}
{"target": -29.081855105420768, "params": {"C": 5.038440579861313, "epsilon": 0.9226899550151189, "gamma": 3.631548971865146, "lamda": 0.3204502312083184}, "datetime": {"datetime": "2021-06-28 13:59:00", "elapsed": 41.531259, "delta": 0.470744}}
{"target": -30.526829696278106, "params": {"C": 4.233700543871155, "epsilon": 0.4355016212130298, "gamma": 4.3774309542314755, "lamda": 0.39414736044016696}, "datetime": {"datetime": "2021-06-28 13:59:00", "elapsed": 42.027743, "delta": 0.496484}}
{"target": -32.46847616274822, "params": {"C": 6.654114188056765, "epsilon": 2.4121817720050807, "gamma": 7.1752239536342115, "lamda": 0.4535918427411538}, "datetime": {"datetime": "2021-06-28 13:59:01", "elapsed": 42.48784, "delta": 0.460097}}
{"target": -33.01387843813994, "params": {"C": 3.2233388352701886, "epsilon": 6.43314243526365, "gamma": 8.982392789860281, "lamda": 0.25255570981625686}, "datetime": {"datetime": "2021-06-28 13:59:01", "elapsed": 42.964261, "delta": 0.476421}}
{"target": -24.20583397811715, "params": {"C": 7.479729895030166, "epsilon": 9.84371305662696, "gamma": 2.0238159874201322, "lamda": 0.37082005965728054}, "datetime": {"datetime": "2021-06-28 13:59:02", "elapsed": 43.445854, "delta": 0.481593}}
{"target": -32.45172227801641, "params": {"C": 3.7887453173512977, "epsilon": 5.217346156333269, "gamma": 7.385944505257353, "lamda": 0.2609444181985338}, "datetime": {"datetime": "2021-06-28 13:59:02", "elapsed": 43.963827, "delta": 0.517973}}
{"target": -31.668794851448034, "params": {"C": 5.010821840019204, "epsilon": 6.977195926766881, "gamma": 6.652460141862349, "lamda": 0.40071602988336996}, "datetime": {"datetime": "2021-06-28 13:59:03", "elapsed": 44.439031, "delta": 0.475204}}
{"target": -32.04142792542223, "params": {"C": 9.327811155898432, "epsilon": 9.15115698613345, "gamma": 7.671955980661136, "lamda": 0.34498505402915025}, "datetime": {"datetime": "2021-06-28 13:59:03", "elapsed": 44.943029, "delta": 0.503998}}
{"target": -32.05460764039429, "params": {"C": 4.115507745223808, "epsilon": 9.461312114315133, "gamma": 7.766924263584123, "lamda": 0.3933308064665293}, "datetime": {"datetime": "2021-06-28 13:59:04", "elapsed": 45.43503, "delta": 0.492001}}
{"target": -29.000981234148647, "params": {"C": 3.696478531256741, "epsilon": 9.446309538853402, "gamma": 4.103799005331652, "lamda": 0.14540524788838344}, "datetime": {"datetime": "2021-06-28 13:59:04", "elapsed": 45.93794, "delta": 0.50291}}
{"target": -32.996587033246364, "params": {"C": 4.488941929590831, "epsilon": 6.884733730996043, "gamma": 9.35082216423973, "lamda": 0.33812603339098657}, "datetime": {"datetime": "2021-06-28 13:59:05", "elapsed": 46.442831, "delta": 0.504891}}
{"target": -32.43018123416621, "params": {"C": 6.556021291497307, "epsilon": 1.5146414587750712, "gamma": 6.9546682093794505, "lamda": 0.12916490688208554}, "datetime": {"datetime": "2021-06-28 13:59:05", "elapsed": 46.916829, "delta": 0.473998}}
{"target": -32.948551989217535, "params": {"C": 4.3876956819377995, "epsilon": 4.35513539130805, "gamma": 8.336859372147401, "lamda": 0.179619867301057}, "datetime": {"datetime": "2021-06-28 13:59:06", "elapsed": 47.421621, "delta": 0.504792}}
{"target": -31.11967073984692, "params": {"C": 9.62622924589316, "epsilon": 6.915139217784321, "gamma": 6.150507471505964, "lamda": 0.3473165363273702}, "datetime": {"datetime": "2021-06-28 13:59:06", "elapsed": 47.927318, "delta": 0.505697}}
{"target": -21.388292921445313, "params": {"C": 9.906072860074836, "epsilon": 6.547185671943101, "gamma": 1.3341967659533673, "lamda": 0.03623878351446093}, "datetime": {"datetime": "2021-06-28 13:59:07", "elapsed": 48.475947, "delta": 0.548629}}
{"target": -30.360085716557723, "params": {"C": 4.4575575163571255, "epsilon": 2.001679176911479, "gamma": 4.460844978821479, "lamda": 0.4258193240486534}, "datetime": {"datetime": "2021-06-28 13:59:07", "elapsed": 49.035947, "delta": 0.56}}
{"target": -18.545334015961387, "params": {"C": 3.0261481805838426, "epsilon": 1.5883890439410349, "gamma": 0.7163261486821051, "lamda": 0.4244891011798046}, "datetime": {"datetime": "2021-06-28 13:59:08", "elapsed": 49.575947, "delta": 0.54}}
{"target": -29.46485099391274, "params": {"C": 3.987579611925727, "epsilon": 8.529439573633377, "gamma": 4.403910732464386, "lamda": 0.1870461486722712}, "datetime": {"datetime": "2021-06-28 13:59:08", "elapsed": 50.170684, "delta": 0.594737}}
{"target": -17.024288118760104, "params": {"C": 8.264529627571719, "epsilon": 2.009952259441477, "gamma": 0.6332160091739286, "lamda": 0.012366075214903051}, "datetime": {"datetime": "2021-06-28 13:59:09", "elapsed": 50.786297, "delta": 0.615613}}
{"target": -15.818414138602787, "params": {"C": 4.088708896367638, "epsilon": 8.078638904220163, "gamma": 0.5208879710109192, "lamda": 0.1837298143747711}, "datetime": {"datetime": "2021-06-28 13:59:10", "elapsed": 51.46707, "delta": 0.680773}}
{"target": -18.4784842716876, "params": {"C": 3.0881717973921265, "epsilon": 1.5947322353943538, "gamma": 0.7139192109219887, "lamda": 0.38048933744737845}, "datetime": {"datetime": "2021-06-28 13:59:10", "elapsed": 52.292922, "delta": 0.825852}}
{"target": -33.66055251260749, "params": {"C": 3.0796838573916405, "epsilon": 1.307510977346919, "gamma": 8.60888086492877, "lamda": 0.07143512091772332}, "datetime": {"datetime": "2021-06-28 13:59:11", "elapsed": 52.813047, "delta": 0.520125}}
{"target": -17.08776294038172, "params": {"C": 8.229730473432742, "epsilon": 1.9522540800169093, "gamma": 0.6386269726040545, "lamda": 0.0414369025652764}, "datetime": {"datetime": "2021-06-28 13:59:12", "elapsed": 53.585255, "delta": 0.772208}}
{"target": -26.280869786460208, "params": {"C": 9.410135481564419, "epsilon": 9.727348515272856, "gamma": 2.8577035860199254, "lamda": 0.0700904172682121}, "datetime": {"datetime": "2021-06-28 13:59:12", "elapsed": 54.147401, "delta": 0.562146}}
{"target": -15.879758532778368, "params": {"C": 3.967497680865471, "epsilon": 8.401654356829434, "gamma": 0.5274427301749521, "lamda": 0.2993331604653804}, "datetime": {"datetime": "2021-06-28 13:59:13", "elapsed": 54.898392, "delta": 0.750991}}
{"target": -16.86852245003776, "params": {"C": 4.822971923829686, "epsilon": 7.733013041993525, "gamma": 0.6398412275976582, "lamda": 0.03743215790698439}, "datetime": {"datetime": "2021-06-28 13:59:14", "elapsed": 55.682996, "delta": 0.784604}}
{"target": -19.162488965354395, "params": {"C": 2.233517252785429, "epsilon": 8.841842430639085, "gamma": 0.8167174515508525, "lamda": 0.24747405428251293}, "datetime": {"datetime": "2021-06-28 13:59:15", "elapsed": 56.788171, "delta": 1.105175}}
{"target": -31.69868784344456, "params": {"C": 1.8424839360220622, "epsilon": 4.940833571684332, "gamma": 5.313568374245861, "lamda": 0.06144806001789784}, "datetime": {"datetime": "2021-06-28 13:59:16", "elapsed": 57.401933, "delta": 0.613762}}
{"target": -17.582298516615147, "params": {"C": 4.229106870042537, "epsilon": 8.17975572193646, "gamma": 0.70909668039598, "lamda": 0.07781743834382855}, "datetime": {"datetime": "2021-06-28 13:59:16", "elapsed": 58.132255, "delta": 0.730322}}
{"target": -17.040764861181618, "params": {"C": 8.327544207846664, "epsilon": 1.9433919413655782, "gamma": 0.6348726635769969, "lamda": 0.06104129153637936}, "datetime": {"datetime": "2021-06-28 13:59:17", "elapsed": 59.203289, "delta": 1.071034}}
{"target": -17.571422471243363, "params": {"C": 8.282640934416003, "epsilon": 1.9647598857620499, "gamma": 0.6942370563310116, "lamda": 0.059828867947012525}, "datetime": {"datetime": "2021-06-28 13:59:18", "elapsed": 60.086716, "delta": 0.883427}}
{"target": -34.26430641896124, "params": {"C": 6.974337450936873, "epsilon": 8.528965053377886, "gamma": 0.5970519307216904, "lamda": 0.4126057057657273}, "datetime": {"datetime": "2021-06-28 13:59:29", "elapsed": 70.761855, "delta": 10.675139}}
{"target": -28.004568532151936, "params": {"C": 6.8878560262532975, "epsilon": 8.340728601536664, "gamma": 3.6134992423432752, "lamda": 0.1904568593751506}, "datetime": {"datetime": "2021-06-28 13:59:29", "elapsed": 71.303857, "delta": 0.542002}}
{"target": -32.29865398281873, "params": {"C": 8.053358656314364, "epsilon": 2.938617909796023, "gamma": 7.137073159332114, "lamda": 0.22250772852815812}, "datetime": {"datetime": "2021-06-28 13:59:30", "elapsed": 71.889816, "delta": 0.585959}}
{"target": -15.912524614167033, "params": {"C": 4.089693274500089, "epsilon": 8.337472828650105, "gamma": 0.5366523552534606, "lamda": 0.3291153318802778}, "datetime": {"datetime": "2021-06-28 13:59:31", "elapsed": 72.547483, "delta": 0.657667}}
{"target": -18.235842060494196, "params": {"C": 3.041779621013846, "epsilon": 1.5541865535616215, "gamma": 0.6841363578112154, "lamda": 0.3726624446649222}, "datetime": {"datetime": "2021-06-28 13:59:31", "elapsed": 73.276564, "delta": 0.729081}}
{"target": -19.478993315113158, "params": {"C": 2.153880275134459, "epsilon": 8.929662281682809, "gamma": 0.8449266696505044, "lamda": 0.2365900526211629}, "datetime": {"datetime": "2021-06-28 13:59:32", "elapsed": 73.941556, "delta": 0.664992}}
{"target": -32.65688232524086, "params": {"C": 8.056936512218922, "epsilon": 4.021146217155525, "gamma": 7.94422619413965, "lamda": 0.3573514306807981}, "datetime": {"datetime": "2021-06-28 13:59:33", "elapsed": 74.540521, "delta": 0.598965}}
{"target": -16.283282783489142, "params": {"C": 4.236487903314888, "epsilon": 8.385682007177795, "gamma": 0.580486761504938, "lamda": 0.3046583129179722}, "datetime": {"datetime": "2021-06-28 13:59:33", "elapsed": 75.195522, "delta": 0.655001}}
{"target": -17.935517608027357, "params": {"C": 3.072056591352671, "epsilon": 1.5839701081418263, "gamma": 0.6579320667557919, "lamda": 0.38060306014284717}, "datetime": {"datetime": "2021-06-28 13:59:34", "elapsed": 75.878991, "delta": 0.683469}}
{"target": -33.37760942439535, "params": {"C": 5.828156227418148, "epsilon": 0.637857754504719, "gamma": 8.465895469455, "lamda": 0.27062983447445543}, "datetime": {"datetime": "2021-06-28 13:59:35", "elapsed": 76.532795, "delta": 0.653804}}
{"target": -18.40368992634963, "params": {"C": 6.97384022545431, "epsilon": 8.22398919042564, "gamma": 0.8112162114140329, "lamda": 0.2774648807468333}, "datetime": {"datetime": "2021-06-28 13:59:36", "elapsed": 77.336764, "delta": 0.803969}}
{"target": -33.170167215260285, "params": {"C": 9.54750707083681, "epsilon": 7.731997152895504, "gamma": 9.997327880218057, "lamda": 0.16884919771711257}, "datetime": {"datetime": "2021-06-28 13:59:36", "elapsed": 77.993759, "delta": 0.656995}}
{"target": -16.75098125565283, "params": {"C": 3.2219635807595477, "epsilon": 1.6995442192154429, "gamma": 0.5535083441792743, "lamda": 0.3978479038346118}, "datetime": {"datetime": "2021-06-28 13:59:37", "elapsed": 78.744755, "delta": 0.750996}}
{"target": -16.35550893360165, "params": {"C": 3.1335154764400515, "epsilon": 1.6610401981662977, "gamma": 0.5050722676993491, "lamda": 0.2775900240184025}, "datetime": {"datetime": "2021-06-28 13:59:38", "elapsed": 79.578799, "delta": 0.834044}}
{"target": -32.30271941397718, "params": {"C": 5.414806472353063, "epsilon": 8.138291642807872, "gamma": 8.004996494848776, "lamda": 0.321966632996749}, "datetime": {"datetime": "2021-06-28 13:59:38", "elapsed": 80.225126, "delta": 0.646327}}
{"target": -15.8332853050757, "params": {"C": 4.511954101645289, "epsilon": 7.343195936259214, "gamma": 0.5233803070669625, "lamda": 0.012460424332075854}, "datetime": {"datetime": "2021-06-28 13:59:39", "elapsed": 81.066127, "delta": 0.841001}}
{"target": -15.87567812911194, "params": {"C": 4.83829529276762, "epsilon": 7.728756177231941, "gamma": 0.5306285065192473, "lamda": 0.1769881678671772}, "datetime": {"datetime": "2021-06-28 13:59:40", "elapsed": 81.792059, "delta": 0.725932}}
{"target": -16.532117262880785, "params": {"C": 4.674623924760489, "epsilon": 7.654866333718213, "gamma": 0.606259672653942, "lamda": 0.14106586189728162}, "datetime": {"datetime": "2021-06-28 13:59:41", "elapsed": 82.535911, "delta": 0.743852}}
{"target": -16.73395852849485, "params": {"C": 8.274494100365828, "epsilon": 1.963653709924886, "gamma": 0.605316684872098, "lamda": 0.07728585465967912}, "datetime": {"datetime": "2021-06-28 13:59:42", "elapsed": 83.776302, "delta": 1.240391}}
