{"target": -25.706710259181527, "params": {"C": 8.708899220264177, "epsilon": 8.38015424219299, "gamma": 1.3614418672235695, "lamda": 0.3539459358782112}, "datetime": {"datetime": "2021-06-21 20:39:25", "elapsed": 381.325466, "delta": 1.272595}}
{"target": -27.022736497281784, "params": {"C": 8.84976582966401, "epsilon": 5.172595668142299, "gamma": 1.606931062814987, "lamda": 0.49000108213314497}, "datetime": {"datetime": "2021-06-21 20:39:26", "elapsed": 382.514282, "delta": 1.188816}}
{"target": -22.489093635573795, "params": {"C": 8.976497977422056, "epsilon": 9.424823976413213, "gamma": 0.8437635750717061, "lamda": 0.10803732900537634}, "datetime": {"datetime": "2021-06-21 20:39:27", "elapsed": 383.398916, "delta": 0.884634}}
{"target": -15.93974688065331, "params": {"C": 2.8312789458942302, "epsilon": 1.6099868302051497, "gamma": 0.19247955633376795, "lamda": 0.885898005834587}, "datetime": {"datetime": "2021-06-21 20:39:28", "elapsed": 384.329429, "delta": 0.930513}}
{"target": -25.903485677005804, "params": {"C": 0.4938484229487725, "epsilon": 9.44915067666908, "gamma": 0.8364759176920772, "lamda": 0.2769163926756073}, "datetime": {"datetime": "2021-06-21 20:39:29", "elapsed": 385.229023, "delta": 0.899594}}
{"target": -16.61501831706827, "params": {"C": 1.5264733221365208, "epsilon": 9.320800173412184, "gamma": 0.19851582467141143, "lamda": 0.9383084499105611}, "datetime": {"datetime": "2021-06-21 20:39:30", "elapsed": 386.694108, "delta": 1.465085}}
{"target": -11.897338457818813, "params": {"C": 2.4490196871693857, "epsilon": 8.526435410112471, "gamma": 0.010646515963959416, "lamda": 0.5408543334074399}, "datetime": {"datetime": "2021-06-21 20:39:31", "elapsed": 387.568767, "delta": 0.874659}}
{"target": -29.693153339287353, "params": {"C": 1.7234513195884174, "epsilon": 0.9412228985180593, "gamma": 1.8364360161320645, "lamda": 0.4110902576926416}, "datetime": {"datetime": "2021-06-21 20:39:32", "elapsed": 388.509252, "delta": 0.940485}}
{"target": -35.3556524516834, "params": {"C": 6.937600453286649, "epsilon": 9.59172428680509, "gamma": 0.44408709784611156, "lamda": 0.8524690793969253}, "datetime": {"datetime": "2021-06-21 20:39:38", "elapsed": 394.274834, "delta": 5.765582}}
{"target": -24.424539816454587, "params": {"C": 4.32637562161178, "epsilon": 5.530147981470016, "gamma": 1.061358092003048, "lamda": 0.9483442888722357}, "datetime": {"datetime": "2021-06-21 20:39:39", "elapsed": 395.168444, "delta": 0.89361}}
{"target": -27.342314477852042, "params": {"C": 7.9807286771354935, "epsilon": 1.4176258467791305, "gamma": 1.625812926331163, "lamda": 0.821435298173024}, "datetime": {"datetime": "2021-06-21 20:39:40", "elapsed": 396.021164, "delta": 0.85272}}
{"target": -26.273344311120976, "params": {"C": 7.874397232181708, "epsilon": 2.3907808874912613, "gamma": 1.405270874139954, "lamda": 0.2534120453700831}, "datetime": {"datetime": "2021-06-21 20:39:40", "elapsed": 396.909788, "delta": 0.888624}}
{"target": -21.940445030321182, "params": {"C": 8.74835002727735, "epsilon": 3.898371652197896, "gamma": 0.7258898985153827, "lamda": 0.8750508688735597}, "datetime": {"datetime": "2021-06-21 20:39:41", "elapsed": 397.820354, "delta": 0.910566}}
{"target": -22.112328868264893, "params": {"C": 6.002650976565755, "epsilon": 8.559085852880346, "gamma": 0.7839107985721135, "lamda": 0.19948386499288998}, "datetime": {"datetime": "2021-06-21 20:39:42", "elapsed": 398.735906, "delta": 0.915552}}
{"target": -18.167495874392586, "params": {"C": 8.788395572582273, "epsilon": 0.930946979998005, "gamma": 0.3154015364718265, "lamda": 0.7109464869363712}, "datetime": {"datetime": "2021-06-21 20:39:44", "elapsed": 400.287757, "delta": 1.551851}}
{"target": -21.42160360712489, "params": {"C": 4.880952086545453, "epsilon": 6.193285070940329, "gamma": 0.6658654078821474, "lamda": 0.2230473519618611}, "datetime": {"datetime": "2021-06-21 20:39:45", "elapsed": 401.192336, "delta": 0.904579}}
{"target": -19.943388070387506, "params": {"C": 9.009251580466435, "epsilon": 6.657870491330669, "gamma": 0.48531076428440556, "lamda": 0.9279308394454738}, "datetime": {"datetime": "2021-06-21 20:39:46", "elapsed": 402.128834, "delta": 0.936498}}
{"target": -82.14444954627164, "params": {"C": 9.487979095248702, "epsilon": 9.45693567055318, "gamma": 0.06812327802592481, "lamda": 0.2971865902341987}, "datetime": {"datetime": "2021-06-21 20:39:52", "elapsed": 408.522736, "delta": 6.393902}}
{"target": -12.213289396330717, "params": {"C": 1.9973566285101831, "epsilon": 4.126434376775786, "gamma": 0.010804359885198988, "lamda": 0.18405923539497415}, "datetime": {"datetime": "2021-06-21 20:39:56", "elapsed": 411.987471, "delta": 3.464735}}
{"target": -27.351723804580075, "params": {"C": 4.72925690607641, "epsilon": 5.713862872384846, "gamma": 1.6459430396349828, "lamda": 0.1831709896819368}, "datetime": {"datetime": "2021-06-21 20:39:57", "elapsed": 413.192249, "delta": 1.204778}}
{"target": -10.777344686534969, "params": {"C": 9.940931264121573, "epsilon": 7.241782527706606, "gamma": 0.036855602539208485, "lamda": 0.991373031185359}, "datetime": {"datetime": "2021-06-21 20:39:59", "elapsed": 415.883054, "delta": 2.690805}}
{"target": -22.680215966156826, "params": {"C": 4.841131467770273, "epsilon": 5.712686113371645, "gamma": 0.8220817181666388, "lamda": 0.36217607700768195}, "datetime": {"datetime": "2021-06-21 20:40:01", "elapsed": 417.043949, "delta": 1.160895}}
{"target": -15.127411861788524, "params": {"C": 9.548270738474224, "epsilon": 7.934896516578339, "gamma": 0.188774247632004, "lamda": 0.23303812256385922}, "datetime": {"datetime": "2021-06-21 20:40:04", "elapsed": 420.724109, "delta": 3.68016}}
{"target": -18.079097132226458, "params": {"C": 0.9747962049176834, "epsilon": 7.658793645082584, "gamma": 0.22628269040973004, "lamda": 0.5571730039298719}, "datetime": {"datetime": "2021-06-21 20:40:07", "elapsed": 423.209462, "delta": 2.485353}}
{"target": -23.82053460920775, "params": {"C": 2.6830933423448253, "epsilon": 7.910035064702856, "gamma": 0.9592338603274166, "lamda": 0.8352663224670321}, "datetime": {"datetime": "2021-06-21 20:40:08", "elapsed": 424.409255, "delta": 1.199793}}
{"target": -22.850930155771568, "params": {"C": 9.004980190775488, "epsilon": 3.8380693890819138, "gamma": 0.8610297489300064, "lamda": 0.3716491025978893}, "datetime": {"datetime": "2021-06-21 20:40:09", "elapsed": 425.372677, "delta": 0.963422}}
{"target": -23.760331877789966, "params": {"C": 1.0239209535459675, "epsilon": 7.484353044803604, "gamma": 0.7286350894513397, "lamda": 0.8544883505389926}, "datetime": {"datetime": "2021-06-21 20:40:10", "elapsed": 426.351061, "delta": 0.978384}}
{"target": -14.984794155483188, "params": {"C": 3.0216430239845744, "epsilon": 7.6899832121364815, "gamma": 0.1671323412114273, "lamda": 0.2717862793668194}, "datetime": {"datetime": "2021-06-21 20:40:11", "elapsed": 427.348395, "delta": 0.997334}}
{"target": -13.149161259458115, "params": {"C": 9.493449338950857, "epsilon": 7.983501868032284, "gamma": 0.11122820505880539, "lamda": 0.3333141571751967}, "datetime": {"datetime": "2021-06-21 20:40:13", "elapsed": 429.759947, "delta": 2.411552}}
{"target": -28.34056340207587, "params": {"C": 0.27467247862013117, "epsilon": 5.17004085120886, "gamma": 0.7892043056586612, "lamda": 0.8485037334495419}, "datetime": {"datetime": "2021-06-21 20:40:14", "elapsed": 430.738332, "delta": 0.978385}}
{"target": -13.345407794030637, "params": {"C": 8.452377853660131, "epsilon": 5.123090848769845, "gamma": 0.11698145885652642, "lamda": 0.38635779359737954}, "datetime": {"datetime": "2021-06-21 20:40:17", "elapsed": 433.105003, "delta": 2.366671}}
{"target": -13.143471247073801, "params": {"C": 9.74909827995579, "epsilon": 7.79167149659853, "gamma": 0.11222580890428013, "lamda": 0.27652184924026507}, "datetime": {"datetime": "2021-06-21 20:40:19", "elapsed": 435.421806, "delta": 2.316803}}
{"target": -22.779138697590245, "params": {"C": 1.383918491603675, "epsilon": 6.176457442103228, "gamma": 0.6956892054489721, "lamda": 0.9855947075072213}, "datetime": {"datetime": "2021-06-21 20:40:20", "elapsed": 436.419139, "delta": 0.997333}}
{"target": -10.81911834018697, "params": {"C": 9.734712254811877, "epsilon": 6.633559024539801, "gamma": 0.03710419676674842, "lamda": 0.6249096337930826}, "datetime": {"datetime": "2021-06-21 20:40:22", "elapsed": 438.37591, "delta": 1.956771}}
{"target": -17.701012634271045, "params": {"C": 0.9689346347746259, "epsilon": 3.3778366055990037, "gamma": 0.1622021812564807, "lamda": 0.6475125295768253}, "datetime": {"datetime": "2021-06-21 20:40:23", "elapsed": 439.330354, "delta": 0.954444}}
{"target": -25.275709286892223, "params": {"C": 4.3682695069454756, "epsilon": 9.255207466144958, "gamma": 1.2577132563791709, "lamda": 0.19158905181924218}, "datetime": {"datetime": "2021-06-21 20:40:24", "elapsed": 440.289789, "delta": 0.959435}}
{"target": -27.077116865251487, "params": {"C": 3.169734010358912, "epsilon": 8.889449494893158, "gamma": 1.6230450288452836, "lamda": 0.726421043038024}, "datetime": {"datetime": "2021-06-21 20:40:25", "elapsed": 441.40283, "delta": 1.113041}}
{"target": -21.472010250377778, "params": {"C": 3.1673556747506537, "epsilon": 8.240833002192069, "gamma": 0.6689272744213354, "lamda": 0.4373300099317128}, "datetime": {"datetime": "2021-06-21 20:40:26", "elapsed": 442.723282, "delta": 1.320452}}
{"target": -22.52774735046727, "params": {"C": 6.82516605096561, "epsilon": 0.5629758245379292, "gamma": 0.7795284207171262, "lamda": 0.5639738221607564}, "datetime": {"datetime": "2021-06-21 20:40:28", "elapsed": 444.010839, "delta": 1.287557}}
{"target": -18.050656826472814, "params": {"C": 4.452855538721218, "epsilon": 3.0249984712876, "gamma": 0.3519005410880397, "lamda": 0.39754163368124795}, "datetime": {"datetime": "2021-06-21 20:40:29", "elapsed": 445.071003, "delta": 1.060164}}
{"target": -10.877827549590851, "params": {"C": 9.496018039973743, "epsilon": 8.004204353412582, "gamma": 0.026268507129457518, "lamda": 0.3499437222126937}, "datetime": {"datetime": "2021-06-21 20:40:31", "elapsed": 446.932028, "delta": 1.861025}}
{"target": -14.175026995543732, "params": {"C": 8.451807251552596, "epsilon": 5.145110098094998, "gamma": 0.1470548762413242, "lamda": 0.43620779420721567}, "datetime": {"datetime": "2021-06-21 20:40:33", "elapsed": 448.977563, "delta": 2.045535}}
{"target": -14.127506631466305, "params": {"C": 9.55471853473577, "epsilon": 7.96809797335002, "gamma": 0.1488568808190718, "lamda": 0.3493503778978262}, "datetime": {"datetime": "2021-06-21 20:40:35", "elapsed": 450.993168, "delta": 2.015605}}
{"target": -16.469805146953075, "params": {"C": 9.69304857605338, "epsilon": 9.694704744061626, "gamma": 0.24137245447401315, "lamda": 0.4093366820473471}, "datetime": {"datetime": "2021-06-21 20:40:36", "elapsed": 452.388437, "delta": 1.395269}}
{"target": -18.56017025863635, "params": {"C": 8.705413828765412, "epsilon": 4.004923087032651, "gamma": 0.3591454122033678, "lamda": 0.6061341498706103}, "datetime": {"datetime": "2021-06-21 20:40:37", "elapsed": 453.873466, "delta": 1.485029}}
{"target": -17.035758044423755, "params": {"C": 1.5881751367799999, "epsilon": 9.391185522496974, "gamma": 0.23648051300026807, "lamda": 0.9854858236170942}, "datetime": {"datetime": "2021-06-21 20:40:39", "elapsed": 455.414345, "delta": 1.540879}}
{"target": -14.751742093214654, "params": {"C": 9.510832375903213, "epsilon": 8.045199476501997, "gamma": 0.17536305356388968, "lamda": 0.32933669577237684}, "datetime": {"datetime": "2021-06-21 20:40:41", "elapsed": 457.567587, "delta": 2.153242}}
{"target": -88.80135546091248, "params": {"C": 4.852365898906228, "epsilon": 1.8250061686745176, "gamma": 0.06023664347548554, "lamda": 0.25709067317092504}, "datetime": {"datetime": "2021-06-21 20:40:48", "elapsed": 464.556898, "delta": 6.989311}}
{"target": -13.951379412338822, "params": {"C": 8.655858320218861, "epsilon": 3.7879211899539125, "gamma": 0.1375237741997814, "lamda": 0.1796546686632859}, "datetime": {"datetime": "2021-06-21 20:40:51", "elapsed": 467.872032, "delta": 3.315134}}
{"target": -24.749835036337423, "params": {"C": 2.03752064368107, "epsilon": 6.391002525086895, "gamma": 1.026191302631805, "lamda": 0.5144235568451646}, "datetime": {"datetime": "2021-06-21 20:40:53", "elapsed": 469.096758, "delta": 1.224726}}
{"target": -15.791861414563984, "params": {"C": 9.571492900733782, "epsilon": 7.893445831062373, "gamma": 0.21557937800473526, "lamda": 0.23474582428945115}, "datetime": {"datetime": "2021-06-21 20:40:54", "elapsed": 470.364368, "delta": 1.26761}}
{"target": -13.521306808577737, "params": {"C": 9.356137875178856, "epsilon": 4.9741856985594195, "gamma": 0.12350620716253936, "lamda": 0.38389722846947116}, "datetime": {"datetime": "2021-06-21 20:40:55", "elapsed": 471.920209, "delta": 1.555841}}
{"target": -23.55761570032977, "params": {"C": 5.473683411001255, "epsilon": 5.496647912654616, "gamma": 0.9481001733743173, "lamda": 0.7733384476323547}, "datetime": {"datetime": "2021-06-21 20:40:57", "elapsed": 473.206768, "delta": 1.286559}}
{"target": -10.982561905305154, "params": {"C": 9.48149685314563, "epsilon": 8.127895653587826, "gamma": 0.024506516592200565, "lamda": 0.3793771839784007}, "datetime": {"datetime": "2021-06-21 20:41:00", "elapsed": 476.282545, "delta": 3.075777}}
{"target": -28.034915173936547, "params": {"C": 9.347930660530201, "epsilon": 0.02820987827190743, "gamma": 1.8007050474713848, "lamda": 0.42743504782329367}, "datetime": {"datetime": "2021-06-21 20:41:01", "elapsed": 477.590052, "delta": 1.307507}}
{"target": -26.942201902603347, "params": {"C": 4.535242344610176, "epsilon": 7.907579790978344, "gamma": 1.5658265469908204, "lamda": 0.4238206411574015}, "datetime": {"datetime": "2021-06-21 20:41:02", "elapsed": 478.85766, "delta": 1.267608}}
{"target": -10.9233372588898, "params": {"C": 9.353607412277265, "epsilon": 9.232206044572985, "gamma": 0.024578122942809928, "lamda": 0.5321024484957284}, "datetime": {"datetime": "2021-06-21 20:41:06", "elapsed": 482.159827, "delta": 3.302167}}
{"target": -13.504426590754463, "params": {"C": 8.44663011920924, "epsilon": 5.033653407867885, "gamma": 0.12371974676489042, "lamda": 0.3654989128882584}, "datetime": {"datetime": "2021-06-21 20:41:07", "elapsed": 483.533154, "delta": 1.373327}}
{"target": -17.33164204098751, "params": {"C": 9.596123153144031, "epsilon": 7.8886046324110906, "gamma": 0.278403636883663, "lamda": 0.17807687524744523}, "datetime": {"datetime": "2021-06-21 20:41:10", "elapsed": 486.596962, "delta": 3.063808}}
{"target": -87.95401841241315, "params": {"C": 5.171321739497727, "epsilon": 9.460772127508859, "gamma": 0.06392729895988783, "lamda": 0.1248941304882839}, "datetime": {"datetime": "2021-06-21 20:41:16", "elapsed": 492.531265, "delta": 5.934303}}
{"target": -11.564614187541045, "params": {"C": 6.123573042792127, "epsilon": 0.05556899394210166, "gamma": 0.022319467120543182, "lamda": 0.10791019517093328}, "datetime": {"datetime": "2021-06-21 20:41:21", "elapsed": 497.241668, "delta": 4.710403}}
{"target": -11.016552171264623, "params": {"C": 8.088978979702219, "epsilon": 7.60477158343355, "gamma": 0.025865876780529776, "lamda": 0.16434145333256156}, "datetime": {"datetime": "2021-06-21 20:41:24", "elapsed": 500.618639, "delta": 3.376971}}
{"target": -20.64278233815405, "params": {"C": 6.983460398718593, "epsilon": 0.31131114087375583, "gamma": 0.5416084004072879, "lamda": 0.6236553711189226}, "datetime": {"datetime": "2021-06-21 20:41:25", "elapsed": 501.70673, "delta": 1.088091}}
{"target": -23.206547179235184, "params": {"C": 4.203041849190237, "epsilon": 5.558893352251528, "gamma": 0.8884575782030634, "lamda": 0.43545737906855675}, "datetime": {"datetime": "2021-06-21 20:41:26", "elapsed": 502.715032, "delta": 1.008302}}
{"target": -24.981846606935232, "params": {"C": 0.04228517846555483, "epsilon": 8.46178471393187, "gamma": 0.10008006237214143, "lamda": 0.21791180768860127}, "datetime": {"datetime": "2021-06-21 20:43:20", "elapsed": 0.0, "delta": 0.0}}
{"target": -31.973745225128646, "params": {"C": 0.015528833190894192, "epsilon": 5.007862271228388, "gamma": 0.23038214796436965, "lamda": 0.24778246238674598}, "datetime": {"datetime": "2021-06-21 20:43:20", "elapsed": 0.194481, "delta": 0.194481}}
{"target": -30.4561252554098, "params": {"C": 0.04027997994883633, "epsilon": 7.463492037018463, "gamma": 0.3934361600823064, "lamda": 0.4824866747741608}, "datetime": {"datetime": "2021-06-21 20:43:20", "elapsed": 0.413893, "delta": 0.219412}}
{"target": -34.46552893514582, "params": {"C": 0.001764265742427985, "epsilon": 5.390235138169829, "gamma": 0.596558323918999, "lamda": 0.5374331695631962}, "datetime": {"datetime": "2021-06-21 20:43:21", "elapsed": 0.650262, "delta": 0.236369}}
{"target": -24.61219839720018, "params": {"C": 0.044195349939412105, "epsilon": 9.14639894027827, "gamma": 0.1, "lamda": 0.04295638891466648}, "datetime": {"datetime": "2021-06-21 20:43:21", "elapsed": 1.069141, "delta": 0.418879}}
{"target": -29.947758584798358, "params": {"C": 0.1, "epsilon": 10.0, "gamma": 0.8, "lamda": 0.7}, "datetime": {"datetime": "2021-06-21 20:43:21", "elapsed": 1.350391, "delta": 0.28125}}
{"target": -33.7917259246679, "params": {"C": 0.001, "epsilon": 8.747876355429558, "gamma": 0.8, "lamda": 0.009}, "datetime": {"datetime": "2021-06-21 20:43:22", "elapsed": 1.716411, "delta": 0.36602}}
{"target": -27.35706250928509, "params": {"C": 0.026000385637479927, "epsilon": 8.49627632852161, "gamma": 0.12296591721899529, "lamda": 0.25016972623807315}, "datetime": {"datetime": "2021-06-21 20:43:22", "elapsed": 1.953775, "delta": 0.237364}}
{"target": -25.940630659962927, "params": {"C": 0.04327259617392107, "epsilon": 9.17154341474078, "gamma": 0.13920231032705357, "lamda": 0.130267731397404}, "datetime": {"datetime": "2021-06-21 20:43:22", "elapsed": 2.247989, "delta": 0.294214}}
{"target": -22.863347342320175, "params": {"C": 0.09005283792935175, "epsilon": 8.360980879849086, "gamma": 0.1, "lamda": 0.12330759044495133}, "datetime": {"datetime": "2021-06-21 20:43:23", "elapsed": 2.78256, "delta": 0.534571}}
{"target": -30.808628581579207, "params": {"C": 0.03316270037850219, "epsilon": 7.996797789021867, "gamma": 0.38035357655264246, "lamda": 0.5283243667409917}, "datetime": {"datetime": "2021-06-21 20:43:23", "elapsed": 3.007958, "delta": 0.225398}}
{"target": -22.977609564761405, "params": {"C": 0.0921560001771127, "epsilon": 8.365103428134299, "gamma": 0.10791189718821131, "lamda": 0.15436767904796406}, "datetime": {"datetime": "2021-06-21 20:43:23", "elapsed": 3.234353, "delta": 0.226395}}
{"target": -33.53284216121569, "params": {"C": 0.001, "epsilon": 8.114382758103137, "gamma": 0.1, "lamda": 0.08312370420367406}, "datetime": {"datetime": "2021-06-21 20:43:24", "elapsed": 3.697115, "delta": 0.462762}}
{"target": -23.7273809049401, "params": {"C": 0.07144606563356108, "epsilon": 8.366419940073456, "gamma": 0.1105263216211294, "lamda": 0.1326929948613851}, "datetime": {"datetime": "2021-06-21 20:43:24", "elapsed": 3.958417, "delta": 0.261302}}
{"target": -22.538567211322157, "params": {"C": 0.1, "epsilon": 8.538077879464897, "gamma": 0.1, "lamda": 0.009}, "datetime": {"datetime": "2021-06-21 20:43:24", "elapsed": 4.336405, "delta": 0.377988}}
{"target": -32.320158453216074, "params": {"C": 0.024171650345905835, "epsilon": 6.958510206233001, "gamma": 0.4850767991317916, "lamda": 0.6648852370113734}, "datetime": {"datetime": "2021-06-21 20:43:25", "elapsed": 4.562799, "delta": 0.226394}}
{"target": -22.472577516849892, "params": {"C": 0.1, "epsilon": 8.847787703145718, "gamma": 0.1, "lamda": 0.009}, "datetime": {"datetime": "2021-06-21 20:43:25", "elapsed": 4.972704, "delta": 0.409905}}
{"target": -22.30823756564207, "params": {"C": 0.1, "epsilon": 9.619085374585325, "gamma": 0.1, "lamda": 0.009}, "datetime": {"datetime": "2021-06-21 20:43:25", "elapsed": 5.338725, "delta": 0.366021}}
{"target": -22.243450328756147, "params": {"C": 0.1, "epsilon": 9.923151712087897, "gamma": 0.1, "lamda": 0.009}, "datetime": {"datetime": "2021-06-21 20:43:26", "elapsed": 5.832414, "delta": 0.493689}}
{"target": -27.183137262541834, "params": {"C": 0.1, "epsilon": 9.780734071742454, "gamma": 0.39744938823434095, "lamda": 0.009}, "datetime": {"datetime": "2021-06-21 20:43:27", "elapsed": 6.742333, "delta": 0.909919}}
{"target": -22.350839087860198, "params": {"C": 0.1, "epsilon": 9.78911586066422, "gamma": 0.1, "lamda": 0.2920554479159452}, "datetime": {"datetime": "2021-06-21 20:43:27", "elapsed": 7.228549, "delta": 0.486216}}
{"target": -22.400729715077837, "params": {"C": 0.1, "epsilon": 10.0, "gamma": 0.1, "lamda": 0.5756352902433511}, "datetime": {"datetime": "2021-06-21 20:43:28", "elapsed": 7.691313, "delta": 0.462764}}
{"target": -24.207780340079584, "params": {"C": 0.08198615295215539, "epsilon": 5.399396916423237, "gamma": 0.11052325224926751, "lamda": 0.12024319763848494}, "datetime": {"datetime": "2021-06-21 20:43:28", "elapsed": 7.957605, "delta": 0.266292}}
{"target": -61.42048532343966, "params": {"C": 0.001, "epsilon": 9.683564509161165, "gamma": 0.1, "lamda": 0.6623259111501321}, "datetime": {"datetime": "2021-06-21 20:43:35", "elapsed": 15.171275, "delta": 7.21367}}
{"target": -24.144559678425363, "params": {"C": 0.07905020767461339, "epsilon": 9.999077456846226, "gamma": 0.15806949523926195, "lamda": 0.22319712738254763}, "datetime": {"datetime": "2021-06-21 20:43:36", "elapsed": 15.602126, "delta": 0.430851}}
{"target": -23.16351322081531, "params": {"C": 0.1, "epsilon": 5.772071925465131, "gamma": 0.1, "lamda": 0.009}, "datetime": {"datetime": "2021-06-21 20:43:36", "elapsed": 15.969141, "delta": 0.367015}}
{"target": -23.22090711157049, "params": {"C": 0.1, "epsilon": 5.767604840198721, "gamma": 0.1, "lamda": 0.365287063987243}, "datetime": {"datetime": "2021-06-21 20:43:36", "elapsed": 16.456549, "delta": 0.487408}}
