{"target": -91.00042900264023, "params": {"C": 21.815191889147865, "epsilon": 17.624043393680683, "gamma": 0.0152149952320824, "lamda": 0.12882524069187867}, "datetime": {"datetime": "2021-06-28 18:02:58", "elapsed": 254.937988, "delta": 6.337056}}
{"target": -21.303294665969357, "params": {"C": 32.42170751545764, "epsilon": 5.815914463485974, "gamma": 0.6263185394790037, "lamda": 0.8274665423427598}, "datetime": {"datetime": "2021-06-28 18:02:58", "elapsed": 255.390778, "delta": 0.45279}}
{"target": -82.15247343848003, "params": {"C": 19.962917054693783, "epsilon": 2.0028677148234473, "gamma": 0.01, "lamda": 0.8338188255037284}, "datetime": {"datetime": "2021-06-28 18:03:05", "elapsed": 262.160679, "delta": 6.769901}}
{"target": -23.292338105372927, "params": {"C": 31.413149953413168, "epsilon": 3.7285062663826283, "gamma": 0.9404495117825628, "lamda": 0.056864474332605434}, "datetime": {"datetime": "2021-06-28 18:03:06", "elapsed": 262.597509, "delta": 0.43683}}
{"target": -23.184515915980132, "params": {"C": 19.97613289371462, "epsilon": 2.6007642456239064, "gamma": 0.9184183122525998, "lamda": 0.14665961579906495}, "datetime": {"datetime": "2021-06-28 18:03:07", "elapsed": 263.60681, "delta": 1.009301}}
{"target": -23.718533447709415, "params": {"C": 19.709593549581665, "epsilon": 1.563379057778835, "gamma": 1.0, "lamda": 0.01}, "datetime": {"datetime": "2021-06-28 18:03:07", "elapsed": 264.424625, "delta": 0.817815}}
{"target": -21.977992157356212, "params": {"C": 28.937881340808644, "epsilon": 1.0, "gamma": 0.7239833027146371, "lamda": 0.2076941297262065}, "datetime": {"datetime": "2021-06-28 18:03:08", "elapsed": 265.455867, "delta": 1.031242}}
{"target": -21.483116418958755, "params": {"C": 29.67902933821445, "epsilon": 7.06727278288723, "gamma": 0.6661771026094956, "lamda": 0.5682043718428859}, "datetime": {"datetime": "2021-06-28 18:03:09", "elapsed": 265.94057, "delta": 0.484703}}
{"target": -21.91634494712373, "params": {"C": 33.386993148607715, "epsilon": 16.32324312265402, "gamma": 0.7709193915240307, "lamda": 0.6378051330034509}, "datetime": {"datetime": "2021-06-28 18:03:09", "elapsed": 266.407323, "delta": 0.466753}}
{"target": -40.236750389237336, "params": {"C": 17.831869534381028, "epsilon": 15.293567531764454, "gamma": 0.20153483430916352, "lamda": 0.3148920444550452}, "datetime": {"datetime": "2021-06-28 18:03:17", "elapsed": 274.419571, "delta": 8.012248}}
{"target": -20.008987541047606, "params": {"C": 21.377931229352267, "epsilon": 9.827015280181815, "gamma": 0.4883387799976332, "lamda": 0.26366272759759757}, "datetime": {"datetime": "2021-06-28 18:03:18", "elapsed": 274.922225, "delta": 0.502654}}
{"target": -35.153998108286196, "params": {"C": 21.231038745545554, "epsilon": 12.362267687983355, "gamma": 0.4404357369069168, "lamda": 0.5771031600936808}, "datetime": {"datetime": "2021-06-28 18:03:24", "elapsed": 280.933153, "delta": 6.010928}}
{"target": -18.138386246217504, "params": {"C": 18.341024533269934, "epsilon": 2.822963416129824, "gamma": 0.3207456740534979, "lamda": 0.9218275512330056}, "datetime": {"datetime": "2021-06-28 18:03:24", "elapsed": 281.438803, "delta": 0.50565}}
{"target": -22.310481334756517, "params": {"C": 16.142124526091045, "epsilon": 11.459955864411114, "gamma": 0.8130790681255877, "lamda": 0.49779530683415263}, "datetime": {"datetime": "2021-06-28 18:03:25", "elapsed": 281.994327, "delta": 0.555524}}
{"target": -82.09673791282111, "params": {"C": 29.36349291599052, "epsilon": 1.0084404102040754, "gamma": 0.010445114832712906, "lamda": 0.782476118236229}, "datetime": {"datetime": "2021-06-28 18:03:30", "elapsed": 287.130585, "delta": 5.136258}}
{"target": -22.2946566889829, "params": {"C": 29.738035535550132, "epsilon": 1.8689333488419446, "gamma": 0.7713179197043359, "lamda": 0.18875298703828425}, "datetime": {"datetime": "2021-06-28 18:03:31", "elapsed": 288.250589, "delta": 1.120004}}
{"target": -20.89300914287342, "params": {"C": 42.005418358023576, "epsilon": 10.771395758798631, "gamma": 0.5827530215190954, "lamda": 0.3721571155310097}, "datetime": {"datetime": "2021-06-28 18:03:32", "elapsed": 288.745266, "delta": 0.494677}}
{"target": -18.09533791070293, "params": {"C": 29.29263742664456, "epsilon": 1.6812269905354391, "gamma": 0.30841391477186203, "lamda": 0.5582366151438043}, "datetime": {"datetime": "2021-06-28 18:03:32", "elapsed": 289.262885, "delta": 0.517619}}
{"target": -20.250713482134714, "params": {"C": 29.304808120099, "epsilon": 2.510460294806627, "gamma": 0.49389595752416127, "lamda": 0.705295768867538}, "datetime": {"datetime": "2021-06-28 18:03:33", "elapsed": 290.245256, "delta": 0.982371}}
{"target": -19.436190155408394, "params": {"C": 19.043127330913176, "epsilon": 2.5783243646889935, "gamma": 0.4302605705081825, "lamda": 0.01}, "datetime": {"datetime": "2021-06-28 18:03:34", "elapsed": 291.270514, "delta": 1.025258}}
{"target": -22.91038772417886, "params": {"C": 28.746867820006674, "epsilon": 1.9693887260484095, "gamma": 0.8678537437827533, "lamda": 0.5271453561767395}, "datetime": {"datetime": "2021-06-28 18:03:36", "elapsed": 292.840317, "delta": 1.569803}}
{"target": -23.484752657564414, "params": {"C": 18.41310320065547, "epsilon": 2.2470285262975453, "gamma": 0.9652083397362623, "lamda": 0.7913093701374412}, "datetime": {"datetime": "2021-06-28 18:03:37", "elapsed": 294.368232, "delta": 1.527915}}
{"target": -37.241440975571166, "params": {"C": 16.805171300470302, "epsilon": 6.461203692987515, "gamma": 0.38324313785856845, "lamda": 0.5608606702722075}, "datetime": {"datetime": "2021-06-28 18:04:08", "elapsed": 325.381373, "delta": 31.013141}}
{"target": -11.357033442249003, "params": {"C": 18.321104582704148, "epsilon": 9.748881073767876, "gamma": 0.01, "lamda": 0.01}, "datetime": {"datetime": "2021-06-28 18:04:10", "elapsed": 326.95476, "delta": 1.573387}}
{"target": -21.54854679457677, "params": {"C": 18.082072382753033, "epsilon": 9.940393472437256, "gamma": 0.6874000377667147, "lamda": 0.01}, "datetime": {"datetime": "2021-06-28 18:04:11", "elapsed": 328.057087, "delta": 1.102327}}
{"target": -23.018215874751206, "params": {"C": 21.960814243364428, "epsilon": 9.442300818903101, "gamma": 0.9267507778013548, "lamda": 0.5136478583188988}, "datetime": {"datetime": "2021-06-28 18:04:12", "elapsed": 329.358729, "delta": 1.301642}}
{"target": -22.431222765586366, "params": {"C": 40.53292092548351, "epsilon": 12.926488841612173, "gamma": 0.8404160539230269, "lamda": 0.7606529460772102}, "datetime": {"datetime": "2021-06-28 18:04:13", "elapsed": 329.937261, "delta": 0.578532}}
{"target": -86.97015637849563, "params": {"C": 15.0, "epsilon": 16.923130601694343, "gamma": 0.04742069498974295, "lamda": 0.01}, "datetime": {"datetime": "2021-06-28 18:04:20", "elapsed": 337.520968, "delta": 7.583707}}
{"target": -22.81708225731759, "params": {"C": 35.69793563631222, "epsilon": 13.479119170899411, "gamma": 0.9113449098568104, "lamda": 0.035691584166636425}, "datetime": {"datetime": "2021-06-28 18:04:21", "elapsed": 338.068568, "delta": 0.5476}}
{"target": -18.537067515540453, "params": {"C": 20.345913979520695, "epsilon": 1.2778647525699391, "gamma": 0.35077217772495495, "lamda": 0.12205851523455039}, "datetime": {"datetime": "2021-06-28 18:04:22", "elapsed": 338.645786, "delta": 0.577218}}
{"target": -20.974390412913287, "params": {"C": 15.149319803524666, "epsilon": 15.224068140443904, "gamma": 0.6129300203634958, "lamda": 0.04004094269389357}, "datetime": {"datetime": "2021-06-28 18:04:23", "elapsed": 339.983336, "delta": 1.33755}}
{"target": -79.06385104375076, "params": {"C": 28.4480939323947, "epsilon": 1.6966470363611466, "gamma": 0.07360504638715065, "lamda": 0.2234519989097878}, "datetime": {"datetime": "2021-06-28 18:04:31", "elapsed": 347.530732, "delta": 7.547396}}
{"target": -80.46020760746939, "params": {"C": 15.826757755861864, "epsilon": 15.565218678636437, "gamma": 0.0641025010644363, "lamda": 0.03080992627871825}, "datetime": {"datetime": "2021-06-28 18:04:38", "elapsed": 355.369257, "delta": 7.838525}}
{"target": -11.351195414990393, "params": {"C": 16.600677139547056, "epsilon": 11.4723690981144, "gamma": 0.01, "lamda": 0.01}, "datetime": {"datetime": "2021-06-28 18:04:40", "elapsed": 356.98581, "delta": 1.616553}}
{"target": -11.322417701238036, "params": {"C": 16.61126431041819, "epsilon": 12.370246437584244, "gamma": 0.01, "lamda": 0.01}, "datetime": {"datetime": "2021-06-28 18:04:41", "elapsed": 358.196168, "delta": 1.210358}}
{"target": -74.25463251846047, "params": {"C": 37.73778968750972, "epsilon": 2.8117798023316407, "gamma": 0.0788434448369331, "lamda": 0.9514896091200563}, "datetime": {"datetime": "2021-06-28 18:04:49", "elapsed": 365.972104, "delta": 7.775936}}
{"target": -72.18645882103357, "params": {"C": 33.37254836823527, "epsilon": 2.631971729474386, "gamma": 0.08313397412705079, "lamda": 0.5362654889158552}, "datetime": {"datetime": "2021-06-28 18:04:56", "elapsed": 373.428791, "delta": 7.456687}}
{"target": -21.446775124979016, "params": {"C": 30.205965592235486, "epsilon": 10.416967355306102, "gamma": 0.6710637352637386, "lamda": 0.039025580583791186}, "datetime": {"datetime": "2021-06-28 18:04:57", "elapsed": 374.090732, "delta": 0.661941}}
{"target": -22.937727683399782, "params": {"C": 15.05638442719438, "epsilon": 15.908804081367885, "gamma": 0.9408475065137595, "lamda": 0.44955028405835484}, "datetime": {"datetime": "2021-06-28 18:04:58", "elapsed": 375.513235, "delta": 1.422503}}
{"target": -99.61702265618364, "params": {"C": 16.91192593119351, "epsilon": 12.315926309605228, "gamma": 0.03264744959520209, "lamda": 0.6973362685561436}, "datetime": {"datetime": "2021-06-28 18:05:08", "elapsed": 385.284175, "delta": 9.77094}}
{"target": -18.501041660486866, "params": {"C": 15.984665863795492, "epsilon": 11.751134009995724, "gamma": 0.3666321457003226, "lamda": 0.02394880208703739}, "datetime": {"datetime": "2021-06-28 18:05:10", "elapsed": 386.571527, "delta": 1.287352}}
{"target": -23.416298733831443, "params": {"C": 33.698278270617095, "epsilon": 7.816657961991919, "gamma": 0.9832233933656698, "lamda": 0.03890262442006326}, "datetime": {"datetime": "2021-06-28 18:05:10", "elapsed": 387.172978, "delta": 0.601451}}
{"target": -21.31157360743777, "params": {"C": 34.54240755123103, "epsilon": 4.439722934464844, "gamma": 0.6221971861218433, "lamda": 0.0907080959595954}, "datetime": {"datetime": "2021-06-28 18:05:11", "elapsed": 387.817216, "delta": 0.644238}}
{"target": -86.9182944585984, "params": {"C": 18.21890248956746, "epsilon": 2.454985448021318, "gamma": 0.0629003544135393, "lamda": 0.2540246506753968}, "datetime": {"datetime": "2021-06-28 18:05:20", "elapsed": 396.72238, "delta": 8.905164}}
{"target": -23.532022465138496, "params": {"C": 19.338997383380914, "epsilon": 2.1833159619783893, "gamma": 0.9717009260013898, "lamda": 0.16764388925366216}, "datetime": {"datetime": "2021-06-28 18:05:21", "elapsed": 398.158844, "delta": 1.436464}}
{"target": -22.721284090355844, "params": {"C": 15.271155717007964, "epsilon": 10.699337920067606, "gamma": 0.8826348300433366, "lamda": 0.029412869380838057}, "datetime": {"datetime": "2021-06-28 18:05:22", "elapsed": 399.510844, "delta": 1.352}}
{"target": -20.26808153188708, "params": {"C": 19.38971924090715, "epsilon": 3.1047647258203535, "gamma": 0.5064435463361406, "lamda": 0.4594781609005817}, "datetime": {"datetime": "2021-06-28 18:05:24", "elapsed": 401.075521, "delta": 1.564677}}
{"target": -39.6805596491327, "params": {"C": 18.79727110282496, "epsilon": 9.768206236224488, "gamma": 0.26492403839269424, "lamda": 0.5972953175423077}, "datetime": {"datetime": "2021-06-28 18:05:32", "elapsed": 408.714378, "delta": 7.638857}}
{"target": -22.578898379005942, "params": {"C": 28.915329169510187, "epsilon": 1.048472837542802, "gamma": 0.809582621064986, "lamda": 0.21724444077654304}, "datetime": {"datetime": "2021-06-28 18:05:32", "elapsed": 409.324178, "delta": 0.6098}}
{"target": -21.49931831156254, "params": {"C": 22.34259976925677, "epsilon": 3.9102505608330334, "gamma": 0.6546094660124234, "lamda": 0.3695945794203158}, "datetime": {"datetime": "2021-06-28 18:05:33", "elapsed": 409.894817, "delta": 0.570639}}
{"target": -23.738185053502832, "params": {"C": 29.6029559222661, "epsilon": 1.0751348927288047, "gamma": 1.0, "lamda": 0.01}, "datetime": {"datetime": "2021-06-28 18:05:34", "elapsed": 411.159322, "delta": 1.264505}}
{"target": -20.175417897562813, "params": {"C": 36.26562678261618, "epsilon": 14.057152810440229, "gamma": 0.5162426499560149, "lamda": 0.46274860882390745}, "datetime": {"datetime": "2021-06-28 18:05:35", "elapsed": 411.778503, "delta": 0.619181}}
{"target": -20.49219559400707, "params": {"C": 20.276278401875068, "epsilon": 11.588048002193194, "gamma": 0.5387298075494545, "lamda": 0.25131246688632586}, "datetime": {"datetime": "2021-06-28 18:05:36", "elapsed": 413.371125, "delta": 1.592622}}
{"target": -17.169113575837226, "params": {"C": 20.0317314640899, "epsilon": 3.3925013147028324, "gamma": 0.22186108713920846, "lamda": 0.12693002900861783}, "datetime": {"datetime": "2021-06-28 18:05:38", "elapsed": 414.711819, "delta": 1.340694}}
{"target": -22.886048977230573, "params": {"C": 20.454322033269854, "epsilon": 3.240807571339099, "gamma": 0.8712973948834514, "lamda": 0.39125230967082086}, "datetime": {"datetime": "2021-06-28 18:05:39", "elapsed": 416.237607, "delta": 1.525788}}
{"target": -11.160982035750996, "params": {"C": 17.726975532251426, "epsilon": 16.53809347557713, "gamma": 0.01, "lamda": 0.01}, "datetime": {"datetime": "2021-06-28 18:05:41", "elapsed": 418.471464, "delta": 2.233857}}
{"target": -35.56603676371563, "params": {"C": 41.27045088911103, "epsilon": 8.857958317452482, "gamma": 0.5333988526012284, "lamda": 0.7328485300324865}, "datetime": {"datetime": "2021-06-28 18:05:49", "elapsed": 425.854713, "delta": 7.383249}}
{"target": -23.04306975816578, "params": {"C": 19.434678199717233, "epsilon": 2.171220714995788, "gamma": 0.8948715676939722, "lamda": 0.177273919511156}, "datetime": {"datetime": "2021-06-28 18:05:50", "elapsed": 426.73242, "delta": 0.877707}}
{"target": -23.22407019296109, "params": {"C": 20.235328113204936, "epsilon": 1.907578917239662, "gamma": 0.9207542875163818, "lamda": 0.8155559996339091}, "datetime": {"datetime": "2021-06-28 18:05:50", "elapsed": 427.352404, "delta": 0.619984}}
{"target": -11.180595180469851, "params": {"C": 29.98668319264396, "epsilon": 1.7439899842769107, "gamma": 0.022742838725662066, "lamda": 0.02041642585818214}, "datetime": {"datetime": "2021-06-28 18:05:52", "elapsed": 428.684576, "delta": 1.332172}}
{"target": -69.89870537654346, "params": {"C": 30.427996482454333, "epsilon": 2.191890393995415, "gamma": 0.0934031139363062, "lamda": 0.572998464549273}, "datetime": {"datetime": "2021-06-28 18:06:01", "elapsed": 437.773529, "delta": 9.088953}}
{"target": -13.827008237389368, "params": {"C": 20.803705503057415, "epsilon": 3.017001560999496, "gamma": 0.12135426203967208, "lamda": 0.01}, "datetime": {"datetime": "2021-06-28 18:06:03", "elapsed": 439.81862, "delta": 2.045091}}
{"target": -18.100495174084536, "params": {"C": 28.740212079273842, "epsilon": 3.2054840867631045, "gamma": 0.2882819839360436, "lamda": 0.8671741028875443}, "datetime": {"datetime": "2021-06-28 18:06:04", "elapsed": 440.579706, "delta": 0.761086}}
{"target": -21.61792766836562, "params": {"C": 21.65965183571272, "epsilon": 3.2564967637584195, "gamma": 0.6710040775482201, "lamda": 0.41988139609985153}, "datetime": {"datetime": "2021-06-28 18:06:05", "elapsed": 441.945749, "delta": 1.366043}}
{"target": -22.954398630538222, "params": {"C": 21.13056395757837, "epsilon": 2.5702056993340094, "gamma": 0.8815653651783797, "lamda": 0.01}, "datetime": {"datetime": "2021-06-28 18:06:07", "elapsed": 443.973093, "delta": 2.027344}}
{"target": -60.9939226783028, "params": {"C": 20.751492223097205, "epsilon": 3.5226384921789817, "gamma": 0.10978263624954233, "lamda": 0.6509912807946968}, "datetime": {"datetime": "2021-06-28 18:06:22", "elapsed": 458.720073, "delta": 14.74698}}
{"target": -17.487053282128866, "params": {"C": 19.24342252896083, "epsilon": 1.0101791053747027, "gamma": 0.24327411049257927, "lamda": 0.033067433237051844}, "datetime": {"datetime": "2021-06-28 18:06:23", "elapsed": 460.179629, "delta": 1.459556}}
{"target": -22.205295249821646, "params": {"C": 15.0, "epsilon": 7.951526655496186, "gamma": 0.7855205463402966, "lamda": 0.01}, "datetime": {"datetime": "2021-06-28 18:06:25", "elapsed": 461.743831, "delta": 1.564202}}
{"target": -35.394043278570315, "params": {"C": 37.67976010284004, "epsilon": 14.027494558662012, "gamma": 0.3521448854618296, "lamda": 0.8632675266607219}, "datetime": {"datetime": "2021-06-28 18:06:35", "elapsed": 472.109953, "delta": 10.366122}}
{"target": -22.43819010371638, "params": {"C": 17.802510776627773, "epsilon": 16.729059718559323, "gamma": 0.8542519164558473, "lamda": 0.2760413427736574}, "datetime": {"datetime": "2021-06-28 18:06:37", "elapsed": 473.796705, "delta": 1.686752}}
{"target": -22.964479806937675, "params": {"C": 18.931589777037495, "epsilon": 1.1545107075507537, "gamma": 0.8748953776739106, "lamda": 0.4396232459683328}, "datetime": {"datetime": "2021-06-28 18:06:38", "elapsed": 475.357189, "delta": 1.560484}}
{"target": -23.657035964050944, "params": {"C": 22.512284995864484, "epsilon": 3.1534463328936693, "gamma": 1.0, "lamda": 0.3475613208556565}, "datetime": {"datetime": "2021-06-28 18:06:40", "elapsed": 476.83315, "delta": 1.475961}}
{"target": -21.497866738638443, "params": {"C": 44.55305064603334, "epsilon": 13.269137460334823, "gamma": 0.6897728434214587, "lamda": 0.6401578770614674}, "datetime": {"datetime": "2021-06-28 18:06:40", "elapsed": 477.522842, "delta": 0.689692}}
{"target": -21.995120705445412, "params": {"C": 33.50589608443667, "epsilon": 16.418783558991496, "gamma": 0.7917114167208387, "lamda": 0.7283096891752402}, "datetime": {"datetime": "2021-06-28 18:06:41", "elapsed": 478.393045, "delta": 0.870203}}
{"target": -78.26389469493995, "params": {"C": 22.10791001131365, "epsilon": 1.006345630570524, "gamma": 0.07461200722750455, "lamda": 0.6877456885832255}, "datetime": {"datetime": "2021-06-28 18:06:49", "elapsed": 485.733626, "delta": 7.340581}}
{"target": -21.82307065753438, "params": {"C": 45.54370638715087, "epsilon": 13.5642565569316, "gamma": 0.748303798562684, "lamda": 0.4438197282880369}, "datetime": {"datetime": "2021-06-28 18:06:50", "elapsed": 486.971951, "delta": 1.238325}}
{"target": -20.496376315506122, "params": {"C": 46.544721089302534, "epsilon": 13.695482078952132, "gamma": 0.5411973278396407, "lamda": 0.7281211611868367}, "datetime": {"datetime": "2021-06-28 18:06:51", "elapsed": 488.471793, "delta": 1.499842}}
{"target": -22.430609712115004, "params": {"C": 46.34385335128259, "epsilon": 12.8182412075976, "gamma": 0.839872399862428, "lamda": 0.259163924030995}, "datetime": {"datetime": "2021-06-28 18:06:53", "elapsed": 490.123298, "delta": 1.651505}}
{"target": -22.99990531389798, "params": {"C": 45.19872669843009, "epsilon": 12.655904444532567, "gamma": 0.9372198632253627, "lamda": 0.11416430828880901}, "datetime": {"datetime": "2021-06-28 18:06:57", "elapsed": 493.872299, "delta": 3.749001}}
{"target": -22.364196451505105, "params": {"C": 21.817860522595428, "epsilon": 10.404554707665314, "gamma": 0.8178344303537695, "lamda": 0.9052920298323152}, "datetime": {"datetime": "2021-06-28 18:06:59", "elapsed": 495.714347, "delta": 1.842048}}
{"target": -51.85628967419342, "params": {"C": 35.52471462697979, "epsilon": 9.862152842017155, "gamma": 0.14163113619901613, "lamda": 0.9035012313746343}, "datetime": {"datetime": "2021-06-28 18:07:22", "elapsed": 519.191731, "delta": 23.477384}}
{"target": -80.85291630483852, "params": {"C": 17.813693625748403, "epsilon": 16.4408217805427, "gamma": 0.01, "lamda": 0.7608047647827061}, "datetime": {"datetime": "2021-06-28 18:07:41", "elapsed": 537.904244, "delta": 18.712513}}
{"target": -60.114123569078224, "params": {"C": 22.185653116645526, "epsilon": 9.876347665191146, "gamma": 0.11692539330121628, "lamda": 0.5568115430794718}, "datetime": {"datetime": "2021-06-28 18:08:07", "elapsed": 564.471888, "delta": 26.567644}}
{"target": -67.01730706678683, "params": {"C": 46.00754030104373, "epsilon": 13.276702009348448, "gamma": 0.09233702667598961, "lamda": 0.24575568587157814}, "datetime": {"datetime": "2021-06-28 18:08:22", "elapsed": 578.891736, "delta": 14.419848}}
{"target": -23.447843657120803, "params": {"C": 21.145875581922176, "epsilon": 9.689220449846049, "gamma": 1.0, "lamda": 0.806552066677228}, "datetime": {"datetime": "2021-06-28 18:08:25", "elapsed": 581.979673, "delta": 3.087937}}
{"target": -23.32697397047036, "params": {"C": 47.06988252962372, "epsilon": 14.042888506971543, "gamma": 1.0, "lamda": 1.0}, "datetime": {"datetime": "2021-06-28 18:08:27", "elapsed": 584.336159, "delta": 2.356486}}
{"target": -23.191852843293237, "params": {"C": 18.776802950804825, "epsilon": 2.9654230248677154, "gamma": 0.9215154668884069, "lamda": 1.0}, "datetime": {"datetime": "2021-06-28 18:08:30", "elapsed": 587.528779, "delta": 3.19262}}
{"target": -23.670333027759547, "params": {"C": 28.68827600053028, "epsilon": 2.799886609186146, "gamma": 1.0, "lamda": 1.0}, "datetime": {"datetime": "2021-06-28 18:08:33", "elapsed": 589.695034, "delta": 2.166255}}
{"target": -21.365239077149905, "params": {"C": 24.863834869680698, "epsilon": 2.807003784567101, "gamma": 0.626804385921453, "lamda": 0.06982894100221186}, "datetime": {"datetime": "2021-06-28 18:08:34", "elapsed": 590.885272, "delta": 1.190238}}
{"target": -14.577779055898585, "params": {"C": 24.08812937089312, "epsilon": 5.38045889878369, "gamma": 0.13667780767829638, "lamda": 0.058186001695711954}, "datetime": {"datetime": "2021-06-28 18:08:35", "elapsed": 592.136024, "delta": 1.250752}}
