{"target": -13.41842980626351, "params": {"C": 2.5090033641091103, "epsilon": 7.931727608636121, "gamma": 0.01, "lamda": 1.0}, "datetime": {"datetime": "2021-06-21 20:08:46", "elapsed": 191.979641, "delta": 0.834765}}
{"target": -16.36681776122143, "params": {"C": 9.082735828011796, "epsilon": 8.160472168476595, "gamma": 0.5972265688643865, "lamda": 0.1}, "datetime": {"datetime": "2021-06-21 20:08:47", "elapsed": 193.104633, "delta": 1.124992}}
{"target": -13.229785407441575, "params": {"C": 2.37889921308976, "epsilon": 9.357120117907863, "gamma": 0.01, "lamda": 0.3677175255553803}, "datetime": {"datetime": "2021-06-21 20:08:48", "elapsed": 194.012204, "delta": 0.907571}}
{"target": -11.921952497662428, "params": {"C": 8.348639731290282, "epsilon": 5.691958272245214, "gamma": 0.01, "lamda": 0.3621401908631202}, "datetime": {"datetime": "2021-06-21 20:08:49", "elapsed": 195.044444, "delta": 1.03224}}
{"target": -12.072526109495891, "params": {"C": 9.49907965433861, "epsilon": 3.906246116412554, "gamma": 0.01, "lamda": 0.6140587093237946}, "datetime": {"datetime": "2021-06-21 20:08:50", "elapsed": 196.048759, "delta": 1.004315}}
{"target": -14.090389909824422, "params": {"C": 1.7603594794156388, "epsilon": 4.86374005078672, "gamma": 0.01, "lamda": 0.1}, "datetime": {"datetime": "2021-06-21 20:08:51", "elapsed": 196.787783, "delta": 0.739024}}
{"target": -12.035288402883749, "params": {"C": 10.0, "epsilon": 5.737595927249837, "gamma": 0.01, "lamda": 0.7041469830221899}, "datetime": {"datetime": "2021-06-21 20:08:52", "elapsed": 197.786114, "delta": 0.998331}}
{"target": -18.066372816304778, "params": {"C": 10.0, "epsilon": 3.0186857377457037, "gamma": 0.7849630390312502, "lamda": 0.1}, "datetime": {"datetime": "2021-06-21 20:08:53", "elapsed": 198.695682, "delta": 0.909568}}
{"target": -12.688945613228467, "params": {"C": 4.318922474439056, "epsilon": 2.9337773835274157, "gamma": 0.011654015413198621, "lamda": 0.7109173531085387}, "datetime": {"datetime": "2021-06-21 20:08:54", "elapsed": 199.563361, "delta": 0.867679}}
{"target": -12.032611807208522, "params": {"C": 9.062321338667209, "epsilon": 4.87602593067987, "gamma": 0.01, "lamda": 0.7056773283501645}, "datetime": {"datetime": "2021-06-21 20:08:55", "elapsed": 200.514817, "delta": 0.951456}}
{"target": -12.204001747247913, "params": {"C": 9.427598655195368, "epsilon": 1.4066928849196185, "gamma": 0.01, "lamda": 0.4791654159578554}, "datetime": {"datetime": "2021-06-21 20:08:55", "elapsed": 201.480237, "delta": 0.96542}}
{"target": -12.35171385759432, "params": {"C": 7.414470851183874, "epsilon": 0.001, "gamma": 0.01, "lamda": 0.4486044996691077}, "datetime": {"datetime": "2021-06-21 20:08:57", "elapsed": 202.774773, "delta": 1.294536}}
{"target": -12.116934883616711, "params": {"C": 7.359500049061736, "epsilon": 3.9467576644777043, "gamma": 0.01, "lamda": 0.558175366192886}, "datetime": {"datetime": "2021-06-21 20:08:58", "elapsed": 203.840924, "delta": 1.066151}}
{"target": -12.225833224896801, "params": {"C": 2.4451942760419207, "epsilon": 6.322288371398369, "gamma": 0.02488128453285813, "lamda": 0.5749303530219079}, "datetime": {"datetime": "2021-06-21 20:08:59", "elapsed": 204.781408, "delta": 0.940484}}
{"target": -17.04744112457843, "params": {"C": 3.5896797832108636, "epsilon": 3.1937424079207695, "gamma": 0.5978753179171652, "lamda": 1.0}, "datetime": {"datetime": "2021-06-21 20:09:00", "elapsed": 205.712918, "delta": 0.93151}}
{"target": -18.676861655997637, "params": {"C": 6.151028842460324, "epsilon": 4.019965699669591, "gamma": 0.7985585923874533, "lamda": 0.10116233218069058}, "datetime": {"datetime": "2021-06-21 20:09:01", "elapsed": 206.486848, "delta": 0.77393}}
{"target": -11.767072725850147, "params": {"C": 8.689306197130032, "epsilon": 10.0, "gamma": 0.01, "lamda": 0.5806139026955812}, "datetime": {"datetime": "2021-06-21 20:09:01", "elapsed": 207.396415, "delta": 0.909567}}
{"target": -12.068982960517575, "params": {"C": 7.1398715993871855, "epsilon": 6.247779531496734, "gamma": 0.01, "lamda": 0.6192957626524968}, "datetime": {"datetime": "2021-06-21 20:09:03", "elapsed": 208.489493, "delta": 1.093078}}
{"target": -17.809588031384123, "params": {"C": 7.679862256788449, "epsilon": 5.625409689744752, "gamma": 0.7111962430366223, "lamda": 1.0}, "datetime": {"datetime": "2021-06-21 20:09:03", "elapsed": 209.33922, "delta": 0.849727}}
{"target": -12.253583737481339, "params": {"C": 7.317682487280315, "epsilon": 1.6650723542180346, "gamma": 0.01, "lamda": 0.1}, "datetime": {"datetime": "2021-06-21 20:09:04", "elapsed": 210.289678, "delta": 0.950458}}
{"target": -12.41179339444182, "params": {"C": 4.798378836814734, "epsilon": 6.92279768428975, "gamma": 0.01, "lamda": 0.1}, "datetime": {"datetime": "2021-06-21 20:09:05", "elapsed": 211.380762, "delta": 1.091084}}
{"target": -12.756335001487006, "params": {"C": 5.862681571358146, "epsilon": 0.001, "gamma": 0.01, "lamda": 0.6697899300436925}, "datetime": {"datetime": "2021-06-21 20:09:07", "elapsed": 212.492786, "delta": 1.112024}}
{"target": -17.7854694327836, "params": {"C": 10.0, "epsilon": 5.056174326482671, "gamma": 0.7388544335882095, "lamda": 1.0}, "datetime": {"datetime": "2021-06-21 20:09:07", "elapsed": 213.391384, "delta": 0.898598}}
{"target": -12.244570039744481, "params": {"C": 5.949030054064229, "epsilon": 9.293803750345395, "gamma": 0.01, "lamda": 0.6889044931250763}, "datetime": {"datetime": "2021-06-21 20:09:09", "elapsed": 214.555271, "delta": 1.163887}}
{"target": -16.90336376410919, "params": {"C": 0.8181117639201592, "epsilon": 0.001, "gamma": 0.01, "lamda": 1.0}, "datetime": {"datetime": "2021-06-21 20:09:10", "elapsed": 215.685251, "delta": 1.12998}}
{"target": -12.226169802065296, "params": {"C": 8.149841310200351, "epsilon": 1.036938179512074, "gamma": 0.01, "lamda": 0.5188164109476398}, "datetime": {"datetime": "2021-06-21 20:09:11", "elapsed": 216.960839, "delta": 1.275588}}
{"target": -11.766023701892266, "params": {"C": 10.0, "epsilon": 7.849777225848995, "gamma": 0.01, "lamda": 0.1}, "datetime": {"datetime": "2021-06-21 20:09:12", "elapsed": 217.904317, "delta": 0.943478}}
{"target": -11.892720070674885, "params": {"C": 8.320710313371551, "epsilon": 7.078833008822511, "gamma": 0.01, "lamda": 0.563899194588095}, "datetime": {"datetime": "2021-06-21 20:09:13", "elapsed": 218.975451, "delta": 1.071134}}
{"target": -11.793611223115455, "params": {"C": 4.756245588777963, "epsilon": 4.077840497137255, "gamma": 0.026362670650072736, "lamda": 0.8906110533315749}, "datetime": {"datetime": "2021-06-21 20:09:14", "elapsed": 219.902973, "delta": 0.927522}}
{"target": -12.276131377895224, "params": {"C": 6.021581032323656, "epsilon": 5.891969699544989, "gamma": 0.01, "lamda": 0.36271434588076}, "datetime": {"datetime": "2021-06-21 20:09:15", "elapsed": 220.976102, "delta": 1.073129}}
{"target": -12.238891094166023, "params": {"C": 7.162537798049712, "epsilon": 2.9520961367729415, "gamma": 0.01, "lamda": 0.6322414116309477}, "datetime": {"datetime": "2021-06-21 20:09:16", "elapsed": 221.996374, "delta": 1.020272}}
{"target": -12.240706931572658, "params": {"C": 5.763920149961532, "epsilon": 7.598409090396241, "gamma": 0.01, "lamda": 0.4934944170101349}, "datetime": {"datetime": "2021-06-21 20:09:17", "elapsed": 223.090449, "delta": 1.094075}}
{"target": -12.503689540421108, "params": {"C": 5.922065766789094, "epsilon": 4.516613511575962, "gamma": 0.01, "lamda": 1.0}, "datetime": {"datetime": "2021-06-21 20:09:18", "elapsed": 224.319163, "delta": 1.228714}}
{"target": -14.59146811142574, "params": {"C": 7.5657139718002675, "epsilon": 4.943961258690266, "gamma": 0.41118832386180015, "lamda": 0.1}, "datetime": {"datetime": "2021-06-21 20:09:19", "elapsed": 225.429194, "delta": 1.110031}}
{"target": -12.451027847127957, "params": {"C": 4.853578513660104, "epsilon": 7.868908033317743, "gamma": 0.01, "lamda": 0.3989922643289016}, "datetime": {"datetime": "2021-06-21 20:09:20", "elapsed": 226.438496, "delta": 1.009302}}
{"target": -13.973613124831473, "params": {"C": 2.177308158009111, "epsilon": 3.2135769574899036, "gamma": 0.01, "lamda": 1.0}, "datetime": {"datetime": "2021-06-21 20:09:22", "elapsed": 227.565483, "delta": 1.126987}}
{"target": -14.679302464284353, "params": {"C": 1.312369067849008, "epsilon": 6.868431691540013, "gamma": 0.01, "lamda": 0.1}, "datetime": {"datetime": "2021-06-21 20:09:23", "elapsed": 228.629636, "delta": 1.064153}}
{"target": -11.758333108416393, "params": {"C": 8.915344743184642, "epsilon": 8.139996414458963, "gamma": 0.01287585299878741, "lamda": 0.49318896453666805}, "datetime": {"datetime": "2021-06-21 20:09:24", "elapsed": 229.714736, "delta": 1.0851}}
{"target": -18.01385465609903, "params": {"C": 4.437736850122236, "epsilon": 7.10737308593964, "gamma": 0.710884417526234, "lamda": 1.0}, "datetime": {"datetime": "2021-06-21 20:09:25", "elapsed": 230.922507, "delta": 1.207771}}
{"target": -12.799107814991986, "params": {"C": 3.7029014278261596, "epsilon": 5.556985502681024, "gamma": 0.01, "lamda": 0.1}, "datetime": {"datetime": "2021-06-21 20:09:26", "elapsed": 231.921833, "delta": 0.999326}}
{"target": -12.140749868941873, "params": {"C": 8.706734754569524, "epsilon": 3.251703459515778, "gamma": 0.01, "lamda": 1.0}, "datetime": {"datetime": "2021-06-21 20:09:27", "elapsed": 233.026878, "delta": 1.105045}}
{"target": -12.664342839481026, "params": {"C": 4.157855724588309, "epsilon": 8.726268414539755, "gamma": 0.01, "lamda": 0.5969559688886215}, "datetime": {"datetime": "2021-06-21 20:09:28", "elapsed": 233.994292, "delta": 0.967414}}
{"target": -11.90073678015014, "params": {"C": 9.298930386770133, "epsilon": 9.390096696296652, "gamma": 0.01, "lamda": 0.8506027287583645}, "datetime": {"datetime": "2021-06-21 20:09:29", "elapsed": 235.272872, "delta": 1.27858}}
{"target": -12.155550371562777, "params": {"C": 8.182490819831337, "epsilon": 2.32628594283406, "gamma": 0.01, "lamda": 0.6203378012010156}, "datetime": {"datetime": "2021-06-21 20:09:30", "elapsed": 236.356972, "delta": 1.0841}}
{"target": -12.717431034754586, "params": {"C": 3.3253857565213494, "epsilon": 9.573399903819407, "gamma": 0.01, "lamda": 0.48779645143241307}, "datetime": {"datetime": "2021-06-21 20:09:32", "elapsed": 237.666471, "delta": 1.309499}}
{"target": -11.796040464741383, "params": {"C": 7.670331302526941, "epsilon": 9.587964882252024, "gamma": 0.01, "lamda": 0.5571672739198186}, "datetime": {"datetime": "2021-06-21 20:09:33", "elapsed": 239.173443, "delta": 1.506972}}
{"target": -13.364432372527087, "params": {"C": 2.6960584013182336, "epsilon": 4.440065671717842, "gamma": 0.01, "lamda": 0.1}, "datetime": {"datetime": "2021-06-21 20:09:35", "elapsed": 240.581676, "delta": 1.408233}}
{"target": -14.96880465846476, "params": {"C": 1.0436651710606701, "epsilon": 9.13557516803487, "gamma": 0.01, "lamda": 0.1}, "datetime": {"datetime": "2021-06-21 20:09:36", "elapsed": 241.754541, "delta": 1.172865}}
{"target": -12.293037219550602, "params": {"C": 9.403193521185747, "epsilon": 0.001, "gamma": 0.01, "lamda": 0.1}, "datetime": {"datetime": "2021-06-21 20:09:37", "elapsed": 243.470952, "delta": 1.716411}}
{"target": -11.93930525562072, "params": {"C": 7.05231229982475, "epsilon": 7.438315932660042, "gamma": 0.01, "lamda": 0.1}, "datetime": {"datetime": "2021-06-21 20:09:39", "elapsed": 245.13949, "delta": 1.668538}}
{"target": -10.974796463977016, "params": {"C": 5.425391338553844, "epsilon": 2.9476242074606476, "gamma": 0.050010590621536816, "lamda": 0.6464283653343482}, "datetime": {"datetime": "2021-06-21 20:09:41", "elapsed": 246.809025, "delta": 1.669535}}
{"target": -12.011477281703735, "params": {"C": 6.101840542123406, "epsilon": 2.185823228563363, "gamma": 0.01713444465951384, "lamda": 0.7644988878972853}, "datetime": {"datetime": "2021-06-21 20:09:43", "elapsed": 248.749835, "delta": 1.94081}}
{"target": -11.946930629708499, "params": {"C": 9.457161503312555, "epsilon": 5.472375654455198, "gamma": 0.011002893249512882, "lamda": 0.27921960812271107}, "datetime": {"datetime": "2021-06-21 20:09:44", "elapsed": 249.961595, "delta": 1.21176}}
{"target": -12.160570939277275, "params": {"C": 10.0, "epsilon": 2.3640759452158346, "gamma": 0.01, "lamda": 0.5117185993321542}, "datetime": {"datetime": "2021-06-21 20:09:45", "elapsed": 251.308992, "delta": 1.347397}}
{"target": -11.842144653625637, "params": {"C": 9.56314324930825, "epsilon": 7.568182243458299, "gamma": 0.01, "lamda": 0.44525704592266796}, "datetime": {"datetime": "2021-06-21 20:09:47", "elapsed": 252.776068, "delta": 1.467076}}
{"target": -11.65500685064523, "params": {"C": 8.364342563752263, "epsilon": 8.970826070922625, "gamma": 0.01, "lamda": 0.1}, "datetime": {"datetime": "2021-06-21 20:09:48", "elapsed": 253.969876, "delta": 1.193808}}
{"target": -18.807229235843028, "params": {"C": 1.7024278075023875, "epsilon": 9.967914420983705, "gamma": 0.7404526622390665, "lamda": 0.10096974867086227}, "datetime": {"datetime": "2021-06-21 20:09:49", "elapsed": 255.126782, "delta": 1.156906}}
{"target": -13.439263174553965, "params": {"C": 1.911563807352035, "epsilon": 10.0, "gamma": 0.01, "lamda": 0.1}, "datetime": {"datetime": "2021-06-21 20:09:50", "elapsed": 256.117134, "delta": 0.990352}}
{"target": -13.345701406096758, "params": {"C": 3.559125371330373, "epsilon": 0.001, "gamma": 0.01, "lamda": 0.1}, "datetime": {"datetime": "2021-06-21 20:09:51", "elapsed": 257.266062, "delta": 1.148928}}
{"target": -10.822259568384393, "params": {"C": 6.324476660910206, "epsilon": 3.8061019838828494, "gamma": 0.04809880845682561, "lamda": 0.6687258854006204}, "datetime": {"datetime": "2021-06-21 20:09:53", "elapsed": 258.813925, "delta": 1.547863}}
{"target": -12.232741043084577, "params": {"C": 6.9414980421014, "epsilon": 3.561528247021098, "gamma": 0.01, "lamda": 0.1}, "datetime": {"datetime": "2021-06-21 20:09:54", "elapsed": 259.964845, "delta": 1.15092}}
{"target": -15.337831663555065, "params": {"C": 4.822728896205596, "epsilon": 3.292195692974031, "gamma": 0.4475275990331104, "lamda": 0.26772389560621423}, "datetime": {"datetime": "2021-06-21 20:09:55", "elapsed": 261.056924, "delta": 1.092079}}
{"target": -12.158748031691854, "params": {"C": 8.759950403607803, "epsilon": 1.9094348449407166, "gamma": 0.01, "lamda": 0.3574219818040367}, "datetime": {"datetime": "2021-06-21 20:09:56", "elapsed": 262.041292, "delta": 0.984368}}
{"target": -11.988268029327434, "params": {"C": 10.0, "epsilon": 4.4582264697389204, "gamma": 0.01, "lamda": 0.1}, "datetime": {"datetime": "2021-06-21 20:09:57", "elapsed": 263.067548, "delta": 1.026256}}
{"target": -12.992246761447548, "params": {"C": 3.4494551057183434, "epsilon": 7.654922069827708, "gamma": 0.01, "lamda": 1.0}, "datetime": {"datetime": "2021-06-21 20:09:58", "elapsed": 264.348126, "delta": 1.280578}}
{"target": -13.106500494836638, "params": {"C": 3.590331561908169, "epsilon": 3.181518461634123, "gamma": 0.01, "lamda": 0.5905640438772887}, "datetime": {"datetime": "2021-06-21 20:10:00", "elapsed": 265.600774, "delta": 1.252648}}
{"target": -12.017160818666667, "params": {"C": 9.375592778177856, "epsilon": 6.92224310369248, "gamma": 0.01, "lamda": 1.0}, "datetime": {"datetime": "2021-06-21 20:10:01", "elapsed": 266.724769, "delta": 1.123995}}
{"target": -12.091244820621554, "params": {"C": 9.226955150845205, "epsilon": 2.6974237472799216, "gamma": 0.01, "lamda": 0.1}, "datetime": {"datetime": "2021-06-21 20:10:02", "elapsed": 267.830811, "delta": 1.106042}}
{"target": -12.323305336491973, "params": {"C": 6.520951362698103, "epsilon": 6.394995764392073, "gamma": 0.01, "lamda": 1.0}, "datetime": {"datetime": "2021-06-21 20:10:03", "elapsed": 269.04257, "delta": 1.211759}}
{"target": -14.955040450533467, "params": {"C": 1.3461315950874613, "epsilon": 3.58837321029231, "gamma": 0.01, "lamda": 0.1}, "datetime": {"datetime": "2021-06-21 20:10:04", "elapsed": 270.237376, "delta": 1.194806}}
{"target": -13.371618153521142, "params": {"C": 2.4353709470103455, "epsilon": 6.129850128805484, "gamma": 0.01, "lamda": 0.1}, "datetime": {"datetime": "2021-06-21 20:10:06", "elapsed": 272.077459, "delta": 1.840083}}
{"target": -12.697642107524523, "params": {"C": 3.227576244228756, "epsilon": 8.274600377744994, "gamma": 0.01, "lamda": 0.1}, "datetime": {"datetime": "2021-06-21 20:10:07", "elapsed": 273.06681, "delta": 0.989351}}
{"target": -11.979067522601824, "params": {"C": 8.256561006386642, "epsilon": 8.50058888158915, "gamma": 0.01, "lamda": 1.0}, "datetime": {"datetime": "2021-06-21 20:10:08", "elapsed": 274.291536, "delta": 1.224726}}
{"target": -12.058323458761834, "params": {"C": 6.619351417787264, "epsilon": 10.0, "gamma": 0.01, "lamda": 0.6311285939377119}, "datetime": {"datetime": "2021-06-21 20:10:09", "elapsed": 275.420516, "delta": 1.12898}}
{"target": -15.81565455800483, "params": {"C": 1.1120161242493907, "epsilon": 1.8577919227235349, "gamma": 0.01, "lamda": 1.0}, "datetime": {"datetime": "2021-06-21 20:10:11", "elapsed": 276.74996, "delta": 1.329444}}
{"target": -12.260854319464952, "params": {"C": 10.0, "epsilon": 0.7549614067161347, "gamma": 0.01, "lamda": 1.0}, "datetime": {"datetime": "2021-06-21 20:10:12", "elapsed": 277.975683, "delta": 1.225723}}
{"target": -12.408499213382953, "params": {"C": 6.543943776014805, "epsilon": 3.743355597894882, "gamma": 0.01, "lamda": 1.0}, "datetime": {"datetime": "2021-06-21 20:10:13", "elapsed": 279.049811, "delta": 1.074128}}
{"target": -12.185992869131061, "params": {"C": 10.0, "epsilon": 2.8788738695727725, "gamma": 0.01, "lamda": 1.0}, "datetime": {"datetime": "2021-06-21 20:10:14", "elapsed": 280.164829, "delta": 1.115018}}
{"target": -16.39273479595388, "params": {"C": 6.946670736909189, "epsilon": 2.750294325981352, "gamma": 0.5685548824123834, "lamda": 1.0}, "datetime": {"datetime": "2021-06-21 20:10:15", "elapsed": 281.185101, "delta": 1.020272}}
{"target": -15.462573180294173, "params": {"C": 8.277400535339606, "epsilon": 3.793325891662729, "gamma": 0.4956274049955528, "lamda": 0.1}, "datetime": {"datetime": "2021-06-21 20:10:17", "elapsed": 282.497592, "delta": 1.312491}}
{"target": -12.929863534509344, "params": {"C": 5.145839449684062, "epsilon": 0.001, "gamma": 0.01, "lamda": 0.1}, "datetime": {"datetime": "2021-06-21 20:10:18", "elapsed": 283.764204, "delta": 1.266612}}
{"target": -12.202470561355938, "params": {"C": 8.53743432501017, "epsilon": 1.9028543709943022, "gamma": 0.01, "lamda": 1.0}, "datetime": {"datetime": "2021-06-21 20:10:19", "elapsed": 285.067718, "delta": 1.303514}}
{"target": -12.360751981479554, "params": {"C": 7.240959429905306, "epsilon": 0.5087606907612673, "gamma": 0.01, "lamda": 0.1}, "datetime": {"datetime": "2021-06-21 20:10:20", "elapsed": 286.178748, "delta": 1.11103}}
{"target": -11.714989753815496, "params": {"C": 5.318265487751946, "epsilon": 4.159831742913603, "gamma": 0.02208952901564602, "lamda": 0.5729680487284983}, "datetime": {"datetime": "2021-06-21 20:10:22", "elapsed": 287.856262, "delta": 1.677514}}
{"target": -11.952786894166389, "params": {"C": 8.29028301724516, "epsilon": 9.371266879323898, "gamma": 0.01, "lamda": 1.0}, "datetime": {"datetime": "2021-06-21 20:10:23", "elapsed": 289.111905, "delta": 1.255643}}
{"target": -12.310210009581098, "params": {"C": 6.429755977252982, "epsilon": 4.586313619972483, "gamma": 0.01, "lamda": 0.5075916633249243}, "datetime": {"datetime": "2021-06-21 20:10:25", "elapsed": 291.098593, "delta": 1.986688}}
{"target": -12.248008282192627, "params": {"C": 7.31836250984232, "epsilon": 2.004514566242126, "gamma": 0.01, "lamda": 0.5919989275571488}, "datetime": {"datetime": "2021-06-21 20:10:27", "elapsed": 292.709284, "delta": 1.610691}}
{"target": -12.472163794212317, "params": {"C": 5.849906989307511, "epsilon": 3.524162447129083, "gamma": 0.01, "lamda": 0.48643136284087746}, "datetime": {"datetime": "2021-06-21 20:10:28", "elapsed": 293.87018, "delta": 1.160896}}
{"target": -14.608929310864132, "params": {"C": 1.6191936018294282, "epsilon": 1.8416621612172754, "gamma": 0.01, "lamda": 0.1}, "datetime": {"datetime": "2021-06-21 20:10:29", "elapsed": 295.438985, "delta": 1.568805}}
{"target": -13.53584187968329, "params": {"C": 2.6254164506936797, "epsilon": 3.660438806328411, "gamma": 0.01, "lamda": 0.47539552757308884}, "datetime": {"datetime": "2021-06-21 20:10:31", "elapsed": 297.286047, "delta": 1.847062}}
{"target": -12.458349856601236, "params": {"C": 2.022804353222995, "epsilon": 7.253387428245434, "gamma": 0.027161270061403744, "lamda": 0.7361472727592865}, "datetime": {"datetime": "2021-06-21 20:10:33", "elapsed": 299.369475, "delta": 2.083428}}
{"target": -11.69840693425694, "params": {"C": 9.194113880870201, "epsilon": 8.310215632871646, "gamma": 0.01, "lamda": 0.1}, "datetime": {"datetime": "2021-06-21 20:10:36", "elapsed": 301.781027, "delta": 2.411552}}
{"target": -12.713915704413878, "params": {"C": 1.603499653844241, "epsilon": 9.46259583373767, "gamma": 0.020980955648108077, "lamda": 0.8465473452064305}, "datetime": {"datetime": "2021-06-21 20:10:38", "elapsed": 303.657011, "delta": 1.875984}}
{"target": -12.295617000462881, "params": {"C": 8.033114789849998, "epsilon": 0.001, "gamma": 0.01, "lamda": 0.1}, "datetime": {"datetime": "2021-06-21 20:10:40", "elapsed": 306.266033, "delta": 2.609022}}
{"target": -11.71322608989554, "params": {"C": 7.795321281919632, "epsilon": 8.130378510027507, "gamma": 0.01, "lamda": 0.1}, "datetime": {"datetime": "2021-06-21 20:10:42", "elapsed": 307.952524, "delta": 1.686491}}
{"target": -12.734544783187198, "params": {"C": 4.661148125324677, "epsilon": 4.733722390393825, "gamma": 0.01, "lamda": 0.6452300823370608}, "datetime": {"datetime": "2021-06-21 20:10:44", "elapsed": 309.549255, "delta": 1.596731}}
{"target": -12.434004525667303, "params": {"C": 4.983576868294127, "epsilon": 6.063905724734779, "gamma": 0.01, "lamda": 0.1}, "datetime": {"datetime": "2021-06-21 20:10:46", "elapsed": 311.495052, "delta": 1.945797}}
