{"target": -88.2051814236677, "params": {"C": 5.789693898816651, "epsilon": 6.701844211881123, "gamma": 0.050463178311428436, "lamda": 0.32220279946308983}, "datetime": {"datetime": "2021-06-28 12:44:42", "elapsed": 560.862319, "delta": 13.831597}}
{"target": -84.26753692892586, "params": {"C": 5.725768962231707, "epsilon": 6.053227793257917, "gamma": 0.024472211329307346, "lamda": 0.2605060134536625}, "datetime": {"datetime": "2021-06-28 12:44:53", "elapsed": 571.868067, "delta": 11.005748}}
{"target": -10.806906816980911, "params": {"C": 5.814829550915898, "epsilon": 6.628096988547014, "gamma": 0.04241523349800022, "lamda": 0.07862905563053497}, "datetime": {"datetime": "2021-06-28 12:44:55", "elapsed": 573.160078, "delta": 1.292011}}
{"target": -96.87386689014971, "params": {"C": 6.257455377407787, "epsilon": 6.749481922152976, "gamma": 0.030672115178927394, "lamda": 0.3903219566750144}, "datetime": {"datetime": "2021-06-28 12:45:07", "elapsed": 585.977321, "delta": 12.817243}}
{"target": -11.404782429073112, "params": {"C": 5.21991701976744, "epsilon": 6.800499186693558, "gamma": 0.027867405756984272, "lamda": 0.07717597689762412}, "datetime": {"datetime": "2021-06-28 12:45:08", "elapsed": 587.023064, "delta": 1.045743}}
{"target": -11.049396433789708, "params": {"C": 6.06840797917034, "epsilon": 6.267211425686418, "gamma": 0.034814191722926456, "lamda": 0.07493325852872312}, "datetime": {"datetime": "2021-06-28 12:45:10", "elapsed": 588.258327, "delta": 1.235263}}
{"target": -11.015881500285355, "params": {"C": 6.06278546349408, "epsilon": 6.264583985015986, "gamma": 0.035908549240284214, "lamda": 0.07910261411241956}, "datetime": {"datetime": "2021-06-28 12:45:11", "elapsed": 589.756418, "delta": 1.498091}}
{"target": -11.428670988494105, "params": {"C": 6.310573654905422, "epsilon": 6.883859475605872, "gamma": 0.024740329534574078, "lamda": 0.01645452052968776}, "datetime": {"datetime": "2021-06-28 12:45:12", "elapsed": 591.05807, "delta": 1.301652}}
{"target": -95.26024073455307, "params": {"C": 5.971989718693145, "epsilon": 6.685657608350632, "gamma": 0.033824035776235536, "lamda": 0.3461356923208905}, "datetime": {"datetime": "2021-06-28 12:45:23", "elapsed": 601.665217, "delta": 10.607147}}
{"target": -10.549670799737546, "params": {"C": 6.412243135577384, "epsilon": 6.592634903989837, "gamma": 0.05262840764023817, "lamda": 0.06484263512370557}, "datetime": {"datetime": "2021-06-28 12:45:24", "elapsed": 602.808687, "delta": 1.14347}}
{"target": -11.049067010016204, "params": {"C": 5.5152256849658245, "epsilon": 6.94587756532391, "gamma": 0.036561661736698524, "lamda": 0.12430693092113544}, "datetime": {"datetime": "2021-06-28 12:45:25", "elapsed": 603.677349, "delta": 0.868662}}
{"target": -11.481930147889747, "params": {"C": 5.527587537583723, "epsilon": 6.411817202260458, "gamma": 0.021632602840264234, "lamda": 0.0965698619218948}, "datetime": {"datetime": "2021-06-28 12:45:26", "elapsed": 604.770633, "delta": 1.093284}}
{"target": -10.882120291342774, "params": {"C": 5.415544549720881, "epsilon": 6.389578274933542, "gamma": 0.04397575267892144, "lamda": 0.057421956442961934}, "datetime": {"datetime": "2021-06-28 12:45:27", "elapsed": 605.681484, "delta": 0.910851}}
{"target": -11.496327642687653, "params": {"C": 5.399900413780719, "epsilon": 6.10692337892254, "gamma": 0.02206430587220872, "lamda": 0.08809474530031099}, "datetime": {"datetime": "2021-06-28 12:45:28", "elapsed": 606.598408, "delta": 0.916924}}
{"target": -10.968217129735768, "params": {"C": 5.814805966058254, "epsilon": 6.62839191631353, "gamma": 0.03822778451082722, "lamda": 0.0797647858677709}, "datetime": {"datetime": "2021-06-28 12:45:29", "elapsed": 607.821874, "delta": 1.223466}}
{"target": -93.02130947396297, "params": {"C": 5.7402429397814405, "epsilon": 6.0711704479428725, "gamma": 0.03950140079238688, "lamda": 0.26071606132987857}, "datetime": {"datetime": "2021-06-28 12:45:36", "elapsed": 614.517158, "delta": 6.695284}}
{"target": -10.703576939876218, "params": {"C": 5.4158928785709985, "epsilon": 6.114623373125481, "gamma": 0.049960738814694525, "lamda": 0.05383049708896299}, "datetime": {"datetime": "2021-06-28 12:45:37", "elapsed": 615.482547, "delta": 0.965389}}
{"target": -91.10833729049943, "params": {"C": 6.15783700033235, "epsilon": 6.528950953243886, "gamma": 0.036839790995242844, "lamda": 0.24109560373755276}, "datetime": {"datetime": "2021-06-28 12:45:44", "elapsed": 622.363566, "delta": 6.881019}}
{"target": -11.162902731609652, "params": {"C": 5.415529244363389, "epsilon": 6.396572317745988, "gamma": 0.03593058227242662, "lamda": 0.055641624023092744}, "datetime": {"datetime": "2021-06-28 12:45:45", "elapsed": 623.554413, "delta": 1.190847}}
{"target": -93.56997244065283, "params": {"C": 5.499689814985099, "epsilon": 6.370529043769897, "gamma": 0.038690066185851364, "lamda": 0.2221642293504082}, "datetime": {"datetime": "2021-06-28 12:45:56", "elapsed": 634.54496, "delta": 10.990547}}
{"target": -11.128316959566414, "params": {"C": 5.218590353790008, "epsilon": 6.801133326687993, "gamma": 0.03635395408848758, "lamda": 0.07953291364427717}, "datetime": {"datetime": "2021-06-28 12:45:57", "elapsed": 635.546674, "delta": 1.001714}}
{"target": -87.43392266081568, "params": {"C": 5.579796037326028, "epsilon": 6.661317591572786, "gamma": 0.028316389495193148, "lamda": 0.3081851382318214}, "datetime": {"datetime": "2021-06-28 12:46:07", "elapsed": 645.950973, "delta": 10.404299}}
{"target": -11.458563459713115, "params": {"C": 6.47026948444249, "epsilon": 6.420948883734239, "gamma": 0.0208241203750915, "lamda": 0.06775253186995632}, "datetime": {"datetime": "2021-06-28 12:46:08", "elapsed": 646.913974, "delta": 0.963001}}
{"target": -11.552788212328979, "params": {"C": 5.6292660968635975, "epsilon": 6.5617772037854145, "gamma": 0.020204589876282146, "lamda": 0.0895694251000756}, "datetime": {"datetime": "2021-06-28 12:46:09", "elapsed": 647.833753, "delta": 0.919779}}
{"target": -86.14305172358885, "params": {"C": 5.969757780916115, "epsilon": 6.0552803644422335, "gamma": 0.024873678533926698, "lamda": 0.35060651880034593}, "datetime": {"datetime": "2021-06-28 12:46:19", "elapsed": 658.083486, "delta": 10.249733}}
{"target": -92.27521357574349, "params": {"C": 5.478887811179732, "epsilon": 6.087677502353493, "gamma": 0.05805752419295171, "lamda": 0.3693446794508997}, "datetime": {"datetime": "2021-06-28 12:46:30", "elapsed": 668.965422, "delta": 10.881936}}
{"target": -10.833473723384374, "params": {"C": 6.074922491126783, "epsilon": 6.27745915140292, "gamma": 0.04096452709065329, "lamda": 0.07307651384051589}, "datetime": {"datetime": "2021-06-28 12:46:31", "elapsed": 669.955073, "delta": 0.989651}}
{"target": -91.35302389849326, "params": {"C": 5.330553825253398, "epsilon": 6.571717993459236, "gamma": 0.05391648222731861, "lamda": 0.11250838742694279}, "datetime": {"datetime": "2021-06-28 12:46:43", "elapsed": 681.413227, "delta": 11.458154}}
{"target": -10.755069587363712, "params": {"C": 5.425453888938167, "epsilon": 6.108193720336895, "gamma": 0.04875334838416745, "lamda": 0.05617100911129783}, "datetime": {"datetime": "2021-06-28 12:46:44", "elapsed": 682.746709, "delta": 1.333482}}
{"target": -11.368051425568106, "params": {"C": 6.088358862958794, "epsilon": 6.275355204921344, "gamma": 0.02555869292887666, "lamda": 0.06482529674161967}, "datetime": {"datetime": "2021-06-28 12:46:45", "elapsed": 683.946969, "delta": 1.20026}}
{"target": -11.433634006472163, "params": {"C": 5.300927656490953, "epsilon": 6.875933027914124, "gamma": 0.022690397898851335, "lamda": 0.24997521268357634}, "datetime": {"datetime": "2021-06-28 12:46:46", "elapsed": 685.049965, "delta": 1.102996}}
{"target": -10.755407809003726, "params": {"C": 6.160763319178356, "epsilon": 6.0975649080477945, "gamma": 0.04326205176951285, "lamda": 0.06968724743139451}, "datetime": {"datetime": "2021-06-28 12:46:47", "elapsed": 686.127908, "delta": 1.077943}}
{"target": -90.86394336555973, "params": {"C": 6.263563567407032, "epsilon": 6.811691169457418, "gamma": 0.059282454600623355, "lamda": 0.16179180065971002}, "datetime": {"datetime": "2021-06-28 12:46:59", "elapsed": 697.605095, "delta": 11.477187}}
{"target": -91.11030041463934, "params": {"C": 6.373092274486843, "epsilon": 6.228841199089855, "gamma": 0.05841266144346753, "lamda": 0.15768726773277097}, "datetime": {"datetime": "2021-06-28 12:47:11", "elapsed": 709.184281, "delta": 11.579186}}
{"target": -11.589092335264036, "params": {"C": 5.480571789242902, "epsilon": 6.66502581600623, "gamma": 0.020265280667318156, "lamda": 0.04046512398726782}, "datetime": {"datetime": "2021-06-28 12:47:12", "elapsed": 710.172432, "delta": 0.988151}}
{"target": -10.616108481008832, "params": {"C": 5.4258212757413045, "epsilon": 6.103167352721834, "gamma": 0.05779384339317384, "lamda": 0.06408875918881377}, "datetime": {"datetime": "2021-06-28 12:47:12", "elapsed": 711.121545, "delta": 0.949113}}
{"target": -94.59542597621035, "params": {"C": 5.600967912773301, "epsilon": 6.110151543765344, "gamma": 0.059565404115053094, "lamda": 0.21409174005637677}, "datetime": {"datetime": "2021-06-28 12:47:23", "elapsed": 722.040095, "delta": 10.91855}}
{"target": -11.133508749775988, "params": {"C": 5.5084223073804734, "epsilon": 6.93881682983999, "gamma": 0.033942049210327147, "lamda": 0.12435812781026308}, "datetime": {"datetime": "2021-06-28 12:47:24", "elapsed": 723.092995, "delta": 1.0529}}
{"target": -93.19636572254574, "params": {"C": 5.280500906001831, "epsilon": 6.48122179561338, "gamma": 0.04107691014759722, "lamda": 0.2915007523633546}, "datetime": {"datetime": "2021-06-28 12:47:35", "elapsed": 734.008243, "delta": 10.915248}}
{"target": -10.988893647435368, "params": {"C": 6.206455508846146, "epsilon": 6.315494692058237, "gamma": 0.035919949438427724, "lamda": 0.11708307274508767}, "datetime": {"datetime": "2021-06-28 12:47:36", "elapsed": 735.114099, "delta": 1.105856}}
{"target": -11.080292214008374, "params": {"C": 5.073555498656038, "epsilon": 6.696995283624329, "gamma": 0.04001285421789903, "lamda": 0.03848970436487725}, "datetime": {"datetime": "2021-06-28 12:47:37", "elapsed": 736.05772, "delta": 0.943621}}
{"target": -11.464455568296982, "params": {"C": 5.598718951552108, "epsilon": 6.988769654817959, "gamma": 0.02121323860001738, "lamda": 0.11708171328975919}, "datetime": {"datetime": "2021-06-28 12:47:38", "elapsed": 737.091991, "delta": 1.034271}}
{"target": -92.52675385664875, "params": {"C": 6.18632270174023, "epsilon": 6.01007460012389, "gamma": 0.04863329186306271, "lamda": 0.2750483232804471}, "datetime": {"datetime": "2021-06-28 12:47:49", "elapsed": 747.984024, "delta": 10.892033}}
{"target": -11.059888128618237, "params": {"C": 5.526182403597026, "epsilon": 6.9373606712007065, "gamma": 0.03616563663224558, "lamda": 0.12684355327938795}, "datetime": {"datetime": "2021-06-28 12:47:50", "elapsed": 748.882697, "delta": 0.898673}}
{"target": -10.769236396022464, "params": {"C": 6.160606724731494, "epsilon": 6.09765527735121, "gamma": 0.04290369096597064, "lamda": 0.06944897929203526}, "datetime": {"datetime": "2021-06-28 12:47:51", "elapsed": 749.953263, "delta": 1.070566}}
{"target": -11.005286005414982, "params": {"C": 6.206883249242231, "epsilon": 6.314231442535312, "gamma": 0.03548205886899628, "lamda": 0.11429030749036104}, "datetime": {"datetime": "2021-06-28 12:47:52", "elapsed": 751.115948, "delta": 1.162685}}
{"target": -89.52313604850791, "params": {"C": 5.875214281377136, "epsilon": 6.166483700443267, "gamma": 0.028379543695930893, "lamda": 0.34566006779632025}, "datetime": {"datetime": "2021-06-28 12:48:03", "elapsed": 761.843821, "delta": 10.727873}}
{"target": -91.03828718170361, "params": {"C": 5.421638931476003, "epsilon": 6.870042775069052, "gamma": 0.05985748850779389, "lamda": 0.2434584371559146}, "datetime": {"datetime": "2021-06-28 12:48:14", "elapsed": 773.048051, "delta": 11.20423}}
{"target": -11.212724689431814, "params": {"C": 5.896685040703041, "epsilon": 6.903849554390227, "gamma": 0.02913372614836691, "lamda": 0.055125642737766}, "datetime": {"datetime": "2021-06-28 12:48:15", "elapsed": 774.062251, "delta": 1.0142}}
{"target": -11.360506255247445, "params": {"C": 5.280421171523644, "epsilon": 6.405919072339254, "gamma": 0.028847874507835033, "lamda": 0.1860271504362136}, "datetime": {"datetime": "2021-06-28 12:48:16", "elapsed": 775.083243, "delta": 1.020992}}
{"target": -10.657144861609632, "params": {"C": 5.578220790799055, "epsilon": 6.4536542663274306, "gamma": 0.05132043836215251, "lamda": 0.09908497461994706}, "datetime": {"datetime": "2021-06-28 12:48:17", "elapsed": 776.118903, "delta": 1.03566}}
{"target": -11.234458880215984, "params": {"C": 6.214554165549402, "epsilon": 6.153871053499133, "gamma": 0.02847019296649334, "lamda": 0.06301885679391887}, "datetime": {"datetime": "2021-06-28 12:48:19", "elapsed": 777.258947, "delta": 1.140044}}
{"target": -11.202126189959953, "params": {"C": 5.209251571796577, "epsilon": 6.8099055251904925, "gamma": 0.034396686822641416, "lamda": 0.075960596302091}, "datetime": {"datetime": "2021-06-28 12:48:20", "elapsed": 778.418238, "delta": 1.159291}}
{"target": -11.021402813821654, "params": {"C": 5.8151758309824215, "epsilon": 6.628815013510214, "gamma": 0.03600272161445286, "lamda": 0.07979350576170575}, "datetime": {"datetime": "2021-06-28 12:48:21", "elapsed": 779.861429, "delta": 1.443191}}
{"target": -11.59791829095802, "params": {"C": 5.480249852579508, "epsilon": 6.665013525824139, "gamma": 0.020354123959517387, "lamda": 0.040820976650548554}, "datetime": {"datetime": "2021-06-28 12:48:23", "elapsed": 781.21836, "delta": 1.356931}}
{"target": -10.56235027635882, "params": {"C": 6.279185179735573, "epsilon": 6.785069141903991, "gamma": 0.0473533741072682, "lamda": 0.04391458088594603}, "datetime": {"datetime": "2021-06-28 12:48:24", "elapsed": 782.34036, "delta": 1.122}}
{"target": -11.526377787818284, "params": {"C": 5.291745537918422, "epsilon": 6.876546427504888, "gamma": 0.021156938275118976, "lamda": 0.2467107815937666}, "datetime": {"datetime": "2021-06-28 12:48:25", "elapsed": 783.706351, "delta": 1.365991}}
{"target": -11.281274864629705, "params": {"C": 6.2119773904528115, "epsilon": 6.158455122653062, "gamma": 0.027377872208274423, "lamda": 0.06053419367160945}, "datetime": {"datetime": "2021-06-28 12:48:26", "elapsed": 784.92835, "delta": 1.221999}}
{"target": -11.055991997050667, "params": {"C": 6.3629650525763415, "epsilon": 6.780980182303255, "gamma": 0.03245920168107771, "lamda": 0.08708512784038697}, "datetime": {"datetime": "2021-06-28 12:48:27", "elapsed": 786.024172, "delta": 1.095822}}
{"target": -10.936113731901827, "params": {"C": 5.425465067788496, "epsilon": 6.106123428159376, "gamma": 0.04292389456137464, "lamda": 0.06106383836627422}, "datetime": {"datetime": "2021-06-28 12:48:29", "elapsed": 787.212523, "delta": 1.188351}}
{"target": -95.55315460186412, "params": {"C": 5.908366999168646, "epsilon": 6.599570656465522, "gamma": 0.05129030289646494, "lamda": 0.3946701461778735}, "datetime": {"datetime": "2021-06-28 12:48:39", "elapsed": 798.036684, "delta": 10.824161}}
{"target": -11.447622402364246, "params": {"C": 5.52448802841026, "epsilon": 6.413027794399617, "gamma": 0.022524873020395613, "lamda": 0.09193929788780925}, "datetime": {"datetime": "2021-06-28 12:48:41", "elapsed": 799.33512, "delta": 1.298436}}
{"target": -97.67861927876204, "params": {"C": 6.079068360146678, "epsilon": 6.271780829637968, "gamma": 0.03546862563436862, "lamda": 0.35379432238574665}, "datetime": {"datetime": "2021-06-28 12:48:51", "elapsed": 809.906571, "delta": 10.571451}}
{"target": -11.47086603773657, "params": {"C": 5.1156908078941905, "epsilon": 6.15852837068492, "gamma": 0.02744093770189488, "lamda": 0.15372362942795165}, "datetime": {"datetime": "2021-06-28 12:48:52", "elapsed": 810.946708, "delta": 1.040137}}
{"target": -10.64366182977408, "params": {"C": 6.075360006125242, "epsilon": 6.252960828092543, "gamma": 0.04579030612353288, "lamda": 0.06449230780898192}, "datetime": {"datetime": "2021-06-28 12:48:53", "elapsed": 812.053074, "delta": 1.106366}}
{"target": -11.078280680358514, "params": {"C": 6.062567969817949, "epsilon": 6.253193275914212, "gamma": 0.03375495808529254, "lamda": 0.08022336993060245}, "datetime": {"datetime": "2021-06-28 12:48:55", "elapsed": 813.236845, "delta": 1.183771}}
{"target": -11.150933582048362, "params": {"C": 5.543343139786221, "epsilon": 6.899266387910768, "gamma": 0.03508303327176087, "lamda": 0.13421133410264685}, "datetime": {"datetime": "2021-06-28 12:48:56", "elapsed": 814.56899, "delta": 1.332145}}
{"target": -10.726969666012469, "params": {"C": 6.148255587140472, "epsilon": 6.576726916745688, "gamma": 0.04324040855247013, "lamda": 0.052253094799683396}, "datetime": {"datetime": "2021-06-28 12:48:57", "elapsed": 815.620062, "delta": 1.051072}}
{"target": -11.145365704603655, "params": {"C": 5.210745945952271, "epsilon": 6.810685097299542, "gamma": 0.03596090474042294, "lamda": 0.07638762198948112}, "datetime": {"datetime": "2021-06-28 12:48:58", "elapsed": 817.010798, "delta": 1.390736}}
{"target": -10.705881548785916, "params": {"C": 5.41975727683392, "epsilon": 6.106442321005249, "gamma": 0.0528331601771409, "lamda": 0.06599724792729539}, "datetime": {"datetime": "2021-06-28 12:48:59", "elapsed": 818.023241, "delta": 1.012443}}
{"target": -96.02641353853421, "params": {"C": 5.427773126436188, "epsilon": 6.452459399061777, "gamma": 0.04108178285884618, "lamda": 0.3802762973945042}, "datetime": {"datetime": "2021-06-28 12:49:10", "elapsed": 828.937976, "delta": 10.914735}}
{"target": -11.272866914122211, "params": {"C": 6.216903984398136, "epsilon": 6.161639463902241, "gamma": 0.027853206631648256, "lamda": 0.062357089876836455}, "datetime": {"datetime": "2021-06-28 12:49:11", "elapsed": 829.975725, "delta": 1.037749}}
{"target": -11.140896290704942, "params": {"C": 5.205129697368084, "epsilon": 6.802986779864593, "gamma": 0.03739488580024855, "lamda": 0.0771869217527642}, "datetime": {"datetime": "2021-06-28 12:49:12", "elapsed": 830.959726, "delta": 0.984001}}
{"target": -11.430420267282862, "params": {"C": 5.260149585696558, "epsilon": 6.873256681609223, "gamma": 0.024292861512513086, "lamda": 0.18336387145010483}, "datetime": {"datetime": "2021-06-28 12:49:14", "elapsed": 832.253687, "delta": 1.293961}}
{"target": -89.57398970721655, "params": {"C": 5.048818486804349, "epsilon": 6.36742428979507, "gamma": 0.04614661927766482, "lamda": 0.32131668426712595}, "datetime": {"datetime": "2021-06-28 12:49:25", "elapsed": 843.469113, "delta": 11.215426}}
{"target": -10.72340563664423, "params": {"C": 6.145861213021771, "epsilon": 6.57687544986865, "gamma": 0.04334762547367462, "lamda": 0.05876447424617763}, "datetime": {"datetime": "2021-06-28 12:49:26", "elapsed": 844.758889, "delta": 1.289776}}
{"target": -10.93126516250202, "params": {"C": 5.9756340665930985, "epsilon": 6.137075134229758, "gamma": 0.03883426152069256, "lamda": 0.10015170667552477}, "datetime": {"datetime": "2021-06-28 12:49:27", "elapsed": 845.947674, "delta": 1.188785}}
{"target": -10.715413015835992, "params": {"C": 5.071087608111125, "epsilon": 6.358311329316433, "gamma": 0.05457976060100546, "lamda": 0.11129997125173616}, "datetime": {"datetime": "2021-06-28 12:49:28", "elapsed": 847.018429, "delta": 1.070755}}
{"target": -11.235670125502894, "params": {"C": 5.501491282845445, "epsilon": 6.380940568381656, "gamma": 0.03091875506111394, "lamda": 0.22362477817244455}, "datetime": {"datetime": "2021-06-28 12:49:29", "elapsed": 848.116691, "delta": 1.098262}}
{"target": -10.975105390884288, "params": {"C": 6.42002724140345, "epsilon": 6.324123298150969, "gamma": 0.03552156766294741, "lamda": 0.04641982090381585}, "datetime": {"datetime": "2021-06-28 12:49:31", "elapsed": 849.222145, "delta": 1.105454}}
{"target": -11.125638772199173, "params": {"C": 5.73951654051253, "epsilon": 6.565735547510246, "gamma": 0.033339896164761705, "lamda": 0.02335441489968347}, "datetime": {"datetime": "2021-06-28 12:49:32", "elapsed": 850.363179, "delta": 1.141034}}
{"target": -11.049318342355104, "params": {"C": 5.566289957199306, "epsilon": 6.849984780563524, "gamma": 0.03639747067749172, "lamda": 0.1450958556138734}, "datetime": {"datetime": "2021-06-28 12:49:33", "elapsed": 851.561097, "delta": 1.197918}}
{"target": -11.512283846606316, "params": {"C": 5.293444697332047, "epsilon": 6.876268752060659, "gamma": 0.021377866292690322, "lamda": 0.24797154379478284}, "datetime": {"datetime": "2021-06-28 12:49:34", "elapsed": 853.082967, "delta": 1.52187}}
{"target": -11.073457930782105, "params": {"C": 5.316328844273249, "epsilon": 6.257554062902701, "gamma": 0.03913603463392221, "lamda": 0.026897991179546117}, "datetime": {"datetime": "2021-06-28 12:49:36", "elapsed": 854.283727, "delta": 1.20076}}
{"target": -11.352011773993013, "params": {"C": 5.741128837463061, "epsilon": 6.97567762677817, "gamma": 0.02684638017914163, "lamda": 0.1448538192085009}, "datetime": {"datetime": "2021-06-28 12:49:37", "elapsed": 855.586104, "delta": 1.302377}}
{"target": -10.625383449082298, "params": {"C": 5.4280380213174455, "epsilon": 6.103528205159808, "gamma": 0.0559431373468225, "lamda": 0.05414186990244661}, "datetime": {"datetime": "2021-06-28 12:49:39", "elapsed": 857.30349, "delta": 1.717386}}
{"target": -11.14858252527509, "params": {"C": 5.415241310608035, "epsilon": 6.397326117307458, "gamma": 0.0354297437396772, "lamda": 0.05546254450239882}, "datetime": {"datetime": "2021-06-28 12:49:40", "elapsed": 858.544235, "delta": 1.240745}}
{"target": -96.16692609604348, "params": {"C": 5.402181910792834, "epsilon": 6.814521435919402, "gamma": 0.04123289504649, "lamda": 0.2913423496671763}, "datetime": {"datetime": "2021-06-28 12:49:52", "elapsed": 870.335568, "delta": 11.791333}}
