{"target": -19.541838368924882, "params": {"C": 17.072243358176888, "epsilon": 10.558449197171244, "gamma": 0.4470216092568004, "lamda": 0.37900311697541245}, "datetime": {"datetime": "2021-06-28 19:25:01", "elapsed": 2814.134016, "delta": 2.577334}}
{"target": -81.80685325443689, "params": {"C": 32.08511002351287, "epsilon": 12.20324493442158, "gamma": 0.010004574992693796, "lamda": 0.02209330290527359}, "datetime": {"datetime": "2021-06-28 19:35:13", "elapsed": 0.0, "delta": 0.0}}
{"target": -95.67600929940406, "params": {"C": 30.733779454085564, "epsilon": 5.9233859476879775, "gamma": 0.017450408455106835, "lamda": 0.02382242908172191}, "datetime": {"datetime": "2021-06-28 19:35:20", "elapsed": 6.366092, "delta": 6.366092}}
{"target": -92.8639064088198, "params": {"C": 31.98383737115335, "epsilon": 10.388167340033569, "gamma": 0.026767780576131793, "lamda": 0.037408780015870384}, "datetime": {"datetime": "2021-06-28 19:35:26", "elapsed": 12.344706, "delta": 5.978614}}
{"target": -97.28256562664143, "params": {"C": 30.038599279920604, "epsilon": 6.6186093421269625, "gamma": 0.03837476136679994, "lamda": 0.040589474359664035}, "datetime": {"datetime": "2021-06-28 19:35:32", "elapsed": 18.748292, "delta": 6.403586}}
{"target": -79.97469344386403, "params": {"C": 32.15775350854852, "epsilon": 13.429200715629452, "gamma": 0.01, "lamda": 0.011817660830634902}, "datetime": {"datetime": "2021-06-28 19:35:39", "elapsed": 25.193373, "delta": 6.445081}}
{"target": -83.92303489944675, "params": {"C": 35.0, "epsilon": 13.602961892942368, "gamma": 0.01, "lamda": 0.05}, "datetime": {"datetime": "2021-06-28 19:35:45", "elapsed": 31.430423, "delta": 6.23705}}
{"target": -91.16681502190667, "params": {"C": 30.0, "epsilon": 15.0, "gamma": 0.05, "lamda": 0.05}, "datetime": {"datetime": "2021-06-28 19:35:53", "elapsed": 39.500533, "delta": 8.07011}}
{"target": -93.74067124307706, "params": {"C": 33.47125125043694, "epsilon": 15.0, "gamma": 0.05, "lamda": 0.05}, "datetime": {"datetime": "2021-06-28 19:36:00", "elapsed": 47.002621, "delta": 7.502088}}
{"target": -11.342650922482092, "params": {"C": 33.43380086189214, "epsilon": 12.667655560054229, "gamma": 0.01, "lamda": 0.01}, "datetime": {"datetime": "2021-06-28 19:36:01", "elapsed": 47.640632, "delta": 0.638011}}
{"target": -77.35574084362518, "params": {"C": 33.70891511588318, "epsilon": 12.38748176475993, "gamma": 0.01, "lamda": 0.01}, "datetime": {"datetime": "2021-06-28 19:36:07", "elapsed": 53.607699, "delta": 5.967067}}
{"target": -97.49920124314556, "params": {"C": 31.62437880699506, "epsilon": 11.35781416185794, "gamma": 0.02602020437443671, "lamda": 0.04006219199658418}, "datetime": {"datetime": "2021-06-28 19:36:13", "elapsed": 59.703761, "delta": 6.096062}}
{"target": -105.03685306257779, "params": {"C": 31.52955610335222, "epsilon": 11.766533040130266, "gamma": 0.032055269130999216, "lamda": 0.022634306714171326}, "datetime": {"datetime": "2021-06-28 19:36:19", "elapsed": 65.925855, "delta": 6.222094}}
{"target": -11.317270776661436, "params": {"C": 31.985922654103096, "epsilon": 6.941778964191929, "gamma": 0.012114239078617705, "lamda": 0.023798081247317603}, "datetime": {"datetime": "2021-06-28 19:36:20", "elapsed": 66.310843, "delta": 0.384988}}
{"target": -97.96047610964965, "params": {"C": 30.047318260793094, "epsilon": 10.502042334577379, "gamma": 0.016479531052268945, "lamda": 0.02911196796689782}, "datetime": {"datetime": "2021-06-28 19:36:26", "elapsed": 72.454973, "delta": 6.14413}}
{"target": -109.14648917853125, "params": {"C": 31.661763326315118, "epsilon": 9.84792506513628, "gamma": 0.026673052347533165, "lamda": 0.04283321116632675}, "datetime": {"datetime": "2021-06-28 19:36:32", "elapsed": 78.889015, "delta": 6.434042}}
{"target": -105.72181858614617, "params": {"C": 31.170285371005345, "epsilon": 9.470018556787274, "gamma": 0.03200438852181666, "lamda": 0.04796730749704043}, "datetime": {"datetime": "2021-06-28 19:36:38", "elapsed": 84.673083, "delta": 5.784068}}
{"target": -98.19753134022507, "params": {"C": 30.589355315915363, "epsilon": 10.505310957766785, "gamma": 0.029658605618370137, "lamda": 0.015838422433152435}, "datetime": {"datetime": "2021-06-28 19:36:45", "elapsed": 91.119177, "delta": 6.446094}}
{"target": -79.62528380708639, "params": {"C": 33.30369335039642, "epsilon": 12.797455084489297, "gamma": 0.01, "lamda": 0.010000813512730841}, "datetime": {"datetime": "2021-06-28 19:36:50", "elapsed": 96.500229, "delta": 5.381052}}
{"target": -11.537736214362452, "params": {"C": 32.030957804578975, "epsilon": 6.966100818284441, "gamma": 0.011334460568784278, "lamda": 0.019704968698494855}, "datetime": {"datetime": "2021-06-28 19:36:50", "elapsed": 96.980228, "delta": 0.479999}}
{"target": -105.58838563336872, "params": {"C": 33.28126679684893, "epsilon": 12.806960633942783, "gamma": 0.01941412632129618, "lamda": 0.033319231960735204}, "datetime": {"datetime": "2021-06-28 19:36:58", "elapsed": 104.853318, "delta": 7.87309}}
{"target": -92.3846771998026, "params": {"C": 30.66856488872722, "epsilon": 10.078486085987702, "gamma": 0.045564132884273266, "lamda": 0.03268656371953614}, "datetime": {"datetime": "2021-06-28 19:37:05", "elapsed": 111.389425, "delta": 6.536107}}
{"target": -11.438565396250462, "params": {"C": 31.97581912450368, "epsilon": 7.01192043841846, "gamma": 0.010258558624831075, "lamda": 0.012955355113903694}, "datetime": {"datetime": "2021-06-28 19:37:05", "elapsed": 111.924408, "delta": 0.534983}}
{"target": -11.48754260487095, "params": {"C": 34.09020974505835, "epsilon": 6.635267120769521, "gamma": 0.010601328699958144, "lamda": 0.01643954834376179}, "datetime": {"datetime": "2021-06-28 19:37:06", "elapsed": 112.305912, "delta": 0.381504}}
{"target": -96.81592534498223, "params": {"C": 31.981622504962413, "epsilon": 6.936444694171006, "gamma": 0.02060521409306853, "lamda": 0.04266597211640764}, "datetime": {"datetime": "2021-06-28 19:37:12", "elapsed": 118.399513, "delta": 6.093601}}
{"target": -101.85207466045192, "params": {"C": 34.494995166657674, "epsilon": 9.522194488074984, "gamma": 0.025968594587916158, "lamda": 0.02246112836976358}, "datetime": {"datetime": "2021-06-28 19:37:18", "elapsed": 124.159578, "delta": 5.760065}}
{"target": -97.08454885913093, "params": {"C": 33.508505405873606, "epsilon": 8.842358308254951, "gamma": 0.02073461402806933, "lamda": 0.02956733514832903}, "datetime": {"datetime": "2021-06-28 19:37:21", "elapsed": 127.904603, "delta": 3.745025}}
{"target": -98.95779338801142, "params": {"C": 34.971191421212474, "epsilon": 7.558416438172318, "gamma": 0.034745153269851094, "lamda": 0.024793508432734958}, "datetime": {"datetime": "2021-06-28 19:37:28", "elapsed": 134.334691, "delta": 6.430088}}
{"target": -91.51508747719683, "params": {"C": 34.2550995564244, "epsilon": 12.829561660584737, "gamma": 0.046087613725407775, "lamda": 0.013735593492349256}, "datetime": {"datetime": "2021-06-28 19:37:37", "elapsed": 143.890795, "delta": 9.556104}}
{"target": -98.20162240562652, "params": {"C": 31.97311768286475, "epsilon": 11.48636478393814, "gamma": 0.016273760015829284, "lamda": 0.026693682790144335}, "datetime": {"datetime": "2021-06-28 19:37:44", "elapsed": 150.164887, "delta": 6.274092}}
{"target": -87.50072966143281, "params": {"C": 32.696322632844634, "epsilon": 8.920727392233188, "gamma": 0.04748991574962658, "lamda": 0.026866099950233785}, "datetime": {"datetime": "2021-06-28 19:37:52", "elapsed": 158.063982, "delta": 7.899095}}
{"target": -97.67398290201228, "params": {"C": 32.44249514425841, "epsilon": 5.641948407232081, "gamma": 0.02318546935522167, "lamda": 0.035607232962590656}, "datetime": {"datetime": "2021-06-28 19:38:00", "elapsed": 166.404064, "delta": 8.340082}}
{"target": -97.5832848097582, "params": {"C": 32.02768069271709, "epsilon": 5.1396923930031235, "gamma": 0.026326025070448317, "lamda": 0.041514818472157676}, "datetime": {"datetime": "2021-06-28 19:38:08", "elapsed": 174.54017, "delta": 8.136106}}
{"target": -95.04402885255587, "params": {"C": 33.27531659178184, "epsilon": 7.177506981448537, "gamma": 0.0381062061205651, "lamda": 0.046279907233759826}, "datetime": {"datetime": "2021-06-28 19:38:14", "elapsed": 180.929237, "delta": 6.389067}}
{"target": -95.49560619897373, "params": {"C": 31.506875688283603, "epsilon": 11.322827252849125, "gamma": 0.04571533806256961, "lamda": 0.03016478635801658}, "datetime": {"datetime": "2021-06-28 19:38:21", "elapsed": 187.585278, "delta": 6.656041}}
{"target": -98.51215496153355, "params": {"C": 33.70089169846916, "epsilon": 14.838879439821609, "gamma": 0.01641606731545319, "lamda": 0.039644894561705855}, "datetime": {"datetime": "2021-06-28 19:38:27", "elapsed": 193.586341, "delta": 6.001063}}
{"target": -96.37887858915836, "params": {"C": 31.798322328531597, "epsilon": 10.0694290271477, "gamma": 0.03899345054845201, "lamda": 0.030837227911706115}, "datetime": {"datetime": "2021-06-28 19:38:33", "elapsed": 199.846428, "delta": 6.260087}}
{"target": -98.65855300841505, "params": {"C": 32.42825868042227, "epsilon": 11.883707140996785, "gamma": 0.035905095334157255, "lamda": 0.042041365120911424}, "datetime": {"datetime": "2021-06-28 19:38:40", "elapsed": 206.218503, "delta": 6.372075}}
{"target": -104.64101972463394, "params": {"C": 34.65351090510229, "epsilon": 14.12490410941593, "gamma": 0.04019770939225741, "lamda": 0.03757395222678559}, "datetime": {"datetime": "2021-06-28 19:38:46", "elapsed": 212.227559, "delta": 6.009056}}
{"target": -101.28858191309902, "params": {"C": 31.966756569702994, "epsilon": 14.444651664242405, "gamma": 0.040597575846669995, "lamda": 0.04144936324380997}, "datetime": {"datetime": "2021-06-28 19:38:52", "elapsed": 218.808637, "delta": 6.581078}}
{"target": -102.00579872314015, "params": {"C": 31.750762129513785, "epsilon": 14.429185091601447, "gamma": 0.02517389054876485, "lamda": 0.02157557097301671}, "datetime": {"datetime": "2021-06-28 19:39:00", "elapsed": 226.854941, "delta": 8.046304}}
{"target": -93.00716523397142, "params": {"C": 32.15924841731486, "epsilon": 11.788385289686643, "gamma": 0.047266619638904134, "lamda": 0.037024130933145216}, "datetime": {"datetime": "2021-06-28 19:39:08", "elapsed": 234.942775, "delta": 8.087834}}
{"target": -96.08214401592356, "params": {"C": 33.22475324303985, "epsilon": 6.252207689458836, "gamma": 0.0371775503552819, "lamda": 0.020273740030628103}, "datetime": {"datetime": "2021-06-28 19:39:15", "elapsed": 241.583843, "delta": 6.641068}}
{"target": -98.21188468268083, "params": {"C": 32.10705962986484, "epsilon": 9.180551949802114, "gamma": 0.04299730261956801, "lamda": 0.024318225835756074}, "datetime": {"datetime": "2021-06-28 19:39:22", "elapsed": 248.868933, "delta": 7.28509}}
{"target": -105.58008448626698, "params": {"C": 34.80733466283152, "epsilon": 11.81973115235497, "gamma": 0.033791610406340905, "lamda": 0.03776084459538038}, "datetime": {"datetime": "2021-06-28 19:39:29", "elapsed": 255.841, "delta": 6.972067}}
{"target": -90.26894655011574, "params": {"C": 34.951583948492186, "epsilon": 11.440397599941342, "gamma": 0.013512407435593126, "lamda": 0.01282475218552793}, "datetime": {"datetime": "2021-06-28 19:39:35", "elapsed": 261.622062, "delta": 5.781062}}
{"target": -97.14381736351928, "params": {"C": 32.14307088472017, "epsilon": 6.754308429805649, "gamma": 0.02667724201609044, "lamda": 0.04405365323035298}, "datetime": {"datetime": "2021-06-28 19:39:42", "elapsed": 268.883147, "delta": 7.261085}}
{"target": -99.50955437085801, "params": {"C": 33.44549034376386, "epsilon": 6.178469083538788, "gamma": 0.03174068637851383, "lamda": 0.037978286942659444}, "datetime": {"datetime": "2021-06-28 19:39:49", "elapsed": 275.071209, "delta": 6.188062}}
{"target": -95.27241253024378, "params": {"C": 31.900814232951404, "epsilon": 13.483958323333379, "gamma": 0.026437518873534252, "lamda": 0.024913518931644986}, "datetime": {"datetime": "2021-06-28 19:39:55", "elapsed": 281.423272, "delta": 6.352063}}
{"target": -96.08065719614038, "params": {"C": 33.897281922636104, "epsilon": 14.030448801694012, "gamma": 0.030496444012099243, "lamda": 0.021809320853818252}, "datetime": {"datetime": "2021-06-28 19:40:03", "elapsed": 289.072374, "delta": 7.649102}}
{"target": -99.612057022101, "params": {"C": 33.317614777239655, "epsilon": 9.578329700767094, "gamma": 0.025538439625913283, "lamda": 0.013243294810235832}, "datetime": {"datetime": "2021-06-28 19:40:10", "elapsed": 296.629427, "delta": 7.557053}}
{"target": -104.00569847085752, "params": {"C": 34.61057542138125, "epsilon": 8.05540984885791, "gamma": 0.031622025305334873, "lamda": 0.014638989509384377}, "datetime": {"datetime": "2021-06-28 19:40:16", "elapsed": 302.535486, "delta": 5.906059}}
{"target": -87.40476169928053, "params": {"C": 31.43282673061425, "epsilon": 6.038671110666927, "gamma": 0.0441426562733843, "lamda": 0.01564610187717221}, "datetime": {"datetime": "2021-06-28 19:40:22", "elapsed": 308.542562, "delta": 6.007076}}
{"target": -95.24103595086937, "params": {"C": 33.599015379335725, "epsilon": 7.870374268654219, "gamma": 0.01983981497359944, "lamda": 0.017028591044613885}, "datetime": {"datetime": "2021-06-28 19:40:28", "elapsed": 314.819643, "delta": 6.277081}}
{"target": -94.57949681184725, "params": {"C": 34.69594612451774, "epsilon": 14.718915995126656, "gamma": 0.01992717299376811, "lamda": 0.015538310001459887}, "datetime": {"datetime": "2021-06-28 19:40:34", "elapsed": 320.401674, "delta": 5.582031}}
{"target": -95.35375220328874, "params": {"C": 32.80311120746391, "epsilon": 13.158635762208755, "gamma": 0.0382888704409919, "lamda": 0.016391627021428656}, "datetime": {"datetime": "2021-06-28 19:40:41", "elapsed": 327.30076, "delta": 6.899086}}
{"target": -96.68662991208313, "params": {"C": 32.38322564970231, "epsilon": 13.154509661969186, "gamma": 0.0351952583226486, "lamda": 0.04645690943803049}, "datetime": {"datetime": "2021-06-28 19:40:47", "elapsed": 333.625826, "delta": 6.325066}}
{"target": -98.91361428263743, "params": {"C": 33.600760405411044, "epsilon": 10.727309493689598, "gamma": 0.03635457926759096, "lamda": 0.04965409200351836}, "datetime": {"datetime": "2021-06-28 19:40:53", "elapsed": 339.507863, "delta": 5.882037}}
{"target": -97.76716063437219, "params": {"C": 30.795094812382505, "epsilon": 9.784364506891064, "gamma": 0.030267656312614154, "lamda": 0.014845535873178184}, "datetime": {"datetime": "2021-06-28 19:41:00", "elapsed": 346.226945, "delta": 6.719082}}
{"target": -90.06805538040199, "params": {"C": 34.8835112555873, "epsilon": 10.388841778691958, "gamma": 0.049376996975961346, "lamda": 0.041675601052155585}, "datetime": {"datetime": "2021-06-28 19:41:09", "elapsed": 355.742069, "delta": 9.515124}}
{"target": -94.47586440264125, "params": {"C": 32.79432600520678, "epsilon": 6.998026719135735, "gamma": 0.042130538666882024, "lamda": 0.013253403383014511}, "datetime": {"datetime": "2021-06-28 19:41:15", "elapsed": 361.865123, "delta": 6.123054}}
{"target": -100.63194145234407, "params": {"C": 33.98762415890646, "epsilon": 6.831823147028727, "gamma": 0.018676068229484293, "lamda": 0.04785098767293693}, "datetime": {"datetime": "2021-06-28 19:41:22", "elapsed": 368.110195, "delta": 6.245072}}
{"target": -96.69118777019155, "params": {"C": 30.9087577140083, "epsilon": 13.940931835096622, "gamma": 0.03018171474304409, "lamda": 0.04945005924472541}, "datetime": {"datetime": "2021-06-28 19:41:28", "elapsed": 374.36028, "delta": 6.250085}}
{"target": -98.2353238635659, "params": {"C": 33.395802075388296, "epsilon": 13.289410929419242, "gamma": 0.02310947049407695, "lamda": 0.025186922595202457}, "datetime": {"datetime": "2021-06-28 19:41:34", "elapsed": 380.865315, "delta": 6.505035}}
{"target": -94.67356080525067, "params": {"C": 33.99657662696617, "epsilon": 7.720224649274251, "gamma": 0.03794557119718785, "lamda": 0.02775613054333933}, "datetime": {"datetime": "2021-06-28 19:41:41", "elapsed": 387.81943, "delta": 6.954115}}
{"target": -98.31753615031967, "params": {"C": 32.016944576092804, "epsilon": 14.871403182692964, "gamma": 0.03725169072373642, "lamda": 0.0463378513229973}, "datetime": {"datetime": "2021-06-28 19:41:48", "elapsed": 394.244448, "delta": 6.425018}}
{"target": -95.78412603949118, "params": {"C": 33.21695594474716, "epsilon": 11.109265304989275, "gamma": 0.04457220670653093, "lamda": 0.01828480831101907}, "datetime": {"datetime": "2021-06-28 19:41:54", "elapsed": 400.684518, "delta": 6.44007}}
{"target": -97.49685320953128, "params": {"C": 32.69963922703496, "epsilon": 8.212616819314437, "gamma": 0.04348785554395257, "lamda": 0.049583669929977904}, "datetime": {"datetime": "2021-06-28 19:42:01", "elapsed": 407.120599, "delta": 6.436081}}
{"target": -90.42115454770243, "params": {"C": 33.99842088258707, "epsilon": 8.836233213562396, "gamma": 0.04134411029111432, "lamda": 0.03856524494435255}, "datetime": {"datetime": "2021-06-28 19:42:09", "elapsed": 415.522685, "delta": 8.402086}}
{"target": -97.8120159532175, "params": {"C": 34.995134859975636, "epsilon": 10.848007044511911, "gamma": 0.02900697306247979, "lamda": 0.04542036837409651}, "datetime": {"datetime": "2021-06-28 19:42:16", "elapsed": 422.138741, "delta": 6.616056}}
{"target": -88.2321643343731, "params": {"C": 34.96507121875275, "epsilon": 7.6646370065559255, "gamma": 0.011763124019987456, "lamda": 0.03186767349207776}, "datetime": {"datetime": "2021-06-28 19:42:21", "elapsed": 427.975834, "delta": 5.837093}}
{"target": -91.22421682657557, "params": {"C": 32.84956506567946, "epsilon": 5.348306963406927, "gamma": 0.04354061250296843, "lamda": 0.031613613985928296}, "datetime": {"datetime": "2021-06-28 19:42:28", "elapsed": 434.402884, "delta": 6.42705}}
{"target": -98.54599667398894, "params": {"C": 30.64021599129206, "epsilon": 6.517121043660435, "gamma": 0.035734502798943024, "lamda": 0.017622757777085364}, "datetime": {"datetime": "2021-06-28 19:42:37", "elapsed": 443.124949, "delta": 8.722065}}
{"target": -89.78484777398317, "params": {"C": 34.76675622208083, "epsilon": 12.66185273494382, "gamma": 0.049988748969339185, "lamda": 0.02345484550838578}, "datetime": {"datetime": "2021-06-28 19:42:44", "elapsed": 450.115045, "delta": 6.990096}}
{"target": -98.95796014732619, "params": {"C": 30.23003558860858, "epsilon": 7.428641685976518, "gamma": 0.023803376391491445, "lamda": 0.013453149020696668}, "datetime": {"datetime": "2021-06-28 19:42:50", "elapsed": 456.20014, "delta": 6.085095}}
{"target": -101.44553419747366, "params": {"C": 31.007858696795395, "epsilon": 7.20546818765623, "gamma": 0.042576781002719444, "lamda": 0.03971558588486112}, "datetime": {"datetime": "2021-06-28 19:42:57", "elapsed": 463.261204, "delta": 7.061064}}
{"target": -96.0621154729422, "params": {"C": 32.63649818162529, "epsilon": 13.080713033822548, "gamma": 0.041599985241468525, "lamda": 0.035728788216172265}, "datetime": {"datetime": "2021-06-28 19:43:03", "elapsed": 469.470229, "delta": 6.209025}}
{"target": -99.37273399675509, "params": {"C": 34.56758257897167, "epsilon": 12.184612050912428, "gamma": 0.03128551075600547, "lamda": 0.028470608507580715}, "datetime": {"datetime": "2021-06-28 19:43:12", "elapsed": 478.878284, "delta": 9.408055}}
{"target": -96.29912901891556, "params": {"C": 30.345748476042186, "epsilon": 14.754696004566409, "gamma": 0.047493660227075, "lamda": 0.02111259771905672}, "datetime": {"datetime": "2021-06-28 19:43:18", "elapsed": 484.626344, "delta": 5.74806}}
{"target": -94.41999554294736, "params": {"C": 34.303100708108616, "epsilon": 8.119920971696715, "gamma": 0.03711680074852583, "lamda": 0.045740321756371244}, "datetime": {"datetime": "2021-06-28 19:43:25", "elapsed": 491.058352, "delta": 6.432008}}
{"target": -99.22191191667882, "params": {"C": 31.01164391893313, "epsilon": 13.016191991787457, "gamma": 0.027431238914554082, "lamda": 0.022626658005351692}, "datetime": {"datetime": "2021-06-28 19:43:31", "elapsed": 497.09841, "delta": 6.040058}}
{"target": -97.61537774348929, "params": {"C": 33.02059991188187, "epsilon": 11.900628414636483, "gamma": 0.03608898370266201, "lamda": 0.02660376075830908}, "datetime": {"datetime": "2021-06-28 19:43:37", "elapsed": 503.362474, "delta": 6.264064}}
{"target": -101.168227118338, "params": {"C": 30.939514990021287, "epsilon": 5.976948477549904, "gamma": 0.03310023240310417, "lamda": 0.046057763405907455}, "datetime": {"datetime": "2021-06-28 19:43:44", "elapsed": 510.347512, "delta": 6.985038}}
{"target": -96.36293684364252, "params": {"C": 31.378321242689506, "epsilon": 8.929355991914981, "gamma": 0.0327268240049447, "lamda": 0.014785440556911299}, "datetime": {"datetime": "2021-06-28 19:43:50", "elapsed": 516.898545, "delta": 6.551033}}
{"target": -95.98927006787757, "params": {"C": 31.677224362464084, "epsilon": 8.792540229134602, "gamma": 0.01815277455716907, "lamda": 0.034352634776228526}, "datetime": {"datetime": "2021-06-28 19:44:00", "elapsed": 526.658658, "delta": 9.760113}}
{"target": -99.06455814771815, "params": {"C": 33.81370556139737, "epsilon": 11.583228781189302, "gamma": 0.021959242652504915, "lamda": 0.037451863877499825}, "datetime": {"datetime": "2021-06-28 19:44:09", "elapsed": 535.209696, "delta": 8.551038}}
{"target": -79.34696389626285, "params": {"C": 33.725918292689904, "epsilon": 6.1800020844000905, "gamma": 0.010431538415340297, "lamda": 0.03358868000941295}, "datetime": {"datetime": "2021-06-28 19:44:16", "elapsed": 542.67026, "delta": 7.460564}}
{"target": -104.20929821056508, "params": {"C": 34.77597864631441, "epsilon": 11.33372750614114, "gamma": 0.028329160361608763, "lamda": 0.042614419517853545}, "datetime": {"datetime": "2021-06-28 19:44:23", "elapsed": 549.431829, "delta": 6.761569}}
{"target": -102.26247284761925, "params": {"C": 31.887918451337487, "epsilon": 13.987926740820729, "gamma": 0.02571221307050775, "lamda": 0.03998127541875758}, "datetime": {"datetime": "2021-06-28 19:44:29", "elapsed": 555.49786, "delta": 6.066031}}
