{"target": -13.134018328102886, "params": {"C": 2.9255227939236987, "epsilon": 5.7551347657145, "gamma": 0.20995982005108194, "lamda": 0.8810071891699658}, "datetime": {"datetime": "2021-06-28 09:50:17", "elapsed": 1169.942436, "delta": 1.347751}}
{"target": -12.724624411692966, "params": {"C": 5.794736397454645, "epsilon": 5.357885410036948, "gamma": 0.17923367247452407, "lamda": 0.8119509041345918}, "datetime": {"datetime": "2021-06-28 09:50:19", "elapsed": 1172.488867, "delta": 2.546431}}
{"target": -14.646560794098882, "params": {"C": 5.677607053100212, "epsilon": 5.429418729412765, "gamma": 0.3987198639247202, "lamda": 0.9023723873817455}, "datetime": {"datetime": "2021-06-28 09:50:21", "elapsed": 1174.296933, "delta": 1.808066}}
{"target": -14.233615104636806, "params": {"C": 1.6394192646297443, "epsilon": 7.9307277868345105, "gamma": 0.2437309505328815, "lamda": 2.4527181157515843}, "datetime": {"datetime": "2021-06-28 09:50:22", "elapsed": 1175.755565, "delta": 1.458632}}
{"target": -46.64612841498468, "params": {"C": 5.407008396522765, "epsilon": 3.8990786030514, "gamma": 0.21955003868125786, "lamda": 0.9124786852974324}, "datetime": {"datetime": "2021-06-28 09:50:34", "elapsed": 1187.156199, "delta": 11.400634}}
{"target": -16.11435978182962, "params": {"C": 0.6506195581738594, "epsilon": 7.509260440399607, "gamma": 0.18695034865887258, "lamda": 2.516577964568431}, "datetime": {"datetime": "2021-06-28 09:50:35", "elapsed": 1188.583288, "delta": 1.427089}}
{"target": -100.40012837106194, "params": {"C": 1.841181196112019, "epsilon": 7.7128546654816645, "gamma": 0.04869087798673336, "lamda": 0.5807121947853222}, "datetime": {"datetime": "2021-06-28 09:50:42", "elapsed": 1195.463894, "delta": 6.880606}}
{"target": -15.074227521182715, "params": {"C": 3.6585329933801822, "epsilon": 6.894761304126343, "gamma": 0.417257964730256, "lamda": 1.3844114152617302}, "datetime": {"datetime": "2021-06-28 09:50:44", "elapsed": 1197.011143, "delta": 1.547249}}
{"target": -15.363993198885536, "params": {"C": 2.853229775860988, "epsilon": 5.754395476783925, "gamma": 0.41237409762076516, "lamda": 0.2855293924121504}, "datetime": {"datetime": "2021-06-28 09:50:45", "elapsed": 1198.761965, "delta": 1.750822}}
{"target": -13.849476347565282, "params": {"C": 5.675332866584827, "epsilon": 5.411202378277436, "gamma": 0.2866923905341577, "lamda": 1.0136111944856467}, "datetime": {"datetime": "2021-06-28 09:50:48", "elapsed": 1200.958601, "delta": 2.196636}}
{"target": -14.274970594208353, "params": {"C": 1.5373919589796154, "epsilon": 3.12634533197934, "gamma": 0.20903718061777538, "lamda": 0.3396016492803641}, "datetime": {"datetime": "2021-06-28 09:50:50", "elapsed": 1202.861974, "delta": 1.903373}}
{"target": -15.00232390064013, "params": {"C": 3.8671664352963577, "epsilon": 1.4063958003125048, "gamma": 0.36681483080881516, "lamda": 0.7069064985958149}, "datetime": {"datetime": "2021-06-28 09:50:51", "elapsed": 1204.588518, "delta": 1.726544}}
{"target": -13.39990433444569, "params": {"C": 5.678528885854007, "epsilon": 5.460756410725491, "gamma": 0.2386726207935345, "lamda": 0.9656777393979594}, "datetime": {"datetime": "2021-06-28 09:50:53", "elapsed": 1206.741534, "delta": 2.153016}}
{"target": -14.309969276879883, "params": {"C": 0.6178499338555852, "epsilon": 3.4434025798009937, "gamma": 0.04747691900285203, "lamda": 1.8289582927052306}, "datetime": {"datetime": "2021-06-28 09:50:55", "elapsed": 1208.259946, "delta": 1.518412}}
{"target": -14.301070248245301, "params": {"C": 2.64371617080589, "epsilon": 9.262581649648475, "gamma": 0.31722587719889134, "lamda": 0.3142791832661491}, "datetime": {"datetime": "2021-06-28 09:50:56", "elapsed": 1209.734522, "delta": 1.474576}}
{"target": -15.334597166502647, "params": {"C": 5.678767459869284, "epsilon": 5.64743362355893, "gamma": 0.473078009171204, "lamda": 0.6712604007037761}, "datetime": {"datetime": "2021-06-28 09:50:58", "elapsed": 1211.757921, "delta": 2.023399}}
{"target": -56.90431680768867, "params": {"C": 1.9280200485887735, "epsilon": 8.258250497219871, "gamma": 0.17224842435500218, "lamda": 1.130685255217579}, "datetime": {"datetime": "2021-06-28 09:51:06", "elapsed": 1219.545776, "delta": 7.787855}}
{"target": -19.058055140707097, "params": {"C": 0.8239532622838733, "epsilon": 5.150662679062479, "gamma": 0.44794393430008694, "lamda": 1.6909743836027078}, "datetime": {"datetime": "2021-06-28 09:51:08", "elapsed": 1221.391913, "delta": 1.846137}}
{"target": -14.905125068759231, "params": {"C": 2.555676767872247, "epsilon": 3.235270916504552, "gamma": 0.33043243796192445, "lamda": 1.7542159195604428}, "datetime": {"datetime": "2021-06-28 09:51:10", "elapsed": 1223.236385, "delta": 1.844472}}
{"target": -16.00854082707375, "params": {"C": 3.2598905308267674, "epsilon": 3.6584074184774376, "gamma": 0.4921675248872458, "lamda": 0.09127090852546442}, "datetime": {"datetime": "2021-06-28 09:51:12", "elapsed": 1224.890348, "delta": 1.653963}}
{"target": -13.895017474815088, "params": {"C": 3.333125743877421, "epsilon": 6.367753901882983, "gamma": 0.2765408252400149, "lamda": 0.5207238412174909}, "datetime": {"datetime": "2021-06-28 09:51:14", "elapsed": 1227.374421, "delta": 2.484073}}
{"target": -13.234371981810543, "params": {"C": 5.682814778694527, "epsilon": 5.511522952330305, "gamma": 0.22648914388405195, "lamda": 0.7171131818869917}, "datetime": {"datetime": "2021-06-28 09:51:16", "elapsed": 1229.191399, "delta": 1.816978}}
{"target": -14.405160002192217, "params": {"C": 2.8650823464810644, "epsilon": 7.472291692104597, "gamma": 0.3225005939984957, "lamda": 1.6610197344611073}, "datetime": {"datetime": "2021-06-28 09:51:18", "elapsed": 1230.903894, "delta": 1.712495}}
{"target": -14.384006529958146, "params": {"C": 5.712409898075535, "epsilon": 5.601853341149842, "gamma": 0.3619319332017177, "lamda": 0.7428450795859453}, "datetime": {"datetime": "2021-06-28 09:51:20", "elapsed": 1232.808224, "delta": 1.90433}}
{"target": -14.436388106333892, "params": {"C": 5.799687169024317, "epsilon": 5.6817271364223725, "gamma": 0.37410800104516484, "lamda": 0.5427268292816004}, "datetime": {"datetime": "2021-06-28 09:51:21", "elapsed": 1234.525001, "delta": 1.716777}}
{"target": -44.569541386920484, "params": {"C": 1.6474452924786533, "epsilon": 7.933282725650516, "gamma": 0.2558208950764717, "lamda": 2.497473657253331}, "datetime": {"datetime": "2021-06-28 09:51:33", "elapsed": 1245.987715, "delta": 11.462714}}
{"target": -14.676135422329061, "params": {"C": 5.706608974264096, "epsilon": 5.398521358831412, "gamma": 0.4031668570118623, "lamda": 1.0171252129662154}, "datetime": {"datetime": "2021-06-28 09:51:35", "elapsed": 1247.861028, "delta": 1.873313}}
{"target": -14.568438967542912, "params": {"C": 5.713985460367515, "epsilon": 5.631437153634975, "gamma": 0.3909794882646647, "lamda": 0.6941705010599787}, "datetime": {"datetime": "2021-06-28 09:51:37", "elapsed": 1249.965901, "delta": 2.104873}}
{"target": -96.15418167307584, "params": {"C": 5.056111479720942, "epsilon": 1.6286124400765725, "gamma": 0.068455039930626, "lamda": 0.485314573022811}, "datetime": {"datetime": "2021-06-28 09:51:54", "elapsed": 1266.898816, "delta": 16.932915}}
{"target": -14.249747210569241, "params": {"C": 4.6731106996156635, "epsilon": 1.10331279828489, "gamma": 0.28449071940136816, "lamda": 0.45198517768379587}, "datetime": {"datetime": "2021-06-28 09:51:56", "elapsed": 1268.85039, "delta": 1.951574}}
{"target": -15.268171575469353, "params": {"C": 2.7330896176587167, "epsilon": 4.265262828311967, "gamma": 0.38273430215052917, "lamda": 1.0769699719792218}, "datetime": {"datetime": "2021-06-28 09:51:58", "elapsed": 1271.718802, "delta": 2.868412}}
{"target": -47.02227802507169, "params": {"C": 3.3024981944350915, "epsilon": 5.541235557083778, "gamma": 0.24098948992633942, "lamda": 2.246979953800823}, "datetime": {"datetime": "2021-06-28 09:52:10", "elapsed": 1283.309401, "delta": 11.590599}}
{"target": -14.78958835220379, "params": {"C": 5.734013348880974, "epsilon": 5.535729353258343, "gamma": 0.41926654684286757, "lamda": 0.8450647424086102}, "datetime": {"datetime": "2021-06-28 09:52:12", "elapsed": 1285.676334, "delta": 2.366933}}
{"target": -15.456140407867572, "params": {"C": 5.611393019911938, "epsilon": 0.126940473536542, "gamma": 0.4509273734979792, "lamda": 1.0978119922129423}, "datetime": {"datetime": "2021-06-28 09:52:14", "elapsed": 1287.344088, "delta": 1.667754}}
{"target": -39.80030099888548, "params": {"C": 2.7432252356767717, "epsilon": 7.928296822750835, "gamma": 0.39309296885703615, "lamda": 1.0858041300673673}, "datetime": {"datetime": "2021-06-28 09:52:26", "elapsed": 1298.993661, "delta": 11.649573}}
{"target": -13.48544440979465, "params": {"C": 5.779673424960396, "epsilon": 5.45052439933658, "gamma": 0.24205402561827574, "lamda": 0.9289589966523549}, "datetime": {"datetime": "2021-06-28 09:52:28", "elapsed": 1300.970469, "delta": 1.976808}}
{"target": -11.965987662193566, "params": {"C": 2.923486189689015, "epsilon": 6.283328428772707, "gamma": 0.11941843834289854, "lamda": 0.41510310799809064}, "datetime": {"datetime": "2021-06-28 09:52:30", "elapsed": 1303.182609, "delta": 2.21214}}
{"target": -14.492459298433443, "params": {"C": 3.2828037445188643, "epsilon": 6.291197264134188, "gamma": 0.3261882228687494, "lamda": 0.5299971717293709}, "datetime": {"datetime": "2021-06-28 09:52:33", "elapsed": 1305.962414, "delta": 2.779805}}
{"target": -15.533662893219052, "params": {"C": 5.7034649624998774, "epsilon": 5.680040723659743, "gamma": 0.49286462450499396, "lamda": 0.7960178309555407}, "datetime": {"datetime": "2021-06-28 09:52:35", "elapsed": 1308.483665, "delta": 2.521251}}
{"target": -16.76789339005014, "params": {"C": 2.2412115760396354, "epsilon": 1.1987604604559159, "gamma": 0.4702611407173386, "lamda": 0.1389851604685321}, "datetime": {"datetime": "2021-06-28 09:52:38", "elapsed": 1311.502458, "delta": 3.018793}}
{"target": -12.147815097604438, "params": {"C": 4.963510374900345, "epsilon": 1.7071206961909549, "gamma": 0.01737041624124616, "lamda": 0.5096006338033414}, "datetime": {"datetime": "2021-06-28 09:52:40", "elapsed": 1313.585626, "delta": 2.083168}}
{"target": -66.02372757041239, "params": {"C": 4.202264278024212, "epsilon": 0.4072387533403523, "gamma": 0.1408985508540558, "lamda": 1.7496995107173094}, "datetime": {"datetime": "2021-06-28 09:52:53", "elapsed": 1325.947702, "delta": 12.362076}}
{"target": -14.809589646703705, "params": {"C": 3.8198873273151617, "epsilon": 1.3399141888113508, "gamma": 0.3388800676757781, "lamda": 0.7432057139418617}, "datetime": {"datetime": "2021-06-28 09:52:55", "elapsed": 1328.147616, "delta": 2.199914}}
{"target": -18.38185488760506, "params": {"C": 2.5604298277451867, "epsilon": 7.231212485077365, "gamma": 0.0010227605886516324, "lamda": 0.30930924690552136}, "datetime": {"datetime": "2021-06-28 10:19:23", "elapsed": 0.0, "delta": 0.0}}
{"target": -13.665379525098215, "params": {"C": 0.965859755820967, "epsilon": 1.0141520882110984, "gamma": 0.03806578206415651, "lamda": 0.35210511977261727}, "datetime": {"datetime": "2021-06-28 10:19:24", "elapsed": 0.402161, "delta": 0.402161}}
{"target": -90.44546008569276, "params": {"C": 2.4409280979609527, "epsilon": 5.434285666633234, "gamma": 0.08441970836625567, "lamda": 0.6883673053927919}, "datetime": {"datetime": "2021-06-28 10:19:41", "elapsed": 17.666135, "delta": 17.263974}}
{"target": -15.548791418628415, "params": {"C": 1.306268273415953, "epsilon": 8.79336262027036, "gamma": 0.006450131046387307, "lamda": 0.6737628350766182}, "datetime": {"datetime": "2021-06-28 10:19:42", "elapsed": 18.114533, "delta": 0.448398}}
{"target": -11.898253599004931, "params": {"C": 2.5620983339660492, "epsilon": 5.631029301612942, "gamma": 0.028937000780451524, "lamda": 0.20612047419403}, "datetime": {"datetime": "2021-06-28 10:19:42", "elapsed": 18.529713, "delta": 0.41518}}
{"target": -93.25498058194822, "params": {"C": 4.824392955185666, "epsilon": 9.685789599622035, "gamma": 0.06337141145368932, "lamda": 0.6953993895126209}, "datetime": {"datetime": "2021-06-28 10:19:52", "elapsed": 28.975994, "delta": 10.446281}}
{"target": -11.565850597721779, "params": {"C": 5.270695998546626, "epsilon": 8.956605968688088, "gamma": 0.017923798062585806, "lamda": 0.04866423540055354}, "datetime": {"datetime": "2021-06-28 10:19:53", "elapsed": 29.408047, "delta": 0.432053}}
{"target": -12.861969696932087, "params": {"C": 1.1019994754309568, "epsilon": 8.79361078395119, "gamma": 0.02057101993277697, "lamda": 0.42689654875500166}, "datetime": {"datetime": "2021-06-28 10:19:53", "elapsed": 29.840531, "delta": 0.432484}}
{"target": -12.026104572148384, "params": {"C": 5.7515482278879615, "epsilon": 5.378336321232869, "gamma": 0.13868354567614422, "lamda": 0.3223604746960023}, "datetime": {"datetime": "2021-06-28 10:19:54", "elapsed": 30.284205, "delta": 0.443674}}
{"target": -41.918973720341526, "params": {"C": 4.150355473321343, "epsilon": 8.362794151783993, "gamma": 0.00463936719149417, "lamda": 0.7526428717955178}, "datetime": {"datetime": "2021-06-28 10:20:03", "elapsed": 39.896682, "delta": 9.612477}}
{"target": -90.22957365061446, "params": {"C": 5.9342804245483185, "epsilon": 7.50683997836041, "gamma": 0.05680835442081664, "lamda": 0.7913865351669737}, "datetime": {"datetime": "2021-06-28 10:20:12", "elapsed": 48.383225, "delta": 8.486543}}
{"target": -16.17849153956763, "params": {"C": 0.709033438808088, "epsilon": 4.534145909141461, "gamma": 0.18181050511552602, "lamda": 0.30067800688994273}, "datetime": {"datetime": "2021-06-28 10:20:12", "elapsed": 48.715122, "delta": 0.331897}}
{"target": -16.710539821128094, "params": {"C": 1.7978744976594578, "epsilon": 1.3872828639709491, "gamma": 0.004854024616189118, "lamda": 0.682047177610492}, "datetime": {"datetime": "2021-06-28 10:20:12", "elapsed": 49.059482, "delta": 0.34436}}
{"target": -12.832905220270597, "params": {"C": 1.3486058844003486, "epsilon": 2.7289119277850395, "gamma": 0.09882305869678733, "lamda": 0.06282891966590957}, "datetime": {"datetime": "2021-06-28 10:20:13", "elapsed": 49.38519, "delta": 0.325708}}
{"target": -73.06940269604418, "params": {"C": 3.4872938724028772, "epsilon": 1.5526128915675206, "gamma": 0.11827180184375358, "lamda": 0.7027607764207219}, "datetime": {"datetime": "2021-06-28 10:20:21", "elapsed": 57.951177, "delta": 8.565987}}
{"target": -15.087733901906986, "params": {"C": 0.7037731300841725, "epsilon": 4.199154279413726, "gamma": 0.13918563138782128, "lamda": 0.4200374768316336}, "datetime": {"datetime": "2021-06-28 10:20:22", "elapsed": 58.283151, "delta": 0.331974}}
{"target": -16.59112432821161, "params": {"C": 0.39472540778191423, "epsilon": 5.405374418563564, "gamma": 0.133095134398738, "lamda": 0.5197402209377254}, "datetime": {"datetime": "2021-06-28 10:20:22", "elapsed": 58.605989, "delta": 0.322838}}
{"target": -12.722578204295726, "params": {"C": 5.673109060345799, "epsilon": 5.906894900969729, "gamma": 0.18077698114228882, "lamda": 0.14609995710477516}, "datetime": {"datetime": "2021-06-28 10:20:22", "elapsed": 59.054027, "delta": 0.448038}}
{"target": -12.924021951948115, "params": {"C": 0.9217304487794754, "epsilon": 8.093173758224285, "gamma": 0.08013769056012118, "lamda": 0.17370065514576347}, "datetime": {"datetime": "2021-06-28 10:20:23", "elapsed": 59.423407, "delta": 0.36938}}
{"target": -64.33947387232799, "params": {"C": 5.5723006243366, "epsilon": 3.5428820114805153, "gamma": 0.15041160852409496, "lamda": 0.7287380054969469}, "datetime": {"datetime": "2021-06-28 10:20:32", "elapsed": 68.190281, "delta": 8.766874}}
{"target": -12.050895821830542, "params": {"C": 2.570503250768141, "epsilon": 5.644676909597134, "gamma": 0.025088618739107248, "lamda": 0.17267020410920866}, "datetime": {"datetime": "2021-06-28 10:20:33", "elapsed": 69.18811, "delta": 0.997829}}
{"target": -13.59576565543148, "params": {"C": 0.9373538828415577, "epsilon": 1.041520740432306, "gamma": 0.049806854152480706, "lamda": 0.3354228710022518}, "datetime": {"datetime": "2021-06-28 10:20:33", "elapsed": 69.635714, "delta": 0.447604}}
{"target": -13.058572012931178, "params": {"C": 1.148150319901055, "epsilon": 8.792432911946984, "gamma": 0.017456063946517948, "lamda": 0.4826149473154951}, "datetime": {"datetime": "2021-06-28 10:20:34", "elapsed": 70.501221, "delta": 0.865507}}
{"target": -19.879633127982352, "params": {"C": 0.22511701455051014, "epsilon": 8.09802427230454, "gamma": 0.19300625267953445, "lamda": 0.7050522969711596}, "datetime": {"datetime": "2021-06-28 10:20:34", "elapsed": 70.90211, "delta": 0.400889}}
{"target": -11.641869733424619, "params": {"C": 5.279322433825255, "epsilon": 8.942743978272603, "gamma": 0.01699959764881318, "lamda": 0.0362443267478739}, "datetime": {"datetime": "2021-06-28 10:20:35", "elapsed": 71.794758, "delta": 0.892648}}
{"target": -12.100318906179501, "params": {"C": 5.747712612404127, "epsilon": 5.4041822395954995, "gamma": 0.1407418695549783, "lamda": 0.3137415214017511}, "datetime": {"datetime": "2021-06-28 10:20:36", "elapsed": 72.58137, "delta": 0.786612}}
{"target": -12.085243752943004, "params": {"C": 5.7499656254651335, "epsilon": 5.395045061872541, "gamma": 0.1396840937826317, "lamda": 0.3403917576113141}, "datetime": {"datetime": "2021-06-28 10:20:37", "elapsed": 73.476901, "delta": 0.895531}}
{"target": -92.23110084184114, "params": {"C": 2.016766992254171, "epsilon": 6.394236020239361, "gamma": 0.08070051676282264, "lamda": 0.7540392519154585}, "datetime": {"datetime": "2021-06-28 10:20:52", "elapsed": 88.310016, "delta": 14.833115}}
{"target": -11.664935422086028, "params": {"C": 5.256634588615354, "epsilon": 8.940700693351898, "gamma": 0.01581746452162196, "lamda": 0.047171377696206045}, "datetime": {"datetime": "2021-06-28 10:20:53", "elapsed": 89.19196, "delta": 0.881944}}
{"target": -12.845431401422013, "params": {"C": 1.120316799177935, "epsilon": 8.770068536280425, "gamma": 0.020915165391114342, "lamda": 0.4485607966210525}, "datetime": {"datetime": "2021-06-28 10:20:54", "elapsed": 90.122296, "delta": 0.930336}}
{"target": -12.28386628364231, "params": {"C": 5.7689311494974405, "epsilon": 5.391363332474762, "gamma": 0.15131981179038712, "lamda": 0.323972318719027}, "datetime": {"datetime": "2021-06-28 10:20:54", "elapsed": 90.965195, "delta": 0.842899}}
{"target": -11.489037585957169, "params": {"C": 5.279218593784953, "epsilon": 8.940799585604179, "gamma": 0.019646082796326618, "lamda": 0.06260432466098789}, "datetime": {"datetime": "2021-06-28 10:20:55", "elapsed": 91.971278, "delta": 1.006083}}
{"target": -76.53817736810812, "params": {"C": 1.4809367377863074, "epsilon": 4.525318371219401, "gamma": 0.1104718328960379, "lamda": 0.9496908605517506}, "datetime": {"datetime": "2021-06-28 10:21:05", "elapsed": 101.450766, "delta": 9.479488}}
{"target": -69.92191136878807, "params": {"C": 5.755803303292819, "epsilon": 5.392152474682049, "gamma": 0.11758166346925461, "lamda": 0.32401262773042366}, "datetime": {"datetime": "2021-06-28 10:21:15", "elapsed": 111.251483, "delta": 9.800717}}
{"target": -12.913594761282097, "params": {"C": 1.6500492312297537, "epsilon": 0.31615516758418255, "gamma": 0.03432649077933659, "lamda": 0.6452116907172638}, "datetime": {"datetime": "2021-06-28 10:21:15", "elapsed": 111.713944, "delta": 0.462461}}
{"target": -12.877647433720899, "params": {"C": 1.2568796686033268, "epsilon": 4.063654220594246, "gamma": 0.10355035684497887, "lamda": 0.07938527810382007}, "datetime": {"datetime": "2021-06-28 10:21:16", "elapsed": 112.21221, "delta": 0.498266}}
{"target": -16.20973488356824, "params": {"C": 0.7235023596053081, "epsilon": 4.514625235770717, "gamma": 0.1879604164778525, "lamda": 0.2822917642279081}, "datetime": {"datetime": "2021-06-28 10:21:16", "elapsed": 112.801315, "delta": 0.589105}}
{"target": -15.129373934533877, "params": {"C": 0.8889065686981229, "epsilon": 5.127701225127825, "gamma": 0.17793156109925948, "lamda": 0.5714924520585194}, "datetime": {"datetime": "2021-06-28 10:21:17", "elapsed": 113.269928, "delta": 0.468613}}
{"target": -14.245481955611282, "params": {"C": 0.9946571519755405, "epsilon": 2.1222147970082266, "gamma": 0.1348226525581758, "lamda": 0.8760637422393939}, "datetime": {"datetime": "2021-06-28 10:21:17", "elapsed": 113.738739, "delta": 0.468811}}
{"target": -15.137223552856193, "params": {"C": 4.926447499168856, "epsilon": 1.7189144495618263, "gamma": 0.003991610282291764, "lamda": 0.16937882150810435}, "datetime": {"datetime": "2021-06-28 10:21:18", "elapsed": 114.355481, "delta": 0.616742}}
{"target": -12.460643809964756, "params": {"C": 5.699973547174263, "epsilon": 5.877791635752414, "gamma": 0.16429385837413882, "lamda": 0.14571847197033644}, "datetime": {"datetime": "2021-06-28 10:21:18", "elapsed": 114.888426, "delta": 0.532945}}
{"target": -14.381927657235085, "params": {"C": 0.9693370494576281, "epsilon": 2.1317334904905585, "gamma": 0.1366356072948465, "lamda": 0.8355068455759187}, "datetime": {"datetime": "2021-06-28 10:21:19", "elapsed": 115.474787, "delta": 0.586361}}
{"target": -96.75944390370378, "params": {"C": 4.240036378930858, "epsilon": 3.9039347251724013, "gamma": 0.054404704789644924, "lamda": 0.4942915449211436}, "datetime": {"datetime": "2021-06-28 10:21:27", "elapsed": 123.698688, "delta": 8.223901}}
{"target": -11.93967665548428, "params": {"C": 5.9660058770307165, "epsilon": 2.6328322737905956, "gamma": 0.12410713751750918, "lamda": 0.3761393337101902}, "datetime": {"datetime": "2021-06-28 10:21:28", "elapsed": 124.16578, "delta": 0.467092}}
{"target": -12.577975140915964, "params": {"C": 5.121017476580789, "epsilon": 7.85126604397889, "gamma": 0.1805358782839037, "lamda": 0.10245593893564409}, "datetime": {"datetime": "2021-06-28 10:21:28", "elapsed": 124.667121, "delta": 0.501341}}
