{"target": -24.106850194079087, "params": {"C": 0.04228517846555483, "epsilon": 8.46178471393187, "gamma": 0.10008006237214143, "lamda": 0.21791180768860127}, "datetime": {"datetime": "2021-06-21 19:24:30", "elapsed": 0.0, "delta": 0.0}}
{"target": -31.080981336739868, "params": {"C": 0.015528833190894192, "epsilon": 5.007862271228388, "gamma": 0.23038214796436965, "lamda": 0.24778246238674598}, "datetime": {"datetime": "2021-06-21 19:24:30", "elapsed": 0.192486, "delta": 0.192486}}
{"target": -28.977935781720703, "params": {"C": 0.04027997994883633, "epsilon": 7.463492037018463, "gamma": 0.3934361600823064, "lamda": 0.4824866747741608}, "datetime": {"datetime": "2021-06-21 19:24:30", "elapsed": 0.375996, "delta": 0.18351}}
{"target": -71.06114779086852, "params": {"C": 0.021240772723420228, "epsilon": 9.3296459001502, "gamma": 0.11917131523854832, "lamda": 0.4722930495332759}, "datetime": {"datetime": "2021-06-21 19:24:35", "elapsed": 5.3477, "delta": 4.971704}}
{"target": -26.331315833316165, "params": {"C": 0.042313175434345575, "epsilon": 7.5727940564516345, "gamma": 0.19827085701666364, "lamda": 0.14588812895765124}, "datetime": {"datetime": "2021-06-21 19:24:35", "elapsed": 5.54218, "delta": 0.19448}}
{"target": -25.16410258813522, "params": {"C": 0.08027371229887814, "epsilon": 9.825438666456687, "gamma": 0.31939692471147, "lamda": 0.487394927427496}, "datetime": {"datetime": "2021-06-21 19:24:35", "elapsed": 5.733668, "delta": 0.191488}}
{"target": -22.339668720140416, "params": {"C": 0.08776252607730779, "epsilon": 9.42033664927116, "gamma": 0.15953094795884454, "lamda": 0.03598685521392171}, "datetime": {"datetime": "2021-06-21 19:24:35", "elapsed": 5.937123, "delta": 0.203455}}
{"target": -28.704803223615677, "params": {"C": 0.017813211536892325, "epsilon": 9.329783768861773, "gamma": 0.16884278368313507, "lamda": 0.29998536887849103}, "datetime": {"datetime": "2021-06-21 19:24:36", "elapsed": 6.140579, "delta": 0.203456}}
{"target": -27.578354814579527, "params": {"C": 0.0958310634848997, "epsilon": 7.432409067351594, "gamma": 0.5843139797653314, "lamda": 0.2270213010251895}, "datetime": {"datetime": "2021-06-21 19:24:36", "elapsed": 6.312122, "delta": 0.171543}}
{"target": -72.6663357613852, "params": {"C": 0.06896359184047679, "epsilon": 9.09044119543555, "gamma": 0.11280179414093428, "lamda": 0.5273497216269725}, "datetime": {"datetime": "2021-06-21 19:24:41", "elapsed": 11.006568, "delta": 4.694446}}
{"target": -33.50699516039784, "params": {"C": 0.001, "epsilon": 9.348842652776305, "gamma": 0.33170460828913645, "lamda": 0.13962225696658226}, "datetime": {"datetime": "2021-06-21 19:24:41", "elapsed": 11.781497, "delta": 0.774929}}
{"target": -29.522579291853763, "params": {"C": 0.044813174428090775, "epsilon": 6.7740888936373675, "gamma": 0.4834634620499696, "lamda": 0.5232432928684881}, "datetime": {"datetime": "2021-06-21 19:24:42", "elapsed": 12.097651, "delta": 0.316154}}
{"target": -30.479921783837614, "params": {"C": 0.06271518294158016, "epsilon": 5.727734951307561, "gamma": 0.7713662529162276, "lamda": 0.5650373453442703}, "datetime": {"datetime": "2021-06-21 19:24:42", "elapsed": 12.354962, "delta": 0.257311}}
{"target": -33.55314983283033, "params": {"C": 0.003099421091610255, "epsilon": 8.943346817946967, "gamma": 0.7753988787722318, "lamda": 0.4941324618253245}, "datetime": {"datetime": "2021-06-21 19:24:42", "elapsed": 12.649179, "delta": 0.294217}}
{"target": -27.753317096495866, "params": {"C": 0.037077499965175426, "epsilon": 4.623189611234578, "gamma": 0.20669004233772453, "lamda": 0.6803213730021184}, "datetime": {"datetime": "2021-06-21 19:24:42", "elapsed": 12.920451, "delta": 0.271272}}
{"target": -28.304593671743078, "params": {"C": 0.09953472058888448, "epsilon": 6.288448782354912, "gamma": 0.6718061880925927, "lamda": 0.03984206443972331}, "datetime": {"datetime": "2021-06-21 19:24:43", "elapsed": 13.166802, "delta": 0.246351}}
{"target": -85.04165234133765, "params": {"C": 0.001, "epsilon": 9.519521592935803, "gamma": 0.1, "lamda": 0.1685825927966119}, "datetime": {"datetime": "2021-06-21 19:24:50", "elapsed": 20.084295, "delta": 6.917493}}
{"target": -29.489724284139623, "params": {"C": 0.03316270037850219, "epsilon": 7.996797789021867, "gamma": 0.38035357655264246, "lamda": 0.5283243667409917}, "datetime": {"datetime": "2021-06-21 19:24:50", "elapsed": 20.370528, "delta": 0.286233}}
{"target": -30.387264665646036, "params": {"C": 0.031285210846373986, "epsilon": 8.221593172071646, "gamma": 0.4859672097924863, "lamda": 0.22725764848730964}, "datetime": {"datetime": "2021-06-21 19:24:50", "elapsed": 20.615872, "delta": 0.245344}}
{"target": -25.803085258485876, "params": {"C": 0.04032126855124132, "epsilon": 5.567978430305561, "gamma": 0.13699918387580987, "lamda": 0.24736185354741155}, "datetime": {"datetime": "2021-06-21 19:24:50", "elapsed": 20.850245, "delta": 0.234373}}
{"target": -33.52124604361307, "params": {"C": 0.0019369015637032807, "epsilon": 7.526123284017558, "gamma": 0.21339179341470654, "lamda": 0.3391592466281598}, "datetime": {"datetime": "2021-06-21 19:24:51", "elapsed": 21.168396, "delta": 0.318151}}
{"target": -29.701573050158142, "params": {"C": 0.03390291386103936, "epsilon": 7.166358785824954, "gamma": 0.3917784160818304, "lamda": 0.5761937228982944}, "datetime": {"datetime": "2021-06-21 19:24:51", "elapsed": 21.433685, "delta": 0.265289}}
{"target": -31.333021037963587, "params": {"C": 0.024171650345905835, "epsilon": 6.958510206233001, "gamma": 0.4850767991317916, "lamda": 0.6648852370113734}, "datetime": {"datetime": "2021-06-21 19:24:51", "elapsed": 21.696982, "delta": 0.263297}}
{"target": -32.314088575477484, "params": {"C": 0.012669235255124145, "epsilon": 7.527921026771731, "gamma": 0.4440255983214775, "lamda": 0.10985874753270834}, "datetime": {"datetime": "2021-06-21 19:24:51", "elapsed": 21.956288, "delta": 0.259306}}
{"target": -29.125999634735162, "params": {"C": 0.0270093006596179, "epsilon": 4.620086204213434, "gamma": 0.2172288620378674, "lamda": 0.45236492756124164}, "datetime": {"datetime": "2021-06-21 19:24:52", "elapsed": 22.224573, "delta": 0.268285}}
{"target": -31.67117655124203, "params": {"C": 0.020412048676564296, "epsilon": 6.702030122552358, "gamma": 0.4607298984496745, "lamda": 0.05742952239367643}, "datetime": {"datetime": "2021-06-21 19:24:52", "elapsed": 22.455953, "delta": 0.23138}}
{"target": -32.772974243496314, "params": {"C": 0.018898063448093822, "epsilon": 5.994742119720188, "gamma": 0.662478432356365, "lamda": 0.45679463362302575}, "datetime": {"datetime": "2021-06-21 19:24:52", "elapsed": 22.706284, "delta": 0.250331}}
{"target": -32.98418387920547, "params": {"C": 0.01423758479679901, "epsilon": 7.293167347293236, "gamma": 0.7223723254747821, "lamda": 0.40091038825498676}, "datetime": {"datetime": "2021-06-21 19:24:52", "elapsed": 22.957611, "delta": 0.251327}}
{"target": -32.83394568616381, "params": {"C": 0.01601204373653873, "epsilon": 5.62345266500457, "gamma": 0.5707329486971008, "lamda": 0.6134949958458799}, "datetime": {"datetime": "2021-06-21 19:24:53", "elapsed": 23.240853, "delta": 0.283242}}
{"target": -22.635288042352162, "params": {"C": 0.08198615295215539, "epsilon": 5.399396916423237, "gamma": 0.11052325224926751, "lamda": 0.12024319763848494}, "datetime": {"datetime": "2021-06-21 19:24:53", "elapsed": 23.534069, "delta": 0.293216}}
{"target": -26.69427237031552, "params": {"C": 0.09861495925433705, "epsilon": 8.395802019440547, "gamma": 0.50775914959107, "lamda": 0.5245719761374172}, "datetime": {"datetime": "2021-06-21 19:24:53", "elapsed": 23.813323, "delta": 0.279254}}
{"target": -26.21472100381913, "params": {"C": 0.090000904299822, "epsilon": 6.9872069684412415, "gamma": 0.3794504052885328, "lamda": 0.22426599258766586}, "datetime": {"datetime": "2021-06-21 19:24:54", "elapsed": 24.05368, "delta": 0.240357}}
{"target": -26.056672266386876, "params": {"C": 0.07046840703629746, "epsilon": 6.613297069540223, "gamma": 0.2878557454912133, "lamda": 0.347025714687384}, "datetime": {"datetime": "2021-06-21 19:24:54", "elapsed": 24.329941, "delta": 0.276261}}
{"target": -27.493697326626503, "params": {"C": 0.09942959014000695, "epsilon": 5.907129040994775, "gamma": 0.5330401822223941, "lamda": 0.2645578581754964}, "datetime": {"datetime": "2021-06-21 19:24:54", "elapsed": 24.574288, "delta": 0.244347}}
{"target": -28.586732984992953, "params": {"C": 0.08525097121720308, "epsilon": 8.806258913321606, "gamma": 0.7315332401946361, "lamda": 0.07353237758033339}, "datetime": {"datetime": "2021-06-21 19:24:54", "elapsed": 24.811653, "delta": 0.237365}}
{"target": -26.6411339011605, "params": {"C": 0.04006773012072207, "epsilon": 8.067500631165977, "gamma": 0.20979080027701247, "lamda": 0.2973833701997434}, "datetime": {"datetime": "2021-06-21 19:24:55", "elapsed": 25.100879, "delta": 0.289226}}
{"target": -30.601232786587772, "params": {"C": 0.05438718813032382, "epsilon": 6.656400065728253, "gamma": 0.7560735256184651, "lamda": 0.30036187664028857}, "datetime": {"datetime": "2021-06-21 19:24:55", "elapsed": 25.339243, "delta": 0.238364}}
{"target": -28.327142929996256, "params": {"C": 0.0493614038563165, "epsilon": 4.853071623977645, "gamma": 0.33074571371637923, "lamda": 0.4513649494287535}, "datetime": {"datetime": "2021-06-21 19:24:55", "elapsed": 25.62548, "delta": 0.286237}}
{"target": -29.562120860004036, "params": {"C": 0.04114807771579839, "epsilon": 4.576830816151718, "gamma": 0.3857054387328456, "lamda": 0.5534184891065238}, "datetime": {"datetime": "2021-06-21 19:24:55", "elapsed": 25.892762, "delta": 0.267282}}
{"target": -29.38825343698604, "params": {"C": 0.06585126851728039, "epsilon": 5.697628839796695, "gamma": 0.5918586071098894, "lamda": 0.6357353974632008}, "datetime": {"datetime": "2021-06-21 19:24:56", "elapsed": 26.161045, "delta": 0.268283}}
{"target": -31.64458055916905, "params": {"C": 0.030836138628015333, "epsilon": 7.977554989067018, "gamma": 0.7250184160949682, "lamda": 0.35734668433473643}, "datetime": {"datetime": "2021-06-21 19:24:56", "elapsed": 26.440297, "delta": 0.279252}}
{"target": -24.053610564225096, "params": {"C": 0.07427765562968934, "epsilon": 9.911383691901886, "gamma": 0.21228117802043084, "lamda": 0.5211155535534686}, "datetime": {"datetime": "2021-06-21 19:24:56", "elapsed": 26.737503, "delta": 0.297206}}
{"target": -30.831560107653743, "params": {"C": 0.03660678210492562, "epsilon": 7.288185964931236, "gamma": 0.6073853845979102, "lamda": 0.3689631121747231}, "datetime": {"datetime": "2021-06-21 19:24:57", "elapsed": 27.036703, "delta": 0.2992}}
{"target": -29.387864507175003, "params": {"C": 0.04907952187236096, "epsilon": 8.286038927548232, "gamma": 0.5533391683477521, "lamda": 0.5625145824637448}, "datetime": {"datetime": "2021-06-21 19:24:57", "elapsed": 27.30798, "delta": 0.271277}}
{"target": -27.419148416795874, "params": {"C": 0.09313951592102523, "epsilon": 9.518697260178762, "gamma": 0.6284599143645048, "lamda": 0.48534002471772103}, "datetime": {"datetime": "2021-06-21 19:24:57", "elapsed": 27.582244, "delta": 0.274264}}
{"target": -30.208378899379905, "params": {"C": 0.039941780080119275, "epsilon": 9.694558415333322, "gamma": 0.6354575773167249, "lamda": 0.5522877500368171}, "datetime": {"datetime": "2021-06-21 19:24:58", "elapsed": 28.155713, "delta": 0.573469}}
{"target": -28.69933544964467, "params": {"C": 0.03566509016437293, "epsilon": 9.686051800380795, "gamma": 0.3655430846033849, "lamda": 0.20896798855886364}, "datetime": {"datetime": "2021-06-21 19:24:58", "elapsed": 28.895732, "delta": 0.740019}}
{"target": -23.428675699270617, "params": {"C": 0.09107430707384458, "epsilon": 9.326714188200027, "gamma": 0.21551491398824596, "lamda": 0.01686815121577332}, "datetime": {"datetime": "2021-06-21 19:25:00", "elapsed": 30.173315, "delta": 1.277583}}
{"target": -29.43851634845929, "params": {"C": 0.06485011421218902, "epsilon": 5.18871422920236, "gamma": 0.5756071312174332, "lamda": 0.1864788590291004}, "datetime": {"datetime": "2021-06-21 19:25:00", "elapsed": 30.484484, "delta": 0.311169}}
{"target": -30.870896871445126, "params": {"C": 0.04271978067132394, "epsilon": 6.799303572391162, "gamma": 0.6774527958424401, "lamda": 0.25634735131268616}, "datetime": {"datetime": "2021-06-21 19:25:00", "elapsed": 30.790666, "delta": 0.306182}}
{"target": -25.624371817996057, "params": {"C": 0.06945182913256986, "epsilon": 5.436096854713258, "gamma": 0.23416674914629512, "lamda": 0.21585591013545039}, "datetime": {"datetime": "2021-06-21 19:25:01", "elapsed": 31.493786, "delta": 0.70312}}
{"target": -22.32787020505808, "params": {"C": 0.09904136218014524, "epsilon": 8.042218679967739, "gamma": 0.16146713012287972, "lamda": 0.05779759400499499}, "datetime": {"datetime": "2021-06-21 19:25:01", "elapsed": 31.759076, "delta": 0.26529}}
{"target": -23.2051263802786, "params": {"C": 0.07409285372734603, "epsilon": 8.177647873873736, "gamma": 0.1517339461794209, "lamda": 0.13704720792922115}, "datetime": {"datetime": "2021-06-21 19:25:02", "elapsed": 32.872099, "delta": 1.113023}}
{"target": -33.73747763634503, "params": {"C": 0.001, "epsilon": 8.088656733696817, "gamma": 0.27016856884967, "lamda": 0.10030801521908372}, "datetime": {"datetime": "2021-06-21 19:25:03", "elapsed": 33.601148, "delta": 0.729049}}
{"target": -28.716706492081652, "params": {"C": 0.03863612181243784, "epsilon": 9.166177077833357, "gamma": 0.38765658028684946, "lamda": 0.2666310395441671}, "datetime": {"datetime": "2021-06-21 19:25:03", "elapsed": 33.883394, "delta": 0.282246}}
{"target": -26.745469178931398, "params": {"C": 0.053759462101628686, "epsilon": 5.439412580013717, "gamma": 0.2402066264336854, "lamda": 0.23415224205710894}, "datetime": {"datetime": "2021-06-21 19:25:04", "elapsed": 34.185586, "delta": 0.302192}}
{"target": -21.24718725885914, "params": {"C": 0.1, "epsilon": 8.008468786010136, "gamma": 0.1, "lamda": 0.1884729249627315}, "datetime": {"datetime": "2021-06-21 19:25:04", "elapsed": 34.925609, "delta": 0.740023}}
{"target": -21.21800978727307, "params": {"C": 0.1, "epsilon": 8.270006389379384, "gamma": 0.1, "lamda": 0.2889336930440578}, "datetime": {"datetime": "2021-06-21 19:25:05", "elapsed": 35.557917, "delta": 0.632308}}
{"target": -32.327783154233444, "params": {"C": 0.02936996926616211, "epsilon": 5.07126911086681, "gamma": 0.6974964847842251, "lamda": 0.1065364099281499}, "datetime": {"datetime": "2021-06-21 19:25:05", "elapsed": 35.844151, "delta": 0.286234}}
{"target": -25.8605679488651, "params": {"C": 0.07226050451084741, "epsilon": 6.078705847759821, "gamma": 0.27219676203799026, "lamda": 0.13041891029570488}, "datetime": {"datetime": "2021-06-21 19:25:06", "elapsed": 36.152328, "delta": 0.308177}}
{"target": -26.87502497070418, "params": {"C": 0.036122554734941505, "epsilon": 8.082667192108344, "gamma": 0.20556110503442043, "lamda": 0.2992698060640296}, "datetime": {"datetime": "2021-06-21 19:25:06", "elapsed": 36.462499, "delta": 0.310171}}
{"target": -23.810350797148477, "params": {"C": 0.1, "epsilon": 8.376604830494186, "gamma": 0.2460312805567077, "lamda": 0.3212658895754348}, "datetime": {"datetime": "2021-06-21 19:25:07", "elapsed": 37.204514, "delta": 0.742015}}
{"target": -80.50709438173539, "params": {"C": 0.060791033563959235, "epsilon": 8.347300790189037, "gamma": 0.109837078200124, "lamda": 0.4769607862049861}, "datetime": {"datetime": "2021-06-21 19:25:12", "elapsed": 42.681866, "delta": 5.477352}}
{"target": -29.591240449384916, "params": {"C": 0.015492216559986262, "epsilon": 8.319805405265114, "gamma": 0.18067962574031898, "lamda": 0.20255852905647623}, "datetime": {"datetime": "2021-06-21 19:25:13", "elapsed": 43.571488, "delta": 0.889622}}
{"target": -31.911121364858314, "params": {"C": 0.016742877285173628, "epsilon": 7.131400478790086, "gamma": 0.45468398547074773, "lamda": 0.09270663220915311}, "datetime": {"datetime": "2021-06-21 19:25:13", "elapsed": 43.895622, "delta": 0.324134}}
{"target": -24.22466341801492, "params": {"C": 0.1, "epsilon": 8.49261615099087, "gamma": 0.27770730797878135, "lamda": 0.21311493542295704}, "datetime": {"datetime": "2021-06-21 19:25:14", "elapsed": 44.713435, "delta": 0.817813}}
{"target": -21.246770868204287, "params": {"C": 0.1, "epsilon": 7.874551083057232, "gamma": 0.1, "lamda": 0.0798551138131538}, "datetime": {"datetime": "2021-06-21 19:25:15", "elapsed": 45.46343, "delta": 0.749995}}
{"target": -29.32706054818153, "params": {"C": 0.01814705205193454, "epsilon": 7.851773569184393, "gamma": 0.1914148856468439, "lamda": 0.21384047444136212}, "datetime": {"datetime": "2021-06-21 19:25:16", "elapsed": 46.175526, "delta": 0.712096}}
{"target": -23.30329084291549, "params": {"C": 0.09698839177260979, "epsilon": 5.545372560626269, "gamma": 0.17683367819207088, "lamda": 0.04643447756370608}, "datetime": {"datetime": "2021-06-21 19:25:16", "elapsed": 46.943471, "delta": 0.767945}}
{"target": -22.33826988672088, "params": {"C": 0.08368111064385565, "epsilon": 9.401658334115432, "gamma": 0.15041811939807703, "lamda": 0.03687639567252513}, "datetime": {"datetime": "2021-06-21 19:25:17", "elapsed": 47.257632, "delta": 0.314161}}
{"target": -28.507972225838067, "params": {"C": 0.08013221721393012, "epsilon": 5.996123557100838, "gamma": 0.5890474959507874, "lamda": 0.3157371551361869}, "datetime": {"datetime": "2021-06-21 19:25:17", "elapsed": 47.554837, "delta": 0.297205}}
{"target": -33.790630228944366, "params": {"C": 0.003442659591990786, "epsilon": 5.4084924097187566, "gamma": 0.28784400278980415, "lamda": 0.02734512519094543}, "datetime": {"datetime": "2021-06-21 19:25:18", "elapsed": 48.131299, "delta": 0.576462}}
{"target": -21.120028597640868, "params": {"C": 0.1, "epsilon": 8.391538431970112, "gamma": 0.1, "lamda": 0.05179695275424175}, "datetime": {"datetime": "2021-06-21 19:25:18", "elapsed": 48.95609, "delta": 0.824791}}
{"target": -32.717508964577796, "params": {"C": 0.0023438072567264715, "epsilon": 8.569682829355651, "gamma": 0.11073509778117109, "lamda": 0.06286284756226408}, "datetime": {"datetime": "2021-06-21 19:25:19", "elapsed": 49.60336, "delta": 0.64727}}
{"target": -26.009519720192014, "params": {"C": 0.1, "epsilon": 8.433173535357886, "gamma": 0.4311527677856343, "lamda": 0.3137004863471051}, "datetime": {"datetime": "2021-06-21 19:25:20", "elapsed": 50.461066, "delta": 0.857706}}
{"target": -29.313190691695425, "params": {"C": 0.03715370691646171, "epsilon": 7.155483870713143, "gamma": 0.3873844897578299, "lamda": 0.5766252393051989}, "datetime": {"datetime": "2021-06-21 19:25:20", "elapsed": 50.879946, "delta": 0.41888}}
{"target": -23.98352202936092, "params": {"C": 0.1, "epsilon": 5.763598890837733, "gamma": 0.2180464639922556, "lamda": 0.11324225484244776}, "datetime": {"datetime": "2021-06-21 19:25:21", "elapsed": 51.681802, "delta": 0.801856}}
{"target": -30.545014324769088, "params": {"C": 0.05742138830045327, "epsilon": 4.69156882987381, "gamma": 0.6869607188019475, "lamda": 0.38237518160691125}, "datetime": {"datetime": "2021-06-21 19:25:22", "elapsed": 52.128607, "delta": 0.446805}}
{"target": -28.152048722624894, "params": {"C": 0.0370540587908395, "epsilon": 5.8861485954103125, "gamma": 0.2519958661467213, "lamda": 0.28093054253211047}, "datetime": {"datetime": "2021-06-21 19:25:23", "elapsed": 53.044158, "delta": 0.915551}}
{"target": -22.595009474978607, "params": {"C": 0.07597847513167215, "epsilon": 9.413473916519465, "gamma": 0.1462523889420161, "lamda": 0.03265907718556223}, "datetime": {"datetime": "2021-06-21 19:25:23", "elapsed": 53.461043, "delta": 0.416885}}
{"target": -26.052448193309154, "params": {"C": 0.1, "epsilon": 5.88768462538121, "gamma": 0.3773982541767177, "lamda": 0.014591825922694793}, "datetime": {"datetime": "2021-06-21 19:25:24", "elapsed": 54.022542, "delta": 0.561499}}
{"target": -33.53087545719172, "params": {"C": 0.001, "epsilon": 7.717942429915778, "gamma": 0.1, "lamda": 0.009}, "datetime": {"datetime": "2021-06-21 19:25:24", "elapsed": 54.670809, "delta": 0.648267}}
{"target": -29.61016087278758, "params": {"C": 0.05320266399618075, "epsilon": 8.944392168602402, "gamma": 0.6529997417256992, "lamda": 0.45346481643437586}, "datetime": {"datetime": "2021-06-21 19:25:25", "elapsed": 55.004914, "delta": 0.334105}}
{"target": -26.174324395422083, "params": {"C": 0.1, "epsilon": 5.656856368067878, "gamma": 0.38176304624085816, "lamda": 0.15854962726520658}, "datetime": {"datetime": "2021-06-21 19:25:25", "elapsed": 55.525523, "delta": 0.520609}}
{"target": -25.776480901850498, "params": {"C": 0.06747432187807115, "epsilon": 10.0, "gamma": 0.31893455468617926, "lamda": 0.352845512067276}, "datetime": {"datetime": "2021-06-21 19:25:26", "elapsed": 56.125921, "delta": 0.600398}}
{"target": -33.39307363861417, "params": {"C": 0.001, "epsilon": 10.0, "gamma": 0.37873866925143673, "lamda": 0.582393234241051}, "datetime": {"datetime": "2021-06-21 19:25:26", "elapsed": 56.745261, "delta": 0.61934}}
{"target": -27.807427140170514, "params": {"C": 0.027560427598333964, "epsilon": 5.924587314605215, "gamma": 0.16900193861945922, "lamda": 0.024721441956218594}, "datetime": {"datetime": "2021-06-21 19:25:27", "elapsed": 57.406493, "delta": 0.661232}}
{"target": -28.734761920685624, "params": {"C": 0.060807878255260905, "epsilon": 8.295345628050065, "gamma": 0.5565572147965853, "lamda": 0.29582996709978926}, "datetime": {"datetime": "2021-06-21 19:25:27", "elapsed": 57.720653, "delta": 0.31416}}
{"target": -25.32078167122472, "params": {"C": 0.06378061710449681, "epsilon": 6.845305410976055, "gamma": 0.216444179211988, "lamda": 0.36098442816095644}, "datetime": {"datetime": "2021-06-21 19:25:28", "elapsed": 58.209347, "delta": 0.488694}}
{"target": -31.078101346581583, "params": {"C": 0.02829076060525223, "epsilon": 6.66114579555324, "gamma": 0.49771942008653236, "lamda": 0.09166848562064266}, "datetime": {"datetime": "2021-06-21 19:25:28", "elapsed": 58.546446, "delta": 0.337099}}
