{"target": -48.62824502361375, "params": {"C": 19.11305436957185, "epsilon": 11.910199520139352, "gamma": 0.15251504448226827, "lamda": 0.9591821721094206}, "datetime": {"datetime": "2021-06-28 19:15:34", "elapsed": 2247.572964, "delta": 16.052151}}
{"target": -21.317249888073427, "params": {"C": 18.521187702772654, "epsilon": 12.583917338958464, "gamma": 0.6543565673844483, "lamda": 0.49251696693593194}, "datetime": {"datetime": "2021-06-28 19:15:41", "elapsed": 2254.098283, "delta": 6.525319}}
{"target": -16.94702733304707, "params": {"C": 16.773176246397767, "epsilon": 14.707359096529851, "gamma": 0.2248149638383614, "lamda": 0.01}, "datetime": {"datetime": "2021-06-28 19:15:45", "elapsed": 2258.094809, "delta": 3.996526}}
{"target": -21.768412006943837, "params": {"C": 18.40712262008994, "epsilon": 13.352871496415213, "gamma": 0.7404865069444925, "lamda": 0.4574630462986864}, "datetime": {"datetime": "2021-06-28 19:15:49", "elapsed": 2262.296411, "delta": 4.201602}}
{"target": -11.36993762403474, "params": {"C": 16.86604318701924, "epsilon": 10.78596411959598, "gamma": 0.01, "lamda": 0.01}, "datetime": {"datetime": "2021-06-28 19:15:53", "elapsed": 2266.600245, "delta": 4.303834}}
{"target": -11.316957125324786, "params": {"C": 19.464541943744678, "epsilon": 15.0, "gamma": 0.01, "lamda": 0.01}, "datetime": {"datetime": "2021-06-28 19:15:57", "elapsed": 2270.019165, "delta": 3.41892}}
{"target": -17.160667468123812, "params": {"C": 15.426083796546846, "epsilon": 9.535674304481121, "gamma": 0.23890901785990548, "lamda": 0.01}, "datetime": {"datetime": "2021-06-28 19:16:00", "elapsed": 2273.424889, "delta": 3.405724}}
{"target": -21.06751274165825, "params": {"C": 18.063944022659935, "epsilon": 11.543482866016083, "gamma": 0.6086224725710163, "lamda": 0.1007985955206275}, "datetime": {"datetime": "2021-06-28 19:16:04", "elapsed": 2276.64607, "delta": 3.221181}}
{"target": -21.30517247854442, "params": {"C": 15.697029817913757, "epsilon": 9.41618993253918, "gamma": 0.6425521731187033, "lamda": 0.4050643984300134}, "datetime": {"datetime": "2021-06-28 19:16:05", "elapsed": 2278.547969, "delta": 1.901899}}
{"target": -90.69137591386371, "params": {"C": 19.862115882028952, "epsilon": 9.39412641465718, "gamma": 0.014221743150187533, "lamda": 0.03839570492909226}, "datetime": {"datetime": "2021-06-28 19:16:21", "elapsed": 2293.810829, "delta": 15.26286}}
{"target": -38.70990708172538, "params": {"C": 15.920943483013565, "epsilon": 14.466333183147524, "gamma": 0.2546169148671804, "lamda": 0.6344535714897125}, "datetime": {"datetime": "2021-06-28 19:16:37", "elapsed": 2310.16285, "delta": 16.352021}}
{"target": -21.192924041093644, "params": {"C": 18.918962518934936, "epsilon": 5.973971621938819, "gamma": 0.6119484814130044, "lamda": 0.1653293336858835}, "datetime": {"datetime": "2021-06-28 19:16:47", "elapsed": 2320.394429, "delta": 10.231579}}
{"target": -22.089364194164695, "params": {"C": 19.029216071579093, "epsilon": 8.820687647701948, "gamma": 0.7692558910586953, "lamda": 0.7157076615121521}, "datetime": {"datetime": "2021-06-28 19:16:49", "elapsed": 2321.926076, "delta": 1.531647}}
{"target": -21.304380434731957, "params": {"C": 18.84886218822146, "epsilon": 9.567628172999445, "gamma": 0.644365377416361, "lamda": 0.7720462815022046}, "datetime": {"datetime": "2021-06-28 19:16:58", "elapsed": 2330.979815, "delta": 9.053739}}
{"target": -48.10222654288433, "params": {"C": 17.941386423468618, "epsilon": 13.768638012463642, "gamma": 0.16304869525906943, "lamda": 0.6950698825924423}, "datetime": {"datetime": "2021-06-28 19:17:12", "elapsed": 2345.617971, "delta": 14.638156}}
{"target": -20.25378745532088, "params": {"C": 15.176667471588333, "epsilon": 10.550481388572864, "gamma": 0.5180401786158113, "lamda": 0.6073106435502322}, "datetime": {"datetime": "2021-06-28 19:17:15", "elapsed": 2347.72512, "delta": 2.107149}}
{"target": -33.1723295693379, "params": {"C": 18.38601338032493, "epsilon": 12.31478371399872, "gamma": 0.5617771506714054, "lamda": 0.6746928105934195}, "datetime": {"datetime": "2021-06-28 19:17:30", "elapsed": 2363.092136, "delta": 15.367016}}
{"target": -21.986460770787836, "params": {"C": 16.93093165786581, "epsilon": 5.282677148399699, "gamma": 0.742377221559491, "lamda": 0.42183849178637983}, "datetime": {"datetime": "2021-06-28 19:17:32", "elapsed": 2365.04448, "delta": 1.952344}}
{"target": -23.19063804873056, "params": {"C": 17.72872813181923, "epsilon": 14.017075854815413, "gamma": 0.9758354382953546, "lamda": 0.7696529950173024}, "datetime": {"datetime": "2021-06-28 19:17:34", "elapsed": 2366.868945, "delta": 1.824465}}
{"target": -17.946033693418276, "params": {"C": 18.401133673112586, "epsilon": 12.117566137425976, "gamma": 0.3046258922205939, "lamda": 0.060532359613921984}, "datetime": {"datetime": "2021-06-28 19:17:36", "elapsed": 2369.378751, "delta": 2.509806}}
{"target": -21.990153954385743, "params": {"C": 16.674864530840573, "epsilon": 11.385713237002612, "gamma": 0.7662732759778209, "lamda": 0.08312345255607007}, "datetime": {"datetime": "2021-06-28 19:17:39", "elapsed": 2372.201157, "delta": 2.822406}}
{"target": -19.427724918750183, "params": {"C": 16.137514156919636, "epsilon": 14.863382174722654, "gamma": 0.44336978729320226, "lamda": 0.9723580461533666}, "datetime": {"datetime": "2021-06-28 19:17:41", "elapsed": 2374.309341, "delta": 2.108184}}
{"target": -18.562987916401532, "params": {"C": 19.27879223848388, "epsilon": 6.361908201268433, "gamma": 0.36650794625207267, "lamda": 0.1605481347409983}, "datetime": {"datetime": "2021-06-28 19:17:43", "elapsed": 2376.157081, "delta": 1.84774}}
{"target": -19.74632566227704, "params": {"C": 17.751028256037507, "epsilon": 11.264893995688155, "gamma": 0.4610068437948237, "lamda": 0.15146969143475833}, "datetime": {"datetime": "2021-06-28 19:17:55", "elapsed": 2387.68924, "delta": 11.532159}}
{"target": -38.38303736807255, "params": {"C": 17.570651291378002, "epsilon": 12.027000672302266, "gamma": 0.24958116103461483, "lamda": 0.7146458872526394}, "datetime": {"datetime": "2021-06-28 19:18:09", "elapsed": 2402.318148, "delta": 14.628908}}
{"target": -21.439984800212557, "params": {"C": 19.34792889912332, "epsilon": 13.379992241417131, "gamma": 0.682325351030821, "lamda": 0.28934052946603234}, "datetime": {"datetime": "2021-06-28 19:18:11", "elapsed": 2404.405198, "delta": 2.08705}}
{"target": -22.274168666386156, "params": {"C": 19.41907365134546, "epsilon": 10.172112879430241, "gamma": 0.8044531418024308, "lamda": 0.4390011903464595}, "datetime": {"datetime": "2021-06-28 19:18:13", "elapsed": 2406.234478, "delta": 1.82928}}
{"target": -19.219505227667685, "params": {"C": 19.483079786576795, "epsilon": 14.424766453058519, "gamma": 0.4247869041814015, "lamda": 0.01884106190591397}, "datetime": {"datetime": "2021-06-28 19:18:15", "elapsed": 2408.263952, "delta": 2.029474}}
{"target": -65.58796100881604, "params": {"C": 16.37943381105769, "epsilon": 6.609147744979648, "gamma": 0.10078128681931169, "lamda": 0.8744878064180457}, "datetime": {"datetime": "2021-06-28 19:18:34", "elapsed": 2427.094294, "delta": 18.830342}}
{"target": -19.11186860396629, "params": {"C": 15.198913344923623, "epsilon": 14.449095586227703, "gamma": 0.4211613861885208, "lamda": 0.204608031943168}, "datetime": {"datetime": "2021-06-28 19:18:36", "elapsed": 2429.34289, "delta": 2.248596}}
{"target": -22.216905943824248, "params": {"C": 19.64236653117471, "epsilon": 12.603771753458496, "gamma": 0.804868280071123, "lamda": 0.9935956149152926}, "datetime": {"datetime": "2021-06-28 19:18:39", "elapsed": 2432.249897, "delta": 2.907007}}
{"target": -20.25775282546178, "params": {"C": 15.788668240723688, "epsilon": 9.819200495851542, "gamma": 0.5177650281525384, "lamda": 0.12620751049890486}, "datetime": {"datetime": "2021-06-28 19:18:41", "elapsed": 2434.51309, "delta": 2.263193}}
{"target": -23.07486050223985, "params": {"C": 15.819924908883038, "epsilon": 5.940316930211081, "gamma": 0.91862897284962, "lamda": 0.3521992834619057}, "datetime": {"datetime": "2021-06-28 19:18:43", "elapsed": 2436.488303, "delta": 1.975213}}
{"target": -19.218727965894146, "params": {"C": 18.846314452289228, "epsilon": 12.3348251079472, "gamma": 0.4251155427410907, "lamda": 0.04364525767974141}, "datetime": {"datetime": "2021-06-28 19:18:45", "elapsed": 2438.618795, "delta": 2.130492}}
{"target": -33.480407916043376, "params": {"C": 17.13453314222817, "epsilon": 10.529700951565172, "gamma": 0.5330374427552853, "lamda": 0.9431787177594593}, "datetime": {"datetime": "2021-06-28 19:19:04", "elapsed": 2456.982889, "delta": 18.364094}}
{"target": -22.44427755121788, "params": {"C": 18.98016599855328, "epsilon": 6.416767523531483, "gamma": 0.8138466316923876, "lamda": 0.8035788279903264}, "datetime": {"datetime": "2021-06-28 19:19:06", "elapsed": 2459.11093, "delta": 2.128041}}
{"target": -21.673363175917938, "params": {"C": 18.92646324857662, "epsilon": 7.390019889480209, "gamma": 0.7041297313560575, "lamda": 0.17875324990709146}, "datetime": {"datetime": "2021-06-28 19:19:08", "elapsed": 2461.385964, "delta": 2.275034}}
{"target": -37.213201500046445, "params": {"C": 19.367853549129975, "epsilon": 8.89776142834073, "gamma": 0.366146230919713, "lamda": 0.8625559557609156}, "datetime": {"datetime": "2021-06-28 19:19:25", "elapsed": 2477.895456, "delta": 16.509492}}
{"target": -18.786044684600288, "params": {"C": 17.981136856851393, "epsilon": 13.558941747055052, "gamma": 0.395010899792157, "lamda": 0.11943225149217897}, "datetime": {"datetime": "2021-06-28 19:19:27", "elapsed": 2480.294373, "delta": 2.398917}}
{"target": -23.46141377847315, "params": {"C": 18.35365990897558, "epsilon": 7.131722597341145, "gamma": 0.9874665476518759, "lamda": 0.08844975539137151}, "datetime": {"datetime": "2021-06-28 19:19:30", "elapsed": 2482.890632, "delta": 2.596259}}
{"target": -18.093074483433657, "params": {"C": 17.414622265932046, "epsilon": 11.192904361376465, "gamma": 0.33628480090619395, "lamda": 0.14535208715804723}, "datetime": {"datetime": "2021-06-28 19:19:32", "elapsed": 2485.515796, "delta": 2.625164}}
{"target": -38.46210724320008, "params": {"C": 19.499622010336584, "epsilon": 11.657536244955164, "gamma": 0.2464611339907344, "lamda": 0.9207239233900212}, "datetime": {"datetime": "2021-06-28 19:19:47", "elapsed": 2500.612361, "delta": 15.096565}}
{"target": -23.368834994532122, "params": {"C": 19.854343614061854, "epsilon": 11.616695865803234, "gamma": 0.9961959323519294, "lamda": 0.9937557830408187}, "datetime": {"datetime": "2021-06-28 19:19:50", "elapsed": 2503.398155, "delta": 2.785794}}
{"target": -17.642068312971666, "params": {"C": 19.402489242720627, "epsilon": 13.984923306320193, "gamma": 0.26660555446799244, "lamda": 0.11555570658241936}, "datetime": {"datetime": "2021-06-28 19:19:55", "elapsed": 2508.082087, "delta": 4.683932}}
{"target": -22.372646701546216, "params": {"C": 17.33800853842243, "epsilon": 10.713434215806426, "gamma": 0.8238611101701674, "lamda": 0.10148808865013048}, "datetime": {"datetime": "2021-06-28 19:19:57", "elapsed": 2510.466494, "delta": 2.384407}}
{"target": -21.25488284280184, "params": {"C": 16.399377884195964, "epsilon": 14.81956945265663, "gamma": 0.657605791709115, "lamda": 0.568458165321564}, "datetime": {"datetime": "2021-06-28 19:20:03", "elapsed": 2516.030032, "delta": 5.563538}}
{"target": -19.128849809605047, "params": {"C": 17.394510842308218, "epsilon": 10.712257339105555, "gamma": 0.41400045275626757, "lamda": 0.2983936847084502}, "datetime": {"datetime": "2021-06-28 19:20:05", "elapsed": 2518.118727, "delta": 2.088695}}
{"target": -15.962154894475214, "params": {"C": 16.494483770964766, "epsilon": 9.931001264160535, "gamma": 0.19210290905283178, "lamda": 0.05136682705644357}, "datetime": {"datetime": "2021-06-28 19:20:09", "elapsed": 2522.526902, "delta": 4.408175}}
{"target": -91.63673685116557, "params": {"C": 17.170971597387734, "epsilon": 10.859762187012421, "gamma": 0.04636309306784858, "lamda": 0.017116397461952627}, "datetime": {"datetime": "2021-06-28 19:20:26", "elapsed": 2539.451394, "delta": 16.924492}}
{"target": -19.90670163319391, "params": {"C": 16.304592597143852, "epsilon": 12.909826047307586, "gamma": 0.48223192046439317, "lamda": 0.8187929547137354}, "datetime": {"datetime": "2021-06-28 19:20:29", "elapsed": 2541.846811, "delta": 2.395417}}
{"target": -19.404496751821355, "params": {"C": 19.497464742815904, "epsilon": 8.837453134395354, "gamma": 0.433376608764174, "lamda": 0.3088140128576783}, "datetime": {"datetime": "2021-06-28 19:20:31", "elapsed": 2544.122345, "delta": 2.275534}}
{"target": -35.45637014707237, "params": {"C": 15.466626744215136, "epsilon": 12.484101454949098, "gamma": 0.3675119289230283, "lamda": 0.839937185592892}, "datetime": {"datetime": "2021-06-28 19:20:45", "elapsed": 2558.634464, "delta": 14.512119}}
{"target": -64.69521793001768, "params": {"C": 16.475577284840693, "epsilon": 12.689752187355216, "gamma": 0.088171365728298, "lamda": 0.19896490730350133}, "datetime": {"datetime": "2021-06-28 19:21:09", "elapsed": 2582.229911, "delta": 23.595447}}
{"target": -22.23686308685913, "params": {"C": 16.428397000567315, "epsilon": 14.314925100656676, "gamma": 0.8117393492686431, "lamda": 0.7567655309557478}, "datetime": {"datetime": "2021-06-28 19:21:11", "elapsed": 2584.5206, "delta": 2.290689}}
{"target": -35.46366073738312, "params": {"C": 15.08821842354552, "epsilon": 10.169557806989559, "gamma": 0.39764435306636914, "lamda": 0.8333541067944961}, "datetime": {"datetime": "2021-06-28 19:21:26", "elapsed": 2598.885384, "delta": 14.364784}}
{"target": -22.585681158862503, "params": {"C": 19.583017587288058, "epsilon": 9.697116015696855, "gamma": 0.8505127200694843, "lamda": 0.20789237363894067}, "datetime": {"datetime": "2021-06-28 19:21:30", "elapsed": 2603.107356, "delta": 4.221972}}
{"target": -20.210395814967924, "params": {"C": 18.122432906897565, "epsilon": 5.321169351881016, "gamma": 0.508555220178005, "lamda": 0.9563189275867823}, "datetime": {"datetime": "2021-06-28 19:21:32", "elapsed": 2605.294703, "delta": 2.187347}}
{"target": -23.082379680874965, "params": {"C": 16.557154695300753, "epsilon": 5.53863916134654, "gamma": 0.9177742160841421, "lamda": 0.8897806095365368}, "datetime": {"datetime": "2021-06-28 19:21:35", "elapsed": 2608.399876, "delta": 3.105173}}
{"target": -20.69250200284881, "params": {"C": 16.47688959787113, "epsilon": 14.792219961763493, "gamma": 0.5639743831790339, "lamda": 0.2487072734073634}, "datetime": {"datetime": "2021-06-28 19:21:38", "elapsed": 2611.521911, "delta": 3.122035}}
{"target": -71.67799269783626, "params": {"C": 15.438855876148802, "epsilon": 8.377174323031307, "gamma": 0.08571867308739492, "lamda": 0.6122637825345078}, "datetime": {"datetime": "2021-06-28 19:21:55", "elapsed": 2627.745932, "delta": 16.224021}}
{"target": -21.181488723462298, "params": {"C": 17.155691670174484, "epsilon": 14.255132979442903, "gamma": 0.6307216702589845, "lamda": 0.11074795700116641}, "datetime": {"datetime": "2021-06-28 19:21:57", "elapsed": 2630.225854, "delta": 2.479922}}
{"target": -23.320111305319493, "params": {"C": 15.88594459152854, "epsilon": 10.65729081081629, "gamma": 0.9801136509987158, "lamda": 0.05028706545003861}, "datetime": {"datetime": "2021-06-28 19:22:00", "elapsed": 2632.858931, "delta": 2.633077}}
{"target": -18.10851707768638, "params": {"C": 16.54916953270235, "epsilon": 13.240657067898859, "gamma": 0.33780804104377987, "lamda": 0.38106301092488404}, "datetime": {"datetime": "2021-06-28 19:22:02", "elapsed": 2635.110776, "delta": 2.251845}}
{"target": -18.900737032861194, "params": {"C": 18.39654851058869, "epsilon": 5.562032027740703, "gamma": 0.39283072186429896, "lamda": 0.520371204376832}, "datetime": {"datetime": "2021-06-28 19:22:04", "elapsed": 2637.407154, "delta": 2.296378}}
{"target": -45.85690960371309, "params": {"C": 17.19841188824304, "epsilon": 8.024300901377739, "gamma": 0.18009122395837152, "lamda": 0.3372957970493727}, "datetime": {"datetime": "2021-06-28 19:22:18", "elapsed": 2650.652772, "delta": 13.245618}}
{"target": -54.52762606786051, "params": {"C": 18.54650493573748, "epsilon": 10.722429911571755, "gamma": 0.12708274458600108, "lamda": 0.35715740834312326}, "datetime": {"datetime": "2021-06-28 19:22:44", "elapsed": 2677.21832, "delta": 26.565548}}
{"target": -23.29027209162667, "params": {"C": 18.64677998722478, "epsilon": 6.405209399193499, "gamma": 0.9556943956541439, "lamda": 0.0935772541009523}, "datetime": {"datetime": "2021-06-28 19:22:47", "elapsed": 2680.228507, "delta": 3.010187}}
{"target": -12.109164954765953, "params": {"C": 16.265355624837, "epsilon": 9.343759798355354, "gamma": 0.07003105526009316, "lamda": 0.0421555747303371}, "datetime": {"datetime": "2021-06-28 19:22:50", "elapsed": 2683.514099, "delta": 3.285592}}
{"target": -21.676469203773372, "params": {"C": 18.926839073933003, "epsilon": 9.73381533700985, "gamma": 0.7119909178893845, "lamda": 0.018460997434245875}, "datetime": {"datetime": "2021-06-28 19:22:59", "elapsed": 2692.17424, "delta": 8.660141}}
{"target": -47.07994058679058, "params": {"C": 19.346168600386573, "epsilon": 9.00432351938459, "gamma": 0.18369545632227846, "lamda": 0.5667475648576714}, "datetime": {"datetime": "2021-06-28 19:23:20", "elapsed": 2713.176178, "delta": 21.001938}}
{"target": -23.39194861554769, "params": {"C": 16.173695598182103, "epsilon": 9.67339625997612, "gamma": 0.9894679153478915, "lamda": 0.022793435194950952}, "datetime": {"datetime": "2021-06-28 19:23:23", "elapsed": 2716.034393, "delta": 2.858215}}
{"target": -39.95082497084195, "params": {"C": 16.82145347672182, "epsilon": 6.096469027304944, "gamma": 0.28511344964557095, "lamda": 0.6076454201036355}, "datetime": {"datetime": "2021-06-28 19:23:39", "elapsed": 2731.693649, "delta": 15.659256}}
{"target": -23.125582552944437, "params": {"C": 16.266358750174057, "epsilon": 10.73830895647803, "gamma": 0.9465348851695604, "lamda": 0.9405795310028319}, "datetime": {"datetime": "2021-06-28 19:23:42", "elapsed": 2734.964163, "delta": 3.270514}}
{"target": -21.194232715228903, "params": {"C": 18.902043764792026, "epsilon": 5.967558090488491, "gamma": 0.6121644239741421, "lamda": 0.13753807782952868}, "datetime": {"datetime": "2021-06-28 19:23:45", "elapsed": 2737.734432, "delta": 2.770269}}
{"target": -20.116191211097618, "params": {"C": 15.978545779636905, "epsilon": 11.390641589245819, "gamma": 0.5155424068369282, "lamda": 0.46586591252968107}, "datetime": {"datetime": "2021-06-28 19:23:47", "elapsed": 2740.081312, "delta": 2.34688}}
{"target": -20.919461064215565, "params": {"C": 18.875517542047174, "epsilon": 6.013447270994838, "gamma": 0.5645832902190907, "lamda": 0.15634291836353106}, "datetime": {"datetime": "2021-06-28 19:23:50", "elapsed": 2742.932915, "delta": 2.851603}}
{"target": -81.3270565520951, "params": {"C": 19.67481710867619, "epsilon": 9.973683066866105, "gamma": 0.06646791210598692, "lamda": 0.3222869513164183}, "datetime": {"datetime": "2021-06-28 19:24:07", "elapsed": 2760.372669, "delta": 17.439754}}
{"target": -34.72464688768224, "params": {"C": 17.713981520707705, "epsilon": 10.496197532407855, "gamma": 0.4766930510756654, "lamda": 0.7506722923955902}, "datetime": {"datetime": "2021-06-28 19:24:27", "elapsed": 2780.042992, "delta": 19.670323}}
{"target": -23.362788532785203, "params": {"C": 17.00604493462351, "epsilon": 6.090066792777334, "gamma": 0.9679098216734762, "lamda": 0.5128913300506169}, "datetime": {"datetime": "2021-06-28 19:24:30", "elapsed": 2783.178026, "delta": 3.135034}}
{"target": -22.974799505773273, "params": {"C": 19.67067205077283, "epsilon": 5.027212599531861, "gamma": 0.9008532648224477, "lamda": 0.370178552605623}, "datetime": {"datetime": "2021-06-28 19:24:32", "elapsed": 2785.547478, "delta": 2.369452}}
{"target": -22.06612450924748, "params": {"C": 17.240021386166756, "epsilon": 12.907370528031148, "gamma": 0.7840041615682976, "lamda": 0.36620270527314164}, "datetime": {"datetime": "2021-06-28 19:24:36", "elapsed": 2788.905015, "delta": 3.357537}}
{"target": -22.835897739195875, "params": {"C": 19.966598249006566, "epsilon": 13.83005630178419, "gamma": 0.9157733797450698, "lamda": 0.31113436646082077}, "datetime": {"datetime": "2021-06-28 19:24:39", "elapsed": 2792.150697, "delta": 3.245682}}
{"target": -21.22778524637919, "params": {"C": 17.736579225410445, "epsilon": 6.824742886128056, "gamma": 0.6170669452874954, "lamda": 0.0688513951481201}, "datetime": {"datetime": "2021-06-28 19:24:42", "elapsed": 2795.388363, "delta": 3.237666}}
{"target": -20.1162360488092, "params": {"C": 16.400260058902628, "epsilon": 9.5499920481142, "gamma": 0.5132480274322601, "lamda": 0.9426472276522483}, "datetime": {"datetime": "2021-06-28 19:24:45", "elapsed": 2798.590185, "delta": 3.201822}}
{"target": -23.542714978225895, "params": {"C": 19.96956498791487, "epsilon": 6.4587197730690225, "gamma": 0.9997049148596774, "lamda": 0.011421634635426059}, "datetime": {"datetime": "2021-06-28 19:24:48", "elapsed": 2800.957833, "delta": 2.367648}}
{"target": -17.606533750863544, "params": {"C": 16.746742419655195, "epsilon": 14.29781728487549, "gamma": 0.2747762359699059, "lamda": 0.22655378548758492}, "datetime": {"datetime": "2021-06-28 19:24:52", "elapsed": 2805.130037, "delta": 4.172204}}
{"target": -21.29751276972499, "params": {"C": 16.421349359361276, "epsilon": 5.9328991450516675, "gamma": 0.626748840239472, "lamda": 0.07982134474580042}, "datetime": {"datetime": "2021-06-28 19:24:56", "elapsed": 2808.893622, "delta": 3.763585}}
{"target": -17.786910587934948, "params": {"C": 18.476495150867976, "epsilon": 5.3103421750912645, "gamma": 0.2744685007051331, "lamda": 0.5860209082308148}, "datetime": {"datetime": "2021-06-28 19:24:58", "elapsed": 2811.556682, "delta": 2.66306}}
