{"target": -12.296592656634253, "params": {"C": 5.566660984519975, "epsilon": 9.001143904434144, "gamma": 0.01, "lamda": 0.7}, "datetime": {"datetime": "2021-06-21 19:50:23", "elapsed": 43.799224, "delta": 0.479718}}
{"target": -19.639205260924918, "params": {"C": 10.0, "epsilon": 3.9170886999672674, "gamma": 1.0, "lamda": 0.1}, "datetime": {"datetime": "2021-06-21 19:50:24", "elapsed": 44.17821, "delta": 0.378986}}
{"target": -12.545569314260344, "params": {"C": 3.53328361376682, "epsilon": 9.29489120517916, "gamma": 0.01, "lamda": 0.1}, "datetime": {"datetime": "2021-06-21 19:50:24", "elapsed": 44.609058, "delta": 0.430848}}
{"target": -11.833213688553784, "params": {"C": 9.07418085556068, "epsilon": 6.2391116182972075, "gamma": 0.01, "lamda": 0.1}, "datetime": {"datetime": "2021-06-21 19:50:25", "elapsed": 45.105731, "delta": 0.496673}}
{"target": -15.354928110035129, "params": {"C": 1.1796043649930963, "epsilon": 3.8158769509642108, "gamma": 0.01, "lamda": 0.7}, "datetime": {"datetime": "2021-06-21 19:50:25", "elapsed": 45.557524, "delta": 0.451793}}
{"target": -11.341270091032559, "params": {"C": 3.118934123393753, "epsilon": 7.230311037199981, "gamma": 0.05229872711933344, "lamda": 0.11032684009290694}, "datetime": {"datetime": "2021-06-21 19:50:26", "elapsed": 45.963437, "delta": 0.405913}}
{"target": -12.570237330839856, "params": {"C": 5.1323519136406786, "epsilon": 5.197029348522775, "gamma": 0.01, "lamda": 0.7}, "datetime": {"datetime": "2021-06-21 19:50:26", "elapsed": 46.439164, "delta": 0.475727}}
{"target": -11.32129098154421, "params": {"C": 9.969683085090088, "epsilon": 5.695645969886621, "gamma": 0.01969631006334567, "lamda": 0.6759777209346834}, "datetime": {"datetime": "2021-06-21 19:50:27", "elapsed": 46.966754, "delta": 0.52759}}
{"target": -20.18791264135082, "params": {"C": 4.337118061054672, "epsilon": 8.125263591910198, "gamma": 1.0, "lamda": 0.1}, "datetime": {"datetime": "2021-06-21 19:50:27", "elapsed": 47.412562, "delta": 0.445808}}
{"target": -11.873690747417893, "params": {"C": 7.941570368683073, "epsilon": 5.714925060551212, "gamma": 0.01, "lamda": 0.1}, "datetime": {"datetime": "2021-06-21 19:50:28", "elapsed": 47.928182, "delta": 0.51562}}
{"target": -13.258205073171453, "params": {"C": 3.9011468782597785, "epsilon": 0.001, "gamma": 0.01, "lamda": 0.1}, "datetime": {"datetime": "2021-06-21 19:50:28", "elapsed": 48.391942, "delta": 0.46376}}
{"target": -19.706601896497563, "params": {"C": 7.2436769413321125, "epsilon": 10.0, "gamma": 1.0, "lamda": 0.1}, "datetime": {"datetime": "2021-06-21 19:50:28", "elapsed": 48.831766, "delta": 0.439824}}
{"target": -13.630024461558879, "params": {"C": 2.1521311355466204, "epsilon": 6.225118926454362, "gamma": 0.01, "lamda": 0.1}, "datetime": {"datetime": "2021-06-21 19:50:29", "elapsed": 49.287548, "delta": 0.455782}}
{"target": -33.142859481047935, "params": {"C": 0.001, "epsilon": 10.0, "gamma": 0.01, "lamda": 0.7}, "datetime": {"datetime": "2021-06-21 19:50:29", "elapsed": 49.719398, "delta": 0.43185}}
{"target": -14.846538588213607, "params": {"C": 1.5048407876505592, "epsilon": 2.150786852601248, "gamma": 0.01, "lamda": 0.1}, "datetime": {"datetime": "2021-06-21 19:50:30", "elapsed": 50.235014, "delta": 0.515616}}
{"target": -12.91954338495162, "params": {"C": 3.5698346225942856, "epsilon": 4.583368183782439, "gamma": 0.01, "lamda": 0.1}, "datetime": {"datetime": "2021-06-21 19:50:30", "elapsed": 50.745648, "delta": 0.510634}}
{"target": -12.012693312294664, "params": {"C": 7.076976521571437, "epsilon": 5.107529127726535, "gamma": 0.011519468615171476, "lamda": 0.660975781660047}, "datetime": {"datetime": "2021-06-21 19:50:31", "elapsed": 51.235339, "delta": 0.489691}}
{"target": -20.956541865449587, "params": {"C": 2.099985939028339, "epsilon": 6.92877962300155, "gamma": 1.0, "lamda": 0.1}, "datetime": {"datetime": "2021-06-21 19:50:31", "elapsed": 51.782875, "delta": 0.547536}}
{"target": -12.713814555029646, "params": {"C": 4.803643447151077, "epsilon": 3.3559738519552518, "gamma": 0.01, "lamda": 0.1}, "datetime": {"datetime": "2021-06-21 19:50:32", "elapsed": 52.520902, "delta": 0.738027}}
{"target": -11.854748883260406, "params": {"C": 10.0, "epsilon": 6.44520323152694, "gamma": 0.01, "lamda": 0.1}, "datetime": {"datetime": "2021-06-21 19:50:33", "elapsed": 53.204075, "delta": 0.683173}}
{"target": -11.945695558192346, "params": {"C": 9.267935941384343, "epsilon": 4.702512927290944, "gamma": 0.01, "lamda": 0.1}, "datetime": {"datetime": "2021-06-21 19:50:34", "elapsed": 53.947088, "delta": 0.743013}}
{"target": -12.111205882434382, "params": {"C": 8.982403633882688, "epsilon": 2.4087094983840784, "gamma": 0.01, "lamda": 0.1}, "datetime": {"datetime": "2021-06-21 19:50:34", "elapsed": 54.579397, "delta": 0.632309}}
{"target": -19.53394726461245, "params": {"C": 10.0, "epsilon": 7.491299528153538, "gamma": 1.0, "lamda": 0.1}, "datetime": {"datetime": "2021-06-21 19:50:35", "elapsed": 55.177797, "delta": 0.5984}}
{"target": -11.825556306752027, "params": {"C": 8.872492670766862, "epsilon": 10.0, "gamma": 0.01, "lamda": 0.7}, "datetime": {"datetime": "2021-06-21 19:50:35", "elapsed": 55.862966, "delta": 0.685169}}
{"target": -13.466227178905466, "params": {"C": 2.6024699680261176, "epsilon": 5.156551369677928, "gamma": 0.01, "lamda": 0.7}, "datetime": {"datetime": "2021-06-21 19:50:36", "elapsed": 56.531177, "delta": 0.668211}}
{"target": -11.908255812641647, "params": {"C": 9.115763222116282, "epsilon": 7.596895725085603, "gamma": 0.01, "lamda": 0.7}, "datetime": {"datetime": "2021-06-21 19:50:37", "elapsed": 57.306107, "delta": 0.77493}}
{"target": -13.019470592505058, "params": {"C": 2.875953494443414, "epsilon": 10.0, "gamma": 0.01, "lamda": 0.7}, "datetime": {"datetime": "2021-06-21 19:50:38", "elapsed": 58.093001, "delta": 0.786894}}
{"target": -11.955075468664269, "params": {"C": 8.50657989558838, "epsilon": 6.3087770949003765, "gamma": 0.01, "lamda": 0.7}, "datetime": {"datetime": "2021-06-21 19:50:38", "elapsed": 58.810086, "delta": 0.717085}}
{"target": -21.051251733936486, "params": {"C": 1.799244550538047, "epsilon": 10.0, "gamma": 1.0, "lamda": 0.7}, "datetime": {"datetime": "2021-06-21 19:50:39", "elapsed": 59.493258, "delta": 0.683172}}
{"target": -12.943155671142517, "params": {"C": 5.09694623149044, "epsilon": 0.001, "gamma": 0.01, "lamda": 0.7}, "datetime": {"datetime": "2021-06-21 19:50:40", "elapsed": 60.179423, "delta": 0.686165}}
{"target": -13.156577808779002, "params": {"C": 2.832580230245862, "epsilon": 7.8476001884020965, "gamma": 0.01, "lamda": 0.7}, "datetime": {"datetime": "2021-06-21 19:50:41", "elapsed": 60.886534, "delta": 0.707111}}
{"target": -14.225682414302963, "params": {"C": 2.0100594651966666, "epsilon": 1.5113540365872185, "gamma": 0.01, "lamda": 0.7}, "datetime": {"datetime": "2021-06-21 19:50:41", "elapsed": 61.574691, "delta": 0.688157}}
{"target": -12.110083759209148, "params": {"C": 7.901482245218066, "epsilon": 2.464434205303084, "gamma": 0.01, "lamda": 0.1}, "datetime": {"datetime": "2021-06-21 19:50:42", "elapsed": 62.263849, "delta": 0.689158}}
{"target": -13.293221291945107, "params": {"C": 3.494123613543502, "epsilon": 0.9922629462732749, "gamma": 0.01, "lamda": 0.7}, "datetime": {"datetime": "2021-06-21 19:50:43", "elapsed": 62.946024, "delta": 0.682175}}
{"target": -12.656846061845496, "params": {"C": 4.212376454221054, "epsilon": 9.069345083468342, "gamma": 0.01, "lamda": 0.7}, "datetime": {"datetime": "2021-06-21 19:50:43", "elapsed": 63.57235, "delta": 0.626326}}
{"target": -12.448082326448104, "params": {"C": 6.701848431155503, "epsilon": 1.6805387477580294, "gamma": 0.01, "lamda": 0.7}, "datetime": {"datetime": "2021-06-21 19:50:44", "elapsed": 64.258514, "delta": 0.686164}}
{"target": -12.21441504376221, "params": {"C": 5.73981642858932, "epsilon": 10.0, "gamma": 0.01, "lamda": 0.7}, "datetime": {"datetime": "2021-06-21 19:50:45", "elapsed": 64.946675, "delta": 0.688161}}
{"target": -11.598968738206871, "params": {"C": 8.417426025312425, "epsilon": 10.0, "gamma": 0.01, "lamda": 0.1}, "datetime": {"datetime": "2021-06-21 19:50:45", "elapsed": 65.571005, "delta": 0.62433}}
{"target": -12.580129491923858, "params": {"C": 4.838385144581158, "epsilon": 4.671129136907345, "gamma": 0.01, "lamda": 0.1}, "datetime": {"datetime": "2021-06-21 19:50:46", "elapsed": 66.176386, "delta": 0.605381}}
{"target": -12.470201354786992, "params": {"C": 6.324213008228537, "epsilon": 2.716440024741563, "gamma": 0.01, "lamda": 0.7}, "datetime": {"datetime": "2021-06-21 19:50:47", "elapsed": 66.878509, "delta": 0.702123}}
{"target": -11.948283283648783, "params": {"C": 10.0, "epsilon": 8.224405010619428, "gamma": 0.01, "lamda": 0.7}, "datetime": {"datetime": "2021-06-21 19:50:47", "elapsed": 67.559687, "delta": 0.681178}}
{"target": -19.841258997623186, "params": {"C": 8.160958984879342, "epsilon": 4.751269587342761, "gamma": 1.0, "lamda": 0.7}, "datetime": {"datetime": "2021-06-21 19:50:48", "elapsed": 68.401438, "delta": 0.841751}}
{"target": -12.624493899239623, "params": {"C": 6.013501200341624, "epsilon": 1.0394756569983847, "gamma": 0.01, "lamda": 0.1}, "datetime": {"datetime": "2021-06-21 19:50:49", "elapsed": 69.151432, "delta": 0.749994}}
{"target": -12.092070831741431, "params": {"C": 7.511783451453783, "epsilon": 3.997091931508698, "gamma": 0.01, "lamda": 0.7}, "datetime": {"datetime": "2021-06-21 19:50:50", "elapsed": 69.916386, "delta": 0.764954}}
{"target": -12.143158961845895, "params": {"C": 10.0, "epsilon": 3.196993900118383, "gamma": 0.01, "lamda": 0.7}, "datetime": {"datetime": "2021-06-21 19:50:50", "elapsed": 70.550699, "delta": 0.634313}}
{"target": -20.272702169533353, "params": {"C": 6.269952835609385, "epsilon": 0.001, "gamma": 1.0, "lamda": 0.7}, "datetime": {"datetime": "2021-06-21 19:50:51", "elapsed": 71.305676, "delta": 0.754977}}
{"target": -11.665836114864836, "params": {"C": 10.0, "epsilon": 10.0, "gamma": 0.01, "lamda": 0.1}, "datetime": {"datetime": "2021-06-21 19:50:52", "elapsed": 72.17335, "delta": 0.867674}}
{"target": -13.134707569713754, "params": {"C": 3.336268182757872, "epsilon": 3.912307666731144, "gamma": 0.01, "lamda": 0.7}, "datetime": {"datetime": "2021-06-21 19:50:53", "elapsed": 73.239499, "delta": 1.066149}}
{"target": -11.940782934888269, "params": {"C": 10.0, "epsilon": 5.164880293780496, "gamma": 0.01, "lamda": 0.1}, "datetime": {"datetime": "2021-06-21 19:50:54", "elapsed": 73.992486, "delta": 0.752987}}
{"target": -14.18973219516487, "params": {"C": 2.217501303608366, "epsilon": 0.001, "gamma": 0.01, "lamda": 0.1}, "datetime": {"datetime": "2021-06-21 19:50:54", "elapsed": 74.667681, "delta": 0.675195}}
{"target": -12.792982403390795, "params": {"C": 4.225187393432041, "epsilon": 6.254291786751647, "gamma": 0.01, "lamda": 0.7}, "datetime": {"datetime": "2021-06-21 19:50:55", "elapsed": 75.41967, "delta": 0.751989}}
{"target": -12.66751728547731, "params": {"C": 3.3253572474515476, "epsilon": 8.260506155770154, "gamma": 0.01, "lamda": 0.1}, "datetime": {"datetime": "2021-06-21 19:50:56", "elapsed": 76.099851, "delta": 0.680181}}
{"target": -12.898315270048977, "params": {"C": 3.231859398589132, "epsilon": 5.790059227122688, "gamma": 0.01, "lamda": 0.1}, "datetime": {"datetime": "2021-06-21 19:50:56", "elapsed": 76.710219, "delta": 0.610368}}
{"target": -12.183133802382153, "params": {"C": 7.656383211685105, "epsilon": 2.103726105886081, "gamma": 0.01, "lamda": 0.7}, "datetime": {"datetime": "2021-06-21 19:50:57", "elapsed": 77.392396, "delta": 0.682177}}
{"target": -12.169193802074082, "params": {"C": 9.55215025735798, "epsilon": 2.28857141104829, "gamma": 0.01, "lamda": 0.7}, "datetime": {"datetime": "2021-06-21 19:50:58", "elapsed": 78.152369, "delta": 0.759973}}
{"target": -11.9297349678916, "params": {"C": 10.0, "epsilon": 9.326973554294543, "gamma": 0.01, "lamda": 0.7}, "datetime": {"datetime": "2021-06-21 19:50:59", "elapsed": 78.974165, "delta": 0.821796}}
{"target": -34.49972600421787, "params": {"C": 0.001, "epsilon": 3.8355031558189876, "gamma": 0.01, "lamda": 0.1}, "datetime": {"datetime": "2021-06-21 19:50:59", "elapsed": 79.731149, "delta": 0.756984}}
{"target": -12.411528439322856, "params": {"C": 4.0160677993170575, "epsilon": 10.0, "gamma": 0.01, "lamda": 0.1}, "datetime": {"datetime": "2021-06-21 19:51:00", "elapsed": 80.57289, "delta": 0.841741}}
{"target": -21.146622762088533, "params": {"C": 3.1809746080302115, "epsilon": 0.001, "gamma": 1.0, "lamda": 0.1}, "datetime": {"datetime": "2021-06-21 19:51:01", "elapsed": 81.509387, "delta": 0.936497}}
{"target": -12.194713330447652, "params": {"C": 5.71372802476625, "epsilon": 6.915122062316273, "gamma": 0.01, "lamda": 0.1}, "datetime": {"datetime": "2021-06-21 19:51:02", "elapsed": 82.374074, "delta": 0.864687}}
{"target": -11.868861821976518, "params": {"C": 8.217861845352365, "epsilon": 8.736518492939002, "gamma": 0.01, "lamda": 0.7}, "datetime": {"datetime": "2021-06-21 19:51:03", "elapsed": 83.324532, "delta": 0.950458}}
{"target": -13.03011612857431, "params": {"C": 1.5357308785125323, "epsilon": 4.818085538922511, "gamma": 0.020753142671802734, "lamda": 0.6826125254088188}, "datetime": {"datetime": "2021-06-21 19:51:04", "elapsed": 84.361759, "delta": 1.037227}}
{"target": -14.90846342560433, "params": {"C": 1.295435413440417, "epsilon": 6.206510198501848, "gamma": 0.01, "lamda": 0.7}, "datetime": {"datetime": "2021-06-21 19:51:05", "elapsed": 85.161619, "delta": 0.79986}}
{"target": -13.58241380541713, "params": {"C": 1.832927410467955, "epsilon": 9.356616823417676, "gamma": 0.01, "lamda": 0.1}, "datetime": {"datetime": "2021-06-21 19:51:05", "elapsed": 85.846787, "delta": 0.685168}}
{"target": -11.783620545271548, "params": {"C": 10.0, "epsilon": 7.566978836149147, "gamma": 0.01, "lamda": 0.1}, "datetime": {"datetime": "2021-06-21 19:51:06", "elapsed": 86.588803, "delta": 0.742016}}
{"target": -14.848816096463672, "params": {"C": 1.230422312825684, "epsilon": 8.068539226831664, "gamma": 0.01, "lamda": 0.7}, "datetime": {"datetime": "2021-06-21 19:51:07", "elapsed": 87.329821, "delta": 0.741018}}
{"target": -12.083307079490002, "params": {"C": 6.768035069786319, "epsilon": 9.163208445764347, "gamma": 0.01, "lamda": 0.7}, "datetime": {"datetime": "2021-06-21 19:51:08", "elapsed": 88.169576, "delta": 0.839755}}
{"target": -13.540315147737768, "params": {"C": 2.7711622654207746, "epsilon": 2.3118428138090024, "gamma": 0.01, "lamda": 0.1}, "datetime": {"datetime": "2021-06-21 19:51:09", "elapsed": 88.990392, "delta": 0.820816}}
{"target": -13.997536998233489, "params": {"C": 2.0585427701922594, "epsilon": 3.9892538122997285, "gamma": 0.01, "lamda": 0.7}, "datetime": {"datetime": "2021-06-21 19:51:10", "elapsed": 90.04955, "delta": 1.059158}}
{"target": -12.553409904602637, "params": {"C": 4.806285183459187, "epsilon": 8.153450662595853, "gamma": 0.01, "lamda": 0.7}, "datetime": {"datetime": "2021-06-21 19:51:11", "elapsed": 90.944156, "delta": 0.894606}}
{"target": -13.333631006217054, "params": {"C": 2.6858272005109884, "epsilon": 6.644719393469677, "gamma": 0.01, "lamda": 0.7}, "datetime": {"datetime": "2021-06-21 19:51:12", "elapsed": 91.928525, "delta": 0.984369}}
{"target": -12.863840426184439, "params": {"C": 5.19238720862543, "epsilon": 0.5579656496068421, "gamma": 0.01, "lamda": 0.1}, "datetime": {"datetime": "2021-06-21 19:51:12", "elapsed": 92.82014, "delta": 0.891615}}
{"target": -12.093706380806479, "params": {"C": 5.2202239457577875, "epsilon": 10.0, "gamma": 0.01, "lamda": 0.1}, "datetime": {"datetime": "2021-06-21 19:51:13", "elapsed": 93.604047, "delta": 0.783907}}
{"target": -13.013690279997986, "params": {"C": 4.431465287936335, "epsilon": 1.5925739793730413, "gamma": 0.01, "lamda": 0.7}, "datetime": {"datetime": "2021-06-21 19:51:14", "elapsed": 94.416872, "delta": 0.812825}}
{"target": -13.581888630655591, "params": {"C": 1.9827101487643173, "epsilon": 7.968566353263011, "gamma": 0.01, "lamda": 0.1}, "datetime": {"datetime": "2021-06-21 19:51:15", "elapsed": 95.135947, "delta": 0.719075}}
{"target": -12.882335932365372, "params": {"C": 3.565149857482763, "epsilon": 7.2488028406100575, "gamma": 0.01, "lamda": 0.7}, "datetime": {"datetime": "2021-06-21 19:51:16", "elapsed": 95.990662, "delta": 0.854715}}
{"target": -12.707710834956485, "params": {"C": 5.889920250994547, "epsilon": 0.5623150304437701, "gamma": 0.01, "lamda": 0.7}, "datetime": {"datetime": "2021-06-21 19:51:16", "elapsed": 96.792519, "delta": 0.801857}}
{"target": -11.964775484125568, "params": {"C": 8.350444353593872, "epsilon": 4.455680574906599, "gamma": 0.010544564729484632, "lamda": 0.11882094132236459}, "datetime": {"datetime": "2021-06-21 19:51:17", "elapsed": 97.649227, "delta": 0.856708}}
{"target": -12.054875960845964, "params": {"C": 5.8453354118936165, "epsilon": 8.639747988064848, "gamma": 0.01, "lamda": 0.1}, "datetime": {"datetime": "2021-06-21 19:51:18", "elapsed": 98.433132, "delta": 0.783905}}
{"target": -12.352174550890275, "params": {"C": 6.470688636610757, "epsilon": 4.27945241474305, "gamma": 0.01, "lamda": 0.7}, "datetime": {"datetime": "2021-06-21 19:51:19", "elapsed": 99.158192, "delta": 0.72506}}
{"target": -12.692624307382102, "params": {"C": 5.296269967929394, "epsilon": 2.6083019109404533, "gamma": 0.01, "lamda": 0.7}, "datetime": {"datetime": "2021-06-21 19:51:20", "elapsed": 100.013904, "delta": 0.855712}}
{"target": -11.927506194035239, "params": {"C": 6.89303036449818, "epsilon": 8.290895357193167, "gamma": 0.01, "lamda": 0.1}, "datetime": {"datetime": "2021-06-21 19:51:20", "elapsed": 100.852661, "delta": 0.838757}}
{"target": -11.771731093180756, "params": {"C": 9.143768939515033, "epsilon": 7.153093940117045, "gamma": 0.01, "lamda": 0.1}, "datetime": {"datetime": "2021-06-21 19:51:21", "elapsed": 101.485968, "delta": 0.633307}}
{"target": -11.630718315773025, "params": {"C": 9.918952091074585, "epsilon": 3.634633702252553, "gamma": 0.015907668874716313, "lamda": 0.17824002702079667}, "datetime": {"datetime": "2021-06-21 19:51:22", "elapsed": 102.211034, "delta": 0.725066}}
{"target": -12.385783936368492, "params": {"C": 6.021607328584424, "epsilon": 5.61031894192889, "gamma": 0.01, "lamda": 0.7}, "datetime": {"datetime": "2021-06-21 19:51:22", "elapsed": 102.796463, "delta": 0.585429}}
{"target": -12.143052712141621, "params": {"C": 6.820094788068576, "epsilon": 7.378815998095065, "gamma": 0.01, "lamda": 0.7}, "datetime": {"datetime": "2021-06-21 19:51:23", "elapsed": 103.658158, "delta": 0.861695}}
{"target": -11.493378370070117, "params": {"C": 9.309129463502774, "epsilon": 5.88491281395991, "gamma": 0.017509641405402843, "lamda": 0.6970787197483432}, "datetime": {"datetime": "2021-06-21 19:51:24", "elapsed": 104.30144, "delta": 0.643282}}
{"target": -11.839792903959212, "params": {"C": 7.65090336823095, "epsilon": 10.0, "gamma": 0.01, "lamda": 0.7}, "datetime": {"datetime": "2021-06-21 19:51:25", "elapsed": 104.94771, "delta": 0.64627}}
{"target": -12.02774943940514, "params": {"C": 9.470069176715402, "epsilon": 5.018784555178878, "gamma": 0.01, "lamda": 0.7}, "datetime": {"datetime": "2021-06-21 19:51:25", "elapsed": 105.602959, "delta": 0.655249}}
{"target": -12.686737006607363, "params": {"C": 3.7660841191441485, "epsilon": 6.490368694979456, "gamma": 0.01, "lamda": 0.1}, "datetime": {"datetime": "2021-06-21 19:51:26", "elapsed": 106.242249, "delta": 0.63929}}
{"target": -11.94957439212737, "params": {"C": 6.2316428949728, "epsilon": 10.0, "gamma": 0.01, "lamda": 0.1}, "datetime": {"datetime": "2021-06-21 19:51:27", "elapsed": 106.881539, "delta": 0.63929}}
{"target": -12.28139958817801, "params": {"C": 5.0864835288615335, "epsilon": 7.732836773406945, "gamma": 0.01, "lamda": 0.1}, "datetime": {"datetime": "2021-06-21 19:51:27", "elapsed": 107.469966, "delta": 0.588427}}
{"target": -12.102447018200852, "params": {"C": 9.310139638184193, "epsilon": 3.520268673185085, "gamma": 0.01, "lamda": 0.7}, "datetime": {"datetime": "2021-06-21 19:51:28", "elapsed": 108.111251, "delta": 0.641285}}
{"target": -11.688685967223716, "params": {"C": 7.330182227230119, "epsilon": 10.0, "gamma": 0.01, "lamda": 0.1}, "datetime": {"datetime": "2021-06-21 19:51:28", "elapsed": 108.809384, "delta": 0.698133}}
{"target": -12.90010400571671, "params": {"C": 4.168097423597741, "epsilon": 4.757830327066318, "gamma": 0.01, "lamda": 0.7}, "datetime": {"datetime": "2021-06-21 19:51:29", "elapsed": 109.788765, "delta": 0.979381}}
{"target": -13.600907641457999, "params": {"C": 2.042477046562024, "epsilon": 10.0, "gamma": 0.01, "lamda": 0.7}, "datetime": {"datetime": "2021-06-21 19:51:30", "elapsed": 110.375198, "delta": 0.586433}}
{"target": -12.674895662045959, "params": {"C": 3.049322182439567, "epsilon": 10.0, "gamma": 0.01, "lamda": 0.1}, "datetime": {"datetime": "2021-06-21 19:51:31", "elapsed": 110.994541, "delta": 0.619343}}
{"target": -11.644519862682408, "params": {"C": 8.108807160166485, "epsilon": 9.259668301587746, "gamma": 0.01, "lamda": 0.1}, "datetime": {"datetime": "2021-06-21 19:51:31", "elapsed": 111.630839, "delta": 0.636298}}
{"target": -12.906141584795904, "params": {"C": 3.1178628670722213, "epsilon": 8.950458831975945, "gamma": 0.01, "lamda": 0.7}, "datetime": {"datetime": "2021-06-21 19:51:32", "elapsed": 112.303042, "delta": 0.672203}}
{"target": -11.704950531753667, "params": {"C": 10.0, "epsilon": 9.056279958514219, "gamma": 0.01, "lamda": 0.1}, "datetime": {"datetime": "2021-06-21 19:51:33", "elapsed": 112.983222, "delta": 0.68018}}
{"target": -11.910721201248299, "params": {"C": 10.0, "epsilon": 10.0, "gamma": 0.01, "lamda": 0.7}, "datetime": {"datetime": "2021-06-21 19:51:33", "elapsed": 113.673378, "delta": 0.690156}}
{"target": -14.175866357882825, "params": {"C": 2.1790529346642913, "epsilon": 0.5740331981185357, "gamma": 0.01, "lamda": 0.7}, "datetime": {"datetime": "2021-06-21 19:51:34", "elapsed": 114.350569, "delta": 0.677191}}
