{"target": -28.787819459420653, "params": {"C": 0.08133985375843189, "epsilon": 8.803090380411216, "gamma": 0.7386303316539912, "lamda": 0.06865590632316226}, "datetime": {"datetime": "2021-06-21 19:28:18", "elapsed": 228.32169, "delta": 0.647263}}
{"target": -26.999373601243637, "params": {"C": 0.1, "epsilon": 9.611166663355851, "gamma": 0.5994704826337384, "lamda": 0.06038451635492585}, "datetime": {"datetime": "2021-06-21 19:28:19", "elapsed": 229.031792, "delta": 0.710102}}
{"target": -24.608443235395015, "params": {"C": 0.09590705018521457, "epsilon": 8.589711577028904, "gamma": 0.29064014913792247, "lamda": 0.5147646210879527}, "datetime": {"datetime": "2021-06-21 19:28:19", "elapsed": 229.730922, "delta": 0.69913}}
{"target": -25.895002219553863, "params": {"C": 0.07732724219595893, "epsilon": 8.710863883755692, "gamma": 0.34124134304133846, "lamda": 0.6562588143417726}, "datetime": {"datetime": "2021-06-21 19:28:20", "elapsed": 230.798068, "delta": 1.067146}}
{"target": -22.343190315706824, "params": {"C": 0.08315825577450911, "epsilon": 6.16119683472345, "gamma": 0.10762907907568031, "lamda": 0.015786812578587692}, "datetime": {"datetime": "2021-06-21 19:28:21", "elapsed": 231.53011, "delta": 0.732042}}
{"target": -33.5869897440303, "params": {"C": 0.001, "epsilon": 9.566852361505616, "gamma": 0.8, "lamda": 0.009}, "datetime": {"datetime": "2021-06-21 19:28:22", "elapsed": 232.512483, "delta": 0.982373}}
{"target": -27.49638811621059, "params": {"C": 0.09107136989846303, "epsilon": 8.792468045368521, "gamma": 0.5902937754204362, "lamda": 0.6842964388142978}, "datetime": {"datetime": "2021-06-21 19:28:23", "elapsed": 233.445988, "delta": 0.933505}}
{"target": -26.092736835200704, "params": {"C": 0.09840888980183034, "epsilon": 8.733909913520908, "gamma": 0.4412201759765513, "lamda": 0.5120932776414491}, "datetime": {"datetime": "2021-06-21 19:28:24", "elapsed": 234.481219, "delta": 1.035231}}
{"target": -29.510889676217957, "params": {"C": 0.06860753387814728, "epsilon": 9.512019406464052, "gamma": 0.7923292298277539, "lamda": 0.6896102415970267}, "datetime": {"datetime": "2021-06-21 19:28:25", "elapsed": 235.467582, "delta": 0.986363}}
{"target": -31.61868665410173, "params": {"C": 0.01689180206298829, "epsilon": 7.8983392069698315, "gamma": 0.43468573022118273, "lamda": 0.4056381690356377}, "datetime": {"datetime": "2021-06-21 19:28:26", "elapsed": 236.352218, "delta": 0.884636}}
{"target": -30.327130483857623, "params": {"C": 0.017159402389871913, "epsilon": 8.785935023799816, "gamma": 0.2710282169304784, "lamda": 0.3307864525907813}, "datetime": {"datetime": "2021-06-21 19:28:27", "elapsed": 237.203938, "delta": 0.85172}}
{"target": -27.206685911031244, "params": {"C": 0.1, "epsilon": 9.099560487185029, "gamma": 0.602201861519346, "lamda": 0.7}, "datetime": {"datetime": "2021-06-21 19:28:28", "elapsed": 238.303, "delta": 1.099062}}
{"target": -34.421430276115025, "params": {"C": 0.001134858544944614, "epsilon": 5.714086955226913, "gamma": 0.7771437172650023, "lamda": 0.1898705631123403}, "datetime": {"datetime": "2021-06-21 19:28:29", "elapsed": 239.377127, "delta": 1.074127}}
{"target": -26.660839457679746, "params": {"C": 0.1, "epsilon": 7.787316480149008, "gamma": 0.4900097556329197, "lamda": 0.009}, "datetime": {"datetime": "2021-06-21 19:28:30", "elapsed": 240.23982, "delta": 0.862693}}
{"target": -26.60063242963082, "params": {"C": 0.0836979961441159, "epsilon": 8.527438087879867, "gamma": 0.4370759092970581, "lamda": 0.6742904743703331}, "datetime": {"datetime": "2021-06-21 19:28:31", "elapsed": 241.042674, "delta": 0.802854}}
{"target": -26.38109995869669, "params": {"C": 0.07267054570736024, "epsilon": 9.13432797178545, "gamma": 0.3870966278748299, "lamda": 0.2536724859545428}, "datetime": {"datetime": "2021-06-21 19:28:31", "elapsed": 241.760754, "delta": 0.71808}}
{"target": -25.940480282175553, "params": {"C": 0.09680049727655227, "epsilon": 6.027327948127644, "gamma": 0.3583439878339584, "lamda": 0.2990195733083768}, "datetime": {"datetime": "2021-06-21 19:28:32", "elapsed": 242.482822, "delta": 0.722068}}
{"target": -27.560030909746303, "params": {"C": 0.09515980838397975, "epsilon": 9.189743692119968, "gamma": 0.6465074361909907, "lamda": 0.22801946602423628}, "datetime": {"datetime": "2021-06-21 19:28:33", "elapsed": 243.415328, "delta": 0.932506}}
{"target": -28.68865865920145, "params": {"C": 0.1, "epsilon": 7.690714867170495, "gamma": 0.8, "lamda": 0.7}, "datetime": {"datetime": "2021-06-21 19:28:34", "elapsed": 244.343846, "delta": 0.928518}}
{"target": -28.45618668585841, "params": {"C": 0.09624012150860947, "epsilon": 8.302167509205866, "gamma": 0.7657020158331846, "lamda": 0.01593997507691291}, "datetime": {"datetime": "2021-06-21 19:28:35", "elapsed": 245.231473, "delta": 0.887627}}
{"target": -30.52482087825112, "params": {"C": 0.040421777350159324, "epsilon": 7.928397346337444, "gamma": 0.624460557937403, "lamda": 0.6967410475133655}, "datetime": {"datetime": "2021-06-21 19:28:36", "elapsed": 246.175946, "delta": 0.944473}}
{"target": -31.38302340516149, "params": {"C": 0.04367350200017147, "epsilon": 5.950197624389602, "gamma": 0.7597022133580693, "lamda": 0.012130231496938811}, "datetime": {"datetime": "2021-06-21 19:28:36", "elapsed": 246.916965, "delta": 0.741019}}
{"target": -24.812302074010343, "params": {"C": 0.09319977355851947, "epsilon": 8.591634576377627, "gamma": 0.30567047602760217, "lamda": 0.02025795683082423}, "datetime": {"datetime": "2021-06-21 19:28:37", "elapsed": 247.692891, "delta": 0.775926}}
{"target": -27.972724730597857, "params": {"C": 0.1, "epsilon": 7.990607245816079, "gamma": 0.6903982985616169, "lamda": 0.009}, "datetime": {"datetime": "2021-06-21 19:28:38", "elapsed": 248.494748, "delta": 0.801857}}
{"target": -28.54875876914025, "params": {"C": 0.1, "epsilon": 7.329987547810054, "gamma": 0.7665512254279268, "lamda": 0.009}, "datetime": {"datetime": "2021-06-21 19:28:39", "elapsed": 249.34248, "delta": 0.847732}}
{"target": -28.307979488504543, "params": {"C": 0.09223950244226803, "epsilon": 8.803319043743615, "gamma": 0.7382318847038017, "lamda": 0.06325850909519043}, "datetime": {"datetime": "2021-06-21 19:28:40", "elapsed": 250.097461, "delta": 0.754981}}
{"target": -29.53079453432612, "params": {"C": 0.1, "epsilon": 4.5, "gamma": 0.8, "lamda": 0.7}, "datetime": {"datetime": "2021-06-21 19:28:41", "elapsed": 251.211481, "delta": 1.11402}}
{"target": -29.053937513263755, "params": {"C": 0.1, "epsilon": 6.252326022146198, "gamma": 0.8, "lamda": 0.7}, "datetime": {"datetime": "2021-06-21 19:28:42", "elapsed": 252.53195, "delta": 1.320469}}
{"target": -32.60816658482394, "params": {"C": 0.01499454832386151, "epsilon": 5.383760636271058, "gamma": 0.46685354880021424, "lamda": 0.40017842796112324}, "datetime": {"datetime": "2021-06-21 19:28:43", "elapsed": 253.278953, "delta": 0.747003}}
{"target": -24.27700244384845, "params": {"C": 0.1, "epsilon": 6.730986528353313, "gamma": 0.25216728784208287, "lamda": 0.009}, "datetime": {"datetime": "2021-06-21 19:28:44", "elapsed": 254.409928, "delta": 1.130975}}
{"target": -22.52842447241444, "params": {"C": 0.08988047213671728, "epsilon": 7.430682171173876, "gamma": 0.14785405491798348, "lamda": 0.15716594712877768}, "datetime": {"datetime": "2021-06-21 19:28:45", "elapsed": 255.169902, "delta": 0.759974}}
{"target": -28.157235080657276, "params": {"C": 0.1, "epsilon": 10.0, "gamma": 0.8, "lamda": 0.7}, "datetime": {"datetime": "2021-06-21 19:28:46", "elapsed": 256.221087, "delta": 1.051185}}
{"target": -21.93702573016523, "params": {"C": 0.1, "epsilon": 5.132025238437137, "gamma": 0.1, "lamda": 0.28036118572240776}, "datetime": {"datetime": "2021-06-21 19:28:47", "elapsed": 257.172542, "delta": 0.951455}}
{"target": -25.481653385469865, "params": {"C": 0.09310182562294661, "epsilon": 8.75913368952003, "gamma": 0.366787369777804, "lamda": 0.32440715023299854}, "datetime": {"datetime": "2021-06-21 19:28:47", "elapsed": 257.937496, "delta": 0.764954}}
{"target": -28.830197035029688, "params": {"C": 0.1, "epsilon": 7.031483214733238, "gamma": 0.8, "lamda": 0.009}, "datetime": {"datetime": "2021-06-21 19:28:48", "elapsed": 258.78523, "delta": 0.847734}}
{"target": -22.185938693417313, "params": {"C": 0.08513008597584937, "epsilon": 9.40981603767449, "gamma": 0.14711948442606987, "lamda": 0.026695632160202626}, "datetime": {"datetime": "2021-06-21 19:28:49", "elapsed": 259.577112, "delta": 0.791882}}
{"target": -29.112925212218, "params": {"C": 0.07777742939963524, "epsilon": 8.596987270644142, "gamma": 0.7515062077745035, "lamda": 0.6988645692634633}, "datetime": {"datetime": "2021-06-21 19:28:50", "elapsed": 260.617331, "delta": 1.040219}}
{"target": -29.68081528707763, "params": {"C": 0.06936941509391921, "epsilon": 8.15731999755413, "gamma": 0.7803199904660062, "lamda": 0.14055301704675152}, "datetime": {"datetime": "2021-06-21 19:28:51", "elapsed": 261.357351, "delta": 0.74002}}
{"target": -28.951301163082192, "params": {"C": 0.06687984103736898, "epsilon": 5.232745460276773, "gamma": 0.5287924928466793, "lamda": 0.4133760284690681}, "datetime": {"datetime": "2021-06-21 19:28:52", "elapsed": 262.15422, "delta": 0.796869}}
{"target": -28.11901236921776, "params": {"C": 0.1, "epsilon": 10.0, "gamma": 0.8, "lamda": 0.009}, "datetime": {"datetime": "2021-06-21 19:28:53", "elapsed": 263.370966, "delta": 1.216746}}
{"target": -31.896937688239095, "params": {"C": 0.03284939263693218, "epsilon": 4.770075543098983, "gamma": 0.643105985417733, "lamda": 0.6916152765197412}, "datetime": {"datetime": "2021-06-21 19:28:54", "elapsed": 264.28951, "delta": 0.918544}}
{"target": -29.15874586441808, "params": {"C": 0.07886481636463223, "epsilon": 9.136122212484711, "gamma": 0.7969906431137431, "lamda": 0.0579055324742613}, "datetime": {"datetime": "2021-06-21 19:28:55", "elapsed": 265.514235, "delta": 1.224725}}
{"target": -29.051536005279328, "params": {"C": 0.1, "epsilon": 6.204964683151102, "gamma": 0.8, "lamda": 0.24159038598140586}, "datetime": {"datetime": "2021-06-21 19:28:56", "elapsed": 266.516555, "delta": 1.00232}}
{"target": -27.21851026303281, "params": {"C": 0.1, "epsilon": 10.0, "gamma": 0.6490702550027093, "lamda": 0.4653035415874895}, "datetime": {"datetime": "2021-06-21 19:28:57", "elapsed": 267.48297, "delta": 0.966415}}
{"target": -33.81068591872757, "params": {"C": 0.001, "epsilon": 8.130956062415429, "gamma": 0.41094393320025147, "lamda": 0.7}, "datetime": {"datetime": "2021-06-21 19:28:58", "elapsed": 268.747591, "delta": 1.264621}}
{"target": -33.65609103743013, "params": {"C": 0.001, "epsilon": 9.229762700808482, "gamma": 0.7843787664559745, "lamda": 0.7}, "datetime": {"datetime": "2021-06-21 19:28:59", "elapsed": 269.734949, "delta": 0.987358}}
{"target": -28.78193588281922, "params": {"C": 0.09109071969889797, "epsilon": 8.473835964983994, "gamma": 0.7967868632054411, "lamda": 0.20924443598779943}, "datetime": {"datetime": "2021-06-21 19:29:00", "elapsed": 270.67743, "delta": 0.942481}}
{"target": -31.263927057808445, "params": {"C": 0.008134608999373013, "epsilon": 4.722318275254712, "gamma": 0.11058701326813691, "lamda": 0.296220365074514}, "datetime": {"datetime": "2021-06-21 19:29:01", "elapsed": 271.912127, "delta": 1.234697}}
{"target": -23.725753991604694, "params": {"C": 0.09947124428869922, "epsilon": 7.114204953450937, "gamma": 0.22038814354491215, "lamda": 0.2607607056829062}, "datetime": {"datetime": "2021-06-21 19:29:02", "elapsed": 272.924421, "delta": 1.012294}}
{"target": -28.131011164320334, "params": {"C": 0.1, "epsilon": 10.0, "gamma": 0.8, "lamda": 0.2658455107755388}, "datetime": {"datetime": "2021-06-21 19:29:04", "elapsed": 273.986581, "delta": 1.06216}}
{"target": -27.535488089948334, "params": {"C": 0.04409844305375624, "epsilon": 9.935482997096077, "gamma": 0.3388215437771768, "lamda": 0.3541593669463547}, "datetime": {"datetime": "2021-06-21 19:29:04", "elapsed": 274.788438, "delta": 0.801857}}
{"target": -23.87943281349234, "params": {"C": 0.08243847651752259, "epsilon": 8.300609736076645, "gamma": 0.2007682132702907, "lamda": 0.6715099807349592}, "datetime": {"datetime": "2021-06-21 19:29:05", "elapsed": 275.650132, "delta": 0.861694}}
{"target": -24.92460239167904, "params": {"C": 0.09817429007018313, "epsilon": 5.226150498507075, "gamma": 0.25769538703939376, "lamda": 0.5885715017533837}, "datetime": {"datetime": "2021-06-21 19:29:06", "elapsed": 276.63051, "delta": 0.980378}}
{"target": -24.67945449147419, "params": {"C": 0.09799613086827634, "epsilon": 8.483518510064952, "gamma": 0.29820587976690394, "lamda": 0.6999072335224984}, "datetime": {"datetime": "2021-06-21 19:29:07", "elapsed": 277.674719, "delta": 1.044209}}
{"target": -32.04787181283748, "params": {"C": 0.012798985519906148, "epsilon": 9.584606641268838, "gamma": 0.49600870615699455, "lamda": 0.6951554027304487}, "datetime": {"datetime": "2021-06-21 19:29:08", "elapsed": 278.683021, "delta": 1.008302}}
{"target": -33.07328075124503, "params": {"C": 0.00853822255459968, "epsilon": 9.277885649542641, "gamma": 0.7932825602166248, "lamda": 0.0799272862686341}, "datetime": {"datetime": "2021-06-21 19:29:09", "elapsed": 279.495849, "delta": 0.812828}}
{"target": -21.745611983741437, "params": {"C": 0.1, "epsilon": 9.65166589649583, "gamma": 0.13908736829343107, "lamda": 0.7}, "datetime": {"datetime": "2021-06-21 19:29:10", "elapsed": 280.628818, "delta": 1.132969}}
{"target": -28.540057265875596, "params": {"C": 0.1, "epsilon": 8.303316846959667, "gamma": 0.8, "lamda": 0.7}, "datetime": {"datetime": "2021-06-21 19:29:11", "elapsed": 281.553348, "delta": 0.92453}}
{"target": -34.046427287146116, "params": {"C": 0.001, "epsilon": 7.441062100741503, "gamma": 0.8, "lamda": 0.7}, "datetime": {"datetime": "2021-06-21 19:29:12", "elapsed": 282.562649, "delta": 1.009301}}
{"target": -32.5806036596525, "params": {"C": 0.014801190394692396, "epsilon": 6.928904462896548, "gamma": 0.5472591123061539, "lamda": 0.28474696900519114}, "datetime": {"datetime": "2021-06-21 19:29:13", "elapsed": 283.421353, "delta": 0.858704}}
{"target": -87.50628640392662, "params": {"C": 0.1, "epsilon": 8.317713047880241, "gamma": 0.1, "lamda": 0.16704036192249877}, "datetime": {"datetime": "2021-06-21 19:29:19", "elapsed": 289.161003, "delta": 5.73965}}
{"target": -26.256269301705785, "params": {"C": 0.026370353039303525, "epsilon": 8.4153308713164, "gamma": 0.11675968275536547, "lamda": 0.012710011664074091}, "datetime": {"datetime": "2021-06-21 19:29:20", "elapsed": 290.259071, "delta": 1.098068}}
{"target": -22.989172157109376, "params": {"C": 0.09077479483297683, "epsilon": 8.212862930417046, "gamma": 0.17905470425053066, "lamda": 0.30608273572538786}, "datetime": {"datetime": "2021-06-21 19:29:21", "elapsed": 291.460853, "delta": 1.201782}}
{"target": -22.583024668808207, "params": {"C": 0.07141431033147727, "epsilon": 8.580361166817465, "gamma": 0.1259550988942723, "lamda": 0.2558413357845795}, "datetime": {"datetime": "2021-06-21 19:29:22", "elapsed": 292.912971, "delta": 1.452118}}
{"target": -20.941964793034778, "params": {"C": 0.1, "epsilon": 9.274384049897275, "gamma": 0.1, "lamda": 0.11735400180563269}, "datetime": {"datetime": "2021-06-21 19:29:23", "elapsed": 293.913296, "delta": 1.000325}}
{"target": -21.98305692885871, "params": {"C": 0.09697210660870567, "epsilon": 6.334471771999806, "gamma": 0.1116543057985174, "lamda": 0.23727053805084583}, "datetime": {"datetime": "2021-06-21 19:29:25", "elapsed": 295.129044, "delta": 1.215748}}
{"target": -33.45842355317347, "params": {"C": 0.004498015937448997, "epsilon": 7.552764763715075, "gamma": 0.45922032831421, "lamda": 0.4259107623163742}, "datetime": {"datetime": "2021-06-21 19:29:26", "elapsed": 296.008695, "delta": 0.879651}}
{"target": -25.710148541290945, "params": {"C": 0.04405464578215789, "epsilon": 8.173078673852164, "gamma": 0.1828408409154274, "lamda": 0.016365664040584375}, "datetime": {"datetime": "2021-06-21 19:29:27", "elapsed": 297.073845, "delta": 1.06515}}
{"target": -23.073118042330627, "params": {"C": 0.09586399914717203, "epsilon": 9.335567978029923, "gamma": 0.20992950138384076, "lamda": 0.02150332825227357}, "datetime": {"datetime": "2021-06-21 19:29:28", "elapsed": 298.090127, "delta": 1.016282}}
{"target": -30.06751565522452, "params": {"C": 0.0550288170100208, "epsilon": 9.459391720148478, "gamma": 0.7829139462694427, "lamda": 0.5392224439969252}, "datetime": {"datetime": "2021-06-21 19:29:29", "elapsed": 299.029613, "delta": 0.939486}}
{"target": -22.5427925914397, "params": {"C": 0.1, "epsilon": 8.458372700527375, "gamma": 0.18331035058663744, "lamda": 0.009}, "datetime": {"datetime": "2021-06-21 19:29:30", "elapsed": 300.560521, "delta": 1.530908}}
{"target": -33.746853086826626, "params": {"C": 0.0017167342088287656, "epsilon": 6.634742415362881, "gamma": 0.19708551454774204, "lamda": 0.013332355635799088}, "datetime": {"datetime": "2021-06-21 19:29:31", "elapsed": 301.962771, "delta": 1.40225}}
{"target": -23.425541738660176, "params": {"C": 0.09624988789999285, "epsilon": 9.04371550027365, "gamma": 0.22499393153995378, "lamda": 0.08102544052884397}, "datetime": {"datetime": "2021-06-21 19:29:33", "elapsed": 303.135634, "delta": 1.172863}}
{"target": -26.503366893609236, "params": {"C": 0.08572008632198087, "epsilon": 5.249049510697638, "gamma": 0.3520763256327787, "lamda": 0.11407955667275738}, "datetime": {"datetime": "2021-06-21 19:29:33", "elapsed": 303.961427, "delta": 0.825793}}
{"target": -23.024215003599007, "params": {"C": 0.1, "epsilon": 8.080769124250494, "gamma": 0.19874377949268188, "lamda": 0.18355158880902833}, "datetime": {"datetime": "2021-06-21 19:29:35", "elapsed": 305.045527, "delta": 1.0841}}
{"target": -24.726337463681734, "params": {"C": 0.0909899841296045, "epsilon": 9.800239631557012, "gamma": 0.30770828103962694, "lamda": 0.6309650697263564}, "datetime": {"datetime": "2021-06-21 19:29:36", "elapsed": 306.045852, "delta": 1.000325}}
{"target": -27.37680891790597, "params": {"C": 0.08708899220264177, "epsilon": 9.108995732779423, "gamma": 0.575381561334924, "lamda": 0.20397404632427105}, "datetime": {"datetime": "2021-06-21 19:29:37", "elapsed": 307.069118, "delta": 1.023266}}
{"target": -32.769421361833075, "params": {"C": 0.005789506035725486, "epsilon": 8.3120032458014, "gamma": 0.31630964910114073, "lamda": 0.15843324845224535}, "datetime": {"datetime": "2021-06-21 19:29:38", "elapsed": 308.060465, "delta": 0.991347}}
{"target": -22.95757564535758, "params": {"C": 0.09074994569034144, "epsilon": 8.211230704776948, "gamma": 0.17758912780353983, "lamda": 0.3153479641220916}, "datetime": {"datetime": "2021-06-21 19:29:38", "elapsed": 308.886257, "delta": 0.825792}}
{"target": -27.77716121451348, "params": {"C": 0.028312789458942306, "epsilon": 5.385031259738806, "gamma": 0.16418878866011938, "lamda": 0.6123950244796662}, "datetime": {"datetime": "2021-06-21 19:29:39", "elapsed": 309.726012, "delta": 0.839755}}
{"target": -28.142274170254762, "params": {"C": 0.03037923967670667, "epsilon": 5.322790821184846, "gamma": 0.19795750991400116, "lamda": 0.5404312382454113}, "datetime": {"datetime": "2021-06-21 19:29:40", "elapsed": 310.820086, "delta": 1.094074}}
{"target": -23.782056809772705, "params": {"C": 0.09732089992798522, "epsilon": 6.168582990016138, "gamma": 0.208254552516766, "lamda": 0.20143200424276642}, "datetime": {"datetime": "2021-06-21 19:29:42", "elapsed": 312.117616, "delta": 1.29753}}
{"target": -24.18574495341653, "params": {"C": 0.1, "epsilon": 5.141667057996095, "gamma": 0.21866337489931179, "lamda": 0.3537180477469846}, "datetime": {"datetime": "2021-06-21 19:29:43", "elapsed": 313.756235, "delta": 1.638619}}
{"target": -24.743651074978725, "params": {"C": 0.09554011683183682, "epsilon": 6.742721248796874, "gamma": 0.2672835302663868, "lamda": 0.2672254066371205}, "datetime": {"datetime": "2021-06-21 19:29:44", "elapsed": 314.827371, "delta": 1.071136}}
{"target": -29.733929187007686, "params": {"C": 0.009677023355717265, "epsilon": 9.179972201540576, "gamma": 0.10785431652821148, "lamda": 0.11956472655926768}, "datetime": {"datetime": "2021-06-21 19:29:46", "elapsed": 316.000233, "delta": 1.172862}}
{"target": -29.371799173232194, "params": {"C": 0.04326375621611781, "epsilon": 7.541335523360845, "gamma": 0.469824454473434, "lamda": 0.6603398929007942}, "datetime": {"datetime": "2021-06-21 19:29:46", "elapsed": 316.934735, "delta": 0.934502}}
{"target": -29.299881796106487, "params": {"C": 0.07980728677135494, "epsilon": 5.279222137942316, "gamma": 0.6683764062471428, "lamda": 0.5629019900417328}, "datetime": {"datetime": "2021-06-21 19:29:47", "elapsed": 317.80042, "delta": 0.865685}}
{"target": -28.613726398504202, "params": {"C": 0.07874397232181708, "epsilon": 5.814510939214115, "gamma": 0.5907987999487276, "lamda": 0.12678635927858603}, "datetime": {"datetime": "2021-06-21 19:29:48", "elapsed": 318.690041, "delta": 0.889621}}
{"target": -26.076234527140457, "params": {"C": 0.08748350027277352, "epsilon": 6.643768785587401, "gamma": 0.35182056731696876, "lamda": 0.6040668337684775}, "datetime": {"datetime": "2021-06-21 19:29:49", "elapsed": 319.582656, "delta": 0.892615}}
{"target": -26.83707999263553, "params": {"C": 0.060026509765657564, "epsilon": 9.207417960880278, "gamma": 0.37222992914596964, "lamda": 0.08538150078898551}, "datetime": {"datetime": "2021-06-21 19:29:50", "elapsed": 320.537103, "delta": 0.954447}}
{"target": -25.183497332978337, "params": {"C": 0.1, "epsilon": 5.659925183793036, "gamma": 0.29282305036919926, "lamda": 0.009}, "datetime": {"datetime": "2021-06-21 19:29:51", "elapsed": 321.685032, "delta": 1.147929}}
{"target": -27.53210081490003, "params": {"C": 0.048809520865454536, "epsilon": 7.906097398757057, "gamma": 0.3307064248831675, "lamda": 0.1034730224507178}, "datetime": {"datetime": "2021-06-21 19:29:52", "elapsed": 322.685361, "delta": 1.000329}}
