{"target": -14.383748994916518, "params": {"C": 5.692973034449308, "epsilon": 5.40474714217737, "gamma": 0.3599694446768136, "lamda": 0.9427313270660527}, "datetime": {"datetime": "2021-06-28 09:32:52", "elapsed": 125.144577, "delta": 0.889433}}
{"target": -43.447121741408104, "params": {"C": 3.5664673261154354, "epsilon": 1.5617223440888608, "gamma": 0.3116460935929501, "lamda": 2.105737057153339}, "datetime": {"datetime": "2021-06-28 09:33:02", "elapsed": 134.987455, "delta": 9.842878}}
{"target": -48.703011558150216, "params": {"C": 2.016766992254171, "epsilon": 6.394236020239361, "gamma": 0.2062475035868497, "lamda": 2.2571488517446676}, "datetime": {"datetime": "2021-06-28 09:33:11", "elapsed": 144.65848, "delta": 9.671025}}
{"target": -14.521322388194935, "params": {"C": 5.671838997601614, "epsilon": 5.559231520165076, "gamma": 0.3826199290506907, "lamda": 0.6372722422929613}, "datetime": {"datetime": "2021-06-28 09:33:12", "elapsed": 145.184091, "delta": 0.525611}}
{"target": -42.642637331655536, "params": {"C": 3.4398967987502975, "epsilon": 1.547159522478033, "gamma": 0.2910452975723572, "lamda": 2.1002064324335126}, "datetime": {"datetime": "2021-06-28 09:33:21", "elapsed": 154.304323, "delta": 9.120232}}
{"target": -87.6284609467203, "params": {"C": 0.1558355477358521, "epsilon": 5.547021911231605, "gamma": 0.08937425539029457, "lamda": 1.4386196055256122}, "datetime": {"datetime": "2021-06-28 09:33:37", "elapsed": 169.966988, "delta": 15.662665}}
{"target": -15.583310927394662, "params": {"C": 0.8937950245954317, "epsilon": 8.011728037854345, "gamma": 0.22322044322410534, "lamda": 0.4067994924108749}, "datetime": {"datetime": "2021-06-28 09:33:37", "elapsed": 170.419569, "delta": 0.452581}}
{"target": -44.218449114307965, "params": {"C": 1.4809367377863074, "epsilon": 4.525318371219401, "gamma": 0.27955375939225413, "lamda": 2.8480562354037717}, "datetime": {"datetime": "2021-06-28 09:33:46", "elapsed": 178.996547, "delta": 8.576978}}
{"target": -15.122839307009878, "params": {"C": 5.684336907045085, "epsilon": 5.632941987425526, "gamma": 0.4506778943551152, "lamda": 0.6662877917239323}, "datetime": {"datetime": "2021-06-28 09:33:46", "elapsed": 179.415375, "delta": 0.418828}}
{"target": -81.94768555490634, "params": {"C": 1.6500492312297537, "epsilon": 0.31615516758418255, "gamma": 0.09206020342650717, "lamda": 1.9284676315602212}, "datetime": {"datetime": "2021-06-28 09:33:56", "elapsed": 189.017855, "delta": 9.60248}}
{"target": -15.371691906772735, "params": {"C": 1.3465101945604228, "epsilon": 2.724500526294043, "gamma": 0.2504359258920508, "lamda": 0.16918399519729901}, "datetime": {"datetime": "2021-06-28 09:33:56", "elapsed": 189.533573, "delta": 0.515718}}
{"target": -18.768966087437594, "params": {"C": 0.7008734344851965, "epsilon": 4.203697278593617, "gamma": 0.34870813709971854, "lamda": 1.2490494581194018}, "datetime": {"datetime": "2021-06-28 09:33:57", "elapsed": 190.160432, "delta": 0.626859}}
{"target": -18.75911463083229, "params": {"C": 0.8889065686981229, "epsilon": 5.127701225127825, "gamma": 0.44566062783234744, "lamda": 1.7058206380353265}, "datetime": {"datetime": "2021-06-28 09:33:57", "elapsed": 190.637856, "delta": 0.477424}}
{"target": -19.305770116441533, "params": {"C": 0.7463042065773954, "epsilon": 4.470471729448154, "gamma": 0.4214602827496086, "lamda": 0.8510513413747061}, "datetime": {"datetime": "2021-06-28 09:33:58", "elapsed": 191.093714, "delta": 0.455858}}
{"target": -12.17810343855813, "params": {"C": 4.926447499168856, "epsilon": 1.7189144495618263, "gamma": 0.017366276574487256, "lamda": 0.491356238696194}, "datetime": {"datetime": "2021-06-28 09:33:58", "elapsed": 191.62205, "delta": 0.528336}}
{"target": -18.787324275820772, "params": {"C": 0.8842853055023455, "epsilon": 5.129863952797089, "gamma": 0.446480106536456, "lamda": 1.7088343949490805}, "datetime": {"datetime": "2021-06-28 09:33:59", "elapsed": 192.234928, "delta": 0.612878}}
{"target": -14.602206704211637, "params": {"C": 5.674557419305403, "epsilon": 5.432626926348838, "gamma": 0.39327327039781634, "lamda": 0.9901095949750621}, "datetime": {"datetime": "2021-06-28 09:33:59", "elapsed": 192.6821, "delta": 0.447172}}
{"target": -13.704719451794897, "params": {"C": 5.683358893854469, "epsilon": 5.528235552662873, "gamma": 0.266360701599236, "lamda": 0.6948704025470258}, "datetime": {"datetime": "2021-06-28 09:34:00", "elapsed": 193.098505, "delta": 0.416405}}
{"target": -15.352492353797913, "params": {"C": 1.3454112246867562, "epsilon": 2.727974217735511, "gamma": 0.24919435477316768, "lamda": 0.16452951601639934}, "datetime": {"datetime": "2021-06-28 09:34:00", "elapsed": 193.583729, "delta": 0.485224}}
{"target": -15.017030186439664, "params": {"C": 5.121017476580789, "epsilon": 7.85126604397889, "gamma": 0.4520732681362452, "lamda": 0.28923561355310695}, "datetime": {"datetime": "2021-06-28 09:34:01", "elapsed": 194.015468, "delta": 0.431739}}
{"target": -14.090048399481049, "params": {"C": 5.780611325623741, "epsilon": 5.397784473789255, "gamma": 0.3146037760212632, "lamda": 0.8539349314174823}, "datetime": {"datetime": "2021-06-28 09:34:01", "elapsed": 194.569702, "delta": 0.554234}}
{"target": -15.290344656038629, "params": {"C": 5.743595702391198, "epsilon": 5.3556458434481335, "gamma": 0.469368022544065, "lamda": 0.9184539263704131}, "datetime": {"datetime": "2021-06-28 09:34:02", "elapsed": 195.001537, "delta": 0.431835}}
{"target": -59.833760930987225, "params": {"C": 2.9821442702249232, "epsilon": 0.7355289231597606, "gamma": 0.17152199960146544, "lamda": 1.9241406639536514}, "datetime": {"datetime": "2021-06-28 09:34:11", "elapsed": 203.919042, "delta": 8.917505}}
{"target": -19.646793824218083, "params": {"C": 0.7790296958756501, "epsilon": 4.469613687674375, "gamma": 0.4714980910711552, "lamda": 0.8385733395039321}, "datetime": {"datetime": "2021-06-28 09:34:11", "elapsed": 204.388685, "delta": 0.469643}}
{"target": -40.16483895749358, "params": {"C": 3.964873578302569, "epsilon": 2.2557319116340517, "gamma": 0.3543010249769225, "lamda": 2.721923065723547}, "datetime": {"datetime": "2021-06-28 09:34:20", "elapsed": 213.675253, "delta": 9.286568}}
{"target": -14.99492306494028, "params": {"C": 5.747655921439742, "epsilon": 5.761993302623263, "gamma": 0.4389933310228717, "lamda": 0.4621591233766523}, "datetime": {"datetime": "2021-06-28 09:34:21", "elapsed": 214.193081, "delta": 0.517828}}
{"target": -15.108516349506438, "params": {"C": 5.674854348287581, "epsilon": 5.892760144374036, "gamma": 0.4505177592258758, "lamda": 0.4304994888349556}, "datetime": {"datetime": "2021-06-28 09:34:21", "elapsed": 214.762319, "delta": 0.569238}}
{"target": -14.133665732589993, "params": {"C": 5.794183342952652, "epsilon": 5.3871589542861225, "gamma": 0.3243534460366762, "lamda": 0.799320621014553}, "datetime": {"datetime": "2021-06-28 09:34:22", "elapsed": 215.287441, "delta": 0.525122}}
{"target": -11.93111175105915, "params": {"C": 4.9261569450198435, "epsilon": 1.7192770295424193, "gamma": 0.021618751682442282, "lamda": 0.49518306692015474}, "datetime": {"datetime": "2021-06-28 09:34:23", "elapsed": 215.952155, "delta": 0.664714}}
{"target": -38.08355753198112, "params": {"C": 5.591142868020696, "epsilon": 9.133655068321769, "gamma": 0.37992194005515334, "lamda": 2.071152928952223}, "datetime": {"datetime": "2021-06-28 09:34:37", "elapsed": 229.995348, "delta": 14.043193}}
{"target": -15.031766771425522, "params": {"C": 5.685404985150313, "epsilon": 5.525942594593044, "gamma": 0.44035448229265717, "lamda": 0.6808921163457407}, "datetime": {"datetime": "2021-06-28 09:34:37", "elapsed": 230.571128, "delta": 0.57578}}
{"target": -44.15739601001024, "params": {"C": 2.165899312826266, "epsilon": 9.434893240685431, "gamma": 0.19588015922236945, "lamda": 0.875273930232999}, "datetime": {"datetime": "2021-06-28 09:34:47", "elapsed": 240.337113, "delta": 9.765985}}
{"target": -15.313388962825266, "params": {"C": 5.676175689890553, "epsilon": 6.004427744228224, "gamma": 0.47271791893891496, "lamda": 0.37980054498167715}, "datetime": {"datetime": "2021-06-28 09:34:48", "elapsed": 240.836771, "delta": 0.499658}}
{"target": -14.812296472277673, "params": {"C": 3.905208826787022, "epsilon": 1.339685612564248, "gamma": 0.3429249918522032, "lamda": 0.7779620672894505}, "datetime": {"datetime": "2021-06-28 09:34:48", "elapsed": 241.322582, "delta": 0.485811}}
{"target": -15.591544637543468, "params": {"C": 2.586330363240518, "epsilon": 4.238746430304093, "gamma": 0.41421695708970807, "lamda": 1.0802873812227665}, "datetime": {"datetime": "2021-06-28 09:34:49", "elapsed": 241.857639, "delta": 0.535057}}
{"target": -14.115236028041975, "params": {"C": 5.679730897122168, "epsilon": 5.377154010893235, "gamma": 0.3198439696759979, "lamda": 0.9249636084497658}, "datetime": {"datetime": "2021-06-28 09:34:49", "elapsed": 242.459459, "delta": 0.60182}}
{"target": -95.79276520412252, "params": {"C": 5.942869059220777, "epsilon": 6.475993623941928, "gamma": 0.05302699108601579, "lamda": 0.22115022586821279}, "datetime": {"datetime": "2021-06-28 09:34:59", "elapsed": 252.635185, "delta": 10.175726}}
{"target": -15.533703559908703, "params": {"C": 2.5886440868734093, "epsilon": 4.237679774131659, "gamma": 0.4087723675656149, "lamda": 1.0841492927126888}, "datetime": {"datetime": "2021-06-28 09:35:00", "elapsed": 253.227219, "delta": 0.592034}}
{"target": -13.736320745860068, "params": {"C": 5.768943092231986, "epsilon": 5.382872958068132, "gamma": 0.27335871766442627, "lamda": 0.8798857006157756}, "datetime": {"datetime": "2021-06-28 09:35:01", "elapsed": 253.835036, "delta": 0.607817}}
{"target": -53.62768882751735, "params": {"C": 2.3429607948826594, "epsilon": 8.499118740100045, "gamma": 0.2113596062007946, "lamda": 1.124785540140463}, "datetime": {"datetime": "2021-06-28 09:35:07", "elapsed": 260.294801, "delta": 6.459765}}
{"target": -15.33645021233859, "params": {"C": 1.341089299922696, "epsilon": 2.729575449851566, "gamma": 0.24771411444482494, "lamda": 0.17045202837693268}, "datetime": {"datetime": "2021-06-28 09:35:08", "elapsed": 260.863071, "delta": 0.56827}}
{"target": -14.000570951755773, "params": {"C": 5.864075145339049, "epsilon": 5.416093441864414, "gamma": 0.30723631821793046, "lamda": 0.8195497513315738}, "datetime": {"datetime": "2021-06-28 09:35:08", "elapsed": 261.611909, "delta": 0.748838}}
{"target": -13.728324798634816, "params": {"C": 5.794611637215937, "epsilon": 5.36617907845455, "gamma": 0.27677871005116755, "lamda": 0.7997117084576916}, "datetime": {"datetime": "2021-06-28 09:35:09", "elapsed": 262.229939, "delta": 0.61803}}
{"target": -16.952344804525143, "params": {"C": 1.7907355421248126, "epsilon": 1.1282843995602574, "gamma": 0.42824753934895754, "lamda": 0.4320461153186227}, "datetime": {"datetime": "2021-06-28 09:35:09", "elapsed": 262.791821, "delta": 0.561882}}
{"target": -65.61655721530246, "params": {"C": 4.346838147616158, "epsilon": 2.9416705259676768, "gamma": 0.1305377334265932, "lamda": 0.535387180584888}, "datetime": {"datetime": "2021-06-28 09:35:20", "elapsed": 273.342001, "delta": 10.55018}}
{"target": -16.919624640299695, "params": {"C": 1.834604807189834, "epsilon": 1.120587530778648, "gamma": 0.43057957573373823, "lamda": 0.4292430814685026}, "datetime": {"datetime": "2021-06-28 09:35:21", "elapsed": 273.913638, "delta": 0.571637}}
{"target": -14.658485805795685, "params": {"C": 5.699620426427979, "epsilon": 5.690090230108375, "gamma": 0.40278792895615245, "lamda": 0.4796090571213701}, "datetime": {"datetime": "2021-06-28 09:35:21", "elapsed": 274.524572, "delta": 0.610934}}
{"target": -16.931342880923257, "params": {"C": 1.812811541194404, "epsilon": 1.1244111799571532, "gamma": 0.42942119183664934, "lamda": 0.4306355910104175}, "datetime": {"datetime": "2021-06-28 09:35:22", "elapsed": 275.198233, "delta": 0.673661}}
{"target": -14.087033151992134, "params": {"C": 5.668989948711563, "epsilon": 5.390602727144063, "gamma": 0.31430865726511953, "lamda": 0.9947359052347974}, "datetime": {"datetime": "2021-06-28 09:35:23", "elapsed": 275.924739, "delta": 0.726506}}
{"target": -14.822499794800503, "params": {"C": 3.9052638159220825, "epsilon": 1.3350501264754941, "gamma": 0.3444422294749201, "lamda": 0.7837200749575927}, "datetime": {"datetime": "2021-06-28 09:35:23", "elapsed": 276.528998, "delta": 0.604259}}
{"target": -15.58753003038125, "params": {"C": 0.8868062681073439, "epsilon": 8.004710126744447, "gamma": 0.21992521638557727, "lamda": 0.4055290462752158}, "datetime": {"datetime": "2021-06-28 09:35:24", "elapsed": 277.160828, "delta": 0.63183}}
{"target": -14.788909522671286, "params": {"C": 3.905062214480414, "epsilon": 1.3415888479983067, "gamma": 0.33908125119700905, "lamda": 0.7851813290426116}, "datetime": {"datetime": "2021-06-28 09:35:25", "elapsed": 277.85729, "delta": 0.696462}}
{"target": -14.657675590783992, "params": {"C": 5.849656773480832, "epsilon": 5.40828914913912, "gamma": 0.4020224089652472, "lamda": 0.9011187283853699}, "datetime": {"datetime": "2021-06-28 09:35:25", "elapsed": 278.544747, "delta": 0.687457}}
{"target": -36.399534850887235, "params": {"C": 5.156200030133097, "epsilon": 7.890860882096929, "gamma": 0.4497933890090296, "lamda": 0.2797726382187807}, "datetime": {"datetime": "2021-06-28 09:35:36", "elapsed": 289.17545, "delta": 10.630703}}
{"target": -15.190286053708565, "params": {"C": 0.9182736562700059, "epsilon": 8.08360503552471, "gamma": 0.2068325665862833, "lamda": 0.49321358081459693}, "datetime": {"datetime": "2021-06-28 09:35:37", "elapsed": 289.835762, "delta": 0.660312}}
{"target": -14.598042160280617, "params": {"C": 4.815960419820077, "epsilon": 2.7930224027815087, "gamma": 0.35233324716555114, "lamda": 1.3372707581146148}, "datetime": {"datetime": "2021-06-28 09:35:37", "elapsed": 290.508917, "delta": 0.673155}}
{"target": -13.938271656731196, "params": {"C": 5.604100153743287, "epsilon": 5.5285619198956955, "gamma": 0.29800514307206144, "lamda": 0.7722874507947015}, "datetime": {"datetime": "2021-06-28 09:35:38", "elapsed": 291.181111, "delta": 0.672194}}
{"target": -20.621086962010974, "params": {"C": 0.4020106133100633, "epsilon": 5.40103864764889, "gamma": 0.3427560889498825, "lamda": 1.552896764668425}, "datetime": {"datetime": "2021-06-28 09:35:39", "elapsed": 291.950609, "delta": 0.769498}}
{"target": -13.366915441887773, "params": {"C": 5.784237643855201, "epsilon": 5.410211233087083, "gamma": 0.2336314933062315, "lamda": 0.8367581362097456}, "datetime": {"datetime": "2021-06-28 09:35:39", "elapsed": 292.598994, "delta": 0.648385}}
{"target": -16.877930939474147, "params": {"C": 1.824116990761484, "epsilon": 1.113927143925664, "gamma": 0.42577267188267537, "lamda": 0.4254207786636758}, "datetime": {"datetime": "2021-06-28 09:35:40", "elapsed": 293.193997, "delta": 0.595003}}
{"target": -15.257126444021537, "params": {"C": 5.675945299597585, "epsilon": 5.984414241692162, "gamma": 0.4687470073418129, "lamda": 0.38895776196627924}, "datetime": {"datetime": "2021-06-28 09:35:41", "elapsed": 293.842438, "delta": 0.648441}}
{"target": -15.202423795145506, "params": {"C": 0.9483026941755084, "epsilon": 7.956661215527822, "gamma": 0.2125067126324367, "lamda": 0.46165042188651767}, "datetime": {"datetime": "2021-06-28 09:35:41", "elapsed": 294.528851, "delta": 0.686413}}
{"target": -15.64834456364596, "params": {"C": 3.462486777501761, "epsilon": 0.4448238937728577, "gamma": 0.4208725031613632, "lamda": 1.62561764544814}, "datetime": {"datetime": "2021-06-28 09:35:42", "elapsed": 295.09946, "delta": 0.570609}}
{"target": -18.73917111034639, "params": {"C": 0.7107374561300291, "epsilon": 4.207678262652465, "gamma": 0.3510239393858051, "lamda": 1.2469517834133879}, "datetime": {"datetime": "2021-06-28 09:35:43", "elapsed": 295.826775, "delta": 0.727315}}
{"target": -14.237952353925415, "params": {"C": 0.9025718327417351, "epsilon": 7.945630351930816, "gamma": 0.1580669795596151, "lamda": 0.46094019951501447}, "datetime": {"datetime": "2021-06-28 09:35:43", "elapsed": 296.433824, "delta": 0.607049}}
{"target": -19.236735144670234, "params": {"C": 0.8649658224828893, "epsilon": 5.147948787969316, "gamma": 0.4845357449798624, "lamda": 1.6749372685867523}, "datetime": {"datetime": "2021-06-28 09:35:44", "elapsed": 297.092412, "delta": 0.658588}}
{"target": -16.23505869764509, "params": {"C": 0.9664477904193003, "epsilon": 8.141781958384922, "gamma": 0.28943814041185184, "lamda": 0.5600081958493859}, "datetime": {"datetime": "2021-06-28 09:35:44", "elapsed": 297.721595, "delta": 0.629183}}
{"target": -37.50865540476598, "params": {"C": 3.2110678543178426, "epsilon": 8.099905903484323, "gamma": 0.3970998192079894, "lamda": 1.933226919158877}, "datetime": {"datetime": "2021-06-28 09:35:55", "elapsed": 308.312313, "delta": 10.590718}}
{"target": -13.291234517829183, "params": {"C": 5.7095591631309945, "epsilon": 5.508021823273599, "gamma": 0.22858492944513575, "lamda": 0.7431755438608346}, "datetime": {"datetime": "2021-06-28 09:35:56", "elapsed": 309.005721, "delta": 0.693408}}
{"target": -14.924393170463773, "params": {"C": 5.866378602795957, "epsilon": 5.41572055709393, "gamma": 0.4328305288760259, "lamda": 0.9448196779664919}, "datetime": {"datetime": "2021-06-28 09:35:56", "elapsed": 309.654514, "delta": 0.648793}}
{"target": -15.382584622522277, "params": {"C": 0.9309071614604045, "epsilon": 8.084660627256625, "gamma": 0.22024335988177826, "lamda": 0.4760298760936117}, "datetime": {"datetime": "2021-06-28 09:35:57", "elapsed": 310.271784, "delta": 0.61727}}
{"target": -15.990531239827249, "params": {"C": 0.9534029426687874, "epsilon": 8.124078840568314, "gamma": 0.26422501284063654, "lamda": 0.5389392072633115}, "datetime": {"datetime": "2021-06-28 09:35:58", "elapsed": 311.196327, "delta": 0.924543}}
{"target": -14.406561306597085, "params": {"C": 3.6643078960205995, "epsilon": 6.931622130490116, "gamma": 0.32959005035760963, "lamda": 1.2511311166836034}, "datetime": {"datetime": "2021-06-28 09:35:59", "elapsed": 311.844883, "delta": 0.648556}}
{"target": -15.767477308430728, "params": {"C": 0.9111153897235625, "epsilon": 8.098692599991516, "gamma": 0.2389983214768974, "lamda": 0.5405417061261908}, "datetime": {"datetime": "2021-06-28 09:35:59", "elapsed": 312.483671, "delta": 0.638788}}
{"target": -15.130089940757907, "params": {"C": 1.7264190663736176, "epsilon": 3.9900624319958315, "gamma": 0.2884035940605726, "lamda": 0.36771168162911955}, "datetime": {"datetime": "2021-06-28 09:36:00", "elapsed": 313.232585, "delta": 0.748914}}
{"target": -14.613148317264674, "params": {"C": 5.64748466634424, "epsilon": 5.414000113851474, "gamma": 0.3939703325455744, "lamda": 0.9834208153411372}, "datetime": {"datetime": "2021-06-28 09:36:01", "elapsed": 313.934578, "delta": 0.701993}}
{"target": -14.475727561644778, "params": {"C": 3.6317108286088398, "epsilon": 6.940772091045245, "gamma": 0.33499504129437035, "lamda": 1.2968411026432247}, "datetime": {"datetime": "2021-06-28 09:36:01", "elapsed": 314.53631, "delta": 0.601732}}
{"target": -13.79623749531023, "params": {"C": 5.697539565871662, "epsilon": 5.437552147463871, "gamma": 0.2824104421872042, "lamda": 0.7464658070168865}, "datetime": {"datetime": "2021-06-28 09:36:02", "elapsed": 315.338377, "delta": 0.802067}}
{"target": -14.21620678818484, "params": {"C": 1.3654343400250997, "epsilon": 2.6650640822333154, "gamma": 0.1811724104255823, "lamda": 0.15247152933576455}, "datetime": {"datetime": "2021-06-28 09:36:03", "elapsed": 316.109352, "delta": 0.770975}}
{"target": -15.687263661876107, "params": {"C": 0.8930126684681162, "epsilon": 8.001244376717828, "gamma": 0.22887885741266514, "lamda": 0.4392280839151295}, "datetime": {"datetime": "2021-06-28 09:36:03", "elapsed": 316.762359, "delta": 0.653007}}
{"target": -16.976973110303188, "params": {"C": 1.5065376252018745, "epsilon": 9.536567927449637, "gamma": 0.48543111869688027, "lamda": 1.6214798626088027}, "datetime": {"datetime": "2021-06-28 09:36:04", "elapsed": 317.412726, "delta": 0.650367}}
{"target": -13.606492327677005, "params": {"C": 3.2992292807723564, "epsilon": 6.30710048263412, "gamma": 0.254020966250556, "lamda": 0.5562211771222584}, "datetime": {"datetime": "2021-06-28 09:36:05", "elapsed": 318.061345, "delta": 0.648619}}
{"target": -19.6418190164819, "params": {"C": 0.7453830091638493, "epsilon": 4.492376617234192, "gamma": 0.4517190370715108, "lamda": 0.8593053227331116}, "datetime": {"datetime": "2021-06-28 09:36:06", "elapsed": 319.00157, "delta": 0.940225}}
{"target": -14.121369019147842, "params": {"C": 5.831724063273709, "epsilon": 5.485655305183227, "gamma": 0.32389536373103994, "lamda": 0.880216192043692}, "datetime": {"datetime": "2021-06-28 09:36:06", "elapsed": 319.650183, "delta": 0.648613}}
{"target": -15.193123611044857, "params": {"C": 0.9635386302106068, "epsilon": 8.074859596293605, "gamma": 0.2165047491419219, "lamda": 0.49438738854469544}, "datetime": {"datetime": "2021-06-28 09:36:07", "elapsed": 320.298867, "delta": 0.648684}}
{"target": -14.356753239016278, "params": {"C": 5.6962773080529665, "epsilon": 5.381621321230623, "gamma": 0.3527658884992361, "lamda": 0.9757807781340331}, "datetime": {"datetime": "2021-06-28 09:36:08", "elapsed": 321.122963, "delta": 0.824096}}
{"target": -19.392621550182458, "params": {"C": 0.7636710524080117, "epsilon": 4.4667426196233455, "gamma": 0.44327685813533935, "lamda": 0.8432471837274408}, "datetime": {"datetime": "2021-06-28 09:36:09", "elapsed": 321.998745, "delta": 0.875782}}
{"target": -14.758901538860686, "params": {"C": 5.704753798393741, "epsilon": 5.8258978338221645, "gamma": 0.41474635025824585, "lamda": 0.5111398867419142}, "datetime": {"datetime": "2021-06-28 09:36:09", "elapsed": 322.62753, "delta": 0.628785}}
