{"target": -16.910181271353032, "params": {"C": 3.5972849925974875, "epsilon": 5.069922084244986, "gamma": 0.6073853845979102, "lamda": 0.3689631121747231}, "datetime": {"datetime": "2021-06-21 19:40:33", "elapsed": 20.401446, "delta": 0.313163}}
{"target": -16.255847242986217, "params": {"C": 9.947606449873247, "epsilon": 3.2958825036288735, "gamma": 0.5686913015750458, "lamda": 0.0770265591331844}, "datetime": {"datetime": "2021-06-21 19:40:33", "elapsed": 20.738545, "delta": 0.337099}}
{"target": -16.656902960233126, "params": {"C": 9.307091108023549, "epsilon": 9.124991619004987, "gamma": 0.6284599143645048, "lamda": 0.48534002471772103}, "datetime": {"datetime": "2021-06-21 19:40:33", "elapsed": 21.100577, "delta": 0.362032}}
{"target": -16.95635370766369, "params": {"C": 3.934119788092047, "epsilon": 9.44470719907598, "gamma": 0.6354575773167249, "lamda": 0.5522877500368171}, "datetime": {"datetime": "2021-06-21 19:40:34", "elapsed": 21.426706, "delta": 0.326129}}
{"target": -14.621679562284875, "params": {"C": 3.502174106601666, "epsilon": 9.429242173092286, "gamma": 0.3655430846033849, "lamda": 0.20896798855886364}, "datetime": {"datetime": "2021-06-21 19:40:34", "elapsed": 21.772779, "delta": 0.346073}}
{"target": -13.298048440352565, "params": {"C": 8.444094844679313, "epsilon": 9.279504806553197, "gamma": 0.24440807598149913, "lamda": 0.24981107084026322}, "datetime": {"datetime": "2021-06-21 19:40:35", "elapsed": 22.757146, "delta": 0.984367}}
{"target": -15.836752939840526, "params": {"C": 3.913593288821444, "epsilon": 5.376030401542389, "gamma": 0.5050199615476949, "lamda": 0.009}, "datetime": {"datetime": "2021-06-21 19:40:36", "elapsed": 23.68666, "delta": 0.929514}}
{"target": -17.549229780859125, "params": {"C": 4.214697847803718, "epsilon": 4.181133894607134, "gamma": 0.6774527958424401, "lamda": 0.25634735131268616}, "datetime": {"datetime": "2021-06-21 19:40:36", "elapsed": 24.002814, "delta": 0.316154}}
{"target": -16.425231113483544, "params": {"C": 8.726568043457782, "epsilon": 9.036742664468976, "gamma": 0.6021145379924171, "lamda": 0.23522680443259347}, "datetime": {"datetime": "2021-06-21 19:40:37", "elapsed": 25.039043, "delta": 1.036229}}
{"target": -12.711007400016182, "params": {"C": 9.903177580194669, "epsilon": 6.440753560181348, "gamma": 0.16146713012287972, "lamda": 0.05779759400499499}, "datetime": {"datetime": "2021-06-21 19:40:38", "elapsed": 25.36218, "delta": 0.323137}}
{"target": -16.52471110472582, "params": {"C": 6.564370645565456, "epsilon": 2.172246909130695, "gamma": 0.5785014112513247, "lamda": 0.6725455245888013}, "datetime": {"datetime": "2021-06-21 19:40:38", "elapsed": 25.708255, "delta": 0.346075}}
{"target": -70.39052768793358, "params": {"C": 8.951755375895052, "epsilon": 9.177737074326371, "gamma": 0.12753473006508448, "lamda": 0.5043304287236627}, "datetime": {"datetime": "2021-06-21 19:40:47", "elapsed": 34.977468, "delta": 9.269213}}
{"target": -14.765373865486284, "params": {"C": 3.802248303056222, "epsilon": 8.484109927501045, "gamma": 0.38765658028684946, "lamda": 0.2666310395441671}, "datetime": {"datetime": "2021-06-21 19:40:48", "elapsed": 35.309582, "delta": 0.332114}}
{"target": -13.804814812601327, "params": {"C": 8.359308624563278, "epsilon": 8.924487090864007, "gamma": 0.33241320887684844, "lamda": 0.009}, "datetime": {"datetime": "2021-06-21 19:40:48", "elapsed": 36.240092, "delta": 0.93051}}
{"target": -13.243927448445438, "params": {"C": 8.082093742417838, "epsilon": 9.536233076599993, "gamma": 0.2443782627534183, "lamda": 0.049725555885850134}, "datetime": {"datetime": "2021-06-21 19:40:50", "elapsed": 37.443874, "delta": 1.203782}}
{"target": -16.792120485213637, "params": {"C": 8.188844281279385, "epsilon": 9.317021125370864, "gamma": 0.6420532146381013, "lamda": 0.2294999811189218}, "datetime": {"datetime": "2021-06-21 19:40:51", "elapsed": 38.416274, "delta": 0.9724}}
{"target": -18.49124505632171, "params": {"C": 2.866366895882373, "epsilon": 1.0395672435558598, "gamma": 0.6974964847842251, "lamda": 0.1065364099281499}, "datetime": {"datetime": "2021-06-21 19:40:51", "elapsed": 38.752374, "delta": 0.3361}}
{"target": -13.06741298274262, "params": {"C": 7.985340168039252, "epsilon": 9.207137467725108, "gamma": 0.21800611212594623, "lamda": 0.4169446779690559}, "datetime": {"datetime": "2021-06-21 19:40:52", "elapsed": 39.938203, "delta": 1.185829}}
{"target": -14.508876366809664, "params": {"C": 8.949344692956611, "epsilon": 4.510631454545948, "gamma": 0.4020365604891226, "lamda": 0.24171000725967356}, "datetime": {"datetime": "2021-06-21 19:40:52", "elapsed": 40.284279, "delta": 0.346076}}
{"target": -12.338285143143635, "params": {"C": 3.3644531314926756, "epsilon": 5.473874440832619, "gamma": 0.14935251006195735, "lamda": 0.5249609703703146}, "datetime": {"datetime": "2021-06-21 19:40:54", "elapsed": 41.312529, "delta": 1.02825}}
{"target": -11.769051361534624, "params": {"C": 3.2938036272991926, "epsilon": 5.180619238821407, "gamma": 0.1, "lamda": 0.08419817867071362}, "datetime": {"datetime": "2021-06-21 19:40:54", "elapsed": 42.26299, "delta": 0.950461}}
{"target": -11.754468020731412, "params": {"C": 3.294688808727286, "epsilon": 5.713150131814084, "gamma": 0.1036881136433011, "lamda": 0.036470890241343853}, "datetime": {"datetime": "2021-06-21 19:40:55", "elapsed": 43.147622, "delta": 0.884632}}
{"target": -17.061211358527498, "params": {"C": 1.591030605802536, "epsilon": 4.784886070440376, "gamma": 0.45468398547074773, "lamda": 0.09270663220915311}, "datetime": {"datetime": "2021-06-21 19:40:56", "elapsed": 43.46976, "delta": 0.322138}}
{"target": -16.08824595454985, "params": {"C": 3.1173308642328195, "epsilon": 5.485308683562287, "gamma": 0.5123484768886942, "lamda": 0.1942376426671735}, "datetime": {"datetime": "2021-06-21 19:40:57", "elapsed": 44.440165, "delta": 0.970405}}
{"target": -12.092239429049156, "params": {"C": 2.7562061375022937, "epsilon": 5.314722811332017, "gamma": 0.11587923466705062, "lamda": 0.4047397683043048}, "datetime": {"datetime": "2021-06-21 19:40:58", "elapsed": 45.37666, "delta": 0.936495}}
{"target": -84.15182921807919, "params": {"C": 2.9222377390464818, "epsilon": 5.856237473042515, "gamma": 0.1, "lamda": 0.441116484855026}, "datetime": {"datetime": "2021-06-21 19:41:06", "elapsed": 54.193085, "delta": 8.816425}}
{"target": -13.804736084138755, "params": {"C": 2.9033462558249123, "epsilon": 4.9812693990015005, "gamma": 0.25329285426234877, "lamda": 0.2976415131634989}, "datetime": {"datetime": "2021-06-21 19:41:07", "elapsed": 55.165489, "delta": 0.972404}}
{"target": -12.32363500159568, "params": {"C": 3.7154864759729223, "epsilon": 5.0459296982652075, "gamma": 0.15210723597451867, "lamda": 0.5005236230919606}, "datetime": {"datetime": "2021-06-21 19:41:08", "elapsed": 56.111954, "delta": 0.946465}}
{"target": -16.566710934029356, "params": {"C": 7.993353938606942, "epsilon": 2.7209526268093236, "gamma": 0.5890474959507874, "lamda": 0.3157371551361869}, "datetime": {"datetime": "2021-06-21 19:41:09", "elapsed": 56.493933, "delta": 0.381979}}
{"target": -83.0091069875516, "params": {"C": 2.4653388987429983, "epsilon": 5.010354110864815, "gamma": 0.1, "lamda": 0.5105325268613983}, "datetime": {"datetime": "2021-06-21 19:41:14", "elapsed": 62.176737, "delta": 5.682804}}
{"target": -12.449647230665278, "params": {"C": 3.1530974031450434, "epsilon": 5.178913538469825, "gamma": 0.1555180591003797, "lamda": 0.43970216716434396}, "datetime": {"datetime": "2021-06-21 19:41:16", "elapsed": 63.354587, "delta": 1.17785}}
{"target": -14.678255979006074, "params": {"C": 3.5439843012129377, "epsilon": 5.332646964779578, "gamma": 0.34530335002033197, "lamda": 0.08263152105447856}, "datetime": {"datetime": "2021-06-21 19:41:17", "elapsed": 64.346934, "delta": 0.992347}}
{"target": -11.967402797673781, "params": {"C": 3.279671773638867, "epsilon": 5.691630877173849, "gamma": 0.12361461835955065, "lamda": 0.012413669530118788}, "datetime": {"datetime": "2021-06-21 19:41:17", "elapsed": 64.714949, "delta": 0.368015}}
{"target": -13.309581248346861, "params": {"C": 3.3380030254050186, "epsilon": 4.734431161598817, "gamma": 0.21817626933140605, "lamda": 0.1655699649687409}, "datetime": {"datetime": "2021-06-21 19:41:18", "elapsed": 65.513812, "delta": 0.798863}}
{"target": -17.27340848696631, "params": {"C": 3.008946117052971, "epsilon": 5.073773030447651, "gamma": 0.6224272993208322, "lamda": 0.0746039112251183}, "datetime": {"datetime": "2021-06-21 19:41:19", "elapsed": 66.524112, "delta": 1.0103}}
{"target": -17.91833500136549, "params": {"C": 5.6995602183457805, "epsilon": 0.3492721327105862, "gamma": 0.6869607188019475, "lamda": 0.38237518160691125}, "datetime": {"datetime": "2021-06-21 19:41:19", "elapsed": 66.821316, "delta": 0.297204}}
{"target": -75.23495596987546, "params": {"C": 3.7106570388155675, "epsilon": 5.573838239333939, "gamma": 0.11604979148333483, "lamda": 0.6190216277035994}, "datetime": {"datetime": "2021-06-21 19:41:24", "elapsed": 71.667358, "delta": 4.846042}}
{"target": -18.086443202838247, "params": {"C": 9.533559092917242, "epsilon": 7.662086549670326, "gamma": 0.7998031069634358, "lamda": 0.2414324561573643}, "datetime": {"datetime": "2021-06-21 19:41:24", "elapsed": 71.962569, "delta": 0.295211}}
{"target": -12.02832511888629, "params": {"C": 3.9081403829830297, "epsilon": 5.126130121840051, "gamma": 0.13476948684849055, "lamda": 0.09912862538278587}, "datetime": {"datetime": "2021-06-21 19:41:25", "elapsed": 72.794345, "delta": 0.831776}}
{"target": -13.607966782976261, "params": {"C": 3.6344692895213773, "epsilon": 4.923787866904746, "gamma": 0.2456152244092727, "lamda": 0.22030949840623498}, "datetime": {"datetime": "2021-06-21 19:41:26", "elapsed": 73.671, "delta": 0.876655}}
{"target": -17.099182810427465, "params": {"C": 5.2734690636142565, "epsilon": 8.080904962519167, "gamma": 0.6529997417256992, "lamda": 0.45346481643437586}, "datetime": {"datetime": "2021-06-21 19:41:26", "elapsed": 73.980172, "delta": 0.309172}}
{"target": -14.88857940274869, "params": {"C": 4.048949810474199, "epsilon": 5.038242085269431, "gamma": 0.38957487902206217, "lamda": 0.3564491516927371}, "datetime": {"datetime": "2021-06-21 19:41:27", "elapsed": 74.92764, "delta": 0.947468}}
{"target": -12.752372909303167, "params": {"C": 2.9893826045623624, "epsilon": 5.225200997374722, "gamma": 0.18011643089158225, "lamda": 0.09416901875519247}, "datetime": {"datetime": "2021-06-21 19:41:28", "elapsed": 75.711545, "delta": 0.783905}}
{"target": -16.541457540042888, "params": {"C": 4.323562385509372, "epsilon": 5.361217328099176, "gamma": 0.5856605606579378, "lamda": 0.3674572251383328}, "datetime": {"datetime": "2021-06-21 19:41:29", "elapsed": 76.448573, "delta": 0.737028}}
{"target": -11.711961796183294, "params": {"C": 3.6316990080706293, "epsilon": 5.730113898258911, "gamma": 0.10925684882599516, "lamda": 0.019440064897377388}, "datetime": {"datetime": "2021-06-21 19:41:30", "elapsed": 77.428951, "delta": 0.980378}}
{"target": -16.107737528543602, "params": {"C": 6.041595703781352, "epsilon": 6.900938351795019, "gamma": 0.5565572147965853, "lamda": 0.29582996709978926}, "datetime": {"datetime": "2021-06-21 19:41:30", "elapsed": 77.779015, "delta": 0.350064}}
{"target": -16.10068673184408, "params": {"C": 4.079861930354744, "epsilon": 5.791394074601131, "gamma": 0.5407987513321187, "lamda": 0.06061049011613407}, "datetime": {"datetime": "2021-06-21 19:41:31", "elapsed": 78.813249, "delta": 1.034234}}
{"target": -16.266364492033023, "params": {"C": 2.757366821130475, "epsilon": 3.9299630563157897, "gamma": 0.49771942008653236, "lamda": 0.09166848562064266}, "datetime": {"datetime": "2021-06-21 19:41:31", "elapsed": 79.216172, "delta": 0.402923}}
{"target": -13.327145638639754, "params": {"C": 7.908820023518975, "epsilon": 9.106086668082193, "gamma": 0.24959843519679184, "lamda": 0.03573387952496642}, "datetime": {"datetime": "2021-06-21 19:41:32", "elapsed": 80.232454, "delta": 1.016282}}
{"target": -13.90612451028387, "params": {"C": 8.191656770184087, "epsilon": 8.863693679363074, "gamma": 0.34405063102269173, "lamda": 0.39484856693225134}, "datetime": {"datetime": "2021-06-21 19:41:33", "elapsed": 81.046278, "delta": 0.813824}}
{"target": -11.784059595149676, "params": {"C": 7.452091401721274, "epsilon": 1.1808840841916501, "gamma": 0.10755192226845522, "lamda": 0.41649444716260875}, "datetime": {"datetime": "2021-06-21 19:41:34", "elapsed": 81.42327, "delta": 0.376992}}
{"target": -11.629715686560091, "params": {"C": 7.8103282575236594, "epsilon": 1.401776459454532, "gamma": 0.1, "lamda": 0.25199910125367947}, "datetime": {"datetime": "2021-06-21 19:41:34", "elapsed": 82.249062, "delta": 0.825792}}
{"target": -13.652249471769965, "params": {"C": 7.698584483718324, "epsilon": 1.4186163139935768, "gamma": 0.25324035457765376, "lamda": 0.6218686491313876}, "datetime": {"datetime": "2021-06-21 19:41:35", "elapsed": 83.086822, "delta": 0.83776}}
{"target": -14.447145517209222, "params": {"C": 7.758948812816396, "epsilon": 1.09924618049623, "gamma": 0.3779409424856277, "lamda": 0.323330374714499}, "datetime": {"datetime": "2021-06-21 19:41:36", "elapsed": 84.110087, "delta": 1.023265}}
{"target": -15.065136356341666, "params": {"C": 5.422880267532676, "epsilon": 6.270171487460463, "gamma": 0.4486013803579372, "lamda": 0.13523372354230118}, "datetime": {"datetime": "2021-06-21 19:41:37", "elapsed": 84.473116, "delta": 0.363029}}
{"target": -14.715807474931452, "params": {"C": 7.904654186575593, "epsilon": 1.5018791015412114, "gamma": 0.40963686868696303, "lamda": 0.009}, "datetime": {"datetime": "2021-06-21 19:41:37", "elapsed": 85.240063, "delta": 0.766947}}
{"target": -15.78954742908169, "params": {"C": 7.211065511406478, "epsilon": 9.17011228288421, "gamma": 0.5492239929041358, "lamda": 0.16573853061249522}, "datetime": {"datetime": "2021-06-21 19:41:38", "elapsed": 85.575168, "delta": 0.335105}}
{"target": -14.805501944423908, "params": {"C": 7.521730289735161, "epsilon": 1.4124478793748787, "gamma": 0.41621178272705495, "lamda": 0.21258118642141555}, "datetime": {"datetime": "2021-06-21 19:41:39", "elapsed": 86.3491, "delta": 0.773932}}
{"target": -14.245602233634832, "params": {"C": 7.680719239622707, "epsilon": 9.447590041962297, "gamma": 0.3909692751543247, "lamda": 0.22812057453755138}, "datetime": {"datetime": "2021-06-21 19:41:40", "elapsed": 87.337455, "delta": 0.988355}}
{"target": -11.755640538152598, "params": {"C": 7.774507503634369, "epsilon": 1.8203314280254448, "gamma": 0.10728239172370183, "lamda": 0.21184944520007326}, "datetime": {"datetime": "2021-06-21 19:41:40", "elapsed": 88.054538, "delta": 0.717083}}
{"target": -80.25462964530313, "params": {"C": 7.414236535337984, "epsilon": 1.6408911623932392, "gamma": 0.1, "lamda": 0.40560199894448096}, "datetime": {"datetime": "2021-06-21 19:41:44", "elapsed": 91.94713, "delta": 3.892592}}
{"target": -16.62551594499052, "params": {"C": 2.3864880576678345, "epsilon": 4.470357854863922, "gamma": 0.49819357680805576, "lamda": 0.6397256284282165}, "datetime": {"datetime": "2021-06-21 19:41:45", "elapsed": 92.372999, "delta": 0.425869}}
{"target": -16.21956039455251, "params": {"C": 4.978132955630313, "epsilon": 2.535438353705066, "gamma": 0.5357807854902047, "lamda": 0.5795751320796435}, "datetime": {"datetime": "2021-06-21 19:41:45", "elapsed": 93.089077, "delta": 0.716078}}
{"target": -16.08454986657713, "params": {"C": 2.388709204275049, "epsilon": 3.0621053328431627, "gamma": 0.43570260801655214, "lamda": 0.09792950208865471}, "datetime": {"datetime": "2021-06-21 19:41:46", "elapsed": 93.415204, "delta": 0.326127}}
{"target": -13.72979858434687, "params": {"C": 7.972324770012237, "epsilon": 1.975741647199, "gamma": 0.2730802807399682, "lamda": 0.1648959030619674}, "datetime": {"datetime": "2021-06-21 19:41:47", "elapsed": 94.555155, "delta": 1.139951}}
{"target": -14.853825278130795, "params": {"C": 7.431153698104954, "epsilon": 1.0274988543100931, "gamma": 0.41850088042349687, "lamda": 0.42334482555043584}, "datetime": {"datetime": "2021-06-21 19:41:48", "elapsed": 95.533539, "delta": 0.978384}}
{"target": -12.98013311555797, "params": {"C": 8.007934550036222, "epsilon": 1.2544579814422399, "gamma": 0.1728297869916604, "lamda": 0.657984065032547}, "datetime": {"datetime": "2021-06-21 19:41:49", "elapsed": 96.505939, "delta": 0.9724}}
{"target": -11.693568320358299, "params": {"C": 7.4417599283459746, "epsilon": 0.9499347587887211, "gamma": 0.10285840080451143, "lamda": 0.03355181572409279}, "datetime": {"datetime": "2021-06-21 19:41:50", "elapsed": 97.346691, "delta": 0.840752}}
{"target": -16.502842166273993, "params": {"C": 4.194588981508751, "epsilon": 3.1939821345310215, "gamma": 0.563963607905704, "lamda": 0.3986153746903375}, "datetime": {"datetime": "2021-06-21 19:41:50", "elapsed": 97.695757, "delta": 0.349066}}
{"target": -16.949715522030413, "params": {"C": 5.253901271226529, "epsilon": 8.065058314916714, "gamma": 0.6380238121887086, "lamda": 0.44719529990442886}, "datetime": {"datetime": "2021-06-21 19:41:50", "elapsed": 98.084718, "delta": 0.388961}}
{"target": -17.23705376823423, "params": {"C": 7.892283448865602, "epsilon": 1.4463724485657425, "gamma": 0.646203493910504, "lamda": 0.5623031267147556}, "datetime": {"datetime": "2021-06-21 19:41:51", "elapsed": 98.872609, "delta": 0.787891}}
{"target": -16.575735043492394, "params": {"C": 1.823083838922666, "epsilon": 4.646332936133578, "gamma": 0.438219339392266, "lamda": 0.18605145936357567}, "datetime": {"datetime": "2021-06-21 19:41:51", "elapsed": 99.240626, "delta": 0.368017}}
{"target": -16.212546700258073, "params": {"C": 1.781118754763142, "epsilon": 5.980542874323452, "gamma": 0.40434850084327456, "lamda": 0.40482654911589233}, "datetime": {"datetime": "2021-06-21 19:41:52", "elapsed": 99.663495, "delta": 0.422869}}
{"target": -17.91490490142999, "params": {"C": 0.9554829802333161, "epsilon": 0.9603584840990586, "gamma": 0.3197191634721703, "lamda": 0.6454372100020271}, "datetime": {"datetime": "2021-06-21 19:41:52", "elapsed": 100.109303, "delta": 0.445808}}
{"target": -11.77079023957823, "params": {"C": 3.661365741380448, "epsilon": 4.637000366306427, "gamma": 0.1, "lamda": 0.5296958069782625}, "datetime": {"datetime": "2021-06-21 19:41:53", "elapsed": 101.021863, "delta": 0.91256}}
{"target": -11.905557003762956, "params": {"C": 8.24783435958471, "epsilon": 1.248323180245757, "gamma": 0.11042606676733939, "lamda": 0.2663314586275384}, "datetime": {"datetime": "2021-06-21 19:41:54", "elapsed": 101.89752, "delta": 0.875657}}
{"target": -15.140470487154348, "params": {"C": 3.8256279004938287, "epsilon": 4.760711434258761, "gamma": 0.40778019087344014, "lamda": 0.7}, "datetime": {"datetime": "2021-06-21 19:41:55", "elapsed": 102.902832, "delta": 1.005312}}
{"target": -15.517321387165115, "params": {"C": 7.716062233196507, "epsilon": 5.143325589064607, "gamma": 0.5049768839023907, "lamda": 0.2617783503352805}, "datetime": {"datetime": "2021-06-21 19:41:55", "elapsed": 103.268858, "delta": 0.366026}}
{"target": -12.846438960306367, "params": {"C": 7.388340860159572, "epsilon": 0.834301479531213, "gamma": 0.15918328566066045, "lamda": 0.6788607629068321}, "datetime": {"datetime": "2021-06-21 19:41:56", "elapsed": 104.110604, "delta": 0.841746}}
{"target": -12.50876131351007, "params": {"C": 7.574687759687267, "epsilon": 0.6058565285212034, "gamma": 0.13653679146591532, "lamda": 0.3272038271630449}, "datetime": {"datetime": "2021-06-21 19:41:57", "elapsed": 104.948363, "delta": 0.837759}}
{"target": -81.17505467773496, "params": {"C": 7.19858622237292, "epsilon": 0.8446419343705652, "gamma": 0.1, "lamda": 0.3236179280562593}, "datetime": {"datetime": "2021-06-21 19:42:01", "elapsed": 108.8609, "delta": 3.912537}}
{"target": -11.860918640985759, "params": {"C": 7.82220381374973, "epsilon": 0.8444864362876978, "gamma": 0.10927784138133288, "lamda": 0.1195561448728778}, "datetime": {"datetime": "2021-06-21 19:42:02", "elapsed": 109.880175, "delta": 1.019275}}
{"target": -13.330435113435652, "params": {"C": 7.605841815822137, "epsilon": 0.6210631910439226, "gamma": 0.2085329197771263, "lamda": 0.667341521886025}, "datetime": {"datetime": "2021-06-21 19:42:03", "elapsed": 110.861554, "delta": 0.981379}}
{"target": -20.397204894600304, "params": {"C": 0.5167116523829306, "epsilon": 2.8750303013780085, "gamma": 0.3639092893949474, "lamda": 0.39348961935161153}, "datetime": {"datetime": "2021-06-21 19:42:03", "elapsed": 111.251507, "delta": 0.389953}}
{"target": -13.874878108671156, "params": {"C": 7.898661998883507, "epsilon": 0.6158348813127262, "gamma": 0.2877485057997732, "lamda": 0.3219972833362956}, "datetime": {"datetime": "2021-06-21 19:42:04", "elapsed": 112.107221, "delta": 0.855714}}
{"target": -16.408805387875177, "params": {"C": 5.727461378763044, "epsilon": 6.098508583048872, "gamma": 0.5835076751921757, "lamda": 0.5063232046680004}, "datetime": {"datetime": "2021-06-21 19:42:05", "elapsed": 112.534079, "delta": 0.426858}}
{"target": -12.16527172014356, "params": {"C": 7.542681129163528, "epsilon": 1.0564414905288537, "gamma": 0.12288881643089256, "lamda": 0.6645876473207161}, "datetime": {"datetime": "2021-06-21 19:42:06", "elapsed": 113.369843, "delta": 0.835764}}
{"target": -17.52072703044107, "params": {"C": 7.2953907523974175, "epsilon": 6.277471680383164, "gamma": 0.6871628664102211, "lamda": 0.5329405916559113}, "datetime": {"datetime": "2021-06-21 19:42:06", "elapsed": 113.764787, "delta": 0.394944}}
{"target": -13.806104853366218, "params": {"C": 7.870738972686439, "epsilon": 0.9094412539846495, "gamma": 0.27726000479139434, "lamda": 0.6033621254603443}, "datetime": {"datetime": "2021-06-21 19:42:07", "elapsed": 114.773092, "delta": 1.008305}}
