{"target": -10.896721567308699, "params": {"C": 5.512230509425471, "epsilon": 6.816891388465548, "gamma": 0.04148887711468004, "lamda": 0.052796131438750206}, "datetime": {"datetime": "2021-06-28 12:49:53", "elapsed": 871.793245, "delta": 1.457677}}
{"target": -11.084226811080145, "params": {"C": 5.07366661767381, "epsilon": 6.697366821492621, "gamma": 0.03995660115931987, "lamda": 0.038817817984754595}, "datetime": {"datetime": "2021-06-28 12:49:56", "elapsed": 874.237176, "delta": 2.443931}}
{"target": -10.508525433002374, "params": {"C": 6.400588036697311, "epsilon": 6.603857047981265, "gamma": 0.05624057653312098, "lamda": 0.05234116202574897}, "datetime": {"datetime": "2021-06-28 12:49:57", "elapsed": 875.790209, "delta": 1.553033}}
{"target": -11.450367113597178, "params": {"C": 5.130019101159977, "epsilon": 6.769734057579669, "gamma": 0.023752618276538878, "lamda": 0.18815132055242592}, "datetime": {"datetime": "2021-06-28 12:49:59", "elapsed": 877.594831, "delta": 1.804622}}
{"target": -10.506761262315798, "params": {"C": 6.2879096622855535, "epsilon": 6.7934713069430686, "gamma": 0.05411507955130031, "lamda": 0.04647383787913009}, "datetime": {"datetime": "2021-06-28 12:50:00", "elapsed": 878.676832, "delta": 1.082001}}
{"target": -11.025183074973215, "params": {"C": 6.068622476323833, "epsilon": 6.279382112630668, "gamma": 0.03553998119366015, "lamda": 0.06160550111577817}, "datetime": {"datetime": "2021-06-28 12:50:01", "elapsed": 879.839828, "delta": 1.162996}}
{"target": -10.88064996117589, "params": {"C": 6.146178499680051, "epsilon": 6.580052552085496, "gamma": 0.03859002235785297, "lamda": 0.05154611526573573}, "datetime": {"datetime": "2021-06-28 12:50:03", "elapsed": 881.231102, "delta": 1.391274}}
{"target": -11.428382443493012, "params": {"C": 6.2223836608243515, "epsilon": 6.165606191739255, "gamma": 0.02405628717335318, "lamda": 0.0729994471535129}, "datetime": {"datetime": "2021-06-28 12:50:04", "elapsed": 882.487909, "delta": 1.256807}}
{"target": -93.59243611495724, "params": {"C": 5.959559526267455, "epsilon": 6.2817604391197905, "gamma": 0.03479212590739958, "lamda": 0.30104385041347625}, "datetime": {"datetime": "2021-06-28 12:50:12", "elapsed": 890.168717, "delta": 7.680808}}
{"target": -10.537772375732175, "params": {"C": 6.282658047387696, "epsilon": 6.781415267787174, "gamma": 0.051240940094364494, "lamda": 0.04669420478310992}, "datetime": {"datetime": "2021-06-28 12:50:13", "elapsed": 891.39838, "delta": 1.229663}}
{"target": -11.04520896289679, "params": {"C": 5.523458771764204, "epsilon": 6.941279111525848, "gamma": 0.036648923996157566, "lamda": 0.12564548157975675}, "datetime": {"datetime": "2021-06-28 12:50:14", "elapsed": 893.025915, "delta": 1.627535}}
{"target": -10.59018621458107, "params": {"C": 5.617713389701335, "epsilon": 6.802309830502129, "gamma": 0.05468797982040373, "lamda": 0.08456828572186872}, "datetime": {"datetime": "2021-06-28 12:50:16", "elapsed": 894.492381, "delta": 1.466466}}
{"target": -11.379021674335732, "params": {"C": 5.622093801609404, "epsilon": 6.757756478150476, "gamma": 0.02804920396274644, "lamda": 0.1250061885354413}, "datetime": {"datetime": "2021-06-28 12:50:17", "elapsed": 895.654945, "delta": 1.162564}}
{"target": -10.754304275176061, "params": {"C": 5.538338237035896, "epsilon": 6.7254800523760405, "gamma": 0.04625088453185228, "lamda": 0.024412199619441757}, "datetime": {"datetime": "2021-06-28 12:50:18", "elapsed": 896.724542, "delta": 1.069597}}
{"target": -92.30292039130644, "params": {"C": 5.471033859916668, "epsilon": 6.552709422918594, "gamma": 0.04131369136192438, "lamda": 0.23329970247087758}, "datetime": {"datetime": "2021-06-28 12:50:29", "elapsed": 907.462433, "delta": 10.737891}}
{"target": -11.416517773910478, "params": {"C": 5.718471654566683, "epsilon": 6.764360038026747, "gamma": 0.025288484295732144, "lamda": 0.08864179952192835}, "datetime": {"datetime": "2021-06-28 12:50:30", "elapsed": 909.023603, "delta": 1.56117}}
{"target": -10.785291983404504, "params": {"C": 6.273593533229598, "epsilon": 6.778497063346265, "gamma": 0.04088635050430581, "lamda": 0.04338219017407329}, "datetime": {"datetime": "2021-06-28 12:50:32", "elapsed": 910.496603, "delta": 1.473}}
{"target": -10.589874022575009, "params": {"C": 5.617300351290594, "epsilon": 6.802010491415772, "gamma": 0.05469674349409058, "lamda": 0.08450486063556609}, "datetime": {"datetime": "2021-06-28 12:50:34", "elapsed": 912.533768, "delta": 2.037165}}
{"target": -11.028193490509645, "params": {"C": 6.017547619987032, "epsilon": 6.468510735575273, "gamma": 0.035385700503296036, "lamda": 0.02001591778262112}, "datetime": {"datetime": "2021-06-28 12:50:35", "elapsed": 913.923413, "delta": 1.389645}}
{"target": -10.465205596807962, "params": {"C": 6.398019095012312, "epsilon": 6.599510449298344, "gamma": 0.054824606202628065, "lamda": 0.05616499842981832}, "datetime": {"datetime": "2021-06-28 12:50:37", "elapsed": 915.372536, "delta": 1.449123}}
{"target": -10.612268201036102, "params": {"C": 5.427198701062762, "epsilon": 6.108286071067643, "gamma": 0.05871867360224492, "lamda": 0.055415867064338924}, "datetime": {"datetime": "2021-06-28 12:50:39", "elapsed": 917.526186, "delta": 2.15365}}
{"target": -11.46619729437854, "params": {"C": 5.280963041169032, "epsilon": 6.409356111089295, "gamma": 0.023971793324954357, "lamda": 0.18317559678490825}, "datetime": {"datetime": "2021-06-28 12:50:41", "elapsed": 919.447501, "delta": 1.921315}}
{"target": -85.2464884681687, "params": {"C": 6.166948582307393, "epsilon": 6.539160394251398, "gamma": 0.027763821211014658, "lamda": 0.2380149278867781}, "datetime": {"datetime": "2021-06-28 12:50:53", "elapsed": 931.177636, "delta": 11.730135}}
{"target": -10.503331561649066, "params": {"C": 6.414012555713509, "epsilon": 6.58918210449454, "gamma": 0.05590565714383702, "lamda": 0.050395803940124745}, "datetime": {"datetime": "2021-06-28 12:50:54", "elapsed": 932.442089, "delta": 1.264453}}
{"target": -85.18570283632118, "params": {"C": 5.758069064735526, "epsilon": 6.466531115947093, "gamma": 0.02620751393194564, "lamda": 0.24412272054677425}, "datetime": {"datetime": "2021-06-28 12:51:05", "elapsed": 943.557335, "delta": 11.115246}}
{"target": -10.78003242713033, "params": {"C": 5.977778787334262, "epsilon": 6.132606191761561, "gamma": 0.04346804727035458, "lamda": 0.10742001501719052}, "datetime": {"datetime": "2021-06-28 12:51:06", "elapsed": 944.797056, "delta": 1.239721}}
{"target": -10.535590255092005, "params": {"C": 6.29179017063272, "epsilon": 6.802386440412021, "gamma": 0.05072983929176024, "lamda": 0.04782891674987039}, "datetime": {"datetime": "2021-06-28 12:51:07", "elapsed": 946.106243, "delta": 1.309187}}
{"target": -10.591914418449798, "params": {"C": 6.164265905149821, "epsilon": 6.095414224149797, "gamma": 0.05294773115665195, "lamda": 0.07225774405854485}, "datetime": {"datetime": "2021-06-28 12:51:09", "elapsed": 947.567516, "delta": 1.461273}}
{"target": -10.61584255027013, "params": {"C": 5.4256904614965835, "epsilon": 6.108154805975508, "gamma": 0.0577568707945709, "lamda": 0.05888920006381265}, "datetime": {"datetime": "2021-06-28 12:51:10", "elapsed": 949.041525, "delta": 1.474009}}
{"target": -11.457480621578684, "params": {"C": 5.625360361157426, "epsilon": 6.560341277347484, "gamma": 0.021648985655764556, "lamda": 0.08666653504180986}, "datetime": {"datetime": "2021-06-28 12:51:12", "elapsed": 950.476525, "delta": 1.435}}
{"target": -10.86447646089902, "params": {"C": 6.066016616122475, "epsilon": 6.270386367802341, "gamma": 0.03981647399390657, "lamda": 0.062111432291042504}, "datetime": {"datetime": "2021-06-28 12:51:13", "elapsed": 951.938546, "delta": 1.462021}}
{"target": -11.283508487487142, "params": {"C": 5.219805638764419, "epsilon": 6.804943897065075, "gamma": 0.03063360040199168, "lamda": 0.07943561619521324}, "datetime": {"datetime": "2021-06-28 12:51:15", "elapsed": 953.437315, "delta": 1.498769}}
{"target": -11.096466328931745, "params": {"C": 5.031410475736924, "epsilon": 6.8709447765552785, "gamma": 0.038484456618426664, "lamda": 0.05918109856605973}, "datetime": {"datetime": "2021-06-28 12:51:16", "elapsed": 954.789469, "delta": 1.352154}}
{"target": -90.84137182253157, "params": {"C": 5.463002107792411, "epsilon": 6.630682410220963, "gamma": 0.027864827471066278, "lamda": 0.3815541433906948}, "datetime": {"datetime": "2021-06-28 12:51:28", "elapsed": 966.323205, "delta": 11.533736}}
{"target": -10.53883970324546, "params": {"C": 6.277550402616746, "epsilon": 6.773330349318785, "gamma": 0.05198411263518264, "lamda": 0.04614771243929436}, "datetime": {"datetime": "2021-06-28 12:51:29", "elapsed": 968.023426, "delta": 1.700221}}
{"target": -10.94762206080472, "params": {"C": 5.272725747809581, "epsilon": 6.462781775899364, "gamma": 0.04286057332879608, "lamda": 0.11415882633281392}, "datetime": {"datetime": "2021-06-28 12:51:31", "elapsed": 969.762464, "delta": 1.739038}}
{"target": -10.5243939151642, "params": {"C": 6.411957912872944, "epsilon": 6.597088156842091, "gamma": 0.05295847447436493, "lamda": 0.06282816244200914}, "datetime": {"datetime": "2021-06-28 12:51:33", "elapsed": 971.532865, "delta": 1.770401}}
{"target": -11.11680359016951, "params": {"C": 6.306702809288828, "epsilon": 6.868750977925374, "gamma": 0.0307458119493266, "lamda": 0.02837529823783613}, "datetime": {"datetime": "2021-06-28 12:51:35", "elapsed": 973.277207, "delta": 1.744342}}
{"target": -11.116717474260716, "params": {"C": 5.524629965952018, "epsilon": 6.940818569395463, "gamma": 0.03444059672471788, "lamda": 0.11763855947333597}, "datetime": {"datetime": "2021-06-28 12:51:36", "elapsed": 974.695634, "delta": 1.418427}}
{"target": -92.81663375784724, "params": {"C": 6.284698702900047, "epsilon": 6.2663831873296045, "gamma": 0.05990823510907592, "lamda": 0.3188712092779677}, "datetime": {"datetime": "2021-06-28 12:51:47", "elapsed": 985.587404, "delta": 10.89177}}
{"target": -10.57673652625268, "params": {"C": 5.64656821212381, "epsilon": 6.263672295343564, "gamma": 0.05769726933474681, "lamda": 0.0117667008448714}, "datetime": {"datetime": "2021-06-28 12:51:48", "elapsed": 986.811972, "delta": 1.224568}}
{"target": -87.55651982293206, "params": {"C": 5.8466835742795915, "epsilon": 6.393582180100337, "gamma": 0.02953457621483993, "lamda": 0.2681739676574715}, "datetime": {"datetime": "2021-06-28 12:52:01", "elapsed": 999.3861, "delta": 12.574128}}
{"target": -11.24127435119208, "params": {"C": 5.837145887957191, "epsilon": 6.4558860696965175, "gamma": 0.029162450156241766, "lamda": 0.14032108541611896}, "datetime": {"datetime": "2021-06-28 12:52:03", "elapsed": 1001.666101, "delta": 2.280001}}
{"target": -10.949553177641151, "params": {"C": 5.800891270933017, "epsilon": 6.1190068243761555, "gamma": 0.03907593251209213, "lamda": 0.13400388357203818}, "datetime": {"datetime": "2021-06-28 12:52:05", "elapsed": 1003.719101, "delta": 2.053}}
{"target": -11.20583364981476, "params": {"C": 5.413617849964268, "epsilon": 6.402682207846424, "gamma": 0.033492916787431694, "lamda": 0.05950767964503839}, "datetime": {"datetime": "2021-06-28 12:52:07", "elapsed": 1005.5941, "delta": 1.874999}}
{"target": -10.576186014062623, "params": {"C": 5.646133986071275, "epsilon": 6.2634518959492205, "gamma": 0.05778337926081404, "lamda": 0.011553979780282908}, "datetime": {"datetime": "2021-06-28 12:52:09", "elapsed": 1007.553102, "delta": 1.959002}}
{"target": -10.508326277307969, "params": {"C": 6.277828385480455, "epsilon": 6.788604276161061, "gamma": 0.05378233864393889, "lamda": 0.04370993621799638}, "datetime": {"datetime": "2021-06-28 12:52:10", "elapsed": 1009.047147, "delta": 1.494045}}
{"target": -11.473671214953752, "params": {"C": 5.11562692722905, "epsilon": 6.158981856347034, "gamma": 0.027146350966580163, "lamda": 0.1538782503361657}, "datetime": {"datetime": "2021-06-28 12:52:12", "elapsed": 1010.277142, "delta": 1.229995}}
{"target": -11.27643046803554, "params": {"C": 5.281019007561681, "epsilon": 6.405359756890444, "gamma": 0.031145523986315878, "lamda": 0.17715599567531137}, "datetime": {"datetime": "2021-06-28 12:52:13", "elapsed": 1011.43582, "delta": 1.158678}}
{"target": -11.337972739530503, "params": {"C": 5.902575453771405, "epsilon": 6.8998159215958355, "gamma": 0.02609773115914042, "lamda": 0.05253563404869713}, "datetime": {"datetime": "2021-06-28 12:52:14", "elapsed": 1013.138862, "delta": 1.703042}}
{"target": -10.718965280899928, "params": {"C": 6.141798099398967, "epsilon": 6.579242319065869, "gamma": 0.04348000926122386, "lamda": 0.047235139535095616}, "datetime": {"datetime": "2021-06-28 12:52:16", "elapsed": 1014.777315, "delta": 1.638453}}
{"target": -10.677051945018608, "params": {"C": 5.4307298326788915, "epsilon": 6.099779248978149, "gamma": 0.05386943255667567, "lamda": 0.0524110933106037}, "datetime": {"datetime": "2021-06-28 12:52:18", "elapsed": 1016.157876, "delta": 1.380561}}
{"target": -11.476829796701141, "params": {"C": 6.222554678745391, "epsilon": 6.156422354455027, "gamma": 0.021579485140771498, "lamda": 0.061798544342917455}, "datetime": {"datetime": "2021-06-28 12:52:20", "elapsed": 1018.284882, "delta": 2.127006}}
{"target": -82.2870314815713, "params": {"C": 5.947506709065388, "epsilon": 6.548366205973593, "gamma": 0.022360529315514167, "lamda": 0.37129236284874884}, "datetime": {"datetime": "2021-06-28 12:52:30", "elapsed": 1028.318757, "delta": 10.033875}}
{"target": -10.502913297957491, "params": {"C": 6.413000840721902, "epsilon": 6.591075570164818, "gamma": 0.055888441509995355, "lamda": 0.05375561763583534}, "datetime": {"datetime": "2021-06-28 12:52:31", "elapsed": 1029.566846, "delta": 1.248089}}
{"target": -10.660389561449039, "params": {"C": 6.343165370504892, "epsilon": 6.003708906202446, "gamma": 0.04594646106892207, "lamda": 0.06216550021077274}, "datetime": {"datetime": "2021-06-28 12:52:32", "elapsed": 1030.763846, "delta": 1.197}}
{"target": -80.35966043983859, "params": {"C": 5.3049917832119915, "epsilon": 6.871925768112488, "gamma": 0.020197340587082807, "lamda": 0.25239069905627304}, "datetime": {"datetime": "2021-06-28 12:52:42", "elapsed": 1040.928014, "delta": 10.164168}}
{"target": -92.7908917362973, "params": {"C": 5.998179409657106, "epsilon": 6.133226447323049, "gamma": 0.044502428162667376, "lamda": 0.23822959638630478}, "datetime": {"datetime": "2021-06-28 12:52:52", "elapsed": 1050.487302, "delta": 9.559288}}
{"target": -11.121987604948869, "params": {"C": 5.509648302120899, "epsilon": 6.939727251991554, "gamma": 0.0343639640211226, "lamda": 0.12439113678786871}, "datetime": {"datetime": "2021-06-28 12:52:54", "elapsed": 1052.438199, "delta": 1.950897}}
{"target": -10.741447720415438, "params": {"C": 5.985983115662443, "epsilon": 6.891622807494001, "gamma": 0.04312079002086147, "lamda": 0.1198639184020352}, "datetime": {"datetime": "2021-06-28 12:52:55", "elapsed": 1053.679225, "delta": 1.241026}}
{"target": -11.287728987714427, "params": {"C": 6.083313739010199, "epsilon": 6.280993377541222, "gamma": 0.027593111232622702, "lamda": 0.06878070740991687}, "datetime": {"datetime": "2021-06-28 12:52:56", "elapsed": 1055.094169, "delta": 1.414944}}
{"target": -93.16549050672073, "params": {"C": 5.74534161400927, "epsilon": 6.486043832571405, "gamma": 0.05072522625764518, "lamda": 0.2670594933397575}, "datetime": {"datetime": "2021-06-28 12:53:06", "elapsed": 1065.03018, "delta": 9.936011}}
{"target": -10.592353570180006, "params": {"C": 6.404496277785295, "epsilon": 6.610279382127063, "gamma": 0.05125938790130685, "lamda": 0.054757171201672894}, "datetime": {"datetime": "2021-06-28 12:53:08", "elapsed": 1066.288645, "delta": 1.258465}}
{"target": -10.929198492632853, "params": {"C": 5.81406449386164, "epsilon": 6.627676177627227, "gamma": 0.04111092671653495, "lamda": 0.08013471319758629}, "datetime": {"datetime": "2021-06-28 12:53:09", "elapsed": 1067.497341, "delta": 1.208696}}
{"target": -11.086288130233092, "params": {"C": 5.21262345182129, "epsilon": 6.812913211190112, "gamma": 0.03779310966905278, "lamda": 0.07096412985003167}, "datetime": {"datetime": "2021-06-28 12:53:11", "elapsed": 1069.257814, "delta": 1.760473}}
{"target": -10.612753754594854, "params": {"C": 5.974732721760072, "epsilon": 6.1280400413971625, "gamma": 0.049370783950368674, "lamda": 0.11273921162644192}, "datetime": {"datetime": "2021-06-28 12:53:12", "elapsed": 1070.986704, "delta": 1.72889}}
{"target": -10.536408253933164, "params": {"C": 6.278318777689728, "epsilon": 6.780394265652306, "gamma": 0.05161821713450884, "lamda": 0.036330290050136924}, "datetime": {"datetime": "2021-06-28 12:53:14", "elapsed": 1072.38862, "delta": 1.401916}}
{"target": -10.822070327554718, "params": {"C": 6.154212787703398, "epsilon": 6.577503558823707, "gamma": 0.04084905405526084, "lamda": 0.0574236032276795}, "datetime": {"datetime": "2021-06-28 12:53:15", "elapsed": 1073.804518, "delta": 1.415898}}
{"target": -11.495409554823292, "params": {"C": 5.395481640937179, "epsilon": 6.343999119784324, "gamma": 0.02411296914490819, "lamda": 0.14306632523320878}, "datetime": {"datetime": "2021-06-28 12:53:16", "elapsed": 1075.057489, "delta": 1.252971}}
{"target": -11.427379524883937, "params": {"C": 5.615245207109905, "epsilon": 6.743696624723585, "gamma": 0.022606454134759323, "lamda": 0.12253864651614313}, "datetime": {"datetime": "2021-06-28 12:53:18", "elapsed": 1077.074965, "delta": 2.017476}}
{"target": -88.9636923005677, "params": {"C": 6.233916310871555, "epsilon": 6.691019952013935, "gamma": 0.02575818361544518, "lamda": 0.3839202496188627}, "datetime": {"datetime": "2021-06-28 12:53:28", "elapsed": 1086.771413, "delta": 9.696448}}
{"target": -10.555535380214353, "params": {"C": 6.397544829198379, "epsilon": 6.609485280349344, "gamma": 0.051056338013732855, "lamda": 0.06102773539051128}, "datetime": {"datetime": "2021-06-28 12:53:29", "elapsed": 1088.079801, "delta": 1.308388}}
{"target": -11.175547297923206, "params": {"C": 5.204115988375715, "epsilon": 6.8136436419311925, "gamma": 0.035039689126790875, "lamda": 0.07877095564452789}, "datetime": {"datetime": "2021-06-28 12:53:31", "elapsed": 1089.503182, "delta": 1.423381}}
{"target": -94.92086244887042, "params": {"C": 6.121923214145514, "epsilon": 6.547999657976391, "gamma": 0.04548935355781548, "lamda": 0.15785782233996234}, "datetime": {"datetime": "2021-06-28 12:53:40", "elapsed": 1099.114223, "delta": 9.611041}}
{"target": -11.455144752152382, "params": {"C": 6.069464481014555, "epsilon": 6.270187121714605, "gamma": 0.02192675068626039, "lamda": 0.049084158035829786}, "datetime": {"datetime": "2021-06-28 12:53:42", "elapsed": 1100.531611, "delta": 1.417388}}
{"target": -92.22254118856817, "params": {"C": 6.233752393718888, "epsilon": 6.802081624554592, "gamma": 0.03366716779389309, "lamda": 0.3840629901935786}, "datetime": {"datetime": "2021-06-28 12:53:52", "elapsed": 1110.3382, "delta": 9.806589}}
{"target": -11.115987887668242, "params": {"C": 5.907327366154015, "epsilon": 6.905684481854651, "gamma": 0.03182495938160569, "lamda": 0.05313437013603839}, "datetime": {"datetime": "2021-06-28 12:53:54", "elapsed": 1112.599363, "delta": 2.261163}}
{"target": -11.496384801241447, "params": {"C": 5.389460321118119, "epsilon": 6.339931226826062, "gamma": 0.02187186558672801, "lamda": 0.1425187169258348}, "datetime": {"datetime": "2021-06-28 12:53:55", "elapsed": 1114.038345, "delta": 1.438982}}
{"target": -11.268797897531835, "params": {"C": 6.091996009767788, "epsilon": 6.275406023402858, "gamma": 0.028506838297674805, "lamda": 0.06506871818225869}, "datetime": {"datetime": "2021-06-28 12:53:58", "elapsed": 1116.222557, "delta": 2.184212}}
{"target": -10.626347368241786, "params": {"C": 5.418030577047715, "epsilon": 6.120335209250752, "gamma": 0.05590093071029502, "lamda": 0.054484821007888005}, "datetime": {"datetime": "2021-06-28 12:53:59", "elapsed": 1118.099573, "delta": 1.877016}}
{"target": -91.05315074571676, "params": {"C": 5.276283044904069, "epsilon": 6.946633318314753, "gamma": 0.02988351171180527, "lamda": 0.25599686149594736}, "datetime": {"datetime": "2021-06-28 12:54:09", "elapsed": 1127.698599, "delta": 9.599026}}
{"target": -10.671802696650309, "params": {"C": 5.4320720015299875, "epsilon": 6.097997504591529, "gamma": 0.05160169013791058, "lamda": 0.06034382788970222}, "datetime": {"datetime": "2021-06-28 12:54:10", "elapsed": 1128.98658, "delta": 1.287981}}
{"target": -11.437041893073792, "params": {"C": 5.626271766876723, "epsilon": 6.562488418788613, "gamma": 0.025049017196643146, "lamda": 0.08532136904489479}, "datetime": {"datetime": "2021-06-28 12:54:12", "elapsed": 1131.045945, "delta": 2.059365}}
{"target": -10.59646369134923, "params": {"C": 6.095494087279065, "epsilon": 6.247560608907741, "gamma": 0.05001973846187047, "lamda": 0.02670668208266912}, "datetime": {"datetime": "2021-06-28 12:54:14", "elapsed": 1132.68241, "delta": 1.636465}}
{"target": -11.200467678462108, "params": {"C": 5.521903558354724, "epsilon": 6.938294014762481, "gamma": 0.030914544532041236, "lamda": 0.13408471751067913}, "datetime": {"datetime": "2021-06-28 12:54:16", "elapsed": 1134.191022, "delta": 1.508612}}
{"target": -92.59989243693587, "params": {"C": 5.0530002414765, "epsilon": 6.555048138857287, "gamma": 0.04052687590366914, "lamda": 0.24530419291372788}, "datetime": {"datetime": "2021-06-28 12:54:22", "elapsed": 1141.141356, "delta": 6.950334}}
{"target": -99.01968558148923, "params": {"C": 6.015804014097478, "epsilon": 6.731478371399872, "gamma": 0.042294026289753754, "lamda": 0.27184868296104403}, "datetime": {"datetime": "2021-06-28 12:54:32", "elapsed": 1150.861248, "delta": 9.719892}}
{"target": -10.975702094463403, "params": {"C": 6.420005794290271, "epsilon": 6.324075757760807, "gamma": 0.03555721120802903, "lamda": 0.04695469299967058}, "datetime": {"datetime": "2021-06-28 12:54:34", "elapsed": 1152.933877, "delta": 2.072629}}
