{"target": -62.53342309480803, "params": {"C": 4.228517846555483, "epsilon": 7.231212485077365, "gamma": 0.011142604425275418, "lamda": 3.0930924690552137}, "datetime": {"datetime": "2021-06-28 08:17:44", "elapsed": 0.0, "delta": 0.0}}
{"target": -26.720192694127864, "params": {"C": 1.5528833190894193, "epsilon": 1.0141520882110984, "gamma": 1.8707395116629324, "lamda": 3.5210511977261727}, "datetime": {"datetime": "2021-06-28 08:17:44", "elapsed": 0.17203, "delta": 0.17203}}
{"target": -29.59812026814249, "params": {"C": 4.027997994883632, "epsilon": 5.434285666633234, "gamma": 4.197753198888915, "lamda": 6.883673053927919}, "datetime": {"datetime": "2021-06-28 08:17:44", "elapsed": 0.365736, "delta": 0.193706}}
{"target": -41.90616512605529, "params": {"C": 2.124077272342023, "epsilon": 8.79336262027036, "gamma": 0.2836020560472824, "lamda": 6.737628350766182}, "datetime": {"datetime": "2021-06-28 08:17:55", "elapsed": 11.031026, "delta": 10.66529}}
{"target": -22.587552326345453, "params": {"C": 4.231317543434557, "epsilon": 5.631029301612942, "gamma": 1.4124655165663853, "lamda": 2.0612047419403}, "datetime": {"datetime": "2021-06-28 08:17:55", "elapsed": 11.462167, "delta": 0.431141}}
{"target": -32.22915600320385, "params": {"C": 8.027371229887814, "epsilon": 9.685789599622035, "gamma": 3.141107539810836, "lamda": 6.953993895126209}, "datetime": {"datetime": "2021-06-28 08:18:06", "elapsed": 22.201165, "delta": 10.738998}}
{"target": -18.520632207419393, "params": {"C": 8.776252607730779, "epsilon": 8.956605968688088, "gamma": 0.8595916715840813, "lamda": 0.48664235400553535}, "datetime": {"datetime": "2021-06-28 08:18:07", "elapsed": 22.952782, "delta": 0.751617}}
{"target": -34.29097125461339, "params": {"C": 1.7813211536892324, "epsilon": 8.79361078395119, "gamma": 0.9924848699921704, "lamda": 4.268965487550016}, "datetime": {"datetime": "2021-06-28 08:18:20", "elapsed": 36.344737, "delta": 13.391955}}
{"target": -31.872443753966888, "params": {"C": 9.583106348489968, "epsilon": 5.378336321232869, "gamma": 6.921852368365228, "lamda": 3.2236047469600235}, "datetime": {"datetime": "2021-06-28 08:18:20", "elapsed": 36.761935, "delta": 0.417198}}
{"target": -51.61983641862179, "params": {"C": 6.896359184047678, "epsilon": 8.362794151783993, "gamma": 0.19269989066847615, "lamda": 7.526428717955178}, "datetime": {"datetime": "2021-06-28 08:18:32", "elapsed": 48.745669, "delta": 11.983734}}
{"target": -32.63178664838299, "params": {"C": 9.889724780174298, "epsilon": 7.50683997836041, "gamma": 2.8116354807234076, "lamda": 7.913865351669736}, "datetime": {"datetime": "2021-06-28 08:18:47", "elapsed": 63.391271, "delta": 14.645602}}
{"target": -33.67879696828987, "params": {"C": 1.1219374651186562, "epsilon": 4.534145909141461, "gamma": 9.086869075900024, "lamda": 3.006780068899427}, "datetime": {"datetime": "2021-06-28 08:18:47", "elapsed": 63.910365, "delta": 0.519094}}
{"target": -52.341256256166844, "params": {"C": 2.948975852004853, "epsilon": 1.3872828639709491, "gamma": 0.2034759091242678, "lamda": 6.82047177610492}, "datetime": {"datetime": "2021-06-28 08:19:00", "elapsed": 76.431624, "delta": 12.521259}}
{"target": -31.537134539968985, "params": {"C": 2.1951183484005847, "epsilon": 2.7289119277850395, "gamma": 4.9208158612105795, "lamda": 0.6282891966590958}, "datetime": {"datetime": "2021-06-28 08:19:00", "elapsed": 76.776508, "delta": 0.344884}}
{"target": -34.41789712499164, "params": {"C": 5.783764294370929, "epsilon": 1.5526128915675206, "gamma": 5.897162313663809, "lamda": 7.027607764207218}, "datetime": {"datetime": "2021-06-28 08:19:11", "elapsed": 87.029435, "delta": 10.252927}}
{"target": -33.14282936535367, "params": {"C": 1.113110845395476, "epsilon": 4.199154279413726, "gamma": 6.947057575700174, "lamda": 4.200374768316336}, "datetime": {"datetime": "2021-06-28 08:19:11", "elapsed": 87.370977, "delta": 0.341542}}
{"target": -33.24025868969302, "params": {"C": 0.5945392435662629, "epsilon": 5.405374418563564, "gamma": 6.64130850574569, "lamda": 5.1974022093772545}, "datetime": {"datetime": "2021-06-28 08:19:11", "elapsed": 87.761196, "delta": 0.390219}}
{"target": -32.967222751835266, "params": {"C": 9.451488084309052, "epsilon": 5.906894900969729, "gamma": 9.034985133725955, "lamda": 1.4609995710477517}, "datetime": {"datetime": "2021-06-28 08:19:12", "elapsed": 88.136327, "delta": 0.375131}}
{"target": -32.40152164415884, "params": {"C": 1.4788358377825097, "epsilon": 8.093173758224285, "gamma": 3.9827916014854803, "lamda": 1.7370065514576347}, "datetime": {"datetime": "2021-06-28 08:19:23", "elapsed": 99.134522, "delta": 10.998195}}
{"target": -33.75859774059579, "params": {"C": 9.282334945920736, "epsilon": 3.5428820114805153, "gamma": 7.5106129103301935, "lamda": 7.28738005496947}, "datetime": {"datetime": "2021-06-28 08:19:33", "elapsed": 109.816771, "delta": 10.682249}}
{"target": -27.766768017665868, "params": {"C": 1.2005032931225454, "epsilon": 0.8680680479833205, "gamma": 1.9860101598708233, "lamda": 3.85125764898889}, "datetime": {"datetime": "2021-06-28 08:19:34", "elapsed": 110.240901, "delta": 0.42413}}
{"target": -33.52364326160777, "params": {"C": 4.481317442809077, "epsilon": 4.193360008547263, "gamma": 5.482571408398851, "lamda": 7.467595657594838}, "datetime": {"datetime": "2021-06-28 08:19:50", "elapsed": 126.895545, "delta": 16.654644}}
{"target": -33.60752233155892, "params": {"C": 4.507900171226557, "epsilon": 4.254190603084792, "gamma": 5.650861712857277, "lamda": 7.308409060983154}, "datetime": {"datetime": "2021-06-28 08:20:07", "elapsed": 143.061966, "delta": 16.166421}}
{"target": -33.552185040345215, "params": {"C": 0.3099421091610255, "epsilon": 8.09802427230454, "gamma": 9.648906855620849, "lamda": 7.050522969711595}, "datetime": {"datetime": "2021-06-28 08:20:07", "elapsed": 143.823879, "delta": 0.761913}}
{"target": -35.916140540748906, "params": {"C": 3.7077499965175424, "epsilon": 0.321741300222239, "gamma": 1.5326193185055257, "lamda": 9.718063086426877}, "datetime": {"datetime": "2021-06-28 08:20:22", "elapsed": 158.738791, "delta": 14.914912}}
{"target": -27.636154800845336, "params": {"C": 1.4418185288443677, "epsilon": 1.07364993583903, "gamma": 2.1180731076058996, "lamda": 3.6150323678612137}, "datetime": {"datetime": "2021-06-28 08:20:23", "elapsed": 159.24007, "delta": 0.501279}}
{"target": -18.661082042702684, "params": {"C": 8.832296111458566, "epsilon": 8.929483817288984, "gamma": 0.8809682152977147, "lamda": 0.5201622511855083}, "datetime": {"datetime": "2021-06-28 08:20:24", "elapsed": 160.573916, "delta": 1.333846}}
{"target": -22.9215244451769, "params": {"C": 4.23144164358952, "epsilon": 5.5574357966569945, "gamma": 1.4769201963627054, "lamda": 2.013745377128235}, "datetime": {"datetime": "2021-06-28 08:20:25", "elapsed": 161.583854, "delta": 1.009938}}
{"target": -34.322159942629604, "params": {"C": 8.731779863198, "epsilon": 8.82286197160654, "gamma": 0.7106362247127933, "lamda": 0.7773804698471435}, "datetime": {"datetime": "2021-06-28 08:20:35", "elapsed": 171.906595, "delta": 10.322741}}
{"target": -19.087367449790136, "params": {"C": 8.522844903436937, "epsilon": 8.903822757869152, "gamma": 0.9284498854582821, "lamda": 0.32373631599152364}, "datetime": {"datetime": "2021-06-28 08:20:36", "elapsed": 172.405106, "delta": 0.498511}}
{"target": -30.307361986441595, "params": {"C": 0.19369015637032805, "epsilon": 5.547021911231605, "gamma": 1.6282628803041692, "lamda": 4.83021207180721}, "datetime": {"datetime": "2021-06-28 08:20:36", "elapsed": 172.881662, "delta": 0.476556}}
{"target": -33.33829534958019, "params": {"C": 3.3902913861039354, "epsilon": 4.899445814484918, "gamma": 4.174094823796408, "lamda": 8.226219763665869}, "datetime": {"datetime": "2021-06-28 08:20:53", "elapsed": 189.493072, "delta": 16.61141}}
{"target": -33.23713858021892, "params": {"C": 2.4171650345905835, "epsilon": 4.525318371219401, "gamma": 5.5055960333237115, "lamda": 9.496908605517506}, "datetime": {"datetime": "2021-06-28 08:21:07", "elapsed": 203.086399, "delta": 13.593327}}
{"target": -20.763094901747927, "params": {"C": 8.142445339673035, "epsilon": 9.03586339427789, "gamma": 1.184463722259843, "lamda": 0.11061276584022442}, "datetime": {"datetime": "2021-06-28 08:21:07", "elapsed": 203.576917, "delta": 0.490518}}
{"target": -22.55044017460941, "params": {"C": 4.194788861131139, "epsilon": 5.606261510406391, "gamma": 1.4021652963975402, "lamda": 2.0068829342545276}, "datetime": {"datetime": "2021-06-28 08:21:08", "elapsed": 204.596656, "delta": 1.019739}}
{"target": -20.348006615092824, "params": {"C": 8.283461014159792, "epsilon": 8.710813391167823, "gamma": 1.112384018539545, "lamda": 0.17711492972491794}, "datetime": {"datetime": "2021-06-28 08:21:09", "elapsed": 205.204191, "delta": 0.607535}}
{"target": -33.892777076931644, "params": {"C": 1.8898063448093823, "epsilon": 2.790535815496339, "gamma": 8.037370770342982, "lamda": 6.515581581574465}, "datetime": {"datetime": "2021-06-28 08:21:23", "elapsed": 219.729344, "delta": 14.525153}}
{"target": -19.45958972102874, "params": {"C": 8.321944900515971, "epsilon": 8.985718898687349, "gamma": 0.9804399653963871, "lamda": 0.3089386437751557}, "datetime": {"datetime": "2021-06-28 08:21:24", "elapsed": 220.548515, "delta": 0.819171}}
{"target": -21.596501097356242, "params": {"C": 8.394963468455446, "epsilon": 9.130736385621756, "gamma": 1.353739417204427, "lamda": 0.10268098810256325}, "datetime": {"datetime": "2021-06-28 08:21:25", "elapsed": 221.269694, "delta": 0.721179}}
{"target": -61.45467984242362, "params": {"C": 8.198615295215538, "epsilon": 1.7189144495618263, "gamma": 0.16018184281454637, "lamda": 1.6937882150810437}, "datetime": {"datetime": "2021-06-28 08:21:40", "elapsed": 236.65249, "delta": 15.382796}}
{"target": -21.21066834451574, "params": {"C": 4.759697266854192, "epsilon": 5.874240035790731, "gamma": 1.172109797373496, "lamda": 1.903877688914887}, "datetime": {"datetime": "2021-06-28 08:21:41", "elapsed": 237.193336, "delta": 0.540846}}
{"target": -28.85068424137276, "params": {"C": 9.000090429982198, "epsilon": 4.576972543194234, "gamma": 3.9981564983320608, "lamda": 3.1841292715164866}, "datetime": {"datetime": "2021-06-28 08:21:41", "elapsed": 237.679698, "delta": 0.486362}}
{"target": -20.346857872937235, "params": {"C": 8.463757765910398, "epsilon": 8.95460345074467, "gamma": 1.1167580020401635, "lamda": 0.2551973183275839}, "datetime": {"datetime": "2021-06-28 08:21:42", "elapsed": 238.307133, "delta": 0.627435}}
{"target": -21.24447704536736, "params": {"C": 7.817390221221181, "epsilon": 8.63868736408939, "gamma": 1.267887298406308, "lamda": 0.1317340738924772}, "datetime": {"datetime": "2021-06-28 08:21:42", "elapsed": 238.898036, "delta": 0.590903}}
{"target": -19.681168201781784, "params": {"C": 8.730765343558895, "epsilon": 9.025375077437655, "gamma": 1.0216152020723128, "lamda": 0.3250578408162605}, "datetime": {"datetime": "2021-06-28 08:21:43", "elapsed": 239.833974, "delta": 0.935938}}
{"target": -21.542295040978097, "params": {"C": 4.633588667421251, "epsilon": 5.809854945714276, "gamma": 1.227830346017068, "lamda": 1.9245862186270406}, "datetime": {"datetime": "2021-06-28 08:21:44", "elapsed": 240.747773, "delta": 0.913799}}
{"target": -33.34078600059699, "params": {"C": 5.438718813032382, "epsilon": 3.981520118310856, "gamma": 9.373106458469236, "lamda": 4.274359737682861}, "datetime": {"datetime": "2021-06-28 08:21:45", "elapsed": 241.400217, "delta": 0.652444}}
{"target": -35.047330321824035, "params": {"C": 4.93614038563165, "epsilon": 0.7355289231597606, "gamma": 3.3030709714666115, "lamda": 6.437790158241186}, "datetime": {"datetime": "2021-06-28 08:21:58", "elapsed": 254.038034, "delta": 12.637817}}
{"target": -22.33554209653618, "params": {"C": 4.614169006811899, "epsilon": 5.527160897599481, "gamma": 1.3706334492615726, "lamda": 2.2055977500619224}, "datetime": {"datetime": "2021-06-28 08:21:58", "elapsed": 254.734971, "delta": 0.696937}}
{"target": -34.15718354045419, "params": {"C": 6.585126851728039, "epsilon": 2.2557319116340517, "gamma": 7.029524978611134, "lamda": 9.079277040355556}, "datetime": {"datetime": "2021-06-28 08:22:13", "elapsed": 269.035933, "delta": 14.300962}}
{"target": -23.220171220638196, "params": {"C": 4.600005536198563, "epsilon": 5.683513646358019, "gamma": 1.564180861482999, "lamda": 2.464179472350592}, "datetime": {"datetime": "2021-06-28 08:22:13", "elapsed": 269.633909, "delta": 0.597976}}
{"target": -19.02470766366802, "params": {"C": 8.820747891602084, "epsilon": 8.920538115090636, "gamma": 0.9238050618295438, "lamda": 0.4121534967643041}, "datetime": {"datetime": "2021-06-28 08:22:14", "elapsed": 270.71996, "delta": 1.086051}}
{"target": -32.39807188775265, "params": {"C": 3.660678210492562, "epsilon": 5.118734736876223, "gamma": 7.251114274475889, "lamda": 5.257213908147263}, "datetime": {"datetime": "2021-06-28 08:22:15", "elapsed": 271.308107, "delta": 0.588147}}
{"target": -22.0398719004718, "params": {"C": 4.787739444069703, "epsilon": 5.488240579995983, "gamma": 1.3221102719170894, "lamda": 2.2325503460096545}, "datetime": {"datetime": "2021-06-28 08:22:15", "elapsed": 271.881284, "delta": 0.573177}}
{"target": -32.030778592172624, "params": {"C": 9.313951592102523, "epsilon": 9.133655068321769, "gamma": 7.551877920716289, "lamda": 6.924553176129433}, "datetime": {"datetime": "2021-06-28 08:22:28", "elapsed": 284.485718, "delta": 12.604434}}
{"target": -31.995431958818337, "params": {"C": 3.994178008011928, "epsilon": 9.45020514759998, "gamma": 7.65174456770583, "lamda": 7.883717402842966}, "datetime": {"datetime": "2021-06-28 08:22:29", "elapsed": 285.067701, "delta": 0.581983}}
{"target": -32.1658506848354, "params": {"C": 3.5665090164372932, "epsilon": 9.434893240685431, "gamma": 3.7996791645540218, "lamda": 2.9649538158216355}, "datetime": {"datetime": "2021-06-28 08:22:44", "elapsed": 299.98564, "delta": 14.917939}}
{"target": -22.712823614196743, "params": {"C": 8.394871105535122, "epsilon": 8.888912208418613, "gamma": 1.5868850533366565, "lamda": 0.34990189508609804}, "datetime": {"datetime": "2021-06-28 08:22:44", "elapsed": 300.817584, "delta": 0.831944}}
{"target": -21.65110506783649, "params": {"C": 4.77243264642552, "epsilon": 5.75131910389342, "gamma": 1.2529479427471126, "lamda": 2.0641349544032845}, "datetime": {"datetime": "2021-06-28 08:22:45", "elapsed": 301.706296, "delta": 0.888712}}
{"target": -32.940992379544035, "params": {"C": 4.271978067132394, "epsilon": 4.238746430304093, "gamma": 8.25107632923711, "lamda": 3.6437608943496285}, "datetime": {"datetime": "2021-06-28 08:22:46", "elapsed": 302.42441, "delta": 0.718114}}
{"target": -21.44689274604569, "params": {"C": 4.919368320557078, "epsilon": 5.210595782707898, "gamma": 1.2131164781565693, "lamda": 2.270402398574045}, "datetime": {"datetime": "2021-06-28 08:22:47", "elapsed": 303.100881, "delta": 0.676471}}
{"target": -18.773404382059063, "params": {"C": 9.904136218014523, "epsilon": 6.475993623941928, "gamma": 0.8872237570393832, "lamda": 0.7991261659181627}, "datetime": {"datetime": "2021-06-28 08:22:47", "elapsed": 303.716982, "delta": 0.616101}}
{"target": -19.208159258029163, "params": {"C": 8.782955841515948, "epsilon": 9.010484198301434, "gamma": 0.9550255618328036, "lamda": 0.4969673141852848}, "datetime": {"datetime": "2021-06-28 08:22:48", "elapsed": 304.703646, "delta": 0.986664}}
{"target": -20.563658042388766, "params": {"C": 8.19305100216496, "epsilon": 8.863552921360437, "gamma": 1.1516700173143926, "lamda": 0.23814409144127932}, "datetime": {"datetime": "2021-06-28 08:22:49", "elapsed": 305.58906, "delta": 0.885414}}
{"target": -32.210391964230524, "params": {"C": 3.8636121812437842, "epsilon": 8.499118740100045, "gamma": 4.11527033866518, "lamda": 3.7910959355821343}, "datetime": {"datetime": "2021-06-28 08:22:59", "elapsed": 314.959121, "delta": 9.370061}}
{"target": -21.301238904307702, "params": {"C": 8.452114092819635, "epsilon": 8.91233506584403, "gamma": 1.2925496526290294, "lamda": 0.4744809287003756}, "datetime": {"datetime": "2021-06-28 08:22:59", "elapsed": 315.71794, "delta": 0.758819}}
{"target": -20.599081211099325, "params": {"C": 4.091134842201426, "epsilon": 5.816675624380977, "gamma": 1.0405774733142716, "lamda": 1.9968017324455045}, "datetime": {"datetime": "2021-06-28 08:23:00", "elapsed": 316.336228, "delta": 0.618288}}
{"target": -18.992805392099413, "params": {"C": 8.64289143065765, "epsilon": 8.988567728450134, "gamma": 0.9186337691493052, "lamda": 0.38360154659411405}, "datetime": {"datetime": "2021-06-28 08:23:01", "elapsed": 317.246152, "delta": 0.909924}}
{"target": -33.69851374294165, "params": {"C": 2.936996926616211, "epsilon": 1.1282843995602574, "gamma": 8.537128404277727, "lamda": 1.497410214600122}, "datetime": {"datetime": "2021-06-28 08:23:01", "elapsed": 317.874387, "delta": 0.628235}}
{"target": -18.6447752133344, "params": {"C": 9.863226573151975, "epsilon": 6.4543183974562774, "gamma": 0.8740745433439356, "lamda": 0.8361066116530707}, "datetime": {"datetime": "2021-06-28 08:23:02", "elapsed": 318.645853, "delta": 0.771466}}
{"target": -32.10932505851894, "params": {"C": 9.397973326545129, "epsilon": 9.721726835175389, "gamma": 2.489311455193585, "lamda": 1.4707317253613224}, "datetime": {"datetime": "2021-06-28 08:23:13", "elapsed": 329.627369, "delta": 10.981516}}
{"target": -18.44409059415415, "params": {"C": 9.683114306876343, "epsilon": 6.558432015395783, "gamma": 0.8499389807959196, "lamda": 0.6540791564771591}, "datetime": {"datetime": "2021-06-28 08:23:14", "elapsed": 330.191375, "delta": 0.564006}}
{"target": -22.38547653229045, "params": {"C": 8.125184925745069, "epsilon": 8.754869998995167, "gamma": 1.5051406795957818, "lamda": 0.34778720110227096}, "datetime": {"datetime": "2021-06-28 08:23:15", "elapsed": 330.96419, "delta": 0.772815}}
{"target": -20.719423410020113, "params": {"C": 8.33765352206847, "epsilon": 9.097950445325262, "gamma": 1.1790391176786368, "lamda": 0.5123732247711578}, "datetime": {"datetime": "2021-06-28 08:23:15", "elapsed": 331.586869, "delta": 0.622679}}
{"target": -31.625719835565665, "params": {"C": 1.6742877285173627, "epsilon": 4.836520861822153, "gamma": 5.071847164075384, "lamda": 1.2992701286116006}, "datetime": {"datetime": "2021-06-28 08:23:16", "elapsed": 332.16976, "delta": 0.582891}}
{"target": -19.768938145370143, "params": {"C": 4.044819614977499, "epsilon": 5.775299738261511, "gamma": 0.9192981236264913, "lamda": 1.7808497543585382}, "datetime": {"datetime": "2021-06-28 08:23:16", "elapsed": 332.747376, "delta": 0.577616}}
{"target": -18.478934658753865, "params": {"C": 4.050413236233697, "epsilon": 5.746322401499539, "gamma": 0.7766195651084964, "lamda": 1.642800059979793}, "datetime": {"datetime": "2021-06-28 08:23:17", "elapsed": 333.508755, "delta": 0.761379}}
{"target": -35.80589338063607, "params": {"C": 9.778491169220233, "epsilon": 6.527362969609263, "gamma": 0.47023696832216305, "lamda": 0.6346556067079384}, "datetime": {"datetime": "2021-06-28 08:23:28", "elapsed": 344.447729, "delta": 10.938974}}
{"target": -20.278787910238886, "params": {"C": 3.915150498475967, "epsilon": 5.815564817394487, "gamma": 0.9854120516299895, "lamda": 1.6585850806139109}, "datetime": {"datetime": "2021-06-28 08:23:29", "elapsed": 345.155346, "delta": 0.707617}}
{"target": -33.56169901567703, "params": {"C": 8.368111064385564, "epsilon": 8.922985001407778, "gamma": 0.7295385896954136, "lamda": 0.49938685551085216}, "datetime": {"datetime": "2021-06-28 08:23:40", "elapsed": 356.5989, "delta": 11.443554}}
{"target": -33.95134109162915, "params": {"C": 8.01322172139301, "epsilon": 2.7930224027815087, "gamma": 6.989406406497665, "lamda": 4.494642309476483}, "datetime": {"datetime": "2021-06-28 08:23:54", "elapsed": 370.834191, "delta": 14.235291}}
{"target": -20.74626723723231, "params": {"C": 8.151348333132287, "epsilon": 8.910641554784943, "gamma": 1.1787897723144418, "lamda": 0.36319199534066593}, "datetime": {"datetime": "2021-06-28 08:23:55", "elapsed": 371.583375, "delta": 0.749184}}
{"target": -20.661583496952314, "params": {"C": 8.162209113299637, "epsilon": 8.678954078558009, "gamma": 1.163540999458186, "lamda": 0.49437806433035125}, "datetime": {"datetime": "2021-06-28 08:23:56", "elapsed": 372.50731, "delta": 0.923935}}
{"target": -21.531416871892727, "params": {"C": 4.070997294560455, "epsilon": 5.519196927181393, "gamma": 1.1986130352937885, "lamda": 2.24115082297042}, "datetime": {"datetime": "2021-06-28 08:23:57", "elapsed": 373.13572, "delta": 0.62841}}
{"target": -33.67255571601221, "params": {"C": 8.016873347522406, "epsilon": 3.897870881426773, "gamma": 7.838191545205801, "lamda": 7.169898123727257}, "datetime": {"datetime": "2021-06-28 08:24:09", "elapsed": 385.02663, "delta": 11.89091}}
{"target": -20.836568484826817, "params": {"C": 8.263394884514142, "epsilon": 9.274967568577459, "gamma": 1.2026778799676947, "lamda": 0.5374255372822505}, "datetime": {"datetime": "2021-06-28 08:24:09", "elapsed": 385.637243, "delta": 0.610613}}
{"target": -21.377596946549964, "params": {"C": 7.925682698301422, "epsilon": 8.768454424777842, "gamma": 1.2979245270585227, "lamda": 0.12662969702122903}, "datetime": {"datetime": "2021-06-28 08:24:10", "elapsed": 386.37824, "delta": 0.740997}}
{"target": -34.78671947700629, "params": {"C": 5.742138830045326, "epsilon": 0.4448238937728577, "gamma": 8.386767972616365, "lamda": 5.449369461517252}, "datetime": {"datetime": "2021-06-28 08:24:22", "elapsed": 398.672436, "delta": 12.294196}}
{"target": -22.45665444221969, "params": {"C": 8.40402643977812, "epsilon": 9.020169376151358, "gamma": 1.5255484833093793, "lamda": 0.214049428298024}, "datetime": {"datetime": "2021-06-28 08:24:23", "elapsed": 399.240728, "delta": 0.568292}}
