{"target": -88.52607030848188, "params": {"C": 31.191981038306672, "epsilon": 14.531886795403674, "gamma": 0.04881070356709227, "lamda": 0.03155825903155589}, "datetime": {"datetime": "2021-06-28 19:44:36", "elapsed": 562.492921, "delta": 6.995061}}
{"target": -104.42807040462621, "params": {"C": 32.71121125489183, "epsilon": 11.269798467307194, "gamma": 0.029920078877596408, "lamda": 0.01730730671735463}, "datetime": {"datetime": "2021-06-28 19:44:43", "elapsed": 569.377963, "delta": 6.885042}}
{"target": -90.05775555495366, "params": {"C": 30.55073007274975, "epsilon": 9.87163091808338, "gamma": 0.04629853866448911, "lamda": 0.021559770149044657}, "datetime": {"datetime": "2021-06-28 19:44:50", "elapsed": 576.266017, "delta": 6.888054}}
{"target": -90.32492993955816, "params": {"C": 33.60539329503274, "epsilon": 14.170029285812792, "gamma": 0.0356699424516649, "lamda": 0.01907314214833547}, "datetime": {"datetime": "2021-06-28 19:44:57", "elapsed": 583.301085, "delta": 7.035068}}
{"target": -100.48570477543983, "params": {"C": 33.52505347723604, "epsilon": 9.891261092576691, "gamma": 0.029709475756878358, "lamda": 0.017914334495212694}, "datetime": {"datetime": "2021-06-28 19:45:03", "elapsed": 589.919124, "delta": 6.618039}}
{"target": -99.95506571317986, "params": {"C": 32.1120347310542, "epsilon": 12.201161508897567, "gamma": 0.043591918521902515, "lamda": 0.026641702508124886}, "datetime": {"datetime": "2021-06-28 19:45:15", "elapsed": 601.139162, "delta": 11.220038}}
{"target": -94.95117543693847, "params": {"C": 34.627934092215675, "epsilon": 12.204969753314806, "gamma": 0.016603159787317915, "lamda": 0.03650765108265163}, "datetime": {"datetime": "2021-06-28 19:45:22", "elapsed": 608.718282, "delta": 7.57912}}
{"target": -99.62169229181113, "params": {"C": 32.46925536566214, "epsilon": 10.097869040848256, "gamma": 0.01763021494654963, "lamda": 0.03671639138848101}, "datetime": {"datetime": "2021-06-28 19:45:30", "elapsed": 616.671323, "delta": 7.953041}}
{"target": -80.9947736688942, "params": {"C": 30.97359884130684, "epsilon": 13.749496522989833, "gamma": 0.010210706878063936, "lamda": 0.014801019825934493}, "datetime": {"datetime": "2021-06-28 19:45:37", "elapsed": 623.589361, "delta": 6.918038}}
{"target": -95.9678852213911, "params": {"C": 32.48881535935109, "epsilon": 7.534691822887355, "gamma": 0.03490175917086884, "lamda": 0.04302895120576808}, "datetime": {"datetime": "2021-06-28 19:45:46", "elapsed": 632.234435, "delta": 8.645074}}
{"target": -97.30139915569485, "params": {"C": 31.193973999537477, "epsilon": 8.061411473990562, "gamma": 0.029183006172374404, "lamda": 0.015147872769241953}, "datetime": {"datetime": "2021-06-28 19:45:52", "elapsed": 638.920965, "delta": 6.68653}}
{"target": -101.47529728613998, "params": {"C": 31.774995037174858, "epsilon": 6.060631288859838, "gamma": 0.0242864361633682, "lamda": 0.04675982748098674}, "datetime": {"datetime": "2021-06-28 19:46:00", "elapsed": 646.353539, "delta": 7.432574}}
{"target": -99.34247017682095, "params": {"C": 31.229941573631272, "epsilon": 7.027003587831095, "gamma": 0.041940174544968546, "lamda": 0.04426656303354749}, "datetime": {"datetime": "2021-06-28 19:46:07", "elapsed": 653.809568, "delta": 7.456029}}
{"target": -100.46657334963626, "params": {"C": 30.788429447974867, "epsilon": 9.600501574844813, "gamma": 0.02774961879461091, "lamda": 0.012232858209349669}, "datetime": {"datetime": "2021-06-28 19:46:17", "elapsed": 664.026681, "delta": 10.217113}}
{"target": -103.9285596017767, "params": {"C": 33.21727124509333, "epsilon": 12.990525946141695, "gamma": 0.021559857431515273, "lamda": 0.02736238771453753}, "datetime": {"datetime": "2021-06-28 19:46:25", "elapsed": 671.450682, "delta": 7.424001}}
{"target": -96.1185581354299, "params": {"C": 32.09700419117349, "epsilon": 8.19330146467749, "gamma": 0.03651220616604022, "lamda": 0.03255371199365195}, "datetime": {"datetime": "2021-06-28 19:46:32", "elapsed": 679.025758, "delta": 7.575076}}
{"target": -102.9637447271487, "params": {"C": 32.084596189335095, "epsilon": 13.788338597503486, "gamma": 0.021216555924278777, "lamda": 0.03594131559023146}, "datetime": {"datetime": "2021-06-28 19:46:40", "elapsed": 686.653421, "delta": 7.627663}}
{"target": -99.53679854436241, "params": {"C": 33.235754548864406, "epsilon": 13.70844606602639, "gamma": 0.03206657548578321, "lamda": 0.04161456205657047}, "datetime": {"datetime": "2021-06-28 19:46:49", "elapsed": 695.953732, "delta": 9.300311}}
{"target": -103.1935674350299, "params": {"C": 30.91113303276461, "epsilon": 9.645797515885166, "gamma": 0.029326819393843767, "lamda": 0.020248999094852428}, "datetime": {"datetime": "2021-06-28 19:46:57", "elapsed": 703.246031, "delta": 7.292299}}
{"target": -101.3128007432404, "params": {"C": 30.890148392220794, "epsilon": 10.980140888412292, "gamma": 0.02739134290532997, "lamda": 0.03291325899368407}, "datetime": {"datetime": "2021-06-28 19:47:04", "elapsed": 710.326684, "delta": 7.080653}}
{"target": -99.75567860868718, "params": {"C": 30.47728921903856, "epsilon": 5.959454429542013, "gamma": 0.0225553807698383, "lamda": 0.04684151722153559}, "datetime": {"datetime": "2021-06-28 19:47:11", "elapsed": 717.062141, "delta": 6.735457}}
{"target": -100.42039667496594, "params": {"C": 34.42047712869387, "epsilon": 14.230040314704803, "gamma": 0.031168947276330544, "lamda": 0.04629259517518928}, "datetime": {"datetime": "2021-06-28 19:47:19", "elapsed": 726.05093, "delta": 8.988789}}
{"target": -108.28101195841677, "params": {"C": 32.86464125084563, "epsilon": 13.858674147600235, "gamma": 0.02806689957032172, "lamda": 0.02853617567742483}, "datetime": {"datetime": "2021-06-28 19:47:26", "elapsed": 732.875732, "delta": 6.824802}}
{"target": -99.09609175209667, "params": {"C": 30.651921031757947, "epsilon": 11.952416540405627, "gamma": 0.022487393536704606, "lamda": 0.010692102733085566}, "datetime": {"datetime": "2021-06-28 19:47:32", "elapsed": 738.589497, "delta": 5.713765}}
{"target": -100.0176965119467, "params": {"C": 33.857916908289084, "epsilon": 10.142839873051912, "gamma": 0.033141536222993755, "lamda": 0.02463261072852565}, "datetime": {"datetime": "2021-06-28 19:47:38", "elapsed": 744.663302, "delta": 6.073805}}
{"target": -90.41778037357287, "params": {"C": 30.801367144818347, "epsilon": 5.816897936877995, "gamma": 0.0473089685357607, "lamda": 0.02440130541951647}, "datetime": {"datetime": "2021-06-28 19:47:46", "elapsed": 752.113437, "delta": 7.450135}}
{"target": -92.38140327878651, "params": {"C": 30.36308175812875, "epsilon": 7.258546067863097, "gamma": 0.04752712116272863, "lamda": 0.033753522951660606}, "datetime": {"datetime": "2021-06-28 19:47:52", "elapsed": 758.495421, "delta": 6.381984}}
{"target": -100.77459730229019, "params": {"C": 32.913786073002626, "epsilon": 13.108495914963814, "gamma": 0.03554329660548907, "lamda": 0.04345509870149012}, "datetime": {"datetime": "2021-06-28 19:47:58", "elapsed": 764.516356, "delta": 6.020935}}
{"target": -99.99686726422749, "params": {"C": 32.85601229714288, "epsilon": 12.914293654895335, "gamma": 0.03728233949384823, "lamda": 0.034979181126705575}, "datetime": {"datetime": "2021-06-28 19:48:05", "elapsed": 771.434891, "delta": 6.918535}}
{"target": -90.76325974552994, "params": {"C": 31.2533745054272, "epsilon": 12.522736400530688, "gamma": 0.043056573709287484, "lamda": 0.0348602736938276}, "datetime": {"datetime": "2021-06-28 19:48:13", "elapsed": 779.0765, "delta": 7.641609}}
{"target": -106.63597337079513, "params": {"C": 30.2578816143529, "epsilon": 7.874317733151324, "gamma": 0.02508053082256842, "lamda": 0.03225699677867505}, "datetime": {"datetime": "2021-06-28 19:48:21", "elapsed": 787.621697, "delta": 8.545197}}
{"target": -100.0293884201609, "params": {"C": 31.677334345684383, "epsilon": 12.11484856534597, "gamma": 0.019449180557204456, "lamda": 0.04448608086743066}, "datetime": {"datetime": "2021-06-28 19:48:28", "elapsed": 794.729728, "delta": 7.108031}}
{"target": -97.85874796378847, "params": {"C": 32.86351704108563, "epsilon": 11.09811839488836, "gamma": 0.03762901001098147, "lamda": 0.03878860808497832}, "datetime": {"datetime": "2021-06-28 19:48:36", "elapsed": 802.274934, "delta": 7.545206}}
{"target": -96.40783881834338, "params": {"C": 34.85641144450521, "epsilon": 9.680528793238517, "gamma": 0.04877157656241565, "lamda": 0.04077981086352813}, "datetime": {"datetime": "2021-06-28 19:48:44", "elapsed": 810.228709, "delta": 7.953775}}
{"target": -87.61655155789822, "params": {"C": 33.64756013221193, "epsilon": 11.277099390322196, "gamma": 0.04355216379486978, "lamda": 0.04032941196271556}, "datetime": {"datetime": "2021-06-28 19:48:51", "elapsed": 817.739665, "delta": 7.510956}}
{"target": -97.87081870595465, "params": {"C": 33.652288624749325, "epsilon": 7.478738365468844, "gamma": 0.03971926784144236, "lamda": 0.011737657190254276}, "datetime": {"datetime": "2021-06-28 19:48:59", "elapsed": 825.504943, "delta": 7.765278}}
{"target": -93.27589265057551, "params": {"C": 34.52848096263665, "epsilon": 7.880898521340481, "gamma": 0.012206952516552164, "lamda": 0.047382068888224826}, "datetime": {"datetime": "2021-06-28 19:49:06", "elapsed": 832.424026, "delta": 6.919083}}
{"target": -104.70123838437368, "params": {"C": 33.90631620503652, "epsilon": 8.300879688945905, "gamma": 0.01814143598020372, "lamda": 0.047771646968144094}, "datetime": {"datetime": "2021-06-28 19:49:14", "elapsed": 840.202296, "delta": 7.77827}}
{"target": -94.66211299892721, "params": {"C": 33.743386752758944, "epsilon": 11.277550435114222, "gamma": 0.03808635648303461, "lamda": 0.04700781859184552}, "datetime": {"datetime": "2021-06-28 19:49:22", "elapsed": 848.735524, "delta": 8.533228}}
{"target": -11.7183448194312, "params": {"C": 31.921156276056387, "epsilon": 5.366656334926919, "gamma": 0.0125699008641273, "lamda": 0.018624323188274255}, "datetime": {"datetime": "2021-06-28 19:49:23", "elapsed": 849.398753, "delta": 0.663229}}
{"target": -97.10270653174766, "params": {"C": 34.02438184061065, "epsilon": 8.129577071266427, "gamma": 0.025040543463290318, "lamda": 0.020407624620503}, "datetime": {"datetime": "2021-06-28 19:49:31", "elapsed": 857.178991, "delta": 7.780238}}
{"target": -101.60991127792376, "params": {"C": 30.857698588814877, "epsilon": 12.555178932219745, "gamma": 0.04135316493341456, "lamda": 0.030965638345738393}, "datetime": {"datetime": "2021-06-28 19:49:38", "elapsed": 864.328912, "delta": 7.149921}}
{"target": -99.50470247720148, "params": {"C": 32.17937008168034, "epsilon": 9.15096386340332, "gamma": 0.03218180346256404, "lamda": 0.01767902050255654}, "datetime": {"datetime": "2021-06-28 19:49:45", "elapsed": 871.853832, "delta": 7.52492}}
{"target": -92.95503957512358, "params": {"C": 33.248255669644244, "epsilon": 5.953568317016654, "gamma": 0.012781553326744773, "lamda": 0.048039984206870966}, "datetime": {"datetime": "2021-06-28 19:49:50", "elapsed": 876.19026, "delta": 4.336428}}
{"target": -11.289578484491777, "params": {"C": 32.624649766890755, "epsilon": 5.858932489197045, "gamma": 0.012954908045537405, "lamda": 0.03126325207740829}, "datetime": {"datetime": "2021-06-28 19:49:50", "elapsed": 876.909341, "delta": 0.719081}}
{"target": -98.3402160789386, "params": {"C": 32.17228079889078, "epsilon": 9.956298608055842, "gamma": 0.03670964586924196, "lamda": 0.01117275073065823}, "datetime": {"datetime": "2021-06-28 19:49:56", "elapsed": 882.825551, "delta": 5.91621}}
{"target": -101.52880565902747, "params": {"C": 32.31294993555056, "epsilon": 12.266598854765947, "gamma": 0.021947100169125044, "lamda": 0.024479001105564453}, "datetime": {"datetime": "2021-06-28 19:50:02", "elapsed": 888.649011, "delta": 5.82346}}
{"target": -101.88125365954413, "params": {"C": 31.93487842267594, "epsilon": 11.010188291344186, "gamma": 0.040485923422826045, "lamda": 0.024966612195719287}, "datetime": {"datetime": "2021-06-28 19:50:09", "elapsed": 895.487762, "delta": 6.838751}}
{"target": -105.71747959187434, "params": {"C": 32.06209323884727, "epsilon": 6.7655640475538705, "gamma": 0.03007271952144716, "lamda": 0.047146835444519385}, "datetime": {"datetime": "2021-06-28 19:50:20", "elapsed": 906.982089, "delta": 11.494327}}
{"target": -90.08024867956543, "params": {"C": 32.67118261008816, "epsilon": 8.587714716837851, "gamma": 0.04932215730770383, "lamda": 0.011167782804851041}, "datetime": {"datetime": "2021-06-28 19:50:29", "elapsed": 915.60807, "delta": 8.625981}}
{"target": -99.08064672617178, "params": {"C": 32.79177250731872, "epsilon": 6.810380491823603, "gamma": 0.0347352398433068, "lamda": 0.013260933170084664}, "datetime": {"datetime": "2021-06-28 19:50:35", "elapsed": 921.894294, "delta": 6.286224}}
{"target": -102.28718393977722, "params": {"C": 31.908470336171092, "epsilon": 6.983680767099985, "gamma": 0.02178055869880821, "lamda": 0.04105980599927368}, "datetime": {"datetime": "2021-06-28 19:50:41", "elapsed": 927.779589, "delta": 5.885295}}
{"target": -99.36949907798073, "params": {"C": 31.667309720359157, "epsilon": 8.740827444451309, "gamma": 0.02238708582248469, "lamda": 0.03198213473175364}, "datetime": {"datetime": "2021-06-28 19:50:47", "elapsed": 933.798526, "delta": 6.018937}}
{"target": -91.52265596524445, "params": {"C": 30.017694993426936, "epsilon": 13.609906030752203, "gamma": 0.04418723623636056, "lamda": 0.01996104890653043}, "datetime": {"datetime": "2021-06-28 19:50:53", "elapsed": 939.904233, "delta": 6.105707}}
{"target": -96.74786221153434, "params": {"C": 30.489455317214222, "epsilon": 11.361660929846664, "gamma": 0.012425753203874255, "lamda": 0.048810179871707986}, "datetime": {"datetime": "2021-06-28 19:51:00", "elapsed": 946.591389, "delta": 6.687156}}
{"target": -11.388934722041178, "params": {"C": 30.051748126231896, "epsilon": 8.141999056708348, "gamma": 0.01666144994716458, "lamda": 0.011199076859383976}, "datetime": {"datetime": "2021-06-28 19:51:01", "elapsed": 947.247636, "delta": 0.656247}}
{"target": -98.3765046420452, "params": {"C": 34.90160119044789, "epsilon": 7.015989161364199, "gamma": 0.019406308380324595, "lamda": 0.03631705914385029}, "datetime": {"datetime": "2021-06-28 19:51:07", "elapsed": 953.23466, "delta": 5.987024}}
{"target": -100.87342553470779, "params": {"C": 31.048942824179537, "epsilon": 6.53171082149107, "gamma": 0.03604482690959287, "lamda": 0.02452907391597236}, "datetime": {"datetime": "2021-06-28 19:51:13", "elapsed": 959.867458, "delta": 6.632798}}
{"target": -98.84116836194575, "params": {"C": 34.33369538192882, "epsilon": 10.870827621550504, "gamma": 0.0375910024186745, "lamda": 0.031147286785645052}, "datetime": {"datetime": "2021-06-28 19:51:20", "elapsed": 966.727477, "delta": 6.860019}}
{"target": -102.54308747408555, "params": {"C": 33.037946683230885, "epsilon": 11.872185689705383, "gamma": 0.03045424848307131, "lamda": 0.02829287308379424}, "datetime": {"datetime": "2021-06-28 19:51:29", "elapsed": 975.161969, "delta": 8.434492}}
{"target": -92.37397233237674, "params": {"C": 33.34209526581829, "epsilon": 9.015119573556483, "gamma": 0.012894503909254937, "lamda": 0.04711709417445373}, "datetime": {"datetime": "2021-06-28 19:51:35", "elapsed": 981.690822, "delta": 6.528853}}
{"target": -100.31304793821027, "params": {"C": 34.116751072863856, "epsilon": 9.02828171460935, "gamma": 0.018346675511223546, "lamda": 0.04388834153899765}, "datetime": {"datetime": "2021-06-28 19:51:43", "elapsed": 989.097058, "delta": 7.406236}}
{"target": -98.55115947783965, "params": {"C": 34.977191970912656, "epsilon": 6.21543264934301, "gamma": 0.025771669742664816, "lamda": 0.03040257424589054}, "datetime": {"datetime": "2021-06-28 19:51:50", "elapsed": 996.851365, "delta": 7.754307}}
{"target": -104.69799571062546, "params": {"C": 32.28879361457384, "epsilon": 12.856188792646233, "gamma": 0.022824751839929727, "lamda": 0.04766081497504721}, "datetime": {"datetime": "2021-06-28 19:51:57", "elapsed": 1003.988712, "delta": 7.137347}}
{"target": -97.24591965123739, "params": {"C": 33.75292155558729, "epsilon": 9.135767535501305, "gamma": 0.031147428387928423, "lamda": 0.039206001213433796}, "datetime": {"datetime": "2021-06-28 19:52:05", "elapsed": 1011.945295, "delta": 7.956583}}
{"target": -100.60141793626521, "params": {"C": 31.393546100422352, "epsilon": 8.353615745693467, "gamma": 0.026855653045513364, "lamda": 0.012301105652446598}, "datetime": {"datetime": "2021-06-28 19:52:13", "elapsed": 1019.469481, "delta": 7.524186}}
{"target": -103.83437626204174, "params": {"C": 31.118022425116482, "epsilon": 11.253513214274665, "gamma": 0.02099484186124061, "lamda": 0.03722218535400743}, "datetime": {"datetime": "2021-06-28 19:52:22", "elapsed": 1028.211154, "delta": 8.741673}}
{"target": -82.73591193299691, "params": {"C": 33.83237759829094, "epsilon": 10.174842603476572, "gamma": 0.012608060285253738, "lamda": 0.048541739018139705}, "datetime": {"datetime": "2021-06-28 19:52:37", "elapsed": 1043.72276, "delta": 15.511606}}
{"target": -94.51818509290337, "params": {"C": 32.632312996055504, "epsilon": 12.018442118811231, "gamma": 0.04046317831142845, "lamda": 0.04202079994493229}, "datetime": {"datetime": "2021-06-28 19:52:46", "elapsed": 1052.667889, "delta": 8.945129}}
{"target": -93.62541920400288, "params": {"C": 33.680641297362506, "epsilon": 8.976063882085741, "gamma": 0.04578042473881182, "lamda": 0.039742035362662666}, "datetime": {"datetime": "2021-06-28 19:52:54", "elapsed": 1060.084096, "delta": 7.416207}}
{"target": -92.23310009190972, "params": {"C": 32.110209165106774, "epsilon": 7.310647376479617, "gamma": 0.03940682261332412, "lamda": 0.0473578088756164}, "datetime": {"datetime": "2021-06-28 19:53:02", "elapsed": 1068.216382, "delta": 8.132286}}
{"target": -102.0026655365416, "params": {"C": 34.191517924692626, "epsilon": 12.49481922152976, "gamma": 0.0206721151789274, "lamda": 0.04900738017179635}, "datetime": {"datetime": "2021-06-28 19:53:09", "elapsed": 1075.495944, "delta": 7.279562}}
{"target": -104.31583696742668, "params": {"C": 33.93469856225626, "epsilon": 11.910576798972151, "gamma": 0.03224833854941332, "lamda": 0.0176707077692099}, "datetime": {"datetime": "2021-06-28 19:53:17", "elapsed": 1083.152501, "delta": 7.656557}}
{"target": -99.43001300217637, "params": {"C": 30.026789004497004, "epsilon": 13.70938518187762, "gamma": 0.02183195655085031, "lamda": 0.03888719579112824}, "datetime": {"datetime": "2021-06-28 19:53:26", "elapsed": 1092.459649, "delta": 9.307148}}
{"target": -94.86610141305128, "params": {"C": 32.22275432262114, "epsilon": 6.486417360635052, "gamma": 0.039069559491245374, "lamda": 0.028549046903494676}, "datetime": {"datetime": "2021-06-28 19:53:34", "elapsed": 1100.096258, "delta": 7.636609}}
{"target": -102.98791722918357, "params": {"C": 34.80560395986073, "epsilon": 12.86801375826867, "gamma": 0.02994506065342463, "lamda": 0.04994563895391995}, "datetime": {"datetime": "2021-06-28 19:53:41", "elapsed": 1107.587257, "delta": 7.490999}}
{"target": -102.4215331917943, "params": {"C": 33.23996572897715, "epsilon": 11.856576083506322, "gamma": 0.02382403577623554, "lamda": 0.04447545562265544}, "datetime": {"datetime": "2021-06-28 19:53:49", "elapsed": 1115.233836, "delta": 7.646579}}
{"target": -96.92428793115945, "params": {"C": 31.000875155971684, "epsilon": 8.878469478053965, "gamma": 0.030084697035685594, "lamda": 0.03934401487456051}, "datetime": {"datetime": "2021-06-28 19:53:56", "elapsed": 1122.259079, "delta": 7.025243}}
{"target": -100.68874696067982, "params": {"C": 34.964593080039634, "epsilon": 5.191547959149885, "gamma": 0.030002675083621602, "lamda": 0.04113411911930535}, "datetime": {"datetime": "2021-06-28 19:54:03", "elapsed": 1129.117764, "delta": 6.858685}}
{"target": -11.430143192356699, "params": {"C": 31.758625125279075, "epsilon": 9.118172022604579, "gamma": 0.011632602840264235, "lamda": 0.018878960197117416}, "datetime": {"datetime": "2021-06-28 19:54:03", "elapsed": 1129.850807, "delta": 0.733043}}
{"target": -95.3832741440117, "params": {"C": 34.22186437800477, "epsilon": 11.457440768597277, "gamma": 0.03746556943117005, "lamda": 0.035460924325715855}, "datetime": {"datetime": "2021-06-28 19:54:11", "elapsed": 1137.425581, "delta": 7.574774}}
{"target": -11.696429345841262, "params": {"C": 31.333001379269064, "epsilon": 6.069233789225393, "gamma": 0.012064305872208721, "lamda": 0.018009717466698563}, "datetime": {"datetime": "2021-06-28 19:54:12", "elapsed": 1138.405963, "delta": 0.980382}}
{"target": -11.528568386861055, "params": {"C": 31.015415715901952, "epsilon": 5.003339805563433, "gamma": 0.012610586150606245, "lamda": 0.03738366418518083}, "datetime": {"datetime": "2021-06-28 19:54:13", "elapsed": 1139.122053, "delta": 0.71609}}
{"target": -103.69751729892856, "params": {"C": 34.121414986099396, "epsilon": 8.547102763039721, "gamma": 0.02550588683122975, "lamda": 0.018707388969169896}, "datetime": {"datetime": "2021-06-28 19:54:21", "elapsed": 1147.76298, "delta": 8.640927}}
{"target": -98.02878141665208, "params": {"C": 31.32905227299321, "epsilon": 12.244517395486513, "gamma": 0.035223201274471344, "lamda": 0.03753590138963759}, "datetime": {"datetime": "2021-06-28 19:54:32", "elapsed": 1158.702767, "delta": 10.939787}}
{"target": -101.27839728508863, "params": {"C": 33.8594566677745, "epsilon": 10.289509532438858, "gamma": 0.02683979099524285, "lamda": 0.033702113203851566}, "datetime": {"datetime": "2021-06-28 19:54:43", "elapsed": 1169.056212, "delta": 10.353445}}
{"target": -88.33386642747885, "params": {"C": 32.8165313605975, "epsilon": 13.668290979265898, "gamma": 0.011395790711965588, "lamda": 0.013159923314416249}, "datetime": {"datetime": "2021-06-28 19:54:52", "elapsed": 1178.280499, "delta": 9.224287}}
{"target": -93.14544038311627, "params": {"C": 34.36488912646898, "epsilon": 5.909158426446622, "gamma": 0.014942514173519035, "lamda": 0.03801592749047211}, "datetime": {"datetime": "2021-06-28 19:55:00", "elapsed": 1186.574187, "delta": 8.293688}}
