{"target": -91.68345920837726, "params": {"C": 2.5504245318021526, "epsilon": 5.635100789499107, "gamma": 0.07320121387240341, "lamda": 0.16934102379249338}, "datetime": {"datetime": "2021-06-28 10:21:42", "elapsed": 138.169722, "delta": 13.502601}}
{"target": -11.209791137782696, "params": {"C": 5.270541680922655, "epsilon": 8.949144264749162, "gamma": 0.02979025361949379, "lamda": 0.05369210569032011}, "datetime": {"datetime": "2021-06-28 10:21:42", "elapsed": 138.657103, "delta": 0.487381}}
{"target": -95.21814086865838, "params": {"C": 2.9821442702249232, "epsilon": 0.7355289231597606, "gamma": 0.06659771004222781, "lamda": 0.6437790158241187}, "datetime": {"datetime": "2021-06-28 10:21:56", "elapsed": 152.263862, "delta": 13.606759}}
{"target": -64.40200015735957, "params": {"C": 5.761585279218231, "epsilon": 5.3216429612649225, "gamma": 0.1295910181598999, "lamda": 0.3669174354008517}, "datetime": {"datetime": "2021-06-28 10:22:05", "elapsed": 161.660526, "delta": 9.396664}}
{"target": -62.88889811172454, "params": {"C": 3.964873578302569, "epsilon": 2.2557319116340517, "gamma": 0.1408283754498114, "lamda": 0.9079277040355556}, "datetime": {"datetime": "2021-06-28 10:22:14", "elapsed": 170.690373, "delta": 9.029847}}
{"target": -61.735756955869135, "params": {"C": 5.9785462761034776, "epsilon": 2.679814374253592, "gamma": 0.13042598123070737, "lamda": 0.3690132745780707}, "datetime": {"datetime": "2021-06-28 10:22:24", "elapsed": 180.787149, "delta": 10.096776}}
{"target": -96.32351206083432, "params": {"C": 4.467052204193607, "epsilon": 9.840490645423392, "gamma": 0.03291993489437962, "lamda": 0.74371114040222}, "datetime": {"datetime": "2021-06-28 10:22:42", "elapsed": 198.493527, "delta": 17.706378}}
{"target": -12.565120291197363, "params": {"C": 2.2220203476672844, "epsilon": 5.118734736876223, "gamma": 0.14524241647854877, "lamda": 0.5257213908147264}, "datetime": {"datetime": "2021-06-28 10:22:42", "elapsed": 199.004997, "delta": 0.51147}}
{"target": -92.80664372803976, "params": {"C": 5.249349098189722, "epsilon": 8.989202276957645, "gamma": 0.054010696411615405, "lamda": 0.07687805796122459}, "datetime": {"datetime": "2021-06-28 10:22:48", "elapsed": 204.793655, "delta": 5.788658}}
{"target": -61.561585437634584, "params": {"C": 5.591142868020696, "epsilon": 9.133655068321769, "gamma": 0.15123360422648063, "lamda": 0.6924553176129433}, "datetime": {"datetime": "2021-06-28 10:22:57", "elapsed": 213.881048, "delta": 9.087393}}
{"target": -19.279157598099125, "params": {"C": 0.2586645680789547, "epsilon": 8.092754071490587, "gamma": 0.18392263884584115, "lamda": 0.6686321366294948}, "datetime": {"datetime": "2021-06-28 10:22:58", "elapsed": 214.482736, "delta": 0.601688}}
{"target": -84.11258438763284, "params": {"C": 2.165899312826266, "epsilon": 9.434893240685431, "gamma": 0.07649010548010514, "lamda": 0.29649538158216354}, "datetime": {"datetime": "2021-06-28 10:23:08", "elapsed": 224.300667, "delta": 9.817931}}
{"target": -12.796928198063789, "params": {"C": 2.6479131324315364, "epsilon": 6.820501436789776, "gamma": 0.18640143270354806, "lamda": 0.6788472405953441}, "datetime": {"datetime": "2021-06-28 10:23:08", "elapsed": 224.770842, "delta": 0.470175}}
{"target": -12.290758277707836, "params": {"C": 3.905208826787022, "epsilon": 1.339685612564248, "gamma": 0.13620831301752745, "lamda": 0.2642750657580455}, "datetime": {"datetime": "2021-06-28 10:23:09", "elapsed": 225.225414, "delta": 0.454572}}
{"target": -12.716451860788712, "params": {"C": 2.586330363240518, "epsilon": 4.238746430304093, "gamma": 0.16516158053235083, "lamda": 0.3643760894349628}, "datetime": {"datetime": "2021-06-28 10:23:09", "elapsed": 225.673321, "delta": 0.447907}}
{"target": -74.1049322439138, "params": {"C": 5.93771605423298, "epsilon": 2.6557501458563015, "gamma": 0.11058821832477757, "lamda": 0.36966618436590015}, "datetime": {"datetime": "2021-06-28 10:23:19", "elapsed": 235.174112, "delta": 9.500791}}
{"target": -11.605507267508374, "params": {"C": 5.942869059220777, "epsilon": 6.475993623941928, "gamma": 0.018474226992075803, "lamda": 0.07991261659181627}, "datetime": {"datetime": "2021-06-28 10:23:19", "elapsed": 235.705661, "delta": 0.531549}}
{"target": -15.283975558452386, "params": {"C": 0.854991557989979, "epsilon": 5.139147218344564, "gamma": 0.1791348845955185, "lamda": 0.6097900288105098}, "datetime": {"datetime": "2021-06-28 10:23:20", "elapsed": 236.303231, "delta": 0.59757}}
{"target": -75.7120423106372, "params": {"C": 4.165678605641349, "epsilon": 1.2666843927034002, "gamma": 0.10915991473310628, "lamda": 0.7024626018308212}, "datetime": {"datetime": "2021-06-28 10:23:30", "elapsed": 246.131453, "delta": 9.828222}}
{"target": -85.51534425873388, "params": {"C": 2.3429607948826594, "epsilon": 8.499118740100045, "gamma": 0.08277665639583291, "lamda": 0.37910959355821344}, "datetime": {"datetime": "2021-06-28 10:23:45", "elapsed": 262.001793, "delta": 15.87034}}
{"target": -14.123042799638197, "params": {"C": 1.0247050530656103, "epsilon": 2.0811176036123507, "gamma": 0.13203735523892768, "lamda": 0.8605800450644537}, "datetime": {"datetime": "2021-06-28 10:23:46", "elapsed": 262.690965, "delta": 0.689172}}
{"target": -13.986747521697401, "params": {"C": 0.9630135191068592, "epsilon": 2.189541430985138, "gamma": 0.11828235288157099, "lamda": 0.8215517180993036}, "datetime": {"datetime": "2021-06-28 10:23:47", "elapsed": 263.27287, "delta": 0.581905}}
{"target": -12.639516995767538, "params": {"C": 5.636408916709267, "epsilon": 5.839179337902861, "gamma": 0.1778644587294603, "lamda": 0.15144081782326282}, "datetime": {"datetime": "2021-06-28 10:23:47", "elapsed": 263.789989, "delta": 0.517119}}
{"target": -13.561757211580638, "params": {"C": 1.7907355421248126, "epsilon": 1.1282843995602574, "gamma": 0.17085971496008687, "lamda": 0.1497410214600122}, "datetime": {"datetime": "2021-06-28 10:23:48", "elapsed": 264.275177, "delta": 0.485188}}
{"target": -11.26781112891154, "params": {"C": 4.346838147616158, "epsilon": 2.9416705259676768, "gamma": 0.04995307949365723, "lamda": 0.1839576283541937}, "datetime": {"datetime": "2021-06-28 10:23:48", "elapsed": 264.83017, "delta": 0.554993}}
{"target": -13.534262433621622, "params": {"C": 1.834604807189834, "epsilon": 1.120587530778648, "gamma": 0.1718068072877835, "lamda": 0.14881292664007276}, "datetime": {"datetime": "2021-06-28 10:23:49", "elapsed": 265.347059, "delta": 0.516889}}
{"target": -12.020579236129995, "params": {"C": 3.4076712248074084, "epsilon": 8.177049404586668, "gamma": 0.1417371304439347, "lamda": 0.1681927687803592}, "datetime": {"datetime": "2021-06-28 10:23:49", "elapsed": 265.948298, "delta": 0.601239}}
{"target": -70.7611181563964, "params": {"C": 2.9122062666487256, "epsilon": 8.172964565349494, "gamma": 0.1263464101551768, "lamda": 0.9123085085912546}, "datetime": {"datetime": "2021-06-28 10:23:55", "elapsed": 271.747522, "delta": 5.799224}}
{"target": -66.73172006200025, "params": {"C": 4.348897278385029, "epsilon": 5.770036398752701, "gamma": 0.13211403185626502, "lamda": 0.9914387770870794}, "datetime": {"datetime": "2021-06-28 10:24:04", "elapsed": 280.358078, "delta": 8.610556}}
{"target": -13.197577091717127, "params": {"C": 1.0382118786113577, "epsilon": 4.836520861822153, "gamma": 0.10183159015525542, "lamda": 0.12992701286116004}, "datetime": {"datetime": "2021-06-28 10:24:04", "elapsed": 280.849117, "delta": 0.491039}}
{"target": -12.88671130914765, "params": {"C": 5.862543281593016, "epsilon": 5.434953360905038, "gamma": 0.1969005599554077, "lamda": 0.7939711260408507}, "datetime": {"datetime": "2021-06-28 10:24:05", "elapsed": 281.388325, "delta": 0.539208}}
{"target": -13.723440275204988, "params": {"C": 1.8057293105478134, "epsilon": 1.110195275738424, "gamma": 0.18308746713038643, "lamda": 0.17777091715372137}, "datetime": {"datetime": "2021-06-28 10:24:05", "elapsed": 282.097667, "delta": 0.709342}}
{"target": -12.089600444004763, "params": {"C": 5.1002832331129095, "epsilon": 7.841266767335629, "gamma": 0.15467877755854423, "lamda": 0.13434611003892377}, "datetime": {"datetime": "2021-06-28 10:24:06", "elapsed": 282.775069, "delta": 0.677402}}
{"target": -13.618505410288382, "params": {"C": 1.831176176473659, "epsilon": 1.1340369033122653, "gamma": 0.17733115489747517, "lamda": 0.13170369416452476}, "datetime": {"datetime": "2021-06-28 10:24:07", "elapsed": 283.307892, "delta": 0.532823}}
{"target": -12.73245518277039, "params": {"C": 1.1173877325874695, "epsilon": 8.762581679724812, "gamma": 0.031838162422261125, "lamda": 0.4702097469902015}, "datetime": {"datetime": "2021-06-28 10:24:07", "elapsed": 283.872012, "delta": 0.56412}}
{"target": -12.125679099533833, "params": {"C": 4.815960419820077, "epsilon": 2.7930224027815087, "gamma": 0.14002921670600954, "lamda": 0.44946423094764837}, "datetime": {"datetime": "2021-06-28 10:24:08", "elapsed": 284.411069, "delta": 0.539057}}
{"target": -14.592177022189276, "params": {"C": 1.8017221731646234, "epsilon": 1.3572361163986966, "gamma": 0.009484050304404957, "lamda": 0.7147953797258785}, "datetime": {"datetime": "2021-06-28 10:24:08", "elapsed": 284.981679, "delta": 0.57061}}
{"target": -14.783076743774803, "params": {"C": 0.8503328244159852, "epsilon": 5.157467697723061, "gamma": 0.1560004754747511, "lamda": 0.6226688266640169}, "datetime": {"datetime": "2021-06-28 10:24:09", "elapsed": 285.512242, "delta": 0.530563}}
{"target": -13.68030149644536, "params": {"C": 1.8337299666474027, "epsilon": 1.1248093431220179, "gamma": 0.1819400745210607, "lamda": 0.12935778982347948}, "datetime": {"datetime": "2021-06-28 10:24:10", "elapsed": 286.20931, "delta": 0.697068}}
{"target": -79.88657918832516, "params": {"C": 5.986748645147892, "epsilon": 2.623976300592435, "gamma": 0.09422350020212916, "lamda": 0.4055828906424868}, "datetime": {"datetime": "2021-06-28 10:24:18", "elapsed": 294.656807, "delta": 8.447497}}
{"target": -10.547841533503059, "params": {"C": 5.969978002557061, "epsilon": 6.485848293756641, "gamma": 0.054814474897208594, "lamda": 0.06844211345553297}, "datetime": {"datetime": "2021-06-28 10:24:19", "elapsed": 295.305484, "delta": 0.648677}}
{"target": -17.221445634599004, "params": {"C": 1.1756131033546129, "epsilon": 8.806277282655095, "gamma": 0.003325826299465247, "lamda": 0.4990673126693042}, "datetime": {"datetime": "2021-06-28 10:24:19", "elapsed": 295.860422, "delta": 0.554938}}
{"target": -12.838515390399216, "params": {"C": 3.462486777501761, "epsilon": 0.4448238937728577, "gamma": 0.16786454720226793, "lamda": 0.5449369461517253}, "datetime": {"datetime": "2021-06-28 10:24:20", "elapsed": 296.361326, "delta": 0.500904}}
{"target": -13.108183370514567, "params": {"C": 2.601593701869838, "epsilon": 4.205449114345676, "gamma": 0.19407403696138292, "lamda": 0.35060506517878814}, "datetime": {"datetime": "2021-06-28 10:24:20", "elapsed": 296.97879, "delta": 0.617464}}
{"target": -49.72901977585868, "params": {"C": 5.724772342055379, "epsilon": 7.685234207594381, "gamma": 0.19994402612246245, "lamda": 0.343007426332548}, "datetime": {"datetime": "2021-06-28 10:24:29", "elapsed": 305.681005, "delta": 8.702215}}
{"target": -13.56314340974837, "params": {"C": 0.9397952477490732, "epsilon": 1.0391767592888275, "gamma": 0.04880129492000474, "lamda": 0.33685160667715236}, "datetime": {"datetime": "2021-06-28 10:24:30", "elapsed": 306.30456, "delta": 0.623555}}
{"target": -13.430749736154969, "params": {"C": 0.9306760639659949, "epsilon": 2.183996246053387, "gamma": 0.06063694760287763, "lamda": 0.793675892086902}, "datetime": {"datetime": "2021-06-28 10:24:30", "elapsed": 306.890709, "delta": 0.586149}}
{"target": -63.88137251220438, "params": {"C": 3.2110678543178426, "epsilon": 8.099905903484323, "gamma": 0.15820992657630592, "lamda": 0.6467875083502636}, "datetime": {"datetime": "2021-06-28 10:24:36", "elapsed": 312.367725, "delta": 5.477016}}
{"target": -15.295119326410097, "params": {"C": 0.8218696536092717, "epsilon": 5.12586514267912, "gamma": 0.17183198090869847, "lamda": 0.6306871539082183}, "datetime": {"datetime": "2021-06-28 10:24:36", "elapsed": 312.963148, "delta": 0.595423}}
{"target": -16.4921369060412, "params": {"C": 0.50798320172978, "epsilon": 9.757149044520744, "gamma": 0.1875309596296981, "lamda": 0.2850367935466538}, "datetime": {"datetime": "2021-06-28 10:24:37", "elapsed": 313.56207, "delta": 0.598922}}
{"target": -66.93697518179317, "params": {"C": 5.177658835568169, "epsilon": 3.188721761979748, "gamma": 0.13590608372391602, "lamda": 0.8945729634701882}, "datetime": {"datetime": "2021-06-28 10:24:46", "elapsed": 322.444539, "delta": 8.882469}}
{"target": -13.749950573846096, "params": {"C": 1.7469144757488855, "epsilon": 1.14394897476863, "gamma": 0.18124997053129555, "lamda": 0.16991009024590742}, "datetime": {"datetime": "2021-06-28 10:24:46", "elapsed": 323.093426, "delta": 0.648887}}
{"target": -66.55771132245599, "params": {"C": 3.6643078960205995, "epsilon": 6.931622130490116, "gamma": 0.13079269392074352, "lamda": 0.4209430787681496}, "datetime": {"datetime": "2021-06-28 10:24:59", "elapsed": 335.506376, "delta": 12.41295}}
{"target": -13.576325324914466, "params": {"C": 1.2086276882251172, "epsilon": 1.0671789927744049, "gamma": 0.11592365620544323, "lamda": 0.9024296442962094}, "datetime": {"datetime": "2021-06-28 10:24:59", "elapsed": 336.076698, "delta": 0.570322}}
{"target": -12.578644991671537, "params": {"C": 1.7264190663736176, "epsilon": 3.9900624319958315, "gamma": 0.1140659494245999, "lamda": 0.12843965378355462}, "datetime": {"datetime": "2021-06-28 10:25:00", "elapsed": 336.661955, "delta": 0.585257}}
{"target": -13.72585415054765, "params": {"C": 5.927635170633066, "epsilon": 6.465259185848233, "gamma": 0.005161118005140549, "lamda": 0.08068886043237644}, "datetime": {"datetime": "2021-06-28 10:25:01", "elapsed": 337.325972, "delta": 0.664017}}
{"target": -89.54969770815264, "params": {"C": 4.600172562448898, "epsilon": 6.617396493377408, "gamma": 0.06049723219621196, "lamda": 0.6894336309681207}, "datetime": {"datetime": "2021-06-28 10:25:08", "elapsed": 344.897668, "delta": 7.571696}}
{"target": -14.376309199543833, "params": {"C": 1.011961191352046, "epsilon": 2.183274542727345, "gamma": 0.14456017609717267, "lamda": 0.868723668641681}, "datetime": {"datetime": "2021-06-28 10:25:09", "elapsed": 345.514764, "delta": 0.617096}}
{"target": -12.712779615500605, "params": {"C": 1.3654343400250997, "epsilon": 2.6650640822333154, "gamma": 0.07051695851977731, "lamda": 0.0571728475058217}, "datetime": {"datetime": "2021-06-28 10:25:10", "elapsed": 346.216558, "delta": 0.701794}}
{"target": -68.20064786877896, "params": {"C": 4.777693235758153, "epsilon": 2.828028031369044, "gamma": 0.1299751481099681, "lamda": 0.40869800417672264}, "datetime": {"datetime": "2021-06-28 10:25:18", "elapsed": 354.92176, "delta": 8.705202}}
{"target": -13.399682792894549, "params": {"C": 1.5065376252018745, "epsilon": 9.536567927449637, "gamma": 0.19408325024628403, "lamda": 0.5435669110310082}, "datetime": {"datetime": "2021-06-28 10:25:19", "elapsed": 355.484986, "delta": 0.563226}}
{"target": -72.44134263225268, "params": {"C": 3.2992292807723564, "epsilon": 6.30710048263412, "gamma": 0.10010239241604213, "lamda": 0.19085584125452704}, "datetime": {"datetime": "2021-06-28 10:25:28", "elapsed": 364.204276, "delta": 8.71929}}
{"target": -15.840601960605492, "params": {"C": 0.7498614858447062, "epsilon": 4.922914608902546, "gamma": 0.1815852298558333, "lamda": 0.2961043111888553}, "datetime": {"datetime": "2021-06-28 10:25:28", "elapsed": 364.774261, "delta": 0.569985}}
{"target": -13.007275944846263, "params": {"C": 0.9174095212867541, "epsilon": 8.082052535834652, "gamma": 0.032280771921286325, "lamda": 0.18950517591783045}, "datetime": {"datetime": "2021-06-28 10:25:29", "elapsed": 365.444585, "delta": 0.670324}}
{"target": -13.436291297987548, "params": {"C": 0.93170010484502, "epsilon": 2.1841373102920305, "gamma": 0.06246537962544996, "lamda": 0.7945636893264373}, "datetime": {"datetime": "2021-06-28 10:25:30", "elapsed": 366.208969, "delta": 0.764384}}
{"target": -12.779309729405067, "params": {"C": 5.709442386116455, "epsilon": 5.84897432151127, "gamma": 0.18677739564365922, "lamda": 0.1368590048474783}, "datetime": {"datetime": "2021-06-28 10:25:30", "elapsed": 366.848145, "delta": 0.639176}}
{"target": -89.05751901450014, "params": {"C": 0.9400663144046886, "epsilon": 2.163831911218431, "gamma": 0.09028958114420173, "lamda": 0.8100312217985605}, "datetime": {"datetime": "2021-06-28 10:25:45", "elapsed": 381.933043, "delta": 15.084898}}
{"target": -15.759263229522533, "params": {"C": 0.8069305243229731, "epsilon": 5.157120849574435, "gamma": 0.19144284304064157, "lamda": 0.6094937515110701}, "datetime": {"datetime": "2021-06-28 10:25:46", "elapsed": 382.620981, "delta": 0.687938}}
{"target": -12.804828559844022, "params": {"C": 1.1808062202210916, "epsilon": 8.782813446146521, "gamma": 0.02452196692956464, "lamda": 0.4996616587194098}, "datetime": {"datetime": "2021-06-28 10:25:47", "elapsed": 383.338635, "delta": 0.717654}}
{"target": -12.342608882475096, "params": {"C": 1.7151734877329352, "epsilon": 4.010888784281666, "gamma": 0.0930956317736502, "lamda": 0.12307796615567122}, "datetime": {"datetime": "2021-06-28 10:25:48", "elapsed": 384.110552, "delta": 0.771917}}
{"target": -12.605044983792698, "params": {"C": 1.5088893194542243, "epsilon": 3.130797359250656, "gamma": 0.09643545570756268, "lamda": 0.13740985103873832}, "datetime": {"datetime": "2021-06-28 10:25:48", "elapsed": 384.715106, "delta": 0.604554}}
{"target": -12.253240853522911, "params": {"C": 3.4321947272490867, "epsilon": 8.15695928761981, "gamma": 0.16114335328258433, "lamda": 0.15089124173814145}, "datetime": {"datetime": "2021-06-28 10:25:49", "elapsed": 385.436215, "delta": 0.721109}}
{"target": -10.599549768895917, "params": {"C": 5.924411360720882, "epsilon": 6.482913280167479, "gamma": 0.049770833048762064, "lamda": 0.08583286454667237}, "datetime": {"datetime": "2021-06-28 10:25:50", "elapsed": 386.238224, "delta": 0.802009}}
{"target": -12.383496367701063, "params": {"C": 2.6081209166305026, "epsilon": 4.206433908307846, "gamma": 0.13556031079171996, "lamda": 0.34149829600122933}, "datetime": {"datetime": "2021-06-28 10:25:50", "elapsed": 386.950013, "delta": 0.711789}}
{"target": -94.44046527357219, "params": {"C": 3.896380069210125, "epsilon": 8.010620686680278, "gamma": 0.05851029072178848, "lamda": 0.4397190959348039}, "datetime": {"datetime": "2021-06-28 10:25:59", "elapsed": 395.744052, "delta": 8.794039}}
{"target": -12.430752539752516, "params": {"C": 2.5744649455847215, "epsilon": 3.2613684500307145, "gamma": 0.1328982256760501, "lamda": 0.5682043718428859}, "datetime": {"datetime": "2021-06-28 10:26:00", "elapsed": 396.333613, "delta": 0.589561}}
{"target": -15.800149676981299, "params": {"C": 0.7475604254304796, "epsilon": 4.921796689358985, "gamma": 0.17926496244370108, "lamda": 0.2816140711340936}, "datetime": {"datetime": "2021-06-28 10:26:00", "elapsed": 397.03947, "delta": 0.705857}}
{"target": -12.588147857549187, "params": {"C": 2.60826847070727, "epsilon": 4.240544055258635, "gamma": 0.15337101694858263, "lamda": 0.35107885566938546}, "datetime": {"datetime": "2021-06-28 10:26:01", "elapsed": 397.891385, "delta": 0.851915}}
{"target": -12.88650006558413, "params": {"C": 1.1751369786622392, "epsilon": 4.6993395407263145, "gamma": 0.09715092648437273, "lamda": 0.26366272759759757}, "datetime": {"datetime": "2021-06-28 10:26:02", "elapsed": 398.524115, "delta": 0.63273}}
{"target": -13.013260416091994, "params": {"C": 0.8941568770294366, "epsilon": 8.069843611682508, "gamma": 0.029880502998760407, "lamda": 0.18018852466171484}, "datetime": {"datetime": "2021-06-28 10:26:03", "elapsed": 399.21073, "delta": 0.686615}}
{"target": -14.580857640267286, "params": {"C": 0.663201278465503, "epsilon": 1.0498598852465926, "gamma": 0.06346301932994554, "lamda": 0.9218275512330056}, "datetime": {"datetime": "2021-06-28 10:26:03", "elapsed": 399.858851, "delta": 0.648121}}
{"target": -13.556035739560818, "params": {"C": 1.8379720826316652, "epsilon": 1.1399580541762904, "gamma": 0.17273253980250636, "lamda": 0.1563596325931716}, "datetime": {"datetime": "2021-06-28 10:26:04", "elapsed": 400.560533, "delta": 0.701682}}
{"target": -87.42875872497355, "params": {"C": 0.6328820380085958, "epsilon": 1.0599210818844567, "gamma": 0.08738629804227399, "lamda": 0.9256762173150463}, "datetime": {"datetime": "2021-06-28 10:26:19", "elapsed": 415.372929, "delta": 14.812396}}
{"target": -12.35230167452039, "params": {"C": 2.191962661321631, "epsilon": 5.140706656945558, "gamma": 0.12957817608783861, "lamda": 0.5169579800396589}, "datetime": {"datetime": "2021-06-28 10:26:20", "elapsed": 416.218766, "delta": 0.845837}}
{"target": -16.20058537533373, "params": {"C": 0.7027947077207343, "epsilon": 4.547441001284994, "gamma": 0.18190703646457995, "lamda": 0.24520868261986697}, "datetime": {"datetime": "2021-06-28 10:26:20", "elapsed": 416.967269, "delta": 0.748503}}
{"target": -10.927032979385235, "params": {"C": 5.270128676248675, "epsilon": 8.960631299620454, "gamma": 0.03862955615228116, "lamda": 0.02330987503169947}, "datetime": {"datetime": "2021-06-28 10:26:21", "elapsed": 417.722353, "delta": 0.755084}}
{"target": -17.69263272810076, "params": {"C": 0.5284364745919236, "epsilon": 2.3359606071844667, "gamma": 0.18769742778457493, "lamda": 0.5978996930535999}, "datetime": {"datetime": "2021-06-28 10:26:22", "elapsed": 418.370977, "delta": 0.648624}}
{"target": -88.2234499170335, "params": {"C": 4.325131557598272, "epsilon": 2.932997480151, "gamma": 0.06668469320070737, "lamda": 0.2125236277301284}, "datetime": {"datetime": "2021-06-28 10:26:30", "elapsed": 427.014459, "delta": 8.643482}}
