{"target": -28.008996545094895, "params": {"C": 0.09793639405937135, "epsilon": 9.721770643774654, "gamma": 0.4819293088736738, "lamda": 0.4122423212758032}, "datetime": {"datetime": "2021-06-21 20:54:56", "elapsed": 696.119894, "delta": 3.474819}}
{"target": -23.87996585488191, "params": {"C": 0.1, "epsilon": 8.57290975501682, "gamma": 0.15550046716410645, "lamda": 0.5253968437945298}, "datetime": {"datetime": "2021-06-21 20:54:59", "elapsed": 699.186298, "delta": 3.066404}}
{"target": -22.79355420838899, "params": {"C": 0.1, "epsilon": 7.62283407073001, "gamma": 0.1, "lamda": 0.27705694763423866}, "datetime": {"datetime": "2021-06-21 20:55:02", "elapsed": 701.987135, "delta": 2.800837}}
{"target": -32.193170441192706, "params": {"C": 0.037994388875006176, "epsilon": 8.706496004731457, "gamma": 0.7659787278616542, "lamda": 0.493163639586963}, "datetime": {"datetime": "2021-06-21 20:55:04", "elapsed": 703.628801, "delta": 1.641666}}
{"target": -30.557375552414257, "params": {"C": 0.1, "epsilon": 7.076790388426679, "gamma": 0.8, "lamda": 0.33844408754494576}, "datetime": {"datetime": "2021-06-21 20:55:07", "elapsed": 706.811668, "delta": 3.182867}}
{"target": -26.749549008165214, "params": {"C": 0.04192769448566592, "epsilon": 9.749976142700847, "gamma": 0.1708331644510894, "lamda": 0.5002752368755645}, "datetime": {"datetime": "2021-06-21 20:55:09", "elapsed": 708.664161, "delta": 1.852493}}
{"target": -31.863899223490865, "params": {"C": 0.03146757869959658, "epsilon": 8.562300617134504, "gamma": 0.5582340250827592, "lamda": 0.32705886530864303}, "datetime": {"datetime": "2021-06-21 20:55:11", "elapsed": 710.462348, "delta": 1.798187}}
{"target": -23.57230683604521, "params": {"C": 0.08660501468312298, "epsilon": 9.712630269361716, "gamma": 0.12927495668718814, "lamda": 0.3949268813176086}, "datetime": {"datetime": "2021-06-21 20:55:13", "elapsed": 713.239158, "delta": 2.77681}}
{"target": -23.951218641092993, "params": {"C": 0.09859012902511685, "epsilon": 9.863546224497028, "gamma": 0.18153142468830202, "lamda": 0.4909859932615473}, "datetime": {"datetime": "2021-06-21 20:55:17", "elapsed": 716.607331, "delta": 3.368173}}
{"target": -24.84349803032461, "params": {"C": 0.1, "epsilon": 9.677361802226622, "gamma": 0.22268222499498797, "lamda": 0.009}, "datetime": {"datetime": "2021-06-21 20:55:21", "elapsed": 720.942464, "delta": 4.335133}}
{"target": -32.013541661714676, "params": {"C": 0.007536108119856133, "epsilon": 9.740889504349262, "gamma": 0.20332564949081677, "lamda": 0.3870420166593848}, "datetime": {"datetime": "2021-06-21 20:55:26", "elapsed": 725.498654, "delta": 4.55619}}
{"target": -28.903901818032, "params": {"C": 0.1, "epsilon": 5.65821504483634, "gamma": 0.46599873402776226, "lamda": 0.2901884831733155}, "datetime": {"datetime": "2021-06-21 20:55:28", "elapsed": 727.884215, "delta": 2.385561}}
{"target": -26.046621706641233, "params": {"C": 0.09513508492806518, "epsilon": 7.651182918761336, "gamma": 0.24654563015967879, "lamda": 0.490836684095077}, "datetime": {"datetime": "2021-06-21 20:55:31", "elapsed": 731.259798, "delta": 3.375583}}
{"target": -31.136746925396945, "params": {"C": 0.058581545629626926, "epsilon": 9.713261052155516, "gamma": 0.7509010946952084, "lamda": 0.08382291856054039}, "datetime": {"datetime": "2021-06-21 20:55:33", "elapsed": 732.991361, "delta": 1.731563}}
{"target": -23.513465506936353, "params": {"C": 0.1, "epsilon": 4.588530873106581, "gamma": 0.1, "lamda": 0.3862717719476684}, "datetime": {"datetime": "2021-06-21 20:55:36", "elapsed": 735.814701, "delta": 2.82334}}
{"target": -30.787168816951837, "params": {"C": 0.06316075274053745, "epsilon": 6.684290221508743, "gamma": 0.5994524527397438, "lamda": 0.6102167887165272}, "datetime": {"datetime": "2021-06-21 20:55:38", "elapsed": 737.568254, "delta": 1.753553}}
{"target": -30.93688360712486, "params": {"C": 0.1, "epsilon": 5.477461650194387, "gamma": 0.8, "lamda": 0.2854311634519075}, "datetime": {"datetime": "2021-06-21 20:55:40", "elapsed": 740.301415, "delta": 2.733161}}
{"target": -25.836534120223824, "params": {"C": 0.09990443769976494, "epsilon": 6.906103127564486, "gamma": 0.23467512502079427, "lamda": 0.6205768688470082}, "datetime": {"datetime": "2021-06-21 20:55:43", "elapsed": 742.743575, "delta": 2.44216}}
{"target": -30.05372726854003, "params": {"C": 0.06223731268649825, "epsilon": 5.245406478239498, "gamma": 0.4245874592464003, "lamda": 0.6041197887237871}, "datetime": {"datetime": "2021-06-21 20:55:45", "elapsed": 744.856493, "delta": 2.112918}}
{"target": -27.977701540503748, "params": {"C": 0.1, "epsilon": 9.634745773213302, "gamma": 0.4821384336865497, "lamda": 0.7}, "datetime": {"datetime": "2021-06-21 20:55:48", "elapsed": 747.797367, "delta": 2.940874}}
{"target": -28.485350755257414, "params": {"C": 0.1, "epsilon": 9.308134352483476, "gamma": 0.5411617263164131, "lamda": 0.009}, "datetime": {"datetime": "2021-06-21 20:55:52", "elapsed": 751.96464, "delta": 4.167273}}
{"target": -24.953152684446845, "params": {"C": 0.1, "epsilon": 8.297625780294224, "gamma": 0.21132703476543305, "lamda": 0.5736394899769601}, "datetime": {"datetime": "2021-06-21 20:55:57", "elapsed": 756.696989, "delta": 4.732349}}
{"target": -24.826239329229058, "params": {"C": 0.1, "epsilon": 8.019953298547827, "gamma": 0.20280927023176717, "lamda": 0.4891516891143566}, "datetime": {"datetime": "2021-06-21 20:56:03", "elapsed": 762.910607, "delta": 6.213618}}
{"target": -27.49151559740443, "params": {"C": 0.037654332415367225, "epsilon": 7.64670801236397, "gamma": 0.16683330715623945, "lamda": 0.6466226151470107}, "datetime": {"datetime": "2021-06-21 20:56:05", "elapsed": 765.178536, "delta": 2.267929}}
{"target": -27.425990940269674, "params": {"C": 0.1, "epsilon": 5.079528519071335, "gamma": 0.30308354564326867, "lamda": 0.009}, "datetime": {"datetime": "2021-06-21 20:56:09", "elapsed": 769.320042, "delta": 4.141506}}
{"target": -25.421301606688168, "params": {"C": 0.09821610726025194, "epsilon": 6.582165253577811, "gamma": 0.20985522176428179, "lamda": 0.41130446689273287}, "datetime": {"datetime": "2021-06-21 20:56:18", "elapsed": 777.553093, "delta": 8.233051}}
{"target": -32.467313085655604, "params": {"C": 0.026088728403029, "epsilon": 9.11801611846882, "gamma": 0.7257051352059077, "lamda": 0.3936953170772071}, "datetime": {"datetime": "2021-06-21 20:56:20", "elapsed": 780.024869, "delta": 2.471776}}
{"target": -33.72119279144642, "params": {"C": 0.001, "epsilon": 9.07287269848096, "gamma": 0.8, "lamda": 0.7}, "datetime": {"datetime": "2021-06-21 20:56:23", "elapsed": 783.388154, "delta": 3.363285}}
{"target": -32.75706837305766, "params": {"C": 0.0020872525034556564, "epsilon": 9.653850437578361, "gamma": 0.10473513723771816, "lamda": 0.03192057849076787}, "datetime": {"datetime": "2021-06-21 20:56:26", "elapsed": 786.32691, "delta": 2.938756}}
{"target": -27.66584684565187, "params": {"C": 0.1, "epsilon": 8.959702620882945, "gamma": 0.4219589498503302, "lamda": 0.451410473505473}, "datetime": {"datetime": "2021-06-21 20:56:30", "elapsed": 790.415838, "delta": 4.088928}}
{"target": -23.19225523199758, "params": {"C": 0.1, "epsilon": 5.656594732212827, "gamma": 0.1, "lamda": 0.009}, "datetime": {"datetime": "2021-06-21 20:56:34", "elapsed": 793.711819, "delta": 3.295981}}
{"target": -26.202493674097347, "params": {"C": 0.1, "epsilon": 8.35393698666428, "gamma": 0.2861405695003121, "lamda": 0.16223259230174022}, "datetime": {"datetime": "2021-06-21 20:56:38", "elapsed": 798.316289, "delta": 4.60447}}
{"target": -23.11151417213671, "params": {"C": 0.1, "epsilon": 6.214431769658956, "gamma": 0.1, "lamda": 0.34520165625351285}, "datetime": {"datetime": "2021-06-21 20:56:42", "elapsed": 802.133769, "delta": 3.81748}}
{"target": -34.0612241289372, "params": {"C": 0.001, "epsilon": 7.506106326977171, "gamma": 0.8, "lamda": 0.7}, "datetime": {"datetime": "2021-06-21 20:56:46", "elapsed": 805.931646, "delta": 3.797877}}
{"target": -23.215717294498614, "params": {"C": 0.1, "epsilon": 5.721199768995614, "gamma": 0.1, "lamda": 0.26144285650145166}, "datetime": {"datetime": "2021-06-21 20:56:50", "elapsed": 810.32184, "delta": 4.390194}}
{"target": -25.01114335593829, "params": {"C": 0.1, "epsilon": 8.828792454967308, "gamma": 0.2214235555283237, "lamda": 0.009}, "datetime": {"datetime": "2021-06-21 20:56:58", "elapsed": 817.513212, "delta": 7.191372}}
{"target": -24.865617014202385, "params": {"C": 0.1, "epsilon": 9.421680387546015, "gamma": 0.2185723276412966, "lamda": 0.4717093251315176}, "datetime": {"datetime": "2021-06-21 20:57:01", "elapsed": 821.180572, "delta": 3.66736}}
{"target": -25.532027473048068, "params": {"C": 0.1, "epsilon": 6.302053314955155, "gamma": 0.2130736175933542, "lamda": 0.7}, "datetime": {"datetime": "2021-06-21 20:57:06", "elapsed": 825.985002, "delta": 4.80443}}
{"target": -25.649602205092737, "params": {"C": 0.09731332824168103, "epsilon": 7.118713215965075, "gamma": 0.22536368297045772, "lamda": 0.19108491459429536}, "datetime": {"datetime": "2021-06-21 20:57:09", "elapsed": 828.507261, "delta": 2.522259}}
{"target": -28.09061512837239, "params": {"C": 0.1, "epsilon": 8.12639838687778, "gamma": 0.44704992451959746, "lamda": 0.7}, "datetime": {"datetime": "2021-06-21 20:57:13", "elapsed": 833.027359, "delta": 4.520098}}
{"target": -33.45136449906947, "params": {"C": 0.001, "epsilon": 8.489825286271257, "gamma": 0.1, "lamda": 0.009}, "datetime": {"datetime": "2021-06-21 20:57:16", "elapsed": 835.644134, "delta": 2.616775}}
{"target": -23.556540119976198, "params": {"C": 0.1, "epsilon": 4.5, "gamma": 0.1, "lamda": 0.5462874381761982}, "datetime": {"datetime": "2021-06-21 20:57:19", "elapsed": 839.35262, "delta": 3.708486}}
{"target": -28.631099423717128, "params": {"C": 0.07075900260120833, "epsilon": 8.15371501829443, "gamma": 0.3952068059391812, "lamda": 0.6300435237170346}, "datetime": {"datetime": "2021-06-21 20:57:21", "elapsed": 841.194924, "delta": 1.842304}}
{"target": -29.99907262310522, "params": {"C": 0.09671390469968928, "epsilon": 4.915554917656885, "gamma": 0.5810163368771631, "lamda": 0.687406337429262}, "datetime": {"datetime": "2021-06-21 20:57:23", "elapsed": 843.075891, "delta": 1.880967}}
{"target": -26.233465042917075, "params": {"C": 0.08775070435678563, "epsilon": 8.029478608054863, "gamma": 0.25294939119856347, "lamda": 0.01776332251356267}, "datetime": {"datetime": "2021-06-21 20:57:27", "elapsed": 846.846362, "delta": 3.770471}}
{"target": -24.986136415482232, "params": {"C": 0.08897025781395235, "epsilon": 9.158102730602533, "gamma": 0.2012625698538255, "lamda": 0.01098875814764792}, "datetime": {"datetime": "2021-06-21 20:57:31", "elapsed": 851.223254, "delta": 4.376892}}
{"target": -26.3522324119662, "params": {"C": 0.1, "epsilon": 7.743600765025507, "gamma": 0.2853442347329408, "lamda": 0.20404999322344677}, "datetime": {"datetime": "2021-06-21 20:57:37", "elapsed": 856.912665, "delta": 5.689411}}
{"target": -30.502000160488464, "params": {"C": 0.07890248724112868, "epsilon": 7.327532212871578, "gamma": 0.6804874107275154, "lamda": 0.2989070056910353}, "datetime": {"datetime": "2021-06-21 20:57:39", "elapsed": 859.052433, "delta": 2.139768}}
{"target": -32.38400302805766, "params": {"C": 0.028490988218438318, "epsilon": 8.645129005825751, "gamma": 0.6898264894053374, "lamda": 0.20951485924321314}, "datetime": {"datetime": "2021-06-21 20:57:41", "elapsed": 861.054035, "delta": 2.001602}}
{"target": -31.243918043355144, "params": {"C": 0.0329844103658023, "epsilon": 5.906678805198442, "gamma": 0.3731966049212866, "lamda": 0.1556055164918125}, "datetime": {"datetime": "2021-06-21 20:57:43", "elapsed": 863.171087, "delta": 2.117052}}
{"target": -25.00766019528055, "params": {"C": 0.09798034087691992, "epsilon": 7.529633202955727, "gamma": 0.2027327170743789, "lamda": 0.3307103591233816}, "datetime": {"datetime": "2021-06-21 20:57:50", "elapsed": 869.659145, "delta": 6.488058}}
{"target": -29.88888310108501, "params": {"C": 0.09283470159748812, "epsilon": 4.739391756936451, "gamma": 0.5382438908150199, "lamda": 0.5430802066797882}, "datetime": {"datetime": "2021-06-21 20:57:52", "elapsed": 872.231297, "delta": 2.572152}}
{"target": -24.82496181661053, "params": {"C": 0.1, "epsilon": 4.772425186378229, "gamma": 0.16520439312103585, "lamda": 0.13036404512631516}, "datetime": {"datetime": "2021-06-21 20:57:56", "elapsed": 875.965244, "delta": 3.733947}}
{"target": -26.18093059271815, "params": {"C": 0.1, "epsilon": 6.359584710322008, "gamma": 0.24910808986231317, "lamda": 0.17031958716904244}, "datetime": {"datetime": "2021-06-21 20:58:01", "elapsed": 881.275017, "delta": 5.309773}}
{"target": -32.06837362289103, "params": {"C": 0.03018909307579416, "epsilon": 7.616943228786059, "gamma": 0.5405962818349875, "lamda": 0.18156053503063074}, "datetime": {"datetime": "2021-06-21 20:58:04", "elapsed": 883.802435, "delta": 2.527418}}
{"target": -25.506376254174445, "params": {"C": 0.1, "epsilon": 6.575793967965193, "gamma": 0.21545969111358584, "lamda": 0.7}, "datetime": {"datetime": "2021-06-21 20:58:10", "elapsed": 889.855095, "delta": 6.05266}}
{"target": -27.092660991206348, "params": {"C": 0.09384260814977442, "epsilon": 9.379369513955663, "gamma": 0.34826515038322736, "lamda": 0.6720491674170214}, "datetime": {"datetime": "2021-06-21 20:58:15", "elapsed": 895.031102, "delta": 5.176007}}
{"target": -22.90572735427511, "params": {"C": 0.1, "epsilon": 7.3602937575803065, "gamma": 0.1, "lamda": 0.5166481332579945}, "datetime": {"datetime": "2021-06-21 20:58:22", "elapsed": 901.550212, "delta": 6.51911}}
{"target": -22.667104765686755, "params": {"C": 0.1, "epsilon": 8.213054629797034, "gamma": 0.1, "lamda": 0.270122092622575}, "datetime": {"datetime": "2021-06-21 20:58:25", "elapsed": 905.383996, "delta": 3.833784}}
{"target": -24.38633667273032, "params": {"C": 0.09801442345271917, "epsilon": 8.548411800033165, "gamma": 0.1852814073368388, "lamda": 0.6693453555193731}, "datetime": {"datetime": "2021-06-21 20:58:29", "elapsed": 908.546942, "delta": 3.162946}}
{"target": -11.615437998942445, "params": {"C": 4.176049826978714, "epsilon": 7.20352460992814, "gamma": 0.011142604425275418, "lamda": 0.30930924690552136}, "datetime": {"datetime": "2021-06-21 21:00:37", "elapsed": 0.0, "delta": 0.0}}
{"target": -30.085349320173876, "params": {"C": 1.4760913492629593, "epsilon": 0.9242936090932092, "gamma": 1.8707395116629324, "lamda": 0.35210511977261727}, "datetime": {"datetime": "2021-06-21 21:00:37", "elapsed": 0.232803, "delta": 0.232803}}
{"target": -32.506279348868226, "params": {"C": 3.9737070675643924, "epsilon": 5.388628523299567, "gamma": 4.197753198888915, "lamda": 0.6883673053927919}, "datetime": {"datetime": "2021-06-21 21:00:38", "elapsed": 0.537498, "delta": 0.304695}}
{"target": -13.187896447859988, "params": {"C": 4.187258011431567, "epsilon": 7.761981454491674, "gamma": 0.1025153180711264, "lamda": 0.47009184066613097}, "datetime": {"datetime": "2021-06-21 21:00:38", "elapsed": 0.863469, "delta": 0.325971}}
{"target": -11.480904310915129, "params": {"C": 7.1777090876794, "epsilon": 6.642031864694961, "gamma": 0.01, "lamda": 0.01}, "datetime": {"datetime": "2021-06-21 21:00:39", "elapsed": 1.534597, "delta": 0.671128}}
{"target": -11.308801810134037, "params": {"C": 10.0, "epsilon": 10.0, "gamma": 0.01, "lamda": 0.01}, "datetime": {"datetime": "2021-06-21 21:00:39", "elapsed": 2.166299, "delta": 0.631702}}
{"target": -32.71838253259961, "params": {"C": 10.0, "epsilon": 10.0, "gamma": 4.808980900364201, "lamda": 0.01}, "datetime": {"datetime": "2021-06-21 21:00:40", "elapsed": 2.585902, "delta": 0.419603}}
{"target": -11.606671684438242, "params": {"C": 10.0, "epsilon": 3.319820510445144, "gamma": 0.01, "lamda": 1.0}, "datetime": {"datetime": "2021-06-21 21:00:41", "elapsed": 3.965008, "delta": 1.379106}}
{"target": -30.607843738285602, "params": {"C": 10.0, "epsilon": 0.001, "gamma": 2.7202584616236085, "lamda": 0.01}, "datetime": {"datetime": "2021-06-21 21:00:42", "elapsed": 4.562374, "delta": 0.597366}}
{"target": -11.41971472213605, "params": {"C": 10.0, "epsilon": 6.6711027074175435, "gamma": 0.01, "lamda": 1.0}, "datetime": {"datetime": "2021-06-21 21:00:43", "elapsed": 5.620013, "delta": 1.057639}}
{"target": -27.080870062117068, "params": {"C": 0.01, "epsilon": 10.0, "gamma": 0.01, "lamda": 0.01}, "datetime": {"datetime": "2021-06-21 21:00:44", "elapsed": 6.550976, "delta": 0.930963}}
{"target": -33.57008491961304, "params": {"C": 0.01, "epsilon": 10.0, "gamma": 10.0, "lamda": 0.01}, "datetime": {"datetime": "2021-06-21 21:00:44", "elapsed": 7.332002, "delta": 0.781026}}
{"target": -11.788287230277138, "params": {"C": 6.1430823416505795, "epsilon": 3.7783294525808664, "gamma": 0.01, "lamda": 1.0}, "datetime": {"datetime": "2021-06-21 21:00:45", "elapsed": 8.237116, "delta": 0.905114}}
{"target": -35.84916001951567, "params": {"C": 0.01, "epsilon": 0.001, "gamma": 10.0, "lamda": 1.0}, "datetime": {"datetime": "2021-06-21 21:00:46", "elapsed": 9.515995, "delta": 1.278879}}
{"target": -11.35833564271457, "params": {"C": 8.006487095708911, "epsilon": 10.0, "gamma": 0.01, "lamda": 1.0}, "datetime": {"datetime": "2021-06-21 21:00:48", "elapsed": 10.615305, "delta": 1.09931}}
{"target": -11.975567989322093, "params": {"C": 3.216207544566714, "epsilon": 5.139895460660454, "gamma": 0.01, "lamda": 1.0}, "datetime": {"datetime": "2021-06-21 21:00:49", "elapsed": 11.97426, "delta": 1.358955}}
{"target": -11.748435919034021, "params": {"C": 5.606502486661284, "epsilon": 6.114652260639766, "gamma": 0.01, "lamda": 1.0}, "datetime": {"datetime": "2021-06-21 21:00:50", "elapsed": 13.139847, "delta": 1.165587}}
{"target": -11.547448884179808, "params": {"C": 10.0, "epsilon": 4.770018808742179, "gamma": 0.01, "lamda": 0.01}, "datetime": {"datetime": "2021-06-21 21:00:51", "elapsed": 14.285829, "delta": 1.145982}}
{"target": -11.80973122393806, "params": {"C": 4.516506792380824, "epsilon": 4.6419190818075675, "gamma": 0.01, "lamda": 0.01}, "datetime": {"datetime": "2021-06-21 21:00:53", "elapsed": 15.662359, "delta": 1.37653}}
{"target": -14.417882391705852, "params": {"C": 7.9718205591820785, "epsilon": 4.62448397324141, "gamma": 0.15497080683596415, "lamda": 0.9027633423503878}, "datetime": {"datetime": "2021-06-21 21:00:54", "elapsed": 16.564386, "delta": 0.902027}}
{"target": -11.992719796522433, "params": {"C": 6.477903852052213, "epsilon": 0.001, "gamma": 0.01, "lamda": 1.0}, "datetime": {"datetime": "2021-06-21 21:00:55", "elapsed": 17.550702, "delta": 0.986316}}
{"target": -11.295227881886474, "params": {"C": 8.454114458894969, "epsilon": 8.682407701324548, "gamma": 0.01, "lamda": 0.01}, "datetime": {"datetime": "2021-06-21 21:00:55", "elapsed": 18.519674, "delta": 0.968972}}
{"target": -11.789888508125106, "params": {"C": 7.747144260663138, "epsilon": 1.5909857943260248, "gamma": 0.01, "lamda": 0.01}, "datetime": {"datetime": "2021-06-21 21:00:56", "elapsed": 19.507319, "delta": 0.987645}}
{"target": -11.792050518396199, "params": {"C": 10.0, "epsilon": 0.001, "gamma": 0.01, "lamda": 1.0}, "datetime": {"datetime": "2021-06-21 21:00:58", "elapsed": 20.534199, "delta": 1.02688}}
{"target": -11.302349757271202, "params": {"C": 10.0, "epsilon": 9.245386199950673, "gamma": 0.01, "lamda": 1.0}, "datetime": {"datetime": "2021-06-21 21:00:59", "elapsed": 21.903771, "delta": 1.369572}}
{"target": -11.314363382820028, "params": {"C": 6.601127890769326, "epsilon": 10.0, "gamma": 0.01, "lamda": 0.01}, "datetime": {"datetime": "2021-06-21 21:01:00", "elapsed": 23.058569, "delta": 1.154798}}
{"target": -11.972965659535816, "params": {"C": 5.458327518183311, "epsilon": 1.867705938483872, "gamma": 0.01, "lamda": 1.0}, "datetime": {"datetime": "2021-06-21 21:01:01", "elapsed": 24.148429, "delta": 1.08986}}
{"target": -11.80459560255486, "params": {"C": 8.198685361584516, "epsilon": 1.1231280417671747, "gamma": 0.01, "lamda": 1.0}, "datetime": {"datetime": "2021-06-21 21:01:02", "elapsed": 25.169391, "delta": 1.020962}}
{"target": -11.703160503146481, "params": {"C": 10.0, "epsilon": 1.684276903237406, "gamma": 0.01, "lamda": 0.01}, "datetime": {"datetime": "2021-06-21 21:01:03", "elapsed": 26.382674, "delta": 1.213283}}
{"target": -11.477540982981822, "params": {"C": 6.133033275759276, "epsilon": 7.9256330976387765, "gamma": 0.01, "lamda": 0.01}, "datetime": {"datetime": "2021-06-21 21:01:05", "elapsed": 28.018378, "delta": 1.635704}}
{"target": -11.408398894144458, "params": {"C": 10.0, "epsilon": 7.563607642254331, "gamma": 0.01, "lamda": 0.01}, "datetime": {"datetime": "2021-06-21 21:01:06", "elapsed": 29.121097, "delta": 1.102719}}
{"target": -11.220406873628628, "params": {"C": 8.19064781879372, "epsilon": 10.0, "gamma": 0.01, "lamda": 0.01}, "datetime": {"datetime": "2021-06-21 21:01:07", "elapsed": 30.371081, "delta": 1.249984}}
{"target": -11.82731269221419, "params": {"C": 3.5117179554885913, "epsilon": 6.070789627922627, "gamma": 0.01, "lamda": 0.01}, "datetime": {"datetime": "2021-06-21 21:01:08", "elapsed": 31.368516, "delta": 0.997435}}
{"target": -11.86790634816619, "params": {"C": 8.344036719476598, "epsilon": 0.001, "gamma": 0.01, "lamda": 0.01}, "datetime": {"datetime": "2021-06-21 21:01:10", "elapsed": 32.711603, "delta": 1.343087}}
{"target": -11.858640893001096, "params": {"C": 4.27696559168894, "epsilon": 5.762199505544438, "gamma": 0.01, "lamda": 1.0}, "datetime": {"datetime": "2021-06-21 21:01:11", "elapsed": 33.816007, "delta": 1.104404}}
{"target": -11.655654121023929, "params": {"C": 5.331756656060785, "epsilon": 6.342305935553376, "gamma": 0.01, "lamda": 0.01}, "datetime": {"datetime": "2021-06-21 21:01:12", "elapsed": 35.161985, "delta": 1.345978}}
{"target": -12.0582156472748, "params": {"C": 5.766291432694553, "epsilon": 0.001, "gamma": 0.01, "lamda": 0.01}, "datetime": {"datetime": "2021-06-21 21:01:14", "elapsed": 36.888537, "delta": 1.726552}}
