{"target": -11.947991433242821, "params": {"C": 6.6505151882430935, "epsilon": 0.4713681091497216, "gamma": 0.01, "lamda": 0.5521369572762306}, "datetime": {"datetime": "2021-06-21 21:07:23", "elapsed": 405.755281, "delta": 1.488123}}
{"target": -12.778508365131087, "params": {"C": 1.1088576757592816, "epsilon": 7.283686742833257, "gamma": 0.01, "lamda": 0.01}, "datetime": {"datetime": "2021-06-21 21:07:24", "elapsed": 407.327516, "delta": 1.572235}}
{"target": -11.235222858971126, "params": {"C": 6.971912994986959, "epsilon": 9.768504897409382, "gamma": 0.011510608611131712, "lamda": 0.5107410942497802}, "datetime": {"datetime": "2021-06-21 21:07:26", "elapsed": 408.88014, "delta": 1.552624}}
{"target": -11.785911884347778, "params": {"C": 3.4167006457613742, "epsilon": 6.94077474157927, "gamma": 0.01, "lamda": 0.01}, "datetime": {"datetime": "2021-06-21 21:07:28", "elapsed": 410.798138, "delta": 1.917998}}
{"target": -11.339213071950411, "params": {"C": 9.382930910910527, "epsilon": 10.0, "gamma": 0.01, "lamda": 1.0}, "datetime": {"datetime": "2021-06-21 21:07:30", "elapsed": 412.874791, "delta": 2.076653}}
{"target": -11.39752234331742, "params": {"C": 8.503516397338899, "epsilon": 1.3073605590156463, "gamma": 0.022892800756647957, "lamda": 0.1446679340544684}, "datetime": {"datetime": "2021-06-21 21:07:32", "elapsed": 414.637673, "delta": 1.762882}}
{"target": -11.028171395895187, "params": {"C": 9.979635465571741, "epsilon": 5.632996985543076, "gamma": 0.04500080559669541, "lamda": 0.4731707805964823}, "datetime": {"datetime": "2021-06-21 21:07:34", "elapsed": 416.788746, "delta": 2.151073}}
{"target": -11.420334629392178, "params": {"C": 7.360027077318787, "epsilon": 9.568051853780323, "gamma": 0.01, "lamda": 1.0}, "datetime": {"datetime": "2021-06-21 21:07:37", "elapsed": 419.633966, "delta": 2.84522}}
{"target": -11.816830409243021, "params": {"C": 6.4384755358994905, "epsilon": 3.0171892146931882, "gamma": 0.01, "lamda": 1.0}, "datetime": {"datetime": "2021-06-21 21:07:39", "elapsed": 421.532661, "delta": 1.898695}}
{"target": -11.817364346984375, "params": {"C": 4.048317054897426, "epsilon": 5.469185594417631, "gamma": 0.01, "lamda": 0.3772364956158501}, "datetime": {"datetime": "2021-06-21 21:07:41", "elapsed": 423.5525, "delta": 2.019839}}
{"target": -11.219000347233122, "params": {"C": 9.175246345385029, "epsilon": 3.83172372716485, "gamma": 0.02448675294171517, "lamda": 0.026402237046831305}, "datetime": {"datetime": "2021-06-21 21:07:43", "elapsed": 425.583893, "delta": 2.031393}}
{"target": -11.484106510998279, "params": {"C": 7.674087560458048, "epsilon": 7.000103452282414, "gamma": 0.01, "lamda": 1.0}, "datetime": {"datetime": "2021-06-21 21:07:44", "elapsed": 427.429851, "delta": 1.845958}}
{"target": -12.063377555121884, "params": {"C": 4.20116968233997, "epsilon": 1.4932928713467963, "gamma": 0.01, "lamda": 0.4800176711704231}, "datetime": {"datetime": "2021-06-21 21:07:46", "elapsed": 429.18882, "delta": 1.758969}}
{"target": -11.51568446913741, "params": {"C": 7.587271750046059, "epsilon": 2.3866320337708773, "gamma": 0.014532901067800528, "lamda": 0.5444234968785352}, "datetime": {"datetime": "2021-06-21 21:07:48", "elapsed": 430.876212, "delta": 1.687392}}
{"target": -11.92459000802689, "params": {"C": 2.636130566842788, "epsilon": 3.049436353290304, "gamma": 0.01392742087863618, "lamda": 0.38609370679072047}, "datetime": {"datetime": "2021-06-21 21:07:49", "elapsed": 432.317695, "delta": 1.441483}}
{"target": -11.786828101850114, "params": {"C": 5.2622043656373965, "epsilon": 4.452672162284584, "gamma": 0.01, "lamda": 0.47980085890296376}, "datetime": {"datetime": "2021-06-21 21:07:51", "elapsed": 433.864646, "delta": 1.546951}}
{"target": -11.737227270506908, "params": {"C": 4.665143537617242, "epsilon": 5.625929808852014, "gamma": 0.01, "lamda": 0.01}, "datetime": {"datetime": "2021-06-21 21:07:52", "elapsed": 435.479174, "delta": 1.614528}}
{"target": -11.039651379581175, "params": {"C": 5.528874868927692, "epsilon": 8.657063645047568, "gamma": 0.024616738561587737, "lamda": 0.08483282583615381}, "datetime": {"datetime": "2021-06-21 21:07:54", "elapsed": 436.955016, "delta": 1.475842}}
{"target": -11.219415718778325, "params": {"C": 4.834491564344296, "epsilon": 8.314266910834483, "gamma": 0.014175737633250914, "lamda": 0.35400239467824485}, "datetime": {"datetime": "2021-06-21 21:07:55", "elapsed": 438.477839, "delta": 1.522823}}
{"target": -11.711678959289802, "params": {"C": 5.612495617121957, "epsilon": 6.92207520577515, "gamma": 0.01, "lamda": 1.0}, "datetime": {"datetime": "2021-06-21 21:07:58", "elapsed": 440.687125, "delta": 2.209286}}
{"target": -11.507931260087446, "params": {"C": 9.38429340884771, "epsilon": 5.537301926632818, "gamma": 0.01, "lamda": 1.0}, "datetime": {"datetime": "2021-06-21 21:08:00", "elapsed": 442.538726, "delta": 1.851601}}
{"target": -11.412320908613765, "params": {"C": 4.573077924239367, "epsilon": 8.724721602191766, "gamma": 0.056532598065535386, "lamda": 0.048203127682966376}, "datetime": {"datetime": "2021-06-21 21:08:01", "elapsed": 444.259764, "delta": 1.721038}}
{"target": -11.44187609612711, "params": {"C": 8.299781904524973, "epsilon": 7.394390019604728, "gamma": 0.01, "lamda": 1.0}, "datetime": {"datetime": "2021-06-21 21:08:04", "elapsed": 446.589708, "delta": 2.329944}}
{"target": -11.509583105289082, "params": {"C": 10.0, "epsilon": 5.522033121872799, "gamma": 0.01, "lamda": 0.01}, "datetime": {"datetime": "2021-06-21 21:08:06", "elapsed": 448.632954, "delta": 2.043246}}
{"target": -11.383307667951009, "params": {"C": 10.0, "epsilon": 8.131881892249499, "gamma": 0.01, "lamda": 0.01}, "datetime": {"datetime": "2021-06-21 21:08:08", "elapsed": 451.211338, "delta": 2.578384}}
{"target": -11.770991054328455, "params": {"C": 3.1214203080235645, "epsilon": 8.000140090513721, "gamma": 0.01, "lamda": 0.5244509382277076}, "datetime": {"datetime": "2021-06-21 21:08:10", "elapsed": 453.352895, "delta": 2.141557}}
{"target": -11.57233067022391, "params": {"C": 5.043134277433513, "epsilon": 8.596449257785606, "gamma": 0.01, "lamda": 0.01}, "datetime": {"datetime": "2021-06-21 21:08:12", "elapsed": 455.182265, "delta": 1.82937}}
{"target": -91.4172002909498, "params": {"C": 4.363926528067512, "epsilon": 9.103189496589613, "gamma": 0.03953912593478994, "lamda": 0.5030218365215869}, "datetime": {"datetime": "2021-06-21 21:08:21", "elapsed": 464.303607, "delta": 9.121342}}
{"target": -17.970238826706534, "params": {"C": 5.58100055282784, "epsilon": 9.55249532138133, "gamma": 0.3505459867013744, "lamda": 0.5333976381734256}, "datetime": {"datetime": "2021-06-21 21:08:23", "elapsed": 465.803132, "delta": 1.499525}}
{"target": -32.12126592758579, "params": {"C": 6.786867149113634, "epsilon": 4.685638845017151, "gamma": 3.852578700698186, "lamda": 0.035425022063576686}, "datetime": {"datetime": "2021-06-21 21:08:24", "elapsed": 467.046312, "delta": 1.24318}}
{"target": -34.523130831100744, "params": {"C": 9.3530156666453, "epsilon": 5.9560708079656015, "gamma": 9.056106539319165, "lamda": 0.07641429169388719}, "datetime": {"datetime": "2021-06-21 21:08:25", "elapsed": 468.361843, "delta": 1.315531}}
{"target": -11.414663489600985, "params": {"C": 9.714862145690434, "epsilon": 4.81104660536276, "gamma": 0.012646564968894729, "lamda": 0.587686520398791}, "datetime": {"datetime": "2021-06-21 21:08:27", "elapsed": 469.819544, "delta": 1.457701}}
{"target": -30.207513943103194, "params": {"C": 9.58698415505347, "epsilon": 7.436095647038546, "gamma": 2.7307072712683502, "lamda": 0.7346121199378773}, "datetime": {"datetime": "2021-06-21 21:08:28", "elapsed": 471.079355, "delta": 1.259811}}
{"target": -12.572058534337884, "params": {"C": 7.498954540165188, "epsilon": 6.737257681325009, "gamma": 0.08747974870927813, "lamda": 0.4620644177891461}, "datetime": {"datetime": "2021-06-21 21:08:30", "elapsed": 472.821033, "delta": 1.741678}}
{"target": -33.451397458348026, "params": {"C": 0.3299775050799024, "epsilon": 9.81124422407521, "gamma": 9.595887134207446, "lamda": 0.13529951547614327}, "datetime": {"datetime": "2021-06-21 21:08:31", "elapsed": 474.079341, "delta": 1.258308}}
{"target": -66.44061039146686, "params": {"C": 5.252820147641496, "epsilon": 9.350524094533517, "gamma": 0.1037960499048954, "lamda": 0.9381105097171677}, "datetime": {"datetime": "2021-06-21 21:08:42", "elapsed": 484.958625, "delta": 10.879284}}
{"target": -75.76830056793872, "params": {"C": 2.5555053529322307, "epsilon": 9.256181872273856, "gamma": 0.07954017796632613, "lamda": 0.8880274305920254}, "datetime": {"datetime": "2021-06-21 21:08:54", "elapsed": 497.303041, "delta": 12.344416}}
{"target": -34.84294836733764, "params": {"C": 8.845725987508926, "epsilon": 1.3430904493653193, "gamma": 8.767233795219234, "lamda": 0.8369441489063052}, "datetime": {"datetime": "2021-06-21 21:08:56", "elapsed": 499.075407, "delta": 1.772366}}
{"target": -29.530564882130015, "params": {"C": 7.599999085427897, "epsilon": 0.28288280912546176, "gamma": 2.2589493367194975, "lamda": 0.03917768998131392}, "datetime": {"datetime": "2021-06-21 21:08:58", "elapsed": 500.809293, "delta": 1.733886}}
{"target": -33.004178683942094, "params": {"C": 1.6136272990833636, "epsilon": 6.1791806782711545, "gamma": 4.786443492728021, "lamda": 0.5782659730033015}, "datetime": {"datetime": "2021-06-21 21:08:59", "elapsed": 502.083434, "delta": 1.274141}}
{"target": -30.164851534465797, "params": {"C": 1.6406306047961658, "epsilon": 7.792829873268065, "gamma": 2.450816981622113, "lamda": 0.47102545306059845}, "datetime": {"datetime": "2021-06-21 21:09:00", "elapsed": 503.329546, "delta": 1.246112}}
{"target": -32.4873251810243, "params": {"C": 3.1693404509421805, "epsilon": 9.370530280510552, "gamma": 4.7733108579423815, "lamda": 0.6617995666971286}, "datetime": {"datetime": "2021-06-21 21:09:02", "elapsed": 505.110391, "delta": 1.780845}}
{"target": -32.48553587419952, "params": {"C": 2.5204041436945808, "epsilon": 2.1981810272206066, "gamma": 3.583818336899914, "lamda": 0.23887726253547834}, "datetime": {"datetime": "2021-06-21 21:09:04", "elapsed": 507.029908, "delta": 1.919517}}
{"target": -33.302799813783, "params": {"C": 0.21919376840791358, "epsilon": 8.709576820776231, "gamma": 4.62649304045206, "lamda": 0.13484432712922853}, "datetime": {"datetime": "2021-06-21 21:09:05", "elapsed": 508.279652, "delta": 1.249744}}
{"target": -28.670691503048324, "params": {"C": 3.093594037897459, "epsilon": 6.307193419799414, "gamma": 1.9742406608988035, "lamda": 0.9531759024533022}, "datetime": {"datetime": "2021-06-21 21:09:07", "elapsed": 509.590209, "delta": 1.310557}}
{"target": -32.174029579659475, "params": {"C": 7.242209612288169, "epsilon": 8.426208252705948, "gamma": 4.107279017813644, "lamda": 0.3605437931910237}, "datetime": {"datetime": "2021-06-21 21:09:08", "elapsed": 510.968095, "delta": 1.377886}}
{"target": -32.880623831237436, "params": {"C": 5.111616233758129, "epsilon": 3.92569168006525, "gamma": 4.46350304488005, "lamda": 0.7906207784771774}, "datetime": {"datetime": "2021-06-21 21:09:09", "elapsed": 512.296721, "delta": 1.328626}}
{"target": -32.62519829304147, "params": {"C": 0.8174264605974073, "epsilon": 6.439716725739355, "gamma": 3.961470058596269, "lamda": 0.47803832835047105}, "datetime": {"datetime": "2021-06-21 21:09:11", "elapsed": 514.270604, "delta": 1.973883}}
{"target": -34.27869426473369, "params": {"C": 8.714227938235677, "epsilon": 8.734514775828515, "gamma": 9.045180182597976, "lamda": 0.1342309085351207}, "datetime": {"datetime": "2021-06-21 21:09:13", "elapsed": 515.65362, "delta": 1.383016}}
{"target": -32.26578803310306, "params": {"C": 2.4586120848884097, "epsilon": 0.2643295509162275, "gamma": 3.1586532285588635, "lamda": 0.05750767474660467}, "datetime": {"datetime": "2021-06-21 21:09:14", "elapsed": 517.323803, "delta": 1.670183}}
{"target": -34.90418556593753, "params": {"C": 8.566093361314314, "epsilon": 2.6645654901087146, "gamma": 9.97708171849171, "lamda": 0.7940576850902257}, "datetime": {"datetime": "2021-06-21 21:09:16", "elapsed": 518.803984, "delta": 1.480181}}
{"target": -34.804084421645484, "params": {"C": 4.316144292744575, "epsilon": 2.637459281140297, "gamma": 9.424893016353018, "lamda": 0.014484702144673553}, "datetime": {"datetime": "2021-06-21 21:09:17", "elapsed": 520.113249, "delta": 1.309265}}
{"target": -29.709630180294116, "params": {"C": 5.648912604702081, "epsilon": 3.9364282188232718, "gamma": 2.3912604096562724, "lamda": 0.6653646871305046}, "datetime": {"datetime": "2021-06-21 21:09:19", "elapsed": 521.58271, "delta": 1.469461}}
{"target": -29.401688610640996, "params": {"C": 5.585391613794891, "epsilon": 4.559404810895482, "gamma": 2.298321926521381, "lamda": 0.3408150629793789}, "datetime": {"datetime": "2021-06-21 21:09:20", "elapsed": 522.857868, "delta": 1.275158}}
{"target": -33.386287142947005, "params": {"C": 5.343935864413896, "epsilon": 1.1909492369371766, "gamma": 4.774214144895011, "lamda": 0.3247790890674815}, "datetime": {"datetime": "2021-06-21 21:09:22", "elapsed": 524.860067, "delta": 2.002199}}
{"target": -31.826472503346565, "params": {"C": 9.20472311420636, "epsilon": 1.2681879553938422, "gamma": 3.4276345919722515, "lamda": 0.8201157900873693}, "datetime": {"datetime": "2021-06-21 21:09:23", "elapsed": 526.214459, "delta": 1.354392}}
{"target": -31.30397201785899, "params": {"C": 6.226945895955414, "epsilon": 8.238647417771753, "gamma": 3.4018681181385437, "lamda": 0.3243647690727677}, "datetime": {"datetime": "2021-06-21 21:09:25", "elapsed": 527.597547, "delta": 1.383088}}
{"target": -21.71429125775653, "params": {"C": 8.497061422732877, "epsilon": 9.743451076496292, "gamma": 0.7332243130555178, "lamda": 0.21228546361877007}, "datetime": {"datetime": "2021-06-21 21:09:26", "elapsed": 529.007955, "delta": 1.410408}}
{"target": -34.15924516789202, "params": {"C": 1.422177149044207, "epsilon": 1.6076768367407839, "gamma": 5.2455242178773425, "lamda": 0.5704437679906107}, "datetime": {"datetime": "2021-06-21 21:09:27", "elapsed": 530.404808, "delta": 1.396853}}
{"target": -34.84232855153284, "params": {"C": 7.248445999349347, "epsilon": 1.2602261067780551, "gamma": 8.679784496215694, "lamda": 0.24660898729766723}, "datetime": {"datetime": "2021-06-21 21:09:29", "elapsed": 531.871278, "delta": 1.46647}}
{"target": -21.61268483614606, "params": {"C": 8.978847642886926, "epsilon": 5.328980187194107, "gamma": 0.6929457266152214, "lamda": 0.22227827446814752}, "datetime": {"datetime": "2021-06-21 21:09:30", "elapsed": 533.242644, "delta": 1.371366}}
{"target": -27.595279358881868, "params": {"C": 8.69159891302054, "epsilon": 7.857829367174357, "gamma": 1.7987715704761364, "lamda": 0.40348017626974214}, "datetime": {"datetime": "2021-06-21 21:09:32", "elapsed": 535.137516, "delta": 1.894872}}
{"target": -34.83091195856517, "params": {"C": 8.413082036646918, "epsilon": 0.28145295012638316, "gamma": 8.22475062906648, "lamda": 0.05952292384755506}, "datetime": {"datetime": "2021-06-21 21:09:34", "elapsed": 536.649759, "delta": 1.512243}}
{"target": -34.8212145616557, "params": {"C": 8.20950949380729, "epsilon": 1.2811985028610196, "gamma": 8.60633129821667, "lamda": 0.1661319262222089}, "datetime": {"datetime": "2021-06-21 21:09:35", "elapsed": 538.057951, "delta": 1.408192}}
{"target": -20.99158444868911, "params": {"C": 6.320394682375485, "epsilon": 5.484113693529965, "gamma": 0.5995421965496636, "lamda": 0.9271267672314393}, "datetime": {"datetime": "2021-06-21 21:09:37", "elapsed": 540.335137, "delta": 2.277186}}
{"target": -33.39021833561993, "params": {"C": 4.461433903697285, "epsilon": 3.7167795356276083, "gamma": 5.108677379200471, "lamda": 0.6751504997980037}, "datetime": {"datetime": "2021-06-21 21:09:39", "elapsed": 541.779579, "delta": 1.444442}}
{"target": -34.35344563176939, "params": {"C": 8.955481367562578, "epsilon": 0.03808535311825439, "gamma": 6.490128651963287, "lamda": 0.14242011591965387}, "datetime": {"datetime": "2021-06-21 21:09:41", "elapsed": 544.428282, "delta": 2.648703}}
{"target": -34.4310590997398, "params": {"C": 6.909095523113665, "epsilon": 6.650007755553407, "gamma": 9.719138149650574, "lamda": 0.19847682615960058}, "datetime": {"datetime": "2021-06-21 21:09:43", "elapsed": 546.075594, "delta": 1.647312}}
{"target": -34.1308641884907, "params": {"C": 6.657874868316323, "epsilon": 1.3331312467831735, "gamma": 6.12948143362618, "lamda": 0.5893520523652351}, "datetime": {"datetime": "2021-06-21 21:09:45", "elapsed": 548.011976, "delta": 1.936382}}
{"target": -30.175294240667405, "params": {"C": 3.5046095886653434, "epsilon": 9.305292935448986, "gamma": 2.8473225156073423, "lamda": 0.23062236594898458}, "datetime": {"datetime": "2021-06-21 21:09:46", "elapsed": 549.288906, "delta": 1.27693}}
{"target": -33.313203319367005, "params": {"C": 6.576647550311872, "epsilon": 8.916336452132516, "gamma": 5.784417307710155, "lamda": 0.28888533132824323}, "datetime": {"datetime": "2021-06-21 21:09:48", "elapsed": 550.662543, "delta": 1.373637}}
{"target": -33.447115877755806, "params": {"C": 6.814567195315625, "epsilon": 8.057893579876897, "gamma": 5.838020467634385, "lamda": 0.9122681988247899}, "datetime": {"datetime": "2021-06-21 21:09:49", "elapsed": 552.098425, "delta": 1.435882}}
{"target": -34.26437408075683, "params": {"C": 4.9739751493017375, "epsilon": 4.860952281881479, "gamma": 7.683625257846884, "lamda": 0.6625356369393844}, "datetime": {"datetime": "2021-06-21 21:09:51", "elapsed": 553.54188, "delta": 1.443455}}
{"target": -34.382348237160926, "params": {"C": 7.5814355466112575, "epsilon": 8.001727824134337, "gamma": 9.535615041630281, "lamda": 0.15332874303411453}, "datetime": {"datetime": "2021-06-21 21:09:52", "elapsed": 554.946834, "delta": 1.404954}}
{"target": -33.86311833255499, "params": {"C": 3.2879247508761003, "epsilon": 6.876798967168745, "gamma": 7.196974950619431, "lamda": 0.8360444589807715}, "datetime": {"datetime": "2021-06-21 21:09:53", "elapsed": 556.381375, "delta": 1.434541}}
{"target": -33.63162141215773, "params": {"C": 1.470596102103804, "epsilon": 6.852294603771524, "gamma": 6.910304451320444, "lamda": 0.5450408531543748}, "datetime": {"datetime": "2021-06-21 21:09:55", "elapsed": 557.808479, "delta": 1.427104}}
{"target": -31.994804730942743, "params": {"C": 1.3281894855249843, "epsilon": 6.1696708405172185, "gamma": 3.3975760196370777, "lamda": 0.9901031924122236}, "datetime": {"datetime": "2021-06-21 21:09:56", "elapsed": 559.193608, "delta": 1.385129}}
{"target": -30.81714163423949, "params": {"C": 6.486438923618995, "epsilon": 9.732442478667139, "gamma": 3.1776976635595746, "lamda": 0.3909510040611318}, "datetime": {"datetime": "2021-06-21 21:09:58", "elapsed": 560.543899, "delta": 1.350291}}
{"target": -30.023764464469277, "params": {"C": 4.542515291577124, "epsilon": 6.655227124528456, "gamma": 2.6255134405741853, "lamda": 0.22480644122707477}, "datetime": {"datetime": "2021-06-21 21:09:59", "elapsed": 562.021122, "delta": 1.477223}}
{"target": -24.82358046585619, "params": {"C": 2.6439077286416137, "epsilon": 3.440647198723453, "gamma": 1.0372140439408208, "lamda": 0.34778374866891454}, "datetime": {"datetime": "2021-06-21 21:10:01", "elapsed": 564.295467, "delta": 2.274345}}
{"target": -31.148575657591177, "params": {"C": 4.3590247081517655, "epsilon": 9.882708088720669, "gamma": 3.41832460333428, "lamda": 0.5045119729043287}, "datetime": {"datetime": "2021-06-21 21:10:03", "elapsed": 565.624498, "delta": 1.329031}}
{"target": -26.34668808126282, "params": {"C": 8.227882630404553, "epsilon": 6.91050850018734, "gamma": 1.4481063579574345, "lamda": 0.9591821721094206}, "datetime": {"datetime": "2021-06-21 21:10:04", "elapsed": 567.121984, "delta": 1.497486}}
{"target": -33.77248631099828, "params": {"C": 7.045333030139765, "epsilon": 7.584158947224569, "gamma": 6.512143543606705, "lamda": 0.49251696693593194}, "datetime": {"datetime": "2021-06-21 21:10:06", "elapsed": 568.666157, "delta": 1.544173}}
{"target": -34.582190342032675, "params": {"C": 4.054345513011043, "epsilon": 3.803633619467257, "gamma": 8.786267470560158, "lamda": 0.48974904946112535}, "datetime": {"datetime": "2021-06-21 21:10:07", "elapsed": 570.196614, "delta": 1.530457}}
{"target": -33.87868565347366, "params": {"C": 7.482008606209126, "epsilon": 5.480448580105931, "gamma": 6.375966051064416, "lamda": 0.3853313951706736}, "datetime": {"datetime": "2021-06-21 21:10:09", "elapsed": 571.909538, "delta": 1.712924}}
{"target": -33.51429304268041, "params": {"C": 0.7706751850550587, "epsilon": 8.687196110868522, "gamma": 9.904132537948687, "lamda": 0.11161796440802861}, "datetime": {"datetime": "2021-06-21 21:10:10", "elapsed": 573.493939, "delta": 1.584401}}
{"target": -31.489936822915976, "params": {"C": 8.226790942167789, "epsilon": 8.021014163921372, "gamma": 3.4233751565248, "lamda": 0.9595445135683148}, "datetime": {"datetime": "2021-06-21 21:10:13", "elapsed": 576.130575, "delta": 2.636636}}
{"target": -32.94496546082079, "params": {"C": 9.583945714612323, "epsilon": 3.419341151959895, "gamma": 4.521327092964035, "lamda": 0.5974250986926783}, "datetime": {"datetime": "2021-06-21 21:10:15", "elapsed": 577.9037, "delta": 1.773125}}
{"target": -33.777361067874665, "params": {"C": 4.7806189022668235, "epsilon": 9.84019035327549, "gamma": 7.769244832907235, "lamda": 0.6814223466657434}, "datetime": {"datetime": "2021-06-21 21:10:18", "elapsed": 580.5629, "delta": 2.6592}}
{"target": -33.974529121804984, "params": {"C": 1.4026655761916873, "epsilon": 4.416748313545925, "gamma": 6.393026474197824, "lamda": 0.4050643984300134}, "datetime": {"datetime": "2021-06-21 21:10:19", "elapsed": 582.111707, "delta": 1.548807}}
{"target": -32.17181087099355, "params": {"C": 9.246145575265242, "epsilon": 1.6972117397224615, "gamma": 3.7005362503436605, "lamda": 0.5162759853500263}, "datetime": {"datetime": "2021-06-21 21:10:21", "elapsed": 583.6332, "delta": 1.521493}}
