{"target": -91.6836297344401, "params": {"C": 32.932102089568545, "epsilon": 9.664290969482714, "gamma": 0.015318429745414792, "lamda": 0.04610105985352058}, "datetime": {"datetime": "2021-06-28 19:55:07", "elapsed": 1193.919488, "delta": 7.345301}}
{"target": -98.67059602219234, "params": {"C": 31.932653457753425, "epsilon": 11.613175915727858, "gamma": 0.018316389495193153, "lamda": 0.04058309110069963}, "datetime": {"datetime": "2021-06-28 19:55:15", "elapsed": 1201.135137, "delta": 7.215649}}
{"target": -11.496577719896948, "params": {"C": 34.900898281474966, "epsilon": 9.209488837342388, "gamma": 0.010824120375091503, "lamda": 0.015923336602046805}, "datetime": {"datetime": "2021-06-28 19:55:15", "elapsed": 1202.011786, "delta": 0.876649}}
{"target": -96.19091297943096, "params": {"C": 32.5545395629594, "epsilon": 11.864422002645151, "gamma": 0.03632224863988237, "lamda": 0.043968654104586655}, "datetime": {"datetime": "2021-06-28 19:55:22", "elapsed": 1209.002039, "delta": 6.990253}}
{"target": -92.07860865870619, "params": {"C": 33.23252593638705, "epsilon": 5.552803644422334, "gamma": 0.014873678533926698, "lamda": 0.04493400192824061}, "datetime": {"datetime": "2021-06-28 19:55:30", "elapsed": 1216.978648, "delta": 7.976609}}
{"target": -92.90312006871193, "params": {"C": 31.59629270393244, "epsilon": 5.876775023534936, "gamma": 0.048057524192951714, "lamda": 0.04685586455906664}, "datetime": {"datetime": "2021-06-28 19:55:36", "elapsed": 1222.842921, "delta": 5.864273}}
{"target": -91.36719814528284, "params": {"C": 30.38020179178364, "epsilon": 10.96612367742399, "gamma": 0.015023094526535895, "lamda": 0.020848057255685743}, "datetime": {"datetime": "2021-06-28 19:55:42", "elapsed": 1229.008386, "delta": 6.165465}}
{"target": -98.68256225614186, "params": {"C": 31.101846084177993, "epsilon": 10.717179934592362, "gamma": 0.043916482227318615, "lamda": 0.02051368076173772}, "datetime": {"datetime": "2021-06-28 19:55:49", "elapsed": 1235.067138, "delta": 6.058752}}
{"target": -11.02180587523729, "params": {"C": 31.409119267097243, "epsilon": 5.951054623456368, "gamma": 0.034921389330159716, "lamda": 0.012417330949584318}, "datetime": {"datetime": "2021-06-28 19:55:49", "elapsed": 1235.822115, "delta": 0.754977}}
{"target": -11.06396080753548, "params": {"C": 31.298304195841876, "epsilon": 7.305504683570363, "gamma": 0.015118295259729147, "lamda": 0.011946909159422705}, "datetime": {"datetime": "2021-06-28 19:55:50", "elapsed": 1236.69677, "delta": 0.874655}}
{"target": -97.9242723019459, "params": {"C": 32.87534350106762, "epsilon": 8.891413910052158, "gamma": 0.03456407463217666, "lamda": 0.029813655545065612}, "datetime": {"datetime": "2021-06-28 19:55:56", "elapsed": 1242.872206, "delta": 6.175436}}
{"target": -93.74687151255202, "params": {"C": 33.86921106392785, "epsilon": 5.975649080477941, "gamma": 0.03326205176951286, "lamda": 0.016121768967322515}, "datetime": {"datetime": "2021-06-28 19:56:03", "elapsed": 1249.256085, "delta": 6.383879}}
{"target": -89.73623816739054, "params": {"C": 34.21187855802344, "epsilon": 13.116911694574174, "gamma": 0.04928245460062337, "lamda": 0.02556838981125231}, "datetime": {"datetime": "2021-06-28 19:56:10", "elapsed": 1256.775928, "delta": 7.519843}}
{"target": -86.85720433919191, "params": {"C": 34.576974248289474, "epsilon": 7.2884119908985445, "gamma": 0.048412661443467536, "lamda": 0.025147412075155997}, "datetime": {"datetime": "2021-06-28 19:56:18", "elapsed": 1264.178067, "delta": 7.402139}}
{"target": -80.98465956690394, "params": {"C": 31.601905964143008, "epsilon": 11.650258160062297, "gamma": 0.010265280667318155, "lamda": 0.013124628101258237}, "datetime": {"datetime": "2021-06-28 19:56:25", "elapsed": 1271.445577, "delta": 7.26751}}
{"target": -99.71843004687567, "params": {"C": 32.38060328708429, "epsilon": 12.357550981857596, "gamma": 0.04111334236432779, "lamda": 0.031985115755163496}, "datetime": {"datetime": "2021-06-28 19:56:34", "elapsed": 1280.830411, "delta": 9.384834}}
{"target": -92.96703082479608, "params": {"C": 32.003226375911005, "epsilon": 6.101515437653443, "gamma": 0.0495654041150531, "lamda": 0.03093248615962839}, "datetime": {"datetime": "2021-06-28 19:56:42", "elapsed": 1288.168958, "delta": 7.338547}}
{"target": -92.65747261515219, "params": {"C": 33.75215653469582, "epsilon": 5.996654576450414, "gamma": 0.044579676801990376, "lamda": 0.03130392793568576}, "datetime": {"datetime": "2021-06-28 19:56:48", "elapsed": 1294.581349, "delta": 6.412391}}
{"target": -102.37943964711371, "params": {"C": 30.9350030200061, "epsilon": 9.812217956133804, "gamma": 0.031076910147597225, "lamda": 0.038871872037267136}, "datetime": {"datetime": "2021-06-28 19:56:55", "elapsed": 1301.936052, "delta": 7.354703}}
{"target": -90.33885286119956, "params": {"C": 32.144673280844316, "epsilon": 6.107113854184006, "gamma": 0.04925498846197841, "lamda": 0.04837437404554525}, "datetime": {"datetime": "2021-06-28 19:57:02", "elapsed": 1308.535183, "delta": 6.599131}}
{"target": -98.20321015629028, "params": {"C": 30.245184995520127, "epsilon": 11.969952836243289, "gamma": 0.030012854217899038, "lamda": 0.01292202096050023}, "datetime": {"datetime": "2021-06-28 19:57:08", "elapsed": 1314.481775, "delta": 5.946592}}
{"target": -82.29872579621922, "params": {"C": 31.995729838507028, "epsilon": 14.887696548179598, "gamma": 0.011213238600017376, "lamda": 0.020982739824590688}, "datetime": {"datetime": "2021-06-28 19:57:14", "elapsed": 1320.714246, "delta": 6.232471}}
{"target": -98.93703628114385, "params": {"C": 33.95440900580077, "epsilon": 5.1007460012389, "gamma": 0.03863329186306271, "lamda": 0.03718444341337919}, "datetime": {"datetime": "2021-06-28 19:57:21", "elapsed": 1327.578836, "delta": 6.86459}}
{"target": -103.7899567076168, "params": {"C": 31.69219811414735, "epsilon": 10.201508292266446, "gamma": 0.021249389646459935, "lamda": 0.039402318886338925}, "datetime": {"datetime": "2021-06-28 19:57:28", "elapsed": 1334.107328, "delta": 6.528492}}
{"target": -96.1476886498937, "params": {"C": 31.18445221907632, "epsilon": 8.0379371228211, "gamma": 0.04305399433876487, "lamda": 0.03835632513141325}, "datetime": {"datetime": "2021-06-28 19:57:36", "elapsed": 1342.37017, "delta": 8.262842}}
{"target": -90.5274619328062, "params": {"C": 31.808145377513576, "epsilon": 6.176503966762121, "gamma": 0.049648937740684664, "lamda": 0.011435592114229887}, "datetime": {"datetime": "2021-06-28 19:57:43", "elapsed": 1349.501045, "delta": 7.130875}}
{"target": -102.20908908737833, "params": {"C": 32.91738093792379, "epsilon": 6.664837004432675, "gamma": 0.018379543695930894, "lamda": 0.04442667362013541}, "datetime": {"datetime": "2021-06-28 19:57:51", "elapsed": 1357.429782, "delta": 7.928737}}
{"target": -93.9569953938346, "params": {"C": 31.40546310492001, "epsilon": 13.700427750690519, "gamma": 0.0498574885077939, "lamda": 0.033944455092914314}, "datetime": {"datetime": "2021-06-28 19:57:58", "elapsed": 1364.867455, "delta": 7.437673}}
{"target": -101.55993963043379, "params": {"C": 32.9889501356768, "epsilon": 14.038495543902275, "gamma": 0.019133726148366913, "lamda": 0.014628271050027283}, "datetime": {"datetime": "2021-06-28 19:58:05", "elapsed": 1371.625282, "delta": 6.757827}}
{"target": -99.03509230433013, "params": {"C": 30.934737238412147, "epsilon": 9.059190723392534, "gamma": 0.01884787450783503, "lamda": 0.02805406671140652}, "datetime": {"datetime": "2021-06-28 19:58:12", "elapsed": 1378.293728, "delta": 6.668446}}
{"target": -93.99791164179136, "params": {"C": 31.92740263599685, "epsilon": 9.536542663274307, "gamma": 0.04132043836215252, "lamda": 0.019136920473840725}, "datetime": {"datetime": "2021-06-28 19:58:19", "elapsed": 1385.964158, "delta": 7.67043}}
{"target": -94.45533419855418, "params": {"C": 30.604869444548168, "epsilon": 6.122207112169362, "gamma": 0.031260398033200784, "lamda": 0.011896675314500964}, "datetime": {"datetime": "2021-06-28 19:58:27", "elapsed": 1393.458059, "delta": 7.493901}}
{"target": -97.96882836962287, "params": {"C": 30.280217582558773, "epsilon": 9.961549968108372, "gamma": 0.03723210549602834, "lamda": 0.03317986765771748}, "datetime": {"datetime": "2021-06-28 19:58:35", "elapsed": 1401.831603, "delta": 8.373544}}
{"target": -93.35929690610823, "params": {"C": 32.43166524555245, "epsilon": 9.78082574152883, "gamma": 0.01342336638653617, "lamda": 0.04501819307194173}, "datetime": {"datetime": "2021-06-28 19:58:42", "elapsed": 1408.404975, "delta": 6.573372}}
{"target": -102.77628766816036, "params": {"C": 33.264198616028224, "epsilon": 13.991227913660497, "gamma": 0.03311312877458155, "lamda": 0.02781581749092716}, "datetime": {"datetime": "2021-06-28 19:58:49", "elapsed": 1415.197758, "delta": 6.792783}}
{"target": -95.39711564847788, "params": {"C": 30.528775867092502, "epsilon": 13.084217200145813, "gamma": 0.03911224333120343, "lamda": 0.010311205991571383}, "datetime": {"datetime": "2021-06-28 19:58:57", "elapsed": 1423.201294, "delta": 8.003536}}
{"target": -90.1382803082804, "params": {"C": 31.12990640255847, "epsilon": 5.920175057259463, "gamma": 0.04812327378912449, "lamda": 0.019133586642894124}, "datetime": {"datetime": "2021-06-28 19:59:06", "elapsed": 1432.362725, "delta": 9.161431}}
{"target": -94.77056939576075, "params": {"C": 31.483738150982923, "epsilon": 10.221913053698783, "gamma": 0.040151869039794674, "lamda": 0.02709229869951789}, "datetime": {"datetime": "2021-06-28 19:59:13", "elapsed": 1439.448723, "delta": 7.085998}}
{"target": -99.24959103344816, "params": {"C": 34.54321684192114, "epsilon": 12.809801823032545, "gamma": 0.022459201681077706, "lamda": 0.01790616695798841}, "datetime": {"datetime": "2021-06-28 19:59:20", "elapsed": 1446.678332, "delta": 7.229609}}
{"target": -96.93380013188518, "params": {"C": 34.66161044923414, "epsilon": 7.83888790723557, "gamma": 0.04417138167699749, "lamda": 0.045034363399526774}, "datetime": {"datetime": "2021-06-28 19:59:28", "elapsed": 1454.07749, "delta": 7.399158}}
{"target": -97.16067303710989, "params": {"C": 33.02788999722882, "epsilon": 10.995706564655215, "gamma": 0.041290302896464945, "lamda": 0.049453348325935745}, "datetime": {"datetime": "2021-06-28 19:59:34", "elapsed": 1460.656846, "delta": 6.579356}}
{"target": -100.47805623355157, "params": {"C": 30.317523795305693, "epsilon": 5.140810057649642, "gamma": 0.040045045313992354, "lamda": 0.030979203477250174}, "datetime": {"datetime": "2021-06-28 19:59:43", "elapsed": 1469.41038, "delta": 8.753534}}
{"target": -101.62207372405044, "params": {"C": 33.59689453382226, "epsilon": 7.71780829637968, "gamma": 0.025468625634368622, "lamda": 0.04526095614212786}, "datetime": {"datetime": "2021-06-28 19:59:49", "elapsed": 1475.854961, "delta": 6.444581}}
{"target": -98.77282235627828, "params": {"C": 30.385636026313968, "epsilon": 6.585283706849201, "gamma": 0.01744093770189488, "lamda": 0.0247408850695335}, "datetime": {"datetime": "2021-06-28 19:59:57", "elapsed": 1483.626137, "delta": 7.771176}}
{"target": -86.70995187755842, "params": {"C": 34.21152044250057, "epsilon": 5.317863918320121, "gamma": 0.010733314433589936, "lamda": 0.048637961572446105}, "datetime": {"datetime": "2021-06-28 20:00:05", "elapsed": 1491.925898, "delta": 8.299761}}
{"target": -94.7188378309113, "params": {"C": 34.041478851095505, "epsilon": 8.030246768143755, "gamma": 0.042317028446759955, "lamda": 0.04786582782165003}, "datetime": {"datetime": "2021-06-28 20:00:13", "elapsed": 1499.701064, "delta": 7.775166}}
{"target": -11.040190186769493, "params": {"C": 31.167217296633936, "epsilon": 5.534866906804025, "gamma": 0.02093158489169164, "lamda": 0.014619486595520837}, "datetime": {"datetime": "2021-06-28 20:00:14", "elapsed": 1500.579708, "delta": 0.878644}}
{"target": -100.10851232243809, "params": {"C": 33.82751862380157, "epsilon": 10.767269167456881, "gamma": 0.03324040855247014, "lamda": 0.014333650748685476}, "datetime": {"datetime": "2021-06-28 20:00:21", "elapsed": 1507.435338, "delta": 6.85563}}
{"target": -97.29691108522039, "params": {"C": 31.708112967479746, "epsilon": 11.613566714206794, "gamma": 0.01893264720899956, "lamda": 0.015282395524475386}, "datetime": {"datetime": "2021-06-28 20:00:28", "elapsed": 1514.370753, "delta": 6.935415}}
{"target": -98.37870889124432, "params": {"C": 33.371697631893284, "epsilon": 7.345794641094482, "gamma": 0.03948294884885923, "lamda": 0.027116574484469823}, "datetime": {"datetime": "2021-06-28 20:00:35", "elapsed": 1521.236356, "delta": 6.865603}}
{"target": -99.9989550685231, "params": {"C": 31.42591042145396, "epsilon": 9.524593990617767, "gamma": 0.031081782858846184, "lamda": 0.04797705614302607}, "datetime": {"datetime": "2021-06-28 20:00:43", "elapsed": 1529.940033, "delta": 8.703677}}
{"target": -91.76202995369471, "params": {"C": 34.623388597917916, "epsilon": 6.386627551297005, "gamma": 0.04971546094869187, "lamda": 0.038307299311939054}, "datetime": {"datetime": "2021-06-28 20:00:50", "elapsed": 1536.654045, "delta": 6.714012}}
{"target": -105.06593691025496, "params": {"C": 31.476502480869836, "epsilon": 13.610161250937114, "gamma": 0.030769489995394167, "lamda": 0.02804161777044003}, "datetime": {"datetime": "2021-06-28 20:00:57", "elapsed": 1543.769976, "delta": 7.115931}}
{"target": -92.33139911539145, "params": {"C": 33.25734272553437, "epsilon": 6.622290109187368, "gamma": 0.012386548606787015, "lamda": 0.02987982491321882}, "datetime": {"datetime": "2021-06-28 20:01:03", "elapsed": 1549.945427, "delta": 6.175451}}
{"target": -97.83100458012376, "params": {"C": 30.16272828934783, "epsilon": 8.674242897950704, "gamma": 0.03614661927766482, "lamda": 0.04192991633508984}, "datetime": {"datetime": "2021-06-28 20:01:10", "elapsed": 1556.658439, "delta": 6.713012}}
{"target": -99.19760016592338, "params": {"C": 30.033900914464475, "epsilon": 10.761355462763744, "gamma": 0.042838224741526904, "lamda": 0.04576778594180348}, "datetime": {"datetime": "2021-06-28 20:01:17", "elapsed": 1563.211525, "delta": 6.553086}}
{"target": -96.63133394791087, "params": {"C": 31.350015985098914, "epsilon": 12.880747541774621, "gamma": 0.042294826748917096, "lamda": 0.037920916139736006}, "datetime": {"datetime": "2021-06-28 20:01:24", "elapsed": 1570.705444, "delta": 7.493919}}
{"target": -86.45578069817343, "params": {"C": 30.23695869370375, "epsilon": 8.583113293164331, "gamma": 0.04457976060100547, "lamda": 0.020389740641203708}, "datetime": {"datetime": "2021-06-28 20:01:33", "elapsed": 1579.803065, "delta": 9.097621}}
{"target": -88.23466150928141, "params": {"C": 32.25379808092607, "epsilon": 13.387599221899803, "gamma": 0.044305258038997625, "lamda": 0.016484695592944264}, "datetime": {"datetime": "2021-06-28 20:01:43", "elapsed": 1589.914969, "delta": 10.111904}}
{"target": -99.80797820337398, "params": {"C": 34.7334241380115, "epsilon": 8.241232981509693, "gamma": 0.02552156766294741, "lamda": 0.013735366246545215}, "datetime": {"datetime": "2021-06-28 20:01:52", "elapsed": 1598.645575, "delta": 8.730606}}
{"target": -96.92037905861864, "params": {"C": 32.465055135041766, "epsilon": 10.65735547510246, "gamma": 0.02333989616476171, "lamda": 0.011369683579454715}, "datetime": {"datetime": "2021-06-28 20:02:03", "elapsed": 1609.671032, "delta": 11.025457}}
{"target": -94.16718739259203, "params": {"C": 33.791814770729566, "epsilon": 12.736136493224667, "gamma": 0.045200488240705834, "lamda": 0.01664736248926332}, "datetime": {"datetime": "2021-06-28 20:02:13", "elapsed": 1619.163596, "delta": 9.492564}}
{"target": -97.17014790417672, "params": {"C": 32.73920113175665, "epsilon": 9.743058567284194, "gamma": 0.0317667564532467, "lamda": 0.013752897901332073}, "datetime": {"datetime": "2021-06-28 20:02:23", "elapsed": 1629.204689, "delta": 10.041093}}
{"target": -99.7696908464453, "params": {"C": 30.96094338122507, "epsilon": 10.056681018678866, "gamma": 0.026424366707508876, "lamda": 0.01529803939389268}, "datetime": {"datetime": "2021-06-28 20:02:34", "elapsed": 1640.7318, "delta": 11.527111}}
{"target": -101.9719741257153, "params": {"C": 32.470429458210205, "epsilon": 14.756776267781703, "gamma": 0.016846380179141633, "lamda": 0.02383116094446163}, "datetime": {"datetime": "2021-06-28 20:02:46", "elapsed": 1652.479323, "delta": 11.747523}}
{"target": -101.15910830506654, "params": {"C": 30.881831367668426, "epsilon": 11.870093597962398, "gamma": 0.018635644396394542, "lamda": 0.04011937167727994}, "datetime": {"datetime": "2021-06-28 20:02:53", "elapsed": 1659.651104, "delta": 7.171781}}
{"target": -102.95108433688227, "params": {"C": 34.00184871121657, "epsilon": 13.790580519038812, "gamma": 0.02256756081377738, "lamda": 0.02239913157069847}, "datetime": {"datetime": "2021-06-28 20:03:03", "elapsed": 1669.288407, "delta": 9.637303}}
{"target": -91.84749193898399, "params": {"C": 31.340606369309445, "epsilon": 13.145214359194016, "gamma": 0.031232895046489996, "lamda": 0.038855625606889876}, "datetime": {"datetime": "2021-06-28 20:03:10", "elapsed": 1676.651677, "delta": 7.36327}}
{"target": -99.2478004042848, "params": {"C": 31.70743503141824, "epsilon": 13.168913884655478, "gamma": 0.03148887711468004, "lamda": 0.014389346814230791}, "datetime": {"datetime": "2021-06-28 20:03:19", "elapsed": 1685.984667, "delta": 9.33299}}
{"target": -91.36054446683977, "params": {"C": 33.22170191243232, "epsilon": 5.77628022620093, "gamma": 0.04321398142368871, "lamda": 0.03660820491389274}, "datetime": {"datetime": "2021-06-28 20:03:27", "elapsed": 1693.589532, "delta": 7.604865}}
{"target": -96.63173649524059, "params": {"C": 31.270769778180743, "epsilon": 6.858917010526411, "gamma": 0.039786617334202884, "lamda": 0.03785298510304723}, "datetime": {"datetime": "2021-06-28 20:03:34", "elapsed": 1700.216105, "delta": 6.626573}}
{"target": -88.99018784702305, "params": {"C": 30.43339700386659, "epsilon": 12.697340575796686, "gamma": 0.013752618276538878, "lamda": 0.028271930313069328}, "datetime": {"datetime": "2021-06-28 20:03:40", "elapsed": 1706.879765, "delta": 6.66366}}
{"target": -97.4621614652013, "params": {"C": 31.65795246731961, "epsilon": 10.416721708214109, "gamma": 0.02899235045034019, "lamda": 0.010100214609850623}, "datetime": {"datetime": "2021-06-28 20:03:49", "elapsed": 1715.099012, "delta": 8.219247}}
{"target": -97.4121001354432, "params": {"C": 33.690859640657266, "epsilon": 5.848827490121293, "gamma": 0.015769438982474432, "lamda": 0.02512454376804748}, "datetime": {"datetime": "2021-06-28 20:03:55", "elapsed": 1721.973986, "delta": 6.874974}}
{"target": -97.55284002643961, "params": {"C": 32.113897584462244, "epsilon": 5.283047635408157, "gamma": 0.019618168125793832, "lamda": 0.03611760758298001}, "datetime": {"datetime": "2021-06-28 20:04:05", "elapsed": 1731.525411, "delta": 9.551425}}
{"target": -99.26244144049913, "params": {"C": 33.62989475399877, "epsilon": 8.46599154026031, "gamma": 0.02203230912086504, "lamda": 0.04187252258060294}, "datetime": {"datetime": "2021-06-28 20:04:13", "elapsed": 1739.244084, "delta": 7.718673}}
{"target": -99.4018161267903, "params": {"C": 33.198531754224845, "epsilon": 7.817604391197905, "gamma": 0.024792125907399577, "lamda": 0.0398506513244591}, "datetime": {"datetime": "2021-06-28 20:04:20", "elapsed": 1746.402421, "delta": 7.158337}}
{"target": -90.41483446927172, "params": {"C": 31.026519500272915, "epsilon": 9.583920848692927, "gamma": 0.04953840746713898, "lamda": 0.047499366612888026}, "datetime": {"datetime": "2021-06-28 20:04:32", "elapsed": 1758.414729, "delta": 12.012308}}
{"target": -96.65218804845311, "params": {"C": 30.73447716797422, "epsilon": 14.82308533651269, "gamma": 0.04566494372139443, "lamda": 0.024733973267585488}, "datetime": {"datetime": "2021-06-28 20:04:38", "elapsed": 1764.999146, "delta": 6.584417}}
{"target": -91.84401561724044, "params": {"C": 32.05904463233779, "epsilon": 13.02309830502129, "gamma": 0.044687979820403734, "lamda": 0.01764802930480705}, "datetime": {"datetime": "2021-06-28 20:04:47", "elapsed": 1773.525735, "delta": 8.526589}}
{"target": -94.43545980043598, "params": {"C": 32.78755057825501, "epsilon": 13.07219643197743, "gamma": 0.04081940545573592, "lamda": 0.03176795233191418}, "datetime": {"datetime": "2021-06-28 20:04:54", "elapsed": 1780.386843, "delta": 6.861108}}
{"target": -100.69810316165928, "params": {"C": 31.794460790119654, "epsilon": 12.254800523760405, "gamma": 0.03625088453185228, "lamda": 0.011478174319942745}, "datetime": {"datetime": "2021-06-28 20:05:01", "elapsed": 1787.310504, "delta": 6.923661}}
{"target": -100.46065457890627, "params": {"C": 31.570112866388893, "epsilon": 10.527094229185934, "gamma": 0.031313691361924384, "lamda": 0.032902533586756676}, "datetime": {"datetime": "2021-06-28 20:05:07", "elapsed": 1793.336602, "delta": 6.026098}}
{"target": -99.33628536991147, "params": {"C": 32.39490551522228, "epsilon": 12.643600380267467, "gamma": 0.015288484295732143, "lamda": 0.018065825591992653}, "datetime": {"datetime": "2021-06-28 20:05:13", "elapsed": 1799.384731, "delta": 6.048129}}
{"target": -99.5718495352978, "params": {"C": 30.384798878855154, "epsilon": 7.46296971358135, "gamma": 0.03959581845434278, "lamda": 0.010093006987597866}, "datetime": {"datetime": "2021-06-28 20:05:19", "elapsed": 1805.552437, "delta": 6.167706}}
{"target": -100.65522104229004, "params": {"C": 31.51138900948304, "epsilon": 9.6211049685214, "gamma": 0.021752300817463203, "lamda": 0.04021766116883858}, "datetime": {"datetime": "2021-06-28 20:05:27", "elapsed": 1813.412476, "delta": 7.860039}}
{"target": -99.82722633137135, "params": {"C": 33.39182539995677, "epsilon": 9.685107355752725, "gamma": 0.02538570050329604, "lamda": 0.011027273618730371}, "datetime": {"datetime": "2021-06-28 20:05:34", "elapsed": 1820.358874, "delta": 6.946398}}
