{"target": -31.661813544449448, "params": {"C": 6.159963829050815, "epsilon": 6.993609562197387, "gamma": 6.696133629382228, "lamda": 0.20813191545990573}, "datetime": {"datetime": "2021-06-28 13:59:43", "elapsed": 84.493492, "delta": 0.71719}}
{"target": -18.319248863531794, "params": {"C": 4.033607550027616, "epsilon": 8.043733005880547, "gamma": 0.7743372225681915, "lamda": 0.02921958113437566}, "datetime": {"datetime": "2021-06-28 13:59:44", "elapsed": 85.387875, "delta": 0.894383}}
{"target": -31.81392720812868, "params": {"C": 2.9739432108176422, "epsilon": 4.111475312157531, "gamma": 5.897620701174366, "lamda": 0.06069837094746844}, "datetime": {"datetime": "2021-06-28 13:59:44", "elapsed": 86.024459, "delta": 0.636584}}
{"target": -18.020437642464888, "params": {"C": 7.06136913982839, "epsilon": 8.141706440739648, "gamma": 0.7672442652979233, "lamda": 0.44882581135135835}, "datetime": {"datetime": "2021-06-28 13:59:45", "elapsed": 86.780636, "delta": 0.756177}}
{"target": -32.94350706662816, "params": {"C": 7.047948444280322, "epsilon": 8.272824796410863, "gamma": 0.733111312829793, "lamda": 0.3478505361556947}, "datetime": {"datetime": "2021-06-28 13:59:56", "elapsed": 97.6548, "delta": 10.874164}}
{"target": -16.748800119942974, "params": {"C": 7.5282814878184166, "epsilon": 1.4446020218680875, "gamma": 0.6024903736433207, "lamda": 0.2952687831174266}, "datetime": {"datetime": "2021-06-28 13:59:57", "elapsed": 98.36412, "delta": 0.70932}}
{"target": -16.570123578428422, "params": {"C": 4.714565312358597, "epsilon": 7.6881083367675735, "gamma": 0.6092963066232833, "lamda": 0.16593264705135144}, "datetime": {"datetime": "2021-06-28 13:59:57", "elapsed": 99.224378, "delta": 0.860258}}
{"target": -15.651486245017763, "params": {"C": 4.871547782927425, "epsilon": 7.9535966002805525, "gamma": 0.5099263468883717, "lamda": 0.282809695029546}, "datetime": {"datetime": "2021-06-28 13:59:58", "elapsed": 100.004996, "delta": 0.780618}}
{"target": -17.044179118547923, "params": {"C": 3.0235590951551656, "epsilon": 1.5980377149604446, "gamma": 0.570469465827419, "lamda": 0.3253491329636434}, "datetime": {"datetime": "2021-06-28 13:59:59", "elapsed": 100.692322, "delta": 0.687326}}
{"target": -30.517055728205538, "params": {"C": 5.559749834490144, "epsilon": 6.381704513287977, "gamma": 5.2310187334291465, "lamda": 0.09215865129899897}, "datetime": {"datetime": "2021-06-28 14:00:00", "elapsed": 101.42501, "delta": 0.732688}}
{"target": -16.028934271007177, "params": {"C": 4.769832601158369, "epsilon": 7.949905671312273, "gamma": 0.5471814239842133, "lamda": 0.22248649423121677}, "datetime": {"datetime": "2021-06-28 14:00:00", "elapsed": 102.201779, "delta": 0.776769}}
{"target": -31.328541186923953, "params": {"C": 7.294462992363518, "epsilon": 9.194928407238407, "gamma": 6.596611332270414, "lamda": 0.11418744830048498}, "datetime": {"datetime": "2021-06-28 14:00:01", "elapsed": 102.863159, "delta": 0.66138}}
{"target": -35.95955943203266, "params": {"C": 4.072615747896377, "epsilon": 8.213346718917936, "gamma": 0.5859935806859047, "lamda": 0.3714230600224549}, "datetime": {"datetime": "2021-06-28 14:00:12", "elapsed": 113.508262, "delta": 10.645103}}
{"target": -37.82489194565727, "params": {"C": 4.959559339273423, "epsilon": 7.879019057888961, "gamma": 0.5002035181568049, "lamda": 0.31913610023872024}, "datetime": {"datetime": "2021-06-28 14:00:23", "elapsed": 124.376635, "delta": 10.868373}}
{"target": -34.018804435020066, "params": {"C": 6.918216481869709, "epsilon": 8.198771159574582, "gamma": 0.8621622378860145, "lamda": 0.3037370466228617}, "datetime": {"datetime": "2021-06-28 14:00:39", "elapsed": 140.911523, "delta": 16.534888}}
{"target": -17.303555256875917, "params": {"C": 3.1566722853317963, "epsilon": 1.5638791716254898, "gamma": 0.6037518573562282, "lamda": 0.4619325512296322}, "datetime": {"datetime": "2021-06-28 14:00:40", "elapsed": 141.639527, "delta": 0.728004}}
{"target": -16.77192108823901, "params": {"C": 2.1887817521352657, "epsilon": 8.787011627300137, "gamma": 0.5500428835401847, "lamda": 0.06089272232853278}, "datetime": {"datetime": "2021-06-28 14:00:41", "elapsed": 142.334527, "delta": 0.695}}
{"target": -32.0180339901759, "params": {"C": 5.128301797141117, "epsilon": 2.758651068200734, "gamma": 6.414167803081348, "lamda": 0.4130361662919567}, "datetime": {"datetime": "2021-06-28 14:00:41", "elapsed": 142.997289, "delta": 0.662762}}
{"target": -31.3484245632156, "params": {"C": 2.6163095591027075, "epsilon": 3.2695691297708445, "gamma": 5.055963965938921, "lamda": 0.06521971279629335}, "datetime": {"datetime": "2021-06-28 14:00:42", "elapsed": 143.664164, "delta": 0.666875}}
{"target": -16.846965081219974, "params": {"C": 4.344054072160423, "epsilon": 7.36715841189183, "gamma": 0.6356229323519325, "lamda": 0.17366162469763544}, "datetime": {"datetime": "2021-06-28 14:00:43", "elapsed": 144.346761, "delta": 0.682597}}
{"target": -33.40092232986304, "params": {"C": 2.686086652844666, "epsilon": 2.2661934801961614, "gamma": 8.08579145443003, "lamda": 0.428475373843505}, "datetime": {"datetime": "2021-06-28 14:00:43", "elapsed": 145.06376, "delta": 0.716999}}
{"target": -18.832819645738944, "params": {"C": 2.3232373058311007, "epsilon": 8.997518924977777, "gamma": 0.7910060547669806, "lamda": 0.20601741312458255}, "datetime": {"datetime": "2021-06-28 14:00:44", "elapsed": 145.781374, "delta": 0.717614}}
{"target": -15.804343923394473, "params": {"C": 4.772524090325397, "epsilon": 7.861537298007622, "gamma": 0.5235243553193787, "lamda": 0.047989086582595326}, "datetime": {"datetime": "2021-06-28 14:00:45", "elapsed": 146.471692, "delta": 0.690318}}
{"target": -32.27622292880976, "params": {"C": 4.368188130876575, "epsilon": 3.397502420737164, "gamma": 6.796648964434553, "lamda": 0.2823575571208081}, "datetime": {"datetime": "2021-06-28 14:00:45", "elapsed": 147.156693, "delta": 0.685001}}
{"target": -27.406554841199533, "params": {"C": 4.344116607310089, "epsilon": 8.824688439578381, "gamma": 3.163932032016209, "lamda": 0.3246179119881375}, "datetime": {"datetime": "2021-06-28 14:00:46", "elapsed": 147.934692, "delta": 0.777999}}
{"target": -16.470076306223145, "params": {"C": 3.2570537725838875, "epsilon": 1.5506262411823215, "gamma": 0.5209321319672318, "lamda": 0.347874067629666}, "datetime": {"datetime": "2021-06-28 14:00:47", "elapsed": 148.644485, "delta": 0.709793}}
{"target": -31.383088970763396, "params": {"C": 2.0675980835633423, "epsilon": 4.806423590408611, "gamma": 5.090119606037894, "lamda": 0.128856263708284}, "datetime": {"datetime": "2021-06-28 14:00:47", "elapsed": 149.306522, "delta": 0.662037}}
{"target": -30.719013631935628, "params": {"C": 2.0268878809083386, "epsilon": 6.100736661759923, "gamma": 4.630443940015868, "lamda": 0.2868429059462088}, "datetime": {"datetime": "2021-06-28 14:00:48", "elapsed": 149.966486, "delta": 0.659964}}
{"target": -31.045196798919346, "params": {"C": 1.22594108493481, "epsilon": 1.2306707966557522, "gamma": 3.4819029328365962, "lamda": 0.4605979273386564}, "datetime": {"datetime": "2021-06-28 14:00:49", "elapsed": 150.746217, "delta": 0.779731}}
{"target": -35.472610107127934, "params": {"C": 4.681621908023823, "epsilon": 7.735923074905983, "gamma": 0.6778251416084446, "lamda": 0.32009173225341925}, "datetime": {"datetime": "2021-06-28 14:00:56", "elapsed": 157.750929, "delta": 7.004712}}
{"target": -19.05842399429066, "params": {"C": 4.089418752020782, "epsilon": 8.090349439814231, "gamma": 0.8523349212571758, "lamda": 0.0999755639060736}, "datetime": {"datetime": "2021-06-28 14:00:57", "elapsed": 158.442187, "delta": 0.691258}}
{"target": -17.79499291264798, "params": {"C": 4.4026966399764005, "epsilon": 7.330645577210351, "gamma": 0.7225966984000092, "lamda": 0.1935635404875173}, "datetime": {"datetime": "2021-06-28 14:00:57", "elapsed": 159.168826, "delta": 0.726639}}
{"target": -31.197980712194333, "params": {"C": 7.784358802080819, "epsilon": 5.288554676860353, "gamma": 5.996114852961016, "lamda": 0.18354181883835743}, "datetime": {"datetime": "2021-06-28 14:00:58", "elapsed": 159.872828, "delta": 0.704002}}
{"target": -21.281747873914043, "params": {"C": 9.885209952430245, "epsilon": 6.531062457217413, "gamma": 1.3129183394097488, "lamda": 0.03398603634404835}, "datetime": {"datetime": "2021-06-28 14:00:59", "elapsed": 160.620537, "delta": 0.747709}}
{"target": -16.965821440872325, "params": {"C": 4.175400948482362, "epsilon": 8.270892433217885, "gamma": 0.6479580159657401, "lamda": 0.026068584046962}, "datetime": {"datetime": "2021-06-28 14:00:59", "elapsed": 161.281538, "delta": 0.661001}}
{"target": -16.480641852279504, "params": {"C": 7.467968512914112, "epsilon": 1.34262007851733, "gamma": 0.5742319100476019, "lamda": 0.20278101578422641}, "datetime": {"datetime": "2021-06-28 14:01:00", "elapsed": 161.983541, "delta": 0.702003}}
{"target": -17.429844362340333, "params": {"C": 3.9704494747637638, "epsilon": 8.182519331565485, "gamma": 0.6918228065833636, "lamda": 0.12132322476186795}, "datetime": {"datetime": "2021-06-28 14:01:01", "elapsed": 162.774281, "delta": 0.79074}}
{"target": -20.0597258483543, "params": {"C": 4.179442340219441, "epsilon": 8.106081905160647, "gamma": 0.981839225769449, "lamda": 0.12910834710197452}, "datetime": {"datetime": "2021-06-28 14:01:02", "elapsed": 163.534281, "delta": 0.76}}
{"target": -31.981671416645234, "params": {"C": 0.8002903318446271, "epsilon": 3.0880882011567836, "gamma": 4.0816260703600005, "lamda": 0.2786560348139713}, "datetime": {"datetime": "2021-06-28 14:01:03", "elapsed": 164.350843, "delta": 0.816562}}
{"target": -17.198195262814373, "params": {"C": 3.250672212067124, "epsilon": 1.7192373531121738, "gamma": 0.6008842188804365, "lamda": 0.29708071611441994}, "datetime": {"datetime": "2021-06-28 14:01:03", "elapsed": 165.136093, "delta": 0.78525}}
{"target": -31.98563731551524, "params": {"C": 5.855223059706122, "epsilon": 6.215174843041709, "gamma": 7.061889877608099, "lamda": 0.36013788586010453}, "datetime": {"datetime": "2021-06-28 14:01:04", "elapsed": 165.966704, "delta": 0.830611}}
{"target": -18.184114603455505, "params": {"C": 4.047203001645867, "epsilon": 8.098396192546435, "gamma": 0.7622553172137487, "lamda": 0.07016057139572614}, "datetime": {"datetime": "2021-06-28 14:01:05", "elapsed": 166.737154, "delta": 0.77045}}
{"target": -32.70190417131696, "params": {"C": 7.3762666564911425, "epsilon": 6.388786408612529, "gamma": 8.468638901281572, "lamda": 0.3793594142348767}, "datetime": {"datetime": "2021-06-28 14:01:06", "elapsed": 167.476152, "delta": 0.738998}}
{"target": -16.324231710098065, "params": {"C": 4.7233366733867035, "epsilon": 7.674368766866458, "gamma": 0.579726250544041, "lamda": 0.020638226178937104}, "datetime": {"datetime": "2021-06-28 14:01:06", "elapsed": 168.240462, "delta": 0.76431}}
{"target": -15.967832817565464, "params": {"C": 4.836999933850679, "epsilon": 7.8604235988199225, "gamma": 0.5392956870610279, "lamda": 0.20454427209145176}, "datetime": {"datetime": "2021-06-28 14:01:07", "elapsed": 169.074736, "delta": 0.834274}}
{"target": -16.532558366768544, "params": {"C": 3.265654382985386, "epsilon": 1.5918016277980969, "gamma": 0.5297058776235455, "lamda": 0.46133496155038306}, "datetime": {"datetime": "2021-06-28 14:01:08", "elapsed": 169.750738, "delta": 0.676002}}
{"target": -16.1086191665644, "params": {"C": 3.817820318648739, "epsilon": 8.178778179704802, "gamma": 0.5542382170307478, "lamda": 0.28010620430167643}, "datetime": {"datetime": "2021-06-28 14:01:09", "elapsed": 170.408289, "delta": 0.657551}}
{"target": -21.43195780676923, "params": {"C": 4.027043175549387, "epsilon": 0.6556566448791116, "gamma": 1.1103514552302336, "lamda": 0.10858843177372132}, "datetime": {"datetime": "2021-06-28 14:01:09", "elapsed": 171.086098, "delta": 0.677809}}
{"target": -17.098047998337464, "params": {"C": 3.275576771552614, "epsilon": 1.7355576376392823, "gamma": 0.5925197365849642, "lamda": 0.3259878287150825}, "datetime": {"datetime": "2021-06-28 14:01:10", "elapsed": 171.832066, "delta": 0.745968}}
{"target": -32.593910293252385, "params": {"C": 1.963935262300858, "epsilon": 7.628523564253152, "gamma": 7.946376671685957, "lamda": 0.26254633836308644}, "datetime": {"datetime": "2021-06-28 14:01:11", "elapsed": 172.573299, "delta": 0.741233}}
{"target": -18.434759731431267, "params": {"C": 2.1072647962247646, "epsilon": 8.788230284757393, "gamma": 0.727399605680853, "lamda": 0.1726990962338195}, "datetime": {"datetime": "2021-06-28 14:01:11", "elapsed": 173.316858, "delta": 0.743559}}
{"target": -15.750494749047556, "params": {"C": 4.190700363214954, "epsilon": 8.278505294614625, "gamma": 0.5186228493626663, "lamda": 0.2667454813502185}, "datetime": {"datetime": "2021-06-28 14:01:12", "elapsed": 174.107121, "delta": 0.790263}}
{"target": -21.597771415013565, "params": {"C": 5.39182054776806, "epsilon": 1.1331645145211338, "gamma": 1.2017906608151339, "lamda": 0.2662590696656685}, "datetime": {"datetime": "2021-06-28 14:01:13", "elapsed": 174.942435, "delta": 0.835314}}
{"target": -16.32785604366784, "params": {"C": 4.3455423012297345, "epsilon": 7.25790858417384, "gamma": 0.5790156368957569, "lamda": 0.18228296634161573}, "datetime": {"datetime": "2021-06-28 14:01:14", "elapsed": 175.684226, "delta": 0.741791}}
{"target": -27.806619959365293, "params": {"C": 4.787122874968094, "epsilon": 7.3486008891229675, "gamma": 3.337436290167198, "lamda": 0.1816255387919166}, "datetime": {"datetime": "2021-06-28 14:01:15", "elapsed": 176.598108, "delta": 0.913882}}
{"target": -32.479249592168365, "params": {"C": 4.05366413999132, "epsilon": 6.129882642603859, "gamma": 7.7404068129211865, "lamda": 0.1877084871415981}, "datetime": {"datetime": "2021-06-28 14:01:16", "elapsed": 177.458833, "delta": 0.860725}}
{"target": -31.28411670913262, "params": {"C": 4.3004608833637015, "epsilon": 2.012597126127254, "gamma": 5.2672708863437, "lamda": 0.4644067721703793}, "datetime": {"datetime": "2021-06-28 14:01:16", "elapsed": 178.221236, "delta": 0.762403}}
{"target": -33.50582904009302, "params": {"C": 5.482094263571023, "epsilon": 3.780083275332716, "gamma": 9.83901236057966, "lamda": 0.015568090490516735}, "datetime": {"datetime": "2021-06-28 14:01:17", "elapsed": 178.980307, "delta": 0.759071}}
{"target": -32.01587355034116, "params": {"C": 5.7160386641983125, "epsilon": 2.056069077068894, "gamma": 6.374619462785365, "lamda": 0.041680141296806174}, "datetime": {"datetime": "2021-06-28 14:01:18", "elapsed": 179.794092, "delta": 0.813785}}
{"target": -16.06973437432063, "params": {"C": 4.949079612647182, "epsilon": 7.793125224697363, "gamma": 0.553406138393698, "lamda": 0.16556677496316405}, "datetime": {"datetime": "2021-06-28 14:01:19", "elapsed": 180.7754, "delta": 0.981308}}
{"target": -17.954572778725918, "params": {"C": 4.114257189700756, "epsilon": 8.306538593861713, "gamma": 0.7426762943913514, "lamda": 0.009518326749238706}, "datetime": {"datetime": "2021-06-28 14:01:20", "elapsed": 181.510397, "delta": 0.734997}}
{"target": -16.72830318746281, "params": {"C": 3.2161223762941487, "epsilon": 1.609003723341356, "gamma": 0.549443333990313, "lamda": 0.37870100970633125}, "datetime": {"datetime": "2021-06-28 14:01:21", "elapsed": 182.463854, "delta": 0.953457}}
{"target": -34.17447658149636, "params": {"C": 3.980860718469345, "epsilon": 8.071347249026436, "gamma": 0.5519774870900578, "lamda": 0.3045054119550279}, "datetime": {"datetime": "2021-06-28 14:01:31", "elapsed": 192.97402, "delta": 10.510166}}
{"target": -16.265578158361148, "params": {"C": 4.708239806436575, "epsilon": 7.522952339546905, "gamma": 0.5726529130722663, "lamda": 0.15781144639766154}, "datetime": {"datetime": "2021-06-28 14:01:32", "elapsed": 193.851476, "delta": 0.877456}}
{"target": -18.220326930216714, "params": {"C": 2.15459379396295, "epsilon": 9.111871358453767, "gamma": 0.7068483246469027, "lamda": 0.2197259204831138}, "datetime": {"datetime": "2021-06-28 14:01:33", "elapsed": 194.670387, "delta": 0.818911}}
{"target": -32.951711799602236, "params": {"C": 2.3349490789083043, "epsilon": 1.785759496846338, "gamma": 6.685646391028306, "lamda": 0.18225019710175516}, "datetime": {"datetime": "2021-06-28 14:01:34", "elapsed": 195.548829, "delta": 0.878442}}
{"target": -18.24815829008598, "params": {"C": 4.410874810295212, "epsilon": 7.280875660311586, "gamma": 0.7628698848961872, "lamda": 0.21511085046079853}, "datetime": {"datetime": "2021-06-28 14:01:35", "elapsed": 196.430712, "delta": 0.881883}}
{"target": -30.5614086219919, "params": {"C": 6.193616565467912, "epsilon": 6.966020119014221, "gamma": 5.357884014729436, "lamda": 0.22920359172033317}, "datetime": {"datetime": "2021-06-28 14:01:35", "elapsed": 197.184087, "delta": 0.753375}}
{"target": -20.041793850692244, "params": {"C": 4.069418783670912, "epsilon": 8.185924475156089, "gamma": 0.9780038105034747, "lamda": 0.0071405777959406246}, "datetime": {"datetime": "2021-06-28 14:01:36", "elapsed": 198.04067, "delta": 0.856583}}
{"target": -17.23894800865572, "params": {"C": 3.9851641778956437, "epsilon": 8.103149889402676, "gamma": 0.6708828012862428, "lamda": 0.16540989870011205}, "datetime": {"datetime": "2021-06-28 14:01:37", "elapsed": 198.952697, "delta": 0.912027}}
{"target": -16.872586746178442, "params": {"C": 3.24260539723557, "epsilon": 1.6910098855655629, "gamma": 0.5666647580081678, "lamda": 0.385721123668157}, "datetime": {"datetime": "2021-06-28 14:01:38", "elapsed": 199.869421, "delta": 0.916724}}
{"target": -17.930292686092084, "params": {"C": 2.273985963624623, "epsilon": 8.778028004107268, "gamma": 0.6767550381106875, "lamda": 0.3001377510052423}, "datetime": {"datetime": "2021-06-28 14:01:39", "elapsed": 200.694692, "delta": 0.825271}}
{"target": -30.882255506724434, "params": {"C": 7.580667817839344, "epsilon": 4.311694509436266, "gamma": 5.522514242133, "lamda": 0.3653448651375866}, "datetime": {"datetime": "2021-06-28 14:01:40", "elapsed": 201.508706, "delta": 0.814014}}
{"target": -16.394914637127243, "params": {"C": 4.032684545950904, "epsilon": 8.354076050520925, "gamma": 0.5901251632464266, "lamda": 0.030819494806497996}, "datetime": {"datetime": "2021-06-28 14:01:41", "elapsed": 202.51323, "delta": 1.004524}}
{"target": -36.74945397532976, "params": {"C": 3.921465106437701, "epsilon": 8.361795950293164, "gamma": 0.5506696529093116, "lamda": 0.35670569416002657}, "datetime": {"datetime": "2021-06-28 14:01:48", "elapsed": 210.194764, "delta": 7.681534}}
{"target": -20.54890473836232, "params": {"C": 7.734812540684419, "epsilon": 5.319597325372274, "gamma": 1.1194143177477627, "lamda": 0.48180819425129273}, "datetime": {"datetime": "2021-06-28 14:01:49", "elapsed": 211.068107, "delta": 0.873343}}
{"target": -32.439074907738316, "params": {"C": 5.406687212347675, "epsilon": 7.107888855246894, "gamma": 7.735004848964255, "lamda": 0.4004594793130303}, "datetime": {"datetime": "2021-06-28 14:01:56", "elapsed": 218.266521, "delta": 7.198414}}
{"target": -17.5518652885123, "params": {"C": 4.198183997855031, "epsilon": 8.165635175703336, "gamma": 0.7063523971456076, "lamda": 0.052834579911581664}, "datetime": {"datetime": "2021-06-28 14:01:57", "elapsed": 219.048323, "delta": 0.781802}}
{"target": -18.685953136410934, "params": {"C": 3.2902256714911746, "epsilon": 1.646002173951573, "gamma": 0.7477141979386501, "lamda": 0.38211397198099556}, "datetime": {"datetime": "2021-06-28 14:01:58", "elapsed": 219.896595, "delta": 0.848272}}
{"target": -26.8942572100044, "params": {"C": 8.431544773903692, "epsilon": 7.569974644883866, "gamma": 3.0346273549952567, "lamda": 0.48761706764315943}, "datetime": {"datetime": "2021-06-28 14:01:59", "elapsed": 220.753594, "delta": 0.856999}}
{"target": -16.20463423176959, "params": {"C": 3.696425552708868, "epsilon": 8.119180706613363, "gamma": 0.5598790234805988, "lamda": 0.3456680300061905}, "datetime": {"datetime": "2021-06-28 14:02:00", "elapsed": 221.682053, "delta": 0.928459}}
{"target": -16.595035225983924, "params": {"C": 4.529063429013504, "epsilon": 7.4496128956581975, "gamma": 0.6097831309304751, "lamda": 0.07176149958915183}, "datetime": {"datetime": "2021-06-28 14:02:01", "elapsed": 222.573393, "delta": 0.89134}}
{"target": -18.91996002675617, "params": {"C": 2.1150905432573603, "epsilon": 9.080935638167011, "gamma": 0.7870534592805216, "lamda": 0.3423429596288394}, "datetime": {"datetime": "2021-06-28 14:02:02", "elapsed": 223.388841, "delta": 0.815448}}
{"target": -16.31575743537292, "params": {"C": 3.239227951840267, "epsilon": 1.6914971687321745, "gamma": 0.5036314821823353, "lamda": 0.29250502695656116}, "datetime": {"datetime": "2021-06-28 14:02:02", "elapsed": 224.212785, "delta": 0.823944}}
{"target": -28.447485337737177, "params": {"C": 6.585533514215668, "epsilon": 6.9508788010011315, "gamma": 3.7832084968559405, "lamda": 0.4310813088926265}, "datetime": {"datetime": "2021-06-28 14:02:04", "elapsed": 225.372953, "delta": 1.160168}}
{"target": -17.399241199641818, "params": {"C": 6.9080100249547804, "epsilon": 8.472394097073952, "gamma": 0.6923358340992828, "lamda": 0.31249707213661904}, "datetime": {"datetime": "2021-06-28 14:02:05", "elapsed": 226.380957, "delta": 1.008004}}
{"target": -18.539394579237655, "params": {"C": 2.9993890305684427, "epsilon": 1.6814573095937941, "gamma": 0.715809868904614, "lamda": 0.32664227135470464}, "datetime": {"datetime": "2021-06-28 14:02:05", "elapsed": 227.240092, "delta": 0.859135}}
{"target": -19.647287935231358, "params": {"C": 3.7117327430414067, "epsilon": 4.294626861926441, "gamma": 0.8877431745627558, "lamda": 0.11176502845903977}, "datetime": {"datetime": "2021-06-28 14:02:06", "elapsed": 228.06223, "delta": 0.822138}}
{"target": -31.863569215046944, "params": {"C": 8.490416893329241, "epsilon": 6.563717545539356, "gamma": 7.0230727399028865, "lamda": 0.3186250309633053}, "datetime": {"datetime": "2021-06-28 14:02:07", "elapsed": 229.185755, "delta": 1.123525}}
