{"target": -13.180400302367069, "params": {"C": 4.136418590595192, "epsilon": 3.1750332477527445, "gamma": 0.20315865846294923, "lamda": 0.044510231741924054}, "datetime": {"datetime": "2021-06-21 19:45:27", "elapsed": 315.027118, "delta": 1.380309}}
{"target": -11.655558652807912, "params": {"C": 4.551889568262961, "epsilon": 2.94663671816617, "gamma": 0.1, "lamda": 0.1965945267763108}, "datetime": {"datetime": "2021-06-21 19:45:29", "elapsed": 316.499182, "delta": 1.472064}}
{"target": -14.891737164500988, "params": {"C": 5.491194759130203, "epsilon": 3.080195239325298, "gamma": 0.40798234715037307, "lamda": 0.4325389875278827}, "datetime": {"datetime": "2021-06-21 19:45:30", "elapsed": 317.891459, "delta": 1.392277}}
{"target": -11.71396885668958, "params": {"C": 4.393937647155789, "epsilon": 2.868164122023706, "gamma": 0.1, "lamda": 0.631152687389522}, "datetime": {"datetime": "2021-06-21 19:45:31", "elapsed": 319.212927, "delta": 1.321468}}
{"target": -13.071827130503957, "params": {"C": 8.16088055472002, "epsilon": 1.6526878690341265, "gamma": 0.18453679244466042, "lamda": 0.1938904773397014}, "datetime": {"datetime": "2021-06-21 19:45:32", "elapsed": 320.059662, "delta": 0.846735}}
{"target": -13.880753621697629, "params": {"C": 3.9041239791431868, "epsilon": 2.882677459151372, "gamma": 0.2566259930135475, "lamda": 0.6374235128468223}, "datetime": {"datetime": "2021-06-21 19:45:34", "elapsed": 321.348216, "delta": 1.288554}}
{"target": -14.46495445824938, "params": {"C": 7.638910073541559, "epsilon": 0.756612553897175, "gamma": 0.37683480302706496, "lamda": 0.051461932800334315}, "datetime": {"datetime": "2021-06-21 19:45:34", "elapsed": 322.139102, "delta": 0.790886}}
{"target": -13.430075719868201, "params": {"C": 4.249003343675965, "epsilon": 2.531057177660576, "gamma": 0.22406861492809366, "lamda": 0.24062517102080652}, "datetime": {"datetime": "2021-06-21 19:45:36", "elapsed": 324.050988, "delta": 1.911886}}
{"target": -11.820410726396418, "params": {"C": 3.753868655123886, "epsilon": 2.9212338299812184, "gamma": 0.1, "lamda": 0.1905188279036337}, "datetime": {"datetime": "2021-06-21 19:45:38", "elapsed": 325.687612, "delta": 1.636624}}
{"target": -11.860230300595855, "params": {"C": 3.7700746330830492, "epsilon": 2.417812781987255, "gamma": 0.1, "lamda": 0.32297723795338645}, "datetime": {"datetime": "2021-06-21 19:45:39", "elapsed": 327.15469, "delta": 1.467078}}
{"target": -13.001842051611161, "params": {"C": 8.226286128269782, "epsilon": 6.91050850018734, "gamma": 0.2007682132702907, "lamda": 0.6715099807349592}, "datetime": {"datetime": "2021-06-21 19:45:40", "elapsed": 328.005414, "delta": 0.850724}}
{"target": -15.97956315494983, "params": {"C": 7.042671168004756, "epsilon": 7.584158947224569, "gamma": 0.5556056537061757, "lamda": 0.3457870951037666}, "datetime": {"datetime": "2021-06-21 19:45:41", "elapsed": 328.898027, "delta": 0.892613}}
{"target": -12.544605787657945, "params": {"C": 4.066782607648729, "epsilon": 2.334825413394838, "gamma": 0.15973841201408906, "lamda": 0.6502187577303241}, "datetime": {"datetime": "2021-06-21 19:45:43", "elapsed": 330.438907, "delta": 1.54088}}
{"target": -80.89690669648404, "params": {"C": 4.968785959208714, "epsilon": 6.055591350154679, "gamma": 0.1, "lamda": 0.4995720677852183}, "datetime": {"datetime": "2021-06-21 19:45:50", "elapsed": 337.694505, "delta": 7.255598}}
{"target": -16.117399006437047, "params": {"C": 3.7878977372438123, "epsilon": 2.3748553311550373, "gamma": 0.5028944764291795, "lamda": 0.44814613713254964}, "datetime": {"datetime": "2021-06-21 19:45:51", "elapsed": 338.900281, "delta": 1.205776}}
{"target": -11.803314997747313, "params": {"C": 5.683319962540313, "epsilon": 5.985359320054543, "gamma": 0.1271855362788041, "lamda": 0.14154603763640766}, "datetime": {"datetime": "2021-06-21 19:45:53", "elapsed": 340.904921, "delta": 2.00464}}
{"target": -13.537478864351604, "params": {"C": 3.464047615130789, "epsilon": 3.1525350421109115, "gamma": 0.22657526702187392, "lamda": 0.4017116826191079}, "datetime": {"datetime": "2021-06-21 19:45:55", "elapsed": 342.439816, "delta": 1.534895}}
{"target": -14.315239925896003, "params": {"C": 5.240197983779265, "epsilon": 5.783187988094429, "gamma": 0.3390174134112846, "lamda": 0.027905448390658352}, "datetime": {"datetime": "2021-06-21 19:45:56", "elapsed": 343.787214, "delta": 1.347398}}
{"target": -18.348238046776636, "params": {"C": 1.394920229863932, "epsilon": 4.416748313545925, "gamma": 0.5472591123061539, "lamda": 0.28474696900519114}, "datetime": {"datetime": "2021-06-21 19:45:57", "elapsed": 344.58109, "delta": 0.793876}}
{"target": -14.172508502063486, "params": {"C": 9.24546642713485, "epsilon": 1.6972117397224615, "gamma": 0.35859613365771403, "lamda": 0.3623704099766345}, "datetime": {"datetime": "2021-06-21 19:45:58", "elapsed": 345.418849, "delta": 0.837759}}
{"target": -12.643485071732878, "params": {"C": 1.9128485557759167, "epsilon": 0.20115468296412506, "gamma": 0.1, "lamda": 0.016297871755000578}, "datetime": {"datetime": "2021-06-21 19:45:59", "elapsed": 346.80315, "delta": 1.384301}}
{"target": -11.51284814823855, "params": {"C": 5.858331437537186, "epsilon": 3.6457647160440048, "gamma": 0.1, "lamda": 0.12696884266411085}, "datetime": {"datetime": "2021-06-21 19:46:01", "elapsed": 348.3181, "delta": 1.51495}}
{"target": -12.077279294692126, "params": {"C": 4.950671505429969, "epsilon": 3.65324964316533, "gamma": 0.13663194907340956, "lamda": 0.41923682569101883}, "datetime": {"datetime": "2021-06-21 19:46:01", "elapsed": 349.148876, "delta": 0.830776}}
{"target": -11.960517550162605, "params": {"C": 5.989520438227442, "epsilon": 3.2997616701406254, "gamma": 0.12633621407075005, "lamda": 0.38755944801495074}, "datetime": {"datetime": "2021-06-21 19:46:03", "elapsed": 350.699728, "delta": 1.550852}}
{"target": -14.79446929159494, "params": {"C": 6.191613925628779, "epsilon": 3.5515181271098206, "gamma": 0.4148220956346914, "lamda": 0.25491461246803493}, "datetime": {"datetime": "2021-06-21 19:46:04", "elapsed": 352.07206, "delta": 1.372332}}
{"target": -12.087574611864655, "params": {"C": 4.765405974218002, "epsilon": 2.7583891988698985, "gamma": 0.13356202613215165, "lamda": 0.5412995593133527}, "datetime": {"datetime": "2021-06-21 19:46:06", "elapsed": 353.546117, "delta": 1.474057}}
{"target": -85.88463926659364, "params": {"C": 3.66912399713138, "epsilon": 2.010214702013739, "gamma": 0.1, "lamda": 0.6182351212551697}, "datetime": {"datetime": "2021-06-21 19:46:10", "elapsed": 358.288437, "delta": 4.74232}}
{"target": -17.297680517074387, "params": {"C": 3.8624771294000464, "epsilon": 0.28364888068485933, "gamma": 0.6178424798905492, "lamda": 0.29645494729736205}, "datetime": {"datetime": "2021-06-21 19:46:11", "elapsed": 359.105254, "delta": 0.816817}}
{"target": -13.64873164947448, "params": {"C": 4.33622444090851, "epsilon": 1.9280027739232537, "gamma": 0.23776446330135373, "lamda": 0.0593026401154268}, "datetime": {"datetime": "2021-06-21 19:46:13", "elapsed": 360.662091, "delta": 1.556837}}
{"target": -15.168539793431659, "params": {"C": 3.9243867751713974, "epsilon": 2.2444403244085582, "gamma": 0.39584950544306363, "lamda": 0.07504926571470039}, "datetime": {"datetime": "2021-06-21 19:46:15", "elapsed": 362.344592, "delta": 1.682501}}
{"target": -13.000627507869748, "params": {"C": 6.906600158272246, "epsilon": 3.8884455919150507, "gamma": 0.19135257581108728, "lamda": 0.3748854795492841}, "datetime": {"datetime": "2021-06-21 19:46:15", "elapsed": 363.154424, "delta": 0.809832}}
{"target": -15.445016820797763, "params": {"C": 4.3644405489287585, "epsilon": 2.560561564795934, "gamma": 0.4417463702200862, "lamda": 0.6501218948470844}, "datetime": {"datetime": "2021-06-21 19:46:17", "elapsed": 364.474894, "delta": 1.32047}}
{"target": -14.184672561123135, "params": {"C": 8.557728718520067, "epsilon": 1.3627720104483056, "gamma": 0.3520763256327787, "lamda": 0.11407955667275738}, "datetime": {"datetime": "2021-06-21 19:46:18", "elapsed": 365.323624, "delta": 0.84873}}
{"target": -12.947296685864545, "params": {"C": 8.027830500162784, "epsilon": 1.2174787297090888, "gamma": 0.16884535303965303, "lamda": 0.6286257856628423}, "datetime": {"datetime": "2021-06-21 19:46:18", "elapsed": 366.248153, "delta": 0.924529}}
{"target": -14.047416767013718, "params": {"C": 4.070985182324381, "epsilon": 1.5836683259010507, "gamma": 0.2629639862944606, "lamda": 0.06761292564579513}, "datetime": {"datetime": "2021-06-21 19:46:20", "elapsed": 368.055321, "delta": 1.807168}}
{"target": -16.16852207069041, "params": {"C": 8.695988212466819, "epsilon": 8.38015424219299, "gamma": 0.575381561334924, "lamda": 0.20397404632427105}, "datetime": {"datetime": "2021-06-21 19:46:21", "elapsed": 368.921004, "delta": 0.865683}}
{"target": -15.285888792175614, "params": {"C": 3.6023683651704212, "epsilon": 2.7168327517467437, "gamma": 0.405711009501143, "lamda": 0.19724194347274426}, "datetime": {"datetime": "2021-06-21 19:46:22", "elapsed": 370.181636, "delta": 1.260632}}
{"target": -14.239862737618475, "params": {"C": 8.966262957196276, "epsilon": 9.424823976413213, "gamma": 0.39328366962321326, "lamda": 0.01517088260301672}, "datetime": {"datetime": "2021-06-21 19:46:23", "elapsed": 371.010419, "delta": 0.828783}}
{"target": -14.278360615270195, "params": {"C": 5.410023341305841, "epsilon": 1.3049704693679152, "gamma": 0.31222069967825306, "lamda": 0.504988466471696}, "datetime": {"datetime": "2021-06-21 19:46:25", "elapsed": 372.424637, "delta": 1.414218}}
{"target": -11.531379753152878, "params": {"C": 6.150179978184472, "epsilon": 3.7455561458251645, "gamma": 0.1, "lamda": 0.5938241977156223}, "datetime": {"datetime": "2021-06-21 19:46:26", "elapsed": 373.799957, "delta": 1.37532}}
{"target": -14.583957342821746, "params": {"C": 6.5022946874770176, "epsilon": 3.920305683079894, "gamma": 0.39703327651773845, "lamda": 0.6669398317985169}, "datetime": {"datetime": "2021-06-21 19:46:28", "elapsed": 375.587179, "delta": 1.787222}}
{"target": -12.928731015054208, "params": {"C": 5.451473335584895, "epsilon": 4.370388779549846, "gamma": 0.19462598688943528, "lamda": 0.47771598040557406}, "datetime": {"datetime": "2021-06-21 19:46:29", "elapsed": 376.621413, "delta": 1.034234}}
{"target": -12.629572316756308, "params": {"C": 6.536197279195606, "epsilon": 3.424641995860929, "gamma": 0.15828015025242193, "lamda": 0.560492480973066}, "datetime": {"datetime": "2021-06-21 19:46:30", "elapsed": 377.948863, "delta": 1.32745}}
{"target": -12.146049218818952, "params": {"C": 4.3938422531331325, "epsilon": 5.101825385359321, "gamma": 0.14578645447506827, "lamda": 0.3559891108804611}, "datetime": {"datetime": "2021-06-21 19:46:31", "elapsed": 378.832501, "delta": 0.883638}}
{"target": -15.54025564707847, "params": {"C": 4.269639377827899, "epsilon": 5.530147981470016, "gamma": 0.469824454473434, "lamda": 0.6603398929007942}, "datetime": {"datetime": "2021-06-21 19:46:32", "elapsed": 379.913609, "delta": 1.081108}}
{"target": -17.435650504739684, "params": {"C": 7.960535963906849, "epsilon": 1.4176258467791305, "gamma": 0.6683764062471428, "lamda": 0.5629019900417328}, "datetime": {"datetime": "2021-06-21 19:46:33", "elapsed": 380.77032, "delta": 0.856711}}
{"target": -16.590349683066783, "params": {"C": 7.853141204503525, "epsilon": 2.3907808874912613, "gamma": 0.5907987999487276, "lamda": 0.12678635927858603}, "datetime": {"datetime": "2021-06-21 19:46:34", "elapsed": 381.70083, "delta": 0.93051}}
{"target": -14.089377569258712, "params": {"C": 8.735833527550124, "epsilon": 3.898371652197896, "gamma": 0.35182056731696876, "lamda": 0.6040668337684775}, "datetime": {"datetime": "2021-06-21 19:46:35", "elapsed": 382.649294, "delta": 0.948464}}
{"target": -14.28827104751749, "params": {"C": 5.9626774863314145, "epsilon": 8.559085852880346, "gamma": 0.37222992914596964, "lamda": 0.08538150078898551}, "datetime": {"datetime": "2021-06-21 19:46:36", "elapsed": 383.633663, "delta": 0.984369}}
{"target": -13.429669591829075, "params": {"C": 6.34739531190287, "epsilon": 4.052938284857257, "gamma": 0.23286923113882635, "lamda": 0.12888226844004447}, "datetime": {"datetime": "2021-06-21 19:46:38", "elapsed": 385.623342, "delta": 1.989679}}
{"target": -14.286396192287093, "params": {"C": 4.829761607410909, "epsilon": 6.193285070940329, "gamma": 0.3307064248831675, "lamda": 0.1034730224507178}, "datetime": {"datetime": "2021-06-21 19:46:39", "elapsed": 386.666552, "delta": 1.04321}}
{"target": -13.066300698947467, "params": {"C": 6.010277986013832, "epsilon": 1.302260764682919, "gamma": 0.18928696441607698, "lamda": 0.1930695724116187}, "datetime": {"datetime": "2021-06-21 19:46:41", "elapsed": 388.455768, "delta": 1.789216}}
{"target": -11.922975752572308, "params": {"C": 4.506938019447542, "epsilon": 2.1759336024906073, "gamma": 0.1168928414885979, "lamda": 0.39066880745600363}, "datetime": {"datetime": "2021-06-21 19:46:42", "elapsed": 389.891928, "delta": 1.43616}}
{"target": -11.489437551754126, "params": {"C": 6.5839425428978595, "epsilon": 3.594675629513898, "gamma": 0.1, "lamda": 0.08110772128325519}, "datetime": {"datetime": "2021-06-21 19:46:44", "elapsed": 391.913522, "delta": 2.021594}}
{"target": -17.40769475972436, "params": {"C": 4.676549475137175, "epsilon": 5.713862872384846, "gamma": 0.6754573506253709, "lamda": 0.07285683763357591}, "datetime": {"datetime": "2021-06-21 19:46:45", "elapsed": 392.873953, "delta": 0.960431}}
{"target": -15.893546563352867, "params": {"C": 6.6922849300135905, "epsilon": 3.806175887062363, "gamma": 0.5287222918532011, "lamda": 0.009}, "datetime": {"datetime": "2021-06-21 19:46:47", "elapsed": 394.372946, "delta": 1.498993}}
{"target": -13.791508282997498, "params": {"C": 6.151956877766573, "epsilon": 1.308863300829778, "gamma": 0.25426433633581513, "lamda": 0.6800249940150317}, "datetime": {"datetime": "2021-06-21 19:46:48", "elapsed": 395.784172, "delta": 1.411226}}
{"target": -11.76071086915917, "params": {"C": 5.760168598309236, "epsilon": 0.9118946013160336, "gamma": 0.1033400328581942, "lamda": 0.44565735737300416}, "datetime": {"datetime": "2021-06-21 19:46:50", "elapsed": 397.793797, "delta": 2.009625}}
{"target": -11.706956433997147, "params": {"C": 5.55295146684142, "epsilon": 1.0832254845027536, "gamma": 0.1, "lamda": 0.029665133896857824}, "datetime": {"datetime": "2021-06-21 19:46:52", "elapsed": 399.667786, "delta": 1.873989}}
{"target": -16.013331299479493, "params": {"C": 5.675163837609096, "epsilon": 1.0000305198641604, "gamma": 0.5128716913084052, "lamda": 0.20927353820029032}, "datetime": {"datetime": "2021-06-21 19:46:54", "elapsed": 401.977611, "delta": 2.309825}}
{"target": -14.514219017794266, "params": {"C": 8.995029992683241, "epsilon": 3.8380693890819138, "gamma": 0.3993571981160827, "lamda": 0.21756614432793503}, "datetime": {"datetime": "2021-06-21 19:46:55", "elapsed": 403.155462, "delta": 1.177851}}
{"target": -11.971697020933595, "params": {"C": 6.996248855402383, "epsilon": 3.2375641408754277, "gamma": 0.12208993829593105, "lamda": 0.4958481777745021}, "datetime": {"datetime": "2021-06-21 19:46:57", "elapsed": 405.279779, "delta": 2.124317}}
{"target": -12.28548251533133, "params": {"C": 2.9518594542244196, "epsilon": 7.6899832121364815, "gamma": 0.1552726828381905, "lamda": 0.1408936878249691}, "datetime": {"datetime": "2021-06-21 19:46:58", "elapsed": 406.260159, "delta": 0.98038}}
{"target": -15.330384760665371, "params": {"C": 6.712489742535783, "epsilon": 3.266193534806551, "gamma": 0.4666693488951926, "lamda": 0.1661556654627024}, "datetime": {"datetime": "2021-06-21 19:47:00", "elapsed": 407.903764, "delta": 1.643605}}
{"target": -24.05171985023379, "params": {"C": 0.17741920340633247, "epsilon": 5.17004085120886, "gamma": 0.37409196681460444, "lamda": 0.5836845331262593}, "datetime": {"datetime": "2021-06-21 19:47:01", "elapsed": 408.898104, "delta": 0.99434}}
{"target": -11.556388506354057, "params": {"C": 6.593001453523019, "epsilon": 2.923237098301343, "gamma": 0.1, "lamda": 0.43732157611607086}, "datetime": {"datetime": "2021-06-21 19:47:03", "elapsed": 410.47788, "delta": 1.579776}}
{"target": -15.134714370516756, "params": {"C": 6.609696211469015, "epsilon": 3.0817336718358734, "gamma": 0.4478347279005933, "lamda": 0.6586367829892369}, "datetime": {"datetime": "2021-06-21 19:47:04", "elapsed": 412.161379, "delta": 1.683499}}
{"target": -14.7895363812436, "params": {"C": 1.5873564341767175, "epsilon": 7.811439018640575, "gamma": 0.2715042502817273, "lamda": 0.34716971766943366}, "datetime": {"datetime": "2021-06-21 19:47:05", "elapsed": 413.281383, "delta": 1.120004}}
{"target": -13.682356793066774, "params": {"C": 6.342869609750066, "epsilon": 2.9681821175343517, "gamma": 0.2535974330981862, "lamda": 0.0282826582056536}, "datetime": {"datetime": "2021-06-21 19:47:08", "elapsed": 415.368802, "delta": 2.087419}}
{"target": -14.924666194535083, "params": {"C": 0.8786239811223722, "epsilon": 3.3778366055990037, "gamma": 0.15353845571836006, "lamda": 0.4293679532639847}, "datetime": {"datetime": "2021-06-21 19:47:09", "elapsed": 416.413008, "delta": 1.044206}}
{"target": -14.153758531133235, "params": {"C": 6.051298475861475, "epsilon": 2.8594851014858187, "gamma": 0.31734926626301363, "lamda": 0.48001207682534447}, "datetime": {"datetime": "2021-06-21 19:47:10", "elapsed": 418.063596, "delta": 1.650588}}
{"target": -12.048006065069067, "params": {"C": 5.405485683043008, "epsilon": 0.5372803487123007, "gamma": 0.1231359875499613, "lamda": 0.024420268788064296}, "datetime": {"datetime": "2021-06-21 19:47:12", "elapsed": 419.776016, "delta": 1.71242}}
{"target": -14.490359981262152, "params": {"C": 3.09902923149816, "epsilon": 8.240833002192069, "gamma": 0.3317834633642889, "lamda": 0.2679944854031261}, "datetime": {"datetime": "2021-06-21 19:47:13", "elapsed": 420.835185, "delta": 1.059169}}
{"target": -14.036155570216916, "params": {"C": 4.961780872882697, "epsilon": 1.1136033837453714, "gamma": 0.26598636645754614, "lamda": 0.055988689357717884}, "datetime": {"datetime": "2021-06-21 19:47:15", "elapsed": 422.923599, "delta": 2.088414}}
{"target": -13.337457962990928, "params": {"C": 4.397384094108432, "epsilon": 3.0249984712876, "gamma": 0.22026652199076774, "lamda": 0.2374458543041581}, "datetime": {"datetime": "2021-06-21 19:47:16", "elapsed": 423.90697, "delta": 0.983371}}
{"target": -12.470003401372782, "params": {"C": 4.88315776134993, "epsilon": 2.551065983478509, "gamma": 0.15770934911013196, "lamda": 0.01424007826967694}, "datetime": {"datetime": "2021-06-21 19:47:18", "elapsed": 426.044254, "delta": 2.137284}}
{"target": -11.523939141627967, "params": {"C": 6.959660201362841, "epsilon": 2.9048289152141114, "gamma": 0.1, "lamda": 0.11600756959369231}, "datetime": {"datetime": "2021-06-21 19:47:20", "elapsed": 428.180544, "delta": 2.13629}}
{"target": -11.712608296988506, "params": {"C": 5.882390135148344, "epsilon": 0.7158306700244781, "gamma": 0.1, "lamda": 0.009}, "datetime": {"datetime": "2021-06-21 19:47:22", "elapsed": 430.217098, "delta": 2.036554}}
{"target": -16.619701605183067, "params": {"C": 2.3851765529310907, "epsilon": 4.49602271760532, "gamma": 0.49785984260602645, "lamda": 0.6248165654691914}, "datetime": {"datetime": "2021-06-21 19:47:23", "elapsed": 431.183512, "delta": 0.966414}}
{"target": -13.327573683036755, "params": {"C": 8.692467967053066, "epsilon": 4.004923087032651, "gamma": 0.22281496911676257, "lamda": 0.3975985528451019}, "datetime": {"datetime": "2021-06-21 19:47:24", "elapsed": 432.242682, "delta": 1.05917}}
{"target": -14.801594274734864, "params": {"C": 7.865279008331469, "epsilon": 0.1152547929090487, "gamma": 0.4115511974978746, "lamda": 0.04830364433348905}, "datetime": {"datetime": "2021-06-21 19:47:26", "elapsed": 433.344734, "delta": 1.102052}}
{"target": -13.580077848408834, "params": {"C": 7.418431746643486, "epsilon": 3.136588419384277, "gamma": 0.25269211855027496, "lamda": 0.13853052145077033}, "datetime": {"datetime": "2021-06-21 19:47:28", "elapsed": 435.433148, "delta": 2.088414}}
{"target": -14.075111173211683, "params": {"C": 6.78746576070637, "epsilon": 2.562836929399558, "gamma": 0.31860536840326004, "lamda": 0.2713428575042221}, "datetime": {"datetime": "2021-06-21 19:47:29", "elapsed": 437.304144, "delta": 1.870996}}
{"target": -12.383232232212924, "params": {"C": 3.319713004547261, "epsilon": 0.8559509073991192, "gamma": 0.1280545475843964, "lamda": 0.6210638409051922}, "datetime": {"datetime": "2021-06-21 19:47:31", "elapsed": 438.448086, "delta": 1.143942}}
{"target": -77.80731818765301, "params": {"C": 5.574094454443432, "epsilon": 0.47008496470692235, "gamma": 0.10663745591187318, "lamda": 0.5122893863215914}, "datetime": {"datetime": "2021-06-21 19:47:35", "elapsed": 442.688746, "delta": 4.24066}}
{"target": -13.768636186600055, "params": {"C": 5.013549585037964, "epsilon": 4.886240659075019, "gamma": 0.25963803617748354, "lamda": 0.6188810610218849}, "datetime": {"datetime": "2021-06-21 19:47:36", "elapsed": 443.844657, "delta": 1.155911}}
{"target": -12.513208093726163, "params": {"C": 9.349699253930645, "epsilon": 4.9741856985594195, "gamma": 0.13992680653958672, "lamda": 0.22696998319156064}, "datetime": {"datetime": "2021-06-21 19:47:37", "elapsed": 444.921776, "delta": 1.077119}}
{"target": -14.970804590015172, "params": {"C": 5.428420245111268, "epsilon": 5.496647912654616, "gamma": 0.4299849856090564, "lamda": 0.5259742970155078}, "datetime": {"datetime": "2021-06-21 19:47:38", "elapsed": 445.954016, "delta": 1.03224}}
{"target": -15.610064414369921, "params": {"C": 5.190984669659074, "epsilon": 0.651830172993422, "gamma": 0.4676923718856909, "lamda": 0.06674448954807771}, "datetime": {"datetime": "2021-06-21 19:47:40", "elapsed": 447.819027, "delta": 1.865011}}
