{"target": -73.9996561707636, "params": {"C": 1.1476946239044608, "epsilon": 2.477099860794954, "gamma": 0.11628377903702472, "lamda": 1.8039194203745827}, "datetime": {"datetime": "2021-06-28 13:40:30", "elapsed": 959.670356, "delta": 11.376497}}
{"target": -16.63082002402216, "params": {"C": 0.5282982122028153, "epsilon": 8.236487370649437, "gamma": 0.18879759831418944, "lamda": 2.019361265856027}, "datetime": {"datetime": "2021-06-28 13:40:31", "elapsed": 960.519471, "delta": 0.849115}}
{"target": -67.64580910082353, "params": {"C": 2.7545262085801197, "epsilon": 1.785759496846338, "gamma": 0.14069051436576968, "lamda": 1.5448402718489633}, "datetime": {"datetime": "2021-06-28 13:40:43", "elapsed": 971.923319, "delta": 11.403848}}
{"target": -17.516519501271656, "params": {"C": 0.39861773350406754, "epsilon": 8.305660285772326, "gamma": 0.19308722208573814, "lamda": 1.8704317729274216}, "datetime": {"datetime": "2021-06-28 13:40:43", "elapsed": 972.852757, "delta": 0.929438}}
{"target": -68.7545682630973, "params": {"C": 7.4087952387602645, "epsilon": 6.966020119014221, "gamma": 0.11693055605305307, "lamda": 1.685982740642284}, "datetime": {"datetime": "2021-06-28 13:40:55", "elapsed": 983.97701, "delta": 11.124253}}
{"target": -16.394890570183406, "params": {"C": 0.42811926535775413, "epsilon": 8.329866042138413, "gamma": 0.15636633619462686, "lamda": 2.1513825419922252}, "datetime": {"datetime": "2021-06-28 13:40:55", "elapsed": 984.845262, "delta": 0.868252}}
{"target": -16.045761112842747, "params": {"C": 0.3474409527519645, "epsilon": 8.200262928301486, "gamma": 0.09772746176486699, "lamda": 2.0718463691760562}, "datetime": {"datetime": "2021-06-28 13:40:56", "elapsed": 985.623089, "delta": 0.777827}}
{"target": -15.934647161204746, "params": {"C": 0.4079241185162863, "epsilon": 8.178293722375752, "gamma": 0.1287248458081941, "lamda": 2.092052921756088}, "datetime": {"datetime": "2021-06-28 13:40:57", "elapsed": 986.637892, "delta": 1.014803}}
{"target": -17.002265556265304, "params": {"C": 0.411740345290594, "epsilon": 8.143667352511805, "gamma": 0.17574375613697235, "lamda": 2.0823355259526553}, "datetime": {"datetime": "2021-06-28 13:40:58", "elapsed": 987.657745, "delta": 1.019853}}
{"target": -18.22081035315019, "params": {"C": 0.30143057410255225, "epsilon": 8.412514324562517, "gamma": 0.17525591083063394, "lamda": 1.92556344074396}, "datetime": {"datetime": "2021-06-28 13:40:59", "elapsed": 988.584141, "delta": 0.926396}}
{"target": -16.299749470829887, "params": {"C": 0.6288077712688032, "epsilon": 8.166817961988992, "gamma": 0.19578107940386164, "lamda": 1.9669592074643707}, "datetime": {"datetime": "2021-06-28 13:41:00", "elapsed": 989.619094, "delta": 1.034953}}
{"target": -14.426306438343037, "params": {"C": 0.746004442240172, "epsilon": 8.254307017211381, "gamma": 0.14177298887324108, "lamda": 2.1659495743738706}, "datetime": {"datetime": "2021-06-28 13:41:01", "elapsed": 990.662339, "delta": 1.043245}}
{"target": -15.955652237594373, "params": {"C": 0.5608257366003175, "epsilon": 8.087732290912001, "gamma": 0.16804413577184002, "lamda": 2.1868819369880086}, "datetime": {"datetime": "2021-06-28 13:41:02", "elapsed": 991.550206, "delta": 0.887867}}
{"target": -59.822523747663226, "params": {"C": 6.459612410769877, "epsilon": 7.107888855246894, "gamma": 0.1594685078235709, "lamda": 2.2007799979349607}, "datetime": {"datetime": "2021-06-28 13:41:13", "elapsed": 1002.476688, "delta": 10.926482}}
{"target": -55.442755164490656, "params": {"C": 8.91270063582826, "epsilon": 4.156781965623169, "gamma": 0.18206680513995022, "lamda": 2.11532632609985}, "datetime": {"datetime": "2021-06-28 13:41:24", "elapsed": 1013.481134, "delta": 11.004446}}
{"target": -17.712026093116677, "params": {"C": 0.3941397397891801, "epsilon": 8.132253796308124, "gamma": 0.19926826517120727, "lamda": 1.9592953483966429}, "datetime": {"datetime": "2021-06-28 13:41:25", "elapsed": 1014.571504, "delta": 1.09037}}
{"target": -88.78230797461573, "params": {"C": 10.10815194378074, "epsilon": 7.569974644883866, "gamma": 0.07535648951044144, "lamda": 2.462776756442363}, "datetime": {"datetime": "2021-06-28 13:41:42", "elapsed": 1031.844535, "delta": 17.273031}}
{"target": -17.126094295502583, "params": {"C": 0.32462089699444513, "epsilon": 8.250235780409795, "gamma": 0.1386898862787499, "lamda": 2.0655558293367857}, "datetime": {"datetime": "2021-06-28 13:41:44", "elapsed": 1032.962831, "delta": 1.118296}}
{"target": -16.92816774256374, "params": {"C": 0.4633314206852253, "epsilon": 8.18093366170212, "gamma": 0.1819760125251575, "lamda": 1.8817374434597303}, "datetime": {"datetime": "2021-06-28 13:41:45", "elapsed": 1033.994684, "delta": 1.031853}}
{"target": -64.44346534427821, "params": {"C": 0.4525928620882399, "epsilon": 8.190697467762716, "gamma": 0.14919379923999293, "lamda": 2.1686377176223064}, "datetime": {"datetime": "2021-06-28 13:42:01", "elapsed": 1050.32747, "delta": 16.332786}}
{"target": -15.903535346301679, "params": {"C": 0.6085486195001147, "epsilon": 8.170800151187127, "gamma": 0.17611502810621232, "lamda": 2.227077708917125}, "datetime": {"datetime": "2021-06-28 13:42:02", "elapsed": 1051.179735, "delta": 0.852265}}
{"target": -85.82803389634364, "params": {"C": 7.881519805806528, "epsilon": 6.9508788010011315, "gamma": 0.08875215204900105, "lamda": 2.292829585849579}, "datetime": {"datetime": "2021-06-28 13:42:13", "elapsed": 1062.20949, "delta": 11.029755}}
{"target": -17.409241110637055, "params": {"C": 0.32591548832045336, "epsilon": 8.374225569024572, "gamma": 0.1540923134953574, "lamda": 1.707551109089626}, "datetime": {"datetime": "2021-06-28 13:42:14", "elapsed": 1063.21813, "delta": 1.00864}}
{"target": -16.956432494098888, "params": {"C": 0.4709567982085746, "epsilon": 8.169829259348637, "gamma": 0.18778855309218792, "lamda": 1.9135440787490192}, "datetime": {"datetime": "2021-06-28 13:42:15", "elapsed": 1064.089208, "delta": 0.871078}}
{"target": -94.75630651140067, "params": {"C": 4.415182793153037, "epsilon": 4.294626861926441, "gamma": 0.036938562071123, "lamda": 1.3329610073919032}, "datetime": {"datetime": "2021-06-28 13:42:30", "elapsed": 1079.046512, "delta": 14.957304}}
{"target": -17.797759342652668, "params": {"C": 0.38280452976075574, "epsilon": 8.300749727314633, "gamma": 0.19950636209089367, "lamda": 1.9694204794748937}, "datetime": {"datetime": "2021-06-28 13:42:31", "elapsed": 1079.990425, "delta": 0.943913}}
{"target": -14.913936789029975, "params": {"C": 0.7490264947809615, "epsilon": 8.261851188092898, "gamma": 0.16093526101646288, "lamda": 2.2132817479680487}, "datetime": {"datetime": "2021-06-28 13:42:32", "elapsed": 1081.023861, "delta": 1.033436}}
{"target": -101.20856429797487, "params": {"C": 2.676072775210563, "epsilon": 0.3032396113965307, "gamma": 0.04109499114007654, "lamda": 2.0268874069442813}, "datetime": {"datetime": "2021-06-28 13:42:49", "elapsed": 1098.499193, "delta": 17.475332}}
{"target": -15.126211032316364, "params": {"C": 0.7041804261534352, "epsilon": 8.09574087514017, "gamma": 0.16176356933516114, "lamda": 2.0277682641399792}, "datetime": {"datetime": "2021-06-28 13:42:50", "elapsed": 1099.336084, "delta": 0.836891}}
{"target": -65.44911491078021, "params": {"C": 3.409982318804109, "epsilon": 7.3271818736219165, "gamma": 0.1371986054165032, "lamda": 2.0325963021114095}, "datetime": {"datetime": "2021-06-28 13:43:01", "elapsed": 1110.513717, "delta": 11.177633}}
{"target": -16.86405365276685, "params": {"C": 0.4200021453436912, "epsilon": 8.145900805457245, "gamma": 0.17215610691930086, "lamda": 2.0022295608538023}, "datetime": {"datetime": "2021-06-28 13:43:02", "elapsed": 1111.526686, "delta": 1.012969}}
{"target": -17.16058555889494, "params": {"C": 0.4730107567654004, "epsilon": 8.31730106951206, "gamma": 0.19794368413587585, "lamda": 1.7401029059537536}, "datetime": {"datetime": "2021-06-28 13:43:03", "elapsed": 1112.553175, "delta": 1.026489}}
{"target": -16.51927787607503, "params": {"C": 0.41216060265975657, "epsilon": 7.996835169070489, "gamma": 0.1547780779149177, "lamda": 2.077991351823137}, "datetime": {"datetime": "2021-06-28 13:43:04", "elapsed": 1113.692814, "delta": 1.139639}}
{"target": -94.07155972577407, "params": {"C": 7.161118889590386, "epsilon": 4.824362240398231, "gamma": 0.052603326418012866, "lamda": 2.3537897445070217}, "datetime": {"datetime": "2021-06-28 13:43:19", "elapsed": 1128.293608, "delta": 14.600794}}
{"target": -16.74076919871179, "params": {"C": 0.49652804105975923, "epsilon": 8.298830044888856, "gamma": 0.18473781742835219, "lamda": 1.7501197486806657}, "datetime": {"datetime": "2021-06-28 13:43:20", "elapsed": 1129.523966, "delta": 1.230358}}
{"target": -17.938971062769184, "params": {"C": 0.33251251886519556, "epsilon": 8.378484072937617, "gamma": 0.18037392383863635, "lamda": 1.9103577575828175}, "datetime": {"datetime": "2021-06-28 13:43:21", "elapsed": 1130.385076, "delta": 0.86111}}
{"target": -65.78959061391673, "params": {"C": 6.277622577324998, "epsilon": 6.958489342565795, "gamma": 0.14186955671950008, "lamda": 2.2738245289219994}, "datetime": {"datetime": "2021-06-28 13:43:32", "elapsed": 1141.551448, "delta": 11.166372}}
{"target": -98.89570361662166, "params": {"C": 7.864110691145702, "epsilon": 0.8362195350896637, "gamma": 0.05071313376918846, "lamda": 2.3100250723090228}, "datetime": {"datetime": "2021-06-28 13:43:51", "elapsed": 1160.011673, "delta": 18.460225}}
{"target": -59.104476073609824, "params": {"C": 0.6965855797055578, "epsilon": 8.275404685601552, "gamma": 0.17299588328118243, "lamda": 2.112757158855417}, "datetime": {"datetime": "2021-06-28 13:44:09", "elapsed": 1178.16486, "delta": 18.153187}}
{"target": -16.18483653913118, "params": {"C": 0.3609416573715698, "epsilon": 8.274860660242624, "gamma": 0.11647073729113103, "lamda": 2.1016619367732465}, "datetime": {"datetime": "2021-06-28 13:44:10", "elapsed": 1179.191632, "delta": 1.026772}}
{"target": -55.69411544905238, "params": {"C": 2.878319836976506, "epsilon": 5.84566453655459, "gamma": 0.1741450494661041, "lamda": 1.3942630285651645}, "datetime": {"datetime": "2021-06-28 13:44:21", "elapsed": 1190.786182, "delta": 11.59455}}
{"target": -16.109706998155268, "params": {"C": 0.4103329103099441, "epsilon": 8.399670995937738, "gamma": 0.13736837692294127, "lamda": 2.0940832857397798}, "datetime": {"datetime": "2021-06-28 13:44:22", "elapsed": 1191.729731, "delta": 0.943549}}
{"target": -53.34319211678249, "params": {"C": 6.54843579272051, "epsilon": 3.781931076250053, "gamma": 0.19734001014032845, "lamda": 1.0435754703101452}, "datetime": {"datetime": "2021-06-28 13:44:34", "elapsed": 1203.142477, "delta": 11.412746}}
{"target": -69.83089376772342, "params": {"C": 7.028303792498235, "epsilon": 4.074671492750592, "gamma": 0.1343973171867508, "lamda": 1.7430120829399605}, "datetime": {"datetime": "2021-06-28 13:44:46", "elapsed": 1215.162295, "delta": 12.019818}}
{"target": -73.15972884145454, "params": {"C": 9.353953889591175, "epsilon": 1.2463796080636034, "gamma": 0.12886372002042965, "lamda": 1.2295663362745943}, "datetime": {"datetime": "2021-06-28 13:44:58", "elapsed": 1227.008451, "delta": 11.846156}}
{"target": -56.40908896865607, "params": {"C": 10.15579582577485, "epsilon": 8.173404343736948, "gamma": 0.1969504320526493, "lamda": 1.5838146179219614}, "datetime": {"datetime": "2021-06-28 13:45:09", "elapsed": 1238.85, "delta": 11.841549}}
{"target": -52.59531300154157, "params": {"C": 11.010119740997373, "epsilon": 2.519759631171588, "gamma": 0.19325381113473702, "lamda": 1.5680279528183498}, "datetime": {"datetime": "2021-06-28 13:45:22", "elapsed": 1250.912032, "delta": 12.062032}}
{"target": -90.27098182736482, "params": {"C": 4.048459956094634, "epsilon": 6.750750415260428, "gamma": 0.031127442836102158, "lamda": 1.1171735537971839}, "datetime": {"datetime": "2021-06-28 13:45:29", "elapsed": 1258.358749, "delta": 7.446717}}
{"target": -57.7146950926728, "params": {"C": 5.870611691777235, "epsilon": 7.4368244524018685, "gamma": 0.1622317050483931, "lamda": 1.8244418408186311}, "datetime": {"datetime": "2021-06-28 13:45:46", "elapsed": 1275.203295, "delta": 16.844546}}
{"target": -52.436321395731156, "params": {"C": 4.987549719631752, "epsilon": 1.3684699745238398, "gamma": 0.19815296748897568, "lamda": 1.7849682309860644}, "datetime": {"datetime": "2021-06-28 13:45:59", "elapsed": 1287.972493, "delta": 12.769198}}
{"target": -57.09484768597177, "params": {"C": 9.080046291188228, "epsilon": 1.2667549391569017, "gamma": 0.1769636264084591, "lamda": 1.798897297588216}, "datetime": {"datetime": "2021-06-28 13:46:10", "elapsed": 1299.825315, "delta": 11.852822}}
{"target": -74.5175577873573, "params": {"C": 2.4879070668142775, "epsilon": 4.967851417449788, "gamma": 0.11957686812728821, "lamda": 2.0826952013975175}, "datetime": {"datetime": "2021-06-28 13:46:23", "elapsed": 1311.902193, "delta": 12.076878}}
{"target": -53.253952299113, "params": {"C": 5.318535477175702, "epsilon": 1.373900438558486, "gamma": 0.19683370096340827, "lamda": 2.439039026707947}, "datetime": {"datetime": "2021-06-28 13:46:35", "elapsed": 1324.418487, "delta": 12.516294}}
{"target": -74.75334957679553, "params": {"C": 0.8737328895170942, "epsilon": 7.06085425115599, "gamma": 0.1150546304260709, "lamda": 1.1095757860187587}, "datetime": {"datetime": "2021-06-28 13:46:47", "elapsed": 1336.155201, "delta": 11.736714}}
{"target": -96.52770826550234, "params": {"C": 4.970007822106446, "epsilon": 9.89106565173421, "gamma": 0.03515626405007385, "lamda": 1.4118527434221506}, "datetime": {"datetime": "2021-06-28 13:46:58", "elapsed": 1347.757421, "delta": 11.60222}}
{"target": -64.67787938965776, "params": {"C": 9.553317073573794, "epsilon": 0.39772362120173244, "gamma": 0.15169149041801652, "lamda": 2.0194166280017196}, "datetime": {"datetime": "2021-06-28 13:47:10", "elapsed": 1359.417852, "delta": 11.660431}}
{"target": -91.00567123224691, "params": {"C": 4.259743587104797, "epsilon": 5.3454630434984525, "gamma": 0.07780990599745473, "lamda": 2.1025869582377097}, "datetime": {"datetime": "2021-06-28 13:47:29", "elapsed": 1377.933545, "delta": 18.515693}}
{"target": -60.201071617429456, "params": {"C": 3.0716181926385864, "epsilon": 3.246799009136467, "gamma": 0.17047947593975069, "lamda": 2.063362192427997}, "datetime": {"datetime": "2021-06-28 13:47:40", "elapsed": 1389.543137, "delta": 11.609592}}
{"target": -51.45949618139226, "params": {"C": 4.531060183381767, "epsilon": 1.4412088477592577, "gamma": 0.19850798539790981, "lamda": 1.0538347042836207}, "datetime": {"datetime": "2021-06-28 13:47:52", "elapsed": 1401.503886, "delta": 11.960749}}
{"target": -86.28297483173704, "params": {"C": 7.126671394741665, "epsilon": 1.914891894299695, "gamma": 0.0656130607077063, "lamda": 2.2910002607550775}, "datetime": {"datetime": "2021-06-28 13:48:11", "elapsed": 1420.344783, "delta": 18.840897}}
{"target": -51.36947323204446, "params": {"C": 3.5887836655128194, "epsilon": 8.739414918169803, "gamma": 0.19939432615812408, "lamda": 1.8979170659842868}, "datetime": {"datetime": "2021-06-28 13:48:18", "elapsed": 1427.691884, "delta": 7.347101}}
{"target": -90.69450183599874, "params": {"C": 7.294143317483715, "epsilon": 9.067340677585207, "gamma": 0.06881833613055938, "lamda": 1.1735601643760232}, "datetime": {"datetime": "2021-06-28 13:48:30", "elapsed": 1439.150528, "delta": 11.458644}}
{"target": -92.86244652760259, "params": {"C": 2.4872851378844243, "epsilon": 4.237415001690758, "gamma": 0.06760346665829889, "lamda": 1.6770275016777445}, "datetime": {"datetime": "2021-06-28 13:48:49", "elapsed": 1458.096093, "delta": 18.945565}}
{"target": -58.46497912392369, "params": {"C": 4.810122168232623, "epsilon": 4.700446383376078, "gamma": 0.16311186303914818, "lamda": 1.342634517769027}, "datetime": {"datetime": "2021-06-28 13:49:03", "elapsed": 1472.000341, "delta": 13.904248}}
{"target": -71.69881557340366, "params": {"C": 1.715394500242714, "epsilon": 1.3885408988042813, "gamma": 0.12035669164110334, "lamda": 1.0711253242937862}, "datetime": {"datetime": "2021-06-28 13:49:15", "elapsed": 1483.913892, "delta": 11.913551}}
{"target": -59.28598239700836, "params": {"C": 0.9557091431875282, "epsilon": 5.11270346906512, "gamma": 0.14573644835812044, "lamda": 1.8692450371644054}, "datetime": {"datetime": "2021-06-28 13:49:27", "elapsed": 1495.975976, "delta": 12.062084}}
{"target": -101.16830915252366, "params": {"C": 5.990096674592731, "epsilon": 4.937400969282965, "gamma": 0.04454930714277873, "lamda": 2.313182240197815}, "datetime": {"datetime": "2021-06-28 13:49:44", "elapsed": 1513.446577, "delta": 17.470601}}
{"target": -69.73608924988831, "params": {"C": 7.938224761506047, "epsilon": 9.021491076250681, "gamma": 0.1282307972919716, "lamda": 1.6680931559097685}, "datetime": {"datetime": "2021-06-28 13:49:51", "elapsed": 1520.694448, "delta": 7.247871}}
{"target": -12.875377154583866, "params": {"C": 1.5373355289964519, "epsilon": 8.14169068414144, "gamma": 0.15372703415761457, "lamda": 1.0116702246839269}, "datetime": {"datetime": "2021-06-28 13:49:52", "elapsed": 1521.770836, "delta": 1.076388}}
{"target": -53.41826100409068, "params": {"C": 2.9439809819868166, "epsilon": 1.1925698055416796, "gamma": 0.19202391360377907, "lamda": 1.3425094991085298}, "datetime": {"datetime": "2021-06-28 13:50:04", "elapsed": 1533.100575, "delta": 11.329739}}
{"target": -61.46556380573674, "params": {"C": 3.771947273300039, "epsilon": 5.36525566208782, "gamma": 0.1581454434191274, "lamda": 1.6409612012319208}, "datetime": {"datetime": "2021-06-28 13:50:16", "elapsed": 1545.106797, "delta": 12.006222}}
{"target": -90.9000567603373, "params": {"C": 10.931127410095463, "epsilon": 7.875507768341568, "gamma": 0.08295160714458026, "lamda": 1.2964812609245653}, "datetime": {"datetime": "2021-06-28 13:50:33", "elapsed": 1562.741487, "delta": 17.63469}}
{"target": -57.760476527867674, "params": {"C": 11.208168451207888, "epsilon": 3.0537212700185026, "gamma": 0.17522837212723932, "lamda": 2.313788627482254}, "datetime": {"datetime": "2021-06-28 13:50:45", "elapsed": 1574.373694, "delta": 11.632207}}
{"target": -56.77892416365184, "params": {"C": 7.385262593515435, "epsilon": 6.115835367715558, "gamma": 0.162983787309976, "lamda": 2.47950056222259}, "datetime": {"datetime": "2021-06-28 13:50:57", "elapsed": 1586.578895, "delta": 12.205201}}
{"target": -60.1754947386947, "params": {"C": 1.043005681015323, "epsilon": 0.4365857559201526, "gamma": 0.1576914425844675, "lamda": 1.7867201303968816}, "datetime": {"datetime": "2021-06-28 13:51:09", "elapsed": 1598.408314, "delta": 11.829419}}
{"target": -75.65104342393401, "params": {"C": 8.71673320914409, "epsilon": 2.9362740474882894, "gamma": 0.09574165894606664, "lamda": 2.322285855329795}, "datetime": {"datetime": "2021-06-28 13:51:21", "elapsed": 1610.203244, "delta": 11.79493}}
{"target": -91.6276778970033, "params": {"C": 1.2023883015746837, "epsilon": 1.8377251956437248, "gamma": 0.06162398523305324, "lamda": 1.5527831901075062}, "datetime": {"datetime": "2021-06-28 13:51:40", "elapsed": 1629.53836, "delta": 19.335116}}
{"target": -101.89433245465813, "params": {"C": 10.154957835451347, "epsilon": 0.6083280007705179, "gamma": 0.03311658634275723, "lamda": 2.4489235589667286}, "datetime": {"datetime": "2021-06-28 13:52:00", "elapsed": 1648.988049, "delta": 19.449689}}
{"target": -59.251762265553985, "params": {"C": 9.75706051156348, "epsilon": 3.239339365099442, "gamma": 0.1673473708987298, "lamda": 2.4199685433118763}, "datetime": {"datetime": "2021-06-28 13:52:11", "elapsed": 1660.586752, "delta": 11.598703}}
{"target": -86.30775258196141, "params": {"C": 3.0312884741234076, "epsilon": 0.8188208995999038, "gamma": 0.07645923578968948, "lamda": 1.1732307473320314}, "datetime": {"datetime": "2021-06-28 13:52:30", "elapsed": 1679.559649, "delta": 18.972897}}
{"target": -15.659876179371683, "params": {"C": 4.345113445614968, "epsilon": 7.287147586388933, "gamma": 0.5010865607647764, "lamda": 0.15186395374328804}, "datetime": {"datetime": "2021-06-28 13:58:18", "elapsed": 0.0, "delta": 0.0}}
{"target": -27.671491901774274, "params": {"C": 1.7235321409259965, "epsilon": 1.1956843692573387, "gamma": 2.269472008087874, "lamda": 0.1734348027944808}, "datetime": {"datetime": "2021-06-28 13:58:19", "elapsed": 0.388136, "delta": 0.388136}}
{"target": -29.944634018420203, "params": {"C": 4.1486445000374985, "epsilon": 5.526522319832562, "gamma": 4.482347886831301, "lamda": 0.342924530697983}, "datetime": {"datetime": "2021-06-28 13:58:19", "elapsed": 0.730784, "delta": 0.342648}}
{"target": -18.608049381252115, "params": {"C": 2.283186822395719, "epsilon": 8.817739132992171, "gamma": 0.7601821353802986, "lamda": 0.3355632875790227}, "datetime": {"datetime": "2021-06-28 13:58:19", "elapsed": 1.149253, "delta": 0.418469}}
{"target": -24.327971030193094, "params": {"C": 4.347856582961131, "epsilon": 5.71929133592379, "gamma": 1.8336759166547207, "lamda": 0.09985264305335452}, "datetime": {"datetime": "2021-06-28 13:58:20", "elapsed": 1.593675, "delta": 0.444422}}
{"target": -27.591037461180036, "params": {"C": 8.067222316152705, "epsilon": 9.692137284478155, "gamma": 3.4775296925128067, "lamda": 0.3464689852189877}, "datetime": {"datetime": "2021-06-28 13:58:20", "elapsed": 2.010014, "delta": 0.416339}}
{"target": -21.313187504314932, "params": {"C": 8.800974777271572, "epsilon": 8.97768463598732, "gamma": 1.30792000801289, "lamda": 0.0204883368332083}, "datetime": {"datetime": "2021-06-28 13:58:21", "elapsed": 2.381246, "delta": 0.371232}}
{"target": -23.53709185199578, "params": {"C": 1.9473550697763182, "epsilon": 8.817982283265307, "gamma": 1.434294921413976, "lamda": 0.21113270487752103}, "datetime": {"datetime": "2021-06-28 13:58:21", "elapsed": 2.97381, "delta": 0.592564}}
