{"target": -12.063273874162507, "params": {"C": 9.408220585927943, "epsilon": 4.2823103961739335, "gamma": 0.01, "lamda": 0.7}, "datetime": {"datetime": "2021-06-21 19:55:30", "elapsed": 350.469657, "delta": 1.855039}}
{"target": -11.4261874938632, "params": {"C": 8.735496410992686, "epsilon": 6.045021568135893, "gamma": 0.019323366441621574, "lamda": 0.33678083056466723}, "datetime": {"datetime": "2021-06-21 19:55:35", "elapsed": 354.936711, "delta": 4.467054}}
{"target": -11.945366672132582, "params": {"C": 10.0, "epsilon": 5.827678974774465, "gamma": 0.01, "lamda": 0.3064185477251366}, "datetime": {"datetime": "2021-06-21 19:55:37", "elapsed": 357.401122, "delta": 2.464411}}
{"target": -11.74671013948123, "params": {"C": 9.583526344609057, "epsilon": 8.996297927641086, "gamma": 0.01, "lamda": 0.37652557771241424}, "datetime": {"datetime": "2021-06-21 19:55:39", "elapsed": 359.216268, "delta": 1.815146}}
{"target": -14.71835561430086, "params": {"C": 3.440680830873071, "epsilon": 7.044758491503665, "gamma": 0.3629374222691581, "lamda": 0.1}, "datetime": {"datetime": "2021-06-21 19:55:40", "elapsed": 360.674369, "delta": 1.458101}}
{"target": -13.553654417263534, "params": {"C": 3.056480892725507, "epsilon": 0.001, "gamma": 0.01, "lamda": 0.1}, "datetime": {"datetime": "2021-06-21 19:55:43", "elapsed": 363.029073, "delta": 2.354704}}
{"target": -13.65812550606387, "params": {"C": 2.6474721748205208, "epsilon": 2.3266957419710286, "gamma": 0.01, "lamda": 0.7}, "datetime": {"datetime": "2021-06-21 19:55:45", "elapsed": 365.190293, "delta": 2.16122}}
{"target": -11.91200454337883, "params": {"C": 9.158981719203258, "epsilon": 5.781178162686792, "gamma": 0.01, "lamda": 0.32679751652789496}, "datetime": {"datetime": "2021-06-21 19:55:47", "elapsed": 367.063286, "delta": 1.872993}}
{"target": -14.741823183115251, "params": {"C": 1.529440116223124, "epsilon": 2.866375216770525, "gamma": 0.01, "lamda": 0.7}, "datetime": {"datetime": "2021-06-21 19:55:49", "elapsed": 369.499769, "delta": 2.436483}}
{"target": -23.038930984744272, "params": {"C": 1.0068715806022444, "epsilon": 5.179288132729296, "gamma": 1.0, "lamda": 0.7}, "datetime": {"datetime": "2021-06-21 19:55:52", "elapsed": 371.986122, "delta": 2.486353}}
{"target": -10.718997351307284, "params": {"C": 8.766589142292103, "epsilon": 4.936868642163269, "gamma": 0.036574031898193686, "lamda": 0.2368503263194316}, "datetime": {"datetime": "2021-06-21 19:55:53", "elapsed": 373.470154, "delta": 1.484032}}
{"target": -13.66559696664265, "params": {"C": 8.502603525720051, "epsilon": 5.133816019403138, "gamma": 0.28834027074556073, "lamda": 0.29237036595803}, "datetime": {"datetime": "2021-06-21 19:55:55", "elapsed": 374.965154, "delta": 1.495}}
{"target": -12.816159450058889, "params": {"C": 4.823911380726661, "epsilon": 2.2014219912564235, "gamma": 0.01, "lamda": 0.1}, "datetime": {"datetime": "2021-06-21 19:55:56", "elapsed": 376.336489, "delta": 1.371335}}
{"target": -14.131684612747192, "params": {"C": 5.006473220229448, "epsilon": 2.8244278113696666, "gamma": 0.2911643913566147, "lamda": 0.3124620369533018}, "datetime": {"datetime": "2021-06-21 19:55:58", "elapsed": 378.78494, "delta": 2.448451}}
{"target": -11.979171922566756, "params": {"C": 8.450298055044007, "epsilon": 4.811992259130323, "gamma": 0.01, "lamda": 0.384754479078648}, "datetime": {"datetime": "2021-06-21 19:56:00", "elapsed": 380.550222, "delta": 1.765282}}
{"target": -11.967689431502633, "params": {"C": 9.008522303033448, "epsilon": 6.278703139291585, "gamma": 0.01, "lamda": 0.7}, "datetime": {"datetime": "2021-06-21 19:56:02", "elapsed": 381.894626, "delta": 1.344404}}
{"target": -11.716418113852137, "params": {"C": 7.768563802069525, "epsilon": 9.602740150213322, "gamma": 0.01, "lamda": 0.35156814406684206}, "datetime": {"datetime": "2021-06-21 19:56:03", "elapsed": 383.238033, "delta": 1.343407}}
{"target": -12.937367482781086, "params": {"C": 3.5348369680887437, "epsilon": 6.383520006710369, "gamma": 0.01, "lamda": 0.7}, "datetime": {"datetime": "2021-06-21 19:56:05", "elapsed": 385.364352, "delta": 2.126319}}
{"target": -12.06479211270279, "params": {"C": 7.817275114125247, "epsilon": 3.095234976596625, "gamma": 0.01, "lamda": 0.1}, "datetime": {"datetime": "2021-06-21 19:56:07", "elapsed": 387.053829, "delta": 1.689477}}
{"target": -15.378741167994953, "params": {"C": 1.3029922486923973, "epsilon": 1.2843504867214508, "gamma": 0.01, "lamda": 0.7}, "datetime": {"datetime": "2021-06-21 19:56:08", "elapsed": 388.479018, "delta": 1.425189}}
{"target": -12.160107450788, "params": {"C": 7.2368443685075405, "epsilon": 3.2653329276740193, "gamma": 0.01, "lamda": 0.1}, "datetime": {"datetime": "2021-06-21 19:56:11", "elapsed": 391.327402, "delta": 2.848384}}
{"target": -14.031517636407703, "params": {"C": 2.132191691126954, "epsilon": 2.219891822533293, "gamma": 0.01, "lamda": 0.1}, "datetime": {"datetime": "2021-06-21 19:56:13", "elapsed": 393.604313, "delta": 2.276911}}
{"target": -14.053637676366682, "params": {"C": 7.6265119790674705, "epsilon": 2.9023637153945536, "gamma": 0.33109438436952787, "lamda": 0.31474118574774873}, "datetime": {"datetime": "2021-06-21 19:56:15", "elapsed": 395.583021, "delta": 1.978708}}
{"target": -12.582853071273863, "params": {"C": 4.228517846555483, "epsilon": 7.20352460992814, "gamma": 0.010227605886516325, "lamda": 0.3720993153686558}, "datetime": {"datetime": "2021-06-21 20:05:34", "elapsed": 0.0, "delta": 0.0}}
{"target": -16.935412682588932, "params": {"C": 1.5528833190894193, "epsilon": 0.9242936090932092, "gamma": 0.3806578206415651, "lamda": 0.411004654338743}, "datetime": {"datetime": "2021-06-21 20:05:34", "elapsed": 0.18351, "delta": 0.18351}}
{"target": -19.297747759013326, "params": {"C": 4.027997994883632, "epsilon": 5.388628523299567, "gamma": 0.8441970836625566, "lamda": 0.7166975503570835}, "datetime": {"datetime": "2021-06-21 20:05:34", "elapsed": 0.364027, "delta": 0.180517}}
{"target": -31.087424492849745, "params": {"C": 0.1764265742427985, "epsilon": 1.6194474811927493, "gamma": 1.4216443779982968, "lamda": 0.7882631730924409}, "datetime": {"datetime": "2021-06-21 20:05:35", "elapsed": 0.562496, "delta": 0.198469}}
{"target": -21.06800761843986, "params": {"C": 4.481317442809077, "epsilon": 4.135293608632736, "gamma": 1.1001318421134847, "lamda": 0.7697814234177126}, "datetime": {"datetime": "2021-06-21 20:05:35", "elapsed": 0.76695, "delta": 0.204454}}
{"target": -16.42934637662395, "params": {"C": 1.4544329602857997, "epsilon": 1.054207983624296, "gamma": 0.3186941074393654, "lamda": 0.42271513072742506}, "datetime": {"datetime": "2021-06-21 20:05:35", "elapsed": 1.002321, "delta": 0.235371}}
{"target": -12.76568963454129, "params": {"C": 3.377867196632169, "epsilon": 7.930167376295293, "gamma": 0.18923782834346803, "lamda": 0.534148047790304}, "datetime": {"datetime": "2021-06-21 20:05:36", "elapsed": 1.848058, "delta": 0.845737}}
{"target": -12.306640837426864, "params": {"C": 4.723140566006984, "epsilon": 8.667478685323669, "gamma": 0.01, "lamda": 0.1}, "datetime": {"datetime": "2021-06-21 20:05:37", "elapsed": 2.628971, "delta": 0.780913}}
{"target": -23.801199201238106, "params": {"C": 4.493384301696344, "epsilon": 8.172251174599763, "gamma": 1.7409575843484117, "lamda": 0.1}, "datetime": {"datetime": "2021-06-21 20:05:37", "elapsed": 3.081763, "delta": 0.452792}}
{"target": -12.87478566036354, "params": {"C": 3.8759586046278534, "epsilon": 9.260877827551283, "gamma": 0.01, "lamda": 1.0}, "datetime": {"datetime": "2021-06-21 20:05:38", "elapsed": 3.538538, "delta": 0.456775}}
{"target": -12.410845393064207, "params": {"C": 5.758311559509339, "epsilon": 7.944595402606063, "gamma": 0.01, "lamda": 1.0}, "datetime": {"datetime": "2021-06-21 20:05:38", "elapsed": 3.930491, "delta": 0.391953}}
{"target": -12.344751457022696, "params": {"C": 6.016446112989471, "epsilon": 9.932346999337389, "gamma": 0.01, "lamda": 1.0}, "datetime": {"datetime": "2021-06-21 20:05:38", "elapsed": 4.389263, "delta": 0.458772}}
{"target": -11.68352297594214, "params": {"C": 7.606818556191385, "epsilon": 8.89822118015726, "gamma": 0.01, "lamda": 0.1}, "datetime": {"datetime": "2021-06-21 20:05:39", "elapsed": 4.888928, "delta": 0.499665}}
{"target": -11.949238159843988, "params": {"C": 9.015225943125786, "epsilon": 10.0, "gamma": 0.01, "lamda": 1.0}, "datetime": {"datetime": "2021-06-21 20:05:39", "elapsed": 5.317781, "delta": 0.428853}}
{"target": -11.99556874180357, "params": {"C": 9.295184390411004, "epsilon": 7.67158750232621, "gamma": 0.01, "lamda": 1.0}, "datetime": {"datetime": "2021-06-21 20:05:40", "elapsed": 5.767577, "delta": 0.449796}}
{"target": -23.485268797192408, "params": {"C": 9.596641844544724, "epsilon": 8.917941950878047, "gamma": 1.8437792327131601, "lamda": 0.1}, "datetime": {"datetime": "2021-06-21 20:05:40", "elapsed": 6.158532, "delta": 0.390955}}
{"target": -12.033235173856855, "params": {"C": 7.662562941939446, "epsilon": 6.749728993337968, "gamma": 0.01, "lamda": 1.0}, "datetime": {"datetime": "2021-06-21 20:05:41", "elapsed": 6.599355, "delta": 0.440823}}
{"target": -12.099452754206448, "params": {"C": 9.634336474432645, "epsilon": 5.3091603565823196, "gamma": 0.01, "lamda": 1.0}, "datetime": {"datetime": "2021-06-21 20:05:41", "elapsed": 7.087049, "delta": 0.487694}}
{"target": -12.088258670874271, "params": {"C": 10.0, "epsilon": 2.970206836653796, "gamma": 0.01, "lamda": 0.1}, "datetime": {"datetime": "2021-06-21 20:05:42", "elapsed": 7.608656, "delta": 0.521607}}
{"target": -24.34690134102792, "params": {"C": 10.0, "epsilon": 3.7022615883599475, "gamma": 2.0, "lamda": 1.0}, "datetime": {"datetime": "2021-06-21 20:05:42", "elapsed": 8.022548, "delta": 0.413892}}
{"target": -12.235332289423628, "params": {"C": 9.944357403393175, "epsilon": 0.8251265542477032, "gamma": 0.01, "lamda": 0.1}, "datetime": {"datetime": "2021-06-21 20:05:42", "elapsed": 8.433449, "delta": 0.410901}}
{"target": -12.156388761329676, "params": {"C": 8.09251893482951, "epsilon": 1.8273546178215063, "gamma": 0.01, "lamda": 0.1}, "datetime": {"datetime": "2021-06-21 20:05:43", "elapsed": 8.920148, "delta": 0.486699}}
{"target": -12.295383253016459, "params": {"C": 7.955627223697465, "epsilon": 0.001, "gamma": 0.01, "lamda": 1.0}, "datetime": {"datetime": "2021-06-21 20:05:43", "elapsed": 9.341022, "delta": 0.420874}}
{"target": -24.58120656681187, "params": {"C": 8.324417667570174, "epsilon": 0.001, "gamma": 1.9875403628727053, "lamda": 0.1}, "datetime": {"datetime": "2021-06-21 20:05:44", "elapsed": 9.731977, "delta": 0.390955}}
{"target": -11.965965912357353, "params": {"C": 8.00461836388061, "epsilon": 4.45039904815015, "gamma": 0.01, "lamda": 0.1}, "datetime": {"datetime": "2021-06-21 20:05:44", "elapsed": 10.110967, "delta": 0.37899}}
{"target": -15.761458434939868, "params": {"C": 0.8532396532214234, "epsilon": 8.991939483030514, "gamma": 0.01, "lamda": 1.0}, "datetime": {"datetime": "2021-06-21 20:05:45", "elapsed": 10.554776, "delta": 0.443809}}
{"target": -11.82128981380955, "params": {"C": 8.87798987479936, "epsilon": 6.270119724671973, "gamma": 0.01, "lamda": 0.1}, "datetime": {"datetime": "2021-06-21 20:05:45", "elapsed": 11.002579, "delta": 0.447803}}
{"target": -12.827637749261566, "params": {"C": 5.5691728499350495, "epsilon": 0.001, "gamma": 0.01, "lamda": 1.0}, "datetime": {"datetime": "2021-06-21 20:05:45", "elapsed": 11.407496, "delta": 0.404917}}
{"target": -21.374893950928485, "params": {"C": 0.1, "epsilon": 6.277496379287654, "gamma": 0.01, "lamda": 0.1}, "datetime": {"datetime": "2021-06-21 20:05:46", "elapsed": 11.792467, "delta": 0.384971}}
{"target": -11.615831921379238, "params": {"C": 6.657411326720259, "epsilon": 2.2735675436982605, "gamma": 0.025020675237284608, "lamda": 0.887716917563822}, "datetime": {"datetime": "2021-06-21 20:05:46", "elapsed": 12.20636, "delta": 0.413893}}
{"target": -31.635276723194856, "params": {"C": 0.1, "epsilon": 10.0, "gamma": 2.0, "lamda": 1.0}, "datetime": {"datetime": "2021-06-21 20:05:47", "elapsed": 12.636214, "delta": 0.429854}}
{"target": -13.085159071572594, "params": {"C": 3.993016694186971, "epsilon": 1.6460826096553576, "gamma": 0.01, "lamda": 0.1}, "datetime": {"datetime": "2021-06-21 20:05:47", "elapsed": 13.025173, "delta": 0.388959}}
{"target": -11.385511172840841, "params": {"C": 8.774787511334418, "epsilon": 2.5263039157467246, "gamma": 0.023378300134001235, "lamda": 0.901344326426699}, "datetime": {"datetime": "2021-06-21 20:05:47", "elapsed": 13.409145, "delta": 0.383972}}
{"target": -13.772891544677499, "params": {"C": 2.351162762287303, "epsilon": 2.8594723212671673, "gamma": 0.01, "lamda": 0.1}, "datetime": {"datetime": "2021-06-21 20:05:48", "elapsed": 13.749235, "delta": 0.34009}}
{"target": -12.90870299265639, "params": {"C": 2.641950229778633, "epsilon": 10.0, "gamma": 0.01, "lamda": 0.1}, "datetime": {"datetime": "2021-06-21 20:05:48", "elapsed": 14.11426, "delta": 0.365025}}
{"target": -11.981868982848976, "params": {"C": 7.705195614992641, "epsilon": 9.026722936331149, "gamma": 0.01, "lamda": 1.0}, "datetime": {"datetime": "2021-06-21 20:05:49", "elapsed": 14.536131, "delta": 0.421871}}
{"target": -12.232509710330053, "params": {"C": 10.0, "epsilon": 1.4564783337131881, "gamma": 0.01, "lamda": 1.0}, "datetime": {"datetime": "2021-06-21 20:05:49", "elapsed": 14.969972, "delta": 0.433841}}
{"target": -11.680130338777724, "params": {"C": 7.363895279170476, "epsilon": 10.0, "gamma": 0.01, "lamda": 0.1}, "datetime": {"datetime": "2021-06-21 20:05:49", "elapsed": 15.365912, "delta": 0.39594}}
{"target": -11.665836114853075, "params": {"C": 10.0, "epsilon": 10.0, "gamma": 0.01, "lamda": 0.1}, "datetime": {"datetime": "2021-06-21 20:05:50", "elapsed": 15.835655, "delta": 0.469743}}
{"target": -13.53056218323844, "params": {"C": 2.941915160974384, "epsilon": 1.7286372114190547, "gamma": 0.01, "lamda": 1.0}, "datetime": {"datetime": "2021-06-21 20:05:50", "elapsed": 16.276478, "delta": 0.440823}}
{"target": -12.334371715162307, "params": {"C": 6.781734623423318, "epsilon": 4.4070538955300895, "gamma": 0.01, "lamda": 1.0}, "datetime": {"datetime": "2021-06-21 20:05:51", "elapsed": 16.681394, "delta": 0.404916}}
{"target": -12.296711338646258, "params": {"C": 10.0, "epsilon": 0.001, "gamma": 0.01, "lamda": 1.0}, "datetime": {"datetime": "2021-06-21 20:05:51", "elapsed": 17.114237, "delta": 0.432843}}
{"target": -12.129567110173333, "params": {"C": 6.48451930188903, "epsilon": 6.302680760781689, "gamma": 0.01, "lamda": 0.1}, "datetime": {"datetime": "2021-06-21 20:05:52", "elapsed": 17.579991, "delta": 0.465754}}
{"target": -13.230594850082333, "params": {"C": 2.384998170144896, "epsilon": 8.369010805564931, "gamma": 0.01, "lamda": 0.1}, "datetime": {"datetime": "2021-06-21 20:05:52", "elapsed": 17.992888, "delta": 0.412897}}
{"target": -11.805892522478185, "params": {"C": 10.0, "epsilon": 7.209046499328692, "gamma": 0.01, "lamda": 0.1}, "datetime": {"datetime": "2021-06-21 20:05:52", "elapsed": 18.371874, "delta": 0.378986}}
{"target": -12.237855990194516, "params": {"C": 7.575027751975786, "epsilon": 1.4208560812348945, "gamma": 0.01, "lamda": 1.0}, "datetime": {"datetime": "2021-06-21 20:05:53", "elapsed": 19.0351, "delta": 0.663226}}
{"target": -12.370499711811519, "params": {"C": 6.299767690414897, "epsilon": 3.2778876652074773, "gamma": 0.01, "lamda": 0.1}, "datetime": {"datetime": "2021-06-21 20:05:54", "elapsed": 19.827981, "delta": 0.792881}}
{"target": -11.821761786561447, "params": {"C": 6.747645467233974, "epsilon": 0.08327380226863265, "gamma": 0.020727999083141675, "lamda": 0.14378078623584897}, "datetime": {"datetime": "2021-06-21 20:05:55", "elapsed": 20.782428, "delta": 0.954447}}
{"target": -12.145725231927358, "params": {"C": 7.871069963225625, "epsilon": 3.3562466007188334, "gamma": 0.01, "lamda": 1.0}, "datetime": {"datetime": "2021-06-21 20:05:55", "elapsed": 21.32598, "delta": 0.543552}}
{"target": -12.600899394565937, "params": {"C": 5.949723633523465, "epsilon": 1.3823611238650957, "gamma": 0.01, "lamda": 0.1}, "datetime": {"datetime": "2021-06-21 20:05:56", "elapsed": 21.718924, "delta": 0.392944}}
{"target": -13.320175439733514, "params": {"C": 2.774092672136208, "epsilon": 7.1439136344389045, "gamma": 0.01, "lamda": 1.0}, "datetime": {"datetime": "2021-06-21 20:05:56", "elapsed": 22.188669, "delta": 0.469745}}
{"target": -11.945378450336426, "params": {"C": 10.0, "epsilon": 5.096491690443599, "gamma": 0.01, "lamda": 0.1}, "datetime": {"datetime": "2021-06-21 20:05:57", "elapsed": 22.700299, "delta": 0.51163}}
{"target": -12.096898179349724, "params": {"C": 5.204493154524739, "epsilon": 10.0, "gamma": 0.01, "lamda": 0.1}, "datetime": {"datetime": "2021-06-21 20:05:57", "elapsed": 23.232877, "delta": 0.532578}}
{"target": -11.66708416340291, "params": {"C": 9.18512531374036, "epsilon": 8.883914030282332, "gamma": 0.01, "lamda": 0.1}, "datetime": {"datetime": "2021-06-21 20:05:58", "elapsed": 23.706609, "delta": 0.473732}}
{"target": -12.708878588958914, "params": {"C": 5.358317407760392, "epsilon": 2.558660698657997, "gamma": 0.01, "lamda": 1.0}, "datetime": {"datetime": "2021-06-21 20:05:58", "elapsed": 24.260133, "delta": 0.553524}}
{"target": -12.039856041923343, "params": {"C": 10.0, "epsilon": 9.067658267115192, "gamma": 0.01, "lamda": 1.0}, "datetime": {"datetime": "2021-06-21 20:05:59", "elapsed": 24.815642, "delta": 0.555509}}
{"target": -13.219004065920409, "params": {"C": 4.142006426000804, "epsilon": 0.001, "gamma": 0.01, "lamda": 0.1}, "datetime": {"datetime": "2021-06-21 20:05:59", "elapsed": 25.234522, "delta": 0.41888}}
{"target": -12.161594510785863, "params": {"C": 10.0, "epsilon": 3.5766211366621805, "gamma": 0.01, "lamda": 1.0}, "datetime": {"datetime": "2021-06-21 20:06:00", "elapsed": 25.720223, "delta": 0.485701}}
{"target": -12.286801133255521, "params": {"C": 8.765090989461532, "epsilon": 0.001, "gamma": 0.01, "lamda": 0.1}, "datetime": {"datetime": "2021-06-21 20:06:00", "elapsed": 26.206922, "delta": 0.486699}}
{"target": -12.038092804532473, "params": {"C": 8.963093676799792, "epsilon": 3.4136235223885563, "gamma": 0.01, "lamda": 0.1}, "datetime": {"datetime": "2021-06-21 20:06:01", "elapsed": 26.715565, "delta": 0.508643}}
{"target": -11.763487478137845, "params": {"C": 7.713984132729117, "epsilon": 7.472980117858614, "gamma": 0.01, "lamda": 0.1}, "datetime": {"datetime": "2021-06-21 20:06:01", "elapsed": 27.189295, "delta": 0.47373}}
{"target": -12.097524361013408, "params": {"C": 10.0, "epsilon": 6.5291234579014885, "gamma": 0.01, "lamda": 1.0}, "datetime": {"datetime": "2021-06-21 20:06:02", "elapsed": 27.776726, "delta": 0.587431}}
{"target": -11.976735585601958, "params": {"C": 6.36021197498258, "epsilon": 9.098876559230893, "gamma": 0.01, "lamda": 0.1}, "datetime": {"datetime": "2021-06-21 20:06:02", "elapsed": 28.259435, "delta": 0.482709}}
{"target": -11.728116196275433, "params": {"C": 10.0, "epsilon": 8.53002892956933, "gamma": 0.01, "lamda": 0.1}, "datetime": {"datetime": "2021-06-21 20:06:03", "elapsed": 28.81794, "delta": 0.558505}}
{"target": -11.889138506428761, "params": {"C": 7.600051923243426, "epsilon": 5.726629064791543, "gamma": 0.01, "lamda": 0.1}, "datetime": {"datetime": "2021-06-21 20:06:03", "elapsed": 29.316607, "delta": 0.498667}}
{"target": -10.236999205257828, "params": {"C": 8.769554997980213, "epsilon": 9.96662698893286, "gamma": 0.046284636336559236, "lamda": 0.14004674139117382}, "datetime": {"datetime": "2021-06-21 20:06:04", "elapsed": 29.864142, "delta": 0.547535}}
{"target": -12.071684166939027, "params": {"C": 8.260537445141688, "epsilon": 5.176795838844036, "gamma": 0.01, "lamda": 1.0}, "datetime": {"datetime": "2021-06-21 20:06:04", "elapsed": 30.295989, "delta": 0.431847}}
{"target": -11.598829130431366, "params": {"C": 8.426004919762592, "epsilon": 10.0, "gamma": 0.01, "lamda": 0.1}, "datetime": {"datetime": "2021-06-21 20:06:05", "elapsed": 30.832553, "delta": 0.536564}}
{"target": -25.311798583778316, "params": {"C": 4.664476385388584, "epsilon": 0.001, "gamma": 2.0, "lamda": 0.1}, "datetime": {"datetime": "2021-06-21 20:06:05", "elapsed": 31.248441, "delta": 0.415888}}
{"target": -12.243539554784997, "params": {"C": 8.96224635876954, "epsilon": 0.9998881177617986, "gamma": 0.01, "lamda": 1.0}, "datetime": {"datetime": "2021-06-21 20:06:06", "elapsed": 31.733145, "delta": 0.484704}}
{"target": -12.410253736485338, "params": {"C": 3.8795794489706497, "epsilon": 10.0, "gamma": 0.01, "lamda": 0.1}, "datetime": {"datetime": "2021-06-21 20:06:06", "elapsed": 32.164991, "delta": 0.431846}}
{"target": -19.94129456055714, "params": {"C": 6.784464144889012, "epsilon": 10.0, "gamma": 1.0318941156609267, "lamda": 0.1}, "datetime": {"datetime": "2021-06-21 20:06:07", "elapsed": 32.909998, "delta": 0.745007}}
{"target": -12.46726537440304, "params": {"C": 5.706936386744051, "epsilon": 6.160180464236705, "gamma": 0.01, "lamda": 1.0}, "datetime": {"datetime": "2021-06-21 20:06:07", "elapsed": 33.368771, "delta": 0.458773}}
{"target": -10.750748809370322, "params": {"C": 9.237300468188925, "epsilon": 9.964344656214807, "gamma": 0.03000202616255413, "lamda": 0.4551990850763916}, "datetime": {"datetime": "2021-06-21 20:06:08", "elapsed": 33.813582, "delta": 0.444811}}
{"target": -12.291891172245828, "params": {"C": 5.992255564720772, "epsilon": 4.985795343850392, "gamma": 0.01, "lamda": 0.1}, "datetime": {"datetime": "2021-06-21 20:06:08", "elapsed": 34.280333, "delta": 0.466751}}
{"target": -13.363720633438811, "params": {"C": 2.5345580527510134, "epsilon": 8.828299168498047, "gamma": 0.01, "lamda": 1.0}, "datetime": {"datetime": "2021-06-21 20:06:09", "elapsed": 34.732125, "delta": 0.451792}}
{"target": -12.581546392384734, "params": {"C": 6.378410226613284, "epsilon": 0.9546032290114733, "gamma": 0.01, "lamda": 1.0}, "datetime": {"datetime": "2021-06-21 20:06:09", "elapsed": 35.200872, "delta": 0.468747}}
