{"target": -23.721855223166653, "params": {"C": 0.08450058647431646, "epsilon": 8.773690986543237, "gamma": 0.20670527837573405, "lamda": 0.2930984678446921}, "datetime": {"datetime": "2021-06-21 19:27:02", "elapsed": 152.9263, "delta": 0.776924}}
{"target": -33.43263251684076, "params": {"C": 0.0015007250028993288, "epsilon": 8.807367067364066, "gamma": 0.2503888456320851, "lamda": 0.10893091810502527}, "datetime": {"datetime": "2021-06-21 19:27:03", "elapsed": 153.900694, "delta": 0.974394}}
{"target": -25.74423696941523, "params": {"C": 0.0926799835114653, "epsilon": 6.108752907142768, "gamma": 0.32291112984724724, "lamda": 0.6910834991171744}, "datetime": {"datetime": "2021-06-21 19:27:04", "elapsed": 154.857139, "delta": 0.956445}}
{"target": -25.168908798168705, "params": {"C": 0.05905562137345712, "epsilon": 7.065360033215493, "gamma": 0.19307252054475887, "lamda": 0.632645808969568}, "datetime": {"datetime": "2021-06-21 19:27:05", "elapsed": 155.358797, "delta": 0.501658}}
{"target": -21.14386496722771, "params": {"C": 0.1, "epsilon": 8.232964845604819, "gamma": 0.1, "lamda": 0.009}, "datetime": {"datetime": "2021-06-21 19:27:06", "elapsed": 156.159655, "delta": 0.800858}}
{"target": -30.603029787249014, "params": {"C": 0.01598647378717176, "epsilon": 7.157019698739937, "gamma": 0.2411577304055847, "lamda": 0.6451958853059305}, "datetime": {"datetime": "2021-06-21 19:27:06", "elapsed": 156.84582, "delta": 0.686165}}
{"target": -29.253010194706746, "params": {"C": 0.05157988334659614, "epsilon": 8.275432101454832, "gamma": 0.5606393511979416, "lamda": 0.5958084996567344}, "datetime": {"datetime": "2021-06-21 19:27:07", "elapsed": 157.398342, "delta": 0.552522}}
{"target": -25.255034544010545, "params": {"C": 0.06500401354046365, "epsilon": 4.804042004432284, "gamma": 0.18528937434371723, "lamda": 0.6124848833103564}, "datetime": {"datetime": "2021-06-21 19:27:07", "elapsed": 157.892022, "delta": 0.49368}}
{"target": -25.06983583513612, "params": {"C": 0.08796958888884585, "epsilon": 8.386213959028854, "gamma": 0.314114594506991, "lamda": 0.021206398923133862}, "datetime": {"datetime": "2021-06-21 19:27:08", "elapsed": 158.560236, "delta": 0.668214}}
{"target": -21.85203753347383, "params": {"C": 0.08652768112273841, "epsilon": 8.998795280799406, "gamma": 0.12104970160951867, "lamda": 0.20355506807886084}, "datetime": {"datetime": "2021-06-21 19:27:09", "elapsed": 159.251386, "delta": 0.69115}}
{"target": -32.15152940918323, "params": {"C": 0.022816552466724288, "epsilon": 7.644448964025798, "gamma": 0.6935384389780757, "lamda": 0.19062383515901915}, "datetime": {"datetime": "2021-06-21 19:27:09", "elapsed": 159.774986, "delta": 0.5236}}
{"target": -29.11024580847565, "params": {"C": 0.06367047554906172, "epsilon": 8.94658014088847, "gamma": 0.6617237968145795, "lamda": 0.46450606079436957}, "datetime": {"datetime": "2021-06-21 19:27:10", "elapsed": 160.254706, "delta": 0.47972}}
{"target": -24.38523917464894, "params": {"C": 0.1, "epsilon": 7.185798982898215, "gamma": 0.26168570026428506, "lamda": 0.46473564100818104}, "datetime": {"datetime": "2021-06-21 19:27:11", "elapsed": 161.044591, "delta": 0.789885}}
{"target": -26.67774990456964, "params": {"C": 0.08699136904157011, "epsilon": 4.784682705242691, "gamma": 0.35846501664855435, "lamda": 0.6333133229701438}, "datetime": {"datetime": "2021-06-21 19:27:11", "elapsed": 161.796579, "delta": 0.751988}}
{"target": -28.333053626184935, "params": {"C": 0.07761037906577148, "epsilon": 5.036606994262868, "gamma": 0.507085905966475, "lamda": 0.11475355891049642}, "datetime": {"datetime": "2021-06-21 19:27:12", "elapsed": 162.334143, "delta": 0.537564}}
{"target": -23.329653990325856, "params": {"C": 0.0884469846541125, "epsilon": 7.182852112614488, "gamma": 0.18061784584079787, "lamda": 0.08495686220974884}, "datetime": {"datetime": "2021-06-21 19:27:13", "elapsed": 163.103088, "delta": 0.768945}}
{"target": -34.31231089975578, "params": {"C": 0.001, "epsilon": 5.818339293364793, "gamma": 0.38205548721432736, "lamda": 0.16011389680155216}, "datetime": {"datetime": "2021-06-21 19:27:13", "elapsed": 163.814185, "delta": 0.711097}}
{"target": -22.47447849400337, "params": {"C": 0.07642438280138676, "epsilon": 6.15203646082051, "gamma": 0.10355375529413086, "lamda": 0.017146589716548775}, "datetime": {"datetime": "2021-06-21 19:27:14", "elapsed": 164.403611, "delta": 0.589426}}
{"target": -29.98305301633872, "params": {"C": 0.04813594508426892, "epsilon": 8.546653040021678, "gamma": 0.6444834913757362, "lamda": 0.3887928746704494}, "datetime": {"datetime": "2021-06-21 19:27:14", "elapsed": 164.916238, "delta": 0.512627}}
{"target": -31.921268086228565, "params": {"C": 0.04066388224303791, "epsilon": 5.105833490709394, "gamma": 0.7923945720134292, "lamda": 0.3706086984075803}, "datetime": {"datetime": "2021-06-21 19:27:15", "elapsed": 165.449811, "delta": 0.533573}}
{"target": -24.902900019511055, "params": {"C": 0.09348191995468534, "epsilon": 5.225747376925261, "gamma": 0.24476898026757224, "lamda": 0.23414609698045405}, "datetime": {"datetime": "2021-06-21 19:27:16", "elapsed": 166.132985, "delta": 0.683174}}
{"target": -32.402069999307166, "params": {"C": 0.004259211934576925, "epsilon": 5.669375929505724, "gamma": 0.10708916950761263, "lamda": 0.04925915416712139}, "datetime": {"datetime": "2021-06-21 19:27:16", "elapsed": 166.781251, "delta": 0.648266}}
{"target": -21.872740077516273, "params": {"C": 0.0911766773150354, "epsilon": 9.419287539573219, "gamma": 0.14053538773885604, "lamda": 0.05842426220732726}, "datetime": {"datetime": "2021-06-21 19:27:17", "elapsed": 167.372676, "delta": 0.591425}}
{"target": -28.12649806994155, "params": {"C": 0.06878394740061133, "epsilon": 8.500794729653421, "gamma": 0.547006726172426, "lamda": 0.10611633277961653}, "datetime": {"datetime": "2021-06-21 19:27:18", "elapsed": 168.017944, "delta": 0.645268}}
{"target": -26.860057084754047, "params": {"C": 0.1, "epsilon": 9.133896513575323, "gamma": 0.5678806004211563, "lamda": 0.009}, "datetime": {"datetime": "2021-06-21 19:27:18", "elapsed": 168.692142, "delta": 0.674198}}
{"target": -24.116663369083245, "params": {"C": 0.1, "epsilon": 7.878997410737969, "gamma": 0.26070228460930917, "lamda": 0.009}, "datetime": {"datetime": "2021-06-21 19:27:19", "elapsed": 169.383293, "delta": 0.691151}}
{"target": -32.12615291819066, "params": {"C": 0.010212064339785831, "epsilon": 6.419249451374757, "gamma": 0.29061218673127737, "lamda": 0.00943951507422483}, "datetime": {"datetime": "2021-06-21 19:27:20", "elapsed": 170.004631, "delta": 0.621338}}
{"target": -27.34763816517369, "params": {"C": 0.09740340587895994, "epsilon": 9.505161759777042, "gamma": 0.6323364569166181, "lamda": 0.4756205883541277}, "datetime": {"datetime": "2021-06-21 19:27:20", "elapsed": 170.576103, "delta": 0.571472}}
{"target": -34.29646845308793, "params": {"C": 0.001, "epsilon": 5.938050154364263, "gamma": 0.4067999642070231, "lamda": 0.7}, "datetime": {"datetime": "2021-06-21 19:27:21", "elapsed": 171.291192, "delta": 0.715089}}
{"target": -26.518782283630436, "params": {"C": 0.05876414257089102, "epsilon": 5.415660352437971, "gamma": 0.24664201467879066, "lamda": 0.6037207867878391}, "datetime": {"datetime": "2021-06-21 19:27:21", "elapsed": 171.82277, "delta": 0.531578}}
{"target": -31.715704528412935, "params": {"C": 0.028828169477416166, "epsilon": 9.285235262879786, "gamma": 0.7975060488863933, "lamda": 0.42264046173009473}, "datetime": {"datetime": "2021-06-21 19:27:22", "elapsed": 172.372306, "delta": 0.549536}}
{"target": -24.218472006564166, "params": {"C": 0.05398960532566692, "epsilon": 6.199593949641792, "gamma": 0.1191981715152431, "lamda": 0.6880501838309927}, "datetime": {"datetime": "2021-06-21 19:27:22", "elapsed": 172.981671, "delta": 0.609365}}
{"target": -29.013588846107847, "params": {"C": 0.0899396417238423, "epsilon": 5.989968299899758, "gamma": 0.7231419875713923, "lamda": 0.07904200032811959}, "datetime": {"datetime": "2021-06-21 19:27:23", "elapsed": 173.894231, "delta": 0.91256}}
{"target": -80.82984093687156, "params": {"C": 0.001, "epsilon": 8.868106043322154, "gamma": 0.1, "lamda": 0.27256263767193817}, "datetime": {"datetime": "2021-06-21 19:27:30", "elapsed": 180.611271, "delta": 6.71704}}
{"target": -25.28413438905685, "params": {"C": 0.09577371389119198, "epsilon": 8.774393653992682, "gamma": 0.3604206619394861, "lamda": 0.3178776096841244}, "datetime": {"datetime": "2021-06-21 19:27:31", "elapsed": 181.406146, "delta": 0.794875}}
{"target": -24.001216687416786, "params": {"C": 0.09151825899145405, "epsilon": 8.695516617251528, "gamma": 0.24077862088384172, "lamda": 0.22428820545899422}, "datetime": {"datetime": "2021-06-21 19:27:32", "elapsed": 182.143173, "delta": 0.737027}}
{"target": -21.398923845593927, "params": {"C": 0.09581093328865568, "epsilon": 8.81338710001802, "gamma": 0.11218050335505317, "lamda": 0.016778959731156003}, "datetime": {"datetime": "2021-06-21 19:27:32", "elapsed": 182.87721, "delta": 0.734037}}
{"target": -25.86787804381671, "params": {"C": 0.09867749948997771, "epsilon": 9.806755610241362, "gamma": 0.44434126310405553, "lamda": 0.6903231915667933}, "datetime": {"datetime": "2021-06-21 19:27:33", "elapsed": 183.769825, "delta": 0.892615}}
{"target": -32.627455451324614, "params": {"C": 0.011469762168431517, "epsilon": 8.946319460080197, "gamma": 0.6094642582960601, "lamda": 0.014376083504395617}, "datetime": {"datetime": "2021-06-21 19:27:34", "elapsed": 184.337305, "delta": 0.56748}}
{"target": -21.443583506158433, "params": {"C": 0.0940089113502433, "epsilon": 8.943044957564597, "gamma": 0.11378272240459437, "lamda": 0.04696545856323364}, "datetime": {"datetime": "2021-06-21 19:27:35", "elapsed": 185.532112, "delta": 1.194807}}
{"target": -30.560450636786506, "params": {"C": 0.0089009051844091, "epsilon": 6.1053091532139785, "gamma": 0.10386883449871476, "lamda": 0.1368600684693464}, "datetime": {"datetime": "2021-06-21 19:27:36", "elapsed": 186.464618, "delta": 0.932506}}
{"target": -24.25904828218836, "params": {"C": 0.07999631362363092, "epsilon": 8.672760484178887, "gamma": 0.22420850759064376, "lamda": 0.3951097170141341}, "datetime": {"datetime": "2021-06-21 19:27:37", "elapsed": 187.258495, "delta": 0.793877}}
{"target": -24.371347580549905, "params": {"C": 0.08992951631875844, "epsilon": 8.373585381727196, "gamma": 0.2555896329953848, "lamda": 0.31304362021224486}, "datetime": {"datetime": "2021-06-21 19:27:37", "elapsed": 187.852905, "delta": 0.59441}}
{"target": -25.161607137588167, "params": {"C": 0.1, "epsilon": 6.2464003894841325, "gamma": 0.29898150320858974, "lamda": 0.5715972884792795}, "datetime": {"datetime": "2021-06-21 19:27:38", "elapsed": 188.503172, "delta": 0.650267}}
{"target": -81.93520547941597, "params": {"C": 0.1, "epsilon": 7.9318481717187765, "gamma": 0.1, "lamda": 0.39065171231993984}, "datetime": {"datetime": "2021-06-21 19:27:43", "elapsed": 193.824937, "delta": 5.321765}}
{"target": -27.137792670082845, "params": {"C": 0.07221851176968076, "epsilon": 5.994794563008824, "gamma": 0.37070094860145086, "lamda": 0.6181330173552587}, "datetime": {"datetime": "2021-06-21 19:27:44", "elapsed": 194.385436, "delta": 0.560499}}
{"target": -32.260425754096985, "params": {"C": 0.008635593321016556, "epsilon": 5.371906038767061, "gamma": 0.23021640978316044, "lamda": 0.2636487895761912}, "datetime": {"datetime": "2021-06-21 19:27:44", "elapsed": 194.96389, "delta": 0.578454}}
{"target": -28.016626421113987, "params": {"C": 0.07692171831368359, "epsilon": 7.574092444452009, "gamma": 0.5520514684562183, "lamda": 0.5924782576431604}, "datetime": {"datetime": "2021-06-21 19:27:45", "elapsed": 195.63709, "delta": 0.6732}}
{"target": -21.637248644659945, "params": {"C": 0.09499896249912416, "epsilon": 9.010134966941715, "gamma": 0.12432915550060526, "lamda": 0.1980707503327767}, "datetime": {"datetime": "2021-06-21 19:27:46", "elapsed": 196.251447, "delta": 0.614357}}
{"target": -27.53486461193627, "params": {"C": 0.09502063758844687, "epsilon": 6.28462144562815, "gamma": 0.5302605758847156, "lamda": 0.685591357341015}, "datetime": {"datetime": "2021-06-21 19:27:47", "elapsed": 197.216865, "delta": 0.965418}}
{"target": -33.409393069912326, "params": {"C": 0.001, "epsilon": 10.0, "gamma": 0.4149159938092654, "lamda": 0.09581260515378809}, "datetime": {"datetime": "2021-06-21 19:27:48", "elapsed": 198.005756, "delta": 0.788891}}
{"target": -27.804605054091574, "params": {"C": 0.03482063675609894, "epsilon": 8.137461692813737, "gamma": 0.2563213261574923, "lamda": 0.10025338268531227}, "datetime": {"datetime": "2021-06-21 19:27:48", "elapsed": 198.600167, "delta": 0.594411}}
{"target": -25.22683327616691, "params": {"C": 0.09020068431401747, "epsilon": 5.075119299287785, "gamma": 0.2581841364647552, "lamda": 0.02853685982926528}, "datetime": {"datetime": "2021-06-21 19:27:49", "elapsed": 199.339189, "delta": 0.739022}}
{"target": -30.764955979818193, "params": {"C": 0.029233026344788405, "epsilon": 6.988526694839772, "gamma": 0.46893120002980826, "lamda": 0.6650536448707752}, "datetime": {"datetime": "2021-06-21 19:27:49", "elapsed": 199.916646, "delta": 0.577457}}
{"target": -33.46892462310285, "params": {"C": 0.0016516078290453053, "epsilon": 6.483172117943933, "gamma": 0.10318991863806447, "lamda": 0.1670322761427646}, "datetime": {"datetime": "2021-06-21 19:27:50", "elapsed": 200.595829, "delta": 0.679183}}
{"target": -23.045590168245056, "params": {"C": 0.09037252996273638, "epsilon": 4.843520243297867, "gamma": 0.14351807148590773, "lamda": 0.024196859132235127}, "datetime": {"datetime": "2021-06-21 19:27:51", "elapsed": 201.296955, "delta": 0.701126}}
{"target": -28.13686033637867, "params": {"C": 0.057813592522976416, "epsilon": 8.272752406557041, "gamma": 0.46082853566838156, "lamda": 0.3232439394670622}, "datetime": {"datetime": "2021-06-21 19:27:51", "elapsed": 201.880395, "delta": 0.58344}}
{"target": -33.84487181094305, "params": {"C": 0.004222020129087021, "epsilon": 6.5208335938728865, "gamma": 0.5575658373591345, "lamda": 0.560589304688677}, "datetime": {"datetime": "2021-06-21 19:27:52", "elapsed": 202.520686, "delta": 0.640291}}
{"target": -26.652355836566105, "params": {"C": 0.08615445468605758, "epsilon": 4.790854059723141, "gamma": 0.35598435987570454, "lamda": 0.027418654725884235}, "datetime": {"datetime": "2021-06-21 19:27:53", "elapsed": 203.156981, "delta": 0.636295}}
{"target": -34.357075261619826, "params": {"C": 0.001, "epsilon": 4.675561538978089, "gamma": 0.16091434476214567, "lamda": 0.009}, "datetime": {"datetime": "2021-06-21 19:27:53", "elapsed": 203.980778, "delta": 0.823797}}
{"target": -27.982707815518225, "params": {"C": 0.06337798024548859, "epsilon": 5.398200586766851, "gamma": 0.4003716088123862, "lamda": 0.6943338342095982}, "datetime": {"datetime": "2021-06-21 19:27:54", "elapsed": 204.837488, "delta": 0.85671}}
{"target": -23.30613618674612, "params": {"C": 0.09601297731637427, "epsilon": 4.783585259245383, "gamma": 0.16570483037698175, "lamda": 0.21376878434822522}, "datetime": {"datetime": "2021-06-21 19:27:55", "elapsed": 205.709157, "delta": 0.871669}}
{"target": -27.826418405999974, "params": {"C": 0.06033027752832193, "epsilon": 4.712155667250092, "gamma": 0.3507583517366486, "lamda": 0.21471868929084198}, "datetime": {"datetime": "2021-06-21 19:27:56", "elapsed": 206.432224, "delta": 0.723067}}
{"target": -33.47792349803469, "params": {"C": 0.001, "epsilon": 7.961978624172265, "gamma": 0.1, "lamda": 0.009}, "datetime": {"datetime": "2021-06-21 19:27:57", "elapsed": 207.376698, "delta": 0.944474}}
{"target": -33.71554879164094, "params": {"C": 0.0018746272977672898, "epsilon": 4.95891462907033, "gamma": 0.10693787245881858, "lamda": 0.08734814908921758}, "datetime": {"datetime": "2021-06-21 19:27:58", "elapsed": 208.204484, "delta": 0.827786}}
{"target": -25.83390440621397, "params": {"C": 0.09931096909340242, "epsilon": 6.038664976779855, "gamma": 0.3559966006343813, "lamda": 0.2958789130431232}, "datetime": {"datetime": "2021-06-21 19:27:59", "elapsed": 209.058202, "delta": 0.853718}}
{"target": -33.88875981602967, "params": {"C": 0.001, "epsilon": 7.310802613767629, "gamma": 0.25065680269004537, "lamda": 0.1360514331360738}, "datetime": {"datetime": "2021-06-21 19:28:00", "elapsed": 210.081466, "delta": 1.023264}}
{"target": -23.007157761370426, "params": {"C": 0.07723672403551246, "epsilon": 4.594766618951728, "gamma": 0.11076216683107377, "lamda": 0.2637913489676085}, "datetime": {"datetime": "2021-06-21 19:28:00", "elapsed": 210.83146, "delta": 0.749994}}
{"target": -25.30491411094891, "params": {"C": 0.0854745526506241, "epsilon": 4.515885222577522, "gamma": 0.2377663318886878, "lamda": 0.17965035565910925}, "datetime": {"datetime": "2021-06-21 19:28:01", "elapsed": 211.684179, "delta": 0.852719}}
{"target": -27.31129290708065, "params": {"C": 0.09733067537407476, "epsilon": 4.5461236436756485, "gamma": 0.45392003353621235, "lamda": 0.09221086384234198}, "datetime": {"datetime": "2021-06-21 19:28:02", "elapsed": 212.446141, "delta": 0.761962}}
{"target": -28.272836034093952, "params": {"C": 0.1, "epsilon": 4.737716803302169, "gamma": 0.5987783382884159, "lamda": 0.009}, "datetime": {"datetime": "2021-06-21 19:28:03", "elapsed": 213.168211, "delta": 0.72207}}
{"target": -26.352492796141885, "params": {"C": 0.1, "epsilon": 8.96425410640501, "gamma": 0.48667784577531825, "lamda": 0.23149596201705042}, "datetime": {"datetime": "2021-06-21 19:28:03", "elapsed": 213.918207, "delta": 0.749996}}
{"target": -22.69001919825609, "params": {"C": 0.09901074531168935, "epsilon": 4.836614028067623, "gamma": 0.13622034895634713, "lamda": 0.03487017264438052}, "datetime": {"datetime": "2021-06-21 19:28:04", "elapsed": 214.554504, "delta": 0.636297}}
{"target": -32.159195064599174, "params": {"C": 0.02616124160797874, "epsilon": 5.522404355789526, "gamma": 0.6212658033485505, "lamda": 0.49016031765514084}, "datetime": {"datetime": "2021-06-21 19:28:05", "elapsed": 215.366333, "delta": 0.811829}}
{"target": -30.732269656040394, "params": {"C": 0.009581260676558487, "epsilon": 8.733537316688178, "gamma": 0.16567081983943036, "lamda": 0.32464759615827254}, "datetime": {"datetime": "2021-06-21 19:28:06", "elapsed": 216.042528, "delta": 0.676195}}
{"target": -27.762582783884383, "params": {"C": 0.1, "epsilon": 9.337263055519399, "gamma": 0.7081394992303246, "lamda": 0.009}, "datetime": {"datetime": "2021-06-21 19:28:06", "elapsed": 216.839393, "delta": 0.796865}}
{"target": -21.549987156730747, "params": {"C": 0.08556700407631658, "epsilon": 9.195428787317127, "gamma": 0.10829155484563077, "lamda": 0.012007922430793263}, "datetime": {"datetime": "2021-06-21 19:28:07", "elapsed": 217.601356, "delta": 0.761963}}
{"target": -23.53561933103421, "params": {"C": 0.0927979817936953, "epsilon": 6.921545992551628, "gamma": 0.19554429119913047, "lamda": 0.2415483379597192}, "datetime": {"datetime": "2021-06-21 19:28:08", "elapsed": 218.520899, "delta": 0.919543}}
{"target": -29.089770554334184, "params": {"C": 0.1, "epsilon": 4.5, "gamma": 0.7180113349408395, "lamda": 0.061451943458348035}, "datetime": {"datetime": "2021-06-21 19:28:09", "elapsed": 219.337714, "delta": 0.816815}}
{"target": -27.147828776615274, "params": {"C": 0.1, "epsilon": 9.392493297744222, "gamma": 0.6035423441564193, "lamda": 0.7}, "datetime": {"datetime": "2021-06-21 19:28:10", "elapsed": 220.117629, "delta": 0.779915}}
{"target": -32.67328471081506, "params": {"C": 0.021325086105403727, "epsilon": 7.02115646678111, "gamma": 0.7919221306749321, "lamda": 0.6568015582376405}, "datetime": {"datetime": "2021-06-21 19:28:10", "elapsed": 220.787835, "delta": 0.670206}}
{"target": -22.456496412389786, "params": {"C": 0.0922838228488287, "epsilon": 4.7221504271808765, "gamma": 0.10660677077067, "lamda": 0.4053942031980436}, "datetime": {"datetime": "2021-06-21 19:28:11", "elapsed": 221.53085, "delta": 0.743015}}
{"target": -34.624065676929625, "params": {"C": 0.001, "epsilon": 4.5, "gamma": 0.41728833459958226, "lamda": 0.2917552621515964}, "datetime": {"datetime": "2021-06-21 19:28:12", "elapsed": 222.438422, "delta": 0.907572}}
{"target": -21.854865424145586, "params": {"C": 0.1, "epsilon": 5.270180220654624, "gamma": 0.1, "lamda": 0.009}, "datetime": {"datetime": "2021-06-21 19:28:13", "elapsed": 223.306104, "delta": 0.867682}}
{"target": -25.528887610259293, "params": {"C": 0.09334033289745437, "epsilon": 7.740949177237429, "gamma": 0.3516284774519659, "lamda": 0.14515743354070837}, "datetime": {"datetime": "2021-06-21 19:28:14", "elapsed": 224.034155, "delta": 0.728051}}
{"target": -30.414208830512184, "params": {"C": 0.03208823475450008, "epsilon": 7.539901826052264, "gamma": 0.47298959883367675, "lamda": 0.4046412677112215}, "datetime": {"datetime": "2021-06-21 19:28:14", "elapsed": 224.709349, "delta": 0.675194}}
{"target": -25.430146083829534, "params": {"C": 0.048419129201401054, "epsilon": 8.703980209147106, "gamma": 0.19254847517531254, "lamda": 0.14833713710167307}, "datetime": {"datetime": "2021-06-21 19:28:15", "elapsed": 225.402496, "delta": 0.693147}}
{"target": -27.982407851063922, "params": {"C": 0.1, "epsilon": 5.696545003728786, "gamma": 0.5949022410025083, "lamda": 0.009}, "datetime": {"datetime": "2021-06-21 19:28:16", "elapsed": 226.263195, "delta": 0.860699}}
{"target": -29.15807634104582, "params": {"C": 0.030925502387764165, "epsilon": 7.04160773268677, "gamma": 0.3056652643056061, "lamda": 0.5310100966916864}, "datetime": {"datetime": "2021-06-21 19:28:16", "elapsed": 226.967312, "delta": 0.704117}}
{"target": -26.933050511724232, "params": {"C": 0.06815814291914413, "epsilon": 7.076809045664, "gamma": 0.36924975880768074, "lamda": 0.026746151763567157}, "datetime": {"datetime": "2021-06-21 19:28:17", "elapsed": 227.674427, "delta": 0.707115}}
