{"target": -22.906492361301126, "params": {"C": 6.032010158592237, "epsilon": 1.2236351306494615, "gamma": 0.823883078700406, "lamda": 0.8095518049942064}, "datetime": {"datetime": "2021-06-28 17:33:21", "elapsed": 864.486897, "delta": 1.347393}}
{"target": -20.94827079017729, "params": {"C": 3.9195101456222528, "epsilon": 8.993872536746519, "gamma": 0.6191388958277805, "lamda": 0.2060926118165108}, "datetime": {"datetime": "2021-06-28 17:33:23", "elapsed": 866.45862, "delta": 1.971723}}
{"target": -19.07088260948832, "params": {"C": 3.348266674858932, "epsilon": 16.028669489884415, "gamma": 0.48223192046439317, "lamda": 0.8187929547137354}, "datetime": {"datetime": "2021-06-28 17:33:24", "elapsed": 867.853885, "delta": 1.395265}}
{"target": -35.65151377772902, "params": {"C": 9.095436537068625, "epsilon": 8.29116095535117, "gamma": 0.433376608764174, "lamda": 0.3088140128576783}, "datetime": {"datetime": "2021-06-28 17:33:30", "elapsed": 873.377102, "delta": 5.523217}}
{"target": -17.934251652747005, "params": {"C": 1.839928139587243, "epsilon": 15.219792764403286, "gamma": 0.3675119289230283, "lamda": 0.839937185592892}, "datetime": {"datetime": "2021-06-28 17:33:31", "elapsed": 874.785332, "delta": 1.40823}}
{"target": -12.367500232399284, "params": {"C": 3.656039112713249, "epsilon": 15.61052915597491, "gamma": 0.088171365728298, "lamda": 0.19896490730350133}, "datetime": {"datetime": "2021-06-28 17:33:33", "elapsed": 876.180598, "delta": 1.395266}}
{"target": -21.834362410506085, "params": {"C": 3.5711146010211685, "epsilon": 18.698357691247686, "gamma": 0.8117393492686431, "lamda": 0.7567655309557478}, "datetime": {"datetime": "2021-06-28 17:33:35", "elapsed": 878.260034, "delta": 2.079436}}
{"target": -19.321995265524887, "params": {"C": 1.1587931623819374, "epsilon": 10.822159833280162, "gamma": 0.39764435306636914, "lamda": 0.8333541067944961}, "datetime": {"datetime": "2021-06-28 17:33:36", "elapsed": 879.601441, "delta": 1.341407}}
{"target": -17.931431981498516, "params": {"C": 1.2879227536737947, "epsilon": 7.689762875903796, "gamma": 0.27460576338951276, "lamda": 0.19949845646377232}, "datetime": {"datetime": "2021-06-28 17:33:37", "elapsed": 880.974766, "delta": 1.373325}}
{"target": -46.96104981215116, "params": {"C": 4.292798130919906, "epsilon": 8.008913300005782, "gamma": 0.1827509499546596, "lamda": 0.8126628631847297}, "datetime": {"datetime": "2021-06-28 17:33:44", "elapsed": 887.181155, "delta": 6.206389}}
{"target": -22.607911899634743, "params": {"C": 7.84743931257484, "epsilon": 13.70562629912693, "gamma": 0.8971791613407759, "lamda": 0.8391073234559127}, "datetime": {"datetime": "2021-06-28 17:33:45", "elapsed": 888.539518, "delta": 1.358363}}
{"target": -22.212435479881734, "params": {"C": 3.3933233740934323, "epsilon": 16.520388065721214, "gamma": 0.8477726836405453, "lamda": 0.7304958850866544}, "datetime": {"datetime": "2021-06-28 17:33:46", "elapsed": 889.856992, "delta": 1.317474}}
{"target": -13.40575539673757, "params": {"C": 1.7899405770678416, "epsilon": 7.416631213759483, "gamma": 0.08571867308739492, "lamda": 0.6122637825345078}, "datetime": {"datetime": "2021-06-28 17:33:48", "elapsed": 891.283174, "delta": 1.426182}}
{"target": -20.546398844852117, "params": {"C": 4.880245006314069, "epsilon": 18.584752660941515, "gamma": 0.6307216702589845, "lamda": 0.11074795700116641}, "datetime": {"datetime": "2021-06-28 17:33:49", "elapsed": 892.620594, "delta": 1.33742}}
{"target": -21.857078771191414, "params": {"C": 3.790667282144465, "epsilon": 17.889743014598462, "gamma": 0.8124696374657441, "lamda": 0.6990631473418264}, "datetime": {"datetime": "2021-06-28 17:33:50", "elapsed": 893.988933, "delta": 1.368339}}
{"target": -17.10955016031725, "params": {"C": 3.7885051588642304, "epsilon": 16.65724842900783, "gamma": 0.33780804104377987, "lamda": 0.38106301092488404}, "datetime": {"datetime": "2021-06-28 17:33:52", "elapsed": 895.422095, "delta": 1.433162}}
{"target": -18.99733376420138, "params": {"C": 7.113787319059645, "epsilon": 2.067860852707336, "gamma": 0.39283072186429896, "lamda": 0.520371204376832}, "datetime": {"datetime": "2021-06-28 17:33:53", "elapsed": 896.953996, "delta": 1.531901}}
{"target": -14.927299791349974, "params": {"C": 4.9571413988374715, "epsilon": 6.746171712617702, "gamma": 0.18009122395837152, "lamda": 0.3372957970493727}, "datetime": {"datetime": "2021-06-28 17:33:55", "elapsed": 898.341283, "delta": 1.387287}}
{"target": -51.93090403624125, "params": {"C": 7.383708884327464, "epsilon": 11.872616831986335, "gamma": 0.12708274458600108, "lamda": 0.35715740834312326}, "datetime": {"datetime": "2021-06-28 17:34:03", "elapsed": 906.802635, "delta": 8.461352}}
{"target": -18.135885813285437, "params": {"C": 6.058686600605738, "epsilon": 17.208162224238713, "gamma": 0.3719594914535688, "lamda": 0.06136159265022796}, "datetime": {"datetime": "2021-06-28 17:34:05", "elapsed": 908.423296, "delta": 1.620661}}
{"target": -19.058861681949377, "params": {"C": 1.0737636143870621, "epsilon": 13.134416323977517, "gamma": 0.3869445306561026, "lamda": 0.483870176954987}, "datetime": {"datetime": "2021-06-28 17:34:07", "elapsed": 910.46184, "delta": 2.038544}}
{"target": -55.29181926156096, "params": {"C": 9.720953250957619, "epsilon": 19.41988100181727, "gamma": 0.12510488941169498, "lamda": 0.35027035025208175}, "datetime": {"datetime": "2021-06-28 17:34:14", "elapsed": 918.0984, "delta": 7.63656}}
{"target": -46.36622367278454, "params": {"C": 8.82310348069583, "epsilon": 8.60821468683072, "gamma": 0.18369545632227846, "lamda": 0.5667475648576714}, "datetime": {"datetime": "2021-06-28 17:34:22", "elapsed": 925.333036, "delta": 7.234636}}
{"target": -17.215604905400053, "params": {"C": 1.7714072332851385, "epsilon": 4.832580273263625, "gamma": 0.24793683167985314, "lamda": 0.26291989365436896}, "datetime": {"datetime": "2021-06-28 17:34:23", "elapsed": 926.798115, "delta": 1.465079}}
{"target": -16.987534141191542, "params": {"C": 4.278616258099277, "epsilon": 3.083291151879393, "gamma": 0.28511344964557095, "lamda": 0.6076454201036355}, "datetime": {"datetime": "2021-06-28 17:34:26", "elapsed": 929.757195, "delta": 2.95908}}
{"target": -13.823801490797278, "params": {"C": 1.4954474261461723, "epsilon": 18.862692395420805, "gamma": 0.11551479122988027, "lamda": 0.36839451962529396}, "datetime": {"datetime": "2021-06-28 17:34:28", "elapsed": 931.822674, "delta": 2.065479}}
{"target": -37.598880633882004, "params": {"C": 9.61594641052386, "epsilon": 12.399951985080554, "gamma": 0.2562637669864484, "lamda": 0.8390350221814715}, "datetime": {"datetime": "2021-06-28 17:34:34", "elapsed": 937.309978, "delta": 5.487304}}
{"target": -19.486615163519446, "params": {"C": 2.761382403346427, "epsilon": 13.142219019567056, "gamma": 0.5155424068369282, "lamda": 0.46586591252968107}, "datetime": {"datetime": "2021-06-28 17:34:35", "elapsed": 938.823927, "delta": 1.513949}}
{"target": -19.793970331136563, "params": {"C": 5.7943986263940905, "epsilon": 18.332452584315345, "gamma": 0.5260392398220841, "lamda": 0.26505070160970984}, "datetime": {"datetime": "2021-06-28 17:34:37", "elapsed": 940.252104, "delta": 1.428177}}
{"target": -78.32246649831482, "params": {"C": 9.414670795617141, "epsilon": 10.449997827045602, "gamma": 0.06646791210598692, "lamda": 0.3222869513164183}, "datetime": {"datetime": "2021-06-28 17:34:45", "elapsed": 948.863058, "delta": 8.610954}}
{"target": -19.528440753363565, "params": {"C": 5.8851667372738685, "epsilon": 11.442775311574927, "gamma": 0.4766930510756654, "lamda": 0.7506722923955902}, "datetime": {"datetime": "2021-06-28 17:34:47", "elapsed": 950.393958, "delta": 1.5309}}
{"target": -22.740885899635398, "params": {"C": 9.208772328680654, "epsilon": 3.7262574792241745, "gamma": 0.8481652371621683, "lamda": 0.5788329410312181}, "datetime": {"datetime": "2021-06-28 17:34:49", "elapsed": 952.242013, "delta": 1.848055}}
{"target": -23.231464152130048, "params": {"C": 9.407209691391092, "epsilon": 1.0517039391105352, "gamma": 0.9008532648224477, "lamda": 0.370178552605623}, "datetime": {"datetime": "2021-06-28 17:34:50", "elapsed": 953.768925, "delta": 1.526912}}
{"target": -21.739404186648105, "params": {"C": 5.03203849510016, "epsilon": 16.02400400325918, "gamma": 0.7840041615682976, "lamda": 0.36620270527314164}, "datetime": {"datetime": "2021-06-28 17:34:52", "elapsed": 955.233007, "delta": 1.464082}}
{"target": -18.353611534775887, "params": {"C": 5.812782721615014, "epsilon": 11.64528541290231, "gamma": 0.38039946943589925, "lamda": 0.286581767164417}, "datetime": {"datetime": "2021-06-28 17:34:53", "elapsed": 956.826739, "delta": 1.593732}}
{"target": -34.7619271355307, "params": {"C": 7.113831547063982, "epsilon": 8.15637543282487, "gamma": 0.5404832510173603, "lamda": 0.7082385835684769}, "datetime": {"datetime": "2021-06-28 17:35:01", "elapsed": 964.337636, "delta": 7.510897}}
{"target": -17.13164626837674, "params": {"C": 1.4249367747741486, "epsilon": 19.279558546219782, "gamma": 0.29044434292122784, "lamda": 0.11798276266480086}, "datetime": {"datetime": "2021-06-28 17:35:02", "elapsed": 965.797729, "delta": 1.460093}}
{"target": -43.908962841546476, "params": {"C": 8.574605876500051, "epsilon": 13.846167940312627, "gamma": 0.18009075638513314, "lamda": 0.40006837837249876}, "datetime": {"datetime": "2021-06-28 17:35:13", "elapsed": 977.089505, "delta": 11.291776}}
{"target": -15.98795971876589, "params": {"C": 3.698623039735014, "epsilon": 2.6478396534918165, "gamma": 0.2195399872822463, "lamda": 0.011134693547251894}, "datetime": {"datetime": "2021-06-28 17:35:16", "elapsed": 979.187893, "delta": 2.098388}}
{"target": -21.701204647470636, "params": {"C": 3.487290411845044, "epsilon": 6.374925056459785, "gamma": 0.6895476583716553, "lamda": 0.6933607673605519}, "datetime": {"datetime": "2021-06-28 17:35:18", "elapsed": 981.446842, "delta": 2.258949}}
{"target": -17.03864129855532, "params": {"C": 7.257691271562358, "epsilon": 1.5896501326734034, "gamma": 0.2744685007051331, "lamda": 0.5860209082308148}, "datetime": {"datetime": "2021-06-28 17:35:19", "elapsed": 983.056534, "delta": 1.609692}}
{"target": -19.18162744460416, "params": {"C": 4.730038044718397, "epsilon": 11.561053474625364, "gamma": 0.4470216092568004, "lamda": 0.37900311697541245}, "datetime": {"datetime": "2021-06-28 17:35:21", "elapsed": 984.534579, "delta": 1.478045}}
{"target": -85.07060572728695, "params": {"C": 8.923418089348907, "epsilon": 14.686165375401004, "gamma": 0.010113231069171438, "lamda": 0.30930924690552136}, "datetime": {"datetime": "2021-06-28 17:37:55", "elapsed": 0.0, "delta": 0.0}}
{"target": -15.556249133345132, "params": {"C": 3.7883619255251477, "epsilon": 2.7544333006071584, "gamma": 0.1943976092638942, "lamda": 0.35210511977261727}, "datetime": {"datetime": "2021-06-28 17:37:56", "elapsed": 0.31416, "delta": 0.31416}}
{"target": -19.00764461638863, "params": {"C": 8.53858201038273, "epsilon": 11.237517946063782, "gamma": 0.4250025692592619, "lamda": 0.6883673053927919}, "datetime": {"datetime": "2021-06-28 17:37:56", "elapsed": 0.61735, "delta": 0.30319}}
{"target": -19.664179447511, "params": {"C": 8.441563252718769, "epsilon": 11.007620177046231, "gamma": 0.48888126454426395, "lamda": 0.7597322605402139}, "datetime": {"datetime": "2021-06-28 17:37:56", "elapsed": 0.927518, "delta": 0.310168}}
{"target": -11.760926185398679, "params": {"C": 5.248120437216492, "epsilon": 5.369810631751736, "gamma": 0.01, "lamda": 0.08163001681676062}, "datetime": {"datetime": "2021-06-28 17:37:58", "elapsed": 2.893262, "delta": 1.965744}}
{"target": -11.729530372235953, "params": {"C": 7.228959154688985, "epsilon": 2.9317762632715065, "gamma": 0.01, "lamda": 0.01}, "datetime": {"datetime": "2021-06-28 17:37:59", "elapsed": 3.877627, "delta": 0.984365}}
{"target": -11.449791363199065, "params": {"C": 8.918639671044419, "epsilon": 5.866960249209576, "gamma": 0.01, "lamda": 0.01}, "datetime": {"datetime": "2021-06-28 17:38:00", "elapsed": 4.790752, "delta": 0.913125}}
{"target": -23.710782844043223, "params": {"C": 10.796385631655895, "epsilon": 3.0697399328737567, "gamma": 1.0, "lamda": 1.0}, "datetime": {"datetime": "2021-06-28 17:38:01", "elapsed": 5.516812, "delta": 0.72606}}
{"target": -11.492989406273576, "params": {"C": 11.710577761570672, "epsilon": 8.43356315792559, "gamma": 0.01, "lamda": 0.01}, "datetime": {"datetime": "2021-06-28 17:38:02", "elapsed": 6.483225, "delta": 0.966413}}
{"target": -11.493609873040318, "params": {"C": 14.962460076907126, "epsilon": 6.960218898657633, "gamma": 0.01, "lamda": 0.01}, "datetime": {"datetime": "2021-06-28 17:38:04", "elapsed": 8.145778, "delta": 1.662553}}
{"target": -23.437381316812047, "params": {"C": 14.733519661069156, "epsilon": 10.050451736286186, "gamma": 1.0, "lamda": 1.0}, "datetime": {"datetime": "2021-06-28 17:38:04", "elapsed": 8.984533, "delta": 0.838755}}
{"target": -11.58258607769822, "params": {"C": 17.160806045750476, "epsilon": 4.271482909496434, "gamma": 0.01, "lamda": 0.01}, "datetime": {"datetime": "2021-06-28 17:38:06", "elapsed": 10.283061, "delta": 1.298528}}
{"target": -11.44636760687836, "params": {"C": 18.70744872954616, "epsilon": 7.228859793638815, "gamma": 0.01, "lamda": 0.01}, "datetime": {"datetime": "2021-06-28 17:38:06", "elapsed": 10.909384, "delta": 0.626323}}
{"target": -23.61260004423465, "params": {"C": 20.0, "epsilon": 4.37105421117321, "gamma": 1.0, "lamda": 1.0}, "datetime": {"datetime": "2021-06-28 17:38:08", "elapsed": 13.118027, "delta": 2.208643}}
{"target": -24.655881924570807, "params": {"C": 1.8589287867674846, "epsilon": 6.455098502605763, "gamma": 1.0, "lamda": 0.01}, "datetime": {"datetime": "2021-06-28 17:38:10", "elapsed": 15.090517, "delta": 1.97249}}
{"target": -95.56991552520614, "params": {"C": 14.481129795404119, "epsilon": 4.255925089691329, "gamma": 0.01603133345317996, "lamda": 0.9934140425053575}, "datetime": {"datetime": "2021-06-28 17:38:24", "elapsed": 28.588146, "delta": 13.497629}}
{"target": -21.202514220235326, "params": {"C": 7.193141346558772, "epsilon": 4.881375405232361, "gamma": 0.6324792648444754, "lamda": 0.7366705861145045}, "datetime": {"datetime": "2021-06-28 17:38:25", "elapsed": 29.295254, "delta": 0.707108}}
{"target": -44.693747480845694, "params": {"C": 16.715841675763627, "epsilon": 7.9495039120644755, "gamma": 0.1785980264358149, "lamda": 0.20508687976785173}, "datetime": {"datetime": "2021-06-28 17:38:34", "elapsed": 38.255324, "delta": 8.96007}}
{"target": -11.513438134518413, "params": {"C": 18.44001241601, "epsilon": 5.460351447946669, "gamma": 0.01, "lamda": 0.01}, "datetime": {"datetime": "2021-06-28 17:38:34", "elapsed": 39.033243, "delta": 0.777919}}
{"target": -17.312364539038622, "params": {"C": 13.483598325560633, "epsilon": 7.9650521863988155, "gamma": 0.257770331191021, "lamda": 0.03668171501090524}, "datetime": {"datetime": "2021-06-28 17:38:35", "elapsed": 39.6476, "delta": 0.614357}}
{"target": -11.31718572213506, "params": {"C": 9.656143902659952, "epsilon": 7.851512398877144, "gamma": 0.01, "lamda": 0.01}, "datetime": {"datetime": "2021-06-28 17:38:36", "elapsed": 40.328779, "delta": 0.681179}}
{"target": -23.301039680281463, "params": {"C": 10.840448575251264, "epsilon": 6.783980758054715, "gamma": 0.9624474768964209, "lamda": 0.8537964025197412}, "datetime": {"datetime": "2021-06-28 17:38:37", "elapsed": 41.135621, "delta": 0.806842}}
{"target": -11.421087495084214, "params": {"C": 7.239088463098546, "epsilon": 7.444205321997662, "gamma": 0.01, "lamda": 0.01}, "datetime": {"datetime": "2021-06-28 17:38:37", "elapsed": 41.856691, "delta": 0.72107}}
{"target": -20.79575689405094, "params": {"C": 5.933368335670003, "epsilon": 1.1834917487181873, "gamma": 0.5574635015601823, "lamda": 0.1599247337090446}, "datetime": {"datetime": "2021-06-28 17:38:38", "elapsed": 42.504958, "delta": 0.648267}}
{"target": -84.04769878668147, "params": {"C": 5.053483450862487, "epsilon": 7.558704623256116, "gamma": 0.01, "lamda": 1.0}, "datetime": {"datetime": "2021-06-28 17:38:46", "elapsed": 50.830604, "delta": 8.325646}}
{"target": -11.807455737482549, "params": {"C": 5.491668985906512, "epsilon": 3.6749438662779546, "gamma": 0.01, "lamda": 0.01}, "datetime": {"datetime": "2021-06-28 17:38:47", "elapsed": 51.494826, "delta": 0.664222}}
{"target": -20.67176387915251, "params": {"C": 10.706534639454814, "epsilon": 10.020311152780458, "gamma": 0.5726217867471777, "lamda": 0.08720521578572271}, "datetime": {"datetime": "2021-06-28 17:38:47", "elapsed": 52.12913, "delta": 0.634304}}
{"target": -34.049897853950355, "params": {"C": 8.55493042584665, "epsilon": 7.852695463933226, "gamma": 0.9700755437463456, "lamda": 0.7429608705364407}, "datetime": {"datetime": "2021-06-28 17:38:54", "elapsed": 58.965843, "delta": 6.836713}}
{"target": -23.826920712006896, "params": {"C": 3.9907512079534024, "epsilon": 4.657785653637745, "gamma": 0.9702663652220225, "lamda": 0.19027264879577255}, "datetime": {"datetime": "2021-06-28 17:38:55", "elapsed": 59.535321, "delta": 0.569478}}
{"target": -11.513644840563938, "params": {"C": 20.0, "epsilon": 6.384807962137376, "gamma": 0.01, "lamda": 0.01}, "datetime": {"datetime": "2021-06-28 17:38:56", "elapsed": 60.15566, "delta": 0.620339}}
{"target": -11.610903384104942, "params": {"C": 18.484125845984124, "epsilon": 2.8726275087219446, "gamma": 0.01, "lamda": 0.01}, "datetime": {"datetime": "2021-06-28 17:38:56", "elapsed": 60.815895, "delta": 0.660235}}
{"target": -34.0812441355375, "params": {"C": 19.966321993035834, "epsilon": 8.473889143798687, "gamma": 0.6416970740658646, "lamda": 0.7345533467617558}, "datetime": {"datetime": "2021-06-28 17:39:05", "elapsed": 69.311738, "delta": 8.495843}}
{"target": -68.15411749437774, "params": {"C": 8.857326732121965, "epsilon": 1.5446431504805695, "gamma": 0.08410749286754426, "lamda": 0.6383451809872996}, "datetime": {"datetime": "2021-06-28 17:39:10", "elapsed": 74.366218, "delta": 5.05448}}
{"target": -21.44243071942058, "params": {"C": 18.194048321489824, "epsilon": 1.1373950533602888, "gamma": 0.6318520490312515, "lamda": 0.8803275748213618}, "datetime": {"datetime": "2021-06-28 17:39:10", "elapsed": 74.932703, "delta": 0.566485}}
{"target": -23.29875079128256, "params": {"C": 17.731084486370108, "epsilon": 3.7889797881505625, "gamma": 0.9417853351270606, "lamda": 0.825054599656208}, "datetime": {"datetime": "2021-06-28 17:39:11", "elapsed": 75.544069, "delta": 0.611366}}
{"target": -11.71207059980858, "params": {"C": 20.0, "epsilon": 1.7157396092363175, "gamma": 0.01, "lamda": 0.01}, "datetime": {"datetime": "2021-06-28 17:39:12", "elapsed": 76.287081, "delta": 0.743012}}
{"target": -24.761295912838836, "params": {"C": 2.8621611367266047, "epsilon": 1.0, "gamma": 1.0, "lamda": 1.0}, "datetime": {"datetime": "2021-06-28 17:39:13", "elapsed": 77.232551, "delta": 0.94547}}
{"target": -23.106821487506068, "params": {"C": 6.003223809584148, "epsilon": 3.158882213764164, "gamma": 0.872316024504001, "lamda": 0.9991586623346398}, "datetime": {"datetime": "2021-06-28 17:39:13", "elapsed": 77.948638, "delta": 0.716087}}
{"target": -14.184767022430373, "params": {"C": 1.5046782408345942, "epsilon": 3.1403501093636863, "gamma": 0.08920897145898449, "lamda": 0.09302102826860333}, "datetime": {"datetime": "2021-06-28 17:39:14", "elapsed": 78.544044, "delta": 0.595406}}
{"target": -13.39543198541538, "params": {"C": 1.0, "epsilon": 1.1082297864742814, "gamma": 0.01, "lamda": 0.01}, "datetime": {"datetime": "2021-06-28 17:39:14", "elapsed": 79.013787, "delta": 0.469743}}
{"target": -23.18340030064113, "params": {"C": 20.0, "epsilon": 20.0, "gamma": 1.0, "lamda": 0.01}, "datetime": {"datetime": "2021-06-28 17:39:15", "elapsed": 79.65607, "delta": 0.642283}}
{"target": -82.053615198613, "params": {"C": 12.59425084408788, "epsilon": 9.91352114244248, "gamma": 0.01, "lamda": 1.0}, "datetime": {"datetime": "2021-06-28 17:39:22", "elapsed": 86.457877, "delta": 6.801807}}
{"target": -20.0576827943833, "params": {"C": 18.76623775480892, "epsilon": 6.153500707509845, "gamma": 0.47369360589476645, "lamda": 0.9873849220221592}, "datetime": {"datetime": "2021-06-28 17:39:22", "elapsed": 86.963523, "delta": 0.505646}}
{"target": -23.664976900790347, "params": {"C": 19.84371322698688, "epsilon": 2.4012132662167436, "gamma": 0.9971691892353101, "lamda": 0.8364818634464842}, "datetime": {"datetime": "2021-06-28 17:39:23", "elapsed": 87.506072, "delta": 0.542549}}
{"target": -25.984952431230358, "params": {"C": 1.2867972477756346, "epsilon": 2.3716624712846097, "gamma": 0.956938002641166, "lamda": 0.9637472390351877}, "datetime": {"datetime": "2021-06-28 17:39:23", "elapsed": 88.014713, "delta": 0.508641}}
{"target": -61.75837497045571, "params": {"C": 11.813300697324529, "epsilon": 6.953108287238797, "gamma": 0.10653752737908874, "lamda": 0.10959949572888984}, "datetime": {"datetime": "2021-06-28 17:39:30", "elapsed": 94.838461, "delta": 6.823748}}
{"target": -14.699723379587024, "params": {"C": 7.881237406681059, "epsilon": 6.37363159783859, "gamma": 0.17201975381721102, "lamda": 0.012077544165127966}, "datetime": {"datetime": "2021-06-28 17:39:31", "elapsed": 95.418906, "delta": 0.580445}}
{"target": -38.06756249124604, "params": {"C": 10.398199156321429, "epsilon": 8.681509196169872, "gamma": 0.2751189317240113, "lamda": 0.43708685408107445}, "datetime": {"datetime": "2021-06-28 17:39:37", "elapsed": 101.979359, "delta": 6.560453}}
{"target": -13.695257174019899, "params": {"C": 18.514682880132977, "epsilon": 4.329333603911765, "gamma": 0.1201629219850568, "lamda": 0.06090853587280032}, "datetime": {"datetime": "2021-06-28 17:39:38", "elapsed": 102.698437, "delta": 0.719078}}
{"target": -22.828612971794755, "params": {"C": 5.8338371915813365, "epsilon": 4.617366317244188, "gamma": 0.8424400335068681, "lamda": 0.01}, "datetime": {"datetime": "2021-06-28 17:39:39", "elapsed": 103.327753, "delta": 0.629316}}
