{"target": -33.17395612842793, "params": {"C": 9.538177319720043, "epsilon": 7.685234207594381, "gamma": 9.997190055092462, "lamda": 3.4300742633254804}, "datetime": {"datetime": "2021-06-28 08:24:23", "elapsed": 399.843997, "delta": 0.603269}}
{"target": -20.57387855693603, "params": {"C": 8.617326044649232, "epsilon": 8.655060556187937, "gamma": 1.1577918046006872, "lamda": 0.23910440844414566}, "datetime": {"datetime": "2021-06-28 08:24:24", "elapsed": 400.758169, "delta": 0.914172}}
{"target": -19.21674654678373, "params": {"C": 8.479660008770411, "epsilon": 9.330986511968497, "gamma": 0.9537589285637819, "lamda": 0.6376125846481606}, "datetime": {"datetime": "2021-06-28 08:24:25", "elapsed": 401.770114, "delta": 1.011945}}
{"target": -32.184641492997564, "params": {"C": 5.320266399618075, "epsilon": 8.099905903484323, "gamma": 7.902096314056764, "lamda": 6.467875083502635}, "datetime": {"datetime": "2021-06-28 08:24:41", "elapsed": 417.579386, "delta": 15.809272}}
{"target": -20.964180206303826, "params": {"C": 4.237349666528631, "epsilon": 5.805630296222703, "gamma": 1.109052426955465, "lamda": 1.6782499947368046}, "datetime": {"datetime": "2021-06-28 08:24:42", "elapsed": 418.315495, "delta": 0.736109}}
{"target": -20.96105449635996, "params": {"C": 7.734815065956173, "epsilon": 8.777901273218564, "gamma": 1.2116646448249084, "lamda": 0.4631423873398336}, "datetime": {"datetime": "2021-06-28 08:24:43", "elapsed": 418.938284, "delta": 0.622789}}
{"target": -20.687242851637862, "params": {"C": 4.150810039670732, "epsilon": 5.491052054154506, "gamma": 1.0539948201370042, "lamda": 1.7961326933468726}, "datetime": {"datetime": "2021-06-28 08:24:43", "elapsed": 419.660123, "delta": 0.721839}}
{"target": -18.51492582005067, "params": {"C": 9.667297679581386, "epsilon": 6.441553300191139, "gamma": 0.8575756576150592, "lamda": 0.4588010008334171}, "datetime": {"datetime": "2021-06-28 08:24:44", "elapsed": 420.48909, "delta": 0.828967}}
{"target": -31.53013252283828, "params": {"C": 6.08078782552609, "epsilon": 6.931622130490116, "gamma": 6.525723679739837, "lamda": 4.209430787681496}, "datetime": {"datetime": "2021-06-28 08:24:45", "elapsed": 421.391199, "delta": 0.902109}}
{"target": -21.29462075979, "params": {"C": 8.178911958609877, "epsilon": 9.332971331174472, "gamma": 1.289599305762863, "lamda": 0.6860659676045311}, "datetime": {"datetime": "2021-06-28 08:24:46", "elapsed": 422.592179, "delta": 1.20098}}
{"target": -31.714843007717086, "params": {"C": 2.8290760605252228, "epsilon": 3.9900624319958315, "gamma": 5.686024295234939, "lamda": 1.2843965378355464}, "datetime": {"datetime": "2021-06-28 08:24:47", "elapsed": 423.525848, "delta": 0.933669}}
{"target": -19.147717887618523, "params": {"C": 9.734480788837919, "epsilon": 6.459458501556089, "gamma": 0.9422639513322222, "lamda": 0.6431123852213784}, "datetime": {"datetime": "2021-06-28 08:24:48", "elapsed": 424.424152, "delta": 0.898304}}
{"target": -20.824364309472497, "params": {"C": 4.89614281833535, "epsilon": 5.250323608768148, "gamma": 1.1002555318075073, "lamda": 2.2583957012445666}, "datetime": {"datetime": "2021-06-28 08:24:49", "elapsed": 425.13585, "delta": 0.711698}}
{"target": -74.46297265126161, "params": {"C": 7.477318219526014, "epsilon": 1.2682020635560896, "gamma": 0.1177767192312394, "lamda": 5.938198302329705}, "datetime": {"datetime": "2021-06-28 08:25:01", "elapsed": 437.301721, "delta": 12.165871}}
{"target": -21.14528557766471, "params": {"C": 4.8212568826750415, "epsilon": 5.327802473864017, "gamma": 1.1568744757754457, "lamda": 2.216185960945377}, "datetime": {"datetime": "2021-06-28 08:25:02", "elapsed": 438.283008, "delta": 0.981287}}
{"target": -33.83266035309027, "params": {"C": 9.136293670122553, "epsilon": 8.66373662660472, "gamma": 1.0336501786141554, "lamda": 0.6532859119373027}, "datetime": {"datetime": "2021-06-28 08:25:16", "elapsed": 452.615468, "delta": 14.33246}}
{"target": -20.76389742217457, "params": {"C": 8.80089676520934, "epsilon": 8.666948178731108, "gamma": 1.1946982227508354, "lamda": 0.30061065463183}, "datetime": {"datetime": "2021-06-28 08:25:17", "elapsed": 453.356072, "delta": 0.740604}}
{"target": -30.271184778130362, "params": {"C": 5.468198284685817, "epsilon": 6.30710048263412, "gamma": 4.985039699679702, "lamda": 1.9085584125452704}, "datetime": {"datetime": "2021-06-28 08:25:18", "elapsed": 454.047131, "delta": 0.691059}}
{"target": -22.449638127829207, "params": {"C": 8.103883141717425, "epsilon": 8.434020765466036, "gamma": 1.5155756982191528, "lamda": 0.391263562504109}, "datetime": {"datetime": "2021-06-28 08:25:18", "elapsed": 454.746237, "delta": 0.699106}}
{"target": -32.00599324037818, "params": {"C": 7.238678724164829, "epsilon": 9.178328992954665, "gamma": 6.421068127303308, "lamda": 2.3456026817130287}, "datetime": {"datetime": "2021-06-28 08:25:30", "elapsed": 465.979267, "delta": 11.23303}}
{"target": -18.725975886144077, "params": {"C": 8.431343291536878, "epsilon": 8.635598879999218, "gamma": 0.8831613845186839, "lamda": 0.2053615079764659}, "datetime": {"datetime": "2021-06-28 08:25:30", "elapsed": 466.847937, "delta": 0.86867}}
{"target": -20.67539766356928, "params": {"C": 3.974836627056121, "epsilon": 5.50129391741878, "gamma": 1.04475877344323, "lamda": 1.7277298564790866}, "datetime": {"datetime": "2021-06-28 08:25:31", "elapsed": 467.659329, "delta": 0.811392}}
{"target": -15.771076006704595, "params": {"C": 4.09759703325721, "epsilon": 5.649630248201424, "gamma": 0.49949600103504704, "lamda": 1.4337272127607956}, "datetime": {"datetime": "2021-06-28 08:25:32", "elapsed": 468.471066, "delta": 0.811737}}
{"target": -17.95801613927082, "params": {"C": 9.684862016206237, "epsilon": 6.46604890032508, "gamma": 0.7890139226904201, "lamda": 0.8217883798510979}, "datetime": {"datetime": "2021-06-28 08:25:33", "elapsed": 469.353345, "delta": 0.882279}}
{"target": -95.41271102868347, "params": {"C": 2.0277257057875393, "epsilon": 8.762001557759934, "gamma": 0.06262404279646787, "lamda": 1.2882524069187868}, "datetime": {"datetime": "2021-06-28 08:25:41", "elapsed": 477.54144, "delta": 8.188095}}
{"target": -34.02459118519968, "params": {"C": 5.027854411515161, "epsilon": 2.6093449046584816, "gamma": 6.229214352924491, "lamda": 8.2746654234276}, "datetime": {"datetime": "2021-06-28 08:25:54", "elapsed": 490.296225, "delta": 12.754785}}
{"target": -22.33132483159124, "params": {"C": 4.219845792089478, "epsilon": 5.672190093164556, "gamma": 1.3510053992437967, "lamda": 2.341622247153188}, "datetime": {"datetime": "2021-06-28 08:25:55", "elapsed": 491.351763, "delta": 1.055538}}
{"target": -19.59062261863567, "params": {"C": 8.138209930658524, "epsilon": 9.121735491496912, "gamma": 1.0007591597878482, "lamda": 0.42893733245711896}, "datetime": {"datetime": "2021-06-28 08:25:56", "elapsed": 492.244884, "delta": 0.893121}}
{"target": -21.334101877345095, "params": {"C": 7.901136976161778, "epsilon": 9.133453693211123, "gamma": 1.2929653236641165, "lamda": 0.28919595502565093}, "datetime": {"datetime": "2021-06-28 08:25:57", "elapsed": 493.060638, "delta": 0.815754}}
{"target": -18.228651090949654, "params": {"C": 9.539872039633003, "epsilon": 6.6830079334322114, "gamma": 0.8209586639664228, "lamda": 1.0751787219133677}, "datetime": {"datetime": "2021-06-28 08:25:58", "elapsed": 494.368027, "delta": 1.307389}}
{"target": -17.916472838506007, "params": {"C": 3.9078508989409055, "epsilon": 6.150535587204663, "gamma": 0.7263540761826751, "lamda": 1.8284397778927945}, "datetime": {"datetime": "2021-06-28 08:25:59", "elapsed": 495.275279, "delta": 0.907252}}
{"target": -33.89499489006602, "params": {"C": 4.252068298523516, "epsilon": 3.2613684500307145, "gamma": 6.631423489968546, "lamda": 5.682043718428858}, "datetime": {"datetime": "2021-06-28 08:26:11", "elapsed": 507.473671, "delta": 12.198392}}
{"target": -32.404890894091736, "params": {"C": 4.227500454883494, "epsilon": 8.800455211528451, "gamma": 2.8113348420886237, "lamda": 6.520475608582287}, "datetime": {"datetime": "2021-06-28 08:26:26", "elapsed": 522.595449, "delta": 15.121778}}
{"target": -19.193686737587083, "params": {"C": 9.5543758034601, "epsilon": 6.651106340402025, "gamma": 0.9475165411345672, "lamda": 1.0460273164658298}, "datetime": {"datetime": "2021-06-28 08:26:27", "elapsed": 523.404351, "delta": 0.808902}}
{"target": -31.25361890127113, "params": {"C": 1.9040434048739268, "epsilon": 4.6993395407263145, "gamma": 4.836873143612481, "lamda": 2.6366272759759757}, "datetime": {"datetime": "2021-06-28 08:26:28", "elapsed": 524.121487, "delta": 0.717136}}
{"target": -33.00020666604333, "params": {"C": 1.8624938165971705, "epsilon": 6.020339479528169, "gamma": 4.353487890606161, "lamda": 5.771031600936808}, "datetime": {"datetime": "2021-06-28 08:26:40", "elapsed": 536.703786, "delta": 12.582299}}
{"target": -34.91792040002275, "params": {"C": 1.0450326536963526, "epsilon": 1.0498598852465926, "gamma": 3.145706347267115, "lamda": 9.218275512330056}, "datetime": {"datetime": "2021-06-28 08:26:52", "elapsed": 548.154121, "delta": 11.450335}}
{"target": -16.289089137090375, "params": {"C": 4.07966343394113, "epsilon": 5.687371570053418, "gamma": 0.5604017089210499, "lamda": 1.4817628887661844}, "datetime": {"datetime": "2021-06-28 08:26:53", "elapsed": 549.584889, "delta": 1.430768}}
{"target": -14.360131931404002, "params": {"C": 3.817690078500837, "epsilon": 5.65665937361902, "gamma": 0.31351462543113856, "lamda": 1.4317904170278866}, "datetime": {"datetime": "2021-06-28 08:26:54", "elapsed": 550.525484, "delta": 0.940595}}
{"target": -17.67265384918144, "params": {"C": 3.9348268224105896, "epsilon": 6.002973088869635, "gamma": 0.7006749483666459, "lamda": 1.7361792165374965}, "datetime": {"datetime": "2021-06-28 08:26:55", "elapsed": 551.53232, "delta": 1.006836}}
{"target": -31.036972177662303, "params": {"C": 7.738675478412383, "epsilon": 5.1914114743213915, "gamma": 5.78959867169269, "lamda": 3.7215711553100976}, "datetime": {"datetime": "2021-06-28 08:26:56", "elapsed": 552.432278, "delta": 0.899958}}
{"target": -18.492910531580538, "params": {"C": 9.656019020681683, "epsilon": 6.5713726751064305, "gamma": 0.8554388753924751, "lamda": 0.8915143022966858}, "datetime": {"datetime": "2021-06-28 08:26:57", "elapsed": 553.869353, "delta": 1.437075}}
{"target": -20.635789228686296, "params": {"C": 8.067508042662864, "epsilon": 8.63282886551046, "gamma": 1.1582503514581008, "lamda": 0.19802773833318682}, "datetime": {"datetime": "2021-06-28 08:26:58", "elapsed": 554.649575, "delta": 0.780222}}
{"target": -19.20811411667936, "params": {"C": 8.520145027580151, "epsilon": 8.74744152066692, "gamma": 0.9502165468326638, "lamda": 0.21613573739380593}, "datetime": {"datetime": "2021-06-28 08:26:59", "elapsed": 555.674891, "delta": 1.025316}}
{"target": -14.510948425039683, "params": {"C": 3.504767466885604, "epsilon": 5.853824303101943, "gamma": 0.32803856425684436, "lamda": 1.287171809201003}, "datetime": {"datetime": "2021-06-28 08:27:00", "elapsed": 556.5969, "delta": 0.922009}}
{"target": -14.860495256437245, "params": {"C": 3.5286388578113477, "epsilon": 5.9633816744862616, "gamma": 0.3777520444368351, "lamda": 1.03794783189158}, "datetime": {"datetime": "2021-06-28 08:27:01", "elapsed": 557.534964, "delta": 0.938064}}
{"target": -32.1080981166779, "params": {"C": 0.6106055964187431, "epsilon": 2.9455745558198108, "gamma": 3.776362572936463, "lamda": 5.608606702722075}, "datetime": {"datetime": "2021-06-28 08:27:02", "elapsed": 558.395198, "delta": 0.860234}}
{"target": -14.783631037845947, "params": {"C": 3.627864901188642, "epsilon": 5.8542061609264096, "gamma": 0.3679000805798205, "lamda": 1.2179326613855235}, "datetime": {"datetime": "2021-06-28 08:27:03", "elapsed": 559.524028, "delta": 1.12883}}
{"target": -97.9135542061547, "params": {"C": 3.6396889201779525, "epsilon": 5.896912238466553, "gamma": 0.042471073406129684, "lamda": 1.283577733378023}, "datetime": {"datetime": "2021-06-28 08:27:22", "elapsed": 578.282592, "delta": 18.758564}}
{"target": -34.73100608206921, "params": {"C": 9.615156687670506, "epsilon": 6.358436970807268, "gamma": 0.6913907265636807, "lamda": 0.49352807991582437}, "datetime": {"datetime": "2021-06-28 08:27:32", "elapsed": 588.656098, "delta": 10.373506}}
{"target": -32.695695360062665, "params": {"C": 7.32216906177962, "epsilon": 6.314328396418974, "gamma": 8.389652907768726, "lamda": 7.606529460772102}, "datetime": {"datetime": "2021-06-28 08:27:43", "elapsed": 599.913959, "delta": 11.257861}}
{"target": -22.124289876970625, "params": {"C": 3.9808091093907976, "epsilon": 5.6714752909262005, "gamma": 1.299175574179182, "lamda": 2.335561929064878}, "datetime": {"datetime": "2021-06-28 08:27:44", "elapsed": 600.580162, "delta": 0.666203}}
{"target": -38.49271904248422, "params": {"C": 9.066392306020575, "epsilon": 2.952089536127077, "gamma": 0.5611863910089028, "lamda": 9.352062049835645}, "datetime": {"datetime": "2021-06-28 08:27:55", "elapsed": 611.289555, "delta": 10.709393}}
{"target": -22.651392726964637, "params": {"C": 8.043097432506569, "epsilon": 8.550936020510198, "gamma": 1.5630787883774007, "lamda": 0.1496431580736972}, "datetime": {"datetime": "2021-06-28 08:27:55", "elapsed": 611.909783, "delta": 0.620228}}
{"target": -19.32956921696475, "params": {"C": 8.156019008007299, "epsilon": 8.882143757145146, "gamma": 0.9586704539847525, "lamda": 0.18696239738091486}, "datetime": {"datetime": "2021-06-28 08:27:56", "elapsed": 612.650796, "delta": 0.741013}}
{"target": -17.618077542448486, "params": {"C": 3.9038894265916437, "epsilon": 0.46298977157765, "gamma": 0.651832740815793, "lamda": 2.234519989097878}, "datetime": {"datetime": "2021-06-28 08:27:57", "elapsed": 613.763656, "delta": 1.11286}}
{"target": -22.673582979634986, "params": {"C": 8.216105669720694, "epsilon": 8.951079396387918, "gamma": 1.5736651433035627, "lamda": 0.2654354315233539}, "datetime": {"datetime": "2021-06-28 08:27:58", "elapsed": 614.737461, "delta": 0.973805}}
{"target": -32.565485766974376, "params": {"C": 1.7982432058534532, "epsilon": 7.5796271428975475, "gamma": 7.840452942120286, "lamda": 5.288995490570252}, "datetime": {"datetime": "2021-06-28 08:27:59", "elapsed": 615.526602, "delta": 0.789141}}
{"target": -34.11883007539011, "params": {"C": 9.092367195955399, "epsilon": 9.071051756709133, "gamma": 0.750713201130192, "lamda": 0.4855974294456077}, "datetime": {"datetime": "2021-06-28 08:28:07", "elapsed": 623.794779, "delta": 8.268177}}
{"target": -38.16332663823378, "params": {"C": 6.531546225895607, "epsilon": 1.0440326338464867, "gamma": 0.7046929433545069, "lamda": 9.514896091200564}, "datetime": {"datetime": "2021-06-28 08:28:19", "elapsed": 635.481972, "delta": 11.687193}}
{"target": -36.3053961130032, "params": {"C": 5.296806538443691, "epsilon": 0.9503431643050747, "gamma": 0.747988284372967, "lamda": 5.362654889158553}, "datetime": {"datetime": "2021-06-28 08:28:36", "elapsed": 652.332054, "delta": 16.850082}}
{"target": -31.971037249851157, "params": {"C": 4.401115981803752, "epsilon": 5.0067356219752845, "gamma": 6.680734055843181, "lamda": 0.39025580583791186}, "datetime": {"datetime": "2021-06-28 08:28:37", "elapsed": 653.192888, "delta": 0.860834}}
{"target": -27.21626028742849, "params": {"C": 4.679640872390117, "epsilon": 7.293932866218287, "gamma": 2.9937882672389797, "lamda": 3.683552773627203}, "datetime": {"datetime": "2021-06-28 08:28:38", "elapsed": 654.255461, "delta": 1.062573}}
{"target": -32.43384842639133, "params": {"C": 3.9310592768983588, "epsilon": 6.050086408430743, "gamma": 7.623859374850805, "lamda": 3.804236518440524}, "datetime": {"datetime": "2021-06-28 08:28:39", "elapsed": 655.283787, "delta": 1.028326}}
{"target": -20.750951994336617, "params": {"C": 8.408049749188242, "epsilon": 8.33922817880824, "gamma": 1.1813381367564777, "lamda": 0.3354043953179425}, "datetime": {"datetime": "2021-06-28 08:28:40", "elapsed": 656.19717, "delta": 0.913383}}
{"target": -33.52471423806023, "params": {"C": 5.388941567974549, "epsilon": 3.651837569669474, "gamma": 9.830708787599033, "lamda": 0.3890262442006326}, "datetime": {"datetime": "2021-06-28 08:28:41", "elapsed": 656.938999, "delta": 0.741829}}
{"target": -31.914140260648967, "params": {"C": 5.627709564491062, "epsilon": 1.8922766869053662, "gamma": 6.1876261508658725, "lamda": 0.9070809595959541}, "datetime": {"datetime": "2021-06-28 08:28:41", "elapsed": 657.703146, "delta": 0.764147}}
{"target": -17.063617159693717, "params": {"C": 3.3329539317078356, "epsilon": 5.709645515036286, "gamma": 0.6264626804477279, "lamda": 1.0569588085806993}, "datetime": {"datetime": "2021-06-28 08:28:42", "elapsed": 658.564028, "delta": 0.860882}}
{"target": -21.573997048518834, "params": {"C": 3.8849493585962636, "epsilon": 5.757149108149376, "gamma": 1.196034019132548, "lamda": 2.0449834611638975}, "datetime": {"datetime": "2021-06-28 08:28:43", "elapsed": 659.666196, "delta": 1.102168}}
{"target": -18.36611641123612, "params": {"C": 9.493649977509962, "epsilon": 6.350851884181546, "gamma": 0.8343977897697774, "lamda": 1.0596828705230381}, "datetime": {"datetime": "2021-06-28 08:28:45", "elapsed": 661.105409, "delta": 1.439213}}
{"target": -35.55900504353924, "params": {"C": 9.782355593290255, "epsilon": 6.394007799737469, "gamma": 0.5662628678625995, "lamda": 1.1238382826747606}, "datetime": {"datetime": "2021-06-28 08:29:00", "elapsed": 676.291307, "delta": 15.185898}}
{"target": -21.30520297640267, "params": {"C": 7.612018832076042, "epsilon": 9.01269735598916, "gamma": 1.279008688462969, "lamda": 0.44952842568990325}, "datetime": {"datetime": "2021-06-28 08:29:01", "elapsed": 677.232243, "delta": 0.940936}}
{"target": -34.616334631534194, "params": {"C": 9.80517035708683, "epsilon": 2.095829269750557, "gamma": 2.3592255179860673, "lamda": 6.613472138102946}, "datetime": {"datetime": "2021-06-28 08:29:14", "elapsed": 690.588596, "delta": 13.356353}}
{"target": -32.94891946946316, "params": {"C": 2.1769067918754863, "epsilon": 1.6163937132761597, "gamma": 6.514695520670818, "lamda": 3.6959457942031584}, "datetime": {"datetime": "2021-06-28 08:29:15", "elapsed": 691.65406, "delta": 1.065464}}
{"target": -20.987133697331988, "params": {"C": 7.929755088439435, "epsilon": 9.21010712092478, "gamma": 1.2244485781803653, "lamda": 0.22111627902443995}, "datetime": {"datetime": "2021-06-28 08:29:16", "elapsed": 692.922005, "delta": 1.267945}}
{"target": -30.326109640776632, "params": {"C": 6.115134432797148, "epsilon": 6.903463832808329, "gamma": 5.118448558647059, "lamda": 4.627486088239074}, "datetime": {"datetime": "2021-06-28 08:29:18", "elapsed": 693.989707, "delta": 1.067702}}
{"target": -20.124240979038184, "params": {"C": 9.950349317684854, "epsilon": 6.678950790860948, "gamma": 1.0892921259750274, "lamda": 0.895060667707618}, "datetime": {"datetime": "2021-06-28 08:29:19", "elapsed": 694.953879, "delta": 0.964172}}
{"target": -17.82568272650937, "params": {"C": 3.63033091443232, "epsilon": 5.709920881405785, "gamma": 0.7110002140673959, "lamda": 1.1448171350899896}, "datetime": {"datetime": "2021-06-28 08:29:19", "elapsed": 695.863859, "delta": 0.90998}}
{"target": -20.220613081789843, "params": {"C": 8.088772690351327, "epsilon": 8.718036397190941, "gamma": 1.091719822511147, "lamda": 0.1977666545502299}, "datetime": {"datetime": "2021-06-28 08:29:20", "elapsed": 696.749659, "delta": 0.8858}}
{"target": -22.24693950247562, "params": {"C": 3.9623188507265845, "epsilon": 5.386894414813082, "gamma": 1.3196210165395685, "lamda": 2.4811867308393265}, "datetime": {"datetime": "2021-06-28 08:29:21", "elapsed": 697.53096, "delta": 0.781301}}
{"target": -33.64248062222608, "params": {"C": 7.530784680062836, "epsilon": 4.194409860146292, "gamma": 5.2915702398851225, "lamda": 7.328485300324864}, "datetime": {"datetime": "2021-06-28 08:29:32", "elapsed": 708.794936, "delta": 11.263976}}
{"target": -22.43264548994888, "params": {"C": 7.5934504687244635, "epsilon": 8.850820777887755, "gamma": 1.5069964631838684, "lamda": 0.21555422092068607}, "datetime": {"datetime": "2021-06-28 08:29:33", "elapsed": 709.598912, "delta": 0.803976}}
{"target": -17.443480818371505, "params": {"C": 3.776762342033153, "epsilon": 5.600189795836083, "gamma": 0.6751509504204992, "lamda": 1.9029976745226496}, "datetime": {"datetime": "2021-06-28 08:29:34", "elapsed": 710.525375, "delta": 0.926463}}
{"target": -35.60000275544722, "params": {"C": 7.688107644616057, "epsilon": 5.223094177441806, "gamma": 0.6613630562421209, "lamda": 9.639080406989576}, "datetime": {"datetime": "2021-06-28 08:29:45", "elapsed": 721.541842, "delta": 11.016467}}
{"target": -18.673929835700502, "params": {"C": 8.443148961119908, "epsilon": 9.469554204204284, "gamma": 0.8806684590940408, "lamda": 0.607232363232002}, "datetime": {"datetime": "2021-06-28 08:29:46", "elapsed": 722.419353, "delta": 0.877511}}
{"target": -20.771889412383533, "params": {"C": 8.78160947895185, "epsilon": 9.099881603629987, "gamma": 1.2008139022358222, "lamda": 0.5563675760197571}, "datetime": {"datetime": "2021-06-28 08:29:47", "elapsed": 723.131449, "delta": 0.712096}}
{"target": -19.584532796118452, "params": {"C": 8.472892312084191, "epsilon": 9.30528575284672, "gamma": 1.0072409475326025, "lamda": 0.7458366713057818}, "datetime": {"datetime": "2021-06-28 08:29:47", "elapsed": 723.918534, "delta": 0.787085}}
{"target": -21.406991543043983, "params": {"C": 8.447942109884389, "epsilon": 8.911410962964124, "gamma": 1.31746264324253, "lamda": 0.2793770255579571}, "datetime": {"datetime": "2021-06-28 08:29:48", "elapsed": 724.63086, "delta": 0.712326}}
{"target": -20.46694823851914, "params": {"C": 8.728097778707744, "epsilon": 9.301703981181172, "gamma": 1.1471467877187447, "lamda": 0.2165033824420253}, "datetime": {"datetime": "2021-06-28 08:29:49", "elapsed": 725.445875, "delta": 0.815015}}
