{"target": -13.394467689004976, "params": {"C": 5.689807279967486, "epsilon": 4.454372709872003, "gamma": 0.23311156160779528, "lamda": 0.10902648116205899}, "datetime": {"datetime": "2021-06-21 19:43:53", "elapsed": 221.052411, "delta": 1.134965}}
{"target": -17.487579362773044, "params": {"C": 9.323288576378435, "epsilon": 2.8396040184448466, "gamma": 0.697999179347456, "lamda": 0.614218627726825}, "datetime": {"datetime": "2021-06-21 19:43:54", "elapsed": 221.589974, "delta": 0.537563}}
{"target": -11.89187798851079, "params": {"C": 3.24480743578556, "epsilon": 4.497462793683176, "gamma": 0.1, "lamda": 0.7}, "datetime": {"datetime": "2021-06-21 19:43:55", "elapsed": 222.93737, "delta": 1.347396}}
{"target": -15.425836018693829, "params": {"C": 3.309115261075915, "epsilon": 4.8350965550244736, "gamma": 0.427436910844988, "lamda": 0.5750817013648516}, "datetime": {"datetime": "2021-06-21 19:43:56", "elapsed": 223.484906, "delta": 0.547536}}
{"target": -14.36868379872854, "params": {"C": 7.194069688737758, "epsilon": 2.718536515550042, "gamma": 0.37070094860145086, "lamda": 0.6181330173552587}, "datetime": {"datetime": "2021-06-21 19:43:56", "elapsed": 224.067349, "delta": 0.582443}}
{"target": -14.916317737280973, "params": {"C": 4.996805029970061, "epsilon": 4.322689019116414, "gamma": 0.4044083535208476, "lamda": 0.692182712665366}, "datetime": {"datetime": "2021-06-21 19:43:57", "elapsed": 224.987887, "delta": 0.920538}}
{"target": -12.733161792655467, "params": {"C": 5.5925677148581165, "epsilon": 5.283996544095817, "gamma": 0.18157715389505746, "lamda": 0.267422043074279}, "datetime": {"datetime": "2021-06-21 19:43:58", "elapsed": 226.141802, "delta": 1.153915}}
{"target": -17.346626807594625, "params": {"C": 8.083149406420791, "epsilon": 3.0309437434669406, "gamma": 0.6655479978182992, "lamda": 0.6631321756190042}, "datetime": {"datetime": "2021-06-21 19:43:59", "elapsed": 226.687345, "delta": 0.545543}}
{"target": -14.843793046949713, "params": {"C": 2.3352011498085434, "epsilon": 0.5358134201133442, "gamma": 0.29130273560460374, "lamda": 0.08880163093762243}, "datetime": {"datetime": "2021-06-21 19:43:59", "elapsed": 227.272777, "delta": 0.585432}}
{"target": -12.156927126049855, "params": {"C": 3.1569788993546397, "epsilon": 4.054005311289206, "gamma": 0.11978030247190007, "lamda": 0.6852463912279964}, "datetime": {"datetime": "2021-06-21 19:44:01", "elapsed": 228.451624, "delta": 1.178847}}
{"target": -13.61143782464983, "params": {"C": 3.4168843123659935, "epsilon": 6.613905357535375, "gamma": 0.2563213261574923, "lamda": 0.10025338268531227}, "datetime": {"datetime": "2021-06-21 19:44:01", "elapsed": 229.053017, "delta": 0.601393}}
{"target": -16.376535201820158, "params": {"C": 5.629866063529314, "epsilon": 1.8078955271023391, "gamma": 0.5538909031766097, "lamda": 0.07511774077436237}, "datetime": {"datetime": "2021-06-21 19:44:02", "elapsed": 229.696297, "delta": 0.64328}}
{"target": -15.933665358752064, "params": {"C": 2.8525356608236287, "epsilon": 4.525141531218704, "gamma": 0.46893120002980826, "lamda": 0.6650536448707752}, "datetime": {"datetime": "2021-06-21 19:44:03", "elapsed": 230.31265, "delta": 0.616353}}
{"target": -11.544011685359065, "params": {"C": 4.667745929383354, "epsilon": 4.3954925692986, "gamma": 0.1, "lamda": 0.2235167642412987}, "datetime": {"datetime": "2021-06-21 19:44:04", "elapsed": 231.340898, "delta": 1.028248}}
{"target": -12.924503208716299, "params": {"C": 5.030792507067891, "epsilon": 4.0556338769492095, "gamma": 0.19054007746637425, "lamda": 0.20734509635489654}, "datetime": {"datetime": "2021-06-21 19:44:05", "elapsed": 232.521741, "delta": 1.180843}}
{"target": -12.449873420970059, "params": {"C": 6.515033982523642, "epsilon": 1.6231278801764488, "gamma": 0.14176460061877277, "lamda": 0.352423975375855}, "datetime": {"datetime": "2021-06-21 19:44:05", "elapsed": 233.134104, "delta": 0.612363}}
{"target": -24.178192664971952, "params": {"C": 0.32642403303778916, "epsilon": 3.6748754736609084, "gamma": 0.5575658373591345, "lamda": 0.560589304688677}, "datetime": {"datetime": "2021-06-21 19:44:06", "elapsed": 233.758435, "delta": 0.624331}}
{"target": -12.347684299153654, "params": {"C": 2.3655153586950832, "epsilon": 0.001, "gamma": 0.1, "lamda": 0.13799169361876737}, "datetime": {"datetime": "2021-06-21 19:44:07", "elapsed": 235.015074, "delta": 1.256639}}
{"target": -17.219090606877074, "params": {"C": 2.2775696260919296, "epsilon": 0.08171732218352289, "gamma": 0.5063997617268718, "lamda": 0.28731945847256146}, "datetime": {"datetime": "2021-06-21 19:44:09", "elapsed": 236.38541, "delta": 1.370336}}
{"target": -11.439700420865998, "params": {"C": 5.367633416813365, "epsilon": 5.054407058081583, "gamma": 0.1, "lamda": 0.009}, "datetime": {"datetime": "2021-06-21 19:44:11", "elapsed": 238.516712, "delta": 2.131302}}
{"target": -11.452643632351778, "params": {"C": 5.164244376145722, "epsilon": 5.453642599260151, "gamma": 0.1, "lamda": 0.13945460972322185}, "datetime": {"datetime": "2021-06-21 19:44:12", "elapsed": 240.284983, "delta": 1.768271}}
{"target": -11.459094027370451, "params": {"C": 4.846377951641215, "epsilon": 5.209692753229887, "gamma": 0.1, "lamda": 0.009}, "datetime": {"datetime": "2021-06-21 19:44:13", "elapsed": 241.211503, "delta": 0.92652}}
{"target": -11.44578349346977, "params": {"C": 4.721501241258353, "epsilon": 5.619487576749687, "gamma": 0.1, "lamda": 0.14733299619267143}, "datetime": {"datetime": "2021-06-21 19:44:15", "elapsed": 242.564885, "delta": 1.353382}}
{"target": -14.746587382900604, "params": {"C": 3.775888854690574, "epsilon": 8.499997820854677, "gamma": 0.38695573685610507, "lamda": 0.24836214417740127}, "datetime": {"datetime": "2021-06-21 19:44:15", "elapsed": 243.159297, "delta": 0.594412}}
{"target": -12.36450002702422, "params": {"C": 5.289747355253163, "epsilon": 5.340388857744278, "gamma": 0.1576185536186824, "lamda": 0.6080799879079591}, "datetime": {"datetime": "2021-06-21 19:44:16", "elapsed": 244.042933, "delta": 0.883636}}
{"target": -14.588832109545546, "params": {"C": 5.042175702352607, "epsilon": 5.65142402210466, "gamma": 0.3723307415897864, "lamda": 0.3584932299665941}, "datetime": {"datetime": "2021-06-21 19:44:18", "elapsed": 245.329493, "delta": 1.28656}}
{"target": -11.604134478813902, "params": {"C": 4.723577669990317, "epsilon": 3.9765490043803604, "gamma": 0.1, "lamda": 0.5050333167638869}, "datetime": {"datetime": "2021-06-21 19:44:19", "elapsed": 246.482412, "delta": 1.152919}}
{"target": -16.08007308957966, "params": {"C": 7.227793089384014, "epsilon": 9.194690816103728, "gamma": 0.5735285196408405, "lamda": 0.1743907452937132}, "datetime": {"datetime": "2021-06-21 19:44:19", "elapsed": 247.083802, "delta": 0.60139}}
{"target": -11.592248495987878, "params": {"C": 5.1699318975072615, "epsilon": 3.973105291498323, "gamma": 0.1, "lamda": 0.6471230816713278}, "datetime": {"datetime": "2021-06-21 19:44:20", "elapsed": 248.067173, "delta": 0.983371}}
{"target": -11.68510924815589, "params": {"C": 4.964434756882453, "epsilon": 3.6196629673526095, "gamma": 0.10674382405200124, "lamda": 0.4017545889597181}, "datetime": {"datetime": "2021-06-21 19:44:21", "elapsed": 249.162244, "delta": 1.095071}}
{"target": -15.153969419116804, "params": {"C": 5.048722015249184, "epsilon": 3.6877439489722117, "gamma": 0.43311535111973987, "lamda": 0.5948739272235286}, "datetime": {"datetime": "2021-06-21 19:44:23", "elapsed": 250.407913, "delta": 1.245669}}
{"target": -17.78376327829805, "params": {"C": 6.443759484482167, "epsilon": 0.7772025981783094, "gamma": 0.6812446749145523, "lamda": 0.46865673988749706}, "datetime": {"datetime": "2021-06-21 19:44:23", "elapsed": 251.008308, "delta": 0.600395}}
{"target": -17.95128010518288, "params": {"C": 2.5422854024058523, "epsilon": 1.8597311188253582, "gamma": 0.6212658033485505, "lamda": 0.49016031765514084}, "datetime": {"datetime": "2021-06-21 19:44:24", "elapsed": 251.644606, "delta": 0.636298}}
{"target": -14.657504159367974, "params": {"C": 0.8677073283324072, "epsilon": 7.697570841739106, "gamma": 0.16567081983943036, "lamda": 0.32464759615827254}, "datetime": {"datetime": "2021-06-21 19:44:24", "elapsed": 252.283896, "delta": 0.63929}}
{"target": -11.569973727040795, "params": {"C": 4.6073935971033295, "epsilon": 3.8626746479646976, "gamma": 0.1, "lamda": 0.0867529484585068}, "datetime": {"datetime": "2021-06-21 19:44:26", "elapsed": 253.313146, "delta": 1.02925}}
{"target": -12.460746553844626, "params": {"C": 4.23505761481307, "epsilon": 4.115174041955666, "gamma": 0.1613376596585132, "lamda": 0.24597031327225927}, "datetime": {"datetime": "2021-06-21 19:44:26", "elapsed": 254.287539, "delta": 0.974393}}
{"target": -14.48090848112234, "params": {"C": 4.445832122351274, "epsilon": 3.603369314648952, "gamma": 0.3332509477354248, "lamda": 0.434124728652996}, "datetime": {"datetime": "2021-06-21 19:44:27", "elapsed": 255.146245, "delta": 0.858706}}
{"target": -15.859316827825188, "params": {"C": 5.632487178610742, "epsilon": 4.904203876408326, "gamma": 0.5200508526665462, "lamda": 0.03188886325703218}, "datetime": {"datetime": "2021-06-21 19:44:28", "elapsed": 256.114653, "delta": 0.968408}}
{"target": -11.908122972477086, "params": {"C": 3.772468080981404, "epsilon": 3.9007388227252284, "gamma": 0.11487575582434553, "lamda": 0.36712123712559497}, "datetime": {"datetime": "2021-06-21 19:44:29", "elapsed": 257.134924, "delta": 1.020271}}
{"target": -19.628081430045306, "params": {"C": 2.053833696645776, "epsilon": 4.584462456608058, "gamma": 0.7919221306749321, "lamda": 0.6568015582376405}, "datetime": {"datetime": "2021-06-21 19:44:30", "elapsed": 257.760252, "delta": 0.625328}}
{"target": -14.113480720834822, "params": {"C": 3.4389441306249426, "epsilon": 3.7026820277291046, "gamma": 0.2780569668511781, "lamda": 0.5637200370964799}, "datetime": {"datetime": "2021-06-21 19:44:31", "elapsed": 258.787507, "delta": 1.027255}}
{"target": -11.986192919995023, "params": {"C": 3.7265529223535934, "epsilon": 0.7057366346117, "gamma": 0.1, "lamda": 0.009}, "datetime": {"datetime": "2021-06-21 19:44:32", "elapsed": 260.142881, "delta": 1.355374}}
{"target": -15.436710268599029, "params": {"C": 4.775672967605725, "epsilon": 3.835271548592354, "gamma": 0.4638358474440595, "lamda": 0.1462006125541821}, "datetime": {"datetime": "2021-06-21 19:44:34", "elapsed": 261.308764, "delta": 1.165883}}
{"target": -13.622533292205574, "params": {"C": 5.710540280470953, "epsilon": 5.170487647503582, "gamma": 0.25111723866402624, "lamda": 0.6871776024876002}, "datetime": {"datetime": "2021-06-21 19:44:35", "elapsed": 262.329041, "delta": 1.020277}}
{"target": -12.045213355048672, "params": {"C": 4.140161820451686, "epsilon": 3.8164353833891105, "gamma": 0.12922817059645336, "lamda": 0.679514552426084}, "datetime": {"datetime": "2021-06-21 19:44:36", "elapsed": 263.419121, "delta": 1.09008}}
{"target": -12.762592015032958, "params": {"C": 4.790332049341507, "epsilon": 7.643836020229441, "gamma": 0.19254847517531254, "lamda": 0.14833713710167307}, "datetime": {"datetime": "2021-06-21 19:44:36", "elapsed": 264.098305, "delta": 0.679184}}
{"target": -12.210851552020149, "params": {"C": 4.0940629540211875, "epsilon": 3.685466739099765, "gamma": 0.1428952568586586, "lamda": 0.24931689551345143}, "datetime": {"datetime": "2021-06-21 19:44:37", "elapsed": 265.232272, "delta": 1.133967}}
{"target": -15.867881610373761, "params": {"C": 3.9136494925331986, "epsilon": 3.7788340334232045, "gamma": 0.49047123067447695, "lamda": 0.524926517585891}, "datetime": {"datetime": "2021-06-21 19:44:39", "elapsed": 266.397157, "delta": 1.164885}}
{"target": -14.317997947994984, "params": {"C": 6.783972434833557, "epsilon": 4.685638845017151, "gamma": 0.36924975880768074, "lamda": 0.026746151763567157}, "datetime": {"datetime": "2021-06-21 19:44:39", "elapsed": 267.076341, "delta": 0.679184}}
{"target": -17.587382493851187, "params": {"C": 9.352432797876512, "epsilon": 5.9560708079656015, "gamma": 0.733861319071413, "lamda": 0.055355833899470755}, "datetime": {"datetime": "2021-06-21 19:44:40", "elapsed": 267.733584, "delta": 0.657243}}
{"target": -84.893360442811, "params": {"C": 6.054513165474847, "epsilon": 5.032094300176819, "gamma": 0.1, "lamda": 0.37833819175706185}, "datetime": {"datetime": "2021-06-21 19:44:43", "elapsed": 270.639812, "delta": 2.906228}}
{"target": -13.523716837008855, "params": {"C": 9.586612068706671, "epsilon": 7.436095647038546, "gamma": 0.29064014913792247, "lamda": 0.5147646210879527}, "datetime": {"datetime": "2021-06-21 19:44:43", "elapsed": 271.299051, "delta": 0.659239}}
{"target": -16.331242791688652, "params": {"C": 5.477287796423632, "epsilon": 5.222378558945723, "gamma": 0.5654652666834553, "lamda": 0.5083447276395413}, "datetime": {"datetime": "2021-06-21 19:44:45", "elapsed": 272.482884, "delta": 1.183833}}
{"target": -24.179761235248275, "params": {"C": 0.32126577310249693, "epsilon": 9.81124422407521, "gamma": 0.7716837831776989, "lamda": 0.09645653049900503}, "datetime": {"datetime": "2021-06-21 19:44:45", "elapsed": 273.105221, "delta": 0.622337}}
{"target": -13.733904176686373, "params": {"C": 5.943132790547731, "epsilon": 4.242127073654052, "gamma": 0.2647635596468661, "lamda": 0.5839882816480582}, "datetime": {"datetime": "2021-06-21 19:44:47", "elapsed": 274.576285, "delta": 1.471064}}
{"target": -14.352482038968192, "params": {"C": 5.518151594928444, "epsilon": 5.5340863736649535, "gamma": 0.35277910252426636, "lamda": 0.012430314537768859}, "datetime": {"datetime": "2021-06-21 19:44:48", "elapsed": 276.004467, "delta": 1.428182}}
{"target": -12.511390728001906, "params": {"C": 3.571662857081261, "epsilon": 4.084870172068776, "gamma": 0.16479513039882554, "lamda": 0.03590470649342989}, "datetime": {"datetime": "2021-06-21 19:44:50", "elapsed": 277.567288, "delta": 1.562821}}
{"target": -13.391437546079324, "params": {"C": 5.620797003397545, "epsilon": 5.576136529570688, "gamma": 0.23431429231088283, "lamda": 0.6848791135201593}, "datetime": {"datetime": "2021-06-21 19:44:51", "elapsed": 278.93364, "delta": 1.366352}}
{"target": -16.708550386056796, "params": {"C": 1.606072008361817, "epsilon": 6.1791806782711545, "gamma": 0.43468573022118273, "lamda": 0.4056381690356377}, "datetime": {"datetime": "2021-06-21 19:44:52", "elapsed": 279.770397, "delta": 0.836757}}
{"target": -14.715938216902504, "params": {"C": 1.633099641377063, "epsilon": 7.792829873268065, "gamma": 0.2710282169304784, "lamda": 0.3307864525907813}, "datetime": {"datetime": "2021-06-21 19:44:53", "elapsed": 280.60716, "delta": 0.836763}}
{"target": -15.109585267786738, "params": {"C": 3.338702094395427, "epsilon": 3.9434140552660826, "gamma": 0.3837748810653301, "lamda": 0.26506870449203435}, "datetime": {"datetime": "2021-06-21 19:44:54", "elapsed": 282.06526, "delta": 1.4581}}
{"target": -11.786476076868794, "params": {"C": 3.883449296540425, "epsilon": 3.4546277991379384, "gamma": 0.1, "lamda": 0.6953658281158557}, "datetime": {"datetime": "2021-06-21 19:44:55", "elapsed": 283.07556, "delta": 1.0103}}
{"target": -11.805891839620855, "params": {"C": 3.695243263130178, "epsilon": 3.435402789382469, "gamma": 0.1, "lamda": 0.2603551987476352}, "datetime": {"datetime": "2021-06-21 19:44:57", "elapsed": 284.345164, "delta": 1.269604}}
{"target": -15.316854992539744, "params": {"C": 4.8291090331749, "epsilon": 5.481600040731638, "gamma": 0.46445644058569635, "lamda": 0.009}, "datetime": {"datetime": "2021-06-21 19:44:57", "elapsed": 285.290644, "delta": 0.94548}}
{"target": -14.266207035193037, "params": {"C": 7.239725116443385, "epsilon": 8.426208252705948, "gamma": 0.3870966278748299, "lamda": 0.2536724859545428}, "datetime": {"datetime": "2021-06-21 19:44:58", "elapsed": 285.988769, "delta": 0.698125}}
{"target": -14.973702952254882, "params": {"C": 5.107212284419173, "epsilon": 3.92569168006525, "gamma": 0.41205727041201556, "lamda": 0.5538575332603328}, "datetime": {"datetime": "2021-06-21 19:44:59", "elapsed": 286.67992, "delta": 0.691151}}
{"target": -15.398026895032327, "params": {"C": 3.67079748455458, "epsilon": 3.6326443851184718, "gamma": 0.428758902745356, "lamda": 0.08047626491426436}, "datetime": {"datetime": "2021-06-21 19:45:01", "elapsed": 288.532965, "delta": 1.853045}}
{"target": -11.604284743419258, "params": {"C": 4.6688725978304175, "epsilon": 3.405302638593233, "gamma": 0.1, "lamda": 0.08492433764225037}, "datetime": {"datetime": "2021-06-21 19:45:02", "elapsed": 289.783621, "delta": 1.250656}}
{"target": -14.523033240383493, "params": {"C": 3.4981833530361515, "epsilon": 9.40824487538524, "gamma": 0.352710442682563, "lamda": 0.19971344768224397}, "datetime": {"datetime": "2021-06-21 19:45:03", "elapsed": 290.553562, "delta": 0.769941}}
{"target": -15.14459097186248, "params": {"C": 7.556618331188817, "epsilon": 8.549713410223312, "gamma": 0.4825034108187314, "lamda": 0.009}, "datetime": {"datetime": "2021-06-21 19:45:04", "elapsed": 292.05754, "delta": 1.503978}}
{"target": -18.504679333666683, "params": {"C": 4.3110237020173185, "epsilon": 2.637459281140297, "gamma": 0.7597022133580693, "lamda": 0.012130231496938811}, "datetime": {"datetime": "2021-06-21 19:45:05", "elapsed": 292.797562, "delta": 0.740022}}
{"target": -11.572312306708318, "params": {"C": 5.3551863805479325, "epsilon": 5.793790187508843, "gamma": 0.11110273794928077, "lamda": 0.3087003585166425}, "datetime": {"datetime": "2021-06-21 19:45:06", "elapsed": 294.179865, "delta": 1.382303}}
{"target": -11.651567608668174, "params": {"C": 4.715495360653979, "epsilon": 3.2290927349341234, "gamma": 0.1, "lamda": 0.5110886674818795}, "datetime": {"datetime": "2021-06-21 19:45:08", "elapsed": 295.582115, "delta": 1.40225}}
{"target": -12.14766676475553, "params": {"C": 5.045082221919839, "epsilon": 3.1354526305052133, "gamma": 0.14061011451788938, "lamda": 0.27163237847073585}, "datetime": {"datetime": "2021-06-21 19:45:09", "elapsed": 296.757971, "delta": 1.175856}}
{"target": -14.04638197789799, "params": {"C": 9.204006648543482, "epsilon": 1.2681879553938422, "gamma": 0.339473895333391, "lamda": 0.5744444555054264}, "datetime": {"datetime": "2021-06-21 19:45:10", "elapsed": 297.575784, "delta": 0.817813}}
{"target": -11.569313475394589, "params": {"C": 5.101983061159701, "epsilon": 3.537648659859157, "gamma": 0.1, "lamda": 0.009}, "datetime": {"datetime": "2021-06-21 19:45:11", "elapsed": 298.688808, "delta": 1.113024}}
{"target": -13.651148801067981, "params": {"C": 7.899509986798089, "epsilon": 0.8972314235502887, "gamma": 0.25205117080057277, "lamda": 0.575947966204786}, "datetime": {"datetime": "2021-06-21 19:45:12", "elapsed": 299.52956, "delta": 0.840752}}
{"target": -16.392712698099917, "params": {"C": 4.845574692088301, "epsilon": 3.312452815743132, "gamma": 0.5601773810937865, "lamda": 0.2759709907758168}, "datetime": {"datetime": "2021-06-21 19:45:13", "elapsed": 300.735337, "delta": 1.205777}}
{"target": -11.906802545940765, "params": {"C": 4.215207112359283, "epsilon": 3.3095714979404742, "gamma": 0.11635075982814436, "lamda": 0.489540271124361}, "datetime": {"datetime": "2021-06-21 19:45:15", "elapsed": 302.438781, "delta": 1.703444}}
{"target": -12.60306774708365, "params": {"C": 8.977927685808446, "epsilon": 5.328980187194107, "gamma": 0.14785405491798348, "lamda": 0.15716594712877768}, "datetime": {"datetime": "2021-06-21 19:45:15", "elapsed": 303.223682, "delta": 0.784901}}
{"target": -11.701801592436995, "params": {"C": 5.415886463949413, "epsilon": 3.759228925490071, "gamma": 0.11232778763524426, "lamda": 0.31284452739533597}, "datetime": {"datetime": "2021-06-21 19:45:17", "elapsed": 304.640893, "delta": 1.417211}}
{"target": -11.598424662556193, "params": {"C": 5.333191455464695, "epsilon": 3.3760781069183188, "gamma": 0.1, "lamda": 0.56322742536207}, "datetime": {"datetime": "2021-06-21 19:45:18", "elapsed": 306.243608, "delta": 1.602715}}
{"target": -17.688504511402968, "params": {"C": 8.207896439297208, "epsilon": 1.2811985028610196, "gamma": 0.7023455364115785, "lamda": 0.11797693032277408}, "datetime": {"datetime": "2021-06-21 19:45:19", "elapsed": 306.925782, "delta": 0.682174}}
{"target": -11.554366949074408, "params": {"C": 5.487111684621256, "epsilon": 3.316196539063312, "gamma": 0.1, "lamda": 0.14425005868108084}, "datetime": {"datetime": "2021-06-21 19:45:20", "elapsed": 308.121585, "delta": 1.195803}}
{"target": -15.470726202391138, "params": {"C": 4.456444204511428, "epsilon": 3.7167795356276083, "gamma": 0.4572646812252583, "lamda": 0.47326161147517226}, "datetime": {"datetime": "2021-06-21 19:45:21", "elapsed": 308.864597, "delta": 0.743012}}
{"target": -14.134147928987986, "params": {"C": 5.682002673539093, "epsilon": 3.562778789344602, "gamma": 0.31143752499368993, "lamda": 0.6115308565447463}, "datetime": {"datetime": "2021-06-21 19:45:22", "elapsed": 310.127222, "delta": 1.262625}}
{"target": -18.300261508869152, "params": {"C": 6.90631092448584, "epsilon": 6.650007755553407, "gamma": 0.7803199904660062, "lamda": 0.14055301704675152}, "datetime": {"datetime": "2021-06-21 19:45:23", "elapsed": 310.828346, "delta": 0.701124}}
{"target": -16.05303368211876, "params": {"C": 6.654863944774267, "epsilon": 1.3331312467831735, "gamma": 0.5287924928466793, "lamda": 0.4133760284690681}, "datetime": {"datetime": "2021-06-21 19:45:24", "elapsed": 311.595296, "delta": 0.76695}}
{"target": -15.56773145005149, "params": {"C": 5.642987439594712, "epsilon": 4.876070516712284, "gamma": 0.49358714430905803, "lamda": 0.049083544880757675}, "datetime": {"datetime": "2021-06-21 19:45:25", "elapsed": 312.347286, "delta": 0.75199}}
{"target": -11.908399760542665, "params": {"C": 5.0407742805508855, "epsilon": 6.014435120381052, "gamma": 0.13589536436712088, "lamda": 0.0412391839751266}, "datetime": {"datetime": "2021-06-21 19:45:26", "elapsed": 313.646809, "delta": 1.299523}}
