{"target": -33.853080033275916, "params": {"C": 0.001, "epsilon": 8.465174311462981, "gamma": 0.8, "lamda": 0.7}, "datetime": {"datetime": "2021-06-21 20:44:29", "elapsed": 69.012954, "delta": 0.610367}}
{"target": -28.00701606238909, "params": {"C": 0.07390260603240965, "epsilon": 7.718394059311582, "gamma": 0.3331074117581987, "lamda": 0.6930127624724677}, "datetime": {"datetime": "2021-06-21 20:44:30", "elapsed": 69.529574, "delta": 0.51662}}
{"target": -22.791216351614583, "params": {"C": 0.1, "epsilon": 7.372930824215586, "gamma": 0.1, "lamda": 0.009}, "datetime": {"datetime": "2021-06-21 20:44:30", "elapsed": 70.067135, "delta": 0.537561}}
{"target": -22.832862692068172, "params": {"C": 0.1, "epsilon": 7.381701182034506, "gamma": 0.1, "lamda": 0.21969411720651996}, "datetime": {"datetime": "2021-06-21 20:44:31", "elapsed": 70.874074, "delta": 0.806939}}
{"target": -26.71193593185583, "params": {"C": 0.1, "epsilon": 7.4797808652370055, "gamma": 0.30356372641089696, "lamda": 0.009}, "datetime": {"datetime": "2021-06-21 20:44:32", "elapsed": 71.534307, "delta": 0.660233}}
{"target": -34.46399839119355, "params": {"C": 0.001, "epsilon": 5.712534545957079, "gamma": 0.8, "lamda": 0.009}, "datetime": {"datetime": "2021-06-21 20:44:32", "elapsed": 72.276324, "delta": 0.742017}}
{"target": -24.070980175728955, "params": {"C": 0.08807199438572309, "epsilon": 6.745786201209258, "gamma": 0.12450825601250681, "lamda": 0.21925896254123292}, "datetime": {"datetime": "2021-06-21 20:44:33", "elapsed": 72.850791, "delta": 0.574467}}
{"target": -32.18564762641673, "params": {"C": 0.046256357278986054, "epsilon": 7.698509460197444, "gamma": 0.7868533764822422, "lamda": 0.026818964785754913}, "datetime": {"datetime": "2021-06-21 20:44:34", "elapsed": 73.609759, "delta": 0.758968}}
{"target": -32.83383442481361, "params": {"C": 0.01798243205853453, "epsilon": 8.655348412720858, "gamma": 0.6486803863347548, "lamda": 0.3711814024226307}, "datetime": {"datetime": "2021-06-21 20:44:34", "elapsed": 74.244061, "delta": 0.634302}}
{"target": -22.89064087677523, "params": {"C": 0.1, "epsilon": 7.1706804261635675, "gamma": 0.1, "lamda": 0.2826277318035665}, "datetime": {"datetime": "2021-06-21 20:44:35", "elapsed": 75.08083, "delta": 0.836769}}
{"target": -30.03992238475198, "params": {"C": 0.1, "epsilon": 9.401499761207136, "gamma": 0.8, "lamda": 0.009}, "datetime": {"datetime": "2021-06-21 20:44:36", "elapsed": 75.592456, "delta": 0.511626}}
{"target": -33.71959634996538, "params": {"C": 0.001, "epsilon": 7.256567029524625, "gamma": 0.1, "lamda": 0.12530021185705767}, "datetime": {"datetime": "2021-06-21 20:44:36", "elapsed": 76.165922, "delta": 0.573466}}
{"target": -23.326177817838968, "params": {"C": 0.1, "epsilon": 5.240859414785307, "gamma": 0.1, "lamda": 0.21609301652143337}, "datetime": {"datetime": "2021-06-21 20:44:37", "elapsed": 76.779283, "delta": 0.613361}}
{"target": -23.750469553430882, "params": {"C": 0.08430468361932869, "epsilon": 7.1396138027483005, "gamma": 0.11078611158209249, "lamda": 0.4675252835851288}, "datetime": {"datetime": "2021-06-21 20:44:37", "elapsed": 77.393638, "delta": 0.614355}}
{"target": -31.93590247384042, "params": {"C": 0.039310592768983584, "epsilon": 7.805603560239302, "gamma": 0.6335036598994559, "lamda": 0.2675482256810507}, "datetime": {"datetime": "2021-06-21 20:44:38", "elapsed": 77.81551, "delta": 0.421872}}
{"target": -22.88177494051572, "params": {"C": 0.1, "epsilon": 7.334637735142093, "gamma": 0.1, "lamda": 0.39648790700615166}, "datetime": {"datetime": "2021-06-21 20:44:38", "elapsed": 78.341106, "delta": 0.525596}}
{"target": -32.1548401604639, "params": {"C": 0.0538894156797455, "epsilon": 6.473243094260819, "gamma": 0.7881377528848171, "lamda": 0.02917344795380173}, "datetime": {"datetime": "2021-06-21 20:44:39", "elapsed": 78.771952, "delta": 0.430846}}
{"target": -30.792855025549294, "params": {"C": 0.1, "epsilon": 6.106785181881816, "gamma": 0.8, "lamda": 0.7}, "datetime": {"datetime": "2021-06-21 20:44:39", "elapsed": 79.260646, "delta": 0.488694}}
{"target": -30.103458580591465, "params": {"C": 0.1, "epsilon": 9.264213768022907, "gamma": 0.8, "lamda": 0.7}, "datetime": {"datetime": "2021-06-21 20:44:40", "elapsed": 79.763302, "delta": 0.502656}}
{"target": -22.847088412292912, "params": {"C": 0.1, "epsilon": 7.677158812425572, "gamma": 0.1, "lamda": 0.538892158450612}, "datetime": {"datetime": "2021-06-21 20:44:40", "elapsed": 80.323806, "delta": 0.560504}}
{"target": -34.26316016153433, "params": {"C": 0.001, "epsilon": 6.605967279344699, "gamma": 0.8, "lamda": 0.7}, "datetime": {"datetime": "2021-06-21 20:44:41", "elapsed": 80.954118, "delta": 0.630312}}
{"target": -33.55021352622671, "params": {"C": 0.001, "epsilon": 8.034336903706867, "gamma": 0.1, "lamda": 0.7}, "datetime": {"datetime": "2021-06-21 20:44:42", "elapsed": 82.170939, "delta": 1.216821}}
{"target": -22.943687574780498, "params": {"C": 0.1, "epsilon": 6.976116156431106, "gamma": 0.1, "lamda": 0.34273389287066025}, "datetime": {"datetime": "2021-06-21 20:44:43", "elapsed": 82.741414, "delta": 0.570475}}
{"target": -28.77080879354164, "params": {"C": 0.08690014424108511, "epsilon": 4.537288422076006, "gamma": 0.3593871480366806, "lamda": 0.6973564215316921}, "datetime": {"datetime": "2021-06-21 20:44:43", "elapsed": 83.32286, "delta": 0.581446}}
{"target": -25.685063277545083, "params": {"C": 0.049529456283125176, "epsilon": 8.579038442001128, "gamma": 0.14197985120004564, "lamda": 0.5994639316280701}, "datetime": {"datetime": "2021-06-21 20:44:44", "elapsed": 83.791609, "delta": 0.468749}}
{"target": -24.95946077365181, "params": {"C": 0.1, "epsilon": 7.970448476276014, "gamma": 0.2098354468521005, "lamda": 0.26529762703206683}, "datetime": {"datetime": "2021-06-21 20:44:44", "elapsed": 84.387014, "delta": 0.595405}}
{"target": -29.562321329714496, "params": {"C": 0.06115134432797148, "epsilon": 8.279702129337961, "gamma": 0.4579493484537479, "lamda": 0.3250093825225455}, "datetime": {"datetime": "2021-06-21 20:44:45", "elapsed": 84.827837, "delta": 0.440823}}
{"target": -22.52750577226421, "params": {"C": 0.09736356729359809, "epsilon": 9.390100792180357, "gamma": 0.10218549863571363, "lamda": 0.16741077899051826}, "datetime": {"datetime": "2021-06-21 20:44:45", "elapsed": 85.373377, "delta": 0.54554}}
{"target": -23.940969917210456, "params": {"C": 0.08545228060772031, "epsilon": 4.869307857640317, "gamma": 0.10221262455406105, "lamda": 0.514575679905464}, "datetime": {"datetime": "2021-06-21 20:44:46", "elapsed": 85.952827, "delta": 0.57945}}
{"target": -33.55996205149767, "params": {"C": 0.001, "epsilon": 9.842475440968041, "gamma": 0.8, "lamda": 0.3694700244492658}, "datetime": {"datetime": "2021-06-21 20:44:47", "elapsed": 86.619046, "delta": 0.666219}}
{"target": -30.527382286898003, "params": {"C": 0.1, "epsilon": 7.276920289197837, "gamma": 0.8, "lamda": 0.7}, "datetime": {"datetime": "2021-06-21 20:44:47", "elapsed": 87.303217, "delta": 0.684171}}
{"target": -30.29699557938546, "params": {"C": 0.1, "epsilon": 8.217008668516595, "gamma": 0.8, "lamda": 0.009}, "datetime": {"datetime": "2021-06-21 20:44:48", "elapsed": 87.954473, "delta": 0.651256}}
{"target": -31.065523905442344, "params": {"C": 0.1, "epsilon": 5.027040503349263, "gamma": 0.8, "lamda": 0.7}, "datetime": {"datetime": "2021-06-21 20:44:49", "elapsed": 88.550879, "delta": 0.596406}}
{"target": -27.0581421685343, "params": {"C": 0.08011317941408963, "epsilon": 5.455859272095511, "gamma": 0.2380651250964496, "lamda": 0.6939215884570132}, "datetime": {"datetime": "2021-06-21 20:44:49", "elapsed": 89.179202, "delta": 0.628323}}
{"target": -25.918043608519486, "params": {"C": 0.1, "epsilon": 7.205280269039417, "gamma": 0.24688907500587218, "lamda": 0.3682396510197523}, "datetime": {"datetime": "2021-06-21 20:44:50", "elapsed": 89.792562, "delta": 0.61336}}
{"target": -30.639721313308293, "params": {"C": 0.09575344794107661, "epsilon": 7.140133051896984, "gamma": 0.7976775492824706, "lamda": 0.03675432366379191}, "datetime": {"datetime": "2021-06-21 20:44:50", "elapsed": 90.310176, "delta": 0.517614}}
{"target": -34.3146867044119, "params": {"C": 0.0010591721809788395, "epsilon": 4.790617225318164, "gamma": 0.11875763178087466, "lamda": 0.694306362509798}, "datetime": {"datetime": "2021-06-21 20:44:51", "elapsed": 90.942485, "delta": 0.632309}}
{"target": -23.578806538310904, "params": {"C": 0.1, "epsilon": 4.5, "gamma": 0.1, "lamda": 0.7}, "datetime": {"datetime": "2021-06-21 20:44:52", "elapsed": 91.725944, "delta": 0.783459}}
{"target": -23.26036155945085, "params": {"C": 0.09518013134576855, "epsilon": 6.310316537258255, "gamma": 0.10031862953420752, "lamda": 0.4364618397768942}, "datetime": {"datetime": "2021-06-21 20:44:52", "elapsed": 92.308389, "delta": 0.582445}}
{"target": -26.430257014701315, "params": {"C": 0.09835801252722727, "epsilon": 6.469212694179058, "gamma": 0.26194010638355164, "lamda": 0.29670600590387164}, "datetime": {"datetime": "2021-06-21 20:44:53", "elapsed": 92.972612, "delta": 0.664223}}
{"target": -27.826357468952956, "params": {"C": 0.021240772723420228, "epsilon": 9.3296459001502, "gamma": 0.11917131523854832, "lamda": 0.4722930495332759}, "datetime": {"datetime": "2021-06-21 20:45:06", "elapsed": 105.516291, "delta": 12.543679}}
{"target": -27.69467550536634, "params": {"C": 0.042313175434345575, "epsilon": 7.5727940564516345, "gamma": 0.19827085701666364, "lamda": 0.14588812895765124}, "datetime": {"datetime": "2021-06-21 20:45:06", "elapsed": 105.713763, "delta": 0.197472}}
{"target": -27.023905851904455, "params": {"C": 0.08027371229887814, "epsilon": 9.825438666456687, "gamma": 0.31939692471147, "lamda": 0.487394927427496}, "datetime": {"datetime": "2021-06-21 20:45:06", "elapsed": 105.960105, "delta": 0.246342}}
{"target": -27.440482906655138, "params": {"C": 0.08286587679237689, "epsilon": 5.923044542259486, "gamma": 0.2728084016243111, "lamda": 0.02083206017711041}, "datetime": {"datetime": "2021-06-21 20:45:07", "elapsed": 106.690153, "delta": 0.730048}}
{"target": -23.47462671983592, "params": {"C": 0.1, "epsilon": 4.728165030467892, "gamma": 0.1, "lamda": 0.35734604803586045}, "datetime": {"datetime": "2021-06-21 20:45:07", "elapsed": 107.320467, "delta": 0.630314}}
{"target": -28.321451539963487, "params": {"C": 0.06515132143374755, "epsilon": 8.271116845928477, "gamma": 0.341920626084122, "lamda": 0.6045634958813726}, "datetime": {"datetime": "2021-06-21 20:45:08", "elapsed": 107.82013, "delta": 0.499663}}
{"target": -30.356199539949664, "params": {"C": 0.1, "epsilon": 8.07934322716024, "gamma": 0.8, "lamda": 0.7}, "datetime": {"datetime": "2021-06-21 20:45:09", "elapsed": 108.600044, "delta": 0.779914}}
{"target": -30.608093711077426, "params": {"C": 0.01066173256404468, "epsilon": 5.844823910186058, "gamma": 0.10509253663361695, "lamda": 0.6872779164776109}, "datetime": {"datetime": "2021-06-21 20:45:09", "elapsed": 109.273245, "delta": 0.673201}}
{"target": -22.67309960711959, "params": {"C": 0.1, "epsilon": 8.302422344644352, "gamma": 0.1, "lamda": 0.36323655326835286}, "datetime": {"datetime": "2021-06-21 20:45:10", "elapsed": 109.887604, "delta": 0.614359}}
{"target": -26.565516124371598, "params": {"C": 0.09641273476389843, "epsilon": 9.824461446019884, "gamma": 0.3197941350809988, "lamda": 0.4833034880462296}, "datetime": {"datetime": "2021-06-21 20:45:10", "elapsed": 110.384274, "delta": 0.49667}}
{"target": -22.83590840824042, "params": {"C": 0.1, "epsilon": 7.504328336229616, "gamma": 0.1, "lamda": 0.3531482849661711}, "datetime": {"datetime": "2021-06-21 20:45:11", "elapsed": 111.025559, "delta": 0.641285}}
{"target": -29.787176983657737, "params": {"C": 0.021105231174858612, "epsilon": 4.501836893059888, "gamma": 0.1456852576356093, "lamda": 0.4820527987989988}, "datetime": {"datetime": "2021-06-21 20:45:12", "elapsed": 111.694771, "delta": 0.669212}}
{"target": -22.464779003313065, "params": {"C": 0.1, "epsilon": 9.253341962666825, "gamma": 0.1, "lamda": 0.3078061262040349}, "datetime": {"datetime": "2021-06-21 20:45:13", "elapsed": 112.746957, "delta": 1.052186}}
{"target": -32.01357197808317, "params": {"C": 0.027315235005265545, "epsilon": 8.484484567517582, "gamma": 0.5414060223032485, "lamda": 0.4846826965059893}, "datetime": {"datetime": "2021-06-21 20:45:13", "elapsed": 113.236646, "delta": 0.489689}}
{"target": -33.617138942848705, "params": {"C": 0.001, "epsilon": 7.7259499549878905, "gamma": 0.1, "lamda": 0.6671485151830108}, "datetime": {"datetime": "2021-06-21 20:45:14", "elapsed": 113.931787, "delta": 0.695141}}
{"target": -27.189200938577823, "params": {"C": 0.1, "epsilon": 5.803154306491631, "gamma": 0.3012600075655749, "lamda": 0.3367984889251986}, "datetime": {"datetime": "2021-06-21 20:45:15", "elapsed": 114.612966, "delta": 0.681179}}
{"target": -34.22042958979923, "params": {"C": 0.001, "epsilon": 5.028500121184767, "gamma": 0.1, "lamda": 0.009}, "datetime": {"datetime": "2021-06-21 20:45:15", "elapsed": 115.373931, "delta": 0.760965}}
{"target": -26.745776494575118, "params": {"C": 0.05905562137345712, "epsilon": 7.065360033215493, "gamma": 0.19307252054475887, "lamda": 0.632645808969568}, "datetime": {"datetime": "2021-06-21 20:45:16", "elapsed": 115.884566, "delta": 0.510635}}
{"target": -23.27237579657287, "params": {"C": 0.1, "epsilon": 5.654902061690722, "gamma": 0.1, "lamda": 0.5087188117094391}, "datetime": {"datetime": "2021-06-21 20:45:17", "elapsed": 116.549787, "delta": 0.665221}}
{"target": -24.892733577064348, "params": {"C": 0.1, "epsilon": 8.17733599230864, "gamma": 0.2078990659444618, "lamda": 0.4469068784326199}, "datetime": {"datetime": "2021-06-21 20:45:17", "elapsed": 117.165142, "delta": 0.615355}}
{"target": -30.769690359429113, "params": {"C": 0.05157988334659614, "epsilon": 8.275432101454832, "gamma": 0.5606393511979416, "lamda": 0.5958084996567344}, "datetime": {"datetime": "2021-06-21 20:45:18", "elapsed": 117.717665, "delta": 0.552523}}
{"target": -24.854159357450552, "params": {"C": 0.1, "epsilon": 9.389892136031065, "gamma": 0.21860963575164025, "lamda": 0.31802582237880056}, "datetime": {"datetime": "2021-06-21 20:45:18", "elapsed": 118.381889, "delta": 0.664224}}
{"target": -27.618686701189617, "params": {"C": 0.1, "epsilon": 10.0, "gamma": 0.44552102439310476, "lamda": 0.7}, "datetime": {"datetime": "2021-06-21 20:45:19", "elapsed": 119.024172, "delta": 0.642283}}
{"target": -30.024380561651025, "params": {"C": 0.1, "epsilon": 9.634938919627169, "gamma": 0.8, "lamda": 0.7}, "datetime": {"datetime": "2021-06-21 20:45:20", "elapsed": 119.668447, "delta": 0.644275}}
{"target": -32.89240157777344, "params": {"C": 0.022816552466724288, "epsilon": 7.644448964025798, "gamma": 0.6935384389780757, "lamda": 0.19062383515901915}, "datetime": {"datetime": "2021-06-21 20:45:20", "elapsed": 120.181077, "delta": 0.51263}}
{"target": -23.410700409226486, "params": {"C": 0.09343508108695217, "epsilon": 7.8654563808190305, "gamma": 0.11714294528107856, "lamda": 0.6285885622828535}, "datetime": {"datetime": "2021-06-21 20:45:21", "elapsed": 120.805413, "delta": 0.624336}}
{"target": -33.6108689677735, "params": {"C": 0.001, "epsilon": 7.754841495551484, "gamma": 0.1, "lamda": 0.009}, "datetime": {"datetime": "2021-06-21 20:45:22", "elapsed": 121.596292, "delta": 0.790879}}
{"target": -22.76235410345945, "params": {"C": 0.1, "epsilon": 7.504281149457653, "gamma": 0.1, "lamda": 0.009}, "datetime": {"datetime": "2021-06-21 20:45:22", "elapsed": 122.312377, "delta": 0.716085}}
{"target": -30.11355654641723, "params": {"C": 0.07761037906577148, "epsilon": 5.036606994262868, "gamma": 0.507085905966475, "lamda": 0.11475355891049642}, "datetime": {"datetime": "2021-06-21 20:45:23", "elapsed": 122.78711, "delta": 0.474733}}
{"target": -26.881953348487787, "params": {"C": 0.0951549140468946, "epsilon": 5.350973006999529, "gamma": 0.26461080849836704, "lamda": 0.2851949074868338}, "datetime": {"datetime": "2021-06-21 20:45:24", "elapsed": 123.493219, "delta": 0.706109}}
{"target": -26.23695499518652, "params": {"C": 0.03428357869544349, "epsilon": 6.418290676650926, "gamma": 0.10272633842914725, "lamda": 0.3548100397829276}, "datetime": {"datetime": "2021-06-21 20:45:24", "elapsed": 124.161434, "delta": 0.668215}}
{"target": -23.203128153605306, "params": {"C": 0.1, "epsilon": 6.122012927776035, "gamma": 0.1, "lamda": 0.7}, "datetime": {"datetime": "2021-06-21 20:45:25", "elapsed": 124.843608, "delta": 0.682174}}
{"target": -31.38081286593628, "params": {"C": 0.04813594508426892, "epsilon": 8.546653040021678, "gamma": 0.6444834913757362, "lamda": 0.3887928746704494}, "datetime": {"datetime": "2021-06-21 20:45:25", "elapsed": 125.33729, "delta": 0.493682}}
{"target": -32.96609459117623, "params": {"C": 0.04066388224303791, "epsilon": 5.105833490709394, "gamma": 0.7923945720134292, "lamda": 0.3706086984075803}, "datetime": {"datetime": "2021-06-21 20:45:26", "elapsed": 125.835957, "delta": 0.498667}}
{"target": -23.120905706077313, "params": {"C": 0.1, "epsilon": 6.398823370653792, "gamma": 0.1, "lamda": 0.5871821373908375}, "datetime": {"datetime": "2021-06-21 20:45:27", "elapsed": 126.721589, "delta": 0.885632}}
{"target": -22.83027369002922, "params": {"C": 0.098285537539707, "epsilon": 8.890093600612396, "gamma": 0.10758569288623311, "lamda": 0.44977697515409354}, "datetime": {"datetime": "2021-06-21 20:45:27", "elapsed": 127.449641, "delta": 0.728052}}
{"target": -23.890967905059142, "params": {"C": 0.1, "epsilon": 7.912429796114126, "gamma": 0.1563444520326805, "lamda": 0.10392407853033574}, "datetime": {"datetime": "2021-06-21 20:45:28", "elapsed": 128.127827, "delta": 0.678186}}
{"target": -24.259040554464402, "params": {"C": 0.09215391017535657, "epsilon": 5.068285568846066, "gamma": 0.12158991511926054, "lamda": 0.5933338752521474}, "datetime": {"datetime": "2021-06-21 20:45:29", "elapsed": 128.869842, "delta": 0.742015}}
{"target": -22.875940516083247, "params": {"C": 0.1, "epsilon": 7.523586034442927, "gamma": 0.1, "lamda": 0.5300805643177836}, "datetime": {"datetime": "2021-06-21 20:45:30", "elapsed": 129.660728, "delta": 0.790886}}
{"target": -32.54955986123626, "params": {"C": 0.00604369882075537, "epsilon": 5.302882353562951, "gamma": 0.12719724311374986, "lamda": 0.036073281170593684}, "datetime": {"datetime": "2021-06-21 20:45:30", "elapsed": 130.338914, "delta": 0.678186}}
{"target": -26.73992798063915, "params": {"C": 0.1, "epsilon": 6.00611313867873, "gamma": 0.27561926497498795, "lamda": 0.7}, "datetime": {"datetime": "2021-06-21 20:45:31", "elapsed": 131.109853, "delta": 0.770939}}
{"target": -33.681946117413695, "params": {"C": 0.001, "epsilon": 9.259341565117762, "gamma": 0.8, "lamda": 0.31685231647201384}, "datetime": {"datetime": "2021-06-21 20:45:32", "elapsed": 131.874808, "delta": 0.764955}}
{"target": -22.822911658442205, "params": {"C": 0.09756684613133378, "epsilon": 7.997734680258021, "gamma": 0.10031633982618123, "lamda": 0.4159207572604682}, "datetime": {"datetime": "2021-06-21 20:45:33", "elapsed": 132.570946, "delta": 0.696138}}
{"target": -28.19879641194082, "params": {"C": 0.05876414257089102, "epsilon": 5.415660352437971, "gamma": 0.24664201467879066, "lamda": 0.6037207867878391}, "datetime": {"datetime": "2021-06-21 20:45:33", "elapsed": 133.121476, "delta": 0.55053}}
{"target": -32.45502390248959, "params": {"C": 0.028828169477416166, "epsilon": 9.285235262879786, "gamma": 0.7975060488863933, "lamda": 0.42264046173009473}, "datetime": {"datetime": "2021-06-21 20:45:34", "elapsed": 133.745811, "delta": 0.624335}}
{"target": -23.19233226669383, "params": {"C": 0.1, "epsilon": 5.94290604352322, "gamma": 0.1, "lamda": 0.4410217089931221}, "datetime": {"datetime": "2021-06-21 20:45:35", "elapsed": 134.727181, "delta": 0.98137}}
{"target": -23.01769244804833, "params": {"C": 0.1, "epsilon": 6.631280364389365, "gamma": 0.1, "lamda": 0.3436406845821496}, "datetime": {"datetime": "2021-06-21 20:45:36", "elapsed": 135.786349, "delta": 1.059168}}
{"target": -23.047313380782438, "params": {"C": 0.1, "epsilon": 6.870223951064758, "gamma": 0.1, "lamda": 0.7}, "datetime": {"datetime": "2021-06-21 20:45:37", "elapsed": 136.814598, "delta": 1.028249}}
{"target": -23.20290173993915, "params": {"C": 0.09787479623899081, "epsilon": 6.945724861245969, "gamma": 0.1051892236425093, "lamda": 0.552648620220764}, "datetime": {"datetime": "2021-06-21 20:45:38", "elapsed": 137.480817, "delta": 0.666219}}
{"target": -26.112778328510206, "params": {"C": 0.1, "epsilon": 6.949905753515111, "gamma": 0.25356620773770316, "lamda": 0.4209913203296173}, "datetime": {"datetime": "2021-06-21 20:45:38", "elapsed": 138.160999, "delta": 0.680182}}
{"target": -24.973530448877888, "params": {"C": 0.09494246265405727, "epsilon": 9.86145304307824, "gamma": 0.2185673838057421, "lamda": 0.29500733974995075}, "datetime": {"datetime": "2021-06-21 20:45:39", "elapsed": 139.154342, "delta": 0.993343}}
{"target": -30.185498089022992, "params": {"C": 0.1, "epsilon": 8.879604558800523, "gamma": 0.8, "lamda": 0.7}, "datetime": {"datetime": "2021-06-21 20:45:40", "elapsed": 139.953205, "delta": 0.798863}}
{"target": -33.03702715074103, "params": {"C": 0.011469762168431517, "epsilon": 8.946319460080197, "gamma": 0.6094642582960601, "lamda": 0.014376083504395617}, "datetime": {"datetime": "2021-06-21 20:45:41", "elapsed": 140.525674, "delta": 0.572469}}
{"target": -23.35183597937995, "params": {"C": 0.1, "epsilon": 5.458759151319424, "gamma": 0.1, "lamda": 0.7}, "datetime": {"datetime": "2021-06-21 20:45:41", "elapsed": 141.432251, "delta": 0.906577}}
{"target": -34.66073375046114, "params": {"C": 0.001, "epsilon": 4.666562917311983, "gamma": 0.4869517511582692, "lamda": 0.009}, "datetime": {"datetime": "2021-06-21 20:45:43", "elapsed": 143.003117, "delta": 1.570866}}
