{"target": -18.837695345726036, "params": {"C": 4.570907268076029, "epsilon": 11.237517946063782, "gamma": 0.4250025692592619, "lamda": 0.6883673053927919}, "datetime": {"datetime": "2021-06-28 17:18:57", "elapsed": 0.679012, "delta": 0.304027}}
{"target": -18.889454259389407, "params": {"C": 2.1732176299739505, "epsilon": 2.6607390070731363, "gamma": 0.37820224194876373, "lamda": 0.40984480117566224}, "datetime": {"datetime": "2021-06-28 17:18:58", "elapsed": 1.162002, "delta": 0.48299}}
{"target": -11.860274497645062, "params": {"C": 3.5782394302109375, "epsilon": 5.584007468202748, "gamma": 0.01, "lamda": 0.22804833128818588}, "datetime": {"datetime": "2021-06-28 17:18:58", "elapsed": 1.714992, "delta": 0.55299}}
{"target": -33.313056770033114, "params": {"C": 6.159845264076599, "epsilon": 8.127713018073413, "gamma": 1.0, "lamda": 1.0}, "datetime": {"datetime": "2021-06-28 17:19:06", "elapsed": 9.222002, "delta": 7.50701}}
{"target": -11.8426293917415, "params": {"C": 5.376734885816398, "epsilon": 3.127780108546285, "gamma": 0.01, "lamda": 0.01}, "datetime": {"datetime": "2021-06-28 17:19:06", "elapsed": 9.768997, "delta": 0.546995}}
{"target": -12.255670673058091, "params": {"C": 1.5283454885045213, "epsilon": 8.89774419760824, "gamma": 0.01, "lamda": 0.4225316959549946}, "datetime": {"datetime": "2021-06-28 17:19:07", "elapsed": 10.256007, "delta": 0.48701}}
{"target": -11.79628669607468, "params": {"C": 9.024207733422658, "epsilon": 1.0, "gamma": 0.01, "lamda": 0.01}, "datetime": {"datetime": "2021-06-28 17:19:07", "elapsed": 10.908012, "delta": 0.652005}}
{"target": -11.515825891754432, "params": {"C": 10.0, "epsilon": 4.262901108618875, "gamma": 0.01, "lamda": 0.01}, "datetime": {"datetime": "2021-06-28 17:19:08", "elapsed": 11.513991, "delta": 0.605979}}
{"target": -23.074666365365978, "params": {"C": 10.0, "epsilon": 20.0, "gamma": 1.0, "lamda": 1.0}, "datetime": {"datetime": "2021-06-28 17:19:09", "elapsed": 12.267997, "delta": 0.754006}}
{"target": -12.993924511634997, "params": {"C": 1.0, "epsilon": 5.861961203613003, "gamma": 0.01, "lamda": 0.01}, "datetime": {"datetime": "2021-06-28 17:19:09", "elapsed": 12.82099, "delta": 0.552993}}
{"target": -23.352884089779714, "params": {"C": 1.0, "epsilon": 20.0, "gamma": 1.0, "lamda": 1.0}, "datetime": {"datetime": "2021-06-28 17:19:10", "elapsed": 13.297998, "delta": 0.477008}}
{"target": -23.175355774317662, "params": {"C": 7.82951657674819, "epsilon": 3.3994539453794834, "gamma": 0.9022285497262454, "lamda": 0.9521875949805959}, "datetime": {"datetime": "2021-06-28 17:19:10", "elapsed": 13.76699, "delta": 0.468992}}
{"target": -12.0687405487862, "params": {"C": 4.686000533134723, "epsilon": 1.0, "gamma": 0.01, "lamda": 0.01}, "datetime": {"datetime": "2021-06-28 17:19:11", "elapsed": 14.350993, "delta": 0.584003}}
{"target": -11.314217376389331, "params": {"C": 10.0, "epsilon": 7.964573175473149, "gamma": 0.01, "lamda": 0.01}, "datetime": {"datetime": "2021-06-28 17:19:11", "elapsed": 14.938973, "delta": 0.58798}}
{"target": -83.71456292929656, "params": {"C": 10.0, "epsilon": 11.18441774519821, "gamma": 0.01, "lamda": 1.0}, "datetime": {"datetime": "2021-06-28 17:19:19", "elapsed": 22.456971, "delta": 7.517998}}
{"target": -23.464565688580507, "params": {"C": 1.2132604727896517, "epsilon": 11.685830403666555, "gamma": 0.8838833443546559, "lamda": 0.9302278129395111}, "datetime": {"datetime": "2021-06-28 17:19:19", "elapsed": 23.020969, "delta": 0.563998}}
{"target": -22.02060149746461, "params": {"C": 9.509569768176448, "epsilon": 6.249257845338691, "gamma": 0.7583206632464503, "lamda": 0.9819018849601656}, "datetime": {"datetime": "2021-06-28 17:19:20", "elapsed": 23.581973, "delta": 0.561004}}
{"target": -23.687248969040287, "params": {"C": 3.4139591105859495, "epsilon": 9.161412439768139, "gamma": 1.0, "lamda": 0.01}, "datetime": {"datetime": "2021-06-28 17:19:20", "elapsed": 24.066966, "delta": 0.484993}}
{"target": -22.957587879908935, "params": {"C": 5.972278051944919, "epsilon": 20.0, "gamma": 1.0, "lamda": 0.01}, "datetime": {"datetime": "2021-06-28 17:19:21", "elapsed": 24.558972, "delta": 0.492006}}
{"target": -21.214894112316447, "params": {"C": 6.376194014300955, "epsilon": 1.088142398737686, "gamma": 0.6104750881885158, "lamda": 0.902864735419072}, "datetime": {"datetime": "2021-06-28 17:19:21", "elapsed": 25.074975, "delta": 0.516003}}
{"target": -23.21353755057022, "params": {"C": 9.913531462684858, "epsilon": 2.0298163148492776, "gamma": 0.9082531670471689, "lamda": 0.949993575575472}, "datetime": {"datetime": "2021-06-28 17:19:22", "elapsed": 25.562979, "delta": 0.488004}}
{"target": -11.551803763530968, "params": {"C": 7.1661180331556995, "epsilon": 5.59339800799095, "gamma": 0.01, "lamda": 0.01}, "datetime": {"datetime": "2021-06-28 17:19:23", "elapsed": 26.173954, "delta": 0.610975}}
{"target": -24.371482241934856, "params": {"C": 1.5797068581348097, "epsilon": 7.073593775362766, "gamma": 0.9278639203481477, "lamda": 0.9279242753997184}, "datetime": {"datetime": "2021-06-28 17:19:23", "elapsed": 26.629955, "delta": 0.456001}}
{"target": -10.970412893906751, "params": {"C": 10.0, "epsilon": 17.52472873982591, "gamma": 0.01, "lamda": 0.01}, "datetime": {"datetime": "2021-06-28 17:19:24", "elapsed": 27.293961, "delta": 0.664006}}
{"target": -24.079444247460067, "params": {"C": 4.12039000198487, "epsilon": 3.9163454414650363, "gamma": 1.0, "lamda": 1.0}, "datetime": {"datetime": "2021-06-28 17:19:25", "elapsed": 28.272009, "delta": 0.978048}}
{"target": -13.405850396213804, "params": {"C": 1.0, "epsilon": 1.0, "gamma": 0.010000000000000009, "lamda": 0.01}, "datetime": {"datetime": "2021-06-28 17:19:25", "elapsed": 28.756001, "delta": 0.483992}}
{"target": -23.17600832074561, "params": {"C": 10.0, "epsilon": 16.540511425869134, "gamma": 1.0, "lamda": 1.0}, "datetime": {"datetime": "2021-06-28 17:19:26", "elapsed": 29.238955, "delta": 0.482954}}
{"target": -73.06970081342602, "params": {"C": 8.337129739349937, "epsilon": 18.615442776725978, "gamma": 0.07485471618449507, "lamda": 0.13232370700816717}, "datetime": {"datetime": "2021-06-28 17:19:32", "elapsed": 36.108936, "delta": 6.869981}}
{"target": -11.758319895043465, "params": {"C": 2.236256249094556, "epsilon": 4.515989277133378, "gamma": 0.02141737957168066, "lamda": 0.11194820666737779}, "datetime": {"datetime": "2021-06-28 17:19:33", "elapsed": 36.658972, "delta": 0.550036}}
{"target": -12.19696969262528, "params": {"C": 3.0709012637495285, "epsilon": 1.0, "gamma": 0.01, "lamda": 1.0}, "datetime": {"datetime": "2021-06-28 17:19:34", "elapsed": 37.22396, "delta": 0.564988}}
{"target": -22.814199666646513, "params": {"C": 3.7417142213110552, "epsilon": 20.0, "gamma": 1.0, "lamda": 1.0}, "datetime": {"datetime": "2021-06-28 17:19:34", "elapsed": 37.79197, "delta": 0.56801}}
{"target": -12.489843575343913, "params": {"C": 1.0, "epsilon": 17.45364778590815, "gamma": 0.01, "lamda": 0.01}, "datetime": {"datetime": "2021-06-28 17:19:35", "elapsed": 38.353925, "delta": 0.561955}}
{"target": -23.928852048181433, "params": {"C": 1.0, "epsilon": 15.911858014751395, "gamma": 1.0, "lamda": 1.0}, "datetime": {"datetime": "2021-06-28 17:19:35", "elapsed": 38.906942, "delta": 0.553017}}
{"target": -11.721802086935043, "params": {"C": 5.434001077670892, "epsilon": 5.192781243616941, "gamma": 0.01, "lamda": 0.01}, "datetime": {"datetime": "2021-06-28 17:19:36", "elapsed": 39.411933, "delta": 0.504991}}
{"target": -12.774875758477602, "params": {"C": 8.316764592339622, "epsilon": 7.606165350105581, "gamma": 0.09558315793123145, "lamda": 0.07278337490871074}, "datetime": {"datetime": "2021-06-28 17:19:36", "elapsed": 40.084957, "delta": 0.673024}}
{"target": -11.02757206276329, "params": {"C": 10.0, "epsilon": 15.631364484482928, "gamma": 0.01, "lamda": 0.01}, "datetime": {"datetime": "2021-06-28 17:19:37", "elapsed": 40.80196, "delta": 0.717003}}
{"target": -15.18020656446486, "params": {"C": 2.6514439827499556, "epsilon": 18.621686366029863, "gamma": 0.19096304025345887, "lamda": 0.011165348743629094}, "datetime": {"datetime": "2021-06-28 17:19:38", "elapsed": 41.412925, "delta": 0.610965}}
{"target": -54.14619292888231, "params": {"C": 2.7750455734421315, "epsilon": 10.096148299853914, "gamma": 0.12457169237271921, "lamda": 0.9722338945903488}, "datetime": {"datetime": "2021-06-28 17:19:50", "elapsed": 53.503916, "delta": 12.090991}}
{"target": -24.100500227711894, "params": {"C": 3.873280142070462, "epsilon": 2.1075131175779034, "gamma": 0.9715900585716067, "lamda": 0.08187103422278814}, "datetime": {"datetime": "2021-06-28 17:19:51", "elapsed": 54.148936, "delta": 0.64502}}
{"target": -23.80090245666839, "params": {"C": 6.370430207399181, "epsilon": 4.366202452832347, "gamma": 1.0, "lamda": 0.01}, "datetime": {"datetime": "2021-06-28 17:19:51", "elapsed": 54.680916, "delta": 0.53198}}
{"target": -11.487876468278579, "params": {"C": 8.701383562612046, "epsilon": 5.2021414227352665, "gamma": 0.01, "lamda": 0.01}, "datetime": {"datetime": "2021-06-28 17:19:52", "elapsed": 55.401971, "delta": 0.721055}}
{"target": -13.819274804334059, "params": {"C": 4.099717253132585, "epsilon": 7.029707957343523, "gamma": 0.12878506552279972, "lamda": 0.07317246563781246}, "datetime": {"datetime": "2021-06-28 17:19:52", "elapsed": 56.002932, "delta": 0.600961}}
{"target": -12.873152096334103, "params": {"C": 1.0, "epsilon": 7.81182138078549, "gamma": 0.01, "lamda": 0.01}, "datetime": {"datetime": "2021-06-28 17:19:53", "elapsed": 56.513924, "delta": 0.510992}}
{"target": -13.152308897275203, "params": {"C": 1.0, "epsilon": 3.745692633439539, "gamma": 0.01, "lamda": 0.01}, "datetime": {"datetime": "2021-06-28 17:19:53", "elapsed": 57.024933, "delta": 0.511009}}
{"target": -11.835203702335939, "params": {"C": 7.630293376423223, "epsilon": 2.1630412649364703, "gamma": 0.01, "lamda": 0.01}, "datetime": {"datetime": "2021-06-28 17:19:54", "elapsed": 57.86696, "delta": 0.842027}}
{"target": -22.139827263719436, "params": {"C": 6.06172527361231, "epsilon": 10.675606545233745, "gamma": 0.8001333442865213, "lamda": 0.017621720786185506}, "datetime": {"datetime": "2021-06-28 17:19:55", "elapsed": 58.433918, "delta": 0.566958}}
{"target": -25.24665866244203, "params": {"C": 1.0, "epsilon": 9.23297227194139, "gamma": 1.0, "lamda": 0.01}, "datetime": {"datetime": "2021-06-28 17:19:55", "elapsed": 58.93596, "delta": 0.502042}}
{"target": -24.3595625302224, "params": {"C": 1.0, "epsilon": 13.575438511153939, "gamma": 1.0, "lamda": 0.01}, "datetime": {"datetime": "2021-06-28 17:19:56", "elapsed": 59.47194, "delta": 0.53598}}
{"target": -11.394946857882527, "params": {"C": 10.0, "epsilon": 6.380053383733451, "gamma": 0.01, "lamda": 0.01}, "datetime": {"datetime": "2021-06-28 17:19:56", "elapsed": 60.094912, "delta": 0.622972}}
{"target": -25.8087416690615, "params": {"C": 1.028634254712355, "epsilon": 4.320911530576062, "gamma": 0.9288345366857615, "lamda": 0.9940514330009428}, "datetime": {"datetime": "2021-06-28 17:19:57", "elapsed": 60.634915, "delta": 0.540003}}
{"target": -12.471197655068373, "params": {"C": 1.0, "epsilon": 19.088199294376523, "gamma": 0.01, "lamda": 0.01}, "datetime": {"datetime": "2021-06-28 17:19:58", "elapsed": 61.180954, "delta": 0.546039}}
{"target": -23.60445516772569, "params": {"C": 1.0, "epsilon": 18.03583748358748, "gamma": 1.0, "lamda": 1.0}, "datetime": {"datetime": "2021-06-28 17:19:58", "elapsed": 61.712911, "delta": 0.531957}}
{"target": -27.164624539889797, "params": {"C": 1.0, "epsilon": 1.0, "gamma": 1.0, "lamda": 1.0}, "datetime": {"datetime": "2021-06-28 17:19:59", "elapsed": 62.236931, "delta": 0.52402}}
{"target": -23.946563964105792, "params": {"C": 8.002977818444172, "epsilon": 1.0, "gamma": 1.0, "lamda": 0.01}, "datetime": {"datetime": "2021-06-28 17:19:59", "elapsed": 62.792901, "delta": 0.55597}}
{"target": -11.966611056436676, "params": {"C": 4.797487570555656, "epsilon": 2.0722195690555423, "gamma": 0.01, "lamda": 1.0}, "datetime": {"datetime": "2021-06-28 17:20:00", "elapsed": 63.456942, "delta": 0.664041}}
{"target": -11.91391333079331, "params": {"C": 2.536582707018672, "epsilon": 7.482880445519936, "gamma": 0.01, "lamda": 0.01}, "datetime": {"datetime": "2021-06-28 17:20:00", "elapsed": 64.058913, "delta": 0.601971}}
{"target": -23.517248832644338, "params": {"C": 10.0, "epsilon": 7.43575201141872, "gamma": 1.0, "lamda": 0.01}, "datetime": {"datetime": "2021-06-28 17:20:01", "elapsed": 64.61991, "delta": 0.560997}}
{"target": -93.66744361772774, "params": {"C": 8.916746025473401, "epsilon": 3.009216885587527, "gamma": 0.05971355842289858, "lamda": 0.02501730396873466}, "datetime": {"datetime": "2021-06-28 17:20:13", "elapsed": 76.856893, "delta": 12.236983}}
{"target": -72.5080798874283, "params": {"C": 8.311075699936541, "epsilon": 7.6250594879858875, "gamma": 0.0860239878172109, "lamda": 0.14826329291434576}, "datetime": {"datetime": "2021-06-28 17:20:20", "elapsed": 83.293885, "delta": 6.436992}}
{"target": -19.14837924106121, "params": {"C": 2.6357638852149385, "epsilon": 17.98777048668358, "gamma": 0.5094974398903411, "lamda": 0.9863889663069538}, "datetime": {"datetime": "2021-06-28 17:20:20", "elapsed": 83.745399, "delta": 0.451514}}
{"target": -17.773521377260153, "params": {"C": 7.112443735698936, "epsilon": 16.74988076589656, "gamma": 0.33445939472840447, "lamda": 0.3858763342312608}, "datetime": {"datetime": "2021-06-28 17:20:21", "elapsed": 84.203928, "delta": 0.458529}}
{"target": -21.641715574242284, "params": {"C": 8.1938379285391, "epsilon": 6.168426833621077, "gamma": 0.7016528871303993, "lamda": 0.44946423094764837}, "datetime": {"datetime": "2021-06-28 17:20:21", "elapsed": 84.629933, "delta": 0.426005}}
{"target": -20.896761725366, "params": {"C": 4.630500236967049, "epsilon": 19.75566604711663, "gamma": 0.6844793454124763, "lamda": 0.9093618202441831}, "datetime": {"datetime": "2021-06-28 17:20:21", "elapsed": 85.053866, "delta": 0.423933}}
{"target": -22.447958756022317, "params": {"C": 6.790520700544887, "epsilon": 12.607604079479623, "gamma": 0.8656621159866404, "lamda": 0.21504900569772203}, "datetime": {"datetime": "2021-06-28 17:20:22", "elapsed": 85.551902, "delta": 0.498036}}
{"target": -22.63386122539674, "params": {"C": 5.859350608662923, "epsilon": 7.103971956697432, "gamma": 0.838824424712826, "lamda": 0.989695830766953}, "datetime": {"datetime": "2021-06-28 17:20:22", "elapsed": 86.019911, "delta": 0.468009}}
{"target": -34.088783252131236, "params": {"C": 8.197157588656733, "epsilon": 8.288843105768553, "gamma": 0.7857667297050793, "lamda": 0.7169898123727256}, "datetime": {"datetime": "2021-06-28 17:20:29", "elapsed": 92.822874, "delta": 6.802963}}
{"target": -19.65211897253604, "params": {"C": 9.991242747956147, "epsilon": 12.111213384572633, "gamma": 0.4804225832963748, "lamda": 0.8866541172588888}, "datetime": {"datetime": "2021-06-28 17:20:30", "elapsed": 93.271881, "delta": 0.449007}}
{"target": -90.36769752151834, "params": {"C": 9.937128193754946, "epsilon": 6.062810312456259, "gamma": 0.05363731949468955, "lamda": 0.5512249189289244}, "datetime": {"datetime": "2021-06-28 17:20:43", "elapsed": 106.865352, "delta": 13.593471}}
{"target": -22.98212224121132, "params": {"C": 6.129217118223025, "epsilon": 1.6617832304731612, "gamma": 0.8401301594484686, "lamda": 0.5449369461517253}, "datetime": {"datetime": "2021-06-28 17:20:44", "elapsed": 107.301218, "delta": 0.435866}}
{"target": -21.807816501616887, "params": {"C": 2.1523887843257103, "epsilon": 3.882529982954825, "gamma": 0.6469289442738398, "lamda": 0.1986632549828628}, "datetime": {"datetime": "2021-06-28 17:20:44", "elapsed": 107.762019, "delta": 0.460801}}
{"target": -23.211472365045296, "params": {"C": 9.580161199745493, "epsilon": 15.557520196393256, "gamma": 0.9997215369911449, "lamda": 0.343007426332548}, "datetime": {"datetime": "2021-06-28 17:20:45", "elapsed": 108.194915, "delta": 0.432896}}
{"target": -19.01413310863439, "params": {"C": 1.4140640594954457, "epsilon": 5.614419203355384, "gamma": 0.3516335656894132, "lamda": 0.09546543826224249}, "datetime": {"datetime": "2021-06-28 17:20:45", "elapsed": 108.696107, "delta": 0.501192}}
{"target": -23.083917644669505, "params": {"C": 2.8141456542317083, "epsilon": 5.190389556546837, "gamma": 0.8162753298173061, "lamda": 0.7454607506503128}, "datetime": {"datetime": "2021-06-28 17:20:45", "elapsed": 109.100049, "delta": 0.403942}}
{"target": -21.822499376618346, "params": {"C": 5.745696726925522, "epsilon": 16.353354764262843, "gamma": 0.792099634726346, "lamda": 0.6467875083502636}, "datetime": {"datetime": "2021-06-28 17:20:46", "elapsed": 109.538896, "delta": 0.438847}}
{"target": -20.11228264852748, "params": {"C": 9.221648642149004, "epsilon": 14.650762896733612, "gamma": 0.5368163912111353, "lamda": 0.4671475605626227}, "datetime": {"datetime": "2021-06-28 17:20:46", "elapsed": 110.07999, "delta": 0.541094}}
{"target": -22.701665951156205, "params": {"C": 1.6223472568759356, "epsilon": 19.533922408676176, "gamma": 0.937968090620106, "lamda": 0.2850367935466538}, "datetime": {"datetime": "2021-06-28 17:20:47", "elapsed": 110.534318, "delta": 0.454328}}
{"target": -21.44930847418661, "params": {"C": 8.745581274595512, "epsilon": 6.927849846223758, "gamma": 0.6811408185260143, "lamda": 0.8945729634701882}, "datetime": {"datetime": "2021-06-28 17:20:47", "elapsed": 111.025033, "delta": 0.490715}}
{"target": -18.495386961649256, "params": {"C": 2.82095905407964, "epsilon": 16.230764784396168, "gamma": 0.44142316313521357, "lamda": 0.3225097856324543}, "datetime": {"datetime": "2021-06-28 17:20:48", "elapsed": 111.533218, "delta": 0.508185}}
{"target": -20.92914823170106, "params": {"C": 6.437079841387355, "epsilon": 14.111193987809315, "gamma": 0.6557023466408848, "lamda": 0.4209430787681496}, "datetime": {"datetime": "2021-06-28 17:20:48", "elapsed": 112.054852, "delta": 0.521634}}
{"target": -21.143753203693773, "params": {"C": 2.6911269820383144, "epsilon": 2.856202107344817, "gamma": 0.5817307519768281, "lamda": 0.9024296442962094}, "datetime": {"datetime": "2021-06-28 17:20:49", "elapsed": 112.572994, "delta": 0.518142}}
{"target": -20.63789391205068, "params": {"C": 3.4809782368411115, "epsilon": 8.465776384638463, "gamma": 0.5724888941223814, "lamda": 0.12843965378355462}, "datetime": {"datetime": "2021-06-28 17:20:49", "elapsed": 112.989904, "delta": 0.41691}}
{"target": -42.22411722934541, "params": {"C": 4.01900385243535, "epsilon": 8.205826435355743, "gamma": 0.21178117028993446, "lamda": 0.6127277107116561}, "datetime": {"datetime": "2021-06-28 17:21:04", "elapsed": 127.378963, "delta": 14.389059}}
{"target": -17.48483858903725, "params": {"C": 7.864670010515267, "epsilon": 13.508134684259671, "gamma": 0.30599125564949664, "lamda": 0.6894336309681207}, "datetime": {"datetime": "2021-06-28 17:21:05", "elapsed": 128.311059, "delta": 0.932096}}
{"target": -101.9073416781777, "params": {"C": 7.706652926841831, "epsilon": 3.2420039603601714, "gamma": 0.020680575779672375, "lamda": 0.5938198302329706}, "datetime": {"datetime": "2021-06-28 17:21:12", "elapsed": 135.897331, "delta": 7.586272}}
{"target": -19.402905357519533, "params": {"C": 9.596761563365932, "epsilon": 13.034082261668164, "gamma": 0.46364671894981685, "lamda": 0.8172068830668753}, "datetime": {"datetime": "2021-06-28 17:21:13", "elapsed": 136.388045, "delta": 0.490714}}
{"target": -18.152073686340913, "params": {"C": 4.398253212407479, "epsilon": 18.077060807559388, "gamma": 0.3988772734950668, "lamda": 0.7520365666142501}, "datetime": {"datetime": "2021-06-28 17:21:13", "elapsed": 136.941104, "delta": 0.553059}}
{"target": -22.689383241464427, "params": {"C": 3.1455658689520116, "epsilon": 19.11058491126698, "gamma": 0.9705649132855336, "lamda": 0.5435669110310082}, "datetime": {"datetime": "2021-06-28 17:21:14", "elapsed": 137.427828, "delta": 0.486724}}
{"target": -19.75540369629569, "params": {"C": 5.8801802588052885, "epsilon": 12.912617087883666, "gamma": 0.503021952220511, "lamda": 0.19085584125452704}, "datetime": {"datetime": "2021-06-28 17:21:14", "elapsed": 137.915077, "delta": 0.487249}}
{"target": -23.345213879967694, "params": {"C": 1.991314130949552, "epsilon": 10.256098744358422, "gamma": 0.9083888319461054, "lamda": 0.2961043111888553}, "datetime": {"datetime": "2021-06-28 17:21:15", "elapsed": 138.520993, "delta": 0.605916}}
{"target": -20.79765826262475, "params": {"C": 7.489707931058935, "epsilon": 18.423055643044304, "gamma": 0.6453310756787063, "lamda": 0.23456026817130288}, "datetime": {"datetime": "2021-06-28 17:21:15", "elapsed": 138.987289, "delta": 0.466296}}
{"target": -19.84585959045843, "params": {"C": 7.345096259024878, "epsilon": 10.293396075895712, "gamma": 0.4978095249827393, "lamda": 0.20587977875651423}, "datetime": {"datetime": "2021-06-28 17:21:16", "elapsed": 139.503952, "delta": 0.516663}}
{"target": -22.23721193569555, "params": {"C": 4.8016625158975685, "epsilon": 14.682206866905377, "gamma": 0.8413999834170872, "lamda": 0.4218821370760909}, "datetime": {"datetime": "2021-06-28 17:21:16", "elapsed": 140.009142, "delta": 0.50519}}
{"target": -46.147326758192946, "params": {"C": 9.33028136598821, "epsilon": 14.689442531298134, "gamma": 0.17342820473611836, "lamda": 0.6660643642956278}, "datetime": {"datetime": "2021-06-28 17:21:25", "elapsed": 148.703002, "delta": 8.69386}}
{"target": -42.628248831342184, "params": {"C": 5.444659658191858, "epsilon": 10.685951177611685, "gamma": 0.19884781992710335, "lamda": 0.671230686864905}, "datetime": {"datetime": "2021-06-28 17:21:43", "elapsed": 166.181462, "delta": 17.47846}}
{"target": -11.068000587955037, "params": {"C": 2.7524779143523084, "epsilon": 17.624043393680683, "gamma": 0.0152149952320824, "lamda": 0.12882524069187867}, "datetime": {"datetime": "2021-06-28 17:21:43", "elapsed": 166.727426, "delta": 0.545964}}
