{"target": -25.765381432771743, "params": {"C": 6.999467110796009, "epsilon": 9.603932951496086, "gamma": 2.5722750902201303, "lamda": 0.4182023006878508}, "datetime": {"datetime": "2021-06-28 14:06:14", "elapsed": 475.661739, "delta": 1.525344}}
{"target": -30.979839557486, "params": {"C": 4.440994295922653, "epsilon": 5.663809923018216, "gamma": 5.519046167853747, "lamda": 0.471359777941384}, "datetime": {"datetime": "2021-06-28 14:06:16", "elapsed": 477.652565, "delta": 1.990826}}
{"target": -33.019209586244955, "params": {"C": 8.021522037193362, "epsilon": 1.674264497825539, "gamma": 8.213679799068366, "lamda": 0.4009957930981544}, "datetime": {"datetime": "2021-06-28 14:06:17", "elapsed": 479.039064, "delta": 1.386499}}
{"target": -32.34750477387327, "params": {"C": 7.9173387022386414, "epsilon": 2.6183192927958028, "gamma": 7.160840856447017, "lamda": 0.08605845626630165}, "datetime": {"datetime": "2021-06-28 14:06:19", "elapsed": 480.563573, "delta": 1.524509}}
{"target": -28.776952895200026, "params": {"C": 8.773635885312151, "epsilon": 4.080828585490508, "gamma": 3.917564842158862, "lamda": 0.43072264840878477}, "datetime": {"datetime": "2021-06-28 14:06:20", "elapsed": 482.284929, "delta": 1.721356}}
{"target": -29.01838941062382, "params": {"C": 6.0834055022917, "epsilon": 8.602173494643399, "gamma": 4.194549038409587, "lamda": 0.056158276257168994}, "datetime": {"datetime": "2021-06-28 14:06:22", "elapsed": 483.758523, "delta": 1.473594}}
{"target": -16.148984019332886, "params": {"C": 3.7601642032278657, "epsilon": 8.134595535029783, "gamma": 0.5568768787928406, "lamda": 0.25566326764810526}, "datetime": {"datetime": "2021-06-28 14:06:24", "elapsed": 485.603767, "delta": 1.845244}}
{"target": -28.430760123825895, "params": {"C": 4.984367195908171, "epsilon": 6.307117230535171, "gamma": 3.631015766271558, "lamda": 0.0692229206988541}, "datetime": {"datetime": "2021-06-28 14:06:26", "elapsed": 487.346853, "delta": 1.743086}}
{"target": -26.303661040875703, "params": {"C": 9.029266700052972, "epsilon": 6.757810157606509, "gamma": 2.7690714877898754, "lamda": 0.46004165431476823}, "datetime": {"datetime": "2021-06-28 14:06:27", "elapsed": 489.037458, "delta": 1.690605}}
{"target": -18.647035784297806, "params": {"C": 3.0398736755548463, "epsilon": 1.5603411618900342, "gamma": 0.7273495698081774, "lamda": 0.36287257647120125}, "datetime": {"datetime": "2021-06-28 14:06:29", "elapsed": 490.936898, "delta": 1.89944}}
{"target": -15.764732035041561, "params": {"C": 7.448688248364802, "epsilon": 1.2622263028429712, "gamma": 0.5063340425763548, "lamda": 0.3815774572354747}, "datetime": {"datetime": "2021-06-28 14:06:32", "elapsed": 493.343137, "delta": 2.406239}}
{"target": -32.71370953008807, "params": {"C": 4.835736564539512, "epsilon": 5.842031189332232, "gamma": 8.309778329915748, "lamda": 0.04711369316809607}, "datetime": {"datetime": "2021-06-28 14:06:33", "elapsed": 494.814392, "delta": 1.471255}}
{"target": -16.13818649533256, "params": {"C": 4.772294298474699, "epsilon": 7.409518471622798, "gamma": 0.5577495720536424, "lamda": 0.13052327379574433}, "datetime": {"datetime": "2021-06-28 14:06:34", "elapsed": 496.27882, "delta": 1.464428}}
{"target": -17.45233062373775, "params": {"C": 4.4325411303636795, "epsilon": 7.067790223116397, "gamma": 0.688709095968888, "lamda": 0.2510714446539858}, "datetime": {"datetime": "2021-06-28 14:06:36", "elapsed": 497.622759, "delta": 1.343939}}
{"target": -16.583856285565567, "params": {"C": 3.165975103385453, "epsilon": 1.6492893969058533, "gamma": 0.5327817918966644, "lamda": 0.2760506188224328}, "datetime": {"datetime": "2021-06-28 14:06:38", "elapsed": 499.731756, "delta": 2.108997}}
{"target": -17.279162449739776, "params": {"C": 7.440578381731812, "epsilon": 1.4481176535795142, "gamma": 0.648457895620633, "lamda": 0.24120721117586863}, "datetime": {"datetime": "2021-06-28 14:06:40", "elapsed": 501.436628, "delta": 1.704872}}
{"target": -15.850904512467634, "params": {"C": 4.029395252981936, "epsilon": 8.014653573514817, "gamma": 0.5231149342836139, "lamda": 0.1250480197988807}, "datetime": {"datetime": "2021-06-28 14:06:41", "elapsed": 502.958521, "delta": 1.521893}}
{"target": -29.737634373504658, "params": {"C": 9.025081601062851, "epsilon": 4.022329540363493, "gamma": 4.562704831575407, "lamda": 0.15161433577371863}, "datetime": {"datetime": "2021-06-28 14:06:43", "elapsed": 504.559934, "delta": 1.601413}}
{"target": -30.37143726391215, "params": {"C": 1.205255883777362, "epsilon": 7.559578411300625, "gamma": 3.930670025018958, "lamda": 0.41932187435439705}, "datetime": {"datetime": "2021-06-28 14:06:45", "elapsed": 506.371033, "delta": 1.811099}}
{"target": -21.93730515340716, "params": {"C": 3.162619932590946, "epsilon": 7.7590596217345595, "gamma": 1.2501292670897284, "lamda": 0.0962459482267143}, "datetime": {"datetime": "2021-06-28 14:06:46", "elapsed": 507.91354, "delta": 1.542507}}
{"target": -20.58340037945047, "params": {"C": 6.6119679420848625, "epsilon": 1.9104561571164187, "gamma": 1.0739515732879716, "lamda": 0.24325728577411546}, "datetime": {"datetime": "2021-06-28 14:06:48", "elapsed": 509.517757, "delta": 1.604217}}
{"target": -32.297930513109705, "params": {"C": 0.4711437416783103, "epsilon": 5.314471072779871, "gamma": 4.2198195496267745, "lamda": 0.4160037366570238}, "datetime": {"datetime": "2021-06-28 14:06:49", "elapsed": 511.055052, "delta": 1.537295}}
{"target": -16.4859140768902, "params": {"C": 4.053211720106344, "epsilon": 8.494501943313754, "gamma": 0.6016913546593577, "lamda": 0.28031286929585786}, "datetime": {"datetime": "2021-06-28 14:06:51", "elapsed": 512.488527, "delta": 1.433475}}
{"target": -18.200310568471608, "params": {"C": 3.1131823531223244, "epsilon": 1.632114184423493, "gamma": 0.6883680674214143, "lamda": 0.18318656043705492}, "datetime": {"datetime": "2021-06-28 14:06:52", "elapsed": 514.074749, "delta": 1.586222}}
{"target": -18.794992706428783, "params": {"C": 2.2066415955491943, "epsilon": 9.104471412652494, "gamma": 0.783214532408871, "lamda": 0.37893287087977}, "datetime": {"datetime": "2021-06-28 14:06:54", "elapsed": 515.994116, "delta": 1.919367}}
{"target": -15.632953412915098, "params": {"C": 4.588508728915917, "epsilon": 7.139980485081357, "gamma": 0.50165388312651, "lamda": 0.12659618433229175}, "datetime": {"datetime": "2021-06-28 14:06:56", "elapsed": 517.47484, "delta": 1.480724}}
{"target": -24.208489792893296, "params": {"C": 1.1513803997286738, "epsilon": 3.575859093340367, "gamma": 1.2265933276063148, "lamda": 0.30456528028759533}, "datetime": {"datetime": "2021-06-28 14:06:57", "elapsed": 518.962001, "delta": 1.487161}}
{"target": -16.074239733769474, "params": {"C": 4.135189620778545, "epsilon": 8.35455319433182, "gamma": 0.5555818570217763, "lamda": 0.10449168132635354}, "datetime": {"datetime": "2021-06-28 14:06:59", "elapsed": 520.479536, "delta": 1.517535}}
{"target": -16.7379059810914, "params": {"C": 3.2300789161731522, "epsilon": 1.5559626107927886, "gamma": 0.5508300766994133, "lamda": 0.41951604993510566}, "datetime": {"datetime": "2021-06-28 14:07:01", "elapsed": 522.460032, "delta": 1.980496}}
{"target": -28.51199531820813, "params": {"C": 3.3053888934425593, "epsilon": 8.293437355861894, "gamma": 3.6456327170867766, "lamda": 0.1880307499510274}, "datetime": {"datetime": "2021-06-28 14:07:02", "elapsed": 524.043894, "delta": 1.583862}}
{"target": -29.669061852649236, "params": {"C": 6.889304110542061, "epsilon": 0.845171066908482, "gamma": 4.173628139101859, "lamda": 0.25824770806468605}, "datetime": {"datetime": "2021-06-28 14:07:04", "elapsed": 525.785987, "delta": 1.742093}}
{"target": -25.47198044387015, "params": {"C": 4.564919063191497, "epsilon": 3.233571874336405, "gamma": 2.132188512731848, "lamda": 0.16597030578549188}, "datetime": {"datetime": "2021-06-28 14:07:06", "elapsed": 527.597319, "delta": 1.811332}}
{"target": -16.484445683063388, "params": {"C": 4.747811990767528, "epsilon": 7.580753863844436, "gamma": 0.5969051923416007, "lamda": 0.029133063795618655}, "datetime": {"datetime": "2021-06-28 14:07:08", "elapsed": 530.237935, "delta": 2.640616}}
{"target": -17.918358869089552, "params": {"C": 3.10795829654151, "epsilon": 1.5568705453708958, "gamma": 0.6569992674132565, "lamda": 0.39784408282107503}, "datetime": {"datetime": "2021-06-28 14:07:10", "elapsed": 532.318964, "delta": 2.081029}}
{"target": -15.854808761206899, "params": {"C": 4.15357148893502, "epsilon": 8.305526280753787, "gamma": 0.530097030441146, "lamda": 0.21923709679666648}, "datetime": {"datetime": "2021-06-28 14:07:12", "elapsed": 533.969196, "delta": 1.650232}}
{"target": -15.98421132909481, "params": {"C": 4.177297481447559, "epsilon": 8.159761144218463, "gamma": 0.5454448268861218, "lamda": 0.05838279698747781}, "datetime": {"datetime": "2021-06-28 14:07:14", "elapsed": 535.537809, "delta": 1.568613}}
{"target": -24.872851456212075, "params": {"C": 8.73156708474995, "epsilon": 4.184193813803051, "gamma": 2.166774580870349, "lamda": 0.2816232675393717}, "datetime": {"datetime": "2021-06-28 14:07:15", "elapsed": 537.032218, "delta": 1.494409}}
{"target": -29.730661122805923, "params": {"C": 1.1314055736517603, "epsilon": 2.2566330868766924, "gamma": 2.78323222319051, "lamda": 0.12848184538740415}, "datetime": {"datetime": "2021-06-28 14:07:17", "elapsed": 538.688043, "delta": 1.655825}}
{"target": -17.563267260027736, "params": {"C": 4.114793890275614, "epsilon": 8.394587831133748, "gamma": 0.7076937322264196, "lamda": 0.17272747441947628}, "datetime": {"datetime": "2021-06-28 14:07:19", "elapsed": 540.626667, "delta": 1.938624}}
{"target": -16.970457213069395, "params": {"C": 3.179342704233764, "epsilon": 1.5097234057566982, "gamma": 0.5729465432181086, "lamda": 0.42980307048294825}, "datetime": {"datetime": "2021-06-28 14:07:20", "elapsed": 542.237292, "delta": 1.610625}}
{"target": -17.403863538174384, "params": {"C": 3.0653992535562793, "epsilon": 1.5659938020345416, "gamma": 0.6062773946728222, "lamda": 0.4501993840785255}, "datetime": {"datetime": "2021-06-28 14:07:22", "elapsed": 544.080424, "delta": 1.843132}}
{"target": -31.287869585367282, "params": {"C": 2.1983788124955934, "epsilon": 6.498922341568444, "gamma": 5.351164510051331, "lamda": 0.23077483873970794}, "datetime": {"datetime": "2021-06-28 14:07:24", "elapsed": 545.614523, "delta": 1.534099}}
{"target": -15.753388990065911, "params": {"C": 4.388493701050116, "epsilon": 7.442251303092319, "gamma": 0.515908835600462, "lamda": 0.1416986650769207}, "datetime": {"datetime": "2021-06-28 14:07:26", "elapsed": 547.839901, "delta": 2.225378}}
{"target": -19.9043263456761, "params": {"C": 9.369145190831809, "epsilon": 5.124472574860122, "gamma": 1.0418638030372482, "lamda": 0.15840524111807347}, "datetime": {"datetime": "2021-06-28 14:07:28", "elapsed": 549.43061, "delta": 1.590709}}
{"target": -30.33976897304418, "params": {"C": 5.565124150172946, "epsilon": 5.63131160643562, "gamma": 4.978367661837193, "lamda": 0.37432876152060557}, "datetime": {"datetime": "2021-06-28 14:07:29", "elapsed": 550.989352, "delta": 1.558742}}
{"target": -16.471340238699696, "params": {"C": 4.036143453840264, "epsilon": 8.44585254098843, "gamma": 0.5992317060676282, "lamda": 0.21426801097696144}, "datetime": {"datetime": "2021-06-28 14:07:31", "elapsed": 552.515924, "delta": 1.526572}}
{"target": -33.43234762762397, "params": {"C": 9.361103778499288, "epsilon": 0.3263962215459048, "gamma": 9.048591935164902, "lamda": 0.18254454318202615}, "datetime": {"datetime": "2021-06-28 14:07:32", "elapsed": 554.024268, "delta": 1.508344}}
{"target": -32.290499171350426, "params": {"C": 4.645641489163506, "epsilon": 7.970149412190212, "gamma": 7.927312661513967, "lamda": 0.18054055548615927}, "datetime": {"datetime": "2021-06-28 14:07:34", "elapsed": 555.590886, "delta": 1.566618}}
{"target": -16.058450633915218, "params": {"C": 3.77920182572298, "epsilon": 8.267308773175596, "gamma": 0.5469593277242939, "lamda": 0.20002071002162608}, "datetime": {"datetime": "2021-06-28 14:07:36", "elapsed": 557.396072, "delta": 1.805186}}
{"target": -31.062183959764017, "params": {"C": 6.889351778502291, "epsilon": 3.9535179841263806, "gamma": 5.590495843095882, "lamda": 0.3529404577784545}, "datetime": {"datetime": "2021-06-28 14:07:37", "elapsed": 558.921257, "delta": 1.525185}}
{"target": -16.224759624591623, "params": {"C": 7.382303961135668, "epsilon": 1.401150124423185, "gamma": 0.5510771837521153, "lamda": 0.3419237059980726}, "datetime": {"datetime": "2021-06-28 14:07:39", "elapsed": 560.774895, "delta": 1.853638}}
{"target": -24.611336849603912, "params": {"C": 8.463741889116722, "epsilon": 6.858306790580656, "gamma": 2.1321840259179443, "lamda": 0.19761022303825948}, "datetime": {"datetime": "2021-06-28 14:07:40", "elapsed": 562.320977, "delta": 1.546082}}
{"target": -18.15657703328495, "params": {"C": 3.238512159375628, "epsilon": 1.7018682477427671, "gamma": 0.6917566516537659, "lamda": 0.37496900421267104}, "datetime": {"datetime": "2021-06-28 14:07:43", "elapsed": 564.403393, "delta": 2.082416}}
{"target": -17.12370504971198, "params": {"C": 8.295940785853109, "epsilon": 1.87465361141942, "gamma": 0.6428958250853848, "lamda": 0.08437816597587537}, "datetime": {"datetime": "2021-06-28 14:07:45", "elapsed": 566.445616, "delta": 2.042223}}
{"target": -18.87956052989023, "params": {"C": 3.142671189741752, "epsilon": 1.4996813192620244, "gamma": 0.7562404857992711, "lamda": 0.3001902623537132}, "datetime": {"datetime": "2021-06-28 14:07:47", "elapsed": 568.449389, "delta": 2.003773}}
{"target": -30.14948686585768, "params": {"C": 4.320152114863161, "epsilon": 5.691695721256107, "gamma": 4.693641704989499, "lamda": 0.18699248017245534}, "datetime": {"datetime": "2021-06-28 14:07:48", "elapsed": 570.041208, "delta": 1.591819}}
