{"target": -12.884082221186935, "params": {"C": 4.3749580977138285, "epsilon": 1.3467585215624311, "gamma": 0.1737014128875799, "lamda": 0.24660898729766723}, "datetime": {"datetime": "2021-06-28 10:41:01", "elapsed": 1297.192737, "delta": 1.121367}}
{"target": -11.859550610401714, "params": {"C": 5.396917026329615, "epsilon": 5.375227908112977, "gamma": 0.014604224183826734, "lamda": 0.22227827446814752}, "datetime": {"datetime": "2021-06-28 10:41:02", "elapsed": 1298.275872, "delta": 1.083135}}
{"target": -98.01569928919947, "params": {"C": 5.22727062931143, "epsilon": 7.879038977400353, "gamma": 0.03663218643891403, "lamda": 0.40348017626974214}, "datetime": {"datetime": "2021-06-28 10:41:08", "elapsed": 1304.690935, "delta": 6.415063}}
{"target": -12.757249383090521, "params": {"C": 5.0627811828044855, "epsilon": 0.37767618824394367, "gamma": 0.1646371746931161, "lamda": 0.05952292384755506}, "datetime": {"datetime": "2021-06-28 10:41:09", "elapsed": 1305.825948, "delta": 1.135013}}
{"target": -12.812710204443345, "params": {"C": 4.942553154500803, "epsilon": 1.3675232701594253, "gamma": 0.1722382310655773, "lamda": 0.1661319262222089}, "datetime": {"datetime": "2021-06-28 10:41:11", "elapsed": 1307.370341, "delta": 1.544393}}
{"target": -67.8857488709777, "params": {"C": 3.8268597223238605, "epsilon": 5.528825439138578, "gamma": 0.012743633344682988, "lamda": 0.9271267672314393}, "datetime": {"datetime": "2021-06-28 10:41:20", "elapsed": 1316.84262, "delta": 9.472279}}
{"target": -12.18310645337442, "params": {"C": 2.5935396659875014, "epsilon": 0.38338117480417955, "gamma": 0.04618382658724164, "lamda": 0.6591505204585131}, "datetime": {"datetime": "2021-06-28 10:41:21", "elapsed": 1318.097658, "delta": 1.255038}}
{"target": -12.173244534231644, "params": {"C": 5.383117123985907, "epsilon": 0.13671817140421227, "gamma": 0.1300836438178873, "lamda": 0.14242011591965387}, "datetime": {"datetime": "2021-06-28 10:41:23", "elapsed": 1319.210041, "delta": 1.112383}}
{"target": -12.823324892376355, "params": {"C": 4.1745408995365985, "epsilon": 6.683175995597432, "gamma": 0.1944052544324789, "lamda": 0.19847682615960058}, "datetime": {"datetime": "2021-06-28 10:41:24", "elapsed": 1320.504737, "delta": 1.294696}}
{"target": -72.78364781050871, "params": {"C": 4.0261723446512825, "epsilon": 1.4189418284981918, "gamma": 0.12289958010927024, "lamda": 0.5893520523652351}, "datetime": {"datetime": "2021-06-28 10:41:34", "elapsed": 1330.128845, "delta": 9.624108}}
{"target": -11.53146566464633, "params": {"C": 2.1638835408534063, "epsilon": 9.312171223216817, "gamma": 0.057519237297884, "lamda": 0.23062236594898458}, "datetime": {"datetime": "2021-06-28 10:41:35", "elapsed": 1331.352192, "delta": 1.223347}}
{"target": -70.32200363175066, "params": {"C": 3.978200254938944, "epsilon": 8.92706579419061, "gamma": 0.11602593035378586, "lamda": 0.28888533132824323}, "datetime": {"datetime": "2021-06-28 10:41:44", "elapsed": 1340.38841, "delta": 9.036218}}
{"target": -68.83041713114707, "params": {"C": 4.118713358594814, "epsilon": 8.07712235631376, "gamma": 0.11709370100693119, "lamda": 0.9122681988247899}, "datetime": {"datetime": "2021-06-28 10:41:53", "elapsed": 1349.64012, "delta": 9.25171}}
{"target": -12.422860007221955, "params": {"C": 3.0316770151031283, "epsilon": 4.9118339424569095, "gamma": 0.15385800063178479, "lamda": 0.6625356369393844}, "datetime": {"datetime": "2021-06-28 10:41:54", "elapsed": 1350.784754, "delta": 1.144634}}
{"target": -12.73127158476185, "params": {"C": 4.571618591091734, "epsilon": 8.021512697162711, "gamma": 0.19074948881725987, "lamda": 0.15332874303411453}, "datetime": {"datetime": "2021-06-28 10:41:55", "elapsed": 1352.103597, "delta": 1.318843}}
{"target": -12.481149695070878, "params": {"C": 2.035911514531431, "epsilon": 6.907721749672024, "gamma": 0.1441639654828095, "lamda": 0.8360444589807715}, "datetime": {"datetime": "2021-06-28 10:41:57", "elapsed": 1353.335407, "delta": 1.23181}}
{"target": -13.741900782776554, "params": {"C": 0.9626143145558002, "epsilon": 6.883460003734181, "gamma": 0.13845351209337023, "lamda": 0.5450408531543748}, "datetime": {"datetime": "2021-06-28 10:41:58", "elapsed": 1354.544038, "delta": 1.208631}}
{"target": -92.94011648000165, "params": {"C": 0.8785103067665072, "epsilon": 6.207594891601206, "gamma": 0.06848024303381166, "lamda": 0.9901031924122236}, "datetime": {"datetime": "2021-06-28 10:42:13", "elapsed": 1369.703403, "delta": 15.159365}}
{"target": -91.6048165854973, "params": {"C": 3.924923888824032, "epsilon": 9.735091563036772, "gamma": 0.06410028378862416, "lamda": 0.3909510040611318}, "datetime": {"datetime": "2021-06-28 10:42:22", "elapsed": 1378.649549, "delta": 8.946146}}
{"target": -11.50297153890086, "params": {"C": 2.776860882913417, "epsilon": 6.688343687651936, "gamma": 0.053100818285712004, "lamda": 0.22480644122707477}, "datetime": {"datetime": "2021-06-28 10:42:23", "elapsed": 1380.018407, "delta": 1.368858}}
{"target": -12.840179614237421, "params": {"C": 1.655561121019572, "epsilon": 3.505591285864805, "gamma": 0.021462021495918256, "lamda": 0.34778374866891454}, "datetime": {"datetime": "2021-06-28 10:42:25", "elapsed": 1381.159291, "delta": 1.140884}}
{"target": -86.95591234046148, "params": {"C": 2.668493070880422, "epsilon": 9.88386939477294, "gamma": 0.06889355315951169, "lamda": 0.5045119729043287}, "datetime": {"datetime": "2021-06-28 10:42:38", "elapsed": 1394.922919, "delta": 13.763628}}
{"target": -92.11047839451085, "params": {"C": 4.953404156094781, "epsilon": 6.941097524937959, "gamma": 0.029646963486839786, "lamda": 0.9591821721094206}, "datetime": {"datetime": "2021-06-28 10:42:47", "elapsed": 1403.987787, "delta": 9.064868}}
{"target": -65.03496638592392, "params": {"C": 4.255001489271733, "epsilon": 7.60807816556888, "gamma": 0.13052217869646993, "lamda": 0.49251696693593194}, "datetime": {"datetime": "2021-06-28 10:42:56", "elapsed": 1412.836734, "delta": 8.848947}}
{"target": -12.925522440925757, "params": {"C": 2.488552405081597, "epsilon": 3.8649837816507495, "gamma": 0.1758225452093565, "lamda": 0.48974904946112535}, "datetime": {"datetime": "2021-06-28 10:42:57", "elapsed": 1414.030761, "delta": 1.194027}}
{"target": -11.834183172639726, "params": {"C": 4.5128979756390235, "epsilon": 5.525196613966268, "gamma": 0.12780953395013203, "lamda": 0.3853313951706736}, "datetime": {"datetime": "2021-06-28 10:42:59", "elapsed": 1415.296827, "delta": 1.266066}}
{"target": -16.687849094496467, "params": {"C": 0.549247606789274, "epsilon": 8.700194169176754, "gamma": 0.1980903278330119, "lamda": 0.11161796440802861}, "datetime": {"datetime": "2021-06-28 10:43:00", "elapsed": 1416.45149, "delta": 1.154663}}
{"target": -92.96344236992094, "params": {"C": 4.95275941529429, "epsilon": 8.040608083090467, "gamma": 0.06899415977461815, "lamda": 0.9595445135683148}, "datetime": {"datetime": "2021-06-28 10:43:14", "elapsed": 1430.601153, "delta": 14.149663}}
{"target": -76.52115578912388, "params": {"C": 5.754282253875146, "epsilon": 3.484496190059302, "gamma": 0.09086527442440871, "lamda": 0.5974250986926783}, "datetime": {"datetime": "2021-06-28 10:43:24", "elapsed": 1440.376865, "delta": 9.775712}}
{"target": -57.70202504457801, "params": {"C": 2.9174826349723983, "epsilon": 9.841772627005435, "gamma": 0.15556353571056455, "lamda": 0.6814223466657434}, "datetime": {"datetime": "2021-06-28 10:43:33", "elapsed": 1449.506366, "delta": 9.129501}}
{"target": -13.94840951468985, "params": {"C": 0.9224951851382338, "epsilon": 4.472028033213786, "gamma": 0.12814937621274944, "lamda": 0.4050643984300134}, "datetime": {"datetime": "2021-06-28 10:43:34", "elapsed": 1450.797489, "delta": 1.291123}}
{"target": -98.05955279037349, "params": {"C": 5.554780670076569, "epsilon": 1.7794175640816454, "gamma": 0.07451518656840726, "lamda": 0.5162759853500263}, "datetime": {"datetime": "2021-06-28 10:43:49", "elapsed": 1465.688422, "delta": 14.890933}}
{"target": -12.211901464233895, "params": {"C": 1.186713309956006, "epsilon": 9.471669851316049, "gamma": 0.05017047076623121, "lamda": 0.6344535714897125}, "datetime": {"datetime": "2021-06-28 10:43:50", "elapsed": 1467.051682, "delta": 1.36326}}
{"target": -93.16524760316547, "params": {"C": 5.363915612292177, "epsilon": 8.119545303740905, "gamma": 0.06488061559535584, "lamda": 0.38357758116407464}, "datetime": {"datetime": "2021-06-28 10:44:00", "elapsed": 1476.197309, "delta": 9.145627}}
{"target": -67.4639249442799, "params": {"C": 3.745099852791002, "epsilon": 9.193711793493149, "gamma": 0.12401796097175266, "lamda": 0.6864235303315706}, "datetime": {"datetime": "2021-06-28 10:44:14", "elapsed": 1490.611563, "delta": 14.414254}}
{"target": -63.42318565534476, "params": {"C": 4.6416573821013225, "epsilon": 4.621951891269451, "gamma": 0.1285138485917736, "lamda": 0.7720462815022046}, "datetime": {"datetime": "2021-06-28 10:44:24", "elapsed": 1500.224821, "delta": 9.613258}}
{"target": -87.92815534264207, "params": {"C": 3.5708359796929705, "epsilon": 8.780951632339006, "gamma": 0.031764333693489716, "lamda": 0.6950698825924423}, "datetime": {"datetime": "2021-06-28 10:44:33", "elapsed": 1510.084224, "delta": 9.859403}}
{"target": -17.198973679159057, "params": {"C": 0.30846761647423315, "epsilon": 5.594976574687135, "gamma": 0.10312120762075398, "lamda": 0.6073106435502322}, "datetime": {"datetime": "2021-06-28 10:44:35", "elapsed": 1511.294604, "delta": 1.21038}}
{"target": -70.11732921599511, "params": {"C": 4.095495788783414, "epsilon": 7.341635876858733, "gamma": 0.11191278079152495, "lamda": 0.6746928105934195}, "datetime": {"datetime": "2021-06-28 10:44:44", "elapsed": 1520.956154, "delta": 9.66155}}
{"target": -12.981526718431255, "params": {"C": 2.378499356281656, "epsilon": 0.37985037691570234, "gamma": 0.1482152192831704, "lamda": 0.42183849178637983}, "datetime": {"datetime": "2021-06-28 10:44:46", "elapsed": 1522.624802, "delta": 1.668648}}
{"target": -54.65182081945555, "params": {"C": 3.319899195546694, "epsilon": 9.02690509626726, "gamma": 0.19514267901088442, "lamda": 0.7696529950173024}, "datetime": {"datetime": "2021-06-28 10:44:56", "elapsed": 1532.197523, "delta": 9.572721}}
{"target": -68.30969556597452, "params": {"C": 2.181397146157021, "epsilon": 8.247452608692292, "gamma": 0.11941900757349452, "lamda": 0.7560579593721087}, "datetime": {"datetime": "2021-06-28 10:45:09", "elapsed": 1545.267235, "delta": 13.069712}}
{"target": -11.71597094706252, "params": {"C": 4.174711564537079, "epsilon": 3.94895603159906, "gamma": 0.02697023226629481, "lamda": 0.534206403406355}, "datetime": {"datetime": "2021-06-28 10:45:10", "elapsed": 1546.655088, "delta": 1.387853}}
{"target": -79.19045853198445, "params": {"C": 1.4422667051651723, "epsilon": 9.864748352975427, "gamma": 0.08811170471853258, "lamda": 0.9723580461533666}, "datetime": {"datetime": "2021-06-28 10:45:20", "elapsed": 1556.95432, "delta": 10.299232}}
{"target": -94.60548279295922, "params": {"C": 5.148974841410981, "epsilon": 1.4482891192557483, "gamma": 0.0726616982870328, "lamda": 0.1605481347409983}, "datetime": {"datetime": "2021-06-28 10:45:29", "elapsed": 1565.875458, "delta": 8.921138}}
{"target": -96.37566414361771, "params": {"C": 5.268064571327308, "epsilon": 7.784980038264576, "gamma": 0.05495235100486054, "lamda": 0.7539863070743834}, "datetime": {"datetime": "2021-06-28 10:45:39", "elapsed": 1575.759997, "delta": 9.884539}}
{"target": -94.68687910678388, "params": {"C": 3.1333685238260416, "epsilon": 7.056730665579243, "gamma": 0.04915823337968521, "lamda": 0.7146458872526394}, "datetime": {"datetime": "2021-06-28 10:45:49", "elapsed": 1585.514392, "delta": 9.754395}}
{"target": -70.1636802677693, "params": {"C": 5.2305561009655195, "epsilon": 8.39619231900296, "gamma": 0.13614418672235695, "lamda": 0.28934052946603234}, "datetime": {"datetime": "2021-06-28 10:45:58", "elapsed": 1595.008591, "delta": 9.494199}}
{"target": -12.382454362246067, "params": {"C": 5.314506908587642, "epsilon": 5.220391750635939, "gamma": 0.16069310628149872, "lamda": 0.4390011903464595}, "datetime": {"datetime": "2021-06-28 10:46:00", "elapsed": 1596.71529, "delta": 1.706699}}
{"target": -76.21276306254774, "params": {"C": 5.390034148160619, "epsilon": 9.430518788527934, "gamma": 0.08437635750717061, "lamda": 0.01884106190591397}, "datetime": {"datetime": "2021-06-28 10:46:10", "elapsed": 1606.938255, "delta": 10.222965}}
{"target": -13.134565227377756, "params": {"C": 1.7277318970480768, "epsilon": 1.6930562675298513, "gamma": 0.019247955633376796, "lamda": 0.8744878064180457}, "datetime": {"datetime": "2021-06-28 10:46:12", "elapsed": 1608.385251, "delta": 1.446996}}
{"target": -15.788577679673876, "params": {"C": 0.3347177470098745, "epsilon": 9.454604630365425, "gamma": 0.08364759176920772, "lamda": 0.204608031943168}, "datetime": {"datetime": "2021-06-28 10:46:13", "elapsed": 1609.883959, "delta": 1.498708}}
{"target": -57.51287250866526, "params": {"C": 5.577992506786158, "epsilon": 7.627734035923911, "gamma": 0.1607765532668217, "lamda": 0.9935956149152926}, "datetime": {"datetime": "2021-06-28 10:46:24", "elapsed": 1620.44486, "delta": 10.560901}}
{"target": -13.203568578772028, "params": {"C": 1.0306285240539517, "epsilon": 4.871008490893026, "gamma": 0.10306589959833855, "lamda": 0.12620751049890486}, "datetime": {"datetime": "2021-06-28 10:46:26", "elapsed": 1622.139331, "delta": 1.694471}}
{"target": -15.29499384214284, "params": {"C": 1.0675113924819861, "epsilon": 1.0309137609089696, "gamma": 0.18364360161320645, "lamda": 0.3521992834619057}, "datetime": {"datetime": "2021-06-28 10:46:27", "elapsed": 1623.428712, "delta": 1.289381}}
{"target": -11.859210830002125, "params": {"C": 3.427430694837252, "epsilon": 8.696609386770815, "gamma": 0.017592422316888, "lamda": 0.06672457835714947}, "datetime": {"datetime": "2021-06-28 10:46:29", "elapsed": 1625.280056, "delta": 1.851344}}
{"target": -72.3733765145528, "params": {"C": 2.6187491078292435, "epsilon": 5.57440394204952, "gamma": 0.10613580920030483, "lamda": 0.9431787177594593}, "datetime": {"datetime": "2021-06-28 10:46:36", "elapsed": 1632.140764, "delta": 6.860708}}
{"target": -11.703116386997115, "params": {"C": 3.429119626760212, "epsilon": 8.705872814767948, "gamma": 0.019716822840423254, "lamda": 0.04551958057534656}, "datetime": {"datetime": "2021-06-28 10:46:37", "elapsed": 1633.958343, "delta": 1.817579}}
{"target": -12.155004395871389, "params": {"C": 4.733226633320411, "epsilon": 2.4661196905854075, "gamma": 0.14052708741399542, "lamda": 0.17875324990709146}, "datetime": {"datetime": "2021-06-28 10:46:39", "elapsed": 1635.403649, "delta": 1.445306}}
{"target": -87.14505883229575, "params": {"C": 5.254067187973371, "epsilon": 3.9587838140573233, "gamma": 0.07258898985153826, "lamda": 0.8625559557609156}, "datetime": {"datetime": "2021-06-28 10:46:54", "elapsed": 1650.995845, "delta": 15.592196}}
{"target": -83.2573574141587, "params": {"C": 3.617741491084643, "epsilon": 8.5733523295845, "gamma": 0.07839107985721136, "lamda": 0.11943225149217897}, "datetime": {"datetime": "2021-06-28 10:47:05", "elapsed": 1661.290775, "delta": 10.29493}}
{"target": -14.80455176123355, "params": {"C": 0.5939930738991099, "epsilon": 8.01321540339801, "gamma": 0.12260885741921747, "lamda": 0.5454972315058162}, "datetime": {"datetime": "2021-06-28 10:47:06", "elapsed": 1662.833518, "delta": 1.542743}}
{"target": -11.298780540266499, "params": {"C": 2.949254273799816, "epsilon": 6.2309753177627005, "gamma": 0.06658654078821474, "lamda": 0.14535208715804723}, "datetime": {"datetime": "2021-06-28 10:47:08", "elapsed": 1664.219809, "delta": 1.386291}}
{"target": -96.00297932394275, "params": {"C": 5.409553972197169, "epsilon": 6.690960882505613, "gamma": 0.04853107642844055, "lamda": 0.9207239233900212}, "datetime": {"datetime": "2021-06-28 10:47:18", "elapsed": 1674.500509, "delta": 10.2807}}
{"target": -17.26161842092968, "params": {"C": 0.32972349645557175, "epsilon": 2.9595967650367343, "gamma": 0.021338728216185408, "lamda": 0.5055258404379038}, "datetime": {"datetime": "2021-06-28 10:47:19", "elapsed": 1675.952029, "delta": 1.45152}}
{"target": -13.815537336768372, "params": {"C": 1.3512407675814413, "epsilon": 5.231256441892471, "gamma": 0.1717514791478583, "lamda": 0.23515702474644895}, "datetime": {"datetime": "2021-06-28 10:47:21", "elapsed": 1677.54391, "delta": 1.591881}}
{"target": -12.51714232054176, "params": {"C": 2.8588500753384665, "epsilon": 5.756299873648361, "gamma": 0.1645943039634983, "lamda": 0.10148808865013048}, "datetime": {"datetime": "2021-06-28 10:47:22", "elapsed": 1678.948198, "delta": 1.404288}}
{"target": -66.02015292209306, "params": {"C": 1.7512659033512392, "epsilon": 9.821373758130063, "gamma": 0.13117530560617566, "lamda": 0.568458165321564}, "datetime": {"datetime": "2021-06-28 10:47:33", "elapsed": 1689.762368, "delta": 10.81417}}
{"target": -89.10109250987466, "params": {"C": 2.9255227939236987, "epsilon": 5.7551347657145, "gamma": 0.08220817181666389, "lamda": 0.2983936847084502}, "datetime": {"datetime": "2021-06-28 10:47:49", "elapsed": 1705.50391, "delta": 15.741542}}
{"target": -14.107793646803277, "params": {"C": 0.9590393396595368, "epsilon": 2.1911210945657675, "gamma": 0.12319010434626672, "lamda": 0.8440594655167223}, "datetime": {"datetime": "2021-06-28 10:47:51", "elapsed": 1707.475721, "delta": 1.971811}}
{"target": -12.412318857275702, "params": {"C": 2.013901095463477, "epsilon": 4.26522832177845, "gamma": 0.12344307097952356, "lamda": 0.2060926118165108}, "datetime": {"datetime": "2021-06-28 10:47:52", "elapsed": 1708.97861, "delta": 1.502889}}
{"target": -74.39052956878713, "params": {"C": 1.6394192646297443, "epsilon": 7.9307277868345105, "gamma": 0.09592338603274167, "lamda": 0.8187929547137354}, "datetime": {"datetime": "2021-06-28 10:48:02", "elapsed": 1718.918938, "delta": 9.940328}}
{"target": -82.98327785883644, "params": {"C": 5.407008396522765, "epsilon": 3.8990786030514, "gamma": 0.08610297489300064, "lamda": 0.3088140128576783}, "datetime": {"datetime": "2021-06-28 10:48:13", "elapsed": 1729.212985, "delta": 10.294047}}
{"target": -92.16718459948095, "params": {"C": 0.6506195581738594, "epsilon": 7.509260440399607, "gamma": 0.07286350894513398, "lamda": 0.839937185592892}, "datetime": {"datetime": "2021-06-28 10:48:30", "elapsed": 1746.311385, "delta": 17.0984}}
{"target": -12.672615525302385, "params": {"C": 1.841181196112019, "epsilon": 7.7128546654816645, "gamma": 0.01671323412114273, "lamda": 0.19896490730350133}, "datetime": {"datetime": "2021-06-28 10:48:31", "elapsed": 1747.843664, "delta": 1.532279}}
{"target": -58.675344928999905, "params": {"C": 1.785508460669433, "epsilon": 9.32177584965011, "gamma": 0.1621577075802626, "lamda": 0.7567655309557478}, "datetime": {"datetime": "2021-06-28 10:48:42", "elapsed": 1758.447064, "delta": 10.6034}}
{"target": -18.34701681944151, "params": {"C": 0.20409773978371454, "epsilon": 5.217862228919663, "gamma": 0.07892043056586612, "lamda": 0.8333541067944961}, "datetime": {"datetime": "2021-06-28 10:48:43", "elapsed": 1760.102032, "delta": 1.654968}}
{"target": -17.03283292018789, "params": {"C": 0.28874936074170987, "epsilon": 3.5857185511288203, "gamma": 0.05418843122678085, "lamda": 0.19949845646377232}, "datetime": {"datetime": "2021-06-28 10:48:45", "elapsed": 1761.980596, "delta": 1.878564}}
{"target": -102.50660756457076, "params": {"C": 2.2586121080474943, "epsilon": 3.752012719476697, "gamma": 0.03572468589997703, "lamda": 0.8126628631847297}, "datetime": {"datetime": "2021-06-28 10:49:01", "elapsed": 1777.124395, "delta": 15.143799}}
{"target": -51.0699936359607, "params": {"C": 4.58887688268795, "epsilon": 6.720300019018769, "gamma": 0.17933197283516608, "lamda": 0.8391073234559127}, "datetime": {"datetime": "2021-06-28 10:49:17", "elapsed": 1793.134317, "delta": 16.009922}}
{"target": -12.93724953170071, "params": {"C": 1.6689564341279168, "epsilon": 8.186939044770527, "gamma": 0.1694007717620894, "lamda": 0.7304958850866544}, "datetime": {"datetime": "2021-06-28 10:49:18", "elapsed": 1794.962273, "delta": 1.827956}}
{"target": -15.898409392969832, "params": {"C": 0.6178499338555852, "epsilon": 3.4434025798009937, "gamma": 0.01622021812564807, "lamda": 0.6122637825345078}, "datetime": {"datetime": "2021-06-28 10:49:20", "elapsed": 1796.50395, "delta": 1.541677}}
{"target": -11.902642108938872, "params": {"C": 2.64371617080589, "epsilon": 9.262581649648475, "gamma": 0.1257713256379171, "lamda": 0.11074795700116641}, "datetime": {"datetime": "2021-06-28 10:49:21", "elapsed": 1797.980904, "delta": 1.476954}}
{"target": -63.641848118003544, "params": {"C": 1.9294374405169274, "epsilon": 8.900445044448672, "gamma": 0.16230450288452836, "lamda": 0.6990631473418264}, "datetime": {"datetime": "2021-06-28 10:49:37", "elapsed": 1813.548289, "delta": 15.567385}}
{"target": -90.62396772492362, "params": {"C": 1.9280200485887735, "epsilon": 8.258250497219871, "gamma": 0.06689272744213354, "lamda": 0.38106301092488404}, "datetime": {"datetime": "2021-06-28 10:49:48", "elapsed": 1824.427002, "delta": 10.878713}}
{"target": -12.314081704632981, "params": {"C": 4.5702615411769525, "epsilon": 8.028000886499756, "gamma": 0.16853654281489736, "lamda": 0.1413043622693346}, "datetime": {"datetime": "2021-06-28 10:49:50", "elapsed": 1826.417764, "delta": 1.990762}}
{"target": -12.044386738248003, "params": {"C": 2.6941260281267874, "epsilon": 3.094057892363961, "gamma": 0.03519005410880397, "lamda": 0.3372957970493727}, "datetime": {"datetime": "2021-06-28 10:49:52", "elapsed": 1828.746714, "delta": 2.32895}}
{"target": -83.06513075228077, "params": {"C": 4.284875824170227, "epsilon": 5.765205612456037, "gamma": 0.024534814315771935, "lamda": 0.35715740834312326}, "datetime": {"datetime": "2021-06-28 10:50:02", "elapsed": 1838.968635, "delta": 10.221921}}
