{"target": -11.72475651320459, "params": {"C": 10.0, "epsilon": 1.264673174975332, "gamma": 0.01, "lamda": 0.1}, "datetime": {"datetime": "2021-06-21 20:33:43", "elapsed": 39.079499, "delta": 0.463759}}
{"target": -32.608615209335376, "params": {"C": 6.133417437909853, "epsilon": 10.0, "gamma": 1.4167959772343874, "lamda": 1.0}, "datetime": {"datetime": "2021-06-21 20:33:47", "elapsed": 43.857724, "delta": 4.778225}}
{"target": -12.332231203337233, "params": {"C": 2.6884113352994228, "epsilon": 0.001, "gamma": 0.01, "lamda": 1.0}, "datetime": {"datetime": "2021-06-21 20:33:48", "elapsed": 44.339435, "delta": 0.481711}}
{"target": -28.54252247331867, "params": {"C": 6.764000451851857, "epsilon": 4.027353913850754, "gamma": 2.0, "lamda": 0.1}, "datetime": {"datetime": "2021-06-21 20:33:48", "elapsed": 44.74136, "delta": 0.401925}}
{"target": -29.838882378408666, "params": {"C": 2.3390199919287493, "epsilon": 0.001, "gamma": 2.0, "lamda": 0.1}, "datetime": {"datetime": "2021-06-21 20:33:49", "elapsed": 45.141291, "delta": 0.399931}}
{"target": -12.155276423322068, "params": {"C": 2.49139270715214, "epsilon": 5.294424700012819, "gamma": 0.01, "lamda": 1.0}, "datetime": {"datetime": "2021-06-21 20:33:49", "elapsed": 45.650928, "delta": 0.509637}}
{"target": -28.50997678338323, "params": {"C": 10.0, "epsilon": 4.1489773247980555, "gamma": 2.0, "lamda": 1.0}, "datetime": {"datetime": "2021-06-21 20:33:50", "elapsed": 46.035901, "delta": 0.384973}}
{"target": -80.9060788921129, "params": {"C": 3.78874508322388, "epsilon": 0.8749675590833678, "gamma": 0.07061956680462547, "lamda": 0.9269835915279934}, "datetime": {"datetime": "2021-06-21 20:33:53", "elapsed": 49.403893, "delta": 3.367992}}
{"target": -11.356950096831298, "params": {"C": 9.47520225605357, "epsilon": 8.301253076931888, "gamma": 0.01, "lamda": 0.44712170862682554}, "datetime": {"datetime": "2021-06-21 20:33:54", "elapsed": 50.022239, "delta": 0.618346}}
{"target": -27.000724433469465, "params": {"C": 5.320266399618075, "epsilon": 8.080904962519167, "gamma": 1.582099265763059, "lamda": 0.678897734863876}, "datetime": {"datetime": "2021-06-21 20:33:54", "elapsed": 50.316451, "delta": 0.294212}}
{"target": -24.10757293638547, "params": {"C": 9.143813506363905, "epsilon": 7.184893589707337, "gamma": 1.068954160111272, "lamda": 0.5155886914205661}, "datetime": {"datetime": "2021-06-21 20:33:54", "elapsed": 50.61266, "delta": 0.296209}}
{"target": -11.349913057925507, "params": {"C": 9.177042429998025, "epsilon": 9.271820194534879, "gamma": 0.01, "lamda": 0.8804614042052584}, "datetime": {"datetime": "2021-06-21 20:33:55", "elapsed": 51.216047, "delta": 0.603387}}
{"target": -11.264586815735903, "params": {"C": 8.45187668213303, "epsilon": 3.896751741446694, "gamma": 0.022440061532793414, "lamda": 0.331626235520054}, "datetime": {"datetime": "2021-06-21 20:33:55", "elapsed": 51.474356, "delta": 0.258309}}
{"target": -11.576744753582794, "params": {"C": 4.852193011369895, "epsilon": 1.8291295441276243, "gamma": 0.0354977247310696, "lamda": 0.20343894225916637}, "datetime": {"datetime": "2021-06-21 20:33:55", "elapsed": 51.860324, "delta": 0.385968}}
{"target": -12.10397908419752, "params": {"C": 2.972767941910697, "epsilon": 2.3499209755994115, "gamma": 0.01, "lamda": 0.1}, "datetime": {"datetime": "2021-06-21 20:33:56", "elapsed": 52.375954, "delta": 0.51563}}
{"target": -11.517984254897188, "params": {"C": 5.153990457181969, "epsilon": 9.451477953789668, "gamma": 0.01, "lamda": 0.1}, "datetime": {"datetime": "2021-06-21 20:33:57", "elapsed": 53.009252, "delta": 0.633298}}
{"target": -11.515514621152366, "params": {"C": 8.301448098302096, "epsilon": 5.017160165626616, "gamma": 0.01, "lamda": 0.1}, "datetime": {"datetime": "2021-06-21 20:33:57", "elapsed": 53.599672, "delta": 0.59042}}
{"target": -11.556268645071814, "params": {"C": 9.067862972137762, "epsilon": 4.753609756301605, "gamma": 0.01, "lamda": 1.0}, "datetime": {"datetime": "2021-06-21 20:33:58", "elapsed": 54.18112, "delta": 0.581448}}
{"target": -11.464762218414236, "params": {"C": 7.8783513476661895, "epsilon": 7.0763495270746235, "gamma": 0.01, "lamda": 1.0}, "datetime": {"datetime": "2021-06-21 20:33:58", "elapsed": 54.723667, "delta": 0.542547}}
{"target": -20.00238438525065, "params": {"C": 1.7632403179456848, "epsilon": 6.291508764772227, "gamma": 0.46733732667776345, "lamda": 0.9445990003769318}, "datetime": {"datetime": "2021-06-21 20:33:59", "elapsed": 55.262227, "delta": 0.53856}}
{"target": -11.402278528436218, "params": {"C": 7.969544268583121, "epsilon": 8.820376381783847, "gamma": 0.01, "lamda": 1.0}, "datetime": {"datetime": "2021-06-21 20:33:59", "elapsed": 55.786824, "delta": 0.524597}}
{"target": -11.700157460676259, "params": {"C": 2.8875763353946127, "epsilon": 9.445765663256722, "gamma": 0.01, "lamda": 0.1}, "datetime": {"datetime": "2021-06-21 20:34:00", "elapsed": 56.266541, "delta": 0.479717}}
{"target": -11.68804256631614, "params": {"C": 6.925647749644936, "epsilon": 4.49918707071874, "gamma": 0.01, "lamda": 1.0}, "datetime": {"datetime": "2021-06-21 20:34:00", "elapsed": 56.876909, "delta": 0.610368}}
{"target": -11.734268240381384, "params": {"C": 6.083915385696068, "epsilon": 4.032049007164794, "gamma": 0.01, "lamda": 0.1}, "datetime": {"datetime": "2021-06-21 20:34:01", "elapsed": 57.423447, "delta": 0.546538}}
{"target": -11.755298277480772, "params": {"C": 5.556233994040096, "epsilon": 6.231257258901484, "gamma": 0.01, "lamda": 1.0}, "datetime": {"datetime": "2021-06-21 20:34:02", "elapsed": 58.382882, "delta": 0.959435}}
{"target": -11.891589997929387, "params": {"C": 4.982854514336012, "epsilon": 2.93123101144843, "gamma": 0.01, "lamda": 0.21278451534384715}, "datetime": {"datetime": "2021-06-21 20:34:03", "elapsed": 59.201693, "delta": 0.818811}}
{"target": -11.318784249879462, "params": {"C": 10.0, "epsilon": 9.374844139023775, "gamma": 0.01, "lamda": 0.1}, "datetime": {"datetime": "2021-06-21 20:34:03", "elapsed": 59.803084, "delta": 0.601391}}
{"target": -12.414378203575808, "params": {"C": 2.432752778360755, "epsilon": 0.001, "gamma": 0.01, "lamda": 0.1}, "datetime": {"datetime": "2021-06-21 20:34:04", "elapsed": 60.368572, "delta": 0.565488}}
{"target": -12.532108072646395, "params": {"C": 1.3372205107848263, "epsilon": 8.001588468513365, "gamma": 0.01, "lamda": 0.1}, "datetime": {"datetime": "2021-06-21 20:34:04", "elapsed": 60.90414, "delta": 0.535568}}
{"target": -11.593420000032395, "params": {"C": 6.176444930254017, "epsilon": 5.820303216562068, "gamma": 0.01, "lamda": 0.1}, "datetime": {"datetime": "2021-06-21 20:34:05", "elapsed": 61.414773, "delta": 0.510633}}
{"target": -11.985739743737522, "params": {"C": 3.2945759528337524, "epsilon": 3.7505017739490656, "gamma": 0.01, "lamda": 0.1}, "datetime": {"datetime": "2021-06-21 20:34:05", "elapsed": 61.899478, "delta": 0.484705}}
{"target": -11.773315120046842, "params": {"C": 9.521206455931457, "epsilon": 0.4009637983968592, "gamma": 0.01, "lamda": 1.0}, "datetime": {"datetime": "2021-06-21 20:34:06", "elapsed": 62.421084, "delta": 0.521606}}
{"target": -12.571583010066012, "params": {"C": 1.6241650279454996, "epsilon": 2.785589553253309, "gamma": 0.01, "lamda": 0.1}, "datetime": {"datetime": "2021-06-21 20:34:07", "elapsed": 62.9387, "delta": 0.517616}}
{"target": -14.471373534305101, "params": {"C": 0.3937648326598664, "epsilon": 6.435080900888172, "gamma": 0.011079186873951886, "lamda": 0.31477789605203804}, "datetime": {"datetime": "2021-06-21 20:34:07", "elapsed": 63.437366, "delta": 0.498666}}
{"target": -11.467803808117, "params": {"C": 10.0, "epsilon": 6.290326332044658, "gamma": 0.01, "lamda": 0.1}, "datetime": {"datetime": "2021-06-21 20:34:08", "elapsed": 63.962959, "delta": 0.525593}}
{"target": -23.52576347993632, "params": {"C": 0.15076112851485138, "epsilon": 7.842164547932995, "gamma": 0.19868547681306548, "lamda": 0.9458544265576458}, "datetime": {"datetime": "2021-06-21 20:34:08", "elapsed": 64.467612, "delta": 0.504653}}
{"target": -11.931058822968325, "params": {"C": 2.8931017782699415, "epsilon": 5.0417597282467455, "gamma": 0.01, "lamda": 0.1}, "datetime": {"datetime": "2021-06-21 20:34:09", "elapsed": 64.933365, "delta": 0.465753}}
{"target": -33.029143107324025, "params": {"C": 8.598160819320983, "epsilon": 9.337385268384764, "gamma": 1.1279757689232524, "lamda": 1.0}, "datetime": {"datetime": "2021-06-21 20:34:15", "elapsed": 70.99416, "delta": 6.060795}}
{"target": -11.335552271241712, "params": {"C": 8.336136064787217, "epsilon": 7.98728407362859, "gamma": 0.01, "lamda": 0.1}, "datetime": {"datetime": "2021-06-21 20:34:15", "elapsed": 71.637439, "delta": 0.643279}}
{"target": -11.596015591846717, "params": {"C": 10.0, "epsilon": 3.7686517587217003, "gamma": 0.01, "lamda": 0.1}, "datetime": {"datetime": "2021-06-21 20:34:16", "elapsed": 72.395412, "delta": 0.757973}}
{"target": -19.298617438566026, "params": {"C": 0.1, "epsilon": 0.001, "gamma": 0.01, "lamda": 1.0}, "datetime": {"datetime": "2021-06-21 20:34:17", "elapsed": 72.928985, "delta": 0.533573}}
{"target": -14.524608369435759, "params": {"C": 9.92793454015008, "epsilon": 1.7229642978154565, "gamma": 0.1566554396049133, "lamda": 0.9684894529664063}, "datetime": {"datetime": "2021-06-21 20:34:17", "elapsed": 73.481508, "delta": 0.552523}}
{"target": -11.8989568997221, "params": {"C": 3.273179155162591, "epsilon": 6.635598889730045, "gamma": 0.01, "lamda": 1.0}, "datetime": {"datetime": "2021-06-21 20:34:18", "elapsed": 74.066943, "delta": 0.585435}}
{"target": -11.276196282663147, "params": {"C": 7.448822324184254, "epsilon": 10.0, "gamma": 0.01, "lamda": 0.1}, "datetime": {"datetime": "2021-06-21 20:34:18", "elapsed": 74.630435, "delta": 0.563492}}
{"target": -11.720443834860134, "params": {"C": 4.863939617558498, "epsilon": 5.903815631753968, "gamma": 0.01, "lamda": 0.1}, "datetime": {"datetime": "2021-06-21 20:34:19", "elapsed": 75.215869, "delta": 0.585434}}
{"target": -28.788748686023403, "params": {"C": 7.945970615450302, "epsilon": 0.001, "gamma": 2.0, "lamda": 0.1}, "datetime": {"datetime": "2021-06-21 20:34:19", "elapsed": 75.708552, "delta": 0.492683}}
{"target": -12.0098055149089, "params": {"C": 1.8427669420661552, "epsilon": 10.0, "gamma": 0.01, "lamda": 0.1}, "datetime": {"datetime": "2021-06-21 20:34:20", "elapsed": 76.15436, "delta": 0.445808}}
{"target": -25.36104737039556, "params": {"C": 2.1029414758158134, "epsilon": 10.0, "gamma": 1.2341569721399386, "lamda": 0.1}, "datetime": {"datetime": "2021-06-21 20:34:20", "elapsed": 76.631086, "delta": 0.476726}}
{"target": -12.718736951728005, "params": {"C": 1.7063693403063995, "epsilon": 0.001, "gamma": 0.01, "lamda": 1.0}, "datetime": {"datetime": "2021-06-21 20:34:21", "elapsed": 77.142717, "delta": 0.511631}}
{"target": -33.77997586368871, "params": {"C": 0.1, "epsilon": 4.182897076509921, "gamma": 2.0, "lamda": 0.1}, "datetime": {"datetime": "2021-06-21 20:34:21", "elapsed": 77.619445, "delta": 0.476728}}
{"target": -11.63031780038151, "params": {"C": 5.594161043637517, "epsilon": 8.915487925216993, "gamma": 0.01, "lamda": 1.0}, "datetime": {"datetime": "2021-06-21 20:34:22", "elapsed": 78.237789, "delta": 0.618344}}
{"target": -12.09814312925487, "params": {"C": 2.7761019774542217, "epsilon": 4.061518887207712, "gamma": 0.01, "lamda": 1.0}, "datetime": {"datetime": "2021-06-21 20:34:22", "elapsed": 78.743437, "delta": 0.505648}}
{"target": -12.000923861572598, "params": {"C": 3.9999754946822907, "epsilon": 2.535366235515208, "gamma": 0.01, "lamda": 0.1}, "datetime": {"datetime": "2021-06-21 20:34:23", "elapsed": 79.312914, "delta": 0.569477}}
{"target": -12.347361311421222, "params": {"C": 1.711562420435439, "epsilon": 5.2934703074153004, "gamma": 0.01, "lamda": 0.1}, "datetime": {"datetime": "2021-06-21 20:34:23", "elapsed": 79.794626, "delta": 0.481712}}
{"target": -28.495053191562953, "params": {"C": 5.3299016644337085, "epsilon": 5.87656844733198, "gamma": 2.0, "lamda": 0.1}, "datetime": {"datetime": "2021-06-21 20:34:24", "elapsed": 80.272348, "delta": 0.477722}}
{"target": -12.520133134118868, "params": {"C": 1.3896476531673572, "epsilon": 3.766807010153364, "gamma": 0.02113490948307944, "lamda": 0.923979568376842}, "datetime": {"datetime": "2021-06-21 20:34:24", "elapsed": 80.784977, "delta": 0.512629}}
{"target": -11.392628195836437, "params": {"C": 10.0, "epsilon": 7.305717228780252, "gamma": 0.01, "lamda": 1.0}, "datetime": {"datetime": "2021-06-21 20:34:25", "elapsed": 81.367421, "delta": 0.582444}}
{"target": -88.59090385495368, "params": {"C": 9.002048567572212, "epsilon": 3.0306565751152355, "gamma": 0.05298666161152927, "lamda": 0.9155080414360028}, "datetime": {"datetime": "2021-06-21 20:34:28", "elapsed": 84.882023, "delta": 3.514602}}
{"target": -21.05389989893686, "params": {"C": 8.135038091155893, "epsilon": 4.3880670281839125, "gamma": 0.6048180616855646, "lamda": 0.22784379970180357}, "datetime": {"datetime": "2021-06-21 20:34:29", "elapsed": 85.428561, "delta": 0.546538}}
{"target": -18.23154298565903, "params": {"C": 9.986858891091305, "epsilon": 5.201981988571511, "gamma": 0.331408814219777, "lamda": 0.9538929368013065}, "datetime": {"datetime": "2021-06-21 20:34:30", "elapsed": 85.951162, "delta": 0.522601}}
{"target": -11.47459419440771, "params": {"C": 9.012012825453525, "epsilon": 6.485468068394557, "gamma": 0.01, "lamda": 1.0}, "datetime": {"datetime": "2021-06-21 20:34:30", "elapsed": 86.580481, "delta": 0.629319}}
{"target": -24.140269076879857, "params": {"C": 10.0, "epsilon": 1.7967385579333892, "gamma": 1.0506089665782052, "lamda": 0.1}, "datetime": {"datetime": "2021-06-21 20:34:31", "elapsed": 87.066182, "delta": 0.485701}}
{"target": -11.855468675460754, "params": {"C": 5.694749207332421, "epsilon": 3.6990736970537688, "gamma": 0.01, "lamda": 1.0}, "datetime": {"datetime": "2021-06-21 20:34:31", "elapsed": 87.671562, "delta": 0.60538}}
{"target": -22.782991614637886, "params": {"C": 2.5047852151729373, "epsilon": 3.205706516869673, "gamma": 0.7499851874232808, "lamda": 0.1}, "datetime": {"datetime": "2021-06-21 20:34:32", "elapsed": 88.291905, "delta": 0.620343}}
{"target": -21.404915311071875, "params": {"C": 7.172847820158419, "epsilon": 7.575928714533832, "gamma": 0.6663538162131014, "lamda": 1.0}, "datetime": {"datetime": "2021-06-21 20:34:33", "elapsed": 89.06384, "delta": 0.771935}}
{"target": -11.997855362177345, "params": {"C": 3.953475325770697, "epsilon": 3.3267839327507067, "gamma": 0.01, "lamda": 1.0}, "datetime": {"datetime": "2021-06-21 20:34:33", "elapsed": 89.622346, "delta": 0.558506}}
{"target": -20.91324008011226, "params": {"C": 6.512718454136781, "epsilon": 5.387241856841992, "gamma": 0.5844595423992491, "lamda": 1.0}, "datetime": {"datetime": "2021-06-21 20:34:34", "elapsed": 90.105055, "delta": 0.482709}}
{"target": -11.801824517728129, "params": {"C": 4.938829512025984, "epsilon": 4.386412145079955, "gamma": 0.01, "lamda": 0.1}, "datetime": {"datetime": "2021-06-21 20:34:34", "elapsed": 90.63863, "delta": 0.533575}}
{"target": -11.363104633217429, "params": {"C": 4.446560521255359, "epsilon": 6.559240992467608, "gamma": 0.013831912401340947, "lamda": 0.9741353061105206}, "datetime": {"datetime": "2021-06-21 20:34:35", "elapsed": 91.184171, "delta": 0.545541}}
{"target": -13.421130319440463, "params": {"C": 0.8558991606009643, "epsilon": 2.670921886354469, "gamma": 0.01, "lamda": 1.0}, "datetime": {"datetime": "2021-06-21 20:34:35", "elapsed": 91.860362, "delta": 0.676191}}
{"target": -21.833647356827157, "params": {"C": 1.7862716284813125, "epsilon": 8.190216306366395, "gamma": 0.6764385922440971, "lamda": 0.8846775253794249}, "datetime": {"datetime": "2021-06-21 20:34:36", "elapsed": 92.342074, "delta": 0.481712}}
{"target": -12.02052873586799, "params": {"C": 3.728992501835901, "epsilon": 6.233390750718845, "gamma": 0.06653246751001587, "lamda": 0.16682171742311602}, "datetime": {"datetime": "2021-06-21 20:34:37", "elapsed": 92.927508, "delta": 0.585434}}
{"target": -11.597839990703635, "params": {"C": 2.3115855195593347, "epsilon": 7.302137447753538, "gamma": 0.026819901056776868, "lamda": 0.23087819939757487}, "datetime": {"datetime": "2021-06-21 20:34:37", "elapsed": 93.466068, "delta": 0.53856}}
{"target": -90.7852895556687, "params": {"C": 3.4648656753072147, "epsilon": 7.942741999261893, "gamma": 0.0575655808718601, "lamda": 0.11680870487836278}, "datetime": {"datetime": "2021-06-21 20:34:40", "elapsed": 96.852014, "delta": 3.385946}}
{"target": -83.62766065163338, "params": {"C": 4.886828451230484, "epsilon": 7.033621372284021, "gamma": 0.06609115291442504, "lamda": 0.42430841477905945}, "datetime": {"datetime": "2021-06-21 20:34:45", "elapsed": 101.818733, "delta": 4.966719}}
{"target": -11.32312597819332, "params": {"C": 9.641664062395463, "epsilon": 8.945483425200948, "gamma": 0.01, "lamda": 0.5810811046337891}, "datetime": {"datetime": "2021-06-21 20:34:46", "elapsed": 102.535815, "delta": 0.717082}}
{"target": -11.309456882490617, "params": {"C": 9.763578935484702, "epsilon": 9.521058210743305, "gamma": 0.01, "lamda": 0.6935725602203635}, "datetime": {"datetime": "2021-06-21 20:34:47", "elapsed": 103.387538, "delta": 0.851723}}
{"target": -11.43184078703476, "params": {"C": 9.722277256911342, "epsilon": 6.652385132855026, "gamma": 0.01, "lamda": 0.6892088549291411}, "datetime": {"datetime": "2021-06-21 20:34:48", "elapsed": 104.110605, "delta": 0.723067}}
{"target": -12.05680185666332, "params": {"C": 4.865269777408052, "epsilon": 1.815088005920468, "gamma": 0.0620072876474153, "lamda": 0.13671669772484354}, "datetime": {"datetime": "2021-06-21 20:34:48", "elapsed": 104.524497, "delta": 0.413892}}
{"target": -26.961859981653326, "params": {"C": 2.1769067918754863, "epsilon": 1.5325576504089211, "gamma": 1.305730138752245, "lamda": 0.42690416310937807}, "datetime": {"datetime": "2021-06-21 20:34:49", "elapsed": 105.107938, "delta": 0.583441}}
{"target": -84.33603815307048, "params": {"C": 8.659639628712066, "epsilon": 8.621421279997376, "gamma": 0.07054740692013393, "lamda": 0.40994893701522683}, "datetime": {"datetime": "2021-06-21 20:34:54", "elapsed": 110.059696, "delta": 4.951758}}
{"target": -23.96753646930531, "params": {"C": 6.115134432797148, "epsilon": 6.872498471136414, "gamma": 1.0275988620327976, "lamda": 0.5115896443853705}, "datetime": {"datetime": "2021-06-21 20:34:54", "elapsed": 110.467606, "delta": 0.40791}}
{"target": -11.148827524661026, "params": {"C": 7.374672808871063, "epsilon": 3.6996031934183438, "gamma": 0.03180375776249421, "lamda": 0.11761671270130737}, "datetime": {"datetime": "2021-06-21 20:34:54", "elapsed": 110.904437, "delta": 0.436831}}
{"target": -14.660864888583337, "params": {"C": 9.793977780323978, "epsilon": 7.908021287139047, "gamma": 0.1701258227174666, "lamda": 0.835049618031633}, "datetime": {"datetime": "2021-06-21 20:34:55", "elapsed": 111.786079, "delta": 0.881642}}
{"target": -11.524493688716056, "params": {"C": 8.852282842990233, "epsilon": 4.9786794022235945, "gamma": 0.01, "lamda": 0.4427867793632656}, "datetime": {"datetime": "2021-06-21 20:34:56", "elapsed": 112.519119, "delta": 0.73304}}
{"target": -11.362417814155538, "params": {"C": 8.00401769120071, "epsilon": 7.544138055725155, "gamma": 0.01, "lamda": 0.16313697569267396}, "datetime": {"datetime": "2021-06-21 20:34:57", "elapsed": 113.307014, "delta": 0.787895}}
{"target": -24.263262656170834, "params": {"C": 7.530784680062836, "epsilon": 4.1363539587477565, "gamma": 1.0620845622994388, "lamda": 0.7571350273022605}, "datetime": {"datetime": "2021-06-21 20:34:57", "elapsed": 113.688991, "delta": 0.381977}}
{"target": -11.104837261501252, "params": {"C": 5.136365717837462, "epsilon": 9.514596450669453, "gamma": 0.04519229756734093, "lamda": 0.14086946954571739}, "datetime": {"datetime": "2021-06-21 20:34:58", "elapsed": 114.14178, "delta": 0.452789}}
{"target": -10.936262647483419, "params": {"C": 8.001964867885857, "epsilon": 7.55389582552875, "gamma": 0.027895046876194672, "lamda": 0.23642278462981067}, "datetime": {"datetime": "2021-06-21 20:34:58", "elapsed": 114.59058, "delta": 0.4488}}
{"target": -14.021118681336663, "params": {"C": 7.688107644616057, "epsilon": 5.175325119216224, "gamma": 0.13975099919137343, "lamda": 0.9671891279081433}, "datetime": {"datetime": "2021-06-21 20:34:59", "elapsed": 115.070298, "delta": 0.479718}}
{"target": -72.78595297933185, "params": {"C": 8.429108621175672, "epsilon": 9.879526372042957, "gamma": 0.08039954029874018, "lamda": 0.37253721423118014}, "datetime": {"datetime": "2021-06-21 20:35:04", "elapsed": 120.474846, "delta": 5.404548}}
{"target": -37.65010526229188, "params": {"C": 9.69964657389311, "epsilon": 9.082139326085668, "gamma": 0.4145065924636661, "lamda": 0.9740456807749074}, "datetime": {"datetime": "2021-06-21 20:35:08", "elapsed": 124.083197, "delta": 3.608351}}
{"target": -11.647327641060166, "params": {"C": 2.916751431434282, "epsilon": 5.074593898413249, "gamma": 0.014439619646480585, "lamda": 0.1539161184286395}, "datetime": {"datetime": "2021-06-21 20:35:08", "elapsed": 124.551943, "delta": 0.468746}}
{"target": -91.2385137938702, "params": {"C": 3.928680785117761, "epsilon": 6.782559928884482, "gamma": 0.04447466950867074, "lamda": 0.8140477194401018}, "datetime": {"datetime": "2021-06-21 20:35:12", "elapsed": 128.475452, "delta": 3.923509}}
{"target": -11.13929856815316, "params": {"C": 9.842213635712426, "epsilon": 7.266046403523191, "gamma": 0.019375616631891288, "lamda": 0.5142811564519282}, "datetime": {"datetime": "2021-06-21 20:35:13", "elapsed": 129.428902, "delta": 0.95345}}
{"target": -11.384878801065232, "params": {"C": 9.538855676593995, "epsilon": 7.746414489722016, "gamma": 0.01, "lamda": 0.4114985001012104}, "datetime": {"datetime": "2021-06-21 20:35:14", "elapsed": 130.262678, "delta": 0.833776}}
