{"target": -12.262583054511653, "params": {"C": 5.424088763116322, "epsilon": 6.895528605000491, "gamma": 0.010343992608240971, "lamda": 0.33286050685606006}, "datetime": {"datetime": "2021-06-21 20:10:47", "elapsed": 312.999029, "delta": 1.503977}}
{"target": -14.96859639047068, "params": {"C": 5.159156863295571, "epsilon": 5.327355650790378, "gamma": 0.4257491788544929, "lamda": 0.15708854397586156}, "datetime": {"datetime": "2021-06-21 20:10:49", "elapsed": 314.664577, "delta": 1.665548}}
{"target": -11.235345440670441, "params": {"C": 7.6345000912874506, "epsilon": 7.5424239835797025, "gamma": 0.02443092722169956, "lamda": 0.6829432310307367}, "datetime": {"datetime": "2021-06-21 20:10:50", "elapsed": 316.154592, "delta": 1.490015}}
{"target": -11.817579011960193, "params": {"C": 9.55715208344143, "epsilon": 6.507478688471413, "gamma": 0.01, "lamda": 0.1}, "datetime": {"datetime": "2021-06-21 20:10:52", "elapsed": 318.058501, "delta": 1.903909}}
{"target": -12.289092535469948, "params": {"C": 8.545603333600981, "epsilon": 0.001, "gamma": 0.01, "lamda": 0.6801011695988204}, "datetime": {"datetime": "2021-06-21 20:10:55", "elapsed": 320.816128, "delta": 2.757627}}
{"target": -12.877324631222542, "params": {"C": 3.808540257944225, "epsilon": 6.0426442509959895, "gamma": 0.01, "lamda": 0.673081991584051}, "datetime": {"datetime": "2021-06-21 20:10:57", "elapsed": 322.837722, "delta": 2.021594}}
{"target": -14.479649517958343, "params": {"C": 8.58200240380443, "epsilon": 9.616168924683723, "gamma": 0.41363088369688683, "lamda": 0.1}, "datetime": {"datetime": "2021-06-21 20:10:59", "elapsed": 325.166496, "delta": 2.328774}}
{"target": -13.01606447690889, "params": {"C": 3.1175353376132806, "epsilon": 9.284687773777605, "gamma": 0.01, "lamda": 1.0}, "datetime": {"datetime": "2021-06-21 20:11:01", "elapsed": 326.506909, "delta": 1.340413}}
{"target": -12.065497843254883, "params": {"C": 6.979561507265654, "epsilon": 5.908803396746106, "gamma": 0.01, "lamda": 0.1}, "datetime": {"datetime": "2021-06-21 20:11:03", "elapsed": 329.267528, "delta": 2.760619}}
{"target": -13.770986544826682, "params": {"C": 2.5392833220001516, "epsilon": 1.7058743571722612, "gamma": 0.01, "lamda": 0.6834252059487954}, "datetime": {"datetime": "2021-06-21 20:11:05", "elapsed": 330.793446, "delta": 1.525918}}
{"target": -11.791233789221211, "params": {"C": 7.108454482509264, "epsilon": 9.443924589559135, "gamma": 0.01, "lamda": 0.1}, "datetime": {"datetime": "2021-06-21 20:11:07", "elapsed": 333.053404, "delta": 2.259958}}
{"target": -11.350996056836172, "params": {"C": 8.268987517111762, "epsilon": 4.785201302091384, "gamma": 0.022870831135246596, "lamda": 0.6471973059764691}, "datetime": {"datetime": "2021-06-21 20:11:09", "elapsed": 334.706982, "delta": 1.653578}}
{"target": -12.051546599850772, "params": {"C": 9.475816997815077, "epsilon": 6.16159934181174, "gamma": 0.01, "lamda": 1.0}, "datetime": {"datetime": "2021-06-21 20:11:10", "elapsed": 336.408432, "delta": 1.70145}}
{"target": -11.875284762770223, "params": {"C": 10.0, "epsilon": 8.863299125911173, "gamma": 0.01, "lamda": 0.5449767663421491}, "datetime": {"datetime": "2021-06-21 20:11:12", "elapsed": 338.293392, "delta": 1.88496}}
{"target": -12.257964127070279, "params": {"C": 5.66426672227955, "epsilon": 6.285322791563182, "gamma": 0.01, "lamda": 0.1}, "datetime": {"datetime": "2021-06-21 20:11:15", "elapsed": 341.421028, "delta": 3.127636}}
{"target": -14.222730702467606, "params": {"C": 2.0677899041738548, "epsilon": 0.9250323242870123, "gamma": 0.01, "lamda": 0.1}, "datetime": {"datetime": "2021-06-21 20:11:17", "elapsed": 343.369816, "delta": 1.948788}}
{"target": -12.745870274876978, "params": {"C": 4.880270503918645, "epsilon": 3.2474776971010257, "gamma": 0.01, "lamda": 0.36930606515393377}, "datetime": {"datetime": "2021-06-21 20:11:19", "elapsed": 345.151053, "delta": 1.781237}}
{"target": -12.173515006261004, "params": {"C": 9.296827900761077, "epsilon": 2.678477175176248, "gamma": 0.01, "lamda": 1.0}, "datetime": {"datetime": "2021-06-21 20:11:21", "elapsed": 347.075906, "delta": 1.924853}}
{"target": -12.554119926424438, "params": {"C": 3.2999690041066456, "epsilon": 10.0, "gamma": 0.01, "lamda": 0.1}, "datetime": {"datetime": "2021-06-21 20:11:23", "elapsed": 348.695575, "delta": 1.619669}}
{"target": -12.604663320669838, "params": {"C": 5.345110236497528, "epsilon": 2.7680954214131863, "gamma": 0.01, "lamda": 0.1}, "datetime": {"datetime": "2021-06-21 20:11:24", "elapsed": 350.079874, "delta": 1.384299}}
{"target": -11.178434966859935, "params": {"C": 6.447697986114, "epsilon": 2.4861183717446522, "gamma": 0.0718895947271956, "lamda": 0.30995925165145227}, "datetime": {"datetime": "2021-06-21 20:11:26", "elapsed": 351.515036, "delta": 1.435162}}
{"target": -12.113414808533, "params": {"C": 6.651275287840285, "epsilon": 3.8201998112620252, "gamma": 0.010712362888859238, "lamda": 0.45733187839311606}, "datetime": {"datetime": "2021-06-21 20:11:27", "elapsed": 352.761703, "delta": 1.246667}}
{"target": -11.431695782191314, "params": {"C": 5.657742751426232, "epsilon": 9.826037734052765, "gamma": 0.023813957132962235, "lamda": 0.5346914200181629}, "datetime": {"datetime": "2021-06-21 20:11:29", "elapsed": 354.969798, "delta": 2.208095}}
{"target": -12.69483673655935, "params": {"C": 4.3722267399818175, "epsilon": 5.462220181258236, "gamma": 0.01, "lamda": 0.3307493223603839}, "datetime": {"datetime": "2021-06-21 20:11:31", "elapsed": 356.512672, "delta": 1.542874}}
{"target": -11.38605155428516, "params": {"C": 5.0082095839827545, "epsilon": 9.076027335473288, "gamma": 0.02814427388005831, "lamda": 0.38255773452599595}, "datetime": {"datetime": "2021-06-21 20:11:32", "elapsed": 357.912929, "delta": 1.400257}}
{"target": -11.004462073557466, "params": {"C": 8.383226127824543, "epsilon": 6.229325629847572, "gamma": 0.03054093637009505, "lamda": 0.5993334748325478}, "datetime": {"datetime": "2021-06-21 20:11:33", "elapsed": 359.313183, "delta": 1.400254}}
{"target": -11.738228985851599, "params": {"C": 9.413239973846524, "epsilon": 7.674968745569871, "gamma": 0.01, "lamda": 0.1}, "datetime": {"datetime": "2021-06-21 20:11:36", "elapsed": 361.675866, "delta": 2.362683}}
{"target": -12.481265308528657, "params": {"C": 6.285206624157818, "epsilon": 1.9723478187260917, "gamma": 0.01, "lamda": 0.1}, "datetime": {"datetime": "2021-06-21 20:11:37", "elapsed": 363.466079, "delta": 1.790213}}
{"target": -12.207680266322914, "params": {"C": 8.78993020677684, "epsilon": 1.4021448606733686, "gamma": 0.01, "lamda": 0.6806152039499348}, "datetime": {"datetime": "2021-06-21 20:11:39", "elapsed": 365.174509, "delta": 1.70843}}
{"target": -11.931628339244241, "params": {"C": 10.0, "epsilon": 6.658376017165813, "gamma": 0.01, "lamda": 0.41968490831301625}, "datetime": {"datetime": "2021-06-21 20:11:42", "elapsed": 368.383928, "delta": 3.209419}}
{"target": -14.913975767733598, "params": {"C": 8.01752936671798, "epsilon": 1.551660619267545, "gamma": 0.4243505408422913, "lamda": 0.8585047802287069}, "datetime": {"datetime": "2021-06-21 20:11:44", "elapsed": 370.384578, "delta": 2.00065}}
{"target": -12.036379322219748, "params": {"C": 9.694212954898793, "epsilon": 4.755216474197043, "gamma": 0.01, "lamda": 0.5122597008216117}, "datetime": {"datetime": "2021-06-21 20:11:46", "elapsed": 372.343346, "delta": 1.958768}}
{"target": -11.692669110306596, "params": {"C": 4.228517846555483, "epsilon": 7.20352460992814, "gamma": 0.010227605886516325, "lamda": 0.3720993153686558}, "datetime": {"datetime": "2021-06-21 20:33:04", "elapsed": 0.0, "delta": 0.0}}
{"target": -19.87541816791097, "params": {"C": 1.5528833190894193, "epsilon": 0.9242936090932092, "gamma": 0.3806578206415651, "lamda": 0.411004654338743}, "datetime": {"datetime": "2021-06-21 20:33:04", "elapsed": 0.479719, "delta": 0.479719}}
{"target": -22.964925595366676, "params": {"C": 4.027997994883632, "epsilon": 5.388628523299567, "gamma": 0.8441970836625566, "lamda": 0.7166975503570835}, "datetime": {"datetime": "2021-06-21 20:33:04", "elapsed": 0.714091, "delta": 0.234372}}
{"target": -32.73671377736056, "params": {"C": 0.1764265742427985, "epsilon": 1.6194474811927493, "gamma": 1.4216443779982968, "lamda": 0.7882631730924409}, "datetime": {"datetime": "2021-06-21 20:33:05", "elapsed": 1.011303, "delta": 0.297212}}
{"target": -24.74773613056563, "params": {"C": 4.481317442809077, "epsilon": 4.135293608632736, "gamma": 1.1001318421134847, "lamda": 0.7697814234177126}, "datetime": {"datetime": "2021-06-21 20:33:05", "elapsed": 1.293542, "delta": 0.282239}}
{"target": -11.713030851415818, "params": {"C": 4.334820210199984, "epsilon": 7.462616068688396, "gamma": 0.01, "lamda": 0.49133030560176794}, "datetime": {"datetime": "2021-06-21 20:33:06", "elapsed": 2.291873, "delta": 0.998331}}
{"target": -11.866184250498774, "params": {"C": 2.5678587061296025, "epsilon": 8.299563025727672, "gamma": 0.01, "lamda": 0.1}, "datetime": {"datetime": "2021-06-21 20:33:06", "elapsed": 2.852376, "delta": 0.560503}}
{"target": -28.141425662474784, "params": {"C": 3.816753666951478, "epsilon": 9.919612182464238, "gamma": 2.0, "lamda": 0.1}, "datetime": {"datetime": "2021-06-21 20:33:07", "elapsed": 3.418858, "delta": 0.566482}}
{"target": -12.898435243978398, "params": {"C": 1.177473828062107, "epsilon": 7.192971782329086, "gamma": 0.01, "lamda": 1.0}, "datetime": {"datetime": "2021-06-21 20:33:08", "elapsed": 3.986339, "delta": 0.567481}}
{"target": -17.85017987069604, "params": {"C": 0.1, "epsilon": 9.202027277030428, "gamma": 0.01, "lamda": 0.1}, "datetime": {"datetime": "2021-06-21 20:33:08", "elapsed": 4.503956, "delta": 0.517617}}
{"target": -11.42460794915324, "params": {"C": 7.301415241256599, "epsilon": 7.415317898274185, "gamma": 0.01, "lamda": 0.1}, "datetime": {"datetime": "2021-06-21 20:33:09", "elapsed": 5.102356, "delta": 0.5984}}
{"target": -11.40128847455603, "params": {"C": 9.919733043640697, "epsilon": 7.6340609290696175, "gamma": 0.01, "lamda": 0.1}, "datetime": {"datetime": "2021-06-21 20:33:09", "elapsed": 5.69577, "delta": 0.593414}}
{"target": -11.522260812819049, "params": {"C": 9.404953184153728, "epsilon": 5.010315681885994, "gamma": 0.01, "lamda": 0.1}, "datetime": {"datetime": "2021-06-21 20:33:10", "elapsed": 6.327081, "delta": 0.631311}}
{"target": -28.229468187971108, "params": {"C": 9.559857752153794, "epsilon": 6.522222681302587, "gamma": 1.9342064358920046, "lamda": 0.9608228903855185}, "datetime": {"datetime": "2021-06-21 20:33:10", "elapsed": 6.805803, "delta": 0.478722}}
{"target": -11.267388960537831, "params": {"C": 8.588864619294316, "epsilon": 9.388478332857973, "gamma": 0.01, "lamda": 0.1}, "datetime": {"datetime": "2021-06-21 20:33:11", "elapsed": 7.635582, "delta": 0.829779}}
{"target": -11.65879234246563, "params": {"C": 10.0, "epsilon": 2.5339593617853056, "gamma": 0.01, "lamda": 0.1}, "datetime": {"datetime": "2021-06-21 20:33:12", "elapsed": 8.609977, "delta": 0.974395}}
{"target": -11.852718128165387, "params": {"C": 8.566603505343446, "epsilon": 0.001, "gamma": 0.01, "lamda": 0.1}, "datetime": {"datetime": "2021-06-21 20:33:13", "elapsed": 9.438763, "delta": 0.828786}}
{"target": -28.69591748631743, "params": {"C": 10.0, "epsilon": 0.20894320576845615, "gamma": 2.0, "lamda": 1.0}, "datetime": {"datetime": "2021-06-21 20:33:14", "elapsed": 9.986297, "delta": 0.547534}}
{"target": -11.705980895563817, "params": {"C": 7.882924134126041, "epsilon": 2.5582633063311113, "gamma": 0.01, "lamda": 0.1}, "datetime": {"datetime": "2021-06-21 20:33:14", "elapsed": 10.555772, "delta": 0.569475}}
{"target": -12.029303432830368, "params": {"C": 6.107140680752535, "epsilon": 0.001, "gamma": 0.01, "lamda": 0.1}, "datetime": {"datetime": "2021-06-21 20:33:15", "elapsed": 10.984627, "delta": 0.428855}}
{"target": -29.047009318264465, "params": {"C": 4.775890859319685, "epsilon": 0.001, "gamma": 2.0, "lamda": 1.0}, "datetime": {"datetime": "2021-06-21 20:33:15", "elapsed": 11.313746, "delta": 0.329119}}
{"target": -28.026724118587808, "params": {"C": 9.988834469190595, "epsilon": 9.972688613987954, "gamma": 1.9774311323409057, "lamda": 0.20114673045869108}, "datetime": {"datetime": "2021-06-21 20:33:15", "elapsed": 11.709688, "delta": 0.395942}}
{"target": -11.484486509659115, "params": {"C": 6.750322821402547, "epsilon": 9.493702454683662, "gamma": 0.01, "lamda": 1.0}, "datetime": {"datetime": "2021-06-21 20:33:16", "elapsed": 12.122586, "delta": 0.412898}}
{"target": -33.17563807542379, "params": {"C": 0.1, "epsilon": 6.879662611004007, "gamma": 2.0, "lamda": 0.1}, "datetime": {"datetime": "2021-06-21 20:33:16", "elapsed": 12.446722, "delta": 0.324136}}
{"target": -11.600030167759472, "params": {"C": 7.1521139947188725, "epsilon": 4.963541798086631, "gamma": 0.01, "lamda": 0.1}, "datetime": {"datetime": "2021-06-21 20:33:17", "elapsed": 12.99525, "delta": 0.548528}}
{"target": -11.36395762022807, "params": {"C": 6.081241531421736, "epsilon": 10.0, "gamma": 0.01, "lamda": 0.1}, "datetime": {"datetime": "2021-06-21 20:33:17", "elapsed": 13.494915, "delta": 0.499665}}
{"target": -11.974041182197274, "params": {"C": 4.843813634934012, "epsilon": 1.8233894831912962, "gamma": 0.01, "lamda": 0.1}, "datetime": {"datetime": "2021-06-21 20:33:19", "elapsed": 14.940049, "delta": 1.445134}}
{"target": -11.796898272320105, "params": {"C": 2.8856838104540854, "epsilon": 10.0, "gamma": 0.01, "lamda": 1.0}, "datetime": {"datetime": "2021-06-21 20:33:19", "elapsed": 15.48559, "delta": 0.545541}}
{"target": -11.931294096443915, "params": {"C": 2.6987374292224637, "epsilon": 7.997838970381915, "gamma": 0.01, "lamda": 1.0}, "datetime": {"datetime": "2021-06-21 20:33:20", "elapsed": 15.969296, "delta": 0.483706}}
{"target": -12.220144806732632, "params": {"C": 3.7143631680889757, "epsilon": 0.001, "gamma": 0.01, "lamda": 0.1}, "datetime": {"datetime": "2021-06-21 20:33:20", "elapsed": 16.412115, "delta": 0.442819}}
{"target": -11.416410708466588, "params": {"C": 8.90089072141007, "epsilon": 8.047653798704577, "gamma": 0.01, "lamda": 1.0}, "datetime": {"datetime": "2021-06-21 20:33:20", "elapsed": 16.907788, "delta": 0.495673}}
{"target": -11.278367815755626, "params": {"C": 10.0, "epsilon": 10.0, "gamma": 0.01, "lamda": 1.0}, "datetime": {"datetime": "2021-06-21 20:33:21", "elapsed": 17.380524, "delta": 0.472736}}
{"target": -11.348215286910381, "params": {"C": 8.34137881467732, "epsilon": 10.0, "gamma": 0.01, "lamda": 1.0}, "datetime": {"datetime": "2021-06-21 20:33:21", "elapsed": 17.867224, "delta": 0.4867}}
{"target": -11.5649336287169, "params": {"C": 10.0, "epsilon": 4.08615956706178, "gamma": 0.01, "lamda": 1.0}, "datetime": {"datetime": "2021-06-21 20:33:22", "elapsed": 18.44767, "delta": 0.580446}}
{"target": -11.569866723540379, "params": {"C": 4.25017487368363, "epsilon": 10.0, "gamma": 0.01, "lamda": 0.1}, "datetime": {"datetime": "2021-06-21 20:33:23", "elapsed": 19.003185, "delta": 0.555515}}
{"target": -11.659279320919854, "params": {"C": 4.919777271063087, "epsilon": 10.0, "gamma": 0.01, "lamda": 1.0}, "datetime": {"datetime": "2021-06-21 20:33:23", "elapsed": 19.522796, "delta": 0.519611}}
{"target": -11.527571670223418, "params": {"C": 5.598107152332797, "epsilon": 8.488154433372452, "gamma": 0.01, "lamda": 0.1}, "datetime": {"datetime": "2021-06-21 20:33:24", "elapsed": 20.079307, "delta": 0.556511}}
{"target": -11.33643900494072, "params": {"C": 10.0, "epsilon": 8.669010518482802, "gamma": 0.01, "lamda": 1.0}, "datetime": {"datetime": "2021-06-21 20:33:24", "elapsed": 20.674715, "delta": 0.595408}}
{"target": -11.522547700733169, "params": {"C": 8.272984020876223, "epsilon": 5.5781778907022135, "gamma": 0.01, "lamda": 1.0}, "datetime": {"datetime": "2021-06-21 20:33:25", "elapsed": 21.254166, "delta": 0.579451}}
{"target": -90.54915131223574, "params": {"C": 7.092813818637082, "epsilon": 1.4060090573127755, "gamma": 0.041115864449885776, "lamda": 0.96980862717788}, "datetime": {"datetime": "2021-06-21 20:33:30", "elapsed": 26.353531, "delta": 5.099365}}
{"target": -11.02020373603862, "params": {"C": 8.54157794105818, "epsilon": 3.8293292067887417, "gamma": 0.041588981903809524, "lamda": 0.22040387512271803}, "datetime": {"datetime": "2021-06-21 20:33:30", "elapsed": 26.90306, "delta": 0.549529}}
{"target": -21.948872666993125, "params": {"C": 7.254762034426819, "epsilon": 8.774692120179013, "gamma": 0.7665507805949767, "lamda": 0.1}, "datetime": {"datetime": "2021-06-21 20:33:31", "elapsed": 27.311966, "delta": 0.408906}}
{"target": -23.215553920786498, "params": {"C": 8.903348231074165, "epsilon": 2.912724185925398, "gamma": 0.9134747444366326, "lamda": 0.1}, "datetime": {"datetime": "2021-06-21 20:33:32", "elapsed": 28.095871, "delta": 0.783905}}
{"target": -15.726569290980057, "params": {"C": 3.939149134485471, "epsilon": 8.88373848653011, "gamma": 0.21782700665024393, "lamda": 0.756210859980916}, "datetime": {"datetime": "2021-06-21 20:33:32", "elapsed": 28.546664, "delta": 0.450793}}
{"target": -11.397692754108501, "params": {"C": 8.575259779025192, "epsilon": 6.6918636642531375, "gamma": 0.01, "lamda": 0.1}, "datetime": {"datetime": "2021-06-21 20:33:33", "elapsed": 29.069269, "delta": 0.522605}}
{"target": -11.587770789044653, "params": {"C": 6.888532425920273, "epsilon": 6.305853543740238, "gamma": 0.01, "lamda": 0.9175794576291769}, "datetime": {"datetime": "2021-06-21 20:33:33", "elapsed": 29.568932, "delta": 0.499663}}
{"target": -11.590774810682444, "params": {"C": 5.767265754507381, "epsilon": 6.902075973210653, "gamma": 0.01, "lamda": 0.1}, "datetime": {"datetime": "2021-06-21 20:33:34", "elapsed": 30.055631, "delta": 0.486699}}
{"target": -24.168748284057084, "params": {"C": 7.343623338952566, "epsilon": 6.103235294937047, "gamma": 1.0724607806262307, "lamda": 0.1}, "datetime": {"datetime": "2021-06-21 20:33:34", "elapsed": 30.54133, "delta": 0.485699}}
{"target": -12.13028984046907, "params": {"C": 3.4775935090833467, "epsilon": 1.5893148281123686, "gamma": 0.01, "lamda": 0.1}, "datetime": {"datetime": "2021-06-21 20:33:35", "elapsed": 31.089865, "delta": 0.548535}}
{"target": -11.676267557577487, "params": {"C": 7.295058640946755, "epsilon": 3.6580195687372377, "gamma": 0.01, "lamda": 0.1}, "datetime": {"datetime": "2021-06-21 20:33:35", "elapsed": 31.596509, "delta": 0.506644}}
{"target": -11.601952513470366, "params": {"C": 6.257281244202361, "epsilon": 7.7367615341389495, "gamma": 0.01, "lamda": 1.0}, "datetime": {"datetime": "2021-06-21 20:33:36", "elapsed": 32.084209, "delta": 0.4877}}
{"target": -11.45850403702796, "params": {"C": 10.0, "epsilon": 6.158385465115563, "gamma": 0.01, "lamda": 1.0}, "datetime": {"datetime": "2021-06-21 20:33:36", "elapsed": 32.539987, "delta": 0.455778}}
{"target": -11.792055030631152, "params": {"C": 10.0, "epsilon": 0.001, "gamma": 0.01, "lamda": 0.1}, "datetime": {"datetime": "2021-06-21 20:33:37", "elapsed": 33.03267, "delta": 0.492683}}
{"target": -11.648481797547, "params": {"C": 2.310035717420763, "epsilon": 6.280837927606545, "gamma": 0.018197828543200872, "lamda": 0.13605687728536436}, "datetime": {"datetime": "2021-06-21 20:33:37", "elapsed": 33.479475, "delta": 0.446805}}
{"target": -25.52251069476653, "params": {"C": 2.9135360241851083, "epsilon": 7.26855318242788, "gamma": 1.250977554819908, "lamda": 0.1}, "datetime": {"datetime": "2021-06-21 20:33:37", "elapsed": 33.910323, "delta": 0.430848}}
{"target": -12.926897613579099, "params": {"C": 1.036069822171932, "epsilon": 5.245850376042969, "gamma": 0.023734562077709305, "lamda": 0.8279288043918431}, "datetime": {"datetime": "2021-06-21 20:33:38", "elapsed": 34.398018, "delta": 0.487695}}
{"target": -17.082043157142728, "params": {"C": 1.518810662753502, "epsilon": 9.372446148733065, "gamma": 0.2330978356753848, "lamda": 0.9792222196286936}, "datetime": {"datetime": "2021-06-21 20:33:38", "elapsed": 34.844824, "delta": 0.446806}}
{"target": -12.2716758052208, "params": {"C": 2.02746432545977, "epsilon": 4.0627094252507705, "gamma": 0.01, "lamda": 0.1}, "datetime": {"datetime": "2021-06-21 20:33:39", "elapsed": 35.27667, "delta": 0.431846}}
{"target": -12.155635467823933, "params": {"C": 2.7640879514244703, "epsilon": 2.83988069028159, "gamma": 0.01, "lamda": 1.0}, "datetime": {"datetime": "2021-06-21 20:33:39", "elapsed": 35.72846, "delta": 0.45179}}
{"target": -27.433923588798027, "params": {"C": 1.7065912647515091, "epsilon": 4.163034839062647, "gamma": 1.3861807135222897, "lamda": 1.0}, "datetime": {"datetime": "2021-06-21 20:33:40", "elapsed": 36.131382, "delta": 0.402922}}
{"target": -26.100442023718834, "params": {"C": 5.411746072421955, "epsilon": 7.517141777725369, "gamma": 1.365031989801389, "lamda": 1.0}, "datetime": {"datetime": "2021-06-21 20:33:40", "elapsed": 36.520344, "delta": 0.388962}}
{"target": -12.088237687640383, "params": {"C": 4.969010265869132, "epsilon": 0.001, "gamma": 0.01, "lamda": 0.1}, "datetime": {"datetime": "2021-06-21 20:33:41", "elapsed": 36.970141, "delta": 0.449797}}
{"target": -18.545141383289003, "params": {"C": 0.1, "epsilon": 4.124401023750051, "gamma": 0.01, "lamda": 0.1}, "datetime": {"datetime": "2021-06-21 20:33:41", "elapsed": 37.358105, "delta": 0.387964}}
{"target": -32.48772849132133, "params": {"C": 0.1, "epsilon": 10.0, "gamma": 2.0, "lamda": 1.0}, "datetime": {"datetime": "2021-06-21 20:33:41", "elapsed": 37.743073, "delta": 0.384968}}
{"target": -25.90655333283234, "params": {"C": 4.005250682587263, "epsilon": 2.2449850292738573, "gamma": 1.2633153412390776, "lamda": 0.12407584280250733}, "datetime": {"datetime": "2021-06-21 20:33:42", "elapsed": 38.199852, "delta": 0.456779}}
{"target": -11.315259351631727, "params": {"C": 5.828442200727501, "epsilon": 5.011115408215103, "gamma": 0.016900006050841163, "lamda": 0.6533441837474351}, "datetime": {"datetime": "2021-06-21 20:33:42", "elapsed": 38.61574, "delta": 0.415888}}
