{"target": -94.09147030872381, "params": {"C": 34.67618401733999, "epsilon": 10.955666374603062, "gamma": 0.046220646804080744, "lamda": 0.012683405725005543}, "datetime": {"datetime": "2021-06-28 20:05:43", "elapsed": 1829.237099, "delta": 8.878225}}
{"target": -96.32464297794714, "params": {"C": 31.393755215410604, "epsilon": 6.198608444076034, "gamma": 0.035873779633997044, "lamda": 0.019764824121994366}, "datetime": {"datetime": "2021-06-28 20:54:31", "elapsed": 4757.54775, "delta": 2928.310651}}
{"target": -104.93375553603713, "params": {"C": 34.79328536288963, "epsilon": 12.43583923096164, "gamma": 0.020893722807881283, "lamda": 0.03927725737122737}, "datetime": {"datetime": "2021-06-28 20:55:44", "elapsed": 4830.932842, "delta": 73.385092}}
{"target": -101.24656941053027, "params": {"C": 33.88982860769131, "epsilon": 10.391603942513974, "gamma": 0.017763821211014663, "lamda": 0.03338614644992596}, "datetime": {"datetime": "2021-06-28 20:56:00", "elapsed": 4846.294768, "delta": 15.361926}}
{"target": -93.08593003280166, "params": {"C": 30.160148901441392, "epsilon": 14.811225346609872, "gamma": 0.048381930467297087, "lamda": 0.015062606685904778}, "datetime": {"datetime": "2021-06-28 20:56:07", "elapsed": 4853.719914, "delta": 7.425146}}
{"target": -96.49457364116284, "params": {"C": 32.52689688245175, "epsilon": 9.665311159470926, "gamma": 0.016207513931945645, "lamda": 0.034012586722746076}, "datetime": {"datetime": "2021-06-28 20:56:19", "elapsed": 4865.213185, "delta": 11.493271}}
{"target": -98.25098251705417, "params": {"C": 30.470795236684634, "epsilon": 10.528949095248326, "gamma": 0.03882088996411838, "lamda": 0.043313528631474724}, "datetime": {"datetime": "2021-06-28 20:56:28", "elapsed": 4874.344768, "delta": 9.131583}}
{"target": -96.20102193017634, "params": {"C": 34.422285279033495, "epsilon": 6.342224671832502, "gamma": 0.045063999180057, "lamda": 0.04341188480429516}, "datetime": {"datetime": "2021-06-28 20:56:37", "elapsed": 4883.667672, "delta": 9.322904}}
{"target": -11.107774695771907, "params": {"C": 33.798798341055004, "epsilon": 5.2819110002254845, "gamma": 0.019004802149027018, "lamda": 0.011178896564901572}, "datetime": {"datetime": "2021-06-28 20:56:38", "elapsed": 4884.875444, "delta": 1.207772}}
{"target": -101.12768041524643, "params": {"C": 30.80261626580749, "epsilon": 11.178798558126967, "gamma": 0.029124898869781868, "lamda": 0.03296024133346673}, "datetime": {"datetime": "2021-06-28 20:56:45", "elapsed": 4891.202575, "delta": 6.327131}}
{"target": -102.48501590464294, "params": {"C": 30.816131433831913, "epsilon": 12.792609134181482, "gamma": 0.01977304096745591, "lamda": 0.028627291032751453}, "datetime": {"datetime": "2021-06-28 20:56:51", "elapsed": 4897.262801, "delta": 6.060226}}
{"target": -100.39555385588127, "params": {"C": 31.58125147694804, "epsilon": 14.370467327243276, "gamma": 0.029072315747517043, "lamda": 0.03633533602816681}, "datetime": {"datetime": "2021-06-28 20:56:57", "elapsed": 4903.825713, "delta": 6.562912}}
{"target": -96.98553995021975, "params": {"C": 31.256458530377667, "epsilon": 7.197400767297336, "gamma": 0.024309582930530187, "lamda": 0.01924756616304963}, "datetime": {"datetime": "2021-06-28 20:57:04", "elapsed": 4910.153602, "delta": 6.327889}}
{"target": -100.24070742833916, "params": {"C": 30.104701585789748, "epsilon": 13.709447765552786, "gamma": 0.02848445661842667, "lamda": 0.015044215237544588}, "datetime": {"datetime": "2021-06-28 20:57:09", "elapsed": 4915.99256, "delta": 5.838958}}
{"target": -100.4733034045245, "params": {"C": 31.543340359308036, "epsilon": 11.306824102209633, "gamma": 0.017864827471066283, "lamda": 0.048108117270840495}, "datetime": {"datetime": "2021-06-28 20:57:15", "elapsed": 4921.693903, "delta": 5.701343}}
{"target": -101.91848710696334, "params": {"C": 33.61972453067476, "epsilon": 13.426050857791727, "gamma": 0.026405521592847425, "lamda": 0.024163385583475708}, "datetime": {"datetime": "2021-06-28 20:57:21", "elapsed": 4927.464032, "delta": 5.770129}}
{"target": -98.58713886123851, "params": {"C": 32.553361478357424, "epsilon": 8.925084188484098, "gamma": 0.027831844023543745, "lamda": 0.04154023347382535}, "datetime": {"datetime": "2021-06-28 20:57:27", "elapsed": 4933.311395, "delta": 5.847363}}
{"target": -97.30479267506188, "params": {"C": 30.40411734764635, "epsilon": 11.439360661805534, "gamma": 0.025821701936321398, "lamda": 0.028910639529311964}, "datetime": {"datetime": "2021-06-28 20:57:33", "elapsed": 4940.032424, "delta": 6.721029}}
{"target": -93.24978242491933, "params": {"C": 34.3564704395574, "epsilon": 13.734388214649979, "gamma": 0.04617689762801992, "lamda": 0.015019430647883665}, "datetime": {"datetime": "2021-06-28 20:57:41", "elapsed": 4947.404713, "delta": 7.372289}}
{"target": -11.067152958537555, "params": {"C": 31.225531574018223, "epsilon": 5.263355886504878, "gamma": 0.022607220134369825, "lamda": 0.011919502009963825}, "datetime": {"datetime": "2021-06-28 20:57:42", "elapsed": 4948.551646, "delta": 1.146933}}
{"target": -92.0647078292928, "params": {"C": 34.282329009666825, "epsilon": 7.663831873296044, "gamma": 0.049908235109075924, "lamda": 0.04167909838748387}, "datetime": {"datetime": "2021-06-28 20:57:48", "elapsed": 4954.26537, "delta": 5.713724}}
{"target": -89.97981894049741, "params": {"C": 32.15522737374604, "epsilon": 7.6367229534356404, "gamma": 0.047697269334746814, "lamda": 0.010181200086653477}, "datetime": {"datetime": "2021-06-28 20:57:54", "elapsed": 4960.692184, "delta": 6.426814}}
{"target": -106.37825771228296, "params": {"C": 32.82227858093197, "epsilon": 8.935821801003371, "gamma": 0.01953457621483993, "lamda": 0.036479381298202204}, "datetime": {"datetime": "2021-06-28 20:58:00", "elapsed": 4966.251321, "delta": 5.559137}}
{"target": -97.46501862389452, "params": {"C": 32.79048629319064, "epsilon": 9.558860696965178, "gamma": 0.019162450156241767, "lamda": 0.023366265170883995}, "datetime": {"datetime": "2021-06-28 20:58:05", "elapsed": 4971.838383, "delta": 5.587062}}
{"target": -97.17285924261724, "params": {"C": 32.669637569776725, "epsilon": 6.190068243761553, "gamma": 0.02907593251209214, "lamda": 0.022718347033029558}, "datetime": {"datetime": "2021-06-28 20:58:11", "elapsed": 4977.651838, "delta": 5.813455}}
{"target": -100.18037693863641, "params": {"C": 34.601963520623805, "epsilon": 6.2673146868625285, "gamma": 0.02368422259047949, "lamda": 0.04273195111464119}, "datetime": {"datetime": "2021-06-28 20:58:17", "elapsed": 4983.264831, "delta": 5.612993}}
{"target": -103.08939563068309, "params": {"C": 33.111584532510214, "epsilon": 13.238471264898244, "gamma": 0.023581053526080257, "lamda": 0.022701606831222937}, "datetime": {"datetime": "2021-06-28 20:58:22", "elapsed": 4989.034406, "delta": 5.769575}}
{"target": -89.22711394224126, "params": {"C": 34.247778489856294, "epsilon": 14.743425419038196, "gamma": 0.01289579304526734, "lamda": 0.01817315004520283}, "datetime": {"datetime": "2021-06-28 20:58:29", "elapsed": 4995.185956, "delta": 6.15155}}
{"target": -102.95486475168822, "params": {"C": 30.706795369891996, "epsilon": 6.606837520492833, "gamma": 0.030963059931440814, "lamda": 0.032644192646085285}, "datetime": {"datetime": "2021-06-28 20:58:35", "elapsed": 5001.861108, "delta": 6.675152}}
{"target": -96.07028696240147, "params": {"C": 33.622845845520196, "epsilon": 6.259352041982254, "gamma": 0.04471385183669948, "lamda": 0.01955995908273403}, "datetime": {"datetime": "2021-06-28 20:58:42", "elapsed": 5008.939183, "delta": 7.078075}}
{"target": -87.9066772146149, "params": {"C": 34.48891273417764, "epsilon": 10.328513038497956, "gamma": 0.01273451742388477, "lamda": 0.01857689997851101}, "datetime": {"datetime": "2021-06-28 20:58:48", "elapsed": 5014.718729, "delta": 5.779546}}
{"target": -97.82242718632146, "params": {"C": 34.34514460111138, "epsilon": 12.857615128687225, "gamma": 0.01716224853043498, "lamda": 0.0258981889401916}, "datetime": {"datetime": "2021-06-28 20:58:54", "elapsed": 5020.759578, "delta": 6.040849}}
{"target": -90.3036578155955, "params": {"C": 34.20574676508855, "epsilon": 5.2804809982262055, "gamma": 0.0428918944106766, "lamda": 0.012000926216062831}, "datetime": {"datetime": "2021-06-28 20:59:00", "elapsed": 5026.836329, "delta": 6.076751}}
{"target": -94.53301538364734, "params": {"C": 34.10385860550915, "epsilon": 6.280326535514571, "gamma": 0.044419744937804484, "lamda": 0.016308360655442784}, "datetime": {"datetime": "2021-06-28 20:59:06", "elapsed": 5032.931033, "delta": 6.094704}}
{"target": -89.36827792326075, "params": {"C": 33.15835569688463, "epsilon": 10.483662059735938, "gamma": 0.012360529315514169, "lamda": 0.047055626958846034}, "datetime": {"datetime": "2021-06-28 20:59:12", "elapsed": 5038.918034, "delta": 5.987001}}
{"target": -102.0300762154181, "params": {"C": 32.227944896745385, "epsilon": 8.716151150742682, "gamma": 0.03041512464144333, "lamda": 0.03687476766860621}, "datetime": {"datetime": "2021-06-28 20:59:18", "elapsed": 5044.748436, "delta": 5.830402}}
{"target": -97.13248718988231, "params": {"C": 34.47721790168297, "epsilon": 5.037089062024457, "gamma": 0.03594646106892207, "lamda": 0.015350307713925409}, "datetime": {"datetime": "2021-06-28 20:59:24", "elapsed": 5050.638687, "delta": 5.890251}}
{"target": -95.00546297804817, "params": {"C": 33.45300076231915, "epsilon": 11.649672722825688, "gamma": 0.04887542802662893, "lamda": 0.017615225299377802}, "datetime": {"datetime": "2021-06-28 20:59:30", "elapsed": 5056.557861, "delta": 5.919174}}
{"target": -105.75299011625422, "params": {"C": 33.32726469885702, "epsilon": 6.332264473230497, "gamma": 0.03450242816266739, "lamda": 0.033408163731928696}, "datetime": {"datetime": "2021-06-28 20:59:37", "elapsed": 5063.477359, "delta": 6.919498}}
{"target": -101.89985238268922, "params": {"C": 31.749053848180854, "epsilon": 14.305223457794764, "gamma": 0.021360650713142512, "lamda": 0.01891403498783776}, "datetime": {"datetime": "2021-06-28 20:59:43", "elapsed": 5069.941078, "delta": 6.463719}}
{"target": -98.03766992677771, "params": {"C": 33.28661038554148, "epsilon": 13.91622807494001, "gamma": 0.033120790020861476, "lamda": 0.021268094195080536}, "datetime": {"datetime": "2021-06-28 20:59:49", "elapsed": 5075.773483, "delta": 5.832405}}
{"target": -99.93785620573237, "params": {"C": 33.40568928694476, "epsilon": 13.057699349811877, "gamma": 0.03333541728782537, "lamda": 0.04645528076059757}, "datetime": {"datetime": "2021-06-28 20:59:57", "elapsed": 5083.243508, "delta": 7.470025}}
{"target": -94.49726097966163, "params": {"C": 32.48447204669757, "epsilon": 9.86043832571405, "gamma": 0.04072522625764518, "lamda": 0.036365076239975126}, "datetime": {"datetime": "2021-06-28 21:00:05", "elapsed": 5091.415668, "delta": 8.17216}}
{"target": -90.1158629114058, "params": {"C": 33.789507280586214, "epsilon": 13.00152797693203, "gamma": 0.04814060076728842, "lamda": 0.015791060324610688}, "datetime": {"datetime": "2021-06-28 21:00:11", "elapsed": 5097.867407, "delta": 6.451739}}
{"target": -100.7416040451572, "params": {"C": 31.640602978416467, "epsilon": 11.876486615830327, "gamma": 0.03877667647895668, "lamda": 0.04337553369619279}, "datetime": {"datetime": "2021-06-28 21:00:17", "elapsed": 5103.980063, "delta": 6.112656}}
{"target": -94.68713895371795, "params": {"C": 30.731029080132036, "epsilon": 11.8519798017517, "gamma": 0.037628846651933716, "lamda": 0.03161781224866161}, "datetime": {"datetime": "2021-06-28 21:00:23", "elapsed": 5110.050831, "delta": 6.070768}}
{"target": -102.13192078935232, "params": {"C": 30.65975449725975, "epsilon": 11.169287769294147, "gamma": 0.02356386794649481, "lamda": 0.049600128986352465}, "datetime": {"datetime": "2021-06-28 21:00:29", "elapsed": 5115.869275, "delta": 5.818444}}
{"target": -103.60973623534566, "params": {"C": 33.24146092273223, "epsilon": 14.732415720239162, "gamma": 0.022683474128366667, "lamda": 0.025391959760045733}, "datetime": {"datetime": "2021-06-28 21:00:35", "elapsed": 5122.020826, "delta": 6.151551}}
{"target": -98.60090892210906, "params": {"C": 32.268526171960524, "epsilon": 11.654892613789833, "gamma": 0.020472526288585327, "lamda": 0.018679048130386858}, "datetime": {"datetime": "2021-06-28 21:00:42", "elapsed": 5129.048036, "delta": 7.02721}}
{"target": -92.84979166201707, "params": {"C": 31.318272136457264, "epsilon": 8.439991197843238, "gamma": 0.014112969144908193, "lamda": 0.023647828229047055}, "datetime": {"datetime": "2021-06-28 21:00:48", "elapsed": 5134.822596, "delta": 5.77456}}
{"target": -98.66763734286138, "params": {"C": 32.176689043119005, "epsilon": 14.882696358356505, "gamma": 0.02364694535869582, "lamda": 0.02998028173350823}, "datetime": {"datetime": "2021-06-28 21:00:54", "elapsed": 5140.55427, "delta": 5.731674}}
{"target": -95.63432407229581, "params": {"C": 34.11305436957185, "epsilon": 11.910199520139352, "gamma": 0.015758183615445183, "lamda": 0.04835079483270387}, "datetime": {"datetime": "2021-06-28 21:01:00", "elapsed": 5146.231093, "delta": 5.676823}}
{"target": -98.32927333654483, "params": {"C": 33.52118770277266, "epsilon": 12.583917338958464, "gamma": 0.036034608783210034, "lamda": 0.02949563502771442}, "datetime": {"datetime": "2021-06-28 21:01:06", "elapsed": 5152.488363, "delta": 6.25727}}
{"target": -92.41505957552887, "params": {"C": 32.02419695345898, "epsilon": 8.803013920859343, "gamma": 0.04514021009233297, "lamda": 0.029383799978227286}, "datetime": {"datetime": "2021-06-28 21:01:13", "elapsed": 5159.296159, "delta": 6.807796}}
{"target": -93.8236869187285, "params": {"C": 33.73974404715172, "epsilon": 10.479996579763906, "gamma": 0.03548935355781548, "lamda": 0.025164904855380754}, "datetime": {"datetime": "2021-06-28 21:01:19", "elapsed": 5165.279163, "delta": 5.983004}}
{"target": -86.28952873831383, "params": {"C": 30.38071831083837, "epsilon": 13.687064817350258, "gamma": 0.04961614629809284, "lamda": 0.014105776339718327}, "datetime": {"datetime": "2021-06-28 21:01:23", "elapsed": 5169.920752, "delta": 4.641589}}
{"target": -103.0754221353155, "params": {"C": 34.112507979062954, "epsilon": 13.020816245545927, "gamma": 0.023667167793893093, "lamda": 0.04836543489164909}, "datetime": {"datetime": "2021-06-28 21:01:30", "elapsed": 5176.525094, "delta": 6.604342}}
{"target": -101.86698421777945, "params": {"C": 34.79176462192809, "epsilon": 8.418683020261922, "gamma": 0.02806337174359974, "lamda": 0.0337343474219264}, "datetime": {"datetime": "2021-06-28 21:01:36", "elapsed": 5182.447259, "delta": 5.922165}}
{"target": -90.47390468371049, "params": {"C": 32.387697148281696, "epsilon": 14.84017437071256, "gamma": 0.04106804737900795, "lamda": 0.03712817562285832}, "datetime": {"datetime": "2021-06-28 21:01:43", "elapsed": 5189.218155, "delta": 6.770896}}
{"target": -97.93827768589696, "params": {"C": 30.69702981791376, "epsilon": 9.41618993253918, "gamma": 0.03555766356035165, "lamda": 0.02596219791636418}, "datetime": {"datetime": "2021-06-28 21:01:49", "elapsed": 5195.760661, "delta": 6.542506}}
{"target": -106.96302857401001, "params": {"C": 34.622695483115734, "epsilon": 6.696381377860248, "gamma": 0.024776921923297942, "lamda": 0.030455595367677828}, "datetime": {"datetime": "2021-06-28 21:01:56", "elapsed": 5202.184485, "delta": 6.423824}}
{"target": -104.43665762047651, "params": {"C": 30.920943483013563, "epsilon": 14.466333183147524, "gamma": 0.019883511711805267, "lamda": 0.03523044733291768}, "datetime": {"datetime": "2021-06-28 21:02:02", "elapsed": 5208.429786, "delta": 6.245301}}
{"target": -103.80394069076677, "params": {"C": 34.46094543414591, "epsilon": 13.1005508118595, "gamma": 0.022840324742785093, "lamda": 0.025094043683396957}, "datetime": {"datetime": "2021-06-28 21:02:09", "elapsed": 5215.34729, "delta": 6.917504}}
{"target": -99.29929948947039, "params": {"C": 33.08906767185678, "epsilon": 14.185567468174899, "gamma": 0.03472722833603069, "lamda": 0.037330243649760425}, "datetime": {"datetime": "2021-06-28 21:02:16", "elapsed": 5222.375498, "delta": 7.028208}}
{"target": -97.49014122053175, "params": {"C": 33.84886218822146, "epsilon": 9.567628172999445, "gamma": 0.03563092434005499, "lamda": 0.040789748747563824}, "datetime": {"datetime": "2021-06-28 21:02:23", "elapsed": 5229.433791, "delta": 7.058293}}
{"target": -97.60038349028302, "params": {"C": 32.94138642346862, "epsilon": 13.768638012463642, "gamma": 0.01618378566703311, "lamda": 0.037679591215856255}, "datetime": {"datetime": "2021-06-28 21:02:30", "elapsed": 5236.245977, "delta": 6.812186}}
{"target": -97.33885828277421, "params": {"C": 30.176667471588335, "epsilon": 10.550481388572864, "gamma": 0.03052687590366914, "lamda": 0.03413376337576696}, "datetime": {"datetime": "2021-06-28 21:02:36", "elapsed": 5242.501252, "delta": 6.255275}}
{"target": -98.96119036149173, "params": {"C": 33.386013380324925, "epsilon": 12.31478371399872, "gamma": 0.03229402628975376, "lamda": 0.0368562751754917}, "datetime": {"datetime": "2021-06-28 21:02:43", "elapsed": 5249.450671, "delta": 6.949419}}
{"target": -94.29825718177104, "params": {"C": 31.93093165786581, "epsilon": 5.282677148399699, "gamma": 0.03959099885088853, "lamda": 0.02663993906207595}, "datetime": {"datetime": "2021-06-28 21:02:50", "elapsed": 5256.207026, "delta": 6.756355}}
{"target": -87.64586521691623, "params": {"C": 32.72872813181923, "epsilon": 14.017075854815413, "gamma": 0.04902365407253958, "lamda": 0.04069305030372939}, "datetime": {"datetime": "2021-06-28 21:02:56", "elapsed": 5263.044742, "delta": 6.837716}}
{"target": -100.15814711234783, "params": {"C": 31.763895886573746, "epsilon": 13.229750109790196, "gamma": 0.03380281559266222, "lamda": 0.040143755934226616}, "datetime": {"datetime": "2021-06-28 21:03:03", "elapsed": 5269.854901, "delta": 6.810159}}
{"target": -96.05386353048723, "params": {"C": 33.45314539367549, "epsilon": 8.887834375352586, "gamma": 0.015220147189204987, "lamda": 0.031180056703287072}, "datetime": {"datetime": "2021-06-28 21:03:10", "elapsed": 5276.6902, "delta": 6.835299}}
{"target": -102.53302372897002, "params": {"C": 31.137514156919636, "epsilon": 14.863382174722654, "gamma": 0.02750989039568494, "lamda": 0.048883153379934006}, "datetime": {"datetime": "2021-06-28 21:03:16", "elapsed": 5282.774931, "delta": 6.084731}}
{"target": -98.27553521769754, "params": {"C": 34.27879223848388, "epsilon": 6.361908201268433, "gamma": 0.02440436146473021, "lamda": 0.016082752918828214}, "datetime": {"datetime": "2021-06-28 21:03:23", "elapsed": 5289.638579, "delta": 6.863648}}
{"target": -100.60990486477075, "params": {"C": 34.379715738412976, "epsilon": 12.762606099257148, "gamma": 0.020844693669318702, "lamda": 0.040060052811086204}, "datetime": {"datetime": "2021-06-28 21:03:30", "elapsed": 5296.4374, "delta": 6.798821}}
{"target": -97.81759311782713, "params": {"C": 32.570651291378, "epsilon": 12.027000672302266, "gamma": 0.01968004691048949, "lamda": 0.038470540899096545}, "datetime": {"datetime": "2021-06-28 21:03:36", "elapsed": 5302.862223, "delta": 6.424823}}
{"target": -99.77524939310989, "params": {"C": 34.347928899123325, "epsilon": 13.379992241417131, "gamma": 0.03716466064770994, "lamda": 0.02128648603903161}, "datetime": {"datetime": "2021-06-28 21:03:43", "elapsed": 5309.848542, "delta": 6.986319}}
{"target": -92.47440915820701, "params": {"C": 34.41907365134546, "epsilon": 10.172112879430241, "gamma": 0.04209911684050226, "lamda": 0.027333381428139777}, "datetime": {"datetime": "2021-06-28 21:03:50", "elapsed": 5316.559598, "delta": 6.711056}}
{"target": -102.04413914010921, "params": {"C": 34.483079786576795, "epsilon": 14.424766453058519, "gamma": 0.02675906683561218, "lamda": 0.010357214622461171}, "datetime": {"datetime": "2021-06-28 21:03:56", "elapsed": 5322.719129, "delta": 6.159531}}
{"target": -86.97601246878311, "params": {"C": 31.37943381105769, "epsilon": 6.609147744979648, "gamma": 0.01366793078057825, "lamda": 0.044928800259314984}, "datetime": {"datetime": "2021-06-28 21:04:02", "elapsed": 5328.539566, "delta": 5.820437}}
{"target": -100.29287692785746, "params": {"C": 30.19891334492362, "epsilon": 14.449095586227703, "gamma": 0.02661258126014225, "lamda": 0.017862950785582546}, "datetime": {"datetime": "2021-06-28 21:04:09", "elapsed": 5335.356339, "delta": 6.816773}}
{"target": -99.63152293561109, "params": {"C": 34.64236653117471, "epsilon": 12.603771753458496, "gamma": 0.04211589010388376, "lamda": 0.04974123696627445}, "datetime": {"datetime": "2021-06-28 21:04:15", "elapsed": 5341.668462, "delta": 6.312123}}
{"target": -84.43817650862714, "params": {"C": 31.186373579378476, "epsilon": 13.526288038916363, "gamma": 0.010012995295757979, "lamda": 0.02959352592921955}, "datetime": {"datetime": "2021-06-28 21:04:21", "elapsed": 5347.399139, "delta": 5.730677}}
{"target": -94.70240991536207, "params": {"C": 30.81992490888304, "epsilon": 5.940316930211081, "gamma": 0.04671228173129778, "lamda": 0.023826233675228514}, "datetime": {"datetime": "2021-06-28 21:04:27", "elapsed": 5353.268446, "delta": 5.869307}}
{"target": -98.61133743242225, "params": {"C": 33.45333356226598, "epsilon": 14.591683455150603, "gamma": 0.018725368800926866, "lamda": 0.043443070195418904}, "datetime": {"datetime": "2021-06-28 21:04:33", "elapsed": 5359.599517, "delta": 6.331071}}
{"target": -101.59976988707884, "params": {"C": 32.13453314222817, "epsilon": 10.529700951565172, "gamma": 0.031132825969910516, "lamda": 0.04770419061654381}, "datetime": {"datetime": "2021-06-28 21:04:40", "elapsed": 5366.734441, "delta": 7.134924}}
{"target": -97.50589888750119, "params": {"C": 33.98016599855328, "epsilon": 6.416767523531483, "gamma": 0.04247865178555102, "lamda": 0.04206379102991218}, "datetime": {"datetime": "2021-06-28 21:04:47", "elapsed": 5373.552211, "delta": 6.81777}}
