{"target": -12.765687409547935, "params": {"C": 9.526937426463345, "epsilon": 7.943475581218504, "gamma": 0.09473602403952924, "lamda": 0.33197275038149276}, "datetime": {"datetime": "2021-06-21 20:37:13", "elapsed": 249.649992, "delta": 1.616678}}
{"target": -22.191499591302488, "params": {"C": 6.4330928733652, "epsilon": 2.818322630758786, "gamma": 0.745908263893129, "lamda": 0.7716396548003297}, "datetime": {"datetime": "2021-06-21 20:37:14", "elapsed": 250.280306, "delta": 0.630314}}
{"target": -29.23771620865559, "params": {"C": 2.132508610540373, "epsilon": 4.584462456608058, "gamma": 1.9770357714901639, "lamda": 0.9437357487899806}, "datetime": {"datetime": "2021-06-21 20:37:14", "elapsed": 250.905634, "delta": 0.625328}}
{"target": -10.735034491146589, "params": {"C": 9.46812858230381, "epsilon": 9.41567265132069, "gamma": 0.031270665885830704, "lamda": 0.3296874251934163}, "datetime": {"datetime": "2021-06-21 20:37:16", "elapsed": 252.426567, "delta": 1.520933}}
{"target": -11.307623811439461, "params": {"C": 5.508688528497037, "epsilon": 6.2903300955266435, "gamma": 0.01545487294674086, "lamda": 0.9778502086636455}, "datetime": {"datetime": "2021-06-21 20:37:18", "elapsed": 254.202817, "delta": 1.77625}}
{"target": -85.8557353391194, "params": {"C": 4.921010677105788, "epsilon": 1.796169790165819, "gamma": 0.05997137143537112, "lamda": 0.13753769069930338}, "datetime": {"datetime": "2021-06-21 20:37:23", "elapsed": 259.31415, "delta": 5.111333}}
{"target": -25.794266442162538, "params": {"C": 3.6530323644369176, "epsilon": 7.255075043708029, "gamma": 1.3159815054596509, "lamda": 0.13325892219871177}, "datetime": {"datetime": "2021-06-21 20:37:24", "elapsed": 259.973388, "delta": 0.659238}}
{"target": -24.67591923981023, "params": {"C": 3.2088234754500085, "epsilon": 5.527541519763017, "gamma": 1.0703561452557382, "lamda": 0.6153070057020251}, "datetime": {"datetime": "2021-06-21 20:37:24", "elapsed": 260.652571, "delta": 0.679183}}
{"target": -16.55941718678957, "params": {"C": 4.841912920140105, "epsilon": 7.643836020229441, "gamma": 0.27310209371267413, "lamda": 0.2814810758198347}, "datetime": {"datetime": "2021-06-21 20:37:25", "elapsed": 261.342725, "delta": 0.690154}}
{"target": -11.429783289462469, "params": {"C": 8.44895400689585, "epsilon": 3.8899586418353005, "gamma": 0.014493459795071561, "lamda": 0.3035540390638932}, "datetime": {"datetime": "2021-06-21 20:37:26", "elapsed": 262.214394, "delta": 0.871669}}
{"target": -21.157008927886515, "params": {"C": 3.092550238776416, "epsilon": 4.621642858024549, "gamma": 0.5946769656687944, "lamda": 0.779897376298868}, "datetime": {"datetime": "2021-06-21 20:37:26", "elapsed": 262.8477, "delta": 0.633306}}
{"target": -22.243441178514185, "params": {"C": 6.815814291914412, "epsilon": 4.685638845017151, "gamma": 0.775438600038978, "lamda": 0.12311365642143335}, "datetime": {"datetime": "2021-06-21 20:37:27", "elapsed": 263.538852, "delta": 0.691152}}
{"target": -27.701777356081813, "params": {"C": 9.35884435433318, "epsilon": 5.9560708079656015, "gamma": 1.811977178503017, "lamda": 0.16037662881262474}, "datetime": {"datetime": "2021-06-21 20:37:28", "elapsed": 264.200084, "delta": 0.661232}}
{"target": -26.491828149249148, "params": {"C": 2.8596353265129952, "epsilon": 1.199488583231626, "gamma": 1.2972205367913527, "lamda": 0.31970854274487326}, "datetime": {"datetime": "2021-06-21 20:37:28", "elapsed": 264.813444, "delta": 0.61336}}
{"target": -20.618668706303783, "params": {"C": 9.590705018521456, "epsilon": 7.436095647038546, "gamma": 0.5519627096920938, "lamda": 0.7587382908526158}, "datetime": {"datetime": "2021-06-21 20:37:29", "elapsed": 265.507593, "delta": 0.694149}}
{"target": -12.596636048188964, "params": {"C": 9.799805589828576, "epsilon": 7.827748913732381, "gamma": 0.08961976011809258, "lamda": 0.22662157352961879}, "datetime": {"datetime": "2021-06-21 20:37:31", "elapsed": 267.133241, "delta": 1.625648}}
{"target": -30.13845127933404, "params": {"C": 0.4170948248539573, "epsilon": 9.81124422407521, "gamma": 1.9195010407480297, "lamda": 0.2139086504328575}, "datetime": {"datetime": "2021-06-21 20:37:31", "elapsed": 267.781508, "delta": 0.648267}}
{"target": -11.057645003509334, "params": {"C": 8.423380003911923, "epsilon": 3.8587808604271348, "gamma": 0.03261393070133704, "lamda": 0.28904975157910834}, "datetime": {"datetime": "2021-06-21 20:37:33", "elapsed": 269.481961, "delta": 1.700453}}
{"target": -15.550093025513373, "params": {"C": 6.500733727261256, "epsilon": 0.6130666939766213, "gamma": 0.19938547945214746, "lamda": 0.9045271556128911}, "datetime": {"datetime": "2021-06-21 20:37:35", "elapsed": 271.031815, "delta": 1.549854}}
{"target": -17.049982613777544, "params": {"C": 9.872164633614789, "epsilon": 7.02171669204442, "gamma": 0.26300948952774944, "lamda": 0.6603182587967623}, "datetime": {"datetime": "2021-06-21 20:37:36", "elapsed": 272.753213, "delta": 1.721398}}
{"target": -19.76568557257135, "params": {"C": 7.621620715288907, "epsilon": 0.28288280912546176, "gamma": 0.45798890691409416, "lamda": 0.12652517271028538}, "datetime": {"datetime": "2021-06-21 20:37:37", "elapsed": 273.454338, "delta": 0.701125}}
{"target": -24.69657159754955, "params": {"C": 1.6891802062988288, "epsilon": 6.1791806782711545, "gamma": 0.9614637187716479, "lamda": 0.6166054300030014}, "datetime": {"datetime": "2021-06-21 20:37:38", "elapsed": 274.109588, "delta": 0.65525}}
{"target": -20.136501040706356, "params": {"C": 1.7159402389871914, "epsilon": 7.792829873268065, "gamma": 0.49620878813093144, "lamda": 0.5191140482369077}, "datetime": {"datetime": "2021-06-21 20:37:38", "elapsed": 274.865564, "delta": 0.755976}}
{"target": -16.39246455706095, "params": {"C": 1.3195877030315153, "epsilon": 3.85128813508017, "gamma": 0.14486766183583555, "lamda": 0.9515341917308653}, "datetime": {"datetime": "2021-06-21 20:37:40", "elapsed": 276.521139, "delta": 1.655575}}
{"target": -17.39164992416258, "params": {"C": 9.554445792667044, "epsilon": 8.016160258687444, "gamma": 0.2817110735961553, "lamda": 0.20624621273056115}, "datetime": {"datetime": "2021-06-21 20:37:42", "elapsed": 278.205638, "delta": 1.684499}}
{"target": -27.66451256882418, "params": {"C": 0.3073091398636981, "epsilon": 8.709576820776231, "gamma": 0.9296017167667268, "lamda": 0.21349484284475323}, "datetime": {"datetime": "2021-06-21 20:37:42", "elapsed": 278.907756, "delta": 0.702118}}
{"target": -18.617275347339245, "params": {"C": 3.1558139114299144, "epsilon": 6.307193419799414, "gamma": 0.40127516668554747, "lamda": 0.957432638593911}, "datetime": {"datetime": "2021-06-21 20:37:43", "elapsed": 279.614865, "delta": 0.707109}}
{"target": -22.502350094901203, "params": {"C": 7.267054570736024, "epsilon": 8.426208252705948, "gamma": 0.8261746992441593, "lamda": 0.41867617562820336}, "datetime": {"datetime": "2021-06-21 20:37:44", "elapsed": 280.312997, "delta": 0.698132}}
{"target": -23.330045819823756, "params": {"C": 5.155655727147695, "epsilon": 3.92569168006525, "gamma": 0.8971342401713014, "lamda": 0.8096552531610703}, "datetime": {"datetime": "2021-06-21 20:37:45", "elapsed": 280.998165, "delta": 0.685168}}
{"target": -81.32915825028952, "params": {"C": 9.430428973492873, "epsilon": 8.246410403407529, "gamma": 0.06977228465077844, "lamda": 0.4464770762328001}, "datetime": {"datetime": "2021-06-21 20:37:51", "elapsed": 287.124782, "delta": 6.126617}}
{"target": -11.13164818602581, "params": {"C": 9.312405429125114, "epsilon": 9.280302575615037, "gamma": 0.01640539384906067, "lamda": 0.5095891835801387}, "datetime": {"datetime": "2021-06-21 20:37:53", "elapsed": 289.154356, "delta": 2.029574}}
{"target": -13.387143361789903, "params": {"C": 8.451545687079753, "epsilon": 5.117472437175496, "gamma": 0.11978908668275934, "lamda": 0.11593360747916384}, "datetime": {"datetime": "2021-06-21 20:37:53", "elapsed": 289.887395, "delta": 0.733039}}
{"target": -28.592136608317315, "params": {"C": 8.579011439140311, "epsilon": 2.6645654901087146, "gamma": 1.995434696676527, "lamda": 0.812779713718387}, "datetime": {"datetime": "2021-06-21 20:37:54", "elapsed": 290.552617, "delta": 0.665222}}
{"target": -28.454818119372323, "params": {"C": 4.367350200017147, "epsilon": 2.637459281140297, "gamma": 1.885439149403654, "lamda": 0.10407700194970324}, "datetime": {"datetime": "2021-06-21 20:37:55", "elapsed": 291.248755, "delta": 0.696138}}
{"target": -20.008490314774797, "params": {"C": 5.688111590245305, "epsilon": 3.9364282188232718, "gamma": 0.4843451666882865, "lamda": 0.6957860792095496}, "datetime": {"datetime": "2021-06-21 20:37:56", "elapsed": 291.941902, "delta": 0.693147}}
{"target": -86.15343461470137, "params": {"C": 0.15425852942171922, "epsilon": 9.213587713905424, "gamma": 0.06288837026327673, "lamda": 0.13672189342062066}, "datetime": {"datetime": "2021-06-21 20:38:00", "elapsed": 296.708156, "delta": 4.766254}}
{"target": -23.870811790740547, "params": {"C": 5.385882388157915, "epsilon": 1.1909492369371766, "gamma": 0.9590276424765839, "lamda": 0.38616280824316507}, "datetime": {"datetime": "2021-06-21 20:38:01", "elapsed": 297.388338, "delta": 0.680182}}
{"target": -21.763269578792183, "params": {"C": 9.211887770835132, "epsilon": 1.2681879553938422, "gamma": 0.6907900738763545, "lamda": 0.8364689000794266}, "datetime": {"datetime": "2021-06-21 20:38:02", "elapsed": 298.321842, "delta": 0.933504}}
{"target": -11.043117928261607, "params": {"C": 8.952569046276404, "epsilon": 6.478519839281364, "gamma": 0.023340795054948654, "lamda": 0.96141438145242}, "datetime": {"datetime": "2021-06-21 20:38:04", "elapsed": 300.223757, "delta": 1.901915}}
{"target": -14.229772261074611, "params": {"C": 8.510601409915465, "epsilon": 9.743451076496292, "gamma": 0.1540657040020501, "lamda": 0.2838958760170637}, "datetime": {"datetime": "2021-06-21 20:38:05", "elapsed": 301.09443, "delta": 0.870673}}
{"target": -26.36495894390949, "params": {"C": 1.4994548323861512, "epsilon": 1.6076768367407839, "gamma": 1.0529122315891803, "lamda": 0.6094943345369188}, "datetime": {"datetime": "2021-06-21 20:38:06", "elapsed": 302.055856, "delta": 0.961426}}
{"target": -91.26709946851783, "params": {"C": 9.876049925911431, "epsilon": 7.210894228393038, "gamma": 0.04519454664590451, "lamda": 0.5987895141384687}, "datetime": {"datetime": "2021-06-21 20:38:12", "elapsed": 308.399901, "delta": 6.344045}}
{"target": -14.116713343382303, "params": {"C": 8.988047213671727, "epsilon": 5.328980187194107, "gamma": 0.14604224183826733, "lamda": 0.2929802495164977}, "datetime": {"datetime": "2021-06-21 20:38:13", "elapsed": 309.200751, "delta": 0.80085}}
{"target": -18.530121409381824, "params": {"C": 8.703386310200536, "epsilon": 7.857829367174357, "gamma": 0.3663218643891403, "lamda": 0.45770925115431105}, "datetime": {"datetime": "2021-06-21 20:38:14", "elapsed": 310.349679, "delta": 1.148928}}
{"target": -27.463138190364305, "params": {"C": 8.427378594875323, "epsilon": 0.28145295012638316, "gamma": 1.6463717469311607, "lamda": 0.1450208398614137}, "datetime": {"datetime": "2021-06-21 20:38:15", "elapsed": 311.483651, "delta": 1.133972}}
{"target": -27.700654631196453, "params": {"C": 8.225640038908127, "epsilon": 1.2811985028610196, "gamma": 1.722382310655773, "lamda": 0.24193811474746266}, "datetime": {"datetime": "2021-06-21 20:38:16", "elapsed": 312.301459, "delta": 0.817808}}
{"target": -11.564050634781239, "params": {"C": 6.21555035346298, "epsilon": 7.654481636225793, "gamma": 0.010438621732010742, "lamda": 0.9723681561219276}, "datetime": {"datetime": "2021-06-21 20:38:18", "elapsed": 314.586102, "delta": 2.284643}}
{"target": -24.24609129904388, "params": {"C": 4.511330895555868, "epsilon": 3.7167795356276083, "gamma": 1.0256524509118055, "lamda": 0.7046822725436397}, "datetime": {"datetime": "2021-06-21 20:38:19", "elapsed": 315.648575, "delta": 1.062473}}
{"target": -16.28498411418239, "params": {"C": 9.57872900064826, "epsilon": 7.952567319746524, "gamma": 0.23334541430232986, "lamda": 0.21243332003280901}, "datetime": {"datetime": "2021-06-21 20:38:22", "elapsed": 317.953448, "delta": 2.304873}}
{"target": -28.165162605582232, "params": {"C": 6.93694150939192, "epsilon": 6.650007755553407, "gamma": 1.944052544324789, "lamda": 0.27134256923600053}, "datetime": {"datetime": "2021-06-21 20:38:23", "elapsed": 319.019597, "delta": 1.066149}}
{"target": -25.430627733632292, "params": {"C": 6.687984103736897, "epsilon": 1.3331312467831735, "gamma": 1.2289958010927025, "lamda": 0.6266836839683956}, "datetime": {"datetime": "2021-06-21 20:38:24", "elapsed": 320.080763, "delta": 1.061166}}
{"target": -20.64786931879495, "params": {"C": 3.5631266193980884, "epsilon": 9.305292935448986, "gamma": 0.57519237297884, "lamda": 0.30056578722634963}, "datetime": {"datetime": "2021-06-21 20:38:24", "elapsed": 320.866659, "delta": 0.785896}}
{"target": -24.596122063531443, "params": {"C": 6.607488563372125, "epsilon": 8.916336452132516, "gamma": 1.1602593035378586, "lamda": 0.35353211938931206}, "datetime": {"datetime": "2021-06-21 20:38:25", "elapsed": 321.692018, "delta": 0.825359}}
{"target": -15.639443420996457, "params": {"C": 9.584092790087945, "epsilon": 8.038528150752246, "gamma": 0.21020582591216708, "lamda": 0.26154701449145046}, "datetime": {"datetime": "2021-06-21 20:38:27", "elapsed": 323.580969, "delta": 1.888951}}
{"target": -78.29924728868804, "params": {"C": 9.92923359648899, "epsilon": 8.69870105648711, "gamma": 0.07712469109408907, "lamda": 0.9793786265415069}, "datetime": {"datetime": "2021-06-21 20:38:34", "elapsed": 330.45359, "delta": 6.872621}}
{"target": -27.92365361501212, "params": {"C": 7.603224415560706, "epsilon": 8.001727824134337, "gamma": 1.9074948881725986, "lamda": 0.2302988573037405}, "datetime": {"datetime": "2021-06-21 20:38:35", "elapsed": 331.21256, "delta": 0.75897}}
{"target": -13.15942804583042, "params": {"C": 9.320735709648995, "epsilon": 9.196069375468896, "gamma": 0.11242848425914466, "lamda": 0.12259416196360277}, "datetime": {"datetime": "2021-06-21 20:38:37", "elapsed": 333.311946, "delta": 2.099386}}
{"target": -27.131901215821273, "params": {"C": 1.5474375786614276, "epsilon": 6.852294603771524, "gamma": 1.3845351209337022, "lamda": 0.5864007755948862}, "datetime": {"datetime": "2021-06-21 20:38:38", "elapsed": 334.054959, "delta": 0.743013}}
{"target": -22.624821146874137, "params": {"C": 1.406313904574309, "epsilon": 6.1696708405172185, "gamma": 0.6848024303381166, "lamda": 0.9910029021929304}, "datetime": {"datetime": "2021-06-21 20:38:38", "elapsed": 334.80296, "delta": 0.748001}}
{"target": -11.156440093692618, "params": {"C": 9.267487712760976, "epsilon": 9.266007205501591, "gamma": 0.01381029726399583, "lamda": 0.5580990075250021}, "datetime": {"datetime": "2021-06-21 20:38:39", "elapsed": 335.65169, "delta": 0.84873}}
{"target": -10.667555609917393, "params": {"C": 9.388019612030229, "epsilon": 8.902199317368574, "gamma": 0.03357811906416238, "lamda": 0.386046335771447}, "datetime": {"datetime": "2021-06-21 20:38:41", "elapsed": 337.321226, "delta": 1.669536}}
{"target": -89.25173601009246, "params": {"C": 5.175966835621045, "epsilon": 9.582624634971095, "gamma": 0.05777988808417206, "lamda": 0.10567466772688669}, "datetime": {"datetime": "2021-06-21 20:38:46", "elapsed": 342.290936, "delta": 4.96971}}
{"target": -21.449018122573907, "params": {"C": 4.409844305375623, "epsilon": 9.882708088720669, "gamma": 0.6889355315951169, "lamda": 0.5495563390039352}, "datetime": {"datetime": "2021-06-21 20:38:47", "elapsed": 343.14266, "delta": 0.851724}}
{"target": -17.568417333993807, "params": {"C": 8.24384765175226, "epsilon": 6.91050850018734, "gamma": 0.29646963486839784, "lamda": 0.9628928837358369}, "datetime": {"datetime": "2021-06-21 20:38:48", "elapsed": 344.000366, "delta": 0.857706}}
{"target": -25.529656661551094, "params": {"C": 7.071951651489857, "epsilon": 7.584158947224569, "gamma": 1.3052217869646991, "lamda": 0.5386517881235745}, "datetime": {"datetime": "2021-06-21 20:38:48", "elapsed": 344.880014, "delta": 0.879648}}
{"target": -27.964735998787138, "params": {"C": 4.107909967848781, "epsilon": 3.803633619467257, "gamma": 1.758225452093565, "lamda": 0.536135499510114}, "datetime": {"datetime": "2021-06-21 20:38:49", "elapsed": 345.796562, "delta": 0.916548}}
{"target": -11.86091079555323, "params": {"C": 5.675202786288038, "epsilon": 3.6796666653430026, "gamma": 0.06087891205929334, "lamda": 0.9508261652942791}, "datetime": {"datetime": "2021-06-21 20:38:51", "elapsed": 347.605725, "delta": 1.809163}}
{"target": -29.310252909551043, "params": {"C": 0.853822255459968, "epsilon": 8.687196110868522, "gamma": 1.9809032783301188, "lamda": 0.1923799676436624}, "datetime": {"datetime": "2021-06-21 20:38:52", "elapsed": 348.394615, "delta": 0.78889}}
{"target": -11.026223018419445, "params": {"C": 8.700650386443208, "epsilon": 5.15644757285133, "gamma": 0.02808029354159569, "lamda": 0.43445388959293085}, "datetime": {"datetime": "2021-06-21 20:38:54", "elapsed": 350.3075, "delta": 1.912885}}
{"target": -23.184987385325737, "params": {"C": 9.587693951417618, "epsilon": 3.419341151959895, "gamma": 0.9086527442440872, "lamda": 0.634022816993344}, "datetime": {"datetime": "2021-06-21 20:38:55", "elapsed": 351.149256, "delta": 0.841756}}
{"target": -84.98409571959455, "params": {"C": 2.3248050965086344, "epsilon": 7.254261469823183, "gamma": 0.06130990377182146, "lamda": 0.1848845152577747}, "datetime": {"datetime": "2021-06-21 20:38:59", "elapsed": 355.853669, "delta": 4.704413}}
{"target": -27.149025392251065, "params": {"C": 1.4801190394692398, "epsilon": 4.416748313545925, "gamma": 1.2814937621274944, "lamda": 0.459149453118194}, "datetime": {"datetime": "2021-06-21 20:39:00", "elapsed": 356.625604, "delta": 0.771935}}
{"target": -22.1342543128393, "params": {"C": 9.25293705656916, "epsilon": 1.6972117397224615, "gamma": 0.7451518656840725, "lamda": 0.5602508957727512}, "datetime": {"datetime": "2021-06-21 20:39:01", "elapsed": 357.399536, "delta": 0.773932}}
{"target": -10.897608469247018, "params": {"C": 9.708448206234095, "epsilon": 8.898989603792444, "gamma": 0.02491328989560968, "lamda": 0.5247749380650266}, "datetime": {"datetime": "2021-06-21 20:39:03", "elapsed": 359.786153, "delta": 2.386617}}
{"target": -11.37265799153086, "params": {"C": 4.114496701702151, "epsilon": 7.333716375280147, "gamma": 0.030749725186720832, "lamda": 0.38215686024564965}, "datetime": {"datetime": "2021-06-21 20:39:07", "elapsed": 363.371568, "delta": 3.585415}}
{"target": -25.13084824023518, "params": {"C": 6.216353990276427, "epsilon": 9.18564891142808, "gamma": 1.2401796097175266, "lamda": 0.7149304821196096}, "datetime": {"datetime": "2021-06-21 20:39:08", "elapsed": 364.425748, "delta": 1.05418}}
{"target": -25.568633965546724, "params": {"C": 7.72074713267849, "epsilon": 4.5681714101821465, "gamma": 1.285138485917736, "lamda": 0.792769346820186}, "datetime": {"datetime": "2021-06-21 20:39:09", "elapsed": 365.320356, "delta": 0.894608}}
{"target": -11.129297845050539, "params": {"C": 9.269136854439488, "epsilon": 9.239111803143926, "gamma": 0.018052101283210626, "lamda": 0.46918833709392394}, "datetime": {"datetime": "2021-06-21 20:39:11", "elapsed": 367.568344, "delta": 2.247988}}
{"target": -28.08067661914971, "params": {"C": 0.4498015937448997, "epsilon": 5.550926340434008, "gamma": 1.0312120762075399, "lamda": 0.6430096759547566}, "datetime": {"datetime": "2021-06-21 20:39:12", "elapsed": 368.812017, "delta": 1.243673}}
{"target": -24.512329383396604, "params": {"C": 6.804306493043357, "epsilon": 7.315052235627321, "gamma": 1.1191278079152494, "lamda": 0.7042661914485632}, "datetime": {"datetime": "2021-06-21 20:39:13", "elapsed": 369.681708, "delta": 0.869691}}
{"target": -27.17795241648682, "params": {"C": 3.9232446825743037, "epsilon": 0.28364888068485933, "gamma": 1.482152192831704, "lamda": 0.4743986288967089}, "datetime": {"datetime": "2021-06-21 20:39:14", "elapsed": 370.485559, "delta": 0.803851}}
{"target": -28.22286288945486, "params": {"C": 5.502881701002079, "epsilon": 9.017174147229932, "gamma": 1.951426790108844, "lamda": 0.7905936318339113}, "datetime": {"datetime": "2021-06-21 20:39:15", "elapsed": 371.37518, "delta": 0.889621}}
{"target": -11.558618614321075, "params": {"C": 4.875628001914864, "epsilon": 1.8910021604688823, "gamma": 0.032140612443008504, "lamda": 0.19072879677268617}, "datetime": {"datetime": "2021-06-21 20:39:17", "elapsed": 373.875868, "delta": 2.500688}}
{"target": -16.846063911689136, "params": {"C": 6.93722787947747, "epsilon": 3.8884455919150507, "gamma": 0.2697023226629481, "lamda": 0.576551275823959}, "datetime": {"datetime": "2021-06-21 20:39:18", "elapsed": 374.87719, "delta": 1.001322}}
{"target": -11.14205467387586, "params": {"C": 9.986038433677093, "epsilon": 8.430605683769311, "gamma": 0.017511490715983492, "lamda": 0.6220948861038451}, "datetime": {"datetime": "2021-06-21 20:39:21", "elapsed": 376.922721, "delta": 2.045531}}
{"target": -22.012457734568887, "params": {"C": 8.572008632198086, "epsilon": 1.3627720104483056, "gamma": 0.7266169828703279, "lamda": 0.2368619406736348}, "datetime": {"datetime": "2021-06-21 20:39:21", "elapsed": 377.778432, "delta": 0.855711}}
{"target": -12.860431988977236, "params": {"C": 8.585318664953528, "epsilon": 3.796906717649038, "gamma": 0.09479694488876977, "lamda": 0.17723271280411562}, "datetime": {"datetime": "2021-06-21 20:39:22", "elapsed": 378.89345, "delta": 1.115018}}
{"target": -20.005261853575306, "params": {"C": 5.189889556928442, "epsilon": 7.027297972235036, "gamma": 0.49158233379685207, "lamda": 0.7405871702296722}, "datetime": {"datetime": "2021-06-21 20:39:24", "elapsed": 380.052871, "delta": 1.159421}}
