{"target": -13.950135324265691, "params": {"C": 5.634603107189183, "epsilon": 5.448320814804952, "gamma": 0.2993772805245933, "lamda": 0.772818762564048}, "datetime": {"datetime": "2021-06-28 09:36:10", "elapsed": 323.376374, "delta": 0.748844}}
{"target": -14.785357825343745, "params": {"C": 5.647175656962616, "epsilon": 5.724648295782044, "gamma": 0.41601951779225105, "lamda": 0.4469859507484906}, "datetime": {"datetime": "2021-06-28 09:36:11", "elapsed": 324.094004, "delta": 0.71763}}
{"target": -14.907708092725812, "params": {"C": 1.5088893194542243, "epsilon": 3.130797359250656, "gamma": 0.24499182561158647, "lamda": 0.394803489500836}, "datetime": {"datetime": "2021-06-28 09:36:11", "elapsed": 324.768272, "delta": 0.674268}}
{"target": -14.488770144357819, "params": {"C": 5.7787090364483165, "epsilon": 5.375596852061154, "gamma": 0.3787352942037263, "lamda": 0.8274818648617032}, "datetime": {"datetime": "2021-06-28 09:36:12", "elapsed": 325.413453, "delta": 0.645181}}
{"target": -16.98785901320517, "params": {"C": 1.5513310568849004, "epsilon": 2.1067335519527837, "gamma": 0.4012671381758647, "lamda": 2.571425586757675}, "datetime": {"datetime": "2021-06-28 09:36:13", "elapsed": 326.09097, "delta": 0.677517}}
{"target": -16.934952162419396, "params": {"C": 1.802140884182812, "epsilon": 1.1138636208689563, "gamma": 0.4279624159421465, "lamda": 0.4402391141387194}, "datetime": {"datetime": "2021-06-28 09:36:14", "elapsed": 326.833487, "delta": 0.742517}}
{"target": -14.110719904442249, "params": {"C": 5.802139615055274, "epsilon": 5.543369871823784, "gamma": 0.3220587960806111, "lamda": 0.9066040645271448}, "datetime": {"datetime": "2021-06-28 09:36:14", "elapsed": 327.489202, "delta": 0.655715}}
{"target": -14.955168470644278, "params": {"C": 2.5744649455847215, "epsilon": 3.2613684500307145, "gamma": 0.33477452553399273, "lamda": 1.6958899715254836}, "datetime": {"datetime": "2021-06-28 09:36:15", "elapsed": 328.199426, "delta": 0.710224}}
{"target": -15.649999237777465, "params": {"C": 3.4543490619137587, "epsilon": 0.44310693857719197, "gamma": 0.420745959210288, "lamda": 1.6326577858087694}, "datetime": {"datetime": "2021-06-28 09:36:16", "elapsed": 328.885429, "delta": 0.686003}}
{"target": -15.641352262743426, "params": {"C": 3.457990520433381, "epsilon": 0.454621165940455, "gamma": 0.42004904637283996, "lamda": 1.6311818185776115}, "datetime": {"datetime": "2021-06-28 09:36:17", "elapsed": 330.086034, "delta": 1.200605}}
{"target": -15.466021526051312, "params": {"C": 1.1751369786622392, "epsilon": 4.6993395407263145, "gamma": 0.24675353757458615, "lamda": 0.776112682340219}, "datetime": {"datetime": "2021-06-28 09:36:17", "elapsed": 330.770319, "delta": 0.684285}}
{"target": -14.751008630884597, "params": {"C": 5.689009198957265, "epsilon": 5.582881517002157, "gamma": 0.41186709184314196, "lamda": 0.6737951711512852}, "datetime": {"datetime": "2021-06-28 09:36:18", "elapsed": 331.545276, "delta": 0.774957}}
{"target": -60.95749776089649, "params": {"C": 0.663201278465503, "epsilon": 1.0498598852465926, "gamma": 0.16380341443051918, "lamda": 2.763903412309785}, "datetime": {"datetime": "2021-06-28 09:36:29", "elapsed": 342.577426, "delta": 11.03215}}
{"target": -16.923264200363644, "params": {"C": 1.8379720826316652, "epsilon": 1.1399580541762904, "gamma": 0.4328590176041614, "lamda": 0.45203565803392226}, "datetime": {"datetime": "2021-06-28 09:36:30", "elapsed": 343.239271, "delta": 0.661845}}
{"target": -14.225891734255711, "params": {"C": 5.757144454477027, "epsilon": 5.604351276688978, "gamma": 0.3372699012345673, "lamda": 0.598402077941743}, "datetime": {"datetime": "2021-06-28 09:36:31", "elapsed": 343.989382, "delta": 0.750111}}
{"target": -63.26849927923575, "params": {"C": 5.671869019727321, "epsilon": 5.603180384086431, "gamma": 0.1602183663488609, "lamda": 0.7172327560139841}, "datetime": {"datetime": "2021-06-28 09:36:42", "elapsed": 354.799428, "delta": 10.810046}}
{"target": -14.991649169324281, "params": {"C": 3.847947344438975, "epsilon": 1.3402698408713432, "gamma": 0.3650405240008805, "lamda": 0.7139078094517147}, "datetime": {"datetime": "2021-06-28 09:36:42", "elapsed": 355.523615, "delta": 0.724187}}
{"target": -13.628371687859566, "params": {"C": 3.299473064390776, "epsilon": 6.313927393010668, "gamma": 0.2569031840636614, "lamda": 0.551259620754553}, "datetime": {"datetime": "2021-06-28 09:36:43", "elapsed": 356.326638, "delta": 0.803023}}
{"target": -21.73188033779089, "params": {"C": 0.5284364745919236, "epsilon": 2.3359606071844667, "gamma": 0.4697072342434257, "lamda": 1.7855758406366302}, "datetime": {"datetime": "2021-06-28 09:36:44", "elapsed": 357.035508, "delta": 0.70887}}
{"target": -16.74230663762853, "params": {"C": 1.565935162564223, "epsilon": 2.1145567385257156, "gamma": 0.38075496380373614, "lamda": 2.5773943003684616}, "datetime": {"datetime": "2021-06-28 09:36:44", "elapsed": 357.791462, "delta": 0.755954}}
{"target": -14.598353779765114, "params": {"C": 4.824218699825433, "epsilon": 2.7978658720179177, "gamma": 0.3524786947997712, "lamda": 1.3391639210180837}, "datetime": {"datetime": "2021-06-28 09:36:45", "elapsed": 358.724769, "delta": 0.933307}}
{"target": -15.318090148631338, "params": {"C": 2.6155580125414586, "epsilon": 4.24659348395649, "gamma": 0.3863573733903898, "lamda": 1.0709623195964575}, "datetime": {"datetime": "2021-06-28 09:36:46", "elapsed": 359.424902, "delta": 0.700133}}
{"target": -14.815059977703887, "params": {"C": 5.702604644804923, "epsilon": 5.757995126181463, "gamma": 0.4226494065199531, "lamda": 0.4883231611457918}, "datetime": {"datetime": "2021-06-28 09:36:47", "elapsed": 360.234973, "delta": 0.810071}}
{"target": -14.713858476935021, "params": {"C": 5.895965734573928, "epsilon": 5.437286181186431, "gamma": 0.41251933097610693, "lamda": 0.9389362527039986}, "datetime": {"datetime": "2021-06-28 09:36:48", "elapsed": 360.999212, "delta": 0.764239}}
{"target": -16.76258544259463, "params": {"C": 1.8269834593591825, "epsilon": 1.1248929948681035, "gamma": 0.4142394813616221, "lamda": 0.44539252186204703}, "datetime": {"datetime": "2021-06-28 09:36:49", "elapsed": 361.83591, "delta": 0.836698}}
{"target": -13.7557544566508, "params": {"C": 5.748943051384922, "epsilon": 5.381418717558785, "gamma": 0.27794430232382, "lamda": 0.8212471935876051}, "datetime": {"datetime": "2021-06-28 09:36:49", "elapsed": 362.652027, "delta": 0.816117}}
{"target": -15.41569822597898, "params": {"C": 0.9608428397352389, "epsilon": 8.027239322738382, "gamma": 0.22639755825549887, "lamda": 0.5465343288521352}, "datetime": {"datetime": "2021-06-28 09:36:50", "elapsed": 363.418667, "delta": 0.76664}}
{"target": -13.87753426714918, "params": {"C": 5.834034481114998, "epsilon": 5.466240631068331, "gamma": 0.2935142312951973, "lamda": 0.7445252127783183}, "datetime": {"datetime": "2021-06-28 09:36:51", "elapsed": 364.188592, "delta": 0.769925}}
{"target": -16.32999510992613, "params": {"C": 0.9627112795291707, "epsilon": 8.039353335496774, "gamma": 0.29503066230614816, "lamda": 0.6109086841078033}, "datetime": {"datetime": "2021-06-28 09:36:52", "elapsed": 364.90631, "delta": 0.717718}}
{"target": -13.531715318787613, "params": {"C": 5.746811014949752, "epsilon": 5.384896401771113, "gamma": 0.24542688873203128, "lamda": 0.8113798563868504}, "datetime": {"datetime": "2021-06-28 09:36:52", "elapsed": 365.668119, "delta": 0.761809}}
{"target": -11.402929878379775, "params": {"C": 5.002808905262723, "epsilon": 1.724054521364287, "gamma": 0.04184614114477667, "lamda": 0.47790111045072925}, "datetime": {"datetime": "2021-06-28 09:36:53", "elapsed": 366.511936, "delta": 0.843817}}
{"target": -14.969013604963651, "params": {"C": 1.5145912586945258, "epsilon": 3.138750295236006, "gamma": 0.2494832783828261, "lamda": 0.3942995755857037}, "datetime": {"datetime": "2021-06-28 09:36:54", "elapsed": 367.369572, "delta": 0.857636}}
{"target": -51.107130617455276, "params": {"C": 4.848770571920571, "epsilon": 3.1982813005537634, "gamma": 0.1942466574253064, "lamda": 0.7879699403825992}, "datetime": {"datetime": "2021-06-28 09:37:05", "elapsed": 378.34039, "delta": 10.970818}}
{"target": -17.04702285687665, "params": {"C": 1.112084334801553, "epsilon": 7.5796271428975475, "gamma": 0.3940762704343283, "lamda": 1.577181466343945}, "datetime": {"datetime": "2021-06-28 09:37:06", "elapsed": 379.146295, "delta": 0.805905}}
{"target": -14.908503776961599, "params": {"C": 3.864591855267288, "epsilon": 1.3396868244317321, "gamma": 0.3558452598760854, "lamda": 0.7416694621349753}, "datetime": {"datetime": "2021-06-28 09:37:07", "elapsed": 380.033986, "delta": 0.887691}}
{"target": -14.877841914708286, "params": {"C": 2.5662949414513254, "epsilon": 3.260125493143386, "gamma": 0.32781972131683046, "lamda": 1.6968642999072914}, "datetime": {"datetime": "2021-06-28 09:37:08", "elapsed": 380.840474, "delta": 0.806488}}
{"target": -14.262872594877088, "params": {"C": 5.607078814451622, "epsilon": 5.493828097853578, "gamma": 0.34035882509279475, "lamda": 0.7414594877381951}, "datetime": {"datetime": "2021-06-28 09:37:08", "elapsed": 381.609842, "delta": 0.769368}}
{"target": -15.206324667704314, "params": {"C": 1.0063695992011608, "epsilon": 7.99345398088724, "gamma": 0.22435991298238747, "lamda": 0.5192529852195428}, "datetime": {"datetime": "2021-06-28 09:37:09", "elapsed": 382.295607, "delta": 0.685765}}
{"target": -56.444321444415614, "params": {"C": 2.829280923949666, "epsilon": 7.293932866218287, "gamma": 0.1563519770717818, "lamda": 1.092305332640943}, "datetime": {"datetime": "2021-06-28 09:37:26", "elapsed": 398.92371, "delta": 16.628103}}
{"target": -15.359145765024218, "params": {"C": 2.383156538757608, "epsilon": 6.050086408430743, "gamma": 0.3834525619296191, "lamda": 1.1287542616300168}, "datetime": {"datetime": "2021-06-28 09:37:26", "elapsed": 399.683939, "delta": 0.760229}}
{"target": -47.26452903735671, "params": {"C": 2.533270021839778, "epsilon": 1.8479084070783318, "gamma": 0.2558908141377277, "lamda": 2.7867259494778236}, "datetime": {"datetime": "2021-06-28 09:37:38", "elapsed": 410.884026, "delta": 11.200087}}
{"target": -16.008235525976193, "params": {"C": 3.251995479904025, "epsilon": 3.651837569669474, "gamma": 0.49169642701937194, "lamda": 0.0972917646626153}, "datetime": {"datetime": "2021-06-28 09:37:38", "elapsed": 411.771641, "delta": 0.887615}}
{"target": -14.874147553697034, "params": {"C": 5.718060159520761, "epsilon": 5.793319862353106, "gamma": 0.4293221156660367, "lamda": 0.5073831388474419}, "datetime": {"datetime": "2021-06-28 09:37:39", "elapsed": 412.578452, "delta": 0.806811}}
{"target": -13.662393045134388, "params": {"C": 5.662100657868115, "epsilon": 5.3562867265988094, "gamma": 0.2585027827420888, "lamda": 0.7590018839141999}, "datetime": {"datetime": "2021-06-28 09:37:40", "elapsed": 413.565331, "delta": 0.986879}}
{"target": -64.03766101307579, "params": {"C": 2.067425470023807, "epsilon": 3.803419170006795, "gamma": 0.16174180132543745, "lamda": 1.653164571198585}, "datetime": {"datetime": "2021-06-28 09:37:52", "elapsed": 425.138309, "delta": 11.572978}}
{"target": -14.821475997065628, "params": {"C": 3.885661554539588, "epsilon": 1.3393211107466767, "gamma": 0.3433184470368188, "lamda": 0.778623730364171}, "datetime": {"datetime": "2021-06-28 09:37:53", "elapsed": 426.014263, "delta": 0.875954}}
{"target": -14.839097884314931, "params": {"C": 5.735127413525966, "epsilon": 5.533725133747484, "gamma": 0.42570243331233704, "lamda": 0.5963314637108017}, "datetime": {"datetime": "2021-06-28 09:37:53", "elapsed": 426.763729, "delta": 0.749466}}
{"target": -14.22094048072133, "params": {"C": 5.68692803220049, "epsilon": 5.584997565993436, "gamma": 0.3332228986550504, "lamda": 0.6105780761756945}, "datetime": {"datetime": "2021-06-28 09:37:54", "elapsed": 427.640657, "delta": 0.876928}}
{"target": -16.778674407607046, "params": {"C": 1.800390737645139, "epsilon": 1.1230112659600695, "gamma": 0.4117419604136519, "lamda": 0.4350542061274066}, "datetime": {"datetime": "2021-06-28 09:37:55", "elapsed": 428.467032, "delta": 0.826375}}
{"target": -15.029653037882959, "params": {"C": 5.621780982546039, "epsilon": 5.736564345139806, "gamma": 0.44016225397193215, "lamda": 0.4593163691575732}, "datetime": {"datetime": "2021-06-28 09:37:56", "elapsed": 429.27996, "delta": 0.812928}}
{"target": -11.87349824409435, "params": {"C": 4.920227708245259, "epsilon": 1.7222917390876054, "gamma": 0.0235588728859673, "lamda": 0.5115695555771795}, "datetime": {"datetime": "2021-06-28 09:37:57", "elapsed": 430.132075, "delta": 0.852115}}
{"target": -13.633524055368177, "params": {"C": 3.684777086212442, "epsilon": 6.903463832808329, "gamma": 0.2605645439176235, "lamda": 1.3773922630136197}, "datetime": {"datetime": "2021-06-28 09:37:58", "elapsed": 430.961983, "delta": 0.829908}}
{"target": -14.860940567133667, "params": {"C": 5.737607492994492, "epsilon": 5.290014425146238, "gamma": 0.426238292880477, "lamda": 0.9020038708014899}, "datetime": {"datetime": "2021-06-28 09:37:58", "elapsed": 431.705985, "delta": 0.744002}}
{"target": -15.562452808703716, "params": {"C": 3.455842394182366, "epsilon": 0.44778761949827955, "gamma": 0.4089057937541053, "lamda": 1.6268261078133557}, "datetime": {"datetime": "2021-06-28 09:37:59", "elapsed": 432.520291, "delta": 0.814306}}
{"target": -13.695073672357774, "params": {"C": 5.6943352648545815, "epsilon": 5.496627974361447, "gamma": 0.2653525296873945, "lamda": 0.7357697431222444}, "datetime": {"datetime": "2021-06-28 09:38:00", "elapsed": 433.437375, "delta": 0.917084}}
{"target": -15.470533345748638, "params": {"C": 5.667096791221268, "epsilon": 5.661812538251508, "gamma": 0.48722892257079675, "lamda": 0.6759444616861761}, "datetime": {"datetime": "2021-06-28 09:38:01", "elapsed": 434.311141, "delta": 0.873766}}
{"target": -14.007003794288178, "params": {"C": 5.627933722207455, "epsilon": 5.500250851971736, "gamma": 0.3062094817365057, "lamda": 0.7541554939298479}, "datetime": {"datetime": "2021-06-28 09:38:02", "elapsed": 435.267945, "delta": 0.956804}}
{"target": -14.938743758356377, "params": {"C": 1.504618359864706, "epsilon": 3.13918390758038, "gamma": 0.2465736397067154, "lamda": 0.4024293517407074}, "datetime": {"datetime": "2021-06-28 09:38:03", "elapsed": 436.185075, "delta": 0.91713}}
{"target": -16.349059729665054, "params": {"C": 0.9424388868711034, "epsilon": 7.932328413912476, "gamma": 0.29087758225104243, "lamda": 0.39402976801733003}, "datetime": {"datetime": "2021-06-28 09:38:04", "elapsed": 437.057808, "delta": 0.872733}}
{"target": -13.68665360098413, "params": {"C": 5.81749425530558, "epsilon": 5.472641142315584, "gamma": 0.2643670410067029, "lamda": 0.745850096873557}, "datetime": {"datetime": "2021-06-28 09:38:05", "elapsed": 437.841807, "delta": 0.783999}}
{"target": -14.928380942836327, "params": {"C": 3.206129335345494, "epsilon": 7.048257697623119, "gamma": 0.38317393431499847, "lamda": 2.4035547958836885}, "datetime": {"datetime": "2021-06-28 09:38:05", "elapsed": 438.654508, "delta": 0.812701}}
{"target": -13.253733665010458, "params": {"C": 5.851993616723262, "epsilon": 5.519301151867592, "gamma": 0.22624933657059998, "lamda": 0.820706039453178}, "datetime": {"datetime": "2021-06-28 09:38:06", "elapsed": 439.418826, "delta": 0.764318}}
{"target": -13.685148221288514, "params": {"C": 3.3032691965057692, "epsilon": 6.3140125957337245, "gamma": 0.25932938067444056, "lamda": 0.56179296902906}, "datetime": {"datetime": "2021-06-28 09:38:07", "elapsed": 440.329172, "delta": 0.910346}}
{"target": -66.81594665206065, "params": {"C": 5.045991151137296, "epsilon": 7.519871029314461, "gamma": 0.14073341094186062, "lamda": 2.925801667841777}, "datetime": {"datetime": "2021-06-28 09:38:18", "elapsed": 451.296278, "delta": 10.967106}}
{"target": -14.082331200916537, "params": {"C": 5.864962761642659, "epsilon": 5.44504017995651, "gamma": 0.3187969110783913, "lamda": 0.8513295977390526}, "datetime": {"datetime": "2021-06-28 09:38:19", "elapsed": 452.211106, "delta": 0.914828}}
{"target": -15.405151608897263, "params": {"C": 0.912042300214866, "epsilon": 8.028682048353147, "gamma": 0.21488535760084404, "lamda": 0.40610583217907475}, "datetime": {"datetime": "2021-06-28 09:38:20", "elapsed": 453.105524, "delta": 0.894418}}
{"target": -14.20649976691648, "params": {"C": 5.642971723994061, "epsilon": 5.394709479609544, "gamma": 0.33184517619774584, "lamda": 1.0323097062374373}, "datetime": {"datetime": "2021-06-28 09:38:21", "elapsed": 454.02752, "delta": 0.921996}}
{"target": -15.252106375344763, "params": {"C": 5.661693150067729, "epsilon": 5.637601764752213, "gamma": 0.4667026520171322, "lamda": 0.7652290023135138}, "datetime": {"datetime": "2021-06-28 09:38:22", "elapsed": 454.808702, "delta": 0.781182}}
{"target": -53.31194058627491, "params": {"C": 3.923159560193036, "epsilon": 6.888010322671258, "gamma": 0.17934443825888535, "lamda": 2.587040307793494}, "datetime": {"datetime": "2021-06-28 09:38:32", "elapsed": 465.257444, "delta": 10.448742}}
{"target": -13.12709713868788, "params": {"C": 5.817900569070934, "epsilon": 5.432229433151352, "gamma": 0.21689493982758595, "lamda": 0.8536024316653434}, "datetime": {"datetime": "2021-06-28 09:38:33", "elapsed": 466.097444, "delta": 0.84}}
{"target": -14.779614558027923, "params": {"C": 5.6317795025385085, "epsilon": 5.399700640686143, "gamma": 0.4133856922036647, "lamda": 0.9292163922360096}, "datetime": {"datetime": "2021-06-28 09:38:34", "elapsed": 467.096946, "delta": 0.999502}}
{"target": -12.281152663227154, "params": {"C": 2.1751776478293094, "epsilon": 4.176990302378533, "gamma": 0.029999384793236876, "lamda": 0.6737022747345269}, "datetime": {"datetime": "2021-06-28 09:38:35", "elapsed": 468.251996, "delta": 1.15505}}
{"target": -15.294516999990673, "params": {"C": 1.7344752289021315, "epsilon": 3.956824921842064, "gamma": 0.30370297031678767, "lamda": 0.37356833272937484}, "datetime": {"datetime": "2021-06-28 09:38:36", "elapsed": 469.19064, "delta": 0.938644}}
{"target": -13.638957189127385, "params": {"C": 5.663329721365514, "epsilon": 5.396909145929548, "gamma": 0.25710228526502543, "lamda": 0.7621755000470195}, "datetime": {"datetime": "2021-06-28 09:38:37", "elapsed": 470.317194, "delta": 1.126554}}
{"target": -13.127021883588998, "params": {"C": 1.2981905447643012, "epsilon": 0.10330640750779939, "gamma": 0.041979680344926495, "lamda": 2.056928897842267}, "datetime": {"datetime": "2021-06-28 09:38:38", "elapsed": 471.16911, "delta": 0.851916}}
{"target": -14.141751109089848, "params": {"C": 5.711876838173352, "epsilon": 5.460764731713169, "gamma": 0.32419597953658047, "lamda": 1.008011624057368}, "datetime": {"datetime": "2021-06-28 09:38:39", "elapsed": 472.016239, "delta": 0.847129}}
{"target": -14.219427493237143, "params": {"C": 3.674942097530999, "epsilon": 7.003608092512153, "gamma": 0.3090615548766974, "lamda": 1.2567787035835325}, "datetime": {"datetime": "2021-06-28 09:38:40", "elapsed": 472.837766, "delta": 0.821527}}
{"target": -14.34783230617176, "params": {"C": 5.752659783449128, "epsilon": 5.68309195947735, "gamma": 0.35814756467538633, "lamda": 0.5630551734780083}, "datetime": {"datetime": "2021-06-28 09:38:40", "elapsed": 473.755736, "delta": 0.91797}}
{"target": -13.835476164369108, "params": {"C": 5.802630882032989, "epsilon": 5.441241402353344, "gamma": 0.2880630647676051, "lamda": 0.9537950852836001}, "datetime": {"datetime": "2021-06-28 09:38:41", "elapsed": 474.693658, "delta": 0.937922}}
{"target": -11.67972085634247, "params": {"C": 5.044135313620358, "epsilon": 1.6276544279299852, "gamma": 0.031324819112782884, "lamda": 0.4536128397370301}, "datetime": {"datetime": "2021-06-28 09:38:42", "elapsed": 475.583211, "delta": 0.889553}}
{"target": -88.32835351462599, "params": {"C": 3.559880465690879, "epsilon": 4.717648059787885, "gamma": 0.0751507643813312, "lamda": 2.7085542240506633}, "datetime": {"datetime": "2021-06-28 09:39:01", "elapsed": 493.849835, "delta": 18.266624}}
{"target": -15.545327290447473, "params": {"C": 0.9389880681655357, "epsilon": 8.067966164954075, "gamma": 0.2309842308345919, "lamda": 0.51572276419514}, "datetime": {"datetime": "2021-06-28 09:39:02", "elapsed": 494.799497, "delta": 0.949662}}
{"target": -14.475797289166687, "params": {"C": 5.668388218074683, "epsilon": 5.457776724717611, "gamma": 0.37377096550211386, "lamda": 0.6394831598738808}, "datetime": {"datetime": "2021-06-28 09:39:03", "elapsed": 495.876424, "delta": 1.076927}}
{"target": -39.00948314881622, "params": {"C": 3.114356684292093, "epsilon": 6.8957777826186994, "gamma": 0.33244754583855907, "lamda": 2.549156894317852}, "datetime": {"datetime": "2021-06-28 09:39:14", "elapsed": 506.914385, "delta": 11.037961}}
{"target": -93.14915021904179, "params": {"C": 3.914380604936722, "epsilon": 0.6472756079781106, "gamma": 0.06970256204060205, "lamda": 2.621316644135985}, "datetime": {"datetime": "2021-06-28 09:39:33", "elapsed": 526.158037, "delta": 19.243652}}
{"target": -16.04458689470323, "params": {"C": 3.296471826883102, "epsilon": 3.6847048494079506, "gamma": 0.4976033420003798, "lamda": 0.059848254021473715}, "datetime": {"datetime": "2021-06-28 09:39:34", "elapsed": 527.255882, "delta": 1.097845}}
{"target": -14.655235605265817, "params": {"C": 5.684803874857619, "epsilon": 5.698359850096531, "gamma": 0.402135572023332, "lamda": 0.503920988377179}, "datetime": {"datetime": "2021-06-28 09:39:35", "elapsed": 528.16023, "delta": 0.904348}}
{"target": -17.0474099913597, "params": {"C": 1.4001783793300333, "epsilon": 5.760008135246437, "gamma": 0.425476907284653, "lamda": 0.7958976369398948}, "datetime": {"datetime": "2021-06-28 09:39:36", "elapsed": 529.214613, "delta": 1.054383}}
