{"target": -24.629062750305668, "params": {"C": 0.09009251580466436, "epsilon": 8.161644934725341, "gamma": 0.2671947412055698, "lamda": 0.644666900063136}, "datetime": {"datetime": "2021-06-21 19:29:53", "elapsed": 323.741533, "delta": 1.056172}}
{"target": -24.53647341416879, "params": {"C": 0.09006494009602313, "epsilon": 5.260789623913721, "gamma": 0.21565710107197258, "lamda": 0.0759488982521091}, "datetime": {"datetime": "2021-06-21 19:29:55", "elapsed": 325.406082, "delta": 1.664549}}
{"target": -23.154878695361983, "params": {"C": 0.09372136104838998, "epsilon": 7.947863102857267, "gamma": 0.19124313795477282, "lamda": 0.12553121167639908}, "datetime": {"datetime": "2021-06-21 19:29:57", "elapsed": 327.237186, "delta": 1.831104}}
{"target": -30.387530956259358, "params": {"C": 0.0472925690607641, "epsilon": 7.642388818693534, "gamma": 0.6754573506253709, "lamda": 0.07285683763357591}, "datetime": {"datetime": "2021-06-21 19:29:58", "elapsed": 328.241501, "delta": 1.004315}}
{"target": -22.563428488390237, "params": {"C": 0.1, "epsilon": 8.552012068116937, "gamma": 0.18406979942173923, "lamda": 0.1448602681839379}, "datetime": {"datetime": "2021-06-21 19:29:59", "elapsed": 329.539032, "delta": 1.297531}}
{"target": -25.073919859101007, "params": {"C": 0.1, "epsilon": 6.094818261698839, "gamma": 0.29071385184467535, "lamda": 0.5119049308595993}, "datetime": {"datetime": "2021-06-21 19:30:01", "elapsed": 331.915553, "delta": 2.376521}}
{"target": -34.08995763547132, "params": {"C": 0.001, "epsilon": 5.19915296918752, "gamma": 0.1, "lamda": 0.28835691280630027}, "datetime": {"datetime": "2021-06-21 19:30:03", "elapsed": 333.447456, "delta": 1.531903}}
{"target": -22.98430517124256, "params": {"C": 0.07903303241989304, "epsilon": 4.7017016390158535, "gamma": 0.11196107241434052, "lamda": 0.5285097396986274}, "datetime": {"datetime": "2021-06-21 19:30:05", "elapsed": 335.029227, "delta": 1.581771}}
{"target": -21.38901848516511, "params": {"C": 0.1, "epsilon": 7.19425819118655, "gamma": 0.1, "lamda": 0.009}, "datetime": {"datetime": "2021-06-21 19:30:06", "elapsed": 336.272902, "delta": 1.243675}}
{"target": -26.52813989994537, "params": {"C": 0.09004980190775487, "epsilon": 6.610599223917444, "gamma": 0.3993571981160827, "lamda": 0.21756614432793503}, "datetime": {"datetime": "2021-06-21 19:30:07", "elapsed": 337.437786, "delta": 1.164884}}
{"target": -81.86246530994246, "params": {"C": 0.004118748781900262, "epsilon": 8.214871137230485, "gamma": 0.10359664370194124, "lamda": 0.29374666350031914}, "datetime": {"datetime": "2021-06-21 19:30:12", "elapsed": 342.502243, "delta": 5.064457}}
{"target": -26.496132882749144, "params": {"C": 0.030216430239845743, "epsilon": 8.729363703045369, "gamma": 0.1552726828381905, "lamda": 0.1408936878249691}, "datetime": {"datetime": "2021-06-21 19:30:13", "elapsed": 343.51055, "delta": 1.008307}}
{"target": -27.159773114595488, "params": {"C": 0.020614526797242953, "epsilon": 7.139125947105219, "gamma": 0.10168829872158552, "lamda": 0.1165499012430404}, "datetime": {"datetime": "2021-06-21 19:30:14", "elapsed": 344.888862, "delta": 1.378312}}
{"target": -24.934861400616906, "params": {"C": 0.09763057693456481, "epsilon": 8.17605560570595, "gamma": 0.31338356281487495, "lamda": 0.33689997568539226}, "datetime": {"datetime": "2021-06-21 19:30:16", "elapsed": 346.450687, "delta": 1.561825}}
{"target": -21.8818003759993, "params": {"C": 0.1, "epsilon": 5.4158929402198694, "gamma": 0.1, "lamda": 0.3374812785160298}, "datetime": {"datetime": "2021-06-21 19:30:17", "elapsed": 347.883853, "delta": 1.433166}}
{"target": -22.76924641815857, "params": {"C": 0.1, "epsilon": 5.456030052165612, "gamma": 0.1465689143705263, "lamda": 0.4709424105441506}, "datetime": {"datetime": "2021-06-21 19:30:19", "elapsed": 349.902456, "delta": 2.018603}}
{"target": -33.160073077046285, "params": {"C": 0.003897084035621061, "epsilon": 7.026084361599576, "gamma": 0.24005754514781677, "lamda": 0.2973606569862268}, "datetime": {"datetime": "2021-06-21 19:30:21", "elapsed": 351.811351, "delta": 1.908895}}
{"target": -22.968720239447656, "params": {"C": 0.1, "epsilon": 6.285626767556121, "gamma": 0.17152508211336923, "lamda": 0.35021719467022}, "datetime": {"datetime": "2021-06-21 19:30:25", "elapsed": 355.513453, "delta": 3.702102}}
{"target": -31.06013624248415, "params": {"C": 0.00968934634774626, "epsilon": 6.357445877667219, "gamma": 0.15353845571836006, "lamda": 0.4293679532639847}, "datetime": {"datetime": "2021-06-21 19:30:26", "elapsed": 356.787045, "delta": 1.273592}}
{"target": -22.521964768361183, "params": {"C": 0.0986118108312182, "epsilon": 5.2951265319374485, "gamma": 0.13158330589331857, "lamda": 0.14976001538586614}, "datetime": {"datetime": "2021-06-21 19:30:28", "elapsed": 358.390306, "delta": 1.603261}}
{"target": -31.35743225544385, "params": {"C": 0.007700006658851902, "epsilon": 9.642144282166504, "gamma": 0.20730253216225922, "lamda": 0.6642166572979096}, "datetime": {"datetime": "2021-06-21 19:30:30", "elapsed": 360.345078, "delta": 1.954772}}
{"target": -28.91091238952924, "params": {"C": 0.031673556747506534, "epsilon": 9.032361387344373, "gamma": 0.3317834633642889, "lamda": 0.2679944854031261}, "datetime": {"datetime": "2021-06-21 19:30:31", "elapsed": 361.82213, "delta": 1.477052}}
{"target": -29.267953087068115, "params": {"C": 0.06731570097099032, "epsilon": 5.183955600055674, "gamma": 0.5703184667247188, "lamda": 0.19558389943971366}, "datetime": {"datetime": "2021-06-21 19:30:33", "elapsed": 363.272251, "delta": 1.450121}}
{"target": -22.781024594305688, "params": {"C": 0.0957953818207683, "epsilon": 4.8363128565121265, "gamma": 0.13620603204689036, "lamda": 0.018153288111152473}, "datetime": {"datetime": "2021-06-21 19:30:34", "elapsed": 364.649568, "delta": 1.377317}}
{"target": -24.203590416684133, "params": {"C": 0.09841719053523092, "epsilon": 6.407849900650374, "gamma": 0.2352294897881312, "lamda": 0.2637728045208482}, "datetime": {"datetime": "2021-06-21 19:30:36", "elapsed": 366.744969, "delta": 2.095401}}
{"target": -25.447626485659807, "params": {"C": 0.08564843372297731, "epsilon": 5.585030945442929, "gamma": 0.27295534308707886, "lamda": 0.1697245624742783}, "datetime": {"datetime": "2021-06-21 19:30:40", "elapsed": 370.031176, "delta": 3.286207}}
{"target": -22.039622003789823, "params": {"C": 0.08832860286175641, "epsilon": 6.638641115974286, "gamma": 0.1035034358088938, "lamda": 0.10363104235596168}, "datetime": {"datetime": "2021-06-21 19:30:42", "elapsed": 372.143528, "delta": 2.112352}}
{"target": -28.38548432231707, "params": {"C": 0.043664628438468266, "epsilon": 6.303219569896932, "gamma": 0.32896790702343, "lamda": 0.3494575705531605}, "datetime": {"datetime": "2021-06-21 19:30:44", "elapsed": 374.442382, "delta": 2.298854}}
{"target": -23.044684085793833, "params": {"C": 0.09346044368729388, "epsilon": 7.944116434772409, "gamma": 0.18562168659966452, "lamda": 0.12779418612567267}, "datetime": {"datetime": "2021-06-21 19:30:45", "elapsed": 375.727946, "delta": 1.285564}}
{"target": -25.627519339354965, "params": {"C": 0.038495096105440385, "epsilon": 5.156097683286866, "gamma": 0.11744192787072161, "lamda": 0.012166316703923848}, "datetime": {"datetime": "2021-06-21 19:30:47", "elapsed": 377.904125, "delta": 2.176179}}
{"target": -34.1369326672818, "params": {"C": 0.001, "epsilon": 6.239419362567879, "gamma": 0.2587113555830969, "lamda": 0.6971618064153154}, "datetime": {"datetime": "2021-06-21 19:30:49", "elapsed": 379.955639, "delta": 2.051514}}
{"target": -22.066743349444423, "params": {"C": 0.1, "epsilon": 4.5, "gamma": 0.1, "lamda": 0.16221352277705425}, "datetime": {"datetime": "2021-06-21 19:30:51", "elapsed": 381.788736, "delta": 1.833097}}
{"target": -24.350093571362187, "params": {"C": 0.1, "epsilon": 7.345201936999823, "gamma": 0.2627938789273827, "lamda": 0.3517493012543107}, "datetime": {"datetime": "2021-06-21 19:30:54", "elapsed": 384.106539, "delta": 2.317803}}
{"target": -26.52937163174468, "params": {"C": 0.06423336571543026, "epsilon": 8.266487176946725, "gamma": 0.33459486910309744, "lamda": 0.6090798928751066}, "datetime": {"datetime": "2021-06-21 19:30:55", "elapsed": 385.41504, "delta": 1.308501}}
{"target": -21.754500934571393, "params": {"C": 0.09518905355360402, "epsilon": 6.84573867465331, "gamma": 0.10408306568979472, "lamda": 0.2837575944945303}, "datetime": {"datetime": "2021-06-21 19:30:57", "elapsed": 387.311974, "delta": 1.896934}}
{"target": -29.739063110734136, "params": {"C": 0.02799442586281104, "epsilon": 9.163126976215441, "gamma": 0.37734990092305143, "lamda": 0.25651136055247187}, "datetime": {"datetime": "2021-06-21 19:30:58", "elapsed": 388.601519, "delta": 1.289545}}
{"target": -28.253675147095294, "params": {"C": 0.05473683411001255, "epsilon": 7.522908642824321, "gamma": 0.4299849856090564, "lamda": 0.5259742970155078}, "datetime": {"datetime": "2021-06-21 19:30:59", "elapsed": 389.905035, "delta": 1.303516}}
{"target": -21.45689371407822, "params": {"C": 0.1, "epsilon": 6.913875077483539, "gamma": 0.1, "lamda": 0.009}, "datetime": {"datetime": "2021-06-21 19:31:03", "elapsed": 393.090516, "delta": 3.185481}}
{"target": -29.352558642627653, "params": {"C": 0.09347930660530201, "epsilon": 4.514966929742523, "gamma": 0.729896247854256, "lamda": 0.2603973533843288}, "datetime": {"datetime": "2021-06-21 19:31:04", "elapsed": 394.77502, "delta": 1.684504}}
{"target": -30.104101835642165, "params": {"C": 0.04535242344610176, "epsilon": 8.84905379041713, "gamma": 0.647275669795766, "lamda": 0.2576222922664049}, "datetime": {"datetime": "2021-06-21 19:31:06", "elapsed": 396.498404, "delta": 1.723384}}
{"target": -32.92246914923232, "params": {"C": 0.0032597642384873692, "epsilon": 8.44684644881198, "gamma": 0.21252007248482466, "lamda": 0.22968914771901947}, "datetime": {"datetime": "2021-06-21 19:31:09", "elapsed": 399.009716, "delta": 2.511312}}
{"target": -22.221163931959246, "params": {"C": 0.09864995123604636, "epsilon": 7.325547143729546, "gamma": 0.14063167009890376, "lamda": 0.3051620530023384}, "datetime": {"datetime": "2021-06-21 19:31:11", "elapsed": 401.431857, "delta": 2.422141}}
{"target": -25.384109470612355, "params": {"C": 0.1, "epsilon": 8.575235164750584, "gamma": 0.3798251768032675, "lamda": 0.15654105339893945}, "datetime": {"datetime": "2021-06-21 19:31:13", "elapsed": 403.725723, "delta": 2.293866}}
{"target": -25.194853925734904, "params": {"C": 0.1, "epsilon": 8.583819503185522, "gamma": 0.35971804709167515, "lamda": 0.3766055834400014}, "datetime": {"datetime": "2021-06-21 19:31:16", "elapsed": 406.375637, "delta": 2.649914}}
{"target": -22.765488626632756, "params": {"C": 0.06638642685071484, "epsilon": 6.907667987763178, "gamma": 0.10240380627286631, "lamda": 0.18102019040433093}, "datetime": {"datetime": "2021-06-21 19:31:19", "elapsed": 409.09588, "delta": 2.720243}}
{"target": -22.553315143020242, "params": {"C": 0.08859591859661728, "epsilon": 4.681403763164492, "gamma": 0.10588010352121696, "lamda": 0.1430781818619372}, "datetime": {"datetime": "2021-06-21 19:31:21", "elapsed": 411.24613, "delta": 2.15025}}
{"target": -22.04555140721489, "params": {"C": 0.1, "epsilon": 4.5, "gamma": 0.1, "lamda": 0.02348923717009384}, "datetime": {"datetime": "2021-06-21 19:31:23", "elapsed": 413.027367, "delta": 1.781237}}
{"target": -34.24710242442182, "params": {"C": 0.001, "epsilon": 4.5, "gamma": 0.1, "lamda": 0.10256059077669037}, "datetime": {"datetime": "2021-06-21 19:31:25", "elapsed": 415.243004, "delta": 2.215637}}
{"target": -83.61468049510304, "params": {"C": 4.170803025021038, "epsilon": 7.20352460992814, "gamma": 0.10008006237214143, "lamda": 0.21791180768860127}, "datetime": {"datetime": "2021-06-21 19:40:12", "elapsed": 0.0, "delta": 0.0}}
{"target": -14.989111459541462, "params": {"C": 1.4684121522803133, "epsilon": 0.9242936090932092, "gamma": 0.23038214796436965, "lamda": 0.24778246238674598}, "datetime": {"datetime": "2021-06-21 19:40:12", "elapsed": 0.187499, "delta": 0.187499}}
{"target": -14.938104353141798, "params": {"C": 3.968277974832469, "epsilon": 5.388628523299567, "gamma": 0.3934361600823064, "lamda": 0.4824866747741608}, "datetime": {"datetime": "2021-06-21 19:40:13", "elapsed": 0.384969, "delta": 0.19747}}
{"target": -79.17205416104673, "params": {"C": 2.045318045065443, "epsilon": 8.781296246473064, "gamma": 0.11917131523854832, "lamda": 0.4722930495332759}, "datetime": {"datetime": "2021-06-21 19:40:17", "elapsed": 5.202091, "delta": 4.817122}}
{"target": -12.961465267519614, "params": {"C": 4.173630718868903, "epsilon": 5.587339594629071, "gamma": 0.19827085701666364, "lamda": 0.14588812895765124}, "datetime": {"datetime": "2021-06-21 19:40:18", "elapsed": 5.377619, "delta": 0.175528}}
{"target": -13.721301236707614, "params": {"C": 8.00764494218669, "epsilon": 9.682647495618255, "gamma": 0.31939692471147, "lamda": 0.487394927427496}, "datetime": {"datetime": "2021-06-21 19:40:18", "elapsed": 5.563124, "delta": 0.185505}}
{"target": -12.542526432798, "params": {"C": 8.764015133808087, "epsilon": 8.946172028374969, "gamma": 0.15953094795884454, "lamda": 0.03598685521392171}, "datetime": {"datetime": "2021-06-21 19:40:18", "elapsed": 5.755609, "delta": 0.192485}}
{"target": -12.96028854840518, "params": {"C": 1.6991343652261244, "epsilon": 8.781546891790702, "gamma": 0.16884278368313507, "lamda": 0.29998536887849103}, "datetime": {"datetime": "2021-06-21 19:40:18", "elapsed": 5.947096, "delta": 0.191487}}
{"target": -16.37102326854457, "params": {"C": 9.578937411974868, "epsilon": 5.332119684445198, "gamma": 0.5843139797653314, "lamda": 0.2270213010251895}, "datetime": {"datetime": "2021-06-21 19:40:18", "elapsed": 6.123624, "delta": 0.176528}}
{"target": -73.74258757422298, "params": {"C": 6.865322775888155, "epsilon": 8.346422093301832, "gamma": 0.11280179414093428, "lamda": 0.5273497216269725}, "datetime": {"datetime": "2021-06-21 19:40:23", "elapsed": 10.457036, "delta": 4.333412}}
{"target": -29.97020350434757, "params": {"C": 0.07819083998522648, "epsilon": 1.6194474811927493, "gamma": 0.596558323918999, "lamda": 0.5374331695631962}, "datetime": {"datetime": "2021-06-21 19:40:23", "elapsed": 10.698392, "delta": 0.241356}}
{"target": -15.691280268552926, "params": {"C": 4.426130617237169, "epsilon": 4.135293608632736, "gamma": 0.4834634620499696, "lamda": 0.5232432928684881}, "datetime": {"datetime": "2021-06-21 19:40:23", "elapsed": 10.894867, "delta": 0.196475}}
{"target": -18.58809639754973, "params": {"C": 6.234233477099597, "epsilon": 2.233022141477146, "gamma": 0.7713662529162276, "lamda": 0.5650373453442703}, "datetime": {"datetime": "2021-06-21 19:40:23", "elapsed": 11.077379, "delta": 0.182512}}
{"target": -25.923881894926826, "params": {"C": 0.21304153025263575, "epsilon": 8.079004515027584, "gamma": 0.7753988787722318, "lamda": 0.4941324618253245}, "datetime": {"datetime": "2021-06-21 19:40:23", "elapsed": 11.286818, "delta": 0.209439}}
{"target": -13.475861123904076, "params": {"C": 3.644827496482718, "epsilon": 0.2249587132244614, "gamma": 0.20669004233772453, "lamda": 0.6803213730021184}, "datetime": {"datetime": "2021-06-21 19:40:24", "elapsed": 11.548119, "delta": 0.261301}}
{"target": -17.115899109764936, "params": {"C": 9.953006779477331, "epsilon": 3.2523998863212302, "gamma": 0.6718061880925927, "lamda": 0.03984206443972331}, "datetime": {"datetime": "2021-06-21 19:40:24", "elapsed": 11.759553, "delta": 0.211434}}
{"target": -17.141056091268243, "params": {"C": 9.812331708491675, "epsilon": 2.7049028674822413, "gamma": 0.6661495126488377, "lamda": 0.31757249850102054}, "datetime": {"datetime": "2021-06-21 19:40:24", "elapsed": 11.971987, "delta": 0.212434}}
{"target": -15.004198403074351, "params": {"C": 3.249432738228721, "epsilon": 6.358178380441755, "gamma": 0.38035357655264246, "lamda": 0.5283243667409917}, "datetime": {"datetime": "2021-06-21 19:40:24", "elapsed": 12.214337, "delta": 0.24235}}
{"target": -15.758626415860174, "params": {"C": 3.0598062954837726, "epsilon": 6.766856386826254, "gamma": 0.4859672097924863, "lamda": 0.22725764848730964}, "datetime": {"datetime": "2021-06-21 19:40:25", "elapsed": 12.450706, "delta": 0.236369}}
{"target": -12.25876839291328, "params": {"C": 3.9724481236753726, "epsilon": 1.94258478629551, "gamma": 0.13699918387580987, "lamda": 0.24736185354741155}, "datetime": {"datetime": "2021-06-21 19:40:25", "elapsed": 12.685078, "delta": 0.234372}}
{"target": -24.17350636382844, "params": {"C": 0.09562705793403134, "epsilon": 5.502492130343922, "gamma": 0.21339179341470654, "lamda": 0.3391592466281598}, "datetime": {"datetime": "2021-06-21 19:40:25", "elapsed": 12.896513, "delta": 0.211435}}
{"target": -15.144590082953505, "params": {"C": 3.3241942999649745, "epsilon": 4.848440272629768, "gamma": 0.3917784160818304, "lamda": 0.5761937228982944}, "datetime": {"datetime": "2021-06-21 19:40:25", "elapsed": 13.110939, "delta": 0.214426}}
{"target": -16.49660339454871, "params": {"C": 2.3413366849364894, "epsilon": 4.470571554931596, "gamma": 0.4850767991317916, "lamda": 0.6648852370113734}, "datetime": {"datetime": "2021-06-21 19:40:26", "elapsed": 13.343318, "delta": 0.232379}}
{"target": -17.67795714198685, "params": {"C": 1.1795927607675385, "epsilon": 5.505760426671007, "gamma": 0.4440255983214775, "lamda": 0.10985874753270834}, "datetime": {"datetime": "2021-06-21 19:40:26", "elapsed": 13.572706, "delta": 0.229388}}
{"target": -13.850748903528418, "params": {"C": 2.6279393666214075, "epsilon": 0.21931671926002438, "gamma": 0.2172288620378674, "lamda": 0.45236492756124164}, "datetime": {"datetime": "2021-06-21 19:40:26", "elapsed": 13.828022, "delta": 0.255316}}
{"target": -16.65976737501487, "params": {"C": 1.9616169163329937, "epsilon": 4.0042907628001885, "gamma": 0.4607298984496745, "lamda": 0.05742952239367643}, "datetime": {"datetime": "2021-06-21 19:40:26", "elapsed": 14.048434, "delta": 0.220412}}
{"target": -18.882295216265387, "params": {"C": 1.808704408257476, "epsilon": 2.7184411736513026, "gamma": 0.662478432356365, "lamda": 0.45679463362302575}, "datetime": {"datetime": "2021-06-21 19:40:26", "elapsed": 14.296769, "delta": 0.248335}}
{"target": -19.97721487220263, "params": {"C": 1.3379960644767, "epsilon": 5.078978237379104, "gamma": 0.7223723254747821, "lamda": 0.40091038825498676}, "datetime": {"datetime": "2021-06-21 19:40:27", "elapsed": 14.541117, "delta": 0.244348}}
{"target": -18.640454832473395, "params": {"C": 1.5172164173904117, "epsilon": 2.0434369449783087, "gamma": 0.5707329486971008, "lamda": 0.6134949958458799}, "datetime": {"datetime": "2021-06-21 19:40:27", "elapsed": 14.789453, "delta": 0.248336}}
{"target": -11.871409634520996, "params": {"C": 8.180601448167693, "epsilon": 1.6361035940574444, "gamma": 0.11052325224926751, "lamda": 0.12024319763848494}, "datetime": {"datetime": "2021-06-21 19:40:27", "elapsed": 15.019837, "delta": 0.230384}}
{"target": -15.481342596332254, "params": {"C": 9.860110884688043, "epsilon": 7.083568071342914, "gamma": 0.50775914959107, "lamda": 0.5245719761374172}, "datetime": {"datetime": "2021-06-21 19:40:27", "elapsed": 15.272161, "delta": 0.252324}}
{"target": -14.255743272583787, "params": {"C": 8.99009133428202, "epsilon": 4.522742268626177, "gamma": 0.3794504052885328, "lamda": 0.22426599258766586}, "datetime": {"datetime": "2021-06-21 19:40:28", "elapsed": 15.521495, "delta": 0.249334}}
{"target": -13.84447217206836, "params": {"C": 7.0173091106660435, "epsilon": 3.8429740724241253, "gamma": 0.2878557454912133, "lamda": 0.347025714687384}, "datetime": {"datetime": "2021-06-21 19:40:28", "elapsed": 15.780801, "delta": 0.259306}}
{"target": -15.88416300433019, "params": {"C": 9.942388604140701, "epsilon": 2.559160596528501, "gamma": 0.5330401822223941, "lamda": 0.2645578581754964}, "datetime": {"datetime": "2021-06-21 19:40:28", "elapsed": 16.024149, "delta": 0.243348}}
{"target": -13.221854515385564, "params": {"C": 8.189682697756483, "epsilon": 1.6611678715373914, "gamma": 0.20053804112672083, "lamda": 0.22848792086838396}, "datetime": {"datetime": "2021-06-21 19:40:28", "elapsed": 16.305397, "delta": 0.281248}}
{"target": -13.941602799753419, "params": {"C": 1.4410359495205693, "epsilon": 8.869277370296304, "gamma": 0.21222592992451716, "lamda": 0.24085382538236036}, "datetime": {"datetime": "2021-06-21 19:40:29", "elapsed": 16.920753, "delta": 0.615356}}
{"target": -18.438403486824022, "params": {"C": 5.393106001162706, "epsilon": 3.921335319493964, "gamma": 0.7560735256184651, "lamda": 0.30036187664028857}, "datetime": {"datetime": "2021-06-21 19:40:29", "elapsed": 17.187041, "delta": 0.266288}}
{"target": -14.536181797067352, "params": {"C": 4.885501789487967, "epsilon": 0.6428842123913582, "gamma": 0.33074571371637923, "lamda": 0.4513649494287535}, "datetime": {"datetime": "2021-06-21 19:40:30", "elapsed": 17.522144, "delta": 0.335103}}
{"target": -15.962502763650544, "params": {"C": 1.635873555781653, "epsilon": 8.672464732644999, "gamma": 0.389481207489202, "lamda": 0.17540828007312753}, "datetime": {"datetime": "2021-06-21 19:40:30", "elapsed": 18.229253, "delta": 0.707109}}
{"target": -16.68653904524082, "params": {"C": 6.55097812024532, "epsilon": 2.178289230750392, "gamma": 0.5918586071098894, "lamda": 0.6357353974632008}, "datetime": {"datetime": "2021-06-21 19:40:31", "elapsed": 18.492548, "delta": 0.263295}}
{"target": -14.302356603304167, "params": {"C": 3.829921040190932, "epsilon": 5.763699347281608, "gamma": 0.3107044831452058, "lamda": 0.25423162679447925}, "datetime": {"datetime": "2021-06-21 19:40:31", "elapsed": 19.192677, "delta": 0.700129}}
{"target": -11.654092251230127, "params": {"C": 3.7939551908170612, "epsilon": 5.4333154379541595, "gamma": 0.10137647653190775, "lamda": 0.18306794507455332}, "datetime": {"datetime": "2021-06-21 19:40:32", "elapsed": 20.088283, "delta": 0.895606}}
