{"target": -12.410774415643736, "params": {"C": 5.758851601624078, "epsilon": 7.9430010081252655, "gamma": 0.01, "lamda": 1.0}, "datetime": {"datetime": "2021-06-26 19:36:58", "elapsed": 9.544137, "delta": 0.955156}}
{"target": -12.344280893303653, "params": {"C": 6.018630155106172, "epsilon": 9.930091848501158, "gamma": 0.01, "lamda": 1.0}, "datetime": {"datetime": "2021-06-26 19:36:59", "elapsed": 10.740243, "delta": 1.196106}}
{"target": -11.683578174006897, "params": {"C": 7.608386585671817, "epsilon": 8.895293919540533, "gamma": 0.01, "lamda": 0.1}, "datetime": {"datetime": "2021-06-26 19:37:01", "elapsed": 12.023526, "delta": 1.283283}}
{"target": -56.35291427053407, "params": {"C": 9.013333493940838, "epsilon": 10.0, "gamma": 0.01, "lamda": 1.0}, "datetime": {"datetime": "2021-06-26 19:37:16", "elapsed": 27.518779, "delta": 15.495253}}
{"target": -11.852729783904978, "params": {"C": 7.383916688065632, "epsilon": 6.99099774836811, "gamma": 0.01, "lamda": 0.1}, "datetime": {"datetime": "2021-06-26 19:37:18", "elapsed": 28.871206, "delta": 1.352427}}
{"target": -15.633309504595882, "params": {"C": 0.8786076462051022, "epsilon": 9.289826988940376, "gamma": 0.01, "lamda": 1.0}, "datetime": {"datetime": "2021-06-26 19:37:19", "elapsed": 30.769158, "delta": 1.897952}}
{"target": -15.323013617429437, "params": {"C": 1.005145315959846, "epsilon": 6.572779890540452, "gamma": 0.01, "lamda": 0.1}, "datetime": {"datetime": "2021-06-26 19:37:21", "elapsed": 31.932133, "delta": 1.162975}}
{"target": -22.14477868921856, "params": {"C": 7.048223079795059, "epsilon": 8.184350139788835, "gamma": 1.4178960604047337, "lamda": 0.1}, "datetime": {"datetime": "2021-06-26 19:37:27", "elapsed": 38.701213, "delta": 6.76908}}
{"target": -11.92785799203901, "params": {"C": 8.5079658569333, "epsilon": 4.891902580244415, "gamma": 0.01, "lamda": 0.1}, "datetime": {"datetime": "2021-06-26 19:37:29", "elapsed": 40.268692, "delta": 1.567479}}
{"target": -56.27031547402815, "params": {"C": 10.0, "epsilon": 3.5642887561737413, "gamma": 0.01, "lamda": 1.0}, "datetime": {"datetime": "2021-06-26 19:37:42", "elapsed": 53.441221, "delta": 13.172529}}
{"target": -12.168791800291974, "params": {"C": 6.735787956131774, "epsilon": 5.0167168161935205, "gamma": 0.01, "lamda": 0.1}, "datetime": {"datetime": "2021-06-26 19:37:43", "elapsed": 54.579162, "delta": 1.137941}}
{"target": -23.94335465037529, "params": {"C": 7.71542403961639, "epsilon": 5.274610046599448, "gamma": 1.875247676111039, "lamda": 0.1}, "datetime": {"datetime": "2021-06-26 19:37:44", "elapsed": 55.696161, "delta": 1.116999}}
{"target": -32.14225782934822, "params": {"C": 0.1, "epsilon": 7.697861348287826, "gamma": 2.0, "lamda": 1.0}, "datetime": {"datetime": "2021-06-26 19:37:45", "elapsed": 56.528203, "delta": 0.832042}}
{"target": -13.034834658880435, "params": {"C": 2.4513556843837283, "epsilon": 10.0, "gamma": 0.01, "lamda": 0.1}, "datetime": {"datetime": "2021-06-26 19:37:47", "elapsed": 57.825112, "delta": 1.296909}}
{"target": -12.948151364691418, "params": {"C": 5.078482250525181, "epsilon": 0.001, "gamma": 0.01, "lamda": 0.1}, "datetime": {"datetime": "2021-06-26 19:37:48", "elapsed": 58.895793, "delta": 1.070681}}
{"target": -24.8751371864589, "params": {"C": 6.111065678211756, "epsilon": 0.001, "gamma": 2.0, "lamda": 0.1}, "datetime": {"datetime": "2021-06-26 19:37:50", "elapsed": 60.957164, "delta": 2.061371}}
{"target": -13.118482085921224, "params": {"C": 3.7581438416471897, "epsilon": 1.705192930206459, "gamma": 0.01, "lamda": 0.1}, "datetime": {"datetime": "2021-06-26 19:37:51", "elapsed": 62.557262, "delta": 1.600098}}
{"target": -13.962708679979558, "params": {"C": 1.9945770597936932, "epsilon": 3.742773599466021, "gamma": 0.01, "lamda": 0.1}, "datetime": {"datetime": "2021-06-26 19:37:53", "elapsed": 64.095153, "delta": 1.537891}}
{"target": -12.515211444854057, "params": {"C": 5.989803203468154, "epsilon": 2.219163044440549, "gamma": 0.01, "lamda": 0.1}, "datetime": {"datetime": "2021-06-26 19:37:54", "elapsed": 65.411218, "delta": 1.316065}}
{"target": -21.86784954972593, "params": {"C": 0.1, "epsilon": 4.650411069087126, "gamma": 0.01, "lamda": 1.0}, "datetime": {"datetime": "2021-06-26 19:37:55", "elapsed": 66.521252, "delta": 1.110034}}
{"target": -11.811374864863684, "params": {"C": 9.095018826188904, "epsilon": 6.562492572936752, "gamma": 0.01, "lamda": 0.1}, "datetime": {"datetime": "2021-06-26 19:37:56", "elapsed": 67.508607, "delta": 0.987355}}
{"target": -12.298138112836506, "params": {"C": 7.700277552007952, "epsilon": 0.001, "gamma": 0.01, "lamda": 0.1}, "datetime": {"datetime": "2021-06-26 19:37:57", "elapsed": 68.504944, "delta": 0.996337}}
{"target": -24.486248472998586, "params": {"C": 9.727045217320699, "epsilon": 0.001, "gamma": 2.0, "lamda": 0.1}, "datetime": {"datetime": "2021-06-26 19:37:58", "elapsed": 69.438446, "delta": 0.933502}}
{"target": -12.582526185106566, "params": {"C": 6.411937134158895, "epsilon": 0.7912321081007648, "gamma": 0.01, "lamda": 1.0}, "datetime": {"datetime": "2021-06-26 19:37:59", "elapsed": 70.54813, "delta": 1.109684}}
{"target": -25.338577043326225, "params": {"C": 2.5490606030553784, "epsilon": 10.0, "gamma": 2.0, "lamda": 1.0}, "datetime": {"datetime": "2021-06-26 19:38:00", "elapsed": 71.690294, "delta": 1.142164}}
{"target": -25.59823932671267, "params": {"C": 3.3049581479947645, "epsilon": 2.0850157108567626, "gamma": 2.0, "lamda": 0.1}, "datetime": {"datetime": "2021-06-26 19:38:01", "elapsed": 72.62234, "delta": 0.932046}}
{"target": -13.35201232533016, "params": {"C": 3.5371848955243603, "epsilon": 0.001, "gamma": 0.01, "lamda": 1.0}, "datetime": {"datetime": "2021-06-26 19:38:03", "elapsed": 73.970455, "delta": 1.348115}}
{"target": -13.538077532250526, "params": {"C": 2.4757589486560807, "epsilon": 6.1382503182590735, "gamma": 0.01, "lamda": 1.0}, "datetime": {"datetime": "2021-06-26 19:38:04", "elapsed": 75.278441, "delta": 1.307986}}
{"target": -12.582853031946172, "params": {"C": 4.228517846555483, "epsilon": 7.20352460992814, "gamma": 0.010227605886516325, "lamda": 0.3720993153686558}, "datetime": {"datetime": "2021-06-26 19:38:43", "elapsed": 0.0, "delta": 0.0}}
{"target": -16.935412682588925, "params": {"C": 1.5528833190894193, "epsilon": 0.9242936090932092, "gamma": 0.3806578206415651, "lamda": 0.411004654338743}, "datetime": {"datetime": "2021-06-26 19:38:43", "elapsed": 0.512695, "delta": 0.512695}}
{"target": -19.297747758227374, "params": {"C": 4.027997994883632, "epsilon": 5.388628523299567, "gamma": 0.8441970836625566, "lamda": 0.7166975503570835}, "datetime": {"datetime": "2021-06-26 19:38:44", "elapsed": 1.050189, "delta": 0.537494}}
{"target": -31.087424492849824, "params": {"C": 0.1764265742427985, "epsilon": 1.6194474811927493, "gamma": 1.4216443779982968, "lamda": 0.7882631730924409}, "datetime": {"datetime": "2021-06-26 19:38:44", "elapsed": 1.624435, "delta": 0.574246}}
{"target": -21.068007618435967, "params": {"C": 4.481317442809077, "epsilon": 4.135293608632736, "gamma": 1.1001318421134847, "lamda": 0.7697814234177126}, "datetime": {"datetime": "2021-06-26 19:38:45", "elapsed": 2.236358, "delta": 0.611923}}
{"target": -16.42934637662395, "params": {"C": 1.4544329602857997, "epsilon": 1.054207983624296, "gamma": 0.3186941074393654, "lamda": 0.42271513072742506}, "datetime": {"datetime": "2021-06-26 19:38:45", "elapsed": 2.926336, "delta": 0.689978}}
{"target": -12.76958673886941, "params": {"C": 3.378036895279039, "epsilon": 7.930316669794554, "gamma": 0.18951296592635228, "lamda": 0.5340126045443992}, "datetime": {"datetime": "2021-06-26 19:38:48", "elapsed": 5.764509, "delta": 2.838173}}
{"target": -12.306372212925506, "params": {"C": 4.724050699615104, "epsilon": 8.666739260014332, "gamma": 0.01, "lamda": 0.1}, "datetime": {"datetime": "2021-06-26 19:38:50", "elapsed": 7.247338, "delta": 1.482829}}
{"target": -23.799712672194925, "params": {"C": 4.495221097636965, "epsilon": 8.17154903374266, "gamma": 1.7406833521571579, "lamda": 0.1}, "datetime": {"datetime": "2021-06-26 19:38:52", "elapsed": 8.975305, "delta": 1.727967}}
{"target": -12.874531878753162, "params": {"C": 3.8776926993515777, "epsilon": 9.26047854125008, "gamma": 0.01, "lamda": 1.0}, "datetime": {"datetime": "2021-06-26 19:38:54", "elapsed": 11.615757, "delta": 2.640452}}
{"target": -12.410796372230486, "params": {"C": 5.758652205867492, "epsilon": 7.943744504721946, "gamma": 0.01, "lamda": 1.0}, "datetime": {"datetime": "2021-06-26 19:38:56", "elapsed": 13.253362, "delta": 1.637605}}
{"target": -12.344483820857462, "params": {"C": 6.017682441405439, "epsilon": 9.931151486324202, "gamma": 0.01, "lamda": 1.0}, "datetime": {"datetime": "2021-06-26 19:38:57", "elapsed": 14.645637, "delta": 1.392275}}
{"target": -11.683550677654992, "params": {"C": 7.6077077911641835, "epsilon": 8.896628297163865, "gamma": 0.01, "lamda": 0.1}, "datetime": {"datetime": "2021-06-26 19:38:59", "elapsed": 16.111776, "delta": 1.466139}}
{"target": -55.707260970364636, "params": {"C": 9.014268028948695, "epsilon": 10.0, "gamma": 0.01, "lamda": 1.0}, "datetime": {"datetime": "2021-06-26 19:39:13", "elapsed": 30.535031, "delta": 14.423255}}
{"target": -11.853011837042548, "params": {"C": 7.380409063239992, "epsilon": 7.000220727626319, "gamma": 0.01, "lamda": 0.1}, "datetime": {"datetime": "2021-06-26 19:39:14", "elapsed": 31.69691, "delta": 1.161879}}
{"target": -15.636635184672066, "params": {"C": 0.8861081087909549, "epsilon": 9.280185072820316, "gamma": 0.01, "lamda": 1.0}, "datetime": {"datetime": "2021-06-26 19:39:16", "elapsed": 33.059033, "delta": 1.362123}}
{"target": -15.304524717076454, "params": {"C": 1.0167625529463926, "epsilon": 6.57104411721712, "gamma": 0.01, "lamda": 0.1}, "datetime": {"datetime": "2021-06-26 19:39:17", "elapsed": 34.118971, "delta": 1.059938}}
{"target": -22.100496022138113, "params": {"C": 7.04300593008179, "epsilon": 8.195033439311155, "gamma": 1.4094680574787244, "lamda": 0.1}, "datetime": {"datetime": "2021-06-26 19:39:18", "elapsed": 35.398104, "delta": 1.279133}}
{"target": -11.925989114286306, "params": {"C": 8.503722885537105, "epsilon": 4.917963392156463, "gamma": 0.01, "lamda": 0.1}, "datetime": {"datetime": "2021-06-26 19:39:20", "elapsed": 36.972876, "delta": 1.574772}}
{"target": -58.978316824338116, "params": {"C": 10.0, "epsilon": 3.6110569219041193, "gamma": 0.01, "lamda": 1.0}, "datetime": {"datetime": "2021-06-26 19:39:33", "elapsed": 50.30934, "delta": 13.336464}}
{"target": -12.170187706671069, "params": {"C": 6.7286045316272975, "epsilon": 5.015059032023284, "gamma": 0.01, "lamda": 0.1}, "datetime": {"datetime": "2021-06-26 19:39:34", "elapsed": 51.403155, "delta": 1.093815}}
{"target": -24.037520513036025, "params": {"C": 7.692737004675659, "epsilon": 5.2890413897854245, "gamma": 1.8979118776254218, "lamda": 0.1}, "datetime": {"datetime": "2021-06-26 19:39:35", "elapsed": 52.367135, "delta": 0.96398}}
{"target": -32.14545566158839, "params": {"C": 0.1, "epsilon": 7.683340378950639, "gamma": 2.0, "lamda": 1.0}, "datetime": {"datetime": "2021-06-26 19:39:36", "elapsed": 53.19941, "delta": 0.832275}}
{"target": -14.137068865872884, "params": {"C": 1.789578866955552, "epsilon": 4.083847715985492, "gamma": 0.01, "lamda": 0.1}, "datetime": {"datetime": "2021-06-26 19:39:37", "elapsed": 54.334376, "delta": 1.134966}}
{"target": -13.207660242180651, "params": {"C": 3.361040337463931, "epsilon": 2.101862181904543, "gamma": 0.01, "lamda": 0.1}, "datetime": {"datetime": "2021-06-26 19:39:38", "elapsed": 55.462234, "delta": 1.127858}}
{"target": -12.956776362497436, "params": {"C": 5.026635997028034, "epsilon": 0.06233897038029342, "gamma": 0.01, "lamda": 0.1}, "datetime": {"datetime": "2021-06-26 19:39:39", "elapsed": 56.715273, "delta": 1.253039}}
{"target": -25.201903808277333, "params": {"C": 4.767241153369756, "epsilon": 0.883057145283844, "gamma": 2.0, "lamda": 0.1}, "datetime": {"datetime": "2021-06-26 19:39:40", "elapsed": 57.830878, "delta": 1.115605}}
{"target": -12.108905838037227, "params": {"C": 7.2003561153254605, "epsilon": 0.11651321566197999, "gamma": 0.015549468787553956, "lamda": 0.5039516342020006}, "datetime": {"datetime": "2021-06-26 19:39:42", "elapsed": 58.981801, "delta": 1.150923}}
{"target": -12.49902008845246, "params": {"C": 6.189998419360192, "epsilon": 2.024131429699384, "gamma": 0.01, "lamda": 0.1}, "datetime": {"datetime": "2021-06-26 19:39:43", "elapsed": 60.247167, "delta": 1.265366}}
{"target": -24.643658233996213, "params": {"C": 8.116757296803284, "epsilon": 0.001, "gamma": 2.0, "lamda": 0.1}, "datetime": {"datetime": "2021-06-26 19:39:44", "elapsed": 61.248702, "delta": 1.001535}}
{"target": -11.80998797422328, "params": {"C": 9.051017924829459, "epsilon": 6.58130371210708, "gamma": 0.01, "lamda": 0.1}, "datetime": {"datetime": "2021-06-26 19:39:45", "elapsed": 62.493311, "delta": 1.244609}}
{"target": -17.333140133941445, "params": {"C": 2.480613400940335, "epsilon": 9.989406315330019, "gamma": 0.6293713410822735, "lamda": 0.2778219480293694}, "datetime": {"datetime": "2021-06-26 19:39:46", "elapsed": 63.561994, "delta": 1.068683}}
{"target": -21.84947582440856, "params": {"C": 0.1, "epsilon": 4.745202555287263, "gamma": 0.01, "lamda": 1.0}, "datetime": {"datetime": "2021-06-26 19:39:47", "elapsed": 64.640135, "delta": 1.078141}}
{"target": -12.172003789729384, "params": {"C": 7.867964384231648, "epsilon": 5.904714549040295, "gamma": 0.12911931156275086, "lamda": 0.9866543949410721}, "datetime": {"datetime": "2021-06-26 19:39:48", "elapsed": 65.847033, "delta": 1.206898}}
{"target": -13.520131442416794, "params": {"C": 2.4978715345944575, "epsilon": 6.216751766212807, "gamma": 0.01, "lamda": 1.0}, "datetime": {"datetime": "2021-06-26 19:39:50", "elapsed": 67.123823, "delta": 1.27679}}
{"target": -12.721502307913699, "params": {"C": 5.760594163370506, "epsilon": 0.9448953786167492, "gamma": 0.01, "lamda": 1.0}, "datetime": {"datetime": "2021-06-26 19:39:51", "elapsed": 68.145541, "delta": 1.021718}}
{"target": -26.05893239232483, "params": {"C": 1.9909826303160654, "epsilon": 4.786752303315686, "gamma": 2.0, "lamda": 0.1}, "datetime": {"datetime": "2021-06-26 19:39:52", "elapsed": 69.185385, "delta": 1.039844}}
{"target": -12.68170234194346, "params": {"C": 3.316658563969161, "epsilon": 0.13664497194721326, "gamma": 0.016728124733087293, "lamda": 0.7186183101357468}, "datetime": {"datetime": "2021-06-26 19:39:53", "elapsed": 70.511097, "delta": 1.325712}}
{"target": -12.472177934746282, "params": {"C": 6.296857885286107, "epsilon": 3.490244390515015, "gamma": 0.01, "lamda": 1.0}, "datetime": {"datetime": "2021-06-26 19:39:54", "elapsed": 71.638259, "delta": 1.127162}}
{"target": -13.917722966942195, "params": {"C": 2.3042592816236693, "epsilon": 2.6739324642820907, "gamma": 0.01, "lamda": 1.0}, "datetime": {"datetime": "2021-06-26 19:39:55", "elapsed": 72.788296, "delta": 1.150037}}
{"target": -11.985288063028424, "params": {"C": 6.3538653212618526, "epsilon": 8.97240296245964, "gamma": 0.01, "lamda": 0.1}, "datetime": {"datetime": "2021-06-26 19:39:57", "elapsed": 74.221426, "delta": 1.43313}}
{"target": -20.558500682312925, "params": {"C": 0.1, "epsilon": 10.0, "gamma": 0.01, "lamda": 0.1}, "datetime": {"datetime": "2021-06-26 19:39:58", "elapsed": 75.785772, "delta": 1.564346}}
{"target": -12.922218734137758, "params": {"C": 4.700781740024675, "epsilon": 2.4630442650467215, "gamma": 0.01, "lamda": 1.0}, "datetime": {"datetime": "2021-06-26 19:40:00", "elapsed": 77.220418, "delta": 1.434646}}
{"target": -24.67249267899955, "params": {"C": 4.989373401433036, "epsilon": 10.0, "gamma": 2.0, "lamda": 1.0}, "datetime": {"datetime": "2021-06-26 19:40:01", "elapsed": 78.335673, "delta": 1.115255}}
{"target": -12.296685066763091, "params": {"C": 10.0, "epsilon": 0.001, "gamma": 0.01, "lamda": 0.1}, "datetime": {"datetime": "2021-06-26 19:40:02", "elapsed": 79.503322, "delta": 1.167649}}
{"target": -59.955013605379804, "params": {"C": 5.708112380925281, "epsilon": 5.975989998131206, "gamma": 0.01, "lamda": 1.0}, "datetime": {"datetime": "2021-06-26 19:40:29", "elapsed": 106.020238, "delta": 26.516916}}
{"target": -12.09796357903634, "params": {"C": 7.297351319173467, "epsilon": 3.9284572766903594, "gamma": 0.01, "lamda": 0.1}, "datetime": {"datetime": "2021-06-26 19:40:30", "elapsed": 107.697189, "delta": 1.676951}}
{"target": -21.114880195732155, "params": {"C": 6.748070523999919, "epsilon": 2.3496495325943942, "gamma": 1.1636270029776512, "lamda": 0.9296478431108274}, "datetime": {"datetime": "2021-06-26 19:40:31", "elapsed": 108.814201, "delta": 1.117012}}
{"target": -55.408637647165534, "params": {"C": 8.250178395214753, "epsilon": 7.386710397648368, "gamma": 0.01, "lamda": 1.0}, "datetime": {"datetime": "2021-06-26 19:40:48", "elapsed": 125.67816, "delta": 16.863959}}
{"target": -10.526556401833567, "params": {"C": 7.725778489610573, "epsilon": 5.771903773123734, "gamma": 0.04418387275844346, "lamda": 0.17791818816615385}, "datetime": {"datetime": "2021-06-26 19:40:50", "elapsed": 127.364078, "delta": 1.685918}}
{"target": -12.569175352775822, "params": {"C": 5.3703813048211115, "epsilon": 8.908129826831047, "gamma": 0.17678018067662662, "lamda": 0.9944351458220861}, "datetime": {"datetime": "2021-06-26 19:40:51", "elapsed": 128.790274, "delta": 1.426196}}
{"target": -92.05544844511077, "params": {"C": 7.609702952450821, "epsilon": 4.834330592526084, "gamma": 0.04718574510796735, "lamda": 0.9835454577689988}, "datetime": {"datetime": "2021-06-26 19:41:11", "elapsed": 148.557226, "delta": 19.766952}}
{"target": -12.259910705540673, "params": {"C": 7.536801798765204, "epsilon": 6.208249947431793, "gamma": 0.13777690381056426, "lamda": 0.543506600620699}, "datetime": {"datetime": "2021-06-26 19:41:14", "elapsed": 151.249605, "delta": 2.692379}}
{"target": -15.260229130741344, "params": {"C": 9.397973326545129, "epsilon": 9.718944103527143, "gamma": 0.5038768564399633, "lamda": 0.22461197503284747}, "datetime": {"datetime": "2021-06-26 19:41:15", "elapsed": 151.979568, "delta": 0.729963}}
{"target": -11.241878232037143, "params": {"C": 8.363859083693551, "epsilon": 6.103350513818361, "gamma": 0.09283400008711903, "lamda": 0.16638880016576774}, "datetime": {"datetime": "2021-06-26 19:41:16", "elapsed": 153.929464, "delta": 1.949896}}
{"target": -59.25418512317386, "params": {"C": 5.6970789541299025, "epsilon": 8.571561829901487, "gamma": 0.01, "lamda": 0.4351837304236365}, "datetime": {"datetime": "2021-06-26 19:41:37", "elapsed": 174.694442, "delta": 20.764978}}
{"target": -12.528965299671416, "params": {"C": 5.291973317057831, "epsilon": 8.91427915587781, "gamma": 0.1739332939570211, "lamda": 0.9354067678417843}, "datetime": {"datetime": "2021-06-26 19:41:38", "elapsed": 175.392209, "delta": 0.697767}}
{"target": -21.84205267144917, "params": {"C": 1.6742877285173627, "epsilon": 4.784886070440376, "gamma": 1.018315901552554, "lamda": 0.20902455714650914}, "datetime": {"datetime": "2021-06-26 19:41:39", "elapsed": 176.073769, "delta": 0.68156}}
{"target": -14.2958633911717, "params": {"C": 8.122467252064213, "epsilon": 5.896010064211853, "gamma": 0.3829208833226276, "lamda": 0.42255359512824886}, "datetime": {"datetime": "2021-06-26 19:41:40", "elapsed": 177.472296, "delta": 1.398527}}
{"target": -11.87669110523049, "params": {"C": 8.335956433130272, "epsilon": 5.52674579993524, "gamma": 0.01, "lamda": 0.1}, "datetime": {"datetime": "2021-06-26 19:41:41", "elapsed": 178.876063, "delta": 1.403767}}
{"target": -11.870108522516057, "params": {"C": 6.9546442737870615, "epsilon": 9.05832327772423, "gamma": 0.01, "lamda": 0.1}, "datetime": {"datetime": "2021-06-26 19:41:43", "elapsed": 180.376875, "delta": 1.500812}}
{"target": -11.818541496725663, "params": {"C": 7.831544316818824, "epsilon": 6.446605552780787, "gamma": 0.01, "lamda": 0.1}, "datetime": {"datetime": "2021-06-26 19:41:44", "elapsed": 181.696099, "delta": 1.319224}}
{"target": -11.896639291622018, "params": {"C": 4.432086909690221, "epsilon": 8.861800308015809, "gamma": 0.13771773385318575, "lamda": 0.7274791398820445}, "datetime": {"datetime": "2021-06-26 19:41:46", "elapsed": 183.138238, "delta": 1.442139}}
{"target": -22.15491251501469, "params": {"C": 8.01322172139301, "epsilon": 2.7209526268093236, "gamma": 1.4002921670600954, "lamda": 0.4995129372251349}, "datetime": {"datetime": "2021-06-26 19:41:46", "elapsed": 183.694042, "delta": 0.555804}}
{"target": -11.063045163462574, "params": {"C": 4.1426051151788865, "epsilon": 8.205073707874876, "gamma": 0.04921946222042642, "lamda": 0.3777393323426827}, "datetime": {"datetime": "2021-06-26 19:41:48", "elapsed": 185.049402, "delta": 1.35536}}
{"target": -13.722594929652503, "params": {"C": 3.755777656706016, "epsilon": 8.74215130801488, "gamma": 0.26985441657367615, "lamda": 0.2514679862968308}, "datetime": {"datetime": "2021-06-26 19:41:49", "elapsed": 186.523992, "delta": 1.47459}}
{"target": -15.433548321082915, "params": {"C": 8.146576074683066, "epsilon": 5.889505930889677, "gamma": 0.4956379104383618, "lamda": 0.5191107963071623}, "datetime": {"datetime": "2021-06-26 19:41:50", "elapsed": 187.140451, "delta": 0.616459}}
{"target": -22.891208500631414, "params": {"C": 8.016873347522406, "epsilon": 3.8368495902410404, "gamma": 1.569369486982937, "lamda": 0.7427180112479325}, "datetime": {"datetime": "2021-06-26 19:41:50", "elapsed": 187.648639, "delta": 0.508188}}
{"target": -82.75772297464677, "params": {"C": 6.474445674332973, "epsilon": 9.687646060957444, "gamma": 0.033755995801663635, "lamda": 0.21136012783092206}, "datetime": {"datetime": "2021-06-26 19:41:59", "elapsed": 196.165532, "delta": 8.516893}}
{"target": -12.05021606600557, "params": {"C": 6.715345891642146, "epsilon": 8.622388192785522, "gamma": 0.14085960668559636, "lamda": 0.15350634641759342}, "datetime": {"datetime": "2021-06-26 19:42:00", "elapsed": 197.21503, "delta": 1.049498}}
