{"target": -13.247000395412961, "params": {"C": 9.40433428012657, "epsilon": 7.176679222693576, "gamma": 0.1130210337736717, "lamda": 0.8294003282304674}, "datetime": {"datetime": "2021-06-21 20:35:15", "elapsed": 131.309872, "delta": 1.047194}}
{"target": -11.310961669896997, "params": {"C": 9.511258231581765, "epsilon": 9.358691359819135, "gamma": 0.01, "lamda": 0.3001527254934364}, "datetime": {"datetime": "2021-06-21 20:35:16", "elapsed": 132.654279, "delta": 1.344407}}
{"target": -21.667284729803807, "params": {"C": 6.515132143374754, "epsilon": 6.856890425897972, "gamma": 0.6977457798677181, "lamda": 0.8756977515097473}, "datetime": {"datetime": "2021-06-21 20:35:17", "elapsed": 133.317504, "delta": 0.663225}}
{"target": -70.98920721241741, "params": {"C": 9.505950861083136, "epsilon": 6.369877047036293, "gamma": 0.08927247495161934, "lamda": 0.9819425671661027}, "datetime": {"datetime": "2021-06-21 20:35:21", "elapsed": 137.919763, "delta": 4.602259}}
{"target": -11.35373996466352, "params": {"C": 9.851055899872106, "epsilon": 8.482711043035083, "gamma": 0.01, "lamda": 0.6106786127672995}, "datetime": {"datetime": "2021-06-21 20:35:22", "elapsed": 138.726605, "delta": 0.806842}}
{"target": -16.56349525506015, "params": {"C": 9.823458637033532, "epsilon": 7.016258228231157, "gamma": 0.2419297249643498, "lamda": 0.7062235973209512}, "datetime": {"datetime": "2021-06-21 20:35:23", "elapsed": 139.434712, "delta": 0.708107}}
{"target": -25.94925730404341, "params": {"C": 8.45929146844943, "epsilon": 6.457795024520417, "gamma": 1.37641207920071, "lamda": 0.6728707973286068}, "datetime": {"datetime": "2021-06-21 20:35:23", "elapsed": 139.878527, "delta": 0.443815}}
{"target": -15.001338219575686, "params": {"C": 1.3581591238111739, "epsilon": 3.787920106180302, "gamma": 0.10809041919765594, "lamda": 0.972009539171321}, "datetime": {"datetime": "2021-06-21 20:35:24", "elapsed": 140.383176, "delta": 0.504649}}
{"target": -15.601448057976919, "params": {"C": 2.110523117485861, "epsilon": 0.004339471582877374, "gamma": 0.13987666099266066, "lamda": 0.7161324441665686}, "datetime": {"datetime": "2021-06-21 20:35:24", "elapsed": 140.856909, "delta": 0.473733}}
{"target": -92.85129814820748, "params": {"C": 9.903472504704592, "epsilon": 6.59406903039398, "gamma": 0.05218326912702538, "lamda": 0.31563945176589553}, "datetime": {"datetime": "2021-06-21 20:35:28", "elapsed": 144.645776, "delta": 3.788867}}
{"target": -25.7395892211417, "params": {"C": 2.731523500526554, "epsilon": 7.2447929437469645, "gamma": 1.2648542634049493, "lamda": 0.7195577812668457}, "datetime": {"datetime": "2021-06-21 20:35:29", "elapsed": 145.132476, "delta": 0.4867}}
{"target": -91.47701495802832, "params": {"C": 9.62502281437416, "epsilon": 7.52666403235054, "gamma": 0.03255793406149857, "lamda": 0.7579436372441207}, "datetime": {"datetime": "2021-06-21 20:35:33", "elapsed": 149.143749, "delta": 4.011273}}
{"target": -94.75534235482895, "params": {"C": 9.59777683672636, "epsilon": 8.538109237839837, "gamma": 0.04043098658988048, "lamda": 0.6992221370736168}, "datetime": {"datetime": "2021-06-21 20:35:37", "elapsed": 153.30562, "delta": 4.161871}}
{"target": -16.894429593789177, "params": {"C": 8.742480470408578, "epsilon": 0.9100675106039766, "gamma": 0.255890080132572, "lamda": 0.7303583685356225}, "datetime": {"datetime": "2021-06-21 20:35:37", "elapsed": 153.776362, "delta": 0.470742}}
{"target": -16.812824349342883, "params": {"C": 5.9055621373457114, "epsilon": 4.664824540385765, "gamma": 0.27459187983438593, "lamda": 0.9122738467042131}, "datetime": {"datetime": "2021-06-21 20:35:38", "elapsed": 154.275035, "delta": 0.498673}}
{"target": -10.965426975090546, "params": {"C": 9.94340947055737, "epsilon": 8.255011262677867, "gamma": 0.023897153079416554, "lamda": 0.6917819673589763}, "datetime": {"datetime": "2021-06-21 20:35:39", "elapsed": 154.928281, "delta": 0.653246}}
{"target": -14.973640271247957, "params": {"C": 9.55342396398345, "epsilon": 8.115714253220263, "gamma": 0.18342389105296758, "lamda": 0.3758301350991332}, "datetime": {"datetime": "2021-06-21 20:35:39", "elapsed": 155.916639, "delta": 0.988358}}
{"target": -25.85030421065361, "params": {"C": 5.157988334659613, "epsilon": 6.864735560444887, "gamma": 1.319531869834148, "lamda": 0.8642947173531997}, "datetime": {"datetime": "2021-06-21 20:35:40", "elapsed": 156.37242, "delta": 0.455781}}
{"target": -16.58425514243919, "params": {"C": 6.500401354046364, "epsilon": 0.5537483640578916, "gamma": 0.2524655070628532, "lamda": 0.8860150433854136}, "datetime": {"datetime": "2021-06-21 20:35:40", "elapsed": 156.871087, "delta": 0.498667}}
{"target": -13.120972728419408, "params": {"C": 9.777370936127264, "epsilon": 7.782956415877412, "gamma": 0.10996939131292395, "lamda": 0.2282635147419781}, "datetime": {"datetime": "2021-06-21 20:35:41", "elapsed": 157.547279, "delta": 0.676192}}
{"target": -17.421559624969632, "params": {"C": 8.761225880408524, "epsilon": 0.9750861915453045, "gamma": 0.27930823802994326, "lamda": 0.7916178055207502}, "datetime": {"datetime": "2021-06-21 20:35:42", "elapsed": 158.118749, "delta": 0.57147}}
{"target": -28.01948196099086, "params": {"C": 2.281655246672429, "epsilon": 5.717608216598903, "gamma": 1.6973449908091007, "lamda": 0.33655781713909877}, "datetime": {"datetime": "2021-06-21 20:35:42", "elapsed": 158.585501, "delta": 0.466752}}
{"target": -26.253888681797243, "params": {"C": 2.89005614885254, "epsilon": 0.9519595179940232, "gamma": 1.2498391191754459, "lamda": 0.15438994636564715}, "datetime": {"datetime": "2021-06-21 20:35:43", "elapsed": 159.071203, "delta": 0.485702}}
{"target": -17.014842775141307, "params": {"C": 2.670642307766912, "epsilon": 2.306274133102006, "gamma": 0.26463518917152506, "lamda": 0.14380545608701087}, "datetime": {"datetime": "2021-06-21 20:35:43", "elapsed": 159.563887, "delta": 0.492684}}
{"target": -10.939732124143738, "params": {"C": 9.292504457649978, "epsilon": 9.278037968690994, "gamma": 0.023197529670408085, "lamda": 0.5402199666323595}, "datetime": {"datetime": "2021-06-21 20:35:44", "elapsed": 160.664942, "delta": 1.101055}}
{"target": -24.996931974714347, "params": {"C": 7.761037906577147, "epsilon": 0.976551515569894, "gamma": 1.1672870755332645, "lamda": 0.23773980176475656}, "datetime": {"datetime": "2021-06-21 20:35:45", "elapsed": 161.162611, "delta": 0.497669}}
{"target": -16.045023287382065, "params": {"C": 9.95286871145772, "epsilon": 8.334122807293282, "gamma": 0.22238608043345845, "lamda": 0.5741245788284446}, "datetime": {"datetime": "2021-06-21 20:35:46", "elapsed": 162.175901, "delta": 1.01329}}
{"target": -11.726113432258323, "params": {"C": 8.534047023730368, "epsilon": 3.8693680623554845, "gamma": 0.06192882448571527, "lamda": 0.1391754801046518}, "datetime": {"datetime": "2021-06-21 20:35:46", "elapsed": 162.732413, "delta": 0.556512}}
{"target": -11.51484468841351, "params": {"C": 8.57670725044337, "epsilon": 4.998055114204594, "gamma": 0.01, "lamda": 0.27043585850358215}, "datetime": {"datetime": "2021-06-21 20:35:47", "elapsed": 163.77363, "delta": 1.041217}}
{"target": -26.96637136776008, "params": {"C": 4.813594508426891, "epsilon": 7.357815226759412, "gamma": 1.5578887826253074, "lamda": 0.5946651044911787}, "datetime": {"datetime": "2021-06-21 20:35:48", "elapsed": 164.278279, "delta": 0.504649}}
{"target": -28.962154368843194, "params": {"C": 4.0663882243037905, "epsilon": 1.1024052861096776, "gamma": 1.9783788547238916, "lamda": 0.5709809385916387}, "datetime": {"datetime": "2021-06-21 20:35:48", "elapsed": 164.766972, "delta": 0.488693}}
{"target": -14.792376587863215, "params": {"C": 9.593756450951199, "epsilon": 9.129074462467361, "gamma": 0.17723800709089563, "lamda": 0.36755323043605326}, "datetime": {"datetime": "2021-06-21 20:35:49", "elapsed": 165.674545, "delta": 0.907573}}
{"target": -95.92054311746875, "params": {"C": 9.533930135482427, "epsilon": 9.41255103632681, "gamma": 0.041237320294793205, "lamda": 0.5388734131423422}, "datetime": {"datetime": "2021-06-21 20:35:53", "elapsed": 169.899248, "delta": 4.224703}}
{"target": -28.878119726533935, "params": {"C": 4.346453096071748, "epsilon": 1.108003142798588, "gamma": 1.962935675983426, "lamda": 0.9634234160247681}, "datetime": {"datetime": "2021-06-21 20:35:54", "elapsed": 170.392927, "delta": 0.493679}}
{"target": -10.77014393454219, "params": {"C": 9.32270971197945, "epsilon": 9.210223764360387, "gamma": 0.030364349272413188, "lamda": 0.15930640202938784}, "datetime": {"datetime": "2021-06-21 20:35:55", "elapsed": 171.159877, "delta": 0.76695}}
{"target": -14.084113865725346, "params": {"C": 8.446484062912525, "epsilon": 5.066982864691163, "gamma": 0.1440126117656124, "lamda": 0.33491118565705236}, "datetime": {"datetime": "2021-06-21 20:35:56", "elapsed": 172.035536, "delta": 0.875659}}
{"target": -11.855841362367418, "params": {"C": 8.498449833514849, "epsilon": 5.124196154342111, "gamma": 0.06780946350181294, "lamda": 0.10002603524073324}, "datetime": {"datetime": "2021-06-21 20:35:57", "elapsed": 173.199424, "delta": 1.163888}}
{"target": -15.313238540059048, "params": {"C": 8.500807986191925, "epsilon": 5.056898233098947, "gamma": 0.19614853801280469, "lamda": 0.3716527797592305}, "datetime": {"datetime": "2021-06-21 20:35:57", "elapsed": 173.849685, "delta": 0.650261}}
{"target": -28.142726977097805, "params": {"C": 2.445215393771112, "epsilon": 3.0386333291088183, "gamma": 1.654436218353552, "lamda": 0.738017315456798}, "datetime": {"datetime": "2021-06-21 20:35:58", "elapsed": 174.480997, "delta": 0.631312}}
{"target": -10.963686427453318, "params": {"C": 9.453525841309075, "epsilon": 8.954958036240658, "gamma": 0.023058603523007884, "lamda": 0.4304951975546415}, "datetime": {"datetime": "2021-06-21 20:35:59", "elapsed": 175.558116, "delta": 1.077119}}
{"target": -19.49374562729474, "params": {"C": 5.876414257089102, "epsilon": 1.6656705207322322, "gamma": 0.42688229887256196, "lamda": 0.8746001564530467}, "datetime": {"datetime": "2021-06-21 20:36:00", "elapsed": 176.18644, "delta": 0.628324}}
{"target": -28.462126222724148, "params": {"C": 2.882816947741617, "epsilon": 8.70055770791545, "gamma": 1.9929100532627466, "lamda": 0.6387502395905721}, "datetime": {"datetime": "2021-06-21 20:36:00", "elapsed": 176.691087, "delta": 0.504647}}
{"target": -12.302868672966104, "params": {"C": 9.72452146584066, "epsilon": 9.343775357957824, "gamma": 0.08299082001422703, "lamda": 0.12793766151333888}, "datetime": {"datetime": "2021-06-21 20:36:01", "elapsed": 177.615626, "delta": 0.924539}}
{"target": -11.76841151651292, "params": {"C": 8.75175167020672, "epsilon": 5.144599708051203, "gamma": 0.0654817678610456, "lamda": 0.40350662942028115}, "datetime": {"datetime": "2021-06-21 20:36:02", "elapsed": 178.51122, "delta": 0.895594}}
{"target": -13.411557625311179, "params": {"C": 9.07740023160301, "epsilon": 9.277963403938605, "gamma": 0.12298380780422052, "lamda": 0.5496651914336206}, "datetime": {"datetime": "2021-06-21 20:36:03", "elapsed": 179.617264, "delta": 1.106044}}
{"target": -83.92770773922258, "params": {"C": 6.732436010160769, "epsilon": 9.584491604149576, "gamma": 0.06200403411859505, "lamda": 0.957181132986745}, "datetime": {"datetime": "2021-06-21 20:36:09", "elapsed": 185.453655, "delta": 5.836391}}
{"target": -11.480036898833363, "params": {"C": 8.409777261137567, "epsilon": 3.9141550852684066, "gamma": 0.01349099742618259, "lamda": 0.2626628262197698}, "datetime": {"datetime": "2021-06-21 20:36:10", "elapsed": 186.065021, "delta": 0.611366}}
{"target": -13.62700992568245, "params": {"C": 8.68536269507502, "epsilon": 5.081145391764149, "gamma": 0.12816745250868455, "lamda": 0.22806791160186807}, "datetime": {"datetime": "2021-06-21 20:36:10", "elapsed": 186.656439, "delta": 0.591418}}
{"target": -11.735463501065862, "params": {"C": 5.733980118555576, "epsilon": 3.68253541779455, "gamma": 0.010872892695182993, "lamda": 0.8993934052473876}, "datetime": {"datetime": "2021-06-21 20:36:11", "elapsed": 187.256835, "delta": 0.600396}}
{"target": -27.610479685254614, "params": {"C": 1.1469762168431517, "epsilon": 8.084408778425798, "gamma": 1.4583341057273707, "lamda": 0.10700213481035609}, "datetime": {"datetime": "2021-06-21 20:36:11", "elapsed": 187.807361, "delta": 0.550526}}
{"target": -15.759380726079483, "params": {"C": 8.431131295821956, "epsilon": 5.015940926109779, "gamma": 0.2150080204066111, "lamda": 0.14532250777743766}, "datetime": {"datetime": "2021-06-21 20:36:12", "elapsed": 188.726906, "delta": 0.919545}}
{"target": -11.36563832734442, "params": {"C": 9.460883708151375, "epsilon": 8.135794702873097, "gamma": 0.01, "lamda": 0.4090165176428431}, "datetime": {"datetime": "2021-06-21 20:36:13", "elapsed": 189.388134, "delta": 0.661228}}
{"target": -10.806026336464932, "params": {"C": 9.532159494214481, "epsilon": 7.9375496707991084, "gamma": 0.03846893346911186, "lamda": 0.39230371929075636}, "datetime": {"datetime": "2021-06-21 20:36:14", "elapsed": 190.046374, "delta": 0.65824}}
{"target": -27.556908913482804, "params": {"C": 9.329988689483597, "epsilon": 2.8396040184448466, "gamma": 1.7100262384306248, "lamda": 0.8882731764893524}, "datetime": {"datetime": "2021-06-21 20:36:14", "elapsed": 190.562993, "delta": 0.516619}}
{"target": -11.711169051601107, "params": {"C": 4.213462697744563, "epsilon": 7.382779861016852, "gamma": 0.01, "lamda": 0.3842652401019993}, "datetime": {"datetime": "2021-06-21 20:36:15", "elapsed": 191.373824, "delta": 0.810831}}
{"target": -30.36433930503532, "params": {"C": 0.7286971147052734, "epsilon": 0.1417959766438769, "gamma": 1.5047410043711196, "lamda": 0.572032078238129}, "datetime": {"datetime": "2021-06-21 20:36:16", "elapsed": 191.932331, "delta": 0.558507}}
{"target": -22.414463753715474, "params": {"C": 7.221851176968077, "epsilon": 2.718536515550042, "gamma": 0.7795641253098389, "lamda": 0.8933715131978769}, "datetime": {"datetime": "2021-06-21 20:36:16", "elapsed": 192.492832, "delta": 0.560501}}
{"target": -21.487436673456628, "params": {"C": 0.8635593321016555, "epsilon": 1.586125178478516, "gamma": 0.3801866506692703, "lamda": 0.4316699140645037}, "datetime": {"datetime": "2021-06-21 20:36:17", "elapsed": 193.168028, "delta": 0.675196}}
{"target": -13.65085518525647, "params": {"C": 9.880431783066063, "epsilon": 8.117203917368961, "gamma": 0.1285720915424755, "lamda": 0.7180023001769197}, "datetime": {"datetime": "2021-06-21 20:36:18", "elapsed": 194.108513, "delta": 0.940485}}
{"target": -27.22501955302084, "params": {"C": 8.102128125169099, "epsilon": 3.0309437434669406, "gamma": 1.6177721652263077, "lamda": 0.9519811259871256}, "datetime": {"datetime": "2021-06-21 20:36:19", "elapsed": 194.953254, "delta": 0.844741}}
{"target": -21.14007200464691, "params": {"C": 2.4110902473351916, "epsilon": 0.5358134201133442, "gamma": 0.5538463483616591, "lamda": 0.20393844839921882}, "datetime": {"datetime": "2021-06-21 20:36:19", "elapsed": 195.638421, "delta": 0.685167}}
{"target": -11.358574789665028, "params": {"C": 9.992412123260962, "epsilon": 8.398097975441075, "gamma": 0.01, "lamda": 0.5859129522058485}, "datetime": {"datetime": "2021-06-21 20:36:20", "elapsed": 196.566937, "delta": 0.928516}}
{"target": -19.282902150308097, "params": {"C": 3.4820636756098944, "epsilon": 6.613905357535375, "gamma": 0.4543991986477281, "lamda": 0.21885389930069615}, "datetime": {"datetime": "2021-06-21 20:36:21", "elapsed": 197.160352, "delta": 0.593415}}
{"target": -20.44560896355166, "params": {"C": 1.7114074727676714, "epsilon": 6.319047113261413, "gamma": 0.5053146882355155, "lamda": 0.9603479527601344}, "datetime": {"datetime": "2021-06-21 20:36:21", "elapsed": 197.720854, "delta": 0.560502}}
{"target": -24.78791120878775, "params": {"C": 2.9233026344788406, "epsilon": 4.525141531218704, "gamma": 1.0588186972275977, "lamda": 0.9544837632180865}, "datetime": {"datetime": "2021-06-21 20:36:22", "elapsed": 198.294321, "delta": 0.573467}}
{"target": -91.99517443500511, "params": {"C": 9.603922081224095, "epsilon": 8.092964290251206, "gamma": 0.051620612746406065, "lamda": 0.4860568626087668}, "datetime": {"datetime": "2021-06-21 20:36:25", "elapsed": 201.762047, "delta": 3.467726}}
{"target": -13.358120624521538, "params": {"C": 9.323012368456366, "epsilon": 8.254052305068745, "gamma": 0.12059666776320567, "lamda": 0.3989565131211533}, "datetime": {"datetime": "2021-06-21 20:36:26", "elapsed": 202.355459, "delta": 0.593412}}
{"target": -13.894434360184002, "params": {"C": 6.54953859655806, "epsilon": 1.6231278801764488, "gamma": 0.12873079318765404, "lamda": 0.5472960605474234}, "datetime": {"datetime": "2021-06-21 20:36:27", "elapsed": 202.972809, "delta": 0.61735}}
{"target": -29.797877430342528, "params": {"C": 0.4222020129087021, "epsilon": 3.6748754736609084, "gamma": 1.310794309063825, "lamda": 0.8184231175395215}, "datetime": {"datetime": "2021-06-21 20:36:27", "elapsed": 203.563231, "delta": 0.590422}}
{"target": -32.248601781166506, "params": {"C": 0.1671238106396589, "epsilon": 5.761779327217469, "gamma": 1.6437016808909635, "lamda": 0.9047751836905783}, "datetime": {"datetime": "2021-06-21 20:36:28", "elapsed": 204.177588, "delta": 0.614357}}
{"target": -14.959529250466574, "params": {"C": 9.381778745452456, "epsilon": 8.060405879493965, "gamma": 0.1837336164709182, "lamda": 0.3284261275295598}, "datetime": {"datetime": "2021-06-21 20:36:29", "elapsed": 205.053247, "delta": 0.875659}}
{"target": -70.32049476141444, "params": {"C": 9.162575229537802, "epsilon": 9.332734538293842, "gamma": 0.09734074703925863, "lamda": 0.9774255347393426}, "datetime": {"datetime": "2021-06-21 20:36:42", "elapsed": 218.709728, "delta": 13.656481}}
{"target": -11.134455713793633, "params": {"C": 7.351015870799472, "epsilon": 3.6556111561012306, "gamma": 0.03510643065772291, "lamda": 0.1199306584280047}, "datetime": {"datetime": "2021-06-21 20:36:43", "elapsed": 219.463714, "delta": 0.753986}}
{"target": -11.370566099763227, "params": {"C": 4.337149497087118, "epsilon": 7.311466841740753, "gamma": 0.03872109890206981, "lamda": 0.4089690680823632}, "datetime": {"datetime": "2021-06-21 20:36:44", "elapsed": 220.050143, "delta": 0.586429}}
{"target": -15.899579730571112, "params": {"C": 9.548676206695703, "epsilon": 7.966363876859178, "gamma": 0.21981886488686297, "lamda": 0.2957668412653647}, "datetime": {"datetime": "2021-06-21 20:36:44", "elapsed": 220.904857, "delta": 0.854714}}
{"target": -67.30949613862077, "params": {"C": 9.85013147426612, "epsilon": 8.141700646693778, "gamma": 0.08928867197077163, "lamda": 0.6758057090347215}, "datetime": {"datetime": "2021-06-21 20:36:50", "elapsed": 226.130884, "delta": 5.226027}}
{"target": -24.49089357491985, "params": {"C": 5.523618240878172, "epsilon": 4.7435842614274675, "gamma": 1.092896133549023, "lamda": 0.18444020277997164}, "datetime": {"datetime": "2021-06-21 20:36:50", "elapsed": 226.677421, "delta": 0.546537}}
{"target": -12.456916548897246, "params": {"C": 8.591232939094414, "epsilon": 3.7747274339397943, "gamma": 0.0821738912314163, "lamda": 0.18540196110382826}, "datetime": {"datetime": "2021-06-21 20:36:51", "elapsed": 227.232936, "delta": 0.555515}}
{"target": -67.78222372582698, "params": {"C": 9.899800739214808, "epsilon": 7.997657057885127, "gamma": 0.10176684217719775, "lamda": 0.7604004406748924}, "datetime": {"datetime": "2021-06-21 20:36:56", "elapsed": 232.129847, "delta": 4.896911}}
{"target": -19.575385627031157, "params": {"C": 1.8460261079834854, "epsilon": 6.870406588602602, "gamma": 0.43962330872062855, "lamda": 0.7776858627387986}, "datetime": {"datetime": "2021-06-21 20:36:56", "elapsed": 232.712284, "delta": 0.582437}}
{"target": -12.682986380119443, "params": {"C": 2.347858300477262, "epsilon": 6.24832102005259, "gamma": 0.07486541947040769, "lamda": 0.12091387068601}, "datetime": {"datetime": "2021-06-21 20:36:57", "elapsed": 233.354567, "delta": 0.642283}}
{"target": -24.502193312845556, "params": {"C": 2.754400611232702, "epsilon": 8.145399837758097, "gamma": 1.0663365285628774, "lamda": 0.7492515761550222}, "datetime": {"datetime": "2021-06-21 20:36:58", "elapsed": 233.992859, "delta": 0.638292}}
{"target": -88.29120879986687, "params": {"C": 7.948465084396112, "epsilon": 7.582406590897858, "gamma": 0.055199959603343264, "lamda": 0.1865435460179283}, "datetime": {"datetime": "2021-06-21 20:37:01", "elapsed": 237.553339, "delta": 3.56048}}
{"target": -27.638650212446542, "params": {"C": 6.478969786616006, "epsilon": 0.7772025981783094, "gamma": 1.662395575828513, "lamda": 0.6986846105625866}, "datetime": {"datetime": "2021-06-21 20:37:02", "elapsed": 238.224544, "delta": 0.671205}}
{"target": -27.494809375574132, "params": {"C": 2.616124160797874, "epsilon": 1.8597311188253582, "gamma": 1.4918842123765934, "lamda": 0.7266921648185627}, "datetime": {"datetime": "2021-06-21 20:37:02", "elapsed": 238.916693, "delta": 0.692149}}
{"target": -17.736621901483833, "params": {"C": 0.9581260676558486, "epsilon": 7.697570841739106, "gamma": 0.19669275925780916, "lamda": 0.5111184320440598}, "datetime": {"datetime": "2021-06-21 20:37:03", "elapsed": 239.553991, "delta": 0.637298}}
{"target": -78.18296415841078, "params": {"C": 9.30431753122833, "epsilon": 8.22196013389259, "gamma": 0.06884149646224368, "lamda": 0.5047117757428361}, "datetime": {"datetime": "2021-06-21 20:37:09", "elapsed": 245.892041, "delta": 6.33805}}
{"target": -17.564429221010972, "params": {"C": 7.40790208850139, "epsilon": 0.8497426073722812, "gamma": 0.2970295893781029, "lamda": 0.4403022347810682}, "datetime": {"datetime": "2021-06-21 20:37:10", "elapsed": 246.493433, "delta": 0.601392}}
{"target": -11.166235065849712, "params": {"C": 9.679079636449812, "epsilon": 8.98308950047109, "gamma": 0.0157065134043734, "lamda": 0.5130613713997814}, "datetime": {"datetime": "2021-06-21 20:37:12", "elapsed": 248.033314, "delta": 1.539881}}
