{"target": -11.137854272482068, "params": {"C": 3.6269611600986265, "epsilon": 9.048110588463253, "gamma": 0.04644028758812539, "lamda": 0.12454970848817522}, "datetime": {"datetime": "2021-06-28 10:33:29", "elapsed": 845.947975, "delta": 0.86983}}
{"target": -12.765484156459248, "params": {"C": 1.2029899413263339, "epsilon": 4.118598816158609, "gamma": 0.04501817567647929, "lamda": 0.45683815110731135}, "datetime": {"datetime": "2021-06-28 10:33:30", "elapsed": 846.846628, "delta": 0.898653}}
{"target": -12.687130647462483, "params": {"C": 2.3743351104762804, "epsilon": 4.591177236641564, "gamma": 0.15681918085170876, "lamda": 0.23613878172755792}, "datetime": {"datetime": "2021-06-28 10:33:31", "elapsed": 847.698883, "delta": 0.852255}}
{"target": -14.305344178751115, "params": {"C": 0.8137459445668387, "epsilon": 1.2109850410476688, "gamma": 0.10677048021517391, "lamda": 0.05694271403389886}, "datetime": {"datetime": "2021-06-28 10:33:32", "elapsed": 848.544122, "delta": 0.845239}}
{"target": -16.44638155591683, "params": {"C": 0.4306567474193518, "epsilon": 5.011934468427288, "gamma": 0.13647972484274096, "lamda": 0.5837017245285075}, "datetime": {"datetime": "2021-06-28 10:33:33", "elapsed": 849.42323, "delta": 0.879108}}
{"target": -12.323109868542096, "params": {"C": 2.969364989751891, "epsilon": 4.833017484113542, "gamma": 0.018031247773017452, "lamda": 0.8767002785305578}, "datetime": {"datetime": "2021-06-28 10:33:34", "elapsed": 850.37121, "delta": 0.94798}}
{"target": -66.09653879364316, "params": {"C": 3.951754366913306, "epsilon": 9.001315634523891, "gamma": 0.11598781565354323, "lamda": 0.4509414829004472}, "datetime": {"datetime": "2021-06-28 10:33:43", "elapsed": 859.887672, "delta": 9.516462}}
{"target": -14.638432384818586, "params": {"C": 0.7239555231691509, "epsilon": 8.103375028144356, "gamma": 0.14583341057273708, "lamda": 0.017702348291391695}, "datetime": {"datetime": "2021-06-28 10:33:44", "elapsed": 860.779429, "delta": 0.891757}}
{"target": -14.407260009875497, "params": {"C": 1.4332895550189932, "epsilon": 1.010973306686869, "gamma": 0.19066328710089434, "lamda": 0.2360562694116296}, "datetime": {"datetime": "2021-06-28 10:33:45", "elapsed": 861.639535, "delta": 0.860106}}
{"target": -12.792242033241601, "params": {"C": 1.8508110181598492, "epsilon": 5.269693923161795, "gamma": 0.15100554847297853, "lamda": 0.43303439281306766}, "datetime": {"datetime": "2021-06-28 10:33:46", "elapsed": 862.480099, "delta": 0.840564}}
{"target": -89.06242771271063, "params": {"C": 5.460995873466943, "epsilon": 7.83170380480222, "gamma": 0.06298452836336159, "lamda": 0.2056776322102131}, "datetime": {"datetime": "2021-06-28 10:33:55", "elapsed": 871.643444, "delta": 9.163345}}
{"target": -54.42955248834455, "params": {"C": 5.600700330096285, "epsilon": 2.9104990281632146, "gamma": 0.1710026238430625, "lamda": 0.8771004941382876}, "datetime": {"datetime": "2021-06-28 10:34:05", "elapsed": 881.194019, "delta": 9.550575}}
{"target": -60.3114641012478, "params": {"C": 3.6729101967300064, "epsilon": 6.035749499008663, "gamma": 0.1566692569099131, "lamda": 0.9864703710669096}, "datetime": {"datetime": "2021-06-28 10:34:14", "elapsed": 890.265411, "delta": 9.071392}}
{"target": -17.484057212218584, "params": {"C": 0.4746780784607185, "epsilon": 0.23940195707314543, "gamma": 0.15047410043711196, "lamda": 0.5292352860619418}, "datetime": {"datetime": "2021-06-28 10:34:15", "elapsed": 891.15275, "delta": 0.887339}}
{"target": -87.2652818771661, "params": {"C": 4.344335549910268, "epsilon": 2.7906302134158834, "gamma": 0.07795641253098388, "lamda": 0.8827086645176646}, "datetime": {"datetime": "2021-06-28 10:34:29", "elapsed": 905.341204, "delta": 14.188454}}
{"target": -14.908940473145782, "params": {"C": 0.5550505110504816, "epsilon": 1.669430869780709, "gamma": 0.03801866506692703, "lamda": 0.37483690547095416}, "datetime": {"datetime": "2021-06-28 10:34:30", "elapsed": 906.268602, "delta": 0.927398}}
{"target": -14.789199436826777, "params": {"C": 5.069594122150678, "epsilon": 0.4146852791369203, "gamma": 0.00464823930710993, "lamda": 0.9662895489180411}, "datetime": {"datetime": "2021-06-28 10:34:31", "elapsed": 907.180868, "delta": 0.912266}}
{"target": -57.54353535810688, "params": {"C": 4.868945044292696, "epsilon": 3.0999443004623175, "gamma": 0.16177721652263077, "lamda": 0.9471792385858382}, "datetime": {"datetime": "2021-06-28 10:34:40", "elapsed": 916.531021, "delta": 9.350153}}
{"target": -12.880059078927312, "params": {"C": 1.4773164100280436, "epsilon": 0.6295182377359844, "gamma": 0.055384634836165916, "lamda": 0.12433229323914069}, "datetime": {"datetime": "2021-06-28 10:34:41", "elapsed": 917.442431, "delta": 0.91141}}
{"target": -11.662188023443433, "params": {"C": 4.616471976085856, "epsilon": 5.809596475782311, "gamma": 0.11662103254853894, "lamda": 0.11725785602996552}, "datetime": {"datetime": "2021-06-28 10:34:42", "elapsed": 918.42417, "delta": 0.981739}}
{"target": -11.879155497990416, "params": {"C": 2.1155733016260987, "epsilon": 6.647431047064726, "gamma": 0.04543991986477282, "lamda": 0.14073928923076579}, "datetime": {"datetime": "2021-06-28 10:34:43", "elapsed": 919.316625, "delta": 0.892455}}
{"target": -12.335461272031981, "params": {"C": 4.0786032056340735, "epsilon": 2.4223366946835374, "gamma": 0.14767767052307468, "lamda": 0.43363521849062814}, "datetime": {"datetime": "2021-06-28 10:34:44", "elapsed": 920.200998, "delta": 0.884373}}
{"target": -77.93245546342446, "params": {"C": 1.7825742973156726, "epsilon": 4.579348050711588, "gamma": 0.10588186972275977, "lamda": 0.9499321395398952}, "datetime": {"datetime": "2021-06-28 10:34:53", "elapsed": 929.341012, "delta": 9.140014}}
{"target": -13.137089159072508, "params": {"C": 5.5555985455431385, "epsilon": 1.4727612757840352, "gamma": 0.19858441821974204, "lamda": 0.7106056579704916}, "datetime": {"datetime": "2021-06-28 10:34:54", "elapsed": 930.284447, "delta": 0.943435}}
{"target": -75.91018997183554, "params": {"C": 1.8422729274264056, "epsilon": 8.624059638427743, "gamma": 0.10432821272708599, "lamda": 0.45653003981839063}, "datetime": {"datetime": "2021-06-28 10:35:09", "elapsed": 945.285753, "delta": 15.001306}}
{"target": -12.718025415319575, "params": {"C": 3.9436644161305616, "epsilon": 1.7060672080954942, "gamma": 0.012873079318765402, "lamda": 0.5020256666021656}, "datetime": {"datetime": "2021-06-28 10:35:10", "elapsed": 946.252885, "delta": 0.967132}}
{"target": -18.358177704971954, "params": {"C": 0.29201938143043865, "epsilon": 3.737500468971197, "gamma": 0.1310794309063825, "lamda": 0.8002654292934736}, "datetime": {"datetime": "2021-06-28 10:35:11", "elapsed": 947.140008, "delta": 0.887123}}
{"target": -21.775810764131606, "params": {"C": 0.14000307906807954, "epsilon": 5.803741908136106, "gamma": 0.16437016808909635, "lamda": 0.8952527020596361}, "datetime": {"datetime": "2021-06-28 10:35:12", "elapsed": 948.120486, "delta": 0.980478}}
{"target": -57.43864064810644, "params": {"C": 1.6930188624167168, "epsilon": 7.901940066356874, "gamma": 0.16166676307586256, "lamda": 0.7010426744584661}, "datetime": {"datetime": "2021-06-28 10:35:20", "elapsed": 956.180864, "delta": 8.060378}}
{"target": -18.132314218704952, "params": {"C": 0.3796112585704249, "epsilon": 3.6472821602326877, "gamma": 0.17303430899000222, "lamda": 0.2671460808697918}, "datetime": {"datetime": "2021-06-28 10:35:20", "elapsed": 957.096337, "delta": 0.915473}}
{"target": -12.471669283310224, "params": {"C": 2.759481735492757, "epsilon": 8.403723229680805, "gamma": 0.1716686587440132, "lamda": 0.1704962159253705}, "datetime": {"datetime": "2021-06-28 10:35:21", "elapsed": 958.027447, "delta": 0.93111}}
{"target": -88.10478812198606, "params": {"C": 5.68544048285357, "epsilon": 3.3088206516945973, "gamma": 0.07821979912316337, "lamda": 0.10245031460199408}, "datetime": {"datetime": "2021-06-28 10:35:31", "elapsed": 967.220991, "delta": 9.193544}}
{"target": -11.32939144106743, "params": {"C": 3.0087650593492836, "epsilon": 5.700781920351435, "gamma": 0.06736598341968951, "lamda": 0.04389966859150419}, "datetime": {"datetime": "2021-06-28 10:35:32", "elapsed": 968.193262, "delta": 0.972271}}
{"target": -12.470857312450647, "params": {"C": 4.574341429460889, "epsilon": 7.75877512829242, "gamma": 0.17612242899751154, "lamda": 0.17452222160926717}, "datetime": {"datetime": "2021-06-28 10:35:33", "elapsed": 969.141517, "delta": 0.948255}}
{"target": -11.849123218780152, "params": {"C": 3.3322573354728506, "epsilon": 4.795627981611353, "gamma": 0.10928961335490232, "lamda": 0.1028842230579688}, "datetime": {"datetime": "2021-06-28 10:35:33", "elapsed": 970.090542, "delta": 0.949025}}
{"target": -87.06845302638324, "params": {"C": 1.2339131898455855, "epsilon": 5.106114208492076, "gamma": 0.08271122436985667, "lamda": 0.14112647499884381}, "datetime": {"datetime": "2021-06-28 10:35:48", "elapsed": 984.250896, "delta": 14.160354}}
{"target": -92.75616690832322, "params": {"C": 3.015106760688041, "epsilon": 9.759208505103885, "gamma": 0.03506074139122962, "lamda": 0.35232123337542537}, "datetime": {"datetime": "2021-06-28 10:35:56", "elapsed": 992.978466, "delta": 8.72757}}
{"target": -93.30057793329534, "params": {"C": 1.1405610138487439, "epsilon": 6.901392661982774, "gamma": 0.04396233087206286, "lamda": 0.7554544490126784}, "datetime": {"datetime": "2021-06-28 10:36:10", "elapsed": 1006.741611, "delta": 13.763145}}
{"target": -97.39423695638119, "params": {"C": 4.822181479235554, "epsilon": 8.802674713848424, "gamma": 0.06352361504854245, "lamda": 0.31687850637478715}, "datetime": {"datetime": "2021-06-28 10:36:19", "elapsed": 1015.635738, "delta": 8.894127}}
{"target": -72.35059723551448, "params": {"C": 1.681915515785146, "epsilon": 8.163762215602077, "gamma": 0.10663365285628774, "lamda": 0.7241767337705245}, "datetime": {"datetime": "2021-06-28 10:36:33", "elapsed": 1029.570657, "delta": 13.934919}}
{"target": -11.826244243897372, "params": {"C": 2.11477333707352, "epsilon": 8.187224745808923, "gamma": 0.1079071636455332, "lamda": 0.11863633365221204}, "datetime": {"datetime": "2021-06-28 10:36:34", "elapsed": 1030.578387, "delta": 1.00773}}
{"target": -12.764604093816462, "params": {"C": 3.9016082566701455, "epsilon": 0.8685174239389201, "gamma": 0.1662395575828513, "lamda": 0.6685530716188453}, "datetime": {"datetime": "2021-06-28 10:36:35", "elapsed": 1031.558162, "delta": 0.979775}}
{"target": -13.36692271169887, "params": {"C": 1.5995083382532784, "epsilon": 1.9403278404211468, "gamma": 0.14918842123765935, "lamda": 0.6993613813004189}, "datetime": {"datetime": "2021-06-28 10:36:36", "elapsed": 1032.505129, "delta": 0.946967}}
{"target": -14.85498668326758, "params": {"C": 0.6114084645625765, "epsilon": 7.720367170038718, "gamma": 0.019669275925780917, "lamda": 0.46223027524846577}, "datetime": {"datetime": "2021-06-28 10:36:37", "elapsed": 1033.417128, "delta": 0.911999}}
{"target": -11.946183890046303, "params": {"C": 2.05638391143714, "epsilon": 5.462554491131968, "gamma": 0.09548694349044244, "lamda": 0.01248031159380289}, "datetime": {"datetime": "2021-06-28 10:36:38", "elapsed": 1034.402572, "delta": 0.985444}}
{"target": -11.900203815552999, "params": {"C": 4.455214375975576, "epsilon": 0.9403392152200803, "gamma": 0.029702958937810296, "lamda": 0.3843324582591751}, "datetime": {"datetime": "2021-06-28 10:36:39", "elapsed": 1035.394016, "delta": 0.991444}}
{"target": -12.13568457527973, "params": {"C": 2.59439914966545, "epsilon": 0.38021715905407527, "gamma": 0.048850386425824316, "lamda": 0.6564107876787552}, "datetime": {"datetime": "2021-06-28 10:36:40", "elapsed": 1036.352902, "delta": 0.958886}}
{"target": -91.81410576252388, "params": {"C": 4.383275809718549, "epsilon": 3.5313316248577076, "gamma": 0.06086073787630358, "lamda": 0.7988449338699227}, "datetime": {"datetime": "2021-06-28 10:36:54", "elapsed": 1050.927547, "delta": 14.574645}}
{"target": -93.21861588595365, "params": {"C": 3.874267469985322, "epsilon": 2.8894283472859263, "gamma": 0.0745908263893129, "lamda": 0.7488036202803627}, "datetime": {"datetime": "2021-06-28 10:37:08", "elapsed": 1064.825408, "delta": 13.897861}}
{"target": -14.334222823313493, "params": {"C": 1.3112930103220404, "epsilon": 4.638081640205998, "gamma": 0.1977035771490164, "lamda": 0.9381093236689786}, "datetime": {"datetime": "2021-06-28 10:37:09", "elapsed": 1065.768419, "delta": 0.943011}}
{"target": -14.229816460506555, "params": {"C": 0.9666830582095778, "epsilon": 9.824854483147565, "gamma": 0.17843309501393728, "lamda": 0.37466583837274076}, "datetime": {"datetime": "2021-06-28 10:37:10", "elapsed": 1066.772306, "delta": 1.003887}}
{"target": -12.564173784354956, "params": {"C": 2.5296726661585858, "epsilon": 8.042867321971077, "gamma": 0.17357269960650856, "lamda": 0.19928872529397448}, "datetime": {"datetime": "2021-06-28 10:37:11", "elapsed": 1067.730956, "delta": 0.95865}}
{"target": -62.802649540362474, "params": {"C": 3.3893096823409126, "epsilon": 8.091474467657656, "gamma": 0.1543265421422862, "lamda": 0.5487568202148759}, "datetime": {"datetime": "2021-06-28 10:37:20", "elapsed": 1076.812824, "delta": 9.081868}}
{"target": -12.212957304478412, "params": {"C": 2.2174637323411934, "epsilon": 7.2822525185227995, "gamma": 0.1315981505459651, "lamda": 0.04658481441858293}, "datetime": {"datetime": "2021-06-28 10:37:21", "elapsed": 1077.746756, "delta": 0.933932}}
{"target": -84.28865242260439, "params": {"C": 1.952733182338894, "epsilon": 5.571823286894075, "gamma": 0.10703561452557382, "lamda": 0.5768377062722276}, "datetime": {"datetime": "2021-06-28 10:37:30", "elapsed": 1086.75464, "delta": 9.007884}}
{"target": -11.665348332036988, "params": {"C": 2.9259885079622854, "epsilon": 7.667164376464792, "gamma": 0.027310209371267415, "lamda": 0.20962918340181816}, "datetime": {"datetime": "2021-06-28 10:37:31", "elapsed": 1087.731598, "delta": 0.976958}}
{"target": -16.485659519365516, "params": {"C": 0.5540626770490821, "epsilon": 2.5383400164455368, "gamma": 0.14823919681035533, "lamda": 0.012301922943047175}, "datetime": {"datetime": "2021-06-28 10:37:32", "elapsed": 1088.699363, "delta": 0.967765}}
{"target": -94.22516919473324, "params": {"C": 1.8834390311899856, "epsilon": 4.674893918836186, "gamma": 0.05946769656687944, "lamda": 0.7578871139287547}, "datetime": {"datetime": "2021-06-28 10:37:47", "elapsed": 1103.516522, "delta": 14.817159}}
{"target": -11.195729843829842, "params": {"C": 4.102353971948993, "epsilon": 4.738256282195199, "gamma": 0.0775438600038978, "lamda": 0.035425022063576686}, "datetime": {"datetime": "2021-06-28 10:37:48", "elapsed": 1104.537147, "delta": 1.020625}}
{"target": -12.724538918489664, "params": {"C": 5.617897140461188, "epsilon": 5.996109710857031, "gamma": 0.1811977178503017, "lamda": 0.07641429169388719}, "datetime": {"datetime": "2021-06-28 10:37:49", "elapsed": 1105.526007, "delta": 0.98886}}
{"target": -13.047556575134864, "params": {"C": 1.7446311541845125, "epsilon": 1.2866223596352735, "gamma": 0.12972205367913528, "lamda": 0.25167939701936054}, "datetime": {"datetime": "2021-06-28 10:37:50", "elapsed": 1106.626033, "delta": 1.100026}}
{"target": -88.5611383186128, "params": {"C": 5.756076728209757, "epsilon": 7.461480838652025, "gamma": 0.055196270969209385, "lamda": 0.7346121199378773}, "datetime": {"datetime": "2021-06-28 10:37:59", "elapsed": 1115.500066, "delta": 8.874033}}
{"target": -94.85890204949865, "params": {"C": 4.689997757075744, "epsilon": 5.437687903088835, "gamma": 0.03962501052479794, "lamda": 0.5888071246356675}, "datetime": {"datetime": "2021-06-28 10:38:08", "elapsed": 1124.591111, "delta": 9.091045}}
{"target": -18.542149581525557, "params": {"C": 0.28897570370084324, "epsilon": 9.813113093143773, "gamma": 0.19195010407480298, "lamda": 0.13529951547614327}, "datetime": {"datetime": "2021-06-28 10:38:09", "elapsed": 1125.55986, "delta": 0.968749}}
{"target": -11.818709273419637, "params": {"C": 3.081738321293071, "epsilon": 4.718658047876216, "gamma": 0.03188238181142958, "lamda": 0.6043115213879653}, "datetime": {"datetime": "2021-06-28 10:38:10", "elapsed": 1126.554296, "delta": 0.994436}}
{"target": -15.267190496008586, "params": {"C": 0.6555383792878663, "epsilon": 5.573659604295842, "gamma": 0.14438392757148893, "lamda": 0.8345098336289993}, "datetime": {"datetime": "2021-06-28 10:38:11", "elapsed": 1127.550296, "delta": 0.996}}
{"target": -52.32988649307043, "params": {"C": 5.3182966292595255, "epsilon": 1.4288024251141778, "gamma": 0.17544339592078356, "lamda": 0.8369441489063052}, "datetime": {"datetime": "2021-06-28 10:38:20", "elapsed": 1136.882433, "delta": 9.332137}}
{"target": -11.511865203859681, "params": {"C": 4.582582042444904, "epsilon": 0.37909189022322953, "gamma": 0.04579889069140942, "lamda": 0.03917768998131392}, "datetime": {"datetime": "2021-06-28 10:38:21", "elapsed": 1137.949715, "delta": 1.067282}}
{"target": -82.29843274447055, "params": {"C": 1.0470871936528374, "epsilon": 6.217010572545697, "gamma": 0.0961463718771648, "lamda": 0.5782659730033015}, "datetime": {"datetime": "2021-06-28 10:38:30", "elapsed": 1147.054385, "delta": 9.10467}}
{"target": -12.608000418362067, "params": {"C": 1.0630350919216596, "epsilon": 7.814683042839668, "gamma": 0.04962087881309315, "lamda": 0.47102545306059845}, "datetime": {"datetime": "2021-06-28 10:38:31", "elapsed": 1148.052497, "delta": 0.998112}}
{"target": -79.92078974457684, "params": {"C": 1.9658767427986856, "epsilon": 9.376762653970843, "gamma": 0.0958847708438973, "lamda": 0.6617995666971286}, "datetime": {"datetime": "2021-06-28 10:38:37", "elapsed": 1153.922927, "delta": 5.87043}}
{"target": -91.74859096288212, "params": {"C": 1.5826210658456485, "epsilon": 2.275426759624363, "gamma": 0.07219017507938769, "lamda": 0.23887726253547834}, "datetime": {"datetime": "2021-06-28 10:38:52", "elapsed": 1168.388218, "delta": 14.465291}}
{"target": -17.598671562146244, "params": {"C": 0.22354787123190092, "epsilon": 8.722353287897258, "gamma": 0.09296017167667268, "lamda": 0.13484432712922853}, "datetime": {"datetime": "2021-06-28 10:38:53", "elapsed": 1169.494419, "delta": 1.106201}}
{"target": -100.30297456580759, "params": {"C": 1.9211416239834844, "epsilon": 6.343755861187537, "gamma": 0.04012751666855475, "lamda": 0.9531759024533022}, "datetime": {"datetime": "2021-06-28 10:39:01", "elapsed": 1177.653646, "delta": 8.159227}}
{"target": -85.60587590227519, "params": {"C": 4.371274946196216, "epsilon": 8.441790349213809, "gamma": 0.08261746992441593, "lamda": 0.3605437931910237}, "datetime": {"datetime": "2021-06-28 10:39:12", "elapsed": 1188.175375, "delta": 10.521729}}
{"target": -87.61224956913661, "params": {"C": 3.1129665444617585, "epsilon": 3.9858333465992573, "gamma": 0.08971342401713014, "lamda": 0.7906207784771774}, "datetime": {"datetime": "2021-06-28 10:39:28", "elapsed": 1204.507307, "delta": 16.331932}}
{"target": -91.94265480426142, "params": {"C": 0.576858470222693, "epsilon": 6.474967055187479, "gamma": 0.07971296713319896, "lamda": 0.47803832835047105}, "datetime": {"datetime": "2021-06-28 10:39:40", "elapsed": 1216.279809, "delta": 11.772502}}
{"target": -12.538201177326613, "params": {"C": 5.240635118677727, "epsilon": 8.74704433250348, "gamma": 0.18098006569939912, "lamda": 0.1342309085351207}, "datetime": {"datetime": "2021-06-28 10:39:41", "elapsed": 1217.320123, "delta": 1.040314}}
{"target": -12.75036356796032, "params": {"C": 1.5461272573415035, "epsilon": 0.36072232763982914, "gamma": 0.06372092016848989, "lamda": 0.05750767474660467}, "datetime": {"datetime": "2021-06-28 10:39:42", "elapsed": 1218.373917, "delta": 1.053794}}
{"target": -49.80224482692549, "params": {"C": 5.153148231406852, "epsilon": 2.737193554563084, "gamma": 0.1995434696676527, "lamda": 0.7940576850902257}, "datetime": {"datetime": "2021-06-28 10:39:51", "elapsed": 1227.784862, "delta": 9.410945}}
{"target": -13.145573609068844, "params": {"C": 2.64316830102032, "epsilon": 2.7103557239012845, "gamma": 0.1885439149403654, "lamda": 0.014484702144673553}, "datetime": {"datetime": "2021-06-28 10:39:52", "elapsed": 1228.837109, "delta": 1.052247}}
{"target": -103.81038202855272, "params": {"C": 3.4302887254997274, "epsilon": 3.9964635829933384, "gamma": 0.04843451666882865, "lamda": 0.6653646871305046}, "datetime": {"datetime": "2021-06-28 10:40:06", "elapsed": 1242.772164, "delta": 13.935055}}
{"target": -11.507240123803648, "params": {"C": 3.3927738259649507, "epsilon": 4.613272089995526, "gamma": 0.04658318952730279, "lamda": 0.3408150629793789}, "datetime": {"datetime": "2021-06-28 10:40:07", "elapsed": 1243.906997, "delta": 1.134833}}
{"target": -81.3190182251152, "params": {"C": 3.2501723323365357, "epsilon": 1.2781675613239374, "gamma": 0.0959027642476584, "lamda": 0.3247790890674815}, "datetime": {"datetime": "2021-06-28 10:40:16", "elapsed": 1252.959977, "delta": 9.05298}}
{"target": -89.52979622488884, "params": {"C": 5.530316954336088, "epsilon": 1.3546415399939034, "gamma": 0.06907900738763545, "lamda": 0.8201157900873693}, "datetime": {"datetime": "2021-06-28 10:40:31", "elapsed": 1267.556327, "delta": 14.59635}}
{"target": -88.4236075211611, "params": {"C": 3.7716697483620565, "epsilon": 8.256086552249261, "gamma": 0.06856574129224928, "lamda": 0.3243647690727677}, "datetime": {"datetime": "2021-06-28 10:40:40", "elapsed": 1276.897439, "delta": 9.341112}}
{"target": -68.2656777628627, "params": {"C": 5.112378618030428, "epsilon": 9.745991164847814, "gamma": 0.01540657040020501, "lamda": 0.21228546361877007}, "datetime": {"datetime": "2021-06-28 10:40:50", "elapsed": 1286.639721, "delta": 9.742282}}
{"target": -81.99629171551503, "params": {"C": 0.9340185364725546, "epsilon": 1.690769145287905, "gamma": 0.10529122315891805, "lamda": 0.5704437679906107}, "datetime": {"datetime": "2021-06-28 10:40:59", "elapsed": 1296.07137, "delta": 9.431649}}
