{"target": -16.167018911966142, "params": {"C": 0.41979181719387915, "epsilon": 8.208657753792373, "gamma": 0.14219988407424494, "lamda": 2.043835259363152}, "datetime": {"datetime": "2021-06-28 13:33:15", "elapsed": 524.375529, "delta": 0.618621}}
{"target": -73.6825329412251, "params": {"C": 0.48950961382601743, "epsilon": 8.11136395135287, "gamma": 0.0976468194702913, "lamda": 1.9588159102324156}, "datetime": {"datetime": "2021-06-28 13:33:24", "elapsed": 533.741656, "delta": 9.366127}}
{"target": -16.373133166465017, "params": {"C": 0.6058540474571328, "epsilon": 8.077838240169214, "gamma": 0.19407981026239843, "lamda": 2.122528246406146}, "datetime": {"datetime": "2021-06-28 13:33:25", "elapsed": 534.335183, "delta": 0.593527}}
{"target": -76.45671480132667, "params": {"C": 0.4867363673567272, "epsilon": 8.308885887866156, "gamma": 0.09801204111666997, "lamda": 2.1766722840203543}, "datetime": {"datetime": "2021-06-28 13:33:34", "elapsed": 543.727832, "delta": 9.392649}}
{"target": -16.044709532906804, "params": {"C": 0.6708521404205796, "epsilon": 8.278201081997892, "gamma": 0.19746253093942812, "lamda": 2.1366463860933096}, "datetime": {"datetime": "2021-06-28 13:33:35", "elapsed": 544.377668, "delta": 0.649836}}
{"target": -15.660231001743421, "params": {"C": 0.39073781122990303, "epsilon": 8.191465019298558, "gamma": 0.10021467859520536, "lamda": 2.0661053821087134}, "datetime": {"datetime": "2021-06-28 13:33:36", "elapsed": 545.044994, "delta": 0.667326}}
{"target": -16.206123074759827, "params": {"C": 0.36127061541378064, "epsilon": 8.349205295607904, "gamma": 0.11861569166710442, "lamda": 2.0260491103995215}, "datetime": {"datetime": "2021-06-28 13:33:36", "elapsed": 545.749934, "delta": 0.70494}}
{"target": -56.29509847222608, "params": {"C": 0.5006688264823959, "epsilon": 8.274146026782564, "gamma": 0.1775903762811761, "lamda": 2.086184982266942}, "datetime": {"datetime": "2021-06-28 13:33:50", "elapsed": 559.55638, "delta": 13.806446}}
{"target": -65.35569284637631, "params": {"C": 9.651989307100832, "epsilon": 2.938617909796023, "gamma": 0.14876867758804835, "lamda": 1.6658548953752248}, "datetime": {"datetime": "2021-06-28 13:33:59", "elapsed": 568.842658, "delta": 9.286278}}
{"target": -15.77919806947686, "params": {"C": 0.5951401501147577, "epsilon": 8.132060737165126, "gamma": 0.1670301010862987, "lamda": 2.138531725647628}, "datetime": {"datetime": "2021-06-28 13:34:00", "elapsed": 569.50704, "delta": 0.664382}}
{"target": -75.47282582173395, "params": {"C": 0.3267079655891774, "epsilon": 8.452101943435737, "gamma": 0.10177136821510059, "lamda": 2.075807870855817}, "datetime": {"datetime": "2021-06-28 13:34:14", "elapsed": 583.480791, "delta": 13.973751}}
{"target": -16.421369083616412, "params": {"C": 0.4446922225863593, "epsilon": 8.14935839517964, "gamma": 0.1589159318674454, "lamda": 2.1030392038873535}, "datetime": {"datetime": "2021-06-28 13:34:15", "elapsed": 584.088798, "delta": 0.608007}}
{"target": -16.864861885998735, "params": {"C": 0.4382872123468711, "epsilon": 8.150505445314824, "gamma": 0.1768977802983546, "lamda": 1.9182978727014197}, "datetime": {"datetime": "2021-06-28 13:34:15", "elapsed": 584.752609, "delta": 0.663811}}
{"target": -16.297019862827025, "params": {"C": 0.6364740817988005, "epsilon": 8.16904703230484, "gamma": 0.19785260062761206, "lamda": 2.3650886724551508}, "datetime": {"datetime": "2021-06-28 13:34:16", "elapsed": 585.384188, "delta": 0.631579}}
{"target": -17.501774711225966, "params": {"C": 0.38397142982408705, "epsilon": 8.165368996868779, "gamma": 0.18654265126231076, "lamda": 2.0030843889132077}, "datetime": {"datetime": "2021-06-28 13:34:17", "elapsed": 586.039551, "delta": 0.655363}}
{"target": -60.613776064282746, "params": {"C": 6.967982253689931, "epsilon": 0.637857754504719, "gamma": 0.17254760313761583, "lamda": 1.810510524472311}, "datetime": {"datetime": "2021-06-28 13:34:26", "elapsed": 595.144598, "delta": 9.105047}}
{"target": -90.53891075378152, "params": {"C": 0.4286481758663823, "epsilon": 8.160050822066255, "gamma": 0.08031318896045023, "lamda": 2.0753738032754394}, "datetime": {"datetime": "2021-06-28 13:34:41", "elapsed": 610.19203, "delta": 15.047432}}
{"target": -15.206658777056834, "params": {"C": 0.6154329802942464, "epsilon": 8.095751567651726, "gamma": 0.14659013881535798, "lamda": 2.27837412076735}, "datetime": {"datetime": "2021-06-28 13:34:42", "elapsed": 610.869024, "delta": 0.676994}}
{"target": -16.047159637155815, "params": {"C": 0.3971997782491178, "epsilon": 8.211662045907666, "gamma": 0.12986451289713558, "lamda": 1.9526899763069168}, "datetime": {"datetime": "2021-06-28 13:34:42", "elapsed": 611.547029, "delta": 0.678005}}
{"target": -16.748214947060987, "params": {"C": 0.3270853381379798, "epsilon": 8.36900899609397, "gamma": 0.12204767364542633, "lamda": 1.9479325727028889}, "datetime": {"datetime": "2021-06-28 13:34:43", "elapsed": 612.152316, "delta": 0.605287}}
{"target": -60.40646029898916, "params": {"C": 6.469405745003178, "epsilon": 8.138291642807872, "gamma": 0.16429993727624123, "lamda": 1.9648295581064599}, "datetime": {"datetime": "2021-06-28 13:34:52", "elapsed": 621.344555, "delta": 9.192239}}
{"target": -16.64866277718401, "params": {"C": 0.48589785316277556, "epsilon": 8.047261764952554, "gamma": 0.17641782966451044, "lamda": 2.1154351157382925}, "datetime": {"datetime": "2021-06-28 13:34:53", "elapsed": 622.007555, "delta": 0.663}}
{"target": -79.60239282483771, "params": {"C": 0.43733192650171626, "epsilon": 8.141047782710421, "gamma": 0.11239883455161667, "lamda": 1.925118489413802}, "datetime": {"datetime": "2021-06-28 13:35:02", "elapsed": 631.295965, "delta": 9.28841}}
{"target": -15.876283741682409, "params": {"C": 0.4800725144207756, "epsilon": 8.273711998181094, "gamma": 0.14601777688378675, "lamda": 1.8739890642141557}, "datetime": {"datetime": "2021-06-28 13:35:03", "elapsed": 631.877959, "delta": 0.581994}}
{"target": -16.16177604010583, "params": {"C": 0.6543552010747745, "epsilon": 8.153548225108656, "gamma": 0.19674194500989448, "lamda": 2.196641551402166}, "datetime": {"datetime": "2021-06-28 13:35:03", "elapsed": 632.576901, "delta": 0.698942}}
{"target": -68.32793992796006, "params": {"C": 7.368203793803561, "epsilon": 6.993609562197387, "gamma": 0.14087818073631356, "lamda": 1.6226410284365904}, "datetime": {"datetime": "2021-06-28 13:35:13", "elapsed": 642.037336, "delta": 9.460435}}
{"target": -15.491327552276035, "params": {"C": 0.5880790568551721, "epsilon": 8.318381945764719, "gamma": 0.15453987761806204, "lamda": 1.892660078418456}, "datetime": {"datetime": "2021-06-28 13:35:13", "elapsed": 642.747496, "delta": 0.71016}}
{"target": -67.36214902949435, "params": {"C": 3.525271707893445, "epsilon": 4.111475312157531, "gamma": 0.12658900202101497, "lamda": 1.1794540208841737}, "datetime": {"datetime": "2021-06-28 13:35:23", "elapsed": 652.148278, "delta": 9.400782}}
{"target": -60.922015491505846, "params": {"C": 0.4631312019823087, "epsilon": 8.375810616465374, "gamma": 0.14606846819829777, "lamda": 1.9792609595522201}, "datetime": {"datetime": "2021-06-28 13:35:29", "elapsed": 658.413207, "delta": 6.264929}}
{"target": -18.27539935479524, "params": {"C": 0.3271830442351861, "epsilon": 8.361532049559932, "gamma": 0.1911738245787694, "lamda": 1.9669687413014836}, "datetime": {"datetime": "2021-06-28 13:35:30", "elapsed": 659.032335, "delta": 0.619128}}
{"target": -16.3069102435532, "params": {"C": 0.39704260533328006, "epsilon": 8.329672090476132, "gamma": 0.1415452898567975, "lamda": 1.8782210209073251}, "datetime": {"datetime": "2021-06-28 13:35:30", "elapsed": 659.698282, "delta": 0.665947}}
{"target": -87.30067893416938, "params": {"C": 0.502050173072196, "epsilon": 8.222341315665842, "gamma": 0.0724385547491309, "lamda": 1.8739687221324783}, "datetime": {"datetime": "2021-06-28 13:35:45", "elapsed": 674.492157, "delta": 14.793875}}
{"target": -16.185906952178737, "params": {"C": 0.3745466759378894, "epsilon": 8.343152814308366, "gamma": 0.12620106985923185, "lamda": 1.9443930489141665}, "datetime": {"datetime": "2021-06-28 13:35:46", "elapsed": 675.216538, "delta": 0.724381}}
{"target": -53.525909270005215, "params": {"C": 3.089235629637615, "epsilon": 9.545930191541563, "gamma": 0.19494549016014215, "lamda": 1.8084347136833459}, "datetime": {"datetime": "2021-06-28 13:35:55", "elapsed": 684.405598, "delta": 9.18906}}
{"target": -68.17809239478018, "params": {"C": 6.644234336446875, "epsilon": 6.381704513287977, "gamma": 0.11466033522978474, "lamda": 1.2740240019007985}, "datetime": {"datetime": "2021-06-28 13:36:08", "elapsed": 697.671304, "delta": 13.265706}}
{"target": -17.315120821018073, "params": {"C": 0.40664159583127507, "epsilon": 8.294470917257302, "gamma": 0.18800637075165183, "lamda": 1.7736329725355062}, "datetime": {"datetime": "2021-06-28 13:36:09", "elapsed": 698.427791, "delta": 0.756487}}
{"target": -17.927648973089067, "params": {"C": 0.3555370235226939, "epsilon": 8.198581668849938, "gamma": 0.19323817743329333, "lamda": 1.9665543417407245}, "datetime": {"datetime": "2021-06-28 13:36:10", "elapsed": 699.099109, "delta": 0.671318}}
{"target": -56.41852741937111, "params": {"C": 0.6343498770777868, "epsilon": 8.361242555710325, "gamma": 0.1911092311054785, "lamda": 1.8437372356399155}, "datetime": {"datetime": "2021-06-28 13:36:26", "elapsed": 714.956815, "delta": 15.857706}}
{"target": -15.751242443678166, "params": {"C": 0.3922217524527378, "epsilon": 8.297291783254154, "gamma": 0.10906170188228587, "lamda": 1.875136578345908}, "datetime": {"datetime": "2021-06-28 13:36:26", "elapsed": 715.73115, "delta": 0.774335}}
{"target": -16.938650294998446, "params": {"C": 0.47070081502061567, "epsilon": 8.04600373749683, "gamma": 0.18606292362935709, "lamda": 2.1005072744931814}, "datetime": {"datetime": "2021-06-28 13:36:27", "elapsed": 716.463004, "delta": 0.731854}}
{"target": -16.182489265296944, "params": {"C": 0.6083151155551259, "epsilon": 8.039613574053737, "gamma": 0.18610995933174285, "lamda": 2.0896927811999504}, "datetime": {"datetime": "2021-06-28 13:36:28", "elapsed": 717.130985, "delta": 0.667981}}
{"target": -16.537296528785266, "params": {"C": 0.3775012722531157, "epsilon": 8.33878908109668, "gamma": 0.14338524952968823, "lamda": 1.7345730711078953}, "datetime": {"datetime": "2021-06-28 13:36:28", "elapsed": 717.813062, "delta": 0.682077}}
{"target": -15.773714660610366, "params": {"C": 0.5970743006253061, "epsilon": 8.155564436692616, "gamma": 0.16797630171322953, "lamda": 2.273350208495744}, "datetime": {"datetime": "2021-06-28 13:36:29", "elapsed": 718.578059, "delta": 0.764997}}
{"target": -78.54374214947893, "params": {"C": 3.0938991589176985, "epsilon": 3.2695691297708445, "gamma": 0.11152777623259123, "lamda": 1.1930452288465732}, "datetime": {"datetime": "2021-06-28 13:36:39", "elapsed": 728.040057, "delta": 9.461998}}
{"target": -85.90301773532534, "params": {"C": 0.43093273645140395, "epsilon": 8.276772999333541, "gamma": 0.07109704412961287, "lamda": 1.9616540831943114}, "datetime": {"datetime": "2021-06-28 13:36:54", "elapsed": 743.115527, "delta": 15.07547}}
{"target": -61.5479537746496, "params": {"C": 3.1780632822971744, "epsilon": 2.2661934801961614, "gamma": 0.16574574181611632, "lamda": 2.284996113758031}, "datetime": {"datetime": "2021-06-28 13:37:03", "elapsed": 752.083049, "delta": 8.967522}}
{"target": -16.220376050461944, "params": {"C": 0.41616305221023026, "epsilon": 8.398250910212091, "gamma": 0.1442152953899331, "lamda": 1.8754618995405519}, "datetime": {"datetime": "2021-06-28 13:37:03", "elapsed": 752.688319, "delta": 0.60527}}
{"target": -57.305743094931884, "params": {"C": 0.6323941916592885, "epsilon": 8.109953500520083, "gamma": 0.15610667901599815, "lamda": 2.351410564543618}, "datetime": {"datetime": "2021-06-28 13:37:13", "elapsed": 761.943274, "delta": 9.254955}}
{"target": -69.07098828280897, "params": {"C": 5.206989807345972, "epsilon": 3.397502420737164, "gamma": 0.14267687620567096, "lamda": 1.8457641997619483}, "datetime": {"datetime": "2021-06-28 13:37:22", "elapsed": 771.212979, "delta": 9.269705}}
{"target": -16.191274224741758, "params": {"C": 0.35760956730880655, "epsilon": 8.16113628577249, "gamma": 0.11424372595211489, "lamda": 2.140514756943968}, "datetime": {"datetime": "2021-06-28 13:37:23", "elapsed": 771.89574, "delta": 0.682761}}
{"target": -17.33047448623081, "params": {"C": 0.4318025997883699, "epsilon": 8.261487994886636, "gamma": 0.1951768461318852, "lamda": 2.037115993929384}, "datetime": {"datetime": "2021-06-28 13:37:23", "elapsed": 772.705724, "delta": 0.809984}}
{"target": -76.78125506882613, "params": {"C": 2.4320512966691856, "epsilon": 4.806423590408611, "gamma": 0.112138982423836, "lamda": 1.384337466056966}, "datetime": {"datetime": "2021-06-28 13:37:33", "elapsed": 782.169262, "delta": 9.463538}}
{"target": -16.108550751154358, "params": {"C": 0.6670986526610826, "epsilon": 8.271804165843584, "gamma": 0.2, "lamda": 2.139604637436738}, "datetime": {"datetime": "2021-06-28 13:37:34", "elapsed": 782.979582, "delta": 0.81032}}
{"target": -87.5186953965186, "params": {"C": 1.4168567725502348, "epsilon": 1.2306707966557522, "gamma": 0.08336036827181278, "lamda": 2.3815568958075843}, "datetime": {"datetime": "2021-06-28 13:37:49", "elapsed": 798.216471, "delta": 15.236889}}
{"target": -17.584679757386283, "params": {"C": 0.317774296906891, "epsilon": 8.234685023168044, "gamma": 0.15704199763780494, "lamda": 1.9822615499663394}, "datetime": {"datetime": "2021-06-28 13:37:50", "elapsed": 798.906436, "delta": 0.689965}}
{"target": -15.312472269526586, "params": {"C": 0.6011674497387802, "epsilon": 8.380098599853579, "gamma": 0.1498191304418022, "lamda": 1.9183488326547091}, "datetime": {"datetime": "2021-06-28 13:37:50", "elapsed": 799.710017, "delta": 0.803581}}
{"target": -17.151761176933984, "params": {"C": 0.3224226417178847, "epsilon": 8.305674061291988, "gamma": 0.1397205094813546, "lamda": 1.75703831797768}, "datetime": {"datetime": "2021-06-28 13:37:51", "elapsed": 800.496377, "delta": 0.78636}}
{"target": -72.97141436204046, "params": {"C": 0.5361160722736558, "epsilon": 8.013561801154424, "gamma": 0.11221643911979817, "lamda": 2.0527460019774595}, "datetime": {"datetime": "2021-06-28 13:38:01", "elapsed": 810.439899, "delta": 9.943522}}
{"target": -83.7888445697648, "params": {"C": 0.358115352877671, "epsilon": 8.252475207434246, "gamma": 0.07880981233781123, "lamda": 1.8933966592320055}, "datetime": {"datetime": "2021-06-28 13:38:11", "elapsed": 820.135906, "delta": 9.696007}}
{"target": -14.925018423111522, "params": {"C": 1.149611314021272, "epsilon": 2.4907896858272043, "gamma": 0.18949026494159668, "lamda": 1.8907571106872727}, "datetime": {"datetime": "2021-06-28 13:38:11", "elapsed": 820.855711, "delta": 0.719805}}
{"target": -94.44419690943798, "params": {"C": 0.6287420292904901, "epsilon": 8.42481077145078, "gamma": 0.050165417661878896, "lamda": 1.9166876328440972}, "datetime": {"datetime": "2021-06-28 13:38:25", "elapsed": 834.734931, "delta": 13.87922}}
{"target": -16.62025503933158, "params": {"C": 0.5273384525488172, "epsilon": 8.132267304086959, "gamma": 0.18733922434552394, "lamda": 1.9276702672725718}, "datetime": {"datetime": "2021-06-28 13:38:26", "elapsed": 835.532927, "delta": 0.797996}}
{"target": -59.40465522413382, "params": {"C": 3.2328963426996435, "epsilon": 7.597054308514766, "gamma": 0.1704904382644718, "lamda": 1.9322602635185349}, "datetime": {"datetime": "2021-06-28 13:38:35", "elapsed": 844.741574, "delta": 9.208647}}
{"target": -15.95242622329726, "params": {"C": 0.6500329668872074, "epsilon": 8.227942355341053, "gamma": 0.18416603200814938, "lamda": 2.1688189851503212}, "datetime": {"datetime": "2021-06-28 13:38:36", "elapsed": 845.516134, "delta": 0.77456}}
{"target": -16.617391159143914, "params": {"C": 0.5259344243237818, "epsilon": 8.104295834233215, "gamma": 0.1866594342762476, "lamda": 2.0762589977288215}, "datetime": {"datetime": "2021-06-28 13:38:37", "elapsed": 846.320133, "delta": 0.803999}}
{"target": -16.490829538383405, "params": {"C": 0.3531874828878179, "epsilon": 8.305989389389275, "gamma": 0.12815870816895733, "lamda": 2.0789613477527826}, "datetime": {"datetime": "2021-06-28 13:38:38", "elapsed": 847.097614, "delta": 0.777481}}
{"target": -15.397342501849586, "params": {"C": 0.34988550122239614, "epsilon": 8.36776003208825, "gamma": 0.055600020559293285, "lamda": 2.017121544165291}, "datetime": {"datetime": "2021-06-28 13:38:38", "elapsed": 847.812583, "delta": 0.714969}}
{"target": -88.47360513909138, "params": {"C": 0.40817799608637334, "epsilon": 8.39553667848554, "gamma": 0.08987316415106814, "lamda": 1.7286925792997963}, "datetime": {"datetime": "2021-06-28 13:38:48", "elapsed": 857.559167, "delta": 9.746584}}
{"target": -17.607529143808385, "params": {"C": 0.40050210959102095, "epsilon": 8.285756449363465, "gamma": 0.1983285018630833, "lamda": 1.8595221155762414}, "datetime": {"datetime": "2021-06-28 13:38:49", "elapsed": 858.311207, "delta": 0.75204}}
{"target": -16.07391098534237, "params": {"C": 0.6130349758647986, "epsilon": 8.19290735180478, "gamma": 0.18310385659146497, "lamda": 2.031709023901403}, "datetime": {"datetime": "2021-06-28 13:38:50", "elapsed": 859.034131, "delta": 0.722924}}
{"target": -16.656926518897226, "params": {"C": 0.42155738391848807, "epsilon": 8.37828790694932, "gamma": 0.16390485307598085, "lamda": 1.90447938967888}, "datetime": {"datetime": "2021-06-28 13:38:50", "elapsed": 859.799894, "delta": 0.765763}}
{"target": -17.28618846586949, "params": {"C": 0.3623457453422408, "epsilon": 8.268372037721265, "gamma": 0.166552123306278, "lamda": 1.9927767835433459}, "datetime": {"datetime": "2021-06-28 13:38:51", "elapsed": 860.627763, "delta": 0.827869}}
{"target": -17.226714226239633, "params": {"C": 0.328907240707262, "epsilon": 8.238562923578234, "gamma": 0.14744750536778695, "lamda": 1.999407049804318}, "datetime": {"datetime": "2021-06-28 13:38:52", "elapsed": 861.426796, "delta": 0.799033}}
{"target": -81.4278767911948, "params": {"C": 9.717053507028929, "epsilon": 3.3356897591284342, "gamma": 0.09392230971898385, "lamda": 1.3902859232688625}, "datetime": {"datetime": "2021-06-28 13:39:02", "elapsed": 870.919948, "delta": 9.493152}}
{"target": -57.79532989144528, "params": {"C": 2.307014697826808, "epsilon": 7.628523564253152, "gamma": 0.16325095096701187, "lamda": 1.7862114379651897}, "datetime": {"datetime": "2021-06-28 13:39:11", "elapsed": 880.23762, "delta": 9.317672}}
{"target": -16.876424852163787, "params": {"C": 0.324482732288281, "epsilon": 8.338935051564281, "gamma": 0.12775703478875794, "lamda": 1.720072941079071}, "datetime": {"datetime": "2021-06-28 13:39:12", "elapsed": 881.17258, "delta": 0.93496}}
{"target": -18.18758625823607, "params": {"C": 0.33882386249563584, "epsilon": 8.24789836182476, "gamma": 0.19592197447595075, "lamda": 2.0720068337732513}, "datetime": {"datetime": "2021-06-28 13:39:13", "elapsed": 881.947427, "delta": 0.774847}}
{"target": -17.432664680487047, "params": {"C": 0.32298944863971457, "epsilon": 8.273743605212735, "gamma": 0.15248229858441967, "lamda": 1.883734911912043}, "datetime": {"datetime": "2021-06-28 13:39:13", "elapsed": 882.764445, "delta": 0.817018}}
{"target": -15.495889559595074, "params": {"C": 0.6973949155042932, "epsilon": 8.160419791416027, "gamma": 0.1745737008806733, "lamda": 2.2173483396469837}, "datetime": {"datetime": "2021-06-28 13:39:14", "elapsed": 883.556724, "delta": 0.792279}}
{"target": -91.40560486202739, "params": {"C": 5.712302849188319, "epsilon": 7.3486008891229675, "gamma": 0.08077517571878144, "lamda": 1.542962541458667}, "datetime": {"datetime": "2021-06-28 13:39:29", "elapsed": 898.174507, "delta": 14.617783}}
{"target": -57.58161370180008, "params": {"C": 4.827615509061696, "epsilon": 6.129882642603859, "gamma": 0.15956517454701072, "lamda": 1.5612479573394733}, "datetime": {"datetime": "2021-06-28 13:39:38", "elapsed": 907.829355, "delta": 9.654848}}
{"target": -72.57234236797349, "params": {"C": 5.125298178902609, "epsilon": 2.012597126127254, "gamma": 0.11530905796615043, "lamda": 2.3930063291694768}, "datetime": {"datetime": "2021-06-28 13:39:48", "elapsed": 917.276987, "delta": 9.447632}}
{"target": -13.03348637076332, "params": {"C": 6.550567307606285, "epsilon": 3.780083275332716, "gamma": 0.19711916855774128, "lamda": 1.043791855181914}, "datetime": {"datetime": "2021-06-28 13:39:49", "elapsed": 918.082533, "delta": 0.805546}}
{"target": -16.91247779411824, "params": {"C": 0.4028910206602147, "epsilon": 8.29606062055823, "gamma": 0.16865273412555667, "lamda": 2.109256058465344}, "datetime": {"datetime": "2021-06-28 13:39:50", "elapsed": 918.915172, "delta": 0.832639}}
{"target": -17.29880671716918, "params": {"C": 0.37889941692892604, "epsilon": 8.229381247562616, "gamma": 0.1752370803092442, "lamda": 2.0877385194026807}, "datetime": {"datetime": "2021-06-28 13:39:51", "elapsed": 919.869902, "delta": 0.95473}}
{"target": -91.20671817444112, "params": {"C": 4.201504745640431, "epsilon": 3.928602621117768, "gamma": 0.08264511474555994, "lamda": 1.8243300524407615}, "datetime": {"datetime": "2021-06-28 13:40:07", "elapsed": 936.466443, "delta": 16.596541}}
{"target": -81.30460938990811, "params": {"C": 0.3644094216303764, "epsilon": 8.313367796513276, "gamma": 0.09440387057483748, "lamda": 2.148866941007422}, "datetime": {"datetime": "2021-06-28 13:40:18", "elapsed": 947.47328, "delta": 11.006837}}
{"target": -16.19079262962885, "params": {"C": 0.42750170025608547, "epsilon": 8.02224716588384, "gamma": 0.1451988765537897, "lamda": 2.137670365162437}, "datetime": {"datetime": "2021-06-28 13:40:19", "elapsed": 948.293859, "delta": 0.820579}}
