{"target": -22.35602222696713, "params": {"C": 0.1, "epsilon": 10.0, "gamma": 0.1, "lamda": 0.43851541378737574}, "datetime": {"datetime": "2021-06-21 20:47:48", "elapsed": 267.482864, "delta": 1.281017}}
{"target": -23.094659616337925, "params": {"C": 0.09043886211909354, "epsilon": 8.17089927558978, "gamma": 0.10464857516682313, "lamda": 0.4531796811602752}, "datetime": {"datetime": "2021-06-21 20:47:49", "elapsed": 268.9285, "delta": 1.445636}}
{"target": -22.753622589778768, "params": {"C": 0.1, "epsilon": 7.6915621724298715, "gamma": 0.1, "lamda": 0.15946068871027114}, "datetime": {"datetime": "2021-06-21 20:47:50", "elapsed": 270.337583, "delta": 1.409083}}
{"target": -25.331941770444526, "params": {"C": 0.09518653949291829, "epsilon": 8.644393799275694, "gamma": 0.22048534655325344, "lamda": 0.6814715271310344}, "datetime": {"datetime": "2021-06-21 20:47:52", "elapsed": 271.59187, "delta": 1.254287}}
{"target": -23.356305741347505, "params": {"C": 0.1, "epsilon": 5.331311543613339, "gamma": 0.1, "lamda": 0.5567618313776121}, "datetime": {"datetime": "2021-06-21 20:47:53", "elapsed": 272.678193, "delta": 1.086323}}
{"target": -25.53403457095225, "params": {"C": 0.08243847651752259, "epsilon": 8.300609736076645, "gamma": 0.2007682132702907, "lamda": 0.6715099807349592}, "datetime": {"datetime": "2021-06-21 20:47:54", "elapsed": 273.690708, "delta": 1.012515}}
{"target": -29.804735032610214, "params": {"C": 0.07071951651489858, "epsilon": 8.671154536427157, "gamma": 0.5556056537061757, "lamda": 0.3457870951037666}, "datetime": {"datetime": "2021-06-21 20:47:55", "elapsed": 274.628212, "delta": 0.937504}}
{"target": -22.227498328839022, "params": {"C": 0.1, "epsilon": 10.0, "gamma": 0.1, "lamda": 0.009}, "datetime": {"datetime": "2021-06-21 20:47:57", "elapsed": 276.492295, "delta": 1.864083}}
{"target": -22.63652569822306, "params": {"C": 0.1, "epsilon": 8.437384481656771, "gamma": 0.1, "lamda": 0.3291830573249409}, "datetime": {"datetime": "2021-06-21 20:47:58", "elapsed": 277.880553, "delta": 1.388258}}
{"target": -23.041003245086163, "params": {"C": 0.1, "epsilon": 6.506779047408749, "gamma": 0.1, "lamda": 0.3208630044620636}, "datetime": {"datetime": "2021-06-21 20:48:00", "elapsed": 280.049667, "delta": 2.169114}}
{"target": -22.321434432860425, "params": {"C": 0.1, "epsilon": 9.666658981705385, "gamma": 0.1, "lamda": 0.09633848788831491}, "datetime": {"datetime": "2021-06-21 20:48:05", "elapsed": 284.508525, "delta": 4.458858}}
{"target": -22.56476048004302, "params": {"C": 0.1, "epsilon": 8.41514484777052, "gamma": 0.1, "lamda": 0.009}, "datetime": {"datetime": "2021-06-21 20:48:07", "elapsed": 286.709627, "delta": 2.201102}}
{"target": -22.5953568652472, "params": {"C": 0.0982046608485382, "epsilon": 9.163280695838452, "gamma": 0.1015714277475047, "lamda": 0.3939712805248546}, "datetime": {"datetime": "2021-06-21 20:48:09", "elapsed": 289.102511, "delta": 2.392884}}
{"target": -33.19541999638459, "params": {"C": 0.014801190394692396, "epsilon": 6.928904462896548, "gamma": 0.5472591123061539, "lamda": 0.28474696900519114}, "datetime": {"datetime": "2021-06-21 20:48:12", "elapsed": 291.654999, "delta": 2.552488}}
{"target": -22.990986360367643, "params": {"C": 0.1, "epsilon": 7.153990682782984, "gamma": 0.1, "lamda": 0.7}, "datetime": {"datetime": "2021-06-21 20:48:14", "elapsed": 294.144181, "delta": 2.489182}}
{"target": -23.456089447184766, "params": {"C": 0.09623586693618645, "epsilon": 5.45030925781057, "gamma": 0.10190399806183703, "lamda": 0.3131059525331631}, "datetime": {"datetime": "2021-06-21 20:48:16", "elapsed": 295.653787, "delta": 1.509606}}
{"target": -22.614338687818947, "params": {"C": 0.1, "epsilon": 8.596288450073605, "gamma": 0.1, "lamda": 0.3648063676017195}, "datetime": {"datetime": "2021-06-21 20:48:18", "elapsed": 297.664335, "delta": 2.010548}}
{"target": -22.38679880397122, "params": {"C": 0.1, "epsilon": 9.525489623152597, "gamma": 0.1, "lamda": 0.2316185680985549}, "datetime": {"datetime": "2021-06-21 20:48:20", "elapsed": 299.851703, "delta": 2.187368}}
{"target": -23.183544345764684, "params": {"C": 0.1, "epsilon": 5.771112229872026, "gamma": 0.1, "lamda": 0.1342510228126654}, "datetime": {"datetime": "2021-06-21 20:48:21", "elapsed": 301.090032, "delta": 1.238329}}
{"target": -22.40726732058029, "params": {"C": 0.1, "epsilon": 9.154308444070281, "gamma": 0.1, "lamda": 0.009}, "datetime": {"datetime": "2021-06-21 20:48:23", "elapsed": 302.799404, "delta": 1.709372}}
{"target": -22.763807966927963, "params": {"C": 0.1, "epsilon": 7.816952062298316, "gamma": 0.1, "lamda": 0.3261033678664908}, "datetime": {"datetime": "2021-06-21 20:48:25", "elapsed": 304.646509, "delta": 1.847105}}
{"target": -23.515139387451526, "params": {"C": 0.0992279001585758, "epsilon": 8.834852855769832, "gamma": 0.13639084336579427, "lamda": 0.5321771933985349}, "datetime": {"datetime": "2021-06-21 20:48:27", "elapsed": 307.055151, "delta": 2.408642}}
{"target": -22.480914125512665, "params": {"C": 0.1, "epsilon": 9.31366841462662, "gamma": 0.1, "lamda": 0.401162575813253}, "datetime": {"datetime": "2021-06-21 20:48:30", "elapsed": 310.071753, "delta": 3.016602}}
{"target": -31.435471122309078, "params": {"C": 0.0550288170100208, "epsilon": 9.459391720148478, "gamma": 0.7829139462694427, "lamda": 0.5392224439969252}, "datetime": {"datetime": "2021-06-21 20:48:32", "elapsed": 311.760143, "delta": 1.68839}}
{"target": -22.366436377518024, "params": {"C": 0.1, "epsilon": 9.884072926915524, "gamma": 0.1, "lamda": 0.4003154624151539}, "datetime": {"datetime": "2021-06-21 20:48:34", "elapsed": 314.158062, "delta": 2.397919}}
{"target": -22.698212498508976, "params": {"C": 0.1, "epsilon": 8.505174154382768, "gamma": 0.1, "lamda": 0.6006906275221021}, "datetime": {"datetime": "2021-06-21 20:48:37", "elapsed": 316.598367, "delta": 2.440305}}
{"target": -24.373095312388255, "params": {"C": 0.1, "epsilon": 8.232419077010277, "gamma": 0.18758162703659512, "lamda": 0.24247486785802755}, "datetime": {"datetime": "2021-06-21 20:48:39", "elapsed": 319.041781, "delta": 2.443414}}
{"target": -28.486686192457654, "params": {"C": 0.08572008632198087, "epsilon": 5.249049510697638, "gamma": 0.3520763256327787, "lamda": 0.11407955667275738}, "datetime": {"datetime": "2021-06-21 20:48:41", "elapsed": 320.506589, "delta": 1.464808}}
{"target": -22.332721093302045, "params": {"C": 0.1, "epsilon": 9.504176693329656, "gamma": 0.1, "lamda": 0.009}, "datetime": {"datetime": "2021-06-21 20:48:43", "elapsed": 322.654402, "delta": 2.147813}}
{"target": -22.45409919945254, "params": {"C": 0.1, "epsilon": 9.061324064395919, "gamma": 0.1, "lamda": 0.11688978250220533}, "datetime": {"datetime": "2021-06-21 20:48:45", "elapsed": 324.555934, "delta": 1.901532}}
{"target": -29.285132187689484, "params": {"C": 0.08708899220264177, "epsilon": 9.108995732779423, "gamma": 0.575381561334924, "lamda": 0.20397404632427105}, "datetime": {"datetime": "2021-06-21 20:48:46", "elapsed": 325.535295, "delta": 0.979361}}
{"target": -26.776394082226286, "params": {"C": 0.1, "epsilon": 7.248877549893386, "gamma": 0.300893468225681, "lamda": 0.7}, "datetime": {"datetime": "2021-06-21 20:48:47", "elapsed": 327.455197, "delta": 1.919902}}
{"target": -23.146724299390108, "params": {"C": 0.1, "epsilon": 6.240730699724119, "gamma": 0.1, "lamda": 0.5503174949277627}, "datetime": {"datetime": "2021-06-21 20:48:49", "elapsed": 329.072283, "delta": 1.617086}}
{"target": -22.969290952616408, "params": {"C": 0.1, "epsilon": 7.113689943419842, "gamma": 0.1, "lamda": 0.5741285272864349}, "datetime": {"datetime": "2021-06-21 20:48:50", "elapsed": 330.425263, "delta": 1.35298}}
{"target": -22.67531784382648, "params": {"C": 0.1, "epsilon": 8.666275390564685, "gamma": 0.1, "lamda": 0.6300517623706511}, "datetime": {"datetime": "2021-06-21 20:48:52", "elapsed": 331.835252, "delta": 1.409989}}
{"target": -23.373712294973757, "params": {"C": 0.1, "epsilon": 5.081383576441949, "gamma": 0.1, "lamda": 0.27208661051790384}, "datetime": {"datetime": "2021-06-21 20:48:53", "elapsed": 333.342132, "delta": 1.50688}}
{"target": -22.73288805476775, "params": {"C": 0.1, "epsilon": 7.63837934812648, "gamma": 0.1, "lamda": 0.009}, "datetime": {"datetime": "2021-06-21 20:48:55", "elapsed": 335.216211, "delta": 1.874079}}
{"target": -22.936618963256834, "params": {"C": 0.1, "epsilon": 6.796087902441245, "gamma": 0.1, "lamda": 0.10697555920886574}, "datetime": {"datetime": "2021-06-21 20:48:57", "elapsed": 337.011895, "delta": 1.795684}}
{"target": -22.852811143341693, "params": {"C": 0.1, "epsilon": 7.092616670338805, "gamma": 0.1, "lamda": 0.009}, "datetime": {"datetime": "2021-06-21 20:48:59", "elapsed": 338.887697, "delta": 1.875802}}
{"target": -30.851426595166608, "params": {"C": 0.04326375621611781, "epsilon": 7.541335523360845, "gamma": 0.469824454473434, "lamda": 0.6603398929007942}, "datetime": {"datetime": "2021-06-21 20:49:00", "elapsed": 339.880065, "delta": 0.992368}}
{"target": -23.385280200638753, "params": {"C": 0.1, "epsilon": 5.313511584007497, "gamma": 0.1, "lamda": 0.7}, "datetime": {"datetime": "2021-06-21 20:49:02", "elapsed": 341.486378, "delta": 1.606313}}
{"target": -30.396543217402595, "params": {"C": 0.07874397232181708, "epsilon": 5.814510939214115, "gamma": 0.5907987999487276, "lamda": 0.12678635927858603}, "datetime": {"datetime": "2021-06-21 20:49:03", "elapsed": 342.498496, "delta": 1.012118}}
{"target": -28.02679017382475, "params": {"C": 0.08748350027277352, "epsilon": 6.643768785587401, "gamma": 0.35182056731696876, "lamda": 0.6040668337684775}, "datetime": {"datetime": "2021-06-21 20:49:04", "elapsed": 343.506104, "delta": 1.007608}}
{"target": -28.651382390746633, "params": {"C": 0.060026509765657564, "epsilon": 9.207417960880278, "gamma": 0.37222992914596964, "lamda": 0.08538150078898551}, "datetime": {"datetime": "2021-06-21 20:49:05", "elapsed": 344.542469, "delta": 1.036365}}
{"target": -24.428653828747194, "params": {"C": 0.1, "epsilon": 7.424964276696359, "gamma": 0.18101931722780437, "lamda": 0.4518656461847429}, "datetime": {"datetime": "2021-06-21 20:49:06", "elapsed": 345.94496, "delta": 1.402491}}
{"target": -29.092303238042444, "params": {"C": 0.048809520865454536, "epsilon": 7.906097398757057, "gamma": 0.3307064248831675, "lamda": 0.1034730224507178}, "datetime": {"datetime": "2021-06-21 20:49:07", "elapsed": 347.116127, "delta": 1.171167}}
{"target": -22.891842211600256, "params": {"C": 0.1, "epsilon": 7.059117715721346, "gamma": 0.1, "lamda": 0.169147069798258}, "datetime": {"datetime": "2021-06-21 20:49:08", "elapsed": 348.447604, "delta": 1.331477}}
{"target": -23.42023872801767, "params": {"C": 0.1, "epsilon": 5.008848631078011, "gamma": 0.1, "lamda": 0.4719997218037479}, "datetime": {"datetime": "2021-06-21 20:49:10", "elapsed": 350.336404, "delta": 1.8888}}
{"target": -22.51341540712851, "params": {"C": 0.1, "epsilon": 8.962934049361884, "gamma": 0.1, "lamda": 0.2721656057789597}, "datetime": {"datetime": "2021-06-21 20:49:12", "elapsed": 351.996637, "delta": 1.660233}}
{"target": -31.744705364254322, "params": {"C": 0.0472925690607641, "epsilon": 7.642388818693534, "gamma": 0.6754573506253709, "lamda": 0.07285683763357591}, "datetime": {"datetime": "2021-06-21 20:49:13", "elapsed": 353.111669, "delta": 1.115032}}
{"target": -22.59536854355162, "params": {"C": 0.1, "epsilon": 8.73154183048716, "gamma": 0.1, "lamda": 0.3938095111763423}, "datetime": {"datetime": "2021-06-21 20:49:15", "elapsed": 354.618252, "delta": 1.506583}}
{"target": -34.13699358763137, "params": {"C": 0.001, "epsilon": 5.399683532866065, "gamma": 0.1, "lamda": 0.7}, "datetime": {"datetime": "2021-06-21 20:49:16", "elapsed": 356.110413, "delta": 1.492161}}
{"target": -25.528464287294472, "params": {"C": 0.1, "epsilon": 5.566419543393707, "gamma": 0.20455599350250436, "lamda": 0.4246233026518478}, "datetime": {"datetime": "2021-06-21 20:49:19", "elapsed": 358.782586, "delta": 2.672173}}
{"target": -22.824116544023752, "params": {"C": 0.1, "epsilon": 7.223204040276763, "gamma": 0.1, "lamda": 0.009}, "datetime": {"datetime": "2021-06-21 20:49:20", "elapsed": 360.376065, "delta": 1.593479}}
{"target": -25.383957265757733, "params": {"C": 0.09961840457847257, "epsilon": 5.258235698186169, "gamma": 0.19437281277552826, "lamda": 0.5791207107126767}, "datetime": {"datetime": "2021-06-21 20:49:22", "elapsed": 362.409776, "delta": 2.033711}}
{"target": -28.37097150692813, "params": {"C": 0.09004980190775487, "epsilon": 6.610599223917444, "gamma": 0.3993571981160827, "lamda": 0.21756614432793503}, "datetime": {"datetime": "2021-06-21 20:49:23", "elapsed": 363.438034, "delta": 1.028258}}
{"target": -22.498415964586364, "params": {"C": 0.1, "epsilon": 8.72651996257374, "gamma": 0.1, "lamda": 0.009}, "datetime": {"datetime": "2021-06-21 20:49:25", "elapsed": 365.009026, "delta": 1.570992}}
{"target": -27.687277521504477, "params": {"C": 0.030216430239845743, "epsilon": 8.729363703045369, "gamma": 0.1552726828381905, "lamda": 0.1408936878249691}, "datetime": {"datetime": "2021-06-21 20:49:26", "elapsed": 366.07849, "delta": 1.069464}}
{"target": -23.386651715942357, "params": {"C": 0.1, "epsilon": 5.191591850471036, "gamma": 0.1, "lamda": 0.5403994632618153}, "datetime": {"datetime": "2021-06-21 20:49:28", "elapsed": 367.59119, "delta": 1.5127}}
{"target": -22.84168760577593, "params": {"C": 0.1, "epsilon": 7.5882687074351, "gamma": 0.1, "lamda": 0.4458123426880331}, "datetime": {"datetime": "2021-06-21 20:49:29", "elapsed": 369.233718, "delta": 1.642528}}
{"target": -22.36713341765185, "params": {"C": 0.1, "epsilon": 9.446973464278493, "gamma": 0.1, "lamda": 0.09412189983900682}, "datetime": {"datetime": "2021-06-21 20:49:31", "elapsed": 371.259738, "delta": 2.02602}}
{"target": -22.438481119776192, "params": {"C": 0.1, "epsilon": 10.0, "gamma": 0.1, "lamda": 0.7}, "datetime": {"datetime": "2021-06-21 20:49:33", "elapsed": 373.322469, "delta": 2.062731}}
{"target": -23.464217794358426, "params": {"C": 0.1, "epsilon": 4.805063435974907, "gamma": 0.1, "lamda": 0.4242441228167762}, "datetime": {"datetime": "2021-06-21 20:49:35", "elapsed": 374.89509, "delta": 1.572621}}
{"target": -22.5406080115407, "params": {"C": 0.1, "epsilon": 9.022806254650098, "gamma": 0.1, "lamda": 0.4061120717795129}, "datetime": {"datetime": "2021-06-21 20:49:37", "elapsed": 376.931822, "delta": 2.036732}}
{"target": -31.740811818528364, "params": {"C": 0.00968934634774626, "epsilon": 6.357445877667219, "gamma": 0.15353845571836006, "lamda": 0.4293679532639847}, "datetime": {"datetime": "2021-06-21 20:49:38", "elapsed": 378.047338, "delta": 1.115516}}
{"target": -26.142294848394233, "params": {"C": 0.09263075879645759, "epsilon": 7.199988679745767, "gamma": 0.2444185941615314, "lamda": 0.017085695852689358}, "datetime": {"datetime": "2021-06-21 20:49:40", "elapsed": 379.493407, "delta": 1.446069}}
{"target": -22.7133251303695, "params": {"C": 0.1, "epsilon": 7.995708011965106, "gamma": 0.1, "lamda": 0.2721561788181924}, "datetime": {"datetime": "2021-06-21 20:49:41", "elapsed": 381.352611, "delta": 1.859204}}
{"target": -30.264957591211218, "params": {"C": 0.031673556747506534, "epsilon": 9.032361387344373, "gamma": 0.3317834633642889, "lamda": 0.2679944854031261}, "datetime": {"datetime": "2021-06-21 20:49:43", "elapsed": 382.594291, "delta": 1.24168}}
{"target": -23.08697215359956, "params": {"C": 0.1, "epsilon": 6.079592072587257, "gamma": 0.1, "lamda": 0.009}, "datetime": {"datetime": "2021-06-21 20:49:46", "elapsed": 385.526135, "delta": 2.931844}}
{"target": -23.046543315136077, "params": {"C": 0.1, "epsilon": 6.243658505205372, "gamma": 0.1, "lamda": 0.009}, "datetime": {"datetime": "2021-06-21 20:49:48", "elapsed": 387.769007, "delta": 2.242872}}
{"target": -24.104853167806972, "params": {"C": 0.08085016255244042, "epsilon": 6.337145714510731, "gamma": 0.11483063238492258, "lamda": 0.14383472729746713}, "datetime": {"datetime": "2021-06-21 20:49:50", "elapsed": 389.930384, "delta": 2.161377}}
{"target": -23.535892091729327, "params": {"C": 0.09566173557099704, "epsilon": 6.28879668938549, "gamma": 0.1151755388345273, "lamda": 0.21164925446907307}, "datetime": {"datetime": "2021-06-21 20:49:53", "elapsed": 392.48116, "delta": 2.550776}}
{"target": -25.710137506990183, "params": {"C": 0.09741451287894141, "epsilon": 6.223500609585529, "gamma": 0.21638493114360258, "lamda": 0.06521844894089006}, "datetime": {"datetime": "2021-06-21 20:49:54", "elapsed": 394.274084, "delta": 1.792924}}
{"target": -23.34701670834308, "params": {"C": 0.0976269867938983, "epsilon": 6.584478860949656, "gamma": 0.10753978002894808, "lamda": 0.5483514141652148}, "datetime": {"datetime": "2021-06-21 20:49:56", "elapsed": 395.988417, "delta": 1.714333}}
{"target": -22.824213871229514, "params": {"C": 0.1, "epsilon": 7.813021067280058, "gamma": 0.1, "lamda": 0.5566504211524871}, "datetime": {"datetime": "2021-06-21 20:49:58", "elapsed": 398.035069, "delta": 2.046652}}
{"target": -23.226784323525678, "params": {"C": 0.09581217466722372, "epsilon": 6.37329598260061, "gamma": 0.10175115553187704, "lamda": 0.22222985666640352}, "datetime": {"datetime": "2021-06-21 20:50:00", "elapsed": 399.779661, "delta": 1.744592}}
{"target": -23.33159168967315, "params": {"C": 0.1, "epsilon": 5.165237459946021, "gamma": 0.1, "lamda": 0.12139035816604395}, "datetime": {"datetime": "2021-06-21 20:50:02", "elapsed": 401.795195, "delta": 2.015534}}
{"target": -22.74257652437776, "params": {"C": 0.1, "epsilon": 7.92382877056137, "gamma": 0.1, "lamda": 0.33045023126006007}, "datetime": {"datetime": "2021-06-21 20:50:04", "elapsed": 403.909926, "delta": 2.114731}}
{"target": -24.759021709072403, "params": {"C": 0.1, "epsilon": 7.200248253008313, "gamma": 0.190971154240541, "lamda": 0.5215941498284618}, "datetime": {"datetime": "2021-06-21 20:50:06", "elapsed": 406.226881, "delta": 2.316955}}
{"target": -23.28868184008719, "params": {"C": 0.1, "epsilon": 5.73762896759504, "gamma": 0.1, "lamda": 0.7}, "datetime": {"datetime": "2021-06-21 20:50:08", "elapsed": 408.398209, "delta": 2.171328}}
{"target": -23.544929408421115, "params": {"C": 0.1, "epsilon": 4.597276122730434, "gamma": 0.1, "lamda": 0.6292106249583561}, "datetime": {"datetime": "2021-06-21 20:50:10", "elapsed": 410.20176, "delta": 1.803551}}
{"target": -22.76080256020377, "params": {"C": 0.1, "epsilon": 7.58382092631597, "gamma": 0.1, "lamda": 0.08398032401831508}, "datetime": {"datetime": "2021-06-21 20:50:13", "elapsed": 412.988422, "delta": 2.786662}}
{"target": -29.826510947472755, "params": {"C": 0.05473683411001255, "epsilon": 7.522908642824321, "gamma": 0.4299849856090564, "lamda": 0.5259742970155078}, "datetime": {"datetime": "2021-06-21 20:50:14", "elapsed": 414.200704, "delta": 1.212282}}
{"target": -23.251759087498304, "params": {"C": 0.1, "epsilon": 5.507409625819908, "gamma": 0.1, "lamda": 0.1573588269679332}, "datetime": {"datetime": "2021-06-21 20:50:16", "elapsed": 416.45374, "delta": 2.253036}}
{"target": -22.28024231717803, "params": {"C": 0.1, "epsilon": 10.0, "gamma": 0.1, "lamda": 0.1997910106569707}, "datetime": {"datetime": "2021-06-21 20:50:18", "elapsed": 418.385134, "delta": 1.931394}}
{"target": -31.449135605212724, "params": {"C": 0.04535242344610176, "epsilon": 8.84905379041713, "gamma": 0.647275669795766, "lamda": 0.2576222922664049}, "datetime": {"datetime": "2021-06-21 20:50:20", "elapsed": 419.50806, "delta": 1.122926}}
{"target": -23.469451705650023, "params": {"C": 0.1, "epsilon": 4.676110125476645, "gamma": 0.1, "lamda": 0.21723132420222174}, "datetime": {"datetime": "2021-06-21 20:50:22", "elapsed": 421.960922, "delta": 2.452862}}
{"target": -22.969385784354753, "params": {"C": 0.1, "epsilon": 6.674085775698995, "gamma": 0.1, "lamda": 0.13653569801141688}, "datetime": {"datetime": "2021-06-21 20:50:24", "elapsed": 423.883384, "delta": 1.922462}}
{"target": -22.759493684866886, "params": {"C": 0.1, "epsilon": 8.330126949667582, "gamma": 0.1, "lamda": 0.7}, "datetime": {"datetime": "2021-06-21 20:50:27", "elapsed": 426.784532, "delta": 2.901148}}
{"target": -22.912820474505118, "params": {"C": 0.1, "epsilon": 7.055800425096298, "gamma": 0.1, "lamda": 0.271622483251024}, "datetime": {"datetime": "2021-06-21 20:50:29", "elapsed": 429.068499, "delta": 2.283967}}
{"target": -24.148254674756284, "params": {"C": 0.1, "epsilon": 9.55961003048182, "gamma": 0.192387381924325, "lamda": 0.21677036101949246}, "datetime": {"datetime": "2021-06-21 20:50:31", "elapsed": 431.087284, "delta": 2.018785}}
{"target": -23.03381381578754, "params": {"C": 0.1, "epsilon": 6.809887738307656, "gamma": 0.1, "lamda": 0.5866212985124438}, "datetime": {"datetime": "2021-06-21 20:50:34", "elapsed": 434.240157, "delta": 3.152873}}
{"target": -23.324692588714562, "params": {"C": 0.1, "epsilon": 5.578616253645444, "gamma": 0.1, "lamda": 0.7}, "datetime": {"datetime": "2021-06-21 20:50:37", "elapsed": 436.52555, "delta": 2.285393}}
{"target": -22.622230384322517, "params": {"C": 0.1, "epsilon": 8.788061659307411, "gamma": 0.1, "lamda": 0.5268736936974175}, "datetime": {"datetime": "2021-06-21 20:50:40", "elapsed": 439.555639, "delta": 3.030089}}
{"target": -22.532265898642642, "params": {"C": 0.1, "epsilon": 8.713385190886584, "gamma": 0.1, "lamda": 0.1379352519779633}, "datetime": {"datetime": "2021-06-21 20:50:42", "elapsed": 442.266184, "delta": 2.710545}}
{"target": -22.992946710974678, "params": {"C": 0.1, "epsilon": 6.8721341237105955, "gamma": 0.1, "lamda": 0.46424876505696194}, "datetime": {"datetime": "2021-06-21 20:50:45", "elapsed": 444.832811, "delta": 2.566627}}
{"target": -24.63825325540765, "params": {"C": 0.1, "epsilon": 6.999390215513647, "gamma": 0.1878725206668982, "lamda": 0.009}, "datetime": {"datetime": "2021-06-21 20:50:48", "elapsed": 447.606529, "delta": 2.773718}}
