{"target": -58.69838215937134, "params": {"C": 15.051006206634366, "epsilon": 2.702812474883141, "gamma": 0.11269943493718299, "lamda": 0.4459854869865762}, "datetime": {"datetime": "2021-06-28 17:51:22", "elapsed": 806.963092, "delta": 13.195712}}
{"target": -12.153309824213498, "params": {"C": 5.185027362088842, "epsilon": 5.37129921786448, "gamma": 0.07238249402256587, "lamda": 0.015472454252009405}, "datetime": {"datetime": "2021-06-28 17:51:24", "elapsed": 808.498986, "delta": 1.535894}}
{"target": -23.02939774821863, "params": {"C": 2.446729581185797, "epsilon": 17.505423152965488, "gamma": 0.9904996208777979, "lamda": 0.11161796440802861}, "datetime": {"datetime": "2021-06-28 17:51:25", "elapsed": 809.661874, "delta": 1.162888}}
{"target": -13.868660080816921, "params": {"C": 5.726702592273105, "epsilon": 2.937936688675739, "gamma": 0.1266661601252109, "lamda": 0.07086324852168663}, "datetime": {"datetime": "2021-06-28 17:51:26", "elapsed": 811.114988, "delta": 1.453114}}
{"target": -14.667611145914064, "params": {"C": 2.7522299282445934, "epsilon": 15.664840300207132, "gamma": 0.16630470451541293, "lamda": 0.48614215568265345}, "datetime": {"datetime": "2021-06-28 17:51:28", "elapsed": 812.386588, "delta": 1.2716}}
{"target": -13.701335596365205, "params": {"C": 5.465899294678611, "epsilon": 3.7178579654005603, "gamma": 0.12035098612559254, "lamda": 0.0736972429793589}, "datetime": {"datetime": "2021-06-28 17:51:30", "elapsed": 814.752263, "delta": 2.365675}}
{"target": -21.114331996264912, "params": {"C": 3.6487133080722782, "epsilon": 9.390760871824439, "gamma": 0.6425521731187033, "lamda": 0.4050643984300134}, "datetime": {"datetime": "2021-06-28 17:51:31", "elapsed": 816.083701, "delta": 1.331438}}
{"target": -18.701740121255774, "params": {"C": 18.5662428358398, "epsilon": 4.22312461793447, "gamma": 0.375728817601624, "lamda": 0.5162759853500263}, "datetime": {"datetime": "2021-06-28 17:51:33", "elapsed": 817.562747, "delta": 1.479046}}
{"target": -14.959820499954418, "params": {"C": 18.46142330207212, "epsilon": 4.4732210427199774, "gamma": 0.1553827228559107, "lamda": 0.03483758961120737}, "datetime": {"datetime": "2021-06-28 17:51:34", "elapsed": 819.090661, "delta": 1.527914}}
{"target": -17.954733251805386, "params": {"C": 7.328093232506994, "epsilon": 10.938589256446582, "gamma": 0.33311414743765355, "lamda": 0.8032252900674897}, "datetime": {"datetime": "2021-06-28 17:51:36", "elapsed": 820.332341, "delta": 1.24168}}
{"target": -20.917834795424426, "params": {"C": 12.738457153055768, "epsilon": 18.452578189532307, "gamma": 0.6219989013167594, "lamda": 0.6864235303315706}, "datetime": {"datetime": "2021-06-28 17:51:37", "elapsed": 821.533128, "delta": 1.200787}}
{"target": -93.22805422268594, "params": {"C": 5.3246101381067055, "epsilon": 5.0724753644938785, "gamma": 0.043463595246140095, "lamda": 0.157110398753713}, "datetime": {"datetime": "2021-06-28 17:51:53", "elapsed": 837.231149, "delta": 15.698021}}
{"target": -15.04658735412244, "params": {"C": 2.7687566198285283, "epsilon": 15.735004451486141, "gamma": 0.1824000175988753, "lamda": 0.5673869260088822}, "datetime": {"datetime": "2021-06-28 17:51:54", "elapsed": 838.913651, "delta": 1.682502}}
{"target": -19.80866462134782, "params": {"C": 1.671336392035666, "epsilon": 11.545914638288442, "gamma": 0.5180401786158113, "lamda": 0.6073106435502322}, "datetime": {"datetime": "2021-06-28 17:51:56", "elapsed": 840.139372, "delta": 1.225721}}
{"target": -41.02045286476012, "params": {"C": 6.87104234764052, "epsilon": 6.679534159673998, "gamma": 0.2521408531711121, "lamda": 0.1913715450224917}, "datetime": {"datetime": "2021-06-28 17:52:08", "elapsed": 853.105698, "delta": 12.966326}}
{"target": -22.162672208601865, "params": {"C": 8.337540299890076, "epsilon": 1.5370865819594286, "gamma": 0.742377221559491, "lamda": 0.42183849178637983}, "datetime": {"datetime": "2021-06-28 17:52:10", "elapsed": 854.276566, "delta": 1.170868}}
{"target": -23.021728274113475, "params": {"C": 11.369166900913081, "epsilon": 18.132444124149288, "gamma": 0.9758354382953546, "lamda": 0.7696529950173024}, "datetime": {"datetime": "2021-06-28 17:52:11", "elapsed": 855.405547, "delta": 1.128981}}
{"target": -17.962145328864008, "params": {"C": 7.323152390568778, "epsilon": 10.852695190998759, "gamma": 0.33339686739634644, "lamda": 0.7094998765664862}, "datetime": {"datetime": "2021-06-28 17:52:12", "elapsed": 857.097026, "delta": 1.691479}}
{"target": -54.54854140637798, "params": {"C": 14.121952495966863, "epsilon": 8.386885313169913, "gamma": 0.13919864293282344, "lamda": 0.534206403406355}, "datetime": {"datetime": "2021-06-28 17:52:21", "elapsed": 865.490582, "delta": 8.393556}}
{"target": -18.88308487767748, "params": {"C": 7.408165199866993, "epsilon": 10.883504684215307, "gamma": 0.4100192741729563, "lamda": 0.7634143503348236}, "datetime": {"datetime": "2021-06-28 17:52:22", "elapsed": 866.933718, "delta": 1.443136}}
{"target": -18.658048954502316, "params": {"C": 17.25941050623875, "epsilon": 3.5876255824100216, "gamma": 0.36650794625207267, "lamda": 0.1605481347409983}, "datetime": {"datetime": "2021-06-28 17:52:23", "elapsed": 868.079656, "delta": 1.145938}}
{"target": -14.822792315887288, "params": {"C": 5.959383805791542, "epsilon": 5.3338398605754795, "gamma": 0.17546839513410023, "lamda": 0.04907526747255107}, "datetime": {"datetime": "2021-06-28 17:52:25", "elapsed": 869.316349, "delta": 1.236693}}
{"target": -95.29144309105642, "params": {"C": 7.398166046215326, "epsilon": 6.068665138360557, "gamma": 0.03155105916595853, "lamda": 0.10031508604078619}, "datetime": {"datetime": "2021-06-28 17:52:32", "elapsed": 876.382451, "delta": 7.066102}}
{"target": -21.366519758528398, "params": {"C": 17.522129816668624, "epsilon": 16.92198525869255, "gamma": 0.682325351030821, "lamda": 0.28934052946603234}, "datetime": {"datetime": "2021-06-28 17:52:33", "elapsed": 877.589225, "delta": 1.206774}}
{"target": -17.05880228092582, "params": {"C": 6.818736142658844, "epsilon": 7.268263023275849, "gamma": 0.2898023169551739, "lamda": 0.04419198461108755}, "datetime": {"datetime": "2021-06-28 17:52:34", "elapsed": 879.061288, "delta": 1.472063}}
{"target": -19.14445671043227, "params": {"C": 18.035703188991825, "epsilon": 18.907056260811185, "gamma": 0.4247869041814015, "lamda": 0.01884106190591397}, "datetime": {"datetime": "2021-06-28 17:52:36", "elapsed": 880.228167, "delta": 1.166879}}
{"target": -60.46174569709758, "params": {"C": 6.24184848201923, "epsilon": 4.05738071546133, "gamma": 0.10078128681931169, "lamda": 0.8744878064180457}, "datetime": {"datetime": "2021-06-28 17:52:44", "elapsed": 888.804234, "delta": 8.576067}}
{"target": -18.268583165030197, "params": {"C": 1.7558707107097653, "epsilon": 18.953281613832637, "gamma": 0.4211613861885208, "lamda": 0.204608031943168}, "datetime": {"datetime": "2021-06-28 17:52:45", "elapsed": 890.082814, "delta": 1.27858}}
{"target": -13.25324524868263, "params": {"C": 5.7795306273547045, "epsilon": 2.907396574495734, "gamma": 0.1044962769711799, "lamda": 0.14528125776721887}, "datetime": {"datetime": "2021-06-28 17:52:48", "elapsed": 892.192173, "delta": 2.109359}}
{"target": -81.14309169003005, "params": {"C": 5.508219601638214, "epsilon": 17.19994727394109, "gamma": 0.010321633570009961, "lamda": 0.4949397667481839}, "datetime": {"datetime": "2021-06-28 17:53:00", "elapsed": 905.09268, "delta": 12.900507}}
{"target": -11.247739801929447, "params": {"C": 5.263151763777515, "epsilon": 5.4369729135701, "gamma": 0.029125595118003132, "lamda": 0.03970463534552238}, "datetime": {"datetime": "2021-06-28 17:53:02", "elapsed": 906.520855, "delta": 1.428175}}
{"target": -37.61305293655696, "params": {"C": 14.122667536610741, "epsilon": 19.224198564786146, "gamma": 0.2259528778229399, "lamda": 0.8377159873366178}, "datetime": {"datetime": "2021-06-28 17:53:13", "elapsed": 917.211268, "delta": 10.690413}}
{"target": -20.168557787056933, "params": {"C": 9.111225940467055, "epsilon": 11.506431807973826, "gamma": 0.5330374427552853, "lamda": 0.9431787177594593}, "datetime": {"datetime": "2021-06-28 17:53:14", "elapsed": 918.583599, "delta": 1.372331}}
{"target": -22.52425302345311, "params": {"C": 16.124630794502462, "epsilon": 3.691858294709819, "gamma": 0.8138466316923876, "lamda": 0.8035788279903264}, "datetime": {"datetime": "2021-06-28 17:53:15", "elapsed": 919.863177, "delta": 1.279578}}
{"target": -21.71769851546113, "params": {"C": 15.920560344591156, "epsilon": 5.541037790012398, "gamma": 0.7041297313560575, "lamda": 0.17875324990709146}, "datetime": {"datetime": "2021-06-28 17:53:17", "elapsed": 921.2754, "delta": 1.412223}}
{"target": -37.09231229450669, "params": {"C": 17.597843486693908, "epsilon": 8.405746713847387, "gamma": 0.366146230919713, "lamda": 0.8625559557609156}, "datetime": {"datetime": "2021-06-28 17:53:24", "elapsed": 928.324551, "delta": 7.049151}}
{"target": -18.687659503812103, "params": {"C": 12.328320056035288, "epsilon": 17.2619893194046, "gamma": 0.395010899792157, "lamda": 0.11943225149217897}, "datetime": {"datetime": "2021-06-28 17:53:25", "elapsed": 929.625072, "delta": 1.300521}}
{"target": -15.223548749515892, "params": {"C": 2.460597618462807, "epsilon": 12.217993536636694, "gamma": 0.1832351219832445, "lamda": 0.26996413595463625}, "datetime": {"datetime": "2021-06-28 17:53:27", "elapsed": 931.173931, "delta": 1.548859}}
{"target": -18.0974229559523, "params": {"C": 10.175564610541779, "epsilon": 12.766518286615284, "gamma": 0.33628480090619395, "lamda": 0.14535208715804723}, "datetime": {"datetime": "2021-06-28 17:53:28", "elapsed": 932.470464, "delta": 1.296533}}
{"target": -39.527011398207804, "params": {"C": 18.098563639279018, "epsilon": 13.649318865414813, "gamma": 0.2464611339907344, "lamda": 0.9207239233900212}, "datetime": {"datetime": "2021-06-28 17:53:35", "elapsed": 940.106046, "delta": 7.635582}}
{"target": -12.276203958994635, "params": {"C": 11.677931731798209, "epsilon": 8.51524167258419, "gamma": 0.078585423588018, "lamda": 0.053058380023131964}, "datetime": {"datetime": "2021-06-28 17:53:37", "elapsed": 941.796532, "delta": 1.690486}}
{"target": -16.971968434685085, "params": {"C": 1.4594254984869508, "epsilon": 3.2907756479314534, "gamma": 0.18217318807169813, "lamda": 0.04258571245629717}, "datetime": {"datetime": "2021-06-28 17:53:39", "elapsed": 943.862001, "delta": 2.065469}}
{"target": -22.247448487725656, "params": {"C": 9.884432446005231, "epsilon": 11.855525010032208, "gamma": 0.8238611101701674, "lamda": 0.10148808865013048}, "datetime": {"datetime": "2021-06-28 17:53:41", "elapsed": 945.153548, "delta": 1.291547}}
{"target": -16.558569263287847, "params": {"C": 6.801364539888869, "epsilon": 3.1904978071209102, "gamma": 0.256309170400895, "lamda": 0.0764943926778942}, "datetime": {"datetime": "2021-06-28 17:53:42", "elapsed": 946.852005, "delta": 1.698457}}
{"target": -17.217269156092136, "params": {"C": 18.431369323385255, "epsilon": 4.435469489368778, "gamma": 0.2257706249444381, "lamda": 0.09639073620436457}, "datetime": {"datetime": "2021-06-28 17:53:44", "elapsed": 948.580385, "delta": 1.72838}}
{"target": -21.996944947647687, "params": {"C": 7.184518634473639, "epsilon": 4.888427255763329, "gamma": 0.7418558976713331, "lamda": 0.8190625497840414}, "datetime": {"datetime": "2021-06-28 17:53:45", "elapsed": 949.937755, "delta": 1.35737}}
{"target": -14.217467612786999, "params": {"C": 18.447346196974085, "epsilon": 4.416823226946709, "gamma": 0.13803097518423693, "lamda": 0.1883928908028801}, "datetime": {"datetime": "2021-06-28 17:53:48", "elapsed": 952.23561, "delta": 2.297855}}
{"target": -11.848745799737374, "params": {"C": 5.040840210320737, "epsilon": 5.276316369311586, "gamma": 0.062463317300636076, "lamda": 0.06952388010991332}, "datetime": {"datetime": "2021-06-28 17:53:49", "elapsed": 953.925091, "delta": 1.689481}}
{"target": -35.472446233761154, "params": {"C": 18.09036602270043, "epsilon": 8.29116095535117, "gamma": 0.433376608764174, "lamda": 0.3088140128576783}, "datetime": {"datetime": "2021-06-28 17:53:54", "elapsed": 958.662425, "delta": 4.737334}}
{"target": -17.48719732768876, "params": {"C": 2.7731816280175132, "epsilon": 15.219792764403286, "gamma": 0.3675119289230283, "lamda": 0.839937185592892}, "datetime": {"datetime": "2021-06-28 17:53:55", "elapsed": 959.996855, "delta": 1.33443}}
{"target": -66.60451678373447, "params": {"C": 6.607193682394637, "epsilon": 15.61052915597491, "gamma": 0.088171365728298, "lamda": 0.19896490730350133}, "datetime": {"datetime": "2021-06-28 17:54:03", "elapsed": 967.735161, "delta": 7.738306}}
{"target": -14.631521782730697, "params": {"C": 7.284396966499037, "epsilon": 6.57076475194714, "gamma": 0.170379615385609, "lamda": 0.026561498629850272}, "datetime": {"datetime": "2021-06-28 17:54:05", "elapsed": 969.537348, "delta": 1.802187}}
{"target": -19.134126232428954, "params": {"C": 1.335230009472979, "epsilon": 10.822159833280162, "gamma": 0.39764435306636914, "lamda": 0.8333541067944961}, "datetime": {"datetime": "2021-06-28 17:54:06", "elapsed": 970.889727, "delta": 1.352379}}
{"target": -15.80452490991864, "params": {"C": 5.775836415578235, "epsilon": 2.976139654483676, "gamma": 0.21714159831933574, "lamda": 0.14802791957523853}, "datetime": {"datetime": "2021-06-28 17:54:08", "elapsed": 972.697893, "delta": 1.808166}}
{"target": -96.62801646323537, "params": {"C": 7.109137317531286, "epsilon": 3.152333657887451, "gamma": 0.02836122717370622, "lamda": 0.31728602527692307}, "datetime": {"datetime": "2021-06-28 17:54:16", "elapsed": 980.733403, "delta": 8.03551}}
{"target": -21.48594252669947, "params": {"C": 16.114433607730014, "epsilon": 1.1702707471711036, "gamma": 0.6462555446387641, "lamda": 0.6679828740257459}, "datetime": {"datetime": "2021-06-28 17:54:18", "elapsed": 982.172555, "delta": 1.439152}}
{"target": -22.610161779995742, "params": {"C": 6.4918063971612945, "epsilon": 3.0257847798394373, "gamma": 0.8056172026674006, "lamda": 0.1594179425973922}, "datetime": {"datetime": "2021-06-28 17:54:19", "elapsed": 983.634645, "delta": 1.46209}}
{"target": -12.866884208755284, "params": {"C": 2.6676523293654437, "epsilon": 7.416631213759483, "gamma": 0.08571867308739492, "lamda": 0.6122637825345078}, "datetime": {"datetime": "2021-06-28 17:54:21", "elapsed": 985.151589, "delta": 1.516944}}
{"target": -20.854560187697878, "params": {"C": 9.191628346663034, "epsilon": 18.584752660941515, "gamma": 0.6307216702589845, "lamda": 0.11074795700116641}, "datetime": {"datetime": "2021-06-28 17:54:22", "elapsed": 986.516939, "delta": 1.36535}}
{"target": -93.53875041845538, "params": {"C": 5.166372691832333, "epsilon": 5.2639878220368885, "gamma": 0.04688811616327558, "lamda": 0.1839923344653124}, "datetime": {"datetime": "2021-06-28 17:54:29", "elapsed": 993.818414, "delta": 7.301475}}
{"target": -17.77564757181193, "params": {"C": 6.8868442242689305, "epsilon": 16.65724842900783, "gamma": 0.33780804104377987, "lamda": 0.38106301092488404}, "datetime": {"datetime": "2021-06-28 17:54:31", "elapsed": 995.31242, "delta": 1.494006}}
{"target": -19.031296473392754, "params": {"C": 13.906884340237028, "epsilon": 2.067860852707336, "gamma": 0.39283072186429896, "lamda": 0.520371204376832}, "datetime": {"datetime": "2021-06-28 17:54:32", "elapsed": 996.742593, "delta": 1.430173}}
{"target": -46.42497411638926, "params": {"C": 9.353965175323552, "epsilon": 6.746171712617702, "gamma": 0.18009122395837152, "lamda": 0.3372957970493727}, "datetime": {"datetime": "2021-06-28 17:54:39", "elapsed": 1003.835626, "delta": 7.093033}}
{"target": -18.979495591526277, "params": {"C": 5.7615260990044845, "epsilon": 5.172567971274008, "gamma": 0.40461462560585393, "lamda": 0.19192789047600156}, "datetime": {"datetime": "2021-06-28 17:54:41", "elapsed": 1005.503166, "delta": 1.66754}}
{"target": -16.00287008855105, "params": {"C": 6.779277611856478, "epsilon": 3.152505762562368, "gamma": 0.2279335493225422, "lamda": 0.058699854466968716}, "datetime": {"datetime": "2021-06-28 17:54:42", "elapsed": 1006.896442, "delta": 1.393276}}
{"target": -15.120018248031396, "params": {"C": 3.7693864515002957, "epsilon": 2.7137475557296904, "gamma": 0.1715471644577774, "lamda": 0.2961456872691321}, "datetime": {"datetime": "2021-06-28 17:54:45", "elapsed": 1009.17435, "delta": 2.277908}}
{"target": -56.023327730038815, "params": {"C": 19.410901307577195, "epsilon": 19.41988100181727, "gamma": 0.12510488941169498, "lamda": 0.35027035025208175}, "datetime": {"datetime": "2021-06-28 17:54:52", "elapsed": 1016.662326, "delta": 7.487976}}
{"target": -46.050701193151475, "params": {"C": 17.515440681468974, "epsilon": 8.60821468683072, "gamma": 0.18369545632227846, "lamda": 0.5667475648576714}, "datetime": {"datetime": "2021-06-28 17:55:00", "elapsed": 1024.343788, "delta": 7.681462}}
{"target": -18.27435182935723, "params": {"C": 13.904379226399524, "epsilon": 16.721458744018392, "gamma": 0.36144394908984195, "lamda": 0.32374268208197043}, "datetime": {"datetime": "2021-06-28 17:55:01", "elapsed": 1025.750025, "delta": 1.406237}}
{"target": -44.57128210968409, "params": {"C": 4.572290115985317, "epsilon": 8.717023464996725, "gamma": 0.1946154347716322, "lamda": 0.49362995950052974}, "datetime": {"datetime": "2021-06-28 17:55:09", "elapsed": 1033.217058, "delta": 7.467033}}
{"target": -13.32289675148646, "params": {"C": 5.535244743874524, "epsilon": 4.103670483834189, "gamma": 0.1085266842662494, "lamda": 0.0819465903704569}, "datetime": {"datetime": "2021-06-28 17:55:10", "elapsed": 1035.105008, "delta": 1.88795}}
{"target": -21.669786350643708, "params": {"C": 16.00187274311812, "epsilon": 1.155567451010137, "gamma": 0.6716905239445297, "lamda": 0.6503394592106589}, "datetime": {"datetime": "2021-06-28 17:55:12", "elapsed": 1036.495291, "delta": 1.390283}}
{"target": -19.880190908285634, "params": {"C": 4.718473962620235, "epsilon": 13.142219019567056, "gamma": 0.5155424068369282, "lamda": 0.46586591252968107}, "datetime": {"datetime": "2021-06-28 17:55:13", "elapsed": 1037.888571, "delta": 1.39328}}
{"target": -19.939026880072795, "params": {"C": 18.49251021623792, "epsilon": 5.590915696460142, "gamma": 0.4678942369420491, "lamda": 0.04087704901732425}, "datetime": {"datetime": "2021-06-28 17:55:15", "elapsed": 1039.367609, "delta": 1.479038}}
{"target": -86.23926951000993, "params": {"C": 18.764305012969523, "epsilon": 10.449997827045602, "gamma": 0.06646791210598692, "lamda": 0.3222869513164183}, "datetime": {"datetime": "2021-06-28 17:55:23", "elapsed": 1047.341288, "delta": 7.973679}}
{"target": -19.651277524053256, "params": {"C": 11.313129778689277, "epsilon": 11.442775311574927, "gamma": 0.4766930510756654, "lamda": 0.7506722923955902}, "datetime": {"datetime": "2021-06-28 17:55:24", "elapsed": 1048.835292, "delta": 1.494004}}
{"target": -23.573372334421325, "params": {"C": 8.62297075156934, "epsilon": 3.071126906276933, "gamma": 0.9679098216734762, "lamda": 0.5128913300506169}, "datetime": {"datetime": "2021-06-28 17:55:26", "elapsed": 1050.559684, "delta": 1.724392}}
{"target": -23.12239275896711, "params": {"C": 18.74855379293675, "epsilon": 1.0517039391105352, "gamma": 0.9008532648224477, "lamda": 0.370178552605623}, "datetime": {"datetime": "2021-06-28 17:55:27", "elapsed": 1052.028756, "delta": 1.469072}}
{"target": -21.87477192031265, "params": {"C": 9.512081267433672, "epsilon": 16.02400400325918, "gamma": 0.7840041615682976, "lamda": 0.36620270527314164}, "datetime": {"datetime": "2021-06-28 17:55:29", "elapsed": 1053.496832, "delta": 1.468076}}
{"target": -13.923447954058634, "params": {"C": 18.54441770321913, "epsilon": 4.448458330449558, "gamma": 0.1237958368399592, "lamda": 0.1631406805372305}, "datetime": {"datetime": "2021-06-28 17:55:31", "elapsed": 1055.130464, "delta": 1.633632}}
{"target": -35.10988376604758, "params": {"C": 13.906977710468407, "epsilon": 8.15637543282487, "gamma": 0.5404832510173603, "lamda": 0.7082385835684769}, "datetime": {"datetime": "2021-06-28 17:55:38", "elapsed": 1062.19159, "delta": 7.061126}}
{"target": -11.169978625761113, "params": {"C": 7.901560863702916, "epsilon": 6.285894011983573, "gamma": 0.02256846826560988, "lamda": 0.03518879153379895}, "datetime": {"datetime": "2021-06-28 17:55:39", "elapsed": 1063.689585, "delta": 1.497995}}
{"target": -23.014013446834795, "params": {"C": 5.892952833141147, "epsilon": 4.67522145101973, "gamma": 0.8720487747968385, "lamda": 0.014731765643431633}, "datetime": {"datetime": "2021-06-28 17:55:40", "elapsed": 1065.121757, "delta": 1.432172}}
{"target": -16.731714047010154, "params": {"C": 6.862738328284092, "epsilon": 2.857340246204832, "gamma": 0.2639415645749923, "lamda": 0.06368256650188818}, "datetime": {"datetime": "2021-06-28 17:55:45", "elapsed": 1069.866075, "delta": 4.744318}}
{"target": -15.441540111640501, "params": {"C": 1.4421467670689556, "epsilon": 3.347405655928203, "gamma": 0.1279998335783592, "lamda": 0.04168395525731645}, "datetime": {"datetime": "2021-06-28 17:55:50", "elapsed": 1074.524622, "delta": 4.658547}}
{"target": -17.780860419939824, "params": {"C": 14.210681573298311, "epsilon": 1.5896501326734034, "gamma": 0.2744685007051331, "lamda": 0.5860209082308148}, "datetime": {"datetime": "2021-06-28 17:55:52", "elapsed": 1076.23904, "delta": 1.714418}}
{"target": -19.25013179072095, "params": {"C": 8.874524761072172, "epsilon": 11.561053474625364, "gamma": 0.4470216092568004, "lamda": 0.37900311697541245}, "datetime": {"datetime": "2021-06-28 17:55:53", "elapsed": 1077.874669, "delta": 1.635629}}
{"target": -88.16655608955604, "params": {"C": 29.595770164590093, "epsilon": 14.686165375401004, "gamma": 0.010113231069171438, "lamda": 0.30930924690552136}, "datetime": {"datetime": "2021-06-28 17:58:43", "elapsed": 0.0, "delta": 0.0}}
