{"target": -21.089390623156046, "params": {"C": 5.4798676468319645, "epsilon": 5.815914463485974, "gamma": 0.6263185394790037, "lamda": 0.8274665423427598}, "datetime": {"datetime": "2021-06-28 17:21:44", "elapsed": 167.263395, "delta": 0.535969}}
{"target": -19.625073080595136, "params": {"C": 3.149153199167461, "epsilon": 6.816681800582067, "gamma": 0.4847794027662666, "lamda": 0.13740985103873832}, "datetime": {"datetime": "2021-06-28 17:21:44", "elapsed": 167.786405, "delta": 0.52301}}
{"target": -18.21877811897955, "params": {"C": 4.194991066914746, "epsilon": 3.015199448833692, "gamma": 0.36358929504336296, "lamda": 0.9198057301544217}, "datetime": {"datetime": "2021-06-28 17:21:45", "elapsed": 168.335411, "delta": 0.549006}}
{"target": -22.84671700141941, "params": {"C": 3.2138948325362886, "epsilon": 4.851306816879079, "gamma": 0.8005193199879714, "lamda": 0.8580974350803005}, "datetime": {"datetime": "2021-06-28 17:21:45", "elapsed": 168.819404, "delta": 0.483993}}
{"target": -18.95074287516133, "params": {"C": 2.41917300635476, "epsilon": 9.740952992205147, "gamma": 0.44930306516662, "lamda": 0.0652632406814043}, "datetime": {"datetime": "2021-06-28 17:21:46", "elapsed": 169.354393, "delta": 0.534989}}
{"target": -17.01787871102207, "params": {"C": 6.791088241167987, "epsilon": 16.181999297669222, "gamma": 0.296106471430003, "lamda": 0.4397190959348039}, "datetime": {"datetime": "2021-06-28 17:21:46", "elapsed": 169.899411, "delta": 0.545018}}
{"target": -21.366259003764352, "params": {"C": 4.774607544112287, "epsilon": 7.06727278288723, "gamma": 0.6661771026094956, "lamda": 0.5682043718428859}, "datetime": {"datetime": "2021-06-28 17:21:47", "elapsed": 170.387383, "delta": 0.487972}}
{"target": -16.393476802003523, "params": {"C": 4.752273140803176, "epsilon": 17.69784333525662, "gamma": 0.2876097591258997, "lamda": 0.6520475608582288}, "datetime": {"datetime": "2021-06-28 17:21:47", "elapsed": 171.024856, "delta": 0.637473}}
{"target": -20.092692226822024, "params": {"C": 6.82435818795593, "epsilon": 17.546047525450142, "gamma": 0.5561477432731344, "lamda": 0.7924604109001191}, "datetime": {"datetime": "2021-06-28 17:21:48", "elapsed": 171.791344, "delta": 0.766488}}
{"target": -19.391779380325065, "params": {"C": 2.6400394589762968, "epsilon": 9.827015280181815, "gamma": 0.4883387799976332, "lamda": 0.26366272759759757}, "datetime": {"datetime": "2021-06-28 17:21:49", "elapsed": 172.636385, "delta": 0.845041}}
{"target": -18.61586542046195, "params": {"C": 2.6022671059974276, "epsilon": 12.362267687983355, "gamma": 0.4404357369069168, "lamda": 0.5771031600936808}, "datetime": {"datetime": "2021-06-28 17:21:59", "elapsed": 182.50318, "delta": 9.866795}}
{"target": -18.360610653797245, "params": {"C": 1.8591205942694113, "epsilon": 2.822963416129824, "gamma": 0.3207456740534979, "lamda": 0.9218275512330056}, "datetime": {"datetime": "2021-06-28 17:22:01", "elapsed": 184.385262, "delta": 1.882082}}
{"target": -19.995535536559117, "params": {"C": 8.95685883164896, "epsilon": 18.537076597939127, "gamma": 0.5339314450891809, "lamda": 0.9082417305859346}, "datetime": {"datetime": "2021-06-28 17:22:01", "elapsed": 184.978203, "delta": 0.592941}}
{"target": -19.13191162146837, "params": {"C": 6.156354251522133, "epsilon": 17.831480880440445, "gamma": 0.4571557643654626, "lamda": 0.46877034801626455}, "datetime": {"datetime": "2021-06-28 17:22:02", "elapsed": 185.553132, "delta": 0.574929}}
{"target": -17.130153144309478, "params": {"C": 2.1734578571643057, "epsilon": 14.209591426770691, "gamma": 0.31906299003343896, "lamda": 0.027129542643867778}, "datetime": {"datetime": "2021-06-28 17:22:03", "elapsed": 186.184068, "delta": 0.630936}}
{"target": -20.647845833208585, "params": {"C": 7.944250434920348, "epsilon": 10.771395758798631, "gamma": 0.5827530215190954, "lamda": 0.3721571155310097}, "datetime": {"datetime": "2021-06-28 17:22:03", "elapsed": 186.723098, "delta": 0.53903}}
{"target": -24.343060795592223, "params": {"C": 2.4424608606730254, "epsilon": 2.5521060800681905, "gamma": 0.9333969712600771, "lamda": 0.36643230913303265}, "datetime": {"datetime": "2021-06-28 17:22:04", "elapsed": 187.35515, "delta": 0.632052}}
{"target": -24.697558139851566, "params": {"C": 1.653547164631748, "epsilon": 5.291237528939885, "gamma": 0.9387962487775335, "lamda": 0.5978996930535999}, "datetime": {"datetime": "2021-06-28 17:22:04", "elapsed": 187.869123, "delta": 0.513973}}
{"target": -20.726074622155284, "params": {"C": 6.244814931404726, "epsilon": 16.406142238431244, "gamma": 0.6421965909858545, "lamda": 0.8380136928618804}, "datetime": {"datetime": "2021-06-28 17:22:05", "elapsed": 188.471073, "delta": 0.60195}}
{"target": -21.001649444884176, "params": {"C": 6.140822134857191, "epsilon": 16.037157944301136, "gamma": 0.6852379024727437, "lamda": 0.628234732885963}, "datetime": {"datetime": "2021-06-28 17:22:05", "elapsed": 189.052071, "delta": 0.580998}}
{"target": -22.22362112157607, "params": {"C": 3.256074109768957, "epsilon": 15.293199161008307, "gamma": 0.8281501993048651, "lamda": 0.625291773922233}, "datetime": {"datetime": "2021-06-28 17:22:06", "elapsed": 189.648079, "delta": 0.596008}}
{"target": -19.289219054140396, "params": {"C": 1.464186905835221, "epsilon": 6.461203692987515, "gamma": 0.38324313785856845, "lamda": 0.5608606702722075}, "datetime": {"datetime": "2021-06-28 17:22:07", "elapsed": 190.234696, "delta": 0.586617}}
{"target": -38.70828986825723, "params": {"C": 4.019201822231887, "epsilon": 14.518212274157342, "gamma": 0.24386721879081028, "lamda": 0.8635305014689088}, "datetime": {"datetime": "2021-06-28 17:22:19", "elapsed": 202.271334, "delta": 12.036638}}
{"target": -21.18793145222545, "params": {"C": 6.154330673954135, "epsilon": 12.586424950287883, "gamma": 0.6938179977717913, "lamda": 0.7225180501032133}, "datetime": {"datetime": "2021-06-28 17:22:19", "elapsed": 203.099297, "delta": 0.827963}}
{"target": -23.211084658988366, "params": {"C": 9.74154060010938, "epsilon": 9.893004707153183, "gamma": 0.9695965199197873, "lamda": 0.7718003188723211}, "datetime": {"datetime": "2021-06-28 17:22:21", "elapsed": 204.592111, "delta": 1.492814}}
{"target": -22.285751524294188, "params": {"C": 7.565608237981473, "epsilon": 12.926488841612173, "gamma": 0.8404160539230269, "lamda": 0.7606529460772102}, "datetime": {"datetime": "2021-06-28 17:22:22", "elapsed": 205.975769, "delta": 1.383658}}
{"target": -21.970396961682994, "params": {"C": 7.574119524548781, "epsilon": 5.709602894390804, "gamma": 0.7455518790756984, "lamda": 0.05300701545879333}, "datetime": {"datetime": "2021-06-28 17:22:23", "elapsed": 206.741825, "delta": 0.766056}}
{"target": -82.6479665742517, "params": {"C": 9.151265732745976, "epsilon": 6.473707190546914, "gamma": 0.06462207478466603, "lamda": 0.9352062049835644}, "datetime": {"datetime": "2021-06-28 17:22:38", "elapsed": 221.833617, "delta": 15.091792}}
{"target": -43.78374600673911, "params": {"C": 8.031369169065734, "epsilon": 7.271671408997221, "gamma": 0.21150054051004205, "lamda": 0.9448482624615662}, "datetime": {"datetime": "2021-06-28 17:22:46", "elapsed": 230.096449, "delta": 8.262832}}
{"target": -21.385112531343196, "params": {"C": 7.738096154966094, "epsilon": 12.92734582671702, "gamma": 0.7051373229551064, "lamda": 0.9259435101481764}, "datetime": {"datetime": "2021-06-28 17:22:47", "elapsed": 230.715438, "delta": 0.618989}}
{"target": -77.84352061972125, "params": {"C": 4.458081296901494, "epsilon": 1.6966470363611466, "gamma": 0.07360504638715065, "lamda": 0.2234519989097878}, "datetime": {"datetime": "2021-06-28 17:23:05", "elapsed": 248.301288, "delta": 17.58585}}
{"target": -18.685740638748307, "params": {"C": 8.243887313099176, "epsilon": 6.946196435406212, "gamma": 0.38225345071643535, "lamda": 0.2675887093574492}, "datetime": {"datetime": "2021-06-28 17:23:06", "elapsed": 249.712153, "delta": 1.410865}}
{"target": -21.96797188932191, "params": {"C": 2.5438574598667754, "epsilon": 15.354839971217515, "gamma": 0.7859908321020103, "lamda": 0.5288995490570252}, "datetime": {"datetime": "2021-06-28 17:23:07", "elapsed": 250.456173, "delta": 0.74402}}
{"target": -20.477797712116484, "params": {"C": 4.9228661470246164, "epsilon": 8.886831340466308, "gamma": 0.5589996356984598, "lamda": 0.20005575743827442}, "datetime": {"datetime": "2021-06-28 17:23:08", "elapsed": 251.564312, "delta": 1.108139}}
{"target": -77.09659816070045, "params": {"C": 6.846860205359643, "epsilon": 2.8117798023316407, "gamma": 0.0788434448369331, "lamda": 0.9514896091200563}, "datetime": {"datetime": "2021-06-28 17:23:25", "elapsed": 268.562605, "delta": 16.998293}}
{"target": -74.31210227278035, "params": {"C": 5.724369580403356, "epsilon": 2.631971729474386, "gamma": 0.08313397412705079, "lamda": 0.5362654889158552}, "datetime": {"datetime": "2021-06-28 17:23:43", "elapsed": 286.67072, "delta": 18.108115}}
{"target": -21.20177816437156, "params": {"C": 4.910105438003411, "epsilon": 10.416967355306102, "gamma": 0.6710637352637386, "lamda": 0.039025580583791186}, "datetime": {"datetime": "2021-06-28 17:23:44", "elapsed": 287.612634, "delta": 0.941914}}
{"target": -16.836976191495683, "params": {"C": 5.163309883991015, "epsilon": 14.8065378240553, "gamma": 0.30569072918584483, "lamda": 0.3683552773627203}, "datetime": {"datetime": "2021-06-28 17:23:45", "elapsed": 289.07556, "delta": 1.462926}}
{"target": -21.795250916076643, "params": {"C": 4.482781160816689, "epsilon": 12.419357753553951, "gamma": 0.7645266047149447, "lamda": 0.38042365184405236}, "datetime": {"datetime": "2021-06-28 17:23:47", "elapsed": 290.641637, "delta": 1.566077}}
{"target": -20.25536374038857, "params": {"C": 4.711767829925084, "epsilon": 4.354571690352353, "gamma": 0.5067998081558172, "lamda": 0.9293841772518547}, "datetime": {"datetime": "2021-06-28 17:23:49", "elapsed": 293.056537, "delta": 2.4149}}
{"target": -23.526070313364453, "params": {"C": 5.808128698158681, "epsilon": 7.816657961991919, "gamma": 0.9832233933656698, "lamda": 0.03890262442006326}, "datetime": {"datetime": "2021-06-28 17:23:51", "elapsed": 294.26757, "delta": 1.211033}}
{"target": -21.13518401302438, "params": {"C": 6.025190513173693, "epsilon": 4.439722934464844, "gamma": 0.6221971861218433, "lamda": 0.0907080959595954}, "datetime": {"datetime": "2021-06-28 17:23:52", "elapsed": 295.224638, "delta": 0.957068}}
{"target": -17.140406089042703, "params": {"C": 4.435246605107966, "epsilon": 4.76899345748997, "gamma": 0.30156882779550326, "lamda": 0.7787301984820237}, "datetime": {"datetime": "2021-06-28 17:23:53", "elapsed": 296.458669, "delta": 1.234031}}
{"target": -37.197296965700914, "params": {"C": 4.001157496646485, "epsilon": 8.107572144457485, "gamma": 0.3165803741064961, "lamda": 0.5540578346109026}, "datetime": {"datetime": "2021-06-28 17:24:07", "elapsed": 311.066687, "delta": 14.608018}}
{"target": -22.686638447821313, "params": {"C": 1.0318509881684859, "epsilon": 17.358821458429183, "gamma": 0.8561340968499238, "lamda": 0.2565359604366281}, "datetime": {"datetime": "2021-06-28 17:24:08", "elapsed": 311.946447, "delta": 0.87976}}
{"target": -79.21120760558506, "params": {"C": 1.8810195709855995, "epsilon": 13.08715576670866, "gamma": 0.0700373917958878, "lamda": 0.9705519518247726}, "datetime": {"datetime": "2021-06-28 17:24:29", "elapsed": 333.106865, "delta": 21.160418}}
{"target": -17.125895002862034, "params": {"C": 1.0931466272174135, "epsilon": 6.969798207745863, "gamma": 0.1748708861923234, "lamda": 0.039677152269753414}, "datetime": {"datetime": "2021-06-28 17:24:30", "elapsed": 333.922189, "delta": 0.815324}}
{"target": -16.63308625583852, "params": {"C": 9.822882142806208, "epsilon": 4.8303794065919785, "gamma": 0.24280613241303373, "lamda": 0.6613472138102946}, "datetime": {"datetime": "2021-06-28 17:24:31", "elapsed": 334.849891, "delta": 0.927702}}
{"target": -21.747809948323823, "params": {"C": 2.888097083523169, "epsilon": 3.9102505608330334, "gamma": 0.6546094660124234, "lamda": 0.3695945794203158}, "datetime": {"datetime": "2021-06-28 17:24:32", "elapsed": 335.643874, "delta": 0.793983}}
{"target": -21.339381208223216, "params": {"C": 8.800651687471882, "epsilon": 12.154572480945957, "gamma": 0.6928773098621939, "lamda": 0.533395347944715}, "datetime": {"datetime": "2021-06-28 17:24:33", "elapsed": 336.485882, "delta": 0.842008}}
{"target": -19.881395703215194, "params": {"C": 6.468304029815589, "epsilon": 14.057152810440229, "gamma": 0.5162426499560149, "lamda": 0.46274860882390745}, "datetime": {"datetime": "2021-06-28 17:24:34", "elapsed": 337.195931, "delta": 0.710049}}
{"target": -74.94109918426022, "params": {"C": 7.015771478472921, "epsilon": 8.628727189757317, "gamma": 0.0816389717540597, "lamda": 0.9286480808177296}, "datetime": {"datetime": "2021-06-28 17:24:45", "elapsed": 348.653767, "delta": 11.457836}}
{"target": -41.485222977003694, "params": {"C": 8.410151931154939, "epsilon": 8.653735257757765, "gamma": 0.21658021890278273, "lamda": 0.8487364530901917}, "datetime": {"datetime": "2021-06-28 17:25:00", "elapsed": 363.438397, "delta": 14.78463}}
{"target": -18.962970484351864, "params": {"C": 9.958945547642779, "epsilon": 3.309322033751719, "gamma": 0.4003488261309541, "lamda": 0.5149637125857909}, "datetime": {"datetime": "2021-06-28 17:25:01", "elapsed": 364.123438, "delta": 0.685041}}
{"target": -17.192034609303093, "params": {"C": 5.119828506232919, "epsilon": 15.926758706027842, "gamma": 0.3274126080382607, "lamda": 0.9421051706324185}, "datetime": {"datetime": "2021-06-28 17:25:01", "elapsed": 364.917383, "delta": 0.793945}}
{"target": -20.220210852048478, "params": {"C": 7.755258800057123, "epsilon": 8.857958317452482, "gamma": 0.5333988526012284, "lamda": 0.7328485300324865}, "datetime": {"datetime": "2021-06-28 17:25:02", "elapsed": 365.554399, "delta": 0.637016}}
{"target": -18.856283446359726, "params": {"C": 3.508382980760235, "epsilon": 7.371869916817589, "gamma": 0.4271774128764557, "lamda": 0.0669523648980533}, "datetime": {"datetime": "2021-06-28 17:25:03", "elapsed": 366.190339, "delta": 0.63594}}
{"target": -16.46445113098475, "params": {"C": 3.012440365209666, "epsilon": 12.881675107121866, "gamma": 0.2821223360657051, "lamda": 0.683749087511684}, "datetime": {"datetime": "2021-06-28 17:25:03", "elapsed": 367.0765, "delta": 0.886161}}
{"target": -74.7767271029864, "params": {"C": 7.898279676923688, "epsilon": 10.832200946605486, "gamma": 0.07454949206002999, "lamda": 0.9639080406989575}, "datetime": {"datetime": "2021-06-28 17:25:10", "elapsed": 373.886247, "delta": 6.809747}}
{"target": -21.63823843083057, "params": {"C": 5.738163392899906, "epsilon": 14.335040025741339, "gamma": 0.763963663207854, "lamda": 0.8025147986370741}, "datetime": {"datetime": "2021-06-28 17:25:11", "elapsed": 374.572264, "delta": 0.686017}}
{"target": -33.38214612624411, "params": {"C": 7.625154335252509, "epsilon": 8.554521375962906, "gamma": 0.8955655122855923, "lamda": 0.746115375225901}, "datetime": {"datetime": "2021-06-28 17:25:18", "elapsed": 381.628912, "delta": 7.056648}}
{"target": -22.026401855811358, "params": {"C": 4.798376497192195, "epsilon": 5.390230015311271, "gamma": 0.737818859679772, "lamda": 0.9346057696715059}, "datetime": {"datetime": "2021-06-28 17:25:19", "elapsed": 382.319023, "delta": 0.690111}}
{"target": -37.7388751173462, "params": {"C": 8.544732264446724, "epsilon": 15.240156520906543, "gamma": 0.2741348506784531, "lamda": 0.9754326592519595}, "datetime": {"datetime": "2021-06-28 17:25:28", "elapsed": 392.03201, "delta": 9.712987}}
{"target": -20.33306830112871, "params": {"C": 8.082457412061267, "epsilon": 14.13009591804709, "gamma": 0.5606463790979798, "lamda": 0.19985001728794508}, "datetime": {"datetime": "2021-06-28 17:25:29", "elapsed": 392.927975, "delta": 0.895965}}
{"target": -17.7584138190357, "params": {"C": 1.0482202080946097, "epsilon": 17.547831845567476, "gamma": 0.3028409246335452, "lamda": 0.7249580958304238}, "datetime": {"datetime": "2021-06-28 17:25:30", "elapsed": 393.701933, "delta": 0.773958}}
{"target": -22.0824217596598, "params": {"C": 5.000957780718059, "epsilon": 3.824192985206598, "gamma": 0.729471597408323, "lamda": 0.4690889108614931}, "datetime": {"datetime": "2021-06-28 17:25:31", "elapsed": 394.429899, "delta": 0.727966}}
{"target": -19.838536558422085, "params": {"C": 9.650087127749325, "epsilon": 15.949226140710476, "gamma": 0.5036402511722595, "lamda": 0.9986545641095188}, "datetime": {"datetime": "2021-06-28 17:25:31", "elapsed": 395.098894, "delta": 0.668995}}
{"target": -18.093236181189816, "params": {"C": 6.831938312158868, "epsilon": 14.027494558662012, "gamma": 0.3521448854618296, "lamda": 0.8632675266607219}, "datetime": {"datetime": "2021-06-28 17:25:32", "elapsed": 395.802932, "delta": 0.704038}}
{"target": -35.694073806826616, "params": {"C": 2.801575280749034, "epsilon": 8.369092008302536, "gamma": 0.5070962516332184, "lamda": 0.7362643681453725}, "datetime": {"datetime": "2021-06-28 17:25:40", "elapsed": 403.613842, "delta": 7.81091}}
{"target": -20.170207803404654, "params": {"C": 9.936267544071349, "epsilon": 1.363941122384781, "gamma": 0.5050662083196346, "lamda": 0.7805694482028074}, "datetime": {"datetime": "2021-06-28 17:25:43", "elapsed": 406.156148, "delta": 2.542306}}
{"target": -93.78272871367119, "params": {"C": 4.1655252255023365, "epsilon": 8.8245268429487, "gamma": 0.05040692029653981, "lamda": 0.22975426487865605}, "datetime": {"datetime": "2021-06-28 17:25:51", "elapsed": 414.155636, "delta": 7.999488}}
{"target": -21.28357601185195, "params": {"C": 8.599355880408574, "epsilon": 13.269137460334823, "gamma": 0.6897728434214587, "lamda": 0.6401578770614674}, "datetime": {"datetime": "2021-06-28 17:25:51", "elapsed": 414.991677, "delta": 0.836041}}
{"target": -85.16574837700229, "params": {"C": 3.3994024826843128, "epsilon": 3.0315441995282475, "gamma": 0.061091570337165835, "lamda": 0.20824050730078944}, "datetime": {"datetime": "2021-06-28 17:26:04", "elapsed": 427.801005, "delta": 12.809328}}
{"target": -12.8391339116222, "params": {"C": 2.82774828862351, "epsilon": 1.006345630570524, "gamma": 0.07461200722750455, "lamda": 0.6877456885832255}, "datetime": {"datetime": "2021-06-28 17:26:05", "elapsed": 428.706148, "delta": 0.905143}}
{"target": -18.786150173623735, "params": {"C": 8.418546974978916, "epsilon": 7.73949524977547, "gamma": 0.3937706990729363, "lamda": 0.22550787698695487}, "datetime": {"datetime": "2021-06-28 17:26:06", "elapsed": 429.551898, "delta": 0.84575}}
{"target": -20.715266417518688, "params": {"C": 3.3922940913877766, "epsilon": 14.764583051424374, "gamma": 0.6342742315431658, "lamda": 0.6915135593935303}, "datetime": {"datetime": "2021-06-28 17:26:07", "elapsed": 430.338679, "delta": 0.786781}}
{"target": -19.02208691116033, "params": {"C": 7.947022001994098, "epsilon": 11.05006811163383, "gamma": 0.42678482713226046, "lamda": 0.5966273017953262}, "datetime": {"datetime": "2021-06-28 17:26:08", "elapsed": 431.490341, "delta": 1.151662}}
{"target": -89.82581657811669, "params": {"C": 6.069756449075499, "epsilon": 17.469752860605205, "gamma": 0.0445458201211483, "lamda": 0.08820810203180215}, "datetime": {"datetime": "2021-06-28 17:26:18", "elapsed": 441.458294, "delta": 9.967953}}
{"target": -13.79932461146752, "params": {"C": 8.856800427644162, "epsilon": 2.72740101024858, "gamma": 0.1323272257945961, "lamda": 0.7033942053891847}, "datetime": {"datetime": "2021-06-28 17:26:19", "elapsed": 442.261365, "delta": 0.803071}}
{"target": -51.34208978415579, "params": {"C": 6.2777837612233744, "epsilon": 9.862152842017155, "gamma": 0.14163113619901613, "lamda": 0.9035012313746343}, "datetime": {"datetime": "2021-06-28 17:26:29", "elapsed": 452.241185, "delta": 9.97982}}
{"target": -39.999023549707594, "params": {"C": 4.4787762239561655, "epsilon": 13.565034239882932, "gamma": 0.21583064000603047, "lamda": 0.766931504742316}, "datetime": {"datetime": "2021-06-28 17:26:37", "elapsed": 460.816083, "delta": 8.574898}}
{"target": -99.68070917077384, "params": {"C": 9.821616906654937, "epsilon": 8.998028790950539, "gamma": 0.030396979283514668, "lamda": 0.15660258090065837}, "datetime": {"datetime": "2021-06-28 17:26:47", "elapsed": 470.317022, "delta": 9.500939}}
{"target": -20.937950202389928, "params": {"C": 5.598171213326921, "epsilon": 14.042401805025786, "gamma": 0.6614756538370887, "lamda": 0.8507241890885197}, "datetime": {"datetime": "2021-06-28 17:26:47", "elapsed": 471.057033, "delta": 0.740011}}
{"target": -54.850442341896134, "params": {"C": 6.8185466854966945, "epsilon": 2.0503269244024342, "gamma": 0.13062354371468576, "lamda": 0.874616547723955}, "datetime": {"datetime": "2021-06-28 17:26:56", "elapsed": 479.691954, "delta": 8.634921}}
{"target": -23.901760231843845, "params": {"C": 3.873326867078392, "epsilon": 2.665872544716378, "gamma": 0.9519237237755548, "lamda": 0.9221826478368993}, "datetime": {"datetime": "2021-06-28 17:26:57", "elapsed": 480.993018, "delta": 1.301064}}
{"target": -14.60510419759239, "params": {"C": 1.6843632252105556, "epsilon": 12.335634987105582, "gamma": 0.13432158953176343, "lamda": 0.27848941707822217}, "datetime": {"datetime": "2021-06-28 17:26:58", "elapsed": 481.921047, "delta": 0.928029}}
{"target": -22.645449549003967, "params": {"C": 2.98332295152039, "epsilon": 11.862641875725487, "gamma": 0.8494329351261356, "lamda": 0.27021359885300866}, "datetime": {"datetime": "2021-06-28 17:26:59", "elapsed": 482.767905, "delta": 0.846858}}
{"target": -21.551165932612452, "params": {"C": 3.5364146807750365, "epsilon": 2.807003784567101, "gamma": 0.626804385921453, "lamda": 0.06982894100221186}, "datetime": {"datetime": "2021-06-28 17:27:00", "elapsed": 483.512958, "delta": 0.745053}}
