{"target": -15.796138241098731, "params": {"C": 19.59116120080272, "epsilon": 10.852789816010972, "gamma": 0.1791742406838562, "lamda": 0.05127388378660656}, "datetime": {"datetime": "2021-06-28 18:17:27", "elapsed": 1123.636048, "delta": 2.558334}}
{"target": -23.39684077464034, "params": {"C": 23.160716005177537, "epsilon": 11.500001162349035, "gamma": 1.0, "lamda": 0.08243540865566545}, "datetime": {"datetime": "2021-06-28 18:17:28", "elapsed": 1125.427727, "delta": 1.791679}}
{"target": -93.05939772910324, "params": {"C": 23.722979403140027, "epsilon": 2.151032100320649, "gamma": 0.04214226678959732, "lamda": 0.13869121519703792}, "datetime": {"datetime": "2021-06-28 18:17:36", "elapsed": 1133.124882, "delta": 7.697155}}
{"target": -35.961574590169086, "params": {"C": 32.87353034850196, "epsilon": 8.457659958119788, "gamma": 0.45133813958270774, "lamda": 0.7906207784771774}, "datetime": {"datetime": "2021-06-28 18:17:43", "elapsed": 1140.33041, "delta": 7.205528}}
{"target": -20.171320384947165, "params": {"C": 23.213065757596876, "epsilon": 1.685432052347534, "gamma": 0.4738927474583325, "lamda": 0.599610587405532}, "datetime": {"datetime": "2021-06-28 18:17:48", "elapsed": 1145.495308, "delta": 5.164898}}
{"target": -20.059879415648663, "params": {"C": 15.64872902244275, "epsilon": 12.261721141193016, "gamma": 0.513288009425626, "lamda": 0.04096867179844416}, "datetime": {"datetime": "2021-06-28 18:17:51", "elapsed": 1147.611387, "delta": 2.116079}}
{"target": -23.41285960133615, "params": {"C": 20.220913638692103, "epsilon": 1.8944481014694023, "gamma": 0.9502006306997005, "lamda": 0.7796357149049036}, "datetime": {"datetime": "2021-06-28 18:17:52", "elapsed": 1148.642709, "delta": 1.031322}}
{"target": -19.782923008639433, "params": {"C": 16.699248614647, "epsilon": 11.067241317118897, "gamma": 0.46579528564325, "lamda": 0.025467186776550525}, "datetime": {"datetime": "2021-06-28 18:17:53", "elapsed": 1150.290759, "delta": 1.64805}}
{"target": -19.779206998804224, "params": {"C": 17.378447633679613, "epsilon": 16.38353529749626, "gamma": 0.46920288702542906, "lamda": 0.01}, "datetime": {"datetime": "2021-06-28 18:17:55", "elapsed": 1152.0969, "delta": 1.806141}}
{"target": -20.891591834320355, "params": {"C": 19.99949885536835, "epsilon": 11.114026104349167, "gamma": 0.578668167923525, "lamda": 0.02450199898961008}, "datetime": {"datetime": "2021-06-28 18:17:57", "elapsed": 1153.866047, "delta": 1.769147}}
{"target": -16.344161255762007, "params": {"C": 23.02628862523218, "epsilon": 1.5889656199099154, "gamma": 0.1908370027758962, "lamda": 0.08194360433186162}, "datetime": {"datetime": "2021-06-28 18:17:59", "elapsed": 1156.118999, "delta": 2.252952}}
{"target": -21.849053282315626, "params": {"C": 23.908406167530835, "epsilon": 2.3324026610833126, "gamma": 0.7089082439255912, "lamda": 0.9770119709439629}, "datetime": {"datetime": "2021-06-28 18:18:01", "elapsed": 1158.207405, "delta": 2.088406}}
{"target": -18.92092886231046, "params": {"C": 47.21374464436663, "epsilon": 3.407897905038804, "gamma": 0.3486845091143673, "lamda": 0.8201157900873693}, "datetime": {"datetime": "2021-06-28 18:18:02", "elapsed": 1159.338917, "delta": 1.131512}}
{"target": -18.861655456814294, "params": {"C": 18.206425349577113, "epsilon": 9.127251659864669, "gamma": 0.39483951645108306, "lamda": 0.07412013827007698}, "datetime": {"datetime": "2021-06-28 18:18:04", "elapsed": 1161.422333, "delta": 2.083416}}
{"target": -71.47596720079991, "params": {"C": 44.73444942899407, "epsilon": 19.512508296172573, "gamma": 0.08167087787036663, "lamda": 0.21228546361877007}, "datetime": {"datetime": "2021-06-28 18:18:12", "elapsed": 1169.380567, "delta": 7.958234}}
{"target": -23.346861645648158, "params": {"C": 24.881427483220165, "epsilon": 2.1396091900896277, "gamma": 0.9404816783887718, "lamda": 0.0250428551747697}, "datetime": {"datetime": "2021-06-28 18:18:18", "elapsed": 1175.429833, "delta": 6.049266}}
{"target": -23.12045604976354, "params": {"C": 29.268756272594675, "epsilon": 2.0029067441060544, "gamma": 0.907361265613219, "lamda": 0.8559310408463205}, "datetime": {"datetime": "2021-06-28 18:18:20", "elapsed": 1177.420884, "delta": 1.991051}}
{"target": -76.59113906447041, "params": {"C": 46.42238913924348, "epsilon": 11.124174773146116, "gamma": 0.07767930624114806, "lamda": 0.22227827446814752}, "datetime": {"datetime": "2021-06-28 18:18:29", "elapsed": 1185.736738, "delta": 8.315854}}
{"target": -23.21149227068436, "params": {"C": 23.89583380737659, "epsilon": 1.692538500315993, "gamma": 0.9176636439993454, "lamda": 0.17468924151152376}, "datetime": {"datetime": "2021-06-28 18:18:31", "elapsed": 1187.972349, "delta": 2.235611}}
{"target": -40.28084683320136, "params": {"C": 24.808668815505747, "epsilon": 5.089379620424852, "gamma": 0.24228777561671377, "lamda": 0.1604962485615886}, "datetime": {"datetime": "2021-06-28 18:18:39", "elapsed": 1196.078684, "delta": 8.106335}}
{"target": -22.841741550092404, "params": {"C": 43.727010238564084, "epsilon": 3.432620417477685, "gamma": 0.8618886872106609, "lamda": 0.1661319262222089}, "datetime": {"datetime": "2021-06-28 18:18:40", "elapsed": 1197.165029, "delta": 1.086345}}
{"target": -11.356358431839334, "params": {"C": 25.474584677680642, "epsilon": 5.593831815549666, "gamma": 0.01, "lamda": 0.01}, "datetime": {"datetime": "2021-06-28 18:18:42", "elapsed": 1199.486654, "delta": 2.321625}}
{"target": -34.853100177082084, "params": {"C": 30.595614277217717, "epsilon": 8.060687186411098, "gamma": 0.5152743348757224, "lamda": 0.6751504997980037}, "datetime": {"datetime": "2021-06-28 18:18:51", "elapsed": 1208.32136, "delta": 8.834706}}
{"target": -19.873134714541145, "params": {"C": 25.408974722228454, "epsilon": 6.140008569304718, "gamma": 0.4485983260820595, "lamda": 0.189148211780317}, "datetime": {"datetime": "2021-06-28 18:18:56", "elapsed": 1212.703718, "delta": 4.382358}}
{"target": -23.16918191985593, "params": {"C": 39.17100533623406, "epsilon": 13.634378173368809, "gamma": 0.9721668436590659, "lamda": 0.19847682615960058}, "datetime": {"datetime": "2021-06-28 18:18:57", "elapsed": 1213.872161, "delta": 1.168443}}
{"target": -21.3000363957034, "params": {"C": 38.29085289199913, "epsilon": 3.5313024991379436, "gamma": 0.6164350970260177, "lamda": 0.5893520523652351}, "datetime": {"datetime": "2021-06-28 18:18:58", "elapsed": 1215.180697, "delta": 1.308536}}
{"target": -36.75238523394288, "params": {"C": 27.243376937265968, "epsilon": 18.67992456981005, "gamma": 0.2911761051502772, "lamda": 0.23062236594898458}, "datetime": {"datetime": "2021-06-28 18:19:12", "elapsed": 1229.391036, "delta": 14.210339}}
{"target": -21.58590559577529, "params": {"C": 23.661398814345656, "epsilon": 3.1187488293724477, "gamma": 0.6666512779093983, "lamda": 0.5255912823708174}, "datetime": {"datetime": "2021-06-28 18:19:14", "elapsed": 1231.320451, "delta": 1.929415}}
{"target": -22.535101772982006, "params": {"C": 17.849938357700392, "epsilon": 16.69059671857859, "gamma": 0.874087755952438, "lamda": 0.252813774905626}, "datetime": {"datetime": "2021-06-28 18:19:15", "elapsed": 1232.518769, "delta": 1.198318}}
{"target": -21.164449702979297, "params": {"C": 25.498882005950758, "epsilon": 5.455694155894022, "gamma": 0.6026433882511312, "lamda": 0.01}, "datetime": {"datetime": "2021-06-28 18:19:18", "elapsed": 1235.428353, "delta": 2.909584}}
{"target": -16.61308602585337, "params": {"C": 21.769468687523236, "epsilon": 11.153574383918274, "gamma": 0.20294910981158854, "lamda": 0.028060126396965625}, "datetime": {"datetime": "2021-06-28 18:19:21", "elapsed": 1237.890205, "delta": 2.461852}}
{"target": -47.459688918776465, "params": {"C": 17.94545874369193, "epsilon": 9.813568288064138, "gamma": 0.18009623707778705, "lamda": 0.5422327211447902}, "datetime": {"datetime": "2021-06-28 18:19:32", "elapsed": 1249.241353, "delta": 11.351148}}
{"target": -21.47118525952294, "params": {"C": 20.11720356092424, "epsilon": 14.018761623328228, "gamma": 0.6938139546353593, "lamda": 0.5450408531543748}, "datetime": {"datetime": "2021-06-28 18:19:34", "elapsed": 1250.597311, "delta": 1.355958}}
{"target": -21.637727274908972, "params": {"C": 15.0, "epsilon": 12.866249391867242, "gamma": 0.7163189400829796, "lamda": 0.647999673303443}, "datetime": {"datetime": "2021-06-28 18:19:36", "elapsed": 1252.798701, "delta": 2.20139}}
{"target": -12.908132518392785, "params": {"C": 24.117228267822785, "epsilon": 4.545897373188771, "gamma": 0.09184435140902807, "lamda": 0.032202429854595045}, "datetime": {"datetime": "2021-06-28 18:19:38", "elapsed": 1254.658986, "delta": 1.860285}}
{"target": -15.366337291774224, "params": {"C": 23.74954681737281, "epsilon": 3.4785987877699354, "gamma": 0.14683467511169404, "lamda": 0.06615412375250375}, "datetime": {"datetime": "2021-06-28 18:19:40", "elapsed": 1256.696271, "delta": 2.037285}}
{"target": -95.47790562719581, "params": {"C": 24.783878098751124, "epsilon": 4.220204605695839, "gamma": 0.01649177187071437, "lamda": 0.14063996638040824}, "datetime": {"datetime": "2021-06-28 18:19:48", "elapsed": 1265.297956, "delta": 8.601685}}
{"target": -19.68776716494614, "params": {"C": 20.65054648806535, "epsilon": 2.7181479964053326, "gamma": 0.4449416507036365, "lamda": 0.11773017346366516}, "datetime": {"datetime": "2021-06-28 18:19:51", "elapsed": 1267.760289, "delta": 2.462333}}
{"target": -20.29049828352861, "params": {"C": 24.030522336132705, "epsilon": 3.1795209755733085, "gamma": 0.5028790030409437, "lamda": 0.01}, "datetime": {"datetime": "2021-06-28 18:19:55", "elapsed": 1272.372223, "delta": 4.611934}}
{"target": -21.26434132743619, "params": {"C": 39.64831391940859, "epsilon": 15.409442944021082, "gamma": 0.6543565673844483, "lamda": 0.49251696693593194}, "datetime": {"datetime": "2021-06-28 18:19:57", "elapsed": 1274.240631, "delta": 1.868408}}
{"target": -74.85549076570524, "params": {"C": 15.588053776864847, "epsilon": 10.223129226998186, "gamma": 0.07180546795898521, "lamda": 0.10343027793398256}, "datetime": {"datetime": "2021-06-28 18:20:11", "elapsed": 1288.072551, "delta": 13.83192}}
{"target": -18.036334385510596, "params": {"C": 24.091017272582892, "epsilon": 4.8234729721182905, "gamma": 0.2939847237307054, "lamda": 0.38252056814379337}, "datetime": {"datetime": "2021-06-28 18:20:15", "elapsed": 1291.666966, "delta": 3.594415}}
{"target": -17.983496761638744, "params": {"C": 21.174629731681392, "epsilon": 12.068134628298644, "gamma": 0.31111814923813436, "lamda": 0.010890772388615702}, "datetime": {"datetime": "2021-06-28 18:20:17", "elapsed": 1294.41243, "delta": 2.745464}}
{"target": -13.357534369297456, "params": {"C": 29.775371899713612, "epsilon": 1.3141924787923625, "gamma": 0.09059534146371394, "lamda": 0.07467976519517236}, "datetime": {"datetime": "2021-06-28 18:20:20", "elapsed": 1296.935994, "delta": 2.523564}}
{"target": -20.441919557555384, "params": {"C": 25.636135461290294, "epsilon": 3.680157083347852, "gamma": 0.5178895441524629, "lamda": 0.28678480852729277}, "datetime": {"datetime": "2021-06-28 18:20:23", "elapsed": 1299.740447, "delta": 2.804453}}
{"target": -15.872294610973507, "params": {"C": 29.523381251534037, "epsilon": 2.0343821852103385, "gamma": 0.16334886473243235, "lamda": 0.1295297899195708}, "datetime": {"datetime": "2021-06-28 18:20:25", "elapsed": 1302.048563, "delta": 2.308116}}
{"target": -21.293130299868317, "params": {"C": 19.879208725396303, "epsilon": 9.390760871824439, "gamma": 0.6425521731187033, "lamda": 0.4050643984300134}, "datetime": {"datetime": "2021-06-28 18:20:26", "elapsed": 1303.34177, "delta": 1.293207}}
{"target": -19.432635188343067, "params": {"C": 47.35886838181016, "epsilon": 4.22312461793447, "gamma": 0.375728817601624, "lamda": 0.5162759853500263}, "datetime": {"datetime": "2021-06-28 18:20:28", "elapsed": 1304.740586, "delta": 1.398816}}
{"target": -11.335631856256692, "params": {"C": 16.190918545827916, "epsilon": 12.113066454057059, "gamma": 0.01, "lamda": 0.01}, "datetime": {"datetime": "2021-06-28 18:20:30", "elapsed": 1307.374485, "delta": 2.633899}}
{"target": -21.03331695714056, "params": {"C": 23.89797957979544, "epsilon": 3.8544661096063146, "gamma": 0.5826006075488525, "lamda": 0.22580088843298113}, "datetime": {"datetime": "2021-06-28 18:20:36", "elapsed": 1312.658871, "delta": 5.284386}}
{"target": -21.066750170420654, "params": {"C": 36.62347370299747, "epsilon": 18.452578189532307, "gamma": 0.6219989013167594, "lamda": 0.6864235303315706}, "datetime": {"datetime": "2021-06-28 18:20:37", "elapsed": 1314.385886, "delta": 1.727015}}
{"target": -18.95639594207636, "params": {"C": 30.14426899480852, "epsilon": 1.4176825156894575, "gamma": 0.3717360785319333, "lamda": 0.16596727438958175}, "datetime": {"datetime": "2021-06-28 18:20:41", "elapsed": 1317.682342, "delta": 3.296456}}
{"target": -17.787646846580483, "params": {"C": 19.636711267358873, "epsilon": 2.725193131374277, "gamma": 0.27186319363735917, "lamda": 0.06261235708912188}, "datetime": {"datetime": "2021-06-28 18:20:44", "elapsed": 1320.860809, "delta": 3.178467}}
{"target": -21.64007166766837, "params": {"C": 24.39303543095737, "epsilon": 4.6325538557268455, "gamma": 0.6828044149585333, "lamda": 0.03114308992866089}, "datetime": {"datetime": "2021-06-28 18:20:48", "elapsed": 1324.722392, "delta": 3.861583}}
{"target": -59.28640624093264, "params": {"C": 15.595256947830674, "epsilon": 12.339161186615108, "gamma": 0.10311270854458851, "lamda": 0.39501174643658743}, "datetime": {"datetime": "2021-06-28 18:21:00", "elapsed": 1337.358448, "delta": 12.636056}}
{"target": -22.094689577370772, "params": {"C": 28.516521605060667, "epsilon": 1.5370865819594286, "gamma": 0.742377221559491, "lamda": 0.42183849178637983}, "datetime": {"datetime": "2021-06-28 18:21:03", "elapsed": 1339.844121, "delta": 2.485673}}
{"target": -11.192803552448268, "params": {"C": 17.22485487903454, "epsilon": 16.518738840374517, "gamma": 0.01, "lamda": 0.01}, "datetime": {"datetime": "2021-06-28 18:21:06", "elapsed": 1343.374936, "delta": 3.530815}}
{"target": -38.43871753620398, "params": {"C": 19.586046003648928, "epsilon": 11.321402420591864, "gamma": 0.2651091737810614, "lamda": 0.3808239137669805}, "datetime": {"datetime": "2021-06-28 18:21:21", "elapsed": 1357.60448, "delta": 14.229544}}
{"target": -36.20002066052019, "params": {"C": 22.279503771444645, "epsilon": 11.322571732058716, "gamma": 0.32882723157620913, "lamda": 0.2939387598732599}, "datetime": {"datetime": "2021-06-28 18:21:37", "elapsed": 1373.603532, "delta": 15.999052}}
{"target": -21.759655515893215, "params": {"C": 24.273563684697613, "epsilon": 2.217195369057485, "gamma": 0.6926556312910375, "lamda": 0.3292826269472021}, "datetime": {"datetime": "2021-06-28 18:21:41", "elapsed": 1377.649096, "delta": 4.045564}}
{"target": -19.116371429897182, "params": {"C": 44.95154566938717, "epsilon": 3.5876255824100216, "gamma": 0.36650794625207267, "lamda": 0.1605481347409983}, "datetime": {"datetime": "2021-06-28 18:21:43", "elapsed": 1379.583472, "delta": 1.934376}}
{"target": -16.03046354587185, "params": {"C": 24.13570701066863, "epsilon": 5.3338398605754795, "gamma": 0.17546839513410023, "lamda": 0.04907526747255107}, "datetime": {"datetime": "2021-06-28 18:21:44", "elapsed": 1381.521739, "delta": 1.938267}}
{"target": -15.69348001589941, "params": {"C": 25.941410635156707, "epsilon": 5.8670958679925445, "gamma": 0.16370380082358502, "lamda": 0.01}, "datetime": {"datetime": "2021-06-28 18:21:53", "elapsed": 1389.910647, "delta": 8.388908}}
{"target": -21.374229724384193, "params": {"C": 45.43550229386325, "epsilon": 16.92198525869255, "gamma": 0.682325351030821, "lamda": 0.28934052946603234}, "datetime": {"datetime": "2021-06-28 18:21:54", "elapsed": 1391.229279, "delta": 1.318632}}
{"target": -42.725136631542114, "params": {"C": 25.678450118657246, "epsilon": 5.7736522571241204, "gamma": 0.22957112805578786, "lamda": 0.54746124134264}, "datetime": {"datetime": "2021-06-28 18:22:07", "elapsed": 1403.746845, "delta": 12.517566}}
{"target": -19.52511427851583, "params": {"C": 46.38155850603757, "epsilon": 18.907056260811185, "gamma": 0.4247869041814015, "lamda": 0.01884106190591397}, "datetime": {"datetime": "2021-06-28 18:22:09", "elapsed": 1405.872396, "delta": 2.125551}}
{"target": -21.91711992682654, "params": {"C": 19.89268556270177, "epsilon": 3.104610181436124, "gamma": 0.724733566487793, "lamda": 0.16557647017129248}, "datetime": {"datetime": "2021-06-28 18:22:13", "elapsed": 1409.931613, "delta": 4.059217}}
{"target": -18.751206765948485, "params": {"C": 19.72645402915258, "epsilon": 1.3131172037827836, "gamma": 0.36968535595571983, "lamda": 0.01}, "datetime": {"datetime": "2021-06-28 18:22:17", "elapsed": 1414.496526, "delta": 4.564913}}
{"target": -16.100346248514345, "params": {"C": 17.738699634212765, "epsilon": 17.046549693945778, "gamma": 0.19632249262473153, "lamda": 0.01}, "datetime": {"datetime": "2021-06-28 18:22:21", "elapsed": 1418.479585, "delta": 3.983059}}
{"target": -83.25560391190919, "params": {"C": 23.304615055649343, "epsilon": 17.19994727394109, "gamma": 0.010321633570009961, "lamda": 0.4949397667481839}, "datetime": {"datetime": "2021-06-28 18:22:37", "elapsed": 1433.568959, "delta": 15.089374}}
{"target": -11.373338415164772, "params": {"C": 18.58226103356303, "epsilon": 9.24830873991513, "gamma": 0.01, "lamda": 0.01}, "datetime": {"datetime": "2021-06-28 18:22:41", "elapsed": 1437.793447, "delta": 4.224488}}
{"target": -41.62718508773954, "params": {"C": 39.17333493586189, "epsilon": 19.224198564786146, "gamma": 0.2259528778229399, "lamda": 0.8377159873366178}, "datetime": {"datetime": "2021-06-28 18:22:58", "elapsed": 1454.943664, "delta": 17.150217}}
{"target": -20.42932166339927, "params": {"C": 29.941731995597205, "epsilon": 11.506431807973826, "gamma": 0.5330374427552853, "lamda": 0.9431787177594593}, "datetime": {"datetime": "2021-06-28 18:23:00", "elapsed": 1457.107095, "delta": 2.163431}}
{"target": -22.29884917097876, "params": {"C": 15.387347533346798, "epsilon": 11.600443042646083, "gamma": 0.8125786691281712, "lamda": 0.09686102408608428}, "datetime": {"datetime": "2021-06-28 18:23:04", "elapsed": 1461.095057, "delta": 3.987962}}
{"target": -21.723633744193364, "params": {"C": 42.48524274003634, "epsilon": 5.541037790012398, "gamma": 0.7041297313560575, "lamda": 0.17875324990709146}, "datetime": {"datetime": "2021-06-28 18:23:07", "elapsed": 1463.954489, "delta": 2.859432}}
{"target": -37.55580034062011, "params": {"C": 45.57497484390983, "epsilon": 8.405746713847387, "gamma": 0.366146230919713, "lamda": 0.8625559557609156}, "datetime": {"datetime": "2021-06-28 18:23:19", "elapsed": 1475.855869, "delta": 11.90138}}
{"target": -19.31698963643398, "params": {"C": 35.86795799795974, "epsilon": 17.2619893194046, "gamma": 0.395010899792157, "lamda": 0.11943225149217897}, "datetime": {"datetime": "2021-06-28 18:23:21", "elapsed": 1478.244276, "delta": 2.388407}}
{"target": -22.72749051672162, "params": {"C": 45.206632428347405, "epsilon": 13.033979427382082, "gamma": 0.8983501759011316, "lamda": 0.6772275431320774}, "datetime": {"datetime": "2021-06-28 18:23:27", "elapsed": 1483.916994, "delta": 5.672718}}
{"target": -18.371164191325317, "params": {"C": 31.90235586152433, "epsilon": 12.766518286615284, "gamma": 0.33628480090619395, "lamda": 0.14535208715804723}, "datetime": {"datetime": "2021-06-28 18:23:29", "elapsed": 1486.337867, "delta": 2.420873}}
{"target": -21.40816597059341, "params": {"C": 19.54255621644891, "epsilon": 10.480858241240558, "gamma": 0.6659435177377462, "lamda": 0.01}, "datetime": {"datetime": "2021-06-28 18:23:33", "elapsed": 1490.116074, "delta": 3.778207}}
{"target": -21.290360367388814, "params": {"C": 15.528576128983284, "epsilon": 7.3703500405199645, "gamma": 0.6335764354599569, "lamda": 0.01}, "datetime": {"datetime": "2021-06-28 18:23:37", "elapsed": 1493.819095, "delta": 3.703021}}
{"target": -14.24717075234698, "params": {"C": 17.123319024937143, "epsilon": 11.534166280785438, "gamma": 0.14352879653101583, "lamda": 0.02738291081934307}, "datetime": {"datetime": "2021-06-28 18:23:42", "elapsed": 1498.721989, "delta": 4.902894}}
{"target": -22.34472694776308, "params": {"C": 31.366059768957005, "epsilon": 11.855525010032208, "gamma": 0.8238611101701674, "lamda": 0.10148808865013048}, "datetime": {"datetime": "2021-06-28 18:23:45", "elapsed": 1501.88725, "delta": 3.165261}}
{"target": -22.677142694709595, "params": {"C": 16.15384644442688, "epsilon": 9.63972426680515, "gamma": 0.8597449630041865, "lamda": 0.3076726663613923}, "datetime": {"datetime": "2021-06-28 18:23:49", "elapsed": 1505.68182, "delta": 3.79457}}
{"target": -15.354960589359454, "params": {"C": 23.339229086089087, "epsilon": 1.1242807196832194, "gamma": 0.14799153523494188, "lamda": 0.2542778979417724}, "datetime": {"datetime": "2021-06-28 18:23:53", "elapsed": 1510.410299, "delta": 4.728479}}
{"target": -20.152125261899652, "params": {"C": 20.655951892058823, "epsilon": 2.785960668657394, "gamma": 0.4758151147414929, "lamda": 0.13392407042897023}, "datetime": {"datetime": "2021-06-28 18:23:56", "elapsed": 1512.93555, "delta": 2.525251}}
{"target": -20.84084900900548, "params": {"C": 46.83108258118434, "epsilon": 3.925730393386269, "gamma": 0.5520958301802026, "lamda": 0.8260437692776109}, "datetime": {"datetime": "2021-06-28 18:24:01", "elapsed": 1517.640877, "delta": 4.705327}}
{"target": -22.725219295297094, "params": {"C": 46.20425337653228, "epsilon": 13.370231717129727, "gamma": 0.8997374577928668, "lamda": 0.9650324894034102}, "datetime": {"datetime": "2021-06-28 18:24:05", "elapsed": 1521.724945, "delta": 4.084068}}
{"target": -36.2330026167775, "params": {"C": 46.48225319971132, "epsilon": 8.29116095535117, "gamma": 0.433376608764174, "lamda": 0.3088140128576783}, "datetime": {"datetime": "2021-06-28 18:24:13", "elapsed": 1530.454998, "delta": 8.730053}}
