{"target": -77.28102566368268, "params": {"C": 9.574020229799425, "epsilon": 9.040144313677072, "gamma": 0.1073581090574714, "lamda": 0.1841874825938192}, "datetime": {"datetime": "2021-06-28 11:31:06", "elapsed": 383.426274, "delta": 9.836511}}
{"target": -85.94096070965473, "params": {"C": 8.298752509927244, "epsilon": 4.632546403759423, "gamma": 0.08380758822308808, "lamda": 0.05783859845097853}, "datetime": {"datetime": "2021-06-28 11:31:11", "elapsed": 389.109374, "delta": 5.6831}}
{"target": -12.17298690682083, "params": {"C": 11.143265927038746, "epsilon": 3.1248557503693295, "gamma": 0.11270462020034064, "lamda": 0.07842509526341955}, "datetime": {"datetime": "2021-06-28 11:31:12", "elapsed": 389.700733, "delta": 0.591359}}
{"target": -12.858073257955716, "params": {"C": 4.152218807351345, "epsilon": 1.1282843995602574, "gamma": 0.1721776172985754, "lamda": 0.09328000268829008}, "datetime": {"datetime": "2021-06-28 11:31:12", "elapsed": 390.296395, "delta": 0.595662}}
{"target": -10.853306485656141, "params": {"C": 8.917833834538602, "epsilon": 2.9416705259676768, "gamma": 0.05673912112459736, "lamda": 0.1136717179080548}, "datetime": {"datetime": "2021-06-28 11:31:13", "elapsed": 390.944589, "delta": 0.648194}}
{"target": -94.52239055269548, "params": {"C": 11.331081473939033, "epsilon": 9.721726835175389, "gamma": 0.05715407172039851, "lamda": 0.09169007252153333}, "datetime": {"datetime": "2021-06-28 11:31:22", "elapsed": 399.868766, "delta": 8.924177}}
{"target": -63.452808579284294, "params": {"C": 7.166844656420592, "epsilon": 8.177049404586668, "gamma": 0.14437213459471154, "lamda": 0.10427649856607264}, "datetime": {"datetime": "2021-06-28 11:31:28", "elapsed": 405.915943, "delta": 6.047177}}
{"target": -70.66307631585163, "params": {"C": 6.243096429345082, "epsilon": 8.172964565349494, "gamma": 0.12967747703258087, "lamda": 0.5477394142109496}, "datetime": {"datetime": "2021-06-28 11:31:38", "elapsed": 415.425397, "delta": 9.509454}}
{"target": -69.04558843291488, "params": {"C": 8.92167289190429, "epsilon": 5.770036398752701, "gamma": 0.13518425152105706, "lamda": 0.5948978570518958}, "datetime": {"datetime": "2021-06-28 11:31:52", "elapsed": 430.2933, "delta": 14.867903}}
{"target": -11.922909085035194, "params": {"C": 2.749208587241514, "epsilon": 4.836520861822153, "gamma": 0.10627136748491722, "lamda": 0.08147165412937821}, "datetime": {"datetime": "2021-06-28 11:31:53", "elapsed": 430.913681, "delta": 0.620381}}
{"target": -13.140058750156596, "params": {"C": 11.743724762292064, "epsilon": 5.434953360905038, "gamma": 0.1970407356358164, "lamda": 0.47721511551929485}, "datetime": {"datetime": "2021-06-28 11:31:54", "elapsed": 431.553144, "delta": 0.639463}}
{"target": -12.808689384371105, "params": {"C": 7.147517211454916, "epsilon": 2.0780464519443775, "gamma": 0.16262005866768964, "lamda": 0.05798769989946403}, "datetime": {"datetime": "2021-06-28 11:31:54", "elapsed": 432.191739, "delta": 0.638595}}
{"target": -94.96356659732356, "params": {"C": 9.772773149594219, "epsilon": 1.91350491555844, "gamma": 0.05121132409005039, "lamda": 0.5683020681758197}, "datetime": {"datetime": "2021-06-28 11:32:03", "elapsed": 441.177915, "delta": 8.986176}}
{"target": -74.65958146551334, "params": {"C": 2.999266970818258, "epsilon": 8.951522516745655, "gamma": 0.10586314502945941, "lamda": 0.5918883738596997}, "datetime": {"datetime": "2021-06-28 11:32:12", "elapsed": 450.057525, "delta": 8.87961}}
{"target": -85.66980842701219, "params": {"C": 8.470764565854255, "epsilon": 8.306516820125049, "gamma": 0.0722699848468655, "lamda": 0.2340071082792362}, "datetime": {"datetime": "2021-06-28 11:32:22", "elapsed": 459.349265, "delta": 9.29174}}
{"target": -12.705777647606126, "params": {"C": 9.792468579325568, "epsilon": 2.7930224027815087, "gamma": 0.1427414631866423, "lamda": 0.2719029255142551}, "datetime": {"datetime": "2021-06-28 11:32:22", "elapsed": 459.935351, "delta": 0.586086}}
{"target": -65.28227577926219, "params": {"C": 5.437278067404171, "epsilon": 9.872689150866034, "gamma": 0.139445530937748, "lamda": 0.5459833070142102}, "datetime": {"datetime": "2021-06-28 11:32:32", "elapsed": 469.369279, "delta": 9.433928}}
{"target": -12.862782889937922, "params": {"C": 8.077303078443752, "epsilon": 6.148172651939382, "gamma": 0.17421798185602191, "lamda": 0.1322009225875313}, "datetime": {"datetime": "2021-06-28 11:32:32", "elapsed": 469.987518, "delta": 0.618239}}
{"target": -12.782736926250452, "params": {"C": 6.939206299476906, "epsilon": 3.2804906511212937, "gamma": 0.1690673138337747, "lamda": 0.5938591314671741}, "datetime": {"datetime": "2021-06-28 11:32:33", "elapsed": 470.637399, "delta": 0.649881}}
{"target": -12.841194883304954, "params": {"C": 9.796525941691561, "epsilon": 3.897870881426773, "gamma": 0.158884523882793, "lamda": 0.43133736292920016}, "datetime": {"datetime": "2021-06-28 11:32:33", "elapsed": 471.270311, "delta": 0.632912}}
{"target": -75.47006967799535, "params": {"C": 11.989296691946402, "epsilon": 5.889526974066793, "gamma": 0.100283122046779, "lamda": 0.5324504335179235}, "datetime": {"datetime": "2021-06-28 11:32:42", "elapsed": 480.273151, "delta": 9.00284}}
{"target": -77.5258034781971, "params": {"C": 11.923156681256046, "epsilon": 2.7379906364903666, "gamma": 0.01837483909494042, "lamda": 0.3325481840081469}, "datetime": {"datetime": "2021-06-28 11:32:51", "elapsed": 488.874684, "delta": 8.601533}}
{"target": -12.952120074511095, "params": {"C": 7.269043144494807, "epsilon": 0.4448238937728577, "gamma": 0.16931790938910002, "lamda": 0.3288008062924423}, "datetime": {"datetime": "2021-06-28 11:32:52", "elapsed": 489.523442, "delta": 0.648758}}
{"target": -12.695395494495198, "params": {"C": 2.408475180842535, "epsilon": 1.6019498332238302, "gamma": 0.13223888829497935, "lamda": 0.12243567721200913}, "datetime": {"datetime": "2021-06-28 11:32:52", "elapsed": 490.194393, "delta": 0.670951}}
{"target": -52.41413865121919, "params": {"C": 11.486863688577825, "epsilon": 7.685234207594381, "gamma": 0.19994655760436114, "lamda": 0.20845897124869023}, "datetime": {"datetime": "2021-06-28 11:33:01", "elapsed": 498.750789, "delta": 8.556396}}
{"target": -86.81606461599246, "params": {"C": 1.5060782949388778, "epsilon": 2.504355269116753, "gamma": 0.07556603785958435, "lamda": 0.06093394805527583}, "datetime": {"datetime": "2021-06-28 11:33:16", "elapsed": 513.820752, "delta": 15.069963}}
{"target": -12.683121071870302, "params": {"C": 3.2172891329498654, "epsilon": 2.283413505779668, "gamma": 0.16473970976291735, "lamda": 0.4483048918017015}, "datetime": {"datetime": "2021-06-28 11:33:17", "elapsed": 514.444818, "delta": 0.624066}}
{"target": -61.84052012919473, "params": {"C": 6.8002959995756385, "epsilon": 8.099905903484323, "gamma": 0.1600999298969755, "lamda": 0.3894996261885409}, "datetime": {"datetime": "2021-06-28 11:33:26", "elapsed": 523.498181, "delta": 9.053363}}
{"target": -75.98255132832072, "params": {"C": 11.048681673737672, "epsilon": 7.212765930403304, "gamma": 0.11110617609102595, "lamda": 0.28244147548681553}, "datetime": {"datetime": "2021-06-28 11:33:34", "elapsed": 531.696745, "delta": 8.198564}}
{"target": -13.04216306406804, "params": {"C": 1.76064664729281, "epsilon": 9.757149044520744, "gamma": 0.18809488607860622, "lamda": 0.1739108163560866}, "datetime": {"datetime": "2021-06-28 11:33:34", "elapsed": 532.282962, "delta": 0.586217}}
{"target": -59.984761244502906, "params": {"C": 10.46682155783896, "epsilon": 3.188721761979748, "gamma": 0.1388048035554977, "lamda": 0.5371697459064758}, "datetime": {"datetime": "2021-06-28 11:33:44", "elapsed": 541.489717, "delta": 9.206755}}
{"target": -78.16258555942616, "params": {"C": 3.225616621652893, "epsilon": 8.036030071869583, "gamma": 0.09279838484413189, "lamda": 0.19624320557893743}, "datetime": {"datetime": "2021-06-28 11:33:53", "elapsed": 550.697635, "delta": 9.207918}}
{"target": -67.26308828840301, "params": {"C": 7.6453198061401, "epsilon": 6.931622130490116, "gamma": 0.13392267258764456, "lamda": 0.25490547118505885}, "datetime": {"datetime": "2021-06-28 11:33:59", "elapsed": 556.71392, "delta": 6.016285}}
{"target": -74.31770847491023, "params": {"C": 3.0669329780468284, "epsilon": 1.0671789927744049, "gamma": 0.11972610391474478, "lamda": 0.5418520102371349}, "datetime": {"datetime": "2021-06-28 11:34:08", "elapsed": 565.720561, "delta": 9.006641}}
{"target": -11.866651587926826, "params": {"C": 4.032306733916914, "epsilon": 3.9900624319958315, "gamma": 0.11795241402348733, "lamda": 0.08058524821444163}, "datetime": {"datetime": "2021-06-28 11:34:09", "elapsed": 566.391494, "delta": 0.670933}}
{"target": -91.16221520428785, "params": {"C": 4.689893597420984, "epsilon": 3.8546148268432554, "gamma": 0.04872567914655308, "lamda": 0.3692013629493708}, "datetime": {"datetime": "2021-06-28 11:34:18", "elapsed": 575.490384, "delta": 9.09889}}
{"target": -93.46140924591596, "params": {"C": 9.390152235074217, "epsilon": 6.617396493377408, "gamma": 0.06680640259939835, "lamda": 0.41491499219312244}, "datetime": {"datetime": "2021-06-28 11:34:27", "elapsed": 584.356197, "delta": 8.865813}}
{"target": -12.121089624755399, "params": {"C": 9.197020243917793, "epsilon": 1.2682020635560896, "gamma": 0.012049807472866415, "lamda": 0.35793303013884104}, "datetime": {"datetime": "2021-06-28 11:34:27", "elapsed": 585.115666, "delta": 0.759469}}
{"target": -82.66870752883887, "params": {"C": 11.507153021891694, "epsilon": 6.370390231079727, "gamma": 0.0970635117176416, "lamda": 0.4910626878883398}, "datetime": {"datetime": "2021-06-28 11:34:37", "elapsed": 594.747498, "delta": 9.631832}}
{"target": -87.47579878117418, "params": {"C": 5.1534205929424735, "epsilon": 8.998047473412523, "gamma": 0.08463301208491181, "lamda": 0.45222381242667425}, "datetime": {"datetime": "2021-06-28 11:34:46", "elapsed": 604.191572, "delta": 9.444074}}
{"target": -12.693494915965516, "params": {"C": 3.622358284274681, "epsilon": 9.536567927449637, "gamma": 0.1943508419436883, "lamda": 0.3279843207154493}, "datetime": {"datetime": "2021-06-28 11:34:47", "elapsed": 604.85605, "delta": 0.664478}}
{"target": -11.391756234261974, "params": {"C": 6.96466476076202, "epsilon": 6.30710048263412, "gamma": 0.10462037466858293, "lamda": 0.11778277408098074}, "datetime": {"datetime": "2021-06-28 11:34:48", "elapsed": 605.542025, "delta": 0.685975}}
{"target": -13.043652533514717, "params": {"C": 2.2116061600494525, "epsilon": 4.922914608902546, "gamma": 0.18241805865632327, "lamda": 0.18050660969840868}, "datetime": {"datetime": "2021-06-28 11:34:48", "elapsed": 606.212866, "delta": 0.670841}}
{"target": -70.20487767533847, "params": {"C": 8.931865249072032, "epsilon": 9.178328992954665, "gamma": 0.13193222664540827, "lamda": 0.14382884668794818}, "datetime": {"datetime": "2021-06-28 11:34:55", "elapsed": 612.342953, "delta": 6.130087}}
{"target": -75.97080767558525, "params": {"C": 8.755117649919296, "epsilon": 4.9423484816509236, "gamma": 0.10362000984517218, "lamda": 0.12673643380438726}, "datetime": {"datetime": "2021-06-28 11:35:04", "elapsed": 621.316861, "delta": 8.973908}}
{"target": -58.75267717988751, "params": {"C": 5.64647640831925, "epsilon": 7.229149893808591, "gamma": 0.16956161297903694, "lamda": 0.255465111994842}, "datetime": {"datetime": "2021-06-28 11:35:13", "elapsed": 630.51773, "delta": 9.200869}}
{"target": -96.19004347415394, "params": {"C": 11.181455002874479, "epsilon": 7.232920055781659, "gamma": 0.041365008989760095, "lamda": 0.40098785346911153}, "datetime": {"datetime": "2021-06-28 11:35:22", "elapsed": 639.458642, "delta": 8.940912}}
{"target": -89.6229011111424, "params": {"C": 6.432361804456716, "epsilon": 5.146890350439772, "gamma": 0.04624352099611074, "lamda": 0.40406677298009486}, "datetime": {"datetime": "2021-06-28 11:35:30", "elapsed": 647.90938, "delta": 8.450738}}
{"target": -12.571589924086037, "params": {"C": 3.141917450875044, "epsilon": 8.762001557759934, "gamma": 0.011000857670803693, "lamda": 0.08081504243253375}, "datetime": {"datetime": "2021-06-28 11:35:31", "elapsed": 648.495245, "delta": 0.585865}}
{"target": -64.06453220098874, "params": {"C": 6.475393790572401, "epsilon": 2.6093449046584816, "gamma": 0.12828335606162697, "lamda": 0.4971770302850791}, "datetime": {"datetime": "2021-06-28 11:35:40", "elapsed": 657.552419, "delta": 9.057174}}
{"target": -11.835077746425918, "params": {"C": 3.626742798982452, "epsilon": 3.130797359250656, "gamma": 0.10111927931877843, "lamda": 0.08593112334631879}, "datetime": {"datetime": "2021-06-28 11:35:40", "elapsed": 658.152114, "delta": 0.599695}}
{"target": -92.29115833427628, "params": {"C": 4.904989081784689, "epsilon": 1.1500249759712398, "gamma": 0.07786057177599894, "lamda": 0.5522074553445543}, "datetime": {"datetime": "2021-06-28 11:35:54", "elapsed": 672.117191, "delta": 13.965077}}
{"target": -12.582535723946132, "params": {"C": 3.7058714619887967, "epsilon": 2.1067335519527837, "gamma": 0.1617158290886006, "lamda": 0.5154318047448255}, "datetime": {"datetime": "2021-06-28 11:35:55", "elapsed": 672.772486, "delta": 0.655295}}
{"target": -90.16593441650129, "params": {"C": 2.7345447855447063, "epsilon": 4.654496559096366, "gamma": 0.09431068927440181, "lamda": 0.04293465858790761}, "datetime": {"datetime": "2021-06-28 11:36:09", "elapsed": 687.124318, "delta": 14.351832}}
{"target": -92.7035033980058, "params": {"C": 8.077996739205318, "epsilon": 8.010620686680278, "gamma": 0.06490932279969755, "lamda": 0.26609521878942854}, "datetime": {"datetime": "2021-06-28 11:36:18", "elapsed": 695.662831, "delta": 8.538513}}
{"target": -12.105578619540744, "params": {"C": 5.6134092205816835, "epsilon": 3.2613684500307145, "gamma": 0.13593297928869108, "lamda": 0.34266725190636627}, "datetime": {"datetime": "2021-06-28 11:36:19", "elapsed": 696.365102, "delta": 0.702271}}
{"target": -92.77255789412717, "params": {"C": 5.586111616537215, "epsilon": 8.800455211528451, "gamma": 0.06327864064032418, "lamda": 0.39263440495591406}, "datetime": {"datetime": "2021-06-28 11:36:27", "elapsed": 704.802066, "delta": 8.436964}}
{"target": -70.65478224150729, "params": {"C": 8.118660007501692, "epsilon": 8.721361605366127, "gamma": 0.11481623355747024, "lamda": 0.4763147903344144}, "datetime": {"datetime": "2021-06-28 11:36:36", "elapsed": 713.96323, "delta": 9.161164}}
{"target": -11.8550255665527, "params": {"C": 3.004492672082141, "epsilon": 4.6993395407263145, "gamma": 0.10180239212075788, "lamda": 0.1611727366490733}, "datetime": {"datetime": "2021-06-28 11:36:37", "elapsed": 714.649908, "delta": 0.686678}}
{"target": -74.64566108400015, "params": {"C": 2.958326462885745, "epsilon": 6.020339479528169, "gamma": 0.09260887880031736, "lamda": 0.3479705701568401}, "datetime": {"datetime": "2021-06-28 11:36:46", "elapsed": 723.690632, "delta": 9.040724}}
{"target": -95.55616044111763, "params": {"C": 2.0500362818848363, "epsilon": 1.0498598852465926, "gamma": 0.06963805865673192, "lamda": 0.5534123790176498}, "datetime": {"datetime": "2021-06-28 11:37:00", "elapsed": 738.130118, "delta": 14.439486}}
{"target": -72.70138328323648, "params": {"C": 10.725049683126507, "epsilon": 9.237739911557755, "gamma": 0.11055249956257006, "lamda": 0.5453157788340418}, "datetime": {"datetime": "2021-06-28 11:37:09", "elapsed": 747.113284, "delta": 8.983166}}
{"target": -75.38563564815914, "params": {"C": 7.302210751860386, "epsilon": 8.870087406124233, "gamma": 0.09581777295902817, "lamda": 0.28340859124201623}, "datetime": {"datetime": "2021-06-28 11:37:19", "elapsed": 756.572427, "delta": 9.459143}}
{"target": -11.407534532716248, "params": {"C": 2.434226269867485, "epsilon": 6.982892375001571, "gamma": 0.06931511929934688, "lamda": 0.02020851531301211}, "datetime": {"datetime": "2021-06-28 11:37:19", "elapsed": 757.270592, "delta": 0.698165}}
{"target": -65.82178349819952, "params": {"C": 9.487417198235981, "epsilon": 5.1914114743213915, "gamma": 0.11992229705922032, "lamda": 0.22583100824575328}, "datetime": {"datetime": "2021-06-28 11:37:29", "elapsed": 766.308466, "delta": 9.037874}}
{"target": -13.253070481365226, "params": {"C": 2.763007718600364, "epsilon": 0.908728957509215, "gamma": 0.1872176005448633, "lamda": 0.22241925493786793}, "datetime": {"datetime": "2021-06-28 11:37:29", "elapsed": 767.062434, "delta": 0.753968}}
{"target": -13.682910498293907, "params": {"C": 1.7987798678832472, "epsilon": 2.3359606071844667, "gamma": 0.188253825522961, "lamda": 0.3603644635369939}, "datetime": {"datetime": "2021-06-28 11:37:30", "elapsed": 767.833302, "delta": 0.770868}}
{"target": -66.19466518777536, "params": {"C": 7.410329360605776, "epsilon": 8.127410955814176, "gamma": 0.13133065887607306, "lamda": 0.5034627058469792}, "datetime": {"datetime": "2021-06-28 11:37:39", "elapsed": 776.909912, "delta": 9.07661}}
{"target": -66.63647233745424, "params": {"C": 7.283227053714345, "epsilon": 7.935150718346382, "gamma": 0.1395911125957791, "lamda": 0.37844292161890725}, "datetime": {"datetime": "2021-06-28 11:37:45", "elapsed": 783.091042, "delta": 6.18113}}
{"target": -57.79216234707461, "params": {"C": 3.7574239119398363, "epsilon": 7.547509036525381, "gamma": 0.16701872511911553, "lamda": 0.376689036983957}, "datetime": {"datetime": "2021-06-28 11:37:55", "elapsed": 792.341393, "delta": 9.250351}}
{"target": -87.31837175480133, "params": {"C": 1.5673395515763813, "epsilon": 2.9455745558198108, "gamma": 0.0816325214072, "lamda": 0.338290702485457}, "datetime": {"datetime": "2021-06-28 11:38:09", "elapsed": 807.032867, "delta": 14.691474}}
{"target": -92.59293166482354, "params": {"C": 4.690135560505639, "epsilon": 7.143700079692509, "gamma": 0.054883607646721164, "lamda": 0.5186696927946022}, "datetime": {"datetime": "2021-06-28 11:38:15", "elapsed": 813.150034, "delta": 6.117167}}
{"target": -62.60894670215353, "params": {"C": 7.299737490388386, "epsilon": 6.137137210939477, "gamma": 0.14123779755216198, "lamda": 0.4346319692534302}, "datetime": {"datetime": "2021-06-28 11:38:28", "elapsed": 825.954573, "delta": 12.804539}}
{"target": -13.157854464999266, "params": {"C": 11.684105177911464, "epsilon": 4.733723505306132, "gamma": 0.19416498867147436, "lamda": 0.46400221023703986}, "datetime": {"datetime": "2021-06-28 11:38:29", "elapsed": 826.718797, "delta": 0.764224}}
{"target": -56.37419500156635, "params": {"C": 9.024632290866245, "epsilon": 6.314328396418974, "gamma": 0.16937277802563144, "lamda": 0.45735882645005455}, "datetime": {"datetime": "2021-06-28 11:38:38", "elapsed": 836.035843, "delta": 9.317046}}
{"target": -12.772718470031268, "params": {"C": 9.035034974448509, "epsilon": 2.553950981814156, "gamma": 0.15116652224685123, "lamda": 0.03563044355625057}, "datetime": {"datetime": "2021-06-28 11:38:39", "elapsed": 836.7808, "delta": 0.744957}}
{"target": -80.80255255583951, "params": {"C": 10.962658117800638, "epsilon": 2.952089536127077, "gamma": 0.020483024453622774, "lamda": 0.5613855161013162}, "datetime": {"datetime": "2021-06-28 11:38:48", "elapsed": 845.404083, "delta": 8.623283}}
{"target": -97.0250385560959, "params": {"C": 9.593895651080341, "epsilon": 3.367870892056447, "gamma": 0.04867182090596767, "lamda": 0.5671317927801253}, "datetime": {"datetime": "2021-06-28 11:38:59", "elapsed": 856.353976, "delta": 10.949893}}
{"target": -65.27216579426243, "params": {"C": 9.23545085606967, "epsilon": 6.314774930763079, "gamma": 0.14341019329441437, "lamda": 0.5558653242297212}, "datetime": {"datetime": "2021-06-28 11:39:13", "elapsed": 870.461611, "delta": 14.107635}}
{"target": -11.934015366328078, "params": {"C": 5.226543807324048, "epsilon": 0.46298977157765, "gamma": 0.022207029104604672, "lamda": 0.13720876702704526}, "datetime": {"datetime": "2021-06-28 11:39:13", "elapsed": 871.237758, "delta": 0.776147}}
{"target": -86.22143945383215, "params": {"C": 9.853640049343438, "epsilon": 3.1982813005537634, "gamma": 0.081442581450629, "lamda": 0.1635124631524192}, "datetime": {"datetime": "2021-06-28 11:39:29", "elapsed": 886.942518, "delta": 15.70476}}
{"target": -60.09178905438678, "params": {"C": 2.8869368953927257, "epsilon": 7.5796271428975475, "gamma": 0.15892753343371915, "lamda": 0.3192431655996413}, "datetime": {"datetime": "2021-06-28 11:39:39", "elapsed": 896.400364, "delta": 9.457846}}
{"target": -11.693285044640387, "params": {"C": 5.794614179696754, "epsilon": 4.209454224769286, "gamma": 0.11536356644717916, "lamda": 0.12326555241270898}, "datetime": {"datetime": "2021-06-28 11:39:39", "elapsed": 897.14889, "delta": 0.748526}}
{"target": -11.535174032550348, "params": {"C": 8.146162473217341, "epsilon": 1.0440326338464867, "gamma": 0.023212378302037668, "lamda": 0.5710897670513467}, "datetime": {"datetime": "2021-06-28 11:39:40", "elapsed": 897.950954, "delta": 0.802064}}
{"target": -11.696731924055593, "params": {"C": 6.774229487159657, "epsilon": 0.9503431643050747, "gamma": 0.024035813216302677, "lamda": 0.32363296814177234}, "datetime": {"datetime": "2021-06-28 11:39:41", "elapsed": 898.729878, "delta": 0.778924}}
{"target": -12.034256697357034, "params": {"C": 5.779017757559725, "epsilon": 5.0067356219752845, "gamma": 0.13687081787889935, "lamda": 0.027298073277208887}, "datetime": {"datetime": "2021-06-28 11:39:42", "elapsed": 899.547936, "delta": 0.818058}}
{"target": -90.86870696686763, "params": {"C": 6.088489858211241, "epsilon": 7.293932866218287, "gamma": 0.06674872580334396, "lamda": 0.2235652663070757}, "datetime": {"datetime": "2021-06-28 11:39:51", "elapsed": 909.195037, "delta": 9.647101}}
{"target": -12.241990355495588, "params": {"C": 5.256732529887065, "epsilon": 6.050086408430743, "gamma": 0.15480813625842374, "lamda": 0.23075752988685946}, "datetime": {"datetime": "2021-06-28 11:39:52", "elapsed": 910.013441, "delta": 0.818404}}
